<?xml version="1.0" encoding="UTF-8"?>
<testsuite xmlns:xsi="http://www.w3.org/2001/XMLSchema-instance" xsi:noNamespaceSchemaLocation="https://maven.apache.org/surefire/maven-surefire-plugin/xsd/surefire-test-report.xsd" name="org.apache.hadoop.ozone.client.rpc.TestBlockOutputStreamWithFailures" time="679.439" tests="8" errors="0" skipped="0" failures="1">
  <properties>
    <property name="awt.toolkit" value="sun.awt.X11.XToolkit"/>
    <property name="file.encoding.pkg" value="sun.io"/>
    <property name="java.specification.version" value="1.8"/>
    <property name="sun.cpu.isalist" value=""/>
    <property name="sun.jnu.encoding" value="UTF-8"/>
    <property name="java.class.path" value="/workdir/hadoop-ozone/integration-test/target/test-classes:/workdir/hadoop-ozone/integration-test/target/classes:/home/user/.m2/repository/org/apache/hadoop/hadoop-ozone-common/0.5.0-SNAPSHOT/hadoop-ozone-common-0.5.0-SNAPSHOT.jar:/home/user/.m2/repository/org/apache/commons/commons-compress/1.4.1/commons-compress-1.4.1.jar:/home/user/.m2/repository/org/tukaani/xz/1.0/xz-1.0.jar:/home/user/.m2/repository/org/apache/hadoop/hadoop-common/3.2.0/hadoop-common-3.2.0.jar:/home/user/.m2/repository/org/apache/hadoop/hadoop-hdfs/3.2.0/hadoop-hdfs-3.2.0.jar:/home/user/.m2/repository/org/apache/hadoop/hadoop-hdfs-client/3.2.0/hadoop-hdfs-client-3.2.0.jar:/home/user/.m2/repository/com/fasterxml/jackson/core/jackson-annotations/2.9.9/jackson-annotations-2.9.9.jar:/home/user/.m2/repository/org/apache/hadoop/hadoop-hdds-common/0.5.0-SNAPSHOT/hadoop-hdds-common-0.5.0-SNAPSHOT.jar:/home/user/.m2/repository/javax/annotation/javax.annotation-api/1.2/javax.annotation-api-1.2.jar:/home/user/.m2/repository/org/apache/ratis/ratis-server/0.5.0-201fc85-SNAPSHOT/ratis-server-0.5.0-201fc85-SNAPSHOT.jar:/home/user/.m2/repository/org/apache/ratis/ratis-thirdparty-misc/0.2.0/ratis-thirdparty-misc-0.2.0.jar:/home/user/.m2/repository/org/apache/ratis/ratis-proto/0.5.0-201fc85-SNAPSHOT/ratis-proto-0.5.0-201fc85-SNAPSHOT.jar:/home/user/.m2/repository/org/apache/ratis/ratis-common/0.5.0-201fc85-SNAPSHOT/ratis-common-0.5.0-201fc85-SNAPSHOT.jar:/home/user/.m2/repository/org/apache/ratis/ratis-client/0.5.0-201fc85-SNAPSHOT/ratis-client-0.5.0-201fc85-SNAPSHOT.jar:/home/user/.m2/repository/org/apache/ratis/ratis-metrics/0.5.0-201fc85-SNAPSHOT/ratis-metrics-0.5.0-201fc85-SNAPSHOT.jar:/home/user/.m2/repository/com/github/joshelser/dropwizard-metrics-hadoop-metrics2-reporter/0.1.2/dropwizard-metrics-hadoop-metrics2-reporter-0.1.2.jar:/home/user/.m2/repository/io/dropwizard/metrics/metrics-jvm/3.2.5/metrics-jvm-3.2.5.jar:/home/user/.m2/repository/io/dropwizard/metrics/metrics-ganglia/3.2.5/metrics-ganglia-3.2.5.jar:/home/user/.m2/repository/info/ganglia/gmetric4j/gmetric4j/1.0.7/gmetric4j-1.0.7.jar:/home/user/.m2/repository/org/apache/ratis/ratis-netty/0.5.0-201fc85-SNAPSHOT/ratis-netty-0.5.0-201fc85-SNAPSHOT.jar:/home/user/.m2/repository/org/apache/ratis/ratis-grpc/0.5.0-201fc85-SNAPSHOT/ratis-grpc-0.5.0-201fc85-SNAPSHOT.jar:/home/user/.m2/repository/org/rocksdb/rocksdbjni/6.0.1/rocksdbjni-6.0.1.jar:/home/user/.m2/repository/org/apache/logging/log4j/log4j-api/2.11.0/log4j-api-2.11.0.jar:/home/user/.m2/repository/org/apache/logging/log4j/log4j-core/2.11.0/log4j-core-2.11.0.jar:/home/user/.m2/repository/com/lmax/disruptor/3.4.2/disruptor-3.4.2.jar:/home/user/.m2/repository/org/apache/commons/commons-pool2/2.6.0/commons-pool2-2.6.0.jar:/home/user/.m2/repository/org/bouncycastle/bcpkix-jdk15on/1.60/bcpkix-jdk15on-1.60.jar:/home/user/.m2/repository/commons-validator/commons-validator/1.6/commons-validator-1.6.jar:/home/user/.m2/repository/commons-digester/commons-digester/1.8.1/commons-digester-1.8.1.jar:/home/user/.m2/repository/io/jaegertracing/jaeger-client/0.34.0/jaeger-client-0.34.0.jar:/home/user/.m2/repository/io/jaegertracing/jaeger-thrift/0.34.0/jaeger-thrift-0.34.0.jar:/home/user/.m2/repository/org/apache/thrift/libthrift/0.12.0/libthrift-0.12.0.jar:/home/user/.m2/repository/com/squareup/okhttp3/okhttp/3.9.0/okhttp-3.9.0.jar:/home/user/.m2/repository/com/squareup/okio/okio/1.13.0/okio-1.13.0.jar:/home/user/.m2/repository/io/jaegertracing/jaeger-core/0.34.0/jaeger-core-0.34.0.jar:/home/user/.m2/repository/io/jaegertracing/jaeger-tracerresolver/0.34.0/jaeger-tracerresolver-0.34.0.jar:/home/user/.m2/repository/io/opentracing/contrib/opentracing-tracerresolver/0.1.5/opentracing-tracerresolver-0.1.5.jar:/home/user/.m2/repository/io/opentracing/opentracing-util/0.31.0/opentracing-util-0.31.0.jar:/home/user/.m2/repository/io/opentracing/opentracing-api/0.31.0/opentracing-api-0.31.0.jar:/home/user/.m2/repository/io/opentracing/opentracing-noop/0.31.0/opentracing-noop-0.31.0.jar:/home/user/.m2/repository/org/apache/hadoop/hadoop-hdds-server-framework/0.5.0-SNAPSHOT/hadoop-hdds-server-framework-0.5.0-SNAPSHOT.jar:/home/user/.m2/repository/org/apache/hadoop/hadoop-hdds-container-service/0.5.0-SNAPSHOT/hadoop-hdds-container-service-0.5.0-SNAPSHOT.jar:/home/user/.m2/repository/org/apache/hadoop/hadoop-hdds-client/0.5.0-SNAPSHOT/hadoop-hdds-client-0.5.0-SNAPSHOT.jar:/home/user/.m2/repository/org/apache/hadoop/hadoop-hdds-tools/0.5.0-SNAPSHOT/hadoop-hdds-tools-0.5.0-SNAPSHOT.jar:/home/user/.m2/repository/org/apache/hadoop/hadoop-hdds-server-scm/0.5.0-SNAPSHOT/hadoop-hdds-server-scm-0.5.0-SNAPSHOT.jar:/home/user/.m2/repository/org/apache/hadoop/hadoop-hdds-docs/0.5.0-SNAPSHOT/hadoop-hdds-docs-0.5.0-SNAPSHOT.jar:/home/user/.m2/repository/io/dropwizard/metrics/metrics-core/3.2.4/metrics-core-3.2.4.jar:/home/user/.m2/repository/org/hamcrest/hamcrest-all/1.3/hamcrest-all-1.3.jar:/home/user/.m2/repository/org/bouncycastle/bcprov-jdk15on/1.60/bcprov-jdk15on-1.60.jar:/home/user/.m2/repository/info/picocli/picocli/3.9.6/picocli-3.9.6.jar:/home/user/.m2/repository/com/google/protobuf/protobuf-java/2.5.0/protobuf-java-2.5.0.jar:/home/user/.m2/repository/com/google/guava/guava/11.0.2/guava-11.0.2.jar:/home/user/.m2/repository/org/apache/hadoop/hadoop-ozone-ozone-manager/0.5.0-SNAPSHOT/hadoop-ozone-ozone-manager-0.5.0-SNAPSHOT.jar:/home/user/.m2/repository/org/apache/hadoop/hadoop-minikdc/3.2.0/hadoop-minikdc-3.2.0.jar:/home/user/.m2/repository/commons-io/commons-io/2.5/commons-io-2.5.jar:/home/user/.m2/repository/org/apache/kerby/kerb-simplekdc/1.0.1/kerb-simplekdc-1.0.1.jar:/home/user/.m2/repository/org/apache/kerby/kerb-client/1.0.1/kerb-client-1.0.1.jar:/home/user/.m2/repository/org/apache/kerby/kerby-config/1.0.1/kerby-config-1.0.1.jar:/home/user/.m2/repository/org/apache/kerby/kerb-core/1.0.1/kerb-core-1.0.1.jar:/home/user/.m2/repository/org/apache/kerby/kerby-pkix/1.0.1/kerby-pkix-1.0.1.jar:/home/user/.m2/repository/org/apache/kerby/kerby-asn1/1.0.1/kerby-asn1-1.0.1.jar:/home/user/.m2/repository/org/apache/kerby/kerby-util/1.0.1/kerby-util-1.0.1.jar:/home/user/.m2/repository/org/apache/kerby/kerb-common/1.0.1/kerb-common-1.0.1.jar:/home/user/.m2/repository/org/apache/kerby/kerb-crypto/1.0.1/kerb-crypto-1.0.1.jar:/home/user/.m2/repository/org/apache/kerby/kerb-util/1.0.1/kerb-util-1.0.1.jar:/home/user/.m2/repository/org/apache/kerby/token-provider/1.0.1/token-provider-1.0.1.jar:/home/user/.m2/repository/org/apache/kerby/kerb-admin/1.0.1/kerb-admin-1.0.1.jar:/home/user/.m2/repository/org/apache/kerby/kerb-server/1.0.1/kerb-server-1.0.1.jar:/home/user/.m2/repository/org/apache/kerby/kerb-identity/1.0.1/kerb-identity-1.0.1.jar:/home/user/.m2/repository/org/apache/kerby/kerby-xdr/1.0.1/kerby-xdr-1.0.1.jar:/home/user/.m2/repository/org/slf4j/slf4j-log4j12/1.7.25/slf4j-log4j12-1.7.25.jar:/home/user/.m2/repository/org/apache/hadoop/hadoop-ozone-s3gateway/0.5.0-SNAPSHOT/hadoop-ozone-s3gateway-0.5.0-SNAPSHOT.jar:/home/user/.m2/repository/org/jboss/weld/servlet/weld-servlet/2.4.7.Final/weld-servlet-2.4.7.Final.jar:/home/user/.m2/repository/org/glassfish/jersey/containers/jersey-container-servlet-core/2.27/jersey-container-servlet-core-2.27.jar:/home/user/.m2/repository/org/glassfish/hk2/external/javax.inject/2.5.0-b42/javax.inject-2.5.0-b42.jar:/home/user/.m2/repository/org/glassfish/jersey/core/jersey-common/2.27/jersey-common-2.27.jar:/home/user/.m2/repository/org/glassfish/hk2/osgi-resource-locator/1.0.1/osgi-resource-locator-1.0.1.jar:/home/user/.m2/repository/javax/ws/rs/javax.ws.rs-api/2.1/javax.ws.rs-api-2.1.jar:/home/user/.m2/repository/org/glassfish/jersey/ext/cdi/jersey-cdi1x/2.27/jersey-cdi1x-2.27.jar:/home/user/.m2/repository/org/glassfish/jersey/inject/jersey-hk2/2.27/jersey-hk2-2.27.jar:/home/user/.m2/repository/org/glassfish/hk2/hk2-locator/2.5.0-b42/hk2-locator-2.5.0-b42.jar:/home/user/.m2/repository/org/javassist/javassist/3.22.0-CR2/javassist-3.22.0-CR2.jar:/home/user/.m2/repository/org/glassfish/hk2/hk2-api/2.5.0/hk2-api-2.5.0.jar:/home/user/.m2/repository/org/glassfish/hk2/external/jakarta.inject/2.5.0/jakarta.inject-2.5.0.jar:/home/user/.m2/repository/org/glassfish/hk2/hk2-utils/2.5.0/hk2-utils-2.5.0.jar:/home/user/.m2/repository/jakarta/annotation/jakarta.annotation-api/1.3.4/jakarta.annotation-api-1.3.4.jar:/home/user/.m2/repository/org/glassfish/hk2/external/aopalliance-repackaged/2.5.0/aopalliance-repackaged-2.5.0.jar:/home/user/.m2/repository/com/fasterxml/jackson/dataformat/jackson-dataformat-xml/2.9.0/jackson-dataformat-xml-2.9.0.jar:/home/user/.m2/repository/com/fasterxml/jackson/core/jackson-core/2.9.9/jackson-core-2.9.9.jar:/home/user/.m2/repository/com/fasterxml/jackson/module/jackson-module-jaxb-annotations/2.9.9/jackson-module-jaxb-annotations-2.9.9.jar:/home/user/.m2/repository/javax/enterprise/cdi-api/1.2/cdi-api-1.2.jar:/home/user/.m2/repository/javax/el/javax.el-api/3.0.0/javax.el-api-3.0.0.jar:/home/user/.m2/repository/javax/interceptor/javax.interceptor-api/1.2/javax.interceptor-api-1.2.jar:/home/user/.m2/repository/javax/inject/javax.inject/1/javax.inject-1.jar:/home/user/.m2/repository/com/sun/xml/bind/jaxb-impl/2.3.0.1/jaxb-impl-2.3.0.1.jar:/home/user/.m2/repository/com/sun/xml/bind/jaxb-core/2.3.0.1/jaxb-core-2.3.0.1.jar:/home/user/.m2/repository/javax/xml/bind/jaxb-api/2.3.0/jaxb-api-2.3.0.jar:/home/user/.m2/repository/javax/activation/activation/1.1.1/activation-1.1.1.jar:/home/user/.m2/repository/org/apache/hadoop/hadoop-ozone-csi/0.5.0-SNAPSHOT/hadoop-ozone-csi-0.5.0-SNAPSHOT.jar:/home/user/.m2/repository/com/google/protobuf/protobuf-java-util/3.5.1/protobuf-java-util-3.5.1.jar:/home/user/.m2/repository/org/apache/hadoop/hadoop-hdds-config/0.5.0-SNAPSHOT/hadoop-hdds-config-0.5.0-SNAPSHOT.jar:/home/user/.m2/repository/io/grpc/grpc-netty/1.17.1/grpc-netty-1.17.1.jar:/home/user/.m2/repository/io/grpc/grpc-core/1.17.1/grpc-core-1.17.1.jar:/home/user/.m2/repository/io/grpc/grpc-context/1.17.1/grpc-context-1.17.1.jar:/home/user/.m2/repository/com/google/errorprone/error_prone_annotations/2.2.0/error_prone_annotations-2.2.0.jar:/home/user/.m2/repository/org/codehaus/mojo/animal-sniffer-annotations/1.17/animal-sniffer-annotations-1.17.jar:/home/user/.m2/repository/io/opencensus/opencensus-api/0.17.0/opencensus-api-0.17.0.jar:/home/user/.m2/repository/io/opencensus/opencensus-contrib-grpc-metrics/0.17.0/opencensus-contrib-grpc-metrics-0.17.0.jar:/home/user/.m2/repository/io/netty/netty-codec-http2/4.1.30.Final/netty-codec-http2-4.1.30.Final.jar:/home/user/.m2/repository/io/netty/netty-codec-http/4.1.30.Final/netty-codec-http-4.1.30.Final.jar:/home/user/.m2/repository/io/netty/netty-codec/4.1.30.Final/netty-codec-4.1.30.Final.jar:/home/user/.m2/repository/io/netty/netty-handler/4.1.30.Final/netty-handler-4.1.30.Final.jar:/home/user/.m2/repository/io/netty/netty-handler-proxy/4.1.30.Final/netty-handler-proxy-4.1.30.Final.jar:/home/user/.m2/repository/io/netty/netty-codec-socks/4.1.30.Final/netty-codec-socks-4.1.30.Final.jar:/home/user/.m2/repository/io/netty/netty-transport-native-epoll/4.1.30.Final/netty-transport-native-epoll-4.1.30.Final.jar:/home/user/.m2/repository/io/netty/netty-common/4.1.30.Final/netty-common-4.1.30.Final.jar:/home/user/.m2/repository/io/netty/netty-buffer/4.1.30.Final/netty-buffer-4.1.30.Final.jar:/home/user/.m2/repository/io/netty/netty-transport/4.1.30.Final/netty-transport-4.1.30.Final.jar:/home/user/.m2/repository/io/netty/netty-resolver/4.1.30.Final/netty-resolver-4.1.30.Final.jar:/home/user/.m2/repository/io/netty/netty-transport-native-unix-common/4.1.30.Final/netty-transport-native-unix-common-4.1.30.Final.jar:/home/user/.m2/repository/io/grpc/grpc-protobuf/1.17.1/grpc-protobuf-1.17.1.jar:/home/user/.m2/repository/com/google/api/grpc/proto-google-common-protos/1.0.0/proto-google-common-protos-1.0.0.jar:/home/user/.m2/repository/io/grpc/grpc-protobuf-lite/1.17.1/grpc-protobuf-lite-1.17.1.jar:/home/user/.m2/repository/io/grpc/grpc-stub/1.17.1/grpc-stub-1.17.1.jar:/home/user/.m2/repository/org/apache/hadoop/hadoop-ozone-recon/0.5.0-SNAPSHOT/hadoop-ozone-recon-0.5.0-SNAPSHOT.jar:/home/user/.m2/repository/org/apache/hadoop/hadoop-ozone-reconcodegen/0.5.0-SNAPSHOT/hadoop-ozone-reconcodegen-0.5.0-SNAPSHOT.jar:/home/user/.m2/repository/com/google/inject/extensions/guice-multibindings/4.0/guice-multibindings-4.0.jar:/home/user/.m2/repository/com/google/inject/guice/4.0/guice-4.0.jar:/home/user/.m2/repository/aopalliance/aopalliance/1.0/aopalliance-1.0.jar:/home/user/.m2/repository/com/google/inject/extensions/guice-servlet/4.0/guice-servlet-4.0.jar:/home/user/.m2/repository/org/glassfish/jersey/containers/jersey-container-servlet/2.27/jersey-container-servlet-2.27.jar:/home/user/.m2/repository/org/glassfish/hk2/guice-bridge/2.5.0/guice-bridge-2.5.0.jar:/home/user/.m2/repository/org/glassfish/jersey/core/jersey-server/2.27/jersey-server-2.27.jar:/home/user/.m2/repository/org/glassfish/jersey/core/jersey-client/2.27/jersey-client-2.27.jar:/home/user/.m2/repository/org/glassfish/jersey/media/jersey-media-jaxb/2.27/jersey-media-jaxb-2.27.jar:/home/user/.m2/repository/javax/validation/validation-api/1.1.0.Final/validation-api-1.1.0.Final.jar:/home/user/.m2/repository/org/glassfish/jersey/media/jersey-media-json-jackson/2.27/jersey-media-json-jackson-2.27.jar:/home/user/.m2/repository/org/glassfish/jersey/ext/jersey-entity-filtering/2.27/jersey-entity-filtering-2.27.jar:/home/user/.m2/repository/com/google/inject/extensions/guice-assistedinject/4.0/guice-assistedinject-4.0.jar:/home/user/.m2/repository/org/jooq/jooq/3.11.10/jooq-3.11.10.jar:/home/user/.m2/repository/org/jooq/jooq-meta/3.11.10/jooq-meta-3.11.10.jar:/home/user/.m2/repository/org/jooq/jooq-codegen/3.11.10/jooq-codegen-3.11.10.jar:/home/user/.m2/repository/com/jolbox/bonecp/0.8.0.RELEASE/bonecp-0.8.0.RELEASE.jar:/home/user/.m2/repository/org/xerial/sqlite-jdbc/3.25.2/sqlite-jdbc-3.25.2.jar:/home/user/.m2/repository/org/springframework/spring-jdbc/5.1.3.RELEASE/spring-jdbc-5.1.3.RELEASE.jar:/home/user/.m2/repository/org/springframework/spring-beans/5.1.3.RELEASE/spring-beans-5.1.3.RELEASE.jar:/home/user/.m2/repository/org/springframework/spring-core/5.1.3.RELEASE/spring-core-5.1.3.RELEASE.jar:/home/user/.m2/repository/org/springframework/spring-jcl/5.1.3.RELEASE/spring-jcl-5.1.3.RELEASE.jar:/home/user/.m2/repository/org/springframework/spring-tx/5.1.3.RELEASE/spring-tx-5.1.3.RELEASE.jar:/home/user/.m2/repository/org/apache/hadoop/hadoop-ozone-client/0.5.0-SNAPSHOT/hadoop-ozone-client-0.5.0-SNAPSHOT.jar:/home/user/.m2/repository/commons-lang/commons-lang/2.6/commons-lang-2.6.jar:/home/user/.m2/repository/org/apache/hadoop/hadoop-ozone-ozone-manager/0.5.0-SNAPSHOT/hadoop-ozone-ozone-manager-0.5.0-SNAPSHOT-tests.jar:/home/user/.m2/repository/junit/junit/4.11/junit-4.11.jar:/home/user/.m2/repository/org/hamcrest/hamcrest-core/1.3/hamcrest-core-1.3.jar:/home/user/.m2/repository/org/openjdk/jmh/jmh-core/1.19/jmh-core-1.19.jar:/home/user/.m2/repository/net/sf/jopt-simple/jopt-simple/4.6/jopt-simple-4.6.jar:/home/user/.m2/repository/org/apache/commons/commons-math3/3.1.1/commons-math3-3.1.1.jar:/home/user/.m2/repository/org/openjdk/jmh/jmh-generator-annprocess/1.19/jmh-generator-annprocess-1.19.jar:/home/user/.m2/repository/org/mockito/mockito-all/1.8.5/mockito-all-1.8.5.jar:/home/user/.m2/repository/org/apache/hadoop/hadoop-kms/3.2.0/hadoop-kms-3.2.0.jar:/home/user/.m2/repository/org/apache/hadoop/hadoop-auth/3.2.0/hadoop-auth-3.2.0.jar:/home/user/.m2/repository/com/nimbusds/nimbus-jose-jwt/4.41.1/nimbus-jose-jwt-4.41.1.jar:/home/user/.m2/repository/com/github/stephenc/jcip/jcip-annotations/1.0-1/jcip-annotations-1.0-1.jar:/home/user/.m2/repository/net/minidev/json-smart/2.3/json-smart-2.3.jar:/home/user/.m2/repository/net/minidev/accessors-smart/1.2/accessors-smart-1.2.jar:/home/user/.m2/repository/org/ow2/asm/asm/5.0.4/asm-5.0.4.jar:/home/user/.m2/repository/org/apache/curator/curator-framework/2.12.0/curator-framework-2.12.0.jar:/home/user/.m2/repository/com/sun/jersey/jersey-core/1.19/jersey-core-1.19.jar:/home/user/.m2/repository/javax/ws/rs/jsr311-api/1.1.1/jsr311-api-1.1.1.jar:/home/user/.m2/repository/com/sun/jersey/jersey-server/1.19/jersey-server-1.19.jar:/home/user/.m2/repository/javax/servlet/javax.servlet-api/3.1.0/javax.servlet-api-3.1.0.jar:/home/user/.m2/repository/org/eclipse/jetty/jetty-server/9.3.25.v20180904/jetty-server-9.3.25.v20180904.jar:/home/user/.m2/repository/org/eclipse/jetty/jetty-http/9.3.25.v20180904/jetty-http-9.3.25.v20180904.jar:/home/user/.m2/repository/org/eclipse/jetty/jetty-io/9.3.25.v20180904/jetty-io-9.3.25.v20180904.jar:/home/user/.m2/repository/org/eclipse/jetty/jetty-webapp/9.3.25.v20180904/jetty-webapp-9.3.25.v20180904.jar:/home/user/.m2/repository/org/eclipse/jetty/jetty-xml/9.3.25.v20180904/jetty-xml-9.3.25.v20180904.jar:/home/user/.m2/repository/log4j/log4j/1.2.17/log4j-1.2.17.jar:/home/user/.m2/repository/org/slf4j/slf4j-api/1.7.25/slf4j-api-1.7.25.jar:/home/user/.m2/repository/org/slf4j/jul-to-slf4j/1.7.25/jul-to-slf4j-1.7.25.jar:/home/user/.m2/repository/org/eclipse/jetty/jetty-util/9.3.25.v20180904/jetty-util-9.3.25.v20180904.jar:/home/user/.m2/repository/com/fasterxml/jackson/core/jackson-databind/2.9.9/jackson-databind-2.9.9.jar:/home/user/.m2/repository/org/apache/hadoop/hadoop-kms/3.2.0/hadoop-kms-3.2.0-tests.jar:/home/user/.m2/repository/org/apache/hadoop/hadoop-hdds-server-scm/0.5.0-SNAPSHOT/hadoop-hdds-server-scm-0.5.0-SNAPSHOT-tests.jar:/home/user/.m2/repository/org/apache/hadoop/hadoop-hdds-container-service/0.5.0-SNAPSHOT/hadoop-hdds-container-service-0.5.0-SNAPSHOT-tests.jar:/home/user/.m2/repository/org/yaml/snakeyaml/1.16/snakeyaml-1.16.jar:/home/user/.m2/repository/org/apache/hadoop/hadoop-common/3.2.0/hadoop-common-3.2.0-tests.jar:/home/user/.m2/repository/org/apache/hadoop/hadoop-annotations/3.2.0/hadoop-annotations-3.2.0.jar:/usr/lib/jvm/java-1.8-openjdk/jre/../lib/tools.jar:/home/user/.m2/repository/commons-cli/commons-cli/1.2/commons-cli-1.2.jar:/home/user/.m2/repository/org/apache/httpcomponents/httpclient/4.5.2/httpclient-4.5.2.jar:/home/user/.m2/repository/org/apache/httpcomponents/httpcore/4.4.4/httpcore-4.4.4.jar:/home/user/.m2/repository/commons-codec/commons-codec/1.11/commons-codec-1.11.jar:/home/user/.m2/repository/commons-net/commons-net/3.6/commons-net-3.6.jar:/home/user/.m2/repository/commons-collections/commons-collections/3.2.2/commons-collections-3.2.2.jar:/home/user/.m2/repository/org/eclipse/jetty/jetty-servlet/9.3.25.v20180904/jetty-servlet-9.3.25.v20180904.jar:/home/user/.m2/repository/org/eclipse/jetty/jetty-security/9.3.25.v20180904/jetty-security-9.3.25.v20180904.jar:/home/user/.m2/repository/javax/servlet/jsp/jsp-api/2.1/jsp-api-2.1.jar:/home/user/.m2/repository/com/sun/jersey/jersey-servlet/1.19/jersey-servlet-1.19.jar:/home/user/.m2/repository/com/sun/jersey/jersey-json/1.19/jersey-json-1.19.jar:/home/user/.m2/repository/org/codehaus/jettison/jettison/1.1/jettison-1.1.jar:/home/user/.m2/repository/org/codehaus/jackson/jackson-core-asl/1.9.13/jackson-core-asl-1.9.13.jar:/home/user/.m2/repository/org/codehaus/jackson/jackson-mapper-asl/1.9.13/jackson-mapper-asl-1.9.13.jar:/home/user/.m2/repository/org/codehaus/jackson/jackson-jaxrs/1.9.13/jackson-jaxrs-1.9.13.jar:/home/user/.m2/repository/org/codehaus/jackson/jackson-xc/1.9.13/jackson-xc-1.9.13.jar:/home/user/.m2/repository/commons-logging/commons-logging/1.1.3/commons-logging-1.1.3.jar:/home/user/.m2/repository/commons-beanutils/commons-beanutils/1.9.4/commons-beanutils-1.9.4.jar:/home/user/.m2/repository/org/apache/commons/commons-configuration2/2.1.1/commons-configuration2-2.1.1.jar:/home/user/.m2/repository/org/apache/commons/commons-lang3/3.7/commons-lang3-3.7.jar:/home/user/.m2/repository/org/apache/commons/commons-text/1.4/commons-text-1.4.jar:/home/user/.m2/repository/org/apache/avro/avro/1.7.7/avro-1.7.7.jar:/home/user/.m2/repository/com/thoughtworks/paranamer/paranamer/2.3/paranamer-2.3.jar:/home/user/.m2/repository/org/xerial/snappy/snappy-java/1.0.5/snappy-java-1.0.5.jar:/home/user/.m2/repository/com/google/re2j/re2j/1.1/re2j-1.1.jar:/home/user/.m2/repository/com/google/code/gson/gson/2.2.4/gson-2.2.4.jar:/home/user/.m2/repository/com/jcraft/jsch/0.1.54/jsch-0.1.54.jar:/home/user/.m2/repository/org/apache/curator/curator-client/2.12.0/curator-client-2.12.0.jar:/home/user/.m2/repository/org/apache/curator/curator-recipes/2.12.0/curator-recipes-2.12.0.jar:/home/user/.m2/repository/com/google/code/findbugs/jsr305/3.0.0/jsr305-3.0.0.jar:/home/user/.m2/repository/org/apache/htrace/htrace-core4/4.1.0-incubating/htrace-core4-4.1.0-incubating.jar:/home/user/.m2/repository/org/apache/zookeeper/zookeeper/3.4.13/zookeeper-3.4.13.jar:/home/user/.m2/repository/jline/jline/0.9.94/jline-0.9.94.jar:/home/user/.m2/repository/org/apache/yetus/audience-annotations/0.5.0/audience-annotations-0.5.0.jar:/home/user/.m2/repository/org/codehaus/woodstox/stax2-api/3.1.4/stax2-api-3.1.4.jar:/home/user/.m2/repository/com/fasterxml/woodstox/woodstox-core/5.0.3/woodstox-core-5.0.3.jar:/home/user/.m2/repository/dnsjava/dnsjava/2.1.7/dnsjava-2.1.7.jar:/home/user/.m2/repository/org/apache/hadoop/hadoop-hdfs/3.2.0/hadoop-hdfs-3.2.0-tests.jar:/home/user/.m2/repository/org/eclipse/jetty/jetty-util-ajax/9.3.25.v20180904/jetty-util-ajax-9.3.25.v20180904.jar:/home/user/.m2/repository/commons-daemon/commons-daemon/1.0.13/commons-daemon-1.0.13.jar:/home/user/.m2/repository/io/netty/netty/3.10.5.Final/netty-3.10.5.Final.jar:/home/user/.m2/repository/io/netty/netty-all/4.0.52.Final/netty-all-4.0.52.Final.jar:/home/user/.m2/repository/org/fusesource/leveldbjni/leveldbjni-all/1.8/leveldbjni-all-1.8.jar:"/>
    <property name="java.vm.vendor" value="IcedTea"/>
    <property name="sun.arch.data.model" value="64"/>
    <property name="test.build.dir" value="/workdir/hadoop-ozone/integration-test/target/test-dir"/>
    <property name="test.cache.data" value=""/>
    <property name="java.vendor.url" value="https://icedtea.classpath.org"/>
    <property name="user.timezone" value=""/>
    <property name="java.vm.specification.version" value="1.8"/>
    <property name="os.name" value="Linux"/>
    <property name="test.build.data" value="/workdir/hadoop-ozone/integration-test/target/test-dir"/>
    <property name="user.country" value="US"/>
    <property name="sun.java.launcher" value="SUN_STANDARD"/>
    <property name="sun.boot.library.path" value="/usr/lib/jvm/java-1.8-openjdk/jre/lib/amd64"/>
    <property name="sun.java.command" value="/workdir/hadoop-ozone/integration-test/target/surefire/surefirebooter7431025661842209484.jar /workdir/hadoop-ozone/integration-test/target/surefire 2019-10-14T09-48-52_118-jvmRun1 surefire578196731396880304tmp surefire_228887132669722310053tmp"/>
    <property name="test" value="!TestMiniChaosOzoneCluster"/>
    <property name="surefire.test.class.path" value="/workdir/hadoop-ozone/integration-test/target/test-classes:/workdir/hadoop-ozone/integration-test/target/classes:/home/user/.m2/repository/org/apache/hadoop/hadoop-ozone-common/0.5.0-SNAPSHOT/hadoop-ozone-common-0.5.0-SNAPSHOT.jar:/home/user/.m2/repository/org/apache/commons/commons-compress/1.4.1/commons-compress-1.4.1.jar:/home/user/.m2/repository/org/tukaani/xz/1.0/xz-1.0.jar:/home/user/.m2/repository/org/apache/hadoop/hadoop-common/3.2.0/hadoop-common-3.2.0.jar:/home/user/.m2/repository/org/apache/hadoop/hadoop-hdfs/3.2.0/hadoop-hdfs-3.2.0.jar:/home/user/.m2/repository/org/apache/hadoop/hadoop-hdfs-client/3.2.0/hadoop-hdfs-client-3.2.0.jar:/home/user/.m2/repository/com/fasterxml/jackson/core/jackson-annotations/2.9.9/jackson-annotations-2.9.9.jar:/home/user/.m2/repository/org/apache/hadoop/hadoop-hdds-common/0.5.0-SNAPSHOT/hadoop-hdds-common-0.5.0-SNAPSHOT.jar:/home/user/.m2/repository/javax/annotation/javax.annotation-api/1.2/javax.annotation-api-1.2.jar:/home/user/.m2/repository/org/apache/ratis/ratis-server/0.5.0-201fc85-SNAPSHOT/ratis-server-0.5.0-201fc85-SNAPSHOT.jar:/home/user/.m2/repository/org/apache/ratis/ratis-thirdparty-misc/0.2.0/ratis-thirdparty-misc-0.2.0.jar:/home/user/.m2/repository/org/apache/ratis/ratis-proto/0.5.0-201fc85-SNAPSHOT/ratis-proto-0.5.0-201fc85-SNAPSHOT.jar:/home/user/.m2/repository/org/apache/ratis/ratis-common/0.5.0-201fc85-SNAPSHOT/ratis-common-0.5.0-201fc85-SNAPSHOT.jar:/home/user/.m2/repository/org/apache/ratis/ratis-client/0.5.0-201fc85-SNAPSHOT/ratis-client-0.5.0-201fc85-SNAPSHOT.jar:/home/user/.m2/repository/org/apache/ratis/ratis-metrics/0.5.0-201fc85-SNAPSHOT/ratis-metrics-0.5.0-201fc85-SNAPSHOT.jar:/home/user/.m2/repository/com/github/joshelser/dropwizard-metrics-hadoop-metrics2-reporter/0.1.2/dropwizard-metrics-hadoop-metrics2-reporter-0.1.2.jar:/home/user/.m2/repository/io/dropwizard/metrics/metrics-jvm/3.2.5/metrics-jvm-3.2.5.jar:/home/user/.m2/repository/io/dropwizard/metrics/metrics-ganglia/3.2.5/metrics-ganglia-3.2.5.jar:/home/user/.m2/repository/info/ganglia/gmetric4j/gmetric4j/1.0.7/gmetric4j-1.0.7.jar:/home/user/.m2/repository/org/apache/ratis/ratis-netty/0.5.0-201fc85-SNAPSHOT/ratis-netty-0.5.0-201fc85-SNAPSHOT.jar:/home/user/.m2/repository/org/apache/ratis/ratis-grpc/0.5.0-201fc85-SNAPSHOT/ratis-grpc-0.5.0-201fc85-SNAPSHOT.jar:/home/user/.m2/repository/org/rocksdb/rocksdbjni/6.0.1/rocksdbjni-6.0.1.jar:/home/user/.m2/repository/org/apache/logging/log4j/log4j-api/2.11.0/log4j-api-2.11.0.jar:/home/user/.m2/repository/org/apache/logging/log4j/log4j-core/2.11.0/log4j-core-2.11.0.jar:/home/user/.m2/repository/com/lmax/disruptor/3.4.2/disruptor-3.4.2.jar:/home/user/.m2/repository/org/apache/commons/commons-pool2/2.6.0/commons-pool2-2.6.0.jar:/home/user/.m2/repository/org/bouncycastle/bcpkix-jdk15on/1.60/bcpkix-jdk15on-1.60.jar:/home/user/.m2/repository/commons-validator/commons-validator/1.6/commons-validator-1.6.jar:/home/user/.m2/repository/commons-digester/commons-digester/1.8.1/commons-digester-1.8.1.jar:/home/user/.m2/repository/io/jaegertracing/jaeger-client/0.34.0/jaeger-client-0.34.0.jar:/home/user/.m2/repository/io/jaegertracing/jaeger-thrift/0.34.0/jaeger-thrift-0.34.0.jar:/home/user/.m2/repository/org/apache/thrift/libthrift/0.12.0/libthrift-0.12.0.jar:/home/user/.m2/repository/com/squareup/okhttp3/okhttp/3.9.0/okhttp-3.9.0.jar:/home/user/.m2/repository/com/squareup/okio/okio/1.13.0/okio-1.13.0.jar:/home/user/.m2/repository/io/jaegertracing/jaeger-core/0.34.0/jaeger-core-0.34.0.jar:/home/user/.m2/repository/io/jaegertracing/jaeger-tracerresolver/0.34.0/jaeger-tracerresolver-0.34.0.jar:/home/user/.m2/repository/io/opentracing/contrib/opentracing-tracerresolver/0.1.5/opentracing-tracerresolver-0.1.5.jar:/home/user/.m2/repository/io/opentracing/opentracing-util/0.31.0/opentracing-util-0.31.0.jar:/home/user/.m2/repository/io/opentracing/opentracing-api/0.31.0/opentracing-api-0.31.0.jar:/home/user/.m2/repository/io/opentracing/opentracing-noop/0.31.0/opentracing-noop-0.31.0.jar:/home/user/.m2/repository/org/apache/hadoop/hadoop-hdds-server-framework/0.5.0-SNAPSHOT/hadoop-hdds-server-framework-0.5.0-SNAPSHOT.jar:/home/user/.m2/repository/org/apache/hadoop/hadoop-hdds-container-service/0.5.0-SNAPSHOT/hadoop-hdds-container-service-0.5.0-SNAPSHOT.jar:/home/user/.m2/repository/org/apache/hadoop/hadoop-hdds-client/0.5.0-SNAPSHOT/hadoop-hdds-client-0.5.0-SNAPSHOT.jar:/home/user/.m2/repository/org/apache/hadoop/hadoop-hdds-tools/0.5.0-SNAPSHOT/hadoop-hdds-tools-0.5.0-SNAPSHOT.jar:/home/user/.m2/repository/org/apache/hadoop/hadoop-hdds-server-scm/0.5.0-SNAPSHOT/hadoop-hdds-server-scm-0.5.0-SNAPSHOT.jar:/home/user/.m2/repository/org/apache/hadoop/hadoop-hdds-docs/0.5.0-SNAPSHOT/hadoop-hdds-docs-0.5.0-SNAPSHOT.jar:/home/user/.m2/repository/io/dropwizard/metrics/metrics-core/3.2.4/metrics-core-3.2.4.jar:/home/user/.m2/repository/org/hamcrest/hamcrest-all/1.3/hamcrest-all-1.3.jar:/home/user/.m2/repository/org/bouncycastle/bcprov-jdk15on/1.60/bcprov-jdk15on-1.60.jar:/home/user/.m2/repository/info/picocli/picocli/3.9.6/picocli-3.9.6.jar:/home/user/.m2/repository/com/google/protobuf/protobuf-java/2.5.0/protobuf-java-2.5.0.jar:/home/user/.m2/repository/com/google/guava/guava/11.0.2/guava-11.0.2.jar:/home/user/.m2/repository/org/apache/hadoop/hadoop-ozone-ozone-manager/0.5.0-SNAPSHOT/hadoop-ozone-ozone-manager-0.5.0-SNAPSHOT.jar:/home/user/.m2/repository/org/apache/hadoop/hadoop-minikdc/3.2.0/hadoop-minikdc-3.2.0.jar:/home/user/.m2/repository/commons-io/commons-io/2.5/commons-io-2.5.jar:/home/user/.m2/repository/org/apache/kerby/kerb-simplekdc/1.0.1/kerb-simplekdc-1.0.1.jar:/home/user/.m2/repository/org/apache/kerby/kerb-client/1.0.1/kerb-client-1.0.1.jar:/home/user/.m2/repository/org/apache/kerby/kerby-config/1.0.1/kerby-config-1.0.1.jar:/home/user/.m2/repository/org/apache/kerby/kerb-core/1.0.1/kerb-core-1.0.1.jar:/home/user/.m2/repository/org/apache/kerby/kerby-pkix/1.0.1/kerby-pkix-1.0.1.jar:/home/user/.m2/repository/org/apache/kerby/kerby-asn1/1.0.1/kerby-asn1-1.0.1.jar:/home/user/.m2/repository/org/apache/kerby/kerby-util/1.0.1/kerby-util-1.0.1.jar:/home/user/.m2/repository/org/apache/kerby/kerb-common/1.0.1/kerb-common-1.0.1.jar:/home/user/.m2/repository/org/apache/kerby/kerb-crypto/1.0.1/kerb-crypto-1.0.1.jar:/home/user/.m2/repository/org/apache/kerby/kerb-util/1.0.1/kerb-util-1.0.1.jar:/home/user/.m2/repository/org/apache/kerby/token-provider/1.0.1/token-provider-1.0.1.jar:/home/user/.m2/repository/org/apache/kerby/kerb-admin/1.0.1/kerb-admin-1.0.1.jar:/home/user/.m2/repository/org/apache/kerby/kerb-server/1.0.1/kerb-server-1.0.1.jar:/home/user/.m2/repository/org/apache/kerby/kerb-identity/1.0.1/kerb-identity-1.0.1.jar:/home/user/.m2/repository/org/apache/kerby/kerby-xdr/1.0.1/kerby-xdr-1.0.1.jar:/home/user/.m2/repository/org/slf4j/slf4j-log4j12/1.7.25/slf4j-log4j12-1.7.25.jar:/home/user/.m2/repository/org/apache/hadoop/hadoop-ozone-s3gateway/0.5.0-SNAPSHOT/hadoop-ozone-s3gateway-0.5.0-SNAPSHOT.jar:/home/user/.m2/repository/org/jboss/weld/servlet/weld-servlet/2.4.7.Final/weld-servlet-2.4.7.Final.jar:/home/user/.m2/repository/org/glassfish/jersey/containers/jersey-container-servlet-core/2.27/jersey-container-servlet-core-2.27.jar:/home/user/.m2/repository/org/glassfish/hk2/external/javax.inject/2.5.0-b42/javax.inject-2.5.0-b42.jar:/home/user/.m2/repository/org/glassfish/jersey/core/jersey-common/2.27/jersey-common-2.27.jar:/home/user/.m2/repository/org/glassfish/hk2/osgi-resource-locator/1.0.1/osgi-resource-locator-1.0.1.jar:/home/user/.m2/repository/javax/ws/rs/javax.ws.rs-api/2.1/javax.ws.rs-api-2.1.jar:/home/user/.m2/repository/org/glassfish/jersey/ext/cdi/jersey-cdi1x/2.27/jersey-cdi1x-2.27.jar:/home/user/.m2/repository/org/glassfish/jersey/inject/jersey-hk2/2.27/jersey-hk2-2.27.jar:/home/user/.m2/repository/org/glassfish/hk2/hk2-locator/2.5.0-b42/hk2-locator-2.5.0-b42.jar:/home/user/.m2/repository/org/javassist/javassist/3.22.0-CR2/javassist-3.22.0-CR2.jar:/home/user/.m2/repository/org/glassfish/hk2/hk2-api/2.5.0/hk2-api-2.5.0.jar:/home/user/.m2/repository/org/glassfish/hk2/external/jakarta.inject/2.5.0/jakarta.inject-2.5.0.jar:/home/user/.m2/repository/org/glassfish/hk2/hk2-utils/2.5.0/hk2-utils-2.5.0.jar:/home/user/.m2/repository/jakarta/annotation/jakarta.annotation-api/1.3.4/jakarta.annotation-api-1.3.4.jar:/home/user/.m2/repository/org/glassfish/hk2/external/aopalliance-repackaged/2.5.0/aopalliance-repackaged-2.5.0.jar:/home/user/.m2/repository/com/fasterxml/jackson/dataformat/jackson-dataformat-xml/2.9.0/jackson-dataformat-xml-2.9.0.jar:/home/user/.m2/repository/com/fasterxml/jackson/core/jackson-core/2.9.9/jackson-core-2.9.9.jar:/home/user/.m2/repository/com/fasterxml/jackson/module/jackson-module-jaxb-annotations/2.9.9/jackson-module-jaxb-annotations-2.9.9.jar:/home/user/.m2/repository/javax/enterprise/cdi-api/1.2/cdi-api-1.2.jar:/home/user/.m2/repository/javax/el/javax.el-api/3.0.0/javax.el-api-3.0.0.jar:/home/user/.m2/repository/javax/interceptor/javax.interceptor-api/1.2/javax.interceptor-api-1.2.jar:/home/user/.m2/repository/javax/inject/javax.inject/1/javax.inject-1.jar:/home/user/.m2/repository/com/sun/xml/bind/jaxb-impl/2.3.0.1/jaxb-impl-2.3.0.1.jar:/home/user/.m2/repository/com/sun/xml/bind/jaxb-core/2.3.0.1/jaxb-core-2.3.0.1.jar:/home/user/.m2/repository/javax/xml/bind/jaxb-api/2.3.0/jaxb-api-2.3.0.jar:/home/user/.m2/repository/javax/activation/activation/1.1.1/activation-1.1.1.jar:/home/user/.m2/repository/org/apache/hadoop/hadoop-ozone-csi/0.5.0-SNAPSHOT/hadoop-ozone-csi-0.5.0-SNAPSHOT.jar:/home/user/.m2/repository/com/google/protobuf/protobuf-java-util/3.5.1/protobuf-java-util-3.5.1.jar:/home/user/.m2/repository/org/apache/hadoop/hadoop-hdds-config/0.5.0-SNAPSHOT/hadoop-hdds-config-0.5.0-SNAPSHOT.jar:/home/user/.m2/repository/io/grpc/grpc-netty/1.17.1/grpc-netty-1.17.1.jar:/home/user/.m2/repository/io/grpc/grpc-core/1.17.1/grpc-core-1.17.1.jar:/home/user/.m2/repository/io/grpc/grpc-context/1.17.1/grpc-context-1.17.1.jar:/home/user/.m2/repository/com/google/errorprone/error_prone_annotations/2.2.0/error_prone_annotations-2.2.0.jar:/home/user/.m2/repository/org/codehaus/mojo/animal-sniffer-annotations/1.17/animal-sniffer-annotations-1.17.jar:/home/user/.m2/repository/io/opencensus/opencensus-api/0.17.0/opencensus-api-0.17.0.jar:/home/user/.m2/repository/io/opencensus/opencensus-contrib-grpc-metrics/0.17.0/opencensus-contrib-grpc-metrics-0.17.0.jar:/home/user/.m2/repository/io/netty/netty-codec-http2/4.1.30.Final/netty-codec-http2-4.1.30.Final.jar:/home/user/.m2/repository/io/netty/netty-codec-http/4.1.30.Final/netty-codec-http-4.1.30.Final.jar:/home/user/.m2/repository/io/netty/netty-codec/4.1.30.Final/netty-codec-4.1.30.Final.jar:/home/user/.m2/repository/io/netty/netty-handler/4.1.30.Final/netty-handler-4.1.30.Final.jar:/home/user/.m2/repository/io/netty/netty-handler-proxy/4.1.30.Final/netty-handler-proxy-4.1.30.Final.jar:/home/user/.m2/repository/io/netty/netty-codec-socks/4.1.30.Final/netty-codec-socks-4.1.30.Final.jar:/home/user/.m2/repository/io/netty/netty-transport-native-epoll/4.1.30.Final/netty-transport-native-epoll-4.1.30.Final.jar:/home/user/.m2/repository/io/netty/netty-common/4.1.30.Final/netty-common-4.1.30.Final.jar:/home/user/.m2/repository/io/netty/netty-buffer/4.1.30.Final/netty-buffer-4.1.30.Final.jar:/home/user/.m2/repository/io/netty/netty-transport/4.1.30.Final/netty-transport-4.1.30.Final.jar:/home/user/.m2/repository/io/netty/netty-resolver/4.1.30.Final/netty-resolver-4.1.30.Final.jar:/home/user/.m2/repository/io/netty/netty-transport-native-unix-common/4.1.30.Final/netty-transport-native-unix-common-4.1.30.Final.jar:/home/user/.m2/repository/io/grpc/grpc-protobuf/1.17.1/grpc-protobuf-1.17.1.jar:/home/user/.m2/repository/com/google/api/grpc/proto-google-common-protos/1.0.0/proto-google-common-protos-1.0.0.jar:/home/user/.m2/repository/io/grpc/grpc-protobuf-lite/1.17.1/grpc-protobuf-lite-1.17.1.jar:/home/user/.m2/repository/io/grpc/grpc-stub/1.17.1/grpc-stub-1.17.1.jar:/home/user/.m2/repository/org/apache/hadoop/hadoop-ozone-recon/0.5.0-SNAPSHOT/hadoop-ozone-recon-0.5.0-SNAPSHOT.jar:/home/user/.m2/repository/org/apache/hadoop/hadoop-ozone-reconcodegen/0.5.0-SNAPSHOT/hadoop-ozone-reconcodegen-0.5.0-SNAPSHOT.jar:/home/user/.m2/repository/com/google/inject/extensions/guice-multibindings/4.0/guice-multibindings-4.0.jar:/home/user/.m2/repository/com/google/inject/guice/4.0/guice-4.0.jar:/home/user/.m2/repository/aopalliance/aopalliance/1.0/aopalliance-1.0.jar:/home/user/.m2/repository/com/google/inject/extensions/guice-servlet/4.0/guice-servlet-4.0.jar:/home/user/.m2/repository/org/glassfish/jersey/containers/jersey-container-servlet/2.27/jersey-container-servlet-2.27.jar:/home/user/.m2/repository/org/glassfish/hk2/guice-bridge/2.5.0/guice-bridge-2.5.0.jar:/home/user/.m2/repository/org/glassfish/jersey/core/jersey-server/2.27/jersey-server-2.27.jar:/home/user/.m2/repository/org/glassfish/jersey/core/jersey-client/2.27/jersey-client-2.27.jar:/home/user/.m2/repository/org/glassfish/jersey/media/jersey-media-jaxb/2.27/jersey-media-jaxb-2.27.jar:/home/user/.m2/repository/javax/validation/validation-api/1.1.0.Final/validation-api-1.1.0.Final.jar:/home/user/.m2/repository/org/glassfish/jersey/media/jersey-media-json-jackson/2.27/jersey-media-json-jackson-2.27.jar:/home/user/.m2/repository/org/glassfish/jersey/ext/jersey-entity-filtering/2.27/jersey-entity-filtering-2.27.jar:/home/user/.m2/repository/com/google/inject/extensions/guice-assistedinject/4.0/guice-assistedinject-4.0.jar:/home/user/.m2/repository/org/jooq/jooq/3.11.10/jooq-3.11.10.jar:/home/user/.m2/repository/org/jooq/jooq-meta/3.11.10/jooq-meta-3.11.10.jar:/home/user/.m2/repository/org/jooq/jooq-codegen/3.11.10/jooq-codegen-3.11.10.jar:/home/user/.m2/repository/com/jolbox/bonecp/0.8.0.RELEASE/bonecp-0.8.0.RELEASE.jar:/home/user/.m2/repository/org/xerial/sqlite-jdbc/3.25.2/sqlite-jdbc-3.25.2.jar:/home/user/.m2/repository/org/springframework/spring-jdbc/5.1.3.RELEASE/spring-jdbc-5.1.3.RELEASE.jar:/home/user/.m2/repository/org/springframework/spring-beans/5.1.3.RELEASE/spring-beans-5.1.3.RELEASE.jar:/home/user/.m2/repository/org/springframework/spring-core/5.1.3.RELEASE/spring-core-5.1.3.RELEASE.jar:/home/user/.m2/repository/org/springframework/spring-jcl/5.1.3.RELEASE/spring-jcl-5.1.3.RELEASE.jar:/home/user/.m2/repository/org/springframework/spring-tx/5.1.3.RELEASE/spring-tx-5.1.3.RELEASE.jar:/home/user/.m2/repository/org/apache/hadoop/hadoop-ozone-client/0.5.0-SNAPSHOT/hadoop-ozone-client-0.5.0-SNAPSHOT.jar:/home/user/.m2/repository/commons-lang/commons-lang/2.6/commons-lang-2.6.jar:/home/user/.m2/repository/org/apache/hadoop/hadoop-ozone-ozone-manager/0.5.0-SNAPSHOT/hadoop-ozone-ozone-manager-0.5.0-SNAPSHOT-tests.jar:/home/user/.m2/repository/junit/junit/4.11/junit-4.11.jar:/home/user/.m2/repository/org/hamcrest/hamcrest-core/1.3/hamcrest-core-1.3.jar:/home/user/.m2/repository/org/openjdk/jmh/jmh-core/1.19/jmh-core-1.19.jar:/home/user/.m2/repository/net/sf/jopt-simple/jopt-simple/4.6/jopt-simple-4.6.jar:/home/user/.m2/repository/org/apache/commons/commons-math3/3.1.1/commons-math3-3.1.1.jar:/home/user/.m2/repository/org/openjdk/jmh/jmh-generator-annprocess/1.19/jmh-generator-annprocess-1.19.jar:/home/user/.m2/repository/org/mockito/mockito-all/1.8.5/mockito-all-1.8.5.jar:/home/user/.m2/repository/org/apache/hadoop/hadoop-kms/3.2.0/hadoop-kms-3.2.0.jar:/home/user/.m2/repository/org/apache/hadoop/hadoop-auth/3.2.0/hadoop-auth-3.2.0.jar:/home/user/.m2/repository/com/nimbusds/nimbus-jose-jwt/4.41.1/nimbus-jose-jwt-4.41.1.jar:/home/user/.m2/repository/com/github/stephenc/jcip/jcip-annotations/1.0-1/jcip-annotations-1.0-1.jar:/home/user/.m2/repository/net/minidev/json-smart/2.3/json-smart-2.3.jar:/home/user/.m2/repository/net/minidev/accessors-smart/1.2/accessors-smart-1.2.jar:/home/user/.m2/repository/org/ow2/asm/asm/5.0.4/asm-5.0.4.jar:/home/user/.m2/repository/org/apache/curator/curator-framework/2.12.0/curator-framework-2.12.0.jar:/home/user/.m2/repository/com/sun/jersey/jersey-core/1.19/jersey-core-1.19.jar:/home/user/.m2/repository/javax/ws/rs/jsr311-api/1.1.1/jsr311-api-1.1.1.jar:/home/user/.m2/repository/com/sun/jersey/jersey-server/1.19/jersey-server-1.19.jar:/home/user/.m2/repository/javax/servlet/javax.servlet-api/3.1.0/javax.servlet-api-3.1.0.jar:/home/user/.m2/repository/org/eclipse/jetty/jetty-server/9.3.25.v20180904/jetty-server-9.3.25.v20180904.jar:/home/user/.m2/repository/org/eclipse/jetty/jetty-http/9.3.25.v20180904/jetty-http-9.3.25.v20180904.jar:/home/user/.m2/repository/org/eclipse/jetty/jetty-io/9.3.25.v20180904/jetty-io-9.3.25.v20180904.jar:/home/user/.m2/repository/org/eclipse/jetty/jetty-webapp/9.3.25.v20180904/jetty-webapp-9.3.25.v20180904.jar:/home/user/.m2/repository/org/eclipse/jetty/jetty-xml/9.3.25.v20180904/jetty-xml-9.3.25.v20180904.jar:/home/user/.m2/repository/log4j/log4j/1.2.17/log4j-1.2.17.jar:/home/user/.m2/repository/org/slf4j/slf4j-api/1.7.25/slf4j-api-1.7.25.jar:/home/user/.m2/repository/org/slf4j/jul-to-slf4j/1.7.25/jul-to-slf4j-1.7.25.jar:/home/user/.m2/repository/org/eclipse/jetty/jetty-util/9.3.25.v20180904/jetty-util-9.3.25.v20180904.jar:/home/user/.m2/repository/com/fasterxml/jackson/core/jackson-databind/2.9.9/jackson-databind-2.9.9.jar:/home/user/.m2/repository/org/apache/hadoop/hadoop-kms/3.2.0/hadoop-kms-3.2.0-tests.jar:/home/user/.m2/repository/org/apache/hadoop/hadoop-hdds-server-scm/0.5.0-SNAPSHOT/hadoop-hdds-server-scm-0.5.0-SNAPSHOT-tests.jar:/home/user/.m2/repository/org/apache/hadoop/hadoop-hdds-container-service/0.5.0-SNAPSHOT/hadoop-hdds-container-service-0.5.0-SNAPSHOT-tests.jar:/home/user/.m2/repository/org/yaml/snakeyaml/1.16/snakeyaml-1.16.jar:/home/user/.m2/repository/org/apache/hadoop/hadoop-common/3.2.0/hadoop-common-3.2.0-tests.jar:/home/user/.m2/repository/org/apache/hadoop/hadoop-annotations/3.2.0/hadoop-annotations-3.2.0.jar:/usr/lib/jvm/java-1.8-openjdk/jre/../lib/tools.jar:/home/user/.m2/repository/commons-cli/commons-cli/1.2/commons-cli-1.2.jar:/home/user/.m2/repository/org/apache/httpcomponents/httpclient/4.5.2/httpclient-4.5.2.jar:/home/user/.m2/repository/org/apache/httpcomponents/httpcore/4.4.4/httpcore-4.4.4.jar:/home/user/.m2/repository/commons-codec/commons-codec/1.11/commons-codec-1.11.jar:/home/user/.m2/repository/commons-net/commons-net/3.6/commons-net-3.6.jar:/home/user/.m2/repository/commons-collections/commons-collections/3.2.2/commons-collections-3.2.2.jar:/home/user/.m2/repository/org/eclipse/jetty/jetty-servlet/9.3.25.v20180904/jetty-servlet-9.3.25.v20180904.jar:/home/user/.m2/repository/org/eclipse/jetty/jetty-security/9.3.25.v20180904/jetty-security-9.3.25.v20180904.jar:/home/user/.m2/repository/javax/servlet/jsp/jsp-api/2.1/jsp-api-2.1.jar:/home/user/.m2/repository/com/sun/jersey/jersey-servlet/1.19/jersey-servlet-1.19.jar:/home/user/.m2/repository/com/sun/jersey/jersey-json/1.19/jersey-json-1.19.jar:/home/user/.m2/repository/org/codehaus/jettison/jettison/1.1/jettison-1.1.jar:/home/user/.m2/repository/org/codehaus/jackson/jackson-core-asl/1.9.13/jackson-core-asl-1.9.13.jar:/home/user/.m2/repository/org/codehaus/jackson/jackson-mapper-asl/1.9.13/jackson-mapper-asl-1.9.13.jar:/home/user/.m2/repository/org/codehaus/jackson/jackson-jaxrs/1.9.13/jackson-jaxrs-1.9.13.jar:/home/user/.m2/repository/org/codehaus/jackson/jackson-xc/1.9.13/jackson-xc-1.9.13.jar:/home/user/.m2/repository/commons-logging/commons-logging/1.1.3/commons-logging-1.1.3.jar:/home/user/.m2/repository/commons-beanutils/commons-beanutils/1.9.4/commons-beanutils-1.9.4.jar:/home/user/.m2/repository/org/apache/commons/commons-configuration2/2.1.1/commons-configuration2-2.1.1.jar:/home/user/.m2/repository/org/apache/commons/commons-lang3/3.7/commons-lang3-3.7.jar:/home/user/.m2/repository/org/apache/commons/commons-text/1.4/commons-text-1.4.jar:/home/user/.m2/repository/org/apache/avro/avro/1.7.7/avro-1.7.7.jar:/home/user/.m2/repository/com/thoughtworks/paranamer/paranamer/2.3/paranamer-2.3.jar:/home/user/.m2/repository/org/xerial/snappy/snappy-java/1.0.5/snappy-java-1.0.5.jar:/home/user/.m2/repository/com/google/re2j/re2j/1.1/re2j-1.1.jar:/home/user/.m2/repository/com/google/code/gson/gson/2.2.4/gson-2.2.4.jar:/home/user/.m2/repository/com/jcraft/jsch/0.1.54/jsch-0.1.54.jar:/home/user/.m2/repository/org/apache/curator/curator-client/2.12.0/curator-client-2.12.0.jar:/home/user/.m2/repository/org/apache/curator/curator-recipes/2.12.0/curator-recipes-2.12.0.jar:/home/user/.m2/repository/com/google/code/findbugs/jsr305/3.0.0/jsr305-3.0.0.jar:/home/user/.m2/repository/org/apache/htrace/htrace-core4/4.1.0-incubating/htrace-core4-4.1.0-incubating.jar:/home/user/.m2/repository/org/apache/zookeeper/zookeeper/3.4.13/zookeeper-3.4.13.jar:/home/user/.m2/repository/jline/jline/0.9.94/jline-0.9.94.jar:/home/user/.m2/repository/org/apache/yetus/audience-annotations/0.5.0/audience-annotations-0.5.0.jar:/home/user/.m2/repository/org/codehaus/woodstox/stax2-api/3.1.4/stax2-api-3.1.4.jar:/home/user/.m2/repository/com/fasterxml/woodstox/woodstox-core/5.0.3/woodstox-core-5.0.3.jar:/home/user/.m2/repository/dnsjava/dnsjava/2.1.7/dnsjava-2.1.7.jar:/home/user/.m2/repository/org/apache/hadoop/hadoop-hdfs/3.2.0/hadoop-hdfs-3.2.0-tests.jar:/home/user/.m2/repository/org/eclipse/jetty/jetty-util-ajax/9.3.25.v20180904/jetty-util-ajax-9.3.25.v20180904.jar:/home/user/.m2/repository/commons-daemon/commons-daemon/1.0.13/commons-daemon-1.0.13.jar:/home/user/.m2/repository/io/netty/netty/3.10.5.Final/netty-3.10.5.Final.jar:/home/user/.m2/repository/io/netty/netty-all/4.0.52.Final/netty-all-4.0.52.Final.jar:/home/user/.m2/repository/org/fusesource/leveldbjni/leveldbjni-all/1.8/leveldbjni-all-1.8.jar:"/>
    <property name="sun.cpu.endian" value="little"/>
    <property name="user.home" value="/home/user"/>
    <property name="user.language" value="en"/>
    <property name="java.specification.vendor" value="Oracle Corporation"/>
    <property name="java.home" value="/usr/lib/jvm/java-1.8-openjdk/jre"/>
    <property name="surefire.excludesFile" value="/tools/ozone-bad-unit-tests"/>
    <property name="java.security.krb5.conf" value="/workdir/hadoop-ozone/integration-test/target/test-classes/krb5.conf"/>
    <property name="basedir" value="/workdir/hadoop-ozone/integration-test"/>
    <property name="file.separator" value="/"/>
    <property name="line.separator" value="&#10;"/>
    <property name="java.vm.specification.vendor" value="Oracle Corporation"/>
    <property name="java.specification.name" value="Java Platform API Specification"/>
    <property name="java.awt.graphicsenv" value="sun.awt.X11GraphicsEnvironment"/>
    <property name="surefire.real.class.path" value="/workdir/hadoop-ozone/integration-test/target/surefire/surefirebooter7431025661842209484.jar"/>
    <property name="hadoop.log.dir" value="/workdir/hadoop-ozone/integration-test/target/log"/>
    <property name="sun.boot.class.path" value="/usr/lib/jvm/java-1.8-openjdk/jre/lib/resources.jar:/usr/lib/jvm/java-1.8-openjdk/jre/lib/rt.jar:/usr/lib/jvm/java-1.8-openjdk/jre/lib/sunrsasign.jar:/usr/lib/jvm/java-1.8-openjdk/jre/lib/jsse.jar:/usr/lib/jvm/java-1.8-openjdk/jre/lib/jce.jar:/usr/lib/jvm/java-1.8-openjdk/jre/lib/charsets.jar:/usr/lib/jvm/java-1.8-openjdk/jre/lib/jfr.jar:/usr/lib/jvm/java-1.8-openjdk/jre/classes"/>
    <property name="sun.management.compiler" value="HotSpot 64-Bit Tiered Compilers"/>
    <property name="java.runtime.version" value="1.8.0_212-b04"/>
    <property name="java.net.preferIPv4Stack" value="true"/>
    <property name="user.name" value="jenkins1000"/>
    <property name="path.separator" value=":"/>
    <property name="java.security.egd" value="file:///dev/urandom"/>
    <property name="os.version" value="3.10.0-957.12.2.el7.x86_64"/>
    <property name="java.endorsed.dirs" value="/usr/lib/jvm/java-1.8-openjdk/jre/lib/endorsed"/>
    <property name="java.runtime.name" value="OpenJDK Runtime Environment"/>
    <property name="file.encoding" value="UTF-8"/>
    <property name="java.vm.name" value="OpenJDK 64-Bit Server VM"/>
    <property name="test.build.webapps" value=""/>
    <property name="localRepository" value="/home/user/.m2/repository"/>
    <property name="java.vendor.url.bug" value="https://icedtea.classpath.org/bugzilla"/>
    <property name="java.io.tmpdir" value="/tmp"/>
    <property name="require.test.libhadoop" value=""/>
    <property name="java.version" value="1.8.0_212"/>
    <property name="user.dir" value="/workdir/hadoop-ozone/integration-test"/>
    <property name="os.arch" value="amd64"/>
    <property name="java.vm.specification.name" value="Java Virtual Machine Specification"/>
    <property name="test.build.classes" value="/workdir/hadoop-ozone/integration-test/target/test-classes"/>
    <property name="java.awt.printerjob" value="sun.print.PSPrinterJob"/>
    <property name="sun.os.patch.level" value="unknown"/>
    <property name="hadoop.tmp.dir" value="/workdir/hadoop-ozone/integration-test/target/tmp"/>
    <property name="java.library.path" value="/usr/lib/jvm/java-1.8-openjdk/jre/lib/amd64/server:/usr/lib/jvm/java-1.8-openjdk/jre/lib/amd64:/usr/lib/jvm/java-1.8-openjdk/jre/../lib/amd64:/workdir/hadoop-ozone/integration-test/target/native/target/usr/local/lib:/workdir/hadoop-ozone/integration-test/../../hadoop-common-project/hadoop-common/target/native/target/usr/local/lib:/usr/java/packages/lib/amd64:/usr/lib64:/lib64:/lib:/usr/lib"/>
    <property name="java.vm.info" value="mixed mode"/>
    <property name="java.vendor" value="IcedTea"/>
    <property name="java.vm.version" value="25.212-b04"/>
    <property name="java.ext.dirs" value="/usr/lib/jvm/java-1.8-openjdk/jre/lib/ext:/usr/java/packages/lib/ext"/>
    <property name="sun.io.unicode.encoding" value="UnicodeLittle"/>
    <property name="java.class.version" value="52.0"/>
  </properties>
  <testcase name="test2DatanodesFailure" classname="org.apache.hadoop.ozone.client.rpc.TestBlockOutputStreamWithFailures" time="40.645">
    <failure message="expected:&lt;5&gt; but was:&lt;6&gt;" type="java.lang.AssertionError"><![CDATA[java.lang.AssertionError: expected:<5> but was:<6>
	at org.junit.Assert.fail(Assert.java:88)
	at org.junit.Assert.failNotEquals(Assert.java:743)
	at org.junit.Assert.assertEquals(Assert.java:118)
	at org.junit.Assert.assertEquals(Assert.java:555)
	at org.junit.Assert.assertEquals(Assert.java:542)
	at org.apache.hadoop.ozone.client.rpc.TestBlockOutputStreamWithFailures.test2DatanodesFailure(TestBlockOutputStreamWithFailures.java:467)
	at sun.reflect.NativeMethodAccessorImpl.invoke0(Native Method)
	at sun.reflect.NativeMethodAccessorImpl.invoke(NativeMethodAccessorImpl.java:62)
	at sun.reflect.DelegatingMethodAccessorImpl.invoke(DelegatingMethodAccessorImpl.java:43)
	at java.lang.reflect.Method.invoke(Method.java:498)
	at org.junit.runners.model.FrameworkMethod$1.runReflectiveCall(FrameworkMethod.java:47)
	at org.junit.internal.runners.model.ReflectiveCallable.run(ReflectiveCallable.java:12)
	at org.junit.runners.model.FrameworkMethod.invokeExplosively(FrameworkMethod.java:44)
	at org.junit.internal.runners.statements.InvokeMethod.evaluate(InvokeMethod.java:17)
	at org.junit.internal.runners.statements.RunBefores.evaluate(RunBefores.java:26)
	at org.junit.internal.runners.statements.RunAfters.evaluate(RunAfters.java:27)
	at org.junit.runners.ParentRunner.runLeaf(ParentRunner.java:271)
	at org.junit.runners.BlockJUnit4ClassRunner.runChild(BlockJUnit4ClassRunner.java:70)
	at org.junit.runners.BlockJUnit4ClassRunner.runChild(BlockJUnit4ClassRunner.java:50)
	at org.junit.runners.ParentRunner$3.run(ParentRunner.java:238)
	at org.junit.runners.ParentRunner$1.schedule(ParentRunner.java:63)
	at org.junit.runners.ParentRunner.runChildren(ParentRunner.java:236)
	at org.junit.runners.ParentRunner.access$000(ParentRunner.java:53)
	at org.junit.runners.ParentRunner$2.evaluate(ParentRunner.java:229)
	at org.junit.runners.ParentRunner.run(ParentRunner.java:309)
	at org.apache.maven.surefire.junit4.JUnit4Provider.execute(JUnit4Provider.java:365)
	at org.apache.maven.surefire.junit4.JUnit4Provider.executeWithRerun(JUnit4Provider.java:273)
	at org.apache.maven.surefire.junit4.JUnit4Provider.executeTestSet(JUnit4Provider.java:238)
	at org.apache.maven.surefire.junit4.JUnit4Provider.invoke(JUnit4Provider.java:159)
	at org.apache.maven.surefire.booter.ForkedBooter.invokeProviderInSameClassLoader(ForkedBooter.java:384)
	at org.apache.maven.surefire.booter.ForkedBooter.runSuitesInProcess(ForkedBooter.java:345)
	at org.apache.maven.surefire.booter.ForkedBooter.execute(ForkedBooter.java:126)
	at org.apache.maven.surefire.booter.ForkedBooter.main(ForkedBooter.java:418)
]]></failure>
    <system-out><![CDATA[2019-10-14 10:09:28,882 [main] WARN  server.ServerUtils (ServerUtils.java:getScmDbDir(145)) - ozone.scm.db.dirs is not configured. We recommend adding this setting. Falling back to ozone.metadata.dirs instead.
2019-10-14 10:09:29,020 [main] WARN  server.ServerUtils (ServerUtils.java:getScmDbDir(145)) - ozone.scm.db.dirs is not configured. We recommend adding this setting. Falling back to ozone.metadata.dirs instead.
2019-10-14 10:09:29,024 [main] WARN  server.ServerUtils (ServerUtils.java:getScmDbDir(145)) - ozone.scm.db.dirs is not configured. We recommend adding this setting. Falling back to ozone.metadata.dirs instead.
2019-10-14 10:09:29,054 [main] INFO  util.log (Log.java:initialized(192)) - Logging initialized @852ms
2019-10-14 10:09:29,154 [main] INFO  db.DBStoreBuilder (DBStoreBuilder.java:addTable(117)) - using custom profile for table: deletedBlocks
2019-10-14 10:09:29,154 [main] INFO  db.DBStoreBuilder (DBStoreBuilder.java:processTables(168)) - Using default column profile:DBProfile.DISK for Table:deletedBlocks
2019-10-14 10:09:29,155 [main] INFO  db.DBStoreBuilder (DBStoreBuilder.java:addTable(117)) - using custom profile for table: validCerts
2019-10-14 10:09:29,155 [main] INFO  db.DBStoreBuilder (DBStoreBuilder.java:processTables(168)) - Using default column profile:DBProfile.DISK for Table:validCerts
2019-10-14 10:09:29,155 [main] INFO  db.DBStoreBuilder (DBStoreBuilder.java:addTable(117)) - using custom profile for table: revokedCerts
2019-10-14 10:09:29,155 [main] INFO  db.DBStoreBuilder (DBStoreBuilder.java:processTables(168)) - Using default column profile:DBProfile.DISK for Table:revokedCerts
2019-10-14 10:09:29,167 [main] INFO  db.DBStoreBuilder (DBStoreBuilder.java:addTable(117)) - using custom profile for table: default
2019-10-14 10:09:29,167 [main] INFO  db.DBStoreBuilder (DBStoreBuilder.java:processTables(174)) - Using default column profile:DBProfile.DISK for Table:default
2019-10-14 10:09:29,169 [main] INFO  db.DBStoreBuilder (DBStoreBuilder.java:getDbProfile(205)) - Using default options. DBProfile.DISK
2019-10-14 10:09:29,412 [main] INFO  net.NodeSchemaLoader (NodeSchemaLoader.java:loadSchemaFromFile(125)) - Loading file from sun.misc.CompoundEnumeration@28701274
2019-10-14 10:09:29,414 [main] INFO  net.NodeSchemaLoader (NodeSchemaLoader.java:loadSchema(171)) - Loading network topology layer schema file
2019-10-14 10:09:29,486 [main] INFO  node.SCMNodeManager (SCMNodeManager.java:<init>(116)) - Entering startup safe mode.
2019-10-14 10:09:29,558 [main] INFO  algorithms.ContainerPlacementPolicyFactory (ContainerPlacementPolicyFactory.java:getPolicy(57)) - Create container placement policy of type org.apache.hadoop.hdds.scm.container.placement.algorithms.SCMContainerPlacementRandom
2019-10-14 10:09:29,580 [main] WARN  server.ServerUtils (ServerUtils.java:getScmDbDir(145)) - ozone.scm.db.dirs is not configured. We recommend adding this setting. Falling back to ozone.metadata.dirs instead.
2019-10-14 10:09:29,673 [main] INFO  pipeline.SCMPipelineManager (SCMPipelineManager.java:initializePipelineState(132)) - No pipeline exists in current db
2019-10-14 10:09:29,677 [main] WARN  server.ServerUtils (ServerUtils.java:getScmDbDir(145)) - ozone.scm.db.dirs is not configured. We recommend adding this setting. Falling back to ozone.metadata.dirs instead.
2019-10-14 10:09:29,810 [main] WARN  events.EventQueue (EventQueue.java:fireEvent(183)) - No event handler registered for event TypedEvent{payloadType=SafeModeStatus, name='SafeModeStatus'}
2019-10-14 10:09:30,184 [main] INFO  ipc.CallQueueManager (CallQueueManager.java:<init>(84)) - Using callQueue: class java.util.concurrent.LinkedBlockingQueue, queueCapacity: 2000, scheduler: class org.apache.hadoop.ipc.DefaultRpcScheduler, ipcBackoff: false.
2019-10-14 10:09:30,214 [Socket Reader #1 for port 36743] INFO  ipc.Server (Server.java:run(1074)) - Starting Socket Reader #1 for port 36743
2019-10-14 10:09:30,380 [main] INFO  ipc.CallQueueManager (CallQueueManager.java:<init>(84)) - Using callQueue: class java.util.concurrent.LinkedBlockingQueue, queueCapacity: 2000, scheduler: class org.apache.hadoop.ipc.DefaultRpcScheduler, ipcBackoff: false.
2019-10-14 10:09:30,381 [Socket Reader #1 for port 45418] INFO  ipc.Server (Server.java:run(1074)) - Starting Socket Reader #1 for port 45418
2019-10-14 10:09:30,394 [main] INFO  ipc.CallQueueManager (CallQueueManager.java:<init>(84)) - Using callQueue: class java.util.concurrent.LinkedBlockingQueue, queueCapacity: 2000, scheduler: class org.apache.hadoop.ipc.DefaultRpcScheduler, ipcBackoff: false.
2019-10-14 10:09:30,395 [Socket Reader #1 for port 44130] INFO  ipc.Server (Server.java:run(1074)) - Starting Socket Reader #1 for port 44130
2019-10-14 10:09:30,423 [main] INFO  hdfs.DFSUtil (DFSUtil.java:httpServerTemplateForNNAndJN(1641)) - Starting Web-server for scm at: http://0.0.0.0:0
2019-10-14 10:09:30,590 [main] INFO  server.AuthenticationFilter (AuthenticationFilter.java:constructSecretProvider(240)) - Unable to initialize FileSignerSecretProvider, falling back to use random secrets.
2019-10-14 10:09:30,599 [main] WARN  http.HttpRequestLog (HttpRequestLog.java:getRequestLog(97)) - Jetty request log can only be enabled using Log4j
2019-10-14 10:09:30,607 [main] INFO  http.HttpServer2 (HttpServer2.java:addGlobalFilter(975)) - Added global filter 'safety' (class=org.apache.hadoop.http.HttpServer2$QuotingInputFilter)
2019-10-14 10:09:30,610 [main] INFO  http.HttpServer2 (HttpServer2.java:addFilter(948)) - Added filter static_user_filter (class=org.apache.hadoop.http.lib.StaticUserWebFilter$StaticUserFilter) to context scm
2019-10-14 10:09:30,610 [main] INFO  http.HttpServer2 (HttpServer2.java:addFilter(958)) - Added filter static_user_filter (class=org.apache.hadoop.http.lib.StaticUserWebFilter$StaticUserFilter) to context logs
2019-10-14 10:09:30,610 [main] INFO  http.HttpServer2 (HttpServer2.java:addFilter(958)) - Added filter static_user_filter (class=org.apache.hadoop.http.lib.StaticUserWebFilter$StaticUserFilter) to context static
2019-10-14 10:09:30,651 [main] INFO  server.StorageContainerManager (StorageContainerManager.java:start(772)) - StorageContainerLocationProtocol RPC server is listening at /0.0.0.0:44130
2019-10-14 10:09:30,746 [main] WARN  impl.MetricsConfig (MetricsConfig.java:loadFirst(134)) - Cannot locate configuration: tried hadoop-metrics2-storagecontainermanager.properties,hadoop-metrics2.properties
2019-10-14 10:09:30,762 [main] INFO  impl.MetricsSystemImpl (MetricsSystemImpl.java:startTimer(374)) - Scheduled Metric snapshot period at 10 second(s).
2019-10-14 10:09:30,762 [main] INFO  impl.MetricsSystemImpl (MetricsSystemImpl.java:start(191)) - StorageContainerManager metrics system started
2019-10-14 10:09:31,066 [main] INFO  server.SCMClientProtocolServer (SCMClientProtocolServer.java:start(159)) - RPC server for Client  is listening at /0.0.0.0:44130
2019-10-14 10:09:31,067 [IPC Server Responder] INFO  ipc.Server (Server.java:run(1314)) - IPC Server Responder: starting
2019-10-14 10:09:31,067 [IPC Server listener on 44130] INFO  ipc.Server (Server.java:run(1153)) - IPC Server listener on 44130: starting
2019-10-14 10:09:31,070 [main] INFO  server.StorageContainerManager (StorageContainerManager.java:start(782)) - ScmBlockLocationProtocol RPC server is listening at /0.0.0.0:45418
2019-10-14 10:09:31,070 [main] INFO  server.SCMBlockProtocolServer (SCMBlockProtocolServer.java:start(146)) - RPC server for Block Protocol is listening at /0.0.0.0:45418
2019-10-14 10:09:31,071 [IPC Server Responder] INFO  ipc.Server (Server.java:run(1314)) - IPC Server Responder: starting
2019-10-14 10:09:31,071 [IPC Server listener on 45418] INFO  ipc.Server (Server.java:run(1153)) - IPC Server listener on 45418: starting
2019-10-14 10:09:31,074 [main] INFO  server.StorageContainerManager (StorageContainerManager.java:start(786)) - ScmDatanodeProtocl RPC server is listening at /0.0.0.0:36743
2019-10-14 10:09:31,074 [main] INFO  server.SCMDatanodeProtocolServer (SCMDatanodeProtocolServer.java:start(169)) - RPC server for DataNodes is listening at /0.0.0.0:36743
2019-10-14 10:09:31,075 [IPC Server Responder] INFO  ipc.Server (Server.java:run(1314)) - IPC Server Responder: starting
2019-10-14 10:09:31,075 [IPC Server listener on 36743] INFO  ipc.Server (Server.java:run(1153)) - IPC Server listener on 36743: starting
2019-10-14 10:09:31,079 [main] INFO  http.HttpServer2 (HttpServer2.java:bindListener(1191)) - Jetty bound to port 37436
2019-10-14 10:09:31,080 [main] INFO  server.Server (Server.java:doStart(351)) - jetty-9.3.25.v20180904, build timestamp: 2018-09-04T21:11:46Z, git hash: 3ce520221d0240229c862b122d2b06c12a625732
2019-10-14 10:09:31,118 [main] INFO  handler.ContextHandler (ContextHandler.java:doStart(781)) - Started o.e.j.s.ServletContextHandler@7a560583{/logs,file:///workdir/hadoop-ozone/integration-test/target/log,AVAILABLE}
2019-10-14 10:09:31,119 [main] INFO  handler.ContextHandler (ContextHandler.java:doStart(781)) - Started o.e.j.s.ServletContextHandler@53f0a4cb{/static,file:///workdir/hadoop-ozone/integration-test/target/test-classes/webapps/static,AVAILABLE}
2019-10-14 10:09:31,153 [main] INFO  handler.ContextHandler (ContextHandler.java:doStart(781)) - Started o.e.j.w.WebAppContext@6970140a{/,file:///workdir/hadoop-ozone/integration-test/target/test-classes/webapps/scm/,AVAILABLE}{/scm}
2019-10-14 10:09:31,159 [main] INFO  server.AbstractConnector (AbstractConnector.java:doStart(278)) - Started ServerConnector@1c32886a{HTTP/1.1,[http/1.1]}{0.0.0.0:37436}
2019-10-14 10:09:31,159 [main] INFO  server.Server (Server.java:doStart(419)) - Started @2958ms
2019-10-14 10:09:31,161 [main] INFO  impl.MetricsSinkAdapter (MetricsSinkAdapter.java:start(204)) - Sink prometheus started
2019-10-14 10:09:31,162 [main] INFO  impl.MetricsSystemImpl (MetricsSystemImpl.java:registerSink(301)) - Registered sink prometheus
2019-10-14 10:09:31,163 [main] INFO  server.BaseHttpServer (BaseHttpServer.java:updateConnectorAddress(215)) - HTTP server of SCM is listening at http://0.0.0.0:37436
2019-10-14 10:09:31,172 [org.apache.hadoop.util.JvmPauseMonitor$Monitor@62d363ab] INFO  util.JvmPauseMonitor (JvmPauseMonitor.java:run(188)) - Starting JVM pause monitor
2019-10-14 10:09:31,177 [main] WARN  server.ServerUtils (ServerUtils.java:getDBPath(222)) - ozone.om.db.dirs is not configured. We recommend adding this setting. Falling back to ozone.metadata.dirs instead.
2019-10-14 10:09:31,308 [main] INFO  ha.OMHANodeDetails (OMHANodeDetails.java:loadOMHAConfig(190)) - Configuration either no ozone.om.address set. Falling back to the default OM address /127.0.0.1:0
2019-10-14 10:09:31,308 [main] INFO  ha.OMHANodeDetails (OMHANodeDetails.java:getOMNodeDetails(220)) - OM Service ID is not set. Setting it to the default ID: omServiceIdDefault
2019-10-14 10:09:31,310 [main] WARN  server.ServerUtils (ServerUtils.java:getDBPath(222)) - ozone.om.db.dirs is not configured. We recommend adding this setting. Falling back to ozone.metadata.dirs instead.
2019-10-14 10:09:31,311 [main] WARN  server.ServerUtils (ServerUtils.java:getDBPath(222)) - ozone.om.db.dirs is not configured. We recommend adding this setting. Falling back to ozone.metadata.dirs instead.
2019-10-14 10:09:32,028 [main] WARN  server.ServerUtils (ServerUtils.java:getDBPath(222)) - ozone.om.db.dirs is not configured. We recommend adding this setting. Falling back to ozone.metadata.dirs instead.
2019-10-14 10:09:32,036 [main] INFO  db.DBStoreBuilder (DBStoreBuilder.java:addTable(117)) - using custom profile for table: userTable
2019-10-14 10:09:32,036 [main] INFO  db.DBStoreBuilder (DBStoreBuilder.java:processTables(168)) - Using default column profile:DBProfile.DISK for Table:userTable
2019-10-14 10:09:32,037 [main] INFO  db.DBStoreBuilder (DBStoreBuilder.java:addTable(117)) - using custom profile for table: volumeTable
2019-10-14 10:09:32,037 [main] INFO  db.DBStoreBuilder (DBStoreBuilder.java:processTables(168)) - Using default column profile:DBProfile.DISK for Table:volumeTable
2019-10-14 10:09:32,037 [main] INFO  db.DBStoreBuilder (DBStoreBuilder.java:addTable(117)) - using custom profile for table: bucketTable
2019-10-14 10:09:32,037 [main] INFO  db.DBStoreBuilder (DBStoreBuilder.java:processTables(168)) - Using default column profile:DBProfile.DISK for Table:bucketTable
2019-10-14 10:09:32,038 [main] INFO  db.DBStoreBuilder (DBStoreBuilder.java:addTable(117)) - using custom profile for table: keyTable
2019-10-14 10:09:32,038 [main] INFO  db.DBStoreBuilder (DBStoreBuilder.java:processTables(168)) - Using default column profile:DBProfile.DISK for Table:keyTable
2019-10-14 10:09:32,038 [main] INFO  db.DBStoreBuilder (DBStoreBuilder.java:addTable(117)) - using custom profile for table: deletedTable
2019-10-14 10:09:32,038 [main] INFO  db.DBStoreBuilder (DBStoreBuilder.java:processTables(168)) - Using default column profile:DBProfile.DISK for Table:deletedTable
2019-10-14 10:09:32,039 [main] INFO  db.DBStoreBuilder (DBStoreBuilder.java:addTable(117)) - using custom profile for table: openKeyTable
2019-10-14 10:09:32,039 [main] INFO  db.DBStoreBuilder (DBStoreBuilder.java:processTables(168)) - Using default column profile:DBProfile.DISK for Table:openKeyTable
2019-10-14 10:09:32,039 [main] INFO  db.DBStoreBuilder (DBStoreBuilder.java:addTable(117)) - using custom profile for table: s3Table
2019-10-14 10:09:32,039 [main] INFO  db.DBStoreBuilder (DBStoreBuilder.java:processTables(168)) - Using default column profile:DBProfile.DISK for Table:s3Table
2019-10-14 10:09:32,040 [main] INFO  db.DBStoreBuilder (DBStoreBuilder.java:addTable(117)) - using custom profile for table: multipartInfoTable
2019-10-14 10:09:32,040 [main] INFO  db.DBStoreBuilder (DBStoreBuilder.java:processTables(168)) - Using default column profile:DBProfile.DISK for Table:multipartInfoTable
2019-10-14 10:09:32,040 [main] INFO  db.DBStoreBuilder (DBStoreBuilder.java:addTable(117)) - using custom profile for table: dTokenTable
2019-10-14 10:09:32,040 [main] INFO  db.DBStoreBuilder (DBStoreBuilder.java:processTables(168)) - Using default column profile:DBProfile.DISK for Table:dTokenTable
2019-10-14 10:09:32,041 [main] INFO  db.DBStoreBuilder (DBStoreBuilder.java:addTable(117)) - using custom profile for table: s3SecretTable
2019-10-14 10:09:32,041 [main] INFO  db.DBStoreBuilder (DBStoreBuilder.java:processTables(168)) - Using default column profile:DBProfile.DISK for Table:s3SecretTable
2019-10-14 10:09:32,041 [main] INFO  db.DBStoreBuilder (DBStoreBuilder.java:addTable(117)) - using custom profile for table: prefixTable
2019-10-14 10:09:32,041 [main] INFO  db.DBStoreBuilder (DBStoreBuilder.java:processTables(168)) - Using default column profile:DBProfile.DISK for Table:prefixTable
2019-10-14 10:09:32,042 [main] INFO  db.DBStoreBuilder (DBStoreBuilder.java:addTable(117)) - using custom profile for table: default
2019-10-14 10:09:32,042 [main] INFO  db.DBStoreBuilder (DBStoreBuilder.java:processTables(174)) - Using default column profile:DBProfile.DISK for Table:default
2019-10-14 10:09:32,042 [main] INFO  db.DBStoreBuilder (DBStoreBuilder.java:getDbProfile(205)) - Using default options. DBProfile.DISK
2019-10-14 10:09:32,579 [main] INFO  ipc.CallQueueManager (CallQueueManager.java:<init>(84)) - Using callQueue: class java.util.concurrent.LinkedBlockingQueue, queueCapacity: 2000, scheduler: class org.apache.hadoop.ipc.DefaultRpcScheduler, ipcBackoff: false.
2019-10-14 10:09:32,580 [Socket Reader #1 for port 46518] INFO  ipc.Server (Server.java:run(1074)) - Starting Socket Reader #1 for port 46518
2019-10-14 10:09:32,603 [main] INFO  om.OzoneManager (OzoneManager.java:start(1071)) - OzoneManager RPC server is listening at localhost/127.0.0.1:46518
2019-10-14 10:09:32,604 [main] INFO  impl.MetricsSystemImpl (MetricsSystemImpl.java:init(158)) - OzoneManager metrics system started (again)
2019-10-14 10:09:32,612 [IPC Server Responder] INFO  ipc.Server (Server.java:run(1314)) - IPC Server Responder: starting
2019-10-14 10:09:32,612 [IPC Server listener on 46518] INFO  ipc.Server (Server.java:run(1153)) - IPC Server listener on 46518: starting
2019-10-14 10:09:32,619 [main] INFO  hdfs.DFSUtil (DFSUtil.java:httpServerTemplateForNNAndJN(1641)) - Starting Web-server for ozoneManager at: http://0.0.0.0:0
2019-10-14 10:09:32,622 [main] INFO  server.AuthenticationFilter (AuthenticationFilter.java:constructSecretProvider(240)) - Unable to initialize FileSignerSecretProvider, falling back to use random secrets.
2019-10-14 10:09:32,623 [main] WARN  http.HttpRequestLog (HttpRequestLog.java:getRequestLog(97)) - Jetty request log can only be enabled using Log4j
2019-10-14 10:09:32,627 [main] INFO  http.HttpServer2 (HttpServer2.java:addGlobalFilter(975)) - Added global filter 'safety' (class=org.apache.hadoop.http.HttpServer2$QuotingInputFilter)
2019-10-14 10:09:32,628 [main] INFO  http.HttpServer2 (HttpServer2.java:addFilter(948)) - Added filter static_user_filter (class=org.apache.hadoop.http.lib.StaticUserWebFilter$StaticUserFilter) to context ozoneManager
2019-10-14 10:09:32,629 [main] INFO  http.HttpServer2 (HttpServer2.java:addFilter(958)) - Added filter static_user_filter (class=org.apache.hadoop.http.lib.StaticUserWebFilter$StaticUserFilter) to context static
2019-10-14 10:09:32,629 [main] INFO  http.HttpServer2 (HttpServer2.java:addFilter(958)) - Added filter static_user_filter (class=org.apache.hadoop.http.lib.StaticUserWebFilter$StaticUserFilter) to context logs
2019-10-14 10:09:32,632 [main] INFO  http.HttpServer2 (HttpServer2.java:bindListener(1191)) - Jetty bound to port 38419
2019-10-14 10:09:32,633 [main] INFO  server.Server (Server.java:doStart(351)) - jetty-9.3.25.v20180904, build timestamp: 2018-09-04T21:11:46Z, git hash: 3ce520221d0240229c862b122d2b06c12a625732
2019-10-14 10:09:32,636 [main] INFO  handler.ContextHandler (ContextHandler.java:doStart(781)) - Started o.e.j.s.ServletContextHandler@3eed0f5{/logs,file:///workdir/hadoop-ozone/integration-test/target/log,AVAILABLE}
2019-10-14 10:09:32,637 [main] INFO  handler.ContextHandler (ContextHandler.java:doStart(781)) - Started o.e.j.s.ServletContextHandler@2032e725{/static,file:///workdir/hadoop-ozone/integration-test/target/test-classes/webapps/static,AVAILABLE}
2019-10-14 10:09:32,644 [main] INFO  handler.ContextHandler (ContextHandler.java:doStart(781)) - Started o.e.j.w.WebAppContext@660591fb{/,file:///workdir/hadoop-ozone/integration-test/target/test-classes/webapps/ozoneManager/,AVAILABLE}{/ozoneManager}
2019-10-14 10:09:32,646 [main] INFO  server.AbstractConnector (AbstractConnector.java:doStart(278)) - Started ServerConnector@4a55a6e8{HTTP/1.1,[http/1.1]}{0.0.0.0:38419}
2019-10-14 10:09:32,647 [main] INFO  server.Server (Server.java:doStart(419)) - Started @4445ms
2019-10-14 10:09:32,647 [main] WARN  impl.MetricsSystemImpl (MetricsSystemImpl.java:register(276)) - Sink prometheus already exists!
2019-10-14 10:09:32,648 [main] INFO  server.BaseHttpServer (BaseHttpServer.java:updateConnectorAddress(215)) - HTTP server of OZONEMANAGER is listening at http://0.0.0.0:38419
2019-10-14 10:09:32,990 [main] INFO  impl.MetricsSystemImpl (MetricsSystemImpl.java:init(158)) - HddsDatanode metrics system started (again)
2019-10-14 10:09:33,038 [main] INFO  ozone.HddsDatanodeService (HddsDatanodeService.java:start(184)) - HddsDatanodeService host:pr-hdds-2297-rpftj-184604365 ip:192.168.5.145
2019-10-14 10:09:33,072 [main] INFO  volume.HddsVolume (HddsVolume.java:<init>(176)) - Creating Volume: /workdir/hadoop-ozone/integration-test/target/test-dir/MiniOzoneClusterImpl-e80b5651-725a-4ba3-ba65-a0af2f9a2c78/datanode-0/data/containers/hdds of  storage type : DISK and capacity : 1482555576320
2019-10-14 10:09:33,074 [main] INFO  volume.VolumeSet (VolumeSet.java:initializeVolumeSet(170)) - Added Volume : /workdir/hadoop-ozone/integration-test/target/test-dir/MiniOzoneClusterImpl-e80b5651-725a-4ba3-ba65-a0af2f9a2c78/datanode-0/data/containers/hdds to VolumeSet
2019-10-14 10:09:33,077 [main] INFO  volume.ThrottledAsyncChecker (ThrottledAsyncChecker.java:schedule(141)) - Scheduling a check for org.apache.hadoop.ozone.container.common.volume.HddsVolume@1f6d27cc
2019-10-14 10:09:33,095 [main] INFO  volume.HddsVolumeChecker (HddsVolumeChecker.java:checkAllVolumes(204)) - Scheduled health check for volume org.apache.hadoop.ozone.container.common.volume.HddsVolume@1f6d27cc
2019-10-14 10:09:33,251 [main] INFO  impl.RaftServerProxy (ConfUtils.java:logGet(43)) - raft.rpc.type = GRPC (default)
2019-10-14 10:09:33,326 [main] INFO  grpc.GrpcFactory (GrpcFactory.java:checkPooledByteBufAllocatorUseCacheForAllThreads(45)) - PERFORMANCE WARNING: useCacheForAllThreads is true that may cause Netty to create a lot garbage objects and, as a result, trigger GC.
	It is recommended to disable useCacheForAllThreads by setting -Dorg.apache.ratis.thirdparty.io.netty.allocator.useCacheForAllThreads=false in command line.
2019-10-14 10:09:33,331 [main] INFO  grpc.GrpcConfigKeys$Server (ConfUtils.java:logGet(43)) - raft.grpc.server.port = 0 (default)
2019-10-14 10:09:33,332 [main] INFO  server.GrpcService (ConfUtils.java:logGet(43)) - raft.grpc.message.size.max = 33570816 (custom)
2019-10-14 10:09:33,334 [main] INFO  server.RaftServerConfigKeys (ConfUtils.java:logGet(43)) - raft.server.log.appender.buffer.byte-limit = 33554432 (custom)
2019-10-14 10:09:33,334 [main] INFO  server.GrpcService (ConfUtils.java:logGet(43)) - raft.grpc.flow.control.window = 1MB (=1048576) (default)
2019-10-14 10:09:33,335 [main] INFO  server.RaftServerConfigKeys (ConfUtils.java:logGet(43)) - raft.server.rpc.request.timeout = 3000ms (default)
2019-10-14 10:09:33,534 [main] INFO  server.RaftServerConfigKeys (ConfUtils.java:logGet(43)) - raft.server.storage.dir = [/workdir/hadoop-ozone/integration-test/target/test-dir/MiniOzoneClusterImpl-e80b5651-725a-4ba3-ba65-a0af2f9a2c78/datanode-0/data/ratis] (custom)
2019-10-14 10:09:33,592 [main] INFO  hdfs.DFSUtil (DFSUtil.java:httpServerTemplateForNNAndJN(1641)) - Starting Web-server for hddsDatanode at: http://0.0.0.0:0
2019-10-14 10:09:33,596 [main] INFO  server.AuthenticationFilter (AuthenticationFilter.java:constructSecretProvider(240)) - Unable to initialize FileSignerSecretProvider, falling back to use random secrets.
2019-10-14 10:09:33,597 [main] WARN  http.HttpRequestLog (HttpRequestLog.java:getRequestLog(97)) - Jetty request log can only be enabled using Log4j
2019-10-14 10:09:33,603 [main] INFO  http.HttpServer2 (HttpServer2.java:addGlobalFilter(975)) - Added global filter 'safety' (class=org.apache.hadoop.http.HttpServer2$QuotingInputFilter)
2019-10-14 10:09:33,604 [main] INFO  http.HttpServer2 (HttpServer2.java:addFilter(948)) - Added filter static_user_filter (class=org.apache.hadoop.http.lib.StaticUserWebFilter$StaticUserFilter) to context hddsDatanode
2019-10-14 10:09:33,605 [main] INFO  http.HttpServer2 (HttpServer2.java:addFilter(958)) - Added filter static_user_filter (class=org.apache.hadoop.http.lib.StaticUserWebFilter$StaticUserFilter) to context logs
2019-10-14 10:09:33,605 [main] INFO  http.HttpServer2 (HttpServer2.java:addFilter(958)) - Added filter static_user_filter (class=org.apache.hadoop.http.lib.StaticUserWebFilter$StaticUserFilter) to context static
2019-10-14 10:09:33,607 [main] INFO  http.HttpServer2 (HttpServer2.java:bindListener(1191)) - Jetty bound to port 37406
2019-10-14 10:09:33,607 [main] INFO  server.Server (Server.java:doStart(351)) - jetty-9.3.25.v20180904, build timestamp: 2018-09-04T21:11:46Z, git hash: 3ce520221d0240229c862b122d2b06c12a625732
2019-10-14 10:09:33,611 [main] INFO  handler.ContextHandler (ContextHandler.java:doStart(781)) - Started o.e.j.s.ServletContextHandler@65b97f47{/logs,file:///workdir/hadoop-ozone/integration-test/target/log,AVAILABLE}
2019-10-14 10:09:33,612 [main] INFO  handler.ContextHandler (ContextHandler.java:doStart(781)) - Started o.e.j.s.ServletContextHandler@476fe690{/static,jar:file:/home/user/.m2/repository/org/apache/hadoop/hadoop-hdds-container-service/0.5.0-SNAPSHOT/hadoop-hdds-container-service-0.5.0-SNAPSHOT.jar!/webapps/static,AVAILABLE}
2019-10-14 10:09:33,658 [main] INFO  handler.ContextHandler (ContextHandler.java:doStart(781)) - Started o.e.j.w.WebAppContext@22a6e998{/,file:///tmp/jetty-0.0.0.0-37406-hddsDatanode-_-any-8626221912804214645.dir/webapp/,AVAILABLE}{/hddsDatanode}
2019-10-14 10:09:33,659 [main] INFO  server.AbstractConnector (AbstractConnector.java:doStart(278)) - Started ServerConnector@55e42449{HTTP/1.1,[http/1.1]}{0.0.0.0:37406}
2019-10-14 10:09:33,660 [main] INFO  server.Server (Server.java:doStart(419)) - Started @5458ms
2019-10-14 10:09:33,661 [main] WARN  impl.MetricsSystemImpl (MetricsSystemImpl.java:register(276)) - Sink prometheus already exists!
2019-10-14 10:09:33,662 [main] INFO  server.BaseHttpServer (BaseHttpServer.java:updateConnectorAddress(215)) - HTTP server of HDDSDATANODE is listening at http://0.0.0.0:37406
2019-10-14 10:09:33,663 [main] INFO  impl.MetricsSystemImpl (MetricsSystemImpl.java:init(158)) - HddsDatanode metrics system started (again)
2019-10-14 10:09:33,669 [main] INFO  ozone.HddsDatanodeService (HddsDatanodeService.java:start(184)) - HddsDatanodeService host:pr-hdds-2297-rpftj-184604365 ip:192.168.5.145
2019-10-14 10:09:33,670 [org.apache.hadoop.util.JvmPauseMonitor$Monitor@5efcc41a] INFO  util.JvmPauseMonitor (JvmPauseMonitor.java:run(188)) - Starting JVM pause monitor
2019-10-14 10:09:33,682 [main] INFO  volume.HddsVolume (HddsVolume.java:<init>(176)) - Creating Volume: /workdir/hadoop-ozone/integration-test/target/test-dir/MiniOzoneClusterImpl-e80b5651-725a-4ba3-ba65-a0af2f9a2c78/datanode-1/data/containers/hdds of  storage type : DISK and capacity : 1482555576320
2019-10-14 10:09:33,683 [main] INFO  volume.VolumeSet (VolumeSet.java:initializeVolumeSet(170)) - Added Volume : /workdir/hadoop-ozone/integration-test/target/test-dir/MiniOzoneClusterImpl-e80b5651-725a-4ba3-ba65-a0af2f9a2c78/datanode-1/data/containers/hdds to VolumeSet
2019-10-14 10:09:33,683 [main] INFO  volume.ThrottledAsyncChecker (ThrottledAsyncChecker.java:schedule(141)) - Scheduling a check for org.apache.hadoop.ozone.container.common.volume.HddsVolume@a9f023e
2019-10-14 10:09:33,685 [main] INFO  volume.HddsVolumeChecker (HddsVolumeChecker.java:checkAllVolumes(204)) - Scheduled health check for volume org.apache.hadoop.ozone.container.common.volume.HddsVolume@a9f023e
2019-10-14 10:09:33,707 [main] INFO  impl.RaftServerProxy (ConfUtils.java:logGet(43)) - raft.rpc.type = GRPC (default)
2019-10-14 10:09:33,707 [main] INFO  grpc.GrpcFactory (GrpcFactory.java:checkPooledByteBufAllocatorUseCacheForAllThreads(45)) - PERFORMANCE WARNING: useCacheForAllThreads is true that may cause Netty to create a lot garbage objects and, as a result, trigger GC.
	It is recommended to disable useCacheForAllThreads by setting -Dorg.apache.ratis.thirdparty.io.netty.allocator.useCacheForAllThreads=false in command line.
2019-10-14 10:09:33,708 [main] INFO  grpc.GrpcConfigKeys$Server (ConfUtils.java:logGet(43)) - raft.grpc.server.port = 0 (default)
2019-10-14 10:09:33,708 [main] INFO  server.GrpcService (ConfUtils.java:logGet(43)) - raft.grpc.message.size.max = 33570816 (custom)
2019-10-14 10:09:33,708 [main] INFO  server.RaftServerConfigKeys (ConfUtils.java:logGet(43)) - raft.server.log.appender.buffer.byte-limit = 33554432 (custom)
2019-10-14 10:09:33,709 [main] INFO  server.GrpcService (ConfUtils.java:logGet(43)) - raft.grpc.flow.control.window = 1MB (=1048576) (default)
2019-10-14 10:09:33,709 [main] INFO  server.RaftServerConfigKeys (ConfUtils.java:logGet(43)) - raft.server.rpc.request.timeout = 3000ms (default)
2019-10-14 10:09:33,710 [main] INFO  server.RaftServerConfigKeys (ConfUtils.java:logGet(43)) - raft.server.storage.dir = [/workdir/hadoop-ozone/integration-test/target/test-dir/MiniOzoneClusterImpl-e80b5651-725a-4ba3-ba65-a0af2f9a2c78/datanode-1/data/ratis] (custom)
2019-10-14 10:09:33,712 [main] INFO  hdfs.DFSUtil (DFSUtil.java:httpServerTemplateForNNAndJN(1641)) - Starting Web-server for hddsDatanode at: http://0.0.0.0:0
2019-10-14 10:09:33,714 [main] INFO  server.AuthenticationFilter (AuthenticationFilter.java:constructSecretProvider(240)) - Unable to initialize FileSignerSecretProvider, falling back to use random secrets.
2019-10-14 10:09:33,715 [main] WARN  http.HttpRequestLog (HttpRequestLog.java:getRequestLog(97)) - Jetty request log can only be enabled using Log4j
2019-10-14 10:09:33,717 [main] INFO  http.HttpServer2 (HttpServer2.java:addGlobalFilter(975)) - Added global filter 'safety' (class=org.apache.hadoop.http.HttpServer2$QuotingInputFilter)
2019-10-14 10:09:33,718 [main] INFO  http.HttpServer2 (HttpServer2.java:addFilter(948)) - Added filter static_user_filter (class=org.apache.hadoop.http.lib.StaticUserWebFilter$StaticUserFilter) to context hddsDatanode
2019-10-14 10:09:33,718 [main] INFO  http.HttpServer2 (HttpServer2.java:addFilter(958)) - Added filter static_user_filter (class=org.apache.hadoop.http.lib.StaticUserWebFilter$StaticUserFilter) to context static
2019-10-14 10:09:33,719 [main] INFO  http.HttpServer2 (HttpServer2.java:addFilter(958)) - Added filter static_user_filter (class=org.apache.hadoop.http.lib.StaticUserWebFilter$StaticUserFilter) to context logs
2019-10-14 10:09:33,720 [main] INFO  http.HttpServer2 (HttpServer2.java:bindListener(1191)) - Jetty bound to port 37776
2019-10-14 10:09:33,720 [main] INFO  server.Server (Server.java:doStart(351)) - jetty-9.3.25.v20180904, build timestamp: 2018-09-04T21:11:46Z, git hash: 3ce520221d0240229c862b122d2b06c12a625732
2019-10-14 10:09:33,726 [main] INFO  handler.ContextHandler (ContextHandler.java:doStart(781)) - Started o.e.j.s.ServletContextHandler@25ad4f71{/logs,file:///workdir/hadoop-ozone/integration-test/target/log,AVAILABLE}
2019-10-14 10:09:33,726 [main] INFO  handler.ContextHandler (ContextHandler.java:doStart(781)) - Started o.e.j.s.ServletContextHandler@6f94a5a5{/static,jar:file:/home/user/.m2/repository/org/apache/hadoop/hadoop-hdds-container-service/0.5.0-SNAPSHOT/hadoop-hdds-container-service-0.5.0-SNAPSHOT.jar!/webapps/static,AVAILABLE}
2019-10-14 10:09:33,766 [main] INFO  handler.ContextHandler (ContextHandler.java:doStart(781)) - Started o.e.j.w.WebAppContext@522bf64e{/,file:///tmp/jetty-0.0.0.0-37776-hddsDatanode-_-any-2707436881495495200.dir/webapp/,AVAILABLE}{/hddsDatanode}
2019-10-14 10:09:33,768 [main] INFO  server.AbstractConnector (AbstractConnector.java:doStart(278)) - Started ServerConnector@2aff9dff{HTTP/1.1,[http/1.1]}{0.0.0.0:37776}
2019-10-14 10:09:33,768 [main] INFO  server.Server (Server.java:doStart(419)) - Started @5567ms
2019-10-14 10:09:33,769 [main] WARN  impl.MetricsSystemImpl (MetricsSystemImpl.java:register(276)) - Sink prometheus already exists!
2019-10-14 10:09:33,770 [main] INFO  server.BaseHttpServer (BaseHttpServer.java:updateConnectorAddress(215)) - HTTP server of HDDSDATANODE is listening at http://0.0.0.0:37776
2019-10-14 10:09:33,771 [main] INFO  impl.MetricsSystemImpl (MetricsSystemImpl.java:init(158)) - HddsDatanode metrics system started (again)
2019-10-14 10:09:33,774 [org.apache.hadoop.util.JvmPauseMonitor$Monitor@448f5e68] INFO  util.JvmPauseMonitor (JvmPauseMonitor.java:run(188)) - Starting JVM pause monitor
2019-10-14 10:09:33,774 [main] INFO  ozone.HddsDatanodeService (HddsDatanodeService.java:start(184)) - HddsDatanodeService host:pr-hdds-2297-rpftj-184604365 ip:192.168.5.145
2019-10-14 10:09:33,784 [main] INFO  volume.HddsVolume (HddsVolume.java:<init>(176)) - Creating Volume: /workdir/hadoop-ozone/integration-test/target/test-dir/MiniOzoneClusterImpl-e80b5651-725a-4ba3-ba65-a0af2f9a2c78/datanode-2/data/containers/hdds of  storage type : DISK and capacity : 1482555576320
2019-10-14 10:09:33,785 [main] INFO  volume.VolumeSet (VolumeSet.java:initializeVolumeSet(170)) - Added Volume : /workdir/hadoop-ozone/integration-test/target/test-dir/MiniOzoneClusterImpl-e80b5651-725a-4ba3-ba65-a0af2f9a2c78/datanode-2/data/containers/hdds to VolumeSet
2019-10-14 10:09:33,785 [main] INFO  volume.ThrottledAsyncChecker (ThrottledAsyncChecker.java:schedule(141)) - Scheduling a check for org.apache.hadoop.ozone.container.common.volume.HddsVolume@4d21c56e
2019-10-14 10:09:33,786 [main] INFO  volume.HddsVolumeChecker (HddsVolumeChecker.java:checkAllVolumes(204)) - Scheduled health check for volume org.apache.hadoop.ozone.container.common.volume.HddsVolume@4d21c56e
2019-10-14 10:09:33,804 [main] INFO  impl.RaftServerProxy (ConfUtils.java:logGet(43)) - raft.rpc.type = GRPC (default)
2019-10-14 10:09:33,804 [main] INFO  grpc.GrpcFactory (GrpcFactory.java:checkPooledByteBufAllocatorUseCacheForAllThreads(45)) - PERFORMANCE WARNING: useCacheForAllThreads is true that may cause Netty to create a lot garbage objects and, as a result, trigger GC.
	It is recommended to disable useCacheForAllThreads by setting -Dorg.apache.ratis.thirdparty.io.netty.allocator.useCacheForAllThreads=false in command line.
2019-10-14 10:09:33,805 [main] INFO  grpc.GrpcConfigKeys$Server (ConfUtils.java:logGet(43)) - raft.grpc.server.port = 0 (default)
2019-10-14 10:09:33,805 [main] INFO  server.GrpcService (ConfUtils.java:logGet(43)) - raft.grpc.message.size.max = 33570816 (custom)
2019-10-14 10:09:33,805 [main] INFO  server.RaftServerConfigKeys (ConfUtils.java:logGet(43)) - raft.server.log.appender.buffer.byte-limit = 33554432 (custom)
2019-10-14 10:09:33,805 [main] INFO  server.GrpcService (ConfUtils.java:logGet(43)) - raft.grpc.flow.control.window = 1MB (=1048576) (default)
2019-10-14 10:09:33,806 [main] INFO  server.RaftServerConfigKeys (ConfUtils.java:logGet(43)) - raft.server.rpc.request.timeout = 3000ms (default)
2019-10-14 10:09:33,806 [main] INFO  server.RaftServerConfigKeys (ConfUtils.java:logGet(43)) - raft.server.storage.dir = [/workdir/hadoop-ozone/integration-test/target/test-dir/MiniOzoneClusterImpl-e80b5651-725a-4ba3-ba65-a0af2f9a2c78/datanode-2/data/ratis] (custom)
2019-10-14 10:09:33,807 [Datanode State Machine Thread - 0] INFO  datanode.InitDatanodeState (InitDatanodeState.java:persistContainerDatanodeDetails(140)) - DatanodeDetails is persisted to /workdir/hadoop-ozone/integration-test/target/test-dir/MiniOzoneClusterImpl-e80b5651-725a-4ba3-ba65-a0af2f9a2c78/datanode-0/meta/datanode.id
2019-10-14 10:09:33,811 [main] INFO  hdfs.DFSUtil (DFSUtil.java:httpServerTemplateForNNAndJN(1641)) - Starting Web-server for hddsDatanode at: http://0.0.0.0:0
2019-10-14 10:09:33,811 [Datanode State Machine Thread - 0] INFO  datanode.InitDatanodeState (InitDatanodeState.java:persistContainerDatanodeDetails(140)) - DatanodeDetails is persisted to /workdir/hadoop-ozone/integration-test/target/test-dir/MiniOzoneClusterImpl-e80b5651-725a-4ba3-ba65-a0af2f9a2c78/datanode-1/meta/datanode.id
2019-10-14 10:09:33,812 [main] INFO  server.AuthenticationFilter (AuthenticationFilter.java:constructSecretProvider(240)) - Unable to initialize FileSignerSecretProvider, falling back to use random secrets.
2019-10-14 10:09:33,813 [main] WARN  http.HttpRequestLog (HttpRequestLog.java:getRequestLog(97)) - Jetty request log can only be enabled using Log4j
2019-10-14 10:09:33,815 [main] INFO  http.HttpServer2 (HttpServer2.java:addGlobalFilter(975)) - Added global filter 'safety' (class=org.apache.hadoop.http.HttpServer2$QuotingInputFilter)
2019-10-14 10:09:33,815 [main] INFO  http.HttpServer2 (HttpServer2.java:addFilter(948)) - Added filter static_user_filter (class=org.apache.hadoop.http.lib.StaticUserWebFilter$StaticUserFilter) to context hddsDatanode
2019-10-14 10:09:33,815 [main] INFO  http.HttpServer2 (HttpServer2.java:addFilter(958)) - Added filter static_user_filter (class=org.apache.hadoop.http.lib.StaticUserWebFilter$StaticUserFilter) to context logs
2019-10-14 10:09:33,816 [main] INFO  http.HttpServer2 (HttpServer2.java:addFilter(958)) - Added filter static_user_filter (class=org.apache.hadoop.http.lib.StaticUserWebFilter$StaticUserFilter) to context static
2019-10-14 10:09:33,816 [main] INFO  http.HttpServer2 (HttpServer2.java:bindListener(1191)) - Jetty bound to port 38970
2019-10-14 10:09:33,817 [main] INFO  server.Server (Server.java:doStart(351)) - jetty-9.3.25.v20180904, build timestamp: 2018-09-04T21:11:46Z, git hash: 3ce520221d0240229c862b122d2b06c12a625732
2019-10-14 10:09:33,819 [main] INFO  handler.ContextHandler (ContextHandler.java:doStart(781)) - Started o.e.j.s.ServletContextHandler@10f7c76{/logs,file:///workdir/hadoop-ozone/integration-test/target/log,AVAILABLE}
2019-10-14 10:09:33,819 [main] INFO  handler.ContextHandler (ContextHandler.java:doStart(781)) - Started o.e.j.s.ServletContextHandler@2f2bff16{/static,jar:file:/home/user/.m2/repository/org/apache/hadoop/hadoop-hdds-container-service/0.5.0-SNAPSHOT/hadoop-hdds-container-service-0.5.0-SNAPSHOT.jar!/webapps/static,AVAILABLE}
2019-10-14 10:09:33,849 [main] INFO  handler.ContextHandler (ContextHandler.java:doStart(781)) - Started o.e.j.w.WebAppContext@7724704f{/,file:///tmp/jetty-0.0.0.0-38970-hddsDatanode-_-any-4016801837076385326.dir/webapp/,AVAILABLE}{/hddsDatanode}
2019-10-14 10:09:33,851 [main] INFO  server.AbstractConnector (AbstractConnector.java:doStart(278)) - Started ServerConnector@3dfa819{HTTP/1.1,[http/1.1]}{0.0.0.0:38970}
2019-10-14 10:09:33,851 [main] INFO  server.Server (Server.java:doStart(419)) - Started @5650ms
2019-10-14 10:09:33,852 [main] WARN  impl.MetricsSystemImpl (MetricsSystemImpl.java:register(276)) - Sink prometheus already exists!
2019-10-14 10:09:33,853 [main] INFO  server.BaseHttpServer (BaseHttpServer.java:updateConnectorAddress(215)) - HTTP server of HDDSDATANODE is listening at http://0.0.0.0:38970
2019-10-14 10:09:33,853 [main] INFO  impl.MetricsSystemImpl (MetricsSystemImpl.java:init(158)) - HddsDatanode metrics system started (again)
2019-10-14 10:09:33,857 [main] INFO  ozone.HddsDatanodeService (HddsDatanodeService.java:start(184)) - HddsDatanodeService host:pr-hdds-2297-rpftj-184604365 ip:192.168.5.145
2019-10-14 10:09:33,857 [org.apache.hadoop.util.JvmPauseMonitor$Monitor@60e8b497] INFO  util.JvmPauseMonitor (JvmPauseMonitor.java:run(188)) - Starting JVM pause monitor
2019-10-14 10:09:33,860 [Datanode State Machine Thread - 0] INFO  datanode.InitDatanodeState (InitDatanodeState.java:persistContainerDatanodeDetails(140)) - DatanodeDetails is persisted to /workdir/hadoop-ozone/integration-test/target/test-dir/MiniOzoneClusterImpl-e80b5651-725a-4ba3-ba65-a0af2f9a2c78/datanode-2/meta/datanode.id
2019-10-14 10:09:33,866 [main] INFO  volume.HddsVolume (HddsVolume.java:<init>(176)) - Creating Volume: /workdir/hadoop-ozone/integration-test/target/test-dir/MiniOzoneClusterImpl-e80b5651-725a-4ba3-ba65-a0af2f9a2c78/datanode-3/data/containers/hdds of  storage type : DISK and capacity : 1482555576320
2019-10-14 10:09:33,868 [main] INFO  volume.VolumeSet (VolumeSet.java:initializeVolumeSet(170)) - Added Volume : /workdir/hadoop-ozone/integration-test/target/test-dir/MiniOzoneClusterImpl-e80b5651-725a-4ba3-ba65-a0af2f9a2c78/datanode-3/data/containers/hdds to VolumeSet
2019-10-14 10:09:33,868 [main] INFO  volume.ThrottledAsyncChecker (ThrottledAsyncChecker.java:schedule(141)) - Scheduling a check for org.apache.hadoop.ozone.container.common.volume.HddsVolume@1305c126
2019-10-14 10:09:33,868 [main] INFO  volume.HddsVolumeChecker (HddsVolumeChecker.java:checkAllVolumes(204)) - Scheduled health check for volume org.apache.hadoop.ozone.container.common.volume.HddsVolume@1305c126
2019-10-14 10:09:33,883 [main] INFO  impl.RaftServerProxy (ConfUtils.java:logGet(43)) - raft.rpc.type = GRPC (default)
2019-10-14 10:09:33,884 [main] INFO  grpc.GrpcFactory (GrpcFactory.java:checkPooledByteBufAllocatorUseCacheForAllThreads(45)) - PERFORMANCE WARNING: useCacheForAllThreads is true that may cause Netty to create a lot garbage objects and, as a result, trigger GC.
	It is recommended to disable useCacheForAllThreads by setting -Dorg.apache.ratis.thirdparty.io.netty.allocator.useCacheForAllThreads=false in command line.
2019-10-14 10:09:33,884 [main] INFO  grpc.GrpcConfigKeys$Server (ConfUtils.java:logGet(43)) - raft.grpc.server.port = 0 (default)
2019-10-14 10:09:33,884 [main] INFO  server.GrpcService (ConfUtils.java:logGet(43)) - raft.grpc.message.size.max = 33570816 (custom)
2019-10-14 10:09:33,885 [main] INFO  server.RaftServerConfigKeys (ConfUtils.java:logGet(43)) - raft.server.log.appender.buffer.byte-limit = 33554432 (custom)
2019-10-14 10:09:33,885 [main] INFO  server.GrpcService (ConfUtils.java:logGet(43)) - raft.grpc.flow.control.window = 1MB (=1048576) (default)
2019-10-14 10:09:33,885 [main] INFO  server.RaftServerConfigKeys (ConfUtils.java:logGet(43)) - raft.server.rpc.request.timeout = 3000ms (default)
2019-10-14 10:09:33,886 [main] INFO  server.RaftServerConfigKeys (ConfUtils.java:logGet(43)) - raft.server.storage.dir = [/workdir/hadoop-ozone/integration-test/target/test-dir/MiniOzoneClusterImpl-e80b5651-725a-4ba3-ba65-a0af2f9a2c78/datanode-3/data/ratis] (custom)
2019-10-14 10:09:33,887 [main] INFO  hdfs.DFSUtil (DFSUtil.java:httpServerTemplateForNNAndJN(1641)) - Starting Web-server for hddsDatanode at: http://0.0.0.0:0
2019-10-14 10:09:33,889 [main] INFO  server.AuthenticationFilter (AuthenticationFilter.java:constructSecretProvider(240)) - Unable to initialize FileSignerSecretProvider, falling back to use random secrets.
2019-10-14 10:09:33,889 [main] WARN  http.HttpRequestLog (HttpRequestLog.java:getRequestLog(97)) - Jetty request log can only be enabled using Log4j
2019-10-14 10:09:33,891 [main] INFO  http.HttpServer2 (HttpServer2.java:addGlobalFilter(975)) - Added global filter 'safety' (class=org.apache.hadoop.http.HttpServer2$QuotingInputFilter)
2019-10-14 10:09:33,891 [main] INFO  http.HttpServer2 (HttpServer2.java:addFilter(948)) - Added filter static_user_filter (class=org.apache.hadoop.http.lib.StaticUserWebFilter$StaticUserFilter) to context hddsDatanode
2019-10-14 10:09:33,891 [main] INFO  http.HttpServer2 (HttpServer2.java:addFilter(958)) - Added filter static_user_filter (class=org.apache.hadoop.http.lib.StaticUserWebFilter$StaticUserFilter) to context logs
2019-10-14 10:09:33,891 [main] INFO  http.HttpServer2 (HttpServer2.java:addFilter(958)) - Added filter static_user_filter (class=org.apache.hadoop.http.lib.StaticUserWebFilter$StaticUserFilter) to context static
2019-10-14 10:09:33,892 [main] INFO  http.HttpServer2 (HttpServer2.java:bindListener(1191)) - Jetty bound to port 46337
2019-10-14 10:09:33,892 [main] INFO  server.Server (Server.java:doStart(351)) - jetty-9.3.25.v20180904, build timestamp: 2018-09-04T21:11:46Z, git hash: 3ce520221d0240229c862b122d2b06c12a625732
2019-10-14 10:09:33,900 [main] INFO  handler.ContextHandler (ContextHandler.java:doStart(781)) - Started o.e.j.s.ServletContextHandler@102c577f{/logs,file:///workdir/hadoop-ozone/integration-test/target/log,AVAILABLE}
2019-10-14 10:09:33,901 [main] INFO  handler.ContextHandler (ContextHandler.java:doStart(781)) - Started o.e.j.s.ServletContextHandler@1fb2d5e{/static,jar:file:/home/user/.m2/repository/org/apache/hadoop/hadoop-hdds-container-service/0.5.0-SNAPSHOT/hadoop-hdds-container-service-0.5.0-SNAPSHOT.jar!/webapps/static,AVAILABLE}
2019-10-14 10:09:33,951 [main] INFO  handler.ContextHandler (ContextHandler.java:doStart(781)) - Started o.e.j.w.WebAppContext@45acdd11{/,file:///tmp/jetty-0.0.0.0-46337-hddsDatanode-_-any-4492711242598143104.dir/webapp/,AVAILABLE}{/hddsDatanode}
2019-10-14 10:09:33,953 [main] INFO  server.AbstractConnector (AbstractConnector.java:doStart(278)) - Started ServerConnector@3f0d6038{HTTP/1.1,[http/1.1]}{0.0.0.0:46337}
2019-10-14 10:09:33,954 [main] INFO  server.Server (Server.java:doStart(419)) - Started @5753ms
2019-10-14 10:09:33,955 [main] WARN  impl.MetricsSystemImpl (MetricsSystemImpl.java:register(276)) - Sink prometheus already exists!
2019-10-14 10:09:33,956 [main] INFO  server.BaseHttpServer (BaseHttpServer.java:updateConnectorAddress(215)) - HTTP server of HDDSDATANODE is listening at http://0.0.0.0:46337
2019-10-14 10:09:33,956 [main] INFO  impl.MetricsSystemImpl (MetricsSystemImpl.java:init(158)) - HddsDatanode metrics system started (again)
2019-10-14 10:09:33,960 [main] INFO  ozone.HddsDatanodeService (HddsDatanodeService.java:start(184)) - HddsDatanodeService host:pr-hdds-2297-rpftj-184604365 ip:192.168.5.145
2019-10-14 10:09:33,960 [org.apache.hadoop.util.JvmPauseMonitor$Monitor@47006953] INFO  util.JvmPauseMonitor (JvmPauseMonitor.java:run(188)) - Starting JVM pause monitor
2019-10-14 10:09:33,963 [Datanode State Machine Thread - 0] INFO  datanode.InitDatanodeState (InitDatanodeState.java:persistContainerDatanodeDetails(140)) - DatanodeDetails is persisted to /workdir/hadoop-ozone/integration-test/target/test-dir/MiniOzoneClusterImpl-e80b5651-725a-4ba3-ba65-a0af2f9a2c78/datanode-3/meta/datanode.id
2019-10-14 10:09:33,969 [main] INFO  volume.HddsVolume (HddsVolume.java:<init>(176)) - Creating Volume: /workdir/hadoop-ozone/integration-test/target/test-dir/MiniOzoneClusterImpl-e80b5651-725a-4ba3-ba65-a0af2f9a2c78/datanode-4/data/containers/hdds of  storage type : DISK and capacity : 1482555576320
2019-10-14 10:09:33,970 [main] INFO  volume.VolumeSet (VolumeSet.java:initializeVolumeSet(170)) - Added Volume : /workdir/hadoop-ozone/integration-test/target/test-dir/MiniOzoneClusterImpl-e80b5651-725a-4ba3-ba65-a0af2f9a2c78/datanode-4/data/containers/hdds to VolumeSet
2019-10-14 10:09:33,970 [main] INFO  volume.ThrottledAsyncChecker (ThrottledAsyncChecker.java:schedule(141)) - Scheduling a check for org.apache.hadoop.ozone.container.common.volume.HddsVolume@2cae9b8
2019-10-14 10:09:33,971 [main] INFO  volume.HddsVolumeChecker (HddsVolumeChecker.java:checkAllVolumes(204)) - Scheduled health check for volume org.apache.hadoop.ozone.container.common.volume.HddsVolume@2cae9b8
2019-10-14 10:09:33,985 [main] INFO  impl.RaftServerProxy (ConfUtils.java:logGet(43)) - raft.rpc.type = GRPC (default)
2019-10-14 10:09:33,985 [main] INFO  grpc.GrpcFactory (GrpcFactory.java:checkPooledByteBufAllocatorUseCacheForAllThreads(45)) - PERFORMANCE WARNING: useCacheForAllThreads is true that may cause Netty to create a lot garbage objects and, as a result, trigger GC.
	It is recommended to disable useCacheForAllThreads by setting -Dorg.apache.ratis.thirdparty.io.netty.allocator.useCacheForAllThreads=false in command line.
2019-10-14 10:09:33,985 [main] INFO  grpc.GrpcConfigKeys$Server (ConfUtils.java:logGet(43)) - raft.grpc.server.port = 0 (default)
2019-10-14 10:09:33,986 [main] INFO  server.GrpcService (ConfUtils.java:logGet(43)) - raft.grpc.message.size.max = 33570816 (custom)
2019-10-14 10:09:33,986 [main] INFO  server.RaftServerConfigKeys (ConfUtils.java:logGet(43)) - raft.server.log.appender.buffer.byte-limit = 33554432 (custom)
2019-10-14 10:09:33,986 [main] INFO  server.GrpcService (ConfUtils.java:logGet(43)) - raft.grpc.flow.control.window = 1MB (=1048576) (default)
2019-10-14 10:09:33,986 [main] INFO  server.RaftServerConfigKeys (ConfUtils.java:logGet(43)) - raft.server.rpc.request.timeout = 3000ms (default)
2019-10-14 10:09:33,987 [main] INFO  server.RaftServerConfigKeys (ConfUtils.java:logGet(43)) - raft.server.storage.dir = [/workdir/hadoop-ozone/integration-test/target/test-dir/MiniOzoneClusterImpl-e80b5651-725a-4ba3-ba65-a0af2f9a2c78/datanode-4/data/ratis] (custom)
2019-10-14 10:09:33,989 [main] INFO  hdfs.DFSUtil (DFSUtil.java:httpServerTemplateForNNAndJN(1641)) - Starting Web-server for hddsDatanode at: http://0.0.0.0:0
2019-10-14 10:09:33,990 [main] INFO  server.AuthenticationFilter (AuthenticationFilter.java:constructSecretProvider(240)) - Unable to initialize FileSignerSecretProvider, falling back to use random secrets.
2019-10-14 10:09:33,991 [main] WARN  http.HttpRequestLog (HttpRequestLog.java:getRequestLog(97)) - Jetty request log can only be enabled using Log4j
2019-10-14 10:09:33,993 [main] INFO  http.HttpServer2 (HttpServer2.java:addGlobalFilter(975)) - Added global filter 'safety' (class=org.apache.hadoop.http.HttpServer2$QuotingInputFilter)
2019-10-14 10:09:33,993 [main] INFO  http.HttpServer2 (HttpServer2.java:addFilter(948)) - Added filter static_user_filter (class=org.apache.hadoop.http.lib.StaticUserWebFilter$StaticUserFilter) to context hddsDatanode
2019-10-14 10:09:33,993 [main] INFO  http.HttpServer2 (HttpServer2.java:addFilter(958)) - Added filter static_user_filter (class=org.apache.hadoop.http.lib.StaticUserWebFilter$StaticUserFilter) to context static
2019-10-14 10:09:33,994 [main] INFO  http.HttpServer2 (HttpServer2.java:addFilter(958)) - Added filter static_user_filter (class=org.apache.hadoop.http.lib.StaticUserWebFilter$StaticUserFilter) to context logs
2019-10-14 10:09:33,994 [main] INFO  http.HttpServer2 (HttpServer2.java:bindListener(1191)) - Jetty bound to port 37867
2019-10-14 10:09:33,995 [main] INFO  server.Server (Server.java:doStart(351)) - jetty-9.3.25.v20180904, build timestamp: 2018-09-04T21:11:46Z, git hash: 3ce520221d0240229c862b122d2b06c12a625732
2019-10-14 10:09:33,997 [main] INFO  handler.ContextHandler (ContextHandler.java:doStart(781)) - Started o.e.j.s.ServletContextHandler@372ca2d6{/logs,file:///workdir/hadoop-ozone/integration-test/target/log,AVAILABLE}
2019-10-14 10:09:33,998 [main] INFO  handler.ContextHandler (ContextHandler.java:doStart(781)) - Started o.e.j.s.ServletContextHandler@38ed139b{/static,jar:file:/home/user/.m2/repository/org/apache/hadoop/hadoop-hdds-container-service/0.5.0-SNAPSHOT/hadoop-hdds-container-service-0.5.0-SNAPSHOT.jar!/webapps/static,AVAILABLE}
2019-10-14 10:09:34,047 [main] INFO  handler.ContextHandler (ContextHandler.java:doStart(781)) - Started o.e.j.w.WebAppContext@5f481b73{/,file:///tmp/jetty-0.0.0.0-37867-hddsDatanode-_-any-4567904481487254341.dir/webapp/,AVAILABLE}{/hddsDatanode}
2019-10-14 10:09:34,048 [main] INFO  server.AbstractConnector (AbstractConnector.java:doStart(278)) - Started ServerConnector@32130e61{HTTP/1.1,[http/1.1]}{0.0.0.0:37867}
2019-10-14 10:09:34,049 [main] INFO  server.Server (Server.java:doStart(419)) - Started @5847ms
2019-10-14 10:09:34,049 [main] WARN  impl.MetricsSystemImpl (MetricsSystemImpl.java:register(276)) - Sink prometheus already exists!
2019-10-14 10:09:34,058 [main] INFO  server.BaseHttpServer (BaseHttpServer.java:updateConnectorAddress(215)) - HTTP server of HDDSDATANODE is listening at http://0.0.0.0:37867
2019-10-14 10:09:34,058 [main] INFO  impl.MetricsSystemImpl (MetricsSystemImpl.java:init(158)) - HddsDatanode metrics system started (again)
2019-10-14 10:09:34,063 [org.apache.hadoop.util.JvmPauseMonitor$Monitor@f4bd79e] INFO  util.JvmPauseMonitor (JvmPauseMonitor.java:run(188)) - Starting JVM pause monitor
2019-10-14 10:09:34,064 [main] INFO  ozone.HddsDatanodeService (HddsDatanodeService.java:start(184)) - HddsDatanodeService host:pr-hdds-2297-rpftj-184604365 ip:192.168.5.145
2019-10-14 10:09:34,066 [Datanode State Machine Thread - 0] INFO  datanode.InitDatanodeState (InitDatanodeState.java:persistContainerDatanodeDetails(140)) - DatanodeDetails is persisted to /workdir/hadoop-ozone/integration-test/target/test-dir/MiniOzoneClusterImpl-e80b5651-725a-4ba3-ba65-a0af2f9a2c78/datanode-4/meta/datanode.id
2019-10-14 10:09:34,077 [main] INFO  volume.HddsVolume (HddsVolume.java:<init>(176)) - Creating Volume: /workdir/hadoop-ozone/integration-test/target/test-dir/MiniOzoneClusterImpl-e80b5651-725a-4ba3-ba65-a0af2f9a2c78/datanode-5/data/containers/hdds of  storage type : DISK and capacity : 1482555576320
2019-10-14 10:09:34,077 [main] INFO  volume.VolumeSet (VolumeSet.java:initializeVolumeSet(170)) - Added Volume : /workdir/hadoop-ozone/integration-test/target/test-dir/MiniOzoneClusterImpl-e80b5651-725a-4ba3-ba65-a0af2f9a2c78/datanode-5/data/containers/hdds to VolumeSet
2019-10-14 10:09:34,078 [main] INFO  volume.ThrottledAsyncChecker (ThrottledAsyncChecker.java:schedule(141)) - Scheduling a check for org.apache.hadoop.ozone.container.common.volume.HddsVolume@31ddb930
2019-10-14 10:09:34,079 [main] INFO  volume.HddsVolumeChecker (HddsVolumeChecker.java:checkAllVolumes(204)) - Scheduled health check for volume org.apache.hadoop.ozone.container.common.volume.HddsVolume@31ddb930
2019-10-14 10:09:34,098 [main] INFO  impl.RaftServerProxy (ConfUtils.java:logGet(43)) - raft.rpc.type = GRPC (default)
2019-10-14 10:09:34,098 [main] INFO  grpc.GrpcFactory (GrpcFactory.java:checkPooledByteBufAllocatorUseCacheForAllThreads(45)) - PERFORMANCE WARNING: useCacheForAllThreads is true that may cause Netty to create a lot garbage objects and, as a result, trigger GC.
	It is recommended to disable useCacheForAllThreads by setting -Dorg.apache.ratis.thirdparty.io.netty.allocator.useCacheForAllThreads=false in command line.
2019-10-14 10:09:34,099 [main] INFO  grpc.GrpcConfigKeys$Server (ConfUtils.java:logGet(43)) - raft.grpc.server.port = 0 (default)
2019-10-14 10:09:34,099 [main] INFO  server.GrpcService (ConfUtils.java:logGet(43)) - raft.grpc.message.size.max = 33570816 (custom)
2019-10-14 10:09:34,099 [main] INFO  server.RaftServerConfigKeys (ConfUtils.java:logGet(43)) - raft.server.log.appender.buffer.byte-limit = 33554432 (custom)
2019-10-14 10:09:34,100 [main] INFO  server.GrpcService (ConfUtils.java:logGet(43)) - raft.grpc.flow.control.window = 1MB (=1048576) (default)
2019-10-14 10:09:34,100 [main] INFO  server.RaftServerConfigKeys (ConfUtils.java:logGet(43)) - raft.server.rpc.request.timeout = 3000ms (default)
2019-10-14 10:09:34,101 [main] INFO  server.RaftServerConfigKeys (ConfUtils.java:logGet(43)) - raft.server.storage.dir = [/workdir/hadoop-ozone/integration-test/target/test-dir/MiniOzoneClusterImpl-e80b5651-725a-4ba3-ba65-a0af2f9a2c78/datanode-5/data/ratis] (custom)
2019-10-14 10:09:34,103 [main] INFO  hdfs.DFSUtil (DFSUtil.java:httpServerTemplateForNNAndJN(1641)) - Starting Web-server for hddsDatanode at: http://0.0.0.0:0
2019-10-14 10:09:34,105 [main] INFO  server.AuthenticationFilter (AuthenticationFilter.java:constructSecretProvider(240)) - Unable to initialize FileSignerSecretProvider, falling back to use random secrets.
2019-10-14 10:09:34,106 [main] WARN  http.HttpRequestLog (HttpRequestLog.java:getRequestLog(97)) - Jetty request log can only be enabled using Log4j
2019-10-14 10:09:34,108 [main] INFO  http.HttpServer2 (HttpServer2.java:addGlobalFilter(975)) - Added global filter 'safety' (class=org.apache.hadoop.http.HttpServer2$QuotingInputFilter)
2019-10-14 10:09:34,109 [main] INFO  http.HttpServer2 (HttpServer2.java:addFilter(948)) - Added filter static_user_filter (class=org.apache.hadoop.http.lib.StaticUserWebFilter$StaticUserFilter) to context hddsDatanode
2019-10-14 10:09:34,109 [main] INFO  http.HttpServer2 (HttpServer2.java:addFilter(958)) - Added filter static_user_filter (class=org.apache.hadoop.http.lib.StaticUserWebFilter$StaticUserFilter) to context logs
2019-10-14 10:09:34,109 [main] INFO  http.HttpServer2 (HttpServer2.java:addFilter(958)) - Added filter static_user_filter (class=org.apache.hadoop.http.lib.StaticUserWebFilter$StaticUserFilter) to context static
2019-10-14 10:09:34,110 [main] INFO  http.HttpServer2 (HttpServer2.java:bindListener(1191)) - Jetty bound to port 35911
2019-10-14 10:09:34,111 [main] INFO  server.Server (Server.java:doStart(351)) - jetty-9.3.25.v20180904, build timestamp: 2018-09-04T21:11:46Z, git hash: 3ce520221d0240229c862b122d2b06c12a625732
2019-10-14 10:09:34,113 [main] INFO  handler.ContextHandler (ContextHandler.java:doStart(781)) - Started o.e.j.s.ServletContextHandler@3aa41da1{/logs,file:///workdir/hadoop-ozone/integration-test/target/log,AVAILABLE}
2019-10-14 10:09:34,114 [main] INFO  handler.ContextHandler (ContextHandler.java:doStart(781)) - Started o.e.j.s.ServletContextHandler@3c83468e{/static,jar:file:/home/user/.m2/repository/org/apache/hadoop/hadoop-hdds-container-service/0.5.0-SNAPSHOT/hadoop-hdds-container-service-0.5.0-SNAPSHOT.jar!/webapps/static,AVAILABLE}
2019-10-14 10:09:34,152 [main] INFO  handler.ContextHandler (ContextHandler.java:doStart(781)) - Started o.e.j.w.WebAppContext@2a4f5433{/,file:///tmp/jetty-0.0.0.0-35911-hddsDatanode-_-any-5420130385517883348.dir/webapp/,AVAILABLE}{/hddsDatanode}
2019-10-14 10:09:34,153 [main] INFO  server.AbstractConnector (AbstractConnector.java:doStart(278)) - Started ServerConnector@6812fa3a{HTTP/1.1,[http/1.1]}{0.0.0.0:35911}
2019-10-14 10:09:34,154 [main] INFO  server.Server (Server.java:doStart(419)) - Started @5953ms
2019-10-14 10:09:34,154 [main] WARN  impl.MetricsSystemImpl (MetricsSystemImpl.java:register(276)) - Sink prometheus already exists!
2019-10-14 10:09:34,155 [main] INFO  server.BaseHttpServer (BaseHttpServer.java:updateConnectorAddress(215)) - HTTP server of HDDSDATANODE is listening at http://0.0.0.0:35911
2019-10-14 10:09:34,155 [main] INFO  impl.MetricsSystemImpl (MetricsSystemImpl.java:init(158)) - HddsDatanode metrics system started (again)
2019-10-14 10:09:34,159 [org.apache.hadoop.util.JvmPauseMonitor$Monitor@70f31a2] INFO  util.JvmPauseMonitor (JvmPauseMonitor.java:run(188)) - Starting JVM pause monitor
2019-10-14 10:09:34,159 [main] INFO  ozone.HddsDatanodeService (HddsDatanodeService.java:start(184)) - HddsDatanodeService host:pr-hdds-2297-rpftj-184604365 ip:192.168.5.145
2019-10-14 10:09:34,162 [Datanode State Machine Thread - 0] INFO  datanode.InitDatanodeState (InitDatanodeState.java:persistContainerDatanodeDetails(140)) - DatanodeDetails is persisted to /workdir/hadoop-ozone/integration-test/target/test-dir/MiniOzoneClusterImpl-e80b5651-725a-4ba3-ba65-a0af2f9a2c78/datanode-5/meta/datanode.id
2019-10-14 10:09:34,167 [main] INFO  volume.HddsVolume (HddsVolume.java:<init>(176)) - Creating Volume: /workdir/hadoop-ozone/integration-test/target/test-dir/MiniOzoneClusterImpl-e80b5651-725a-4ba3-ba65-a0af2f9a2c78/datanode-6/data/containers/hdds of  storage type : DISK and capacity : 1482555576320
2019-10-14 10:09:34,168 [main] INFO  volume.VolumeSet (VolumeSet.java:initializeVolumeSet(170)) - Added Volume : /workdir/hadoop-ozone/integration-test/target/test-dir/MiniOzoneClusterImpl-e80b5651-725a-4ba3-ba65-a0af2f9a2c78/datanode-6/data/containers/hdds to VolumeSet
2019-10-14 10:09:34,168 [main] INFO  volume.ThrottledAsyncChecker (ThrottledAsyncChecker.java:schedule(141)) - Scheduling a check for org.apache.hadoop.ozone.container.common.volume.HddsVolume@79a04e5f
2019-10-14 10:09:34,169 [main] INFO  volume.HddsVolumeChecker (HddsVolumeChecker.java:checkAllVolumes(204)) - Scheduled health check for volume org.apache.hadoop.ozone.container.common.volume.HddsVolume@79a04e5f
2019-10-14 10:09:34,184 [main] INFO  impl.RaftServerProxy (ConfUtils.java:logGet(43)) - raft.rpc.type = GRPC (default)
2019-10-14 10:09:34,184 [main] INFO  grpc.GrpcFactory (GrpcFactory.java:checkPooledByteBufAllocatorUseCacheForAllThreads(45)) - PERFORMANCE WARNING: useCacheForAllThreads is true that may cause Netty to create a lot garbage objects and, as a result, trigger GC.
	It is recommended to disable useCacheForAllThreads by setting -Dorg.apache.ratis.thirdparty.io.netty.allocator.useCacheForAllThreads=false in command line.
2019-10-14 10:09:34,184 [main] INFO  grpc.GrpcConfigKeys$Server (ConfUtils.java:logGet(43)) - raft.grpc.server.port = 0 (default)
2019-10-14 10:09:34,185 [main] INFO  server.GrpcService (ConfUtils.java:logGet(43)) - raft.grpc.message.size.max = 33570816 (custom)
2019-10-14 10:09:34,185 [main] INFO  server.RaftServerConfigKeys (ConfUtils.java:logGet(43)) - raft.server.log.appender.buffer.byte-limit = 33554432 (custom)
2019-10-14 10:09:34,185 [main] INFO  server.GrpcService (ConfUtils.java:logGet(43)) - raft.grpc.flow.control.window = 1MB (=1048576) (default)
2019-10-14 10:09:34,185 [main] INFO  server.RaftServerConfigKeys (ConfUtils.java:logGet(43)) - raft.server.rpc.request.timeout = 3000ms (default)
2019-10-14 10:09:34,186 [main] INFO  server.RaftServerConfigKeys (ConfUtils.java:logGet(43)) - raft.server.storage.dir = [/workdir/hadoop-ozone/integration-test/target/test-dir/MiniOzoneClusterImpl-e80b5651-725a-4ba3-ba65-a0af2f9a2c78/datanode-6/data/ratis] (custom)
2019-10-14 10:09:34,188 [main] INFO  hdfs.DFSUtil (DFSUtil.java:httpServerTemplateForNNAndJN(1641)) - Starting Web-server for hddsDatanode at: http://0.0.0.0:0
2019-10-14 10:09:34,189 [main] INFO  server.AuthenticationFilter (AuthenticationFilter.java:constructSecretProvider(240)) - Unable to initialize FileSignerSecretProvider, falling back to use random secrets.
2019-10-14 10:09:34,190 [main] WARN  http.HttpRequestLog (HttpRequestLog.java:getRequestLog(97)) - Jetty request log can only be enabled using Log4j
2019-10-14 10:09:34,191 [main] INFO  http.HttpServer2 (HttpServer2.java:addGlobalFilter(975)) - Added global filter 'safety' (class=org.apache.hadoop.http.HttpServer2$QuotingInputFilter)
2019-10-14 10:09:34,192 [main] INFO  http.HttpServer2 (HttpServer2.java:addFilter(948)) - Added filter static_user_filter (class=org.apache.hadoop.http.lib.StaticUserWebFilter$StaticUserFilter) to context hddsDatanode
2019-10-14 10:09:34,192 [main] INFO  http.HttpServer2 (HttpServer2.java:addFilter(958)) - Added filter static_user_filter (class=org.apache.hadoop.http.lib.StaticUserWebFilter$StaticUserFilter) to context logs
2019-10-14 10:09:34,192 [main] INFO  http.HttpServer2 (HttpServer2.java:addFilter(958)) - Added filter static_user_filter (class=org.apache.hadoop.http.lib.StaticUserWebFilter$StaticUserFilter) to context static
2019-10-14 10:09:34,193 [main] INFO  http.HttpServer2 (HttpServer2.java:bindListener(1191)) - Jetty bound to port 40957
2019-10-14 10:09:34,193 [main] INFO  server.Server (Server.java:doStart(351)) - jetty-9.3.25.v20180904, build timestamp: 2018-09-04T21:11:46Z, git hash: 3ce520221d0240229c862b122d2b06c12a625732
2019-10-14 10:09:34,195 [main] INFO  handler.ContextHandler (ContextHandler.java:doStart(781)) - Started o.e.j.s.ServletContextHandler@a2341c6{/logs,file:///workdir/hadoop-ozone/integration-test/target/log,AVAILABLE}
2019-10-14 10:09:34,196 [main] INFO  handler.ContextHandler (ContextHandler.java:doStart(781)) - Started o.e.j.s.ServletContextHandler@3e3315d9{/static,jar:file:/home/user/.m2/repository/org/apache/hadoop/hadoop-hdds-container-service/0.5.0-SNAPSHOT/hadoop-hdds-container-service-0.5.0-SNAPSHOT.jar!/webapps/static,AVAILABLE}
2019-10-14 10:09:34,233 [main] INFO  handler.ContextHandler (ContextHandler.java:doStart(781)) - Started o.e.j.w.WebAppContext@d277579{/,file:///tmp/jetty-0.0.0.0-40957-hddsDatanode-_-any-4277819553177646600.dir/webapp/,AVAILABLE}{/hddsDatanode}
2019-10-14 10:09:34,237 [main] INFO  server.AbstractConnector (AbstractConnector.java:doStart(278)) - Started ServerConnector@5db6b845{HTTP/1.1,[http/1.1]}{0.0.0.0:40957}
2019-10-14 10:09:34,237 [main] INFO  server.Server (Server.java:doStart(419)) - Started @6036ms
2019-10-14 10:09:34,238 [main] WARN  impl.MetricsSystemImpl (MetricsSystemImpl.java:register(276)) - Sink prometheus already exists!
2019-10-14 10:09:34,239 [main] INFO  server.BaseHttpServer (BaseHttpServer.java:updateConnectorAddress(215)) - HTTP server of HDDSDATANODE is listening at http://0.0.0.0:40957
2019-10-14 10:09:34,244 [org.apache.hadoop.util.JvmPauseMonitor$Monitor@61e8af2d] INFO  util.JvmPauseMonitor (JvmPauseMonitor.java:run(188)) - Starting JVM pause monitor
2019-10-14 10:09:34,244 [main] INFO  ozone.MiniOzoneClusterImpl (MiniOzoneClusterImpl.java:lambda$waitForClusterToBeReady$0(147)) - Waiting for cluster to be ready. Got 0 of 7 DN Heartbeats.
2019-10-14 10:09:34,249 [Datanode State Machine Thread - 0] INFO  datanode.InitDatanodeState (InitDatanodeState.java:persistContainerDatanodeDetails(140)) - DatanodeDetails is persisted to /workdir/hadoop-ozone/integration-test/target/test-dir/MiniOzoneClusterImpl-e80b5651-725a-4ba3-ba65-a0af2f9a2c78/datanode-6/meta/datanode.id
2019-10-14 10:09:35,244 [main] INFO  ozone.MiniOzoneClusterImpl (MiniOzoneClusterImpl.java:lambda$waitForClusterToBeReady$0(147)) - Waiting for cluster to be ready. Got 0 of 7 DN Heartbeats.
2019-10-14 10:09:35,791 [Datanode State Machine Thread - 0] INFO  ozoneimpl.OzoneContainer (OzoneContainer.java:start(213)) - Attempting to start container services.
2019-10-14 10:09:35,792 [Datanode State Machine Thread - 0] INFO  ozoneimpl.OzoneContainer (OzoneContainer.java:start(213)) - Attempting to start container services.
2019-10-14 10:09:35,802 [Datanode State Machine Thread - 0] INFO  ozoneimpl.OzoneContainer (OzoneContainer.java:startContainerScrub(177)) - Background container scanner has been disabled.
2019-10-14 10:09:35,803 [Datanode State Machine Thread - 0] INFO  ozoneimpl.OzoneContainer (OzoneContainer.java:startContainerScrub(177)) - Background container scanner has been disabled.
2019-10-14 10:09:35,804 [Datanode State Machine Thread - 0] INFO  ratis.XceiverServerRatis (XceiverServerRatis.java:start(418)) - Starting XceiverServerRatis 73f79e80-ae09-4d07-84c1-6a2068a5e547 at port 0
2019-10-14 10:09:35,804 [Datanode State Machine Thread - 0] INFO  ratis.XceiverServerRatis (XceiverServerRatis.java:start(418)) - Starting XceiverServerRatis 30733371-5fe2-4df7-9630-6aee27a201ad at port 0
2019-10-14 10:09:35,840 [Datanode State Machine Thread - 0] INFO  impl.RaftServerProxy (RaftServerProxy.java:lambda$start$3(299)) - 73f79e80-ae09-4d07-84c1-6a2068a5e547: start RPC server
2019-10-14 10:09:35,840 [Datanode State Machine Thread - 0] INFO  impl.RaftServerProxy (RaftServerProxy.java:lambda$start$3(299)) - 30733371-5fe2-4df7-9630-6aee27a201ad: start RPC server
2019-10-14 10:09:35,875 [Datanode State Machine Thread - 0] INFO  ozoneimpl.OzoneContainer (OzoneContainer.java:start(213)) - Attempting to start container services.
2019-10-14 10:09:35,880 [Datanode State Machine Thread - 0] INFO  ozoneimpl.OzoneContainer (OzoneContainer.java:startContainerScrub(177)) - Background container scanner has been disabled.
2019-10-14 10:09:35,880 [Datanode State Machine Thread - 0] INFO  ratis.XceiverServerRatis (XceiverServerRatis.java:start(418)) - Starting XceiverServerRatis 652f49f6-efee-4cad-87c2-78bc93b7301c at port 0
2019-10-14 10:09:35,889 [Datanode State Machine Thread - 0] INFO  impl.RaftServerProxy (RaftServerProxy.java:lambda$start$3(299)) - 652f49f6-efee-4cad-87c2-78bc93b7301c: start RPC server
2019-10-14 10:09:35,978 [Datanode State Machine Thread - 0] INFO  ozoneimpl.OzoneContainer (OzoneContainer.java:start(213)) - Attempting to start container services.
2019-10-14 10:09:35,979 [Datanode State Machine Thread - 0] INFO  ozoneimpl.OzoneContainer (OzoneContainer.java:startContainerScrub(177)) - Background container scanner has been disabled.
2019-10-14 10:09:35,979 [Datanode State Machine Thread - 0] INFO  ratis.XceiverServerRatis (XceiverServerRatis.java:start(418)) - Starting XceiverServerRatis 46eddc03-a99b-42b6-84bc-832a7f6ef5a9 at port 0
2019-10-14 10:09:35,989 [Datanode State Machine Thread - 0] INFO  impl.RaftServerProxy (RaftServerProxy.java:lambda$start$3(299)) - 46eddc03-a99b-42b6-84bc-832a7f6ef5a9: start RPC server
2019-10-14 10:09:36,038 [Datanode State Machine Thread - 0] INFO  server.GrpcService (GrpcService.java:startImpl(158)) - 73f79e80-ae09-4d07-84c1-6a2068a5e547: GrpcService started, listening on 0.0.0.0/0.0.0.0:37261
2019-10-14 10:09:36,039 [Datanode State Machine Thread - 0] INFO  server.GrpcService (GrpcService.java:startImpl(158)) - 30733371-5fe2-4df7-9630-6aee27a201ad: GrpcService started, listening on 0.0.0.0/0.0.0.0:34156
2019-10-14 10:09:36,038 [Datanode State Machine Thread - 0] INFO  server.GrpcService (GrpcService.java:startImpl(158)) - 46eddc03-a99b-42b6-84bc-832a7f6ef5a9: GrpcService started, listening on 0.0.0.0/0.0.0.0:42988
2019-10-14 10:09:36,038 [Datanode State Machine Thread - 0] INFO  server.GrpcService (GrpcService.java:startImpl(158)) - 652f49f6-efee-4cad-87c2-78bc93b7301c: GrpcService started, listening on 0.0.0.0/0.0.0.0:42393
2019-10-14 10:09:36,040 [Datanode State Machine Thread - 0] INFO  ratis.XceiverServerRatis (XceiverServerRatis.java:start(428)) - XceiverServerRatis 46eddc03-a99b-42b6-84bc-832a7f6ef5a9 is started using port 42988
2019-10-14 10:09:36,039 [Datanode State Machine Thread - 0] INFO  ratis.XceiverServerRatis (XceiverServerRatis.java:start(428)) - XceiverServerRatis 30733371-5fe2-4df7-9630-6aee27a201ad is started using port 34156
2019-10-14 10:09:36,039 [Datanode State Machine Thread - 0] INFO  ratis.XceiverServerRatis (XceiverServerRatis.java:start(428)) - XceiverServerRatis 73f79e80-ae09-4d07-84c1-6a2068a5e547 is started using port 37261
2019-10-14 10:09:36,040 [Datanode State Machine Thread - 0] INFO  ratis.XceiverServerRatis (XceiverServerRatis.java:start(428)) - XceiverServerRatis 652f49f6-efee-4cad-87c2-78bc93b7301c is started using port 42393
2019-10-14 10:09:36,049 [Datanode State Machine Thread - 0] INFO  server.XceiverServerGrpc (XceiverServerGrpc.java:start(149)) - XceiverServerGrpc 73f79e80-ae09-4d07-84c1-6a2068a5e547 is started using port 34603
2019-10-14 10:09:36,050 [Datanode State Machine Thread - 0] INFO  server.XceiverServerGrpc (XceiverServerGrpc.java:start(149)) - XceiverServerGrpc 652f49f6-efee-4cad-87c2-78bc93b7301c is started using port 35833
2019-10-14 10:09:36,050 [Datanode State Machine Thread - 0] INFO  server.XceiverServerGrpc (XceiverServerGrpc.java:start(149)) - XceiverServerGrpc 46eddc03-a99b-42b6-84bc-832a7f6ef5a9 is started using port 42228
2019-10-14 10:09:36,050 [Datanode State Machine Thread - 0] INFO  server.XceiverServerGrpc (XceiverServerGrpc.java:start(149)) - XceiverServerGrpc 30733371-5fe2-4df7-9630-6aee27a201ad is started using port 45667
2019-10-14 10:09:36,086 [Datanode State Machine Thread - 0] INFO  ozoneimpl.OzoneContainer (OzoneContainer.java:start(213)) - Attempting to start container services.
2019-10-14 10:09:36,087 [Datanode State Machine Thread - 0] INFO  ozoneimpl.OzoneContainer (OzoneContainer.java:startContainerScrub(177)) - Background container scanner has been disabled.
2019-10-14 10:09:36,087 [Datanode State Machine Thread - 0] INFO  ratis.XceiverServerRatis (XceiverServerRatis.java:start(418)) - Starting XceiverServerRatis 65a7bfda-34c2-405e-9399-a4fe92a2c009 at port 0
2019-10-14 10:09:36,096 [Datanode State Machine Thread - 0] INFO  impl.RaftServerProxy (RaftServerProxy.java:lambda$start$3(299)) - 65a7bfda-34c2-405e-9399-a4fe92a2c009: start RPC server
2019-10-14 10:09:36,100 [Datanode State Machine Thread - 0] INFO  server.GrpcService (GrpcService.java:startImpl(158)) - 65a7bfda-34c2-405e-9399-a4fe92a2c009: GrpcService started, listening on 0.0.0.0/0.0.0.0:45718
2019-10-14 10:09:36,100 [Datanode State Machine Thread - 0] INFO  ratis.XceiverServerRatis (XceiverServerRatis.java:start(428)) - XceiverServerRatis 65a7bfda-34c2-405e-9399-a4fe92a2c009 is started using port 45718
2019-10-14 10:09:36,103 [Datanode State Machine Thread - 0] INFO  server.XceiverServerGrpc (XceiverServerGrpc.java:start(149)) - XceiverServerGrpc 65a7bfda-34c2-405e-9399-a4fe92a2c009 is started using port 32788
2019-10-14 10:09:36,177 [Datanode State Machine Thread - 0] INFO  ozoneimpl.OzoneContainer (OzoneContainer.java:start(213)) - Attempting to start container services.
2019-10-14 10:09:36,177 [Datanode State Machine Thread - 0] INFO  ozoneimpl.OzoneContainer (OzoneContainer.java:startContainerScrub(177)) - Background container scanner has been disabled.
2019-10-14 10:09:36,178 [Datanode State Machine Thread - 0] INFO  ratis.XceiverServerRatis (XceiverServerRatis.java:start(418)) - Starting XceiverServerRatis bdbe18bf-b28b-47c4-9f24-91cefe90c4da at port 0
2019-10-14 10:09:36,185 [Datanode State Machine Thread - 0] INFO  impl.RaftServerProxy (RaftServerProxy.java:lambda$start$3(299)) - bdbe18bf-b28b-47c4-9f24-91cefe90c4da: start RPC server
2019-10-14 10:09:36,190 [Datanode State Machine Thread - 0] INFO  server.GrpcService (GrpcService.java:startImpl(158)) - bdbe18bf-b28b-47c4-9f24-91cefe90c4da: GrpcService started, listening on 0.0.0.0/0.0.0.0:42240
2019-10-14 10:09:36,190 [Datanode State Machine Thread - 0] INFO  ratis.XceiverServerRatis (XceiverServerRatis.java:start(428)) - XceiverServerRatis bdbe18bf-b28b-47c4-9f24-91cefe90c4da is started using port 42240
2019-10-14 10:09:36,195 [Datanode State Machine Thread - 0] INFO  server.XceiverServerGrpc (XceiverServerGrpc.java:start(149)) - XceiverServerGrpc bdbe18bf-b28b-47c4-9f24-91cefe90c4da is started using port 43268
2019-10-14 10:09:36,246 [main] INFO  ozone.MiniOzoneClusterImpl (MiniOzoneClusterImpl.java:lambda$waitForClusterToBeReady$0(147)) - Waiting for cluster to be ready. Got 0 of 7 DN Heartbeats.
2019-10-14 10:09:36,261 [Datanode State Machine Thread - 0] INFO  ozoneimpl.OzoneContainer (OzoneContainer.java:start(213)) - Attempting to start container services.
2019-10-14 10:09:36,261 [Datanode State Machine Thread - 0] INFO  ozoneimpl.OzoneContainer (OzoneContainer.java:startContainerScrub(177)) - Background container scanner has been disabled.
2019-10-14 10:09:36,261 [Datanode State Machine Thread - 0] INFO  ratis.XceiverServerRatis (XceiverServerRatis.java:start(418)) - Starting XceiverServerRatis 3d28f5e7-ba98-4c32-b67b-ae65f1c8618f at port 0
2019-10-14 10:09:36,269 [Datanode State Machine Thread - 0] INFO  impl.RaftServerProxy (RaftServerProxy.java:lambda$start$3(299)) - 3d28f5e7-ba98-4c32-b67b-ae65f1c8618f: start RPC server
2019-10-14 10:09:36,274 [Datanode State Machine Thread - 0] INFO  server.GrpcService (GrpcService.java:startImpl(158)) - 3d28f5e7-ba98-4c32-b67b-ae65f1c8618f: GrpcService started, listening on 0.0.0.0/0.0.0.0:40872
2019-10-14 10:09:36,274 [Datanode State Machine Thread - 0] INFO  ratis.XceiverServerRatis (XceiverServerRatis.java:start(428)) - XceiverServerRatis 3d28f5e7-ba98-4c32-b67b-ae65f1c8618f is started using port 40872
2019-10-14 10:09:36,278 [Datanode State Machine Thread - 0] INFO  server.XceiverServerGrpc (XceiverServerGrpc.java:start(149)) - XceiverServerGrpc 3d28f5e7-ba98-4c32-b67b-ae65f1c8618f is started using port 44976
2019-10-14 10:09:37,247 [main] INFO  ozone.MiniOzoneClusterImpl (MiniOzoneClusterImpl.java:lambda$waitForClusterToBeReady$0(147)) - Waiting for cluster to be ready. Got 0 of 7 DN Heartbeats.
2019-10-14 10:09:37,720 [IPC Server handler 6 on 36743] INFO  net.NetworkTopology (NetworkTopologyImpl.java:add(111)) - Added a new node: /default-rack/73f79e80-ae09-4d07-84c1-6a2068a5e547
2019-10-14 10:09:37,723 [IPC Server handler 6 on 36743] INFO  node.SCMNodeManager (SCMNodeManager.java:register(268)) - Registered Data node : 73f79e80-ae09-4d07-84c1-6a2068a5e547{ip: 192.168.5.145, host: pr-hdds-2297-rpftj-184604365, networkLocation: /default-rack, certSerialId: null}
2019-10-14 10:09:37,726 [EventQueue-NodeRegistrationContainerReportForDataNodeSafeModeRule] INFO  safemode.SCMSafeModeManager (DataNodeSafeModeRule.java:process(71)) - SCM in safe mode. 1 DataNodes registered, 1 required.
2019-10-14 10:09:37,726 [EventQueue-NodeRegistrationContainerReportForDataNodeSafeModeRule] INFO  safemode.SCMSafeModeManager (SCMSafeModeManager.java:validateSafeModeExitRules(177)) - ScmSafeModeManager, all rules are successfully validated
2019-10-14 10:09:37,727 [EventQueue-NodeRegistrationContainerReportForDataNodeSafeModeRule] INFO  safemode.SCMSafeModeManager (SCMSafeModeManager.java:exitSafeMode(193)) - SCM exiting safe mode.
2019-10-14 10:09:37,778 [IPC Server handler 9 on 36743] INFO  net.NetworkTopology (NetworkTopologyImpl.java:add(111)) - Added a new node: /default-rack/30733371-5fe2-4df7-9630-6aee27a201ad
2019-10-14 10:09:37,779 [IPC Server handler 9 on 36743] INFO  node.SCMNodeManager (SCMNodeManager.java:register(268)) - Registered Data node : 30733371-5fe2-4df7-9630-6aee27a201ad{ip: 192.168.5.145, host: pr-hdds-2297-rpftj-184604365, networkLocation: /default-rack, certSerialId: null}
2019-10-14 10:09:37,862 [IPC Server handler 0 on 36743] INFO  net.NetworkTopology (NetworkTopologyImpl.java:add(111)) - Added a new node: /default-rack/652f49f6-efee-4cad-87c2-78bc93b7301c
2019-10-14 10:09:37,862 [IPC Server handler 0 on 36743] INFO  node.SCMNodeManager (SCMNodeManager.java:register(268)) - Registered Data node : 652f49f6-efee-4cad-87c2-78bc93b7301c{ip: 192.168.5.145, host: pr-hdds-2297-rpftj-184604365, networkLocation: /default-rack, certSerialId: null}
2019-10-14 10:09:37,965 [IPC Server handler 11 on 36743] INFO  net.NetworkTopology (NetworkTopologyImpl.java:add(111)) - Added a new node: /default-rack/46eddc03-a99b-42b6-84bc-832a7f6ef5a9
2019-10-14 10:09:37,965 [IPC Server handler 11 on 36743] INFO  node.SCMNodeManager (SCMNodeManager.java:register(268)) - Registered Data node : 46eddc03-a99b-42b6-84bc-832a7f6ef5a9{ip: 192.168.5.145, host: pr-hdds-2297-rpftj-184604365, networkLocation: /default-rack, certSerialId: null}
2019-10-14 10:09:38,068 [IPC Server handler 7 on 36743] INFO  net.NetworkTopology (NetworkTopologyImpl.java:add(111)) - Added a new node: /default-rack/65a7bfda-34c2-405e-9399-a4fe92a2c009
2019-10-14 10:09:38,068 [IPC Server handler 7 on 36743] INFO  node.SCMNodeManager (SCMNodeManager.java:register(268)) - Registered Data node : 65a7bfda-34c2-405e-9399-a4fe92a2c009{ip: 192.168.5.145, host: pr-hdds-2297-rpftj-184604365, networkLocation: /default-rack, certSerialId: null}
2019-10-14 10:09:38,163 [IPC Server handler 4 on 36743] INFO  net.NetworkTopology (NetworkTopologyImpl.java:add(111)) - Added a new node: /default-rack/bdbe18bf-b28b-47c4-9f24-91cefe90c4da
2019-10-14 10:09:38,163 [IPC Server handler 4 on 36743] INFO  node.SCMNodeManager (SCMNodeManager.java:register(268)) - Registered Data node : bdbe18bf-b28b-47c4-9f24-91cefe90c4da{ip: 192.168.5.145, host: pr-hdds-2297-rpftj-184604365, networkLocation: /default-rack, certSerialId: null}
2019-10-14 10:09:38,247 [main] INFO  ozone.MiniOzoneClusterImpl (MiniOzoneClusterImpl.java:lambda$waitForClusterToBeReady$0(147)) - Cluster is ready. Got 7 of 7 DN Heartbeats.
2019-10-14 10:09:38,248 [IPC Server handler 5 on 36743] INFO  net.NetworkTopology (NetworkTopologyImpl.java:add(111)) - Added a new node: /default-rack/3d28f5e7-ba98-4c32-b67b-ae65f1c8618f
2019-10-14 10:09:38,248 [IPC Server handler 5 on 36743] INFO  node.SCMNodeManager (SCMNodeManager.java:register(268)) - Registered Data node : 3d28f5e7-ba98-4c32-b67b-ae65f1c8618f{ip: 192.168.5.145, host: pr-hdds-2297-rpftj-184604365, networkLocation: /default-rack, certSerialId: null}
2019-10-14 10:09:38,317 [grpc-default-executor-0] INFO  impl.RaftServerProxy (RaftServerProxy.java:addNew(89)) - 73f79e80-ae09-4d07-84c1-6a2068a5e547: addNew group-6EBDEFA99BE4:[73f79e80-ae09-4d07-84c1-6a2068a5e547:192.168.5.145:37261] returns group-6EBDEFA99BE4:java.util.concurrent.CompletableFuture@30bd2083[Not completed]
2019-10-14 10:09:38,337 [pool-27-thread-1] INFO  impl.RaftServerImpl (RaftServerImpl.java:<init>(95)) - 73f79e80-ae09-4d07-84c1-6a2068a5e547: new RaftServerImpl for group-6EBDEFA99BE4:[73f79e80-ae09-4d07-84c1-6a2068a5e547:192.168.5.145:37261] with ContainerStateMachine:uninitialized
2019-10-14 10:09:38,340 [pool-27-thread-1] INFO  server.RaftServerConfigKeys (ConfUtils.java:logGet(43)) - raft.server.rpc.timeout.min = 5s (custom)
2019-10-14 10:09:38,342 [pool-27-thread-1] INFO  server.RaftServerConfigKeys (ConfUtils.java:logGet(43)) - raft.server.rpc.timeout.max = 5200ms (custom)
2019-10-14 10:09:38,342 [pool-27-thread-1] INFO  server.RaftServerConfigKeys (ConfUtils.java:logGet(43)) - raft.server.rpcslowness.timeout = 120s (custom)
2019-10-14 10:09:38,344 [pool-27-thread-1] INFO  server.RaftServerConfigKeys (ConfUtils.java:logGet(43)) - raft.server.sleep.deviation.threshold = 300 (default)
2019-10-14 10:09:38,345 [pool-27-thread-1] INFO  server.RaftServerConfigKeys (ConfUtils.java:logGet(43)) - raft.server.log.appender.install.snapshot.enabled = false (custom)
2019-10-14 10:09:38,356 [pool-27-thread-1] INFO  impl.RaftServerImpl (ServerState.java:<init>(103)) - 73f79e80-ae09-4d07-84c1-6a2068a5e547@group-6EBDEFA99BE4: ConfigurationManager, init=-1: [73f79e80-ae09-4d07-84c1-6a2068a5e547:192.168.5.145:37261], old=null, confs=<EMPTY_MAP>
2019-10-14 10:09:38,356 [pool-27-thread-1] INFO  server.RaftServerConfigKeys (ConfUtils.java:logGet(43)) - raft.server.storage.dir = [/workdir/hadoop-ozone/integration-test/target/test-dir/MiniOzoneClusterImpl-e80b5651-725a-4ba3-ba65-a0af2f9a2c78/datanode-0/data/ratis] (custom)
2019-10-14 10:09:38,365 [pool-27-thread-1] INFO  server.RaftServerConfigKeys (ConfUtils.java:logGet(43)) - raft.server.log.corruption.policy = EXCEPTION (default)
2019-10-14 10:09:38,367 [pool-27-thread-1] INFO  storage.RaftStorageDirectory (RaftStorageDirectory.java:analyzeStorage(246)) - The storage directory /workdir/hadoop-ozone/integration-test/target/test-dir/MiniOzoneClusterImpl-e80b5651-725a-4ba3-ba65-a0af2f9a2c78/datanode-0/data/ratis/b5e2b8bd-a58c-40ed-9ef6-6ebdefa99be4 does not exist. Creating ...
2019-10-14 10:09:38,398 [pool-27-thread-1] INFO  storage.RaftStorageDirectory (RaftStorageDirectory.java:tryLock(328)) - Lock on /workdir/hadoop-ozone/integration-test/target/test-dir/MiniOzoneClusterImpl-e80b5651-725a-4ba3-ba65-a0af2f9a2c78/datanode-0/data/ratis/b5e2b8bd-a58c-40ed-9ef6-6ebdefa99be4/in_use.lock acquired by nodename 31981@pr-hdds-2297-rpftj-184604365
2019-10-14 10:09:38,413 [pool-27-thread-1] INFO  storage.RaftStorage (RaftStorage.java:format(84)) - Storage directory /workdir/hadoop-ozone/integration-test/target/test-dir/MiniOzoneClusterImpl-e80b5651-725a-4ba3-ba65-a0af2f9a2c78/datanode-0/data/ratis/b5e2b8bd-a58c-40ed-9ef6-6ebdefa99be4 has been successfully formatted.
2019-10-14 10:09:38,415 [pool-27-thread-1] INFO  ratis.ContainerStateMachine (ContainerStateMachine.java:loadSnapshot(231)) - group-6EBDEFA99BE4: The snapshot info is null. Setting the last applied indexto:(t:0, i:~)
2019-10-14 10:09:38,416 [pool-27-thread-1] INFO  server.RaftServerConfigKeys (ConfUtils.java:logGet(43)) - raft.server.notification.no-leader.timeout = 120s (custom)
2019-10-14 10:09:38,418 [pool-27-thread-1] INFO  server.RaftServerConfigKeys (ConfUtils.java:logGet(43)) - raft.server.log.use.memory = false (default)
2019-10-14 10:09:38,425 [pool-27-thread-1] INFO  server.RaftServerConfigKeys (ConfUtils.java:logGet(43)) - raft.server.log.purge.gap = 1000000 (custom)
2019-10-14 10:09:38,425 [pool-27-thread-1] INFO  server.RaftServerConfigKeys (ConfUtils.java:logGet(43)) - raft.server.log.appender.buffer.byte-limit = 33554432 (custom)
2019-10-14 10:09:38,428 [pool-27-thread-1] INFO  server.RaftServerConfigKeys (ConfUtils.java:logGet(43)) - raft.server.log.segment.size.max = 1048576 (custom)
2019-10-14 10:09:38,430 [pool-27-thread-1] INFO  impl.MetricsSystemImpl (MetricsSystemImpl.java:init(158)) - ratis metrics system started (again)
2019-10-14 10:09:38,435 [pool-27-thread-1] INFO  metrics.MetricRegistries (MetricRegistriesLoader.java:load(64)) - Loaded MetricRegistries class org.apache.ratis.metrics.impl.MetricRegistriesImpl
2019-10-14 10:09:38,485 [pool-27-thread-1] INFO  server.RaftServerConfigKeys (ConfUtils.java:logGet(43)) - raft.server.log.segment.cache.num.max = 2 (custom)
2019-10-14 10:09:38,494 [pool-27-thread-1] INFO  segmented.SegmentedRaftLogWorker (SegmentedRaftLogWorker.java:<init>(173)) - new 73f79e80-ae09-4d07-84c1-6a2068a5e547@group-6EBDEFA99BE4-SegmentedRaftLogWorker for RaftStorage:Storage Directory /workdir/hadoop-ozone/integration-test/target/test-dir/MiniOzoneClusterImpl-e80b5651-725a-4ba3-ba65-a0af2f9a2c78/datanode-0/data/ratis/b5e2b8bd-a58c-40ed-9ef6-6ebdefa99be4
2019-10-14 10:09:38,495 [pool-27-thread-1] INFO  server.RaftServerConfigKeys (ConfUtils.java:logGet(43)) - raft.server.log.queue.byte-limit = 2147483647 (custom)
2019-10-14 10:09:38,496 [pool-27-thread-1] INFO  server.RaftServerConfigKeys (ConfUtils.java:logGet(43)) - raft.server.log.queue.element-limit = 1024 (custom)
2019-10-14 10:09:38,498 [pool-27-thread-1] INFO  server.RaftServerConfigKeys (ConfUtils.java:logGet(43)) - raft.server.log.segment.size.max = 1048576 (custom)
2019-10-14 10:09:38,499 [pool-27-thread-1] INFO  server.RaftServerConfigKeys (ConfUtils.java:logGet(43)) - raft.server.log.preallocated.size = 16384 (custom)
2019-10-14 10:09:38,499 [pool-27-thread-1] INFO  server.RaftServerConfigKeys (ConfUtils.java:logGet(43)) - raft.server.log.write.buffer.size = 33554432 (custom)
2019-10-14 10:09:38,500 [pool-27-thread-1] INFO  server.RaftServerConfigKeys (ConfUtils.java:logGet(43)) - raft.server.log.force.sync.num = 128 (default)
2019-10-14 10:09:38,502 [pool-27-thread-1] INFO  server.RaftServerConfigKeys (ConfUtils.java:logGet(43)) - raft.server.log.statemachine.data.sync = true (default)
2019-10-14 10:09:38,502 [pool-27-thread-1] INFO  server.RaftServerConfigKeys (ConfUtils.java:logGet(43)) - raft.server.log.statemachine.data.sync.timeout = 10s (default)
2019-10-14 10:09:38,503 [pool-27-thread-1] INFO  server.RaftServerConfigKeys (ConfUtils.java:logGet(43)) - raft.server.log.statemachine.data.sync.timeout.retry = -1 (default)
2019-10-14 10:09:38,520 [pool-27-thread-1] INFO  server.RaftServerConfigKeys (ConfUtils.java:logGet(43)) - raft.server.log.statemachine.data.caching.enabled = true (custom)
2019-10-14 10:09:38,526 [pool-27-thread-1] INFO  segmented.SegmentedRaftLogWorker (SegmentedRaftLogWorker.java:lambda$new$0(128)) - 73f79e80-ae09-4d07-84c1-6a2068a5e547@group-6EBDEFA99BE4-SegmentedRaftLogWorker: flushIndex: setUnconditionally 0 -> -1
2019-10-14 10:09:38,532 [pool-27-thread-1] INFO  server.RaftServerConfigKeys (ConfUtils.java:logGet(43)) - raft.server.snapshot.auto.trigger.enabled = true (custom)
2019-10-14 10:09:38,533 [pool-27-thread-1] INFO  server.RaftServerConfigKeys (ConfUtils.java:logGet(43)) - raft.server.snapshot.auto.trigger.threshold = 10000 (custom)
2019-10-14 10:09:38,534 [pool-27-thread-1] INFO  server.RaftServerConfigKeys (ConfUtils.java:logGet(43)) - raft.server.snapshot.retention.file.num = 5 (custom)
2019-10-14 10:09:38,535 [pool-27-thread-1] INFO  server.RaftServerConfigKeys (ConfUtils.java:logGet(43)) - raft.server.retrycache.expirytime = 600000ms (custom)
2019-10-14 10:09:38,569 [pool-27-thread-1] INFO  impl.RaftServerImpl (RaftServerImpl.java:start(181)) - 73f79e80-ae09-4d07-84c1-6a2068a5e547@group-6EBDEFA99BE4: start as a follower, conf=-1: [73f79e80-ae09-4d07-84c1-6a2068a5e547:192.168.5.145:37261], old=null
2019-10-14 10:09:38,570 [pool-27-thread-1] INFO  impl.RaftServerImpl (RaftServerImpl.java:setRole(170)) - 73f79e80-ae09-4d07-84c1-6a2068a5e547@group-6EBDEFA99BE4: changes role from      null to FOLLOWER at term 0 for startAsFollower
2019-10-14 10:09:38,571 [pool-27-thread-1] INFO  impl.RoleInfo (RoleInfo.java:updateAndGet(143)) - 73f79e80-ae09-4d07-84c1-6a2068a5e547: start FollowerState
2019-10-14 10:09:38,574 [pool-27-thread-1] INFO  util.JmxRegister (JmxRegister.java:tryRegister(44)) - Successfully registered JMX Bean with object name Ratis:service=RaftServer,group=group-6EBDEFA99BE4,id=73f79e80-ae09-4d07-84c1-6a2068a5e547
2019-10-14 10:09:38,655 [RatisPipelineUtilsThread] INFO  pipeline.PipelineStateManager (PipelineStateManager.java:addPipeline(56)) - Created pipeline Pipeline[ Id: b5e2b8bd-a58c-40ed-9ef6-6ebdefa99be4, Nodes: 73f79e80-ae09-4d07-84c1-6a2068a5e547{ip: 192.168.5.145, host: pr-hdds-2297-rpftj-184604365, networkLocation: /default-rack, certSerialId: null}, Type:RATIS, Factor:ONE, State:OPEN]
2019-10-14 10:09:38,711 [grpc-default-executor-0] INFO  impl.RaftServerProxy (RaftServerProxy.java:addNew(89)) - 46eddc03-a99b-42b6-84bc-832a7f6ef5a9: addNew group-E7369719462A:[46eddc03-a99b-42b6-84bc-832a7f6ef5a9:192.168.5.145:42988] returns group-E7369719462A:java.util.concurrent.CompletableFuture@5e2c39ed[Not completed]
2019-10-14 10:09:38,769 [pool-57-thread-1] INFO  impl.RaftServerImpl (RaftServerImpl.java:<init>(95)) - 46eddc03-a99b-42b6-84bc-832a7f6ef5a9: new RaftServerImpl for group-E7369719462A:[46eddc03-a99b-42b6-84bc-832a7f6ef5a9:192.168.5.145:42988] with ContainerStateMachine:uninitialized
2019-10-14 10:09:38,770 [pool-57-thread-1] INFO  server.RaftServerConfigKeys (ConfUtils.java:logGet(43)) - raft.server.rpc.timeout.min = 5s (custom)
2019-10-14 10:09:38,770 [pool-57-thread-1] INFO  server.RaftServerConfigKeys (ConfUtils.java:logGet(43)) - raft.server.rpc.timeout.max = 5200ms (custom)
2019-10-14 10:09:38,771 [pool-57-thread-1] INFO  server.RaftServerConfigKeys (ConfUtils.java:logGet(43)) - raft.server.rpcslowness.timeout = 120s (custom)
2019-10-14 10:09:38,771 [pool-57-thread-1] INFO  server.RaftServerConfigKeys (ConfUtils.java:logGet(43)) - raft.server.sleep.deviation.threshold = 300 (default)
2019-10-14 10:09:38,771 [pool-57-thread-1] INFO  server.RaftServerConfigKeys (ConfUtils.java:logGet(43)) - raft.server.log.appender.install.snapshot.enabled = false (custom)
2019-10-14 10:09:38,771 [pool-57-thread-1] INFO  impl.RaftServerImpl (ServerState.java:<init>(103)) - 46eddc03-a99b-42b6-84bc-832a7f6ef5a9@group-E7369719462A: ConfigurationManager, init=-1: [46eddc03-a99b-42b6-84bc-832a7f6ef5a9:192.168.5.145:42988], old=null, confs=<EMPTY_MAP>
2019-10-14 10:09:38,772 [pool-57-thread-1] INFO  server.RaftServerConfigKeys (ConfUtils.java:logGet(43)) - raft.server.storage.dir = [/workdir/hadoop-ozone/integration-test/target/test-dir/MiniOzoneClusterImpl-e80b5651-725a-4ba3-ba65-a0af2f9a2c78/datanode-3/data/ratis] (custom)
2019-10-14 10:09:38,772 [pool-57-thread-1] INFO  server.RaftServerConfigKeys (ConfUtils.java:logGet(43)) - raft.server.log.corruption.policy = EXCEPTION (default)
2019-10-14 10:09:38,772 [pool-57-thread-1] INFO  storage.RaftStorageDirectory (RaftStorageDirectory.java:analyzeStorage(246)) - The storage directory /workdir/hadoop-ozone/integration-test/target/test-dir/MiniOzoneClusterImpl-e80b5651-725a-4ba3-ba65-a0af2f9a2c78/datanode-3/data/ratis/3a918adf-0130-4dc2-b08a-e7369719462a does not exist. Creating ...
2019-10-14 10:09:38,799 [pool-57-thread-1] INFO  storage.RaftStorageDirectory (RaftStorageDirectory.java:tryLock(328)) - Lock on /workdir/hadoop-ozone/integration-test/target/test-dir/MiniOzoneClusterImpl-e80b5651-725a-4ba3-ba65-a0af2f9a2c78/datanode-3/data/ratis/3a918adf-0130-4dc2-b08a-e7369719462a/in_use.lock acquired by nodename 31981@pr-hdds-2297-rpftj-184604365
2019-10-14 10:09:38,816 [pool-57-thread-1] INFO  storage.RaftStorage (RaftStorage.java:format(84)) - Storage directory /workdir/hadoop-ozone/integration-test/target/test-dir/MiniOzoneClusterImpl-e80b5651-725a-4ba3-ba65-a0af2f9a2c78/datanode-3/data/ratis/3a918adf-0130-4dc2-b08a-e7369719462a has been successfully formatted.
2019-10-14 10:09:38,818 [pool-57-thread-1] INFO  ratis.ContainerStateMachine (ContainerStateMachine.java:loadSnapshot(231)) - group-E7369719462A: The snapshot info is null. Setting the last applied indexto:(t:0, i:~)
2019-10-14 10:09:38,819 [pool-57-thread-1] INFO  server.RaftServerConfigKeys (ConfUtils.java:logGet(43)) - raft.server.notification.no-leader.timeout = 120s (custom)
2019-10-14 10:09:38,819 [pool-57-thread-1] INFO  server.RaftServerConfigKeys (ConfUtils.java:logGet(43)) - raft.server.log.use.memory = false (default)
2019-10-14 10:09:38,819 [pool-57-thread-1] INFO  server.RaftServerConfigKeys (ConfUtils.java:logGet(43)) - raft.server.log.purge.gap = 1000000 (custom)
2019-10-14 10:09:38,820 [pool-57-thread-1] INFO  server.RaftServerConfigKeys (ConfUtils.java:logGet(43)) - raft.server.log.appender.buffer.byte-limit = 33554432 (custom)
2019-10-14 10:09:38,820 [pool-57-thread-1] INFO  server.RaftServerConfigKeys (ConfUtils.java:logGet(43)) - raft.server.log.segment.size.max = 1048576 (custom)
2019-10-14 10:09:38,826 [pool-57-thread-1] INFO  server.RaftServerConfigKeys (ConfUtils.java:logGet(43)) - raft.server.log.segment.cache.num.max = 2 (custom)
2019-10-14 10:09:38,827 [pool-57-thread-1] INFO  segmented.SegmentedRaftLogWorker (SegmentedRaftLogWorker.java:<init>(173)) - new 46eddc03-a99b-42b6-84bc-832a7f6ef5a9@group-E7369719462A-SegmentedRaftLogWorker for RaftStorage:Storage Directory /workdir/hadoop-ozone/integration-test/target/test-dir/MiniOzoneClusterImpl-e80b5651-725a-4ba3-ba65-a0af2f9a2c78/datanode-3/data/ratis/3a918adf-0130-4dc2-b08a-e7369719462a
2019-10-14 10:09:38,828 [pool-57-thread-1] INFO  server.RaftServerConfigKeys (ConfUtils.java:logGet(43)) - raft.server.log.queue.byte-limit = 2147483647 (custom)
2019-10-14 10:09:38,828 [pool-57-thread-1] INFO  server.RaftServerConfigKeys (ConfUtils.java:logGet(43)) - raft.server.log.queue.element-limit = 1024 (custom)
2019-10-14 10:09:38,828 [pool-57-thread-1] INFO  server.RaftServerConfigKeys (ConfUtils.java:logGet(43)) - raft.server.log.segment.size.max = 1048576 (custom)
2019-10-14 10:09:38,828 [pool-57-thread-1] INFO  server.RaftServerConfigKeys (ConfUtils.java:logGet(43)) - raft.server.log.preallocated.size = 16384 (custom)
2019-10-14 10:09:38,829 [pool-57-thread-1] INFO  server.RaftServerConfigKeys (ConfUtils.java:logGet(43)) - raft.server.log.write.buffer.size = 33554432 (custom)
2019-10-14 10:09:38,829 [pool-57-thread-1] INFO  server.RaftServerConfigKeys (ConfUtils.java:logGet(43)) - raft.server.log.force.sync.num = 128 (default)
2019-10-14 10:09:38,829 [pool-57-thread-1] INFO  server.RaftServerConfigKeys (ConfUtils.java:logGet(43)) - raft.server.log.statemachine.data.sync = true (default)
2019-10-14 10:09:38,829 [pool-57-thread-1] INFO  server.RaftServerConfigKeys (ConfUtils.java:logGet(43)) - raft.server.log.statemachine.data.sync.timeout = 10s (default)
2019-10-14 10:09:38,829 [pool-57-thread-1] INFO  server.RaftServerConfigKeys (ConfUtils.java:logGet(43)) - raft.server.log.statemachine.data.sync.timeout.retry = -1 (default)
2019-10-14 10:09:38,830 [pool-57-thread-1] INFO  server.RaftServerConfigKeys (ConfUtils.java:logGet(43)) - raft.server.log.statemachine.data.caching.enabled = true (custom)
2019-10-14 10:09:38,831 [pool-57-thread-1] INFO  segmented.SegmentedRaftLogWorker (SegmentedRaftLogWorker.java:lambda$new$0(128)) - 46eddc03-a99b-42b6-84bc-832a7f6ef5a9@group-E7369719462A-SegmentedRaftLogWorker: flushIndex: setUnconditionally 0 -> -1
2019-10-14 10:09:38,831 [pool-57-thread-1] INFO  server.RaftServerConfigKeys (ConfUtils.java:logGet(43)) - raft.server.snapshot.auto.trigger.enabled = true (custom)
2019-10-14 10:09:38,832 [pool-57-thread-1] INFO  server.RaftServerConfigKeys (ConfUtils.java:logGet(43)) - raft.server.snapshot.auto.trigger.threshold = 10000 (custom)
2019-10-14 10:09:38,832 [pool-57-thread-1] INFO  server.RaftServerConfigKeys (ConfUtils.java:logGet(43)) - raft.server.snapshot.retention.file.num = 5 (custom)
2019-10-14 10:09:38,832 [pool-57-thread-1] INFO  server.RaftServerConfigKeys (ConfUtils.java:logGet(43)) - raft.server.retrycache.expirytime = 600000ms (custom)
2019-10-14 10:09:38,838 [pool-57-thread-1] INFO  impl.RaftServerImpl (RaftServerImpl.java:start(181)) - 46eddc03-a99b-42b6-84bc-832a7f6ef5a9@group-E7369719462A: start as a follower, conf=-1: [46eddc03-a99b-42b6-84bc-832a7f6ef5a9:192.168.5.145:42988], old=null
2019-10-14 10:09:38,838 [pool-57-thread-1] INFO  impl.RaftServerImpl (RaftServerImpl.java:setRole(170)) - 46eddc03-a99b-42b6-84bc-832a7f6ef5a9@group-E7369719462A: changes role from      null to FOLLOWER at term 0 for startAsFollower
2019-10-14 10:09:38,838 [pool-57-thread-1] INFO  impl.RoleInfo (RoleInfo.java:updateAndGet(143)) - 46eddc03-a99b-42b6-84bc-832a7f6ef5a9: start FollowerState
2019-10-14 10:09:38,841 [pool-57-thread-1] INFO  util.JmxRegister (JmxRegister.java:tryRegister(44)) - Successfully registered JMX Bean with object name Ratis:service=RaftServer,group=group-E7369719462A,id=46eddc03-a99b-42b6-84bc-832a7f6ef5a9
2019-10-14 10:09:38,868 [RatisPipelineUtilsThread] INFO  pipeline.PipelineStateManager (PipelineStateManager.java:addPipeline(56)) - Created pipeline Pipeline[ Id: 3a918adf-0130-4dc2-b08a-e7369719462a, Nodes: 46eddc03-a99b-42b6-84bc-832a7f6ef5a9{ip: 192.168.5.145, host: pr-hdds-2297-rpftj-184604365, networkLocation: /default-rack, certSerialId: null}, Type:RATIS, Factor:ONE, State:OPEN]
2019-10-14 10:09:38,901 [grpc-default-executor-0] INFO  impl.RaftServerProxy (RaftServerProxy.java:addNew(89)) - 30733371-5fe2-4df7-9630-6aee27a201ad: addNew group-B06594023DDB:[30733371-5fe2-4df7-9630-6aee27a201ad:192.168.5.145:34156] returns group-B06594023DDB:java.util.concurrent.CompletableFuture@735bd6b8[Not completed]
2019-10-14 10:09:38,938 [pool-37-thread-1] INFO  impl.RaftServerImpl (RaftServerImpl.java:<init>(95)) - 30733371-5fe2-4df7-9630-6aee27a201ad: new RaftServerImpl for group-B06594023DDB:[30733371-5fe2-4df7-9630-6aee27a201ad:192.168.5.145:34156] with ContainerStateMachine:uninitialized
2019-10-14 10:09:38,939 [pool-37-thread-1] INFO  server.RaftServerConfigKeys (ConfUtils.java:logGet(43)) - raft.server.rpc.timeout.min = 5s (custom)
2019-10-14 10:09:38,939 [pool-37-thread-1] INFO  server.RaftServerConfigKeys (ConfUtils.java:logGet(43)) - raft.server.rpc.timeout.max = 5200ms (custom)
2019-10-14 10:09:38,939 [pool-37-thread-1] INFO  server.RaftServerConfigKeys (ConfUtils.java:logGet(43)) - raft.server.rpcslowness.timeout = 120s (custom)
2019-10-14 10:09:38,939 [pool-37-thread-1] INFO  server.RaftServerConfigKeys (ConfUtils.java:logGet(43)) - raft.server.sleep.deviation.threshold = 300 (default)
2019-10-14 10:09:38,939 [pool-37-thread-1] INFO  server.RaftServerConfigKeys (ConfUtils.java:logGet(43)) - raft.server.log.appender.install.snapshot.enabled = false (custom)
2019-10-14 10:09:38,939 [pool-37-thread-1] INFO  impl.RaftServerImpl (ServerState.java:<init>(103)) - 30733371-5fe2-4df7-9630-6aee27a201ad@group-B06594023DDB: ConfigurationManager, init=-1: [30733371-5fe2-4df7-9630-6aee27a201ad:192.168.5.145:34156], old=null, confs=<EMPTY_MAP>
2019-10-14 10:09:38,940 [pool-37-thread-1] INFO  server.RaftServerConfigKeys (ConfUtils.java:logGet(43)) - raft.server.storage.dir = [/workdir/hadoop-ozone/integration-test/target/test-dir/MiniOzoneClusterImpl-e80b5651-725a-4ba3-ba65-a0af2f9a2c78/datanode-1/data/ratis] (custom)
2019-10-14 10:09:38,940 [pool-37-thread-1] INFO  server.RaftServerConfigKeys (ConfUtils.java:logGet(43)) - raft.server.log.corruption.policy = EXCEPTION (default)
2019-10-14 10:09:38,940 [pool-37-thread-1] INFO  storage.RaftStorageDirectory (RaftStorageDirectory.java:analyzeStorage(246)) - The storage directory /workdir/hadoop-ozone/integration-test/target/test-dir/MiniOzoneClusterImpl-e80b5651-725a-4ba3-ba65-a0af2f9a2c78/datanode-1/data/ratis/1c347b9b-595c-4209-8fd0-b06594023ddb does not exist. Creating ...
2019-10-14 10:09:38,954 [pool-37-thread-1] INFO  storage.RaftStorageDirectory (RaftStorageDirectory.java:tryLock(328)) - Lock on /workdir/hadoop-ozone/integration-test/target/test-dir/MiniOzoneClusterImpl-e80b5651-725a-4ba3-ba65-a0af2f9a2c78/datanode-1/data/ratis/1c347b9b-595c-4209-8fd0-b06594023ddb/in_use.lock acquired by nodename 31981@pr-hdds-2297-rpftj-184604365
2019-10-14 10:09:38,968 [pool-37-thread-1] INFO  storage.RaftStorage (RaftStorage.java:format(84)) - Storage directory /workdir/hadoop-ozone/integration-test/target/test-dir/MiniOzoneClusterImpl-e80b5651-725a-4ba3-ba65-a0af2f9a2c78/datanode-1/data/ratis/1c347b9b-595c-4209-8fd0-b06594023ddb has been successfully formatted.
2019-10-14 10:09:38,968 [pool-37-thread-1] INFO  ratis.ContainerStateMachine (ContainerStateMachine.java:loadSnapshot(231)) - group-B06594023DDB: The snapshot info is null. Setting the last applied indexto:(t:0, i:~)
2019-10-14 10:09:38,968 [pool-37-thread-1] INFO  server.RaftServerConfigKeys (ConfUtils.java:logGet(43)) - raft.server.notification.no-leader.timeout = 120s (custom)
2019-10-14 10:09:38,968 [pool-37-thread-1] INFO  server.RaftServerConfigKeys (ConfUtils.java:logGet(43)) - raft.server.log.use.memory = false (default)
2019-10-14 10:09:38,968 [pool-37-thread-1] INFO  server.RaftServerConfigKeys (ConfUtils.java:logGet(43)) - raft.server.log.purge.gap = 1000000 (custom)
2019-10-14 10:09:38,968 [pool-37-thread-1] INFO  server.RaftServerConfigKeys (ConfUtils.java:logGet(43)) - raft.server.log.appender.buffer.byte-limit = 33554432 (custom)
2019-10-14 10:09:38,969 [pool-37-thread-1] INFO  server.RaftServerConfigKeys (ConfUtils.java:logGet(43)) - raft.server.log.segment.size.max = 1048576 (custom)
2019-10-14 10:09:38,996 [pool-37-thread-1] INFO  server.RaftServerConfigKeys (ConfUtils.java:logGet(43)) - raft.server.log.segment.cache.num.max = 2 (custom)
2019-10-14 10:09:38,996 [pool-37-thread-1] INFO  segmented.SegmentedRaftLogWorker (SegmentedRaftLogWorker.java:<init>(173)) - new 30733371-5fe2-4df7-9630-6aee27a201ad@group-B06594023DDB-SegmentedRaftLogWorker for RaftStorage:Storage Directory /workdir/hadoop-ozone/integration-test/target/test-dir/MiniOzoneClusterImpl-e80b5651-725a-4ba3-ba65-a0af2f9a2c78/datanode-1/data/ratis/1c347b9b-595c-4209-8fd0-b06594023ddb
2019-10-14 10:09:38,996 [pool-37-thread-1] INFO  server.RaftServerConfigKeys (ConfUtils.java:logGet(43)) - raft.server.log.queue.byte-limit = 2147483647 (custom)
2019-10-14 10:09:38,996 [pool-37-thread-1] INFO  server.RaftServerConfigKeys (ConfUtils.java:logGet(43)) - raft.server.log.queue.element-limit = 1024 (custom)
2019-10-14 10:09:38,996 [pool-37-thread-1] INFO  server.RaftServerConfigKeys (ConfUtils.java:logGet(43)) - raft.server.log.segment.size.max = 1048576 (custom)
2019-10-14 10:09:38,996 [pool-37-thread-1] INFO  server.RaftServerConfigKeys (ConfUtils.java:logGet(43)) - raft.server.log.preallocated.size = 16384 (custom)
2019-10-14 10:09:38,997 [pool-37-thread-1] INFO  server.RaftServerConfigKeys (ConfUtils.java:logGet(43)) - raft.server.log.write.buffer.size = 33554432 (custom)
2019-10-14 10:09:38,997 [pool-37-thread-1] INFO  server.RaftServerConfigKeys (ConfUtils.java:logGet(43)) - raft.server.log.force.sync.num = 128 (default)
2019-10-14 10:09:38,997 [pool-37-thread-1] INFO  server.RaftServerConfigKeys (ConfUtils.java:logGet(43)) - raft.server.log.statemachine.data.sync = true (default)
2019-10-14 10:09:38,997 [pool-37-thread-1] INFO  server.RaftServerConfigKeys (ConfUtils.java:logGet(43)) - raft.server.log.statemachine.data.sync.timeout = 10s (default)
2019-10-14 10:09:38,997 [pool-37-thread-1] INFO  server.RaftServerConfigKeys (ConfUtils.java:logGet(43)) - raft.server.log.statemachine.data.sync.timeout.retry = -1 (default)
2019-10-14 10:09:38,998 [pool-37-thread-1] INFO  server.RaftServerConfigKeys (ConfUtils.java:logGet(43)) - raft.server.log.statemachine.data.caching.enabled = true (custom)
2019-10-14 10:09:38,998 [pool-37-thread-1] INFO  segmented.SegmentedRaftLogWorker (SegmentedRaftLogWorker.java:lambda$new$0(128)) - 30733371-5fe2-4df7-9630-6aee27a201ad@group-B06594023DDB-SegmentedRaftLogWorker: flushIndex: setUnconditionally 0 -> -1
2019-10-14 10:09:38,998 [pool-37-thread-1] INFO  server.RaftServerConfigKeys (ConfUtils.java:logGet(43)) - raft.server.snapshot.auto.trigger.enabled = true (custom)
2019-10-14 10:09:38,999 [pool-37-thread-1] INFO  server.RaftServerConfigKeys (ConfUtils.java:logGet(43)) - raft.server.snapshot.auto.trigger.threshold = 10000 (custom)
2019-10-14 10:09:38,999 [pool-37-thread-1] INFO  server.RaftServerConfigKeys (ConfUtils.java:logGet(43)) - raft.server.snapshot.retention.file.num = 5 (custom)
2019-10-14 10:09:38,999 [pool-37-thread-1] INFO  server.RaftServerConfigKeys (ConfUtils.java:logGet(43)) - raft.server.retrycache.expirytime = 600000ms (custom)
2019-10-14 10:09:39,003 [pool-37-thread-1] INFO  impl.RaftServerImpl (RaftServerImpl.java:start(181)) - 30733371-5fe2-4df7-9630-6aee27a201ad@group-B06594023DDB: start as a follower, conf=-1: [30733371-5fe2-4df7-9630-6aee27a201ad:192.168.5.145:34156], old=null
2019-10-14 10:09:39,003 [pool-37-thread-1] INFO  impl.RaftServerImpl (RaftServerImpl.java:setRole(170)) - 30733371-5fe2-4df7-9630-6aee27a201ad@group-B06594023DDB: changes role from      null to FOLLOWER at term 0 for startAsFollower
2019-10-14 10:09:39,003 [pool-37-thread-1] INFO  impl.RoleInfo (RoleInfo.java:updateAndGet(143)) - 30733371-5fe2-4df7-9630-6aee27a201ad: start FollowerState
2019-10-14 10:09:39,004 [pool-37-thread-1] INFO  util.JmxRegister (JmxRegister.java:tryRegister(44)) - Successfully registered JMX Bean with object name Ratis:service=RaftServer,group=group-B06594023DDB,id=30733371-5fe2-4df7-9630-6aee27a201ad
2019-10-14 10:09:39,019 [RatisPipelineUtilsThread] INFO  pipeline.PipelineStateManager (PipelineStateManager.java:addPipeline(56)) - Created pipeline Pipeline[ Id: 1c347b9b-595c-4209-8fd0-b06594023ddb, Nodes: 30733371-5fe2-4df7-9630-6aee27a201ad{ip: 192.168.5.145, host: pr-hdds-2297-rpftj-184604365, networkLocation: /default-rack, certSerialId: null}, Type:RATIS, Factor:ONE, State:OPEN]
2019-10-14 10:09:39,038 [grpc-default-executor-0] INFO  impl.RaftServerProxy (RaftServerProxy.java:addNew(89)) - 3d28f5e7-ba98-4c32-b67b-ae65f1c8618f: addNew group-9492D0D2DA03:[3d28f5e7-ba98-4c32-b67b-ae65f1c8618f:192.168.5.145:40872] returns group-9492D0D2DA03:java.util.concurrent.CompletableFuture@a584879[Not completed]
2019-10-14 10:09:39,041 [pool-87-thread-1] INFO  impl.RaftServerImpl (RaftServerImpl.java:<init>(95)) - 3d28f5e7-ba98-4c32-b67b-ae65f1c8618f: new RaftServerImpl for group-9492D0D2DA03:[3d28f5e7-ba98-4c32-b67b-ae65f1c8618f:192.168.5.145:40872] with ContainerStateMachine:uninitialized
2019-10-14 10:09:39,041 [pool-87-thread-1] INFO  server.RaftServerConfigKeys (ConfUtils.java:logGet(43)) - raft.server.rpc.timeout.min = 5s (custom)
2019-10-14 10:09:39,042 [pool-87-thread-1] INFO  server.RaftServerConfigKeys (ConfUtils.java:logGet(43)) - raft.server.rpc.timeout.max = 5200ms (custom)
2019-10-14 10:09:39,042 [pool-87-thread-1] INFO  server.RaftServerConfigKeys (ConfUtils.java:logGet(43)) - raft.server.rpcslowness.timeout = 120s (custom)
2019-10-14 10:09:39,042 [pool-87-thread-1] INFO  server.RaftServerConfigKeys (ConfUtils.java:logGet(43)) - raft.server.sleep.deviation.threshold = 300 (default)
2019-10-14 10:09:39,042 [pool-87-thread-1] INFO  server.RaftServerConfigKeys (ConfUtils.java:logGet(43)) - raft.server.log.appender.install.snapshot.enabled = false (custom)
2019-10-14 10:09:39,042 [pool-87-thread-1] INFO  impl.RaftServerImpl (ServerState.java:<init>(103)) - 3d28f5e7-ba98-4c32-b67b-ae65f1c8618f@group-9492D0D2DA03: ConfigurationManager, init=-1: [3d28f5e7-ba98-4c32-b67b-ae65f1c8618f:192.168.5.145:40872], old=null, confs=<EMPTY_MAP>
2019-10-14 10:09:39,042 [pool-87-thread-1] INFO  server.RaftServerConfigKeys (ConfUtils.java:logGet(43)) - raft.server.storage.dir = [/workdir/hadoop-ozone/integration-test/target/test-dir/MiniOzoneClusterImpl-e80b5651-725a-4ba3-ba65-a0af2f9a2c78/datanode-6/data/ratis] (custom)
2019-10-14 10:09:39,042 [pool-87-thread-1] INFO  server.RaftServerConfigKeys (ConfUtils.java:logGet(43)) - raft.server.log.corruption.policy = EXCEPTION (default)
2019-10-14 10:09:39,043 [pool-87-thread-1] INFO  storage.RaftStorageDirectory (RaftStorageDirectory.java:analyzeStorage(246)) - The storage directory /workdir/hadoop-ozone/integration-test/target/test-dir/MiniOzoneClusterImpl-e80b5651-725a-4ba3-ba65-a0af2f9a2c78/datanode-6/data/ratis/8e96739c-5cc0-48d7-b16d-9492d0d2da03 does not exist. Creating ...
2019-10-14 10:09:39,055 [pool-87-thread-1] INFO  storage.RaftStorageDirectory (RaftStorageDirectory.java:tryLock(328)) - Lock on /workdir/hadoop-ozone/integration-test/target/test-dir/MiniOzoneClusterImpl-e80b5651-725a-4ba3-ba65-a0af2f9a2c78/datanode-6/data/ratis/8e96739c-5cc0-48d7-b16d-9492d0d2da03/in_use.lock acquired by nodename 31981@pr-hdds-2297-rpftj-184604365
2019-10-14 10:09:39,059 [main] INFO  rpc.RpcClient (RpcClient.java:createVolume(272)) - Creating Volume: testblockoutputstream, with jenkins1000 as owner.
2019-10-14 10:09:39,083 [pool-87-thread-1] INFO  storage.RaftStorage (RaftStorage.java:format(84)) - Storage directory /workdir/hadoop-ozone/integration-test/target/test-dir/MiniOzoneClusterImpl-e80b5651-725a-4ba3-ba65-a0af2f9a2c78/datanode-6/data/ratis/8e96739c-5cc0-48d7-b16d-9492d0d2da03 has been successfully formatted.
2019-10-14 10:09:39,084 [pool-87-thread-1] INFO  ratis.ContainerStateMachine (ContainerStateMachine.java:loadSnapshot(231)) - group-9492D0D2DA03: The snapshot info is null. Setting the last applied indexto:(t:0, i:~)
2019-10-14 10:09:39,084 [pool-87-thread-1] INFO  server.RaftServerConfigKeys (ConfUtils.java:logGet(43)) - raft.server.notification.no-leader.timeout = 120s (custom)
2019-10-14 10:09:39,084 [pool-87-thread-1] INFO  server.RaftServerConfigKeys (ConfUtils.java:logGet(43)) - raft.server.log.use.memory = false (default)
2019-10-14 10:09:39,084 [pool-87-thread-1] INFO  server.RaftServerConfigKeys (ConfUtils.java:logGet(43)) - raft.server.log.purge.gap = 1000000 (custom)
2019-10-14 10:09:39,084 [pool-87-thread-1] INFO  server.RaftServerConfigKeys (ConfUtils.java:logGet(43)) - raft.server.log.appender.buffer.byte-limit = 33554432 (custom)
2019-10-14 10:09:39,084 [pool-87-thread-1] INFO  server.RaftServerConfigKeys (ConfUtils.java:logGet(43)) - raft.server.log.segment.size.max = 1048576 (custom)
2019-10-14 10:09:39,088 [pool-87-thread-1] INFO  server.RaftServerConfigKeys (ConfUtils.java:logGet(43)) - raft.server.log.segment.cache.num.max = 2 (custom)
2019-10-14 10:09:39,088 [pool-87-thread-1] INFO  segmented.SegmentedRaftLogWorker (SegmentedRaftLogWorker.java:<init>(173)) - new 3d28f5e7-ba98-4c32-b67b-ae65f1c8618f@group-9492D0D2DA03-SegmentedRaftLogWorker for RaftStorage:Storage Directory /workdir/hadoop-ozone/integration-test/target/test-dir/MiniOzoneClusterImpl-e80b5651-725a-4ba3-ba65-a0af2f9a2c78/datanode-6/data/ratis/8e96739c-5cc0-48d7-b16d-9492d0d2da03
2019-10-14 10:09:39,088 [pool-87-thread-1] INFO  server.RaftServerConfigKeys (ConfUtils.java:logGet(43)) - raft.server.log.queue.byte-limit = 2147483647 (custom)
2019-10-14 10:09:39,088 [pool-87-thread-1] INFO  server.RaftServerConfigKeys (ConfUtils.java:logGet(43)) - raft.server.log.queue.element-limit = 1024 (custom)
2019-10-14 10:09:39,088 [pool-87-thread-1] INFO  server.RaftServerConfigKeys (ConfUtils.java:logGet(43)) - raft.server.log.segment.size.max = 1048576 (custom)
2019-10-14 10:09:39,089 [pool-87-thread-1] INFO  server.RaftServerConfigKeys (ConfUtils.java:logGet(43)) - raft.server.log.preallocated.size = 16384 (custom)
2019-10-14 10:09:39,089 [pool-87-thread-1] INFO  server.RaftServerConfigKeys (ConfUtils.java:logGet(43)) - raft.server.log.write.buffer.size = 33554432 (custom)
2019-10-14 10:09:39,089 [pool-87-thread-1] INFO  server.RaftServerConfigKeys (ConfUtils.java:logGet(43)) - raft.server.log.force.sync.num = 128 (default)
2019-10-14 10:09:39,089 [pool-87-thread-1] INFO  server.RaftServerConfigKeys (ConfUtils.java:logGet(43)) - raft.server.log.statemachine.data.sync = true (default)
2019-10-14 10:09:39,089 [pool-87-thread-1] INFO  server.RaftServerConfigKeys (ConfUtils.java:logGet(43)) - raft.server.log.statemachine.data.sync.timeout = 10s (default)
2019-10-14 10:09:39,089 [pool-87-thread-1] INFO  server.RaftServerConfigKeys (ConfUtils.java:logGet(43)) - raft.server.log.statemachine.data.sync.timeout.retry = -1 (default)
2019-10-14 10:09:39,090 [pool-87-thread-1] INFO  server.RaftServerConfigKeys (ConfUtils.java:logGet(43)) - raft.server.log.statemachine.data.caching.enabled = true (custom)
2019-10-14 10:09:39,090 [pool-87-thread-1] INFO  segmented.SegmentedRaftLogWorker (SegmentedRaftLogWorker.java:lambda$new$0(128)) - 3d28f5e7-ba98-4c32-b67b-ae65f1c8618f@group-9492D0D2DA03-SegmentedRaftLogWorker: flushIndex: setUnconditionally 0 -> -1
2019-10-14 10:09:39,090 [pool-87-thread-1] INFO  server.RaftServerConfigKeys (ConfUtils.java:logGet(43)) - raft.server.snapshot.auto.trigger.enabled = true (custom)
2019-10-14 10:09:39,091 [pool-87-thread-1] INFO  server.RaftServerConfigKeys (ConfUtils.java:logGet(43)) - raft.server.snapshot.auto.trigger.threshold = 10000 (custom)
2019-10-14 10:09:39,091 [pool-87-thread-1] INFO  server.RaftServerConfigKeys (ConfUtils.java:logGet(43)) - raft.server.snapshot.retention.file.num = 5 (custom)
2019-10-14 10:09:39,091 [pool-87-thread-1] INFO  server.RaftServerConfigKeys (ConfUtils.java:logGet(43)) - raft.server.retrycache.expirytime = 600000ms (custom)
2019-10-14 10:09:39,094 [pool-87-thread-1] INFO  impl.RaftServerImpl (RaftServerImpl.java:start(181)) - 3d28f5e7-ba98-4c32-b67b-ae65f1c8618f@group-9492D0D2DA03: start as a follower, conf=-1: [3d28f5e7-ba98-4c32-b67b-ae65f1c8618f:192.168.5.145:40872], old=null
2019-10-14 10:09:39,094 [pool-87-thread-1] INFO  impl.RaftServerImpl (RaftServerImpl.java:setRole(170)) - 3d28f5e7-ba98-4c32-b67b-ae65f1c8618f@group-9492D0D2DA03: changes role from      null to FOLLOWER at term 0 for startAsFollower
2019-10-14 10:09:39,095 [pool-87-thread-1] INFO  impl.RoleInfo (RoleInfo.java:updateAndGet(143)) - 3d28f5e7-ba98-4c32-b67b-ae65f1c8618f: start FollowerState
2019-10-14 10:09:39,095 [pool-87-thread-1] INFO  util.JmxRegister (JmxRegister.java:tryRegister(44)) - Successfully registered JMX Bean with object name Ratis:service=RaftServer,group=group-9492D0D2DA03,id=3d28f5e7-ba98-4c32-b67b-ae65f1c8618f
2019-10-14 10:09:39,110 [RatisPipelineUtilsThread] INFO  pipeline.PipelineStateManager (PipelineStateManager.java:addPipeline(56)) - Created pipeline Pipeline[ Id: 8e96739c-5cc0-48d7-b16d-9492d0d2da03, Nodes: 3d28f5e7-ba98-4c32-b67b-ae65f1c8618f{ip: 192.168.5.145, host: pr-hdds-2297-rpftj-184604365, networkLocation: /default-rack, certSerialId: null}, Type:RATIS, Factor:ONE, State:OPEN]
2019-10-14 10:09:39,129 [grpc-default-executor-0] INFO  impl.RaftServerProxy (RaftServerProxy.java:addNew(89)) - 65a7bfda-34c2-405e-9399-a4fe92a2c009: addNew group-AA2B2121C233:[65a7bfda-34c2-405e-9399-a4fe92a2c009:192.168.5.145:45718] returns group-AA2B2121C233:java.util.concurrent.CompletableFuture@39524d6b[Not completed]
2019-10-14 10:09:39,132 [pool-67-thread-1] INFO  impl.RaftServerImpl (RaftServerImpl.java:<init>(95)) - 65a7bfda-34c2-405e-9399-a4fe92a2c009: new RaftServerImpl for group-AA2B2121C233:[65a7bfda-34c2-405e-9399-a4fe92a2c009:192.168.5.145:45718] with ContainerStateMachine:uninitialized
2019-10-14 10:09:39,132 [pool-67-thread-1] INFO  server.RaftServerConfigKeys (ConfUtils.java:logGet(43)) - raft.server.rpc.timeout.min = 5s (custom)
2019-10-14 10:09:39,132 [pool-67-thread-1] INFO  server.RaftServerConfigKeys (ConfUtils.java:logGet(43)) - raft.server.rpc.timeout.max = 5200ms (custom)
2019-10-14 10:09:39,132 [pool-67-thread-1] INFO  server.RaftServerConfigKeys (ConfUtils.java:logGet(43)) - raft.server.rpcslowness.timeout = 120s (custom)
2019-10-14 10:09:39,133 [pool-67-thread-1] INFO  server.RaftServerConfigKeys (ConfUtils.java:logGet(43)) - raft.server.sleep.deviation.threshold = 300 (default)
2019-10-14 10:09:39,133 [pool-67-thread-1] INFO  server.RaftServerConfigKeys (ConfUtils.java:logGet(43)) - raft.server.log.appender.install.snapshot.enabled = false (custom)
2019-10-14 10:09:39,133 [pool-67-thread-1] INFO  impl.RaftServerImpl (ServerState.java:<init>(103)) - 65a7bfda-34c2-405e-9399-a4fe92a2c009@group-AA2B2121C233: ConfigurationManager, init=-1: [65a7bfda-34c2-405e-9399-a4fe92a2c009:192.168.5.145:45718], old=null, confs=<EMPTY_MAP>
2019-10-14 10:09:39,133 [pool-67-thread-1] INFO  server.RaftServerConfigKeys (ConfUtils.java:logGet(43)) - raft.server.storage.dir = [/workdir/hadoop-ozone/integration-test/target/test-dir/MiniOzoneClusterImpl-e80b5651-725a-4ba3-ba65-a0af2f9a2c78/datanode-4/data/ratis] (custom)
2019-10-14 10:09:39,133 [pool-67-thread-1] INFO  server.RaftServerConfigKeys (ConfUtils.java:logGet(43)) - raft.server.log.corruption.policy = EXCEPTION (default)
2019-10-14 10:09:39,133 [pool-67-thread-1] INFO  storage.RaftStorageDirectory (RaftStorageDirectory.java:analyzeStorage(246)) - The storage directory /workdir/hadoop-ozone/integration-test/target/test-dir/MiniOzoneClusterImpl-e80b5651-725a-4ba3-ba65-a0af2f9a2c78/datanode-4/data/ratis/cfd99ffa-67c5-4b4a-9ea5-aa2b2121c233 does not exist. Creating ...
2019-10-14 10:09:39,145 [pool-67-thread-1] INFO  storage.RaftStorageDirectory (RaftStorageDirectory.java:tryLock(328)) - Lock on /workdir/hadoop-ozone/integration-test/target/test-dir/MiniOzoneClusterImpl-e80b5651-725a-4ba3-ba65-a0af2f9a2c78/datanode-4/data/ratis/cfd99ffa-67c5-4b4a-9ea5-aa2b2121c233/in_use.lock acquired by nodename 31981@pr-hdds-2297-rpftj-184604365
2019-10-14 10:09:39,158 [pool-67-thread-1] INFO  storage.RaftStorage (RaftStorage.java:format(84)) - Storage directory /workdir/hadoop-ozone/integration-test/target/test-dir/MiniOzoneClusterImpl-e80b5651-725a-4ba3-ba65-a0af2f9a2c78/datanode-4/data/ratis/cfd99ffa-67c5-4b4a-9ea5-aa2b2121c233 has been successfully formatted.
2019-10-14 10:09:39,158 [pool-67-thread-1] INFO  ratis.ContainerStateMachine (ContainerStateMachine.java:loadSnapshot(231)) - group-AA2B2121C233: The snapshot info is null. Setting the last applied indexto:(t:0, i:~)
2019-10-14 10:09:39,158 [pool-67-thread-1] INFO  server.RaftServerConfigKeys (ConfUtils.java:logGet(43)) - raft.server.notification.no-leader.timeout = 120s (custom)
2019-10-14 10:09:39,158 [pool-67-thread-1] INFO  server.RaftServerConfigKeys (ConfUtils.java:logGet(43)) - raft.server.log.use.memory = false (default)
2019-10-14 10:09:39,158 [pool-67-thread-1] INFO  server.RaftServerConfigKeys (ConfUtils.java:logGet(43)) - raft.server.log.purge.gap = 1000000 (custom)
2019-10-14 10:09:39,158 [pool-67-thread-1] INFO  server.RaftServerConfigKeys (ConfUtils.java:logGet(43)) - raft.server.log.appender.buffer.byte-limit = 33554432 (custom)
2019-10-14 10:09:39,159 [pool-67-thread-1] INFO  server.RaftServerConfigKeys (ConfUtils.java:logGet(43)) - raft.server.log.segment.size.max = 1048576 (custom)
2019-10-14 10:09:39,161 [pool-67-thread-1] INFO  server.RaftServerConfigKeys (ConfUtils.java:logGet(43)) - raft.server.log.segment.cache.num.max = 2 (custom)
2019-10-14 10:09:39,161 [pool-67-thread-1] INFO  segmented.SegmentedRaftLogWorker (SegmentedRaftLogWorker.java:<init>(173)) - new 65a7bfda-34c2-405e-9399-a4fe92a2c009@group-AA2B2121C233-SegmentedRaftLogWorker for RaftStorage:Storage Directory /workdir/hadoop-ozone/integration-test/target/test-dir/MiniOzoneClusterImpl-e80b5651-725a-4ba3-ba65-a0af2f9a2c78/datanode-4/data/ratis/cfd99ffa-67c5-4b4a-9ea5-aa2b2121c233
2019-10-14 10:09:39,161 [pool-67-thread-1] INFO  server.RaftServerConfigKeys (ConfUtils.java:logGet(43)) - raft.server.log.queue.byte-limit = 2147483647 (custom)
2019-10-14 10:09:39,162 [pool-67-thread-1] INFO  server.RaftServerConfigKeys (ConfUtils.java:logGet(43)) - raft.server.log.queue.element-limit = 1024 (custom)
2019-10-14 10:09:39,162 [pool-67-thread-1] INFO  server.RaftServerConfigKeys (ConfUtils.java:logGet(43)) - raft.server.log.segment.size.max = 1048576 (custom)
2019-10-14 10:09:39,162 [pool-67-thread-1] INFO  server.RaftServerConfigKeys (ConfUtils.java:logGet(43)) - raft.server.log.preallocated.size = 16384 (custom)
2019-10-14 10:09:39,162 [pool-67-thread-1] INFO  server.RaftServerConfigKeys (ConfUtils.java:logGet(43)) - raft.server.log.write.buffer.size = 33554432 (custom)
2019-10-14 10:09:39,162 [pool-67-thread-1] INFO  server.RaftServerConfigKeys (ConfUtils.java:logGet(43)) - raft.server.log.force.sync.num = 128 (default)
2019-10-14 10:09:39,162 [pool-67-thread-1] INFO  server.RaftServerConfigKeys (ConfUtils.java:logGet(43)) - raft.server.log.statemachine.data.sync = true (default)
2019-10-14 10:09:39,162 [pool-67-thread-1] INFO  server.RaftServerConfigKeys (ConfUtils.java:logGet(43)) - raft.server.log.statemachine.data.sync.timeout = 10s (default)
2019-10-14 10:09:39,162 [pool-67-thread-1] INFO  server.RaftServerConfigKeys (ConfUtils.java:logGet(43)) - raft.server.log.statemachine.data.sync.timeout.retry = -1 (default)
2019-10-14 10:09:39,163 [pool-67-thread-1] INFO  server.RaftServerConfigKeys (ConfUtils.java:logGet(43)) - raft.server.log.statemachine.data.caching.enabled = true (custom)
2019-10-14 10:09:39,163 [pool-67-thread-1] INFO  segmented.SegmentedRaftLogWorker (SegmentedRaftLogWorker.java:lambda$new$0(128)) - 65a7bfda-34c2-405e-9399-a4fe92a2c009@group-AA2B2121C233-SegmentedRaftLogWorker: flushIndex: setUnconditionally 0 -> -1
2019-10-14 10:09:39,163 [pool-67-thread-1] INFO  server.RaftServerConfigKeys (ConfUtils.java:logGet(43)) - raft.server.snapshot.auto.trigger.enabled = true (custom)
2019-10-14 10:09:39,164 [pool-67-thread-1] INFO  server.RaftServerConfigKeys (ConfUtils.java:logGet(43)) - raft.server.snapshot.auto.trigger.threshold = 10000 (custom)
2019-10-14 10:09:39,164 [pool-67-thread-1] INFO  server.RaftServerConfigKeys (ConfUtils.java:logGet(43)) - raft.server.snapshot.retention.file.num = 5 (custom)
2019-10-14 10:09:39,164 [pool-67-thread-1] INFO  server.RaftServerConfigKeys (ConfUtils.java:logGet(43)) - raft.server.retrycache.expirytime = 600000ms (custom)
2019-10-14 10:09:39,167 [pool-67-thread-1] INFO  impl.RaftServerImpl (RaftServerImpl.java:start(181)) - 65a7bfda-34c2-405e-9399-a4fe92a2c009@group-AA2B2121C233: start as a follower, conf=-1: [65a7bfda-34c2-405e-9399-a4fe92a2c009:192.168.5.145:45718], old=null
2019-10-14 10:09:39,167 [pool-67-thread-1] INFO  impl.RaftServerImpl (RaftServerImpl.java:setRole(170)) - 65a7bfda-34c2-405e-9399-a4fe92a2c009@group-AA2B2121C233: changes role from      null to FOLLOWER at term 0 for startAsFollower
2019-10-14 10:09:39,167 [pool-67-thread-1] INFO  impl.RoleInfo (RoleInfo.java:updateAndGet(143)) - 65a7bfda-34c2-405e-9399-a4fe92a2c009: start FollowerState
2019-10-14 10:09:39,168 [pool-67-thread-1] INFO  util.JmxRegister (JmxRegister.java:tryRegister(44)) - Successfully registered JMX Bean with object name Ratis:service=RaftServer,group=group-AA2B2121C233,id=65a7bfda-34c2-405e-9399-a4fe92a2c009
2019-10-14 10:09:39,573 [IPC Server handler 1 on 46518] INFO  volume.OMVolumeCreateRequest (OMVolumeCreateRequest.java:validateAndUpdateCache(193)) - created volume:testblockoutputstream for user:jenkins1000
2019-10-14 10:09:39,588 [RatisPipelineUtilsThread] INFO  pipeline.PipelineStateManager (PipelineStateManager.java:addPipeline(56)) - Created pipeline Pipeline[ Id: cfd99ffa-67c5-4b4a-9ea5-aa2b2121c233, Nodes: 65a7bfda-34c2-405e-9399-a4fe92a2c009{ip: 192.168.5.145, host: pr-hdds-2297-rpftj-184604365, networkLocation: /default-rack, certSerialId: null}, Type:RATIS, Factor:ONE, State:OPEN]
2019-10-14 10:09:39,653 [grpc-default-executor-0] INFO  impl.RaftServerProxy (RaftServerProxy.java:addNew(89)) - bdbe18bf-b28b-47c4-9f24-91cefe90c4da: addNew group-14C53509504E:[bdbe18bf-b28b-47c4-9f24-91cefe90c4da:192.168.5.145:42240] returns group-14C53509504E:java.util.concurrent.CompletableFuture@18df4b49[Not completed]
2019-10-14 10:09:39,661 [pool-77-thread-1] INFO  impl.RaftServerImpl (RaftServerImpl.java:<init>(95)) - bdbe18bf-b28b-47c4-9f24-91cefe90c4da: new RaftServerImpl for group-14C53509504E:[bdbe18bf-b28b-47c4-9f24-91cefe90c4da:192.168.5.145:42240] with ContainerStateMachine:uninitialized
2019-10-14 10:09:39,661 [pool-77-thread-1] INFO  server.RaftServerConfigKeys (ConfUtils.java:logGet(43)) - raft.server.rpc.timeout.min = 5s (custom)
2019-10-14 10:09:39,661 [pool-77-thread-1] INFO  server.RaftServerConfigKeys (ConfUtils.java:logGet(43)) - raft.server.rpc.timeout.max = 5200ms (custom)
2019-10-14 10:09:39,661 [pool-77-thread-1] INFO  server.RaftServerConfigKeys (ConfUtils.java:logGet(43)) - raft.server.rpcslowness.timeout = 120s (custom)
2019-10-14 10:09:39,662 [pool-77-thread-1] INFO  server.RaftServerConfigKeys (ConfUtils.java:logGet(43)) - raft.server.sleep.deviation.threshold = 300 (default)
2019-10-14 10:09:39,662 [pool-77-thread-1] INFO  server.RaftServerConfigKeys (ConfUtils.java:logGet(43)) - raft.server.log.appender.install.snapshot.enabled = false (custom)
2019-10-14 10:09:39,662 [pool-77-thread-1] INFO  impl.RaftServerImpl (ServerState.java:<init>(103)) - bdbe18bf-b28b-47c4-9f24-91cefe90c4da@group-14C53509504E: ConfigurationManager, init=-1: [bdbe18bf-b28b-47c4-9f24-91cefe90c4da:192.168.5.145:42240], old=null, confs=<EMPTY_MAP>
2019-10-14 10:09:39,663 [pool-77-thread-1] INFO  server.RaftServerConfigKeys (ConfUtils.java:logGet(43)) - raft.server.storage.dir = [/workdir/hadoop-ozone/integration-test/target/test-dir/MiniOzoneClusterImpl-e80b5651-725a-4ba3-ba65-a0af2f9a2c78/datanode-5/data/ratis] (custom)
2019-10-14 10:09:39,663 [pool-77-thread-1] INFO  server.RaftServerConfigKeys (ConfUtils.java:logGet(43)) - raft.server.log.corruption.policy = EXCEPTION (default)
2019-10-14 10:09:39,663 [pool-77-thread-1] INFO  storage.RaftStorageDirectory (RaftStorageDirectory.java:analyzeStorage(246)) - The storage directory /workdir/hadoop-ozone/integration-test/target/test-dir/MiniOzoneClusterImpl-e80b5651-725a-4ba3-ba65-a0af2f9a2c78/datanode-5/data/ratis/6190a953-af20-4fcc-b89b-14c53509504e does not exist. Creating ...
2019-10-14 10:09:39,664 [main] INFO  rpc.RpcClient (RpcClient.java:createBucket(411)) - Creating Bucket: testblockoutputstream/testblockoutputstream, with Versioning false and Storage Type set to DISK and Encryption set to false 
2019-10-14 10:09:39,692 [pool-77-thread-1] INFO  storage.RaftStorageDirectory (RaftStorageDirectory.java:tryLock(328)) - Lock on /workdir/hadoop-ozone/integration-test/target/test-dir/MiniOzoneClusterImpl-e80b5651-725a-4ba3-ba65-a0af2f9a2c78/datanode-5/data/ratis/6190a953-af20-4fcc-b89b-14c53509504e/in_use.lock acquired by nodename 31981@pr-hdds-2297-rpftj-184604365
2019-10-14 10:09:39,705 [pool-77-thread-1] INFO  storage.RaftStorage (RaftStorage.java:format(84)) - Storage directory /workdir/hadoop-ozone/integration-test/target/test-dir/MiniOzoneClusterImpl-e80b5651-725a-4ba3-ba65-a0af2f9a2c78/datanode-5/data/ratis/6190a953-af20-4fcc-b89b-14c53509504e has been successfully formatted.
2019-10-14 10:09:39,707 [pool-77-thread-1] INFO  ratis.ContainerStateMachine (ContainerStateMachine.java:loadSnapshot(231)) - group-14C53509504E: The snapshot info is null. Setting the last applied indexto:(t:0, i:~)
2019-10-14 10:09:39,707 [pool-77-thread-1] INFO  server.RaftServerConfigKeys (ConfUtils.java:logGet(43)) - raft.server.notification.no-leader.timeout = 120s (custom)
2019-10-14 10:09:39,708 [pool-77-thread-1] INFO  server.RaftServerConfigKeys (ConfUtils.java:logGet(43)) - raft.server.log.use.memory = false (default)
2019-10-14 10:09:39,708 [pool-77-thread-1] INFO  server.RaftServerConfigKeys (ConfUtils.java:logGet(43)) - raft.server.log.purge.gap = 1000000 (custom)
2019-10-14 10:09:39,708 [pool-77-thread-1] INFO  server.RaftServerConfigKeys (ConfUtils.java:logGet(43)) - raft.server.log.appender.buffer.byte-limit = 33554432 (custom)
2019-10-14 10:09:39,708 [pool-77-thread-1] INFO  server.RaftServerConfigKeys (ConfUtils.java:logGet(43)) - raft.server.log.segment.size.max = 1048576 (custom)
2019-10-14 10:09:39,712 [pool-77-thread-1] INFO  server.RaftServerConfigKeys (ConfUtils.java:logGet(43)) - raft.server.log.segment.cache.num.max = 2 (custom)
2019-10-14 10:09:39,713 [pool-77-thread-1] INFO  segmented.SegmentedRaftLogWorker (SegmentedRaftLogWorker.java:<init>(173)) - new bdbe18bf-b28b-47c4-9f24-91cefe90c4da@group-14C53509504E-SegmentedRaftLogWorker for RaftStorage:Storage Directory /workdir/hadoop-ozone/integration-test/target/test-dir/MiniOzoneClusterImpl-e80b5651-725a-4ba3-ba65-a0af2f9a2c78/datanode-5/data/ratis/6190a953-af20-4fcc-b89b-14c53509504e
2019-10-14 10:09:39,713 [pool-77-thread-1] INFO  server.RaftServerConfigKeys (ConfUtils.java:logGet(43)) - raft.server.log.queue.byte-limit = 2147483647 (custom)
2019-10-14 10:09:39,713 [pool-77-thread-1] INFO  server.RaftServerConfigKeys (ConfUtils.java:logGet(43)) - raft.server.log.queue.element-limit = 1024 (custom)
2019-10-14 10:09:39,713 [pool-77-thread-1] INFO  server.RaftServerConfigKeys (ConfUtils.java:logGet(43)) - raft.server.log.segment.size.max = 1048576 (custom)
2019-10-14 10:09:39,714 [pool-77-thread-1] INFO  server.RaftServerConfigKeys (ConfUtils.java:logGet(43)) - raft.server.log.preallocated.size = 16384 (custom)
2019-10-14 10:09:39,714 [pool-77-thread-1] INFO  server.RaftServerConfigKeys (ConfUtils.java:logGet(43)) - raft.server.log.write.buffer.size = 33554432 (custom)
2019-10-14 10:09:39,714 [pool-77-thread-1] INFO  server.RaftServerConfigKeys (ConfUtils.java:logGet(43)) - raft.server.log.force.sync.num = 128 (default)
2019-10-14 10:09:39,714 [pool-77-thread-1] INFO  server.RaftServerConfigKeys (ConfUtils.java:logGet(43)) - raft.server.log.statemachine.data.sync = true (default)
2019-10-14 10:09:39,715 [pool-77-thread-1] INFO  server.RaftServerConfigKeys (ConfUtils.java:logGet(43)) - raft.server.log.statemachine.data.sync.timeout = 10s (default)
2019-10-14 10:09:39,715 [pool-77-thread-1] INFO  server.RaftServerConfigKeys (ConfUtils.java:logGet(43)) - raft.server.log.statemachine.data.sync.timeout.retry = -1 (default)
2019-10-14 10:09:39,716 [main] INFO  impl.MetricsSystemImpl (MetricsSystemImpl.java:init(158)) - XceiverClientMetrics metrics system started (again)
2019-10-14 10:09:39,716 [pool-77-thread-1] INFO  server.RaftServerConfigKeys (ConfUtils.java:logGet(43)) - raft.server.log.statemachine.data.caching.enabled = true (custom)
2019-10-14 10:09:39,716 [pool-77-thread-1] INFO  segmented.SegmentedRaftLogWorker (SegmentedRaftLogWorker.java:lambda$new$0(128)) - bdbe18bf-b28b-47c4-9f24-91cefe90c4da@group-14C53509504E-SegmentedRaftLogWorker: flushIndex: setUnconditionally 0 -> -1
2019-10-14 10:09:39,717 [pool-77-thread-1] INFO  server.RaftServerConfigKeys (ConfUtils.java:logGet(43)) - raft.server.snapshot.auto.trigger.enabled = true (custom)
2019-10-14 10:09:39,717 [pool-77-thread-1] INFO  server.RaftServerConfigKeys (ConfUtils.java:logGet(43)) - raft.server.snapshot.auto.trigger.threshold = 10000 (custom)
2019-10-14 10:09:39,717 [pool-77-thread-1] INFO  server.RaftServerConfigKeys (ConfUtils.java:logGet(43)) - raft.server.snapshot.retention.file.num = 5 (custom)
2019-10-14 10:09:39,718 [pool-77-thread-1] INFO  server.RaftServerConfigKeys (ConfUtils.java:logGet(43)) - raft.server.retrycache.expirytime = 600000ms (custom)
2019-10-14 10:09:39,721 [pool-77-thread-1] INFO  impl.RaftServerImpl (RaftServerImpl.java:start(181)) - bdbe18bf-b28b-47c4-9f24-91cefe90c4da@group-14C53509504E: start as a follower, conf=-1: [bdbe18bf-b28b-47c4-9f24-91cefe90c4da:192.168.5.145:42240], old=null
2019-10-14 10:09:39,721 [pool-77-thread-1] INFO  impl.RaftServerImpl (RaftServerImpl.java:setRole(170)) - bdbe18bf-b28b-47c4-9f24-91cefe90c4da@group-14C53509504E: changes role from      null to FOLLOWER at term 0 for startAsFollower
2019-10-14 10:09:39,721 [pool-77-thread-1] INFO  impl.RoleInfo (RoleInfo.java:updateAndGet(143)) - bdbe18bf-b28b-47c4-9f24-91cefe90c4da: start FollowerState
2019-10-14 10:09:39,722 [pool-77-thread-1] INFO  util.JmxRegister (JmxRegister.java:tryRegister(44)) - Successfully registered JMX Bean with object name Ratis:service=RaftServer,group=group-14C53509504E,id=bdbe18bf-b28b-47c4-9f24-91cefe90c4da
2019-10-14 10:09:39,738 [RatisPipelineUtilsThread] INFO  pipeline.PipelineStateManager (PipelineStateManager.java:addPipeline(56)) - Created pipeline Pipeline[ Id: 6190a953-af20-4fcc-b89b-14c53509504e, Nodes: bdbe18bf-b28b-47c4-9f24-91cefe90c4da{ip: 192.168.5.145, host: pr-hdds-2297-rpftj-184604365, networkLocation: /default-rack, certSerialId: null}, Type:RATIS, Factor:ONE, State:OPEN]
2019-10-14 10:09:39,757 [grpc-default-executor-0] INFO  impl.RaftServerProxy (RaftServerProxy.java:addNew(89)) - 652f49f6-efee-4cad-87c2-78bc93b7301c: addNew group-1E0546966116:[652f49f6-efee-4cad-87c2-78bc93b7301c:192.168.5.145:42393] returns group-1E0546966116:java.util.concurrent.CompletableFuture@2773e10f[Not completed]
2019-10-14 10:09:39,762 [pool-47-thread-1] INFO  impl.RaftServerImpl (RaftServerImpl.java:<init>(95)) - 652f49f6-efee-4cad-87c2-78bc93b7301c: new RaftServerImpl for group-1E0546966116:[652f49f6-efee-4cad-87c2-78bc93b7301c:192.168.5.145:42393] with ContainerStateMachine:uninitialized
2019-10-14 10:09:39,762 [pool-47-thread-1] INFO  server.RaftServerConfigKeys (ConfUtils.java:logGet(43)) - raft.server.rpc.timeout.min = 5s (custom)
2019-10-14 10:09:39,762 [pool-47-thread-1] INFO  server.RaftServerConfigKeys (ConfUtils.java:logGet(43)) - raft.server.rpc.timeout.max = 5200ms (custom)
2019-10-14 10:09:39,763 [pool-47-thread-1] INFO  server.RaftServerConfigKeys (ConfUtils.java:logGet(43)) - raft.server.rpcslowness.timeout = 120s (custom)
2019-10-14 10:09:39,763 [pool-47-thread-1] INFO  server.RaftServerConfigKeys (ConfUtils.java:logGet(43)) - raft.server.sleep.deviation.threshold = 300 (default)
2019-10-14 10:09:39,763 [pool-47-thread-1] INFO  server.RaftServerConfigKeys (ConfUtils.java:logGet(43)) - raft.server.log.appender.install.snapshot.enabled = false (custom)
2019-10-14 10:09:39,763 [pool-47-thread-1] INFO  impl.RaftServerImpl (ServerState.java:<init>(103)) - 652f49f6-efee-4cad-87c2-78bc93b7301c@group-1E0546966116: ConfigurationManager, init=-1: [652f49f6-efee-4cad-87c2-78bc93b7301c:192.168.5.145:42393], old=null, confs=<EMPTY_MAP>
2019-10-14 10:09:39,764 [pool-47-thread-1] INFO  server.RaftServerConfigKeys (ConfUtils.java:logGet(43)) - raft.server.storage.dir = [/workdir/hadoop-ozone/integration-test/target/test-dir/MiniOzoneClusterImpl-e80b5651-725a-4ba3-ba65-a0af2f9a2c78/datanode-2/data/ratis] (custom)
2019-10-14 10:09:39,764 [pool-47-thread-1] INFO  server.RaftServerConfigKeys (ConfUtils.java:logGet(43)) - raft.server.log.corruption.policy = EXCEPTION (default)
2019-10-14 10:09:39,764 [pool-47-thread-1] INFO  storage.RaftStorageDirectory (RaftStorageDirectory.java:analyzeStorage(246)) - The storage directory /workdir/hadoop-ozone/integration-test/target/test-dir/MiniOzoneClusterImpl-e80b5651-725a-4ba3-ba65-a0af2f9a2c78/datanode-2/data/ratis/4ed4115d-7d4c-40f9-9e3f-1e0546966116 does not exist. Creating ...
2019-10-14 10:09:39,779 [pool-47-thread-1] INFO  storage.RaftStorageDirectory (RaftStorageDirectory.java:tryLock(328)) - Lock on /workdir/hadoop-ozone/integration-test/target/test-dir/MiniOzoneClusterImpl-e80b5651-725a-4ba3-ba65-a0af2f9a2c78/datanode-2/data/ratis/4ed4115d-7d4c-40f9-9e3f-1e0546966116/in_use.lock acquired by nodename 31981@pr-hdds-2297-rpftj-184604365
2019-10-14 10:09:39,792 [pool-47-thread-1] INFO  storage.RaftStorage (RaftStorage.java:format(84)) - Storage directory /workdir/hadoop-ozone/integration-test/target/test-dir/MiniOzoneClusterImpl-e80b5651-725a-4ba3-ba65-a0af2f9a2c78/datanode-2/data/ratis/4ed4115d-7d4c-40f9-9e3f-1e0546966116 has been successfully formatted.
2019-10-14 10:09:39,792 [pool-47-thread-1] INFO  ratis.ContainerStateMachine (ContainerStateMachine.java:loadSnapshot(231)) - group-1E0546966116: The snapshot info is null. Setting the last applied indexto:(t:0, i:~)
2019-10-14 10:09:39,792 [pool-47-thread-1] INFO  server.RaftServerConfigKeys (ConfUtils.java:logGet(43)) - raft.server.notification.no-leader.timeout = 120s (custom)
2019-10-14 10:09:39,792 [pool-47-thread-1] INFO  server.RaftServerConfigKeys (ConfUtils.java:logGet(43)) - raft.server.log.use.memory = false (default)
2019-10-14 10:09:39,793 [pool-47-thread-1] INFO  server.RaftServerConfigKeys (ConfUtils.java:logGet(43)) - raft.server.log.purge.gap = 1000000 (custom)
2019-10-14 10:09:39,793 [pool-47-thread-1] INFO  server.RaftServerConfigKeys (ConfUtils.java:logGet(43)) - raft.server.log.appender.buffer.byte-limit = 33554432 (custom)
2019-10-14 10:09:39,793 [pool-47-thread-1] INFO  server.RaftServerConfigKeys (ConfUtils.java:logGet(43)) - raft.server.log.segment.size.max = 1048576 (custom)
2019-10-14 10:09:39,796 [pool-47-thread-1] INFO  server.RaftServerConfigKeys (ConfUtils.java:logGet(43)) - raft.server.log.segment.cache.num.max = 2 (custom)
2019-10-14 10:09:39,796 [pool-47-thread-1] INFO  segmented.SegmentedRaftLogWorker (SegmentedRaftLogWorker.java:<init>(173)) - new 652f49f6-efee-4cad-87c2-78bc93b7301c@group-1E0546966116-SegmentedRaftLogWorker for RaftStorage:Storage Directory /workdir/hadoop-ozone/integration-test/target/test-dir/MiniOzoneClusterImpl-e80b5651-725a-4ba3-ba65-a0af2f9a2c78/datanode-2/data/ratis/4ed4115d-7d4c-40f9-9e3f-1e0546966116
2019-10-14 10:09:39,797 [pool-47-thread-1] INFO  server.RaftServerConfigKeys (ConfUtils.java:logGet(43)) - raft.server.log.queue.byte-limit = 2147483647 (custom)
2019-10-14 10:09:39,797 [pool-47-thread-1] INFO  server.RaftServerConfigKeys (ConfUtils.java:logGet(43)) - raft.server.log.queue.element-limit = 1024 (custom)
2019-10-14 10:09:39,797 [pool-47-thread-1] INFO  server.RaftServerConfigKeys (ConfUtils.java:logGet(43)) - raft.server.log.segment.size.max = 1048576 (custom)
2019-10-14 10:09:39,797 [pool-47-thread-1] INFO  server.RaftServerConfigKeys (ConfUtils.java:logGet(43)) - raft.server.log.preallocated.size = 16384 (custom)
2019-10-14 10:09:39,798 [pool-47-thread-1] INFO  server.RaftServerConfigKeys (ConfUtils.java:logGet(43)) - raft.server.log.write.buffer.size = 33554432 (custom)
2019-10-14 10:09:39,798 [pool-47-thread-1] INFO  server.RaftServerConfigKeys (ConfUtils.java:logGet(43)) - raft.server.log.force.sync.num = 128 (default)
2019-10-14 10:09:39,798 [pool-47-thread-1] INFO  server.RaftServerConfigKeys (ConfUtils.java:logGet(43)) - raft.server.log.statemachine.data.sync = true (default)
2019-10-14 10:09:39,798 [pool-47-thread-1] INFO  server.RaftServerConfigKeys (ConfUtils.java:logGet(43)) - raft.server.log.statemachine.data.sync.timeout = 10s (default)
2019-10-14 10:09:39,798 [pool-47-thread-1] INFO  server.RaftServerConfigKeys (ConfUtils.java:logGet(43)) - raft.server.log.statemachine.data.sync.timeout.retry = -1 (default)
2019-10-14 10:09:39,799 [pool-47-thread-1] INFO  server.RaftServerConfigKeys (ConfUtils.java:logGet(43)) - raft.server.log.statemachine.data.caching.enabled = true (custom)
2019-10-14 10:09:39,800 [pool-47-thread-1] INFO  segmented.SegmentedRaftLogWorker (SegmentedRaftLogWorker.java:lambda$new$0(128)) - 652f49f6-efee-4cad-87c2-78bc93b7301c@group-1E0546966116-SegmentedRaftLogWorker: flushIndex: setUnconditionally 0 -> -1
2019-10-14 10:09:39,800 [pool-47-thread-1] INFO  server.RaftServerConfigKeys (ConfUtils.java:logGet(43)) - raft.server.snapshot.auto.trigger.enabled = true (custom)
2019-10-14 10:09:39,800 [pool-47-thread-1] INFO  server.RaftServerConfigKeys (ConfUtils.java:logGet(43)) - raft.server.snapshot.auto.trigger.threshold = 10000 (custom)
2019-10-14 10:09:39,800 [pool-47-thread-1] INFO  server.RaftServerConfigKeys (ConfUtils.java:logGet(43)) - raft.server.snapshot.retention.file.num = 5 (custom)
2019-10-14 10:09:39,801 [pool-47-thread-1] INFO  server.RaftServerConfigKeys (ConfUtils.java:logGet(43)) - raft.server.retrycache.expirytime = 600000ms (custom)
2019-10-14 10:09:39,804 [pool-47-thread-1] INFO  impl.RaftServerImpl (RaftServerImpl.java:start(181)) - 652f49f6-efee-4cad-87c2-78bc93b7301c@group-1E0546966116: start as a follower, conf=-1: [652f49f6-efee-4cad-87c2-78bc93b7301c:192.168.5.145:42393], old=null
2019-10-14 10:09:39,804 [pool-47-thread-1] INFO  impl.RaftServerImpl (RaftServerImpl.java:setRole(170)) - 652f49f6-efee-4cad-87c2-78bc93b7301c@group-1E0546966116: changes role from      null to FOLLOWER at term 0 for startAsFollower
2019-10-14 10:09:39,804 [pool-47-thread-1] INFO  impl.RoleInfo (RoleInfo.java:updateAndGet(143)) - 652f49f6-efee-4cad-87c2-78bc93b7301c: start FollowerState
2019-10-14 10:09:39,804 [pool-47-thread-1] INFO  util.JmxRegister (JmxRegister.java:tryRegister(44)) - Successfully registered JMX Bean with object name Ratis:service=RaftServer,group=group-1E0546966116,id=652f49f6-efee-4cad-87c2-78bc93b7301c
2019-10-14 10:09:39,825 [RatisPipelineUtilsThread] INFO  pipeline.PipelineStateManager (PipelineStateManager.java:addPipeline(56)) - Created pipeline Pipeline[ Id: 4ed4115d-7d4c-40f9-9e3f-1e0546966116, Nodes: 652f49f6-efee-4cad-87c2-78bc93b7301c{ip: 192.168.5.145, host: pr-hdds-2297-rpftj-184604365, networkLocation: /default-rack, certSerialId: null}, Type:RATIS, Factor:ONE, State:OPEN]
2019-10-14 10:09:39,866 [grpc-default-executor-0] INFO  impl.RaftServerProxy (RaftServerProxy.java:addNew(89)) - 46eddc03-a99b-42b6-84bc-832a7f6ef5a9: addNew group-F961D3E20C84:[30733371-5fe2-4df7-9630-6aee27a201ad:192.168.5.145:34156, 73f79e80-ae09-4d07-84c1-6a2068a5e547:192.168.5.145:37261, 46eddc03-a99b-42b6-84bc-832a7f6ef5a9:192.168.5.145:42988] returns group-F961D3E20C84:java.util.concurrent.CompletableFuture@1a9da8ab[Not completed]
2019-10-14 10:09:39,871 [grpc-default-executor-0] INFO  impl.RaftServerProxy (RaftServerProxy.java:addNew(89)) - 30733371-5fe2-4df7-9630-6aee27a201ad: addNew group-F961D3E20C84:[30733371-5fe2-4df7-9630-6aee27a201ad:192.168.5.145:34156, 73f79e80-ae09-4d07-84c1-6a2068a5e547:192.168.5.145:37261, 46eddc03-a99b-42b6-84bc-832a7f6ef5a9:192.168.5.145:42988] returns group-F961D3E20C84:java.util.concurrent.CompletableFuture@7cf29978[Not completed]
2019-10-14 10:09:39,871 [grpc-default-executor-1] INFO  impl.RaftServerProxy (RaftServerProxy.java:addNew(89)) - 73f79e80-ae09-4d07-84c1-6a2068a5e547: addNew group-F961D3E20C84:[30733371-5fe2-4df7-9630-6aee27a201ad:192.168.5.145:34156, 73f79e80-ae09-4d07-84c1-6a2068a5e547:192.168.5.145:37261, 46eddc03-a99b-42b6-84bc-832a7f6ef5a9:192.168.5.145:42988] returns group-F961D3E20C84:java.util.concurrent.CompletableFuture@4f4eb027[Not completed]
2019-10-14 10:09:39,872 [pool-57-thread-1] INFO  impl.RaftServerImpl (RaftServerImpl.java:<init>(95)) - 46eddc03-a99b-42b6-84bc-832a7f6ef5a9: new RaftServerImpl for group-F961D3E20C84:[30733371-5fe2-4df7-9630-6aee27a201ad:192.168.5.145:34156, 73f79e80-ae09-4d07-84c1-6a2068a5e547:192.168.5.145:37261, 46eddc03-a99b-42b6-84bc-832a7f6ef5a9:192.168.5.145:42988] with ContainerStateMachine:uninitialized
2019-10-14 10:09:39,872 [pool-57-thread-1] INFO  server.RaftServerConfigKeys (ConfUtils.java:logGet(43)) - raft.server.rpc.timeout.min = 5s (custom)
2019-10-14 10:09:39,872 [pool-57-thread-1] INFO  server.RaftServerConfigKeys (ConfUtils.java:logGet(43)) - raft.server.rpc.timeout.max = 5200ms (custom)
2019-10-14 10:09:39,873 [pool-57-thread-1] INFO  server.RaftServerConfigKeys (ConfUtils.java:logGet(43)) - raft.server.rpcslowness.timeout = 120s (custom)
2019-10-14 10:09:39,873 [pool-57-thread-1] INFO  server.RaftServerConfigKeys (ConfUtils.java:logGet(43)) - raft.server.sleep.deviation.threshold = 300 (default)
2019-10-14 10:09:39,873 [pool-57-thread-1] INFO  server.RaftServerConfigKeys (ConfUtils.java:logGet(43)) - raft.server.log.appender.install.snapshot.enabled = false (custom)
2019-10-14 10:09:39,873 [pool-37-thread-1] INFO  impl.RaftServerImpl (RaftServerImpl.java:<init>(95)) - 30733371-5fe2-4df7-9630-6aee27a201ad: new RaftServerImpl for group-F961D3E20C84:[30733371-5fe2-4df7-9630-6aee27a201ad:192.168.5.145:34156, 73f79e80-ae09-4d07-84c1-6a2068a5e547:192.168.5.145:37261, 46eddc03-a99b-42b6-84bc-832a7f6ef5a9:192.168.5.145:42988] with ContainerStateMachine:uninitialized
2019-10-14 10:09:39,873 [pool-57-thread-1] INFO  impl.RaftServerImpl (ServerState.java:<init>(103)) - 46eddc03-a99b-42b6-84bc-832a7f6ef5a9@group-F961D3E20C84: ConfigurationManager, init=-1: [30733371-5fe2-4df7-9630-6aee27a201ad:192.168.5.145:34156, 73f79e80-ae09-4d07-84c1-6a2068a5e547:192.168.5.145:37261, 46eddc03-a99b-42b6-84bc-832a7f6ef5a9:192.168.5.145:42988], old=null, confs=<EMPTY_MAP>
2019-10-14 10:09:39,873 [pool-37-thread-1] INFO  server.RaftServerConfigKeys (ConfUtils.java:logGet(43)) - raft.server.rpc.timeout.min = 5s (custom)
2019-10-14 10:09:39,873 [pool-57-thread-1] INFO  server.RaftServerConfigKeys (ConfUtils.java:logGet(43)) - raft.server.storage.dir = [/workdir/hadoop-ozone/integration-test/target/test-dir/MiniOzoneClusterImpl-e80b5651-725a-4ba3-ba65-a0af2f9a2c78/datanode-3/data/ratis] (custom)
2019-10-14 10:09:39,873 [pool-37-thread-1] INFO  server.RaftServerConfigKeys (ConfUtils.java:logGet(43)) - raft.server.rpc.timeout.max = 5200ms (custom)
2019-10-14 10:09:39,874 [pool-37-thread-1] INFO  server.RaftServerConfigKeys (ConfUtils.java:logGet(43)) - raft.server.rpcslowness.timeout = 120s (custom)
2019-10-14 10:09:39,874 [pool-57-thread-1] INFO  server.RaftServerConfigKeys (ConfUtils.java:logGet(43)) - raft.server.log.corruption.policy = EXCEPTION (default)
2019-10-14 10:09:39,874 [pool-37-thread-1] INFO  server.RaftServerConfigKeys (ConfUtils.java:logGet(43)) - raft.server.sleep.deviation.threshold = 300 (default)
2019-10-14 10:09:39,874 [pool-57-thread-1] INFO  storage.RaftStorageDirectory (RaftStorageDirectory.java:analyzeStorage(246)) - The storage directory /workdir/hadoop-ozone/integration-test/target/test-dir/MiniOzoneClusterImpl-e80b5651-725a-4ba3-ba65-a0af2f9a2c78/datanode-3/data/ratis/69188276-ba76-4164-ae41-f961d3e20c84 does not exist. Creating ...
2019-10-14 10:09:39,874 [pool-37-thread-1] INFO  server.RaftServerConfigKeys (ConfUtils.java:logGet(43)) - raft.server.log.appender.install.snapshot.enabled = false (custom)
2019-10-14 10:09:39,874 [pool-27-thread-1] INFO  impl.RaftServerImpl (RaftServerImpl.java:<init>(95)) - 73f79e80-ae09-4d07-84c1-6a2068a5e547: new RaftServerImpl for group-F961D3E20C84:[30733371-5fe2-4df7-9630-6aee27a201ad:192.168.5.145:34156, 73f79e80-ae09-4d07-84c1-6a2068a5e547:192.168.5.145:37261, 46eddc03-a99b-42b6-84bc-832a7f6ef5a9:192.168.5.145:42988] with ContainerStateMachine:uninitialized
2019-10-14 10:09:39,874 [pool-37-thread-1] INFO  impl.RaftServerImpl (ServerState.java:<init>(103)) - 30733371-5fe2-4df7-9630-6aee27a201ad@group-F961D3E20C84: ConfigurationManager, init=-1: [30733371-5fe2-4df7-9630-6aee27a201ad:192.168.5.145:34156, 73f79e80-ae09-4d07-84c1-6a2068a5e547:192.168.5.145:37261, 46eddc03-a99b-42b6-84bc-832a7f6ef5a9:192.168.5.145:42988], old=null, confs=<EMPTY_MAP>
2019-10-14 10:09:39,875 [pool-27-thread-1] INFO  server.RaftServerConfigKeys (ConfUtils.java:logGet(43)) - raft.server.rpc.timeout.min = 5s (custom)
2019-10-14 10:09:39,875 [pool-37-thread-1] INFO  server.RaftServerConfigKeys (ConfUtils.java:logGet(43)) - raft.server.storage.dir = [/workdir/hadoop-ozone/integration-test/target/test-dir/MiniOzoneClusterImpl-e80b5651-725a-4ba3-ba65-a0af2f9a2c78/datanode-1/data/ratis] (custom)
2019-10-14 10:09:39,875 [pool-27-thread-1] INFO  server.RaftServerConfigKeys (ConfUtils.java:logGet(43)) - raft.server.rpc.timeout.max = 5200ms (custom)
2019-10-14 10:09:39,875 [pool-37-thread-1] INFO  server.RaftServerConfigKeys (ConfUtils.java:logGet(43)) - raft.server.log.corruption.policy = EXCEPTION (default)
2019-10-14 10:09:39,875 [pool-27-thread-1] INFO  server.RaftServerConfigKeys (ConfUtils.java:logGet(43)) - raft.server.rpcslowness.timeout = 120s (custom)
2019-10-14 10:09:39,875 [pool-37-thread-1] INFO  storage.RaftStorageDirectory (RaftStorageDirectory.java:analyzeStorage(246)) - The storage directory /workdir/hadoop-ozone/integration-test/target/test-dir/MiniOzoneClusterImpl-e80b5651-725a-4ba3-ba65-a0af2f9a2c78/datanode-1/data/ratis/69188276-ba76-4164-ae41-f961d3e20c84 does not exist. Creating ...
2019-10-14 10:09:39,876 [pool-27-thread-1] INFO  server.RaftServerConfigKeys (ConfUtils.java:logGet(43)) - raft.server.sleep.deviation.threshold = 300 (default)
2019-10-14 10:09:39,876 [pool-27-thread-1] INFO  server.RaftServerConfigKeys (ConfUtils.java:logGet(43)) - raft.server.log.appender.install.snapshot.enabled = false (custom)
2019-10-14 10:09:39,876 [pool-27-thread-1] INFO  impl.RaftServerImpl (ServerState.java:<init>(103)) - 73f79e80-ae09-4d07-84c1-6a2068a5e547@group-F961D3E20C84: ConfigurationManager, init=-1: [30733371-5fe2-4df7-9630-6aee27a201ad:192.168.5.145:34156, 73f79e80-ae09-4d07-84c1-6a2068a5e547:192.168.5.145:37261, 46eddc03-a99b-42b6-84bc-832a7f6ef5a9:192.168.5.145:42988], old=null, confs=<EMPTY_MAP>
2019-10-14 10:09:39,876 [pool-27-thread-1] INFO  server.RaftServerConfigKeys (ConfUtils.java:logGet(43)) - raft.server.storage.dir = [/workdir/hadoop-ozone/integration-test/target/test-dir/MiniOzoneClusterImpl-e80b5651-725a-4ba3-ba65-a0af2f9a2c78/datanode-0/data/ratis] (custom)
2019-10-14 10:09:39,877 [pool-27-thread-1] INFO  server.RaftServerConfigKeys (ConfUtils.java:logGet(43)) - raft.server.log.corruption.policy = EXCEPTION (default)
2019-10-14 10:09:39,877 [pool-27-thread-1] INFO  storage.RaftStorageDirectory (RaftStorageDirectory.java:analyzeStorage(246)) - The storage directory /workdir/hadoop-ozone/integration-test/target/test-dir/MiniOzoneClusterImpl-e80b5651-725a-4ba3-ba65-a0af2f9a2c78/datanode-0/data/ratis/69188276-ba76-4164-ae41-f961d3e20c84 does not exist. Creating ...
2019-10-14 10:09:39,899 [pool-27-thread-1] INFO  storage.RaftStorageDirectory (RaftStorageDirectory.java:tryLock(328)) - Lock on /workdir/hadoop-ozone/integration-test/target/test-dir/MiniOzoneClusterImpl-e80b5651-725a-4ba3-ba65-a0af2f9a2c78/datanode-0/data/ratis/69188276-ba76-4164-ae41-f961d3e20c84/in_use.lock acquired by nodename 31981@pr-hdds-2297-rpftj-184604365
2019-10-14 10:09:39,899 [pool-57-thread-1] INFO  storage.RaftStorageDirectory (RaftStorageDirectory.java:tryLock(328)) - Lock on /workdir/hadoop-ozone/integration-test/target/test-dir/MiniOzoneClusterImpl-e80b5651-725a-4ba3-ba65-a0af2f9a2c78/datanode-3/data/ratis/69188276-ba76-4164-ae41-f961d3e20c84/in_use.lock acquired by nodename 31981@pr-hdds-2297-rpftj-184604365
2019-10-14 10:09:39,899 [pool-37-thread-1] INFO  storage.RaftStorageDirectory (RaftStorageDirectory.java:tryLock(328)) - Lock on /workdir/hadoop-ozone/integration-test/target/test-dir/MiniOzoneClusterImpl-e80b5651-725a-4ba3-ba65-a0af2f9a2c78/datanode-1/data/ratis/69188276-ba76-4164-ae41-f961d3e20c84/in_use.lock acquired by nodename 31981@pr-hdds-2297-rpftj-184604365
2019-10-14 10:09:39,925 [pool-27-thread-1] INFO  storage.RaftStorage (RaftStorage.java:format(84)) - Storage directory /workdir/hadoop-ozone/integration-test/target/test-dir/MiniOzoneClusterImpl-e80b5651-725a-4ba3-ba65-a0af2f9a2c78/datanode-0/data/ratis/69188276-ba76-4164-ae41-f961d3e20c84 has been successfully formatted.
2019-10-14 10:09:39,925 [pool-57-thread-1] INFO  storage.RaftStorage (RaftStorage.java:format(84)) - Storage directory /workdir/hadoop-ozone/integration-test/target/test-dir/MiniOzoneClusterImpl-e80b5651-725a-4ba3-ba65-a0af2f9a2c78/datanode-3/data/ratis/69188276-ba76-4164-ae41-f961d3e20c84 has been successfully formatted.
2019-10-14 10:09:39,925 [pool-37-thread-1] INFO  storage.RaftStorage (RaftStorage.java:format(84)) - Storage directory /workdir/hadoop-ozone/integration-test/target/test-dir/MiniOzoneClusterImpl-e80b5651-725a-4ba3-ba65-a0af2f9a2c78/datanode-1/data/ratis/69188276-ba76-4164-ae41-f961d3e20c84 has been successfully formatted.
2019-10-14 10:09:39,926 [pool-57-thread-1] INFO  ratis.ContainerStateMachine (ContainerStateMachine.java:loadSnapshot(231)) - group-F961D3E20C84: The snapshot info is null. Setting the last applied indexto:(t:0, i:~)
2019-10-14 10:09:39,926 [pool-27-thread-1] INFO  ratis.ContainerStateMachine (ContainerStateMachine.java:loadSnapshot(231)) - group-F961D3E20C84: The snapshot info is null. Setting the last applied indexto:(t:0, i:~)
2019-10-14 10:09:39,926 [pool-57-thread-1] INFO  server.RaftServerConfigKeys (ConfUtils.java:logGet(43)) - raft.server.notification.no-leader.timeout = 120s (custom)
2019-10-14 10:09:39,926 [pool-37-thread-1] INFO  ratis.ContainerStateMachine (ContainerStateMachine.java:loadSnapshot(231)) - group-F961D3E20C84: The snapshot info is null. Setting the last applied indexto:(t:0, i:~)
2019-10-14 10:09:39,926 [pool-57-thread-1] INFO  server.RaftServerConfigKeys (ConfUtils.java:logGet(43)) - raft.server.log.use.memory = false (default)
2019-10-14 10:09:39,926 [pool-27-thread-1] INFO  server.RaftServerConfigKeys (ConfUtils.java:logGet(43)) - raft.server.notification.no-leader.timeout = 120s (custom)
2019-10-14 10:09:39,927 [pool-57-thread-1] INFO  server.RaftServerConfigKeys (ConfUtils.java:logGet(43)) - raft.server.log.purge.gap = 1000000 (custom)
2019-10-14 10:09:39,927 [pool-37-thread-1] INFO  server.RaftServerConfigKeys (ConfUtils.java:logGet(43)) - raft.server.notification.no-leader.timeout = 120s (custom)
2019-10-14 10:09:39,927 [pool-57-thread-1] INFO  server.RaftServerConfigKeys (ConfUtils.java:logGet(43)) - raft.server.log.appender.buffer.byte-limit = 33554432 (custom)
2019-10-14 10:09:39,927 [pool-27-thread-1] INFO  server.RaftServerConfigKeys (ConfUtils.java:logGet(43)) - raft.server.log.use.memory = false (default)
2019-10-14 10:09:39,927 [pool-57-thread-1] INFO  server.RaftServerConfigKeys (ConfUtils.java:logGet(43)) - raft.server.log.segment.size.max = 1048576 (custom)
2019-10-14 10:09:39,927 [pool-37-thread-1] INFO  server.RaftServerConfigKeys (ConfUtils.java:logGet(43)) - raft.server.log.use.memory = false (default)
2019-10-14 10:09:39,928 [pool-57-thread-1] INFO  server.RaftServerConfigKeys (ConfUtils.java:logGet(43)) - raft.server.log.segment.cache.num.max = 2 (custom)
2019-10-14 10:09:39,928 [pool-27-thread-1] INFO  server.RaftServerConfigKeys (ConfUtils.java:logGet(43)) - raft.server.log.purge.gap = 1000000 (custom)
2019-10-14 10:09:39,928 [pool-57-thread-1] INFO  segmented.SegmentedRaftLogWorker (SegmentedRaftLogWorker.java:<init>(173)) - new 46eddc03-a99b-42b6-84bc-832a7f6ef5a9@group-F961D3E20C84-SegmentedRaftLogWorker for RaftStorage:Storage Directory /workdir/hadoop-ozone/integration-test/target/test-dir/MiniOzoneClusterImpl-e80b5651-725a-4ba3-ba65-a0af2f9a2c78/datanode-3/data/ratis/69188276-ba76-4164-ae41-f961d3e20c84
2019-10-14 10:09:39,928 [pool-37-thread-1] INFO  server.RaftServerConfigKeys (ConfUtils.java:logGet(43)) - raft.server.log.purge.gap = 1000000 (custom)
2019-10-14 10:09:39,928 [pool-57-thread-1] INFO  server.RaftServerConfigKeys (ConfUtils.java:logGet(43)) - raft.server.log.queue.byte-limit = 2147483647 (custom)
2019-10-14 10:09:39,928 [pool-27-thread-1] INFO  server.RaftServerConfigKeys (ConfUtils.java:logGet(43)) - raft.server.log.appender.buffer.byte-limit = 33554432 (custom)
2019-10-14 10:09:39,929 [pool-57-thread-1] INFO  server.RaftServerConfigKeys (ConfUtils.java:logGet(43)) - raft.server.log.queue.element-limit = 1024 (custom)
2019-10-14 10:09:39,929 [pool-37-thread-1] INFO  server.RaftServerConfigKeys (ConfUtils.java:logGet(43)) - raft.server.log.appender.buffer.byte-limit = 33554432 (custom)
2019-10-14 10:09:39,929 [pool-57-thread-1] INFO  server.RaftServerConfigKeys (ConfUtils.java:logGet(43)) - raft.server.log.segment.size.max = 1048576 (custom)
2019-10-14 10:09:39,929 [pool-27-thread-1] INFO  server.RaftServerConfigKeys (ConfUtils.java:logGet(43)) - raft.server.log.segment.size.max = 1048576 (custom)
2019-10-14 10:09:39,930 [pool-57-thread-1] INFO  server.RaftServerConfigKeys (ConfUtils.java:logGet(43)) - raft.server.log.preallocated.size = 16384 (custom)
2019-10-14 10:09:39,929 [pool-37-thread-1] INFO  server.RaftServerConfigKeys (ConfUtils.java:logGet(43)) - raft.server.log.segment.size.max = 1048576 (custom)
2019-10-14 10:09:39,930 [pool-57-thread-1] INFO  server.RaftServerConfigKeys (ConfUtils.java:logGet(43)) - raft.server.log.write.buffer.size = 33554432 (custom)
2019-10-14 10:09:39,930 [pool-27-thread-1] INFO  server.RaftServerConfigKeys (ConfUtils.java:logGet(43)) - raft.server.log.segment.cache.num.max = 2 (custom)
2019-10-14 10:09:39,930 [pool-57-thread-1] INFO  server.RaftServerConfigKeys (ConfUtils.java:logGet(43)) - raft.server.log.force.sync.num = 128 (default)
2019-10-14 10:09:39,930 [pool-37-thread-1] INFO  server.RaftServerConfigKeys (ConfUtils.java:logGet(43)) - raft.server.log.segment.cache.num.max = 2 (custom)
2019-10-14 10:09:39,931 [pool-57-thread-1] INFO  server.RaftServerConfigKeys (ConfUtils.java:logGet(43)) - raft.server.log.statemachine.data.sync = true (default)
2019-10-14 10:09:39,930 [pool-27-thread-1] INFO  segmented.SegmentedRaftLogWorker (SegmentedRaftLogWorker.java:<init>(173)) - new 73f79e80-ae09-4d07-84c1-6a2068a5e547@group-F961D3E20C84-SegmentedRaftLogWorker for RaftStorage:Storage Directory /workdir/hadoop-ozone/integration-test/target/test-dir/MiniOzoneClusterImpl-e80b5651-725a-4ba3-ba65-a0af2f9a2c78/datanode-0/data/ratis/69188276-ba76-4164-ae41-f961d3e20c84
2019-10-14 10:09:39,931 [pool-57-thread-1] INFO  server.RaftServerConfigKeys (ConfUtils.java:logGet(43)) - raft.server.log.statemachine.data.sync.timeout = 10s (default)
2019-10-14 10:09:39,931 [pool-37-thread-1] INFO  segmented.SegmentedRaftLogWorker (SegmentedRaftLogWorker.java:<init>(173)) - new 30733371-5fe2-4df7-9630-6aee27a201ad@group-F961D3E20C84-SegmentedRaftLogWorker for RaftStorage:Storage Directory /workdir/hadoop-ozone/integration-test/target/test-dir/MiniOzoneClusterImpl-e80b5651-725a-4ba3-ba65-a0af2f9a2c78/datanode-1/data/ratis/69188276-ba76-4164-ae41-f961d3e20c84
2019-10-14 10:09:39,931 [pool-57-thread-1] INFO  server.RaftServerConfigKeys (ConfUtils.java:logGet(43)) - raft.server.log.statemachine.data.sync.timeout.retry = -1 (default)
2019-10-14 10:09:39,931 [pool-27-thread-1] INFO  server.RaftServerConfigKeys (ConfUtils.java:logGet(43)) - raft.server.log.queue.byte-limit = 2147483647 (custom)
2019-10-14 10:09:39,932 [pool-57-thread-1] INFO  server.RaftServerConfigKeys (ConfUtils.java:logGet(43)) - raft.server.log.statemachine.data.caching.enabled = true (custom)
2019-10-14 10:09:39,932 [pool-37-thread-1] INFO  server.RaftServerConfigKeys (ConfUtils.java:logGet(43)) - raft.server.log.queue.byte-limit = 2147483647 (custom)
2019-10-14 10:09:39,932 [pool-57-thread-1] INFO  segmented.SegmentedRaftLogWorker (SegmentedRaftLogWorker.java:lambda$new$0(128)) - 46eddc03-a99b-42b6-84bc-832a7f6ef5a9@group-F961D3E20C84-SegmentedRaftLogWorker: flushIndex: setUnconditionally 0 -> -1
2019-10-14 10:09:39,932 [pool-27-thread-1] INFO  server.RaftServerConfigKeys (ConfUtils.java:logGet(43)) - raft.server.log.queue.element-limit = 1024 (custom)
2019-10-14 10:09:39,932 [pool-37-thread-1] INFO  server.RaftServerConfigKeys (ConfUtils.java:logGet(43)) - raft.server.log.queue.element-limit = 1024 (custom)
2019-10-14 10:09:39,933 [pool-27-thread-1] INFO  server.RaftServerConfigKeys (ConfUtils.java:logGet(43)) - raft.server.log.segment.size.max = 1048576 (custom)
2019-10-14 10:09:39,933 [pool-57-thread-1] INFO  server.RaftServerConfigKeys (ConfUtils.java:logGet(43)) - raft.server.snapshot.auto.trigger.enabled = true (custom)
2019-10-14 10:09:39,933 [pool-27-thread-1] INFO  server.RaftServerConfigKeys (ConfUtils.java:logGet(43)) - raft.server.log.preallocated.size = 16384 (custom)
2019-10-14 10:09:39,933 [pool-37-thread-1] INFO  server.RaftServerConfigKeys (ConfUtils.java:logGet(43)) - raft.server.log.segment.size.max = 1048576 (custom)
2019-10-14 10:09:39,933 [pool-27-thread-1] INFO  server.RaftServerConfigKeys (ConfUtils.java:logGet(43)) - raft.server.log.write.buffer.size = 33554432 (custom)
2019-10-14 10:09:39,933 [pool-57-thread-1] INFO  server.RaftServerConfigKeys (ConfUtils.java:logGet(43)) - raft.server.snapshot.auto.trigger.threshold = 10000 (custom)
2019-10-14 10:09:39,934 [pool-27-thread-1] INFO  server.RaftServerConfigKeys (ConfUtils.java:logGet(43)) - raft.server.log.force.sync.num = 128 (default)
2019-10-14 10:09:39,934 [pool-27-thread-1] INFO  server.RaftServerConfigKeys (ConfUtils.java:logGet(43)) - raft.server.log.statemachine.data.sync = true (default)
2019-10-14 10:09:39,934 [pool-37-thread-1] INFO  server.RaftServerConfigKeys (ConfUtils.java:logGet(43)) - raft.server.log.preallocated.size = 16384 (custom)
2019-10-14 10:09:39,934 [pool-27-thread-1] INFO  server.RaftServerConfigKeys (ConfUtils.java:logGet(43)) - raft.server.log.statemachine.data.sync.timeout = 10s (default)
2019-10-14 10:09:39,934 [pool-57-thread-1] INFO  server.RaftServerConfigKeys (ConfUtils.java:logGet(43)) - raft.server.snapshot.retention.file.num = 5 (custom)
2019-10-14 10:09:39,935 [pool-27-thread-1] INFO  server.RaftServerConfigKeys (ConfUtils.java:logGet(43)) - raft.server.log.statemachine.data.sync.timeout.retry = -1 (default)
2019-10-14 10:09:39,934 [pool-37-thread-1] INFO  server.RaftServerConfigKeys (ConfUtils.java:logGet(43)) - raft.server.log.write.buffer.size = 33554432 (custom)
2019-10-14 10:09:39,935 [pool-27-thread-1] INFO  server.RaftServerConfigKeys (ConfUtils.java:logGet(43)) - raft.server.log.statemachine.data.caching.enabled = true (custom)
2019-10-14 10:09:39,935 [pool-57-thread-1] INFO  server.RaftServerConfigKeys (ConfUtils.java:logGet(43)) - raft.server.retrycache.expirytime = 600000ms (custom)
2019-10-14 10:09:39,935 [pool-37-thread-1] INFO  server.RaftServerConfigKeys (ConfUtils.java:logGet(43)) - raft.server.log.force.sync.num = 128 (default)
2019-10-14 10:09:39,935 [pool-27-thread-1] INFO  segmented.SegmentedRaftLogWorker (SegmentedRaftLogWorker.java:lambda$new$0(128)) - 73f79e80-ae09-4d07-84c1-6a2068a5e547@group-F961D3E20C84-SegmentedRaftLogWorker: flushIndex: setUnconditionally 0 -> -1
2019-10-14 10:09:39,936 [pool-37-thread-1] INFO  server.RaftServerConfigKeys (ConfUtils.java:logGet(43)) - raft.server.log.statemachine.data.sync = true (default)
2019-10-14 10:09:39,936 [pool-37-thread-1] INFO  server.RaftServerConfigKeys (ConfUtils.java:logGet(43)) - raft.server.log.statemachine.data.sync.timeout = 10s (default)
2019-10-14 10:09:39,936 [pool-27-thread-1] INFO  server.RaftServerConfigKeys (ConfUtils.java:logGet(43)) - raft.server.snapshot.auto.trigger.enabled = true (custom)
2019-10-14 10:09:39,936 [pool-37-thread-1] INFO  server.RaftServerConfigKeys (ConfUtils.java:logGet(43)) - raft.server.log.statemachine.data.sync.timeout.retry = -1 (default)
2019-10-14 10:09:39,936 [pool-27-thread-1] INFO  server.RaftServerConfigKeys (ConfUtils.java:logGet(43)) - raft.server.snapshot.auto.trigger.threshold = 10000 (custom)
2019-10-14 10:09:39,937 [pool-37-thread-1] INFO  server.RaftServerConfigKeys (ConfUtils.java:logGet(43)) - raft.server.log.statemachine.data.caching.enabled = true (custom)
2019-10-14 10:09:39,937 [pool-27-thread-1] INFO  server.RaftServerConfigKeys (ConfUtils.java:logGet(43)) - raft.server.snapshot.retention.file.num = 5 (custom)
2019-10-14 10:09:39,937 [pool-27-thread-1] INFO  server.RaftServerConfigKeys (ConfUtils.java:logGet(43)) - raft.server.retrycache.expirytime = 600000ms (custom)
2019-10-14 10:09:39,937 [pool-37-thread-1] INFO  segmented.SegmentedRaftLogWorker (SegmentedRaftLogWorker.java:lambda$new$0(128)) - 30733371-5fe2-4df7-9630-6aee27a201ad@group-F961D3E20C84-SegmentedRaftLogWorker: flushIndex: setUnconditionally 0 -> -1
2019-10-14 10:09:39,938 [pool-37-thread-1] INFO  server.RaftServerConfigKeys (ConfUtils.java:logGet(43)) - raft.server.snapshot.auto.trigger.enabled = true (custom)
2019-10-14 10:09:39,938 [pool-37-thread-1] INFO  server.RaftServerConfigKeys (ConfUtils.java:logGet(43)) - raft.server.snapshot.auto.trigger.threshold = 10000 (custom)
2019-10-14 10:09:39,938 [pool-37-thread-1] INFO  server.RaftServerConfigKeys (ConfUtils.java:logGet(43)) - raft.server.snapshot.retention.file.num = 5 (custom)
2019-10-14 10:09:39,938 [pool-37-thread-1] INFO  server.RaftServerConfigKeys (ConfUtils.java:logGet(43)) - raft.server.retrycache.expirytime = 600000ms (custom)
2019-10-14 10:09:39,940 [pool-57-thread-1] INFO  impl.RaftServerImpl (RaftServerImpl.java:start(181)) - 46eddc03-a99b-42b6-84bc-832a7f6ef5a9@group-F961D3E20C84: start as a follower, conf=-1: [30733371-5fe2-4df7-9630-6aee27a201ad:192.168.5.145:34156, 73f79e80-ae09-4d07-84c1-6a2068a5e547:192.168.5.145:37261, 46eddc03-a99b-42b6-84bc-832a7f6ef5a9:192.168.5.145:42988], old=null
2019-10-14 10:09:39,940 [pool-57-thread-1] INFO  impl.RaftServerImpl (RaftServerImpl.java:setRole(170)) - 46eddc03-a99b-42b6-84bc-832a7f6ef5a9@group-F961D3E20C84: changes role from      null to FOLLOWER at term 0 for startAsFollower
2019-10-14 10:09:39,940 [pool-57-thread-1] INFO  impl.RoleInfo (RoleInfo.java:updateAndGet(143)) - 46eddc03-a99b-42b6-84bc-832a7f6ef5a9: start FollowerState
2019-10-14 10:09:39,941 [pool-57-thread-1] INFO  util.JmxRegister (JmxRegister.java:tryRegister(44)) - Successfully registered JMX Bean with object name Ratis:service=RaftServer,group=group-F961D3E20C84,id=46eddc03-a99b-42b6-84bc-832a7f6ef5a9
2019-10-14 10:09:39,942 [pool-27-thread-1] INFO  impl.RaftServerImpl (RaftServerImpl.java:start(181)) - 73f79e80-ae09-4d07-84c1-6a2068a5e547@group-F961D3E20C84: start as a follower, conf=-1: [30733371-5fe2-4df7-9630-6aee27a201ad:192.168.5.145:34156, 73f79e80-ae09-4d07-84c1-6a2068a5e547:192.168.5.145:37261, 46eddc03-a99b-42b6-84bc-832a7f6ef5a9:192.168.5.145:42988], old=null
2019-10-14 10:09:39,942 [pool-27-thread-1] INFO  impl.RaftServerImpl (RaftServerImpl.java:setRole(170)) - 73f79e80-ae09-4d07-84c1-6a2068a5e547@group-F961D3E20C84: changes role from      null to FOLLOWER at term 0 for startAsFollower
2019-10-14 10:09:39,942 [pool-27-thread-1] INFO  impl.RoleInfo (RoleInfo.java:updateAndGet(143)) - 73f79e80-ae09-4d07-84c1-6a2068a5e547: start FollowerState
2019-10-14 10:09:39,943 [pool-27-thread-1] INFO  util.JmxRegister (JmxRegister.java:tryRegister(44)) - Successfully registered JMX Bean with object name Ratis:service=RaftServer,group=group-F961D3E20C84,id=73f79e80-ae09-4d07-84c1-6a2068a5e547
2019-10-14 10:09:39,943 [pool-37-thread-1] INFO  impl.RaftServerImpl (RaftServerImpl.java:start(181)) - 30733371-5fe2-4df7-9630-6aee27a201ad@group-F961D3E20C84: start as a follower, conf=-1: [30733371-5fe2-4df7-9630-6aee27a201ad:192.168.5.145:34156, 73f79e80-ae09-4d07-84c1-6a2068a5e547:192.168.5.145:37261, 46eddc03-a99b-42b6-84bc-832a7f6ef5a9:192.168.5.145:42988], old=null
2019-10-14 10:09:39,943 [pool-37-thread-1] INFO  impl.RaftServerImpl (RaftServerImpl.java:setRole(170)) - 30733371-5fe2-4df7-9630-6aee27a201ad@group-F961D3E20C84: changes role from      null to FOLLOWER at term 0 for startAsFollower
2019-10-14 10:09:39,943 [pool-37-thread-1] INFO  impl.RoleInfo (RoleInfo.java:updateAndGet(143)) - 30733371-5fe2-4df7-9630-6aee27a201ad: start FollowerState
2019-10-14 10:09:39,944 [pool-37-thread-1] INFO  util.JmxRegister (JmxRegister.java:tryRegister(44)) - Successfully registered JMX Bean with object name Ratis:service=RaftServer,group=group-F961D3E20C84,id=30733371-5fe2-4df7-9630-6aee27a201ad
2019-10-14 10:09:39,978 [RatisPipelineUtilsThread] INFO  pipeline.PipelineStateManager (PipelineStateManager.java:addPipeline(56)) - Created pipeline Pipeline[ Id: 69188276-ba76-4164-ae41-f961d3e20c84, Nodes: 46eddc03-a99b-42b6-84bc-832a7f6ef5a9{ip: 192.168.5.145, host: pr-hdds-2297-rpftj-184604365, networkLocation: /default-rack, certSerialId: null}30733371-5fe2-4df7-9630-6aee27a201ad{ip: 192.168.5.145, host: pr-hdds-2297-rpftj-184604365, networkLocation: /default-rack, certSerialId: null}73f79e80-ae09-4d07-84c1-6a2068a5e547{ip: 192.168.5.145, host: pr-hdds-2297-rpftj-184604365, networkLocation: /default-rack, certSerialId: null}, Type:RATIS, Factor:THREE, State:OPEN]
2019-10-14 10:09:40,017 [grpc-default-executor-2] INFO  impl.RaftServerProxy (RaftServerProxy.java:addNew(89)) - bdbe18bf-b28b-47c4-9f24-91cefe90c4da: addNew group-6EB6C47BD974:[65a7bfda-34c2-405e-9399-a4fe92a2c009:192.168.5.145:45718, 3d28f5e7-ba98-4c32-b67b-ae65f1c8618f:192.168.5.145:40872, bdbe18bf-b28b-47c4-9f24-91cefe90c4da:192.168.5.145:42240] returns group-6EB6C47BD974:java.util.concurrent.CompletableFuture@4e742370[Not completed]
2019-10-14 10:09:40,020 [grpc-default-executor-0] INFO  impl.RaftServerProxy (RaftServerProxy.java:addNew(89)) - 3d28f5e7-ba98-4c32-b67b-ae65f1c8618f: addNew group-6EB6C47BD974:[65a7bfda-34c2-405e-9399-a4fe92a2c009:192.168.5.145:45718, 3d28f5e7-ba98-4c32-b67b-ae65f1c8618f:192.168.5.145:40872, bdbe18bf-b28b-47c4-9f24-91cefe90c4da:192.168.5.145:42240] returns group-6EB6C47BD974:java.util.concurrent.CompletableFuture@312b7bfe[Not completed]
2019-10-14 10:09:40,020 [grpc-default-executor-1] INFO  impl.RaftServerProxy (RaftServerProxy.java:addNew(89)) - 65a7bfda-34c2-405e-9399-a4fe92a2c009: addNew group-6EB6C47BD974:[65a7bfda-34c2-405e-9399-a4fe92a2c009:192.168.5.145:45718, 3d28f5e7-ba98-4c32-b67b-ae65f1c8618f:192.168.5.145:40872, bdbe18bf-b28b-47c4-9f24-91cefe90c4da:192.168.5.145:42240] returns group-6EB6C47BD974:java.util.concurrent.CompletableFuture@5c267c2[Not completed]
2019-10-14 10:09:40,023 [pool-77-thread-1] INFO  impl.RaftServerImpl (RaftServerImpl.java:<init>(95)) - bdbe18bf-b28b-47c4-9f24-91cefe90c4da: new RaftServerImpl for group-6EB6C47BD974:[65a7bfda-34c2-405e-9399-a4fe92a2c009:192.168.5.145:45718, 3d28f5e7-ba98-4c32-b67b-ae65f1c8618f:192.168.5.145:40872, bdbe18bf-b28b-47c4-9f24-91cefe90c4da:192.168.5.145:42240] with ContainerStateMachine:uninitialized
2019-10-14 10:09:40,023 [pool-77-thread-1] INFO  server.RaftServerConfigKeys (ConfUtils.java:logGet(43)) - raft.server.rpc.timeout.min = 5s (custom)
2019-10-14 10:09:40,024 [pool-77-thread-1] INFO  server.RaftServerConfigKeys (ConfUtils.java:logGet(43)) - raft.server.rpc.timeout.max = 5200ms (custom)
2019-10-14 10:09:40,024 [pool-77-thread-1] INFO  server.RaftServerConfigKeys (ConfUtils.java:logGet(43)) - raft.server.rpcslowness.timeout = 120s (custom)
2019-10-14 10:09:40,024 [pool-77-thread-1] INFO  server.RaftServerConfigKeys (ConfUtils.java:logGet(43)) - raft.server.sleep.deviation.threshold = 300 (default)
2019-10-14 10:09:40,024 [pool-77-thread-1] INFO  server.RaftServerConfigKeys (ConfUtils.java:logGet(43)) - raft.server.log.appender.install.snapshot.enabled = false (custom)
2019-10-14 10:09:40,024 [pool-67-thread-1] INFO  impl.RaftServerImpl (RaftServerImpl.java:<init>(95)) - 65a7bfda-34c2-405e-9399-a4fe92a2c009: new RaftServerImpl for group-6EB6C47BD974:[65a7bfda-34c2-405e-9399-a4fe92a2c009:192.168.5.145:45718, 3d28f5e7-ba98-4c32-b67b-ae65f1c8618f:192.168.5.145:40872, bdbe18bf-b28b-47c4-9f24-91cefe90c4da:192.168.5.145:42240] with ContainerStateMachine:uninitialized
2019-10-14 10:09:40,025 [pool-77-thread-1] INFO  impl.RaftServerImpl (ServerState.java:<init>(103)) - bdbe18bf-b28b-47c4-9f24-91cefe90c4da@group-6EB6C47BD974: ConfigurationManager, init=-1: [65a7bfda-34c2-405e-9399-a4fe92a2c009:192.168.5.145:45718, 3d28f5e7-ba98-4c32-b67b-ae65f1c8618f:192.168.5.145:40872, bdbe18bf-b28b-47c4-9f24-91cefe90c4da:192.168.5.145:42240], old=null, confs=<EMPTY_MAP>
2019-10-14 10:09:40,025 [pool-67-thread-1] INFO  server.RaftServerConfigKeys (ConfUtils.java:logGet(43)) - raft.server.rpc.timeout.min = 5s (custom)
2019-10-14 10:09:40,025 [pool-77-thread-1] INFO  server.RaftServerConfigKeys (ConfUtils.java:logGet(43)) - raft.server.storage.dir = [/workdir/hadoop-ozone/integration-test/target/test-dir/MiniOzoneClusterImpl-e80b5651-725a-4ba3-ba65-a0af2f9a2c78/datanode-5/data/ratis] (custom)
2019-10-14 10:09:40,025 [pool-67-thread-1] INFO  server.RaftServerConfigKeys (ConfUtils.java:logGet(43)) - raft.server.rpc.timeout.max = 5200ms (custom)
2019-10-14 10:09:40,025 [pool-87-thread-1] INFO  impl.RaftServerImpl (RaftServerImpl.java:<init>(95)) - 3d28f5e7-ba98-4c32-b67b-ae65f1c8618f: new RaftServerImpl for group-6EB6C47BD974:[65a7bfda-34c2-405e-9399-a4fe92a2c009:192.168.5.145:45718, 3d28f5e7-ba98-4c32-b67b-ae65f1c8618f:192.168.5.145:40872, bdbe18bf-b28b-47c4-9f24-91cefe90c4da:192.168.5.145:42240] with ContainerStateMachine:uninitialized
2019-10-14 10:09:40,025 [pool-77-thread-1] INFO  server.RaftServerConfigKeys (ConfUtils.java:logGet(43)) - raft.server.log.corruption.policy = EXCEPTION (default)
2019-10-14 10:09:40,025 [pool-67-thread-1] INFO  server.RaftServerConfigKeys (ConfUtils.java:logGet(43)) - raft.server.rpcslowness.timeout = 120s (custom)
2019-10-14 10:09:40,026 [pool-77-thread-1] INFO  storage.RaftStorageDirectory (RaftStorageDirectory.java:analyzeStorage(246)) - The storage directory /workdir/hadoop-ozone/integration-test/target/test-dir/MiniOzoneClusterImpl-e80b5651-725a-4ba3-ba65-a0af2f9a2c78/datanode-5/data/ratis/b9122365-0f16-4b09-b296-6eb6c47bd974 does not exist. Creating ...
2019-10-14 10:09:40,026 [pool-67-thread-1] INFO  server.RaftServerConfigKeys (ConfUtils.java:logGet(43)) - raft.server.sleep.deviation.threshold = 300 (default)
2019-10-14 10:09:40,026 [pool-87-thread-1] INFO  server.RaftServerConfigKeys (ConfUtils.java:logGet(43)) - raft.server.rpc.timeout.min = 5s (custom)
2019-10-14 10:09:40,026 [pool-67-thread-1] INFO  server.RaftServerConfigKeys (ConfUtils.java:logGet(43)) - raft.server.log.appender.install.snapshot.enabled = false (custom)
2019-10-14 10:09:40,026 [pool-87-thread-1] INFO  server.RaftServerConfigKeys (ConfUtils.java:logGet(43)) - raft.server.rpc.timeout.max = 5200ms (custom)
2019-10-14 10:09:40,027 [pool-67-thread-1] INFO  impl.RaftServerImpl (ServerState.java:<init>(103)) - 65a7bfda-34c2-405e-9399-a4fe92a2c009@group-6EB6C47BD974: ConfigurationManager, init=-1: [65a7bfda-34c2-405e-9399-a4fe92a2c009:192.168.5.145:45718, 3d28f5e7-ba98-4c32-b67b-ae65f1c8618f:192.168.5.145:40872, bdbe18bf-b28b-47c4-9f24-91cefe90c4da:192.168.5.145:42240], old=null, confs=<EMPTY_MAP>
2019-10-14 10:09:40,027 [pool-87-thread-1] INFO  server.RaftServerConfigKeys (ConfUtils.java:logGet(43)) - raft.server.rpcslowness.timeout = 120s (custom)
2019-10-14 10:09:40,027 [pool-67-thread-1] INFO  server.RaftServerConfigKeys (ConfUtils.java:logGet(43)) - raft.server.storage.dir = [/workdir/hadoop-ozone/integration-test/target/test-dir/MiniOzoneClusterImpl-e80b5651-725a-4ba3-ba65-a0af2f9a2c78/datanode-4/data/ratis] (custom)
2019-10-14 10:09:40,027 [pool-87-thread-1] INFO  server.RaftServerConfigKeys (ConfUtils.java:logGet(43)) - raft.server.sleep.deviation.threshold = 300 (default)
2019-10-14 10:09:40,027 [pool-87-thread-1] INFO  server.RaftServerConfigKeys (ConfUtils.java:logGet(43)) - raft.server.log.appender.install.snapshot.enabled = false (custom)
2019-10-14 10:09:40,027 [pool-67-thread-1] INFO  server.RaftServerConfigKeys (ConfUtils.java:logGet(43)) - raft.server.log.corruption.policy = EXCEPTION (default)
2019-10-14 10:09:40,027 [pool-87-thread-1] INFO  impl.RaftServerImpl (ServerState.java:<init>(103)) - 3d28f5e7-ba98-4c32-b67b-ae65f1c8618f@group-6EB6C47BD974: ConfigurationManager, init=-1: [65a7bfda-34c2-405e-9399-a4fe92a2c009:192.168.5.145:45718, 3d28f5e7-ba98-4c32-b67b-ae65f1c8618f:192.168.5.145:40872, bdbe18bf-b28b-47c4-9f24-91cefe90c4da:192.168.5.145:42240], old=null, confs=<EMPTY_MAP>
2019-10-14 10:09:40,028 [pool-67-thread-1] INFO  storage.RaftStorageDirectory (RaftStorageDirectory.java:analyzeStorage(246)) - The storage directory /workdir/hadoop-ozone/integration-test/target/test-dir/MiniOzoneClusterImpl-e80b5651-725a-4ba3-ba65-a0af2f9a2c78/datanode-4/data/ratis/b9122365-0f16-4b09-b296-6eb6c47bd974 does not exist. Creating ...
2019-10-14 10:09:40,028 [pool-87-thread-1] INFO  server.RaftServerConfigKeys (ConfUtils.java:logGet(43)) - raft.server.storage.dir = [/workdir/hadoop-ozone/integration-test/target/test-dir/MiniOzoneClusterImpl-e80b5651-725a-4ba3-ba65-a0af2f9a2c78/datanode-6/data/ratis] (custom)
2019-10-14 10:09:40,028 [pool-87-thread-1] INFO  server.RaftServerConfigKeys (ConfUtils.java:logGet(43)) - raft.server.log.corruption.policy = EXCEPTION (default)
2019-10-14 10:09:40,028 [pool-87-thread-1] INFO  storage.RaftStorageDirectory (RaftStorageDirectory.java:analyzeStorage(246)) - The storage directory /workdir/hadoop-ozone/integration-test/target/test-dir/MiniOzoneClusterImpl-e80b5651-725a-4ba3-ba65-a0af2f9a2c78/datanode-6/data/ratis/b9122365-0f16-4b09-b296-6eb6c47bd974 does not exist. Creating ...
2019-10-14 10:09:40,042 [pool-77-thread-1] INFO  storage.RaftStorageDirectory (RaftStorageDirectory.java:tryLock(328)) - Lock on /workdir/hadoop-ozone/integration-test/target/test-dir/MiniOzoneClusterImpl-e80b5651-725a-4ba3-ba65-a0af2f9a2c78/datanode-5/data/ratis/b9122365-0f16-4b09-b296-6eb6c47bd974/in_use.lock acquired by nodename 31981@pr-hdds-2297-rpftj-184604365
2019-10-14 10:09:40,042 [pool-87-thread-1] INFO  storage.RaftStorageDirectory (RaftStorageDirectory.java:tryLock(328)) - Lock on /workdir/hadoop-ozone/integration-test/target/test-dir/MiniOzoneClusterImpl-e80b5651-725a-4ba3-ba65-a0af2f9a2c78/datanode-6/data/ratis/b9122365-0f16-4b09-b296-6eb6c47bd974/in_use.lock acquired by nodename 31981@pr-hdds-2297-rpftj-184604365
2019-10-14 10:09:40,042 [pool-67-thread-1] INFO  storage.RaftStorageDirectory (RaftStorageDirectory.java:tryLock(328)) - Lock on /workdir/hadoop-ozone/integration-test/target/test-dir/MiniOzoneClusterImpl-e80b5651-725a-4ba3-ba65-a0af2f9a2c78/datanode-4/data/ratis/b9122365-0f16-4b09-b296-6eb6c47bd974/in_use.lock acquired by nodename 31981@pr-hdds-2297-rpftj-184604365
2019-10-14 10:09:40,068 [pool-87-thread-1] INFO  storage.RaftStorage (RaftStorage.java:format(84)) - Storage directory /workdir/hadoop-ozone/integration-test/target/test-dir/MiniOzoneClusterImpl-e80b5651-725a-4ba3-ba65-a0af2f9a2c78/datanode-6/data/ratis/b9122365-0f16-4b09-b296-6eb6c47bd974 has been successfully formatted.
2019-10-14 10:09:40,068 [pool-77-thread-1] INFO  storage.RaftStorage (RaftStorage.java:format(84)) - Storage directory /workdir/hadoop-ozone/integration-test/target/test-dir/MiniOzoneClusterImpl-e80b5651-725a-4ba3-ba65-a0af2f9a2c78/datanode-5/data/ratis/b9122365-0f16-4b09-b296-6eb6c47bd974 has been successfully formatted.
2019-10-14 10:09:40,068 [pool-87-thread-1] INFO  ratis.ContainerStateMachine (ContainerStateMachine.java:loadSnapshot(231)) - group-6EB6C47BD974: The snapshot info is null. Setting the last applied indexto:(t:0, i:~)
2019-10-14 10:09:40,068 [pool-67-thread-1] INFO  storage.RaftStorage (RaftStorage.java:format(84)) - Storage directory /workdir/hadoop-ozone/integration-test/target/test-dir/MiniOzoneClusterImpl-e80b5651-725a-4ba3-ba65-a0af2f9a2c78/datanode-4/data/ratis/b9122365-0f16-4b09-b296-6eb6c47bd974 has been successfully formatted.
2019-10-14 10:09:40,068 [pool-87-thread-1] INFO  server.RaftServerConfigKeys (ConfUtils.java:logGet(43)) - raft.server.notification.no-leader.timeout = 120s (custom)
2019-10-14 10:09:40,068 [pool-77-thread-1] INFO  ratis.ContainerStateMachine (ContainerStateMachine.java:loadSnapshot(231)) - group-6EB6C47BD974: The snapshot info is null. Setting the last applied indexto:(t:0, i:~)
2019-10-14 10:09:40,069 [pool-87-thread-1] INFO  server.RaftServerConfigKeys (ConfUtils.java:logGet(43)) - raft.server.log.use.memory = false (default)
2019-10-14 10:09:40,069 [pool-67-thread-1] INFO  ratis.ContainerStateMachine (ContainerStateMachine.java:loadSnapshot(231)) - group-6EB6C47BD974: The snapshot info is null. Setting the last applied indexto:(t:0, i:~)
2019-10-14 10:09:40,069 [pool-87-thread-1] INFO  server.RaftServerConfigKeys (ConfUtils.java:logGet(43)) - raft.server.log.purge.gap = 1000000 (custom)
2019-10-14 10:09:40,069 [pool-77-thread-1] INFO  server.RaftServerConfigKeys (ConfUtils.java:logGet(43)) - raft.server.notification.no-leader.timeout = 120s (custom)
2019-10-14 10:09:40,070 [pool-87-thread-1] INFO  server.RaftServerConfigKeys (ConfUtils.java:logGet(43)) - raft.server.log.appender.buffer.byte-limit = 33554432 (custom)
2019-10-14 10:09:40,069 [pool-67-thread-1] INFO  server.RaftServerConfigKeys (ConfUtils.java:logGet(43)) - raft.server.notification.no-leader.timeout = 120s (custom)
2019-10-14 10:09:40,070 [pool-87-thread-1] INFO  server.RaftServerConfigKeys (ConfUtils.java:logGet(43)) - raft.server.log.segment.size.max = 1048576 (custom)
2019-10-14 10:09:40,070 [pool-77-thread-1] INFO  server.RaftServerConfigKeys (ConfUtils.java:logGet(43)) - raft.server.log.use.memory = false (default)
2019-10-14 10:09:40,070 [pool-87-thread-1] INFO  server.RaftServerConfigKeys (ConfUtils.java:logGet(43)) - raft.server.log.segment.cache.num.max = 2 (custom)
2019-10-14 10:09:40,070 [pool-67-thread-1] INFO  server.RaftServerConfigKeys (ConfUtils.java:logGet(43)) - raft.server.log.use.memory = false (default)
2019-10-14 10:09:40,071 [pool-87-thread-1] INFO  segmented.SegmentedRaftLogWorker (SegmentedRaftLogWorker.java:<init>(173)) - new 3d28f5e7-ba98-4c32-b67b-ae65f1c8618f@group-6EB6C47BD974-SegmentedRaftLogWorker for RaftStorage:Storage Directory /workdir/hadoop-ozone/integration-test/target/test-dir/MiniOzoneClusterImpl-e80b5651-725a-4ba3-ba65-a0af2f9a2c78/datanode-6/data/ratis/b9122365-0f16-4b09-b296-6eb6c47bd974
2019-10-14 10:09:40,070 [pool-77-thread-1] INFO  server.RaftServerConfigKeys (ConfUtils.java:logGet(43)) - raft.server.log.purge.gap = 1000000 (custom)
2019-10-14 10:09:40,071 [pool-87-thread-1] INFO  server.RaftServerConfigKeys (ConfUtils.java:logGet(43)) - raft.server.log.queue.byte-limit = 2147483647 (custom)
2019-10-14 10:09:40,071 [pool-67-thread-1] INFO  server.RaftServerConfigKeys (ConfUtils.java:logGet(43)) - raft.server.log.purge.gap = 1000000 (custom)
2019-10-14 10:09:40,071 [pool-87-thread-1] INFO  server.RaftServerConfigKeys (ConfUtils.java:logGet(43)) - raft.server.log.queue.element-limit = 1024 (custom)
2019-10-14 10:09:40,071 [pool-77-thread-1] INFO  server.RaftServerConfigKeys (ConfUtils.java:logGet(43)) - raft.server.log.appender.buffer.byte-limit = 33554432 (custom)
2019-10-14 10:09:40,072 [pool-87-thread-1] INFO  server.RaftServerConfigKeys (ConfUtils.java:logGet(43)) - raft.server.log.segment.size.max = 1048576 (custom)
2019-10-14 10:09:40,072 [pool-67-thread-1] INFO  server.RaftServerConfigKeys (ConfUtils.java:logGet(43)) - raft.server.log.appender.buffer.byte-limit = 33554432 (custom)
2019-10-14 10:09:40,072 [pool-87-thread-1] INFO  server.RaftServerConfigKeys (ConfUtils.java:logGet(43)) - raft.server.log.preallocated.size = 16384 (custom)
2019-10-14 10:09:40,072 [pool-77-thread-1] INFO  server.RaftServerConfigKeys (ConfUtils.java:logGet(43)) - raft.server.log.segment.size.max = 1048576 (custom)
2019-10-14 10:09:40,072 [pool-87-thread-1] INFO  server.RaftServerConfigKeys (ConfUtils.java:logGet(43)) - raft.server.log.write.buffer.size = 33554432 (custom)
2019-10-14 10:09:40,072 [pool-67-thread-1] INFO  server.RaftServerConfigKeys (ConfUtils.java:logGet(43)) - raft.server.log.segment.size.max = 1048576 (custom)
2019-10-14 10:09:40,073 [pool-87-thread-1] INFO  server.RaftServerConfigKeys (ConfUtils.java:logGet(43)) - raft.server.log.force.sync.num = 128 (default)
2019-10-14 10:09:40,073 [pool-77-thread-1] INFO  server.RaftServerConfigKeys (ConfUtils.java:logGet(43)) - raft.server.log.segment.cache.num.max = 2 (custom)
2019-10-14 10:09:40,073 [pool-87-thread-1] INFO  server.RaftServerConfigKeys (ConfUtils.java:logGet(43)) - raft.server.log.statemachine.data.sync = true (default)
2019-10-14 10:09:40,073 [pool-67-thread-1] INFO  server.RaftServerConfigKeys (ConfUtils.java:logGet(43)) - raft.server.log.segment.cache.num.max = 2 (custom)
2019-10-14 10:09:40,074 [pool-87-thread-1] INFO  server.RaftServerConfigKeys (ConfUtils.java:logGet(43)) - raft.server.log.statemachine.data.sync.timeout = 10s (default)
2019-10-14 10:09:40,073 [pool-77-thread-1] INFO  segmented.SegmentedRaftLogWorker (SegmentedRaftLogWorker.java:<init>(173)) - new bdbe18bf-b28b-47c4-9f24-91cefe90c4da@group-6EB6C47BD974-SegmentedRaftLogWorker for RaftStorage:Storage Directory /workdir/hadoop-ozone/integration-test/target/test-dir/MiniOzoneClusterImpl-e80b5651-725a-4ba3-ba65-a0af2f9a2c78/datanode-5/data/ratis/b9122365-0f16-4b09-b296-6eb6c47bd974
2019-10-14 10:09:40,074 [pool-87-thread-1] INFO  server.RaftServerConfigKeys (ConfUtils.java:logGet(43)) - raft.server.log.statemachine.data.sync.timeout.retry = -1 (default)
2019-10-14 10:09:40,074 [pool-67-thread-1] INFO  segmented.SegmentedRaftLogWorker (SegmentedRaftLogWorker.java:<init>(173)) - new 65a7bfda-34c2-405e-9399-a4fe92a2c009@group-6EB6C47BD974-SegmentedRaftLogWorker for RaftStorage:Storage Directory /workdir/hadoop-ozone/integration-test/target/test-dir/MiniOzoneClusterImpl-e80b5651-725a-4ba3-ba65-a0af2f9a2c78/datanode-4/data/ratis/b9122365-0f16-4b09-b296-6eb6c47bd974
2019-10-14 10:09:40,074 [pool-87-thread-1] INFO  server.RaftServerConfigKeys (ConfUtils.java:logGet(43)) - raft.server.log.statemachine.data.caching.enabled = true (custom)
2019-10-14 10:09:40,074 [pool-77-thread-1] INFO  server.RaftServerConfigKeys (ConfUtils.java:logGet(43)) - raft.server.log.queue.byte-limit = 2147483647 (custom)
2019-10-14 10:09:40,074 [pool-67-thread-1] INFO  server.RaftServerConfigKeys (ConfUtils.java:logGet(43)) - raft.server.log.queue.byte-limit = 2147483647 (custom)
2019-10-14 10:09:40,075 [pool-87-thread-1] INFO  segmented.SegmentedRaftLogWorker (SegmentedRaftLogWorker.java:lambda$new$0(128)) - 3d28f5e7-ba98-4c32-b67b-ae65f1c8618f@group-6EB6C47BD974-SegmentedRaftLogWorker: flushIndex: setUnconditionally 0 -> -1
2019-10-14 10:09:40,075 [pool-77-thread-1] INFO  server.RaftServerConfigKeys (ConfUtils.java:logGet(43)) - raft.server.log.queue.element-limit = 1024 (custom)
2019-10-14 10:09:40,075 [pool-67-thread-1] INFO  server.RaftServerConfigKeys (ConfUtils.java:logGet(43)) - raft.server.log.queue.element-limit = 1024 (custom)
2019-10-14 10:09:40,076 [pool-77-thread-1] INFO  server.RaftServerConfigKeys (ConfUtils.java:logGet(43)) - raft.server.log.segment.size.max = 1048576 (custom)
2019-10-14 10:09:40,075 [pool-87-thread-1] INFO  server.RaftServerConfigKeys (ConfUtils.java:logGet(43)) - raft.server.snapshot.auto.trigger.enabled = true (custom)
2019-10-14 10:09:40,076 [pool-77-thread-1] INFO  server.RaftServerConfigKeys (ConfUtils.java:logGet(43)) - raft.server.log.preallocated.size = 16384 (custom)
2019-10-14 10:09:40,076 [pool-67-thread-1] INFO  server.RaftServerConfigKeys (ConfUtils.java:logGet(43)) - raft.server.log.segment.size.max = 1048576 (custom)
2019-10-14 10:09:40,076 [pool-77-thread-1] INFO  server.RaftServerConfigKeys (ConfUtils.java:logGet(43)) - raft.server.log.write.buffer.size = 33554432 (custom)
2019-10-14 10:09:40,076 [pool-87-thread-1] INFO  server.RaftServerConfigKeys (ConfUtils.java:logGet(43)) - raft.server.snapshot.auto.trigger.threshold = 10000 (custom)
2019-10-14 10:09:40,077 [pool-77-thread-1] INFO  server.RaftServerConfigKeys (ConfUtils.java:logGet(43)) - raft.server.log.force.sync.num = 128 (default)
2019-10-14 10:09:40,077 [pool-67-thread-1] INFO  server.RaftServerConfigKeys (ConfUtils.java:logGet(43)) - raft.server.log.preallocated.size = 16384 (custom)
2019-10-14 10:09:40,077 [pool-77-thread-1] INFO  server.RaftServerConfigKeys (ConfUtils.java:logGet(43)) - raft.server.log.statemachine.data.sync = true (default)
2019-10-14 10:09:40,077 [pool-87-thread-1] INFO  server.RaftServerConfigKeys (ConfUtils.java:logGet(43)) - raft.server.snapshot.retention.file.num = 5 (custom)
2019-10-14 10:09:40,078 [pool-77-thread-1] INFO  server.RaftServerConfigKeys (ConfUtils.java:logGet(43)) - raft.server.log.statemachine.data.sync.timeout = 10s (default)
2019-10-14 10:09:40,077 [pool-67-thread-1] INFO  server.RaftServerConfigKeys (ConfUtils.java:logGet(43)) - raft.server.log.write.buffer.size = 33554432 (custom)
2019-10-14 10:09:40,078 [pool-77-thread-1] INFO  server.RaftServerConfigKeys (ConfUtils.java:logGet(43)) - raft.server.log.statemachine.data.sync.timeout.retry = -1 (default)
2019-10-14 10:09:40,078 [pool-87-thread-1] INFO  server.RaftServerConfigKeys (ConfUtils.java:logGet(43)) - raft.server.retrycache.expirytime = 600000ms (custom)
2019-10-14 10:09:40,078 [pool-67-thread-1] INFO  server.RaftServerConfigKeys (ConfUtils.java:logGet(43)) - raft.server.log.force.sync.num = 128 (default)
2019-10-14 10:09:40,079 [pool-77-thread-1] INFO  server.RaftServerConfigKeys (ConfUtils.java:logGet(43)) - raft.server.log.statemachine.data.caching.enabled = true (custom)
2019-10-14 10:09:40,079 [pool-67-thread-1] INFO  server.RaftServerConfigKeys (ConfUtils.java:logGet(43)) - raft.server.log.statemachine.data.sync = true (default)
2019-10-14 10:09:40,080 [pool-77-thread-1] INFO  segmented.SegmentedRaftLogWorker (SegmentedRaftLogWorker.java:lambda$new$0(128)) - bdbe18bf-b28b-47c4-9f24-91cefe90c4da@group-6EB6C47BD974-SegmentedRaftLogWorker: flushIndex: setUnconditionally 0 -> -1
2019-10-14 10:09:40,080 [pool-67-thread-1] INFO  server.RaftServerConfigKeys (ConfUtils.java:logGet(43)) - raft.server.log.statemachine.data.sync.timeout = 10s (default)
2019-10-14 10:09:40,080 [pool-67-thread-1] INFO  server.RaftServerConfigKeys (ConfUtils.java:logGet(43)) - raft.server.log.statemachine.data.sync.timeout.retry = -1 (default)
2019-10-14 10:09:40,080 [pool-77-thread-1] INFO  server.RaftServerConfigKeys (ConfUtils.java:logGet(43)) - raft.server.snapshot.auto.trigger.enabled = true (custom)
2019-10-14 10:09:40,081 [pool-67-thread-1] INFO  server.RaftServerConfigKeys (ConfUtils.java:logGet(43)) - raft.server.log.statemachine.data.caching.enabled = true (custom)
2019-10-14 10:09:40,081 [pool-77-thread-1] INFO  server.RaftServerConfigKeys (ConfUtils.java:logGet(43)) - raft.server.snapshot.auto.trigger.threshold = 10000 (custom)
2019-10-14 10:09:40,081 [pool-77-thread-1] INFO  server.RaftServerConfigKeys (ConfUtils.java:logGet(43)) - raft.server.snapshot.retention.file.num = 5 (custom)
2019-10-14 10:09:40,081 [pool-67-thread-1] INFO  segmented.SegmentedRaftLogWorker (SegmentedRaftLogWorker.java:lambda$new$0(128)) - 65a7bfda-34c2-405e-9399-a4fe92a2c009@group-6EB6C47BD974-SegmentedRaftLogWorker: flushIndex: setUnconditionally 0 -> -1
2019-10-14 10:09:40,081 [pool-77-thread-1] INFO  server.RaftServerConfigKeys (ConfUtils.java:logGet(43)) - raft.server.retrycache.expirytime = 600000ms (custom)
2019-10-14 10:09:40,082 [pool-67-thread-1] INFO  server.RaftServerConfigKeys (ConfUtils.java:logGet(43)) - raft.server.snapshot.auto.trigger.enabled = true (custom)
2019-10-14 10:09:40,082 [pool-87-thread-1] INFO  impl.RaftServerImpl (RaftServerImpl.java:start(181)) - 3d28f5e7-ba98-4c32-b67b-ae65f1c8618f@group-6EB6C47BD974: start as a follower, conf=-1: [65a7bfda-34c2-405e-9399-a4fe92a2c009:192.168.5.145:45718, 3d28f5e7-ba98-4c32-b67b-ae65f1c8618f:192.168.5.145:40872, bdbe18bf-b28b-47c4-9f24-91cefe90c4da:192.168.5.145:42240], old=null
2019-10-14 10:09:40,082 [pool-67-thread-1] INFO  server.RaftServerConfigKeys (ConfUtils.java:logGet(43)) - raft.server.snapshot.auto.trigger.threshold = 10000 (custom)
2019-10-14 10:09:40,082 [pool-87-thread-1] INFO  impl.RaftServerImpl (RaftServerImpl.java:setRole(170)) - 3d28f5e7-ba98-4c32-b67b-ae65f1c8618f@group-6EB6C47BD974: changes role from      null to FOLLOWER at term 0 for startAsFollower
2019-10-14 10:09:40,083 [pool-67-thread-1] INFO  server.RaftServerConfigKeys (ConfUtils.java:logGet(43)) - raft.server.snapshot.retention.file.num = 5 (custom)
2019-10-14 10:09:40,083 [pool-87-thread-1] INFO  impl.RoleInfo (RoleInfo.java:updateAndGet(143)) - 3d28f5e7-ba98-4c32-b67b-ae65f1c8618f: start FollowerState
2019-10-14 10:09:40,083 [pool-67-thread-1] INFO  server.RaftServerConfigKeys (ConfUtils.java:logGet(43)) - raft.server.retrycache.expirytime = 600000ms (custom)
2019-10-14 10:09:40,084 [pool-87-thread-1] INFO  util.JmxRegister (JmxRegister.java:tryRegister(44)) - Successfully registered JMX Bean with object name Ratis:service=RaftServer,group=group-6EB6C47BD974,id=3d28f5e7-ba98-4c32-b67b-ae65f1c8618f
2019-10-14 10:09:40,090 [pool-77-thread-1] INFO  impl.RaftServerImpl (RaftServerImpl.java:start(181)) - bdbe18bf-b28b-47c4-9f24-91cefe90c4da@group-6EB6C47BD974: start as a follower, conf=-1: [65a7bfda-34c2-405e-9399-a4fe92a2c009:192.168.5.145:45718, 3d28f5e7-ba98-4c32-b67b-ae65f1c8618f:192.168.5.145:40872, bdbe18bf-b28b-47c4-9f24-91cefe90c4da:192.168.5.145:42240], old=null
2019-10-14 10:09:40,090 [pool-77-thread-1] INFO  impl.RaftServerImpl (RaftServerImpl.java:setRole(170)) - bdbe18bf-b28b-47c4-9f24-91cefe90c4da@group-6EB6C47BD974: changes role from      null to FOLLOWER at term 0 for startAsFollower
2019-10-14 10:09:40,090 [pool-77-thread-1] INFO  impl.RoleInfo (RoleInfo.java:updateAndGet(143)) - bdbe18bf-b28b-47c4-9f24-91cefe90c4da: start FollowerState
2019-10-14 10:09:40,091 [pool-77-thread-1] INFO  util.JmxRegister (JmxRegister.java:tryRegister(44)) - Successfully registered JMX Bean with object name Ratis:service=RaftServer,group=group-6EB6C47BD974,id=bdbe18bf-b28b-47c4-9f24-91cefe90c4da
2019-10-14 10:09:40,092 [pool-67-thread-1] INFO  impl.RaftServerImpl (RaftServerImpl.java:start(181)) - 65a7bfda-34c2-405e-9399-a4fe92a2c009@group-6EB6C47BD974: start as a follower, conf=-1: [65a7bfda-34c2-405e-9399-a4fe92a2c009:192.168.5.145:45718, 3d28f5e7-ba98-4c32-b67b-ae65f1c8618f:192.168.5.145:40872, bdbe18bf-b28b-47c4-9f24-91cefe90c4da:192.168.5.145:42240], old=null
2019-10-14 10:09:40,093 [pool-67-thread-1] INFO  impl.RaftServerImpl (RaftServerImpl.java:setRole(170)) - 65a7bfda-34c2-405e-9399-a4fe92a2c009@group-6EB6C47BD974: changes role from      null to FOLLOWER at term 0 for startAsFollower
2019-10-14 10:09:40,093 [pool-67-thread-1] INFO  impl.RoleInfo (RoleInfo.java:updateAndGet(143)) - 65a7bfda-34c2-405e-9399-a4fe92a2c009: start FollowerState
2019-10-14 10:09:40,094 [pool-67-thread-1] INFO  util.JmxRegister (JmxRegister.java:tryRegister(44)) - Successfully registered JMX Bean with object name Ratis:service=RaftServer,group=group-6EB6C47BD974,id=65a7bfda-34c2-405e-9399-a4fe92a2c009
2019-10-14 10:09:40,124 [RatisPipelineUtilsThread] INFO  pipeline.PipelineStateManager (PipelineStateManager.java:addPipeline(56)) - Created pipeline Pipeline[ Id: b9122365-0f16-4b09-b296-6eb6c47bd974, Nodes: 3d28f5e7-ba98-4c32-b67b-ae65f1c8618f{ip: 192.168.5.145, host: pr-hdds-2297-rpftj-184604365, networkLocation: /default-rack, certSerialId: null}65a7bfda-34c2-405e-9399-a4fe92a2c009{ip: 192.168.5.145, host: pr-hdds-2297-rpftj-184604365, networkLocation: /default-rack, certSerialId: null}bdbe18bf-b28b-47c4-9f24-91cefe90c4da{ip: 192.168.5.145, host: pr-hdds-2297-rpftj-184604365, networkLocation: /default-rack, certSerialId: null}, Type:RATIS, Factor:THREE, State:OPEN]
2019-10-14 10:09:40,733 [Thread-238] INFO  container.ReplicationManager (ReplicationManager.java:start(162)) - Starting Replication Monitor Thread.
2019-10-14 10:09:40,739 [ReplicationMonitor] INFO  container.ReplicationManager (ReplicationManager.java:run(225)) - Replication Monitor Thread took 4 milliseconds for processing 1 containers.
2019-10-14 10:09:43,573 [Thread-241] INFO  impl.FollowerState (FollowerState.java:run(108)) - 73f79e80-ae09-4d07-84c1-6a2068a5e547@group-6EBDEFA99BE4-FollowerState: change to CANDIDATE, lastRpcTime:5002ms, electionTimeout:5001ms
2019-10-14 10:09:43,578 [Thread-241] INFO  impl.RoleInfo (RoleInfo.java:shutdownFollowerState(121)) - 73f79e80-ae09-4d07-84c1-6a2068a5e547: shutdown FollowerState
2019-10-14 10:09:43,578 [Thread-241] INFO  impl.RaftServerImpl (RaftServerImpl.java:setRole(170)) - 73f79e80-ae09-4d07-84c1-6a2068a5e547@group-6EBDEFA99BE4: changes role from  FOLLOWER to CANDIDATE at term 0 for changeToCandidate
2019-10-14 10:09:43,586 [Thread-241] INFO  impl.RoleInfo (RoleInfo.java:updateAndGet(143)) - 73f79e80-ae09-4d07-84c1-6a2068a5e547: start LeaderElection
2019-10-14 10:09:43,607 [73f79e80-ae09-4d07-84c1-6a2068a5e547@group-6EBDEFA99BE4-LeaderElection1] INFO  impl.LeaderElection (LeaderElection.java:askForVotes(178)) - 73f79e80-ae09-4d07-84c1-6a2068a5e547@group-6EBDEFA99BE4-LeaderElection1: begin an election at term 1 for -1: [73f79e80-ae09-4d07-84c1-6a2068a5e547:192.168.5.145:37261], old=null
2019-10-14 10:09:43,609 [73f79e80-ae09-4d07-84c1-6a2068a5e547@group-6EBDEFA99BE4-LeaderElection1] INFO  impl.RoleInfo (RoleInfo.java:shutdownLeaderElection(134)) - 73f79e80-ae09-4d07-84c1-6a2068a5e547: shutdown LeaderElection
2019-10-14 10:09:43,609 [73f79e80-ae09-4d07-84c1-6a2068a5e547@group-6EBDEFA99BE4-LeaderElection1] INFO  impl.RaftServerImpl (RaftServerImpl.java:setRole(170)) - 73f79e80-ae09-4d07-84c1-6a2068a5e547@group-6EBDEFA99BE4: changes role from CANDIDATE to LEADER at term 1 for changeToLeader
2019-10-14 10:09:43,610 [73f79e80-ae09-4d07-84c1-6a2068a5e547@group-6EBDEFA99BE4-LeaderElection1] INFO  impl.RaftServerImpl (ServerState.java:setLeader(255)) - 73f79e80-ae09-4d07-84c1-6a2068a5e547@group-6EBDEFA99BE4: change Leader from null to 73f79e80-ae09-4d07-84c1-6a2068a5e547 at term 1 for becomeLeader, leader elected after 5194ms
2019-10-14 10:09:43,618 [73f79e80-ae09-4d07-84c1-6a2068a5e547@group-6EBDEFA99BE4-LeaderElection1] INFO  server.RaftServerConfigKeys (ConfUtils.java:logGet(43)) - raft.server.staging.catchup.gap = 1000 (default)
2019-10-14 10:09:43,618 [73f79e80-ae09-4d07-84c1-6a2068a5e547@group-6EBDEFA99BE4-LeaderElection1] INFO  server.RaftServerConfigKeys (ConfUtils.java:logGet(43)) - raft.server.rpc.sleep.time = 25ms (default)
2019-10-14 10:09:43,623 [73f79e80-ae09-4d07-84c1-6a2068a5e547@group-6EBDEFA99BE4-LeaderElection1] INFO  server.RaftServerConfigKeys (ConfUtils.java:logGet(43)) - raft.server.write.element-limit = 4096 (default)
2019-10-14 10:09:43,626 [73f79e80-ae09-4d07-84c1-6a2068a5e547@group-6EBDEFA99BE4-LeaderElection1] INFO  server.RaftServerConfigKeys (ConfUtils.java:logGet(43)) - raft.server.watch.timeout = 10s (default)
2019-10-14 10:09:43,626 [73f79e80-ae09-4d07-84c1-6a2068a5e547@group-6EBDEFA99BE4-LeaderElection1] INFO  server.RaftServerConfigKeys (ConfUtils.java:logGet(43)) - raft.server.watch.timeout.denomination = 1s (default)
2019-10-14 10:09:43,628 [73f79e80-ae09-4d07-84c1-6a2068a5e547@group-6EBDEFA99BE4-LeaderElection1] INFO  server.RaftServerConfigKeys (ConfUtils.java:logGet(43)) - raft.server.watch.element-limit = 65536 (default)
2019-10-14 10:09:43,640 [73f79e80-ae09-4d07-84c1-6a2068a5e547@group-6EBDEFA99BE4-LeaderElection1] INFO  impl.RoleInfo (RoleInfo.java:updateAndGet(143)) - 73f79e80-ae09-4d07-84c1-6a2068a5e547: start LeaderState
2019-10-14 10:09:43,666 [73f79e80-ae09-4d07-84c1-6a2068a5e547@group-6EBDEFA99BE4-LeaderElection1] INFO  segmented.SegmentedRaftLogWorker (SegmentedRaftLogWorker.java:startLogSegment(385)) - 73f79e80-ae09-4d07-84c1-6a2068a5e547@group-6EBDEFA99BE4-SegmentedRaftLogWorker: Starting segment from index:0
2019-10-14 10:09:43,676 [73f79e80-ae09-4d07-84c1-6a2068a5e547@group-6EBDEFA99BE4-LeaderElection1] INFO  impl.RaftServerImpl (ServerState.java:setRaftConf(356)) - 73f79e80-ae09-4d07-84c1-6a2068a5e547@group-6EBDEFA99BE4: set configuration 0: [73f79e80-ae09-4d07-84c1-6a2068a5e547:192.168.5.145:37261], old=null at 0
2019-10-14 10:09:43,892 [73f79e80-ae09-4d07-84c1-6a2068a5e547@group-6EBDEFA99BE4-SegmentedRaftLogWorker] INFO  segmented.SegmentedRaftLogWorker (SegmentedRaftLogWorker.java:execute(574)) - 73f79e80-ae09-4d07-84c1-6a2068a5e547@group-6EBDEFA99BE4-SegmentedRaftLogWorker: created new log segment /workdir/hadoop-ozone/integration-test/target/test-dir/MiniOzoneClusterImpl-e80b5651-725a-4ba3-ba65-a0af2f9a2c78/datanode-0/data/ratis/b5e2b8bd-a58c-40ed-9ef6-6ebdefa99be4/current/log_inprogress_0
2019-10-14 10:09:43,920 [Thread-245] INFO  impl.FollowerState (FollowerState.java:run(108)) - 46eddc03-a99b-42b6-84bc-832a7f6ef5a9@group-E7369719462A-FollowerState: change to CANDIDATE, lastRpcTime:5081ms, electionTimeout:5079ms
2019-10-14 10:09:43,924 [Thread-245] INFO  impl.RoleInfo (RoleInfo.java:shutdownFollowerState(121)) - 46eddc03-a99b-42b6-84bc-832a7f6ef5a9: shutdown FollowerState
2019-10-14 10:09:43,924 [Thread-245] INFO  impl.RaftServerImpl (RaftServerImpl.java:setRole(170)) - 46eddc03-a99b-42b6-84bc-832a7f6ef5a9@group-E7369719462A: changes role from  FOLLOWER to CANDIDATE at term 0 for changeToCandidate
2019-10-14 10:09:43,924 [Thread-245] INFO  impl.RoleInfo (RoleInfo.java:updateAndGet(143)) - 46eddc03-a99b-42b6-84bc-832a7f6ef5a9: start LeaderElection
2019-10-14 10:09:43,944 [46eddc03-a99b-42b6-84bc-832a7f6ef5a9@group-E7369719462A-LeaderElection2] INFO  impl.LeaderElection (LeaderElection.java:askForVotes(178)) - 46eddc03-a99b-42b6-84bc-832a7f6ef5a9@group-E7369719462A-LeaderElection2: begin an election at term 1 for -1: [46eddc03-a99b-42b6-84bc-832a7f6ef5a9:192.168.5.145:42988], old=null
2019-10-14 10:09:43,952 [46eddc03-a99b-42b6-84bc-832a7f6ef5a9@group-E7369719462A-LeaderElection2] INFO  impl.RoleInfo (RoleInfo.java:shutdownLeaderElection(134)) - 46eddc03-a99b-42b6-84bc-832a7f6ef5a9: shutdown LeaderElection
2019-10-14 10:09:43,952 [46eddc03-a99b-42b6-84bc-832a7f6ef5a9@group-E7369719462A-LeaderElection2] INFO  impl.RaftServerImpl (RaftServerImpl.java:setRole(170)) - 46eddc03-a99b-42b6-84bc-832a7f6ef5a9@group-E7369719462A: changes role from CANDIDATE to LEADER at term 1 for changeToLeader
2019-10-14 10:09:43,953 [46eddc03-a99b-42b6-84bc-832a7f6ef5a9@group-E7369719462A-LeaderElection2] INFO  impl.RaftServerImpl (ServerState.java:setLeader(255)) - 46eddc03-a99b-42b6-84bc-832a7f6ef5a9@group-E7369719462A: change Leader from null to 46eddc03-a99b-42b6-84bc-832a7f6ef5a9 at term 1 for becomeLeader, leader elected after 5133ms
2019-10-14 10:09:43,955 [46eddc03-a99b-42b6-84bc-832a7f6ef5a9@group-E7369719462A-LeaderElection2] INFO  server.RaftServerConfigKeys (ConfUtils.java:logGet(43)) - raft.server.staging.catchup.gap = 1000 (default)
2019-10-14 10:09:43,955 [46eddc03-a99b-42b6-84bc-832a7f6ef5a9@group-E7369719462A-LeaderElection2] INFO  server.RaftServerConfigKeys (ConfUtils.java:logGet(43)) - raft.server.rpc.sleep.time = 25ms (default)
2019-10-14 10:09:43,956 [46eddc03-a99b-42b6-84bc-832a7f6ef5a9@group-E7369719462A-LeaderElection2] INFO  server.RaftServerConfigKeys (ConfUtils.java:logGet(43)) - raft.server.write.element-limit = 4096 (default)
2019-10-14 10:09:43,956 [46eddc03-a99b-42b6-84bc-832a7f6ef5a9@group-E7369719462A-LeaderElection2] INFO  server.RaftServerConfigKeys (ConfUtils.java:logGet(43)) - raft.server.watch.timeout = 10s (default)
2019-10-14 10:09:43,956 [46eddc03-a99b-42b6-84bc-832a7f6ef5a9@group-E7369719462A-LeaderElection2] INFO  server.RaftServerConfigKeys (ConfUtils.java:logGet(43)) - raft.server.watch.timeout.denomination = 1s (default)
2019-10-14 10:09:43,956 [46eddc03-a99b-42b6-84bc-832a7f6ef5a9@group-E7369719462A-LeaderElection2] INFO  server.RaftServerConfigKeys (ConfUtils.java:logGet(43)) - raft.server.watch.element-limit = 65536 (default)
2019-10-14 10:09:43,959 [46eddc03-a99b-42b6-84bc-832a7f6ef5a9@group-E7369719462A-LeaderElection2] INFO  impl.RoleInfo (RoleInfo.java:updateAndGet(143)) - 46eddc03-a99b-42b6-84bc-832a7f6ef5a9: start LeaderState
2019-10-14 10:09:43,960 [46eddc03-a99b-42b6-84bc-832a7f6ef5a9@group-E7369719462A-LeaderElection2] INFO  segmented.SegmentedRaftLogWorker (SegmentedRaftLogWorker.java:startLogSegment(385)) - 46eddc03-a99b-42b6-84bc-832a7f6ef5a9@group-E7369719462A-SegmentedRaftLogWorker: Starting segment from index:0
2019-10-14 10:09:43,960 [46eddc03-a99b-42b6-84bc-832a7f6ef5a9@group-E7369719462A-LeaderElection2] INFO  impl.RaftServerImpl (ServerState.java:setRaftConf(356)) - 46eddc03-a99b-42b6-84bc-832a7f6ef5a9@group-E7369719462A: set configuration 0: [46eddc03-a99b-42b6-84bc-832a7f6ef5a9:192.168.5.145:42988], old=null at 0
2019-10-14 10:09:44,010 [46eddc03-a99b-42b6-84bc-832a7f6ef5a9@group-E7369719462A-SegmentedRaftLogWorker] INFO  segmented.SegmentedRaftLogWorker (SegmentedRaftLogWorker.java:execute(574)) - 46eddc03-a99b-42b6-84bc-832a7f6ef5a9@group-E7369719462A-SegmentedRaftLogWorker: created new log segment /workdir/hadoop-ozone/integration-test/target/test-dir/MiniOzoneClusterImpl-e80b5651-725a-4ba3-ba65-a0af2f9a2c78/datanode-3/data/ratis/3a918adf-0130-4dc2-b08a-e7369719462a/current/log_inprogress_0
2019-10-14 10:09:44,117 [Thread-252] INFO  impl.FollowerState (FollowerState.java:run(108)) - 3d28f5e7-ba98-4c32-b67b-ae65f1c8618f@group-9492D0D2DA03-FollowerState: change to CANDIDATE, lastRpcTime:5022ms, electionTimeout:5022ms
2019-10-14 10:09:44,117 [Thread-252] INFO  impl.RoleInfo (RoleInfo.java:shutdownFollowerState(121)) - 3d28f5e7-ba98-4c32-b67b-ae65f1c8618f: shutdown FollowerState
2019-10-14 10:09:44,118 [Thread-252] INFO  impl.RaftServerImpl (RaftServerImpl.java:setRole(170)) - 3d28f5e7-ba98-4c32-b67b-ae65f1c8618f@group-9492D0D2DA03: changes role from  FOLLOWER to CANDIDATE at term 0 for changeToCandidate
2019-10-14 10:09:44,118 [Thread-252] INFO  impl.RoleInfo (RoleInfo.java:updateAndGet(143)) - 3d28f5e7-ba98-4c32-b67b-ae65f1c8618f: start LeaderElection
2019-10-14 10:09:44,138 [3d28f5e7-ba98-4c32-b67b-ae65f1c8618f@group-9492D0D2DA03-LeaderElection3] INFO  impl.LeaderElection (LeaderElection.java:askForVotes(178)) - 3d28f5e7-ba98-4c32-b67b-ae65f1c8618f@group-9492D0D2DA03-LeaderElection3: begin an election at term 1 for -1: [3d28f5e7-ba98-4c32-b67b-ae65f1c8618f:192.168.5.145:40872], old=null
2019-10-14 10:09:44,140 [3d28f5e7-ba98-4c32-b67b-ae65f1c8618f@group-9492D0D2DA03-LeaderElection3] INFO  impl.RoleInfo (RoleInfo.java:shutdownLeaderElection(134)) - 3d28f5e7-ba98-4c32-b67b-ae65f1c8618f: shutdown LeaderElection
2019-10-14 10:09:44,140 [3d28f5e7-ba98-4c32-b67b-ae65f1c8618f@group-9492D0D2DA03-LeaderElection3] INFO  impl.RaftServerImpl (RaftServerImpl.java:setRole(170)) - 3d28f5e7-ba98-4c32-b67b-ae65f1c8618f@group-9492D0D2DA03: changes role from CANDIDATE to LEADER at term 1 for changeToLeader
2019-10-14 10:09:44,140 [3d28f5e7-ba98-4c32-b67b-ae65f1c8618f@group-9492D0D2DA03-LeaderElection3] INFO  impl.RaftServerImpl (ServerState.java:setLeader(255)) - 3d28f5e7-ba98-4c32-b67b-ae65f1c8618f@group-9492D0D2DA03: change Leader from null to 3d28f5e7-ba98-4c32-b67b-ae65f1c8618f at term 1 for becomeLeader, leader elected after 5056ms
2019-10-14 10:09:44,143 [3d28f5e7-ba98-4c32-b67b-ae65f1c8618f@group-9492D0D2DA03-LeaderElection3] INFO  server.RaftServerConfigKeys (ConfUtils.java:logGet(43)) - raft.server.staging.catchup.gap = 1000 (default)
2019-10-14 10:09:44,143 [3d28f5e7-ba98-4c32-b67b-ae65f1c8618f@group-9492D0D2DA03-LeaderElection3] INFO  server.RaftServerConfigKeys (ConfUtils.java:logGet(43)) - raft.server.rpc.sleep.time = 25ms (default)
2019-10-14 10:09:44,143 [3d28f5e7-ba98-4c32-b67b-ae65f1c8618f@group-9492D0D2DA03-LeaderElection3] INFO  server.RaftServerConfigKeys (ConfUtils.java:logGet(43)) - raft.server.write.element-limit = 4096 (default)
2019-10-14 10:09:44,144 [3d28f5e7-ba98-4c32-b67b-ae65f1c8618f@group-9492D0D2DA03-LeaderElection3] INFO  server.RaftServerConfigKeys (ConfUtils.java:logGet(43)) - raft.server.watch.timeout = 10s (default)
2019-10-14 10:09:44,144 [3d28f5e7-ba98-4c32-b67b-ae65f1c8618f@group-9492D0D2DA03-LeaderElection3] INFO  server.RaftServerConfigKeys (ConfUtils.java:logGet(43)) - raft.server.watch.timeout.denomination = 1s (default)
2019-10-14 10:09:44,144 [3d28f5e7-ba98-4c32-b67b-ae65f1c8618f@group-9492D0D2DA03-LeaderElection3] INFO  server.RaftServerConfigKeys (ConfUtils.java:logGet(43)) - raft.server.watch.element-limit = 65536 (default)
2019-10-14 10:09:44,147 [3d28f5e7-ba98-4c32-b67b-ae65f1c8618f@group-9492D0D2DA03-LeaderElection3] INFO  impl.RoleInfo (RoleInfo.java:updateAndGet(143)) - 3d28f5e7-ba98-4c32-b67b-ae65f1c8618f: start LeaderState
2019-10-14 10:09:44,148 [3d28f5e7-ba98-4c32-b67b-ae65f1c8618f@group-9492D0D2DA03-LeaderElection3] INFO  segmented.SegmentedRaftLogWorker (SegmentedRaftLogWorker.java:startLogSegment(385)) - 3d28f5e7-ba98-4c32-b67b-ae65f1c8618f@group-9492D0D2DA03-SegmentedRaftLogWorker: Starting segment from index:0
2019-10-14 10:09:44,149 [3d28f5e7-ba98-4c32-b67b-ae65f1c8618f@group-9492D0D2DA03-LeaderElection3] INFO  impl.RaftServerImpl (ServerState.java:setRaftConf(356)) - 3d28f5e7-ba98-4c32-b67b-ae65f1c8618f@group-9492D0D2DA03: set configuration 0: [3d28f5e7-ba98-4c32-b67b-ae65f1c8618f:192.168.5.145:40872], old=null at 0
2019-10-14 10:09:44,182 [Thread-248] INFO  impl.FollowerState (FollowerState.java:run(108)) - 30733371-5fe2-4df7-9630-6aee27a201ad@group-B06594023DDB-FollowerState: change to CANDIDATE, lastRpcTime:5179ms, electionTimeout:5160ms
2019-10-14 10:09:44,183 [Thread-248] INFO  impl.RoleInfo (RoleInfo.java:shutdownFollowerState(121)) - 30733371-5fe2-4df7-9630-6aee27a201ad: shutdown FollowerState
2019-10-14 10:09:44,183 [Thread-248] INFO  impl.RaftServerImpl (RaftServerImpl.java:setRole(170)) - 30733371-5fe2-4df7-9630-6aee27a201ad@group-B06594023DDB: changes role from  FOLLOWER to CANDIDATE at term 0 for changeToCandidate
2019-10-14 10:09:44,183 [Thread-248] INFO  impl.RoleInfo (RoleInfo.java:updateAndGet(143)) - 30733371-5fe2-4df7-9630-6aee27a201ad: start LeaderElection
2019-10-14 10:09:44,207 [3d28f5e7-ba98-4c32-b67b-ae65f1c8618f@group-9492D0D2DA03-SegmentedRaftLogWorker] INFO  segmented.SegmentedRaftLogWorker (SegmentedRaftLogWorker.java:execute(574)) - 3d28f5e7-ba98-4c32-b67b-ae65f1c8618f@group-9492D0D2DA03-SegmentedRaftLogWorker: created new log segment /workdir/hadoop-ozone/integration-test/target/test-dir/MiniOzoneClusterImpl-e80b5651-725a-4ba3-ba65-a0af2f9a2c78/datanode-6/data/ratis/8e96739c-5cc0-48d7-b16d-9492d0d2da03/current/log_inprogress_0
2019-10-14 10:09:44,207 [30733371-5fe2-4df7-9630-6aee27a201ad@group-B06594023DDB-LeaderElection4] INFO  impl.LeaderElection (LeaderElection.java:askForVotes(178)) - 30733371-5fe2-4df7-9630-6aee27a201ad@group-B06594023DDB-LeaderElection4: begin an election at term 1 for -1: [30733371-5fe2-4df7-9630-6aee27a201ad:192.168.5.145:34156], old=null
2019-10-14 10:09:44,207 [30733371-5fe2-4df7-9630-6aee27a201ad@group-B06594023DDB-LeaderElection4] INFO  impl.RoleInfo (RoleInfo.java:shutdownLeaderElection(134)) - 30733371-5fe2-4df7-9630-6aee27a201ad: shutdown LeaderElection
2019-10-14 10:09:44,207 [30733371-5fe2-4df7-9630-6aee27a201ad@group-B06594023DDB-LeaderElection4] INFO  impl.RaftServerImpl (RaftServerImpl.java:setRole(170)) - 30733371-5fe2-4df7-9630-6aee27a201ad@group-B06594023DDB: changes role from CANDIDATE to LEADER at term 1 for changeToLeader
2019-10-14 10:09:44,207 [30733371-5fe2-4df7-9630-6aee27a201ad@group-B06594023DDB-LeaderElection4] INFO  impl.RaftServerImpl (ServerState.java:setLeader(255)) - 30733371-5fe2-4df7-9630-6aee27a201ad@group-B06594023DDB: change Leader from null to 30733371-5fe2-4df7-9630-6aee27a201ad at term 1 for becomeLeader, leader elected after 5239ms
2019-10-14 10:09:44,209 [30733371-5fe2-4df7-9630-6aee27a201ad@group-B06594023DDB-LeaderElection4] INFO  server.RaftServerConfigKeys (ConfUtils.java:logGet(43)) - raft.server.staging.catchup.gap = 1000 (default)
2019-10-14 10:09:44,210 [30733371-5fe2-4df7-9630-6aee27a201ad@group-B06594023DDB-LeaderElection4] INFO  server.RaftServerConfigKeys (ConfUtils.java:logGet(43)) - raft.server.rpc.sleep.time = 25ms (default)
2019-10-14 10:09:44,212 [30733371-5fe2-4df7-9630-6aee27a201ad@group-B06594023DDB-LeaderElection4] INFO  server.RaftServerConfigKeys (ConfUtils.java:logGet(43)) - raft.server.write.element-limit = 4096 (default)
2019-10-14 10:09:44,212 [30733371-5fe2-4df7-9630-6aee27a201ad@group-B06594023DDB-LeaderElection4] INFO  server.RaftServerConfigKeys (ConfUtils.java:logGet(43)) - raft.server.watch.timeout = 10s (default)
2019-10-14 10:09:44,212 [30733371-5fe2-4df7-9630-6aee27a201ad@group-B06594023DDB-LeaderElection4] INFO  server.RaftServerConfigKeys (ConfUtils.java:logGet(43)) - raft.server.watch.timeout.denomination = 1s (default)
2019-10-14 10:09:44,212 [30733371-5fe2-4df7-9630-6aee27a201ad@group-B06594023DDB-LeaderElection4] INFO  server.RaftServerConfigKeys (ConfUtils.java:logGet(43)) - raft.server.watch.element-limit = 65536 (default)
2019-10-14 10:09:44,215 [Thread-255] INFO  impl.FollowerState (FollowerState.java:run(108)) - 65a7bfda-34c2-405e-9399-a4fe92a2c009@group-AA2B2121C233-FollowerState: change to CANDIDATE, lastRpcTime:5047ms, electionTimeout:5047ms
2019-10-14 10:09:44,215 [Thread-255] INFO  impl.RoleInfo (RoleInfo.java:shutdownFollowerState(121)) - 65a7bfda-34c2-405e-9399-a4fe92a2c009: shutdown FollowerState
2019-10-14 10:09:44,215 [Thread-255] INFO  impl.RaftServerImpl (RaftServerImpl.java:setRole(170)) - 65a7bfda-34c2-405e-9399-a4fe92a2c009@group-AA2B2121C233: changes role from  FOLLOWER to CANDIDATE at term 0 for changeToCandidate
2019-10-14 10:09:44,215 [30733371-5fe2-4df7-9630-6aee27a201ad@group-B06594023DDB-LeaderElection4] INFO  impl.RoleInfo (RoleInfo.java:updateAndGet(143)) - 30733371-5fe2-4df7-9630-6aee27a201ad: start LeaderState
2019-10-14 10:09:44,215 [Thread-255] INFO  impl.RoleInfo (RoleInfo.java:updateAndGet(143)) - 65a7bfda-34c2-405e-9399-a4fe92a2c009: start LeaderElection
2019-10-14 10:09:44,216 [30733371-5fe2-4df7-9630-6aee27a201ad@group-B06594023DDB-LeaderElection4] INFO  segmented.SegmentedRaftLogWorker (SegmentedRaftLogWorker.java:startLogSegment(385)) - 30733371-5fe2-4df7-9630-6aee27a201ad@group-B06594023DDB-SegmentedRaftLogWorker: Starting segment from index:0
2019-10-14 10:09:44,220 [30733371-5fe2-4df7-9630-6aee27a201ad@group-B06594023DDB-LeaderElection4] INFO  impl.RaftServerImpl (ServerState.java:setRaftConf(356)) - 30733371-5fe2-4df7-9630-6aee27a201ad@group-B06594023DDB: set configuration 0: [30733371-5fe2-4df7-9630-6aee27a201ad:192.168.5.145:34156], old=null at 0
2019-10-14 10:09:44,252 [65a7bfda-34c2-405e-9399-a4fe92a2c009@group-AA2B2121C233-LeaderElection5] INFO  impl.LeaderElection (LeaderElection.java:askForVotes(178)) - 65a7bfda-34c2-405e-9399-a4fe92a2c009@group-AA2B2121C233-LeaderElection5: begin an election at term 1 for -1: [65a7bfda-34c2-405e-9399-a4fe92a2c009:192.168.5.145:45718], old=null
2019-10-14 10:09:44,253 [65a7bfda-34c2-405e-9399-a4fe92a2c009@group-AA2B2121C233-LeaderElection5] INFO  impl.RoleInfo (RoleInfo.java:shutdownLeaderElection(134)) - 65a7bfda-34c2-405e-9399-a4fe92a2c009: shutdown LeaderElection
2019-10-14 10:09:44,253 [65a7bfda-34c2-405e-9399-a4fe92a2c009@group-AA2B2121C233-LeaderElection5] INFO  impl.RaftServerImpl (RaftServerImpl.java:setRole(170)) - 65a7bfda-34c2-405e-9399-a4fe92a2c009@group-AA2B2121C233: changes role from CANDIDATE to LEADER at term 1 for changeToLeader
2019-10-14 10:09:44,253 [65a7bfda-34c2-405e-9399-a4fe92a2c009@group-AA2B2121C233-LeaderElection5] INFO  impl.RaftServerImpl (ServerState.java:setLeader(255)) - 65a7bfda-34c2-405e-9399-a4fe92a2c009@group-AA2B2121C233: change Leader from null to 65a7bfda-34c2-405e-9399-a4fe92a2c009 at term 1 for becomeLeader, leader elected after 5095ms
2019-10-14 10:09:44,255 [65a7bfda-34c2-405e-9399-a4fe92a2c009@group-AA2B2121C233-LeaderElection5] INFO  server.RaftServerConfigKeys (ConfUtils.java:logGet(43)) - raft.server.staging.catchup.gap = 1000 (default)
2019-10-14 10:09:44,255 [65a7bfda-34c2-405e-9399-a4fe92a2c009@group-AA2B2121C233-LeaderElection5] INFO  server.RaftServerConfigKeys (ConfUtils.java:logGet(43)) - raft.server.rpc.sleep.time = 25ms (default)
2019-10-14 10:09:44,256 [65a7bfda-34c2-405e-9399-a4fe92a2c009@group-AA2B2121C233-LeaderElection5] INFO  server.RaftServerConfigKeys (ConfUtils.java:logGet(43)) - raft.server.write.element-limit = 4096 (default)
2019-10-14 10:09:44,256 [65a7bfda-34c2-405e-9399-a4fe92a2c009@group-AA2B2121C233-LeaderElection5] INFO  server.RaftServerConfigKeys (ConfUtils.java:logGet(43)) - raft.server.watch.timeout = 10s (default)
2019-10-14 10:09:44,256 [65a7bfda-34c2-405e-9399-a4fe92a2c009@group-AA2B2121C233-LeaderElection5] INFO  server.RaftServerConfigKeys (ConfUtils.java:logGet(43)) - raft.server.watch.timeout.denomination = 1s (default)
2019-10-14 10:09:44,256 [65a7bfda-34c2-405e-9399-a4fe92a2c009@group-AA2B2121C233-LeaderElection5] INFO  server.RaftServerConfigKeys (ConfUtils.java:logGet(43)) - raft.server.watch.element-limit = 65536 (default)
2019-10-14 10:09:44,259 [65a7bfda-34c2-405e-9399-a4fe92a2c009@group-AA2B2121C233-LeaderElection5] INFO  impl.RoleInfo (RoleInfo.java:updateAndGet(143)) - 65a7bfda-34c2-405e-9399-a4fe92a2c009: start LeaderState
2019-10-14 10:09:44,259 [65a7bfda-34c2-405e-9399-a4fe92a2c009@group-AA2B2121C233-LeaderElection5] INFO  segmented.SegmentedRaftLogWorker (SegmentedRaftLogWorker.java:startLogSegment(385)) - 65a7bfda-34c2-405e-9399-a4fe92a2c009@group-AA2B2121C233-SegmentedRaftLogWorker: Starting segment from index:0
2019-10-14 10:09:44,260 [65a7bfda-34c2-405e-9399-a4fe92a2c009@group-AA2B2121C233-LeaderElection5] INFO  impl.RaftServerImpl (ServerState.java:setRaftConf(356)) - 65a7bfda-34c2-405e-9399-a4fe92a2c009@group-AA2B2121C233: set configuration 0: [65a7bfda-34c2-405e-9399-a4fe92a2c009:192.168.5.145:45718], old=null at 0
2019-10-14 10:09:44,299 [30733371-5fe2-4df7-9630-6aee27a201ad@group-B06594023DDB-SegmentedRaftLogWorker] INFO  segmented.SegmentedRaftLogWorker (SegmentedRaftLogWorker.java:execute(574)) - 30733371-5fe2-4df7-9630-6aee27a201ad@group-B06594023DDB-SegmentedRaftLogWorker: created new log segment /workdir/hadoop-ozone/integration-test/target/test-dir/MiniOzoneClusterImpl-e80b5651-725a-4ba3-ba65-a0af2f9a2c78/datanode-1/data/ratis/1c347b9b-595c-4209-8fd0-b06594023ddb/current/log_inprogress_0
2019-10-14 10:09:44,324 [65a7bfda-34c2-405e-9399-a4fe92a2c009@group-AA2B2121C233-SegmentedRaftLogWorker] INFO  segmented.SegmentedRaftLogWorker (SegmentedRaftLogWorker.java:execute(574)) - 65a7bfda-34c2-405e-9399-a4fe92a2c009@group-AA2B2121C233-SegmentedRaftLogWorker: created new log segment /workdir/hadoop-ozone/integration-test/target/test-dir/MiniOzoneClusterImpl-e80b5651-725a-4ba3-ba65-a0af2f9a2c78/datanode-4/data/ratis/cfd99ffa-67c5-4b4a-9ea5-aa2b2121c233/current/log_inprogress_0
2019-10-14 10:09:44,737 [Thread-258] INFO  impl.FollowerState (FollowerState.java:run(108)) - bdbe18bf-b28b-47c4-9f24-91cefe90c4da@group-14C53509504E-FollowerState: change to CANDIDATE, lastRpcTime:5015ms, electionTimeout:5015ms
2019-10-14 10:09:44,737 [Thread-258] INFO  impl.RoleInfo (RoleInfo.java:shutdownFollowerState(121)) - bdbe18bf-b28b-47c4-9f24-91cefe90c4da: shutdown FollowerState
2019-10-14 10:09:44,737 [Thread-258] INFO  impl.RaftServerImpl (RaftServerImpl.java:setRole(170)) - bdbe18bf-b28b-47c4-9f24-91cefe90c4da@group-14C53509504E: changes role from  FOLLOWER to CANDIDATE at term 0 for changeToCandidate
2019-10-14 10:09:44,737 [Thread-258] INFO  impl.RoleInfo (RoleInfo.java:updateAndGet(143)) - bdbe18bf-b28b-47c4-9f24-91cefe90c4da: start LeaderElection
2019-10-14 10:09:44,759 [bdbe18bf-b28b-47c4-9f24-91cefe90c4da@group-14C53509504E-LeaderElection6] INFO  impl.LeaderElection (LeaderElection.java:askForVotes(178)) - bdbe18bf-b28b-47c4-9f24-91cefe90c4da@group-14C53509504E-LeaderElection6: begin an election at term 1 for -1: [bdbe18bf-b28b-47c4-9f24-91cefe90c4da:192.168.5.145:42240], old=null
2019-10-14 10:09:44,760 [bdbe18bf-b28b-47c4-9f24-91cefe90c4da@group-14C53509504E-LeaderElection6] INFO  impl.RoleInfo (RoleInfo.java:shutdownLeaderElection(134)) - bdbe18bf-b28b-47c4-9f24-91cefe90c4da: shutdown LeaderElection
2019-10-14 10:09:44,760 [bdbe18bf-b28b-47c4-9f24-91cefe90c4da@group-14C53509504E-LeaderElection6] INFO  impl.RaftServerImpl (RaftServerImpl.java:setRole(170)) - bdbe18bf-b28b-47c4-9f24-91cefe90c4da@group-14C53509504E: changes role from CANDIDATE to LEADER at term 1 for changeToLeader
2019-10-14 10:09:44,760 [bdbe18bf-b28b-47c4-9f24-91cefe90c4da@group-14C53509504E-LeaderElection6] INFO  impl.RaftServerImpl (ServerState.java:setLeader(255)) - bdbe18bf-b28b-47c4-9f24-91cefe90c4da@group-14C53509504E: change Leader from null to bdbe18bf-b28b-47c4-9f24-91cefe90c4da at term 1 for becomeLeader, leader elected after 5052ms
2019-10-14 10:09:44,762 [bdbe18bf-b28b-47c4-9f24-91cefe90c4da@group-14C53509504E-LeaderElection6] INFO  server.RaftServerConfigKeys (ConfUtils.java:logGet(43)) - raft.server.staging.catchup.gap = 1000 (default)
2019-10-14 10:09:44,769 [bdbe18bf-b28b-47c4-9f24-91cefe90c4da@group-14C53509504E-LeaderElection6] INFO  server.RaftServerConfigKeys (ConfUtils.java:logGet(43)) - raft.server.rpc.sleep.time = 25ms (default)
2019-10-14 10:09:44,770 [bdbe18bf-b28b-47c4-9f24-91cefe90c4da@group-14C53509504E-LeaderElection6] INFO  server.RaftServerConfigKeys (ConfUtils.java:logGet(43)) - raft.server.write.element-limit = 4096 (default)
2019-10-14 10:09:44,770 [bdbe18bf-b28b-47c4-9f24-91cefe90c4da@group-14C53509504E-LeaderElection6] INFO  server.RaftServerConfigKeys (ConfUtils.java:logGet(43)) - raft.server.watch.timeout = 10s (default)
2019-10-14 10:09:44,770 [bdbe18bf-b28b-47c4-9f24-91cefe90c4da@group-14C53509504E-LeaderElection6] INFO  server.RaftServerConfigKeys (ConfUtils.java:logGet(43)) - raft.server.watch.timeout.denomination = 1s (default)
2019-10-14 10:09:44,770 [bdbe18bf-b28b-47c4-9f24-91cefe90c4da@group-14C53509504E-LeaderElection6] INFO  server.RaftServerConfigKeys (ConfUtils.java:logGet(43)) - raft.server.watch.element-limit = 65536 (default)
2019-10-14 10:09:44,773 [bdbe18bf-b28b-47c4-9f24-91cefe90c4da@group-14C53509504E-LeaderElection6] INFO  impl.RoleInfo (RoleInfo.java:updateAndGet(143)) - bdbe18bf-b28b-47c4-9f24-91cefe90c4da: start LeaderState
2019-10-14 10:09:44,773 [bdbe18bf-b28b-47c4-9f24-91cefe90c4da@group-14C53509504E-LeaderElection6] INFO  segmented.SegmentedRaftLogWorker (SegmentedRaftLogWorker.java:startLogSegment(385)) - bdbe18bf-b28b-47c4-9f24-91cefe90c4da@group-14C53509504E-SegmentedRaftLogWorker: Starting segment from index:0
2019-10-14 10:09:44,774 [bdbe18bf-b28b-47c4-9f24-91cefe90c4da@group-14C53509504E-LeaderElection6] INFO  impl.RaftServerImpl (ServerState.java:setRaftConf(356)) - bdbe18bf-b28b-47c4-9f24-91cefe90c4da@group-14C53509504E: set configuration 0: [bdbe18bf-b28b-47c4-9f24-91cefe90c4da:192.168.5.145:42240], old=null at 0
2019-10-14 10:09:44,823 [bdbe18bf-b28b-47c4-9f24-91cefe90c4da@group-14C53509504E-SegmentedRaftLogWorker] INFO  segmented.SegmentedRaftLogWorker (SegmentedRaftLogWorker.java:execute(574)) - bdbe18bf-b28b-47c4-9f24-91cefe90c4da@group-14C53509504E-SegmentedRaftLogWorker: created new log segment /workdir/hadoop-ozone/integration-test/target/test-dir/MiniOzoneClusterImpl-e80b5651-725a-4ba3-ba65-a0af2f9a2c78/datanode-5/data/ratis/6190a953-af20-4fcc-b89b-14c53509504e/current/log_inprogress_0
2019-10-14 10:09:44,894 [Thread-261] INFO  impl.FollowerState (FollowerState.java:run(108)) - 652f49f6-efee-4cad-87c2-78bc93b7301c@group-1E0546966116-FollowerState: change to CANDIDATE, lastRpcTime:5089ms, electionTimeout:5089ms
2019-10-14 10:09:44,894 [Thread-261] INFO  impl.RoleInfo (RoleInfo.java:shutdownFollowerState(121)) - 652f49f6-efee-4cad-87c2-78bc93b7301c: shutdown FollowerState
2019-10-14 10:09:44,894 [Thread-261] INFO  impl.RaftServerImpl (RaftServerImpl.java:setRole(170)) - 652f49f6-efee-4cad-87c2-78bc93b7301c@group-1E0546966116: changes role from  FOLLOWER to CANDIDATE at term 0 for changeToCandidate
2019-10-14 10:09:44,895 [Thread-261] INFO  impl.RoleInfo (RoleInfo.java:updateAndGet(143)) - 652f49f6-efee-4cad-87c2-78bc93b7301c: start LeaderElection
2019-10-14 10:09:44,913 [652f49f6-efee-4cad-87c2-78bc93b7301c@group-1E0546966116-LeaderElection7] INFO  impl.LeaderElection (LeaderElection.java:askForVotes(178)) - 652f49f6-efee-4cad-87c2-78bc93b7301c@group-1E0546966116-LeaderElection7: begin an election at term 1 for -1: [652f49f6-efee-4cad-87c2-78bc93b7301c:192.168.5.145:42393], old=null
2019-10-14 10:09:44,913 [652f49f6-efee-4cad-87c2-78bc93b7301c@group-1E0546966116-LeaderElection7] INFO  impl.RoleInfo (RoleInfo.java:shutdownLeaderElection(134)) - 652f49f6-efee-4cad-87c2-78bc93b7301c: shutdown LeaderElection
2019-10-14 10:09:44,913 [652f49f6-efee-4cad-87c2-78bc93b7301c@group-1E0546966116-LeaderElection7] INFO  impl.RaftServerImpl (RaftServerImpl.java:setRole(170)) - 652f49f6-efee-4cad-87c2-78bc93b7301c@group-1E0546966116: changes role from CANDIDATE to LEADER at term 1 for changeToLeader
2019-10-14 10:09:44,913 [652f49f6-efee-4cad-87c2-78bc93b7301c@group-1E0546966116-LeaderElection7] INFO  impl.RaftServerImpl (ServerState.java:setLeader(255)) - 652f49f6-efee-4cad-87c2-78bc93b7301c@group-1E0546966116: change Leader from null to 652f49f6-efee-4cad-87c2-78bc93b7301c at term 1 for becomeLeader, leader elected after 5121ms
2019-10-14 10:09:44,916 [652f49f6-efee-4cad-87c2-78bc93b7301c@group-1E0546966116-LeaderElection7] INFO  server.RaftServerConfigKeys (ConfUtils.java:logGet(43)) - raft.server.staging.catchup.gap = 1000 (default)
2019-10-14 10:09:44,916 [652f49f6-efee-4cad-87c2-78bc93b7301c@group-1E0546966116-LeaderElection7] INFO  server.RaftServerConfigKeys (ConfUtils.java:logGet(43)) - raft.server.rpc.sleep.time = 25ms (default)
2019-10-14 10:09:44,917 [652f49f6-efee-4cad-87c2-78bc93b7301c@group-1E0546966116-LeaderElection7] INFO  server.RaftServerConfigKeys (ConfUtils.java:logGet(43)) - raft.server.write.element-limit = 4096 (default)
2019-10-14 10:09:44,917 [652f49f6-efee-4cad-87c2-78bc93b7301c@group-1E0546966116-LeaderElection7] INFO  server.RaftServerConfigKeys (ConfUtils.java:logGet(43)) - raft.server.watch.timeout = 10s (default)
2019-10-14 10:09:44,918 [652f49f6-efee-4cad-87c2-78bc93b7301c@group-1E0546966116-LeaderElection7] INFO  server.RaftServerConfigKeys (ConfUtils.java:logGet(43)) - raft.server.watch.timeout.denomination = 1s (default)
2019-10-14 10:09:44,918 [652f49f6-efee-4cad-87c2-78bc93b7301c@group-1E0546966116-LeaderElection7] INFO  server.RaftServerConfigKeys (ConfUtils.java:logGet(43)) - raft.server.watch.element-limit = 65536 (default)
2019-10-14 10:09:44,921 [652f49f6-efee-4cad-87c2-78bc93b7301c@group-1E0546966116-LeaderElection7] INFO  impl.RoleInfo (RoleInfo.java:updateAndGet(143)) - 652f49f6-efee-4cad-87c2-78bc93b7301c: start LeaderState
2019-10-14 10:09:44,922 [652f49f6-efee-4cad-87c2-78bc93b7301c@group-1E0546966116-LeaderElection7] INFO  segmented.SegmentedRaftLogWorker (SegmentedRaftLogWorker.java:startLogSegment(385)) - 652f49f6-efee-4cad-87c2-78bc93b7301c@group-1E0546966116-SegmentedRaftLogWorker: Starting segment from index:0
2019-10-14 10:09:44,922 [652f49f6-efee-4cad-87c2-78bc93b7301c@group-1E0546966116-LeaderElection7] INFO  impl.RaftServerImpl (ServerState.java:setRaftConf(356)) - 652f49f6-efee-4cad-87c2-78bc93b7301c@group-1E0546966116: set configuration 0: [652f49f6-efee-4cad-87c2-78bc93b7301c:192.168.5.145:42393], old=null at 0
2019-10-14 10:09:44,985 [652f49f6-efee-4cad-87c2-78bc93b7301c@group-1E0546966116-SegmentedRaftLogWorker] INFO  segmented.SegmentedRaftLogWorker (SegmentedRaftLogWorker.java:execute(574)) - 652f49f6-efee-4cad-87c2-78bc93b7301c@group-1E0546966116-SegmentedRaftLogWorker: created new log segment /workdir/hadoop-ozone/integration-test/target/test-dir/MiniOzoneClusterImpl-e80b5651-725a-4ba3-ba65-a0af2f9a2c78/datanode-2/data/ratis/4ed4115d-7d4c-40f9-9e3f-1e0546966116/current/log_inprogress_0
2019-10-14 10:09:45,006 [Thread-268] INFO  impl.FollowerState (FollowerState.java:run(108)) - 30733371-5fe2-4df7-9630-6aee27a201ad@group-F961D3E20C84-FollowerState: change to CANDIDATE, lastRpcTime:5062ms, electionTimeout:5062ms
2019-10-14 10:09:45,006 [Thread-268] INFO  impl.RoleInfo (RoleInfo.java:shutdownFollowerState(121)) - 30733371-5fe2-4df7-9630-6aee27a201ad: shutdown FollowerState
2019-10-14 10:09:45,007 [Thread-268] INFO  impl.RaftServerImpl (RaftServerImpl.java:setRole(170)) - 30733371-5fe2-4df7-9630-6aee27a201ad@group-F961D3E20C84: changes role from  FOLLOWER to CANDIDATE at term 0 for changeToCandidate
2019-10-14 10:09:45,007 [Thread-268] INFO  impl.RoleInfo (RoleInfo.java:updateAndGet(143)) - 30733371-5fe2-4df7-9630-6aee27a201ad: start LeaderElection
2019-10-14 10:09:45,025 [30733371-5fe2-4df7-9630-6aee27a201ad@group-F961D3E20C84-LeaderElection8] INFO  impl.LeaderElection (LeaderElection.java:askForVotes(178)) - 30733371-5fe2-4df7-9630-6aee27a201ad@group-F961D3E20C84-LeaderElection8: begin an election at term 1 for -1: [30733371-5fe2-4df7-9630-6aee27a201ad:192.168.5.145:34156, 73f79e80-ae09-4d07-84c1-6a2068a5e547:192.168.5.145:37261, 46eddc03-a99b-42b6-84bc-832a7f6ef5a9:192.168.5.145:42988], old=null
2019-10-14 10:09:45,047 [Thread-267] INFO  impl.FollowerState (FollowerState.java:run(108)) - 73f79e80-ae09-4d07-84c1-6a2068a5e547@group-F961D3E20C84-FollowerState: change to CANDIDATE, lastRpcTime:5105ms, electionTimeout:5104ms
2019-10-14 10:09:45,048 [Thread-267] INFO  impl.RoleInfo (RoleInfo.java:shutdownFollowerState(121)) - 73f79e80-ae09-4d07-84c1-6a2068a5e547: shutdown FollowerState
2019-10-14 10:09:45,048 [Thread-267] INFO  impl.RaftServerImpl (RaftServerImpl.java:setRole(170)) - 73f79e80-ae09-4d07-84c1-6a2068a5e547@group-F961D3E20C84: changes role from  FOLLOWER to CANDIDATE at term 0 for changeToCandidate
2019-10-14 10:09:45,048 [Thread-267] INFO  impl.RoleInfo (RoleInfo.java:updateAndGet(143)) - 73f79e80-ae09-4d07-84c1-6a2068a5e547: start LeaderElection
2019-10-14 10:09:45,075 [73f79e80-ae09-4d07-84c1-6a2068a5e547@group-F961D3E20C84-LeaderElection9] INFO  impl.LeaderElection (LeaderElection.java:askForVotes(178)) - 73f79e80-ae09-4d07-84c1-6a2068a5e547@group-F961D3E20C84-LeaderElection9: begin an election at term 1 for -1: [30733371-5fe2-4df7-9630-6aee27a201ad:192.168.5.145:34156, 73f79e80-ae09-4d07-84c1-6a2068a5e547:192.168.5.145:37261, 46eddc03-a99b-42b6-84bc-832a7f6ef5a9:192.168.5.145:42988], old=null
2019-10-14 10:09:45,085 [grpc-default-executor-0] INFO  impl.RaftServerImpl (RaftServerImpl.java:setRole(170)) - 46eddc03-a99b-42b6-84bc-832a7f6ef5a9@group-F961D3E20C84: changes role from  FOLLOWER to FOLLOWER at term 1 for recognizeCandidate:30733371-5fe2-4df7-9630-6aee27a201ad
2019-10-14 10:09:45,085 [grpc-default-executor-0] INFO  impl.RoleInfo (RoleInfo.java:shutdownFollowerState(121)) - 46eddc03-a99b-42b6-84bc-832a7f6ef5a9: shutdown FollowerState
2019-10-14 10:09:45,085 [grpc-default-executor-0] INFO  impl.RoleInfo (RoleInfo.java:updateAndGet(143)) - 46eddc03-a99b-42b6-84bc-832a7f6ef5a9: start FollowerState
2019-10-14 10:09:45,085 [Thread-266] INFO  impl.FollowerState (FollowerState.java:run(117)) - 46eddc03-a99b-42b6-84bc-832a7f6ef5a9@group-F961D3E20C84-FollowerState was interrupted: java.lang.InterruptedException: sleep interrupted
2019-10-14 10:09:45,110 [Thread-278] INFO  impl.FollowerState (FollowerState.java:run(108)) - 65a7bfda-34c2-405e-9399-a4fe92a2c009@group-6EB6C47BD974-FollowerState: change to CANDIDATE, lastRpcTime:5017ms, electionTimeout:5017ms
2019-10-14 10:09:45,111 [Thread-278] INFO  impl.RoleInfo (RoleInfo.java:shutdownFollowerState(121)) - 65a7bfda-34c2-405e-9399-a4fe92a2c009: shutdown FollowerState
2019-10-14 10:09:45,111 [Thread-278] INFO  impl.RaftServerImpl (RaftServerImpl.java:setRole(170)) - 65a7bfda-34c2-405e-9399-a4fe92a2c009@group-6EB6C47BD974: changes role from  FOLLOWER to CANDIDATE at term 0 for changeToCandidate
2019-10-14 10:09:45,111 [Thread-278] INFO  impl.RoleInfo (RoleInfo.java:updateAndGet(143)) - 65a7bfda-34c2-405e-9399-a4fe92a2c009: start LeaderElection
2019-10-14 10:09:45,120 [73f79e80-ae09-4d07-84c1-6a2068a5e547@group-F961D3E20C84-LeaderElection9] INFO  impl.LeaderElection (LeaderElection.java:logAndReturn(56)) - 73f79e80-ae09-4d07-84c1-6a2068a5e547@group-F961D3E20C84-LeaderElection9: Election REJECTED; received 2 response(s) [73f79e80-ae09-4d07-84c1-6a2068a5e547<-30733371-5fe2-4df7-9630-6aee27a201ad#0:FAIL-t1, 73f79e80-ae09-4d07-84c1-6a2068a5e547<-46eddc03-a99b-42b6-84bc-832a7f6ef5a9#0:FAIL-t1] and 0 exception(s); 73f79e80-ae09-4d07-84c1-6a2068a5e547@group-F961D3E20C84:t1, leader=null, voted=73f79e80-ae09-4d07-84c1-6a2068a5e547, raftlog=73f79e80-ae09-4d07-84c1-6a2068a5e547@group-F961D3E20C84-SegmentedRaftLog:OPENED:c-1,f-1,i0, conf=-1: [30733371-5fe2-4df7-9630-6aee27a201ad:192.168.5.145:34156, 73f79e80-ae09-4d07-84c1-6a2068a5e547:192.168.5.145:37261, 46eddc03-a99b-42b6-84bc-832a7f6ef5a9:192.168.5.145:42988], old=null
2019-10-14 10:09:45,120 [73f79e80-ae09-4d07-84c1-6a2068a5e547@group-F961D3E20C84-LeaderElection9] INFO  impl.RaftServerImpl (RaftServerImpl.java:setRole(170)) - 73f79e80-ae09-4d07-84c1-6a2068a5e547@group-F961D3E20C84: changes role from CANDIDATE to FOLLOWER at term 1 for DISCOVERED_A_NEW_TERM
2019-10-14 10:09:45,120 [30733371-5fe2-4df7-9630-6aee27a201ad@group-F961D3E20C84-LeaderElection8] INFO  impl.LeaderElection (LeaderElection.java:logAndReturn(56)) - 30733371-5fe2-4df7-9630-6aee27a201ad@group-F961D3E20C84-LeaderElection8: Election PASSED; received 2 response(s) [30733371-5fe2-4df7-9630-6aee27a201ad<-73f79e80-ae09-4d07-84c1-6a2068a5e547#0:FAIL-t1, 30733371-5fe2-4df7-9630-6aee27a201ad<-46eddc03-a99b-42b6-84bc-832a7f6ef5a9#0:OK-t1] and 0 exception(s); 30733371-5fe2-4df7-9630-6aee27a201ad@group-F961D3E20C84:t1, leader=null, voted=30733371-5fe2-4df7-9630-6aee27a201ad, raftlog=30733371-5fe2-4df7-9630-6aee27a201ad@group-F961D3E20C84-SegmentedRaftLog:OPENED:c-1,f-1,i0, conf=-1: [30733371-5fe2-4df7-9630-6aee27a201ad:192.168.5.145:34156, 73f79e80-ae09-4d07-84c1-6a2068a5e547:192.168.5.145:37261, 46eddc03-a99b-42b6-84bc-832a7f6ef5a9:192.168.5.145:42988], old=null
2019-10-14 10:09:45,120 [73f79e80-ae09-4d07-84c1-6a2068a5e547@group-F961D3E20C84-LeaderElection9] INFO  impl.RoleInfo (RoleInfo.java:shutdownLeaderElection(134)) - 73f79e80-ae09-4d07-84c1-6a2068a5e547: shutdown LeaderElection
2019-10-14 10:09:45,124 [30733371-5fe2-4df7-9630-6aee27a201ad@group-F961D3E20C84-LeaderElection8] INFO  impl.RoleInfo (RoleInfo.java:shutdownLeaderElection(134)) - 30733371-5fe2-4df7-9630-6aee27a201ad: shutdown LeaderElection
2019-10-14 10:09:45,126 [73f79e80-ae09-4d07-84c1-6a2068a5e547@group-F961D3E20C84-LeaderElection9] INFO  impl.RoleInfo (RoleInfo.java:updateAndGet(143)) - 73f79e80-ae09-4d07-84c1-6a2068a5e547: start FollowerState
2019-10-14 10:09:45,130 [65a7bfda-34c2-405e-9399-a4fe92a2c009@group-6EB6C47BD974-LeaderElection10] INFO  impl.LeaderElection (LeaderElection.java:askForVotes(178)) - 65a7bfda-34c2-405e-9399-a4fe92a2c009@group-6EB6C47BD974-LeaderElection10: begin an election at term 1 for -1: [65a7bfda-34c2-405e-9399-a4fe92a2c009:192.168.5.145:45718, 3d28f5e7-ba98-4c32-b67b-ae65f1c8618f:192.168.5.145:40872, bdbe18bf-b28b-47c4-9f24-91cefe90c4da:192.168.5.145:42240], old=null
2019-10-14 10:09:45,130 [30733371-5fe2-4df7-9630-6aee27a201ad@group-F961D3E20C84-LeaderElection8] INFO  impl.RaftServerImpl (RaftServerImpl.java:setRole(170)) - 30733371-5fe2-4df7-9630-6aee27a201ad@group-F961D3E20C84: changes role from CANDIDATE to LEADER at term 1 for changeToLeader
2019-10-14 10:09:45,133 [30733371-5fe2-4df7-9630-6aee27a201ad@group-F961D3E20C84-LeaderElection8] INFO  impl.RaftServerImpl (ServerState.java:setLeader(255)) - 30733371-5fe2-4df7-9630-6aee27a201ad@group-F961D3E20C84: change Leader from null to 30733371-5fe2-4df7-9630-6aee27a201ad at term 1 for becomeLeader, leader elected after 5206ms
2019-10-14 10:09:45,133 [30733371-5fe2-4df7-9630-6aee27a201ad@group-F961D3E20C84-LeaderElection8] INFO  server.RaftServerConfigKeys (ConfUtils.java:logGet(43)) - raft.server.staging.catchup.gap = 1000 (default)
2019-10-14 10:09:45,133 [30733371-5fe2-4df7-9630-6aee27a201ad@group-F961D3E20C84-LeaderElection8] INFO  server.RaftServerConfigKeys (ConfUtils.java:logGet(43)) - raft.server.rpc.sleep.time = 25ms (default)
2019-10-14 10:09:45,134 [30733371-5fe2-4df7-9630-6aee27a201ad@group-F961D3E20C84-LeaderElection8] INFO  server.RaftServerConfigKeys (ConfUtils.java:logGet(43)) - raft.server.write.element-limit = 4096 (default)
2019-10-14 10:09:45,134 [30733371-5fe2-4df7-9630-6aee27a201ad@group-F961D3E20C84-LeaderElection8] INFO  server.RaftServerConfigKeys (ConfUtils.java:logGet(43)) - raft.server.watch.timeout = 10s (default)
2019-10-14 10:09:45,136 [30733371-5fe2-4df7-9630-6aee27a201ad@group-F961D3E20C84-LeaderElection8] INFO  server.RaftServerConfigKeys (ConfUtils.java:logGet(43)) - raft.server.watch.timeout.denomination = 1s (default)
2019-10-14 10:09:45,137 [30733371-5fe2-4df7-9630-6aee27a201ad@group-F961D3E20C84-LeaderElection8] INFO  server.RaftServerConfigKeys (ConfUtils.java:logGet(43)) - raft.server.watch.element-limit = 65536 (default)
2019-10-14 10:09:45,148 [grpc-default-executor-0] INFO  impl.RaftServerImpl (RaftServerImpl.java:setRole(170)) - bdbe18bf-b28b-47c4-9f24-91cefe90c4da@group-6EB6C47BD974: changes role from  FOLLOWER to FOLLOWER at term 1 for recognizeCandidate:65a7bfda-34c2-405e-9399-a4fe92a2c009
2019-10-14 10:09:45,148 [grpc-default-executor-0] INFO  impl.RoleInfo (RoleInfo.java:shutdownFollowerState(121)) - bdbe18bf-b28b-47c4-9f24-91cefe90c4da: shutdown FollowerState
2019-10-14 10:09:45,148 [grpc-default-executor-1] INFO  impl.RaftServerImpl (RaftServerImpl.java:setRole(170)) - 3d28f5e7-ba98-4c32-b67b-ae65f1c8618f@group-6EB6C47BD974: changes role from  FOLLOWER to FOLLOWER at term 1 for recognizeCandidate:65a7bfda-34c2-405e-9399-a4fe92a2c009
2019-10-14 10:09:45,148 [30733371-5fe2-4df7-9630-6aee27a201ad@group-F961D3E20C84-LeaderElection8] INFO  server.RaftServerConfigKeys (ConfUtils.java:logGet(43)) - raft.server.log.appender.snapshot.chunk.size.max = 16MB (=16777216) (default)
2019-10-14 10:09:45,148 [Thread-276] INFO  impl.FollowerState (FollowerState.java:run(117)) - bdbe18bf-b28b-47c4-9f24-91cefe90c4da@group-6EB6C47BD974-FollowerState was interrupted: java.lang.InterruptedException: sleep interrupted
2019-10-14 10:09:45,149 [30733371-5fe2-4df7-9630-6aee27a201ad@group-F961D3E20C84-LeaderElection8] INFO  server.RaftServerConfigKeys (ConfUtils.java:logGet(43)) - raft.server.log.appender.buffer.byte-limit = 33554432 (custom)
2019-10-14 10:09:45,148 [grpc-default-executor-0] INFO  impl.RoleInfo (RoleInfo.java:updateAndGet(143)) - bdbe18bf-b28b-47c4-9f24-91cefe90c4da: start FollowerState
2019-10-14 10:09:45,148 [grpc-default-executor-1] INFO  impl.RoleInfo (RoleInfo.java:shutdownFollowerState(121)) - 3d28f5e7-ba98-4c32-b67b-ae65f1c8618f: shutdown FollowerState
2019-10-14 10:09:45,151 [Thread-274] INFO  impl.FollowerState (FollowerState.java:run(117)) - 3d28f5e7-ba98-4c32-b67b-ae65f1c8618f@group-6EB6C47BD974-FollowerState was interrupted: java.lang.InterruptedException: sleep interrupted
2019-10-14 10:09:45,151 [30733371-5fe2-4df7-9630-6aee27a201ad@group-F961D3E20C84-LeaderElection8] INFO  server.RaftServerConfigKeys (ConfUtils.java:logGet(43)) - raft.server.log.appender.buffer.element-limit = 1 (custom)
2019-10-14 10:09:45,151 [grpc-default-executor-1] INFO  impl.RoleInfo (RoleInfo.java:updateAndGet(143)) - 3d28f5e7-ba98-4c32-b67b-ae65f1c8618f: start FollowerState
2019-10-14 10:09:45,158 [30733371-5fe2-4df7-9630-6aee27a201ad@group-F961D3E20C84-LeaderElection8] INFO  grpc.GrpcConfigKeys$Server (ConfUtils.java:logGet(43)) - raft.grpc.server.leader.outstanding.appends.max = 128 (default)
2019-10-14 10:09:45,158 [30733371-5fe2-4df7-9630-6aee27a201ad@group-F961D3E20C84-LeaderElection8] INFO  server.RaftServerConfigKeys (ConfUtils.java:logGet(43)) - raft.server.rpc.request.timeout = 3000ms (default)
2019-10-14 10:09:45,159 [30733371-5fe2-4df7-9630-6aee27a201ad@group-F961D3E20C84-LeaderElection8] INFO  server.RaftServerConfigKeys (ConfUtils.java:logGet(43)) - raft.server.log.appender.install.snapshot.enabled = false (custom)
2019-10-14 10:09:45,160 [30733371-5fe2-4df7-9630-6aee27a201ad@group-F961D3E20C84-LeaderElection8] INFO  server.RaftServerConfigKeys (ConfUtils.java:logGet(43)) - raft.server.log.appender.snapshot.chunk.size.max = 16MB (=16777216) (default)
2019-10-14 10:09:45,160 [30733371-5fe2-4df7-9630-6aee27a201ad@group-F961D3E20C84-LeaderElection8] INFO  server.RaftServerConfigKeys (ConfUtils.java:logGet(43)) - raft.server.log.appender.buffer.byte-limit = 33554432 (custom)
2019-10-14 10:09:45,160 [30733371-5fe2-4df7-9630-6aee27a201ad@group-F961D3E20C84-LeaderElection8] INFO  server.RaftServerConfigKeys (ConfUtils.java:logGet(43)) - raft.server.log.appender.buffer.element-limit = 1 (custom)
2019-10-14 10:09:45,161 [30733371-5fe2-4df7-9630-6aee27a201ad@group-F961D3E20C84-LeaderElection8] INFO  grpc.GrpcConfigKeys$Server (ConfUtils.java:logGet(43)) - raft.grpc.server.leader.outstanding.appends.max = 128 (default)
2019-10-14 10:09:45,161 [30733371-5fe2-4df7-9630-6aee27a201ad@group-F961D3E20C84-LeaderElection8] INFO  server.RaftServerConfigKeys (ConfUtils.java:logGet(43)) - raft.server.rpc.request.timeout = 3000ms (default)
2019-10-14 10:09:45,161 [30733371-5fe2-4df7-9630-6aee27a201ad@group-F961D3E20C84-LeaderElection8] INFO  server.RaftServerConfigKeys (ConfUtils.java:logGet(43)) - raft.server.log.appender.install.snapshot.enabled = false (custom)
2019-10-14 10:09:45,163 [30733371-5fe2-4df7-9630-6aee27a201ad@group-F961D3E20C84-LeaderElection8] INFO  impl.RoleInfo (RoleInfo.java:updateAndGet(143)) - 30733371-5fe2-4df7-9630-6aee27a201ad: start LeaderState
2019-10-14 10:09:45,163 [30733371-5fe2-4df7-9630-6aee27a201ad@group-F961D3E20C84-LeaderElection8] INFO  segmented.SegmentedRaftLogWorker (SegmentedRaftLogWorker.java:startLogSegment(385)) - 30733371-5fe2-4df7-9630-6aee27a201ad@group-F961D3E20C84-SegmentedRaftLogWorker: Starting segment from index:0
2019-10-14 10:09:45,165 [30733371-5fe2-4df7-9630-6aee27a201ad@group-F961D3E20C84-LeaderElection8] INFO  impl.RaftServerImpl (ServerState.java:setRaftConf(356)) - 30733371-5fe2-4df7-9630-6aee27a201ad@group-F961D3E20C84: set configuration 0: [30733371-5fe2-4df7-9630-6aee27a201ad:192.168.5.145:34156, 73f79e80-ae09-4d07-84c1-6a2068a5e547:192.168.5.145:37261, 46eddc03-a99b-42b6-84bc-832a7f6ef5a9:192.168.5.145:42988], old=null at 0
2019-10-14 10:09:45,203 [65a7bfda-34c2-405e-9399-a4fe92a2c009@group-6EB6C47BD974-LeaderElection10] INFO  impl.LeaderElection (LeaderElection.java:logAndReturn(56)) - 65a7bfda-34c2-405e-9399-a4fe92a2c009@group-6EB6C47BD974-LeaderElection10: Election PASSED; received 1 response(s) [65a7bfda-34c2-405e-9399-a4fe92a2c009<-bdbe18bf-b28b-47c4-9f24-91cefe90c4da#0:OK-t1] and 0 exception(s); 65a7bfda-34c2-405e-9399-a4fe92a2c009@group-6EB6C47BD974:t1, leader=null, voted=65a7bfda-34c2-405e-9399-a4fe92a2c009, raftlog=65a7bfda-34c2-405e-9399-a4fe92a2c009@group-6EB6C47BD974-SegmentedRaftLog:OPENED:c-1,f-1,i0, conf=-1: [65a7bfda-34c2-405e-9399-a4fe92a2c009:192.168.5.145:45718, 3d28f5e7-ba98-4c32-b67b-ae65f1c8618f:192.168.5.145:40872, bdbe18bf-b28b-47c4-9f24-91cefe90c4da:192.168.5.145:42240], old=null
2019-10-14 10:09:45,203 [65a7bfda-34c2-405e-9399-a4fe92a2c009@group-6EB6C47BD974-LeaderElection10] INFO  impl.RoleInfo (RoleInfo.java:shutdownLeaderElection(134)) - 65a7bfda-34c2-405e-9399-a4fe92a2c009: shutdown LeaderElection
2019-10-14 10:09:45,211 [65a7bfda-34c2-405e-9399-a4fe92a2c009@group-6EB6C47BD974-LeaderElection10] INFO  impl.RaftServerImpl (RaftServerImpl.java:setRole(170)) - 65a7bfda-34c2-405e-9399-a4fe92a2c009@group-6EB6C47BD974: changes role from CANDIDATE to LEADER at term 1 for changeToLeader
2019-10-14 10:09:45,211 [65a7bfda-34c2-405e-9399-a4fe92a2c009@group-6EB6C47BD974-LeaderElection10] INFO  impl.RaftServerImpl (ServerState.java:setLeader(255)) - 65a7bfda-34c2-405e-9399-a4fe92a2c009@group-6EB6C47BD974: change Leader from null to 65a7bfda-34c2-405e-9399-a4fe92a2c009 at term 1 for becomeLeader, leader elected after 5141ms
2019-10-14 10:09:45,211 [65a7bfda-34c2-405e-9399-a4fe92a2c009@group-6EB6C47BD974-LeaderElection10] INFO  server.RaftServerConfigKeys (ConfUtils.java:logGet(43)) - raft.server.staging.catchup.gap = 1000 (default)
2019-10-14 10:09:45,211 [65a7bfda-34c2-405e-9399-a4fe92a2c009@group-6EB6C47BD974-LeaderElection10] INFO  server.RaftServerConfigKeys (ConfUtils.java:logGet(43)) - raft.server.rpc.sleep.time = 25ms (default)
2019-10-14 10:09:45,212 [65a7bfda-34c2-405e-9399-a4fe92a2c009@group-6EB6C47BD974-LeaderElection10] INFO  server.RaftServerConfigKeys (ConfUtils.java:logGet(43)) - raft.server.write.element-limit = 4096 (default)
2019-10-14 10:09:45,212 [65a7bfda-34c2-405e-9399-a4fe92a2c009@group-6EB6C47BD974-LeaderElection10] INFO  server.RaftServerConfigKeys (ConfUtils.java:logGet(43)) - raft.server.watch.timeout = 10s (default)
2019-10-14 10:09:45,212 [65a7bfda-34c2-405e-9399-a4fe92a2c009@group-6EB6C47BD974-LeaderElection10] INFO  server.RaftServerConfigKeys (ConfUtils.java:logGet(43)) - raft.server.watch.timeout.denomination = 1s (default)
2019-10-14 10:09:45,212 [65a7bfda-34c2-405e-9399-a4fe92a2c009@group-6EB6C47BD974-LeaderElection10] INFO  server.RaftServerConfigKeys (ConfUtils.java:logGet(43)) - raft.server.watch.element-limit = 65536 (default)
2019-10-14 10:09:45,216 [65a7bfda-34c2-405e-9399-a4fe92a2c009@group-6EB6C47BD974-LeaderElection10] INFO  server.RaftServerConfigKeys (ConfUtils.java:logGet(43)) - raft.server.log.appender.snapshot.chunk.size.max = 16MB (=16777216) (default)
2019-10-14 10:09:45,217 [65a7bfda-34c2-405e-9399-a4fe92a2c009@group-6EB6C47BD974-LeaderElection10] INFO  server.RaftServerConfigKeys (ConfUtils.java:logGet(43)) - raft.server.log.appender.buffer.byte-limit = 33554432 (custom)
2019-10-14 10:09:45,217 [65a7bfda-34c2-405e-9399-a4fe92a2c009@group-6EB6C47BD974-LeaderElection10] INFO  server.RaftServerConfigKeys (ConfUtils.java:logGet(43)) - raft.server.log.appender.buffer.element-limit = 1 (custom)
2019-10-14 10:09:45,217 [65a7bfda-34c2-405e-9399-a4fe92a2c009@group-6EB6C47BD974-LeaderElection10] INFO  grpc.GrpcConfigKeys$Server (ConfUtils.java:logGet(43)) - raft.grpc.server.leader.outstanding.appends.max = 128 (default)
2019-10-14 10:09:45,219 [65a7bfda-34c2-405e-9399-a4fe92a2c009@group-6EB6C47BD974-LeaderElection10] INFO  server.RaftServerConfigKeys (ConfUtils.java:logGet(43)) - raft.server.rpc.request.timeout = 3000ms (default)
2019-10-14 10:09:45,220 [65a7bfda-34c2-405e-9399-a4fe92a2c009@group-6EB6C47BD974-LeaderElection10] INFO  server.RaftServerConfigKeys (ConfUtils.java:logGet(43)) - raft.server.log.appender.install.snapshot.enabled = false (custom)
2019-10-14 10:09:45,220 [65a7bfda-34c2-405e-9399-a4fe92a2c009@group-6EB6C47BD974-LeaderElection10] INFO  server.RaftServerConfigKeys (ConfUtils.java:logGet(43)) - raft.server.log.appender.snapshot.chunk.size.max = 16MB (=16777216) (default)
2019-10-14 10:09:45,220 [30733371-5fe2-4df7-9630-6aee27a201ad@group-F961D3E20C84-SegmentedRaftLogWorker] INFO  segmented.SegmentedRaftLogWorker (SegmentedRaftLogWorker.java:execute(574)) - 30733371-5fe2-4df7-9630-6aee27a201ad@group-F961D3E20C84-SegmentedRaftLogWorker: created new log segment /workdir/hadoop-ozone/integration-test/target/test-dir/MiniOzoneClusterImpl-e80b5651-725a-4ba3-ba65-a0af2f9a2c78/datanode-1/data/ratis/69188276-ba76-4164-ae41-f961d3e20c84/current/log_inprogress_0
2019-10-14 10:09:45,222 [65a7bfda-34c2-405e-9399-a4fe92a2c009@group-6EB6C47BD974-LeaderElection10] INFO  server.RaftServerConfigKeys (ConfUtils.java:logGet(43)) - raft.server.log.appender.buffer.byte-limit = 33554432 (custom)
2019-10-14 10:09:45,222 [65a7bfda-34c2-405e-9399-a4fe92a2c009@group-6EB6C47BD974-LeaderElection10] INFO  server.RaftServerConfigKeys (ConfUtils.java:logGet(43)) - raft.server.log.appender.buffer.element-limit = 1 (custom)
2019-10-14 10:09:45,223 [65a7bfda-34c2-405e-9399-a4fe92a2c009@group-6EB6C47BD974-LeaderElection10] INFO  grpc.GrpcConfigKeys$Server (ConfUtils.java:logGet(43)) - raft.grpc.server.leader.outstanding.appends.max = 128 (default)
2019-10-14 10:09:45,223 [65a7bfda-34c2-405e-9399-a4fe92a2c009@group-6EB6C47BD974-LeaderElection10] INFO  server.RaftServerConfigKeys (ConfUtils.java:logGet(43)) - raft.server.rpc.request.timeout = 3000ms (default)
2019-10-14 10:09:45,223 [65a7bfda-34c2-405e-9399-a4fe92a2c009@group-6EB6C47BD974-LeaderElection10] INFO  server.RaftServerConfigKeys (ConfUtils.java:logGet(43)) - raft.server.log.appender.install.snapshot.enabled = false (custom)
2019-10-14 10:09:45,224 [65a7bfda-34c2-405e-9399-a4fe92a2c009@group-6EB6C47BD974-LeaderElection10] INFO  impl.RoleInfo (RoleInfo.java:updateAndGet(143)) - 65a7bfda-34c2-405e-9399-a4fe92a2c009: start LeaderState
2019-10-14 10:09:45,224 [65a7bfda-34c2-405e-9399-a4fe92a2c009@group-6EB6C47BD974-LeaderElection10] INFO  segmented.SegmentedRaftLogWorker (SegmentedRaftLogWorker.java:startLogSegment(385)) - 65a7bfda-34c2-405e-9399-a4fe92a2c009@group-6EB6C47BD974-SegmentedRaftLogWorker: Starting segment from index:0
2019-10-14 10:09:45,225 [65a7bfda-34c2-405e-9399-a4fe92a2c009@group-6EB6C47BD974-LeaderElection10] INFO  impl.RaftServerImpl (ServerState.java:setRaftConf(356)) - 65a7bfda-34c2-405e-9399-a4fe92a2c009@group-6EB6C47BD974: set configuration 0: [65a7bfda-34c2-405e-9399-a4fe92a2c009:192.168.5.145:45718, 3d28f5e7-ba98-4c32-b67b-ae65f1c8618f:192.168.5.145:40872, bdbe18bf-b28b-47c4-9f24-91cefe90c4da:192.168.5.145:42240], old=null at 0
2019-10-14 10:09:45,262 [grpc-default-executor-0] INFO  impl.RaftServerImpl (ServerState.java:setLeader(255)) - 73f79e80-ae09-4d07-84c1-6a2068a5e547@group-F961D3E20C84: change Leader from null to 30733371-5fe2-4df7-9630-6aee27a201ad at term 1 for appendEntries, leader elected after 5335ms
2019-10-14 10:09:45,264 [grpc-default-executor-2] INFO  impl.RaftServerImpl (ServerState.java:setLeader(255)) - 3d28f5e7-ba98-4c32-b67b-ae65f1c8618f@group-6EB6C47BD974: change Leader from null to 65a7bfda-34c2-405e-9399-a4fe92a2c009 at term 1 for appendEntries, leader elected after 5195ms
2019-10-14 10:09:45,266 [grpc-default-executor-3] INFO  impl.RaftServerImpl (ServerState.java:setLeader(255)) - bdbe18bf-b28b-47c4-9f24-91cefe90c4da@group-6EB6C47BD974: change Leader from null to 65a7bfda-34c2-405e-9399-a4fe92a2c009 at term 1 for appendEntries, leader elected after 5197ms
2019-10-14 10:09:45,262 [grpc-default-executor-1] INFO  impl.RaftServerImpl (ServerState.java:setLeader(255)) - 46eddc03-a99b-42b6-84bc-832a7f6ef5a9@group-F961D3E20C84: change Leader from null to 30733371-5fe2-4df7-9630-6aee27a201ad at term 1 for appendEntries, leader elected after 5335ms
2019-10-14 10:09:45,279 [65a7bfda-34c2-405e-9399-a4fe92a2c009@group-6EB6C47BD974-SegmentedRaftLogWorker] INFO  segmented.SegmentedRaftLogWorker (SegmentedRaftLogWorker.java:execute(574)) - 65a7bfda-34c2-405e-9399-a4fe92a2c009@group-6EB6C47BD974-SegmentedRaftLogWorker: created new log segment /workdir/hadoop-ozone/integration-test/target/test-dir/MiniOzoneClusterImpl-e80b5651-725a-4ba3-ba65-a0af2f9a2c78/datanode-4/data/ratis/b9122365-0f16-4b09-b296-6eb6c47bd974/current/log_inprogress_0
2019-10-14 10:09:45,321 [grpc-default-executor-0] INFO  impl.RaftServerImpl (ServerState.java:setRaftConf(356)) - 3d28f5e7-ba98-4c32-b67b-ae65f1c8618f@group-6EB6C47BD974: set configuration 0: [65a7bfda-34c2-405e-9399-a4fe92a2c009:192.168.5.145:45718, 3d28f5e7-ba98-4c32-b67b-ae65f1c8618f:192.168.5.145:40872, bdbe18bf-b28b-47c4-9f24-91cefe90c4da:192.168.5.145:42240], old=null at 0
2019-10-14 10:09:45,321 [grpc-default-executor-3] INFO  impl.RaftServerImpl (ServerState.java:setRaftConf(356)) - 46eddc03-a99b-42b6-84bc-832a7f6ef5a9@group-F961D3E20C84: set configuration 0: [30733371-5fe2-4df7-9630-6aee27a201ad:192.168.5.145:34156, 73f79e80-ae09-4d07-84c1-6a2068a5e547:192.168.5.145:37261, 46eddc03-a99b-42b6-84bc-832a7f6ef5a9:192.168.5.145:42988], old=null at 0
2019-10-14 10:09:45,321 [grpc-default-executor-1] INFO  impl.RaftServerImpl (ServerState.java:setRaftConf(356)) - bdbe18bf-b28b-47c4-9f24-91cefe90c4da@group-6EB6C47BD974: set configuration 0: [65a7bfda-34c2-405e-9399-a4fe92a2c009:192.168.5.145:45718, 3d28f5e7-ba98-4c32-b67b-ae65f1c8618f:192.168.5.145:40872, bdbe18bf-b28b-47c4-9f24-91cefe90c4da:192.168.5.145:42240], old=null at 0
2019-10-14 10:09:45,321 [grpc-default-executor-2] INFO  impl.RaftServerImpl (ServerState.java:setRaftConf(356)) - 73f79e80-ae09-4d07-84c1-6a2068a5e547@group-F961D3E20C84: set configuration 0: [30733371-5fe2-4df7-9630-6aee27a201ad:192.168.5.145:34156, 73f79e80-ae09-4d07-84c1-6a2068a5e547:192.168.5.145:37261, 46eddc03-a99b-42b6-84bc-832a7f6ef5a9:192.168.5.145:42988], old=null at 0
2019-10-14 10:09:45,322 [grpc-default-executor-1] INFO  segmented.SegmentedRaftLogWorker (SegmentedRaftLogWorker.java:startLogSegment(385)) - bdbe18bf-b28b-47c4-9f24-91cefe90c4da@group-6EB6C47BD974-SegmentedRaftLogWorker: Starting segment from index:0
2019-10-14 10:09:45,322 [grpc-default-executor-3] INFO  segmented.SegmentedRaftLogWorker (SegmentedRaftLogWorker.java:startLogSegment(385)) - 46eddc03-a99b-42b6-84bc-832a7f6ef5a9@group-F961D3E20C84-SegmentedRaftLogWorker: Starting segment from index:0
2019-10-14 10:09:45,322 [grpc-default-executor-0] INFO  segmented.SegmentedRaftLogWorker (SegmentedRaftLogWorker.java:startLogSegment(385)) - 3d28f5e7-ba98-4c32-b67b-ae65f1c8618f@group-6EB6C47BD974-SegmentedRaftLogWorker: Starting segment from index:0
2019-10-14 10:09:45,323 [grpc-default-executor-2] INFO  segmented.SegmentedRaftLogWorker (SegmentedRaftLogWorker.java:startLogSegment(385)) - 73f79e80-ae09-4d07-84c1-6a2068a5e547@group-F961D3E20C84-SegmentedRaftLogWorker: Starting segment from index:0
2019-10-14 10:09:45,366 [3d28f5e7-ba98-4c32-b67b-ae65f1c8618f@group-6EB6C47BD974-SegmentedRaftLogWorker] INFO  segmented.SegmentedRaftLogWorker (SegmentedRaftLogWorker.java:execute(574)) - 3d28f5e7-ba98-4c32-b67b-ae65f1c8618f@group-6EB6C47BD974-SegmentedRaftLogWorker: created new log segment /workdir/hadoop-ozone/integration-test/target/test-dir/MiniOzoneClusterImpl-e80b5651-725a-4ba3-ba65-a0af2f9a2c78/datanode-6/data/ratis/b9122365-0f16-4b09-b296-6eb6c47bd974/current/log_inprogress_0
2019-10-14 10:09:45,366 [46eddc03-a99b-42b6-84bc-832a7f6ef5a9@group-F961D3E20C84-SegmentedRaftLogWorker] INFO  segmented.SegmentedRaftLogWorker (SegmentedRaftLogWorker.java:execute(574)) - 46eddc03-a99b-42b6-84bc-832a7f6ef5a9@group-F961D3E20C84-SegmentedRaftLogWorker: created new log segment /workdir/hadoop-ozone/integration-test/target/test-dir/MiniOzoneClusterImpl-e80b5651-725a-4ba3-ba65-a0af2f9a2c78/datanode-3/data/ratis/69188276-ba76-4164-ae41-f961d3e20c84/current/log_inprogress_0
2019-10-14 10:09:45,366 [73f79e80-ae09-4d07-84c1-6a2068a5e547@group-F961D3E20C84-SegmentedRaftLogWorker] INFO  segmented.SegmentedRaftLogWorker (SegmentedRaftLogWorker.java:execute(574)) - 73f79e80-ae09-4d07-84c1-6a2068a5e547@group-F961D3E20C84-SegmentedRaftLogWorker: created new log segment /workdir/hadoop-ozone/integration-test/target/test-dir/MiniOzoneClusterImpl-e80b5651-725a-4ba3-ba65-a0af2f9a2c78/datanode-0/data/ratis/69188276-ba76-4164-ae41-f961d3e20c84/current/log_inprogress_0
2019-10-14 10:09:45,366 [bdbe18bf-b28b-47c4-9f24-91cefe90c4da@group-6EB6C47BD974-SegmentedRaftLogWorker] INFO  segmented.SegmentedRaftLogWorker (SegmentedRaftLogWorker.java:execute(574)) - bdbe18bf-b28b-47c4-9f24-91cefe90c4da@group-6EB6C47BD974-SegmentedRaftLogWorker: created new log segment /workdir/hadoop-ozone/integration-test/target/test-dir/MiniOzoneClusterImpl-e80b5651-725a-4ba3-ba65-a0af2f9a2c78/datanode-5/data/ratis/b9122365-0f16-4b09-b296-6eb6c47bd974/current/log_inprogress_0
2019-10-14 10:09:47,207 [main] WARN  scm.XceiverClientRatis (XceiverClientRatis.java:watchForCommit(277)) - 3 way commit failed on pipeline Pipeline[ Id: b9122365-0f16-4b09-b296-6eb6c47bd974, Nodes: 3d28f5e7-ba98-4c32-b67b-ae65f1c8618f{ip: 192.168.5.145, host: pr-hdds-2297-rpftj-184604365, networkLocation: /default-rack, certSerialId: null}65a7bfda-34c2-405e-9399-a4fe92a2c009{ip: 192.168.5.145, host: pr-hdds-2297-rpftj-184604365, networkLocation: /default-rack, certSerialId: null}bdbe18bf-b28b-47c4-9f24-91cefe90c4da{ip: 192.168.5.145, host: pr-hdds-2297-rpftj-184604365, networkLocation: /default-rack, certSerialId: null}, Type:RATIS, Factor:THREE, State:OPEN]
java.util.concurrent.TimeoutException
	at java.util.concurrent.CompletableFuture.timedGet(CompletableFuture.java:1771)
	at java.util.concurrent.CompletableFuture.get(CompletableFuture.java:1915)
	at org.apache.hadoop.hdds.scm.XceiverClientRatis.watchForCommit(XceiverClientRatis.java:274)
	at org.apache.hadoop.hdds.scm.storage.CommitWatcher.watchForCommit(CommitWatcher.java:198)
	at org.apache.hadoop.hdds.scm.storage.CommitWatcher.watchOnLastIndex(CommitWatcher.java:161)
	at org.apache.hadoop.hdds.scm.storage.BlockOutputStream.watchForCommit(BlockOutputStream.java:346)
	at org.apache.hadoop.hdds.scm.storage.BlockOutputStream.handleFlush(BlockOutputStream.java:482)
	at org.apache.hadoop.hdds.scm.storage.BlockOutputStream.flush(BlockOutputStream.java:431)
	at org.apache.hadoop.ozone.client.io.BlockOutputStreamEntry.flush(BlockOutputStreamEntry.java:136)
	at org.apache.hadoop.ozone.client.io.KeyOutputStream.handleFlushOrClose(KeyOutputStream.java:443)
	at org.apache.hadoop.ozone.client.io.KeyOutputStream.flush(KeyOutputStream.java:397)
	at org.apache.hadoop.ozone.client.io.OzoneOutputStream.flush(OzoneOutputStream.java:54)
	at org.apache.hadoop.ozone.client.rpc.TestBlockOutputStreamWithFailures.test2DatanodesFailure(TestBlockOutputStreamWithFailures.java:461)
	at sun.reflect.NativeMethodAccessorImpl.invoke0(Native Method)
	at sun.reflect.NativeMethodAccessorImpl.invoke(NativeMethodAccessorImpl.java:62)
	at sun.reflect.DelegatingMethodAccessorImpl.invoke(DelegatingMethodAccessorImpl.java:43)
	at java.lang.reflect.Method.invoke(Method.java:498)
	at org.junit.runners.model.FrameworkMethod$1.runReflectiveCall(FrameworkMethod.java:47)
	at org.junit.internal.runners.model.ReflectiveCallable.run(ReflectiveCallable.java:12)
	at org.junit.runners.model.FrameworkMethod.invokeExplosively(FrameworkMethod.java:44)
	at org.junit.internal.runners.statements.InvokeMethod.evaluate(InvokeMethod.java:17)
	at org.junit.internal.runners.statements.RunBefores.evaluate(RunBefores.java:26)
	at org.junit.internal.runners.statements.RunAfters.evaluate(RunAfters.java:27)
	at org.junit.runners.ParentRunner.runLeaf(ParentRunner.java:271)
	at org.junit.runners.BlockJUnit4ClassRunner.runChild(BlockJUnit4ClassRunner.java:70)
	at org.junit.runners.BlockJUnit4ClassRunner.runChild(BlockJUnit4ClassRunner.java:50)
	at org.junit.runners.ParentRunner$3.run(ParentRunner.java:238)
	at org.junit.runners.ParentRunner$1.schedule(ParentRunner.java:63)
	at org.junit.runners.ParentRunner.runChildren(ParentRunner.java:236)
	at org.junit.runners.ParentRunner.access$000(ParentRunner.java:53)
	at org.junit.runners.ParentRunner$2.evaluate(ParentRunner.java:229)
	at org.junit.runners.ParentRunner.run(ParentRunner.java:309)
	at org.apache.maven.surefire.junit4.JUnit4Provider.execute(JUnit4Provider.java:365)
	at org.apache.maven.surefire.junit4.JUnit4Provider.executeWithRerun(JUnit4Provider.java:273)
	at org.apache.maven.surefire.junit4.JUnit4Provider.executeTestSet(JUnit4Provider.java:238)
	at org.apache.maven.surefire.junit4.JUnit4Provider.invoke(JUnit4Provider.java:159)
	at org.apache.maven.surefire.booter.ForkedBooter.invokeProviderInSameClassLoader(ForkedBooter.java:384)
	at org.apache.maven.surefire.booter.ForkedBooter.runSuitesInProcess(ForkedBooter.java:345)
	at org.apache.maven.surefire.booter.ForkedBooter.execute(ForkedBooter.java:126)
	at org.apache.maven.surefire.booter.ForkedBooter.main(ForkedBooter.java:418)
2019-10-14 10:09:48,211 [main] WARN  storage.CommitWatcher (CommitWatcher.java:watchForCommit(207)) - watchForCommit failed for index 13
java.util.concurrent.TimeoutException
	at java.util.concurrent.CompletableFuture.timedGet(CompletableFuture.java:1771)
	at java.util.concurrent.CompletableFuture.get(CompletableFuture.java:1915)
	at org.apache.hadoop.hdds.scm.XceiverClientRatis.watchForCommit(XceiverClientRatis.java:283)
	at org.apache.hadoop.hdds.scm.storage.CommitWatcher.watchForCommit(CommitWatcher.java:198)
	at org.apache.hadoop.hdds.scm.storage.CommitWatcher.watchOnLastIndex(CommitWatcher.java:161)
	at org.apache.hadoop.hdds.scm.storage.BlockOutputStream.watchForCommit(BlockOutputStream.java:346)
	at org.apache.hadoop.hdds.scm.storage.BlockOutputStream.handleFlush(BlockOutputStream.java:482)
	at org.apache.hadoop.hdds.scm.storage.BlockOutputStream.flush(BlockOutputStream.java:431)
	at org.apache.hadoop.ozone.client.io.BlockOutputStreamEntry.flush(BlockOutputStreamEntry.java:136)
	at org.apache.hadoop.ozone.client.io.KeyOutputStream.handleFlushOrClose(KeyOutputStream.java:443)
	at org.apache.hadoop.ozone.client.io.KeyOutputStream.flush(KeyOutputStream.java:397)
	at org.apache.hadoop.ozone.client.io.OzoneOutputStream.flush(OzoneOutputStream.java:54)
	at org.apache.hadoop.ozone.client.rpc.TestBlockOutputStreamWithFailures.test2DatanodesFailure(TestBlockOutputStreamWithFailures.java:461)
	at sun.reflect.NativeMethodAccessorImpl.invoke0(Native Method)
	at sun.reflect.NativeMethodAccessorImpl.invoke(NativeMethodAccessorImpl.java:62)
	at sun.reflect.DelegatingMethodAccessorImpl.invoke(DelegatingMethodAccessorImpl.java:43)
	at java.lang.reflect.Method.invoke(Method.java:498)
	at org.junit.runners.model.FrameworkMethod$1.runReflectiveCall(FrameworkMethod.java:47)
	at org.junit.internal.runners.model.ReflectiveCallable.run(ReflectiveCallable.java:12)
	at org.junit.runners.model.FrameworkMethod.invokeExplosively(FrameworkMethod.java:44)
	at org.junit.internal.runners.statements.InvokeMethod.evaluate(InvokeMethod.java:17)
	at org.junit.internal.runners.statements.RunBefores.evaluate(RunBefores.java:26)
	at org.junit.internal.runners.statements.RunAfters.evaluate(RunAfters.java:27)
	at org.junit.runners.ParentRunner.runLeaf(ParentRunner.java:271)
	at org.junit.runners.BlockJUnit4ClassRunner.runChild(BlockJUnit4ClassRunner.java:70)
	at org.junit.runners.BlockJUnit4ClassRunner.runChild(BlockJUnit4ClassRunner.java:50)
	at org.junit.runners.ParentRunner$3.run(ParentRunner.java:238)
	at org.junit.runners.ParentRunner$1.schedule(ParentRunner.java:63)
	at org.junit.runners.ParentRunner.runChildren(ParentRunner.java:236)
	at org.junit.runners.ParentRunner.access$000(ParentRunner.java:53)
	at org.junit.runners.ParentRunner$2.evaluate(ParentRunner.java:229)
	at org.junit.runners.ParentRunner.run(ParentRunner.java:309)
	at org.apache.maven.surefire.junit4.JUnit4Provider.execute(JUnit4Provider.java:365)
	at org.apache.maven.surefire.junit4.JUnit4Provider.executeWithRerun(JUnit4Provider.java:273)
	at org.apache.maven.surefire.junit4.JUnit4Provider.executeTestSet(JUnit4Provider.java:238)
	at org.apache.maven.surefire.junit4.JUnit4Provider.invoke(JUnit4Provider.java:159)
	at org.apache.maven.surefire.booter.ForkedBooter.invokeProviderInSameClassLoader(ForkedBooter.java:384)
	at org.apache.maven.surefire.booter.ForkedBooter.runSuitesInProcess(ForkedBooter.java:345)
	at org.apache.maven.surefire.booter.ForkedBooter.execute(ForkedBooter.java:126)
	at org.apache.maven.surefire.booter.ForkedBooter.main(ForkedBooter.java:418)
2019-10-14 10:09:48,216 [main] WARN  io.KeyOutputStream (KeyOutputStream.java:handleException(274)) - Encountered exception java.io.IOException: Unexpected Storage Container Exception: java.io.IOException: Unexpected Storage Container Exception: java.util.concurrent.TimeoutException on the pipeline Pipeline[ Id: b9122365-0f16-4b09-b296-6eb6c47bd974, Nodes: 3d28f5e7-ba98-4c32-b67b-ae65f1c8618f{ip: 192.168.5.145, host: pr-hdds-2297-rpftj-184604365, networkLocation: /default-rack, certSerialId: null}65a7bfda-34c2-405e-9399-a4fe92a2c009{ip: 192.168.5.145, host: pr-hdds-2297-rpftj-184604365, networkLocation: /default-rack, certSerialId: null}bdbe18bf-b28b-47c4-9f24-91cefe90c4da{ip: 192.168.5.145, host: pr-hdds-2297-rpftj-184604365, networkLocation: /default-rack, certSerialId: null}, Type:RATIS, Factor:THREE, State:OPEN]. The last committed block length is 400, uncommitted data length is 50 retry count 0
2019-10-14 10:09:48,588 [main] INFO  ozone.MiniOzoneClusterImpl (MiniOzoneClusterImpl.java:shutdown(314)) - Shutting down the Mini Ozone Cluster
2019-10-14 10:09:48,589 [main] INFO  ozone.MiniOzoneClusterImpl (MiniOzoneClusterImpl.java:stop(330)) - Stopping the Mini Ozone Cluster
2019-10-14 10:09:48,589 [main] INFO  ozone.MiniOzoneClusterImpl (MiniOzoneClusterImpl.java:stopOM(400)) - Stopping the OzoneManager
2019-10-14 10:09:48,590 [main] INFO  ipc.Server (Server.java:stop(3082)) - Stopping server on 46518
2019-10-14 10:09:48,606 [IPC Server listener on 46518] INFO  ipc.Server (Server.java:run(1185)) - Stopping IPC Server listener on 46518
2019-10-14 10:09:48,609 [main] INFO  ratis.OzoneManagerDoubleBuffer (OzoneManagerDoubleBuffer.java:stop(250)) - Stopping OMDoubleBuffer flush thread
2019-10-14 10:09:48,614 [IPC Server Responder] INFO  ipc.Server (Server.java:run(1319)) - Stopping IPC Server Responder
2019-10-14 10:09:48,622 [OMDoubleBufferFlushThread] INFO  ratis.OzoneManagerDoubleBuffer (OzoneManagerDoubleBuffer.java:flushTransactions(193)) - OMDoubleBuffer flush thread OMDoubleBufferFlushThread is interrupted and will exit. OMDoubleBufferFlushThread
2019-10-14 10:09:48,625 [main] INFO  utils.BackgroundService (BackgroundService.java:shutdown(151)) - Shutting down service KeyDeletingService
2019-10-14 10:09:48,631 [main] INFO  handler.ContextHandler (ContextHandler.java:doStop(910)) - Stopped o.e.j.w.WebAppContext@660591fb{/,null,UNAVAILABLE}{/ozoneManager}
2019-10-14 10:09:48,641 [main] INFO  server.AbstractConnector (AbstractConnector.java:doStop(318)) - Stopped ServerConnector@4a55a6e8{HTTP/1.1,[http/1.1]}{0.0.0.0:0}
2019-10-14 10:09:48,642 [main] INFO  handler.ContextHandler (ContextHandler.java:doStop(910)) - Stopped o.e.j.s.ServletContextHandler@2032e725{/static,file:///workdir/hadoop-ozone/integration-test/target/test-classes/webapps/static,UNAVAILABLE}
2019-10-14 10:09:48,642 [main] INFO  handler.ContextHandler (ContextHandler.java:doStop(910)) - Stopped o.e.j.s.ServletContextHandler@3eed0f5{/logs,file:///workdir/hadoop-ozone/integration-test/target/log,UNAVAILABLE}
2019-10-14 10:09:48,649 [main] INFO  ozone.MiniOzoneClusterImpl (MiniOzoneClusterImpl.java:stopDatanodes(377)) - Stopping the HddsDatanodes
2019-10-14 10:09:48,816 [Datanode State Machine Thread - 0] INFO  statemachine.DatanodeStateMachine (DatanodeStateMachine.java:lambda$startDaemon$0(350)) - Ozone container server started.
2019-10-14 10:09:49,465 [Datanode State Machine Thread - 0] INFO  statemachine.DatanodeStateMachine (DatanodeStateMachine.java:lambda$startDaemon$0(350)) - Ozone container server started.
2019-10-14 10:09:52,837 [EventQueue-StaleNodeForStaleNodeHandler] INFO  node.StaleNodeHandler (StaleNodeHandler.java:onMessage(58)) - Datanode 65a7bfda-34c2-405e-9399-a4fe92a2c009{ip: 192.168.5.145, host: pr-hdds-2297-rpftj-184604365, networkLocation: /default-rack, certSerialId: null} moved to stale state. Finalizing its pipelines [PipelineID=cfd99ffa-67c5-4b4a-9ea5-aa2b2121c233, PipelineID=b9122365-0f16-4b09-b296-6eb6c47bd974]
2019-10-14 10:09:52,838 [EventQueue-StaleNodeForStaleNodeHandler] INFO  pipeline.SCMPipelineManager (SCMPipelineManager.java:finalizeAndDestroyPipeline(315)) - destroying pipeline:Pipeline[ Id: cfd99ffa-67c5-4b4a-9ea5-aa2b2121c233, Nodes: 65a7bfda-34c2-405e-9399-a4fe92a2c009{ip: 192.168.5.145, host: pr-hdds-2297-rpftj-184604365, networkLocation: /default-rack, certSerialId: null}, Type:RATIS, Factor:ONE, State:OPEN]
2019-10-14 10:09:52,840 [EventQueue-StaleNodeForStaleNodeHandler] INFO  pipeline.PipelineStateManager (PipelineStateManager.java:finalizePipeline(123)) - Pipeline Pipeline[ Id: cfd99ffa-67c5-4b4a-9ea5-aa2b2121c233, Nodes: 65a7bfda-34c2-405e-9399-a4fe92a2c009{ip: 192.168.5.145, host: pr-hdds-2297-rpftj-184604365, networkLocation: /default-rack, certSerialId: null}, Type:RATIS, Factor:ONE, State:CLOSED] moved to CLOSED state
2019-10-14 10:09:52,843 [EventQueue-StaleNodeForStaleNodeHandler] INFO  pipeline.SCMPipelineManager (SCMPipelineManager.java:finalizeAndDestroyPipeline(315)) - destroying pipeline:Pipeline[ Id: b9122365-0f16-4b09-b296-6eb6c47bd974, Nodes: 3d28f5e7-ba98-4c32-b67b-ae65f1c8618f{ip: 192.168.5.145, host: pr-hdds-2297-rpftj-184604365, networkLocation: /default-rack, certSerialId: null}65a7bfda-34c2-405e-9399-a4fe92a2c009{ip: 192.168.5.145, host: pr-hdds-2297-rpftj-184604365, networkLocation: /default-rack, certSerialId: null}bdbe18bf-b28b-47c4-9f24-91cefe90c4da{ip: 192.168.5.145, host: pr-hdds-2297-rpftj-184604365, networkLocation: /default-rack, certSerialId: null}, Type:RATIS, Factor:THREE, State:OPEN]
2019-10-14 10:09:52,843 [EventQueue-StaleNodeForStaleNodeHandler] INFO  pipeline.PipelineStateManager (PipelineStateManager.java:finalizePipeline(123)) - Pipeline Pipeline[ Id: b9122365-0f16-4b09-b296-6eb6c47bd974, Nodes: 3d28f5e7-ba98-4c32-b67b-ae65f1c8618f{ip: 192.168.5.145, host: pr-hdds-2297-rpftj-184604365, networkLocation: /default-rack, certSerialId: null}65a7bfda-34c2-405e-9399-a4fe92a2c009{ip: 192.168.5.145, host: pr-hdds-2297-rpftj-184604365, networkLocation: /default-rack, certSerialId: null}bdbe18bf-b28b-47c4-9f24-91cefe90c4da{ip: 192.168.5.145, host: pr-hdds-2297-rpftj-184604365, networkLocation: /default-rack, certSerialId: null}, Type:RATIS, Factor:THREE, State:CLOSED] moved to CLOSED state
2019-10-14 10:09:52,844 [EventQueue-CloseContainerForCloseContainerEventHandler] INFO  container.CloseContainerEventHandler (CloseContainerEventHandler.java:onMessage(61)) - Close container Event triggered for container : #1
2019-10-14 10:09:53,538 [EventQueue-StaleNodeForStaleNodeHandler] INFO  node.StaleNodeHandler (StaleNodeHandler.java:onMessage(58)) - Datanode 30733371-5fe2-4df7-9630-6aee27a201ad{ip: 192.168.5.145, host: pr-hdds-2297-rpftj-184604365, networkLocation: /default-rack, certSerialId: null} moved to stale state. Finalizing its pipelines [PipelineID=1c347b9b-595c-4209-8fd0-b06594023ddb, PipelineID=69188276-ba76-4164-ae41-f961d3e20c84]
2019-10-14 10:09:53,542 [EventQueue-StaleNodeForStaleNodeHandler] INFO  pipeline.SCMPipelineManager (SCMPipelineManager.java:finalizeAndDestroyPipeline(315)) - destroying pipeline:Pipeline[ Id: 1c347b9b-595c-4209-8fd0-b06594023ddb, Nodes: 30733371-5fe2-4df7-9630-6aee27a201ad{ip: 192.168.5.145, host: pr-hdds-2297-rpftj-184604365, networkLocation: /default-rack, certSerialId: null}, Type:RATIS, Factor:ONE, State:OPEN]
2019-10-14 10:09:53,542 [EventQueue-StaleNodeForStaleNodeHandler] INFO  pipeline.PipelineStateManager (PipelineStateManager.java:finalizePipeline(123)) - Pipeline Pipeline[ Id: 1c347b9b-595c-4209-8fd0-b06594023ddb, Nodes: 30733371-5fe2-4df7-9630-6aee27a201ad{ip: 192.168.5.145, host: pr-hdds-2297-rpftj-184604365, networkLocation: /default-rack, certSerialId: null}, Type:RATIS, Factor:ONE, State:CLOSED] moved to CLOSED state
2019-10-14 10:09:53,543 [EventQueue-StaleNodeForStaleNodeHandler] INFO  pipeline.SCMPipelineManager (SCMPipelineManager.java:finalizeAndDestroyPipeline(315)) - destroying pipeline:Pipeline[ Id: 69188276-ba76-4164-ae41-f961d3e20c84, Nodes: 46eddc03-a99b-42b6-84bc-832a7f6ef5a9{ip: 192.168.5.145, host: pr-hdds-2297-rpftj-184604365, networkLocation: /default-rack, certSerialId: null}30733371-5fe2-4df7-9630-6aee27a201ad{ip: 192.168.5.145, host: pr-hdds-2297-rpftj-184604365, networkLocation: /default-rack, certSerialId: null}73f79e80-ae09-4d07-84c1-6a2068a5e547{ip: 192.168.5.145, host: pr-hdds-2297-rpftj-184604365, networkLocation: /default-rack, certSerialId: null}, Type:RATIS, Factor:THREE, State:OPEN]
2019-10-14 10:09:53,543 [EventQueue-StaleNodeForStaleNodeHandler] INFO  pipeline.PipelineStateManager (PipelineStateManager.java:finalizePipeline(123)) - Pipeline Pipeline[ Id: 69188276-ba76-4164-ae41-f961d3e20c84, Nodes: 46eddc03-a99b-42b6-84bc-832a7f6ef5a9{ip: 192.168.5.145, host: pr-hdds-2297-rpftj-184604365, networkLocation: /default-rack, certSerialId: null}30733371-5fe2-4df7-9630-6aee27a201ad{ip: 192.168.5.145, host: pr-hdds-2297-rpftj-184604365, networkLocation: /default-rack, certSerialId: null}73f79e80-ae09-4d07-84c1-6a2068a5e547{ip: 192.168.5.145, host: pr-hdds-2297-rpftj-184604365, networkLocation: /default-rack, certSerialId: null}, Type:RATIS, Factor:THREE, State:CLOSED] moved to CLOSED state
2019-10-14 10:09:53,543 [EventQueue-CloseContainerForCloseContainerEventHandler] INFO  container.CloseContainerEventHandler (CloseContainerEventHandler.java:onMessage(61)) - Close container Event triggered for container : #2
2019-10-14 10:09:53,653 [main] INFO  ozoneimpl.OzoneContainer (OzoneContainer.java:stop(227)) - Attempting to stop container services.
2019-10-14 10:09:53,653 [ForkJoinPool.commonPool-worker-1] INFO  ozoneimpl.OzoneContainer (OzoneContainer.java:stop(227)) - Attempting to stop container services.
2019-10-14 10:09:53,658 [main] INFO  impl.RaftServerProxy (RaftServerProxy.java:lambda$close$4(314)) - 65a7bfda-34c2-405e-9399-a4fe92a2c009: close
2019-10-14 10:09:53,658 [ForkJoinPool.commonPool-worker-1] INFO  impl.RaftServerProxy (RaftServerProxy.java:lambda$close$4(314)) - 30733371-5fe2-4df7-9630-6aee27a201ad: close
2019-10-14 10:09:53,660 [main] INFO  impl.RaftServerImpl (RaftServerImpl.java:lambda$shutdown$3(247)) - 65a7bfda-34c2-405e-9399-a4fe92a2c009@group-AA2B2121C233: shutdown
2019-10-14 10:09:53,660 [ForkJoinPool.commonPool-worker-1] INFO  impl.RaftServerImpl (RaftServerImpl.java:lambda$shutdown$3(247)) - 30733371-5fe2-4df7-9630-6aee27a201ad@group-B06594023DDB: shutdown
2019-10-14 10:09:53,660 [main] INFO  util.JmxRegister (JmxRegister.java:unregister(73)) - Successfully un-registered JMX Bean with object name Ratis:service=RaftServer,group=group-AA2B2121C233,id=65a7bfda-34c2-405e-9399-a4fe92a2c009
2019-10-14 10:09:53,661 [ForkJoinPool.commonPool-worker-1] INFO  util.JmxRegister (JmxRegister.java:unregister(73)) - Successfully un-registered JMX Bean with object name Ratis:service=RaftServer,group=group-B06594023DDB,id=30733371-5fe2-4df7-9630-6aee27a201ad
2019-10-14 10:09:53,661 [main] INFO  impl.RoleInfo (RoleInfo.java:shutdownLeaderState(104)) - 65a7bfda-34c2-405e-9399-a4fe92a2c009: shutdown LeaderState
2019-10-14 10:09:53,661 [ForkJoinPool.commonPool-worker-1] INFO  impl.RoleInfo (RoleInfo.java:shutdownLeaderState(104)) - 30733371-5fe2-4df7-9630-6aee27a201ad: shutdown LeaderState
2019-10-14 10:09:53,662 [main] INFO  impl.PendingRequests (PendingRequests.java:sendNotLeaderResponses(202)) - 65a7bfda-34c2-405e-9399-a4fe92a2c009@group-AA2B2121C233-PendingRequests: sendNotLeaderResponses
2019-10-14 10:09:53,662 [ForkJoinPool.commonPool-worker-1] INFO  impl.PendingRequests (PendingRequests.java:sendNotLeaderResponses(202)) - 30733371-5fe2-4df7-9630-6aee27a201ad@group-B06594023DDB-PendingRequests: sendNotLeaderResponses
2019-10-14 10:09:53,667 [main] INFO  impl.StateMachineUpdater (StateMachineUpdater.java:stopAndJoin(136)) - 65a7bfda-34c2-405e-9399-a4fe92a2c009@group-AA2B2121C233-StateMachineUpdater: set stopIndex = 0
2019-10-14 10:09:53,667 [ForkJoinPool.commonPool-worker-1] INFO  impl.StateMachineUpdater (StateMachineUpdater.java:stopAndJoin(136)) - 30733371-5fe2-4df7-9630-6aee27a201ad@group-B06594023DDB-StateMachineUpdater: set stopIndex = 0
2019-10-14 10:09:53,670 [main] INFO  impl.RaftServerImpl (ServerState.java:close(387)) - 65a7bfda-34c2-405e-9399-a4fe92a2c009@group-AA2B2121C233: closes. applyIndex: 0
2019-10-14 10:09:53,670 [ForkJoinPool.commonPool-worker-1] INFO  impl.RaftServerImpl (ServerState.java:close(387)) - 30733371-5fe2-4df7-9630-6aee27a201ad@group-B06594023DDB: closes. applyIndex: 0
2019-10-14 10:09:53,673 [30733371-5fe2-4df7-9630-6aee27a201ad@group-B06594023DDB-SegmentedRaftLogWorker] INFO  segmented.SegmentedRaftLogWorker (SegmentedRaftLogWorker.java:run(316)) - 30733371-5fe2-4df7-9630-6aee27a201ad@group-B06594023DDB-SegmentedRaftLogWorker was interrupted, exiting. There are 0 tasks remaining in the queue.
2019-10-14 10:09:53,673 [65a7bfda-34c2-405e-9399-a4fe92a2c009@group-AA2B2121C233-SegmentedRaftLogWorker] INFO  segmented.SegmentedRaftLogWorker (SegmentedRaftLogWorker.java:run(316)) - 65a7bfda-34c2-405e-9399-a4fe92a2c009@group-AA2B2121C233-SegmentedRaftLogWorker was interrupted, exiting. There are 0 tasks remaining in the queue.
2019-10-14 10:09:53,676 [main] INFO  segmented.SegmentedRaftLogWorker (SegmentedRaftLogWorker.java:close(224)) - 65a7bfda-34c2-405e-9399-a4fe92a2c009@group-AA2B2121C233-SegmentedRaftLogWorker close()
2019-10-14 10:09:53,676 [ForkJoinPool.commonPool-worker-1] INFO  segmented.SegmentedRaftLogWorker (SegmentedRaftLogWorker.java:close(224)) - 30733371-5fe2-4df7-9630-6aee27a201ad@group-B06594023DDB-SegmentedRaftLogWorker close()
2019-10-14 10:09:53,680 [main] INFO  impl.RaftServerImpl (RaftServerImpl.java:lambda$shutdown$3(247)) - 65a7bfda-34c2-405e-9399-a4fe92a2c009@group-6EB6C47BD974: shutdown
2019-10-14 10:09:53,685 [ForkJoinPool.commonPool-worker-1] INFO  impl.RaftServerImpl (RaftServerImpl.java:lambda$shutdown$3(247)) - 30733371-5fe2-4df7-9630-6aee27a201ad@group-F961D3E20C84: shutdown
2019-10-14 10:09:53,685 [main] INFO  util.JmxRegister (JmxRegister.java:unregister(73)) - Successfully un-registered JMX Bean with object name Ratis:service=RaftServer,group=group-6EB6C47BD974,id=65a7bfda-34c2-405e-9399-a4fe92a2c009
2019-10-14 10:09:53,686 [ForkJoinPool.commonPool-worker-1] INFO  util.JmxRegister (JmxRegister.java:unregister(73)) - Successfully un-registered JMX Bean with object name Ratis:service=RaftServer,group=group-F961D3E20C84,id=30733371-5fe2-4df7-9630-6aee27a201ad
2019-10-14 10:09:53,686 [main] INFO  impl.RoleInfo (RoleInfo.java:shutdownLeaderState(104)) - 65a7bfda-34c2-405e-9399-a4fe92a2c009: shutdown LeaderState
2019-10-14 10:09:53,686 [ForkJoinPool.commonPool-worker-1] INFO  impl.RoleInfo (RoleInfo.java:shutdownLeaderState(104)) - 30733371-5fe2-4df7-9630-6aee27a201ad: shutdown LeaderState
2019-10-14 10:09:53,691 [org.apache.ratis.server.impl.LogAppender$AppenderDaemon$$Lambda$525/1906192903@5bca572f] WARN  server.GrpcLogAppender (GrpcLogAppender.java:mayWait(143)) - 65a7bfda-34c2-405e-9399-a4fe92a2c009@group-6EB6C47BD974->3d28f5e7-ba98-4c32-b67b-ae65f1c8618f-GrpcLogAppender: Wait interrupted by java.lang.InterruptedException
2019-10-14 10:09:53,697 [org.apache.ratis.server.impl.LogAppender$AppenderDaemon$$Lambda$525/1906192903@9ad40e6] WARN  server.GrpcLogAppender (GrpcLogAppender.java:mayWait(143)) - 30733371-5fe2-4df7-9630-6aee27a201ad@group-F961D3E20C84->73f79e80-ae09-4d07-84c1-6a2068a5e547-GrpcLogAppender: Wait interrupted by java.lang.InterruptedException
2019-10-14 10:09:53,691 [org.apache.ratis.server.impl.LogAppender$AppenderDaemon$$Lambda$525/1906192903@4a644215] WARN  server.GrpcLogAppender (GrpcLogAppender.java:mayWait(143)) - 65a7bfda-34c2-405e-9399-a4fe92a2c009@group-6EB6C47BD974->bdbe18bf-b28b-47c4-9f24-91cefe90c4da-GrpcLogAppender: Wait interrupted by java.lang.InterruptedException
2019-10-14 10:09:53,690 [main] INFO  impl.PendingRequests (PendingRequests.java:sendNotLeaderResponses(202)) - 65a7bfda-34c2-405e-9399-a4fe92a2c009@group-6EB6C47BD974-PendingRequests: sendNotLeaderResponses
2019-10-14 10:09:53,697 [org.apache.ratis.server.impl.LogAppender$AppenderDaemon$$Lambda$525/1906192903@d096e93] WARN  server.GrpcLogAppender (GrpcLogAppender.java:mayWait(143)) - 30733371-5fe2-4df7-9630-6aee27a201ad@group-F961D3E20C84->46eddc03-a99b-42b6-84bc-832a7f6ef5a9-GrpcLogAppender: Wait interrupted by java.lang.InterruptedException
2019-10-14 10:09:53,697 [ForkJoinPool.commonPool-worker-1] INFO  impl.PendingRequests (PendingRequests.java:sendNotLeaderResponses(202)) - 30733371-5fe2-4df7-9630-6aee27a201ad@group-F961D3E20C84-PendingRequests: sendNotLeaderResponses
2019-10-14 10:09:53,705 [grpc-default-executor-2] INFO  server.GrpcServerProtocolService (GrpcServerProtocolService.java:onCompleted(113)) - bdbe18bf-b28b-47c4-9f24-91cefe90c4da: Completed APPEND_ENTRIES, lastRequest: 65a7bfda-34c2-405e-9399-a4fe92a2c009->bdbe18bf-b28b-47c4-9f24-91cefe90c4da#18-t1, previous=(t:1, i:15), leaderCommit=15, initializing? false, entries: <empty>
2019-10-14 10:09:53,707 [grpc-default-executor-1] INFO  server.GrpcServerProtocolService (GrpcServerProtocolService.java:onCompleted(113)) - 3d28f5e7-ba98-4c32-b67b-ae65f1c8618f: Completed APPEND_ENTRIES, lastRequest: 65a7bfda-34c2-405e-9399-a4fe92a2c009->3d28f5e7-ba98-4c32-b67b-ae65f1c8618f#18-t1, previous=(t:1, i:15), leaderCommit=15, initializing? false, entries: <empty>
2019-10-14 10:09:53,707 [grpc-default-executor-3] INFO  server.GrpcServerProtocolService (GrpcServerProtocolService.java:onCompleted(113)) - 73f79e80-ae09-4d07-84c1-6a2068a5e547: Completed APPEND_ENTRIES, lastRequest: 30733371-5fe2-4df7-9630-6aee27a201ad->73f79e80-ae09-4d07-84c1-6a2068a5e547#8-t1, previous=(t:1, i:4), leaderCommit=4, initializing? false, entries: <empty>
2019-10-14 10:09:53,705 [grpc-default-executor-0] INFO  server.GrpcServerProtocolService (GrpcServerProtocolService.java:onCompleted(113)) - 46eddc03-a99b-42b6-84bc-832a7f6ef5a9: Completed APPEND_ENTRIES, lastRequest: 30733371-5fe2-4df7-9630-6aee27a201ad->46eddc03-a99b-42b6-84bc-832a7f6ef5a9#8-t1, previous=(t:1, i:4), leaderCommit=4, initializing? false, entries: <empty>
2019-10-14 10:09:53,713 [grpc-default-executor-3] INFO  server.GrpcLogAppender (GrpcLogAppender.java:onCompleted(293)) - 65a7bfda-34c2-405e-9399-a4fe92a2c009@group-6EB6C47BD974->bdbe18bf-b28b-47c4-9f24-91cefe90c4da-AppendLogResponseHandler: follower responses appendEntries COMPLETED
2019-10-14 10:09:53,713 [grpc-default-executor-0] INFO  server.GrpcLogAppender (GrpcLogAppender.java:onCompleted(293)) - 65a7bfda-34c2-405e-9399-a4fe92a2c009@group-6EB6C47BD974->3d28f5e7-ba98-4c32-b67b-ae65f1c8618f-AppendLogResponseHandler: follower responses appendEntries COMPLETED
2019-10-14 10:09:53,716 [grpc-default-executor-1] INFO  server.GrpcLogAppender (GrpcLogAppender.java:onCompleted(293)) - 30733371-5fe2-4df7-9630-6aee27a201ad@group-F961D3E20C84->46eddc03-a99b-42b6-84bc-832a7f6ef5a9-AppendLogResponseHandler: follower responses appendEntries COMPLETED
2019-10-14 10:09:53,729 [main] INFO  impl.StateMachineUpdater (StateMachineUpdater.java:stopAndJoin(136)) - 65a7bfda-34c2-405e-9399-a4fe92a2c009@group-6EB6C47BD974-StateMachineUpdater: set stopIndex = 15
2019-10-14 10:09:53,729 [ForkJoinPool.commonPool-worker-1] INFO  impl.StateMachineUpdater (StateMachineUpdater.java:stopAndJoin(136)) - 30733371-5fe2-4df7-9630-6aee27a201ad@group-F961D3E20C84-StateMachineUpdater: set stopIndex = 4
2019-10-14 10:09:53,730 [30733371-5fe2-4df7-9630-6aee27a201ad@group-F961D3E20C84-StateMachineUpdater] INFO  ratis.ContainerStateMachine (ContainerStateMachine.java:takeSnapshot(294)) - group-F961D3E20C84: Taking a snapshot at:(t:1, i:4) file /workdir/hadoop-ozone/integration-test/target/test-dir/MiniOzoneClusterImpl-e80b5651-725a-4ba3-ba65-a0af2f9a2c78/datanode-1/data/ratis/69188276-ba76-4164-ae41-f961d3e20c84/sm/snapshot.1_4
2019-10-14 10:09:53,730 [65a7bfda-34c2-405e-9399-a4fe92a2c009@group-6EB6C47BD974-StateMachineUpdater] INFO  ratis.ContainerStateMachine (ContainerStateMachine.java:takeSnapshot(294)) - group-6EB6C47BD974: Taking a snapshot at:(t:1, i:13) file /workdir/hadoop-ozone/integration-test/target/test-dir/MiniOzoneClusterImpl-e80b5651-725a-4ba3-ba65-a0af2f9a2c78/datanode-4/data/ratis/b9122365-0f16-4b09-b296-6eb6c47bd974/sm/snapshot.1_13
2019-10-14 10:09:53,729 [grpc-default-executor-4] INFO  server.GrpcLogAppender (GrpcLogAppender.java:onCompleted(293)) - 30733371-5fe2-4df7-9630-6aee27a201ad@group-F961D3E20C84->73f79e80-ae09-4d07-84c1-6a2068a5e547-AppendLogResponseHandler: follower responses appendEntries COMPLETED
2019-10-14 10:09:53,738 [grpc-default-executor-1] INFO  impl.FollowerInfo (FollowerInfo.java:lambda$new$0(51)) - 30733371-5fe2-4df7-9630-6aee27a201ad@group-F961D3E20C84->46eddc03-a99b-42b6-84bc-832a7f6ef5a9: nextIndex: updateUnconditionally 5 -> 4
2019-10-14 10:09:53,740 [grpc-default-executor-4] INFO  impl.FollowerInfo (FollowerInfo.java:lambda$new$0(51)) - 30733371-5fe2-4df7-9630-6aee27a201ad@group-F961D3E20C84->73f79e80-ae09-4d07-84c1-6a2068a5e547: nextIndex: updateUnconditionally 5 -> 4
2019-10-14 10:09:53,740 [grpc-default-executor-3] INFO  impl.FollowerInfo (FollowerInfo.java:lambda$new$0(51)) - 65a7bfda-34c2-405e-9399-a4fe92a2c009@group-6EB6C47BD974->bdbe18bf-b28b-47c4-9f24-91cefe90c4da: nextIndex: updateUnconditionally 16 -> 15
2019-10-14 10:09:53,738 [grpc-default-executor-0] INFO  impl.FollowerInfo (FollowerInfo.java:lambda$new$0(51)) - 65a7bfda-34c2-405e-9399-a4fe92a2c009@group-6EB6C47BD974->3d28f5e7-ba98-4c32-b67b-ae65f1c8618f: nextIndex: updateUnconditionally 16 -> 15
2019-10-14 10:09:53,863 [30733371-5fe2-4df7-9630-6aee27a201ad@group-F961D3E20C84-StateMachineUpdater] INFO  ratis.ContainerStateMachine (ContainerStateMachine.java:takeSnapshot(305)) - group-F961D3E20C84: Finished taking a snapshot at:(t:1, i:4) file:/workdir/hadoop-ozone/integration-test/target/test-dir/MiniOzoneClusterImpl-e80b5651-725a-4ba3-ba65-a0af2f9a2c78/datanode-1/data/ratis/69188276-ba76-4164-ae41-f961d3e20c84/sm/snapshot.1_4 time:133
2019-10-14 10:09:53,863 [65a7bfda-34c2-405e-9399-a4fe92a2c009@group-6EB6C47BD974-StateMachineUpdater] INFO  ratis.ContainerStateMachine (ContainerStateMachine.java:takeSnapshot(305)) - group-6EB6C47BD974: Finished taking a snapshot at:(t:1, i:13) file:/workdir/hadoop-ozone/integration-test/target/test-dir/MiniOzoneClusterImpl-e80b5651-725a-4ba3-ba65-a0af2f9a2c78/datanode-4/data/ratis/b9122365-0f16-4b09-b296-6eb6c47bd974/sm/snapshot.1_13 time:133
2019-10-14 10:09:53,864 [30733371-5fe2-4df7-9630-6aee27a201ad@group-F961D3E20C84-StateMachineUpdater] INFO  impl.StateMachineUpdater (StateMachineUpdater.java:takeSnapshot(269)) - 30733371-5fe2-4df7-9630-6aee27a201ad@group-F961D3E20C84-StateMachineUpdater: Took a snapshot at index 4
2019-10-14 10:09:53,864 [65a7bfda-34c2-405e-9399-a4fe92a2c009@group-6EB6C47BD974-StateMachineUpdater] INFO  impl.StateMachineUpdater (StateMachineUpdater.java:takeSnapshot(269)) - 65a7bfda-34c2-405e-9399-a4fe92a2c009@group-6EB6C47BD974-StateMachineUpdater: Took a snapshot at index 13
2019-10-14 10:09:53,864 [30733371-5fe2-4df7-9630-6aee27a201ad@group-F961D3E20C84-StateMachineUpdater] INFO  impl.StateMachineUpdater (StateMachineUpdater.java:lambda$new$0(84)) - 30733371-5fe2-4df7-9630-6aee27a201ad@group-F961D3E20C84-StateMachineUpdater: snapshotIndex: updateIncreasingly -1 -> 4
2019-10-14 10:09:53,864 [65a7bfda-34c2-405e-9399-a4fe92a2c009@group-6EB6C47BD974-StateMachineUpdater] INFO  impl.StateMachineUpdater (StateMachineUpdater.java:lambda$new$0(84)) - 65a7bfda-34c2-405e-9399-a4fe92a2c009@group-6EB6C47BD974-StateMachineUpdater: snapshotIndex: updateIncreasingly -1 -> 13
2019-10-14 10:09:53,869 [65a7bfda-34c2-405e-9399-a4fe92a2c009@group-6EB6C47BD974-StateMachineUpdater] INFO  ratis.ContainerStateMachine (ContainerStateMachine.java:takeSnapshot(294)) - group-6EB6C47BD974: Taking a snapshot at:(t:1, i:13) file /workdir/hadoop-ozone/integration-test/target/test-dir/MiniOzoneClusterImpl-e80b5651-725a-4ba3-ba65-a0af2f9a2c78/datanode-4/data/ratis/b9122365-0f16-4b09-b296-6eb6c47bd974/sm/snapshot.1_13
2019-10-14 10:09:53,869 [ForkJoinPool.commonPool-worker-1] INFO  impl.RaftServerImpl (ServerState.java:close(387)) - 30733371-5fe2-4df7-9630-6aee27a201ad@group-F961D3E20C84: closes. applyIndex: 4
2019-10-14 10:09:53,870 [30733371-5fe2-4df7-9630-6aee27a201ad@group-F961D3E20C84-SegmentedRaftLogWorker] INFO  segmented.SegmentedRaftLogWorker (SegmentedRaftLogWorker.java:run(316)) - 30733371-5fe2-4df7-9630-6aee27a201ad@group-F961D3E20C84-SegmentedRaftLogWorker was interrupted, exiting. There are 0 tasks remaining in the queue.
2019-10-14 10:09:53,871 [ForkJoinPool.commonPool-worker-1] INFO  segmented.SegmentedRaftLogWorker (SegmentedRaftLogWorker.java:close(224)) - 30733371-5fe2-4df7-9630-6aee27a201ad@group-F961D3E20C84-SegmentedRaftLogWorker close()
2019-10-14 10:09:53,875 [ForkJoinPool.commonPool-worker-1] INFO  server.GrpcService (GrpcService.java:closeImpl(164)) - 30733371-5fe2-4df7-9630-6aee27a201ad: shutdown server with port 34156 now
2019-10-14 10:09:53,878 [ForkJoinPool.commonPool-worker-1] INFO  server.GrpcService (GrpcService.java:closeImpl(172)) - 30733371-5fe2-4df7-9630-6aee27a201ad: shutdown server with port 34156 successfully
2019-10-14 10:09:53,882 [65a7bfda-34c2-405e-9399-a4fe92a2c009@group-6EB6C47BD974-StateMachineUpdater] INFO  ratis.ContainerStateMachine (ContainerStateMachine.java:takeSnapshot(305)) - group-6EB6C47BD974: Finished taking a snapshot at:(t:1, i:13) file:/workdir/hadoop-ozone/integration-test/target/test-dir/MiniOzoneClusterImpl-e80b5651-725a-4ba3-ba65-a0af2f9a2c78/datanode-4/data/ratis/b9122365-0f16-4b09-b296-6eb6c47bd974/sm/snapshot.1_13 time:13
2019-10-14 10:09:53,883 [65a7bfda-34c2-405e-9399-a4fe92a2c009@group-6EB6C47BD974-StateMachineUpdater] INFO  impl.StateMachineUpdater (StateMachineUpdater.java:takeSnapshot(269)) - 65a7bfda-34c2-405e-9399-a4fe92a2c009@group-6EB6C47BD974-StateMachineUpdater: Took a snapshot at index 13
2019-10-14 10:09:53,884 [65a7bfda-34c2-405e-9399-a4fe92a2c009@group-6EB6C47BD974-StateMachineUpdater] INFO  impl.StateMachineUpdater (StateMachineUpdater.java:lambda$new$0(84)) - 65a7bfda-34c2-405e-9399-a4fe92a2c009@group-6EB6C47BD974-StateMachineUpdater: snapshotIndex: updateIncreasingly 13 -> 13
2019-10-14 10:09:53,885 [main] INFO  impl.RaftServerImpl (ServerState.java:close(387)) - 65a7bfda-34c2-405e-9399-a4fe92a2c009@group-6EB6C47BD974: closes. applyIndex: 15
2019-10-14 10:09:53,886 [refreshUsed-/workdir/hadoop-ozone/integration-test/target/test-dir/MiniOzoneClusterImpl-e80b5651-725a-4ba3-ba65-a0af2f9a2c78/datanode-1/data/containers] WARN  fs.CachingGetSpaceUsed (CachingGetSpaceUsed.java:run(183)) - Thread Interrupted waiting to refresh disk information: sleep interrupted
2019-10-14 10:09:53,886 [65a7bfda-34c2-405e-9399-a4fe92a2c009@group-6EB6C47BD974-SegmentedRaftLogWorker] INFO  segmented.SegmentedRaftLogWorker (SegmentedRaftLogWorker.java:run(316)) - 65a7bfda-34c2-405e-9399-a4fe92a2c009@group-6EB6C47BD974-SegmentedRaftLogWorker was interrupted, exiting. There are 0 tasks remaining in the queue.
2019-10-14 10:09:53,888 [main] INFO  segmented.SegmentedRaftLogWorker (SegmentedRaftLogWorker.java:close(224)) - 65a7bfda-34c2-405e-9399-a4fe92a2c009@group-6EB6C47BD974-SegmentedRaftLogWorker close()
2019-10-14 10:09:53,891 [main] INFO  server.GrpcService (GrpcService.java:closeImpl(164)) - 65a7bfda-34c2-405e-9399-a4fe92a2c009: shutdown server with port 45718 now
2019-10-14 10:09:53,896 [main] INFO  server.GrpcService (GrpcService.java:closeImpl(172)) - 65a7bfda-34c2-405e-9399-a4fe92a2c009: shutdown server with port 45718 successfully
2019-10-14 10:09:53,896 [grpc-default-executor-0] WARN  client.GrpcClientProtocolService (LogUtils.java:warn(134)) - 2-UnorderedRequestStreamObserver2: onError: org.apache.ratis.thirdparty.io.grpc.StatusRuntimeException: CANCELLED: cancelled before receiving half close
2019-10-14 10:09:53,899 [refreshUsed-/workdir/hadoop-ozone/integration-test/target/test-dir/MiniOzoneClusterImpl-e80b5651-725a-4ba3-ba65-a0af2f9a2c78/datanode-4/data/containers] WARN  fs.CachingGetSpaceUsed (CachingGetSpaceUsed.java:run(183)) - Thread Interrupted waiting to refresh disk information: sleep interrupted
2019-10-14 10:09:53,917 [ForkJoinPool.commonPool-worker-1] INFO  utils.BackgroundService (BackgroundService.java:shutdown(151)) - Shutting down service BlockDeletingService
2019-10-14 10:09:53,922 [ForkJoinPool.commonPool-worker-1] INFO  statemachine.DatanodeStateMachine (DatanodeStateMachine.java:stopDaemon(395)) - Ozone container server stopped.
2019-10-14 10:09:53,927 [ForkJoinPool.commonPool-worker-1] INFO  handler.ContextHandler (ContextHandler.java:doStop(910)) - Stopped o.e.j.w.WebAppContext@522bf64e{/,null,UNAVAILABLE}{/hddsDatanode}
2019-10-14 10:09:53,927 [ForkJoinPool.commonPool-worker-1] INFO  server.AbstractConnector (AbstractConnector.java:doStop(318)) - Stopped ServerConnector@2aff9dff{HTTP/1.1,[http/1.1]}{0.0.0.0:0}
2019-10-14 10:09:53,928 [ForkJoinPool.commonPool-worker-1] INFO  handler.ContextHandler (ContextHandler.java:doStop(910)) - Stopped o.e.j.s.ServletContextHandler@6f94a5a5{/static,jar:file:/home/user/.m2/repository/org/apache/hadoop/hadoop-hdds-container-service/0.5.0-SNAPSHOT/hadoop-hdds-container-service-0.5.0-SNAPSHOT.jar!/webapps/static,UNAVAILABLE}
2019-10-14 10:09:53,930 [ForkJoinPool.commonPool-worker-1] INFO  handler.ContextHandler (ContextHandler.java:doStop(910)) - Stopped o.e.j.s.ServletContextHandler@25ad4f71{/logs,file:///workdir/hadoop-ozone/integration-test/target/log,UNAVAILABLE}
2019-10-14 10:09:53,936 [main] INFO  utils.BackgroundService (BackgroundService.java:shutdown(151)) - Shutting down service BlockDeletingService
2019-10-14 10:09:53,940 [main] INFO  statemachine.DatanodeStateMachine (DatanodeStateMachine.java:stopDaemon(395)) - Ozone container server stopped.
2019-10-14 10:09:53,941 [main] INFO  handler.ContextHandler (ContextHandler.java:doStop(910)) - Stopped o.e.j.w.WebAppContext@5f481b73{/,null,UNAVAILABLE}{/hddsDatanode}
2019-10-14 10:09:53,942 [main] INFO  server.AbstractConnector (AbstractConnector.java:doStop(318)) - Stopped ServerConnector@32130e61{HTTP/1.1,[http/1.1]}{0.0.0.0:0}
2019-10-14 10:09:53,942 [main] INFO  handler.ContextHandler (ContextHandler.java:doStop(910)) - Stopped o.e.j.s.ServletContextHandler@38ed139b{/static,jar:file:/home/user/.m2/repository/org/apache/hadoop/hadoop-hdds-container-service/0.5.0-SNAPSHOT/hadoop-hdds-container-service-0.5.0-SNAPSHOT.jar!/webapps/static,UNAVAILABLE}
2019-10-14 10:09:53,942 [main] INFO  handler.ContextHandler (ContextHandler.java:doStop(910)) - Stopped o.e.j.s.ServletContextHandler@372ca2d6{/logs,file:///workdir/hadoop-ozone/integration-test/target/log,UNAVAILABLE}
2019-10-14 10:09:54,465 [Datanode State Machine Thread - 0] INFO  statemachine.DatanodeStateMachine (DatanodeStateMachine.java:lambda$startDaemon$0(350)) - Ozone container server started.
2019-10-14 10:09:54,875 [Datanode State Machine Thread - 0] INFO  statemachine.DatanodeStateMachine (DatanodeStateMachine.java:lambda$startDaemon$0(350)) - Ozone container server started.
2019-10-14 10:09:58,547 [EventQueue-StaleNodeForStaleNodeHandler] INFO  node.StaleNodeHandler (StaleNodeHandler.java:onMessage(58)) - Datanode 46eddc03-a99b-42b6-84bc-832a7f6ef5a9{ip: 192.168.5.145, host: pr-hdds-2297-rpftj-184604365, networkLocation: /default-rack, certSerialId: null} moved to stale state. Finalizing its pipelines [PipelineID=3a918adf-0130-4dc2-b08a-e7369719462a, PipelineID=69188276-ba76-4164-ae41-f961d3e20c84]
2019-10-14 10:09:58,548 [EventQueue-StaleNodeForStaleNodeHandler] INFO  pipeline.SCMPipelineManager (SCMPipelineManager.java:finalizeAndDestroyPipeline(315)) - destroying pipeline:Pipeline[ Id: 3a918adf-0130-4dc2-b08a-e7369719462a, Nodes: 46eddc03-a99b-42b6-84bc-832a7f6ef5a9{ip: 192.168.5.145, host: pr-hdds-2297-rpftj-184604365, networkLocation: /default-rack, certSerialId: null}, Type:RATIS, Factor:ONE, State:OPEN]
2019-10-14 10:09:58,548 [EventQueue-StaleNodeForStaleNodeHandler] INFO  pipeline.PipelineStateManager (PipelineStateManager.java:finalizePipeline(123)) - Pipeline Pipeline[ Id: 3a918adf-0130-4dc2-b08a-e7369719462a, Nodes: 46eddc03-a99b-42b6-84bc-832a7f6ef5a9{ip: 192.168.5.145, host: pr-hdds-2297-rpftj-184604365, networkLocation: /default-rack, certSerialId: null}, Type:RATIS, Factor:ONE, State:CLOSED] moved to CLOSED state
2019-10-14 10:09:58,548 [EventQueue-StaleNodeForStaleNodeHandler] INFO  pipeline.SCMPipelineManager (SCMPipelineManager.java:finalizeAndDestroyPipeline(315)) - destroying pipeline:Pipeline[ Id: 69188276-ba76-4164-ae41-f961d3e20c84, Nodes: 46eddc03-a99b-42b6-84bc-832a7f6ef5a9{ip: 192.168.5.145, host: pr-hdds-2297-rpftj-184604365, networkLocation: /default-rack, certSerialId: null}30733371-5fe2-4df7-9630-6aee27a201ad{ip: 192.168.5.145, host: pr-hdds-2297-rpftj-184604365, networkLocation: /default-rack, certSerialId: null}73f79e80-ae09-4d07-84c1-6a2068a5e547{ip: 192.168.5.145, host: pr-hdds-2297-rpftj-184604365, networkLocation: /default-rack, certSerialId: null}, Type:RATIS, Factor:THREE, State:CLOSED]
2019-10-14 10:09:58,934 [ForkJoinPool.commonPool-worker-1] INFO  ozoneimpl.OzoneContainer (OzoneContainer.java:stop(227)) - Attempting to stop container services.
2019-10-14 10:09:58,935 [ForkJoinPool.commonPool-worker-1] INFO  impl.RaftServerProxy (RaftServerProxy.java:lambda$close$4(314)) - 652f49f6-efee-4cad-87c2-78bc93b7301c: close
2019-10-14 10:09:58,935 [ForkJoinPool.commonPool-worker-1] INFO  impl.RaftServerImpl (RaftServerImpl.java:lambda$shutdown$3(247)) - 652f49f6-efee-4cad-87c2-78bc93b7301c@group-1E0546966116: shutdown
2019-10-14 10:09:58,936 [ForkJoinPool.commonPool-worker-1] INFO  util.JmxRegister (JmxRegister.java:unregister(73)) - Successfully un-registered JMX Bean with object name Ratis:service=RaftServer,group=group-1E0546966116,id=652f49f6-efee-4cad-87c2-78bc93b7301c
2019-10-14 10:09:58,936 [ForkJoinPool.commonPool-worker-1] INFO  impl.RoleInfo (RoleInfo.java:shutdownLeaderState(104)) - 652f49f6-efee-4cad-87c2-78bc93b7301c: shutdown LeaderState
2019-10-14 10:09:58,937 [ForkJoinPool.commonPool-worker-1] INFO  impl.PendingRequests (PendingRequests.java:sendNotLeaderResponses(202)) - 652f49f6-efee-4cad-87c2-78bc93b7301c@group-1E0546966116-PendingRequests: sendNotLeaderResponses
2019-10-14 10:09:58,937 [ForkJoinPool.commonPool-worker-1] INFO  impl.StateMachineUpdater (StateMachineUpdater.java:stopAndJoin(136)) - 652f49f6-efee-4cad-87c2-78bc93b7301c@group-1E0546966116-StateMachineUpdater: set stopIndex = 0
2019-10-14 10:09:58,938 [ForkJoinPool.commonPool-worker-1] INFO  impl.RaftServerImpl (ServerState.java:close(387)) - 652f49f6-efee-4cad-87c2-78bc93b7301c@group-1E0546966116: closes. applyIndex: 0
2019-10-14 10:09:58,939 [652f49f6-efee-4cad-87c2-78bc93b7301c@group-1E0546966116-SegmentedRaftLogWorker] INFO  segmented.SegmentedRaftLogWorker (SegmentedRaftLogWorker.java:run(316)) - 652f49f6-efee-4cad-87c2-78bc93b7301c@group-1E0546966116-SegmentedRaftLogWorker was interrupted, exiting. There are 0 tasks remaining in the queue.
2019-10-14 10:09:58,948 [main] INFO  ozoneimpl.OzoneContainer (OzoneContainer.java:stop(227)) - Attempting to stop container services.
2019-10-14 10:09:58,948 [EventQueue-StaleNodeForStaleNodeHandler] INFO  node.StaleNodeHandler (StaleNodeHandler.java:onMessage(58)) - Datanode 652f49f6-efee-4cad-87c2-78bc93b7301c{ip: 192.168.5.145, host: pr-hdds-2297-rpftj-184604365, networkLocation: /default-rack, certSerialId: null} moved to stale state. Finalizing its pipelines [PipelineID=4ed4115d-7d4c-40f9-9e3f-1e0546966116]
2019-10-14 10:09:58,948 [ForkJoinPool.commonPool-worker-1] INFO  segmented.SegmentedRaftLogWorker (SegmentedRaftLogWorker.java:close(224)) - 652f49f6-efee-4cad-87c2-78bc93b7301c@group-1E0546966116-SegmentedRaftLogWorker close()
2019-10-14 10:09:58,949 [EventQueue-StaleNodeForStaleNodeHandler] INFO  pipeline.SCMPipelineManager (SCMPipelineManager.java:finalizeAndDestroyPipeline(315)) - destroying pipeline:Pipeline[ Id: 4ed4115d-7d4c-40f9-9e3f-1e0546966116, Nodes: 652f49f6-efee-4cad-87c2-78bc93b7301c{ip: 192.168.5.145, host: pr-hdds-2297-rpftj-184604365, networkLocation: /default-rack, certSerialId: null}, Type:RATIS, Factor:ONE, State:OPEN]
2019-10-14 10:09:58,949 [main] INFO  impl.RaftServerProxy (RaftServerProxy.java:lambda$close$4(314)) - 46eddc03-a99b-42b6-84bc-832a7f6ef5a9: close
2019-10-14 10:09:58,952 [ForkJoinPool.commonPool-worker-1] INFO  server.GrpcService (GrpcService.java:closeImpl(164)) - 652f49f6-efee-4cad-87c2-78bc93b7301c: shutdown server with port 42393 now
2019-10-14 10:09:58,955 [main] INFO  impl.RaftServerImpl (RaftServerImpl.java:lambda$shutdown$3(247)) - 46eddc03-a99b-42b6-84bc-832a7f6ef5a9@group-E7369719462A: shutdown
2019-10-14 10:09:58,955 [EventQueue-StaleNodeForStaleNodeHandler] INFO  pipeline.PipelineStateManager (PipelineStateManager.java:finalizePipeline(123)) - Pipeline Pipeline[ Id: 4ed4115d-7d4c-40f9-9e3f-1e0546966116, Nodes: 652f49f6-efee-4cad-87c2-78bc93b7301c{ip: 192.168.5.145, host: pr-hdds-2297-rpftj-184604365, networkLocation: /default-rack, certSerialId: null}, Type:RATIS, Factor:ONE, State:CLOSED] moved to CLOSED state
2019-10-14 10:09:58,957 [ForkJoinPool.commonPool-worker-1] INFO  server.GrpcService (GrpcService.java:closeImpl(172)) - 652f49f6-efee-4cad-87c2-78bc93b7301c: shutdown server with port 42393 successfully
2019-10-14 10:09:58,957 [main] INFO  util.JmxRegister (JmxRegister.java:unregister(73)) - Successfully un-registered JMX Bean with object name Ratis:service=RaftServer,group=group-E7369719462A,id=46eddc03-a99b-42b6-84bc-832a7f6ef5a9
2019-10-14 10:09:58,958 [main] INFO  impl.RoleInfo (RoleInfo.java:shutdownLeaderState(104)) - 46eddc03-a99b-42b6-84bc-832a7f6ef5a9: shutdown LeaderState
2019-10-14 10:09:58,958 [main] INFO  impl.PendingRequests (PendingRequests.java:sendNotLeaderResponses(202)) - 46eddc03-a99b-42b6-84bc-832a7f6ef5a9@group-E7369719462A-PendingRequests: sendNotLeaderResponses
2019-10-14 10:09:58,959 [main] INFO  impl.StateMachineUpdater (StateMachineUpdater.java:stopAndJoin(136)) - 46eddc03-a99b-42b6-84bc-832a7f6ef5a9@group-E7369719462A-StateMachineUpdater: set stopIndex = 0
2019-10-14 10:09:58,959 [main] INFO  impl.RaftServerImpl (ServerState.java:close(387)) - 46eddc03-a99b-42b6-84bc-832a7f6ef5a9@group-E7369719462A: closes. applyIndex: 0
2019-10-14 10:09:58,960 [46eddc03-a99b-42b6-84bc-832a7f6ef5a9@group-E7369719462A-SegmentedRaftLogWorker] INFO  segmented.SegmentedRaftLogWorker (SegmentedRaftLogWorker.java:run(316)) - 46eddc03-a99b-42b6-84bc-832a7f6ef5a9@group-E7369719462A-SegmentedRaftLogWorker was interrupted, exiting. There are 0 tasks remaining in the queue.
2019-10-14 10:09:58,962 [main] INFO  segmented.SegmentedRaftLogWorker (SegmentedRaftLogWorker.java:close(224)) - 46eddc03-a99b-42b6-84bc-832a7f6ef5a9@group-E7369719462A-SegmentedRaftLogWorker close()
2019-10-14 10:09:58,966 [main] INFO  impl.RaftServerImpl (RaftServerImpl.java:lambda$shutdown$3(247)) - 46eddc03-a99b-42b6-84bc-832a7f6ef5a9@group-F961D3E20C84: shutdown
2019-10-14 10:09:58,966 [main] INFO  util.JmxRegister (JmxRegister.java:unregister(73)) - Successfully un-registered JMX Bean with object name Ratis:service=RaftServer,group=group-F961D3E20C84,id=46eddc03-a99b-42b6-84bc-832a7f6ef5a9
2019-10-14 10:09:58,966 [main] INFO  impl.RoleInfo (RoleInfo.java:shutdownFollowerState(121)) - 46eddc03-a99b-42b6-84bc-832a7f6ef5a9: shutdown FollowerState
2019-10-14 10:09:58,967 [main] INFO  impl.StateMachineUpdater (StateMachineUpdater.java:stopAndJoin(136)) - 46eddc03-a99b-42b6-84bc-832a7f6ef5a9@group-F961D3E20C84-StateMachineUpdater: set stopIndex = 4
2019-10-14 10:09:58,967 [Thread-313] INFO  impl.FollowerState (FollowerState.java:run(117)) - 46eddc03-a99b-42b6-84bc-832a7f6ef5a9@group-F961D3E20C84-FollowerState was interrupted: java.lang.InterruptedException: sleep interrupted
2019-10-14 10:09:58,967 [46eddc03-a99b-42b6-84bc-832a7f6ef5a9@group-F961D3E20C84-StateMachineUpdater] INFO  ratis.ContainerStateMachine (ContainerStateMachine.java:takeSnapshot(294)) - group-F961D3E20C84: Taking a snapshot at:(t:1, i:3) file /workdir/hadoop-ozone/integration-test/target/test-dir/MiniOzoneClusterImpl-e80b5651-725a-4ba3-ba65-a0af2f9a2c78/datanode-3/data/ratis/69188276-ba76-4164-ae41-f961d3e20c84/sm/snapshot.1_3
2019-10-14 10:09:58,979 [refreshUsed-/workdir/hadoop-ozone/integration-test/target/test-dir/MiniOzoneClusterImpl-e80b5651-725a-4ba3-ba65-a0af2f9a2c78/datanode-2/data/containers] WARN  fs.CachingGetSpaceUsed (CachingGetSpaceUsed.java:run(183)) - Thread Interrupted waiting to refresh disk information: sleep interrupted
2019-10-14 10:09:58,983 [46eddc03-a99b-42b6-84bc-832a7f6ef5a9@group-F961D3E20C84-StateMachineUpdater] INFO  ratis.ContainerStateMachine (ContainerStateMachine.java:takeSnapshot(305)) - group-F961D3E20C84: Finished taking a snapshot at:(t:1, i:3) file:/workdir/hadoop-ozone/integration-test/target/test-dir/MiniOzoneClusterImpl-e80b5651-725a-4ba3-ba65-a0af2f9a2c78/datanode-3/data/ratis/69188276-ba76-4164-ae41-f961d3e20c84/sm/snapshot.1_3 time:16
2019-10-14 10:09:58,983 [46eddc03-a99b-42b6-84bc-832a7f6ef5a9@group-F961D3E20C84-StateMachineUpdater] INFO  impl.StateMachineUpdater (StateMachineUpdater.java:takeSnapshot(269)) - 46eddc03-a99b-42b6-84bc-832a7f6ef5a9@group-F961D3E20C84-StateMachineUpdater: Took a snapshot at index 3
2019-10-14 10:09:58,984 [46eddc03-a99b-42b6-84bc-832a7f6ef5a9@group-F961D3E20C84-StateMachineUpdater] INFO  impl.StateMachineUpdater (StateMachineUpdater.java:lambda$new$0(84)) - 46eddc03-a99b-42b6-84bc-832a7f6ef5a9@group-F961D3E20C84-StateMachineUpdater: snapshotIndex: updateIncreasingly -1 -> 3
2019-10-14 10:09:58,984 [46eddc03-a99b-42b6-84bc-832a7f6ef5a9@group-F961D3E20C84-StateMachineUpdater] INFO  ratis.ContainerStateMachine (ContainerStateMachine.java:takeSnapshot(294)) - group-F961D3E20C84: Taking a snapshot at:(t:1, i:3) file /workdir/hadoop-ozone/integration-test/target/test-dir/MiniOzoneClusterImpl-e80b5651-725a-4ba3-ba65-a0af2f9a2c78/datanode-3/data/ratis/69188276-ba76-4164-ae41-f961d3e20c84/sm/snapshot.1_3
2019-10-14 10:09:58,995 [ForkJoinPool.commonPool-worker-1] INFO  utils.BackgroundService (BackgroundService.java:shutdown(151)) - Shutting down service BlockDeletingService
2019-10-14 10:09:58,998 [46eddc03-a99b-42b6-84bc-832a7f6ef5a9@group-F961D3E20C84-StateMachineUpdater] INFO  ratis.ContainerStateMachine (ContainerStateMachine.java:takeSnapshot(305)) - group-F961D3E20C84: Finished taking a snapshot at:(t:1, i:3) file:/workdir/hadoop-ozone/integration-test/target/test-dir/MiniOzoneClusterImpl-e80b5651-725a-4ba3-ba65-a0af2f9a2c78/datanode-3/data/ratis/69188276-ba76-4164-ae41-f961d3e20c84/sm/snapshot.1_3 time:13
2019-10-14 10:09:58,999 [ForkJoinPool.commonPool-worker-1] INFO  statemachine.DatanodeStateMachine (DatanodeStateMachine.java:stopDaemon(395)) - Ozone container server stopped.
2019-10-14 10:09:58,999 [46eddc03-a99b-42b6-84bc-832a7f6ef5a9@group-F961D3E20C84-StateMachineUpdater] INFO  impl.StateMachineUpdater (StateMachineUpdater.java:takeSnapshot(269)) - 46eddc03-a99b-42b6-84bc-832a7f6ef5a9@group-F961D3E20C84-StateMachineUpdater: Took a snapshot at index 3
2019-10-14 10:09:59,001 [46eddc03-a99b-42b6-84bc-832a7f6ef5a9@group-F961D3E20C84-StateMachineUpdater] INFO  impl.StateMachineUpdater (StateMachineUpdater.java:lambda$new$0(84)) - 46eddc03-a99b-42b6-84bc-832a7f6ef5a9@group-F961D3E20C84-StateMachineUpdater: snapshotIndex: updateIncreasingly 3 -> 3
2019-10-14 10:09:59,003 [main] INFO  impl.RaftServerImpl (ServerState.java:close(387)) - 46eddc03-a99b-42b6-84bc-832a7f6ef5a9@group-F961D3E20C84: closes. applyIndex: 4
2019-10-14 10:09:59,004 [ForkJoinPool.commonPool-worker-1] INFO  handler.ContextHandler (ContextHandler.java:doStop(910)) - Stopped o.e.j.w.WebAppContext@7724704f{/,null,UNAVAILABLE}{/hddsDatanode}
2019-10-14 10:09:59,005 [46eddc03-a99b-42b6-84bc-832a7f6ef5a9@group-F961D3E20C84-SegmentedRaftLogWorker] INFO  segmented.SegmentedRaftLogWorker (SegmentedRaftLogWorker.java:run(316)) - 46eddc03-a99b-42b6-84bc-832a7f6ef5a9@group-F961D3E20C84-SegmentedRaftLogWorker was interrupted, exiting. There are 0 tasks remaining in the queue.
2019-10-14 10:09:59,006 [main] INFO  segmented.SegmentedRaftLogWorker (SegmentedRaftLogWorker.java:close(224)) - 46eddc03-a99b-42b6-84bc-832a7f6ef5a9@group-F961D3E20C84-SegmentedRaftLogWorker close()
2019-10-14 10:09:59,006 [ForkJoinPool.commonPool-worker-1] INFO  server.AbstractConnector (AbstractConnector.java:doStop(318)) - Stopped ServerConnector@3dfa819{HTTP/1.1,[http/1.1]}{0.0.0.0:0}
2019-10-14 10:09:59,009 [main] INFO  server.GrpcService (GrpcService.java:closeImpl(164)) - 46eddc03-a99b-42b6-84bc-832a7f6ef5a9: shutdown server with port 42988 now
2019-10-14 10:09:59,010 [ForkJoinPool.commonPool-worker-1] INFO  handler.ContextHandler (ContextHandler.java:doStop(910)) - Stopped o.e.j.s.ServletContextHandler@2f2bff16{/static,jar:file:/home/user/.m2/repository/org/apache/hadoop/hadoop-hdds-container-service/0.5.0-SNAPSHOT/hadoop-hdds-container-service-0.5.0-SNAPSHOT.jar!/webapps/static,UNAVAILABLE}
2019-10-14 10:09:59,012 [ForkJoinPool.commonPool-worker-1] INFO  handler.ContextHandler (ContextHandler.java:doStop(910)) - Stopped o.e.j.s.ServletContextHandler@10f7c76{/logs,file:///workdir/hadoop-ozone/integration-test/target/log,UNAVAILABLE}
2019-10-14 10:09:59,013 [main] INFO  server.GrpcService (GrpcService.java:closeImpl(172)) - 46eddc03-a99b-42b6-84bc-832a7f6ef5a9: shutdown server with port 42988 successfully
2019-10-14 10:09:59,017 [refreshUsed-/workdir/hadoop-ozone/integration-test/target/test-dir/MiniOzoneClusterImpl-e80b5651-725a-4ba3-ba65-a0af2f9a2c78/datanode-3/data/containers] WARN  fs.CachingGetSpaceUsed (CachingGetSpaceUsed.java:run(183)) - Thread Interrupted waiting to refresh disk information: sleep interrupted
2019-10-14 10:09:59,033 [main] INFO  utils.BackgroundService (BackgroundService.java:shutdown(151)) - Shutting down service BlockDeletingService
2019-10-14 10:09:59,037 [main] INFO  statemachine.DatanodeStateMachine (DatanodeStateMachine.java:stopDaemon(395)) - Ozone container server stopped.
2019-10-14 10:09:59,038 [main] INFO  handler.ContextHandler (ContextHandler.java:doStop(910)) - Stopped o.e.j.w.WebAppContext@45acdd11{/,null,UNAVAILABLE}{/hddsDatanode}
2019-10-14 10:09:59,039 [main] INFO  server.AbstractConnector (AbstractConnector.java:doStop(318)) - Stopped ServerConnector@3f0d6038{HTTP/1.1,[http/1.1]}{0.0.0.0:0}
2019-10-14 10:09:59,039 [main] INFO  handler.ContextHandler (ContextHandler.java:doStop(910)) - Stopped o.e.j.s.ServletContextHandler@1fb2d5e{/static,jar:file:/home/user/.m2/repository/org/apache/hadoop/hadoop-hdds-container-service/0.5.0-SNAPSHOT/hadoop-hdds-container-service-0.5.0-SNAPSHOT.jar!/webapps/static,UNAVAILABLE}
2019-10-14 10:09:59,039 [main] INFO  handler.ContextHandler (ContextHandler.java:doStop(910)) - Stopped o.e.j.s.ServletContextHandler@102c577f{/logs,file:///workdir/hadoop-ozone/integration-test/target/log,UNAVAILABLE}
2019-10-14 10:09:59,483 [Datanode State Machine Thread - 0] INFO  statemachine.DatanodeStateMachine (DatanodeStateMachine.java:lambda$startDaemon$0(350)) - Ozone container server started.
2019-10-14 10:09:59,852 [Datanode State Machine Thread - 0] INFO  statemachine.DatanodeStateMachine (DatanodeStateMachine.java:lambda$startDaemon$0(350)) - Ozone container server started.
2019-10-14 10:10:00,403 [Thread-320] INFO  impl.FollowerState (FollowerState.java:run(108)) - 3d28f5e7-ba98-4c32-b67b-ae65f1c8618f@group-6EB6C47BD974-FollowerState: change to CANDIDATE, lastRpcTime:9194ms, electionTimeout:5043ms
2019-10-14 10:10:00,403 [Thread-320] INFO  impl.RoleInfo (RoleInfo.java:shutdownFollowerState(121)) - 3d28f5e7-ba98-4c32-b67b-ae65f1c8618f: shutdown FollowerState
2019-10-14 10:10:00,404 [Thread-320] INFO  impl.RaftServerImpl (RaftServerImpl.java:setRole(170)) - 3d28f5e7-ba98-4c32-b67b-ae65f1c8618f@group-6EB6C47BD974: changes role from  FOLLOWER to CANDIDATE at term 1 for changeToCandidate
2019-10-14 10:10:00,404 [Thread-320] INFO  impl.RoleInfo (RoleInfo.java:updateAndGet(143)) - 3d28f5e7-ba98-4c32-b67b-ae65f1c8618f: start LeaderElection
2019-10-14 10:10:00,408 [3d28f5e7-ba98-4c32-b67b-ae65f1c8618f@group-6EB6C47BD974-LeaderElection11] INFO  impl.RaftServerImpl (ServerState.java:setLeader(255)) - 3d28f5e7-ba98-4c32-b67b-ae65f1c8618f@group-6EB6C47BD974: change Leader from 65a7bfda-34c2-405e-9399-a4fe92a2c009 to null at term 1 for initElection
2019-10-14 10:10:00,422 [3d28f5e7-ba98-4c32-b67b-ae65f1c8618f@group-6EB6C47BD974-LeaderElection11] INFO  impl.LeaderElection (LeaderElection.java:askForVotes(178)) - 3d28f5e7-ba98-4c32-b67b-ae65f1c8618f@group-6EB6C47BD974-LeaderElection11: begin an election at term 2 for 0: [65a7bfda-34c2-405e-9399-a4fe92a2c009:192.168.5.145:45718, 3d28f5e7-ba98-4c32-b67b-ae65f1c8618f:192.168.5.145:40872, bdbe18bf-b28b-47c4-9f24-91cefe90c4da:192.168.5.145:42240], old=null
2019-10-14 10:10:00,438 [grpc-default-executor-3] INFO  impl.RaftServerImpl (ServerState.java:setLeader(255)) - bdbe18bf-b28b-47c4-9f24-91cefe90c4da@group-6EB6C47BD974: change Leader from 65a7bfda-34c2-405e-9399-a4fe92a2c009 to null at term 2 for updateCurrentTerm
2019-10-14 10:10:00,438 [grpc-default-executor-3] INFO  impl.RaftServerImpl (RaftServerImpl.java:setRole(170)) - bdbe18bf-b28b-47c4-9f24-91cefe90c4da@group-6EB6C47BD974: changes role from  FOLLOWER to FOLLOWER at term 2 for recognizeCandidate:3d28f5e7-ba98-4c32-b67b-ae65f1c8618f
2019-10-14 10:10:00,438 [grpc-default-executor-3] INFO  impl.RoleInfo (RoleInfo.java:shutdownFollowerState(121)) - bdbe18bf-b28b-47c4-9f24-91cefe90c4da: shutdown FollowerState
2019-10-14 10:10:00,439 [Thread-319] INFO  impl.FollowerState (FollowerState.java:run(117)) - bdbe18bf-b28b-47c4-9f24-91cefe90c4da@group-6EB6C47BD974-FollowerState was interrupted: java.lang.InterruptedException: sleep interrupted
2019-10-14 10:10:00,439 [grpc-default-executor-3] INFO  impl.RoleInfo (RoleInfo.java:updateAndGet(143)) - bdbe18bf-b28b-47c4-9f24-91cefe90c4da: start FollowerState
2019-10-14 10:10:00,449 [3d28f5e7-ba98-4c32-b67b-ae65f1c8618f@group-6EB6C47BD974-LeaderElection11] INFO  impl.LeaderElection (LogUtils.java:infoOrTrace(149)) - 3d28f5e7-ba98-4c32-b67b-ae65f1c8618f@group-6EB6C47BD974-LeaderElection11 got exception when requesting votes: {}
java.util.concurrent.ExecutionException: org.apache.ratis.thirdparty.io.grpc.StatusRuntimeException: UNAVAILABLE: io exception
	at java.util.concurrent.FutureTask.report(FutureTask.java:122)
	at java.util.concurrent.FutureTask.get(FutureTask.java:192)
	at org.apache.ratis.server.impl.LeaderElection.waitForResults(LeaderElection.java:259)
	at org.apache.ratis.server.impl.LeaderElection.askForVotes(LeaderElection.java:197)
	at org.apache.ratis.server.impl.LeaderElection.run(LeaderElection.java:133)
	at java.lang.Thread.run(Thread.java:748)
Caused by: org.apache.ratis.thirdparty.io.grpc.StatusRuntimeException: UNAVAILABLE: io exception
	at org.apache.ratis.thirdparty.io.grpc.stub.ClientCalls.toStatusRuntimeException(ClientCalls.java:233)
	at org.apache.ratis.thirdparty.io.grpc.stub.ClientCalls.getUnchecked(ClientCalls.java:214)
	at org.apache.ratis.thirdparty.io.grpc.stub.ClientCalls.blockingUnaryCall(ClientCalls.java:139)
	at org.apache.ratis.proto.grpc.RaftServerProtocolServiceGrpc$RaftServerProtocolServiceBlockingStub.requestVote(RaftServerProtocolServiceGrpc.java:265)
	at org.apache.ratis.grpc.server.GrpcServerProtocolClient.requestVote(GrpcServerProtocolClient.java:99)
	at org.apache.ratis.grpc.server.GrpcService.requestVote(GrpcService.java:204)
	at org.apache.ratis.server.impl.LeaderElection.lambda$submitRequests$1(LeaderElection.java:234)
	at java.util.concurrent.FutureTask.run(FutureTask.java:266)
	at java.util.concurrent.Executors$RunnableAdapter.call(Executors.java:511)
	at java.util.concurrent.FutureTask.run(FutureTask.java:266)
	at java.util.concurrent.ThreadPoolExecutor.runWorker(ThreadPoolExecutor.java:1149)
	at java.util.concurrent.ThreadPoolExecutor$Worker.run(ThreadPoolExecutor.java:624)
	... 1 more
Caused by: org.apache.ratis.thirdparty.io.netty.channel.AbstractChannel$AnnotatedConnectException: Connection refused: /192.168.5.145:45718
	at sun.nio.ch.SocketChannelImpl.checkConnect(Native Method)
	at sun.nio.ch.SocketChannelImpl.finishConnect(SocketChannelImpl.java:717)
	at org.apache.ratis.thirdparty.io.netty.channel.socket.nio.NioSocketChannel.doFinishConnect(NioSocketChannel.java:327)
	at org.apache.ratis.thirdparty.io.netty.channel.nio.AbstractNioChannel$AbstractNioUnsafe.finishConnect(AbstractNioChannel.java:340)
	at org.apache.ratis.thirdparty.io.netty.channel.nio.NioEventLoop.processSelectedKey(NioEventLoop.java:632)
	at org.apache.ratis.thirdparty.io.netty.channel.nio.NioEventLoop.processSelectedKeysOptimized(NioEventLoop.java:579)
	at org.apache.ratis.thirdparty.io.netty.channel.nio.NioEventLoop.processSelectedKeys(NioEventLoop.java:496)
	at org.apache.ratis.thirdparty.io.netty.channel.nio.NioEventLoop.run(NioEventLoop.java:458)
	at org.apache.ratis.thirdparty.io.netty.util.concurrent.SingleThreadEventExecutor$5.run(SingleThreadEventExecutor.java:897)
	at org.apache.ratis.thirdparty.io.netty.util.concurrent.FastThreadLocalRunnable.run(FastThreadLocalRunnable.java:30)
	... 1 more
Caused by: java.net.ConnectException: Connection refused
	... 11 more
2019-10-14 10:10:00,457 [3d28f5e7-ba98-4c32-b67b-ae65f1c8618f@group-6EB6C47BD974-LeaderElection11] INFO  impl.LeaderElection (LeaderElection.java:logAndReturn(56)) - 3d28f5e7-ba98-4c32-b67b-ae65f1c8618f@group-6EB6C47BD974-LeaderElection11: Election PASSED; received 1 response(s) [3d28f5e7-ba98-4c32-b67b-ae65f1c8618f<-bdbe18bf-b28b-47c4-9f24-91cefe90c4da#0:OK-t2] and 1 exception(s); 3d28f5e7-ba98-4c32-b67b-ae65f1c8618f@group-6EB6C47BD974:t2, leader=null, voted=3d28f5e7-ba98-4c32-b67b-ae65f1c8618f, raftlog=3d28f5e7-ba98-4c32-b67b-ae65f1c8618f@group-6EB6C47BD974-SegmentedRaftLog:OPENED:c15,f15,i15, conf=0: [65a7bfda-34c2-405e-9399-a4fe92a2c009:192.168.5.145:45718, 3d28f5e7-ba98-4c32-b67b-ae65f1c8618f:192.168.5.145:40872, bdbe18bf-b28b-47c4-9f24-91cefe90c4da:192.168.5.145:42240], old=null
2019-10-14 10:10:00,457 [3d28f5e7-ba98-4c32-b67b-ae65f1c8618f@group-6EB6C47BD974-LeaderElection11] INFO  impl.LeaderElection (LogUtils.java:infoOrTrace(149)) -   Exception 0: {}
java.util.concurrent.ExecutionException: org.apache.ratis.thirdparty.io.grpc.StatusRuntimeException: UNAVAILABLE: io exception
	at java.util.concurrent.FutureTask.report(FutureTask.java:122)
	at java.util.concurrent.FutureTask.get(FutureTask.java:192)
	at org.apache.ratis.server.impl.LeaderElection.waitForResults(LeaderElection.java:259)
	at org.apache.ratis.server.impl.LeaderElection.askForVotes(LeaderElection.java:197)
	at org.apache.ratis.server.impl.LeaderElection.run(LeaderElection.java:133)
	at java.lang.Thread.run(Thread.java:748)
Caused by: org.apache.ratis.thirdparty.io.grpc.StatusRuntimeException: UNAVAILABLE: io exception
	at org.apache.ratis.thirdparty.io.grpc.stub.ClientCalls.toStatusRuntimeException(ClientCalls.java:233)
	at org.apache.ratis.thirdparty.io.grpc.stub.ClientCalls.getUnchecked(ClientCalls.java:214)
	at org.apache.ratis.thirdparty.io.grpc.stub.ClientCalls.blockingUnaryCall(ClientCalls.java:139)
	at org.apache.ratis.proto.grpc.RaftServerProtocolServiceGrpc$RaftServerProtocolServiceBlockingStub.requestVote(RaftServerProtocolServiceGrpc.java:265)
	at org.apache.ratis.grpc.server.GrpcServerProtocolClient.requestVote(GrpcServerProtocolClient.java:99)
	at org.apache.ratis.grpc.server.GrpcService.requestVote(GrpcService.java:204)
	at org.apache.ratis.server.impl.LeaderElection.lambda$submitRequests$1(LeaderElection.java:234)
	at java.util.concurrent.FutureTask.run(FutureTask.java:266)
	at java.util.concurrent.Executors$RunnableAdapter.call(Executors.java:511)
	at java.util.concurrent.FutureTask.run(FutureTask.java:266)
	at java.util.concurrent.ThreadPoolExecutor.runWorker(ThreadPoolExecutor.java:1149)
	at java.util.concurrent.ThreadPoolExecutor$Worker.run(ThreadPoolExecutor.java:624)
	... 1 more
Caused by: org.apache.ratis.thirdparty.io.netty.channel.AbstractChannel$AnnotatedConnectException: Connection refused: /192.168.5.145:45718
	at sun.nio.ch.SocketChannelImpl.checkConnect(Native Method)
	at sun.nio.ch.SocketChannelImpl.finishConnect(SocketChannelImpl.java:717)
	at org.apache.ratis.thirdparty.io.netty.channel.socket.nio.NioSocketChannel.doFinishConnect(NioSocketChannel.java:327)
	at org.apache.ratis.thirdparty.io.netty.channel.nio.AbstractNioChannel$AbstractNioUnsafe.finishConnect(AbstractNioChannel.java:340)
	at org.apache.ratis.thirdparty.io.netty.channel.nio.NioEventLoop.processSelectedKey(NioEventLoop.java:632)
	at org.apache.ratis.thirdparty.io.netty.channel.nio.NioEventLoop.processSelectedKeysOptimized(NioEventLoop.java:579)
	at org.apache.ratis.thirdparty.io.netty.channel.nio.NioEventLoop.processSelectedKeys(NioEventLoop.java:496)
	at org.apache.ratis.thirdparty.io.netty.channel.nio.NioEventLoop.run(NioEventLoop.java:458)
	at org.apache.ratis.thirdparty.io.netty.util.concurrent.SingleThreadEventExecutor$5.run(SingleThreadEventExecutor.java:897)
	at org.apache.ratis.thirdparty.io.netty.util.concurrent.FastThreadLocalRunnable.run(FastThreadLocalRunnable.java:30)
	... 1 more
Caused by: java.net.ConnectException: Connection refused
	... 11 more
2019-10-14 10:10:00,458 [3d28f5e7-ba98-4c32-b67b-ae65f1c8618f@group-6EB6C47BD974-LeaderElection11] INFO  impl.RoleInfo (RoleInfo.java:shutdownLeaderElection(134)) - 3d28f5e7-ba98-4c32-b67b-ae65f1c8618f: shutdown LeaderElection
2019-10-14 10:10:00,459 [3d28f5e7-ba98-4c32-b67b-ae65f1c8618f@group-6EB6C47BD974-LeaderElection11] INFO  impl.RaftServerImpl (RaftServerImpl.java:setRole(170)) - 3d28f5e7-ba98-4c32-b67b-ae65f1c8618f@group-6EB6C47BD974: changes role from CANDIDATE to LEADER at term 2 for changeToLeader
2019-10-14 10:10:00,459 [3d28f5e7-ba98-4c32-b67b-ae65f1c8618f@group-6EB6C47BD974-LeaderElection11] INFO  impl.RaftServerImpl (ServerState.java:setLeader(255)) - 3d28f5e7-ba98-4c32-b67b-ae65f1c8618f@group-6EB6C47BD974: change Leader from null to 3d28f5e7-ba98-4c32-b67b-ae65f1c8618f at term 2 for becomeLeader, leader elected after 51ms
2019-10-14 10:10:00,459 [3d28f5e7-ba98-4c32-b67b-ae65f1c8618f@group-6EB6C47BD974-LeaderElection11] INFO  server.RaftServerConfigKeys (ConfUtils.java:logGet(43)) - raft.server.staging.catchup.gap = 1000 (default)
2019-10-14 10:10:00,460 [3d28f5e7-ba98-4c32-b67b-ae65f1c8618f@group-6EB6C47BD974-LeaderElection11] INFO  server.RaftServerConfigKeys (ConfUtils.java:logGet(43)) - raft.server.rpc.sleep.time = 25ms (default)
2019-10-14 10:10:00,460 [3d28f5e7-ba98-4c32-b67b-ae65f1c8618f@group-6EB6C47BD974-LeaderElection11] INFO  server.RaftServerConfigKeys (ConfUtils.java:logGet(43)) - raft.server.write.element-limit = 4096 (default)
2019-10-14 10:10:00,460 [3d28f5e7-ba98-4c32-b67b-ae65f1c8618f@group-6EB6C47BD974-LeaderElection11] INFO  server.RaftServerConfigKeys (ConfUtils.java:logGet(43)) - raft.server.watch.timeout = 10s (default)
2019-10-14 10:10:00,460 [3d28f5e7-ba98-4c32-b67b-ae65f1c8618f@group-6EB6C47BD974-LeaderElection11] INFO  server.RaftServerConfigKeys (ConfUtils.java:logGet(43)) - raft.server.watch.timeout.denomination = 1s (default)
2019-10-14 10:10:00,460 [3d28f5e7-ba98-4c32-b67b-ae65f1c8618f@group-6EB6C47BD974-LeaderElection11] INFO  server.RaftServerConfigKeys (ConfUtils.java:logGet(43)) - raft.server.watch.element-limit = 65536 (default)
2019-10-14 10:10:00,464 [3d28f5e7-ba98-4c32-b67b-ae65f1c8618f@group-6EB6C47BD974-LeaderElection11] INFO  server.RaftServerConfigKeys (ConfUtils.java:logGet(43)) - raft.server.log.appender.snapshot.chunk.size.max = 16MB (=16777216) (default)
2019-10-14 10:10:00,464 [3d28f5e7-ba98-4c32-b67b-ae65f1c8618f@group-6EB6C47BD974-LeaderElection11] INFO  server.RaftServerConfigKeys (ConfUtils.java:logGet(43)) - raft.server.log.appender.buffer.byte-limit = 33554432 (custom)
2019-10-14 10:10:00,464 [3d28f5e7-ba98-4c32-b67b-ae65f1c8618f@group-6EB6C47BD974-LeaderElection11] INFO  server.RaftServerConfigKeys (ConfUtils.java:logGet(43)) - raft.server.log.appender.buffer.element-limit = 1 (custom)
2019-10-14 10:10:00,464 [3d28f5e7-ba98-4c32-b67b-ae65f1c8618f@group-6EB6C47BD974-LeaderElection11] INFO  grpc.GrpcConfigKeys$Server (ConfUtils.java:logGet(43)) - raft.grpc.server.leader.outstanding.appends.max = 128 (default)
2019-10-14 10:10:00,464 [3d28f5e7-ba98-4c32-b67b-ae65f1c8618f@group-6EB6C47BD974-LeaderElection11] INFO  server.RaftServerConfigKeys (ConfUtils.java:logGet(43)) - raft.server.rpc.request.timeout = 3000ms (default)
2019-10-14 10:10:00,465 [3d28f5e7-ba98-4c32-b67b-ae65f1c8618f@group-6EB6C47BD974-LeaderElection11] INFO  server.RaftServerConfigKeys (ConfUtils.java:logGet(43)) - raft.server.log.appender.install.snapshot.enabled = false (custom)
2019-10-14 10:10:00,465 [3d28f5e7-ba98-4c32-b67b-ae65f1c8618f@group-6EB6C47BD974-LeaderElection11] INFO  server.RaftServerConfigKeys (ConfUtils.java:logGet(43)) - raft.server.log.appender.snapshot.chunk.size.max = 16MB (=16777216) (default)
2019-10-14 10:10:00,465 [3d28f5e7-ba98-4c32-b67b-ae65f1c8618f@group-6EB6C47BD974-LeaderElection11] INFO  server.RaftServerConfigKeys (ConfUtils.java:logGet(43)) - raft.server.log.appender.buffer.byte-limit = 33554432 (custom)
2019-10-14 10:10:00,465 [3d28f5e7-ba98-4c32-b67b-ae65f1c8618f@group-6EB6C47BD974-LeaderElection11] INFO  server.RaftServerConfigKeys (ConfUtils.java:logGet(43)) - raft.server.log.appender.buffer.element-limit = 1 (custom)
2019-10-14 10:10:00,465 [3d28f5e7-ba98-4c32-b67b-ae65f1c8618f@group-6EB6C47BD974-LeaderElection11] INFO  grpc.GrpcConfigKeys$Server (ConfUtils.java:logGet(43)) - raft.grpc.server.leader.outstanding.appends.max = 128 (default)
2019-10-14 10:10:00,466 [3d28f5e7-ba98-4c32-b67b-ae65f1c8618f@group-6EB6C47BD974-LeaderElection11] INFO  server.RaftServerConfigKeys (ConfUtils.java:logGet(43)) - raft.server.rpc.request.timeout = 3000ms (default)
2019-10-14 10:10:00,466 [3d28f5e7-ba98-4c32-b67b-ae65f1c8618f@group-6EB6C47BD974-LeaderElection11] INFO  server.RaftServerConfigKeys (ConfUtils.java:logGet(43)) - raft.server.log.appender.install.snapshot.enabled = false (custom)
2019-10-14 10:10:00,466 [3d28f5e7-ba98-4c32-b67b-ae65f1c8618f@group-6EB6C47BD974-LeaderElection11] INFO  impl.RoleInfo (RoleInfo.java:updateAndGet(143)) - 3d28f5e7-ba98-4c32-b67b-ae65f1c8618f: start LeaderState
2019-10-14 10:10:00,467 [3d28f5e7-ba98-4c32-b67b-ae65f1c8618f@group-6EB6C47BD974-LeaderElection11] INFO  segmented.SegmentedRaftLogWorker (SegmentedRaftLogWorker.java:rollLogSegment(390)) - 3d28f5e7-ba98-4c32-b67b-ae65f1c8618f@group-6EB6C47BD974-SegmentedRaftLogWorker: Rolling segment log-0_15 to index:15
2019-10-14 10:10:00,469 [3d28f5e7-ba98-4c32-b67b-ae65f1c8618f@group-6EB6C47BD974-LeaderElection11] INFO  impl.RaftServerImpl (ServerState.java:setRaftConf(356)) - 3d28f5e7-ba98-4c32-b67b-ae65f1c8618f@group-6EB6C47BD974: set configuration 16: [65a7bfda-34c2-405e-9399-a4fe92a2c009:192.168.5.145:45718, 3d28f5e7-ba98-4c32-b67b-ae65f1c8618f:192.168.5.145:40872, bdbe18bf-b28b-47c4-9f24-91cefe90c4da:192.168.5.145:42240], old=null at 16
2019-10-14 10:10:00,471 [3d28f5e7-ba98-4c32-b67b-ae65f1c8618f@group-6EB6C47BD974-SegmentedRaftLogWorker] INFO  segmented.SegmentedRaftLogWorker (SegmentedRaftLogWorker.java:execute(531)) - 3d28f5e7-ba98-4c32-b67b-ae65f1c8618f@group-6EB6C47BD974-SegmentedRaftLogWorker: Rolled log segment from /workdir/hadoop-ozone/integration-test/target/test-dir/MiniOzoneClusterImpl-e80b5651-725a-4ba3-ba65-a0af2f9a2c78/datanode-6/data/ratis/b9122365-0f16-4b09-b296-6eb6c47bd974/current/log_inprogress_0 to /workdir/hadoop-ozone/integration-test/target/test-dir/MiniOzoneClusterImpl-e80b5651-725a-4ba3-ba65-a0af2f9a2c78/datanode-6/data/ratis/b9122365-0f16-4b09-b296-6eb6c47bd974/current/log_0-15
2019-10-14 10:10:00,473 [grpc-default-executor-3] WARN  server.GrpcLogAppender (LogUtils.java:warn(134)) - 3d28f5e7-ba98-4c32-b67b-ae65f1c8618f@group-6EB6C47BD974->65a7bfda-34c2-405e-9399-a4fe92a2c009-AppendLogResponseHandler: Failed appendEntries: org.apache.ratis.thirdparty.io.grpc.StatusRuntimeException: UNAVAILABLE: io exception
2019-10-14 10:10:00,503 [grpc-default-executor-3] INFO  impl.FollowerInfo (FollowerInfo.java:lambda$new$0(51)) - 3d28f5e7-ba98-4c32-b67b-ae65f1c8618f@group-6EB6C47BD974->65a7bfda-34c2-405e-9399-a4fe92a2c009: nextIndex: updateUnconditionally 16 -> 1
2019-10-14 10:10:00,504 [grpc-default-executor-3] INFO  impl.RaftServerImpl (ServerState.java:setLeader(255)) - bdbe18bf-b28b-47c4-9f24-91cefe90c4da@group-6EB6C47BD974: change Leader from null to 3d28f5e7-ba98-4c32-b67b-ae65f1c8618f at term 2 for appendEntries, leader elected after 66ms
2019-10-14 10:10:00,509 [grpc-default-executor-3] INFO  impl.RaftServerImpl (ServerState.java:setRaftConf(356)) - bdbe18bf-b28b-47c4-9f24-91cefe90c4da@group-6EB6C47BD974: set configuration 16: [65a7bfda-34c2-405e-9399-a4fe92a2c009:192.168.5.145:45718, 3d28f5e7-ba98-4c32-b67b-ae65f1c8618f:192.168.5.145:40872, bdbe18bf-b28b-47c4-9f24-91cefe90c4da:192.168.5.145:42240], old=null at 16
2019-10-14 10:10:00,509 [grpc-default-executor-3] INFO  segmented.SegmentedRaftLogWorker (SegmentedRaftLogWorker.java:rollLogSegment(390)) - bdbe18bf-b28b-47c4-9f24-91cefe90c4da@group-6EB6C47BD974-SegmentedRaftLogWorker: Rolling segment log-0_15 to index:15
2019-10-14 10:10:00,510 [bdbe18bf-b28b-47c4-9f24-91cefe90c4da@group-6EB6C47BD974-SegmentedRaftLogWorker] INFO  segmented.SegmentedRaftLogWorker (SegmentedRaftLogWorker.java:execute(531)) - bdbe18bf-b28b-47c4-9f24-91cefe90c4da@group-6EB6C47BD974-SegmentedRaftLogWorker: Rolled log segment from /workdir/hadoop-ozone/integration-test/target/test-dir/MiniOzoneClusterImpl-e80b5651-725a-4ba3-ba65-a0af2f9a2c78/datanode-5/data/ratis/b9122365-0f16-4b09-b296-6eb6c47bd974/current/log_inprogress_0 to /workdir/hadoop-ozone/integration-test/target/test-dir/MiniOzoneClusterImpl-e80b5651-725a-4ba3-ba65-a0af2f9a2c78/datanode-5/data/ratis/b9122365-0f16-4b09-b296-6eb6c47bd974/current/log_0-15
2019-10-14 10:10:00,517 [3d28f5e7-ba98-4c32-b67b-ae65f1c8618f@group-6EB6C47BD974-SegmentedRaftLogWorker] INFO  segmented.SegmentedRaftLogWorker (SegmentedRaftLogWorker.java:execute(574)) - 3d28f5e7-ba98-4c32-b67b-ae65f1c8618f@group-6EB6C47BD974-SegmentedRaftLogWorker: created new log segment /workdir/hadoop-ozone/integration-test/target/test-dir/MiniOzoneClusterImpl-e80b5651-725a-4ba3-ba65-a0af2f9a2c78/datanode-6/data/ratis/b9122365-0f16-4b09-b296-6eb6c47bd974/current/log_inprogress_16
2019-10-14 10:10:00,551 [bdbe18bf-b28b-47c4-9f24-91cefe90c4da@group-6EB6C47BD974-SegmentedRaftLogWorker] INFO  segmented.SegmentedRaftLogWorker (SegmentedRaftLogWorker.java:execute(574)) - bdbe18bf-b28b-47c4-9f24-91cefe90c4da@group-6EB6C47BD974-SegmentedRaftLogWorker: created new log segment /workdir/hadoop-ozone/integration-test/target/test-dir/MiniOzoneClusterImpl-e80b5651-725a-4ba3-ba65-a0af2f9a2c78/datanode-5/data/ratis/b9122365-0f16-4b09-b296-6eb6c47bd974/current/log_inprogress_16
2019-10-14 10:10:00,576 [Thread-315] INFO  impl.FollowerState (FollowerState.java:run(108)) - 73f79e80-ae09-4d07-84c1-6a2068a5e547@group-F961D3E20C84-FollowerState: change to CANDIDATE, lastRpcTime:7016ms, electionTimeout:5104ms
2019-10-14 10:10:00,577 [Thread-315] INFO  impl.RoleInfo (RoleInfo.java:shutdownFollowerState(121)) - 73f79e80-ae09-4d07-84c1-6a2068a5e547: shutdown FollowerState
2019-10-14 10:10:00,577 [Thread-315] INFO  impl.RaftServerImpl (RaftServerImpl.java:setRole(170)) - 73f79e80-ae09-4d07-84c1-6a2068a5e547@group-F961D3E20C84: changes role from  FOLLOWER to CANDIDATE at term 1 for changeToCandidate
2019-10-14 10:10:00,577 [Thread-315] INFO  impl.RoleInfo (RoleInfo.java:updateAndGet(143)) - 73f79e80-ae09-4d07-84c1-6a2068a5e547: start LeaderElection
2019-10-14 10:10:00,579 [73f79e80-ae09-4d07-84c1-6a2068a5e547@group-F961D3E20C84-LeaderElection12] INFO  impl.RaftServerImpl (ServerState.java:setLeader(255)) - 73f79e80-ae09-4d07-84c1-6a2068a5e547@group-F961D3E20C84: change Leader from 30733371-5fe2-4df7-9630-6aee27a201ad to null at term 1 for initElection
2019-10-14 10:10:00,582 [73f79e80-ae09-4d07-84c1-6a2068a5e547@group-F961D3E20C84-LeaderElection12] INFO  impl.LeaderElection (LeaderElection.java:askForVotes(178)) - 73f79e80-ae09-4d07-84c1-6a2068a5e547@group-F961D3E20C84-LeaderElection12: begin an election at term 2 for 0: [30733371-5fe2-4df7-9630-6aee27a201ad:192.168.5.145:34156, 73f79e80-ae09-4d07-84c1-6a2068a5e547:192.168.5.145:37261, 46eddc03-a99b-42b6-84bc-832a7f6ef5a9:192.168.5.145:42988], old=null
2019-10-14 10:10:00,585 [73f79e80-ae09-4d07-84c1-6a2068a5e547@group-F961D3E20C84-LeaderElection12] INFO  impl.LeaderElection (LogUtils.java:infoOrTrace(149)) - 73f79e80-ae09-4d07-84c1-6a2068a5e547@group-F961D3E20C84-LeaderElection12 got exception when requesting votes: {}
java.util.concurrent.ExecutionException: org.apache.ratis.thirdparty.io.grpc.StatusRuntimeException: UNAVAILABLE: io exception
	at java.util.concurrent.FutureTask.report(FutureTask.java:122)
	at java.util.concurrent.FutureTask.get(FutureTask.java:192)
	at org.apache.ratis.server.impl.LeaderElection.waitForResults(LeaderElection.java:259)
	at org.apache.ratis.server.impl.LeaderElection.askForVotes(LeaderElection.java:197)
	at org.apache.ratis.server.impl.LeaderElection.run(LeaderElection.java:133)
	at java.lang.Thread.run(Thread.java:748)
Caused by: org.apache.ratis.thirdparty.io.grpc.StatusRuntimeException: UNAVAILABLE: io exception
	at org.apache.ratis.thirdparty.io.grpc.stub.ClientCalls.toStatusRuntimeException(ClientCalls.java:233)
	at org.apache.ratis.thirdparty.io.grpc.stub.ClientCalls.getUnchecked(ClientCalls.java:214)
	at org.apache.ratis.thirdparty.io.grpc.stub.ClientCalls.blockingUnaryCall(ClientCalls.java:139)
	at org.apache.ratis.proto.grpc.RaftServerProtocolServiceGrpc$RaftServerProtocolServiceBlockingStub.requestVote(RaftServerProtocolServiceGrpc.java:265)
	at org.apache.ratis.grpc.server.GrpcServerProtocolClient.requestVote(GrpcServerProtocolClient.java:99)
	at org.apache.ratis.grpc.server.GrpcService.requestVote(GrpcService.java:204)
	at org.apache.ratis.server.impl.LeaderElection.lambda$submitRequests$1(LeaderElection.java:234)
	at java.util.concurrent.FutureTask.run(FutureTask.java:266)
	at java.util.concurrent.Executors$RunnableAdapter.call(Executors.java:511)
	at java.util.concurrent.FutureTask.run(FutureTask.java:266)
	at java.util.concurrent.ThreadPoolExecutor.runWorker(ThreadPoolExecutor.java:1149)
	at java.util.concurrent.ThreadPoolExecutor$Worker.run(ThreadPoolExecutor.java:624)
	... 1 more
Caused by: org.apache.ratis.thirdparty.io.netty.channel.AbstractChannel$AnnotatedConnectException: Connection refused: /192.168.5.145:42988
	at sun.nio.ch.SocketChannelImpl.checkConnect(Native Method)
	at sun.nio.ch.SocketChannelImpl.finishConnect(SocketChannelImpl.java:717)
	at org.apache.ratis.thirdparty.io.netty.channel.socket.nio.NioSocketChannel.doFinishConnect(NioSocketChannel.java:327)
	at org.apache.ratis.thirdparty.io.netty.channel.nio.AbstractNioChannel$AbstractNioUnsafe.finishConnect(AbstractNioChannel.java:340)
	at org.apache.ratis.thirdparty.io.netty.channel.nio.NioEventLoop.processSelectedKey(NioEventLoop.java:632)
	at org.apache.ratis.thirdparty.io.netty.channel.nio.NioEventLoop.processSelectedKeysOptimized(NioEventLoop.java:579)
	at org.apache.ratis.thirdparty.io.netty.channel.nio.NioEventLoop.processSelectedKeys(NioEventLoop.java:496)
	at org.apache.ratis.thirdparty.io.netty.channel.nio.NioEventLoop.run(NioEventLoop.java:458)
	at org.apache.ratis.thirdparty.io.netty.util.concurrent.SingleThreadEventExecutor$5.run(SingleThreadEventExecutor.java:897)
	at org.apache.ratis.thirdparty.io.netty.util.concurrent.FastThreadLocalRunnable.run(FastThreadLocalRunnable.java:30)
	... 1 more
Caused by: java.net.ConnectException: Connection refused
	... 11 more
2019-10-14 10:10:00,588 [73f79e80-ae09-4d07-84c1-6a2068a5e547@group-F961D3E20C84-LeaderElection12] INFO  impl.LeaderElection (LogUtils.java:infoOrTrace(149)) - 73f79e80-ae09-4d07-84c1-6a2068a5e547@group-F961D3E20C84-LeaderElection12 got exception when requesting votes: {}
java.util.concurrent.ExecutionException: org.apache.ratis.thirdparty.io.grpc.StatusRuntimeException: UNAVAILABLE: io exception
	at java.util.concurrent.FutureTask.report(FutureTask.java:122)
	at java.util.concurrent.FutureTask.get(FutureTask.java:192)
	at org.apache.ratis.server.impl.LeaderElection.waitForResults(LeaderElection.java:259)
	at org.apache.ratis.server.impl.LeaderElection.askForVotes(LeaderElection.java:197)
	at org.apache.ratis.server.impl.LeaderElection.run(LeaderElection.java:133)
	at java.lang.Thread.run(Thread.java:748)
Caused by: org.apache.ratis.thirdparty.io.grpc.StatusRuntimeException: UNAVAILABLE: io exception
	at org.apache.ratis.thirdparty.io.grpc.stub.ClientCalls.toStatusRuntimeException(ClientCalls.java:233)
	at org.apache.ratis.thirdparty.io.grpc.stub.ClientCalls.getUnchecked(ClientCalls.java:214)
	at org.apache.ratis.thirdparty.io.grpc.stub.ClientCalls.blockingUnaryCall(ClientCalls.java:139)
	at org.apache.ratis.proto.grpc.RaftServerProtocolServiceGrpc$RaftServerProtocolServiceBlockingStub.requestVote(RaftServerProtocolServiceGrpc.java:265)
	at org.apache.ratis.grpc.server.GrpcServerProtocolClient.requestVote(GrpcServerProtocolClient.java:99)
	at org.apache.ratis.grpc.server.GrpcService.requestVote(GrpcService.java:204)
	at org.apache.ratis.server.impl.LeaderElection.lambda$submitRequests$1(LeaderElection.java:234)
	at java.util.concurrent.FutureTask.run(FutureTask.java:266)
	at java.util.concurrent.Executors$RunnableAdapter.call(Executors.java:511)
	at java.util.concurrent.FutureTask.run(FutureTask.java:266)
	at java.util.concurrent.ThreadPoolExecutor.runWorker(ThreadPoolExecutor.java:1149)
	at java.util.concurrent.ThreadPoolExecutor$Worker.run(ThreadPoolExecutor.java:624)
	... 1 more
Caused by: org.apache.ratis.thirdparty.io.netty.channel.AbstractChannel$AnnotatedConnectException: Connection refused: /192.168.5.145:34156
	at sun.nio.ch.SocketChannelImpl.checkConnect(Native Method)
	at sun.nio.ch.SocketChannelImpl.finishConnect(SocketChannelImpl.java:717)
	at org.apache.ratis.thirdparty.io.netty.channel.socket.nio.NioSocketChannel.doFinishConnect(NioSocketChannel.java:327)
	at org.apache.ratis.thirdparty.io.netty.channel.nio.AbstractNioChannel$AbstractNioUnsafe.finishConnect(AbstractNioChannel.java:340)
	at org.apache.ratis.thirdparty.io.netty.channel.nio.NioEventLoop.processSelectedKey(NioEventLoop.java:632)
	at org.apache.ratis.thirdparty.io.netty.channel.nio.NioEventLoop.processSelectedKeysOptimized(NioEventLoop.java:579)
	at org.apache.ratis.thirdparty.io.netty.channel.nio.NioEventLoop.processSelectedKeys(NioEventLoop.java:496)
	at org.apache.ratis.thirdparty.io.netty.channel.nio.NioEventLoop.run(NioEventLoop.java:458)
	at org.apache.ratis.thirdparty.io.netty.util.concurrent.SingleThreadEventExecutor$5.run(SingleThreadEventExecutor.java:897)
	at org.apache.ratis.thirdparty.io.netty.util.concurrent.FastThreadLocalRunnable.run(FastThreadLocalRunnable.java:30)
	... 1 more
Caused by: java.net.ConnectException: Connection refused
	... 11 more
2019-10-14 10:10:00,591 [73f79e80-ae09-4d07-84c1-6a2068a5e547@group-F961D3E20C84-LeaderElection12] INFO  impl.LeaderElection (LeaderElection.java:logAndReturn(56)) - 73f79e80-ae09-4d07-84c1-6a2068a5e547@group-F961D3E20C84-LeaderElection12: Election REJECTED; received 0 response(s) [] and 2 exception(s); 73f79e80-ae09-4d07-84c1-6a2068a5e547@group-F961D3E20C84:t2, leader=null, voted=73f79e80-ae09-4d07-84c1-6a2068a5e547, raftlog=73f79e80-ae09-4d07-84c1-6a2068a5e547@group-F961D3E20C84-SegmentedRaftLog:OPENED:c4,f4,i4, conf=0: [30733371-5fe2-4df7-9630-6aee27a201ad:192.168.5.145:34156, 73f79e80-ae09-4d07-84c1-6a2068a5e547:192.168.5.145:37261, 46eddc03-a99b-42b6-84bc-832a7f6ef5a9:192.168.5.145:42988], old=null
2019-10-14 10:10:00,592 [73f79e80-ae09-4d07-84c1-6a2068a5e547@group-F961D3E20C84-LeaderElection12] INFO  impl.LeaderElection (LogUtils.java:infoOrTrace(149)) -   Exception 0: {}
java.util.concurrent.ExecutionException: org.apache.ratis.thirdparty.io.grpc.StatusRuntimeException: UNAVAILABLE: io exception
	at java.util.concurrent.FutureTask.report(FutureTask.java:122)
	at java.util.concurrent.FutureTask.get(FutureTask.java:192)
	at org.apache.ratis.server.impl.LeaderElection.waitForResults(LeaderElection.java:259)
	at org.apache.ratis.server.impl.LeaderElection.askForVotes(LeaderElection.java:197)
	at org.apache.ratis.server.impl.LeaderElection.run(LeaderElection.java:133)
	at java.lang.Thread.run(Thread.java:748)
Caused by: org.apache.ratis.thirdparty.io.grpc.StatusRuntimeException: UNAVAILABLE: io exception
	at org.apache.ratis.thirdparty.io.grpc.stub.ClientCalls.toStatusRuntimeException(ClientCalls.java:233)
	at org.apache.ratis.thirdparty.io.grpc.stub.ClientCalls.getUnchecked(ClientCalls.java:214)
	at org.apache.ratis.thirdparty.io.grpc.stub.ClientCalls.blockingUnaryCall(ClientCalls.java:139)
	at org.apache.ratis.proto.grpc.RaftServerProtocolServiceGrpc$RaftServerProtocolServiceBlockingStub.requestVote(RaftServerProtocolServiceGrpc.java:265)
	at org.apache.ratis.grpc.server.GrpcServerProtocolClient.requestVote(GrpcServerProtocolClient.java:99)
	at org.apache.ratis.grpc.server.GrpcService.requestVote(GrpcService.java:204)
	at org.apache.ratis.server.impl.LeaderElection.lambda$submitRequests$1(LeaderElection.java:234)
	at java.util.concurrent.FutureTask.run(FutureTask.java:266)
	at java.util.concurrent.Executors$RunnableAdapter.call(Executors.java:511)
	at java.util.concurrent.FutureTask.run(FutureTask.java:266)
	at java.util.concurrent.ThreadPoolExecutor.runWorker(ThreadPoolExecutor.java:1149)
	at java.util.concurrent.ThreadPoolExecutor$Worker.run(ThreadPoolExecutor.java:624)
	... 1 more
Caused by: org.apache.ratis.thirdparty.io.netty.channel.AbstractChannel$AnnotatedConnectException: Connection refused: /192.168.5.145:42988
	at sun.nio.ch.SocketChannelImpl.checkConnect(Native Method)
	at sun.nio.ch.SocketChannelImpl.finishConnect(SocketChannelImpl.java:717)
	at org.apache.ratis.thirdparty.io.netty.channel.socket.nio.NioSocketChannel.doFinishConnect(NioSocketChannel.java:327)
	at org.apache.ratis.thirdparty.io.netty.channel.nio.AbstractNioChannel$AbstractNioUnsafe.finishConnect(AbstractNioChannel.java:340)
	at org.apache.ratis.thirdparty.io.netty.channel.nio.NioEventLoop.processSelectedKey(NioEventLoop.java:632)
	at org.apache.ratis.thirdparty.io.netty.channel.nio.NioEventLoop.processSelectedKeysOptimized(NioEventLoop.java:579)
	at org.apache.ratis.thirdparty.io.netty.channel.nio.NioEventLoop.processSelectedKeys(NioEventLoop.java:496)
	at org.apache.ratis.thirdparty.io.netty.channel.nio.NioEventLoop.run(NioEventLoop.java:458)
	at org.apache.ratis.thirdparty.io.netty.util.concurrent.SingleThreadEventExecutor$5.run(SingleThreadEventExecutor.java:897)
	at org.apache.ratis.thirdparty.io.netty.util.concurrent.FastThreadLocalRunnable.run(FastThreadLocalRunnable.java:30)
	... 1 more
Caused by: java.net.ConnectException: Connection refused
	... 11 more
2019-10-14 10:10:00,592 [73f79e80-ae09-4d07-84c1-6a2068a5e547@group-F961D3E20C84-LeaderElection12] INFO  impl.LeaderElection (LogUtils.java:infoOrTrace(149)) -   Exception 1: {}
java.util.concurrent.ExecutionException: org.apache.ratis.thirdparty.io.grpc.StatusRuntimeException: UNAVAILABLE: io exception
	at java.util.concurrent.FutureTask.report(FutureTask.java:122)
	at java.util.concurrent.FutureTask.get(FutureTask.java:192)
	at org.apache.ratis.server.impl.LeaderElection.waitForResults(LeaderElection.java:259)
	at org.apache.ratis.server.impl.LeaderElection.askForVotes(LeaderElection.java:197)
	at org.apache.ratis.server.impl.LeaderElection.run(LeaderElection.java:133)
	at java.lang.Thread.run(Thread.java:748)
Caused by: org.apache.ratis.thirdparty.io.grpc.StatusRuntimeException: UNAVAILABLE: io exception
	at org.apache.ratis.thirdparty.io.grpc.stub.ClientCalls.toStatusRuntimeException(ClientCalls.java:233)
	at org.apache.ratis.thirdparty.io.grpc.stub.ClientCalls.getUnchecked(ClientCalls.java:214)
	at org.apache.ratis.thirdparty.io.grpc.stub.ClientCalls.blockingUnaryCall(ClientCalls.java:139)
	at org.apache.ratis.proto.grpc.RaftServerProtocolServiceGrpc$RaftServerProtocolServiceBlockingStub.requestVote(RaftServerProtocolServiceGrpc.java:265)
	at org.apache.ratis.grpc.server.GrpcServerProtocolClient.requestVote(GrpcServerProtocolClient.java:99)
	at org.apache.ratis.grpc.server.GrpcService.requestVote(GrpcService.java:204)
	at org.apache.ratis.server.impl.LeaderElection.lambda$submitRequests$1(LeaderElection.java:234)
	at java.util.concurrent.FutureTask.run(FutureTask.java:266)
	at java.util.concurrent.Executors$RunnableAdapter.call(Executors.java:511)
	at java.util.concurrent.FutureTask.run(FutureTask.java:266)
	at java.util.concurrent.ThreadPoolExecutor.runWorker(ThreadPoolExecutor.java:1149)
	at java.util.concurrent.ThreadPoolExecutor$Worker.run(ThreadPoolExecutor.java:624)
	... 1 more
Caused by: org.apache.ratis.thirdparty.io.netty.channel.AbstractChannel$AnnotatedConnectException: Connection refused: /192.168.5.145:34156
	at sun.nio.ch.SocketChannelImpl.checkConnect(Native Method)
	at sun.nio.ch.SocketChannelImpl.finishConnect(SocketChannelImpl.java:717)
	at org.apache.ratis.thirdparty.io.netty.channel.socket.nio.NioSocketChannel.doFinishConnect(NioSocketChannel.java:327)
	at org.apache.ratis.thirdparty.io.netty.channel.nio.AbstractNioChannel$AbstractNioUnsafe.finishConnect(AbstractNioChannel.java:340)
	at org.apache.ratis.thirdparty.io.netty.channel.nio.NioEventLoop.processSelectedKey(NioEventLoop.java:632)
	at org.apache.ratis.thirdparty.io.netty.channel.nio.NioEventLoop.processSelectedKeysOptimized(NioEventLoop.java:579)
	at org.apache.ratis.thirdparty.io.netty.channel.nio.NioEventLoop.processSelectedKeys(NioEventLoop.java:496)
	at org.apache.ratis.thirdparty.io.netty.channel.nio.NioEventLoop.run(NioEventLoop.java:458)
	at org.apache.ratis.thirdparty.io.netty.util.concurrent.SingleThreadEventExecutor$5.run(SingleThreadEventExecutor.java:897)
	at org.apache.ratis.thirdparty.io.netty.util.concurrent.FastThreadLocalRunnable.run(FastThreadLocalRunnable.java:30)
	... 1 more
Caused by: java.net.ConnectException: Connection refused
	... 11 more
2019-10-14 10:10:00,594 [73f79e80-ae09-4d07-84c1-6a2068a5e547@group-F961D3E20C84-LeaderElection12] INFO  impl.RaftServerImpl (RaftServerImpl.java:setRole(170)) - 73f79e80-ae09-4d07-84c1-6a2068a5e547@group-F961D3E20C84: changes role from CANDIDATE to FOLLOWER at term 2 for DISCOVERED_A_NEW_TERM
2019-10-14 10:10:00,595 [73f79e80-ae09-4d07-84c1-6a2068a5e547@group-F961D3E20C84-LeaderElection12] INFO  impl.RoleInfo (RoleInfo.java:shutdownLeaderElection(134)) - 73f79e80-ae09-4d07-84c1-6a2068a5e547: shutdown LeaderElection
2019-10-14 10:10:00,595 [73f79e80-ae09-4d07-84c1-6a2068a5e547@group-F961D3E20C84-LeaderElection12] INFO  impl.RoleInfo (RoleInfo.java:updateAndGet(143)) - 73f79e80-ae09-4d07-84c1-6a2068a5e547: start FollowerState
2019-10-14 10:10:00,618 [grpc-default-executor-4] WARN  server.GrpcLogAppender (LogUtils.java:warn(134)) - 3d28f5e7-ba98-4c32-b67b-ae65f1c8618f@group-6EB6C47BD974->65a7bfda-34c2-405e-9399-a4fe92a2c009-AppendLogResponseHandler: Failed appendEntries: org.apache.ratis.thirdparty.io.grpc.StatusRuntimeException: UNAVAILABLE: io exception
2019-10-14 10:10:00,621 [grpc-default-executor-4] INFO  impl.FollowerInfo (FollowerInfo.java:lambda$new$0(51)) - 3d28f5e7-ba98-4c32-b67b-ae65f1c8618f@group-6EB6C47BD974->65a7bfda-34c2-405e-9399-a4fe92a2c009: nextIndex: updateUnconditionally 2 -> 1
2019-10-14 10:10:03,122 [grpc-default-executor-3] WARN  server.GrpcLogAppender (LogUtils.java:warn(134)) - 3d28f5e7-ba98-4c32-b67b-ae65f1c8618f@group-6EB6C47BD974->65a7bfda-34c2-405e-9399-a4fe92a2c009-AppendLogResponseHandler: Failed appendEntries: org.apache.ratis.thirdparty.io.grpc.StatusRuntimeException: UNAVAILABLE: io exception
2019-10-14 10:10:03,124 [grpc-default-executor-3] INFO  impl.FollowerInfo (FollowerInfo.java:lambda$new$0(51)) - 3d28f5e7-ba98-4c32-b67b-ae65f1c8618f@group-6EB6C47BD974->65a7bfda-34c2-405e-9399-a4fe92a2c009: nextIndex: updateUnconditionally 1 -> 0
2019-10-14 10:10:03,556 [EventQueue-StaleNodeForStaleNodeHandler] INFO  node.StaleNodeHandler (StaleNodeHandler.java:onMessage(58)) - Datanode 73f79e80-ae09-4d07-84c1-6a2068a5e547{ip: 192.168.5.145, host: pr-hdds-2297-rpftj-184604365, networkLocation: /default-rack, certSerialId: null} moved to stale state. Finalizing its pipelines [PipelineID=b5e2b8bd-a58c-40ed-9ef6-6ebdefa99be4, PipelineID=69188276-ba76-4164-ae41-f961d3e20c84]
2019-10-14 10:10:03,556 [EventQueue-StaleNodeForStaleNodeHandler] INFO  pipeline.SCMPipelineManager (SCMPipelineManager.java:finalizeAndDestroyPipeline(315)) - destroying pipeline:Pipeline[ Id: b5e2b8bd-a58c-40ed-9ef6-6ebdefa99be4, Nodes: 73f79e80-ae09-4d07-84c1-6a2068a5e547{ip: 192.168.5.145, host: pr-hdds-2297-rpftj-184604365, networkLocation: /default-rack, certSerialId: null}, Type:RATIS, Factor:ONE, State:OPEN]
2019-10-14 10:10:03,556 [EventQueue-StaleNodeForStaleNodeHandler] INFO  pipeline.PipelineStateManager (PipelineStateManager.java:finalizePipeline(123)) - Pipeline Pipeline[ Id: b5e2b8bd-a58c-40ed-9ef6-6ebdefa99be4, Nodes: 73f79e80-ae09-4d07-84c1-6a2068a5e547{ip: 192.168.5.145, host: pr-hdds-2297-rpftj-184604365, networkLocation: /default-rack, certSerialId: null}, Type:RATIS, Factor:ONE, State:CLOSED] moved to CLOSED state
2019-10-14 10:10:03,556 [EventQueue-StaleNodeForStaleNodeHandler] INFO  pipeline.SCMPipelineManager (SCMPipelineManager.java:finalizeAndDestroyPipeline(315)) - destroying pipeline:Pipeline[ Id: 69188276-ba76-4164-ae41-f961d3e20c84, Nodes: 46eddc03-a99b-42b6-84bc-832a7f6ef5a9{ip: 192.168.5.145, host: pr-hdds-2297-rpftj-184604365, networkLocation: /default-rack, certSerialId: null}30733371-5fe2-4df7-9630-6aee27a201ad{ip: 192.168.5.145, host: pr-hdds-2297-rpftj-184604365, networkLocation: /default-rack, certSerialId: null}73f79e80-ae09-4d07-84c1-6a2068a5e547{ip: 192.168.5.145, host: pr-hdds-2297-rpftj-184604365, networkLocation: /default-rack, certSerialId: null}, Type:RATIS, Factor:THREE, State:CLOSED]
2019-10-14 10:10:03,856 [EventQueue-StaleNodeForStaleNodeHandler] INFO  node.StaleNodeHandler (StaleNodeHandler.java:onMessage(58)) - Datanode 3d28f5e7-ba98-4c32-b67b-ae65f1c8618f{ip: 192.168.5.145, host: pr-hdds-2297-rpftj-184604365, networkLocation: /default-rack, certSerialId: null} moved to stale state. Finalizing its pipelines [PipelineID=8e96739c-5cc0-48d7-b16d-9492d0d2da03, PipelineID=b9122365-0f16-4b09-b296-6eb6c47bd974]
2019-10-14 10:10:03,856 [EventQueue-StaleNodeForStaleNodeHandler] INFO  pipeline.SCMPipelineManager (SCMPipelineManager.java:finalizeAndDestroyPipeline(315)) - destroying pipeline:Pipeline[ Id: 8e96739c-5cc0-48d7-b16d-9492d0d2da03, Nodes: 3d28f5e7-ba98-4c32-b67b-ae65f1c8618f{ip: 192.168.5.145, host: pr-hdds-2297-rpftj-184604365, networkLocation: /default-rack, certSerialId: null}, Type:RATIS, Factor:ONE, State:OPEN]
2019-10-14 10:10:03,857 [EventQueue-StaleNodeForStaleNodeHandler] INFO  pipeline.PipelineStateManager (PipelineStateManager.java:finalizePipeline(123)) - Pipeline Pipeline[ Id: 8e96739c-5cc0-48d7-b16d-9492d0d2da03, Nodes: 3d28f5e7-ba98-4c32-b67b-ae65f1c8618f{ip: 192.168.5.145, host: pr-hdds-2297-rpftj-184604365, networkLocation: /default-rack, certSerialId: null}, Type:RATIS, Factor:ONE, State:CLOSED] moved to CLOSED state
2019-10-14 10:10:03,857 [EventQueue-StaleNodeForStaleNodeHandler] INFO  pipeline.SCMPipelineManager (SCMPipelineManager.java:finalizeAndDestroyPipeline(315)) - destroying pipeline:Pipeline[ Id: b9122365-0f16-4b09-b296-6eb6c47bd974, Nodes: 3d28f5e7-ba98-4c32-b67b-ae65f1c8618f{ip: 192.168.5.145, host: pr-hdds-2297-rpftj-184604365, networkLocation: /default-rack, certSerialId: null}65a7bfda-34c2-405e-9399-a4fe92a2c009{ip: 192.168.5.145, host: pr-hdds-2297-rpftj-184604365, networkLocation: /default-rack, certSerialId: null}bdbe18bf-b28b-47c4-9f24-91cefe90c4da{ip: 192.168.5.145, host: pr-hdds-2297-rpftj-184604365, networkLocation: /default-rack, certSerialId: null}, Type:RATIS, Factor:THREE, State:CLOSED]
2019-10-14 10:10:04,014 [ForkJoinPool.commonPool-worker-1] INFO  ozoneimpl.OzoneContainer (OzoneContainer.java:stop(227)) - Attempting to stop container services.
2019-10-14 10:10:04,016 [ForkJoinPool.commonPool-worker-1] INFO  impl.RaftServerProxy (RaftServerProxy.java:lambda$close$4(314)) - 73f79e80-ae09-4d07-84c1-6a2068a5e547: close
2019-10-14 10:10:04,016 [ForkJoinPool.commonPool-worker-1] INFO  impl.RaftServerImpl (RaftServerImpl.java:lambda$shutdown$3(247)) - 73f79e80-ae09-4d07-84c1-6a2068a5e547@group-6EBDEFA99BE4: shutdown
2019-10-14 10:10:04,017 [ForkJoinPool.commonPool-worker-1] INFO  util.JmxRegister (JmxRegister.java:unregister(73)) - Successfully un-registered JMX Bean with object name Ratis:service=RaftServer,group=group-6EBDEFA99BE4,id=73f79e80-ae09-4d07-84c1-6a2068a5e547
2019-10-14 10:10:04,017 [ForkJoinPool.commonPool-worker-1] INFO  impl.RoleInfo (RoleInfo.java:shutdownLeaderState(104)) - 73f79e80-ae09-4d07-84c1-6a2068a5e547: shutdown LeaderState
2019-10-14 10:10:04,017 [ForkJoinPool.commonPool-worker-1] INFO  impl.PendingRequests (PendingRequests.java:sendNotLeaderResponses(202)) - 73f79e80-ae09-4d07-84c1-6a2068a5e547@group-6EBDEFA99BE4-PendingRequests: sendNotLeaderResponses
2019-10-14 10:10:04,018 [ForkJoinPool.commonPool-worker-1] INFO  impl.StateMachineUpdater (StateMachineUpdater.java:stopAndJoin(136)) - 73f79e80-ae09-4d07-84c1-6a2068a5e547@group-6EBDEFA99BE4-StateMachineUpdater: set stopIndex = 0
2019-10-14 10:10:04,018 [ForkJoinPool.commonPool-worker-1] INFO  impl.RaftServerImpl (ServerState.java:close(387)) - 73f79e80-ae09-4d07-84c1-6a2068a5e547@group-6EBDEFA99BE4: closes. applyIndex: 0
2019-10-14 10:10:04,019 [73f79e80-ae09-4d07-84c1-6a2068a5e547@group-6EBDEFA99BE4-SegmentedRaftLogWorker] INFO  segmented.SegmentedRaftLogWorker (SegmentedRaftLogWorker.java:run(316)) - 73f79e80-ae09-4d07-84c1-6a2068a5e547@group-6EBDEFA99BE4-SegmentedRaftLogWorker was interrupted, exiting. There are 0 tasks remaining in the queue.
2019-10-14 10:10:04,022 [ForkJoinPool.commonPool-worker-1] INFO  segmented.SegmentedRaftLogWorker (SegmentedRaftLogWorker.java:close(224)) - 73f79e80-ae09-4d07-84c1-6a2068a5e547@group-6EBDEFA99BE4-SegmentedRaftLogWorker close()
2019-10-14 10:10:04,025 [ForkJoinPool.commonPool-worker-1] INFO  impl.RaftServerImpl (RaftServerImpl.java:lambda$shutdown$3(247)) - 73f79e80-ae09-4d07-84c1-6a2068a5e547@group-F961D3E20C84: shutdown
2019-10-14 10:10:04,025 [ForkJoinPool.commonPool-worker-1] INFO  util.JmxRegister (JmxRegister.java:unregister(73)) - Successfully un-registered JMX Bean with object name Ratis:service=RaftServer,group=group-F961D3E20C84,id=73f79e80-ae09-4d07-84c1-6a2068a5e547
2019-10-14 10:10:04,026 [ForkJoinPool.commonPool-worker-1] INFO  impl.RoleInfo (RoleInfo.java:shutdownFollowerState(121)) - 73f79e80-ae09-4d07-84c1-6a2068a5e547: shutdown FollowerState
2019-10-14 10:10:04,026 [ForkJoinPool.commonPool-worker-1] INFO  impl.StateMachineUpdater (StateMachineUpdater.java:stopAndJoin(136)) - 73f79e80-ae09-4d07-84c1-6a2068a5e547@group-F961D3E20C84-StateMachineUpdater: set stopIndex = 4
2019-10-14 10:10:04,026 [73f79e80-ae09-4d07-84c1-6a2068a5e547@group-F961D3E20C84-StateMachineUpdater] INFO  ratis.ContainerStateMachine (ContainerStateMachine.java:takeSnapshot(294)) - group-F961D3E20C84: Taking a snapshot at:(t:1, i:3) file /workdir/hadoop-ozone/integration-test/target/test-dir/MiniOzoneClusterImpl-e80b5651-725a-4ba3-ba65-a0af2f9a2c78/datanode-0/data/ratis/69188276-ba76-4164-ae41-f961d3e20c84/sm/snapshot.1_3
2019-10-14 10:10:04,026 [Thread-433] INFO  impl.FollowerState (FollowerState.java:run(117)) - 73f79e80-ae09-4d07-84c1-6a2068a5e547@group-F961D3E20C84-FollowerState was interrupted: java.lang.InterruptedException: sleep interrupted
2019-10-14 10:10:04,041 [main] INFO  ozoneimpl.OzoneContainer (OzoneContainer.java:stop(227)) - Attempting to stop container services.
2019-10-14 10:10:04,041 [73f79e80-ae09-4d07-84c1-6a2068a5e547@group-F961D3E20C84-StateMachineUpdater] INFO  ratis.ContainerStateMachine (ContainerStateMachine.java:takeSnapshot(305)) - group-F961D3E20C84: Finished taking a snapshot at:(t:1, i:3) file:/workdir/hadoop-ozone/integration-test/target/test-dir/MiniOzoneClusterImpl-e80b5651-725a-4ba3-ba65-a0af2f9a2c78/datanode-0/data/ratis/69188276-ba76-4164-ae41-f961d3e20c84/sm/snapshot.1_3 time:15
2019-10-14 10:10:04,042 [main] INFO  impl.RaftServerProxy (RaftServerProxy.java:lambda$close$4(314)) - 3d28f5e7-ba98-4c32-b67b-ae65f1c8618f: close
2019-10-14 10:10:04,042 [73f79e80-ae09-4d07-84c1-6a2068a5e547@group-F961D3E20C84-StateMachineUpdater] INFO  impl.StateMachineUpdater (StateMachineUpdater.java:takeSnapshot(269)) - 73f79e80-ae09-4d07-84c1-6a2068a5e547@group-F961D3E20C84-StateMachineUpdater: Took a snapshot at index 3
2019-10-14 10:10:04,042 [main] INFO  impl.RaftServerImpl (RaftServerImpl.java:lambda$shutdown$3(247)) - 3d28f5e7-ba98-4c32-b67b-ae65f1c8618f@group-9492D0D2DA03: shutdown
2019-10-14 10:10:04,042 [73f79e80-ae09-4d07-84c1-6a2068a5e547@group-F961D3E20C84-StateMachineUpdater] INFO  impl.StateMachineUpdater (StateMachineUpdater.java:lambda$new$0(84)) - 73f79e80-ae09-4d07-84c1-6a2068a5e547@group-F961D3E20C84-StateMachineUpdater: snapshotIndex: updateIncreasingly -1 -> 3
2019-10-14 10:10:04,043 [main] INFO  util.JmxRegister (JmxRegister.java:unregister(73)) - Successfully un-registered JMX Bean with object name Ratis:service=RaftServer,group=group-9492D0D2DA03,id=3d28f5e7-ba98-4c32-b67b-ae65f1c8618f
2019-10-14 10:10:04,043 [main] INFO  impl.RoleInfo (RoleInfo.java:shutdownLeaderState(104)) - 3d28f5e7-ba98-4c32-b67b-ae65f1c8618f: shutdown LeaderState
2019-10-14 10:10:04,043 [73f79e80-ae09-4d07-84c1-6a2068a5e547@group-F961D3E20C84-StateMachineUpdater] INFO  ratis.ContainerStateMachine (ContainerStateMachine.java:takeSnapshot(294)) - group-F961D3E20C84: Taking a snapshot at:(t:1, i:3) file /workdir/hadoop-ozone/integration-test/target/test-dir/MiniOzoneClusterImpl-e80b5651-725a-4ba3-ba65-a0af2f9a2c78/datanode-0/data/ratis/69188276-ba76-4164-ae41-f961d3e20c84/sm/snapshot.1_3
2019-10-14 10:10:04,044 [main] INFO  impl.PendingRequests (PendingRequests.java:sendNotLeaderResponses(202)) - 3d28f5e7-ba98-4c32-b67b-ae65f1c8618f@group-9492D0D2DA03-PendingRequests: sendNotLeaderResponses
2019-10-14 10:10:04,044 [main] INFO  impl.StateMachineUpdater (StateMachineUpdater.java:stopAndJoin(136)) - 3d28f5e7-ba98-4c32-b67b-ae65f1c8618f@group-9492D0D2DA03-StateMachineUpdater: set stopIndex = 0
2019-10-14 10:10:04,045 [main] INFO  impl.RaftServerImpl (ServerState.java:close(387)) - 3d28f5e7-ba98-4c32-b67b-ae65f1c8618f@group-9492D0D2DA03: closes. applyIndex: 0
2019-10-14 10:10:04,045 [3d28f5e7-ba98-4c32-b67b-ae65f1c8618f@group-9492D0D2DA03-SegmentedRaftLogWorker] INFO  segmented.SegmentedRaftLogWorker (SegmentedRaftLogWorker.java:run(316)) - 3d28f5e7-ba98-4c32-b67b-ae65f1c8618f@group-9492D0D2DA03-SegmentedRaftLogWorker was interrupted, exiting. There are 0 tasks remaining in the queue.
2019-10-14 10:10:04,046 [main] INFO  segmented.SegmentedRaftLogWorker (SegmentedRaftLogWorker.java:close(224)) - 3d28f5e7-ba98-4c32-b67b-ae65f1c8618f@group-9492D0D2DA03-SegmentedRaftLogWorker close()
2019-10-14 10:10:04,048 [main] INFO  impl.RaftServerImpl (RaftServerImpl.java:lambda$shutdown$3(247)) - 3d28f5e7-ba98-4c32-b67b-ae65f1c8618f@group-6EB6C47BD974: shutdown
2019-10-14 10:10:04,049 [main] INFO  util.JmxRegister (JmxRegister.java:unregister(73)) - Successfully un-registered JMX Bean with object name Ratis:service=RaftServer,group=group-6EB6C47BD974,id=3d28f5e7-ba98-4c32-b67b-ae65f1c8618f
2019-10-14 10:10:04,049 [main] INFO  impl.RoleInfo (RoleInfo.java:shutdownLeaderState(104)) - 3d28f5e7-ba98-4c32-b67b-ae65f1c8618f: shutdown LeaderState
2019-10-14 10:10:04,051 [main] INFO  impl.PendingRequests (PendingRequests.java:sendNotLeaderResponses(202)) - 3d28f5e7-ba98-4c32-b67b-ae65f1c8618f@group-6EB6C47BD974-PendingRequests: sendNotLeaderResponses
2019-10-14 10:10:04,051 [org.apache.ratis.server.impl.LogAppender$AppenderDaemon$$Lambda$525/1906192903@34578a93] WARN  server.GrpcLogAppender (GrpcLogAppender.java:mayWait(143)) - 3d28f5e7-ba98-4c32-b67b-ae65f1c8618f@group-6EB6C47BD974->65a7bfda-34c2-405e-9399-a4fe92a2c009-GrpcLogAppender: Wait interrupted by java.lang.InterruptedException
2019-10-14 10:10:04,051 [org.apache.ratis.server.impl.LogAppender$AppenderDaemon$$Lambda$525/1906192903@79784e37] WARN  server.GrpcLogAppender (GrpcLogAppender.java:mayWait(143)) - 3d28f5e7-ba98-4c32-b67b-ae65f1c8618f@group-6EB6C47BD974->bdbe18bf-b28b-47c4-9f24-91cefe90c4da-GrpcLogAppender: Wait interrupted by java.lang.InterruptedException
2019-10-14 10:10:04,052 [main] INFO  impl.StateMachineUpdater (StateMachineUpdater.java:stopAndJoin(136)) - 3d28f5e7-ba98-4c32-b67b-ae65f1c8618f@group-6EB6C47BD974-StateMachineUpdater: set stopIndex = 17
2019-10-14 10:10:04,053 [3d28f5e7-ba98-4c32-b67b-ae65f1c8618f@group-6EB6C47BD974-StateMachineUpdater] INFO  ratis.ContainerStateMachine (ContainerStateMachine.java:takeSnapshot(294)) - group-6EB6C47BD974: Taking a snapshot at:(t:1, i:15) file /workdir/hadoop-ozone/integration-test/target/test-dir/MiniOzoneClusterImpl-e80b5651-725a-4ba3-ba65-a0af2f9a2c78/datanode-6/data/ratis/b9122365-0f16-4b09-b296-6eb6c47bd974/sm/snapshot.1_15
2019-10-14 10:10:04,057 [73f79e80-ae09-4d07-84c1-6a2068a5e547@group-F961D3E20C84-StateMachineUpdater] INFO  ratis.ContainerStateMachine (ContainerStateMachine.java:takeSnapshot(305)) - group-F961D3E20C84: Finished taking a snapshot at:(t:1, i:3) file:/workdir/hadoop-ozone/integration-test/target/test-dir/MiniOzoneClusterImpl-e80b5651-725a-4ba3-ba65-a0af2f9a2c78/datanode-0/data/ratis/69188276-ba76-4164-ae41-f961d3e20c84/sm/snapshot.1_3 time:13
2019-10-14 10:10:04,057 [73f79e80-ae09-4d07-84c1-6a2068a5e547@group-F961D3E20C84-StateMachineUpdater] INFO  impl.StateMachineUpdater (StateMachineUpdater.java:takeSnapshot(269)) - 73f79e80-ae09-4d07-84c1-6a2068a5e547@group-F961D3E20C84-StateMachineUpdater: Took a snapshot at index 3
2019-10-14 10:10:04,057 [73f79e80-ae09-4d07-84c1-6a2068a5e547@group-F961D3E20C84-StateMachineUpdater] INFO  impl.StateMachineUpdater (StateMachineUpdater.java:lambda$new$0(84)) - 73f79e80-ae09-4d07-84c1-6a2068a5e547@group-F961D3E20C84-StateMachineUpdater: snapshotIndex: updateIncreasingly 3 -> 3
2019-10-14 10:10:04,057 [grpc-default-executor-3] INFO  server.GrpcServerProtocolService (GrpcServerProtocolService.java:onCompleted(113)) - bdbe18bf-b28b-47c4-9f24-91cefe90c4da: Completed APPEND_ENTRIES, lastRequest: 3d28f5e7-ba98-4c32-b67b-ae65f1c8618f->bdbe18bf-b28b-47c4-9f24-91cefe90c4da#3-t2, previous=(t:2, i:17), leaderCommit=17, initializing? false, entries: <empty>
2019-10-14 10:10:04,057 [ForkJoinPool.commonPool-worker-1] INFO  impl.RaftServerImpl (ServerState.java:close(387)) - 73f79e80-ae09-4d07-84c1-6a2068a5e547@group-F961D3E20C84: closes. applyIndex: 4
2019-10-14 10:10:04,058 [73f79e80-ae09-4d07-84c1-6a2068a5e547@group-F961D3E20C84-SegmentedRaftLogWorker] INFO  segmented.SegmentedRaftLogWorker (SegmentedRaftLogWorker.java:run(316)) - 73f79e80-ae09-4d07-84c1-6a2068a5e547@group-F961D3E20C84-SegmentedRaftLogWorker was interrupted, exiting. There are 0 tasks remaining in the queue.
2019-10-14 10:10:04,060 [ForkJoinPool.commonPool-worker-1] INFO  segmented.SegmentedRaftLogWorker (SegmentedRaftLogWorker.java:close(224)) - 73f79e80-ae09-4d07-84c1-6a2068a5e547@group-F961D3E20C84-SegmentedRaftLogWorker close()
2019-10-14 10:10:04,060 [3d28f5e7-ba98-4c32-b67b-ae65f1c8618f@group-6EB6C47BD974-StateMachineUpdater] INFO  ratis.ContainerStateMachine (ContainerStateMachine.java:takeSnapshot(305)) - group-6EB6C47BD974: Finished taking a snapshot at:(t:1, i:15) file:/workdir/hadoop-ozone/integration-test/target/test-dir/MiniOzoneClusterImpl-e80b5651-725a-4ba3-ba65-a0af2f9a2c78/datanode-6/data/ratis/b9122365-0f16-4b09-b296-6eb6c47bd974/sm/snapshot.1_15 time:6
2019-10-14 10:10:04,065 [grpc-default-executor-3] INFO  server.GrpcLogAppender (GrpcLogAppender.java:onCompleted(293)) - 3d28f5e7-ba98-4c32-b67b-ae65f1c8618f@group-6EB6C47BD974->bdbe18bf-b28b-47c4-9f24-91cefe90c4da-AppendLogResponseHandler: follower responses appendEntries COMPLETED
2019-10-14 10:10:04,065 [ForkJoinPool.commonPool-worker-1] INFO  server.GrpcService (GrpcService.java:closeImpl(164)) - 73f79e80-ae09-4d07-84c1-6a2068a5e547: shutdown server with port 37261 now
2019-10-14 10:10:04,066 [3d28f5e7-ba98-4c32-b67b-ae65f1c8618f@group-6EB6C47BD974-StateMachineUpdater] INFO  impl.StateMachineUpdater (StateMachineUpdater.java:takeSnapshot(269)) - 3d28f5e7-ba98-4c32-b67b-ae65f1c8618f@group-6EB6C47BD974-StateMachineUpdater: Took a snapshot at index 15
2019-10-14 10:10:04,069 [3d28f5e7-ba98-4c32-b67b-ae65f1c8618f@group-6EB6C47BD974-StateMachineUpdater] INFO  impl.StateMachineUpdater (StateMachineUpdater.java:lambda$new$0(84)) - 3d28f5e7-ba98-4c32-b67b-ae65f1c8618f@group-6EB6C47BD974-StateMachineUpdater: snapshotIndex: updateIncreasingly -1 -> 15
2019-10-14 10:10:04,070 [ForkJoinPool.commonPool-worker-1] INFO  server.GrpcService (GrpcService.java:closeImpl(172)) - 73f79e80-ae09-4d07-84c1-6a2068a5e547: shutdown server with port 37261 successfully
2019-10-14 10:10:04,070 [3d28f5e7-ba98-4c32-b67b-ae65f1c8618f@group-6EB6C47BD974-StateMachineUpdater] INFO  ratis.ContainerStateMachine (ContainerStateMachine.java:takeSnapshot(294)) - group-6EB6C47BD974: Taking a snapshot at:(t:1, i:15) file /workdir/hadoop-ozone/integration-test/target/test-dir/MiniOzoneClusterImpl-e80b5651-725a-4ba3-ba65-a0af2f9a2c78/datanode-6/data/ratis/b9122365-0f16-4b09-b296-6eb6c47bd974/sm/snapshot.1_15
2019-10-14 10:10:04,070 [grpc-default-executor-3] INFO  impl.FollowerInfo (FollowerInfo.java:lambda$new$0(51)) - 3d28f5e7-ba98-4c32-b67b-ae65f1c8618f@group-6EB6C47BD974->bdbe18bf-b28b-47c4-9f24-91cefe90c4da: nextIndex: updateUnconditionally 18 -> 17
2019-10-14 10:10:04,074 [refreshUsed-/workdir/hadoop-ozone/integration-test/target/test-dir/MiniOzoneClusterImpl-e80b5651-725a-4ba3-ba65-a0af2f9a2c78/datanode-0/data/containers] WARN  fs.CachingGetSpaceUsed (CachingGetSpaceUsed.java:run(183)) - Thread Interrupted waiting to refresh disk information: sleep interrupted
2019-10-14 10:10:04,083 [3d28f5e7-ba98-4c32-b67b-ae65f1c8618f@group-6EB6C47BD974-StateMachineUpdater] INFO  ratis.ContainerStateMachine (ContainerStateMachine.java:takeSnapshot(305)) - group-6EB6C47BD974: Finished taking a snapshot at:(t:1, i:15) file:/workdir/hadoop-ozone/integration-test/target/test-dir/MiniOzoneClusterImpl-e80b5651-725a-4ba3-ba65-a0af2f9a2c78/datanode-6/data/ratis/b9122365-0f16-4b09-b296-6eb6c47bd974/sm/snapshot.1_15 time:13
2019-10-14 10:10:04,084 [3d28f5e7-ba98-4c32-b67b-ae65f1c8618f@group-6EB6C47BD974-StateMachineUpdater] INFO  impl.StateMachineUpdater (StateMachineUpdater.java:takeSnapshot(269)) - 3d28f5e7-ba98-4c32-b67b-ae65f1c8618f@group-6EB6C47BD974-StateMachineUpdater: Took a snapshot at index 15
2019-10-14 10:10:04,084 [3d28f5e7-ba98-4c32-b67b-ae65f1c8618f@group-6EB6C47BD974-StateMachineUpdater] INFO  impl.StateMachineUpdater (StateMachineUpdater.java:lambda$new$0(84)) - 3d28f5e7-ba98-4c32-b67b-ae65f1c8618f@group-6EB6C47BD974-StateMachineUpdater: snapshotIndex: updateIncreasingly 15 -> 15
2019-10-14 10:10:04,084 [main] INFO  impl.RaftServerImpl (ServerState.java:close(387)) - 3d28f5e7-ba98-4c32-b67b-ae65f1c8618f@group-6EB6C47BD974: closes. applyIndex: 17
2019-10-14 10:10:04,085 [3d28f5e7-ba98-4c32-b67b-ae65f1c8618f@group-6EB6C47BD974-SegmentedRaftLogWorker] INFO  segmented.SegmentedRaftLogWorker (SegmentedRaftLogWorker.java:run(316)) - 3d28f5e7-ba98-4c32-b67b-ae65f1c8618f@group-6EB6C47BD974-SegmentedRaftLogWorker was interrupted, exiting. There are 0 tasks remaining in the queue.
2019-10-14 10:10:04,085 [main] INFO  segmented.SegmentedRaftLogWorker (SegmentedRaftLogWorker.java:close(224)) - 3d28f5e7-ba98-4c32-b67b-ae65f1c8618f@group-6EB6C47BD974-SegmentedRaftLogWorker close()
2019-10-14 10:10:04,087 [main] INFO  server.GrpcService (GrpcService.java:closeImpl(164)) - 3d28f5e7-ba98-4c32-b67b-ae65f1c8618f: shutdown server with port 40872 now
2019-10-14 10:10:04,087 [ForkJoinPool.commonPool-worker-1] INFO  utils.BackgroundService (BackgroundService.java:shutdown(151)) - Shutting down service BlockDeletingService
2019-10-14 10:10:04,087 [main] INFO  server.GrpcService (GrpcService.java:closeImpl(172)) - 3d28f5e7-ba98-4c32-b67b-ae65f1c8618f: shutdown server with port 40872 successfully
2019-10-14 10:10:04,091 [ForkJoinPool.commonPool-worker-1] INFO  statemachine.DatanodeStateMachine (DatanodeStateMachine.java:stopDaemon(395)) - Ozone container server stopped.
2019-10-14 10:10:04,094 [ForkJoinPool.commonPool-worker-1] INFO  handler.ContextHandler (ContextHandler.java:doStop(910)) - Stopped o.e.j.w.WebAppContext@22a6e998{/,null,UNAVAILABLE}{/hddsDatanode}
2019-10-14 10:10:04,095 [ForkJoinPool.commonPool-worker-1] INFO  server.AbstractConnector (AbstractConnector.java:doStop(318)) - Stopped ServerConnector@55e42449{HTTP/1.1,[http/1.1]}{0.0.0.0:0}
2019-10-14 10:10:04,096 [ForkJoinPool.commonPool-worker-1] INFO  handler.ContextHandler (ContextHandler.java:doStop(910)) - Stopped o.e.j.s.ServletContextHandler@476fe690{/static,jar:file:/home/user/.m2/repository/org/apache/hadoop/hadoop-hdds-container-service/0.5.0-SNAPSHOT/hadoop-hdds-container-service-0.5.0-SNAPSHOT.jar!/webapps/static,UNAVAILABLE}
2019-10-14 10:10:04,096 [refreshUsed-/workdir/hadoop-ozone/integration-test/target/test-dir/MiniOzoneClusterImpl-e80b5651-725a-4ba3-ba65-a0af2f9a2c78/datanode-6/data/containers] WARN  fs.CachingGetSpaceUsed (CachingGetSpaceUsed.java:run(183)) - Thread Interrupted waiting to refresh disk information: sleep interrupted
2019-10-14 10:10:04,098 [ForkJoinPool.commonPool-worker-1] INFO  handler.ContextHandler (ContextHandler.java:doStop(910)) - Stopped o.e.j.s.ServletContextHandler@65b97f47{/logs,file:///workdir/hadoop-ozone/integration-test/target/log,UNAVAILABLE}
2019-10-14 10:10:04,114 [main] INFO  utils.BackgroundService (BackgroundService.java:shutdown(151)) - Shutting down service BlockDeletingService
2019-10-14 10:10:04,117 [main] INFO  statemachine.DatanodeStateMachine (DatanodeStateMachine.java:stopDaemon(395)) - Ozone container server stopped.
2019-10-14 10:10:04,118 [main] INFO  handler.ContextHandler (ContextHandler.java:doStop(910)) - Stopped o.e.j.w.WebAppContext@d277579{/,null,UNAVAILABLE}{/hddsDatanode}
2019-10-14 10:10:04,119 [main] INFO  server.AbstractConnector (AbstractConnector.java:doStop(318)) - Stopped ServerConnector@5db6b845{HTTP/1.1,[http/1.1]}{0.0.0.0:0}
2019-10-14 10:10:04,119 [main] INFO  handler.ContextHandler (ContextHandler.java:doStop(910)) - Stopped o.e.j.s.ServletContextHandler@3e3315d9{/static,jar:file:/home/user/.m2/repository/org/apache/hadoop/hadoop-hdds-container-service/0.5.0-SNAPSHOT/hadoop-hdds-container-service-0.5.0-SNAPSHOT.jar!/webapps/static,UNAVAILABLE}
2019-10-14 10:10:04,120 [main] INFO  handler.ContextHandler (ContextHandler.java:doStop(910)) - Stopped o.e.j.s.ServletContextHandler@a2341c6{/logs,file:///workdir/hadoop-ozone/integration-test/target/log,UNAVAILABLE}
2019-10-14 10:10:04,853 [Datanode State Machine Thread - 0] INFO  statemachine.DatanodeStateMachine (DatanodeStateMachine.java:lambda$startDaemon$0(350)) - Ozone container server started.
2019-10-14 10:10:08,865 [EventQueue-StaleNodeForStaleNodeHandler] INFO  node.StaleNodeHandler (StaleNodeHandler.java:onMessage(58)) - Datanode bdbe18bf-b28b-47c4-9f24-91cefe90c4da{ip: 192.168.5.145, host: pr-hdds-2297-rpftj-184604365, networkLocation: /default-rack, certSerialId: null} moved to stale state. Finalizing its pipelines [PipelineID=6190a953-af20-4fcc-b89b-14c53509504e, PipelineID=b9122365-0f16-4b09-b296-6eb6c47bd974]
2019-10-14 10:10:08,866 [EventQueue-StaleNodeForStaleNodeHandler] INFO  pipeline.SCMPipelineManager (SCMPipelineManager.java:finalizeAndDestroyPipeline(315)) - destroying pipeline:Pipeline[ Id: 6190a953-af20-4fcc-b89b-14c53509504e, Nodes: bdbe18bf-b28b-47c4-9f24-91cefe90c4da{ip: 192.168.5.145, host: pr-hdds-2297-rpftj-184604365, networkLocation: /default-rack, certSerialId: null}, Type:RATIS, Factor:ONE, State:OPEN]
2019-10-14 10:10:08,866 [EventQueue-StaleNodeForStaleNodeHandler] INFO  pipeline.PipelineStateManager (PipelineStateManager.java:finalizePipeline(123)) - Pipeline Pipeline[ Id: 6190a953-af20-4fcc-b89b-14c53509504e, Nodes: bdbe18bf-b28b-47c4-9f24-91cefe90c4da{ip: 192.168.5.145, host: pr-hdds-2297-rpftj-184604365, networkLocation: /default-rack, certSerialId: null}, Type:RATIS, Factor:ONE, State:CLOSED] moved to CLOSED state
2019-10-14 10:10:08,867 [EventQueue-StaleNodeForStaleNodeHandler] INFO  pipeline.SCMPipelineManager (SCMPipelineManager.java:finalizeAndDestroyPipeline(315)) - destroying pipeline:Pipeline[ Id: b9122365-0f16-4b09-b296-6eb6c47bd974, Nodes: 3d28f5e7-ba98-4c32-b67b-ae65f1c8618f{ip: 192.168.5.145, host: pr-hdds-2297-rpftj-184604365, networkLocation: /default-rack, certSerialId: null}65a7bfda-34c2-405e-9399-a4fe92a2c009{ip: 192.168.5.145, host: pr-hdds-2297-rpftj-184604365, networkLocation: /default-rack, certSerialId: null}bdbe18bf-b28b-47c4-9f24-91cefe90c4da{ip: 192.168.5.145, host: pr-hdds-2297-rpftj-184604365, networkLocation: /default-rack, certSerialId: null}, Type:RATIS, Factor:THREE, State:CLOSED]
2019-10-14 10:10:09,102 [ForkJoinPool.commonPool-worker-1] INFO  ozoneimpl.OzoneContainer (OzoneContainer.java:stop(227)) - Attempting to stop container services.
2019-10-14 10:10:09,103 [ForkJoinPool.commonPool-worker-1] INFO  impl.RaftServerProxy (RaftServerProxy.java:lambda$close$4(314)) - bdbe18bf-b28b-47c4-9f24-91cefe90c4da: close
2019-10-14 10:10:09,104 [ForkJoinPool.commonPool-worker-1] INFO  impl.RaftServerImpl (RaftServerImpl.java:lambda$shutdown$3(247)) - bdbe18bf-b28b-47c4-9f24-91cefe90c4da@group-14C53509504E: shutdown
2019-10-14 10:10:09,104 [ForkJoinPool.commonPool-worker-1] INFO  util.JmxRegister (JmxRegister.java:unregister(73)) - Successfully un-registered JMX Bean with object name Ratis:service=RaftServer,group=group-14C53509504E,id=bdbe18bf-b28b-47c4-9f24-91cefe90c4da
2019-10-14 10:10:09,104 [ForkJoinPool.commonPool-worker-1] INFO  impl.RoleInfo (RoleInfo.java:shutdownLeaderState(104)) - bdbe18bf-b28b-47c4-9f24-91cefe90c4da: shutdown LeaderState
2019-10-14 10:10:09,105 [ForkJoinPool.commonPool-worker-1] INFO  impl.PendingRequests (PendingRequests.java:sendNotLeaderResponses(202)) - bdbe18bf-b28b-47c4-9f24-91cefe90c4da@group-14C53509504E-PendingRequests: sendNotLeaderResponses
2019-10-14 10:10:09,105 [ForkJoinPool.commonPool-worker-1] INFO  impl.StateMachineUpdater (StateMachineUpdater.java:stopAndJoin(136)) - bdbe18bf-b28b-47c4-9f24-91cefe90c4da@group-14C53509504E-StateMachineUpdater: set stopIndex = 0
2019-10-14 10:10:09,106 [ForkJoinPool.commonPool-worker-1] INFO  impl.RaftServerImpl (ServerState.java:close(387)) - bdbe18bf-b28b-47c4-9f24-91cefe90c4da@group-14C53509504E: closes. applyIndex: 0
2019-10-14 10:10:09,107 [bdbe18bf-b28b-47c4-9f24-91cefe90c4da@group-14C53509504E-SegmentedRaftLogWorker] INFO  segmented.SegmentedRaftLogWorker (SegmentedRaftLogWorker.java:run(316)) - bdbe18bf-b28b-47c4-9f24-91cefe90c4da@group-14C53509504E-SegmentedRaftLogWorker was interrupted, exiting. There are 0 tasks remaining in the queue.
2019-10-14 10:10:09,109 [ForkJoinPool.commonPool-worker-1] INFO  segmented.SegmentedRaftLogWorker (SegmentedRaftLogWorker.java:close(224)) - bdbe18bf-b28b-47c4-9f24-91cefe90c4da@group-14C53509504E-SegmentedRaftLogWorker close()
2019-10-14 10:10:09,110 [ForkJoinPool.commonPool-worker-1] INFO  impl.RaftServerImpl (RaftServerImpl.java:lambda$shutdown$3(247)) - bdbe18bf-b28b-47c4-9f24-91cefe90c4da@group-6EB6C47BD974: shutdown
2019-10-14 10:10:09,111 [ForkJoinPool.commonPool-worker-1] INFO  util.JmxRegister (JmxRegister.java:unregister(73)) - Successfully un-registered JMX Bean with object name Ratis:service=RaftServer,group=group-6EB6C47BD974,id=bdbe18bf-b28b-47c4-9f24-91cefe90c4da
2019-10-14 10:10:09,111 [ForkJoinPool.commonPool-worker-1] INFO  impl.RoleInfo (RoleInfo.java:shutdownFollowerState(121)) - bdbe18bf-b28b-47c4-9f24-91cefe90c4da: shutdown FollowerState
2019-10-14 10:10:09,111 [ForkJoinPool.commonPool-worker-1] INFO  impl.StateMachineUpdater (StateMachineUpdater.java:stopAndJoin(136)) - bdbe18bf-b28b-47c4-9f24-91cefe90c4da@group-6EB6C47BD974-StateMachineUpdater: set stopIndex = 17
2019-10-14 10:10:09,112 [Thread-421] INFO  impl.FollowerState (FollowerState.java:run(117)) - bdbe18bf-b28b-47c4-9f24-91cefe90c4da@group-6EB6C47BD974-FollowerState was interrupted: java.lang.InterruptedException: sleep interrupted
2019-10-14 10:10:09,112 [bdbe18bf-b28b-47c4-9f24-91cefe90c4da@group-6EB6C47BD974-StateMachineUpdater] INFO  ratis.ContainerStateMachine (ContainerStateMachine.java:takeSnapshot(294)) - group-6EB6C47BD974: Taking a snapshot at:(t:1, i:15) file /workdir/hadoop-ozone/integration-test/target/test-dir/MiniOzoneClusterImpl-e80b5651-725a-4ba3-ba65-a0af2f9a2c78/datanode-5/data/ratis/b9122365-0f16-4b09-b296-6eb6c47bd974/sm/snapshot.1_15
2019-10-14 10:10:09,135 [bdbe18bf-b28b-47c4-9f24-91cefe90c4da@group-6EB6C47BD974-StateMachineUpdater] INFO  ratis.ContainerStateMachine (ContainerStateMachine.java:takeSnapshot(305)) - group-6EB6C47BD974: Finished taking a snapshot at:(t:1, i:15) file:/workdir/hadoop-ozone/integration-test/target/test-dir/MiniOzoneClusterImpl-e80b5651-725a-4ba3-ba65-a0af2f9a2c78/datanode-5/data/ratis/b9122365-0f16-4b09-b296-6eb6c47bd974/sm/snapshot.1_15 time:24
2019-10-14 10:10:09,136 [bdbe18bf-b28b-47c4-9f24-91cefe90c4da@group-6EB6C47BD974-StateMachineUpdater] INFO  impl.StateMachineUpdater (StateMachineUpdater.java:takeSnapshot(269)) - bdbe18bf-b28b-47c4-9f24-91cefe90c4da@group-6EB6C47BD974-StateMachineUpdater: Took a snapshot at index 15
2019-10-14 10:10:09,136 [bdbe18bf-b28b-47c4-9f24-91cefe90c4da@group-6EB6C47BD974-StateMachineUpdater] INFO  impl.StateMachineUpdater (StateMachineUpdater.java:lambda$new$0(84)) - bdbe18bf-b28b-47c4-9f24-91cefe90c4da@group-6EB6C47BD974-StateMachineUpdater: snapshotIndex: updateIncreasingly -1 -> 15
2019-10-14 10:10:09,136 [bdbe18bf-b28b-47c4-9f24-91cefe90c4da@group-6EB6C47BD974-StateMachineUpdater] INFO  ratis.ContainerStateMachine (ContainerStateMachine.java:takeSnapshot(294)) - group-6EB6C47BD974: Taking a snapshot at:(t:1, i:15) file /workdir/hadoop-ozone/integration-test/target/test-dir/MiniOzoneClusterImpl-e80b5651-725a-4ba3-ba65-a0af2f9a2c78/datanode-5/data/ratis/b9122365-0f16-4b09-b296-6eb6c47bd974/sm/snapshot.1_15
2019-10-14 10:10:09,149 [bdbe18bf-b28b-47c4-9f24-91cefe90c4da@group-6EB6C47BD974-StateMachineUpdater] INFO  ratis.ContainerStateMachine (ContainerStateMachine.java:takeSnapshot(305)) - group-6EB6C47BD974: Finished taking a snapshot at:(t:1, i:15) file:/workdir/hadoop-ozone/integration-test/target/test-dir/MiniOzoneClusterImpl-e80b5651-725a-4ba3-ba65-a0af2f9a2c78/datanode-5/data/ratis/b9122365-0f16-4b09-b296-6eb6c47bd974/sm/snapshot.1_15 time:13
2019-10-14 10:10:09,149 [bdbe18bf-b28b-47c4-9f24-91cefe90c4da@group-6EB6C47BD974-StateMachineUpdater] INFO  impl.StateMachineUpdater (StateMachineUpdater.java:takeSnapshot(269)) - bdbe18bf-b28b-47c4-9f24-91cefe90c4da@group-6EB6C47BD974-StateMachineUpdater: Took a snapshot at index 15
2019-10-14 10:10:09,149 [bdbe18bf-b28b-47c4-9f24-91cefe90c4da@group-6EB6C47BD974-StateMachineUpdater] INFO  impl.StateMachineUpdater (StateMachineUpdater.java:lambda$new$0(84)) - bdbe18bf-b28b-47c4-9f24-91cefe90c4da@group-6EB6C47BD974-StateMachineUpdater: snapshotIndex: updateIncreasingly 15 -> 15
2019-10-14 10:10:09,150 [ForkJoinPool.commonPool-worker-1] INFO  impl.RaftServerImpl (ServerState.java:close(387)) - bdbe18bf-b28b-47c4-9f24-91cefe90c4da@group-6EB6C47BD974: closes. applyIndex: 17
2019-10-14 10:10:09,150 [bdbe18bf-b28b-47c4-9f24-91cefe90c4da@group-6EB6C47BD974-SegmentedRaftLogWorker] INFO  segmented.SegmentedRaftLogWorker (SegmentedRaftLogWorker.java:run(316)) - bdbe18bf-b28b-47c4-9f24-91cefe90c4da@group-6EB6C47BD974-SegmentedRaftLogWorker was interrupted, exiting. There are 0 tasks remaining in the queue.
2019-10-14 10:10:09,151 [ForkJoinPool.commonPool-worker-1] INFO  segmented.SegmentedRaftLogWorker (SegmentedRaftLogWorker.java:close(224)) - bdbe18bf-b28b-47c4-9f24-91cefe90c4da@group-6EB6C47BD974-SegmentedRaftLogWorker close()
2019-10-14 10:10:09,152 [ForkJoinPool.commonPool-worker-1] INFO  server.GrpcService (GrpcService.java:closeImpl(164)) - bdbe18bf-b28b-47c4-9f24-91cefe90c4da: shutdown server with port 42240 now
2019-10-14 10:10:09,153 [ForkJoinPool.commonPool-worker-1] INFO  server.GrpcService (GrpcService.java:closeImpl(172)) - bdbe18bf-b28b-47c4-9f24-91cefe90c4da: shutdown server with port 42240 successfully
2019-10-14 10:10:09,155 [refreshUsed-/workdir/hadoop-ozone/integration-test/target/test-dir/MiniOzoneClusterImpl-e80b5651-725a-4ba3-ba65-a0af2f9a2c78/datanode-5/data/containers] WARN  fs.CachingGetSpaceUsed (CachingGetSpaceUsed.java:run(183)) - Thread Interrupted waiting to refresh disk information: sleep interrupted
2019-10-14 10:10:09,177 [ForkJoinPool.commonPool-worker-1] INFO  utils.BackgroundService (BackgroundService.java:shutdown(151)) - Shutting down service BlockDeletingService
2019-10-14 10:10:09,180 [ForkJoinPool.commonPool-worker-1] INFO  statemachine.DatanodeStateMachine (DatanodeStateMachine.java:stopDaemon(395)) - Ozone container server stopped.
2019-10-14 10:10:09,196 [ForkJoinPool.commonPool-worker-1] INFO  handler.ContextHandler (ContextHandler.java:doStop(910)) - Stopped o.e.j.w.WebAppContext@2a4f5433{/,null,UNAVAILABLE}{/hddsDatanode}
2019-10-14 10:10:09,197 [ForkJoinPool.commonPool-worker-1] INFO  server.AbstractConnector (AbstractConnector.java:doStop(318)) - Stopped ServerConnector@6812fa3a{HTTP/1.1,[http/1.1]}{0.0.0.0:0}
2019-10-14 10:10:09,198 [ForkJoinPool.commonPool-worker-1] INFO  handler.ContextHandler (ContextHandler.java:doStop(910)) - Stopped o.e.j.s.ServletContextHandler@3c83468e{/static,jar:file:/home/user/.m2/repository/org/apache/hadoop/hadoop-hdds-container-service/0.5.0-SNAPSHOT/hadoop-hdds-container-service-0.5.0-SNAPSHOT.jar!/webapps/static,UNAVAILABLE}
2019-10-14 10:10:09,199 [ForkJoinPool.commonPool-worker-1] INFO  handler.ContextHandler (ContextHandler.java:doStop(910)) - Stopped o.e.j.s.ServletContextHandler@3aa41da1{/logs,file:///workdir/hadoop-ozone/integration-test/target/log,UNAVAILABLE}
2019-10-14 10:10:09,201 [main] INFO  ozone.MiniOzoneClusterImpl (MiniOzoneClusterImpl.java:stopSCM(392)) - Stopping the StorageContainerManager
2019-10-14 10:10:09,201 [main] INFO  server.StorageContainerManager (StorageContainerManager.java:stop(810)) - Stopping Replication Manager Service.
2019-10-14 10:10:09,202 [main] INFO  container.ReplicationManager (ReplicationManager.java:stop(203)) - Stopping Replication Monitor Thread.
2019-10-14 10:10:09,202 [main] INFO  server.StorageContainerManager (StorageContainerManager.java:stop(817)) - Stopping Lease Manager of the command watchers
2019-10-14 10:10:09,202 [main] INFO  server.StorageContainerManager (StorageContainerManager.java:stop(824)) - Stopping datanode service RPC server
2019-10-14 10:10:09,203 [main] INFO  server.SCMDatanodeProtocolServer (SCMDatanodeProtocolServer.java:stop(346)) - Stopping the RPC server for DataNodes
2019-10-14 10:10:09,203 [main] INFO  ipc.Server (Server.java:stop(3082)) - Stopping server on 36743
2019-10-14 10:10:09,205 [IPC Server listener on 36743] INFO  ipc.Server (Server.java:run(1185)) - Stopping IPC Server listener on 36743
2019-10-14 10:10:09,205 [IPC Server Responder] INFO  ipc.Server (Server.java:run(1319)) - Stopping IPC Server Responder
2019-10-14 10:10:09,265 [SCM Heartbeat Processing Thread - 0] WARN  node.NodeStateManager (NodeStateManager.java:scheduleNextHealthCheck(646)) - Current Thread is interrupted, shutting down HB processing thread for Node Manager.
2019-10-14 10:10:09,266 [main] INFO  server.StorageContainerManager (StorageContainerManager.java:stop(832)) - Stopping block service RPC server
2019-10-14 10:10:09,266 [main] INFO  server.SCMBlockProtocolServer (SCMBlockProtocolServer.java:stop(155)) - Stopping the RPC server for Block Protocol
2019-10-14 10:10:09,266 [main] INFO  ipc.Server (Server.java:stop(3082)) - Stopping server on 45418
2019-10-14 10:10:09,268 [IPC Server listener on 45418] INFO  ipc.Server (Server.java:run(1185)) - Stopping IPC Server listener on 45418
2019-10-14 10:10:09,268 [main] INFO  server.StorageContainerManager (StorageContainerManager.java:stop(839)) - Stopping the StorageContainerLocationProtocol RPC server
2019-10-14 10:10:09,268 [IPC Server Responder] INFO  ipc.Server (Server.java:run(1319)) - Stopping IPC Server Responder
2019-10-14 10:10:09,269 [main] INFO  server.SCMClientProtocolServer (SCMClientProtocolServer.java:stop(168)) - Stopping the RPC server for Client Protocol
2019-10-14 10:10:09,269 [main] INFO  ipc.Server (Server.java:stop(3082)) - Stopping server on 44130
2019-10-14 10:10:09,271 [IPC Server listener on 44130] INFO  ipc.Server (Server.java:run(1185)) - Stopping IPC Server listener on 44130
2019-10-14 10:10:09,271 [main] INFO  server.StorageContainerManager (StorageContainerManager.java:stop(846)) - Stopping Storage Container Manager HTTP server.
2019-10-14 10:10:09,271 [IPC Server Responder] INFO  ipc.Server (Server.java:run(1319)) - Stopping IPC Server Responder
2019-10-14 10:10:09,272 [main] INFO  handler.ContextHandler (ContextHandler.java:doStop(910)) - Stopped o.e.j.w.WebAppContext@6970140a{/,null,UNAVAILABLE}{/scm}
2019-10-14 10:10:09,273 [main] INFO  server.AbstractConnector (AbstractConnector.java:doStop(318)) - Stopped ServerConnector@1c32886a{HTTP/1.1,[http/1.1]}{0.0.0.0:0}
2019-10-14 10:10:09,273 [main] INFO  handler.ContextHandler (ContextHandler.java:doStop(910)) - Stopped o.e.j.s.ServletContextHandler@53f0a4cb{/static,file:///workdir/hadoop-ozone/integration-test/target/test-classes/webapps/static,UNAVAILABLE}
2019-10-14 10:10:09,274 [main] INFO  handler.ContextHandler (ContextHandler.java:doStop(910)) - Stopped o.e.j.s.ServletContextHandler@7a560583{/logs,file:///workdir/hadoop-ozone/integration-test/target/log,UNAVAILABLE}
2019-10-14 10:10:09,275 [main] INFO  server.StorageContainerManager (StorageContainerManager.java:stop(857)) - Stopping Block Manager Service.
2019-10-14 10:10:09,276 [main] INFO  utils.BackgroundService (BackgroundService.java:shutdown(151)) - Shutting down service SCMBlockDeletingService
2019-10-14 10:10:09,276 [main] INFO  utils.BackgroundService (BackgroundService.java:shutdown(151)) - Shutting down service SCMBlockDeletingService
2019-10-14 10:10:09,276 [main] INFO  server.StorageContainerManager (StorageContainerManager.java:stop(879)) - Stopping SCM Event Queue.
2019-10-14 10:10:09,284 [main] INFO  impl.MetricsSystemImpl (MetricsSystemImpl.java:stop(210)) - Stopping XceiverClientMetrics metrics system...
2019-10-14 10:10:09,295 [prometheus] INFO  impl.MetricsSinkAdapter (MetricsSinkAdapter.java:publishMetricsFromQueue(141)) - prometheus thread interrupted.
2019-10-14 10:10:09,295 [main] INFO  impl.MetricsSystemImpl (MetricsSystemImpl.java:stop(216)) - XceiverClientMetrics metrics system stopped.
]]></system-out>
    <system-err><![CDATA[ERROR StatusLogger No Log4j 2 configuration file found. Using default configuration (logging only errors to the console), or user programmatically provided configurations. Set system property 'log4j2.debug' to show Log4j 2 internal initialization logging. See https://logging.apache.org/log4j/2.x/manual/configuration.html for instructions on how to configure Log4j 2
]]></system-err>
  </testcase>
  <testcase name="testDatanodeFailureWithPreAllocation" classname="org.apache.hadoop.ozone.client.rpc.TestBlockOutputStreamWithFailures" time="222.65"/>
  <testcase name="testDatanodeFailureWithSingleNodeRatis" classname="org.apache.hadoop.ozone.client.rpc.TestBlockOutputStreamWithFailures" time="221.829"/>
  <testcase name="testWatchForCommitWithSingleNodeRatis" classname="org.apache.hadoop.ozone.client.rpc.TestBlockOutputStreamWithFailures" time="35.734"/>
  <testcase name="testWatchForCommitDatanodeFailure" classname="org.apache.hadoop.ozone.client.rpc.TestBlockOutputStreamWithFailures" time="40.757"/>
  <testcase name="testFailureWithPrimeSizedData" classname="org.apache.hadoop.ozone.client.rpc.TestBlockOutputStreamWithFailures" time="39.739"/>
  <testcase name="testWatchForCommitWithCloseContainerException" classname="org.apache.hadoop.ozone.client.rpc.TestBlockOutputStreamWithFailures" time="42.574"/>
  <testcase name="testExceptionDuringClose" classname="org.apache.hadoop.ozone.client.rpc.TestBlockOutputStreamWithFailures" time="35.301"/>
</testsuite>