<?xml version="1.0" encoding="UTF-8"?>
<testsuite xmlns:xsi="http://www.w3.org/2001/XMLSchema-instance" xsi:noNamespaceSchemaLocation="https://maven.apache.org/surefire/maven-surefire-plugin/xsd/surefire-test-report.xsd" name="org.apache.hadoop.ozone.freon.TestDataValidateWithDummyContainers" time="247.069" tests="3" errors="2" skipped="0" failures="0">
  <properties>
    <property name="awt.toolkit" value="sun.awt.X11.XToolkit"/>
    <property name="file.encoding.pkg" value="sun.io"/>
    <property name="java.specification.version" value="1.8"/>
    <property name="sun.cpu.isalist" value=""/>
    <property name="sun.jnu.encoding" value="UTF-8"/>
    <property name="java.class.path" value="/workdir/hadoop-ozone/tools/target/test-classes:/workdir/hadoop-ozone/tools/target/classes:/home/user/.m2/repository/org/apache/hadoop/hadoop-ozone-ozone-manager/0.5.0-SNAPSHOT/hadoop-ozone-ozone-manager-0.5.0-SNAPSHOT.jar:/home/user/.m2/repository/org/apache/hadoop/hadoop-hdds-docs/0.5.0-SNAPSHOT/hadoop-hdds-docs-0.5.0-SNAPSHOT.jar:/home/user/.m2/repository/org/bouncycastle/bcprov-jdk15on/1.60/bcprov-jdk15on-1.60.jar:/home/user/.m2/repository/org/apache/hadoop/hadoop-ozone-common/0.5.0-SNAPSHOT/hadoop-ozone-common-0.5.0-SNAPSHOT.jar:/home/user/.m2/repository/org/apache/commons/commons-compress/1.4.1/commons-compress-1.4.1.jar:/home/user/.m2/repository/org/tukaani/xz/1.0/xz-1.0.jar:/home/user/.m2/repository/org/apache/hadoop/hadoop-hdfs-client/3.2.0/hadoop-hdfs-client-3.2.0.jar:/home/user/.m2/repository/com/fasterxml/jackson/core/jackson-annotations/2.9.9/jackson-annotations-2.9.9.jar:/home/user/.m2/repository/org/apache/hadoop/hadoop-hdds-common/0.5.0-SNAPSHOT/hadoop-hdds-common-0.5.0-SNAPSHOT.jar:/home/user/.m2/repository/org/apache/hadoop/hadoop-hdds-config/0.5.0-SNAPSHOT/hadoop-hdds-config-0.5.0-SNAPSHOT.jar:/home/user/.m2/repository/javax/annotation/javax.annotation-api/1.2/javax.annotation-api-1.2.jar:/home/user/.m2/repository/org/apache/ratis/ratis-server/0.4.0/ratis-server-0.4.0.jar:/home/user/.m2/repository/org/apache/ratis/ratis-thirdparty-misc/0.2.0/ratis-thirdparty-misc-0.2.0.jar:/home/user/.m2/repository/org/apache/ratis/ratis-proto/0.4.0/ratis-proto-0.4.0.jar:/home/user/.m2/repository/org/apache/ratis/ratis-common/0.4.0/ratis-common-0.4.0.jar:/home/user/.m2/repository/org/apache/ratis/ratis-client/0.4.0/ratis-client-0.4.0.jar:/home/user/.m2/repository/org/apache/ratis/ratis-metrics/0.4.0/ratis-metrics-0.4.0.jar:/home/user/.m2/repository/com/github/joshelser/dropwizard-metrics-hadoop-metrics2-reporter/0.1.2/dropwizard-metrics-hadoop-metrics2-reporter-0.1.2.jar:/home/user/.m2/repository/io/dropwizard/metrics/metrics-jvm/3.2.5/metrics-jvm-3.2.5.jar:/home/user/.m2/repository/io/dropwizard/metrics/metrics-ganglia/3.2.5/metrics-ganglia-3.2.5.jar:/home/user/.m2/repository/info/ganglia/gmetric4j/gmetric4j/1.0.7/gmetric4j-1.0.7.jar:/home/user/.m2/repository/org/apache/ratis/ratis-netty/0.4.0/ratis-netty-0.4.0.jar:/home/user/.m2/repository/org/apache/ratis/ratis-grpc/0.4.0/ratis-grpc-0.4.0.jar:/home/user/.m2/repository/org/rocksdb/rocksdbjni/6.0.1/rocksdbjni-6.0.1.jar:/home/user/.m2/repository/org/apache/logging/log4j/log4j-api/2.11.0/log4j-api-2.11.0.jar:/home/user/.m2/repository/org/apache/logging/log4j/log4j-core/2.11.0/log4j-core-2.11.0.jar:/home/user/.m2/repository/com/lmax/disruptor/3.4.2/disruptor-3.4.2.jar:/home/user/.m2/repository/org/apache/commons/commons-pool2/2.6.0/commons-pool2-2.6.0.jar:/home/user/.m2/repository/org/bouncycastle/bcpkix-jdk15on/1.60/bcpkix-jdk15on-1.60.jar:/home/user/.m2/repository/commons-validator/commons-validator/1.6/commons-validator-1.6.jar:/home/user/.m2/repository/commons-digester/commons-digester/1.8.1/commons-digester-1.8.1.jar:/home/user/.m2/repository/io/jaegertracing/jaeger-client/0.34.0/jaeger-client-0.34.0.jar:/home/user/.m2/repository/io/jaegertracing/jaeger-thrift/0.34.0/jaeger-thrift-0.34.0.jar:/home/user/.m2/repository/org/apache/thrift/libthrift/0.12.0/libthrift-0.12.0.jar:/home/user/.m2/repository/com/squareup/okhttp3/okhttp/3.9.0/okhttp-3.9.0.jar:/home/user/.m2/repository/com/squareup/okio/okio/1.13.0/okio-1.13.0.jar:/home/user/.m2/repository/io/jaegertracing/jaeger-core/0.34.0/jaeger-core-0.34.0.jar:/home/user/.m2/repository/io/jaegertracing/jaeger-tracerresolver/0.34.0/jaeger-tracerresolver-0.34.0.jar:/home/user/.m2/repository/io/opentracing/contrib/opentracing-tracerresolver/0.1.5/opentracing-tracerresolver-0.1.5.jar:/home/user/.m2/repository/io/opentracing/opentracing-util/0.31.0/opentracing-util-0.31.0.jar:/home/user/.m2/repository/io/opentracing/opentracing-api/0.31.0/opentracing-api-0.31.0.jar:/home/user/.m2/repository/io/opentracing/opentracing-noop/0.31.0/opentracing-noop-0.31.0.jar:/home/user/.m2/repository/org/yaml/snakeyaml/1.16/snakeyaml-1.16.jar:/home/user/.m2/repository/org/apache/hadoop/hadoop-hdds-container-service/0.5.0-SNAPSHOT/hadoop-hdds-container-service-0.5.0-SNAPSHOT.jar:/home/user/.m2/repository/org/apache/hadoop/hadoop-hdds-client/0.5.0-SNAPSHOT/hadoop-hdds-client-0.5.0-SNAPSHOT.jar:/home/user/.m2/repository/org/apache/hadoop/hadoop-hdds-tools/0.5.0-SNAPSHOT/hadoop-hdds-tools-0.5.0-SNAPSHOT.jar:/home/user/.m2/repository/org/xerial/sqlite-jdbc/3.25.2/sqlite-jdbc-3.25.2.jar:/home/user/.m2/repository/org/apache/hadoop/hadoop-hdds-server-scm/0.5.0-SNAPSHOT/hadoop-hdds-server-scm-0.5.0-SNAPSHOT.jar:/home/user/.m2/repository/org/hamcrest/hamcrest-all/1.3/hamcrest-all-1.3.jar:/home/user/.m2/repository/info/picocli/picocli/3.9.6/picocli-3.9.6.jar:/home/user/.m2/repository/com/google/protobuf/protobuf-java/2.5.0/protobuf-java-2.5.0.jar:/home/user/.m2/repository/com/google/guava/guava/11.0.2/guava-11.0.2.jar:/home/user/.m2/repository/org/apache/hadoop/hadoop-ozone-client/0.5.0-SNAPSHOT/hadoop-ozone-client-0.5.0-SNAPSHOT.jar:/workdir/hadoop-ozone/ozonefs/target/classes:/home/user/.m2/repository/org/apache/httpcomponents/httpclient/4.5.2/httpclient-4.5.2.jar:/home/user/.m2/repository/org/apache/httpcomponents/httpcore/4.4.4/httpcore-4.4.4.jar:/home/user/.m2/repository/org/apache/hadoop/hadoop-hdds-server-framework/0.5.0-SNAPSHOT/hadoop-hdds-server-framework-0.5.0-SNAPSHOT.jar:/home/user/.m2/repository/org/apache/hadoop/hadoop-common/3.2.0/hadoop-common-3.2.0.jar:/home/user/.m2/repository/org/apache/hadoop/hadoop-annotations/3.2.0/hadoop-annotations-3.2.0.jar:/usr/lib/jvm/java-1.8-openjdk/jre/../lib/tools.jar:/home/user/.m2/repository/commons-cli/commons-cli/1.2/commons-cli-1.2.jar:/home/user/.m2/repository/org/apache/commons/commons-math3/3.1.1/commons-math3-3.1.1.jar:/home/user/.m2/repository/commons-codec/commons-codec/1.11/commons-codec-1.11.jar:/home/user/.m2/repository/commons-io/commons-io/2.5/commons-io-2.5.jar:/home/user/.m2/repository/commons-net/commons-net/3.6/commons-net-3.6.jar:/home/user/.m2/repository/commons-collections/commons-collections/3.2.2/commons-collections-3.2.2.jar:/home/user/.m2/repository/javax/servlet/javax.servlet-api/3.1.0/javax.servlet-api-3.1.0.jar:/home/user/.m2/repository/org/eclipse/jetty/jetty-server/9.3.25.v20180904/jetty-server-9.3.25.v20180904.jar:/home/user/.m2/repository/org/eclipse/jetty/jetty-http/9.3.25.v20180904/jetty-http-9.3.25.v20180904.jar:/home/user/.m2/repository/org/eclipse/jetty/jetty-io/9.3.25.v20180904/jetty-io-9.3.25.v20180904.jar:/home/user/.m2/repository/org/eclipse/jetty/jetty-util/9.3.25.v20180904/jetty-util-9.3.25.v20180904.jar:/home/user/.m2/repository/org/eclipse/jetty/jetty-servlet/9.3.25.v20180904/jetty-servlet-9.3.25.v20180904.jar:/home/user/.m2/repository/org/eclipse/jetty/jetty-security/9.3.25.v20180904/jetty-security-9.3.25.v20180904.jar:/home/user/.m2/repository/org/eclipse/jetty/jetty-webapp/9.3.25.v20180904/jetty-webapp-9.3.25.v20180904.jar:/home/user/.m2/repository/org/eclipse/jetty/jetty-xml/9.3.25.v20180904/jetty-xml-9.3.25.v20180904.jar:/home/user/.m2/repository/javax/servlet/jsp/jsp-api/2.1/jsp-api-2.1.jar:/home/user/.m2/repository/com/sun/jersey/jersey-core/1.19/jersey-core-1.19.jar:/home/user/.m2/repository/javax/ws/rs/jsr311-api/1.1.1/jsr311-api-1.1.1.jar:/home/user/.m2/repository/com/sun/jersey/jersey-servlet/1.19/jersey-servlet-1.19.jar:/home/user/.m2/repository/com/sun/jersey/jersey-json/1.19/jersey-json-1.19.jar:/home/user/.m2/repository/org/codehaus/jettison/jettison/1.1/jettison-1.1.jar:/home/user/.m2/repository/com/sun/xml/bind/jaxb-impl/2.3.0.1/jaxb-impl-2.3.0.1.jar:/home/user/.m2/repository/org/codehaus/jackson/jackson-core-asl/1.9.13/jackson-core-asl-1.9.13.jar:/home/user/.m2/repository/org/codehaus/jackson/jackson-mapper-asl/1.9.13/jackson-mapper-asl-1.9.13.jar:/home/user/.m2/repository/org/codehaus/jackson/jackson-jaxrs/1.9.13/jackson-jaxrs-1.9.13.jar:/home/user/.m2/repository/org/codehaus/jackson/jackson-xc/1.9.13/jackson-xc-1.9.13.jar:/home/user/.m2/repository/com/sun/jersey/jersey-server/1.19/jersey-server-1.19.jar:/home/user/.m2/repository/commons-logging/commons-logging/1.1.3/commons-logging-1.1.3.jar:/home/user/.m2/repository/log4j/log4j/1.2.17/log4j-1.2.17.jar:/home/user/.m2/repository/commons-beanutils/commons-beanutils/1.9.4/commons-beanutils-1.9.4.jar:/home/user/.m2/repository/org/apache/commons/commons-configuration2/2.1.1/commons-configuration2-2.1.1.jar:/home/user/.m2/repository/org/apache/commons/commons-lang3/3.7/commons-lang3-3.7.jar:/home/user/.m2/repository/org/apache/commons/commons-text/1.4/commons-text-1.4.jar:/home/user/.m2/repository/org/slf4j/slf4j-api/1.7.25/slf4j-api-1.7.25.jar:/home/user/.m2/repository/org/slf4j/slf4j-log4j12/1.7.25/slf4j-log4j12-1.7.25.jar:/home/user/.m2/repository/org/apache/avro/avro/1.7.7/avro-1.7.7.jar:/home/user/.m2/repository/com/thoughtworks/paranamer/paranamer/2.3/paranamer-2.3.jar:/home/user/.m2/repository/org/xerial/snappy/snappy-java/1.0.5/snappy-java-1.0.5.jar:/home/user/.m2/repository/com/google/re2j/re2j/1.1/re2j-1.1.jar:/home/user/.m2/repository/com/google/code/gson/gson/2.2.4/gson-2.2.4.jar:/home/user/.m2/repository/org/apache/hadoop/hadoop-auth/3.2.0/hadoop-auth-3.2.0.jar:/home/user/.m2/repository/com/nimbusds/nimbus-jose-jwt/4.41.1/nimbus-jose-jwt-4.41.1.jar:/home/user/.m2/repository/com/github/stephenc/jcip/jcip-annotations/1.0-1/jcip-annotations-1.0-1.jar:/home/user/.m2/repository/net/minidev/json-smart/2.3/json-smart-2.3.jar:/home/user/.m2/repository/net/minidev/accessors-smart/1.2/accessors-smart-1.2.jar:/home/user/.m2/repository/org/apache/curator/curator-framework/2.12.0/curator-framework-2.12.0.jar:/home/user/.m2/repository/com/jcraft/jsch/0.1.54/jsch-0.1.54.jar:/home/user/.m2/repository/org/apache/curator/curator-client/2.12.0/curator-client-2.12.0.jar:/home/user/.m2/repository/org/apache/curator/curator-recipes/2.12.0/curator-recipes-2.12.0.jar:/home/user/.m2/repository/com/google/code/findbugs/jsr305/3.0.0/jsr305-3.0.0.jar:/home/user/.m2/repository/org/apache/htrace/htrace-core4/4.1.0-incubating/htrace-core4-4.1.0-incubating.jar:/home/user/.m2/repository/org/apache/zookeeper/zookeeper/3.4.13/zookeeper-3.4.13.jar:/home/user/.m2/repository/jline/jline/0.9.94/jline-0.9.94.jar:/home/user/.m2/repository/org/apache/yetus/audience-annotations/0.5.0/audience-annotations-0.5.0.jar:/home/user/.m2/repository/org/apache/kerby/kerb-simplekdc/1.0.1/kerb-simplekdc-1.0.1.jar:/home/user/.m2/repository/org/apache/kerby/kerb-client/1.0.1/kerb-client-1.0.1.jar:/home/user/.m2/repository/org/apache/kerby/kerby-config/1.0.1/kerby-config-1.0.1.jar:/home/user/.m2/repository/org/apache/kerby/kerb-core/1.0.1/kerb-core-1.0.1.jar:/home/user/.m2/repository/org/apache/kerby/kerby-pkix/1.0.1/kerby-pkix-1.0.1.jar:/home/user/.m2/repository/org/apache/kerby/kerby-asn1/1.0.1/kerby-asn1-1.0.1.jar:/home/user/.m2/repository/org/apache/kerby/kerby-util/1.0.1/kerby-util-1.0.1.jar:/home/user/.m2/repository/org/apache/kerby/kerb-common/1.0.1/kerb-common-1.0.1.jar:/home/user/.m2/repository/org/apache/kerby/kerb-crypto/1.0.1/kerb-crypto-1.0.1.jar:/home/user/.m2/repository/org/apache/kerby/kerb-util/1.0.1/kerb-util-1.0.1.jar:/home/user/.m2/repository/org/apache/kerby/token-provider/1.0.1/token-provider-1.0.1.jar:/home/user/.m2/repository/org/apache/kerby/kerb-admin/1.0.1/kerb-admin-1.0.1.jar:/home/user/.m2/repository/org/apache/kerby/kerb-server/1.0.1/kerb-server-1.0.1.jar:/home/user/.m2/repository/org/apache/kerby/kerb-identity/1.0.1/kerb-identity-1.0.1.jar:/home/user/.m2/repository/org/apache/kerby/kerby-xdr/1.0.1/kerby-xdr-1.0.1.jar:/home/user/.m2/repository/com/fasterxml/jackson/core/jackson-databind/2.9.9/jackson-databind-2.9.9.jar:/home/user/.m2/repository/com/fasterxml/jackson/core/jackson-core/2.9.9/jackson-core-2.9.9.jar:/home/user/.m2/repository/org/codehaus/woodstox/stax2-api/3.1.4/stax2-api-3.1.4.jar:/home/user/.m2/repository/com/fasterxml/woodstox/woodstox-core/5.0.3/woodstox-core-5.0.3.jar:/home/user/.m2/repository/dnsjava/dnsjava/2.1.7/dnsjava-2.1.7.jar:/home/user/.m2/repository/org/apache/hadoop/hadoop-hdfs/3.2.0/hadoop-hdfs-3.2.0.jar:/home/user/.m2/repository/org/eclipse/jetty/jetty-util-ajax/9.3.25.v20180904/jetty-util-ajax-9.3.25.v20180904.jar:/home/user/.m2/repository/commons-daemon/commons-daemon/1.0.13/commons-daemon-1.0.13.jar:/home/user/.m2/repository/io/netty/netty/3.10.5.Final/netty-3.10.5.Final.jar:/home/user/.m2/repository/io/netty/netty-all/4.0.52.Final/netty-all-4.0.52.Final.jar:/home/user/.m2/repository/org/fusesource/leveldbjni/leveldbjni-all/1.8/leveldbjni-all-1.8.jar:/home/user/.m2/repository/com/sun/xml/bind/jaxb-core/2.3.0.1/jaxb-core-2.3.0.1.jar:/home/user/.m2/repository/javax/xml/bind/jaxb-api/2.3.0/jaxb-api-2.3.0.jar:/home/user/.m2/repository/javax/activation/activation/1.1.1/activation-1.1.1.jar:/home/user/.m2/repository/io/dropwizard/metrics/metrics-core/3.2.4/metrics-core-3.2.4.jar:/home/user/.m2/repository/org/openjdk/jmh/jmh-core/1.19/jmh-core-1.19.jar:/home/user/.m2/repository/net/sf/jopt-simple/jopt-simple/4.6/jopt-simple-4.6.jar:/home/user/.m2/repository/org/openjdk/jmh/jmh-generator-annprocess/1.19/jmh-generator-annprocess-1.19.jar:/home/user/.m2/repository/com/amazonaws/aws-java-sdk-s3/1.11.615/aws-java-sdk-s3-1.11.615.jar:/home/user/.m2/repository/com/amazonaws/aws-java-sdk-kms/1.11.615/aws-java-sdk-kms-1.11.615.jar:/home/user/.m2/repository/com/amazonaws/aws-java-sdk-core/1.11.615/aws-java-sdk-core-1.11.615.jar:/home/user/.m2/repository/software/amazon/ion/ion-java/1.0.2/ion-java-1.0.2.jar:/home/user/.m2/repository/com/fasterxml/jackson/dataformat/jackson-dataformat-cbor/2.9.9/jackson-dataformat-cbor-2.9.9.jar:/home/user/.m2/repository/joda-time/joda-time/2.9.9/joda-time-2.9.9.jar:/home/user/.m2/repository/com/amazonaws/jmespath-java/1.11.615/jmespath-java-1.11.615.jar:/home/user/.m2/repository/com/google/code/findbugs/findbugs/3.0.1/findbugs-3.0.1.jar:/home/user/.m2/repository/net/jcip/jcip-annotations/1.0/jcip-annotations-1.0.jar:/home/user/.m2/repository/com/google/code/findbugs/bcel-findbugs/6.0/bcel-findbugs-6.0.jar:/home/user/.m2/repository/com/google/code/findbugs/jFormatString/2.0.1/jFormatString-2.0.1.jar:/home/user/.m2/repository/dom4j/dom4j/1.6.1/dom4j-1.6.1.jar:/home/user/.m2/repository/xml-apis/xml-apis/1.0.b2/xml-apis-1.0.b2.jar:/home/user/.m2/repository/org/ow2/asm/asm-debug-all/5.0.2/asm-debug-all-5.0.2.jar:/home/user/.m2/repository/org/ow2/asm/asm-commons/5.0.2/asm-commons-5.0.2.jar:/home/user/.m2/repository/org/ow2/asm/asm-tree/5.0.2/asm-tree-5.0.2.jar:/home/user/.m2/repository/org/ow2/asm/asm/5.0.4/asm-5.0.4.jar:/home/user/.m2/repository/commons-lang/commons-lang/2.6/commons-lang-2.6.jar:/home/user/.m2/repository/com/apple/AppleJavaExtensions/1.4/AppleJavaExtensions-1.4.jar:/home/user/.m2/repository/jaxen/jaxen/1.1.6/jaxen-1.1.6.jar:/home/user/.m2/repository/junit/junit/4.11/junit-4.11.jar:/home/user/.m2/repository/org/hamcrest/hamcrest-core/1.3/hamcrest-core-1.3.jar:/home/user/.m2/repository/org/apache/hadoop/hadoop-common/3.2.0/hadoop-common-3.2.0-tests.jar:/workdir/hadoop-ozone/integration-test/target/test-classes:/home/user/.m2/repository/org/apache/hadoop/hadoop-ozone-s3gateway/0.5.0-SNAPSHOT/hadoop-ozone-s3gateway-0.5.0-SNAPSHOT.jar:/home/user/.m2/repository/org/jboss/weld/servlet/weld-servlet/2.4.7.Final/weld-servlet-2.4.7.Final.jar:/home/user/.m2/repository/org/glassfish/jersey/containers/jersey-container-servlet-core/2.27/jersey-container-servlet-core-2.27.jar:/home/user/.m2/repository/org/glassfish/hk2/external/javax.inject/2.5.0-b42/javax.inject-2.5.0-b42.jar:/home/user/.m2/repository/org/glassfish/jersey/core/jersey-common/2.27/jersey-common-2.27.jar:/home/user/.m2/repository/org/glassfish/hk2/osgi-resource-locator/1.0.1/osgi-resource-locator-1.0.1.jar:/home/user/.m2/repository/javax/ws/rs/javax.ws.rs-api/2.1/javax.ws.rs-api-2.1.jar:/home/user/.m2/repository/org/glassfish/jersey/ext/cdi/jersey-cdi1x/2.27/jersey-cdi1x-2.27.jar:/home/user/.m2/repository/org/glassfish/jersey/inject/jersey-hk2/2.27/jersey-hk2-2.27.jar:/home/user/.m2/repository/org/glassfish/hk2/hk2-locator/2.5.0-b42/hk2-locator-2.5.0-b42.jar:/home/user/.m2/repository/org/javassist/javassist/3.22.0-CR2/javassist-3.22.0-CR2.jar:/home/user/.m2/repository/org/glassfish/hk2/hk2-api/2.5.0/hk2-api-2.5.0.jar:/home/user/.m2/repository/org/glassfish/hk2/external/jakarta.inject/2.5.0/jakarta.inject-2.5.0.jar:/home/user/.m2/repository/org/glassfish/hk2/hk2-utils/2.5.0/hk2-utils-2.5.0.jar:/home/user/.m2/repository/jakarta/annotation/jakarta.annotation-api/1.3.4/jakarta.annotation-api-1.3.4.jar:/home/user/.m2/repository/org/glassfish/hk2/external/aopalliance-repackaged/2.5.0/aopalliance-repackaged-2.5.0.jar:/home/user/.m2/repository/com/fasterxml/jackson/dataformat/jackson-dataformat-xml/2.9.0/jackson-dataformat-xml-2.9.0.jar:/home/user/.m2/repository/com/fasterxml/jackson/module/jackson-module-jaxb-annotations/2.9.9/jackson-module-jaxb-annotations-2.9.9.jar:/home/user/.m2/repository/javax/enterprise/cdi-api/1.2/cdi-api-1.2.jar:/home/user/.m2/repository/javax/el/javax.el-api/3.0.0/javax.el-api-3.0.0.jar:/home/user/.m2/repository/javax/interceptor/javax.interceptor-api/1.2/javax.interceptor-api-1.2.jar:/home/user/.m2/repository/javax/inject/javax.inject/1/javax.inject-1.jar:/home/user/.m2/repository/org/apache/hadoop/hadoop-ozone-csi/0.5.0-SNAPSHOT/hadoop-ozone-csi-0.5.0-SNAPSHOT.jar:/home/user/.m2/repository/com/google/protobuf/protobuf-java-util/3.5.1/protobuf-java-util-3.5.1.jar:/home/user/.m2/repository/io/grpc/grpc-netty/1.17.1/grpc-netty-1.17.1.jar:/home/user/.m2/repository/io/grpc/grpc-core/1.17.1/grpc-core-1.17.1.jar:/home/user/.m2/repository/io/grpc/grpc-context/1.17.1/grpc-context-1.17.1.jar:/home/user/.m2/repository/com/google/errorprone/error_prone_annotations/2.2.0/error_prone_annotations-2.2.0.jar:/home/user/.m2/repository/org/codehaus/mojo/animal-sniffer-annotations/1.17/animal-sniffer-annotations-1.17.jar:/home/user/.m2/repository/io/opencensus/opencensus-api/0.17.0/opencensus-api-0.17.0.jar:/home/user/.m2/repository/io/opencensus/opencensus-contrib-grpc-metrics/0.17.0/opencensus-contrib-grpc-metrics-0.17.0.jar:/home/user/.m2/repository/io/netty/netty-codec-http2/4.1.30.Final/netty-codec-http2-4.1.30.Final.jar:/home/user/.m2/repository/io/netty/netty-codec-http/4.1.30.Final/netty-codec-http-4.1.30.Final.jar:/home/user/.m2/repository/io/netty/netty-codec/4.1.30.Final/netty-codec-4.1.30.Final.jar:/home/user/.m2/repository/io/netty/netty-handler/4.1.30.Final/netty-handler-4.1.30.Final.jar:/home/user/.m2/repository/io/netty/netty-handler-proxy/4.1.30.Final/netty-handler-proxy-4.1.30.Final.jar:/home/user/.m2/repository/io/netty/netty-codec-socks/4.1.30.Final/netty-codec-socks-4.1.30.Final.jar:/home/user/.m2/repository/io/netty/netty-transport-native-epoll/4.1.30.Final/netty-transport-native-epoll-4.1.30.Final.jar:/home/user/.m2/repository/io/netty/netty-common/4.1.30.Final/netty-common-4.1.30.Final.jar:/home/user/.m2/repository/io/netty/netty-buffer/4.1.30.Final/netty-buffer-4.1.30.Final.jar:/home/user/.m2/repository/io/netty/netty-transport/4.1.30.Final/netty-transport-4.1.30.Final.jar:/home/user/.m2/repository/io/netty/netty-resolver/4.1.30.Final/netty-resolver-4.1.30.Final.jar:/home/user/.m2/repository/io/netty/netty-transport-native-unix-common/4.1.30.Final/netty-transport-native-unix-common-4.1.30.Final.jar:/home/user/.m2/repository/io/grpc/grpc-protobuf/1.17.1/grpc-protobuf-1.17.1.jar:/home/user/.m2/repository/com/google/api/grpc/proto-google-common-protos/1.0.0/proto-google-common-protos-1.0.0.jar:/home/user/.m2/repository/io/grpc/grpc-protobuf-lite/1.17.1/grpc-protobuf-lite-1.17.1.jar:/home/user/.m2/repository/io/grpc/grpc-stub/1.17.1/grpc-stub-1.17.1.jar:/home/user/.m2/repository/org/apache/hadoop/hadoop-ozone-recon/0.5.0-SNAPSHOT/hadoop-ozone-recon-0.5.0-SNAPSHOT.jar:/home/user/.m2/repository/org/apache/hadoop/hadoop-ozone-reconcodegen/0.5.0-SNAPSHOT/hadoop-ozone-reconcodegen-0.5.0-SNAPSHOT.jar:/home/user/.m2/repository/com/google/inject/extensions/guice-multibindings/4.0/guice-multibindings-4.0.jar:/home/user/.m2/repository/com/google/inject/guice/4.0/guice-4.0.jar:/home/user/.m2/repository/aopalliance/aopalliance/1.0/aopalliance-1.0.jar:/home/user/.m2/repository/com/google/inject/extensions/guice-servlet/4.0/guice-servlet-4.0.jar:/home/user/.m2/repository/org/glassfish/jersey/containers/jersey-container-servlet/2.27/jersey-container-servlet-2.27.jar:/home/user/.m2/repository/org/glassfish/hk2/guice-bridge/2.5.0/guice-bridge-2.5.0.jar:/home/user/.m2/repository/org/glassfish/jersey/core/jersey-server/2.27/jersey-server-2.27.jar:/home/user/.m2/repository/org/glassfish/jersey/core/jersey-client/2.27/jersey-client-2.27.jar:/home/user/.m2/repository/org/glassfish/jersey/media/jersey-media-jaxb/2.27/jersey-media-jaxb-2.27.jar:/home/user/.m2/repository/javax/validation/validation-api/1.1.0.Final/validation-api-1.1.0.Final.jar:/home/user/.m2/repository/org/glassfish/jersey/media/jersey-media-json-jackson/2.27/jersey-media-json-jackson-2.27.jar:/home/user/.m2/repository/org/glassfish/jersey/ext/jersey-entity-filtering/2.27/jersey-entity-filtering-2.27.jar:/home/user/.m2/repository/com/google/inject/extensions/guice-assistedinject/4.0/guice-assistedinject-4.0.jar:/home/user/.m2/repository/org/jooq/jooq/3.11.10/jooq-3.11.10.jar:/home/user/.m2/repository/org/jooq/jooq-meta/3.11.10/jooq-meta-3.11.10.jar:/home/user/.m2/repository/org/jooq/jooq-codegen/3.11.10/jooq-codegen-3.11.10.jar:/home/user/.m2/repository/com/jolbox/bonecp/0.8.0.RELEASE/bonecp-0.8.0.RELEASE.jar:/home/user/.m2/repository/org/springframework/spring-jdbc/5.1.3.RELEASE/spring-jdbc-5.1.3.RELEASE.jar:/home/user/.m2/repository/org/springframework/spring-beans/5.1.3.RELEASE/spring-beans-5.1.3.RELEASE.jar:/home/user/.m2/repository/org/springframework/spring-core/5.1.3.RELEASE/spring-core-5.1.3.RELEASE.jar:/home/user/.m2/repository/org/springframework/spring-jcl/5.1.3.RELEASE/spring-jcl-5.1.3.RELEASE.jar:/home/user/.m2/repository/org/springframework/spring-tx/5.1.3.RELEASE/spring-tx-5.1.3.RELEASE.jar:/home/user/.m2/repository/org/mockito/mockito-core/2.15.0/mockito-core-2.15.0.jar:/home/user/.m2/repository/net/bytebuddy/byte-buddy/1.7.9/byte-buddy-1.7.9.jar:/home/user/.m2/repository/net/bytebuddy/byte-buddy-agent/1.7.9/byte-buddy-agent-1.7.9.jar:/home/user/.m2/repository/org/objenesis/objenesis/1.0/objenesis-1.0.jar:"/>
    <property name="java.vm.vendor" value="IcedTea"/>
    <property name="sun.arch.data.model" value="64"/>
    <property name="test.build.dir" value="/workdir/hadoop-ozone/tools/target/test-dir"/>
    <property name="test.cache.data" value=""/>
    <property name="java.vendor.url" value="https://icedtea.classpath.org"/>
    <property name="user.timezone" value=""/>
    <property name="java.vm.specification.version" value="1.8"/>
    <property name="os.name" value="Linux"/>
    <property name="test.build.data" value="/workdir/hadoop-ozone/tools/target/test-dir"/>
    <property name="user.country" value="US"/>
    <property name="sun.java.launcher" value="SUN_STANDARD"/>
    <property name="sun.boot.library.path" value="/usr/lib/jvm/java-1.8-openjdk/jre/lib/amd64"/>
    <property name="sun.java.command" value="/workdir/hadoop-ozone/tools/target/surefire/surefirebooter3200161731845481029.jar /workdir/hadoop-ozone/tools/target/surefire 2019-09-26T15-34-27_911-jvmRun1 surefire1063812257836528839tmp surefire_1098439987308489435246tmp"/>
    <property name="test" value="!TestMiniChaosOzoneCluster"/>
    <property name="surefire.test.class.path" value="/workdir/hadoop-ozone/tools/target/test-classes:/workdir/hadoop-ozone/tools/target/classes:/home/user/.m2/repository/org/apache/hadoop/hadoop-ozone-ozone-manager/0.5.0-SNAPSHOT/hadoop-ozone-ozone-manager-0.5.0-SNAPSHOT.jar:/home/user/.m2/repository/org/apache/hadoop/hadoop-hdds-docs/0.5.0-SNAPSHOT/hadoop-hdds-docs-0.5.0-SNAPSHOT.jar:/home/user/.m2/repository/org/bouncycastle/bcprov-jdk15on/1.60/bcprov-jdk15on-1.60.jar:/home/user/.m2/repository/org/apache/hadoop/hadoop-ozone-common/0.5.0-SNAPSHOT/hadoop-ozone-common-0.5.0-SNAPSHOT.jar:/home/user/.m2/repository/org/apache/commons/commons-compress/1.4.1/commons-compress-1.4.1.jar:/home/user/.m2/repository/org/tukaani/xz/1.0/xz-1.0.jar:/home/user/.m2/repository/org/apache/hadoop/hadoop-hdfs-client/3.2.0/hadoop-hdfs-client-3.2.0.jar:/home/user/.m2/repository/com/fasterxml/jackson/core/jackson-annotations/2.9.9/jackson-annotations-2.9.9.jar:/home/user/.m2/repository/org/apache/hadoop/hadoop-hdds-common/0.5.0-SNAPSHOT/hadoop-hdds-common-0.5.0-SNAPSHOT.jar:/home/user/.m2/repository/org/apache/hadoop/hadoop-hdds-config/0.5.0-SNAPSHOT/hadoop-hdds-config-0.5.0-SNAPSHOT.jar:/home/user/.m2/repository/javax/annotation/javax.annotation-api/1.2/javax.annotation-api-1.2.jar:/home/user/.m2/repository/org/apache/ratis/ratis-server/0.4.0/ratis-server-0.4.0.jar:/home/user/.m2/repository/org/apache/ratis/ratis-thirdparty-misc/0.2.0/ratis-thirdparty-misc-0.2.0.jar:/home/user/.m2/repository/org/apache/ratis/ratis-proto/0.4.0/ratis-proto-0.4.0.jar:/home/user/.m2/repository/org/apache/ratis/ratis-common/0.4.0/ratis-common-0.4.0.jar:/home/user/.m2/repository/org/apache/ratis/ratis-client/0.4.0/ratis-client-0.4.0.jar:/home/user/.m2/repository/org/apache/ratis/ratis-metrics/0.4.0/ratis-metrics-0.4.0.jar:/home/user/.m2/repository/com/github/joshelser/dropwizard-metrics-hadoop-metrics2-reporter/0.1.2/dropwizard-metrics-hadoop-metrics2-reporter-0.1.2.jar:/home/user/.m2/repository/io/dropwizard/metrics/metrics-jvm/3.2.5/metrics-jvm-3.2.5.jar:/home/user/.m2/repository/io/dropwizard/metrics/metrics-ganglia/3.2.5/metrics-ganglia-3.2.5.jar:/home/user/.m2/repository/info/ganglia/gmetric4j/gmetric4j/1.0.7/gmetric4j-1.0.7.jar:/home/user/.m2/repository/org/apache/ratis/ratis-netty/0.4.0/ratis-netty-0.4.0.jar:/home/user/.m2/repository/org/apache/ratis/ratis-grpc/0.4.0/ratis-grpc-0.4.0.jar:/home/user/.m2/repository/org/rocksdb/rocksdbjni/6.0.1/rocksdbjni-6.0.1.jar:/home/user/.m2/repository/org/apache/logging/log4j/log4j-api/2.11.0/log4j-api-2.11.0.jar:/home/user/.m2/repository/org/apache/logging/log4j/log4j-core/2.11.0/log4j-core-2.11.0.jar:/home/user/.m2/repository/com/lmax/disruptor/3.4.2/disruptor-3.4.2.jar:/home/user/.m2/repository/org/apache/commons/commons-pool2/2.6.0/commons-pool2-2.6.0.jar:/home/user/.m2/repository/org/bouncycastle/bcpkix-jdk15on/1.60/bcpkix-jdk15on-1.60.jar:/home/user/.m2/repository/commons-validator/commons-validator/1.6/commons-validator-1.6.jar:/home/user/.m2/repository/commons-digester/commons-digester/1.8.1/commons-digester-1.8.1.jar:/home/user/.m2/repository/io/jaegertracing/jaeger-client/0.34.0/jaeger-client-0.34.0.jar:/home/user/.m2/repository/io/jaegertracing/jaeger-thrift/0.34.0/jaeger-thrift-0.34.0.jar:/home/user/.m2/repository/org/apache/thrift/libthrift/0.12.0/libthrift-0.12.0.jar:/home/user/.m2/repository/com/squareup/okhttp3/okhttp/3.9.0/okhttp-3.9.0.jar:/home/user/.m2/repository/com/squareup/okio/okio/1.13.0/okio-1.13.0.jar:/home/user/.m2/repository/io/jaegertracing/jaeger-core/0.34.0/jaeger-core-0.34.0.jar:/home/user/.m2/repository/io/jaegertracing/jaeger-tracerresolver/0.34.0/jaeger-tracerresolver-0.34.0.jar:/home/user/.m2/repository/io/opentracing/contrib/opentracing-tracerresolver/0.1.5/opentracing-tracerresolver-0.1.5.jar:/home/user/.m2/repository/io/opentracing/opentracing-util/0.31.0/opentracing-util-0.31.0.jar:/home/user/.m2/repository/io/opentracing/opentracing-api/0.31.0/opentracing-api-0.31.0.jar:/home/user/.m2/repository/io/opentracing/opentracing-noop/0.31.0/opentracing-noop-0.31.0.jar:/home/user/.m2/repository/org/yaml/snakeyaml/1.16/snakeyaml-1.16.jar:/home/user/.m2/repository/org/apache/hadoop/hadoop-hdds-container-service/0.5.0-SNAPSHOT/hadoop-hdds-container-service-0.5.0-SNAPSHOT.jar:/home/user/.m2/repository/org/apache/hadoop/hadoop-hdds-client/0.5.0-SNAPSHOT/hadoop-hdds-client-0.5.0-SNAPSHOT.jar:/home/user/.m2/repository/org/apache/hadoop/hadoop-hdds-tools/0.5.0-SNAPSHOT/hadoop-hdds-tools-0.5.0-SNAPSHOT.jar:/home/user/.m2/repository/org/xerial/sqlite-jdbc/3.25.2/sqlite-jdbc-3.25.2.jar:/home/user/.m2/repository/org/apache/hadoop/hadoop-hdds-server-scm/0.5.0-SNAPSHOT/hadoop-hdds-server-scm-0.5.0-SNAPSHOT.jar:/home/user/.m2/repository/org/hamcrest/hamcrest-all/1.3/hamcrest-all-1.3.jar:/home/user/.m2/repository/info/picocli/picocli/3.9.6/picocli-3.9.6.jar:/home/user/.m2/repository/com/google/protobuf/protobuf-java/2.5.0/protobuf-java-2.5.0.jar:/home/user/.m2/repository/com/google/guava/guava/11.0.2/guava-11.0.2.jar:/home/user/.m2/repository/org/apache/hadoop/hadoop-ozone-client/0.5.0-SNAPSHOT/hadoop-ozone-client-0.5.0-SNAPSHOT.jar:/workdir/hadoop-ozone/ozonefs/target/classes:/home/user/.m2/repository/org/apache/httpcomponents/httpclient/4.5.2/httpclient-4.5.2.jar:/home/user/.m2/repository/org/apache/httpcomponents/httpcore/4.4.4/httpcore-4.4.4.jar:/home/user/.m2/repository/org/apache/hadoop/hadoop-hdds-server-framework/0.5.0-SNAPSHOT/hadoop-hdds-server-framework-0.5.0-SNAPSHOT.jar:/home/user/.m2/repository/org/apache/hadoop/hadoop-common/3.2.0/hadoop-common-3.2.0.jar:/home/user/.m2/repository/org/apache/hadoop/hadoop-annotations/3.2.0/hadoop-annotations-3.2.0.jar:/usr/lib/jvm/java-1.8-openjdk/jre/../lib/tools.jar:/home/user/.m2/repository/commons-cli/commons-cli/1.2/commons-cli-1.2.jar:/home/user/.m2/repository/org/apache/commons/commons-math3/3.1.1/commons-math3-3.1.1.jar:/home/user/.m2/repository/commons-codec/commons-codec/1.11/commons-codec-1.11.jar:/home/user/.m2/repository/commons-io/commons-io/2.5/commons-io-2.5.jar:/home/user/.m2/repository/commons-net/commons-net/3.6/commons-net-3.6.jar:/home/user/.m2/repository/commons-collections/commons-collections/3.2.2/commons-collections-3.2.2.jar:/home/user/.m2/repository/javax/servlet/javax.servlet-api/3.1.0/javax.servlet-api-3.1.0.jar:/home/user/.m2/repository/org/eclipse/jetty/jetty-server/9.3.25.v20180904/jetty-server-9.3.25.v20180904.jar:/home/user/.m2/repository/org/eclipse/jetty/jetty-http/9.3.25.v20180904/jetty-http-9.3.25.v20180904.jar:/home/user/.m2/repository/org/eclipse/jetty/jetty-io/9.3.25.v20180904/jetty-io-9.3.25.v20180904.jar:/home/user/.m2/repository/org/eclipse/jetty/jetty-util/9.3.25.v20180904/jetty-util-9.3.25.v20180904.jar:/home/user/.m2/repository/org/eclipse/jetty/jetty-servlet/9.3.25.v20180904/jetty-servlet-9.3.25.v20180904.jar:/home/user/.m2/repository/org/eclipse/jetty/jetty-security/9.3.25.v20180904/jetty-security-9.3.25.v20180904.jar:/home/user/.m2/repository/org/eclipse/jetty/jetty-webapp/9.3.25.v20180904/jetty-webapp-9.3.25.v20180904.jar:/home/user/.m2/repository/org/eclipse/jetty/jetty-xml/9.3.25.v20180904/jetty-xml-9.3.25.v20180904.jar:/home/user/.m2/repository/javax/servlet/jsp/jsp-api/2.1/jsp-api-2.1.jar:/home/user/.m2/repository/com/sun/jersey/jersey-core/1.19/jersey-core-1.19.jar:/home/user/.m2/repository/javax/ws/rs/jsr311-api/1.1.1/jsr311-api-1.1.1.jar:/home/user/.m2/repository/com/sun/jersey/jersey-servlet/1.19/jersey-servlet-1.19.jar:/home/user/.m2/repository/com/sun/jersey/jersey-json/1.19/jersey-json-1.19.jar:/home/user/.m2/repository/org/codehaus/jettison/jettison/1.1/jettison-1.1.jar:/home/user/.m2/repository/com/sun/xml/bind/jaxb-impl/2.3.0.1/jaxb-impl-2.3.0.1.jar:/home/user/.m2/repository/org/codehaus/jackson/jackson-core-asl/1.9.13/jackson-core-asl-1.9.13.jar:/home/user/.m2/repository/org/codehaus/jackson/jackson-mapper-asl/1.9.13/jackson-mapper-asl-1.9.13.jar:/home/user/.m2/repository/org/codehaus/jackson/jackson-jaxrs/1.9.13/jackson-jaxrs-1.9.13.jar:/home/user/.m2/repository/org/codehaus/jackson/jackson-xc/1.9.13/jackson-xc-1.9.13.jar:/home/user/.m2/repository/com/sun/jersey/jersey-server/1.19/jersey-server-1.19.jar:/home/user/.m2/repository/commons-logging/commons-logging/1.1.3/commons-logging-1.1.3.jar:/home/user/.m2/repository/log4j/log4j/1.2.17/log4j-1.2.17.jar:/home/user/.m2/repository/commons-beanutils/commons-beanutils/1.9.4/commons-beanutils-1.9.4.jar:/home/user/.m2/repository/org/apache/commons/commons-configuration2/2.1.1/commons-configuration2-2.1.1.jar:/home/user/.m2/repository/org/apache/commons/commons-lang3/3.7/commons-lang3-3.7.jar:/home/user/.m2/repository/org/apache/commons/commons-text/1.4/commons-text-1.4.jar:/home/user/.m2/repository/org/slf4j/slf4j-api/1.7.25/slf4j-api-1.7.25.jar:/home/user/.m2/repository/org/slf4j/slf4j-log4j12/1.7.25/slf4j-log4j12-1.7.25.jar:/home/user/.m2/repository/org/apache/avro/avro/1.7.7/avro-1.7.7.jar:/home/user/.m2/repository/com/thoughtworks/paranamer/paranamer/2.3/paranamer-2.3.jar:/home/user/.m2/repository/org/xerial/snappy/snappy-java/1.0.5/snappy-java-1.0.5.jar:/home/user/.m2/repository/com/google/re2j/re2j/1.1/re2j-1.1.jar:/home/user/.m2/repository/com/google/code/gson/gson/2.2.4/gson-2.2.4.jar:/home/user/.m2/repository/org/apache/hadoop/hadoop-auth/3.2.0/hadoop-auth-3.2.0.jar:/home/user/.m2/repository/com/nimbusds/nimbus-jose-jwt/4.41.1/nimbus-jose-jwt-4.41.1.jar:/home/user/.m2/repository/com/github/stephenc/jcip/jcip-annotations/1.0-1/jcip-annotations-1.0-1.jar:/home/user/.m2/repository/net/minidev/json-smart/2.3/json-smart-2.3.jar:/home/user/.m2/repository/net/minidev/accessors-smart/1.2/accessors-smart-1.2.jar:/home/user/.m2/repository/org/apache/curator/curator-framework/2.12.0/curator-framework-2.12.0.jar:/home/user/.m2/repository/com/jcraft/jsch/0.1.54/jsch-0.1.54.jar:/home/user/.m2/repository/org/apache/curator/curator-client/2.12.0/curator-client-2.12.0.jar:/home/user/.m2/repository/org/apache/curator/curator-recipes/2.12.0/curator-recipes-2.12.0.jar:/home/user/.m2/repository/com/google/code/findbugs/jsr305/3.0.0/jsr305-3.0.0.jar:/home/user/.m2/repository/org/apache/htrace/htrace-core4/4.1.0-incubating/htrace-core4-4.1.0-incubating.jar:/home/user/.m2/repository/org/apache/zookeeper/zookeeper/3.4.13/zookeeper-3.4.13.jar:/home/user/.m2/repository/jline/jline/0.9.94/jline-0.9.94.jar:/home/user/.m2/repository/org/apache/yetus/audience-annotations/0.5.0/audience-annotations-0.5.0.jar:/home/user/.m2/repository/org/apache/kerby/kerb-simplekdc/1.0.1/kerb-simplekdc-1.0.1.jar:/home/user/.m2/repository/org/apache/kerby/kerb-client/1.0.1/kerb-client-1.0.1.jar:/home/user/.m2/repository/org/apache/kerby/kerby-config/1.0.1/kerby-config-1.0.1.jar:/home/user/.m2/repository/org/apache/kerby/kerb-core/1.0.1/kerb-core-1.0.1.jar:/home/user/.m2/repository/org/apache/kerby/kerby-pkix/1.0.1/kerby-pkix-1.0.1.jar:/home/user/.m2/repository/org/apache/kerby/kerby-asn1/1.0.1/kerby-asn1-1.0.1.jar:/home/user/.m2/repository/org/apache/kerby/kerby-util/1.0.1/kerby-util-1.0.1.jar:/home/user/.m2/repository/org/apache/kerby/kerb-common/1.0.1/kerb-common-1.0.1.jar:/home/user/.m2/repository/org/apache/kerby/kerb-crypto/1.0.1/kerb-crypto-1.0.1.jar:/home/user/.m2/repository/org/apache/kerby/kerb-util/1.0.1/kerb-util-1.0.1.jar:/home/user/.m2/repository/org/apache/kerby/token-provider/1.0.1/token-provider-1.0.1.jar:/home/user/.m2/repository/org/apache/kerby/kerb-admin/1.0.1/kerb-admin-1.0.1.jar:/home/user/.m2/repository/org/apache/kerby/kerb-server/1.0.1/kerb-server-1.0.1.jar:/home/user/.m2/repository/org/apache/kerby/kerb-identity/1.0.1/kerb-identity-1.0.1.jar:/home/user/.m2/repository/org/apache/kerby/kerby-xdr/1.0.1/kerby-xdr-1.0.1.jar:/home/user/.m2/repository/com/fasterxml/jackson/core/jackson-databind/2.9.9/jackson-databind-2.9.9.jar:/home/user/.m2/repository/com/fasterxml/jackson/core/jackson-core/2.9.9/jackson-core-2.9.9.jar:/home/user/.m2/repository/org/codehaus/woodstox/stax2-api/3.1.4/stax2-api-3.1.4.jar:/home/user/.m2/repository/com/fasterxml/woodstox/woodstox-core/5.0.3/woodstox-core-5.0.3.jar:/home/user/.m2/repository/dnsjava/dnsjava/2.1.7/dnsjava-2.1.7.jar:/home/user/.m2/repository/org/apache/hadoop/hadoop-hdfs/3.2.0/hadoop-hdfs-3.2.0.jar:/home/user/.m2/repository/org/eclipse/jetty/jetty-util-ajax/9.3.25.v20180904/jetty-util-ajax-9.3.25.v20180904.jar:/home/user/.m2/repository/commons-daemon/commons-daemon/1.0.13/commons-daemon-1.0.13.jar:/home/user/.m2/repository/io/netty/netty/3.10.5.Final/netty-3.10.5.Final.jar:/home/user/.m2/repository/io/netty/netty-all/4.0.52.Final/netty-all-4.0.52.Final.jar:/home/user/.m2/repository/org/fusesource/leveldbjni/leveldbjni-all/1.8/leveldbjni-all-1.8.jar:/home/user/.m2/repository/com/sun/xml/bind/jaxb-core/2.3.0.1/jaxb-core-2.3.0.1.jar:/home/user/.m2/repository/javax/xml/bind/jaxb-api/2.3.0/jaxb-api-2.3.0.jar:/home/user/.m2/repository/javax/activation/activation/1.1.1/activation-1.1.1.jar:/home/user/.m2/repository/io/dropwizard/metrics/metrics-core/3.2.4/metrics-core-3.2.4.jar:/home/user/.m2/repository/org/openjdk/jmh/jmh-core/1.19/jmh-core-1.19.jar:/home/user/.m2/repository/net/sf/jopt-simple/jopt-simple/4.6/jopt-simple-4.6.jar:/home/user/.m2/repository/org/openjdk/jmh/jmh-generator-annprocess/1.19/jmh-generator-annprocess-1.19.jar:/home/user/.m2/repository/com/amazonaws/aws-java-sdk-s3/1.11.615/aws-java-sdk-s3-1.11.615.jar:/home/user/.m2/repository/com/amazonaws/aws-java-sdk-kms/1.11.615/aws-java-sdk-kms-1.11.615.jar:/home/user/.m2/repository/com/amazonaws/aws-java-sdk-core/1.11.615/aws-java-sdk-core-1.11.615.jar:/home/user/.m2/repository/software/amazon/ion/ion-java/1.0.2/ion-java-1.0.2.jar:/home/user/.m2/repository/com/fasterxml/jackson/dataformat/jackson-dataformat-cbor/2.9.9/jackson-dataformat-cbor-2.9.9.jar:/home/user/.m2/repository/joda-time/joda-time/2.9.9/joda-time-2.9.9.jar:/home/user/.m2/repository/com/amazonaws/jmespath-java/1.11.615/jmespath-java-1.11.615.jar:/home/user/.m2/repository/com/google/code/findbugs/findbugs/3.0.1/findbugs-3.0.1.jar:/home/user/.m2/repository/net/jcip/jcip-annotations/1.0/jcip-annotations-1.0.jar:/home/user/.m2/repository/com/google/code/findbugs/bcel-findbugs/6.0/bcel-findbugs-6.0.jar:/home/user/.m2/repository/com/google/code/findbugs/jFormatString/2.0.1/jFormatString-2.0.1.jar:/home/user/.m2/repository/dom4j/dom4j/1.6.1/dom4j-1.6.1.jar:/home/user/.m2/repository/xml-apis/xml-apis/1.0.b2/xml-apis-1.0.b2.jar:/home/user/.m2/repository/org/ow2/asm/asm-debug-all/5.0.2/asm-debug-all-5.0.2.jar:/home/user/.m2/repository/org/ow2/asm/asm-commons/5.0.2/asm-commons-5.0.2.jar:/home/user/.m2/repository/org/ow2/asm/asm-tree/5.0.2/asm-tree-5.0.2.jar:/home/user/.m2/repository/org/ow2/asm/asm/5.0.4/asm-5.0.4.jar:/home/user/.m2/repository/commons-lang/commons-lang/2.6/commons-lang-2.6.jar:/home/user/.m2/repository/com/apple/AppleJavaExtensions/1.4/AppleJavaExtensions-1.4.jar:/home/user/.m2/repository/jaxen/jaxen/1.1.6/jaxen-1.1.6.jar:/home/user/.m2/repository/junit/junit/4.11/junit-4.11.jar:/home/user/.m2/repository/org/hamcrest/hamcrest-core/1.3/hamcrest-core-1.3.jar:/home/user/.m2/repository/org/apache/hadoop/hadoop-common/3.2.0/hadoop-common-3.2.0-tests.jar:/workdir/hadoop-ozone/integration-test/target/test-classes:/home/user/.m2/repository/org/apache/hadoop/hadoop-ozone-s3gateway/0.5.0-SNAPSHOT/hadoop-ozone-s3gateway-0.5.0-SNAPSHOT.jar:/home/user/.m2/repository/org/jboss/weld/servlet/weld-servlet/2.4.7.Final/weld-servlet-2.4.7.Final.jar:/home/user/.m2/repository/org/glassfish/jersey/containers/jersey-container-servlet-core/2.27/jersey-container-servlet-core-2.27.jar:/home/user/.m2/repository/org/glassfish/hk2/external/javax.inject/2.5.0-b42/javax.inject-2.5.0-b42.jar:/home/user/.m2/repository/org/glassfish/jersey/core/jersey-common/2.27/jersey-common-2.27.jar:/home/user/.m2/repository/org/glassfish/hk2/osgi-resource-locator/1.0.1/osgi-resource-locator-1.0.1.jar:/home/user/.m2/repository/javax/ws/rs/javax.ws.rs-api/2.1/javax.ws.rs-api-2.1.jar:/home/user/.m2/repository/org/glassfish/jersey/ext/cdi/jersey-cdi1x/2.27/jersey-cdi1x-2.27.jar:/home/user/.m2/repository/org/glassfish/jersey/inject/jersey-hk2/2.27/jersey-hk2-2.27.jar:/home/user/.m2/repository/org/glassfish/hk2/hk2-locator/2.5.0-b42/hk2-locator-2.5.0-b42.jar:/home/user/.m2/repository/org/javassist/javassist/3.22.0-CR2/javassist-3.22.0-CR2.jar:/home/user/.m2/repository/org/glassfish/hk2/hk2-api/2.5.0/hk2-api-2.5.0.jar:/home/user/.m2/repository/org/glassfish/hk2/external/jakarta.inject/2.5.0/jakarta.inject-2.5.0.jar:/home/user/.m2/repository/org/glassfish/hk2/hk2-utils/2.5.0/hk2-utils-2.5.0.jar:/home/user/.m2/repository/jakarta/annotation/jakarta.annotation-api/1.3.4/jakarta.annotation-api-1.3.4.jar:/home/user/.m2/repository/org/glassfish/hk2/external/aopalliance-repackaged/2.5.0/aopalliance-repackaged-2.5.0.jar:/home/user/.m2/repository/com/fasterxml/jackson/dataformat/jackson-dataformat-xml/2.9.0/jackson-dataformat-xml-2.9.0.jar:/home/user/.m2/repository/com/fasterxml/jackson/module/jackson-module-jaxb-annotations/2.9.9/jackson-module-jaxb-annotations-2.9.9.jar:/home/user/.m2/repository/javax/enterprise/cdi-api/1.2/cdi-api-1.2.jar:/home/user/.m2/repository/javax/el/javax.el-api/3.0.0/javax.el-api-3.0.0.jar:/home/user/.m2/repository/javax/interceptor/javax.interceptor-api/1.2/javax.interceptor-api-1.2.jar:/home/user/.m2/repository/javax/inject/javax.inject/1/javax.inject-1.jar:/home/user/.m2/repository/org/apache/hadoop/hadoop-ozone-csi/0.5.0-SNAPSHOT/hadoop-ozone-csi-0.5.0-SNAPSHOT.jar:/home/user/.m2/repository/com/google/protobuf/protobuf-java-util/3.5.1/protobuf-java-util-3.5.1.jar:/home/user/.m2/repository/io/grpc/grpc-netty/1.17.1/grpc-netty-1.17.1.jar:/home/user/.m2/repository/io/grpc/grpc-core/1.17.1/grpc-core-1.17.1.jar:/home/user/.m2/repository/io/grpc/grpc-context/1.17.1/grpc-context-1.17.1.jar:/home/user/.m2/repository/com/google/errorprone/error_prone_annotations/2.2.0/error_prone_annotations-2.2.0.jar:/home/user/.m2/repository/org/codehaus/mojo/animal-sniffer-annotations/1.17/animal-sniffer-annotations-1.17.jar:/home/user/.m2/repository/io/opencensus/opencensus-api/0.17.0/opencensus-api-0.17.0.jar:/home/user/.m2/repository/io/opencensus/opencensus-contrib-grpc-metrics/0.17.0/opencensus-contrib-grpc-metrics-0.17.0.jar:/home/user/.m2/repository/io/netty/netty-codec-http2/4.1.30.Final/netty-codec-http2-4.1.30.Final.jar:/home/user/.m2/repository/io/netty/netty-codec-http/4.1.30.Final/netty-codec-http-4.1.30.Final.jar:/home/user/.m2/repository/io/netty/netty-codec/4.1.30.Final/netty-codec-4.1.30.Final.jar:/home/user/.m2/repository/io/netty/netty-handler/4.1.30.Final/netty-handler-4.1.30.Final.jar:/home/user/.m2/repository/io/netty/netty-handler-proxy/4.1.30.Final/netty-handler-proxy-4.1.30.Final.jar:/home/user/.m2/repository/io/netty/netty-codec-socks/4.1.30.Final/netty-codec-socks-4.1.30.Final.jar:/home/user/.m2/repository/io/netty/netty-transport-native-epoll/4.1.30.Final/netty-transport-native-epoll-4.1.30.Final.jar:/home/user/.m2/repository/io/netty/netty-common/4.1.30.Final/netty-common-4.1.30.Final.jar:/home/user/.m2/repository/io/netty/netty-buffer/4.1.30.Final/netty-buffer-4.1.30.Final.jar:/home/user/.m2/repository/io/netty/netty-transport/4.1.30.Final/netty-transport-4.1.30.Final.jar:/home/user/.m2/repository/io/netty/netty-resolver/4.1.30.Final/netty-resolver-4.1.30.Final.jar:/home/user/.m2/repository/io/netty/netty-transport-native-unix-common/4.1.30.Final/netty-transport-native-unix-common-4.1.30.Final.jar:/home/user/.m2/repository/io/grpc/grpc-protobuf/1.17.1/grpc-protobuf-1.17.1.jar:/home/user/.m2/repository/com/google/api/grpc/proto-google-common-protos/1.0.0/proto-google-common-protos-1.0.0.jar:/home/user/.m2/repository/io/grpc/grpc-protobuf-lite/1.17.1/grpc-protobuf-lite-1.17.1.jar:/home/user/.m2/repository/io/grpc/grpc-stub/1.17.1/grpc-stub-1.17.1.jar:/home/user/.m2/repository/org/apache/hadoop/hadoop-ozone-recon/0.5.0-SNAPSHOT/hadoop-ozone-recon-0.5.0-SNAPSHOT.jar:/home/user/.m2/repository/org/apache/hadoop/hadoop-ozone-reconcodegen/0.5.0-SNAPSHOT/hadoop-ozone-reconcodegen-0.5.0-SNAPSHOT.jar:/home/user/.m2/repository/com/google/inject/extensions/guice-multibindings/4.0/guice-multibindings-4.0.jar:/home/user/.m2/repository/com/google/inject/guice/4.0/guice-4.0.jar:/home/user/.m2/repository/aopalliance/aopalliance/1.0/aopalliance-1.0.jar:/home/user/.m2/repository/com/google/inject/extensions/guice-servlet/4.0/guice-servlet-4.0.jar:/home/user/.m2/repository/org/glassfish/jersey/containers/jersey-container-servlet/2.27/jersey-container-servlet-2.27.jar:/home/user/.m2/repository/org/glassfish/hk2/guice-bridge/2.5.0/guice-bridge-2.5.0.jar:/home/user/.m2/repository/org/glassfish/jersey/core/jersey-server/2.27/jersey-server-2.27.jar:/home/user/.m2/repository/org/glassfish/jersey/core/jersey-client/2.27/jersey-client-2.27.jar:/home/user/.m2/repository/org/glassfish/jersey/media/jersey-media-jaxb/2.27/jersey-media-jaxb-2.27.jar:/home/user/.m2/repository/javax/validation/validation-api/1.1.0.Final/validation-api-1.1.0.Final.jar:/home/user/.m2/repository/org/glassfish/jersey/media/jersey-media-json-jackson/2.27/jersey-media-json-jackson-2.27.jar:/home/user/.m2/repository/org/glassfish/jersey/ext/jersey-entity-filtering/2.27/jersey-entity-filtering-2.27.jar:/home/user/.m2/repository/com/google/inject/extensions/guice-assistedinject/4.0/guice-assistedinject-4.0.jar:/home/user/.m2/repository/org/jooq/jooq/3.11.10/jooq-3.11.10.jar:/home/user/.m2/repository/org/jooq/jooq-meta/3.11.10/jooq-meta-3.11.10.jar:/home/user/.m2/repository/org/jooq/jooq-codegen/3.11.10/jooq-codegen-3.11.10.jar:/home/user/.m2/repository/com/jolbox/bonecp/0.8.0.RELEASE/bonecp-0.8.0.RELEASE.jar:/home/user/.m2/repository/org/springframework/spring-jdbc/5.1.3.RELEASE/spring-jdbc-5.1.3.RELEASE.jar:/home/user/.m2/repository/org/springframework/spring-beans/5.1.3.RELEASE/spring-beans-5.1.3.RELEASE.jar:/home/user/.m2/repository/org/springframework/spring-core/5.1.3.RELEASE/spring-core-5.1.3.RELEASE.jar:/home/user/.m2/repository/org/springframework/spring-jcl/5.1.3.RELEASE/spring-jcl-5.1.3.RELEASE.jar:/home/user/.m2/repository/org/springframework/spring-tx/5.1.3.RELEASE/spring-tx-5.1.3.RELEASE.jar:/home/user/.m2/repository/org/mockito/mockito-core/2.15.0/mockito-core-2.15.0.jar:/home/user/.m2/repository/net/bytebuddy/byte-buddy/1.7.9/byte-buddy-1.7.9.jar:/home/user/.m2/repository/net/bytebuddy/byte-buddy-agent/1.7.9/byte-buddy-agent-1.7.9.jar:/home/user/.m2/repository/org/objenesis/objenesis/1.0/objenesis-1.0.jar:"/>
    <property name="sun.cpu.endian" value="little"/>
    <property name="user.home" value="/home/user"/>
    <property name="user.language" value="en"/>
    <property name="java.specification.vendor" value="Oracle Corporation"/>
    <property name="java.home" value="/usr/lib/jvm/java-1.8-openjdk/jre"/>
    <property name="java.security.krb5.conf" value="/workdir/hadoop-ozone/tools/target/test-classes/krb5.conf"/>
    <property name="basedir" value="/workdir/hadoop-ozone/tools"/>
    <property name="file.separator" value="/"/>
    <property name="line.separator" value="&#10;"/>
    <property name="java.vm.specification.vendor" value="Oracle Corporation"/>
    <property name="java.specification.name" value="Java Platform API Specification"/>
    <property name="java.awt.graphicsenv" value="sun.awt.X11GraphicsEnvironment"/>
    <property name="surefire.real.class.path" value="/workdir/hadoop-ozone/tools/target/surefire/surefirebooter3200161731845481029.jar"/>
    <property name="hadoop.log.dir" value="/workdir/hadoop-ozone/tools/target/log"/>
    <property name="sun.boot.class.path" value="/usr/lib/jvm/java-1.8-openjdk/jre/lib/resources.jar:/usr/lib/jvm/java-1.8-openjdk/jre/lib/rt.jar:/usr/lib/jvm/java-1.8-openjdk/jre/lib/sunrsasign.jar:/usr/lib/jvm/java-1.8-openjdk/jre/lib/jsse.jar:/usr/lib/jvm/java-1.8-openjdk/jre/lib/jce.jar:/usr/lib/jvm/java-1.8-openjdk/jre/lib/charsets.jar:/usr/lib/jvm/java-1.8-openjdk/jre/lib/jfr.jar:/usr/lib/jvm/java-1.8-openjdk/jre/classes"/>
    <property name="sun.management.compiler" value="HotSpot 64-Bit Tiered Compilers"/>
    <property name="java.runtime.version" value="1.8.0_212-b04"/>
    <property name="java.net.preferIPv4Stack" value="true"/>
    <property name="user.name" value="jenkins1000"/>
    <property name="path.separator" value=":"/>
    <property name="java.security.egd" value="file:///dev/urandom"/>
    <property name="os.version" value="3.10.0-957.12.2.el7.x86_64"/>
    <property name="java.endorsed.dirs" value="/usr/lib/jvm/java-1.8-openjdk/jre/lib/endorsed"/>
    <property name="java.runtime.name" value="OpenJDK Runtime Environment"/>
    <property name="file.encoding" value="UTF-8"/>
    <property name="java.vm.name" value="OpenJDK 64-Bit Server VM"/>
    <property name="test.build.webapps" value=""/>
    <property name="localRepository" value="/home/user/.m2/repository"/>
    <property name="java.vendor.url.bug" value="https://icedtea.classpath.org/bugzilla"/>
    <property name="java.io.tmpdir" value="/tmp"/>
    <property name="require.test.libhadoop" value=""/>
    <property name="java.version" value="1.8.0_212"/>
    <property name="user.dir" value="/workdir/hadoop-ozone/tools"/>
    <property name="os.arch" value="amd64"/>
    <property name="java.vm.specification.name" value="Java Virtual Machine Specification"/>
    <property name="test.build.classes" value="/workdir/hadoop-ozone/tools/target/test-classes"/>
    <property name="java.awt.printerjob" value="sun.print.PSPrinterJob"/>
    <property name="sun.os.patch.level" value="unknown"/>
    <property name="hadoop.tmp.dir" value="/workdir/hadoop-ozone/tools/target/tmp"/>
    <property name="java.library.path" value="/usr/lib/jvm/java-1.8-openjdk/jre/lib/amd64/server:/usr/lib/jvm/java-1.8-openjdk/jre/lib/amd64:/usr/lib/jvm/java-1.8-openjdk/jre/../lib/amd64:/workdir/hadoop-ozone/tools/target/native/target/usr/local/lib:/workdir/hadoop-ozone/tools/../../hadoop-common-project/hadoop-common/target/native/target/usr/local/lib:/usr/java/packages/lib/amd64:/usr/lib64:/lib64:/lib:/usr/lib"/>
    <property name="java.vm.info" value="mixed mode"/>
    <property name="java.vendor" value="IcedTea"/>
    <property name="java.vm.version" value="25.212-b04"/>
    <property name="java.ext.dirs" value="/usr/lib/jvm/java-1.8-openjdk/jre/lib/ext:/usr/java/packages/lib/ext"/>
    <property name="sun.io.unicode.encoding" value="UnicodeLittle"/>
    <property name="java.class.version" value="52.0"/>
  </properties>
  <testcase name="validateWriteTest" classname="org.apache.hadoop.ozone.freon.TestDataValidateWithDummyContainers" time="0.007"/>
  <testcase name="ratisTestLargeKey" classname="org.apache.hadoop.ozone.freon.TestDataValidateWithDummyContainers" time="110.498">
    <error message="Connection refused" type="java.net.ConnectException"><![CDATA[java.net.ConnectException: Connection refused
	at sun.nio.ch.SocketChannelImpl.checkConnect(Native Method)
	at sun.nio.ch.SocketChannelImpl.finishConnect(SocketChannelImpl.java:717)
	at org.apache.hadoop.net.SocketIOWithTimeout.connect(SocketIOWithTimeout.java:206)
	at org.apache.hadoop.net.NetUtils.connect(NetUtils.java:531)
	at org.apache.hadoop.ipc.Client$Connection.setupConnection(Client.java:690)
	at org.apache.hadoop.ipc.Client$Connection.setupIOstreams(Client.java:794)
	at org.apache.hadoop.ipc.Client$Connection.access$3700(Client.java:411)
	at org.apache.hadoop.ipc.Client.getConnection(Client.java:1572)
	at org.apache.hadoop.ipc.Client.call(Client.java:1403)
	at org.apache.hadoop.ipc.Client.call(Client.java:1367)
	at org.apache.hadoop.ipc.ProtobufRpcEngine$Invoker.invoke(ProtobufRpcEngine.java:228)
	at org.apache.hadoop.ipc.ProtobufRpcEngine$Invoker.invoke(ProtobufRpcEngine.java:116)
	at com.sun.proxy.$Proxy36.submitRequest(Unknown Source)
	at sun.reflect.NativeMethodAccessorImpl.invoke0(Native Method)
	at sun.reflect.NativeMethodAccessorImpl.invoke(NativeMethodAccessorImpl.java:62)
	at sun.reflect.DelegatingMethodAccessorImpl.invoke(DelegatingMethodAccessorImpl.java:43)
	at java.lang.reflect.Method.invoke(Method.java:498)
	at org.apache.hadoop.io.retry.RetryInvocationHandler.invokeMethod(RetryInvocationHandler.java:422)
	at org.apache.hadoop.io.retry.RetryInvocationHandler$Call.invokeMethod(RetryInvocationHandler.java:165)
	at org.apache.hadoop.io.retry.RetryInvocationHandler$Call.invoke(RetryInvocationHandler.java:157)
	at org.apache.hadoop.io.retry.RetryInvocationHandler$Call.invokeOnce(RetryInvocationHandler.java:95)
	at org.apache.hadoop.io.retry.RetryInvocationHandler.invoke(RetryInvocationHandler.java:359)
	at com.sun.proxy.$Proxy36.submitRequest(Unknown Source)
	at org.apache.hadoop.ozone.om.protocolPB.OzoneManagerProtocolClientSideTranslatorPB.submitRequest(OzoneManagerProtocolClientSideTranslatorPB.java:338)
	at org.apache.hadoop.ozone.om.protocolPB.OzoneManagerProtocolClientSideTranslatorPB.getServiceInfo(OzoneManagerProtocolClientSideTranslatorPB.java:1223)
	at sun.reflect.NativeMethodAccessorImpl.invoke0(Native Method)
	at sun.reflect.NativeMethodAccessorImpl.invoke(NativeMethodAccessorImpl.java:62)
	at sun.reflect.DelegatingMethodAccessorImpl.invoke(DelegatingMethodAccessorImpl.java:43)
	at java.lang.reflect.Method.invoke(Method.java:498)
	at org.apache.hadoop.hdds.tracing.TraceAllMethod.invoke(TraceAllMethod.java:66)
	at com.sun.proxy.$Proxy37.getServiceInfo(Unknown Source)
	at org.apache.hadoop.ozone.client.rpc.RpcClient.<init>(RpcClient.java:154)
	at org.apache.hadoop.ozone.client.OzoneClientFactory.getClientProtocol(OzoneClientFactory.java:256)
	at org.apache.hadoop.ozone.client.OzoneClientFactory.getClientProtocol(OzoneClientFactory.java:239)
	at org.apache.hadoop.ozone.client.OzoneClientFactory.getClient(OzoneClientFactory.java:75)
	at org.apache.hadoop.ozone.freon.RandomKeyGenerator.init(RandomKeyGenerator.java:242)
	at org.apache.hadoop.ozone.freon.RandomKeyGenerator.call(RandomKeyGenerator.java:262)
	at org.apache.hadoop.ozone.freon.TestDataValidate.ratisTestLargeKey(TestDataValidate.java:69)
	at sun.reflect.NativeMethodAccessorImpl.invoke0(Native Method)
	at sun.reflect.NativeMethodAccessorImpl.invoke(NativeMethodAccessorImpl.java:62)
	at sun.reflect.DelegatingMethodAccessorImpl.invoke(DelegatingMethodAccessorImpl.java:43)
	at java.lang.reflect.Method.invoke(Method.java:498)
	at org.junit.runners.model.FrameworkMethod$1.runReflectiveCall(FrameworkMethod.java:47)
	at org.junit.internal.runners.model.ReflectiveCallable.run(ReflectiveCallable.java:12)
	at org.junit.runners.model.FrameworkMethod.invokeExplosively(FrameworkMethod.java:44)
	at org.junit.internal.runners.statements.InvokeMethod.evaluate(InvokeMethod.java:17)
	at org.junit.runners.ParentRunner.runLeaf(ParentRunner.java:271)
	at org.junit.runners.BlockJUnit4ClassRunner.runChild(BlockJUnit4ClassRunner.java:70)
	at org.junit.runners.BlockJUnit4ClassRunner.runChild(BlockJUnit4ClassRunner.java:50)
	at org.junit.runners.ParentRunner$3.run(ParentRunner.java:238)
	at org.junit.runners.ParentRunner$1.schedule(ParentRunner.java:63)
	at org.junit.runners.ParentRunner.runChildren(ParentRunner.java:236)
	at org.junit.runners.ParentRunner.access$000(ParentRunner.java:53)
	at org.junit.runners.ParentRunner$2.evaluate(ParentRunner.java:229)
	at org.junit.internal.runners.statements.RunBefores.evaluate(RunBefores.java:26)
	at org.junit.internal.runners.statements.RunAfters.evaluate(RunAfters.java:27)
	at org.junit.runners.ParentRunner.run(ParentRunner.java:309)
	at org.apache.maven.surefire.junit4.JUnit4Provider.execute(JUnit4Provider.java:365)
	at org.apache.maven.surefire.junit4.JUnit4Provider.executeWithRerun(JUnit4Provider.java:273)
	at org.apache.maven.surefire.junit4.JUnit4Provider.executeTestSet(JUnit4Provider.java:238)
	at org.apache.maven.surefire.junit4.JUnit4Provider.invoke(JUnit4Provider.java:159)
	at org.apache.maven.surefire.booter.ForkedBooter.invokeProviderInSameClassLoader(ForkedBooter.java:384)
	at org.apache.maven.surefire.booter.ForkedBooter.runSuitesInProcess(ForkedBooter.java:345)
	at org.apache.maven.surefire.booter.ForkedBooter.execute(ForkedBooter.java:126)
	at org.apache.maven.surefire.booter.ForkedBooter.main(ForkedBooter.java:418)
]]></error>
    <system-out><![CDATA[2019-09-26 21:11:41,761 [grpc-default-executor-1] INFO  impl.RaftServerProxy (RaftServerProxy.java:addNew(89)) - 5c7ad6a2-cfc0-44ee-aacc-236aacfb6269: addNew group-754E0EBF1BBF:[5c7ad6a2-cfc0-44ee-aacc-236aacfb6269:192.168.157.234:35007, c88b4bda-6308-4fd3-b24e-f11d193b3526:192.168.157.234:33026, 54c131b5-6db5-45de-b068-0c7e79829dcc:192.168.157.234:41093] returns group-754E0EBF1BBF:java.util.concurrent.CompletableFuture@7cd28472[Not completed]
2019-09-26 21:11:41,761 [grpc-default-executor-2] INFO  impl.RaftServerProxy (RaftServerProxy.java:addNew(89)) - c88b4bda-6308-4fd3-b24e-f11d193b3526: addNew group-754E0EBF1BBF:[5c7ad6a2-cfc0-44ee-aacc-236aacfb6269:192.168.157.234:35007, c88b4bda-6308-4fd3-b24e-f11d193b3526:192.168.157.234:33026, 54c131b5-6db5-45de-b068-0c7e79829dcc:192.168.157.234:41093] returns group-754E0EBF1BBF:java.util.concurrent.CompletableFuture@63f0375a[Not completed]
2019-09-26 21:11:41,761 [grpc-default-executor-0] INFO  impl.RaftServerProxy (RaftServerProxy.java:addNew(89)) - 54c131b5-6db5-45de-b068-0c7e79829dcc: addNew group-754E0EBF1BBF:[5c7ad6a2-cfc0-44ee-aacc-236aacfb6269:192.168.157.234:35007, c88b4bda-6308-4fd3-b24e-f11d193b3526:192.168.157.234:33026, 54c131b5-6db5-45de-b068-0c7e79829dcc:192.168.157.234:41093] returns group-754E0EBF1BBF:java.util.concurrent.CompletableFuture@48fccbbf[Not completed]
2019-09-26 21:11:41,763 [pool-67-thread-1] INFO  impl.RaftServerImpl (RaftServerImpl.java:<init>(95)) - c88b4bda-6308-4fd3-b24e-f11d193b3526: new RaftServerImpl for group-754E0EBF1BBF:[5c7ad6a2-cfc0-44ee-aacc-236aacfb6269:192.168.157.234:35007, c88b4bda-6308-4fd3-b24e-f11d193b3526:192.168.157.234:33026, 54c131b5-6db5-45de-b068-0c7e79829dcc:192.168.157.234:41093] with ContainerStateMachine:uninitialized
2019-09-26 21:11:41,764 [pool-67-thread-1] INFO  server.RaftServerConfigKeys (ConfUtils.java:logGet(43)) - raft.server.rpc.timeout.min = 5s (custom)
2019-09-26 21:11:41,764 [pool-67-thread-1] INFO  server.RaftServerConfigKeys (ConfUtils.java:logGet(43)) - raft.server.rpc.timeout.max = 5200ms (custom)
2019-09-26 21:11:41,764 [pool-67-thread-1] INFO  server.RaftServerConfigKeys (ConfUtils.java:logGet(43)) - raft.server.rpcslowness.timeout = 120s (custom)
2019-09-26 21:11:41,764 [pool-67-thread-1] INFO  server.RaftServerConfigKeys (ConfUtils.java:logGet(43)) - raft.server.sleep.deviation.threshold = 300 (default)
2019-09-26 21:11:41,764 [pool-67-thread-1] INFO  server.RaftServerConfigKeys (ConfUtils.java:logGet(43)) - raft.server.log.appender.install.snapshot.enabled = false (custom)
2019-09-26 21:11:41,765 [pool-57-thread-1] INFO  impl.RaftServerImpl (RaftServerImpl.java:<init>(95)) - 54c131b5-6db5-45de-b068-0c7e79829dcc: new RaftServerImpl for group-754E0EBF1BBF:[5c7ad6a2-cfc0-44ee-aacc-236aacfb6269:192.168.157.234:35007, c88b4bda-6308-4fd3-b24e-f11d193b3526:192.168.157.234:33026, 54c131b5-6db5-45de-b068-0c7e79829dcc:192.168.157.234:41093] with ContainerStateMachine:uninitialized
2019-09-26 21:11:41,765 [pool-67-thread-1] INFO  impl.RaftServerImpl (ServerState.java:<init>(103)) - c88b4bda-6308-4fd3-b24e-f11d193b3526@group-754E0EBF1BBF: ConfigurationManager, init=-1: [5c7ad6a2-cfc0-44ee-aacc-236aacfb6269:192.168.157.234:35007, c88b4bda-6308-4fd3-b24e-f11d193b3526:192.168.157.234:33026, 54c131b5-6db5-45de-b068-0c7e79829dcc:192.168.157.234:41093], old=null, confs=<EMPTY_MAP>
2019-09-26 21:11:41,765 [pool-57-thread-1] INFO  server.RaftServerConfigKeys (ConfUtils.java:logGet(43)) - raft.server.rpc.timeout.min = 5s (custom)
2019-09-26 21:11:41,765 [pool-67-thread-1] INFO  server.RaftServerConfigKeys (ConfUtils.java:logGet(43)) - raft.server.storage.dir = [/workdir/hadoop-ozone/tools/target/test-dir/MiniOzoneClusterImpl-5cbe72bf-95d6-46dd-b416-f703ffc9af50/datanode-4/data/ratis] (custom)
2019-09-26 21:11:41,765 [pool-57-thread-1] INFO  server.RaftServerConfigKeys (ConfUtils.java:logGet(43)) - raft.server.rpc.timeout.max = 5200ms (custom)
2019-09-26 21:11:41,766 [pool-57-thread-1] INFO  server.RaftServerConfigKeys (ConfUtils.java:logGet(43)) - raft.server.rpcslowness.timeout = 120s (custom)
2019-09-26 21:11:41,766 [pool-57-thread-1] INFO  server.RaftServerConfigKeys (ConfUtils.java:logGet(43)) - raft.server.sleep.deviation.threshold = 300 (default)
2019-09-26 21:11:41,766 [pool-67-thread-1] INFO  storage.RaftStorageDirectory (RaftStorageDirectory.java:analyzeStorage(246)) - The storage directory /workdir/hadoop-ozone/tools/target/test-dir/MiniOzoneClusterImpl-5cbe72bf-95d6-46dd-b416-f703ffc9af50/datanode-4/data/ratis/dc2a3182-e150-4b28-9aa4-754e0ebf1bbf does not exist. Creating ...
2019-09-26 21:11:41,766 [pool-57-thread-1] INFO  server.RaftServerConfigKeys (ConfUtils.java:logGet(43)) - raft.server.log.appender.install.snapshot.enabled = false (custom)
2019-09-26 21:11:41,766 [pool-27-thread-1] INFO  impl.RaftServerImpl (RaftServerImpl.java:<init>(95)) - 5c7ad6a2-cfc0-44ee-aacc-236aacfb6269: new RaftServerImpl for group-754E0EBF1BBF:[5c7ad6a2-cfc0-44ee-aacc-236aacfb6269:192.168.157.234:35007, c88b4bda-6308-4fd3-b24e-f11d193b3526:192.168.157.234:33026, 54c131b5-6db5-45de-b068-0c7e79829dcc:192.168.157.234:41093] with ContainerStateMachine:uninitialized
2019-09-26 21:11:41,766 [pool-57-thread-1] INFO  impl.RaftServerImpl (ServerState.java:<init>(103)) - 54c131b5-6db5-45de-b068-0c7e79829dcc@group-754E0EBF1BBF: ConfigurationManager, init=-1: [5c7ad6a2-cfc0-44ee-aacc-236aacfb6269:192.168.157.234:35007, c88b4bda-6308-4fd3-b24e-f11d193b3526:192.168.157.234:33026, 54c131b5-6db5-45de-b068-0c7e79829dcc:192.168.157.234:41093], old=null, confs=<EMPTY_MAP>
2019-09-26 21:11:41,767 [pool-27-thread-1] INFO  server.RaftServerConfigKeys (ConfUtils.java:logGet(43)) - raft.server.rpc.timeout.min = 5s (custom)
2019-09-26 21:11:41,767 [main] INFO  freon.RandomKeyGenerator (RandomKeyGenerator.java:call(258)) - Override validateWrites to false, because hdds.container.chunk.persistdata is set to false.
2019-09-26 21:11:41,767 [pool-27-thread-1] INFO  server.RaftServerConfigKeys (ConfUtils.java:logGet(43)) - raft.server.rpc.timeout.max = 5200ms (custom)
2019-09-26 21:11:41,767 [pool-57-thread-1] INFO  server.RaftServerConfigKeys (ConfUtils.java:logGet(43)) - raft.server.storage.dir = [/workdir/hadoop-ozone/tools/target/test-dir/MiniOzoneClusterImpl-5cbe72bf-95d6-46dd-b416-f703ffc9af50/datanode-3/data/ratis] (custom)
2019-09-26 21:11:41,767 [pool-27-thread-1] INFO  server.RaftServerConfigKeys (ConfUtils.java:logGet(43)) - raft.server.rpcslowness.timeout = 120s (custom)
2019-09-26 21:11:41,768 [pool-27-thread-1] INFO  server.RaftServerConfigKeys (ConfUtils.java:logGet(43)) - raft.server.sleep.deviation.threshold = 300 (default)
2019-09-26 21:11:41,768 [pool-57-thread-1] INFO  storage.RaftStorageDirectory (RaftStorageDirectory.java:analyzeStorage(246)) - The storage directory /workdir/hadoop-ozone/tools/target/test-dir/MiniOzoneClusterImpl-5cbe72bf-95d6-46dd-b416-f703ffc9af50/datanode-3/data/ratis/dc2a3182-e150-4b28-9aa4-754e0ebf1bbf does not exist. Creating ...
2019-09-26 21:11:41,768 [pool-27-thread-1] INFO  server.RaftServerConfigKeys (ConfUtils.java:logGet(43)) - raft.server.log.appender.install.snapshot.enabled = false (custom)
2019-09-26 21:11:41,768 [pool-27-thread-1] INFO  impl.RaftServerImpl (ServerState.java:<init>(103)) - 5c7ad6a2-cfc0-44ee-aacc-236aacfb6269@group-754E0EBF1BBF: ConfigurationManager, init=-1: [5c7ad6a2-cfc0-44ee-aacc-236aacfb6269:192.168.157.234:35007, c88b4bda-6308-4fd3-b24e-f11d193b3526:192.168.157.234:33026, 54c131b5-6db5-45de-b068-0c7e79829dcc:192.168.157.234:41093], old=null, confs=<EMPTY_MAP>
2019-09-26 21:11:41,768 [pool-27-thread-1] INFO  server.RaftServerConfigKeys (ConfUtils.java:logGet(43)) - raft.server.storage.dir = [/workdir/hadoop-ozone/tools/target/test-dir/MiniOzoneClusterImpl-5cbe72bf-95d6-46dd-b416-f703ffc9af50/datanode-0/data/ratis] (custom)
2019-09-26 21:11:41,769 [pool-27-thread-1] INFO  storage.RaftStorageDirectory (RaftStorageDirectory.java:analyzeStorage(246)) - The storage directory /workdir/hadoop-ozone/tools/target/test-dir/MiniOzoneClusterImpl-5cbe72bf-95d6-46dd-b416-f703ffc9af50/datanode-0/data/ratis/dc2a3182-e150-4b28-9aa4-754e0ebf1bbf does not exist. Creating ...
2019-09-26 21:11:41,791 [pool-27-thread-1] INFO  storage.RaftStorageDirectory (RaftStorageDirectory.java:tryLock(328)) - Lock on /workdir/hadoop-ozone/tools/target/test-dir/MiniOzoneClusterImpl-5cbe72bf-95d6-46dd-b416-f703ffc9af50/datanode-0/data/ratis/dc2a3182-e150-4b28-9aa4-754e0ebf1bbf/in_use.lock acquired by nodename 18958@pr-hdds-2162-htzpk-1451759861
2019-09-26 21:11:41,791 [pool-57-thread-1] INFO  storage.RaftStorageDirectory (RaftStorageDirectory.java:tryLock(328)) - Lock on /workdir/hadoop-ozone/tools/target/test-dir/MiniOzoneClusterImpl-5cbe72bf-95d6-46dd-b416-f703ffc9af50/datanode-3/data/ratis/dc2a3182-e150-4b28-9aa4-754e0ebf1bbf/in_use.lock acquired by nodename 18958@pr-hdds-2162-htzpk-1451759861
2019-09-26 21:11:41,791 [pool-67-thread-1] INFO  storage.RaftStorageDirectory (RaftStorageDirectory.java:tryLock(328)) - Lock on /workdir/hadoop-ozone/tools/target/test-dir/MiniOzoneClusterImpl-5cbe72bf-95d6-46dd-b416-f703ffc9af50/datanode-4/data/ratis/dc2a3182-e150-4b28-9aa4-754e0ebf1bbf/in_use.lock acquired by nodename 18958@pr-hdds-2162-htzpk-1451759861
2019-09-26 21:11:41,816 [pool-27-thread-1] INFO  storage.RaftStorage (RaftStorage.java:format(72)) - Storage directory /workdir/hadoop-ozone/tools/target/test-dir/MiniOzoneClusterImpl-5cbe72bf-95d6-46dd-b416-f703ffc9af50/datanode-0/data/ratis/dc2a3182-e150-4b28-9aa4-754e0ebf1bbf has been successfully formatted.
2019-09-26 21:11:41,816 [pool-67-thread-1] INFO  storage.RaftStorage (RaftStorage.java:format(72)) - Storage directory /workdir/hadoop-ozone/tools/target/test-dir/MiniOzoneClusterImpl-5cbe72bf-95d6-46dd-b416-f703ffc9af50/datanode-4/data/ratis/dc2a3182-e150-4b28-9aa4-754e0ebf1bbf has been successfully formatted.
2019-09-26 21:11:41,816 [pool-57-thread-1] INFO  storage.RaftStorage (RaftStorage.java:format(72)) - Storage directory /workdir/hadoop-ozone/tools/target/test-dir/MiniOzoneClusterImpl-5cbe72bf-95d6-46dd-b416-f703ffc9af50/datanode-3/data/ratis/dc2a3182-e150-4b28-9aa4-754e0ebf1bbf has been successfully formatted.
2019-09-26 21:11:41,816 [pool-27-thread-1] INFO  ratis.ContainerStateMachine (ContainerStateMachine.java:loadSnapshot(230)) - group-754E0EBF1BBF: The snapshot info is null. Setting the last applied indexto:(t:0, i:~)
2019-09-26 21:11:41,816 [pool-67-thread-1] INFO  ratis.ContainerStateMachine (ContainerStateMachine.java:loadSnapshot(230)) - group-754E0EBF1BBF: The snapshot info is null. Setting the last applied indexto:(t:0, i:~)
2019-09-26 21:11:41,816 [pool-27-thread-1] INFO  server.RaftServerConfigKeys (ConfUtils.java:logGet(43)) - raft.server.notification.no-leader.timeout = 120s (custom)
2019-09-26 21:11:41,816 [pool-57-thread-1] INFO  ratis.ContainerStateMachine (ContainerStateMachine.java:loadSnapshot(230)) - group-754E0EBF1BBF: The snapshot info is null. Setting the last applied indexto:(t:0, i:~)
2019-09-26 21:11:41,817 [pool-27-thread-1] INFO  server.RaftServerConfigKeys (ConfUtils.java:logGet(43)) - raft.server.log.use.memory = false (default)
2019-09-26 21:11:41,817 [pool-67-thread-1] INFO  server.RaftServerConfigKeys (ConfUtils.java:logGet(43)) - raft.server.notification.no-leader.timeout = 120s (custom)
2019-09-26 21:11:41,817 [pool-27-thread-1] INFO  server.RaftServerConfigKeys (ConfUtils.java:logGet(43)) - raft.server.log.purge.gap = 1000000 (custom)
2019-09-26 21:11:41,817 [pool-57-thread-1] INFO  server.RaftServerConfigKeys (ConfUtils.java:logGet(43)) - raft.server.notification.no-leader.timeout = 120s (custom)
2019-09-26 21:11:41,817 [pool-27-thread-1] INFO  server.RaftServerConfigKeys (ConfUtils.java:logGet(43)) - raft.server.log.appender.buffer.byte-limit = 33554432 (custom)
2019-09-26 21:11:41,817 [pool-67-thread-1] INFO  server.RaftServerConfigKeys (ConfUtils.java:logGet(43)) - raft.server.log.use.memory = false (default)
2019-09-26 21:11:41,818 [pool-27-thread-1] INFO  server.RaftServerConfigKeys (ConfUtils.java:logGet(43)) - raft.server.log.segment.size.max = 1048576 (custom)
2019-09-26 21:11:41,818 [pool-67-thread-1] INFO  server.RaftServerConfigKeys (ConfUtils.java:logGet(43)) - raft.server.log.purge.gap = 1000000 (custom)
2019-09-26 21:11:41,817 [pool-57-thread-1] INFO  server.RaftServerConfigKeys (ConfUtils.java:logGet(43)) - raft.server.log.use.memory = false (default)
2019-09-26 21:11:41,818 [pool-67-thread-1] INFO  server.RaftServerConfigKeys (ConfUtils.java:logGet(43)) - raft.server.log.appender.buffer.byte-limit = 33554432 (custom)
2019-09-26 21:11:41,818 [pool-27-thread-1] INFO  server.RaftServerConfigKeys (ConfUtils.java:logGet(43)) - raft.server.log.segment.cache.num.max = 2 (custom)
2019-09-26 21:11:41,819 [pool-67-thread-1] INFO  server.RaftServerConfigKeys (ConfUtils.java:logGet(43)) - raft.server.log.segment.size.max = 1048576 (custom)
2019-09-26 21:11:41,818 [pool-57-thread-1] INFO  server.RaftServerConfigKeys (ConfUtils.java:logGet(43)) - raft.server.log.purge.gap = 1000000 (custom)
2019-09-26 21:11:41,819 [pool-67-thread-1] INFO  server.RaftServerConfigKeys (ConfUtils.java:logGet(43)) - raft.server.log.segment.cache.num.max = 2 (custom)
2019-09-26 21:11:41,819 [pool-27-thread-1] INFO  segmented.SegmentedRaftLogWorker (SegmentedRaftLogWorker.java:<init>(172)) - new 5c7ad6a2-cfc0-44ee-aacc-236aacfb6269@group-754E0EBF1BBF-SegmentedRaftLogWorker for RaftStorage:Storage Directory /workdir/hadoop-ozone/tools/target/test-dir/MiniOzoneClusterImpl-5cbe72bf-95d6-46dd-b416-f703ffc9af50/datanode-0/data/ratis/dc2a3182-e150-4b28-9aa4-754e0ebf1bbf
2019-09-26 21:11:41,819 [pool-67-thread-1] INFO  segmented.SegmentedRaftLogWorker (SegmentedRaftLogWorker.java:<init>(172)) - new c88b4bda-6308-4fd3-b24e-f11d193b3526@group-754E0EBF1BBF-SegmentedRaftLogWorker for RaftStorage:Storage Directory /workdir/hadoop-ozone/tools/target/test-dir/MiniOzoneClusterImpl-5cbe72bf-95d6-46dd-b416-f703ffc9af50/datanode-4/data/ratis/dc2a3182-e150-4b28-9aa4-754e0ebf1bbf
2019-09-26 21:11:41,819 [pool-57-thread-1] INFO  server.RaftServerConfigKeys (ConfUtils.java:logGet(43)) - raft.server.log.appender.buffer.byte-limit = 33554432 (custom)
2019-09-26 21:11:41,820 [pool-67-thread-1] INFO  server.RaftServerConfigKeys (ConfUtils.java:logGet(43)) - raft.server.log.queue.byte-limit = 2147483647 (custom)
2019-09-26 21:11:41,819 [pool-27-thread-1] INFO  server.RaftServerConfigKeys (ConfUtils.java:logGet(43)) - raft.server.log.queue.byte-limit = 2147483647 (custom)
2019-09-26 21:11:41,820 [pool-67-thread-1] INFO  server.RaftServerConfigKeys (ConfUtils.java:logGet(43)) - raft.server.log.queue.element-limit = 1024 (custom)
2019-09-26 21:11:41,820 [pool-57-thread-1] INFO  server.RaftServerConfigKeys (ConfUtils.java:logGet(43)) - raft.server.log.segment.size.max = 1048576 (custom)
2019-09-26 21:11:41,820 [pool-67-thread-1] INFO  server.RaftServerConfigKeys (ConfUtils.java:logGet(43)) - raft.server.log.segment.size.max = 1048576 (custom)
2019-09-26 21:11:41,820 [pool-27-thread-1] INFO  server.RaftServerConfigKeys (ConfUtils.java:logGet(43)) - raft.server.log.queue.element-limit = 1024 (custom)
2019-09-26 21:11:41,821 [pool-67-thread-1] INFO  server.RaftServerConfigKeys (ConfUtils.java:logGet(43)) - raft.server.log.preallocated.size = 16384 (custom)
2019-09-26 21:11:41,820 [pool-57-thread-1] INFO  server.RaftServerConfigKeys (ConfUtils.java:logGet(43)) - raft.server.log.segment.cache.num.max = 2 (custom)
2019-09-26 21:11:41,821 [pool-67-thread-1] INFO  server.RaftServerConfigKeys (ConfUtils.java:logGet(43)) - raft.server.log.write.buffer.size = 33554432 (custom)
2019-09-26 21:11:41,821 [pool-27-thread-1] INFO  server.RaftServerConfigKeys (ConfUtils.java:logGet(43)) - raft.server.log.segment.size.max = 1048576 (custom)
2019-09-26 21:11:41,821 [pool-67-thread-1] INFO  server.RaftServerConfigKeys (ConfUtils.java:logGet(43)) - raft.server.log.force.sync.num = 128 (default)
2019-09-26 21:11:41,821 [pool-57-thread-1] INFO  segmented.SegmentedRaftLogWorker (SegmentedRaftLogWorker.java:<init>(172)) - new 54c131b5-6db5-45de-b068-0c7e79829dcc@group-754E0EBF1BBF-SegmentedRaftLogWorker for RaftStorage:Storage Directory /workdir/hadoop-ozone/tools/target/test-dir/MiniOzoneClusterImpl-5cbe72bf-95d6-46dd-b416-f703ffc9af50/datanode-3/data/ratis/dc2a3182-e150-4b28-9aa4-754e0ebf1bbf
2019-09-26 21:11:41,822 [pool-67-thread-1] INFO  server.RaftServerConfigKeys (ConfUtils.java:logGet(43)) - raft.server.log.statemachine.data.sync = true (default)
2019-09-26 21:11:41,821 [pool-27-thread-1] INFO  server.RaftServerConfigKeys (ConfUtils.java:logGet(43)) - raft.server.log.preallocated.size = 16384 (custom)
2019-09-26 21:11:41,822 [pool-67-thread-1] INFO  server.RaftServerConfigKeys (ConfUtils.java:logGet(43)) - raft.server.log.statemachine.data.sync.timeout = 10s (default)
2019-09-26 21:11:41,822 [pool-57-thread-1] INFO  server.RaftServerConfigKeys (ConfUtils.java:logGet(43)) - raft.server.log.queue.byte-limit = 2147483647 (custom)
2019-09-26 21:11:41,822 [pool-67-thread-1] INFO  server.RaftServerConfigKeys (ConfUtils.java:logGet(43)) - raft.server.log.statemachine.data.sync.timeout.retry = -1 (default)
2019-09-26 21:11:41,822 [pool-27-thread-1] INFO  server.RaftServerConfigKeys (ConfUtils.java:logGet(43)) - raft.server.log.write.buffer.size = 33554432 (custom)
2019-09-26 21:11:41,823 [pool-57-thread-1] INFO  server.RaftServerConfigKeys (ConfUtils.java:logGet(43)) - raft.server.log.queue.element-limit = 1024 (custom)
2019-09-26 21:11:41,823 [pool-27-thread-1] INFO  server.RaftServerConfigKeys (ConfUtils.java:logGet(43)) - raft.server.log.force.sync.num = 128 (default)
2019-09-26 21:11:41,823 [pool-67-thread-1] INFO  server.RaftServerConfigKeys (ConfUtils.java:logGet(43)) - raft.server.log.statemachine.data.caching.enabled = true (custom)
2019-09-26 21:11:41,823 [pool-27-thread-1] INFO  server.RaftServerConfigKeys (ConfUtils.java:logGet(43)) - raft.server.log.statemachine.data.sync = true (default)
2019-09-26 21:11:41,823 [pool-57-thread-1] INFO  server.RaftServerConfigKeys (ConfUtils.java:logGet(43)) - raft.server.log.segment.size.max = 1048576 (custom)
2019-09-26 21:11:41,824 [pool-27-thread-1] INFO  server.RaftServerConfigKeys (ConfUtils.java:logGet(43)) - raft.server.log.statemachine.data.sync.timeout = 10s (default)
2019-09-26 21:11:41,824 [pool-57-thread-1] INFO  server.RaftServerConfigKeys (ConfUtils.java:logGet(43)) - raft.server.log.preallocated.size = 16384 (custom)
2019-09-26 21:11:41,824 [pool-67-thread-1] INFO  segmented.SegmentedRaftLogWorker (SegmentedRaftLogWorker.java:lambda$new$0(132)) - c88b4bda-6308-4fd3-b24e-f11d193b3526@group-754E0EBF1BBF-SegmentedRaftLogWorker: flushIndex: setUnconditionally 0 -> -1
2019-09-26 21:11:41,824 [pool-57-thread-1] INFO  server.RaftServerConfigKeys (ConfUtils.java:logGet(43)) - raft.server.log.write.buffer.size = 33554432 (custom)
2019-09-26 21:11:41,824 [pool-27-thread-1] INFO  server.RaftServerConfigKeys (ConfUtils.java:logGet(43)) - raft.server.log.statemachine.data.sync.timeout.retry = -1 (default)
2019-09-26 21:11:41,824 [pool-57-thread-1] INFO  server.RaftServerConfigKeys (ConfUtils.java:logGet(43)) - raft.server.log.force.sync.num = 128 (default)
2019-09-26 21:11:41,825 [pool-67-thread-1] INFO  server.RaftServerConfigKeys (ConfUtils.java:logGet(43)) - raft.server.snapshot.auto.trigger.enabled = true (custom)
2019-09-26 21:11:41,825 [pool-57-thread-1] INFO  server.RaftServerConfigKeys (ConfUtils.java:logGet(43)) - raft.server.log.statemachine.data.sync = true (default)
2019-09-26 21:11:41,825 [pool-27-thread-1] INFO  server.RaftServerConfigKeys (ConfUtils.java:logGet(43)) - raft.server.log.statemachine.data.caching.enabled = true (custom)
2019-09-26 21:11:41,825 [pool-57-thread-1] INFO  server.RaftServerConfigKeys (ConfUtils.java:logGet(43)) - raft.server.log.statemachine.data.sync.timeout = 10s (default)
2019-09-26 21:11:41,825 [pool-67-thread-1] INFO  server.RaftServerConfigKeys (ConfUtils.java:logGet(43)) - raft.server.snapshot.auto.trigger.threshold = 10000 (custom)
2019-09-26 21:11:41,825 [pool-57-thread-1] INFO  server.RaftServerConfigKeys (ConfUtils.java:logGet(43)) - raft.server.log.statemachine.data.sync.timeout.retry = -1 (default)
2019-09-26 21:11:41,825 [pool-27-thread-1] INFO  segmented.SegmentedRaftLogWorker (SegmentedRaftLogWorker.java:lambda$new$0(132)) - 5c7ad6a2-cfc0-44ee-aacc-236aacfb6269@group-754E0EBF1BBF-SegmentedRaftLogWorker: flushIndex: setUnconditionally 0 -> -1
2019-09-26 21:11:41,826 [pool-57-thread-1] INFO  server.RaftServerConfigKeys (ConfUtils.java:logGet(43)) - raft.server.log.statemachine.data.caching.enabled = true (custom)
2019-09-26 21:11:41,826 [pool-67-thread-1] INFO  server.RaftServerConfigKeys (ConfUtils.java:logGet(43)) - raft.server.snapshot.retention.num.files = 5 (custom)
2019-09-26 21:11:41,826 [pool-27-thread-1] INFO  server.RaftServerConfigKeys (ConfUtils.java:logGet(43)) - raft.server.snapshot.auto.trigger.enabled = true (custom)
2019-09-26 21:11:41,826 [pool-57-thread-1] INFO  segmented.SegmentedRaftLogWorker (SegmentedRaftLogWorker.java:lambda$new$0(132)) - 54c131b5-6db5-45de-b068-0c7e79829dcc@group-754E0EBF1BBF-SegmentedRaftLogWorker: flushIndex: setUnconditionally 0 -> -1
2019-09-26 21:11:41,826 [pool-27-thread-1] INFO  server.RaftServerConfigKeys (ConfUtils.java:logGet(43)) - raft.server.snapshot.auto.trigger.threshold = 10000 (custom)
2019-09-26 21:11:41,826 [pool-67-thread-1] INFO  server.RaftServerConfigKeys (ConfUtils.java:logGet(43)) - raft.server.retrycache.expirytime = 600000ms (custom)
2019-09-26 21:11:41,827 [pool-57-thread-1] INFO  server.RaftServerConfigKeys (ConfUtils.java:logGet(43)) - raft.server.snapshot.auto.trigger.enabled = true (custom)
2019-09-26 21:11:41,827 [pool-27-thread-1] INFO  server.RaftServerConfigKeys (ConfUtils.java:logGet(43)) - raft.server.snapshot.retention.num.files = 5 (custom)
2019-09-26 21:11:41,827 [pool-57-thread-1] INFO  server.RaftServerConfigKeys (ConfUtils.java:logGet(43)) - raft.server.snapshot.auto.trigger.threshold = 10000 (custom)
2019-09-26 21:11:41,827 [pool-57-thread-1] INFO  server.RaftServerConfigKeys (ConfUtils.java:logGet(43)) - raft.server.snapshot.retention.num.files = 5 (custom)
2019-09-26 21:11:41,827 [pool-27-thread-1] INFO  server.RaftServerConfigKeys (ConfUtils.java:logGet(43)) - raft.server.retrycache.expirytime = 600000ms (custom)
2019-09-26 21:11:41,828 [pool-57-thread-1] INFO  server.RaftServerConfigKeys (ConfUtils.java:logGet(43)) - raft.server.retrycache.expirytime = 600000ms (custom)
2019-09-26 21:11:41,833 [pool-67-thread-1] INFO  impl.RaftServerImpl (RaftServerImpl.java:start(185)) - c88b4bda-6308-4fd3-b24e-f11d193b3526@group-754E0EBF1BBF: start as a follower, conf=-1: [5c7ad6a2-cfc0-44ee-aacc-236aacfb6269:192.168.157.234:35007, c88b4bda-6308-4fd3-b24e-f11d193b3526:192.168.157.234:33026, 54c131b5-6db5-45de-b068-0c7e79829dcc:192.168.157.234:41093], old=null
2019-09-26 21:11:41,834 [pool-27-thread-1] INFO  impl.RaftServerImpl (RaftServerImpl.java:start(185)) - 5c7ad6a2-cfc0-44ee-aacc-236aacfb6269@group-754E0EBF1BBF: start as a follower, conf=-1: [5c7ad6a2-cfc0-44ee-aacc-236aacfb6269:192.168.157.234:35007, c88b4bda-6308-4fd3-b24e-f11d193b3526:192.168.157.234:33026, 54c131b5-6db5-45de-b068-0c7e79829dcc:192.168.157.234:41093], old=null
2019-09-26 21:11:41,834 [pool-67-thread-1] INFO  impl.RaftServerImpl (RaftServerImpl.java:setRole(174)) - c88b4bda-6308-4fd3-b24e-f11d193b3526@group-754E0EBF1BBF: changes role from      null to FOLLOWER at term 0 for startAsFollower
2019-09-26 21:11:41,834 [pool-27-thread-1] INFO  impl.RaftServerImpl (RaftServerImpl.java:setRole(174)) - 5c7ad6a2-cfc0-44ee-aacc-236aacfb6269@group-754E0EBF1BBF: changes role from      null to FOLLOWER at term 0 for startAsFollower
2019-09-26 21:11:41,834 [pool-67-thread-1] INFO  impl.RoleInfo (RoleInfo.java:updateAndGet(143)) - c88b4bda-6308-4fd3-b24e-f11d193b3526: start FollowerState
2019-09-26 21:11:41,834 [pool-57-thread-1] INFO  impl.RaftServerImpl (RaftServerImpl.java:start(185)) - 54c131b5-6db5-45de-b068-0c7e79829dcc@group-754E0EBF1BBF: start as a follower, conf=-1: [5c7ad6a2-cfc0-44ee-aacc-236aacfb6269:192.168.157.234:35007, c88b4bda-6308-4fd3-b24e-f11d193b3526:192.168.157.234:33026, 54c131b5-6db5-45de-b068-0c7e79829dcc:192.168.157.234:41093], old=null
2019-09-26 21:11:41,834 [pool-27-thread-1] INFO  impl.RoleInfo (RoleInfo.java:updateAndGet(143)) - 5c7ad6a2-cfc0-44ee-aacc-236aacfb6269: start FollowerState
2019-09-26 21:11:41,834 [pool-57-thread-1] INFO  impl.RaftServerImpl (RaftServerImpl.java:setRole(174)) - 54c131b5-6db5-45de-b068-0c7e79829dcc@group-754E0EBF1BBF: changes role from      null to FOLLOWER at term 0 for startAsFollower
2019-09-26 21:11:41,834 [pool-67-thread-1] INFO  util.JmxRegister (JmxRegister.java:tryRegister(44)) - Successfully registered JMX Bean with object name Ratis:service=RaftServer,group=group-754E0EBF1BBF,id=c88b4bda-6308-4fd3-b24e-f11d193b3526
2019-09-26 21:11:41,835 [pool-57-thread-1] INFO  impl.RoleInfo (RoleInfo.java:updateAndGet(143)) - 54c131b5-6db5-45de-b068-0c7e79829dcc: start FollowerState
2019-09-26 21:11:41,835 [pool-27-thread-1] INFO  util.JmxRegister (JmxRegister.java:tryRegister(44)) - Successfully registered JMX Bean with object name Ratis:service=RaftServer,group=group-754E0EBF1BBF,id=5c7ad6a2-cfc0-44ee-aacc-236aacfb6269
2019-09-26 21:11:41,835 [pool-57-thread-1] INFO  util.JmxRegister (JmxRegister.java:tryRegister(44)) - Successfully registered JMX Bean with object name Ratis:service=RaftServer,group=group-754E0EBF1BBF,id=54c131b5-6db5-45de-b068-0c7e79829dcc
2019-09-26 21:11:41,871 [RatisPipelineUtilsThread] INFO  pipeline.PipelineStateManager (PipelineStateManager.java:addPipeline(56)) - Created pipeline Pipeline[ Id: dc2a3182-e150-4b28-9aa4-754e0ebf1bbf, Nodes: 5c7ad6a2-cfc0-44ee-aacc-236aacfb6269{ip: 192.168.157.234, host: pr-hdds-2162-htzpk-1451759861, networkLocation: /default-rack, certSerialId: null}c88b4bda-6308-4fd3-b24e-f11d193b3526{ip: 192.168.157.234, host: pr-hdds-2162-htzpk-1451759861, networkLocation: /default-rack, certSerialId: null}54c131b5-6db5-45de-b068-0c7e79829dcc{ip: 192.168.157.234, host: pr-hdds-2162-htzpk-1451759861, networkLocation: /default-rack, certSerialId: null}, Type:RATIS, Factor:THREE, State:OPEN]
2019-09-26 21:11:43,024 [main] INFO  ipc.Client (Client.java:handleConnectionFailure(948)) - Retrying connect to server: localhost/127.0.0.1:0. Already tried 0 time(s); retry policy is RetryUpToMaximumCountWithFixedSleep(maxRetries=10, sleepTime=1000 MILLISECONDS)
2019-09-26 21:11:43,455 [Thread-208] INFO  container.ReplicationManager (ReplicationManager.java:start(162)) - Starting Replication Monitor Thread.
2019-09-26 21:11:43,459 [ReplicationMonitor] INFO  container.ReplicationManager (ReplicationManager.java:run(225)) - Replication Monitor Thread took 1 milliseconds for processing 0 containers.
2019-09-26 21:11:44,026 [main] INFO  ipc.Client (Client.java:handleConnectionFailure(948)) - Retrying connect to server: localhost/127.0.0.1:0. Already tried 1 time(s); retry policy is RetryUpToMaximumCountWithFixedSleep(maxRetries=10, sleepTime=1000 MILLISECONDS)
2019-09-26 21:11:45,027 [main] INFO  ipc.Client (Client.java:handleConnectionFailure(948)) - Retrying connect to server: localhost/127.0.0.1:0. Already tried 2 time(s); retry policy is RetryUpToMaximumCountWithFixedSleep(maxRetries=10, sleepTime=1000 MILLISECONDS)
2019-09-26 21:11:46,029 [main] INFO  ipc.Client (Client.java:handleConnectionFailure(948)) - Retrying connect to server: localhost/127.0.0.1:0. Already tried 3 time(s); retry policy is RetryUpToMaximumCountWithFixedSleep(maxRetries=10, sleepTime=1000 MILLISECONDS)
2019-09-26 21:11:46,183 [Thread-210] INFO  impl.FollowerState (FollowerState.java:run(106)) - 5c7ad6a2-cfc0-44ee-aacc-236aacfb6269:group-F74EEB289108 changes to CANDIDATE, lastRpcTime:5018, electionTimeout:5018ms
2019-09-26 21:11:46,187 [Thread-210] INFO  impl.RoleInfo (RoleInfo.java:shutdownFollowerState(121)) - 5c7ad6a2-cfc0-44ee-aacc-236aacfb6269: shutdown FollowerState
2019-09-26 21:11:46,187 [Thread-210] INFO  impl.RaftServerImpl (RaftServerImpl.java:setRole(174)) - 5c7ad6a2-cfc0-44ee-aacc-236aacfb6269@group-F74EEB289108: changes role from  FOLLOWER to CANDIDATE at term 0 for changeToCandidate
2019-09-26 21:11:46,194 [Thread-210] INFO  impl.RoleInfo (RoleInfo.java:updateAndGet(143)) - 5c7ad6a2-cfc0-44ee-aacc-236aacfb6269: start LeaderElection
2019-09-26 21:11:46,213 [5c7ad6a2-cfc0-44ee-aacc-236aacfb6269@group-F74EEB289108:LeaderElection1] INFO  impl.LeaderElection (LeaderElection.java:askForVotes(182)) - 5c7ad6a2-cfc0-44ee-aacc-236aacfb6269@group-F74EEB289108:LeaderElection1: begin an election at term 1 for -1: [5c7ad6a2-cfc0-44ee-aacc-236aacfb6269:192.168.157.234:35007], old=null
2019-09-26 21:11:46,215 [5c7ad6a2-cfc0-44ee-aacc-236aacfb6269@group-F74EEB289108:LeaderElection1] INFO  impl.RoleInfo (RoleInfo.java:shutdownLeaderElection(134)) - 5c7ad6a2-cfc0-44ee-aacc-236aacfb6269: shutdown LeaderElection
2019-09-26 21:11:46,216 [5c7ad6a2-cfc0-44ee-aacc-236aacfb6269@group-F74EEB289108:LeaderElection1] INFO  impl.RaftServerImpl (RaftServerImpl.java:setRole(174)) - 5c7ad6a2-cfc0-44ee-aacc-236aacfb6269@group-F74EEB289108: changes role from CANDIDATE to LEADER at term 1 for changeToLeader
2019-09-26 21:11:46,217 [5c7ad6a2-cfc0-44ee-aacc-236aacfb6269@group-F74EEB289108:LeaderElection1] INFO  impl.RaftServerImpl (ServerState.java:setLeader(253)) - 5c7ad6a2-cfc0-44ee-aacc-236aacfb6269@group-F74EEB289108: change Leader from null to 5c7ad6a2-cfc0-44ee-aacc-236aacfb6269 at term 1 for becomeLeader, leader elected after 5163ms
2019-09-26 21:11:46,227 [5c7ad6a2-cfc0-44ee-aacc-236aacfb6269@group-F74EEB289108:LeaderElection1] INFO  server.RaftServerConfigKeys (ConfUtils.java:logGet(43)) - raft.server.staging.catchup.gap = 1000 (default)
2019-09-26 21:11:46,227 [5c7ad6a2-cfc0-44ee-aacc-236aacfb6269@group-F74EEB289108:LeaderElection1] INFO  server.RaftServerConfigKeys (ConfUtils.java:logGet(43)) - raft.server.rpc.sleep.time = 25ms (default)
2019-09-26 21:11:46,231 [5c7ad6a2-cfc0-44ee-aacc-236aacfb6269@group-F74EEB289108:LeaderElection1] INFO  server.RaftServerConfigKeys (ConfUtils.java:logGet(43)) - raft.server.write.element-limit = 4096 (default)
2019-09-26 21:11:46,235 [5c7ad6a2-cfc0-44ee-aacc-236aacfb6269@group-F74EEB289108:LeaderElection1] INFO  server.RaftServerConfigKeys (ConfUtils.java:logGet(43)) - raft.server.watch.timeout = 10s (default)
2019-09-26 21:11:46,235 [5c7ad6a2-cfc0-44ee-aacc-236aacfb6269@group-F74EEB289108:LeaderElection1] INFO  server.RaftServerConfigKeys (ConfUtils.java:logGet(43)) - raft.server.watch.timeout.denomination = 1s (default)
2019-09-26 21:11:46,236 [5c7ad6a2-cfc0-44ee-aacc-236aacfb6269@group-F74EEB289108:LeaderElection1] INFO  server.RaftServerConfigKeys (ConfUtils.java:logGet(43)) - raft.server.watch.element-limit = 65536 (default)
2019-09-26 21:11:46,253 [5c7ad6a2-cfc0-44ee-aacc-236aacfb6269@group-F74EEB289108:LeaderElection1] INFO  impl.RoleInfo (RoleInfo.java:updateAndGet(143)) - 5c7ad6a2-cfc0-44ee-aacc-236aacfb6269: start LeaderState
2019-09-26 21:11:46,280 [5c7ad6a2-cfc0-44ee-aacc-236aacfb6269@group-F74EEB289108:LeaderElection1] INFO  segmented.SegmentedRaftLogWorker (SegmentedRaftLogWorker.java:startLogSegment(380)) - 5c7ad6a2-cfc0-44ee-aacc-236aacfb6269@group-F74EEB289108-SegmentedRaftLogWorker: Starting segment from index:0
2019-09-26 21:11:46,290 [5c7ad6a2-cfc0-44ee-aacc-236aacfb6269@group-F74EEB289108:LeaderElection1] INFO  impl.RaftServerImpl (ServerState.java:setRaftConf(354)) - 5c7ad6a2-cfc0-44ee-aacc-236aacfb6269@group-F74EEB289108: set configuration 0: [5c7ad6a2-cfc0-44ee-aacc-236aacfb6269:192.168.157.234:35007], old=null at 0
2019-09-26 21:11:46,424 [Thread-213] INFO  impl.FollowerState (FollowerState.java:run(106)) - c88b4bda-6308-4fd3-b24e-f11d193b3526:group-DCFD521414B8 changes to CANDIDATE, lastRpcTime:5041, electionTimeout:5040ms
2019-09-26 21:11:46,427 [Thread-213] INFO  impl.RoleInfo (RoleInfo.java:shutdownFollowerState(121)) - c88b4bda-6308-4fd3-b24e-f11d193b3526: shutdown FollowerState
2019-09-26 21:11:46,427 [Thread-213] INFO  impl.RaftServerImpl (RaftServerImpl.java:setRole(174)) - c88b4bda-6308-4fd3-b24e-f11d193b3526@group-DCFD521414B8: changes role from  FOLLOWER to CANDIDATE at term 0 for changeToCandidate
2019-09-26 21:11:46,427 [Thread-213] INFO  impl.RoleInfo (RoleInfo.java:updateAndGet(143)) - c88b4bda-6308-4fd3-b24e-f11d193b3526: start LeaderElection
2019-09-26 21:11:46,444 [c88b4bda-6308-4fd3-b24e-f11d193b3526@group-DCFD521414B8:LeaderElection2] INFO  impl.LeaderElection (LeaderElection.java:askForVotes(182)) - c88b4bda-6308-4fd3-b24e-f11d193b3526@group-DCFD521414B8:LeaderElection2: begin an election at term 1 for -1: [c88b4bda-6308-4fd3-b24e-f11d193b3526:192.168.157.234:33026], old=null
2019-09-26 21:11:46,446 [c88b4bda-6308-4fd3-b24e-f11d193b3526@group-DCFD521414B8:LeaderElection2] INFO  impl.RoleInfo (RoleInfo.java:shutdownLeaderElection(134)) - c88b4bda-6308-4fd3-b24e-f11d193b3526: shutdown LeaderElection
2019-09-26 21:11:46,446 [c88b4bda-6308-4fd3-b24e-f11d193b3526@group-DCFD521414B8:LeaderElection2] INFO  impl.RaftServerImpl (RaftServerImpl.java:setRole(174)) - c88b4bda-6308-4fd3-b24e-f11d193b3526@group-DCFD521414B8: changes role from CANDIDATE to LEADER at term 1 for changeToLeader
2019-09-26 21:11:46,447 [c88b4bda-6308-4fd3-b24e-f11d193b3526@group-DCFD521414B8:LeaderElection2] INFO  impl.RaftServerImpl (ServerState.java:setLeader(253)) - c88b4bda-6308-4fd3-b24e-f11d193b3526@group-DCFD521414B8: change Leader from null to c88b4bda-6308-4fd3-b24e-f11d193b3526 at term 1 for becomeLeader, leader elected after 5077ms
2019-09-26 21:11:46,448 [c88b4bda-6308-4fd3-b24e-f11d193b3526@group-DCFD521414B8:LeaderElection2] INFO  server.RaftServerConfigKeys (ConfUtils.java:logGet(43)) - raft.server.staging.catchup.gap = 1000 (default)
2019-09-26 21:11:46,448 [c88b4bda-6308-4fd3-b24e-f11d193b3526@group-DCFD521414B8:LeaderElection2] INFO  server.RaftServerConfigKeys (ConfUtils.java:logGet(43)) - raft.server.rpc.sleep.time = 25ms (default)
2019-09-26 21:11:46,448 [c88b4bda-6308-4fd3-b24e-f11d193b3526@group-DCFD521414B8:LeaderElection2] INFO  server.RaftServerConfigKeys (ConfUtils.java:logGet(43)) - raft.server.write.element-limit = 4096 (default)
2019-09-26 21:11:46,449 [c88b4bda-6308-4fd3-b24e-f11d193b3526@group-DCFD521414B8:LeaderElection2] INFO  server.RaftServerConfigKeys (ConfUtils.java:logGet(43)) - raft.server.watch.timeout = 10s (default)
2019-09-26 21:11:46,449 [c88b4bda-6308-4fd3-b24e-f11d193b3526@group-DCFD521414B8:LeaderElection2] INFO  server.RaftServerConfigKeys (ConfUtils.java:logGet(43)) - raft.server.watch.timeout.denomination = 1s (default)
2019-09-26 21:11:46,449 [c88b4bda-6308-4fd3-b24e-f11d193b3526@group-DCFD521414B8:LeaderElection2] INFO  server.RaftServerConfigKeys (ConfUtils.java:logGet(43)) - raft.server.watch.element-limit = 65536 (default)
2019-09-26 21:11:46,452 [c88b4bda-6308-4fd3-b24e-f11d193b3526@group-DCFD521414B8:LeaderElection2] INFO  impl.RoleInfo (RoleInfo.java:updateAndGet(143)) - c88b4bda-6308-4fd3-b24e-f11d193b3526: start LeaderState
2019-09-26 21:11:46,452 [c88b4bda-6308-4fd3-b24e-f11d193b3526@group-DCFD521414B8:LeaderElection2] INFO  segmented.SegmentedRaftLogWorker (SegmentedRaftLogWorker.java:startLogSegment(380)) - c88b4bda-6308-4fd3-b24e-f11d193b3526@group-DCFD521414B8-SegmentedRaftLogWorker: Starting segment from index:0
2019-09-26 21:11:46,453 [c88b4bda-6308-4fd3-b24e-f11d193b3526@group-DCFD521414B8:LeaderElection2] INFO  impl.RaftServerImpl (ServerState.java:setRaftConf(354)) - c88b4bda-6308-4fd3-b24e-f11d193b3526@group-DCFD521414B8: set configuration 0: [c88b4bda-6308-4fd3-b24e-f11d193b3526:192.168.157.234:33026], old=null at 0
2019-09-26 21:11:46,508 [c88b4bda-6308-4fd3-b24e-f11d193b3526@group-DCFD521414B8-SegmentedRaftLogWorker] INFO  segmented.SegmentedRaftLogWorker (SegmentedRaftLogWorker.java:execute(569)) - c88b4bda-6308-4fd3-b24e-f11d193b3526@group-DCFD521414B8-SegmentedRaftLogWorker: created new log segment /workdir/hadoop-ozone/tools/target/test-dir/MiniOzoneClusterImpl-5cbe72bf-95d6-46dd-b416-f703ffc9af50/datanode-4/data/ratis/8873512a-fd86-402c-b928-dcfd521414b8/current/log_inprogress_0
2019-09-26 21:11:46,508 [5c7ad6a2-cfc0-44ee-aacc-236aacfb6269@group-F74EEB289108-SegmentedRaftLogWorker] INFO  segmented.SegmentedRaftLogWorker (SegmentedRaftLogWorker.java:execute(569)) - 5c7ad6a2-cfc0-44ee-aacc-236aacfb6269@group-F74EEB289108-SegmentedRaftLogWorker: created new log segment /workdir/hadoop-ozone/tools/target/test-dir/MiniOzoneClusterImpl-5cbe72bf-95d6-46dd-b416-f703ffc9af50/datanode-0/data/ratis/b753ac0a-e4d5-49f9-93b6-f74eeb289108/current/log_inprogress_0
2019-09-26 21:11:46,636 [Thread-219] INFO  impl.FollowerState (FollowerState.java:run(106)) - d4146af4-4acc-41fe-9086-4b1be7dd386e:group-A23C4DAAFE03 changes to CANDIDATE, lastRpcTime:5020, electionTimeout:5020ms
2019-09-26 21:11:46,637 [Thread-219] INFO  impl.RoleInfo (RoleInfo.java:shutdownFollowerState(121)) - d4146af4-4acc-41fe-9086-4b1be7dd386e: shutdown FollowerState
2019-09-26 21:11:46,637 [Thread-219] INFO  impl.RaftServerImpl (RaftServerImpl.java:setRole(174)) - d4146af4-4acc-41fe-9086-4b1be7dd386e@group-A23C4DAAFE03: changes role from  FOLLOWER to CANDIDATE at term 0 for changeToCandidate
2019-09-26 21:11:46,637 [Thread-219] INFO  impl.RoleInfo (RoleInfo.java:updateAndGet(143)) - d4146af4-4acc-41fe-9086-4b1be7dd386e: start LeaderElection
2019-09-26 21:11:46,655 [Thread-216] INFO  impl.FollowerState (FollowerState.java:run(106)) - 54c131b5-6db5-45de-b068-0c7e79829dcc:group-976CB818E259 changes to CANDIDATE, lastRpcTime:5113, electionTimeout:5113ms
2019-09-26 21:11:46,655 [Thread-216] INFO  impl.RoleInfo (RoleInfo.java:shutdownFollowerState(121)) - 54c131b5-6db5-45de-b068-0c7e79829dcc: shutdown FollowerState
2019-09-26 21:11:46,655 [Thread-216] INFO  impl.RaftServerImpl (RaftServerImpl.java:setRole(174)) - 54c131b5-6db5-45de-b068-0c7e79829dcc@group-976CB818E259: changes role from  FOLLOWER to CANDIDATE at term 0 for changeToCandidate
2019-09-26 21:11:46,656 [Thread-216] INFO  impl.RoleInfo (RoleInfo.java:updateAndGet(143)) - 54c131b5-6db5-45de-b068-0c7e79829dcc: start LeaderElection
2019-09-26 21:11:46,666 [d4146af4-4acc-41fe-9086-4b1be7dd386e@group-A23C4DAAFE03:LeaderElection3] INFO  impl.LeaderElection (LeaderElection.java:askForVotes(182)) - d4146af4-4acc-41fe-9086-4b1be7dd386e@group-A23C4DAAFE03:LeaderElection3: begin an election at term 1 for -1: [d4146af4-4acc-41fe-9086-4b1be7dd386e:192.168.157.234:33487], old=null
2019-09-26 21:11:46,666 [d4146af4-4acc-41fe-9086-4b1be7dd386e@group-A23C4DAAFE03:LeaderElection3] INFO  impl.RoleInfo (RoleInfo.java:shutdownLeaderElection(134)) - d4146af4-4acc-41fe-9086-4b1be7dd386e: shutdown LeaderElection
2019-09-26 21:11:46,666 [d4146af4-4acc-41fe-9086-4b1be7dd386e@group-A23C4DAAFE03:LeaderElection3] INFO  impl.RaftServerImpl (RaftServerImpl.java:setRole(174)) - d4146af4-4acc-41fe-9086-4b1be7dd386e@group-A23C4DAAFE03: changes role from CANDIDATE to LEADER at term 1 for changeToLeader
2019-09-26 21:11:46,667 [d4146af4-4acc-41fe-9086-4b1be7dd386e@group-A23C4DAAFE03:LeaderElection3] INFO  impl.RaftServerImpl (ServerState.java:setLeader(253)) - d4146af4-4acc-41fe-9086-4b1be7dd386e@group-A23C4DAAFE03: change Leader from null to d4146af4-4acc-41fe-9086-4b1be7dd386e at term 1 for becomeLeader, leader elected after 5064ms
2019-09-26 21:11:46,668 [d4146af4-4acc-41fe-9086-4b1be7dd386e@group-A23C4DAAFE03:LeaderElection3] INFO  server.RaftServerConfigKeys (ConfUtils.java:logGet(43)) - raft.server.staging.catchup.gap = 1000 (default)
2019-09-26 21:11:46,668 [d4146af4-4acc-41fe-9086-4b1be7dd386e@group-A23C4DAAFE03:LeaderElection3] INFO  server.RaftServerConfigKeys (ConfUtils.java:logGet(43)) - raft.server.rpc.sleep.time = 25ms (default)
2019-09-26 21:11:46,669 [d4146af4-4acc-41fe-9086-4b1be7dd386e@group-A23C4DAAFE03:LeaderElection3] INFO  server.RaftServerConfigKeys (ConfUtils.java:logGet(43)) - raft.server.write.element-limit = 4096 (default)
2019-09-26 21:11:46,669 [d4146af4-4acc-41fe-9086-4b1be7dd386e@group-A23C4DAAFE03:LeaderElection3] INFO  server.RaftServerConfigKeys (ConfUtils.java:logGet(43)) - raft.server.watch.timeout = 10s (default)
2019-09-26 21:11:46,669 [d4146af4-4acc-41fe-9086-4b1be7dd386e@group-A23C4DAAFE03:LeaderElection3] INFO  server.RaftServerConfigKeys (ConfUtils.java:logGet(43)) - raft.server.watch.timeout.denomination = 1s (default)
2019-09-26 21:11:46,669 [d4146af4-4acc-41fe-9086-4b1be7dd386e@group-A23C4DAAFE03:LeaderElection3] INFO  server.RaftServerConfigKeys (ConfUtils.java:logGet(43)) - raft.server.watch.element-limit = 65536 (default)
2019-09-26 21:11:46,673 [d4146af4-4acc-41fe-9086-4b1be7dd386e@group-A23C4DAAFE03:LeaderElection3] INFO  impl.RoleInfo (RoleInfo.java:updateAndGet(143)) - d4146af4-4acc-41fe-9086-4b1be7dd386e: start LeaderState
2019-09-26 21:11:46,674 [d4146af4-4acc-41fe-9086-4b1be7dd386e@group-A23C4DAAFE03:LeaderElection3] INFO  segmented.SegmentedRaftLogWorker (SegmentedRaftLogWorker.java:startLogSegment(380)) - d4146af4-4acc-41fe-9086-4b1be7dd386e@group-A23C4DAAFE03-SegmentedRaftLogWorker: Starting segment from index:0
2019-09-26 21:11:46,674 [d4146af4-4acc-41fe-9086-4b1be7dd386e@group-A23C4DAAFE03:LeaderElection3] INFO  impl.RaftServerImpl (ServerState.java:setRaftConf(354)) - d4146af4-4acc-41fe-9086-4b1be7dd386e@group-A23C4DAAFE03: set configuration 0: [d4146af4-4acc-41fe-9086-4b1be7dd386e:192.168.157.234:33487], old=null at 0
2019-09-26 21:11:46,713 [54c131b5-6db5-45de-b068-0c7e79829dcc@group-976CB818E259:LeaderElection4] INFO  impl.LeaderElection (LeaderElection.java:askForVotes(182)) - 54c131b5-6db5-45de-b068-0c7e79829dcc@group-976CB818E259:LeaderElection4: begin an election at term 1 for -1: [54c131b5-6db5-45de-b068-0c7e79829dcc:192.168.157.234:41093], old=null
2019-09-26 21:11:46,715 [54c131b5-6db5-45de-b068-0c7e79829dcc@group-976CB818E259:LeaderElection4] INFO  impl.RoleInfo (RoleInfo.java:shutdownLeaderElection(134)) - 54c131b5-6db5-45de-b068-0c7e79829dcc: shutdown LeaderElection
2019-09-26 21:11:46,716 [54c131b5-6db5-45de-b068-0c7e79829dcc@group-976CB818E259:LeaderElection4] INFO  impl.RaftServerImpl (RaftServerImpl.java:setRole(174)) - 54c131b5-6db5-45de-b068-0c7e79829dcc@group-976CB818E259: changes role from CANDIDATE to LEADER at term 1 for changeToLeader
2019-09-26 21:11:46,716 [54c131b5-6db5-45de-b068-0c7e79829dcc@group-976CB818E259:LeaderElection4] INFO  impl.RaftServerImpl (ServerState.java:setLeader(253)) - 54c131b5-6db5-45de-b068-0c7e79829dcc@group-976CB818E259: change Leader from null to 54c131b5-6db5-45de-b068-0c7e79829dcc at term 1 for becomeLeader, leader elected after 5229ms
2019-09-26 21:11:46,718 [54c131b5-6db5-45de-b068-0c7e79829dcc@group-976CB818E259:LeaderElection4] INFO  server.RaftServerConfigKeys (ConfUtils.java:logGet(43)) - raft.server.staging.catchup.gap = 1000 (default)
2019-09-26 21:11:46,718 [54c131b5-6db5-45de-b068-0c7e79829dcc@group-976CB818E259:LeaderElection4] INFO  server.RaftServerConfigKeys (ConfUtils.java:logGet(43)) - raft.server.rpc.sleep.time = 25ms (default)
2019-09-26 21:11:46,718 [54c131b5-6db5-45de-b068-0c7e79829dcc@group-976CB818E259:LeaderElection4] INFO  server.RaftServerConfigKeys (ConfUtils.java:logGet(43)) - raft.server.write.element-limit = 4096 (default)
2019-09-26 21:11:46,718 [54c131b5-6db5-45de-b068-0c7e79829dcc@group-976CB818E259:LeaderElection4] INFO  server.RaftServerConfigKeys (ConfUtils.java:logGet(43)) - raft.server.watch.timeout = 10s (default)
2019-09-26 21:11:46,719 [54c131b5-6db5-45de-b068-0c7e79829dcc@group-976CB818E259:LeaderElection4] INFO  server.RaftServerConfigKeys (ConfUtils.java:logGet(43)) - raft.server.watch.timeout.denomination = 1s (default)
2019-09-26 21:11:46,719 [54c131b5-6db5-45de-b068-0c7e79829dcc@group-976CB818E259:LeaderElection4] INFO  server.RaftServerConfigKeys (ConfUtils.java:logGet(43)) - raft.server.watch.element-limit = 65536 (default)
2019-09-26 21:11:46,723 [54c131b5-6db5-45de-b068-0c7e79829dcc@group-976CB818E259:LeaderElection4] INFO  impl.RoleInfo (RoleInfo.java:updateAndGet(143)) - 54c131b5-6db5-45de-b068-0c7e79829dcc: start LeaderState
2019-09-26 21:11:46,723 [54c131b5-6db5-45de-b068-0c7e79829dcc@group-976CB818E259:LeaderElection4] INFO  segmented.SegmentedRaftLogWorker (SegmentedRaftLogWorker.java:startLogSegment(380)) - 54c131b5-6db5-45de-b068-0c7e79829dcc@group-976CB818E259-SegmentedRaftLogWorker: Starting segment from index:0
2019-09-26 21:11:46,724 [54c131b5-6db5-45de-b068-0c7e79829dcc@group-976CB818E259:LeaderElection4] INFO  impl.RaftServerImpl (ServerState.java:setRaftConf(354)) - 54c131b5-6db5-45de-b068-0c7e79829dcc@group-976CB818E259: set configuration 0: [54c131b5-6db5-45de-b068-0c7e79829dcc:192.168.157.234:41093], old=null at 0
2019-09-26 21:11:46,770 [d4146af4-4acc-41fe-9086-4b1be7dd386e@group-A23C4DAAFE03-SegmentedRaftLogWorker] INFO  segmented.SegmentedRaftLogWorker (SegmentedRaftLogWorker.java:execute(569)) - d4146af4-4acc-41fe-9086-4b1be7dd386e@group-A23C4DAAFE03-SegmentedRaftLogWorker: created new log segment /workdir/hadoop-ozone/tools/target/test-dir/MiniOzoneClusterImpl-5cbe72bf-95d6-46dd-b416-f703ffc9af50/datanode-2/data/ratis/4c0489aa-f917-489a-8d9f-a23c4daafe03/current/log_inprogress_0
2019-09-26 21:11:46,782 [54c131b5-6db5-45de-b068-0c7e79829dcc@group-976CB818E259-SegmentedRaftLogWorker] INFO  segmented.SegmentedRaftLogWorker (SegmentedRaftLogWorker.java:execute(569)) - 54c131b5-6db5-45de-b068-0c7e79829dcc@group-976CB818E259-SegmentedRaftLogWorker: created new log segment /workdir/hadoop-ozone/tools/target/test-dir/MiniOzoneClusterImpl-5cbe72bf-95d6-46dd-b416-f703ffc9af50/datanode-3/data/ratis/56e5c4b7-5edf-4eab-b148-976cb818e259/current/log_inprogress_0
2019-09-26 21:11:46,854 [Thread-222] INFO  impl.FollowerState (FollowerState.java:run(106)) - 43700576-0411-4f97-8009-11ac3f2c2794:group-B67C95DA3161 changes to CANDIDATE, lastRpcTime:5165, electionTimeout:5165ms
2019-09-26 21:11:46,855 [Thread-222] INFO  impl.RoleInfo (RoleInfo.java:shutdownFollowerState(121)) - 43700576-0411-4f97-8009-11ac3f2c2794: shutdown FollowerState
2019-09-26 21:11:46,855 [Thread-222] INFO  impl.RaftServerImpl (RaftServerImpl.java:setRole(174)) - 43700576-0411-4f97-8009-11ac3f2c2794@group-B67C95DA3161: changes role from  FOLLOWER to CANDIDATE at term 0 for changeToCandidate
2019-09-26 21:11:46,855 [Thread-222] INFO  impl.RoleInfo (RoleInfo.java:updateAndGet(143)) - 43700576-0411-4f97-8009-11ac3f2c2794: start LeaderElection
2019-09-26 21:11:46,872 [43700576-0411-4f97-8009-11ac3f2c2794@group-B67C95DA3161:LeaderElection5] INFO  impl.LeaderElection (LeaderElection.java:askForVotes(182)) - 43700576-0411-4f97-8009-11ac3f2c2794@group-B67C95DA3161:LeaderElection5: begin an election at term 1 for -1: [43700576-0411-4f97-8009-11ac3f2c2794:192.168.157.234:32840], old=null
2019-09-26 21:11:46,873 [43700576-0411-4f97-8009-11ac3f2c2794@group-B67C95DA3161:LeaderElection5] INFO  impl.RoleInfo (RoleInfo.java:shutdownLeaderElection(134)) - 43700576-0411-4f97-8009-11ac3f2c2794: shutdown LeaderElection
2019-09-26 21:11:46,873 [43700576-0411-4f97-8009-11ac3f2c2794@group-B67C95DA3161:LeaderElection5] INFO  impl.RaftServerImpl (RaftServerImpl.java:setRole(174)) - 43700576-0411-4f97-8009-11ac3f2c2794@group-B67C95DA3161: changes role from CANDIDATE to LEADER at term 1 for changeToLeader
2019-09-26 21:11:46,873 [43700576-0411-4f97-8009-11ac3f2c2794@group-B67C95DA3161:LeaderElection5] INFO  impl.RaftServerImpl (ServerState.java:setLeader(253)) - 43700576-0411-4f97-8009-11ac3f2c2794@group-B67C95DA3161: change Leader from null to 43700576-0411-4f97-8009-11ac3f2c2794 at term 1 for becomeLeader, leader elected after 5195ms
2019-09-26 21:11:46,875 [43700576-0411-4f97-8009-11ac3f2c2794@group-B67C95DA3161:LeaderElection5] INFO  server.RaftServerConfigKeys (ConfUtils.java:logGet(43)) - raft.server.staging.catchup.gap = 1000 (default)
2019-09-26 21:11:46,875 [43700576-0411-4f97-8009-11ac3f2c2794@group-B67C95DA3161:LeaderElection5] INFO  server.RaftServerConfigKeys (ConfUtils.java:logGet(43)) - raft.server.rpc.sleep.time = 25ms (default)
2019-09-26 21:11:46,875 [43700576-0411-4f97-8009-11ac3f2c2794@group-B67C95DA3161:LeaderElection5] INFO  server.RaftServerConfigKeys (ConfUtils.java:logGet(43)) - raft.server.write.element-limit = 4096 (default)
2019-09-26 21:11:46,875 [43700576-0411-4f97-8009-11ac3f2c2794@group-B67C95DA3161:LeaderElection5] INFO  server.RaftServerConfigKeys (ConfUtils.java:logGet(43)) - raft.server.watch.timeout = 10s (default)
2019-09-26 21:11:46,876 [43700576-0411-4f97-8009-11ac3f2c2794@group-B67C95DA3161:LeaderElection5] INFO  server.RaftServerConfigKeys (ConfUtils.java:logGet(43)) - raft.server.watch.timeout.denomination = 1s (default)
2019-09-26 21:11:46,876 [43700576-0411-4f97-8009-11ac3f2c2794@group-B67C95DA3161:LeaderElection5] INFO  server.RaftServerConfigKeys (ConfUtils.java:logGet(43)) - raft.server.watch.element-limit = 65536 (default)
2019-09-26 21:11:46,880 [43700576-0411-4f97-8009-11ac3f2c2794@group-B67C95DA3161:LeaderElection5] INFO  impl.RoleInfo (RoleInfo.java:updateAndGet(143)) - 43700576-0411-4f97-8009-11ac3f2c2794: start LeaderState
2019-09-26 21:11:46,880 [43700576-0411-4f97-8009-11ac3f2c2794@group-B67C95DA3161:LeaderElection5] INFO  segmented.SegmentedRaftLogWorker (SegmentedRaftLogWorker.java:startLogSegment(380)) - 43700576-0411-4f97-8009-11ac3f2c2794@group-B67C95DA3161-SegmentedRaftLogWorker: Starting segment from index:0
2019-09-26 21:11:46,881 [43700576-0411-4f97-8009-11ac3f2c2794@group-B67C95DA3161:LeaderElection5] INFO  impl.RaftServerImpl (ServerState.java:setRaftConf(354)) - 43700576-0411-4f97-8009-11ac3f2c2794@group-B67C95DA3161: set configuration 0: [43700576-0411-4f97-8009-11ac3f2c2794:192.168.157.234:32840], old=null at 0
2019-09-26 21:11:46,902 [Thread-227] INFO  impl.FollowerState (FollowerState.java:run(106)) - c88b4bda-6308-4fd3-b24e-f11d193b3526:group-754E0EBF1BBF changes to CANDIDATE, lastRpcTime:5068, electionTimeout:5056ms
2019-09-26 21:11:46,903 [Thread-227] INFO  impl.RoleInfo (RoleInfo.java:shutdownFollowerState(121)) - c88b4bda-6308-4fd3-b24e-f11d193b3526: shutdown FollowerState
2019-09-26 21:11:46,903 [Thread-227] INFO  impl.RaftServerImpl (RaftServerImpl.java:setRole(174)) - c88b4bda-6308-4fd3-b24e-f11d193b3526@group-754E0EBF1BBF: changes role from  FOLLOWER to CANDIDATE at term 0 for changeToCandidate
2019-09-26 21:11:46,903 [Thread-227] INFO  impl.RoleInfo (RoleInfo.java:updateAndGet(143)) - c88b4bda-6308-4fd3-b24e-f11d193b3526: start LeaderElection
2019-09-26 21:11:46,926 [43700576-0411-4f97-8009-11ac3f2c2794@group-B67C95DA3161-SegmentedRaftLogWorker] INFO  segmented.SegmentedRaftLogWorker (SegmentedRaftLogWorker.java:execute(569)) - 43700576-0411-4f97-8009-11ac3f2c2794@group-B67C95DA3161-SegmentedRaftLogWorker: created new log segment /workdir/hadoop-ozone/tools/target/test-dir/MiniOzoneClusterImpl-5cbe72bf-95d6-46dd-b416-f703ffc9af50/datanode-1/data/ratis/5ebb8a98-9787-4d77-b059-b67c95da3161/current/log_inprogress_0
2019-09-26 21:11:46,926 [c88b4bda-6308-4fd3-b24e-f11d193b3526@group-754E0EBF1BBF:LeaderElection6] INFO  impl.LeaderElection (LeaderElection.java:askForVotes(182)) - c88b4bda-6308-4fd3-b24e-f11d193b3526@group-754E0EBF1BBF:LeaderElection6: begin an election at term 1 for -1: [5c7ad6a2-cfc0-44ee-aacc-236aacfb6269:192.168.157.234:35007, c88b4bda-6308-4fd3-b24e-f11d193b3526:192.168.157.234:33026, 54c131b5-6db5-45de-b068-0c7e79829dcc:192.168.157.234:41093], old=null
2019-09-26 21:11:46,952 [Thread-228] INFO  impl.FollowerState (FollowerState.java:run(106)) - 5c7ad6a2-cfc0-44ee-aacc-236aacfb6269:group-754E0EBF1BBF changes to CANDIDATE, lastRpcTime:5117, electionTimeout:5117ms
2019-09-26 21:11:46,952 [Thread-228] INFO  impl.RoleInfo (RoleInfo.java:shutdownFollowerState(121)) - 5c7ad6a2-cfc0-44ee-aacc-236aacfb6269: shutdown FollowerState
2019-09-26 21:11:46,952 [Thread-229] INFO  impl.FollowerState (FollowerState.java:run(106)) - 54c131b5-6db5-45de-b068-0c7e79829dcc:group-754E0EBF1BBF changes to CANDIDATE, lastRpcTime:5117, electionTimeout:5114ms
2019-09-26 21:11:46,954 [Thread-228] INFO  impl.RaftServerImpl (RaftServerImpl.java:setRole(174)) - 5c7ad6a2-cfc0-44ee-aacc-236aacfb6269@group-754E0EBF1BBF: changes role from  FOLLOWER to CANDIDATE at term 0 for changeToCandidate
2019-09-26 21:11:46,954 [Thread-229] INFO  impl.RoleInfo (RoleInfo.java:shutdownFollowerState(121)) - 54c131b5-6db5-45de-b068-0c7e79829dcc: shutdown FollowerState
2019-09-26 21:11:46,954 [Thread-228] INFO  impl.RoleInfo (RoleInfo.java:updateAndGet(143)) - 5c7ad6a2-cfc0-44ee-aacc-236aacfb6269: start LeaderElection
2019-09-26 21:11:46,954 [Thread-229] INFO  impl.RaftServerImpl (RaftServerImpl.java:setRole(174)) - 54c131b5-6db5-45de-b068-0c7e79829dcc@group-754E0EBF1BBF: changes role from  FOLLOWER to CANDIDATE at term 0 for changeToCandidate
2019-09-26 21:11:46,955 [Thread-229] INFO  impl.RoleInfo (RoleInfo.java:updateAndGet(143)) - 54c131b5-6db5-45de-b068-0c7e79829dcc: start LeaderElection
2019-09-26 21:11:46,987 [54c131b5-6db5-45de-b068-0c7e79829dcc@group-754E0EBF1BBF:LeaderElection8] INFO  impl.LeaderElection (LeaderElection.java:askForVotes(182)) - 54c131b5-6db5-45de-b068-0c7e79829dcc@group-754E0EBF1BBF:LeaderElection8: begin an election at term 1 for -1: [5c7ad6a2-cfc0-44ee-aacc-236aacfb6269:192.168.157.234:35007, c88b4bda-6308-4fd3-b24e-f11d193b3526:192.168.157.234:33026, 54c131b5-6db5-45de-b068-0c7e79829dcc:192.168.157.234:41093], old=null
2019-09-26 21:11:46,987 [5c7ad6a2-cfc0-44ee-aacc-236aacfb6269@group-754E0EBF1BBF:LeaderElection7] INFO  impl.LeaderElection (LeaderElection.java:askForVotes(182)) - 5c7ad6a2-cfc0-44ee-aacc-236aacfb6269@group-754E0EBF1BBF:LeaderElection7: begin an election at term 1 for -1: [5c7ad6a2-cfc0-44ee-aacc-236aacfb6269:192.168.157.234:35007, c88b4bda-6308-4fd3-b24e-f11d193b3526:192.168.157.234:33026, 54c131b5-6db5-45de-b068-0c7e79829dcc:192.168.157.234:41093], old=null
2019-09-26 21:11:47,020 [c88b4bda-6308-4fd3-b24e-f11d193b3526@group-754E0EBF1BBF:LeaderElection6] INFO  impl.LeaderElection (LeaderElection.java:logAndReturn(56)) - c88b4bda-6308-4fd3-b24e-f11d193b3526@group-754E0EBF1BBF:LeaderElection6: Election REJECTED; received 2 response(s) [c88b4bda-6308-4fd3-b24e-f11d193b3526<-5c7ad6a2-cfc0-44ee-aacc-236aacfb6269#0:FAIL-t1, c88b4bda-6308-4fd3-b24e-f11d193b3526<-54c131b5-6db5-45de-b068-0c7e79829dcc#0:FAIL-t1] and 0 exception(s); c88b4bda-6308-4fd3-b24e-f11d193b3526@group-754E0EBF1BBF:t1, leader=null, voted=c88b4bda-6308-4fd3-b24e-f11d193b3526, raftlog=c88b4bda-6308-4fd3-b24e-f11d193b3526@group-754E0EBF1BBF-SegmentedRaftLog:OPENED:c-1,f-1,i0, conf=-1: [5c7ad6a2-cfc0-44ee-aacc-236aacfb6269:192.168.157.234:35007, c88b4bda-6308-4fd3-b24e-f11d193b3526:192.168.157.234:33026, 54c131b5-6db5-45de-b068-0c7e79829dcc:192.168.157.234:41093], old=null
2019-09-26 21:11:47,023 [c88b4bda-6308-4fd3-b24e-f11d193b3526@group-754E0EBF1BBF:LeaderElection6] INFO  impl.RaftServerImpl (RaftServerImpl.java:setRole(174)) - c88b4bda-6308-4fd3-b24e-f11d193b3526@group-754E0EBF1BBF: changes role from CANDIDATE to FOLLOWER at term 1 for DISCOVERED_A_NEW_TERM
2019-09-26 21:11:47,023 [c88b4bda-6308-4fd3-b24e-f11d193b3526@group-754E0EBF1BBF:LeaderElection6] INFO  impl.RoleInfo (RoleInfo.java:shutdownLeaderElection(134)) - c88b4bda-6308-4fd3-b24e-f11d193b3526: shutdown LeaderElection
2019-09-26 21:11:47,023 [c88b4bda-6308-4fd3-b24e-f11d193b3526@group-754E0EBF1BBF:LeaderElection6] INFO  impl.RoleInfo (RoleInfo.java:updateAndGet(143)) - c88b4bda-6308-4fd3-b24e-f11d193b3526: start FollowerState
2019-09-26 21:11:47,031 [main] INFO  ipc.Client (Client.java:handleConnectionFailure(948)) - Retrying connect to server: localhost/127.0.0.1:0. Already tried 4 time(s); retry policy is RetryUpToMaximumCountWithFixedSleep(maxRetries=10, sleepTime=1000 MILLISECONDS)
2019-09-26 21:11:47,050 [54c131b5-6db5-45de-b068-0c7e79829dcc@group-754E0EBF1BBF:LeaderElection8] INFO  impl.LeaderElection (LeaderElection.java:logAndReturn(56)) - 54c131b5-6db5-45de-b068-0c7e79829dcc@group-754E0EBF1BBF:LeaderElection8: Election REJECTED; received 2 response(s) [54c131b5-6db5-45de-b068-0c7e79829dcc<-5c7ad6a2-cfc0-44ee-aacc-236aacfb6269#0:FAIL-t1, 54c131b5-6db5-45de-b068-0c7e79829dcc<-c88b4bda-6308-4fd3-b24e-f11d193b3526#0:FAIL-t1] and 0 exception(s); 54c131b5-6db5-45de-b068-0c7e79829dcc@group-754E0EBF1BBF:t1, leader=null, voted=54c131b5-6db5-45de-b068-0c7e79829dcc, raftlog=54c131b5-6db5-45de-b068-0c7e79829dcc@group-754E0EBF1BBF-SegmentedRaftLog:OPENED:c-1,f-1,i0, conf=-1: [5c7ad6a2-cfc0-44ee-aacc-236aacfb6269:192.168.157.234:35007, c88b4bda-6308-4fd3-b24e-f11d193b3526:192.168.157.234:33026, 54c131b5-6db5-45de-b068-0c7e79829dcc:192.168.157.234:41093], old=null
2019-09-26 21:11:47,052 [54c131b5-6db5-45de-b068-0c7e79829dcc@group-754E0EBF1BBF:LeaderElection8] INFO  impl.RaftServerImpl (RaftServerImpl.java:setRole(174)) - 54c131b5-6db5-45de-b068-0c7e79829dcc@group-754E0EBF1BBF: changes role from CANDIDATE to FOLLOWER at term 1 for DISCOVERED_A_NEW_TERM
2019-09-26 21:11:47,055 [54c131b5-6db5-45de-b068-0c7e79829dcc@group-754E0EBF1BBF:LeaderElection8] INFO  impl.RoleInfo (RoleInfo.java:shutdownLeaderElection(134)) - 54c131b5-6db5-45de-b068-0c7e79829dcc: shutdown LeaderElection
2019-09-26 21:11:47,057 [54c131b5-6db5-45de-b068-0c7e79829dcc@group-754E0EBF1BBF:LeaderElection8] INFO  impl.RoleInfo (RoleInfo.java:updateAndGet(143)) - 54c131b5-6db5-45de-b068-0c7e79829dcc: start FollowerState
2019-09-26 21:11:47,064 [5c7ad6a2-cfc0-44ee-aacc-236aacfb6269@group-754E0EBF1BBF:LeaderElection7] INFO  impl.LeaderElection (LeaderElection.java:logAndReturn(56)) - 5c7ad6a2-cfc0-44ee-aacc-236aacfb6269@group-754E0EBF1BBF:LeaderElection7: Election REJECTED; received 2 response(s) [5c7ad6a2-cfc0-44ee-aacc-236aacfb6269<-c88b4bda-6308-4fd3-b24e-f11d193b3526#0:FAIL-t1, 5c7ad6a2-cfc0-44ee-aacc-236aacfb6269<-54c131b5-6db5-45de-b068-0c7e79829dcc#0:FAIL-t1] and 0 exception(s); 5c7ad6a2-cfc0-44ee-aacc-236aacfb6269@group-754E0EBF1BBF:t1, leader=null, voted=5c7ad6a2-cfc0-44ee-aacc-236aacfb6269, raftlog=5c7ad6a2-cfc0-44ee-aacc-236aacfb6269@group-754E0EBF1BBF-SegmentedRaftLog:OPENED:c-1,f-1,i0, conf=-1: [5c7ad6a2-cfc0-44ee-aacc-236aacfb6269:192.168.157.234:35007, c88b4bda-6308-4fd3-b24e-f11d193b3526:192.168.157.234:33026, 54c131b5-6db5-45de-b068-0c7e79829dcc:192.168.157.234:41093], old=null
2019-09-26 21:11:47,065 [5c7ad6a2-cfc0-44ee-aacc-236aacfb6269@group-754E0EBF1BBF:LeaderElection7] INFO  impl.RaftServerImpl (RaftServerImpl.java:setRole(174)) - 5c7ad6a2-cfc0-44ee-aacc-236aacfb6269@group-754E0EBF1BBF: changes role from CANDIDATE to FOLLOWER at term 1 for DISCOVERED_A_NEW_TERM
2019-09-26 21:11:47,068 [5c7ad6a2-cfc0-44ee-aacc-236aacfb6269@group-754E0EBF1BBF:LeaderElection7] INFO  impl.RoleInfo (RoleInfo.java:shutdownLeaderElection(134)) - 5c7ad6a2-cfc0-44ee-aacc-236aacfb6269: shutdown LeaderElection
2019-09-26 21:11:47,068 [5c7ad6a2-cfc0-44ee-aacc-236aacfb6269@group-754E0EBF1BBF:LeaderElection7] INFO  impl.RoleInfo (RoleInfo.java:updateAndGet(143)) - 5c7ad6a2-cfc0-44ee-aacc-236aacfb6269: start FollowerState
2019-09-26 21:11:48,040 [main] INFO  ipc.Client (Client.java:handleConnectionFailure(948)) - Retrying connect to server: localhost/127.0.0.1:0. Already tried 5 time(s); retry policy is RetryUpToMaximumCountWithFixedSleep(maxRetries=10, sleepTime=1000 MILLISECONDS)
2019-09-26 21:11:49,044 [main] INFO  ipc.Client (Client.java:handleConnectionFailure(948)) - Retrying connect to server: localhost/127.0.0.1:0. Already tried 6 time(s); retry policy is RetryUpToMaximumCountWithFixedSleep(maxRetries=10, sleepTime=1000 MILLISECONDS)
2019-09-26 21:11:50,046 [main] INFO  ipc.Client (Client.java:handleConnectionFailure(948)) - Retrying connect to server: localhost/127.0.0.1:0. Already tried 7 time(s); retry policy is RetryUpToMaximumCountWithFixedSleep(maxRetries=10, sleepTime=1000 MILLISECONDS)
2019-09-26 21:11:51,048 [main] INFO  ipc.Client (Client.java:handleConnectionFailure(948)) - Retrying connect to server: localhost/127.0.0.1:0. Already tried 8 time(s); retry policy is RetryUpToMaximumCountWithFixedSleep(maxRetries=10, sleepTime=1000 MILLISECONDS)
2019-09-26 21:11:52,049 [main] INFO  ipc.Client (Client.java:handleConnectionFailure(948)) - Retrying connect to server: localhost/127.0.0.1:0. Already tried 9 time(s); retry policy is RetryUpToMaximumCountWithFixedSleep(maxRetries=10, sleepTime=1000 MILLISECONDS)
2019-09-26 21:11:52,158 [Thread-254] INFO  impl.FollowerState (FollowerState.java:run(106)) - c88b4bda-6308-4fd3-b24e-f11d193b3526:group-754E0EBF1BBF changes to CANDIDATE, lastRpcTime:5134, electionTimeout:5132ms
2019-09-26 21:11:52,158 [Thread-254] INFO  impl.RoleInfo (RoleInfo.java:shutdownFollowerState(121)) - c88b4bda-6308-4fd3-b24e-f11d193b3526: shutdown FollowerState
2019-09-26 21:11:52,158 [Thread-254] INFO  impl.RaftServerImpl (RaftServerImpl.java:setRole(174)) - c88b4bda-6308-4fd3-b24e-f11d193b3526@group-754E0EBF1BBF: changes role from  FOLLOWER to CANDIDATE at term 1 for changeToCandidate
2019-09-26 21:11:52,158 [Thread-254] INFO  impl.RoleInfo (RoleInfo.java:updateAndGet(143)) - c88b4bda-6308-4fd3-b24e-f11d193b3526: start LeaderElection
2019-09-26 21:11:52,175 [Thread-255] INFO  impl.FollowerState (FollowerState.java:run(106)) - 54c131b5-6db5-45de-b068-0c7e79829dcc:group-754E0EBF1BBF changes to CANDIDATE, lastRpcTime:5117, electionTimeout:5116ms
2019-09-26 21:11:52,175 [Thread-255] INFO  impl.RoleInfo (RoleInfo.java:shutdownFollowerState(121)) - 54c131b5-6db5-45de-b068-0c7e79829dcc: shutdown FollowerState
2019-09-26 21:11:52,175 [Thread-255] INFO  impl.RaftServerImpl (RaftServerImpl.java:setRole(174)) - 54c131b5-6db5-45de-b068-0c7e79829dcc@group-754E0EBF1BBF: changes role from  FOLLOWER to CANDIDATE at term 1 for changeToCandidate
2019-09-26 21:11:52,175 [Thread-255] INFO  impl.RoleInfo (RoleInfo.java:updateAndGet(143)) - 54c131b5-6db5-45de-b068-0c7e79829dcc: start LeaderElection
2019-09-26 21:11:52,178 [c88b4bda-6308-4fd3-b24e-f11d193b3526@group-754E0EBF1BBF:LeaderElection9] INFO  impl.LeaderElection (LeaderElection.java:askForVotes(182)) - c88b4bda-6308-4fd3-b24e-f11d193b3526@group-754E0EBF1BBF:LeaderElection9: begin an election at term 2 for -1: [5c7ad6a2-cfc0-44ee-aacc-236aacfb6269:192.168.157.234:35007, c88b4bda-6308-4fd3-b24e-f11d193b3526:192.168.157.234:33026, 54c131b5-6db5-45de-b068-0c7e79829dcc:192.168.157.234:41093], old=null
2019-09-26 21:11:52,186 [grpc-default-executor-5] INFO  impl.RaftServerImpl (RaftServerImpl.java:setRole(174)) - 5c7ad6a2-cfc0-44ee-aacc-236aacfb6269@group-754E0EBF1BBF: changes role from  FOLLOWER to FOLLOWER at term 2 for recognizeCandidate:c88b4bda-6308-4fd3-b24e-f11d193b3526
2019-09-26 21:11:52,186 [grpc-default-executor-5] INFO  impl.RoleInfo (RoleInfo.java:shutdownFollowerState(121)) - 5c7ad6a2-cfc0-44ee-aacc-236aacfb6269: shutdown FollowerState
2019-09-26 21:11:52,187 [grpc-default-executor-5] INFO  impl.RoleInfo (RoleInfo.java:updateAndGet(143)) - 5c7ad6a2-cfc0-44ee-aacc-236aacfb6269: start FollowerState
2019-09-26 21:11:52,187 [Thread-256] INFO  impl.FollowerState (FollowerState.java:run(115)) - 5c7ad6a2-cfc0-44ee-aacc-236aacfb6269: FollowerState was interrupted: java.lang.InterruptedException: sleep interrupted
2019-09-26 21:11:52,190 [54c131b5-6db5-45de-b068-0c7e79829dcc@group-754E0EBF1BBF:LeaderElection10] INFO  impl.LeaderElection (LeaderElection.java:askForVotes(182)) - 54c131b5-6db5-45de-b068-0c7e79829dcc@group-754E0EBF1BBF:LeaderElection10: begin an election at term 2 for -1: [5c7ad6a2-cfc0-44ee-aacc-236aacfb6269:192.168.157.234:35007, c88b4bda-6308-4fd3-b24e-f11d193b3526:192.168.157.234:33026, 54c131b5-6db5-45de-b068-0c7e79829dcc:192.168.157.234:41093], old=null
2019-09-26 21:11:52,217 [c88b4bda-6308-4fd3-b24e-f11d193b3526@group-754E0EBF1BBF:LeaderElection9] INFO  impl.LeaderElection (LeaderElection.java:logAndReturn(56)) - c88b4bda-6308-4fd3-b24e-f11d193b3526@group-754E0EBF1BBF:LeaderElection9: Election PASSED; received 2 response(s) [c88b4bda-6308-4fd3-b24e-f11d193b3526<-5c7ad6a2-cfc0-44ee-aacc-236aacfb6269#0:OK-t2, c88b4bda-6308-4fd3-b24e-f11d193b3526<-54c131b5-6db5-45de-b068-0c7e79829dcc#0:FAIL-t2] and 0 exception(s); c88b4bda-6308-4fd3-b24e-f11d193b3526@group-754E0EBF1BBF:t2, leader=null, voted=c88b4bda-6308-4fd3-b24e-f11d193b3526, raftlog=c88b4bda-6308-4fd3-b24e-f11d193b3526@group-754E0EBF1BBF-SegmentedRaftLog:OPENED:c-1,f-1,i0, conf=-1: [5c7ad6a2-cfc0-44ee-aacc-236aacfb6269:192.168.157.234:35007, c88b4bda-6308-4fd3-b24e-f11d193b3526:192.168.157.234:33026, 54c131b5-6db5-45de-b068-0c7e79829dcc:192.168.157.234:41093], old=null
2019-09-26 21:11:52,217 [c88b4bda-6308-4fd3-b24e-f11d193b3526@group-754E0EBF1BBF:LeaderElection9] INFO  impl.RoleInfo (RoleInfo.java:shutdownLeaderElection(134)) - c88b4bda-6308-4fd3-b24e-f11d193b3526: shutdown LeaderElection
2019-09-26 21:11:52,219 [c88b4bda-6308-4fd3-b24e-f11d193b3526@group-754E0EBF1BBF:LeaderElection9] INFO  impl.RaftServerImpl (RaftServerImpl.java:setRole(174)) - c88b4bda-6308-4fd3-b24e-f11d193b3526@group-754E0EBF1BBF: changes role from CANDIDATE to LEADER at term 2 for changeToLeader
2019-09-26 21:11:52,219 [c88b4bda-6308-4fd3-b24e-f11d193b3526@group-754E0EBF1BBF:LeaderElection9] INFO  impl.RaftServerImpl (ServerState.java:setLeader(253)) - c88b4bda-6308-4fd3-b24e-f11d193b3526@group-754E0EBF1BBF: change Leader from null to c88b4bda-6308-4fd3-b24e-f11d193b3526 at term 2 for becomeLeader, leader elected after 10402ms
2019-09-26 21:11:52,220 [c88b4bda-6308-4fd3-b24e-f11d193b3526@group-754E0EBF1BBF:LeaderElection9] INFO  server.RaftServerConfigKeys (ConfUtils.java:logGet(43)) - raft.server.staging.catchup.gap = 1000 (default)
2019-09-26 21:11:52,220 [54c131b5-6db5-45de-b068-0c7e79829dcc@group-754E0EBF1BBF:LeaderElection10] INFO  impl.LeaderElection (LeaderElection.java:logAndReturn(56)) - 54c131b5-6db5-45de-b068-0c7e79829dcc@group-754E0EBF1BBF:LeaderElection10: Election REJECTED; received 2 response(s) [54c131b5-6db5-45de-b068-0c7e79829dcc<-5c7ad6a2-cfc0-44ee-aacc-236aacfb6269#0:FAIL-t2, 54c131b5-6db5-45de-b068-0c7e79829dcc<-c88b4bda-6308-4fd3-b24e-f11d193b3526#0:FAIL-t2] and 0 exception(s); 54c131b5-6db5-45de-b068-0c7e79829dcc@group-754E0EBF1BBF:t2, leader=null, voted=54c131b5-6db5-45de-b068-0c7e79829dcc, raftlog=54c131b5-6db5-45de-b068-0c7e79829dcc@group-754E0EBF1BBF-SegmentedRaftLog:OPENED:c-1,f-1,i0, conf=-1: [5c7ad6a2-cfc0-44ee-aacc-236aacfb6269:192.168.157.234:35007, c88b4bda-6308-4fd3-b24e-f11d193b3526:192.168.157.234:33026, 54c131b5-6db5-45de-b068-0c7e79829dcc:192.168.157.234:41093], old=null
2019-09-26 21:11:52,220 [c88b4bda-6308-4fd3-b24e-f11d193b3526@group-754E0EBF1BBF:LeaderElection9] INFO  server.RaftServerConfigKeys (ConfUtils.java:logGet(43)) - raft.server.rpc.sleep.time = 25ms (default)
2019-09-26 21:11:52,222 [54c131b5-6db5-45de-b068-0c7e79829dcc@group-754E0EBF1BBF:LeaderElection10] INFO  impl.RaftServerImpl (RaftServerImpl.java:setRole(174)) - 54c131b5-6db5-45de-b068-0c7e79829dcc@group-754E0EBF1BBF: changes role from CANDIDATE to FOLLOWER at term 2 for DISCOVERED_A_NEW_TERM
2019-09-26 21:11:52,225 [c88b4bda-6308-4fd3-b24e-f11d193b3526@group-754E0EBF1BBF:LeaderElection9] INFO  server.RaftServerConfigKeys (ConfUtils.java:logGet(43)) - raft.server.write.element-limit = 4096 (default)
2019-09-26 21:11:52,225 [54c131b5-6db5-45de-b068-0c7e79829dcc@group-754E0EBF1BBF:LeaderElection10] INFO  impl.RoleInfo (RoleInfo.java:shutdownLeaderElection(134)) - 54c131b5-6db5-45de-b068-0c7e79829dcc: shutdown LeaderElection
2019-09-26 21:11:52,225 [c88b4bda-6308-4fd3-b24e-f11d193b3526@group-754E0EBF1BBF:LeaderElection9] INFO  server.RaftServerConfigKeys (ConfUtils.java:logGet(43)) - raft.server.watch.timeout = 10s (default)
2019-09-26 21:11:52,226 [54c131b5-6db5-45de-b068-0c7e79829dcc@group-754E0EBF1BBF:LeaderElection10] INFO  impl.RoleInfo (RoleInfo.java:updateAndGet(143)) - 54c131b5-6db5-45de-b068-0c7e79829dcc: start FollowerState
2019-09-26 21:11:52,226 [c88b4bda-6308-4fd3-b24e-f11d193b3526@group-754E0EBF1BBF:LeaderElection9] INFO  server.RaftServerConfigKeys (ConfUtils.java:logGet(43)) - raft.server.watch.timeout.denomination = 1s (default)
2019-09-26 21:11:52,226 [c88b4bda-6308-4fd3-b24e-f11d193b3526@group-754E0EBF1BBF:LeaderElection9] INFO  server.RaftServerConfigKeys (ConfUtils.java:logGet(43)) - raft.server.watch.element-limit = 65536 (default)
2019-09-26 21:11:52,234 [c88b4bda-6308-4fd3-b24e-f11d193b3526@group-754E0EBF1BBF:LeaderElection9] INFO  server.RaftServerConfigKeys (ConfUtils.java:logGet(43)) - raft.server.log.appender.snapshot.chunk.size.max = 16MB (=16777216) (default)
2019-09-26 21:11:52,234 [c88b4bda-6308-4fd3-b24e-f11d193b3526@group-754E0EBF1BBF:LeaderElection9] INFO  server.RaftServerConfigKeys (ConfUtils.java:logGet(43)) - raft.server.log.appender.buffer.byte-limit = 33554432 (custom)
2019-09-26 21:11:52,235 [c88b4bda-6308-4fd3-b24e-f11d193b3526@group-754E0EBF1BBF:LeaderElection9] INFO  server.RaftServerConfigKeys (ConfUtils.java:logGet(43)) - raft.server.log.appender.buffer.element-limit = 1 (custom)
2019-09-26 21:11:52,239 [c88b4bda-6308-4fd3-b24e-f11d193b3526@group-754E0EBF1BBF:LeaderElection9] INFO  grpc.GrpcConfigKeys$Server (ConfUtils.java:logGet(43)) - raft.grpc.server.leader.outstanding.appends.max = 128 (default)
2019-09-26 21:11:52,246 [c88b4bda-6308-4fd3-b24e-f11d193b3526@group-754E0EBF1BBF:LeaderElection9] INFO  server.RaftServerConfigKeys (ConfUtils.java:logGet(43)) - raft.server.rpc.request.timeout = 3000ms (default)
2019-09-26 21:11:52,246 [c88b4bda-6308-4fd3-b24e-f11d193b3526@group-754E0EBF1BBF:LeaderElection9] INFO  server.RaftServerConfigKeys (ConfUtils.java:logGet(43)) - raft.server.log.appender.install.snapshot.enabled = false (custom)
2019-09-26 21:11:52,248 [c88b4bda-6308-4fd3-b24e-f11d193b3526@group-754E0EBF1BBF:LeaderElection9] INFO  server.RaftServerConfigKeys (ConfUtils.java:logGet(43)) - raft.server.log.appender.snapshot.chunk.size.max = 16MB (=16777216) (default)
2019-09-26 21:11:52,248 [c88b4bda-6308-4fd3-b24e-f11d193b3526@group-754E0EBF1BBF:LeaderElection9] INFO  server.RaftServerConfigKeys (ConfUtils.java:logGet(43)) - raft.server.log.appender.buffer.byte-limit = 33554432 (custom)
2019-09-26 21:11:52,248 [c88b4bda-6308-4fd3-b24e-f11d193b3526@group-754E0EBF1BBF:LeaderElection9] INFO  server.RaftServerConfigKeys (ConfUtils.java:logGet(43)) - raft.server.log.appender.buffer.element-limit = 1 (custom)
2019-09-26 21:11:52,248 [c88b4bda-6308-4fd3-b24e-f11d193b3526@group-754E0EBF1BBF:LeaderElection9] INFO  grpc.GrpcConfigKeys$Server (ConfUtils.java:logGet(43)) - raft.grpc.server.leader.outstanding.appends.max = 128 (default)
2019-09-26 21:11:52,249 [c88b4bda-6308-4fd3-b24e-f11d193b3526@group-754E0EBF1BBF:LeaderElection9] INFO  server.RaftServerConfigKeys (ConfUtils.java:logGet(43)) - raft.server.rpc.request.timeout = 3000ms (default)
2019-09-26 21:11:52,249 [c88b4bda-6308-4fd3-b24e-f11d193b3526@group-754E0EBF1BBF:LeaderElection9] INFO  server.RaftServerConfigKeys (ConfUtils.java:logGet(43)) - raft.server.log.appender.install.snapshot.enabled = false (custom)
2019-09-26 21:11:52,253 [c88b4bda-6308-4fd3-b24e-f11d193b3526@group-754E0EBF1BBF:LeaderElection9] INFO  impl.RoleInfo (RoleInfo.java:updateAndGet(143)) - c88b4bda-6308-4fd3-b24e-f11d193b3526: start LeaderState
2019-09-26 21:11:52,253 [c88b4bda-6308-4fd3-b24e-f11d193b3526@group-754E0EBF1BBF:LeaderElection9] INFO  segmented.SegmentedRaftLogWorker (SegmentedRaftLogWorker.java:startLogSegment(380)) - c88b4bda-6308-4fd3-b24e-f11d193b3526@group-754E0EBF1BBF-SegmentedRaftLogWorker: Starting segment from index:0
2019-09-26 21:11:52,254 [c88b4bda-6308-4fd3-b24e-f11d193b3526@group-754E0EBF1BBF:LeaderElection9] INFO  impl.RaftServerImpl (ServerState.java:setRaftConf(354)) - c88b4bda-6308-4fd3-b24e-f11d193b3526@group-754E0EBF1BBF: set configuration 0: [5c7ad6a2-cfc0-44ee-aacc-236aacfb6269:192.168.157.234:35007, c88b4bda-6308-4fd3-b24e-f11d193b3526:192.168.157.234:33026, 54c131b5-6db5-45de-b068-0c7e79829dcc:192.168.157.234:41093], old=null at 0
2019-09-26 21:11:52,302 [c88b4bda-6308-4fd3-b24e-f11d193b3526@group-754E0EBF1BBF-SegmentedRaftLogWorker] INFO  segmented.SegmentedRaftLogWorker (SegmentedRaftLogWorker.java:execute(569)) - c88b4bda-6308-4fd3-b24e-f11d193b3526@group-754E0EBF1BBF-SegmentedRaftLogWorker: created new log segment /workdir/hadoop-ozone/tools/target/test-dir/MiniOzoneClusterImpl-5cbe72bf-95d6-46dd-b416-f703ffc9af50/datanode-4/data/ratis/dc2a3182-e150-4b28-9aa4-754e0ebf1bbf/current/log_inprogress_0
2019-09-26 21:11:52,307 [grpc-default-executor-5] INFO  impl.RaftServerImpl (ServerState.java:setLeader(253)) - 54c131b5-6db5-45de-b068-0c7e79829dcc@group-754E0EBF1BBF: change Leader from null to c88b4bda-6308-4fd3-b24e-f11d193b3526 at term 2 for appendEntries, leader elected after 10490ms
2019-09-26 21:11:52,307 [grpc-default-executor-4] INFO  impl.RaftServerImpl (ServerState.java:setLeader(253)) - 5c7ad6a2-cfc0-44ee-aacc-236aacfb6269@group-754E0EBF1BBF: change Leader from null to c88b4bda-6308-4fd3-b24e-f11d193b3526 at term 2 for appendEntries, leader elected after 10490ms
2019-09-26 21:11:52,347 [grpc-default-executor-5] INFO  impl.RaftServerImpl (ServerState.java:setRaftConf(354)) - 5c7ad6a2-cfc0-44ee-aacc-236aacfb6269@group-754E0EBF1BBF: set configuration 0: [5c7ad6a2-cfc0-44ee-aacc-236aacfb6269:192.168.157.234:35007, c88b4bda-6308-4fd3-b24e-f11d193b3526:192.168.157.234:33026, 54c131b5-6db5-45de-b068-0c7e79829dcc:192.168.157.234:41093], old=null at 0
2019-09-26 21:11:52,348 [grpc-default-executor-4] INFO  impl.RaftServerImpl (ServerState.java:setRaftConf(354)) - 54c131b5-6db5-45de-b068-0c7e79829dcc@group-754E0EBF1BBF: set configuration 0: [5c7ad6a2-cfc0-44ee-aacc-236aacfb6269:192.168.157.234:35007, c88b4bda-6308-4fd3-b24e-f11d193b3526:192.168.157.234:33026, 54c131b5-6db5-45de-b068-0c7e79829dcc:192.168.157.234:41093], old=null at 0
2019-09-26 21:11:52,348 [grpc-default-executor-5] INFO  segmented.SegmentedRaftLogWorker (SegmentedRaftLogWorker.java:startLogSegment(380)) - 5c7ad6a2-cfc0-44ee-aacc-236aacfb6269@group-754E0EBF1BBF-SegmentedRaftLogWorker: Starting segment from index:0
2019-09-26 21:11:52,348 [grpc-default-executor-4] INFO  segmented.SegmentedRaftLogWorker (SegmentedRaftLogWorker.java:startLogSegment(380)) - 54c131b5-6db5-45de-b068-0c7e79829dcc@group-754E0EBF1BBF-SegmentedRaftLogWorker: Starting segment from index:0
2019-09-26 21:11:52,378 [54c131b5-6db5-45de-b068-0c7e79829dcc@group-754E0EBF1BBF-SegmentedRaftLogWorker] INFO  segmented.SegmentedRaftLogWorker (SegmentedRaftLogWorker.java:execute(569)) - 54c131b5-6db5-45de-b068-0c7e79829dcc@group-754E0EBF1BBF-SegmentedRaftLogWorker: created new log segment /workdir/hadoop-ozone/tools/target/test-dir/MiniOzoneClusterImpl-5cbe72bf-95d6-46dd-b416-f703ffc9af50/datanode-3/data/ratis/dc2a3182-e150-4b28-9aa4-754e0ebf1bbf/current/log_inprogress_0
2019-09-26 21:11:52,378 [5c7ad6a2-cfc0-44ee-aacc-236aacfb6269@group-754E0EBF1BBF-SegmentedRaftLogWorker] INFO  segmented.SegmentedRaftLogWorker (SegmentedRaftLogWorker.java:execute(569)) - 5c7ad6a2-cfc0-44ee-aacc-236aacfb6269@group-754E0EBF1BBF-SegmentedRaftLogWorker: created new log segment /workdir/hadoop-ozone/tools/target/test-dir/MiniOzoneClusterImpl-5cbe72bf-95d6-46dd-b416-f703ffc9af50/datanode-0/data/ratis/dc2a3182-e150-4b28-9aa4-754e0ebf1bbf/current/log_inprogress_0
2019-09-26 21:11:53,056 [main] INFO  ipc.Client (Client.java:handleConnectionFailure(948)) - Retrying connect to server: localhost/127.0.0.1:0. Already tried 0 time(s); retry policy is RetryUpToMaximumCountWithFixedSleep(maxRetries=10, sleepTime=1000 MILLISECONDS)
2019-09-26 21:11:54,058 [main] INFO  ipc.Client (Client.java:handleConnectionFailure(948)) - Retrying connect to server: localhost/127.0.0.1:0. Already tried 1 time(s); retry policy is RetryUpToMaximumCountWithFixedSleep(maxRetries=10, sleepTime=1000 MILLISECONDS)
2019-09-26 21:11:55,060 [main] INFO  ipc.Client (Client.java:handleConnectionFailure(948)) - Retrying connect to server: localhost/127.0.0.1:0. Already tried 2 time(s); retry policy is RetryUpToMaximumCountWithFixedSleep(maxRetries=10, sleepTime=1000 MILLISECONDS)
2019-09-26 21:11:56,061 [main] INFO  ipc.Client (Client.java:handleConnectionFailure(948)) - Retrying connect to server: localhost/127.0.0.1:0. Already tried 3 time(s); retry policy is RetryUpToMaximumCountWithFixedSleep(maxRetries=10, sleepTime=1000 MILLISECONDS)
2019-09-26 21:11:57,063 [main] INFO  ipc.Client (Client.java:handleConnectionFailure(948)) - Retrying connect to server: localhost/127.0.0.1:0. Already tried 4 time(s); retry policy is RetryUpToMaximumCountWithFixedSleep(maxRetries=10, sleepTime=1000 MILLISECONDS)
2019-09-26 21:11:58,065 [main] INFO  ipc.Client (Client.java:handleConnectionFailure(948)) - Retrying connect to server: localhost/127.0.0.1:0. Already tried 5 time(s); retry policy is RetryUpToMaximumCountWithFixedSleep(maxRetries=10, sleepTime=1000 MILLISECONDS)
2019-09-26 21:11:59,066 [main] INFO  ipc.Client (Client.java:handleConnectionFailure(948)) - Retrying connect to server: localhost/127.0.0.1:0. Already tried 6 time(s); retry policy is RetryUpToMaximumCountWithFixedSleep(maxRetries=10, sleepTime=1000 MILLISECONDS)
2019-09-26 21:12:00,068 [main] INFO  ipc.Client (Client.java:handleConnectionFailure(948)) - Retrying connect to server: localhost/127.0.0.1:0. Already tried 7 time(s); retry policy is RetryUpToMaximumCountWithFixedSleep(maxRetries=10, sleepTime=1000 MILLISECONDS)
2019-09-26 21:12:01,070 [main] INFO  ipc.Client (Client.java:handleConnectionFailure(948)) - Retrying connect to server: localhost/127.0.0.1:0. Already tried 8 time(s); retry policy is RetryUpToMaximumCountWithFixedSleep(maxRetries=10, sleepTime=1000 MILLISECONDS)
2019-09-26 21:12:02,071 [main] INFO  ipc.Client (Client.java:handleConnectionFailure(948)) - Retrying connect to server: localhost/127.0.0.1:0. Already tried 9 time(s); retry policy is RetryUpToMaximumCountWithFixedSleep(maxRetries=10, sleepTime=1000 MILLISECONDS)
2019-09-26 21:12:02,074 [main] INFO  retry.RetryInvocationHandler (RetryInvocationHandler.java:log(411)) - com.google.protobuf.ServiceException: java.net.ConnectException: Your endpoint configuration is wrong; For more details see:  http://wiki.apache.org/hadoop/UnsetHostnameOrPort, while invoking $Proxy36.submitRequest over nodeId=null,nodeAddress=127.0.0.1:0 after 1 failover attempts. Trying to failover immediately.
2019-09-26 21:12:03,076 [main] INFO  ipc.Client (Client.java:handleConnectionFailure(948)) - Retrying connect to server: localhost/127.0.0.1:0. Already tried 0 time(s); retry policy is RetryUpToMaximumCountWithFixedSleep(maxRetries=10, sleepTime=1000 MILLISECONDS)
2019-09-26 21:12:04,077 [main] INFO  ipc.Client (Client.java:handleConnectionFailure(948)) - Retrying connect to server: localhost/127.0.0.1:0. Already tried 1 time(s); retry policy is RetryUpToMaximumCountWithFixedSleep(maxRetries=10, sleepTime=1000 MILLISECONDS)
2019-09-26 21:12:05,079 [main] INFO  ipc.Client (Client.java:handleConnectionFailure(948)) - Retrying connect to server: localhost/127.0.0.1:0. Already tried 2 time(s); retry policy is RetryUpToMaximumCountWithFixedSleep(maxRetries=10, sleepTime=1000 MILLISECONDS)
2019-09-26 21:12:06,081 [main] INFO  ipc.Client (Client.java:handleConnectionFailure(948)) - Retrying connect to server: localhost/127.0.0.1:0. Already tried 3 time(s); retry policy is RetryUpToMaximumCountWithFixedSleep(maxRetries=10, sleepTime=1000 MILLISECONDS)
2019-09-26 21:12:07,083 [main] INFO  ipc.Client (Client.java:handleConnectionFailure(948)) - Retrying connect to server: localhost/127.0.0.1:0. Already tried 4 time(s); retry policy is RetryUpToMaximumCountWithFixedSleep(maxRetries=10, sleepTime=1000 MILLISECONDS)
2019-09-26 21:12:08,084 [main] INFO  ipc.Client (Client.java:handleConnectionFailure(948)) - Retrying connect to server: localhost/127.0.0.1:0. Already tried 5 time(s); retry policy is RetryUpToMaximumCountWithFixedSleep(maxRetries=10, sleepTime=1000 MILLISECONDS)
2019-09-26 21:12:09,086 [main] INFO  ipc.Client (Client.java:handleConnectionFailure(948)) - Retrying connect to server: localhost/127.0.0.1:0. Already tried 6 time(s); retry policy is RetryUpToMaximumCountWithFixedSleep(maxRetries=10, sleepTime=1000 MILLISECONDS)
2019-09-26 21:12:10,088 [main] INFO  ipc.Client (Client.java:handleConnectionFailure(948)) - Retrying connect to server: localhost/127.0.0.1:0. Already tried 7 time(s); retry policy is RetryUpToMaximumCountWithFixedSleep(maxRetries=10, sleepTime=1000 MILLISECONDS)
2019-09-26 21:12:11,089 [main] INFO  ipc.Client (Client.java:handleConnectionFailure(948)) - Retrying connect to server: localhost/127.0.0.1:0. Already tried 8 time(s); retry policy is RetryUpToMaximumCountWithFixedSleep(maxRetries=10, sleepTime=1000 MILLISECONDS)
2019-09-26 21:12:12,091 [main] INFO  ipc.Client (Client.java:handleConnectionFailure(948)) - Retrying connect to server: localhost/127.0.0.1:0. Already tried 9 time(s); retry policy is RetryUpToMaximumCountWithFixedSleep(maxRetries=10, sleepTime=1000 MILLISECONDS)
2019-09-26 21:12:12,093 [main] INFO  retry.RetryInvocationHandler (RetryInvocationHandler.java:log(411)) - com.google.protobuf.ServiceException: java.net.ConnectException: Your endpoint configuration is wrong; For more details see:  http://wiki.apache.org/hadoop/UnsetHostnameOrPort, while invoking $Proxy36.submitRequest over nodeId=null,nodeAddress=127.0.0.1:0 after 2 failover attempts. Trying to failover immediately.
2019-09-26 21:12:13,094 [main] INFO  ipc.Client (Client.java:handleConnectionFailure(948)) - Retrying connect to server: localhost/127.0.0.1:0. Already tried 0 time(s); retry policy is RetryUpToMaximumCountWithFixedSleep(maxRetries=10, sleepTime=1000 MILLISECONDS)
2019-09-26 21:12:14,095 [main] INFO  ipc.Client (Client.java:handleConnectionFailure(948)) - Retrying connect to server: localhost/127.0.0.1:0. Already tried 1 time(s); retry policy is RetryUpToMaximumCountWithFixedSleep(maxRetries=10, sleepTime=1000 MILLISECONDS)
2019-09-26 21:12:15,097 [main] INFO  ipc.Client (Client.java:handleConnectionFailure(948)) - Retrying connect to server: localhost/127.0.0.1:0. Already tried 2 time(s); retry policy is RetryUpToMaximumCountWithFixedSleep(maxRetries=10, sleepTime=1000 MILLISECONDS)
2019-09-26 21:12:16,099 [main] INFO  ipc.Client (Client.java:handleConnectionFailure(948)) - Retrying connect to server: localhost/127.0.0.1:0. Already tried 3 time(s); retry policy is RetryUpToMaximumCountWithFixedSleep(maxRetries=10, sleepTime=1000 MILLISECONDS)
2019-09-26 21:12:17,100 [main] INFO  ipc.Client (Client.java:handleConnectionFailure(948)) - Retrying connect to server: localhost/127.0.0.1:0. Already tried 4 time(s); retry policy is RetryUpToMaximumCountWithFixedSleep(maxRetries=10, sleepTime=1000 MILLISECONDS)
2019-09-26 21:12:18,102 [main] INFO  ipc.Client (Client.java:handleConnectionFailure(948)) - Retrying connect to server: localhost/127.0.0.1:0. Already tried 5 time(s); retry policy is RetryUpToMaximumCountWithFixedSleep(maxRetries=10, sleepTime=1000 MILLISECONDS)
2019-09-26 21:12:19,104 [main] INFO  ipc.Client (Client.java:handleConnectionFailure(948)) - Retrying connect to server: localhost/127.0.0.1:0. Already tried 6 time(s); retry policy is RetryUpToMaximumCountWithFixedSleep(maxRetries=10, sleepTime=1000 MILLISECONDS)
2019-09-26 21:12:20,105 [main] INFO  ipc.Client (Client.java:handleConnectionFailure(948)) - Retrying connect to server: localhost/127.0.0.1:0. Already tried 7 time(s); retry policy is RetryUpToMaximumCountWithFixedSleep(maxRetries=10, sleepTime=1000 MILLISECONDS)
2019-09-26 21:12:21,107 [main] INFO  ipc.Client (Client.java:handleConnectionFailure(948)) - Retrying connect to server: localhost/127.0.0.1:0. Already tried 8 time(s); retry policy is RetryUpToMaximumCountWithFixedSleep(maxRetries=10, sleepTime=1000 MILLISECONDS)
2019-09-26 21:12:22,109 [main] INFO  ipc.Client (Client.java:handleConnectionFailure(948)) - Retrying connect to server: localhost/127.0.0.1:0. Already tried 9 time(s); retry policy is RetryUpToMaximumCountWithFixedSleep(maxRetries=10, sleepTime=1000 MILLISECONDS)
2019-09-26 21:12:22,111 [main] INFO  retry.RetryInvocationHandler (RetryInvocationHandler.java:log(411)) - com.google.protobuf.ServiceException: java.net.ConnectException: Your endpoint configuration is wrong; For more details see:  http://wiki.apache.org/hadoop/UnsetHostnameOrPort, while invoking $Proxy36.submitRequest over nodeId=null,nodeAddress=127.0.0.1:0 after 3 failover attempts. Trying to failover immediately.
2019-09-26 21:12:23,112 [main] INFO  ipc.Client (Client.java:handleConnectionFailure(948)) - Retrying connect to server: localhost/127.0.0.1:0. Already tried 0 time(s); retry policy is RetryUpToMaximumCountWithFixedSleep(maxRetries=10, sleepTime=1000 MILLISECONDS)
2019-09-26 21:12:24,114 [main] INFO  ipc.Client (Client.java:handleConnectionFailure(948)) - Retrying connect to server: localhost/127.0.0.1:0. Already tried 1 time(s); retry policy is RetryUpToMaximumCountWithFixedSleep(maxRetries=10, sleepTime=1000 MILLISECONDS)
2019-09-26 21:12:25,115 [main] INFO  ipc.Client (Client.java:handleConnectionFailure(948)) - Retrying connect to server: localhost/127.0.0.1:0. Already tried 2 time(s); retry policy is RetryUpToMaximumCountWithFixedSleep(maxRetries=10, sleepTime=1000 MILLISECONDS)
2019-09-26 21:12:26,117 [main] INFO  ipc.Client (Client.java:handleConnectionFailure(948)) - Retrying connect to server: localhost/127.0.0.1:0. Already tried 3 time(s); retry policy is RetryUpToMaximumCountWithFixedSleep(maxRetries=10, sleepTime=1000 MILLISECONDS)
2019-09-26 21:12:27,119 [main] INFO  ipc.Client (Client.java:handleConnectionFailure(948)) - Retrying connect to server: localhost/127.0.0.1:0. Already tried 4 time(s); retry policy is RetryUpToMaximumCountWithFixedSleep(maxRetries=10, sleepTime=1000 MILLISECONDS)
2019-09-26 21:12:28,120 [main] INFO  ipc.Client (Client.java:handleConnectionFailure(948)) - Retrying connect to server: localhost/127.0.0.1:0. Already tried 5 time(s); retry policy is RetryUpToMaximumCountWithFixedSleep(maxRetries=10, sleepTime=1000 MILLISECONDS)
2019-09-26 21:12:29,122 [main] INFO  ipc.Client (Client.java:handleConnectionFailure(948)) - Retrying connect to server: localhost/127.0.0.1:0. Already tried 6 time(s); retry policy is RetryUpToMaximumCountWithFixedSleep(maxRetries=10, sleepTime=1000 MILLISECONDS)
2019-09-26 21:12:30,124 [main] INFO  ipc.Client (Client.java:handleConnectionFailure(948)) - Retrying connect to server: localhost/127.0.0.1:0. Already tried 7 time(s); retry policy is RetryUpToMaximumCountWithFixedSleep(maxRetries=10, sleepTime=1000 MILLISECONDS)
2019-09-26 21:12:31,125 [main] INFO  ipc.Client (Client.java:handleConnectionFailure(948)) - Retrying connect to server: localhost/127.0.0.1:0. Already tried 8 time(s); retry policy is RetryUpToMaximumCountWithFixedSleep(maxRetries=10, sleepTime=1000 MILLISECONDS)
2019-09-26 21:12:32,127 [main] INFO  ipc.Client (Client.java:handleConnectionFailure(948)) - Retrying connect to server: localhost/127.0.0.1:0. Already tried 9 time(s); retry policy is RetryUpToMaximumCountWithFixedSleep(maxRetries=10, sleepTime=1000 MILLISECONDS)
2019-09-26 21:12:32,129 [main] INFO  retry.RetryInvocationHandler (RetryInvocationHandler.java:log(411)) - com.google.protobuf.ServiceException: java.net.ConnectException: Your endpoint configuration is wrong; For more details see:  http://wiki.apache.org/hadoop/UnsetHostnameOrPort, while invoking $Proxy36.submitRequest over nodeId=null,nodeAddress=127.0.0.1:0 after 4 failover attempts. Trying to failover immediately.
2019-09-26 21:12:33,130 [main] INFO  ipc.Client (Client.java:handleConnectionFailure(948)) - Retrying connect to server: localhost/127.0.0.1:0. Already tried 0 time(s); retry policy is RetryUpToMaximumCountWithFixedSleep(maxRetries=10, sleepTime=1000 MILLISECONDS)
2019-09-26 21:12:34,131 [main] INFO  ipc.Client (Client.java:handleConnectionFailure(948)) - Retrying connect to server: localhost/127.0.0.1:0. Already tried 1 time(s); retry policy is RetryUpToMaximumCountWithFixedSleep(maxRetries=10, sleepTime=1000 MILLISECONDS)
2019-09-26 21:12:35,133 [main] INFO  ipc.Client (Client.java:handleConnectionFailure(948)) - Retrying connect to server: localhost/127.0.0.1:0. Already tried 2 time(s); retry policy is RetryUpToMaximumCountWithFixedSleep(maxRetries=10, sleepTime=1000 MILLISECONDS)
2019-09-26 21:12:36,135 [main] INFO  ipc.Client (Client.java:handleConnectionFailure(948)) - Retrying connect to server: localhost/127.0.0.1:0. Already tried 3 time(s); retry policy is RetryUpToMaximumCountWithFixedSleep(maxRetries=10, sleepTime=1000 MILLISECONDS)
2019-09-26 21:12:37,136 [main] INFO  ipc.Client (Client.java:handleConnectionFailure(948)) - Retrying connect to server: localhost/127.0.0.1:0. Already tried 4 time(s); retry policy is RetryUpToMaximumCountWithFixedSleep(maxRetries=10, sleepTime=1000 MILLISECONDS)
2019-09-26 21:12:38,138 [main] INFO  ipc.Client (Client.java:handleConnectionFailure(948)) - Retrying connect to server: localhost/127.0.0.1:0. Already tried 5 time(s); retry policy is RetryUpToMaximumCountWithFixedSleep(maxRetries=10, sleepTime=1000 MILLISECONDS)
2019-09-26 21:12:39,140 [main] INFO  ipc.Client (Client.java:handleConnectionFailure(948)) - Retrying connect to server: localhost/127.0.0.1:0. Already tried 6 time(s); retry policy is RetryUpToMaximumCountWithFixedSleep(maxRetries=10, sleepTime=1000 MILLISECONDS)
2019-09-26 21:12:40,141 [main] INFO  ipc.Client (Client.java:handleConnectionFailure(948)) - Retrying connect to server: localhost/127.0.0.1:0. Already tried 7 time(s); retry policy is RetryUpToMaximumCountWithFixedSleep(maxRetries=10, sleepTime=1000 MILLISECONDS)
2019-09-26 21:12:41,143 [main] INFO  ipc.Client (Client.java:handleConnectionFailure(948)) - Retrying connect to server: localhost/127.0.0.1:0. Already tried 8 time(s); retry policy is RetryUpToMaximumCountWithFixedSleep(maxRetries=10, sleepTime=1000 MILLISECONDS)
2019-09-26 21:12:42,144 [main] INFO  ipc.Client (Client.java:handleConnectionFailure(948)) - Retrying connect to server: localhost/127.0.0.1:0. Already tried 9 time(s); retry policy is RetryUpToMaximumCountWithFixedSleep(maxRetries=10, sleepTime=1000 MILLISECONDS)
2019-09-26 21:12:42,146 [main] INFO  retry.RetryInvocationHandler (RetryInvocationHandler.java:log(411)) - com.google.protobuf.ServiceException: java.net.ConnectException: Your endpoint configuration is wrong; For more details see:  http://wiki.apache.org/hadoop/UnsetHostnameOrPort, while invoking $Proxy36.submitRequest over nodeId=null,nodeAddress=127.0.0.1:0 after 5 failover attempts. Trying to failover immediately.
2019-09-26 21:12:43,148 [main] INFO  ipc.Client (Client.java:handleConnectionFailure(948)) - Retrying connect to server: localhost/127.0.0.1:0. Already tried 0 time(s); retry policy is RetryUpToMaximumCountWithFixedSleep(maxRetries=10, sleepTime=1000 MILLISECONDS)
2019-09-26 21:12:44,149 [main] INFO  ipc.Client (Client.java:handleConnectionFailure(948)) - Retrying connect to server: localhost/127.0.0.1:0. Already tried 1 time(s); retry policy is RetryUpToMaximumCountWithFixedSleep(maxRetries=10, sleepTime=1000 MILLISECONDS)
2019-09-26 21:12:45,151 [main] INFO  ipc.Client (Client.java:handleConnectionFailure(948)) - Retrying connect to server: localhost/127.0.0.1:0. Already tried 2 time(s); retry policy is RetryUpToMaximumCountWithFixedSleep(maxRetries=10, sleepTime=1000 MILLISECONDS)
2019-09-26 21:12:46,152 [main] INFO  ipc.Client (Client.java:handleConnectionFailure(948)) - Retrying connect to server: localhost/127.0.0.1:0. Already tried 3 time(s); retry policy is RetryUpToMaximumCountWithFixedSleep(maxRetries=10, sleepTime=1000 MILLISECONDS)
2019-09-26 21:12:47,154 [main] INFO  ipc.Client (Client.java:handleConnectionFailure(948)) - Retrying connect to server: localhost/127.0.0.1:0. Already tried 4 time(s); retry policy is RetryUpToMaximumCountWithFixedSleep(maxRetries=10, sleepTime=1000 MILLISECONDS)
2019-09-26 21:12:48,155 [main] INFO  ipc.Client (Client.java:handleConnectionFailure(948)) - Retrying connect to server: localhost/127.0.0.1:0. Already tried 5 time(s); retry policy is RetryUpToMaximumCountWithFixedSleep(maxRetries=10, sleepTime=1000 MILLISECONDS)
2019-09-26 21:12:49,157 [main] INFO  ipc.Client (Client.java:handleConnectionFailure(948)) - Retrying connect to server: localhost/127.0.0.1:0. Already tried 6 time(s); retry policy is RetryUpToMaximumCountWithFixedSleep(maxRetries=10, sleepTime=1000 MILLISECONDS)
2019-09-26 21:12:50,158 [main] INFO  ipc.Client (Client.java:handleConnectionFailure(948)) - Retrying connect to server: localhost/127.0.0.1:0. Already tried 7 time(s); retry policy is RetryUpToMaximumCountWithFixedSleep(maxRetries=10, sleepTime=1000 MILLISECONDS)
2019-09-26 21:12:51,160 [main] INFO  ipc.Client (Client.java:handleConnectionFailure(948)) - Retrying connect to server: localhost/127.0.0.1:0. Already tried 8 time(s); retry policy is RetryUpToMaximumCountWithFixedSleep(maxRetries=10, sleepTime=1000 MILLISECONDS)
2019-09-26 21:12:52,161 [main] INFO  ipc.Client (Client.java:handleConnectionFailure(948)) - Retrying connect to server: localhost/127.0.0.1:0. Already tried 9 time(s); retry policy is RetryUpToMaximumCountWithFixedSleep(maxRetries=10, sleepTime=1000 MILLISECONDS)
2019-09-26 21:12:52,163 [main] INFO  retry.RetryInvocationHandler (RetryInvocationHandler.java:log(411)) - com.google.protobuf.ServiceException: java.net.ConnectException: Your endpoint configuration is wrong; For more details see:  http://wiki.apache.org/hadoop/UnsetHostnameOrPort, while invoking $Proxy36.submitRequest over nodeId=null,nodeAddress=127.0.0.1:0 after 6 failover attempts. Trying to failover immediately.
2019-09-26 21:12:53,165 [main] INFO  ipc.Client (Client.java:handleConnectionFailure(948)) - Retrying connect to server: localhost/127.0.0.1:0. Already tried 0 time(s); retry policy is RetryUpToMaximumCountWithFixedSleep(maxRetries=10, sleepTime=1000 MILLISECONDS)
2019-09-26 21:12:54,166 [main] INFO  ipc.Client (Client.java:handleConnectionFailure(948)) - Retrying connect to server: localhost/127.0.0.1:0. Already tried 1 time(s); retry policy is RetryUpToMaximumCountWithFixedSleep(maxRetries=10, sleepTime=1000 MILLISECONDS)
2019-09-26 21:12:55,168 [main] INFO  ipc.Client (Client.java:handleConnectionFailure(948)) - Retrying connect to server: localhost/127.0.0.1:0. Already tried 2 time(s); retry policy is RetryUpToMaximumCountWithFixedSleep(maxRetries=10, sleepTime=1000 MILLISECONDS)
2019-09-26 21:12:56,170 [main] INFO  ipc.Client (Client.java:handleConnectionFailure(948)) - Retrying connect to server: localhost/127.0.0.1:0. Already tried 3 time(s); retry policy is RetryUpToMaximumCountWithFixedSleep(maxRetries=10, sleepTime=1000 MILLISECONDS)
2019-09-26 21:12:57,171 [main] INFO  ipc.Client (Client.java:handleConnectionFailure(948)) - Retrying connect to server: localhost/127.0.0.1:0. Already tried 4 time(s); retry policy is RetryUpToMaximumCountWithFixedSleep(maxRetries=10, sleepTime=1000 MILLISECONDS)
2019-09-26 21:12:58,173 [main] INFO  ipc.Client (Client.java:handleConnectionFailure(948)) - Retrying connect to server: localhost/127.0.0.1:0. Already tried 5 time(s); retry policy is RetryUpToMaximumCountWithFixedSleep(maxRetries=10, sleepTime=1000 MILLISECONDS)
2019-09-26 21:12:59,174 [main] INFO  ipc.Client (Client.java:handleConnectionFailure(948)) - Retrying connect to server: localhost/127.0.0.1:0. Already tried 6 time(s); retry policy is RetryUpToMaximumCountWithFixedSleep(maxRetries=10, sleepTime=1000 MILLISECONDS)
2019-09-26 21:13:00,176 [main] INFO  ipc.Client (Client.java:handleConnectionFailure(948)) - Retrying connect to server: localhost/127.0.0.1:0. Already tried 7 time(s); retry policy is RetryUpToMaximumCountWithFixedSleep(maxRetries=10, sleepTime=1000 MILLISECONDS)
2019-09-26 21:13:01,177 [main] INFO  ipc.Client (Client.java:handleConnectionFailure(948)) - Retrying connect to server: localhost/127.0.0.1:0. Already tried 8 time(s); retry policy is RetryUpToMaximumCountWithFixedSleep(maxRetries=10, sleepTime=1000 MILLISECONDS)
2019-09-26 21:13:02,179 [main] INFO  ipc.Client (Client.java:handleConnectionFailure(948)) - Retrying connect to server: localhost/127.0.0.1:0. Already tried 9 time(s); retry policy is RetryUpToMaximumCountWithFixedSleep(maxRetries=10, sleepTime=1000 MILLISECONDS)
2019-09-26 21:13:02,181 [main] INFO  retry.RetryInvocationHandler (RetryInvocationHandler.java:log(411)) - com.google.protobuf.ServiceException: java.net.ConnectException: Your endpoint configuration is wrong; For more details see:  http://wiki.apache.org/hadoop/UnsetHostnameOrPort, while invoking $Proxy36.submitRequest over nodeId=null,nodeAddress=127.0.0.1:0 after 7 failover attempts. Trying to failover immediately.
2019-09-26 21:13:03,182 [main] INFO  ipc.Client (Client.java:handleConnectionFailure(948)) - Retrying connect to server: localhost/127.0.0.1:0. Already tried 0 time(s); retry policy is RetryUpToMaximumCountWithFixedSleep(maxRetries=10, sleepTime=1000 MILLISECONDS)
2019-09-26 21:13:04,184 [main] INFO  ipc.Client (Client.java:handleConnectionFailure(948)) - Retrying connect to server: localhost/127.0.0.1:0. Already tried 1 time(s); retry policy is RetryUpToMaximumCountWithFixedSleep(maxRetries=10, sleepTime=1000 MILLISECONDS)
2019-09-26 21:13:05,186 [main] INFO  ipc.Client (Client.java:handleConnectionFailure(948)) - Retrying connect to server: localhost/127.0.0.1:0. Already tried 2 time(s); retry policy is RetryUpToMaximumCountWithFixedSleep(maxRetries=10, sleepTime=1000 MILLISECONDS)
2019-09-26 21:13:06,188 [main] INFO  ipc.Client (Client.java:handleConnectionFailure(948)) - Retrying connect to server: localhost/127.0.0.1:0. Already tried 3 time(s); retry policy is RetryUpToMaximumCountWithFixedSleep(maxRetries=10, sleepTime=1000 MILLISECONDS)
2019-09-26 21:13:07,189 [main] INFO  ipc.Client (Client.java:handleConnectionFailure(948)) - Retrying connect to server: localhost/127.0.0.1:0. Already tried 4 time(s); retry policy is RetryUpToMaximumCountWithFixedSleep(maxRetries=10, sleepTime=1000 MILLISECONDS)
2019-09-26 21:13:08,191 [main] INFO  ipc.Client (Client.java:handleConnectionFailure(948)) - Retrying connect to server: localhost/127.0.0.1:0. Already tried 5 time(s); retry policy is RetryUpToMaximumCountWithFixedSleep(maxRetries=10, sleepTime=1000 MILLISECONDS)
2019-09-26 21:13:09,192 [main] INFO  ipc.Client (Client.java:handleConnectionFailure(948)) - Retrying connect to server: localhost/127.0.0.1:0. Already tried 6 time(s); retry policy is RetryUpToMaximumCountWithFixedSleep(maxRetries=10, sleepTime=1000 MILLISECONDS)
2019-09-26 21:13:10,194 [main] INFO  ipc.Client (Client.java:handleConnectionFailure(948)) - Retrying connect to server: localhost/127.0.0.1:0. Already tried 7 time(s); retry policy is RetryUpToMaximumCountWithFixedSleep(maxRetries=10, sleepTime=1000 MILLISECONDS)
2019-09-26 21:13:11,195 [main] INFO  ipc.Client (Client.java:handleConnectionFailure(948)) - Retrying connect to server: localhost/127.0.0.1:0. Already tried 8 time(s); retry policy is RetryUpToMaximumCountWithFixedSleep(maxRetries=10, sleepTime=1000 MILLISECONDS)
2019-09-26 21:13:12,196 [main] INFO  ipc.Client (Client.java:handleConnectionFailure(948)) - Retrying connect to server: localhost/127.0.0.1:0. Already tried 9 time(s); retry policy is RetryUpToMaximumCountWithFixedSleep(maxRetries=10, sleepTime=1000 MILLISECONDS)
2019-09-26 21:13:12,198 [main] INFO  retry.RetryInvocationHandler (RetryInvocationHandler.java:log(411)) - com.google.protobuf.ServiceException: java.net.ConnectException: Your endpoint configuration is wrong; For more details see:  http://wiki.apache.org/hadoop/UnsetHostnameOrPort, while invoking $Proxy36.submitRequest over nodeId=null,nodeAddress=127.0.0.1:0 after 8 failover attempts. Trying to failover immediately.
2019-09-26 21:13:13,200 [main] INFO  ipc.Client (Client.java:handleConnectionFailure(948)) - Retrying connect to server: localhost/127.0.0.1:0. Already tried 0 time(s); retry policy is RetryUpToMaximumCountWithFixedSleep(maxRetries=10, sleepTime=1000 MILLISECONDS)
2019-09-26 21:13:14,201 [main] INFO  ipc.Client (Client.java:handleConnectionFailure(948)) - Retrying connect to server: localhost/127.0.0.1:0. Already tried 1 time(s); retry policy is RetryUpToMaximumCountWithFixedSleep(maxRetries=10, sleepTime=1000 MILLISECONDS)
2019-09-26 21:13:15,203 [main] INFO  ipc.Client (Client.java:handleConnectionFailure(948)) - Retrying connect to server: localhost/127.0.0.1:0. Already tried 2 time(s); retry policy is RetryUpToMaximumCountWithFixedSleep(maxRetries=10, sleepTime=1000 MILLISECONDS)
2019-09-26 21:13:16,205 [main] INFO  ipc.Client (Client.java:handleConnectionFailure(948)) - Retrying connect to server: localhost/127.0.0.1:0. Already tried 3 time(s); retry policy is RetryUpToMaximumCountWithFixedSleep(maxRetries=10, sleepTime=1000 MILLISECONDS)
2019-09-26 21:13:17,206 [main] INFO  ipc.Client (Client.java:handleConnectionFailure(948)) - Retrying connect to server: localhost/127.0.0.1:0. Already tried 4 time(s); retry policy is RetryUpToMaximumCountWithFixedSleep(maxRetries=10, sleepTime=1000 MILLISECONDS)
2019-09-26 21:13:18,208 [main] INFO  ipc.Client (Client.java:handleConnectionFailure(948)) - Retrying connect to server: localhost/127.0.0.1:0. Already tried 5 time(s); retry policy is RetryUpToMaximumCountWithFixedSleep(maxRetries=10, sleepTime=1000 MILLISECONDS)
2019-09-26 21:13:19,209 [main] INFO  ipc.Client (Client.java:handleConnectionFailure(948)) - Retrying connect to server: localhost/127.0.0.1:0. Already tried 6 time(s); retry policy is RetryUpToMaximumCountWithFixedSleep(maxRetries=10, sleepTime=1000 MILLISECONDS)
2019-09-26 21:13:20,211 [main] INFO  ipc.Client (Client.java:handleConnectionFailure(948)) - Retrying connect to server: localhost/127.0.0.1:0. Already tried 7 time(s); retry policy is RetryUpToMaximumCountWithFixedSleep(maxRetries=10, sleepTime=1000 MILLISECONDS)
2019-09-26 21:13:21,212 [main] INFO  ipc.Client (Client.java:handleConnectionFailure(948)) - Retrying connect to server: localhost/127.0.0.1:0. Already tried 8 time(s); retry policy is RetryUpToMaximumCountWithFixedSleep(maxRetries=10, sleepTime=1000 MILLISECONDS)
2019-09-26 21:13:22,214 [main] INFO  ipc.Client (Client.java:handleConnectionFailure(948)) - Retrying connect to server: localhost/127.0.0.1:0. Already tried 9 time(s); retry policy is RetryUpToMaximumCountWithFixedSleep(maxRetries=10, sleepTime=1000 MILLISECONDS)
2019-09-26 21:13:22,216 [main] INFO  retry.RetryInvocationHandler (RetryInvocationHandler.java:log(411)) - com.google.protobuf.ServiceException: java.net.ConnectException: Your endpoint configuration is wrong; For more details see:  http://wiki.apache.org/hadoop/UnsetHostnameOrPort, while invoking $Proxy36.submitRequest over nodeId=null,nodeAddress=127.0.0.1:0 after 9 failover attempts. Trying to failover immediately.
2019-09-26 21:13:23,217 [main] INFO  ipc.Client (Client.java:handleConnectionFailure(948)) - Retrying connect to server: localhost/127.0.0.1:0. Already tried 0 time(s); retry policy is RetryUpToMaximumCountWithFixedSleep(maxRetries=10, sleepTime=1000 MILLISECONDS)
2019-09-26 21:13:24,218 [main] INFO  ipc.Client (Client.java:handleConnectionFailure(948)) - Retrying connect to server: localhost/127.0.0.1:0. Already tried 1 time(s); retry policy is RetryUpToMaximumCountWithFixedSleep(maxRetries=10, sleepTime=1000 MILLISECONDS)
2019-09-26 21:13:25,220 [main] INFO  ipc.Client (Client.java:handleConnectionFailure(948)) - Retrying connect to server: localhost/127.0.0.1:0. Already tried 2 time(s); retry policy is RetryUpToMaximumCountWithFixedSleep(maxRetries=10, sleepTime=1000 MILLISECONDS)
2019-09-26 21:13:26,221 [main] INFO  ipc.Client (Client.java:handleConnectionFailure(948)) - Retrying connect to server: localhost/127.0.0.1:0. Already tried 3 time(s); retry policy is RetryUpToMaximumCountWithFixedSleep(maxRetries=10, sleepTime=1000 MILLISECONDS)
2019-09-26 21:13:27,223 [main] INFO  ipc.Client (Client.java:handleConnectionFailure(948)) - Retrying connect to server: localhost/127.0.0.1:0. Already tried 4 time(s); retry policy is RetryUpToMaximumCountWithFixedSleep(maxRetries=10, sleepTime=1000 MILLISECONDS)
2019-09-26 21:13:28,227 [main] INFO  ipc.Client (Client.java:handleConnectionFailure(948)) - Retrying connect to server: localhost/127.0.0.1:0. Already tried 5 time(s); retry policy is RetryUpToMaximumCountWithFixedSleep(maxRetries=10, sleepTime=1000 MILLISECONDS)
2019-09-26 21:13:29,228 [main] INFO  ipc.Client (Client.java:handleConnectionFailure(948)) - Retrying connect to server: localhost/127.0.0.1:0. Already tried 6 time(s); retry policy is RetryUpToMaximumCountWithFixedSleep(maxRetries=10, sleepTime=1000 MILLISECONDS)
2019-09-26 21:13:30,230 [main] INFO  ipc.Client (Client.java:handleConnectionFailure(948)) - Retrying connect to server: localhost/127.0.0.1:0. Already tried 7 time(s); retry policy is RetryUpToMaximumCountWithFixedSleep(maxRetries=10, sleepTime=1000 MILLISECONDS)
2019-09-26 21:13:31,231 [main] INFO  ipc.Client (Client.java:handleConnectionFailure(948)) - Retrying connect to server: localhost/127.0.0.1:0. Already tried 8 time(s); retry policy is RetryUpToMaximumCountWithFixedSleep(maxRetries=10, sleepTime=1000 MILLISECONDS)
2019-09-26 21:13:32,233 [main] INFO  ipc.Client (Client.java:handleConnectionFailure(948)) - Retrying connect to server: localhost/127.0.0.1:0. Already tried 9 time(s); retry policy is RetryUpToMaximumCountWithFixedSleep(maxRetries=10, sleepTime=1000 MILLISECONDS)
2019-09-26 21:13:32,235 [main] ERROR ha.OMFailoverProxyProvider (OzoneManagerProtocolClientSideTranslatorPB.java:getRetryAction(268)) - Failed to connect to OM. Attempted 10 retries and 10 failovers
2019-09-26 21:13:32,238 [main] ERROR client.OzoneClientFactory (OzoneClientFactory.java:getClientProtocol(259)) - Couldn't create RpcClient protocol exception: 
java.net.ConnectException: Your endpoint configuration is wrong; For more details see:  http://wiki.apache.org/hadoop/UnsetHostnameOrPort
	at sun.reflect.NativeConstructorAccessorImpl.newInstance0(Native Method)
	at sun.reflect.NativeConstructorAccessorImpl.newInstance(NativeConstructorAccessorImpl.java:62)
	at sun.reflect.DelegatingConstructorAccessorImpl.newInstance(DelegatingConstructorAccessorImpl.java:45)
	at java.lang.reflect.Constructor.newInstance(Constructor.java:423)
	at org.apache.hadoop.net.NetUtils.wrapWithMessage(NetUtils.java:831)
	at org.apache.hadoop.net.NetUtils.wrapException(NetUtils.java:751)
	at org.apache.hadoop.ipc.Client.getRpcResponse(Client.java:1515)
	at org.apache.hadoop.ipc.Client.call(Client.java:1457)
	at org.apache.hadoop.ipc.Client.call(Client.java:1367)
	at org.apache.hadoop.ipc.ProtobufRpcEngine$Invoker.invoke(ProtobufRpcEngine.java:228)
	at org.apache.hadoop.ipc.ProtobufRpcEngine$Invoker.invoke(ProtobufRpcEngine.java:116)
	at com.sun.proxy.$Proxy36.submitRequest(Unknown Source)
	at sun.reflect.NativeMethodAccessorImpl.invoke0(Native Method)
	at sun.reflect.NativeMethodAccessorImpl.invoke(NativeMethodAccessorImpl.java:62)
	at sun.reflect.DelegatingMethodAccessorImpl.invoke(DelegatingMethodAccessorImpl.java:43)
	at java.lang.reflect.Method.invoke(Method.java:498)
	at org.apache.hadoop.io.retry.RetryInvocationHandler.invokeMethod(RetryInvocationHandler.java:422)
	at org.apache.hadoop.io.retry.RetryInvocationHandler$Call.invokeMethod(RetryInvocationHandler.java:165)
	at org.apache.hadoop.io.retry.RetryInvocationHandler$Call.invoke(RetryInvocationHandler.java:157)
	at org.apache.hadoop.io.retry.RetryInvocationHandler$Call.invokeOnce(RetryInvocationHandler.java:95)
	at org.apache.hadoop.io.retry.RetryInvocationHandler.invoke(RetryInvocationHandler.java:359)
	at com.sun.proxy.$Proxy36.submitRequest(Unknown Source)
	at org.apache.hadoop.ozone.om.protocolPB.OzoneManagerProtocolClientSideTranslatorPB.submitRequest(OzoneManagerProtocolClientSideTranslatorPB.java:338)
	at org.apache.hadoop.ozone.om.protocolPB.OzoneManagerProtocolClientSideTranslatorPB.getServiceInfo(OzoneManagerProtocolClientSideTranslatorPB.java:1223)
	at sun.reflect.NativeMethodAccessorImpl.invoke0(Native Method)
	at sun.reflect.NativeMethodAccessorImpl.invoke(NativeMethodAccessorImpl.java:62)
	at sun.reflect.DelegatingMethodAccessorImpl.invoke(DelegatingMethodAccessorImpl.java:43)
	at java.lang.reflect.Method.invoke(Method.java:498)
	at org.apache.hadoop.hdds.tracing.TraceAllMethod.invoke(TraceAllMethod.java:66)
	at com.sun.proxy.$Proxy37.getServiceInfo(Unknown Source)
	at org.apache.hadoop.ozone.client.rpc.RpcClient.<init>(RpcClient.java:154)
	at org.apache.hadoop.ozone.client.OzoneClientFactory.getClientProtocol(OzoneClientFactory.java:256)
	at org.apache.hadoop.ozone.client.OzoneClientFactory.getClientProtocol(OzoneClientFactory.java:239)
	at org.apache.hadoop.ozone.client.OzoneClientFactory.getClient(OzoneClientFactory.java:75)
	at org.apache.hadoop.ozone.freon.RandomKeyGenerator.init(RandomKeyGenerator.java:242)
	at org.apache.hadoop.ozone.freon.RandomKeyGenerator.call(RandomKeyGenerator.java:262)
	at org.apache.hadoop.ozone.freon.TestDataValidate.ratisTestLargeKey(TestDataValidate.java:69)
	at sun.reflect.NativeMethodAccessorImpl.invoke0(Native Method)
	at sun.reflect.NativeMethodAccessorImpl.invoke(NativeMethodAccessorImpl.java:62)
	at sun.reflect.DelegatingMethodAccessorImpl.invoke(DelegatingMethodAccessorImpl.java:43)
	at java.lang.reflect.Method.invoke(Method.java:498)
	at org.junit.runners.model.FrameworkMethod$1.runReflectiveCall(FrameworkMethod.java:47)
	at org.junit.internal.runners.model.ReflectiveCallable.run(ReflectiveCallable.java:12)
	at org.junit.runners.model.FrameworkMethod.invokeExplosively(FrameworkMethod.java:44)
	at org.junit.internal.runners.statements.InvokeMethod.evaluate(InvokeMethod.java:17)
	at org.junit.runners.ParentRunner.runLeaf(ParentRunner.java:271)
	at org.junit.runners.BlockJUnit4ClassRunner.runChild(BlockJUnit4ClassRunner.java:70)
	at org.junit.runners.BlockJUnit4ClassRunner.runChild(BlockJUnit4ClassRunner.java:50)
	at org.junit.runners.ParentRunner$3.run(ParentRunner.java:238)
	at org.junit.runners.ParentRunner$1.schedule(ParentRunner.java:63)
	at org.junit.runners.ParentRunner.runChildren(ParentRunner.java:236)
	at org.junit.runners.ParentRunner.access$000(ParentRunner.java:53)
	at org.junit.runners.ParentRunner$2.evaluate(ParentRunner.java:229)
	at org.junit.internal.runners.statements.RunBefores.evaluate(RunBefores.java:26)
	at org.junit.internal.runners.statements.RunAfters.evaluate(RunAfters.java:27)
	at org.junit.runners.ParentRunner.run(ParentRunner.java:309)
	at org.apache.maven.surefire.junit4.JUnit4Provider.execute(JUnit4Provider.java:365)
	at org.apache.maven.surefire.junit4.JUnit4Provider.executeWithRerun(JUnit4Provider.java:273)
	at org.apache.maven.surefire.junit4.JUnit4Provider.executeTestSet(JUnit4Provider.java:238)
	at org.apache.maven.surefire.junit4.JUnit4Provider.invoke(JUnit4Provider.java:159)
	at org.apache.maven.surefire.booter.ForkedBooter.invokeProviderInSameClassLoader(ForkedBooter.java:384)
	at org.apache.maven.surefire.booter.ForkedBooter.runSuitesInProcess(ForkedBooter.java:345)
	at org.apache.maven.surefire.booter.ForkedBooter.execute(ForkedBooter.java:126)
	at org.apache.maven.surefire.booter.ForkedBooter.main(ForkedBooter.java:418)
Caused by: java.net.ConnectException: Connection refused
	at sun.nio.ch.SocketChannelImpl.checkConnect(Native Method)
	at sun.nio.ch.SocketChannelImpl.finishConnect(SocketChannelImpl.java:717)
	at org.apache.hadoop.net.SocketIOWithTimeout.connect(SocketIOWithTimeout.java:206)
	at org.apache.hadoop.net.NetUtils.connect(NetUtils.java:531)
	at org.apache.hadoop.ipc.Client$Connection.setupConnection(Client.java:690)
	at org.apache.hadoop.ipc.Client$Connection.setupIOstreams(Client.java:794)
	at org.apache.hadoop.ipc.Client$Connection.access$3700(Client.java:411)
	at org.apache.hadoop.ipc.Client.getConnection(Client.java:1572)
	at org.apache.hadoop.ipc.Client.call(Client.java:1403)
	... 56 more
]]></system-out>
  </testcase>
  <testcase name="standaloneTestLargeKey" classname="org.apache.hadoop.ozone.freon.TestDataValidateWithDummyContainers" time="110.205">
    <error message="Connection refused" type="java.net.ConnectException"><![CDATA[java.net.ConnectException: Connection refused
	at sun.nio.ch.SocketChannelImpl.checkConnect(Native Method)
	at sun.nio.ch.SocketChannelImpl.finishConnect(SocketChannelImpl.java:717)
	at org.apache.hadoop.net.SocketIOWithTimeout.connect(SocketIOWithTimeout.java:206)
	at org.apache.hadoop.net.NetUtils.connect(NetUtils.java:531)
	at org.apache.hadoop.ipc.Client$Connection.setupConnection(Client.java:690)
	at org.apache.hadoop.ipc.Client$Connection.setupIOstreams(Client.java:794)
	at org.apache.hadoop.ipc.Client$Connection.access$3700(Client.java:411)
	at org.apache.hadoop.ipc.Client.getConnection(Client.java:1572)
	at org.apache.hadoop.ipc.Client.call(Client.java:1403)
	at org.apache.hadoop.ipc.Client.call(Client.java:1367)
	at org.apache.hadoop.ipc.ProtobufRpcEngine$Invoker.invoke(ProtobufRpcEngine.java:228)
	at org.apache.hadoop.ipc.ProtobufRpcEngine$Invoker.invoke(ProtobufRpcEngine.java:116)
	at com.sun.proxy.$Proxy36.submitRequest(Unknown Source)
	at sun.reflect.GeneratedMethodAccessor15.invoke(Unknown Source)
	at sun.reflect.DelegatingMethodAccessorImpl.invoke(DelegatingMethodAccessorImpl.java:43)
	at java.lang.reflect.Method.invoke(Method.java:498)
	at org.apache.hadoop.io.retry.RetryInvocationHandler.invokeMethod(RetryInvocationHandler.java:422)
	at org.apache.hadoop.io.retry.RetryInvocationHandler$Call.invokeMethod(RetryInvocationHandler.java:165)
	at org.apache.hadoop.io.retry.RetryInvocationHandler$Call.invoke(RetryInvocationHandler.java:157)
	at org.apache.hadoop.io.retry.RetryInvocationHandler$Call.invokeOnce(RetryInvocationHandler.java:95)
	at org.apache.hadoop.io.retry.RetryInvocationHandler.invoke(RetryInvocationHandler.java:359)
	at com.sun.proxy.$Proxy36.submitRequest(Unknown Source)
	at org.apache.hadoop.ozone.om.protocolPB.OzoneManagerProtocolClientSideTranslatorPB.submitRequest(OzoneManagerProtocolClientSideTranslatorPB.java:338)
	at org.apache.hadoop.ozone.om.protocolPB.OzoneManagerProtocolClientSideTranslatorPB.getServiceInfo(OzoneManagerProtocolClientSideTranslatorPB.java:1223)
	at sun.reflect.NativeMethodAccessorImpl.invoke0(Native Method)
	at sun.reflect.NativeMethodAccessorImpl.invoke(NativeMethodAccessorImpl.java:62)
	at sun.reflect.DelegatingMethodAccessorImpl.invoke(DelegatingMethodAccessorImpl.java:43)
	at java.lang.reflect.Method.invoke(Method.java:498)
	at org.apache.hadoop.hdds.tracing.TraceAllMethod.invoke(TraceAllMethod.java:66)
	at com.sun.proxy.$Proxy37.getServiceInfo(Unknown Source)
	at org.apache.hadoop.ozone.client.rpc.RpcClient.<init>(RpcClient.java:154)
	at org.apache.hadoop.ozone.client.OzoneClientFactory.getClientProtocol(OzoneClientFactory.java:256)
	at org.apache.hadoop.ozone.client.OzoneClientFactory.getClientProtocol(OzoneClientFactory.java:239)
	at org.apache.hadoop.ozone.client.OzoneClientFactory.getClient(OzoneClientFactory.java:75)
	at org.apache.hadoop.ozone.freon.RandomKeyGenerator.init(RandomKeyGenerator.java:242)
	at org.apache.hadoop.ozone.freon.RandomKeyGenerator.call(RandomKeyGenerator.java:262)
	at org.apache.hadoop.ozone.freon.TestDataValidate.standaloneTestLargeKey(TestDataValidate.java:87)
	at sun.reflect.NativeMethodAccessorImpl.invoke0(Native Method)
	at sun.reflect.NativeMethodAccessorImpl.invoke(NativeMethodAccessorImpl.java:62)
	at sun.reflect.DelegatingMethodAccessorImpl.invoke(DelegatingMethodAccessorImpl.java:43)
	at java.lang.reflect.Method.invoke(Method.java:498)
	at org.junit.runners.model.FrameworkMethod$1.runReflectiveCall(FrameworkMethod.java:47)
	at org.junit.internal.runners.model.ReflectiveCallable.run(ReflectiveCallable.java:12)
	at org.junit.runners.model.FrameworkMethod.invokeExplosively(FrameworkMethod.java:44)
	at org.junit.internal.runners.statements.InvokeMethod.evaluate(InvokeMethod.java:17)
	at org.junit.runners.ParentRunner.runLeaf(ParentRunner.java:271)
	at org.junit.runners.BlockJUnit4ClassRunner.runChild(BlockJUnit4ClassRunner.java:70)
	at org.junit.runners.BlockJUnit4ClassRunner.runChild(BlockJUnit4ClassRunner.java:50)
	at org.junit.runners.ParentRunner$3.run(ParentRunner.java:238)
	at org.junit.runners.ParentRunner$1.schedule(ParentRunner.java:63)
	at org.junit.runners.ParentRunner.runChildren(ParentRunner.java:236)
	at org.junit.runners.ParentRunner.access$000(ParentRunner.java:53)
	at org.junit.runners.ParentRunner$2.evaluate(ParentRunner.java:229)
	at org.junit.internal.runners.statements.RunBefores.evaluate(RunBefores.java:26)
	at org.junit.internal.runners.statements.RunAfters.evaluate(RunAfters.java:27)
	at org.junit.runners.ParentRunner.run(ParentRunner.java:309)
	at org.apache.maven.surefire.junit4.JUnit4Provider.execute(JUnit4Provider.java:365)
	at org.apache.maven.surefire.junit4.JUnit4Provider.executeWithRerun(JUnit4Provider.java:273)
	at org.apache.maven.surefire.junit4.JUnit4Provider.executeTestSet(JUnit4Provider.java:238)
	at org.apache.maven.surefire.junit4.JUnit4Provider.invoke(JUnit4Provider.java:159)
	at org.apache.maven.surefire.booter.ForkedBooter.invokeProviderInSameClassLoader(ForkedBooter.java:384)
	at org.apache.maven.surefire.booter.ForkedBooter.runSuitesInProcess(ForkedBooter.java:345)
	at org.apache.maven.surefire.booter.ForkedBooter.execute(ForkedBooter.java:126)
	at org.apache.maven.surefire.booter.ForkedBooter.main(ForkedBooter.java:418)
]]></error>
    <system-out><![CDATA[2019-09-26 21:13:32,259 [main] INFO  freon.RandomKeyGenerator (RandomKeyGenerator.java:call(258)) - Override validateWrites to false, because hdds.container.chunk.persistdata is set to false.
2019-09-26 21:13:33,264 [main] INFO  ipc.Client (Client.java:handleConnectionFailure(948)) - Retrying connect to server: localhost/127.0.0.1:0. Already tried 0 time(s); retry policy is RetryUpToMaximumCountWithFixedSleep(maxRetries=10, sleepTime=1000 MILLISECONDS)
2019-09-26 21:13:34,265 [main] INFO  ipc.Client (Client.java:handleConnectionFailure(948)) - Retrying connect to server: localhost/127.0.0.1:0. Already tried 1 time(s); retry policy is RetryUpToMaximumCountWithFixedSleep(maxRetries=10, sleepTime=1000 MILLISECONDS)
2019-09-26 21:13:35,267 [main] INFO  ipc.Client (Client.java:handleConnectionFailure(948)) - Retrying connect to server: localhost/127.0.0.1:0. Already tried 2 time(s); retry policy is RetryUpToMaximumCountWithFixedSleep(maxRetries=10, sleepTime=1000 MILLISECONDS)
2019-09-26 21:13:36,268 [main] INFO  ipc.Client (Client.java:handleConnectionFailure(948)) - Retrying connect to server: localhost/127.0.0.1:0. Already tried 3 time(s); retry policy is RetryUpToMaximumCountWithFixedSleep(maxRetries=10, sleepTime=1000 MILLISECONDS)
2019-09-26 21:13:37,270 [main] INFO  ipc.Client (Client.java:handleConnectionFailure(948)) - Retrying connect to server: localhost/127.0.0.1:0. Already tried 4 time(s); retry policy is RetryUpToMaximumCountWithFixedSleep(maxRetries=10, sleepTime=1000 MILLISECONDS)
2019-09-26 21:13:38,271 [main] INFO  ipc.Client (Client.java:handleConnectionFailure(948)) - Retrying connect to server: localhost/127.0.0.1:0. Already tried 5 time(s); retry policy is RetryUpToMaximumCountWithFixedSleep(maxRetries=10, sleepTime=1000 MILLISECONDS)
2019-09-26 21:13:39,273 [main] INFO  ipc.Client (Client.java:handleConnectionFailure(948)) - Retrying connect to server: localhost/127.0.0.1:0. Already tried 6 time(s); retry policy is RetryUpToMaximumCountWithFixedSleep(maxRetries=10, sleepTime=1000 MILLISECONDS)
2019-09-26 21:13:40,274 [main] INFO  ipc.Client (Client.java:handleConnectionFailure(948)) - Retrying connect to server: localhost/127.0.0.1:0. Already tried 7 time(s); retry policy is RetryUpToMaximumCountWithFixedSleep(maxRetries=10, sleepTime=1000 MILLISECONDS)
2019-09-26 21:13:41,276 [main] INFO  ipc.Client (Client.java:handleConnectionFailure(948)) - Retrying connect to server: localhost/127.0.0.1:0. Already tried 8 time(s); retry policy is RetryUpToMaximumCountWithFixedSleep(maxRetries=10, sleepTime=1000 MILLISECONDS)
2019-09-26 21:13:42,277 [main] INFO  ipc.Client (Client.java:handleConnectionFailure(948)) - Retrying connect to server: localhost/127.0.0.1:0. Already tried 9 time(s); retry policy is RetryUpToMaximumCountWithFixedSleep(maxRetries=10, sleepTime=1000 MILLISECONDS)
2019-09-26 21:13:43,280 [main] INFO  ipc.Client (Client.java:handleConnectionFailure(948)) - Retrying connect to server: localhost/127.0.0.1:0. Already tried 0 time(s); retry policy is RetryUpToMaximumCountWithFixedSleep(maxRetries=10, sleepTime=1000 MILLISECONDS)
2019-09-26 21:13:44,281 [main] INFO  ipc.Client (Client.java:handleConnectionFailure(948)) - Retrying connect to server: localhost/127.0.0.1:0. Already tried 1 time(s); retry policy is RetryUpToMaximumCountWithFixedSleep(maxRetries=10, sleepTime=1000 MILLISECONDS)
2019-09-26 21:13:45,283 [main] INFO  ipc.Client (Client.java:handleConnectionFailure(948)) - Retrying connect to server: localhost/127.0.0.1:0. Already tried 2 time(s); retry policy is RetryUpToMaximumCountWithFixedSleep(maxRetries=10, sleepTime=1000 MILLISECONDS)
2019-09-26 21:13:46,284 [main] INFO  ipc.Client (Client.java:handleConnectionFailure(948)) - Retrying connect to server: localhost/127.0.0.1:0. Already tried 3 time(s); retry policy is RetryUpToMaximumCountWithFixedSleep(maxRetries=10, sleepTime=1000 MILLISECONDS)
2019-09-26 21:13:47,286 [main] INFO  ipc.Client (Client.java:handleConnectionFailure(948)) - Retrying connect to server: localhost/127.0.0.1:0. Already tried 4 time(s); retry policy is RetryUpToMaximumCountWithFixedSleep(maxRetries=10, sleepTime=1000 MILLISECONDS)
2019-09-26 21:13:48,287 [main] INFO  ipc.Client (Client.java:handleConnectionFailure(948)) - Retrying connect to server: localhost/127.0.0.1:0. Already tried 5 time(s); retry policy is RetryUpToMaximumCountWithFixedSleep(maxRetries=10, sleepTime=1000 MILLISECONDS)
2019-09-26 21:13:49,289 [main] INFO  ipc.Client (Client.java:handleConnectionFailure(948)) - Retrying connect to server: localhost/127.0.0.1:0. Already tried 6 time(s); retry policy is RetryUpToMaximumCountWithFixedSleep(maxRetries=10, sleepTime=1000 MILLISECONDS)
2019-09-26 21:13:50,290 [main] INFO  ipc.Client (Client.java:handleConnectionFailure(948)) - Retrying connect to server: localhost/127.0.0.1:0. Already tried 7 time(s); retry policy is RetryUpToMaximumCountWithFixedSleep(maxRetries=10, sleepTime=1000 MILLISECONDS)
2019-09-26 21:13:51,291 [main] INFO  ipc.Client (Client.java:handleConnectionFailure(948)) - Retrying connect to server: localhost/127.0.0.1:0. Already tried 8 time(s); retry policy is RetryUpToMaximumCountWithFixedSleep(maxRetries=10, sleepTime=1000 MILLISECONDS)
2019-09-26 21:13:52,293 [main] INFO  ipc.Client (Client.java:handleConnectionFailure(948)) - Retrying connect to server: localhost/127.0.0.1:0. Already tried 9 time(s); retry policy is RetryUpToMaximumCountWithFixedSleep(maxRetries=10, sleepTime=1000 MILLISECONDS)
2019-09-26 21:13:52,294 [main] INFO  retry.RetryInvocationHandler (RetryInvocationHandler.java:log(411)) - com.google.protobuf.ServiceException: java.net.ConnectException: Your endpoint configuration is wrong; For more details see:  http://wiki.apache.org/hadoop/UnsetHostnameOrPort, while invoking $Proxy36.submitRequest over nodeId=null,nodeAddress=127.0.0.1:0 after 1 failover attempts. Trying to failover immediately.
2019-09-26 21:13:53,296 [main] INFO  ipc.Client (Client.java:handleConnectionFailure(948)) - Retrying connect to server: localhost/127.0.0.1:0. Already tried 0 time(s); retry policy is RetryUpToMaximumCountWithFixedSleep(maxRetries=10, sleepTime=1000 MILLISECONDS)
2019-09-26 21:13:54,297 [main] INFO  ipc.Client (Client.java:handleConnectionFailure(948)) - Retrying connect to server: localhost/127.0.0.1:0. Already tried 1 time(s); retry policy is RetryUpToMaximumCountWithFixedSleep(maxRetries=10, sleepTime=1000 MILLISECONDS)
2019-09-26 21:13:55,299 [main] INFO  ipc.Client (Client.java:handleConnectionFailure(948)) - Retrying connect to server: localhost/127.0.0.1:0. Already tried 2 time(s); retry policy is RetryUpToMaximumCountWithFixedSleep(maxRetries=10, sleepTime=1000 MILLISECONDS)
2019-09-26 21:13:56,300 [main] INFO  ipc.Client (Client.java:handleConnectionFailure(948)) - Retrying connect to server: localhost/127.0.0.1:0. Already tried 3 time(s); retry policy is RetryUpToMaximumCountWithFixedSleep(maxRetries=10, sleepTime=1000 MILLISECONDS)
2019-09-26 21:13:57,302 [main] INFO  ipc.Client (Client.java:handleConnectionFailure(948)) - Retrying connect to server: localhost/127.0.0.1:0. Already tried 4 time(s); retry policy is RetryUpToMaximumCountWithFixedSleep(maxRetries=10, sleepTime=1000 MILLISECONDS)
2019-09-26 21:13:58,303 [main] INFO  ipc.Client (Client.java:handleConnectionFailure(948)) - Retrying connect to server: localhost/127.0.0.1:0. Already tried 5 time(s); retry policy is RetryUpToMaximumCountWithFixedSleep(maxRetries=10, sleepTime=1000 MILLISECONDS)
2019-09-26 21:13:59,305 [main] INFO  ipc.Client (Client.java:handleConnectionFailure(948)) - Retrying connect to server: localhost/127.0.0.1:0. Already tried 6 time(s); retry policy is RetryUpToMaximumCountWithFixedSleep(maxRetries=10, sleepTime=1000 MILLISECONDS)
2019-09-26 21:14:00,306 [main] INFO  ipc.Client (Client.java:handleConnectionFailure(948)) - Retrying connect to server: localhost/127.0.0.1:0. Already tried 7 time(s); retry policy is RetryUpToMaximumCountWithFixedSleep(maxRetries=10, sleepTime=1000 MILLISECONDS)
2019-09-26 21:14:01,308 [main] INFO  ipc.Client (Client.java:handleConnectionFailure(948)) - Retrying connect to server: localhost/127.0.0.1:0. Already tried 8 time(s); retry policy is RetryUpToMaximumCountWithFixedSleep(maxRetries=10, sleepTime=1000 MILLISECONDS)
2019-09-26 21:14:02,310 [main] INFO  ipc.Client (Client.java:handleConnectionFailure(948)) - Retrying connect to server: localhost/127.0.0.1:0. Already tried 9 time(s); retry policy is RetryUpToMaximumCountWithFixedSleep(maxRetries=10, sleepTime=1000 MILLISECONDS)
2019-09-26 21:14:02,312 [main] INFO  retry.RetryInvocationHandler (RetryInvocationHandler.java:log(411)) - com.google.protobuf.ServiceException: java.net.ConnectException: Your endpoint configuration is wrong; For more details see:  http://wiki.apache.org/hadoop/UnsetHostnameOrPort, while invoking $Proxy36.submitRequest over nodeId=null,nodeAddress=127.0.0.1:0 after 2 failover attempts. Trying to failover immediately.
2019-09-26 21:14:03,313 [main] INFO  ipc.Client (Client.java:handleConnectionFailure(948)) - Retrying connect to server: localhost/127.0.0.1:0. Already tried 0 time(s); retry policy is RetryUpToMaximumCountWithFixedSleep(maxRetries=10, sleepTime=1000 MILLISECONDS)
2019-09-26 21:14:04,314 [main] INFO  ipc.Client (Client.java:handleConnectionFailure(948)) - Retrying connect to server: localhost/127.0.0.1:0. Already tried 1 time(s); retry policy is RetryUpToMaximumCountWithFixedSleep(maxRetries=10, sleepTime=1000 MILLISECONDS)
2019-09-26 21:14:05,316 [main] INFO  ipc.Client (Client.java:handleConnectionFailure(948)) - Retrying connect to server: localhost/127.0.0.1:0. Already tried 2 time(s); retry policy is RetryUpToMaximumCountWithFixedSleep(maxRetries=10, sleepTime=1000 MILLISECONDS)
2019-09-26 21:14:06,318 [main] INFO  ipc.Client (Client.java:handleConnectionFailure(948)) - Retrying connect to server: localhost/127.0.0.1:0. Already tried 3 time(s); retry policy is RetryUpToMaximumCountWithFixedSleep(maxRetries=10, sleepTime=1000 MILLISECONDS)
2019-09-26 21:14:07,319 [main] INFO  ipc.Client (Client.java:handleConnectionFailure(948)) - Retrying connect to server: localhost/127.0.0.1:0. Already tried 4 time(s); retry policy is RetryUpToMaximumCountWithFixedSleep(maxRetries=10, sleepTime=1000 MILLISECONDS)
2019-09-26 21:14:08,321 [main] INFO  ipc.Client (Client.java:handleConnectionFailure(948)) - Retrying connect to server: localhost/127.0.0.1:0. Already tried 5 time(s); retry policy is RetryUpToMaximumCountWithFixedSleep(maxRetries=10, sleepTime=1000 MILLISECONDS)
2019-09-26 21:14:09,322 [main] INFO  ipc.Client (Client.java:handleConnectionFailure(948)) - Retrying connect to server: localhost/127.0.0.1:0. Already tried 6 time(s); retry policy is RetryUpToMaximumCountWithFixedSleep(maxRetries=10, sleepTime=1000 MILLISECONDS)
2019-09-26 21:14:10,323 [main] INFO  ipc.Client (Client.java:handleConnectionFailure(948)) - Retrying connect to server: localhost/127.0.0.1:0. Already tried 7 time(s); retry policy is RetryUpToMaximumCountWithFixedSleep(maxRetries=10, sleepTime=1000 MILLISECONDS)
2019-09-26 21:14:11,325 [main] INFO  ipc.Client (Client.java:handleConnectionFailure(948)) - Retrying connect to server: localhost/127.0.0.1:0. Already tried 8 time(s); retry policy is RetryUpToMaximumCountWithFixedSleep(maxRetries=10, sleepTime=1000 MILLISECONDS)
2019-09-26 21:14:12,326 [main] INFO  ipc.Client (Client.java:handleConnectionFailure(948)) - Retrying connect to server: localhost/127.0.0.1:0. Already tried 9 time(s); retry policy is RetryUpToMaximumCountWithFixedSleep(maxRetries=10, sleepTime=1000 MILLISECONDS)
2019-09-26 21:14:12,328 [main] INFO  retry.RetryInvocationHandler (RetryInvocationHandler.java:log(411)) - com.google.protobuf.ServiceException: java.net.ConnectException: Your endpoint configuration is wrong; For more details see:  http://wiki.apache.org/hadoop/UnsetHostnameOrPort, while invoking $Proxy36.submitRequest over nodeId=null,nodeAddress=127.0.0.1:0 after 3 failover attempts. Trying to failover immediately.
2019-09-26 21:14:13,331 [main] INFO  ipc.Client (Client.java:handleConnectionFailure(948)) - Retrying connect to server: localhost/127.0.0.1:0. Already tried 0 time(s); retry policy is RetryUpToMaximumCountWithFixedSleep(maxRetries=10, sleepTime=1000 MILLISECONDS)
2019-09-26 21:14:14,332 [main] INFO  ipc.Client (Client.java:handleConnectionFailure(948)) - Retrying connect to server: localhost/127.0.0.1:0. Already tried 1 time(s); retry policy is RetryUpToMaximumCountWithFixedSleep(maxRetries=10, sleepTime=1000 MILLISECONDS)
2019-09-26 21:14:15,333 [main] INFO  ipc.Client (Client.java:handleConnectionFailure(948)) - Retrying connect to server: localhost/127.0.0.1:0. Already tried 2 time(s); retry policy is RetryUpToMaximumCountWithFixedSleep(maxRetries=10, sleepTime=1000 MILLISECONDS)
2019-09-26 21:14:16,335 [main] INFO  ipc.Client (Client.java:handleConnectionFailure(948)) - Retrying connect to server: localhost/127.0.0.1:0. Already tried 3 time(s); retry policy is RetryUpToMaximumCountWithFixedSleep(maxRetries=10, sleepTime=1000 MILLISECONDS)
2019-09-26 21:14:17,336 [main] INFO  ipc.Client (Client.java:handleConnectionFailure(948)) - Retrying connect to server: localhost/127.0.0.1:0. Already tried 4 time(s); retry policy is RetryUpToMaximumCountWithFixedSleep(maxRetries=10, sleepTime=1000 MILLISECONDS)
2019-09-26 21:14:18,337 [main] INFO  ipc.Client (Client.java:handleConnectionFailure(948)) - Retrying connect to server: localhost/127.0.0.1:0. Already tried 5 time(s); retry policy is RetryUpToMaximumCountWithFixedSleep(maxRetries=10, sleepTime=1000 MILLISECONDS)
2019-09-26 21:14:19,339 [main] INFO  ipc.Client (Client.java:handleConnectionFailure(948)) - Retrying connect to server: localhost/127.0.0.1:0. Already tried 6 time(s); retry policy is RetryUpToMaximumCountWithFixedSleep(maxRetries=10, sleepTime=1000 MILLISECONDS)
2019-09-26 21:14:20,340 [main] INFO  ipc.Client (Client.java:handleConnectionFailure(948)) - Retrying connect to server: localhost/127.0.0.1:0. Already tried 7 time(s); retry policy is RetryUpToMaximumCountWithFixedSleep(maxRetries=10, sleepTime=1000 MILLISECONDS)
2019-09-26 21:14:21,342 [main] INFO  ipc.Client (Client.java:handleConnectionFailure(948)) - Retrying connect to server: localhost/127.0.0.1:0. Already tried 8 time(s); retry policy is RetryUpToMaximumCountWithFixedSleep(maxRetries=10, sleepTime=1000 MILLISECONDS)
2019-09-26 21:14:22,343 [main] INFO  ipc.Client (Client.java:handleConnectionFailure(948)) - Retrying connect to server: localhost/127.0.0.1:0. Already tried 9 time(s); retry policy is RetryUpToMaximumCountWithFixedSleep(maxRetries=10, sleepTime=1000 MILLISECONDS)
2019-09-26 21:14:22,346 [main] INFO  retry.RetryInvocationHandler (RetryInvocationHandler.java:log(411)) - com.google.protobuf.ServiceException: java.net.ConnectException: Your endpoint configuration is wrong; For more details see:  http://wiki.apache.org/hadoop/UnsetHostnameOrPort, while invoking $Proxy36.submitRequest over nodeId=null,nodeAddress=127.0.0.1:0 after 4 failover attempts. Trying to failover immediately.
2019-09-26 21:14:23,347 [main] INFO  ipc.Client (Client.java:handleConnectionFailure(948)) - Retrying connect to server: localhost/127.0.0.1:0. Already tried 0 time(s); retry policy is RetryUpToMaximumCountWithFixedSleep(maxRetries=10, sleepTime=1000 MILLISECONDS)
2019-09-26 21:14:24,348 [main] INFO  ipc.Client (Client.java:handleConnectionFailure(948)) - Retrying connect to server: localhost/127.0.0.1:0. Already tried 1 time(s); retry policy is RetryUpToMaximumCountWithFixedSleep(maxRetries=10, sleepTime=1000 MILLISECONDS)
2019-09-26 21:14:25,350 [main] INFO  ipc.Client (Client.java:handleConnectionFailure(948)) - Retrying connect to server: localhost/127.0.0.1:0. Already tried 2 time(s); retry policy is RetryUpToMaximumCountWithFixedSleep(maxRetries=10, sleepTime=1000 MILLISECONDS)
2019-09-26 21:14:26,351 [main] INFO  ipc.Client (Client.java:handleConnectionFailure(948)) - Retrying connect to server: localhost/127.0.0.1:0. Already tried 3 time(s); retry policy is RetryUpToMaximumCountWithFixedSleep(maxRetries=10, sleepTime=1000 MILLISECONDS)
2019-09-26 21:14:27,353 [main] INFO  ipc.Client (Client.java:handleConnectionFailure(948)) - Retrying connect to server: localhost/127.0.0.1:0. Already tried 4 time(s); retry policy is RetryUpToMaximumCountWithFixedSleep(maxRetries=10, sleepTime=1000 MILLISECONDS)
2019-09-26 21:14:28,355 [main] INFO  ipc.Client (Client.java:handleConnectionFailure(948)) - Retrying connect to server: localhost/127.0.0.1:0. Already tried 5 time(s); retry policy is RetryUpToMaximumCountWithFixedSleep(maxRetries=10, sleepTime=1000 MILLISECONDS)
2019-09-26 21:14:29,356 [main] INFO  ipc.Client (Client.java:handleConnectionFailure(948)) - Retrying connect to server: localhost/127.0.0.1:0. Already tried 6 time(s); retry policy is RetryUpToMaximumCountWithFixedSleep(maxRetries=10, sleepTime=1000 MILLISECONDS)
2019-09-26 21:14:30,358 [main] INFO  ipc.Client (Client.java:handleConnectionFailure(948)) - Retrying connect to server: localhost/127.0.0.1:0. Already tried 7 time(s); retry policy is RetryUpToMaximumCountWithFixedSleep(maxRetries=10, sleepTime=1000 MILLISECONDS)
2019-09-26 21:14:31,359 [main] INFO  ipc.Client (Client.java:handleConnectionFailure(948)) - Retrying connect to server: localhost/127.0.0.1:0. Already tried 8 time(s); retry policy is RetryUpToMaximumCountWithFixedSleep(maxRetries=10, sleepTime=1000 MILLISECONDS)
2019-09-26 21:14:32,361 [main] INFO  ipc.Client (Client.java:handleConnectionFailure(948)) - Retrying connect to server: localhost/127.0.0.1:0. Already tried 9 time(s); retry policy is RetryUpToMaximumCountWithFixedSleep(maxRetries=10, sleepTime=1000 MILLISECONDS)
2019-09-26 21:14:32,362 [main] INFO  retry.RetryInvocationHandler (RetryInvocationHandler.java:log(411)) - com.google.protobuf.ServiceException: java.net.ConnectException: Your endpoint configuration is wrong; For more details see:  http://wiki.apache.org/hadoop/UnsetHostnameOrPort, while invoking $Proxy36.submitRequest over nodeId=null,nodeAddress=127.0.0.1:0 after 5 failover attempts. Trying to failover immediately.
2019-09-26 21:14:33,364 [main] INFO  ipc.Client (Client.java:handleConnectionFailure(948)) - Retrying connect to server: localhost/127.0.0.1:0. Already tried 0 time(s); retry policy is RetryUpToMaximumCountWithFixedSleep(maxRetries=10, sleepTime=1000 MILLISECONDS)
2019-09-26 21:14:34,365 [main] INFO  ipc.Client (Client.java:handleConnectionFailure(948)) - Retrying connect to server: localhost/127.0.0.1:0. Already tried 1 time(s); retry policy is RetryUpToMaximumCountWithFixedSleep(maxRetries=10, sleepTime=1000 MILLISECONDS)
2019-09-26 21:14:35,367 [main] INFO  ipc.Client (Client.java:handleConnectionFailure(948)) - Retrying connect to server: localhost/127.0.0.1:0. Already tried 2 time(s); retry policy is RetryUpToMaximumCountWithFixedSleep(maxRetries=10, sleepTime=1000 MILLISECONDS)
2019-09-26 21:14:36,368 [main] INFO  ipc.Client (Client.java:handleConnectionFailure(948)) - Retrying connect to server: localhost/127.0.0.1:0. Already tried 3 time(s); retry policy is RetryUpToMaximumCountWithFixedSleep(maxRetries=10, sleepTime=1000 MILLISECONDS)
2019-09-26 21:14:37,369 [main] INFO  ipc.Client (Client.java:handleConnectionFailure(948)) - Retrying connect to server: localhost/127.0.0.1:0. Already tried 4 time(s); retry policy is RetryUpToMaximumCountWithFixedSleep(maxRetries=10, sleepTime=1000 MILLISECONDS)
2019-09-26 21:14:38,371 [main] INFO  ipc.Client (Client.java:handleConnectionFailure(948)) - Retrying connect to server: localhost/127.0.0.1:0. Already tried 5 time(s); retry policy is RetryUpToMaximumCountWithFixedSleep(maxRetries=10, sleepTime=1000 MILLISECONDS)
2019-09-26 21:14:39,372 [main] INFO  ipc.Client (Client.java:handleConnectionFailure(948)) - Retrying connect to server: localhost/127.0.0.1:0. Already tried 6 time(s); retry policy is RetryUpToMaximumCountWithFixedSleep(maxRetries=10, sleepTime=1000 MILLISECONDS)
2019-09-26 21:14:40,374 [main] INFO  ipc.Client (Client.java:handleConnectionFailure(948)) - Retrying connect to server: localhost/127.0.0.1:0. Already tried 7 time(s); retry policy is RetryUpToMaximumCountWithFixedSleep(maxRetries=10, sleepTime=1000 MILLISECONDS)
2019-09-26 21:14:41,375 [main] INFO  ipc.Client (Client.java:handleConnectionFailure(948)) - Retrying connect to server: localhost/127.0.0.1:0. Already tried 8 time(s); retry policy is RetryUpToMaximumCountWithFixedSleep(maxRetries=10, sleepTime=1000 MILLISECONDS)
2019-09-26 21:14:42,377 [main] INFO  ipc.Client (Client.java:handleConnectionFailure(948)) - Retrying connect to server: localhost/127.0.0.1:0. Already tried 9 time(s); retry policy is RetryUpToMaximumCountWithFixedSleep(maxRetries=10, sleepTime=1000 MILLISECONDS)
2019-09-26 21:14:42,378 [main] INFO  retry.RetryInvocationHandler (RetryInvocationHandler.java:log(411)) - com.google.protobuf.ServiceException: java.net.ConnectException: Your endpoint configuration is wrong; For more details see:  http://wiki.apache.org/hadoop/UnsetHostnameOrPort, while invoking $Proxy36.submitRequest over nodeId=null,nodeAddress=127.0.0.1:0 after 6 failover attempts. Trying to failover immediately.
2019-09-26 21:14:43,390 [main] INFO  ipc.Client (Client.java:handleConnectionFailure(948)) - Retrying connect to server: localhost/127.0.0.1:0. Already tried 0 time(s); retry policy is RetryUpToMaximumCountWithFixedSleep(maxRetries=10, sleepTime=1000 MILLISECONDS)
2019-09-26 21:14:44,393 [main] INFO  ipc.Client (Client.java:handleConnectionFailure(948)) - Retrying connect to server: localhost/127.0.0.1:0. Already tried 1 time(s); retry policy is RetryUpToMaximumCountWithFixedSleep(maxRetries=10, sleepTime=1000 MILLISECONDS)
2019-09-26 21:14:45,395 [main] INFO  ipc.Client (Client.java:handleConnectionFailure(948)) - Retrying connect to server: localhost/127.0.0.1:0. Already tried 2 time(s); retry policy is RetryUpToMaximumCountWithFixedSleep(maxRetries=10, sleepTime=1000 MILLISECONDS)
2019-09-26 21:14:46,397 [main] INFO  ipc.Client (Client.java:handleConnectionFailure(948)) - Retrying connect to server: localhost/127.0.0.1:0. Already tried 3 time(s); retry policy is RetryUpToMaximumCountWithFixedSleep(maxRetries=10, sleepTime=1000 MILLISECONDS)
2019-09-26 21:14:47,399 [main] INFO  ipc.Client (Client.java:handleConnectionFailure(948)) - Retrying connect to server: localhost/127.0.0.1:0. Already tried 4 time(s); retry policy is RetryUpToMaximumCountWithFixedSleep(maxRetries=10, sleepTime=1000 MILLISECONDS)
2019-09-26 21:14:48,400 [main] INFO  ipc.Client (Client.java:handleConnectionFailure(948)) - Retrying connect to server: localhost/127.0.0.1:0. Already tried 5 time(s); retry policy is RetryUpToMaximumCountWithFixedSleep(maxRetries=10, sleepTime=1000 MILLISECONDS)
2019-09-26 21:14:49,402 [main] INFO  ipc.Client (Client.java:handleConnectionFailure(948)) - Retrying connect to server: localhost/127.0.0.1:0. Already tried 6 time(s); retry policy is RetryUpToMaximumCountWithFixedSleep(maxRetries=10, sleepTime=1000 MILLISECONDS)
2019-09-26 21:14:50,403 [main] INFO  ipc.Client (Client.java:handleConnectionFailure(948)) - Retrying connect to server: localhost/127.0.0.1:0. Already tried 7 time(s); retry policy is RetryUpToMaximumCountWithFixedSleep(maxRetries=10, sleepTime=1000 MILLISECONDS)
2019-09-26 21:14:51,405 [main] INFO  ipc.Client (Client.java:handleConnectionFailure(948)) - Retrying connect to server: localhost/127.0.0.1:0. Already tried 8 time(s); retry policy is RetryUpToMaximumCountWithFixedSleep(maxRetries=10, sleepTime=1000 MILLISECONDS)
2019-09-26 21:14:52,407 [main] INFO  ipc.Client (Client.java:handleConnectionFailure(948)) - Retrying connect to server: localhost/127.0.0.1:0. Already tried 9 time(s); retry policy is RetryUpToMaximumCountWithFixedSleep(maxRetries=10, sleepTime=1000 MILLISECONDS)
2019-09-26 21:14:52,409 [main] INFO  retry.RetryInvocationHandler (RetryInvocationHandler.java:log(411)) - com.google.protobuf.ServiceException: java.net.ConnectException: Your endpoint configuration is wrong; For more details see:  http://wiki.apache.org/hadoop/UnsetHostnameOrPort, while invoking $Proxy36.submitRequest over nodeId=null,nodeAddress=127.0.0.1:0 after 7 failover attempts. Trying to failover immediately.
2019-09-26 21:14:53,410 [main] INFO  ipc.Client (Client.java:handleConnectionFailure(948)) - Retrying connect to server: localhost/127.0.0.1:0. Already tried 0 time(s); retry policy is RetryUpToMaximumCountWithFixedSleep(maxRetries=10, sleepTime=1000 MILLISECONDS)
2019-09-26 21:14:54,411 [main] INFO  ipc.Client (Client.java:handleConnectionFailure(948)) - Retrying connect to server: localhost/127.0.0.1:0. Already tried 1 time(s); retry policy is RetryUpToMaximumCountWithFixedSleep(maxRetries=10, sleepTime=1000 MILLISECONDS)
2019-09-26 21:14:55,413 [main] INFO  ipc.Client (Client.java:handleConnectionFailure(948)) - Retrying connect to server: localhost/127.0.0.1:0. Already tried 2 time(s); retry policy is RetryUpToMaximumCountWithFixedSleep(maxRetries=10, sleepTime=1000 MILLISECONDS)
2019-09-26 21:14:56,415 [main] INFO  ipc.Client (Client.java:handleConnectionFailure(948)) - Retrying connect to server: localhost/127.0.0.1:0. Already tried 3 time(s); retry policy is RetryUpToMaximumCountWithFixedSleep(maxRetries=10, sleepTime=1000 MILLISECONDS)
2019-09-26 21:14:57,416 [main] INFO  ipc.Client (Client.java:handleConnectionFailure(948)) - Retrying connect to server: localhost/127.0.0.1:0. Already tried 4 time(s); retry policy is RetryUpToMaximumCountWithFixedSleep(maxRetries=10, sleepTime=1000 MILLISECONDS)
2019-09-26 21:14:58,417 [main] INFO  ipc.Client (Client.java:handleConnectionFailure(948)) - Retrying connect to server: localhost/127.0.0.1:0. Already tried 5 time(s); retry policy is RetryUpToMaximumCountWithFixedSleep(maxRetries=10, sleepTime=1000 MILLISECONDS)
2019-09-26 21:14:59,420 [main] INFO  ipc.Client (Client.java:handleConnectionFailure(948)) - Retrying connect to server: localhost/127.0.0.1:0. Already tried 6 time(s); retry policy is RetryUpToMaximumCountWithFixedSleep(maxRetries=10, sleepTime=1000 MILLISECONDS)
2019-09-26 21:15:00,422 [main] INFO  ipc.Client (Client.java:handleConnectionFailure(948)) - Retrying connect to server: localhost/127.0.0.1:0. Already tried 7 time(s); retry policy is RetryUpToMaximumCountWithFixedSleep(maxRetries=10, sleepTime=1000 MILLISECONDS)
2019-09-26 21:15:01,424 [main] INFO  ipc.Client (Client.java:handleConnectionFailure(948)) - Retrying connect to server: localhost/127.0.0.1:0. Already tried 8 time(s); retry policy is RetryUpToMaximumCountWithFixedSleep(maxRetries=10, sleepTime=1000 MILLISECONDS)
2019-09-26 21:15:02,426 [main] INFO  ipc.Client (Client.java:handleConnectionFailure(948)) - Retrying connect to server: localhost/127.0.0.1:0. Already tried 9 time(s); retry policy is RetryUpToMaximumCountWithFixedSleep(maxRetries=10, sleepTime=1000 MILLISECONDS)
2019-09-26 21:15:02,429 [main] INFO  retry.RetryInvocationHandler (RetryInvocationHandler.java:log(411)) - com.google.protobuf.ServiceException: java.net.ConnectException: Your endpoint configuration is wrong; For more details see:  http://wiki.apache.org/hadoop/UnsetHostnameOrPort, while invoking $Proxy36.submitRequest over nodeId=null,nodeAddress=127.0.0.1:0 after 8 failover attempts. Trying to failover immediately.
2019-09-26 21:15:03,431 [main] INFO  ipc.Client (Client.java:handleConnectionFailure(948)) - Retrying connect to server: localhost/127.0.0.1:0. Already tried 0 time(s); retry policy is RetryUpToMaximumCountWithFixedSleep(maxRetries=10, sleepTime=1000 MILLISECONDS)
2019-09-26 21:15:04,432 [main] INFO  ipc.Client (Client.java:handleConnectionFailure(948)) - Retrying connect to server: localhost/127.0.0.1:0. Already tried 1 time(s); retry policy is RetryUpToMaximumCountWithFixedSleep(maxRetries=10, sleepTime=1000 MILLISECONDS)
2019-09-26 21:15:05,434 [main] INFO  ipc.Client (Client.java:handleConnectionFailure(948)) - Retrying connect to server: localhost/127.0.0.1:0. Already tried 2 time(s); retry policy is RetryUpToMaximumCountWithFixedSleep(maxRetries=10, sleepTime=1000 MILLISECONDS)
2019-09-26 21:15:06,435 [main] INFO  ipc.Client (Client.java:handleConnectionFailure(948)) - Retrying connect to server: localhost/127.0.0.1:0. Already tried 3 time(s); retry policy is RetryUpToMaximumCountWithFixedSleep(maxRetries=10, sleepTime=1000 MILLISECONDS)
2019-09-26 21:15:07,437 [main] INFO  ipc.Client (Client.java:handleConnectionFailure(948)) - Retrying connect to server: localhost/127.0.0.1:0. Already tried 4 time(s); retry policy is RetryUpToMaximumCountWithFixedSleep(maxRetries=10, sleepTime=1000 MILLISECONDS)
2019-09-26 21:15:08,438 [main] INFO  ipc.Client (Client.java:handleConnectionFailure(948)) - Retrying connect to server: localhost/127.0.0.1:0. Already tried 5 time(s); retry policy is RetryUpToMaximumCountWithFixedSleep(maxRetries=10, sleepTime=1000 MILLISECONDS)
2019-09-26 21:15:09,440 [main] INFO  ipc.Client (Client.java:handleConnectionFailure(948)) - Retrying connect to server: localhost/127.0.0.1:0. Already tried 6 time(s); retry policy is RetryUpToMaximumCountWithFixedSleep(maxRetries=10, sleepTime=1000 MILLISECONDS)
2019-09-26 21:15:10,441 [main] INFO  ipc.Client (Client.java:handleConnectionFailure(948)) - Retrying connect to server: localhost/127.0.0.1:0. Already tried 7 time(s); retry policy is RetryUpToMaximumCountWithFixedSleep(maxRetries=10, sleepTime=1000 MILLISECONDS)
2019-09-26 21:15:11,443 [main] INFO  ipc.Client (Client.java:handleConnectionFailure(948)) - Retrying connect to server: localhost/127.0.0.1:0. Already tried 8 time(s); retry policy is RetryUpToMaximumCountWithFixedSleep(maxRetries=10, sleepTime=1000 MILLISECONDS)
2019-09-26 21:15:12,444 [main] INFO  ipc.Client (Client.java:handleConnectionFailure(948)) - Retrying connect to server: localhost/127.0.0.1:0. Already tried 9 time(s); retry policy is RetryUpToMaximumCountWithFixedSleep(maxRetries=10, sleepTime=1000 MILLISECONDS)
2019-09-26 21:15:12,446 [main] INFO  retry.RetryInvocationHandler (RetryInvocationHandler.java:log(411)) - com.google.protobuf.ServiceException: java.net.ConnectException: Your endpoint configuration is wrong; For more details see:  http://wiki.apache.org/hadoop/UnsetHostnameOrPort, while invoking $Proxy36.submitRequest over nodeId=null,nodeAddress=127.0.0.1:0 after 9 failover attempts. Trying to failover immediately.
2019-09-26 21:15:13,447 [main] INFO  ipc.Client (Client.java:handleConnectionFailure(948)) - Retrying connect to server: localhost/127.0.0.1:0. Already tried 0 time(s); retry policy is RetryUpToMaximumCountWithFixedSleep(maxRetries=10, sleepTime=1000 MILLISECONDS)
2019-09-26 21:15:14,449 [main] INFO  ipc.Client (Client.java:handleConnectionFailure(948)) - Retrying connect to server: localhost/127.0.0.1:0. Already tried 1 time(s); retry policy is RetryUpToMaximumCountWithFixedSleep(maxRetries=10, sleepTime=1000 MILLISECONDS)
2019-09-26 21:15:15,450 [main] INFO  ipc.Client (Client.java:handleConnectionFailure(948)) - Retrying connect to server: localhost/127.0.0.1:0. Already tried 2 time(s); retry policy is RetryUpToMaximumCountWithFixedSleep(maxRetries=10, sleepTime=1000 MILLISECONDS)
2019-09-26 21:15:16,451 [main] INFO  ipc.Client (Client.java:handleConnectionFailure(948)) - Retrying connect to server: localhost/127.0.0.1:0. Already tried 3 time(s); retry policy is RetryUpToMaximumCountWithFixedSleep(maxRetries=10, sleepTime=1000 MILLISECONDS)
2019-09-26 21:15:17,453 [main] INFO  ipc.Client (Client.java:handleConnectionFailure(948)) - Retrying connect to server: localhost/127.0.0.1:0. Already tried 4 time(s); retry policy is RetryUpToMaximumCountWithFixedSleep(maxRetries=10, sleepTime=1000 MILLISECONDS)
2019-09-26 21:15:18,454 [main] INFO  ipc.Client (Client.java:handleConnectionFailure(948)) - Retrying connect to server: localhost/127.0.0.1:0. Already tried 5 time(s); retry policy is RetryUpToMaximumCountWithFixedSleep(maxRetries=10, sleepTime=1000 MILLISECONDS)
2019-09-26 21:15:19,455 [main] INFO  ipc.Client (Client.java:handleConnectionFailure(948)) - Retrying connect to server: localhost/127.0.0.1:0. Already tried 6 time(s); retry policy is RetryUpToMaximumCountWithFixedSleep(maxRetries=10, sleepTime=1000 MILLISECONDS)
2019-09-26 21:15:20,456 [main] INFO  ipc.Client (Client.java:handleConnectionFailure(948)) - Retrying connect to server: localhost/127.0.0.1:0. Already tried 7 time(s); retry policy is RetryUpToMaximumCountWithFixedSleep(maxRetries=10, sleepTime=1000 MILLISECONDS)
2019-09-26 21:15:21,458 [main] INFO  ipc.Client (Client.java:handleConnectionFailure(948)) - Retrying connect to server: localhost/127.0.0.1:0. Already tried 8 time(s); retry policy is RetryUpToMaximumCountWithFixedSleep(maxRetries=10, sleepTime=1000 MILLISECONDS)
2019-09-26 21:15:22,459 [main] INFO  ipc.Client (Client.java:handleConnectionFailure(948)) - Retrying connect to server: localhost/127.0.0.1:0. Already tried 9 time(s); retry policy is RetryUpToMaximumCountWithFixedSleep(maxRetries=10, sleepTime=1000 MILLISECONDS)
2019-09-26 21:15:22,461 [main] ERROR ha.OMFailoverProxyProvider (OzoneManagerProtocolClientSideTranslatorPB.java:getRetryAction(268)) - Failed to connect to OM. Attempted 10 retries and 10 failovers
2019-09-26 21:15:22,461 [main] ERROR client.OzoneClientFactory (OzoneClientFactory.java:getClientProtocol(259)) - Couldn't create RpcClient protocol exception: 
java.net.ConnectException: Your endpoint configuration is wrong; For more details see:  http://wiki.apache.org/hadoop/UnsetHostnameOrPort
	at sun.reflect.GeneratedConstructorAccessor15.newInstance(Unknown Source)
	at sun.reflect.DelegatingConstructorAccessorImpl.newInstance(DelegatingConstructorAccessorImpl.java:45)
	at java.lang.reflect.Constructor.newInstance(Constructor.java:423)
	at org.apache.hadoop.net.NetUtils.wrapWithMessage(NetUtils.java:831)
	at org.apache.hadoop.net.NetUtils.wrapException(NetUtils.java:751)
	at org.apache.hadoop.ipc.Client.getRpcResponse(Client.java:1515)
	at org.apache.hadoop.ipc.Client.call(Client.java:1457)
	at org.apache.hadoop.ipc.Client.call(Client.java:1367)
	at org.apache.hadoop.ipc.ProtobufRpcEngine$Invoker.invoke(ProtobufRpcEngine.java:228)
	at org.apache.hadoop.ipc.ProtobufRpcEngine$Invoker.invoke(ProtobufRpcEngine.java:116)
	at com.sun.proxy.$Proxy36.submitRequest(Unknown Source)
	at sun.reflect.GeneratedMethodAccessor15.invoke(Unknown Source)
	at sun.reflect.DelegatingMethodAccessorImpl.invoke(DelegatingMethodAccessorImpl.java:43)
	at java.lang.reflect.Method.invoke(Method.java:498)
	at org.apache.hadoop.io.retry.RetryInvocationHandler.invokeMethod(RetryInvocationHandler.java:422)
	at org.apache.hadoop.io.retry.RetryInvocationHandler$Call.invokeMethod(RetryInvocationHandler.java:165)
	at org.apache.hadoop.io.retry.RetryInvocationHandler$Call.invoke(RetryInvocationHandler.java:157)
	at org.apache.hadoop.io.retry.RetryInvocationHandler$Call.invokeOnce(RetryInvocationHandler.java:95)
	at org.apache.hadoop.io.retry.RetryInvocationHandler.invoke(RetryInvocationHandler.java:359)
	at com.sun.proxy.$Proxy36.submitRequest(Unknown Source)
	at org.apache.hadoop.ozone.om.protocolPB.OzoneManagerProtocolClientSideTranslatorPB.submitRequest(OzoneManagerProtocolClientSideTranslatorPB.java:338)
	at org.apache.hadoop.ozone.om.protocolPB.OzoneManagerProtocolClientSideTranslatorPB.getServiceInfo(OzoneManagerProtocolClientSideTranslatorPB.java:1223)
	at sun.reflect.NativeMethodAccessorImpl.invoke0(Native Method)
	at sun.reflect.NativeMethodAccessorImpl.invoke(NativeMethodAccessorImpl.java:62)
	at sun.reflect.DelegatingMethodAccessorImpl.invoke(DelegatingMethodAccessorImpl.java:43)
	at java.lang.reflect.Method.invoke(Method.java:498)
	at org.apache.hadoop.hdds.tracing.TraceAllMethod.invoke(TraceAllMethod.java:66)
	at com.sun.proxy.$Proxy37.getServiceInfo(Unknown Source)
	at org.apache.hadoop.ozone.client.rpc.RpcClient.<init>(RpcClient.java:154)
	at org.apache.hadoop.ozone.client.OzoneClientFactory.getClientProtocol(OzoneClientFactory.java:256)
	at org.apache.hadoop.ozone.client.OzoneClientFactory.getClientProtocol(OzoneClientFactory.java:239)
	at org.apache.hadoop.ozone.client.OzoneClientFactory.getClient(OzoneClientFactory.java:75)
	at org.apache.hadoop.ozone.freon.RandomKeyGenerator.init(RandomKeyGenerator.java:242)
	at org.apache.hadoop.ozone.freon.RandomKeyGenerator.call(RandomKeyGenerator.java:262)
	at org.apache.hadoop.ozone.freon.TestDataValidate.standaloneTestLargeKey(TestDataValidate.java:87)
	at sun.reflect.NativeMethodAccessorImpl.invoke0(Native Method)
	at sun.reflect.NativeMethodAccessorImpl.invoke(NativeMethodAccessorImpl.java:62)
	at sun.reflect.DelegatingMethodAccessorImpl.invoke(DelegatingMethodAccessorImpl.java:43)
	at java.lang.reflect.Method.invoke(Method.java:498)
	at org.junit.runners.model.FrameworkMethod$1.runReflectiveCall(FrameworkMethod.java:47)
	at org.junit.internal.runners.model.ReflectiveCallable.run(ReflectiveCallable.java:12)
	at org.junit.runners.model.FrameworkMethod.invokeExplosively(FrameworkMethod.java:44)
	at org.junit.internal.runners.statements.InvokeMethod.evaluate(InvokeMethod.java:17)
	at org.junit.runners.ParentRunner.runLeaf(ParentRunner.java:271)
	at org.junit.runners.BlockJUnit4ClassRunner.runChild(BlockJUnit4ClassRunner.java:70)
	at org.junit.runners.BlockJUnit4ClassRunner.runChild(BlockJUnit4ClassRunner.java:50)
	at org.junit.runners.ParentRunner$3.run(ParentRunner.java:238)
	at org.junit.runners.ParentRunner$1.schedule(ParentRunner.java:63)
	at org.junit.runners.ParentRunner.runChildren(ParentRunner.java:236)
	at org.junit.runners.ParentRunner.access$000(ParentRunner.java:53)
	at org.junit.runners.ParentRunner$2.evaluate(ParentRunner.java:229)
	at org.junit.internal.runners.statements.RunBefores.evaluate(RunBefores.java:26)
	at org.junit.internal.runners.statements.RunAfters.evaluate(RunAfters.java:27)
	at org.junit.runners.ParentRunner.run(ParentRunner.java:309)
	at org.apache.maven.surefire.junit4.JUnit4Provider.execute(JUnit4Provider.java:365)
	at org.apache.maven.surefire.junit4.JUnit4Provider.executeWithRerun(JUnit4Provider.java:273)
	at org.apache.maven.surefire.junit4.JUnit4Provider.executeTestSet(JUnit4Provider.java:238)
	at org.apache.maven.surefire.junit4.JUnit4Provider.invoke(JUnit4Provider.java:159)
	at org.apache.maven.surefire.booter.ForkedBooter.invokeProviderInSameClassLoader(ForkedBooter.java:384)
	at org.apache.maven.surefire.booter.ForkedBooter.runSuitesInProcess(ForkedBooter.java:345)
	at org.apache.maven.surefire.booter.ForkedBooter.execute(ForkedBooter.java:126)
	at org.apache.maven.surefire.booter.ForkedBooter.main(ForkedBooter.java:418)
Caused by: java.net.ConnectException: Connection refused
	at sun.nio.ch.SocketChannelImpl.checkConnect(Native Method)
	at sun.nio.ch.SocketChannelImpl.finishConnect(SocketChannelImpl.java:717)
	at org.apache.hadoop.net.SocketIOWithTimeout.connect(SocketIOWithTimeout.java:206)
	at org.apache.hadoop.net.NetUtils.connect(NetUtils.java:531)
	at org.apache.hadoop.ipc.Client$Connection.setupConnection(Client.java:690)
	at org.apache.hadoop.ipc.Client$Connection.setupIOstreams(Client.java:794)
	at org.apache.hadoop.ipc.Client$Connection.access$3700(Client.java:411)
	at org.apache.hadoop.ipc.Client.getConnection(Client.java:1572)
	at org.apache.hadoop.ipc.Client.call(Client.java:1403)
	... 55 more
]]></system-out>
  </testcase>
</testsuite>