<?xml version="1.0" encoding="UTF-8"?>
<testsuite xmlns:xsi="http://www.w3.org/2001/XMLSchema-instance" xsi:noNamespaceSchemaLocation="https://maven.apache.org/surefire/maven-surefire-plugin/xsd/surefire-test-report.xsd" name="org.apache.hadoop.ozone.client.rpc.TestBlockOutputStreamWithFailures" time="731.404" tests="8" errors="0" skipped="0" failures="1">
  <properties>
    <property name="awt.toolkit" value="sun.awt.X11.XToolkit"/>
    <property name="file.encoding.pkg" value="sun.io"/>
    <property name="java.specification.version" value="1.8"/>
    <property name="sun.cpu.isalist" value=""/>
    <property name="sun.jnu.encoding" value="UTF-8"/>
    <property name="java.class.path" value="/workdir/hadoop-ozone/integration-test/target/test-classes:/workdir/hadoop-ozone/integration-test/target/classes:/home/user/.m2/repository/org/apache/hadoop/hadoop-ozone-common/0.5.0-SNAPSHOT/hadoop-ozone-common-0.5.0-SNAPSHOT.jar:/home/user/.m2/repository/org/apache/commons/commons-compress/1.4.1/commons-compress-1.4.1.jar:/home/user/.m2/repository/org/tukaani/xz/1.0/xz-1.0.jar:/home/user/.m2/repository/org/apache/hadoop/hadoop-common/3.2.0/hadoop-common-3.2.0.jar:/home/user/.m2/repository/org/apache/hadoop/hadoop-hdfs/3.2.0/hadoop-hdfs-3.2.0.jar:/home/user/.m2/repository/org/apache/hadoop/hadoop-hdfs-client/3.2.0/hadoop-hdfs-client-3.2.0.jar:/home/user/.m2/repository/com/fasterxml/jackson/core/jackson-annotations/2.9.9/jackson-annotations-2.9.9.jar:/home/user/.m2/repository/org/apache/hadoop/hadoop-hdds-common/0.5.0-SNAPSHOT/hadoop-hdds-common-0.5.0-SNAPSHOT.jar:/home/user/.m2/repository/javax/annotation/javax.annotation-api/1.2/javax.annotation-api-1.2.jar:/home/user/.m2/repository/org/apache/ratis/ratis-server/0.5.0-201fc85-SNAPSHOT/ratis-server-0.5.0-201fc85-SNAPSHOT.jar:/home/user/.m2/repository/org/apache/ratis/ratis-thirdparty-misc/0.2.0/ratis-thirdparty-misc-0.2.0.jar:/home/user/.m2/repository/org/apache/ratis/ratis-proto/0.5.0-201fc85-SNAPSHOT/ratis-proto-0.5.0-201fc85-SNAPSHOT.jar:/home/user/.m2/repository/org/apache/ratis/ratis-common/0.5.0-201fc85-SNAPSHOT/ratis-common-0.5.0-201fc85-SNAPSHOT.jar:/home/user/.m2/repository/org/apache/ratis/ratis-client/0.5.0-201fc85-SNAPSHOT/ratis-client-0.5.0-201fc85-SNAPSHOT.jar:/home/user/.m2/repository/org/apache/ratis/ratis-metrics/0.5.0-201fc85-SNAPSHOT/ratis-metrics-0.5.0-201fc85-SNAPSHOT.jar:/home/user/.m2/repository/com/github/joshelser/dropwizard-metrics-hadoop-metrics2-reporter/0.1.2/dropwizard-metrics-hadoop-metrics2-reporter-0.1.2.jar:/home/user/.m2/repository/io/dropwizard/metrics/metrics-jvm/3.2.5/metrics-jvm-3.2.5.jar:/home/user/.m2/repository/io/dropwizard/metrics/metrics-ganglia/3.2.5/metrics-ganglia-3.2.5.jar:/home/user/.m2/repository/info/ganglia/gmetric4j/gmetric4j/1.0.7/gmetric4j-1.0.7.jar:/home/user/.m2/repository/org/apache/ratis/ratis-netty/0.5.0-201fc85-SNAPSHOT/ratis-netty-0.5.0-201fc85-SNAPSHOT.jar:/home/user/.m2/repository/org/apache/ratis/ratis-grpc/0.5.0-201fc85-SNAPSHOT/ratis-grpc-0.5.0-201fc85-SNAPSHOT.jar:/home/user/.m2/repository/org/rocksdb/rocksdbjni/6.0.1/rocksdbjni-6.0.1.jar:/home/user/.m2/repository/org/apache/logging/log4j/log4j-api/2.11.0/log4j-api-2.11.0.jar:/home/user/.m2/repository/org/apache/logging/log4j/log4j-core/2.11.0/log4j-core-2.11.0.jar:/home/user/.m2/repository/com/lmax/disruptor/3.4.2/disruptor-3.4.2.jar:/home/user/.m2/repository/org/apache/commons/commons-pool2/2.6.0/commons-pool2-2.6.0.jar:/home/user/.m2/repository/org/bouncycastle/bcpkix-jdk15on/1.60/bcpkix-jdk15on-1.60.jar:/home/user/.m2/repository/commons-validator/commons-validator/1.6/commons-validator-1.6.jar:/home/user/.m2/repository/commons-digester/commons-digester/1.8.1/commons-digester-1.8.1.jar:/home/user/.m2/repository/io/jaegertracing/jaeger-client/0.34.0/jaeger-client-0.34.0.jar:/home/user/.m2/repository/io/jaegertracing/jaeger-thrift/0.34.0/jaeger-thrift-0.34.0.jar:/home/user/.m2/repository/org/apache/thrift/libthrift/0.12.0/libthrift-0.12.0.jar:/home/user/.m2/repository/com/squareup/okhttp3/okhttp/3.9.0/okhttp-3.9.0.jar:/home/user/.m2/repository/com/squareup/okio/okio/1.13.0/okio-1.13.0.jar:/home/user/.m2/repository/io/jaegertracing/jaeger-core/0.34.0/jaeger-core-0.34.0.jar:/home/user/.m2/repository/io/jaegertracing/jaeger-tracerresolver/0.34.0/jaeger-tracerresolver-0.34.0.jar:/home/user/.m2/repository/io/opentracing/contrib/opentracing-tracerresolver/0.1.5/opentracing-tracerresolver-0.1.5.jar:/home/user/.m2/repository/io/opentracing/opentracing-util/0.31.0/opentracing-util-0.31.0.jar:/home/user/.m2/repository/io/opentracing/opentracing-api/0.31.0/opentracing-api-0.31.0.jar:/home/user/.m2/repository/io/opentracing/opentracing-noop/0.31.0/opentracing-noop-0.31.0.jar:/home/user/.m2/repository/org/apache/hadoop/hadoop-hdds-server-framework/0.5.0-SNAPSHOT/hadoop-hdds-server-framework-0.5.0-SNAPSHOT.jar:/home/user/.m2/repository/org/apache/hadoop/hadoop-hdds-container-service/0.5.0-SNAPSHOT/hadoop-hdds-container-service-0.5.0-SNAPSHOT.jar:/home/user/.m2/repository/org/apache/hadoop/hadoop-hdds-client/0.5.0-SNAPSHOT/hadoop-hdds-client-0.5.0-SNAPSHOT.jar:/home/user/.m2/repository/org/apache/hadoop/hadoop-hdds-tools/0.5.0-SNAPSHOT/hadoop-hdds-tools-0.5.0-SNAPSHOT.jar:/home/user/.m2/repository/org/apache/hadoop/hadoop-hdds-server-scm/0.5.0-SNAPSHOT/hadoop-hdds-server-scm-0.5.0-SNAPSHOT.jar:/home/user/.m2/repository/org/apache/hadoop/hadoop-hdds-docs/0.5.0-SNAPSHOT/hadoop-hdds-docs-0.5.0-SNAPSHOT.jar:/home/user/.m2/repository/io/dropwizard/metrics/metrics-core/3.2.4/metrics-core-3.2.4.jar:/home/user/.m2/repository/org/hamcrest/hamcrest-all/1.3/hamcrest-all-1.3.jar:/home/user/.m2/repository/org/bouncycastle/bcprov-jdk15on/1.60/bcprov-jdk15on-1.60.jar:/home/user/.m2/repository/info/picocli/picocli/3.9.6/picocli-3.9.6.jar:/home/user/.m2/repository/com/google/protobuf/protobuf-java/2.5.0/protobuf-java-2.5.0.jar:/home/user/.m2/repository/com/google/guava/guava/11.0.2/guava-11.0.2.jar:/home/user/.m2/repository/org/apache/hadoop/hadoop-ozone-ozone-manager/0.5.0-SNAPSHOT/hadoop-ozone-ozone-manager-0.5.0-SNAPSHOT.jar:/home/user/.m2/repository/org/apache/hadoop/hadoop-minikdc/3.2.0/hadoop-minikdc-3.2.0.jar:/home/user/.m2/repository/commons-io/commons-io/2.5/commons-io-2.5.jar:/home/user/.m2/repository/org/apache/kerby/kerb-simplekdc/1.0.1/kerb-simplekdc-1.0.1.jar:/home/user/.m2/repository/org/apache/kerby/kerb-client/1.0.1/kerb-client-1.0.1.jar:/home/user/.m2/repository/org/apache/kerby/kerby-config/1.0.1/kerby-config-1.0.1.jar:/home/user/.m2/repository/org/apache/kerby/kerb-core/1.0.1/kerb-core-1.0.1.jar:/home/user/.m2/repository/org/apache/kerby/kerby-pkix/1.0.1/kerby-pkix-1.0.1.jar:/home/user/.m2/repository/org/apache/kerby/kerby-asn1/1.0.1/kerby-asn1-1.0.1.jar:/home/user/.m2/repository/org/apache/kerby/kerby-util/1.0.1/kerby-util-1.0.1.jar:/home/user/.m2/repository/org/apache/kerby/kerb-common/1.0.1/kerb-common-1.0.1.jar:/home/user/.m2/repository/org/apache/kerby/kerb-crypto/1.0.1/kerb-crypto-1.0.1.jar:/home/user/.m2/repository/org/apache/kerby/kerb-util/1.0.1/kerb-util-1.0.1.jar:/home/user/.m2/repository/org/apache/kerby/token-provider/1.0.1/token-provider-1.0.1.jar:/home/user/.m2/repository/org/apache/kerby/kerb-admin/1.0.1/kerb-admin-1.0.1.jar:/home/user/.m2/repository/org/apache/kerby/kerb-server/1.0.1/kerb-server-1.0.1.jar:/home/user/.m2/repository/org/apache/kerby/kerb-identity/1.0.1/kerb-identity-1.0.1.jar:/home/user/.m2/repository/org/apache/kerby/kerby-xdr/1.0.1/kerby-xdr-1.0.1.jar:/home/user/.m2/repository/org/slf4j/slf4j-log4j12/1.7.25/slf4j-log4j12-1.7.25.jar:/home/user/.m2/repository/org/apache/hadoop/hadoop-ozone-s3gateway/0.5.0-SNAPSHOT/hadoop-ozone-s3gateway-0.5.0-SNAPSHOT.jar:/home/user/.m2/repository/org/jboss/weld/servlet/weld-servlet/2.4.7.Final/weld-servlet-2.4.7.Final.jar:/home/user/.m2/repository/org/glassfish/jersey/containers/jersey-container-servlet-core/2.27/jersey-container-servlet-core-2.27.jar:/home/user/.m2/repository/org/glassfish/hk2/external/javax.inject/2.5.0-b42/javax.inject-2.5.0-b42.jar:/home/user/.m2/repository/org/glassfish/jersey/core/jersey-common/2.27/jersey-common-2.27.jar:/home/user/.m2/repository/org/glassfish/hk2/osgi-resource-locator/1.0.1/osgi-resource-locator-1.0.1.jar:/home/user/.m2/repository/javax/ws/rs/javax.ws.rs-api/2.1/javax.ws.rs-api-2.1.jar:/home/user/.m2/repository/org/glassfish/jersey/ext/cdi/jersey-cdi1x/2.27/jersey-cdi1x-2.27.jar:/home/user/.m2/repository/org/glassfish/jersey/inject/jersey-hk2/2.27/jersey-hk2-2.27.jar:/home/user/.m2/repository/org/glassfish/hk2/hk2-locator/2.5.0-b42/hk2-locator-2.5.0-b42.jar:/home/user/.m2/repository/org/javassist/javassist/3.22.0-CR2/javassist-3.22.0-CR2.jar:/home/user/.m2/repository/org/glassfish/hk2/hk2-api/2.5.0/hk2-api-2.5.0.jar:/home/user/.m2/repository/org/glassfish/hk2/external/jakarta.inject/2.5.0/jakarta.inject-2.5.0.jar:/home/user/.m2/repository/org/glassfish/hk2/hk2-utils/2.5.0/hk2-utils-2.5.0.jar:/home/user/.m2/repository/jakarta/annotation/jakarta.annotation-api/1.3.4/jakarta.annotation-api-1.3.4.jar:/home/user/.m2/repository/org/glassfish/hk2/external/aopalliance-repackaged/2.5.0/aopalliance-repackaged-2.5.0.jar:/home/user/.m2/repository/com/fasterxml/jackson/dataformat/jackson-dataformat-xml/2.9.0/jackson-dataformat-xml-2.9.0.jar:/home/user/.m2/repository/com/fasterxml/jackson/core/jackson-core/2.9.9/jackson-core-2.9.9.jar:/home/user/.m2/repository/com/fasterxml/jackson/module/jackson-module-jaxb-annotations/2.9.9/jackson-module-jaxb-annotations-2.9.9.jar:/home/user/.m2/repository/javax/enterprise/cdi-api/1.2/cdi-api-1.2.jar:/home/user/.m2/repository/javax/el/javax.el-api/3.0.0/javax.el-api-3.0.0.jar:/home/user/.m2/repository/javax/interceptor/javax.interceptor-api/1.2/javax.interceptor-api-1.2.jar:/home/user/.m2/repository/javax/inject/javax.inject/1/javax.inject-1.jar:/home/user/.m2/repository/com/sun/xml/bind/jaxb-impl/2.3.0.1/jaxb-impl-2.3.0.1.jar:/home/user/.m2/repository/com/sun/xml/bind/jaxb-core/2.3.0.1/jaxb-core-2.3.0.1.jar:/home/user/.m2/repository/javax/xml/bind/jaxb-api/2.3.0/jaxb-api-2.3.0.jar:/home/user/.m2/repository/javax/activation/activation/1.1.1/activation-1.1.1.jar:/home/user/.m2/repository/org/apache/hadoop/hadoop-ozone-csi/0.5.0-SNAPSHOT/hadoop-ozone-csi-0.5.0-SNAPSHOT.jar:/home/user/.m2/repository/com/google/protobuf/protobuf-java-util/3.5.1/protobuf-java-util-3.5.1.jar:/home/user/.m2/repository/org/apache/hadoop/hadoop-hdds-config/0.5.0-SNAPSHOT/hadoop-hdds-config-0.5.0-SNAPSHOT.jar:/home/user/.m2/repository/io/grpc/grpc-netty/1.17.1/grpc-netty-1.17.1.jar:/home/user/.m2/repository/io/grpc/grpc-core/1.17.1/grpc-core-1.17.1.jar:/home/user/.m2/repository/io/grpc/grpc-context/1.17.1/grpc-context-1.17.1.jar:/home/user/.m2/repository/com/google/errorprone/error_prone_annotations/2.2.0/error_prone_annotations-2.2.0.jar:/home/user/.m2/repository/org/codehaus/mojo/animal-sniffer-annotations/1.17/animal-sniffer-annotations-1.17.jar:/home/user/.m2/repository/io/opencensus/opencensus-api/0.17.0/opencensus-api-0.17.0.jar:/home/user/.m2/repository/io/opencensus/opencensus-contrib-grpc-metrics/0.17.0/opencensus-contrib-grpc-metrics-0.17.0.jar:/home/user/.m2/repository/io/netty/netty-codec-http2/4.1.30.Final/netty-codec-http2-4.1.30.Final.jar:/home/user/.m2/repository/io/netty/netty-codec-http/4.1.30.Final/netty-codec-http-4.1.30.Final.jar:/home/user/.m2/repository/io/netty/netty-codec/4.1.30.Final/netty-codec-4.1.30.Final.jar:/home/user/.m2/repository/io/netty/netty-handler/4.1.30.Final/netty-handler-4.1.30.Final.jar:/home/user/.m2/repository/io/netty/netty-handler-proxy/4.1.30.Final/netty-handler-proxy-4.1.30.Final.jar:/home/user/.m2/repository/io/netty/netty-codec-socks/4.1.30.Final/netty-codec-socks-4.1.30.Final.jar:/home/user/.m2/repository/io/netty/netty-transport-native-epoll/4.1.30.Final/netty-transport-native-epoll-4.1.30.Final.jar:/home/user/.m2/repository/io/netty/netty-common/4.1.30.Final/netty-common-4.1.30.Final.jar:/home/user/.m2/repository/io/netty/netty-buffer/4.1.30.Final/netty-buffer-4.1.30.Final.jar:/home/user/.m2/repository/io/netty/netty-transport/4.1.30.Final/netty-transport-4.1.30.Final.jar:/home/user/.m2/repository/io/netty/netty-resolver/4.1.30.Final/netty-resolver-4.1.30.Final.jar:/home/user/.m2/repository/io/netty/netty-transport-native-unix-common/4.1.30.Final/netty-transport-native-unix-common-4.1.30.Final.jar:/home/user/.m2/repository/io/grpc/grpc-protobuf/1.17.1/grpc-protobuf-1.17.1.jar:/home/user/.m2/repository/com/google/api/grpc/proto-google-common-protos/1.0.0/proto-google-common-protos-1.0.0.jar:/home/user/.m2/repository/io/grpc/grpc-protobuf-lite/1.17.1/grpc-protobuf-lite-1.17.1.jar:/home/user/.m2/repository/io/grpc/grpc-stub/1.17.1/grpc-stub-1.17.1.jar:/home/user/.m2/repository/org/apache/hadoop/hadoop-ozone-recon/0.5.0-SNAPSHOT/hadoop-ozone-recon-0.5.0-SNAPSHOT.jar:/home/user/.m2/repository/org/apache/hadoop/hadoop-ozone-reconcodegen/0.5.0-SNAPSHOT/hadoop-ozone-reconcodegen-0.5.0-SNAPSHOT.jar:/home/user/.m2/repository/com/google/inject/extensions/guice-multibindings/4.0/guice-multibindings-4.0.jar:/home/user/.m2/repository/com/google/inject/guice/4.0/guice-4.0.jar:/home/user/.m2/repository/aopalliance/aopalliance/1.0/aopalliance-1.0.jar:/home/user/.m2/repository/com/google/inject/extensions/guice-servlet/4.0/guice-servlet-4.0.jar:/home/user/.m2/repository/org/glassfish/jersey/containers/jersey-container-servlet/2.27/jersey-container-servlet-2.27.jar:/home/user/.m2/repository/org/glassfish/hk2/guice-bridge/2.5.0/guice-bridge-2.5.0.jar:/home/user/.m2/repository/org/glassfish/jersey/core/jersey-server/2.27/jersey-server-2.27.jar:/home/user/.m2/repository/org/glassfish/jersey/core/jersey-client/2.27/jersey-client-2.27.jar:/home/user/.m2/repository/org/glassfish/jersey/media/jersey-media-jaxb/2.27/jersey-media-jaxb-2.27.jar:/home/user/.m2/repository/javax/validation/validation-api/1.1.0.Final/validation-api-1.1.0.Final.jar:/home/user/.m2/repository/org/glassfish/jersey/media/jersey-media-json-jackson/2.27/jersey-media-json-jackson-2.27.jar:/home/user/.m2/repository/org/glassfish/jersey/ext/jersey-entity-filtering/2.27/jersey-entity-filtering-2.27.jar:/home/user/.m2/repository/com/google/inject/extensions/guice-assistedinject/4.0/guice-assistedinject-4.0.jar:/home/user/.m2/repository/org/jooq/jooq/3.11.10/jooq-3.11.10.jar:/home/user/.m2/repository/org/jooq/jooq-meta/3.11.10/jooq-meta-3.11.10.jar:/home/user/.m2/repository/org/jooq/jooq-codegen/3.11.10/jooq-codegen-3.11.10.jar:/home/user/.m2/repository/com/jolbox/bonecp/0.8.0.RELEASE/bonecp-0.8.0.RELEASE.jar:/home/user/.m2/repository/org/xerial/sqlite-jdbc/3.25.2/sqlite-jdbc-3.25.2.jar:/home/user/.m2/repository/org/springframework/spring-jdbc/5.1.3.RELEASE/spring-jdbc-5.1.3.RELEASE.jar:/home/user/.m2/repository/org/springframework/spring-beans/5.1.3.RELEASE/spring-beans-5.1.3.RELEASE.jar:/home/user/.m2/repository/org/springframework/spring-core/5.1.3.RELEASE/spring-core-5.1.3.RELEASE.jar:/home/user/.m2/repository/org/springframework/spring-jcl/5.1.3.RELEASE/spring-jcl-5.1.3.RELEASE.jar:/home/user/.m2/repository/org/springframework/spring-tx/5.1.3.RELEASE/spring-tx-5.1.3.RELEASE.jar:/home/user/.m2/repository/org/apache/hadoop/hadoop-ozone-client/0.5.0-SNAPSHOT/hadoop-ozone-client-0.5.0-SNAPSHOT.jar:/home/user/.m2/repository/commons-lang/commons-lang/2.6/commons-lang-2.6.jar:/home/user/.m2/repository/org/apache/hadoop/hadoop-ozone-ozone-manager/0.5.0-SNAPSHOT/hadoop-ozone-ozone-manager-0.5.0-SNAPSHOT-tests.jar:/home/user/.m2/repository/junit/junit/4.11/junit-4.11.jar:/home/user/.m2/repository/org/hamcrest/hamcrest-core/1.3/hamcrest-core-1.3.jar:/home/user/.m2/repository/org/openjdk/jmh/jmh-core/1.19/jmh-core-1.19.jar:/home/user/.m2/repository/net/sf/jopt-simple/jopt-simple/4.6/jopt-simple-4.6.jar:/home/user/.m2/repository/org/apache/commons/commons-math3/3.1.1/commons-math3-3.1.1.jar:/home/user/.m2/repository/org/openjdk/jmh/jmh-generator-annprocess/1.19/jmh-generator-annprocess-1.19.jar:/home/user/.m2/repository/org/mockito/mockito-all/1.8.5/mockito-all-1.8.5.jar:/home/user/.m2/repository/org/apache/hadoop/hadoop-kms/3.2.0/hadoop-kms-3.2.0.jar:/home/user/.m2/repository/org/apache/hadoop/hadoop-auth/3.2.0/hadoop-auth-3.2.0.jar:/home/user/.m2/repository/com/nimbusds/nimbus-jose-jwt/4.41.1/nimbus-jose-jwt-4.41.1.jar:/home/user/.m2/repository/com/github/stephenc/jcip/jcip-annotations/1.0-1/jcip-annotations-1.0-1.jar:/home/user/.m2/repository/net/minidev/json-smart/2.3/json-smart-2.3.jar:/home/user/.m2/repository/net/minidev/accessors-smart/1.2/accessors-smart-1.2.jar:/home/user/.m2/repository/org/ow2/asm/asm/5.0.4/asm-5.0.4.jar:/home/user/.m2/repository/org/apache/curator/curator-framework/2.12.0/curator-framework-2.12.0.jar:/home/user/.m2/repository/com/sun/jersey/jersey-core/1.19/jersey-core-1.19.jar:/home/user/.m2/repository/javax/ws/rs/jsr311-api/1.1.1/jsr311-api-1.1.1.jar:/home/user/.m2/repository/com/sun/jersey/jersey-server/1.19/jersey-server-1.19.jar:/home/user/.m2/repository/javax/servlet/javax.servlet-api/3.1.0/javax.servlet-api-3.1.0.jar:/home/user/.m2/repository/org/eclipse/jetty/jetty-server/9.3.25.v20180904/jetty-server-9.3.25.v20180904.jar:/home/user/.m2/repository/org/eclipse/jetty/jetty-http/9.3.25.v20180904/jetty-http-9.3.25.v20180904.jar:/home/user/.m2/repository/org/eclipse/jetty/jetty-io/9.3.25.v20180904/jetty-io-9.3.25.v20180904.jar:/home/user/.m2/repository/org/eclipse/jetty/jetty-webapp/9.3.25.v20180904/jetty-webapp-9.3.25.v20180904.jar:/home/user/.m2/repository/org/eclipse/jetty/jetty-xml/9.3.25.v20180904/jetty-xml-9.3.25.v20180904.jar:/home/user/.m2/repository/log4j/log4j/1.2.17/log4j-1.2.17.jar:/home/user/.m2/repository/org/slf4j/slf4j-api/1.7.25/slf4j-api-1.7.25.jar:/home/user/.m2/repository/org/slf4j/jul-to-slf4j/1.7.25/jul-to-slf4j-1.7.25.jar:/home/user/.m2/repository/org/eclipse/jetty/jetty-util/9.3.25.v20180904/jetty-util-9.3.25.v20180904.jar:/home/user/.m2/repository/com/fasterxml/jackson/core/jackson-databind/2.9.9/jackson-databind-2.9.9.jar:/home/user/.m2/repository/org/apache/hadoop/hadoop-kms/3.2.0/hadoop-kms-3.2.0-tests.jar:/home/user/.m2/repository/org/apache/hadoop/hadoop-hdds-server-scm/0.5.0-SNAPSHOT/hadoop-hdds-server-scm-0.5.0-SNAPSHOT-tests.jar:/home/user/.m2/repository/org/apache/hadoop/hadoop-hdds-container-service/0.5.0-SNAPSHOT/hadoop-hdds-container-service-0.5.0-SNAPSHOT-tests.jar:/home/user/.m2/repository/org/yaml/snakeyaml/1.16/snakeyaml-1.16.jar:/home/user/.m2/repository/org/apache/hadoop/hadoop-common/3.2.0/hadoop-common-3.2.0-tests.jar:/home/user/.m2/repository/org/apache/hadoop/hadoop-annotations/3.2.0/hadoop-annotations-3.2.0.jar:/usr/lib/jvm/java-1.8-openjdk/jre/../lib/tools.jar:/home/user/.m2/repository/commons-cli/commons-cli/1.2/commons-cli-1.2.jar:/home/user/.m2/repository/org/apache/httpcomponents/httpclient/4.5.2/httpclient-4.5.2.jar:/home/user/.m2/repository/org/apache/httpcomponents/httpcore/4.4.4/httpcore-4.4.4.jar:/home/user/.m2/repository/commons-codec/commons-codec/1.11/commons-codec-1.11.jar:/home/user/.m2/repository/commons-net/commons-net/3.6/commons-net-3.6.jar:/home/user/.m2/repository/commons-collections/commons-collections/3.2.2/commons-collections-3.2.2.jar:/home/user/.m2/repository/org/eclipse/jetty/jetty-servlet/9.3.25.v20180904/jetty-servlet-9.3.25.v20180904.jar:/home/user/.m2/repository/org/eclipse/jetty/jetty-security/9.3.25.v20180904/jetty-security-9.3.25.v20180904.jar:/home/user/.m2/repository/javax/servlet/jsp/jsp-api/2.1/jsp-api-2.1.jar:/home/user/.m2/repository/com/sun/jersey/jersey-servlet/1.19/jersey-servlet-1.19.jar:/home/user/.m2/repository/com/sun/jersey/jersey-json/1.19/jersey-json-1.19.jar:/home/user/.m2/repository/org/codehaus/jettison/jettison/1.1/jettison-1.1.jar:/home/user/.m2/repository/org/codehaus/jackson/jackson-core-asl/1.9.13/jackson-core-asl-1.9.13.jar:/home/user/.m2/repository/org/codehaus/jackson/jackson-mapper-asl/1.9.13/jackson-mapper-asl-1.9.13.jar:/home/user/.m2/repository/org/codehaus/jackson/jackson-jaxrs/1.9.13/jackson-jaxrs-1.9.13.jar:/home/user/.m2/repository/org/codehaus/jackson/jackson-xc/1.9.13/jackson-xc-1.9.13.jar:/home/user/.m2/repository/commons-logging/commons-logging/1.1.3/commons-logging-1.1.3.jar:/home/user/.m2/repository/commons-beanutils/commons-beanutils/1.9.4/commons-beanutils-1.9.4.jar:/home/user/.m2/repository/org/apache/commons/commons-configuration2/2.1.1/commons-configuration2-2.1.1.jar:/home/user/.m2/repository/org/apache/commons/commons-lang3/3.7/commons-lang3-3.7.jar:/home/user/.m2/repository/org/apache/commons/commons-text/1.4/commons-text-1.4.jar:/home/user/.m2/repository/org/apache/avro/avro/1.7.7/avro-1.7.7.jar:/home/user/.m2/repository/com/thoughtworks/paranamer/paranamer/2.3/paranamer-2.3.jar:/home/user/.m2/repository/org/xerial/snappy/snappy-java/1.0.5/snappy-java-1.0.5.jar:/home/user/.m2/repository/com/google/re2j/re2j/1.1/re2j-1.1.jar:/home/user/.m2/repository/com/google/code/gson/gson/2.2.4/gson-2.2.4.jar:/home/user/.m2/repository/com/jcraft/jsch/0.1.54/jsch-0.1.54.jar:/home/user/.m2/repository/org/apache/curator/curator-client/2.12.0/curator-client-2.12.0.jar:/home/user/.m2/repository/org/apache/curator/curator-recipes/2.12.0/curator-recipes-2.12.0.jar:/home/user/.m2/repository/com/google/code/findbugs/jsr305/3.0.0/jsr305-3.0.0.jar:/home/user/.m2/repository/org/apache/htrace/htrace-core4/4.1.0-incubating/htrace-core4-4.1.0-incubating.jar:/home/user/.m2/repository/org/apache/zookeeper/zookeeper/3.4.13/zookeeper-3.4.13.jar:/home/user/.m2/repository/jline/jline/0.9.94/jline-0.9.94.jar:/home/user/.m2/repository/org/apache/yetus/audience-annotations/0.5.0/audience-annotations-0.5.0.jar:/home/user/.m2/repository/org/codehaus/woodstox/stax2-api/3.1.4/stax2-api-3.1.4.jar:/home/user/.m2/repository/com/fasterxml/woodstox/woodstox-core/5.0.3/woodstox-core-5.0.3.jar:/home/user/.m2/repository/dnsjava/dnsjava/2.1.7/dnsjava-2.1.7.jar:/home/user/.m2/repository/org/apache/hadoop/hadoop-hdfs/3.2.0/hadoop-hdfs-3.2.0-tests.jar:/home/user/.m2/repository/org/eclipse/jetty/jetty-util-ajax/9.3.25.v20180904/jetty-util-ajax-9.3.25.v20180904.jar:/home/user/.m2/repository/commons-daemon/commons-daemon/1.0.13/commons-daemon-1.0.13.jar:/home/user/.m2/repository/io/netty/netty/3.10.5.Final/netty-3.10.5.Final.jar:/home/user/.m2/repository/io/netty/netty-all/4.0.52.Final/netty-all-4.0.52.Final.jar:/home/user/.m2/repository/org/fusesource/leveldbjni/leveldbjni-all/1.8/leveldbjni-all-1.8.jar:"/>
    <property name="java.vm.vendor" value="IcedTea"/>
    <property name="sun.arch.data.model" value="64"/>
    <property name="test.build.dir" value="/workdir/hadoop-ozone/integration-test/target/test-dir"/>
    <property name="test.cache.data" value=""/>
    <property name="java.vendor.url" value="https://icedtea.classpath.org"/>
    <property name="user.timezone" value=""/>
    <property name="java.vm.specification.version" value="1.8"/>
    <property name="os.name" value="Linux"/>
    <property name="test.build.data" value="/workdir/hadoop-ozone/integration-test/target/test-dir"/>
    <property name="user.country" value="US"/>
    <property name="sun.java.launcher" value="SUN_STANDARD"/>
    <property name="sun.boot.library.path" value="/usr/lib/jvm/java-1.8-openjdk/jre/lib/amd64"/>
    <property name="sun.java.command" value="/workdir/hadoop-ozone/integration-test/target/surefire/surefirebooter9120408082511392069.jar /workdir/hadoop-ozone/integration-test/target/surefire 2019-10-01T20-51-34_002-jvmRun1 surefire2669442550641101343tmp surefire_651662489618837768551tmp"/>
    <property name="test" value="!TestMiniChaosOzoneCluster"/>
    <property name="surefire.test.class.path" value="/workdir/hadoop-ozone/integration-test/target/test-classes:/workdir/hadoop-ozone/integration-test/target/classes:/home/user/.m2/repository/org/apache/hadoop/hadoop-ozone-common/0.5.0-SNAPSHOT/hadoop-ozone-common-0.5.0-SNAPSHOT.jar:/home/user/.m2/repository/org/apache/commons/commons-compress/1.4.1/commons-compress-1.4.1.jar:/home/user/.m2/repository/org/tukaani/xz/1.0/xz-1.0.jar:/home/user/.m2/repository/org/apache/hadoop/hadoop-common/3.2.0/hadoop-common-3.2.0.jar:/home/user/.m2/repository/org/apache/hadoop/hadoop-hdfs/3.2.0/hadoop-hdfs-3.2.0.jar:/home/user/.m2/repository/org/apache/hadoop/hadoop-hdfs-client/3.2.0/hadoop-hdfs-client-3.2.0.jar:/home/user/.m2/repository/com/fasterxml/jackson/core/jackson-annotations/2.9.9/jackson-annotations-2.9.9.jar:/home/user/.m2/repository/org/apache/hadoop/hadoop-hdds-common/0.5.0-SNAPSHOT/hadoop-hdds-common-0.5.0-SNAPSHOT.jar:/home/user/.m2/repository/javax/annotation/javax.annotation-api/1.2/javax.annotation-api-1.2.jar:/home/user/.m2/repository/org/apache/ratis/ratis-server/0.5.0-201fc85-SNAPSHOT/ratis-server-0.5.0-201fc85-SNAPSHOT.jar:/home/user/.m2/repository/org/apache/ratis/ratis-thirdparty-misc/0.2.0/ratis-thirdparty-misc-0.2.0.jar:/home/user/.m2/repository/org/apache/ratis/ratis-proto/0.5.0-201fc85-SNAPSHOT/ratis-proto-0.5.0-201fc85-SNAPSHOT.jar:/home/user/.m2/repository/org/apache/ratis/ratis-common/0.5.0-201fc85-SNAPSHOT/ratis-common-0.5.0-201fc85-SNAPSHOT.jar:/home/user/.m2/repository/org/apache/ratis/ratis-client/0.5.0-201fc85-SNAPSHOT/ratis-client-0.5.0-201fc85-SNAPSHOT.jar:/home/user/.m2/repository/org/apache/ratis/ratis-metrics/0.5.0-201fc85-SNAPSHOT/ratis-metrics-0.5.0-201fc85-SNAPSHOT.jar:/home/user/.m2/repository/com/github/joshelser/dropwizard-metrics-hadoop-metrics2-reporter/0.1.2/dropwizard-metrics-hadoop-metrics2-reporter-0.1.2.jar:/home/user/.m2/repository/io/dropwizard/metrics/metrics-jvm/3.2.5/metrics-jvm-3.2.5.jar:/home/user/.m2/repository/io/dropwizard/metrics/metrics-ganglia/3.2.5/metrics-ganglia-3.2.5.jar:/home/user/.m2/repository/info/ganglia/gmetric4j/gmetric4j/1.0.7/gmetric4j-1.0.7.jar:/home/user/.m2/repository/org/apache/ratis/ratis-netty/0.5.0-201fc85-SNAPSHOT/ratis-netty-0.5.0-201fc85-SNAPSHOT.jar:/home/user/.m2/repository/org/apache/ratis/ratis-grpc/0.5.0-201fc85-SNAPSHOT/ratis-grpc-0.5.0-201fc85-SNAPSHOT.jar:/home/user/.m2/repository/org/rocksdb/rocksdbjni/6.0.1/rocksdbjni-6.0.1.jar:/home/user/.m2/repository/org/apache/logging/log4j/log4j-api/2.11.0/log4j-api-2.11.0.jar:/home/user/.m2/repository/org/apache/logging/log4j/log4j-core/2.11.0/log4j-core-2.11.0.jar:/home/user/.m2/repository/com/lmax/disruptor/3.4.2/disruptor-3.4.2.jar:/home/user/.m2/repository/org/apache/commons/commons-pool2/2.6.0/commons-pool2-2.6.0.jar:/home/user/.m2/repository/org/bouncycastle/bcpkix-jdk15on/1.60/bcpkix-jdk15on-1.60.jar:/home/user/.m2/repository/commons-validator/commons-validator/1.6/commons-validator-1.6.jar:/home/user/.m2/repository/commons-digester/commons-digester/1.8.1/commons-digester-1.8.1.jar:/home/user/.m2/repository/io/jaegertracing/jaeger-client/0.34.0/jaeger-client-0.34.0.jar:/home/user/.m2/repository/io/jaegertracing/jaeger-thrift/0.34.0/jaeger-thrift-0.34.0.jar:/home/user/.m2/repository/org/apache/thrift/libthrift/0.12.0/libthrift-0.12.0.jar:/home/user/.m2/repository/com/squareup/okhttp3/okhttp/3.9.0/okhttp-3.9.0.jar:/home/user/.m2/repository/com/squareup/okio/okio/1.13.0/okio-1.13.0.jar:/home/user/.m2/repository/io/jaegertracing/jaeger-core/0.34.0/jaeger-core-0.34.0.jar:/home/user/.m2/repository/io/jaegertracing/jaeger-tracerresolver/0.34.0/jaeger-tracerresolver-0.34.0.jar:/home/user/.m2/repository/io/opentracing/contrib/opentracing-tracerresolver/0.1.5/opentracing-tracerresolver-0.1.5.jar:/home/user/.m2/repository/io/opentracing/opentracing-util/0.31.0/opentracing-util-0.31.0.jar:/home/user/.m2/repository/io/opentracing/opentracing-api/0.31.0/opentracing-api-0.31.0.jar:/home/user/.m2/repository/io/opentracing/opentracing-noop/0.31.0/opentracing-noop-0.31.0.jar:/home/user/.m2/repository/org/apache/hadoop/hadoop-hdds-server-framework/0.5.0-SNAPSHOT/hadoop-hdds-server-framework-0.5.0-SNAPSHOT.jar:/home/user/.m2/repository/org/apache/hadoop/hadoop-hdds-container-service/0.5.0-SNAPSHOT/hadoop-hdds-container-service-0.5.0-SNAPSHOT.jar:/home/user/.m2/repository/org/apache/hadoop/hadoop-hdds-client/0.5.0-SNAPSHOT/hadoop-hdds-client-0.5.0-SNAPSHOT.jar:/home/user/.m2/repository/org/apache/hadoop/hadoop-hdds-tools/0.5.0-SNAPSHOT/hadoop-hdds-tools-0.5.0-SNAPSHOT.jar:/home/user/.m2/repository/org/apache/hadoop/hadoop-hdds-server-scm/0.5.0-SNAPSHOT/hadoop-hdds-server-scm-0.5.0-SNAPSHOT.jar:/home/user/.m2/repository/org/apache/hadoop/hadoop-hdds-docs/0.5.0-SNAPSHOT/hadoop-hdds-docs-0.5.0-SNAPSHOT.jar:/home/user/.m2/repository/io/dropwizard/metrics/metrics-core/3.2.4/metrics-core-3.2.4.jar:/home/user/.m2/repository/org/hamcrest/hamcrest-all/1.3/hamcrest-all-1.3.jar:/home/user/.m2/repository/org/bouncycastle/bcprov-jdk15on/1.60/bcprov-jdk15on-1.60.jar:/home/user/.m2/repository/info/picocli/picocli/3.9.6/picocli-3.9.6.jar:/home/user/.m2/repository/com/google/protobuf/protobuf-java/2.5.0/protobuf-java-2.5.0.jar:/home/user/.m2/repository/com/google/guava/guava/11.0.2/guava-11.0.2.jar:/home/user/.m2/repository/org/apache/hadoop/hadoop-ozone-ozone-manager/0.5.0-SNAPSHOT/hadoop-ozone-ozone-manager-0.5.0-SNAPSHOT.jar:/home/user/.m2/repository/org/apache/hadoop/hadoop-minikdc/3.2.0/hadoop-minikdc-3.2.0.jar:/home/user/.m2/repository/commons-io/commons-io/2.5/commons-io-2.5.jar:/home/user/.m2/repository/org/apache/kerby/kerb-simplekdc/1.0.1/kerb-simplekdc-1.0.1.jar:/home/user/.m2/repository/org/apache/kerby/kerb-client/1.0.1/kerb-client-1.0.1.jar:/home/user/.m2/repository/org/apache/kerby/kerby-config/1.0.1/kerby-config-1.0.1.jar:/home/user/.m2/repository/org/apache/kerby/kerb-core/1.0.1/kerb-core-1.0.1.jar:/home/user/.m2/repository/org/apache/kerby/kerby-pkix/1.0.1/kerby-pkix-1.0.1.jar:/home/user/.m2/repository/org/apache/kerby/kerby-asn1/1.0.1/kerby-asn1-1.0.1.jar:/home/user/.m2/repository/org/apache/kerby/kerby-util/1.0.1/kerby-util-1.0.1.jar:/home/user/.m2/repository/org/apache/kerby/kerb-common/1.0.1/kerb-common-1.0.1.jar:/home/user/.m2/repository/org/apache/kerby/kerb-crypto/1.0.1/kerb-crypto-1.0.1.jar:/home/user/.m2/repository/org/apache/kerby/kerb-util/1.0.1/kerb-util-1.0.1.jar:/home/user/.m2/repository/org/apache/kerby/token-provider/1.0.1/token-provider-1.0.1.jar:/home/user/.m2/repository/org/apache/kerby/kerb-admin/1.0.1/kerb-admin-1.0.1.jar:/home/user/.m2/repository/org/apache/kerby/kerb-server/1.0.1/kerb-server-1.0.1.jar:/home/user/.m2/repository/org/apache/kerby/kerb-identity/1.0.1/kerb-identity-1.0.1.jar:/home/user/.m2/repository/org/apache/kerby/kerby-xdr/1.0.1/kerby-xdr-1.0.1.jar:/home/user/.m2/repository/org/slf4j/slf4j-log4j12/1.7.25/slf4j-log4j12-1.7.25.jar:/home/user/.m2/repository/org/apache/hadoop/hadoop-ozone-s3gateway/0.5.0-SNAPSHOT/hadoop-ozone-s3gateway-0.5.0-SNAPSHOT.jar:/home/user/.m2/repository/org/jboss/weld/servlet/weld-servlet/2.4.7.Final/weld-servlet-2.4.7.Final.jar:/home/user/.m2/repository/org/glassfish/jersey/containers/jersey-container-servlet-core/2.27/jersey-container-servlet-core-2.27.jar:/home/user/.m2/repository/org/glassfish/hk2/external/javax.inject/2.5.0-b42/javax.inject-2.5.0-b42.jar:/home/user/.m2/repository/org/glassfish/jersey/core/jersey-common/2.27/jersey-common-2.27.jar:/home/user/.m2/repository/org/glassfish/hk2/osgi-resource-locator/1.0.1/osgi-resource-locator-1.0.1.jar:/home/user/.m2/repository/javax/ws/rs/javax.ws.rs-api/2.1/javax.ws.rs-api-2.1.jar:/home/user/.m2/repository/org/glassfish/jersey/ext/cdi/jersey-cdi1x/2.27/jersey-cdi1x-2.27.jar:/home/user/.m2/repository/org/glassfish/jersey/inject/jersey-hk2/2.27/jersey-hk2-2.27.jar:/home/user/.m2/repository/org/glassfish/hk2/hk2-locator/2.5.0-b42/hk2-locator-2.5.0-b42.jar:/home/user/.m2/repository/org/javassist/javassist/3.22.0-CR2/javassist-3.22.0-CR2.jar:/home/user/.m2/repository/org/glassfish/hk2/hk2-api/2.5.0/hk2-api-2.5.0.jar:/home/user/.m2/repository/org/glassfish/hk2/external/jakarta.inject/2.5.0/jakarta.inject-2.5.0.jar:/home/user/.m2/repository/org/glassfish/hk2/hk2-utils/2.5.0/hk2-utils-2.5.0.jar:/home/user/.m2/repository/jakarta/annotation/jakarta.annotation-api/1.3.4/jakarta.annotation-api-1.3.4.jar:/home/user/.m2/repository/org/glassfish/hk2/external/aopalliance-repackaged/2.5.0/aopalliance-repackaged-2.5.0.jar:/home/user/.m2/repository/com/fasterxml/jackson/dataformat/jackson-dataformat-xml/2.9.0/jackson-dataformat-xml-2.9.0.jar:/home/user/.m2/repository/com/fasterxml/jackson/core/jackson-core/2.9.9/jackson-core-2.9.9.jar:/home/user/.m2/repository/com/fasterxml/jackson/module/jackson-module-jaxb-annotations/2.9.9/jackson-module-jaxb-annotations-2.9.9.jar:/home/user/.m2/repository/javax/enterprise/cdi-api/1.2/cdi-api-1.2.jar:/home/user/.m2/repository/javax/el/javax.el-api/3.0.0/javax.el-api-3.0.0.jar:/home/user/.m2/repository/javax/interceptor/javax.interceptor-api/1.2/javax.interceptor-api-1.2.jar:/home/user/.m2/repository/javax/inject/javax.inject/1/javax.inject-1.jar:/home/user/.m2/repository/com/sun/xml/bind/jaxb-impl/2.3.0.1/jaxb-impl-2.3.0.1.jar:/home/user/.m2/repository/com/sun/xml/bind/jaxb-core/2.3.0.1/jaxb-core-2.3.0.1.jar:/home/user/.m2/repository/javax/xml/bind/jaxb-api/2.3.0/jaxb-api-2.3.0.jar:/home/user/.m2/repository/javax/activation/activation/1.1.1/activation-1.1.1.jar:/home/user/.m2/repository/org/apache/hadoop/hadoop-ozone-csi/0.5.0-SNAPSHOT/hadoop-ozone-csi-0.5.0-SNAPSHOT.jar:/home/user/.m2/repository/com/google/protobuf/protobuf-java-util/3.5.1/protobuf-java-util-3.5.1.jar:/home/user/.m2/repository/org/apache/hadoop/hadoop-hdds-config/0.5.0-SNAPSHOT/hadoop-hdds-config-0.5.0-SNAPSHOT.jar:/home/user/.m2/repository/io/grpc/grpc-netty/1.17.1/grpc-netty-1.17.1.jar:/home/user/.m2/repository/io/grpc/grpc-core/1.17.1/grpc-core-1.17.1.jar:/home/user/.m2/repository/io/grpc/grpc-context/1.17.1/grpc-context-1.17.1.jar:/home/user/.m2/repository/com/google/errorprone/error_prone_annotations/2.2.0/error_prone_annotations-2.2.0.jar:/home/user/.m2/repository/org/codehaus/mojo/animal-sniffer-annotations/1.17/animal-sniffer-annotations-1.17.jar:/home/user/.m2/repository/io/opencensus/opencensus-api/0.17.0/opencensus-api-0.17.0.jar:/home/user/.m2/repository/io/opencensus/opencensus-contrib-grpc-metrics/0.17.0/opencensus-contrib-grpc-metrics-0.17.0.jar:/home/user/.m2/repository/io/netty/netty-codec-http2/4.1.30.Final/netty-codec-http2-4.1.30.Final.jar:/home/user/.m2/repository/io/netty/netty-codec-http/4.1.30.Final/netty-codec-http-4.1.30.Final.jar:/home/user/.m2/repository/io/netty/netty-codec/4.1.30.Final/netty-codec-4.1.30.Final.jar:/home/user/.m2/repository/io/netty/netty-handler/4.1.30.Final/netty-handler-4.1.30.Final.jar:/home/user/.m2/repository/io/netty/netty-handler-proxy/4.1.30.Final/netty-handler-proxy-4.1.30.Final.jar:/home/user/.m2/repository/io/netty/netty-codec-socks/4.1.30.Final/netty-codec-socks-4.1.30.Final.jar:/home/user/.m2/repository/io/netty/netty-transport-native-epoll/4.1.30.Final/netty-transport-native-epoll-4.1.30.Final.jar:/home/user/.m2/repository/io/netty/netty-common/4.1.30.Final/netty-common-4.1.30.Final.jar:/home/user/.m2/repository/io/netty/netty-buffer/4.1.30.Final/netty-buffer-4.1.30.Final.jar:/home/user/.m2/repository/io/netty/netty-transport/4.1.30.Final/netty-transport-4.1.30.Final.jar:/home/user/.m2/repository/io/netty/netty-resolver/4.1.30.Final/netty-resolver-4.1.30.Final.jar:/home/user/.m2/repository/io/netty/netty-transport-native-unix-common/4.1.30.Final/netty-transport-native-unix-common-4.1.30.Final.jar:/home/user/.m2/repository/io/grpc/grpc-protobuf/1.17.1/grpc-protobuf-1.17.1.jar:/home/user/.m2/repository/com/google/api/grpc/proto-google-common-protos/1.0.0/proto-google-common-protos-1.0.0.jar:/home/user/.m2/repository/io/grpc/grpc-protobuf-lite/1.17.1/grpc-protobuf-lite-1.17.1.jar:/home/user/.m2/repository/io/grpc/grpc-stub/1.17.1/grpc-stub-1.17.1.jar:/home/user/.m2/repository/org/apache/hadoop/hadoop-ozone-recon/0.5.0-SNAPSHOT/hadoop-ozone-recon-0.5.0-SNAPSHOT.jar:/home/user/.m2/repository/org/apache/hadoop/hadoop-ozone-reconcodegen/0.5.0-SNAPSHOT/hadoop-ozone-reconcodegen-0.5.0-SNAPSHOT.jar:/home/user/.m2/repository/com/google/inject/extensions/guice-multibindings/4.0/guice-multibindings-4.0.jar:/home/user/.m2/repository/com/google/inject/guice/4.0/guice-4.0.jar:/home/user/.m2/repository/aopalliance/aopalliance/1.0/aopalliance-1.0.jar:/home/user/.m2/repository/com/google/inject/extensions/guice-servlet/4.0/guice-servlet-4.0.jar:/home/user/.m2/repository/org/glassfish/jersey/containers/jersey-container-servlet/2.27/jersey-container-servlet-2.27.jar:/home/user/.m2/repository/org/glassfish/hk2/guice-bridge/2.5.0/guice-bridge-2.5.0.jar:/home/user/.m2/repository/org/glassfish/jersey/core/jersey-server/2.27/jersey-server-2.27.jar:/home/user/.m2/repository/org/glassfish/jersey/core/jersey-client/2.27/jersey-client-2.27.jar:/home/user/.m2/repository/org/glassfish/jersey/media/jersey-media-jaxb/2.27/jersey-media-jaxb-2.27.jar:/home/user/.m2/repository/javax/validation/validation-api/1.1.0.Final/validation-api-1.1.0.Final.jar:/home/user/.m2/repository/org/glassfish/jersey/media/jersey-media-json-jackson/2.27/jersey-media-json-jackson-2.27.jar:/home/user/.m2/repository/org/glassfish/jersey/ext/jersey-entity-filtering/2.27/jersey-entity-filtering-2.27.jar:/home/user/.m2/repository/com/google/inject/extensions/guice-assistedinject/4.0/guice-assistedinject-4.0.jar:/home/user/.m2/repository/org/jooq/jooq/3.11.10/jooq-3.11.10.jar:/home/user/.m2/repository/org/jooq/jooq-meta/3.11.10/jooq-meta-3.11.10.jar:/home/user/.m2/repository/org/jooq/jooq-codegen/3.11.10/jooq-codegen-3.11.10.jar:/home/user/.m2/repository/com/jolbox/bonecp/0.8.0.RELEASE/bonecp-0.8.0.RELEASE.jar:/home/user/.m2/repository/org/xerial/sqlite-jdbc/3.25.2/sqlite-jdbc-3.25.2.jar:/home/user/.m2/repository/org/springframework/spring-jdbc/5.1.3.RELEASE/spring-jdbc-5.1.3.RELEASE.jar:/home/user/.m2/repository/org/springframework/spring-beans/5.1.3.RELEASE/spring-beans-5.1.3.RELEASE.jar:/home/user/.m2/repository/org/springframework/spring-core/5.1.3.RELEASE/spring-core-5.1.3.RELEASE.jar:/home/user/.m2/repository/org/springframework/spring-jcl/5.1.3.RELEASE/spring-jcl-5.1.3.RELEASE.jar:/home/user/.m2/repository/org/springframework/spring-tx/5.1.3.RELEASE/spring-tx-5.1.3.RELEASE.jar:/home/user/.m2/repository/org/apache/hadoop/hadoop-ozone-client/0.5.0-SNAPSHOT/hadoop-ozone-client-0.5.0-SNAPSHOT.jar:/home/user/.m2/repository/commons-lang/commons-lang/2.6/commons-lang-2.6.jar:/home/user/.m2/repository/org/apache/hadoop/hadoop-ozone-ozone-manager/0.5.0-SNAPSHOT/hadoop-ozone-ozone-manager-0.5.0-SNAPSHOT-tests.jar:/home/user/.m2/repository/junit/junit/4.11/junit-4.11.jar:/home/user/.m2/repository/org/hamcrest/hamcrest-core/1.3/hamcrest-core-1.3.jar:/home/user/.m2/repository/org/openjdk/jmh/jmh-core/1.19/jmh-core-1.19.jar:/home/user/.m2/repository/net/sf/jopt-simple/jopt-simple/4.6/jopt-simple-4.6.jar:/home/user/.m2/repository/org/apache/commons/commons-math3/3.1.1/commons-math3-3.1.1.jar:/home/user/.m2/repository/org/openjdk/jmh/jmh-generator-annprocess/1.19/jmh-generator-annprocess-1.19.jar:/home/user/.m2/repository/org/mockito/mockito-all/1.8.5/mockito-all-1.8.5.jar:/home/user/.m2/repository/org/apache/hadoop/hadoop-kms/3.2.0/hadoop-kms-3.2.0.jar:/home/user/.m2/repository/org/apache/hadoop/hadoop-auth/3.2.0/hadoop-auth-3.2.0.jar:/home/user/.m2/repository/com/nimbusds/nimbus-jose-jwt/4.41.1/nimbus-jose-jwt-4.41.1.jar:/home/user/.m2/repository/com/github/stephenc/jcip/jcip-annotations/1.0-1/jcip-annotations-1.0-1.jar:/home/user/.m2/repository/net/minidev/json-smart/2.3/json-smart-2.3.jar:/home/user/.m2/repository/net/minidev/accessors-smart/1.2/accessors-smart-1.2.jar:/home/user/.m2/repository/org/ow2/asm/asm/5.0.4/asm-5.0.4.jar:/home/user/.m2/repository/org/apache/curator/curator-framework/2.12.0/curator-framework-2.12.0.jar:/home/user/.m2/repository/com/sun/jersey/jersey-core/1.19/jersey-core-1.19.jar:/home/user/.m2/repository/javax/ws/rs/jsr311-api/1.1.1/jsr311-api-1.1.1.jar:/home/user/.m2/repository/com/sun/jersey/jersey-server/1.19/jersey-server-1.19.jar:/home/user/.m2/repository/javax/servlet/javax.servlet-api/3.1.0/javax.servlet-api-3.1.0.jar:/home/user/.m2/repository/org/eclipse/jetty/jetty-server/9.3.25.v20180904/jetty-server-9.3.25.v20180904.jar:/home/user/.m2/repository/org/eclipse/jetty/jetty-http/9.3.25.v20180904/jetty-http-9.3.25.v20180904.jar:/home/user/.m2/repository/org/eclipse/jetty/jetty-io/9.3.25.v20180904/jetty-io-9.3.25.v20180904.jar:/home/user/.m2/repository/org/eclipse/jetty/jetty-webapp/9.3.25.v20180904/jetty-webapp-9.3.25.v20180904.jar:/home/user/.m2/repository/org/eclipse/jetty/jetty-xml/9.3.25.v20180904/jetty-xml-9.3.25.v20180904.jar:/home/user/.m2/repository/log4j/log4j/1.2.17/log4j-1.2.17.jar:/home/user/.m2/repository/org/slf4j/slf4j-api/1.7.25/slf4j-api-1.7.25.jar:/home/user/.m2/repository/org/slf4j/jul-to-slf4j/1.7.25/jul-to-slf4j-1.7.25.jar:/home/user/.m2/repository/org/eclipse/jetty/jetty-util/9.3.25.v20180904/jetty-util-9.3.25.v20180904.jar:/home/user/.m2/repository/com/fasterxml/jackson/core/jackson-databind/2.9.9/jackson-databind-2.9.9.jar:/home/user/.m2/repository/org/apache/hadoop/hadoop-kms/3.2.0/hadoop-kms-3.2.0-tests.jar:/home/user/.m2/repository/org/apache/hadoop/hadoop-hdds-server-scm/0.5.0-SNAPSHOT/hadoop-hdds-server-scm-0.5.0-SNAPSHOT-tests.jar:/home/user/.m2/repository/org/apache/hadoop/hadoop-hdds-container-service/0.5.0-SNAPSHOT/hadoop-hdds-container-service-0.5.0-SNAPSHOT-tests.jar:/home/user/.m2/repository/org/yaml/snakeyaml/1.16/snakeyaml-1.16.jar:/home/user/.m2/repository/org/apache/hadoop/hadoop-common/3.2.0/hadoop-common-3.2.0-tests.jar:/home/user/.m2/repository/org/apache/hadoop/hadoop-annotations/3.2.0/hadoop-annotations-3.2.0.jar:/usr/lib/jvm/java-1.8-openjdk/jre/../lib/tools.jar:/home/user/.m2/repository/commons-cli/commons-cli/1.2/commons-cli-1.2.jar:/home/user/.m2/repository/org/apache/httpcomponents/httpclient/4.5.2/httpclient-4.5.2.jar:/home/user/.m2/repository/org/apache/httpcomponents/httpcore/4.4.4/httpcore-4.4.4.jar:/home/user/.m2/repository/commons-codec/commons-codec/1.11/commons-codec-1.11.jar:/home/user/.m2/repository/commons-net/commons-net/3.6/commons-net-3.6.jar:/home/user/.m2/repository/commons-collections/commons-collections/3.2.2/commons-collections-3.2.2.jar:/home/user/.m2/repository/org/eclipse/jetty/jetty-servlet/9.3.25.v20180904/jetty-servlet-9.3.25.v20180904.jar:/home/user/.m2/repository/org/eclipse/jetty/jetty-security/9.3.25.v20180904/jetty-security-9.3.25.v20180904.jar:/home/user/.m2/repository/javax/servlet/jsp/jsp-api/2.1/jsp-api-2.1.jar:/home/user/.m2/repository/com/sun/jersey/jersey-servlet/1.19/jersey-servlet-1.19.jar:/home/user/.m2/repository/com/sun/jersey/jersey-json/1.19/jersey-json-1.19.jar:/home/user/.m2/repository/org/codehaus/jettison/jettison/1.1/jettison-1.1.jar:/home/user/.m2/repository/org/codehaus/jackson/jackson-core-asl/1.9.13/jackson-core-asl-1.9.13.jar:/home/user/.m2/repository/org/codehaus/jackson/jackson-mapper-asl/1.9.13/jackson-mapper-asl-1.9.13.jar:/home/user/.m2/repository/org/codehaus/jackson/jackson-jaxrs/1.9.13/jackson-jaxrs-1.9.13.jar:/home/user/.m2/repository/org/codehaus/jackson/jackson-xc/1.9.13/jackson-xc-1.9.13.jar:/home/user/.m2/repository/commons-logging/commons-logging/1.1.3/commons-logging-1.1.3.jar:/home/user/.m2/repository/commons-beanutils/commons-beanutils/1.9.4/commons-beanutils-1.9.4.jar:/home/user/.m2/repository/org/apache/commons/commons-configuration2/2.1.1/commons-configuration2-2.1.1.jar:/home/user/.m2/repository/org/apache/commons/commons-lang3/3.7/commons-lang3-3.7.jar:/home/user/.m2/repository/org/apache/commons/commons-text/1.4/commons-text-1.4.jar:/home/user/.m2/repository/org/apache/avro/avro/1.7.7/avro-1.7.7.jar:/home/user/.m2/repository/com/thoughtworks/paranamer/paranamer/2.3/paranamer-2.3.jar:/home/user/.m2/repository/org/xerial/snappy/snappy-java/1.0.5/snappy-java-1.0.5.jar:/home/user/.m2/repository/com/google/re2j/re2j/1.1/re2j-1.1.jar:/home/user/.m2/repository/com/google/code/gson/gson/2.2.4/gson-2.2.4.jar:/home/user/.m2/repository/com/jcraft/jsch/0.1.54/jsch-0.1.54.jar:/home/user/.m2/repository/org/apache/curator/curator-client/2.12.0/curator-client-2.12.0.jar:/home/user/.m2/repository/org/apache/curator/curator-recipes/2.12.0/curator-recipes-2.12.0.jar:/home/user/.m2/repository/com/google/code/findbugs/jsr305/3.0.0/jsr305-3.0.0.jar:/home/user/.m2/repository/org/apache/htrace/htrace-core4/4.1.0-incubating/htrace-core4-4.1.0-incubating.jar:/home/user/.m2/repository/org/apache/zookeeper/zookeeper/3.4.13/zookeeper-3.4.13.jar:/home/user/.m2/repository/jline/jline/0.9.94/jline-0.9.94.jar:/home/user/.m2/repository/org/apache/yetus/audience-annotations/0.5.0/audience-annotations-0.5.0.jar:/home/user/.m2/repository/org/codehaus/woodstox/stax2-api/3.1.4/stax2-api-3.1.4.jar:/home/user/.m2/repository/com/fasterxml/woodstox/woodstox-core/5.0.3/woodstox-core-5.0.3.jar:/home/user/.m2/repository/dnsjava/dnsjava/2.1.7/dnsjava-2.1.7.jar:/home/user/.m2/repository/org/apache/hadoop/hadoop-hdfs/3.2.0/hadoop-hdfs-3.2.0-tests.jar:/home/user/.m2/repository/org/eclipse/jetty/jetty-util-ajax/9.3.25.v20180904/jetty-util-ajax-9.3.25.v20180904.jar:/home/user/.m2/repository/commons-daemon/commons-daemon/1.0.13/commons-daemon-1.0.13.jar:/home/user/.m2/repository/io/netty/netty/3.10.5.Final/netty-3.10.5.Final.jar:/home/user/.m2/repository/io/netty/netty-all/4.0.52.Final/netty-all-4.0.52.Final.jar:/home/user/.m2/repository/org/fusesource/leveldbjni/leveldbjni-all/1.8/leveldbjni-all-1.8.jar:"/>
    <property name="sun.cpu.endian" value="little"/>
    <property name="user.home" value="/home/user"/>
    <property name="user.language" value="en"/>
    <property name="java.specification.vendor" value="Oracle Corporation"/>
    <property name="java.home" value="/usr/lib/jvm/java-1.8-openjdk/jre"/>
    <property name="java.security.krb5.conf" value="/workdir/hadoop-ozone/integration-test/target/test-classes/krb5.conf"/>
    <property name="basedir" value="/workdir/hadoop-ozone/integration-test"/>
    <property name="file.separator" value="/"/>
    <property name="line.separator" value="&#10;"/>
    <property name="java.vm.specification.vendor" value="Oracle Corporation"/>
    <property name="java.specification.name" value="Java Platform API Specification"/>
    <property name="java.awt.graphicsenv" value="sun.awt.X11GraphicsEnvironment"/>
    <property name="surefire.real.class.path" value="/workdir/hadoop-ozone/integration-test/target/surefire/surefirebooter9120408082511392069.jar"/>
    <property name="hadoop.log.dir" value="/workdir/hadoop-ozone/integration-test/target/log"/>
    <property name="sun.boot.class.path" value="/usr/lib/jvm/java-1.8-openjdk/jre/lib/resources.jar:/usr/lib/jvm/java-1.8-openjdk/jre/lib/rt.jar:/usr/lib/jvm/java-1.8-openjdk/jre/lib/sunrsasign.jar:/usr/lib/jvm/java-1.8-openjdk/jre/lib/jsse.jar:/usr/lib/jvm/java-1.8-openjdk/jre/lib/jce.jar:/usr/lib/jvm/java-1.8-openjdk/jre/lib/charsets.jar:/usr/lib/jvm/java-1.8-openjdk/jre/lib/jfr.jar:/usr/lib/jvm/java-1.8-openjdk/jre/classes"/>
    <property name="sun.management.compiler" value="HotSpot 64-Bit Tiered Compilers"/>
    <property name="java.runtime.version" value="1.8.0_212-b04"/>
    <property name="java.net.preferIPv4Stack" value="true"/>
    <property name="user.name" value="jenkins1000"/>
    <property name="path.separator" value=":"/>
    <property name="java.security.egd" value="file:///dev/urandom"/>
    <property name="os.version" value="3.10.0-957.12.2.el7.x86_64"/>
    <property name="java.endorsed.dirs" value="/usr/lib/jvm/java-1.8-openjdk/jre/lib/endorsed"/>
    <property name="java.runtime.name" value="OpenJDK Runtime Environment"/>
    <property name="file.encoding" value="UTF-8"/>
    <property name="java.vm.name" value="OpenJDK 64-Bit Server VM"/>
    <property name="test.build.webapps" value=""/>
    <property name="localRepository" value="/home/user/.m2/repository"/>
    <property name="java.vendor.url.bug" value="https://icedtea.classpath.org/bugzilla"/>
    <property name="java.io.tmpdir" value="/tmp"/>
    <property name="require.test.libhadoop" value=""/>
    <property name="java.version" value="1.8.0_212"/>
    <property name="user.dir" value="/workdir/hadoop-ozone/integration-test"/>
    <property name="os.arch" value="amd64"/>
    <property name="java.vm.specification.name" value="Java Virtual Machine Specification"/>
    <property name="test.build.classes" value="/workdir/hadoop-ozone/integration-test/target/test-classes"/>
    <property name="java.awt.printerjob" value="sun.print.PSPrinterJob"/>
    <property name="sun.os.patch.level" value="unknown"/>
    <property name="hadoop.tmp.dir" value="/workdir/hadoop-ozone/integration-test/target/tmp"/>
    <property name="java.library.path" value="/usr/lib/jvm/java-1.8-openjdk/jre/lib/amd64/server:/usr/lib/jvm/java-1.8-openjdk/jre/lib/amd64:/usr/lib/jvm/java-1.8-openjdk/jre/../lib/amd64:/workdir/hadoop-ozone/integration-test/target/native/target/usr/local/lib:/workdir/hadoop-ozone/integration-test/../../hadoop-common-project/hadoop-common/target/native/target/usr/local/lib:/usr/java/packages/lib/amd64:/usr/lib64:/lib64:/lib:/usr/lib"/>
    <property name="java.vm.info" value="mixed mode"/>
    <property name="java.vendor" value="IcedTea"/>
    <property name="java.vm.version" value="25.212-b04"/>
    <property name="java.ext.dirs" value="/usr/lib/jvm/java-1.8-openjdk/jre/lib/ext:/usr/java/packages/lib/ext"/>
    <property name="sun.io.unicode.encoding" value="UnicodeLittle"/>
    <property name="java.class.version" value="52.0"/>
  </properties>
  <testcase name="test2DatanodesFailure" classname="org.apache.hadoop.ozone.client.rpc.TestBlockOutputStreamWithFailures" time="105.184"/>
  <testcase name="testDatanodeFailureWithPreAllocation" classname="org.apache.hadoop.ozone.client.rpc.TestBlockOutputStreamWithFailures" time="223.97"/>
  <testcase name="testDatanodeFailureWithSingleNodeRatis" classname="org.apache.hadoop.ozone.client.rpc.TestBlockOutputStreamWithFailures" time="223.179"/>
  <testcase name="testWatchForCommitWithSingleNodeRatis" classname="org.apache.hadoop.ozone.client.rpc.TestBlockOutputStreamWithFailures" time="33.4"/>
  <testcase name="testWatchForCommitDatanodeFailure" classname="org.apache.hadoop.ozone.client.rpc.TestBlockOutputStreamWithFailures" time="42.253">
    <failure message="expected:&lt;2&gt; but was:&lt;3&gt;" type="java.lang.AssertionError"><![CDATA[java.lang.AssertionError: expected:<2> but was:<3>
	at org.junit.Assert.fail(Assert.java:88)
	at org.junit.Assert.failNotEquals(Assert.java:743)
	at org.junit.Assert.assertEquals(Assert.java:118)
	at org.junit.Assert.assertEquals(Assert.java:555)
	at org.junit.Assert.assertEquals(Assert.java:542)
	at org.apache.hadoop.ozone.client.rpc.TestBlockOutputStreamWithFailures.testWatchForCommitDatanodeFailure(TestBlockOutputStreamWithFailures.java:366)
	at sun.reflect.NativeMethodAccessorImpl.invoke0(Native Method)
	at sun.reflect.NativeMethodAccessorImpl.invoke(NativeMethodAccessorImpl.java:62)
	at sun.reflect.DelegatingMethodAccessorImpl.invoke(DelegatingMethodAccessorImpl.java:43)
	at java.lang.reflect.Method.invoke(Method.java:498)
	at org.junit.runners.model.FrameworkMethod$1.runReflectiveCall(FrameworkMethod.java:47)
	at org.junit.internal.runners.model.ReflectiveCallable.run(ReflectiveCallable.java:12)
	at org.junit.runners.model.FrameworkMethod.invokeExplosively(FrameworkMethod.java:44)
	at org.junit.internal.runners.statements.InvokeMethod.evaluate(InvokeMethod.java:17)
	at org.junit.internal.runners.statements.RunBefores.evaluate(RunBefores.java:26)
	at org.junit.internal.runners.statements.RunAfters.evaluate(RunAfters.java:27)
	at org.junit.runners.ParentRunner.runLeaf(ParentRunner.java:271)
	at org.junit.runners.BlockJUnit4ClassRunner.runChild(BlockJUnit4ClassRunner.java:70)
	at org.junit.runners.BlockJUnit4ClassRunner.runChild(BlockJUnit4ClassRunner.java:50)
	at org.junit.runners.ParentRunner$3.run(ParentRunner.java:238)
	at org.junit.runners.ParentRunner$1.schedule(ParentRunner.java:63)
	at org.junit.runners.ParentRunner.runChildren(ParentRunner.java:236)
	at org.junit.runners.ParentRunner.access$000(ParentRunner.java:53)
	at org.junit.runners.ParentRunner$2.evaluate(ParentRunner.java:229)
	at org.junit.runners.ParentRunner.run(ParentRunner.java:309)
	at org.apache.maven.surefire.junit4.JUnit4Provider.execute(JUnit4Provider.java:365)
	at org.apache.maven.surefire.junit4.JUnit4Provider.executeWithRerun(JUnit4Provider.java:273)
	at org.apache.maven.surefire.junit4.JUnit4Provider.executeTestSet(JUnit4Provider.java:238)
	at org.apache.maven.surefire.junit4.JUnit4Provider.invoke(JUnit4Provider.java:159)
	at org.apache.maven.surefire.booter.ForkedBooter.invokeProviderInSameClassLoader(ForkedBooter.java:384)
	at org.apache.maven.surefire.booter.ForkedBooter.runSuitesInProcess(ForkedBooter.java:345)
	at org.apache.maven.surefire.booter.ForkedBooter.execute(ForkedBooter.java:126)
	at org.apache.maven.surefire.booter.ForkedBooter.main(ForkedBooter.java:418)
]]></failure>
    <system-out><![CDATA[2019-10-01 22:05:24,459 [main] WARN  server.ServerUtils (ServerUtils.java:getScmDbDir(145)) - ozone.scm.db.dirs is not configured. We recommend adding this setting. Falling back to ozone.metadata.dirs instead.
2019-10-01 22:05:24,473 [main] WARN  server.ServerUtils (ServerUtils.java:getScmDbDir(145)) - ozone.scm.db.dirs is not configured. We recommend adding this setting. Falling back to ozone.metadata.dirs instead.
2019-10-01 22:05:24,473 [main] WARN  server.ServerUtils (ServerUtils.java:getScmDbDir(145)) - ozone.scm.db.dirs is not configured. We recommend adding this setting. Falling back to ozone.metadata.dirs instead.
2019-10-01 22:05:24,474 [main] INFO  db.DBStoreBuilder (DBStoreBuilder.java:addTable(110)) - using custom profile for table: deletedBlocks
2019-10-01 22:05:24,474 [main] INFO  db.DBStoreBuilder (DBStoreBuilder.java:processTables(161)) - Using default column profile:DBProfile.DISK for Table:deletedBlocks
2019-10-01 22:05:24,474 [main] INFO  db.DBStoreBuilder (DBStoreBuilder.java:addTable(110)) - using custom profile for table: validCerts
2019-10-01 22:05:24,474 [main] INFO  db.DBStoreBuilder (DBStoreBuilder.java:processTables(161)) - Using default column profile:DBProfile.DISK for Table:validCerts
2019-10-01 22:05:24,475 [main] INFO  db.DBStoreBuilder (DBStoreBuilder.java:addTable(110)) - using custom profile for table: revokedCerts
2019-10-01 22:05:24,475 [main] INFO  db.DBStoreBuilder (DBStoreBuilder.java:processTables(161)) - Using default column profile:DBProfile.DISK for Table:revokedCerts
2019-10-01 22:05:24,475 [main] INFO  db.DBStoreBuilder (DBStoreBuilder.java:addTable(110)) - using custom profile for table: default
2019-10-01 22:05:24,475 [main] INFO  db.DBStoreBuilder (DBStoreBuilder.java:processTables(167)) - Using default column profile:DBProfile.DISK for Table:default
2019-10-01 22:05:24,475 [main] INFO  db.DBStoreBuilder (DBStoreBuilder.java:getDbProfile(198)) - Using default options. DBProfile.DISK
2019-10-01 22:05:24,627 [main] INFO  net.NodeSchemaLoader (NodeSchemaLoader.java:loadSchemaFromFile(125)) - Loading file from sun.misc.CompoundEnumeration@538a2f0e
2019-10-01 22:05:24,627 [main] INFO  net.NodeSchemaLoader (NodeSchemaLoader.java:loadSchema(171)) - Loading network topology layer schema file
2019-10-01 22:05:24,631 [main] INFO  node.SCMNodeManager (SCMNodeManager.java:<init>(114)) - Entering startup safe mode.
2019-10-01 22:05:24,632 [main] INFO  algorithms.ContainerPlacementPolicyFactory (ContainerPlacementPolicyFactory.java:getPolicy(57)) - Create container placement policy of type org.apache.hadoop.hdds.scm.container.placement.algorithms.SCMContainerPlacementRandom
2019-10-01 22:05:24,632 [main] WARN  server.ServerUtils (ServerUtils.java:getScmDbDir(145)) - ozone.scm.db.dirs is not configured. We recommend adding this setting. Falling back to ozone.metadata.dirs instead.
2019-10-01 22:05:24,652 [main] INFO  pipeline.SCMPipelineManager (SCMPipelineManager.java:initializePipelineState(132)) - No pipeline exists in current db
2019-10-01 22:05:24,652 [main] WARN  server.ServerUtils (ServerUtils.java:getScmDbDir(145)) - ozone.scm.db.dirs is not configured. We recommend adding this setting. Falling back to ozone.metadata.dirs instead.
2019-10-01 22:05:24,673 [main] WARN  events.EventQueue (EventQueue.java:fireEvent(183)) - No event handler registered for event TypedEvent{payloadType=SafeModeStatus, name='SafeModeStatus'}
2019-10-01 22:05:24,674 [main] INFO  ipc.CallQueueManager (CallQueueManager.java:<init>(84)) - Using callQueue: class java.util.concurrent.LinkedBlockingQueue, queueCapacity: 2000, scheduler: class org.apache.hadoop.ipc.DefaultRpcScheduler, ipcBackoff: false.
2019-10-01 22:05:24,675 [Socket Reader #1 for port 36034] INFO  ipc.Server (Server.java:run(1074)) - Starting Socket Reader #1 for port 36034
2019-10-01 22:05:24,677 [main] INFO  ipc.CallQueueManager (CallQueueManager.java:<init>(84)) - Using callQueue: class java.util.concurrent.LinkedBlockingQueue, queueCapacity: 2000, scheduler: class org.apache.hadoop.ipc.DefaultRpcScheduler, ipcBackoff: false.
2019-10-01 22:05:24,678 [Socket Reader #1 for port 41637] INFO  ipc.Server (Server.java:run(1074)) - Starting Socket Reader #1 for port 41637
2019-10-01 22:05:24,679 [main] INFO  ipc.CallQueueManager (CallQueueManager.java:<init>(84)) - Using callQueue: class java.util.concurrent.LinkedBlockingQueue, queueCapacity: 2000, scheduler: class org.apache.hadoop.ipc.DefaultRpcScheduler, ipcBackoff: false.
2019-10-01 22:05:24,679 [Socket Reader #1 for port 40996] INFO  ipc.Server (Server.java:run(1074)) - Starting Socket Reader #1 for port 40996
2019-10-01 22:05:24,682 [main] INFO  hdfs.DFSUtil (DFSUtil.java:httpServerTemplateForNNAndJN(1641)) - Starting Web-server for scm at: http://0.0.0.0:0
2019-10-01 22:05:24,683 [main] INFO  server.AuthenticationFilter (AuthenticationFilter.java:constructSecretProvider(240)) - Unable to initialize FileSignerSecretProvider, falling back to use random secrets.
2019-10-01 22:05:24,684 [main] WARN  http.HttpRequestLog (HttpRequestLog.java:getRequestLog(97)) - Jetty request log can only be enabled using Log4j
2019-10-01 22:05:24,685 [main] INFO  http.HttpServer2 (HttpServer2.java:addGlobalFilter(975)) - Added global filter 'safety' (class=org.apache.hadoop.http.HttpServer2$QuotingInputFilter)
2019-10-01 22:05:24,686 [main] INFO  http.HttpServer2 (HttpServer2.java:addFilter(948)) - Added filter static_user_filter (class=org.apache.hadoop.http.lib.StaticUserWebFilter$StaticUserFilter) to context scm
2019-10-01 22:05:24,686 [main] INFO  http.HttpServer2 (HttpServer2.java:addFilter(958)) - Added filter static_user_filter (class=org.apache.hadoop.http.lib.StaticUserWebFilter$StaticUserFilter) to context static
2019-10-01 22:05:24,686 [main] INFO  http.HttpServer2 (HttpServer2.java:addFilter(958)) - Added filter static_user_filter (class=org.apache.hadoop.http.lib.StaticUserWebFilter$StaticUserFilter) to context logs
2019-10-01 22:05:24,687 [main] INFO  server.StorageContainerManager (StorageContainerManager.java:start(770)) - StorageContainerLocationProtocol RPC server is listening at /0.0.0.0:40996
2019-10-01 22:05:24,689 [main] WARN  impl.MetricsConfig (MetricsConfig.java:loadFirst(134)) - Cannot locate configuration: tried hadoop-metrics2-storagecontainermanager.properties,hadoop-metrics2.properties
2019-10-01 22:05:24,690 [main] INFO  impl.MetricsSystemImpl (MetricsSystemImpl.java:startTimer(374)) - Scheduled Metric snapshot period at 10 second(s).
2019-10-01 22:05:24,690 [main] INFO  impl.MetricsSystemImpl (MetricsSystemImpl.java:start(191)) - StorageContainerManager metrics system started
2019-10-01 22:05:24,748 [main] WARN  impl.MetricsSystemImpl (MetricsSystemImpl.java:register(276)) - Sink prometheus already exists!
2019-10-01 22:05:24,809 [main] INFO  server.SCMClientProtocolServer (SCMClientProtocolServer.java:start(150)) - RPC server for Client  is listening at /0.0.0.0:40996
2019-10-01 22:05:24,810 [IPC Server Responder] INFO  ipc.Server (Server.java:run(1314)) - IPC Server Responder: starting
2019-10-01 22:05:24,810 [IPC Server listener on 40996] INFO  ipc.Server (Server.java:run(1153)) - IPC Server listener on 40996: starting
2019-10-01 22:05:24,814 [main] INFO  server.StorageContainerManager (StorageContainerManager.java:start(780)) - ScmBlockLocationProtocol RPC server is listening at /0.0.0.0:41637
2019-10-01 22:05:24,815 [main] INFO  server.SCMBlockProtocolServer (SCMBlockProtocolServer.java:start(146)) - RPC server for Block Protocol is listening at /0.0.0.0:41637
2019-10-01 22:05:24,815 [IPC Server Responder] INFO  ipc.Server (Server.java:run(1314)) - IPC Server Responder: starting
2019-10-01 22:05:24,815 [IPC Server listener on 41637] INFO  ipc.Server (Server.java:run(1153)) - IPC Server listener on 41637: starting
2019-10-01 22:05:24,820 [main] INFO  server.StorageContainerManager (StorageContainerManager.java:start(784)) - ScmDatanodeProtocl RPC server is listening at /0.0.0.0:36034
2019-10-01 22:05:24,820 [main] INFO  server.SCMDatanodeProtocolServer (SCMDatanodeProtocolServer.java:start(191)) - RPC server for DataNodes is listening at /0.0.0.0:36034
2019-10-01 22:05:24,821 [IPC Server Responder] INFO  ipc.Server (Server.java:run(1314)) - IPC Server Responder: starting
2019-10-01 22:05:24,821 [IPC Server listener on 36034] INFO  ipc.Server (Server.java:run(1153)) - IPC Server listener on 36034: starting
2019-10-01 22:05:24,826 [main] INFO  http.HttpServer2 (HttpServer2.java:bindListener(1191)) - Jetty bound to port 34709
2019-10-01 22:05:24,826 [main] INFO  server.Server (Server.java:doStart(351)) - jetty-9.3.25.v20180904, build timestamp: 2018-09-04T21:11:46Z, git hash: 3ce520221d0240229c862b122d2b06c12a625732
2019-10-01 22:05:24,827 [main] INFO  handler.ContextHandler (ContextHandler.java:doStart(781)) - Started o.e.j.s.ServletContextHandler@41aebbb4{/logs,file:///workdir/hadoop-ozone/integration-test/target/log,AVAILABLE}
2019-10-01 22:05:24,828 [main] INFO  handler.ContextHandler (ContextHandler.java:doStart(781)) - Started o.e.j.s.ServletContextHandler@5a592c70{/static,file:///workdir/hadoop-ozone/integration-test/target/test-classes/webapps/static,AVAILABLE}
2019-10-01 22:05:24,831 [main] INFO  handler.ContextHandler (ContextHandler.java:doStart(781)) - Started o.e.j.w.WebAppContext@6f50d55c{/,file:///workdir/hadoop-ozone/integration-test/target/test-classes/webapps/scm/,AVAILABLE}{/scm}
2019-10-01 22:05:24,831 [main] INFO  server.AbstractConnector (AbstractConnector.java:doStart(278)) - Started ServerConnector@19b5214b{HTTP/1.1,[http/1.1]}{0.0.0.0:34709}
2019-10-01 22:05:24,833 [main] INFO  server.Server (Server.java:doStart(419)) - Started @586665ms
2019-10-01 22:05:24,833 [main] WARN  impl.MetricsSystemImpl (MetricsSystemImpl.java:register(276)) - Sink prometheus already exists!
2019-10-01 22:05:24,835 [main] INFO  server.BaseHttpServer (BaseHttpServer.java:updateConnectorAddress(215)) - HTTP server of SCM is listening at http://0.0.0.0:34709
2019-10-01 22:05:24,837 [main] WARN  server.ServerUtils (ServerUtils.java:getDBPath(222)) - ozone.om.db.dirs is not configured. We recommend adding this setting. Falling back to ozone.metadata.dirs instead.
2019-10-01 22:05:24,837 [org.apache.hadoop.util.JvmPauseMonitor$Monitor@4aaecabd] INFO  util.JvmPauseMonitor (JvmPauseMonitor.java:run(188)) - Starting JVM pause monitor
2019-10-01 22:05:24,851 [main] WARN  server.ServerUtils (ServerUtils.java:getDBPath(222)) - ozone.om.db.dirs is not configured. We recommend adding this setting. Falling back to ozone.metadata.dirs instead.
2019-10-01 22:05:24,851 [main] WARN  server.ServerUtils (ServerUtils.java:getDBPath(222)) - ozone.om.db.dirs is not configured. We recommend adding this setting. Falling back to ozone.metadata.dirs instead.
2019-10-01 22:05:24,851 [main] INFO  om.OzoneManager (OzoneManager.java:setOMNodeDetails(652)) - OM Service ID is not set. Setting it to the default ID: omServiceIdDefault
2019-10-01 22:05:24,852 [main] INFO  om.OzoneManager (OzoneManager.java:setOMNodeDetails(658)) - OM Node ID is not set. Setting it to the OmStorage's OmID: 7f95490d-4c89-43a4-9149-914febd7b5c2
2019-10-01 22:05:24,852 [main] INFO  om.OzoneManager (OzoneManager.java:loadOMHAConfigs(609)) - Found matching OM address with OMServiceId: null, OMNodeId: null, RPC Address: localhost:0 and Ratis port: 9872
2019-10-01 22:05:24,861 [main] WARN  server.ServerUtils (ServerUtils.java:getDBPath(222)) - ozone.om.db.dirs is not configured. We recommend adding this setting. Falling back to ozone.metadata.dirs instead.
2019-10-01 22:05:24,861 [main] INFO  db.DBStoreBuilder (DBStoreBuilder.java:addTable(110)) - using custom profile for table: userTable
2019-10-01 22:05:24,861 [main] INFO  db.DBStoreBuilder (DBStoreBuilder.java:processTables(161)) - Using default column profile:DBProfile.DISK for Table:userTable
2019-10-01 22:05:24,862 [main] INFO  db.DBStoreBuilder (DBStoreBuilder.java:addTable(110)) - using custom profile for table: volumeTable
2019-10-01 22:05:24,862 [main] INFO  db.DBStoreBuilder (DBStoreBuilder.java:processTables(161)) - Using default column profile:DBProfile.DISK for Table:volumeTable
2019-10-01 22:05:24,862 [main] INFO  db.DBStoreBuilder (DBStoreBuilder.java:addTable(110)) - using custom profile for table: bucketTable
2019-10-01 22:05:24,862 [main] INFO  db.DBStoreBuilder (DBStoreBuilder.java:processTables(161)) - Using default column profile:DBProfile.DISK for Table:bucketTable
2019-10-01 22:05:24,863 [main] INFO  db.DBStoreBuilder (DBStoreBuilder.java:addTable(110)) - using custom profile for table: keyTable
2019-10-01 22:05:24,863 [main] INFO  db.DBStoreBuilder (DBStoreBuilder.java:processTables(161)) - Using default column profile:DBProfile.DISK for Table:keyTable
2019-10-01 22:05:24,863 [main] INFO  db.DBStoreBuilder (DBStoreBuilder.java:addTable(110)) - using custom profile for table: deletedTable
2019-10-01 22:05:24,863 [main] INFO  db.DBStoreBuilder (DBStoreBuilder.java:processTables(161)) - Using default column profile:DBProfile.DISK for Table:deletedTable
2019-10-01 22:05:24,864 [main] INFO  db.DBStoreBuilder (DBStoreBuilder.java:addTable(110)) - using custom profile for table: openKeyTable
2019-10-01 22:05:24,864 [main] INFO  db.DBStoreBuilder (DBStoreBuilder.java:processTables(161)) - Using default column profile:DBProfile.DISK for Table:openKeyTable
2019-10-01 22:05:24,864 [main] INFO  db.DBStoreBuilder (DBStoreBuilder.java:addTable(110)) - using custom profile for table: s3Table
2019-10-01 22:05:24,864 [main] INFO  db.DBStoreBuilder (DBStoreBuilder.java:processTables(161)) - Using default column profile:DBProfile.DISK for Table:s3Table
2019-10-01 22:05:24,865 [main] INFO  db.DBStoreBuilder (DBStoreBuilder.java:addTable(110)) - using custom profile for table: multipartInfoTable
2019-10-01 22:05:24,865 [main] INFO  db.DBStoreBuilder (DBStoreBuilder.java:processTables(161)) - Using default column profile:DBProfile.DISK for Table:multipartInfoTable
2019-10-01 22:05:24,865 [main] INFO  db.DBStoreBuilder (DBStoreBuilder.java:addTable(110)) - using custom profile for table: dTokenTable
2019-10-01 22:05:24,865 [main] INFO  db.DBStoreBuilder (DBStoreBuilder.java:processTables(161)) - Using default column profile:DBProfile.DISK for Table:dTokenTable
2019-10-01 22:05:24,866 [main] INFO  db.DBStoreBuilder (DBStoreBuilder.java:addTable(110)) - using custom profile for table: s3SecretTable
2019-10-01 22:05:24,866 [main] INFO  db.DBStoreBuilder (DBStoreBuilder.java:processTables(161)) - Using default column profile:DBProfile.DISK for Table:s3SecretTable
2019-10-01 22:05:24,866 [main] INFO  db.DBStoreBuilder (DBStoreBuilder.java:addTable(110)) - using custom profile for table: prefixTable
2019-10-01 22:05:24,866 [main] INFO  db.DBStoreBuilder (DBStoreBuilder.java:processTables(161)) - Using default column profile:DBProfile.DISK for Table:prefixTable
2019-10-01 22:05:24,867 [main] INFO  db.DBStoreBuilder (DBStoreBuilder.java:addTable(110)) - using custom profile for table: default
2019-10-01 22:05:24,867 [main] INFO  db.DBStoreBuilder (DBStoreBuilder.java:processTables(167)) - Using default column profile:DBProfile.DISK for Table:default
2019-10-01 22:05:24,867 [main] INFO  db.DBStoreBuilder (DBStoreBuilder.java:getDbProfile(198)) - Using default options. DBProfile.DISK
2019-10-01 22:05:25,479 [main] INFO  ipc.CallQueueManager (CallQueueManager.java:<init>(84)) - Using callQueue: class java.util.concurrent.LinkedBlockingQueue, queueCapacity: 2000, scheduler: class org.apache.hadoop.ipc.DefaultRpcScheduler, ipcBackoff: false.
2019-10-01 22:05:25,480 [Socket Reader #1 for port 34573] INFO  ipc.Server (Server.java:run(1074)) - Starting Socket Reader #1 for port 34573
2019-10-01 22:05:25,496 [main] INFO  om.OzoneManager (OzoneManager.java:start(1243)) - OzoneManager RPC server is listening at localhost/127.0.0.1:34573
2019-10-01 22:05:25,497 [main] INFO  impl.MetricsSystemImpl (MetricsSystemImpl.java:init(158)) - OzoneManager metrics system started (again)
2019-10-01 22:05:25,497 [IPC Server Responder] INFO  ipc.Server (Server.java:run(1314)) - IPC Server Responder: starting
2019-10-01 22:05:25,498 [IPC Server listener on 34573] INFO  ipc.Server (Server.java:run(1153)) - IPC Server listener on 34573: starting
2019-10-01 22:05:25,504 [main] INFO  hdfs.DFSUtil (DFSUtil.java:httpServerTemplateForNNAndJN(1641)) - Starting Web-server for ozoneManager at: http://0.0.0.0:0
2019-10-01 22:05:25,506 [main] INFO  server.AuthenticationFilter (AuthenticationFilter.java:constructSecretProvider(240)) - Unable to initialize FileSignerSecretProvider, falling back to use random secrets.
2019-10-01 22:05:25,506 [main] WARN  http.HttpRequestLog (HttpRequestLog.java:getRequestLog(97)) - Jetty request log can only be enabled using Log4j
2019-10-01 22:05:25,508 [main] INFO  http.HttpServer2 (HttpServer2.java:addGlobalFilter(975)) - Added global filter 'safety' (class=org.apache.hadoop.http.HttpServer2$QuotingInputFilter)
2019-10-01 22:05:25,508 [main] INFO  http.HttpServer2 (HttpServer2.java:addFilter(948)) - Added filter static_user_filter (class=org.apache.hadoop.http.lib.StaticUserWebFilter$StaticUserFilter) to context ozoneManager
2019-10-01 22:05:25,508 [main] INFO  http.HttpServer2 (HttpServer2.java:addFilter(958)) - Added filter static_user_filter (class=org.apache.hadoop.http.lib.StaticUserWebFilter$StaticUserFilter) to context static
2019-10-01 22:05:25,508 [main] INFO  http.HttpServer2 (HttpServer2.java:addFilter(958)) - Added filter static_user_filter (class=org.apache.hadoop.http.lib.StaticUserWebFilter$StaticUserFilter) to context logs
2019-10-01 22:05:25,509 [main] INFO  http.HttpServer2 (HttpServer2.java:bindListener(1191)) - Jetty bound to port 35276
2019-10-01 22:05:25,509 [main] INFO  server.Server (Server.java:doStart(351)) - jetty-9.3.25.v20180904, build timestamp: 2018-09-04T21:11:46Z, git hash: 3ce520221d0240229c862b122d2b06c12a625732
2019-10-01 22:05:25,510 [main] INFO  handler.ContextHandler (ContextHandler.java:doStart(781)) - Started o.e.j.s.ServletContextHandler@5b48f0f4{/logs,file:///workdir/hadoop-ozone/integration-test/target/log,AVAILABLE}
2019-10-01 22:05:25,511 [main] INFO  handler.ContextHandler (ContextHandler.java:doStart(781)) - Started o.e.j.s.ServletContextHandler@5bfc79cb{/static,file:///workdir/hadoop-ozone/integration-test/target/test-classes/webapps/static,AVAILABLE}
2019-10-01 22:05:25,515 [main] INFO  handler.ContextHandler (ContextHandler.java:doStart(781)) - Started o.e.j.w.WebAppContext@539c4830{/,file:///workdir/hadoop-ozone/integration-test/target/test-classes/webapps/ozoneManager/,AVAILABLE}{/ozoneManager}
2019-10-01 22:05:25,515 [main] INFO  server.AbstractConnector (AbstractConnector.java:doStart(278)) - Started ServerConnector@6f1fa1d0{HTTP/1.1,[http/1.1]}{0.0.0.0:35276}
2019-10-01 22:05:25,515 [main] INFO  server.Server (Server.java:doStart(419)) - Started @587348ms
2019-10-01 22:05:25,517 [main] WARN  impl.MetricsSystemImpl (MetricsSystemImpl.java:register(276)) - Sink prometheus already exists!
2019-10-01 22:05:25,517 [main] INFO  server.BaseHttpServer (BaseHttpServer.java:updateConnectorAddress(215)) - HTTP server of OZONEMANAGER is listening at http://0.0.0.0:35276
2019-10-01 22:05:25,533 [main] INFO  impl.MetricsSystemImpl (MetricsSystemImpl.java:init(158)) - HddsDatanode metrics system started (again)
2019-10-01 22:05:25,537 [main] INFO  ozone.HddsDatanodeService (HddsDatanodeService.java:start(184)) - HddsDatanodeService host:pr-hdds-2224-n586v-1266706246 ip:192.168.164.217
2019-10-01 22:05:25,543 [main] INFO  volume.HddsVolume (HddsVolume.java:<init>(176)) - Creating Volume: /workdir/hadoop-ozone/integration-test/target/test-dir/MiniOzoneClusterImpl-e9a871d3-a5f2-4b32-9938-d4d926f9f817/datanode-0/data/containers/hdds of  storage type : DISK and capacity : 1482555576320
2019-10-01 22:05:25,544 [main] INFO  volume.VolumeSet (VolumeSet.java:initializeVolumeSet(170)) - Added Volume : /workdir/hadoop-ozone/integration-test/target/test-dir/MiniOzoneClusterImpl-e9a871d3-a5f2-4b32-9938-d4d926f9f817/datanode-0/data/containers/hdds to VolumeSet
2019-10-01 22:05:25,544 [main] INFO  volume.ThrottledAsyncChecker (ThrottledAsyncChecker.java:schedule(139)) - Scheduling a check for org.apache.hadoop.ozone.container.common.volume.HddsVolume@743c3520
2019-10-01 22:05:25,545 [main] INFO  volume.HddsVolumeChecker (HddsVolumeChecker.java:checkAllVolumes(202)) - Scheduled health check for volume org.apache.hadoop.ozone.container.common.volume.HddsVolume@743c3520
2019-10-01 22:05:25,559 [main] INFO  impl.RaftServerProxy (ConfUtils.java:logGet(43)) - raft.rpc.type = GRPC (default)
2019-10-01 22:05:25,559 [main] INFO  grpc.GrpcFactory (GrpcFactory.java:checkPooledByteBufAllocatorUseCacheForAllThreads(45)) - PERFORMANCE WARNING: useCacheForAllThreads is true that may cause Netty to create a lot garbage objects and, as a result, trigger GC.
	It is recommended to disable useCacheForAllThreads by setting -Dorg.apache.ratis.thirdparty.io.netty.allocator.useCacheForAllThreads=false in command line.
2019-10-01 22:05:25,559 [main] INFO  grpc.GrpcConfigKeys$Server (ConfUtils.java:logGet(43)) - raft.grpc.server.port = 0 (default)
2019-10-01 22:05:25,559 [main] INFO  server.GrpcService (ConfUtils.java:logGet(43)) - raft.grpc.message.size.max = 33570816 (custom)
2019-10-01 22:05:25,560 [main] INFO  server.RaftServerConfigKeys (ConfUtils.java:logGet(43)) - raft.server.log.appender.buffer.byte-limit = 33554432 (custom)
2019-10-01 22:05:25,560 [main] INFO  server.GrpcService (ConfUtils.java:logGet(43)) - raft.grpc.flow.control.window = 1MB (=1048576) (default)
2019-10-01 22:05:25,560 [main] INFO  server.RaftServerConfigKeys (ConfUtils.java:logGet(43)) - raft.server.rpc.request.timeout = 3000ms (default)
2019-10-01 22:05:25,560 [main] INFO  server.RaftServerConfigKeys (ConfUtils.java:logGet(43)) - raft.server.storage.dir = [/workdir/hadoop-ozone/integration-test/target/test-dir/MiniOzoneClusterImpl-e9a871d3-a5f2-4b32-9938-d4d926f9f817/datanode-0/data/ratis] (custom)
2019-10-01 22:05:25,561 [main] INFO  hdfs.DFSUtil (DFSUtil.java:httpServerTemplateForNNAndJN(1641)) - Starting Web-server for hddsDatanode at: http://0.0.0.0:0
2019-10-01 22:05:25,562 [main] INFO  server.AuthenticationFilter (AuthenticationFilter.java:constructSecretProvider(240)) - Unable to initialize FileSignerSecretProvider, falling back to use random secrets.
2019-10-01 22:05:25,563 [main] WARN  http.HttpRequestLog (HttpRequestLog.java:getRequestLog(97)) - Jetty request log can only be enabled using Log4j
2019-10-01 22:05:25,564 [main] INFO  http.HttpServer2 (HttpServer2.java:addGlobalFilter(975)) - Added global filter 'safety' (class=org.apache.hadoop.http.HttpServer2$QuotingInputFilter)
2019-10-01 22:05:25,564 [main] INFO  http.HttpServer2 (HttpServer2.java:addFilter(948)) - Added filter static_user_filter (class=org.apache.hadoop.http.lib.StaticUserWebFilter$StaticUserFilter) to context hddsDatanode
2019-10-01 22:05:25,564 [main] INFO  http.HttpServer2 (HttpServer2.java:addFilter(958)) - Added filter static_user_filter (class=org.apache.hadoop.http.lib.StaticUserWebFilter$StaticUserFilter) to context static
2019-10-01 22:05:25,565 [main] INFO  http.HttpServer2 (HttpServer2.java:addFilter(958)) - Added filter static_user_filter (class=org.apache.hadoop.http.lib.StaticUserWebFilter$StaticUserFilter) to context logs
2019-10-01 22:05:25,565 [main] INFO  http.HttpServer2 (HttpServer2.java:bindListener(1191)) - Jetty bound to port 39567
2019-10-01 22:05:25,565 [main] INFO  server.Server (Server.java:doStart(351)) - jetty-9.3.25.v20180904, build timestamp: 2018-09-04T21:11:46Z, git hash: 3ce520221d0240229c862b122d2b06c12a625732
2019-10-01 22:05:25,567 [main] INFO  handler.ContextHandler (ContextHandler.java:doStart(781)) - Started o.e.j.s.ServletContextHandler@497ed877{/logs,file:///workdir/hadoop-ozone/integration-test/target/log,AVAILABLE}
2019-10-01 22:05:25,567 [main] INFO  handler.ContextHandler (ContextHandler.java:doStart(781)) - Started o.e.j.s.ServletContextHandler@7b6141f0{/static,jar:file:/home/user/.m2/repository/org/apache/hadoop/hadoop-hdds-container-service/0.5.0-SNAPSHOT/hadoop-hdds-container-service-0.5.0-SNAPSHOT.jar!/webapps/static,AVAILABLE}
2019-10-01 22:05:25,594 [main] INFO  handler.ContextHandler (ContextHandler.java:doStart(781)) - Started o.e.j.w.WebAppContext@7f4a1cac{/,file:///tmp/jetty-0.0.0.0-39567-hddsDatanode-_-any-7920582011573491621.dir/webapp/,AVAILABLE}{/hddsDatanode}
2019-10-01 22:05:25,595 [main] INFO  server.AbstractConnector (AbstractConnector.java:doStart(278)) - Started ServerConnector@4a1a412e{HTTP/1.1,[http/1.1]}{0.0.0.0:39567}
2019-10-01 22:05:25,596 [main] INFO  server.Server (Server.java:doStart(419)) - Started @587429ms
2019-10-01 22:05:25,597 [main] WARN  impl.MetricsSystemImpl (MetricsSystemImpl.java:register(276)) - Sink prometheus already exists!
2019-10-01 22:05:25,597 [main] INFO  server.BaseHttpServer (BaseHttpServer.java:updateConnectorAddress(215)) - HTTP server of HDDSDATANODE is listening at http://0.0.0.0:39567
2019-10-01 22:05:25,598 [main] INFO  impl.MetricsSystemImpl (MetricsSystemImpl.java:init(158)) - HddsDatanode metrics system started (again)
2019-10-01 22:05:25,601 [main] INFO  ozone.HddsDatanodeService (HddsDatanodeService.java:start(184)) - HddsDatanodeService host:pr-hdds-2224-n586v-1266706246 ip:192.168.164.217
2019-10-01 22:05:25,601 [org.apache.hadoop.util.JvmPauseMonitor$Monitor@21acc94b] INFO  util.JvmPauseMonitor (JvmPauseMonitor.java:run(188)) - Starting JVM pause monitor
2019-10-01 22:05:25,604 [Datanode State Machine Thread - 0] INFO  datanode.InitDatanodeState (InitDatanodeState.java:persistContainerDatanodeDetails(140)) - DatanodeDetails is persisted to /workdir/hadoop-ozone/integration-test/target/test-dir/MiniOzoneClusterImpl-e9a871d3-a5f2-4b32-9938-d4d926f9f817/datanode-0/meta/datanode.id
2019-10-01 22:05:25,608 [main] INFO  volume.HddsVolume (HddsVolume.java:<init>(176)) - Creating Volume: /workdir/hadoop-ozone/integration-test/target/test-dir/MiniOzoneClusterImpl-e9a871d3-a5f2-4b32-9938-d4d926f9f817/datanode-1/data/containers/hdds of  storage type : DISK and capacity : 1482555576320
2019-10-01 22:05:25,608 [main] INFO  volume.VolumeSet (VolumeSet.java:initializeVolumeSet(170)) - Added Volume : /workdir/hadoop-ozone/integration-test/target/test-dir/MiniOzoneClusterImpl-e9a871d3-a5f2-4b32-9938-d4d926f9f817/datanode-1/data/containers/hdds to VolumeSet
2019-10-01 22:05:25,608 [main] INFO  volume.ThrottledAsyncChecker (ThrottledAsyncChecker.java:schedule(139)) - Scheduling a check for org.apache.hadoop.ozone.container.common.volume.HddsVolume@4a31ed12
2019-10-01 22:05:25,609 [main] INFO  volume.HddsVolumeChecker (HddsVolumeChecker.java:checkAllVolumes(202)) - Scheduled health check for volume org.apache.hadoop.ozone.container.common.volume.HddsVolume@4a31ed12
2019-10-01 22:05:25,620 [main] INFO  impl.RaftServerProxy (ConfUtils.java:logGet(43)) - raft.rpc.type = GRPC (default)
2019-10-01 22:05:25,621 [main] INFO  grpc.GrpcFactory (GrpcFactory.java:checkPooledByteBufAllocatorUseCacheForAllThreads(45)) - PERFORMANCE WARNING: useCacheForAllThreads is true that may cause Netty to create a lot garbage objects and, as a result, trigger GC.
	It is recommended to disable useCacheForAllThreads by setting -Dorg.apache.ratis.thirdparty.io.netty.allocator.useCacheForAllThreads=false in command line.
2019-10-01 22:05:25,621 [main] INFO  grpc.GrpcConfigKeys$Server (ConfUtils.java:logGet(43)) - raft.grpc.server.port = 0 (default)
2019-10-01 22:05:25,621 [main] INFO  server.GrpcService (ConfUtils.java:logGet(43)) - raft.grpc.message.size.max = 33570816 (custom)
2019-10-01 22:05:25,621 [main] INFO  server.RaftServerConfigKeys (ConfUtils.java:logGet(43)) - raft.server.log.appender.buffer.byte-limit = 33554432 (custom)
2019-10-01 22:05:25,621 [main] INFO  server.GrpcService (ConfUtils.java:logGet(43)) - raft.grpc.flow.control.window = 1MB (=1048576) (default)
2019-10-01 22:05:25,621 [main] INFO  server.RaftServerConfigKeys (ConfUtils.java:logGet(43)) - raft.server.rpc.request.timeout = 3000ms (default)
2019-10-01 22:05:25,622 [main] INFO  server.RaftServerConfigKeys (ConfUtils.java:logGet(43)) - raft.server.storage.dir = [/workdir/hadoop-ozone/integration-test/target/test-dir/MiniOzoneClusterImpl-e9a871d3-a5f2-4b32-9938-d4d926f9f817/datanode-1/data/ratis] (custom)
2019-10-01 22:05:25,623 [main] INFO  hdfs.DFSUtil (DFSUtil.java:httpServerTemplateForNNAndJN(1641)) - Starting Web-server for hddsDatanode at: http://0.0.0.0:0
2019-10-01 22:05:25,624 [main] INFO  server.AuthenticationFilter (AuthenticationFilter.java:constructSecretProvider(240)) - Unable to initialize FileSignerSecretProvider, falling back to use random secrets.
2019-10-01 22:05:25,624 [main] WARN  http.HttpRequestLog (HttpRequestLog.java:getRequestLog(97)) - Jetty request log can only be enabled using Log4j
2019-10-01 22:05:25,625 [main] INFO  http.HttpServer2 (HttpServer2.java:addGlobalFilter(975)) - Added global filter 'safety' (class=org.apache.hadoop.http.HttpServer2$QuotingInputFilter)
2019-10-01 22:05:25,626 [main] INFO  http.HttpServer2 (HttpServer2.java:addFilter(948)) - Added filter static_user_filter (class=org.apache.hadoop.http.lib.StaticUserWebFilter$StaticUserFilter) to context hddsDatanode
2019-10-01 22:05:25,626 [main] INFO  http.HttpServer2 (HttpServer2.java:addFilter(958)) - Added filter static_user_filter (class=org.apache.hadoop.http.lib.StaticUserWebFilter$StaticUserFilter) to context static
2019-10-01 22:05:25,626 [main] INFO  http.HttpServer2 (HttpServer2.java:addFilter(958)) - Added filter static_user_filter (class=org.apache.hadoop.http.lib.StaticUserWebFilter$StaticUserFilter) to context logs
2019-10-01 22:05:25,627 [main] INFO  http.HttpServer2 (HttpServer2.java:bindListener(1191)) - Jetty bound to port 46390
2019-10-01 22:05:25,627 [main] INFO  server.Server (Server.java:doStart(351)) - jetty-9.3.25.v20180904, build timestamp: 2018-09-04T21:11:46Z, git hash: 3ce520221d0240229c862b122d2b06c12a625732
2019-10-01 22:05:25,629 [main] INFO  handler.ContextHandler (ContextHandler.java:doStart(781)) - Started o.e.j.s.ServletContextHandler@2aea717c{/logs,file:///workdir/hadoop-ozone/integration-test/target/log,AVAILABLE}
2019-10-01 22:05:25,629 [main] INFO  handler.ContextHandler (ContextHandler.java:doStart(781)) - Started o.e.j.s.ServletContextHandler@1291aab5{/static,jar:file:/home/user/.m2/repository/org/apache/hadoop/hadoop-hdds-container-service/0.5.0-SNAPSHOT/hadoop-hdds-container-service-0.5.0-SNAPSHOT.jar!/webapps/static,AVAILABLE}
2019-10-01 22:05:25,656 [main] INFO  handler.ContextHandler (ContextHandler.java:doStart(781)) - Started o.e.j.w.WebAppContext@17ec335a{/,file:///tmp/jetty-0.0.0.0-46390-hddsDatanode-_-any-2191128406999282862.dir/webapp/,AVAILABLE}{/hddsDatanode}
2019-10-01 22:05:25,657 [main] INFO  server.AbstractConnector (AbstractConnector.java:doStart(278)) - Started ServerConnector@284990de{HTTP/1.1,[http/1.1]}{0.0.0.0:46390}
2019-10-01 22:05:25,657 [main] INFO  server.Server (Server.java:doStart(419)) - Started @587490ms
2019-10-01 22:05:25,658 [main] WARN  impl.MetricsSystemImpl (MetricsSystemImpl.java:register(276)) - Sink prometheus already exists!
2019-10-01 22:05:25,659 [main] INFO  server.BaseHttpServer (BaseHttpServer.java:updateConnectorAddress(215)) - HTTP server of HDDSDATANODE is listening at http://0.0.0.0:46390
2019-10-01 22:05:25,659 [main] INFO  impl.MetricsSystemImpl (MetricsSystemImpl.java:init(158)) - HddsDatanode metrics system started (again)
2019-10-01 22:05:25,663 [main] INFO  ozone.HddsDatanodeService (HddsDatanodeService.java:start(184)) - HddsDatanodeService host:pr-hdds-2224-n586v-1266706246 ip:192.168.164.217
2019-10-01 22:05:25,663 [org.apache.hadoop.util.JvmPauseMonitor$Monitor@6177fde7] INFO  util.JvmPauseMonitor (JvmPauseMonitor.java:run(188)) - Starting JVM pause monitor
2019-10-01 22:05:25,664 [Datanode State Machine Thread - 0] INFO  datanode.InitDatanodeState (InitDatanodeState.java:persistContainerDatanodeDetails(140)) - DatanodeDetails is persisted to /workdir/hadoop-ozone/integration-test/target/test-dir/MiniOzoneClusterImpl-e9a871d3-a5f2-4b32-9938-d4d926f9f817/datanode-1/meta/datanode.id
2019-10-01 22:05:25,669 [main] INFO  volume.HddsVolume (HddsVolume.java:<init>(176)) - Creating Volume: /workdir/hadoop-ozone/integration-test/target/test-dir/MiniOzoneClusterImpl-e9a871d3-a5f2-4b32-9938-d4d926f9f817/datanode-2/data/containers/hdds of  storage type : DISK and capacity : 1482555576320
2019-10-01 22:05:25,670 [main] INFO  volume.VolumeSet (VolumeSet.java:initializeVolumeSet(170)) - Added Volume : /workdir/hadoop-ozone/integration-test/target/test-dir/MiniOzoneClusterImpl-e9a871d3-a5f2-4b32-9938-d4d926f9f817/datanode-2/data/containers/hdds to VolumeSet
2019-10-01 22:05:25,670 [main] INFO  volume.ThrottledAsyncChecker (ThrottledAsyncChecker.java:schedule(139)) - Scheduling a check for org.apache.hadoop.ozone.container.common.volume.HddsVolume@561f9d92
2019-10-01 22:05:25,670 [main] INFO  volume.HddsVolumeChecker (HddsVolumeChecker.java:checkAllVolumes(202)) - Scheduled health check for volume org.apache.hadoop.ozone.container.common.volume.HddsVolume@561f9d92
2019-10-01 22:05:25,682 [main] INFO  impl.RaftServerProxy (ConfUtils.java:logGet(43)) - raft.rpc.type = GRPC (default)
2019-10-01 22:05:25,682 [main] INFO  grpc.GrpcFactory (GrpcFactory.java:checkPooledByteBufAllocatorUseCacheForAllThreads(45)) - PERFORMANCE WARNING: useCacheForAllThreads is true that may cause Netty to create a lot garbage objects and, as a result, trigger GC.
	It is recommended to disable useCacheForAllThreads by setting -Dorg.apache.ratis.thirdparty.io.netty.allocator.useCacheForAllThreads=false in command line.
2019-10-01 22:05:25,683 [main] INFO  grpc.GrpcConfigKeys$Server (ConfUtils.java:logGet(43)) - raft.grpc.server.port = 0 (default)
2019-10-01 22:05:25,683 [main] INFO  server.GrpcService (ConfUtils.java:logGet(43)) - raft.grpc.message.size.max = 33570816 (custom)
2019-10-01 22:05:25,683 [main] INFO  server.RaftServerConfigKeys (ConfUtils.java:logGet(43)) - raft.server.log.appender.buffer.byte-limit = 33554432 (custom)
2019-10-01 22:05:25,683 [main] INFO  server.GrpcService (ConfUtils.java:logGet(43)) - raft.grpc.flow.control.window = 1MB (=1048576) (default)
2019-10-01 22:05:25,683 [main] INFO  server.RaftServerConfigKeys (ConfUtils.java:logGet(43)) - raft.server.rpc.request.timeout = 3000ms (default)
2019-10-01 22:05:25,684 [main] INFO  server.RaftServerConfigKeys (ConfUtils.java:logGet(43)) - raft.server.storage.dir = [/workdir/hadoop-ozone/integration-test/target/test-dir/MiniOzoneClusterImpl-e9a871d3-a5f2-4b32-9938-d4d926f9f817/datanode-2/data/ratis] (custom)
2019-10-01 22:05:25,685 [main] INFO  hdfs.DFSUtil (DFSUtil.java:httpServerTemplateForNNAndJN(1641)) - Starting Web-server for hddsDatanode at: http://0.0.0.0:0
2019-10-01 22:05:25,686 [main] INFO  server.AuthenticationFilter (AuthenticationFilter.java:constructSecretProvider(240)) - Unable to initialize FileSignerSecretProvider, falling back to use random secrets.
2019-10-01 22:05:25,686 [main] WARN  http.HttpRequestLog (HttpRequestLog.java:getRequestLog(97)) - Jetty request log can only be enabled using Log4j
2019-10-01 22:05:25,688 [main] INFO  http.HttpServer2 (HttpServer2.java:addGlobalFilter(975)) - Added global filter 'safety' (class=org.apache.hadoop.http.HttpServer2$QuotingInputFilter)
2019-10-01 22:05:25,688 [main] INFO  http.HttpServer2 (HttpServer2.java:addFilter(948)) - Added filter static_user_filter (class=org.apache.hadoop.http.lib.StaticUserWebFilter$StaticUserFilter) to context hddsDatanode
2019-10-01 22:05:25,688 [main] INFO  http.HttpServer2 (HttpServer2.java:addFilter(958)) - Added filter static_user_filter (class=org.apache.hadoop.http.lib.StaticUserWebFilter$StaticUserFilter) to context static
2019-10-01 22:05:25,689 [main] INFO  http.HttpServer2 (HttpServer2.java:addFilter(958)) - Added filter static_user_filter (class=org.apache.hadoop.http.lib.StaticUserWebFilter$StaticUserFilter) to context logs
2019-10-01 22:05:25,689 [main] INFO  http.HttpServer2 (HttpServer2.java:bindListener(1191)) - Jetty bound to port 33288
2019-10-01 22:05:25,689 [main] INFO  server.Server (Server.java:doStart(351)) - jetty-9.3.25.v20180904, build timestamp: 2018-09-04T21:11:46Z, git hash: 3ce520221d0240229c862b122d2b06c12a625732
2019-10-01 22:05:25,691 [main] INFO  handler.ContextHandler (ContextHandler.java:doStart(781)) - Started o.e.j.s.ServletContextHandler@7364f68{/logs,file:///workdir/hadoop-ozone/integration-test/target/log,AVAILABLE}
2019-10-01 22:05:25,691 [main] INFO  handler.ContextHandler (ContextHandler.java:doStart(781)) - Started o.e.j.s.ServletContextHandler@7ea42c82{/static,jar:file:/home/user/.m2/repository/org/apache/hadoop/hadoop-hdds-container-service/0.5.0-SNAPSHOT/hadoop-hdds-container-service-0.5.0-SNAPSHOT.jar!/webapps/static,AVAILABLE}
2019-10-01 22:05:25,719 [main] INFO  handler.ContextHandler (ContextHandler.java:doStart(781)) - Started o.e.j.w.WebAppContext@226d5af0{/,file:///tmp/jetty-0.0.0.0-33288-hddsDatanode-_-any-2919345881438366778.dir/webapp/,AVAILABLE}{/hddsDatanode}
2019-10-01 22:05:25,719 [main] INFO  server.AbstractConnector (AbstractConnector.java:doStart(278)) - Started ServerConnector@527937d0{HTTP/1.1,[http/1.1]}{0.0.0.0:33288}
2019-10-01 22:05:25,721 [main] INFO  server.Server (Server.java:doStart(419)) - Started @587554ms
2019-10-01 22:05:25,722 [main] WARN  impl.MetricsSystemImpl (MetricsSystemImpl.java:register(276)) - Sink prometheus already exists!
2019-10-01 22:05:25,722 [main] INFO  server.BaseHttpServer (BaseHttpServer.java:updateConnectorAddress(215)) - HTTP server of HDDSDATANODE is listening at http://0.0.0.0:33288
2019-10-01 22:05:25,723 [main] INFO  impl.MetricsSystemImpl (MetricsSystemImpl.java:init(158)) - HddsDatanode metrics system started (again)
2019-10-01 22:05:25,726 [org.apache.hadoop.util.JvmPauseMonitor$Monitor@63cb2e74] INFO  util.JvmPauseMonitor (JvmPauseMonitor.java:run(188)) - Starting JVM pause monitor
2019-10-01 22:05:25,727 [main] INFO  ozone.HddsDatanodeService (HddsDatanodeService.java:start(184)) - HddsDatanodeService host:pr-hdds-2224-n586v-1266706246 ip:192.168.164.217
2019-10-01 22:05:25,728 [Datanode State Machine Thread - 0] INFO  datanode.InitDatanodeState (InitDatanodeState.java:persistContainerDatanodeDetails(140)) - DatanodeDetails is persisted to /workdir/hadoop-ozone/integration-test/target/test-dir/MiniOzoneClusterImpl-e9a871d3-a5f2-4b32-9938-d4d926f9f817/datanode-2/meta/datanode.id
2019-10-01 22:05:25,732 [main] INFO  volume.HddsVolume (HddsVolume.java:<init>(176)) - Creating Volume: /workdir/hadoop-ozone/integration-test/target/test-dir/MiniOzoneClusterImpl-e9a871d3-a5f2-4b32-9938-d4d926f9f817/datanode-3/data/containers/hdds of  storage type : DISK and capacity : 1482555576320
2019-10-01 22:05:25,733 [main] INFO  volume.VolumeSet (VolumeSet.java:initializeVolumeSet(170)) - Added Volume : /workdir/hadoop-ozone/integration-test/target/test-dir/MiniOzoneClusterImpl-e9a871d3-a5f2-4b32-9938-d4d926f9f817/datanode-3/data/containers/hdds to VolumeSet
2019-10-01 22:05:25,733 [main] INFO  volume.ThrottledAsyncChecker (ThrottledAsyncChecker.java:schedule(139)) - Scheduling a check for org.apache.hadoop.ozone.container.common.volume.HddsVolume@78116659
2019-10-01 22:05:25,734 [main] INFO  volume.HddsVolumeChecker (HddsVolumeChecker.java:checkAllVolumes(202)) - Scheduled health check for volume org.apache.hadoop.ozone.container.common.volume.HddsVolume@78116659
2019-10-01 22:05:25,748 [main] INFO  impl.RaftServerProxy (ConfUtils.java:logGet(43)) - raft.rpc.type = GRPC (default)
2019-10-01 22:05:25,748 [main] INFO  grpc.GrpcFactory (GrpcFactory.java:checkPooledByteBufAllocatorUseCacheForAllThreads(45)) - PERFORMANCE WARNING: useCacheForAllThreads is true that may cause Netty to create a lot garbage objects and, as a result, trigger GC.
	It is recommended to disable useCacheForAllThreads by setting -Dorg.apache.ratis.thirdparty.io.netty.allocator.useCacheForAllThreads=false in command line.
2019-10-01 22:05:25,748 [main] INFO  grpc.GrpcConfigKeys$Server (ConfUtils.java:logGet(43)) - raft.grpc.server.port = 0 (default)
2019-10-01 22:05:25,748 [main] INFO  server.GrpcService (ConfUtils.java:logGet(43)) - raft.grpc.message.size.max = 33570816 (custom)
2019-10-01 22:05:25,749 [main] INFO  server.RaftServerConfigKeys (ConfUtils.java:logGet(43)) - raft.server.log.appender.buffer.byte-limit = 33554432 (custom)
2019-10-01 22:05:25,749 [main] INFO  server.GrpcService (ConfUtils.java:logGet(43)) - raft.grpc.flow.control.window = 1MB (=1048576) (default)
2019-10-01 22:05:25,749 [main] INFO  server.RaftServerConfigKeys (ConfUtils.java:logGet(43)) - raft.server.rpc.request.timeout = 3000ms (default)
2019-10-01 22:05:25,750 [main] INFO  server.RaftServerConfigKeys (ConfUtils.java:logGet(43)) - raft.server.storage.dir = [/workdir/hadoop-ozone/integration-test/target/test-dir/MiniOzoneClusterImpl-e9a871d3-a5f2-4b32-9938-d4d926f9f817/datanode-3/data/ratis] (custom)
2019-10-01 22:05:25,751 [main] INFO  hdfs.DFSUtil (DFSUtil.java:httpServerTemplateForNNAndJN(1641)) - Starting Web-server for hddsDatanode at: http://0.0.0.0:0
2019-10-01 22:05:25,752 [main] INFO  server.AuthenticationFilter (AuthenticationFilter.java:constructSecretProvider(240)) - Unable to initialize FileSignerSecretProvider, falling back to use random secrets.
2019-10-01 22:05:25,753 [main] WARN  http.HttpRequestLog (HttpRequestLog.java:getRequestLog(97)) - Jetty request log can only be enabled using Log4j
2019-10-01 22:05:25,754 [main] INFO  http.HttpServer2 (HttpServer2.java:addGlobalFilter(975)) - Added global filter 'safety' (class=org.apache.hadoop.http.HttpServer2$QuotingInputFilter)
2019-10-01 22:05:25,754 [main] INFO  http.HttpServer2 (HttpServer2.java:addFilter(948)) - Added filter static_user_filter (class=org.apache.hadoop.http.lib.StaticUserWebFilter$StaticUserFilter) to context hddsDatanode
2019-10-01 22:05:25,754 [main] INFO  http.HttpServer2 (HttpServer2.java:addFilter(958)) - Added filter static_user_filter (class=org.apache.hadoop.http.lib.StaticUserWebFilter$StaticUserFilter) to context logs
2019-10-01 22:05:25,754 [main] INFO  http.HttpServer2 (HttpServer2.java:addFilter(958)) - Added filter static_user_filter (class=org.apache.hadoop.http.lib.StaticUserWebFilter$StaticUserFilter) to context static
2019-10-01 22:05:25,755 [main] INFO  http.HttpServer2 (HttpServer2.java:bindListener(1191)) - Jetty bound to port 37157
2019-10-01 22:05:25,755 [main] INFO  server.Server (Server.java:doStart(351)) - jetty-9.3.25.v20180904, build timestamp: 2018-09-04T21:11:46Z, git hash: 3ce520221d0240229c862b122d2b06c12a625732
2019-10-01 22:05:25,756 [main] INFO  handler.ContextHandler (ContextHandler.java:doStart(781)) - Started o.e.j.s.ServletContextHandler@935493d{/logs,file:///workdir/hadoop-ozone/integration-test/target/log,AVAILABLE}
2019-10-01 22:05:25,757 [main] INFO  handler.ContextHandler (ContextHandler.java:doStart(781)) - Started o.e.j.s.ServletContextHandler@34c62fdf{/static,jar:file:/home/user/.m2/repository/org/apache/hadoop/hadoop-hdds-container-service/0.5.0-SNAPSHOT/hadoop-hdds-container-service-0.5.0-SNAPSHOT.jar!/webapps/static,AVAILABLE}
2019-10-01 22:05:25,781 [main] INFO  handler.ContextHandler (ContextHandler.java:doStart(781)) - Started o.e.j.w.WebAppContext@289f15e9{/,file:///tmp/jetty-0.0.0.0-37157-hddsDatanode-_-any-4497164118428484054.dir/webapp/,AVAILABLE}{/hddsDatanode}
2019-10-01 22:05:25,781 [main] INFO  server.AbstractConnector (AbstractConnector.java:doStart(278)) - Started ServerConnector@7f22687e{HTTP/1.1,[http/1.1]}{0.0.0.0:37157}
2019-10-01 22:05:25,781 [main] INFO  server.Server (Server.java:doStart(419)) - Started @587614ms
2019-10-01 22:05:25,783 [main] WARN  impl.MetricsSystemImpl (MetricsSystemImpl.java:register(276)) - Sink prometheus already exists!
2019-10-01 22:05:25,783 [main] INFO  server.BaseHttpServer (BaseHttpServer.java:updateConnectorAddress(215)) - HTTP server of HDDSDATANODE is listening at http://0.0.0.0:37157
2019-10-01 22:05:25,784 [main] INFO  impl.MetricsSystemImpl (MetricsSystemImpl.java:init(158)) - HddsDatanode metrics system started (again)
2019-10-01 22:05:25,788 [main] INFO  ozone.HddsDatanodeService (HddsDatanodeService.java:start(184)) - HddsDatanodeService host:pr-hdds-2224-n586v-1266706246 ip:192.168.164.217
2019-10-01 22:05:25,788 [org.apache.hadoop.util.JvmPauseMonitor$Monitor@5beded7e] INFO  util.JvmPauseMonitor (JvmPauseMonitor.java:run(188)) - Starting JVM pause monitor
2019-10-01 22:05:25,789 [Datanode State Machine Thread - 0] INFO  datanode.InitDatanodeState (InitDatanodeState.java:persistContainerDatanodeDetails(140)) - DatanodeDetails is persisted to /workdir/hadoop-ozone/integration-test/target/test-dir/MiniOzoneClusterImpl-e9a871d3-a5f2-4b32-9938-d4d926f9f817/datanode-3/meta/datanode.id
2019-10-01 22:05:25,794 [main] INFO  volume.HddsVolume (HddsVolume.java:<init>(176)) - Creating Volume: /workdir/hadoop-ozone/integration-test/target/test-dir/MiniOzoneClusterImpl-e9a871d3-a5f2-4b32-9938-d4d926f9f817/datanode-4/data/containers/hdds of  storage type : DISK and capacity : 1482555576320
2019-10-01 22:05:25,794 [main] INFO  volume.VolumeSet (VolumeSet.java:initializeVolumeSet(170)) - Added Volume : /workdir/hadoop-ozone/integration-test/target/test-dir/MiniOzoneClusterImpl-e9a871d3-a5f2-4b32-9938-d4d926f9f817/datanode-4/data/containers/hdds to VolumeSet
2019-10-01 22:05:25,795 [main] INFO  volume.ThrottledAsyncChecker (ThrottledAsyncChecker.java:schedule(139)) - Scheduling a check for org.apache.hadoop.ozone.container.common.volume.HddsVolume@18a98913
2019-10-01 22:05:25,795 [main] INFO  volume.HddsVolumeChecker (HddsVolumeChecker.java:checkAllVolumes(202)) - Scheduled health check for volume org.apache.hadoop.ozone.container.common.volume.HddsVolume@18a98913
2019-10-01 22:05:25,808 [main] INFO  impl.RaftServerProxy (ConfUtils.java:logGet(43)) - raft.rpc.type = GRPC (default)
2019-10-01 22:05:25,808 [main] INFO  grpc.GrpcFactory (GrpcFactory.java:checkPooledByteBufAllocatorUseCacheForAllThreads(45)) - PERFORMANCE WARNING: useCacheForAllThreads is true that may cause Netty to create a lot garbage objects and, as a result, trigger GC.
	It is recommended to disable useCacheForAllThreads by setting -Dorg.apache.ratis.thirdparty.io.netty.allocator.useCacheForAllThreads=false in command line.
2019-10-01 22:05:25,808 [main] INFO  grpc.GrpcConfigKeys$Server (ConfUtils.java:logGet(43)) - raft.grpc.server.port = 0 (default)
2019-10-01 22:05:25,808 [main] INFO  server.GrpcService (ConfUtils.java:logGet(43)) - raft.grpc.message.size.max = 33570816 (custom)
2019-10-01 22:05:25,808 [main] INFO  server.RaftServerConfigKeys (ConfUtils.java:logGet(43)) - raft.server.log.appender.buffer.byte-limit = 33554432 (custom)
2019-10-01 22:05:25,809 [main] INFO  server.GrpcService (ConfUtils.java:logGet(43)) - raft.grpc.flow.control.window = 1MB (=1048576) (default)
2019-10-01 22:05:25,809 [main] INFO  server.RaftServerConfigKeys (ConfUtils.java:logGet(43)) - raft.server.rpc.request.timeout = 3000ms (default)
2019-10-01 22:05:25,809 [main] INFO  server.RaftServerConfigKeys (ConfUtils.java:logGet(43)) - raft.server.storage.dir = [/workdir/hadoop-ozone/integration-test/target/test-dir/MiniOzoneClusterImpl-e9a871d3-a5f2-4b32-9938-d4d926f9f817/datanode-4/data/ratis] (custom)
2019-10-01 22:05:25,810 [main] INFO  hdfs.DFSUtil (DFSUtil.java:httpServerTemplateForNNAndJN(1641)) - Starting Web-server for hddsDatanode at: http://0.0.0.0:0
2019-10-01 22:05:25,811 [main] INFO  server.AuthenticationFilter (AuthenticationFilter.java:constructSecretProvider(240)) - Unable to initialize FileSignerSecretProvider, falling back to use random secrets.
2019-10-01 22:05:25,811 [main] WARN  http.HttpRequestLog (HttpRequestLog.java:getRequestLog(97)) - Jetty request log can only be enabled using Log4j
2019-10-01 22:05:25,812 [main] INFO  http.HttpServer2 (HttpServer2.java:addGlobalFilter(975)) - Added global filter 'safety' (class=org.apache.hadoop.http.HttpServer2$QuotingInputFilter)
2019-10-01 22:05:25,813 [main] INFO  http.HttpServer2 (HttpServer2.java:addFilter(948)) - Added filter static_user_filter (class=org.apache.hadoop.http.lib.StaticUserWebFilter$StaticUserFilter) to context hddsDatanode
2019-10-01 22:05:25,813 [main] INFO  http.HttpServer2 (HttpServer2.java:addFilter(958)) - Added filter static_user_filter (class=org.apache.hadoop.http.lib.StaticUserWebFilter$StaticUserFilter) to context static
2019-10-01 22:05:25,813 [main] INFO  http.HttpServer2 (HttpServer2.java:addFilter(958)) - Added filter static_user_filter (class=org.apache.hadoop.http.lib.StaticUserWebFilter$StaticUserFilter) to context logs
2019-10-01 22:05:25,814 [main] INFO  http.HttpServer2 (HttpServer2.java:bindListener(1191)) - Jetty bound to port 43317
2019-10-01 22:05:25,814 [main] INFO  server.Server (Server.java:doStart(351)) - jetty-9.3.25.v20180904, build timestamp: 2018-09-04T21:11:46Z, git hash: 3ce520221d0240229c862b122d2b06c12a625732
2019-10-01 22:05:25,816 [main] INFO  handler.ContextHandler (ContextHandler.java:doStart(781)) - Started o.e.j.s.ServletContextHandler@7d50f2a8{/logs,file:///workdir/hadoop-ozone/integration-test/target/log,AVAILABLE}
2019-10-01 22:05:25,816 [main] INFO  handler.ContextHandler (ContextHandler.java:doStart(781)) - Started o.e.j.s.ServletContextHandler@37ca3ca8{/static,jar:file:/home/user/.m2/repository/org/apache/hadoop/hadoop-hdds-container-service/0.5.0-SNAPSHOT/hadoop-hdds-container-service-0.5.0-SNAPSHOT.jar!/webapps/static,AVAILABLE}
2019-10-01 22:05:25,842 [main] INFO  handler.ContextHandler (ContextHandler.java:doStart(781)) - Started o.e.j.w.WebAppContext@7761e342{/,file:///tmp/jetty-0.0.0.0-43317-hddsDatanode-_-any-3001790172358700811.dir/webapp/,AVAILABLE}{/hddsDatanode}
2019-10-01 22:05:25,842 [main] INFO  server.AbstractConnector (AbstractConnector.java:doStart(278)) - Started ServerConnector@51f68849{HTTP/1.1,[http/1.1]}{0.0.0.0:43317}
2019-10-01 22:05:25,842 [main] INFO  server.Server (Server.java:doStart(419)) - Started @587675ms
2019-10-01 22:05:25,844 [main] WARN  impl.MetricsSystemImpl (MetricsSystemImpl.java:register(276)) - Sink prometheus already exists!
2019-10-01 22:05:25,845 [main] INFO  server.BaseHttpServer (BaseHttpServer.java:updateConnectorAddress(215)) - HTTP server of HDDSDATANODE is listening at http://0.0.0.0:43317
2019-10-01 22:05:25,845 [main] INFO  impl.MetricsSystemImpl (MetricsSystemImpl.java:init(158)) - HddsDatanode metrics system started (again)
2019-10-01 22:05:25,849 [org.apache.hadoop.util.JvmPauseMonitor$Monitor@7e45456c] INFO  util.JvmPauseMonitor (JvmPauseMonitor.java:run(188)) - Starting JVM pause monitor
2019-10-01 22:05:25,850 [main] INFO  ozone.HddsDatanodeService (HddsDatanodeService.java:start(184)) - HddsDatanodeService host:pr-hdds-2224-n586v-1266706246 ip:192.168.164.217
2019-10-01 22:05:25,851 [Datanode State Machine Thread - 0] INFO  datanode.InitDatanodeState (InitDatanodeState.java:persistContainerDatanodeDetails(140)) - DatanodeDetails is persisted to /workdir/hadoop-ozone/integration-test/target/test-dir/MiniOzoneClusterImpl-e9a871d3-a5f2-4b32-9938-d4d926f9f817/datanode-4/meta/datanode.id
2019-10-01 22:05:25,856 [main] INFO  volume.HddsVolume (HddsVolume.java:<init>(176)) - Creating Volume: /workdir/hadoop-ozone/integration-test/target/test-dir/MiniOzoneClusterImpl-e9a871d3-a5f2-4b32-9938-d4d926f9f817/datanode-5/data/containers/hdds of  storage type : DISK and capacity : 1482555576320
2019-10-01 22:05:25,857 [main] INFO  volume.VolumeSet (VolumeSet.java:initializeVolumeSet(170)) - Added Volume : /workdir/hadoop-ozone/integration-test/target/test-dir/MiniOzoneClusterImpl-e9a871d3-a5f2-4b32-9938-d4d926f9f817/datanode-5/data/containers/hdds to VolumeSet
2019-10-01 22:05:25,857 [main] INFO  volume.ThrottledAsyncChecker (ThrottledAsyncChecker.java:schedule(139)) - Scheduling a check for org.apache.hadoop.ozone.container.common.volume.HddsVolume@4faf1f4
2019-10-01 22:05:25,857 [main] INFO  volume.HddsVolumeChecker (HddsVolumeChecker.java:checkAllVolumes(202)) - Scheduled health check for volume org.apache.hadoop.ozone.container.common.volume.HddsVolume@4faf1f4
2019-10-01 22:05:25,870 [main] INFO  impl.RaftServerProxy (ConfUtils.java:logGet(43)) - raft.rpc.type = GRPC (default)
2019-10-01 22:05:25,871 [main] INFO  grpc.GrpcFactory (GrpcFactory.java:checkPooledByteBufAllocatorUseCacheForAllThreads(45)) - PERFORMANCE WARNING: useCacheForAllThreads is true that may cause Netty to create a lot garbage objects and, as a result, trigger GC.
	It is recommended to disable useCacheForAllThreads by setting -Dorg.apache.ratis.thirdparty.io.netty.allocator.useCacheForAllThreads=false in command line.
2019-10-01 22:05:25,871 [main] INFO  grpc.GrpcConfigKeys$Server (ConfUtils.java:logGet(43)) - raft.grpc.server.port = 0 (default)
2019-10-01 22:05:25,871 [main] INFO  server.GrpcService (ConfUtils.java:logGet(43)) - raft.grpc.message.size.max = 33570816 (custom)
2019-10-01 22:05:25,871 [main] INFO  server.RaftServerConfigKeys (ConfUtils.java:logGet(43)) - raft.server.log.appender.buffer.byte-limit = 33554432 (custom)
2019-10-01 22:05:25,871 [main] INFO  server.GrpcService (ConfUtils.java:logGet(43)) - raft.grpc.flow.control.window = 1MB (=1048576) (default)
2019-10-01 22:05:25,871 [main] INFO  server.RaftServerConfigKeys (ConfUtils.java:logGet(43)) - raft.server.rpc.request.timeout = 3000ms (default)
2019-10-01 22:05:25,872 [main] INFO  server.RaftServerConfigKeys (ConfUtils.java:logGet(43)) - raft.server.storage.dir = [/workdir/hadoop-ozone/integration-test/target/test-dir/MiniOzoneClusterImpl-e9a871d3-a5f2-4b32-9938-d4d926f9f817/datanode-5/data/ratis] (custom)
2019-10-01 22:05:25,873 [main] INFO  hdfs.DFSUtil (DFSUtil.java:httpServerTemplateForNNAndJN(1641)) - Starting Web-server for hddsDatanode at: http://0.0.0.0:0
2019-10-01 22:05:25,874 [main] INFO  server.AuthenticationFilter (AuthenticationFilter.java:constructSecretProvider(240)) - Unable to initialize FileSignerSecretProvider, falling back to use random secrets.
2019-10-01 22:05:25,874 [main] WARN  http.HttpRequestLog (HttpRequestLog.java:getRequestLog(97)) - Jetty request log can only be enabled using Log4j
2019-10-01 22:05:25,875 [main] INFO  http.HttpServer2 (HttpServer2.java:addGlobalFilter(975)) - Added global filter 'safety' (class=org.apache.hadoop.http.HttpServer2$QuotingInputFilter)
2019-10-01 22:05:25,875 [main] INFO  http.HttpServer2 (HttpServer2.java:addFilter(948)) - Added filter static_user_filter (class=org.apache.hadoop.http.lib.StaticUserWebFilter$StaticUserFilter) to context hddsDatanode
2019-10-01 22:05:25,876 [main] INFO  http.HttpServer2 (HttpServer2.java:addFilter(958)) - Added filter static_user_filter (class=org.apache.hadoop.http.lib.StaticUserWebFilter$StaticUserFilter) to context logs
2019-10-01 22:05:25,876 [main] INFO  http.HttpServer2 (HttpServer2.java:addFilter(958)) - Added filter static_user_filter (class=org.apache.hadoop.http.lib.StaticUserWebFilter$StaticUserFilter) to context static
2019-10-01 22:05:25,876 [main] INFO  http.HttpServer2 (HttpServer2.java:bindListener(1191)) - Jetty bound to port 44742
2019-10-01 22:05:25,876 [main] INFO  server.Server (Server.java:doStart(351)) - jetty-9.3.25.v20180904, build timestamp: 2018-09-04T21:11:46Z, git hash: 3ce520221d0240229c862b122d2b06c12a625732
2019-10-01 22:05:25,877 [main] INFO  handler.ContextHandler (ContextHandler.java:doStart(781)) - Started o.e.j.s.ServletContextHandler@11eec06b{/logs,file:///workdir/hadoop-ozone/integration-test/target/log,AVAILABLE}
2019-10-01 22:05:25,878 [main] INFO  handler.ContextHandler (ContextHandler.java:doStart(781)) - Started o.e.j.s.ServletContextHandler@25ce435{/static,jar:file:/home/user/.m2/repository/org/apache/hadoop/hadoop-hdds-container-service/0.5.0-SNAPSHOT/hadoop-hdds-container-service-0.5.0-SNAPSHOT.jar!/webapps/static,AVAILABLE}
2019-10-01 22:05:25,901 [main] INFO  handler.ContextHandler (ContextHandler.java:doStart(781)) - Started o.e.j.w.WebAppContext@4245bf68{/,file:///tmp/jetty-0.0.0.0-44742-hddsDatanode-_-any-1520068759618873112.dir/webapp/,AVAILABLE}{/hddsDatanode}
2019-10-01 22:05:25,902 [main] INFO  server.AbstractConnector (AbstractConnector.java:doStart(278)) - Started ServerConnector@45bbc52f{HTTP/1.1,[http/1.1]}{0.0.0.0:44742}
2019-10-01 22:05:25,903 [main] INFO  server.Server (Server.java:doStart(419)) - Started @587734ms
2019-10-01 22:05:25,903 [main] WARN  impl.MetricsSystemImpl (MetricsSystemImpl.java:register(276)) - Sink prometheus already exists!
2019-10-01 22:05:25,904 [main] INFO  server.BaseHttpServer (BaseHttpServer.java:updateConnectorAddress(215)) - HTTP server of HDDSDATANODE is listening at http://0.0.0.0:44742
2019-10-01 22:05:25,904 [main] INFO  impl.MetricsSystemImpl (MetricsSystemImpl.java:init(158)) - HddsDatanode metrics system started (again)
2019-10-01 22:05:25,909 [org.apache.hadoop.util.JvmPauseMonitor$Monitor@6018ee4] INFO  util.JvmPauseMonitor (JvmPauseMonitor.java:run(188)) - Starting JVM pause monitor
2019-10-01 22:05:25,909 [main] INFO  ozone.HddsDatanodeService (HddsDatanodeService.java:start(184)) - HddsDatanodeService host:pr-hdds-2224-n586v-1266706246 ip:192.168.164.217
2019-10-01 22:05:25,912 [Datanode State Machine Thread - 0] INFO  datanode.InitDatanodeState (InitDatanodeState.java:persistContainerDatanodeDetails(140)) - DatanodeDetails is persisted to /workdir/hadoop-ozone/integration-test/target/test-dir/MiniOzoneClusterImpl-e9a871d3-a5f2-4b32-9938-d4d926f9f817/datanode-5/meta/datanode.id
2019-10-01 22:05:25,918 [main] INFO  volume.HddsVolume (HddsVolume.java:<init>(176)) - Creating Volume: /workdir/hadoop-ozone/integration-test/target/test-dir/MiniOzoneClusterImpl-e9a871d3-a5f2-4b32-9938-d4d926f9f817/datanode-6/data/containers/hdds of  storage type : DISK and capacity : 1482555576320
2019-10-01 22:05:25,919 [main] INFO  volume.VolumeSet (VolumeSet.java:initializeVolumeSet(170)) - Added Volume : /workdir/hadoop-ozone/integration-test/target/test-dir/MiniOzoneClusterImpl-e9a871d3-a5f2-4b32-9938-d4d926f9f817/datanode-6/data/containers/hdds to VolumeSet
2019-10-01 22:05:25,919 [main] INFO  volume.ThrottledAsyncChecker (ThrottledAsyncChecker.java:schedule(139)) - Scheduling a check for org.apache.hadoop.ozone.container.common.volume.HddsVolume@615439f7
2019-10-01 22:05:25,919 [main] INFO  volume.HddsVolumeChecker (HddsVolumeChecker.java:checkAllVolumes(202)) - Scheduled health check for volume org.apache.hadoop.ozone.container.common.volume.HddsVolume@615439f7
2019-10-01 22:05:25,930 [main] INFO  impl.RaftServerProxy (ConfUtils.java:logGet(43)) - raft.rpc.type = GRPC (default)
2019-10-01 22:05:25,930 [main] INFO  grpc.GrpcFactory (GrpcFactory.java:checkPooledByteBufAllocatorUseCacheForAllThreads(45)) - PERFORMANCE WARNING: useCacheForAllThreads is true that may cause Netty to create a lot garbage objects and, as a result, trigger GC.
	It is recommended to disable useCacheForAllThreads by setting -Dorg.apache.ratis.thirdparty.io.netty.allocator.useCacheForAllThreads=false in command line.
2019-10-01 22:05:25,931 [main] INFO  grpc.GrpcConfigKeys$Server (ConfUtils.java:logGet(43)) - raft.grpc.server.port = 0 (default)
2019-10-01 22:05:25,931 [main] INFO  server.GrpcService (ConfUtils.java:logGet(43)) - raft.grpc.message.size.max = 33570816 (custom)
2019-10-01 22:05:25,931 [main] INFO  server.RaftServerConfigKeys (ConfUtils.java:logGet(43)) - raft.server.log.appender.buffer.byte-limit = 33554432 (custom)
2019-10-01 22:05:25,931 [main] INFO  server.GrpcService (ConfUtils.java:logGet(43)) - raft.grpc.flow.control.window = 1MB (=1048576) (default)
2019-10-01 22:05:25,931 [main] INFO  server.RaftServerConfigKeys (ConfUtils.java:logGet(43)) - raft.server.rpc.request.timeout = 3000ms (default)
2019-10-01 22:05:25,931 [main] INFO  server.RaftServerConfigKeys (ConfUtils.java:logGet(43)) - raft.server.storage.dir = [/workdir/hadoop-ozone/integration-test/target/test-dir/MiniOzoneClusterImpl-e9a871d3-a5f2-4b32-9938-d4d926f9f817/datanode-6/data/ratis] (custom)
2019-10-01 22:05:25,932 [main] INFO  hdfs.DFSUtil (DFSUtil.java:httpServerTemplateForNNAndJN(1641)) - Starting Web-server for hddsDatanode at: http://0.0.0.0:0
2019-10-01 22:05:25,933 [main] INFO  server.AuthenticationFilter (AuthenticationFilter.java:constructSecretProvider(240)) - Unable to initialize FileSignerSecretProvider, falling back to use random secrets.
2019-10-01 22:05:25,934 [main] WARN  http.HttpRequestLog (HttpRequestLog.java:getRequestLog(97)) - Jetty request log can only be enabled using Log4j
2019-10-01 22:05:25,935 [main] INFO  http.HttpServer2 (HttpServer2.java:addGlobalFilter(975)) - Added global filter 'safety' (class=org.apache.hadoop.http.HttpServer2$QuotingInputFilter)
2019-10-01 22:05:25,935 [main] INFO  http.HttpServer2 (HttpServer2.java:addFilter(948)) - Added filter static_user_filter (class=org.apache.hadoop.http.lib.StaticUserWebFilter$StaticUserFilter) to context hddsDatanode
2019-10-01 22:05:25,935 [main] INFO  http.HttpServer2 (HttpServer2.java:addFilter(958)) - Added filter static_user_filter (class=org.apache.hadoop.http.lib.StaticUserWebFilter$StaticUserFilter) to context logs
2019-10-01 22:05:25,935 [main] INFO  http.HttpServer2 (HttpServer2.java:addFilter(958)) - Added filter static_user_filter (class=org.apache.hadoop.http.lib.StaticUserWebFilter$StaticUserFilter) to context static
2019-10-01 22:05:25,936 [main] INFO  http.HttpServer2 (HttpServer2.java:bindListener(1191)) - Jetty bound to port 35524
2019-10-01 22:05:25,936 [main] INFO  server.Server (Server.java:doStart(351)) - jetty-9.3.25.v20180904, build timestamp: 2018-09-04T21:11:46Z, git hash: 3ce520221d0240229c862b122d2b06c12a625732
2019-10-01 22:05:25,938 [main] INFO  handler.ContextHandler (ContextHandler.java:doStart(781)) - Started o.e.j.s.ServletContextHandler@3404e5c4{/logs,file:///workdir/hadoop-ozone/integration-test/target/log,AVAILABLE}
2019-10-01 22:05:25,938 [main] INFO  handler.ContextHandler (ContextHandler.java:doStart(781)) - Started o.e.j.s.ServletContextHandler@42d9e8d2{/static,jar:file:/home/user/.m2/repository/org/apache/hadoop/hadoop-hdds-container-service/0.5.0-SNAPSHOT/hadoop-hdds-container-service-0.5.0-SNAPSHOT.jar!/webapps/static,AVAILABLE}
2019-10-01 22:05:25,962 [main] INFO  handler.ContextHandler (ContextHandler.java:doStart(781)) - Started o.e.j.w.WebAppContext@5ba1b62e{/,file:///tmp/jetty-0.0.0.0-35524-hddsDatanode-_-any-4745639503861460729.dir/webapp/,AVAILABLE}{/hddsDatanode}
2019-10-01 22:05:25,962 [main] INFO  server.AbstractConnector (AbstractConnector.java:doStart(278)) - Started ServerConnector@65bd19bf{HTTP/1.1,[http/1.1]}{0.0.0.0:35524}
2019-10-01 22:05:25,969 [main] INFO  server.Server (Server.java:doStart(419)) - Started @587801ms
2019-10-01 22:05:25,969 [main] WARN  impl.MetricsSystemImpl (MetricsSystemImpl.java:register(276)) - Sink prometheus already exists!
2019-10-01 22:05:25,969 [main] INFO  server.BaseHttpServer (BaseHttpServer.java:updateConnectorAddress(215)) - HTTP server of HDDSDATANODE is listening at http://0.0.0.0:35524
2019-10-01 22:05:25,970 [main] INFO  ozone.MiniOzoneClusterImpl (MiniOzoneClusterImpl.java:lambda$waitForClusterToBeReady$0(147)) - Waiting for cluster to be ready. Got 0 of 7 DN Heartbeats.
2019-10-01 22:05:25,971 [org.apache.hadoop.util.JvmPauseMonitor$Monitor@7e79efcf] INFO  util.JvmPauseMonitor (JvmPauseMonitor.java:run(188)) - Starting JVM pause monitor
2019-10-01 22:05:25,972 [Datanode State Machine Thread - 0] INFO  datanode.InitDatanodeState (InitDatanodeState.java:persistContainerDatanodeDetails(140)) - DatanodeDetails is persisted to /workdir/hadoop-ozone/integration-test/target/test-dir/MiniOzoneClusterImpl-e9a871d3-a5f2-4b32-9938-d4d926f9f817/datanode-6/meta/datanode.id
2019-10-01 22:05:26,971 [main] INFO  ozone.MiniOzoneClusterImpl (MiniOzoneClusterImpl.java:lambda$waitForClusterToBeReady$0(147)) - Waiting for cluster to be ready. Got 0 of 7 DN Heartbeats.
2019-10-01 22:05:27,627 [Datanode State Machine Thread - 0] INFO  ozoneimpl.OzoneContainer (OzoneContainer.java:start(217)) - Attempting to start container services.
2019-10-01 22:05:27,627 [Datanode State Machine Thread - 0] INFO  ozoneimpl.OzoneContainer (OzoneContainer.java:startContainerScrub(179)) - Background container scanner has been disabled.
2019-10-01 22:05:27,628 [Datanode State Machine Thread - 0] INFO  ratis.XceiverServerRatis (XceiverServerRatis.java:start(417)) - Starting XceiverServerRatis f8c2ad6a-3c8a-4833-ac9f-f4e448cef8cd at port 0
2019-10-01 22:05:27,635 [Datanode State Machine Thread - 0] INFO  impl.RaftServerProxy (RaftServerProxy.java:lambda$start$3(299)) - f8c2ad6a-3c8a-4833-ac9f-f4e448cef8cd: start RPC server
2019-10-01 22:05:27,637 [Datanode State Machine Thread - 0] INFO  server.GrpcService (GrpcService.java:startImpl(158)) - f8c2ad6a-3c8a-4833-ac9f-f4e448cef8cd: GrpcService started, listening on 0.0.0.0/0.0.0.0:38041
2019-10-01 22:05:27,637 [Datanode State Machine Thread - 0] INFO  ratis.XceiverServerRatis (XceiverServerRatis.java:start(427)) - XceiverServerRatis f8c2ad6a-3c8a-4833-ac9f-f4e448cef8cd is started using port 38041
2019-10-01 22:05:27,638 [Datanode State Machine Thread - 0] INFO  server.XceiverServerGrpc (XceiverServerGrpc.java:start(149)) - XceiverServerGrpc f8c2ad6a-3c8a-4833-ac9f-f4e448cef8cd is started using port 33370
2019-10-01 22:05:27,678 [Datanode State Machine Thread - 0] INFO  ozoneimpl.OzoneContainer (OzoneContainer.java:start(217)) - Attempting to start container services.
2019-10-01 22:05:27,679 [Datanode State Machine Thread - 0] INFO  ozoneimpl.OzoneContainer (OzoneContainer.java:startContainerScrub(179)) - Background container scanner has been disabled.
2019-10-01 22:05:27,679 [Datanode State Machine Thread - 0] INFO  ratis.XceiverServerRatis (XceiverServerRatis.java:start(417)) - Starting XceiverServerRatis f86b8727-f280-41d6-bb2a-18dbe766a50d at port 0
2019-10-01 22:05:27,688 [Datanode State Machine Thread - 0] INFO  impl.RaftServerProxy (RaftServerProxy.java:lambda$start$3(299)) - f86b8727-f280-41d6-bb2a-18dbe766a50d: start RPC server
2019-10-01 22:05:27,690 [Datanode State Machine Thread - 0] INFO  server.GrpcService (GrpcService.java:startImpl(158)) - f86b8727-f280-41d6-bb2a-18dbe766a50d: GrpcService started, listening on 0.0.0.0/0.0.0.0:34787
2019-10-01 22:05:27,691 [Datanode State Machine Thread - 0] INFO  ratis.XceiverServerRatis (XceiverServerRatis.java:start(427)) - XceiverServerRatis f86b8727-f280-41d6-bb2a-18dbe766a50d is started using port 34787
2019-10-01 22:05:27,693 [Datanode State Machine Thread - 0] INFO  server.XceiverServerGrpc (XceiverServerGrpc.java:start(149)) - XceiverServerGrpc f86b8727-f280-41d6-bb2a-18dbe766a50d is started using port 40000
2019-10-01 22:05:27,740 [Datanode State Machine Thread - 0] INFO  ozoneimpl.OzoneContainer (OzoneContainer.java:start(217)) - Attempting to start container services.
2019-10-01 22:05:27,741 [Datanode State Machine Thread - 0] INFO  ozoneimpl.OzoneContainer (OzoneContainer.java:startContainerScrub(179)) - Background container scanner has been disabled.
2019-10-01 22:05:27,741 [Datanode State Machine Thread - 0] INFO  ratis.XceiverServerRatis (XceiverServerRatis.java:start(417)) - Starting XceiverServerRatis 29b824a3-b223-4685-abc2-ff5392280330 at port 0
2019-10-01 22:05:27,748 [Datanode State Machine Thread - 0] INFO  impl.RaftServerProxy (RaftServerProxy.java:lambda$start$3(299)) - 29b824a3-b223-4685-abc2-ff5392280330: start RPC server
2019-10-01 22:05:27,750 [Datanode State Machine Thread - 0] INFO  server.GrpcService (GrpcService.java:startImpl(158)) - 29b824a3-b223-4685-abc2-ff5392280330: GrpcService started, listening on 0.0.0.0/0.0.0.0:36134
2019-10-01 22:05:27,750 [Datanode State Machine Thread - 0] INFO  ratis.XceiverServerRatis (XceiverServerRatis.java:start(427)) - XceiverServerRatis 29b824a3-b223-4685-abc2-ff5392280330 is started using port 36134
2019-10-01 22:05:27,753 [Datanode State Machine Thread - 0] INFO  server.XceiverServerGrpc (XceiverServerGrpc.java:start(149)) - XceiverServerGrpc 29b824a3-b223-4685-abc2-ff5392280330 is started using port 40676
2019-10-01 22:05:27,801 [Datanode State Machine Thread - 0] INFO  ozoneimpl.OzoneContainer (OzoneContainer.java:start(217)) - Attempting to start container services.
2019-10-01 22:05:27,802 [Datanode State Machine Thread - 0] INFO  ozoneimpl.OzoneContainer (OzoneContainer.java:startContainerScrub(179)) - Background container scanner has been disabled.
2019-10-01 22:05:27,802 [Datanode State Machine Thread - 0] INFO  ratis.XceiverServerRatis (XceiverServerRatis.java:start(417)) - Starting XceiverServerRatis 4323034a-2af4-43ac-bab1-2196d57280d1 at port 0
2019-10-01 22:05:27,810 [Datanode State Machine Thread - 0] INFO  impl.RaftServerProxy (RaftServerProxy.java:lambda$start$3(299)) - 4323034a-2af4-43ac-bab1-2196d57280d1: start RPC server
2019-10-01 22:05:27,811 [Datanode State Machine Thread - 0] INFO  server.GrpcService (GrpcService.java:startImpl(158)) - 4323034a-2af4-43ac-bab1-2196d57280d1: GrpcService started, listening on 0.0.0.0/0.0.0.0:33339
2019-10-01 22:05:27,811 [Datanode State Machine Thread - 0] INFO  ratis.XceiverServerRatis (XceiverServerRatis.java:start(427)) - XceiverServerRatis 4323034a-2af4-43ac-bab1-2196d57280d1 is started using port 33339
2019-10-01 22:05:27,812 [Datanode State Machine Thread - 0] INFO  server.XceiverServerGrpc (XceiverServerGrpc.java:start(149)) - XceiverServerGrpc 4323034a-2af4-43ac-bab1-2196d57280d1 is started using port 38733
2019-10-01 22:05:27,864 [Datanode State Machine Thread - 0] INFO  ozoneimpl.OzoneContainer (OzoneContainer.java:start(217)) - Attempting to start container services.
2019-10-01 22:05:27,864 [Datanode State Machine Thread - 0] INFO  ozoneimpl.OzoneContainer (OzoneContainer.java:startContainerScrub(179)) - Background container scanner has been disabled.
2019-10-01 22:05:27,864 [Datanode State Machine Thread - 0] INFO  ratis.XceiverServerRatis (XceiverServerRatis.java:start(417)) - Starting XceiverServerRatis 090b4e10-81d3-4da5-9567-4af0b3b54148 at port 0
2019-10-01 22:05:27,871 [Datanode State Machine Thread - 0] INFO  impl.RaftServerProxy (RaftServerProxy.java:lambda$start$3(299)) - 090b4e10-81d3-4da5-9567-4af0b3b54148: start RPC server
2019-10-01 22:05:27,874 [Datanode State Machine Thread - 0] INFO  server.GrpcService (GrpcService.java:startImpl(158)) - 090b4e10-81d3-4da5-9567-4af0b3b54148: GrpcService started, listening on 0.0.0.0/0.0.0.0:44759
2019-10-01 22:05:27,875 [Datanode State Machine Thread - 0] INFO  ratis.XceiverServerRatis (XceiverServerRatis.java:start(427)) - XceiverServerRatis 090b4e10-81d3-4da5-9567-4af0b3b54148 is started using port 44759
2019-10-01 22:05:27,877 [Datanode State Machine Thread - 0] INFO  server.XceiverServerGrpc (XceiverServerGrpc.java:start(149)) - XceiverServerGrpc 090b4e10-81d3-4da5-9567-4af0b3b54148 is started using port 37373
2019-10-01 22:05:27,922 [Datanode State Machine Thread - 0] INFO  ozoneimpl.OzoneContainer (OzoneContainer.java:start(217)) - Attempting to start container services.
2019-10-01 22:05:27,922 [Datanode State Machine Thread - 0] INFO  ozoneimpl.OzoneContainer (OzoneContainer.java:startContainerScrub(179)) - Background container scanner has been disabled.
2019-10-01 22:05:27,922 [Datanode State Machine Thread - 0] INFO  ratis.XceiverServerRatis (XceiverServerRatis.java:start(417)) - Starting XceiverServerRatis 4d76249b-6356-4acc-ba4b-eacf1d81f369 at port 0
2019-10-01 22:05:27,929 [Datanode State Machine Thread - 0] INFO  impl.RaftServerProxy (RaftServerProxy.java:lambda$start$3(299)) - 4d76249b-6356-4acc-ba4b-eacf1d81f369: start RPC server
2019-10-01 22:05:27,931 [Datanode State Machine Thread - 0] INFO  server.GrpcService (GrpcService.java:startImpl(158)) - 4d76249b-6356-4acc-ba4b-eacf1d81f369: GrpcService started, listening on 0.0.0.0/0.0.0.0:38581
2019-10-01 22:05:27,931 [Datanode State Machine Thread - 0] INFO  ratis.XceiverServerRatis (XceiverServerRatis.java:start(427)) - XceiverServerRatis 4d76249b-6356-4acc-ba4b-eacf1d81f369 is started using port 38581
2019-10-01 22:05:27,949 [Datanode State Machine Thread - 0] INFO  server.XceiverServerGrpc (XceiverServerGrpc.java:start(149)) - XceiverServerGrpc 4d76249b-6356-4acc-ba4b-eacf1d81f369 is started using port 41477
2019-10-01 22:05:27,971 [main] INFO  ozone.MiniOzoneClusterImpl (MiniOzoneClusterImpl.java:lambda$waitForClusterToBeReady$0(147)) - Waiting for cluster to be ready. Got 0 of 7 DN Heartbeats.
2019-10-01 22:05:27,982 [Datanode State Machine Thread - 0] INFO  ozoneimpl.OzoneContainer (OzoneContainer.java:start(217)) - Attempting to start container services.
2019-10-01 22:05:27,982 [Datanode State Machine Thread - 0] INFO  ozoneimpl.OzoneContainer (OzoneContainer.java:startContainerScrub(179)) - Background container scanner has been disabled.
2019-10-01 22:05:27,982 [Datanode State Machine Thread - 0] INFO  ratis.XceiverServerRatis (XceiverServerRatis.java:start(417)) - Starting XceiverServerRatis 41e483d8-a8cb-4ac7-b9f7-974b51399050 at port 0
2019-10-01 22:05:27,990 [Datanode State Machine Thread - 0] INFO  impl.RaftServerProxy (RaftServerProxy.java:lambda$start$3(299)) - 41e483d8-a8cb-4ac7-b9f7-974b51399050: start RPC server
2019-10-01 22:05:27,993 [Datanode State Machine Thread - 0] INFO  server.GrpcService (GrpcService.java:startImpl(158)) - 41e483d8-a8cb-4ac7-b9f7-974b51399050: GrpcService started, listening on 0.0.0.0/0.0.0.0:41192
2019-10-01 22:05:27,993 [Datanode State Machine Thread - 0] INFO  ratis.XceiverServerRatis (XceiverServerRatis.java:start(427)) - XceiverServerRatis 41e483d8-a8cb-4ac7-b9f7-974b51399050 is started using port 41192
2019-10-01 22:05:27,996 [Datanode State Machine Thread - 0] INFO  server.XceiverServerGrpc (XceiverServerGrpc.java:start(149)) - XceiverServerGrpc 41e483d8-a8cb-4ac7-b9f7-974b51399050 is started using port 39588
2019-10-01 22:05:28,972 [main] INFO  ozone.MiniOzoneClusterImpl (MiniOzoneClusterImpl.java:lambda$waitForClusterToBeReady$0(147)) - Waiting for cluster to be ready. Got 0 of 7 DN Heartbeats.
2019-10-01 22:05:29,610 [IPC Server handler 3 on 36034] INFO  net.NetworkTopology (NetworkTopologyImpl.java:add(111)) - Added a new node: /default-rack/f8c2ad6a-3c8a-4833-ac9f-f4e448cef8cd
2019-10-01 22:05:29,614 [IPC Server handler 3 on 36034] INFO  node.SCMNodeManager (SCMNodeManager.java:register(266)) - Registered Data node : f8c2ad6a-3c8a-4833-ac9f-f4e448cef8cd{ip: 192.168.164.217, host: pr-hdds-2224-n586v-1266706246, networkLocation: /default-rack, certSerialId: null}
2019-10-01 22:05:29,615 [EventQueue-NodeRegistrationContainerReportForDataNodeSafeModeRule] INFO  safemode.SCMSafeModeManager (DataNodeSafeModeRule.java:process(71)) - SCM in safe mode. 1 DataNodes registered, 1 required.
2019-10-01 22:05:29,618 [EventQueue-NodeRegistrationContainerReportForDataNodeSafeModeRule] INFO  safemode.SCMSafeModeManager (SCMSafeModeManager.java:validateSafeModeExitRules(177)) - ScmSafeModeManager, all rules are successfully validated
2019-10-01 22:05:29,618 [EventQueue-NodeRegistrationContainerReportForDataNodeSafeModeRule] INFO  safemode.SCMSafeModeManager (SCMSafeModeManager.java:exitSafeMode(193)) - SCM exiting safe mode.
2019-10-01 22:05:29,631 [grpc-default-executor-7] INFO  impl.RaftServerProxy (RaftServerProxy.java:addNew(89)) - f8c2ad6a-3c8a-4833-ac9f-f4e448cef8cd: addNew group-7467173F50CF:[f8c2ad6a-3c8a-4833-ac9f-f4e448cef8cd:192.168.164.217:38041] returns group-7467173F50CF:java.util.concurrent.CompletableFuture@40154cf6[Not completed]
2019-10-01 22:05:29,633 [pool-409-thread-1] INFO  impl.RaftServerImpl (RaftServerImpl.java:<init>(95)) - f8c2ad6a-3c8a-4833-ac9f-f4e448cef8cd: new RaftServerImpl for group-7467173F50CF:[f8c2ad6a-3c8a-4833-ac9f-f4e448cef8cd:192.168.164.217:38041] with ContainerStateMachine:uninitialized
2019-10-01 22:05:29,634 [pool-409-thread-1] INFO  server.RaftServerConfigKeys (ConfUtils.java:logGet(43)) - raft.server.rpc.timeout.min = 5s (custom)
2019-10-01 22:05:29,634 [pool-409-thread-1] INFO  server.RaftServerConfigKeys (ConfUtils.java:logGet(43)) - raft.server.rpc.timeout.max = 5200ms (custom)
2019-10-01 22:05:29,634 [pool-409-thread-1] INFO  server.RaftServerConfigKeys (ConfUtils.java:logGet(43)) - raft.server.rpcslowness.timeout = 120s (custom)
2019-10-01 22:05:29,634 [pool-409-thread-1] INFO  server.RaftServerConfigKeys (ConfUtils.java:logGet(43)) - raft.server.sleep.deviation.threshold = 300 (default)
2019-10-01 22:05:29,634 [pool-409-thread-1] INFO  server.RaftServerConfigKeys (ConfUtils.java:logGet(43)) - raft.server.log.appender.install.snapshot.enabled = false (custom)
2019-10-01 22:05:29,634 [pool-409-thread-1] INFO  impl.RaftServerImpl (ServerState.java:<init>(103)) - f8c2ad6a-3c8a-4833-ac9f-f4e448cef8cd@group-7467173F50CF: ConfigurationManager, init=-1: [f8c2ad6a-3c8a-4833-ac9f-f4e448cef8cd:192.168.164.217:38041], old=null, confs=<EMPTY_MAP>
2019-10-01 22:05:29,635 [pool-409-thread-1] INFO  server.RaftServerConfigKeys (ConfUtils.java:logGet(43)) - raft.server.storage.dir = [/workdir/hadoop-ozone/integration-test/target/test-dir/MiniOzoneClusterImpl-e9a871d3-a5f2-4b32-9938-d4d926f9f817/datanode-0/data/ratis] (custom)
2019-10-01 22:05:29,635 [pool-409-thread-1] INFO  server.RaftServerConfigKeys (ConfUtils.java:logGet(43)) - raft.server.log.corruption.policy = EXCEPTION (default)
2019-10-01 22:05:29,635 [pool-409-thread-1] INFO  storage.RaftStorageDirectory (RaftStorageDirectory.java:analyzeStorage(246)) - The storage directory /workdir/hadoop-ozone/integration-test/target/test-dir/MiniOzoneClusterImpl-e9a871d3-a5f2-4b32-9938-d4d926f9f817/datanode-0/data/ratis/49c08460-c350-4ec0-a8ed-7467173f50cf does not exist. Creating ...
2019-10-01 22:05:29,649 [pool-409-thread-1] INFO  storage.RaftStorageDirectory (RaftStorageDirectory.java:tryLock(328)) - Lock on /workdir/hadoop-ozone/integration-test/target/test-dir/MiniOzoneClusterImpl-e9a871d3-a5f2-4b32-9938-d4d926f9f817/datanode-0/data/ratis/49c08460-c350-4ec0-a8ed-7467173f50cf/in_use.lock acquired by nodename 13566@pr-hdds-2224-n586v-1266706246
2019-10-01 22:05:29,662 [pool-409-thread-1] INFO  storage.RaftStorage (RaftStorage.java:format(84)) - Storage directory /workdir/hadoop-ozone/integration-test/target/test-dir/MiniOzoneClusterImpl-e9a871d3-a5f2-4b32-9938-d4d926f9f817/datanode-0/data/ratis/49c08460-c350-4ec0-a8ed-7467173f50cf has been successfully formatted.
2019-10-01 22:05:29,662 [pool-409-thread-1] INFO  ratis.ContainerStateMachine (ContainerStateMachine.java:loadSnapshot(230)) - group-7467173F50CF: The snapshot info is null. Setting the last applied indexto:(t:0, i:~)
2019-10-01 22:05:29,662 [pool-409-thread-1] INFO  server.RaftServerConfigKeys (ConfUtils.java:logGet(43)) - raft.server.notification.no-leader.timeout = 120s (custom)
2019-10-01 22:05:29,663 [pool-409-thread-1] INFO  server.RaftServerConfigKeys (ConfUtils.java:logGet(43)) - raft.server.log.use.memory = false (default)
2019-10-01 22:05:29,663 [pool-409-thread-1] INFO  server.RaftServerConfigKeys (ConfUtils.java:logGet(43)) - raft.server.log.purge.gap = 1000000 (custom)
2019-10-01 22:05:29,663 [pool-409-thread-1] INFO  server.RaftServerConfigKeys (ConfUtils.java:logGet(43)) - raft.server.log.appender.buffer.byte-limit = 33554432 (custom)
2019-10-01 22:05:29,663 [pool-409-thread-1] INFO  server.RaftServerConfigKeys (ConfUtils.java:logGet(43)) - raft.server.log.segment.size.max = 1048576 (custom)
2019-10-01 22:05:29,664 [IPC Server handler 4 on 36034] INFO  net.NetworkTopology (NetworkTopologyImpl.java:add(111)) - Added a new node: /default-rack/f86b8727-f280-41d6-bb2a-18dbe766a50d
2019-10-01 22:05:29,664 [IPC Server handler 4 on 36034] INFO  node.SCMNodeManager (SCMNodeManager.java:register(266)) - Registered Data node : f86b8727-f280-41d6-bb2a-18dbe766a50d{ip: 192.168.164.217, host: pr-hdds-2224-n586v-1266706246, networkLocation: /default-rack, certSerialId: null}
2019-10-01 22:05:29,665 [pool-409-thread-1] INFO  server.RaftServerConfigKeys (ConfUtils.java:logGet(43)) - raft.server.log.segment.cache.num.max = 2 (custom)
2019-10-01 22:05:29,665 [pool-409-thread-1] INFO  segmented.SegmentedRaftLogWorker (SegmentedRaftLogWorker.java:<init>(173)) - new f8c2ad6a-3c8a-4833-ac9f-f4e448cef8cd@group-7467173F50CF-SegmentedRaftLogWorker for RaftStorage:Storage Directory /workdir/hadoop-ozone/integration-test/target/test-dir/MiniOzoneClusterImpl-e9a871d3-a5f2-4b32-9938-d4d926f9f817/datanode-0/data/ratis/49c08460-c350-4ec0-a8ed-7467173f50cf
2019-10-01 22:05:29,665 [pool-409-thread-1] INFO  server.RaftServerConfigKeys (ConfUtils.java:logGet(43)) - raft.server.log.queue.byte-limit = 2147483647 (custom)
2019-10-01 22:05:29,665 [pool-409-thread-1] INFO  server.RaftServerConfigKeys (ConfUtils.java:logGet(43)) - raft.server.log.queue.element-limit = 1024 (custom)
2019-10-01 22:05:29,665 [pool-409-thread-1] INFO  server.RaftServerConfigKeys (ConfUtils.java:logGet(43)) - raft.server.log.segment.size.max = 1048576 (custom)
2019-10-01 22:05:29,666 [pool-409-thread-1] INFO  server.RaftServerConfigKeys (ConfUtils.java:logGet(43)) - raft.server.log.preallocated.size = 16384 (custom)
2019-10-01 22:05:29,666 [pool-409-thread-1] INFO  server.RaftServerConfigKeys (ConfUtils.java:logGet(43)) - raft.server.log.write.buffer.size = 33554432 (custom)
2019-10-01 22:05:29,666 [pool-409-thread-1] INFO  server.RaftServerConfigKeys (ConfUtils.java:logGet(43)) - raft.server.log.force.sync.num = 128 (default)
2019-10-01 22:05:29,666 [pool-409-thread-1] INFO  server.RaftServerConfigKeys (ConfUtils.java:logGet(43)) - raft.server.log.statemachine.data.sync = true (default)
2019-10-01 22:05:29,666 [pool-409-thread-1] INFO  server.RaftServerConfigKeys (ConfUtils.java:logGet(43)) - raft.server.log.statemachine.data.sync.timeout = 10s (default)
2019-10-01 22:05:29,666 [pool-409-thread-1] INFO  server.RaftServerConfigKeys (ConfUtils.java:logGet(43)) - raft.server.log.statemachine.data.sync.timeout.retry = -1 (default)
2019-10-01 22:05:29,667 [pool-409-thread-1] INFO  server.RaftServerConfigKeys (ConfUtils.java:logGet(43)) - raft.server.log.statemachine.data.caching.enabled = true (custom)
2019-10-01 22:05:29,667 [pool-409-thread-1] INFO  segmented.SegmentedRaftLogWorker (SegmentedRaftLogWorker.java:lambda$new$0(128)) - f8c2ad6a-3c8a-4833-ac9f-f4e448cef8cd@group-7467173F50CF-SegmentedRaftLogWorker: flushIndex: setUnconditionally 0 -> -1
2019-10-01 22:05:29,667 [pool-409-thread-1] INFO  server.RaftServerConfigKeys (ConfUtils.java:logGet(43)) - raft.server.snapshot.auto.trigger.enabled = true (custom)
2019-10-01 22:05:29,667 [pool-409-thread-1] INFO  server.RaftServerConfigKeys (ConfUtils.java:logGet(43)) - raft.server.snapshot.auto.trigger.threshold = 10000 (custom)
2019-10-01 22:05:29,668 [pool-409-thread-1] INFO  server.RaftServerConfigKeys (ConfUtils.java:logGet(43)) - raft.server.snapshot.retention.file.num = 5 (custom)
2019-10-01 22:05:29,668 [pool-409-thread-1] INFO  server.RaftServerConfigKeys (ConfUtils.java:logGet(43)) - raft.server.retrycache.expirytime = 600000ms (custom)
2019-10-01 22:05:29,669 [pool-409-thread-1] INFO  impl.RaftServerImpl (RaftServerImpl.java:start(181)) - f8c2ad6a-3c8a-4833-ac9f-f4e448cef8cd@group-7467173F50CF: start as a follower, conf=-1: [f8c2ad6a-3c8a-4833-ac9f-f4e448cef8cd:192.168.164.217:38041], old=null
2019-10-01 22:05:29,669 [pool-409-thread-1] INFO  impl.RaftServerImpl (RaftServerImpl.java:setRole(170)) - f8c2ad6a-3c8a-4833-ac9f-f4e448cef8cd@group-7467173F50CF: changes role from      null to FOLLOWER at term 0 for startAsFollower
2019-10-01 22:05:29,670 [pool-409-thread-1] INFO  impl.RoleInfo (RoleInfo.java:updateAndGet(143)) - f8c2ad6a-3c8a-4833-ac9f-f4e448cef8cd: start FollowerState
2019-10-01 22:05:29,670 [pool-409-thread-1] INFO  util.JmxRegister (JmxRegister.java:tryRegister(44)) - Successfully registered JMX Bean with object name Ratis:service=RaftServer,group=group-7467173F50CF,id=f8c2ad6a-3c8a-4833-ac9f-f4e448cef8cd
2019-10-01 22:05:29,677 [RatisPipelineUtilsThread] INFO  pipeline.PipelineStateManager (PipelineStateManager.java:addPipeline(56)) - Created pipeline Pipeline[ Id: 49c08460-c350-4ec0-a8ed-7467173f50cf, Nodes: f8c2ad6a-3c8a-4833-ac9f-f4e448cef8cd{ip: 192.168.164.217, host: pr-hdds-2224-n586v-1266706246, networkLocation: /default-rack, certSerialId: null}, Type:RATIS, Factor:ONE, State:OPEN]
2019-10-01 22:05:29,684 [grpc-default-executor-7] INFO  impl.RaftServerProxy (RaftServerProxy.java:addNew(89)) - f86b8727-f280-41d6-bb2a-18dbe766a50d: addNew group-64B52DD934A7:[f86b8727-f280-41d6-bb2a-18dbe766a50d:192.168.164.217:34787] returns group-64B52DD934A7:java.util.concurrent.CompletableFuture@312b5405[Not completed]
2019-10-01 22:05:29,685 [pool-419-thread-1] INFO  impl.RaftServerImpl (RaftServerImpl.java:<init>(95)) - f86b8727-f280-41d6-bb2a-18dbe766a50d: new RaftServerImpl for group-64B52DD934A7:[f86b8727-f280-41d6-bb2a-18dbe766a50d:192.168.164.217:34787] with ContainerStateMachine:uninitialized
2019-10-01 22:05:29,685 [pool-419-thread-1] INFO  server.RaftServerConfigKeys (ConfUtils.java:logGet(43)) - raft.server.rpc.timeout.min = 5s (custom)
2019-10-01 22:05:29,685 [pool-419-thread-1] INFO  server.RaftServerConfigKeys (ConfUtils.java:logGet(43)) - raft.server.rpc.timeout.max = 5200ms (custom)
2019-10-01 22:05:29,685 [pool-419-thread-1] INFO  server.RaftServerConfigKeys (ConfUtils.java:logGet(43)) - raft.server.rpcslowness.timeout = 120s (custom)
2019-10-01 22:05:29,686 [pool-419-thread-1] INFO  server.RaftServerConfigKeys (ConfUtils.java:logGet(43)) - raft.server.sleep.deviation.threshold = 300 (default)
2019-10-01 22:05:29,686 [pool-419-thread-1] INFO  server.RaftServerConfigKeys (ConfUtils.java:logGet(43)) - raft.server.log.appender.install.snapshot.enabled = false (custom)
2019-10-01 22:05:29,686 [pool-419-thread-1] INFO  impl.RaftServerImpl (ServerState.java:<init>(103)) - f86b8727-f280-41d6-bb2a-18dbe766a50d@group-64B52DD934A7: ConfigurationManager, init=-1: [f86b8727-f280-41d6-bb2a-18dbe766a50d:192.168.164.217:34787], old=null, confs=<EMPTY_MAP>
2019-10-01 22:05:29,686 [pool-419-thread-1] INFO  server.RaftServerConfigKeys (ConfUtils.java:logGet(43)) - raft.server.storage.dir = [/workdir/hadoop-ozone/integration-test/target/test-dir/MiniOzoneClusterImpl-e9a871d3-a5f2-4b32-9938-d4d926f9f817/datanode-1/data/ratis] (custom)
2019-10-01 22:05:29,686 [pool-419-thread-1] INFO  server.RaftServerConfigKeys (ConfUtils.java:logGet(43)) - raft.server.log.corruption.policy = EXCEPTION (default)
2019-10-01 22:05:29,687 [pool-419-thread-1] INFO  storage.RaftStorageDirectory (RaftStorageDirectory.java:analyzeStorage(246)) - The storage directory /workdir/hadoop-ozone/integration-test/target/test-dir/MiniOzoneClusterImpl-e9a871d3-a5f2-4b32-9938-d4d926f9f817/datanode-1/data/ratis/840591c2-30c6-4a68-9e96-64b52dd934a7 does not exist. Creating ...
2019-10-01 22:05:29,700 [pool-419-thread-1] INFO  storage.RaftStorageDirectory (RaftStorageDirectory.java:tryLock(328)) - Lock on /workdir/hadoop-ozone/integration-test/target/test-dir/MiniOzoneClusterImpl-e9a871d3-a5f2-4b32-9938-d4d926f9f817/datanode-1/data/ratis/840591c2-30c6-4a68-9e96-64b52dd934a7/in_use.lock acquired by nodename 13566@pr-hdds-2224-n586v-1266706246
2019-10-01 22:05:29,718 [pool-419-thread-1] INFO  storage.RaftStorage (RaftStorage.java:format(84)) - Storage directory /workdir/hadoop-ozone/integration-test/target/test-dir/MiniOzoneClusterImpl-e9a871d3-a5f2-4b32-9938-d4d926f9f817/datanode-1/data/ratis/840591c2-30c6-4a68-9e96-64b52dd934a7 has been successfully formatted.
2019-10-01 22:05:29,719 [pool-419-thread-1] INFO  ratis.ContainerStateMachine (ContainerStateMachine.java:loadSnapshot(230)) - group-64B52DD934A7: The snapshot info is null. Setting the last applied indexto:(t:0, i:~)
2019-10-01 22:05:29,719 [pool-419-thread-1] INFO  server.RaftServerConfigKeys (ConfUtils.java:logGet(43)) - raft.server.notification.no-leader.timeout = 120s (custom)
2019-10-01 22:05:29,719 [pool-419-thread-1] INFO  server.RaftServerConfigKeys (ConfUtils.java:logGet(43)) - raft.server.log.use.memory = false (default)
2019-10-01 22:05:29,720 [pool-419-thread-1] INFO  server.RaftServerConfigKeys (ConfUtils.java:logGet(43)) - raft.server.log.purge.gap = 1000000 (custom)
2019-10-01 22:05:29,720 [pool-419-thread-1] INFO  server.RaftServerConfigKeys (ConfUtils.java:logGet(43)) - raft.server.log.appender.buffer.byte-limit = 33554432 (custom)
2019-10-01 22:05:29,720 [pool-419-thread-1] INFO  server.RaftServerConfigKeys (ConfUtils.java:logGet(43)) - raft.server.log.segment.size.max = 1048576 (custom)
2019-10-01 22:05:29,725 [pool-419-thread-1] INFO  server.RaftServerConfigKeys (ConfUtils.java:logGet(43)) - raft.server.log.segment.cache.num.max = 2 (custom)
2019-10-01 22:05:29,725 [pool-419-thread-1] INFO  segmented.SegmentedRaftLogWorker (SegmentedRaftLogWorker.java:<init>(173)) - new f86b8727-f280-41d6-bb2a-18dbe766a50d@group-64B52DD934A7-SegmentedRaftLogWorker for RaftStorage:Storage Directory /workdir/hadoop-ozone/integration-test/target/test-dir/MiniOzoneClusterImpl-e9a871d3-a5f2-4b32-9938-d4d926f9f817/datanode-1/data/ratis/840591c2-30c6-4a68-9e96-64b52dd934a7
2019-10-01 22:05:29,725 [pool-419-thread-1] INFO  server.RaftServerConfigKeys (ConfUtils.java:logGet(43)) - raft.server.log.queue.byte-limit = 2147483647 (custom)
2019-10-01 22:05:29,726 [pool-419-thread-1] INFO  server.RaftServerConfigKeys (ConfUtils.java:logGet(43)) - raft.server.log.queue.element-limit = 1024 (custom)
2019-10-01 22:05:29,726 [pool-419-thread-1] INFO  server.RaftServerConfigKeys (ConfUtils.java:logGet(43)) - raft.server.log.segment.size.max = 1048576 (custom)
2019-10-01 22:05:29,726 [pool-419-thread-1] INFO  server.RaftServerConfigKeys (ConfUtils.java:logGet(43)) - raft.server.log.preallocated.size = 16384 (custom)
2019-10-01 22:05:29,726 [pool-419-thread-1] INFO  server.RaftServerConfigKeys (ConfUtils.java:logGet(43)) - raft.server.log.write.buffer.size = 33554432 (custom)
2019-10-01 22:05:29,726 [pool-419-thread-1] INFO  server.RaftServerConfigKeys (ConfUtils.java:logGet(43)) - raft.server.log.force.sync.num = 128 (default)
2019-10-01 22:05:29,727 [pool-419-thread-1] INFO  server.RaftServerConfigKeys (ConfUtils.java:logGet(43)) - raft.server.log.statemachine.data.sync = true (default)
2019-10-01 22:05:29,727 [pool-419-thread-1] INFO  server.RaftServerConfigKeys (ConfUtils.java:logGet(43)) - raft.server.log.statemachine.data.sync.timeout = 10s (default)
2019-10-01 22:05:29,727 [pool-419-thread-1] INFO  server.RaftServerConfigKeys (ConfUtils.java:logGet(43)) - raft.server.log.statemachine.data.sync.timeout.retry = -1 (default)
2019-10-01 22:05:29,728 [pool-419-thread-1] INFO  server.RaftServerConfigKeys (ConfUtils.java:logGet(43)) - raft.server.log.statemachine.data.caching.enabled = true (custom)
2019-10-01 22:05:29,728 [pool-419-thread-1] INFO  segmented.SegmentedRaftLogWorker (SegmentedRaftLogWorker.java:lambda$new$0(128)) - f86b8727-f280-41d6-bb2a-18dbe766a50d@group-64B52DD934A7-SegmentedRaftLogWorker: flushIndex: setUnconditionally 0 -> -1
2019-10-01 22:05:29,729 [pool-419-thread-1] INFO  server.RaftServerConfigKeys (ConfUtils.java:logGet(43)) - raft.server.snapshot.auto.trigger.enabled = true (custom)
2019-10-01 22:05:29,729 [pool-419-thread-1] INFO  server.RaftServerConfigKeys (ConfUtils.java:logGet(43)) - raft.server.snapshot.auto.trigger.threshold = 10000 (custom)
2019-10-01 22:05:29,729 [pool-419-thread-1] INFO  server.RaftServerConfigKeys (ConfUtils.java:logGet(43)) - raft.server.snapshot.retention.file.num = 5 (custom)
2019-10-01 22:05:29,730 [pool-419-thread-1] INFO  server.RaftServerConfigKeys (ConfUtils.java:logGet(43)) - raft.server.retrycache.expirytime = 600000ms (custom)
2019-10-01 22:05:29,730 [IPC Server handler 5 on 36034] INFO  net.NetworkTopology (NetworkTopologyImpl.java:add(111)) - Added a new node: /default-rack/29b824a3-b223-4685-abc2-ff5392280330
2019-10-01 22:05:29,731 [IPC Server handler 5 on 36034] INFO  node.SCMNodeManager (SCMNodeManager.java:register(266)) - Registered Data node : 29b824a3-b223-4685-abc2-ff5392280330{ip: 192.168.164.217, host: pr-hdds-2224-n586v-1266706246, networkLocation: /default-rack, certSerialId: null}
2019-10-01 22:05:29,732 [pool-419-thread-1] INFO  impl.RaftServerImpl (RaftServerImpl.java:start(181)) - f86b8727-f280-41d6-bb2a-18dbe766a50d@group-64B52DD934A7: start as a follower, conf=-1: [f86b8727-f280-41d6-bb2a-18dbe766a50d:192.168.164.217:34787], old=null
2019-10-01 22:05:29,732 [pool-419-thread-1] INFO  impl.RaftServerImpl (RaftServerImpl.java:setRole(170)) - f86b8727-f280-41d6-bb2a-18dbe766a50d@group-64B52DD934A7: changes role from      null to FOLLOWER at term 0 for startAsFollower
2019-10-01 22:05:29,732 [pool-419-thread-1] INFO  impl.RoleInfo (RoleInfo.java:updateAndGet(143)) - f86b8727-f280-41d6-bb2a-18dbe766a50d: start FollowerState
2019-10-01 22:05:29,732 [pool-419-thread-1] INFO  util.JmxRegister (JmxRegister.java:tryRegister(44)) - Successfully registered JMX Bean with object name Ratis:service=RaftServer,group=group-64B52DD934A7,id=f86b8727-f280-41d6-bb2a-18dbe766a50d
2019-10-01 22:05:29,741 [RatisPipelineUtilsThread] INFO  pipeline.PipelineStateManager (PipelineStateManager.java:addPipeline(56)) - Created pipeline Pipeline[ Id: 840591c2-30c6-4a68-9e96-64b52dd934a7, Nodes: f86b8727-f280-41d6-bb2a-18dbe766a50d{ip: 192.168.164.217, host: pr-hdds-2224-n586v-1266706246, networkLocation: /default-rack, certSerialId: null}, Type:RATIS, Factor:ONE, State:OPEN]
2019-10-01 22:05:29,750 [grpc-default-executor-7] INFO  impl.RaftServerProxy (RaftServerProxy.java:addNew(89)) - 29b824a3-b223-4685-abc2-ff5392280330: addNew group-4C139C1AE2A7:[29b824a3-b223-4685-abc2-ff5392280330:192.168.164.217:36134] returns group-4C139C1AE2A7:java.util.concurrent.CompletableFuture@307b5012[Not completed]
2019-10-01 22:05:29,751 [pool-429-thread-1] INFO  impl.RaftServerImpl (RaftServerImpl.java:<init>(95)) - 29b824a3-b223-4685-abc2-ff5392280330: new RaftServerImpl for group-4C139C1AE2A7:[29b824a3-b223-4685-abc2-ff5392280330:192.168.164.217:36134] with ContainerStateMachine:uninitialized
2019-10-01 22:05:29,752 [pool-429-thread-1] INFO  server.RaftServerConfigKeys (ConfUtils.java:logGet(43)) - raft.server.rpc.timeout.min = 5s (custom)
2019-10-01 22:05:29,752 [pool-429-thread-1] INFO  server.RaftServerConfigKeys (ConfUtils.java:logGet(43)) - raft.server.rpc.timeout.max = 5200ms (custom)
2019-10-01 22:05:29,752 [pool-429-thread-1] INFO  server.RaftServerConfigKeys (ConfUtils.java:logGet(43)) - raft.server.rpcslowness.timeout = 120s (custom)
2019-10-01 22:05:29,752 [pool-429-thread-1] INFO  server.RaftServerConfigKeys (ConfUtils.java:logGet(43)) - raft.server.sleep.deviation.threshold = 300 (default)
2019-10-01 22:05:29,752 [pool-429-thread-1] INFO  server.RaftServerConfigKeys (ConfUtils.java:logGet(43)) - raft.server.log.appender.install.snapshot.enabled = false (custom)
2019-10-01 22:05:29,752 [pool-429-thread-1] INFO  impl.RaftServerImpl (ServerState.java:<init>(103)) - 29b824a3-b223-4685-abc2-ff5392280330@group-4C139C1AE2A7: ConfigurationManager, init=-1: [29b824a3-b223-4685-abc2-ff5392280330:192.168.164.217:36134], old=null, confs=<EMPTY_MAP>
2019-10-01 22:05:29,752 [pool-429-thread-1] INFO  server.RaftServerConfigKeys (ConfUtils.java:logGet(43)) - raft.server.storage.dir = [/workdir/hadoop-ozone/integration-test/target/test-dir/MiniOzoneClusterImpl-e9a871d3-a5f2-4b32-9938-d4d926f9f817/datanode-2/data/ratis] (custom)
2019-10-01 22:05:29,753 [pool-429-thread-1] INFO  server.RaftServerConfigKeys (ConfUtils.java:logGet(43)) - raft.server.log.corruption.policy = EXCEPTION (default)
2019-10-01 22:05:29,753 [pool-429-thread-1] INFO  storage.RaftStorageDirectory (RaftStorageDirectory.java:analyzeStorage(246)) - The storage directory /workdir/hadoop-ozone/integration-test/target/test-dir/MiniOzoneClusterImpl-e9a871d3-a5f2-4b32-9938-d4d926f9f817/datanode-2/data/ratis/284a03dd-92e3-46ea-9f7f-4c139c1ae2a7 does not exist. Creating ...
2019-10-01 22:05:29,765 [pool-429-thread-1] INFO  storage.RaftStorageDirectory (RaftStorageDirectory.java:tryLock(328)) - Lock on /workdir/hadoop-ozone/integration-test/target/test-dir/MiniOzoneClusterImpl-e9a871d3-a5f2-4b32-9938-d4d926f9f817/datanode-2/data/ratis/284a03dd-92e3-46ea-9f7f-4c139c1ae2a7/in_use.lock acquired by nodename 13566@pr-hdds-2224-n586v-1266706246
2019-10-01 22:05:29,778 [pool-429-thread-1] INFO  storage.RaftStorage (RaftStorage.java:format(84)) - Storage directory /workdir/hadoop-ozone/integration-test/target/test-dir/MiniOzoneClusterImpl-e9a871d3-a5f2-4b32-9938-d4d926f9f817/datanode-2/data/ratis/284a03dd-92e3-46ea-9f7f-4c139c1ae2a7 has been successfully formatted.
2019-10-01 22:05:29,778 [pool-429-thread-1] INFO  ratis.ContainerStateMachine (ContainerStateMachine.java:loadSnapshot(230)) - group-4C139C1AE2A7: The snapshot info is null. Setting the last applied indexto:(t:0, i:~)
2019-10-01 22:05:29,778 [pool-429-thread-1] INFO  server.RaftServerConfigKeys (ConfUtils.java:logGet(43)) - raft.server.notification.no-leader.timeout = 120s (custom)
2019-10-01 22:05:29,778 [pool-429-thread-1] INFO  server.RaftServerConfigKeys (ConfUtils.java:logGet(43)) - raft.server.log.use.memory = false (default)
2019-10-01 22:05:29,778 [pool-429-thread-1] INFO  server.RaftServerConfigKeys (ConfUtils.java:logGet(43)) - raft.server.log.purge.gap = 1000000 (custom)
2019-10-01 22:05:29,779 [pool-429-thread-1] INFO  server.RaftServerConfigKeys (ConfUtils.java:logGet(43)) - raft.server.log.appender.buffer.byte-limit = 33554432 (custom)
2019-10-01 22:05:29,779 [pool-429-thread-1] INFO  server.RaftServerConfigKeys (ConfUtils.java:logGet(43)) - raft.server.log.segment.size.max = 1048576 (custom)
2019-10-01 22:05:29,780 [pool-429-thread-1] INFO  server.RaftServerConfigKeys (ConfUtils.java:logGet(43)) - raft.server.log.segment.cache.num.max = 2 (custom)
2019-10-01 22:05:29,780 [pool-429-thread-1] INFO  segmented.SegmentedRaftLogWorker (SegmentedRaftLogWorker.java:<init>(173)) - new 29b824a3-b223-4685-abc2-ff5392280330@group-4C139C1AE2A7-SegmentedRaftLogWorker for RaftStorage:Storage Directory /workdir/hadoop-ozone/integration-test/target/test-dir/MiniOzoneClusterImpl-e9a871d3-a5f2-4b32-9938-d4d926f9f817/datanode-2/data/ratis/284a03dd-92e3-46ea-9f7f-4c139c1ae2a7
2019-10-01 22:05:29,780 [pool-429-thread-1] INFO  server.RaftServerConfigKeys (ConfUtils.java:logGet(43)) - raft.server.log.queue.byte-limit = 2147483647 (custom)
2019-10-01 22:05:29,781 [pool-429-thread-1] INFO  server.RaftServerConfigKeys (ConfUtils.java:logGet(43)) - raft.server.log.queue.element-limit = 1024 (custom)
2019-10-01 22:05:29,781 [pool-429-thread-1] INFO  server.RaftServerConfigKeys (ConfUtils.java:logGet(43)) - raft.server.log.segment.size.max = 1048576 (custom)
2019-10-01 22:05:29,781 [pool-429-thread-1] INFO  server.RaftServerConfigKeys (ConfUtils.java:logGet(43)) - raft.server.log.preallocated.size = 16384 (custom)
2019-10-01 22:05:29,781 [pool-429-thread-1] INFO  server.RaftServerConfigKeys (ConfUtils.java:logGet(43)) - raft.server.log.write.buffer.size = 33554432 (custom)
2019-10-01 22:05:29,781 [pool-429-thread-1] INFO  server.RaftServerConfigKeys (ConfUtils.java:logGet(43)) - raft.server.log.force.sync.num = 128 (default)
2019-10-01 22:05:29,781 [pool-429-thread-1] INFO  server.RaftServerConfigKeys (ConfUtils.java:logGet(43)) - raft.server.log.statemachine.data.sync = true (default)
2019-10-01 22:05:29,781 [pool-429-thread-1] INFO  server.RaftServerConfigKeys (ConfUtils.java:logGet(43)) - raft.server.log.statemachine.data.sync.timeout = 10s (default)
2019-10-01 22:05:29,781 [pool-429-thread-1] INFO  server.RaftServerConfigKeys (ConfUtils.java:logGet(43)) - raft.server.log.statemachine.data.sync.timeout.retry = -1 (default)
2019-10-01 22:05:29,782 [pool-429-thread-1] INFO  server.RaftServerConfigKeys (ConfUtils.java:logGet(43)) - raft.server.log.statemachine.data.caching.enabled = true (custom)
2019-10-01 22:05:29,782 [pool-429-thread-1] INFO  segmented.SegmentedRaftLogWorker (SegmentedRaftLogWorker.java:lambda$new$0(128)) - 29b824a3-b223-4685-abc2-ff5392280330@group-4C139C1AE2A7-SegmentedRaftLogWorker: flushIndex: setUnconditionally 0 -> -1
2019-10-01 22:05:29,782 [pool-429-thread-1] INFO  server.RaftServerConfigKeys (ConfUtils.java:logGet(43)) - raft.server.snapshot.auto.trigger.enabled = true (custom)
2019-10-01 22:05:29,782 [pool-429-thread-1] INFO  server.RaftServerConfigKeys (ConfUtils.java:logGet(43)) - raft.server.snapshot.auto.trigger.threshold = 10000 (custom)
2019-10-01 22:05:29,783 [pool-429-thread-1] INFO  server.RaftServerConfigKeys (ConfUtils.java:logGet(43)) - raft.server.snapshot.retention.file.num = 5 (custom)
2019-10-01 22:05:29,783 [pool-429-thread-1] INFO  server.RaftServerConfigKeys (ConfUtils.java:logGet(43)) - raft.server.retrycache.expirytime = 600000ms (custom)
2019-10-01 22:05:29,784 [pool-429-thread-1] INFO  impl.RaftServerImpl (RaftServerImpl.java:start(181)) - 29b824a3-b223-4685-abc2-ff5392280330@group-4C139C1AE2A7: start as a follower, conf=-1: [29b824a3-b223-4685-abc2-ff5392280330:192.168.164.217:36134], old=null
2019-10-01 22:05:29,784 [pool-429-thread-1] INFO  impl.RaftServerImpl (RaftServerImpl.java:setRole(170)) - 29b824a3-b223-4685-abc2-ff5392280330@group-4C139C1AE2A7: changes role from      null to FOLLOWER at term 0 for startAsFollower
2019-10-01 22:05:29,784 [pool-429-thread-1] INFO  impl.RoleInfo (RoleInfo.java:updateAndGet(143)) - 29b824a3-b223-4685-abc2-ff5392280330: start FollowerState
2019-10-01 22:05:29,785 [pool-429-thread-1] INFO  util.JmxRegister (JmxRegister.java:tryRegister(44)) - Successfully registered JMX Bean with object name Ratis:service=RaftServer,group=group-4C139C1AE2A7,id=29b824a3-b223-4685-abc2-ff5392280330
2019-10-01 22:05:29,790 [RatisPipelineUtilsThread] INFO  pipeline.PipelineStateManager (PipelineStateManager.java:addPipeline(56)) - Created pipeline Pipeline[ Id: 284a03dd-92e3-46ea-9f7f-4c139c1ae2a7, Nodes: 29b824a3-b223-4685-abc2-ff5392280330{ip: 192.168.164.217, host: pr-hdds-2224-n586v-1266706246, networkLocation: /default-rack, certSerialId: null}, Type:RATIS, Factor:ONE, State:OPEN]
2019-10-01 22:05:29,791 [IPC Server handler 6 on 36034] INFO  net.NetworkTopology (NetworkTopologyImpl.java:add(111)) - Added a new node: /default-rack/4323034a-2af4-43ac-bab1-2196d57280d1
2019-10-01 22:05:29,791 [IPC Server handler 6 on 36034] INFO  node.SCMNodeManager (SCMNodeManager.java:register(266)) - Registered Data node : 4323034a-2af4-43ac-bab1-2196d57280d1{ip: 192.168.164.217, host: pr-hdds-2224-n586v-1266706246, networkLocation: /default-rack, certSerialId: null}
2019-10-01 22:05:29,803 [grpc-default-executor-5] INFO  impl.RaftServerProxy (RaftServerProxy.java:addNew(89)) - f86b8727-f280-41d6-bb2a-18dbe766a50d: addNew group-3F25343F6103:[29b824a3-b223-4685-abc2-ff5392280330:192.168.164.217:36134, 4323034a-2af4-43ac-bab1-2196d57280d1:192.168.164.217:33339, f86b8727-f280-41d6-bb2a-18dbe766a50d:192.168.164.217:34787] returns group-3F25343F6103:java.util.concurrent.CompletableFuture@5c00526a[Not completed]
2019-10-01 22:05:29,803 [grpc-default-executor-7] INFO  impl.RaftServerProxy (RaftServerProxy.java:addNew(89)) - 29b824a3-b223-4685-abc2-ff5392280330: addNew group-3F25343F6103:[29b824a3-b223-4685-abc2-ff5392280330:192.168.164.217:36134, 4323034a-2af4-43ac-bab1-2196d57280d1:192.168.164.217:33339, f86b8727-f280-41d6-bb2a-18dbe766a50d:192.168.164.217:34787] returns group-3F25343F6103:java.util.concurrent.CompletableFuture@1ba94c1d[Not completed]
2019-10-01 22:05:29,806 [grpc-default-executor-8] INFO  impl.RaftServerProxy (RaftServerProxy.java:addNew(89)) - 4323034a-2af4-43ac-bab1-2196d57280d1: addNew group-3F25343F6103:[29b824a3-b223-4685-abc2-ff5392280330:192.168.164.217:36134, 4323034a-2af4-43ac-bab1-2196d57280d1:192.168.164.217:33339, f86b8727-f280-41d6-bb2a-18dbe766a50d:192.168.164.217:34787] returns group-3F25343F6103:java.util.concurrent.CompletableFuture@2525e405[Not completed]
2019-10-01 22:05:29,806 [pool-419-thread-1] INFO  impl.RaftServerImpl (RaftServerImpl.java:<init>(95)) - f86b8727-f280-41d6-bb2a-18dbe766a50d: new RaftServerImpl for group-3F25343F6103:[29b824a3-b223-4685-abc2-ff5392280330:192.168.164.217:36134, 4323034a-2af4-43ac-bab1-2196d57280d1:192.168.164.217:33339, f86b8727-f280-41d6-bb2a-18dbe766a50d:192.168.164.217:34787] with ContainerStateMachine:uninitialized
2019-10-01 22:05:29,806 [pool-419-thread-1] INFO  server.RaftServerConfigKeys (ConfUtils.java:logGet(43)) - raft.server.rpc.timeout.min = 5s (custom)
2019-10-01 22:05:29,807 [pool-419-thread-1] INFO  server.RaftServerConfigKeys (ConfUtils.java:logGet(43)) - raft.server.rpc.timeout.max = 5200ms (custom)
2019-10-01 22:05:29,807 [pool-419-thread-1] INFO  server.RaftServerConfigKeys (ConfUtils.java:logGet(43)) - raft.server.rpcslowness.timeout = 120s (custom)
2019-10-01 22:05:29,807 [pool-439-thread-1] INFO  impl.RaftServerImpl (RaftServerImpl.java:<init>(95)) - 4323034a-2af4-43ac-bab1-2196d57280d1: new RaftServerImpl for group-3F25343F6103:[29b824a3-b223-4685-abc2-ff5392280330:192.168.164.217:36134, 4323034a-2af4-43ac-bab1-2196d57280d1:192.168.164.217:33339, f86b8727-f280-41d6-bb2a-18dbe766a50d:192.168.164.217:34787] with ContainerStateMachine:uninitialized
2019-10-01 22:05:29,807 [pool-419-thread-1] INFO  server.RaftServerConfigKeys (ConfUtils.java:logGet(43)) - raft.server.sleep.deviation.threshold = 300 (default)
2019-10-01 22:05:29,807 [pool-429-thread-1] INFO  impl.RaftServerImpl (RaftServerImpl.java:<init>(95)) - 29b824a3-b223-4685-abc2-ff5392280330: new RaftServerImpl for group-3F25343F6103:[29b824a3-b223-4685-abc2-ff5392280330:192.168.164.217:36134, 4323034a-2af4-43ac-bab1-2196d57280d1:192.168.164.217:33339, f86b8727-f280-41d6-bb2a-18dbe766a50d:192.168.164.217:34787] with ContainerStateMachine:uninitialized
2019-10-01 22:05:29,807 [pool-439-thread-1] INFO  server.RaftServerConfigKeys (ConfUtils.java:logGet(43)) - raft.server.rpc.timeout.min = 5s (custom)
2019-10-01 22:05:29,807 [pool-429-thread-1] INFO  server.RaftServerConfigKeys (ConfUtils.java:logGet(43)) - raft.server.rpc.timeout.min = 5s (custom)
2019-10-01 22:05:29,807 [pool-429-thread-1] INFO  server.RaftServerConfigKeys (ConfUtils.java:logGet(43)) - raft.server.rpc.timeout.max = 5200ms (custom)
2019-10-01 22:05:29,807 [pool-419-thread-1] INFO  server.RaftServerConfigKeys (ConfUtils.java:logGet(43)) - raft.server.log.appender.install.snapshot.enabled = false (custom)
2019-10-01 22:05:29,808 [pool-429-thread-1] INFO  server.RaftServerConfigKeys (ConfUtils.java:logGet(43)) - raft.server.rpcslowness.timeout = 120s (custom)
2019-10-01 22:05:29,808 [pool-429-thread-1] INFO  server.RaftServerConfigKeys (ConfUtils.java:logGet(43)) - raft.server.sleep.deviation.threshold = 300 (default)
2019-10-01 22:05:29,807 [pool-439-thread-1] INFO  server.RaftServerConfigKeys (ConfUtils.java:logGet(43)) - raft.server.rpc.timeout.max = 5200ms (custom)
2019-10-01 22:05:29,808 [pool-429-thread-1] INFO  server.RaftServerConfigKeys (ConfUtils.java:logGet(43)) - raft.server.log.appender.install.snapshot.enabled = false (custom)
2019-10-01 22:05:29,808 [pool-419-thread-1] INFO  impl.RaftServerImpl (ServerState.java:<init>(103)) - f86b8727-f280-41d6-bb2a-18dbe766a50d@group-3F25343F6103: ConfigurationManager, init=-1: [29b824a3-b223-4685-abc2-ff5392280330:192.168.164.217:36134, 4323034a-2af4-43ac-bab1-2196d57280d1:192.168.164.217:33339, f86b8727-f280-41d6-bb2a-18dbe766a50d:192.168.164.217:34787], old=null, confs=<EMPTY_MAP>
2019-10-01 22:05:29,808 [pool-429-thread-1] INFO  impl.RaftServerImpl (ServerState.java:<init>(103)) - 29b824a3-b223-4685-abc2-ff5392280330@group-3F25343F6103: ConfigurationManager, init=-1: [29b824a3-b223-4685-abc2-ff5392280330:192.168.164.217:36134, 4323034a-2af4-43ac-bab1-2196d57280d1:192.168.164.217:33339, f86b8727-f280-41d6-bb2a-18dbe766a50d:192.168.164.217:34787], old=null, confs=<EMPTY_MAP>
2019-10-01 22:05:29,808 [pool-439-thread-1] INFO  server.RaftServerConfigKeys (ConfUtils.java:logGet(43)) - raft.server.rpcslowness.timeout = 120s (custom)
2019-10-01 22:05:29,808 [pool-429-thread-1] INFO  server.RaftServerConfigKeys (ConfUtils.java:logGet(43)) - raft.server.storage.dir = [/workdir/hadoop-ozone/integration-test/target/test-dir/MiniOzoneClusterImpl-e9a871d3-a5f2-4b32-9938-d4d926f9f817/datanode-2/data/ratis] (custom)
2019-10-01 22:05:29,808 [pool-419-thread-1] INFO  server.RaftServerConfigKeys (ConfUtils.java:logGet(43)) - raft.server.storage.dir = [/workdir/hadoop-ozone/integration-test/target/test-dir/MiniOzoneClusterImpl-e9a871d3-a5f2-4b32-9938-d4d926f9f817/datanode-1/data/ratis] (custom)
2019-10-01 22:05:29,809 [pool-439-thread-1] INFO  server.RaftServerConfigKeys (ConfUtils.java:logGet(43)) - raft.server.sleep.deviation.threshold = 300 (default)
2019-10-01 22:05:29,809 [pool-429-thread-1] INFO  server.RaftServerConfigKeys (ConfUtils.java:logGet(43)) - raft.server.log.corruption.policy = EXCEPTION (default)
2019-10-01 22:05:29,809 [pool-419-thread-1] INFO  server.RaftServerConfigKeys (ConfUtils.java:logGet(43)) - raft.server.log.corruption.policy = EXCEPTION (default)
2019-10-01 22:05:29,809 [pool-439-thread-1] INFO  server.RaftServerConfigKeys (ConfUtils.java:logGet(43)) - raft.server.log.appender.install.snapshot.enabled = false (custom)
2019-10-01 22:05:29,809 [pool-419-thread-1] INFO  storage.RaftStorageDirectory (RaftStorageDirectory.java:analyzeStorage(246)) - The storage directory /workdir/hadoop-ozone/integration-test/target/test-dir/MiniOzoneClusterImpl-e9a871d3-a5f2-4b32-9938-d4d926f9f817/datanode-1/data/ratis/9f4cce66-bbc7-4019-87da-3f25343f6103 does not exist. Creating ...
2019-10-01 22:05:29,809 [pool-429-thread-1] INFO  storage.RaftStorageDirectory (RaftStorageDirectory.java:analyzeStorage(246)) - The storage directory /workdir/hadoop-ozone/integration-test/target/test-dir/MiniOzoneClusterImpl-e9a871d3-a5f2-4b32-9938-d4d926f9f817/datanode-2/data/ratis/9f4cce66-bbc7-4019-87da-3f25343f6103 does not exist. Creating ...
2019-10-01 22:05:29,809 [pool-439-thread-1] INFO  impl.RaftServerImpl (ServerState.java:<init>(103)) - 4323034a-2af4-43ac-bab1-2196d57280d1@group-3F25343F6103: ConfigurationManager, init=-1: [29b824a3-b223-4685-abc2-ff5392280330:192.168.164.217:36134, 4323034a-2af4-43ac-bab1-2196d57280d1:192.168.164.217:33339, f86b8727-f280-41d6-bb2a-18dbe766a50d:192.168.164.217:34787], old=null, confs=<EMPTY_MAP>
2019-10-01 22:05:29,810 [pool-439-thread-1] INFO  server.RaftServerConfigKeys (ConfUtils.java:logGet(43)) - raft.server.storage.dir = [/workdir/hadoop-ozone/integration-test/target/test-dir/MiniOzoneClusterImpl-e9a871d3-a5f2-4b32-9938-d4d926f9f817/datanode-3/data/ratis] (custom)
2019-10-01 22:05:29,810 [pool-439-thread-1] INFO  server.RaftServerConfigKeys (ConfUtils.java:logGet(43)) - raft.server.log.corruption.policy = EXCEPTION (default)
2019-10-01 22:05:29,810 [pool-439-thread-1] INFO  storage.RaftStorageDirectory (RaftStorageDirectory.java:analyzeStorage(246)) - The storage directory /workdir/hadoop-ozone/integration-test/target/test-dir/MiniOzoneClusterImpl-e9a871d3-a5f2-4b32-9938-d4d926f9f817/datanode-3/data/ratis/9f4cce66-bbc7-4019-87da-3f25343f6103 does not exist. Creating ...
2019-10-01 22:05:29,823 [pool-429-thread-1] INFO  storage.RaftStorageDirectory (RaftStorageDirectory.java:tryLock(328)) - Lock on /workdir/hadoop-ozone/integration-test/target/test-dir/MiniOzoneClusterImpl-e9a871d3-a5f2-4b32-9938-d4d926f9f817/datanode-2/data/ratis/9f4cce66-bbc7-4019-87da-3f25343f6103/in_use.lock acquired by nodename 13566@pr-hdds-2224-n586v-1266706246
2019-10-01 22:05:29,823 [pool-439-thread-1] INFO  storage.RaftStorageDirectory (RaftStorageDirectory.java:tryLock(328)) - Lock on /workdir/hadoop-ozone/integration-test/target/test-dir/MiniOzoneClusterImpl-e9a871d3-a5f2-4b32-9938-d4d926f9f817/datanode-3/data/ratis/9f4cce66-bbc7-4019-87da-3f25343f6103/in_use.lock acquired by nodename 13566@pr-hdds-2224-n586v-1266706246
2019-10-01 22:05:29,823 [pool-419-thread-1] INFO  storage.RaftStorageDirectory (RaftStorageDirectory.java:tryLock(328)) - Lock on /workdir/hadoop-ozone/integration-test/target/test-dir/MiniOzoneClusterImpl-e9a871d3-a5f2-4b32-9938-d4d926f9f817/datanode-1/data/ratis/9f4cce66-bbc7-4019-87da-3f25343f6103/in_use.lock acquired by nodename 13566@pr-hdds-2224-n586v-1266706246
2019-10-01 22:05:29,837 [pool-429-thread-1] INFO  storage.RaftStorage (RaftStorage.java:format(84)) - Storage directory /workdir/hadoop-ozone/integration-test/target/test-dir/MiniOzoneClusterImpl-e9a871d3-a5f2-4b32-9938-d4d926f9f817/datanode-2/data/ratis/9f4cce66-bbc7-4019-87da-3f25343f6103 has been successfully formatted.
2019-10-01 22:05:29,837 [pool-419-thread-1] INFO  storage.RaftStorage (RaftStorage.java:format(84)) - Storage directory /workdir/hadoop-ozone/integration-test/target/test-dir/MiniOzoneClusterImpl-e9a871d3-a5f2-4b32-9938-d4d926f9f817/datanode-1/data/ratis/9f4cce66-bbc7-4019-87da-3f25343f6103 has been successfully formatted.
2019-10-01 22:05:29,837 [pool-429-thread-1] INFO  ratis.ContainerStateMachine (ContainerStateMachine.java:loadSnapshot(230)) - group-3F25343F6103: The snapshot info is null. Setting the last applied indexto:(t:0, i:~)
2019-10-01 22:05:29,837 [pool-439-thread-1] INFO  storage.RaftStorage (RaftStorage.java:format(84)) - Storage directory /workdir/hadoop-ozone/integration-test/target/test-dir/MiniOzoneClusterImpl-e9a871d3-a5f2-4b32-9938-d4d926f9f817/datanode-3/data/ratis/9f4cce66-bbc7-4019-87da-3f25343f6103 has been successfully formatted.
2019-10-01 22:05:29,837 [pool-429-thread-1] INFO  server.RaftServerConfigKeys (ConfUtils.java:logGet(43)) - raft.server.notification.no-leader.timeout = 120s (custom)
2019-10-01 22:05:29,837 [pool-419-thread-1] INFO  ratis.ContainerStateMachine (ContainerStateMachine.java:loadSnapshot(230)) - group-3F25343F6103: The snapshot info is null. Setting the last applied indexto:(t:0, i:~)
2019-10-01 22:05:29,838 [pool-439-thread-1] INFO  ratis.ContainerStateMachine (ContainerStateMachine.java:loadSnapshot(230)) - group-3F25343F6103: The snapshot info is null. Setting the last applied indexto:(t:0, i:~)
2019-10-01 22:05:29,838 [pool-429-thread-1] INFO  server.RaftServerConfigKeys (ConfUtils.java:logGet(43)) - raft.server.log.use.memory = false (default)
2019-10-01 22:05:29,838 [pool-439-thread-1] INFO  server.RaftServerConfigKeys (ConfUtils.java:logGet(43)) - raft.server.notification.no-leader.timeout = 120s (custom)
2019-10-01 22:05:29,838 [pool-419-thread-1] INFO  server.RaftServerConfigKeys (ConfUtils.java:logGet(43)) - raft.server.notification.no-leader.timeout = 120s (custom)
2019-10-01 22:05:29,838 [pool-439-thread-1] INFO  server.RaftServerConfigKeys (ConfUtils.java:logGet(43)) - raft.server.log.use.memory = false (default)
2019-10-01 22:05:29,838 [pool-429-thread-1] INFO  server.RaftServerConfigKeys (ConfUtils.java:logGet(43)) - raft.server.log.purge.gap = 1000000 (custom)
2019-10-01 22:05:29,838 [pool-439-thread-1] INFO  server.RaftServerConfigKeys (ConfUtils.java:logGet(43)) - raft.server.log.purge.gap = 1000000 (custom)
2019-10-01 22:05:29,838 [pool-419-thread-1] INFO  server.RaftServerConfigKeys (ConfUtils.java:logGet(43)) - raft.server.log.use.memory = false (default)
2019-10-01 22:05:29,839 [pool-439-thread-1] INFO  server.RaftServerConfigKeys (ConfUtils.java:logGet(43)) - raft.server.log.appender.buffer.byte-limit = 33554432 (custom)
2019-10-01 22:05:29,839 [pool-429-thread-1] INFO  server.RaftServerConfigKeys (ConfUtils.java:logGet(43)) - raft.server.log.appender.buffer.byte-limit = 33554432 (custom)
2019-10-01 22:05:29,839 [pool-439-thread-1] INFO  server.RaftServerConfigKeys (ConfUtils.java:logGet(43)) - raft.server.log.segment.size.max = 1048576 (custom)
2019-10-01 22:05:29,839 [pool-419-thread-1] INFO  server.RaftServerConfigKeys (ConfUtils.java:logGet(43)) - raft.server.log.purge.gap = 1000000 (custom)
2019-10-01 22:05:29,839 [pool-429-thread-1] INFO  server.RaftServerConfigKeys (ConfUtils.java:logGet(43)) - raft.server.log.segment.size.max = 1048576 (custom)
2019-10-01 22:05:29,840 [pool-419-thread-1] INFO  server.RaftServerConfigKeys (ConfUtils.java:logGet(43)) - raft.server.log.appender.buffer.byte-limit = 33554432 (custom)
2019-10-01 22:05:29,840 [pool-429-thread-1] INFO  server.RaftServerConfigKeys (ConfUtils.java:logGet(43)) - raft.server.log.segment.cache.num.max = 2 (custom)
2019-10-01 22:05:29,840 [pool-419-thread-1] INFO  server.RaftServerConfigKeys (ConfUtils.java:logGet(43)) - raft.server.log.segment.size.max = 1048576 (custom)
2019-10-01 22:05:29,840 [pool-429-thread-1] INFO  segmented.SegmentedRaftLogWorker (SegmentedRaftLogWorker.java:<init>(173)) - new 29b824a3-b223-4685-abc2-ff5392280330@group-3F25343F6103-SegmentedRaftLogWorker for RaftStorage:Storage Directory /workdir/hadoop-ozone/integration-test/target/test-dir/MiniOzoneClusterImpl-e9a871d3-a5f2-4b32-9938-d4d926f9f817/datanode-2/data/ratis/9f4cce66-bbc7-4019-87da-3f25343f6103
2019-10-01 22:05:29,840 [pool-419-thread-1] INFO  server.RaftServerConfigKeys (ConfUtils.java:logGet(43)) - raft.server.log.segment.cache.num.max = 2 (custom)
2019-10-01 22:05:29,840 [pool-429-thread-1] INFO  server.RaftServerConfigKeys (ConfUtils.java:logGet(43)) - raft.server.log.queue.byte-limit = 2147483647 (custom)
2019-10-01 22:05:29,840 [pool-419-thread-1] INFO  segmented.SegmentedRaftLogWorker (SegmentedRaftLogWorker.java:<init>(173)) - new f86b8727-f280-41d6-bb2a-18dbe766a50d@group-3F25343F6103-SegmentedRaftLogWorker for RaftStorage:Storage Directory /workdir/hadoop-ozone/integration-test/target/test-dir/MiniOzoneClusterImpl-e9a871d3-a5f2-4b32-9938-d4d926f9f817/datanode-1/data/ratis/9f4cce66-bbc7-4019-87da-3f25343f6103
2019-10-01 22:05:29,841 [pool-429-thread-1] INFO  server.RaftServerConfigKeys (ConfUtils.java:logGet(43)) - raft.server.log.queue.element-limit = 1024 (custom)
2019-10-01 22:05:29,841 [pool-419-thread-1] INFO  server.RaftServerConfigKeys (ConfUtils.java:logGet(43)) - raft.server.log.queue.byte-limit = 2147483647 (custom)
2019-10-01 22:05:29,841 [pool-419-thread-1] INFO  server.RaftServerConfigKeys (ConfUtils.java:logGet(43)) - raft.server.log.queue.element-limit = 1024 (custom)
2019-10-01 22:05:29,841 [pool-429-thread-1] INFO  server.RaftServerConfigKeys (ConfUtils.java:logGet(43)) - raft.server.log.segment.size.max = 1048576 (custom)
2019-10-01 22:05:29,841 [pool-419-thread-1] INFO  server.RaftServerConfigKeys (ConfUtils.java:logGet(43)) - raft.server.log.segment.size.max = 1048576 (custom)
2019-10-01 22:05:29,841 [pool-429-thread-1] INFO  server.RaftServerConfigKeys (ConfUtils.java:logGet(43)) - raft.server.log.preallocated.size = 16384 (custom)
2019-10-01 22:05:29,841 [pool-419-thread-1] INFO  server.RaftServerConfigKeys (ConfUtils.java:logGet(43)) - raft.server.log.preallocated.size = 16384 (custom)
2019-10-01 22:05:29,841 [pool-439-thread-1] INFO  server.RaftServerConfigKeys (ConfUtils.java:logGet(43)) - raft.server.log.segment.cache.num.max = 2 (custom)
2019-10-01 22:05:29,841 [pool-429-thread-1] INFO  server.RaftServerConfigKeys (ConfUtils.java:logGet(43)) - raft.server.log.write.buffer.size = 33554432 (custom)
2019-10-01 22:05:29,842 [pool-439-thread-1] INFO  segmented.SegmentedRaftLogWorker (SegmentedRaftLogWorker.java:<init>(173)) - new 4323034a-2af4-43ac-bab1-2196d57280d1@group-3F25343F6103-SegmentedRaftLogWorker for RaftStorage:Storage Directory /workdir/hadoop-ozone/integration-test/target/test-dir/MiniOzoneClusterImpl-e9a871d3-a5f2-4b32-9938-d4d926f9f817/datanode-3/data/ratis/9f4cce66-bbc7-4019-87da-3f25343f6103
2019-10-01 22:05:29,842 [pool-419-thread-1] INFO  server.RaftServerConfigKeys (ConfUtils.java:logGet(43)) - raft.server.log.write.buffer.size = 33554432 (custom)
2019-10-01 22:05:29,842 [pool-439-thread-1] INFO  server.RaftServerConfigKeys (ConfUtils.java:logGet(43)) - raft.server.log.queue.byte-limit = 2147483647 (custom)
2019-10-01 22:05:29,842 [pool-429-thread-1] INFO  server.RaftServerConfigKeys (ConfUtils.java:logGet(43)) - raft.server.log.force.sync.num = 128 (default)
2019-10-01 22:05:29,842 [pool-439-thread-1] INFO  server.RaftServerConfigKeys (ConfUtils.java:logGet(43)) - raft.server.log.queue.element-limit = 1024 (custom)
2019-10-01 22:05:29,842 [pool-419-thread-1] INFO  server.RaftServerConfigKeys (ConfUtils.java:logGet(43)) - raft.server.log.force.sync.num = 128 (default)
2019-10-01 22:05:29,843 [pool-439-thread-1] INFO  server.RaftServerConfigKeys (ConfUtils.java:logGet(43)) - raft.server.log.segment.size.max = 1048576 (custom)
2019-10-01 22:05:29,842 [pool-429-thread-1] INFO  server.RaftServerConfigKeys (ConfUtils.java:logGet(43)) - raft.server.log.statemachine.data.sync = true (default)
2019-10-01 22:05:29,843 [pool-429-thread-1] INFO  server.RaftServerConfigKeys (ConfUtils.java:logGet(43)) - raft.server.log.statemachine.data.sync.timeout = 10s (default)
2019-10-01 22:05:29,843 [pool-429-thread-1] INFO  server.RaftServerConfigKeys (ConfUtils.java:logGet(43)) - raft.server.log.statemachine.data.sync.timeout.retry = -1 (default)
2019-10-01 22:05:29,843 [pool-439-thread-1] INFO  server.RaftServerConfigKeys (ConfUtils.java:logGet(43)) - raft.server.log.preallocated.size = 16384 (custom)
2019-10-01 22:05:29,843 [pool-419-thread-1] INFO  server.RaftServerConfigKeys (ConfUtils.java:logGet(43)) - raft.server.log.statemachine.data.sync = true (default)
2019-10-01 22:05:29,844 [pool-419-thread-1] INFO  server.RaftServerConfigKeys (ConfUtils.java:logGet(43)) - raft.server.log.statemachine.data.sync.timeout = 10s (default)
2019-10-01 22:05:29,844 [pool-419-thread-1] INFO  server.RaftServerConfigKeys (ConfUtils.java:logGet(43)) - raft.server.log.statemachine.data.sync.timeout.retry = -1 (default)
2019-10-01 22:05:29,844 [pool-439-thread-1] INFO  server.RaftServerConfigKeys (ConfUtils.java:logGet(43)) - raft.server.log.write.buffer.size = 33554432 (custom)
2019-10-01 22:05:29,843 [pool-429-thread-1] INFO  server.RaftServerConfigKeys (ConfUtils.java:logGet(43)) - raft.server.log.statemachine.data.caching.enabled = true (custom)
2019-10-01 22:05:29,844 [pool-439-thread-1] INFO  server.RaftServerConfigKeys (ConfUtils.java:logGet(43)) - raft.server.log.force.sync.num = 128 (default)
2019-10-01 22:05:29,844 [pool-419-thread-1] INFO  server.RaftServerConfigKeys (ConfUtils.java:logGet(43)) - raft.server.log.statemachine.data.caching.enabled = true (custom)
2019-10-01 22:05:29,845 [pool-439-thread-1] INFO  server.RaftServerConfigKeys (ConfUtils.java:logGet(43)) - raft.server.log.statemachine.data.sync = true (default)
2019-10-01 22:05:29,845 [pool-429-thread-1] INFO  segmented.SegmentedRaftLogWorker (SegmentedRaftLogWorker.java:lambda$new$0(128)) - 29b824a3-b223-4685-abc2-ff5392280330@group-3F25343F6103-SegmentedRaftLogWorker: flushIndex: setUnconditionally 0 -> -1
2019-10-01 22:05:29,845 [pool-439-thread-1] INFO  server.RaftServerConfigKeys (ConfUtils.java:logGet(43)) - raft.server.log.statemachine.data.sync.timeout = 10s (default)
2019-10-01 22:05:29,845 [pool-419-thread-1] INFO  segmented.SegmentedRaftLogWorker (SegmentedRaftLogWorker.java:lambda$new$0(128)) - f86b8727-f280-41d6-bb2a-18dbe766a50d@group-3F25343F6103-SegmentedRaftLogWorker: flushIndex: setUnconditionally 0 -> -1
2019-10-01 22:05:29,846 [pool-439-thread-1] INFO  server.RaftServerConfigKeys (ConfUtils.java:logGet(43)) - raft.server.log.statemachine.data.sync.timeout.retry = -1 (default)
2019-10-01 22:05:29,845 [pool-429-thread-1] INFO  server.RaftServerConfigKeys (ConfUtils.java:logGet(43)) - raft.server.snapshot.auto.trigger.enabled = true (custom)
2019-10-01 22:05:29,846 [pool-419-thread-1] INFO  server.RaftServerConfigKeys (ConfUtils.java:logGet(43)) - raft.server.snapshot.auto.trigger.enabled = true (custom)
2019-10-01 22:05:29,846 [pool-439-thread-1] INFO  server.RaftServerConfigKeys (ConfUtils.java:logGet(43)) - raft.server.log.statemachine.data.caching.enabled = true (custom)
2019-10-01 22:05:29,846 [pool-429-thread-1] INFO  server.RaftServerConfigKeys (ConfUtils.java:logGet(43)) - raft.server.snapshot.auto.trigger.threshold = 10000 (custom)
2019-10-01 22:05:29,846 [pool-439-thread-1] INFO  segmented.SegmentedRaftLogWorker (SegmentedRaftLogWorker.java:lambda$new$0(128)) - 4323034a-2af4-43ac-bab1-2196d57280d1@group-3F25343F6103-SegmentedRaftLogWorker: flushIndex: setUnconditionally 0 -> -1
2019-10-01 22:05:29,846 [pool-419-thread-1] INFO  server.RaftServerConfigKeys (ConfUtils.java:logGet(43)) - raft.server.snapshot.auto.trigger.threshold = 10000 (custom)
2019-10-01 22:05:29,847 [pool-439-thread-1] INFO  server.RaftServerConfigKeys (ConfUtils.java:logGet(43)) - raft.server.snapshot.auto.trigger.enabled = true (custom)
2019-10-01 22:05:29,847 [pool-439-thread-1] INFO  server.RaftServerConfigKeys (ConfUtils.java:logGet(43)) - raft.server.snapshot.auto.trigger.threshold = 10000 (custom)
2019-10-01 22:05:29,846 [pool-429-thread-1] INFO  server.RaftServerConfigKeys (ConfUtils.java:logGet(43)) - raft.server.snapshot.retention.file.num = 5 (custom)
2019-10-01 22:05:29,847 [pool-439-thread-1] INFO  server.RaftServerConfigKeys (ConfUtils.java:logGet(43)) - raft.server.snapshot.retention.file.num = 5 (custom)
2019-10-01 22:05:29,847 [pool-419-thread-1] INFO  server.RaftServerConfigKeys (ConfUtils.java:logGet(43)) - raft.server.snapshot.retention.file.num = 5 (custom)
2019-10-01 22:05:29,847 [pool-439-thread-1] INFO  server.RaftServerConfigKeys (ConfUtils.java:logGet(43)) - raft.server.retrycache.expirytime = 600000ms (custom)
2019-10-01 22:05:29,847 [pool-429-thread-1] INFO  server.RaftServerConfigKeys (ConfUtils.java:logGet(43)) - raft.server.retrycache.expirytime = 600000ms (custom)
2019-10-01 22:05:29,847 [pool-419-thread-1] INFO  server.RaftServerConfigKeys (ConfUtils.java:logGet(43)) - raft.server.retrycache.expirytime = 600000ms (custom)
2019-10-01 22:05:29,851 [pool-439-thread-1] INFO  impl.RaftServerImpl (RaftServerImpl.java:start(181)) - 4323034a-2af4-43ac-bab1-2196d57280d1@group-3F25343F6103: start as a follower, conf=-1: [29b824a3-b223-4685-abc2-ff5392280330:192.168.164.217:36134, 4323034a-2af4-43ac-bab1-2196d57280d1:192.168.164.217:33339, f86b8727-f280-41d6-bb2a-18dbe766a50d:192.168.164.217:34787], old=null
2019-10-01 22:05:29,851 [IPC Server handler 0 on 36034] INFO  net.NetworkTopology (NetworkTopologyImpl.java:add(111)) - Added a new node: /default-rack/090b4e10-81d3-4da5-9567-4af0b3b54148
2019-10-01 22:05:29,851 [pool-439-thread-1] INFO  impl.RaftServerImpl (RaftServerImpl.java:setRole(170)) - 4323034a-2af4-43ac-bab1-2196d57280d1@group-3F25343F6103: changes role from      null to FOLLOWER at term 0 for startAsFollower
2019-10-01 22:05:29,851 [IPC Server handler 0 on 36034] INFO  node.SCMNodeManager (SCMNodeManager.java:register(266)) - Registered Data node : 090b4e10-81d3-4da5-9567-4af0b3b54148{ip: 192.168.164.217, host: pr-hdds-2224-n586v-1266706246, networkLocation: /default-rack, certSerialId: null}
2019-10-01 22:05:29,851 [pool-429-thread-1] INFO  impl.RaftServerImpl (RaftServerImpl.java:start(181)) - 29b824a3-b223-4685-abc2-ff5392280330@group-3F25343F6103: start as a follower, conf=-1: [29b824a3-b223-4685-abc2-ff5392280330:192.168.164.217:36134, 4323034a-2af4-43ac-bab1-2196d57280d1:192.168.164.217:33339, f86b8727-f280-41d6-bb2a-18dbe766a50d:192.168.164.217:34787], old=null
2019-10-01 22:05:29,851 [pool-439-thread-1] INFO  impl.RoleInfo (RoleInfo.java:updateAndGet(143)) - 4323034a-2af4-43ac-bab1-2196d57280d1: start FollowerState
2019-10-01 22:05:29,851 [pool-429-thread-1] INFO  impl.RaftServerImpl (RaftServerImpl.java:setRole(170)) - 29b824a3-b223-4685-abc2-ff5392280330@group-3F25343F6103: changes role from      null to FOLLOWER at term 0 for startAsFollower
2019-10-01 22:05:29,851 [pool-419-thread-1] INFO  impl.RaftServerImpl (RaftServerImpl.java:start(181)) - f86b8727-f280-41d6-bb2a-18dbe766a50d@group-3F25343F6103: start as a follower, conf=-1: [29b824a3-b223-4685-abc2-ff5392280330:192.168.164.217:36134, 4323034a-2af4-43ac-bab1-2196d57280d1:192.168.164.217:33339, f86b8727-f280-41d6-bb2a-18dbe766a50d:192.168.164.217:34787], old=null
2019-10-01 22:05:29,852 [pool-429-thread-1] INFO  impl.RoleInfo (RoleInfo.java:updateAndGet(143)) - 29b824a3-b223-4685-abc2-ff5392280330: start FollowerState
2019-10-01 22:05:29,869 [pool-439-thread-1] INFO  util.JmxRegister (JmxRegister.java:tryRegister(44)) - Successfully registered JMX Bean with object name Ratis:service=RaftServer,group=group-3F25343F6103,id=4323034a-2af4-43ac-bab1-2196d57280d1
2019-10-01 22:05:29,852 [pool-419-thread-1] INFO  impl.RaftServerImpl (RaftServerImpl.java:setRole(170)) - f86b8727-f280-41d6-bb2a-18dbe766a50d@group-3F25343F6103: changes role from      null to FOLLOWER at term 0 for startAsFollower
2019-10-01 22:05:29,870 [pool-429-thread-1] INFO  util.JmxRegister (JmxRegister.java:tryRegister(44)) - Successfully registered JMX Bean with object name Ratis:service=RaftServer,group=group-3F25343F6103,id=29b824a3-b223-4685-abc2-ff5392280330
2019-10-01 22:05:29,870 [pool-419-thread-1] INFO  impl.RoleInfo (RoleInfo.java:updateAndGet(143)) - f86b8727-f280-41d6-bb2a-18dbe766a50d: start FollowerState
2019-10-01 22:05:29,870 [pool-419-thread-1] INFO  util.JmxRegister (JmxRegister.java:tryRegister(44)) - Successfully registered JMX Bean with object name Ratis:service=RaftServer,group=group-3F25343F6103,id=f86b8727-f280-41d6-bb2a-18dbe766a50d
2019-10-01 22:05:29,891 [RatisPipelineUtilsThread] INFO  pipeline.PipelineStateManager (PipelineStateManager.java:addPipeline(56)) - Created pipeline Pipeline[ Id: 9f4cce66-bbc7-4019-87da-3f25343f6103, Nodes: f86b8727-f280-41d6-bb2a-18dbe766a50d{ip: 192.168.164.217, host: pr-hdds-2224-n586v-1266706246, networkLocation: /default-rack, certSerialId: null}29b824a3-b223-4685-abc2-ff5392280330{ip: 192.168.164.217, host: pr-hdds-2224-n586v-1266706246, networkLocation: /default-rack, certSerialId: null}4323034a-2af4-43ac-bab1-2196d57280d1{ip: 192.168.164.217, host: pr-hdds-2224-n586v-1266706246, networkLocation: /default-rack, certSerialId: null}, Type:RATIS, Factor:THREE, State:OPEN]
2019-10-01 22:05:29,898 [grpc-default-executor-8] INFO  impl.RaftServerProxy (RaftServerProxy.java:addNew(89)) - 4323034a-2af4-43ac-bab1-2196d57280d1: addNew group-1268D88BC3EF:[4323034a-2af4-43ac-bab1-2196d57280d1:192.168.164.217:33339] returns group-1268D88BC3EF:java.util.concurrent.CompletableFuture@14515c42[Not completed]
2019-10-01 22:05:29,899 [pool-439-thread-1] INFO  impl.RaftServerImpl (RaftServerImpl.java:<init>(95)) - 4323034a-2af4-43ac-bab1-2196d57280d1: new RaftServerImpl for group-1268D88BC3EF:[4323034a-2af4-43ac-bab1-2196d57280d1:192.168.164.217:33339] with ContainerStateMachine:uninitialized
2019-10-01 22:05:29,902 [pool-439-thread-1] INFO  server.RaftServerConfigKeys (ConfUtils.java:logGet(43)) - raft.server.rpc.timeout.min = 5s (custom)
2019-10-01 22:05:29,902 [pool-439-thread-1] INFO  server.RaftServerConfigKeys (ConfUtils.java:logGet(43)) - raft.server.rpc.timeout.max = 5200ms (custom)
2019-10-01 22:05:29,902 [pool-439-thread-1] INFO  server.RaftServerConfigKeys (ConfUtils.java:logGet(43)) - raft.server.rpcslowness.timeout = 120s (custom)
2019-10-01 22:05:29,902 [pool-439-thread-1] INFO  server.RaftServerConfigKeys (ConfUtils.java:logGet(43)) - raft.server.sleep.deviation.threshold = 300 (default)
2019-10-01 22:05:29,902 [pool-439-thread-1] INFO  server.RaftServerConfigKeys (ConfUtils.java:logGet(43)) - raft.server.log.appender.install.snapshot.enabled = false (custom)
2019-10-01 22:05:29,902 [pool-439-thread-1] INFO  impl.RaftServerImpl (ServerState.java:<init>(103)) - 4323034a-2af4-43ac-bab1-2196d57280d1@group-1268D88BC3EF: ConfigurationManager, init=-1: [4323034a-2af4-43ac-bab1-2196d57280d1:192.168.164.217:33339], old=null, confs=<EMPTY_MAP>
2019-10-01 22:05:29,902 [pool-439-thread-1] INFO  server.RaftServerConfigKeys (ConfUtils.java:logGet(43)) - raft.server.storage.dir = [/workdir/hadoop-ozone/integration-test/target/test-dir/MiniOzoneClusterImpl-e9a871d3-a5f2-4b32-9938-d4d926f9f817/datanode-3/data/ratis] (custom)
2019-10-01 22:05:29,903 [pool-439-thread-1] INFO  server.RaftServerConfigKeys (ConfUtils.java:logGet(43)) - raft.server.log.corruption.policy = EXCEPTION (default)
2019-10-01 22:05:29,903 [pool-439-thread-1] INFO  storage.RaftStorageDirectory (RaftStorageDirectory.java:analyzeStorage(246)) - The storage directory /workdir/hadoop-ozone/integration-test/target/test-dir/MiniOzoneClusterImpl-e9a871d3-a5f2-4b32-9938-d4d926f9f817/datanode-3/data/ratis/5f95278d-dd6f-4b6c-8b68-1268d88bc3ef does not exist. Creating ...
2019-10-01 22:05:29,910 [IPC Server handler 1 on 36034] INFO  net.NetworkTopology (NetworkTopologyImpl.java:add(111)) - Added a new node: /default-rack/4d76249b-6356-4acc-ba4b-eacf1d81f369
2019-10-01 22:05:29,910 [IPC Server handler 1 on 36034] INFO  node.SCMNodeManager (SCMNodeManager.java:register(266)) - Registered Data node : 4d76249b-6356-4acc-ba4b-eacf1d81f369{ip: 192.168.164.217, host: pr-hdds-2224-n586v-1266706246, networkLocation: /default-rack, certSerialId: null}
2019-10-01 22:05:29,916 [pool-439-thread-1] INFO  storage.RaftStorageDirectory (RaftStorageDirectory.java:tryLock(328)) - Lock on /workdir/hadoop-ozone/integration-test/target/test-dir/MiniOzoneClusterImpl-e9a871d3-a5f2-4b32-9938-d4d926f9f817/datanode-3/data/ratis/5f95278d-dd6f-4b6c-8b68-1268d88bc3ef/in_use.lock acquired by nodename 13566@pr-hdds-2224-n586v-1266706246
2019-10-01 22:05:29,929 [pool-439-thread-1] INFO  storage.RaftStorage (RaftStorage.java:format(84)) - Storage directory /workdir/hadoop-ozone/integration-test/target/test-dir/MiniOzoneClusterImpl-e9a871d3-a5f2-4b32-9938-d4d926f9f817/datanode-3/data/ratis/5f95278d-dd6f-4b6c-8b68-1268d88bc3ef has been successfully formatted.
2019-10-01 22:05:29,929 [pool-439-thread-1] INFO  ratis.ContainerStateMachine (ContainerStateMachine.java:loadSnapshot(230)) - group-1268D88BC3EF: The snapshot info is null. Setting the last applied indexto:(t:0, i:~)
2019-10-01 22:05:29,929 [pool-439-thread-1] INFO  server.RaftServerConfigKeys (ConfUtils.java:logGet(43)) - raft.server.notification.no-leader.timeout = 120s (custom)
2019-10-01 22:05:29,929 [pool-439-thread-1] INFO  server.RaftServerConfigKeys (ConfUtils.java:logGet(43)) - raft.server.log.use.memory = false (default)
2019-10-01 22:05:29,929 [pool-439-thread-1] INFO  server.RaftServerConfigKeys (ConfUtils.java:logGet(43)) - raft.server.log.purge.gap = 1000000 (custom)
2019-10-01 22:05:29,929 [pool-439-thread-1] INFO  server.RaftServerConfigKeys (ConfUtils.java:logGet(43)) - raft.server.log.appender.buffer.byte-limit = 33554432 (custom)
2019-10-01 22:05:29,929 [pool-439-thread-1] INFO  server.RaftServerConfigKeys (ConfUtils.java:logGet(43)) - raft.server.log.segment.size.max = 1048576 (custom)
2019-10-01 22:05:29,930 [pool-439-thread-1] INFO  server.RaftServerConfigKeys (ConfUtils.java:logGet(43)) - raft.server.log.segment.cache.num.max = 2 (custom)
2019-10-01 22:05:29,930 [pool-439-thread-1] INFO  segmented.SegmentedRaftLogWorker (SegmentedRaftLogWorker.java:<init>(173)) - new 4323034a-2af4-43ac-bab1-2196d57280d1@group-1268D88BC3EF-SegmentedRaftLogWorker for RaftStorage:Storage Directory /workdir/hadoop-ozone/integration-test/target/test-dir/MiniOzoneClusterImpl-e9a871d3-a5f2-4b32-9938-d4d926f9f817/datanode-3/data/ratis/5f95278d-dd6f-4b6c-8b68-1268d88bc3ef
2019-10-01 22:05:29,930 [pool-439-thread-1] INFO  server.RaftServerConfigKeys (ConfUtils.java:logGet(43)) - raft.server.log.queue.byte-limit = 2147483647 (custom)
2019-10-01 22:05:29,930 [pool-439-thread-1] INFO  server.RaftServerConfigKeys (ConfUtils.java:logGet(43)) - raft.server.log.queue.element-limit = 1024 (custom)
2019-10-01 22:05:29,930 [pool-439-thread-1] INFO  server.RaftServerConfigKeys (ConfUtils.java:logGet(43)) - raft.server.log.segment.size.max = 1048576 (custom)
2019-10-01 22:05:29,930 [pool-439-thread-1] INFO  server.RaftServerConfigKeys (ConfUtils.java:logGet(43)) - raft.server.log.preallocated.size = 16384 (custom)
2019-10-01 22:05:29,930 [pool-439-thread-1] INFO  server.RaftServerConfigKeys (ConfUtils.java:logGet(43)) - raft.server.log.write.buffer.size = 33554432 (custom)
2019-10-01 22:05:29,930 [pool-439-thread-1] INFO  server.RaftServerConfigKeys (ConfUtils.java:logGet(43)) - raft.server.log.force.sync.num = 128 (default)
2019-10-01 22:05:29,930 [pool-439-thread-1] INFO  server.RaftServerConfigKeys (ConfUtils.java:logGet(43)) - raft.server.log.statemachine.data.sync = true (default)
2019-10-01 22:05:29,930 [pool-439-thread-1] INFO  server.RaftServerConfigKeys (ConfUtils.java:logGet(43)) - raft.server.log.statemachine.data.sync.timeout = 10s (default)
2019-10-01 22:05:29,930 [pool-439-thread-1] INFO  server.RaftServerConfigKeys (ConfUtils.java:logGet(43)) - raft.server.log.statemachine.data.sync.timeout.retry = -1 (default)
2019-10-01 22:05:29,931 [pool-439-thread-1] INFO  server.RaftServerConfigKeys (ConfUtils.java:logGet(43)) - raft.server.log.statemachine.data.caching.enabled = true (custom)
2019-10-01 22:05:29,931 [pool-439-thread-1] INFO  segmented.SegmentedRaftLogWorker (SegmentedRaftLogWorker.java:lambda$new$0(128)) - 4323034a-2af4-43ac-bab1-2196d57280d1@group-1268D88BC3EF-SegmentedRaftLogWorker: flushIndex: setUnconditionally 0 -> -1
2019-10-01 22:05:29,931 [pool-439-thread-1] INFO  server.RaftServerConfigKeys (ConfUtils.java:logGet(43)) - raft.server.snapshot.auto.trigger.enabled = true (custom)
2019-10-01 22:05:29,931 [pool-439-thread-1] INFO  server.RaftServerConfigKeys (ConfUtils.java:logGet(43)) - raft.server.snapshot.auto.trigger.threshold = 10000 (custom)
2019-10-01 22:05:29,931 [pool-439-thread-1] INFO  server.RaftServerConfigKeys (ConfUtils.java:logGet(43)) - raft.server.snapshot.retention.file.num = 5 (custom)
2019-10-01 22:05:29,931 [pool-439-thread-1] INFO  server.RaftServerConfigKeys (ConfUtils.java:logGet(43)) - raft.server.retrycache.expirytime = 600000ms (custom)
2019-10-01 22:05:29,932 [pool-439-thread-1] INFO  impl.RaftServerImpl (RaftServerImpl.java:start(181)) - 4323034a-2af4-43ac-bab1-2196d57280d1@group-1268D88BC3EF: start as a follower, conf=-1: [4323034a-2af4-43ac-bab1-2196d57280d1:192.168.164.217:33339], old=null
2019-10-01 22:05:29,932 [pool-439-thread-1] INFO  impl.RaftServerImpl (RaftServerImpl.java:setRole(170)) - 4323034a-2af4-43ac-bab1-2196d57280d1@group-1268D88BC3EF: changes role from      null to FOLLOWER at term 0 for startAsFollower
2019-10-01 22:05:29,932 [pool-439-thread-1] INFO  impl.RoleInfo (RoleInfo.java:updateAndGet(143)) - 4323034a-2af4-43ac-bab1-2196d57280d1: start FollowerState
2019-10-01 22:05:29,933 [pool-439-thread-1] INFO  util.JmxRegister (JmxRegister.java:tryRegister(44)) - Successfully registered JMX Bean with object name Ratis:service=RaftServer,group=group-1268D88BC3EF,id=4323034a-2af4-43ac-bab1-2196d57280d1
2019-10-01 22:05:29,940 [RatisPipelineUtilsThread] INFO  pipeline.PipelineStateManager (PipelineStateManager.java:addPipeline(56)) - Created pipeline Pipeline[ Id: 5f95278d-dd6f-4b6c-8b68-1268d88bc3ef, Nodes: 4323034a-2af4-43ac-bab1-2196d57280d1{ip: 192.168.164.217, host: pr-hdds-2224-n586v-1266706246, networkLocation: /default-rack, certSerialId: null}, Type:RATIS, Factor:ONE, State:OPEN]
2019-10-01 22:05:29,946 [grpc-default-executor-8] INFO  impl.RaftServerProxy (RaftServerProxy.java:addNew(89)) - 090b4e10-81d3-4da5-9567-4af0b3b54148: addNew group-5007FFAB3185:[090b4e10-81d3-4da5-9567-4af0b3b54148:192.168.164.217:44759] returns group-5007FFAB3185:java.util.concurrent.CompletableFuture@40215147[Not completed]
2019-10-01 22:05:29,947 [pool-449-thread-1] INFO  impl.RaftServerImpl (RaftServerImpl.java:<init>(95)) - 090b4e10-81d3-4da5-9567-4af0b3b54148: new RaftServerImpl for group-5007FFAB3185:[090b4e10-81d3-4da5-9567-4af0b3b54148:192.168.164.217:44759] with ContainerStateMachine:uninitialized
2019-10-01 22:05:29,947 [pool-449-thread-1] INFO  server.RaftServerConfigKeys (ConfUtils.java:logGet(43)) - raft.server.rpc.timeout.min = 5s (custom)
2019-10-01 22:05:29,948 [pool-449-thread-1] INFO  server.RaftServerConfigKeys (ConfUtils.java:logGet(43)) - raft.server.rpc.timeout.max = 5200ms (custom)
2019-10-01 22:05:29,948 [pool-449-thread-1] INFO  server.RaftServerConfigKeys (ConfUtils.java:logGet(43)) - raft.server.rpcslowness.timeout = 120s (custom)
2019-10-01 22:05:29,948 [pool-449-thread-1] INFO  server.RaftServerConfigKeys (ConfUtils.java:logGet(43)) - raft.server.sleep.deviation.threshold = 300 (default)
2019-10-01 22:05:29,948 [pool-449-thread-1] INFO  server.RaftServerConfigKeys (ConfUtils.java:logGet(43)) - raft.server.log.appender.install.snapshot.enabled = false (custom)
2019-10-01 22:05:29,948 [pool-449-thread-1] INFO  impl.RaftServerImpl (ServerState.java:<init>(103)) - 090b4e10-81d3-4da5-9567-4af0b3b54148@group-5007FFAB3185: ConfigurationManager, init=-1: [090b4e10-81d3-4da5-9567-4af0b3b54148:192.168.164.217:44759], old=null, confs=<EMPTY_MAP>
2019-10-01 22:05:29,948 [pool-449-thread-1] INFO  server.RaftServerConfigKeys (ConfUtils.java:logGet(43)) - raft.server.storage.dir = [/workdir/hadoop-ozone/integration-test/target/test-dir/MiniOzoneClusterImpl-e9a871d3-a5f2-4b32-9938-d4d926f9f817/datanode-4/data/ratis] (custom)
2019-10-01 22:05:29,948 [pool-449-thread-1] INFO  server.RaftServerConfigKeys (ConfUtils.java:logGet(43)) - raft.server.log.corruption.policy = EXCEPTION (default)
2019-10-01 22:05:29,948 [pool-449-thread-1] INFO  storage.RaftStorageDirectory (RaftStorageDirectory.java:analyzeStorage(246)) - The storage directory /workdir/hadoop-ozone/integration-test/target/test-dir/MiniOzoneClusterImpl-e9a871d3-a5f2-4b32-9938-d4d926f9f817/datanode-4/data/ratis/10bf0e91-3425-4186-b88f-5007ffab3185 does not exist. Creating ...
2019-10-01 22:05:29,958 [pool-449-thread-1] INFO  storage.RaftStorageDirectory (RaftStorageDirectory.java:tryLock(328)) - Lock on /workdir/hadoop-ozone/integration-test/target/test-dir/MiniOzoneClusterImpl-e9a871d3-a5f2-4b32-9938-d4d926f9f817/datanode-4/data/ratis/10bf0e91-3425-4186-b88f-5007ffab3185/in_use.lock acquired by nodename 13566@pr-hdds-2224-n586v-1266706246
2019-10-01 22:05:29,971 [pool-449-thread-1] INFO  storage.RaftStorage (RaftStorage.java:format(84)) - Storage directory /workdir/hadoop-ozone/integration-test/target/test-dir/MiniOzoneClusterImpl-e9a871d3-a5f2-4b32-9938-d4d926f9f817/datanode-4/data/ratis/10bf0e91-3425-4186-b88f-5007ffab3185 has been successfully formatted.
2019-10-01 22:05:29,971 [pool-449-thread-1] INFO  ratis.ContainerStateMachine (ContainerStateMachine.java:loadSnapshot(230)) - group-5007FFAB3185: The snapshot info is null. Setting the last applied indexto:(t:0, i:~)
2019-10-01 22:05:29,972 [pool-449-thread-1] INFO  server.RaftServerConfigKeys (ConfUtils.java:logGet(43)) - raft.server.notification.no-leader.timeout = 120s (custom)
2019-10-01 22:05:29,972 [pool-449-thread-1] INFO  server.RaftServerConfigKeys (ConfUtils.java:logGet(43)) - raft.server.log.use.memory = false (default)
2019-10-01 22:05:29,972 [pool-449-thread-1] INFO  server.RaftServerConfigKeys (ConfUtils.java:logGet(43)) - raft.server.log.purge.gap = 1000000 (custom)
2019-10-01 22:05:29,972 [pool-449-thread-1] INFO  server.RaftServerConfigKeys (ConfUtils.java:logGet(43)) - raft.server.log.appender.buffer.byte-limit = 33554432 (custom)
2019-10-01 22:05:29,972 [pool-449-thread-1] INFO  server.RaftServerConfigKeys (ConfUtils.java:logGet(43)) - raft.server.log.segment.size.max = 1048576 (custom)
2019-10-01 22:05:29,973 [main] INFO  ozone.MiniOzoneClusterImpl (MiniOzoneClusterImpl.java:lambda$waitForClusterToBeReady$0(147)) - Waiting for cluster to be ready. Got 6 of 7 DN Heartbeats.
2019-10-01 22:05:29,973 [IPC Server handler 3 on 36034] INFO  net.NetworkTopology (NetworkTopologyImpl.java:add(111)) - Added a new node: /default-rack/41e483d8-a8cb-4ac7-b9f7-974b51399050
2019-10-01 22:05:29,973 [IPC Server handler 3 on 36034] INFO  node.SCMNodeManager (SCMNodeManager.java:register(266)) - Registered Data node : 41e483d8-a8cb-4ac7-b9f7-974b51399050{ip: 192.168.164.217, host: pr-hdds-2224-n586v-1266706246, networkLocation: /default-rack, certSerialId: null}
2019-10-01 22:05:29,973 [pool-449-thread-1] INFO  server.RaftServerConfigKeys (ConfUtils.java:logGet(43)) - raft.server.log.segment.cache.num.max = 2 (custom)
2019-10-01 22:05:29,973 [pool-449-thread-1] INFO  segmented.SegmentedRaftLogWorker (SegmentedRaftLogWorker.java:<init>(173)) - new 090b4e10-81d3-4da5-9567-4af0b3b54148@group-5007FFAB3185-SegmentedRaftLogWorker for RaftStorage:Storage Directory /workdir/hadoop-ozone/integration-test/target/test-dir/MiniOzoneClusterImpl-e9a871d3-a5f2-4b32-9938-d4d926f9f817/datanode-4/data/ratis/10bf0e91-3425-4186-b88f-5007ffab3185
2019-10-01 22:05:29,974 [pool-449-thread-1] INFO  server.RaftServerConfigKeys (ConfUtils.java:logGet(43)) - raft.server.log.queue.byte-limit = 2147483647 (custom)
2019-10-01 22:05:29,974 [pool-449-thread-1] INFO  server.RaftServerConfigKeys (ConfUtils.java:logGet(43)) - raft.server.log.queue.element-limit = 1024 (custom)
2019-10-01 22:05:29,974 [pool-449-thread-1] INFO  server.RaftServerConfigKeys (ConfUtils.java:logGet(43)) - raft.server.log.segment.size.max = 1048576 (custom)
2019-10-01 22:05:29,974 [pool-449-thread-1] INFO  server.RaftServerConfigKeys (ConfUtils.java:logGet(43)) - raft.server.log.preallocated.size = 16384 (custom)
2019-10-01 22:05:29,974 [pool-449-thread-1] INFO  server.RaftServerConfigKeys (ConfUtils.java:logGet(43)) - raft.server.log.write.buffer.size = 33554432 (custom)
2019-10-01 22:05:29,974 [pool-449-thread-1] INFO  server.RaftServerConfigKeys (ConfUtils.java:logGet(43)) - raft.server.log.force.sync.num = 128 (default)
2019-10-01 22:05:29,974 [pool-449-thread-1] INFO  server.RaftServerConfigKeys (ConfUtils.java:logGet(43)) - raft.server.log.statemachine.data.sync = true (default)
2019-10-01 22:05:29,974 [pool-449-thread-1] INFO  server.RaftServerConfigKeys (ConfUtils.java:logGet(43)) - raft.server.log.statemachine.data.sync.timeout = 10s (default)
2019-10-01 22:05:29,974 [pool-449-thread-1] INFO  server.RaftServerConfigKeys (ConfUtils.java:logGet(43)) - raft.server.log.statemachine.data.sync.timeout.retry = -1 (default)
2019-10-01 22:05:29,974 [pool-449-thread-1] INFO  server.RaftServerConfigKeys (ConfUtils.java:logGet(43)) - raft.server.log.statemachine.data.caching.enabled = true (custom)
2019-10-01 22:05:29,975 [pool-449-thread-1] INFO  segmented.SegmentedRaftLogWorker (SegmentedRaftLogWorker.java:lambda$new$0(128)) - 090b4e10-81d3-4da5-9567-4af0b3b54148@group-5007FFAB3185-SegmentedRaftLogWorker: flushIndex: setUnconditionally 0 -> -1
2019-10-01 22:05:29,975 [pool-449-thread-1] INFO  server.RaftServerConfigKeys (ConfUtils.java:logGet(43)) - raft.server.snapshot.auto.trigger.enabled = true (custom)
2019-10-01 22:05:29,975 [pool-449-thread-1] INFO  server.RaftServerConfigKeys (ConfUtils.java:logGet(43)) - raft.server.snapshot.auto.trigger.threshold = 10000 (custom)
2019-10-01 22:05:29,975 [pool-449-thread-1] INFO  server.RaftServerConfigKeys (ConfUtils.java:logGet(43)) - raft.server.snapshot.retention.file.num = 5 (custom)
2019-10-01 22:05:29,975 [pool-449-thread-1] INFO  server.RaftServerConfigKeys (ConfUtils.java:logGet(43)) - raft.server.retrycache.expirytime = 600000ms (custom)
2019-10-01 22:05:29,976 [pool-449-thread-1] INFO  impl.RaftServerImpl (RaftServerImpl.java:start(181)) - 090b4e10-81d3-4da5-9567-4af0b3b54148@group-5007FFAB3185: start as a follower, conf=-1: [090b4e10-81d3-4da5-9567-4af0b3b54148:192.168.164.217:44759], old=null
2019-10-01 22:05:29,977 [pool-449-thread-1] INFO  impl.RaftServerImpl (RaftServerImpl.java:setRole(170)) - 090b4e10-81d3-4da5-9567-4af0b3b54148@group-5007FFAB3185: changes role from      null to FOLLOWER at term 0 for startAsFollower
2019-10-01 22:05:29,977 [pool-449-thread-1] INFO  impl.RoleInfo (RoleInfo.java:updateAndGet(143)) - 090b4e10-81d3-4da5-9567-4af0b3b54148: start FollowerState
2019-10-01 22:05:29,977 [pool-449-thread-1] INFO  util.JmxRegister (JmxRegister.java:tryRegister(44)) - Successfully registered JMX Bean with object name Ratis:service=RaftServer,group=group-5007FFAB3185,id=090b4e10-81d3-4da5-9567-4af0b3b54148
2019-10-01 22:05:29,984 [RatisPipelineUtilsThread] INFO  pipeline.PipelineStateManager (PipelineStateManager.java:addPipeline(56)) - Created pipeline Pipeline[ Id: 10bf0e91-3425-4186-b88f-5007ffab3185, Nodes: 090b4e10-81d3-4da5-9567-4af0b3b54148{ip: 192.168.164.217, host: pr-hdds-2224-n586v-1266706246, networkLocation: /default-rack, certSerialId: null}, Type:RATIS, Factor:ONE, State:OPEN]
2019-10-01 22:05:29,991 [grpc-default-executor-8] INFO  impl.RaftServerProxy (RaftServerProxy.java:addNew(89)) - 41e483d8-a8cb-4ac7-b9f7-974b51399050: addNew group-9E55A66AD052:[41e483d8-a8cb-4ac7-b9f7-974b51399050:192.168.164.217:41192] returns group-9E55A66AD052:java.util.concurrent.CompletableFuture@2a0448bb[Not completed]
2019-10-01 22:05:29,992 [pool-469-thread-1] INFO  impl.RaftServerImpl (RaftServerImpl.java:<init>(95)) - 41e483d8-a8cb-4ac7-b9f7-974b51399050: new RaftServerImpl for group-9E55A66AD052:[41e483d8-a8cb-4ac7-b9f7-974b51399050:192.168.164.217:41192] with ContainerStateMachine:uninitialized
2019-10-01 22:05:29,992 [pool-469-thread-1] INFO  server.RaftServerConfigKeys (ConfUtils.java:logGet(43)) - raft.server.rpc.timeout.min = 5s (custom)
2019-10-01 22:05:29,992 [pool-469-thread-1] INFO  server.RaftServerConfigKeys (ConfUtils.java:logGet(43)) - raft.server.rpc.timeout.max = 5200ms (custom)
2019-10-01 22:05:29,993 [pool-469-thread-1] INFO  server.RaftServerConfigKeys (ConfUtils.java:logGet(43)) - raft.server.rpcslowness.timeout = 120s (custom)
2019-10-01 22:05:29,993 [pool-469-thread-1] INFO  server.RaftServerConfigKeys (ConfUtils.java:logGet(43)) - raft.server.sleep.deviation.threshold = 300 (default)
2019-10-01 22:05:29,993 [pool-469-thread-1] INFO  server.RaftServerConfigKeys (ConfUtils.java:logGet(43)) - raft.server.log.appender.install.snapshot.enabled = false (custom)
2019-10-01 22:05:29,993 [pool-469-thread-1] INFO  impl.RaftServerImpl (ServerState.java:<init>(103)) - 41e483d8-a8cb-4ac7-b9f7-974b51399050@group-9E55A66AD052: ConfigurationManager, init=-1: [41e483d8-a8cb-4ac7-b9f7-974b51399050:192.168.164.217:41192], old=null, confs=<EMPTY_MAP>
2019-10-01 22:05:29,993 [pool-469-thread-1] INFO  server.RaftServerConfigKeys (ConfUtils.java:logGet(43)) - raft.server.storage.dir = [/workdir/hadoop-ozone/integration-test/target/test-dir/MiniOzoneClusterImpl-e9a871d3-a5f2-4b32-9938-d4d926f9f817/datanode-6/data/ratis] (custom)
2019-10-01 22:05:29,993 [pool-469-thread-1] INFO  server.RaftServerConfigKeys (ConfUtils.java:logGet(43)) - raft.server.log.corruption.policy = EXCEPTION (default)
2019-10-01 22:05:29,993 [pool-469-thread-1] INFO  storage.RaftStorageDirectory (RaftStorageDirectory.java:analyzeStorage(246)) - The storage directory /workdir/hadoop-ozone/integration-test/target/test-dir/MiniOzoneClusterImpl-e9a871d3-a5f2-4b32-9938-d4d926f9f817/datanode-6/data/ratis/a2579306-a2cd-44db-a96c-9e55a66ad052 does not exist. Creating ...
2019-10-01 22:05:30,006 [pool-469-thread-1] INFO  storage.RaftStorageDirectory (RaftStorageDirectory.java:tryLock(328)) - Lock on /workdir/hadoop-ozone/integration-test/target/test-dir/MiniOzoneClusterImpl-e9a871d3-a5f2-4b32-9938-d4d926f9f817/datanode-6/data/ratis/a2579306-a2cd-44db-a96c-9e55a66ad052/in_use.lock acquired by nodename 13566@pr-hdds-2224-n586v-1266706246
2019-10-01 22:05:30,019 [pool-469-thread-1] INFO  storage.RaftStorage (RaftStorage.java:format(84)) - Storage directory /workdir/hadoop-ozone/integration-test/target/test-dir/MiniOzoneClusterImpl-e9a871d3-a5f2-4b32-9938-d4d926f9f817/datanode-6/data/ratis/a2579306-a2cd-44db-a96c-9e55a66ad052 has been successfully formatted.
2019-10-01 22:05:30,019 [pool-469-thread-1] INFO  ratis.ContainerStateMachine (ContainerStateMachine.java:loadSnapshot(230)) - group-9E55A66AD052: The snapshot info is null. Setting the last applied indexto:(t:0, i:~)
2019-10-01 22:05:30,019 [pool-469-thread-1] INFO  server.RaftServerConfigKeys (ConfUtils.java:logGet(43)) - raft.server.notification.no-leader.timeout = 120s (custom)
2019-10-01 22:05:30,020 [pool-469-thread-1] INFO  server.RaftServerConfigKeys (ConfUtils.java:logGet(43)) - raft.server.log.use.memory = false (default)
2019-10-01 22:05:30,020 [pool-469-thread-1] INFO  server.RaftServerConfigKeys (ConfUtils.java:logGet(43)) - raft.server.log.purge.gap = 1000000 (custom)
2019-10-01 22:05:30,020 [pool-469-thread-1] INFO  server.RaftServerConfigKeys (ConfUtils.java:logGet(43)) - raft.server.log.appender.buffer.byte-limit = 33554432 (custom)
2019-10-01 22:05:30,020 [pool-469-thread-1] INFO  server.RaftServerConfigKeys (ConfUtils.java:logGet(43)) - raft.server.log.segment.size.max = 1048576 (custom)
2019-10-01 22:05:30,021 [pool-469-thread-1] INFO  server.RaftServerConfigKeys (ConfUtils.java:logGet(43)) - raft.server.log.segment.cache.num.max = 2 (custom)
2019-10-01 22:05:30,021 [pool-469-thread-1] INFO  segmented.SegmentedRaftLogWorker (SegmentedRaftLogWorker.java:<init>(173)) - new 41e483d8-a8cb-4ac7-b9f7-974b51399050@group-9E55A66AD052-SegmentedRaftLogWorker for RaftStorage:Storage Directory /workdir/hadoop-ozone/integration-test/target/test-dir/MiniOzoneClusterImpl-e9a871d3-a5f2-4b32-9938-d4d926f9f817/datanode-6/data/ratis/a2579306-a2cd-44db-a96c-9e55a66ad052
2019-10-01 22:05:30,022 [pool-469-thread-1] INFO  server.RaftServerConfigKeys (ConfUtils.java:logGet(43)) - raft.server.log.queue.byte-limit = 2147483647 (custom)
2019-10-01 22:05:30,022 [pool-469-thread-1] INFO  server.RaftServerConfigKeys (ConfUtils.java:logGet(43)) - raft.server.log.queue.element-limit = 1024 (custom)
2019-10-01 22:05:30,022 [pool-469-thread-1] INFO  server.RaftServerConfigKeys (ConfUtils.java:logGet(43)) - raft.server.log.segment.size.max = 1048576 (custom)
2019-10-01 22:05:30,022 [pool-469-thread-1] INFO  server.RaftServerConfigKeys (ConfUtils.java:logGet(43)) - raft.server.log.preallocated.size = 16384 (custom)
2019-10-01 22:05:30,022 [pool-469-thread-1] INFO  server.RaftServerConfigKeys (ConfUtils.java:logGet(43)) - raft.server.log.write.buffer.size = 33554432 (custom)
2019-10-01 22:05:30,022 [pool-469-thread-1] INFO  server.RaftServerConfigKeys (ConfUtils.java:logGet(43)) - raft.server.log.force.sync.num = 128 (default)
2019-10-01 22:05:30,022 [pool-469-thread-1] INFO  server.RaftServerConfigKeys (ConfUtils.java:logGet(43)) - raft.server.log.statemachine.data.sync = true (default)
2019-10-01 22:05:30,022 [pool-469-thread-1] INFO  server.RaftServerConfigKeys (ConfUtils.java:logGet(43)) - raft.server.log.statemachine.data.sync.timeout = 10s (default)
2019-10-01 22:05:30,023 [pool-469-thread-1] INFO  server.RaftServerConfigKeys (ConfUtils.java:logGet(43)) - raft.server.log.statemachine.data.sync.timeout.retry = -1 (default)
2019-10-01 22:05:30,023 [pool-469-thread-1] INFO  server.RaftServerConfigKeys (ConfUtils.java:logGet(43)) - raft.server.log.statemachine.data.caching.enabled = true (custom)
2019-10-01 22:05:30,023 [pool-469-thread-1] INFO  segmented.SegmentedRaftLogWorker (SegmentedRaftLogWorker.java:lambda$new$0(128)) - 41e483d8-a8cb-4ac7-b9f7-974b51399050@group-9E55A66AD052-SegmentedRaftLogWorker: flushIndex: setUnconditionally 0 -> -1
2019-10-01 22:05:30,023 [pool-469-thread-1] INFO  server.RaftServerConfigKeys (ConfUtils.java:logGet(43)) - raft.server.snapshot.auto.trigger.enabled = true (custom)
2019-10-01 22:05:30,023 [pool-469-thread-1] INFO  server.RaftServerConfigKeys (ConfUtils.java:logGet(43)) - raft.server.snapshot.auto.trigger.threshold = 10000 (custom)
2019-10-01 22:05:30,024 [pool-469-thread-1] INFO  server.RaftServerConfigKeys (ConfUtils.java:logGet(43)) - raft.server.snapshot.retention.file.num = 5 (custom)
2019-10-01 22:05:30,024 [pool-469-thread-1] INFO  server.RaftServerConfigKeys (ConfUtils.java:logGet(43)) - raft.server.retrycache.expirytime = 600000ms (custom)
2019-10-01 22:05:30,025 [pool-469-thread-1] INFO  impl.RaftServerImpl (RaftServerImpl.java:start(181)) - 41e483d8-a8cb-4ac7-b9f7-974b51399050@group-9E55A66AD052: start as a follower, conf=-1: [41e483d8-a8cb-4ac7-b9f7-974b51399050:192.168.164.217:41192], old=null
2019-10-01 22:05:30,025 [pool-469-thread-1] INFO  impl.RaftServerImpl (RaftServerImpl.java:setRole(170)) - 41e483d8-a8cb-4ac7-b9f7-974b51399050@group-9E55A66AD052: changes role from      null to FOLLOWER at term 0 for startAsFollower
2019-10-01 22:05:30,025 [pool-469-thread-1] INFO  impl.RoleInfo (RoleInfo.java:updateAndGet(143)) - 41e483d8-a8cb-4ac7-b9f7-974b51399050: start FollowerState
2019-10-01 22:05:30,026 [pool-469-thread-1] INFO  util.JmxRegister (JmxRegister.java:tryRegister(44)) - Successfully registered JMX Bean with object name Ratis:service=RaftServer,group=group-9E55A66AD052,id=41e483d8-a8cb-4ac7-b9f7-974b51399050
2019-10-01 22:05:30,031 [RatisPipelineUtilsThread] INFO  pipeline.PipelineStateManager (PipelineStateManager.java:addPipeline(56)) - Created pipeline Pipeline[ Id: a2579306-a2cd-44db-a96c-9e55a66ad052, Nodes: 41e483d8-a8cb-4ac7-b9f7-974b51399050{ip: 192.168.164.217, host: pr-hdds-2224-n586v-1266706246, networkLocation: /default-rack, certSerialId: null}, Type:RATIS, Factor:ONE, State:OPEN]
2019-10-01 22:05:30,040 [grpc-default-executor-8] INFO  impl.RaftServerProxy (RaftServerProxy.java:addNew(89)) - 4d76249b-6356-4acc-ba4b-eacf1d81f369: addNew group-77DD534306C5:[4d76249b-6356-4acc-ba4b-eacf1d81f369:192.168.164.217:38581] returns group-77DD534306C5:java.util.concurrent.CompletableFuture@1b03244c[Not completed]
2019-10-01 22:05:30,041 [pool-459-thread-1] INFO  impl.RaftServerImpl (RaftServerImpl.java:<init>(95)) - 4d76249b-6356-4acc-ba4b-eacf1d81f369: new RaftServerImpl for group-77DD534306C5:[4d76249b-6356-4acc-ba4b-eacf1d81f369:192.168.164.217:38581] with ContainerStateMachine:uninitialized
2019-10-01 22:05:30,041 [pool-459-thread-1] INFO  server.RaftServerConfigKeys (ConfUtils.java:logGet(43)) - raft.server.rpc.timeout.min = 5s (custom)
2019-10-01 22:05:30,041 [pool-459-thread-1] INFO  server.RaftServerConfigKeys (ConfUtils.java:logGet(43)) - raft.server.rpc.timeout.max = 5200ms (custom)
2019-10-01 22:05:30,041 [pool-459-thread-1] INFO  server.RaftServerConfigKeys (ConfUtils.java:logGet(43)) - raft.server.rpcslowness.timeout = 120s (custom)
2019-10-01 22:05:30,041 [pool-459-thread-1] INFO  server.RaftServerConfigKeys (ConfUtils.java:logGet(43)) - raft.server.sleep.deviation.threshold = 300 (default)
2019-10-01 22:05:30,041 [pool-459-thread-1] INFO  server.RaftServerConfigKeys (ConfUtils.java:logGet(43)) - raft.server.log.appender.install.snapshot.enabled = false (custom)
2019-10-01 22:05:30,041 [pool-459-thread-1] INFO  impl.RaftServerImpl (ServerState.java:<init>(103)) - 4d76249b-6356-4acc-ba4b-eacf1d81f369@group-77DD534306C5: ConfigurationManager, init=-1: [4d76249b-6356-4acc-ba4b-eacf1d81f369:192.168.164.217:38581], old=null, confs=<EMPTY_MAP>
2019-10-01 22:05:30,041 [pool-459-thread-1] INFO  server.RaftServerConfigKeys (ConfUtils.java:logGet(43)) - raft.server.storage.dir = [/workdir/hadoop-ozone/integration-test/target/test-dir/MiniOzoneClusterImpl-e9a871d3-a5f2-4b32-9938-d4d926f9f817/datanode-5/data/ratis] (custom)
2019-10-01 22:05:30,042 [pool-459-thread-1] INFO  server.RaftServerConfigKeys (ConfUtils.java:logGet(43)) - raft.server.log.corruption.policy = EXCEPTION (default)
2019-10-01 22:05:30,042 [pool-459-thread-1] INFO  storage.RaftStorageDirectory (RaftStorageDirectory.java:analyzeStorage(246)) - The storage directory /workdir/hadoop-ozone/integration-test/target/test-dir/MiniOzoneClusterImpl-e9a871d3-a5f2-4b32-9938-d4d926f9f817/datanode-5/data/ratis/d868e730-dffc-430b-9732-77dd534306c5 does not exist. Creating ...
2019-10-01 22:05:30,054 [pool-459-thread-1] INFO  storage.RaftStorageDirectory (RaftStorageDirectory.java:tryLock(328)) - Lock on /workdir/hadoop-ozone/integration-test/target/test-dir/MiniOzoneClusterImpl-e9a871d3-a5f2-4b32-9938-d4d926f9f817/datanode-5/data/ratis/d868e730-dffc-430b-9732-77dd534306c5/in_use.lock acquired by nodename 13566@pr-hdds-2224-n586v-1266706246
2019-10-01 22:05:30,067 [pool-459-thread-1] INFO  storage.RaftStorage (RaftStorage.java:format(84)) - Storage directory /workdir/hadoop-ozone/integration-test/target/test-dir/MiniOzoneClusterImpl-e9a871d3-a5f2-4b32-9938-d4d926f9f817/datanode-5/data/ratis/d868e730-dffc-430b-9732-77dd534306c5 has been successfully formatted.
2019-10-01 22:05:30,067 [pool-459-thread-1] INFO  ratis.ContainerStateMachine (ContainerStateMachine.java:loadSnapshot(230)) - group-77DD534306C5: The snapshot info is null. Setting the last applied indexto:(t:0, i:~)
2019-10-01 22:05:30,067 [pool-459-thread-1] INFO  server.RaftServerConfigKeys (ConfUtils.java:logGet(43)) - raft.server.notification.no-leader.timeout = 120s (custom)
2019-10-01 22:05:30,068 [pool-459-thread-1] INFO  server.RaftServerConfigKeys (ConfUtils.java:logGet(43)) - raft.server.log.use.memory = false (default)
2019-10-01 22:05:30,068 [pool-459-thread-1] INFO  server.RaftServerConfigKeys (ConfUtils.java:logGet(43)) - raft.server.log.purge.gap = 1000000 (custom)
2019-10-01 22:05:30,068 [pool-459-thread-1] INFO  server.RaftServerConfigKeys (ConfUtils.java:logGet(43)) - raft.server.log.appender.buffer.byte-limit = 33554432 (custom)
2019-10-01 22:05:30,068 [pool-459-thread-1] INFO  server.RaftServerConfigKeys (ConfUtils.java:logGet(43)) - raft.server.log.segment.size.max = 1048576 (custom)
2019-10-01 22:05:30,069 [pool-459-thread-1] INFO  server.RaftServerConfigKeys (ConfUtils.java:logGet(43)) - raft.server.log.segment.cache.num.max = 2 (custom)
2019-10-01 22:05:30,069 [pool-459-thread-1] INFO  segmented.SegmentedRaftLogWorker (SegmentedRaftLogWorker.java:<init>(173)) - new 4d76249b-6356-4acc-ba4b-eacf1d81f369@group-77DD534306C5-SegmentedRaftLogWorker for RaftStorage:Storage Directory /workdir/hadoop-ozone/integration-test/target/test-dir/MiniOzoneClusterImpl-e9a871d3-a5f2-4b32-9938-d4d926f9f817/datanode-5/data/ratis/d868e730-dffc-430b-9732-77dd534306c5
2019-10-01 22:05:30,069 [pool-459-thread-1] INFO  server.RaftServerConfigKeys (ConfUtils.java:logGet(43)) - raft.server.log.queue.byte-limit = 2147483647 (custom)
2019-10-01 22:05:30,070 [pool-459-thread-1] INFO  server.RaftServerConfigKeys (ConfUtils.java:logGet(43)) - raft.server.log.queue.element-limit = 1024 (custom)
2019-10-01 22:05:30,070 [pool-459-thread-1] INFO  server.RaftServerConfigKeys (ConfUtils.java:logGet(43)) - raft.server.log.segment.size.max = 1048576 (custom)
2019-10-01 22:05:30,070 [pool-459-thread-1] INFO  server.RaftServerConfigKeys (ConfUtils.java:logGet(43)) - raft.server.log.preallocated.size = 16384 (custom)
2019-10-01 22:05:30,070 [pool-459-thread-1] INFO  server.RaftServerConfigKeys (ConfUtils.java:logGet(43)) - raft.server.log.write.buffer.size = 33554432 (custom)
2019-10-01 22:05:30,070 [pool-459-thread-1] INFO  server.RaftServerConfigKeys (ConfUtils.java:logGet(43)) - raft.server.log.force.sync.num = 128 (default)
2019-10-01 22:05:30,070 [pool-459-thread-1] INFO  server.RaftServerConfigKeys (ConfUtils.java:logGet(43)) - raft.server.log.statemachine.data.sync = true (default)
2019-10-01 22:05:30,070 [pool-459-thread-1] INFO  server.RaftServerConfigKeys (ConfUtils.java:logGet(43)) - raft.server.log.statemachine.data.sync.timeout = 10s (default)
2019-10-01 22:05:30,070 [pool-459-thread-1] INFO  server.RaftServerConfigKeys (ConfUtils.java:logGet(43)) - raft.server.log.statemachine.data.sync.timeout.retry = -1 (default)
2019-10-01 22:05:30,071 [pool-459-thread-1] INFO  server.RaftServerConfigKeys (ConfUtils.java:logGet(43)) - raft.server.log.statemachine.data.caching.enabled = true (custom)
2019-10-01 22:05:30,071 [pool-459-thread-1] INFO  segmented.SegmentedRaftLogWorker (SegmentedRaftLogWorker.java:lambda$new$0(128)) - 4d76249b-6356-4acc-ba4b-eacf1d81f369@group-77DD534306C5-SegmentedRaftLogWorker: flushIndex: setUnconditionally 0 -> -1
2019-10-01 22:05:30,071 [pool-459-thread-1] INFO  server.RaftServerConfigKeys (ConfUtils.java:logGet(43)) - raft.server.snapshot.auto.trigger.enabled = true (custom)
2019-10-01 22:05:30,071 [pool-459-thread-1] INFO  server.RaftServerConfigKeys (ConfUtils.java:logGet(43)) - raft.server.snapshot.auto.trigger.threshold = 10000 (custom)
2019-10-01 22:05:30,071 [pool-459-thread-1] INFO  server.RaftServerConfigKeys (ConfUtils.java:logGet(43)) - raft.server.snapshot.retention.file.num = 5 (custom)
2019-10-01 22:05:30,071 [pool-459-thread-1] INFO  server.RaftServerConfigKeys (ConfUtils.java:logGet(43)) - raft.server.retrycache.expirytime = 600000ms (custom)
2019-10-01 22:05:30,073 [pool-459-thread-1] INFO  impl.RaftServerImpl (RaftServerImpl.java:start(181)) - 4d76249b-6356-4acc-ba4b-eacf1d81f369@group-77DD534306C5: start as a follower, conf=-1: [4d76249b-6356-4acc-ba4b-eacf1d81f369:192.168.164.217:38581], old=null
2019-10-01 22:05:30,073 [pool-459-thread-1] INFO  impl.RaftServerImpl (RaftServerImpl.java:setRole(170)) - 4d76249b-6356-4acc-ba4b-eacf1d81f369@group-77DD534306C5: changes role from      null to FOLLOWER at term 0 for startAsFollower
2019-10-01 22:05:30,073 [pool-459-thread-1] INFO  impl.RoleInfo (RoleInfo.java:updateAndGet(143)) - 4d76249b-6356-4acc-ba4b-eacf1d81f369: start FollowerState
2019-10-01 22:05:30,073 [pool-459-thread-1] INFO  util.JmxRegister (JmxRegister.java:tryRegister(44)) - Successfully registered JMX Bean with object name Ratis:service=RaftServer,group=group-77DD534306C5,id=4d76249b-6356-4acc-ba4b-eacf1d81f369
2019-10-01 22:05:30,080 [RatisPipelineUtilsThread] INFO  pipeline.PipelineStateManager (PipelineStateManager.java:addPipeline(56)) - Created pipeline Pipeline[ Id: d868e730-dffc-430b-9732-77dd534306c5, Nodes: 4d76249b-6356-4acc-ba4b-eacf1d81f369{ip: 192.168.164.217, host: pr-hdds-2224-n586v-1266706246, networkLocation: /default-rack, certSerialId: null}, Type:RATIS, Factor:ONE, State:OPEN]
2019-10-01 22:05:30,099 [grpc-default-executor-5] INFO  impl.RaftServerProxy (RaftServerProxy.java:addNew(89)) - 090b4e10-81d3-4da5-9567-4af0b3b54148: addNew group-4CAE68756A00:[41e483d8-a8cb-4ac7-b9f7-974b51399050:192.168.164.217:41192, 090b4e10-81d3-4da5-9567-4af0b3b54148:192.168.164.217:44759, f8c2ad6a-3c8a-4833-ac9f-f4e448cef8cd:192.168.164.217:38041] returns group-4CAE68756A00:java.util.concurrent.CompletableFuture@182e0001[Not completed]
2019-10-01 22:05:30,099 [grpc-default-executor-7] INFO  impl.RaftServerProxy (RaftServerProxy.java:addNew(89)) - f8c2ad6a-3c8a-4833-ac9f-f4e448cef8cd: addNew group-4CAE68756A00:[41e483d8-a8cb-4ac7-b9f7-974b51399050:192.168.164.217:41192, 090b4e10-81d3-4da5-9567-4af0b3b54148:192.168.164.217:44759, f8c2ad6a-3c8a-4833-ac9f-f4e448cef8cd:192.168.164.217:38041] returns group-4CAE68756A00:java.util.concurrent.CompletableFuture@772e7b68[Not completed]
2019-10-01 22:05:30,099 [grpc-default-executor-8] INFO  impl.RaftServerProxy (RaftServerProxy.java:addNew(89)) - 41e483d8-a8cb-4ac7-b9f7-974b51399050: addNew group-4CAE68756A00:[41e483d8-a8cb-4ac7-b9f7-974b51399050:192.168.164.217:41192, 090b4e10-81d3-4da5-9567-4af0b3b54148:192.168.164.217:44759, f8c2ad6a-3c8a-4833-ac9f-f4e448cef8cd:192.168.164.217:38041] returns group-4CAE68756A00:java.util.concurrent.CompletableFuture@5f1d489c[Not completed]
2019-10-01 22:05:30,100 [pool-409-thread-1] INFO  impl.RaftServerImpl (RaftServerImpl.java:<init>(95)) - f8c2ad6a-3c8a-4833-ac9f-f4e448cef8cd: new RaftServerImpl for group-4CAE68756A00:[41e483d8-a8cb-4ac7-b9f7-974b51399050:192.168.164.217:41192, 090b4e10-81d3-4da5-9567-4af0b3b54148:192.168.164.217:44759, f8c2ad6a-3c8a-4833-ac9f-f4e448cef8cd:192.168.164.217:38041] with ContainerStateMachine:uninitialized
2019-10-01 22:05:30,100 [pool-409-thread-1] INFO  server.RaftServerConfigKeys (ConfUtils.java:logGet(43)) - raft.server.rpc.timeout.min = 5s (custom)
2019-10-01 22:05:30,100 [pool-409-thread-1] INFO  server.RaftServerConfigKeys (ConfUtils.java:logGet(43)) - raft.server.rpc.timeout.max = 5200ms (custom)
2019-10-01 22:05:30,100 [pool-409-thread-1] INFO  server.RaftServerConfigKeys (ConfUtils.java:logGet(43)) - raft.server.rpcslowness.timeout = 120s (custom)
2019-10-01 22:05:30,100 [pool-409-thread-1] INFO  server.RaftServerConfigKeys (ConfUtils.java:logGet(43)) - raft.server.sleep.deviation.threshold = 300 (default)
2019-10-01 22:05:30,100 [pool-409-thread-1] INFO  server.RaftServerConfigKeys (ConfUtils.java:logGet(43)) - raft.server.log.appender.install.snapshot.enabled = false (custom)
2019-10-01 22:05:30,100 [pool-409-thread-1] INFO  impl.RaftServerImpl (ServerState.java:<init>(103)) - f8c2ad6a-3c8a-4833-ac9f-f4e448cef8cd@group-4CAE68756A00: ConfigurationManager, init=-1: [41e483d8-a8cb-4ac7-b9f7-974b51399050:192.168.164.217:41192, 090b4e10-81d3-4da5-9567-4af0b3b54148:192.168.164.217:44759, f8c2ad6a-3c8a-4833-ac9f-f4e448cef8cd:192.168.164.217:38041], old=null, confs=<EMPTY_MAP>
2019-10-01 22:05:30,100 [pool-449-thread-1] INFO  impl.RaftServerImpl (RaftServerImpl.java:<init>(95)) - 090b4e10-81d3-4da5-9567-4af0b3b54148: new RaftServerImpl for group-4CAE68756A00:[41e483d8-a8cb-4ac7-b9f7-974b51399050:192.168.164.217:41192, 090b4e10-81d3-4da5-9567-4af0b3b54148:192.168.164.217:44759, f8c2ad6a-3c8a-4833-ac9f-f4e448cef8cd:192.168.164.217:38041] with ContainerStateMachine:uninitialized
2019-10-01 22:05:30,100 [pool-409-thread-1] INFO  server.RaftServerConfigKeys (ConfUtils.java:logGet(43)) - raft.server.storage.dir = [/workdir/hadoop-ozone/integration-test/target/test-dir/MiniOzoneClusterImpl-e9a871d3-a5f2-4b32-9938-d4d926f9f817/datanode-0/data/ratis] (custom)
2019-10-01 22:05:30,101 [pool-449-thread-1] INFO  server.RaftServerConfigKeys (ConfUtils.java:logGet(43)) - raft.server.rpc.timeout.min = 5s (custom)
2019-10-01 22:05:30,100 [pool-469-thread-1] INFO  impl.RaftServerImpl (RaftServerImpl.java:<init>(95)) - 41e483d8-a8cb-4ac7-b9f7-974b51399050: new RaftServerImpl for group-4CAE68756A00:[41e483d8-a8cb-4ac7-b9f7-974b51399050:192.168.164.217:41192, 090b4e10-81d3-4da5-9567-4af0b3b54148:192.168.164.217:44759, f8c2ad6a-3c8a-4833-ac9f-f4e448cef8cd:192.168.164.217:38041] with ContainerStateMachine:uninitialized
2019-10-01 22:05:30,101 [pool-449-thread-1] INFO  server.RaftServerConfigKeys (ConfUtils.java:logGet(43)) - raft.server.rpc.timeout.max = 5200ms (custom)
2019-10-01 22:05:30,101 [pool-409-thread-1] INFO  server.RaftServerConfigKeys (ConfUtils.java:logGet(43)) - raft.server.log.corruption.policy = EXCEPTION (default)
2019-10-01 22:05:30,101 [pool-449-thread-1] INFO  server.RaftServerConfigKeys (ConfUtils.java:logGet(43)) - raft.server.rpcslowness.timeout = 120s (custom)
2019-10-01 22:05:30,101 [pool-469-thread-1] INFO  server.RaftServerConfigKeys (ConfUtils.java:logGet(43)) - raft.server.rpc.timeout.min = 5s (custom)
2019-10-01 22:05:30,101 [pool-449-thread-1] INFO  server.RaftServerConfigKeys (ConfUtils.java:logGet(43)) - raft.server.sleep.deviation.threshold = 300 (default)
2019-10-01 22:05:30,101 [pool-409-thread-1] INFO  storage.RaftStorageDirectory (RaftStorageDirectory.java:analyzeStorage(246)) - The storage directory /workdir/hadoop-ozone/integration-test/target/test-dir/MiniOzoneClusterImpl-e9a871d3-a5f2-4b32-9938-d4d926f9f817/datanode-0/data/ratis/ebd4118c-b152-40bc-bf32-4cae68756a00 does not exist. Creating ...
2019-10-01 22:05:30,101 [pool-449-thread-1] INFO  server.RaftServerConfigKeys (ConfUtils.java:logGet(43)) - raft.server.log.appender.install.snapshot.enabled = false (custom)
2019-10-01 22:05:30,101 [pool-469-thread-1] INFO  server.RaftServerConfigKeys (ConfUtils.java:logGet(43)) - raft.server.rpc.timeout.max = 5200ms (custom)
2019-10-01 22:05:30,102 [pool-449-thread-1] INFO  impl.RaftServerImpl (ServerState.java:<init>(103)) - 090b4e10-81d3-4da5-9567-4af0b3b54148@group-4CAE68756A00: ConfigurationManager, init=-1: [41e483d8-a8cb-4ac7-b9f7-974b51399050:192.168.164.217:41192, 090b4e10-81d3-4da5-9567-4af0b3b54148:192.168.164.217:44759, f8c2ad6a-3c8a-4833-ac9f-f4e448cef8cd:192.168.164.217:38041], old=null, confs=<EMPTY_MAP>
2019-10-01 22:05:30,102 [pool-469-thread-1] INFO  server.RaftServerConfigKeys (ConfUtils.java:logGet(43)) - raft.server.rpcslowness.timeout = 120s (custom)
2019-10-01 22:05:30,102 [pool-469-thread-1] INFO  server.RaftServerConfigKeys (ConfUtils.java:logGet(43)) - raft.server.sleep.deviation.threshold = 300 (default)
2019-10-01 22:05:30,102 [pool-449-thread-1] INFO  server.RaftServerConfigKeys (ConfUtils.java:logGet(43)) - raft.server.storage.dir = [/workdir/hadoop-ozone/integration-test/target/test-dir/MiniOzoneClusterImpl-e9a871d3-a5f2-4b32-9938-d4d926f9f817/datanode-4/data/ratis] (custom)
2019-10-01 22:05:30,102 [pool-469-thread-1] INFO  server.RaftServerConfigKeys (ConfUtils.java:logGet(43)) - raft.server.log.appender.install.snapshot.enabled = false (custom)
2019-10-01 22:05:30,102 [pool-469-thread-1] INFO  impl.RaftServerImpl (ServerState.java:<init>(103)) - 41e483d8-a8cb-4ac7-b9f7-974b51399050@group-4CAE68756A00: ConfigurationManager, init=-1: [41e483d8-a8cb-4ac7-b9f7-974b51399050:192.168.164.217:41192, 090b4e10-81d3-4da5-9567-4af0b3b54148:192.168.164.217:44759, f8c2ad6a-3c8a-4833-ac9f-f4e448cef8cd:192.168.164.217:38041], old=null, confs=<EMPTY_MAP>
2019-10-01 22:05:30,102 [pool-449-thread-1] INFO  server.RaftServerConfigKeys (ConfUtils.java:logGet(43)) - raft.server.log.corruption.policy = EXCEPTION (default)
2019-10-01 22:05:30,102 [pool-469-thread-1] INFO  server.RaftServerConfigKeys (ConfUtils.java:logGet(43)) - raft.server.storage.dir = [/workdir/hadoop-ozone/integration-test/target/test-dir/MiniOzoneClusterImpl-e9a871d3-a5f2-4b32-9938-d4d926f9f817/datanode-6/data/ratis] (custom)
2019-10-01 22:05:30,103 [pool-449-thread-1] INFO  storage.RaftStorageDirectory (RaftStorageDirectory.java:analyzeStorage(246)) - The storage directory /workdir/hadoop-ozone/integration-test/target/test-dir/MiniOzoneClusterImpl-e9a871d3-a5f2-4b32-9938-d4d926f9f817/datanode-4/data/ratis/ebd4118c-b152-40bc-bf32-4cae68756a00 does not exist. Creating ...
2019-10-01 22:05:30,103 [pool-469-thread-1] INFO  server.RaftServerConfigKeys (ConfUtils.java:logGet(43)) - raft.server.log.corruption.policy = EXCEPTION (default)
2019-10-01 22:05:30,103 [pool-469-thread-1] INFO  storage.RaftStorageDirectory (RaftStorageDirectory.java:analyzeStorage(246)) - The storage directory /workdir/hadoop-ozone/integration-test/target/test-dir/MiniOzoneClusterImpl-e9a871d3-a5f2-4b32-9938-d4d926f9f817/datanode-6/data/ratis/ebd4118c-b152-40bc-bf32-4cae68756a00 does not exist. Creating ...
2019-10-01 22:05:30,115 [pool-449-thread-1] INFO  storage.RaftStorageDirectory (RaftStorageDirectory.java:tryLock(328)) - Lock on /workdir/hadoop-ozone/integration-test/target/test-dir/MiniOzoneClusterImpl-e9a871d3-a5f2-4b32-9938-d4d926f9f817/datanode-4/data/ratis/ebd4118c-b152-40bc-bf32-4cae68756a00/in_use.lock acquired by nodename 13566@pr-hdds-2224-n586v-1266706246
2019-10-01 22:05:30,115 [pool-409-thread-1] INFO  storage.RaftStorageDirectory (RaftStorageDirectory.java:tryLock(328)) - Lock on /workdir/hadoop-ozone/integration-test/target/test-dir/MiniOzoneClusterImpl-e9a871d3-a5f2-4b32-9938-d4d926f9f817/datanode-0/data/ratis/ebd4118c-b152-40bc-bf32-4cae68756a00/in_use.lock acquired by nodename 13566@pr-hdds-2224-n586v-1266706246
2019-10-01 22:05:30,115 [pool-469-thread-1] INFO  storage.RaftStorageDirectory (RaftStorageDirectory.java:tryLock(328)) - Lock on /workdir/hadoop-ozone/integration-test/target/test-dir/MiniOzoneClusterImpl-e9a871d3-a5f2-4b32-9938-d4d926f9f817/datanode-6/data/ratis/ebd4118c-b152-40bc-bf32-4cae68756a00/in_use.lock acquired by nodename 13566@pr-hdds-2224-n586v-1266706246
2019-10-01 22:05:30,129 [pool-449-thread-1] INFO  storage.RaftStorage (RaftStorage.java:format(84)) - Storage directory /workdir/hadoop-ozone/integration-test/target/test-dir/MiniOzoneClusterImpl-e9a871d3-a5f2-4b32-9938-d4d926f9f817/datanode-4/data/ratis/ebd4118c-b152-40bc-bf32-4cae68756a00 has been successfully formatted.
2019-10-01 22:05:30,129 [pool-409-thread-1] INFO  storage.RaftStorage (RaftStorage.java:format(84)) - Storage directory /workdir/hadoop-ozone/integration-test/target/test-dir/MiniOzoneClusterImpl-e9a871d3-a5f2-4b32-9938-d4d926f9f817/datanode-0/data/ratis/ebd4118c-b152-40bc-bf32-4cae68756a00 has been successfully formatted.
2019-10-01 22:05:30,129 [pool-469-thread-1] INFO  storage.RaftStorage (RaftStorage.java:format(84)) - Storage directory /workdir/hadoop-ozone/integration-test/target/test-dir/MiniOzoneClusterImpl-e9a871d3-a5f2-4b32-9938-d4d926f9f817/datanode-6/data/ratis/ebd4118c-b152-40bc-bf32-4cae68756a00 has been successfully formatted.
2019-10-01 22:05:30,129 [pool-449-thread-1] INFO  ratis.ContainerStateMachine (ContainerStateMachine.java:loadSnapshot(230)) - group-4CAE68756A00: The snapshot info is null. Setting the last applied indexto:(t:0, i:~)
2019-10-01 22:05:30,129 [pool-469-thread-1] INFO  ratis.ContainerStateMachine (ContainerStateMachine.java:loadSnapshot(230)) - group-4CAE68756A00: The snapshot info is null. Setting the last applied indexto:(t:0, i:~)
2019-10-01 22:05:30,129 [pool-409-thread-1] INFO  ratis.ContainerStateMachine (ContainerStateMachine.java:loadSnapshot(230)) - group-4CAE68756A00: The snapshot info is null. Setting the last applied indexto:(t:0, i:~)
2019-10-01 22:05:30,129 [pool-469-thread-1] INFO  server.RaftServerConfigKeys (ConfUtils.java:logGet(43)) - raft.server.notification.no-leader.timeout = 120s (custom)
2019-10-01 22:05:30,129 [pool-449-thread-1] INFO  server.RaftServerConfigKeys (ConfUtils.java:logGet(43)) - raft.server.notification.no-leader.timeout = 120s (custom)
2019-10-01 22:05:30,130 [pool-469-thread-1] INFO  server.RaftServerConfigKeys (ConfUtils.java:logGet(43)) - raft.server.log.use.memory = false (default)
2019-10-01 22:05:30,130 [pool-409-thread-1] INFO  server.RaftServerConfigKeys (ConfUtils.java:logGet(43)) - raft.server.notification.no-leader.timeout = 120s (custom)
2019-10-01 22:05:30,130 [pool-469-thread-1] INFO  server.RaftServerConfigKeys (ConfUtils.java:logGet(43)) - raft.server.log.purge.gap = 1000000 (custom)
2019-10-01 22:05:30,130 [pool-449-thread-1] INFO  server.RaftServerConfigKeys (ConfUtils.java:logGet(43)) - raft.server.log.use.memory = false (default)
2019-10-01 22:05:30,130 [pool-469-thread-1] INFO  server.RaftServerConfigKeys (ConfUtils.java:logGet(43)) - raft.server.log.appender.buffer.byte-limit = 33554432 (custom)
2019-10-01 22:05:30,130 [pool-409-thread-1] INFO  server.RaftServerConfigKeys (ConfUtils.java:logGet(43)) - raft.server.log.use.memory = false (default)
2019-10-01 22:05:30,130 [pool-469-thread-1] INFO  server.RaftServerConfigKeys (ConfUtils.java:logGet(43)) - raft.server.log.segment.size.max = 1048576 (custom)
2019-10-01 22:05:30,130 [pool-449-thread-1] INFO  server.RaftServerConfigKeys (ConfUtils.java:logGet(43)) - raft.server.log.purge.gap = 1000000 (custom)
2019-10-01 22:05:30,131 [pool-469-thread-1] INFO  server.RaftServerConfigKeys (ConfUtils.java:logGet(43)) - raft.server.log.segment.cache.num.max = 2 (custom)
2019-10-01 22:05:30,131 [pool-409-thread-1] INFO  server.RaftServerConfigKeys (ConfUtils.java:logGet(43)) - raft.server.log.purge.gap = 1000000 (custom)
2019-10-01 22:05:30,131 [pool-469-thread-1] INFO  segmented.SegmentedRaftLogWorker (SegmentedRaftLogWorker.java:<init>(173)) - new 41e483d8-a8cb-4ac7-b9f7-974b51399050@group-4CAE68756A00-SegmentedRaftLogWorker for RaftStorage:Storage Directory /workdir/hadoop-ozone/integration-test/target/test-dir/MiniOzoneClusterImpl-e9a871d3-a5f2-4b32-9938-d4d926f9f817/datanode-6/data/ratis/ebd4118c-b152-40bc-bf32-4cae68756a00
2019-10-01 22:05:30,131 [pool-449-thread-1] INFO  server.RaftServerConfigKeys (ConfUtils.java:logGet(43)) - raft.server.log.appender.buffer.byte-limit = 33554432 (custom)
2019-10-01 22:05:30,131 [pool-469-thread-1] INFO  server.RaftServerConfigKeys (ConfUtils.java:logGet(43)) - raft.server.log.queue.byte-limit = 2147483647 (custom)
2019-10-01 22:05:30,131 [pool-409-thread-1] INFO  server.RaftServerConfigKeys (ConfUtils.java:logGet(43)) - raft.server.log.appender.buffer.byte-limit = 33554432 (custom)
2019-10-01 22:05:30,131 [pool-469-thread-1] INFO  server.RaftServerConfigKeys (ConfUtils.java:logGet(43)) - raft.server.log.queue.element-limit = 1024 (custom)
2019-10-01 22:05:30,131 [pool-449-thread-1] INFO  server.RaftServerConfigKeys (ConfUtils.java:logGet(43)) - raft.server.log.segment.size.max = 1048576 (custom)
2019-10-01 22:05:30,132 [pool-469-thread-1] INFO  server.RaftServerConfigKeys (ConfUtils.java:logGet(43)) - raft.server.log.segment.size.max = 1048576 (custom)
2019-10-01 22:05:30,132 [pool-469-thread-1] INFO  server.RaftServerConfigKeys (ConfUtils.java:logGet(43)) - raft.server.log.preallocated.size = 16384 (custom)
2019-10-01 22:05:30,132 [pool-409-thread-1] INFO  server.RaftServerConfigKeys (ConfUtils.java:logGet(43)) - raft.server.log.segment.size.max = 1048576 (custom)
2019-10-01 22:05:30,132 [pool-469-thread-1] INFO  server.RaftServerConfigKeys (ConfUtils.java:logGet(43)) - raft.server.log.write.buffer.size = 33554432 (custom)
2019-10-01 22:05:30,132 [pool-469-thread-1] INFO  server.RaftServerConfigKeys (ConfUtils.java:logGet(43)) - raft.server.log.force.sync.num = 128 (default)
2019-10-01 22:05:30,132 [pool-469-thread-1] INFO  server.RaftServerConfigKeys (ConfUtils.java:logGet(43)) - raft.server.log.statemachine.data.sync = true (default)
2019-10-01 22:05:30,132 [pool-449-thread-1] INFO  server.RaftServerConfigKeys (ConfUtils.java:logGet(43)) - raft.server.log.segment.cache.num.max = 2 (custom)
2019-10-01 22:05:30,132 [pool-469-thread-1] INFO  server.RaftServerConfigKeys (ConfUtils.java:logGet(43)) - raft.server.log.statemachine.data.sync.timeout = 10s (default)
2019-10-01 22:05:30,133 [pool-469-thread-1] INFO  server.RaftServerConfigKeys (ConfUtils.java:logGet(43)) - raft.server.log.statemachine.data.sync.timeout.retry = -1 (default)
2019-10-01 22:05:30,132 [pool-409-thread-1] INFO  server.RaftServerConfigKeys (ConfUtils.java:logGet(43)) - raft.server.log.segment.cache.num.max = 2 (custom)
2019-10-01 22:05:30,133 [pool-469-thread-1] INFO  server.RaftServerConfigKeys (ConfUtils.java:logGet(43)) - raft.server.log.statemachine.data.caching.enabled = true (custom)
2019-10-01 22:05:30,133 [pool-449-thread-1] INFO  segmented.SegmentedRaftLogWorker (SegmentedRaftLogWorker.java:<init>(173)) - new 090b4e10-81d3-4da5-9567-4af0b3b54148@group-4CAE68756A00-SegmentedRaftLogWorker for RaftStorage:Storage Directory /workdir/hadoop-ozone/integration-test/target/test-dir/MiniOzoneClusterImpl-e9a871d3-a5f2-4b32-9938-d4d926f9f817/datanode-4/data/ratis/ebd4118c-b152-40bc-bf32-4cae68756a00
2019-10-01 22:05:30,133 [pool-409-thread-1] INFO  segmented.SegmentedRaftLogWorker (SegmentedRaftLogWorker.java:<init>(173)) - new f8c2ad6a-3c8a-4833-ac9f-f4e448cef8cd@group-4CAE68756A00-SegmentedRaftLogWorker for RaftStorage:Storage Directory /workdir/hadoop-ozone/integration-test/target/test-dir/MiniOzoneClusterImpl-e9a871d3-a5f2-4b32-9938-d4d926f9f817/datanode-0/data/ratis/ebd4118c-b152-40bc-bf32-4cae68756a00
2019-10-01 22:05:30,133 [pool-469-thread-1] INFO  segmented.SegmentedRaftLogWorker (SegmentedRaftLogWorker.java:lambda$new$0(128)) - 41e483d8-a8cb-4ac7-b9f7-974b51399050@group-4CAE68756A00-SegmentedRaftLogWorker: flushIndex: setUnconditionally 0 -> -1
2019-10-01 22:05:30,133 [pool-449-thread-1] INFO  server.RaftServerConfigKeys (ConfUtils.java:logGet(43)) - raft.server.log.queue.byte-limit = 2147483647 (custom)
2019-10-01 22:05:30,133 [pool-409-thread-1] INFO  server.RaftServerConfigKeys (ConfUtils.java:logGet(43)) - raft.server.log.queue.byte-limit = 2147483647 (custom)
2019-10-01 22:05:30,133 [pool-469-thread-1] INFO  server.RaftServerConfigKeys (ConfUtils.java:logGet(43)) - raft.server.snapshot.auto.trigger.enabled = true (custom)
2019-10-01 22:05:30,134 [pool-469-thread-1] INFO  server.RaftServerConfigKeys (ConfUtils.java:logGet(43)) - raft.server.snapshot.auto.trigger.threshold = 10000 (custom)
2019-10-01 22:05:30,134 [pool-469-thread-1] INFO  server.RaftServerConfigKeys (ConfUtils.java:logGet(43)) - raft.server.snapshot.retention.file.num = 5 (custom)
2019-10-01 22:05:30,133 [pool-449-thread-1] INFO  server.RaftServerConfigKeys (ConfUtils.java:logGet(43)) - raft.server.log.queue.element-limit = 1024 (custom)
2019-10-01 22:05:30,134 [pool-469-thread-1] INFO  server.RaftServerConfigKeys (ConfUtils.java:logGet(43)) - raft.server.retrycache.expirytime = 600000ms (custom)
2019-10-01 22:05:30,134 [pool-409-thread-1] INFO  server.RaftServerConfigKeys (ConfUtils.java:logGet(43)) - raft.server.log.queue.element-limit = 1024 (custom)
2019-10-01 22:05:30,134 [pool-449-thread-1] INFO  server.RaftServerConfigKeys (ConfUtils.java:logGet(43)) - raft.server.log.segment.size.max = 1048576 (custom)
2019-10-01 22:05:30,134 [pool-409-thread-1] INFO  server.RaftServerConfigKeys (ConfUtils.java:logGet(43)) - raft.server.log.segment.size.max = 1048576 (custom)
2019-10-01 22:05:30,135 [pool-409-thread-1] INFO  server.RaftServerConfigKeys (ConfUtils.java:logGet(43)) - raft.server.log.preallocated.size = 16384 (custom)
2019-10-01 22:05:30,135 [pool-409-thread-1] INFO  server.RaftServerConfigKeys (ConfUtils.java:logGet(43)) - raft.server.log.write.buffer.size = 33554432 (custom)
2019-10-01 22:05:30,134 [pool-449-thread-1] INFO  server.RaftServerConfigKeys (ConfUtils.java:logGet(43)) - raft.server.log.preallocated.size = 16384 (custom)
2019-10-01 22:05:30,135 [pool-409-thread-1] INFO  server.RaftServerConfigKeys (ConfUtils.java:logGet(43)) - raft.server.log.force.sync.num = 128 (default)
2019-10-01 22:05:30,135 [pool-449-thread-1] INFO  server.RaftServerConfigKeys (ConfUtils.java:logGet(43)) - raft.server.log.write.buffer.size = 33554432 (custom)
2019-10-01 22:05:30,135 [pool-409-thread-1] INFO  server.RaftServerConfigKeys (ConfUtils.java:logGet(43)) - raft.server.log.statemachine.data.sync = true (default)
2019-10-01 22:05:30,135 [pool-449-thread-1] INFO  server.RaftServerConfigKeys (ConfUtils.java:logGet(43)) - raft.server.log.force.sync.num = 128 (default)
2019-10-01 22:05:30,135 [pool-409-thread-1] INFO  server.RaftServerConfigKeys (ConfUtils.java:logGet(43)) - raft.server.log.statemachine.data.sync.timeout = 10s (default)
2019-10-01 22:05:30,135 [pool-469-thread-1] INFO  impl.RaftServerImpl (RaftServerImpl.java:start(181)) - 41e483d8-a8cb-4ac7-b9f7-974b51399050@group-4CAE68756A00: start as a follower, conf=-1: [41e483d8-a8cb-4ac7-b9f7-974b51399050:192.168.164.217:41192, 090b4e10-81d3-4da5-9567-4af0b3b54148:192.168.164.217:44759, f8c2ad6a-3c8a-4833-ac9f-f4e448cef8cd:192.168.164.217:38041], old=null
2019-10-01 22:05:30,135 [pool-449-thread-1] INFO  server.RaftServerConfigKeys (ConfUtils.java:logGet(43)) - raft.server.log.statemachine.data.sync = true (default)
2019-10-01 22:05:30,136 [pool-469-thread-1] INFO  impl.RaftServerImpl (RaftServerImpl.java:setRole(170)) - 41e483d8-a8cb-4ac7-b9f7-974b51399050@group-4CAE68756A00: changes role from      null to FOLLOWER at term 0 for startAsFollower
2019-10-01 22:05:30,135 [pool-409-thread-1] INFO  server.RaftServerConfigKeys (ConfUtils.java:logGet(43)) - raft.server.log.statemachine.data.sync.timeout.retry = -1 (default)
2019-10-01 22:05:30,136 [pool-469-thread-1] INFO  impl.RoleInfo (RoleInfo.java:updateAndGet(143)) - 41e483d8-a8cb-4ac7-b9f7-974b51399050: start FollowerState
2019-10-01 22:05:30,136 [pool-449-thread-1] INFO  server.RaftServerConfigKeys (ConfUtils.java:logGet(43)) - raft.server.log.statemachine.data.sync.timeout = 10s (default)
2019-10-01 22:05:30,136 [pool-409-thread-1] INFO  server.RaftServerConfigKeys (ConfUtils.java:logGet(43)) - raft.server.log.statemachine.data.caching.enabled = true (custom)
2019-10-01 22:05:30,136 [pool-469-thread-1] INFO  util.JmxRegister (JmxRegister.java:tryRegister(44)) - Successfully registered JMX Bean with object name Ratis:service=RaftServer,group=group-4CAE68756A00,id=41e483d8-a8cb-4ac7-b9f7-974b51399050
2019-10-01 22:05:30,136 [pool-449-thread-1] INFO  server.RaftServerConfigKeys (ConfUtils.java:logGet(43)) - raft.server.log.statemachine.data.sync.timeout.retry = -1 (default)
2019-10-01 22:05:30,136 [pool-409-thread-1] INFO  segmented.SegmentedRaftLogWorker (SegmentedRaftLogWorker.java:lambda$new$0(128)) - f8c2ad6a-3c8a-4833-ac9f-f4e448cef8cd@group-4CAE68756A00-SegmentedRaftLogWorker: flushIndex: setUnconditionally 0 -> -1
2019-10-01 22:05:30,137 [pool-449-thread-1] INFO  server.RaftServerConfigKeys (ConfUtils.java:logGet(43)) - raft.server.log.statemachine.data.caching.enabled = true (custom)
2019-10-01 22:05:30,137 [pool-409-thread-1] INFO  server.RaftServerConfigKeys (ConfUtils.java:logGet(43)) - raft.server.snapshot.auto.trigger.enabled = true (custom)
2019-10-01 22:05:30,137 [pool-449-thread-1] INFO  segmented.SegmentedRaftLogWorker (SegmentedRaftLogWorker.java:lambda$new$0(128)) - 090b4e10-81d3-4da5-9567-4af0b3b54148@group-4CAE68756A00-SegmentedRaftLogWorker: flushIndex: setUnconditionally 0 -> -1
2019-10-01 22:05:30,137 [pool-409-thread-1] INFO  server.RaftServerConfigKeys (ConfUtils.java:logGet(43)) - raft.server.snapshot.auto.trigger.threshold = 10000 (custom)
2019-10-01 22:05:30,137 [pool-409-thread-1] INFO  server.RaftServerConfigKeys (ConfUtils.java:logGet(43)) - raft.server.snapshot.retention.file.num = 5 (custom)
2019-10-01 22:05:30,137 [pool-449-thread-1] INFO  server.RaftServerConfigKeys (ConfUtils.java:logGet(43)) - raft.server.snapshot.auto.trigger.enabled = true (custom)
2019-10-01 22:05:30,137 [pool-409-thread-1] INFO  server.RaftServerConfigKeys (ConfUtils.java:logGet(43)) - raft.server.retrycache.expirytime = 600000ms (custom)
2019-10-01 22:05:30,138 [pool-449-thread-1] INFO  server.RaftServerConfigKeys (ConfUtils.java:logGet(43)) - raft.server.snapshot.auto.trigger.threshold = 10000 (custom)
2019-10-01 22:05:30,138 [pool-449-thread-1] INFO  server.RaftServerConfigKeys (ConfUtils.java:logGet(43)) - raft.server.snapshot.retention.file.num = 5 (custom)
2019-10-01 22:05:30,138 [pool-449-thread-1] INFO  server.RaftServerConfigKeys (ConfUtils.java:logGet(43)) - raft.server.retrycache.expirytime = 600000ms (custom)
2019-10-01 22:05:30,143 [pool-409-thread-1] INFO  impl.RaftServerImpl (RaftServerImpl.java:start(181)) - f8c2ad6a-3c8a-4833-ac9f-f4e448cef8cd@group-4CAE68756A00: start as a follower, conf=-1: [41e483d8-a8cb-4ac7-b9f7-974b51399050:192.168.164.217:41192, 090b4e10-81d3-4da5-9567-4af0b3b54148:192.168.164.217:44759, f8c2ad6a-3c8a-4833-ac9f-f4e448cef8cd:192.168.164.217:38041], old=null
2019-10-01 22:05:30,143 [pool-409-thread-1] INFO  impl.RaftServerImpl (RaftServerImpl.java:setRole(170)) - f8c2ad6a-3c8a-4833-ac9f-f4e448cef8cd@group-4CAE68756A00: changes role from      null to FOLLOWER at term 0 for startAsFollower
2019-10-01 22:05:30,143 [pool-409-thread-1] INFO  impl.RoleInfo (RoleInfo.java:updateAndGet(143)) - f8c2ad6a-3c8a-4833-ac9f-f4e448cef8cd: start FollowerState
2019-10-01 22:05:30,143 [pool-409-thread-1] INFO  util.JmxRegister (JmxRegister.java:tryRegister(44)) - Successfully registered JMX Bean with object name Ratis:service=RaftServer,group=group-4CAE68756A00,id=f8c2ad6a-3c8a-4833-ac9f-f4e448cef8cd
2019-10-01 22:05:30,143 [pool-449-thread-1] INFO  impl.RaftServerImpl (RaftServerImpl.java:start(181)) - 090b4e10-81d3-4da5-9567-4af0b3b54148@group-4CAE68756A00: start as a follower, conf=-1: [41e483d8-a8cb-4ac7-b9f7-974b51399050:192.168.164.217:41192, 090b4e10-81d3-4da5-9567-4af0b3b54148:192.168.164.217:44759, f8c2ad6a-3c8a-4833-ac9f-f4e448cef8cd:192.168.164.217:38041], old=null
2019-10-01 22:05:30,143 [pool-449-thread-1] INFO  impl.RaftServerImpl (RaftServerImpl.java:setRole(170)) - 090b4e10-81d3-4da5-9567-4af0b3b54148@group-4CAE68756A00: changes role from      null to FOLLOWER at term 0 for startAsFollower
2019-10-01 22:05:30,143 [pool-449-thread-1] INFO  impl.RoleInfo (RoleInfo.java:updateAndGet(143)) - 090b4e10-81d3-4da5-9567-4af0b3b54148: start FollowerState
2019-10-01 22:05:30,144 [pool-449-thread-1] INFO  util.JmxRegister (JmxRegister.java:tryRegister(44)) - Successfully registered JMX Bean with object name Ratis:service=RaftServer,group=group-4CAE68756A00,id=090b4e10-81d3-4da5-9567-4af0b3b54148
2019-10-01 22:05:30,151 [RatisPipelineUtilsThread] INFO  pipeline.PipelineStateManager (PipelineStateManager.java:addPipeline(56)) - Created pipeline Pipeline[ Id: ebd4118c-b152-40bc-bf32-4cae68756a00, Nodes: 41e483d8-a8cb-4ac7-b9f7-974b51399050{ip: 192.168.164.217, host: pr-hdds-2224-n586v-1266706246, networkLocation: /default-rack, certSerialId: null}090b4e10-81d3-4da5-9567-4af0b3b54148{ip: 192.168.164.217, host: pr-hdds-2224-n586v-1266706246, networkLocation: /default-rack, certSerialId: null}f8c2ad6a-3c8a-4833-ac9f-f4e448cef8cd{ip: 192.168.164.217, host: pr-hdds-2224-n586v-1266706246, networkLocation: /default-rack, certSerialId: null}, Type:RATIS, Factor:THREE, State:OPEN]
2019-10-01 22:05:30,973 [main] INFO  ozone.MiniOzoneClusterImpl (MiniOzoneClusterImpl.java:lambda$waitForClusterToBeReady$0(147)) - Cluster is ready. Got 7 of 7 DN Heartbeats.
2019-10-01 22:05:31,015 [main] INFO  rpc.RpcClient (RpcClient.java:createVolume(276)) - Creating Volume: testblockoutputstream, with jenkins1000 as owner.
2019-10-01 22:05:31,018 [IPC Server handler 1 on 34573] INFO  volume.OMVolumeCreateRequest (OMVolumeCreateRequest.java:validateAndUpdateCache(194)) - created volume:testblockoutputstream for user:jenkins1000
2019-10-01 22:05:31,038 [main] INFO  rpc.RpcClient (RpcClient.java:createBucket(415)) - Creating Bucket: testblockoutputstream/testblockoutputstream, with Versioning false and Storage Type set to DISK and Encryption set to false 
2019-10-01 22:05:32,620 [Thread-3026] INFO  container.ReplicationManager (ReplicationManager.java:start(162)) - Starting Replication Monitor Thread.
2019-10-01 22:05:32,624 [ReplicationMonitor] INFO  container.ReplicationManager (ReplicationManager.java:run(225)) - Replication Monitor Thread took 0 milliseconds for processing 1 containers.
2019-10-01 22:05:34,799 [Thread-3028] INFO  impl.FollowerState (FollowerState.java:run(108)) - f8c2ad6a-3c8a-4833-ac9f-f4e448cef8cd@group-7467173F50CF-FollowerState: change to CANDIDATE, lastRpcTime:5129ms, electionTimeout:5129ms
2019-10-01 22:05:34,799 [Thread-3028] INFO  impl.RoleInfo (RoleInfo.java:shutdownFollowerState(121)) - f8c2ad6a-3c8a-4833-ac9f-f4e448cef8cd: shutdown FollowerState
2019-10-01 22:05:34,799 [Thread-3028] INFO  impl.RaftServerImpl (RaftServerImpl.java:setRole(170)) - f8c2ad6a-3c8a-4833-ac9f-f4e448cef8cd@group-7467173F50CF: changes role from  FOLLOWER to CANDIDATE at term 0 for changeToCandidate
2019-10-01 22:05:34,800 [Thread-3028] INFO  impl.RoleInfo (RoleInfo.java:updateAndGet(143)) - f8c2ad6a-3c8a-4833-ac9f-f4e448cef8cd: start LeaderElection
2019-10-01 22:05:34,832 [f8c2ad6a-3c8a-4833-ac9f-f4e448cef8cd@group-7467173F50CF-LeaderElection63] INFO  impl.LeaderElection (LeaderElection.java:askForVotes(178)) - f8c2ad6a-3c8a-4833-ac9f-f4e448cef8cd@group-7467173F50CF-LeaderElection63: begin an election at term 1 for -1: [f8c2ad6a-3c8a-4833-ac9f-f4e448cef8cd:192.168.164.217:38041], old=null
2019-10-01 22:05:34,832 [f8c2ad6a-3c8a-4833-ac9f-f4e448cef8cd@group-7467173F50CF-LeaderElection63] INFO  impl.RoleInfo (RoleInfo.java:shutdownLeaderElection(134)) - f8c2ad6a-3c8a-4833-ac9f-f4e448cef8cd: shutdown LeaderElection
2019-10-01 22:05:34,832 [f8c2ad6a-3c8a-4833-ac9f-f4e448cef8cd@group-7467173F50CF-LeaderElection63] INFO  impl.RaftServerImpl (RaftServerImpl.java:setRole(170)) - f8c2ad6a-3c8a-4833-ac9f-f4e448cef8cd@group-7467173F50CF: changes role from CANDIDATE to LEADER at term 1 for changeToLeader
2019-10-01 22:05:34,833 [f8c2ad6a-3c8a-4833-ac9f-f4e448cef8cd@group-7467173F50CF-LeaderElection63] INFO  impl.RaftServerImpl (ServerState.java:setLeader(255)) - f8c2ad6a-3c8a-4833-ac9f-f4e448cef8cd@group-7467173F50CF: change Leader from null to f8c2ad6a-3c8a-4833-ac9f-f4e448cef8cd at term 1 for becomeLeader, leader elected after 5170ms
2019-10-01 22:05:34,833 [f8c2ad6a-3c8a-4833-ac9f-f4e448cef8cd@group-7467173F50CF-LeaderElection63] INFO  server.RaftServerConfigKeys (ConfUtils.java:logGet(43)) - raft.server.staging.catchup.gap = 1000 (default)
2019-10-01 22:05:34,833 [f8c2ad6a-3c8a-4833-ac9f-f4e448cef8cd@group-7467173F50CF-LeaderElection63] INFO  server.RaftServerConfigKeys (ConfUtils.java:logGet(43)) - raft.server.rpc.sleep.time = 25ms (default)
2019-10-01 22:05:34,833 [f8c2ad6a-3c8a-4833-ac9f-f4e448cef8cd@group-7467173F50CF-LeaderElection63] INFO  server.RaftServerConfigKeys (ConfUtils.java:logGet(43)) - raft.server.write.element-limit = 4096 (default)
2019-10-01 22:05:34,833 [f8c2ad6a-3c8a-4833-ac9f-f4e448cef8cd@group-7467173F50CF-LeaderElection63] INFO  server.RaftServerConfigKeys (ConfUtils.java:logGet(43)) - raft.server.watch.timeout = 10s (default)
2019-10-01 22:05:34,834 [f8c2ad6a-3c8a-4833-ac9f-f4e448cef8cd@group-7467173F50CF-LeaderElection63] INFO  server.RaftServerConfigKeys (ConfUtils.java:logGet(43)) - raft.server.watch.timeout.denomination = 1s (default)
2019-10-01 22:05:34,834 [f8c2ad6a-3c8a-4833-ac9f-f4e448cef8cd@group-7467173F50CF-LeaderElection63] INFO  server.RaftServerConfigKeys (ConfUtils.java:logGet(43)) - raft.server.watch.element-limit = 65536 (default)
2019-10-01 22:05:34,836 [f8c2ad6a-3c8a-4833-ac9f-f4e448cef8cd@group-7467173F50CF-LeaderElection63] INFO  impl.RoleInfo (RoleInfo.java:updateAndGet(143)) - f8c2ad6a-3c8a-4833-ac9f-f4e448cef8cd: start LeaderState
2019-10-01 22:05:34,836 [f8c2ad6a-3c8a-4833-ac9f-f4e448cef8cd@group-7467173F50CF-LeaderElection63] INFO  segmented.SegmentedRaftLogWorker (SegmentedRaftLogWorker.java:startLogSegment(385)) - f8c2ad6a-3c8a-4833-ac9f-f4e448cef8cd@group-7467173F50CF-SegmentedRaftLogWorker: Starting segment from index:0
2019-10-01 22:05:34,837 [f8c2ad6a-3c8a-4833-ac9f-f4e448cef8cd@group-7467173F50CF-LeaderElection63] INFO  impl.RaftServerImpl (ServerState.java:setRaftConf(356)) - f8c2ad6a-3c8a-4833-ac9f-f4e448cef8cd@group-7467173F50CF: set configuration 0: [f8c2ad6a-3c8a-4833-ac9f-f4e448cef8cd:192.168.164.217:38041], old=null at 0
2019-10-01 22:05:34,853 [Thread-3031] INFO  impl.FollowerState (FollowerState.java:run(108)) - f86b8727-f280-41d6-bb2a-18dbe766a50d@group-64B52DD934A7-FollowerState: change to CANDIDATE, lastRpcTime:5121ms, electionTimeout:5109ms
2019-10-01 22:05:34,853 [Thread-3031] INFO  impl.RoleInfo (RoleInfo.java:shutdownFollowerState(121)) - f86b8727-f280-41d6-bb2a-18dbe766a50d: shutdown FollowerState
2019-10-01 22:05:34,853 [Thread-3031] INFO  impl.RaftServerImpl (RaftServerImpl.java:setRole(170)) - f86b8727-f280-41d6-bb2a-18dbe766a50d@group-64B52DD934A7: changes role from  FOLLOWER to CANDIDATE at term 0 for changeToCandidate
2019-10-01 22:05:34,854 [Thread-3031] INFO  impl.RoleInfo (RoleInfo.java:updateAndGet(143)) - f86b8727-f280-41d6-bb2a-18dbe766a50d: start LeaderElection
2019-10-01 22:05:34,858 [f8c2ad6a-3c8a-4833-ac9f-f4e448cef8cd@group-7467173F50CF-SegmentedRaftLogWorker] INFO  segmented.SegmentedRaftLogWorker (SegmentedRaftLogWorker.java:execute(574)) - f8c2ad6a-3c8a-4833-ac9f-f4e448cef8cd@group-7467173F50CF-SegmentedRaftLogWorker: created new log segment /workdir/hadoop-ozone/integration-test/target/test-dir/MiniOzoneClusterImpl-e9a871d3-a5f2-4b32-9938-d4d926f9f817/datanode-0/data/ratis/49c08460-c350-4ec0-a8ed-7467173f50cf/current/log_inprogress_0
2019-10-01 22:05:34,859 [Thread-3034] INFO  impl.FollowerState (FollowerState.java:run(108)) - 29b824a3-b223-4685-abc2-ff5392280330@group-4C139C1AE2A7-FollowerState: change to CANDIDATE, lastRpcTime:5074ms, electionTimeout:5074ms
2019-10-01 22:05:34,859 [Thread-3034] INFO  impl.RoleInfo (RoleInfo.java:shutdownFollowerState(121)) - 29b824a3-b223-4685-abc2-ff5392280330: shutdown FollowerState
2019-10-01 22:05:34,859 [Thread-3034] INFO  impl.RaftServerImpl (RaftServerImpl.java:setRole(170)) - 29b824a3-b223-4685-abc2-ff5392280330@group-4C139C1AE2A7: changes role from  FOLLOWER to CANDIDATE at term 0 for changeToCandidate
2019-10-01 22:05:34,859 [Thread-3034] INFO  impl.RoleInfo (RoleInfo.java:updateAndGet(143)) - 29b824a3-b223-4685-abc2-ff5392280330: start LeaderElection
2019-10-01 22:05:34,862 [f86b8727-f280-41d6-bb2a-18dbe766a50d@group-64B52DD934A7-LeaderElection64] INFO  impl.LeaderElection (LeaderElection.java:askForVotes(178)) - f86b8727-f280-41d6-bb2a-18dbe766a50d@group-64B52DD934A7-LeaderElection64: begin an election at term 1 for -1: [f86b8727-f280-41d6-bb2a-18dbe766a50d:192.168.164.217:34787], old=null
2019-10-01 22:05:34,864 [f86b8727-f280-41d6-bb2a-18dbe766a50d@group-64B52DD934A7-LeaderElection64] INFO  impl.RoleInfo (RoleInfo.java:shutdownLeaderElection(134)) - f86b8727-f280-41d6-bb2a-18dbe766a50d: shutdown LeaderElection
2019-10-01 22:05:34,865 [f86b8727-f280-41d6-bb2a-18dbe766a50d@group-64B52DD934A7-LeaderElection64] INFO  impl.RaftServerImpl (RaftServerImpl.java:setRole(170)) - f86b8727-f280-41d6-bb2a-18dbe766a50d@group-64B52DD934A7: changes role from CANDIDATE to LEADER at term 1 for changeToLeader
2019-10-01 22:05:34,865 [f86b8727-f280-41d6-bb2a-18dbe766a50d@group-64B52DD934A7-LeaderElection64] INFO  impl.RaftServerImpl (ServerState.java:setLeader(255)) - f86b8727-f280-41d6-bb2a-18dbe766a50d@group-64B52DD934A7: change Leader from null to f86b8727-f280-41d6-bb2a-18dbe766a50d at term 1 for becomeLeader, leader elected after 5145ms
2019-10-01 22:05:34,865 [f86b8727-f280-41d6-bb2a-18dbe766a50d@group-64B52DD934A7-LeaderElection64] INFO  server.RaftServerConfigKeys (ConfUtils.java:logGet(43)) - raft.server.staging.catchup.gap = 1000 (default)
2019-10-01 22:05:34,865 [f86b8727-f280-41d6-bb2a-18dbe766a50d@group-64B52DD934A7-LeaderElection64] INFO  server.RaftServerConfigKeys (ConfUtils.java:logGet(43)) - raft.server.rpc.sleep.time = 25ms (default)
2019-10-01 22:05:34,865 [f86b8727-f280-41d6-bb2a-18dbe766a50d@group-64B52DD934A7-LeaderElection64] INFO  server.RaftServerConfigKeys (ConfUtils.java:logGet(43)) - raft.server.write.element-limit = 4096 (default)
2019-10-01 22:05:34,865 [f86b8727-f280-41d6-bb2a-18dbe766a50d@group-64B52DD934A7-LeaderElection64] INFO  server.RaftServerConfigKeys (ConfUtils.java:logGet(43)) - raft.server.watch.timeout = 10s (default)
2019-10-01 22:05:34,865 [f86b8727-f280-41d6-bb2a-18dbe766a50d@group-64B52DD934A7-LeaderElection64] INFO  server.RaftServerConfigKeys (ConfUtils.java:logGet(43)) - raft.server.watch.timeout.denomination = 1s (default)
2019-10-01 22:05:34,865 [f86b8727-f280-41d6-bb2a-18dbe766a50d@group-64B52DD934A7-LeaderElection64] INFO  server.RaftServerConfigKeys (ConfUtils.java:logGet(43)) - raft.server.watch.element-limit = 65536 (default)
2019-10-01 22:05:34,867 [f86b8727-f280-41d6-bb2a-18dbe766a50d@group-64B52DD934A7-LeaderElection64] INFO  impl.RoleInfo (RoleInfo.java:updateAndGet(143)) - f86b8727-f280-41d6-bb2a-18dbe766a50d: start LeaderState
2019-10-01 22:05:34,867 [f86b8727-f280-41d6-bb2a-18dbe766a50d@group-64B52DD934A7-LeaderElection64] INFO  segmented.SegmentedRaftLogWorker (SegmentedRaftLogWorker.java:startLogSegment(385)) - f86b8727-f280-41d6-bb2a-18dbe766a50d@group-64B52DD934A7-SegmentedRaftLogWorker: Starting segment from index:0
2019-10-01 22:05:34,867 [29b824a3-b223-4685-abc2-ff5392280330@group-4C139C1AE2A7-LeaderElection65] INFO  impl.LeaderElection (LeaderElection.java:askForVotes(178)) - 29b824a3-b223-4685-abc2-ff5392280330@group-4C139C1AE2A7-LeaderElection65: begin an election at term 1 for -1: [29b824a3-b223-4685-abc2-ff5392280330:192.168.164.217:36134], old=null
2019-10-01 22:05:34,867 [29b824a3-b223-4685-abc2-ff5392280330@group-4C139C1AE2A7-LeaderElection65] INFO  impl.RoleInfo (RoleInfo.java:shutdownLeaderElection(134)) - 29b824a3-b223-4685-abc2-ff5392280330: shutdown LeaderElection
2019-10-01 22:05:34,867 [29b824a3-b223-4685-abc2-ff5392280330@group-4C139C1AE2A7-LeaderElection65] INFO  impl.RaftServerImpl (RaftServerImpl.java:setRole(170)) - 29b824a3-b223-4685-abc2-ff5392280330@group-4C139C1AE2A7: changes role from CANDIDATE to LEADER at term 1 for changeToLeader
2019-10-01 22:05:34,867 [f86b8727-f280-41d6-bb2a-18dbe766a50d@group-64B52DD934A7-LeaderElection64] INFO  impl.RaftServerImpl (ServerState.java:setRaftConf(356)) - f86b8727-f280-41d6-bb2a-18dbe766a50d@group-64B52DD934A7: set configuration 0: [f86b8727-f280-41d6-bb2a-18dbe766a50d:192.168.164.217:34787], old=null at 0
2019-10-01 22:05:34,867 [29b824a3-b223-4685-abc2-ff5392280330@group-4C139C1AE2A7-LeaderElection65] INFO  impl.RaftServerImpl (ServerState.java:setLeader(255)) - 29b824a3-b223-4685-abc2-ff5392280330@group-4C139C1AE2A7: change Leader from null to 29b824a3-b223-4685-abc2-ff5392280330 at term 1 for becomeLeader, leader elected after 5089ms
2019-10-01 22:05:34,899 [Thread-3040] INFO  impl.FollowerState (FollowerState.java:run(108)) - 29b824a3-b223-4685-abc2-ff5392280330@group-3F25343F6103-FollowerState: change to CANDIDATE, lastRpcTime:5047ms, electionTimeout:5004ms
2019-10-01 22:05:34,899 [29b824a3-b223-4685-abc2-ff5392280330@group-4C139C1AE2A7-LeaderElection65] INFO  server.RaftServerConfigKeys (ConfUtils.java:logGet(43)) - raft.server.staging.catchup.gap = 1000 (default)
2019-10-01 22:05:34,899 [Thread-3040] INFO  impl.RoleInfo (RoleInfo.java:shutdownFollowerState(121)) - 29b824a3-b223-4685-abc2-ff5392280330: shutdown FollowerState
2019-10-01 22:05:34,899 [29b824a3-b223-4685-abc2-ff5392280330@group-4C139C1AE2A7-LeaderElection65] INFO  server.RaftServerConfigKeys (ConfUtils.java:logGet(43)) - raft.server.rpc.sleep.time = 25ms (default)
2019-10-01 22:05:34,900 [Thread-3040] INFO  impl.RaftServerImpl (RaftServerImpl.java:setRole(170)) - 29b824a3-b223-4685-abc2-ff5392280330@group-3F25343F6103: changes role from  FOLLOWER to CANDIDATE at term 0 for changeToCandidate
2019-10-01 22:05:34,900 [29b824a3-b223-4685-abc2-ff5392280330@group-4C139C1AE2A7-LeaderElection65] INFO  server.RaftServerConfigKeys (ConfUtils.java:logGet(43)) - raft.server.write.element-limit = 4096 (default)
2019-10-01 22:05:34,900 [Thread-3040] INFO  impl.RoleInfo (RoleInfo.java:updateAndGet(143)) - 29b824a3-b223-4685-abc2-ff5392280330: start LeaderElection
2019-10-01 22:05:34,900 [29b824a3-b223-4685-abc2-ff5392280330@group-4C139C1AE2A7-LeaderElection65] INFO  server.RaftServerConfigKeys (ConfUtils.java:logGet(43)) - raft.server.watch.timeout = 10s (default)
2019-10-01 22:05:34,900 [29b824a3-b223-4685-abc2-ff5392280330@group-4C139C1AE2A7-LeaderElection65] INFO  server.RaftServerConfigKeys (ConfUtils.java:logGet(43)) - raft.server.watch.timeout.denomination = 1s (default)
2019-10-01 22:05:34,900 [29b824a3-b223-4685-abc2-ff5392280330@group-4C139C1AE2A7-LeaderElection65] INFO  server.RaftServerConfigKeys (ConfUtils.java:logGet(43)) - raft.server.watch.element-limit = 65536 (default)
2019-10-01 22:05:34,903 [f86b8727-f280-41d6-bb2a-18dbe766a50d@group-64B52DD934A7-SegmentedRaftLogWorker] INFO  segmented.SegmentedRaftLogWorker (SegmentedRaftLogWorker.java:execute(574)) - f86b8727-f280-41d6-bb2a-18dbe766a50d@group-64B52DD934A7-SegmentedRaftLogWorker: created new log segment /workdir/hadoop-ozone/integration-test/target/test-dir/MiniOzoneClusterImpl-e9a871d3-a5f2-4b32-9938-d4d926f9f817/datanode-1/data/ratis/840591c2-30c6-4a68-9e96-64b52dd934a7/current/log_inprogress_0
2019-10-01 22:05:34,907 [29b824a3-b223-4685-abc2-ff5392280330@group-4C139C1AE2A7-LeaderElection65] INFO  impl.RoleInfo (RoleInfo.java:updateAndGet(143)) - 29b824a3-b223-4685-abc2-ff5392280330: start LeaderState
2019-10-01 22:05:34,908 [29b824a3-b223-4685-abc2-ff5392280330@group-4C139C1AE2A7-LeaderElection65] INFO  segmented.SegmentedRaftLogWorker (SegmentedRaftLogWorker.java:startLogSegment(385)) - 29b824a3-b223-4685-abc2-ff5392280330@group-4C139C1AE2A7-SegmentedRaftLogWorker: Starting segment from index:0
2019-10-01 22:05:34,908 [29b824a3-b223-4685-abc2-ff5392280330@group-4C139C1AE2A7-LeaderElection65] INFO  impl.RaftServerImpl (ServerState.java:setRaftConf(356)) - 29b824a3-b223-4685-abc2-ff5392280330@group-4C139C1AE2A7: set configuration 0: [29b824a3-b223-4685-abc2-ff5392280330:192.168.164.217:36134], old=null at 0
2019-10-01 22:05:34,945 [29b824a3-b223-4685-abc2-ff5392280330@group-3F25343F6103-LeaderElection66] INFO  impl.LeaderElection (LeaderElection.java:askForVotes(178)) - 29b824a3-b223-4685-abc2-ff5392280330@group-3F25343F6103-LeaderElection66: begin an election at term 1 for -1: [29b824a3-b223-4685-abc2-ff5392280330:192.168.164.217:36134, 4323034a-2af4-43ac-bab1-2196d57280d1:192.168.164.217:33339, f86b8727-f280-41d6-bb2a-18dbe766a50d:192.168.164.217:34787], old=null
2019-10-01 22:05:34,948 [29b824a3-b223-4685-abc2-ff5392280330@group-4C139C1AE2A7-SegmentedRaftLogWorker] INFO  segmented.SegmentedRaftLogWorker (SegmentedRaftLogWorker.java:execute(574)) - 29b824a3-b223-4685-abc2-ff5392280330@group-4C139C1AE2A7-SegmentedRaftLogWorker: created new log segment /workdir/hadoop-ozone/integration-test/target/test-dir/MiniOzoneClusterImpl-e9a871d3-a5f2-4b32-9938-d4d926f9f817/datanode-2/data/ratis/284a03dd-92e3-46ea-9f7f-4c139c1ae2a7/current/log_inprogress_0
2019-10-01 22:05:34,949 [grpc-default-executor-8] INFO  impl.RaftServerImpl (RaftServerImpl.java:setRole(170)) - f86b8727-f280-41d6-bb2a-18dbe766a50d@group-3F25343F6103: changes role from  FOLLOWER to FOLLOWER at term 1 for recognizeCandidate:29b824a3-b223-4685-abc2-ff5392280330
2019-10-01 22:05:34,949 [grpc-default-executor-7] INFO  impl.RaftServerImpl (RaftServerImpl.java:setRole(170)) - 4323034a-2af4-43ac-bab1-2196d57280d1@group-3F25343F6103: changes role from  FOLLOWER to FOLLOWER at term 1 for recognizeCandidate:29b824a3-b223-4685-abc2-ff5392280330
2019-10-01 22:05:34,949 [grpc-default-executor-8] INFO  impl.RoleInfo (RoleInfo.java:shutdownFollowerState(121)) - f86b8727-f280-41d6-bb2a-18dbe766a50d: shutdown FollowerState
2019-10-01 22:05:34,950 [grpc-default-executor-7] INFO  impl.RoleInfo (RoleInfo.java:shutdownFollowerState(121)) - 4323034a-2af4-43ac-bab1-2196d57280d1: shutdown FollowerState
2019-10-01 22:05:34,950 [Thread-3041] INFO  impl.FollowerState (FollowerState.java:run(117)) - f86b8727-f280-41d6-bb2a-18dbe766a50d@group-3F25343F6103-FollowerState was interrupted: java.lang.InterruptedException: sleep interrupted
2019-10-01 22:05:34,950 [grpc-default-executor-8] INFO  impl.RoleInfo (RoleInfo.java:updateAndGet(143)) - f86b8727-f280-41d6-bb2a-18dbe766a50d: start FollowerState
2019-10-01 22:05:34,950 [Thread-3039] INFO  impl.FollowerState (FollowerState.java:run(117)) - 4323034a-2af4-43ac-bab1-2196d57280d1@group-3F25343F6103-FollowerState was interrupted: java.lang.InterruptedException: sleep interrupted
2019-10-01 22:05:34,950 [grpc-default-executor-7] INFO  impl.RoleInfo (RoleInfo.java:updateAndGet(143)) - 4323034a-2af4-43ac-bab1-2196d57280d1: start FollowerState
2019-10-01 22:05:34,964 [29b824a3-b223-4685-abc2-ff5392280330@group-3F25343F6103-LeaderElection66] INFO  impl.LeaderElection (LeaderElection.java:logAndReturn(56)) - 29b824a3-b223-4685-abc2-ff5392280330@group-3F25343F6103-LeaderElection66: Election PASSED; received 1 response(s) [29b824a3-b223-4685-abc2-ff5392280330<-4323034a-2af4-43ac-bab1-2196d57280d1#0:OK-t1] and 0 exception(s); 29b824a3-b223-4685-abc2-ff5392280330@group-3F25343F6103:t1, leader=null, voted=29b824a3-b223-4685-abc2-ff5392280330, raftlog=29b824a3-b223-4685-abc2-ff5392280330@group-3F25343F6103-SegmentedRaftLog:OPENED:c-1,f-1,i0, conf=-1: [29b824a3-b223-4685-abc2-ff5392280330:192.168.164.217:36134, 4323034a-2af4-43ac-bab1-2196d57280d1:192.168.164.217:33339, f86b8727-f280-41d6-bb2a-18dbe766a50d:192.168.164.217:34787], old=null
2019-10-01 22:05:34,967 [29b824a3-b223-4685-abc2-ff5392280330@group-3F25343F6103-LeaderElection66] INFO  impl.RoleInfo (RoleInfo.java:shutdownLeaderElection(134)) - 29b824a3-b223-4685-abc2-ff5392280330: shutdown LeaderElection
2019-10-01 22:05:34,967 [29b824a3-b223-4685-abc2-ff5392280330@group-3F25343F6103-LeaderElection66] INFO  impl.RaftServerImpl (RaftServerImpl.java:setRole(170)) - 29b824a3-b223-4685-abc2-ff5392280330@group-3F25343F6103: changes role from CANDIDATE to LEADER at term 1 for changeToLeader
2019-10-01 22:05:34,967 [29b824a3-b223-4685-abc2-ff5392280330@group-3F25343F6103-LeaderElection66] INFO  impl.RaftServerImpl (ServerState.java:setLeader(255)) - 29b824a3-b223-4685-abc2-ff5392280330@group-3F25343F6103: change Leader from null to 29b824a3-b223-4685-abc2-ff5392280330 at term 1 for becomeLeader, leader elected after 5130ms
2019-10-01 22:05:34,967 [29b824a3-b223-4685-abc2-ff5392280330@group-3F25343F6103-LeaderElection66] INFO  server.RaftServerConfigKeys (ConfUtils.java:logGet(43)) - raft.server.staging.catchup.gap = 1000 (default)
2019-10-01 22:05:34,968 [29b824a3-b223-4685-abc2-ff5392280330@group-3F25343F6103-LeaderElection66] INFO  server.RaftServerConfigKeys (ConfUtils.java:logGet(43)) - raft.server.rpc.sleep.time = 25ms (default)
2019-10-01 22:05:34,968 [29b824a3-b223-4685-abc2-ff5392280330@group-3F25343F6103-LeaderElection66] INFO  server.RaftServerConfigKeys (ConfUtils.java:logGet(43)) - raft.server.write.element-limit = 4096 (default)
2019-10-01 22:05:34,968 [29b824a3-b223-4685-abc2-ff5392280330@group-3F25343F6103-LeaderElection66] INFO  server.RaftServerConfigKeys (ConfUtils.java:logGet(43)) - raft.server.watch.timeout = 10s (default)
2019-10-01 22:05:34,968 [29b824a3-b223-4685-abc2-ff5392280330@group-3F25343F6103-LeaderElection66] INFO  server.RaftServerConfigKeys (ConfUtils.java:logGet(43)) - raft.server.watch.timeout.denomination = 1s (default)
2019-10-01 22:05:34,968 [29b824a3-b223-4685-abc2-ff5392280330@group-3F25343F6103-LeaderElection66] INFO  server.RaftServerConfigKeys (ConfUtils.java:logGet(43)) - raft.server.watch.element-limit = 65536 (default)
2019-10-01 22:05:34,970 [29b824a3-b223-4685-abc2-ff5392280330@group-3F25343F6103-LeaderElection66] INFO  server.RaftServerConfigKeys (ConfUtils.java:logGet(43)) - raft.server.log.appender.snapshot.chunk.size.max = 16MB (=16777216) (default)
2019-10-01 22:05:34,970 [29b824a3-b223-4685-abc2-ff5392280330@group-3F25343F6103-LeaderElection66] INFO  server.RaftServerConfigKeys (ConfUtils.java:logGet(43)) - raft.server.log.appender.buffer.byte-limit = 33554432 (custom)
2019-10-01 22:05:34,970 [29b824a3-b223-4685-abc2-ff5392280330@group-3F25343F6103-LeaderElection66] INFO  server.RaftServerConfigKeys (ConfUtils.java:logGet(43)) - raft.server.log.appender.buffer.element-limit = 1 (custom)
2019-10-01 22:05:34,970 [29b824a3-b223-4685-abc2-ff5392280330@group-3F25343F6103-LeaderElection66] INFO  grpc.GrpcConfigKeys$Server (ConfUtils.java:logGet(43)) - raft.grpc.server.leader.outstanding.appends.max = 128 (default)
2019-10-01 22:05:34,971 [29b824a3-b223-4685-abc2-ff5392280330@group-3F25343F6103-LeaderElection66] INFO  server.RaftServerConfigKeys (ConfUtils.java:logGet(43)) - raft.server.rpc.request.timeout = 3000ms (default)
2019-10-01 22:05:34,971 [29b824a3-b223-4685-abc2-ff5392280330@group-3F25343F6103-LeaderElection66] INFO  server.RaftServerConfigKeys (ConfUtils.java:logGet(43)) - raft.server.log.appender.install.snapshot.enabled = false (custom)
2019-10-01 22:05:34,971 [29b824a3-b223-4685-abc2-ff5392280330@group-3F25343F6103-LeaderElection66] INFO  server.RaftServerConfigKeys (ConfUtils.java:logGet(43)) - raft.server.log.appender.snapshot.chunk.size.max = 16MB (=16777216) (default)
2019-10-01 22:05:34,971 [29b824a3-b223-4685-abc2-ff5392280330@group-3F25343F6103-LeaderElection66] INFO  server.RaftServerConfigKeys (ConfUtils.java:logGet(43)) - raft.server.log.appender.buffer.byte-limit = 33554432 (custom)
2019-10-01 22:05:34,971 [29b824a3-b223-4685-abc2-ff5392280330@group-3F25343F6103-LeaderElection66] INFO  server.RaftServerConfigKeys (ConfUtils.java:logGet(43)) - raft.server.log.appender.buffer.element-limit = 1 (custom)
2019-10-01 22:05:34,971 [29b824a3-b223-4685-abc2-ff5392280330@group-3F25343F6103-LeaderElection66] INFO  grpc.GrpcConfigKeys$Server (ConfUtils.java:logGet(43)) - raft.grpc.server.leader.outstanding.appends.max = 128 (default)
2019-10-01 22:05:34,972 [29b824a3-b223-4685-abc2-ff5392280330@group-3F25343F6103-LeaderElection66] INFO  server.RaftServerConfigKeys (ConfUtils.java:logGet(43)) - raft.server.rpc.request.timeout = 3000ms (default)
2019-10-01 22:05:34,972 [29b824a3-b223-4685-abc2-ff5392280330@group-3F25343F6103-LeaderElection66] INFO  server.RaftServerConfigKeys (ConfUtils.java:logGet(43)) - raft.server.log.appender.install.snapshot.enabled = false (custom)
2019-10-01 22:05:34,972 [29b824a3-b223-4685-abc2-ff5392280330@group-3F25343F6103-LeaderElection66] INFO  impl.RoleInfo (RoleInfo.java:updateAndGet(143)) - 29b824a3-b223-4685-abc2-ff5392280330: start LeaderState
2019-10-01 22:05:34,972 [29b824a3-b223-4685-abc2-ff5392280330@group-3F25343F6103-LeaderElection66] INFO  segmented.SegmentedRaftLogWorker (SegmentedRaftLogWorker.java:startLogSegment(385)) - 29b824a3-b223-4685-abc2-ff5392280330@group-3F25343F6103-SegmentedRaftLogWorker: Starting segment from index:0
2019-10-01 22:05:34,973 [29b824a3-b223-4685-abc2-ff5392280330@group-3F25343F6103-LeaderElection66] INFO  impl.RaftServerImpl (ServerState.java:setRaftConf(356)) - 29b824a3-b223-4685-abc2-ff5392280330@group-3F25343F6103: set configuration 0: [29b824a3-b223-4685-abc2-ff5392280330:192.168.164.217:36134, 4323034a-2af4-43ac-bab1-2196d57280d1:192.168.164.217:33339, f86b8727-f280-41d6-bb2a-18dbe766a50d:192.168.164.217:34787], old=null at 0
2019-10-01 22:05:35,026 [29b824a3-b223-4685-abc2-ff5392280330@group-3F25343F6103-SegmentedRaftLogWorker] INFO  segmented.SegmentedRaftLogWorker (SegmentedRaftLogWorker.java:execute(574)) - 29b824a3-b223-4685-abc2-ff5392280330@group-3F25343F6103-SegmentedRaftLogWorker: created new log segment /workdir/hadoop-ozone/integration-test/target/test-dir/MiniOzoneClusterImpl-e9a871d3-a5f2-4b32-9938-d4d926f9f817/datanode-2/data/ratis/9f4cce66-bbc7-4019-87da-3f25343f6103/current/log_inprogress_0
2019-10-01 22:05:35,030 [grpc-default-executor-7] INFO  impl.RaftServerImpl (ServerState.java:setLeader(255)) - f86b8727-f280-41d6-bb2a-18dbe766a50d@group-3F25343F6103: change Leader from null to 29b824a3-b223-4685-abc2-ff5392280330 at term 1 for appendEntries, leader elected after 5188ms
2019-10-01 22:05:35,030 [grpc-default-executor-8] INFO  impl.RaftServerImpl (ServerState.java:setLeader(255)) - 4323034a-2af4-43ac-bab1-2196d57280d1@group-3F25343F6103: change Leader from null to 29b824a3-b223-4685-abc2-ff5392280330 at term 1 for appendEntries, leader elected after 5185ms
2019-10-01 22:05:35,035 [grpc-default-executor-7] INFO  impl.RaftServerImpl (ServerState.java:setRaftConf(356)) - f86b8727-f280-41d6-bb2a-18dbe766a50d@group-3F25343F6103: set configuration 0: [29b824a3-b223-4685-abc2-ff5392280330:192.168.164.217:36134, 4323034a-2af4-43ac-bab1-2196d57280d1:192.168.164.217:33339, f86b8727-f280-41d6-bb2a-18dbe766a50d:192.168.164.217:34787], old=null at 0
2019-10-01 22:05:35,035 [grpc-default-executor-8] INFO  impl.RaftServerImpl (ServerState.java:setRaftConf(356)) - 4323034a-2af4-43ac-bab1-2196d57280d1@group-3F25343F6103: set configuration 0: [29b824a3-b223-4685-abc2-ff5392280330:192.168.164.217:36134, 4323034a-2af4-43ac-bab1-2196d57280d1:192.168.164.217:33339, f86b8727-f280-41d6-bb2a-18dbe766a50d:192.168.164.217:34787], old=null at 0
2019-10-01 22:05:35,035 [grpc-default-executor-7] INFO  segmented.SegmentedRaftLogWorker (SegmentedRaftLogWorker.java:startLogSegment(385)) - f86b8727-f280-41d6-bb2a-18dbe766a50d@group-3F25343F6103-SegmentedRaftLogWorker: Starting segment from index:0
2019-10-01 22:05:35,036 [grpc-default-executor-8] INFO  segmented.SegmentedRaftLogWorker (SegmentedRaftLogWorker.java:startLogSegment(385)) - 4323034a-2af4-43ac-bab1-2196d57280d1@group-3F25343F6103-SegmentedRaftLogWorker: Starting segment from index:0
2019-10-01 22:05:35,074 [4323034a-2af4-43ac-bab1-2196d57280d1@group-3F25343F6103-SegmentedRaftLogWorker] INFO  segmented.SegmentedRaftLogWorker (SegmentedRaftLogWorker.java:execute(574)) - 4323034a-2af4-43ac-bab1-2196d57280d1@group-3F25343F6103-SegmentedRaftLogWorker: created new log segment /workdir/hadoop-ozone/integration-test/target/test-dir/MiniOzoneClusterImpl-e9a871d3-a5f2-4b32-9938-d4d926f9f817/datanode-3/data/ratis/9f4cce66-bbc7-4019-87da-3f25343f6103/current/log_inprogress_0
2019-10-01 22:05:35,074 [f86b8727-f280-41d6-bb2a-18dbe766a50d@group-3F25343F6103-SegmentedRaftLogWorker] INFO  segmented.SegmentedRaftLogWorker (SegmentedRaftLogWorker.java:execute(574)) - f86b8727-f280-41d6-bb2a-18dbe766a50d@group-3F25343F6103-SegmentedRaftLogWorker: created new log segment /workdir/hadoop-ozone/integration-test/target/test-dir/MiniOzoneClusterImpl-e9a871d3-a5f2-4b32-9938-d4d926f9f817/datanode-1/data/ratis/9f4cce66-bbc7-4019-87da-3f25343f6103/current/log_inprogress_0
2019-10-01 22:05:35,080 [Thread-3046] INFO  impl.FollowerState (FollowerState.java:run(108)) - 4323034a-2af4-43ac-bab1-2196d57280d1@group-1268D88BC3EF-FollowerState: change to CANDIDATE, lastRpcTime:5147ms, electionTimeout:5147ms
2019-10-01 22:05:35,080 [Thread-3046] INFO  impl.RoleInfo (RoleInfo.java:shutdownFollowerState(121)) - 4323034a-2af4-43ac-bab1-2196d57280d1: shutdown FollowerState
2019-10-01 22:05:35,080 [Thread-3046] INFO  impl.RaftServerImpl (RaftServerImpl.java:setRole(170)) - 4323034a-2af4-43ac-bab1-2196d57280d1@group-1268D88BC3EF: changes role from  FOLLOWER to CANDIDATE at term 0 for changeToCandidate
2019-10-01 22:05:35,080 [Thread-3046] INFO  impl.RoleInfo (RoleInfo.java:updateAndGet(143)) - 4323034a-2af4-43ac-bab1-2196d57280d1: start LeaderElection
2019-10-01 22:05:35,084 [Thread-3049] INFO  impl.FollowerState (FollowerState.java:run(108)) - 090b4e10-81d3-4da5-9567-4af0b3b54148@group-5007FFAB3185-FollowerState: change to CANDIDATE, lastRpcTime:5107ms, electionTimeout:5106ms
2019-10-01 22:05:35,084 [Thread-3049] INFO  impl.RoleInfo (RoleInfo.java:shutdownFollowerState(121)) - 090b4e10-81d3-4da5-9567-4af0b3b54148: shutdown FollowerState
2019-10-01 22:05:35,084 [Thread-3049] INFO  impl.RaftServerImpl (RaftServerImpl.java:setRole(170)) - 090b4e10-81d3-4da5-9567-4af0b3b54148@group-5007FFAB3185: changes role from  FOLLOWER to CANDIDATE at term 0 for changeToCandidate
2019-10-01 22:05:35,087 [Thread-3049] INFO  impl.RoleInfo (RoleInfo.java:updateAndGet(143)) - 090b4e10-81d3-4da5-9567-4af0b3b54148: start LeaderElection
2019-10-01 22:05:35,097 [4323034a-2af4-43ac-bab1-2196d57280d1@group-1268D88BC3EF-LeaderElection67] INFO  impl.LeaderElection (LeaderElection.java:askForVotes(178)) - 4323034a-2af4-43ac-bab1-2196d57280d1@group-1268D88BC3EF-LeaderElection67: begin an election at term 1 for -1: [4323034a-2af4-43ac-bab1-2196d57280d1:192.168.164.217:33339], old=null
2019-10-01 22:05:35,097 [090b4e10-81d3-4da5-9567-4af0b3b54148@group-5007FFAB3185-LeaderElection68] INFO  impl.LeaderElection (LeaderElection.java:askForVotes(178)) - 090b4e10-81d3-4da5-9567-4af0b3b54148@group-5007FFAB3185-LeaderElection68: begin an election at term 1 for -1: [090b4e10-81d3-4da5-9567-4af0b3b54148:192.168.164.217:44759], old=null
2019-10-01 22:05:35,097 [4323034a-2af4-43ac-bab1-2196d57280d1@group-1268D88BC3EF-LeaderElection67] INFO  impl.RoleInfo (RoleInfo.java:shutdownLeaderElection(134)) - 4323034a-2af4-43ac-bab1-2196d57280d1: shutdown LeaderElection
2019-10-01 22:05:35,097 [090b4e10-81d3-4da5-9567-4af0b3b54148@group-5007FFAB3185-LeaderElection68] INFO  impl.RoleInfo (RoleInfo.java:shutdownLeaderElection(134)) - 090b4e10-81d3-4da5-9567-4af0b3b54148: shutdown LeaderElection
2019-10-01 22:05:35,098 [4323034a-2af4-43ac-bab1-2196d57280d1@group-1268D88BC3EF-LeaderElection67] INFO  impl.RaftServerImpl (RaftServerImpl.java:setRole(170)) - 4323034a-2af4-43ac-bab1-2196d57280d1@group-1268D88BC3EF: changes role from CANDIDATE to LEADER at term 1 for changeToLeader
2019-10-01 22:05:35,098 [090b4e10-81d3-4da5-9567-4af0b3b54148@group-5007FFAB3185-LeaderElection68] INFO  impl.RaftServerImpl (RaftServerImpl.java:setRole(170)) - 090b4e10-81d3-4da5-9567-4af0b3b54148@group-5007FFAB3185: changes role from CANDIDATE to LEADER at term 1 for changeToLeader
2019-10-01 22:05:35,098 [4323034a-2af4-43ac-bab1-2196d57280d1@group-1268D88BC3EF-LeaderElection67] INFO  impl.RaftServerImpl (ServerState.java:setLeader(255)) - 4323034a-2af4-43ac-bab1-2196d57280d1@group-1268D88BC3EF: change Leader from null to 4323034a-2af4-43ac-bab1-2196d57280d1 at term 1 for becomeLeader, leader elected after 5168ms
2019-10-01 22:05:35,098 [090b4e10-81d3-4da5-9567-4af0b3b54148@group-5007FFAB3185-LeaderElection68] INFO  impl.RaftServerImpl (ServerState.java:setLeader(255)) - 090b4e10-81d3-4da5-9567-4af0b3b54148@group-5007FFAB3185: change Leader from null to 090b4e10-81d3-4da5-9567-4af0b3b54148 at term 1 for becomeLeader, leader elected after 5126ms
2019-10-01 22:05:35,098 [4323034a-2af4-43ac-bab1-2196d57280d1@group-1268D88BC3EF-LeaderElection67] INFO  server.RaftServerConfigKeys (ConfUtils.java:logGet(43)) - raft.server.staging.catchup.gap = 1000 (default)
2019-10-01 22:05:35,098 [090b4e10-81d3-4da5-9567-4af0b3b54148@group-5007FFAB3185-LeaderElection68] INFO  server.RaftServerConfigKeys (ConfUtils.java:logGet(43)) - raft.server.staging.catchup.gap = 1000 (default)
2019-10-01 22:05:35,098 [4323034a-2af4-43ac-bab1-2196d57280d1@group-1268D88BC3EF-LeaderElection67] INFO  server.RaftServerConfigKeys (ConfUtils.java:logGet(43)) - raft.server.rpc.sleep.time = 25ms (default)
2019-10-01 22:05:35,099 [090b4e10-81d3-4da5-9567-4af0b3b54148@group-5007FFAB3185-LeaderElection68] INFO  server.RaftServerConfigKeys (ConfUtils.java:logGet(43)) - raft.server.rpc.sleep.time = 25ms (default)
2019-10-01 22:05:35,099 [4323034a-2af4-43ac-bab1-2196d57280d1@group-1268D88BC3EF-LeaderElection67] INFO  server.RaftServerConfigKeys (ConfUtils.java:logGet(43)) - raft.server.write.element-limit = 4096 (default)
2019-10-01 22:05:35,099 [090b4e10-81d3-4da5-9567-4af0b3b54148@group-5007FFAB3185-LeaderElection68] INFO  server.RaftServerConfigKeys (ConfUtils.java:logGet(43)) - raft.server.write.element-limit = 4096 (default)
2019-10-01 22:05:35,099 [4323034a-2af4-43ac-bab1-2196d57280d1@group-1268D88BC3EF-LeaderElection67] INFO  server.RaftServerConfigKeys (ConfUtils.java:logGet(43)) - raft.server.watch.timeout = 10s (default)
2019-10-01 22:05:35,099 [090b4e10-81d3-4da5-9567-4af0b3b54148@group-5007FFAB3185-LeaderElection68] INFO  server.RaftServerConfigKeys (ConfUtils.java:logGet(43)) - raft.server.watch.timeout = 10s (default)
2019-10-01 22:05:35,099 [4323034a-2af4-43ac-bab1-2196d57280d1@group-1268D88BC3EF-LeaderElection67] INFO  server.RaftServerConfigKeys (ConfUtils.java:logGet(43)) - raft.server.watch.timeout.denomination = 1s (default)
2019-10-01 22:05:35,099 [090b4e10-81d3-4da5-9567-4af0b3b54148@group-5007FFAB3185-LeaderElection68] INFO  server.RaftServerConfigKeys (ConfUtils.java:logGet(43)) - raft.server.watch.timeout.denomination = 1s (default)
2019-10-01 22:05:35,100 [4323034a-2af4-43ac-bab1-2196d57280d1@group-1268D88BC3EF-LeaderElection67] INFO  server.RaftServerConfigKeys (ConfUtils.java:logGet(43)) - raft.server.watch.element-limit = 65536 (default)
2019-10-01 22:05:35,100 [090b4e10-81d3-4da5-9567-4af0b3b54148@group-5007FFAB3185-LeaderElection68] INFO  server.RaftServerConfigKeys (ConfUtils.java:logGet(43)) - raft.server.watch.element-limit = 65536 (default)
2019-10-01 22:05:35,102 [4323034a-2af4-43ac-bab1-2196d57280d1@group-1268D88BC3EF-LeaderElection67] INFO  impl.RoleInfo (RoleInfo.java:updateAndGet(143)) - 4323034a-2af4-43ac-bab1-2196d57280d1: start LeaderState
2019-10-01 22:05:35,103 [4323034a-2af4-43ac-bab1-2196d57280d1@group-1268D88BC3EF-LeaderElection67] INFO  segmented.SegmentedRaftLogWorker (SegmentedRaftLogWorker.java:startLogSegment(385)) - 4323034a-2af4-43ac-bab1-2196d57280d1@group-1268D88BC3EF-SegmentedRaftLogWorker: Starting segment from index:0
2019-10-01 22:05:35,103 [090b4e10-81d3-4da5-9567-4af0b3b54148@group-5007FFAB3185-LeaderElection68] INFO  impl.RoleInfo (RoleInfo.java:updateAndGet(143)) - 090b4e10-81d3-4da5-9567-4af0b3b54148: start LeaderState
2019-10-01 22:05:35,103 [4323034a-2af4-43ac-bab1-2196d57280d1@group-1268D88BC3EF-LeaderElection67] INFO  impl.RaftServerImpl (ServerState.java:setRaftConf(356)) - 4323034a-2af4-43ac-bab1-2196d57280d1@group-1268D88BC3EF: set configuration 0: [4323034a-2af4-43ac-bab1-2196d57280d1:192.168.164.217:33339], old=null at 0
2019-10-01 22:05:35,103 [090b4e10-81d3-4da5-9567-4af0b3b54148@group-5007FFAB3185-LeaderElection68] INFO  segmented.SegmentedRaftLogWorker (SegmentedRaftLogWorker.java:startLogSegment(385)) - 090b4e10-81d3-4da5-9567-4af0b3b54148@group-5007FFAB3185-SegmentedRaftLogWorker: Starting segment from index:0
2019-10-01 22:05:35,138 [090b4e10-81d3-4da5-9567-4af0b3b54148@group-5007FFAB3185-LeaderElection68] INFO  impl.RaftServerImpl (ServerState.java:setRaftConf(356)) - 090b4e10-81d3-4da5-9567-4af0b3b54148@group-5007FFAB3185: set configuration 0: [090b4e10-81d3-4da5-9567-4af0b3b54148:192.168.164.217:44759], old=null at 0
2019-10-01 22:05:35,167 [4323034a-2af4-43ac-bab1-2196d57280d1@group-1268D88BC3EF-SegmentedRaftLogWorker] INFO  segmented.SegmentedRaftLogWorker (SegmentedRaftLogWorker.java:execute(574)) - 4323034a-2af4-43ac-bab1-2196d57280d1@group-1268D88BC3EF-SegmentedRaftLogWorker: created new log segment /workdir/hadoop-ozone/integration-test/target/test-dir/MiniOzoneClusterImpl-e9a871d3-a5f2-4b32-9938-d4d926f9f817/datanode-3/data/ratis/5f95278d-dd6f-4b6c-8b68-1268d88bc3ef/current/log_inprogress_0
2019-10-01 22:05:35,173 [Thread-3055] INFO  impl.FollowerState (FollowerState.java:run(108)) - 4d76249b-6356-4acc-ba4b-eacf1d81f369@group-77DD534306C5-FollowerState: change to CANDIDATE, lastRpcTime:5100ms, electionTimeout:5100ms
2019-10-01 22:05:35,174 [Thread-3055] INFO  impl.RoleInfo (RoleInfo.java:shutdownFollowerState(121)) - 4d76249b-6356-4acc-ba4b-eacf1d81f369: shutdown FollowerState
2019-10-01 22:05:35,174 [Thread-3055] INFO  impl.RaftServerImpl (RaftServerImpl.java:setRole(170)) - 4d76249b-6356-4acc-ba4b-eacf1d81f369@group-77DD534306C5: changes role from  FOLLOWER to CANDIDATE at term 0 for changeToCandidate
2019-10-01 22:05:35,183 [090b4e10-81d3-4da5-9567-4af0b3b54148@group-5007FFAB3185-SegmentedRaftLogWorker] INFO  segmented.SegmentedRaftLogWorker (SegmentedRaftLogWorker.java:execute(574)) - 090b4e10-81d3-4da5-9567-4af0b3b54148@group-5007FFAB3185-SegmentedRaftLogWorker: created new log segment /workdir/hadoop-ozone/integration-test/target/test-dir/MiniOzoneClusterImpl-e9a871d3-a5f2-4b32-9938-d4d926f9f817/datanode-4/data/ratis/10bf0e91-3425-4186-b88f-5007ffab3185/current/log_inprogress_0
2019-10-01 22:05:35,184 [Thread-3055] INFO  impl.RoleInfo (RoleInfo.java:updateAndGet(143)) - 4d76249b-6356-4acc-ba4b-eacf1d81f369: start LeaderElection
2019-10-01 22:05:35,197 [4d76249b-6356-4acc-ba4b-eacf1d81f369@group-77DD534306C5-LeaderElection69] INFO  impl.LeaderElection (LeaderElection.java:askForVotes(178)) - 4d76249b-6356-4acc-ba4b-eacf1d81f369@group-77DD534306C5-LeaderElection69: begin an election at term 1 for -1: [4d76249b-6356-4acc-ba4b-eacf1d81f369:192.168.164.217:38581], old=null
2019-10-01 22:05:35,197 [4d76249b-6356-4acc-ba4b-eacf1d81f369@group-77DD534306C5-LeaderElection69] INFO  impl.RoleInfo (RoleInfo.java:shutdownLeaderElection(134)) - 4d76249b-6356-4acc-ba4b-eacf1d81f369: shutdown LeaderElection
2019-10-01 22:05:35,197 [4d76249b-6356-4acc-ba4b-eacf1d81f369@group-77DD534306C5-LeaderElection69] INFO  impl.RaftServerImpl (RaftServerImpl.java:setRole(170)) - 4d76249b-6356-4acc-ba4b-eacf1d81f369@group-77DD534306C5: changes role from CANDIDATE to LEADER at term 1 for changeToLeader
2019-10-01 22:05:35,197 [4d76249b-6356-4acc-ba4b-eacf1d81f369@group-77DD534306C5-LeaderElection69] INFO  impl.RaftServerImpl (ServerState.java:setLeader(255)) - 4d76249b-6356-4acc-ba4b-eacf1d81f369@group-77DD534306C5: change Leader from null to 4d76249b-6356-4acc-ba4b-eacf1d81f369 at term 1 for becomeLeader, leader elected after 5129ms
2019-10-01 22:05:35,197 [4d76249b-6356-4acc-ba4b-eacf1d81f369@group-77DD534306C5-LeaderElection69] INFO  server.RaftServerConfigKeys (ConfUtils.java:logGet(43)) - raft.server.staging.catchup.gap = 1000 (default)
2019-10-01 22:05:35,197 [4d76249b-6356-4acc-ba4b-eacf1d81f369@group-77DD534306C5-LeaderElection69] INFO  server.RaftServerConfigKeys (ConfUtils.java:logGet(43)) - raft.server.rpc.sleep.time = 25ms (default)
2019-10-01 22:05:35,197 [4d76249b-6356-4acc-ba4b-eacf1d81f369@group-77DD534306C5-LeaderElection69] INFO  server.RaftServerConfigKeys (ConfUtils.java:logGet(43)) - raft.server.write.element-limit = 4096 (default)
2019-10-01 22:05:35,198 [4d76249b-6356-4acc-ba4b-eacf1d81f369@group-77DD534306C5-LeaderElection69] INFO  server.RaftServerConfigKeys (ConfUtils.java:logGet(43)) - raft.server.watch.timeout = 10s (default)
2019-10-01 22:05:35,198 [4d76249b-6356-4acc-ba4b-eacf1d81f369@group-77DD534306C5-LeaderElection69] INFO  server.RaftServerConfigKeys (ConfUtils.java:logGet(43)) - raft.server.watch.timeout.denomination = 1s (default)
2019-10-01 22:05:35,198 [4d76249b-6356-4acc-ba4b-eacf1d81f369@group-77DD534306C5-LeaderElection69] INFO  server.RaftServerConfigKeys (ConfUtils.java:logGet(43)) - raft.server.watch.element-limit = 65536 (default)
2019-10-01 22:05:35,199 [4d76249b-6356-4acc-ba4b-eacf1d81f369@group-77DD534306C5-LeaderElection69] INFO  impl.RoleInfo (RoleInfo.java:updateAndGet(143)) - 4d76249b-6356-4acc-ba4b-eacf1d81f369: start LeaderState
2019-10-01 22:05:35,199 [4d76249b-6356-4acc-ba4b-eacf1d81f369@group-77DD534306C5-LeaderElection69] INFO  segmented.SegmentedRaftLogWorker (SegmentedRaftLogWorker.java:startLogSegment(385)) - 4d76249b-6356-4acc-ba4b-eacf1d81f369@group-77DD534306C5-SegmentedRaftLogWorker: Starting segment from index:0
2019-10-01 22:05:35,200 [4d76249b-6356-4acc-ba4b-eacf1d81f369@group-77DD534306C5-LeaderElection69] INFO  impl.RaftServerImpl (ServerState.java:setRaftConf(356)) - 4d76249b-6356-4acc-ba4b-eacf1d81f369@group-77DD534306C5: set configuration 0: [4d76249b-6356-4acc-ba4b-eacf1d81f369:192.168.164.217:38581], old=null at 0
2019-10-01 22:05:35,227 [Thread-3052] INFO  impl.FollowerState (FollowerState.java:run(108)) - 41e483d8-a8cb-4ac7-b9f7-974b51399050@group-9E55A66AD052-FollowerState: change to CANDIDATE, lastRpcTime:5202ms, electionTimeout:5191ms
2019-10-01 22:05:35,227 [Thread-3058] INFO  impl.FollowerState (FollowerState.java:run(108)) - 41e483d8-a8cb-4ac7-b9f7-974b51399050@group-4CAE68756A00-FollowerState: change to CANDIDATE, lastRpcTime:5091ms, electionTimeout:5071ms
2019-10-01 22:05:35,228 [Thread-3052] INFO  impl.RoleInfo (RoleInfo.java:shutdownFollowerState(121)) - 41e483d8-a8cb-4ac7-b9f7-974b51399050: shutdown FollowerState
2019-10-01 22:05:35,228 [Thread-3058] INFO  impl.RoleInfo (RoleInfo.java:shutdownFollowerState(121)) - 41e483d8-a8cb-4ac7-b9f7-974b51399050: shutdown FollowerState
2019-10-01 22:05:35,228 [Thread-3052] INFO  impl.RaftServerImpl (RaftServerImpl.java:setRole(170)) - 41e483d8-a8cb-4ac7-b9f7-974b51399050@group-9E55A66AD052: changes role from  FOLLOWER to CANDIDATE at term 0 for changeToCandidate
2019-10-01 22:05:35,228 [Thread-3058] INFO  impl.RaftServerImpl (RaftServerImpl.java:setRole(170)) - 41e483d8-a8cb-4ac7-b9f7-974b51399050@group-4CAE68756A00: changes role from  FOLLOWER to CANDIDATE at term 0 for changeToCandidate
2019-10-01 22:05:35,228 [Thread-3052] INFO  impl.RoleInfo (RoleInfo.java:updateAndGet(143)) - 41e483d8-a8cb-4ac7-b9f7-974b51399050: start LeaderElection
2019-10-01 22:05:35,228 [Thread-3058] INFO  impl.RoleInfo (RoleInfo.java:updateAndGet(143)) - 41e483d8-a8cb-4ac7-b9f7-974b51399050: start LeaderElection
2019-10-01 22:05:35,261 [4d76249b-6356-4acc-ba4b-eacf1d81f369@group-77DD534306C5-SegmentedRaftLogWorker] INFO  segmented.SegmentedRaftLogWorker (SegmentedRaftLogWorker.java:execute(574)) - 4d76249b-6356-4acc-ba4b-eacf1d81f369@group-77DD534306C5-SegmentedRaftLogWorker: created new log segment /workdir/hadoop-ozone/integration-test/target/test-dir/MiniOzoneClusterImpl-e9a871d3-a5f2-4b32-9938-d4d926f9f817/datanode-5/data/ratis/d868e730-dffc-430b-9732-77dd534306c5/current/log_inprogress_0
2019-10-01 22:05:35,261 [41e483d8-a8cb-4ac7-b9f7-974b51399050@group-4CAE68756A00-LeaderElection71] INFO  impl.LeaderElection (LeaderElection.java:askForVotes(178)) - 41e483d8-a8cb-4ac7-b9f7-974b51399050@group-4CAE68756A00-LeaderElection71: begin an election at term 1 for -1: [41e483d8-a8cb-4ac7-b9f7-974b51399050:192.168.164.217:41192, 090b4e10-81d3-4da5-9567-4af0b3b54148:192.168.164.217:44759, f8c2ad6a-3c8a-4833-ac9f-f4e448cef8cd:192.168.164.217:38041], old=null
2019-10-01 22:05:35,261 [41e483d8-a8cb-4ac7-b9f7-974b51399050@group-9E55A66AD052-LeaderElection70] INFO  impl.LeaderElection (LeaderElection.java:askForVotes(178)) - 41e483d8-a8cb-4ac7-b9f7-974b51399050@group-9E55A66AD052-LeaderElection70: begin an election at term 1 for -1: [41e483d8-a8cb-4ac7-b9f7-974b51399050:192.168.164.217:41192], old=null
2019-10-01 22:05:35,261 [41e483d8-a8cb-4ac7-b9f7-974b51399050@group-9E55A66AD052-LeaderElection70] INFO  impl.RoleInfo (RoleInfo.java:shutdownLeaderElection(134)) - 41e483d8-a8cb-4ac7-b9f7-974b51399050: shutdown LeaderElection
2019-10-01 22:05:35,261 [41e483d8-a8cb-4ac7-b9f7-974b51399050@group-9E55A66AD052-LeaderElection70] INFO  impl.RaftServerImpl (RaftServerImpl.java:setRole(170)) - 41e483d8-a8cb-4ac7-b9f7-974b51399050@group-9E55A66AD052: changes role from CANDIDATE to LEADER at term 1 for changeToLeader
2019-10-01 22:05:35,261 [41e483d8-a8cb-4ac7-b9f7-974b51399050@group-9E55A66AD052-LeaderElection70] INFO  impl.RaftServerImpl (ServerState.java:setLeader(255)) - 41e483d8-a8cb-4ac7-b9f7-974b51399050@group-9E55A66AD052: change Leader from null to 41e483d8-a8cb-4ac7-b9f7-974b51399050 at term 1 for becomeLeader, leader elected after 5241ms
2019-10-01 22:05:35,261 [41e483d8-a8cb-4ac7-b9f7-974b51399050@group-9E55A66AD052-LeaderElection70] INFO  server.RaftServerConfigKeys (ConfUtils.java:logGet(43)) - raft.server.staging.catchup.gap = 1000 (default)
2019-10-01 22:05:35,261 [41e483d8-a8cb-4ac7-b9f7-974b51399050@group-9E55A66AD052-LeaderElection70] INFO  server.RaftServerConfigKeys (ConfUtils.java:logGet(43)) - raft.server.rpc.sleep.time = 25ms (default)
2019-10-01 22:05:35,262 [41e483d8-a8cb-4ac7-b9f7-974b51399050@group-9E55A66AD052-LeaderElection70] INFO  server.RaftServerConfigKeys (ConfUtils.java:logGet(43)) - raft.server.write.element-limit = 4096 (default)
2019-10-01 22:05:35,262 [41e483d8-a8cb-4ac7-b9f7-974b51399050@group-9E55A66AD052-LeaderElection70] INFO  server.RaftServerConfigKeys (ConfUtils.java:logGet(43)) - raft.server.watch.timeout = 10s (default)
2019-10-01 22:05:35,262 [41e483d8-a8cb-4ac7-b9f7-974b51399050@group-9E55A66AD052-LeaderElection70] INFO  server.RaftServerConfigKeys (ConfUtils.java:logGet(43)) - raft.server.watch.timeout.denomination = 1s (default)
2019-10-01 22:05:35,262 [41e483d8-a8cb-4ac7-b9f7-974b51399050@group-9E55A66AD052-LeaderElection70] INFO  server.RaftServerConfigKeys (ConfUtils.java:logGet(43)) - raft.server.watch.element-limit = 65536 (default)
2019-10-01 22:05:35,262 [Thread-3062] INFO  impl.FollowerState (FollowerState.java:run(108)) - f8c2ad6a-3c8a-4833-ac9f-f4e448cef8cd@group-4CAE68756A00-FollowerState: change to CANDIDATE, lastRpcTime:5119ms, electionTimeout:5119ms
2019-10-01 22:05:35,262 [Thread-3062] INFO  impl.RoleInfo (RoleInfo.java:shutdownFollowerState(121)) - f8c2ad6a-3c8a-4833-ac9f-f4e448cef8cd: shutdown FollowerState
2019-10-01 22:05:35,262 [Thread-3062] INFO  impl.RaftServerImpl (RaftServerImpl.java:setRole(170)) - f8c2ad6a-3c8a-4833-ac9f-f4e448cef8cd@group-4CAE68756A00: changes role from  FOLLOWER to CANDIDATE at term 0 for changeToCandidate
2019-10-01 22:05:35,263 [Thread-3062] INFO  impl.RoleInfo (RoleInfo.java:updateAndGet(143)) - f8c2ad6a-3c8a-4833-ac9f-f4e448cef8cd: start LeaderElection
2019-10-01 22:05:35,267 [grpc-default-executor-7] INFO  impl.RaftServerImpl (RaftServerImpl.java:setRole(170)) - 090b4e10-81d3-4da5-9567-4af0b3b54148@group-4CAE68756A00: changes role from  FOLLOWER to FOLLOWER at term 1 for recognizeCandidate:41e483d8-a8cb-4ac7-b9f7-974b51399050
2019-10-01 22:05:35,268 [grpc-default-executor-7] INFO  impl.RoleInfo (RoleInfo.java:shutdownFollowerState(121)) - 090b4e10-81d3-4da5-9567-4af0b3b54148: shutdown FollowerState
2019-10-01 22:05:35,268 [41e483d8-a8cb-4ac7-b9f7-974b51399050@group-9E55A66AD052-LeaderElection70] INFO  impl.RoleInfo (RoleInfo.java:updateAndGet(143)) - 41e483d8-a8cb-4ac7-b9f7-974b51399050: start LeaderState
2019-10-01 22:05:35,268 [grpc-default-executor-7] INFO  impl.RoleInfo (RoleInfo.java:updateAndGet(143)) - 090b4e10-81d3-4da5-9567-4af0b3b54148: start FollowerState
2019-10-01 22:05:35,268 [Thread-3063] INFO  impl.FollowerState (FollowerState.java:run(117)) - 090b4e10-81d3-4da5-9567-4af0b3b54148@group-4CAE68756A00-FollowerState was interrupted: java.lang.InterruptedException: sleep interrupted
2019-10-01 22:05:35,268 [41e483d8-a8cb-4ac7-b9f7-974b51399050@group-9E55A66AD052-LeaderElection70] INFO  segmented.SegmentedRaftLogWorker (SegmentedRaftLogWorker.java:startLogSegment(385)) - 41e483d8-a8cb-4ac7-b9f7-974b51399050@group-9E55A66AD052-SegmentedRaftLogWorker: Starting segment from index:0
2019-10-01 22:05:35,271 [41e483d8-a8cb-4ac7-b9f7-974b51399050@group-9E55A66AD052-LeaderElection70] INFO  impl.RaftServerImpl (ServerState.java:setRaftConf(356)) - 41e483d8-a8cb-4ac7-b9f7-974b51399050@group-9E55A66AD052: set configuration 0: [41e483d8-a8cb-4ac7-b9f7-974b51399050:192.168.164.217:41192], old=null at 0
2019-10-01 22:05:35,300 [f8c2ad6a-3c8a-4833-ac9f-f4e448cef8cd@group-4CAE68756A00-LeaderElection72] INFO  impl.LeaderElection (LeaderElection.java:askForVotes(178)) - f8c2ad6a-3c8a-4833-ac9f-f4e448cef8cd@group-4CAE68756A00-LeaderElection72: begin an election at term 1 for -1: [41e483d8-a8cb-4ac7-b9f7-974b51399050:192.168.164.217:41192, 090b4e10-81d3-4da5-9567-4af0b3b54148:192.168.164.217:44759, f8c2ad6a-3c8a-4833-ac9f-f4e448cef8cd:192.168.164.217:38041], old=null
2019-10-01 22:05:35,303 [41e483d8-a8cb-4ac7-b9f7-974b51399050@group-4CAE68756A00-LeaderElection71] INFO  impl.LeaderElection (LeaderElection.java:logAndReturn(56)) - 41e483d8-a8cb-4ac7-b9f7-974b51399050@group-4CAE68756A00-LeaderElection71: Election PASSED; received 2 response(s) [41e483d8-a8cb-4ac7-b9f7-974b51399050<-090b4e10-81d3-4da5-9567-4af0b3b54148#0:OK-t1, 41e483d8-a8cb-4ac7-b9f7-974b51399050<-f8c2ad6a-3c8a-4833-ac9f-f4e448cef8cd#0:FAIL-t1] and 0 exception(s); 41e483d8-a8cb-4ac7-b9f7-974b51399050@group-4CAE68756A00:t1, leader=null, voted=41e483d8-a8cb-4ac7-b9f7-974b51399050, raftlog=41e483d8-a8cb-4ac7-b9f7-974b51399050@group-4CAE68756A00-SegmentedRaftLog:OPENED:c-1,f-1,i0, conf=-1: [41e483d8-a8cb-4ac7-b9f7-974b51399050:192.168.164.217:41192, 090b4e10-81d3-4da5-9567-4af0b3b54148:192.168.164.217:44759, f8c2ad6a-3c8a-4833-ac9f-f4e448cef8cd:192.168.164.217:38041], old=null
2019-10-01 22:05:35,303 [41e483d8-a8cb-4ac7-b9f7-974b51399050@group-4CAE68756A00-LeaderElection71] INFO  impl.RoleInfo (RoleInfo.java:shutdownLeaderElection(134)) - 41e483d8-a8cb-4ac7-b9f7-974b51399050: shutdown LeaderElection
2019-10-01 22:05:35,303 [41e483d8-a8cb-4ac7-b9f7-974b51399050@group-4CAE68756A00-LeaderElection71] INFO  impl.RaftServerImpl (RaftServerImpl.java:setRole(170)) - 41e483d8-a8cb-4ac7-b9f7-974b51399050@group-4CAE68756A00: changes role from CANDIDATE to LEADER at term 1 for changeToLeader
2019-10-01 22:05:35,303 [41e483d8-a8cb-4ac7-b9f7-974b51399050@group-4CAE68756A00-LeaderElection71] INFO  impl.RaftServerImpl (ServerState.java:setLeader(255)) - 41e483d8-a8cb-4ac7-b9f7-974b51399050@group-4CAE68756A00: change Leader from null to 41e483d8-a8cb-4ac7-b9f7-974b51399050 at term 1 for becomeLeader, leader elected after 5173ms
2019-10-01 22:05:35,303 [41e483d8-a8cb-4ac7-b9f7-974b51399050@group-4CAE68756A00-LeaderElection71] INFO  server.RaftServerConfigKeys (ConfUtils.java:logGet(43)) - raft.server.staging.catchup.gap = 1000 (default)
2019-10-01 22:05:35,304 [41e483d8-a8cb-4ac7-b9f7-974b51399050@group-4CAE68756A00-LeaderElection71] INFO  server.RaftServerConfigKeys (ConfUtils.java:logGet(43)) - raft.server.rpc.sleep.time = 25ms (default)
2019-10-01 22:05:35,304 [41e483d8-a8cb-4ac7-b9f7-974b51399050@group-4CAE68756A00-LeaderElection71] INFO  server.RaftServerConfigKeys (ConfUtils.java:logGet(43)) - raft.server.write.element-limit = 4096 (default)
2019-10-01 22:05:35,304 [41e483d8-a8cb-4ac7-b9f7-974b51399050@group-4CAE68756A00-LeaderElection71] INFO  server.RaftServerConfigKeys (ConfUtils.java:logGet(43)) - raft.server.watch.timeout = 10s (default)
2019-10-01 22:05:35,304 [41e483d8-a8cb-4ac7-b9f7-974b51399050@group-4CAE68756A00-LeaderElection71] INFO  server.RaftServerConfigKeys (ConfUtils.java:logGet(43)) - raft.server.watch.timeout.denomination = 1s (default)
2019-10-01 22:05:35,304 [41e483d8-a8cb-4ac7-b9f7-974b51399050@group-4CAE68756A00-LeaderElection71] INFO  server.RaftServerConfigKeys (ConfUtils.java:logGet(43)) - raft.server.watch.element-limit = 65536 (default)
2019-10-01 22:05:35,305 [41e483d8-a8cb-4ac7-b9f7-974b51399050@group-4CAE68756A00-LeaderElection71] INFO  server.RaftServerConfigKeys (ConfUtils.java:logGet(43)) - raft.server.log.appender.snapshot.chunk.size.max = 16MB (=16777216) (default)
2019-10-01 22:05:35,305 [41e483d8-a8cb-4ac7-b9f7-974b51399050@group-4CAE68756A00-LeaderElection71] INFO  server.RaftServerConfigKeys (ConfUtils.java:logGet(43)) - raft.server.log.appender.buffer.byte-limit = 33554432 (custom)
2019-10-01 22:05:35,305 [41e483d8-a8cb-4ac7-b9f7-974b51399050@group-4CAE68756A00-LeaderElection71] INFO  server.RaftServerConfigKeys (ConfUtils.java:logGet(43)) - raft.server.log.appender.buffer.element-limit = 1 (custom)
2019-10-01 22:05:35,305 [41e483d8-a8cb-4ac7-b9f7-974b51399050@group-4CAE68756A00-LeaderElection71] INFO  grpc.GrpcConfigKeys$Server (ConfUtils.java:logGet(43)) - raft.grpc.server.leader.outstanding.appends.max = 128 (default)
2019-10-01 22:05:35,305 [41e483d8-a8cb-4ac7-b9f7-974b51399050@group-4CAE68756A00-LeaderElection71] INFO  server.RaftServerConfigKeys (ConfUtils.java:logGet(43)) - raft.server.rpc.request.timeout = 3000ms (default)
2019-10-01 22:05:35,308 [41e483d8-a8cb-4ac7-b9f7-974b51399050@group-4CAE68756A00-LeaderElection71] INFO  server.RaftServerConfigKeys (ConfUtils.java:logGet(43)) - raft.server.log.appender.install.snapshot.enabled = false (custom)
2019-10-01 22:05:35,308 [41e483d8-a8cb-4ac7-b9f7-974b51399050@group-4CAE68756A00-LeaderElection71] INFO  server.RaftServerConfigKeys (ConfUtils.java:logGet(43)) - raft.server.log.appender.snapshot.chunk.size.max = 16MB (=16777216) (default)
2019-10-01 22:05:35,308 [41e483d8-a8cb-4ac7-b9f7-974b51399050@group-4CAE68756A00-LeaderElection71] INFO  server.RaftServerConfigKeys (ConfUtils.java:logGet(43)) - raft.server.log.appender.buffer.byte-limit = 33554432 (custom)
2019-10-01 22:05:35,308 [41e483d8-a8cb-4ac7-b9f7-974b51399050@group-4CAE68756A00-LeaderElection71] INFO  server.RaftServerConfigKeys (ConfUtils.java:logGet(43)) - raft.server.log.appender.buffer.element-limit = 1 (custom)
2019-10-01 22:05:35,310 [41e483d8-a8cb-4ac7-b9f7-974b51399050@group-4CAE68756A00-LeaderElection71] INFO  grpc.GrpcConfigKeys$Server (ConfUtils.java:logGet(43)) - raft.grpc.server.leader.outstanding.appends.max = 128 (default)
2019-10-01 22:05:35,310 [41e483d8-a8cb-4ac7-b9f7-974b51399050@group-4CAE68756A00-LeaderElection71] INFO  server.RaftServerConfigKeys (ConfUtils.java:logGet(43)) - raft.server.rpc.request.timeout = 3000ms (default)
2019-10-01 22:05:35,310 [41e483d8-a8cb-4ac7-b9f7-974b51399050@group-4CAE68756A00-LeaderElection71] INFO  server.RaftServerConfigKeys (ConfUtils.java:logGet(43)) - raft.server.log.appender.install.snapshot.enabled = false (custom)
2019-10-01 22:05:35,310 [41e483d8-a8cb-4ac7-b9f7-974b51399050@group-4CAE68756A00-LeaderElection71] INFO  impl.RoleInfo (RoleInfo.java:updateAndGet(143)) - 41e483d8-a8cb-4ac7-b9f7-974b51399050: start LeaderState
2019-10-01 22:05:35,310 [41e483d8-a8cb-4ac7-b9f7-974b51399050@group-4CAE68756A00-LeaderElection71] INFO  segmented.SegmentedRaftLogWorker (SegmentedRaftLogWorker.java:startLogSegment(385)) - 41e483d8-a8cb-4ac7-b9f7-974b51399050@group-4CAE68756A00-SegmentedRaftLogWorker: Starting segment from index:0
2019-10-01 22:05:35,311 [41e483d8-a8cb-4ac7-b9f7-974b51399050@group-4CAE68756A00-LeaderElection71] INFO  impl.RaftServerImpl (ServerState.java:setRaftConf(356)) - 41e483d8-a8cb-4ac7-b9f7-974b51399050@group-4CAE68756A00: set configuration 0: [41e483d8-a8cb-4ac7-b9f7-974b51399050:192.168.164.217:41192, 090b4e10-81d3-4da5-9567-4af0b3b54148:192.168.164.217:44759, f8c2ad6a-3c8a-4833-ac9f-f4e448cef8cd:192.168.164.217:38041], old=null at 0
2019-10-01 22:05:35,311 [grpc-default-executor-7] INFO  impl.RaftServerImpl (RaftServerImpl.java:requestVote(754)) - 41e483d8-a8cb-4ac7-b9f7-974b51399050@group-4CAE68756A00-   LEADER: Withhold vote from candidate f8c2ad6a-3c8a-4833-ac9f-f4e448cef8cd with term 1. State: leader=41e483d8-a8cb-4ac7-b9f7-974b51399050, term=1, lastRpcElapsed=null
2019-10-01 22:05:35,345 [41e483d8-a8cb-4ac7-b9f7-974b51399050@group-9E55A66AD052-SegmentedRaftLogWorker] INFO  segmented.SegmentedRaftLogWorker (SegmentedRaftLogWorker.java:execute(574)) - 41e483d8-a8cb-4ac7-b9f7-974b51399050@group-9E55A66AD052-SegmentedRaftLogWorker: created new log segment /workdir/hadoop-ozone/integration-test/target/test-dir/MiniOzoneClusterImpl-e9a871d3-a5f2-4b32-9938-d4d926f9f817/datanode-6/data/ratis/a2579306-a2cd-44db-a96c-9e55a66ad052/current/log_inprogress_0
2019-10-01 22:05:35,348 [f8c2ad6a-3c8a-4833-ac9f-f4e448cef8cd@group-4CAE68756A00-LeaderElection72] INFO  impl.LeaderElection (LeaderElection.java:logAndReturn(56)) - f8c2ad6a-3c8a-4833-ac9f-f4e448cef8cd@group-4CAE68756A00-LeaderElection72: Election REJECTED; received 2 response(s) [f8c2ad6a-3c8a-4833-ac9f-f4e448cef8cd<-41e483d8-a8cb-4ac7-b9f7-974b51399050#0:FAIL-t1, f8c2ad6a-3c8a-4833-ac9f-f4e448cef8cd<-090b4e10-81d3-4da5-9567-4af0b3b54148#0:FAIL-t1] and 0 exception(s); f8c2ad6a-3c8a-4833-ac9f-f4e448cef8cd@group-4CAE68756A00:t1, leader=null, voted=f8c2ad6a-3c8a-4833-ac9f-f4e448cef8cd, raftlog=f8c2ad6a-3c8a-4833-ac9f-f4e448cef8cd@group-4CAE68756A00-SegmentedRaftLog:OPENED:c-1,f-1,i0, conf=-1: [41e483d8-a8cb-4ac7-b9f7-974b51399050:192.168.164.217:41192, 090b4e10-81d3-4da5-9567-4af0b3b54148:192.168.164.217:44759, f8c2ad6a-3c8a-4833-ac9f-f4e448cef8cd:192.168.164.217:38041], old=null
2019-10-01 22:05:35,348 [f8c2ad6a-3c8a-4833-ac9f-f4e448cef8cd@group-4CAE68756A00-LeaderElection72] INFO  impl.RaftServerImpl (RaftServerImpl.java:setRole(170)) - f8c2ad6a-3c8a-4833-ac9f-f4e448cef8cd@group-4CAE68756A00: changes role from CANDIDATE to FOLLOWER at term 1 for DISCOVERED_A_NEW_TERM
2019-10-01 22:05:35,349 [f8c2ad6a-3c8a-4833-ac9f-f4e448cef8cd@group-4CAE68756A00-LeaderElection72] INFO  impl.RoleInfo (RoleInfo.java:shutdownLeaderElection(134)) - f8c2ad6a-3c8a-4833-ac9f-f4e448cef8cd: shutdown LeaderElection
2019-10-01 22:05:35,349 [grpc-default-executor-7] INFO  impl.RaftServerImpl (ServerState.java:setLeader(255)) - 090b4e10-81d3-4da5-9567-4af0b3b54148@group-4CAE68756A00: change Leader from null to 41e483d8-a8cb-4ac7-b9f7-974b51399050 at term 1 for appendEntries, leader elected after 5219ms
2019-10-01 22:05:35,349 [f8c2ad6a-3c8a-4833-ac9f-f4e448cef8cd@group-4CAE68756A00-LeaderElection72] INFO  impl.RoleInfo (RoleInfo.java:updateAndGet(143)) - f8c2ad6a-3c8a-4833-ac9f-f4e448cef8cd: start FollowerState
2019-10-01 22:05:35,351 [grpc-default-executor-8] INFO  impl.RaftServerImpl (ServerState.java:setLeader(255)) - f8c2ad6a-3c8a-4833-ac9f-f4e448cef8cd@group-4CAE68756A00: change Leader from null to 41e483d8-a8cb-4ac7-b9f7-974b51399050 at term 1 for appendEntries, leader elected after 5221ms
2019-10-01 22:05:35,352 [grpc-default-executor-7] INFO  impl.RaftServerImpl (ServerState.java:setRaftConf(356)) - 090b4e10-81d3-4da5-9567-4af0b3b54148@group-4CAE68756A00: set configuration 0: [41e483d8-a8cb-4ac7-b9f7-974b51399050:192.168.164.217:41192, 090b4e10-81d3-4da5-9567-4af0b3b54148:192.168.164.217:44759, f8c2ad6a-3c8a-4833-ac9f-f4e448cef8cd:192.168.164.217:38041], old=null at 0
2019-10-01 22:05:35,353 [grpc-default-executor-7] INFO  segmented.SegmentedRaftLogWorker (SegmentedRaftLogWorker.java:startLogSegment(385)) - 090b4e10-81d3-4da5-9567-4af0b3b54148@group-4CAE68756A00-SegmentedRaftLogWorker: Starting segment from index:0
2019-10-01 22:05:35,353 [grpc-default-executor-8] INFO  impl.RaftServerImpl (ServerState.java:setRaftConf(356)) - f8c2ad6a-3c8a-4833-ac9f-f4e448cef8cd@group-4CAE68756A00: set configuration 0: [41e483d8-a8cb-4ac7-b9f7-974b51399050:192.168.164.217:41192, 090b4e10-81d3-4da5-9567-4af0b3b54148:192.168.164.217:44759, f8c2ad6a-3c8a-4833-ac9f-f4e448cef8cd:192.168.164.217:38041], old=null at 0
2019-10-01 22:05:35,353 [grpc-default-executor-8] INFO  segmented.SegmentedRaftLogWorker (SegmentedRaftLogWorker.java:startLogSegment(385)) - f8c2ad6a-3c8a-4833-ac9f-f4e448cef8cd@group-4CAE68756A00-SegmentedRaftLogWorker: Starting segment from index:0
2019-10-01 22:05:35,358 [41e483d8-a8cb-4ac7-b9f7-974b51399050@group-4CAE68756A00-SegmentedRaftLogWorker] INFO  segmented.SegmentedRaftLogWorker (SegmentedRaftLogWorker.java:execute(574)) - 41e483d8-a8cb-4ac7-b9f7-974b51399050@group-4CAE68756A00-SegmentedRaftLogWorker: created new log segment /workdir/hadoop-ozone/integration-test/target/test-dir/MiniOzoneClusterImpl-e9a871d3-a5f2-4b32-9938-d4d926f9f817/datanode-6/data/ratis/ebd4118c-b152-40bc-bf32-4cae68756a00/current/log_inprogress_0
2019-10-01 22:05:35,391 [f8c2ad6a-3c8a-4833-ac9f-f4e448cef8cd@group-4CAE68756A00-SegmentedRaftLogWorker] INFO  segmented.SegmentedRaftLogWorker (SegmentedRaftLogWorker.java:execute(574)) - f8c2ad6a-3c8a-4833-ac9f-f4e448cef8cd@group-4CAE68756A00-SegmentedRaftLogWorker: created new log segment /workdir/hadoop-ozone/integration-test/target/test-dir/MiniOzoneClusterImpl-e9a871d3-a5f2-4b32-9938-d4d926f9f817/datanode-0/data/ratis/ebd4118c-b152-40bc-bf32-4cae68756a00/current/log_inprogress_0
2019-10-01 22:05:35,391 [090b4e10-81d3-4da5-9567-4af0b3b54148@group-4CAE68756A00-SegmentedRaftLogWorker] INFO  segmented.SegmentedRaftLogWorker (SegmentedRaftLogWorker.java:execute(574)) - 090b4e10-81d3-4da5-9567-4af0b3b54148@group-4CAE68756A00-SegmentedRaftLogWorker: created new log segment /workdir/hadoop-ozone/integration-test/target/test-dir/MiniOzoneClusterImpl-e9a871d3-a5f2-4b32-9938-d4d926f9f817/datanode-4/data/ratis/ebd4118c-b152-40bc-bf32-4cae68756a00/current/log_inprogress_0
2019-10-01 22:05:37,313 [Datanode State Machine Thread - 0] INFO  statemachine.DatanodeStateMachine (DatanodeStateMachine.java:lambda$startDaemon$0(350)) - Ozone container server started.
2019-10-01 22:05:41,374 [EventQueue-StaleNodeForStaleNodeHandler] INFO  node.StaleNodeHandler (StaleNodeHandler.java:onMessage(58)) - Datanode 41e483d8-a8cb-4ac7-b9f7-974b51399050{ip: 192.168.164.217, host: pr-hdds-2224-n586v-1266706246, networkLocation: /default-rack, certSerialId: null} moved to stale state. Finalizing its pipelines [PipelineID=a2579306-a2cd-44db-a96c-9e55a66ad052, PipelineID=ebd4118c-b152-40bc-bf32-4cae68756a00]
2019-10-01 22:05:41,375 [EventQueue-StaleNodeForStaleNodeHandler] INFO  pipeline.SCMPipelineManager (SCMPipelineManager.java:finalizeAndDestroyPipeline(315)) - destroying pipeline:Pipeline[ Id: a2579306-a2cd-44db-a96c-9e55a66ad052, Nodes: 41e483d8-a8cb-4ac7-b9f7-974b51399050{ip: 192.168.164.217, host: pr-hdds-2224-n586v-1266706246, networkLocation: /default-rack, certSerialId: null}, Type:RATIS, Factor:ONE, State:OPEN]
2019-10-01 22:05:41,375 [EventQueue-StaleNodeForStaleNodeHandler] INFO  pipeline.PipelineStateManager (PipelineStateManager.java:finalizePipeline(123)) - Pipeline Pipeline[ Id: a2579306-a2cd-44db-a96c-9e55a66ad052, Nodes: 41e483d8-a8cb-4ac7-b9f7-974b51399050{ip: 192.168.164.217, host: pr-hdds-2224-n586v-1266706246, networkLocation: /default-rack, certSerialId: null}, Type:RATIS, Factor:ONE, State:CLOSED] moved to CLOSED state
2019-10-01 22:05:41,376 [EventQueue-StaleNodeForStaleNodeHandler] INFO  pipeline.SCMPipelineManager (SCMPipelineManager.java:finalizeAndDestroyPipeline(315)) - destroying pipeline:Pipeline[ Id: ebd4118c-b152-40bc-bf32-4cae68756a00, Nodes: 41e483d8-a8cb-4ac7-b9f7-974b51399050{ip: 192.168.164.217, host: pr-hdds-2224-n586v-1266706246, networkLocation: /default-rack, certSerialId: null}090b4e10-81d3-4da5-9567-4af0b3b54148{ip: 192.168.164.217, host: pr-hdds-2224-n586v-1266706246, networkLocation: /default-rack, certSerialId: null}f8c2ad6a-3c8a-4833-ac9f-f4e448cef8cd{ip: 192.168.164.217, host: pr-hdds-2224-n586v-1266706246, networkLocation: /default-rack, certSerialId: null}, Type:RATIS, Factor:THREE, State:OPEN]
2019-10-01 22:05:41,376 [EventQueue-StaleNodeForStaleNodeHandler] INFO  pipeline.PipelineStateManager (PipelineStateManager.java:finalizePipeline(123)) - Pipeline Pipeline[ Id: ebd4118c-b152-40bc-bf32-4cae68756a00, Nodes: 41e483d8-a8cb-4ac7-b9f7-974b51399050{ip: 192.168.164.217, host: pr-hdds-2224-n586v-1266706246, networkLocation: /default-rack, certSerialId: null}090b4e10-81d3-4da5-9567-4af0b3b54148{ip: 192.168.164.217, host: pr-hdds-2224-n586v-1266706246, networkLocation: /default-rack, certSerialId: null}f8c2ad6a-3c8a-4833-ac9f-f4e448cef8cd{ip: 192.168.164.217, host: pr-hdds-2224-n586v-1266706246, networkLocation: /default-rack, certSerialId: null}, Type:RATIS, Factor:THREE, State:CLOSED] moved to CLOSED state
2019-10-01 22:05:41,377 [EventQueue-CloseContainerForCloseContainerEventHandler] INFO  container.CloseContainerEventHandler (CloseContainerEventHandler.java:onMessage(61)) - Close container Event triggered for container : #1
2019-10-01 22:05:41,550 [main] INFO  ozoneimpl.OzoneContainer (OzoneContainer.java:stop(231)) - Attempting to stop container services.
2019-10-01 22:05:41,556 [main] INFO  impl.RaftServerProxy (RaftServerProxy.java:lambda$close$4(314)) - 41e483d8-a8cb-4ac7-b9f7-974b51399050: close
2019-10-01 22:05:41,557 [main] INFO  impl.RaftServerImpl (RaftServerImpl.java:lambda$shutdown$3(247)) - 41e483d8-a8cb-4ac7-b9f7-974b51399050@group-9E55A66AD052: shutdown
2019-10-01 22:05:41,558 [ForkJoinPool.commonPool-worker-0] INFO  impl.RaftServerImpl (RaftServerImpl.java:lambda$shutdown$3(247)) - 41e483d8-a8cb-4ac7-b9f7-974b51399050@group-4CAE68756A00: shutdown
2019-10-01 22:05:41,558 [main] INFO  util.JmxRegister (JmxRegister.java:unregister(73)) - Successfully un-registered JMX Bean with object name Ratis:service=RaftServer,group=group-9E55A66AD052,id=41e483d8-a8cb-4ac7-b9f7-974b51399050
2019-10-01 22:05:41,558 [ForkJoinPool.commonPool-worker-0] INFO  util.JmxRegister (JmxRegister.java:unregister(73)) - Successfully un-registered JMX Bean with object name Ratis:service=RaftServer,group=group-4CAE68756A00,id=41e483d8-a8cb-4ac7-b9f7-974b51399050
2019-10-01 22:05:41,558 [main] INFO  impl.RoleInfo (RoleInfo.java:shutdownLeaderState(104)) - 41e483d8-a8cb-4ac7-b9f7-974b51399050: shutdown LeaderState
2019-10-01 22:05:41,559 [ForkJoinPool.commonPool-worker-0] INFO  impl.RoleInfo (RoleInfo.java:shutdownLeaderState(104)) - 41e483d8-a8cb-4ac7-b9f7-974b51399050: shutdown LeaderState
2019-10-01 22:05:41,559 [main] INFO  impl.PendingRequests (PendingRequests.java:sendNotLeaderResponses(202)) - 41e483d8-a8cb-4ac7-b9f7-974b51399050@group-9E55A66AD052-PendingRequests: sendNotLeaderResponses
2019-10-01 22:05:41,564 [org.apache.ratis.server.impl.LogAppender$AppenderDaemon$$Lambda$525/2122047277@2817a672] WARN  server.GrpcLogAppender (GrpcLogAppender.java:mayWait(143)) - 41e483d8-a8cb-4ac7-b9f7-974b51399050@group-4CAE68756A00->090b4e10-81d3-4da5-9567-4af0b3b54148-GrpcLogAppender: Wait interrupted by java.lang.InterruptedException
2019-10-01 22:05:41,564 [org.apache.ratis.server.impl.LogAppender$AppenderDaemon$$Lambda$525/2122047277@250156da] WARN  server.GrpcLogAppender (GrpcLogAppender.java:mayWait(143)) - 41e483d8-a8cb-4ac7-b9f7-974b51399050@group-4CAE68756A00->f8c2ad6a-3c8a-4833-ac9f-f4e448cef8cd-GrpcLogAppender: Wait interrupted by java.lang.InterruptedException
2019-10-01 22:05:41,564 [ForkJoinPool.commonPool-worker-0] INFO  impl.PendingRequests (PendingRequests.java:sendNotLeaderResponses(202)) - 41e483d8-a8cb-4ac7-b9f7-974b51399050@group-4CAE68756A00-PendingRequests: sendNotLeaderResponses
2019-10-01 22:05:41,565 [main] INFO  impl.StateMachineUpdater (StateMachineUpdater.java:stopAndJoin(136)) - 41e483d8-a8cb-4ac7-b9f7-974b51399050@group-9E55A66AD052-StateMachineUpdater: set stopIndex = 0
2019-10-01 22:05:41,571 [main] INFO  impl.RaftServerImpl (ServerState.java:close(387)) - 41e483d8-a8cb-4ac7-b9f7-974b51399050@group-9E55A66AD052: closes. applyIndex: 0
2019-10-01 22:05:41,571 [41e483d8-a8cb-4ac7-b9f7-974b51399050@group-4CAE68756A00-StateMachineUpdater] INFO  ratis.ContainerStateMachine (ContainerStateMachine.java:takeSnapshot(289)) - group-4CAE68756A00: Taking a snapshot at:(t:1, i:14) file /workdir/hadoop-ozone/integration-test/target/test-dir/MiniOzoneClusterImpl-e9a871d3-a5f2-4b32-9938-d4d926f9f817/datanode-6/data/ratis/ebd4118c-b152-40bc-bf32-4cae68756a00/sm/snapshot.1_14
2019-10-01 22:05:41,571 [41e483d8-a8cb-4ac7-b9f7-974b51399050@group-9E55A66AD052-SegmentedRaftLogWorker] INFO  segmented.SegmentedRaftLogWorker (SegmentedRaftLogWorker.java:run(316)) - 41e483d8-a8cb-4ac7-b9f7-974b51399050@group-9E55A66AD052-SegmentedRaftLogWorker was interrupted, exiting. There are 0 tasks remaining in the queue.
2019-10-01 22:05:41,571 [grpc-default-executor-9] INFO  server.GrpcServerProtocolService (GrpcServerProtocolService.java:onCompleted(113)) - f8c2ad6a-3c8a-4833-ac9f-f4e448cef8cd: Completed APPEND_ENTRIES, lastRequest: 41e483d8-a8cb-4ac7-b9f7-974b51399050->f8c2ad6a-3c8a-4833-ac9f-f4e448cef8cd#19-t1, previous=(t:1, i:16), leaderCommit=16, initializing? false, entries: <empty>
2019-10-01 22:05:41,571 [grpc-default-executor-7] INFO  server.GrpcServerProtocolService (GrpcServerProtocolService.java:onCompleted(113)) - 090b4e10-81d3-4da5-9567-4af0b3b54148: Completed APPEND_ENTRIES, lastRequest: 41e483d8-a8cb-4ac7-b9f7-974b51399050->090b4e10-81d3-4da5-9567-4af0b3b54148#19-t1, previous=(t:1, i:16), leaderCommit=16, initializing? false, entries: <empty>
2019-10-01 22:05:41,571 [ForkJoinPool.commonPool-worker-0] INFO  impl.StateMachineUpdater (StateMachineUpdater.java:stopAndJoin(136)) - 41e483d8-a8cb-4ac7-b9f7-974b51399050@group-4CAE68756A00-StateMachineUpdater: set stopIndex = 16
2019-10-01 22:05:41,574 [grpc-default-executor-7] INFO  server.GrpcLogAppender (GrpcLogAppender.java:onCompleted(293)) - 41e483d8-a8cb-4ac7-b9f7-974b51399050@group-4CAE68756A00->f8c2ad6a-3c8a-4833-ac9f-f4e448cef8cd-AppendLogResponseHandler: follower responses appendEntries COMPLETED
2019-10-01 22:05:41,575 [grpc-default-executor-5] INFO  server.GrpcLogAppender (GrpcLogAppender.java:onCompleted(293)) - 41e483d8-a8cb-4ac7-b9f7-974b51399050@group-4CAE68756A00->090b4e10-81d3-4da5-9567-4af0b3b54148-AppendLogResponseHandler: follower responses appendEntries COMPLETED
2019-10-01 22:05:41,575 [grpc-default-executor-7] INFO  impl.FollowerInfo (FollowerInfo.java:lambda$new$0(51)) - 41e483d8-a8cb-4ac7-b9f7-974b51399050@group-4CAE68756A00->f8c2ad6a-3c8a-4833-ac9f-f4e448cef8cd: nextIndex: updateUnconditionally 17 -> 16
2019-10-01 22:05:41,576 [grpc-default-executor-5] INFO  impl.FollowerInfo (FollowerInfo.java:lambda$new$0(51)) - 41e483d8-a8cb-4ac7-b9f7-974b51399050@group-4CAE68756A00->090b4e10-81d3-4da5-9567-4af0b3b54148: nextIndex: updateUnconditionally 17 -> 16
2019-10-01 22:05:41,582 [main] INFO  segmented.SegmentedRaftLogWorker (SegmentedRaftLogWorker.java:close(224)) - 41e483d8-a8cb-4ac7-b9f7-974b51399050@group-9E55A66AD052-SegmentedRaftLogWorker close()
2019-10-01 22:05:41,587 [41e483d8-a8cb-4ac7-b9f7-974b51399050@group-4CAE68756A00-StateMachineUpdater] INFO  ratis.ContainerStateMachine (ContainerStateMachine.java:takeSnapshot(300)) - group-4CAE68756A00: Finished taking a snapshot at:(t:1, i:14) file:/workdir/hadoop-ozone/integration-test/target/test-dir/MiniOzoneClusterImpl-e9a871d3-a5f2-4b32-9938-d4d926f9f817/datanode-6/data/ratis/ebd4118c-b152-40bc-bf32-4cae68756a00/sm/snapshot.1_14 time:16
2019-10-01 22:05:41,587 [41e483d8-a8cb-4ac7-b9f7-974b51399050@group-4CAE68756A00-StateMachineUpdater] INFO  impl.StateMachineUpdater (StateMachineUpdater.java:takeSnapshot(269)) - 41e483d8-a8cb-4ac7-b9f7-974b51399050@group-4CAE68756A00-StateMachineUpdater: Took a snapshot at index 14
2019-10-01 22:05:41,587 [41e483d8-a8cb-4ac7-b9f7-974b51399050@group-4CAE68756A00-StateMachineUpdater] INFO  impl.StateMachineUpdater (StateMachineUpdater.java:lambda$new$0(84)) - 41e483d8-a8cb-4ac7-b9f7-974b51399050@group-4CAE68756A00-StateMachineUpdater: snapshotIndex: updateIncreasingly -1 -> 14
2019-10-01 22:05:41,588 [41e483d8-a8cb-4ac7-b9f7-974b51399050@group-4CAE68756A00-StateMachineUpdater] INFO  ratis.ContainerStateMachine (ContainerStateMachine.java:takeSnapshot(289)) - group-4CAE68756A00: Taking a snapshot at:(t:1, i:14) file /workdir/hadoop-ozone/integration-test/target/test-dir/MiniOzoneClusterImpl-e9a871d3-a5f2-4b32-9938-d4d926f9f817/datanode-6/data/ratis/ebd4118c-b152-40bc-bf32-4cae68756a00/sm/snapshot.1_14
2019-10-01 22:05:41,600 [41e483d8-a8cb-4ac7-b9f7-974b51399050@group-4CAE68756A00-StateMachineUpdater] INFO  ratis.ContainerStateMachine (ContainerStateMachine.java:takeSnapshot(300)) - group-4CAE68756A00: Finished taking a snapshot at:(t:1, i:14) file:/workdir/hadoop-ozone/integration-test/target/test-dir/MiniOzoneClusterImpl-e9a871d3-a5f2-4b32-9938-d4d926f9f817/datanode-6/data/ratis/ebd4118c-b152-40bc-bf32-4cae68756a00/sm/snapshot.1_14 time:12
2019-10-01 22:05:41,600 [41e483d8-a8cb-4ac7-b9f7-974b51399050@group-4CAE68756A00-StateMachineUpdater] INFO  impl.StateMachineUpdater (StateMachineUpdater.java:takeSnapshot(269)) - 41e483d8-a8cb-4ac7-b9f7-974b51399050@group-4CAE68756A00-StateMachineUpdater: Took a snapshot at index 14
2019-10-01 22:05:41,600 [41e483d8-a8cb-4ac7-b9f7-974b51399050@group-4CAE68756A00-StateMachineUpdater] INFO  impl.StateMachineUpdater (StateMachineUpdater.java:lambda$new$0(84)) - 41e483d8-a8cb-4ac7-b9f7-974b51399050@group-4CAE68756A00-StateMachineUpdater: snapshotIndex: updateIncreasingly 14 -> 14
2019-10-01 22:05:41,600 [ForkJoinPool.commonPool-worker-0] INFO  impl.RaftServerImpl (ServerState.java:close(387)) - 41e483d8-a8cb-4ac7-b9f7-974b51399050@group-4CAE68756A00: closes. applyIndex: 16
2019-10-01 22:05:41,601 [41e483d8-a8cb-4ac7-b9f7-974b51399050@group-4CAE68756A00-SegmentedRaftLogWorker] INFO  segmented.SegmentedRaftLogWorker (SegmentedRaftLogWorker.java:run(316)) - 41e483d8-a8cb-4ac7-b9f7-974b51399050@group-4CAE68756A00-SegmentedRaftLogWorker was interrupted, exiting. There are 0 tasks remaining in the queue.
2019-10-01 22:05:41,603 [ForkJoinPool.commonPool-worker-0] INFO  segmented.SegmentedRaftLogWorker (SegmentedRaftLogWorker.java:close(224)) - 41e483d8-a8cb-4ac7-b9f7-974b51399050@group-4CAE68756A00-SegmentedRaftLogWorker close()
2019-10-01 22:05:41,607 [main] INFO  server.GrpcService (GrpcService.java:closeImpl(164)) - 41e483d8-a8cb-4ac7-b9f7-974b51399050: shutdown server with port 41192 now
2019-10-01 22:05:41,608 [grpc-default-executor-7] WARN  client.GrpcClientProtocolService (LogUtils.java:warn(134)) - 3-UnorderedRequestStreamObserver3: onError: org.apache.ratis.thirdparty.io.grpc.StatusRuntimeException: CANCELLED: cancelled before receiving half close
2019-10-01 22:05:41,610 [main] INFO  server.GrpcService (GrpcService.java:closeImpl(172)) - 41e483d8-a8cb-4ac7-b9f7-974b51399050: shutdown server with port 41192 successfully
2019-10-01 22:05:41,615 [refreshUsed-/workdir/hadoop-ozone/integration-test/target/test-dir/MiniOzoneClusterImpl-e9a871d3-a5f2-4b32-9938-d4d926f9f817/datanode-6/data/containers] WARN  fs.CachingGetSpaceUsed (CachingGetSpaceUsed.java:run(183)) - Thread Interrupted waiting to refresh disk information: sleep interrupted
2019-10-01 22:05:41,624 [main] INFO  utils.BackgroundService (BackgroundService.java:shutdown(148)) - Shutting down service BlockDeletingService
2019-10-01 22:05:41,630 [main] INFO  statemachine.DatanodeStateMachine (DatanodeStateMachine.java:stopDaemon(395)) - Ozone container server stopped.
2019-10-01 22:05:41,631 [main] INFO  handler.ContextHandler (ContextHandler.java:doStop(910)) - Stopped o.e.j.w.WebAppContext@5ba1b62e{/,null,UNAVAILABLE}{/hddsDatanode}
2019-10-01 22:05:41,633 [main] INFO  server.AbstractConnector (AbstractConnector.java:doStop(318)) - Stopped ServerConnector@65bd19bf{HTTP/1.1,[http/1.1]}{0.0.0.0:0}
2019-10-01 22:05:41,634 [main] INFO  handler.ContextHandler (ContextHandler.java:doStop(910)) - Stopped o.e.j.s.ServletContextHandler@42d9e8d2{/static,jar:file:/home/user/.m2/repository/org/apache/hadoop/hadoop-hdds-container-service/0.5.0-SNAPSHOT/hadoop-hdds-container-service-0.5.0-SNAPSHOT.jar!/webapps/static,UNAVAILABLE}
2019-10-01 22:05:41,634 [main] INFO  handler.ContextHandler (ContextHandler.java:doStop(910)) - Stopped o.e.j.s.ServletContextHandler@3404e5c4{/logs,file:///workdir/hadoop-ozone/integration-test/target/log,UNAVAILABLE}
2019-10-01 22:05:50,577 [Thread-3120] INFO  impl.FollowerState (FollowerState.java:run(108)) - f8c2ad6a-3c8a-4833-ac9f-f4e448cef8cd@group-4CAE68756A00-FollowerState: change to CANDIDATE, lastRpcTime:9019ms, electionTimeout:5126ms
2019-10-01 22:05:50,578 [Thread-3120] INFO  impl.RoleInfo (RoleInfo.java:shutdownFollowerState(121)) - f8c2ad6a-3c8a-4833-ac9f-f4e448cef8cd: shutdown FollowerState
2019-10-01 22:05:50,578 [Thread-3120] INFO  impl.RaftServerImpl (RaftServerImpl.java:setRole(170)) - f8c2ad6a-3c8a-4833-ac9f-f4e448cef8cd@group-4CAE68756A00: changes role from  FOLLOWER to CANDIDATE at term 1 for changeToCandidate
2019-10-01 22:05:50,578 [Thread-3120] INFO  impl.RoleInfo (RoleInfo.java:updateAndGet(143)) - f8c2ad6a-3c8a-4833-ac9f-f4e448cef8cd: start LeaderElection
2019-10-01 22:05:50,587 [f8c2ad6a-3c8a-4833-ac9f-f4e448cef8cd@group-4CAE68756A00-LeaderElection73] INFO  impl.RaftServerImpl (ServerState.java:setLeader(255)) - f8c2ad6a-3c8a-4833-ac9f-f4e448cef8cd@group-4CAE68756A00: change Leader from 41e483d8-a8cb-4ac7-b9f7-974b51399050 to null at term 1 for initElection
2019-10-01 22:05:50,602 [f8c2ad6a-3c8a-4833-ac9f-f4e448cef8cd@group-4CAE68756A00-LeaderElection73] INFO  impl.LeaderElection (LeaderElection.java:askForVotes(178)) - f8c2ad6a-3c8a-4833-ac9f-f4e448cef8cd@group-4CAE68756A00-LeaderElection73: begin an election at term 2 for 0: [41e483d8-a8cb-4ac7-b9f7-974b51399050:192.168.164.217:41192, 090b4e10-81d3-4da5-9567-4af0b3b54148:192.168.164.217:44759, f8c2ad6a-3c8a-4833-ac9f-f4e448cef8cd:192.168.164.217:38041], old=null
2019-10-01 22:05:50,605 [f8c2ad6a-3c8a-4833-ac9f-f4e448cef8cd@group-4CAE68756A00-LeaderElection73] INFO  impl.LeaderElection (LogUtils.java:infoOrTrace(149)) - f8c2ad6a-3c8a-4833-ac9f-f4e448cef8cd@group-4CAE68756A00-LeaderElection73 got exception when requesting votes: {}
java.util.concurrent.ExecutionException: org.apache.ratis.thirdparty.io.grpc.StatusRuntimeException: UNAVAILABLE: io exception
	at java.util.concurrent.FutureTask.report(FutureTask.java:122)
	at java.util.concurrent.FutureTask.get(FutureTask.java:192)
	at org.apache.ratis.server.impl.LeaderElection.waitForResults(LeaderElection.java:259)
	at org.apache.ratis.server.impl.LeaderElection.askForVotes(LeaderElection.java:197)
	at org.apache.ratis.server.impl.LeaderElection.run(LeaderElection.java:133)
	at java.lang.Thread.run(Thread.java:748)
Caused by: org.apache.ratis.thirdparty.io.grpc.StatusRuntimeException: UNAVAILABLE: io exception
	at org.apache.ratis.thirdparty.io.grpc.stub.ClientCalls.toStatusRuntimeException(ClientCalls.java:233)
	at org.apache.ratis.thirdparty.io.grpc.stub.ClientCalls.getUnchecked(ClientCalls.java:214)
	at org.apache.ratis.thirdparty.io.grpc.stub.ClientCalls.blockingUnaryCall(ClientCalls.java:139)
	at org.apache.ratis.proto.grpc.RaftServerProtocolServiceGrpc$RaftServerProtocolServiceBlockingStub.requestVote(RaftServerProtocolServiceGrpc.java:265)
	at org.apache.ratis.grpc.server.GrpcServerProtocolClient.requestVote(GrpcServerProtocolClient.java:99)
	at org.apache.ratis.grpc.server.GrpcService.requestVote(GrpcService.java:204)
	at org.apache.ratis.server.impl.LeaderElection.lambda$submitRequests$1(LeaderElection.java:234)
	at java.util.concurrent.FutureTask.run(FutureTask.java:266)
	at java.util.concurrent.Executors$RunnableAdapter.call(Executors.java:511)
	at java.util.concurrent.FutureTask.run(FutureTask.java:266)
	at java.util.concurrent.ThreadPoolExecutor.runWorker(ThreadPoolExecutor.java:1149)
	at java.util.concurrent.ThreadPoolExecutor$Worker.run(ThreadPoolExecutor.java:624)
	... 1 more
Caused by: org.apache.ratis.thirdparty.io.netty.channel.AbstractChannel$AnnotatedConnectException: Connection refused: /192.168.164.217:41192
	at sun.nio.ch.SocketChannelImpl.checkConnect(Native Method)
	at sun.nio.ch.SocketChannelImpl.finishConnect(SocketChannelImpl.java:717)
	at org.apache.ratis.thirdparty.io.netty.channel.socket.nio.NioSocketChannel.doFinishConnect(NioSocketChannel.java:327)
	at org.apache.ratis.thirdparty.io.netty.channel.nio.AbstractNioChannel$AbstractNioUnsafe.finishConnect(AbstractNioChannel.java:340)
	at org.apache.ratis.thirdparty.io.netty.channel.nio.NioEventLoop.processSelectedKey(NioEventLoop.java:632)
	at org.apache.ratis.thirdparty.io.netty.channel.nio.NioEventLoop.processSelectedKeysOptimized(NioEventLoop.java:579)
	at org.apache.ratis.thirdparty.io.netty.channel.nio.NioEventLoop.processSelectedKeys(NioEventLoop.java:496)
	at org.apache.ratis.thirdparty.io.netty.channel.nio.NioEventLoop.run(NioEventLoop.java:458)
	at org.apache.ratis.thirdparty.io.netty.util.concurrent.SingleThreadEventExecutor$5.run(SingleThreadEventExecutor.java:897)
	at org.apache.ratis.thirdparty.io.netty.util.concurrent.FastThreadLocalRunnable.run(FastThreadLocalRunnable.java:30)
	... 1 more
Caused by: java.net.ConnectException: Connection refused
	... 11 more
2019-10-01 22:05:50,608 [grpc-default-executor-7] INFO  impl.RaftServerImpl (ServerState.java:setLeader(255)) - 090b4e10-81d3-4da5-9567-4af0b3b54148@group-4CAE68756A00: change Leader from 41e483d8-a8cb-4ac7-b9f7-974b51399050 to null at term 2 for updateCurrentTerm
2019-10-01 22:05:50,608 [grpc-default-executor-7] INFO  impl.RaftServerImpl (RaftServerImpl.java:setRole(170)) - 090b4e10-81d3-4da5-9567-4af0b3b54148@group-4CAE68756A00: changes role from  FOLLOWER to FOLLOWER at term 2 for recognizeCandidate:f8c2ad6a-3c8a-4833-ac9f-f4e448cef8cd
2019-10-01 22:05:50,608 [grpc-default-executor-7] INFO  impl.RoleInfo (RoleInfo.java:shutdownFollowerState(121)) - 090b4e10-81d3-4da5-9567-4af0b3b54148: shutdown FollowerState
2019-10-01 22:05:50,609 [grpc-default-executor-7] INFO  impl.RoleInfo (RoleInfo.java:updateAndGet(143)) - 090b4e10-81d3-4da5-9567-4af0b3b54148: start FollowerState
2019-10-01 22:05:50,609 [Thread-3112] INFO  impl.FollowerState (FollowerState.java:run(117)) - 090b4e10-81d3-4da5-9567-4af0b3b54148@group-4CAE68756A00-FollowerState was interrupted: java.lang.InterruptedException: sleep interrupted
2019-10-01 22:05:50,625 [f8c2ad6a-3c8a-4833-ac9f-f4e448cef8cd@group-4CAE68756A00-LeaderElection73] INFO  impl.LeaderElection (LeaderElection.java:logAndReturn(56)) - f8c2ad6a-3c8a-4833-ac9f-f4e448cef8cd@group-4CAE68756A00-LeaderElection73: Election PASSED; received 1 response(s) [f8c2ad6a-3c8a-4833-ac9f-f4e448cef8cd<-090b4e10-81d3-4da5-9567-4af0b3b54148#0:OK-t2] and 1 exception(s); f8c2ad6a-3c8a-4833-ac9f-f4e448cef8cd@group-4CAE68756A00:t2, leader=null, voted=f8c2ad6a-3c8a-4833-ac9f-f4e448cef8cd, raftlog=f8c2ad6a-3c8a-4833-ac9f-f4e448cef8cd@group-4CAE68756A00-SegmentedRaftLog:OPENED:c16,f16,i16, conf=0: [41e483d8-a8cb-4ac7-b9f7-974b51399050:192.168.164.217:41192, 090b4e10-81d3-4da5-9567-4af0b3b54148:192.168.164.217:44759, f8c2ad6a-3c8a-4833-ac9f-f4e448cef8cd:192.168.164.217:38041], old=null
2019-10-01 22:05:50,626 [f8c2ad6a-3c8a-4833-ac9f-f4e448cef8cd@group-4CAE68756A00-LeaderElection73] INFO  impl.LeaderElection (LogUtils.java:infoOrTrace(149)) -   Exception 0: {}
java.util.concurrent.ExecutionException: org.apache.ratis.thirdparty.io.grpc.StatusRuntimeException: UNAVAILABLE: io exception
	at java.util.concurrent.FutureTask.report(FutureTask.java:122)
	at java.util.concurrent.FutureTask.get(FutureTask.java:192)
	at org.apache.ratis.server.impl.LeaderElection.waitForResults(LeaderElection.java:259)
	at org.apache.ratis.server.impl.LeaderElection.askForVotes(LeaderElection.java:197)
	at org.apache.ratis.server.impl.LeaderElection.run(LeaderElection.java:133)
	at java.lang.Thread.run(Thread.java:748)
Caused by: org.apache.ratis.thirdparty.io.grpc.StatusRuntimeException: UNAVAILABLE: io exception
	at org.apache.ratis.thirdparty.io.grpc.stub.ClientCalls.toStatusRuntimeException(ClientCalls.java:233)
	at org.apache.ratis.thirdparty.io.grpc.stub.ClientCalls.getUnchecked(ClientCalls.java:214)
	at org.apache.ratis.thirdparty.io.grpc.stub.ClientCalls.blockingUnaryCall(ClientCalls.java:139)
	at org.apache.ratis.proto.grpc.RaftServerProtocolServiceGrpc$RaftServerProtocolServiceBlockingStub.requestVote(RaftServerProtocolServiceGrpc.java:265)
	at org.apache.ratis.grpc.server.GrpcServerProtocolClient.requestVote(GrpcServerProtocolClient.java:99)
	at org.apache.ratis.grpc.server.GrpcService.requestVote(GrpcService.java:204)
	at org.apache.ratis.server.impl.LeaderElection.lambda$submitRequests$1(LeaderElection.java:234)
	at java.util.concurrent.FutureTask.run(FutureTask.java:266)
	at java.util.concurrent.Executors$RunnableAdapter.call(Executors.java:511)
	at java.util.concurrent.FutureTask.run(FutureTask.java:266)
	at java.util.concurrent.ThreadPoolExecutor.runWorker(ThreadPoolExecutor.java:1149)
	at java.util.concurrent.ThreadPoolExecutor$Worker.run(ThreadPoolExecutor.java:624)
	... 1 more
Caused by: org.apache.ratis.thirdparty.io.netty.channel.AbstractChannel$AnnotatedConnectException: Connection refused: /192.168.164.217:41192
	at sun.nio.ch.SocketChannelImpl.checkConnect(Native Method)
	at sun.nio.ch.SocketChannelImpl.finishConnect(SocketChannelImpl.java:717)
	at org.apache.ratis.thirdparty.io.netty.channel.socket.nio.NioSocketChannel.doFinishConnect(NioSocketChannel.java:327)
	at org.apache.ratis.thirdparty.io.netty.channel.nio.AbstractNioChannel$AbstractNioUnsafe.finishConnect(AbstractNioChannel.java:340)
	at org.apache.ratis.thirdparty.io.netty.channel.nio.NioEventLoop.processSelectedKey(NioEventLoop.java:632)
	at org.apache.ratis.thirdparty.io.netty.channel.nio.NioEventLoop.processSelectedKeysOptimized(NioEventLoop.java:579)
	at org.apache.ratis.thirdparty.io.netty.channel.nio.NioEventLoop.processSelectedKeys(NioEventLoop.java:496)
	at org.apache.ratis.thirdparty.io.netty.channel.nio.NioEventLoop.run(NioEventLoop.java:458)
	at org.apache.ratis.thirdparty.io.netty.util.concurrent.SingleThreadEventExecutor$5.run(SingleThreadEventExecutor.java:897)
	at org.apache.ratis.thirdparty.io.netty.util.concurrent.FastThreadLocalRunnable.run(FastThreadLocalRunnable.java:30)
	... 1 more
Caused by: java.net.ConnectException: Connection refused
	... 11 more
2019-10-01 22:05:50,626 [f8c2ad6a-3c8a-4833-ac9f-f4e448cef8cd@group-4CAE68756A00-LeaderElection73] INFO  impl.RoleInfo (RoleInfo.java:shutdownLeaderElection(134)) - f8c2ad6a-3c8a-4833-ac9f-f4e448cef8cd: shutdown LeaderElection
2019-10-01 22:05:50,626 [f8c2ad6a-3c8a-4833-ac9f-f4e448cef8cd@group-4CAE68756A00-LeaderElection73] INFO  impl.RaftServerImpl (RaftServerImpl.java:setRole(170)) - f8c2ad6a-3c8a-4833-ac9f-f4e448cef8cd@group-4CAE68756A00: changes role from CANDIDATE to LEADER at term 2 for changeToLeader
2019-10-01 22:05:50,626 [f8c2ad6a-3c8a-4833-ac9f-f4e448cef8cd@group-4CAE68756A00-LeaderElection73] INFO  impl.RaftServerImpl (ServerState.java:setLeader(255)) - f8c2ad6a-3c8a-4833-ac9f-f4e448cef8cd@group-4CAE68756A00: change Leader from null to f8c2ad6a-3c8a-4833-ac9f-f4e448cef8cd at term 2 for becomeLeader, leader elected after 38ms
2019-10-01 22:05:50,627 [f8c2ad6a-3c8a-4833-ac9f-f4e448cef8cd@group-4CAE68756A00-LeaderElection73] INFO  server.RaftServerConfigKeys (ConfUtils.java:logGet(43)) - raft.server.staging.catchup.gap = 1000 (default)
2019-10-01 22:05:50,627 [f8c2ad6a-3c8a-4833-ac9f-f4e448cef8cd@group-4CAE68756A00-LeaderElection73] INFO  server.RaftServerConfigKeys (ConfUtils.java:logGet(43)) - raft.server.rpc.sleep.time = 25ms (default)
2019-10-01 22:05:50,627 [f8c2ad6a-3c8a-4833-ac9f-f4e448cef8cd@group-4CAE68756A00-LeaderElection73] INFO  server.RaftServerConfigKeys (ConfUtils.java:logGet(43)) - raft.server.write.element-limit = 4096 (default)
2019-10-01 22:05:50,627 [f8c2ad6a-3c8a-4833-ac9f-f4e448cef8cd@group-4CAE68756A00-LeaderElection73] INFO  server.RaftServerConfigKeys (ConfUtils.java:logGet(43)) - raft.server.watch.timeout = 10s (default)
2019-10-01 22:05:50,628 [f8c2ad6a-3c8a-4833-ac9f-f4e448cef8cd@group-4CAE68756A00-LeaderElection73] INFO  server.RaftServerConfigKeys (ConfUtils.java:logGet(43)) - raft.server.watch.timeout.denomination = 1s (default)
2019-10-01 22:05:50,628 [f8c2ad6a-3c8a-4833-ac9f-f4e448cef8cd@group-4CAE68756A00-LeaderElection73] INFO  server.RaftServerConfigKeys (ConfUtils.java:logGet(43)) - raft.server.watch.element-limit = 65536 (default)
2019-10-01 22:05:50,631 [f8c2ad6a-3c8a-4833-ac9f-f4e448cef8cd@group-4CAE68756A00-LeaderElection73] INFO  server.RaftServerConfigKeys (ConfUtils.java:logGet(43)) - raft.server.log.appender.snapshot.chunk.size.max = 16MB (=16777216) (default)
2019-10-01 22:05:50,631 [f8c2ad6a-3c8a-4833-ac9f-f4e448cef8cd@group-4CAE68756A00-LeaderElection73] INFO  server.RaftServerConfigKeys (ConfUtils.java:logGet(43)) - raft.server.log.appender.buffer.byte-limit = 33554432 (custom)
2019-10-01 22:05:50,631 [f8c2ad6a-3c8a-4833-ac9f-f4e448cef8cd@group-4CAE68756A00-LeaderElection73] INFO  server.RaftServerConfigKeys (ConfUtils.java:logGet(43)) - raft.server.log.appender.buffer.element-limit = 1 (custom)
2019-10-01 22:05:50,632 [f8c2ad6a-3c8a-4833-ac9f-f4e448cef8cd@group-4CAE68756A00-LeaderElection73] INFO  grpc.GrpcConfigKeys$Server (ConfUtils.java:logGet(43)) - raft.grpc.server.leader.outstanding.appends.max = 128 (default)
2019-10-01 22:05:50,632 [f8c2ad6a-3c8a-4833-ac9f-f4e448cef8cd@group-4CAE68756A00-LeaderElection73] INFO  server.RaftServerConfigKeys (ConfUtils.java:logGet(43)) - raft.server.rpc.request.timeout = 3000ms (default)
2019-10-01 22:05:50,632 [f8c2ad6a-3c8a-4833-ac9f-f4e448cef8cd@group-4CAE68756A00-LeaderElection73] INFO  server.RaftServerConfigKeys (ConfUtils.java:logGet(43)) - raft.server.log.appender.install.snapshot.enabled = false (custom)
2019-10-01 22:05:50,632 [f8c2ad6a-3c8a-4833-ac9f-f4e448cef8cd@group-4CAE68756A00-LeaderElection73] INFO  server.RaftServerConfigKeys (ConfUtils.java:logGet(43)) - raft.server.log.appender.snapshot.chunk.size.max = 16MB (=16777216) (default)
2019-10-01 22:05:50,633 [f8c2ad6a-3c8a-4833-ac9f-f4e448cef8cd@group-4CAE68756A00-LeaderElection73] INFO  server.RaftServerConfigKeys (ConfUtils.java:logGet(43)) - raft.server.log.appender.buffer.byte-limit = 33554432 (custom)
2019-10-01 22:05:50,633 [f8c2ad6a-3c8a-4833-ac9f-f4e448cef8cd@group-4CAE68756A00-LeaderElection73] INFO  server.RaftServerConfigKeys (ConfUtils.java:logGet(43)) - raft.server.log.appender.buffer.element-limit = 1 (custom)
2019-10-01 22:05:50,633 [f8c2ad6a-3c8a-4833-ac9f-f4e448cef8cd@group-4CAE68756A00-LeaderElection73] INFO  grpc.GrpcConfigKeys$Server (ConfUtils.java:logGet(43)) - raft.grpc.server.leader.outstanding.appends.max = 128 (default)
2019-10-01 22:05:50,633 [f8c2ad6a-3c8a-4833-ac9f-f4e448cef8cd@group-4CAE68756A00-LeaderElection73] INFO  server.RaftServerConfigKeys (ConfUtils.java:logGet(43)) - raft.server.rpc.request.timeout = 3000ms (default)
2019-10-01 22:05:50,633 [f8c2ad6a-3c8a-4833-ac9f-f4e448cef8cd@group-4CAE68756A00-LeaderElection73] INFO  server.RaftServerConfigKeys (ConfUtils.java:logGet(43)) - raft.server.log.appender.install.snapshot.enabled = false (custom)
2019-10-01 22:05:50,634 [f8c2ad6a-3c8a-4833-ac9f-f4e448cef8cd@group-4CAE68756A00-LeaderElection73] INFO  impl.RoleInfo (RoleInfo.java:updateAndGet(143)) - f8c2ad6a-3c8a-4833-ac9f-f4e448cef8cd: start LeaderState
2019-10-01 22:05:50,634 [f8c2ad6a-3c8a-4833-ac9f-f4e448cef8cd@group-4CAE68756A00-LeaderElection73] INFO  segmented.SegmentedRaftLogWorker (SegmentedRaftLogWorker.java:rollLogSegment(390)) - f8c2ad6a-3c8a-4833-ac9f-f4e448cef8cd@group-4CAE68756A00-SegmentedRaftLogWorker: Rolling segment log-0_16 to index:16
2019-10-01 22:05:50,638 [f8c2ad6a-3c8a-4833-ac9f-f4e448cef8cd@group-4CAE68756A00-LeaderElection73] INFO  impl.RaftServerImpl (ServerState.java:setRaftConf(356)) - f8c2ad6a-3c8a-4833-ac9f-f4e448cef8cd@group-4CAE68756A00: set configuration 17: [41e483d8-a8cb-4ac7-b9f7-974b51399050:192.168.164.217:41192, 090b4e10-81d3-4da5-9567-4af0b3b54148:192.168.164.217:44759, f8c2ad6a-3c8a-4833-ac9f-f4e448cef8cd:192.168.164.217:38041], old=null at 17
2019-10-01 22:05:50,639 [f8c2ad6a-3c8a-4833-ac9f-f4e448cef8cd@group-4CAE68756A00-SegmentedRaftLogWorker] INFO  segmented.SegmentedRaftLogWorker (SegmentedRaftLogWorker.java:execute(531)) - f8c2ad6a-3c8a-4833-ac9f-f4e448cef8cd@group-4CAE68756A00-SegmentedRaftLogWorker: Rolled log segment from /workdir/hadoop-ozone/integration-test/target/test-dir/MiniOzoneClusterImpl-e9a871d3-a5f2-4b32-9938-d4d926f9f817/datanode-0/data/ratis/ebd4118c-b152-40bc-bf32-4cae68756a00/current/log_inprogress_0 to /workdir/hadoop-ozone/integration-test/target/test-dir/MiniOzoneClusterImpl-e9a871d3-a5f2-4b32-9938-d4d926f9f817/datanode-0/data/ratis/ebd4118c-b152-40bc-bf32-4cae68756a00/current/log_0-16
2019-10-01 22:05:50,639 [grpc-default-executor-7] WARN  server.GrpcLogAppender (LogUtils.java:warn(134)) - f8c2ad6a-3c8a-4833-ac9f-f4e448cef8cd@group-4CAE68756A00->41e483d8-a8cb-4ac7-b9f7-974b51399050-AppendLogResponseHandler: Failed appendEntries: org.apache.ratis.thirdparty.io.grpc.StatusRuntimeException: UNAVAILABLE: io exception
2019-10-01 22:05:50,641 [grpc-default-executor-7] INFO  impl.FollowerInfo (FollowerInfo.java:lambda$new$0(51)) - f8c2ad6a-3c8a-4833-ac9f-f4e448cef8cd@group-4CAE68756A00->41e483d8-a8cb-4ac7-b9f7-974b51399050: nextIndex: updateUnconditionally 17 -> 1
2019-10-01 22:05:50,642 [grpc-default-executor-7] INFO  impl.RaftServerImpl (ServerState.java:setLeader(255)) - 090b4e10-81d3-4da5-9567-4af0b3b54148@group-4CAE68756A00: change Leader from null to f8c2ad6a-3c8a-4833-ac9f-f4e448cef8cd at term 2 for appendEntries, leader elected after 33ms
2019-10-01 22:05:50,644 [grpc-default-executor-7] INFO  impl.RaftServerImpl (ServerState.java:setRaftConf(356)) - 090b4e10-81d3-4da5-9567-4af0b3b54148@group-4CAE68756A00: set configuration 17: [41e483d8-a8cb-4ac7-b9f7-974b51399050:192.168.164.217:41192, 090b4e10-81d3-4da5-9567-4af0b3b54148:192.168.164.217:44759, f8c2ad6a-3c8a-4833-ac9f-f4e448cef8cd:192.168.164.217:38041], old=null at 17
2019-10-01 22:05:50,644 [grpc-default-executor-7] INFO  segmented.SegmentedRaftLogWorker (SegmentedRaftLogWorker.java:rollLogSegment(390)) - 090b4e10-81d3-4da5-9567-4af0b3b54148@group-4CAE68756A00-SegmentedRaftLogWorker: Rolling segment log-0_16 to index:16
2019-10-01 22:05:50,645 [090b4e10-81d3-4da5-9567-4af0b3b54148@group-4CAE68756A00-SegmentedRaftLogWorker] INFO  segmented.SegmentedRaftLogWorker (SegmentedRaftLogWorker.java:execute(531)) - 090b4e10-81d3-4da5-9567-4af0b3b54148@group-4CAE68756A00-SegmentedRaftLogWorker: Rolled log segment from /workdir/hadoop-ozone/integration-test/target/test-dir/MiniOzoneClusterImpl-e9a871d3-a5f2-4b32-9938-d4d926f9f817/datanode-4/data/ratis/ebd4118c-b152-40bc-bf32-4cae68756a00/current/log_inprogress_0 to /workdir/hadoop-ozone/integration-test/target/test-dir/MiniOzoneClusterImpl-e9a871d3-a5f2-4b32-9938-d4d926f9f817/datanode-4/data/ratis/ebd4118c-b152-40bc-bf32-4cae68756a00/current/log_0-16
2019-10-01 22:05:50,684 [f8c2ad6a-3c8a-4833-ac9f-f4e448cef8cd@group-4CAE68756A00-SegmentedRaftLogWorker] INFO  segmented.SegmentedRaftLogWorker (SegmentedRaftLogWorker.java:execute(574)) - f8c2ad6a-3c8a-4833-ac9f-f4e448cef8cd@group-4CAE68756A00-SegmentedRaftLogWorker: created new log segment /workdir/hadoop-ozone/integration-test/target/test-dir/MiniOzoneClusterImpl-e9a871d3-a5f2-4b32-9938-d4d926f9f817/datanode-0/data/ratis/ebd4118c-b152-40bc-bf32-4cae68756a00/current/log_inprogress_17
2019-10-01 22:05:50,711 [090b4e10-81d3-4da5-9567-4af0b3b54148@group-4CAE68756A00-SegmentedRaftLogWorker] INFO  segmented.SegmentedRaftLogWorker (SegmentedRaftLogWorker.java:execute(574)) - 090b4e10-81d3-4da5-9567-4af0b3b54148@group-4CAE68756A00-SegmentedRaftLogWorker: created new log segment /workdir/hadoop-ozone/integration-test/target/test-dir/MiniOzoneClusterImpl-e9a871d3-a5f2-4b32-9938-d4d926f9f817/datanode-4/data/ratis/ebd4118c-b152-40bc-bf32-4cae68756a00/current/log_inprogress_17
2019-10-01 22:05:50,735 [grpc-default-executor-7] WARN  server.GrpcLogAppender (LogUtils.java:warn(134)) - f8c2ad6a-3c8a-4833-ac9f-f4e448cef8cd@group-4CAE68756A00->41e483d8-a8cb-4ac7-b9f7-974b51399050-AppendLogResponseHandler: Failed appendEntries: org.apache.ratis.thirdparty.io.grpc.StatusRuntimeException: UNAVAILABLE: io exception
2019-10-01 22:05:50,736 [grpc-default-executor-7] INFO  impl.FollowerInfo (FollowerInfo.java:lambda$new$0(51)) - f8c2ad6a-3c8a-4833-ac9f-f4e448cef8cd@group-4CAE68756A00->41e483d8-a8cb-4ac7-b9f7-974b51399050: nextIndex: updateUnconditionally 2 -> 1
2019-10-01 22:05:50,745 [grpc-default-executor-7] WARN  server.GrpcLogAppender (LogUtils.java:warn(134)) - f8c2ad6a-3c8a-4833-ac9f-f4e448cef8cd@group-4CAE68756A00->41e483d8-a8cb-4ac7-b9f7-974b51399050-AppendLogResponseHandler: Failed appendEntries: org.apache.ratis.thirdparty.io.grpc.StatusRuntimeException: UNAVAILABLE: io exception
2019-10-01 22:05:50,745 [grpc-default-executor-7] INFO  impl.FollowerInfo (FollowerInfo.java:lambda$new$0(51)) - f8c2ad6a-3c8a-4833-ac9f-f4e448cef8cd@group-4CAE68756A00->41e483d8-a8cb-4ac7-b9f7-974b51399050: nextIndex: updateUnconditionally 2 -> 1
22:05:50.793 [grpc-default-executor-7] ERROR DNAudit - user=null | ip=null | op=WRITE_CHUNK {blockData=conID: 1 locID: 102889392114827277 bcsId: 14} | ret=FAILURE
org.apache.hadoop.hdds.scm.container.common.helpers.ContainerNotOpenException: Container 1 in CLOSING state
	at org.apache.hadoop.ozone.container.common.impl.HddsDispatcher.validateContainerCommand(HddsDispatcher.java:434) ~[hadoop-hdds-container-service-0.5.0-SNAPSHOT.jar:?]
	at org.apache.hadoop.ozone.container.common.transport.server.ratis.ContainerStateMachine.startTransaction(ContainerStateMachine.java:315) ~[hadoop-hdds-container-service-0.5.0-SNAPSHOT.jar:?]
	at org.apache.ratis.server.impl.RaftServerImpl.submitClientRequestAsync(RaftServerImpl.java:569) ~[ratis-server-0.5.0-201fc85-SNAPSHOT.jar:0.5.0-201fc85-SNAPSHOT]
	at org.apache.ratis.server.impl.RaftServerProxy.lambda$submitClientRequestAsync$7(RaftServerProxy.java:333) ~[ratis-server-0.5.0-201fc85-SNAPSHOT.jar:0.5.0-201fc85-SNAPSHOT]
	at org.apache.ratis.server.impl.RaftServerProxy.lambda$null$5(RaftServerProxy.java:328) ~[ratis-server-0.5.0-201fc85-SNAPSHOT.jar:0.5.0-201fc85-SNAPSHOT]
	at org.apache.ratis.util.JavaUtils.callAsUnchecked(JavaUtils.java:109) ~[ratis-common-0.5.0-201fc85-SNAPSHOT.jar:0.5.0-201fc85-SNAPSHOT]
	at org.apache.ratis.server.impl.RaftServerProxy.lambda$submitRequest$6(RaftServerProxy.java:328) ~[ratis-server-0.5.0-201fc85-SNAPSHOT.jar:0.5.0-201fc85-SNAPSHOT]
	at java.util.concurrent.CompletableFuture.uniComposeStage(CompletableFuture.java:981) ~[?:1.8.0_212]
	at java.util.concurrent.CompletableFuture.thenCompose(CompletableFuture.java:2124) ~[?:1.8.0_212]
	at org.apache.ratis.server.impl.RaftServerProxy.submitRequest(RaftServerProxy.java:327) ~[ratis-server-0.5.0-201fc85-SNAPSHOT.jar:0.5.0-201fc85-SNAPSHOT]
	at org.apache.ratis.server.impl.RaftServerProxy.submitClientRequestAsync(RaftServerProxy.java:333) ~[ratis-server-0.5.0-201fc85-SNAPSHOT.jar:0.5.0-201fc85-SNAPSHOT]
	at org.apache.ratis.grpc.client.GrpcClientProtocolService$RequestStreamObserver.processClientRequest(GrpcClientProtocolService.java:220) ~[ratis-grpc-0.5.0-201fc85-SNAPSHOT.jar:0.5.0-201fc85-SNAPSHOT]
	at org.apache.ratis.grpc.client.GrpcClientProtocolService$OrderedRequestStreamObserver.processClientRequest(GrpcClientProtocolService.java:326) ~[ratis-grpc-0.5.0-201fc85-SNAPSHOT.jar:0.5.0-201fc85-SNAPSHOT]
	at org.apache.ratis.util.SlidingWindow$Server.processRequestsFromHead(SlidingWindow.java:429) [ratis-common-0.5.0-201fc85-SNAPSHOT.jar:0.5.0-201fc85-SNAPSHOT]
	at org.apache.ratis.util.SlidingWindow$Server.receivedRequest(SlidingWindow.java:421) [ratis-common-0.5.0-201fc85-SNAPSHOT.jar:0.5.0-201fc85-SNAPSHOT]
	at org.apache.ratis.grpc.client.GrpcClientProtocolService$OrderedRequestStreamObserver.processClientRequest(GrpcClientProtocolService.java:345) [ratis-grpc-0.5.0-201fc85-SNAPSHOT.jar:0.5.0-201fc85-SNAPSHOT]
	at org.apache.ratis.grpc.client.GrpcClientProtocolService$RequestStreamObserver.onNext(GrpcClientProtocolService.java:240) [ratis-grpc-0.5.0-201fc85-SNAPSHOT.jar:0.5.0-201fc85-SNAPSHOT]
	at org.apache.ratis.grpc.client.GrpcClientProtocolService$RequestStreamObserver.onNext(GrpcClientProtocolService.java:168) [ratis-grpc-0.5.0-201fc85-SNAPSHOT.jar:0.5.0-201fc85-SNAPSHOT]
	at org.apache.ratis.thirdparty.io.grpc.stub.ServerCalls$StreamingServerCallHandler$StreamingServerCallListener.onMessage(ServerCalls.java:248) [ratis-thirdparty-misc-0.2.0.jar:0.2.0]
	at org.apache.ratis.thirdparty.io.grpc.internal.ServerCallImpl$ServerStreamListenerImpl.messagesAvailable(ServerCallImpl.java:263) [ratis-thirdparty-misc-0.2.0.jar:0.2.0]
	at org.apache.ratis.thirdparty.io.grpc.internal.ServerImpl$JumpToApplicationThreadServerStreamListener$1MessagesAvailable.runInContext(ServerImpl.java:686) [ratis-thirdparty-misc-0.2.0.jar:0.2.0]
	at org.apache.ratis.thirdparty.io.grpc.internal.ContextRunnable.run(ContextRunnable.java:37) [ratis-thirdparty-misc-0.2.0.jar:0.2.0]
	at org.apache.ratis.thirdparty.io.grpc.internal.SerializingExecutor.run(SerializingExecutor.java:123) [ratis-thirdparty-misc-0.2.0.jar:0.2.0]
	at java.util.concurrent.ThreadPoolExecutor.runWorker(ThreadPoolExecutor.java:1149) [?:1.8.0_212]
	at java.util.concurrent.ThreadPoolExecutor$Worker.run(ThreadPoolExecutor.java:624) [?:1.8.0_212]
	at java.lang.Thread.run(Thread.java:748) [?:1.8.0_212]
22:05:50.807 [grpc-default-executor-7] ERROR DNAudit - user=null | ip=null | op=WRITE_CHUNK {blockData=conID: 1 locID: 102889392114827277 bcsId: 14} | ret=FAILURE
org.apache.hadoop.hdds.scm.container.common.helpers.ContainerNotOpenException: Container 1 in CLOSING state
	at org.apache.hadoop.ozone.container.common.impl.HddsDispatcher.validateContainerCommand(HddsDispatcher.java:434) ~[hadoop-hdds-container-service-0.5.0-SNAPSHOT.jar:?]
	at org.apache.hadoop.ozone.container.common.transport.server.ratis.ContainerStateMachine.startTransaction(ContainerStateMachine.java:315) ~[hadoop-hdds-container-service-0.5.0-SNAPSHOT.jar:?]
	at org.apache.ratis.server.impl.RaftServerImpl.submitClientRequestAsync(RaftServerImpl.java:569) ~[ratis-server-0.5.0-201fc85-SNAPSHOT.jar:0.5.0-201fc85-SNAPSHOT]
	at org.apache.ratis.server.impl.RaftServerProxy.lambda$submitClientRequestAsync$7(RaftServerProxy.java:333) ~[ratis-server-0.5.0-201fc85-SNAPSHOT.jar:0.5.0-201fc85-SNAPSHOT]
	at org.apache.ratis.server.impl.RaftServerProxy.lambda$null$5(RaftServerProxy.java:328) ~[ratis-server-0.5.0-201fc85-SNAPSHOT.jar:0.5.0-201fc85-SNAPSHOT]
	at org.apache.ratis.util.JavaUtils.callAsUnchecked(JavaUtils.java:109) ~[ratis-common-0.5.0-201fc85-SNAPSHOT.jar:0.5.0-201fc85-SNAPSHOT]
	at org.apache.ratis.server.impl.RaftServerProxy.lambda$submitRequest$6(RaftServerProxy.java:328) ~[ratis-server-0.5.0-201fc85-SNAPSHOT.jar:0.5.0-201fc85-SNAPSHOT]
	at java.util.concurrent.CompletableFuture.uniComposeStage(CompletableFuture.java:981) ~[?:1.8.0_212]
	at java.util.concurrent.CompletableFuture.thenCompose(CompletableFuture.java:2124) ~[?:1.8.0_212]
	at org.apache.ratis.server.impl.RaftServerProxy.submitRequest(RaftServerProxy.java:327) ~[ratis-server-0.5.0-201fc85-SNAPSHOT.jar:0.5.0-201fc85-SNAPSHOT]
	at org.apache.ratis.server.impl.RaftServerProxy.submitClientRequestAsync(RaftServerProxy.java:333) ~[ratis-server-0.5.0-201fc85-SNAPSHOT.jar:0.5.0-201fc85-SNAPSHOT]
	at org.apache.ratis.grpc.client.GrpcClientProtocolService$RequestStreamObserver.processClientRequest(GrpcClientProtocolService.java:220) ~[ratis-grpc-0.5.0-201fc85-SNAPSHOT.jar:0.5.0-201fc85-SNAPSHOT]
	at org.apache.ratis.grpc.client.GrpcClientProtocolService$OrderedRequestStreamObserver.processClientRequest(GrpcClientProtocolService.java:326) ~[ratis-grpc-0.5.0-201fc85-SNAPSHOT.jar:0.5.0-201fc85-SNAPSHOT]
	at org.apache.ratis.util.SlidingWindow$Server.processRequestsFromHead(SlidingWindow.java:429) [ratis-common-0.5.0-201fc85-SNAPSHOT.jar:0.5.0-201fc85-SNAPSHOT]
	at org.apache.ratis.util.SlidingWindow$Server.receivedRequest(SlidingWindow.java:421) [ratis-common-0.5.0-201fc85-SNAPSHOT.jar:0.5.0-201fc85-SNAPSHOT]
	at org.apache.ratis.grpc.client.GrpcClientProtocolService$OrderedRequestStreamObserver.processClientRequest(GrpcClientProtocolService.java:345) [ratis-grpc-0.5.0-201fc85-SNAPSHOT.jar:0.5.0-201fc85-SNAPSHOT]
	at org.apache.ratis.grpc.client.GrpcClientProtocolService$RequestStreamObserver.onNext(GrpcClientProtocolService.java:240) [ratis-grpc-0.5.0-201fc85-SNAPSHOT.jar:0.5.0-201fc85-SNAPSHOT]
	at org.apache.ratis.grpc.client.GrpcClientProtocolService$RequestStreamObserver.onNext(GrpcClientProtocolService.java:168) [ratis-grpc-0.5.0-201fc85-SNAPSHOT.jar:0.5.0-201fc85-SNAPSHOT]
	at org.apache.ratis.thirdparty.io.grpc.stub.ServerCalls$StreamingServerCallHandler$StreamingServerCallListener.onMessage(ServerCalls.java:248) [ratis-thirdparty-misc-0.2.0.jar:0.2.0]
	at org.apache.ratis.thirdparty.io.grpc.internal.ServerCallImpl$ServerStreamListenerImpl.messagesAvailable(ServerCallImpl.java:263) [ratis-thirdparty-misc-0.2.0.jar:0.2.0]
	at org.apache.ratis.thirdparty.io.grpc.internal.ServerImpl$JumpToApplicationThreadServerStreamListener$1MessagesAvailable.runInContext(ServerImpl.java:686) [ratis-thirdparty-misc-0.2.0.jar:0.2.0]
	at org.apache.ratis.thirdparty.io.grpc.internal.ContextRunnable.run(ContextRunnable.java:37) [ratis-thirdparty-misc-0.2.0.jar:0.2.0]
	at org.apache.ratis.thirdparty.io.grpc.internal.SerializingExecutor.run(SerializingExecutor.java:123) [ratis-thirdparty-misc-0.2.0.jar:0.2.0]
	at java.util.concurrent.ThreadPoolExecutor.runWorker(ThreadPoolExecutor.java:1149) [?:1.8.0_212]
	at java.util.concurrent.ThreadPoolExecutor$Worker.run(ThreadPoolExecutor.java:624) [?:1.8.0_212]
	at java.lang.Thread.run(Thread.java:748) [?:1.8.0_212]
22:05:50.817 [grpc-default-executor-7] ERROR DNAudit - user=null | ip=null | op=PUT_BLOCK {blockData=[blockId=conID: 1 locID: 102889392114827277 bcsId: 0,size=650]} | ret=FAILURE
org.apache.hadoop.hdds.scm.container.common.helpers.ContainerNotOpenException: Container 1 in CLOSING state
	at org.apache.hadoop.ozone.container.common.impl.HddsDispatcher.validateContainerCommand(HddsDispatcher.java:434) ~[hadoop-hdds-container-service-0.5.0-SNAPSHOT.jar:?]
	at org.apache.hadoop.ozone.container.common.transport.server.ratis.ContainerStateMachine.startTransaction(ContainerStateMachine.java:315) ~[hadoop-hdds-container-service-0.5.0-SNAPSHOT.jar:?]
	at org.apache.ratis.server.impl.RaftServerImpl.submitClientRequestAsync(RaftServerImpl.java:569) ~[ratis-server-0.5.0-201fc85-SNAPSHOT.jar:0.5.0-201fc85-SNAPSHOT]
	at org.apache.ratis.server.impl.RaftServerProxy.lambda$submitClientRequestAsync$7(RaftServerProxy.java:333) ~[ratis-server-0.5.0-201fc85-SNAPSHOT.jar:0.5.0-201fc85-SNAPSHOT]
	at org.apache.ratis.server.impl.RaftServerProxy.lambda$null$5(RaftServerProxy.java:328) ~[ratis-server-0.5.0-201fc85-SNAPSHOT.jar:0.5.0-201fc85-SNAPSHOT]
	at org.apache.ratis.util.JavaUtils.callAsUnchecked(JavaUtils.java:109) ~[ratis-common-0.5.0-201fc85-SNAPSHOT.jar:0.5.0-201fc85-SNAPSHOT]
	at org.apache.ratis.server.impl.RaftServerProxy.lambda$submitRequest$6(RaftServerProxy.java:328) ~[ratis-server-0.5.0-201fc85-SNAPSHOT.jar:0.5.0-201fc85-SNAPSHOT]
	at java.util.concurrent.CompletableFuture.uniComposeStage(CompletableFuture.java:981) ~[?:1.8.0_212]
	at java.util.concurrent.CompletableFuture.thenCompose(CompletableFuture.java:2124) ~[?:1.8.0_212]
	at org.apache.ratis.server.impl.RaftServerProxy.submitRequest(RaftServerProxy.java:327) ~[ratis-server-0.5.0-201fc85-SNAPSHOT.jar:0.5.0-201fc85-SNAPSHOT]
	at org.apache.ratis.server.impl.RaftServerProxy.submitClientRequestAsync(RaftServerProxy.java:333) ~[ratis-server-0.5.0-201fc85-SNAPSHOT.jar:0.5.0-201fc85-SNAPSHOT]
	at org.apache.ratis.grpc.client.GrpcClientProtocolService$RequestStreamObserver.processClientRequest(GrpcClientProtocolService.java:220) ~[ratis-grpc-0.5.0-201fc85-SNAPSHOT.jar:0.5.0-201fc85-SNAPSHOT]
	at org.apache.ratis.grpc.client.GrpcClientProtocolService$OrderedRequestStreamObserver.processClientRequest(GrpcClientProtocolService.java:326) ~[ratis-grpc-0.5.0-201fc85-SNAPSHOT.jar:0.5.0-201fc85-SNAPSHOT]
	at org.apache.ratis.util.SlidingWindow$Server.processRequestsFromHead(SlidingWindow.java:429) [ratis-common-0.5.0-201fc85-SNAPSHOT.jar:0.5.0-201fc85-SNAPSHOT]
	at org.apache.ratis.util.SlidingWindow$Server.receivedRequest(SlidingWindow.java:421) [ratis-common-0.5.0-201fc85-SNAPSHOT.jar:0.5.0-201fc85-SNAPSHOT]
	at org.apache.ratis.grpc.client.GrpcClientProtocolService$OrderedRequestStreamObserver.processClientRequest(GrpcClientProtocolService.java:345) [ratis-grpc-0.5.0-201fc85-SNAPSHOT.jar:0.5.0-201fc85-SNAPSHOT]
	at org.apache.ratis.grpc.client.GrpcClientProtocolService$RequestStreamObserver.onNext(GrpcClientProtocolService.java:240) [ratis-grpc-0.5.0-201fc85-SNAPSHOT.jar:0.5.0-201fc85-SNAPSHOT]
	at org.apache.ratis.grpc.client.GrpcClientProtocolService$RequestStreamObserver.onNext(GrpcClientProtocolService.java:168) [ratis-grpc-0.5.0-201fc85-SNAPSHOT.jar:0.5.0-201fc85-SNAPSHOT]
	at org.apache.ratis.thirdparty.io.grpc.stub.ServerCalls$StreamingServerCallHandler$StreamingServerCallListener.onMessage(ServerCalls.java:248) [ratis-thirdparty-misc-0.2.0.jar:0.2.0]
	at org.apache.ratis.thirdparty.io.grpc.internal.ServerCallImpl$ServerStreamListenerImpl.messagesAvailable(ServerCallImpl.java:263) [ratis-thirdparty-misc-0.2.0.jar:0.2.0]
	at org.apache.ratis.thirdparty.io.grpc.internal.ServerImpl$JumpToApplicationThreadServerStreamListener$1MessagesAvailable.runInContext(ServerImpl.java:686) [ratis-thirdparty-misc-0.2.0.jar:0.2.0]
	at org.apache.ratis.thirdparty.io.grpc.internal.ContextRunnable.run(ContextRunnable.java:37) [ratis-thirdparty-misc-0.2.0.jar:0.2.0]
	at org.apache.ratis.thirdparty.io.grpc.internal.SerializingExecutor.run(SerializingExecutor.java:123) [ratis-thirdparty-misc-0.2.0.jar:0.2.0]
	at java.util.concurrent.ThreadPoolExecutor.runWorker(ThreadPoolExecutor.java:1149) [?:1.8.0_212]
	at java.util.concurrent.ThreadPoolExecutor$Worker.run(ThreadPoolExecutor.java:624) [?:1.8.0_212]
	at java.lang.Thread.run(Thread.java:748) [?:1.8.0_212]
22:05:50.818 [grpc-default-executor-7] ERROR DNAudit - user=null | ip=null | op=WRITE_CHUNK {blockData=conID: 1 locID: 102889392114827277 bcsId: 14} | ret=FAILURE
org.apache.hadoop.hdds.scm.container.common.helpers.ContainerNotOpenException: Container 1 in CLOSING state
	at org.apache.hadoop.ozone.container.common.impl.HddsDispatcher.validateContainerCommand(HddsDispatcher.java:434) ~[hadoop-hdds-container-service-0.5.0-SNAPSHOT.jar:?]
	at org.apache.hadoop.ozone.container.common.transport.server.ratis.ContainerStateMachine.startTransaction(ContainerStateMachine.java:315) ~[hadoop-hdds-container-service-0.5.0-SNAPSHOT.jar:?]
	at org.apache.ratis.server.impl.RaftServerImpl.submitClientRequestAsync(RaftServerImpl.java:569) ~[ratis-server-0.5.0-201fc85-SNAPSHOT.jar:0.5.0-201fc85-SNAPSHOT]
	at org.apache.ratis.server.impl.RaftServerProxy.lambda$submitClientRequestAsync$7(RaftServerProxy.java:333) ~[ratis-server-0.5.0-201fc85-SNAPSHOT.jar:0.5.0-201fc85-SNAPSHOT]
	at org.apache.ratis.server.impl.RaftServerProxy.lambda$null$5(RaftServerProxy.java:328) ~[ratis-server-0.5.0-201fc85-SNAPSHOT.jar:0.5.0-201fc85-SNAPSHOT]
	at org.apache.ratis.util.JavaUtils.callAsUnchecked(JavaUtils.java:109) ~[ratis-common-0.5.0-201fc85-SNAPSHOT.jar:0.5.0-201fc85-SNAPSHOT]
	at org.apache.ratis.server.impl.RaftServerProxy.lambda$submitRequest$6(RaftServerProxy.java:328) ~[ratis-server-0.5.0-201fc85-SNAPSHOT.jar:0.5.0-201fc85-SNAPSHOT]
	at java.util.concurrent.CompletableFuture.uniComposeStage(CompletableFuture.java:981) ~[?:1.8.0_212]
	at java.util.concurrent.CompletableFuture.thenCompose(CompletableFuture.java:2124) ~[?:1.8.0_212]
	at org.apache.ratis.server.impl.RaftServerProxy.submitRequest(RaftServerProxy.java:327) ~[ratis-server-0.5.0-201fc85-SNAPSHOT.jar:0.5.0-201fc85-SNAPSHOT]
	at org.apache.ratis.server.impl.RaftServerProxy.submitClientRequestAsync(RaftServerProxy.java:333) ~[ratis-server-0.5.0-201fc85-SNAPSHOT.jar:0.5.0-201fc85-SNAPSHOT]
	at org.apache.ratis.grpc.client.GrpcClientProtocolService$RequestStreamObserver.processClientRequest(GrpcClientProtocolService.java:220) ~[ratis-grpc-0.5.0-201fc85-SNAPSHOT.jar:0.5.0-201fc85-SNAPSHOT]
	at org.apache.ratis.grpc.client.GrpcClientProtocolService$OrderedRequestStreamObserver.processClientRequest(GrpcClientProtocolService.java:326) ~[ratis-grpc-0.5.0-201fc85-SNAPSHOT.jar:0.5.0-201fc85-SNAPSHOT]
	at org.apache.ratis.util.SlidingWindow$Server.processRequestsFromHead(SlidingWindow.java:429) [ratis-common-0.5.0-201fc85-SNAPSHOT.jar:0.5.0-201fc85-SNAPSHOT]
	at org.apache.ratis.util.SlidingWindow$Server.receivedRequest(SlidingWindow.java:421) [ratis-common-0.5.0-201fc85-SNAPSHOT.jar:0.5.0-201fc85-SNAPSHOT]
	at org.apache.ratis.grpc.client.GrpcClientProtocolService$OrderedRequestStreamObserver.processClientRequest(GrpcClientProtocolService.java:345) [ratis-grpc-0.5.0-201fc85-SNAPSHOT.jar:0.5.0-201fc85-SNAPSHOT]
	at org.apache.ratis.grpc.client.GrpcClientProtocolService$RequestStreamObserver.onNext(GrpcClientProtocolService.java:240) [ratis-grpc-0.5.0-201fc85-SNAPSHOT.jar:0.5.0-201fc85-SNAPSHOT]
	at org.apache.ratis.grpc.client.GrpcClientProtocolService$RequestStreamObserver.onNext(GrpcClientProtocolService.java:168) [ratis-grpc-0.5.0-201fc85-SNAPSHOT.jar:0.5.0-201fc85-SNAPSHOT]
	at org.apache.ratis.thirdparty.io.grpc.stub.ServerCalls$StreamingServerCallHandler$StreamingServerCallListener.onMessage(ServerCalls.java:248) [ratis-thirdparty-misc-0.2.0.jar:0.2.0]
	at org.apache.ratis.thirdparty.io.grpc.internal.ServerCallImpl$ServerStreamListenerImpl.messagesAvailable(ServerCallImpl.java:263) [ratis-thirdparty-misc-0.2.0.jar:0.2.0]
	at org.apache.ratis.thirdparty.io.grpc.internal.ServerImpl$JumpToApplicationThreadServerStreamListener$1MessagesAvailable.runInContext(ServerImpl.java:686) [ratis-thirdparty-misc-0.2.0.jar:0.2.0]
	at org.apache.ratis.thirdparty.io.grpc.internal.ContextRunnable.run(ContextRunnable.java:37) [ratis-thirdparty-misc-0.2.0.jar:0.2.0]
	at org.apache.ratis.thirdparty.io.grpc.internal.SerializingExecutor.run(SerializingExecutor.java:123) [ratis-thirdparty-misc-0.2.0.jar:0.2.0]
	at java.util.concurrent.ThreadPoolExecutor.runWorker(ThreadPoolExecutor.java:1149) [?:1.8.0_212]
	at java.util.concurrent.ThreadPoolExecutor$Worker.run(ThreadPoolExecutor.java:624) [?:1.8.0_212]
	at java.lang.Thread.run(Thread.java:748) [?:1.8.0_212]
22:05:50.829 [grpc-default-executor-7] ERROR DNAudit - user=null | ip=null | op=WRITE_CHUNK {blockData=conID: 1 locID: 102889392114827277 bcsId: 14} | ret=FAILURE
org.apache.hadoop.hdds.scm.container.common.helpers.ContainerNotOpenException: Container 1 in CLOSING state
	at org.apache.hadoop.ozone.container.common.impl.HddsDispatcher.validateContainerCommand(HddsDispatcher.java:434) ~[hadoop-hdds-container-service-0.5.0-SNAPSHOT.jar:?]
	at org.apache.hadoop.ozone.container.common.transport.server.ratis.ContainerStateMachine.startTransaction(ContainerStateMachine.java:315) ~[hadoop-hdds-container-service-0.5.0-SNAPSHOT.jar:?]
	at org.apache.ratis.server.impl.RaftServerImpl.submitClientRequestAsync(RaftServerImpl.java:569) ~[ratis-server-0.5.0-201fc85-SNAPSHOT.jar:0.5.0-201fc85-SNAPSHOT]
	at org.apache.ratis.server.impl.RaftServerProxy.lambda$submitClientRequestAsync$7(RaftServerProxy.java:333) ~[ratis-server-0.5.0-201fc85-SNAPSHOT.jar:0.5.0-201fc85-SNAPSHOT]
	at org.apache.ratis.server.impl.RaftServerProxy.lambda$null$5(RaftServerProxy.java:328) ~[ratis-server-0.5.0-201fc85-SNAPSHOT.jar:0.5.0-201fc85-SNAPSHOT]
	at org.apache.ratis.util.JavaUtils.callAsUnchecked(JavaUtils.java:109) ~[ratis-common-0.5.0-201fc85-SNAPSHOT.jar:0.5.0-201fc85-SNAPSHOT]
	at org.apache.ratis.server.impl.RaftServerProxy.lambda$submitRequest$6(RaftServerProxy.java:328) ~[ratis-server-0.5.0-201fc85-SNAPSHOT.jar:0.5.0-201fc85-SNAPSHOT]
	at java.util.concurrent.CompletableFuture.uniComposeStage(CompletableFuture.java:981) ~[?:1.8.0_212]
	at java.util.concurrent.CompletableFuture.thenCompose(CompletableFuture.java:2124) ~[?:1.8.0_212]
	at org.apache.ratis.server.impl.RaftServerProxy.submitRequest(RaftServerProxy.java:327) ~[ratis-server-0.5.0-201fc85-SNAPSHOT.jar:0.5.0-201fc85-SNAPSHOT]
	at org.apache.ratis.server.impl.RaftServerProxy.submitClientRequestAsync(RaftServerProxy.java:333) ~[ratis-server-0.5.0-201fc85-SNAPSHOT.jar:0.5.0-201fc85-SNAPSHOT]
	at org.apache.ratis.grpc.client.GrpcClientProtocolService$RequestStreamObserver.processClientRequest(GrpcClientProtocolService.java:220) ~[ratis-grpc-0.5.0-201fc85-SNAPSHOT.jar:0.5.0-201fc85-SNAPSHOT]
	at org.apache.ratis.grpc.client.GrpcClientProtocolService$OrderedRequestStreamObserver.processClientRequest(GrpcClientProtocolService.java:326) ~[ratis-grpc-0.5.0-201fc85-SNAPSHOT.jar:0.5.0-201fc85-SNAPSHOT]
	at org.apache.ratis.util.SlidingWindow$Server.processRequestsFromHead(SlidingWindow.java:429) [ratis-common-0.5.0-201fc85-SNAPSHOT.jar:0.5.0-201fc85-SNAPSHOT]
	at org.apache.ratis.util.SlidingWindow$Server.receivedRequest(SlidingWindow.java:421) [ratis-common-0.5.0-201fc85-SNAPSHOT.jar:0.5.0-201fc85-SNAPSHOT]
	at org.apache.ratis.grpc.client.GrpcClientProtocolService$OrderedRequestStreamObserver.processClientRequest(GrpcClientProtocolService.java:345) [ratis-grpc-0.5.0-201fc85-SNAPSHOT.jar:0.5.0-201fc85-SNAPSHOT]
	at org.apache.ratis.grpc.client.GrpcClientProtocolService$RequestStreamObserver.onNext(GrpcClientProtocolService.java:240) [ratis-grpc-0.5.0-201fc85-SNAPSHOT.jar:0.5.0-201fc85-SNAPSHOT]
	at org.apache.ratis.grpc.client.GrpcClientProtocolService$RequestStreamObserver.onNext(GrpcClientProtocolService.java:168) [ratis-grpc-0.5.0-201fc85-SNAPSHOT.jar:0.5.0-201fc85-SNAPSHOT]
	at org.apache.ratis.thirdparty.io.grpc.stub.ServerCalls$StreamingServerCallHandler$StreamingServerCallListener.onMessage(ServerCalls.java:248) [ratis-thirdparty-misc-0.2.0.jar:0.2.0]
	at org.apache.ratis.thirdparty.io.grpc.internal.ServerCallImpl$ServerStreamListenerImpl.messagesAvailable(ServerCallImpl.java:263) [ratis-thirdparty-misc-0.2.0.jar:0.2.0]
	at org.apache.ratis.thirdparty.io.grpc.internal.ServerImpl$JumpToApplicationThreadServerStreamListener$1MessagesAvailable.runInContext(ServerImpl.java:686) [ratis-thirdparty-misc-0.2.0.jar:0.2.0]
	at org.apache.ratis.thirdparty.io.grpc.internal.ContextRunnable.run(ContextRunnable.java:37) [ratis-thirdparty-misc-0.2.0.jar:0.2.0]
	at org.apache.ratis.thirdparty.io.grpc.internal.SerializingExecutor.run(SerializingExecutor.java:123) [ratis-thirdparty-misc-0.2.0.jar:0.2.0]
	at java.util.concurrent.ThreadPoolExecutor.runWorker(ThreadPoolExecutor.java:1149) [?:1.8.0_212]
	at java.util.concurrent.ThreadPoolExecutor$Worker.run(ThreadPoolExecutor.java:624) [?:1.8.0_212]
	at java.lang.Thread.run(Thread.java:748) [?:1.8.0_212]
22:05:50.835 [grpc-default-executor-7] ERROR DNAudit - user=null | ip=null | op=PUT_BLOCK {blockData=[blockId=conID: 1 locID: 102889392114827277 bcsId: 0,size=800]} | ret=FAILURE
org.apache.hadoop.hdds.scm.container.common.helpers.ContainerNotOpenException: Container 1 in CLOSING state
	at org.apache.hadoop.ozone.container.common.impl.HddsDispatcher.validateContainerCommand(HddsDispatcher.java:434) ~[hadoop-hdds-container-service-0.5.0-SNAPSHOT.jar:?]
	at org.apache.hadoop.ozone.container.common.transport.server.ratis.ContainerStateMachine.startTransaction(ContainerStateMachine.java:315) ~[hadoop-hdds-container-service-0.5.0-SNAPSHOT.jar:?]
	at org.apache.ratis.server.impl.RaftServerImpl.submitClientRequestAsync(RaftServerImpl.java:569) ~[ratis-server-0.5.0-201fc85-SNAPSHOT.jar:0.5.0-201fc85-SNAPSHOT]
	at org.apache.ratis.server.impl.RaftServerProxy.lambda$submitClientRequestAsync$7(RaftServerProxy.java:333) ~[ratis-server-0.5.0-201fc85-SNAPSHOT.jar:0.5.0-201fc85-SNAPSHOT]
	at org.apache.ratis.server.impl.RaftServerProxy.lambda$null$5(RaftServerProxy.java:328) ~[ratis-server-0.5.0-201fc85-SNAPSHOT.jar:0.5.0-201fc85-SNAPSHOT]
	at org.apache.ratis.util.JavaUtils.callAsUnchecked(JavaUtils.java:109) ~[ratis-common-0.5.0-201fc85-SNAPSHOT.jar:0.5.0-201fc85-SNAPSHOT]
	at org.apache.ratis.server.impl.RaftServerProxy.lambda$submitRequest$6(RaftServerProxy.java:328) ~[ratis-server-0.5.0-201fc85-SNAPSHOT.jar:0.5.0-201fc85-SNAPSHOT]
	at java.util.concurrent.CompletableFuture.uniComposeStage(CompletableFuture.java:981) ~[?:1.8.0_212]
	at java.util.concurrent.CompletableFuture.thenCompose(CompletableFuture.java:2124) ~[?:1.8.0_212]
	at org.apache.ratis.server.impl.RaftServerProxy.submitRequest(RaftServerProxy.java:327) ~[ratis-server-0.5.0-201fc85-SNAPSHOT.jar:0.5.0-201fc85-SNAPSHOT]
	at org.apache.ratis.server.impl.RaftServerProxy.submitClientRequestAsync(RaftServerProxy.java:333) ~[ratis-server-0.5.0-201fc85-SNAPSHOT.jar:0.5.0-201fc85-SNAPSHOT]
	at org.apache.ratis.grpc.client.GrpcClientProtocolService$RequestStreamObserver.processClientRequest(GrpcClientProtocolService.java:220) ~[ratis-grpc-0.5.0-201fc85-SNAPSHOT.jar:0.5.0-201fc85-SNAPSHOT]
	at org.apache.ratis.grpc.client.GrpcClientProtocolService$OrderedRequestStreamObserver.processClientRequest(GrpcClientProtocolService.java:326) ~[ratis-grpc-0.5.0-201fc85-SNAPSHOT.jar:0.5.0-201fc85-SNAPSHOT]
	at org.apache.ratis.util.SlidingWindow$Server.processRequestsFromHead(SlidingWindow.java:429) [ratis-common-0.5.0-201fc85-SNAPSHOT.jar:0.5.0-201fc85-SNAPSHOT]
	at org.apache.ratis.util.SlidingWindow$Server.receivedRequest(SlidingWindow.java:421) [ratis-common-0.5.0-201fc85-SNAPSHOT.jar:0.5.0-201fc85-SNAPSHOT]
	at org.apache.ratis.grpc.client.GrpcClientProtocolService$OrderedRequestStreamObserver.processClientRequest(GrpcClientProtocolService.java:345) [ratis-grpc-0.5.0-201fc85-SNAPSHOT.jar:0.5.0-201fc85-SNAPSHOT]
	at org.apache.ratis.grpc.client.GrpcClientProtocolService$RequestStreamObserver.onNext(GrpcClientProtocolService.java:240) [ratis-grpc-0.5.0-201fc85-SNAPSHOT.jar:0.5.0-201fc85-SNAPSHOT]
	at org.apache.ratis.grpc.client.GrpcClientProtocolService$RequestStreamObserver.onNext(GrpcClientProtocolService.java:168) [ratis-grpc-0.5.0-201fc85-SNAPSHOT.jar:0.5.0-201fc85-SNAPSHOT]
	at org.apache.ratis.thirdparty.io.grpc.stub.ServerCalls$StreamingServerCallHandler$StreamingServerCallListener.onMessage(ServerCalls.java:248) [ratis-thirdparty-misc-0.2.0.jar:0.2.0]
	at org.apache.ratis.thirdparty.io.grpc.internal.ServerCallImpl$ServerStreamListenerImpl.messagesAvailable(ServerCallImpl.java:263) [ratis-thirdparty-misc-0.2.0.jar:0.2.0]
	at org.apache.ratis.thirdparty.io.grpc.internal.ServerImpl$JumpToApplicationThreadServerStreamListener$1MessagesAvailable.runInContext(ServerImpl.java:686) [ratis-thirdparty-misc-0.2.0.jar:0.2.0]
	at org.apache.ratis.thirdparty.io.grpc.internal.ContextRunnable.run(ContextRunnable.java:37) [ratis-thirdparty-misc-0.2.0.jar:0.2.0]
	at org.apache.ratis.thirdparty.io.grpc.internal.SerializingExecutor.run(SerializingExecutor.java:123) [ratis-thirdparty-misc-0.2.0.jar:0.2.0]
	at java.util.concurrent.ThreadPoolExecutor.runWorker(ThreadPoolExecutor.java:1149) [?:1.8.0_212]
	at java.util.concurrent.ThreadPoolExecutor$Worker.run(ThreadPoolExecutor.java:624) [?:1.8.0_212]
	at java.lang.Thread.run(Thread.java:748) [?:1.8.0_212]
2019-10-01 22:05:51,202 [main] INFO  ozone.MiniOzoneClusterImpl (MiniOzoneClusterImpl.java:shutdown(314)) - Shutting down the Mini Ozone Cluster
2019-10-01 22:05:51,202 [main] INFO  ozone.MiniOzoneClusterImpl (MiniOzoneClusterImpl.java:stop(330)) - Stopping the Mini Ozone Cluster
2019-10-01 22:05:51,202 [main] INFO  ozone.MiniOzoneClusterImpl (MiniOzoneClusterImpl.java:stopOM(400)) - Stopping the OzoneManager
2019-10-01 22:05:51,203 [main] INFO  ipc.Server (Server.java:stop(3082)) - Stopping server on 34573
2019-10-01 22:05:51,220 [IPC Server listener on 34573] INFO  ipc.Server (Server.java:run(1185)) - Stopping IPC Server listener on 34573
2019-10-01 22:05:51,233 [IPC Server Responder] INFO  ipc.Server (Server.java:run(1319)) - Stopping IPC Server Responder
2019-10-01 22:05:51,233 [main] INFO  ratis.OzoneManagerDoubleBuffer (OzoneManagerDoubleBuffer.java:stop(248)) - Stopping OMDoubleBuffer flush thread
2019-10-01 22:05:51,235 [OMDoubleBufferFlushThread] INFO  ratis.OzoneManagerDoubleBuffer (OzoneManagerDoubleBuffer.java:flushTransactions(191)) - OMDoubleBuffer flush thread OMDoubleBufferFlushThread is interrupted and will exit. OMDoubleBufferFlushThread
2019-10-01 22:05:51,236 [main] INFO  utils.BackgroundService (BackgroundService.java:shutdown(148)) - Shutting down service KeyDeletingService
2019-10-01 22:05:51,247 [main] INFO  handler.ContextHandler (ContextHandler.java:doStop(910)) - Stopped o.e.j.w.WebAppContext@539c4830{/,null,UNAVAILABLE}{/ozoneManager}
2019-10-01 22:05:51,248 [main] INFO  server.AbstractConnector (AbstractConnector.java:doStop(318)) - Stopped ServerConnector@6f1fa1d0{HTTP/1.1,[http/1.1]}{0.0.0.0:0}
2019-10-01 22:05:51,248 [main] INFO  handler.ContextHandler (ContextHandler.java:doStop(910)) - Stopped o.e.j.s.ServletContextHandler@5bfc79cb{/static,file:///workdir/hadoop-ozone/integration-test/target/test-classes/webapps/static,UNAVAILABLE}
2019-10-01 22:05:51,249 [main] INFO  handler.ContextHandler (ContextHandler.java:doStop(910)) - Stopped o.e.j.s.ServletContextHandler@5b48f0f4{/logs,file:///workdir/hadoop-ozone/integration-test/target/log,UNAVAILABLE}
2019-10-01 22:05:51,251 [main] INFO  ozone.MiniOzoneClusterImpl (MiniOzoneClusterImpl.java:stopDatanodes(377)) - Stopping the HddsDatanodes
2019-10-01 22:05:51,345 [Datanode State Machine Thread - 0] INFO  statemachine.DatanodeStateMachine (DatanodeStateMachine.java:lambda$startDaemon$0(350)) - Ozone container server started.
2019-10-01 22:05:52,031 [Datanode State Machine Thread - 0] INFO  statemachine.DatanodeStateMachine (DatanodeStateMachine.java:lambda$startDaemon$0(350)) - Ozone container server started.
2019-10-01 22:05:53,255 [grpc-default-executor-5] WARN  server.GrpcLogAppender (LogUtils.java:warn(134)) - f8c2ad6a-3c8a-4833-ac9f-f4e448cef8cd@group-4CAE68756A00->41e483d8-a8cb-4ac7-b9f7-974b51399050-AppendLogResponseHandler: Failed appendEntries: org.apache.ratis.thirdparty.io.grpc.StatusRuntimeException: UNAVAILABLE: io exception
2019-10-01 22:05:53,256 [grpc-default-executor-5] INFO  impl.FollowerInfo (FollowerInfo.java:lambda$new$0(51)) - f8c2ad6a-3c8a-4833-ac9f-f4e448cef8cd@group-4CAE68756A00->41e483d8-a8cb-4ac7-b9f7-974b51399050: nextIndex: updateUnconditionally 1 -> 0
2019-10-01 22:05:55,393 [EventQueue-StaleNodeForStaleNodeHandler] INFO  node.StaleNodeHandler (StaleNodeHandler.java:onMessage(58)) - Datanode 090b4e10-81d3-4da5-9567-4af0b3b54148{ip: 192.168.164.217, host: pr-hdds-2224-n586v-1266706246, networkLocation: /default-rack, certSerialId: null} moved to stale state. Finalizing its pipelines [PipelineID=10bf0e91-3425-4186-b88f-5007ffab3185, PipelineID=ebd4118c-b152-40bc-bf32-4cae68756a00]
2019-10-01 22:05:55,394 [EventQueue-StaleNodeForStaleNodeHandler] INFO  pipeline.SCMPipelineManager (SCMPipelineManager.java:finalizeAndDestroyPipeline(315)) - destroying pipeline:Pipeline[ Id: 10bf0e91-3425-4186-b88f-5007ffab3185, Nodes: 090b4e10-81d3-4da5-9567-4af0b3b54148{ip: 192.168.164.217, host: pr-hdds-2224-n586v-1266706246, networkLocation: /default-rack, certSerialId: null}, Type:RATIS, Factor:ONE, State:OPEN]
2019-10-01 22:05:55,394 [EventQueue-StaleNodeForStaleNodeHandler] INFO  pipeline.PipelineStateManager (PipelineStateManager.java:finalizePipeline(123)) - Pipeline Pipeline[ Id: 10bf0e91-3425-4186-b88f-5007ffab3185, Nodes: 090b4e10-81d3-4da5-9567-4af0b3b54148{ip: 192.168.164.217, host: pr-hdds-2224-n586v-1266706246, networkLocation: /default-rack, certSerialId: null}, Type:RATIS, Factor:ONE, State:CLOSED] moved to CLOSED state
2019-10-01 22:05:55,394 [EventQueue-StaleNodeForStaleNodeHandler] INFO  pipeline.SCMPipelineManager (SCMPipelineManager.java:finalizeAndDestroyPipeline(315)) - destroying pipeline:Pipeline[ Id: ebd4118c-b152-40bc-bf32-4cae68756a00, Nodes: 41e483d8-a8cb-4ac7-b9f7-974b51399050{ip: 192.168.164.217, host: pr-hdds-2224-n586v-1266706246, networkLocation: /default-rack, certSerialId: null}090b4e10-81d3-4da5-9567-4af0b3b54148{ip: 192.168.164.217, host: pr-hdds-2224-n586v-1266706246, networkLocation: /default-rack, certSerialId: null}f8c2ad6a-3c8a-4833-ac9f-f4e448cef8cd{ip: 192.168.164.217, host: pr-hdds-2224-n586v-1266706246, networkLocation: /default-rack, certSerialId: null}, Type:RATIS, Factor:THREE, State:CLOSED]
2019-10-01 22:05:55,750 [grpc-default-executor-7] WARN  server.GrpcLogAppender (LogUtils.java:warn(134)) - f8c2ad6a-3c8a-4833-ac9f-f4e448cef8cd@group-4CAE68756A00->41e483d8-a8cb-4ac7-b9f7-974b51399050-AppendLogResponseHandler: Failed appendEntries: org.apache.ratis.thirdparty.io.grpc.StatusRuntimeException: UNAVAILABLE: io exception
2019-10-01 22:05:55,750 [grpc-default-executor-7] INFO  impl.FollowerInfo (FollowerInfo.java:lambda$new$0(51)) - f8c2ad6a-3c8a-4833-ac9f-f4e448cef8cd@group-4CAE68756A00->41e483d8-a8cb-4ac7-b9f7-974b51399050: nextIndex: updateUnconditionally 0 -> 0
2019-10-01 22:05:56,093 [EventQueue-StaleNodeForStaleNodeHandler] INFO  node.StaleNodeHandler (StaleNodeHandler.java:onMessage(58)) - Datanode f86b8727-f280-41d6-bb2a-18dbe766a50d{ip: 192.168.164.217, host: pr-hdds-2224-n586v-1266706246, networkLocation: /default-rack, certSerialId: null} moved to stale state. Finalizing its pipelines [PipelineID=840591c2-30c6-4a68-9e96-64b52dd934a7, PipelineID=9f4cce66-bbc7-4019-87da-3f25343f6103]
2019-10-01 22:05:56,097 [EventQueue-StaleNodeForStaleNodeHandler] INFO  pipeline.SCMPipelineManager (SCMPipelineManager.java:finalizeAndDestroyPipeline(315)) - destroying pipeline:Pipeline[ Id: 840591c2-30c6-4a68-9e96-64b52dd934a7, Nodes: f86b8727-f280-41d6-bb2a-18dbe766a50d{ip: 192.168.164.217, host: pr-hdds-2224-n586v-1266706246, networkLocation: /default-rack, certSerialId: null}, Type:RATIS, Factor:ONE, State:OPEN]
2019-10-01 22:05:56,097 [EventQueue-StaleNodeForStaleNodeHandler] INFO  pipeline.PipelineStateManager (PipelineStateManager.java:finalizePipeline(123)) - Pipeline Pipeline[ Id: 840591c2-30c6-4a68-9e96-64b52dd934a7, Nodes: f86b8727-f280-41d6-bb2a-18dbe766a50d{ip: 192.168.164.217, host: pr-hdds-2224-n586v-1266706246, networkLocation: /default-rack, certSerialId: null}, Type:RATIS, Factor:ONE, State:CLOSED] moved to CLOSED state
2019-10-01 22:05:56,097 [EventQueue-StaleNodeForStaleNodeHandler] INFO  pipeline.SCMPipelineManager (SCMPipelineManager.java:finalizeAndDestroyPipeline(315)) - destroying pipeline:Pipeline[ Id: 9f4cce66-bbc7-4019-87da-3f25343f6103, Nodes: f86b8727-f280-41d6-bb2a-18dbe766a50d{ip: 192.168.164.217, host: pr-hdds-2224-n586v-1266706246, networkLocation: /default-rack, certSerialId: null}29b824a3-b223-4685-abc2-ff5392280330{ip: 192.168.164.217, host: pr-hdds-2224-n586v-1266706246, networkLocation: /default-rack, certSerialId: null}4323034a-2af4-43ac-bab1-2196d57280d1{ip: 192.168.164.217, host: pr-hdds-2224-n586v-1266706246, networkLocation: /default-rack, certSerialId: null}, Type:RATIS, Factor:THREE, State:OPEN]
2019-10-01 22:05:56,097 [EventQueue-StaleNodeForStaleNodeHandler] INFO  pipeline.PipelineStateManager (PipelineStateManager.java:finalizePipeline(123)) - Pipeline Pipeline[ Id: 9f4cce66-bbc7-4019-87da-3f25343f6103, Nodes: f86b8727-f280-41d6-bb2a-18dbe766a50d{ip: 192.168.164.217, host: pr-hdds-2224-n586v-1266706246, networkLocation: /default-rack, certSerialId: null}29b824a3-b223-4685-abc2-ff5392280330{ip: 192.168.164.217, host: pr-hdds-2224-n586v-1266706246, networkLocation: /default-rack, certSerialId: null}4323034a-2af4-43ac-bab1-2196d57280d1{ip: 192.168.164.217, host: pr-hdds-2224-n586v-1266706246, networkLocation: /default-rack, certSerialId: null}, Type:RATIS, Factor:THREE, State:CLOSED] moved to CLOSED state
2019-10-01 22:05:56,098 [EventQueue-CloseContainerForCloseContainerEventHandler] INFO  container.CloseContainerEventHandler (CloseContainerEventHandler.java:onMessage(61)) - Close container Event triggered for container : #2
2019-10-01 22:05:56,252 [main] INFO  ozoneimpl.OzoneContainer (OzoneContainer.java:stop(231)) - Attempting to stop container services.
2019-10-01 22:05:56,256 [ForkJoinPool.commonPool-worker-1] INFO  ozoneimpl.OzoneContainer (OzoneContainer.java:stop(231)) - Attempting to stop container services.
2019-10-01 22:05:56,256 [main] INFO  impl.RaftServerProxy (RaftServerProxy.java:lambda$close$4(314)) - 090b4e10-81d3-4da5-9567-4af0b3b54148: close
2019-10-01 22:05:56,256 [ForkJoinPool.commonPool-worker-1] INFO  impl.RaftServerProxy (RaftServerProxy.java:lambda$close$4(314)) - f86b8727-f280-41d6-bb2a-18dbe766a50d: close
2019-10-01 22:05:56,256 [main] INFO  impl.RaftServerImpl (RaftServerImpl.java:lambda$shutdown$3(247)) - 090b4e10-81d3-4da5-9567-4af0b3b54148@group-5007FFAB3185: shutdown
2019-10-01 22:05:56,256 [ForkJoinPool.commonPool-worker-1] INFO  impl.RaftServerImpl (RaftServerImpl.java:lambda$shutdown$3(247)) - f86b8727-f280-41d6-bb2a-18dbe766a50d@group-64B52DD934A7: shutdown
2019-10-01 22:05:56,257 [main] INFO  util.JmxRegister (JmxRegister.java:unregister(73)) - Successfully un-registered JMX Bean with object name Ratis:service=RaftServer,group=group-5007FFAB3185,id=090b4e10-81d3-4da5-9567-4af0b3b54148
2019-10-01 22:05:56,257 [ForkJoinPool.commonPool-worker-1] INFO  util.JmxRegister (JmxRegister.java:unregister(73)) - Successfully un-registered JMX Bean with object name Ratis:service=RaftServer,group=group-64B52DD934A7,id=f86b8727-f280-41d6-bb2a-18dbe766a50d
2019-10-01 22:05:56,257 [main] INFO  impl.RoleInfo (RoleInfo.java:shutdownLeaderState(104)) - 090b4e10-81d3-4da5-9567-4af0b3b54148: shutdown LeaderState
2019-10-01 22:05:56,257 [ForkJoinPool.commonPool-worker-1] INFO  impl.RoleInfo (RoleInfo.java:shutdownLeaderState(104)) - f86b8727-f280-41d6-bb2a-18dbe766a50d: shutdown LeaderState
2019-10-01 22:05:56,258 [main] INFO  impl.PendingRequests (PendingRequests.java:sendNotLeaderResponses(202)) - 090b4e10-81d3-4da5-9567-4af0b3b54148@group-5007FFAB3185-PendingRequests: sendNotLeaderResponses
2019-10-01 22:05:56,258 [ForkJoinPool.commonPool-worker-1] INFO  impl.PendingRequests (PendingRequests.java:sendNotLeaderResponses(202)) - f86b8727-f280-41d6-bb2a-18dbe766a50d@group-64B52DD934A7-PendingRequests: sendNotLeaderResponses
2019-10-01 22:05:56,258 [main] INFO  impl.StateMachineUpdater (StateMachineUpdater.java:stopAndJoin(136)) - 090b4e10-81d3-4da5-9567-4af0b3b54148@group-5007FFAB3185-StateMachineUpdater: set stopIndex = 0
2019-10-01 22:05:56,258 [ForkJoinPool.commonPool-worker-1] INFO  impl.StateMachineUpdater (StateMachineUpdater.java:stopAndJoin(136)) - f86b8727-f280-41d6-bb2a-18dbe766a50d@group-64B52DD934A7-StateMachineUpdater: set stopIndex = 0
2019-10-01 22:05:56,259 [main] INFO  impl.RaftServerImpl (ServerState.java:close(387)) - 090b4e10-81d3-4da5-9567-4af0b3b54148@group-5007FFAB3185: closes. applyIndex: 0
2019-10-01 22:05:56,259 [ForkJoinPool.commonPool-worker-1] INFO  impl.RaftServerImpl (ServerState.java:close(387)) - f86b8727-f280-41d6-bb2a-18dbe766a50d@group-64B52DD934A7: closes. applyIndex: 0
2019-10-01 22:05:56,260 [090b4e10-81d3-4da5-9567-4af0b3b54148@group-5007FFAB3185-SegmentedRaftLogWorker] INFO  segmented.SegmentedRaftLogWorker (SegmentedRaftLogWorker.java:run(316)) - 090b4e10-81d3-4da5-9567-4af0b3b54148@group-5007FFAB3185-SegmentedRaftLogWorker was interrupted, exiting. There are 0 tasks remaining in the queue.
2019-10-01 22:05:56,260 [f86b8727-f280-41d6-bb2a-18dbe766a50d@group-64B52DD934A7-SegmentedRaftLogWorker] INFO  segmented.SegmentedRaftLogWorker (SegmentedRaftLogWorker.java:run(316)) - f86b8727-f280-41d6-bb2a-18dbe766a50d@group-64B52DD934A7-SegmentedRaftLogWorker was interrupted, exiting. There are 0 tasks remaining in the queue.
2019-10-01 22:05:56,262 [main] INFO  segmented.SegmentedRaftLogWorker (SegmentedRaftLogWorker.java:close(224)) - 090b4e10-81d3-4da5-9567-4af0b3b54148@group-5007FFAB3185-SegmentedRaftLogWorker close()
2019-10-01 22:05:56,269 [main] INFO  impl.RaftServerImpl (RaftServerImpl.java:lambda$shutdown$3(247)) - 090b4e10-81d3-4da5-9567-4af0b3b54148@group-4CAE68756A00: shutdown
2019-10-01 22:05:56,269 [main] INFO  util.JmxRegister (JmxRegister.java:unregister(73)) - Successfully un-registered JMX Bean with object name Ratis:service=RaftServer,group=group-4CAE68756A00,id=090b4e10-81d3-4da5-9567-4af0b3b54148
2019-10-01 22:05:56,269 [main] INFO  impl.RoleInfo (RoleInfo.java:shutdownFollowerState(121)) - 090b4e10-81d3-4da5-9567-4af0b3b54148: shutdown FollowerState
2019-10-01 22:05:56,270 [main] INFO  impl.StateMachineUpdater (StateMachineUpdater.java:stopAndJoin(136)) - 090b4e10-81d3-4da5-9567-4af0b3b54148@group-4CAE68756A00-StateMachineUpdater: set stopIndex = 18
2019-10-01 22:05:56,270 [090b4e10-81d3-4da5-9567-4af0b3b54148@group-4CAE68756A00-StateMachineUpdater] INFO  ratis.ContainerStateMachine (ContainerStateMachine.java:takeSnapshot(289)) - group-4CAE68756A00: Taking a snapshot at:(t:1, i:14) file /workdir/hadoop-ozone/integration-test/target/test-dir/MiniOzoneClusterImpl-e9a871d3-a5f2-4b32-9938-d4d926f9f817/datanode-4/data/ratis/ebd4118c-b152-40bc-bf32-4cae68756a00/sm/snapshot.1_14
2019-10-01 22:05:56,270 [Thread-3218] INFO  impl.FollowerState (FollowerState.java:run(117)) - 090b4e10-81d3-4da5-9567-4af0b3b54148@group-4CAE68756A00-FollowerState was interrupted: java.lang.InterruptedException: sleep interrupted
2019-10-01 22:05:56,274 [ForkJoinPool.commonPool-worker-1] INFO  segmented.SegmentedRaftLogWorker (SegmentedRaftLogWorker.java:close(224)) - f86b8727-f280-41d6-bb2a-18dbe766a50d@group-64B52DD934A7-SegmentedRaftLogWorker close()
2019-10-01 22:05:56,277 [090b4e10-81d3-4da5-9567-4af0b3b54148@group-4CAE68756A00-StateMachineUpdater] INFO  ratis.ContainerStateMachine (ContainerStateMachine.java:takeSnapshot(300)) - group-4CAE68756A00: Finished taking a snapshot at:(t:1, i:14) file:/workdir/hadoop-ozone/integration-test/target/test-dir/MiniOzoneClusterImpl-e9a871d3-a5f2-4b32-9938-d4d926f9f817/datanode-4/data/ratis/ebd4118c-b152-40bc-bf32-4cae68756a00/sm/snapshot.1_14 time:7
2019-10-01 22:05:56,279 [ForkJoinPool.commonPool-worker-1] INFO  impl.RaftServerImpl (RaftServerImpl.java:lambda$shutdown$3(247)) - f86b8727-f280-41d6-bb2a-18dbe766a50d@group-3F25343F6103: shutdown
2019-10-01 22:05:56,279 [ForkJoinPool.commonPool-worker-1] INFO  util.JmxRegister (JmxRegister.java:unregister(73)) - Successfully un-registered JMX Bean with object name Ratis:service=RaftServer,group=group-3F25343F6103,id=f86b8727-f280-41d6-bb2a-18dbe766a50d
2019-10-01 22:05:56,279 [090b4e10-81d3-4da5-9567-4af0b3b54148@group-4CAE68756A00-StateMachineUpdater] INFO  impl.StateMachineUpdater (StateMachineUpdater.java:takeSnapshot(269)) - 090b4e10-81d3-4da5-9567-4af0b3b54148@group-4CAE68756A00-StateMachineUpdater: Took a snapshot at index 14
2019-10-01 22:05:56,280 [ForkJoinPool.commonPool-worker-1] INFO  impl.RoleInfo (RoleInfo.java:shutdownFollowerState(121)) - f86b8727-f280-41d6-bb2a-18dbe766a50d: shutdown FollowerState
2019-10-01 22:05:56,280 [090b4e10-81d3-4da5-9567-4af0b3b54148@group-4CAE68756A00-StateMachineUpdater] INFO  impl.StateMachineUpdater (StateMachineUpdater.java:lambda$new$0(84)) - 090b4e10-81d3-4da5-9567-4af0b3b54148@group-4CAE68756A00-StateMachineUpdater: snapshotIndex: updateIncreasingly -1 -> 14
2019-10-01 22:05:56,280 [ForkJoinPool.commonPool-worker-1] INFO  impl.StateMachineUpdater (StateMachineUpdater.java:stopAndJoin(136)) - f86b8727-f280-41d6-bb2a-18dbe766a50d@group-3F25343F6103-StateMachineUpdater: set stopIndex = 15
2019-10-01 22:05:56,280 [f86b8727-f280-41d6-bb2a-18dbe766a50d@group-3F25343F6103-StateMachineUpdater] INFO  ratis.ContainerStateMachine (ContainerStateMachine.java:takeSnapshot(289)) - group-3F25343F6103: Taking a snapshot at:(t:1, i:13) file /workdir/hadoop-ozone/integration-test/target/test-dir/MiniOzoneClusterImpl-e9a871d3-a5f2-4b32-9938-d4d926f9f817/datanode-1/data/ratis/9f4cce66-bbc7-4019-87da-3f25343f6103/sm/snapshot.1_13
2019-10-01 22:05:56,280 [Thread-3087] INFO  impl.FollowerState (FollowerState.java:run(117)) - f86b8727-f280-41d6-bb2a-18dbe766a50d@group-3F25343F6103-FollowerState was interrupted: java.lang.InterruptedException: sleep interrupted
2019-10-01 22:05:56,280 [090b4e10-81d3-4da5-9567-4af0b3b54148@group-4CAE68756A00-StateMachineUpdater] INFO  ratis.ContainerStateMachine (ContainerStateMachine.java:takeSnapshot(289)) - group-4CAE68756A00: Taking a snapshot at:(t:1, i:14) file /workdir/hadoop-ozone/integration-test/target/test-dir/MiniOzoneClusterImpl-e9a871d3-a5f2-4b32-9938-d4d926f9f817/datanode-4/data/ratis/ebd4118c-b152-40bc-bf32-4cae68756a00/sm/snapshot.1_14
2019-10-01 22:05:56,294 [f86b8727-f280-41d6-bb2a-18dbe766a50d@group-3F25343F6103-StateMachineUpdater] INFO  ratis.ContainerStateMachine (ContainerStateMachine.java:takeSnapshot(300)) - group-3F25343F6103: Finished taking a snapshot at:(t:1, i:13) file:/workdir/hadoop-ozone/integration-test/target/test-dir/MiniOzoneClusterImpl-e9a871d3-a5f2-4b32-9938-d4d926f9f817/datanode-1/data/ratis/9f4cce66-bbc7-4019-87da-3f25343f6103/sm/snapshot.1_13 time:14
2019-10-01 22:05:56,294 [090b4e10-81d3-4da5-9567-4af0b3b54148@group-4CAE68756A00-StateMachineUpdater] INFO  ratis.ContainerStateMachine (ContainerStateMachine.java:takeSnapshot(300)) - group-4CAE68756A00: Finished taking a snapshot at:(t:1, i:14) file:/workdir/hadoop-ozone/integration-test/target/test-dir/MiniOzoneClusterImpl-e9a871d3-a5f2-4b32-9938-d4d926f9f817/datanode-4/data/ratis/ebd4118c-b152-40bc-bf32-4cae68756a00/sm/snapshot.1_14 time:13
2019-10-01 22:05:56,294 [f86b8727-f280-41d6-bb2a-18dbe766a50d@group-3F25343F6103-StateMachineUpdater] INFO  impl.StateMachineUpdater (StateMachineUpdater.java:takeSnapshot(269)) - f86b8727-f280-41d6-bb2a-18dbe766a50d@group-3F25343F6103-StateMachineUpdater: Took a snapshot at index 13
2019-10-01 22:05:56,294 [090b4e10-81d3-4da5-9567-4af0b3b54148@group-4CAE68756A00-StateMachineUpdater] INFO  impl.StateMachineUpdater (StateMachineUpdater.java:takeSnapshot(269)) - 090b4e10-81d3-4da5-9567-4af0b3b54148@group-4CAE68756A00-StateMachineUpdater: Took a snapshot at index 14
2019-10-01 22:05:56,294 [f86b8727-f280-41d6-bb2a-18dbe766a50d@group-3F25343F6103-StateMachineUpdater] INFO  impl.StateMachineUpdater (StateMachineUpdater.java:lambda$new$0(84)) - f86b8727-f280-41d6-bb2a-18dbe766a50d@group-3F25343F6103-StateMachineUpdater: snapshotIndex: updateIncreasingly -1 -> 13
2019-10-01 22:05:56,294 [090b4e10-81d3-4da5-9567-4af0b3b54148@group-4CAE68756A00-StateMachineUpdater] INFO  impl.StateMachineUpdater (StateMachineUpdater.java:lambda$new$0(84)) - 090b4e10-81d3-4da5-9567-4af0b3b54148@group-4CAE68756A00-StateMachineUpdater: snapshotIndex: updateIncreasingly 14 -> 14
2019-10-01 22:05:56,294 [f86b8727-f280-41d6-bb2a-18dbe766a50d@group-3F25343F6103-StateMachineUpdater] INFO  ratis.ContainerStateMachine (ContainerStateMachine.java:takeSnapshot(289)) - group-3F25343F6103: Taking a snapshot at:(t:1, i:13) file /workdir/hadoop-ozone/integration-test/target/test-dir/MiniOzoneClusterImpl-e9a871d3-a5f2-4b32-9938-d4d926f9f817/datanode-1/data/ratis/9f4cce66-bbc7-4019-87da-3f25343f6103/sm/snapshot.1_13
2019-10-01 22:05:56,294 [main] INFO  impl.RaftServerImpl (ServerState.java:close(387)) - 090b4e10-81d3-4da5-9567-4af0b3b54148@group-4CAE68756A00: closes. applyIndex: 18
2019-10-01 22:05:56,295 [090b4e10-81d3-4da5-9567-4af0b3b54148@group-4CAE68756A00-SegmentedRaftLogWorker] INFO  segmented.SegmentedRaftLogWorker (SegmentedRaftLogWorker.java:run(316)) - 090b4e10-81d3-4da5-9567-4af0b3b54148@group-4CAE68756A00-SegmentedRaftLogWorker was interrupted, exiting. There are 0 tasks remaining in the queue.
2019-10-01 22:05:56,297 [main] INFO  segmented.SegmentedRaftLogWorker (SegmentedRaftLogWorker.java:close(224)) - 090b4e10-81d3-4da5-9567-4af0b3b54148@group-4CAE68756A00-SegmentedRaftLogWorker close()
2019-10-01 22:05:56,302 [main] INFO  server.GrpcService (GrpcService.java:closeImpl(164)) - 090b4e10-81d3-4da5-9567-4af0b3b54148: shutdown server with port 44759 now
2019-10-01 22:05:56,303 [grpc-default-executor-7] WARN  server.GrpcServerProtocolService (LogUtils.java:warn(134)) - 090b4e10-81d3-4da5-9567-4af0b3b54148: installSnapshot onError, lastRequest: f8c2ad6a-3c8a-4833-ac9f-f4e448cef8cd->090b4e10-81d3-4da5-9567-4af0b3b54148#4-t2, previous=(t:2, i:18), leaderCommit=18, initializing? false, entries: <empty>: org.apache.ratis.thirdparty.io.grpc.StatusRuntimeException: CANCELLED: cancelled before receiving half close
2019-10-01 22:05:56,303 [main] INFO  server.GrpcService (GrpcService.java:closeImpl(172)) - 090b4e10-81d3-4da5-9567-4af0b3b54148: shutdown server with port 44759 successfully
2019-10-01 22:05:56,303 [grpc-default-executor-9] WARN  server.GrpcLogAppender (LogUtils.java:warn(134)) - f8c2ad6a-3c8a-4833-ac9f-f4e448cef8cd@group-4CAE68756A00->090b4e10-81d3-4da5-9567-4af0b3b54148-AppendLogResponseHandler: Failed appendEntries: org.apache.ratis.thirdparty.io.grpc.StatusRuntimeException: CANCELLED: HTTP/2 error code: CANCEL
Received Rst Stream
2019-10-01 22:05:56,304 [grpc-default-executor-9] INFO  impl.FollowerInfo (FollowerInfo.java:lambda$new$0(51)) - f8c2ad6a-3c8a-4833-ac9f-f4e448cef8cd@group-4CAE68756A00->090b4e10-81d3-4da5-9567-4af0b3b54148: nextIndex: updateUnconditionally 19 -> 18
2019-10-01 22:05:56,306 [f86b8727-f280-41d6-bb2a-18dbe766a50d@group-3F25343F6103-StateMachineUpdater] INFO  ratis.ContainerStateMachine (ContainerStateMachine.java:takeSnapshot(300)) - group-3F25343F6103: Finished taking a snapshot at:(t:1, i:13) file:/workdir/hadoop-ozone/integration-test/target/test-dir/MiniOzoneClusterImpl-e9a871d3-a5f2-4b32-9938-d4d926f9f817/datanode-1/data/ratis/9f4cce66-bbc7-4019-87da-3f25343f6103/sm/snapshot.1_13 time:13
2019-10-01 22:05:56,307 [f86b8727-f280-41d6-bb2a-18dbe766a50d@group-3F25343F6103-StateMachineUpdater] INFO  impl.StateMachineUpdater (StateMachineUpdater.java:takeSnapshot(269)) - f86b8727-f280-41d6-bb2a-18dbe766a50d@group-3F25343F6103-StateMachineUpdater: Took a snapshot at index 13
2019-10-01 22:05:56,307 [f86b8727-f280-41d6-bb2a-18dbe766a50d@group-3F25343F6103-StateMachineUpdater] INFO  impl.StateMachineUpdater (StateMachineUpdater.java:lambda$new$0(84)) - f86b8727-f280-41d6-bb2a-18dbe766a50d@group-3F25343F6103-StateMachineUpdater: snapshotIndex: updateIncreasingly 13 -> 13
2019-10-01 22:05:56,307 [ForkJoinPool.commonPool-worker-1] INFO  impl.RaftServerImpl (ServerState.java:close(387)) - f86b8727-f280-41d6-bb2a-18dbe766a50d@group-3F25343F6103: closes. applyIndex: 15
2019-10-01 22:05:56,308 [f86b8727-f280-41d6-bb2a-18dbe766a50d@group-3F25343F6103-SegmentedRaftLogWorker] INFO  segmented.SegmentedRaftLogWorker (SegmentedRaftLogWorker.java:run(316)) - f86b8727-f280-41d6-bb2a-18dbe766a50d@group-3F25343F6103-SegmentedRaftLogWorker was interrupted, exiting. There are 0 tasks remaining in the queue.
2019-10-01 22:05:56,310 [ForkJoinPool.commonPool-worker-1] INFO  segmented.SegmentedRaftLogWorker (SegmentedRaftLogWorker.java:close(224)) - f86b8727-f280-41d6-bb2a-18dbe766a50d@group-3F25343F6103-SegmentedRaftLogWorker close()
2019-10-01 22:05:56,313 [refreshUsed-/workdir/hadoop-ozone/integration-test/target/test-dir/MiniOzoneClusterImpl-e9a871d3-a5f2-4b32-9938-d4d926f9f817/datanode-4/data/containers] WARN  fs.CachingGetSpaceUsed (CachingGetSpaceUsed.java:run(183)) - Thread Interrupted waiting to refresh disk information: sleep interrupted
2019-10-01 22:05:56,314 [ForkJoinPool.commonPool-worker-1] INFO  server.GrpcService (GrpcService.java:closeImpl(164)) - f86b8727-f280-41d6-bb2a-18dbe766a50d: shutdown server with port 34787 now
2019-10-01 22:05:56,315 [grpc-default-executor-9] WARN  server.GrpcServerProtocolService (LogUtils.java:warn(134)) - f86b8727-f280-41d6-bb2a-18dbe766a50d: installSnapshot onError, lastRequest: 29b824a3-b223-4685-abc2-ff5392280330->f86b8727-f280-41d6-bb2a-18dbe766a50d#24-t1, previous=(t:1, i:15), leaderCommit=15, initializing? false, entries: <empty>: org.apache.ratis.thirdparty.io.grpc.StatusRuntimeException: CANCELLED: cancelled before receiving half close
2019-10-01 22:05:56,315 [grpc-default-executor-7] WARN  server.GrpcLogAppender (LogUtils.java:warn(134)) - 29b824a3-b223-4685-abc2-ff5392280330@group-3F25343F6103->f86b8727-f280-41d6-bb2a-18dbe766a50d-AppendLogResponseHandler: Failed appendEntries: org.apache.ratis.thirdparty.io.grpc.StatusRuntimeException: CANCELLED: HTTP/2 error code: CANCEL
Received Rst Stream
2019-10-01 22:05:56,315 [ForkJoinPool.commonPool-worker-1] INFO  server.GrpcService (GrpcService.java:closeImpl(172)) - f86b8727-f280-41d6-bb2a-18dbe766a50d: shutdown server with port 34787 successfully
2019-10-01 22:05:56,315 [grpc-default-executor-7] INFO  impl.FollowerInfo (FollowerInfo.java:lambda$new$0(51)) - 29b824a3-b223-4685-abc2-ff5392280330@group-3F25343F6103->f86b8727-f280-41d6-bb2a-18dbe766a50d: nextIndex: updateUnconditionally 16 -> 15
2019-10-01 22:05:56,317 [refreshUsed-/workdir/hadoop-ozone/integration-test/target/test-dir/MiniOzoneClusterImpl-e9a871d3-a5f2-4b32-9938-d4d926f9f817/datanode-1/data/containers] WARN  fs.CachingGetSpaceUsed (CachingGetSpaceUsed.java:run(183)) - Thread Interrupted waiting to refresh disk information: sleep interrupted
2019-10-01 22:05:56,328 [main] INFO  utils.BackgroundService (BackgroundService.java:shutdown(148)) - Shutting down service BlockDeletingService
2019-10-01 22:05:56,333 [main] INFO  statemachine.DatanodeStateMachine (DatanodeStateMachine.java:stopDaemon(395)) - Ozone container server stopped.
2019-10-01 22:05:56,334 [ForkJoinPool.commonPool-worker-1] INFO  utils.BackgroundService (BackgroundService.java:shutdown(148)) - Shutting down service BlockDeletingService
2019-10-01 22:05:56,338 [ForkJoinPool.commonPool-worker-1] INFO  statemachine.DatanodeStateMachine (DatanodeStateMachine.java:stopDaemon(395)) - Ozone container server stopped.
2019-10-01 22:05:56,347 [ForkJoinPool.commonPool-worker-1] INFO  handler.ContextHandler (ContextHandler.java:doStop(910)) - Stopped o.e.j.w.WebAppContext@17ec335a{/,null,UNAVAILABLE}{/hddsDatanode}
2019-10-01 22:05:56,347 [main] INFO  handler.ContextHandler (ContextHandler.java:doStop(910)) - Stopped o.e.j.w.WebAppContext@7761e342{/,null,UNAVAILABLE}{/hddsDatanode}
2019-10-01 22:05:56,348 [ForkJoinPool.commonPool-worker-1] INFO  server.AbstractConnector (AbstractConnector.java:doStop(318)) - Stopped ServerConnector@284990de{HTTP/1.1,[http/1.1]}{0.0.0.0:0}
2019-10-01 22:05:56,349 [main] INFO  server.AbstractConnector (AbstractConnector.java:doStop(318)) - Stopped ServerConnector@51f68849{HTTP/1.1,[http/1.1]}{0.0.0.0:0}
2019-10-01 22:05:56,349 [ForkJoinPool.commonPool-worker-1] INFO  handler.ContextHandler (ContextHandler.java:doStop(910)) - Stopped o.e.j.s.ServletContextHandler@1291aab5{/static,jar:file:/home/user/.m2/repository/org/apache/hadoop/hadoop-hdds-container-service/0.5.0-SNAPSHOT/hadoop-hdds-container-service-0.5.0-SNAPSHOT.jar!/webapps/static,UNAVAILABLE}
2019-10-01 22:05:56,349 [main] INFO  handler.ContextHandler (ContextHandler.java:doStop(910)) - Stopped o.e.j.s.ServletContextHandler@37ca3ca8{/static,jar:file:/home/user/.m2/repository/org/apache/hadoop/hadoop-hdds-container-service/0.5.0-SNAPSHOT/hadoop-hdds-container-service-0.5.0-SNAPSHOT.jar!/webapps/static,UNAVAILABLE}
2019-10-01 22:05:56,351 [ForkJoinPool.commonPool-worker-1] INFO  handler.ContextHandler (ContextHandler.java:doStop(910)) - Stopped o.e.j.s.ServletContextHandler@2aea717c{/logs,file:///workdir/hadoop-ozone/integration-test/target/log,UNAVAILABLE}
2019-10-01 22:05:56,351 [main] INFO  handler.ContextHandler (ContextHandler.java:doStop(910)) - Stopped o.e.j.s.ServletContextHandler@7d50f2a8{/logs,file:///workdir/hadoop-ozone/integration-test/target/log,UNAVAILABLE}
2019-10-01 22:05:57,032 [Datanode State Machine Thread - 0] INFO  statemachine.DatanodeStateMachine (DatanodeStateMachine.java:lambda$startDaemon$0(350)) - Ozone container server started.
2019-10-01 22:05:57,032 [Datanode State Machine Thread - 0] INFO  statemachine.DatanodeStateMachine (DatanodeStateMachine.java:lambda$startDaemon$0(350)) - Ozone container server started.
2019-10-01 22:05:58,248 [grpc-default-executor-7] WARN  server.GrpcLogAppender (LogUtils.java:warn(134)) - f8c2ad6a-3c8a-4833-ac9f-f4e448cef8cd@group-4CAE68756A00->41e483d8-a8cb-4ac7-b9f7-974b51399050-AppendLogResponseHandler: Failed appendEntries: org.apache.ratis.thirdparty.io.grpc.StatusRuntimeException: UNAVAILABLE: io exception
2019-10-01 22:05:58,249 [grpc-default-executor-7] INFO  impl.FollowerInfo (FollowerInfo.java:lambda$new$0(51)) - f8c2ad6a-3c8a-4833-ac9f-f4e448cef8cd@group-4CAE68756A00->41e483d8-a8cb-4ac7-b9f7-974b51399050: nextIndex: updateUnconditionally 0 -> 0
2019-10-01 22:05:58,251 [grpc-default-executor-5] WARN  server.GrpcLogAppender (LogUtils.java:warn(134)) - f8c2ad6a-3c8a-4833-ac9f-f4e448cef8cd@group-4CAE68756A00->090b4e10-81d3-4da5-9567-4af0b3b54148-AppendLogResponseHandler: Failed appendEntries: org.apache.ratis.thirdparty.io.grpc.StatusRuntimeException: UNAVAILABLE: io exception
2019-10-01 22:05:58,251 [grpc-default-executor-5] INFO  impl.FollowerInfo (FollowerInfo.java:lambda$new$0(51)) - f8c2ad6a-3c8a-4833-ac9f-f4e448cef8cd@group-4CAE68756A00->090b4e10-81d3-4da5-9567-4af0b3b54148: nextIndex: updateUnconditionally 18 -> 17
2019-10-01 22:05:58,704 [grpc-default-executor-9] WARN  server.GrpcLogAppender (LogUtils.java:warn(134)) - 29b824a3-b223-4685-abc2-ff5392280330@group-3F25343F6103->f86b8727-f280-41d6-bb2a-18dbe766a50d-AppendLogResponseHandler: Failed appendEntries: org.apache.ratis.thirdparty.io.grpc.StatusRuntimeException: UNAVAILABLE: io exception
2019-10-01 22:05:58,704 [grpc-default-executor-9] INFO  impl.FollowerInfo (FollowerInfo.java:lambda$new$0(51)) - 29b824a3-b223-4685-abc2-ff5392280330@group-3F25343F6103->f86b8727-f280-41d6-bb2a-18dbe766a50d: nextIndex: updateUnconditionally 15 -> 14
2019-10-01 22:06:00,757 [grpc-default-executor-5] WARN  server.GrpcLogAppender (LogUtils.java:warn(134)) - f8c2ad6a-3c8a-4833-ac9f-f4e448cef8cd@group-4CAE68756A00->090b4e10-81d3-4da5-9567-4af0b3b54148-AppendLogResponseHandler: Failed appendEntries: org.apache.ratis.thirdparty.io.grpc.StatusRuntimeException: UNAVAILABLE: io exception
2019-10-01 22:06:00,757 [grpc-default-executor-9] WARN  server.GrpcLogAppender (LogUtils.java:warn(134)) - f8c2ad6a-3c8a-4833-ac9f-f4e448cef8cd@group-4CAE68756A00->41e483d8-a8cb-4ac7-b9f7-974b51399050-AppendLogResponseHandler: Failed appendEntries: org.apache.ratis.thirdparty.io.grpc.StatusRuntimeException: UNAVAILABLE: io exception
2019-10-01 22:06:00,759 [grpc-default-executor-9] INFO  impl.FollowerInfo (FollowerInfo.java:lambda$new$0(51)) - f8c2ad6a-3c8a-4833-ac9f-f4e448cef8cd@group-4CAE68756A00->41e483d8-a8cb-4ac7-b9f7-974b51399050: nextIndex: updateUnconditionally 0 -> 0
2019-10-01 22:06:00,759 [grpc-default-executor-5] INFO  impl.FollowerInfo (FollowerInfo.java:lambda$new$0(51)) - f8c2ad6a-3c8a-4833-ac9f-f4e448cef8cd@group-4CAE68756A00->090b4e10-81d3-4da5-9567-4af0b3b54148: nextIndex: updateUnconditionally 17 -> 16
2019-10-01 22:06:01,100 [EventQueue-StaleNodeForStaleNodeHandler] INFO  node.StaleNodeHandler (StaleNodeHandler.java:onMessage(58)) - Datanode 29b824a3-b223-4685-abc2-ff5392280330{ip: 192.168.164.217, host: pr-hdds-2224-n586v-1266706246, networkLocation: /default-rack, certSerialId: null} moved to stale state. Finalizing its pipelines [PipelineID=9f4cce66-bbc7-4019-87da-3f25343f6103, PipelineID=284a03dd-92e3-46ea-9f7f-4c139c1ae2a7]
2019-10-01 22:06:01,100 [EventQueue-StaleNodeForStaleNodeHandler] INFO  pipeline.SCMPipelineManager (SCMPipelineManager.java:finalizeAndDestroyPipeline(315)) - destroying pipeline:Pipeline[ Id: 9f4cce66-bbc7-4019-87da-3f25343f6103, Nodes: f86b8727-f280-41d6-bb2a-18dbe766a50d{ip: 192.168.164.217, host: pr-hdds-2224-n586v-1266706246, networkLocation: /default-rack, certSerialId: null}29b824a3-b223-4685-abc2-ff5392280330{ip: 192.168.164.217, host: pr-hdds-2224-n586v-1266706246, networkLocation: /default-rack, certSerialId: null}4323034a-2af4-43ac-bab1-2196d57280d1{ip: 192.168.164.217, host: pr-hdds-2224-n586v-1266706246, networkLocation: /default-rack, certSerialId: null}, Type:RATIS, Factor:THREE, State:CLOSED]
2019-10-01 22:06:01,100 [EventQueue-StaleNodeForStaleNodeHandler] INFO  pipeline.SCMPipelineManager (SCMPipelineManager.java:finalizeAndDestroyPipeline(315)) - destroying pipeline:Pipeline[ Id: 284a03dd-92e3-46ea-9f7f-4c139c1ae2a7, Nodes: 29b824a3-b223-4685-abc2-ff5392280330{ip: 192.168.164.217, host: pr-hdds-2224-n586v-1266706246, networkLocation: /default-rack, certSerialId: null}, Type:RATIS, Factor:ONE, State:OPEN]
2019-10-01 22:06:01,100 [EventQueue-StaleNodeForStaleNodeHandler] INFO  pipeline.PipelineStateManager (PipelineStateManager.java:finalizePipeline(123)) - Pipeline Pipeline[ Id: 284a03dd-92e3-46ea-9f7f-4c139c1ae2a7, Nodes: 29b824a3-b223-4685-abc2-ff5392280330{ip: 192.168.164.217, host: pr-hdds-2224-n586v-1266706246, networkLocation: /default-rack, certSerialId: null}, Type:RATIS, Factor:ONE, State:CLOSED] moved to CLOSED state
2019-10-01 22:06:01,101 [EventQueue-StaleNodeForStaleNodeHandler] INFO  node.StaleNodeHandler (StaleNodeHandler.java:onMessage(58)) - Datanode 4323034a-2af4-43ac-bab1-2196d57280d1{ip: 192.168.164.217, host: pr-hdds-2224-n586v-1266706246, networkLocation: /default-rack, certSerialId: null} moved to stale state. Finalizing its pipelines [PipelineID=9f4cce66-bbc7-4019-87da-3f25343f6103, PipelineID=5f95278d-dd6f-4b6c-8b68-1268d88bc3ef]
2019-10-01 22:06:01,101 [EventQueue-StaleNodeForStaleNodeHandler] INFO  pipeline.SCMPipelineManager (SCMPipelineManager.java:finalizeAndDestroyPipeline(315)) - destroying pipeline:Pipeline[ Id: 9f4cce66-bbc7-4019-87da-3f25343f6103, Nodes: f86b8727-f280-41d6-bb2a-18dbe766a50d{ip: 192.168.164.217, host: pr-hdds-2224-n586v-1266706246, networkLocation: /default-rack, certSerialId: null}29b824a3-b223-4685-abc2-ff5392280330{ip: 192.168.164.217, host: pr-hdds-2224-n586v-1266706246, networkLocation: /default-rack, certSerialId: null}4323034a-2af4-43ac-bab1-2196d57280d1{ip: 192.168.164.217, host: pr-hdds-2224-n586v-1266706246, networkLocation: /default-rack, certSerialId: null}, Type:RATIS, Factor:THREE, State:CLOSED]
2019-10-01 22:06:01,101 [EventQueue-StaleNodeForStaleNodeHandler] INFO  pipeline.SCMPipelineManager (SCMPipelineManager.java:finalizeAndDestroyPipeline(315)) - destroying pipeline:Pipeline[ Id: 5f95278d-dd6f-4b6c-8b68-1268d88bc3ef, Nodes: 4323034a-2af4-43ac-bab1-2196d57280d1{ip: 192.168.164.217, host: pr-hdds-2224-n586v-1266706246, networkLocation: /default-rack, certSerialId: null}, Type:RATIS, Factor:ONE, State:OPEN]
2019-10-01 22:06:01,101 [EventQueue-StaleNodeForStaleNodeHandler] INFO  pipeline.PipelineStateManager (PipelineStateManager.java:finalizePipeline(123)) - Pipeline Pipeline[ Id: 5f95278d-dd6f-4b6c-8b68-1268d88bc3ef, Nodes: 4323034a-2af4-43ac-bab1-2196d57280d1{ip: 192.168.164.217, host: pr-hdds-2224-n586v-1266706246, networkLocation: /default-rack, certSerialId: null}, Type:RATIS, Factor:ONE, State:CLOSED] moved to CLOSED state
2019-10-01 22:06:01,206 [grpc-default-executor-5] WARN  server.GrpcLogAppender (LogUtils.java:warn(134)) - 29b824a3-b223-4685-abc2-ff5392280330@group-3F25343F6103->f86b8727-f280-41d6-bb2a-18dbe766a50d-AppendLogResponseHandler: Failed appendEntries: org.apache.ratis.thirdparty.io.grpc.StatusRuntimeException: UNAVAILABLE: io exception
2019-10-01 22:06:01,212 [grpc-default-executor-5] INFO  impl.FollowerInfo (FollowerInfo.java:lambda$new$0(51)) - 29b824a3-b223-4685-abc2-ff5392280330@group-3F25343F6103->f86b8727-f280-41d6-bb2a-18dbe766a50d: nextIndex: updateUnconditionally 14 -> 13
2019-10-01 22:06:01,353 [ForkJoinPool.commonPool-worker-1] INFO  ozoneimpl.OzoneContainer (OzoneContainer.java:stop(231)) - Attempting to stop container services.
2019-10-01 22:06:01,353 [main] INFO  ozoneimpl.OzoneContainer (OzoneContainer.java:stop(231)) - Attempting to stop container services.
2019-10-01 22:06:01,354 [ForkJoinPool.commonPool-worker-1] INFO  impl.RaftServerProxy (RaftServerProxy.java:lambda$close$4(314)) - 29b824a3-b223-4685-abc2-ff5392280330: close
2019-10-01 22:06:01,354 [main] INFO  impl.RaftServerProxy (RaftServerProxy.java:lambda$close$4(314)) - 4323034a-2af4-43ac-bab1-2196d57280d1: close
2019-10-01 22:06:01,354 [ForkJoinPool.commonPool-worker-1] INFO  impl.RaftServerImpl (RaftServerImpl.java:lambda$shutdown$3(247)) - 29b824a3-b223-4685-abc2-ff5392280330@group-3F25343F6103: shutdown
2019-10-01 22:06:01,355 [main] INFO  impl.RaftServerImpl (RaftServerImpl.java:lambda$shutdown$3(247)) - 4323034a-2af4-43ac-bab1-2196d57280d1@group-3F25343F6103: shutdown
2019-10-01 22:06:01,355 [ForkJoinPool.commonPool-worker-1] INFO  util.JmxRegister (JmxRegister.java:unregister(73)) - Successfully un-registered JMX Bean with object name Ratis:service=RaftServer,group=group-3F25343F6103,id=29b824a3-b223-4685-abc2-ff5392280330
2019-10-01 22:06:01,355 [main] INFO  util.JmxRegister (JmxRegister.java:unregister(73)) - Successfully un-registered JMX Bean with object name Ratis:service=RaftServer,group=group-3F25343F6103,id=4323034a-2af4-43ac-bab1-2196d57280d1
2019-10-01 22:06:01,356 [ForkJoinPool.commonPool-worker-1] INFO  impl.RoleInfo (RoleInfo.java:shutdownLeaderState(104)) - 29b824a3-b223-4685-abc2-ff5392280330: shutdown LeaderState
2019-10-01 22:06:01,356 [main] INFO  impl.RoleInfo (RoleInfo.java:shutdownFollowerState(121)) - 4323034a-2af4-43ac-bab1-2196d57280d1: shutdown FollowerState
2019-10-01 22:06:01,360 [org.apache.ratis.server.impl.LogAppender$AppenderDaemon$$Lambda$525/2122047277@93178a7] WARN  server.GrpcLogAppender (GrpcLogAppender.java:mayWait(143)) - 29b824a3-b223-4685-abc2-ff5392280330@group-3F25343F6103->4323034a-2af4-43ac-bab1-2196d57280d1-GrpcLogAppender: Wait interrupted by java.lang.InterruptedException
2019-10-01 22:06:01,360 [ForkJoinPool.commonPool-worker-1] INFO  impl.PendingRequests (PendingRequests.java:sendNotLeaderResponses(202)) - 29b824a3-b223-4685-abc2-ff5392280330@group-3F25343F6103-PendingRequests: sendNotLeaderResponses
2019-10-01 22:06:01,360 [org.apache.ratis.server.impl.LogAppender$AppenderDaemon$$Lambda$525/2122047277@13c12f88] WARN  server.GrpcLogAppender (GrpcLogAppender.java:mayWait(143)) - 29b824a3-b223-4685-abc2-ff5392280330@group-3F25343F6103->f86b8727-f280-41d6-bb2a-18dbe766a50d-GrpcLogAppender: Wait interrupted by java.lang.InterruptedException
2019-10-01 22:06:01,361 [4323034a-2af4-43ac-bab1-2196d57280d1@group-3F25343F6103-StateMachineUpdater] INFO  ratis.ContainerStateMachine (ContainerStateMachine.java:takeSnapshot(289)) - group-3F25343F6103: Taking a snapshot at:(t:1, i:13) file /workdir/hadoop-ozone/integration-test/target/test-dir/MiniOzoneClusterImpl-e9a871d3-a5f2-4b32-9938-d4d926f9f817/datanode-3/data/ratis/9f4cce66-bbc7-4019-87da-3f25343f6103/sm/snapshot.1_13
2019-10-01 22:06:01,361 [main] INFO  impl.StateMachineUpdater (StateMachineUpdater.java:stopAndJoin(136)) - 4323034a-2af4-43ac-bab1-2196d57280d1@group-3F25343F6103-StateMachineUpdater: set stopIndex = 15
2019-10-01 22:06:01,361 [Thread-3088] INFO  impl.FollowerState (FollowerState.java:run(117)) - 4323034a-2af4-43ac-bab1-2196d57280d1@group-3F25343F6103-FollowerState was interrupted: java.lang.InterruptedException: sleep interrupted
2019-10-01 22:06:01,362 [29b824a3-b223-4685-abc2-ff5392280330@group-3F25343F6103-StateMachineUpdater] INFO  ratis.ContainerStateMachine (ContainerStateMachine.java:takeSnapshot(289)) - group-3F25343F6103: Taking a snapshot at:(t:1, i:13) file /workdir/hadoop-ozone/integration-test/target/test-dir/MiniOzoneClusterImpl-e9a871d3-a5f2-4b32-9938-d4d926f9f817/datanode-2/data/ratis/9f4cce66-bbc7-4019-87da-3f25343f6103/sm/snapshot.1_13
2019-10-01 22:06:01,362 [ForkJoinPool.commonPool-worker-1] INFO  impl.StateMachineUpdater (StateMachineUpdater.java:stopAndJoin(136)) - 29b824a3-b223-4685-abc2-ff5392280330@group-3F25343F6103-StateMachineUpdater: set stopIndex = 15
2019-10-01 22:06:01,361 [grpc-default-executor-9] INFO  server.GrpcServerProtocolService (GrpcServerProtocolService.java:onCompleted(113)) - 4323034a-2af4-43ac-bab1-2196d57280d1: Completed APPEND_ENTRIES, lastRequest: 29b824a3-b223-4685-abc2-ff5392280330->4323034a-2af4-43ac-bab1-2196d57280d1#26-t1, previous=(t:1, i:15), leaderCommit=15, initializing? false, entries: <empty>
2019-10-01 22:06:01,364 [grpc-default-executor-9] INFO  server.GrpcLogAppender (GrpcLogAppender.java:onCompleted(293)) - 29b824a3-b223-4685-abc2-ff5392280330@group-3F25343F6103->4323034a-2af4-43ac-bab1-2196d57280d1-AppendLogResponseHandler: follower responses appendEntries COMPLETED
2019-10-01 22:06:01,365 [grpc-default-executor-9] INFO  impl.FollowerInfo (FollowerInfo.java:lambda$new$0(51)) - 29b824a3-b223-4685-abc2-ff5392280330@group-3F25343F6103->4323034a-2af4-43ac-bab1-2196d57280d1: nextIndex: updateUnconditionally 16 -> 15
2019-10-01 22:06:01,369 [29b824a3-b223-4685-abc2-ff5392280330@group-3F25343F6103-StateMachineUpdater] INFO  ratis.ContainerStateMachine (ContainerStateMachine.java:takeSnapshot(300)) - group-3F25343F6103: Finished taking a snapshot at:(t:1, i:13) file:/workdir/hadoop-ozone/integration-test/target/test-dir/MiniOzoneClusterImpl-e9a871d3-a5f2-4b32-9938-d4d926f9f817/datanode-2/data/ratis/9f4cce66-bbc7-4019-87da-3f25343f6103/sm/snapshot.1_13 time:8
2019-10-01 22:06:01,369 [4323034a-2af4-43ac-bab1-2196d57280d1@group-3F25343F6103-StateMachineUpdater] INFO  ratis.ContainerStateMachine (ContainerStateMachine.java:takeSnapshot(300)) - group-3F25343F6103: Finished taking a snapshot at:(t:1, i:13) file:/workdir/hadoop-ozone/integration-test/target/test-dir/MiniOzoneClusterImpl-e9a871d3-a5f2-4b32-9938-d4d926f9f817/datanode-3/data/ratis/9f4cce66-bbc7-4019-87da-3f25343f6103/sm/snapshot.1_13 time:9
2019-10-01 22:06:01,370 [29b824a3-b223-4685-abc2-ff5392280330@group-3F25343F6103-StateMachineUpdater] INFO  impl.StateMachineUpdater (StateMachineUpdater.java:takeSnapshot(269)) - 29b824a3-b223-4685-abc2-ff5392280330@group-3F25343F6103-StateMachineUpdater: Took a snapshot at index 13
2019-10-01 22:06:01,370 [4323034a-2af4-43ac-bab1-2196d57280d1@group-3F25343F6103-StateMachineUpdater] INFO  impl.StateMachineUpdater (StateMachineUpdater.java:takeSnapshot(269)) - 4323034a-2af4-43ac-bab1-2196d57280d1@group-3F25343F6103-StateMachineUpdater: Took a snapshot at index 13
2019-10-01 22:06:01,370 [29b824a3-b223-4685-abc2-ff5392280330@group-3F25343F6103-StateMachineUpdater] INFO  impl.StateMachineUpdater (StateMachineUpdater.java:lambda$new$0(84)) - 29b824a3-b223-4685-abc2-ff5392280330@group-3F25343F6103-StateMachineUpdater: snapshotIndex: updateIncreasingly -1 -> 13
2019-10-01 22:06:01,370 [4323034a-2af4-43ac-bab1-2196d57280d1@group-3F25343F6103-StateMachineUpdater] INFO  impl.StateMachineUpdater (StateMachineUpdater.java:lambda$new$0(84)) - 4323034a-2af4-43ac-bab1-2196d57280d1@group-3F25343F6103-StateMachineUpdater: snapshotIndex: updateIncreasingly -1 -> 13
2019-10-01 22:06:01,370 [29b824a3-b223-4685-abc2-ff5392280330@group-3F25343F6103-StateMachineUpdater] INFO  ratis.ContainerStateMachine (ContainerStateMachine.java:takeSnapshot(289)) - group-3F25343F6103: Taking a snapshot at:(t:1, i:13) file /workdir/hadoop-ozone/integration-test/target/test-dir/MiniOzoneClusterImpl-e9a871d3-a5f2-4b32-9938-d4d926f9f817/datanode-2/data/ratis/9f4cce66-bbc7-4019-87da-3f25343f6103/sm/snapshot.1_13
2019-10-01 22:06:01,370 [4323034a-2af4-43ac-bab1-2196d57280d1@group-3F25343F6103-StateMachineUpdater] INFO  ratis.ContainerStateMachine (ContainerStateMachine.java:takeSnapshot(289)) - group-3F25343F6103: Taking a snapshot at:(t:1, i:13) file /workdir/hadoop-ozone/integration-test/target/test-dir/MiniOzoneClusterImpl-e9a871d3-a5f2-4b32-9938-d4d926f9f817/datanode-3/data/ratis/9f4cce66-bbc7-4019-87da-3f25343f6103/sm/snapshot.1_13
2019-10-01 22:06:01,383 [4323034a-2af4-43ac-bab1-2196d57280d1@group-3F25343F6103-StateMachineUpdater] INFO  ratis.ContainerStateMachine (ContainerStateMachine.java:takeSnapshot(300)) - group-3F25343F6103: Finished taking a snapshot at:(t:1, i:13) file:/workdir/hadoop-ozone/integration-test/target/test-dir/MiniOzoneClusterImpl-e9a871d3-a5f2-4b32-9938-d4d926f9f817/datanode-3/data/ratis/9f4cce66-bbc7-4019-87da-3f25343f6103/sm/snapshot.1_13 time:13
2019-10-01 22:06:01,383 [29b824a3-b223-4685-abc2-ff5392280330@group-3F25343F6103-StateMachineUpdater] INFO  ratis.ContainerStateMachine (ContainerStateMachine.java:takeSnapshot(300)) - group-3F25343F6103: Finished taking a snapshot at:(t:1, i:13) file:/workdir/hadoop-ozone/integration-test/target/test-dir/MiniOzoneClusterImpl-e9a871d3-a5f2-4b32-9938-d4d926f9f817/datanode-2/data/ratis/9f4cce66-bbc7-4019-87da-3f25343f6103/sm/snapshot.1_13 time:13
2019-10-01 22:06:01,383 [4323034a-2af4-43ac-bab1-2196d57280d1@group-3F25343F6103-StateMachineUpdater] INFO  impl.StateMachineUpdater (StateMachineUpdater.java:takeSnapshot(269)) - 4323034a-2af4-43ac-bab1-2196d57280d1@group-3F25343F6103-StateMachineUpdater: Took a snapshot at index 13
2019-10-01 22:06:01,383 [29b824a3-b223-4685-abc2-ff5392280330@group-3F25343F6103-StateMachineUpdater] INFO  impl.StateMachineUpdater (StateMachineUpdater.java:takeSnapshot(269)) - 29b824a3-b223-4685-abc2-ff5392280330@group-3F25343F6103-StateMachineUpdater: Took a snapshot at index 13
2019-10-01 22:06:01,383 [4323034a-2af4-43ac-bab1-2196d57280d1@group-3F25343F6103-StateMachineUpdater] INFO  impl.StateMachineUpdater (StateMachineUpdater.java:lambda$new$0(84)) - 4323034a-2af4-43ac-bab1-2196d57280d1@group-3F25343F6103-StateMachineUpdater: snapshotIndex: updateIncreasingly 13 -> 13
2019-10-01 22:06:01,383 [29b824a3-b223-4685-abc2-ff5392280330@group-3F25343F6103-StateMachineUpdater] INFO  impl.StateMachineUpdater (StateMachineUpdater.java:lambda$new$0(84)) - 29b824a3-b223-4685-abc2-ff5392280330@group-3F25343F6103-StateMachineUpdater: snapshotIndex: updateIncreasingly 13 -> 13
2019-10-01 22:06:01,383 [main] INFO  impl.RaftServerImpl (ServerState.java:close(387)) - 4323034a-2af4-43ac-bab1-2196d57280d1@group-3F25343F6103: closes. applyIndex: 15
2019-10-01 22:06:01,383 [ForkJoinPool.commonPool-worker-1] INFO  impl.RaftServerImpl (ServerState.java:close(387)) - 29b824a3-b223-4685-abc2-ff5392280330@group-3F25343F6103: closes. applyIndex: 15
2019-10-01 22:06:01,384 [4323034a-2af4-43ac-bab1-2196d57280d1@group-3F25343F6103-SegmentedRaftLogWorker] INFO  segmented.SegmentedRaftLogWorker (SegmentedRaftLogWorker.java:run(316)) - 4323034a-2af4-43ac-bab1-2196d57280d1@group-3F25343F6103-SegmentedRaftLogWorker was interrupted, exiting. There are 0 tasks remaining in the queue.
2019-10-01 22:06:01,384 [29b824a3-b223-4685-abc2-ff5392280330@group-3F25343F6103-SegmentedRaftLogWorker] INFO  segmented.SegmentedRaftLogWorker (SegmentedRaftLogWorker.java:run(316)) - 29b824a3-b223-4685-abc2-ff5392280330@group-3F25343F6103-SegmentedRaftLogWorker was interrupted, exiting. There are 0 tasks remaining in the queue.
2019-10-01 22:06:01,387 [ForkJoinPool.commonPool-worker-1] INFO  segmented.SegmentedRaftLogWorker (SegmentedRaftLogWorker.java:close(224)) - 29b824a3-b223-4685-abc2-ff5392280330@group-3F25343F6103-SegmentedRaftLogWorker close()
2019-10-01 22:06:01,387 [main] INFO  segmented.SegmentedRaftLogWorker (SegmentedRaftLogWorker.java:close(224)) - 4323034a-2af4-43ac-bab1-2196d57280d1@group-3F25343F6103-SegmentedRaftLogWorker close()
2019-10-01 22:06:01,391 [ForkJoinPool.commonPool-worker-1] INFO  impl.RaftServerImpl (RaftServerImpl.java:lambda$shutdown$3(247)) - 29b824a3-b223-4685-abc2-ff5392280330@group-4C139C1AE2A7: shutdown
2019-10-01 22:06:01,396 [ForkJoinPool.commonPool-worker-1] INFO  util.JmxRegister (JmxRegister.java:unregister(73)) - Successfully un-registered JMX Bean with object name Ratis:service=RaftServer,group=group-4C139C1AE2A7,id=29b824a3-b223-4685-abc2-ff5392280330
2019-10-01 22:06:01,395 [main] INFO  impl.RaftServerImpl (RaftServerImpl.java:lambda$shutdown$3(247)) - 4323034a-2af4-43ac-bab1-2196d57280d1@group-1268D88BC3EF: shutdown
2019-10-01 22:06:01,396 [ForkJoinPool.commonPool-worker-1] INFO  impl.RoleInfo (RoleInfo.java:shutdownLeaderState(104)) - 29b824a3-b223-4685-abc2-ff5392280330: shutdown LeaderState
2019-10-01 22:06:01,397 [main] INFO  util.JmxRegister (JmxRegister.java:unregister(73)) - Successfully un-registered JMX Bean with object name Ratis:service=RaftServer,group=group-1268D88BC3EF,id=4323034a-2af4-43ac-bab1-2196d57280d1
2019-10-01 22:06:01,397 [ForkJoinPool.commonPool-worker-1] INFO  impl.PendingRequests (PendingRequests.java:sendNotLeaderResponses(202)) - 29b824a3-b223-4685-abc2-ff5392280330@group-4C139C1AE2A7-PendingRequests: sendNotLeaderResponses
2019-10-01 22:06:01,397 [main] INFO  impl.RoleInfo (RoleInfo.java:shutdownLeaderState(104)) - 4323034a-2af4-43ac-bab1-2196d57280d1: shutdown LeaderState
2019-10-01 22:06:01,397 [ForkJoinPool.commonPool-worker-1] INFO  impl.StateMachineUpdater (StateMachineUpdater.java:stopAndJoin(136)) - 29b824a3-b223-4685-abc2-ff5392280330@group-4C139C1AE2A7-StateMachineUpdater: set stopIndex = 0
2019-10-01 22:06:01,398 [ForkJoinPool.commonPool-worker-1] INFO  impl.RaftServerImpl (ServerState.java:close(387)) - 29b824a3-b223-4685-abc2-ff5392280330@group-4C139C1AE2A7: closes. applyIndex: 0
2019-10-01 22:06:01,398 [main] INFO  impl.PendingRequests (PendingRequests.java:sendNotLeaderResponses(202)) - 4323034a-2af4-43ac-bab1-2196d57280d1@group-1268D88BC3EF-PendingRequests: sendNotLeaderResponses
2019-10-01 22:06:01,398 [29b824a3-b223-4685-abc2-ff5392280330@group-4C139C1AE2A7-SegmentedRaftLogWorker] INFO  segmented.SegmentedRaftLogWorker (SegmentedRaftLogWorker.java:run(316)) - 29b824a3-b223-4685-abc2-ff5392280330@group-4C139C1AE2A7-SegmentedRaftLogWorker was interrupted, exiting. There are 0 tasks remaining in the queue.
2019-10-01 22:06:01,399 [main] INFO  impl.StateMachineUpdater (StateMachineUpdater.java:stopAndJoin(136)) - 4323034a-2af4-43ac-bab1-2196d57280d1@group-1268D88BC3EF-StateMachineUpdater: set stopIndex = 0
2019-10-01 22:06:01,401 [ForkJoinPool.commonPool-worker-1] INFO  segmented.SegmentedRaftLogWorker (SegmentedRaftLogWorker.java:close(224)) - 29b824a3-b223-4685-abc2-ff5392280330@group-4C139C1AE2A7-SegmentedRaftLogWorker close()
2019-10-01 22:06:01,401 [main] INFO  impl.RaftServerImpl (ServerState.java:close(387)) - 4323034a-2af4-43ac-bab1-2196d57280d1@group-1268D88BC3EF: closes. applyIndex: 0
2019-10-01 22:06:01,404 [ForkJoinPool.commonPool-worker-1] INFO  server.GrpcService (GrpcService.java:closeImpl(164)) - 29b824a3-b223-4685-abc2-ff5392280330: shutdown server with port 36134 now
2019-10-01 22:06:01,405 [4323034a-2af4-43ac-bab1-2196d57280d1@group-1268D88BC3EF-SegmentedRaftLogWorker] INFO  segmented.SegmentedRaftLogWorker (SegmentedRaftLogWorker.java:run(316)) - 4323034a-2af4-43ac-bab1-2196d57280d1@group-1268D88BC3EF-SegmentedRaftLogWorker was interrupted, exiting. There are 0 tasks remaining in the queue.
2019-10-01 22:06:01,406 [main] INFO  segmented.SegmentedRaftLogWorker (SegmentedRaftLogWorker.java:close(224)) - 4323034a-2af4-43ac-bab1-2196d57280d1@group-1268D88BC3EF-SegmentedRaftLogWorker close()
2019-10-01 22:06:01,409 [grpc-default-executor-5] WARN  client.GrpcClientProtocolService (LogUtils.java:warn(134)) - 1-UnorderedRequestStreamObserver1: onError: org.apache.ratis.thirdparty.io.grpc.StatusRuntimeException: CANCELLED: cancelled before receiving half close
2019-10-01 22:06:01,409 [main] INFO  server.GrpcService (GrpcService.java:closeImpl(164)) - 4323034a-2af4-43ac-bab1-2196d57280d1: shutdown server with port 33339 now
2019-10-01 22:06:01,409 [ForkJoinPool.commonPool-worker-1] INFO  server.GrpcService (GrpcService.java:closeImpl(172)) - 29b824a3-b223-4685-abc2-ff5392280330: shutdown server with port 36134 successfully
2019-10-01 22:06:01,418 [main] INFO  server.GrpcService (GrpcService.java:closeImpl(172)) - 4323034a-2af4-43ac-bab1-2196d57280d1: shutdown server with port 33339 successfully
2019-10-01 22:06:01,421 [refreshUsed-/workdir/hadoop-ozone/integration-test/target/test-dir/MiniOzoneClusterImpl-e9a871d3-a5f2-4b32-9938-d4d926f9f817/datanode-2/data/containers] WARN  fs.CachingGetSpaceUsed (CachingGetSpaceUsed.java:run(183)) - Thread Interrupted waiting to refresh disk information: sleep interrupted
2019-10-01 22:06:01,427 [refreshUsed-/workdir/hadoop-ozone/integration-test/target/test-dir/MiniOzoneClusterImpl-e9a871d3-a5f2-4b32-9938-d4d926f9f817/datanode-3/data/containers] WARN  fs.CachingGetSpaceUsed (CachingGetSpaceUsed.java:run(183)) - Thread Interrupted waiting to refresh disk information: sleep interrupted
2019-10-01 22:06:01,440 [ForkJoinPool.commonPool-worker-1] INFO  utils.BackgroundService (BackgroundService.java:shutdown(148)) - Shutting down service BlockDeletingService
2019-10-01 22:06:01,444 [ForkJoinPool.commonPool-worker-1] INFO  statemachine.DatanodeStateMachine (DatanodeStateMachine.java:stopDaemon(395)) - Ozone container server stopped.
2019-10-01 22:06:01,448 [ForkJoinPool.commonPool-worker-1] INFO  handler.ContextHandler (ContextHandler.java:doStop(910)) - Stopped o.e.j.w.WebAppContext@226d5af0{/,null,UNAVAILABLE}{/hddsDatanode}
2019-10-01 22:06:01,449 [ForkJoinPool.commonPool-worker-1] INFO  server.AbstractConnector (AbstractConnector.java:doStop(318)) - Stopped ServerConnector@527937d0{HTTP/1.1,[http/1.1]}{0.0.0.0:0}
2019-10-01 22:06:01,450 [ForkJoinPool.commonPool-worker-1] INFO  handler.ContextHandler (ContextHandler.java:doStop(910)) - Stopped o.e.j.s.ServletContextHandler@7ea42c82{/static,jar:file:/home/user/.m2/repository/org/apache/hadoop/hadoop-hdds-container-service/0.5.0-SNAPSHOT/hadoop-hdds-container-service-0.5.0-SNAPSHOT.jar!/webapps/static,UNAVAILABLE}
2019-10-01 22:06:01,452 [ForkJoinPool.commonPool-worker-1] INFO  handler.ContextHandler (ContextHandler.java:doStop(910)) - Stopped o.e.j.s.ServletContextHandler@7364f68{/logs,file:///workdir/hadoop-ozone/integration-test/target/log,UNAVAILABLE}
2019-10-01 22:06:01,454 [main] INFO  utils.BackgroundService (BackgroundService.java:shutdown(148)) - Shutting down service BlockDeletingService
2019-10-01 22:06:01,457 [main] INFO  statemachine.DatanodeStateMachine (DatanodeStateMachine.java:stopDaemon(395)) - Ozone container server stopped.
2019-10-01 22:06:01,458 [main] INFO  handler.ContextHandler (ContextHandler.java:doStop(910)) - Stopped o.e.j.w.WebAppContext@289f15e9{/,null,UNAVAILABLE}{/hddsDatanode}
2019-10-01 22:06:01,459 [main] INFO  server.AbstractConnector (AbstractConnector.java:doStop(318)) - Stopped ServerConnector@7f22687e{HTTP/1.1,[http/1.1]}{0.0.0.0:0}
2019-10-01 22:06:01,459 [main] INFO  handler.ContextHandler (ContextHandler.java:doStop(910)) - Stopped o.e.j.s.ServletContextHandler@34c62fdf{/static,jar:file:/home/user/.m2/repository/org/apache/hadoop/hadoop-hdds-container-service/0.5.0-SNAPSHOT/hadoop-hdds-container-service-0.5.0-SNAPSHOT.jar!/webapps/static,UNAVAILABLE}
2019-10-01 22:06:01,459 [main] INFO  handler.ContextHandler (ContextHandler.java:doStop(910)) - Stopped o.e.j.s.ServletContextHandler@935493d{/logs,file:///workdir/hadoop-ozone/integration-test/target/log,UNAVAILABLE}
2019-10-01 22:06:01,947 [Datanode State Machine Thread - 0] INFO  statemachine.DatanodeStateMachine (DatanodeStateMachine.java:lambda$startDaemon$0(350)) - Ozone container server started.
2019-10-01 22:06:02,347 [Datanode State Machine Thread - 0] INFO  statemachine.DatanodeStateMachine (DatanodeStateMachine.java:lambda$startDaemon$0(350)) - Ozone container server started.
2019-10-01 22:06:03,255 [grpc-default-executor-5] WARN  server.GrpcLogAppender (LogUtils.java:warn(134)) - f8c2ad6a-3c8a-4833-ac9f-f4e448cef8cd@group-4CAE68756A00->090b4e10-81d3-4da5-9567-4af0b3b54148-AppendLogResponseHandler: Failed appendEntries: org.apache.ratis.thirdparty.io.grpc.StatusRuntimeException: UNAVAILABLE: io exception
2019-10-01 22:06:03,255 [grpc-default-executor-8] WARN  server.GrpcLogAppender (LogUtils.java:warn(134)) - f8c2ad6a-3c8a-4833-ac9f-f4e448cef8cd@group-4CAE68756A00->41e483d8-a8cb-4ac7-b9f7-974b51399050-AppendLogResponseHandler: Failed appendEntries: org.apache.ratis.thirdparty.io.grpc.StatusRuntimeException: UNAVAILABLE: io exception
2019-10-01 22:06:03,255 [grpc-default-executor-5] INFO  impl.FollowerInfo (FollowerInfo.java:lambda$new$0(51)) - f8c2ad6a-3c8a-4833-ac9f-f4e448cef8cd@group-4CAE68756A00->090b4e10-81d3-4da5-9567-4af0b3b54148: nextIndex: updateUnconditionally 16 -> 15
2019-10-01 22:06:03,255 [grpc-default-executor-8] INFO  impl.FollowerInfo (FollowerInfo.java:lambda$new$0(51)) - f8c2ad6a-3c8a-4833-ac9f-f4e448cef8cd@group-4CAE68756A00->41e483d8-a8cb-4ac7-b9f7-974b51399050: nextIndex: updateUnconditionally 0 -> 0
2019-10-01 22:06:05,758 [grpc-default-executor-5] WARN  server.GrpcLogAppender (LogUtils.java:warn(134)) - f8c2ad6a-3c8a-4833-ac9f-f4e448cef8cd@group-4CAE68756A00->41e483d8-a8cb-4ac7-b9f7-974b51399050-AppendLogResponseHandler: Failed appendEntries: org.apache.ratis.thirdparty.io.grpc.StatusRuntimeException: UNAVAILABLE: io exception
2019-10-01 22:06:05,758 [grpc-default-executor-8] WARN  server.GrpcLogAppender (LogUtils.java:warn(134)) - f8c2ad6a-3c8a-4833-ac9f-f4e448cef8cd@group-4CAE68756A00->090b4e10-81d3-4da5-9567-4af0b3b54148-AppendLogResponseHandler: Failed appendEntries: org.apache.ratis.thirdparty.io.grpc.StatusRuntimeException: UNAVAILABLE: io exception
2019-10-01 22:06:05,759 [grpc-default-executor-5] INFO  impl.FollowerInfo (FollowerInfo.java:lambda$new$0(51)) - f8c2ad6a-3c8a-4833-ac9f-f4e448cef8cd@group-4CAE68756A00->41e483d8-a8cb-4ac7-b9f7-974b51399050: nextIndex: updateUnconditionally 0 -> 0
2019-10-01 22:06:05,760 [grpc-default-executor-8] INFO  impl.FollowerInfo (FollowerInfo.java:lambda$new$0(51)) - f8c2ad6a-3c8a-4833-ac9f-f4e448cef8cd@group-4CAE68756A00->090b4e10-81d3-4da5-9567-4af0b3b54148: nextIndex: updateUnconditionally 15 -> 14
2019-10-01 22:06:06,007 [EventQueue-StaleNodeForStaleNodeHandler] INFO  node.StaleNodeHandler (StaleNodeHandler.java:onMessage(58)) - Datanode 4d76249b-6356-4acc-ba4b-eacf1d81f369{ip: 192.168.164.217, host: pr-hdds-2224-n586v-1266706246, networkLocation: /default-rack, certSerialId: null} moved to stale state. Finalizing its pipelines [PipelineID=d868e730-dffc-430b-9732-77dd534306c5]
2019-10-01 22:06:06,007 [EventQueue-StaleNodeForStaleNodeHandler] INFO  pipeline.SCMPipelineManager (SCMPipelineManager.java:finalizeAndDestroyPipeline(315)) - destroying pipeline:Pipeline[ Id: d868e730-dffc-430b-9732-77dd534306c5, Nodes: 4d76249b-6356-4acc-ba4b-eacf1d81f369{ip: 192.168.164.217, host: pr-hdds-2224-n586v-1266706246, networkLocation: /default-rack, certSerialId: null}, Type:RATIS, Factor:ONE, State:OPEN]
2019-10-01 22:06:06,007 [EventQueue-StaleNodeForStaleNodeHandler] INFO  pipeline.PipelineStateManager (PipelineStateManager.java:finalizePipeline(123)) - Pipeline Pipeline[ Id: d868e730-dffc-430b-9732-77dd534306c5, Nodes: 4d76249b-6356-4acc-ba4b-eacf1d81f369{ip: 192.168.164.217, host: pr-hdds-2224-n586v-1266706246, networkLocation: /default-rack, certSerialId: null}, Type:RATIS, Factor:ONE, State:CLOSED] moved to CLOSED state
2019-10-01 22:06:06,408 [EventQueue-StaleNodeForStaleNodeHandler] INFO  node.StaleNodeHandler (StaleNodeHandler.java:onMessage(58)) - Datanode f8c2ad6a-3c8a-4833-ac9f-f4e448cef8cd{ip: 192.168.164.217, host: pr-hdds-2224-n586v-1266706246, networkLocation: /default-rack, certSerialId: null} moved to stale state. Finalizing its pipelines [PipelineID=49c08460-c350-4ec0-a8ed-7467173f50cf, PipelineID=ebd4118c-b152-40bc-bf32-4cae68756a00]
2019-10-01 22:06:06,408 [EventQueue-StaleNodeForStaleNodeHandler] INFO  pipeline.SCMPipelineManager (SCMPipelineManager.java:finalizeAndDestroyPipeline(315)) - destroying pipeline:Pipeline[ Id: 49c08460-c350-4ec0-a8ed-7467173f50cf, Nodes: f8c2ad6a-3c8a-4833-ac9f-f4e448cef8cd{ip: 192.168.164.217, host: pr-hdds-2224-n586v-1266706246, networkLocation: /default-rack, certSerialId: null}, Type:RATIS, Factor:ONE, State:OPEN]
2019-10-01 22:06:06,408 [EventQueue-StaleNodeForStaleNodeHandler] INFO  pipeline.PipelineStateManager (PipelineStateManager.java:finalizePipeline(123)) - Pipeline Pipeline[ Id: 49c08460-c350-4ec0-a8ed-7467173f50cf, Nodes: f8c2ad6a-3c8a-4833-ac9f-f4e448cef8cd{ip: 192.168.164.217, host: pr-hdds-2224-n586v-1266706246, networkLocation: /default-rack, certSerialId: null}, Type:RATIS, Factor:ONE, State:CLOSED] moved to CLOSED state
2019-10-01 22:06:06,409 [EventQueue-StaleNodeForStaleNodeHandler] INFO  pipeline.SCMPipelineManager (SCMPipelineManager.java:finalizeAndDestroyPipeline(315)) - destroying pipeline:Pipeline[ Id: ebd4118c-b152-40bc-bf32-4cae68756a00, Nodes: 41e483d8-a8cb-4ac7-b9f7-974b51399050{ip: 192.168.164.217, host: pr-hdds-2224-n586v-1266706246, networkLocation: /default-rack, certSerialId: null}090b4e10-81d3-4da5-9567-4af0b3b54148{ip: 192.168.164.217, host: pr-hdds-2224-n586v-1266706246, networkLocation: /default-rack, certSerialId: null}f8c2ad6a-3c8a-4833-ac9f-f4e448cef8cd{ip: 192.168.164.217, host: pr-hdds-2224-n586v-1266706246, networkLocation: /default-rack, certSerialId: null}, Type:RATIS, Factor:THREE, State:CLOSED]
2019-10-01 22:06:06,454 [ForkJoinPool.commonPool-worker-1] INFO  ozoneimpl.OzoneContainer (OzoneContainer.java:stop(231)) - Attempting to stop container services.
2019-10-01 22:06:06,455 [ForkJoinPool.commonPool-worker-1] INFO  impl.RaftServerProxy (RaftServerProxy.java:lambda$close$4(314)) - f8c2ad6a-3c8a-4833-ac9f-f4e448cef8cd: close
2019-10-01 22:06:06,455 [ForkJoinPool.commonPool-worker-1] INFO  impl.RaftServerImpl (RaftServerImpl.java:lambda$shutdown$3(247)) - f8c2ad6a-3c8a-4833-ac9f-f4e448cef8cd@group-7467173F50CF: shutdown
2019-10-01 22:06:06,455 [ForkJoinPool.commonPool-worker-1] INFO  util.JmxRegister (JmxRegister.java:unregister(73)) - Successfully un-registered JMX Bean with object name Ratis:service=RaftServer,group=group-7467173F50CF,id=f8c2ad6a-3c8a-4833-ac9f-f4e448cef8cd
2019-10-01 22:06:06,456 [ForkJoinPool.commonPool-worker-1] INFO  impl.RoleInfo (RoleInfo.java:shutdownLeaderState(104)) - f8c2ad6a-3c8a-4833-ac9f-f4e448cef8cd: shutdown LeaderState
2019-10-01 22:06:06,456 [ForkJoinPool.commonPool-worker-1] INFO  impl.PendingRequests (PendingRequests.java:sendNotLeaderResponses(202)) - f8c2ad6a-3c8a-4833-ac9f-f4e448cef8cd@group-7467173F50CF-PendingRequests: sendNotLeaderResponses
2019-10-01 22:06:06,457 [ForkJoinPool.commonPool-worker-1] INFO  impl.StateMachineUpdater (StateMachineUpdater.java:stopAndJoin(136)) - f8c2ad6a-3c8a-4833-ac9f-f4e448cef8cd@group-7467173F50CF-StateMachineUpdater: set stopIndex = 0
2019-10-01 22:06:06,458 [ForkJoinPool.commonPool-worker-1] INFO  impl.RaftServerImpl (ServerState.java:close(387)) - f8c2ad6a-3c8a-4833-ac9f-f4e448cef8cd@group-7467173F50CF: closes. applyIndex: 0
2019-10-01 22:06:06,458 [f8c2ad6a-3c8a-4833-ac9f-f4e448cef8cd@group-7467173F50CF-SegmentedRaftLogWorker] INFO  segmented.SegmentedRaftLogWorker (SegmentedRaftLogWorker.java:run(316)) - f8c2ad6a-3c8a-4833-ac9f-f4e448cef8cd@group-7467173F50CF-SegmentedRaftLogWorker was interrupted, exiting. There are 0 tasks remaining in the queue.
2019-10-01 22:06:06,465 [main] INFO  ozoneimpl.OzoneContainer (OzoneContainer.java:stop(231)) - Attempting to stop container services.
2019-10-01 22:06:06,465 [main] INFO  impl.RaftServerProxy (RaftServerProxy.java:lambda$close$4(314)) - 4d76249b-6356-4acc-ba4b-eacf1d81f369: close
2019-10-01 22:06:06,466 [main] INFO  impl.RaftServerImpl (RaftServerImpl.java:lambda$shutdown$3(247)) - 4d76249b-6356-4acc-ba4b-eacf1d81f369@group-77DD534306C5: shutdown
2019-10-01 22:06:06,466 [main] INFO  util.JmxRegister (JmxRegister.java:unregister(73)) - Successfully un-registered JMX Bean with object name Ratis:service=RaftServer,group=group-77DD534306C5,id=4d76249b-6356-4acc-ba4b-eacf1d81f369
2019-10-01 22:06:06,466 [main] INFO  impl.RoleInfo (RoleInfo.java:shutdownLeaderState(104)) - 4d76249b-6356-4acc-ba4b-eacf1d81f369: shutdown LeaderState
2019-10-01 22:06:06,467 [main] INFO  impl.PendingRequests (PendingRequests.java:sendNotLeaderResponses(202)) - 4d76249b-6356-4acc-ba4b-eacf1d81f369@group-77DD534306C5-PendingRequests: sendNotLeaderResponses
2019-10-01 22:06:06,467 [main] INFO  impl.StateMachineUpdater (StateMachineUpdater.java:stopAndJoin(136)) - 4d76249b-6356-4acc-ba4b-eacf1d81f369@group-77DD534306C5-StateMachineUpdater: set stopIndex = 0
2019-10-01 22:06:06,468 [main] INFO  impl.RaftServerImpl (ServerState.java:close(387)) - 4d76249b-6356-4acc-ba4b-eacf1d81f369@group-77DD534306C5: closes. applyIndex: 0
2019-10-01 22:06:06,468 [4d76249b-6356-4acc-ba4b-eacf1d81f369@group-77DD534306C5-SegmentedRaftLogWorker] INFO  segmented.SegmentedRaftLogWorker (SegmentedRaftLogWorker.java:run(316)) - 4d76249b-6356-4acc-ba4b-eacf1d81f369@group-77DD534306C5-SegmentedRaftLogWorker was interrupted, exiting. There are 0 tasks remaining in the queue.
2019-10-01 22:06:06,475 [main] INFO  segmented.SegmentedRaftLogWorker (SegmentedRaftLogWorker.java:close(224)) - 4d76249b-6356-4acc-ba4b-eacf1d81f369@group-77DD534306C5-SegmentedRaftLogWorker close()
2019-10-01 22:06:06,475 [ForkJoinPool.commonPool-worker-1] INFO  segmented.SegmentedRaftLogWorker (SegmentedRaftLogWorker.java:close(224)) - f8c2ad6a-3c8a-4833-ac9f-f4e448cef8cd@group-7467173F50CF-SegmentedRaftLogWorker close()
2019-10-01 22:06:06,478 [main] INFO  server.GrpcService (GrpcService.java:closeImpl(164)) - 4d76249b-6356-4acc-ba4b-eacf1d81f369: shutdown server with port 38581 now
2019-10-01 22:06:06,486 [ForkJoinPool.commonPool-worker-1] INFO  impl.RaftServerImpl (RaftServerImpl.java:lambda$shutdown$3(247)) - f8c2ad6a-3c8a-4833-ac9f-f4e448cef8cd@group-4CAE68756A00: shutdown
2019-10-01 22:06:06,486 [ForkJoinPool.commonPool-worker-1] INFO  util.JmxRegister (JmxRegister.java:unregister(73)) - Successfully un-registered JMX Bean with object name Ratis:service=RaftServer,group=group-4CAE68756A00,id=f8c2ad6a-3c8a-4833-ac9f-f4e448cef8cd
2019-10-01 22:06:06,486 [main] INFO  server.GrpcService (GrpcService.java:closeImpl(172)) - 4d76249b-6356-4acc-ba4b-eacf1d81f369: shutdown server with port 38581 successfully
2019-10-01 22:06:06,487 [ForkJoinPool.commonPool-worker-1] INFO  impl.RoleInfo (RoleInfo.java:shutdownLeaderState(104)) - f8c2ad6a-3c8a-4833-ac9f-f4e448cef8cd: shutdown LeaderState
2019-10-01 22:06:06,492 [ForkJoinPool.commonPool-worker-1] INFO  impl.PendingRequests (PendingRequests.java:sendNotLeaderResponses(202)) - f8c2ad6a-3c8a-4833-ac9f-f4e448cef8cd@group-4CAE68756A00-PendingRequests: sendNotLeaderResponses
2019-10-01 22:06:06,492 [org.apache.ratis.server.impl.LogAppender$AppenderDaemon$$Lambda$525/2122047277@32ff9010] WARN  server.GrpcLogAppender (GrpcLogAppender.java:mayWait(143)) - f8c2ad6a-3c8a-4833-ac9f-f4e448cef8cd@group-4CAE68756A00->090b4e10-81d3-4da5-9567-4af0b3b54148-GrpcLogAppender: Wait interrupted by java.lang.InterruptedException
2019-10-01 22:06:06,493 [org.apache.ratis.server.impl.LogAppender$AppenderDaemon$$Lambda$525/2122047277@30e19499] WARN  server.GrpcLogAppender (GrpcLogAppender.java:mayWait(143)) - f8c2ad6a-3c8a-4833-ac9f-f4e448cef8cd@group-4CAE68756A00->41e483d8-a8cb-4ac7-b9f7-974b51399050-GrpcLogAppender: Wait interrupted by java.lang.InterruptedException
2019-10-01 22:06:06,498 [ForkJoinPool.commonPool-worker-1] INFO  impl.StateMachineUpdater (StateMachineUpdater.java:stopAndJoin(136)) - f8c2ad6a-3c8a-4833-ac9f-f4e448cef8cd@group-4CAE68756A00-StateMachineUpdater: set stopIndex = 18
2019-10-01 22:06:06,499 [f8c2ad6a-3c8a-4833-ac9f-f4e448cef8cd@group-4CAE68756A00-StateMachineUpdater] INFO  ratis.ContainerStateMachine (ContainerStateMachine.java:takeSnapshot(289)) - group-4CAE68756A00: Taking a snapshot at:(t:1, i:14) file /workdir/hadoop-ozone/integration-test/target/test-dir/MiniOzoneClusterImpl-e9a871d3-a5f2-4b32-9938-d4d926f9f817/datanode-0/data/ratis/ebd4118c-b152-40bc-bf32-4cae68756a00/sm/snapshot.1_14
2019-10-01 22:06:06,499 [refreshUsed-/workdir/hadoop-ozone/integration-test/target/test-dir/MiniOzoneClusterImpl-e9a871d3-a5f2-4b32-9938-d4d926f9f817/datanode-5/data/containers] WARN  fs.CachingGetSpaceUsed (CachingGetSpaceUsed.java:run(183)) - Thread Interrupted waiting to refresh disk information: sleep interrupted
2019-10-01 22:06:06,515 [main] INFO  utils.BackgroundService (BackgroundService.java:shutdown(148)) - Shutting down service BlockDeletingService
2019-10-01 22:06:06,521 [main] INFO  statemachine.DatanodeStateMachine (DatanodeStateMachine.java:stopDaemon(395)) - Ozone container server stopped.
2019-10-01 22:06:06,524 [f8c2ad6a-3c8a-4833-ac9f-f4e448cef8cd@group-4CAE68756A00-StateMachineUpdater] INFO  ratis.ContainerStateMachine (ContainerStateMachine.java:takeSnapshot(300)) - group-4CAE68756A00: Finished taking a snapshot at:(t:1, i:14) file:/workdir/hadoop-ozone/integration-test/target/test-dir/MiniOzoneClusterImpl-e9a871d3-a5f2-4b32-9938-d4d926f9f817/datanode-0/data/ratis/ebd4118c-b152-40bc-bf32-4cae68756a00/sm/snapshot.1_14 time:26
2019-10-01 22:06:06,525 [f8c2ad6a-3c8a-4833-ac9f-f4e448cef8cd@group-4CAE68756A00-StateMachineUpdater] INFO  impl.StateMachineUpdater (StateMachineUpdater.java:takeSnapshot(269)) - f8c2ad6a-3c8a-4833-ac9f-f4e448cef8cd@group-4CAE68756A00-StateMachineUpdater: Took a snapshot at index 14
2019-10-01 22:06:06,525 [f8c2ad6a-3c8a-4833-ac9f-f4e448cef8cd@group-4CAE68756A00-StateMachineUpdater] INFO  impl.StateMachineUpdater (StateMachineUpdater.java:lambda$new$0(84)) - f8c2ad6a-3c8a-4833-ac9f-f4e448cef8cd@group-4CAE68756A00-StateMachineUpdater: snapshotIndex: updateIncreasingly -1 -> 14
2019-10-01 22:06:06,525 [f8c2ad6a-3c8a-4833-ac9f-f4e448cef8cd@group-4CAE68756A00-StateMachineUpdater] INFO  ratis.ContainerStateMachine (ContainerStateMachine.java:takeSnapshot(289)) - group-4CAE68756A00: Taking a snapshot at:(t:1, i:14) file /workdir/hadoop-ozone/integration-test/target/test-dir/MiniOzoneClusterImpl-e9a871d3-a5f2-4b32-9938-d4d926f9f817/datanode-0/data/ratis/ebd4118c-b152-40bc-bf32-4cae68756a00/sm/snapshot.1_14
2019-10-01 22:06:06,534 [main] INFO  handler.ContextHandler (ContextHandler.java:doStop(910)) - Stopped o.e.j.w.WebAppContext@4245bf68{/,null,UNAVAILABLE}{/hddsDatanode}
2019-10-01 22:06:06,535 [main] INFO  server.AbstractConnector (AbstractConnector.java:doStop(318)) - Stopped ServerConnector@45bbc52f{HTTP/1.1,[http/1.1]}{0.0.0.0:0}
2019-10-01 22:06:06,535 [main] INFO  handler.ContextHandler (ContextHandler.java:doStop(910)) - Stopped o.e.j.s.ServletContextHandler@25ce435{/static,jar:file:/home/user/.m2/repository/org/apache/hadoop/hadoop-hdds-container-service/0.5.0-SNAPSHOT/hadoop-hdds-container-service-0.5.0-SNAPSHOT.jar!/webapps/static,UNAVAILABLE}
2019-10-01 22:06:06,536 [main] INFO  handler.ContextHandler (ContextHandler.java:doStop(910)) - Stopped o.e.j.s.ServletContextHandler@11eec06b{/logs,file:///workdir/hadoop-ozone/integration-test/target/log,UNAVAILABLE}
2019-10-01 22:06:06,537 [f8c2ad6a-3c8a-4833-ac9f-f4e448cef8cd@group-4CAE68756A00-StateMachineUpdater] INFO  ratis.ContainerStateMachine (ContainerStateMachine.java:takeSnapshot(300)) - group-4CAE68756A00: Finished taking a snapshot at:(t:1, i:14) file:/workdir/hadoop-ozone/integration-test/target/test-dir/MiniOzoneClusterImpl-e9a871d3-a5f2-4b32-9938-d4d926f9f817/datanode-0/data/ratis/ebd4118c-b152-40bc-bf32-4cae68756a00/sm/snapshot.1_14 time:13
2019-10-01 22:06:06,538 [f8c2ad6a-3c8a-4833-ac9f-f4e448cef8cd@group-4CAE68756A00-StateMachineUpdater] INFO  impl.StateMachineUpdater (StateMachineUpdater.java:takeSnapshot(269)) - f8c2ad6a-3c8a-4833-ac9f-f4e448cef8cd@group-4CAE68756A00-StateMachineUpdater: Took a snapshot at index 14
2019-10-01 22:06:06,538 [f8c2ad6a-3c8a-4833-ac9f-f4e448cef8cd@group-4CAE68756A00-StateMachineUpdater] INFO  impl.StateMachineUpdater (StateMachineUpdater.java:lambda$new$0(84)) - f8c2ad6a-3c8a-4833-ac9f-f4e448cef8cd@group-4CAE68756A00-StateMachineUpdater: snapshotIndex: updateIncreasingly 14 -> 14
2019-10-01 22:06:06,538 [ForkJoinPool.commonPool-worker-1] INFO  impl.RaftServerImpl (ServerState.java:close(387)) - f8c2ad6a-3c8a-4833-ac9f-f4e448cef8cd@group-4CAE68756A00: closes. applyIndex: 18
2019-10-01 22:06:06,538 [f8c2ad6a-3c8a-4833-ac9f-f4e448cef8cd@group-4CAE68756A00-SegmentedRaftLogWorker] INFO  segmented.SegmentedRaftLogWorker (SegmentedRaftLogWorker.java:run(316)) - f8c2ad6a-3c8a-4833-ac9f-f4e448cef8cd@group-4CAE68756A00-SegmentedRaftLogWorker was interrupted, exiting. There are 0 tasks remaining in the queue.
2019-10-01 22:06:06,539 [ForkJoinPool.commonPool-worker-1] INFO  segmented.SegmentedRaftLogWorker (SegmentedRaftLogWorker.java:close(224)) - f8c2ad6a-3c8a-4833-ac9f-f4e448cef8cd@group-4CAE68756A00-SegmentedRaftLogWorker close()
2019-10-01 22:06:06,540 [ForkJoinPool.commonPool-worker-1] INFO  server.GrpcService (GrpcService.java:closeImpl(164)) - f8c2ad6a-3c8a-4833-ac9f-f4e448cef8cd: shutdown server with port 38041 now
2019-10-01 22:06:06,541 [ForkJoinPool.commonPool-worker-1] INFO  server.GrpcService (GrpcService.java:closeImpl(172)) - f8c2ad6a-3c8a-4833-ac9f-f4e448cef8cd: shutdown server with port 38041 successfully
2019-10-01 22:06:06,546 [refreshUsed-/workdir/hadoop-ozone/integration-test/target/test-dir/MiniOzoneClusterImpl-e9a871d3-a5f2-4b32-9938-d4d926f9f817/datanode-0/data/containers] WARN  fs.CachingGetSpaceUsed (CachingGetSpaceUsed.java:run(183)) - Thread Interrupted waiting to refresh disk information: sleep interrupted
2019-10-01 22:06:06,558 [ForkJoinPool.commonPool-worker-1] INFO  utils.BackgroundService (BackgroundService.java:shutdown(148)) - Shutting down service BlockDeletingService
2019-10-01 22:06:06,563 [ForkJoinPool.commonPool-worker-1] INFO  statemachine.DatanodeStateMachine (DatanodeStateMachine.java:stopDaemon(395)) - Ozone container server stopped.
2019-10-01 22:06:06,567 [ForkJoinPool.commonPool-worker-1] INFO  handler.ContextHandler (ContextHandler.java:doStop(910)) - Stopped o.e.j.w.WebAppContext@7f4a1cac{/,null,UNAVAILABLE}{/hddsDatanode}
2019-10-01 22:06:06,567 [ForkJoinPool.commonPool-worker-1] INFO  server.AbstractConnector (AbstractConnector.java:doStop(318)) - Stopped ServerConnector@4a1a412e{HTTP/1.1,[http/1.1]}{0.0.0.0:0}
2019-10-01 22:06:06,568 [ForkJoinPool.commonPool-worker-1] INFO  handler.ContextHandler (ContextHandler.java:doStop(910)) - Stopped o.e.j.s.ServletContextHandler@7b6141f0{/static,jar:file:/home/user/.m2/repository/org/apache/hadoop/hadoop-hdds-container-service/0.5.0-SNAPSHOT/hadoop-hdds-container-service-0.5.0-SNAPSHOT.jar!/webapps/static,UNAVAILABLE}
2019-10-01 22:06:06,570 [ForkJoinPool.commonPool-worker-1] INFO  handler.ContextHandler (ContextHandler.java:doStop(910)) - Stopped o.e.j.s.ServletContextHandler@497ed877{/logs,file:///workdir/hadoop-ozone/integration-test/target/log,UNAVAILABLE}
2019-10-01 22:06:06,571 [main] INFO  ozone.MiniOzoneClusterImpl (MiniOzoneClusterImpl.java:stopSCM(392)) - Stopping the StorageContainerManager
2019-10-01 22:06:06,571 [main] INFO  server.StorageContainerManager (StorageContainerManager.java:stop(808)) - Stopping Replication Manager Service.
2019-10-01 22:06:06,571 [main] INFO  container.ReplicationManager (ReplicationManager.java:stop(203)) - Stopping Replication Monitor Thread.
2019-10-01 22:06:06,571 [main] INFO  server.StorageContainerManager (StorageContainerManager.java:stop(815)) - Stopping Lease Manager of the command watchers
2019-10-01 22:06:06,571 [main] INFO  server.StorageContainerManager (StorageContainerManager.java:stop(822)) - Stopping datanode service RPC server
2019-10-01 22:06:06,572 [main] INFO  server.SCMDatanodeProtocolServer (SCMDatanodeProtocolServer.java:stop(367)) - Stopping the RPC server for DataNodes
2019-10-01 22:06:06,572 [main] INFO  ipc.Server (Server.java:stop(3082)) - Stopping server on 36034
2019-10-01 22:06:06,574 [IPC Server listener on 36034] INFO  ipc.Server (Server.java:run(1185)) - Stopping IPC Server listener on 36034
2019-10-01 22:06:06,574 [IPC Server Responder] INFO  ipc.Server (Server.java:run(1319)) - Stopping IPC Server Responder
2019-10-01 22:06:06,608 [SCM Heartbeat Processing Thread - 0] WARN  node.NodeStateManager (NodeStateManager.java:scheduleNextHealthCheck(646)) - Current Thread is interrupted, shutting down HB processing thread for Node Manager.
2019-10-01 22:06:06,608 [main] INFO  server.StorageContainerManager (StorageContainerManager.java:stop(830)) - Stopping block service RPC server
2019-10-01 22:06:06,608 [main] INFO  server.SCMBlockProtocolServer (SCMBlockProtocolServer.java:stop(155)) - Stopping the RPC server for Block Protocol
2019-10-01 22:06:06,608 [main] INFO  ipc.Server (Server.java:stop(3082)) - Stopping server on 41637
2019-10-01 22:06:06,611 [main] INFO  server.StorageContainerManager (StorageContainerManager.java:stop(837)) - Stopping the StorageContainerLocationProtocol RPC server
2019-10-01 22:06:06,611 [IPC Server Responder] INFO  ipc.Server (Server.java:run(1319)) - Stopping IPC Server Responder
2019-10-01 22:06:06,611 [main] INFO  server.SCMClientProtocolServer (SCMClientProtocolServer.java:stop(158)) - Stopping the RPC server for Client Protocol
2019-10-01 22:06:06,611 [IPC Server listener on 41637] INFO  ipc.Server (Server.java:run(1185)) - Stopping IPC Server listener on 41637
2019-10-01 22:06:06,611 [main] INFO  ipc.Server (Server.java:stop(3082)) - Stopping server on 40996
2019-10-01 22:06:06,616 [IPC Server listener on 40996] INFO  ipc.Server (Server.java:run(1185)) - Stopping IPC Server listener on 40996
2019-10-01 22:06:06,616 [main] INFO  server.StorageContainerManager (StorageContainerManager.java:stop(844)) - Stopping Storage Container Manager HTTP server.
2019-10-01 22:06:06,616 [IPC Server Responder] INFO  ipc.Server (Server.java:run(1319)) - Stopping IPC Server Responder
2019-10-01 22:06:06,618 [main] INFO  handler.ContextHandler (ContextHandler.java:doStop(910)) - Stopped o.e.j.w.WebAppContext@6f50d55c{/,null,UNAVAILABLE}{/scm}
2019-10-01 22:06:06,619 [main] INFO  server.AbstractConnector (AbstractConnector.java:doStop(318)) - Stopped ServerConnector@19b5214b{HTTP/1.1,[http/1.1]}{0.0.0.0:0}
2019-10-01 22:06:06,619 [main] INFO  handler.ContextHandler (ContextHandler.java:doStop(910)) - Stopped o.e.j.s.ServletContextHandler@5a592c70{/static,file:///workdir/hadoop-ozone/integration-test/target/test-classes/webapps/static,UNAVAILABLE}
2019-10-01 22:06:06,620 [main] INFO  handler.ContextHandler (ContextHandler.java:doStop(910)) - Stopped o.e.j.s.ServletContextHandler@41aebbb4{/logs,file:///workdir/hadoop-ozone/integration-test/target/log,UNAVAILABLE}
2019-10-01 22:06:06,621 [main] INFO  server.StorageContainerManager (StorageContainerManager.java:stop(855)) - Stopping Block Manager Service.
2019-10-01 22:06:06,621 [main] INFO  utils.BackgroundService (BackgroundService.java:shutdown(148)) - Shutting down service SCMBlockDeletingService
2019-10-01 22:06:06,621 [main] INFO  utils.BackgroundService (BackgroundService.java:shutdown(148)) - Shutting down service SCMBlockDeletingService
2019-10-01 22:06:06,622 [main] INFO  server.StorageContainerManager (StorageContainerManager.java:stop(877)) - Stopping SCM Event Queue.
2019-10-01 22:06:06,627 [main] INFO  impl.MetricsSystemImpl (MetricsSystemImpl.java:stop(210)) - Stopping HddsDatanode metrics system...
2019-10-01 22:06:06,655 [main] INFO  impl.MetricsSystemImpl (MetricsSystemImpl.java:stop(216)) - HddsDatanode metrics system stopped.
]]></system-out>
    <system-err><![CDATA[Oct 01, 2019 10:05:56 PM org.apache.ratis.thirdparty.io.grpc.internal.SerializingExecutor run
SEVERE: Exception while executing runnable org.apache.ratis.thirdparty.io.grpc.internal.ServerImpl$JumpToApplicationThreadServerStreamListener$1Closed@39fe2ae6
org.apache.ratis.thirdparty.io.grpc.StatusRuntimeException: CANCELLED: call already cancelled
	at org.apache.ratis.thirdparty.io.grpc.Status.asRuntimeException(Status.java:517)
	at org.apache.ratis.thirdparty.io.grpc.stub.ServerCalls$ServerCallStreamObserverImpl.onCompleted(ServerCalls.java:356)
	at org.apache.ratis.grpc.server.GrpcServerProtocolService$ServerRequestStreamObserver.onError(GrpcServerProtocolService.java:121)
	at org.apache.ratis.thirdparty.io.grpc.stub.ServerCalls$StreamingServerCallHandler$StreamingServerCallListener.onCancel(ServerCalls.java:269)
	at org.apache.ratis.thirdparty.io.grpc.internal.ServerCallImpl$ServerStreamListenerImpl.closed(ServerCallImpl.java:293)
	at org.apache.ratis.thirdparty.io.grpc.internal.ServerImpl$JumpToApplicationThreadServerStreamListener$1Closed.runInContext(ServerImpl.java:741)
	at org.apache.ratis.thirdparty.io.grpc.internal.ContextRunnable.run(ContextRunnable.java:37)
	at org.apache.ratis.thirdparty.io.grpc.internal.SerializingExecutor.run(SerializingExecutor.java:123)
	at java.util.concurrent.ThreadPoolExecutor.runWorker(ThreadPoolExecutor.java:1149)
	at java.util.concurrent.ThreadPoolExecutor$Worker.run(ThreadPoolExecutor.java:624)
	at java.lang.Thread.run(Thread.java:748)

Oct 01, 2019 10:05:56 PM org.apache.ratis.thirdparty.io.grpc.internal.SerializingExecutor run
SEVERE: Exception while executing runnable org.apache.ratis.thirdparty.io.grpc.internal.ServerImpl$JumpToApplicationThreadServerStreamListener$1Closed@72b77363
org.apache.ratis.thirdparty.io.grpc.StatusRuntimeException: CANCELLED: call already cancelled
	at org.apache.ratis.thirdparty.io.grpc.Status.asRuntimeException(Status.java:517)
	at org.apache.ratis.thirdparty.io.grpc.stub.ServerCalls$ServerCallStreamObserverImpl.onCompleted(ServerCalls.java:356)
	at org.apache.ratis.grpc.server.GrpcServerProtocolService$ServerRequestStreamObserver.onError(GrpcServerProtocolService.java:121)
	at org.apache.ratis.thirdparty.io.grpc.stub.ServerCalls$StreamingServerCallHandler$StreamingServerCallListener.onCancel(ServerCalls.java:269)
	at org.apache.ratis.thirdparty.io.grpc.internal.ServerCallImpl$ServerStreamListenerImpl.closed(ServerCallImpl.java:293)
	at org.apache.ratis.thirdparty.io.grpc.internal.ServerImpl$JumpToApplicationThreadServerStreamListener$1Closed.runInContext(ServerImpl.java:741)
	at org.apache.ratis.thirdparty.io.grpc.internal.ContextRunnable.run(ContextRunnable.java:37)
	at org.apache.ratis.thirdparty.io.grpc.internal.SerializingExecutor.run(SerializingExecutor.java:123)
	at java.util.concurrent.ThreadPoolExecutor.runWorker(ThreadPoolExecutor.java:1149)
	at java.util.concurrent.ThreadPoolExecutor$Worker.run(ThreadPoolExecutor.java:624)
	at java.lang.Thread.run(Thread.java:748)

]]></system-err>
  </testcase>
  <testcase name="testFailureWithPrimeSizedData" classname="org.apache.hadoop.ozone.client.rpc.TestBlockOutputStreamWithFailures" time="34.022"/>
  <testcase name="testWatchForCommitWithCloseContainerException" classname="org.apache.hadoop.ozone.client.rpc.TestBlockOutputStreamWithFailures" time="34.489"/>
  <testcase name="testExceptionDuringClose" classname="org.apache.hadoop.ozone.client.rpc.TestBlockOutputStreamWithFailures" time="34.67"/>
</testsuite>