<?xml version="1.0" encoding="UTF-8"?>
<testsuite xmlns:xsi="http://www.w3.org/2001/XMLSchema-instance" xsi:noNamespaceSchemaLocation="https://maven.apache.org/surefire/maven-surefire-plugin/xsd/surefire-test-report.xsd" name="org.apache.hadoop.ozone.client.rpc.TestWatchForCommit" time="281.973" tests="5" errors="1" skipped="0" failures="0">
  <properties>
    <property name="awt.toolkit" value="sun.awt.X11.XToolkit"/>
    <property name="file.encoding.pkg" value="sun.io"/>
    <property name="java.specification.version" value="1.8"/>
    <property name="sun.cpu.isalist" value=""/>
    <property name="sun.jnu.encoding" value="UTF-8"/>
    <property name="java.class.path" value="/workdir/hadoop-ozone/integration-test/target/test-classes:/workdir/hadoop-ozone/integration-test/target/classes:/home/user/.m2/repository/org/apache/hadoop/hadoop-ozone-common/0.5.0-SNAPSHOT/hadoop-ozone-common-0.5.0-SNAPSHOT.jar:/home/user/.m2/repository/org/apache/commons/commons-compress/1.4.1/commons-compress-1.4.1.jar:/home/user/.m2/repository/org/tukaani/xz/1.0/xz-1.0.jar:/home/user/.m2/repository/org/apache/hadoop/hadoop-common/3.2.0/hadoop-common-3.2.0.jar:/home/user/.m2/repository/org/apache/hadoop/hadoop-hdfs/3.2.0/hadoop-hdfs-3.2.0.jar:/home/user/.m2/repository/org/apache/hadoop/hadoop-hdfs-client/3.2.0/hadoop-hdfs-client-3.2.0.jar:/home/user/.m2/repository/com/fasterxml/jackson/core/jackson-annotations/2.9.9/jackson-annotations-2.9.9.jar:/home/user/.m2/repository/org/apache/hadoop/hadoop-hdds-common/0.5.0-SNAPSHOT/hadoop-hdds-common-0.5.0-SNAPSHOT.jar:/home/user/.m2/repository/javax/annotation/javax.annotation-api/1.2/javax.annotation-api-1.2.jar:/home/user/.m2/repository/org/apache/ratis/ratis-server/0.5.0-201fc85-SNAPSHOT/ratis-server-0.5.0-201fc85-SNAPSHOT.jar:/home/user/.m2/repository/org/apache/ratis/ratis-thirdparty-misc/0.2.0/ratis-thirdparty-misc-0.2.0.jar:/home/user/.m2/repository/org/apache/ratis/ratis-proto/0.5.0-201fc85-SNAPSHOT/ratis-proto-0.5.0-201fc85-SNAPSHOT.jar:/home/user/.m2/repository/org/apache/ratis/ratis-common/0.5.0-201fc85-SNAPSHOT/ratis-common-0.5.0-201fc85-SNAPSHOT.jar:/home/user/.m2/repository/org/apache/ratis/ratis-client/0.5.0-201fc85-SNAPSHOT/ratis-client-0.5.0-201fc85-SNAPSHOT.jar:/home/user/.m2/repository/org/apache/ratis/ratis-metrics/0.5.0-201fc85-SNAPSHOT/ratis-metrics-0.5.0-201fc85-SNAPSHOT.jar:/home/user/.m2/repository/com/github/joshelser/dropwizard-metrics-hadoop-metrics2-reporter/0.1.2/dropwizard-metrics-hadoop-metrics2-reporter-0.1.2.jar:/home/user/.m2/repository/io/dropwizard/metrics/metrics-jvm/3.2.5/metrics-jvm-3.2.5.jar:/home/user/.m2/repository/io/dropwizard/metrics/metrics-ganglia/3.2.5/metrics-ganglia-3.2.5.jar:/home/user/.m2/repository/info/ganglia/gmetric4j/gmetric4j/1.0.7/gmetric4j-1.0.7.jar:/home/user/.m2/repository/org/apache/ratis/ratis-netty/0.5.0-201fc85-SNAPSHOT/ratis-netty-0.5.0-201fc85-SNAPSHOT.jar:/home/user/.m2/repository/org/apache/ratis/ratis-grpc/0.5.0-201fc85-SNAPSHOT/ratis-grpc-0.5.0-201fc85-SNAPSHOT.jar:/home/user/.m2/repository/org/rocksdb/rocksdbjni/6.0.1/rocksdbjni-6.0.1.jar:/home/user/.m2/repository/org/apache/logging/log4j/log4j-api/2.11.0/log4j-api-2.11.0.jar:/home/user/.m2/repository/org/apache/logging/log4j/log4j-core/2.11.0/log4j-core-2.11.0.jar:/home/user/.m2/repository/com/lmax/disruptor/3.4.2/disruptor-3.4.2.jar:/home/user/.m2/repository/org/apache/commons/commons-pool2/2.6.0/commons-pool2-2.6.0.jar:/home/user/.m2/repository/org/bouncycastle/bcpkix-jdk15on/1.60/bcpkix-jdk15on-1.60.jar:/home/user/.m2/repository/commons-validator/commons-validator/1.6/commons-validator-1.6.jar:/home/user/.m2/repository/commons-digester/commons-digester/1.8.1/commons-digester-1.8.1.jar:/home/user/.m2/repository/io/jaegertracing/jaeger-client/0.34.0/jaeger-client-0.34.0.jar:/home/user/.m2/repository/io/jaegertracing/jaeger-thrift/0.34.0/jaeger-thrift-0.34.0.jar:/home/user/.m2/repository/org/apache/thrift/libthrift/0.12.0/libthrift-0.12.0.jar:/home/user/.m2/repository/com/squareup/okhttp3/okhttp/3.9.0/okhttp-3.9.0.jar:/home/user/.m2/repository/com/squareup/okio/okio/1.13.0/okio-1.13.0.jar:/home/user/.m2/repository/io/jaegertracing/jaeger-core/0.34.0/jaeger-core-0.34.0.jar:/home/user/.m2/repository/io/jaegertracing/jaeger-tracerresolver/0.34.0/jaeger-tracerresolver-0.34.0.jar:/home/user/.m2/repository/io/opentracing/contrib/opentracing-tracerresolver/0.1.5/opentracing-tracerresolver-0.1.5.jar:/home/user/.m2/repository/io/opentracing/opentracing-util/0.31.0/opentracing-util-0.31.0.jar:/home/user/.m2/repository/io/opentracing/opentracing-api/0.31.0/opentracing-api-0.31.0.jar:/home/user/.m2/repository/io/opentracing/opentracing-noop/0.31.0/opentracing-noop-0.31.0.jar:/home/user/.m2/repository/org/apache/hadoop/hadoop-hdds-server-framework/0.5.0-SNAPSHOT/hadoop-hdds-server-framework-0.5.0-SNAPSHOT.jar:/home/user/.m2/repository/org/apache/hadoop/hadoop-hdds-container-service/0.5.0-SNAPSHOT/hadoop-hdds-container-service-0.5.0-SNAPSHOT.jar:/home/user/.m2/repository/org/apache/hadoop/hadoop-hdds-client/0.5.0-SNAPSHOT/hadoop-hdds-client-0.5.0-SNAPSHOT.jar:/home/user/.m2/repository/org/apache/hadoop/hadoop-hdds-tools/0.5.0-SNAPSHOT/hadoop-hdds-tools-0.5.0-SNAPSHOT.jar:/home/user/.m2/repository/org/apache/hadoop/hadoop-hdds-server-scm/0.5.0-SNAPSHOT/hadoop-hdds-server-scm-0.5.0-SNAPSHOT.jar:/home/user/.m2/repository/org/apache/hadoop/hadoop-hdds-docs/0.5.0-SNAPSHOT/hadoop-hdds-docs-0.5.0-SNAPSHOT.jar:/home/user/.m2/repository/io/dropwizard/metrics/metrics-core/3.2.4/metrics-core-3.2.4.jar:/home/user/.m2/repository/org/hamcrest/hamcrest-all/1.3/hamcrest-all-1.3.jar:/home/user/.m2/repository/org/bouncycastle/bcprov-jdk15on/1.60/bcprov-jdk15on-1.60.jar:/home/user/.m2/repository/info/picocli/picocli/3.9.6/picocli-3.9.6.jar:/home/user/.m2/repository/com/google/protobuf/protobuf-java/2.5.0/protobuf-java-2.5.0.jar:/home/user/.m2/repository/com/google/guava/guava/11.0.2/guava-11.0.2.jar:/home/user/.m2/repository/org/apache/hadoop/hadoop-ozone-ozone-manager/0.5.0-SNAPSHOT/hadoop-ozone-ozone-manager-0.5.0-SNAPSHOT.jar:/home/user/.m2/repository/org/apache/hadoop/hadoop-minikdc/3.2.0/hadoop-minikdc-3.2.0.jar:/home/user/.m2/repository/commons-io/commons-io/2.5/commons-io-2.5.jar:/home/user/.m2/repository/org/apache/kerby/kerb-simplekdc/1.0.1/kerb-simplekdc-1.0.1.jar:/home/user/.m2/repository/org/apache/kerby/kerb-client/1.0.1/kerb-client-1.0.1.jar:/home/user/.m2/repository/org/apache/kerby/kerby-config/1.0.1/kerby-config-1.0.1.jar:/home/user/.m2/repository/org/apache/kerby/kerb-core/1.0.1/kerb-core-1.0.1.jar:/home/user/.m2/repository/org/apache/kerby/kerby-pkix/1.0.1/kerby-pkix-1.0.1.jar:/home/user/.m2/repository/org/apache/kerby/kerby-asn1/1.0.1/kerby-asn1-1.0.1.jar:/home/user/.m2/repository/org/apache/kerby/kerby-util/1.0.1/kerby-util-1.0.1.jar:/home/user/.m2/repository/org/apache/kerby/kerb-common/1.0.1/kerb-common-1.0.1.jar:/home/user/.m2/repository/org/apache/kerby/kerb-crypto/1.0.1/kerb-crypto-1.0.1.jar:/home/user/.m2/repository/org/apache/kerby/kerb-util/1.0.1/kerb-util-1.0.1.jar:/home/user/.m2/repository/org/apache/kerby/token-provider/1.0.1/token-provider-1.0.1.jar:/home/user/.m2/repository/org/apache/kerby/kerb-admin/1.0.1/kerb-admin-1.0.1.jar:/home/user/.m2/repository/org/apache/kerby/kerb-server/1.0.1/kerb-server-1.0.1.jar:/home/user/.m2/repository/org/apache/kerby/kerb-identity/1.0.1/kerb-identity-1.0.1.jar:/home/user/.m2/repository/org/apache/kerby/kerby-xdr/1.0.1/kerby-xdr-1.0.1.jar:/home/user/.m2/repository/org/slf4j/slf4j-log4j12/1.7.25/slf4j-log4j12-1.7.25.jar:/home/user/.m2/repository/org/apache/hadoop/hadoop-ozone-s3gateway/0.5.0-SNAPSHOT/hadoop-ozone-s3gateway-0.5.0-SNAPSHOT.jar:/home/user/.m2/repository/org/jboss/weld/servlet/weld-servlet/2.4.7.Final/weld-servlet-2.4.7.Final.jar:/home/user/.m2/repository/org/glassfish/jersey/containers/jersey-container-servlet-core/2.27/jersey-container-servlet-core-2.27.jar:/home/user/.m2/repository/org/glassfish/hk2/external/javax.inject/2.5.0-b42/javax.inject-2.5.0-b42.jar:/home/user/.m2/repository/org/glassfish/jersey/core/jersey-common/2.27/jersey-common-2.27.jar:/home/user/.m2/repository/org/glassfish/hk2/osgi-resource-locator/1.0.1/osgi-resource-locator-1.0.1.jar:/home/user/.m2/repository/javax/ws/rs/javax.ws.rs-api/2.1/javax.ws.rs-api-2.1.jar:/home/user/.m2/repository/org/glassfish/jersey/ext/cdi/jersey-cdi1x/2.27/jersey-cdi1x-2.27.jar:/home/user/.m2/repository/org/glassfish/jersey/inject/jersey-hk2/2.27/jersey-hk2-2.27.jar:/home/user/.m2/repository/org/glassfish/hk2/hk2-locator/2.5.0-b42/hk2-locator-2.5.0-b42.jar:/home/user/.m2/repository/org/javassist/javassist/3.22.0-CR2/javassist-3.22.0-CR2.jar:/home/user/.m2/repository/org/glassfish/hk2/hk2-api/2.5.0/hk2-api-2.5.0.jar:/home/user/.m2/repository/org/glassfish/hk2/external/jakarta.inject/2.5.0/jakarta.inject-2.5.0.jar:/home/user/.m2/repository/org/glassfish/hk2/hk2-utils/2.5.0/hk2-utils-2.5.0.jar:/home/user/.m2/repository/jakarta/annotation/jakarta.annotation-api/1.3.4/jakarta.annotation-api-1.3.4.jar:/home/user/.m2/repository/org/glassfish/hk2/external/aopalliance-repackaged/2.5.0/aopalliance-repackaged-2.5.0.jar:/home/user/.m2/repository/com/fasterxml/jackson/dataformat/jackson-dataformat-xml/2.9.0/jackson-dataformat-xml-2.9.0.jar:/home/user/.m2/repository/com/fasterxml/jackson/core/jackson-core/2.9.9/jackson-core-2.9.9.jar:/home/user/.m2/repository/com/fasterxml/jackson/module/jackson-module-jaxb-annotations/2.9.9/jackson-module-jaxb-annotations-2.9.9.jar:/home/user/.m2/repository/javax/enterprise/cdi-api/1.2/cdi-api-1.2.jar:/home/user/.m2/repository/javax/el/javax.el-api/3.0.0/javax.el-api-3.0.0.jar:/home/user/.m2/repository/javax/interceptor/javax.interceptor-api/1.2/javax.interceptor-api-1.2.jar:/home/user/.m2/repository/javax/inject/javax.inject/1/javax.inject-1.jar:/home/user/.m2/repository/com/sun/xml/bind/jaxb-impl/2.3.0.1/jaxb-impl-2.3.0.1.jar:/home/user/.m2/repository/com/sun/xml/bind/jaxb-core/2.3.0.1/jaxb-core-2.3.0.1.jar:/home/user/.m2/repository/javax/xml/bind/jaxb-api/2.3.0/jaxb-api-2.3.0.jar:/home/user/.m2/repository/javax/activation/activation/1.1.1/activation-1.1.1.jar:/home/user/.m2/repository/org/apache/hadoop/hadoop-ozone-csi/0.5.0-SNAPSHOT/hadoop-ozone-csi-0.5.0-SNAPSHOT.jar:/home/user/.m2/repository/com/google/protobuf/protobuf-java-util/3.5.1/protobuf-java-util-3.5.1.jar:/home/user/.m2/repository/org/apache/hadoop/hadoop-hdds-config/0.5.0-SNAPSHOT/hadoop-hdds-config-0.5.0-SNAPSHOT.jar:/home/user/.m2/repository/io/grpc/grpc-netty/1.17.1/grpc-netty-1.17.1.jar:/home/user/.m2/repository/io/grpc/grpc-core/1.17.1/grpc-core-1.17.1.jar:/home/user/.m2/repository/io/grpc/grpc-context/1.17.1/grpc-context-1.17.1.jar:/home/user/.m2/repository/com/google/errorprone/error_prone_annotations/2.2.0/error_prone_annotations-2.2.0.jar:/home/user/.m2/repository/org/codehaus/mojo/animal-sniffer-annotations/1.17/animal-sniffer-annotations-1.17.jar:/home/user/.m2/repository/io/opencensus/opencensus-api/0.17.0/opencensus-api-0.17.0.jar:/home/user/.m2/repository/io/opencensus/opencensus-contrib-grpc-metrics/0.17.0/opencensus-contrib-grpc-metrics-0.17.0.jar:/home/user/.m2/repository/io/netty/netty-codec-http2/4.1.30.Final/netty-codec-http2-4.1.30.Final.jar:/home/user/.m2/repository/io/netty/netty-codec-http/4.1.30.Final/netty-codec-http-4.1.30.Final.jar:/home/user/.m2/repository/io/netty/netty-codec/4.1.30.Final/netty-codec-4.1.30.Final.jar:/home/user/.m2/repository/io/netty/netty-handler/4.1.30.Final/netty-handler-4.1.30.Final.jar:/home/user/.m2/repository/io/netty/netty-handler-proxy/4.1.30.Final/netty-handler-proxy-4.1.30.Final.jar:/home/user/.m2/repository/io/netty/netty-codec-socks/4.1.30.Final/netty-codec-socks-4.1.30.Final.jar:/home/user/.m2/repository/io/netty/netty-transport-native-epoll/4.1.30.Final/netty-transport-native-epoll-4.1.30.Final.jar:/home/user/.m2/repository/io/netty/netty-common/4.1.30.Final/netty-common-4.1.30.Final.jar:/home/user/.m2/repository/io/netty/netty-buffer/4.1.30.Final/netty-buffer-4.1.30.Final.jar:/home/user/.m2/repository/io/netty/netty-transport/4.1.30.Final/netty-transport-4.1.30.Final.jar:/home/user/.m2/repository/io/netty/netty-resolver/4.1.30.Final/netty-resolver-4.1.30.Final.jar:/home/user/.m2/repository/io/netty/netty-transport-native-unix-common/4.1.30.Final/netty-transport-native-unix-common-4.1.30.Final.jar:/home/user/.m2/repository/io/grpc/grpc-protobuf/1.17.1/grpc-protobuf-1.17.1.jar:/home/user/.m2/repository/com/google/api/grpc/proto-google-common-protos/1.0.0/proto-google-common-protos-1.0.0.jar:/home/user/.m2/repository/io/grpc/grpc-protobuf-lite/1.17.1/grpc-protobuf-lite-1.17.1.jar:/home/user/.m2/repository/io/grpc/grpc-stub/1.17.1/grpc-stub-1.17.1.jar:/home/user/.m2/repository/org/apache/hadoop/hadoop-ozone-recon/0.5.0-SNAPSHOT/hadoop-ozone-recon-0.5.0-SNAPSHOT.jar:/home/user/.m2/repository/org/apache/hadoop/hadoop-ozone-reconcodegen/0.5.0-SNAPSHOT/hadoop-ozone-reconcodegen-0.5.0-SNAPSHOT.jar:/home/user/.m2/repository/com/google/inject/extensions/guice-multibindings/4.0/guice-multibindings-4.0.jar:/home/user/.m2/repository/com/google/inject/guice/4.0/guice-4.0.jar:/home/user/.m2/repository/aopalliance/aopalliance/1.0/aopalliance-1.0.jar:/home/user/.m2/repository/com/google/inject/extensions/guice-servlet/4.0/guice-servlet-4.0.jar:/home/user/.m2/repository/org/glassfish/jersey/containers/jersey-container-servlet/2.27/jersey-container-servlet-2.27.jar:/home/user/.m2/repository/org/glassfish/hk2/guice-bridge/2.5.0/guice-bridge-2.5.0.jar:/home/user/.m2/repository/org/glassfish/jersey/core/jersey-server/2.27/jersey-server-2.27.jar:/home/user/.m2/repository/org/glassfish/jersey/core/jersey-client/2.27/jersey-client-2.27.jar:/home/user/.m2/repository/org/glassfish/jersey/media/jersey-media-jaxb/2.27/jersey-media-jaxb-2.27.jar:/home/user/.m2/repository/javax/validation/validation-api/1.1.0.Final/validation-api-1.1.0.Final.jar:/home/user/.m2/repository/org/glassfish/jersey/media/jersey-media-json-jackson/2.27/jersey-media-json-jackson-2.27.jar:/home/user/.m2/repository/org/glassfish/jersey/ext/jersey-entity-filtering/2.27/jersey-entity-filtering-2.27.jar:/home/user/.m2/repository/com/google/inject/extensions/guice-assistedinject/4.0/guice-assistedinject-4.0.jar:/home/user/.m2/repository/org/jooq/jooq/3.11.10/jooq-3.11.10.jar:/home/user/.m2/repository/org/jooq/jooq-meta/3.11.10/jooq-meta-3.11.10.jar:/home/user/.m2/repository/org/jooq/jooq-codegen/3.11.10/jooq-codegen-3.11.10.jar:/home/user/.m2/repository/com/jolbox/bonecp/0.8.0.RELEASE/bonecp-0.8.0.RELEASE.jar:/home/user/.m2/repository/org/xerial/sqlite-jdbc/3.25.2/sqlite-jdbc-3.25.2.jar:/home/user/.m2/repository/org/springframework/spring-jdbc/5.1.3.RELEASE/spring-jdbc-5.1.3.RELEASE.jar:/home/user/.m2/repository/org/springframework/spring-beans/5.1.3.RELEASE/spring-beans-5.1.3.RELEASE.jar:/home/user/.m2/repository/org/springframework/spring-core/5.1.3.RELEASE/spring-core-5.1.3.RELEASE.jar:/home/user/.m2/repository/org/springframework/spring-jcl/5.1.3.RELEASE/spring-jcl-5.1.3.RELEASE.jar:/home/user/.m2/repository/org/springframework/spring-tx/5.1.3.RELEASE/spring-tx-5.1.3.RELEASE.jar:/home/user/.m2/repository/org/apache/hadoop/hadoop-ozone-client/0.5.0-SNAPSHOT/hadoop-ozone-client-0.5.0-SNAPSHOT.jar:/home/user/.m2/repository/commons-lang/commons-lang/2.6/commons-lang-2.6.jar:/home/user/.m2/repository/org/apache/hadoop/hadoop-ozone-ozone-manager/0.5.0-SNAPSHOT/hadoop-ozone-ozone-manager-0.5.0-SNAPSHOT-tests.jar:/home/user/.m2/repository/junit/junit/4.11/junit-4.11.jar:/home/user/.m2/repository/org/hamcrest/hamcrest-core/1.3/hamcrest-core-1.3.jar:/home/user/.m2/repository/org/openjdk/jmh/jmh-core/1.19/jmh-core-1.19.jar:/home/user/.m2/repository/net/sf/jopt-simple/jopt-simple/4.6/jopt-simple-4.6.jar:/home/user/.m2/repository/org/apache/commons/commons-math3/3.1.1/commons-math3-3.1.1.jar:/home/user/.m2/repository/org/openjdk/jmh/jmh-generator-annprocess/1.19/jmh-generator-annprocess-1.19.jar:/home/user/.m2/repository/org/mockito/mockito-all/1.8.5/mockito-all-1.8.5.jar:/home/user/.m2/repository/org/apache/hadoop/hadoop-kms/3.2.0/hadoop-kms-3.2.0.jar:/home/user/.m2/repository/org/apache/hadoop/hadoop-auth/3.2.0/hadoop-auth-3.2.0.jar:/home/user/.m2/repository/com/nimbusds/nimbus-jose-jwt/4.41.1/nimbus-jose-jwt-4.41.1.jar:/home/user/.m2/repository/com/github/stephenc/jcip/jcip-annotations/1.0-1/jcip-annotations-1.0-1.jar:/home/user/.m2/repository/net/minidev/json-smart/2.3/json-smart-2.3.jar:/home/user/.m2/repository/net/minidev/accessors-smart/1.2/accessors-smart-1.2.jar:/home/user/.m2/repository/org/ow2/asm/asm/5.0.4/asm-5.0.4.jar:/home/user/.m2/repository/org/apache/curator/curator-framework/2.12.0/curator-framework-2.12.0.jar:/home/user/.m2/repository/com/sun/jersey/jersey-core/1.19/jersey-core-1.19.jar:/home/user/.m2/repository/javax/ws/rs/jsr311-api/1.1.1/jsr311-api-1.1.1.jar:/home/user/.m2/repository/com/sun/jersey/jersey-server/1.19/jersey-server-1.19.jar:/home/user/.m2/repository/javax/servlet/javax.servlet-api/3.1.0/javax.servlet-api-3.1.0.jar:/home/user/.m2/repository/org/eclipse/jetty/jetty-server/9.3.25.v20180904/jetty-server-9.3.25.v20180904.jar:/home/user/.m2/repository/org/eclipse/jetty/jetty-http/9.3.25.v20180904/jetty-http-9.3.25.v20180904.jar:/home/user/.m2/repository/org/eclipse/jetty/jetty-io/9.3.25.v20180904/jetty-io-9.3.25.v20180904.jar:/home/user/.m2/repository/org/eclipse/jetty/jetty-webapp/9.3.25.v20180904/jetty-webapp-9.3.25.v20180904.jar:/home/user/.m2/repository/org/eclipse/jetty/jetty-xml/9.3.25.v20180904/jetty-xml-9.3.25.v20180904.jar:/home/user/.m2/repository/log4j/log4j/1.2.17/log4j-1.2.17.jar:/home/user/.m2/repository/org/slf4j/slf4j-api/1.7.25/slf4j-api-1.7.25.jar:/home/user/.m2/repository/org/slf4j/jul-to-slf4j/1.7.25/jul-to-slf4j-1.7.25.jar:/home/user/.m2/repository/org/eclipse/jetty/jetty-util/9.3.25.v20180904/jetty-util-9.3.25.v20180904.jar:/home/user/.m2/repository/com/fasterxml/jackson/core/jackson-databind/2.9.9/jackson-databind-2.9.9.jar:/home/user/.m2/repository/org/apache/hadoop/hadoop-kms/3.2.0/hadoop-kms-3.2.0-tests.jar:/home/user/.m2/repository/org/apache/hadoop/hadoop-hdds-server-scm/0.5.0-SNAPSHOT/hadoop-hdds-server-scm-0.5.0-SNAPSHOT-tests.jar:/home/user/.m2/repository/org/apache/hadoop/hadoop-hdds-container-service/0.5.0-SNAPSHOT/hadoop-hdds-container-service-0.5.0-SNAPSHOT-tests.jar:/home/user/.m2/repository/org/yaml/snakeyaml/1.16/snakeyaml-1.16.jar:/home/user/.m2/repository/org/apache/hadoop/hadoop-common/3.2.0/hadoop-common-3.2.0-tests.jar:/home/user/.m2/repository/org/apache/hadoop/hadoop-annotations/3.2.0/hadoop-annotations-3.2.0.jar:/usr/lib/jvm/java-1.8-openjdk/jre/../lib/tools.jar:/home/user/.m2/repository/commons-cli/commons-cli/1.2/commons-cli-1.2.jar:/home/user/.m2/repository/org/apache/httpcomponents/httpclient/4.5.2/httpclient-4.5.2.jar:/home/user/.m2/repository/org/apache/httpcomponents/httpcore/4.4.4/httpcore-4.4.4.jar:/home/user/.m2/repository/commons-codec/commons-codec/1.11/commons-codec-1.11.jar:/home/user/.m2/repository/commons-net/commons-net/3.6/commons-net-3.6.jar:/home/user/.m2/repository/commons-collections/commons-collections/3.2.2/commons-collections-3.2.2.jar:/home/user/.m2/repository/org/eclipse/jetty/jetty-servlet/9.3.25.v20180904/jetty-servlet-9.3.25.v20180904.jar:/home/user/.m2/repository/org/eclipse/jetty/jetty-security/9.3.25.v20180904/jetty-security-9.3.25.v20180904.jar:/home/user/.m2/repository/javax/servlet/jsp/jsp-api/2.1/jsp-api-2.1.jar:/home/user/.m2/repository/com/sun/jersey/jersey-servlet/1.19/jersey-servlet-1.19.jar:/home/user/.m2/repository/com/sun/jersey/jersey-json/1.19/jersey-json-1.19.jar:/home/user/.m2/repository/org/codehaus/jettison/jettison/1.1/jettison-1.1.jar:/home/user/.m2/repository/org/codehaus/jackson/jackson-core-asl/1.9.13/jackson-core-asl-1.9.13.jar:/home/user/.m2/repository/org/codehaus/jackson/jackson-mapper-asl/1.9.13/jackson-mapper-asl-1.9.13.jar:/home/user/.m2/repository/org/codehaus/jackson/jackson-jaxrs/1.9.13/jackson-jaxrs-1.9.13.jar:/home/user/.m2/repository/org/codehaus/jackson/jackson-xc/1.9.13/jackson-xc-1.9.13.jar:/home/user/.m2/repository/commons-logging/commons-logging/1.1.3/commons-logging-1.1.3.jar:/home/user/.m2/repository/commons-beanutils/commons-beanutils/1.9.4/commons-beanutils-1.9.4.jar:/home/user/.m2/repository/org/apache/commons/commons-configuration2/2.1.1/commons-configuration2-2.1.1.jar:/home/user/.m2/repository/org/apache/commons/commons-lang3/3.7/commons-lang3-3.7.jar:/home/user/.m2/repository/org/apache/commons/commons-text/1.4/commons-text-1.4.jar:/home/user/.m2/repository/org/apache/avro/avro/1.7.7/avro-1.7.7.jar:/home/user/.m2/repository/com/thoughtworks/paranamer/paranamer/2.3/paranamer-2.3.jar:/home/user/.m2/repository/org/xerial/snappy/snappy-java/1.0.5/snappy-java-1.0.5.jar:/home/user/.m2/repository/com/google/re2j/re2j/1.1/re2j-1.1.jar:/home/user/.m2/repository/com/google/code/gson/gson/2.2.4/gson-2.2.4.jar:/home/user/.m2/repository/com/jcraft/jsch/0.1.54/jsch-0.1.54.jar:/home/user/.m2/repository/org/apache/curator/curator-client/2.12.0/curator-client-2.12.0.jar:/home/user/.m2/repository/org/apache/curator/curator-recipes/2.12.0/curator-recipes-2.12.0.jar:/home/user/.m2/repository/com/google/code/findbugs/jsr305/3.0.0/jsr305-3.0.0.jar:/home/user/.m2/repository/org/apache/htrace/htrace-core4/4.1.0-incubating/htrace-core4-4.1.0-incubating.jar:/home/user/.m2/repository/org/apache/zookeeper/zookeeper/3.4.13/zookeeper-3.4.13.jar:/home/user/.m2/repository/jline/jline/0.9.94/jline-0.9.94.jar:/home/user/.m2/repository/org/apache/yetus/audience-annotations/0.5.0/audience-annotations-0.5.0.jar:/home/user/.m2/repository/org/codehaus/woodstox/stax2-api/3.1.4/stax2-api-3.1.4.jar:/home/user/.m2/repository/com/fasterxml/woodstox/woodstox-core/5.0.3/woodstox-core-5.0.3.jar:/home/user/.m2/repository/dnsjava/dnsjava/2.1.7/dnsjava-2.1.7.jar:/home/user/.m2/repository/org/apache/hadoop/hadoop-hdfs/3.2.0/hadoop-hdfs-3.2.0-tests.jar:/home/user/.m2/repository/org/eclipse/jetty/jetty-util-ajax/9.3.25.v20180904/jetty-util-ajax-9.3.25.v20180904.jar:/home/user/.m2/repository/commons-daemon/commons-daemon/1.0.13/commons-daemon-1.0.13.jar:/home/user/.m2/repository/io/netty/netty/3.10.5.Final/netty-3.10.5.Final.jar:/home/user/.m2/repository/io/netty/netty-all/4.0.52.Final/netty-all-4.0.52.Final.jar:/home/user/.m2/repository/org/fusesource/leveldbjni/leveldbjni-all/1.8/leveldbjni-all-1.8.jar:"/>
    <property name="java.vm.vendor" value="IcedTea"/>
    <property name="sun.arch.data.model" value="64"/>
    <property name="test.build.dir" value="/workdir/hadoop-ozone/integration-test/target/test-dir"/>
    <property name="test.cache.data" value=""/>
    <property name="java.vendor.url" value="https://icedtea.classpath.org"/>
    <property name="user.timezone" value=""/>
    <property name="java.vm.specification.version" value="1.8"/>
    <property name="os.name" value="Linux"/>
    <property name="test.build.data" value="/workdir/hadoop-ozone/integration-test/target/test-dir"/>
    <property name="user.country" value="US"/>
    <property name="sun.java.launcher" value="SUN_STANDARD"/>
    <property name="sun.boot.library.path" value="/usr/lib/jvm/java-1.8-openjdk/jre/lib/amd64"/>
    <property name="sun.java.command" value="/workdir/hadoop-ozone/integration-test/target/surefire/surefirebooter1982735557354877510.jar /workdir/hadoop-ozone/integration-test/target/surefire 2019-10-01T20-51-34_002-jvmRun1 surefire4611889513330304634tmp surefire_544908402427471358618tmp"/>
    <property name="test" value="!TestMiniChaosOzoneCluster"/>
    <property name="surefire.test.class.path" value="/workdir/hadoop-ozone/integration-test/target/test-classes:/workdir/hadoop-ozone/integration-test/target/classes:/home/user/.m2/repository/org/apache/hadoop/hadoop-ozone-common/0.5.0-SNAPSHOT/hadoop-ozone-common-0.5.0-SNAPSHOT.jar:/home/user/.m2/repository/org/apache/commons/commons-compress/1.4.1/commons-compress-1.4.1.jar:/home/user/.m2/repository/org/tukaani/xz/1.0/xz-1.0.jar:/home/user/.m2/repository/org/apache/hadoop/hadoop-common/3.2.0/hadoop-common-3.2.0.jar:/home/user/.m2/repository/org/apache/hadoop/hadoop-hdfs/3.2.0/hadoop-hdfs-3.2.0.jar:/home/user/.m2/repository/org/apache/hadoop/hadoop-hdfs-client/3.2.0/hadoop-hdfs-client-3.2.0.jar:/home/user/.m2/repository/com/fasterxml/jackson/core/jackson-annotations/2.9.9/jackson-annotations-2.9.9.jar:/home/user/.m2/repository/org/apache/hadoop/hadoop-hdds-common/0.5.0-SNAPSHOT/hadoop-hdds-common-0.5.0-SNAPSHOT.jar:/home/user/.m2/repository/javax/annotation/javax.annotation-api/1.2/javax.annotation-api-1.2.jar:/home/user/.m2/repository/org/apache/ratis/ratis-server/0.5.0-201fc85-SNAPSHOT/ratis-server-0.5.0-201fc85-SNAPSHOT.jar:/home/user/.m2/repository/org/apache/ratis/ratis-thirdparty-misc/0.2.0/ratis-thirdparty-misc-0.2.0.jar:/home/user/.m2/repository/org/apache/ratis/ratis-proto/0.5.0-201fc85-SNAPSHOT/ratis-proto-0.5.0-201fc85-SNAPSHOT.jar:/home/user/.m2/repository/org/apache/ratis/ratis-common/0.5.0-201fc85-SNAPSHOT/ratis-common-0.5.0-201fc85-SNAPSHOT.jar:/home/user/.m2/repository/org/apache/ratis/ratis-client/0.5.0-201fc85-SNAPSHOT/ratis-client-0.5.0-201fc85-SNAPSHOT.jar:/home/user/.m2/repository/org/apache/ratis/ratis-metrics/0.5.0-201fc85-SNAPSHOT/ratis-metrics-0.5.0-201fc85-SNAPSHOT.jar:/home/user/.m2/repository/com/github/joshelser/dropwizard-metrics-hadoop-metrics2-reporter/0.1.2/dropwizard-metrics-hadoop-metrics2-reporter-0.1.2.jar:/home/user/.m2/repository/io/dropwizard/metrics/metrics-jvm/3.2.5/metrics-jvm-3.2.5.jar:/home/user/.m2/repository/io/dropwizard/metrics/metrics-ganglia/3.2.5/metrics-ganglia-3.2.5.jar:/home/user/.m2/repository/info/ganglia/gmetric4j/gmetric4j/1.0.7/gmetric4j-1.0.7.jar:/home/user/.m2/repository/org/apache/ratis/ratis-netty/0.5.0-201fc85-SNAPSHOT/ratis-netty-0.5.0-201fc85-SNAPSHOT.jar:/home/user/.m2/repository/org/apache/ratis/ratis-grpc/0.5.0-201fc85-SNAPSHOT/ratis-grpc-0.5.0-201fc85-SNAPSHOT.jar:/home/user/.m2/repository/org/rocksdb/rocksdbjni/6.0.1/rocksdbjni-6.0.1.jar:/home/user/.m2/repository/org/apache/logging/log4j/log4j-api/2.11.0/log4j-api-2.11.0.jar:/home/user/.m2/repository/org/apache/logging/log4j/log4j-core/2.11.0/log4j-core-2.11.0.jar:/home/user/.m2/repository/com/lmax/disruptor/3.4.2/disruptor-3.4.2.jar:/home/user/.m2/repository/org/apache/commons/commons-pool2/2.6.0/commons-pool2-2.6.0.jar:/home/user/.m2/repository/org/bouncycastle/bcpkix-jdk15on/1.60/bcpkix-jdk15on-1.60.jar:/home/user/.m2/repository/commons-validator/commons-validator/1.6/commons-validator-1.6.jar:/home/user/.m2/repository/commons-digester/commons-digester/1.8.1/commons-digester-1.8.1.jar:/home/user/.m2/repository/io/jaegertracing/jaeger-client/0.34.0/jaeger-client-0.34.0.jar:/home/user/.m2/repository/io/jaegertracing/jaeger-thrift/0.34.0/jaeger-thrift-0.34.0.jar:/home/user/.m2/repository/org/apache/thrift/libthrift/0.12.0/libthrift-0.12.0.jar:/home/user/.m2/repository/com/squareup/okhttp3/okhttp/3.9.0/okhttp-3.9.0.jar:/home/user/.m2/repository/com/squareup/okio/okio/1.13.0/okio-1.13.0.jar:/home/user/.m2/repository/io/jaegertracing/jaeger-core/0.34.0/jaeger-core-0.34.0.jar:/home/user/.m2/repository/io/jaegertracing/jaeger-tracerresolver/0.34.0/jaeger-tracerresolver-0.34.0.jar:/home/user/.m2/repository/io/opentracing/contrib/opentracing-tracerresolver/0.1.5/opentracing-tracerresolver-0.1.5.jar:/home/user/.m2/repository/io/opentracing/opentracing-util/0.31.0/opentracing-util-0.31.0.jar:/home/user/.m2/repository/io/opentracing/opentracing-api/0.31.0/opentracing-api-0.31.0.jar:/home/user/.m2/repository/io/opentracing/opentracing-noop/0.31.0/opentracing-noop-0.31.0.jar:/home/user/.m2/repository/org/apache/hadoop/hadoop-hdds-server-framework/0.5.0-SNAPSHOT/hadoop-hdds-server-framework-0.5.0-SNAPSHOT.jar:/home/user/.m2/repository/org/apache/hadoop/hadoop-hdds-container-service/0.5.0-SNAPSHOT/hadoop-hdds-container-service-0.5.0-SNAPSHOT.jar:/home/user/.m2/repository/org/apache/hadoop/hadoop-hdds-client/0.5.0-SNAPSHOT/hadoop-hdds-client-0.5.0-SNAPSHOT.jar:/home/user/.m2/repository/org/apache/hadoop/hadoop-hdds-tools/0.5.0-SNAPSHOT/hadoop-hdds-tools-0.5.0-SNAPSHOT.jar:/home/user/.m2/repository/org/apache/hadoop/hadoop-hdds-server-scm/0.5.0-SNAPSHOT/hadoop-hdds-server-scm-0.5.0-SNAPSHOT.jar:/home/user/.m2/repository/org/apache/hadoop/hadoop-hdds-docs/0.5.0-SNAPSHOT/hadoop-hdds-docs-0.5.0-SNAPSHOT.jar:/home/user/.m2/repository/io/dropwizard/metrics/metrics-core/3.2.4/metrics-core-3.2.4.jar:/home/user/.m2/repository/org/hamcrest/hamcrest-all/1.3/hamcrest-all-1.3.jar:/home/user/.m2/repository/org/bouncycastle/bcprov-jdk15on/1.60/bcprov-jdk15on-1.60.jar:/home/user/.m2/repository/info/picocli/picocli/3.9.6/picocli-3.9.6.jar:/home/user/.m2/repository/com/google/protobuf/protobuf-java/2.5.0/protobuf-java-2.5.0.jar:/home/user/.m2/repository/com/google/guava/guava/11.0.2/guava-11.0.2.jar:/home/user/.m2/repository/org/apache/hadoop/hadoop-ozone-ozone-manager/0.5.0-SNAPSHOT/hadoop-ozone-ozone-manager-0.5.0-SNAPSHOT.jar:/home/user/.m2/repository/org/apache/hadoop/hadoop-minikdc/3.2.0/hadoop-minikdc-3.2.0.jar:/home/user/.m2/repository/commons-io/commons-io/2.5/commons-io-2.5.jar:/home/user/.m2/repository/org/apache/kerby/kerb-simplekdc/1.0.1/kerb-simplekdc-1.0.1.jar:/home/user/.m2/repository/org/apache/kerby/kerb-client/1.0.1/kerb-client-1.0.1.jar:/home/user/.m2/repository/org/apache/kerby/kerby-config/1.0.1/kerby-config-1.0.1.jar:/home/user/.m2/repository/org/apache/kerby/kerb-core/1.0.1/kerb-core-1.0.1.jar:/home/user/.m2/repository/org/apache/kerby/kerby-pkix/1.0.1/kerby-pkix-1.0.1.jar:/home/user/.m2/repository/org/apache/kerby/kerby-asn1/1.0.1/kerby-asn1-1.0.1.jar:/home/user/.m2/repository/org/apache/kerby/kerby-util/1.0.1/kerby-util-1.0.1.jar:/home/user/.m2/repository/org/apache/kerby/kerb-common/1.0.1/kerb-common-1.0.1.jar:/home/user/.m2/repository/org/apache/kerby/kerb-crypto/1.0.1/kerb-crypto-1.0.1.jar:/home/user/.m2/repository/org/apache/kerby/kerb-util/1.0.1/kerb-util-1.0.1.jar:/home/user/.m2/repository/org/apache/kerby/token-provider/1.0.1/token-provider-1.0.1.jar:/home/user/.m2/repository/org/apache/kerby/kerb-admin/1.0.1/kerb-admin-1.0.1.jar:/home/user/.m2/repository/org/apache/kerby/kerb-server/1.0.1/kerb-server-1.0.1.jar:/home/user/.m2/repository/org/apache/kerby/kerb-identity/1.0.1/kerb-identity-1.0.1.jar:/home/user/.m2/repository/org/apache/kerby/kerby-xdr/1.0.1/kerby-xdr-1.0.1.jar:/home/user/.m2/repository/org/slf4j/slf4j-log4j12/1.7.25/slf4j-log4j12-1.7.25.jar:/home/user/.m2/repository/org/apache/hadoop/hadoop-ozone-s3gateway/0.5.0-SNAPSHOT/hadoop-ozone-s3gateway-0.5.0-SNAPSHOT.jar:/home/user/.m2/repository/org/jboss/weld/servlet/weld-servlet/2.4.7.Final/weld-servlet-2.4.7.Final.jar:/home/user/.m2/repository/org/glassfish/jersey/containers/jersey-container-servlet-core/2.27/jersey-container-servlet-core-2.27.jar:/home/user/.m2/repository/org/glassfish/hk2/external/javax.inject/2.5.0-b42/javax.inject-2.5.0-b42.jar:/home/user/.m2/repository/org/glassfish/jersey/core/jersey-common/2.27/jersey-common-2.27.jar:/home/user/.m2/repository/org/glassfish/hk2/osgi-resource-locator/1.0.1/osgi-resource-locator-1.0.1.jar:/home/user/.m2/repository/javax/ws/rs/javax.ws.rs-api/2.1/javax.ws.rs-api-2.1.jar:/home/user/.m2/repository/org/glassfish/jersey/ext/cdi/jersey-cdi1x/2.27/jersey-cdi1x-2.27.jar:/home/user/.m2/repository/org/glassfish/jersey/inject/jersey-hk2/2.27/jersey-hk2-2.27.jar:/home/user/.m2/repository/org/glassfish/hk2/hk2-locator/2.5.0-b42/hk2-locator-2.5.0-b42.jar:/home/user/.m2/repository/org/javassist/javassist/3.22.0-CR2/javassist-3.22.0-CR2.jar:/home/user/.m2/repository/org/glassfish/hk2/hk2-api/2.5.0/hk2-api-2.5.0.jar:/home/user/.m2/repository/org/glassfish/hk2/external/jakarta.inject/2.5.0/jakarta.inject-2.5.0.jar:/home/user/.m2/repository/org/glassfish/hk2/hk2-utils/2.5.0/hk2-utils-2.5.0.jar:/home/user/.m2/repository/jakarta/annotation/jakarta.annotation-api/1.3.4/jakarta.annotation-api-1.3.4.jar:/home/user/.m2/repository/org/glassfish/hk2/external/aopalliance-repackaged/2.5.0/aopalliance-repackaged-2.5.0.jar:/home/user/.m2/repository/com/fasterxml/jackson/dataformat/jackson-dataformat-xml/2.9.0/jackson-dataformat-xml-2.9.0.jar:/home/user/.m2/repository/com/fasterxml/jackson/core/jackson-core/2.9.9/jackson-core-2.9.9.jar:/home/user/.m2/repository/com/fasterxml/jackson/module/jackson-module-jaxb-annotations/2.9.9/jackson-module-jaxb-annotations-2.9.9.jar:/home/user/.m2/repository/javax/enterprise/cdi-api/1.2/cdi-api-1.2.jar:/home/user/.m2/repository/javax/el/javax.el-api/3.0.0/javax.el-api-3.0.0.jar:/home/user/.m2/repository/javax/interceptor/javax.interceptor-api/1.2/javax.interceptor-api-1.2.jar:/home/user/.m2/repository/javax/inject/javax.inject/1/javax.inject-1.jar:/home/user/.m2/repository/com/sun/xml/bind/jaxb-impl/2.3.0.1/jaxb-impl-2.3.0.1.jar:/home/user/.m2/repository/com/sun/xml/bind/jaxb-core/2.3.0.1/jaxb-core-2.3.0.1.jar:/home/user/.m2/repository/javax/xml/bind/jaxb-api/2.3.0/jaxb-api-2.3.0.jar:/home/user/.m2/repository/javax/activation/activation/1.1.1/activation-1.1.1.jar:/home/user/.m2/repository/org/apache/hadoop/hadoop-ozone-csi/0.5.0-SNAPSHOT/hadoop-ozone-csi-0.5.0-SNAPSHOT.jar:/home/user/.m2/repository/com/google/protobuf/protobuf-java-util/3.5.1/protobuf-java-util-3.5.1.jar:/home/user/.m2/repository/org/apache/hadoop/hadoop-hdds-config/0.5.0-SNAPSHOT/hadoop-hdds-config-0.5.0-SNAPSHOT.jar:/home/user/.m2/repository/io/grpc/grpc-netty/1.17.1/grpc-netty-1.17.1.jar:/home/user/.m2/repository/io/grpc/grpc-core/1.17.1/grpc-core-1.17.1.jar:/home/user/.m2/repository/io/grpc/grpc-context/1.17.1/grpc-context-1.17.1.jar:/home/user/.m2/repository/com/google/errorprone/error_prone_annotations/2.2.0/error_prone_annotations-2.2.0.jar:/home/user/.m2/repository/org/codehaus/mojo/animal-sniffer-annotations/1.17/animal-sniffer-annotations-1.17.jar:/home/user/.m2/repository/io/opencensus/opencensus-api/0.17.0/opencensus-api-0.17.0.jar:/home/user/.m2/repository/io/opencensus/opencensus-contrib-grpc-metrics/0.17.0/opencensus-contrib-grpc-metrics-0.17.0.jar:/home/user/.m2/repository/io/netty/netty-codec-http2/4.1.30.Final/netty-codec-http2-4.1.30.Final.jar:/home/user/.m2/repository/io/netty/netty-codec-http/4.1.30.Final/netty-codec-http-4.1.30.Final.jar:/home/user/.m2/repository/io/netty/netty-codec/4.1.30.Final/netty-codec-4.1.30.Final.jar:/home/user/.m2/repository/io/netty/netty-handler/4.1.30.Final/netty-handler-4.1.30.Final.jar:/home/user/.m2/repository/io/netty/netty-handler-proxy/4.1.30.Final/netty-handler-proxy-4.1.30.Final.jar:/home/user/.m2/repository/io/netty/netty-codec-socks/4.1.30.Final/netty-codec-socks-4.1.30.Final.jar:/home/user/.m2/repository/io/netty/netty-transport-native-epoll/4.1.30.Final/netty-transport-native-epoll-4.1.30.Final.jar:/home/user/.m2/repository/io/netty/netty-common/4.1.30.Final/netty-common-4.1.30.Final.jar:/home/user/.m2/repository/io/netty/netty-buffer/4.1.30.Final/netty-buffer-4.1.30.Final.jar:/home/user/.m2/repository/io/netty/netty-transport/4.1.30.Final/netty-transport-4.1.30.Final.jar:/home/user/.m2/repository/io/netty/netty-resolver/4.1.30.Final/netty-resolver-4.1.30.Final.jar:/home/user/.m2/repository/io/netty/netty-transport-native-unix-common/4.1.30.Final/netty-transport-native-unix-common-4.1.30.Final.jar:/home/user/.m2/repository/io/grpc/grpc-protobuf/1.17.1/grpc-protobuf-1.17.1.jar:/home/user/.m2/repository/com/google/api/grpc/proto-google-common-protos/1.0.0/proto-google-common-protos-1.0.0.jar:/home/user/.m2/repository/io/grpc/grpc-protobuf-lite/1.17.1/grpc-protobuf-lite-1.17.1.jar:/home/user/.m2/repository/io/grpc/grpc-stub/1.17.1/grpc-stub-1.17.1.jar:/home/user/.m2/repository/org/apache/hadoop/hadoop-ozone-recon/0.5.0-SNAPSHOT/hadoop-ozone-recon-0.5.0-SNAPSHOT.jar:/home/user/.m2/repository/org/apache/hadoop/hadoop-ozone-reconcodegen/0.5.0-SNAPSHOT/hadoop-ozone-reconcodegen-0.5.0-SNAPSHOT.jar:/home/user/.m2/repository/com/google/inject/extensions/guice-multibindings/4.0/guice-multibindings-4.0.jar:/home/user/.m2/repository/com/google/inject/guice/4.0/guice-4.0.jar:/home/user/.m2/repository/aopalliance/aopalliance/1.0/aopalliance-1.0.jar:/home/user/.m2/repository/com/google/inject/extensions/guice-servlet/4.0/guice-servlet-4.0.jar:/home/user/.m2/repository/org/glassfish/jersey/containers/jersey-container-servlet/2.27/jersey-container-servlet-2.27.jar:/home/user/.m2/repository/org/glassfish/hk2/guice-bridge/2.5.0/guice-bridge-2.5.0.jar:/home/user/.m2/repository/org/glassfish/jersey/core/jersey-server/2.27/jersey-server-2.27.jar:/home/user/.m2/repository/org/glassfish/jersey/core/jersey-client/2.27/jersey-client-2.27.jar:/home/user/.m2/repository/org/glassfish/jersey/media/jersey-media-jaxb/2.27/jersey-media-jaxb-2.27.jar:/home/user/.m2/repository/javax/validation/validation-api/1.1.0.Final/validation-api-1.1.0.Final.jar:/home/user/.m2/repository/org/glassfish/jersey/media/jersey-media-json-jackson/2.27/jersey-media-json-jackson-2.27.jar:/home/user/.m2/repository/org/glassfish/jersey/ext/jersey-entity-filtering/2.27/jersey-entity-filtering-2.27.jar:/home/user/.m2/repository/com/google/inject/extensions/guice-assistedinject/4.0/guice-assistedinject-4.0.jar:/home/user/.m2/repository/org/jooq/jooq/3.11.10/jooq-3.11.10.jar:/home/user/.m2/repository/org/jooq/jooq-meta/3.11.10/jooq-meta-3.11.10.jar:/home/user/.m2/repository/org/jooq/jooq-codegen/3.11.10/jooq-codegen-3.11.10.jar:/home/user/.m2/repository/com/jolbox/bonecp/0.8.0.RELEASE/bonecp-0.8.0.RELEASE.jar:/home/user/.m2/repository/org/xerial/sqlite-jdbc/3.25.2/sqlite-jdbc-3.25.2.jar:/home/user/.m2/repository/org/springframework/spring-jdbc/5.1.3.RELEASE/spring-jdbc-5.1.3.RELEASE.jar:/home/user/.m2/repository/org/springframework/spring-beans/5.1.3.RELEASE/spring-beans-5.1.3.RELEASE.jar:/home/user/.m2/repository/org/springframework/spring-core/5.1.3.RELEASE/spring-core-5.1.3.RELEASE.jar:/home/user/.m2/repository/org/springframework/spring-jcl/5.1.3.RELEASE/spring-jcl-5.1.3.RELEASE.jar:/home/user/.m2/repository/org/springframework/spring-tx/5.1.3.RELEASE/spring-tx-5.1.3.RELEASE.jar:/home/user/.m2/repository/org/apache/hadoop/hadoop-ozone-client/0.5.0-SNAPSHOT/hadoop-ozone-client-0.5.0-SNAPSHOT.jar:/home/user/.m2/repository/commons-lang/commons-lang/2.6/commons-lang-2.6.jar:/home/user/.m2/repository/org/apache/hadoop/hadoop-ozone-ozone-manager/0.5.0-SNAPSHOT/hadoop-ozone-ozone-manager-0.5.0-SNAPSHOT-tests.jar:/home/user/.m2/repository/junit/junit/4.11/junit-4.11.jar:/home/user/.m2/repository/org/hamcrest/hamcrest-core/1.3/hamcrest-core-1.3.jar:/home/user/.m2/repository/org/openjdk/jmh/jmh-core/1.19/jmh-core-1.19.jar:/home/user/.m2/repository/net/sf/jopt-simple/jopt-simple/4.6/jopt-simple-4.6.jar:/home/user/.m2/repository/org/apache/commons/commons-math3/3.1.1/commons-math3-3.1.1.jar:/home/user/.m2/repository/org/openjdk/jmh/jmh-generator-annprocess/1.19/jmh-generator-annprocess-1.19.jar:/home/user/.m2/repository/org/mockito/mockito-all/1.8.5/mockito-all-1.8.5.jar:/home/user/.m2/repository/org/apache/hadoop/hadoop-kms/3.2.0/hadoop-kms-3.2.0.jar:/home/user/.m2/repository/org/apache/hadoop/hadoop-auth/3.2.0/hadoop-auth-3.2.0.jar:/home/user/.m2/repository/com/nimbusds/nimbus-jose-jwt/4.41.1/nimbus-jose-jwt-4.41.1.jar:/home/user/.m2/repository/com/github/stephenc/jcip/jcip-annotations/1.0-1/jcip-annotations-1.0-1.jar:/home/user/.m2/repository/net/minidev/json-smart/2.3/json-smart-2.3.jar:/home/user/.m2/repository/net/minidev/accessors-smart/1.2/accessors-smart-1.2.jar:/home/user/.m2/repository/org/ow2/asm/asm/5.0.4/asm-5.0.4.jar:/home/user/.m2/repository/org/apache/curator/curator-framework/2.12.0/curator-framework-2.12.0.jar:/home/user/.m2/repository/com/sun/jersey/jersey-core/1.19/jersey-core-1.19.jar:/home/user/.m2/repository/javax/ws/rs/jsr311-api/1.1.1/jsr311-api-1.1.1.jar:/home/user/.m2/repository/com/sun/jersey/jersey-server/1.19/jersey-server-1.19.jar:/home/user/.m2/repository/javax/servlet/javax.servlet-api/3.1.0/javax.servlet-api-3.1.0.jar:/home/user/.m2/repository/org/eclipse/jetty/jetty-server/9.3.25.v20180904/jetty-server-9.3.25.v20180904.jar:/home/user/.m2/repository/org/eclipse/jetty/jetty-http/9.3.25.v20180904/jetty-http-9.3.25.v20180904.jar:/home/user/.m2/repository/org/eclipse/jetty/jetty-io/9.3.25.v20180904/jetty-io-9.3.25.v20180904.jar:/home/user/.m2/repository/org/eclipse/jetty/jetty-webapp/9.3.25.v20180904/jetty-webapp-9.3.25.v20180904.jar:/home/user/.m2/repository/org/eclipse/jetty/jetty-xml/9.3.25.v20180904/jetty-xml-9.3.25.v20180904.jar:/home/user/.m2/repository/log4j/log4j/1.2.17/log4j-1.2.17.jar:/home/user/.m2/repository/org/slf4j/slf4j-api/1.7.25/slf4j-api-1.7.25.jar:/home/user/.m2/repository/org/slf4j/jul-to-slf4j/1.7.25/jul-to-slf4j-1.7.25.jar:/home/user/.m2/repository/org/eclipse/jetty/jetty-util/9.3.25.v20180904/jetty-util-9.3.25.v20180904.jar:/home/user/.m2/repository/com/fasterxml/jackson/core/jackson-databind/2.9.9/jackson-databind-2.9.9.jar:/home/user/.m2/repository/org/apache/hadoop/hadoop-kms/3.2.0/hadoop-kms-3.2.0-tests.jar:/home/user/.m2/repository/org/apache/hadoop/hadoop-hdds-server-scm/0.5.0-SNAPSHOT/hadoop-hdds-server-scm-0.5.0-SNAPSHOT-tests.jar:/home/user/.m2/repository/org/apache/hadoop/hadoop-hdds-container-service/0.5.0-SNAPSHOT/hadoop-hdds-container-service-0.5.0-SNAPSHOT-tests.jar:/home/user/.m2/repository/org/yaml/snakeyaml/1.16/snakeyaml-1.16.jar:/home/user/.m2/repository/org/apache/hadoop/hadoop-common/3.2.0/hadoop-common-3.2.0-tests.jar:/home/user/.m2/repository/org/apache/hadoop/hadoop-annotations/3.2.0/hadoop-annotations-3.2.0.jar:/usr/lib/jvm/java-1.8-openjdk/jre/../lib/tools.jar:/home/user/.m2/repository/commons-cli/commons-cli/1.2/commons-cli-1.2.jar:/home/user/.m2/repository/org/apache/httpcomponents/httpclient/4.5.2/httpclient-4.5.2.jar:/home/user/.m2/repository/org/apache/httpcomponents/httpcore/4.4.4/httpcore-4.4.4.jar:/home/user/.m2/repository/commons-codec/commons-codec/1.11/commons-codec-1.11.jar:/home/user/.m2/repository/commons-net/commons-net/3.6/commons-net-3.6.jar:/home/user/.m2/repository/commons-collections/commons-collections/3.2.2/commons-collections-3.2.2.jar:/home/user/.m2/repository/org/eclipse/jetty/jetty-servlet/9.3.25.v20180904/jetty-servlet-9.3.25.v20180904.jar:/home/user/.m2/repository/org/eclipse/jetty/jetty-security/9.3.25.v20180904/jetty-security-9.3.25.v20180904.jar:/home/user/.m2/repository/javax/servlet/jsp/jsp-api/2.1/jsp-api-2.1.jar:/home/user/.m2/repository/com/sun/jersey/jersey-servlet/1.19/jersey-servlet-1.19.jar:/home/user/.m2/repository/com/sun/jersey/jersey-json/1.19/jersey-json-1.19.jar:/home/user/.m2/repository/org/codehaus/jettison/jettison/1.1/jettison-1.1.jar:/home/user/.m2/repository/org/codehaus/jackson/jackson-core-asl/1.9.13/jackson-core-asl-1.9.13.jar:/home/user/.m2/repository/org/codehaus/jackson/jackson-mapper-asl/1.9.13/jackson-mapper-asl-1.9.13.jar:/home/user/.m2/repository/org/codehaus/jackson/jackson-jaxrs/1.9.13/jackson-jaxrs-1.9.13.jar:/home/user/.m2/repository/org/codehaus/jackson/jackson-xc/1.9.13/jackson-xc-1.9.13.jar:/home/user/.m2/repository/commons-logging/commons-logging/1.1.3/commons-logging-1.1.3.jar:/home/user/.m2/repository/commons-beanutils/commons-beanutils/1.9.4/commons-beanutils-1.9.4.jar:/home/user/.m2/repository/org/apache/commons/commons-configuration2/2.1.1/commons-configuration2-2.1.1.jar:/home/user/.m2/repository/org/apache/commons/commons-lang3/3.7/commons-lang3-3.7.jar:/home/user/.m2/repository/org/apache/commons/commons-text/1.4/commons-text-1.4.jar:/home/user/.m2/repository/org/apache/avro/avro/1.7.7/avro-1.7.7.jar:/home/user/.m2/repository/com/thoughtworks/paranamer/paranamer/2.3/paranamer-2.3.jar:/home/user/.m2/repository/org/xerial/snappy/snappy-java/1.0.5/snappy-java-1.0.5.jar:/home/user/.m2/repository/com/google/re2j/re2j/1.1/re2j-1.1.jar:/home/user/.m2/repository/com/google/code/gson/gson/2.2.4/gson-2.2.4.jar:/home/user/.m2/repository/com/jcraft/jsch/0.1.54/jsch-0.1.54.jar:/home/user/.m2/repository/org/apache/curator/curator-client/2.12.0/curator-client-2.12.0.jar:/home/user/.m2/repository/org/apache/curator/curator-recipes/2.12.0/curator-recipes-2.12.0.jar:/home/user/.m2/repository/com/google/code/findbugs/jsr305/3.0.0/jsr305-3.0.0.jar:/home/user/.m2/repository/org/apache/htrace/htrace-core4/4.1.0-incubating/htrace-core4-4.1.0-incubating.jar:/home/user/.m2/repository/org/apache/zookeeper/zookeeper/3.4.13/zookeeper-3.4.13.jar:/home/user/.m2/repository/jline/jline/0.9.94/jline-0.9.94.jar:/home/user/.m2/repository/org/apache/yetus/audience-annotations/0.5.0/audience-annotations-0.5.0.jar:/home/user/.m2/repository/org/codehaus/woodstox/stax2-api/3.1.4/stax2-api-3.1.4.jar:/home/user/.m2/repository/com/fasterxml/woodstox/woodstox-core/5.0.3/woodstox-core-5.0.3.jar:/home/user/.m2/repository/dnsjava/dnsjava/2.1.7/dnsjava-2.1.7.jar:/home/user/.m2/repository/org/apache/hadoop/hadoop-hdfs/3.2.0/hadoop-hdfs-3.2.0-tests.jar:/home/user/.m2/repository/org/eclipse/jetty/jetty-util-ajax/9.3.25.v20180904/jetty-util-ajax-9.3.25.v20180904.jar:/home/user/.m2/repository/commons-daemon/commons-daemon/1.0.13/commons-daemon-1.0.13.jar:/home/user/.m2/repository/io/netty/netty/3.10.5.Final/netty-3.10.5.Final.jar:/home/user/.m2/repository/io/netty/netty-all/4.0.52.Final/netty-all-4.0.52.Final.jar:/home/user/.m2/repository/org/fusesource/leveldbjni/leveldbjni-all/1.8/leveldbjni-all-1.8.jar:"/>
    <property name="sun.cpu.endian" value="little"/>
    <property name="user.home" value="/home/user"/>
    <property name="user.language" value="en"/>
    <property name="java.specification.vendor" value="Oracle Corporation"/>
    <property name="java.home" value="/usr/lib/jvm/java-1.8-openjdk/jre"/>
    <property name="java.security.krb5.conf" value="/workdir/hadoop-ozone/integration-test/target/test-classes/krb5.conf"/>
    <property name="basedir" value="/workdir/hadoop-ozone/integration-test"/>
    <property name="file.separator" value="/"/>
    <property name="line.separator" value="&#10;"/>
    <property name="java.vm.specification.vendor" value="Oracle Corporation"/>
    <property name="java.specification.name" value="Java Platform API Specification"/>
    <property name="java.awt.graphicsenv" value="sun.awt.X11GraphicsEnvironment"/>
    <property name="surefire.real.class.path" value="/workdir/hadoop-ozone/integration-test/target/surefire/surefirebooter1982735557354877510.jar"/>
    <property name="hadoop.log.dir" value="/workdir/hadoop-ozone/integration-test/target/log"/>
    <property name="sun.boot.class.path" value="/usr/lib/jvm/java-1.8-openjdk/jre/lib/resources.jar:/usr/lib/jvm/java-1.8-openjdk/jre/lib/rt.jar:/usr/lib/jvm/java-1.8-openjdk/jre/lib/sunrsasign.jar:/usr/lib/jvm/java-1.8-openjdk/jre/lib/jsse.jar:/usr/lib/jvm/java-1.8-openjdk/jre/lib/jce.jar:/usr/lib/jvm/java-1.8-openjdk/jre/lib/charsets.jar:/usr/lib/jvm/java-1.8-openjdk/jre/lib/jfr.jar:/usr/lib/jvm/java-1.8-openjdk/jre/classes"/>
    <property name="sun.management.compiler" value="HotSpot 64-Bit Tiered Compilers"/>
    <property name="java.runtime.version" value="1.8.0_212-b04"/>
    <property name="java.net.preferIPv4Stack" value="true"/>
    <property name="user.name" value="jenkins1000"/>
    <property name="path.separator" value=":"/>
    <property name="java.security.egd" value="file:///dev/urandom"/>
    <property name="os.version" value="3.10.0-957.12.2.el7.x86_64"/>
    <property name="java.endorsed.dirs" value="/usr/lib/jvm/java-1.8-openjdk/jre/lib/endorsed"/>
    <property name="java.runtime.name" value="OpenJDK Runtime Environment"/>
    <property name="file.encoding" value="UTF-8"/>
    <property name="java.vm.name" value="OpenJDK 64-Bit Server VM"/>
    <property name="test.build.webapps" value=""/>
    <property name="localRepository" value="/home/user/.m2/repository"/>
    <property name="java.vendor.url.bug" value="https://icedtea.classpath.org/bugzilla"/>
    <property name="java.io.tmpdir" value="/tmp"/>
    <property name="require.test.libhadoop" value=""/>
    <property name="java.version" value="1.8.0_212"/>
    <property name="user.dir" value="/workdir/hadoop-ozone/integration-test"/>
    <property name="os.arch" value="amd64"/>
    <property name="java.vm.specification.name" value="Java Virtual Machine Specification"/>
    <property name="test.build.classes" value="/workdir/hadoop-ozone/integration-test/target/test-classes"/>
    <property name="java.awt.printerjob" value="sun.print.PSPrinterJob"/>
    <property name="sun.os.patch.level" value="unknown"/>
    <property name="hadoop.tmp.dir" value="/workdir/hadoop-ozone/integration-test/target/tmp"/>
    <property name="java.library.path" value="/usr/lib/jvm/java-1.8-openjdk/jre/lib/amd64/server:/usr/lib/jvm/java-1.8-openjdk/jre/lib/amd64:/usr/lib/jvm/java-1.8-openjdk/jre/../lib/amd64:/workdir/hadoop-ozone/integration-test/target/native/target/usr/local/lib:/workdir/hadoop-ozone/integration-test/../../hadoop-common-project/hadoop-common/target/native/target/usr/local/lib:/usr/java/packages/lib/amd64:/usr/lib64:/lib64:/lib:/usr/lib"/>
    <property name="java.vm.info" value="mixed mode"/>
    <property name="java.vendor" value="IcedTea"/>
    <property name="java.vm.version" value="25.212-b04"/>
    <property name="java.ext.dirs" value="/usr/lib/jvm/java-1.8-openjdk/jre/lib/ext:/usr/java/packages/lib/ext"/>
    <property name="sun.io.unicode.encoding" value="UnicodeLittle"/>
    <property name="java.class.version" value="52.0"/>
  </properties>
  <testcase name="testWatchForCommitWithKeyWrite" classname="org.apache.hadoop.ozone.client.rpc.TestWatchForCommit" time="90.454"/>
  <testcase name="testWatchForCommitWithSmallerTimeoutValue" classname="org.apache.hadoop.ozone.client.rpc.TestWatchForCommit" time="46.427"/>
  <testcase name="testWatchForCommitForRetryfailure" classname="org.apache.hadoop.ozone.client.rpc.TestWatchForCommit" time="80.566"/>
  <testcase name="testWatchForCommitForGroupMismatchException" classname="org.apache.hadoop.ozone.client.rpc.TestWatchForCommit" time="31.999"/>
  <testcase name="test2WayCommitForTimeoutException" classname="org.apache.hadoop.ozone.client.rpc.TestWatchForCommit" time="32.465">
    <error type="java.util.concurrent.TimeoutException">java.util.concurrent.TimeoutException
	at java.util.concurrent.CompletableFuture.timedGet(CompletableFuture.java:1771)
	at java.util.concurrent.CompletableFuture.get(CompletableFuture.java:1915)
	at org.apache.hadoop.hdds.scm.XceiverClientRatis.watchForCommit(XceiverClientRatis.java:298)
	at org.apache.hadoop.ozone.client.rpc.TestWatchForCommit.test2WayCommitForTimeoutException(TestWatchForCommit.java:391)
	at sun.reflect.NativeMethodAccessorImpl.invoke0(Native Method)
	at sun.reflect.NativeMethodAccessorImpl.invoke(NativeMethodAccessorImpl.java:62)
	at sun.reflect.DelegatingMethodAccessorImpl.invoke(DelegatingMethodAccessorImpl.java:43)
	at java.lang.reflect.Method.invoke(Method.java:498)
	at org.junit.runners.model.FrameworkMethod$1.runReflectiveCall(FrameworkMethod.java:47)
	at org.junit.internal.runners.model.ReflectiveCallable.run(ReflectiveCallable.java:12)
	at org.junit.runners.model.FrameworkMethod.invokeExplosively(FrameworkMethod.java:44)
	at org.junit.internal.runners.statements.InvokeMethod.evaluate(InvokeMethod.java:17)
	at org.junit.runners.ParentRunner.runLeaf(ParentRunner.java:271)
	at org.junit.runners.BlockJUnit4ClassRunner.runChild(BlockJUnit4ClassRunner.java:70)
	at org.junit.runners.BlockJUnit4ClassRunner.runChild(BlockJUnit4ClassRunner.java:50)
	at org.junit.runners.ParentRunner$3.run(ParentRunner.java:238)
	at org.junit.runners.ParentRunner$1.schedule(ParentRunner.java:63)
	at org.junit.runners.ParentRunner.runChildren(ParentRunner.java:236)
	at org.junit.runners.ParentRunner.access$000(ParentRunner.java:53)
	at org.junit.runners.ParentRunner$2.evaluate(ParentRunner.java:229)
	at org.junit.runners.ParentRunner.run(ParentRunner.java:309)
	at org.apache.maven.surefire.junit4.JUnit4Provider.execute(JUnit4Provider.java:365)
	at org.apache.maven.surefire.junit4.JUnit4Provider.executeWithRerun(JUnit4Provider.java:273)
	at org.apache.maven.surefire.junit4.JUnit4Provider.executeTestSet(JUnit4Provider.java:238)
	at org.apache.maven.surefire.junit4.JUnit4Provider.invoke(JUnit4Provider.java:159)
	at org.apache.maven.surefire.booter.ForkedBooter.invokeProviderInSameClassLoader(ForkedBooter.java:384)
	at org.apache.maven.surefire.booter.ForkedBooter.runSuitesInProcess(ForkedBooter.java:345)
	at org.apache.maven.surefire.booter.ForkedBooter.execute(ForkedBooter.java:126)
	at org.apache.maven.surefire.booter.ForkedBooter.main(ForkedBooter.java:418)
</error>
    <system-out><![CDATA[2019-10-01 21:43:48,605 [main] WARN  server.ServerUtils (ServerUtils.java:getScmDbDir(145)) - ozone.scm.db.dirs is not configured. We recommend adding this setting. Falling back to ozone.metadata.dirs instead.
2019-10-01 21:43:48,620 [main] WARN  server.ServerUtils (ServerUtils.java:getScmDbDir(145)) - ozone.scm.db.dirs is not configured. We recommend adding this setting. Falling back to ozone.metadata.dirs instead.
2019-10-01 21:43:48,621 [main] WARN  server.ServerUtils (ServerUtils.java:getScmDbDir(145)) - ozone.scm.db.dirs is not configured. We recommend adding this setting. Falling back to ozone.metadata.dirs instead.
2019-10-01 21:43:48,621 [main] INFO  db.DBStoreBuilder (DBStoreBuilder.java:addTable(110)) - using custom profile for table: deletedBlocks
2019-10-01 21:43:48,621 [main] INFO  db.DBStoreBuilder (DBStoreBuilder.java:processTables(161)) - Using default column profile:DBProfile.DISK for Table:deletedBlocks
2019-10-01 21:43:48,621 [main] INFO  db.DBStoreBuilder (DBStoreBuilder.java:addTable(110)) - using custom profile for table: validCerts
2019-10-01 21:43:48,622 [main] INFO  db.DBStoreBuilder (DBStoreBuilder.java:processTables(161)) - Using default column profile:DBProfile.DISK for Table:validCerts
2019-10-01 21:43:48,622 [main] INFO  db.DBStoreBuilder (DBStoreBuilder.java:addTable(110)) - using custom profile for table: revokedCerts
2019-10-01 21:43:48,622 [main] INFO  db.DBStoreBuilder (DBStoreBuilder.java:processTables(161)) - Using default column profile:DBProfile.DISK for Table:revokedCerts
2019-10-01 21:43:48,622 [main] INFO  db.DBStoreBuilder (DBStoreBuilder.java:addTable(110)) - using custom profile for table: default
2019-10-01 21:43:48,622 [main] INFO  db.DBStoreBuilder (DBStoreBuilder.java:processTables(167)) - Using default column profile:DBProfile.DISK for Table:default
2019-10-01 21:43:48,622 [main] INFO  db.DBStoreBuilder (DBStoreBuilder.java:getDbProfile(198)) - Using default options. DBProfile.DISK
2019-10-01 21:43:48,824 [main] INFO  net.NodeSchemaLoader (NodeSchemaLoader.java:loadSchemaFromFile(125)) - Loading file from sun.misc.CompoundEnumeration@426131d7
2019-10-01 21:43:48,825 [main] INFO  net.NodeSchemaLoader (NodeSchemaLoader.java:loadSchema(171)) - Loading network topology layer schema file
2019-10-01 21:43:48,829 [main] WARN  server.ServerUtils (ServerUtils.java:sanitizeUserArgs(70)) - ozone.scm.stale.node.interval value = 300000 is larger than max = 100000 based on the key value of ozone.scm.heartbeat.thread.interval, reset to the max value 100000.
2019-10-01 21:43:48,830 [main] WARN  server.ServerUtils (ServerUtils.java:sanitizeUserArgs(70)) - ozone.scm.stale.node.interval value = 300000 is larger than max = 100000 based on the key value of ozone.scm.heartbeat.thread.interval, reset to the max value 100000.
2019-10-01 21:43:48,830 [main] INFO  node.SCMNodeManager (SCMNodeManager.java:<init>(114)) - Entering startup safe mode.
2019-10-01 21:43:48,831 [main] INFO  algorithms.ContainerPlacementPolicyFactory (ContainerPlacementPolicyFactory.java:getPolicy(57)) - Create container placement policy of type org.apache.hadoop.hdds.scm.container.placement.algorithms.SCMContainerPlacementRandom
2019-10-01 21:43:48,831 [main] WARN  server.ServerUtils (ServerUtils.java:getScmDbDir(145)) - ozone.scm.db.dirs is not configured. We recommend adding this setting. Falling back to ozone.metadata.dirs instead.
2019-10-01 21:43:48,910 [main] INFO  pipeline.SCMPipelineManager (SCMPipelineManager.java:initializePipelineState(132)) - No pipeline exists in current db
2019-10-01 21:43:48,910 [main] WARN  server.ServerUtils (ServerUtils.java:getScmDbDir(145)) - ozone.scm.db.dirs is not configured. We recommend adding this setting. Falling back to ozone.metadata.dirs instead.
2019-10-01 21:43:48,974 [main] WARN  events.EventQueue (EventQueue.java:fireEvent(183)) - No event handler registered for event TypedEvent{payloadType=SafeModeStatus, name='SafeModeStatus'}
2019-10-01 21:43:48,975 [main] INFO  ipc.CallQueueManager (CallQueueManager.java:<init>(84)) - Using callQueue: class java.util.concurrent.LinkedBlockingQueue, queueCapacity: 2000, scheduler: class org.apache.hadoop.ipc.DefaultRpcScheduler, ipcBackoff: false.
2019-10-01 21:43:48,976 [Socket Reader #1 for port 43455] INFO  ipc.Server (Server.java:run(1074)) - Starting Socket Reader #1 for port 43455
2019-10-01 21:43:48,979 [main] INFO  ipc.CallQueueManager (CallQueueManager.java:<init>(84)) - Using callQueue: class java.util.concurrent.LinkedBlockingQueue, queueCapacity: 2000, scheduler: class org.apache.hadoop.ipc.DefaultRpcScheduler, ipcBackoff: false.
2019-10-01 21:43:48,979 [Socket Reader #1 for port 38925] INFO  ipc.Server (Server.java:run(1074)) - Starting Socket Reader #1 for port 38925
2019-10-01 21:43:48,981 [main] INFO  ipc.CallQueueManager (CallQueueManager.java:<init>(84)) - Using callQueue: class java.util.concurrent.LinkedBlockingQueue, queueCapacity: 2000, scheduler: class org.apache.hadoop.ipc.DefaultRpcScheduler, ipcBackoff: false.
2019-10-01 21:43:48,982 [Socket Reader #1 for port 35945] INFO  ipc.Server (Server.java:run(1074)) - Starting Socket Reader #1 for port 35945
2019-10-01 21:43:48,984 [main] INFO  hdfs.DFSUtil (DFSUtil.java:httpServerTemplateForNNAndJN(1641)) - Starting Web-server for scm at: http://0.0.0.0:0
2019-10-01 21:43:48,986 [main] INFO  server.AuthenticationFilter (AuthenticationFilter.java:constructSecretProvider(240)) - Unable to initialize FileSignerSecretProvider, falling back to use random secrets.
2019-10-01 21:43:48,986 [main] WARN  http.HttpRequestLog (HttpRequestLog.java:getRequestLog(97)) - Jetty request log can only be enabled using Log4j
2019-10-01 21:43:48,988 [main] INFO  http.HttpServer2 (HttpServer2.java:addGlobalFilter(975)) - Added global filter 'safety' (class=org.apache.hadoop.http.HttpServer2$QuotingInputFilter)
2019-10-01 21:43:48,989 [main] INFO  http.HttpServer2 (HttpServer2.java:addFilter(948)) - Added filter static_user_filter (class=org.apache.hadoop.http.lib.StaticUserWebFilter$StaticUserFilter) to context scm
2019-10-01 21:43:48,989 [main] INFO  http.HttpServer2 (HttpServer2.java:addFilter(958)) - Added filter static_user_filter (class=org.apache.hadoop.http.lib.StaticUserWebFilter$StaticUserFilter) to context logs
2019-10-01 21:43:48,989 [main] INFO  http.HttpServer2 (HttpServer2.java:addFilter(958)) - Added filter static_user_filter (class=org.apache.hadoop.http.lib.StaticUserWebFilter$StaticUserFilter) to context static
2019-10-01 21:43:48,991 [main] INFO  server.StorageContainerManager (StorageContainerManager.java:start(770)) - StorageContainerLocationProtocol RPC server is listening at /0.0.0.0:35945
2019-10-01 21:43:48,993 [main] WARN  impl.MetricsConfig (MetricsConfig.java:loadFirst(134)) - Cannot locate configuration: tried hadoop-metrics2-storagecontainermanager.properties,hadoop-metrics2.properties
2019-10-01 21:43:48,994 [main] INFO  impl.MetricsSystemImpl (MetricsSystemImpl.java:startTimer(374)) - Scheduled Metric snapshot period at 10 second(s).
2019-10-01 21:43:48,994 [main] INFO  impl.MetricsSystemImpl (MetricsSystemImpl.java:start(191)) - StorageContainerManager metrics system started
2019-10-01 21:43:49,064 [main] WARN  impl.MetricsSystemImpl (MetricsSystemImpl.java:register(276)) - Sink prometheus already exists!
2019-10-01 21:43:49,152 [main] INFO  server.SCMClientProtocolServer (SCMClientProtocolServer.java:start(150)) - RPC server for Client  is listening at /0.0.0.0:35945
2019-10-01 21:43:49,152 [IPC Server listener on 35945] INFO  ipc.Server (Server.java:run(1153)) - IPC Server listener on 35945: starting
2019-10-01 21:43:49,152 [IPC Server Responder] INFO  ipc.Server (Server.java:run(1314)) - IPC Server Responder: starting
2019-10-01 21:43:49,156 [main] INFO  server.StorageContainerManager (StorageContainerManager.java:start(780)) - ScmBlockLocationProtocol RPC server is listening at /0.0.0.0:38925
2019-10-01 21:43:49,156 [main] INFO  server.SCMBlockProtocolServer (SCMBlockProtocolServer.java:start(146)) - RPC server for Block Protocol is listening at /0.0.0.0:38925
2019-10-01 21:43:49,157 [IPC Server Responder] INFO  ipc.Server (Server.java:run(1314)) - IPC Server Responder: starting
2019-10-01 21:43:49,157 [IPC Server listener on 38925] INFO  ipc.Server (Server.java:run(1153)) - IPC Server listener on 38925: starting
2019-10-01 21:43:49,164 [main] INFO  server.StorageContainerManager (StorageContainerManager.java:start(784)) - ScmDatanodeProtocl RPC server is listening at /0.0.0.0:43455
2019-10-01 21:43:49,164 [main] INFO  server.SCMDatanodeProtocolServer (SCMDatanodeProtocolServer.java:start(191)) - RPC server for DataNodes is listening at /0.0.0.0:43455
2019-10-01 21:43:49,165 [IPC Server Responder] INFO  ipc.Server (Server.java:run(1314)) - IPC Server Responder: starting
2019-10-01 21:43:49,166 [IPC Server listener on 43455] INFO  ipc.Server (Server.java:run(1153)) - IPC Server listener on 43455: starting
2019-10-01 21:43:49,168 [main] INFO  http.HttpServer2 (HttpServer2.java:bindListener(1191)) - Jetty bound to port 42816
2019-10-01 21:43:49,168 [main] INFO  server.Server (Server.java:doStart(351)) - jetty-9.3.25.v20180904, build timestamp: 2018-09-04T21:11:46Z, git hash: 3ce520221d0240229c862b122d2b06c12a625732
2019-10-01 21:43:49,170 [main] INFO  handler.ContextHandler (ContextHandler.java:doStart(781)) - Started o.e.j.s.ServletContextHandler@18e4674d{/logs,file:///workdir/hadoop-ozone/integration-test/target/log,AVAILABLE}
2019-10-01 21:43:49,170 [main] INFO  handler.ContextHandler (ContextHandler.java:doStart(781)) - Started o.e.j.s.ServletContextHandler@6af609ea{/static,file:///workdir/hadoop-ozone/integration-test/target/test-classes/webapps/static,AVAILABLE}
2019-10-01 21:43:49,173 [main] INFO  handler.ContextHandler (ContextHandler.java:doStart(781)) - Started o.e.j.w.WebAppContext@1c98b4eb{/,file:///workdir/hadoop-ozone/integration-test/target/test-classes/webapps/scm/,AVAILABLE}{/scm}
2019-10-01 21:43:49,173 [main] INFO  server.AbstractConnector (AbstractConnector.java:doStart(278)) - Started ServerConnector@45801322{HTTP/1.1,[http/1.1]}{0.0.0.0:42816}
2019-10-01 21:43:49,174 [main] INFO  server.Server (Server.java:doStart(419)) - Started @250414ms
2019-10-01 21:43:49,174 [main] WARN  impl.MetricsSystemImpl (MetricsSystemImpl.java:register(276)) - Sink prometheus already exists!
2019-10-01 21:43:49,175 [main] INFO  server.BaseHttpServer (BaseHttpServer.java:updateConnectorAddress(215)) - HTTP server of SCM is listening at http://0.0.0.0:42816
2019-10-01 21:43:49,176 [main] WARN  server.ServerUtils (ServerUtils.java:getDBPath(222)) - ozone.om.db.dirs is not configured. We recommend adding this setting. Falling back to ozone.metadata.dirs instead.
2019-10-01 21:43:49,176 [org.apache.hadoop.util.JvmPauseMonitor$Monitor@3520958b] INFO  util.JvmPauseMonitor (JvmPauseMonitor.java:run(188)) - Starting JVM pause monitor
2019-10-01 21:43:49,189 [main] WARN  server.ServerUtils (ServerUtils.java:getDBPath(222)) - ozone.om.db.dirs is not configured. We recommend adding this setting. Falling back to ozone.metadata.dirs instead.
2019-10-01 21:43:49,190 [main] WARN  server.ServerUtils (ServerUtils.java:getDBPath(222)) - ozone.om.db.dirs is not configured. We recommend adding this setting. Falling back to ozone.metadata.dirs instead.
2019-10-01 21:43:49,190 [main] INFO  om.OzoneManager (OzoneManager.java:setOMNodeDetails(652)) - OM Service ID is not set. Setting it to the default ID: omServiceIdDefault
2019-10-01 21:43:49,190 [main] INFO  om.OzoneManager (OzoneManager.java:setOMNodeDetails(658)) - OM Node ID is not set. Setting it to the OmStorage's OmID: 3224536b-8f16-4742-b141-539b7c2e6a0a
2019-10-01 21:43:49,190 [main] INFO  om.OzoneManager (OzoneManager.java:loadOMHAConfigs(609)) - Found matching OM address with OMServiceId: null, OMNodeId: null, RPC Address: localhost:0 and Ratis port: 9872
2019-10-01 21:43:49,197 [main] WARN  server.ServerUtils (ServerUtils.java:getDBPath(222)) - ozone.om.db.dirs is not configured. We recommend adding this setting. Falling back to ozone.metadata.dirs instead.
2019-10-01 21:43:49,198 [main] INFO  db.DBStoreBuilder (DBStoreBuilder.java:addTable(110)) - using custom profile for table: userTable
2019-10-01 21:43:49,198 [main] INFO  db.DBStoreBuilder (DBStoreBuilder.java:processTables(161)) - Using default column profile:DBProfile.DISK for Table:userTable
2019-10-01 21:43:49,198 [main] INFO  db.DBStoreBuilder (DBStoreBuilder.java:addTable(110)) - using custom profile for table: volumeTable
2019-10-01 21:43:49,198 [main] INFO  db.DBStoreBuilder (DBStoreBuilder.java:processTables(161)) - Using default column profile:DBProfile.DISK for Table:volumeTable
2019-10-01 21:43:49,198 [main] INFO  db.DBStoreBuilder (DBStoreBuilder.java:addTable(110)) - using custom profile for table: bucketTable
2019-10-01 21:43:49,199 [main] INFO  db.DBStoreBuilder (DBStoreBuilder.java:processTables(161)) - Using default column profile:DBProfile.DISK for Table:bucketTable
2019-10-01 21:43:49,199 [main] INFO  db.DBStoreBuilder (DBStoreBuilder.java:addTable(110)) - using custom profile for table: keyTable
2019-10-01 21:43:49,199 [main] INFO  db.DBStoreBuilder (DBStoreBuilder.java:processTables(161)) - Using default column profile:DBProfile.DISK for Table:keyTable
2019-10-01 21:43:49,199 [main] INFO  db.DBStoreBuilder (DBStoreBuilder.java:addTable(110)) - using custom profile for table: deletedTable
2019-10-01 21:43:49,199 [main] INFO  db.DBStoreBuilder (DBStoreBuilder.java:processTables(161)) - Using default column profile:DBProfile.DISK for Table:deletedTable
2019-10-01 21:43:49,199 [main] INFO  db.DBStoreBuilder (DBStoreBuilder.java:addTable(110)) - using custom profile for table: openKeyTable
2019-10-01 21:43:49,200 [main] INFO  db.DBStoreBuilder (DBStoreBuilder.java:processTables(161)) - Using default column profile:DBProfile.DISK for Table:openKeyTable
2019-10-01 21:43:49,200 [main] INFO  db.DBStoreBuilder (DBStoreBuilder.java:addTable(110)) - using custom profile for table: s3Table
2019-10-01 21:43:49,200 [main] INFO  db.DBStoreBuilder (DBStoreBuilder.java:processTables(161)) - Using default column profile:DBProfile.DISK for Table:s3Table
2019-10-01 21:43:49,200 [main] INFO  db.DBStoreBuilder (DBStoreBuilder.java:addTable(110)) - using custom profile for table: multipartInfoTable
2019-10-01 21:43:49,200 [main] INFO  db.DBStoreBuilder (DBStoreBuilder.java:processTables(161)) - Using default column profile:DBProfile.DISK for Table:multipartInfoTable
2019-10-01 21:43:49,201 [main] INFO  db.DBStoreBuilder (DBStoreBuilder.java:addTable(110)) - using custom profile for table: dTokenTable
2019-10-01 21:43:49,201 [main] INFO  db.DBStoreBuilder (DBStoreBuilder.java:processTables(161)) - Using default column profile:DBProfile.DISK for Table:dTokenTable
2019-10-01 21:43:49,201 [main] INFO  db.DBStoreBuilder (DBStoreBuilder.java:addTable(110)) - using custom profile for table: s3SecretTable
2019-10-01 21:43:49,201 [main] INFO  db.DBStoreBuilder (DBStoreBuilder.java:processTables(161)) - Using default column profile:DBProfile.DISK for Table:s3SecretTable
2019-10-01 21:43:49,201 [main] INFO  db.DBStoreBuilder (DBStoreBuilder.java:addTable(110)) - using custom profile for table: prefixTable
2019-10-01 21:43:49,201 [main] INFO  db.DBStoreBuilder (DBStoreBuilder.java:processTables(161)) - Using default column profile:DBProfile.DISK for Table:prefixTable
2019-10-01 21:43:49,202 [main] INFO  db.DBStoreBuilder (DBStoreBuilder.java:addTable(110)) - using custom profile for table: default
2019-10-01 21:43:49,202 [main] INFO  db.DBStoreBuilder (DBStoreBuilder.java:processTables(167)) - Using default column profile:DBProfile.DISK for Table:default
2019-10-01 21:43:49,202 [main] INFO  db.DBStoreBuilder (DBStoreBuilder.java:getDbProfile(198)) - Using default options. DBProfile.DISK
2019-10-01 21:43:49,776 [main] INFO  ipc.CallQueueManager (CallQueueManager.java:<init>(84)) - Using callQueue: class java.util.concurrent.LinkedBlockingQueue, queueCapacity: 2000, scheduler: class org.apache.hadoop.ipc.DefaultRpcScheduler, ipcBackoff: false.
2019-10-01 21:43:49,777 [Socket Reader #1 for port 35655] INFO  ipc.Server (Server.java:run(1074)) - Starting Socket Reader #1 for port 35655
2019-10-01 21:43:49,791 [main] INFO  om.OzoneManager (OzoneManager.java:start(1243)) - OzoneManager RPC server is listening at localhost/127.0.0.1:35655
2019-10-01 21:43:49,792 [main] INFO  impl.MetricsSystemImpl (MetricsSystemImpl.java:init(158)) - OzoneManager metrics system started (again)
2019-10-01 21:43:49,792 [IPC Server Responder] INFO  ipc.Server (Server.java:run(1314)) - IPC Server Responder: starting
2019-10-01 21:43:49,793 [IPC Server listener on 35655] INFO  ipc.Server (Server.java:run(1153)) - IPC Server listener on 35655: starting
2019-10-01 21:43:49,798 [main] INFO  hdfs.DFSUtil (DFSUtil.java:httpServerTemplateForNNAndJN(1641)) - Starting Web-server for ozoneManager at: http://0.0.0.0:0
2019-10-01 21:43:49,799 [main] INFO  server.AuthenticationFilter (AuthenticationFilter.java:constructSecretProvider(240)) - Unable to initialize FileSignerSecretProvider, falling back to use random secrets.
2019-10-01 21:43:49,799 [main] WARN  http.HttpRequestLog (HttpRequestLog.java:getRequestLog(97)) - Jetty request log can only be enabled using Log4j
2019-10-01 21:43:49,801 [main] INFO  http.HttpServer2 (HttpServer2.java:addGlobalFilter(975)) - Added global filter 'safety' (class=org.apache.hadoop.http.HttpServer2$QuotingInputFilter)
2019-10-01 21:43:49,802 [main] INFO  http.HttpServer2 (HttpServer2.java:addFilter(948)) - Added filter static_user_filter (class=org.apache.hadoop.http.lib.StaticUserWebFilter$StaticUserFilter) to context ozoneManager
2019-10-01 21:43:49,802 [main] INFO  http.HttpServer2 (HttpServer2.java:addFilter(958)) - Added filter static_user_filter (class=org.apache.hadoop.http.lib.StaticUserWebFilter$StaticUserFilter) to context logs
2019-10-01 21:43:49,802 [main] INFO  http.HttpServer2 (HttpServer2.java:addFilter(958)) - Added filter static_user_filter (class=org.apache.hadoop.http.lib.StaticUserWebFilter$StaticUserFilter) to context static
2019-10-01 21:43:49,803 [main] INFO  http.HttpServer2 (HttpServer2.java:bindListener(1191)) - Jetty bound to port 37224
2019-10-01 21:43:49,803 [main] INFO  server.Server (Server.java:doStart(351)) - jetty-9.3.25.v20180904, build timestamp: 2018-09-04T21:11:46Z, git hash: 3ce520221d0240229c862b122d2b06c12a625732
2019-10-01 21:43:49,804 [main] INFO  handler.ContextHandler (ContextHandler.java:doStart(781)) - Started o.e.j.s.ServletContextHandler@6af310c7{/logs,file:///workdir/hadoop-ozone/integration-test/target/log,AVAILABLE}
2019-10-01 21:43:49,805 [main] INFO  handler.ContextHandler (ContextHandler.java:doStart(781)) - Started o.e.j.s.ServletContextHandler@4c38cd16{/static,file:///workdir/hadoop-ozone/integration-test/target/test-classes/webapps/static,AVAILABLE}
2019-10-01 21:43:49,809 [main] INFO  handler.ContextHandler (ContextHandler.java:doStart(781)) - Started o.e.j.w.WebAppContext@3af10d0b{/,file:///workdir/hadoop-ozone/integration-test/target/test-classes/webapps/ozoneManager/,AVAILABLE}{/ozoneManager}
2019-10-01 21:43:49,809 [main] INFO  server.AbstractConnector (AbstractConnector.java:doStart(278)) - Started ServerConnector@6806468e{HTTP/1.1,[http/1.1]}{0.0.0.0:37224}
2019-10-01 21:43:49,810 [main] INFO  server.Server (Server.java:doStart(419)) - Started @251050ms
2019-10-01 21:43:49,811 [main] WARN  impl.MetricsSystemImpl (MetricsSystemImpl.java:register(276)) - Sink prometheus already exists!
2019-10-01 21:43:49,811 [main] INFO  server.BaseHttpServer (BaseHttpServer.java:updateConnectorAddress(215)) - HTTP server of OZONEMANAGER is listening at http://0.0.0.0:37224
2019-10-01 21:43:49,829 [main] INFO  impl.MetricsSystemImpl (MetricsSystemImpl.java:init(158)) - HddsDatanode metrics system started (again)
2019-10-01 21:43:49,833 [main] INFO  ozone.HddsDatanodeService (HddsDatanodeService.java:start(184)) - HddsDatanodeService host:pr-hdds-2224-n586v-1266706246 ip:192.168.164.217
2019-10-01 21:43:49,842 [main] INFO  volume.HddsVolume (HddsVolume.java:<init>(176)) - Creating Volume: /workdir/hadoop-ozone/integration-test/target/test-dir/MiniOzoneClusterImpl-324908f0-eb78-4759-b512-7767c3eea219/datanode-0/data/containers/hdds of  storage type : DISK and capacity : 1482555576320
2019-10-01 21:43:49,843 [main] INFO  volume.VolumeSet (VolumeSet.java:initializeVolumeSet(170)) - Added Volume : /workdir/hadoop-ozone/integration-test/target/test-dir/MiniOzoneClusterImpl-324908f0-eb78-4759-b512-7767c3eea219/datanode-0/data/containers/hdds to VolumeSet
2019-10-01 21:43:49,843 [main] INFO  volume.ThrottledAsyncChecker (ThrottledAsyncChecker.java:schedule(139)) - Scheduling a check for org.apache.hadoop.ozone.container.common.volume.HddsVolume@1eca3ea7
2019-10-01 21:43:49,843 [main] INFO  volume.HddsVolumeChecker (HddsVolumeChecker.java:checkAllVolumes(202)) - Scheduled health check for volume org.apache.hadoop.ozone.container.common.volume.HddsVolume@1eca3ea7
2019-10-01 21:43:49,855 [main] INFO  impl.RaftServerProxy (ConfUtils.java:logGet(43)) - raft.rpc.type = GRPC (default)
2019-10-01 21:43:49,856 [main] INFO  grpc.GrpcFactory (GrpcFactory.java:checkPooledByteBufAllocatorUseCacheForAllThreads(45)) - PERFORMANCE WARNING: useCacheForAllThreads is true that may cause Netty to create a lot garbage objects and, as a result, trigger GC.
	It is recommended to disable useCacheForAllThreads by setting -Dorg.apache.ratis.thirdparty.io.netty.allocator.useCacheForAllThreads=false in command line.
2019-10-01 21:43:49,856 [main] INFO  grpc.GrpcConfigKeys$Server (ConfUtils.java:logGet(43)) - raft.grpc.server.port = 0 (default)
2019-10-01 21:43:49,856 [main] INFO  server.GrpcService (ConfUtils.java:logGet(43)) - raft.grpc.message.size.max = 33570816 (custom)
2019-10-01 21:43:49,856 [main] INFO  server.RaftServerConfigKeys (ConfUtils.java:logGet(43)) - raft.server.log.appender.buffer.byte-limit = 33554432 (custom)
2019-10-01 21:43:49,856 [main] INFO  server.GrpcService (ConfUtils.java:logGet(43)) - raft.grpc.flow.control.window = 1MB (=1048576) (default)
2019-10-01 21:43:49,856 [main] INFO  server.RaftServerConfigKeys (ConfUtils.java:logGet(43)) - raft.server.rpc.request.timeout = 3000ms (default)
2019-10-01 21:43:49,857 [main] INFO  server.RaftServerConfigKeys (ConfUtils.java:logGet(43)) - raft.server.storage.dir = [/workdir/hadoop-ozone/integration-test/target/test-dir/MiniOzoneClusterImpl-324908f0-eb78-4759-b512-7767c3eea219/datanode-0/data/ratis] (custom)
2019-10-01 21:43:49,858 [main] INFO  hdfs.DFSUtil (DFSUtil.java:httpServerTemplateForNNAndJN(1641)) - Starting Web-server for hddsDatanode at: http://0.0.0.0:0
2019-10-01 21:43:49,860 [main] INFO  server.AuthenticationFilter (AuthenticationFilter.java:constructSecretProvider(240)) - Unable to initialize FileSignerSecretProvider, falling back to use random secrets.
2019-10-01 21:43:49,860 [main] WARN  http.HttpRequestLog (HttpRequestLog.java:getRequestLog(97)) - Jetty request log can only be enabled using Log4j
2019-10-01 21:43:49,862 [main] INFO  http.HttpServer2 (HttpServer2.java:addGlobalFilter(975)) - Added global filter 'safety' (class=org.apache.hadoop.http.HttpServer2$QuotingInputFilter)
2019-10-01 21:43:49,862 [main] INFO  http.HttpServer2 (HttpServer2.java:addFilter(948)) - Added filter static_user_filter (class=org.apache.hadoop.http.lib.StaticUserWebFilter$StaticUserFilter) to context hddsDatanode
2019-10-01 21:43:49,863 [main] INFO  http.HttpServer2 (HttpServer2.java:addFilter(958)) - Added filter static_user_filter (class=org.apache.hadoop.http.lib.StaticUserWebFilter$StaticUserFilter) to context static
2019-10-01 21:43:49,863 [main] INFO  http.HttpServer2 (HttpServer2.java:addFilter(958)) - Added filter static_user_filter (class=org.apache.hadoop.http.lib.StaticUserWebFilter$StaticUserFilter) to context logs
2019-10-01 21:43:49,863 [main] INFO  http.HttpServer2 (HttpServer2.java:bindListener(1191)) - Jetty bound to port 45953
2019-10-01 21:43:49,864 [main] INFO  server.Server (Server.java:doStart(351)) - jetty-9.3.25.v20180904, build timestamp: 2018-09-04T21:11:46Z, git hash: 3ce520221d0240229c862b122d2b06c12a625732
2019-10-01 21:43:49,865 [main] INFO  handler.ContextHandler (ContextHandler.java:doStart(781)) - Started o.e.j.s.ServletContextHandler@1a2ac487{/logs,file:///workdir/hadoop-ozone/integration-test/target/log,AVAILABLE}
2019-10-01 21:43:49,866 [main] INFO  handler.ContextHandler (ContextHandler.java:doStart(781)) - Started o.e.j.s.ServletContextHandler@36224f93{/static,jar:file:/home/user/.m2/repository/org/apache/hadoop/hadoop-hdds-container-service/0.5.0-SNAPSHOT/hadoop-hdds-container-service-0.5.0-SNAPSHOT.jar!/webapps/static,AVAILABLE}
2019-10-01 21:43:49,901 [main] INFO  handler.ContextHandler (ContextHandler.java:doStart(781)) - Started o.e.j.w.WebAppContext@3c54ddec{/,file:///tmp/jetty-0.0.0.0-45953-hddsDatanode-_-any-6831025246344939096.dir/webapp/,AVAILABLE}{/hddsDatanode}
2019-10-01 21:43:49,902 [main] INFO  server.AbstractConnector (AbstractConnector.java:doStart(278)) - Started ServerConnector@6d69a0d3{HTTP/1.1,[http/1.1]}{0.0.0.0:45953}
2019-10-01 21:43:49,904 [main] INFO  server.Server (Server.java:doStart(419)) - Started @251144ms
2019-10-01 21:43:49,904 [main] WARN  impl.MetricsSystemImpl (MetricsSystemImpl.java:register(276)) - Sink prometheus already exists!
2019-10-01 21:43:49,905 [main] INFO  server.BaseHttpServer (BaseHttpServer.java:updateConnectorAddress(215)) - HTTP server of HDDSDATANODE is listening at http://0.0.0.0:45953
2019-10-01 21:43:49,905 [main] INFO  impl.MetricsSystemImpl (MetricsSystemImpl.java:init(158)) - HddsDatanode metrics system started (again)
2019-10-01 21:43:49,908 [org.apache.hadoop.util.JvmPauseMonitor$Monitor@2cb3b9a5] INFO  util.JvmPauseMonitor (JvmPauseMonitor.java:run(188)) - Starting JVM pause monitor
2019-10-01 21:43:49,909 [main] INFO  ozone.HddsDatanodeService (HddsDatanodeService.java:start(184)) - HddsDatanodeService host:pr-hdds-2224-n586v-1266706246 ip:192.168.164.217
2019-10-01 21:43:49,910 [Datanode State Machine Thread - 0] INFO  datanode.InitDatanodeState (InitDatanodeState.java:persistContainerDatanodeDetails(140)) - DatanodeDetails is persisted to /workdir/hadoop-ozone/integration-test/target/test-dir/MiniOzoneClusterImpl-324908f0-eb78-4759-b512-7767c3eea219/datanode-0/meta/datanode.id
2019-10-01 21:43:49,915 [main] INFO  volume.HddsVolume (HddsVolume.java:<init>(176)) - Creating Volume: /workdir/hadoop-ozone/integration-test/target/test-dir/MiniOzoneClusterImpl-324908f0-eb78-4759-b512-7767c3eea219/datanode-1/data/containers/hdds of  storage type : DISK and capacity : 1482555576320
2019-10-01 21:43:49,915 [main] INFO  volume.VolumeSet (VolumeSet.java:initializeVolumeSet(170)) - Added Volume : /workdir/hadoop-ozone/integration-test/target/test-dir/MiniOzoneClusterImpl-324908f0-eb78-4759-b512-7767c3eea219/datanode-1/data/containers/hdds to VolumeSet
2019-10-01 21:43:49,916 [main] INFO  volume.ThrottledAsyncChecker (ThrottledAsyncChecker.java:schedule(139)) - Scheduling a check for org.apache.hadoop.ozone.container.common.volume.HddsVolume@7c70aae1
2019-10-01 21:43:49,916 [main] INFO  volume.HddsVolumeChecker (HddsVolumeChecker.java:checkAllVolumes(202)) - Scheduled health check for volume org.apache.hadoop.ozone.container.common.volume.HddsVolume@7c70aae1
2019-10-01 21:43:49,931 [main] INFO  impl.RaftServerProxy (ConfUtils.java:logGet(43)) - raft.rpc.type = GRPC (default)
2019-10-01 21:43:49,931 [main] INFO  grpc.GrpcFactory (GrpcFactory.java:checkPooledByteBufAllocatorUseCacheForAllThreads(45)) - PERFORMANCE WARNING: useCacheForAllThreads is true that may cause Netty to create a lot garbage objects and, as a result, trigger GC.
	It is recommended to disable useCacheForAllThreads by setting -Dorg.apache.ratis.thirdparty.io.netty.allocator.useCacheForAllThreads=false in command line.
2019-10-01 21:43:49,932 [main] INFO  grpc.GrpcConfigKeys$Server (ConfUtils.java:logGet(43)) - raft.grpc.server.port = 0 (default)
2019-10-01 21:43:49,932 [main] INFO  server.GrpcService (ConfUtils.java:logGet(43)) - raft.grpc.message.size.max = 33570816 (custom)
2019-10-01 21:43:49,932 [main] INFO  server.RaftServerConfigKeys (ConfUtils.java:logGet(43)) - raft.server.log.appender.buffer.byte-limit = 33554432 (custom)
2019-10-01 21:43:49,933 [main] INFO  server.GrpcService (ConfUtils.java:logGet(43)) - raft.grpc.flow.control.window = 1MB (=1048576) (default)
2019-10-01 21:43:49,933 [main] INFO  server.RaftServerConfigKeys (ConfUtils.java:logGet(43)) - raft.server.rpc.request.timeout = 3000ms (default)
2019-10-01 21:43:49,933 [main] INFO  server.RaftServerConfigKeys (ConfUtils.java:logGet(43)) - raft.server.storage.dir = [/workdir/hadoop-ozone/integration-test/target/test-dir/MiniOzoneClusterImpl-324908f0-eb78-4759-b512-7767c3eea219/datanode-1/data/ratis] (custom)
2019-10-01 21:43:49,935 [main] INFO  hdfs.DFSUtil (DFSUtil.java:httpServerTemplateForNNAndJN(1641)) - Starting Web-server for hddsDatanode at: http://0.0.0.0:0
2019-10-01 21:43:49,937 [main] INFO  server.AuthenticationFilter (AuthenticationFilter.java:constructSecretProvider(240)) - Unable to initialize FileSignerSecretProvider, falling back to use random secrets.
2019-10-01 21:43:49,937 [main] WARN  http.HttpRequestLog (HttpRequestLog.java:getRequestLog(97)) - Jetty request log can only be enabled using Log4j
2019-10-01 21:43:49,939 [main] INFO  http.HttpServer2 (HttpServer2.java:addGlobalFilter(975)) - Added global filter 'safety' (class=org.apache.hadoop.http.HttpServer2$QuotingInputFilter)
2019-10-01 21:43:49,939 [main] INFO  http.HttpServer2 (HttpServer2.java:addFilter(948)) - Added filter static_user_filter (class=org.apache.hadoop.http.lib.StaticUserWebFilter$StaticUserFilter) to context hddsDatanode
2019-10-01 21:43:49,940 [main] INFO  http.HttpServer2 (HttpServer2.java:addFilter(958)) - Added filter static_user_filter (class=org.apache.hadoop.http.lib.StaticUserWebFilter$StaticUserFilter) to context logs
2019-10-01 21:43:49,940 [main] INFO  http.HttpServer2 (HttpServer2.java:addFilter(958)) - Added filter static_user_filter (class=org.apache.hadoop.http.lib.StaticUserWebFilter$StaticUserFilter) to context static
2019-10-01 21:43:49,941 [main] INFO  http.HttpServer2 (HttpServer2.java:bindListener(1191)) - Jetty bound to port 37289
2019-10-01 21:43:49,941 [main] INFO  server.Server (Server.java:doStart(351)) - jetty-9.3.25.v20180904, build timestamp: 2018-09-04T21:11:46Z, git hash: 3ce520221d0240229c862b122d2b06c12a625732
2019-10-01 21:43:49,942 [main] INFO  handler.ContextHandler (ContextHandler.java:doStart(781)) - Started o.e.j.s.ServletContextHandler@4c18516{/logs,file:///workdir/hadoop-ozone/integration-test/target/log,AVAILABLE}
2019-10-01 21:43:49,943 [main] INFO  handler.ContextHandler (ContextHandler.java:doStart(781)) - Started o.e.j.s.ServletContextHandler@3d104c9b{/static,jar:file:/home/user/.m2/repository/org/apache/hadoop/hadoop-hdds-container-service/0.5.0-SNAPSHOT/hadoop-hdds-container-service-0.5.0-SNAPSHOT.jar!/webapps/static,AVAILABLE}
2019-10-01 21:43:49,975 [main] INFO  handler.ContextHandler (ContextHandler.java:doStart(781)) - Started o.e.j.w.WebAppContext@7aa01bd9{/,file:///tmp/jetty-0.0.0.0-37289-hddsDatanode-_-any-4712792011838079257.dir/webapp/,AVAILABLE}{/hddsDatanode}
2019-10-01 21:43:49,975 [main] INFO  server.AbstractConnector (AbstractConnector.java:doStart(278)) - Started ServerConnector@7e61e25c{HTTP/1.1,[http/1.1]}{0.0.0.0:37289}
2019-10-01 21:43:49,977 [main] INFO  server.Server (Server.java:doStart(419)) - Started @251217ms
2019-10-01 21:43:49,977 [main] WARN  impl.MetricsSystemImpl (MetricsSystemImpl.java:register(276)) - Sink prometheus already exists!
2019-10-01 21:43:49,978 [main] INFO  server.BaseHttpServer (BaseHttpServer.java:updateConnectorAddress(215)) - HTTP server of HDDSDATANODE is listening at http://0.0.0.0:37289
2019-10-01 21:43:49,979 [main] INFO  impl.MetricsSystemImpl (MetricsSystemImpl.java:init(158)) - HddsDatanode metrics system started (again)
2019-10-01 21:43:49,982 [org.apache.hadoop.util.JvmPauseMonitor$Monitor@2d2bb926] INFO  util.JvmPauseMonitor (JvmPauseMonitor.java:run(188)) - Starting JVM pause monitor
2019-10-01 21:43:49,983 [main] INFO  ozone.HddsDatanodeService (HddsDatanodeService.java:start(184)) - HddsDatanodeService host:pr-hdds-2224-n586v-1266706246 ip:192.168.164.217
2019-10-01 21:43:49,984 [Datanode State Machine Thread - 0] INFO  datanode.InitDatanodeState (InitDatanodeState.java:persistContainerDatanodeDetails(140)) - DatanodeDetails is persisted to /workdir/hadoop-ozone/integration-test/target/test-dir/MiniOzoneClusterImpl-324908f0-eb78-4759-b512-7767c3eea219/datanode-1/meta/datanode.id
2019-10-01 21:43:49,989 [main] INFO  volume.HddsVolume (HddsVolume.java:<init>(176)) - Creating Volume: /workdir/hadoop-ozone/integration-test/target/test-dir/MiniOzoneClusterImpl-324908f0-eb78-4759-b512-7767c3eea219/datanode-2/data/containers/hdds of  storage type : DISK and capacity : 1482555576320
2019-10-01 21:43:49,989 [main] INFO  volume.VolumeSet (VolumeSet.java:initializeVolumeSet(170)) - Added Volume : /workdir/hadoop-ozone/integration-test/target/test-dir/MiniOzoneClusterImpl-324908f0-eb78-4759-b512-7767c3eea219/datanode-2/data/containers/hdds to VolumeSet
2019-10-01 21:43:49,990 [main] INFO  volume.ThrottledAsyncChecker (ThrottledAsyncChecker.java:schedule(139)) - Scheduling a check for org.apache.hadoop.ozone.container.common.volume.HddsVolume@6c951ada
2019-10-01 21:43:49,990 [main] INFO  volume.HddsVolumeChecker (HddsVolumeChecker.java:checkAllVolumes(202)) - Scheduled health check for volume org.apache.hadoop.ozone.container.common.volume.HddsVolume@6c951ada
2019-10-01 21:43:50,001 [main] INFO  impl.RaftServerProxy (ConfUtils.java:logGet(43)) - raft.rpc.type = GRPC (default)
2019-10-01 21:43:50,001 [main] INFO  grpc.GrpcFactory (GrpcFactory.java:checkPooledByteBufAllocatorUseCacheForAllThreads(45)) - PERFORMANCE WARNING: useCacheForAllThreads is true that may cause Netty to create a lot garbage objects and, as a result, trigger GC.
	It is recommended to disable useCacheForAllThreads by setting -Dorg.apache.ratis.thirdparty.io.netty.allocator.useCacheForAllThreads=false in command line.
2019-10-01 21:43:50,001 [main] INFO  grpc.GrpcConfigKeys$Server (ConfUtils.java:logGet(43)) - raft.grpc.server.port = 0 (default)
2019-10-01 21:43:50,001 [main] INFO  server.GrpcService (ConfUtils.java:logGet(43)) - raft.grpc.message.size.max = 33570816 (custom)
2019-10-01 21:43:50,002 [main] INFO  server.RaftServerConfigKeys (ConfUtils.java:logGet(43)) - raft.server.log.appender.buffer.byte-limit = 33554432 (custom)
2019-10-01 21:43:50,002 [main] INFO  server.GrpcService (ConfUtils.java:logGet(43)) - raft.grpc.flow.control.window = 1MB (=1048576) (default)
2019-10-01 21:43:50,002 [main] INFO  server.RaftServerConfigKeys (ConfUtils.java:logGet(43)) - raft.server.rpc.request.timeout = 3000ms (default)
2019-10-01 21:43:50,002 [main] INFO  server.RaftServerConfigKeys (ConfUtils.java:logGet(43)) - raft.server.storage.dir = [/workdir/hadoop-ozone/integration-test/target/test-dir/MiniOzoneClusterImpl-324908f0-eb78-4759-b512-7767c3eea219/datanode-2/data/ratis] (custom)
2019-10-01 21:43:50,003 [main] INFO  hdfs.DFSUtil (DFSUtil.java:httpServerTemplateForNNAndJN(1641)) - Starting Web-server for hddsDatanode at: http://0.0.0.0:0
2019-10-01 21:43:50,005 [main] INFO  server.AuthenticationFilter (AuthenticationFilter.java:constructSecretProvider(240)) - Unable to initialize FileSignerSecretProvider, falling back to use random secrets.
2019-10-01 21:43:50,006 [main] WARN  http.HttpRequestLog (HttpRequestLog.java:getRequestLog(97)) - Jetty request log can only be enabled using Log4j
2019-10-01 21:43:50,007 [main] INFO  http.HttpServer2 (HttpServer2.java:addGlobalFilter(975)) - Added global filter 'safety' (class=org.apache.hadoop.http.HttpServer2$QuotingInputFilter)
2019-10-01 21:43:50,007 [main] INFO  http.HttpServer2 (HttpServer2.java:addFilter(948)) - Added filter static_user_filter (class=org.apache.hadoop.http.lib.StaticUserWebFilter$StaticUserFilter) to context hddsDatanode
2019-10-01 21:43:50,008 [main] INFO  http.HttpServer2 (HttpServer2.java:addFilter(958)) - Added filter static_user_filter (class=org.apache.hadoop.http.lib.StaticUserWebFilter$StaticUserFilter) to context static
2019-10-01 21:43:50,008 [main] INFO  http.HttpServer2 (HttpServer2.java:addFilter(958)) - Added filter static_user_filter (class=org.apache.hadoop.http.lib.StaticUserWebFilter$StaticUserFilter) to context logs
2019-10-01 21:43:50,008 [main] INFO  http.HttpServer2 (HttpServer2.java:bindListener(1191)) - Jetty bound to port 43687
2019-10-01 21:43:50,008 [main] INFO  server.Server (Server.java:doStart(351)) - jetty-9.3.25.v20180904, build timestamp: 2018-09-04T21:11:46Z, git hash: 3ce520221d0240229c862b122d2b06c12a625732
2019-10-01 21:43:50,010 [main] INFO  handler.ContextHandler (ContextHandler.java:doStart(781)) - Started o.e.j.s.ServletContextHandler@6a09484c{/logs,file:///workdir/hadoop-ozone/integration-test/target/log,AVAILABLE}
2019-10-01 21:43:50,010 [main] INFO  handler.ContextHandler (ContextHandler.java:doStart(781)) - Started o.e.j.s.ServletContextHandler@50ec4bfc{/static,jar:file:/home/user/.m2/repository/org/apache/hadoop/hadoop-hdds-container-service/0.5.0-SNAPSHOT/hadoop-hdds-container-service-0.5.0-SNAPSHOT.jar!/webapps/static,AVAILABLE}
2019-10-01 21:43:50,037 [main] INFO  handler.ContextHandler (ContextHandler.java:doStart(781)) - Started o.e.j.w.WebAppContext@2fd9fb34{/,file:///tmp/jetty-0.0.0.0-43687-hddsDatanode-_-any-7822874654040351307.dir/webapp/,AVAILABLE}{/hddsDatanode}
2019-10-01 21:43:50,038 [main] INFO  server.AbstractConnector (AbstractConnector.java:doStart(278)) - Started ServerConnector@1595d2b2{HTTP/1.1,[http/1.1]}{0.0.0.0:43687}
2019-10-01 21:43:50,039 [main] INFO  server.Server (Server.java:doStart(419)) - Started @251279ms
2019-10-01 21:43:50,039 [main] WARN  impl.MetricsSystemImpl (MetricsSystemImpl.java:register(276)) - Sink prometheus already exists!
2019-10-01 21:43:50,040 [main] INFO  server.BaseHttpServer (BaseHttpServer.java:updateConnectorAddress(215)) - HTTP server of HDDSDATANODE is listening at http://0.0.0.0:43687
2019-10-01 21:43:50,041 [main] INFO  impl.MetricsSystemImpl (MetricsSystemImpl.java:init(158)) - HddsDatanode metrics system started (again)
2019-10-01 21:43:50,045 [org.apache.hadoop.util.JvmPauseMonitor$Monitor@3c7891d2] INFO  util.JvmPauseMonitor (JvmPauseMonitor.java:run(188)) - Starting JVM pause monitor
2019-10-01 21:43:50,045 [main] INFO  ozone.HddsDatanodeService (HddsDatanodeService.java:start(184)) - HddsDatanodeService host:pr-hdds-2224-n586v-1266706246 ip:192.168.164.217
2019-10-01 21:43:50,046 [Datanode State Machine Thread - 0] INFO  datanode.InitDatanodeState (InitDatanodeState.java:persistContainerDatanodeDetails(140)) - DatanodeDetails is persisted to /workdir/hadoop-ozone/integration-test/target/test-dir/MiniOzoneClusterImpl-324908f0-eb78-4759-b512-7767c3eea219/datanode-2/meta/datanode.id
2019-10-01 21:43:50,051 [main] INFO  volume.HddsVolume (HddsVolume.java:<init>(176)) - Creating Volume: /workdir/hadoop-ozone/integration-test/target/test-dir/MiniOzoneClusterImpl-324908f0-eb78-4759-b512-7767c3eea219/datanode-3/data/containers/hdds of  storage type : DISK and capacity : 1482555576320
2019-10-01 21:43:50,052 [main] INFO  volume.VolumeSet (VolumeSet.java:initializeVolumeSet(170)) - Added Volume : /workdir/hadoop-ozone/integration-test/target/test-dir/MiniOzoneClusterImpl-324908f0-eb78-4759-b512-7767c3eea219/datanode-3/data/containers/hdds to VolumeSet
2019-10-01 21:43:50,052 [main] INFO  volume.ThrottledAsyncChecker (ThrottledAsyncChecker.java:schedule(139)) - Scheduling a check for org.apache.hadoop.ozone.container.common.volume.HddsVolume@11e9ac24
2019-10-01 21:43:50,052 [main] INFO  volume.HddsVolumeChecker (HddsVolumeChecker.java:checkAllVolumes(202)) - Scheduled health check for volume org.apache.hadoop.ozone.container.common.volume.HddsVolume@11e9ac24
2019-10-01 21:43:50,067 [main] INFO  impl.RaftServerProxy (ConfUtils.java:logGet(43)) - raft.rpc.type = GRPC (default)
2019-10-01 21:43:50,068 [main] INFO  grpc.GrpcFactory (GrpcFactory.java:checkPooledByteBufAllocatorUseCacheForAllThreads(45)) - PERFORMANCE WARNING: useCacheForAllThreads is true that may cause Netty to create a lot garbage objects and, as a result, trigger GC.
	It is recommended to disable useCacheForAllThreads by setting -Dorg.apache.ratis.thirdparty.io.netty.allocator.useCacheForAllThreads=false in command line.
2019-10-01 21:43:50,068 [main] INFO  grpc.GrpcConfigKeys$Server (ConfUtils.java:logGet(43)) - raft.grpc.server.port = 0 (default)
2019-10-01 21:43:50,068 [main] INFO  server.GrpcService (ConfUtils.java:logGet(43)) - raft.grpc.message.size.max = 33570816 (custom)
2019-10-01 21:43:50,068 [main] INFO  server.RaftServerConfigKeys (ConfUtils.java:logGet(43)) - raft.server.log.appender.buffer.byte-limit = 33554432 (custom)
2019-10-01 21:43:50,069 [main] INFO  server.GrpcService (ConfUtils.java:logGet(43)) - raft.grpc.flow.control.window = 1MB (=1048576) (default)
2019-10-01 21:43:50,069 [main] INFO  server.RaftServerConfigKeys (ConfUtils.java:logGet(43)) - raft.server.rpc.request.timeout = 3000ms (default)
2019-10-01 21:43:50,069 [main] INFO  server.RaftServerConfigKeys (ConfUtils.java:logGet(43)) - raft.server.storage.dir = [/workdir/hadoop-ozone/integration-test/target/test-dir/MiniOzoneClusterImpl-324908f0-eb78-4759-b512-7767c3eea219/datanode-3/data/ratis] (custom)
2019-10-01 21:43:50,071 [main] INFO  hdfs.DFSUtil (DFSUtil.java:httpServerTemplateForNNAndJN(1641)) - Starting Web-server for hddsDatanode at: http://0.0.0.0:0
2019-10-01 21:43:50,072 [main] INFO  server.AuthenticationFilter (AuthenticationFilter.java:constructSecretProvider(240)) - Unable to initialize FileSignerSecretProvider, falling back to use random secrets.
2019-10-01 21:43:50,072 [main] WARN  http.HttpRequestLog (HttpRequestLog.java:getRequestLog(97)) - Jetty request log can only be enabled using Log4j
2019-10-01 21:43:50,074 [main] INFO  http.HttpServer2 (HttpServer2.java:addGlobalFilter(975)) - Added global filter 'safety' (class=org.apache.hadoop.http.HttpServer2$QuotingInputFilter)
2019-10-01 21:43:50,074 [main] INFO  http.HttpServer2 (HttpServer2.java:addFilter(948)) - Added filter static_user_filter (class=org.apache.hadoop.http.lib.StaticUserWebFilter$StaticUserFilter) to context hddsDatanode
2019-10-01 21:43:50,075 [main] INFO  http.HttpServer2 (HttpServer2.java:addFilter(958)) - Added filter static_user_filter (class=org.apache.hadoop.http.lib.StaticUserWebFilter$StaticUserFilter) to context logs
2019-10-01 21:43:50,075 [main] INFO  http.HttpServer2 (HttpServer2.java:addFilter(958)) - Added filter static_user_filter (class=org.apache.hadoop.http.lib.StaticUserWebFilter$StaticUserFilter) to context static
2019-10-01 21:43:50,076 [main] INFO  http.HttpServer2 (HttpServer2.java:bindListener(1191)) - Jetty bound to port 45909
2019-10-01 21:43:50,076 [main] INFO  server.Server (Server.java:doStart(351)) - jetty-9.3.25.v20180904, build timestamp: 2018-09-04T21:11:46Z, git hash: 3ce520221d0240229c862b122d2b06c12a625732
2019-10-01 21:43:50,078 [main] INFO  handler.ContextHandler (ContextHandler.java:doStart(781)) - Started o.e.j.s.ServletContextHandler@681061d6{/logs,file:///workdir/hadoop-ozone/integration-test/target/log,AVAILABLE}
2019-10-01 21:43:50,078 [main] INFO  handler.ContextHandler (ContextHandler.java:doStart(781)) - Started o.e.j.s.ServletContextHandler@3caee3a8{/static,jar:file:/home/user/.m2/repository/org/apache/hadoop/hadoop-hdds-container-service/0.5.0-SNAPSHOT/hadoop-hdds-container-service-0.5.0-SNAPSHOT.jar!/webapps/static,AVAILABLE}
2019-10-01 21:43:50,114 [main] INFO  handler.ContextHandler (ContextHandler.java:doStart(781)) - Started o.e.j.w.WebAppContext@5e905f2c{/,file:///tmp/jetty-0.0.0.0-45909-hddsDatanode-_-any-5893442572543569132.dir/webapp/,AVAILABLE}{/hddsDatanode}
2019-10-01 21:43:50,115 [main] INFO  server.AbstractConnector (AbstractConnector.java:doStart(278)) - Started ServerConnector@fddd7ae{HTTP/1.1,[http/1.1]}{0.0.0.0:45909}
2019-10-01 21:43:50,116 [main] INFO  server.Server (Server.java:doStart(419)) - Started @251357ms
2019-10-01 21:43:50,117 [main] WARN  impl.MetricsSystemImpl (MetricsSystemImpl.java:register(276)) - Sink prometheus already exists!
2019-10-01 21:43:50,117 [main] INFO  server.BaseHttpServer (BaseHttpServer.java:updateConnectorAddress(215)) - HTTP server of HDDSDATANODE is listening at http://0.0.0.0:45909
2019-10-01 21:43:50,118 [main] INFO  impl.MetricsSystemImpl (MetricsSystemImpl.java:init(158)) - HddsDatanode metrics system started (again)
2019-10-01 21:43:50,123 [org.apache.hadoop.util.JvmPauseMonitor$Monitor@13a6546b] INFO  util.JvmPauseMonitor (JvmPauseMonitor.java:run(188)) - Starting JVM pause monitor
2019-10-01 21:43:50,123 [main] INFO  ozone.HddsDatanodeService (HddsDatanodeService.java:start(184)) - HddsDatanodeService host:pr-hdds-2224-n586v-1266706246 ip:192.168.164.217
2019-10-01 21:43:50,124 [Datanode State Machine Thread - 0] INFO  datanode.InitDatanodeState (InitDatanodeState.java:persistContainerDatanodeDetails(140)) - DatanodeDetails is persisted to /workdir/hadoop-ozone/integration-test/target/test-dir/MiniOzoneClusterImpl-324908f0-eb78-4759-b512-7767c3eea219/datanode-3/meta/datanode.id
2019-10-01 21:43:50,128 [main] INFO  volume.HddsVolume (HddsVolume.java:<init>(176)) - Creating Volume: /workdir/hadoop-ozone/integration-test/target/test-dir/MiniOzoneClusterImpl-324908f0-eb78-4759-b512-7767c3eea219/datanode-4/data/containers/hdds of  storage type : DISK and capacity : 1482555576320
2019-10-01 21:43:50,129 [main] INFO  volume.VolumeSet (VolumeSet.java:initializeVolumeSet(170)) - Added Volume : /workdir/hadoop-ozone/integration-test/target/test-dir/MiniOzoneClusterImpl-324908f0-eb78-4759-b512-7767c3eea219/datanode-4/data/containers/hdds to VolumeSet
2019-10-01 21:43:50,129 [main] INFO  volume.ThrottledAsyncChecker (ThrottledAsyncChecker.java:schedule(139)) - Scheduling a check for org.apache.hadoop.ozone.container.common.volume.HddsVolume@52354202
2019-10-01 21:43:50,129 [main] INFO  volume.HddsVolumeChecker (HddsVolumeChecker.java:checkAllVolumes(202)) - Scheduled health check for volume org.apache.hadoop.ozone.container.common.volume.HddsVolume@52354202
2019-10-01 21:43:50,144 [main] INFO  impl.RaftServerProxy (ConfUtils.java:logGet(43)) - raft.rpc.type = GRPC (default)
2019-10-01 21:43:50,144 [main] INFO  grpc.GrpcFactory (GrpcFactory.java:checkPooledByteBufAllocatorUseCacheForAllThreads(45)) - PERFORMANCE WARNING: useCacheForAllThreads is true that may cause Netty to create a lot garbage objects and, as a result, trigger GC.
	It is recommended to disable useCacheForAllThreads by setting -Dorg.apache.ratis.thirdparty.io.netty.allocator.useCacheForAllThreads=false in command line.
2019-10-01 21:43:50,144 [main] INFO  grpc.GrpcConfigKeys$Server (ConfUtils.java:logGet(43)) - raft.grpc.server.port = 0 (default)
2019-10-01 21:43:50,144 [main] INFO  server.GrpcService (ConfUtils.java:logGet(43)) - raft.grpc.message.size.max = 33570816 (custom)
2019-10-01 21:43:50,145 [main] INFO  server.RaftServerConfigKeys (ConfUtils.java:logGet(43)) - raft.server.log.appender.buffer.byte-limit = 33554432 (custom)
2019-10-01 21:43:50,145 [main] INFO  server.GrpcService (ConfUtils.java:logGet(43)) - raft.grpc.flow.control.window = 1MB (=1048576) (default)
2019-10-01 21:43:50,145 [main] INFO  server.RaftServerConfigKeys (ConfUtils.java:logGet(43)) - raft.server.rpc.request.timeout = 3000ms (default)
2019-10-01 21:43:50,146 [main] INFO  server.RaftServerConfigKeys (ConfUtils.java:logGet(43)) - raft.server.storage.dir = [/workdir/hadoop-ozone/integration-test/target/test-dir/MiniOzoneClusterImpl-324908f0-eb78-4759-b512-7767c3eea219/datanode-4/data/ratis] (custom)
2019-10-01 21:43:50,147 [main] INFO  hdfs.DFSUtil (DFSUtil.java:httpServerTemplateForNNAndJN(1641)) - Starting Web-server for hddsDatanode at: http://0.0.0.0:0
2019-10-01 21:43:50,148 [main] INFO  server.AuthenticationFilter (AuthenticationFilter.java:constructSecretProvider(240)) - Unable to initialize FileSignerSecretProvider, falling back to use random secrets.
2019-10-01 21:43:50,148 [main] WARN  http.HttpRequestLog (HttpRequestLog.java:getRequestLog(97)) - Jetty request log can only be enabled using Log4j
2019-10-01 21:43:50,150 [main] INFO  http.HttpServer2 (HttpServer2.java:addGlobalFilter(975)) - Added global filter 'safety' (class=org.apache.hadoop.http.HttpServer2$QuotingInputFilter)
2019-10-01 21:43:50,150 [main] INFO  http.HttpServer2 (HttpServer2.java:addFilter(948)) - Added filter static_user_filter (class=org.apache.hadoop.http.lib.StaticUserWebFilter$StaticUserFilter) to context hddsDatanode
2019-10-01 21:43:50,151 [main] INFO  http.HttpServer2 (HttpServer2.java:addFilter(958)) - Added filter static_user_filter (class=org.apache.hadoop.http.lib.StaticUserWebFilter$StaticUserFilter) to context static
2019-10-01 21:43:50,151 [main] INFO  http.HttpServer2 (HttpServer2.java:addFilter(958)) - Added filter static_user_filter (class=org.apache.hadoop.http.lib.StaticUserWebFilter$StaticUserFilter) to context logs
2019-10-01 21:43:50,151 [main] INFO  http.HttpServer2 (HttpServer2.java:bindListener(1191)) - Jetty bound to port 35125
2019-10-01 21:43:50,152 [main] INFO  server.Server (Server.java:doStart(351)) - jetty-9.3.25.v20180904, build timestamp: 2018-09-04T21:11:46Z, git hash: 3ce520221d0240229c862b122d2b06c12a625732
2019-10-01 21:43:50,153 [main] INFO  handler.ContextHandler (ContextHandler.java:doStart(781)) - Started o.e.j.s.ServletContextHandler@2eb0cefe{/logs,file:///workdir/hadoop-ozone/integration-test/target/log,AVAILABLE}
2019-10-01 21:43:50,154 [main] INFO  handler.ContextHandler (ContextHandler.java:doStart(781)) - Started o.e.j.s.ServletContextHandler@2bec068b{/static,jar:file:/home/user/.m2/repository/org/apache/hadoop/hadoop-hdds-container-service/0.5.0-SNAPSHOT/hadoop-hdds-container-service-0.5.0-SNAPSHOT.jar!/webapps/static,AVAILABLE}
2019-10-01 21:43:50,179 [main] INFO  handler.ContextHandler (ContextHandler.java:doStart(781)) - Started o.e.j.w.WebAppContext@3820cfe{/,file:///tmp/jetty-0.0.0.0-35125-hddsDatanode-_-any-2583541561796809221.dir/webapp/,AVAILABLE}{/hddsDatanode}
2019-10-01 21:43:50,180 [main] INFO  server.AbstractConnector (AbstractConnector.java:doStart(278)) - Started ServerConnector@2407a36c{HTTP/1.1,[http/1.1]}{0.0.0.0:35125}
2019-10-01 21:43:50,182 [main] INFO  server.Server (Server.java:doStart(419)) - Started @251422ms
2019-10-01 21:43:50,182 [main] WARN  impl.MetricsSystemImpl (MetricsSystemImpl.java:register(276)) - Sink prometheus already exists!
2019-10-01 21:43:50,183 [main] INFO  server.BaseHttpServer (BaseHttpServer.java:updateConnectorAddress(215)) - HTTP server of HDDSDATANODE is listening at http://0.0.0.0:35125
2019-10-01 21:43:50,183 [main] INFO  impl.MetricsSystemImpl (MetricsSystemImpl.java:init(158)) - HddsDatanode metrics system started (again)
2019-10-01 21:43:50,184 [org.apache.hadoop.util.JvmPauseMonitor$Monitor@36196594] INFO  util.JvmPauseMonitor (JvmPauseMonitor.java:run(188)) - Starting JVM pause monitor
2019-10-01 21:43:50,191 [main] INFO  ozone.HddsDatanodeService (HddsDatanodeService.java:start(184)) - HddsDatanodeService host:pr-hdds-2224-n586v-1266706246 ip:192.168.164.217
2019-10-01 21:43:50,191 [Datanode State Machine Thread - 0] INFO  datanode.InitDatanodeState (InitDatanodeState.java:persistContainerDatanodeDetails(140)) - DatanodeDetails is persisted to /workdir/hadoop-ozone/integration-test/target/test-dir/MiniOzoneClusterImpl-324908f0-eb78-4759-b512-7767c3eea219/datanode-4/meta/datanode.id
2019-10-01 21:43:50,199 [main] INFO  volume.HddsVolume (HddsVolume.java:<init>(176)) - Creating Volume: /workdir/hadoop-ozone/integration-test/target/test-dir/MiniOzoneClusterImpl-324908f0-eb78-4759-b512-7767c3eea219/datanode-5/data/containers/hdds of  storage type : DISK and capacity : 1482555576320
2019-10-01 21:43:50,200 [main] INFO  volume.VolumeSet (VolumeSet.java:initializeVolumeSet(170)) - Added Volume : /workdir/hadoop-ozone/integration-test/target/test-dir/MiniOzoneClusterImpl-324908f0-eb78-4759-b512-7767c3eea219/datanode-5/data/containers/hdds to VolumeSet
2019-10-01 21:43:50,200 [main] INFO  volume.ThrottledAsyncChecker (ThrottledAsyncChecker.java:schedule(139)) - Scheduling a check for org.apache.hadoop.ozone.container.common.volume.HddsVolume@5d850a25
2019-10-01 21:43:50,201 [main] INFO  volume.HddsVolumeChecker (HddsVolumeChecker.java:checkAllVolumes(202)) - Scheduled health check for volume org.apache.hadoop.ozone.container.common.volume.HddsVolume@5d850a25
2019-10-01 21:43:50,217 [main] INFO  impl.RaftServerProxy (ConfUtils.java:logGet(43)) - raft.rpc.type = GRPC (default)
2019-10-01 21:43:50,217 [main] INFO  grpc.GrpcFactory (GrpcFactory.java:checkPooledByteBufAllocatorUseCacheForAllThreads(45)) - PERFORMANCE WARNING: useCacheForAllThreads is true that may cause Netty to create a lot garbage objects and, as a result, trigger GC.
	It is recommended to disable useCacheForAllThreads by setting -Dorg.apache.ratis.thirdparty.io.netty.allocator.useCacheForAllThreads=false in command line.
2019-10-01 21:43:50,218 [main] INFO  grpc.GrpcConfigKeys$Server (ConfUtils.java:logGet(43)) - raft.grpc.server.port = 0 (default)
2019-10-01 21:43:50,218 [main] INFO  server.GrpcService (ConfUtils.java:logGet(43)) - raft.grpc.message.size.max = 33570816 (custom)
2019-10-01 21:43:50,218 [main] INFO  server.RaftServerConfigKeys (ConfUtils.java:logGet(43)) - raft.server.log.appender.buffer.byte-limit = 33554432 (custom)
2019-10-01 21:43:50,218 [main] INFO  server.GrpcService (ConfUtils.java:logGet(43)) - raft.grpc.flow.control.window = 1MB (=1048576) (default)
2019-10-01 21:43:50,219 [main] INFO  server.RaftServerConfigKeys (ConfUtils.java:logGet(43)) - raft.server.rpc.request.timeout = 3000ms (default)
2019-10-01 21:43:50,219 [main] INFO  server.RaftServerConfigKeys (ConfUtils.java:logGet(43)) - raft.server.storage.dir = [/workdir/hadoop-ozone/integration-test/target/test-dir/MiniOzoneClusterImpl-324908f0-eb78-4759-b512-7767c3eea219/datanode-5/data/ratis] (custom)
2019-10-01 21:43:50,220 [main] INFO  hdfs.DFSUtil (DFSUtil.java:httpServerTemplateForNNAndJN(1641)) - Starting Web-server for hddsDatanode at: http://0.0.0.0:0
2019-10-01 21:43:50,222 [main] INFO  server.AuthenticationFilter (AuthenticationFilter.java:constructSecretProvider(240)) - Unable to initialize FileSignerSecretProvider, falling back to use random secrets.
2019-10-01 21:43:50,223 [main] WARN  http.HttpRequestLog (HttpRequestLog.java:getRequestLog(97)) - Jetty request log can only be enabled using Log4j
2019-10-01 21:43:50,224 [main] INFO  http.HttpServer2 (HttpServer2.java:addGlobalFilter(975)) - Added global filter 'safety' (class=org.apache.hadoop.http.HttpServer2$QuotingInputFilter)
2019-10-01 21:43:50,225 [main] INFO  http.HttpServer2 (HttpServer2.java:addFilter(948)) - Added filter static_user_filter (class=org.apache.hadoop.http.lib.StaticUserWebFilter$StaticUserFilter) to context hddsDatanode
2019-10-01 21:43:50,225 [main] INFO  http.HttpServer2 (HttpServer2.java:addFilter(958)) - Added filter static_user_filter (class=org.apache.hadoop.http.lib.StaticUserWebFilter$StaticUserFilter) to context logs
2019-10-01 21:43:50,225 [main] INFO  http.HttpServer2 (HttpServer2.java:addFilter(958)) - Added filter static_user_filter (class=org.apache.hadoop.http.lib.StaticUserWebFilter$StaticUserFilter) to context static
2019-10-01 21:43:50,226 [main] INFO  http.HttpServer2 (HttpServer2.java:bindListener(1191)) - Jetty bound to port 46287
2019-10-01 21:43:50,226 [main] INFO  server.Server (Server.java:doStart(351)) - jetty-9.3.25.v20180904, build timestamp: 2018-09-04T21:11:46Z, git hash: 3ce520221d0240229c862b122d2b06c12a625732
2019-10-01 21:43:50,227 [main] INFO  handler.ContextHandler (ContextHandler.java:doStart(781)) - Started o.e.j.s.ServletContextHandler@4fea840f{/logs,file:///workdir/hadoop-ozone/integration-test/target/log,AVAILABLE}
2019-10-01 21:43:50,228 [main] INFO  handler.ContextHandler (ContextHandler.java:doStart(781)) - Started o.e.j.s.ServletContextHandler@75e80a97{/static,jar:file:/home/user/.m2/repository/org/apache/hadoop/hadoop-hdds-container-service/0.5.0-SNAPSHOT/hadoop-hdds-container-service-0.5.0-SNAPSHOT.jar!/webapps/static,AVAILABLE}
2019-10-01 21:43:50,263 [main] INFO  handler.ContextHandler (ContextHandler.java:doStart(781)) - Started o.e.j.w.WebAppContext@656842bc{/,file:///tmp/jetty-0.0.0.0-46287-hddsDatanode-_-any-3167881181277676302.dir/webapp/,AVAILABLE}{/hddsDatanode}
2019-10-01 21:43:50,263 [main] INFO  server.AbstractConnector (AbstractConnector.java:doStart(278)) - Started ServerConnector@6b867ee7{HTTP/1.1,[http/1.1]}{0.0.0.0:46287}
2019-10-01 21:43:50,265 [main] INFO  server.Server (Server.java:doStart(419)) - Started @251505ms
2019-10-01 21:43:50,265 [main] WARN  impl.MetricsSystemImpl (MetricsSystemImpl.java:register(276)) - Sink prometheus already exists!
2019-10-01 21:43:50,266 [main] INFO  server.BaseHttpServer (BaseHttpServer.java:updateConnectorAddress(215)) - HTTP server of HDDSDATANODE is listening at http://0.0.0.0:46287
2019-10-01 21:43:50,266 [main] INFO  impl.MetricsSystemImpl (MetricsSystemImpl.java:init(158)) - HddsDatanode metrics system started (again)
2019-10-01 21:43:50,271 [org.apache.hadoop.util.JvmPauseMonitor$Monitor@145d5bff] INFO  util.JvmPauseMonitor (JvmPauseMonitor.java:run(188)) - Starting JVM pause monitor
2019-10-01 21:43:50,272 [main] INFO  ozone.HddsDatanodeService (HddsDatanodeService.java:start(184)) - HddsDatanodeService host:pr-hdds-2224-n586v-1266706246 ip:192.168.164.217
2019-10-01 21:43:50,272 [Datanode State Machine Thread - 0] INFO  datanode.InitDatanodeState (InitDatanodeState.java:persistContainerDatanodeDetails(140)) - DatanodeDetails is persisted to /workdir/hadoop-ozone/integration-test/target/test-dir/MiniOzoneClusterImpl-324908f0-eb78-4759-b512-7767c3eea219/datanode-5/meta/datanode.id
2019-10-01 21:43:50,278 [main] INFO  volume.HddsVolume (HddsVolume.java:<init>(176)) - Creating Volume: /workdir/hadoop-ozone/integration-test/target/test-dir/MiniOzoneClusterImpl-324908f0-eb78-4759-b512-7767c3eea219/datanode-6/data/containers/hdds of  storage type : DISK and capacity : 1482555576320
2019-10-01 21:43:50,278 [main] INFO  volume.VolumeSet (VolumeSet.java:initializeVolumeSet(170)) - Added Volume : /workdir/hadoop-ozone/integration-test/target/test-dir/MiniOzoneClusterImpl-324908f0-eb78-4759-b512-7767c3eea219/datanode-6/data/containers/hdds to VolumeSet
2019-10-01 21:43:50,278 [main] INFO  volume.ThrottledAsyncChecker (ThrottledAsyncChecker.java:schedule(139)) - Scheduling a check for org.apache.hadoop.ozone.container.common.volume.HddsVolume@52f8a6f4
2019-10-01 21:43:50,279 [main] INFO  volume.HddsVolumeChecker (HddsVolumeChecker.java:checkAllVolumes(202)) - Scheduled health check for volume org.apache.hadoop.ozone.container.common.volume.HddsVolume@52f8a6f4
2019-10-01 21:43:50,294 [main] INFO  impl.RaftServerProxy (ConfUtils.java:logGet(43)) - raft.rpc.type = GRPC (default)
2019-10-01 21:43:50,294 [main] INFO  grpc.GrpcFactory (GrpcFactory.java:checkPooledByteBufAllocatorUseCacheForAllThreads(45)) - PERFORMANCE WARNING: useCacheForAllThreads is true that may cause Netty to create a lot garbage objects and, as a result, trigger GC.
	It is recommended to disable useCacheForAllThreads by setting -Dorg.apache.ratis.thirdparty.io.netty.allocator.useCacheForAllThreads=false in command line.
2019-10-01 21:43:50,295 [main] INFO  grpc.GrpcConfigKeys$Server (ConfUtils.java:logGet(43)) - raft.grpc.server.port = 0 (default)
2019-10-01 21:43:50,295 [main] INFO  server.GrpcService (ConfUtils.java:logGet(43)) - raft.grpc.message.size.max = 33570816 (custom)
2019-10-01 21:43:50,295 [main] INFO  server.RaftServerConfigKeys (ConfUtils.java:logGet(43)) - raft.server.log.appender.buffer.byte-limit = 33554432 (custom)
2019-10-01 21:43:50,295 [main] INFO  server.GrpcService (ConfUtils.java:logGet(43)) - raft.grpc.flow.control.window = 1MB (=1048576) (default)
2019-10-01 21:43:50,296 [main] INFO  server.RaftServerConfigKeys (ConfUtils.java:logGet(43)) - raft.server.rpc.request.timeout = 3000ms (default)
2019-10-01 21:43:50,296 [main] INFO  server.RaftServerConfigKeys (ConfUtils.java:logGet(43)) - raft.server.storage.dir = [/workdir/hadoop-ozone/integration-test/target/test-dir/MiniOzoneClusterImpl-324908f0-eb78-4759-b512-7767c3eea219/datanode-6/data/ratis] (custom)
2019-10-01 21:43:50,297 [main] INFO  hdfs.DFSUtil (DFSUtil.java:httpServerTemplateForNNAndJN(1641)) - Starting Web-server for hddsDatanode at: http://0.0.0.0:0
2019-10-01 21:43:50,299 [main] INFO  server.AuthenticationFilter (AuthenticationFilter.java:constructSecretProvider(240)) - Unable to initialize FileSignerSecretProvider, falling back to use random secrets.
2019-10-01 21:43:50,299 [main] WARN  http.HttpRequestLog (HttpRequestLog.java:getRequestLog(97)) - Jetty request log can only be enabled using Log4j
2019-10-01 21:43:50,301 [main] INFO  http.HttpServer2 (HttpServer2.java:addGlobalFilter(975)) - Added global filter 'safety' (class=org.apache.hadoop.http.HttpServer2$QuotingInputFilter)
2019-10-01 21:43:50,301 [main] INFO  http.HttpServer2 (HttpServer2.java:addFilter(948)) - Added filter static_user_filter (class=org.apache.hadoop.http.lib.StaticUserWebFilter$StaticUserFilter) to context hddsDatanode
2019-10-01 21:43:50,301 [main] INFO  http.HttpServer2 (HttpServer2.java:addFilter(958)) - Added filter static_user_filter (class=org.apache.hadoop.http.lib.StaticUserWebFilter$StaticUserFilter) to context static
2019-10-01 21:43:50,301 [main] INFO  http.HttpServer2 (HttpServer2.java:addFilter(958)) - Added filter static_user_filter (class=org.apache.hadoop.http.lib.StaticUserWebFilter$StaticUserFilter) to context logs
2019-10-01 21:43:50,302 [main] INFO  http.HttpServer2 (HttpServer2.java:bindListener(1191)) - Jetty bound to port 37043
2019-10-01 21:43:50,302 [main] INFO  server.Server (Server.java:doStart(351)) - jetty-9.3.25.v20180904, build timestamp: 2018-09-04T21:11:46Z, git hash: 3ce520221d0240229c862b122d2b06c12a625732
2019-10-01 21:43:50,304 [main] INFO  handler.ContextHandler (ContextHandler.java:doStart(781)) - Started o.e.j.s.ServletContextHandler@44dfdd58{/logs,file:///workdir/hadoop-ozone/integration-test/target/log,AVAILABLE}
2019-10-01 21:43:50,304 [main] INFO  handler.ContextHandler (ContextHandler.java:doStart(781)) - Started o.e.j.s.ServletContextHandler@72a8361b{/static,jar:file:/home/user/.m2/repository/org/apache/hadoop/hadoop-hdds-container-service/0.5.0-SNAPSHOT/hadoop-hdds-container-service-0.5.0-SNAPSHOT.jar!/webapps/static,AVAILABLE}
2019-10-01 21:43:50,339 [main] INFO  handler.ContextHandler (ContextHandler.java:doStart(781)) - Started o.e.j.w.WebAppContext@3f5dfe69{/,file:///tmp/jetty-0.0.0.0-37043-hddsDatanode-_-any-7954196285508219762.dir/webapp/,AVAILABLE}{/hddsDatanode}
2019-10-01 21:43:50,339 [main] INFO  server.AbstractConnector (AbstractConnector.java:doStart(278)) - Started ServerConnector@571a663c{HTTP/1.1,[http/1.1]}{0.0.0.0:37043}
2019-10-01 21:43:50,341 [main] INFO  server.Server (Server.java:doStart(419)) - Started @251582ms
2019-10-01 21:43:50,342 [main] WARN  impl.MetricsSystemImpl (MetricsSystemImpl.java:register(276)) - Sink prometheus already exists!
2019-10-01 21:43:50,342 [main] INFO  server.BaseHttpServer (BaseHttpServer.java:updateConnectorAddress(215)) - HTTP server of HDDSDATANODE is listening at http://0.0.0.0:37043
2019-10-01 21:43:50,343 [main] INFO  ozone.MiniOzoneClusterImpl (MiniOzoneClusterImpl.java:lambda$waitForClusterToBeReady$0(147)) - Waiting for cluster to be ready. Got 0 of 7 DN Heartbeats.
2019-10-01 21:43:50,344 [org.apache.hadoop.util.JvmPauseMonitor$Monitor@51a22480] INFO  util.JvmPauseMonitor (JvmPauseMonitor.java:run(188)) - Starting JVM pause monitor
2019-10-01 21:43:50,344 [Datanode State Machine Thread - 0] INFO  datanode.InitDatanodeState (InitDatanodeState.java:persistContainerDatanodeDetails(140)) - DatanodeDetails is persisted to /workdir/hadoop-ozone/integration-test/target/test-dir/MiniOzoneClusterImpl-324908f0-eb78-4759-b512-7767c3eea219/datanode-6/meta/datanode.id
2019-10-01 21:43:51,343 [main] INFO  ozone.MiniOzoneClusterImpl (MiniOzoneClusterImpl.java:lambda$waitForClusterToBeReady$0(147)) - Waiting for cluster to be ready. Got 0 of 7 DN Heartbeats.
2019-10-01 21:43:51,948 [Datanode State Machine Thread - 0] INFO  ozoneimpl.OzoneContainer (OzoneContainer.java:start(217)) - Attempting to start container services.
2019-10-01 21:43:51,948 [Datanode State Machine Thread - 0] INFO  ozoneimpl.OzoneContainer (OzoneContainer.java:startContainerScrub(179)) - Background container scanner has been disabled.
2019-10-01 21:43:51,948 [Datanode State Machine Thread - 0] INFO  ratis.XceiverServerRatis (XceiverServerRatis.java:start(417)) - Starting XceiverServerRatis c75aff3d-5022-45ef-b320-4144306dc30a at port 0
2019-10-01 21:43:51,952 [Datanode State Machine Thread - 0] INFO  impl.RaftServerProxy (RaftServerProxy.java:lambda$start$3(299)) - c75aff3d-5022-45ef-b320-4144306dc30a: start RPC server
2019-10-01 21:43:51,953 [Datanode State Machine Thread - 0] INFO  server.GrpcService (GrpcService.java:startImpl(158)) - c75aff3d-5022-45ef-b320-4144306dc30a: GrpcService started, listening on 0.0.0.0/0.0.0.0:44549
2019-10-01 21:43:51,953 [Datanode State Machine Thread - 0] INFO  ratis.XceiverServerRatis (XceiverServerRatis.java:start(427)) - XceiverServerRatis c75aff3d-5022-45ef-b320-4144306dc30a is started using port 44549
2019-10-01 21:43:51,953 [Datanode State Machine Thread - 0] INFO  server.XceiverServerGrpc (XceiverServerGrpc.java:start(149)) - XceiverServerGrpc c75aff3d-5022-45ef-b320-4144306dc30a is started using port 43839
2019-10-01 21:43:52,000 [Datanode State Machine Thread - 0] INFO  ozoneimpl.OzoneContainer (OzoneContainer.java:start(217)) - Attempting to start container services.
2019-10-01 21:43:52,000 [Datanode State Machine Thread - 0] INFO  ozoneimpl.OzoneContainer (OzoneContainer.java:startContainerScrub(179)) - Background container scanner has been disabled.
2019-10-01 21:43:52,000 [Datanode State Machine Thread - 0] INFO  ratis.XceiverServerRatis (XceiverServerRatis.java:start(417)) - Starting XceiverServerRatis b29c2709-9c70-4172-98f7-730f006f77cf at port 0
2019-10-01 21:43:52,005 [Datanode State Machine Thread - 0] INFO  impl.RaftServerProxy (RaftServerProxy.java:lambda$start$3(299)) - b29c2709-9c70-4172-98f7-730f006f77cf: start RPC server
2019-10-01 21:43:52,005 [Datanode State Machine Thread - 0] INFO  server.GrpcService (GrpcService.java:startImpl(158)) - b29c2709-9c70-4172-98f7-730f006f77cf: GrpcService started, listening on 0.0.0.0/0.0.0.0:46333
2019-10-01 21:43:52,005 [Datanode State Machine Thread - 0] INFO  ratis.XceiverServerRatis (XceiverServerRatis.java:start(427)) - XceiverServerRatis b29c2709-9c70-4172-98f7-730f006f77cf is started using port 46333
2019-10-01 21:43:52,006 [Datanode State Machine Thread - 0] INFO  server.XceiverServerGrpc (XceiverServerGrpc.java:start(149)) - XceiverServerGrpc b29c2709-9c70-4172-98f7-730f006f77cf is started using port 41084
2019-10-01 21:43:52,059 [Datanode State Machine Thread - 0] INFO  ozoneimpl.OzoneContainer (OzoneContainer.java:start(217)) - Attempting to start container services.
2019-10-01 21:43:52,060 [Datanode State Machine Thread - 0] INFO  ozoneimpl.OzoneContainer (OzoneContainer.java:startContainerScrub(179)) - Background container scanner has been disabled.
2019-10-01 21:43:52,060 [Datanode State Machine Thread - 0] INFO  ratis.XceiverServerRatis (XceiverServerRatis.java:start(417)) - Starting XceiverServerRatis 92876efe-7aa2-43ca-94f1-8ffe97e46a24 at port 0
2019-10-01 21:43:52,065 [Datanode State Machine Thread - 0] INFO  impl.RaftServerProxy (RaftServerProxy.java:lambda$start$3(299)) - 92876efe-7aa2-43ca-94f1-8ffe97e46a24: start RPC server
2019-10-01 21:43:52,065 [Datanode State Machine Thread - 0] INFO  server.GrpcService (GrpcService.java:startImpl(158)) - 92876efe-7aa2-43ca-94f1-8ffe97e46a24: GrpcService started, listening on 0.0.0.0/0.0.0.0:39848
2019-10-01 21:43:52,065 [Datanode State Machine Thread - 0] INFO  ratis.XceiverServerRatis (XceiverServerRatis.java:start(427)) - XceiverServerRatis 92876efe-7aa2-43ca-94f1-8ffe97e46a24 is started using port 39848
2019-10-01 21:43:52,067 [Datanode State Machine Thread - 0] INFO  server.XceiverServerGrpc (XceiverServerGrpc.java:start(149)) - XceiverServerGrpc 92876efe-7aa2-43ca-94f1-8ffe97e46a24 is started using port 39888
2019-10-01 21:43:52,137 [Datanode State Machine Thread - 0] INFO  ozoneimpl.OzoneContainer (OzoneContainer.java:start(217)) - Attempting to start container services.
2019-10-01 21:43:52,138 [Datanode State Machine Thread - 0] INFO  ozoneimpl.OzoneContainer (OzoneContainer.java:startContainerScrub(179)) - Background container scanner has been disabled.
2019-10-01 21:43:52,138 [Datanode State Machine Thread - 0] INFO  ratis.XceiverServerRatis (XceiverServerRatis.java:start(417)) - Starting XceiverServerRatis 86600292-f7ad-4021-b353-636166237939 at port 0
2019-10-01 21:43:52,142 [Datanode State Machine Thread - 0] INFO  impl.RaftServerProxy (RaftServerProxy.java:lambda$start$3(299)) - 86600292-f7ad-4021-b353-636166237939: start RPC server
2019-10-01 21:43:52,142 [Datanode State Machine Thread - 0] INFO  server.GrpcService (GrpcService.java:startImpl(158)) - 86600292-f7ad-4021-b353-636166237939: GrpcService started, listening on 0.0.0.0/0.0.0.0:37313
2019-10-01 21:43:52,142 [Datanode State Machine Thread - 0] INFO  ratis.XceiverServerRatis (XceiverServerRatis.java:start(427)) - XceiverServerRatis 86600292-f7ad-4021-b353-636166237939 is started using port 37313
2019-10-01 21:43:52,143 [Datanode State Machine Thread - 0] INFO  server.XceiverServerGrpc (XceiverServerGrpc.java:start(149)) - XceiverServerGrpc 86600292-f7ad-4021-b353-636166237939 is started using port 33730
2019-10-01 21:43:52,198 [Datanode State Machine Thread - 0] INFO  ozoneimpl.OzoneContainer (OzoneContainer.java:start(217)) - Attempting to start container services.
2019-10-01 21:43:52,198 [Datanode State Machine Thread - 0] INFO  ozoneimpl.OzoneContainer (OzoneContainer.java:startContainerScrub(179)) - Background container scanner has been disabled.
2019-10-01 21:43:52,198 [Datanode State Machine Thread - 0] INFO  ratis.XceiverServerRatis (XceiverServerRatis.java:start(417)) - Starting XceiverServerRatis bda836b2-8a03-43ca-9b70-8d50bec81ffd at port 0
2019-10-01 21:43:52,204 [Datanode State Machine Thread - 0] INFO  impl.RaftServerProxy (RaftServerProxy.java:lambda$start$3(299)) - bda836b2-8a03-43ca-9b70-8d50bec81ffd: start RPC server
2019-10-01 21:43:52,205 [Datanode State Machine Thread - 0] INFO  server.GrpcService (GrpcService.java:startImpl(158)) - bda836b2-8a03-43ca-9b70-8d50bec81ffd: GrpcService started, listening on 0.0.0.0/0.0.0.0:35902
2019-10-01 21:43:52,205 [Datanode State Machine Thread - 0] INFO  ratis.XceiverServerRatis (XceiverServerRatis.java:start(427)) - XceiverServerRatis bda836b2-8a03-43ca-9b70-8d50bec81ffd is started using port 35902
2019-10-01 21:43:52,205 [Datanode State Machine Thread - 0] INFO  server.XceiverServerGrpc (XceiverServerGrpc.java:start(149)) - XceiverServerGrpc bda836b2-8a03-43ca-9b70-8d50bec81ffd is started using port 45628
2019-10-01 21:43:52,285 [Datanode State Machine Thread - 0] INFO  ozoneimpl.OzoneContainer (OzoneContainer.java:start(217)) - Attempting to start container services.
2019-10-01 21:43:52,286 [Datanode State Machine Thread - 0] INFO  ozoneimpl.OzoneContainer (OzoneContainer.java:startContainerScrub(179)) - Background container scanner has been disabled.
2019-10-01 21:43:52,286 [Datanode State Machine Thread - 0] INFO  ratis.XceiverServerRatis (XceiverServerRatis.java:start(417)) - Starting XceiverServerRatis faebee73-6fc9-4d39-b720-b2e1861cfbae at port 0
2019-10-01 21:43:52,291 [Datanode State Machine Thread - 0] INFO  impl.RaftServerProxy (RaftServerProxy.java:lambda$start$3(299)) - faebee73-6fc9-4d39-b720-b2e1861cfbae: start RPC server
2019-10-01 21:43:52,292 [Datanode State Machine Thread - 0] INFO  server.GrpcService (GrpcService.java:startImpl(158)) - faebee73-6fc9-4d39-b720-b2e1861cfbae: GrpcService started, listening on 0.0.0.0/0.0.0.0:39048
2019-10-01 21:43:52,292 [Datanode State Machine Thread - 0] INFO  ratis.XceiverServerRatis (XceiverServerRatis.java:start(427)) - XceiverServerRatis faebee73-6fc9-4d39-b720-b2e1861cfbae is started using port 39048
2019-10-01 21:43:52,293 [Datanode State Machine Thread - 0] INFO  server.XceiverServerGrpc (XceiverServerGrpc.java:start(149)) - XceiverServerGrpc faebee73-6fc9-4d39-b720-b2e1861cfbae is started using port 35826
2019-10-01 21:43:52,343 [main] INFO  ozone.MiniOzoneClusterImpl (MiniOzoneClusterImpl.java:lambda$waitForClusterToBeReady$0(147)) - Waiting for cluster to be ready. Got 0 of 7 DN Heartbeats.
2019-10-01 21:43:52,358 [Datanode State Machine Thread - 0] INFO  ozoneimpl.OzoneContainer (OzoneContainer.java:start(217)) - Attempting to start container services.
2019-10-01 21:43:52,359 [Datanode State Machine Thread - 0] INFO  ozoneimpl.OzoneContainer (OzoneContainer.java:startContainerScrub(179)) - Background container scanner has been disabled.
2019-10-01 21:43:52,359 [Datanode State Machine Thread - 0] INFO  ratis.XceiverServerRatis (XceiverServerRatis.java:start(417)) - Starting XceiverServerRatis 69f8efbf-66cc-43b0-af26-113459f3c891 at port 0
2019-10-01 21:43:52,364 [Datanode State Machine Thread - 0] INFO  impl.RaftServerProxy (RaftServerProxy.java:lambda$start$3(299)) - 69f8efbf-66cc-43b0-af26-113459f3c891: start RPC server
2019-10-01 21:43:52,365 [Datanode State Machine Thread - 0] INFO  server.GrpcService (GrpcService.java:startImpl(158)) - 69f8efbf-66cc-43b0-af26-113459f3c891: GrpcService started, listening on 0.0.0.0/0.0.0.0:45078
2019-10-01 21:43:52,365 [Datanode State Machine Thread - 0] INFO  ratis.XceiverServerRatis (XceiverServerRatis.java:start(427)) - XceiverServerRatis 69f8efbf-66cc-43b0-af26-113459f3c891 is started using port 45078
2019-10-01 21:43:52,366 [Datanode State Machine Thread - 0] INFO  server.XceiverServerGrpc (XceiverServerGrpc.java:start(149)) - XceiverServerGrpc 69f8efbf-66cc-43b0-af26-113459f3c891 is started using port 39904
2019-10-01 21:43:53,344 [main] INFO  ozone.MiniOzoneClusterImpl (MiniOzoneClusterImpl.java:lambda$waitForClusterToBeReady$0(147)) - Waiting for cluster to be ready. Got 0 of 7 DN Heartbeats.
2019-10-01 21:43:53,914 [IPC Server handler 3 on 43455] INFO  net.NetworkTopology (NetworkTopologyImpl.java:add(111)) - Added a new node: /default-rack/c75aff3d-5022-45ef-b320-4144306dc30a
2019-10-01 21:43:53,916 [IPC Server handler 3 on 43455] INFO  node.SCMNodeManager (SCMNodeManager.java:register(266)) - Registered Data node : c75aff3d-5022-45ef-b320-4144306dc30a{ip: 192.168.164.217, host: pr-hdds-2224-n586v-1266706246, networkLocation: /default-rack, certSerialId: null}
2019-10-01 21:43:53,917 [EventQueue-NodeRegistrationContainerReportForDataNodeSafeModeRule] INFO  safemode.SCMSafeModeManager (DataNodeSafeModeRule.java:process(71)) - SCM in safe mode. 1 DataNodes registered, 1 required.
2019-10-01 21:43:53,918 [EventQueue-NodeRegistrationContainerReportForDataNodeSafeModeRule] INFO  safemode.SCMSafeModeManager (SCMSafeModeManager.java:validateSafeModeExitRules(177)) - ScmSafeModeManager, all rules are successfully validated
2019-10-01 21:43:53,918 [EventQueue-NodeRegistrationContainerReportForDataNodeSafeModeRule] INFO  safemode.SCMSafeModeManager (SCMSafeModeManager.java:exitSafeMode(193)) - SCM exiting safe mode.
2019-10-01 21:43:53,930 [grpc-default-executor-8] INFO  impl.RaftServerProxy (RaftServerProxy.java:addNew(89)) - c75aff3d-5022-45ef-b320-4144306dc30a: addNew group-0C3DB09CDE6D:[c75aff3d-5022-45ef-b320-4144306dc30a:192.168.164.217:44549] returns group-0C3DB09CDE6D:java.util.concurrent.CompletableFuture@6bcaadc9[Not completed]
2019-10-01 21:43:53,932 [pool-383-thread-1] INFO  impl.RaftServerImpl (RaftServerImpl.java:<init>(95)) - c75aff3d-5022-45ef-b320-4144306dc30a: new RaftServerImpl for group-0C3DB09CDE6D:[c75aff3d-5022-45ef-b320-4144306dc30a:192.168.164.217:44549] with ContainerStateMachine:uninitialized
2019-10-01 21:43:53,932 [pool-383-thread-1] INFO  server.RaftServerConfigKeys (ConfUtils.java:logGet(43)) - raft.server.rpc.timeout.min = 5s (custom)
2019-10-01 21:43:53,932 [pool-383-thread-1] INFO  server.RaftServerConfigKeys (ConfUtils.java:logGet(43)) - raft.server.rpc.timeout.max = 5200ms (custom)
2019-10-01 21:43:53,932 [pool-383-thread-1] INFO  server.RaftServerConfigKeys (ConfUtils.java:logGet(43)) - raft.server.rpcslowness.timeout = 120s (custom)
2019-10-01 21:43:53,932 [pool-383-thread-1] INFO  server.RaftServerConfigKeys (ConfUtils.java:logGet(43)) - raft.server.sleep.deviation.threshold = 300 (default)
2019-10-01 21:43:53,932 [pool-383-thread-1] INFO  server.RaftServerConfigKeys (ConfUtils.java:logGet(43)) - raft.server.log.appender.install.snapshot.enabled = false (custom)
2019-10-01 21:43:53,932 [pool-383-thread-1] INFO  impl.RaftServerImpl (ServerState.java:<init>(103)) - c75aff3d-5022-45ef-b320-4144306dc30a@group-0C3DB09CDE6D: ConfigurationManager, init=-1: [c75aff3d-5022-45ef-b320-4144306dc30a:192.168.164.217:44549], old=null, confs=<EMPTY_MAP>
2019-10-01 21:43:53,933 [pool-383-thread-1] INFO  server.RaftServerConfigKeys (ConfUtils.java:logGet(43)) - raft.server.storage.dir = [/workdir/hadoop-ozone/integration-test/target/test-dir/MiniOzoneClusterImpl-324908f0-eb78-4759-b512-7767c3eea219/datanode-0/data/ratis] (custom)
2019-10-01 21:43:53,933 [pool-383-thread-1] INFO  server.RaftServerConfigKeys (ConfUtils.java:logGet(43)) - raft.server.log.corruption.policy = EXCEPTION (default)
2019-10-01 21:43:53,933 [pool-383-thread-1] INFO  storage.RaftStorageDirectory (RaftStorageDirectory.java:analyzeStorage(246)) - The storage directory /workdir/hadoop-ozone/integration-test/target/test-dir/MiniOzoneClusterImpl-324908f0-eb78-4759-b512-7767c3eea219/datanode-0/data/ratis/7572bb49-f765-4345-94ed-0c3db09cde6d does not exist. Creating ...
2019-10-01 21:43:53,946 [pool-383-thread-1] INFO  storage.RaftStorageDirectory (RaftStorageDirectory.java:tryLock(328)) - Lock on /workdir/hadoop-ozone/integration-test/target/test-dir/MiniOzoneClusterImpl-324908f0-eb78-4759-b512-7767c3eea219/datanode-0/data/ratis/7572bb49-f765-4345-94ed-0c3db09cde6d/in_use.lock acquired by nodename 15643@pr-hdds-2224-n586v-1266706246
2019-10-01 21:43:53,959 [pool-383-thread-1] INFO  storage.RaftStorage (RaftStorage.java:format(84)) - Storage directory /workdir/hadoop-ozone/integration-test/target/test-dir/MiniOzoneClusterImpl-324908f0-eb78-4759-b512-7767c3eea219/datanode-0/data/ratis/7572bb49-f765-4345-94ed-0c3db09cde6d has been successfully formatted.
2019-10-01 21:43:53,960 [pool-383-thread-1] INFO  ratis.ContainerStateMachine (ContainerStateMachine.java:loadSnapshot(230)) - group-0C3DB09CDE6D: The snapshot info is null. Setting the last applied indexto:(t:0, i:~)
2019-10-01 21:43:53,960 [pool-383-thread-1] INFO  server.RaftServerConfigKeys (ConfUtils.java:logGet(43)) - raft.server.notification.no-leader.timeout = 120s (custom)
2019-10-01 21:43:53,960 [pool-383-thread-1] INFO  server.RaftServerConfigKeys (ConfUtils.java:logGet(43)) - raft.server.log.use.memory = false (default)
2019-10-01 21:43:53,960 [pool-383-thread-1] INFO  server.RaftServerConfigKeys (ConfUtils.java:logGet(43)) - raft.server.log.purge.gap = 1000000 (custom)
2019-10-01 21:43:53,960 [pool-383-thread-1] INFO  server.RaftServerConfigKeys (ConfUtils.java:logGet(43)) - raft.server.log.appender.buffer.byte-limit = 33554432 (custom)
2019-10-01 21:43:53,960 [pool-383-thread-1] INFO  server.RaftServerConfigKeys (ConfUtils.java:logGet(43)) - raft.server.log.segment.size.max = 1048576 (custom)
2019-10-01 21:43:53,962 [pool-383-thread-1] INFO  server.RaftServerConfigKeys (ConfUtils.java:logGet(43)) - raft.server.log.segment.cache.num.max = 2 (custom)
2019-10-01 21:43:53,962 [pool-383-thread-1] INFO  segmented.SegmentedRaftLogWorker (SegmentedRaftLogWorker.java:<init>(173)) - new c75aff3d-5022-45ef-b320-4144306dc30a@group-0C3DB09CDE6D-SegmentedRaftLogWorker for RaftStorage:Storage Directory /workdir/hadoop-ozone/integration-test/target/test-dir/MiniOzoneClusterImpl-324908f0-eb78-4759-b512-7767c3eea219/datanode-0/data/ratis/7572bb49-f765-4345-94ed-0c3db09cde6d
2019-10-01 21:43:53,962 [pool-383-thread-1] INFO  server.RaftServerConfigKeys (ConfUtils.java:logGet(43)) - raft.server.log.queue.byte-limit = 2147483647 (custom)
2019-10-01 21:43:53,962 [pool-383-thread-1] INFO  server.RaftServerConfigKeys (ConfUtils.java:logGet(43)) - raft.server.log.queue.element-limit = 1024 (custom)
2019-10-01 21:43:53,962 [pool-383-thread-1] INFO  server.RaftServerConfigKeys (ConfUtils.java:logGet(43)) - raft.server.log.segment.size.max = 1048576 (custom)
2019-10-01 21:43:53,962 [pool-383-thread-1] INFO  server.RaftServerConfigKeys (ConfUtils.java:logGet(43)) - raft.server.log.preallocated.size = 16384 (custom)
2019-10-01 21:43:53,962 [pool-383-thread-1] INFO  server.RaftServerConfigKeys (ConfUtils.java:logGet(43)) - raft.server.log.write.buffer.size = 33554432 (custom)
2019-10-01 21:43:53,962 [pool-383-thread-1] INFO  server.RaftServerConfigKeys (ConfUtils.java:logGet(43)) - raft.server.log.force.sync.num = 128 (default)
2019-10-01 21:43:53,962 [pool-383-thread-1] INFO  server.RaftServerConfigKeys (ConfUtils.java:logGet(43)) - raft.server.log.statemachine.data.sync = true (default)
2019-10-01 21:43:53,963 [pool-383-thread-1] INFO  server.RaftServerConfigKeys (ConfUtils.java:logGet(43)) - raft.server.log.statemachine.data.sync.timeout = 10s (default)
2019-10-01 21:43:53,963 [pool-383-thread-1] INFO  server.RaftServerConfigKeys (ConfUtils.java:logGet(43)) - raft.server.log.statemachine.data.sync.timeout.retry = -1 (default)
2019-10-01 21:43:53,963 [pool-383-thread-1] INFO  server.RaftServerConfigKeys (ConfUtils.java:logGet(43)) - raft.server.log.statemachine.data.caching.enabled = true (custom)
2019-10-01 21:43:53,963 [pool-383-thread-1] INFO  segmented.SegmentedRaftLogWorker (SegmentedRaftLogWorker.java:lambda$new$0(128)) - c75aff3d-5022-45ef-b320-4144306dc30a@group-0C3DB09CDE6D-SegmentedRaftLogWorker: flushIndex: setUnconditionally 0 -> -1
2019-10-01 21:43:53,963 [pool-383-thread-1] INFO  server.RaftServerConfigKeys (ConfUtils.java:logGet(43)) - raft.server.snapshot.auto.trigger.enabled = true (custom)
2019-10-01 21:43:53,964 [pool-383-thread-1] INFO  server.RaftServerConfigKeys (ConfUtils.java:logGet(43)) - raft.server.snapshot.auto.trigger.threshold = 10000 (custom)
2019-10-01 21:43:53,964 [pool-383-thread-1] INFO  server.RaftServerConfigKeys (ConfUtils.java:logGet(43)) - raft.server.snapshot.retention.file.num = 5 (custom)
2019-10-01 21:43:53,964 [pool-383-thread-1] INFO  server.RaftServerConfigKeys (ConfUtils.java:logGet(43)) - raft.server.retrycache.expirytime = 600000ms (custom)
2019-10-01 21:43:53,965 [pool-383-thread-1] INFO  impl.RaftServerImpl (RaftServerImpl.java:start(181)) - c75aff3d-5022-45ef-b320-4144306dc30a@group-0C3DB09CDE6D: start as a follower, conf=-1: [c75aff3d-5022-45ef-b320-4144306dc30a:192.168.164.217:44549], old=null
2019-10-01 21:43:53,965 [pool-383-thread-1] INFO  impl.RaftServerImpl (RaftServerImpl.java:setRole(170)) - c75aff3d-5022-45ef-b320-4144306dc30a@group-0C3DB09CDE6D: changes role from      null to FOLLOWER at term 0 for startAsFollower
2019-10-01 21:43:53,965 [pool-383-thread-1] INFO  impl.RoleInfo (RoleInfo.java:updateAndGet(143)) - c75aff3d-5022-45ef-b320-4144306dc30a: start FollowerState
2019-10-01 21:43:53,966 [pool-383-thread-1] INFO  util.JmxRegister (JmxRegister.java:tryRegister(44)) - Successfully registered JMX Bean with object name Ratis:service=RaftServer,group=group-0C3DB09CDE6D,id=c75aff3d-5022-45ef-b320-4144306dc30a
2019-10-01 21:43:53,970 [RatisPipelineUtilsThread] INFO  pipeline.PipelineStateManager (PipelineStateManager.java:addPipeline(56)) - Created pipeline Pipeline[ Id: 7572bb49-f765-4345-94ed-0c3db09cde6d, Nodes: c75aff3d-5022-45ef-b320-4144306dc30a{ip: 192.168.164.217, host: pr-hdds-2224-n586v-1266706246, networkLocation: /default-rack, certSerialId: null}, Type:RATIS, Factor:ONE, State:OPEN]
2019-10-01 21:43:53,984 [IPC Server handler 5 on 43455] INFO  net.NetworkTopology (NetworkTopologyImpl.java:add(111)) - Added a new node: /default-rack/b29c2709-9c70-4172-98f7-730f006f77cf
2019-10-01 21:43:53,984 [IPC Server handler 5 on 43455] INFO  node.SCMNodeManager (SCMNodeManager.java:register(266)) - Registered Data node : b29c2709-9c70-4172-98f7-730f006f77cf{ip: 192.168.164.217, host: pr-hdds-2224-n586v-1266706246, networkLocation: /default-rack, certSerialId: null}
2019-10-01 21:43:53,991 [grpc-default-executor-8] INFO  impl.RaftServerProxy (RaftServerProxy.java:addNew(89)) - b29c2709-9c70-4172-98f7-730f006f77cf: addNew group-DA24BB5841CA:[b29c2709-9c70-4172-98f7-730f006f77cf:192.168.164.217:46333] returns group-DA24BB5841CA:java.util.concurrent.CompletableFuture@7058174[Not completed]
2019-10-01 21:43:53,991 [pool-393-thread-1] INFO  impl.RaftServerImpl (RaftServerImpl.java:<init>(95)) - b29c2709-9c70-4172-98f7-730f006f77cf: new RaftServerImpl for group-DA24BB5841CA:[b29c2709-9c70-4172-98f7-730f006f77cf:192.168.164.217:46333] with ContainerStateMachine:uninitialized
2019-10-01 21:43:53,992 [pool-393-thread-1] INFO  server.RaftServerConfigKeys (ConfUtils.java:logGet(43)) - raft.server.rpc.timeout.min = 5s (custom)
2019-10-01 21:43:53,992 [pool-393-thread-1] INFO  server.RaftServerConfigKeys (ConfUtils.java:logGet(43)) - raft.server.rpc.timeout.max = 5200ms (custom)
2019-10-01 21:43:53,992 [pool-393-thread-1] INFO  server.RaftServerConfigKeys (ConfUtils.java:logGet(43)) - raft.server.rpcslowness.timeout = 120s (custom)
2019-10-01 21:43:53,992 [pool-393-thread-1] INFO  server.RaftServerConfigKeys (ConfUtils.java:logGet(43)) - raft.server.sleep.deviation.threshold = 300 (default)
2019-10-01 21:43:53,992 [pool-393-thread-1] INFO  server.RaftServerConfigKeys (ConfUtils.java:logGet(43)) - raft.server.log.appender.install.snapshot.enabled = false (custom)
2019-10-01 21:43:53,992 [pool-393-thread-1] INFO  impl.RaftServerImpl (ServerState.java:<init>(103)) - b29c2709-9c70-4172-98f7-730f006f77cf@group-DA24BB5841CA: ConfigurationManager, init=-1: [b29c2709-9c70-4172-98f7-730f006f77cf:192.168.164.217:46333], old=null, confs=<EMPTY_MAP>
2019-10-01 21:43:53,992 [pool-393-thread-1] INFO  server.RaftServerConfigKeys (ConfUtils.java:logGet(43)) - raft.server.storage.dir = [/workdir/hadoop-ozone/integration-test/target/test-dir/MiniOzoneClusterImpl-324908f0-eb78-4759-b512-7767c3eea219/datanode-1/data/ratis] (custom)
2019-10-01 21:43:53,993 [pool-393-thread-1] INFO  server.RaftServerConfigKeys (ConfUtils.java:logGet(43)) - raft.server.log.corruption.policy = EXCEPTION (default)
2019-10-01 21:43:53,993 [pool-393-thread-1] INFO  storage.RaftStorageDirectory (RaftStorageDirectory.java:analyzeStorage(246)) - The storage directory /workdir/hadoop-ozone/integration-test/target/test-dir/MiniOzoneClusterImpl-324908f0-eb78-4759-b512-7767c3eea219/datanode-1/data/ratis/87f837e9-82a9-48a0-8f6e-da24bb5841ca does not exist. Creating ...
2019-10-01 21:43:54,006 [pool-393-thread-1] INFO  storage.RaftStorageDirectory (RaftStorageDirectory.java:tryLock(328)) - Lock on /workdir/hadoop-ozone/integration-test/target/test-dir/MiniOzoneClusterImpl-324908f0-eb78-4759-b512-7767c3eea219/datanode-1/data/ratis/87f837e9-82a9-48a0-8f6e-da24bb5841ca/in_use.lock acquired by nodename 15643@pr-hdds-2224-n586v-1266706246
2019-10-01 21:43:54,020 [pool-393-thread-1] INFO  storage.RaftStorage (RaftStorage.java:format(84)) - Storage directory /workdir/hadoop-ozone/integration-test/target/test-dir/MiniOzoneClusterImpl-324908f0-eb78-4759-b512-7767c3eea219/datanode-1/data/ratis/87f837e9-82a9-48a0-8f6e-da24bb5841ca has been successfully formatted.
2019-10-01 21:43:54,020 [pool-393-thread-1] INFO  ratis.ContainerStateMachine (ContainerStateMachine.java:loadSnapshot(230)) - group-DA24BB5841CA: The snapshot info is null. Setting the last applied indexto:(t:0, i:~)
2019-10-01 21:43:54,020 [pool-393-thread-1] INFO  server.RaftServerConfigKeys (ConfUtils.java:logGet(43)) - raft.server.notification.no-leader.timeout = 120s (custom)
2019-10-01 21:43:54,020 [pool-393-thread-1] INFO  server.RaftServerConfigKeys (ConfUtils.java:logGet(43)) - raft.server.log.use.memory = false (default)
2019-10-01 21:43:54,020 [pool-393-thread-1] INFO  server.RaftServerConfigKeys (ConfUtils.java:logGet(43)) - raft.server.log.purge.gap = 1000000 (custom)
2019-10-01 21:43:54,020 [pool-393-thread-1] INFO  server.RaftServerConfigKeys (ConfUtils.java:logGet(43)) - raft.server.log.appender.buffer.byte-limit = 33554432 (custom)
2019-10-01 21:43:54,021 [pool-393-thread-1] INFO  server.RaftServerConfigKeys (ConfUtils.java:logGet(43)) - raft.server.log.segment.size.max = 1048576 (custom)
2019-10-01 21:43:54,022 [pool-393-thread-1] INFO  server.RaftServerConfigKeys (ConfUtils.java:logGet(43)) - raft.server.log.segment.cache.num.max = 2 (custom)
2019-10-01 21:43:54,022 [pool-393-thread-1] INFO  segmented.SegmentedRaftLogWorker (SegmentedRaftLogWorker.java:<init>(173)) - new b29c2709-9c70-4172-98f7-730f006f77cf@group-DA24BB5841CA-SegmentedRaftLogWorker for RaftStorage:Storage Directory /workdir/hadoop-ozone/integration-test/target/test-dir/MiniOzoneClusterImpl-324908f0-eb78-4759-b512-7767c3eea219/datanode-1/data/ratis/87f837e9-82a9-48a0-8f6e-da24bb5841ca
2019-10-01 21:43:54,022 [pool-393-thread-1] INFO  server.RaftServerConfigKeys (ConfUtils.java:logGet(43)) - raft.server.log.queue.byte-limit = 2147483647 (custom)
2019-10-01 21:43:54,022 [pool-393-thread-1] INFO  server.RaftServerConfigKeys (ConfUtils.java:logGet(43)) - raft.server.log.queue.element-limit = 1024 (custom)
2019-10-01 21:43:54,022 [pool-393-thread-1] INFO  server.RaftServerConfigKeys (ConfUtils.java:logGet(43)) - raft.server.log.segment.size.max = 1048576 (custom)
2019-10-01 21:43:54,022 [pool-393-thread-1] INFO  server.RaftServerConfigKeys (ConfUtils.java:logGet(43)) - raft.server.log.preallocated.size = 16384 (custom)
2019-10-01 21:43:54,022 [pool-393-thread-1] INFO  server.RaftServerConfigKeys (ConfUtils.java:logGet(43)) - raft.server.log.write.buffer.size = 33554432 (custom)
2019-10-01 21:43:54,022 [pool-393-thread-1] INFO  server.RaftServerConfigKeys (ConfUtils.java:logGet(43)) - raft.server.log.force.sync.num = 128 (default)
2019-10-01 21:43:54,022 [pool-393-thread-1] INFO  server.RaftServerConfigKeys (ConfUtils.java:logGet(43)) - raft.server.log.statemachine.data.sync = true (default)
2019-10-01 21:43:54,023 [pool-393-thread-1] INFO  server.RaftServerConfigKeys (ConfUtils.java:logGet(43)) - raft.server.log.statemachine.data.sync.timeout = 10s (default)
2019-10-01 21:43:54,023 [pool-393-thread-1] INFO  server.RaftServerConfigKeys (ConfUtils.java:logGet(43)) - raft.server.log.statemachine.data.sync.timeout.retry = -1 (default)
2019-10-01 21:43:54,023 [pool-393-thread-1] INFO  server.RaftServerConfigKeys (ConfUtils.java:logGet(43)) - raft.server.log.statemachine.data.caching.enabled = true (custom)
2019-10-01 21:43:54,023 [pool-393-thread-1] INFO  segmented.SegmentedRaftLogWorker (SegmentedRaftLogWorker.java:lambda$new$0(128)) - b29c2709-9c70-4172-98f7-730f006f77cf@group-DA24BB5841CA-SegmentedRaftLogWorker: flushIndex: setUnconditionally 0 -> -1
2019-10-01 21:43:54,023 [pool-393-thread-1] INFO  server.RaftServerConfigKeys (ConfUtils.java:logGet(43)) - raft.server.snapshot.auto.trigger.enabled = true (custom)
2019-10-01 21:43:54,023 [pool-393-thread-1] INFO  server.RaftServerConfigKeys (ConfUtils.java:logGet(43)) - raft.server.snapshot.auto.trigger.threshold = 10000 (custom)
2019-10-01 21:43:54,024 [pool-393-thread-1] INFO  server.RaftServerConfigKeys (ConfUtils.java:logGet(43)) - raft.server.snapshot.retention.file.num = 5 (custom)
2019-10-01 21:43:54,024 [pool-393-thread-1] INFO  server.RaftServerConfigKeys (ConfUtils.java:logGet(43)) - raft.server.retrycache.expirytime = 600000ms (custom)
2019-10-01 21:43:54,025 [pool-393-thread-1] INFO  impl.RaftServerImpl (RaftServerImpl.java:start(181)) - b29c2709-9c70-4172-98f7-730f006f77cf@group-DA24BB5841CA: start as a follower, conf=-1: [b29c2709-9c70-4172-98f7-730f006f77cf:192.168.164.217:46333], old=null
2019-10-01 21:43:54,025 [pool-393-thread-1] INFO  impl.RaftServerImpl (RaftServerImpl.java:setRole(170)) - b29c2709-9c70-4172-98f7-730f006f77cf@group-DA24BB5841CA: changes role from      null to FOLLOWER at term 0 for startAsFollower
2019-10-01 21:43:54,025 [pool-393-thread-1] INFO  impl.RoleInfo (RoleInfo.java:updateAndGet(143)) - b29c2709-9c70-4172-98f7-730f006f77cf: start FollowerState
2019-10-01 21:43:54,025 [pool-393-thread-1] INFO  util.JmxRegister (JmxRegister.java:tryRegister(44)) - Successfully registered JMX Bean with object name Ratis:service=RaftServer,group=group-DA24BB5841CA,id=b29c2709-9c70-4172-98f7-730f006f77cf
2019-10-01 21:43:54,028 [RatisPipelineUtilsThread] INFO  pipeline.PipelineStateManager (PipelineStateManager.java:addPipeline(56)) - Created pipeline Pipeline[ Id: 87f837e9-82a9-48a0-8f6e-da24bb5841ca, Nodes: b29c2709-9c70-4172-98f7-730f006f77cf{ip: 192.168.164.217, host: pr-hdds-2224-n586v-1266706246, networkLocation: /default-rack, certSerialId: null}, Type:RATIS, Factor:ONE, State:OPEN]
2019-10-01 21:43:54,045 [IPC Server handler 8 on 43455] INFO  net.NetworkTopology (NetworkTopologyImpl.java:add(111)) - Added a new node: /default-rack/92876efe-7aa2-43ca-94f1-8ffe97e46a24
2019-10-01 21:43:54,046 [IPC Server handler 8 on 43455] INFO  node.SCMNodeManager (SCMNodeManager.java:register(266)) - Registered Data node : 92876efe-7aa2-43ca-94f1-8ffe97e46a24{ip: 192.168.164.217, host: pr-hdds-2224-n586v-1266706246, networkLocation: /default-rack, certSerialId: null}
2019-10-01 21:43:54,052 [grpc-default-executor-8] INFO  impl.RaftServerProxy (RaftServerProxy.java:addNew(89)) - 92876efe-7aa2-43ca-94f1-8ffe97e46a24: addNew group-8CD21DAFDEE1:[92876efe-7aa2-43ca-94f1-8ffe97e46a24:192.168.164.217:39848] returns group-8CD21DAFDEE1:java.util.concurrent.CompletableFuture@55f020bf[Not completed]
2019-10-01 21:43:54,053 [pool-403-thread-1] INFO  impl.RaftServerImpl (RaftServerImpl.java:<init>(95)) - 92876efe-7aa2-43ca-94f1-8ffe97e46a24: new RaftServerImpl for group-8CD21DAFDEE1:[92876efe-7aa2-43ca-94f1-8ffe97e46a24:192.168.164.217:39848] with ContainerStateMachine:uninitialized
2019-10-01 21:43:54,053 [pool-403-thread-1] INFO  server.RaftServerConfigKeys (ConfUtils.java:logGet(43)) - raft.server.rpc.timeout.min = 5s (custom)
2019-10-01 21:43:54,054 [pool-403-thread-1] INFO  server.RaftServerConfigKeys (ConfUtils.java:logGet(43)) - raft.server.rpc.timeout.max = 5200ms (custom)
2019-10-01 21:43:54,054 [pool-403-thread-1] INFO  server.RaftServerConfigKeys (ConfUtils.java:logGet(43)) - raft.server.rpcslowness.timeout = 120s (custom)
2019-10-01 21:43:54,054 [pool-403-thread-1] INFO  server.RaftServerConfigKeys (ConfUtils.java:logGet(43)) - raft.server.sleep.deviation.threshold = 300 (default)
2019-10-01 21:43:54,054 [pool-403-thread-1] INFO  server.RaftServerConfigKeys (ConfUtils.java:logGet(43)) - raft.server.log.appender.install.snapshot.enabled = false (custom)
2019-10-01 21:43:54,054 [pool-403-thread-1] INFO  impl.RaftServerImpl (ServerState.java:<init>(103)) - 92876efe-7aa2-43ca-94f1-8ffe97e46a24@group-8CD21DAFDEE1: ConfigurationManager, init=-1: [92876efe-7aa2-43ca-94f1-8ffe97e46a24:192.168.164.217:39848], old=null, confs=<EMPTY_MAP>
2019-10-01 21:43:54,054 [pool-403-thread-1] INFO  server.RaftServerConfigKeys (ConfUtils.java:logGet(43)) - raft.server.storage.dir = [/workdir/hadoop-ozone/integration-test/target/test-dir/MiniOzoneClusterImpl-324908f0-eb78-4759-b512-7767c3eea219/datanode-2/data/ratis] (custom)
2019-10-01 21:43:54,054 [pool-403-thread-1] INFO  server.RaftServerConfigKeys (ConfUtils.java:logGet(43)) - raft.server.log.corruption.policy = EXCEPTION (default)
2019-10-01 21:43:54,055 [pool-403-thread-1] INFO  storage.RaftStorageDirectory (RaftStorageDirectory.java:analyzeStorage(246)) - The storage directory /workdir/hadoop-ozone/integration-test/target/test-dir/MiniOzoneClusterImpl-324908f0-eb78-4759-b512-7767c3eea219/datanode-2/data/ratis/8d0efe99-f84e-4486-9f25-8cd21dafdee1 does not exist. Creating ...
2019-10-01 21:43:54,068 [pool-403-thread-1] INFO  storage.RaftStorageDirectory (RaftStorageDirectory.java:tryLock(328)) - Lock on /workdir/hadoop-ozone/integration-test/target/test-dir/MiniOzoneClusterImpl-324908f0-eb78-4759-b512-7767c3eea219/datanode-2/data/ratis/8d0efe99-f84e-4486-9f25-8cd21dafdee1/in_use.lock acquired by nodename 15643@pr-hdds-2224-n586v-1266706246
2019-10-01 21:43:54,080 [pool-403-thread-1] INFO  storage.RaftStorage (RaftStorage.java:format(84)) - Storage directory /workdir/hadoop-ozone/integration-test/target/test-dir/MiniOzoneClusterImpl-324908f0-eb78-4759-b512-7767c3eea219/datanode-2/data/ratis/8d0efe99-f84e-4486-9f25-8cd21dafdee1 has been successfully formatted.
2019-10-01 21:43:54,081 [pool-403-thread-1] INFO  ratis.ContainerStateMachine (ContainerStateMachine.java:loadSnapshot(230)) - group-8CD21DAFDEE1: The snapshot info is null. Setting the last applied indexto:(t:0, i:~)
2019-10-01 21:43:54,081 [pool-403-thread-1] INFO  server.RaftServerConfigKeys (ConfUtils.java:logGet(43)) - raft.server.notification.no-leader.timeout = 120s (custom)
2019-10-01 21:43:54,081 [pool-403-thread-1] INFO  server.RaftServerConfigKeys (ConfUtils.java:logGet(43)) - raft.server.log.use.memory = false (default)
2019-10-01 21:43:54,081 [pool-403-thread-1] INFO  server.RaftServerConfigKeys (ConfUtils.java:logGet(43)) - raft.server.log.purge.gap = 1000000 (custom)
2019-10-01 21:43:54,081 [pool-403-thread-1] INFO  server.RaftServerConfigKeys (ConfUtils.java:logGet(43)) - raft.server.log.appender.buffer.byte-limit = 33554432 (custom)
2019-10-01 21:43:54,081 [pool-403-thread-1] INFO  server.RaftServerConfigKeys (ConfUtils.java:logGet(43)) - raft.server.log.segment.size.max = 1048576 (custom)
2019-10-01 21:43:54,083 [pool-403-thread-1] INFO  server.RaftServerConfigKeys (ConfUtils.java:logGet(43)) - raft.server.log.segment.cache.num.max = 2 (custom)
2019-10-01 21:43:54,083 [pool-403-thread-1] INFO  segmented.SegmentedRaftLogWorker (SegmentedRaftLogWorker.java:<init>(173)) - new 92876efe-7aa2-43ca-94f1-8ffe97e46a24@group-8CD21DAFDEE1-SegmentedRaftLogWorker for RaftStorage:Storage Directory /workdir/hadoop-ozone/integration-test/target/test-dir/MiniOzoneClusterImpl-324908f0-eb78-4759-b512-7767c3eea219/datanode-2/data/ratis/8d0efe99-f84e-4486-9f25-8cd21dafdee1
2019-10-01 21:43:54,083 [pool-403-thread-1] INFO  server.RaftServerConfigKeys (ConfUtils.java:logGet(43)) - raft.server.log.queue.byte-limit = 2147483647 (custom)
2019-10-01 21:43:54,083 [pool-403-thread-1] INFO  server.RaftServerConfigKeys (ConfUtils.java:logGet(43)) - raft.server.log.queue.element-limit = 1024 (custom)
2019-10-01 21:43:54,083 [pool-403-thread-1] INFO  server.RaftServerConfigKeys (ConfUtils.java:logGet(43)) - raft.server.log.segment.size.max = 1048576 (custom)
2019-10-01 21:43:54,083 [pool-403-thread-1] INFO  server.RaftServerConfigKeys (ConfUtils.java:logGet(43)) - raft.server.log.preallocated.size = 16384 (custom)
2019-10-01 21:43:54,083 [pool-403-thread-1] INFO  server.RaftServerConfigKeys (ConfUtils.java:logGet(43)) - raft.server.log.write.buffer.size = 33554432 (custom)
2019-10-01 21:43:54,083 [pool-403-thread-1] INFO  server.RaftServerConfigKeys (ConfUtils.java:logGet(43)) - raft.server.log.force.sync.num = 128 (default)
2019-10-01 21:43:54,083 [pool-403-thread-1] INFO  server.RaftServerConfigKeys (ConfUtils.java:logGet(43)) - raft.server.log.statemachine.data.sync = true (default)
2019-10-01 21:43:54,084 [pool-403-thread-1] INFO  server.RaftServerConfigKeys (ConfUtils.java:logGet(43)) - raft.server.log.statemachine.data.sync.timeout = 10s (default)
2019-10-01 21:43:54,084 [pool-403-thread-1] INFO  server.RaftServerConfigKeys (ConfUtils.java:logGet(43)) - raft.server.log.statemachine.data.sync.timeout.retry = -1 (default)
2019-10-01 21:43:54,084 [pool-403-thread-1] INFO  server.RaftServerConfigKeys (ConfUtils.java:logGet(43)) - raft.server.log.statemachine.data.caching.enabled = true (custom)
2019-10-01 21:43:54,084 [pool-403-thread-1] INFO  segmented.SegmentedRaftLogWorker (SegmentedRaftLogWorker.java:lambda$new$0(128)) - 92876efe-7aa2-43ca-94f1-8ffe97e46a24@group-8CD21DAFDEE1-SegmentedRaftLogWorker: flushIndex: setUnconditionally 0 -> -1
2019-10-01 21:43:54,084 [pool-403-thread-1] INFO  server.RaftServerConfigKeys (ConfUtils.java:logGet(43)) - raft.server.snapshot.auto.trigger.enabled = true (custom)
2019-10-01 21:43:54,085 [pool-403-thread-1] INFO  server.RaftServerConfigKeys (ConfUtils.java:logGet(43)) - raft.server.snapshot.auto.trigger.threshold = 10000 (custom)
2019-10-01 21:43:54,085 [pool-403-thread-1] INFO  server.RaftServerConfigKeys (ConfUtils.java:logGet(43)) - raft.server.snapshot.retention.file.num = 5 (custom)
2019-10-01 21:43:54,085 [pool-403-thread-1] INFO  server.RaftServerConfigKeys (ConfUtils.java:logGet(43)) - raft.server.retrycache.expirytime = 600000ms (custom)
2019-10-01 21:43:54,086 [pool-403-thread-1] INFO  impl.RaftServerImpl (RaftServerImpl.java:start(181)) - 92876efe-7aa2-43ca-94f1-8ffe97e46a24@group-8CD21DAFDEE1: start as a follower, conf=-1: [92876efe-7aa2-43ca-94f1-8ffe97e46a24:192.168.164.217:39848], old=null
2019-10-01 21:43:54,086 [pool-403-thread-1] INFO  impl.RaftServerImpl (RaftServerImpl.java:setRole(170)) - 92876efe-7aa2-43ca-94f1-8ffe97e46a24@group-8CD21DAFDEE1: changes role from      null to FOLLOWER at term 0 for startAsFollower
2019-10-01 21:43:54,086 [pool-403-thread-1] INFO  impl.RoleInfo (RoleInfo.java:updateAndGet(143)) - 92876efe-7aa2-43ca-94f1-8ffe97e46a24: start FollowerState
2019-10-01 21:43:54,086 [pool-403-thread-1] INFO  util.JmxRegister (JmxRegister.java:tryRegister(44)) - Successfully registered JMX Bean with object name Ratis:service=RaftServer,group=group-8CD21DAFDEE1,id=92876efe-7aa2-43ca-94f1-8ffe97e46a24
2019-10-01 21:43:54,090 [RatisPipelineUtilsThread] INFO  pipeline.PipelineStateManager (PipelineStateManager.java:addPipeline(56)) - Created pipeline Pipeline[ Id: 8d0efe99-f84e-4486-9f25-8cd21dafdee1, Nodes: 92876efe-7aa2-43ca-94f1-8ffe97e46a24{ip: 192.168.164.217, host: pr-hdds-2224-n586v-1266706246, networkLocation: /default-rack, certSerialId: null}, Type:RATIS, Factor:ONE, State:OPEN]
2019-10-01 21:43:54,104 [grpc-default-executor-8] INFO  impl.RaftServerProxy (RaftServerProxy.java:addNew(89)) - 92876efe-7aa2-43ca-94f1-8ffe97e46a24: addNew group-E5642A6D24C2:[c75aff3d-5022-45ef-b320-4144306dc30a:192.168.164.217:44549, b29c2709-9c70-4172-98f7-730f006f77cf:192.168.164.217:46333, 92876efe-7aa2-43ca-94f1-8ffe97e46a24:192.168.164.217:39848] returns group-E5642A6D24C2:java.util.concurrent.CompletableFuture@39089036[Not completed]
2019-10-01 21:43:54,105 [grpc-default-executor-1] INFO  impl.RaftServerProxy (RaftServerProxy.java:addNew(89)) - c75aff3d-5022-45ef-b320-4144306dc30a: addNew group-E5642A6D24C2:[c75aff3d-5022-45ef-b320-4144306dc30a:192.168.164.217:44549, b29c2709-9c70-4172-98f7-730f006f77cf:192.168.164.217:46333, 92876efe-7aa2-43ca-94f1-8ffe97e46a24:192.168.164.217:39848] returns group-E5642A6D24C2:java.util.concurrent.CompletableFuture@674163bd[Not completed]
2019-10-01 21:43:54,106 [pool-403-thread-1] INFO  impl.RaftServerImpl (RaftServerImpl.java:<init>(95)) - 92876efe-7aa2-43ca-94f1-8ffe97e46a24: new RaftServerImpl for group-E5642A6D24C2:[c75aff3d-5022-45ef-b320-4144306dc30a:192.168.164.217:44549, b29c2709-9c70-4172-98f7-730f006f77cf:192.168.164.217:46333, 92876efe-7aa2-43ca-94f1-8ffe97e46a24:192.168.164.217:39848] with ContainerStateMachine:uninitialized
2019-10-01 21:43:54,106 [pool-403-thread-1] INFO  server.RaftServerConfigKeys (ConfUtils.java:logGet(43)) - raft.server.rpc.timeout.min = 5s (custom)
2019-10-01 21:43:54,106 [pool-403-thread-1] INFO  server.RaftServerConfigKeys (ConfUtils.java:logGet(43)) - raft.server.rpc.timeout.max = 5200ms (custom)
2019-10-01 21:43:54,106 [pool-383-thread-1] INFO  impl.RaftServerImpl (RaftServerImpl.java:<init>(95)) - c75aff3d-5022-45ef-b320-4144306dc30a: new RaftServerImpl for group-E5642A6D24C2:[c75aff3d-5022-45ef-b320-4144306dc30a:192.168.164.217:44549, b29c2709-9c70-4172-98f7-730f006f77cf:192.168.164.217:46333, 92876efe-7aa2-43ca-94f1-8ffe97e46a24:192.168.164.217:39848] with ContainerStateMachine:uninitialized
2019-10-01 21:43:54,106 [pool-403-thread-1] INFO  server.RaftServerConfigKeys (ConfUtils.java:logGet(43)) - raft.server.rpcslowness.timeout = 120s (custom)
2019-10-01 21:43:54,106 [pool-383-thread-1] INFO  server.RaftServerConfigKeys (ConfUtils.java:logGet(43)) - raft.server.rpc.timeout.min = 5s (custom)
2019-10-01 21:43:54,108 [pool-403-thread-1] INFO  server.RaftServerConfigKeys (ConfUtils.java:logGet(43)) - raft.server.sleep.deviation.threshold = 300 (default)
2019-10-01 21:43:54,108 [grpc-default-executor-1] INFO  impl.RaftServerProxy (RaftServerProxy.java:addNew(89)) - b29c2709-9c70-4172-98f7-730f006f77cf: addNew group-E5642A6D24C2:[c75aff3d-5022-45ef-b320-4144306dc30a:192.168.164.217:44549, b29c2709-9c70-4172-98f7-730f006f77cf:192.168.164.217:46333, 92876efe-7aa2-43ca-94f1-8ffe97e46a24:192.168.164.217:39848] returns group-E5642A6D24C2:java.util.concurrent.CompletableFuture@1d13746d[Not completed]
2019-10-01 21:43:54,108 [pool-403-thread-1] INFO  server.RaftServerConfigKeys (ConfUtils.java:logGet(43)) - raft.server.log.appender.install.snapshot.enabled = false (custom)
2019-10-01 21:43:54,108 [pool-383-thread-1] INFO  server.RaftServerConfigKeys (ConfUtils.java:logGet(43)) - raft.server.rpc.timeout.max = 5200ms (custom)
2019-10-01 21:43:54,108 [pool-403-thread-1] INFO  impl.RaftServerImpl (ServerState.java:<init>(103)) - 92876efe-7aa2-43ca-94f1-8ffe97e46a24@group-E5642A6D24C2: ConfigurationManager, init=-1: [c75aff3d-5022-45ef-b320-4144306dc30a:192.168.164.217:44549, b29c2709-9c70-4172-98f7-730f006f77cf:192.168.164.217:46333, 92876efe-7aa2-43ca-94f1-8ffe97e46a24:192.168.164.217:39848], old=null, confs=<EMPTY_MAP>
2019-10-01 21:43:54,108 [pool-383-thread-1] INFO  server.RaftServerConfigKeys (ConfUtils.java:logGet(43)) - raft.server.rpcslowness.timeout = 120s (custom)
2019-10-01 21:43:54,109 [pool-403-thread-1] INFO  server.RaftServerConfigKeys (ConfUtils.java:logGet(43)) - raft.server.storage.dir = [/workdir/hadoop-ozone/integration-test/target/test-dir/MiniOzoneClusterImpl-324908f0-eb78-4759-b512-7767c3eea219/datanode-2/data/ratis] (custom)
2019-10-01 21:43:54,109 [pool-393-thread-1] INFO  impl.RaftServerImpl (RaftServerImpl.java:<init>(95)) - b29c2709-9c70-4172-98f7-730f006f77cf: new RaftServerImpl for group-E5642A6D24C2:[c75aff3d-5022-45ef-b320-4144306dc30a:192.168.164.217:44549, b29c2709-9c70-4172-98f7-730f006f77cf:192.168.164.217:46333, 92876efe-7aa2-43ca-94f1-8ffe97e46a24:192.168.164.217:39848] with ContainerStateMachine:uninitialized
2019-10-01 21:43:54,109 [pool-383-thread-1] INFO  server.RaftServerConfigKeys (ConfUtils.java:logGet(43)) - raft.server.sleep.deviation.threshold = 300 (default)
2019-10-01 21:43:54,109 [pool-403-thread-1] INFO  server.RaftServerConfigKeys (ConfUtils.java:logGet(43)) - raft.server.log.corruption.policy = EXCEPTION (default)
2019-10-01 21:43:54,109 [pool-393-thread-1] INFO  server.RaftServerConfigKeys (ConfUtils.java:logGet(43)) - raft.server.rpc.timeout.min = 5s (custom)
2019-10-01 21:43:54,109 [pool-383-thread-1] INFO  server.RaftServerConfigKeys (ConfUtils.java:logGet(43)) - raft.server.log.appender.install.snapshot.enabled = false (custom)
2019-10-01 21:43:54,109 [pool-403-thread-1] INFO  storage.RaftStorageDirectory (RaftStorageDirectory.java:analyzeStorage(246)) - The storage directory /workdir/hadoop-ozone/integration-test/target/test-dir/MiniOzoneClusterImpl-324908f0-eb78-4759-b512-7767c3eea219/datanode-2/data/ratis/e8baea6a-cfa8-4f9b-988a-e5642a6d24c2 does not exist. Creating ...
2019-10-01 21:43:54,109 [pool-393-thread-1] INFO  server.RaftServerConfigKeys (ConfUtils.java:logGet(43)) - raft.server.rpc.timeout.max = 5200ms (custom)
2019-10-01 21:43:54,109 [pool-383-thread-1] INFO  impl.RaftServerImpl (ServerState.java:<init>(103)) - c75aff3d-5022-45ef-b320-4144306dc30a@group-E5642A6D24C2: ConfigurationManager, init=-1: [c75aff3d-5022-45ef-b320-4144306dc30a:192.168.164.217:44549, b29c2709-9c70-4172-98f7-730f006f77cf:192.168.164.217:46333, 92876efe-7aa2-43ca-94f1-8ffe97e46a24:192.168.164.217:39848], old=null, confs=<EMPTY_MAP>
2019-10-01 21:43:54,110 [pool-393-thread-1] INFO  server.RaftServerConfigKeys (ConfUtils.java:logGet(43)) - raft.server.rpcslowness.timeout = 120s (custom)
2019-10-01 21:43:54,110 [pool-393-thread-1] INFO  server.RaftServerConfigKeys (ConfUtils.java:logGet(43)) - raft.server.sleep.deviation.threshold = 300 (default)
2019-10-01 21:43:54,110 [pool-383-thread-1] INFO  server.RaftServerConfigKeys (ConfUtils.java:logGet(43)) - raft.server.storage.dir = [/workdir/hadoop-ozone/integration-test/target/test-dir/MiniOzoneClusterImpl-324908f0-eb78-4759-b512-7767c3eea219/datanode-0/data/ratis] (custom)
2019-10-01 21:43:54,110 [pool-393-thread-1] INFO  server.RaftServerConfigKeys (ConfUtils.java:logGet(43)) - raft.server.log.appender.install.snapshot.enabled = false (custom)
2019-10-01 21:43:54,110 [pool-393-thread-1] INFO  impl.RaftServerImpl (ServerState.java:<init>(103)) - b29c2709-9c70-4172-98f7-730f006f77cf@group-E5642A6D24C2: ConfigurationManager, init=-1: [c75aff3d-5022-45ef-b320-4144306dc30a:192.168.164.217:44549, b29c2709-9c70-4172-98f7-730f006f77cf:192.168.164.217:46333, 92876efe-7aa2-43ca-94f1-8ffe97e46a24:192.168.164.217:39848], old=null, confs=<EMPTY_MAP>
2019-10-01 21:43:54,110 [pool-383-thread-1] INFO  server.RaftServerConfigKeys (ConfUtils.java:logGet(43)) - raft.server.log.corruption.policy = EXCEPTION (default)
2019-10-01 21:43:54,110 [pool-393-thread-1] INFO  server.RaftServerConfigKeys (ConfUtils.java:logGet(43)) - raft.server.storage.dir = [/workdir/hadoop-ozone/integration-test/target/test-dir/MiniOzoneClusterImpl-324908f0-eb78-4759-b512-7767c3eea219/datanode-1/data/ratis] (custom)
2019-10-01 21:43:54,110 [pool-383-thread-1] INFO  storage.RaftStorageDirectory (RaftStorageDirectory.java:analyzeStorage(246)) - The storage directory /workdir/hadoop-ozone/integration-test/target/test-dir/MiniOzoneClusterImpl-324908f0-eb78-4759-b512-7767c3eea219/datanode-0/data/ratis/e8baea6a-cfa8-4f9b-988a-e5642a6d24c2 does not exist. Creating ...
2019-10-01 21:43:54,110 [pool-393-thread-1] INFO  server.RaftServerConfigKeys (ConfUtils.java:logGet(43)) - raft.server.log.corruption.policy = EXCEPTION (default)
2019-10-01 21:43:54,111 [pool-393-thread-1] INFO  storage.RaftStorageDirectory (RaftStorageDirectory.java:analyzeStorage(246)) - The storage directory /workdir/hadoop-ozone/integration-test/target/test-dir/MiniOzoneClusterImpl-324908f0-eb78-4759-b512-7767c3eea219/datanode-1/data/ratis/e8baea6a-cfa8-4f9b-988a-e5642a6d24c2 does not exist. Creating ...
2019-10-01 21:43:54,123 [pool-403-thread-1] INFO  storage.RaftStorageDirectory (RaftStorageDirectory.java:tryLock(328)) - Lock on /workdir/hadoop-ozone/integration-test/target/test-dir/MiniOzoneClusterImpl-324908f0-eb78-4759-b512-7767c3eea219/datanode-2/data/ratis/e8baea6a-cfa8-4f9b-988a-e5642a6d24c2/in_use.lock acquired by nodename 15643@pr-hdds-2224-n586v-1266706246
2019-10-01 21:43:54,123 [pool-393-thread-1] INFO  storage.RaftStorageDirectory (RaftStorageDirectory.java:tryLock(328)) - Lock on /workdir/hadoop-ozone/integration-test/target/test-dir/MiniOzoneClusterImpl-324908f0-eb78-4759-b512-7767c3eea219/datanode-1/data/ratis/e8baea6a-cfa8-4f9b-988a-e5642a6d24c2/in_use.lock acquired by nodename 15643@pr-hdds-2224-n586v-1266706246
2019-10-01 21:43:54,123 [pool-383-thread-1] INFO  storage.RaftStorageDirectory (RaftStorageDirectory.java:tryLock(328)) - Lock on /workdir/hadoop-ozone/integration-test/target/test-dir/MiniOzoneClusterImpl-324908f0-eb78-4759-b512-7767c3eea219/datanode-0/data/ratis/e8baea6a-cfa8-4f9b-988a-e5642a6d24c2/in_use.lock acquired by nodename 15643@pr-hdds-2224-n586v-1266706246
2019-10-01 21:43:54,124 [IPC Server handler 7 on 43455] INFO  net.NetworkTopology (NetworkTopologyImpl.java:add(111)) - Added a new node: /default-rack/86600292-f7ad-4021-b353-636166237939
2019-10-01 21:43:54,124 [IPC Server handler 7 on 43455] INFO  node.SCMNodeManager (SCMNodeManager.java:register(266)) - Registered Data node : 86600292-f7ad-4021-b353-636166237939{ip: 192.168.164.217, host: pr-hdds-2224-n586v-1266706246, networkLocation: /default-rack, certSerialId: null}
2019-10-01 21:43:54,136 [pool-383-thread-1] INFO  storage.RaftStorage (RaftStorage.java:format(84)) - Storage directory /workdir/hadoop-ozone/integration-test/target/test-dir/MiniOzoneClusterImpl-324908f0-eb78-4759-b512-7767c3eea219/datanode-0/data/ratis/e8baea6a-cfa8-4f9b-988a-e5642a6d24c2 has been successfully formatted.
2019-10-01 21:43:54,136 [pool-393-thread-1] INFO  storage.RaftStorage (RaftStorage.java:format(84)) - Storage directory /workdir/hadoop-ozone/integration-test/target/test-dir/MiniOzoneClusterImpl-324908f0-eb78-4759-b512-7767c3eea219/datanode-1/data/ratis/e8baea6a-cfa8-4f9b-988a-e5642a6d24c2 has been successfully formatted.
2019-10-01 21:43:54,137 [pool-383-thread-1] INFO  ratis.ContainerStateMachine (ContainerStateMachine.java:loadSnapshot(230)) - group-E5642A6D24C2: The snapshot info is null. Setting the last applied indexto:(t:0, i:~)
2019-10-01 21:43:54,136 [pool-403-thread-1] INFO  storage.RaftStorage (RaftStorage.java:format(84)) - Storage directory /workdir/hadoop-ozone/integration-test/target/test-dir/MiniOzoneClusterImpl-324908f0-eb78-4759-b512-7767c3eea219/datanode-2/data/ratis/e8baea6a-cfa8-4f9b-988a-e5642a6d24c2 has been successfully formatted.
2019-10-01 21:43:54,137 [pool-383-thread-1] INFO  server.RaftServerConfigKeys (ConfUtils.java:logGet(43)) - raft.server.notification.no-leader.timeout = 120s (custom)
2019-10-01 21:43:54,137 [pool-393-thread-1] INFO  ratis.ContainerStateMachine (ContainerStateMachine.java:loadSnapshot(230)) - group-E5642A6D24C2: The snapshot info is null. Setting the last applied indexto:(t:0, i:~)
2019-10-01 21:43:54,137 [pool-383-thread-1] INFO  server.RaftServerConfigKeys (ConfUtils.java:logGet(43)) - raft.server.log.use.memory = false (default)
2019-10-01 21:43:54,137 [pool-403-thread-1] INFO  ratis.ContainerStateMachine (ContainerStateMachine.java:loadSnapshot(230)) - group-E5642A6D24C2: The snapshot info is null. Setting the last applied indexto:(t:0, i:~)
2019-10-01 21:43:54,137 [pool-383-thread-1] INFO  server.RaftServerConfigKeys (ConfUtils.java:logGet(43)) - raft.server.log.purge.gap = 1000000 (custom)
2019-10-01 21:43:54,137 [pool-393-thread-1] INFO  server.RaftServerConfigKeys (ConfUtils.java:logGet(43)) - raft.server.notification.no-leader.timeout = 120s (custom)
2019-10-01 21:43:54,137 [pool-383-thread-1] INFO  server.RaftServerConfigKeys (ConfUtils.java:logGet(43)) - raft.server.log.appender.buffer.byte-limit = 33554432 (custom)
2019-10-01 21:43:54,137 [pool-403-thread-1] INFO  server.RaftServerConfigKeys (ConfUtils.java:logGet(43)) - raft.server.notification.no-leader.timeout = 120s (custom)
2019-10-01 21:43:54,137 [pool-383-thread-1] INFO  server.RaftServerConfigKeys (ConfUtils.java:logGet(43)) - raft.server.log.segment.size.max = 1048576 (custom)
2019-10-01 21:43:54,137 [pool-393-thread-1] INFO  server.RaftServerConfigKeys (ConfUtils.java:logGet(43)) - raft.server.log.use.memory = false (default)
2019-10-01 21:43:54,138 [pool-383-thread-1] INFO  server.RaftServerConfigKeys (ConfUtils.java:logGet(43)) - raft.server.log.segment.cache.num.max = 2 (custom)
2019-10-01 21:43:54,138 [pool-403-thread-1] INFO  server.RaftServerConfigKeys (ConfUtils.java:logGet(43)) - raft.server.log.use.memory = false (default)
2019-10-01 21:43:54,138 [pool-383-thread-1] INFO  segmented.SegmentedRaftLogWorker (SegmentedRaftLogWorker.java:<init>(173)) - new c75aff3d-5022-45ef-b320-4144306dc30a@group-E5642A6D24C2-SegmentedRaftLogWorker for RaftStorage:Storage Directory /workdir/hadoop-ozone/integration-test/target/test-dir/MiniOzoneClusterImpl-324908f0-eb78-4759-b512-7767c3eea219/datanode-0/data/ratis/e8baea6a-cfa8-4f9b-988a-e5642a6d24c2
2019-10-01 21:43:54,138 [pool-383-thread-1] INFO  server.RaftServerConfigKeys (ConfUtils.java:logGet(43)) - raft.server.log.queue.byte-limit = 2147483647 (custom)
2019-10-01 21:43:54,138 [pool-393-thread-1] INFO  server.RaftServerConfigKeys (ConfUtils.java:logGet(43)) - raft.server.log.purge.gap = 1000000 (custom)
2019-10-01 21:43:54,138 [pool-383-thread-1] INFO  server.RaftServerConfigKeys (ConfUtils.java:logGet(43)) - raft.server.log.queue.element-limit = 1024 (custom)
2019-10-01 21:43:54,138 [pool-403-thread-1] INFO  server.RaftServerConfigKeys (ConfUtils.java:logGet(43)) - raft.server.log.purge.gap = 1000000 (custom)
2019-10-01 21:43:54,138 [pool-383-thread-1] INFO  server.RaftServerConfigKeys (ConfUtils.java:logGet(43)) - raft.server.log.segment.size.max = 1048576 (custom)
2019-10-01 21:43:54,139 [pool-383-thread-1] INFO  server.RaftServerConfigKeys (ConfUtils.java:logGet(43)) - raft.server.log.preallocated.size = 16384 (custom)
2019-10-01 21:43:54,138 [pool-393-thread-1] INFO  server.RaftServerConfigKeys (ConfUtils.java:logGet(43)) - raft.server.log.appender.buffer.byte-limit = 33554432 (custom)
2019-10-01 21:43:54,139 [pool-383-thread-1] INFO  server.RaftServerConfigKeys (ConfUtils.java:logGet(43)) - raft.server.log.write.buffer.size = 33554432 (custom)
2019-10-01 21:43:54,139 [pool-383-thread-1] INFO  server.RaftServerConfigKeys (ConfUtils.java:logGet(43)) - raft.server.log.force.sync.num = 128 (default)
2019-10-01 21:43:54,139 [pool-403-thread-1] INFO  server.RaftServerConfigKeys (ConfUtils.java:logGet(43)) - raft.server.log.appender.buffer.byte-limit = 33554432 (custom)
2019-10-01 21:43:54,139 [pool-383-thread-1] INFO  server.RaftServerConfigKeys (ConfUtils.java:logGet(43)) - raft.server.log.statemachine.data.sync = true (default)
2019-10-01 21:43:54,139 [pool-393-thread-1] INFO  server.RaftServerConfigKeys (ConfUtils.java:logGet(43)) - raft.server.log.segment.size.max = 1048576 (custom)
2019-10-01 21:43:54,139 [pool-383-thread-1] INFO  server.RaftServerConfigKeys (ConfUtils.java:logGet(43)) - raft.server.log.statemachine.data.sync.timeout = 10s (default)
2019-10-01 21:43:54,140 [pool-383-thread-1] INFO  server.RaftServerConfigKeys (ConfUtils.java:logGet(43)) - raft.server.log.statemachine.data.sync.timeout.retry = -1 (default)
2019-10-01 21:43:54,139 [pool-403-thread-1] INFO  server.RaftServerConfigKeys (ConfUtils.java:logGet(43)) - raft.server.log.segment.size.max = 1048576 (custom)
2019-10-01 21:43:54,140 [pool-383-thread-1] INFO  server.RaftServerConfigKeys (ConfUtils.java:logGet(43)) - raft.server.log.statemachine.data.caching.enabled = true (custom)
2019-10-01 21:43:54,139 [pool-393-thread-1] INFO  server.RaftServerConfigKeys (ConfUtils.java:logGet(43)) - raft.server.log.segment.cache.num.max = 2 (custom)
2019-10-01 21:43:54,140 [pool-403-thread-1] INFO  server.RaftServerConfigKeys (ConfUtils.java:logGet(43)) - raft.server.log.segment.cache.num.max = 2 (custom)
2019-10-01 21:43:54,140 [pool-383-thread-1] INFO  segmented.SegmentedRaftLogWorker (SegmentedRaftLogWorker.java:lambda$new$0(128)) - c75aff3d-5022-45ef-b320-4144306dc30a@group-E5642A6D24C2-SegmentedRaftLogWorker: flushIndex: setUnconditionally 0 -> -1
2019-10-01 21:43:54,140 [pool-393-thread-1] INFO  segmented.SegmentedRaftLogWorker (SegmentedRaftLogWorker.java:<init>(173)) - new b29c2709-9c70-4172-98f7-730f006f77cf@group-E5642A6D24C2-SegmentedRaftLogWorker for RaftStorage:Storage Directory /workdir/hadoop-ozone/integration-test/target/test-dir/MiniOzoneClusterImpl-324908f0-eb78-4759-b512-7767c3eea219/datanode-1/data/ratis/e8baea6a-cfa8-4f9b-988a-e5642a6d24c2
2019-10-01 21:43:54,140 [pool-403-thread-1] INFO  segmented.SegmentedRaftLogWorker (SegmentedRaftLogWorker.java:<init>(173)) - new 92876efe-7aa2-43ca-94f1-8ffe97e46a24@group-E5642A6D24C2-SegmentedRaftLogWorker for RaftStorage:Storage Directory /workdir/hadoop-ozone/integration-test/target/test-dir/MiniOzoneClusterImpl-324908f0-eb78-4759-b512-7767c3eea219/datanode-2/data/ratis/e8baea6a-cfa8-4f9b-988a-e5642a6d24c2
2019-10-01 21:43:54,140 [pool-383-thread-1] INFO  server.RaftServerConfigKeys (ConfUtils.java:logGet(43)) - raft.server.snapshot.auto.trigger.enabled = true (custom)
2019-10-01 21:43:54,140 [pool-393-thread-1] INFO  server.RaftServerConfigKeys (ConfUtils.java:logGet(43)) - raft.server.log.queue.byte-limit = 2147483647 (custom)
2019-10-01 21:43:54,140 [pool-383-thread-1] INFO  server.RaftServerConfigKeys (ConfUtils.java:logGet(43)) - raft.server.snapshot.auto.trigger.threshold = 10000 (custom)
2019-10-01 21:43:54,140 [pool-403-thread-1] INFO  server.RaftServerConfigKeys (ConfUtils.java:logGet(43)) - raft.server.log.queue.byte-limit = 2147483647 (custom)
2019-10-01 21:43:54,141 [pool-383-thread-1] INFO  server.RaftServerConfigKeys (ConfUtils.java:logGet(43)) - raft.server.snapshot.retention.file.num = 5 (custom)
2019-10-01 21:43:54,140 [pool-393-thread-1] INFO  server.RaftServerConfigKeys (ConfUtils.java:logGet(43)) - raft.server.log.queue.element-limit = 1024 (custom)
2019-10-01 21:43:54,141 [pool-383-thread-1] INFO  server.RaftServerConfigKeys (ConfUtils.java:logGet(43)) - raft.server.retrycache.expirytime = 600000ms (custom)
2019-10-01 21:43:54,141 [pool-403-thread-1] INFO  server.RaftServerConfigKeys (ConfUtils.java:logGet(43)) - raft.server.log.queue.element-limit = 1024 (custom)
2019-10-01 21:43:54,141 [pool-393-thread-1] INFO  server.RaftServerConfigKeys (ConfUtils.java:logGet(43)) - raft.server.log.segment.size.max = 1048576 (custom)
2019-10-01 21:43:54,141 [pool-403-thread-1] INFO  server.RaftServerConfigKeys (ConfUtils.java:logGet(43)) - raft.server.log.segment.size.max = 1048576 (custom)
2019-10-01 21:43:54,141 [pool-393-thread-1] INFO  server.RaftServerConfigKeys (ConfUtils.java:logGet(43)) - raft.server.log.preallocated.size = 16384 (custom)
2019-10-01 21:43:54,141 [pool-403-thread-1] INFO  server.RaftServerConfigKeys (ConfUtils.java:logGet(43)) - raft.server.log.preallocated.size = 16384 (custom)
2019-10-01 21:43:54,141 [pool-393-thread-1] INFO  server.RaftServerConfigKeys (ConfUtils.java:logGet(43)) - raft.server.log.write.buffer.size = 33554432 (custom)
2019-10-01 21:43:54,141 [pool-403-thread-1] INFO  server.RaftServerConfigKeys (ConfUtils.java:logGet(43)) - raft.server.log.write.buffer.size = 33554432 (custom)
2019-10-01 21:43:54,142 [pool-393-thread-1] INFO  server.RaftServerConfigKeys (ConfUtils.java:logGet(43)) - raft.server.log.force.sync.num = 128 (default)
2019-10-01 21:43:54,142 [pool-403-thread-1] INFO  server.RaftServerConfigKeys (ConfUtils.java:logGet(43)) - raft.server.log.force.sync.num = 128 (default)
2019-10-01 21:43:54,142 [pool-393-thread-1] INFO  server.RaftServerConfigKeys (ConfUtils.java:logGet(43)) - raft.server.log.statemachine.data.sync = true (default)
2019-10-01 21:43:54,142 [pool-403-thread-1] INFO  server.RaftServerConfigKeys (ConfUtils.java:logGet(43)) - raft.server.log.statemachine.data.sync = true (default)
2019-10-01 21:43:54,142 [pool-393-thread-1] INFO  server.RaftServerConfigKeys (ConfUtils.java:logGet(43)) - raft.server.log.statemachine.data.sync.timeout = 10s (default)
2019-10-01 21:43:54,142 [pool-403-thread-1] INFO  server.RaftServerConfigKeys (ConfUtils.java:logGet(43)) - raft.server.log.statemachine.data.sync.timeout = 10s (default)
2019-10-01 21:43:54,142 [pool-393-thread-1] INFO  server.RaftServerConfigKeys (ConfUtils.java:logGet(43)) - raft.server.log.statemachine.data.sync.timeout.retry = -1 (default)
2019-10-01 21:43:54,142 [pool-383-thread-1] INFO  impl.RaftServerImpl (RaftServerImpl.java:start(181)) - c75aff3d-5022-45ef-b320-4144306dc30a@group-E5642A6D24C2: start as a follower, conf=-1: [c75aff3d-5022-45ef-b320-4144306dc30a:192.168.164.217:44549, b29c2709-9c70-4172-98f7-730f006f77cf:192.168.164.217:46333, 92876efe-7aa2-43ca-94f1-8ffe97e46a24:192.168.164.217:39848], old=null
2019-10-01 21:43:54,142 [pool-403-thread-1] INFO  server.RaftServerConfigKeys (ConfUtils.java:logGet(43)) - raft.server.log.statemachine.data.sync.timeout.retry = -1 (default)
2019-10-01 21:43:54,142 [pool-383-thread-1] INFO  impl.RaftServerImpl (RaftServerImpl.java:setRole(170)) - c75aff3d-5022-45ef-b320-4144306dc30a@group-E5642A6D24C2: changes role from      null to FOLLOWER at term 0 for startAsFollower
2019-10-01 21:43:54,142 [pool-393-thread-1] INFO  server.RaftServerConfigKeys (ConfUtils.java:logGet(43)) - raft.server.log.statemachine.data.caching.enabled = true (custom)
2019-10-01 21:43:54,143 [pool-383-thread-1] INFO  impl.RoleInfo (RoleInfo.java:updateAndGet(143)) - c75aff3d-5022-45ef-b320-4144306dc30a: start FollowerState
2019-10-01 21:43:54,143 [pool-403-thread-1] INFO  server.RaftServerConfigKeys (ConfUtils.java:logGet(43)) - raft.server.log.statemachine.data.caching.enabled = true (custom)
2019-10-01 21:43:54,143 [pool-393-thread-1] INFO  segmented.SegmentedRaftLogWorker (SegmentedRaftLogWorker.java:lambda$new$0(128)) - b29c2709-9c70-4172-98f7-730f006f77cf@group-E5642A6D24C2-SegmentedRaftLogWorker: flushIndex: setUnconditionally 0 -> -1
2019-10-01 21:43:54,143 [pool-383-thread-1] INFO  util.JmxRegister (JmxRegister.java:tryRegister(44)) - Successfully registered JMX Bean with object name Ratis:service=RaftServer,group=group-E5642A6D24C2,id=c75aff3d-5022-45ef-b320-4144306dc30a
2019-10-01 21:43:54,143 [pool-403-thread-1] INFO  segmented.SegmentedRaftLogWorker (SegmentedRaftLogWorker.java:lambda$new$0(128)) - 92876efe-7aa2-43ca-94f1-8ffe97e46a24@group-E5642A6D24C2-SegmentedRaftLogWorker: flushIndex: setUnconditionally 0 -> -1
2019-10-01 21:43:54,143 [pool-393-thread-1] INFO  server.RaftServerConfigKeys (ConfUtils.java:logGet(43)) - raft.server.snapshot.auto.trigger.enabled = true (custom)
2019-10-01 21:43:54,143 [pool-393-thread-1] INFO  server.RaftServerConfigKeys (ConfUtils.java:logGet(43)) - raft.server.snapshot.auto.trigger.threshold = 10000 (custom)
2019-10-01 21:43:54,143 [pool-403-thread-1] INFO  server.RaftServerConfigKeys (ConfUtils.java:logGet(43)) - raft.server.snapshot.auto.trigger.enabled = true (custom)
2019-10-01 21:43:54,143 [pool-393-thread-1] INFO  server.RaftServerConfigKeys (ConfUtils.java:logGet(43)) - raft.server.snapshot.retention.file.num = 5 (custom)
2019-10-01 21:43:54,143 [pool-403-thread-1] INFO  server.RaftServerConfigKeys (ConfUtils.java:logGet(43)) - raft.server.snapshot.auto.trigger.threshold = 10000 (custom)
2019-10-01 21:43:54,144 [pool-393-thread-1] INFO  server.RaftServerConfigKeys (ConfUtils.java:logGet(43)) - raft.server.retrycache.expirytime = 600000ms (custom)
2019-10-01 21:43:54,144 [pool-403-thread-1] INFO  server.RaftServerConfigKeys (ConfUtils.java:logGet(43)) - raft.server.snapshot.retention.file.num = 5 (custom)
2019-10-01 21:43:54,144 [pool-403-thread-1] INFO  server.RaftServerConfigKeys (ConfUtils.java:logGet(43)) - raft.server.retrycache.expirytime = 600000ms (custom)
2019-10-01 21:43:54,145 [pool-393-thread-1] INFO  impl.RaftServerImpl (RaftServerImpl.java:start(181)) - b29c2709-9c70-4172-98f7-730f006f77cf@group-E5642A6D24C2: start as a follower, conf=-1: [c75aff3d-5022-45ef-b320-4144306dc30a:192.168.164.217:44549, b29c2709-9c70-4172-98f7-730f006f77cf:192.168.164.217:46333, 92876efe-7aa2-43ca-94f1-8ffe97e46a24:192.168.164.217:39848], old=null
2019-10-01 21:43:54,145 [pool-393-thread-1] INFO  impl.RaftServerImpl (RaftServerImpl.java:setRole(170)) - b29c2709-9c70-4172-98f7-730f006f77cf@group-E5642A6D24C2: changes role from      null to FOLLOWER at term 0 for startAsFollower
2019-10-01 21:43:54,145 [pool-393-thread-1] INFO  impl.RoleInfo (RoleInfo.java:updateAndGet(143)) - b29c2709-9c70-4172-98f7-730f006f77cf: start FollowerState
2019-10-01 21:43:54,145 [pool-403-thread-1] INFO  impl.RaftServerImpl (RaftServerImpl.java:start(181)) - 92876efe-7aa2-43ca-94f1-8ffe97e46a24@group-E5642A6D24C2: start as a follower, conf=-1: [c75aff3d-5022-45ef-b320-4144306dc30a:192.168.164.217:44549, b29c2709-9c70-4172-98f7-730f006f77cf:192.168.164.217:46333, 92876efe-7aa2-43ca-94f1-8ffe97e46a24:192.168.164.217:39848], old=null
2019-10-01 21:43:54,145 [pool-403-thread-1] INFO  impl.RaftServerImpl (RaftServerImpl.java:setRole(170)) - 92876efe-7aa2-43ca-94f1-8ffe97e46a24@group-E5642A6D24C2: changes role from      null to FOLLOWER at term 0 for startAsFollower
2019-10-01 21:43:54,145 [pool-393-thread-1] INFO  util.JmxRegister (JmxRegister.java:tryRegister(44)) - Successfully registered JMX Bean with object name Ratis:service=RaftServer,group=group-E5642A6D24C2,id=b29c2709-9c70-4172-98f7-730f006f77cf
2019-10-01 21:43:54,145 [pool-403-thread-1] INFO  impl.RoleInfo (RoleInfo.java:updateAndGet(143)) - 92876efe-7aa2-43ca-94f1-8ffe97e46a24: start FollowerState
2019-10-01 21:43:54,146 [pool-403-thread-1] INFO  util.JmxRegister (JmxRegister.java:tryRegister(44)) - Successfully registered JMX Bean with object name Ratis:service=RaftServer,group=group-E5642A6D24C2,id=92876efe-7aa2-43ca-94f1-8ffe97e46a24
2019-10-01 21:43:54,149 [RatisPipelineUtilsThread] INFO  pipeline.PipelineStateManager (PipelineStateManager.java:addPipeline(56)) - Created pipeline Pipeline[ Id: e8baea6a-cfa8-4f9b-988a-e5642a6d24c2, Nodes: c75aff3d-5022-45ef-b320-4144306dc30a{ip: 192.168.164.217, host: pr-hdds-2224-n586v-1266706246, networkLocation: /default-rack, certSerialId: null}92876efe-7aa2-43ca-94f1-8ffe97e46a24{ip: 192.168.164.217, host: pr-hdds-2224-n586v-1266706246, networkLocation: /default-rack, certSerialId: null}b29c2709-9c70-4172-98f7-730f006f77cf{ip: 192.168.164.217, host: pr-hdds-2224-n586v-1266706246, networkLocation: /default-rack, certSerialId: null}, Type:RATIS, Factor:THREE, State:OPEN]
2019-10-01 21:43:54,186 [IPC Server handler 1 on 43455] INFO  net.NetworkTopology (NetworkTopologyImpl.java:add(111)) - Added a new node: /default-rack/bda836b2-8a03-43ca-9b70-8d50bec81ffd
2019-10-01 21:43:54,186 [IPC Server handler 1 on 43455] INFO  node.SCMNodeManager (SCMNodeManager.java:register(266)) - Registered Data node : bda836b2-8a03-43ca-9b70-8d50bec81ffd{ip: 192.168.164.217, host: pr-hdds-2224-n586v-1266706246, networkLocation: /default-rack, certSerialId: null}
2019-10-01 21:43:54,195 [grpc-default-executor-1] INFO  impl.RaftServerProxy (RaftServerProxy.java:addNew(89)) - 86600292-f7ad-4021-b353-636166237939: addNew group-AF1810460DC1:[86600292-f7ad-4021-b353-636166237939:192.168.164.217:37313] returns group-AF1810460DC1:java.util.concurrent.CompletableFuture@547fdcd9[Not completed]
2019-10-01 21:43:54,198 [pool-413-thread-1] INFO  impl.RaftServerImpl (RaftServerImpl.java:<init>(95)) - 86600292-f7ad-4021-b353-636166237939: new RaftServerImpl for group-AF1810460DC1:[86600292-f7ad-4021-b353-636166237939:192.168.164.217:37313] with ContainerStateMachine:uninitialized
2019-10-01 21:43:54,198 [pool-413-thread-1] INFO  server.RaftServerConfigKeys (ConfUtils.java:logGet(43)) - raft.server.rpc.timeout.min = 5s (custom)
2019-10-01 21:43:54,198 [pool-413-thread-1] INFO  server.RaftServerConfigKeys (ConfUtils.java:logGet(43)) - raft.server.rpc.timeout.max = 5200ms (custom)
2019-10-01 21:43:54,198 [pool-413-thread-1] INFO  server.RaftServerConfigKeys (ConfUtils.java:logGet(43)) - raft.server.rpcslowness.timeout = 120s (custom)
2019-10-01 21:43:54,198 [pool-413-thread-1] INFO  server.RaftServerConfigKeys (ConfUtils.java:logGet(43)) - raft.server.sleep.deviation.threshold = 300 (default)
2019-10-01 21:43:54,199 [pool-413-thread-1] INFO  server.RaftServerConfigKeys (ConfUtils.java:logGet(43)) - raft.server.log.appender.install.snapshot.enabled = false (custom)
2019-10-01 21:43:54,199 [pool-413-thread-1] INFO  impl.RaftServerImpl (ServerState.java:<init>(103)) - 86600292-f7ad-4021-b353-636166237939@group-AF1810460DC1: ConfigurationManager, init=-1: [86600292-f7ad-4021-b353-636166237939:192.168.164.217:37313], old=null, confs=<EMPTY_MAP>
2019-10-01 21:43:54,199 [pool-413-thread-1] INFO  server.RaftServerConfigKeys (ConfUtils.java:logGet(43)) - raft.server.storage.dir = [/workdir/hadoop-ozone/integration-test/target/test-dir/MiniOzoneClusterImpl-324908f0-eb78-4759-b512-7767c3eea219/datanode-3/data/ratis] (custom)
2019-10-01 21:43:54,199 [pool-413-thread-1] INFO  server.RaftServerConfigKeys (ConfUtils.java:logGet(43)) - raft.server.log.corruption.policy = EXCEPTION (default)
2019-10-01 21:43:54,199 [pool-413-thread-1] INFO  storage.RaftStorageDirectory (RaftStorageDirectory.java:analyzeStorage(246)) - The storage directory /workdir/hadoop-ozone/integration-test/target/test-dir/MiniOzoneClusterImpl-324908f0-eb78-4759-b512-7767c3eea219/datanode-3/data/ratis/d38f18e7-9afe-46d1-8ebb-af1810460dc1 does not exist. Creating ...
2019-10-01 21:43:54,212 [pool-413-thread-1] INFO  storage.RaftStorageDirectory (RaftStorageDirectory.java:tryLock(328)) - Lock on /workdir/hadoop-ozone/integration-test/target/test-dir/MiniOzoneClusterImpl-324908f0-eb78-4759-b512-7767c3eea219/datanode-3/data/ratis/d38f18e7-9afe-46d1-8ebb-af1810460dc1/in_use.lock acquired by nodename 15643@pr-hdds-2224-n586v-1266706246
2019-10-01 21:43:54,215 [pool-413-thread-1] INFO  storage.RaftStorage (RaftStorage.java:format(84)) - Storage directory /workdir/hadoop-ozone/integration-test/target/test-dir/MiniOzoneClusterImpl-324908f0-eb78-4759-b512-7767c3eea219/datanode-3/data/ratis/d38f18e7-9afe-46d1-8ebb-af1810460dc1 has been successfully formatted.
2019-10-01 21:43:54,215 [pool-413-thread-1] INFO  ratis.ContainerStateMachine (ContainerStateMachine.java:loadSnapshot(230)) - group-AF1810460DC1: The snapshot info is null. Setting the last applied indexto:(t:0, i:~)
2019-10-01 21:43:54,215 [pool-413-thread-1] INFO  server.RaftServerConfigKeys (ConfUtils.java:logGet(43)) - raft.server.notification.no-leader.timeout = 120s (custom)
2019-10-01 21:43:54,215 [pool-413-thread-1] INFO  server.RaftServerConfigKeys (ConfUtils.java:logGet(43)) - raft.server.log.use.memory = false (default)
2019-10-01 21:43:54,215 [pool-413-thread-1] INFO  server.RaftServerConfigKeys (ConfUtils.java:logGet(43)) - raft.server.log.purge.gap = 1000000 (custom)
2019-10-01 21:43:54,215 [pool-413-thread-1] INFO  server.RaftServerConfigKeys (ConfUtils.java:logGet(43)) - raft.server.log.appender.buffer.byte-limit = 33554432 (custom)
2019-10-01 21:43:54,216 [pool-413-thread-1] INFO  server.RaftServerConfigKeys (ConfUtils.java:logGet(43)) - raft.server.log.segment.size.max = 1048576 (custom)
2019-10-01 21:43:54,217 [pool-413-thread-1] INFO  server.RaftServerConfigKeys (ConfUtils.java:logGet(43)) - raft.server.log.segment.cache.num.max = 2 (custom)
2019-10-01 21:43:54,217 [pool-413-thread-1] INFO  segmented.SegmentedRaftLogWorker (SegmentedRaftLogWorker.java:<init>(173)) - new 86600292-f7ad-4021-b353-636166237939@group-AF1810460DC1-SegmentedRaftLogWorker for RaftStorage:Storage Directory /workdir/hadoop-ozone/integration-test/target/test-dir/MiniOzoneClusterImpl-324908f0-eb78-4759-b512-7767c3eea219/datanode-3/data/ratis/d38f18e7-9afe-46d1-8ebb-af1810460dc1
2019-10-01 21:43:54,217 [pool-413-thread-1] INFO  server.RaftServerConfigKeys (ConfUtils.java:logGet(43)) - raft.server.log.queue.byte-limit = 2147483647 (custom)
2019-10-01 21:43:54,218 [pool-413-thread-1] INFO  server.RaftServerConfigKeys (ConfUtils.java:logGet(43)) - raft.server.log.queue.element-limit = 1024 (custom)
2019-10-01 21:43:54,218 [pool-413-thread-1] INFO  server.RaftServerConfigKeys (ConfUtils.java:logGet(43)) - raft.server.log.segment.size.max = 1048576 (custom)
2019-10-01 21:43:54,218 [pool-413-thread-1] INFO  server.RaftServerConfigKeys (ConfUtils.java:logGet(43)) - raft.server.log.preallocated.size = 16384 (custom)
2019-10-01 21:43:54,218 [pool-413-thread-1] INFO  server.RaftServerConfigKeys (ConfUtils.java:logGet(43)) - raft.server.log.write.buffer.size = 33554432 (custom)
2019-10-01 21:43:54,218 [pool-413-thread-1] INFO  server.RaftServerConfigKeys (ConfUtils.java:logGet(43)) - raft.server.log.force.sync.num = 128 (default)
2019-10-01 21:43:54,218 [pool-413-thread-1] INFO  server.RaftServerConfigKeys (ConfUtils.java:logGet(43)) - raft.server.log.statemachine.data.sync = true (default)
2019-10-01 21:43:54,218 [pool-413-thread-1] INFO  server.RaftServerConfigKeys (ConfUtils.java:logGet(43)) - raft.server.log.statemachine.data.sync.timeout = 10s (default)
2019-10-01 21:43:54,218 [pool-413-thread-1] INFO  server.RaftServerConfigKeys (ConfUtils.java:logGet(43)) - raft.server.log.statemachine.data.sync.timeout.retry = -1 (default)
2019-10-01 21:43:54,219 [pool-413-thread-1] INFO  server.RaftServerConfigKeys (ConfUtils.java:logGet(43)) - raft.server.log.statemachine.data.caching.enabled = true (custom)
2019-10-01 21:43:54,219 [pool-413-thread-1] INFO  segmented.SegmentedRaftLogWorker (SegmentedRaftLogWorker.java:lambda$new$0(128)) - 86600292-f7ad-4021-b353-636166237939@group-AF1810460DC1-SegmentedRaftLogWorker: flushIndex: setUnconditionally 0 -> -1
2019-10-01 21:43:54,219 [pool-413-thread-1] INFO  server.RaftServerConfigKeys (ConfUtils.java:logGet(43)) - raft.server.snapshot.auto.trigger.enabled = true (custom)
2019-10-01 21:43:54,219 [pool-413-thread-1] INFO  server.RaftServerConfigKeys (ConfUtils.java:logGet(43)) - raft.server.snapshot.auto.trigger.threshold = 10000 (custom)
2019-10-01 21:43:54,219 [pool-413-thread-1] INFO  server.RaftServerConfigKeys (ConfUtils.java:logGet(43)) - raft.server.snapshot.retention.file.num = 5 (custom)
2019-10-01 21:43:54,220 [pool-413-thread-1] INFO  server.RaftServerConfigKeys (ConfUtils.java:logGet(43)) - raft.server.retrycache.expirytime = 600000ms (custom)
2019-10-01 21:43:54,221 [pool-413-thread-1] INFO  impl.RaftServerImpl (RaftServerImpl.java:start(181)) - 86600292-f7ad-4021-b353-636166237939@group-AF1810460DC1: start as a follower, conf=-1: [86600292-f7ad-4021-b353-636166237939:192.168.164.217:37313], old=null
2019-10-01 21:43:54,221 [pool-413-thread-1] INFO  impl.RaftServerImpl (RaftServerImpl.java:setRole(170)) - 86600292-f7ad-4021-b353-636166237939@group-AF1810460DC1: changes role from      null to FOLLOWER at term 0 for startAsFollower
2019-10-01 21:43:54,221 [pool-413-thread-1] INFO  impl.RoleInfo (RoleInfo.java:updateAndGet(143)) - 86600292-f7ad-4021-b353-636166237939: start FollowerState
2019-10-01 21:43:54,222 [pool-413-thread-1] INFO  util.JmxRegister (JmxRegister.java:tryRegister(44)) - Successfully registered JMX Bean with object name Ratis:service=RaftServer,group=group-AF1810460DC1,id=86600292-f7ad-4021-b353-636166237939
2019-10-01 21:43:54,225 [RatisPipelineUtilsThread] INFO  pipeline.PipelineStateManager (PipelineStateManager.java:addPipeline(56)) - Created pipeline Pipeline[ Id: d38f18e7-9afe-46d1-8ebb-af1810460dc1, Nodes: 86600292-f7ad-4021-b353-636166237939{ip: 192.168.164.217, host: pr-hdds-2224-n586v-1266706246, networkLocation: /default-rack, certSerialId: null}, Type:RATIS, Factor:ONE, State:OPEN]
2019-10-01 21:43:54,232 [grpc-default-executor-1] INFO  impl.RaftServerProxy (RaftServerProxy.java:addNew(89)) - bda836b2-8a03-43ca-9b70-8d50bec81ffd: addNew group-DCF80443D0BC:[bda836b2-8a03-43ca-9b70-8d50bec81ffd:192.168.164.217:35902] returns group-DCF80443D0BC:java.util.concurrent.CompletableFuture@6c2d5b86[Not completed]
2019-10-01 21:43:54,233 [pool-423-thread-1] INFO  impl.RaftServerImpl (RaftServerImpl.java:<init>(95)) - bda836b2-8a03-43ca-9b70-8d50bec81ffd: new RaftServerImpl for group-DCF80443D0BC:[bda836b2-8a03-43ca-9b70-8d50bec81ffd:192.168.164.217:35902] with ContainerStateMachine:uninitialized
2019-10-01 21:43:54,233 [pool-423-thread-1] INFO  server.RaftServerConfigKeys (ConfUtils.java:logGet(43)) - raft.server.rpc.timeout.min = 5s (custom)
2019-10-01 21:43:54,233 [pool-423-thread-1] INFO  server.RaftServerConfigKeys (ConfUtils.java:logGet(43)) - raft.server.rpc.timeout.max = 5200ms (custom)
2019-10-01 21:43:54,233 [pool-423-thread-1] INFO  server.RaftServerConfigKeys (ConfUtils.java:logGet(43)) - raft.server.rpcslowness.timeout = 120s (custom)
2019-10-01 21:43:54,233 [pool-423-thread-1] INFO  server.RaftServerConfigKeys (ConfUtils.java:logGet(43)) - raft.server.sleep.deviation.threshold = 300 (default)
2019-10-01 21:43:54,233 [pool-423-thread-1] INFO  server.RaftServerConfigKeys (ConfUtils.java:logGet(43)) - raft.server.log.appender.install.snapshot.enabled = false (custom)
2019-10-01 21:43:54,234 [pool-423-thread-1] INFO  impl.RaftServerImpl (ServerState.java:<init>(103)) - bda836b2-8a03-43ca-9b70-8d50bec81ffd@group-DCF80443D0BC: ConfigurationManager, init=-1: [bda836b2-8a03-43ca-9b70-8d50bec81ffd:192.168.164.217:35902], old=null, confs=<EMPTY_MAP>
2019-10-01 21:43:54,234 [pool-423-thread-1] INFO  server.RaftServerConfigKeys (ConfUtils.java:logGet(43)) - raft.server.storage.dir = [/workdir/hadoop-ozone/integration-test/target/test-dir/MiniOzoneClusterImpl-324908f0-eb78-4759-b512-7767c3eea219/datanode-4/data/ratis] (custom)
2019-10-01 21:43:54,234 [pool-423-thread-1] INFO  server.RaftServerConfigKeys (ConfUtils.java:logGet(43)) - raft.server.log.corruption.policy = EXCEPTION (default)
2019-10-01 21:43:54,234 [pool-423-thread-1] INFO  storage.RaftStorageDirectory (RaftStorageDirectory.java:analyzeStorage(246)) - The storage directory /workdir/hadoop-ozone/integration-test/target/test-dir/MiniOzoneClusterImpl-324908f0-eb78-4759-b512-7767c3eea219/datanode-4/data/ratis/c3213252-5a87-4513-9f6f-dcf80443d0bc does not exist. Creating ...
2019-10-01 21:43:54,245 [pool-423-thread-1] INFO  storage.RaftStorageDirectory (RaftStorageDirectory.java:tryLock(328)) - Lock on /workdir/hadoop-ozone/integration-test/target/test-dir/MiniOzoneClusterImpl-324908f0-eb78-4759-b512-7767c3eea219/datanode-4/data/ratis/c3213252-5a87-4513-9f6f-dcf80443d0bc/in_use.lock acquired by nodename 15643@pr-hdds-2224-n586v-1266706246
2019-10-01 21:43:54,258 [pool-423-thread-1] INFO  storage.RaftStorage (RaftStorage.java:format(84)) - Storage directory /workdir/hadoop-ozone/integration-test/target/test-dir/MiniOzoneClusterImpl-324908f0-eb78-4759-b512-7767c3eea219/datanode-4/data/ratis/c3213252-5a87-4513-9f6f-dcf80443d0bc has been successfully formatted.
2019-10-01 21:43:54,258 [pool-423-thread-1] INFO  ratis.ContainerStateMachine (ContainerStateMachine.java:loadSnapshot(230)) - group-DCF80443D0BC: The snapshot info is null. Setting the last applied indexto:(t:0, i:~)
2019-10-01 21:43:54,259 [pool-423-thread-1] INFO  server.RaftServerConfigKeys (ConfUtils.java:logGet(43)) - raft.server.notification.no-leader.timeout = 120s (custom)
2019-10-01 21:43:54,259 [pool-423-thread-1] INFO  server.RaftServerConfigKeys (ConfUtils.java:logGet(43)) - raft.server.log.use.memory = false (default)
2019-10-01 21:43:54,259 [pool-423-thread-1] INFO  server.RaftServerConfigKeys (ConfUtils.java:logGet(43)) - raft.server.log.purge.gap = 1000000 (custom)
2019-10-01 21:43:54,259 [pool-423-thread-1] INFO  server.RaftServerConfigKeys (ConfUtils.java:logGet(43)) - raft.server.log.appender.buffer.byte-limit = 33554432 (custom)
2019-10-01 21:43:54,259 [pool-423-thread-1] INFO  server.RaftServerConfigKeys (ConfUtils.java:logGet(43)) - raft.server.log.segment.size.max = 1048576 (custom)
2019-10-01 21:43:54,261 [pool-423-thread-1] INFO  server.RaftServerConfigKeys (ConfUtils.java:logGet(43)) - raft.server.log.segment.cache.num.max = 2 (custom)
2019-10-01 21:43:54,261 [pool-423-thread-1] INFO  segmented.SegmentedRaftLogWorker (SegmentedRaftLogWorker.java:<init>(173)) - new bda836b2-8a03-43ca-9b70-8d50bec81ffd@group-DCF80443D0BC-SegmentedRaftLogWorker for RaftStorage:Storage Directory /workdir/hadoop-ozone/integration-test/target/test-dir/MiniOzoneClusterImpl-324908f0-eb78-4759-b512-7767c3eea219/datanode-4/data/ratis/c3213252-5a87-4513-9f6f-dcf80443d0bc
2019-10-01 21:43:54,261 [pool-423-thread-1] INFO  server.RaftServerConfigKeys (ConfUtils.java:logGet(43)) - raft.server.log.queue.byte-limit = 2147483647 (custom)
2019-10-01 21:43:54,261 [pool-423-thread-1] INFO  server.RaftServerConfigKeys (ConfUtils.java:logGet(43)) - raft.server.log.queue.element-limit = 1024 (custom)
2019-10-01 21:43:54,261 [pool-423-thread-1] INFO  server.RaftServerConfigKeys (ConfUtils.java:logGet(43)) - raft.server.log.segment.size.max = 1048576 (custom)
2019-10-01 21:43:54,261 [pool-423-thread-1] INFO  server.RaftServerConfigKeys (ConfUtils.java:logGet(43)) - raft.server.log.preallocated.size = 16384 (custom)
2019-10-01 21:43:54,261 [pool-423-thread-1] INFO  server.RaftServerConfigKeys (ConfUtils.java:logGet(43)) - raft.server.log.write.buffer.size = 33554432 (custom)
2019-10-01 21:43:54,261 [pool-423-thread-1] INFO  server.RaftServerConfigKeys (ConfUtils.java:logGet(43)) - raft.server.log.force.sync.num = 128 (default)
2019-10-01 21:43:54,262 [pool-423-thread-1] INFO  server.RaftServerConfigKeys (ConfUtils.java:logGet(43)) - raft.server.log.statemachine.data.sync = true (default)
2019-10-01 21:43:54,262 [pool-423-thread-1] INFO  server.RaftServerConfigKeys (ConfUtils.java:logGet(43)) - raft.server.log.statemachine.data.sync.timeout = 10s (default)
2019-10-01 21:43:54,262 [pool-423-thread-1] INFO  server.RaftServerConfigKeys (ConfUtils.java:logGet(43)) - raft.server.log.statemachine.data.sync.timeout.retry = -1 (default)
2019-10-01 21:43:54,262 [pool-423-thread-1] INFO  server.RaftServerConfigKeys (ConfUtils.java:logGet(43)) - raft.server.log.statemachine.data.caching.enabled = true (custom)
2019-10-01 21:43:54,262 [pool-423-thread-1] INFO  segmented.SegmentedRaftLogWorker (SegmentedRaftLogWorker.java:lambda$new$0(128)) - bda836b2-8a03-43ca-9b70-8d50bec81ffd@group-DCF80443D0BC-SegmentedRaftLogWorker: flushIndex: setUnconditionally 0 -> -1
2019-10-01 21:43:54,263 [pool-423-thread-1] INFO  server.RaftServerConfigKeys (ConfUtils.java:logGet(43)) - raft.server.snapshot.auto.trigger.enabled = true (custom)
2019-10-01 21:43:54,263 [pool-423-thread-1] INFO  server.RaftServerConfigKeys (ConfUtils.java:logGet(43)) - raft.server.snapshot.auto.trigger.threshold = 10000 (custom)
2019-10-01 21:43:54,263 [pool-423-thread-1] INFO  server.RaftServerConfigKeys (ConfUtils.java:logGet(43)) - raft.server.snapshot.retention.file.num = 5 (custom)
2019-10-01 21:43:54,263 [pool-423-thread-1] INFO  server.RaftServerConfigKeys (ConfUtils.java:logGet(43)) - raft.server.retrycache.expirytime = 600000ms (custom)
2019-10-01 21:43:54,264 [pool-423-thread-1] INFO  impl.RaftServerImpl (RaftServerImpl.java:start(181)) - bda836b2-8a03-43ca-9b70-8d50bec81ffd@group-DCF80443D0BC: start as a follower, conf=-1: [bda836b2-8a03-43ca-9b70-8d50bec81ffd:192.168.164.217:35902], old=null
2019-10-01 21:43:54,264 [pool-423-thread-1] INFO  impl.RaftServerImpl (RaftServerImpl.java:setRole(170)) - bda836b2-8a03-43ca-9b70-8d50bec81ffd@group-DCF80443D0BC: changes role from      null to FOLLOWER at term 0 for startAsFollower
2019-10-01 21:43:54,265 [pool-423-thread-1] INFO  impl.RoleInfo (RoleInfo.java:updateAndGet(143)) - bda836b2-8a03-43ca-9b70-8d50bec81ffd: start FollowerState
2019-10-01 21:43:54,265 [pool-423-thread-1] INFO  util.JmxRegister (JmxRegister.java:tryRegister(44)) - Successfully registered JMX Bean with object name Ratis:service=RaftServer,group=group-DCF80443D0BC,id=bda836b2-8a03-43ca-9b70-8d50bec81ffd
2019-10-01 21:43:54,268 [RatisPipelineUtilsThread] INFO  pipeline.PipelineStateManager (PipelineStateManager.java:addPipeline(56)) - Created pipeline Pipeline[ Id: c3213252-5a87-4513-9f6f-dcf80443d0bc, Nodes: bda836b2-8a03-43ca-9b70-8d50bec81ffd{ip: 192.168.164.217, host: pr-hdds-2224-n586v-1266706246, networkLocation: /default-rack, certSerialId: null}, Type:RATIS, Factor:ONE, State:OPEN]
2019-10-01 21:43:54,273 [IPC Server handler 2 on 43455] INFO  net.NetworkTopology (NetworkTopologyImpl.java:add(111)) - Added a new node: /default-rack/faebee73-6fc9-4d39-b720-b2e1861cfbae
2019-10-01 21:43:54,273 [IPC Server handler 2 on 43455] INFO  node.SCMNodeManager (SCMNodeManager.java:register(266)) - Registered Data node : faebee73-6fc9-4d39-b720-b2e1861cfbae{ip: 192.168.164.217, host: pr-hdds-2224-n586v-1266706246, networkLocation: /default-rack, certSerialId: null}
2019-10-01 21:43:54,281 [grpc-default-executor-1] INFO  impl.RaftServerProxy (RaftServerProxy.java:addNew(89)) - faebee73-6fc9-4d39-b720-b2e1861cfbae: addNew group-E0F97D879AE4:[faebee73-6fc9-4d39-b720-b2e1861cfbae:192.168.164.217:39048] returns group-E0F97D879AE4:java.util.concurrent.CompletableFuture@590e7f25[Not completed]
2019-10-01 21:43:54,282 [pool-433-thread-1] INFO  impl.RaftServerImpl (RaftServerImpl.java:<init>(95)) - faebee73-6fc9-4d39-b720-b2e1861cfbae: new RaftServerImpl for group-E0F97D879AE4:[faebee73-6fc9-4d39-b720-b2e1861cfbae:192.168.164.217:39048] with ContainerStateMachine:uninitialized
2019-10-01 21:43:54,282 [pool-433-thread-1] INFO  server.RaftServerConfigKeys (ConfUtils.java:logGet(43)) - raft.server.rpc.timeout.min = 5s (custom)
2019-10-01 21:43:54,282 [pool-433-thread-1] INFO  server.RaftServerConfigKeys (ConfUtils.java:logGet(43)) - raft.server.rpc.timeout.max = 5200ms (custom)
2019-10-01 21:43:54,282 [pool-433-thread-1] INFO  server.RaftServerConfigKeys (ConfUtils.java:logGet(43)) - raft.server.rpcslowness.timeout = 120s (custom)
2019-10-01 21:43:54,283 [pool-433-thread-1] INFO  server.RaftServerConfigKeys (ConfUtils.java:logGet(43)) - raft.server.sleep.deviation.threshold = 300 (default)
2019-10-01 21:43:54,283 [pool-433-thread-1] INFO  server.RaftServerConfigKeys (ConfUtils.java:logGet(43)) - raft.server.log.appender.install.snapshot.enabled = false (custom)
2019-10-01 21:43:54,283 [pool-433-thread-1] INFO  impl.RaftServerImpl (ServerState.java:<init>(103)) - faebee73-6fc9-4d39-b720-b2e1861cfbae@group-E0F97D879AE4: ConfigurationManager, init=-1: [faebee73-6fc9-4d39-b720-b2e1861cfbae:192.168.164.217:39048], old=null, confs=<EMPTY_MAP>
2019-10-01 21:43:54,283 [pool-433-thread-1] INFO  server.RaftServerConfigKeys (ConfUtils.java:logGet(43)) - raft.server.storage.dir = [/workdir/hadoop-ozone/integration-test/target/test-dir/MiniOzoneClusterImpl-324908f0-eb78-4759-b512-7767c3eea219/datanode-5/data/ratis] (custom)
2019-10-01 21:43:54,283 [pool-433-thread-1] INFO  server.RaftServerConfigKeys (ConfUtils.java:logGet(43)) - raft.server.log.corruption.policy = EXCEPTION (default)
2019-10-01 21:43:54,283 [pool-433-thread-1] INFO  storage.RaftStorageDirectory (RaftStorageDirectory.java:analyzeStorage(246)) - The storage directory /workdir/hadoop-ozone/integration-test/target/test-dir/MiniOzoneClusterImpl-324908f0-eb78-4759-b512-7767c3eea219/datanode-5/data/ratis/73c49a75-a419-48c5-981e-e0f97d879ae4 does not exist. Creating ...
2019-10-01 21:43:54,296 [pool-433-thread-1] INFO  storage.RaftStorageDirectory (RaftStorageDirectory.java:tryLock(328)) - Lock on /workdir/hadoop-ozone/integration-test/target/test-dir/MiniOzoneClusterImpl-324908f0-eb78-4759-b512-7767c3eea219/datanode-5/data/ratis/73c49a75-a419-48c5-981e-e0f97d879ae4/in_use.lock acquired by nodename 15643@pr-hdds-2224-n586v-1266706246
2019-10-01 21:43:54,309 [pool-433-thread-1] INFO  storage.RaftStorage (RaftStorage.java:format(84)) - Storage directory /workdir/hadoop-ozone/integration-test/target/test-dir/MiniOzoneClusterImpl-324908f0-eb78-4759-b512-7767c3eea219/datanode-5/data/ratis/73c49a75-a419-48c5-981e-e0f97d879ae4 has been successfully formatted.
2019-10-01 21:43:54,310 [pool-433-thread-1] INFO  ratis.ContainerStateMachine (ContainerStateMachine.java:loadSnapshot(230)) - group-E0F97D879AE4: The snapshot info is null. Setting the last applied indexto:(t:0, i:~)
2019-10-01 21:43:54,310 [pool-433-thread-1] INFO  server.RaftServerConfigKeys (ConfUtils.java:logGet(43)) - raft.server.notification.no-leader.timeout = 120s (custom)
2019-10-01 21:43:54,310 [pool-433-thread-1] INFO  server.RaftServerConfigKeys (ConfUtils.java:logGet(43)) - raft.server.log.use.memory = false (default)
2019-10-01 21:43:54,310 [pool-433-thread-1] INFO  server.RaftServerConfigKeys (ConfUtils.java:logGet(43)) - raft.server.log.purge.gap = 1000000 (custom)
2019-10-01 21:43:54,310 [pool-433-thread-1] INFO  server.RaftServerConfigKeys (ConfUtils.java:logGet(43)) - raft.server.log.appender.buffer.byte-limit = 33554432 (custom)
2019-10-01 21:43:54,310 [pool-433-thread-1] INFO  server.RaftServerConfigKeys (ConfUtils.java:logGet(43)) - raft.server.log.segment.size.max = 1048576 (custom)
2019-10-01 21:43:54,312 [pool-433-thread-1] INFO  server.RaftServerConfigKeys (ConfUtils.java:logGet(43)) - raft.server.log.segment.cache.num.max = 2 (custom)
2019-10-01 21:43:54,312 [pool-433-thread-1] INFO  segmented.SegmentedRaftLogWorker (SegmentedRaftLogWorker.java:<init>(173)) - new faebee73-6fc9-4d39-b720-b2e1861cfbae@group-E0F97D879AE4-SegmentedRaftLogWorker for RaftStorage:Storage Directory /workdir/hadoop-ozone/integration-test/target/test-dir/MiniOzoneClusterImpl-324908f0-eb78-4759-b512-7767c3eea219/datanode-5/data/ratis/73c49a75-a419-48c5-981e-e0f97d879ae4
2019-10-01 21:43:54,312 [pool-433-thread-1] INFO  server.RaftServerConfigKeys (ConfUtils.java:logGet(43)) - raft.server.log.queue.byte-limit = 2147483647 (custom)
2019-10-01 21:43:54,312 [pool-433-thread-1] INFO  server.RaftServerConfigKeys (ConfUtils.java:logGet(43)) - raft.server.log.queue.element-limit = 1024 (custom)
2019-10-01 21:43:54,312 [pool-433-thread-1] INFO  server.RaftServerConfigKeys (ConfUtils.java:logGet(43)) - raft.server.log.segment.size.max = 1048576 (custom)
2019-10-01 21:43:54,312 [pool-433-thread-1] INFO  server.RaftServerConfigKeys (ConfUtils.java:logGet(43)) - raft.server.log.preallocated.size = 16384 (custom)
2019-10-01 21:43:54,312 [pool-433-thread-1] INFO  server.RaftServerConfigKeys (ConfUtils.java:logGet(43)) - raft.server.log.write.buffer.size = 33554432 (custom)
2019-10-01 21:43:54,313 [pool-433-thread-1] INFO  server.RaftServerConfigKeys (ConfUtils.java:logGet(43)) - raft.server.log.force.sync.num = 128 (default)
2019-10-01 21:43:54,313 [pool-433-thread-1] INFO  server.RaftServerConfigKeys (ConfUtils.java:logGet(43)) - raft.server.log.statemachine.data.sync = true (default)
2019-10-01 21:43:54,313 [pool-433-thread-1] INFO  server.RaftServerConfigKeys (ConfUtils.java:logGet(43)) - raft.server.log.statemachine.data.sync.timeout = 10s (default)
2019-10-01 21:43:54,313 [pool-433-thread-1] INFO  server.RaftServerConfigKeys (ConfUtils.java:logGet(43)) - raft.server.log.statemachine.data.sync.timeout.retry = -1 (default)
2019-10-01 21:43:54,313 [pool-433-thread-1] INFO  server.RaftServerConfigKeys (ConfUtils.java:logGet(43)) - raft.server.log.statemachine.data.caching.enabled = true (custom)
2019-10-01 21:43:54,313 [pool-433-thread-1] INFO  segmented.SegmentedRaftLogWorker (SegmentedRaftLogWorker.java:lambda$new$0(128)) - faebee73-6fc9-4d39-b720-b2e1861cfbae@group-E0F97D879AE4-SegmentedRaftLogWorker: flushIndex: setUnconditionally 0 -> -1
2019-10-01 21:43:54,314 [pool-433-thread-1] INFO  server.RaftServerConfigKeys (ConfUtils.java:logGet(43)) - raft.server.snapshot.auto.trigger.enabled = true (custom)
2019-10-01 21:43:54,314 [pool-433-thread-1] INFO  server.RaftServerConfigKeys (ConfUtils.java:logGet(43)) - raft.server.snapshot.auto.trigger.threshold = 10000 (custom)
2019-10-01 21:43:54,314 [pool-433-thread-1] INFO  server.RaftServerConfigKeys (ConfUtils.java:logGet(43)) - raft.server.snapshot.retention.file.num = 5 (custom)
2019-10-01 21:43:54,314 [pool-433-thread-1] INFO  server.RaftServerConfigKeys (ConfUtils.java:logGet(43)) - raft.server.retrycache.expirytime = 600000ms (custom)
2019-10-01 21:43:54,315 [pool-433-thread-1] INFO  impl.RaftServerImpl (RaftServerImpl.java:start(181)) - faebee73-6fc9-4d39-b720-b2e1861cfbae@group-E0F97D879AE4: start as a follower, conf=-1: [faebee73-6fc9-4d39-b720-b2e1861cfbae:192.168.164.217:39048], old=null
2019-10-01 21:43:54,315 [pool-433-thread-1] INFO  impl.RaftServerImpl (RaftServerImpl.java:setRole(170)) - faebee73-6fc9-4d39-b720-b2e1861cfbae@group-E0F97D879AE4: changes role from      null to FOLLOWER at term 0 for startAsFollower
2019-10-01 21:43:54,316 [pool-433-thread-1] INFO  impl.RoleInfo (RoleInfo.java:updateAndGet(143)) - faebee73-6fc9-4d39-b720-b2e1861cfbae: start FollowerState
2019-10-01 21:43:54,316 [pool-433-thread-1] INFO  util.JmxRegister (JmxRegister.java:tryRegister(44)) - Successfully registered JMX Bean with object name Ratis:service=RaftServer,group=group-E0F97D879AE4,id=faebee73-6fc9-4d39-b720-b2e1861cfbae
2019-10-01 21:43:54,319 [RatisPipelineUtilsThread] INFO  pipeline.PipelineStateManager (PipelineStateManager.java:addPipeline(56)) - Created pipeline Pipeline[ Id: 73c49a75-a419-48c5-981e-e0f97d879ae4, Nodes: faebee73-6fc9-4d39-b720-b2e1861cfbae{ip: 192.168.164.217, host: pr-hdds-2224-n586v-1266706246, networkLocation: /default-rack, certSerialId: null}, Type:RATIS, Factor:ONE, State:OPEN]
2019-10-01 21:43:54,332 [grpc-default-executor-1] INFO  impl.RaftServerProxy (RaftServerProxy.java:addNew(89)) - faebee73-6fc9-4d39-b720-b2e1861cfbae: addNew group-3AC1221CEAE1:[86600292-f7ad-4021-b353-636166237939:192.168.164.217:37313, bda836b2-8a03-43ca-9b70-8d50bec81ffd:192.168.164.217:35902, faebee73-6fc9-4d39-b720-b2e1861cfbae:192.168.164.217:39048] returns group-3AC1221CEAE1:java.util.concurrent.CompletableFuture@487a0ea3[Not completed]
2019-10-01 21:43:54,332 [grpc-default-executor-8] INFO  impl.RaftServerProxy (RaftServerProxy.java:addNew(89)) - 86600292-f7ad-4021-b353-636166237939: addNew group-3AC1221CEAE1:[86600292-f7ad-4021-b353-636166237939:192.168.164.217:37313, bda836b2-8a03-43ca-9b70-8d50bec81ffd:192.168.164.217:35902, faebee73-6fc9-4d39-b720-b2e1861cfbae:192.168.164.217:39048] returns group-3AC1221CEAE1:java.util.concurrent.CompletableFuture@38ce227b[Not completed]
2019-10-01 21:43:54,333 [pool-413-thread-1] INFO  impl.RaftServerImpl (RaftServerImpl.java:<init>(95)) - 86600292-f7ad-4021-b353-636166237939: new RaftServerImpl for group-3AC1221CEAE1:[86600292-f7ad-4021-b353-636166237939:192.168.164.217:37313, bda836b2-8a03-43ca-9b70-8d50bec81ffd:192.168.164.217:35902, faebee73-6fc9-4d39-b720-b2e1861cfbae:192.168.164.217:39048] with ContainerStateMachine:uninitialized
2019-10-01 21:43:54,333 [pool-413-thread-1] INFO  server.RaftServerConfigKeys (ConfUtils.java:logGet(43)) - raft.server.rpc.timeout.min = 5s (custom)
2019-10-01 21:43:54,333 [pool-413-thread-1] INFO  server.RaftServerConfigKeys (ConfUtils.java:logGet(43)) - raft.server.rpc.timeout.max = 5200ms (custom)
2019-10-01 21:43:54,333 [pool-413-thread-1] INFO  server.RaftServerConfigKeys (ConfUtils.java:logGet(43)) - raft.server.rpcslowness.timeout = 120s (custom)
2019-10-01 21:43:54,333 [pool-433-thread-1] INFO  impl.RaftServerImpl (RaftServerImpl.java:<init>(95)) - faebee73-6fc9-4d39-b720-b2e1861cfbae: new RaftServerImpl for group-3AC1221CEAE1:[86600292-f7ad-4021-b353-636166237939:192.168.164.217:37313, bda836b2-8a03-43ca-9b70-8d50bec81ffd:192.168.164.217:35902, faebee73-6fc9-4d39-b720-b2e1861cfbae:192.168.164.217:39048] with ContainerStateMachine:uninitialized
2019-10-01 21:43:54,333 [pool-413-thread-1] INFO  server.RaftServerConfigKeys (ConfUtils.java:logGet(43)) - raft.server.sleep.deviation.threshold = 300 (default)
2019-10-01 21:43:54,336 [pool-413-thread-1] INFO  server.RaftServerConfigKeys (ConfUtils.java:logGet(43)) - raft.server.log.appender.install.snapshot.enabled = false (custom)
2019-10-01 21:43:54,336 [grpc-default-executor-7] INFO  impl.RaftServerProxy (RaftServerProxy.java:addNew(89)) - bda836b2-8a03-43ca-9b70-8d50bec81ffd: addNew group-3AC1221CEAE1:[86600292-f7ad-4021-b353-636166237939:192.168.164.217:37313, bda836b2-8a03-43ca-9b70-8d50bec81ffd:192.168.164.217:35902, faebee73-6fc9-4d39-b720-b2e1861cfbae:192.168.164.217:39048] returns group-3AC1221CEAE1:java.util.concurrent.CompletableFuture@1771476f[Not completed]
2019-10-01 21:43:54,334 [pool-433-thread-1] INFO  server.RaftServerConfigKeys (ConfUtils.java:logGet(43)) - raft.server.rpc.timeout.min = 5s (custom)
2019-10-01 21:43:54,336 [pool-413-thread-1] INFO  impl.RaftServerImpl (ServerState.java:<init>(103)) - 86600292-f7ad-4021-b353-636166237939@group-3AC1221CEAE1: ConfigurationManager, init=-1: [86600292-f7ad-4021-b353-636166237939:192.168.164.217:37313, bda836b2-8a03-43ca-9b70-8d50bec81ffd:192.168.164.217:35902, faebee73-6fc9-4d39-b720-b2e1861cfbae:192.168.164.217:39048], old=null, confs=<EMPTY_MAP>
2019-10-01 21:43:54,336 [pool-433-thread-1] INFO  server.RaftServerConfigKeys (ConfUtils.java:logGet(43)) - raft.server.rpc.timeout.max = 5200ms (custom)
2019-10-01 21:43:54,336 [pool-433-thread-1] INFO  server.RaftServerConfigKeys (ConfUtils.java:logGet(43)) - raft.server.rpcslowness.timeout = 120s (custom)
2019-10-01 21:43:54,336 [pool-413-thread-1] INFO  server.RaftServerConfigKeys (ConfUtils.java:logGet(43)) - raft.server.storage.dir = [/workdir/hadoop-ozone/integration-test/target/test-dir/MiniOzoneClusterImpl-324908f0-eb78-4759-b512-7767c3eea219/datanode-3/data/ratis] (custom)
2019-10-01 21:43:54,336 [pool-413-thread-1] INFO  server.RaftServerConfigKeys (ConfUtils.java:logGet(43)) - raft.server.log.corruption.policy = EXCEPTION (default)
2019-10-01 21:43:54,337 [pool-413-thread-1] INFO  storage.RaftStorageDirectory (RaftStorageDirectory.java:analyzeStorage(246)) - The storage directory /workdir/hadoop-ozone/integration-test/target/test-dir/MiniOzoneClusterImpl-324908f0-eb78-4759-b512-7767c3eea219/datanode-3/data/ratis/e5e95ce3-9a13-4bdd-bb9c-3ac1221ceae1 does not exist. Creating ...
2019-10-01 21:43:54,336 [pool-433-thread-1] INFO  server.RaftServerConfigKeys (ConfUtils.java:logGet(43)) - raft.server.sleep.deviation.threshold = 300 (default)
2019-10-01 21:43:54,336 [pool-423-thread-1] INFO  impl.RaftServerImpl (RaftServerImpl.java:<init>(95)) - bda836b2-8a03-43ca-9b70-8d50bec81ffd: new RaftServerImpl for group-3AC1221CEAE1:[86600292-f7ad-4021-b353-636166237939:192.168.164.217:37313, bda836b2-8a03-43ca-9b70-8d50bec81ffd:192.168.164.217:35902, faebee73-6fc9-4d39-b720-b2e1861cfbae:192.168.164.217:39048] with ContainerStateMachine:uninitialized
2019-10-01 21:43:54,338 [pool-433-thread-1] INFO  server.RaftServerConfigKeys (ConfUtils.java:logGet(43)) - raft.server.log.appender.install.snapshot.enabled = false (custom)
2019-10-01 21:43:54,338 [pool-423-thread-1] INFO  server.RaftServerConfigKeys (ConfUtils.java:logGet(43)) - raft.server.rpc.timeout.min = 5s (custom)
2019-10-01 21:43:54,338 [pool-433-thread-1] INFO  impl.RaftServerImpl (ServerState.java:<init>(103)) - faebee73-6fc9-4d39-b720-b2e1861cfbae@group-3AC1221CEAE1: ConfigurationManager, init=-1: [86600292-f7ad-4021-b353-636166237939:192.168.164.217:37313, bda836b2-8a03-43ca-9b70-8d50bec81ffd:192.168.164.217:35902, faebee73-6fc9-4d39-b720-b2e1861cfbae:192.168.164.217:39048], old=null, confs=<EMPTY_MAP>
2019-10-01 21:43:54,339 [pool-423-thread-1] INFO  server.RaftServerConfigKeys (ConfUtils.java:logGet(43)) - raft.server.rpc.timeout.max = 5200ms (custom)
2019-10-01 21:43:54,339 [pool-433-thread-1] INFO  server.RaftServerConfigKeys (ConfUtils.java:logGet(43)) - raft.server.storage.dir = [/workdir/hadoop-ozone/integration-test/target/test-dir/MiniOzoneClusterImpl-324908f0-eb78-4759-b512-7767c3eea219/datanode-5/data/ratis] (custom)
2019-10-01 21:43:54,339 [pool-423-thread-1] INFO  server.RaftServerConfigKeys (ConfUtils.java:logGet(43)) - raft.server.rpcslowness.timeout = 120s (custom)
2019-10-01 21:43:54,339 [pool-423-thread-1] INFO  server.RaftServerConfigKeys (ConfUtils.java:logGet(43)) - raft.server.sleep.deviation.threshold = 300 (default)
2019-10-01 21:43:54,339 [pool-433-thread-1] INFO  server.RaftServerConfigKeys (ConfUtils.java:logGet(43)) - raft.server.log.corruption.policy = EXCEPTION (default)
2019-10-01 21:43:54,339 [pool-423-thread-1] INFO  server.RaftServerConfigKeys (ConfUtils.java:logGet(43)) - raft.server.log.appender.install.snapshot.enabled = false (custom)
2019-10-01 21:43:54,339 [pool-433-thread-1] INFO  storage.RaftStorageDirectory (RaftStorageDirectory.java:analyzeStorage(246)) - The storage directory /workdir/hadoop-ozone/integration-test/target/test-dir/MiniOzoneClusterImpl-324908f0-eb78-4759-b512-7767c3eea219/datanode-5/data/ratis/e5e95ce3-9a13-4bdd-bb9c-3ac1221ceae1 does not exist. Creating ...
2019-10-01 21:43:54,339 [pool-423-thread-1] INFO  impl.RaftServerImpl (ServerState.java:<init>(103)) - bda836b2-8a03-43ca-9b70-8d50bec81ffd@group-3AC1221CEAE1: ConfigurationManager, init=-1: [86600292-f7ad-4021-b353-636166237939:192.168.164.217:37313, bda836b2-8a03-43ca-9b70-8d50bec81ffd:192.168.164.217:35902, faebee73-6fc9-4d39-b720-b2e1861cfbae:192.168.164.217:39048], old=null, confs=<EMPTY_MAP>
2019-10-01 21:43:54,339 [pool-423-thread-1] INFO  server.RaftServerConfigKeys (ConfUtils.java:logGet(43)) - raft.server.storage.dir = [/workdir/hadoop-ozone/integration-test/target/test-dir/MiniOzoneClusterImpl-324908f0-eb78-4759-b512-7767c3eea219/datanode-4/data/ratis] (custom)
2019-10-01 21:43:54,340 [pool-423-thread-1] INFO  server.RaftServerConfigKeys (ConfUtils.java:logGet(43)) - raft.server.log.corruption.policy = EXCEPTION (default)
2019-10-01 21:43:54,340 [pool-423-thread-1] INFO  storage.RaftStorageDirectory (RaftStorageDirectory.java:analyzeStorage(246)) - The storage directory /workdir/hadoop-ozone/integration-test/target/test-dir/MiniOzoneClusterImpl-324908f0-eb78-4759-b512-7767c3eea219/datanode-4/data/ratis/e5e95ce3-9a13-4bdd-bb9c-3ac1221ceae1 does not exist. Creating ...
2019-10-01 21:43:54,344 [main] INFO  ozone.MiniOzoneClusterImpl (MiniOzoneClusterImpl.java:lambda$waitForClusterToBeReady$0(147)) - Waiting for cluster to be ready. Got 6 of 7 DN Heartbeats.
2019-10-01 21:43:54,345 [IPC Server handler 3 on 43455] INFO  net.NetworkTopology (NetworkTopologyImpl.java:add(111)) - Added a new node: /default-rack/69f8efbf-66cc-43b0-af26-113459f3c891
2019-10-01 21:43:54,345 [IPC Server handler 3 on 43455] INFO  node.SCMNodeManager (SCMNodeManager.java:register(266)) - Registered Data node : 69f8efbf-66cc-43b0-af26-113459f3c891{ip: 192.168.164.217, host: pr-hdds-2224-n586v-1266706246, networkLocation: /default-rack, certSerialId: null}
2019-10-01 21:43:54,350 [pool-433-thread-1] INFO  storage.RaftStorageDirectory (RaftStorageDirectory.java:tryLock(328)) - Lock on /workdir/hadoop-ozone/integration-test/target/test-dir/MiniOzoneClusterImpl-324908f0-eb78-4759-b512-7767c3eea219/datanode-5/data/ratis/e5e95ce3-9a13-4bdd-bb9c-3ac1221ceae1/in_use.lock acquired by nodename 15643@pr-hdds-2224-n586v-1266706246
2019-10-01 21:43:54,350 [pool-413-thread-1] INFO  storage.RaftStorageDirectory (RaftStorageDirectory.java:tryLock(328)) - Lock on /workdir/hadoop-ozone/integration-test/target/test-dir/MiniOzoneClusterImpl-324908f0-eb78-4759-b512-7767c3eea219/datanode-3/data/ratis/e5e95ce3-9a13-4bdd-bb9c-3ac1221ceae1/in_use.lock acquired by nodename 15643@pr-hdds-2224-n586v-1266706246
2019-10-01 21:43:54,350 [pool-423-thread-1] INFO  storage.RaftStorageDirectory (RaftStorageDirectory.java:tryLock(328)) - Lock on /workdir/hadoop-ozone/integration-test/target/test-dir/MiniOzoneClusterImpl-324908f0-eb78-4759-b512-7767c3eea219/datanode-4/data/ratis/e5e95ce3-9a13-4bdd-bb9c-3ac1221ceae1/in_use.lock acquired by nodename 15643@pr-hdds-2224-n586v-1266706246
2019-10-01 21:43:54,363 [pool-423-thread-1] INFO  storage.RaftStorage (RaftStorage.java:format(84)) - Storage directory /workdir/hadoop-ozone/integration-test/target/test-dir/MiniOzoneClusterImpl-324908f0-eb78-4759-b512-7767c3eea219/datanode-4/data/ratis/e5e95ce3-9a13-4bdd-bb9c-3ac1221ceae1 has been successfully formatted.
2019-10-01 21:43:54,363 [pool-433-thread-1] INFO  storage.RaftStorage (RaftStorage.java:format(84)) - Storage directory /workdir/hadoop-ozone/integration-test/target/test-dir/MiniOzoneClusterImpl-324908f0-eb78-4759-b512-7767c3eea219/datanode-5/data/ratis/e5e95ce3-9a13-4bdd-bb9c-3ac1221ceae1 has been successfully formatted.
2019-10-01 21:43:54,364 [pool-423-thread-1] INFO  ratis.ContainerStateMachine (ContainerStateMachine.java:loadSnapshot(230)) - group-3AC1221CEAE1: The snapshot info is null. Setting the last applied indexto:(t:0, i:~)
2019-10-01 21:43:54,363 [pool-413-thread-1] INFO  storage.RaftStorage (RaftStorage.java:format(84)) - Storage directory /workdir/hadoop-ozone/integration-test/target/test-dir/MiniOzoneClusterImpl-324908f0-eb78-4759-b512-7767c3eea219/datanode-3/data/ratis/e5e95ce3-9a13-4bdd-bb9c-3ac1221ceae1 has been successfully formatted.
2019-10-01 21:43:54,364 [pool-423-thread-1] INFO  server.RaftServerConfigKeys (ConfUtils.java:logGet(43)) - raft.server.notification.no-leader.timeout = 120s (custom)
2019-10-01 21:43:54,364 [pool-433-thread-1] INFO  ratis.ContainerStateMachine (ContainerStateMachine.java:loadSnapshot(230)) - group-3AC1221CEAE1: The snapshot info is null. Setting the last applied indexto:(t:0, i:~)
2019-10-01 21:43:54,364 [pool-423-thread-1] INFO  server.RaftServerConfigKeys (ConfUtils.java:logGet(43)) - raft.server.log.use.memory = false (default)
2019-10-01 21:43:54,364 [pool-413-thread-1] INFO  ratis.ContainerStateMachine (ContainerStateMachine.java:loadSnapshot(230)) - group-3AC1221CEAE1: The snapshot info is null. Setting the last applied indexto:(t:0, i:~)
2019-10-01 21:43:54,364 [pool-423-thread-1] INFO  server.RaftServerConfigKeys (ConfUtils.java:logGet(43)) - raft.server.log.purge.gap = 1000000 (custom)
2019-10-01 21:43:54,364 [pool-433-thread-1] INFO  server.RaftServerConfigKeys (ConfUtils.java:logGet(43)) - raft.server.notification.no-leader.timeout = 120s (custom)
2019-10-01 21:43:54,364 [pool-423-thread-1] INFO  server.RaftServerConfigKeys (ConfUtils.java:logGet(43)) - raft.server.log.appender.buffer.byte-limit = 33554432 (custom)
2019-10-01 21:43:54,364 [pool-413-thread-1] INFO  server.RaftServerConfigKeys (ConfUtils.java:logGet(43)) - raft.server.notification.no-leader.timeout = 120s (custom)
2019-10-01 21:43:54,364 [pool-423-thread-1] INFO  server.RaftServerConfigKeys (ConfUtils.java:logGet(43)) - raft.server.log.segment.size.max = 1048576 (custom)
2019-10-01 21:43:54,364 [pool-433-thread-1] INFO  server.RaftServerConfigKeys (ConfUtils.java:logGet(43)) - raft.server.log.use.memory = false (default)
2019-10-01 21:43:54,365 [pool-423-thread-1] INFO  server.RaftServerConfigKeys (ConfUtils.java:logGet(43)) - raft.server.log.segment.cache.num.max = 2 (custom)
2019-10-01 21:43:54,364 [pool-413-thread-1] INFO  server.RaftServerConfigKeys (ConfUtils.java:logGet(43)) - raft.server.log.use.memory = false (default)
2019-10-01 21:43:54,365 [pool-423-thread-1] INFO  segmented.SegmentedRaftLogWorker (SegmentedRaftLogWorker.java:<init>(173)) - new bda836b2-8a03-43ca-9b70-8d50bec81ffd@group-3AC1221CEAE1-SegmentedRaftLogWorker for RaftStorage:Storage Directory /workdir/hadoop-ozone/integration-test/target/test-dir/MiniOzoneClusterImpl-324908f0-eb78-4759-b512-7767c3eea219/datanode-4/data/ratis/e5e95ce3-9a13-4bdd-bb9c-3ac1221ceae1
2019-10-01 21:43:54,365 [pool-433-thread-1] INFO  server.RaftServerConfigKeys (ConfUtils.java:logGet(43)) - raft.server.log.purge.gap = 1000000 (custom)
2019-10-01 21:43:54,365 [pool-423-thread-1] INFO  server.RaftServerConfigKeys (ConfUtils.java:logGet(43)) - raft.server.log.queue.byte-limit = 2147483647 (custom)
2019-10-01 21:43:54,365 [pool-413-thread-1] INFO  server.RaftServerConfigKeys (ConfUtils.java:logGet(43)) - raft.server.log.purge.gap = 1000000 (custom)
2019-10-01 21:43:54,365 [pool-423-thread-1] INFO  server.RaftServerConfigKeys (ConfUtils.java:logGet(43)) - raft.server.log.queue.element-limit = 1024 (custom)
2019-10-01 21:43:54,365 [pool-433-thread-1] INFO  server.RaftServerConfigKeys (ConfUtils.java:logGet(43)) - raft.server.log.appender.buffer.byte-limit = 33554432 (custom)
2019-10-01 21:43:54,365 [pool-423-thread-1] INFO  server.RaftServerConfigKeys (ConfUtils.java:logGet(43)) - raft.server.log.segment.size.max = 1048576 (custom)
2019-10-01 21:43:54,365 [pool-413-thread-1] INFO  server.RaftServerConfigKeys (ConfUtils.java:logGet(43)) - raft.server.log.appender.buffer.byte-limit = 33554432 (custom)
2019-10-01 21:43:54,365 [pool-423-thread-1] INFO  server.RaftServerConfigKeys (ConfUtils.java:logGet(43)) - raft.server.log.preallocated.size = 16384 (custom)
2019-10-01 21:43:54,365 [pool-433-thread-1] INFO  server.RaftServerConfigKeys (ConfUtils.java:logGet(43)) - raft.server.log.segment.size.max = 1048576 (custom)
2019-10-01 21:43:54,365 [pool-423-thread-1] INFO  server.RaftServerConfigKeys (ConfUtils.java:logGet(43)) - raft.server.log.write.buffer.size = 33554432 (custom)
2019-10-01 21:43:54,365 [pool-413-thread-1] INFO  server.RaftServerConfigKeys (ConfUtils.java:logGet(43)) - raft.server.log.segment.size.max = 1048576 (custom)
2019-10-01 21:43:54,366 [pool-423-thread-1] INFO  server.RaftServerConfigKeys (ConfUtils.java:logGet(43)) - raft.server.log.force.sync.num = 128 (default)
2019-10-01 21:43:54,366 [pool-433-thread-1] INFO  server.RaftServerConfigKeys (ConfUtils.java:logGet(43)) - raft.server.log.segment.cache.num.max = 2 (custom)
2019-10-01 21:43:54,366 [pool-423-thread-1] INFO  server.RaftServerConfigKeys (ConfUtils.java:logGet(43)) - raft.server.log.statemachine.data.sync = true (default)
2019-10-01 21:43:54,366 [pool-413-thread-1] INFO  server.RaftServerConfigKeys (ConfUtils.java:logGet(43)) - raft.server.log.segment.cache.num.max = 2 (custom)
2019-10-01 21:43:54,366 [pool-423-thread-1] INFO  server.RaftServerConfigKeys (ConfUtils.java:logGet(43)) - raft.server.log.statemachine.data.sync.timeout = 10s (default)
2019-10-01 21:43:54,366 [pool-433-thread-1] INFO  segmented.SegmentedRaftLogWorker (SegmentedRaftLogWorker.java:<init>(173)) - new faebee73-6fc9-4d39-b720-b2e1861cfbae@group-3AC1221CEAE1-SegmentedRaftLogWorker for RaftStorage:Storage Directory /workdir/hadoop-ozone/integration-test/target/test-dir/MiniOzoneClusterImpl-324908f0-eb78-4759-b512-7767c3eea219/datanode-5/data/ratis/e5e95ce3-9a13-4bdd-bb9c-3ac1221ceae1
2019-10-01 21:43:54,366 [pool-423-thread-1] INFO  server.RaftServerConfigKeys (ConfUtils.java:logGet(43)) - raft.server.log.statemachine.data.sync.timeout.retry = -1 (default)
2019-10-01 21:43:54,366 [pool-413-thread-1] INFO  segmented.SegmentedRaftLogWorker (SegmentedRaftLogWorker.java:<init>(173)) - new 86600292-f7ad-4021-b353-636166237939@group-3AC1221CEAE1-SegmentedRaftLogWorker for RaftStorage:Storage Directory /workdir/hadoop-ozone/integration-test/target/test-dir/MiniOzoneClusterImpl-324908f0-eb78-4759-b512-7767c3eea219/datanode-3/data/ratis/e5e95ce3-9a13-4bdd-bb9c-3ac1221ceae1
2019-10-01 21:43:54,366 [pool-423-thread-1] INFO  server.RaftServerConfigKeys (ConfUtils.java:logGet(43)) - raft.server.log.statemachine.data.caching.enabled = true (custom)
2019-10-01 21:43:54,366 [pool-433-thread-1] INFO  server.RaftServerConfigKeys (ConfUtils.java:logGet(43)) - raft.server.log.queue.byte-limit = 2147483647 (custom)
2019-10-01 21:43:54,367 [pool-433-thread-1] INFO  server.RaftServerConfigKeys (ConfUtils.java:logGet(43)) - raft.server.log.queue.element-limit = 1024 (custom)
2019-10-01 21:43:54,367 [pool-433-thread-1] INFO  server.RaftServerConfigKeys (ConfUtils.java:logGet(43)) - raft.server.log.segment.size.max = 1048576 (custom)
2019-10-01 21:43:54,367 [pool-433-thread-1] INFO  server.RaftServerConfigKeys (ConfUtils.java:logGet(43)) - raft.server.log.preallocated.size = 16384 (custom)
2019-10-01 21:43:54,367 [pool-433-thread-1] INFO  server.RaftServerConfigKeys (ConfUtils.java:logGet(43)) - raft.server.log.write.buffer.size = 33554432 (custom)
2019-10-01 21:43:54,367 [pool-433-thread-1] INFO  server.RaftServerConfigKeys (ConfUtils.java:logGet(43)) - raft.server.log.force.sync.num = 128 (default)
2019-10-01 21:43:54,367 [pool-433-thread-1] INFO  server.RaftServerConfigKeys (ConfUtils.java:logGet(43)) - raft.server.log.statemachine.data.sync = true (default)
2019-10-01 21:43:54,367 [pool-433-thread-1] INFO  server.RaftServerConfigKeys (ConfUtils.java:logGet(43)) - raft.server.log.statemachine.data.sync.timeout = 10s (default)
2019-10-01 21:43:54,367 [pool-433-thread-1] INFO  server.RaftServerConfigKeys (ConfUtils.java:logGet(43)) - raft.server.log.statemachine.data.sync.timeout.retry = -1 (default)
2019-10-01 21:43:54,367 [pool-433-thread-1] INFO  server.RaftServerConfigKeys (ConfUtils.java:logGet(43)) - raft.server.log.statemachine.data.caching.enabled = true (custom)
2019-10-01 21:43:54,367 [pool-433-thread-1] INFO  segmented.SegmentedRaftLogWorker (SegmentedRaftLogWorker.java:lambda$new$0(128)) - faebee73-6fc9-4d39-b720-b2e1861cfbae@group-3AC1221CEAE1-SegmentedRaftLogWorker: flushIndex: setUnconditionally 0 -> -1
2019-10-01 21:43:54,366 [pool-413-thread-1] INFO  server.RaftServerConfigKeys (ConfUtils.java:logGet(43)) - raft.server.log.queue.byte-limit = 2147483647 (custom)
2019-10-01 21:43:54,368 [pool-433-thread-1] INFO  server.RaftServerConfigKeys (ConfUtils.java:logGet(43)) - raft.server.snapshot.auto.trigger.enabled = true (custom)
2019-10-01 21:43:54,367 [pool-423-thread-1] INFO  segmented.SegmentedRaftLogWorker (SegmentedRaftLogWorker.java:lambda$new$0(128)) - bda836b2-8a03-43ca-9b70-8d50bec81ffd@group-3AC1221CEAE1-SegmentedRaftLogWorker: flushIndex: setUnconditionally 0 -> -1
2019-10-01 21:43:54,368 [pool-433-thread-1] INFO  server.RaftServerConfigKeys (ConfUtils.java:logGet(43)) - raft.server.snapshot.auto.trigger.threshold = 10000 (custom)
2019-10-01 21:43:54,368 [pool-413-thread-1] INFO  server.RaftServerConfigKeys (ConfUtils.java:logGet(43)) - raft.server.log.queue.element-limit = 1024 (custom)
2019-10-01 21:43:54,368 [pool-433-thread-1] INFO  server.RaftServerConfigKeys (ConfUtils.java:logGet(43)) - raft.server.snapshot.retention.file.num = 5 (custom)
2019-10-01 21:43:54,368 [pool-423-thread-1] INFO  server.RaftServerConfigKeys (ConfUtils.java:logGet(43)) - raft.server.snapshot.auto.trigger.enabled = true (custom)
2019-10-01 21:43:54,368 [pool-433-thread-1] INFO  server.RaftServerConfigKeys (ConfUtils.java:logGet(43)) - raft.server.retrycache.expirytime = 600000ms (custom)
2019-10-01 21:43:54,368 [pool-413-thread-1] INFO  server.RaftServerConfigKeys (ConfUtils.java:logGet(43)) - raft.server.log.segment.size.max = 1048576 (custom)
2019-10-01 21:43:54,368 [pool-423-thread-1] INFO  server.RaftServerConfigKeys (ConfUtils.java:logGet(43)) - raft.server.snapshot.auto.trigger.threshold = 10000 (custom)
2019-10-01 21:43:54,368 [pool-413-thread-1] INFO  server.RaftServerConfigKeys (ConfUtils.java:logGet(43)) - raft.server.log.preallocated.size = 16384 (custom)
2019-10-01 21:43:54,369 [pool-423-thread-1] INFO  server.RaftServerConfigKeys (ConfUtils.java:logGet(43)) - raft.server.snapshot.retention.file.num = 5 (custom)
2019-10-01 21:43:54,369 [pool-413-thread-1] INFO  server.RaftServerConfigKeys (ConfUtils.java:logGet(43)) - raft.server.log.write.buffer.size = 33554432 (custom)
2019-10-01 21:43:54,369 [pool-423-thread-1] INFO  server.RaftServerConfigKeys (ConfUtils.java:logGet(43)) - raft.server.retrycache.expirytime = 600000ms (custom)
2019-10-01 21:43:54,369 [pool-413-thread-1] INFO  server.RaftServerConfigKeys (ConfUtils.java:logGet(43)) - raft.server.log.force.sync.num = 128 (default)
2019-10-01 21:43:54,369 [pool-413-thread-1] INFO  server.RaftServerConfigKeys (ConfUtils.java:logGet(43)) - raft.server.log.statemachine.data.sync = true (default)
2019-10-01 21:43:54,369 [pool-413-thread-1] INFO  server.RaftServerConfigKeys (ConfUtils.java:logGet(43)) - raft.server.log.statemachine.data.sync.timeout = 10s (default)
2019-10-01 21:43:54,369 [pool-413-thread-1] INFO  server.RaftServerConfigKeys (ConfUtils.java:logGet(43)) - raft.server.log.statemachine.data.sync.timeout.retry = -1 (default)
2019-10-01 21:43:54,369 [pool-413-thread-1] INFO  server.RaftServerConfigKeys (ConfUtils.java:logGet(43)) - raft.server.log.statemachine.data.caching.enabled = true (custom)
2019-10-01 21:43:54,370 [pool-413-thread-1] INFO  segmented.SegmentedRaftLogWorker (SegmentedRaftLogWorker.java:lambda$new$0(128)) - 86600292-f7ad-4021-b353-636166237939@group-3AC1221CEAE1-SegmentedRaftLogWorker: flushIndex: setUnconditionally 0 -> -1
2019-10-01 21:43:54,370 [pool-413-thread-1] INFO  server.RaftServerConfigKeys (ConfUtils.java:logGet(43)) - raft.server.snapshot.auto.trigger.enabled = true (custom)
2019-10-01 21:43:54,370 [pool-413-thread-1] INFO  server.RaftServerConfigKeys (ConfUtils.java:logGet(43)) - raft.server.snapshot.auto.trigger.threshold = 10000 (custom)
2019-10-01 21:43:54,370 [pool-413-thread-1] INFO  server.RaftServerConfigKeys (ConfUtils.java:logGet(43)) - raft.server.snapshot.retention.file.num = 5 (custom)
2019-10-01 21:43:54,370 [pool-413-thread-1] INFO  server.RaftServerConfigKeys (ConfUtils.java:logGet(43)) - raft.server.retrycache.expirytime = 600000ms (custom)
2019-10-01 21:43:54,370 [pool-433-thread-1] INFO  impl.RaftServerImpl (RaftServerImpl.java:start(181)) - faebee73-6fc9-4d39-b720-b2e1861cfbae@group-3AC1221CEAE1: start as a follower, conf=-1: [86600292-f7ad-4021-b353-636166237939:192.168.164.217:37313, bda836b2-8a03-43ca-9b70-8d50bec81ffd:192.168.164.217:35902, faebee73-6fc9-4d39-b720-b2e1861cfbae:192.168.164.217:39048], old=null
2019-10-01 21:43:54,371 [pool-433-thread-1] INFO  impl.RaftServerImpl (RaftServerImpl.java:setRole(170)) - faebee73-6fc9-4d39-b720-b2e1861cfbae@group-3AC1221CEAE1: changes role from      null to FOLLOWER at term 0 for startAsFollower
2019-10-01 21:43:54,371 [pool-423-thread-1] INFO  impl.RaftServerImpl (RaftServerImpl.java:start(181)) - bda836b2-8a03-43ca-9b70-8d50bec81ffd@group-3AC1221CEAE1: start as a follower, conf=-1: [86600292-f7ad-4021-b353-636166237939:192.168.164.217:37313, bda836b2-8a03-43ca-9b70-8d50bec81ffd:192.168.164.217:35902, faebee73-6fc9-4d39-b720-b2e1861cfbae:192.168.164.217:39048], old=null
2019-10-01 21:43:54,371 [pool-433-thread-1] INFO  impl.RoleInfo (RoleInfo.java:updateAndGet(143)) - faebee73-6fc9-4d39-b720-b2e1861cfbae: start FollowerState
2019-10-01 21:43:54,371 [pool-423-thread-1] INFO  impl.RaftServerImpl (RaftServerImpl.java:setRole(170)) - bda836b2-8a03-43ca-9b70-8d50bec81ffd@group-3AC1221CEAE1: changes role from      null to FOLLOWER at term 0 for startAsFollower
2019-10-01 21:43:54,371 [pool-423-thread-1] INFO  impl.RoleInfo (RoleInfo.java:updateAndGet(143)) - bda836b2-8a03-43ca-9b70-8d50bec81ffd: start FollowerState
2019-10-01 21:43:54,371 [pool-433-thread-1] INFO  util.JmxRegister (JmxRegister.java:tryRegister(44)) - Successfully registered JMX Bean with object name Ratis:service=RaftServer,group=group-3AC1221CEAE1,id=faebee73-6fc9-4d39-b720-b2e1861cfbae
2019-10-01 21:43:54,371 [pool-423-thread-1] INFO  util.JmxRegister (JmxRegister.java:tryRegister(44)) - Successfully registered JMX Bean with object name Ratis:service=RaftServer,group=group-3AC1221CEAE1,id=bda836b2-8a03-43ca-9b70-8d50bec81ffd
2019-10-01 21:43:54,371 [pool-413-thread-1] INFO  impl.RaftServerImpl (RaftServerImpl.java:start(181)) - 86600292-f7ad-4021-b353-636166237939@group-3AC1221CEAE1: start as a follower, conf=-1: [86600292-f7ad-4021-b353-636166237939:192.168.164.217:37313, bda836b2-8a03-43ca-9b70-8d50bec81ffd:192.168.164.217:35902, faebee73-6fc9-4d39-b720-b2e1861cfbae:192.168.164.217:39048], old=null
2019-10-01 21:43:54,372 [pool-413-thread-1] INFO  impl.RaftServerImpl (RaftServerImpl.java:setRole(170)) - 86600292-f7ad-4021-b353-636166237939@group-3AC1221CEAE1: changes role from      null to FOLLOWER at term 0 for startAsFollower
2019-10-01 21:43:54,372 [pool-413-thread-1] INFO  impl.RoleInfo (RoleInfo.java:updateAndGet(143)) - 86600292-f7ad-4021-b353-636166237939: start FollowerState
2019-10-01 21:43:54,372 [pool-413-thread-1] INFO  util.JmxRegister (JmxRegister.java:tryRegister(44)) - Successfully registered JMX Bean with object name Ratis:service=RaftServer,group=group-3AC1221CEAE1,id=86600292-f7ad-4021-b353-636166237939
2019-10-01 21:43:54,378 [RatisPipelineUtilsThread] INFO  pipeline.PipelineStateManager (PipelineStateManager.java:addPipeline(56)) - Created pipeline Pipeline[ Id: e5e95ce3-9a13-4bdd-bb9c-3ac1221ceae1, Nodes: 86600292-f7ad-4021-b353-636166237939{ip: 192.168.164.217, host: pr-hdds-2224-n586v-1266706246, networkLocation: /default-rack, certSerialId: null}bda836b2-8a03-43ca-9b70-8d50bec81ffd{ip: 192.168.164.217, host: pr-hdds-2224-n586v-1266706246, networkLocation: /default-rack, certSerialId: null}faebee73-6fc9-4d39-b720-b2e1861cfbae{ip: 192.168.164.217, host: pr-hdds-2224-n586v-1266706246, networkLocation: /default-rack, certSerialId: null}, Type:RATIS, Factor:THREE, State:OPEN]
2019-10-01 21:43:55,345 [main] INFO  ozone.MiniOzoneClusterImpl (MiniOzoneClusterImpl.java:lambda$waitForClusterToBeReady$0(147)) - Cluster is ready. Got 7 of 7 DN Heartbeats.
2019-10-01 21:43:55,375 [main] INFO  rpc.RpcClient (RpcClient.java:createVolume(276)) - Creating Volume: watchforcommithandlingtest, with jenkins1000 as owner.
2019-10-01 21:43:55,378 [IPC Server handler 1 on 35655] INFO  volume.OMVolumeCreateRequest (OMVolumeCreateRequest.java:validateAndUpdateCache(194)) - created volume:watchforcommithandlingtest for user:jenkins1000
2019-10-01 21:43:55,392 [main] INFO  rpc.RpcClient (RpcClient.java:createBucket(415)) - Creating Bucket: watchforcommithandlingtest/watchforcommithandlingtest, with Versioning false and Storage Type set to DISK and Encryption set to false 
2019-10-01 21:43:55,396 [main] INFO  ozone.MiniOzoneClusterImpl (MiniOzoneClusterImpl.java:getStorageContainerLocationClient(234)) - Creating StorageContainerLocationProtocol RPC client with address /0.0.0.0:35945
2019-10-01 21:43:56,920 [Thread-2396] INFO  container.ReplicationManager (ReplicationManager.java:start(162)) - Starting Replication Monitor Thread.
2019-10-01 21:43:56,924 [ReplicationMonitor] INFO  container.ReplicationManager (ReplicationManager.java:run(225)) - Replication Monitor Thread took 0 milliseconds for processing 1 containers.
2019-10-01 21:43:59,027 [Thread-2401] INFO  impl.FollowerState (FollowerState.java:run(108)) - b29c2709-9c70-4172-98f7-730f006f77cf@group-DA24BB5841CA-FollowerState: change to CANDIDATE, lastRpcTime:5002ms, electionTimeout:5002ms
2019-10-01 21:43:59,028 [Thread-2401] INFO  impl.RoleInfo (RoleInfo.java:shutdownFollowerState(121)) - b29c2709-9c70-4172-98f7-730f006f77cf: shutdown FollowerState
2019-10-01 21:43:59,028 [Thread-2401] INFO  impl.RaftServerImpl (RaftServerImpl.java:setRole(170)) - b29c2709-9c70-4172-98f7-730f006f77cf@group-DA24BB5841CA: changes role from  FOLLOWER to CANDIDATE at term 0 for changeToCandidate
2019-10-01 21:43:59,028 [Thread-2401] INFO  impl.RoleInfo (RoleInfo.java:updateAndGet(143)) - b29c2709-9c70-4172-98f7-730f006f77cf: start LeaderElection
2019-10-01 21:43:59,051 [b29c2709-9c70-4172-98f7-730f006f77cf@group-DA24BB5841CA-LeaderElection69] INFO  impl.LeaderElection (LeaderElection.java:askForVotes(178)) - b29c2709-9c70-4172-98f7-730f006f77cf@group-DA24BB5841CA-LeaderElection69: begin an election at term 1 for -1: [b29c2709-9c70-4172-98f7-730f006f77cf:192.168.164.217:46333], old=null
2019-10-01 21:43:59,051 [b29c2709-9c70-4172-98f7-730f006f77cf@group-DA24BB5841CA-LeaderElection69] INFO  impl.RoleInfo (RoleInfo.java:shutdownLeaderElection(134)) - b29c2709-9c70-4172-98f7-730f006f77cf: shutdown LeaderElection
2019-10-01 21:43:59,051 [b29c2709-9c70-4172-98f7-730f006f77cf@group-DA24BB5841CA-LeaderElection69] INFO  impl.RaftServerImpl (RaftServerImpl.java:setRole(170)) - b29c2709-9c70-4172-98f7-730f006f77cf@group-DA24BB5841CA: changes role from CANDIDATE to LEADER at term 1 for changeToLeader
2019-10-01 21:43:59,051 [b29c2709-9c70-4172-98f7-730f006f77cf@group-DA24BB5841CA-LeaderElection69] INFO  impl.RaftServerImpl (ServerState.java:setLeader(255)) - b29c2709-9c70-4172-98f7-730f006f77cf@group-DA24BB5841CA: change Leader from null to b29c2709-9c70-4172-98f7-730f006f77cf at term 1 for becomeLeader, leader elected after 5031ms
2019-10-01 21:43:59,052 [b29c2709-9c70-4172-98f7-730f006f77cf@group-DA24BB5841CA-LeaderElection69] INFO  server.RaftServerConfigKeys (ConfUtils.java:logGet(43)) - raft.server.staging.catchup.gap = 1000 (default)
2019-10-01 21:43:59,052 [b29c2709-9c70-4172-98f7-730f006f77cf@group-DA24BB5841CA-LeaderElection69] INFO  server.RaftServerConfigKeys (ConfUtils.java:logGet(43)) - raft.server.rpc.sleep.time = 25ms (default)
2019-10-01 21:43:59,052 [b29c2709-9c70-4172-98f7-730f006f77cf@group-DA24BB5841CA-LeaderElection69] INFO  server.RaftServerConfigKeys (ConfUtils.java:logGet(43)) - raft.server.write.element-limit = 4096 (default)
2019-10-01 21:43:59,052 [b29c2709-9c70-4172-98f7-730f006f77cf@group-DA24BB5841CA-LeaderElection69] INFO  server.RaftServerConfigKeys (ConfUtils.java:logGet(43)) - raft.server.watch.timeout = 10s (default)
2019-10-01 21:43:59,052 [b29c2709-9c70-4172-98f7-730f006f77cf@group-DA24BB5841CA-LeaderElection69] INFO  server.RaftServerConfigKeys (ConfUtils.java:logGet(43)) - raft.server.watch.timeout.denomination = 1s (default)
2019-10-01 21:43:59,052 [b29c2709-9c70-4172-98f7-730f006f77cf@group-DA24BB5841CA-LeaderElection69] INFO  server.RaftServerConfigKeys (ConfUtils.java:logGet(43)) - raft.server.watch.element-limit = 65536 (default)
2019-10-01 21:43:59,053 [b29c2709-9c70-4172-98f7-730f006f77cf@group-DA24BB5841CA-LeaderElection69] INFO  impl.RoleInfo (RoleInfo.java:updateAndGet(143)) - b29c2709-9c70-4172-98f7-730f006f77cf: start LeaderState
2019-10-01 21:43:59,054 [b29c2709-9c70-4172-98f7-730f006f77cf@group-DA24BB5841CA-LeaderElection69] INFO  segmented.SegmentedRaftLogWorker (SegmentedRaftLogWorker.java:startLogSegment(385)) - b29c2709-9c70-4172-98f7-730f006f77cf@group-DA24BB5841CA-SegmentedRaftLogWorker: Starting segment from index:0
2019-10-01 21:43:59,054 [b29c2709-9c70-4172-98f7-730f006f77cf@group-DA24BB5841CA-LeaderElection69] INFO  impl.RaftServerImpl (ServerState.java:setRaftConf(356)) - b29c2709-9c70-4172-98f7-730f006f77cf@group-DA24BB5841CA: set configuration 0: [b29c2709-9c70-4172-98f7-730f006f77cf:192.168.164.217:46333], old=null at 0
2019-10-01 21:43:59,070 [Thread-2398] INFO  impl.FollowerState (FollowerState.java:run(108)) - c75aff3d-5022-45ef-b320-4144306dc30a@group-0C3DB09CDE6D-FollowerState: change to CANDIDATE, lastRpcTime:5104ms, electionTimeout:5104ms
2019-10-01 21:43:59,070 [Thread-2398] INFO  impl.RoleInfo (RoleInfo.java:shutdownFollowerState(121)) - c75aff3d-5022-45ef-b320-4144306dc30a: shutdown FollowerState
2019-10-01 21:43:59,070 [Thread-2398] INFO  impl.RaftServerImpl (RaftServerImpl.java:setRole(170)) - c75aff3d-5022-45ef-b320-4144306dc30a@group-0C3DB09CDE6D: changes role from  FOLLOWER to CANDIDATE at term 0 for changeToCandidate
2019-10-01 21:43:59,070 [Thread-2398] INFO  impl.RoleInfo (RoleInfo.java:updateAndGet(143)) - c75aff3d-5022-45ef-b320-4144306dc30a: start LeaderElection
2019-10-01 21:43:59,093 [b29c2709-9c70-4172-98f7-730f006f77cf@group-DA24BB5841CA-SegmentedRaftLogWorker] INFO  segmented.SegmentedRaftLogWorker (SegmentedRaftLogWorker.java:execute(574)) - b29c2709-9c70-4172-98f7-730f006f77cf@group-DA24BB5841CA-SegmentedRaftLogWorker: created new log segment /workdir/hadoop-ozone/integration-test/target/test-dir/MiniOzoneClusterImpl-324908f0-eb78-4759-b512-7767c3eea219/datanode-1/data/ratis/87f837e9-82a9-48a0-8f6e-da24bb5841ca/current/log_inprogress_0
2019-10-01 21:43:59,094 [c75aff3d-5022-45ef-b320-4144306dc30a@group-0C3DB09CDE6D-LeaderElection70] INFO  impl.LeaderElection (LeaderElection.java:askForVotes(178)) - c75aff3d-5022-45ef-b320-4144306dc30a@group-0C3DB09CDE6D-LeaderElection70: begin an election at term 1 for -1: [c75aff3d-5022-45ef-b320-4144306dc30a:192.168.164.217:44549], old=null
2019-10-01 21:43:59,094 [c75aff3d-5022-45ef-b320-4144306dc30a@group-0C3DB09CDE6D-LeaderElection70] INFO  impl.RoleInfo (RoleInfo.java:shutdownLeaderElection(134)) - c75aff3d-5022-45ef-b320-4144306dc30a: shutdown LeaderElection
2019-10-01 21:43:59,094 [c75aff3d-5022-45ef-b320-4144306dc30a@group-0C3DB09CDE6D-LeaderElection70] INFO  impl.RaftServerImpl (RaftServerImpl.java:setRole(170)) - c75aff3d-5022-45ef-b320-4144306dc30a@group-0C3DB09CDE6D: changes role from CANDIDATE to LEADER at term 1 for changeToLeader
2019-10-01 21:43:59,094 [c75aff3d-5022-45ef-b320-4144306dc30a@group-0C3DB09CDE6D-LeaderElection70] INFO  impl.RaftServerImpl (ServerState.java:setLeader(255)) - c75aff3d-5022-45ef-b320-4144306dc30a@group-0C3DB09CDE6D: change Leader from null to c75aff3d-5022-45ef-b320-4144306dc30a at term 1 for becomeLeader, leader elected after 5134ms
2019-10-01 21:43:59,094 [c75aff3d-5022-45ef-b320-4144306dc30a@group-0C3DB09CDE6D-LeaderElection70] INFO  server.RaftServerConfigKeys (ConfUtils.java:logGet(43)) - raft.server.staging.catchup.gap = 1000 (default)
2019-10-01 21:43:59,094 [c75aff3d-5022-45ef-b320-4144306dc30a@group-0C3DB09CDE6D-LeaderElection70] INFO  server.RaftServerConfigKeys (ConfUtils.java:logGet(43)) - raft.server.rpc.sleep.time = 25ms (default)
2019-10-01 21:43:59,095 [c75aff3d-5022-45ef-b320-4144306dc30a@group-0C3DB09CDE6D-LeaderElection70] INFO  server.RaftServerConfigKeys (ConfUtils.java:logGet(43)) - raft.server.write.element-limit = 4096 (default)
2019-10-01 21:43:59,095 [c75aff3d-5022-45ef-b320-4144306dc30a@group-0C3DB09CDE6D-LeaderElection70] INFO  server.RaftServerConfigKeys (ConfUtils.java:logGet(43)) - raft.server.watch.timeout = 10s (default)
2019-10-01 21:43:59,095 [c75aff3d-5022-45ef-b320-4144306dc30a@group-0C3DB09CDE6D-LeaderElection70] INFO  server.RaftServerConfigKeys (ConfUtils.java:logGet(43)) - raft.server.watch.timeout.denomination = 1s (default)
2019-10-01 21:43:59,095 [c75aff3d-5022-45ef-b320-4144306dc30a@group-0C3DB09CDE6D-LeaderElection70] INFO  server.RaftServerConfigKeys (ConfUtils.java:logGet(43)) - raft.server.watch.element-limit = 65536 (default)
2019-10-01 21:43:59,096 [c75aff3d-5022-45ef-b320-4144306dc30a@group-0C3DB09CDE6D-LeaderElection70] INFO  impl.RoleInfo (RoleInfo.java:updateAndGet(143)) - c75aff3d-5022-45ef-b320-4144306dc30a: start LeaderState
2019-10-01 21:43:59,097 [c75aff3d-5022-45ef-b320-4144306dc30a@group-0C3DB09CDE6D-LeaderElection70] INFO  segmented.SegmentedRaftLogWorker (SegmentedRaftLogWorker.java:startLogSegment(385)) - c75aff3d-5022-45ef-b320-4144306dc30a@group-0C3DB09CDE6D-SegmentedRaftLogWorker: Starting segment from index:0
2019-10-01 21:43:59,097 [c75aff3d-5022-45ef-b320-4144306dc30a@group-0C3DB09CDE6D-LeaderElection70] INFO  impl.RaftServerImpl (ServerState.java:setRaftConf(356)) - c75aff3d-5022-45ef-b320-4144306dc30a@group-0C3DB09CDE6D: set configuration 0: [c75aff3d-5022-45ef-b320-4144306dc30a:192.168.164.217:44549], old=null at 0
2019-10-01 21:43:59,114 [Thread-2404] INFO  impl.FollowerState (FollowerState.java:run(108)) - 92876efe-7aa2-43ca-94f1-8ffe97e46a24@group-8CD21DAFDEE1-FollowerState: change to CANDIDATE, lastRpcTime:5027ms, electionTimeout:5027ms
2019-10-01 21:43:59,114 [Thread-2404] INFO  impl.RoleInfo (RoleInfo.java:shutdownFollowerState(121)) - 92876efe-7aa2-43ca-94f1-8ffe97e46a24: shutdown FollowerState
2019-10-01 21:43:59,114 [Thread-2404] INFO  impl.RaftServerImpl (RaftServerImpl.java:setRole(170)) - 92876efe-7aa2-43ca-94f1-8ffe97e46a24@group-8CD21DAFDEE1: changes role from  FOLLOWER to CANDIDATE at term 0 for changeToCandidate
2019-10-01 21:43:59,114 [Thread-2404] INFO  impl.RoleInfo (RoleInfo.java:updateAndGet(143)) - 92876efe-7aa2-43ca-94f1-8ffe97e46a24: start LeaderElection
2019-10-01 21:43:59,133 [c75aff3d-5022-45ef-b320-4144306dc30a@group-0C3DB09CDE6D-SegmentedRaftLogWorker] INFO  segmented.SegmentedRaftLogWorker (SegmentedRaftLogWorker.java:execute(574)) - c75aff3d-5022-45ef-b320-4144306dc30a@group-0C3DB09CDE6D-SegmentedRaftLogWorker: created new log segment /workdir/hadoop-ozone/integration-test/target/test-dir/MiniOzoneClusterImpl-324908f0-eb78-4759-b512-7767c3eea219/datanode-0/data/ratis/7572bb49-f765-4345-94ed-0c3db09cde6d/current/log_inprogress_0
2019-10-01 21:43:59,133 [92876efe-7aa2-43ca-94f1-8ffe97e46a24@group-8CD21DAFDEE1-LeaderElection71] INFO  impl.LeaderElection (LeaderElection.java:askForVotes(178)) - 92876efe-7aa2-43ca-94f1-8ffe97e46a24@group-8CD21DAFDEE1-LeaderElection71: begin an election at term 1 for -1: [92876efe-7aa2-43ca-94f1-8ffe97e46a24:192.168.164.217:39848], old=null
2019-10-01 21:43:59,133 [92876efe-7aa2-43ca-94f1-8ffe97e46a24@group-8CD21DAFDEE1-LeaderElection71] INFO  impl.RoleInfo (RoleInfo.java:shutdownLeaderElection(134)) - 92876efe-7aa2-43ca-94f1-8ffe97e46a24: shutdown LeaderElection
2019-10-01 21:43:59,133 [92876efe-7aa2-43ca-94f1-8ffe97e46a24@group-8CD21DAFDEE1-LeaderElection71] INFO  impl.RaftServerImpl (RaftServerImpl.java:setRole(170)) - 92876efe-7aa2-43ca-94f1-8ffe97e46a24@group-8CD21DAFDEE1: changes role from CANDIDATE to LEADER at term 1 for changeToLeader
2019-10-01 21:43:59,133 [92876efe-7aa2-43ca-94f1-8ffe97e46a24@group-8CD21DAFDEE1-LeaderElection71] INFO  impl.RaftServerImpl (ServerState.java:setLeader(255)) - 92876efe-7aa2-43ca-94f1-8ffe97e46a24@group-8CD21DAFDEE1: change Leader from null to 92876efe-7aa2-43ca-94f1-8ffe97e46a24 at term 1 for becomeLeader, leader elected after 5052ms
2019-10-01 21:43:59,133 [92876efe-7aa2-43ca-94f1-8ffe97e46a24@group-8CD21DAFDEE1-LeaderElection71] INFO  server.RaftServerConfigKeys (ConfUtils.java:logGet(43)) - raft.server.staging.catchup.gap = 1000 (default)
2019-10-01 21:43:59,133 [92876efe-7aa2-43ca-94f1-8ffe97e46a24@group-8CD21DAFDEE1-LeaderElection71] INFO  server.RaftServerConfigKeys (ConfUtils.java:logGet(43)) - raft.server.rpc.sleep.time = 25ms (default)
2019-10-01 21:43:59,134 [92876efe-7aa2-43ca-94f1-8ffe97e46a24@group-8CD21DAFDEE1-LeaderElection71] INFO  server.RaftServerConfigKeys (ConfUtils.java:logGet(43)) - raft.server.write.element-limit = 4096 (default)
2019-10-01 21:43:59,134 [92876efe-7aa2-43ca-94f1-8ffe97e46a24@group-8CD21DAFDEE1-LeaderElection71] INFO  server.RaftServerConfigKeys (ConfUtils.java:logGet(43)) - raft.server.watch.timeout = 10s (default)
2019-10-01 21:43:59,134 [92876efe-7aa2-43ca-94f1-8ffe97e46a24@group-8CD21DAFDEE1-LeaderElection71] INFO  server.RaftServerConfigKeys (ConfUtils.java:logGet(43)) - raft.server.watch.timeout.denomination = 1s (default)
2019-10-01 21:43:59,134 [92876efe-7aa2-43ca-94f1-8ffe97e46a24@group-8CD21DAFDEE1-LeaderElection71] INFO  server.RaftServerConfigKeys (ConfUtils.java:logGet(43)) - raft.server.watch.element-limit = 65536 (default)
2019-10-01 21:43:59,135 [92876efe-7aa2-43ca-94f1-8ffe97e46a24@group-8CD21DAFDEE1-LeaderElection71] INFO  impl.RoleInfo (RoleInfo.java:updateAndGet(143)) - 92876efe-7aa2-43ca-94f1-8ffe97e46a24: start LeaderState
2019-10-01 21:43:59,136 [92876efe-7aa2-43ca-94f1-8ffe97e46a24@group-8CD21DAFDEE1-LeaderElection71] INFO  segmented.SegmentedRaftLogWorker (SegmentedRaftLogWorker.java:startLogSegment(385)) - 92876efe-7aa2-43ca-94f1-8ffe97e46a24@group-8CD21DAFDEE1-SegmentedRaftLogWorker: Starting segment from index:0
2019-10-01 21:43:59,136 [92876efe-7aa2-43ca-94f1-8ffe97e46a24@group-8CD21DAFDEE1-LeaderElection71] INFO  impl.RaftServerImpl (ServerState.java:setRaftConf(356)) - 92876efe-7aa2-43ca-94f1-8ffe97e46a24@group-8CD21DAFDEE1: set configuration 0: [92876efe-7aa2-43ca-94f1-8ffe97e46a24:192.168.164.217:39848], old=null at 0
2019-10-01 21:43:59,169 [92876efe-7aa2-43ca-94f1-8ffe97e46a24@group-8CD21DAFDEE1-SegmentedRaftLogWorker] INFO  segmented.SegmentedRaftLogWorker (SegmentedRaftLogWorker.java:execute(574)) - 92876efe-7aa2-43ca-94f1-8ffe97e46a24@group-8CD21DAFDEE1-SegmentedRaftLogWorker: created new log segment /workdir/hadoop-ozone/integration-test/target/test-dir/MiniOzoneClusterImpl-324908f0-eb78-4759-b512-7767c3eea219/datanode-2/data/ratis/8d0efe99-f84e-4486-9f25-8cd21dafdee1/current/log_inprogress_0
2019-10-01 21:43:59,171 [Thread-2407] INFO  impl.FollowerState (FollowerState.java:run(108)) - c75aff3d-5022-45ef-b320-4144306dc30a@group-E5642A6D24C2-FollowerState: change to CANDIDATE, lastRpcTime:5028ms, electionTimeout:5028ms
2019-10-01 21:43:59,171 [Thread-2407] INFO  impl.RoleInfo (RoleInfo.java:shutdownFollowerState(121)) - c75aff3d-5022-45ef-b320-4144306dc30a: shutdown FollowerState
2019-10-01 21:43:59,171 [Thread-2407] INFO  impl.RaftServerImpl (RaftServerImpl.java:setRole(170)) - c75aff3d-5022-45ef-b320-4144306dc30a@group-E5642A6D24C2: changes role from  FOLLOWER to CANDIDATE at term 0 for changeToCandidate
2019-10-01 21:43:59,171 [Thread-2407] INFO  impl.RoleInfo (RoleInfo.java:updateAndGet(143)) - c75aff3d-5022-45ef-b320-4144306dc30a: start LeaderElection
2019-10-01 21:43:59,182 [c75aff3d-5022-45ef-b320-4144306dc30a@group-E5642A6D24C2-LeaderElection72] INFO  impl.LeaderElection (LeaderElection.java:askForVotes(178)) - c75aff3d-5022-45ef-b320-4144306dc30a@group-E5642A6D24C2-LeaderElection72: begin an election at term 1 for -1: [c75aff3d-5022-45ef-b320-4144306dc30a:192.168.164.217:44549, b29c2709-9c70-4172-98f7-730f006f77cf:192.168.164.217:46333, 92876efe-7aa2-43ca-94f1-8ffe97e46a24:192.168.164.217:39848], old=null
2019-10-01 21:43:59,188 [grpc-default-executor-8] INFO  impl.RaftServerImpl (RaftServerImpl.java:setRole(170)) - 92876efe-7aa2-43ca-94f1-8ffe97e46a24@group-E5642A6D24C2: changes role from  FOLLOWER to FOLLOWER at term 1 for recognizeCandidate:c75aff3d-5022-45ef-b320-4144306dc30a
2019-10-01 21:43:59,189 [grpc-default-executor-7] INFO  impl.RaftServerImpl (RaftServerImpl.java:setRole(170)) - b29c2709-9c70-4172-98f7-730f006f77cf@group-E5642A6D24C2: changes role from  FOLLOWER to FOLLOWER at term 1 for recognizeCandidate:c75aff3d-5022-45ef-b320-4144306dc30a
2019-10-01 21:43:59,189 [grpc-default-executor-7] INFO  impl.RoleInfo (RoleInfo.java:shutdownFollowerState(121)) - b29c2709-9c70-4172-98f7-730f006f77cf: shutdown FollowerState
2019-10-01 21:43:59,189 [grpc-default-executor-8] INFO  impl.RoleInfo (RoleInfo.java:shutdownFollowerState(121)) - 92876efe-7aa2-43ca-94f1-8ffe97e46a24: shutdown FollowerState
2019-10-01 21:43:59,189 [Thread-2411] INFO  impl.FollowerState (FollowerState.java:run(117)) - b29c2709-9c70-4172-98f7-730f006f77cf@group-E5642A6D24C2-FollowerState was interrupted: java.lang.InterruptedException: sleep interrupted
2019-10-01 21:43:59,189 [Thread-2412] INFO  impl.FollowerState (FollowerState.java:run(117)) - 92876efe-7aa2-43ca-94f1-8ffe97e46a24@group-E5642A6D24C2-FollowerState was interrupted: java.lang.InterruptedException: sleep interrupted
2019-10-01 21:43:59,189 [grpc-default-executor-7] INFO  impl.RoleInfo (RoleInfo.java:updateAndGet(143)) - b29c2709-9c70-4172-98f7-730f006f77cf: start FollowerState
2019-10-01 21:43:59,189 [grpc-default-executor-8] INFO  impl.RoleInfo (RoleInfo.java:updateAndGet(143)) - 92876efe-7aa2-43ca-94f1-8ffe97e46a24: start FollowerState
2019-10-01 21:43:59,206 [c75aff3d-5022-45ef-b320-4144306dc30a@group-E5642A6D24C2-LeaderElection72] INFO  impl.LeaderElection (LeaderElection.java:logAndReturn(56)) - c75aff3d-5022-45ef-b320-4144306dc30a@group-E5642A6D24C2-LeaderElection72: Election PASSED; received 1 response(s) [c75aff3d-5022-45ef-b320-4144306dc30a<-b29c2709-9c70-4172-98f7-730f006f77cf#0:OK-t1] and 0 exception(s); c75aff3d-5022-45ef-b320-4144306dc30a@group-E5642A6D24C2:t1, leader=null, voted=c75aff3d-5022-45ef-b320-4144306dc30a, raftlog=c75aff3d-5022-45ef-b320-4144306dc30a@group-E5642A6D24C2-SegmentedRaftLog:OPENED:c-1,f-1,i0, conf=-1: [c75aff3d-5022-45ef-b320-4144306dc30a:192.168.164.217:44549, b29c2709-9c70-4172-98f7-730f006f77cf:192.168.164.217:46333, 92876efe-7aa2-43ca-94f1-8ffe97e46a24:192.168.164.217:39848], old=null
2019-10-01 21:43:59,206 [c75aff3d-5022-45ef-b320-4144306dc30a@group-E5642A6D24C2-LeaderElection72] INFO  impl.RoleInfo (RoleInfo.java:shutdownLeaderElection(134)) - c75aff3d-5022-45ef-b320-4144306dc30a: shutdown LeaderElection
2019-10-01 21:43:59,207 [c75aff3d-5022-45ef-b320-4144306dc30a@group-E5642A6D24C2-LeaderElection72] INFO  impl.RaftServerImpl (RaftServerImpl.java:setRole(170)) - c75aff3d-5022-45ef-b320-4144306dc30a@group-E5642A6D24C2: changes role from CANDIDATE to LEADER at term 1 for changeToLeader
2019-10-01 21:43:59,207 [c75aff3d-5022-45ef-b320-4144306dc30a@group-E5642A6D24C2-LeaderElection72] INFO  impl.RaftServerImpl (ServerState.java:setLeader(255)) - c75aff3d-5022-45ef-b320-4144306dc30a@group-E5642A6D24C2: change Leader from null to c75aff3d-5022-45ef-b320-4144306dc30a at term 1 for becomeLeader, leader elected after 5069ms
2019-10-01 21:43:59,207 [c75aff3d-5022-45ef-b320-4144306dc30a@group-E5642A6D24C2-LeaderElection72] INFO  server.RaftServerConfigKeys (ConfUtils.java:logGet(43)) - raft.server.staging.catchup.gap = 1000 (default)
2019-10-01 21:43:59,207 [c75aff3d-5022-45ef-b320-4144306dc30a@group-E5642A6D24C2-LeaderElection72] INFO  server.RaftServerConfigKeys (ConfUtils.java:logGet(43)) - raft.server.rpc.sleep.time = 25ms (default)
2019-10-01 21:43:59,207 [c75aff3d-5022-45ef-b320-4144306dc30a@group-E5642A6D24C2-LeaderElection72] INFO  server.RaftServerConfigKeys (ConfUtils.java:logGet(43)) - raft.server.write.element-limit = 4096 (default)
2019-10-01 21:43:59,207 [c75aff3d-5022-45ef-b320-4144306dc30a@group-E5642A6D24C2-LeaderElection72] INFO  server.RaftServerConfigKeys (ConfUtils.java:logGet(43)) - raft.server.watch.timeout = 10s (default)
2019-10-01 21:43:59,207 [c75aff3d-5022-45ef-b320-4144306dc30a@group-E5642A6D24C2-LeaderElection72] INFO  server.RaftServerConfigKeys (ConfUtils.java:logGet(43)) - raft.server.watch.timeout.denomination = 1s (default)
2019-10-01 21:43:59,207 [c75aff3d-5022-45ef-b320-4144306dc30a@group-E5642A6D24C2-LeaderElection72] INFO  server.RaftServerConfigKeys (ConfUtils.java:logGet(43)) - raft.server.watch.element-limit = 65536 (default)
2019-10-01 21:43:59,208 [c75aff3d-5022-45ef-b320-4144306dc30a@group-E5642A6D24C2-LeaderElection72] INFO  server.RaftServerConfigKeys (ConfUtils.java:logGet(43)) - raft.server.log.appender.snapshot.chunk.size.max = 16MB (=16777216) (default)
2019-10-01 21:43:59,208 [c75aff3d-5022-45ef-b320-4144306dc30a@group-E5642A6D24C2-LeaderElection72] INFO  server.RaftServerConfigKeys (ConfUtils.java:logGet(43)) - raft.server.log.appender.buffer.byte-limit = 33554432 (custom)
2019-10-01 21:43:59,209 [c75aff3d-5022-45ef-b320-4144306dc30a@group-E5642A6D24C2-LeaderElection72] INFO  server.RaftServerConfigKeys (ConfUtils.java:logGet(43)) - raft.server.log.appender.buffer.element-limit = 1 (custom)
2019-10-01 21:43:59,209 [c75aff3d-5022-45ef-b320-4144306dc30a@group-E5642A6D24C2-LeaderElection72] INFO  grpc.GrpcConfigKeys$Server (ConfUtils.java:logGet(43)) - raft.grpc.server.leader.outstanding.appends.max = 128 (default)
2019-10-01 21:43:59,209 [c75aff3d-5022-45ef-b320-4144306dc30a@group-E5642A6D24C2-LeaderElection72] INFO  server.RaftServerConfigKeys (ConfUtils.java:logGet(43)) - raft.server.rpc.request.timeout = 3000ms (default)
2019-10-01 21:43:59,209 [c75aff3d-5022-45ef-b320-4144306dc30a@group-E5642A6D24C2-LeaderElection72] INFO  server.RaftServerConfigKeys (ConfUtils.java:logGet(43)) - raft.server.log.appender.install.snapshot.enabled = false (custom)
2019-10-01 21:43:59,209 [c75aff3d-5022-45ef-b320-4144306dc30a@group-E5642A6D24C2-LeaderElection72] INFO  server.RaftServerConfigKeys (ConfUtils.java:logGet(43)) - raft.server.log.appender.snapshot.chunk.size.max = 16MB (=16777216) (default)
2019-10-01 21:43:59,209 [c75aff3d-5022-45ef-b320-4144306dc30a@group-E5642A6D24C2-LeaderElection72] INFO  server.RaftServerConfigKeys (ConfUtils.java:logGet(43)) - raft.server.log.appender.buffer.byte-limit = 33554432 (custom)
2019-10-01 21:43:59,209 [c75aff3d-5022-45ef-b320-4144306dc30a@group-E5642A6D24C2-LeaderElection72] INFO  server.RaftServerConfigKeys (ConfUtils.java:logGet(43)) - raft.server.log.appender.buffer.element-limit = 1 (custom)
2019-10-01 21:43:59,209 [c75aff3d-5022-45ef-b320-4144306dc30a@group-E5642A6D24C2-LeaderElection72] INFO  grpc.GrpcConfigKeys$Server (ConfUtils.java:logGet(43)) - raft.grpc.server.leader.outstanding.appends.max = 128 (default)
2019-10-01 21:43:59,209 [c75aff3d-5022-45ef-b320-4144306dc30a@group-E5642A6D24C2-LeaderElection72] INFO  server.RaftServerConfigKeys (ConfUtils.java:logGet(43)) - raft.server.rpc.request.timeout = 3000ms (default)
2019-10-01 21:43:59,210 [c75aff3d-5022-45ef-b320-4144306dc30a@group-E5642A6D24C2-LeaderElection72] INFO  server.RaftServerConfigKeys (ConfUtils.java:logGet(43)) - raft.server.log.appender.install.snapshot.enabled = false (custom)
2019-10-01 21:43:59,210 [c75aff3d-5022-45ef-b320-4144306dc30a@group-E5642A6D24C2-LeaderElection72] INFO  impl.RoleInfo (RoleInfo.java:updateAndGet(143)) - c75aff3d-5022-45ef-b320-4144306dc30a: start LeaderState
2019-10-01 21:43:59,210 [c75aff3d-5022-45ef-b320-4144306dc30a@group-E5642A6D24C2-LeaderElection72] INFO  segmented.SegmentedRaftLogWorker (SegmentedRaftLogWorker.java:startLogSegment(385)) - c75aff3d-5022-45ef-b320-4144306dc30a@group-E5642A6D24C2-SegmentedRaftLogWorker: Starting segment from index:0
2019-10-01 21:43:59,210 [c75aff3d-5022-45ef-b320-4144306dc30a@group-E5642A6D24C2-LeaderElection72] INFO  impl.RaftServerImpl (ServerState.java:setRaftConf(356)) - c75aff3d-5022-45ef-b320-4144306dc30a@group-E5642A6D24C2: set configuration 0: [c75aff3d-5022-45ef-b320-4144306dc30a:192.168.164.217:44549, b29c2709-9c70-4172-98f7-730f006f77cf:192.168.164.217:46333, 92876efe-7aa2-43ca-94f1-8ffe97e46a24:192.168.164.217:39848], old=null at 0
2019-10-01 21:43:59,211 [grpc-default-executor-7] INFO  impl.RaftServerImpl (ServerState.java:setLeader(255)) - b29c2709-9c70-4172-98f7-730f006f77cf@group-E5642A6D24C2: change Leader from null to c75aff3d-5022-45ef-b320-4144306dc30a at term 1 for appendEntries, leader elected after 5074ms
2019-10-01 21:43:59,236 [grpc-default-executor-8] INFO  impl.RaftServerImpl (ServerState.java:setLeader(255)) - 92876efe-7aa2-43ca-94f1-8ffe97e46a24@group-E5642A6D24C2: change Leader from null to c75aff3d-5022-45ef-b320-4144306dc30a at term 1 for appendEntries, leader elected after 5098ms
2019-10-01 21:43:59,241 [grpc-default-executor-8] INFO  impl.RaftServerImpl (ServerState.java:setRaftConf(356)) - b29c2709-9c70-4172-98f7-730f006f77cf@group-E5642A6D24C2: set configuration 0: [c75aff3d-5022-45ef-b320-4144306dc30a:192.168.164.217:44549, b29c2709-9c70-4172-98f7-730f006f77cf:192.168.164.217:46333, 92876efe-7aa2-43ca-94f1-8ffe97e46a24:192.168.164.217:39848], old=null at 0
2019-10-01 21:43:59,241 [grpc-default-executor-7] INFO  impl.RaftServerImpl (ServerState.java:setRaftConf(356)) - 92876efe-7aa2-43ca-94f1-8ffe97e46a24@group-E5642A6D24C2: set configuration 0: [c75aff3d-5022-45ef-b320-4144306dc30a:192.168.164.217:44549, b29c2709-9c70-4172-98f7-730f006f77cf:192.168.164.217:46333, 92876efe-7aa2-43ca-94f1-8ffe97e46a24:192.168.164.217:39848], old=null at 0
2019-10-01 21:43:59,241 [grpc-default-executor-8] INFO  segmented.SegmentedRaftLogWorker (SegmentedRaftLogWorker.java:startLogSegment(385)) - b29c2709-9c70-4172-98f7-730f006f77cf@group-E5642A6D24C2-SegmentedRaftLogWorker: Starting segment from index:0
2019-10-01 21:43:59,241 [grpc-default-executor-7] INFO  segmented.SegmentedRaftLogWorker (SegmentedRaftLogWorker.java:startLogSegment(385)) - 92876efe-7aa2-43ca-94f1-8ffe97e46a24@group-E5642A6D24C2-SegmentedRaftLogWorker: Starting segment from index:0
2019-10-01 21:43:59,249 [c75aff3d-5022-45ef-b320-4144306dc30a@group-E5642A6D24C2-SegmentedRaftLogWorker] INFO  segmented.SegmentedRaftLogWorker (SegmentedRaftLogWorker.java:execute(574)) - c75aff3d-5022-45ef-b320-4144306dc30a@group-E5642A6D24C2-SegmentedRaftLogWorker: created new log segment /workdir/hadoop-ozone/integration-test/target/test-dir/MiniOzoneClusterImpl-324908f0-eb78-4759-b512-7767c3eea219/datanode-0/data/ratis/e8baea6a-cfa8-4f9b-988a-e5642a6d24c2/current/log_inprogress_0
2019-10-01 21:43:59,285 [92876efe-7aa2-43ca-94f1-8ffe97e46a24@group-E5642A6D24C2-SegmentedRaftLogWorker] INFO  segmented.SegmentedRaftLogWorker (SegmentedRaftLogWorker.java:execute(574)) - 92876efe-7aa2-43ca-94f1-8ffe97e46a24@group-E5642A6D24C2-SegmentedRaftLogWorker: created new log segment /workdir/hadoop-ozone/integration-test/target/test-dir/MiniOzoneClusterImpl-324908f0-eb78-4759-b512-7767c3eea219/datanode-2/data/ratis/e8baea6a-cfa8-4f9b-988a-e5642a6d24c2/current/log_inprogress_0
2019-10-01 21:43:59,285 [b29c2709-9c70-4172-98f7-730f006f77cf@group-E5642A6D24C2-SegmentedRaftLogWorker] INFO  segmented.SegmentedRaftLogWorker (SegmentedRaftLogWorker.java:execute(574)) - b29c2709-9c70-4172-98f7-730f006f77cf@group-E5642A6D24C2-SegmentedRaftLogWorker: created new log segment /workdir/hadoop-ozone/integration-test/target/test-dir/MiniOzoneClusterImpl-324908f0-eb78-4759-b512-7767c3eea219/datanode-1/data/ratis/e8baea6a-cfa8-4f9b-988a-e5642a6d24c2/current/log_inprogress_0
2019-10-01 21:43:59,333 [Thread-2422] INFO  impl.FollowerState (FollowerState.java:run(108)) - faebee73-6fc9-4d39-b720-b2e1861cfbae@group-E0F97D879AE4-FollowerState: change to CANDIDATE, lastRpcTime:5017ms, electionTimeout:5017ms
2019-10-01 21:43:59,333 [Thread-2422] INFO  impl.RoleInfo (RoleInfo.java:shutdownFollowerState(121)) - faebee73-6fc9-4d39-b720-b2e1861cfbae: shutdown FollowerState
2019-10-01 21:43:59,333 [Thread-2422] INFO  impl.RaftServerImpl (RaftServerImpl.java:setRole(170)) - faebee73-6fc9-4d39-b720-b2e1861cfbae@group-E0F97D879AE4: changes role from  FOLLOWER to CANDIDATE at term 0 for changeToCandidate
2019-10-01 21:43:59,334 [Thread-2422] INFO  impl.RoleInfo (RoleInfo.java:updateAndGet(143)) - faebee73-6fc9-4d39-b720-b2e1861cfbae: start LeaderElection
2019-10-01 21:43:59,346 [Thread-2416] INFO  impl.FollowerState (FollowerState.java:run(108)) - 86600292-f7ad-4021-b353-636166237939@group-AF1810460DC1-FollowerState: change to CANDIDATE, lastRpcTime:5124ms, electionTimeout:5124ms
2019-10-01 21:43:59,346 [Thread-2416] INFO  impl.RoleInfo (RoleInfo.java:shutdownFollowerState(121)) - 86600292-f7ad-4021-b353-636166237939: shutdown FollowerState
2019-10-01 21:43:59,346 [Thread-2416] INFO  impl.RaftServerImpl (RaftServerImpl.java:setRole(170)) - 86600292-f7ad-4021-b353-636166237939@group-AF1810460DC1: changes role from  FOLLOWER to CANDIDATE at term 0 for changeToCandidate
2019-10-01 21:43:59,346 [Thread-2416] INFO  impl.RoleInfo (RoleInfo.java:updateAndGet(143)) - 86600292-f7ad-4021-b353-636166237939: start LeaderElection
2019-10-01 21:43:59,354 [faebee73-6fc9-4d39-b720-b2e1861cfbae@group-E0F97D879AE4-LeaderElection73] INFO  impl.LeaderElection (LeaderElection.java:askForVotes(178)) - faebee73-6fc9-4d39-b720-b2e1861cfbae@group-E0F97D879AE4-LeaderElection73: begin an election at term 1 for -1: [faebee73-6fc9-4d39-b720-b2e1861cfbae:192.168.164.217:39048], old=null
2019-10-01 21:43:59,354 [faebee73-6fc9-4d39-b720-b2e1861cfbae@group-E0F97D879AE4-LeaderElection73] INFO  impl.RoleInfo (RoleInfo.java:shutdownLeaderElection(134)) - faebee73-6fc9-4d39-b720-b2e1861cfbae: shutdown LeaderElection
2019-10-01 21:43:59,354 [faebee73-6fc9-4d39-b720-b2e1861cfbae@group-E0F97D879AE4-LeaderElection73] INFO  impl.RaftServerImpl (RaftServerImpl.java:setRole(170)) - faebee73-6fc9-4d39-b720-b2e1861cfbae@group-E0F97D879AE4: changes role from CANDIDATE to LEADER at term 1 for changeToLeader
2019-10-01 21:43:59,354 [faebee73-6fc9-4d39-b720-b2e1861cfbae@group-E0F97D879AE4-LeaderElection73] INFO  impl.RaftServerImpl (ServerState.java:setLeader(255)) - faebee73-6fc9-4d39-b720-b2e1861cfbae@group-E0F97D879AE4: change Leader from null to faebee73-6fc9-4d39-b720-b2e1861cfbae at term 1 for becomeLeader, leader elected after 5044ms
2019-10-01 21:43:59,354 [faebee73-6fc9-4d39-b720-b2e1861cfbae@group-E0F97D879AE4-LeaderElection73] INFO  server.RaftServerConfigKeys (ConfUtils.java:logGet(43)) - raft.server.staging.catchup.gap = 1000 (default)
2019-10-01 21:43:59,354 [faebee73-6fc9-4d39-b720-b2e1861cfbae@group-E0F97D879AE4-LeaderElection73] INFO  server.RaftServerConfigKeys (ConfUtils.java:logGet(43)) - raft.server.rpc.sleep.time = 25ms (default)
2019-10-01 21:43:59,354 [faebee73-6fc9-4d39-b720-b2e1861cfbae@group-E0F97D879AE4-LeaderElection73] INFO  server.RaftServerConfigKeys (ConfUtils.java:logGet(43)) - raft.server.write.element-limit = 4096 (default)
2019-10-01 21:43:59,354 [faebee73-6fc9-4d39-b720-b2e1861cfbae@group-E0F97D879AE4-LeaderElection73] INFO  server.RaftServerConfigKeys (ConfUtils.java:logGet(43)) - raft.server.watch.timeout = 10s (default)
2019-10-01 21:43:59,355 [faebee73-6fc9-4d39-b720-b2e1861cfbae@group-E0F97D879AE4-LeaderElection73] INFO  server.RaftServerConfigKeys (ConfUtils.java:logGet(43)) - raft.server.watch.timeout.denomination = 1s (default)
2019-10-01 21:43:59,355 [faebee73-6fc9-4d39-b720-b2e1861cfbae@group-E0F97D879AE4-LeaderElection73] INFO  server.RaftServerConfigKeys (ConfUtils.java:logGet(43)) - raft.server.watch.element-limit = 65536 (default)
2019-10-01 21:43:59,356 [86600292-f7ad-4021-b353-636166237939@group-AF1810460DC1-LeaderElection74] INFO  impl.LeaderElection (LeaderElection.java:askForVotes(178)) - 86600292-f7ad-4021-b353-636166237939@group-AF1810460DC1-LeaderElection74: begin an election at term 1 for -1: [86600292-f7ad-4021-b353-636166237939:192.168.164.217:37313], old=null
2019-10-01 21:43:59,356 [86600292-f7ad-4021-b353-636166237939@group-AF1810460DC1-LeaderElection74] INFO  impl.RoleInfo (RoleInfo.java:shutdownLeaderElection(134)) - 86600292-f7ad-4021-b353-636166237939: shutdown LeaderElection
2019-10-01 21:43:59,356 [86600292-f7ad-4021-b353-636166237939@group-AF1810460DC1-LeaderElection74] INFO  impl.RaftServerImpl (RaftServerImpl.java:setRole(170)) - 86600292-f7ad-4021-b353-636166237939@group-AF1810460DC1: changes role from CANDIDATE to LEADER at term 1 for changeToLeader
2019-10-01 21:43:59,356 [86600292-f7ad-4021-b353-636166237939@group-AF1810460DC1-LeaderElection74] INFO  impl.RaftServerImpl (ServerState.java:setLeader(255)) - 86600292-f7ad-4021-b353-636166237939@group-AF1810460DC1: change Leader from null to 86600292-f7ad-4021-b353-636166237939 at term 1 for becomeLeader, leader elected after 5141ms
2019-10-01 21:43:59,356 [86600292-f7ad-4021-b353-636166237939@group-AF1810460DC1-LeaderElection74] INFO  server.RaftServerConfigKeys (ConfUtils.java:logGet(43)) - raft.server.staging.catchup.gap = 1000 (default)
2019-10-01 21:43:59,356 [faebee73-6fc9-4d39-b720-b2e1861cfbae@group-E0F97D879AE4-LeaderElection73] INFO  impl.RoleInfo (RoleInfo.java:updateAndGet(143)) - faebee73-6fc9-4d39-b720-b2e1861cfbae: start LeaderState
2019-10-01 21:43:59,356 [86600292-f7ad-4021-b353-636166237939@group-AF1810460DC1-LeaderElection74] INFO  server.RaftServerConfigKeys (ConfUtils.java:logGet(43)) - raft.server.rpc.sleep.time = 25ms (default)
2019-10-01 21:43:59,357 [faebee73-6fc9-4d39-b720-b2e1861cfbae@group-E0F97D879AE4-LeaderElection73] INFO  segmented.SegmentedRaftLogWorker (SegmentedRaftLogWorker.java:startLogSegment(385)) - faebee73-6fc9-4d39-b720-b2e1861cfbae@group-E0F97D879AE4-SegmentedRaftLogWorker: Starting segment from index:0
2019-10-01 21:43:59,357 [86600292-f7ad-4021-b353-636166237939@group-AF1810460DC1-LeaderElection74] INFO  server.RaftServerConfigKeys (ConfUtils.java:logGet(43)) - raft.server.write.element-limit = 4096 (default)
2019-10-01 21:43:59,357 [86600292-f7ad-4021-b353-636166237939@group-AF1810460DC1-LeaderElection74] INFO  server.RaftServerConfigKeys (ConfUtils.java:logGet(43)) - raft.server.watch.timeout = 10s (default)
2019-10-01 21:43:59,357 [86600292-f7ad-4021-b353-636166237939@group-AF1810460DC1-LeaderElection74] INFO  server.RaftServerConfigKeys (ConfUtils.java:logGet(43)) - raft.server.watch.timeout.denomination = 1s (default)
2019-10-01 21:43:59,357 [86600292-f7ad-4021-b353-636166237939@group-AF1810460DC1-LeaderElection74] INFO  server.RaftServerConfigKeys (ConfUtils.java:logGet(43)) - raft.server.watch.element-limit = 65536 (default)
2019-10-01 21:43:59,357 [faebee73-6fc9-4d39-b720-b2e1861cfbae@group-E0F97D879AE4-LeaderElection73] INFO  impl.RaftServerImpl (ServerState.java:setRaftConf(356)) - faebee73-6fc9-4d39-b720-b2e1861cfbae@group-E0F97D879AE4: set configuration 0: [faebee73-6fc9-4d39-b720-b2e1861cfbae:192.168.164.217:39048], old=null at 0
2019-10-01 21:43:59,359 [86600292-f7ad-4021-b353-636166237939@group-AF1810460DC1-LeaderElection74] INFO  impl.RoleInfo (RoleInfo.java:updateAndGet(143)) - 86600292-f7ad-4021-b353-636166237939: start LeaderState
2019-10-01 21:43:59,359 [86600292-f7ad-4021-b353-636166237939@group-AF1810460DC1-LeaderElection74] INFO  segmented.SegmentedRaftLogWorker (SegmentedRaftLogWorker.java:startLogSegment(385)) - 86600292-f7ad-4021-b353-636166237939@group-AF1810460DC1-SegmentedRaftLogWorker: Starting segment from index:0
2019-10-01 21:43:59,359 [86600292-f7ad-4021-b353-636166237939@group-AF1810460DC1-LeaderElection74] INFO  impl.RaftServerImpl (ServerState.java:setRaftConf(356)) - 86600292-f7ad-4021-b353-636166237939@group-AF1810460DC1: set configuration 0: [86600292-f7ad-4021-b353-636166237939:192.168.164.217:37313], old=null at 0
2019-10-01 21:43:59,379 [Thread-2427] INFO  impl.FollowerState (FollowerState.java:run(108)) - faebee73-6fc9-4d39-b720-b2e1861cfbae@group-3AC1221CEAE1-FollowerState: change to CANDIDATE, lastRpcTime:5008ms, electionTimeout:5008ms
2019-10-01 21:43:59,380 [Thread-2427] INFO  impl.RoleInfo (RoleInfo.java:shutdownFollowerState(121)) - faebee73-6fc9-4d39-b720-b2e1861cfbae: shutdown FollowerState
2019-10-01 21:43:59,380 [Thread-2427] INFO  impl.RaftServerImpl (RaftServerImpl.java:setRole(170)) - faebee73-6fc9-4d39-b720-b2e1861cfbae@group-3AC1221CEAE1: changes role from  FOLLOWER to CANDIDATE at term 0 for changeToCandidate
2019-10-01 21:43:59,380 [Thread-2427] INFO  impl.RoleInfo (RoleInfo.java:updateAndGet(143)) - faebee73-6fc9-4d39-b720-b2e1861cfbae: start LeaderElection
2019-10-01 21:43:59,393 [Thread-2419] INFO  impl.FollowerState (FollowerState.java:run(108)) - bda836b2-8a03-43ca-9b70-8d50bec81ffd@group-DCF80443D0BC-FollowerState: change to CANDIDATE, lastRpcTime:5128ms, electionTimeout:5126ms
2019-10-01 21:43:59,397 [Thread-2419] INFO  impl.RoleInfo (RoleInfo.java:shutdownFollowerState(121)) - bda836b2-8a03-43ca-9b70-8d50bec81ffd: shutdown FollowerState
2019-10-01 21:43:59,397 [Thread-2419] INFO  impl.RaftServerImpl (RaftServerImpl.java:setRole(170)) - bda836b2-8a03-43ca-9b70-8d50bec81ffd@group-DCF80443D0BC: changes role from  FOLLOWER to CANDIDATE at term 0 for changeToCandidate
2019-10-01 21:43:59,397 [Thread-2419] INFO  impl.RoleInfo (RoleInfo.java:updateAndGet(143)) - bda836b2-8a03-43ca-9b70-8d50bec81ffd: start LeaderElection
2019-10-01 21:43:59,410 [86600292-f7ad-4021-b353-636166237939@group-AF1810460DC1-SegmentedRaftLogWorker] INFO  segmented.SegmentedRaftLogWorker (SegmentedRaftLogWorker.java:execute(574)) - 86600292-f7ad-4021-b353-636166237939@group-AF1810460DC1-SegmentedRaftLogWorker: created new log segment /workdir/hadoop-ozone/integration-test/target/test-dir/MiniOzoneClusterImpl-324908f0-eb78-4759-b512-7767c3eea219/datanode-3/data/ratis/d38f18e7-9afe-46d1-8ebb-af1810460dc1/current/log_inprogress_0
2019-10-01 21:43:59,410 [faebee73-6fc9-4d39-b720-b2e1861cfbae@group-E0F97D879AE4-SegmentedRaftLogWorker] INFO  segmented.SegmentedRaftLogWorker (SegmentedRaftLogWorker.java:execute(574)) - faebee73-6fc9-4d39-b720-b2e1861cfbae@group-E0F97D879AE4-SegmentedRaftLogWorker: created new log segment /workdir/hadoop-ozone/integration-test/target/test-dir/MiniOzoneClusterImpl-324908f0-eb78-4759-b512-7767c3eea219/datanode-5/data/ratis/73c49a75-a419-48c5-981e-e0f97d879ae4/current/log_inprogress_0
2019-10-01 21:43:59,410 [faebee73-6fc9-4d39-b720-b2e1861cfbae@group-3AC1221CEAE1-LeaderElection75] INFO  impl.LeaderElection (LeaderElection.java:askForVotes(178)) - faebee73-6fc9-4d39-b720-b2e1861cfbae@group-3AC1221CEAE1-LeaderElection75: begin an election at term 1 for -1: [86600292-f7ad-4021-b353-636166237939:192.168.164.217:37313, bda836b2-8a03-43ca-9b70-8d50bec81ffd:192.168.164.217:35902, faebee73-6fc9-4d39-b720-b2e1861cfbae:192.168.164.217:39048], old=null
2019-10-01 21:43:59,410 [bda836b2-8a03-43ca-9b70-8d50bec81ffd@group-DCF80443D0BC-LeaderElection76] INFO  impl.LeaderElection (LeaderElection.java:askForVotes(178)) - bda836b2-8a03-43ca-9b70-8d50bec81ffd@group-DCF80443D0BC-LeaderElection76: begin an election at term 1 for -1: [bda836b2-8a03-43ca-9b70-8d50bec81ffd:192.168.164.217:35902], old=null
2019-10-01 21:43:59,410 [bda836b2-8a03-43ca-9b70-8d50bec81ffd@group-DCF80443D0BC-LeaderElection76] INFO  impl.RoleInfo (RoleInfo.java:shutdownLeaderElection(134)) - bda836b2-8a03-43ca-9b70-8d50bec81ffd: shutdown LeaderElection
2019-10-01 21:43:59,411 [bda836b2-8a03-43ca-9b70-8d50bec81ffd@group-DCF80443D0BC-LeaderElection76] INFO  impl.RaftServerImpl (RaftServerImpl.java:setRole(170)) - bda836b2-8a03-43ca-9b70-8d50bec81ffd@group-DCF80443D0BC: changes role from CANDIDATE to LEADER at term 1 for changeToLeader
2019-10-01 21:43:59,411 [bda836b2-8a03-43ca-9b70-8d50bec81ffd@group-DCF80443D0BC-LeaderElection76] INFO  impl.RaftServerImpl (ServerState.java:setLeader(255)) - bda836b2-8a03-43ca-9b70-8d50bec81ffd@group-DCF80443D0BC: change Leader from null to bda836b2-8a03-43ca-9b70-8d50bec81ffd at term 1 for becomeLeader, leader elected after 5152ms
2019-10-01 21:43:59,411 [bda836b2-8a03-43ca-9b70-8d50bec81ffd@group-DCF80443D0BC-LeaderElection76] INFO  server.RaftServerConfigKeys (ConfUtils.java:logGet(43)) - raft.server.staging.catchup.gap = 1000 (default)
2019-10-01 21:43:59,411 [bda836b2-8a03-43ca-9b70-8d50bec81ffd@group-DCF80443D0BC-LeaderElection76] INFO  server.RaftServerConfigKeys (ConfUtils.java:logGet(43)) - raft.server.rpc.sleep.time = 25ms (default)
2019-10-01 21:43:59,411 [bda836b2-8a03-43ca-9b70-8d50bec81ffd@group-DCF80443D0BC-LeaderElection76] INFO  server.RaftServerConfigKeys (ConfUtils.java:logGet(43)) - raft.server.write.element-limit = 4096 (default)
2019-10-01 21:43:59,411 [bda836b2-8a03-43ca-9b70-8d50bec81ffd@group-DCF80443D0BC-LeaderElection76] INFO  server.RaftServerConfigKeys (ConfUtils.java:logGet(43)) - raft.server.watch.timeout = 10s (default)
2019-10-01 21:43:59,411 [bda836b2-8a03-43ca-9b70-8d50bec81ffd@group-DCF80443D0BC-LeaderElection76] INFO  server.RaftServerConfigKeys (ConfUtils.java:logGet(43)) - raft.server.watch.timeout.denomination = 1s (default)
2019-10-01 21:43:59,411 [bda836b2-8a03-43ca-9b70-8d50bec81ffd@group-DCF80443D0BC-LeaderElection76] INFO  server.RaftServerConfigKeys (ConfUtils.java:logGet(43)) - raft.server.watch.element-limit = 65536 (default)
2019-10-01 21:43:59,415 [bda836b2-8a03-43ca-9b70-8d50bec81ffd@group-DCF80443D0BC-LeaderElection76] INFO  impl.RoleInfo (RoleInfo.java:updateAndGet(143)) - bda836b2-8a03-43ca-9b70-8d50bec81ffd: start LeaderState
2019-10-01 21:43:59,417 [grpc-default-executor-7] INFO  impl.RaftServerImpl (RaftServerImpl.java:setRole(170)) - 86600292-f7ad-4021-b353-636166237939@group-3AC1221CEAE1: changes role from  FOLLOWER to FOLLOWER at term 1 for recognizeCandidate:faebee73-6fc9-4d39-b720-b2e1861cfbae
2019-10-01 21:43:59,417 [bda836b2-8a03-43ca-9b70-8d50bec81ffd@group-DCF80443D0BC-LeaderElection76] INFO  segmented.SegmentedRaftLogWorker (SegmentedRaftLogWorker.java:startLogSegment(385)) - bda836b2-8a03-43ca-9b70-8d50bec81ffd@group-DCF80443D0BC-SegmentedRaftLogWorker: Starting segment from index:0
2019-10-01 21:43:59,417 [grpc-default-executor-7] INFO  impl.RoleInfo (RoleInfo.java:shutdownFollowerState(121)) - 86600292-f7ad-4021-b353-636166237939: shutdown FollowerState
2019-10-01 21:43:59,417 [grpc-default-executor-8] INFO  impl.RaftServerImpl (RaftServerImpl.java:setRole(170)) - bda836b2-8a03-43ca-9b70-8d50bec81ffd@group-3AC1221CEAE1: changes role from  FOLLOWER to FOLLOWER at term 1 for recognizeCandidate:faebee73-6fc9-4d39-b720-b2e1861cfbae
2019-10-01 21:43:59,418 [grpc-default-executor-8] INFO  impl.RoleInfo (RoleInfo.java:shutdownFollowerState(121)) - bda836b2-8a03-43ca-9b70-8d50bec81ffd: shutdown FollowerState
2019-10-01 21:43:59,418 [bda836b2-8a03-43ca-9b70-8d50bec81ffd@group-DCF80443D0BC-LeaderElection76] INFO  impl.RaftServerImpl (ServerState.java:setRaftConf(356)) - bda836b2-8a03-43ca-9b70-8d50bec81ffd@group-DCF80443D0BC: set configuration 0: [bda836b2-8a03-43ca-9b70-8d50bec81ffd:192.168.164.217:35902], old=null at 0
2019-10-01 21:43:59,418 [grpc-default-executor-7] INFO  impl.RoleInfo (RoleInfo.java:updateAndGet(143)) - 86600292-f7ad-4021-b353-636166237939: start FollowerState
2019-10-01 21:43:59,418 [Thread-2428] INFO  impl.FollowerState (FollowerState.java:run(117)) - bda836b2-8a03-43ca-9b70-8d50bec81ffd@group-3AC1221CEAE1-FollowerState was interrupted: java.lang.InterruptedException: sleep interrupted
2019-10-01 21:43:59,418 [grpc-default-executor-8] INFO  impl.RoleInfo (RoleInfo.java:updateAndGet(143)) - bda836b2-8a03-43ca-9b70-8d50bec81ffd: start FollowerState
2019-10-01 21:43:59,418 [Thread-2429] INFO  impl.FollowerState (FollowerState.java:run(117)) - 86600292-f7ad-4021-b353-636166237939@group-3AC1221CEAE1-FollowerState was interrupted: java.lang.InterruptedException: sleep interrupted
2019-10-01 21:43:59,455 [bda836b2-8a03-43ca-9b70-8d50bec81ffd@group-DCF80443D0BC-SegmentedRaftLogWorker] INFO  segmented.SegmentedRaftLogWorker (SegmentedRaftLogWorker.java:execute(574)) - bda836b2-8a03-43ca-9b70-8d50bec81ffd@group-DCF80443D0BC-SegmentedRaftLogWorker: created new log segment /workdir/hadoop-ozone/integration-test/target/test-dir/MiniOzoneClusterImpl-324908f0-eb78-4759-b512-7767c3eea219/datanode-4/data/ratis/c3213252-5a87-4513-9f6f-dcf80443d0bc/current/log_inprogress_0
2019-10-01 21:43:59,456 [faebee73-6fc9-4d39-b720-b2e1861cfbae@group-3AC1221CEAE1-LeaderElection75] INFO  impl.LeaderElection (LeaderElection.java:logAndReturn(56)) - faebee73-6fc9-4d39-b720-b2e1861cfbae@group-3AC1221CEAE1-LeaderElection75: Election PASSED; received 1 response(s) [faebee73-6fc9-4d39-b720-b2e1861cfbae<-bda836b2-8a03-43ca-9b70-8d50bec81ffd#0:OK-t1] and 0 exception(s); faebee73-6fc9-4d39-b720-b2e1861cfbae@group-3AC1221CEAE1:t1, leader=null, voted=faebee73-6fc9-4d39-b720-b2e1861cfbae, raftlog=faebee73-6fc9-4d39-b720-b2e1861cfbae@group-3AC1221CEAE1-SegmentedRaftLog:OPENED:c-1,f-1,i0, conf=-1: [86600292-f7ad-4021-b353-636166237939:192.168.164.217:37313, bda836b2-8a03-43ca-9b70-8d50bec81ffd:192.168.164.217:35902, faebee73-6fc9-4d39-b720-b2e1861cfbae:192.168.164.217:39048], old=null
2019-10-01 21:43:59,456 [faebee73-6fc9-4d39-b720-b2e1861cfbae@group-3AC1221CEAE1-LeaderElection75] INFO  impl.RoleInfo (RoleInfo.java:shutdownLeaderElection(134)) - faebee73-6fc9-4d39-b720-b2e1861cfbae: shutdown LeaderElection
2019-10-01 21:43:59,456 [faebee73-6fc9-4d39-b720-b2e1861cfbae@group-3AC1221CEAE1-LeaderElection75] INFO  impl.RaftServerImpl (RaftServerImpl.java:setRole(170)) - faebee73-6fc9-4d39-b720-b2e1861cfbae@group-3AC1221CEAE1: changes role from CANDIDATE to LEADER at term 1 for changeToLeader
2019-10-01 21:43:59,456 [faebee73-6fc9-4d39-b720-b2e1861cfbae@group-3AC1221CEAE1-LeaderElection75] INFO  impl.RaftServerImpl (ServerState.java:setLeader(255)) - faebee73-6fc9-4d39-b720-b2e1861cfbae@group-3AC1221CEAE1: change Leader from null to faebee73-6fc9-4d39-b720-b2e1861cfbae at term 1 for becomeLeader, leader elected after 5092ms
2019-10-01 21:43:59,456 [faebee73-6fc9-4d39-b720-b2e1861cfbae@group-3AC1221CEAE1-LeaderElection75] INFO  server.RaftServerConfigKeys (ConfUtils.java:logGet(43)) - raft.server.staging.catchup.gap = 1000 (default)
2019-10-01 21:43:59,457 [faebee73-6fc9-4d39-b720-b2e1861cfbae@group-3AC1221CEAE1-LeaderElection75] INFO  server.RaftServerConfigKeys (ConfUtils.java:logGet(43)) - raft.server.rpc.sleep.time = 25ms (default)
2019-10-01 21:43:59,457 [faebee73-6fc9-4d39-b720-b2e1861cfbae@group-3AC1221CEAE1-LeaderElection75] INFO  server.RaftServerConfigKeys (ConfUtils.java:logGet(43)) - raft.server.write.element-limit = 4096 (default)
2019-10-01 21:43:59,457 [faebee73-6fc9-4d39-b720-b2e1861cfbae@group-3AC1221CEAE1-LeaderElection75] INFO  server.RaftServerConfigKeys (ConfUtils.java:logGet(43)) - raft.server.watch.timeout = 10s (default)
2019-10-01 21:43:59,457 [faebee73-6fc9-4d39-b720-b2e1861cfbae@group-3AC1221CEAE1-LeaderElection75] INFO  server.RaftServerConfigKeys (ConfUtils.java:logGet(43)) - raft.server.watch.timeout.denomination = 1s (default)
2019-10-01 21:43:59,457 [faebee73-6fc9-4d39-b720-b2e1861cfbae@group-3AC1221CEAE1-LeaderElection75] INFO  server.RaftServerConfigKeys (ConfUtils.java:logGet(43)) - raft.server.watch.element-limit = 65536 (default)
2019-10-01 21:43:59,458 [faebee73-6fc9-4d39-b720-b2e1861cfbae@group-3AC1221CEAE1-LeaderElection75] INFO  server.RaftServerConfigKeys (ConfUtils.java:logGet(43)) - raft.server.log.appender.snapshot.chunk.size.max = 16MB (=16777216) (default)
2019-10-01 21:43:59,459 [faebee73-6fc9-4d39-b720-b2e1861cfbae@group-3AC1221CEAE1-LeaderElection75] INFO  server.RaftServerConfigKeys (ConfUtils.java:logGet(43)) - raft.server.log.appender.buffer.byte-limit = 33554432 (custom)
2019-10-01 21:43:59,459 [faebee73-6fc9-4d39-b720-b2e1861cfbae@group-3AC1221CEAE1-LeaderElection75] INFO  server.RaftServerConfigKeys (ConfUtils.java:logGet(43)) - raft.server.log.appender.buffer.element-limit = 1 (custom)
2019-10-01 21:43:59,459 [faebee73-6fc9-4d39-b720-b2e1861cfbae@group-3AC1221CEAE1-LeaderElection75] INFO  grpc.GrpcConfigKeys$Server (ConfUtils.java:logGet(43)) - raft.grpc.server.leader.outstanding.appends.max = 128 (default)
2019-10-01 21:43:59,459 [faebee73-6fc9-4d39-b720-b2e1861cfbae@group-3AC1221CEAE1-LeaderElection75] INFO  server.RaftServerConfigKeys (ConfUtils.java:logGet(43)) - raft.server.rpc.request.timeout = 3000ms (default)
2019-10-01 21:43:59,459 [faebee73-6fc9-4d39-b720-b2e1861cfbae@group-3AC1221CEAE1-LeaderElection75] INFO  server.RaftServerConfigKeys (ConfUtils.java:logGet(43)) - raft.server.log.appender.install.snapshot.enabled = false (custom)
2019-10-01 21:43:59,459 [faebee73-6fc9-4d39-b720-b2e1861cfbae@group-3AC1221CEAE1-LeaderElection75] INFO  server.RaftServerConfigKeys (ConfUtils.java:logGet(43)) - raft.server.log.appender.snapshot.chunk.size.max = 16MB (=16777216) (default)
2019-10-01 21:43:59,459 [faebee73-6fc9-4d39-b720-b2e1861cfbae@group-3AC1221CEAE1-LeaderElection75] INFO  server.RaftServerConfigKeys (ConfUtils.java:logGet(43)) - raft.server.log.appender.buffer.byte-limit = 33554432 (custom)
2019-10-01 21:43:59,460 [faebee73-6fc9-4d39-b720-b2e1861cfbae@group-3AC1221CEAE1-LeaderElection75] INFO  server.RaftServerConfigKeys (ConfUtils.java:logGet(43)) - raft.server.log.appender.buffer.element-limit = 1 (custom)
2019-10-01 21:43:59,460 [faebee73-6fc9-4d39-b720-b2e1861cfbae@group-3AC1221CEAE1-LeaderElection75] INFO  grpc.GrpcConfigKeys$Server (ConfUtils.java:logGet(43)) - raft.grpc.server.leader.outstanding.appends.max = 128 (default)
2019-10-01 21:43:59,460 [faebee73-6fc9-4d39-b720-b2e1861cfbae@group-3AC1221CEAE1-LeaderElection75] INFO  server.RaftServerConfigKeys (ConfUtils.java:logGet(43)) - raft.server.rpc.request.timeout = 3000ms (default)
2019-10-01 21:43:59,460 [faebee73-6fc9-4d39-b720-b2e1861cfbae@group-3AC1221CEAE1-LeaderElection75] INFO  server.RaftServerConfigKeys (ConfUtils.java:logGet(43)) - raft.server.log.appender.install.snapshot.enabled = false (custom)
2019-10-01 21:43:59,460 [faebee73-6fc9-4d39-b720-b2e1861cfbae@group-3AC1221CEAE1-LeaderElection75] INFO  impl.RoleInfo (RoleInfo.java:updateAndGet(143)) - faebee73-6fc9-4d39-b720-b2e1861cfbae: start LeaderState
2019-10-01 21:43:59,460 [faebee73-6fc9-4d39-b720-b2e1861cfbae@group-3AC1221CEAE1-LeaderElection75] INFO  segmented.SegmentedRaftLogWorker (SegmentedRaftLogWorker.java:startLogSegment(385)) - faebee73-6fc9-4d39-b720-b2e1861cfbae@group-3AC1221CEAE1-SegmentedRaftLogWorker: Starting segment from index:0
2019-10-01 21:43:59,461 [faebee73-6fc9-4d39-b720-b2e1861cfbae@group-3AC1221CEAE1-LeaderElection75] INFO  impl.RaftServerImpl (ServerState.java:setRaftConf(356)) - faebee73-6fc9-4d39-b720-b2e1861cfbae@group-3AC1221CEAE1: set configuration 0: [86600292-f7ad-4021-b353-636166237939:192.168.164.217:37313, bda836b2-8a03-43ca-9b70-8d50bec81ffd:192.168.164.217:35902, faebee73-6fc9-4d39-b720-b2e1861cfbae:192.168.164.217:39048], old=null at 0
2019-10-01 21:43:59,463 [grpc-default-executor-7] INFO  impl.RaftServerImpl (ServerState.java:setLeader(255)) - 86600292-f7ad-4021-b353-636166237939@group-3AC1221CEAE1: change Leader from null to faebee73-6fc9-4d39-b720-b2e1861cfbae at term 1 for appendEntries, leader elected after 5098ms
2019-10-01 21:43:59,463 [grpc-default-executor-8] INFO  impl.RaftServerImpl (ServerState.java:setLeader(255)) - bda836b2-8a03-43ca-9b70-8d50bec81ffd@group-3AC1221CEAE1: change Leader from null to faebee73-6fc9-4d39-b720-b2e1861cfbae at term 1 for appendEntries, leader elected after 5099ms
2019-10-01 21:43:59,493 [grpc-default-executor-7] INFO  impl.RaftServerImpl (ServerState.java:setRaftConf(356)) - bda836b2-8a03-43ca-9b70-8d50bec81ffd@group-3AC1221CEAE1: set configuration 0: [86600292-f7ad-4021-b353-636166237939:192.168.164.217:37313, bda836b2-8a03-43ca-9b70-8d50bec81ffd:192.168.164.217:35902, faebee73-6fc9-4d39-b720-b2e1861cfbae:192.168.164.217:39048], old=null at 0
2019-10-01 21:43:59,493 [grpc-default-executor-7] INFO  segmented.SegmentedRaftLogWorker (SegmentedRaftLogWorker.java:startLogSegment(385)) - bda836b2-8a03-43ca-9b70-8d50bec81ffd@group-3AC1221CEAE1-SegmentedRaftLogWorker: Starting segment from index:0
2019-10-01 21:43:59,493 [grpc-default-executor-8] INFO  impl.RaftServerImpl (ServerState.java:setRaftConf(356)) - 86600292-f7ad-4021-b353-636166237939@group-3AC1221CEAE1: set configuration 0: [86600292-f7ad-4021-b353-636166237939:192.168.164.217:37313, bda836b2-8a03-43ca-9b70-8d50bec81ffd:192.168.164.217:35902, faebee73-6fc9-4d39-b720-b2e1861cfbae:192.168.164.217:39048], old=null at 0
2019-10-01 21:43:59,493 [grpc-default-executor-8] INFO  segmented.SegmentedRaftLogWorker (SegmentedRaftLogWorker.java:startLogSegment(385)) - 86600292-f7ad-4021-b353-636166237939@group-3AC1221CEAE1-SegmentedRaftLogWorker: Starting segment from index:0
2019-10-01 21:43:59,500 [faebee73-6fc9-4d39-b720-b2e1861cfbae@group-3AC1221CEAE1-SegmentedRaftLogWorker] INFO  segmented.SegmentedRaftLogWorker (SegmentedRaftLogWorker.java:execute(574)) - faebee73-6fc9-4d39-b720-b2e1861cfbae@group-3AC1221CEAE1-SegmentedRaftLogWorker: created new log segment /workdir/hadoop-ozone/integration-test/target/test-dir/MiniOzoneClusterImpl-324908f0-eb78-4759-b512-7767c3eea219/datanode-5/data/ratis/e5e95ce3-9a13-4bdd-bb9c-3ac1221ceae1/current/log_inprogress_0
2019-10-01 21:43:59,543 [86600292-f7ad-4021-b353-636166237939@group-3AC1221CEAE1-SegmentedRaftLogWorker] INFO  segmented.SegmentedRaftLogWorker (SegmentedRaftLogWorker.java:execute(574)) - 86600292-f7ad-4021-b353-636166237939@group-3AC1221CEAE1-SegmentedRaftLogWorker: created new log segment /workdir/hadoop-ozone/integration-test/target/test-dir/MiniOzoneClusterImpl-324908f0-eb78-4759-b512-7767c3eea219/datanode-3/data/ratis/e5e95ce3-9a13-4bdd-bb9c-3ac1221ceae1/current/log_inprogress_0
2019-10-01 21:43:59,544 [bda836b2-8a03-43ca-9b70-8d50bec81ffd@group-3AC1221CEAE1-SegmentedRaftLogWorker] INFO  segmented.SegmentedRaftLogWorker (SegmentedRaftLogWorker.java:execute(574)) - bda836b2-8a03-43ca-9b70-8d50bec81ffd@group-3AC1221CEAE1-SegmentedRaftLogWorker: created new log segment /workdir/hadoop-ozone/integration-test/target/test-dir/MiniOzoneClusterImpl-324908f0-eb78-4759-b512-7767c3eea219/datanode-4/data/ratis/e5e95ce3-9a13-4bdd-bb9c-3ac1221ceae1/current/log_inprogress_0
2019-10-01 21:44:00,606 [Datanode State Machine Thread - 0] INFO  statemachine.DatanodeStateMachine (DatanodeStateMachine.java:lambda$startDaemon$0(350)) - Ozone container server started.
2019-10-01 21:44:04,620 [main] INFO  ozoneimpl.OzoneContainer (OzoneContainer.java:stop(231)) - Attempting to stop container services.
2019-10-01 21:44:04,621 [main] INFO  impl.RaftServerProxy (RaftServerProxy.java:lambda$close$4(314)) - c75aff3d-5022-45ef-b320-4144306dc30a: close
2019-10-01 21:44:04,622 [main] INFO  impl.RaftServerImpl (RaftServerImpl.java:lambda$shutdown$3(247)) - c75aff3d-5022-45ef-b320-4144306dc30a@group-E5642A6D24C2: shutdown
2019-10-01 21:44:04,622 [ForkJoinPool.commonPool-worker-0] INFO  impl.RaftServerImpl (RaftServerImpl.java:lambda$shutdown$3(247)) - c75aff3d-5022-45ef-b320-4144306dc30a@group-0C3DB09CDE6D: shutdown
2019-10-01 21:44:04,622 [main] INFO  util.JmxRegister (JmxRegister.java:unregister(73)) - Successfully un-registered JMX Bean with object name Ratis:service=RaftServer,group=group-E5642A6D24C2,id=c75aff3d-5022-45ef-b320-4144306dc30a
2019-10-01 21:44:04,622 [main] INFO  impl.RoleInfo (RoleInfo.java:shutdownLeaderState(104)) - c75aff3d-5022-45ef-b320-4144306dc30a: shutdown LeaderState
2019-10-01 21:44:04,622 [ForkJoinPool.commonPool-worker-0] INFO  util.JmxRegister (JmxRegister.java:unregister(73)) - Successfully un-registered JMX Bean with object name Ratis:service=RaftServer,group=group-0C3DB09CDE6D,id=c75aff3d-5022-45ef-b320-4144306dc30a
2019-10-01 21:44:04,635 [org.apache.ratis.server.impl.LogAppender$AppenderDaemon$$Lambda$563/1176940062@4a15cd8b] WARN  server.GrpcLogAppender (GrpcLogAppender.java:mayWait(143)) - c75aff3d-5022-45ef-b320-4144306dc30a@group-E5642A6D24C2->92876efe-7aa2-43ca-94f1-8ffe97e46a24-GrpcLogAppender: Wait interrupted by java.lang.InterruptedException
2019-10-01 21:44:04,631 [main] INFO  impl.PendingRequests (PendingRequests.java:sendNotLeaderResponses(202)) - c75aff3d-5022-45ef-b320-4144306dc30a@group-E5642A6D24C2-PendingRequests: sendNotLeaderResponses
2019-10-01 21:44:04,628 [org.apache.ratis.server.impl.LogAppender$AppenderDaemon$$Lambda$563/1176940062@1dea5918] WARN  server.GrpcLogAppender (GrpcLogAppender.java:mayWait(143)) - c75aff3d-5022-45ef-b320-4144306dc30a@group-E5642A6D24C2->b29c2709-9c70-4172-98f7-730f006f77cf-GrpcLogAppender: Wait interrupted by java.lang.InterruptedException
2019-10-01 21:44:04,645 [grpc-default-executor-8] INFO  server.GrpcServerProtocolService (GrpcServerProtocolService.java:onCompleted(113)) - 92876efe-7aa2-43ca-94f1-8ffe97e46a24: Completed APPEND_ENTRIES, lastRequest: c75aff3d-5022-45ef-b320-4144306dc30a->92876efe-7aa2-43ca-94f1-8ffe97e46a24#5-t1, previous=(t:1, i:2), leaderCommit=2, initializing? false, entries: <empty>
2019-10-01 21:44:04,644 [ForkJoinPool.commonPool-worker-0] INFO  impl.RoleInfo (RoleInfo.java:shutdownLeaderState(104)) - c75aff3d-5022-45ef-b320-4144306dc30a: shutdown LeaderState
2019-10-01 21:44:04,655 [main] INFO  impl.StateMachineUpdater (StateMachineUpdater.java:stopAndJoin(136)) - c75aff3d-5022-45ef-b320-4144306dc30a@group-E5642A6D24C2-StateMachineUpdater: set stopIndex = 2
2019-10-01 21:44:04,655 [grpc-default-executor-8] INFO  server.GrpcLogAppender (GrpcLogAppender.java:onCompleted(293)) - c75aff3d-5022-45ef-b320-4144306dc30a@group-E5642A6D24C2->92876efe-7aa2-43ca-94f1-8ffe97e46a24-AppendLogResponseHandler: follower responses appendEntries COMPLETED
2019-10-01 21:44:04,655 [ForkJoinPool.commonPool-worker-0] INFO  impl.PendingRequests (PendingRequests.java:sendNotLeaderResponses(202)) - c75aff3d-5022-45ef-b320-4144306dc30a@group-0C3DB09CDE6D-PendingRequests: sendNotLeaderResponses
2019-10-01 21:44:04,657 [ForkJoinPool.commonPool-worker-0] INFO  impl.StateMachineUpdater (StateMachineUpdater.java:stopAndJoin(136)) - c75aff3d-5022-45ef-b320-4144306dc30a@group-0C3DB09CDE6D-StateMachineUpdater: set stopIndex = 0
2019-10-01 21:44:04,658 [ForkJoinPool.commonPool-worker-0] INFO  impl.RaftServerImpl (ServerState.java:close(387)) - c75aff3d-5022-45ef-b320-4144306dc30a@group-0C3DB09CDE6D: closes. applyIndex: 0
2019-10-01 21:44:04,658 [grpc-default-executor-8] INFO  impl.FollowerInfo (FollowerInfo.java:lambda$new$0(51)) - c75aff3d-5022-45ef-b320-4144306dc30a@group-E5642A6D24C2->92876efe-7aa2-43ca-94f1-8ffe97e46a24: nextIndex: updateUnconditionally 3 -> 2
2019-10-01 21:44:04,658 [c75aff3d-5022-45ef-b320-4144306dc30a@group-0C3DB09CDE6D-SegmentedRaftLogWorker] INFO  segmented.SegmentedRaftLogWorker (SegmentedRaftLogWorker.java:run(316)) - c75aff3d-5022-45ef-b320-4144306dc30a@group-0C3DB09CDE6D-SegmentedRaftLogWorker was interrupted, exiting. There are 0 tasks remaining in the queue.
2019-10-01 21:44:04,655 [grpc-default-executor-1] INFO  server.GrpcServerProtocolService (GrpcServerProtocolService.java:onCompleted(113)) - b29c2709-9c70-4172-98f7-730f006f77cf: Completed APPEND_ENTRIES, lastRequest: c75aff3d-5022-45ef-b320-4144306dc30a->b29c2709-9c70-4172-98f7-730f006f77cf#5-t1, previous=(t:1, i:2), leaderCommit=2, initializing? false, entries: <empty>
2019-10-01 21:44:04,655 [c75aff3d-5022-45ef-b320-4144306dc30a@group-E5642A6D24C2-StateMachineUpdater] INFO  ratis.ContainerStateMachine (ContainerStateMachine.java:takeSnapshot(289)) - group-E5642A6D24C2: Taking a snapshot at:(t:1, i:2) file /workdir/hadoop-ozone/integration-test/target/test-dir/MiniOzoneClusterImpl-324908f0-eb78-4759-b512-7767c3eea219/datanode-0/data/ratis/e8baea6a-cfa8-4f9b-988a-e5642a6d24c2/sm/snapshot.1_2
2019-10-01 21:44:04,668 [grpc-default-executor-8] INFO  server.GrpcLogAppender (GrpcLogAppender.java:onCompleted(293)) - c75aff3d-5022-45ef-b320-4144306dc30a@group-E5642A6D24C2->b29c2709-9c70-4172-98f7-730f006f77cf-AppendLogResponseHandler: follower responses appendEntries COMPLETED
2019-10-01 21:44:04,669 [grpc-default-executor-8] INFO  impl.FollowerInfo (FollowerInfo.java:lambda$new$0(51)) - c75aff3d-5022-45ef-b320-4144306dc30a@group-E5642A6D24C2->b29c2709-9c70-4172-98f7-730f006f77cf: nextIndex: updateUnconditionally 3 -> 2
2019-10-01 21:44:04,672 [ForkJoinPool.commonPool-worker-0] INFO  segmented.SegmentedRaftLogWorker (SegmentedRaftLogWorker.java:close(224)) - c75aff3d-5022-45ef-b320-4144306dc30a@group-0C3DB09CDE6D-SegmentedRaftLogWorker close()
2019-10-01 21:44:04,709 [c75aff3d-5022-45ef-b320-4144306dc30a@group-E5642A6D24C2-StateMachineUpdater] INFO  ratis.ContainerStateMachine (ContainerStateMachine.java:takeSnapshot(300)) - group-E5642A6D24C2: Finished taking a snapshot at:(t:1, i:2) file:/workdir/hadoop-ozone/integration-test/target/test-dir/MiniOzoneClusterImpl-324908f0-eb78-4759-b512-7767c3eea219/datanode-0/data/ratis/e8baea6a-cfa8-4f9b-988a-e5642a6d24c2/sm/snapshot.1_2 time:54
2019-10-01 21:44:04,710 [c75aff3d-5022-45ef-b320-4144306dc30a@group-E5642A6D24C2-StateMachineUpdater] INFO  impl.StateMachineUpdater (StateMachineUpdater.java:takeSnapshot(269)) - c75aff3d-5022-45ef-b320-4144306dc30a@group-E5642A6D24C2-StateMachineUpdater: Took a snapshot at index 2
2019-10-01 21:44:04,710 [c75aff3d-5022-45ef-b320-4144306dc30a@group-E5642A6D24C2-StateMachineUpdater] INFO  impl.StateMachineUpdater (StateMachineUpdater.java:lambda$new$0(84)) - c75aff3d-5022-45ef-b320-4144306dc30a@group-E5642A6D24C2-StateMachineUpdater: snapshotIndex: updateIncreasingly -1 -> 2
2019-10-01 21:44:04,710 [main] INFO  impl.RaftServerImpl (ServerState.java:close(387)) - c75aff3d-5022-45ef-b320-4144306dc30a@group-E5642A6D24C2: closes. applyIndex: 2
2019-10-01 21:44:04,711 [c75aff3d-5022-45ef-b320-4144306dc30a@group-E5642A6D24C2-SegmentedRaftLogWorker] INFO  segmented.SegmentedRaftLogWorker (SegmentedRaftLogWorker.java:run(316)) - c75aff3d-5022-45ef-b320-4144306dc30a@group-E5642A6D24C2-SegmentedRaftLogWorker was interrupted, exiting. There are 0 tasks remaining in the queue.
2019-10-01 21:44:04,711 [main] INFO  segmented.SegmentedRaftLogWorker (SegmentedRaftLogWorker.java:close(224)) - c75aff3d-5022-45ef-b320-4144306dc30a@group-E5642A6D24C2-SegmentedRaftLogWorker close()
2019-10-01 21:44:04,727 [main] INFO  server.GrpcService (GrpcService.java:closeImpl(164)) - c75aff3d-5022-45ef-b320-4144306dc30a: shutdown server with port 44549 now
2019-10-01 21:44:04,728 [main] INFO  server.GrpcService (GrpcService.java:closeImpl(172)) - c75aff3d-5022-45ef-b320-4144306dc30a: shutdown server with port 44549 successfully
2019-10-01 21:44:04,737 [refreshUsed-/workdir/hadoop-ozone/integration-test/target/test-dir/MiniOzoneClusterImpl-324908f0-eb78-4759-b512-7767c3eea219/datanode-0/data/containers] WARN  fs.CachingGetSpaceUsed (CachingGetSpaceUsed.java:run(183)) - Thread Interrupted waiting to refresh disk information: sleep interrupted
2019-10-01 21:44:04,749 [main] INFO  utils.BackgroundService (BackgroundService.java:shutdown(148)) - Shutting down service BlockDeletingService
2019-10-01 21:44:04,755 [main] INFO  statemachine.DatanodeStateMachine (DatanodeStateMachine.java:stopDaemon(395)) - Ozone container server stopped.
2019-10-01 21:44:04,756 [main] INFO  handler.ContextHandler (ContextHandler.java:doStop(910)) - Stopped o.e.j.w.WebAppContext@3c54ddec{/,null,UNAVAILABLE}{/hddsDatanode}
2019-10-01 21:44:04,757 [main] INFO  server.AbstractConnector (AbstractConnector.java:doStop(318)) - Stopped ServerConnector@6d69a0d3{HTTP/1.1,[http/1.1]}{0.0.0.0:0}
2019-10-01 21:44:04,757 [main] INFO  handler.ContextHandler (ContextHandler.java:doStop(910)) - Stopped o.e.j.s.ServletContextHandler@36224f93{/static,jar:file:/home/user/.m2/repository/org/apache/hadoop/hadoop-hdds-container-service/0.5.0-SNAPSHOT/hadoop-hdds-container-service-0.5.0-SNAPSHOT.jar!/webapps/static,UNAVAILABLE}
2019-10-01 21:44:04,757 [main] INFO  handler.ContextHandler (ContextHandler.java:doStop(910)) - Stopped o.e.j.s.ServletContextHandler@1a2ac487{/logs,file:///workdir/hadoop-ozone/integration-test/target/log,UNAVAILABLE}
2019-10-01 21:44:14,528 [Thread-2455] INFO  impl.FollowerState (FollowerState.java:run(108)) - 92876efe-7aa2-43ca-94f1-8ffe97e46a24@group-E5642A6D24C2-FollowerState: change to CANDIDATE, lastRpcTime:10020ms, electionTimeout:5113ms
2019-10-01 21:44:14,528 [Thread-2455] INFO  impl.RoleInfo (RoleInfo.java:shutdownFollowerState(121)) - 92876efe-7aa2-43ca-94f1-8ffe97e46a24: shutdown FollowerState
2019-10-01 21:44:14,528 [Thread-2455] INFO  impl.RaftServerImpl (RaftServerImpl.java:setRole(170)) - 92876efe-7aa2-43ca-94f1-8ffe97e46a24@group-E5642A6D24C2: changes role from  FOLLOWER to CANDIDATE at term 1 for changeToCandidate
2019-10-01 21:44:14,529 [Thread-2455] INFO  impl.RoleInfo (RoleInfo.java:updateAndGet(143)) - 92876efe-7aa2-43ca-94f1-8ffe97e46a24: start LeaderElection
2019-10-01 21:44:14,531 [92876efe-7aa2-43ca-94f1-8ffe97e46a24@group-E5642A6D24C2-LeaderElection77] INFO  impl.RaftServerImpl (ServerState.java:setLeader(255)) - 92876efe-7aa2-43ca-94f1-8ffe97e46a24@group-E5642A6D24C2: change Leader from c75aff3d-5022-45ef-b320-4144306dc30a to null at term 1 for initElection
2019-10-01 21:44:14,544 [92876efe-7aa2-43ca-94f1-8ffe97e46a24@group-E5642A6D24C2-LeaderElection77] INFO  impl.LeaderElection (LeaderElection.java:askForVotes(178)) - 92876efe-7aa2-43ca-94f1-8ffe97e46a24@group-E5642A6D24C2-LeaderElection77: begin an election at term 2 for 0: [c75aff3d-5022-45ef-b320-4144306dc30a:192.168.164.217:44549, b29c2709-9c70-4172-98f7-730f006f77cf:192.168.164.217:46333, 92876efe-7aa2-43ca-94f1-8ffe97e46a24:192.168.164.217:39848], old=null
2019-10-01 21:44:14,546 [92876efe-7aa2-43ca-94f1-8ffe97e46a24@group-E5642A6D24C2-LeaderElection77] INFO  impl.LeaderElection (LogUtils.java:infoOrTrace(149)) - 92876efe-7aa2-43ca-94f1-8ffe97e46a24@group-E5642A6D24C2-LeaderElection77 got exception when requesting votes: {}
java.util.concurrent.ExecutionException: org.apache.ratis.thirdparty.io.grpc.StatusRuntimeException: UNAVAILABLE: io exception
	at java.util.concurrent.FutureTask.report(FutureTask.java:122)
	at java.util.concurrent.FutureTask.get(FutureTask.java:192)
	at org.apache.ratis.server.impl.LeaderElection.waitForResults(LeaderElection.java:259)
	at org.apache.ratis.server.impl.LeaderElection.askForVotes(LeaderElection.java:197)
	at org.apache.ratis.server.impl.LeaderElection.run(LeaderElection.java:133)
	at java.lang.Thread.run(Thread.java:748)
Caused by: org.apache.ratis.thirdparty.io.grpc.StatusRuntimeException: UNAVAILABLE: io exception
	at org.apache.ratis.thirdparty.io.grpc.stub.ClientCalls.toStatusRuntimeException(ClientCalls.java:233)
	at org.apache.ratis.thirdparty.io.grpc.stub.ClientCalls.getUnchecked(ClientCalls.java:214)
	at org.apache.ratis.thirdparty.io.grpc.stub.ClientCalls.blockingUnaryCall(ClientCalls.java:139)
	at org.apache.ratis.proto.grpc.RaftServerProtocolServiceGrpc$RaftServerProtocolServiceBlockingStub.requestVote(RaftServerProtocolServiceGrpc.java:265)
	at org.apache.ratis.grpc.server.GrpcServerProtocolClient.requestVote(GrpcServerProtocolClient.java:99)
	at org.apache.ratis.grpc.server.GrpcService.requestVote(GrpcService.java:204)
	at org.apache.ratis.server.impl.LeaderElection.lambda$submitRequests$1(LeaderElection.java:234)
	at java.util.concurrent.FutureTask.run(FutureTask.java:266)
	at java.util.concurrent.Executors$RunnableAdapter.call(Executors.java:511)
	at java.util.concurrent.FutureTask.run(FutureTask.java:266)
	at java.util.concurrent.ThreadPoolExecutor.runWorker(ThreadPoolExecutor.java:1149)
	at java.util.concurrent.ThreadPoolExecutor$Worker.run(ThreadPoolExecutor.java:624)
	... 1 more
Caused by: org.apache.ratis.thirdparty.io.netty.channel.AbstractChannel$AnnotatedConnectException: Connection refused: /192.168.164.217:44549
	at sun.nio.ch.SocketChannelImpl.checkConnect(Native Method)
	at sun.nio.ch.SocketChannelImpl.finishConnect(SocketChannelImpl.java:717)
	at org.apache.ratis.thirdparty.io.netty.channel.socket.nio.NioSocketChannel.doFinishConnect(NioSocketChannel.java:327)
	at org.apache.ratis.thirdparty.io.netty.channel.nio.AbstractNioChannel$AbstractNioUnsafe.finishConnect(AbstractNioChannel.java:340)
	at org.apache.ratis.thirdparty.io.netty.channel.nio.NioEventLoop.processSelectedKey(NioEventLoop.java:632)
	at org.apache.ratis.thirdparty.io.netty.channel.nio.NioEventLoop.processSelectedKeysOptimized(NioEventLoop.java:579)
	at org.apache.ratis.thirdparty.io.netty.channel.nio.NioEventLoop.processSelectedKeys(NioEventLoop.java:496)
	at org.apache.ratis.thirdparty.io.netty.channel.nio.NioEventLoop.run(NioEventLoop.java:458)
	at org.apache.ratis.thirdparty.io.netty.util.concurrent.SingleThreadEventExecutor$5.run(SingleThreadEventExecutor.java:897)
	at org.apache.ratis.thirdparty.io.netty.util.concurrent.FastThreadLocalRunnable.run(FastThreadLocalRunnable.java:30)
	... 1 more
Caused by: java.net.ConnectException: Connection refused
	... 11 more
2019-10-01 21:44:14,550 [grpc-default-executor-1] INFO  impl.RaftServerImpl (ServerState.java:setLeader(255)) - b29c2709-9c70-4172-98f7-730f006f77cf@group-E5642A6D24C2: change Leader from c75aff3d-5022-45ef-b320-4144306dc30a to null at term 2 for updateCurrentTerm
2019-10-01 21:44:14,550 [grpc-default-executor-1] INFO  impl.RaftServerImpl (RaftServerImpl.java:setRole(170)) - b29c2709-9c70-4172-98f7-730f006f77cf@group-E5642A6D24C2: changes role from  FOLLOWER to FOLLOWER at term 2 for recognizeCandidate:92876efe-7aa2-43ca-94f1-8ffe97e46a24
2019-10-01 21:44:14,550 [grpc-default-executor-1] INFO  impl.RoleInfo (RoleInfo.java:shutdownFollowerState(121)) - b29c2709-9c70-4172-98f7-730f006f77cf: shutdown FollowerState
2019-10-01 21:44:14,550 [grpc-default-executor-1] INFO  impl.RoleInfo (RoleInfo.java:updateAndGet(143)) - b29c2709-9c70-4172-98f7-730f006f77cf: start FollowerState
2019-10-01 21:44:14,550 [Thread-2454] INFO  impl.FollowerState (FollowerState.java:run(117)) - b29c2709-9c70-4172-98f7-730f006f77cf@group-E5642A6D24C2-FollowerState was interrupted: java.lang.InterruptedException: sleep interrupted
2019-10-01 21:44:14,567 [92876efe-7aa2-43ca-94f1-8ffe97e46a24@group-E5642A6D24C2-LeaderElection77] INFO  impl.LeaderElection (LeaderElection.java:logAndReturn(56)) - 92876efe-7aa2-43ca-94f1-8ffe97e46a24@group-E5642A6D24C2-LeaderElection77: Election PASSED; received 1 response(s) [92876efe-7aa2-43ca-94f1-8ffe97e46a24<-b29c2709-9c70-4172-98f7-730f006f77cf#0:OK-t2] and 1 exception(s); 92876efe-7aa2-43ca-94f1-8ffe97e46a24@group-E5642A6D24C2:t2, leader=null, voted=92876efe-7aa2-43ca-94f1-8ffe97e46a24, raftlog=92876efe-7aa2-43ca-94f1-8ffe97e46a24@group-E5642A6D24C2-SegmentedRaftLog:OPENED:c2,f2,i2, conf=0: [c75aff3d-5022-45ef-b320-4144306dc30a:192.168.164.217:44549, b29c2709-9c70-4172-98f7-730f006f77cf:192.168.164.217:46333, 92876efe-7aa2-43ca-94f1-8ffe97e46a24:192.168.164.217:39848], old=null
2019-10-01 21:44:14,567 [92876efe-7aa2-43ca-94f1-8ffe97e46a24@group-E5642A6D24C2-LeaderElection77] INFO  impl.LeaderElection (LogUtils.java:infoOrTrace(149)) -   Exception 0: {}
java.util.concurrent.ExecutionException: org.apache.ratis.thirdparty.io.grpc.StatusRuntimeException: UNAVAILABLE: io exception
	at java.util.concurrent.FutureTask.report(FutureTask.java:122)
	at java.util.concurrent.FutureTask.get(FutureTask.java:192)
	at org.apache.ratis.server.impl.LeaderElection.waitForResults(LeaderElection.java:259)
	at org.apache.ratis.server.impl.LeaderElection.askForVotes(LeaderElection.java:197)
	at org.apache.ratis.server.impl.LeaderElection.run(LeaderElection.java:133)
	at java.lang.Thread.run(Thread.java:748)
Caused by: org.apache.ratis.thirdparty.io.grpc.StatusRuntimeException: UNAVAILABLE: io exception
	at org.apache.ratis.thirdparty.io.grpc.stub.ClientCalls.toStatusRuntimeException(ClientCalls.java:233)
	at org.apache.ratis.thirdparty.io.grpc.stub.ClientCalls.getUnchecked(ClientCalls.java:214)
	at org.apache.ratis.thirdparty.io.grpc.stub.ClientCalls.blockingUnaryCall(ClientCalls.java:139)
	at org.apache.ratis.proto.grpc.RaftServerProtocolServiceGrpc$RaftServerProtocolServiceBlockingStub.requestVote(RaftServerProtocolServiceGrpc.java:265)
	at org.apache.ratis.grpc.server.GrpcServerProtocolClient.requestVote(GrpcServerProtocolClient.java:99)
	at org.apache.ratis.grpc.server.GrpcService.requestVote(GrpcService.java:204)
	at org.apache.ratis.server.impl.LeaderElection.lambda$submitRequests$1(LeaderElection.java:234)
	at java.util.concurrent.FutureTask.run(FutureTask.java:266)
	at java.util.concurrent.Executors$RunnableAdapter.call(Executors.java:511)
	at java.util.concurrent.FutureTask.run(FutureTask.java:266)
	at java.util.concurrent.ThreadPoolExecutor.runWorker(ThreadPoolExecutor.java:1149)
	at java.util.concurrent.ThreadPoolExecutor$Worker.run(ThreadPoolExecutor.java:624)
	... 1 more
Caused by: org.apache.ratis.thirdparty.io.netty.channel.AbstractChannel$AnnotatedConnectException: Connection refused: /192.168.164.217:44549
	at sun.nio.ch.SocketChannelImpl.checkConnect(Native Method)
	at sun.nio.ch.SocketChannelImpl.finishConnect(SocketChannelImpl.java:717)
	at org.apache.ratis.thirdparty.io.netty.channel.socket.nio.NioSocketChannel.doFinishConnect(NioSocketChannel.java:327)
	at org.apache.ratis.thirdparty.io.netty.channel.nio.AbstractNioChannel$AbstractNioUnsafe.finishConnect(AbstractNioChannel.java:340)
	at org.apache.ratis.thirdparty.io.netty.channel.nio.NioEventLoop.processSelectedKey(NioEventLoop.java:632)
	at org.apache.ratis.thirdparty.io.netty.channel.nio.NioEventLoop.processSelectedKeysOptimized(NioEventLoop.java:579)
	at org.apache.ratis.thirdparty.io.netty.channel.nio.NioEventLoop.processSelectedKeys(NioEventLoop.java:496)
	at org.apache.ratis.thirdparty.io.netty.channel.nio.NioEventLoop.run(NioEventLoop.java:458)
	at org.apache.ratis.thirdparty.io.netty.util.concurrent.SingleThreadEventExecutor$5.run(SingleThreadEventExecutor.java:897)
	at org.apache.ratis.thirdparty.io.netty.util.concurrent.FastThreadLocalRunnable.run(FastThreadLocalRunnable.java:30)
	... 1 more
Caused by: java.net.ConnectException: Connection refused
	... 11 more
2019-10-01 21:44:14,567 [92876efe-7aa2-43ca-94f1-8ffe97e46a24@group-E5642A6D24C2-LeaderElection77] INFO  impl.RoleInfo (RoleInfo.java:shutdownLeaderElection(134)) - 92876efe-7aa2-43ca-94f1-8ffe97e46a24: shutdown LeaderElection
2019-10-01 21:44:14,567 [92876efe-7aa2-43ca-94f1-8ffe97e46a24@group-E5642A6D24C2-LeaderElection77] INFO  impl.RaftServerImpl (RaftServerImpl.java:setRole(170)) - 92876efe-7aa2-43ca-94f1-8ffe97e46a24@group-E5642A6D24C2: changes role from CANDIDATE to LEADER at term 2 for changeToLeader
2019-10-01 21:44:14,567 [92876efe-7aa2-43ca-94f1-8ffe97e46a24@group-E5642A6D24C2-LeaderElection77] INFO  impl.RaftServerImpl (ServerState.java:setLeader(255)) - 92876efe-7aa2-43ca-94f1-8ffe97e46a24@group-E5642A6D24C2: change Leader from null to 92876efe-7aa2-43ca-94f1-8ffe97e46a24 at term 2 for becomeLeader, leader elected after 36ms
2019-10-01 21:44:14,568 [92876efe-7aa2-43ca-94f1-8ffe97e46a24@group-E5642A6D24C2-LeaderElection77] INFO  server.RaftServerConfigKeys (ConfUtils.java:logGet(43)) - raft.server.staging.catchup.gap = 1000 (default)
2019-10-01 21:44:14,568 [92876efe-7aa2-43ca-94f1-8ffe97e46a24@group-E5642A6D24C2-LeaderElection77] INFO  server.RaftServerConfigKeys (ConfUtils.java:logGet(43)) - raft.server.rpc.sleep.time = 25ms (default)
2019-10-01 21:44:14,568 [92876efe-7aa2-43ca-94f1-8ffe97e46a24@group-E5642A6D24C2-LeaderElection77] INFO  server.RaftServerConfigKeys (ConfUtils.java:logGet(43)) - raft.server.write.element-limit = 4096 (default)
2019-10-01 21:44:14,568 [92876efe-7aa2-43ca-94f1-8ffe97e46a24@group-E5642A6D24C2-LeaderElection77] INFO  server.RaftServerConfigKeys (ConfUtils.java:logGet(43)) - raft.server.watch.timeout = 10s (default)
2019-10-01 21:44:14,568 [92876efe-7aa2-43ca-94f1-8ffe97e46a24@group-E5642A6D24C2-LeaderElection77] INFO  server.RaftServerConfigKeys (ConfUtils.java:logGet(43)) - raft.server.watch.timeout.denomination = 1s (default)
2019-10-01 21:44:14,568 [92876efe-7aa2-43ca-94f1-8ffe97e46a24@group-E5642A6D24C2-LeaderElection77] INFO  server.RaftServerConfigKeys (ConfUtils.java:logGet(43)) - raft.server.watch.element-limit = 65536 (default)
2019-10-01 21:44:14,569 [92876efe-7aa2-43ca-94f1-8ffe97e46a24@group-E5642A6D24C2-LeaderElection77] INFO  server.RaftServerConfigKeys (ConfUtils.java:logGet(43)) - raft.server.log.appender.snapshot.chunk.size.max = 16MB (=16777216) (default)
2019-10-01 21:44:14,569 [92876efe-7aa2-43ca-94f1-8ffe97e46a24@group-E5642A6D24C2-LeaderElection77] INFO  server.RaftServerConfigKeys (ConfUtils.java:logGet(43)) - raft.server.log.appender.buffer.byte-limit = 33554432 (custom)
2019-10-01 21:44:14,570 [92876efe-7aa2-43ca-94f1-8ffe97e46a24@group-E5642A6D24C2-LeaderElection77] INFO  server.RaftServerConfigKeys (ConfUtils.java:logGet(43)) - raft.server.log.appender.buffer.element-limit = 1 (custom)
2019-10-01 21:44:14,570 [92876efe-7aa2-43ca-94f1-8ffe97e46a24@group-E5642A6D24C2-LeaderElection77] INFO  grpc.GrpcConfigKeys$Server (ConfUtils.java:logGet(43)) - raft.grpc.server.leader.outstanding.appends.max = 128 (default)
2019-10-01 21:44:14,570 [92876efe-7aa2-43ca-94f1-8ffe97e46a24@group-E5642A6D24C2-LeaderElection77] INFO  server.RaftServerConfigKeys (ConfUtils.java:logGet(43)) - raft.server.rpc.request.timeout = 3000ms (default)
2019-10-01 21:44:14,570 [92876efe-7aa2-43ca-94f1-8ffe97e46a24@group-E5642A6D24C2-LeaderElection77] INFO  server.RaftServerConfigKeys (ConfUtils.java:logGet(43)) - raft.server.log.appender.install.snapshot.enabled = false (custom)
2019-10-01 21:44:14,570 [92876efe-7aa2-43ca-94f1-8ffe97e46a24@group-E5642A6D24C2-LeaderElection77] INFO  server.RaftServerConfigKeys (ConfUtils.java:logGet(43)) - raft.server.log.appender.snapshot.chunk.size.max = 16MB (=16777216) (default)
2019-10-01 21:44:14,570 [92876efe-7aa2-43ca-94f1-8ffe97e46a24@group-E5642A6D24C2-LeaderElection77] INFO  server.RaftServerConfigKeys (ConfUtils.java:logGet(43)) - raft.server.log.appender.buffer.byte-limit = 33554432 (custom)
2019-10-01 21:44:14,570 [92876efe-7aa2-43ca-94f1-8ffe97e46a24@group-E5642A6D24C2-LeaderElection77] INFO  server.RaftServerConfigKeys (ConfUtils.java:logGet(43)) - raft.server.log.appender.buffer.element-limit = 1 (custom)
2019-10-01 21:44:14,570 [92876efe-7aa2-43ca-94f1-8ffe97e46a24@group-E5642A6D24C2-LeaderElection77] INFO  grpc.GrpcConfigKeys$Server (ConfUtils.java:logGet(43)) - raft.grpc.server.leader.outstanding.appends.max = 128 (default)
2019-10-01 21:44:14,570 [92876efe-7aa2-43ca-94f1-8ffe97e46a24@group-E5642A6D24C2-LeaderElection77] INFO  server.RaftServerConfigKeys (ConfUtils.java:logGet(43)) - raft.server.rpc.request.timeout = 3000ms (default)
2019-10-01 21:44:14,570 [92876efe-7aa2-43ca-94f1-8ffe97e46a24@group-E5642A6D24C2-LeaderElection77] INFO  server.RaftServerConfigKeys (ConfUtils.java:logGet(43)) - raft.server.log.appender.install.snapshot.enabled = false (custom)
2019-10-01 21:44:14,571 [92876efe-7aa2-43ca-94f1-8ffe97e46a24@group-E5642A6D24C2-LeaderElection77] INFO  impl.RoleInfo (RoleInfo.java:updateAndGet(143)) - 92876efe-7aa2-43ca-94f1-8ffe97e46a24: start LeaderState
2019-10-01 21:44:14,571 [92876efe-7aa2-43ca-94f1-8ffe97e46a24@group-E5642A6D24C2-LeaderElection77] INFO  segmented.SegmentedRaftLogWorker (SegmentedRaftLogWorker.java:rollLogSegment(390)) - 92876efe-7aa2-43ca-94f1-8ffe97e46a24@group-E5642A6D24C2-SegmentedRaftLogWorker: Rolling segment log-0_2 to index:2
2019-10-01 21:44:14,572 [92876efe-7aa2-43ca-94f1-8ffe97e46a24@group-E5642A6D24C2-LeaderElection77] INFO  impl.RaftServerImpl (ServerState.java:setRaftConf(356)) - 92876efe-7aa2-43ca-94f1-8ffe97e46a24@group-E5642A6D24C2: set configuration 3: [c75aff3d-5022-45ef-b320-4144306dc30a:192.168.164.217:44549, b29c2709-9c70-4172-98f7-730f006f77cf:192.168.164.217:46333, 92876efe-7aa2-43ca-94f1-8ffe97e46a24:192.168.164.217:39848], old=null at 3
2019-10-01 21:44:14,572 [92876efe-7aa2-43ca-94f1-8ffe97e46a24@group-E5642A6D24C2-SegmentedRaftLogWorker] INFO  segmented.SegmentedRaftLogWorker (SegmentedRaftLogWorker.java:execute(531)) - 92876efe-7aa2-43ca-94f1-8ffe97e46a24@group-E5642A6D24C2-SegmentedRaftLogWorker: Rolled log segment from /workdir/hadoop-ozone/integration-test/target/test-dir/MiniOzoneClusterImpl-324908f0-eb78-4759-b512-7767c3eea219/datanode-2/data/ratis/e8baea6a-cfa8-4f9b-988a-e5642a6d24c2/current/log_inprogress_0 to /workdir/hadoop-ozone/integration-test/target/test-dir/MiniOzoneClusterImpl-324908f0-eb78-4759-b512-7767c3eea219/datanode-2/data/ratis/e8baea6a-cfa8-4f9b-988a-e5642a6d24c2/current/log_0-2
2019-10-01 21:44:14,575 [grpc-default-executor-1] WARN  server.GrpcLogAppender (LogUtils.java:warn(134)) - 92876efe-7aa2-43ca-94f1-8ffe97e46a24@group-E5642A6D24C2->c75aff3d-5022-45ef-b320-4144306dc30a-AppendLogResponseHandler: Failed appendEntries: org.apache.ratis.thirdparty.io.grpc.StatusRuntimeException: UNAVAILABLE: io exception
2019-10-01 21:44:14,575 [grpc-default-executor-1] INFO  impl.FollowerInfo (FollowerInfo.java:lambda$new$0(51)) - 92876efe-7aa2-43ca-94f1-8ffe97e46a24@group-E5642A6D24C2->c75aff3d-5022-45ef-b320-4144306dc30a: nextIndex: updateUnconditionally 3 -> 1
2019-10-01 21:44:14,576 [grpc-default-executor-8] INFO  impl.RaftServerImpl (ServerState.java:setLeader(255)) - b29c2709-9c70-4172-98f7-730f006f77cf@group-E5642A6D24C2: change Leader from null to 92876efe-7aa2-43ca-94f1-8ffe97e46a24 at term 2 for appendEntries, leader elected after 26ms
2019-10-01 21:44:14,602 [grpc-default-executor-8] INFO  impl.RaftServerImpl (ServerState.java:setRaftConf(356)) - b29c2709-9c70-4172-98f7-730f006f77cf@group-E5642A6D24C2: set configuration 3: [c75aff3d-5022-45ef-b320-4144306dc30a:192.168.164.217:44549, b29c2709-9c70-4172-98f7-730f006f77cf:192.168.164.217:46333, 92876efe-7aa2-43ca-94f1-8ffe97e46a24:192.168.164.217:39848], old=null at 3
2019-10-01 21:44:14,602 [grpc-default-executor-8] INFO  segmented.SegmentedRaftLogWorker (SegmentedRaftLogWorker.java:rollLogSegment(390)) - b29c2709-9c70-4172-98f7-730f006f77cf@group-E5642A6D24C2-SegmentedRaftLogWorker: Rolling segment log-0_2 to index:2
2019-10-01 21:44:14,602 [b29c2709-9c70-4172-98f7-730f006f77cf@group-E5642A6D24C2-SegmentedRaftLogWorker] INFO  segmented.SegmentedRaftLogWorker (SegmentedRaftLogWorker.java:execute(531)) - b29c2709-9c70-4172-98f7-730f006f77cf@group-E5642A6D24C2-SegmentedRaftLogWorker: Rolled log segment from /workdir/hadoop-ozone/integration-test/target/test-dir/MiniOzoneClusterImpl-324908f0-eb78-4759-b512-7767c3eea219/datanode-1/data/ratis/e8baea6a-cfa8-4f9b-988a-e5642a6d24c2/current/log_inprogress_0 to /workdir/hadoop-ozone/integration-test/target/test-dir/MiniOzoneClusterImpl-324908f0-eb78-4759-b512-7767c3eea219/datanode-1/data/ratis/e8baea6a-cfa8-4f9b-988a-e5642a6d24c2/current/log_0-2
2019-10-01 21:44:14,613 [92876efe-7aa2-43ca-94f1-8ffe97e46a24@group-E5642A6D24C2-SegmentedRaftLogWorker] INFO  segmented.SegmentedRaftLogWorker (SegmentedRaftLogWorker.java:execute(574)) - 92876efe-7aa2-43ca-94f1-8ffe97e46a24@group-E5642A6D24C2-SegmentedRaftLogWorker: created new log segment /workdir/hadoop-ozone/integration-test/target/test-dir/MiniOzoneClusterImpl-324908f0-eb78-4759-b512-7767c3eea219/datanode-2/data/ratis/e8baea6a-cfa8-4f9b-988a-e5642a6d24c2/current/log_inprogress_3
2019-10-01 21:44:14,638 [b29c2709-9c70-4172-98f7-730f006f77cf@group-E5642A6D24C2-SegmentedRaftLogWorker] INFO  segmented.SegmentedRaftLogWorker (SegmentedRaftLogWorker.java:execute(574)) - b29c2709-9c70-4172-98f7-730f006f77cf@group-E5642A6D24C2-SegmentedRaftLogWorker: created new log segment /workdir/hadoop-ozone/integration-test/target/test-dir/MiniOzoneClusterImpl-324908f0-eb78-4759-b512-7767c3eea219/datanode-1/data/ratis/e8baea6a-cfa8-4f9b-988a-e5642a6d24c2/current/log_inprogress_3
2019-10-01 21:44:14,657 [grpc-default-executor-7] WARN  server.GrpcLogAppender (LogUtils.java:warn(134)) - 92876efe-7aa2-43ca-94f1-8ffe97e46a24@group-E5642A6D24C2->c75aff3d-5022-45ef-b320-4144306dc30a-AppendLogResponseHandler: Failed appendEntries: org.apache.ratis.thirdparty.io.grpc.StatusRuntimeException: UNAVAILABLE: io exception
2019-10-01 21:44:14,657 [grpc-default-executor-7] INFO  impl.FollowerInfo (FollowerInfo.java:lambda$new$0(51)) - 92876efe-7aa2-43ca-94f1-8ffe97e46a24@group-E5642A6D24C2->c75aff3d-5022-45ef-b320-4144306dc30a: nextIndex: updateUnconditionally 2 -> 1
2019-10-01 21:44:14,670 [grpc-default-executor-1] WARN  server.GrpcLogAppender (LogUtils.java:warn(134)) - 92876efe-7aa2-43ca-94f1-8ffe97e46a24@group-E5642A6D24C2->c75aff3d-5022-45ef-b320-4144306dc30a-AppendLogResponseHandler: Failed appendEntries: org.apache.ratis.thirdparty.io.grpc.StatusRuntimeException: UNAVAILABLE: io exception
2019-10-01 21:44:14,670 [grpc-default-executor-1] INFO  impl.FollowerInfo (FollowerInfo.java:lambda$new$0(51)) - 92876efe-7aa2-43ca-94f1-8ffe97e46a24@group-E5642A6D24C2->c75aff3d-5022-45ef-b320-4144306dc30a: nextIndex: updateUnconditionally 2 -> 1
2019-10-01 21:44:14,882 [grpc-default-executor-8] WARN  server.GrpcLogAppender (LogUtils.java:warn(134)) - 92876efe-7aa2-43ca-94f1-8ffe97e46a24@group-E5642A6D24C2->c75aff3d-5022-45ef-b320-4144306dc30a-AppendLogResponseHandler: Failed appendEntries: org.apache.ratis.thirdparty.io.grpc.StatusRuntimeException: UNAVAILABLE: io exception
2019-10-01 21:44:14,883 [grpc-default-executor-8] INFO  impl.FollowerInfo (FollowerInfo.java:lambda$new$0(51)) - 92876efe-7aa2-43ca-94f1-8ffe97e46a24@group-E5642A6D24C2->c75aff3d-5022-45ef-b320-4144306dc30a: nextIndex: updateUnconditionally 2 -> 1
2019-10-01 21:44:14,895 [grpc-default-executor-1] WARN  server.GrpcLogAppender (LogUtils.java:warn(134)) - 92876efe-7aa2-43ca-94f1-8ffe97e46a24@group-E5642A6D24C2->c75aff3d-5022-45ef-b320-4144306dc30a-AppendLogResponseHandler: Failed appendEntries: org.apache.ratis.thirdparty.io.grpc.StatusRuntimeException: UNAVAILABLE: io exception
2019-10-01 21:44:14,895 [grpc-default-executor-1] INFO  impl.FollowerInfo (FollowerInfo.java:lambda$new$0(51)) - 92876efe-7aa2-43ca-94f1-8ffe97e46a24@group-E5642A6D24C2->c75aff3d-5022-45ef-b320-4144306dc30a: nextIndex: updateUnconditionally 2 -> 1
2019-10-01 21:44:14,907 [grpc-default-executor-1] WARN  server.GrpcLogAppender (LogUtils.java:warn(134)) - 92876efe-7aa2-43ca-94f1-8ffe97e46a24@group-E5642A6D24C2->c75aff3d-5022-45ef-b320-4144306dc30a-AppendLogResponseHandler: Failed appendEntries: org.apache.ratis.thirdparty.io.grpc.StatusRuntimeException: UNAVAILABLE: io exception
2019-10-01 21:44:14,907 [grpc-default-executor-1] INFO  impl.FollowerInfo (FollowerInfo.java:lambda$new$0(51)) - 92876efe-7aa2-43ca-94f1-8ffe97e46a24@group-E5642A6D24C2->c75aff3d-5022-45ef-b320-4144306dc30a: nextIndex: updateUnconditionally 2 -> 1
2019-10-01 21:44:14,909 [EventQueue-IncrementalContainerReportForIncrementalContainerReportHandler] WARN  container.IncrementalContainerReportHandler (AbstractContainerReportHandler.java:updateContainerState(143)) - Container #1 is in OPEN state, but the datanode 92876efe-7aa2-43ca-94f1-8ffe97e46a24{ip: 192.168.164.217, host: pr-hdds-2224-n586v-1266706246, networkLocation: /default-rack, certSerialId: null} reports an CLOSING replica.
2019-10-01 21:44:14,932 [EventQueue-IncrementalContainerReportForIncrementalContainerReportHandler] WARN  container.IncrementalContainerReportHandler (AbstractContainerReportHandler.java:updateContainerState(143)) - Container #1 is in OPEN state, but the datanode b29c2709-9c70-4172-98f7-730f006f77cf{ip: 192.168.164.217, host: pr-hdds-2224-n586v-1266706246, networkLocation: /default-rack, certSerialId: null} reports an CLOSING replica.
2019-10-01 21:44:14,963 [RatisApplyTransactionExecutor 1] INFO  interfaces.Container (KeyValueContainer.java:flushAndSyncDB(386)) - Container 1 is synced with bcsId 0.
2019-10-01 21:44:15,017 [RatisApplyTransactionExecutor 1] INFO  interfaces.Container (KeyValueContainer.java:flushAndSyncDB(386)) - Container 1 is synced with bcsId 0.
2019-10-01 21:44:15,019 [RatisApplyTransactionExecutor 1] INFO  interfaces.Container (KeyValueContainer.java:flushAndSyncDB(386)) - Container 1 is synced with bcsId 0.
2019-10-01 21:44:15,020 [RatisApplyTransactionExecutor 1] INFO  interfaces.Container (KeyValueContainer.java:flushAndSyncDB(386)) - Container 1 is synced with bcsId 0.
2019-10-01 21:44:15,023 [RatisApplyTransactionExecutor 1] INFO  interfaces.Container (KeyValueContainer.java:close(335)) - Container 1 is closed with bcsId 0.
2019-10-01 21:44:15,023 [RatisApplyTransactionExecutor 1] INFO  interfaces.Container (KeyValueContainer.java:close(335)) - Container 1 is closed with bcsId 0.
2019-10-01 21:44:15,036 [EventQueue-IncrementalContainerReportForIncrementalContainerReportHandler] WARN  container.IncrementalContainerReportHandler (AbstractContainerReportHandler.java:updateContainerState(143)) - Container #1 is in OPEN state, but the datanode b29c2709-9c70-4172-98f7-730f006f77cf{ip: 192.168.164.217, host: pr-hdds-2224-n586v-1266706246, networkLocation: /default-rack, certSerialId: null} reports an CLOSED replica.
2019-10-01 21:44:15,036 [EventQueue-IncrementalContainerReportForIncrementalContainerReportHandler] WARN  container.IncrementalContainerReportHandler (AbstractContainerReportHandler.java:updateContainerState(143)) - Container #1 is in OPEN state, but the datanode 92876efe-7aa2-43ca-94f1-8ffe97e46a24{ip: 192.168.164.217, host: pr-hdds-2224-n586v-1266706246, networkLocation: /default-rack, certSerialId: null} reports an CLOSED replica.
2019-10-01 21:44:17,408 [grpc-default-executor-7] WARN  server.GrpcLogAppender (LogUtils.java:warn(134)) - 92876efe-7aa2-43ca-94f1-8ffe97e46a24@group-E5642A6D24C2->c75aff3d-5022-45ef-b320-4144306dc30a-AppendLogResponseHandler: Failed appendEntries: org.apache.ratis.thirdparty.io.grpc.StatusRuntimeException: UNAVAILABLE: io exception
2019-10-01 21:44:17,408 [grpc-default-executor-7] INFO  impl.FollowerInfo (FollowerInfo.java:lambda$new$0(51)) - 92876efe-7aa2-43ca-94f1-8ffe97e46a24@group-E5642A6D24C2->c75aff3d-5022-45ef-b320-4144306dc30a: nextIndex: updateUnconditionally 1 -> 0
2019-10-01 21:44:18,040 [main] WARN  scm.XceiverClientRatis (XceiverClientRatis.java:watchForCommit(292)) - 3 way commit failed on pipeline Pipeline[ Id: e8baea6a-cfa8-4f9b-988a-e5642a6d24c2, Nodes: c75aff3d-5022-45ef-b320-4144306dc30a{ip: 192.168.164.217, host: pr-hdds-2224-n586v-1266706246, networkLocation: /default-rack, certSerialId: null}92876efe-7aa2-43ca-94f1-8ffe97e46a24{ip: 192.168.164.217, host: pr-hdds-2224-n586v-1266706246, networkLocation: /default-rack, certSerialId: null}b29c2709-9c70-4172-98f7-730f006f77cf{ip: 192.168.164.217, host: pr-hdds-2224-n586v-1266706246, networkLocation: /default-rack, certSerialId: null}, Type:RATIS, Factor:THREE, State:OPEN]
java.util.concurrent.TimeoutException
	at java.util.concurrent.CompletableFuture.timedGet(CompletableFuture.java:1771)
	at java.util.concurrent.CompletableFuture.get(CompletableFuture.java:1915)
	at org.apache.hadoop.hdds.scm.XceiverClientRatis.watchForCommit(XceiverClientRatis.java:289)
	at org.apache.hadoop.ozone.client.rpc.TestWatchForCommit.test2WayCommitForTimeoutException(TestWatchForCommit.java:391)
	at sun.reflect.NativeMethodAccessorImpl.invoke0(Native Method)
	at sun.reflect.NativeMethodAccessorImpl.invoke(NativeMethodAccessorImpl.java:62)
	at sun.reflect.DelegatingMethodAccessorImpl.invoke(DelegatingMethodAccessorImpl.java:43)
	at java.lang.reflect.Method.invoke(Method.java:498)
	at org.junit.runners.model.FrameworkMethod$1.runReflectiveCall(FrameworkMethod.java:47)
	at org.junit.internal.runners.model.ReflectiveCallable.run(ReflectiveCallable.java:12)
	at org.junit.runners.model.FrameworkMethod.invokeExplosively(FrameworkMethod.java:44)
	at org.junit.internal.runners.statements.InvokeMethod.evaluate(InvokeMethod.java:17)
	at org.junit.runners.ParentRunner.runLeaf(ParentRunner.java:271)
	at org.junit.runners.BlockJUnit4ClassRunner.runChild(BlockJUnit4ClassRunner.java:70)
	at org.junit.runners.BlockJUnit4ClassRunner.runChild(BlockJUnit4ClassRunner.java:50)
	at org.junit.runners.ParentRunner$3.run(ParentRunner.java:238)
	at org.junit.runners.ParentRunner$1.schedule(ParentRunner.java:63)
	at org.junit.runners.ParentRunner.runChildren(ParentRunner.java:236)
	at org.junit.runners.ParentRunner.access$000(ParentRunner.java:53)
	at org.junit.runners.ParentRunner$2.evaluate(ParentRunner.java:229)
	at org.junit.runners.ParentRunner.run(ParentRunner.java:309)
	at org.apache.maven.surefire.junit4.JUnit4Provider.execute(JUnit4Provider.java:365)
	at org.apache.maven.surefire.junit4.JUnit4Provider.executeWithRerun(JUnit4Provider.java:273)
	at org.apache.maven.surefire.junit4.JUnit4Provider.executeTestSet(JUnit4Provider.java:238)
	at org.apache.maven.surefire.junit4.JUnit4Provider.invoke(JUnit4Provider.java:159)
	at org.apache.maven.surefire.booter.ForkedBooter.invokeProviderInSameClassLoader(ForkedBooter.java:384)
	at org.apache.maven.surefire.booter.ForkedBooter.runSuitesInProcess(ForkedBooter.java:345)
	at org.apache.maven.surefire.booter.ForkedBooter.execute(ForkedBooter.java:126)
	at org.apache.maven.surefire.booter.ForkedBooter.main(ForkedBooter.java:418)
2019-10-01 21:44:18,048 [Thread-2560] INFO  client.GrpcClientProtocolService (GrpcClientProtocolService.java:lambda$processClientRequest$0(278)) - Failed RaftClientRequest:client-0E63A666C9FB->b29c2709-9c70-4172-98f7-730f006f77cf@group-E5642A6D24C2, cid=105, seq=0, Watch-MAJORITY_COMMITTED(5), Message:<EMPTY>, reply=RaftClientReply:client-0E63A666C9FB->b29c2709-9c70-4172-98f7-730f006f77cf@group-E5642A6D24C2, cid=105, FAILED org.apache.ratis.protocol.NotLeaderException: Server b29c2709-9c70-4172-98f7-730f006f77cf@group-E5642A6D24C2 is not the leader 92876efe-7aa2-43ca-94f1-8ffe97e46a24:192.168.164.217:39848, logIndex=0, commits[b29c2709-9c70-4172-98f7-730f006f77cf:c6, c75aff3d-5022-45ef-b320-4144306dc30a:c2, 92876efe-7aa2-43ca-94f1-8ffe97e46a24:c6]
2019-10-01 21:44:19,911 [grpc-default-executor-8] WARN  server.GrpcLogAppender (LogUtils.java:warn(134)) - 92876efe-7aa2-43ca-94f1-8ffe97e46a24@group-E5642A6D24C2->c75aff3d-5022-45ef-b320-4144306dc30a-AppendLogResponseHandler: Failed appendEntries: org.apache.ratis.thirdparty.io.grpc.StatusRuntimeException: UNAVAILABLE: io exception
2019-10-01 21:44:19,917 [grpc-default-executor-8] INFO  impl.FollowerInfo (FollowerInfo.java:lambda$new$0(51)) - 92876efe-7aa2-43ca-94f1-8ffe97e46a24@group-E5642A6D24C2->c75aff3d-5022-45ef-b320-4144306dc30a: nextIndex: updateUnconditionally 0 -> 0
]]></system-out>
  </testcase>
</testsuite>