<?xml version="1.0" encoding="UTF-8"?>
<testsuite xmlns:xsi="http://www.w3.org/2001/XMLSchema-instance" xsi:noNamespaceSchemaLocation="https://maven.apache.org/surefire/maven-surefire-plugin/xsd/surefire-test-report.xsd" name="org.apache.hadoop.ozone.client.rpc.TestDeleteWithSlowFollower" time="133.021" tests="1" errors="0" skipped="0" failures="1">
  <properties>
    <property name="awt.toolkit" value="sun.awt.X11.XToolkit"/>
    <property name="file.encoding.pkg" value="sun.io"/>
    <property name="java.specification.version" value="1.8"/>
    <property name="sun.cpu.isalist" value=""/>
    <property name="sun.jnu.encoding" value="ANSI_X3.4-1968"/>
    <property name="java.class.path" value="/workdir/hadoop-ozone/integration-test/target/test-classes:/workdir/hadoop-ozone/integration-test/target/classes:/home/user/.m2/repository/org/apache/hadoop/hadoop-ozone-common/0.5.0-SNAPSHOT/hadoop-ozone-common-0.5.0-SNAPSHOT.jar:/home/user/.m2/repository/org/apache/commons/commons-compress/1.4.1/commons-compress-1.4.1.jar:/home/user/.m2/repository/org/tukaani/xz/1.0/xz-1.0.jar:/home/user/.m2/repository/org/apache/hadoop/hadoop-common/3.2.0/hadoop-common-3.2.0.jar:/home/user/.m2/repository/org/apache/hadoop/hadoop-hdfs/3.2.0/hadoop-hdfs-3.2.0.jar:/home/user/.m2/repository/org/apache/hadoop/hadoop-hdfs-client/3.2.0/hadoop-hdfs-client-3.2.0.jar:/home/user/.m2/repository/com/fasterxml/jackson/core/jackson-annotations/2.9.9/jackson-annotations-2.9.9.jar:/home/user/.m2/repository/org/apache/hadoop/hadoop-hdds-common/0.5.0-SNAPSHOT/hadoop-hdds-common-0.5.0-SNAPSHOT.jar:/home/user/.m2/repository/javax/annotation/javax.annotation-api/1.2/javax.annotation-api-1.2.jar:/home/user/.m2/repository/org/apache/ratis/ratis-server/0.5.0-3f446aa-SNAPSHOT/ratis-server-0.5.0-3f446aa-SNAPSHOT.jar:/home/user/.m2/repository/org/apache/ratis/ratis-thirdparty-misc/0.2.0/ratis-thirdparty-misc-0.2.0.jar:/home/user/.m2/repository/org/apache/ratis/ratis-proto/0.5.0-3f446aa-SNAPSHOT/ratis-proto-0.5.0-3f446aa-SNAPSHOT.jar:/home/user/.m2/repository/org/apache/ratis/ratis-common/0.5.0-3f446aa-SNAPSHOT/ratis-common-0.5.0-3f446aa-SNAPSHOT.jar:/home/user/.m2/repository/org/apache/ratis/ratis-client/0.5.0-3f446aa-SNAPSHOT/ratis-client-0.5.0-3f446aa-SNAPSHOT.jar:/home/user/.m2/repository/org/apache/ratis/ratis-metrics/0.5.0-3f446aa-SNAPSHOT/ratis-metrics-0.5.0-3f446aa-SNAPSHOT.jar:/home/user/.m2/repository/com/github/joshelser/dropwizard-metrics-hadoop-metrics2-reporter/0.1.2/dropwizard-metrics-hadoop-metrics2-reporter-0.1.2.jar:/home/user/.m2/repository/io/dropwizard/metrics/metrics-jvm/3.2.5/metrics-jvm-3.2.5.jar:/home/user/.m2/repository/io/dropwizard/metrics/metrics-ganglia/3.2.5/metrics-ganglia-3.2.5.jar:/home/user/.m2/repository/info/ganglia/gmetric4j/gmetric4j/1.0.7/gmetric4j-1.0.7.jar:/home/user/.m2/repository/org/apache/ratis/ratis-netty/0.5.0-3f446aa-SNAPSHOT/ratis-netty-0.5.0-3f446aa-SNAPSHOT.jar:/home/user/.m2/repository/org/apache/ratis/ratis-grpc/0.5.0-3f446aa-SNAPSHOT/ratis-grpc-0.5.0-3f446aa-SNAPSHOT.jar:/home/user/.m2/repository/org/rocksdb/rocksdbjni/6.0.1/rocksdbjni-6.0.1.jar:/home/user/.m2/repository/org/apache/logging/log4j/log4j-api/2.11.0/log4j-api-2.11.0.jar:/home/user/.m2/repository/org/apache/logging/log4j/log4j-core/2.11.0/log4j-core-2.11.0.jar:/home/user/.m2/repository/com/lmax/disruptor/3.4.2/disruptor-3.4.2.jar:/home/user/.m2/repository/org/apache/commons/commons-pool2/2.6.0/commons-pool2-2.6.0.jar:/home/user/.m2/repository/org/bouncycastle/bcpkix-jdk15on/1.60/bcpkix-jdk15on-1.60.jar:/home/user/.m2/repository/commons-validator/commons-validator/1.6/commons-validator-1.6.jar:/home/user/.m2/repository/commons-digester/commons-digester/1.8.1/commons-digester-1.8.1.jar:/home/user/.m2/repository/io/jaegertracing/jaeger-client/0.34.0/jaeger-client-0.34.0.jar:/home/user/.m2/repository/io/jaegertracing/jaeger-thrift/0.34.0/jaeger-thrift-0.34.0.jar:/home/user/.m2/repository/org/apache/thrift/libthrift/0.12.0/libthrift-0.12.0.jar:/home/user/.m2/repository/com/squareup/okhttp3/okhttp/3.9.0/okhttp-3.9.0.jar:/home/user/.m2/repository/com/squareup/okio/okio/1.13.0/okio-1.13.0.jar:/home/user/.m2/repository/io/jaegertracing/jaeger-core/0.34.0/jaeger-core-0.34.0.jar:/home/user/.m2/repository/io/jaegertracing/jaeger-tracerresolver/0.34.0/jaeger-tracerresolver-0.34.0.jar:/home/user/.m2/repository/io/opentracing/contrib/opentracing-tracerresolver/0.1.5/opentracing-tracerresolver-0.1.5.jar:/home/user/.m2/repository/io/opentracing/opentracing-util/0.31.0/opentracing-util-0.31.0.jar:/home/user/.m2/repository/io/opentracing/opentracing-api/0.31.0/opentracing-api-0.31.0.jar:/home/user/.m2/repository/io/opentracing/opentracing-noop/0.31.0/opentracing-noop-0.31.0.jar:/home/user/.m2/repository/org/apache/hadoop/hadoop-hdds-server-framework/0.5.0-SNAPSHOT/hadoop-hdds-server-framework-0.5.0-SNAPSHOT.jar:/home/user/.m2/repository/org/apache/hadoop/hadoop-hdds-container-service/0.5.0-SNAPSHOT/hadoop-hdds-container-service-0.5.0-SNAPSHOT.jar:/home/user/.m2/repository/org/apache/hadoop/hadoop-hdds-client/0.5.0-SNAPSHOT/hadoop-hdds-client-0.5.0-SNAPSHOT.jar:/home/user/.m2/repository/org/apache/hadoop/hadoop-hdds-tools/0.5.0-SNAPSHOT/hadoop-hdds-tools-0.5.0-SNAPSHOT.jar:/home/user/.m2/repository/org/apache/hadoop/hadoop-hdds-server-scm/0.5.0-SNAPSHOT/hadoop-hdds-server-scm-0.5.0-SNAPSHOT.jar:/home/user/.m2/repository/org/apache/hadoop/hadoop-hdds-docs/0.5.0-SNAPSHOT/hadoop-hdds-docs-0.5.0-SNAPSHOT.jar:/home/user/.m2/repository/io/dropwizard/metrics/metrics-core/3.2.4/metrics-core-3.2.4.jar:/home/user/.m2/repository/org/hamcrest/hamcrest-all/1.3/hamcrest-all-1.3.jar:/home/user/.m2/repository/org/bouncycastle/bcprov-jdk15on/1.60/bcprov-jdk15on-1.60.jar:/home/user/.m2/repository/info/picocli/picocli/3.9.6/picocli-3.9.6.jar:/home/user/.m2/repository/com/google/protobuf/protobuf-java/2.5.0/protobuf-java-2.5.0.jar:/home/user/.m2/repository/com/google/guava/guava/11.0.2/guava-11.0.2.jar:/home/user/.m2/repository/org/apache/hadoop/hadoop-ozone-ozone-manager/0.5.0-SNAPSHOT/hadoop-ozone-ozone-manager-0.5.0-SNAPSHOT.jar:/home/user/.m2/repository/org/apache/hadoop/hadoop-minikdc/3.2.0/hadoop-minikdc-3.2.0.jar:/home/user/.m2/repository/commons-io/commons-io/2.5/commons-io-2.5.jar:/home/user/.m2/repository/org/apache/kerby/kerb-simplekdc/1.0.1/kerb-simplekdc-1.0.1.jar:/home/user/.m2/repository/org/apache/kerby/kerb-client/1.0.1/kerb-client-1.0.1.jar:/home/user/.m2/repository/org/apache/kerby/kerby-config/1.0.1/kerby-config-1.0.1.jar:/home/user/.m2/repository/org/apache/kerby/kerb-core/1.0.1/kerb-core-1.0.1.jar:/home/user/.m2/repository/org/apache/kerby/kerby-pkix/1.0.1/kerby-pkix-1.0.1.jar:/home/user/.m2/repository/org/apache/kerby/kerby-asn1/1.0.1/kerby-asn1-1.0.1.jar:/home/user/.m2/repository/org/apache/kerby/kerby-util/1.0.1/kerby-util-1.0.1.jar:/home/user/.m2/repository/org/apache/kerby/kerb-common/1.0.1/kerb-common-1.0.1.jar:/home/user/.m2/repository/org/apache/kerby/kerb-crypto/1.0.1/kerb-crypto-1.0.1.jar:/home/user/.m2/repository/org/apache/kerby/kerb-util/1.0.1/kerb-util-1.0.1.jar:/home/user/.m2/repository/org/apache/kerby/token-provider/1.0.1/token-provider-1.0.1.jar:/home/user/.m2/repository/org/apache/kerby/kerb-admin/1.0.1/kerb-admin-1.0.1.jar:/home/user/.m2/repository/org/apache/kerby/kerb-server/1.0.1/kerb-server-1.0.1.jar:/home/user/.m2/repository/org/apache/kerby/kerb-identity/1.0.1/kerb-identity-1.0.1.jar:/home/user/.m2/repository/org/apache/kerby/kerby-xdr/1.0.1/kerby-xdr-1.0.1.jar:/home/user/.m2/repository/org/slf4j/slf4j-log4j12/1.7.25/slf4j-log4j12-1.7.25.jar:/home/user/.m2/repository/org/apache/hadoop/hadoop-ozone-s3gateway/0.5.0-SNAPSHOT/hadoop-ozone-s3gateway-0.5.0-SNAPSHOT.jar:/home/user/.m2/repository/org/jboss/weld/servlet/weld-servlet/2.4.7.Final/weld-servlet-2.4.7.Final.jar:/home/user/.m2/repository/org/glassfish/jersey/containers/jersey-container-servlet-core/2.27/jersey-container-servlet-core-2.27.jar:/home/user/.m2/repository/org/glassfish/hk2/external/javax.inject/2.5.0-b42/javax.inject-2.5.0-b42.jar:/home/user/.m2/repository/org/glassfish/jersey/core/jersey-common/2.27/jersey-common-2.27.jar:/home/user/.m2/repository/org/glassfish/hk2/osgi-resource-locator/1.0.1/osgi-resource-locator-1.0.1.jar:/home/user/.m2/repository/javax/ws/rs/javax.ws.rs-api/2.1/javax.ws.rs-api-2.1.jar:/home/user/.m2/repository/org/glassfish/jersey/ext/cdi/jersey-cdi1x/2.27/jersey-cdi1x-2.27.jar:/home/user/.m2/repository/org/glassfish/jersey/inject/jersey-hk2/2.27/jersey-hk2-2.27.jar:/home/user/.m2/repository/org/glassfish/hk2/hk2-locator/2.5.0-b42/hk2-locator-2.5.0-b42.jar:/home/user/.m2/repository/org/javassist/javassist/3.22.0-CR2/javassist-3.22.0-CR2.jar:/home/user/.m2/repository/org/glassfish/hk2/hk2-api/2.5.0/hk2-api-2.5.0.jar:/home/user/.m2/repository/org/glassfish/hk2/external/jakarta.inject/2.5.0/jakarta.inject-2.5.0.jar:/home/user/.m2/repository/org/glassfish/hk2/hk2-utils/2.5.0/hk2-utils-2.5.0.jar:/home/user/.m2/repository/jakarta/annotation/jakarta.annotation-api/1.3.4/jakarta.annotation-api-1.3.4.jar:/home/user/.m2/repository/org/glassfish/hk2/external/aopalliance-repackaged/2.5.0/aopalliance-repackaged-2.5.0.jar:/home/user/.m2/repository/com/fasterxml/jackson/dataformat/jackson-dataformat-xml/2.9.0/jackson-dataformat-xml-2.9.0.jar:/home/user/.m2/repository/com/fasterxml/jackson/core/jackson-core/2.9.9/jackson-core-2.9.9.jar:/home/user/.m2/repository/com/fasterxml/jackson/module/jackson-module-jaxb-annotations/2.9.9/jackson-module-jaxb-annotations-2.9.9.jar:/home/user/.m2/repository/javax/enterprise/cdi-api/1.2/cdi-api-1.2.jar:/home/user/.m2/repository/javax/el/javax.el-api/3.0.0/javax.el-api-3.0.0.jar:/home/user/.m2/repository/javax/interceptor/javax.interceptor-api/1.2/javax.interceptor-api-1.2.jar:/home/user/.m2/repository/javax/inject/javax.inject/1/javax.inject-1.jar:/home/user/.m2/repository/com/sun/xml/bind/jaxb-impl/2.3.0.1/jaxb-impl-2.3.0.1.jar:/home/user/.m2/repository/com/sun/xml/bind/jaxb-core/2.3.0.1/jaxb-core-2.3.0.1.jar:/home/user/.m2/repository/javax/xml/bind/jaxb-api/2.3.0/jaxb-api-2.3.0.jar:/home/user/.m2/repository/javax/activation/activation/1.1.1/activation-1.1.1.jar:/home/user/.m2/repository/org/apache/hadoop/hadoop-ozone-csi/0.5.0-SNAPSHOT/hadoop-ozone-csi-0.5.0-SNAPSHOT.jar:/home/user/.m2/repository/com/google/protobuf/protobuf-java-util/3.5.1/protobuf-java-util-3.5.1.jar:/home/user/.m2/repository/org/apache/hadoop/hadoop-hdds-config/0.5.0-SNAPSHOT/hadoop-hdds-config-0.5.0-SNAPSHOT.jar:/home/user/.m2/repository/io/grpc/grpc-netty/1.17.1/grpc-netty-1.17.1.jar:/home/user/.m2/repository/io/grpc/grpc-core/1.17.1/grpc-core-1.17.1.jar:/home/user/.m2/repository/io/grpc/grpc-context/1.17.1/grpc-context-1.17.1.jar:/home/user/.m2/repository/com/google/errorprone/error_prone_annotations/2.2.0/error_prone_annotations-2.2.0.jar:/home/user/.m2/repository/org/codehaus/mojo/animal-sniffer-annotations/1.17/animal-sniffer-annotations-1.17.jar:/home/user/.m2/repository/io/opencensus/opencensus-api/0.17.0/opencensus-api-0.17.0.jar:/home/user/.m2/repository/io/opencensus/opencensus-contrib-grpc-metrics/0.17.0/opencensus-contrib-grpc-metrics-0.17.0.jar:/home/user/.m2/repository/io/netty/netty-codec-http2/4.1.30.Final/netty-codec-http2-4.1.30.Final.jar:/home/user/.m2/repository/io/netty/netty-codec-http/4.1.30.Final/netty-codec-http-4.1.30.Final.jar:/home/user/.m2/repository/io/netty/netty-codec/4.1.30.Final/netty-codec-4.1.30.Final.jar:/home/user/.m2/repository/io/netty/netty-handler/4.1.30.Final/netty-handler-4.1.30.Final.jar:/home/user/.m2/repository/io/netty/netty-handler-proxy/4.1.30.Final/netty-handler-proxy-4.1.30.Final.jar:/home/user/.m2/repository/io/netty/netty-codec-socks/4.1.30.Final/netty-codec-socks-4.1.30.Final.jar:/home/user/.m2/repository/io/netty/netty-transport-native-epoll/4.1.30.Final/netty-transport-native-epoll-4.1.30.Final.jar:/home/user/.m2/repository/io/netty/netty-common/4.1.30.Final/netty-common-4.1.30.Final.jar:/home/user/.m2/repository/io/netty/netty-buffer/4.1.30.Final/netty-buffer-4.1.30.Final.jar:/home/user/.m2/repository/io/netty/netty-transport/4.1.30.Final/netty-transport-4.1.30.Final.jar:/home/user/.m2/repository/io/netty/netty-resolver/4.1.30.Final/netty-resolver-4.1.30.Final.jar:/home/user/.m2/repository/io/netty/netty-transport-native-unix-common/4.1.30.Final/netty-transport-native-unix-common-4.1.30.Final.jar:/home/user/.m2/repository/io/grpc/grpc-protobuf/1.17.1/grpc-protobuf-1.17.1.jar:/home/user/.m2/repository/com/google/api/grpc/proto-google-common-protos/1.0.0/proto-google-common-protos-1.0.0.jar:/home/user/.m2/repository/io/grpc/grpc-protobuf-lite/1.17.1/grpc-protobuf-lite-1.17.1.jar:/home/user/.m2/repository/io/grpc/grpc-stub/1.17.1/grpc-stub-1.17.1.jar:/home/user/.m2/repository/org/apache/hadoop/hadoop-ozone-recon/0.5.0-SNAPSHOT/hadoop-ozone-recon-0.5.0-SNAPSHOT.jar:/home/user/.m2/repository/org/apache/hadoop/hadoop-ozone-reconcodegen/0.5.0-SNAPSHOT/hadoop-ozone-reconcodegen-0.5.0-SNAPSHOT.jar:/home/user/.m2/repository/com/google/inject/extensions/guice-multibindings/4.0/guice-multibindings-4.0.jar:/home/user/.m2/repository/com/google/inject/guice/4.0/guice-4.0.jar:/home/user/.m2/repository/aopalliance/aopalliance/1.0/aopalliance-1.0.jar:/home/user/.m2/repository/com/google/inject/extensions/guice-servlet/4.0/guice-servlet-4.0.jar:/home/user/.m2/repository/org/glassfish/jersey/containers/jersey-container-servlet/2.27/jersey-container-servlet-2.27.jar:/home/user/.m2/repository/org/glassfish/hk2/guice-bridge/2.5.0/guice-bridge-2.5.0.jar:/home/user/.m2/repository/org/glassfish/jersey/core/jersey-server/2.27/jersey-server-2.27.jar:/home/user/.m2/repository/org/glassfish/jersey/core/jersey-client/2.27/jersey-client-2.27.jar:/home/user/.m2/repository/org/glassfish/jersey/media/jersey-media-jaxb/2.27/jersey-media-jaxb-2.27.jar:/home/user/.m2/repository/javax/validation/validation-api/1.1.0.Final/validation-api-1.1.0.Final.jar:/home/user/.m2/repository/org/glassfish/jersey/media/jersey-media-json-jackson/2.27/jersey-media-json-jackson-2.27.jar:/home/user/.m2/repository/org/glassfish/jersey/ext/jersey-entity-filtering/2.27/jersey-entity-filtering-2.27.jar:/home/user/.m2/repository/com/google/inject/extensions/guice-assistedinject/4.0/guice-assistedinject-4.0.jar:/home/user/.m2/repository/org/jooq/jooq/3.11.10/jooq-3.11.10.jar:/home/user/.m2/repository/org/jooq/jooq-meta/3.11.10/jooq-meta-3.11.10.jar:/home/user/.m2/repository/org/jooq/jooq-codegen/3.11.10/jooq-codegen-3.11.10.jar:/home/user/.m2/repository/com/jolbox/bonecp/0.8.0.RELEASE/bonecp-0.8.0.RELEASE.jar:/home/user/.m2/repository/org/xerial/sqlite-jdbc/3.25.2/sqlite-jdbc-3.25.2.jar:/home/user/.m2/repository/org/springframework/spring-jdbc/5.1.3.RELEASE/spring-jdbc-5.1.3.RELEASE.jar:/home/user/.m2/repository/org/springframework/spring-beans/5.1.3.RELEASE/spring-beans-5.1.3.RELEASE.jar:/home/user/.m2/repository/org/springframework/spring-core/5.1.3.RELEASE/spring-core-5.1.3.RELEASE.jar:/home/user/.m2/repository/org/springframework/spring-jcl/5.1.3.RELEASE/spring-jcl-5.1.3.RELEASE.jar:/home/user/.m2/repository/org/springframework/spring-tx/5.1.3.RELEASE/spring-tx-5.1.3.RELEASE.jar:/home/user/.m2/repository/org/apache/hadoop/hadoop-ozone-client/0.5.0-SNAPSHOT/hadoop-ozone-client-0.5.0-SNAPSHOT.jar:/home/user/.m2/repository/commons-lang/commons-lang/2.6/commons-lang-2.6.jar:/home/user/.m2/repository/org/apache/hadoop/hadoop-ozone-ozone-manager/0.5.0-SNAPSHOT/hadoop-ozone-ozone-manager-0.5.0-SNAPSHOT-tests.jar:/home/user/.m2/repository/junit/junit/4.11/junit-4.11.jar:/home/user/.m2/repository/org/hamcrest/hamcrest-core/1.3/hamcrest-core-1.3.jar:/home/user/.m2/repository/org/openjdk/jmh/jmh-core/1.19/jmh-core-1.19.jar:/home/user/.m2/repository/net/sf/jopt-simple/jopt-simple/4.6/jopt-simple-4.6.jar:/home/user/.m2/repository/org/apache/commons/commons-math3/3.1.1/commons-math3-3.1.1.jar:/home/user/.m2/repository/org/openjdk/jmh/jmh-generator-annprocess/1.19/jmh-generator-annprocess-1.19.jar:/home/user/.m2/repository/org/mockito/mockito-all/1.8.5/mockito-all-1.8.5.jar:/home/user/.m2/repository/org/apache/hadoop/hadoop-kms/3.2.0/hadoop-kms-3.2.0.jar:/home/user/.m2/repository/org/apache/hadoop/hadoop-auth/3.2.0/hadoop-auth-3.2.0.jar:/home/user/.m2/repository/com/nimbusds/nimbus-jose-jwt/4.41.1/nimbus-jose-jwt-4.41.1.jar:/home/user/.m2/repository/com/github/stephenc/jcip/jcip-annotations/1.0-1/jcip-annotations-1.0-1.jar:/home/user/.m2/repository/net/minidev/json-smart/2.3/json-smart-2.3.jar:/home/user/.m2/repository/net/minidev/accessors-smart/1.2/accessors-smart-1.2.jar:/home/user/.m2/repository/org/ow2/asm/asm/5.0.4/asm-5.0.4.jar:/home/user/.m2/repository/org/apache/curator/curator-framework/2.12.0/curator-framework-2.12.0.jar:/home/user/.m2/repository/com/sun/jersey/jersey-core/1.19/jersey-core-1.19.jar:/home/user/.m2/repository/javax/ws/rs/jsr311-api/1.1.1/jsr311-api-1.1.1.jar:/home/user/.m2/repository/com/sun/jersey/jersey-server/1.19/jersey-server-1.19.jar:/home/user/.m2/repository/javax/servlet/javax.servlet-api/3.1.0/javax.servlet-api-3.1.0.jar:/home/user/.m2/repository/org/eclipse/jetty/jetty-server/9.3.25.v20180904/jetty-server-9.3.25.v20180904.jar:/home/user/.m2/repository/org/eclipse/jetty/jetty-http/9.3.25.v20180904/jetty-http-9.3.25.v20180904.jar:/home/user/.m2/repository/org/eclipse/jetty/jetty-io/9.3.25.v20180904/jetty-io-9.3.25.v20180904.jar:/home/user/.m2/repository/org/eclipse/jetty/jetty-webapp/9.3.25.v20180904/jetty-webapp-9.3.25.v20180904.jar:/home/user/.m2/repository/org/eclipse/jetty/jetty-xml/9.3.25.v20180904/jetty-xml-9.3.25.v20180904.jar:/home/user/.m2/repository/log4j/log4j/1.2.17/log4j-1.2.17.jar:/home/user/.m2/repository/org/slf4j/slf4j-api/1.7.25/slf4j-api-1.7.25.jar:/home/user/.m2/repository/org/slf4j/jul-to-slf4j/1.7.25/jul-to-slf4j-1.7.25.jar:/home/user/.m2/repository/org/eclipse/jetty/jetty-util/9.3.25.v20180904/jetty-util-9.3.25.v20180904.jar:/home/user/.m2/repository/com/fasterxml/jackson/core/jackson-databind/2.9.9/jackson-databind-2.9.9.jar:/home/user/.m2/repository/org/apache/hadoop/hadoop-kms/3.2.0/hadoop-kms-3.2.0-tests.jar:/home/user/.m2/repository/org/apache/hadoop/hadoop-hdds-server-scm/0.5.0-SNAPSHOT/hadoop-hdds-server-scm-0.5.0-SNAPSHOT-tests.jar:/home/user/.m2/repository/org/apache/hadoop/hadoop-hdds-container-service/0.5.0-SNAPSHOT/hadoop-hdds-container-service-0.5.0-SNAPSHOT-tests.jar:/home/user/.m2/repository/org/yaml/snakeyaml/1.16/snakeyaml-1.16.jar:/home/user/.m2/repository/org/apache/hadoop/hadoop-common/3.2.0/hadoop-common-3.2.0-tests.jar:/home/user/.m2/repository/org/apache/hadoop/hadoop-annotations/3.2.0/hadoop-annotations-3.2.0.jar:/usr/lib/jvm/java-1.8.0-openjdk-1.8.0.222.b10-1.el7_7.x86_64/jre/../lib/tools.jar:/home/user/.m2/repository/commons-cli/commons-cli/1.2/commons-cli-1.2.jar:/home/user/.m2/repository/org/apache/httpcomponents/httpclient/4.5.2/httpclient-4.5.2.jar:/home/user/.m2/repository/org/apache/httpcomponents/httpcore/4.4.4/httpcore-4.4.4.jar:/home/user/.m2/repository/commons-codec/commons-codec/1.11/commons-codec-1.11.jar:/home/user/.m2/repository/commons-net/commons-net/3.6/commons-net-3.6.jar:/home/user/.m2/repository/commons-collections/commons-collections/3.2.2/commons-collections-3.2.2.jar:/home/user/.m2/repository/org/eclipse/jetty/jetty-servlet/9.3.25.v20180904/jetty-servlet-9.3.25.v20180904.jar:/home/user/.m2/repository/org/eclipse/jetty/jetty-security/9.3.25.v20180904/jetty-security-9.3.25.v20180904.jar:/home/user/.m2/repository/javax/servlet/jsp/jsp-api/2.1/jsp-api-2.1.jar:/home/user/.m2/repository/com/sun/jersey/jersey-servlet/1.19/jersey-servlet-1.19.jar:/home/user/.m2/repository/com/sun/jersey/jersey-json/1.19/jersey-json-1.19.jar:/home/user/.m2/repository/org/codehaus/jettison/jettison/1.1/jettison-1.1.jar:/home/user/.m2/repository/org/codehaus/jackson/jackson-core-asl/1.9.13/jackson-core-asl-1.9.13.jar:/home/user/.m2/repository/org/codehaus/jackson/jackson-mapper-asl/1.9.13/jackson-mapper-asl-1.9.13.jar:/home/user/.m2/repository/org/codehaus/jackson/jackson-jaxrs/1.9.13/jackson-jaxrs-1.9.13.jar:/home/user/.m2/repository/org/codehaus/jackson/jackson-xc/1.9.13/jackson-xc-1.9.13.jar:/home/user/.m2/repository/commons-logging/commons-logging/1.1.3/commons-logging-1.1.3.jar:/home/user/.m2/repository/commons-beanutils/commons-beanutils/1.9.4/commons-beanutils-1.9.4.jar:/home/user/.m2/repository/org/apache/commons/commons-configuration2/2.1.1/commons-configuration2-2.1.1.jar:/home/user/.m2/repository/org/apache/commons/commons-lang3/3.7/commons-lang3-3.7.jar:/home/user/.m2/repository/org/apache/commons/commons-text/1.4/commons-text-1.4.jar:/home/user/.m2/repository/org/apache/avro/avro/1.7.7/avro-1.7.7.jar:/home/user/.m2/repository/com/thoughtworks/paranamer/paranamer/2.3/paranamer-2.3.jar:/home/user/.m2/repository/org/xerial/snappy/snappy-java/1.0.5/snappy-java-1.0.5.jar:/home/user/.m2/repository/com/google/re2j/re2j/1.1/re2j-1.1.jar:/home/user/.m2/repository/com/google/code/gson/gson/2.2.4/gson-2.2.4.jar:/home/user/.m2/repository/com/jcraft/jsch/0.1.54/jsch-0.1.54.jar:/home/user/.m2/repository/org/apache/curator/curator-client/2.12.0/curator-client-2.12.0.jar:/home/user/.m2/repository/org/apache/curator/curator-recipes/2.12.0/curator-recipes-2.12.0.jar:/home/user/.m2/repository/com/google/code/findbugs/jsr305/3.0.0/jsr305-3.0.0.jar:/home/user/.m2/repository/org/apache/htrace/htrace-core4/4.1.0-incubating/htrace-core4-4.1.0-incubating.jar:/home/user/.m2/repository/org/apache/zookeeper/zookeeper/3.4.13/zookeeper-3.4.13.jar:/home/user/.m2/repository/jline/jline/0.9.94/jline-0.9.94.jar:/home/user/.m2/repository/org/apache/yetus/audience-annotations/0.5.0/audience-annotations-0.5.0.jar:/home/user/.m2/repository/org/codehaus/woodstox/stax2-api/3.1.4/stax2-api-3.1.4.jar:/home/user/.m2/repository/com/fasterxml/woodstox/woodstox-core/5.0.3/woodstox-core-5.0.3.jar:/home/user/.m2/repository/dnsjava/dnsjava/2.1.7/dnsjava-2.1.7.jar:/home/user/.m2/repository/org/apache/hadoop/hadoop-hdfs/3.2.0/hadoop-hdfs-3.2.0-tests.jar:/home/user/.m2/repository/org/eclipse/jetty/jetty-util-ajax/9.3.25.v20180904/jetty-util-ajax-9.3.25.v20180904.jar:/home/user/.m2/repository/commons-daemon/commons-daemon/1.0.13/commons-daemon-1.0.13.jar:/home/user/.m2/repository/io/netty/netty/3.10.5.Final/netty-3.10.5.Final.jar:/home/user/.m2/repository/io/netty/netty-all/4.0.52.Final/netty-all-4.0.52.Final.jar:/home/user/.m2/repository/org/fusesource/leveldbjni/leveldbjni-all/1.8/leveldbjni-all-1.8.jar:"/>
    <property name="java.vm.vendor" value="Oracle Corporation"/>
    <property name="sun.arch.data.model" value="64"/>
    <property name="test.build.dir" value="/workdir/hadoop-ozone/integration-test/target/test-dir"/>
    <property name="test.cache.data" value=""/>
    <property name="java.vendor.url" value="http://java.oracle.com/"/>
    <property name="user.timezone" value=""/>
    <property name="java.vm.specification.version" value="1.8"/>
    <property name="os.name" value="Linux"/>
    <property name="test.build.data" value="/workdir/hadoop-ozone/integration-test/target/test-dir"/>
    <property name="user.country" value="US"/>
    <property name="sun.java.launcher" value="SUN_STANDARD"/>
    <property name="sun.boot.library.path" value="/usr/lib/jvm/java-1.8.0-openjdk-1.8.0.222.b10-1.el7_7.x86_64/jre/lib/amd64"/>
    <property name="sun.java.command" value="/workdir/hadoop-ozone/integration-test/target/surefire/surefirebooter3784658634608903560.jar /workdir/hadoop-ozone/integration-test/target/surefire 2019-10-15T21-08-09_855-jvmRun1 surefire6120323697876749060tmp surefire_26780553136078237270tmp"/>
    <property name="surefire.test.class.path" value="/workdir/hadoop-ozone/integration-test/target/test-classes:/workdir/hadoop-ozone/integration-test/target/classes:/home/user/.m2/repository/org/apache/hadoop/hadoop-ozone-common/0.5.0-SNAPSHOT/hadoop-ozone-common-0.5.0-SNAPSHOT.jar:/home/user/.m2/repository/org/apache/commons/commons-compress/1.4.1/commons-compress-1.4.1.jar:/home/user/.m2/repository/org/tukaani/xz/1.0/xz-1.0.jar:/home/user/.m2/repository/org/apache/hadoop/hadoop-common/3.2.0/hadoop-common-3.2.0.jar:/home/user/.m2/repository/org/apache/hadoop/hadoop-hdfs/3.2.0/hadoop-hdfs-3.2.0.jar:/home/user/.m2/repository/org/apache/hadoop/hadoop-hdfs-client/3.2.0/hadoop-hdfs-client-3.2.0.jar:/home/user/.m2/repository/com/fasterxml/jackson/core/jackson-annotations/2.9.9/jackson-annotations-2.9.9.jar:/home/user/.m2/repository/org/apache/hadoop/hadoop-hdds-common/0.5.0-SNAPSHOT/hadoop-hdds-common-0.5.0-SNAPSHOT.jar:/home/user/.m2/repository/javax/annotation/javax.annotation-api/1.2/javax.annotation-api-1.2.jar:/home/user/.m2/repository/org/apache/ratis/ratis-server/0.5.0-3f446aa-SNAPSHOT/ratis-server-0.5.0-3f446aa-SNAPSHOT.jar:/home/user/.m2/repository/org/apache/ratis/ratis-thirdparty-misc/0.2.0/ratis-thirdparty-misc-0.2.0.jar:/home/user/.m2/repository/org/apache/ratis/ratis-proto/0.5.0-3f446aa-SNAPSHOT/ratis-proto-0.5.0-3f446aa-SNAPSHOT.jar:/home/user/.m2/repository/org/apache/ratis/ratis-common/0.5.0-3f446aa-SNAPSHOT/ratis-common-0.5.0-3f446aa-SNAPSHOT.jar:/home/user/.m2/repository/org/apache/ratis/ratis-client/0.5.0-3f446aa-SNAPSHOT/ratis-client-0.5.0-3f446aa-SNAPSHOT.jar:/home/user/.m2/repository/org/apache/ratis/ratis-metrics/0.5.0-3f446aa-SNAPSHOT/ratis-metrics-0.5.0-3f446aa-SNAPSHOT.jar:/home/user/.m2/repository/com/github/joshelser/dropwizard-metrics-hadoop-metrics2-reporter/0.1.2/dropwizard-metrics-hadoop-metrics2-reporter-0.1.2.jar:/home/user/.m2/repository/io/dropwizard/metrics/metrics-jvm/3.2.5/metrics-jvm-3.2.5.jar:/home/user/.m2/repository/io/dropwizard/metrics/metrics-ganglia/3.2.5/metrics-ganglia-3.2.5.jar:/home/user/.m2/repository/info/ganglia/gmetric4j/gmetric4j/1.0.7/gmetric4j-1.0.7.jar:/home/user/.m2/repository/org/apache/ratis/ratis-netty/0.5.0-3f446aa-SNAPSHOT/ratis-netty-0.5.0-3f446aa-SNAPSHOT.jar:/home/user/.m2/repository/org/apache/ratis/ratis-grpc/0.5.0-3f446aa-SNAPSHOT/ratis-grpc-0.5.0-3f446aa-SNAPSHOT.jar:/home/user/.m2/repository/org/rocksdb/rocksdbjni/6.0.1/rocksdbjni-6.0.1.jar:/home/user/.m2/repository/org/apache/logging/log4j/log4j-api/2.11.0/log4j-api-2.11.0.jar:/home/user/.m2/repository/org/apache/logging/log4j/log4j-core/2.11.0/log4j-core-2.11.0.jar:/home/user/.m2/repository/com/lmax/disruptor/3.4.2/disruptor-3.4.2.jar:/home/user/.m2/repository/org/apache/commons/commons-pool2/2.6.0/commons-pool2-2.6.0.jar:/home/user/.m2/repository/org/bouncycastle/bcpkix-jdk15on/1.60/bcpkix-jdk15on-1.60.jar:/home/user/.m2/repository/commons-validator/commons-validator/1.6/commons-validator-1.6.jar:/home/user/.m2/repository/commons-digester/commons-digester/1.8.1/commons-digester-1.8.1.jar:/home/user/.m2/repository/io/jaegertracing/jaeger-client/0.34.0/jaeger-client-0.34.0.jar:/home/user/.m2/repository/io/jaegertracing/jaeger-thrift/0.34.0/jaeger-thrift-0.34.0.jar:/home/user/.m2/repository/org/apache/thrift/libthrift/0.12.0/libthrift-0.12.0.jar:/home/user/.m2/repository/com/squareup/okhttp3/okhttp/3.9.0/okhttp-3.9.0.jar:/home/user/.m2/repository/com/squareup/okio/okio/1.13.0/okio-1.13.0.jar:/home/user/.m2/repository/io/jaegertracing/jaeger-core/0.34.0/jaeger-core-0.34.0.jar:/home/user/.m2/repository/io/jaegertracing/jaeger-tracerresolver/0.34.0/jaeger-tracerresolver-0.34.0.jar:/home/user/.m2/repository/io/opentracing/contrib/opentracing-tracerresolver/0.1.5/opentracing-tracerresolver-0.1.5.jar:/home/user/.m2/repository/io/opentracing/opentracing-util/0.31.0/opentracing-util-0.31.0.jar:/home/user/.m2/repository/io/opentracing/opentracing-api/0.31.0/opentracing-api-0.31.0.jar:/home/user/.m2/repository/io/opentracing/opentracing-noop/0.31.0/opentracing-noop-0.31.0.jar:/home/user/.m2/repository/org/apache/hadoop/hadoop-hdds-server-framework/0.5.0-SNAPSHOT/hadoop-hdds-server-framework-0.5.0-SNAPSHOT.jar:/home/user/.m2/repository/org/apache/hadoop/hadoop-hdds-container-service/0.5.0-SNAPSHOT/hadoop-hdds-container-service-0.5.0-SNAPSHOT.jar:/home/user/.m2/repository/org/apache/hadoop/hadoop-hdds-client/0.5.0-SNAPSHOT/hadoop-hdds-client-0.5.0-SNAPSHOT.jar:/home/user/.m2/repository/org/apache/hadoop/hadoop-hdds-tools/0.5.0-SNAPSHOT/hadoop-hdds-tools-0.5.0-SNAPSHOT.jar:/home/user/.m2/repository/org/apache/hadoop/hadoop-hdds-server-scm/0.5.0-SNAPSHOT/hadoop-hdds-server-scm-0.5.0-SNAPSHOT.jar:/home/user/.m2/repository/org/apache/hadoop/hadoop-hdds-docs/0.5.0-SNAPSHOT/hadoop-hdds-docs-0.5.0-SNAPSHOT.jar:/home/user/.m2/repository/io/dropwizard/metrics/metrics-core/3.2.4/metrics-core-3.2.4.jar:/home/user/.m2/repository/org/hamcrest/hamcrest-all/1.3/hamcrest-all-1.3.jar:/home/user/.m2/repository/org/bouncycastle/bcprov-jdk15on/1.60/bcprov-jdk15on-1.60.jar:/home/user/.m2/repository/info/picocli/picocli/3.9.6/picocli-3.9.6.jar:/home/user/.m2/repository/com/google/protobuf/protobuf-java/2.5.0/protobuf-java-2.5.0.jar:/home/user/.m2/repository/com/google/guava/guava/11.0.2/guava-11.0.2.jar:/home/user/.m2/repository/org/apache/hadoop/hadoop-ozone-ozone-manager/0.5.0-SNAPSHOT/hadoop-ozone-ozone-manager-0.5.0-SNAPSHOT.jar:/home/user/.m2/repository/org/apache/hadoop/hadoop-minikdc/3.2.0/hadoop-minikdc-3.2.0.jar:/home/user/.m2/repository/commons-io/commons-io/2.5/commons-io-2.5.jar:/home/user/.m2/repository/org/apache/kerby/kerb-simplekdc/1.0.1/kerb-simplekdc-1.0.1.jar:/home/user/.m2/repository/org/apache/kerby/kerb-client/1.0.1/kerb-client-1.0.1.jar:/home/user/.m2/repository/org/apache/kerby/kerby-config/1.0.1/kerby-config-1.0.1.jar:/home/user/.m2/repository/org/apache/kerby/kerb-core/1.0.1/kerb-core-1.0.1.jar:/home/user/.m2/repository/org/apache/kerby/kerby-pkix/1.0.1/kerby-pkix-1.0.1.jar:/home/user/.m2/repository/org/apache/kerby/kerby-asn1/1.0.1/kerby-asn1-1.0.1.jar:/home/user/.m2/repository/org/apache/kerby/kerby-util/1.0.1/kerby-util-1.0.1.jar:/home/user/.m2/repository/org/apache/kerby/kerb-common/1.0.1/kerb-common-1.0.1.jar:/home/user/.m2/repository/org/apache/kerby/kerb-crypto/1.0.1/kerb-crypto-1.0.1.jar:/home/user/.m2/repository/org/apache/kerby/kerb-util/1.0.1/kerb-util-1.0.1.jar:/home/user/.m2/repository/org/apache/kerby/token-provider/1.0.1/token-provider-1.0.1.jar:/home/user/.m2/repository/org/apache/kerby/kerb-admin/1.0.1/kerb-admin-1.0.1.jar:/home/user/.m2/repository/org/apache/kerby/kerb-server/1.0.1/kerb-server-1.0.1.jar:/home/user/.m2/repository/org/apache/kerby/kerb-identity/1.0.1/kerb-identity-1.0.1.jar:/home/user/.m2/repository/org/apache/kerby/kerby-xdr/1.0.1/kerby-xdr-1.0.1.jar:/home/user/.m2/repository/org/slf4j/slf4j-log4j12/1.7.25/slf4j-log4j12-1.7.25.jar:/home/user/.m2/repository/org/apache/hadoop/hadoop-ozone-s3gateway/0.5.0-SNAPSHOT/hadoop-ozone-s3gateway-0.5.0-SNAPSHOT.jar:/home/user/.m2/repository/org/jboss/weld/servlet/weld-servlet/2.4.7.Final/weld-servlet-2.4.7.Final.jar:/home/user/.m2/repository/org/glassfish/jersey/containers/jersey-container-servlet-core/2.27/jersey-container-servlet-core-2.27.jar:/home/user/.m2/repository/org/glassfish/hk2/external/javax.inject/2.5.0-b42/javax.inject-2.5.0-b42.jar:/home/user/.m2/repository/org/glassfish/jersey/core/jersey-common/2.27/jersey-common-2.27.jar:/home/user/.m2/repository/org/glassfish/hk2/osgi-resource-locator/1.0.1/osgi-resource-locator-1.0.1.jar:/home/user/.m2/repository/javax/ws/rs/javax.ws.rs-api/2.1/javax.ws.rs-api-2.1.jar:/home/user/.m2/repository/org/glassfish/jersey/ext/cdi/jersey-cdi1x/2.27/jersey-cdi1x-2.27.jar:/home/user/.m2/repository/org/glassfish/jersey/inject/jersey-hk2/2.27/jersey-hk2-2.27.jar:/home/user/.m2/repository/org/glassfish/hk2/hk2-locator/2.5.0-b42/hk2-locator-2.5.0-b42.jar:/home/user/.m2/repository/org/javassist/javassist/3.22.0-CR2/javassist-3.22.0-CR2.jar:/home/user/.m2/repository/org/glassfish/hk2/hk2-api/2.5.0/hk2-api-2.5.0.jar:/home/user/.m2/repository/org/glassfish/hk2/external/jakarta.inject/2.5.0/jakarta.inject-2.5.0.jar:/home/user/.m2/repository/org/glassfish/hk2/hk2-utils/2.5.0/hk2-utils-2.5.0.jar:/home/user/.m2/repository/jakarta/annotation/jakarta.annotation-api/1.3.4/jakarta.annotation-api-1.3.4.jar:/home/user/.m2/repository/org/glassfish/hk2/external/aopalliance-repackaged/2.5.0/aopalliance-repackaged-2.5.0.jar:/home/user/.m2/repository/com/fasterxml/jackson/dataformat/jackson-dataformat-xml/2.9.0/jackson-dataformat-xml-2.9.0.jar:/home/user/.m2/repository/com/fasterxml/jackson/core/jackson-core/2.9.9/jackson-core-2.9.9.jar:/home/user/.m2/repository/com/fasterxml/jackson/module/jackson-module-jaxb-annotations/2.9.9/jackson-module-jaxb-annotations-2.9.9.jar:/home/user/.m2/repository/javax/enterprise/cdi-api/1.2/cdi-api-1.2.jar:/home/user/.m2/repository/javax/el/javax.el-api/3.0.0/javax.el-api-3.0.0.jar:/home/user/.m2/repository/javax/interceptor/javax.interceptor-api/1.2/javax.interceptor-api-1.2.jar:/home/user/.m2/repository/javax/inject/javax.inject/1/javax.inject-1.jar:/home/user/.m2/repository/com/sun/xml/bind/jaxb-impl/2.3.0.1/jaxb-impl-2.3.0.1.jar:/home/user/.m2/repository/com/sun/xml/bind/jaxb-core/2.3.0.1/jaxb-core-2.3.0.1.jar:/home/user/.m2/repository/javax/xml/bind/jaxb-api/2.3.0/jaxb-api-2.3.0.jar:/home/user/.m2/repository/javax/activation/activation/1.1.1/activation-1.1.1.jar:/home/user/.m2/repository/org/apache/hadoop/hadoop-ozone-csi/0.5.0-SNAPSHOT/hadoop-ozone-csi-0.5.0-SNAPSHOT.jar:/home/user/.m2/repository/com/google/protobuf/protobuf-java-util/3.5.1/protobuf-java-util-3.5.1.jar:/home/user/.m2/repository/org/apache/hadoop/hadoop-hdds-config/0.5.0-SNAPSHOT/hadoop-hdds-config-0.5.0-SNAPSHOT.jar:/home/user/.m2/repository/io/grpc/grpc-netty/1.17.1/grpc-netty-1.17.1.jar:/home/user/.m2/repository/io/grpc/grpc-core/1.17.1/grpc-core-1.17.1.jar:/home/user/.m2/repository/io/grpc/grpc-context/1.17.1/grpc-context-1.17.1.jar:/home/user/.m2/repository/com/google/errorprone/error_prone_annotations/2.2.0/error_prone_annotations-2.2.0.jar:/home/user/.m2/repository/org/codehaus/mojo/animal-sniffer-annotations/1.17/animal-sniffer-annotations-1.17.jar:/home/user/.m2/repository/io/opencensus/opencensus-api/0.17.0/opencensus-api-0.17.0.jar:/home/user/.m2/repository/io/opencensus/opencensus-contrib-grpc-metrics/0.17.0/opencensus-contrib-grpc-metrics-0.17.0.jar:/home/user/.m2/repository/io/netty/netty-codec-http2/4.1.30.Final/netty-codec-http2-4.1.30.Final.jar:/home/user/.m2/repository/io/netty/netty-codec-http/4.1.30.Final/netty-codec-http-4.1.30.Final.jar:/home/user/.m2/repository/io/netty/netty-codec/4.1.30.Final/netty-codec-4.1.30.Final.jar:/home/user/.m2/repository/io/netty/netty-handler/4.1.30.Final/netty-handler-4.1.30.Final.jar:/home/user/.m2/repository/io/netty/netty-handler-proxy/4.1.30.Final/netty-handler-proxy-4.1.30.Final.jar:/home/user/.m2/repository/io/netty/netty-codec-socks/4.1.30.Final/netty-codec-socks-4.1.30.Final.jar:/home/user/.m2/repository/io/netty/netty-transport-native-epoll/4.1.30.Final/netty-transport-native-epoll-4.1.30.Final.jar:/home/user/.m2/repository/io/netty/netty-common/4.1.30.Final/netty-common-4.1.30.Final.jar:/home/user/.m2/repository/io/netty/netty-buffer/4.1.30.Final/netty-buffer-4.1.30.Final.jar:/home/user/.m2/repository/io/netty/netty-transport/4.1.30.Final/netty-transport-4.1.30.Final.jar:/home/user/.m2/repository/io/netty/netty-resolver/4.1.30.Final/netty-resolver-4.1.30.Final.jar:/home/user/.m2/repository/io/netty/netty-transport-native-unix-common/4.1.30.Final/netty-transport-native-unix-common-4.1.30.Final.jar:/home/user/.m2/repository/io/grpc/grpc-protobuf/1.17.1/grpc-protobuf-1.17.1.jar:/home/user/.m2/repository/com/google/api/grpc/proto-google-common-protos/1.0.0/proto-google-common-protos-1.0.0.jar:/home/user/.m2/repository/io/grpc/grpc-protobuf-lite/1.17.1/grpc-protobuf-lite-1.17.1.jar:/home/user/.m2/repository/io/grpc/grpc-stub/1.17.1/grpc-stub-1.17.1.jar:/home/user/.m2/repository/org/apache/hadoop/hadoop-ozone-recon/0.5.0-SNAPSHOT/hadoop-ozone-recon-0.5.0-SNAPSHOT.jar:/home/user/.m2/repository/org/apache/hadoop/hadoop-ozone-reconcodegen/0.5.0-SNAPSHOT/hadoop-ozone-reconcodegen-0.5.0-SNAPSHOT.jar:/home/user/.m2/repository/com/google/inject/extensions/guice-multibindings/4.0/guice-multibindings-4.0.jar:/home/user/.m2/repository/com/google/inject/guice/4.0/guice-4.0.jar:/home/user/.m2/repository/aopalliance/aopalliance/1.0/aopalliance-1.0.jar:/home/user/.m2/repository/com/google/inject/extensions/guice-servlet/4.0/guice-servlet-4.0.jar:/home/user/.m2/repository/org/glassfish/jersey/containers/jersey-container-servlet/2.27/jersey-container-servlet-2.27.jar:/home/user/.m2/repository/org/glassfish/hk2/guice-bridge/2.5.0/guice-bridge-2.5.0.jar:/home/user/.m2/repository/org/glassfish/jersey/core/jersey-server/2.27/jersey-server-2.27.jar:/home/user/.m2/repository/org/glassfish/jersey/core/jersey-client/2.27/jersey-client-2.27.jar:/home/user/.m2/repository/org/glassfish/jersey/media/jersey-media-jaxb/2.27/jersey-media-jaxb-2.27.jar:/home/user/.m2/repository/javax/validation/validation-api/1.1.0.Final/validation-api-1.1.0.Final.jar:/home/user/.m2/repository/org/glassfish/jersey/media/jersey-media-json-jackson/2.27/jersey-media-json-jackson-2.27.jar:/home/user/.m2/repository/org/glassfish/jersey/ext/jersey-entity-filtering/2.27/jersey-entity-filtering-2.27.jar:/home/user/.m2/repository/com/google/inject/extensions/guice-assistedinject/4.0/guice-assistedinject-4.0.jar:/home/user/.m2/repository/org/jooq/jooq/3.11.10/jooq-3.11.10.jar:/home/user/.m2/repository/org/jooq/jooq-meta/3.11.10/jooq-meta-3.11.10.jar:/home/user/.m2/repository/org/jooq/jooq-codegen/3.11.10/jooq-codegen-3.11.10.jar:/home/user/.m2/repository/com/jolbox/bonecp/0.8.0.RELEASE/bonecp-0.8.0.RELEASE.jar:/home/user/.m2/repository/org/xerial/sqlite-jdbc/3.25.2/sqlite-jdbc-3.25.2.jar:/home/user/.m2/repository/org/springframework/spring-jdbc/5.1.3.RELEASE/spring-jdbc-5.1.3.RELEASE.jar:/home/user/.m2/repository/org/springframework/spring-beans/5.1.3.RELEASE/spring-beans-5.1.3.RELEASE.jar:/home/user/.m2/repository/org/springframework/spring-core/5.1.3.RELEASE/spring-core-5.1.3.RELEASE.jar:/home/user/.m2/repository/org/springframework/spring-jcl/5.1.3.RELEASE/spring-jcl-5.1.3.RELEASE.jar:/home/user/.m2/repository/org/springframework/spring-tx/5.1.3.RELEASE/spring-tx-5.1.3.RELEASE.jar:/home/user/.m2/repository/org/apache/hadoop/hadoop-ozone-client/0.5.0-SNAPSHOT/hadoop-ozone-client-0.5.0-SNAPSHOT.jar:/home/user/.m2/repository/commons-lang/commons-lang/2.6/commons-lang-2.6.jar:/home/user/.m2/repository/org/apache/hadoop/hadoop-ozone-ozone-manager/0.5.0-SNAPSHOT/hadoop-ozone-ozone-manager-0.5.0-SNAPSHOT-tests.jar:/home/user/.m2/repository/junit/junit/4.11/junit-4.11.jar:/home/user/.m2/repository/org/hamcrest/hamcrest-core/1.3/hamcrest-core-1.3.jar:/home/user/.m2/repository/org/openjdk/jmh/jmh-core/1.19/jmh-core-1.19.jar:/home/user/.m2/repository/net/sf/jopt-simple/jopt-simple/4.6/jopt-simple-4.6.jar:/home/user/.m2/repository/org/apache/commons/commons-math3/3.1.1/commons-math3-3.1.1.jar:/home/user/.m2/repository/org/openjdk/jmh/jmh-generator-annprocess/1.19/jmh-generator-annprocess-1.19.jar:/home/user/.m2/repository/org/mockito/mockito-all/1.8.5/mockito-all-1.8.5.jar:/home/user/.m2/repository/org/apache/hadoop/hadoop-kms/3.2.0/hadoop-kms-3.2.0.jar:/home/user/.m2/repository/org/apache/hadoop/hadoop-auth/3.2.0/hadoop-auth-3.2.0.jar:/home/user/.m2/repository/com/nimbusds/nimbus-jose-jwt/4.41.1/nimbus-jose-jwt-4.41.1.jar:/home/user/.m2/repository/com/github/stephenc/jcip/jcip-annotations/1.0-1/jcip-annotations-1.0-1.jar:/home/user/.m2/repository/net/minidev/json-smart/2.3/json-smart-2.3.jar:/home/user/.m2/repository/net/minidev/accessors-smart/1.2/accessors-smart-1.2.jar:/home/user/.m2/repository/org/ow2/asm/asm/5.0.4/asm-5.0.4.jar:/home/user/.m2/repository/org/apache/curator/curator-framework/2.12.0/curator-framework-2.12.0.jar:/home/user/.m2/repository/com/sun/jersey/jersey-core/1.19/jersey-core-1.19.jar:/home/user/.m2/repository/javax/ws/rs/jsr311-api/1.1.1/jsr311-api-1.1.1.jar:/home/user/.m2/repository/com/sun/jersey/jersey-server/1.19/jersey-server-1.19.jar:/home/user/.m2/repository/javax/servlet/javax.servlet-api/3.1.0/javax.servlet-api-3.1.0.jar:/home/user/.m2/repository/org/eclipse/jetty/jetty-server/9.3.25.v20180904/jetty-server-9.3.25.v20180904.jar:/home/user/.m2/repository/org/eclipse/jetty/jetty-http/9.3.25.v20180904/jetty-http-9.3.25.v20180904.jar:/home/user/.m2/repository/org/eclipse/jetty/jetty-io/9.3.25.v20180904/jetty-io-9.3.25.v20180904.jar:/home/user/.m2/repository/org/eclipse/jetty/jetty-webapp/9.3.25.v20180904/jetty-webapp-9.3.25.v20180904.jar:/home/user/.m2/repository/org/eclipse/jetty/jetty-xml/9.3.25.v20180904/jetty-xml-9.3.25.v20180904.jar:/home/user/.m2/repository/log4j/log4j/1.2.17/log4j-1.2.17.jar:/home/user/.m2/repository/org/slf4j/slf4j-api/1.7.25/slf4j-api-1.7.25.jar:/home/user/.m2/repository/org/slf4j/jul-to-slf4j/1.7.25/jul-to-slf4j-1.7.25.jar:/home/user/.m2/repository/org/eclipse/jetty/jetty-util/9.3.25.v20180904/jetty-util-9.3.25.v20180904.jar:/home/user/.m2/repository/com/fasterxml/jackson/core/jackson-databind/2.9.9/jackson-databind-2.9.9.jar:/home/user/.m2/repository/org/apache/hadoop/hadoop-kms/3.2.0/hadoop-kms-3.2.0-tests.jar:/home/user/.m2/repository/org/apache/hadoop/hadoop-hdds-server-scm/0.5.0-SNAPSHOT/hadoop-hdds-server-scm-0.5.0-SNAPSHOT-tests.jar:/home/user/.m2/repository/org/apache/hadoop/hadoop-hdds-container-service/0.5.0-SNAPSHOT/hadoop-hdds-container-service-0.5.0-SNAPSHOT-tests.jar:/home/user/.m2/repository/org/yaml/snakeyaml/1.16/snakeyaml-1.16.jar:/home/user/.m2/repository/org/apache/hadoop/hadoop-common/3.2.0/hadoop-common-3.2.0-tests.jar:/home/user/.m2/repository/org/apache/hadoop/hadoop-annotations/3.2.0/hadoop-annotations-3.2.0.jar:/usr/lib/jvm/java-1.8.0-openjdk-1.8.0.222.b10-1.el7_7.x86_64/jre/../lib/tools.jar:/home/user/.m2/repository/commons-cli/commons-cli/1.2/commons-cli-1.2.jar:/home/user/.m2/repository/org/apache/httpcomponents/httpclient/4.5.2/httpclient-4.5.2.jar:/home/user/.m2/repository/org/apache/httpcomponents/httpcore/4.4.4/httpcore-4.4.4.jar:/home/user/.m2/repository/commons-codec/commons-codec/1.11/commons-codec-1.11.jar:/home/user/.m2/repository/commons-net/commons-net/3.6/commons-net-3.6.jar:/home/user/.m2/repository/commons-collections/commons-collections/3.2.2/commons-collections-3.2.2.jar:/home/user/.m2/repository/org/eclipse/jetty/jetty-servlet/9.3.25.v20180904/jetty-servlet-9.3.25.v20180904.jar:/home/user/.m2/repository/org/eclipse/jetty/jetty-security/9.3.25.v20180904/jetty-security-9.3.25.v20180904.jar:/home/user/.m2/repository/javax/servlet/jsp/jsp-api/2.1/jsp-api-2.1.jar:/home/user/.m2/repository/com/sun/jersey/jersey-servlet/1.19/jersey-servlet-1.19.jar:/home/user/.m2/repository/com/sun/jersey/jersey-json/1.19/jersey-json-1.19.jar:/home/user/.m2/repository/org/codehaus/jettison/jettison/1.1/jettison-1.1.jar:/home/user/.m2/repository/org/codehaus/jackson/jackson-core-asl/1.9.13/jackson-core-asl-1.9.13.jar:/home/user/.m2/repository/org/codehaus/jackson/jackson-mapper-asl/1.9.13/jackson-mapper-asl-1.9.13.jar:/home/user/.m2/repository/org/codehaus/jackson/jackson-jaxrs/1.9.13/jackson-jaxrs-1.9.13.jar:/home/user/.m2/repository/org/codehaus/jackson/jackson-xc/1.9.13/jackson-xc-1.9.13.jar:/home/user/.m2/repository/commons-logging/commons-logging/1.1.3/commons-logging-1.1.3.jar:/home/user/.m2/repository/commons-beanutils/commons-beanutils/1.9.4/commons-beanutils-1.9.4.jar:/home/user/.m2/repository/org/apache/commons/commons-configuration2/2.1.1/commons-configuration2-2.1.1.jar:/home/user/.m2/repository/org/apache/commons/commons-lang3/3.7/commons-lang3-3.7.jar:/home/user/.m2/repository/org/apache/commons/commons-text/1.4/commons-text-1.4.jar:/home/user/.m2/repository/org/apache/avro/avro/1.7.7/avro-1.7.7.jar:/home/user/.m2/repository/com/thoughtworks/paranamer/paranamer/2.3/paranamer-2.3.jar:/home/user/.m2/repository/org/xerial/snappy/snappy-java/1.0.5/snappy-java-1.0.5.jar:/home/user/.m2/repository/com/google/re2j/re2j/1.1/re2j-1.1.jar:/home/user/.m2/repository/com/google/code/gson/gson/2.2.4/gson-2.2.4.jar:/home/user/.m2/repository/com/jcraft/jsch/0.1.54/jsch-0.1.54.jar:/home/user/.m2/repository/org/apache/curator/curator-client/2.12.0/curator-client-2.12.0.jar:/home/user/.m2/repository/org/apache/curator/curator-recipes/2.12.0/curator-recipes-2.12.0.jar:/home/user/.m2/repository/com/google/code/findbugs/jsr305/3.0.0/jsr305-3.0.0.jar:/home/user/.m2/repository/org/apache/htrace/htrace-core4/4.1.0-incubating/htrace-core4-4.1.0-incubating.jar:/home/user/.m2/repository/org/apache/zookeeper/zookeeper/3.4.13/zookeeper-3.4.13.jar:/home/user/.m2/repository/jline/jline/0.9.94/jline-0.9.94.jar:/home/user/.m2/repository/org/apache/yetus/audience-annotations/0.5.0/audience-annotations-0.5.0.jar:/home/user/.m2/repository/org/codehaus/woodstox/stax2-api/3.1.4/stax2-api-3.1.4.jar:/home/user/.m2/repository/com/fasterxml/woodstox/woodstox-core/5.0.3/woodstox-core-5.0.3.jar:/home/user/.m2/repository/dnsjava/dnsjava/2.1.7/dnsjava-2.1.7.jar:/home/user/.m2/repository/org/apache/hadoop/hadoop-hdfs/3.2.0/hadoop-hdfs-3.2.0-tests.jar:/home/user/.m2/repository/org/eclipse/jetty/jetty-util-ajax/9.3.25.v20180904/jetty-util-ajax-9.3.25.v20180904.jar:/home/user/.m2/repository/commons-daemon/commons-daemon/1.0.13/commons-daemon-1.0.13.jar:/home/user/.m2/repository/io/netty/netty/3.10.5.Final/netty-3.10.5.Final.jar:/home/user/.m2/repository/io/netty/netty-all/4.0.52.Final/netty-all-4.0.52.Final.jar:/home/user/.m2/repository/org/fusesource/leveldbjni/leveldbjni-all/1.8/leveldbjni-all-1.8.jar:"/>
    <property name="sun.cpu.endian" value="little"/>
    <property name="user.home" value="/home/user"/>
    <property name="user.language" value="en"/>
    <property name="java.specification.vendor" value="Oracle Corporation"/>
    <property name="java.home" value="/usr/lib/jvm/java-1.8.0-openjdk-1.8.0.222.b10-1.el7_7.x86_64/jre"/>
    <property name="surefire.excludesFile" value="/tools/ozone-bad-unit-tests"/>
    <property name="java.security.krb5.conf" value="/workdir/hadoop-ozone/integration-test/target/test-classes/krb5.conf"/>
    <property name="basedir" value="/workdir/hadoop-ozone/integration-test"/>
    <property name="file.separator" value="/"/>
    <property name="line.separator" value="&#10;"/>
    <property name="java.vm.specification.vendor" value="Oracle Corporation"/>
    <property name="java.specification.name" value="Java Platform API Specification"/>
    <property name="java.awt.graphicsenv" value="sun.awt.X11GraphicsEnvironment"/>
    <property name="surefire.real.class.path" value="/workdir/hadoop-ozone/integration-test/target/surefire/surefirebooter3784658634608903560.jar"/>
    <property name="hadoop.log.dir" value="/workdir/hadoop-ozone/integration-test/target/log"/>
    <property name="sun.boot.class.path" value="/usr/lib/jvm/java-1.8.0-openjdk-1.8.0.222.b10-1.el7_7.x86_64/jre/lib/resources.jar:/usr/lib/jvm/java-1.8.0-openjdk-1.8.0.222.b10-1.el7_7.x86_64/jre/lib/rt.jar:/usr/lib/jvm/java-1.8.0-openjdk-1.8.0.222.b10-1.el7_7.x86_64/jre/lib/sunrsasign.jar:/usr/lib/jvm/java-1.8.0-openjdk-1.8.0.222.b10-1.el7_7.x86_64/jre/lib/jsse.jar:/usr/lib/jvm/java-1.8.0-openjdk-1.8.0.222.b10-1.el7_7.x86_64/jre/lib/jce.jar:/usr/lib/jvm/java-1.8.0-openjdk-1.8.0.222.b10-1.el7_7.x86_64/jre/lib/charsets.jar:/usr/lib/jvm/java-1.8.0-openjdk-1.8.0.222.b10-1.el7_7.x86_64/jre/lib/jfr.jar:/usr/lib/jvm/java-1.8.0-openjdk-1.8.0.222.b10-1.el7_7.x86_64/jre/classes"/>
    <property name="sun.management.compiler" value="HotSpot 64-Bit Tiered Compilers"/>
    <property name="java.runtime.version" value="1.8.0_222-b10"/>
    <property name="java.net.preferIPv4Stack" value="true"/>
    <property name="user.name" value="jenkins1000"/>
    <property name="path.separator" value=":"/>
    <property name="java.security.egd" value="file:///dev/urandom"/>
    <property name="os.version" value="3.10.0-957.12.2.el7.x86_64"/>
    <property name="java.endorsed.dirs" value="/usr/lib/jvm/java-1.8.0-openjdk-1.8.0.222.b10-1.el7_7.x86_64/jre/lib/endorsed"/>
    <property name="java.runtime.name" value="OpenJDK Runtime Environment"/>
    <property name="file.encoding" value="ANSI_X3.4-1968"/>
    <property name="java.vm.name" value="OpenJDK 64-Bit Server VM"/>
    <property name="test.build.webapps" value=""/>
    <property name="localRepository" value="/home/user/.m2/repository"/>
    <property name="java.vendor.url.bug" value="http://bugreport.sun.com/bugreport/"/>
    <property name="java.io.tmpdir" value="/tmp"/>
    <property name="require.test.libhadoop" value=""/>
    <property name="java.version" value="1.8.0_222"/>
    <property name="user.dir" value="/workdir/hadoop-ozone/integration-test"/>
    <property name="os.arch" value="amd64"/>
    <property name="java.vm.specification.name" value="Java Virtual Machine Specification"/>
    <property name="test.build.classes" value="/workdir/hadoop-ozone/integration-test/target/test-classes"/>
    <property name="java.awt.printerjob" value="sun.print.PSPrinterJob"/>
    <property name="sun.os.patch.level" value="unknown"/>
    <property name="hadoop.tmp.dir" value="/workdir/hadoop-ozone/integration-test/target/tmp"/>
    <property name="java.library.path" value="/usr/lib:/workdir/hadoop-ozone/integration-test/target/native/target/usr/local/lib:/workdir/hadoop-ozone/integration-test/../../hadoop-common-project/hadoop-common/target/native/target/usr/local/lib:/usr/java/packages/lib/amd64:/usr/lib64:/lib64:/lib:/usr/lib"/>
    <property name="java.vm.info" value="mixed mode"/>
    <property name="java.vendor" value="Oracle Corporation"/>
    <property name="java.vm.version" value="25.222-b10"/>
    <property name="java.ext.dirs" value="/usr/lib/jvm/java-1.8.0-openjdk-1.8.0.222.b10-1.el7_7.x86_64/jre/lib/ext:/usr/java/packages/lib/ext"/>
    <property name="sun.io.unicode.encoding" value="UnicodeLittle"/>
    <property name="java.class.version" value="52.0"/>
  </properties>
  <testcase name="testDeleteKeyWithSlowFollower" classname="org.apache.hadoop.ozone.client.rpc.TestDeleteWithSlowFollower" time="111.734">
    <failure type="java.lang.AssertionError">java.lang.AssertionError
	at org.junit.Assert.fail(Assert.java:86)
	at org.junit.Assert.assertTrue(Assert.java:41)
	at org.junit.Assert.assertTrue(Assert.java:52)
	at org.apache.hadoop.ozone.client.rpc.TestDeleteWithSlowFollower.testDeleteKeyWithSlowFollower(TestDeleteWithSlowFollower.java:265)
	at sun.reflect.NativeMethodAccessorImpl.invoke0(Native Method)
	at sun.reflect.NativeMethodAccessorImpl.invoke(NativeMethodAccessorImpl.java:62)
	at sun.reflect.DelegatingMethodAccessorImpl.invoke(DelegatingMethodAccessorImpl.java:43)
	at java.lang.reflect.Method.invoke(Method.java:498)
	at org.junit.runners.model.FrameworkMethod$1.runReflectiveCall(FrameworkMethod.java:47)
	at org.junit.internal.runners.model.ReflectiveCallable.run(ReflectiveCallable.java:12)
	at org.junit.runners.model.FrameworkMethod.invokeExplosively(FrameworkMethod.java:44)
	at org.junit.internal.runners.statements.InvokeMethod.evaluate(InvokeMethod.java:17)
	at org.junit.runners.ParentRunner.runLeaf(ParentRunner.java:271)
	at org.junit.runners.BlockJUnit4ClassRunner.runChild(BlockJUnit4ClassRunner.java:70)
	at org.junit.runners.BlockJUnit4ClassRunner.runChild(BlockJUnit4ClassRunner.java:50)
	at org.junit.runners.ParentRunner$3.run(ParentRunner.java:238)
	at org.junit.runners.ParentRunner$1.schedule(ParentRunner.java:63)
	at org.junit.runners.ParentRunner.runChildren(ParentRunner.java:236)
	at org.junit.runners.ParentRunner.access$000(ParentRunner.java:53)
	at org.junit.runners.ParentRunner$2.evaluate(ParentRunner.java:229)
	at org.junit.internal.runners.statements.RunBefores.evaluate(RunBefores.java:26)
	at org.junit.internal.runners.statements.RunAfters.evaluate(RunAfters.java:27)
	at org.junit.runners.ParentRunner.run(ParentRunner.java:309)
	at org.apache.maven.surefire.junit4.JUnit4Provider.execute(JUnit4Provider.java:365)
	at org.apache.maven.surefire.junit4.JUnit4Provider.executeWithRerun(JUnit4Provider.java:273)
	at org.apache.maven.surefire.junit4.JUnit4Provider.executeTestSet(JUnit4Provider.java:238)
	at org.apache.maven.surefire.junit4.JUnit4Provider.invoke(JUnit4Provider.java:159)
	at org.apache.maven.surefire.booter.ForkedBooter.invokeProviderInSameClassLoader(ForkedBooter.java:384)
	at org.apache.maven.surefire.booter.ForkedBooter.runSuitesInProcess(ForkedBooter.java:345)
	at org.apache.maven.surefire.booter.ForkedBooter.execute(ForkedBooter.java:126)
	at org.apache.maven.surefire.booter.ForkedBooter.main(ForkedBooter.java:418)
</failure>
    <system-out><![CDATA[2019-10-15 21:52:44,468 [main] WARN  server.ServerUtils (ServerUtils.java:getScmDbDir(145)) - ozone.scm.db.dirs is not configured. We recommend adding this setting. Falling back to ozone.metadata.dirs instead.
2019-10-15 21:52:44,595 [main] WARN  server.ServerUtils (ServerUtils.java:getScmDbDir(145)) - ozone.scm.db.dirs is not configured. We recommend adding this setting. Falling back to ozone.metadata.dirs instead.
2019-10-15 21:52:44,599 [main] WARN  server.ServerUtils (ServerUtils.java:getScmDbDir(145)) - ozone.scm.db.dirs is not configured. We recommend adding this setting. Falling back to ozone.metadata.dirs instead.
2019-10-15 21:52:44,627 [main] INFO  util.log (Log.java:initialized(192)) - Logging initialized @889ms
2019-10-15 21:52:44,724 [main] INFO  db.DBStoreBuilder (DBStoreBuilder.java:addTable(117)) - using custom profile for table: deletedBlocks
2019-10-15 21:52:44,724 [main] INFO  db.DBStoreBuilder (DBStoreBuilder.java:processTables(168)) - Using default column profile:DBProfile.DISK for Table:deletedBlocks
2019-10-15 21:52:44,724 [main] INFO  db.DBStoreBuilder (DBStoreBuilder.java:addTable(117)) - using custom profile for table: validCerts
2019-10-15 21:52:44,725 [main] INFO  db.DBStoreBuilder (DBStoreBuilder.java:processTables(168)) - Using default column profile:DBProfile.DISK for Table:validCerts
2019-10-15 21:52:44,725 [main] INFO  db.DBStoreBuilder (DBStoreBuilder.java:addTable(117)) - using custom profile for table: revokedCerts
2019-10-15 21:52:44,725 [main] INFO  db.DBStoreBuilder (DBStoreBuilder.java:processTables(168)) - Using default column profile:DBProfile.DISK for Table:revokedCerts
2019-10-15 21:52:44,736 [main] INFO  db.DBStoreBuilder (DBStoreBuilder.java:addTable(117)) - using custom profile for table: default
2019-10-15 21:52:44,737 [main] INFO  db.DBStoreBuilder (DBStoreBuilder.java:processTables(174)) - Using default column profile:DBProfile.DISK for Table:default
2019-10-15 21:52:44,738 [main] INFO  db.DBStoreBuilder (DBStoreBuilder.java:getDbProfile(205)) - Using default options. DBProfile.DISK
2019-10-15 21:52:45,036 [main] INFO  net.NodeSchemaLoader (NodeSchemaLoader.java:loadSchemaFromFile(125)) - Loading file from sun.misc.CompoundEnumeration@74235045
2019-10-15 21:52:45,039 [main] INFO  net.NodeSchemaLoader (NodeSchemaLoader.java:loadSchema(171)) - Loading network topology layer schema file
2019-10-15 21:52:45,097 [main] WARN  server.ServerUtils (ServerUtils.java:sanitizeUserArgs(70)) - ozone.scm.stale.node.interval value = 1000000 is larger than max = 100000 based on the key value of ozone.scm.heartbeat.thread.interval, reset to the max value 100000.
2019-10-15 21:52:45,099 [main] WARN  server.ServerUtils (ServerUtils.java:sanitizeUserArgs(70)) - ozone.scm.stale.node.interval value = 1000000 is larger than max = 100000 based on the key value of ozone.scm.heartbeat.thread.interval, reset to the max value 100000.
2019-10-15 21:52:45,101 [main] INFO  node.SCMNodeManager (SCMNodeManager.java:<init>(116)) - Entering startup safe mode.
2019-10-15 21:52:45,187 [main] INFO  algorithms.ContainerPlacementPolicyFactory (ContainerPlacementPolicyFactory.java:getPolicy(57)) - Create container placement policy of type org.apache.hadoop.hdds.scm.container.placement.algorithms.SCMContainerPlacementRandom
2019-10-15 21:52:45,203 [main] WARN  server.ServerUtils (ServerUtils.java:getScmDbDir(145)) - ozone.scm.db.dirs is not configured. We recommend adding this setting. Falling back to ozone.metadata.dirs instead.
2019-10-15 21:52:45,268 [main] INFO  pipeline.SCMPipelineManager (SCMPipelineManager.java:initializePipelineState(132)) - No pipeline exists in current db
2019-10-15 21:52:45,271 [main] WARN  server.ServerUtils (ServerUtils.java:getScmDbDir(145)) - ozone.scm.db.dirs is not configured. We recommend adding this setting. Falling back to ozone.metadata.dirs instead.
2019-10-15 21:52:45,368 [main] WARN  events.EventQueue (EventQueue.java:fireEvent(183)) - No event handler registered for event TypedEvent{payloadType=SafeModeStatus, name='SafeModeStatus'}
2019-10-15 21:52:45,710 [main] INFO  ipc.CallQueueManager (CallQueueManager.java:<init>(84)) - Using callQueue: class java.util.concurrent.LinkedBlockingQueue, queueCapacity: 2000, scheduler: class org.apache.hadoop.ipc.DefaultRpcScheduler, ipcBackoff: false.
2019-10-15 21:52:45,850 [Socket Reader #1 for port 40709] INFO  ipc.Server (Server.java:run(1074)) - Starting Socket Reader #1 for port 40709
2019-10-15 21:52:45,889 [main] INFO  ipc.CallQueueManager (CallQueueManager.java:<init>(84)) - Using callQueue: class java.util.concurrent.LinkedBlockingQueue, queueCapacity: 2000, scheduler: class org.apache.hadoop.ipc.DefaultRpcScheduler, ipcBackoff: false.
2019-10-15 21:52:45,890 [Socket Reader #1 for port 40010] INFO  ipc.Server (Server.java:run(1074)) - Starting Socket Reader #1 for port 40010
2019-10-15 21:52:45,901 [main] INFO  ipc.CallQueueManager (CallQueueManager.java:<init>(84)) - Using callQueue: class java.util.concurrent.LinkedBlockingQueue, queueCapacity: 2000, scheduler: class org.apache.hadoop.ipc.DefaultRpcScheduler, ipcBackoff: false.
2019-10-15 21:52:45,902 [Socket Reader #1 for port 33197] INFO  ipc.Server (Server.java:run(1074)) - Starting Socket Reader #1 for port 33197
2019-10-15 21:52:45,929 [main] INFO  hdfs.DFSUtil (DFSUtil.java:httpServerTemplateForNNAndJN(1641)) - Starting Web-server for scm at: http://0.0.0.0:0
2019-10-15 21:52:46,092 [main] INFO  server.AuthenticationFilter (AuthenticationFilter.java:constructSecretProvider(240)) - Unable to initialize FileSignerSecretProvider, falling back to use random secrets.
2019-10-15 21:52:46,100 [main] WARN  http.HttpRequestLog (HttpRequestLog.java:getRequestLog(97)) - Jetty request log can only be enabled using Log4j
2019-10-15 21:52:46,108 [main] INFO  http.HttpServer2 (HttpServer2.java:addGlobalFilter(975)) - Added global filter 'safety' (class=org.apache.hadoop.http.HttpServer2$QuotingInputFilter)
2019-10-15 21:52:46,114 [main] INFO  http.HttpServer2 (HttpServer2.java:addFilter(948)) - Added filter static_user_filter (class=org.apache.hadoop.http.lib.StaticUserWebFilter$StaticUserFilter) to context scm
2019-10-15 21:52:46,114 [main] INFO  http.HttpServer2 (HttpServer2.java:addFilter(958)) - Added filter static_user_filter (class=org.apache.hadoop.http.lib.StaticUserWebFilter$StaticUserFilter) to context logs
2019-10-15 21:52:46,114 [main] INFO  http.HttpServer2 (HttpServer2.java:addFilter(958)) - Added filter static_user_filter (class=org.apache.hadoop.http.lib.StaticUserWebFilter$StaticUserFilter) to context static
2019-10-15 21:52:46,160 [main] INFO  server.StorageContainerManager (StorageContainerManager.java:start(772)) - StorageContainerLocationProtocol RPC server is listening at /0.0.0.0:33197
2019-10-15 21:52:46,245 [main] WARN  impl.MetricsConfig (MetricsConfig.java:loadFirst(134)) - Cannot locate configuration: tried hadoop-metrics2-storagecontainermanager.properties,hadoop-metrics2.properties
2019-10-15 21:52:46,264 [main] INFO  impl.MetricsSystemImpl (MetricsSystemImpl.java:startTimer(374)) - Scheduled Metric snapshot period at 10 second(s).
2019-10-15 21:52:46,264 [main] INFO  impl.MetricsSystemImpl (MetricsSystemImpl.java:start(191)) - StorageContainerManager metrics system started
2019-10-15 21:52:46,501 [main] INFO  server.SCMClientProtocolServer (SCMClientProtocolServer.java:start(159)) - RPC server for Client  is listening at /0.0.0.0:33197
2019-10-15 21:52:46,502 [IPC Server Responder] INFO  ipc.Server (Server.java:run(1314)) - IPC Server Responder: starting
2019-10-15 21:52:46,502 [IPC Server listener on 33197] INFO  ipc.Server (Server.java:run(1153)) - IPC Server listener on 33197: starting
2019-10-15 21:52:46,505 [main] INFO  server.StorageContainerManager (StorageContainerManager.java:start(782)) - ScmBlockLocationProtocol RPC server is listening at /0.0.0.0:40010
2019-10-15 21:52:46,505 [main] INFO  server.SCMBlockProtocolServer (SCMBlockProtocolServer.java:start(146)) - RPC server for Block Protocol is listening at /0.0.0.0:40010
2019-10-15 21:52:46,506 [IPC Server Responder] INFO  ipc.Server (Server.java:run(1314)) - IPC Server Responder: starting
2019-10-15 21:52:46,506 [IPC Server listener on 40010] INFO  ipc.Server (Server.java:run(1153)) - IPC Server listener on 40010: starting
2019-10-15 21:52:46,508 [main] INFO  server.StorageContainerManager (StorageContainerManager.java:start(786)) - ScmDatanodeProtocl RPC server is listening at /0.0.0.0:40709
2019-10-15 21:52:46,509 [main] INFO  server.SCMDatanodeProtocolServer (SCMDatanodeProtocolServer.java:start(169)) - RPC server for DataNodes is listening at /0.0.0.0:40709
2019-10-15 21:52:46,510 [IPC Server Responder] INFO  ipc.Server (Server.java:run(1314)) - IPC Server Responder: starting
2019-10-15 21:52:46,510 [IPC Server listener on 40709] INFO  ipc.Server (Server.java:run(1153)) - IPC Server listener on 40709: starting
2019-10-15 21:52:46,513 [main] INFO  http.HttpServer2 (HttpServer2.java:bindListener(1191)) - Jetty bound to port 35228
2019-10-15 21:52:46,515 [main] INFO  server.Server (Server.java:doStart(351)) - jetty-9.3.25.v20180904, build timestamp: 2018-09-04T21:11:46Z, git hash: 3ce520221d0240229c862b122d2b06c12a625732
2019-10-15 21:52:46,551 [main] INFO  handler.ContextHandler (ContextHandler.java:doStart(781)) - Started o.e.j.s.ServletContextHandler@42f8285e{/logs,file:///workdir/hadoop-ozone/integration-test/target/log,AVAILABLE}
2019-10-15 21:52:46,552 [main] INFO  handler.ContextHandler (ContextHandler.java:doStart(781)) - Started o.e.j.s.ServletContextHandler@3724af13{/static,file:///workdir/hadoop-ozone/integration-test/target/test-classes/webapps/static,AVAILABLE}
2019-10-15 21:52:46,584 [main] INFO  handler.ContextHandler (ContextHandler.java:doStart(781)) - Started o.e.j.w.WebAppContext@24a1c17f{/,file:///workdir/hadoop-ozone/integration-test/target/test-classes/webapps/scm/,AVAILABLE}{/scm}
2019-10-15 21:52:46,590 [main] INFO  server.AbstractConnector (AbstractConnector.java:doStart(278)) - Started ServerConnector@4d63b624{HTTP/1.1,[http/1.1]}{0.0.0.0:35228}
2019-10-15 21:52:46,590 [main] INFO  server.Server (Server.java:doStart(419)) - Started @2852ms
2019-10-15 21:52:46,592 [main] INFO  impl.MetricsSinkAdapter (MetricsSinkAdapter.java:start(204)) - Sink prometheus started
2019-10-15 21:52:46,592 [main] INFO  impl.MetricsSystemImpl (MetricsSystemImpl.java:registerSink(301)) - Registered sink prometheus
2019-10-15 21:52:46,594 [main] INFO  server.BaseHttpServer (BaseHttpServer.java:updateConnectorAddress(215)) - HTTP server of SCM is listening at http://0.0.0.0:35228
2019-10-15 21:52:46,599 [org.apache.hadoop.util.JvmPauseMonitor$Monitor@4b629f13] INFO  util.JvmPauseMonitor (JvmPauseMonitor.java:run(188)) - Starting JVM pause monitor
2019-10-15 21:52:46,601 [main] WARN  server.ServerUtils (ServerUtils.java:getDBPath(222)) - ozone.om.db.dirs is not configured. We recommend adding this setting. Falling back to ozone.metadata.dirs instead.
2019-10-15 21:52:46,701 [main] INFO  ha.OMHANodeDetails (OMHANodeDetails.java:loadOMHAConfig(190)) - Configuration either no ozone.om.address set. Falling back to the default OM address /127.0.0.1:0
2019-10-15 21:52:46,702 [main] INFO  ha.OMHANodeDetails (OMHANodeDetails.java:getOMNodeDetails(220)) - OM Service ID is not set. Setting it to the default ID: omServiceIdDefault
2019-10-15 21:52:46,704 [main] WARN  server.ServerUtils (ServerUtils.java:getDBPath(222)) - ozone.om.db.dirs is not configured. We recommend adding this setting. Falling back to ozone.metadata.dirs instead.
2019-10-15 21:52:46,704 [main] WARN  server.ServerUtils (ServerUtils.java:getDBPath(222)) - ozone.om.db.dirs is not configured. We recommend adding this setting. Falling back to ozone.metadata.dirs instead.
2019-10-15 21:52:47,310 [main] WARN  server.ServerUtils (ServerUtils.java:getDBPath(222)) - ozone.om.db.dirs is not configured. We recommend adding this setting. Falling back to ozone.metadata.dirs instead.
2019-10-15 21:52:47,318 [main] INFO  db.DBStoreBuilder (DBStoreBuilder.java:addTable(117)) - using custom profile for table: userTable
2019-10-15 21:52:47,319 [main] INFO  db.DBStoreBuilder (DBStoreBuilder.java:processTables(168)) - Using default column profile:DBProfile.DISK for Table:userTable
2019-10-15 21:52:47,319 [main] INFO  db.DBStoreBuilder (DBStoreBuilder.java:addTable(117)) - using custom profile for table: volumeTable
2019-10-15 21:52:47,319 [main] INFO  db.DBStoreBuilder (DBStoreBuilder.java:processTables(168)) - Using default column profile:DBProfile.DISK for Table:volumeTable
2019-10-15 21:52:47,319 [main] INFO  db.DBStoreBuilder (DBStoreBuilder.java:addTable(117)) - using custom profile for table: bucketTable
2019-10-15 21:52:47,320 [main] INFO  db.DBStoreBuilder (DBStoreBuilder.java:processTables(168)) - Using default column profile:DBProfile.DISK for Table:bucketTable
2019-10-15 21:52:47,320 [main] INFO  db.DBStoreBuilder (DBStoreBuilder.java:addTable(117)) - using custom profile for table: keyTable
2019-10-15 21:52:47,320 [main] INFO  db.DBStoreBuilder (DBStoreBuilder.java:processTables(168)) - Using default column profile:DBProfile.DISK for Table:keyTable
2019-10-15 21:52:47,321 [main] INFO  db.DBStoreBuilder (DBStoreBuilder.java:addTable(117)) - using custom profile for table: deletedTable
2019-10-15 21:52:47,321 [main] INFO  db.DBStoreBuilder (DBStoreBuilder.java:processTables(168)) - Using default column profile:DBProfile.DISK for Table:deletedTable
2019-10-15 21:52:47,322 [main] INFO  db.DBStoreBuilder (DBStoreBuilder.java:addTable(117)) - using custom profile for table: openKeyTable
2019-10-15 21:52:47,322 [main] INFO  db.DBStoreBuilder (DBStoreBuilder.java:processTables(168)) - Using default column profile:DBProfile.DISK for Table:openKeyTable
2019-10-15 21:52:47,322 [main] INFO  db.DBStoreBuilder (DBStoreBuilder.java:addTable(117)) - using custom profile for table: s3Table
2019-10-15 21:52:47,323 [main] INFO  db.DBStoreBuilder (DBStoreBuilder.java:processTables(168)) - Using default column profile:DBProfile.DISK for Table:s3Table
2019-10-15 21:52:47,323 [main] INFO  db.DBStoreBuilder (DBStoreBuilder.java:addTable(117)) - using custom profile for table: multipartInfoTable
2019-10-15 21:52:47,323 [main] INFO  db.DBStoreBuilder (DBStoreBuilder.java:processTables(168)) - Using default column profile:DBProfile.DISK for Table:multipartInfoTable
2019-10-15 21:52:47,324 [main] INFO  db.DBStoreBuilder (DBStoreBuilder.java:addTable(117)) - using custom profile for table: dTokenTable
2019-10-15 21:52:47,324 [main] INFO  db.DBStoreBuilder (DBStoreBuilder.java:processTables(168)) - Using default column profile:DBProfile.DISK for Table:dTokenTable
2019-10-15 21:52:47,325 [main] INFO  db.DBStoreBuilder (DBStoreBuilder.java:addTable(117)) - using custom profile for table: s3SecretTable
2019-10-15 21:52:47,325 [main] INFO  db.DBStoreBuilder (DBStoreBuilder.java:processTables(168)) - Using default column profile:DBProfile.DISK for Table:s3SecretTable
2019-10-15 21:52:47,326 [main] INFO  db.DBStoreBuilder (DBStoreBuilder.java:addTable(117)) - using custom profile for table: prefixTable
2019-10-15 21:52:47,326 [main] INFO  db.DBStoreBuilder (DBStoreBuilder.java:processTables(168)) - Using default column profile:DBProfile.DISK for Table:prefixTable
2019-10-15 21:52:47,326 [main] INFO  db.DBStoreBuilder (DBStoreBuilder.java:addTable(117)) - using custom profile for table: default
2019-10-15 21:52:47,327 [main] INFO  db.DBStoreBuilder (DBStoreBuilder.java:processTables(174)) - Using default column profile:DBProfile.DISK for Table:default
2019-10-15 21:52:47,327 [main] INFO  db.DBStoreBuilder (DBStoreBuilder.java:getDbProfile(205)) - Using default options. DBProfile.DISK
2019-10-15 21:52:47,766 [main] INFO  ipc.CallQueueManager (CallQueueManager.java:<init>(84)) - Using callQueue: class java.util.concurrent.LinkedBlockingQueue, queueCapacity: 2000, scheduler: class org.apache.hadoop.ipc.DefaultRpcScheduler, ipcBackoff: false.
2019-10-15 21:52:47,767 [Socket Reader #1 for port 40592] INFO  ipc.Server (Server.java:run(1074)) - Starting Socket Reader #1 for port 40592
2019-10-15 21:52:47,788 [main] INFO  om.OzoneManager (OzoneManager.java:start(1071)) - OzoneManager RPC server is listening at localhost/127.0.0.1:40592
2019-10-15 21:52:47,788 [main] INFO  impl.MetricsSystemImpl (MetricsSystemImpl.java:init(158)) - OzoneManager metrics system started (again)
2019-10-15 21:52:47,797 [IPC Server Responder] INFO  ipc.Server (Server.java:run(1314)) - IPC Server Responder: starting
2019-10-15 21:52:47,797 [IPC Server listener on 40592] INFO  ipc.Server (Server.java:run(1153)) - IPC Server listener on 40592: starting
2019-10-15 21:52:47,802 [main] INFO  hdfs.DFSUtil (DFSUtil.java:httpServerTemplateForNNAndJN(1641)) - Starting Web-server for ozoneManager at: http://0.0.0.0:0
2019-10-15 21:52:47,805 [main] INFO  server.AuthenticationFilter (AuthenticationFilter.java:constructSecretProvider(240)) - Unable to initialize FileSignerSecretProvider, falling back to use random secrets.
2019-10-15 21:52:47,806 [main] WARN  http.HttpRequestLog (HttpRequestLog.java:getRequestLog(97)) - Jetty request log can only be enabled using Log4j
2019-10-15 21:52:47,809 [main] INFO  http.HttpServer2 (HttpServer2.java:addGlobalFilter(975)) - Added global filter 'safety' (class=org.apache.hadoop.http.HttpServer2$QuotingInputFilter)
2019-10-15 21:52:47,811 [main] INFO  http.HttpServer2 (HttpServer2.java:addFilter(948)) - Added filter static_user_filter (class=org.apache.hadoop.http.lib.StaticUserWebFilter$StaticUserFilter) to context ozoneManager
2019-10-15 21:52:47,811 [main] INFO  http.HttpServer2 (HttpServer2.java:addFilter(958)) - Added filter static_user_filter (class=org.apache.hadoop.http.lib.StaticUserWebFilter$StaticUserFilter) to context static
2019-10-15 21:52:47,811 [main] INFO  http.HttpServer2 (HttpServer2.java:addFilter(958)) - Added filter static_user_filter (class=org.apache.hadoop.http.lib.StaticUserWebFilter$StaticUserFilter) to context logs
2019-10-15 21:52:47,815 [main] INFO  http.HttpServer2 (HttpServer2.java:bindListener(1191)) - Jetty bound to port 33462
2019-10-15 21:52:47,815 [main] INFO  server.Server (Server.java:doStart(351)) - jetty-9.3.25.v20180904, build timestamp: 2018-09-04T21:11:46Z, git hash: 3ce520221d0240229c862b122d2b06c12a625732
2019-10-15 21:52:47,818 [main] INFO  handler.ContextHandler (ContextHandler.java:doStart(781)) - Started o.e.j.s.ServletContextHandler@aa10649{/logs,file:///workdir/hadoop-ozone/integration-test/target/log,AVAILABLE}
2019-10-15 21:52:47,819 [main] INFO  handler.ContextHandler (ContextHandler.java:doStart(781)) - Started o.e.j.s.ServletContextHandler@37095ded{/static,file:///workdir/hadoop-ozone/integration-test/target/test-classes/webapps/static,AVAILABLE}
2019-10-15 21:52:47,827 [main] INFO  handler.ContextHandler (ContextHandler.java:doStart(781)) - Started o.e.j.w.WebAppContext@75b3673{/,file:///workdir/hadoop-ozone/integration-test/target/test-classes/webapps/ozoneManager/,AVAILABLE}{/ozoneManager}
2019-10-15 21:52:47,828 [main] INFO  server.AbstractConnector (AbstractConnector.java:doStart(278)) - Started ServerConnector@1bcb79c2{HTTP/1.1,[http/1.1]}{0.0.0.0:33462}
2019-10-15 21:52:47,828 [main] INFO  server.Server (Server.java:doStart(419)) - Started @4090ms
2019-10-15 21:52:47,828 [main] WARN  impl.MetricsSystemImpl (MetricsSystemImpl.java:register(276)) - Sink prometheus already exists!
2019-10-15 21:52:47,830 [main] INFO  server.BaseHttpServer (BaseHttpServer.java:updateConnectorAddress(215)) - HTTP server of OZONEMANAGER is listening at http://0.0.0.0:33462
2019-10-15 21:52:48,150 [main] INFO  impl.MetricsSystemImpl (MetricsSystemImpl.java:init(158)) - HddsDatanode metrics system started (again)
2019-10-15 21:52:48,198 [main] INFO  ozone.HddsDatanodeService (HddsDatanodeService.java:start(184)) - HddsDatanodeService host:pr-revert-24-hdds-2181-89r8m-3343634851 ip:192.168.69.90
2019-10-15 21:52:48,229 [main] INFO  volume.HddsVolume (HddsVolume.java:<init>(176)) - Creating Volume: /workdir/hadoop-ozone/integration-test/target/test-dir/MiniOzoneClusterImpl-b3c83117-10f6-4176-911a-f0fe566d843f/datanode-0/data/containers/hdds of  storage type : DISK and capacity : 1482555576320
2019-10-15 21:52:48,231 [main] INFO  volume.VolumeSet (VolumeSet.java:initializeVolumeSet(170)) - Added Volume : /workdir/hadoop-ozone/integration-test/target/test-dir/MiniOzoneClusterImpl-b3c83117-10f6-4176-911a-f0fe566d843f/datanode-0/data/containers/hdds to VolumeSet
2019-10-15 21:52:48,234 [main] INFO  volume.ThrottledAsyncChecker (ThrottledAsyncChecker.java:schedule(141)) - Scheduling a check for /workdir/hadoop-ozone/integration-test/target/test-dir/MiniOzoneClusterImpl-b3c83117-10f6-4176-911a-f0fe566d843f/datanode-0/data/containers/hdds
2019-10-15 21:52:48,250 [main] INFO  volume.HddsVolumeChecker (HddsVolumeChecker.java:checkAllVolumes(204)) - Scheduled health check for volume /workdir/hadoop-ozone/integration-test/target/test-dir/MiniOzoneClusterImpl-b3c83117-10f6-4176-911a-f0fe566d843f/datanode-0/data/containers/hdds
2019-10-15 21:52:48,373 [main] INFO  impl.RaftServerProxy (ConfUtils.java:logGet(43)) - raft.rpc.type = GRPC (default)
2019-10-15 21:52:48,451 [main] INFO  grpc.GrpcFactory (GrpcFactory.java:checkPooledByteBufAllocatorUseCacheForAllThreads(45)) - PERFORMANCE WARNING: useCacheForAllThreads is true that may cause Netty to create a lot garbage objects and, as a result, trigger GC.
	It is recommended to disable useCacheForAllThreads by setting -Dorg.apache.ratis.thirdparty.io.netty.allocator.useCacheForAllThreads=false in command line.
2019-10-15 21:52:48,456 [main] INFO  grpc.GrpcConfigKeys$Server (ConfUtils.java:logGet(43)) - raft.grpc.server.port = 0 (default)
2019-10-15 21:52:48,457 [main] INFO  server.GrpcService (ConfUtils.java:logGet(43)) - raft.grpc.message.size.max = 33570816 (custom)
2019-10-15 21:52:48,458 [main] INFO  server.RaftServerConfigKeys (ConfUtils.java:logGet(43)) - raft.server.log.appender.buffer.byte-limit = 33554432 (custom)
2019-10-15 21:52:48,459 [main] INFO  server.GrpcService (ConfUtils.java:logGet(43)) - raft.grpc.flow.control.window = 1MB (=1048576) (default)
2019-10-15 21:52:48,460 [main] INFO  server.RaftServerConfigKeys (ConfUtils.java:logGet(43)) - raft.server.rpc.request.timeout = 3000ms (default)
2019-10-15 21:52:48,610 [main] INFO  server.RaftServerConfigKeys (ConfUtils.java:logGet(43)) - raft.server.storage.dir = [/workdir/hadoop-ozone/integration-test/target/test-dir/MiniOzoneClusterImpl-b3c83117-10f6-4176-911a-f0fe566d843f/datanode-0/data/ratis] (custom)
2019-10-15 21:52:48,659 [main] INFO  hdfs.DFSUtil (DFSUtil.java:httpServerTemplateForNNAndJN(1641)) - Starting Web-server for hddsDatanode at: http://0.0.0.0:0
2019-10-15 21:52:48,662 [main] INFO  server.AuthenticationFilter (AuthenticationFilter.java:constructSecretProvider(240)) - Unable to initialize FileSignerSecretProvider, falling back to use random secrets.
2019-10-15 21:52:48,663 [main] WARN  http.HttpRequestLog (HttpRequestLog.java:getRequestLog(97)) - Jetty request log can only be enabled using Log4j
2019-10-15 21:52:48,666 [main] INFO  http.HttpServer2 (HttpServer2.java:addGlobalFilter(975)) - Added global filter 'safety' (class=org.apache.hadoop.http.HttpServer2$QuotingInputFilter)
2019-10-15 21:52:48,667 [main] INFO  http.HttpServer2 (HttpServer2.java:addFilter(948)) - Added filter static_user_filter (class=org.apache.hadoop.http.lib.StaticUserWebFilter$StaticUserFilter) to context hddsDatanode
2019-10-15 21:52:48,667 [main] INFO  http.HttpServer2 (HttpServer2.java:addFilter(958)) - Added filter static_user_filter (class=org.apache.hadoop.http.lib.StaticUserWebFilter$StaticUserFilter) to context logs
2019-10-15 21:52:48,668 [main] INFO  http.HttpServer2 (HttpServer2.java:addFilter(958)) - Added filter static_user_filter (class=org.apache.hadoop.http.lib.StaticUserWebFilter$StaticUserFilter) to context static
2019-10-15 21:52:48,670 [main] INFO  http.HttpServer2 (HttpServer2.java:bindListener(1191)) - Jetty bound to port 40265
2019-10-15 21:52:48,670 [main] INFO  server.Server (Server.java:doStart(351)) - jetty-9.3.25.v20180904, build timestamp: 2018-09-04T21:11:46Z, git hash: 3ce520221d0240229c862b122d2b06c12a625732
2019-10-15 21:52:48,674 [main] INFO  handler.ContextHandler (ContextHandler.java:doStart(781)) - Started o.e.j.s.ServletContextHandler@60cf62ad{/logs,file:///workdir/hadoop-ozone/integration-test/target/log,AVAILABLE}
2019-10-15 21:52:48,675 [main] INFO  handler.ContextHandler (ContextHandler.java:doStart(781)) - Started o.e.j.s.ServletContextHandler@1ac4ccad{/static,jar:file:/home/user/.m2/repository/org/apache/hadoop/hadoop-hdds-container-service/0.5.0-SNAPSHOT/hadoop-hdds-container-service-0.5.0-SNAPSHOT.jar!/webapps/static,AVAILABLE}
2019-10-15 21:52:48,726 [main] INFO  handler.ContextHandler (ContextHandler.java:doStart(781)) - Started o.e.j.w.WebAppContext@de8039f{/,file:///tmp/jetty-0.0.0.0-40265-hddsDatanode-_-any-6425813109302443106.dir/webapp/,AVAILABLE}{/hddsDatanode}
2019-10-15 21:52:48,726 [main] INFO  server.AbstractConnector (AbstractConnector.java:doStart(278)) - Started ServerConnector@1deceb67{HTTP/1.1,[http/1.1]}{0.0.0.0:40265}
2019-10-15 21:52:48,729 [main] INFO  server.Server (Server.java:doStart(419)) - Started @4990ms
2019-10-15 21:52:48,729 [main] WARN  impl.MetricsSystemImpl (MetricsSystemImpl.java:register(276)) - Sink prometheus already exists!
2019-10-15 21:52:48,731 [main] INFO  server.BaseHttpServer (BaseHttpServer.java:updateConnectorAddress(215)) - HTTP server of HDDSDATANODE is listening at http://0.0.0.0:40265
2019-10-15 21:52:48,732 [main] INFO  impl.MetricsSystemImpl (MetricsSystemImpl.java:init(158)) - HddsDatanode metrics system started (again)
2019-10-15 21:52:48,735 [main] INFO  ozone.HddsDatanodeService (HddsDatanodeService.java:start(184)) - HddsDatanodeService host:pr-revert-24-hdds-2181-89r8m-3343634851 ip:192.168.69.90
2019-10-15 21:52:48,737 [org.apache.hadoop.util.JvmPauseMonitor$Monitor@53a5a503] INFO  util.JvmPauseMonitor (JvmPauseMonitor.java:run(188)) - Starting JVM pause monitor
2019-10-15 21:52:48,745 [main] INFO  volume.HddsVolume (HddsVolume.java:<init>(176)) - Creating Volume: /workdir/hadoop-ozone/integration-test/target/test-dir/MiniOzoneClusterImpl-b3c83117-10f6-4176-911a-f0fe566d843f/datanode-1/data/containers/hdds of  storage type : DISK and capacity : 1482555576320
2019-10-15 21:52:48,746 [main] INFO  volume.VolumeSet (VolumeSet.java:initializeVolumeSet(170)) - Added Volume : /workdir/hadoop-ozone/integration-test/target/test-dir/MiniOzoneClusterImpl-b3c83117-10f6-4176-911a-f0fe566d843f/datanode-1/data/containers/hdds to VolumeSet
2019-10-15 21:52:48,746 [main] INFO  volume.ThrottledAsyncChecker (ThrottledAsyncChecker.java:schedule(141)) - Scheduling a check for /workdir/hadoop-ozone/integration-test/target/test-dir/MiniOzoneClusterImpl-b3c83117-10f6-4176-911a-f0fe566d843f/datanode-1/data/containers/hdds
2019-10-15 21:52:48,747 [main] INFO  volume.HddsVolumeChecker (HddsVolumeChecker.java:checkAllVolumes(204)) - Scheduled health check for volume /workdir/hadoop-ozone/integration-test/target/test-dir/MiniOzoneClusterImpl-b3c83117-10f6-4176-911a-f0fe566d843f/datanode-1/data/containers/hdds
2019-10-15 21:52:48,761 [main] INFO  impl.RaftServerProxy (ConfUtils.java:logGet(43)) - raft.rpc.type = GRPC (default)
2019-10-15 21:52:48,761 [main] INFO  grpc.GrpcFactory (GrpcFactory.java:checkPooledByteBufAllocatorUseCacheForAllThreads(45)) - PERFORMANCE WARNING: useCacheForAllThreads is true that may cause Netty to create a lot garbage objects and, as a result, trigger GC.
	It is recommended to disable useCacheForAllThreads by setting -Dorg.apache.ratis.thirdparty.io.netty.allocator.useCacheForAllThreads=false in command line.
2019-10-15 21:52:48,761 [main] INFO  grpc.GrpcConfigKeys$Server (ConfUtils.java:logGet(43)) - raft.grpc.server.port = 0 (default)
2019-10-15 21:52:48,762 [main] INFO  server.GrpcService (ConfUtils.java:logGet(43)) - raft.grpc.message.size.max = 33570816 (custom)
2019-10-15 21:52:48,762 [main] INFO  server.RaftServerConfigKeys (ConfUtils.java:logGet(43)) - raft.server.log.appender.buffer.byte-limit = 33554432 (custom)
2019-10-15 21:52:48,762 [main] INFO  server.GrpcService (ConfUtils.java:logGet(43)) - raft.grpc.flow.control.window = 1MB (=1048576) (default)
2019-10-15 21:52:48,762 [main] INFO  server.RaftServerConfigKeys (ConfUtils.java:logGet(43)) - raft.server.rpc.request.timeout = 3000ms (default)
2019-10-15 21:52:48,763 [main] INFO  server.RaftServerConfigKeys (ConfUtils.java:logGet(43)) - raft.server.storage.dir = [/workdir/hadoop-ozone/integration-test/target/test-dir/MiniOzoneClusterImpl-b3c83117-10f6-4176-911a-f0fe566d843f/datanode-1/data/ratis] (custom)
2019-10-15 21:52:48,764 [main] INFO  hdfs.DFSUtil (DFSUtil.java:httpServerTemplateForNNAndJN(1641)) - Starting Web-server for hddsDatanode at: http://0.0.0.0:0
2019-10-15 21:52:48,766 [main] INFO  server.AuthenticationFilter (AuthenticationFilter.java:constructSecretProvider(240)) - Unable to initialize FileSignerSecretProvider, falling back to use random secrets.
2019-10-15 21:52:48,766 [main] WARN  http.HttpRequestLog (HttpRequestLog.java:getRequestLog(97)) - Jetty request log can only be enabled using Log4j
2019-10-15 21:52:48,767 [main] INFO  http.HttpServer2 (HttpServer2.java:addGlobalFilter(975)) - Added global filter 'safety' (class=org.apache.hadoop.http.HttpServer2$QuotingInputFilter)
2019-10-15 21:52:48,768 [main] INFO  http.HttpServer2 (HttpServer2.java:addFilter(948)) - Added filter static_user_filter (class=org.apache.hadoop.http.lib.StaticUserWebFilter$StaticUserFilter) to context hddsDatanode
2019-10-15 21:52:48,768 [main] INFO  http.HttpServer2 (HttpServer2.java:addFilter(958)) - Added filter static_user_filter (class=org.apache.hadoop.http.lib.StaticUserWebFilter$StaticUserFilter) to context logs
2019-10-15 21:52:48,768 [main] INFO  http.HttpServer2 (HttpServer2.java:addFilter(958)) - Added filter static_user_filter (class=org.apache.hadoop.http.lib.StaticUserWebFilter$StaticUserFilter) to context static
2019-10-15 21:52:48,769 [main] INFO  http.HttpServer2 (HttpServer2.java:bindListener(1191)) - Jetty bound to port 42058
2019-10-15 21:52:48,769 [main] INFO  server.Server (Server.java:doStart(351)) - jetty-9.3.25.v20180904, build timestamp: 2018-09-04T21:11:46Z, git hash: 3ce520221d0240229c862b122d2b06c12a625732
2019-10-15 21:52:48,771 [main] INFO  handler.ContextHandler (ContextHandler.java:doStart(781)) - Started o.e.j.s.ServletContextHandler@5e65afb6{/logs,file:///workdir/hadoop-ozone/integration-test/target/log,AVAILABLE}
2019-10-15 21:52:48,772 [main] INFO  handler.ContextHandler (ContextHandler.java:doStart(781)) - Started o.e.j.s.ServletContextHandler@8851ce1{/static,jar:file:/home/user/.m2/repository/org/apache/hadoop/hadoop-hdds-container-service/0.5.0-SNAPSHOT/hadoop-hdds-container-service-0.5.0-SNAPSHOT.jar!/webapps/static,AVAILABLE}
2019-10-15 21:52:48,802 [main] INFO  handler.ContextHandler (ContextHandler.java:doStart(781)) - Started o.e.j.w.WebAppContext@7a0ef219{/,file:///tmp/jetty-0.0.0.0-42058-hddsDatanode-_-any-6837802886335218718.dir/webapp/,AVAILABLE}{/hddsDatanode}
2019-10-15 21:52:48,803 [main] INFO  server.AbstractConnector (AbstractConnector.java:doStart(278)) - Started ServerConnector@1b1f5012{HTTP/1.1,[http/1.1]}{0.0.0.0:42058}
2019-10-15 21:52:48,803 [main] INFO  server.Server (Server.java:doStart(419)) - Started @5065ms
2019-10-15 21:52:48,804 [main] WARN  impl.MetricsSystemImpl (MetricsSystemImpl.java:register(276)) - Sink prometheus already exists!
2019-10-15 21:52:48,805 [main] INFO  server.BaseHttpServer (BaseHttpServer.java:updateConnectorAddress(215)) - HTTP server of HDDSDATANODE is listening at http://0.0.0.0:42058
2019-10-15 21:52:48,805 [main] INFO  impl.MetricsSystemImpl (MetricsSystemImpl.java:init(158)) - HddsDatanode metrics system started (again)
2019-10-15 21:52:48,808 [main] INFO  ozone.HddsDatanodeService (HddsDatanodeService.java:start(184)) - HddsDatanodeService host:pr-revert-24-hdds-2181-89r8m-3343634851 ip:192.168.69.90
2019-10-15 21:52:48,809 [org.apache.hadoop.util.JvmPauseMonitor$Monitor@7d6157c6] INFO  util.JvmPauseMonitor (JvmPauseMonitor.java:run(188)) - Starting JVM pause monitor
2019-10-15 21:52:48,818 [main] INFO  volume.HddsVolume (HddsVolume.java:<init>(176)) - Creating Volume: /workdir/hadoop-ozone/integration-test/target/test-dir/MiniOzoneClusterImpl-b3c83117-10f6-4176-911a-f0fe566d843f/datanode-2/data/containers/hdds of  storage type : DISK and capacity : 1482555576320
2019-10-15 21:52:48,818 [main] INFO  volume.VolumeSet (VolumeSet.java:initializeVolumeSet(170)) - Added Volume : /workdir/hadoop-ozone/integration-test/target/test-dir/MiniOzoneClusterImpl-b3c83117-10f6-4176-911a-f0fe566d843f/datanode-2/data/containers/hdds to VolumeSet
2019-10-15 21:52:48,818 [main] INFO  volume.ThrottledAsyncChecker (ThrottledAsyncChecker.java:schedule(141)) - Scheduling a check for /workdir/hadoop-ozone/integration-test/target/test-dir/MiniOzoneClusterImpl-b3c83117-10f6-4176-911a-f0fe566d843f/datanode-2/data/containers/hdds
2019-10-15 21:52:48,819 [main] INFO  volume.HddsVolumeChecker (HddsVolumeChecker.java:checkAllVolumes(204)) - Scheduled health check for volume /workdir/hadoop-ozone/integration-test/target/test-dir/MiniOzoneClusterImpl-b3c83117-10f6-4176-911a-f0fe566d843f/datanode-2/data/containers/hdds
2019-10-15 21:52:48,832 [main] INFO  impl.RaftServerProxy (ConfUtils.java:logGet(43)) - raft.rpc.type = GRPC (default)
2019-10-15 21:52:48,832 [main] INFO  grpc.GrpcFactory (GrpcFactory.java:checkPooledByteBufAllocatorUseCacheForAllThreads(45)) - PERFORMANCE WARNING: useCacheForAllThreads is true that may cause Netty to create a lot garbage objects and, as a result, trigger GC.
	It is recommended to disable useCacheForAllThreads by setting -Dorg.apache.ratis.thirdparty.io.netty.allocator.useCacheForAllThreads=false in command line.
2019-10-15 21:52:48,832 [main] INFO  grpc.GrpcConfigKeys$Server (ConfUtils.java:logGet(43)) - raft.grpc.server.port = 0 (default)
2019-10-15 21:52:48,832 [main] INFO  server.GrpcService (ConfUtils.java:logGet(43)) - raft.grpc.message.size.max = 33570816 (custom)
2019-10-15 21:52:48,832 [main] INFO  server.RaftServerConfigKeys (ConfUtils.java:logGet(43)) - raft.server.log.appender.buffer.byte-limit = 33554432 (custom)
2019-10-15 21:52:48,833 [main] INFO  server.GrpcService (ConfUtils.java:logGet(43)) - raft.grpc.flow.control.window = 1MB (=1048576) (default)
2019-10-15 21:52:48,833 [main] INFO  server.RaftServerConfigKeys (ConfUtils.java:logGet(43)) - raft.server.rpc.request.timeout = 3000ms (default)
2019-10-15 21:52:48,833 [main] INFO  server.RaftServerConfigKeys (ConfUtils.java:logGet(43)) - raft.server.storage.dir = [/workdir/hadoop-ozone/integration-test/target/test-dir/MiniOzoneClusterImpl-b3c83117-10f6-4176-911a-f0fe566d843f/datanode-2/data/ratis] (custom)
2019-10-15 21:52:48,836 [main] INFO  hdfs.DFSUtil (DFSUtil.java:httpServerTemplateForNNAndJN(1641)) - Starting Web-server for hddsDatanode at: http://0.0.0.0:0
2019-10-15 21:52:48,837 [main] INFO  server.AuthenticationFilter (AuthenticationFilter.java:constructSecretProvider(240)) - Unable to initialize FileSignerSecretProvider, falling back to use random secrets.
2019-10-15 21:52:48,837 [main] WARN  http.HttpRequestLog (HttpRequestLog.java:getRequestLog(97)) - Jetty request log can only be enabled using Log4j
2019-10-15 21:52:48,839 [main] INFO  http.HttpServer2 (HttpServer2.java:addGlobalFilter(975)) - Added global filter 'safety' (class=org.apache.hadoop.http.HttpServer2$QuotingInputFilter)
2019-10-15 21:52:48,839 [main] INFO  http.HttpServer2 (HttpServer2.java:addFilter(948)) - Added filter static_user_filter (class=org.apache.hadoop.http.lib.StaticUserWebFilter$StaticUserFilter) to context hddsDatanode
2019-10-15 21:52:48,839 [main] INFO  http.HttpServer2 (HttpServer2.java:addFilter(958)) - Added filter static_user_filter (class=org.apache.hadoop.http.lib.StaticUserWebFilter$StaticUserFilter) to context logs
2019-10-15 21:52:48,839 [main] INFO  http.HttpServer2 (HttpServer2.java:addFilter(958)) - Added filter static_user_filter (class=org.apache.hadoop.http.lib.StaticUserWebFilter$StaticUserFilter) to context static
2019-10-15 21:52:48,840 [main] INFO  http.HttpServer2 (HttpServer2.java:bindListener(1191)) - Jetty bound to port 46882
2019-10-15 21:52:48,840 [main] INFO  server.Server (Server.java:doStart(351)) - jetty-9.3.25.v20180904, build timestamp: 2018-09-04T21:11:46Z, git hash: 3ce520221d0240229c862b122d2b06c12a625732
2019-10-15 21:52:48,844 [main] INFO  handler.ContextHandler (ContextHandler.java:doStart(781)) - Started o.e.j.s.ServletContextHandler@6069dd38{/logs,file:///workdir/hadoop-ozone/integration-test/target/log,AVAILABLE}
2019-10-15 21:52:48,844 [main] INFO  handler.ContextHandler (ContextHandler.java:doStart(781)) - Started o.e.j.s.ServletContextHandler@558756be{/static,jar:file:/home/user/.m2/repository/org/apache/hadoop/hadoop-hdds-container-service/0.5.0-SNAPSHOT/hadoop-hdds-container-service-0.5.0-SNAPSHOT.jar!/webapps/static,AVAILABLE}
2019-10-15 21:52:48,874 [main] INFO  handler.ContextHandler (ContextHandler.java:doStart(781)) - Started o.e.j.w.WebAppContext@54e3658c{/,file:///tmp/jetty-0.0.0.0-46882-hddsDatanode-_-any-4394759636101507524.dir/webapp/,AVAILABLE}{/hddsDatanode}
2019-10-15 21:52:48,875 [main] INFO  server.AbstractConnector (AbstractConnector.java:doStart(278)) - Started ServerConnector@43e9089{HTTP/1.1,[http/1.1]}{0.0.0.0:46882}
2019-10-15 21:52:48,875 [main] INFO  server.Server (Server.java:doStart(419)) - Started @5137ms
2019-10-15 21:52:48,876 [main] WARN  impl.MetricsSystemImpl (MetricsSystemImpl.java:register(276)) - Sink prometheus already exists!
2019-10-15 21:52:48,877 [main] INFO  server.BaseHttpServer (BaseHttpServer.java:updateConnectorAddress(215)) - HTTP server of HDDSDATANODE is listening at http://0.0.0.0:46882
2019-10-15 21:52:48,879 [main] INFO  ozone.MiniOzoneClusterImpl (MiniOzoneClusterImpl.java:lambda$waitForClusterToBeReady$0(147)) - Waiting for cluster to be ready. Got 0 of 3 DN Heartbeats.
2019-10-15 21:52:48,880 [Datanode State Machine Thread - 0] INFO  datanode.InitDatanodeState (InitDatanodeState.java:persistContainerDatanodeDetails(140)) - DatanodeDetails is persisted to /workdir/hadoop-ozone/integration-test/target/test-dir/MiniOzoneClusterImpl-b3c83117-10f6-4176-911a-f0fe566d843f/datanode-0/meta/datanode.id
2019-10-15 21:52:48,881 [org.apache.hadoop.util.JvmPauseMonitor$Monitor@171b9faf] INFO  util.JvmPauseMonitor (JvmPauseMonitor.java:run(188)) - Starting JVM pause monitor
2019-10-15 21:52:48,886 [Datanode State Machine Thread - 0] INFO  datanode.InitDatanodeState (InitDatanodeState.java:persistContainerDatanodeDetails(140)) - DatanodeDetails is persisted to /workdir/hadoop-ozone/integration-test/target/test-dir/MiniOzoneClusterImpl-b3c83117-10f6-4176-911a-f0fe566d843f/datanode-1/meta/datanode.id
2019-10-15 21:52:48,888 [Datanode State Machine Thread - 0] INFO  datanode.InitDatanodeState (InitDatanodeState.java:persistContainerDatanodeDetails(140)) - DatanodeDetails is persisted to /workdir/hadoop-ozone/integration-test/target/test-dir/MiniOzoneClusterImpl-b3c83117-10f6-4176-911a-f0fe566d843f/datanode-2/meta/datanode.id
2019-10-15 21:52:49,879 [main] INFO  ozone.MiniOzoneClusterImpl (MiniOzoneClusterImpl.java:lambda$waitForClusterToBeReady$0(147)) - Waiting for cluster to be ready. Got 0 of 3 DN Heartbeats.
2019-10-15 21:52:50,849 [Datanode State Machine Thread - 0] INFO  ozoneimpl.OzoneContainer (OzoneContainer.java:start(213)) - Attempting to start container services.
2019-10-15 21:52:50,849 [Datanode State Machine Thread - 0] INFO  ozoneimpl.OzoneContainer (OzoneContainer.java:start(213)) - Attempting to start container services.
2019-10-15 21:52:50,853 [Datanode State Machine Thread - 0] INFO  ozoneimpl.OzoneContainer (OzoneContainer.java:startContainerScrub(177)) - Background container scanner has been disabled.
2019-10-15 21:52:50,853 [Datanode State Machine Thread - 0] INFO  ozoneimpl.OzoneContainer (OzoneContainer.java:startContainerScrub(177)) - Background container scanner has been disabled.
2019-10-15 21:52:50,854 [Datanode State Machine Thread - 0] INFO  ratis.XceiverServerRatis (XceiverServerRatis.java:start(418)) - Starting XceiverServerRatis 6a83fe04-c8c3-48c1-8861-8f81e89cd03c at port 0
2019-10-15 21:52:50,854 [Datanode State Machine Thread - 0] INFO  ratis.XceiverServerRatis (XceiverServerRatis.java:start(418)) - Starting XceiverServerRatis 0a72d9f0-d385-4350-a485-113e43f7c69c at port 0
2019-10-15 21:52:50,880 [main] INFO  ozone.MiniOzoneClusterImpl (MiniOzoneClusterImpl.java:lambda$waitForClusterToBeReady$0(147)) - Waiting for cluster to be ready. Got 0 of 3 DN Heartbeats.
2019-10-15 21:52:50,896 [Datanode State Machine Thread - 0] INFO  impl.RaftServerProxy (RaftServerProxy.java:lambda$start$3(299)) - 6a83fe04-c8c3-48c1-8861-8f81e89cd03c: start RPC server
2019-10-15 21:52:50,896 [Datanode State Machine Thread - 0] INFO  impl.RaftServerProxy (RaftServerProxy.java:lambda$start$3(299)) - 0a72d9f0-d385-4350-a485-113e43f7c69c: start RPC server
2019-10-15 21:52:50,899 [Datanode State Machine Thread - 0] INFO  ozoneimpl.OzoneContainer (OzoneContainer.java:start(213)) - Attempting to start container services.
2019-10-15 21:52:50,905 [Datanode State Machine Thread - 0] INFO  ozoneimpl.OzoneContainer (OzoneContainer.java:startContainerScrub(177)) - Background container scanner has been disabled.
2019-10-15 21:52:50,905 [Datanode State Machine Thread - 0] INFO  ratis.XceiverServerRatis (XceiverServerRatis.java:start(418)) - Starting XceiverServerRatis 04d05b50-beb8-4841-9ce1-2061f7b42c80 at port 0
2019-10-15 21:52:50,915 [Datanode State Machine Thread - 0] INFO  impl.RaftServerProxy (RaftServerProxy.java:lambda$start$3(299)) - 04d05b50-beb8-4841-9ce1-2061f7b42c80: start RPC server
2019-10-15 21:52:51,037 [Datanode State Machine Thread - 0] INFO  server.GrpcService (GrpcService.java:startImpl(158)) - 6a83fe04-c8c3-48c1-8861-8f81e89cd03c: GrpcService started, listening on 0.0.0.0/0.0.0.0:44841
2019-10-15 21:52:51,037 [Datanode State Machine Thread - 0] INFO  server.GrpcService (GrpcService.java:startImpl(158)) - 0a72d9f0-d385-4350-a485-113e43f7c69c: GrpcService started, listening on 0.0.0.0/0.0.0.0:33827
2019-10-15 21:52:51,037 [Datanode State Machine Thread - 0] INFO  server.GrpcService (GrpcService.java:startImpl(158)) - 04d05b50-beb8-4841-9ce1-2061f7b42c80: GrpcService started, listening on 0.0.0.0/0.0.0.0:35772
2019-10-15 21:52:51,038 [Datanode State Machine Thread - 0] INFO  ratis.XceiverServerRatis (XceiverServerRatis.java:start(428)) - XceiverServerRatis 0a72d9f0-d385-4350-a485-113e43f7c69c is started using port 33827
2019-10-15 21:52:51,038 [Datanode State Machine Thread - 0] INFO  ratis.XceiverServerRatis (XceiverServerRatis.java:start(428)) - XceiverServerRatis 6a83fe04-c8c3-48c1-8861-8f81e89cd03c is started using port 44841
2019-10-15 21:52:51,038 [Datanode State Machine Thread - 0] INFO  ratis.XceiverServerRatis (XceiverServerRatis.java:start(428)) - XceiverServerRatis 04d05b50-beb8-4841-9ce1-2061f7b42c80 is started using port 35772
2019-10-15 21:52:51,042 [Datanode State Machine Thread - 0] INFO  server.XceiverServerGrpc (XceiverServerGrpc.java:start(149)) - XceiverServerGrpc 6a83fe04-c8c3-48c1-8861-8f81e89cd03c is started using port 41914
2019-10-15 21:52:51,043 [Datanode State Machine Thread - 0] INFO  server.XceiverServerGrpc (XceiverServerGrpc.java:start(149)) - XceiverServerGrpc 0a72d9f0-d385-4350-a485-113e43f7c69c is started using port 39081
2019-10-15 21:52:51,042 [Datanode State Machine Thread - 0] INFO  server.XceiverServerGrpc (XceiverServerGrpc.java:start(149)) - XceiverServerGrpc 04d05b50-beb8-4841-9ce1-2061f7b42c80 is started using port 34868
2019-10-15 21:52:51,880 [main] INFO  ozone.MiniOzoneClusterImpl (MiniOzoneClusterImpl.java:lambda$waitForClusterToBeReady$0(147)) - Waiting for cluster to be ready. Got 0 of 3 DN Heartbeats.
2019-10-15 21:52:52,774 [IPC Server handler 1 on 40709] INFO  net.NetworkTopology (NetworkTopologyImpl.java:add(111)) - Added a new node: /default-rack/0a72d9f0-d385-4350-a485-113e43f7c69c
2019-10-15 21:52:52,775 [IPC Server handler 1 on 40709] INFO  node.SCMNodeManager (SCMNodeManager.java:register(268)) - Registered Data node : 0a72d9f0-d385-4350-a485-113e43f7c69c{ip: 192.168.69.90, host: pr-revert-24-hdds-2181-89r8m-3343634851, networkLocation: /default-rack, certSerialId: null}
2019-10-15 21:52:52,779 [EventQueue-NodeRegistrationContainerReportForDataNodeSafeModeRule] INFO  safemode.SCMSafeModeManager (DataNodeSafeModeRule.java:process(71)) - SCM in safe mode. 1 DataNodes registered, 1 required.
2019-10-15 21:52:52,779 [EventQueue-NodeRegistrationContainerReportForDataNodeSafeModeRule] INFO  safemode.SCMSafeModeManager (SCMSafeModeManager.java:validateSafeModeExitRules(177)) - ScmSafeModeManager, all rules are successfully validated
2019-10-15 21:52:52,779 [EventQueue-NodeRegistrationContainerReportForDataNodeSafeModeRule] INFO  safemode.SCMSafeModeManager (SCMSafeModeManager.java:exitSafeMode(193)) - SCM exiting safe mode.
2019-10-15 21:52:52,811 [IPC Server handler 0 on 40709] INFO  net.NetworkTopology (NetworkTopologyImpl.java:add(111)) - Added a new node: /default-rack/6a83fe04-c8c3-48c1-8861-8f81e89cd03c
2019-10-15 21:52:52,812 [IPC Server handler 0 on 40709] INFO  node.SCMNodeManager (SCMNodeManager.java:register(268)) - Registered Data node : 6a83fe04-c8c3-48c1-8861-8f81e89cd03c{ip: 192.168.69.90, host: pr-revert-24-hdds-2181-89r8m-3343634851, networkLocation: /default-rack, certSerialId: null}
2019-10-15 21:52:52,881 [main] INFO  ozone.MiniOzoneClusterImpl (MiniOzoneClusterImpl.java:lambda$waitForClusterToBeReady$0(147)) - Waiting for cluster to be ready. Got 2 of 3 DN Heartbeats.
2019-10-15 21:52:52,884 [IPC Server handler 4 on 40709] INFO  net.NetworkTopology (NetworkTopologyImpl.java:add(111)) - Added a new node: /default-rack/04d05b50-beb8-4841-9ce1-2061f7b42c80
2019-10-15 21:52:52,884 [IPC Server handler 4 on 40709] INFO  node.SCMNodeManager (SCMNodeManager.java:register(268)) - Registered Data node : 04d05b50-beb8-4841-9ce1-2061f7b42c80{ip: 192.168.69.90, host: pr-revert-24-hdds-2181-89r8m-3343634851, networkLocation: /default-rack, certSerialId: null}
2019-10-15 21:52:53,266 [grpc-default-executor-0] INFO  impl.RaftServerProxy (RaftServerProxy.java:addNew(89)) - 0a72d9f0-d385-4350-a485-113e43f7c69c: addNew group-55974DF7BF57:[0a72d9f0-d385-4350-a485-113e43f7c69c:192.168.69.90:33827] returns group-55974DF7BF57:java.util.concurrent.CompletableFuture@7ceb4930[Not completed]
2019-10-15 21:52:53,280 [pool-27-thread-1] INFO  impl.RaftServerImpl (RaftServerImpl.java:<init>(104)) - 0a72d9f0-d385-4350-a485-113e43f7c69c: new RaftServerImpl for group-55974DF7BF57:[0a72d9f0-d385-4350-a485-113e43f7c69c:192.168.69.90:33827] with ContainerStateMachine:uninitialized
2019-10-15 21:52:53,283 [pool-27-thread-1] INFO  server.RaftServerConfigKeys (ConfUtils.java:logGet(43)) - raft.server.rpc.timeout.min = 5s (custom)
2019-10-15 21:52:53,284 [pool-27-thread-1] INFO  server.RaftServerConfigKeys (ConfUtils.java:logGet(43)) - raft.server.rpc.timeout.max = 5200ms (custom)
2019-10-15 21:52:53,284 [pool-27-thread-1] INFO  server.RaftServerConfigKeys (ConfUtils.java:logGet(43)) - raft.server.rpcslowness.timeout = 1000s (custom)
2019-10-15 21:52:53,285 [pool-27-thread-1] INFO  server.RaftServerConfigKeys (ConfUtils.java:logGet(43)) - raft.server.sleep.deviation.threshold = 300 (default)
2019-10-15 21:52:53,286 [pool-27-thread-1] INFO  server.RaftServerConfigKeys (ConfUtils.java:logGet(43)) - raft.server.log.appender.install.snapshot.enabled = false (custom)
2019-10-15 21:52:53,296 [pool-27-thread-1] INFO  impl.RaftServerImpl (ServerState.java:<init>(103)) - 0a72d9f0-d385-4350-a485-113e43f7c69c@group-55974DF7BF57: ConfigurationManager, init=-1: [0a72d9f0-d385-4350-a485-113e43f7c69c:192.168.69.90:33827], old=null, confs=<EMPTY_MAP>
2019-10-15 21:52:53,296 [pool-27-thread-1] INFO  server.RaftServerConfigKeys (ConfUtils.java:logGet(43)) - raft.server.storage.dir = [/workdir/hadoop-ozone/integration-test/target/test-dir/MiniOzoneClusterImpl-b3c83117-10f6-4176-911a-f0fe566d843f/datanode-0/data/ratis] (custom)
2019-10-15 21:52:53,306 [pool-27-thread-1] INFO  server.RaftServerConfigKeys (ConfUtils.java:logGet(43)) - raft.server.log.corruption.policy = EXCEPTION (default)
2019-10-15 21:52:53,308 [pool-27-thread-1] INFO  storage.RaftStorageDirectory (RaftStorageDirectory.java:analyzeStorage(246)) - The storage directory /workdir/hadoop-ozone/integration-test/target/test-dir/MiniOzoneClusterImpl-b3c83117-10f6-4176-911a-f0fe566d843f/datanode-0/data/ratis/1aedaa5e-32c7-469b-b3fa-55974df7bf57 does not exist. Creating ...
2019-10-15 21:52:53,321 [pool-27-thread-1] INFO  storage.RaftStorageDirectory (RaftStorageDirectory.java:tryLock(328)) - Lock on /workdir/hadoop-ozone/integration-test/target/test-dir/MiniOzoneClusterImpl-b3c83117-10f6-4176-911a-f0fe566d843f/datanode-0/data/ratis/1aedaa5e-32c7-469b-b3fa-55974df7bf57/in_use.lock acquired by nodename 27833@pr-revert-24-hdds-2181-89r8m-3343634851
2019-10-15 21:52:53,336 [pool-27-thread-1] INFO  storage.RaftStorage (RaftStorage.java:format(84)) - Storage directory /workdir/hadoop-ozone/integration-test/target/test-dir/MiniOzoneClusterImpl-b3c83117-10f6-4176-911a-f0fe566d843f/datanode-0/data/ratis/1aedaa5e-32c7-469b-b3fa-55974df7bf57 has been successfully formatted.
2019-10-15 21:52:53,339 [pool-27-thread-1] INFO  ratis.ContainerStateMachine (ContainerStateMachine.java:loadSnapshot(231)) - group-55974DF7BF57: The snapshot info is null. Setting the last applied indexto:(t:0, i:~)
2019-10-15 21:52:53,340 [pool-27-thread-1] INFO  server.RaftServerConfigKeys (ConfUtils.java:logGet(43)) - raft.server.notification.no-leader.timeout = 1000s (custom)
2019-10-15 21:52:53,343 [pool-27-thread-1] INFO  server.RaftServerConfigKeys (ConfUtils.java:logGet(43)) - raft.server.log.use.memory = false (default)
2019-10-15 21:52:53,350 [pool-27-thread-1] INFO  server.RaftServerConfigKeys (ConfUtils.java:logGet(43)) - raft.server.log.purge.gap = 1000000 (custom)
2019-10-15 21:52:53,350 [pool-27-thread-1] INFO  server.RaftServerConfigKeys (ConfUtils.java:logGet(43)) - raft.server.log.appender.buffer.byte-limit = 33554432 (custom)
2019-10-15 21:52:53,353 [pool-27-thread-1] INFO  server.RaftServerConfigKeys (ConfUtils.java:logGet(43)) - raft.server.log.segment.size.max = 1048576 (custom)
2019-10-15 21:52:53,355 [pool-27-thread-1] INFO  impl.MetricsSystemImpl (MetricsSystemImpl.java:init(158)) - ratis metrics system started (again)
2019-10-15 21:52:53,360 [pool-27-thread-1] INFO  metrics.MetricRegistries (MetricRegistriesLoader.java:load(64)) - Loaded MetricRegistries class org.apache.ratis.metrics.impl.MetricRegistriesImpl
2019-10-15 21:52:53,402 [pool-27-thread-1] INFO  server.RaftServerConfigKeys (ConfUtils.java:logGet(43)) - raft.server.log.segment.cache.num.max = 2 (custom)
2019-10-15 21:52:53,408 [pool-27-thread-1] INFO  segmented.SegmentedRaftLogWorker (SegmentedRaftLogWorker.java:<init>(173)) - new 0a72d9f0-d385-4350-a485-113e43f7c69c@group-55974DF7BF57-SegmentedRaftLogWorker for RaftStorage:Storage Directory /workdir/hadoop-ozone/integration-test/target/test-dir/MiniOzoneClusterImpl-b3c83117-10f6-4176-911a-f0fe566d843f/datanode-0/data/ratis/1aedaa5e-32c7-469b-b3fa-55974df7bf57
2019-10-15 21:52:53,408 [pool-27-thread-1] INFO  server.RaftServerConfigKeys (ConfUtils.java:logGet(43)) - raft.server.log.queue.byte-limit = 2147483647 (custom)
2019-10-15 21:52:53,409 [pool-27-thread-1] INFO  server.RaftServerConfigKeys (ConfUtils.java:logGet(43)) - raft.server.log.queue.element-limit = 1024 (custom)
2019-10-15 21:52:53,410 [pool-27-thread-1] INFO  server.RaftServerConfigKeys (ConfUtils.java:logGet(43)) - raft.server.log.segment.size.max = 1048576 (custom)
2019-10-15 21:52:53,411 [pool-27-thread-1] INFO  server.RaftServerConfigKeys (ConfUtils.java:logGet(43)) - raft.server.log.preallocated.size = 16384 (custom)
2019-10-15 21:52:53,411 [pool-27-thread-1] INFO  server.RaftServerConfigKeys (ConfUtils.java:logGet(43)) - raft.server.log.write.buffer.size = 33554432 (custom)
2019-10-15 21:52:53,412 [pool-27-thread-1] INFO  server.RaftServerConfigKeys (ConfUtils.java:logGet(43)) - raft.server.log.force.sync.num = 128 (default)
2019-10-15 21:52:53,413 [pool-27-thread-1] INFO  server.RaftServerConfigKeys (ConfUtils.java:logGet(43)) - raft.server.log.statemachine.data.sync = true (default)
2019-10-15 21:52:53,413 [pool-27-thread-1] INFO  server.RaftServerConfigKeys (ConfUtils.java:logGet(43)) - raft.server.log.statemachine.data.sync.timeout = 10s (default)
2019-10-15 21:52:53,414 [pool-27-thread-1] INFO  server.RaftServerConfigKeys (ConfUtils.java:logGet(43)) - raft.server.log.statemachine.data.sync.timeout.retry = -1 (default)
2019-10-15 21:52:53,425 [pool-27-thread-1] INFO  server.RaftServerConfigKeys (ConfUtils.java:logGet(43)) - raft.server.log.statemachine.data.caching.enabled = true (custom)
2019-10-15 21:52:53,430 [pool-27-thread-1] INFO  segmented.SegmentedRaftLogWorker (SegmentedRaftLogWorker.java:lambda$new$0(128)) - 0a72d9f0-d385-4350-a485-113e43f7c69c@group-55974DF7BF57-SegmentedRaftLogWorker: flushIndex: setUnconditionally 0 -> -1
2019-10-15 21:52:53,434 [pool-27-thread-1] INFO  server.RaftServerConfigKeys (ConfUtils.java:logGet(43)) - raft.server.snapshot.auto.trigger.enabled = true (custom)
2019-10-15 21:52:53,435 [pool-27-thread-1] INFO  server.RaftServerConfigKeys (ConfUtils.java:logGet(43)) - raft.server.snapshot.auto.trigger.threshold = 10000 (custom)
2019-10-15 21:52:53,436 [pool-27-thread-1] INFO  server.RaftServerConfigKeys (ConfUtils.java:logGet(43)) - raft.server.snapshot.retention.file.num = 5 (custom)
2019-10-15 21:52:53,436 [pool-27-thread-1] INFO  server.RaftServerConfigKeys (ConfUtils.java:logGet(43)) - raft.server.retrycache.expirytime = 600000ms (custom)
2019-10-15 21:52:53,463 [pool-27-thread-1] INFO  impl.RaftServerImpl (RaftServerImpl.java:start(195)) - 0a72d9f0-d385-4350-a485-113e43f7c69c@group-55974DF7BF57: start as a follower, conf=-1: [0a72d9f0-d385-4350-a485-113e43f7c69c:192.168.69.90:33827], old=null
2019-10-15 21:52:53,464 [pool-27-thread-1] INFO  impl.RaftServerImpl (RaftServerImpl.java:setRole(184)) - 0a72d9f0-d385-4350-a485-113e43f7c69c@group-55974DF7BF57: changes role from      null to FOLLOWER at term 0 for startAsFollower
2019-10-15 21:52:53,465 [pool-27-thread-1] INFO  impl.RoleInfo (RoleInfo.java:updateAndGet(143)) - 0a72d9f0-d385-4350-a485-113e43f7c69c: start FollowerState
2019-10-15 21:52:53,466 [pool-27-thread-1] INFO  util.JmxRegister (JmxRegister.java:tryRegister(44)) - Successfully registered JMX Bean with object name Ratis:service=RaftServer,group=group-55974DF7BF57,id=0a72d9f0-d385-4350-a485-113e43f7c69c
2019-10-15 21:52:53,532 [RatisPipelineUtilsThread] INFO  pipeline.PipelineStateManager (PipelineStateManager.java:addPipeline(56)) - Created pipeline Pipeline[ Id: 1aedaa5e-32c7-469b-b3fa-55974df7bf57, Nodes: 0a72d9f0-d385-4350-a485-113e43f7c69c{ip: 192.168.69.90, host: pr-revert-24-hdds-2181-89r8m-3343634851, networkLocation: /default-rack, certSerialId: null}, Type:RATIS, Factor:ONE, State:OPEN]
2019-10-15 21:52:53,551 [grpc-default-executor-1] INFO  impl.RaftServerProxy (RaftServerProxy.java:addNew(89)) - 6a83fe04-c8c3-48c1-8861-8f81e89cd03c: addNew group-989F84175CF0:[6a83fe04-c8c3-48c1-8861-8f81e89cd03c:192.168.69.90:44841] returns group-989F84175CF0:java.util.concurrent.CompletableFuture@38dfe40a[Not completed]
2019-10-15 21:52:53,573 [pool-37-thread-1] INFO  impl.RaftServerImpl (RaftServerImpl.java:<init>(104)) - 6a83fe04-c8c3-48c1-8861-8f81e89cd03c: new RaftServerImpl for group-989F84175CF0:[6a83fe04-c8c3-48c1-8861-8f81e89cd03c:192.168.69.90:44841] with ContainerStateMachine:uninitialized
2019-10-15 21:52:53,573 [Thread-186] INFO  impl.FollowerState (FollowerState.java:run(108)) - 0a72d9f0-d385-4350-a485-113e43f7c69c@group-55974DF7BF57-FollowerState: change to CANDIDATE, lastRpcTime:108ms, electionTimeout:107ms
2019-10-15 21:52:53,574 [pool-37-thread-1] INFO  server.RaftServerConfigKeys (ConfUtils.java:logGet(43)) - raft.server.rpc.timeout.min = 5s (custom)
2019-10-15 21:52:53,575 [pool-37-thread-1] INFO  server.RaftServerConfigKeys (ConfUtils.java:logGet(43)) - raft.server.rpc.timeout.max = 5200ms (custom)
2019-10-15 21:52:53,575 [pool-37-thread-1] INFO  server.RaftServerConfigKeys (ConfUtils.java:logGet(43)) - raft.server.rpcslowness.timeout = 1000s (custom)
2019-10-15 21:52:53,575 [pool-37-thread-1] INFO  server.RaftServerConfigKeys (ConfUtils.java:logGet(43)) - raft.server.sleep.deviation.threshold = 300 (default)
2019-10-15 21:52:53,575 [pool-37-thread-1] INFO  server.RaftServerConfigKeys (ConfUtils.java:logGet(43)) - raft.server.log.appender.install.snapshot.enabled = false (custom)
2019-10-15 21:52:53,576 [pool-37-thread-1] INFO  impl.RaftServerImpl (ServerState.java:<init>(103)) - 6a83fe04-c8c3-48c1-8861-8f81e89cd03c@group-989F84175CF0: ConfigurationManager, init=-1: [6a83fe04-c8c3-48c1-8861-8f81e89cd03c:192.168.69.90:44841], old=null, confs=<EMPTY_MAP>
2019-10-15 21:52:53,577 [pool-37-thread-1] INFO  server.RaftServerConfigKeys (ConfUtils.java:logGet(43)) - raft.server.storage.dir = [/workdir/hadoop-ozone/integration-test/target/test-dir/MiniOzoneClusterImpl-b3c83117-10f6-4176-911a-f0fe566d843f/datanode-1/data/ratis] (custom)
2019-10-15 21:52:53,577 [pool-37-thread-1] INFO  server.RaftServerConfigKeys (ConfUtils.java:logGet(43)) - raft.server.log.corruption.policy = EXCEPTION (default)
2019-10-15 21:52:53,577 [pool-37-thread-1] INFO  storage.RaftStorageDirectory (RaftStorageDirectory.java:analyzeStorage(246)) - The storage directory /workdir/hadoop-ozone/integration-test/target/test-dir/MiniOzoneClusterImpl-b3c83117-10f6-4176-911a-f0fe566d843f/datanode-1/data/ratis/0b0bd987-d03f-4f67-8e55-989f84175cf0 does not exist. Creating ...
2019-10-15 21:52:53,580 [Thread-186] INFO  impl.RoleInfo (RoleInfo.java:shutdownFollowerState(121)) - 0a72d9f0-d385-4350-a485-113e43f7c69c: shutdown FollowerState
2019-10-15 21:52:53,581 [Thread-186] INFO  impl.RaftServerImpl (RaftServerImpl.java:setRole(184)) - 0a72d9f0-d385-4350-a485-113e43f7c69c@group-55974DF7BF57: changes role from  FOLLOWER to CANDIDATE at term 0 for changeToCandidate
2019-10-15 21:52:53,588 [Thread-186] INFO  impl.RoleInfo (RoleInfo.java:updateAndGet(143)) - 0a72d9f0-d385-4350-a485-113e43f7c69c: start LeaderElection
2019-10-15 21:52:53,593 [pool-37-thread-1] INFO  storage.RaftStorageDirectory (RaftStorageDirectory.java:tryLock(328)) - Lock on /workdir/hadoop-ozone/integration-test/target/test-dir/MiniOzoneClusterImpl-b3c83117-10f6-4176-911a-f0fe566d843f/datanode-1/data/ratis/0b0bd987-d03f-4f67-8e55-989f84175cf0/in_use.lock acquired by nodename 27833@pr-revert-24-hdds-2181-89r8m-3343634851
2019-10-15 21:52:53,594 [0a72d9f0-d385-4350-a485-113e43f7c69c@group-55974DF7BF57-LeaderElection1] INFO  impl.LeaderElection (LeaderElection.java:askForVotes(178)) - 0a72d9f0-d385-4350-a485-113e43f7c69c@group-55974DF7BF57-LeaderElection1: begin an election at term 1 for -1: [0a72d9f0-d385-4350-a485-113e43f7c69c:192.168.69.90:33827], old=null
2019-10-15 21:52:53,596 [0a72d9f0-d385-4350-a485-113e43f7c69c@group-55974DF7BF57-LeaderElection1] INFO  impl.RoleInfo (RoleInfo.java:shutdownLeaderElection(134)) - 0a72d9f0-d385-4350-a485-113e43f7c69c: shutdown LeaderElection
2019-10-15 21:52:53,596 [0a72d9f0-d385-4350-a485-113e43f7c69c@group-55974DF7BF57-LeaderElection1] INFO  impl.RaftServerImpl (RaftServerImpl.java:setRole(184)) - 0a72d9f0-d385-4350-a485-113e43f7c69c@group-55974DF7BF57: changes role from CANDIDATE to LEADER at term 1 for changeToLeader
2019-10-15 21:52:53,596 [0a72d9f0-d385-4350-a485-113e43f7c69c@group-55974DF7BF57-LeaderElection1] INFO  impl.RaftServerImpl (ServerState.java:setLeader(256)) - 0a72d9f0-d385-4350-a485-113e43f7c69c@group-55974DF7BF57: change Leader from null to 0a72d9f0-d385-4350-a485-113e43f7c69c at term 1 for becomeLeader, leader elected after 256ms
2019-10-15 21:52:53,601 [0a72d9f0-d385-4350-a485-113e43f7c69c@group-55974DF7BF57-LeaderElection1] INFO  server.RaftServerConfigKeys (ConfUtils.java:logGet(43)) - raft.server.staging.catchup.gap = 1000 (default)
2019-10-15 21:52:53,602 [0a72d9f0-d385-4350-a485-113e43f7c69c@group-55974DF7BF57-LeaderElection1] INFO  server.RaftServerConfigKeys (ConfUtils.java:logGet(43)) - raft.server.rpc.sleep.time = 25ms (default)
2019-10-15 21:52:53,606 [0a72d9f0-d385-4350-a485-113e43f7c69c@group-55974DF7BF57-LeaderElection1] INFO  server.RaftServerConfigKeys (ConfUtils.java:logGet(43)) - raft.server.write.element-limit = 4096 (default)
2019-10-15 21:52:53,608 [0a72d9f0-d385-4350-a485-113e43f7c69c@group-55974DF7BF57-LeaderElection1] INFO  server.RaftServerConfigKeys (ConfUtils.java:logGet(43)) - raft.server.watch.timeout = 10s (default)
2019-10-15 21:52:53,608 [0a72d9f0-d385-4350-a485-113e43f7c69c@group-55974DF7BF57-LeaderElection1] INFO  server.RaftServerConfigKeys (ConfUtils.java:logGet(43)) - raft.server.watch.timeout.denomination = 1s (default)
2019-10-15 21:52:53,609 [0a72d9f0-d385-4350-a485-113e43f7c69c@group-55974DF7BF57-LeaderElection1] INFO  server.RaftServerConfigKeys (ConfUtils.java:logGet(43)) - raft.server.watch.element-limit = 65536 (default)
2019-10-15 21:52:53,611 [pool-37-thread-1] INFO  storage.RaftStorage (RaftStorage.java:format(84)) - Storage directory /workdir/hadoop-ozone/integration-test/target/test-dir/MiniOzoneClusterImpl-b3c83117-10f6-4176-911a-f0fe566d843f/datanode-1/data/ratis/0b0bd987-d03f-4f67-8e55-989f84175cf0 has been successfully formatted.
2019-10-15 21:52:53,612 [pool-37-thread-1] INFO  ratis.ContainerStateMachine (ContainerStateMachine.java:loadSnapshot(231)) - group-989F84175CF0: The snapshot info is null. Setting the last applied indexto:(t:0, i:~)
2019-10-15 21:52:53,613 [pool-37-thread-1] INFO  server.RaftServerConfigKeys (ConfUtils.java:logGet(43)) - raft.server.notification.no-leader.timeout = 1000s (custom)
2019-10-15 21:52:53,613 [pool-37-thread-1] INFO  server.RaftServerConfigKeys (ConfUtils.java:logGet(43)) - raft.server.log.use.memory = false (default)
2019-10-15 21:52:53,613 [pool-37-thread-1] INFO  server.RaftServerConfigKeys (ConfUtils.java:logGet(43)) - raft.server.log.purge.gap = 1000000 (custom)
2019-10-15 21:52:53,613 [pool-37-thread-1] INFO  server.RaftServerConfigKeys (ConfUtils.java:logGet(43)) - raft.server.log.appender.buffer.byte-limit = 33554432 (custom)
2019-10-15 21:52:53,614 [pool-37-thread-1] INFO  server.RaftServerConfigKeys (ConfUtils.java:logGet(43)) - raft.server.log.segment.size.max = 1048576 (custom)
2019-10-15 21:52:53,638 [pool-37-thread-1] INFO  server.RaftServerConfigKeys (ConfUtils.java:logGet(43)) - raft.server.log.segment.cache.num.max = 2 (custom)
2019-10-15 21:52:53,638 [pool-37-thread-1] INFO  segmented.SegmentedRaftLogWorker (SegmentedRaftLogWorker.java:<init>(173)) - new 6a83fe04-c8c3-48c1-8861-8f81e89cd03c@group-989F84175CF0-SegmentedRaftLogWorker for RaftStorage:Storage Directory /workdir/hadoop-ozone/integration-test/target/test-dir/MiniOzoneClusterImpl-b3c83117-10f6-4176-911a-f0fe566d843f/datanode-1/data/ratis/0b0bd987-d03f-4f67-8e55-989f84175cf0
2019-10-15 21:52:53,639 [pool-37-thread-1] INFO  server.RaftServerConfigKeys (ConfUtils.java:logGet(43)) - raft.server.log.queue.byte-limit = 2147483647 (custom)
2019-10-15 21:52:53,639 [pool-37-thread-1] INFO  server.RaftServerConfigKeys (ConfUtils.java:logGet(43)) - raft.server.log.queue.element-limit = 1024 (custom)
2019-10-15 21:52:53,639 [pool-37-thread-1] INFO  server.RaftServerConfigKeys (ConfUtils.java:logGet(43)) - raft.server.log.segment.size.max = 1048576 (custom)
2019-10-15 21:52:53,639 [pool-37-thread-1] INFO  server.RaftServerConfigKeys (ConfUtils.java:logGet(43)) - raft.server.log.preallocated.size = 16384 (custom)
2019-10-15 21:52:53,639 [pool-37-thread-1] INFO  server.RaftServerConfigKeys (ConfUtils.java:logGet(43)) - raft.server.log.write.buffer.size = 33554432 (custom)
2019-10-15 21:52:53,639 [pool-37-thread-1] INFO  server.RaftServerConfigKeys (ConfUtils.java:logGet(43)) - raft.server.log.force.sync.num = 128 (default)
2019-10-15 21:52:53,640 [pool-37-thread-1] INFO  server.RaftServerConfigKeys (ConfUtils.java:logGet(43)) - raft.server.log.statemachine.data.sync = true (default)
2019-10-15 21:52:53,640 [pool-37-thread-1] INFO  server.RaftServerConfigKeys (ConfUtils.java:logGet(43)) - raft.server.log.statemachine.data.sync.timeout = 10s (default)
2019-10-15 21:52:53,640 [pool-37-thread-1] INFO  server.RaftServerConfigKeys (ConfUtils.java:logGet(43)) - raft.server.log.statemachine.data.sync.timeout.retry = -1 (default)
2019-10-15 21:52:53,641 [pool-37-thread-1] INFO  server.RaftServerConfigKeys (ConfUtils.java:logGet(43)) - raft.server.log.statemachine.data.caching.enabled = true (custom)
2019-10-15 21:52:53,641 [pool-37-thread-1] INFO  segmented.SegmentedRaftLogWorker (SegmentedRaftLogWorker.java:lambda$new$0(128)) - 6a83fe04-c8c3-48c1-8861-8f81e89cd03c@group-989F84175CF0-SegmentedRaftLogWorker: flushIndex: setUnconditionally 0 -> -1
2019-10-15 21:52:53,641 [pool-37-thread-1] INFO  server.RaftServerConfigKeys (ConfUtils.java:logGet(43)) - raft.server.snapshot.auto.trigger.enabled = true (custom)
2019-10-15 21:52:53,641 [pool-37-thread-1] INFO  server.RaftServerConfigKeys (ConfUtils.java:logGet(43)) - raft.server.snapshot.auto.trigger.threshold = 10000 (custom)
2019-10-15 21:52:53,642 [pool-37-thread-1] INFO  server.RaftServerConfigKeys (ConfUtils.java:logGet(43)) - raft.server.snapshot.retention.file.num = 5 (custom)
2019-10-15 21:52:53,642 [pool-37-thread-1] INFO  server.RaftServerConfigKeys (ConfUtils.java:logGet(43)) - raft.server.retrycache.expirytime = 600000ms (custom)
2019-10-15 21:52:53,648 [0a72d9f0-d385-4350-a485-113e43f7c69c@group-55974DF7BF57-LeaderElection1] INFO  impl.RoleInfo (RoleInfo.java:updateAndGet(143)) - 0a72d9f0-d385-4350-a485-113e43f7c69c: start LeaderState
2019-10-15 21:52:53,649 [pool-37-thread-1] INFO  impl.RaftServerImpl (RaftServerImpl.java:start(195)) - 6a83fe04-c8c3-48c1-8861-8f81e89cd03c@group-989F84175CF0: start as a follower, conf=-1: [6a83fe04-c8c3-48c1-8861-8f81e89cd03c:192.168.69.90:44841], old=null
2019-10-15 21:52:53,649 [pool-37-thread-1] INFO  impl.RaftServerImpl (RaftServerImpl.java:setRole(184)) - 6a83fe04-c8c3-48c1-8861-8f81e89cd03c@group-989F84175CF0: changes role from      null to FOLLOWER at term 0 for startAsFollower
2019-10-15 21:52:53,649 [pool-37-thread-1] INFO  impl.RoleInfo (RoleInfo.java:updateAndGet(143)) - 6a83fe04-c8c3-48c1-8861-8f81e89cd03c: start FollowerState
2019-10-15 21:52:53,650 [pool-37-thread-1] INFO  util.JmxRegister (JmxRegister.java:tryRegister(44)) - Successfully registered JMX Bean with object name Ratis:service=RaftServer,group=group-989F84175CF0,id=6a83fe04-c8c3-48c1-8861-8f81e89cd03c
2019-10-15 21:52:53,666 [RatisPipelineUtilsThread] INFO  pipeline.PipelineStateManager (PipelineStateManager.java:addPipeline(56)) - Created pipeline Pipeline[ Id: 0b0bd987-d03f-4f67-8e55-989f84175cf0, Nodes: 6a83fe04-c8c3-48c1-8861-8f81e89cd03c{ip: 192.168.69.90, host: pr-revert-24-hdds-2181-89r8m-3343634851, networkLocation: /default-rack, certSerialId: null}, Type:RATIS, Factor:ONE, State:OPEN]
2019-10-15 21:52:53,683 [grpc-default-executor-1] INFO  impl.RaftServerProxy (RaftServerProxy.java:addNew(89)) - 04d05b50-beb8-4841-9ce1-2061f7b42c80: addNew group-19E7E9D7FE95:[04d05b50-beb8-4841-9ce1-2061f7b42c80:192.168.69.90:35772] returns group-19E7E9D7FE95:java.util.concurrent.CompletableFuture@fe9d860[Not completed]
2019-10-15 21:52:53,685 [0a72d9f0-d385-4350-a485-113e43f7c69c@group-55974DF7BF57-LeaderElection1] INFO  segmented.SegmentedRaftLogWorker (SegmentedRaftLogWorker.java:startLogSegment(385)) - 0a72d9f0-d385-4350-a485-113e43f7c69c@group-55974DF7BF57-SegmentedRaftLogWorker: Starting segment from index:0
2019-10-15 21:52:53,686 [pool-47-thread-1] INFO  impl.RaftServerImpl (RaftServerImpl.java:<init>(104)) - 04d05b50-beb8-4841-9ce1-2061f7b42c80: new RaftServerImpl for group-19E7E9D7FE95:[04d05b50-beb8-4841-9ce1-2061f7b42c80:192.168.69.90:35772] with ContainerStateMachine:uninitialized
2019-10-15 21:52:53,687 [pool-47-thread-1] INFO  server.RaftServerConfigKeys (ConfUtils.java:logGet(43)) - raft.server.rpc.timeout.min = 5s (custom)
2019-10-15 21:52:53,687 [pool-47-thread-1] INFO  server.RaftServerConfigKeys (ConfUtils.java:logGet(43)) - raft.server.rpc.timeout.max = 5200ms (custom)
2019-10-15 21:52:53,687 [pool-47-thread-1] INFO  server.RaftServerConfigKeys (ConfUtils.java:logGet(43)) - raft.server.rpcslowness.timeout = 1000s (custom)
2019-10-15 21:52:53,687 [pool-47-thread-1] INFO  server.RaftServerConfigKeys (ConfUtils.java:logGet(43)) - raft.server.sleep.deviation.threshold = 300 (default)
2019-10-15 21:52:53,687 [pool-47-thread-1] INFO  server.RaftServerConfigKeys (ConfUtils.java:logGet(43)) - raft.server.log.appender.install.snapshot.enabled = false (custom)
2019-10-15 21:52:53,688 [pool-47-thread-1] INFO  impl.RaftServerImpl (ServerState.java:<init>(103)) - 04d05b50-beb8-4841-9ce1-2061f7b42c80@group-19E7E9D7FE95: ConfigurationManager, init=-1: [04d05b50-beb8-4841-9ce1-2061f7b42c80:192.168.69.90:35772], old=null, confs=<EMPTY_MAP>
2019-10-15 21:52:53,688 [pool-47-thread-1] INFO  server.RaftServerConfigKeys (ConfUtils.java:logGet(43)) - raft.server.storage.dir = [/workdir/hadoop-ozone/integration-test/target/test-dir/MiniOzoneClusterImpl-b3c83117-10f6-4176-911a-f0fe566d843f/datanode-2/data/ratis] (custom)
2019-10-15 21:52:53,688 [pool-47-thread-1] INFO  server.RaftServerConfigKeys (ConfUtils.java:logGet(43)) - raft.server.log.corruption.policy = EXCEPTION (default)
2019-10-15 21:52:53,689 [pool-47-thread-1] INFO  storage.RaftStorageDirectory (RaftStorageDirectory.java:analyzeStorage(246)) - The storage directory /workdir/hadoop-ozone/integration-test/target/test-dir/MiniOzoneClusterImpl-b3c83117-10f6-4176-911a-f0fe566d843f/datanode-2/data/ratis/9fc83c92-688e-482f-b01e-19e7e9d7fe95 does not exist. Creating ...
2019-10-15 21:52:53,697 [0a72d9f0-d385-4350-a485-113e43f7c69c@group-55974DF7BF57-LeaderElection1] INFO  impl.RaftServerImpl (ServerState.java:setRaftConf(357)) - 0a72d9f0-d385-4350-a485-113e43f7c69c@group-55974DF7BF57: set configuration 0: [0a72d9f0-d385-4350-a485-113e43f7c69c:192.168.69.90:33827], old=null at 0
2019-10-15 21:52:53,702 [pool-47-thread-1] INFO  storage.RaftStorageDirectory (RaftStorageDirectory.java:tryLock(328)) - Lock on /workdir/hadoop-ozone/integration-test/target/test-dir/MiniOzoneClusterImpl-b3c83117-10f6-4176-911a-f0fe566d843f/datanode-2/data/ratis/9fc83c92-688e-482f-b01e-19e7e9d7fe95/in_use.lock acquired by nodename 27833@pr-revert-24-hdds-2181-89r8m-3343634851
2019-10-15 21:52:53,716 [pool-47-thread-1] INFO  storage.RaftStorage (RaftStorage.java:format(84)) - Storage directory /workdir/hadoop-ozone/integration-test/target/test-dir/MiniOzoneClusterImpl-b3c83117-10f6-4176-911a-f0fe566d843f/datanode-2/data/ratis/9fc83c92-688e-482f-b01e-19e7e9d7fe95 has been successfully formatted.
2019-10-15 21:52:53,716 [pool-47-thread-1] INFO  ratis.ContainerStateMachine (ContainerStateMachine.java:loadSnapshot(231)) - group-19E7E9D7FE95: The snapshot info is null. Setting the last applied indexto:(t:0, i:~)
2019-10-15 21:52:53,717 [pool-47-thread-1] INFO  server.RaftServerConfigKeys (ConfUtils.java:logGet(43)) - raft.server.notification.no-leader.timeout = 1000s (custom)
2019-10-15 21:52:53,717 [pool-47-thread-1] INFO  server.RaftServerConfigKeys (ConfUtils.java:logGet(43)) - raft.server.log.use.memory = false (default)
2019-10-15 21:52:53,717 [pool-47-thread-1] INFO  server.RaftServerConfigKeys (ConfUtils.java:logGet(43)) - raft.server.log.purge.gap = 1000000 (custom)
2019-10-15 21:52:53,717 [pool-47-thread-1] INFO  server.RaftServerConfigKeys (ConfUtils.java:logGet(43)) - raft.server.log.appender.buffer.byte-limit = 33554432 (custom)
2019-10-15 21:52:53,718 [pool-47-thread-1] INFO  server.RaftServerConfigKeys (ConfUtils.java:logGet(43)) - raft.server.log.segment.size.max = 1048576 (custom)
2019-10-15 21:52:53,722 [pool-47-thread-1] INFO  server.RaftServerConfigKeys (ConfUtils.java:logGet(43)) - raft.server.log.segment.cache.num.max = 2 (custom)
2019-10-15 21:52:53,723 [pool-47-thread-1] INFO  segmented.SegmentedRaftLogWorker (SegmentedRaftLogWorker.java:<init>(173)) - new 04d05b50-beb8-4841-9ce1-2061f7b42c80@group-19E7E9D7FE95-SegmentedRaftLogWorker for RaftStorage:Storage Directory /workdir/hadoop-ozone/integration-test/target/test-dir/MiniOzoneClusterImpl-b3c83117-10f6-4176-911a-f0fe566d843f/datanode-2/data/ratis/9fc83c92-688e-482f-b01e-19e7e9d7fe95
2019-10-15 21:52:53,723 [pool-47-thread-1] INFO  server.RaftServerConfigKeys (ConfUtils.java:logGet(43)) - raft.server.log.queue.byte-limit = 2147483647 (custom)
2019-10-15 21:52:53,723 [pool-47-thread-1] INFO  server.RaftServerConfigKeys (ConfUtils.java:logGet(43)) - raft.server.log.queue.element-limit = 1024 (custom)
2019-10-15 21:52:53,723 [pool-47-thread-1] INFO  server.RaftServerConfigKeys (ConfUtils.java:logGet(43)) - raft.server.log.segment.size.max = 1048576 (custom)
2019-10-15 21:52:53,724 [pool-47-thread-1] INFO  server.RaftServerConfigKeys (ConfUtils.java:logGet(43)) - raft.server.log.preallocated.size = 16384 (custom)
2019-10-15 21:52:53,724 [pool-47-thread-1] INFO  server.RaftServerConfigKeys (ConfUtils.java:logGet(43)) - raft.server.log.write.buffer.size = 33554432 (custom)
2019-10-15 21:52:53,724 [pool-47-thread-1] INFO  server.RaftServerConfigKeys (ConfUtils.java:logGet(43)) - raft.server.log.force.sync.num = 128 (default)
2019-10-15 21:52:53,724 [pool-47-thread-1] INFO  server.RaftServerConfigKeys (ConfUtils.java:logGet(43)) - raft.server.log.statemachine.data.sync = true (default)
2019-10-15 21:52:53,724 [pool-47-thread-1] INFO  server.RaftServerConfigKeys (ConfUtils.java:logGet(43)) - raft.server.log.statemachine.data.sync.timeout = 10s (default)
2019-10-15 21:52:53,725 [pool-47-thread-1] INFO  server.RaftServerConfigKeys (ConfUtils.java:logGet(43)) - raft.server.log.statemachine.data.sync.timeout.retry = -1 (default)
2019-10-15 21:52:53,725 [pool-47-thread-1] INFO  server.RaftServerConfigKeys (ConfUtils.java:logGet(43)) - raft.server.log.statemachine.data.caching.enabled = true (custom)
2019-10-15 21:52:53,726 [pool-47-thread-1] INFO  segmented.SegmentedRaftLogWorker (SegmentedRaftLogWorker.java:lambda$new$0(128)) - 04d05b50-beb8-4841-9ce1-2061f7b42c80@group-19E7E9D7FE95-SegmentedRaftLogWorker: flushIndex: setUnconditionally 0 -> -1
2019-10-15 21:52:53,726 [pool-47-thread-1] INFO  server.RaftServerConfigKeys (ConfUtils.java:logGet(43)) - raft.server.snapshot.auto.trigger.enabled = true (custom)
2019-10-15 21:52:53,726 [pool-47-thread-1] INFO  server.RaftServerConfigKeys (ConfUtils.java:logGet(43)) - raft.server.snapshot.auto.trigger.threshold = 10000 (custom)
2019-10-15 21:52:53,727 [pool-47-thread-1] INFO  server.RaftServerConfigKeys (ConfUtils.java:logGet(43)) - raft.server.snapshot.retention.file.num = 5 (custom)
2019-10-15 21:52:53,727 [pool-47-thread-1] INFO  server.RaftServerConfigKeys (ConfUtils.java:logGet(43)) - raft.server.retrycache.expirytime = 600000ms (custom)
2019-10-15 21:52:53,734 [pool-47-thread-1] INFO  impl.RaftServerImpl (RaftServerImpl.java:start(195)) - 04d05b50-beb8-4841-9ce1-2061f7b42c80@group-19E7E9D7FE95: start as a follower, conf=-1: [04d05b50-beb8-4841-9ce1-2061f7b42c80:192.168.69.90:35772], old=null
2019-10-15 21:52:53,734 [pool-47-thread-1] INFO  impl.RaftServerImpl (RaftServerImpl.java:setRole(184)) - 04d05b50-beb8-4841-9ce1-2061f7b42c80@group-19E7E9D7FE95: changes role from      null to FOLLOWER at term 0 for startAsFollower
2019-10-15 21:52:53,734 [pool-47-thread-1] INFO  impl.RoleInfo (RoleInfo.java:updateAndGet(143)) - 04d05b50-beb8-4841-9ce1-2061f7b42c80: start FollowerState
2019-10-15 21:52:53,735 [pool-47-thread-1] INFO  util.JmxRegister (JmxRegister.java:tryRegister(44)) - Successfully registered JMX Bean with object name Ratis:service=RaftServer,group=group-19E7E9D7FE95,id=04d05b50-beb8-4841-9ce1-2061f7b42c80
2019-10-15 21:52:53,749 [RatisPipelineUtilsThread] INFO  pipeline.PipelineStateManager (PipelineStateManager.java:addPipeline(56)) - Created pipeline Pipeline[ Id: 9fc83c92-688e-482f-b01e-19e7e9d7fe95, Nodes: 04d05b50-beb8-4841-9ce1-2061f7b42c80{ip: 192.168.69.90, host: pr-revert-24-hdds-2181-89r8m-3343634851, networkLocation: /default-rack, certSerialId: null}, Type:RATIS, Factor:ONE, State:OPEN]
2019-10-15 21:52:53,749 [Thread-191] INFO  impl.FollowerState (FollowerState.java:run(108)) - 6a83fe04-c8c3-48c1-8861-8f81e89cd03c@group-989F84175CF0-FollowerState: change to CANDIDATE, lastRpcTime:99ms, electionTimeout:99ms
2019-10-15 21:52:53,751 [Thread-191] INFO  impl.RoleInfo (RoleInfo.java:shutdownFollowerState(121)) - 6a83fe04-c8c3-48c1-8861-8f81e89cd03c: shutdown FollowerState
2019-10-15 21:52:53,751 [Thread-191] INFO  impl.RaftServerImpl (RaftServerImpl.java:setRole(184)) - 6a83fe04-c8c3-48c1-8861-8f81e89cd03c@group-989F84175CF0: changes role from  FOLLOWER to CANDIDATE at term 0 for changeToCandidate
2019-10-15 21:52:53,751 [Thread-191] INFO  impl.RoleInfo (RoleInfo.java:updateAndGet(143)) - 6a83fe04-c8c3-48c1-8861-8f81e89cd03c: start LeaderElection
2019-10-15 21:52:53,767 [6a83fe04-c8c3-48c1-8861-8f81e89cd03c@group-989F84175CF0-LeaderElection2] INFO  impl.LeaderElection (LeaderElection.java:askForVotes(178)) - 6a83fe04-c8c3-48c1-8861-8f81e89cd03c@group-989F84175CF0-LeaderElection2: begin an election at term 1 for -1: [6a83fe04-c8c3-48c1-8861-8f81e89cd03c:192.168.69.90:44841], old=null
2019-10-15 21:52:53,769 [6a83fe04-c8c3-48c1-8861-8f81e89cd03c@group-989F84175CF0-LeaderElection2] INFO  impl.RoleInfo (RoleInfo.java:shutdownLeaderElection(134)) - 6a83fe04-c8c3-48c1-8861-8f81e89cd03c: shutdown LeaderElection
2019-10-15 21:52:53,769 [6a83fe04-c8c3-48c1-8861-8f81e89cd03c@group-989F84175CF0-LeaderElection2] INFO  impl.RaftServerImpl (RaftServerImpl.java:setRole(184)) - 6a83fe04-c8c3-48c1-8861-8f81e89cd03c@group-989F84175CF0: changes role from CANDIDATE to LEADER at term 1 for changeToLeader
2019-10-15 21:52:53,769 [6a83fe04-c8c3-48c1-8861-8f81e89cd03c@group-989F84175CF0-LeaderElection2] INFO  impl.RaftServerImpl (ServerState.java:setLeader(256)) - 6a83fe04-c8c3-48c1-8861-8f81e89cd03c@group-989F84175CF0: change Leader from null to 6a83fe04-c8c3-48c1-8861-8f81e89cd03c at term 1 for becomeLeader, leader elected after 156ms
2019-10-15 21:52:53,770 [6a83fe04-c8c3-48c1-8861-8f81e89cd03c@group-989F84175CF0-LeaderElection2] INFO  server.RaftServerConfigKeys (ConfUtils.java:logGet(43)) - raft.server.staging.catchup.gap = 1000 (default)
2019-10-15 21:52:53,770 [6a83fe04-c8c3-48c1-8861-8f81e89cd03c@group-989F84175CF0-LeaderElection2] INFO  server.RaftServerConfigKeys (ConfUtils.java:logGet(43)) - raft.server.rpc.sleep.time = 25ms (default)
2019-10-15 21:52:53,771 [6a83fe04-c8c3-48c1-8861-8f81e89cd03c@group-989F84175CF0-LeaderElection2] INFO  server.RaftServerConfigKeys (ConfUtils.java:logGet(43)) - raft.server.write.element-limit = 4096 (default)
2019-10-15 21:52:53,774 [6a83fe04-c8c3-48c1-8861-8f81e89cd03c@group-989F84175CF0-LeaderElection2] INFO  server.RaftServerConfigKeys (ConfUtils.java:logGet(43)) - raft.server.watch.timeout = 10s (default)
2019-10-15 21:52:53,774 [6a83fe04-c8c3-48c1-8861-8f81e89cd03c@group-989F84175CF0-LeaderElection2] INFO  server.RaftServerConfigKeys (ConfUtils.java:logGet(43)) - raft.server.watch.timeout.denomination = 1s (default)
2019-10-15 21:52:53,775 [6a83fe04-c8c3-48c1-8861-8f81e89cd03c@group-989F84175CF0-LeaderElection2] INFO  server.RaftServerConfigKeys (ConfUtils.java:logGet(43)) - raft.server.watch.element-limit = 65536 (default)
2019-10-15 21:52:53,780 [grpc-default-executor-2] INFO  impl.RaftServerProxy (RaftServerProxy.java:addNew(89)) - 0a72d9f0-d385-4350-a485-113e43f7c69c: addNew group-F62649F7AF7F:[6a83fe04-c8c3-48c1-8861-8f81e89cd03c:192.168.69.90:44841, 04d05b50-beb8-4841-9ce1-2061f7b42c80:192.168.69.90:35772, 0a72d9f0-d385-4350-a485-113e43f7c69c:192.168.69.90:33827] returns group-F62649F7AF7F:java.util.concurrent.CompletableFuture@32114dcc[Not completed]
2019-10-15 21:52:53,781 [grpc-default-executor-1] INFO  impl.RaftServerProxy (RaftServerProxy.java:addNew(89)) - 6a83fe04-c8c3-48c1-8861-8f81e89cd03c: addNew group-F62649F7AF7F:[6a83fe04-c8c3-48c1-8861-8f81e89cd03c:192.168.69.90:44841, 04d05b50-beb8-4841-9ce1-2061f7b42c80:192.168.69.90:35772, 0a72d9f0-d385-4350-a485-113e43f7c69c:192.168.69.90:33827] returns group-F62649F7AF7F:java.util.concurrent.CompletableFuture@77b0fadf[Not completed]
2019-10-15 21:52:53,782 [grpc-default-executor-2] INFO  impl.RaftServerProxy (RaftServerProxy.java:addNew(89)) - 04d05b50-beb8-4841-9ce1-2061f7b42c80: addNew group-F62649F7AF7F:[6a83fe04-c8c3-48c1-8861-8f81e89cd03c:192.168.69.90:44841, 04d05b50-beb8-4841-9ce1-2061f7b42c80:192.168.69.90:35772, 0a72d9f0-d385-4350-a485-113e43f7c69c:192.168.69.90:33827] returns group-F62649F7AF7F:java.util.concurrent.CompletableFuture@7713c5ea[Not completed]
2019-10-15 21:52:53,783 [pool-27-thread-1] INFO  impl.RaftServerImpl (RaftServerImpl.java:<init>(104)) - 0a72d9f0-d385-4350-a485-113e43f7c69c: new RaftServerImpl for group-F62649F7AF7F:[6a83fe04-c8c3-48c1-8861-8f81e89cd03c:192.168.69.90:44841, 04d05b50-beb8-4841-9ce1-2061f7b42c80:192.168.69.90:35772, 0a72d9f0-d385-4350-a485-113e43f7c69c:192.168.69.90:33827] with ContainerStateMachine:uninitialized
2019-10-15 21:52:53,783 [pool-27-thread-1] INFO  server.RaftServerConfigKeys (ConfUtils.java:logGet(43)) - raft.server.rpc.timeout.min = 5s (custom)
2019-10-15 21:52:53,783 [pool-27-thread-1] INFO  server.RaftServerConfigKeys (ConfUtils.java:logGet(43)) - raft.server.rpc.timeout.max = 5200ms (custom)
2019-10-15 21:52:53,783 [pool-27-thread-1] INFO  server.RaftServerConfigKeys (ConfUtils.java:logGet(43)) - raft.server.rpcslowness.timeout = 1000s (custom)
2019-10-15 21:52:53,784 [6a83fe04-c8c3-48c1-8861-8f81e89cd03c@group-989F84175CF0-LeaderElection2] INFO  impl.RoleInfo (RoleInfo.java:updateAndGet(143)) - 6a83fe04-c8c3-48c1-8861-8f81e89cd03c: start LeaderState
2019-10-15 21:52:53,784 [pool-27-thread-1] INFO  server.RaftServerConfigKeys (ConfUtils.java:logGet(43)) - raft.server.sleep.deviation.threshold = 300 (default)
2019-10-15 21:52:53,784 [pool-37-thread-1] INFO  impl.RaftServerImpl (RaftServerImpl.java:<init>(104)) - 6a83fe04-c8c3-48c1-8861-8f81e89cd03c: new RaftServerImpl for group-F62649F7AF7F:[6a83fe04-c8c3-48c1-8861-8f81e89cd03c:192.168.69.90:44841, 04d05b50-beb8-4841-9ce1-2061f7b42c80:192.168.69.90:35772, 0a72d9f0-d385-4350-a485-113e43f7c69c:192.168.69.90:33827] with ContainerStateMachine:uninitialized
2019-10-15 21:52:53,784 [pool-27-thread-1] INFO  server.RaftServerConfigKeys (ConfUtils.java:logGet(43)) - raft.server.log.appender.install.snapshot.enabled = false (custom)
2019-10-15 21:52:53,784 [6a83fe04-c8c3-48c1-8861-8f81e89cd03c@group-989F84175CF0-LeaderElection2] INFO  segmented.SegmentedRaftLogWorker (SegmentedRaftLogWorker.java:startLogSegment(385)) - 6a83fe04-c8c3-48c1-8861-8f81e89cd03c@group-989F84175CF0-SegmentedRaftLogWorker: Starting segment from index:0
2019-10-15 21:52:53,784 [pool-37-thread-1] INFO  server.RaftServerConfigKeys (ConfUtils.java:logGet(43)) - raft.server.rpc.timeout.min = 5s (custom)
2019-10-15 21:52:53,784 [pool-27-thread-1] INFO  impl.RaftServerImpl (ServerState.java:<init>(103)) - 0a72d9f0-d385-4350-a485-113e43f7c69c@group-F62649F7AF7F: ConfigurationManager, init=-1: [6a83fe04-c8c3-48c1-8861-8f81e89cd03c:192.168.69.90:44841, 04d05b50-beb8-4841-9ce1-2061f7b42c80:192.168.69.90:35772, 0a72d9f0-d385-4350-a485-113e43f7c69c:192.168.69.90:33827], old=null, confs=<EMPTY_MAP>
2019-10-15 21:52:53,785 [pool-37-thread-1] INFO  server.RaftServerConfigKeys (ConfUtils.java:logGet(43)) - raft.server.rpc.timeout.max = 5200ms (custom)
2019-10-15 21:52:53,785 [pool-27-thread-1] INFO  server.RaftServerConfigKeys (ConfUtils.java:logGet(43)) - raft.server.storage.dir = [/workdir/hadoop-ozone/integration-test/target/test-dir/MiniOzoneClusterImpl-b3c83117-10f6-4176-911a-f0fe566d843f/datanode-0/data/ratis] (custom)
2019-10-15 21:52:53,785 [pool-37-thread-1] INFO  server.RaftServerConfigKeys (ConfUtils.java:logGet(43)) - raft.server.rpcslowness.timeout = 1000s (custom)
2019-10-15 21:52:53,785 [6a83fe04-c8c3-48c1-8861-8f81e89cd03c@group-989F84175CF0-LeaderElection2] INFO  impl.RaftServerImpl (ServerState.java:setRaftConf(357)) - 6a83fe04-c8c3-48c1-8861-8f81e89cd03c@group-989F84175CF0: set configuration 0: [6a83fe04-c8c3-48c1-8861-8f81e89cd03c:192.168.69.90:44841], old=null at 0
2019-10-15 21:52:53,785 [pool-47-thread-1] INFO  impl.RaftServerImpl (RaftServerImpl.java:<init>(104)) - 04d05b50-beb8-4841-9ce1-2061f7b42c80: new RaftServerImpl for group-F62649F7AF7F:[6a83fe04-c8c3-48c1-8861-8f81e89cd03c:192.168.69.90:44841, 04d05b50-beb8-4841-9ce1-2061f7b42c80:192.168.69.90:35772, 0a72d9f0-d385-4350-a485-113e43f7c69c:192.168.69.90:33827] with ContainerStateMachine:uninitialized
2019-10-15 21:52:53,785 [pool-27-thread-1] INFO  server.RaftServerConfigKeys (ConfUtils.java:logGet(43)) - raft.server.log.corruption.policy = EXCEPTION (default)
2019-10-15 21:52:53,785 [pool-37-thread-1] INFO  server.RaftServerConfigKeys (ConfUtils.java:logGet(43)) - raft.server.sleep.deviation.threshold = 300 (default)
2019-10-15 21:52:53,786 [pool-47-thread-1] INFO  server.RaftServerConfigKeys (ConfUtils.java:logGet(43)) - raft.server.rpc.timeout.min = 5s (custom)
2019-10-15 21:52:53,786 [pool-37-thread-1] INFO  server.RaftServerConfigKeys (ConfUtils.java:logGet(43)) - raft.server.log.appender.install.snapshot.enabled = false (custom)
2019-10-15 21:52:53,786 [pool-27-thread-1] INFO  storage.RaftStorageDirectory (RaftStorageDirectory.java:analyzeStorage(246)) - The storage directory /workdir/hadoop-ozone/integration-test/target/test-dir/MiniOzoneClusterImpl-b3c83117-10f6-4176-911a-f0fe566d843f/datanode-0/data/ratis/4353dad5-98e9-4a09-96de-f62649f7af7f does not exist. Creating ...
2019-10-15 21:52:53,787 [pool-37-thread-1] INFO  impl.RaftServerImpl (ServerState.java:<init>(103)) - 6a83fe04-c8c3-48c1-8861-8f81e89cd03c@group-F62649F7AF7F: ConfigurationManager, init=-1: [6a83fe04-c8c3-48c1-8861-8f81e89cd03c:192.168.69.90:44841, 04d05b50-beb8-4841-9ce1-2061f7b42c80:192.168.69.90:35772, 0a72d9f0-d385-4350-a485-113e43f7c69c:192.168.69.90:33827], old=null, confs=<EMPTY_MAP>
2019-10-15 21:52:53,787 [pool-47-thread-1] INFO  server.RaftServerConfigKeys (ConfUtils.java:logGet(43)) - raft.server.rpc.timeout.max = 5200ms (custom)
2019-10-15 21:52:53,787 [pool-37-thread-1] INFO  server.RaftServerConfigKeys (ConfUtils.java:logGet(43)) - raft.server.storage.dir = [/workdir/hadoop-ozone/integration-test/target/test-dir/MiniOzoneClusterImpl-b3c83117-10f6-4176-911a-f0fe566d843f/datanode-1/data/ratis] (custom)
2019-10-15 21:52:53,787 [pool-47-thread-1] INFO  server.RaftServerConfigKeys (ConfUtils.java:logGet(43)) - raft.server.rpcslowness.timeout = 1000s (custom)
2019-10-15 21:52:53,787 [pool-37-thread-1] INFO  server.RaftServerConfigKeys (ConfUtils.java:logGet(43)) - raft.server.log.corruption.policy = EXCEPTION (default)
2019-10-15 21:52:53,788 [pool-47-thread-1] INFO  server.RaftServerConfigKeys (ConfUtils.java:logGet(43)) - raft.server.sleep.deviation.threshold = 300 (default)
2019-10-15 21:52:53,788 [pool-37-thread-1] INFO  storage.RaftStorageDirectory (RaftStorageDirectory.java:analyzeStorage(246)) - The storage directory /workdir/hadoop-ozone/integration-test/target/test-dir/MiniOzoneClusterImpl-b3c83117-10f6-4176-911a-f0fe566d843f/datanode-1/data/ratis/4353dad5-98e9-4a09-96de-f62649f7af7f does not exist. Creating ...
2019-10-15 21:52:53,788 [pool-47-thread-1] INFO  server.RaftServerConfigKeys (ConfUtils.java:logGet(43)) - raft.server.log.appender.install.snapshot.enabled = false (custom)
2019-10-15 21:52:53,788 [pool-47-thread-1] INFO  impl.RaftServerImpl (ServerState.java:<init>(103)) - 04d05b50-beb8-4841-9ce1-2061f7b42c80@group-F62649F7AF7F: ConfigurationManager, init=-1: [6a83fe04-c8c3-48c1-8861-8f81e89cd03c:192.168.69.90:44841, 04d05b50-beb8-4841-9ce1-2061f7b42c80:192.168.69.90:35772, 0a72d9f0-d385-4350-a485-113e43f7c69c:192.168.69.90:33827], old=null, confs=<EMPTY_MAP>
2019-10-15 21:52:53,788 [pool-47-thread-1] INFO  server.RaftServerConfigKeys (ConfUtils.java:logGet(43)) - raft.server.storage.dir = [/workdir/hadoop-ozone/integration-test/target/test-dir/MiniOzoneClusterImpl-b3c83117-10f6-4176-911a-f0fe566d843f/datanode-2/data/ratis] (custom)
2019-10-15 21:52:53,789 [pool-47-thread-1] INFO  server.RaftServerConfigKeys (ConfUtils.java:logGet(43)) - raft.server.log.corruption.policy = EXCEPTION (default)
2019-10-15 21:52:53,789 [pool-47-thread-1] INFO  storage.RaftStorageDirectory (RaftStorageDirectory.java:analyzeStorage(246)) - The storage directory /workdir/hadoop-ozone/integration-test/target/test-dir/MiniOzoneClusterImpl-b3c83117-10f6-4176-911a-f0fe566d843f/datanode-2/data/ratis/4353dad5-98e9-4a09-96de-f62649f7af7f does not exist. Creating ...
2019-10-15 21:52:53,800 [pool-27-thread-1] INFO  storage.RaftStorageDirectory (RaftStorageDirectory.java:tryLock(328)) - Lock on /workdir/hadoop-ozone/integration-test/target/test-dir/MiniOzoneClusterImpl-b3c83117-10f6-4176-911a-f0fe566d843f/datanode-0/data/ratis/4353dad5-98e9-4a09-96de-f62649f7af7f/in_use.lock acquired by nodename 27833@pr-revert-24-hdds-2181-89r8m-3343634851
2019-10-15 21:52:53,800 [pool-47-thread-1] INFO  storage.RaftStorageDirectory (RaftStorageDirectory.java:tryLock(328)) - Lock on /workdir/hadoop-ozone/integration-test/target/test-dir/MiniOzoneClusterImpl-b3c83117-10f6-4176-911a-f0fe566d843f/datanode-2/data/ratis/4353dad5-98e9-4a09-96de-f62649f7af7f/in_use.lock acquired by nodename 27833@pr-revert-24-hdds-2181-89r8m-3343634851
2019-10-15 21:52:53,800 [pool-37-thread-1] INFO  storage.RaftStorageDirectory (RaftStorageDirectory.java:tryLock(328)) - Lock on /workdir/hadoop-ozone/integration-test/target/test-dir/MiniOzoneClusterImpl-b3c83117-10f6-4176-911a-f0fe566d843f/datanode-1/data/ratis/4353dad5-98e9-4a09-96de-f62649f7af7f/in_use.lock acquired by nodename 27833@pr-revert-24-hdds-2181-89r8m-3343634851
2019-10-15 21:52:53,814 [pool-27-thread-1] INFO  storage.RaftStorage (RaftStorage.java:format(84)) - Storage directory /workdir/hadoop-ozone/integration-test/target/test-dir/MiniOzoneClusterImpl-b3c83117-10f6-4176-911a-f0fe566d843f/datanode-0/data/ratis/4353dad5-98e9-4a09-96de-f62649f7af7f has been successfully formatted.
2019-10-15 21:52:53,814 [pool-47-thread-1] INFO  storage.RaftStorage (RaftStorage.java:format(84)) - Storage directory /workdir/hadoop-ozone/integration-test/target/test-dir/MiniOzoneClusterImpl-b3c83117-10f6-4176-911a-f0fe566d843f/datanode-2/data/ratis/4353dad5-98e9-4a09-96de-f62649f7af7f has been successfully formatted.
2019-10-15 21:52:53,814 [pool-37-thread-1] INFO  storage.RaftStorage (RaftStorage.java:format(84)) - Storage directory /workdir/hadoop-ozone/integration-test/target/test-dir/MiniOzoneClusterImpl-b3c83117-10f6-4176-911a-f0fe566d843f/datanode-1/data/ratis/4353dad5-98e9-4a09-96de-f62649f7af7f has been successfully formatted.
2019-10-15 21:52:53,815 [pool-27-thread-1] INFO  ratis.ContainerStateMachine (ContainerStateMachine.java:loadSnapshot(231)) - group-F62649F7AF7F: The snapshot info is null. Setting the last applied indexto:(t:0, i:~)
2019-10-15 21:52:53,815 [pool-47-thread-1] INFO  ratis.ContainerStateMachine (ContainerStateMachine.java:loadSnapshot(231)) - group-F62649F7AF7F: The snapshot info is null. Setting the last applied indexto:(t:0, i:~)
2019-10-15 21:52:53,815 [pool-27-thread-1] INFO  server.RaftServerConfigKeys (ConfUtils.java:logGet(43)) - raft.server.notification.no-leader.timeout = 1000s (custom)
2019-10-15 21:52:53,815 [pool-37-thread-1] INFO  ratis.ContainerStateMachine (ContainerStateMachine.java:loadSnapshot(231)) - group-F62649F7AF7F: The snapshot info is null. Setting the last applied indexto:(t:0, i:~)
2019-10-15 21:52:53,815 [pool-27-thread-1] INFO  server.RaftServerConfigKeys (ConfUtils.java:logGet(43)) - raft.server.log.use.memory = false (default)
2019-10-15 21:52:53,815 [pool-47-thread-1] INFO  server.RaftServerConfigKeys (ConfUtils.java:logGet(43)) - raft.server.notification.no-leader.timeout = 1000s (custom)
2019-10-15 21:52:53,816 [pool-27-thread-1] INFO  server.RaftServerConfigKeys (ConfUtils.java:logGet(43)) - raft.server.log.purge.gap = 1000000 (custom)
2019-10-15 21:52:53,815 [pool-37-thread-1] INFO  server.RaftServerConfigKeys (ConfUtils.java:logGet(43)) - raft.server.notification.no-leader.timeout = 1000s (custom)
2019-10-15 21:52:53,816 [pool-27-thread-1] INFO  server.RaftServerConfigKeys (ConfUtils.java:logGet(43)) - raft.server.log.appender.buffer.byte-limit = 33554432 (custom)
2019-10-15 21:52:53,816 [pool-47-thread-1] INFO  server.RaftServerConfigKeys (ConfUtils.java:logGet(43)) - raft.server.log.use.memory = false (default)
2019-10-15 21:52:53,816 [pool-27-thread-1] INFO  server.RaftServerConfigKeys (ConfUtils.java:logGet(43)) - raft.server.log.segment.size.max = 1048576 (custom)
2019-10-15 21:52:53,816 [pool-37-thread-1] INFO  server.RaftServerConfigKeys (ConfUtils.java:logGet(43)) - raft.server.log.use.memory = false (default)
2019-10-15 21:52:53,816 [pool-27-thread-1] INFO  server.RaftServerConfigKeys (ConfUtils.java:logGet(43)) - raft.server.log.segment.cache.num.max = 2 (custom)
2019-10-15 21:52:53,816 [pool-37-thread-1] INFO  server.RaftServerConfigKeys (ConfUtils.java:logGet(43)) - raft.server.log.purge.gap = 1000000 (custom)
2019-10-15 21:52:53,816 [pool-47-thread-1] INFO  server.RaftServerConfigKeys (ConfUtils.java:logGet(43)) - raft.server.log.purge.gap = 1000000 (custom)
2019-10-15 21:52:53,817 [pool-37-thread-1] INFO  server.RaftServerConfigKeys (ConfUtils.java:logGet(43)) - raft.server.log.appender.buffer.byte-limit = 33554432 (custom)
2019-10-15 21:52:53,817 [pool-27-thread-1] INFO  segmented.SegmentedRaftLogWorker (SegmentedRaftLogWorker.java:<init>(173)) - new 0a72d9f0-d385-4350-a485-113e43f7c69c@group-F62649F7AF7F-SegmentedRaftLogWorker for RaftStorage:Storage Directory /workdir/hadoop-ozone/integration-test/target/test-dir/MiniOzoneClusterImpl-b3c83117-10f6-4176-911a-f0fe566d843f/datanode-0/data/ratis/4353dad5-98e9-4a09-96de-f62649f7af7f
2019-10-15 21:52:53,817 [pool-37-thread-1] INFO  server.RaftServerConfigKeys (ConfUtils.java:logGet(43)) - raft.server.log.segment.size.max = 1048576 (custom)
2019-10-15 21:52:53,817 [pool-47-thread-1] INFO  server.RaftServerConfigKeys (ConfUtils.java:logGet(43)) - raft.server.log.appender.buffer.byte-limit = 33554432 (custom)
2019-10-15 21:52:53,817 [pool-37-thread-1] INFO  server.RaftServerConfigKeys (ConfUtils.java:logGet(43)) - raft.server.log.segment.cache.num.max = 2 (custom)
2019-10-15 21:52:53,817 [pool-27-thread-1] INFO  server.RaftServerConfigKeys (ConfUtils.java:logGet(43)) - raft.server.log.queue.byte-limit = 2147483647 (custom)
2019-10-15 21:52:53,817 [pool-37-thread-1] INFO  segmented.SegmentedRaftLogWorker (SegmentedRaftLogWorker.java:<init>(173)) - new 6a83fe04-c8c3-48c1-8861-8f81e89cd03c@group-F62649F7AF7F-SegmentedRaftLogWorker for RaftStorage:Storage Directory /workdir/hadoop-ozone/integration-test/target/test-dir/MiniOzoneClusterImpl-b3c83117-10f6-4176-911a-f0fe566d843f/datanode-1/data/ratis/4353dad5-98e9-4a09-96de-f62649f7af7f
2019-10-15 21:52:53,817 [pool-47-thread-1] INFO  server.RaftServerConfigKeys (ConfUtils.java:logGet(43)) - raft.server.log.segment.size.max = 1048576 (custom)
2019-10-15 21:52:53,818 [pool-37-thread-1] INFO  server.RaftServerConfigKeys (ConfUtils.java:logGet(43)) - raft.server.log.queue.byte-limit = 2147483647 (custom)
2019-10-15 21:52:53,818 [pool-47-thread-1] INFO  server.RaftServerConfigKeys (ConfUtils.java:logGet(43)) - raft.server.log.segment.cache.num.max = 2 (custom)
2019-10-15 21:52:53,818 [pool-27-thread-1] INFO  server.RaftServerConfigKeys (ConfUtils.java:logGet(43)) - raft.server.log.queue.element-limit = 1024 (custom)
2019-10-15 21:52:53,818 [pool-47-thread-1] INFO  segmented.SegmentedRaftLogWorker (SegmentedRaftLogWorker.java:<init>(173)) - new 04d05b50-beb8-4841-9ce1-2061f7b42c80@group-F62649F7AF7F-SegmentedRaftLogWorker for RaftStorage:Storage Directory /workdir/hadoop-ozone/integration-test/target/test-dir/MiniOzoneClusterImpl-b3c83117-10f6-4176-911a-f0fe566d843f/datanode-2/data/ratis/4353dad5-98e9-4a09-96de-f62649f7af7f
2019-10-15 21:52:53,818 [pool-37-thread-1] INFO  server.RaftServerConfigKeys (ConfUtils.java:logGet(43)) - raft.server.log.queue.element-limit = 1024 (custom)
2019-10-15 21:52:53,818 [pool-47-thread-1] INFO  server.RaftServerConfigKeys (ConfUtils.java:logGet(43)) - raft.server.log.queue.byte-limit = 2147483647 (custom)
2019-10-15 21:52:53,818 [pool-27-thread-1] INFO  server.RaftServerConfigKeys (ConfUtils.java:logGet(43)) - raft.server.log.segment.size.max = 1048576 (custom)
2019-10-15 21:52:53,819 [pool-47-thread-1] INFO  server.RaftServerConfigKeys (ConfUtils.java:logGet(43)) - raft.server.log.queue.element-limit = 1024 (custom)
2019-10-15 21:52:53,818 [pool-37-thread-1] INFO  server.RaftServerConfigKeys (ConfUtils.java:logGet(43)) - raft.server.log.segment.size.max = 1048576 (custom)
2019-10-15 21:52:53,819 [pool-47-thread-1] INFO  server.RaftServerConfigKeys (ConfUtils.java:logGet(43)) - raft.server.log.segment.size.max = 1048576 (custom)
2019-10-15 21:52:53,819 [pool-27-thread-1] INFO  server.RaftServerConfigKeys (ConfUtils.java:logGet(43)) - raft.server.log.preallocated.size = 16384 (custom)
2019-10-15 21:52:53,819 [pool-47-thread-1] INFO  server.RaftServerConfigKeys (ConfUtils.java:logGet(43)) - raft.server.log.preallocated.size = 16384 (custom)
2019-10-15 21:52:53,819 [pool-37-thread-1] INFO  server.RaftServerConfigKeys (ConfUtils.java:logGet(43)) - raft.server.log.preallocated.size = 16384 (custom)
2019-10-15 21:52:53,819 [pool-47-thread-1] INFO  server.RaftServerConfigKeys (ConfUtils.java:logGet(43)) - raft.server.log.write.buffer.size = 33554432 (custom)
2019-10-15 21:52:53,819 [pool-27-thread-1] INFO  server.RaftServerConfigKeys (ConfUtils.java:logGet(43)) - raft.server.log.write.buffer.size = 33554432 (custom)
2019-10-15 21:52:53,820 [pool-47-thread-1] INFO  server.RaftServerConfigKeys (ConfUtils.java:logGet(43)) - raft.server.log.force.sync.num = 128 (default)
2019-10-15 21:52:53,819 [pool-37-thread-1] INFO  server.RaftServerConfigKeys (ConfUtils.java:logGet(43)) - raft.server.log.write.buffer.size = 33554432 (custom)
2019-10-15 21:52:53,820 [pool-47-thread-1] INFO  server.RaftServerConfigKeys (ConfUtils.java:logGet(43)) - raft.server.log.statemachine.data.sync = true (default)
2019-10-15 21:52:53,820 [pool-27-thread-1] INFO  server.RaftServerConfigKeys (ConfUtils.java:logGet(43)) - raft.server.log.force.sync.num = 128 (default)
2019-10-15 21:52:53,820 [pool-47-thread-1] INFO  server.RaftServerConfigKeys (ConfUtils.java:logGet(43)) - raft.server.log.statemachine.data.sync.timeout = 10s (default)
2019-10-15 21:52:53,820 [pool-37-thread-1] INFO  server.RaftServerConfigKeys (ConfUtils.java:logGet(43)) - raft.server.log.force.sync.num = 128 (default)
2019-10-15 21:52:53,820 [pool-47-thread-1] INFO  server.RaftServerConfigKeys (ConfUtils.java:logGet(43)) - raft.server.log.statemachine.data.sync.timeout.retry = -1 (default)
2019-10-15 21:52:53,820 [pool-27-thread-1] INFO  server.RaftServerConfigKeys (ConfUtils.java:logGet(43)) - raft.server.log.statemachine.data.sync = true (default)
2019-10-15 21:52:53,821 [pool-37-thread-1] INFO  server.RaftServerConfigKeys (ConfUtils.java:logGet(43)) - raft.server.log.statemachine.data.sync = true (default)
2019-10-15 21:52:53,821 [pool-27-thread-1] INFO  server.RaftServerConfigKeys (ConfUtils.java:logGet(43)) - raft.server.log.statemachine.data.sync.timeout = 10s (default)
2019-10-15 21:52:53,821 [pool-47-thread-1] INFO  server.RaftServerConfigKeys (ConfUtils.java:logGet(43)) - raft.server.log.statemachine.data.caching.enabled = true (custom)
2019-10-15 21:52:53,821 [pool-27-thread-1] INFO  server.RaftServerConfigKeys (ConfUtils.java:logGet(43)) - raft.server.log.statemachine.data.sync.timeout.retry = -1 (default)
2019-10-15 21:52:53,821 [pool-37-thread-1] INFO  server.RaftServerConfigKeys (ConfUtils.java:logGet(43)) - raft.server.log.statemachine.data.sync.timeout = 10s (default)
2019-10-15 21:52:53,821 [pool-27-thread-1] INFO  server.RaftServerConfigKeys (ConfUtils.java:logGet(43)) - raft.server.log.statemachine.data.caching.enabled = true (custom)
2019-10-15 21:52:53,821 [pool-37-thread-1] INFO  server.RaftServerConfigKeys (ConfUtils.java:logGet(43)) - raft.server.log.statemachine.data.sync.timeout.retry = -1 (default)
2019-10-15 21:52:53,821 [pool-47-thread-1] INFO  segmented.SegmentedRaftLogWorker (SegmentedRaftLogWorker.java:lambda$new$0(128)) - 04d05b50-beb8-4841-9ce1-2061f7b42c80@group-F62649F7AF7F-SegmentedRaftLogWorker: flushIndex: setUnconditionally 0 -> -1
2019-10-15 21:52:53,822 [pool-37-thread-1] INFO  server.RaftServerConfigKeys (ConfUtils.java:logGet(43)) - raft.server.log.statemachine.data.caching.enabled = true (custom)
2019-10-15 21:52:53,822 [pool-27-thread-1] INFO  segmented.SegmentedRaftLogWorker (SegmentedRaftLogWorker.java:lambda$new$0(128)) - 0a72d9f0-d385-4350-a485-113e43f7c69c@group-F62649F7AF7F-SegmentedRaftLogWorker: flushIndex: setUnconditionally 0 -> -1
2019-10-15 21:52:53,822 [pool-47-thread-1] INFO  server.RaftServerConfigKeys (ConfUtils.java:logGet(43)) - raft.server.snapshot.auto.trigger.enabled = true (custom)
2019-10-15 21:52:53,822 [pool-37-thread-1] INFO  segmented.SegmentedRaftLogWorker (SegmentedRaftLogWorker.java:lambda$new$0(128)) - 6a83fe04-c8c3-48c1-8861-8f81e89cd03c@group-F62649F7AF7F-SegmentedRaftLogWorker: flushIndex: setUnconditionally 0 -> -1
2019-10-15 21:52:53,822 [pool-47-thread-1] INFO  server.RaftServerConfigKeys (ConfUtils.java:logGet(43)) - raft.server.snapshot.auto.trigger.threshold = 10000 (custom)
2019-10-15 21:52:53,822 [pool-27-thread-1] INFO  server.RaftServerConfigKeys (ConfUtils.java:logGet(43)) - raft.server.snapshot.auto.trigger.enabled = true (custom)
2019-10-15 21:52:53,823 [pool-47-thread-1] INFO  server.RaftServerConfigKeys (ConfUtils.java:logGet(43)) - raft.server.snapshot.retention.file.num = 5 (custom)
2019-10-15 21:52:53,823 [pool-37-thread-1] INFO  server.RaftServerConfigKeys (ConfUtils.java:logGet(43)) - raft.server.snapshot.auto.trigger.enabled = true (custom)
2019-10-15 21:52:53,823 [pool-47-thread-1] INFO  server.RaftServerConfigKeys (ConfUtils.java:logGet(43)) - raft.server.retrycache.expirytime = 600000ms (custom)
2019-10-15 21:52:53,823 [pool-27-thread-1] INFO  server.RaftServerConfigKeys (ConfUtils.java:logGet(43)) - raft.server.snapshot.auto.trigger.threshold = 10000 (custom)
2019-10-15 21:52:53,823 [pool-37-thread-1] INFO  server.RaftServerConfigKeys (ConfUtils.java:logGet(43)) - raft.server.snapshot.auto.trigger.threshold = 10000 (custom)
2019-10-15 21:52:53,823 [pool-27-thread-1] INFO  server.RaftServerConfigKeys (ConfUtils.java:logGet(43)) - raft.server.snapshot.retention.file.num = 5 (custom)
2019-10-15 21:52:53,823 [pool-37-thread-1] INFO  server.RaftServerConfigKeys (ConfUtils.java:logGet(43)) - raft.server.snapshot.retention.file.num = 5 (custom)
2019-10-15 21:52:53,823 [pool-27-thread-1] INFO  server.RaftServerConfigKeys (ConfUtils.java:logGet(43)) - raft.server.retrycache.expirytime = 600000ms (custom)
2019-10-15 21:52:53,824 [pool-37-thread-1] INFO  server.RaftServerConfigKeys (ConfUtils.java:logGet(43)) - raft.server.retrycache.expirytime = 600000ms (custom)
2019-10-15 21:52:53,827 [pool-47-thread-1] INFO  impl.RaftServerImpl (RaftServerImpl.java:start(195)) - 04d05b50-beb8-4841-9ce1-2061f7b42c80@group-F62649F7AF7F: start as a follower, conf=-1: [6a83fe04-c8c3-48c1-8861-8f81e89cd03c:192.168.69.90:44841, 04d05b50-beb8-4841-9ce1-2061f7b42c80:192.168.69.90:35772, 0a72d9f0-d385-4350-a485-113e43f7c69c:192.168.69.90:33827], old=null
2019-10-15 21:52:53,827 [pool-47-thread-1] INFO  impl.RaftServerImpl (RaftServerImpl.java:setRole(184)) - 04d05b50-beb8-4841-9ce1-2061f7b42c80@group-F62649F7AF7F: changes role from      null to FOLLOWER at term 0 for startAsFollower
2019-10-15 21:52:53,827 [pool-47-thread-1] INFO  impl.RoleInfo (RoleInfo.java:updateAndGet(143)) - 04d05b50-beb8-4841-9ce1-2061f7b42c80: start FollowerState
2019-10-15 21:52:53,828 [pool-47-thread-1] INFO  util.JmxRegister (JmxRegister.java:tryRegister(44)) - Successfully registered JMX Bean with object name Ratis:service=RaftServer,group=group-F62649F7AF7F,id=04d05b50-beb8-4841-9ce1-2061f7b42c80
2019-10-15 21:52:53,828 [pool-27-thread-1] INFO  impl.RaftServerImpl (RaftServerImpl.java:start(195)) - 0a72d9f0-d385-4350-a485-113e43f7c69c@group-F62649F7AF7F: start as a follower, conf=-1: [6a83fe04-c8c3-48c1-8861-8f81e89cd03c:192.168.69.90:44841, 04d05b50-beb8-4841-9ce1-2061f7b42c80:192.168.69.90:35772, 0a72d9f0-d385-4350-a485-113e43f7c69c:192.168.69.90:33827], old=null
2019-10-15 21:52:53,828 [pool-37-thread-1] INFO  impl.RaftServerImpl (RaftServerImpl.java:start(195)) - 6a83fe04-c8c3-48c1-8861-8f81e89cd03c@group-F62649F7AF7F: start as a follower, conf=-1: [6a83fe04-c8c3-48c1-8861-8f81e89cd03c:192.168.69.90:44841, 04d05b50-beb8-4841-9ce1-2061f7b42c80:192.168.69.90:35772, 0a72d9f0-d385-4350-a485-113e43f7c69c:192.168.69.90:33827], old=null
2019-10-15 21:52:53,828 [pool-27-thread-1] INFO  impl.RaftServerImpl (RaftServerImpl.java:setRole(184)) - 0a72d9f0-d385-4350-a485-113e43f7c69c@group-F62649F7AF7F: changes role from      null to FOLLOWER at term 0 for startAsFollower
2019-10-15 21:52:53,828 [pool-37-thread-1] INFO  impl.RaftServerImpl (RaftServerImpl.java:setRole(184)) - 6a83fe04-c8c3-48c1-8861-8f81e89cd03c@group-F62649F7AF7F: changes role from      null to FOLLOWER at term 0 for startAsFollower
2019-10-15 21:52:53,828 [pool-27-thread-1] INFO  impl.RoleInfo (RoleInfo.java:updateAndGet(143)) - 0a72d9f0-d385-4350-a485-113e43f7c69c: start FollowerState
2019-10-15 21:52:53,829 [pool-37-thread-1] INFO  impl.RoleInfo (RoleInfo.java:updateAndGet(143)) - 6a83fe04-c8c3-48c1-8861-8f81e89cd03c: start FollowerState
2019-10-15 21:52:53,829 [pool-27-thread-1] INFO  util.JmxRegister (JmxRegister.java:tryRegister(44)) - Successfully registered JMX Bean with object name Ratis:service=RaftServer,group=group-F62649F7AF7F,id=0a72d9f0-d385-4350-a485-113e43f7c69c
2019-10-15 21:52:53,829 [pool-37-thread-1] INFO  util.JmxRegister (JmxRegister.java:tryRegister(44)) - Successfully registered JMX Bean with object name Ratis:service=RaftServer,group=group-F62649F7AF7F,id=6a83fe04-c8c3-48c1-8861-8f81e89cd03c
2019-10-15 21:52:53,839 [Thread-201] INFO  impl.FollowerState (FollowerState.java:run(108)) - 04d05b50-beb8-4841-9ce1-2061f7b42c80@group-F62649F7AF7F-FollowerState: change to CANDIDATE, lastRpcTime:11ms, electionTimeout:11ms
2019-10-15 21:52:53,839 [Thread-201] INFO  impl.RoleInfo (RoleInfo.java:shutdownFollowerState(121)) - 04d05b50-beb8-4841-9ce1-2061f7b42c80: shutdown FollowerState
2019-10-15 21:52:53,840 [Thread-201] INFO  impl.RaftServerImpl (RaftServerImpl.java:setRole(184)) - 04d05b50-beb8-4841-9ce1-2061f7b42c80@group-F62649F7AF7F: changes role from  FOLLOWER to CANDIDATE at term 0 for changeToCandidate
2019-10-15 21:52:53,840 [Thread-201] INFO  impl.RoleInfo (RoleInfo.java:updateAndGet(143)) - 04d05b50-beb8-4841-9ce1-2061f7b42c80: start LeaderElection
2019-10-15 21:52:53,856 [RatisPipelineUtilsThread] INFO  pipeline.PipelineStateManager (PipelineStateManager.java:addPipeline(56)) - Created pipeline Pipeline[ Id: 4353dad5-98e9-4a09-96de-f62649f7af7f, Nodes: 6a83fe04-c8c3-48c1-8861-8f81e89cd03c{ip: 192.168.69.90, host: pr-revert-24-hdds-2181-89r8m-3343634851, networkLocation: /default-rack, certSerialId: null}0a72d9f0-d385-4350-a485-113e43f7c69c{ip: 192.168.69.90, host: pr-revert-24-hdds-2181-89r8m-3343634851, networkLocation: /default-rack, certSerialId: null}04d05b50-beb8-4841-9ce1-2061f7b42c80{ip: 192.168.69.90, host: pr-revert-24-hdds-2181-89r8m-3343634851, networkLocation: /default-rack, certSerialId: null}, Type:RATIS, Factor:THREE, State:OPEN]
2019-10-15 21:52:53,859 [04d05b50-beb8-4841-9ce1-2061f7b42c80@group-F62649F7AF7F-LeaderElection3] INFO  impl.LeaderElection (LeaderElection.java:askForVotes(178)) - 04d05b50-beb8-4841-9ce1-2061f7b42c80@group-F62649F7AF7F-LeaderElection3: begin an election at term 1 for -1: [6a83fe04-c8c3-48c1-8861-8f81e89cd03c:192.168.69.90:44841, 04d05b50-beb8-4841-9ce1-2061f7b42c80:192.168.69.90:35772, 0a72d9f0-d385-4350-a485-113e43f7c69c:192.168.69.90:33827], old=null
2019-10-15 21:52:53,883 [main] INFO  ozone.MiniOzoneClusterImpl (MiniOzoneClusterImpl.java:lambda$waitForClusterToBeReady$0(147)) - Cluster is ready. Got 3 of 3 DN Heartbeats.
2019-10-15 21:52:53,896 [grpc-default-executor-1] INFO  impl.RaftServerImpl (RaftServerImpl.java:setRole(184)) - 0a72d9f0-d385-4350-a485-113e43f7c69c@group-F62649F7AF7F: changes role from  FOLLOWER to FOLLOWER at term 1 for recognizeCandidate:04d05b50-beb8-4841-9ce1-2061f7b42c80
2019-10-15 21:52:53,896 [grpc-default-executor-2] INFO  impl.RaftServerImpl (RaftServerImpl.java:setRole(184)) - 6a83fe04-c8c3-48c1-8861-8f81e89cd03c@group-F62649F7AF7F: changes role from  FOLLOWER to FOLLOWER at term 1 for recognizeCandidate:04d05b50-beb8-4841-9ce1-2061f7b42c80
2019-10-15 21:52:53,896 [grpc-default-executor-1] INFO  impl.RoleInfo (RoleInfo.java:shutdownFollowerState(121)) - 0a72d9f0-d385-4350-a485-113e43f7c69c: shutdown FollowerState
2019-10-15 21:52:53,896 [grpc-default-executor-2] INFO  impl.RoleInfo (RoleInfo.java:shutdownFollowerState(121)) - 6a83fe04-c8c3-48c1-8861-8f81e89cd03c: shutdown FollowerState
2019-10-15 21:52:53,896 [Thread-202] INFO  impl.FollowerState (FollowerState.java:run(117)) - 0a72d9f0-d385-4350-a485-113e43f7c69c@group-F62649F7AF7F-FollowerState was interrupted: java.lang.InterruptedException: sleep interrupted
2019-10-15 21:52:53,896 [grpc-default-executor-1] INFO  impl.RoleInfo (RoleInfo.java:updateAndGet(143)) - 0a72d9f0-d385-4350-a485-113e43f7c69c: start FollowerState
2019-10-15 21:52:53,897 [grpc-default-executor-2] INFO  impl.RoleInfo (RoleInfo.java:updateAndGet(143)) - 6a83fe04-c8c3-48c1-8861-8f81e89cd03c: start FollowerState
2019-10-15 21:52:53,897 [Thread-203] INFO  impl.FollowerState (FollowerState.java:run(117)) - 6a83fe04-c8c3-48c1-8861-8f81e89cd03c@group-F62649F7AF7F-FollowerState was interrupted: java.lang.InterruptedException: sleep interrupted
2019-10-15 21:52:53,899 [Thread-194] INFO  impl.FollowerState (FollowerState.java:run(108)) - 04d05b50-beb8-4841-9ce1-2061f7b42c80@group-19E7E9D7FE95-FollowerState: change to CANDIDATE, lastRpcTime:164ms, electionTimeout:163ms
2019-10-15 21:52:53,899 [Thread-194] INFO  impl.RoleInfo (RoleInfo.java:shutdownFollowerState(121)) - 04d05b50-beb8-4841-9ce1-2061f7b42c80: shutdown FollowerState
2019-10-15 21:52:53,899 [Thread-194] INFO  impl.RaftServerImpl (RaftServerImpl.java:setRole(184)) - 04d05b50-beb8-4841-9ce1-2061f7b42c80@group-19E7E9D7FE95: changes role from  FOLLOWER to CANDIDATE at term 0 for changeToCandidate
2019-10-15 21:52:53,900 [Thread-194] INFO  impl.RoleInfo (RoleInfo.java:updateAndGet(143)) - 04d05b50-beb8-4841-9ce1-2061f7b42c80: start LeaderElection
2019-10-15 21:52:53,917 [04d05b50-beb8-4841-9ce1-2061f7b42c80@group-19E7E9D7FE95-LeaderElection4] INFO  impl.LeaderElection (LeaderElection.java:askForVotes(178)) - 04d05b50-beb8-4841-9ce1-2061f7b42c80@group-19E7E9D7FE95-LeaderElection4: begin an election at term 1 for -1: [04d05b50-beb8-4841-9ce1-2061f7b42c80:192.168.69.90:35772], old=null
2019-10-15 21:52:53,917 [04d05b50-beb8-4841-9ce1-2061f7b42c80@group-19E7E9D7FE95-LeaderElection4] INFO  impl.RoleInfo (RoleInfo.java:shutdownLeaderElection(134)) - 04d05b50-beb8-4841-9ce1-2061f7b42c80: shutdown LeaderElection
2019-10-15 21:52:53,917 [04d05b50-beb8-4841-9ce1-2061f7b42c80@group-19E7E9D7FE95-LeaderElection4] INFO  impl.RaftServerImpl (RaftServerImpl.java:setRole(184)) - 04d05b50-beb8-4841-9ce1-2061f7b42c80@group-19E7E9D7FE95: changes role from CANDIDATE to LEADER at term 1 for changeToLeader
2019-10-15 21:52:53,917 [04d05b50-beb8-4841-9ce1-2061f7b42c80@group-19E7E9D7FE95-LeaderElection4] INFO  impl.RaftServerImpl (ServerState.java:setLeader(256)) - 04d05b50-beb8-4841-9ce1-2061f7b42c80@group-19E7E9D7FE95: change Leader from null to 04d05b50-beb8-4841-9ce1-2061f7b42c80 at term 1 for becomeLeader, leader elected after 200ms
2019-10-15 21:52:53,917 [04d05b50-beb8-4841-9ce1-2061f7b42c80@group-19E7E9D7FE95-LeaderElection4] INFO  server.RaftServerConfigKeys (ConfUtils.java:logGet(43)) - raft.server.staging.catchup.gap = 1000 (default)
2019-10-15 21:52:53,918 [04d05b50-beb8-4841-9ce1-2061f7b42c80@group-19E7E9D7FE95-LeaderElection4] INFO  server.RaftServerConfigKeys (ConfUtils.java:logGet(43)) - raft.server.rpc.sleep.time = 25ms (default)
2019-10-15 21:52:53,918 [04d05b50-beb8-4841-9ce1-2061f7b42c80@group-19E7E9D7FE95-LeaderElection4] INFO  server.RaftServerConfigKeys (ConfUtils.java:logGet(43)) - raft.server.write.element-limit = 4096 (default)
2019-10-15 21:52:53,918 [04d05b50-beb8-4841-9ce1-2061f7b42c80@group-19E7E9D7FE95-LeaderElection4] INFO  server.RaftServerConfigKeys (ConfUtils.java:logGet(43)) - raft.server.watch.timeout = 10s (default)
2019-10-15 21:52:53,918 [04d05b50-beb8-4841-9ce1-2061f7b42c80@group-19E7E9D7FE95-LeaderElection4] INFO  server.RaftServerConfigKeys (ConfUtils.java:logGet(43)) - raft.server.watch.timeout.denomination = 1s (default)
2019-10-15 21:52:53,918 [04d05b50-beb8-4841-9ce1-2061f7b42c80@group-19E7E9D7FE95-LeaderElection4] INFO  server.RaftServerConfigKeys (ConfUtils.java:logGet(43)) - raft.server.watch.element-limit = 65536 (default)
2019-10-15 21:52:53,921 [04d05b50-beb8-4841-9ce1-2061f7b42c80@group-19E7E9D7FE95-LeaderElection4] INFO  impl.RoleInfo (RoleInfo.java:updateAndGet(143)) - 04d05b50-beb8-4841-9ce1-2061f7b42c80: start LeaderState
2019-10-15 21:52:53,922 [04d05b50-beb8-4841-9ce1-2061f7b42c80@group-19E7E9D7FE95-LeaderElection4] INFO  segmented.SegmentedRaftLogWorker (SegmentedRaftLogWorker.java:startLogSegment(385)) - 04d05b50-beb8-4841-9ce1-2061f7b42c80@group-19E7E9D7FE95-SegmentedRaftLogWorker: Starting segment from index:0
2019-10-15 21:52:53,926 [04d05b50-beb8-4841-9ce1-2061f7b42c80@group-19E7E9D7FE95-LeaderElection4] INFO  impl.RaftServerImpl (ServerState.java:setRaftConf(357)) - 04d05b50-beb8-4841-9ce1-2061f7b42c80@group-19E7E9D7FE95: set configuration 0: [04d05b50-beb8-4841-9ce1-2061f7b42c80:192.168.69.90:35772], old=null at 0
2019-10-15 21:52:53,930 [04d05b50-beb8-4841-9ce1-2061f7b42c80@group-F62649F7AF7F-LeaderElection3] INFO  impl.LeaderElection (LeaderElection.java:logAndReturn(56)) - 04d05b50-beb8-4841-9ce1-2061f7b42c80@group-F62649F7AF7F-LeaderElection3: Election PASSED; received 1 response(s) [04d05b50-beb8-4841-9ce1-2061f7b42c80<-0a72d9f0-d385-4350-a485-113e43f7c69c#0:OK-t1] and 0 exception(s); 04d05b50-beb8-4841-9ce1-2061f7b42c80@group-F62649F7AF7F:t1, leader=null, voted=04d05b50-beb8-4841-9ce1-2061f7b42c80, raftlog=04d05b50-beb8-4841-9ce1-2061f7b42c80@group-F62649F7AF7F-SegmentedRaftLog:OPENED:c-1,f-1,i0, conf=-1: [6a83fe04-c8c3-48c1-8861-8f81e89cd03c:192.168.69.90:44841, 04d05b50-beb8-4841-9ce1-2061f7b42c80:192.168.69.90:35772, 0a72d9f0-d385-4350-a485-113e43f7c69c:192.168.69.90:33827], old=null
2019-10-15 21:52:53,931 [04d05b50-beb8-4841-9ce1-2061f7b42c80@group-F62649F7AF7F-LeaderElection3] INFO  impl.RoleInfo (RoleInfo.java:shutdownLeaderElection(134)) - 04d05b50-beb8-4841-9ce1-2061f7b42c80: shutdown LeaderElection
2019-10-15 21:52:53,931 [04d05b50-beb8-4841-9ce1-2061f7b42c80@group-F62649F7AF7F-LeaderElection3] INFO  impl.RaftServerImpl (RaftServerImpl.java:setRole(184)) - 04d05b50-beb8-4841-9ce1-2061f7b42c80@group-F62649F7AF7F: changes role from CANDIDATE to LEADER at term 1 for changeToLeader
2019-10-15 21:52:53,932 [04d05b50-beb8-4841-9ce1-2061f7b42c80@group-F62649F7AF7F-LeaderElection3] INFO  impl.RaftServerImpl (ServerState.java:setLeader(256)) - 04d05b50-beb8-4841-9ce1-2061f7b42c80@group-F62649F7AF7F: change Leader from null to 04d05b50-beb8-4841-9ce1-2061f7b42c80 at term 1 for becomeLeader, leader elected after 116ms
2019-10-15 21:52:53,932 [04d05b50-beb8-4841-9ce1-2061f7b42c80@group-F62649F7AF7F-LeaderElection3] INFO  server.RaftServerConfigKeys (ConfUtils.java:logGet(43)) - raft.server.staging.catchup.gap = 1000 (default)
2019-10-15 21:52:53,932 [04d05b50-beb8-4841-9ce1-2061f7b42c80@group-F62649F7AF7F-LeaderElection3] INFO  server.RaftServerConfigKeys (ConfUtils.java:logGet(43)) - raft.server.rpc.sleep.time = 25ms (default)
2019-10-15 21:52:53,932 [04d05b50-beb8-4841-9ce1-2061f7b42c80@group-F62649F7AF7F-LeaderElection3] INFO  server.RaftServerConfigKeys (ConfUtils.java:logGet(43)) - raft.server.write.element-limit = 4096 (default)
2019-10-15 21:52:53,933 [04d05b50-beb8-4841-9ce1-2061f7b42c80@group-F62649F7AF7F-LeaderElection3] INFO  server.RaftServerConfigKeys (ConfUtils.java:logGet(43)) - raft.server.watch.timeout = 10s (default)
2019-10-15 21:52:53,933 [04d05b50-beb8-4841-9ce1-2061f7b42c80@group-F62649F7AF7F-LeaderElection3] INFO  server.RaftServerConfigKeys (ConfUtils.java:logGet(43)) - raft.server.watch.timeout.denomination = 1s (default)
2019-10-15 21:52:53,933 [04d05b50-beb8-4841-9ce1-2061f7b42c80@group-F62649F7AF7F-LeaderElection3] INFO  server.RaftServerConfigKeys (ConfUtils.java:logGet(43)) - raft.server.watch.element-limit = 65536 (default)
2019-10-15 21:52:53,978 [04d05b50-beb8-4841-9ce1-2061f7b42c80@group-F62649F7AF7F-LeaderElection3] INFO  server.RaftServerConfigKeys (ConfUtils.java:logGet(43)) - raft.server.log.appender.snapshot.chunk.size.max = 16MB (=16777216) (default)
2019-10-15 21:52:53,978 [04d05b50-beb8-4841-9ce1-2061f7b42c80@group-F62649F7AF7F-LeaderElection3] INFO  server.RaftServerConfigKeys (ConfUtils.java:logGet(43)) - raft.server.log.appender.buffer.byte-limit = 33554432 (custom)
2019-10-15 21:52:53,979 [04d05b50-beb8-4841-9ce1-2061f7b42c80@group-F62649F7AF7F-LeaderElection3] INFO  server.RaftServerConfigKeys (ConfUtils.java:logGet(43)) - raft.server.log.appender.buffer.element-limit = 1 (custom)
2019-10-15 21:52:53,983 [04d05b50-beb8-4841-9ce1-2061f7b42c80@group-F62649F7AF7F-LeaderElection3] INFO  grpc.GrpcConfigKeys$Server (ConfUtils.java:logGet(43)) - raft.grpc.server.leader.outstanding.appends.max = 128 (default)
2019-10-15 21:52:53,987 [04d05b50-beb8-4841-9ce1-2061f7b42c80@group-F62649F7AF7F-LeaderElection3] INFO  server.RaftServerConfigKeys (ConfUtils.java:logGet(43)) - raft.server.rpc.request.timeout = 3000ms (default)
2019-10-15 21:52:53,987 [04d05b50-beb8-4841-9ce1-2061f7b42c80@group-F62649F7AF7F-LeaderElection3] INFO  server.RaftServerConfigKeys (ConfUtils.java:logGet(43)) - raft.server.log.appender.install.snapshot.enabled = false (custom)
2019-10-15 21:52:53,992 [04d05b50-beb8-4841-9ce1-2061f7b42c80@group-F62649F7AF7F-LeaderElection3] INFO  server.RaftServerConfigKeys (ConfUtils.java:logGet(43)) - raft.server.log.appender.snapshot.chunk.size.max = 16MB (=16777216) (default)
2019-10-15 21:52:53,992 [04d05b50-beb8-4841-9ce1-2061f7b42c80@group-F62649F7AF7F-LeaderElection3] INFO  server.RaftServerConfigKeys (ConfUtils.java:logGet(43)) - raft.server.log.appender.buffer.byte-limit = 33554432 (custom)
2019-10-15 21:52:53,992 [04d05b50-beb8-4841-9ce1-2061f7b42c80@group-19E7E9D7FE95-SegmentedRaftLogWorker] INFO  segmented.SegmentedRaftLogWorker (SegmentedRaftLogWorker.java:execute(576)) - 04d05b50-beb8-4841-9ce1-2061f7b42c80@group-19E7E9D7FE95-SegmentedRaftLogWorker: created new log segment /workdir/hadoop-ozone/integration-test/target/test-dir/MiniOzoneClusterImpl-b3c83117-10f6-4176-911a-f0fe566d843f/datanode-2/data/ratis/9fc83c92-688e-482f-b01e-19e7e9d7fe95/current/log_inprogress_0
2019-10-15 21:52:53,992 [04d05b50-beb8-4841-9ce1-2061f7b42c80@group-F62649F7AF7F-LeaderElection3] INFO  server.RaftServerConfigKeys (ConfUtils.java:logGet(43)) - raft.server.log.appender.buffer.element-limit = 1 (custom)
2019-10-15 21:52:53,992 [6a83fe04-c8c3-48c1-8861-8f81e89cd03c@group-989F84175CF0-SegmentedRaftLogWorker] INFO  segmented.SegmentedRaftLogWorker (SegmentedRaftLogWorker.java:execute(576)) - 6a83fe04-c8c3-48c1-8861-8f81e89cd03c@group-989F84175CF0-SegmentedRaftLogWorker: created new log segment /workdir/hadoop-ozone/integration-test/target/test-dir/MiniOzoneClusterImpl-b3c83117-10f6-4176-911a-f0fe566d843f/datanode-1/data/ratis/0b0bd987-d03f-4f67-8e55-989f84175cf0/current/log_inprogress_0
2019-10-15 21:52:53,992 [0a72d9f0-d385-4350-a485-113e43f7c69c@group-55974DF7BF57-SegmentedRaftLogWorker] INFO  segmented.SegmentedRaftLogWorker (SegmentedRaftLogWorker.java:execute(576)) - 0a72d9f0-d385-4350-a485-113e43f7c69c@group-55974DF7BF57-SegmentedRaftLogWorker: created new log segment /workdir/hadoop-ozone/integration-test/target/test-dir/MiniOzoneClusterImpl-b3c83117-10f6-4176-911a-f0fe566d843f/datanode-0/data/ratis/1aedaa5e-32c7-469b-b3fa-55974df7bf57/current/log_inprogress_0
2019-10-15 21:52:53,993 [04d05b50-beb8-4841-9ce1-2061f7b42c80@group-F62649F7AF7F-LeaderElection3] INFO  grpc.GrpcConfigKeys$Server (ConfUtils.java:logGet(43)) - raft.grpc.server.leader.outstanding.appends.max = 128 (default)
2019-10-15 21:52:53,994 [04d05b50-beb8-4841-9ce1-2061f7b42c80@group-F62649F7AF7F-LeaderElection3] INFO  server.RaftServerConfigKeys (ConfUtils.java:logGet(43)) - raft.server.rpc.request.timeout = 3000ms (default)
2019-10-15 21:52:53,994 [04d05b50-beb8-4841-9ce1-2061f7b42c80@group-F62649F7AF7F-LeaderElection3] INFO  server.RaftServerConfigKeys (ConfUtils.java:logGet(43)) - raft.server.log.appender.install.snapshot.enabled = false (custom)
2019-10-15 21:52:53,999 [04d05b50-beb8-4841-9ce1-2061f7b42c80@group-F62649F7AF7F-LeaderElection3] INFO  impl.RoleInfo (RoleInfo.java:updateAndGet(143)) - 04d05b50-beb8-4841-9ce1-2061f7b42c80: start LeaderState
2019-10-15 21:52:53,999 [04d05b50-beb8-4841-9ce1-2061f7b42c80@group-F62649F7AF7F-LeaderElection3] INFO  segmented.SegmentedRaftLogWorker (SegmentedRaftLogWorker.java:startLogSegment(385)) - 04d05b50-beb8-4841-9ce1-2061f7b42c80@group-F62649F7AF7F-SegmentedRaftLogWorker: Starting segment from index:0
2019-10-15 21:52:54,000 [04d05b50-beb8-4841-9ce1-2061f7b42c80@group-F62649F7AF7F-LeaderElection3] INFO  impl.RaftServerImpl (ServerState.java:setRaftConf(357)) - 04d05b50-beb8-4841-9ce1-2061f7b42c80@group-F62649F7AF7F: set configuration 0: [6a83fe04-c8c3-48c1-8861-8f81e89cd03c:192.168.69.90:44841, 04d05b50-beb8-4841-9ce1-2061f7b42c80:192.168.69.90:35772, 0a72d9f0-d385-4350-a485-113e43f7c69c:192.168.69.90:33827], old=null at 0
2019-10-15 21:52:54,037 [Thread-211] INFO  impl.FollowerState (FollowerState.java:run(108)) - 6a83fe04-c8c3-48c1-8861-8f81e89cd03c@group-F62649F7AF7F-FollowerState: change to CANDIDATE, lastRpcTime:140ms, electionTimeout:120ms
2019-10-15 21:52:54,038 [Thread-211] INFO  impl.RoleInfo (RoleInfo.java:shutdownFollowerState(121)) - 6a83fe04-c8c3-48c1-8861-8f81e89cd03c: shutdown FollowerState
2019-10-15 21:52:54,038 [Thread-211] INFO  impl.RaftServerImpl (RaftServerImpl.java:setRole(184)) - 6a83fe04-c8c3-48c1-8861-8f81e89cd03c@group-F62649F7AF7F: changes role from  FOLLOWER to CANDIDATE at term 1 for changeToCandidate
2019-10-15 21:52:54,038 [Thread-211] INFO  impl.RoleInfo (RoleInfo.java:updateAndGet(143)) - 6a83fe04-c8c3-48c1-8861-8f81e89cd03c: start LeaderElection
2019-10-15 21:52:54,051 [04d05b50-beb8-4841-9ce1-2061f7b42c80@group-F62649F7AF7F-SegmentedRaftLogWorker] INFO  segmented.SegmentedRaftLogWorker (SegmentedRaftLogWorker.java:execute(576)) - 04d05b50-beb8-4841-9ce1-2061f7b42c80@group-F62649F7AF7F-SegmentedRaftLogWorker: created new log segment /workdir/hadoop-ozone/integration-test/target/test-dir/MiniOzoneClusterImpl-b3c83117-10f6-4176-911a-f0fe566d843f/datanode-2/data/ratis/4353dad5-98e9-4a09-96de-f62649f7af7f/current/log_inprogress_0
2019-10-15 21:52:54,051 [6a83fe04-c8c3-48c1-8861-8f81e89cd03c@group-F62649F7AF7F-LeaderElection5] INFO  impl.LeaderElection (LeaderElection.java:askForVotes(178)) - 6a83fe04-c8c3-48c1-8861-8f81e89cd03c@group-F62649F7AF7F-LeaderElection5: begin an election at term 2 for -1: [6a83fe04-c8c3-48c1-8861-8f81e89cd03c:192.168.69.90:44841, 04d05b50-beb8-4841-9ce1-2061f7b42c80:192.168.69.90:35772, 0a72d9f0-d385-4350-a485-113e43f7c69c:192.168.69.90:33827], old=null
2019-10-15 21:52:54,070 [grpc-default-executor-2] INFO  impl.RaftServerImpl (RaftServerImpl.java:setRole(184)) - 0a72d9f0-d385-4350-a485-113e43f7c69c@group-F62649F7AF7F: changes role from  FOLLOWER to FOLLOWER at term 2 for recognizeCandidate:6a83fe04-c8c3-48c1-8861-8f81e89cd03c
2019-10-15 21:52:54,071 [grpc-default-executor-2] INFO  impl.RoleInfo (RoleInfo.java:shutdownFollowerState(121)) - 0a72d9f0-d385-4350-a485-113e43f7c69c: shutdown FollowerState
2019-10-15 21:52:54,071 [Thread-210] INFO  impl.FollowerState (FollowerState.java:run(117)) - 0a72d9f0-d385-4350-a485-113e43f7c69c@group-F62649F7AF7F-FollowerState was interrupted: java.lang.InterruptedException: sleep interrupted
2019-10-15 21:52:54,071 [grpc-default-executor-2] INFO  impl.RoleInfo (RoleInfo.java:updateAndGet(143)) - 0a72d9f0-d385-4350-a485-113e43f7c69c: start FollowerState
2019-10-15 21:52:54,075 [grpc-default-executor-3] INFO  impl.RaftServerImpl (ServerState.java:setLeader(256)) - 04d05b50-beb8-4841-9ce1-2061f7b42c80@group-F62649F7AF7F: change Leader from 04d05b50-beb8-4841-9ce1-2061f7b42c80 to null at term 2 for updateCurrentTerm
2019-10-15 21:52:54,076 [grpc-default-executor-3] INFO  impl.RaftServerImpl (RaftServerImpl.java:setRole(184)) - 04d05b50-beb8-4841-9ce1-2061f7b42c80@group-F62649F7AF7F: changes role from    LEADER to FOLLOWER at term 2 for recognizeCandidate:6a83fe04-c8c3-48c1-8861-8f81e89cd03c
2019-10-15 21:52:54,076 [grpc-default-executor-3] INFO  impl.RoleInfo (RoleInfo.java:shutdownLeaderState(104)) - 04d05b50-beb8-4841-9ce1-2061f7b42c80: shutdown LeaderState
2019-10-15 21:52:54,078 [org.apache.ratis.server.impl.LogAppender$AppenderDaemon$$Lambda$388/26092002@352c2c1b] WARN  server.GrpcLogAppender (GrpcLogAppender.java:mayWait(149)) - 04d05b50-beb8-4841-9ce1-2061f7b42c80@group-F62649F7AF7F->0a72d9f0-d385-4350-a485-113e43f7c69c-GrpcLogAppender: Wait interrupted by java.lang.InterruptedException
2019-10-15 21:52:54,078 [org.apache.ratis.server.impl.LogAppender$AppenderDaemon$$Lambda$388/26092002@721566a0] WARN  server.GrpcLogAppender (GrpcLogAppender.java:mayWait(149)) - 04d05b50-beb8-4841-9ce1-2061f7b42c80@group-F62649F7AF7F->6a83fe04-c8c3-48c1-8861-8f81e89cd03c-GrpcLogAppender: Wait interrupted by java.lang.InterruptedException
2019-10-15 21:52:54,082 [grpc-default-executor-3] INFO  impl.PendingRequests (PendingRequests.java:sendNotLeaderResponses(202)) - 04d05b50-beb8-4841-9ce1-2061f7b42c80@group-F62649F7AF7F-PendingRequests: sendNotLeaderResponses
2019-10-15 21:52:54,086 [grpc-default-executor-3] INFO  impl.RoleInfo (RoleInfo.java:updateAndGet(143)) - 04d05b50-beb8-4841-9ce1-2061f7b42c80: start FollowerState
2019-10-15 21:52:54,093 [grpc-default-executor-1] INFO  server.GrpcServerProtocolService (GrpcServerProtocolService.java:onCompleted(113)) - 0a72d9f0-d385-4350-a485-113e43f7c69c: Completed APPEND_ENTRIES, lastRequest: 04d05b50-beb8-4841-9ce1-2061f7b42c80->0a72d9f0-d385-4350-a485-113e43f7c69c#0-t1, previous=(t:0, i:0), leaderCommit=-1, initializing? false, entries: <empty>
2019-10-15 21:52:54,093 [grpc-default-executor-0] INFO  server.GrpcServerProtocolService (GrpcServerProtocolService.java:onCompleted(113)) - 6a83fe04-c8c3-48c1-8861-8f81e89cd03c: Completed APPEND_ENTRIES, lastRequest: 04d05b50-beb8-4841-9ce1-2061f7b42c80->6a83fe04-c8c3-48c1-8861-8f81e89cd03c#0-t1, previous=(t:0, i:0), leaderCommit=-1, initializing? false, entries: <empty>
2019-10-15 21:52:54,095 [6a83fe04-c8c3-48c1-8861-8f81e89cd03c@group-F62649F7AF7F-LeaderElection5] INFO  impl.LeaderElection (LeaderElection.java:logAndReturn(56)) - 6a83fe04-c8c3-48c1-8861-8f81e89cd03c@group-F62649F7AF7F-LeaderElection5: Election PASSED; received 1 response(s) [6a83fe04-c8c3-48c1-8861-8f81e89cd03c<-0a72d9f0-d385-4350-a485-113e43f7c69c#0:OK-t2] and 0 exception(s); 6a83fe04-c8c3-48c1-8861-8f81e89cd03c@group-F62649F7AF7F:t2, leader=null, voted=6a83fe04-c8c3-48c1-8861-8f81e89cd03c, raftlog=6a83fe04-c8c3-48c1-8861-8f81e89cd03c@group-F62649F7AF7F-SegmentedRaftLog:OPENED:c-1,f-1,i0, conf=-1: [6a83fe04-c8c3-48c1-8861-8f81e89cd03c:192.168.69.90:44841, 04d05b50-beb8-4841-9ce1-2061f7b42c80:192.168.69.90:35772, 0a72d9f0-d385-4350-a485-113e43f7c69c:192.168.69.90:33827], old=null
2019-10-15 21:52:54,096 [6a83fe04-c8c3-48c1-8861-8f81e89cd03c@group-F62649F7AF7F-LeaderElection5] INFO  impl.RoleInfo (RoleInfo.java:shutdownLeaderElection(134)) - 6a83fe04-c8c3-48c1-8861-8f81e89cd03c: shutdown LeaderElection
2019-10-15 21:52:54,096 [6a83fe04-c8c3-48c1-8861-8f81e89cd03c@group-F62649F7AF7F-LeaderElection5] INFO  impl.RaftServerImpl (RaftServerImpl.java:setRole(184)) - 6a83fe04-c8c3-48c1-8861-8f81e89cd03c@group-F62649F7AF7F: changes role from CANDIDATE to LEADER at term 2 for changeToLeader
2019-10-15 21:52:54,097 [6a83fe04-c8c3-48c1-8861-8f81e89cd03c@group-F62649F7AF7F-LeaderElection5] INFO  impl.RaftServerImpl (ServerState.java:setLeader(256)) - 6a83fe04-c8c3-48c1-8861-8f81e89cd03c@group-F62649F7AF7F: change Leader from null to 6a83fe04-c8c3-48c1-8861-8f81e89cd03c at term 2 for becomeLeader, leader elected after 282ms
2019-10-15 21:52:54,098 [6a83fe04-c8c3-48c1-8861-8f81e89cd03c@group-F62649F7AF7F-LeaderElection5] INFO  server.RaftServerConfigKeys (ConfUtils.java:logGet(43)) - raft.server.staging.catchup.gap = 1000 (default)
2019-10-15 21:52:54,098 [6a83fe04-c8c3-48c1-8861-8f81e89cd03c@group-F62649F7AF7F-LeaderElection5] INFO  server.RaftServerConfigKeys (ConfUtils.java:logGet(43)) - raft.server.rpc.sleep.time = 25ms (default)
2019-10-15 21:52:54,100 [6a83fe04-c8c3-48c1-8861-8f81e89cd03c@group-F62649F7AF7F-LeaderElection5] INFO  server.RaftServerConfigKeys (ConfUtils.java:logGet(43)) - raft.server.write.element-limit = 4096 (default)
2019-10-15 21:52:54,100 [6a83fe04-c8c3-48c1-8861-8f81e89cd03c@group-F62649F7AF7F-LeaderElection5] INFO  server.RaftServerConfigKeys (ConfUtils.java:logGet(43)) - raft.server.watch.timeout = 10s (default)
2019-10-15 21:52:54,102 [6a83fe04-c8c3-48c1-8861-8f81e89cd03c@group-F62649F7AF7F-LeaderElection5] INFO  server.RaftServerConfigKeys (ConfUtils.java:logGet(43)) - raft.server.watch.timeout.denomination = 1s (default)
2019-10-15 21:52:54,102 [6a83fe04-c8c3-48c1-8861-8f81e89cd03c@group-F62649F7AF7F-LeaderElection5] INFO  server.RaftServerConfigKeys (ConfUtils.java:logGet(43)) - raft.server.watch.element-limit = 65536 (default)
2019-10-15 21:52:54,104 [grpc-default-executor-3] INFO  server.GrpcLogAppender (GrpcLogAppender.java:onCompleted(308)) - 04d05b50-beb8-4841-9ce1-2061f7b42c80@group-F62649F7AF7F->0a72d9f0-d385-4350-a485-113e43f7c69c-AppendLogResponseHandler: follower responses appendEntries COMPLETED
2019-10-15 21:52:54,104 [grpc-default-executor-1] INFO  server.GrpcLogAppender (GrpcLogAppender.java:onCompleted(308)) - 04d05b50-beb8-4841-9ce1-2061f7b42c80@group-F62649F7AF7F->6a83fe04-c8c3-48c1-8861-8f81e89cd03c-AppendLogResponseHandler: follower responses appendEntries COMPLETED
2019-10-15 21:52:54,109 [grpc-default-executor-3] INFO  impl.FollowerInfo (FollowerInfo.java:lambda$new$0(51)) - 04d05b50-beb8-4841-9ce1-2061f7b42c80@group-F62649F7AF7F->0a72d9f0-d385-4350-a485-113e43f7c69c: nextIndex: updateUnconditionally 0 -> 0
2019-10-15 21:52:54,110 [grpc-default-executor-1] INFO  impl.FollowerInfo (FollowerInfo.java:lambda$new$0(51)) - 04d05b50-beb8-4841-9ce1-2061f7b42c80@group-F62649F7AF7F->6a83fe04-c8c3-48c1-8861-8f81e89cd03c: nextIndex: updateUnconditionally 0 -> 0
2019-10-15 21:52:54,112 [6a83fe04-c8c3-48c1-8861-8f81e89cd03c@group-F62649F7AF7F-LeaderElection5] INFO  server.RaftServerConfigKeys (ConfUtils.java:logGet(43)) - raft.server.log.appender.snapshot.chunk.size.max = 16MB (=16777216) (default)
2019-10-15 21:52:54,113 [6a83fe04-c8c3-48c1-8861-8f81e89cd03c@group-F62649F7AF7F-LeaderElection5] INFO  server.RaftServerConfigKeys (ConfUtils.java:logGet(43)) - raft.server.log.appender.buffer.byte-limit = 33554432 (custom)
2019-10-15 21:52:54,113 [6a83fe04-c8c3-48c1-8861-8f81e89cd03c@group-F62649F7AF7F-LeaderElection5] INFO  server.RaftServerConfigKeys (ConfUtils.java:logGet(43)) - raft.server.log.appender.buffer.element-limit = 1 (custom)
2019-10-15 21:52:54,113 [6a83fe04-c8c3-48c1-8861-8f81e89cd03c@group-F62649F7AF7F-LeaderElection5] INFO  grpc.GrpcConfigKeys$Server (ConfUtils.java:logGet(43)) - raft.grpc.server.leader.outstanding.appends.max = 128 (default)
2019-10-15 21:52:54,114 [6a83fe04-c8c3-48c1-8861-8f81e89cd03c@group-F62649F7AF7F-LeaderElection5] INFO  server.RaftServerConfigKeys (ConfUtils.java:logGet(43)) - raft.server.rpc.request.timeout = 3000ms (default)
2019-10-15 21:52:54,114 [6a83fe04-c8c3-48c1-8861-8f81e89cd03c@group-F62649F7AF7F-LeaderElection5] INFO  server.RaftServerConfigKeys (ConfUtils.java:logGet(43)) - raft.server.log.appender.install.snapshot.enabled = false (custom)
2019-10-15 21:52:54,118 [6a83fe04-c8c3-48c1-8861-8f81e89cd03c@group-F62649F7AF7F-LeaderElection5] INFO  server.RaftServerConfigKeys (ConfUtils.java:logGet(43)) - raft.server.log.appender.snapshot.chunk.size.max = 16MB (=16777216) (default)
2019-10-15 21:52:54,119 [6a83fe04-c8c3-48c1-8861-8f81e89cd03c@group-F62649F7AF7F-LeaderElection5] INFO  server.RaftServerConfigKeys (ConfUtils.java:logGet(43)) - raft.server.log.appender.buffer.byte-limit = 33554432 (custom)
2019-10-15 21:52:54,119 [6a83fe04-c8c3-48c1-8861-8f81e89cd03c@group-F62649F7AF7F-LeaderElection5] INFO  server.RaftServerConfigKeys (ConfUtils.java:logGet(43)) - raft.server.log.appender.buffer.element-limit = 1 (custom)
2019-10-15 21:52:54,119 [6a83fe04-c8c3-48c1-8861-8f81e89cd03c@group-F62649F7AF7F-LeaderElection5] INFO  grpc.GrpcConfigKeys$Server (ConfUtils.java:logGet(43)) - raft.grpc.server.leader.outstanding.appends.max = 128 (default)
2019-10-15 21:52:54,119 [6a83fe04-c8c3-48c1-8861-8f81e89cd03c@group-F62649F7AF7F-LeaderElection5] INFO  server.RaftServerConfigKeys (ConfUtils.java:logGet(43)) - raft.server.rpc.request.timeout = 3000ms (default)
2019-10-15 21:52:54,120 [6a83fe04-c8c3-48c1-8861-8f81e89cd03c@group-F62649F7AF7F-LeaderElection5] INFO  server.RaftServerConfigKeys (ConfUtils.java:logGet(43)) - raft.server.log.appender.install.snapshot.enabled = false (custom)
2019-10-15 21:52:54,122 [6a83fe04-c8c3-48c1-8861-8f81e89cd03c@group-F62649F7AF7F-LeaderElection5] INFO  impl.RoleInfo (RoleInfo.java:updateAndGet(143)) - 6a83fe04-c8c3-48c1-8861-8f81e89cd03c: start LeaderState
2019-10-15 21:52:54,123 [6a83fe04-c8c3-48c1-8861-8f81e89cd03c@group-F62649F7AF7F-LeaderElection5] INFO  segmented.SegmentedRaftLogWorker (SegmentedRaftLogWorker.java:startLogSegment(385)) - 6a83fe04-c8c3-48c1-8861-8f81e89cd03c@group-F62649F7AF7F-SegmentedRaftLogWorker: Starting segment from index:0
2019-10-15 21:52:54,124 [6a83fe04-c8c3-48c1-8861-8f81e89cd03c@group-F62649F7AF7F-LeaderElection5] INFO  impl.RaftServerImpl (ServerState.java:setRaftConf(357)) - 6a83fe04-c8c3-48c1-8861-8f81e89cd03c@group-F62649F7AF7F: set configuration 0: [6a83fe04-c8c3-48c1-8861-8f81e89cd03c:192.168.69.90:44841, 04d05b50-beb8-4841-9ce1-2061f7b42c80:192.168.69.90:35772, 0a72d9f0-d385-4350-a485-113e43f7c69c:192.168.69.90:33827], old=null at 0
2019-10-15 21:52:54,158 [grpc-default-executor-1] INFO  impl.RaftServerImpl (ServerState.java:setLeader(256)) - 0a72d9f0-d385-4350-a485-113e43f7c69c@group-F62649F7AF7F: change Leader from null to 6a83fe04-c8c3-48c1-8861-8f81e89cd03c at term 2 for appendEntries, leader elected after 343ms
2019-10-15 21:52:54,158 [grpc-default-executor-3] INFO  impl.RaftServerImpl (ServerState.java:setLeader(256)) - 04d05b50-beb8-4841-9ce1-2061f7b42c80@group-F62649F7AF7F: change Leader from null to 6a83fe04-c8c3-48c1-8861-8f81e89cd03c at term 2 for appendEntries, leader elected after 83ms
2019-10-15 21:52:54,166 [6a83fe04-c8c3-48c1-8861-8f81e89cd03c@group-F62649F7AF7F-SegmentedRaftLogWorker] INFO  segmented.SegmentedRaftLogWorker (SegmentedRaftLogWorker.java:execute(576)) - 6a83fe04-c8c3-48c1-8861-8f81e89cd03c@group-F62649F7AF7F-SegmentedRaftLogWorker: created new log segment /workdir/hadoop-ozone/integration-test/target/test-dir/MiniOzoneClusterImpl-b3c83117-10f6-4176-911a-f0fe566d843f/datanode-1/data/ratis/4353dad5-98e9-4a09-96de-f62649f7af7f/current/log_inprogress_0
2019-10-15 21:52:54,181 [grpc-default-executor-3] INFO  impl.RaftServerImpl (ServerState.java:setRaftConf(357)) - 04d05b50-beb8-4841-9ce1-2061f7b42c80@group-F62649F7AF7F: set configuration 0: [6a83fe04-c8c3-48c1-8861-8f81e89cd03c:192.168.69.90:44841, 04d05b50-beb8-4841-9ce1-2061f7b42c80:192.168.69.90:35772, 0a72d9f0-d385-4350-a485-113e43f7c69c:192.168.69.90:33827], old=null at 0
2019-10-15 21:52:54,181 [grpc-default-executor-1] INFO  impl.RaftServerImpl (ServerState.java:setRaftConf(357)) - 0a72d9f0-d385-4350-a485-113e43f7c69c@group-F62649F7AF7F: set configuration 0: [6a83fe04-c8c3-48c1-8861-8f81e89cd03c:192.168.69.90:44841, 04d05b50-beb8-4841-9ce1-2061f7b42c80:192.168.69.90:35772, 0a72d9f0-d385-4350-a485-113e43f7c69c:192.168.69.90:33827], old=null at 0
2019-10-15 21:52:54,181 [grpc-default-executor-1] INFO  segmented.SegmentedRaftLogWorker (SegmentedRaftLogWorker.java:startLogSegment(385)) - 0a72d9f0-d385-4350-a485-113e43f7c69c@group-F62649F7AF7F-SegmentedRaftLogWorker: Starting segment from index:0
2019-10-15 21:52:54,184 [grpc-default-executor-3] INFO  segmented.SegmentedRaftLogWorker (SegmentedRaftLogWorker.java:truncate(401)) - 04d05b50-beb8-4841-9ce1-2061f7b42c80@group-F62649F7AF7F-SegmentedRaftLogWorker: Truncating segments toTruncate: null
  toDelete: [(0, 0) isOpen? true, length=0, newEndIndex=-1], start index 0
2019-10-15 21:52:54,185 [grpc-default-executor-3] INFO  segmented.SegmentedRaftLogWorker (SegmentedRaftLogWorker.java:startLogSegment(385)) - 04d05b50-beb8-4841-9ce1-2061f7b42c80@group-F62649F7AF7F-SegmentedRaftLogWorker: Starting segment from index:0
2019-10-15 21:52:54,186 [04d05b50-beb8-4841-9ce1-2061f7b42c80@group-F62649F7AF7F-SegmentedRaftLogWorker] INFO  segmented.SegmentedRaftLogWorker (SegmentedRaftLogWorker.java:execute(640)) - 04d05b50-beb8-4841-9ce1-2061f7b42c80@group-F62649F7AF7F-SegmentedRaftLogWorker: Deleted log file /workdir/hadoop-ozone/integration-test/target/test-dir/MiniOzoneClusterImpl-b3c83117-10f6-4176-911a-f0fe566d843f/datanode-2/data/ratis/4353dad5-98e9-4a09-96de-f62649f7af7f/current/log_inprogress_0
2019-10-15 21:52:54,187 [04d05b50-beb8-4841-9ce1-2061f7b42c80@group-F62649F7AF7F-SegmentedRaftLogWorker] INFO  segmented.SegmentedRaftLogWorker (SegmentedRaftLogWorker.java:lambda$new$0(128)) - 04d05b50-beb8-4841-9ce1-2061f7b42c80@group-F62649F7AF7F-SegmentedRaftLogWorker: flushIndex: setUnconditionally 0 -> -1
2019-10-15 21:52:54,223 [0a72d9f0-d385-4350-a485-113e43f7c69c@group-F62649F7AF7F-SegmentedRaftLogWorker] INFO  segmented.SegmentedRaftLogWorker (SegmentedRaftLogWorker.java:execute(576)) - 0a72d9f0-d385-4350-a485-113e43f7c69c@group-F62649F7AF7F-SegmentedRaftLogWorker: created new log segment /workdir/hadoop-ozone/integration-test/target/test-dir/MiniOzoneClusterImpl-b3c83117-10f6-4176-911a-f0fe566d843f/datanode-0/data/ratis/4353dad5-98e9-4a09-96de-f62649f7af7f/current/log_inprogress_0
2019-10-15 21:52:54,223 [04d05b50-beb8-4841-9ce1-2061f7b42c80@group-F62649F7AF7F-SegmentedRaftLogWorker] INFO  segmented.SegmentedRaftLogWorker (SegmentedRaftLogWorker.java:execute(576)) - 04d05b50-beb8-4841-9ce1-2061f7b42c80@group-F62649F7AF7F-SegmentedRaftLogWorker: created new log segment /workdir/hadoop-ozone/integration-test/target/test-dir/MiniOzoneClusterImpl-b3c83117-10f6-4176-911a-f0fe566d843f/datanode-2/data/ratis/4353dad5-98e9-4a09-96de-f62649f7af7f/current/log_inprogress_0
2019-10-15 21:52:54,923 [main] INFO  rpc.RpcClient (RpcClient.java:createVolume(272)) - Creating Volume: testcontainerstatemachinefailures, with jenkins1000 as owner.
2019-10-15 21:52:55,024 [IPC Server handler 2 on 40592] INFO  volume.OMVolumeCreateRequest (OMVolumeCreateRequest.java:validateAndUpdateCache(193)) - created volume:testcontainerstatemachinefailures for user:jenkins1000
2019-10-15 21:52:55,048 [main] INFO  rpc.RpcClient (RpcClient.java:createBucket(411)) - Creating Bucket: testcontainerstatemachinefailures/testcontainerstatemachinefailures, with Versioning false and Storage Type set to DISK and Encryption set to false 
2019-10-15 21:52:55,214 [main] INFO  impl.MetricsSystemImpl (MetricsSystemImpl.java:init(158)) - XceiverClientMetrics metrics system started (again)
2019-10-15 21:52:55,694 [Datanode State Machine Thread - 0] INFO  statemachine.DatanodeStateMachine (DatanodeStateMachine.java:lambda$startDaemon$0(350)) - Ozone container server started.
2019-10-15 21:52:55,784 [Thread-181] INFO  container.ReplicationManager (ReplicationManager.java:start(162)) - Starting Replication Monitor Thread.
2019-10-15 21:52:55,786 [ReplicationMonitor] INFO  container.ReplicationManager (ReplicationManager.java:run(225)) - Replication Monitor Thread took 1 milliseconds for processing 1 containers.
2019-10-15 21:53:00,683 [main] INFO  ozoneimpl.OzoneContainer (OzoneContainer.java:stop(227)) - Attempting to stop container services.
2019-10-15 21:53:00,684 [main] INFO  impl.RaftServerProxy (RaftServerProxy.java:lambda$close$4(314)) - 04d05b50-beb8-4841-9ce1-2061f7b42c80: close
2019-10-15 21:53:00,686 [main] INFO  impl.RaftServerImpl (RaftServerImpl.java:lambda$shutdown$3(261)) - 04d05b50-beb8-4841-9ce1-2061f7b42c80@group-19E7E9D7FE95: shutdown
2019-10-15 21:53:00,687 [main] INFO  util.JmxRegister (JmxRegister.java:unregister(73)) - Successfully un-registered JMX Bean with object name Ratis:service=RaftServer,group=group-19E7E9D7FE95,id=04d05b50-beb8-4841-9ce1-2061f7b42c80
2019-10-15 21:53:00,687 [main] INFO  impl.RoleInfo (RoleInfo.java:shutdownLeaderState(104)) - 04d05b50-beb8-4841-9ce1-2061f7b42c80: shutdown LeaderState
2019-10-15 21:53:00,687 [main] INFO  impl.PendingRequests (PendingRequests.java:sendNotLeaderResponses(202)) - 04d05b50-beb8-4841-9ce1-2061f7b42c80@group-19E7E9D7FE95-PendingRequests: sendNotLeaderResponses
2019-10-15 21:53:00,689 [main] INFO  impl.StateMachineUpdater (StateMachineUpdater.java:stopAndJoin(136)) - 04d05b50-beb8-4841-9ce1-2061f7b42c80@group-19E7E9D7FE95-StateMachineUpdater: set stopIndex = 0
2019-10-15 21:53:00,691 [main] INFO  impl.RaftServerImpl (ServerState.java:close(388)) - 04d05b50-beb8-4841-9ce1-2061f7b42c80@group-19E7E9D7FE95: closes. applyIndex: 0
2019-10-15 21:53:00,692 [04d05b50-beb8-4841-9ce1-2061f7b42c80@group-19E7E9D7FE95-SegmentedRaftLogWorker] INFO  segmented.SegmentedRaftLogWorker (SegmentedRaftLogWorker.java:run(316)) - 04d05b50-beb8-4841-9ce1-2061f7b42c80@group-19E7E9D7FE95-SegmentedRaftLogWorker was interrupted, exiting. There are 0 tasks remaining in the queue.
2019-10-15 21:53:00,693 [main] INFO  segmented.SegmentedRaftLogWorker (SegmentedRaftLogWorker.java:close(224)) - 04d05b50-beb8-4841-9ce1-2061f7b42c80@group-19E7E9D7FE95-SegmentedRaftLogWorker close()
2019-10-15 21:53:00,695 [main] INFO  impl.RaftServerImpl (RaftServerImpl.java:lambda$shutdown$3(261)) - 04d05b50-beb8-4841-9ce1-2061f7b42c80@group-F62649F7AF7F: shutdown
2019-10-15 21:53:00,696 [main] INFO  util.JmxRegister (JmxRegister.java:unregister(73)) - Successfully un-registered JMX Bean with object name Ratis:service=RaftServer,group=group-F62649F7AF7F,id=04d05b50-beb8-4841-9ce1-2061f7b42c80
2019-10-15 21:53:00,696 [main] INFO  impl.RoleInfo (RoleInfo.java:shutdownFollowerState(121)) - 04d05b50-beb8-4841-9ce1-2061f7b42c80: shutdown FollowerState
2019-10-15 21:53:00,696 [main] INFO  impl.StateMachineUpdater (StateMachineUpdater.java:stopAndJoin(136)) - 04d05b50-beb8-4841-9ce1-2061f7b42c80@group-F62649F7AF7F-StateMachineUpdater: set stopIndex = 4
2019-10-15 21:53:00,696 [Thread-226] INFO  impl.FollowerState (FollowerState.java:run(117)) - 04d05b50-beb8-4841-9ce1-2061f7b42c80@group-F62649F7AF7F-FollowerState was interrupted: java.lang.InterruptedException: sleep interrupted
2019-10-15 21:53:00,697 [04d05b50-beb8-4841-9ce1-2061f7b42c80@group-F62649F7AF7F-StateMachineUpdater] INFO  ratis.ContainerStateMachine (ContainerStateMachine.java:takeSnapshot(294)) - group-F62649F7AF7F: Taking a snapshot at:(t:2, i:3) file /workdir/hadoop-ozone/integration-test/target/test-dir/MiniOzoneClusterImpl-b3c83117-10f6-4176-911a-f0fe566d843f/datanode-2/data/ratis/4353dad5-98e9-4a09-96de-f62649f7af7f/sm/snapshot.2_3
2019-10-15 21:53:00,798 [04d05b50-beb8-4841-9ce1-2061f7b42c80@group-F62649F7AF7F-StateMachineUpdater] INFO  ratis.ContainerStateMachine (ContainerStateMachine.java:takeSnapshot(305)) - group-F62649F7AF7F: Finished taking a snapshot at:(t:2, i:3) file:/workdir/hadoop-ozone/integration-test/target/test-dir/MiniOzoneClusterImpl-b3c83117-10f6-4176-911a-f0fe566d843f/datanode-2/data/ratis/4353dad5-98e9-4a09-96de-f62649f7af7f/sm/snapshot.2_3 time:102
2019-10-15 21:53:00,800 [04d05b50-beb8-4841-9ce1-2061f7b42c80@group-F62649F7AF7F-StateMachineUpdater] INFO  impl.StateMachineUpdater (StateMachineUpdater.java:takeSnapshot(269)) - 04d05b50-beb8-4841-9ce1-2061f7b42c80@group-F62649F7AF7F-StateMachineUpdater: Took a snapshot at index 3
2019-10-15 21:53:00,801 [04d05b50-beb8-4841-9ce1-2061f7b42c80@group-F62649F7AF7F-StateMachineUpdater] INFO  impl.StateMachineUpdater (StateMachineUpdater.java:lambda$new$0(84)) - 04d05b50-beb8-4841-9ce1-2061f7b42c80@group-F62649F7AF7F-StateMachineUpdater: snapshotIndex: updateIncreasingly -1 -> 3
2019-10-15 21:53:00,805 [04d05b50-beb8-4841-9ce1-2061f7b42c80@group-F62649F7AF7F-StateMachineUpdater] INFO  ratis.ContainerStateMachine (ContainerStateMachine.java:takeSnapshot(294)) - group-F62649F7AF7F: Taking a snapshot at:(t:2, i:3) file /workdir/hadoop-ozone/integration-test/target/test-dir/MiniOzoneClusterImpl-b3c83117-10f6-4176-911a-f0fe566d843f/datanode-2/data/ratis/4353dad5-98e9-4a09-96de-f62649f7af7f/sm/snapshot.2_3
2019-10-15 21:53:00,818 [04d05b50-beb8-4841-9ce1-2061f7b42c80@group-F62649F7AF7F-StateMachineUpdater] INFO  ratis.ContainerStateMachine (ContainerStateMachine.java:takeSnapshot(305)) - group-F62649F7AF7F: Finished taking a snapshot at:(t:2, i:3) file:/workdir/hadoop-ozone/integration-test/target/test-dir/MiniOzoneClusterImpl-b3c83117-10f6-4176-911a-f0fe566d843f/datanode-2/data/ratis/4353dad5-98e9-4a09-96de-f62649f7af7f/sm/snapshot.2_3 time:14
2019-10-15 21:53:00,819 [04d05b50-beb8-4841-9ce1-2061f7b42c80@group-F62649F7AF7F-StateMachineUpdater] INFO  impl.StateMachineUpdater (StateMachineUpdater.java:takeSnapshot(269)) - 04d05b50-beb8-4841-9ce1-2061f7b42c80@group-F62649F7AF7F-StateMachineUpdater: Took a snapshot at index 3
2019-10-15 21:53:00,819 [04d05b50-beb8-4841-9ce1-2061f7b42c80@group-F62649F7AF7F-StateMachineUpdater] INFO  impl.StateMachineUpdater (StateMachineUpdater.java:lambda$new$0(84)) - 04d05b50-beb8-4841-9ce1-2061f7b42c80@group-F62649F7AF7F-StateMachineUpdater: snapshotIndex: updateIncreasingly 3 -> 3
2019-10-15 21:53:00,819 [main] INFO  impl.RaftServerImpl (ServerState.java:close(388)) - 04d05b50-beb8-4841-9ce1-2061f7b42c80@group-F62649F7AF7F: closes. applyIndex: 4
2019-10-15 21:53:00,820 [04d05b50-beb8-4841-9ce1-2061f7b42c80@group-F62649F7AF7F-SegmentedRaftLogWorker] INFO  segmented.SegmentedRaftLogWorker (SegmentedRaftLogWorker.java:run(316)) - 04d05b50-beb8-4841-9ce1-2061f7b42c80@group-F62649F7AF7F-SegmentedRaftLogWorker was interrupted, exiting. There are 0 tasks remaining in the queue.
2019-10-15 21:53:00,821 [main] INFO  segmented.SegmentedRaftLogWorker (SegmentedRaftLogWorker.java:close(224)) - 04d05b50-beb8-4841-9ce1-2061f7b42c80@group-F62649F7AF7F-SegmentedRaftLogWorker close()
2019-10-15 21:53:00,824 [main] INFO  server.GrpcService (GrpcService.java:closeImpl(164)) - 04d05b50-beb8-4841-9ce1-2061f7b42c80: shutdown server with port 35772 now
2019-10-15 21:53:00,831 [grpc-default-executor-1] WARN  server.GrpcServerProtocolService (LogUtils.java:warn(134)) - 04d05b50-beb8-4841-9ce1-2061f7b42c80: installSnapshot onError, lastRequest: 6a83fe04-c8c3-48c1-8861-8f81e89cd03c->04d05b50-beb8-4841-9ce1-2061f7b42c80#7-t2, previous=(t:2, i:4), leaderCommit=4, initializing? false, entries: <empty>: org.apache.ratis.thirdparty.io.grpc.StatusRuntimeException: CANCELLED: cancelled before receiving half close
2019-10-15 21:53:00,833 [main] INFO  server.GrpcService (GrpcService.java:closeImpl(172)) - 04d05b50-beb8-4841-9ce1-2061f7b42c80: shutdown server with port 35772 successfully
2019-10-15 21:53:00,835 [refreshUsed-/workdir/hadoop-ozone/integration-test/target/test-dir/MiniOzoneClusterImpl-b3c83117-10f6-4176-911a-f0fe566d843f/datanode-2/data/containers] WARN  fs.CachingGetSpaceUsed (CachingGetSpaceUsed.java:run(183)) - Thread Interrupted waiting to refresh disk information: sleep interrupted
2019-10-15 21:53:00,838 [grpc-default-executor-3] WARN  server.GrpcLogAppender (LogUtils.java:warn(134)) - 6a83fe04-c8c3-48c1-8861-8f81e89cd03c@group-F62649F7AF7F->04d05b50-beb8-4841-9ce1-2061f7b42c80-AppendLogResponseHandler: Failed appendEntries: org.apache.ratis.thirdparty.io.grpc.StatusRuntimeException: CANCELLED: HTTP/2 error code: CANCEL
Received Rst Stream
2019-10-15 21:53:00,851 [main] INFO  utils.BackgroundService (BackgroundService.java:shutdown(151)) - Shutting down service BlockDeletingService
2019-10-15 21:53:00,855 [main] INFO  statemachine.DatanodeStateMachine (DatanodeStateMachine.java:stopDaemon(395)) - Ozone container server stopped.
2019-10-15 21:53:00,859 [main] INFO  handler.ContextHandler (ContextHandler.java:doStop(910)) - Stopped o.e.j.w.WebAppContext@54e3658c{/,null,UNAVAILABLE}{/hddsDatanode}
2019-10-15 21:53:00,863 [main] INFO  server.AbstractConnector (AbstractConnector.java:doStop(318)) - Stopped ServerConnector@43e9089{HTTP/1.1,[http/1.1]}{0.0.0.0:0}
2019-10-15 21:53:00,863 [main] INFO  handler.ContextHandler (ContextHandler.java:doStop(910)) - Stopped o.e.j.s.ServletContextHandler@558756be{/static,jar:file:/home/user/.m2/repository/org/apache/hadoop/hadoop-hdds-container-service/0.5.0-SNAPSHOT/hadoop-hdds-container-service-0.5.0-SNAPSHOT.jar!/webapps/static,UNAVAILABLE}
2019-10-15 21:53:00,863 [main] INFO  handler.ContextHandler (ContextHandler.java:doStop(910)) - Stopped o.e.j.s.ServletContextHandler@6069dd38{/logs,file:///workdir/hadoop-ozone/integration-test/target/log,UNAVAILABLE}
2019-10-15 21:53:03,871 [java.util.concurrent.ThreadPoolExecutor$Worker@1e69e541[State = -1, empty queue]] WARN  server.GrpcLogAppender (GrpcLogAppender.java:timeoutAppendRequest(209)) - 6a83fe04-c8c3-48c1-8861-8f81e89cd03c@group-F62649F7AF7F->04d05b50-beb8-4841-9ce1-2061f7b42c80-GrpcLogAppender: appendEntries Timeout, request=6a83fe04-c8c3-48c1-8861-8f81e89cd03c->04d05b50-beb8-4841-9ce1-2061f7b42c80#8-t2, previous=(t:2, i:4), leaderCommit=4, initializing? false, entries: size=1, first=(t:2, i:5), STATEMACHINELOGENTRY, client-92BC3EC04FB4, cid=8
2019-10-15 21:53:03,872 [java.util.concurrent.ThreadPoolExecutor$Worker@1e69e541[State = -1, empty queue]] WARN  server.GrpcLogAppender (GrpcLogAppender.java:timeoutAppendRequest(209)) - 6a83fe04-c8c3-48c1-8861-8f81e89cd03c@group-F62649F7AF7F->04d05b50-beb8-4841-9ce1-2061f7b42c80-GrpcLogAppender: appendEntries Timeout, request=6a83fe04-c8c3-48c1-8861-8f81e89cd03c->04d05b50-beb8-4841-9ce1-2061f7b42c80#9-t2, previous=(t:2, i:5), leaderCommit=4, initializing? false, entries: size=1, first=(t:2, i:6), STATEMACHINELOGENTRY, client-92BC3EC04FB4, cid=9
2019-10-15 21:53:03,885 [java.util.concurrent.ThreadPoolExecutor$Worker@1e69e541[State = -1, empty queue]] WARN  server.GrpcLogAppender (GrpcLogAppender.java:timeoutAppendRequest(209)) - 6a83fe04-c8c3-48c1-8861-8f81e89cd03c@group-F62649F7AF7F->04d05b50-beb8-4841-9ce1-2061f7b42c80-GrpcLogAppender: appendEntries Timeout, request=6a83fe04-c8c3-48c1-8861-8f81e89cd03c->04d05b50-beb8-4841-9ce1-2061f7b42c80#10-t2, previous=(t:2, i:6), leaderCommit=6, initializing? false, entries: size=1, first=(t:2, i:7), METADATAENTRY(c5)
2019-10-15 21:53:03,885 [java.util.concurrent.ThreadPoolExecutor$Worker@1e69e541[State = -1, empty queue]] WARN  server.GrpcLogAppender (GrpcLogAppender.java:timeoutAppendRequest(209)) - 6a83fe04-c8c3-48c1-8861-8f81e89cd03c@group-F62649F7AF7F->04d05b50-beb8-4841-9ce1-2061f7b42c80-GrpcLogAppender: appendEntries Timeout, request=6a83fe04-c8c3-48c1-8861-8f81e89cd03c->04d05b50-beb8-4841-9ce1-2061f7b42c80#11-t2, previous=(t:2, i:7), leaderCommit=6, initializing? false, entries: size=1, first=(t:2, i:8), METADATAENTRY(c6)
2019-10-15 21:53:06,388 [java.util.concurrent.ThreadPoolExecutor$Worker@1e69e541[State = -1, empty queue]] WARN  server.GrpcLogAppender (GrpcLogAppender.java:timeoutAppendRequest(209)) - 6a83fe04-c8c3-48c1-8861-8f81e89cd03c@group-F62649F7AF7F->04d05b50-beb8-4841-9ce1-2061f7b42c80-GrpcLogAppender: appendEntries Timeout, request=6a83fe04-c8c3-48c1-8861-8f81e89cd03c->04d05b50-beb8-4841-9ce1-2061f7b42c80#12-t2, previous=(t:2, i:8), leaderCommit=8, initializing? false, entries: <empty>
2019-10-15 21:53:08,889 [java.util.concurrent.ThreadPoolExecutor$Worker@1e69e541[State = -1, empty queue]] WARN  server.GrpcLogAppender (GrpcLogAppender.java:timeoutAppendRequest(209)) - 6a83fe04-c8c3-48c1-8861-8f81e89cd03c@group-F62649F7AF7F->04d05b50-beb8-4841-9ce1-2061f7b42c80-GrpcLogAppender: appendEntries Timeout, request=6a83fe04-c8c3-48c1-8861-8f81e89cd03c->04d05b50-beb8-4841-9ce1-2061f7b42c80#13-t2, previous=(t:2, i:8), leaderCommit=8, initializing? false, entries: <empty>
2019-10-15 21:53:10,938 [Thread-290] INFO  client.GrpcClientProtocolService (GrpcClientProtocolService.java:lambda$processClientRequest$0(278)) - Failed RaftClientRequest:client-92BC3EC04FB4->0a72d9f0-d385-4350-a485-113e43f7c69c@group-F62649F7AF7F, cid=10, seq=0, Watch-ALL_COMMITTED(6), Message:<EMPTY>, reply=RaftClientReply:client-92BC3EC04FB4->0a72d9f0-d385-4350-a485-113e43f7c69c@group-F62649F7AF7F, cid=10, FAILED org.apache.ratis.protocol.NotLeaderException: Server 0a72d9f0-d385-4350-a485-113e43f7c69c@group-F62649F7AF7F is not the leader 6a83fe04-c8c3-48c1-8861-8f81e89cd03c:192.168.69.90:44841, logIndex=0, commits[0a72d9f0-d385-4350-a485-113e43f7c69c:c8, 6a83fe04-c8c3-48c1-8861-8f81e89cd03c:c8, 04d05b50-beb8-4841-9ce1-2061f7b42c80:c4]
2019-10-15 21:53:11,390 [java.util.concurrent.ThreadPoolExecutor$Worker@1e69e541[State = -1, empty queue]] WARN  server.GrpcLogAppender (GrpcLogAppender.java:timeoutAppendRequest(209)) - 6a83fe04-c8c3-48c1-8861-8f81e89cd03c@group-F62649F7AF7F->04d05b50-beb8-4841-9ce1-2061f7b42c80-GrpcLogAppender: appendEntries Timeout, request=6a83fe04-c8c3-48c1-8861-8f81e89cd03c->04d05b50-beb8-4841-9ce1-2061f7b42c80#14-t2, previous=(t:2, i:8), leaderCommit=8, initializing? false, entries: <empty>
2019-10-15 21:53:11,888 [Thread-293] INFO  client.GrpcClientProtocolService (GrpcClientProtocolService.java:lambda$processClientRequest$0(278)) - Failed RaftClientRequest:client-92BC3EC04FB4->6a83fe04-c8c3-48c1-8861-8f81e89cd03c@group-F62649F7AF7F, cid=10, seq=0, Watch-ALL_COMMITTED(6), Message:<EMPTY>, reply=RaftClientReply:client-92BC3EC04FB4->6a83fe04-c8c3-48c1-8861-8f81e89cd03c@group-F62649F7AF7F, cid=10, FAILED org.apache.ratis.protocol.NotReplicatedException: Request with call Id 10 and log index 6 is not yet replicated to ALL_COMMITTED, logIndex=6, commits[6a83fe04-c8c3-48c1-8861-8f81e89cd03c:c8, 04d05b50-beb8-4841-9ce1-2061f7b42c80:c4, 0a72d9f0-d385-4350-a485-113e43f7c69c:c8]
2019-10-15 21:53:13,892 [java.util.concurrent.ThreadPoolExecutor$Worker@1e69e541[State = -1, empty queue]] WARN  server.GrpcLogAppender (GrpcLogAppender.java:timeoutAppendRequest(209)) - 6a83fe04-c8c3-48c1-8861-8f81e89cd03c@group-F62649F7AF7F->04d05b50-beb8-4841-9ce1-2061f7b42c80-GrpcLogAppender: appendEntries Timeout, request=6a83fe04-c8c3-48c1-8861-8f81e89cd03c->04d05b50-beb8-4841-9ce1-2061f7b42c80#15-t2, previous=(t:2, i:8), leaderCommit=8, initializing? false, entries: <empty>
2019-10-15 21:53:16,392 [java.util.concurrent.ThreadPoolExecutor$Worker@1e69e541[State = -1, empty queue]] WARN  server.GrpcLogAppender (GrpcLogAppender.java:timeoutAppendRequest(209)) - 6a83fe04-c8c3-48c1-8861-8f81e89cd03c@group-F62649F7AF7F->04d05b50-beb8-4841-9ce1-2061f7b42c80-GrpcLogAppender: appendEntries Timeout, request=6a83fe04-c8c3-48c1-8861-8f81e89cd03c->04d05b50-beb8-4841-9ce1-2061f7b42c80#16-t2, previous=(t:2, i:8), leaderCommit=8, initializing? false, entries: <empty>
2019-10-15 21:53:18,896 [java.util.concurrent.ThreadPoolExecutor$Worker@1e69e541[State = -1, empty queue]] WARN  server.GrpcLogAppender (GrpcLogAppender.java:timeoutAppendRequest(209)) - 6a83fe04-c8c3-48c1-8861-8f81e89cd03c@group-F62649F7AF7F->04d05b50-beb8-4841-9ce1-2061f7b42c80-GrpcLogAppender: appendEntries Timeout, request=6a83fe04-c8c3-48c1-8861-8f81e89cd03c->04d05b50-beb8-4841-9ce1-2061f7b42c80#17-t2, previous=(t:2, i:8), leaderCommit=8, initializing? false, entries: <empty>
2019-10-15 21:53:20,987 [Thread-302] INFO  client.GrpcClientProtocolService (GrpcClientProtocolService.java:lambda$processClientRequest$0(278)) - Failed RaftClientRequest:client-92BC3EC04FB4->0a72d9f0-d385-4350-a485-113e43f7c69c@group-F62649F7AF7F, cid=10, seq=0, Watch-ALL_COMMITTED(6), Message:<EMPTY>, reply=RaftClientReply:client-92BC3EC04FB4->0a72d9f0-d385-4350-a485-113e43f7c69c@group-F62649F7AF7F, cid=10, FAILED org.apache.ratis.protocol.NotLeaderException: Server 0a72d9f0-d385-4350-a485-113e43f7c69c@group-F62649F7AF7F is not the leader 6a83fe04-c8c3-48c1-8861-8f81e89cd03c:192.168.69.90:44841, logIndex=0, commits[0a72d9f0-d385-4350-a485-113e43f7c69c:c8, 6a83fe04-c8c3-48c1-8861-8f81e89cd03c:c8, 04d05b50-beb8-4841-9ce1-2061f7b42c80:c4]
2019-10-15 21:53:21,397 [java.util.concurrent.ThreadPoolExecutor$Worker@1e69e541[State = -1, empty queue]] WARN  server.GrpcLogAppender (GrpcLogAppender.java:timeoutAppendRequest(209)) - 6a83fe04-c8c3-48c1-8861-8f81e89cd03c@group-F62649F7AF7F->04d05b50-beb8-4841-9ce1-2061f7b42c80-GrpcLogAppender: appendEntries Timeout, request=6a83fe04-c8c3-48c1-8861-8f81e89cd03c->04d05b50-beb8-4841-9ce1-2061f7b42c80#18-t2, previous=(t:2, i:8), leaderCommit=8, initializing? false, entries: <empty>
2019-10-15 21:53:21,885 [Thread-305] INFO  client.GrpcClientProtocolService (GrpcClientProtocolService.java:lambda$processClientRequest$0(278)) - Failed RaftClientRequest:client-92BC3EC04FB4->6a83fe04-c8c3-48c1-8861-8f81e89cd03c@group-F62649F7AF7F, cid=10, seq=0, Watch-ALL_COMMITTED(6), Message:<EMPTY>, reply=RaftClientReply:client-92BC3EC04FB4->6a83fe04-c8c3-48c1-8861-8f81e89cd03c@group-F62649F7AF7F, cid=10, FAILED org.apache.ratis.protocol.NotReplicatedException: Request with call Id 10 and log index 6 is not yet replicated to ALL_COMMITTED, logIndex=6, commits[6a83fe04-c8c3-48c1-8861-8f81e89cd03c:c8, 04d05b50-beb8-4841-9ce1-2061f7b42c80:c4, 0a72d9f0-d385-4350-a485-113e43f7c69c:c8]
2019-10-15 21:53:23,898 [java.util.concurrent.ThreadPoolExecutor$Worker@1e69e541[State = -1, empty queue]] WARN  server.GrpcLogAppender (GrpcLogAppender.java:timeoutAppendRequest(209)) - 6a83fe04-c8c3-48c1-8861-8f81e89cd03c@group-F62649F7AF7F->04d05b50-beb8-4841-9ce1-2061f7b42c80-GrpcLogAppender: appendEntries Timeout, request=6a83fe04-c8c3-48c1-8861-8f81e89cd03c->04d05b50-beb8-4841-9ce1-2061f7b42c80#19-t2, previous=(t:2, i:8), leaderCommit=8, initializing? false, entries: <empty>
2019-10-15 21:53:26,399 [java.util.concurrent.ThreadPoolExecutor$Worker@1e69e541[State = -1, empty queue]] WARN  server.GrpcLogAppender (GrpcLogAppender.java:timeoutAppendRequest(209)) - 6a83fe04-c8c3-48c1-8861-8f81e89cd03c@group-F62649F7AF7F->04d05b50-beb8-4841-9ce1-2061f7b42c80-GrpcLogAppender: appendEntries Timeout, request=6a83fe04-c8c3-48c1-8861-8f81e89cd03c->04d05b50-beb8-4841-9ce1-2061f7b42c80#20-t2, previous=(t:2, i:8), leaderCommit=8, initializing? false, entries: <empty>
2019-10-15 21:53:28,903 [java.util.concurrent.ThreadPoolExecutor$Worker@1e69e541[State = -1, empty queue]] WARN  server.GrpcLogAppender (GrpcLogAppender.java:timeoutAppendRequest(209)) - 6a83fe04-c8c3-48c1-8861-8f81e89cd03c@group-F62649F7AF7F->04d05b50-beb8-4841-9ce1-2061f7b42c80-GrpcLogAppender: appendEntries Timeout, request=6a83fe04-c8c3-48c1-8861-8f81e89cd03c->04d05b50-beb8-4841-9ce1-2061f7b42c80#21-t2, previous=(t:2, i:8), leaderCommit=8, initializing? false, entries: <empty>
2019-10-15 21:53:30,025 [Thread-311] INFO  client.GrpcClientProtocolService (GrpcClientProtocolService.java:lambda$processClientRequest$0(278)) - Failed RaftClientRequest:client-92BC3EC04FB4->0a72d9f0-d385-4350-a485-113e43f7c69c@group-F62649F7AF7F, cid=10, seq=0, Watch-ALL_COMMITTED(6), Message:<EMPTY>, reply=RaftClientReply:client-92BC3EC04FB4->0a72d9f0-d385-4350-a485-113e43f7c69c@group-F62649F7AF7F, cid=10, FAILED org.apache.ratis.protocol.NotLeaderException: Server 0a72d9f0-d385-4350-a485-113e43f7c69c@group-F62649F7AF7F is not the leader 6a83fe04-c8c3-48c1-8861-8f81e89cd03c:192.168.69.90:44841, logIndex=0, commits[0a72d9f0-d385-4350-a485-113e43f7c69c:c8, 6a83fe04-c8c3-48c1-8861-8f81e89cd03c:c8, 04d05b50-beb8-4841-9ce1-2061f7b42c80:c4]
2019-10-15 21:53:30,902 [main] WARN  scm.XceiverClientRatis (XceiverClientRatis.java:watchForCommit(277)) - 3 way commit failed on pipeline Pipeline[ Id: 4353dad5-98e9-4a09-96de-f62649f7af7f, Nodes: 6a83fe04-c8c3-48c1-8861-8f81e89cd03c{ip: 192.168.69.90, host: pr-revert-24-hdds-2181-89r8m-3343634851, networkLocation: /default-rack, certSerialId: null}0a72d9f0-d385-4350-a485-113e43f7c69c{ip: 192.168.69.90, host: pr-revert-24-hdds-2181-89r8m-3343634851, networkLocation: /default-rack, certSerialId: null}04d05b50-beb8-4841-9ce1-2061f7b42c80{ip: 192.168.69.90, host: pr-revert-24-hdds-2181-89r8m-3343634851, networkLocation: /default-rack, certSerialId: null}, Type:RATIS, Factor:THREE, State:OPEN]
java.util.concurrent.TimeoutException
	at java.util.concurrent.CompletableFuture.timedGet(CompletableFuture.java:1771)
	at java.util.concurrent.CompletableFuture.get(CompletableFuture.java:1915)
	at org.apache.hadoop.hdds.scm.XceiverClientRatis.watchForCommit(XceiverClientRatis.java:274)
	at org.apache.hadoop.hdds.scm.storage.CommitWatcher.watchForCommit(CommitWatcher.java:198)
	at org.apache.hadoop.hdds.scm.storage.CommitWatcher.watchOnLastIndex(CommitWatcher.java:161)
	at org.apache.hadoop.hdds.scm.storage.BlockOutputStream.watchForCommit(BlockOutputStream.java:346)
	at org.apache.hadoop.hdds.scm.storage.BlockOutputStream.handleFlush(BlockOutputStream.java:482)
	at org.apache.hadoop.hdds.scm.storage.BlockOutputStream.close(BlockOutputStream.java:496)
	at org.apache.hadoop.ozone.client.io.BlockOutputStreamEntry.close(BlockOutputStreamEntry.java:143)
	at org.apache.hadoop.ozone.client.io.KeyOutputStream.handleFlushOrClose(KeyOutputStream.java:435)
	at org.apache.hadoop.ozone.client.io.KeyOutputStream.close(KeyOutputStream.java:473)
	at org.apache.hadoop.ozone.client.io.OzoneOutputStream.close(OzoneOutputStream.java:60)
	at org.apache.hadoop.ozone.client.rpc.TestDeleteWithSlowFollower.testDeleteKeyWithSlowFollower(TestDeleteWithSlowFollower.java:193)
	at sun.reflect.NativeMethodAccessorImpl.invoke0(Native Method)
	at sun.reflect.NativeMethodAccessorImpl.invoke(NativeMethodAccessorImpl.java:62)
	at sun.reflect.DelegatingMethodAccessorImpl.invoke(DelegatingMethodAccessorImpl.java:43)
	at java.lang.reflect.Method.invoke(Method.java:498)
	at org.junit.runners.model.FrameworkMethod$1.runReflectiveCall(FrameworkMethod.java:47)
	at org.junit.internal.runners.model.ReflectiveCallable.run(ReflectiveCallable.java:12)
	at org.junit.runners.model.FrameworkMethod.invokeExplosively(FrameworkMethod.java:44)
	at org.junit.internal.runners.statements.InvokeMethod.evaluate(InvokeMethod.java:17)
	at org.junit.runners.ParentRunner.runLeaf(ParentRunner.java:271)
	at org.junit.runners.BlockJUnit4ClassRunner.runChild(BlockJUnit4ClassRunner.java:70)
	at org.junit.runners.BlockJUnit4ClassRunner.runChild(BlockJUnit4ClassRunner.java:50)
	at org.junit.runners.ParentRunner$3.run(ParentRunner.java:238)
	at org.junit.runners.ParentRunner$1.schedule(ParentRunner.java:63)
	at org.junit.runners.ParentRunner.runChildren(ParentRunner.java:236)
	at org.junit.runners.ParentRunner.access$000(ParentRunner.java:53)
	at org.junit.runners.ParentRunner$2.evaluate(ParentRunner.java:229)
	at org.junit.internal.runners.statements.RunBefores.evaluate(RunBefores.java:26)
	at org.junit.internal.runners.statements.RunAfters.evaluate(RunAfters.java:27)
	at org.junit.runners.ParentRunner.run(ParentRunner.java:309)
	at org.apache.maven.surefire.junit4.JUnit4Provider.execute(JUnit4Provider.java:365)
	at org.apache.maven.surefire.junit4.JUnit4Provider.executeWithRerun(JUnit4Provider.java:273)
	at org.apache.maven.surefire.junit4.JUnit4Provider.executeTestSet(JUnit4Provider.java:238)
	at org.apache.maven.surefire.junit4.JUnit4Provider.invoke(JUnit4Provider.java:159)
	at org.apache.maven.surefire.booter.ForkedBooter.invokeProviderInSameClassLoader(ForkedBooter.java:384)
	at org.apache.maven.surefire.booter.ForkedBooter.runSuitesInProcess(ForkedBooter.java:345)
	at org.apache.maven.surefire.booter.ForkedBooter.execute(ForkedBooter.java:126)
	at org.apache.maven.surefire.booter.ForkedBooter.main(ForkedBooter.java:418)
2019-10-15 21:53:30,918 [main] INFO  scm.XceiverClientRatis (XceiverClientRatis.java:lambda$watchForCommit$5(295)) - Could not commit index 6 on pipeline Pipeline[ Id: 4353dad5-98e9-4a09-96de-f62649f7af7f, Nodes: 6a83fe04-c8c3-48c1-8861-8f81e89cd03c{ip: 192.168.69.90, host: pr-revert-24-hdds-2181-89r8m-3343634851, networkLocation: /default-rack, certSerialId: null}0a72d9f0-d385-4350-a485-113e43f7c69c{ip: 192.168.69.90, host: pr-revert-24-hdds-2181-89r8m-3343634851, networkLocation: /default-rack, certSerialId: null}04d05b50-beb8-4841-9ce1-2061f7b42c80{ip: 192.168.69.90, host: pr-revert-24-hdds-2181-89r8m-3343634851, networkLocation: /default-rack, certSerialId: null}, Type:RATIS, Factor:THREE, State:OPEN] to all the nodes. Server 04d05b50-beb8-4841-9ce1-2061f7b42c80 has failed. Committed by majority.
2019-10-15 21:53:30,918 [main] WARN  storage.BlockOutputStream (BlockOutputStream.java:watchForCommit(352)) - Failed to commit BlockId conID: 1 locID: 102968614920716288 bcsId: 6 on Pipeline[ Id: 4353dad5-98e9-4a09-96de-f62649f7af7f, Nodes: 6a83fe04-c8c3-48c1-8861-8f81e89cd03c{ip: 192.168.69.90, host: pr-revert-24-hdds-2181-89r8m-3343634851, networkLocation: /default-rack, certSerialId: null}0a72d9f0-d385-4350-a485-113e43f7c69c{ip: 192.168.69.90, host: pr-revert-24-hdds-2181-89r8m-3343634851, networkLocation: /default-rack, certSerialId: null}04d05b50-beb8-4841-9ce1-2061f7b42c80{ip: 192.168.69.90, host: pr-revert-24-hdds-2181-89r8m-3343634851, networkLocation: /default-rack, certSerialId: null}, Type:RATIS, Factor:THREE, State:OPEN]. Failed nodes: [04d05b50-beb8-4841-9ce1-2061f7b42c80{ip: null, host: null, networkLocation: /default-rack, certSerialId: null}]
2019-10-15 21:53:31,029 [EventQueue-IncrementalContainerReportForIncrementalContainerReportHandler] WARN  container.IncrementalContainerReportHandler (AbstractContainerReportHandler.java:updateContainerState(145)) - Container #1 is in OPEN state, but the datanode 6a83fe04-c8c3-48c1-8861-8f81e89cd03c{ip: 192.168.69.90, host: pr-revert-24-hdds-2181-89r8m-3343634851, networkLocation: /default-rack, certSerialId: null} reports an CLOSING replica.
2019-10-15 21:53:31,040 [RatisApplyTransactionExecutor 1] INFO  interfaces.Container (KeyValueContainer.java:flushAndSyncDB(386)) - Container 1 is synced with bcsId 6.
2019-10-15 21:53:31,041 [RatisApplyTransactionExecutor 1] INFO  interfaces.Container (KeyValueContainer.java:flushAndSyncDB(386)) - Container 1 is synced with bcsId 6.
2019-10-15 21:53:31,062 [RatisApplyTransactionExecutor 1] INFO  interfaces.Container (KeyValueContainer.java:close(335)) - Container 1 is closed with bcsId 6.
2019-10-15 21:53:31,067 [EventQueue-IncrementalContainerReportForIncrementalContainerReportHandler] WARN  container.IncrementalContainerReportHandler (AbstractContainerReportHandler.java:updateContainerState(145)) - Container #1 is in OPEN state, but the datanode 0a72d9f0-d385-4350-a485-113e43f7c69c{ip: 192.168.69.90, host: pr-revert-24-hdds-2181-89r8m-3343634851, networkLocation: /default-rack, certSerialId: null} reports an CLOSING replica.
2019-10-15 21:53:31,068 [EventQueue-IncrementalContainerReportForIncrementalContainerReportHandler] WARN  container.IncrementalContainerReportHandler (AbstractContainerReportHandler.java:updateContainerState(145)) - Container #1 is in OPEN state, but the datanode 6a83fe04-c8c3-48c1-8861-8f81e89cd03c{ip: 192.168.69.90, host: pr-revert-24-hdds-2181-89r8m-3343634851, networkLocation: /default-rack, certSerialId: null} reports an CLOSED replica.
2019-10-15 21:53:31,074 [RatisApplyTransactionExecutor 1] INFO  interfaces.Container (KeyValueContainer.java:flushAndSyncDB(386)) - Container 1 is synced with bcsId 6.
2019-10-15 21:53:31,075 [RatisApplyTransactionExecutor 1] INFO  interfaces.Container (KeyValueContainer.java:flushAndSyncDB(386)) - Container 1 is synced with bcsId 6.
2019-10-15 21:53:31,082 [BlockDeletingService#2] WARN  background.BlockDeletingService (BlockDeletingService.java:isDeletionAllowed(187)) - Close Container log Index 6 is not replicated across allthe servers in the pipeline 4353dad5-98e9-4a09-96de-f62649f7af7f as the min replicated index is 4. Deletion is not allowed in this container yet.
2019-10-15 21:53:31,092 [RatisApplyTransactionExecutor 1] INFO  interfaces.Container (KeyValueContainer.java:close(335)) - Container 1 is closed with bcsId 6.
2019-10-15 21:53:31,093 [EventQueue-IncrementalContainerReportForIncrementalContainerReportHandler] WARN  container.IncrementalContainerReportHandler (AbstractContainerReportHandler.java:updateContainerState(145)) - Container #1 is in OPEN state, but the datanode 0a72d9f0-d385-4350-a485-113e43f7c69c{ip: 192.168.69.90, host: pr-revert-24-hdds-2181-89r8m-3343634851, networkLocation: /default-rack, certSerialId: null} reports an CLOSED replica.
2019-10-15 21:53:31,164 [EventQueue-ContainerReportForContainerReportHandler] WARN  container.ContainerReportHandler (AbstractContainerReportHandler.java:updateContainerState(145)) - Container #1 is in OPEN state, but the datanode 6a83fe04-c8c3-48c1-8861-8f81e89cd03c{ip: 192.168.69.90, host: pr-revert-24-hdds-2181-89r8m-3343634851, networkLocation: /default-rack, certSerialId: null} reports an CLOSED replica.
2019-10-15 21:53:31,294 [EventQueue-ContainerReportForContainerReportHandler] WARN  container.ContainerReportHandler (AbstractContainerReportHandler.java:updateContainerState(145)) - Container #1 is in OPEN state, but the datanode 0a72d9f0-d385-4350-a485-113e43f7c69c{ip: 192.168.69.90, host: pr-revert-24-hdds-2181-89r8m-3343634851, networkLocation: /default-rack, certSerialId: null} reports an CLOSED replica.
2019-10-15 21:53:31,364 [EventQueue-ContainerReportForContainerReportHandler] WARN  container.ContainerReportHandler (AbstractContainerReportHandler.java:updateContainerState(145)) - Container #1 is in OPEN state, but the datanode 6a83fe04-c8c3-48c1-8861-8f81e89cd03c{ip: 192.168.69.90, host: pr-revert-24-hdds-2181-89r8m-3343634851, networkLocation: /default-rack, certSerialId: null} reports an CLOSED replica.
2019-10-15 21:53:31,408 [java.util.concurrent.ThreadPoolExecutor$Worker@1e69e541[State = -1, empty queue]] WARN  server.GrpcLogAppender (GrpcLogAppender.java:timeoutAppendRequest(209)) - 6a83fe04-c8c3-48c1-8861-8f81e89cd03c@group-F62649F7AF7F->04d05b50-beb8-4841-9ce1-2061f7b42c80-GrpcLogAppender: appendEntries Timeout, request=6a83fe04-c8c3-48c1-8861-8f81e89cd03c->04d05b50-beb8-4841-9ce1-2061f7b42c80#22-t2, previous=(t:2, i:8), leaderCommit=8, initializing? false, entries: <empty>
2019-10-15 21:53:31,593 [EventQueue-ContainerReportForContainerReportHandler] WARN  container.ContainerReportHandler (AbstractContainerReportHandler.java:updateContainerState(145)) - Container #1 is in OPEN state, but the datanode 0a72d9f0-d385-4350-a485-113e43f7c69c{ip: 192.168.69.90, host: pr-revert-24-hdds-2181-89r8m-3343634851, networkLocation: /default-rack, certSerialId: null} reports an CLOSED replica.
2019-10-15 21:53:31,665 [EventQueue-ContainerReportForContainerReportHandler] WARN  container.ContainerReportHandler (AbstractContainerReportHandler.java:updateContainerState(145)) - Container #1 is in OPEN state, but the datanode 6a83fe04-c8c3-48c1-8861-8f81e89cd03c{ip: 192.168.69.90, host: pr-revert-24-hdds-2181-89r8m-3343634851, networkLocation: /default-rack, certSerialId: null} reports an CLOSED replica.
2019-10-15 21:53:31,793 [EventQueue-ContainerReportForContainerReportHandler] WARN  container.ContainerReportHandler (AbstractContainerReportHandler.java:updateContainerState(145)) - Container #1 is in OPEN state, but the datanode 0a72d9f0-d385-4350-a485-113e43f7c69c{ip: 192.168.69.90, host: pr-revert-24-hdds-2181-89r8m-3343634851, networkLocation: /default-rack, certSerialId: null} reports an CLOSED replica.
2019-10-15 21:53:31,846 [IPC Server handler 0 on 40010] INFO  server.SCMBlockProtocolServer (SCMBlockProtocolServer.java:deleteKeyBlocks(212)) - SCM is informed by OM to delete 1 blocks
2019-10-15 21:53:31,846 [IPC Server handler 0 on 40010] INFO  block.BlockManagerImpl (BlockManagerImpl.java:deleteBlocks(285)) - Deleting blocks conID: 1 locID: 102968614920716288 bcsId: 0
2019-10-15 21:53:31,865 [EventQueue-ContainerReportForContainerReportHandler] WARN  container.ContainerReportHandler (AbstractContainerReportHandler.java:updateContainerState(145)) - Container #1 is in OPEN state, but the datanode 6a83fe04-c8c3-48c1-8861-8f81e89cd03c{ip: 192.168.69.90, host: pr-revert-24-hdds-2181-89r8m-3343634851, networkLocation: /default-rack, certSerialId: null} reports an CLOSED replica.
2019-10-15 21:53:31,884 [Thread-323] INFO  client.GrpcClientProtocolService (GrpcClientProtocolService.java:lambda$processClientRequest$0(278)) - Failed RaftClientRequest:client-92BC3EC04FB4->6a83fe04-c8c3-48c1-8861-8f81e89cd03c@group-F62649F7AF7F, cid=10, seq=0, Watch-ALL_COMMITTED(6), Message:<EMPTY>, reply=RaftClientReply:client-92BC3EC04FB4->6a83fe04-c8c3-48c1-8861-8f81e89cd03c@group-F62649F7AF7F, cid=10, FAILED org.apache.ratis.protocol.NotReplicatedException: Request with call Id 10 and log index 6 is not yet replicated to ALL_COMMITTED, logIndex=6, commits[6a83fe04-c8c3-48c1-8861-8f81e89cd03c:c10, 04d05b50-beb8-4841-9ce1-2061f7b42c80:c4, 0a72d9f0-d385-4350-a485-113e43f7c69c:c9]
2019-10-15 21:53:32,064 [BlockDeletingService#2] WARN  background.BlockDeletingService (BlockDeletingService.java:isDeletionAllowed(187)) - Close Container log Index 6 is not replicated across allthe servers in the pipeline 4353dad5-98e9-4a09-96de-f62649f7af7f as the min replicated index is 4. Deletion is not allowed in this container yet.
2019-10-15 21:53:32,083 [BlockDeletingService#2] WARN  background.BlockDeletingService (BlockDeletingService.java:isDeletionAllowed(187)) - Close Container log Index 6 is not replicated across allthe servers in the pipeline 4353dad5-98e9-4a09-96de-f62649f7af7f as the min replicated index is 4. Deletion is not allowed in this container yet.
2019-10-15 21:53:32,094 [EventQueue-ContainerReportForContainerReportHandler] WARN  container.ContainerReportHandler (AbstractContainerReportHandler.java:updateContainerState(145)) - Container #1 is in OPEN state, but the datanode 0a72d9f0-d385-4350-a485-113e43f7c69c{ip: 192.168.69.90, host: pr-revert-24-hdds-2181-89r8m-3343634851, networkLocation: /default-rack, certSerialId: null} reports an CLOSED replica.
2019-10-15 21:53:32,266 [EventQueue-ContainerReportForContainerReportHandler] WARN  container.ContainerReportHandler (AbstractContainerReportHandler.java:updateContainerState(145)) - Container #1 is in OPEN state, but the datanode 6a83fe04-c8c3-48c1-8861-8f81e89cd03c{ip: 192.168.69.90, host: pr-revert-24-hdds-2181-89r8m-3343634851, networkLocation: /default-rack, certSerialId: null} reports an CLOSED replica.
2019-10-15 21:53:32,394 [EventQueue-ContainerReportForContainerReportHandler] WARN  container.ContainerReportHandler (AbstractContainerReportHandler.java:updateContainerState(145)) - Container #1 is in OPEN state, but the datanode 0a72d9f0-d385-4350-a485-113e43f7c69c{ip: 192.168.69.90, host: pr-revert-24-hdds-2181-89r8m-3343634851, networkLocation: /default-rack, certSerialId: null} reports an CLOSED replica.
2019-10-15 21:53:32,466 [EventQueue-ContainerReportForContainerReportHandler] WARN  container.ContainerReportHandler (AbstractContainerReportHandler.java:updateContainerState(145)) - Container #1 is in OPEN state, but the datanode 6a83fe04-c8c3-48c1-8861-8f81e89cd03c{ip: 192.168.69.90, host: pr-revert-24-hdds-2181-89r8m-3343634851, networkLocation: /default-rack, certSerialId: null} reports an CLOSED replica.
2019-10-15 21:53:32,795 [EventQueue-ContainerReportForContainerReportHandler] WARN  container.ContainerReportHandler (AbstractContainerReportHandler.java:updateContainerState(145)) - Container #1 is in OPEN state, but the datanode 0a72d9f0-d385-4350-a485-113e43f7c69c{ip: 192.168.69.90, host: pr-revert-24-hdds-2181-89r8m-3343634851, networkLocation: /default-rack, certSerialId: null} reports an CLOSED replica.
2019-10-15 21:53:32,866 [EventQueue-ContainerReportForContainerReportHandler] WARN  container.ContainerReportHandler (AbstractContainerReportHandler.java:updateContainerState(145)) - Container #1 is in OPEN state, but the datanode 6a83fe04-c8c3-48c1-8861-8f81e89cd03c{ip: 192.168.69.90, host: pr-revert-24-hdds-2181-89r8m-3343634851, networkLocation: /default-rack, certSerialId: null} reports an CLOSED replica.
2019-10-15 21:53:32,995 [EventQueue-ContainerReportForContainerReportHandler] WARN  container.ContainerReportHandler (AbstractContainerReportHandler.java:updateContainerState(145)) - Container #1 is in OPEN state, but the datanode 0a72d9f0-d385-4350-a485-113e43f7c69c{ip: 192.168.69.90, host: pr-revert-24-hdds-2181-89r8m-3343634851, networkLocation: /default-rack, certSerialId: null} reports an CLOSED replica.
2019-10-15 21:53:33,066 [BlockDeletingService#2] WARN  background.BlockDeletingService (BlockDeletingService.java:isDeletionAllowed(187)) - Close Container log Index 6 is not replicated across allthe servers in the pipeline 4353dad5-98e9-4a09-96de-f62649f7af7f as the min replicated index is 4. Deletion is not allowed in this container yet.
2019-10-15 21:53:33,085 [BlockDeletingService#2] WARN  background.BlockDeletingService (BlockDeletingService.java:isDeletionAllowed(187)) - Close Container log Index 6 is not replicated across allthe servers in the pipeline 4353dad5-98e9-4a09-96de-f62649f7af7f as the min replicated index is 4. Deletion is not allowed in this container yet.
2019-10-15 21:53:33,166 [EventQueue-ContainerReportForContainerReportHandler] WARN  container.ContainerReportHandler (AbstractContainerReportHandler.java:updateContainerState(145)) - Container #1 is in OPEN state, but the datanode 6a83fe04-c8c3-48c1-8861-8f81e89cd03c{ip: 192.168.69.90, host: pr-revert-24-hdds-2181-89r8m-3343634851, networkLocation: /default-rack, certSerialId: null} reports an CLOSED replica.
2019-10-15 21:53:33,296 [EventQueue-ContainerReportForContainerReportHandler] WARN  container.ContainerReportHandler (AbstractContainerReportHandler.java:updateContainerState(145)) - Container #1 is in OPEN state, but the datanode 0a72d9f0-d385-4350-a485-113e43f7c69c{ip: 192.168.69.90, host: pr-revert-24-hdds-2181-89r8m-3343634851, networkLocation: /default-rack, certSerialId: null} reports an CLOSED replica.
2019-10-15 21:53:33,466 [EventQueue-ContainerReportForContainerReportHandler] WARN  container.ContainerReportHandler (AbstractContainerReportHandler.java:updateContainerState(145)) - Container #1 is in OPEN state, but the datanode 6a83fe04-c8c3-48c1-8861-8f81e89cd03c{ip: 192.168.69.90, host: pr-revert-24-hdds-2181-89r8m-3343634851, networkLocation: /default-rack, certSerialId: null} reports an CLOSED replica.
2019-10-15 21:53:33,667 [EventQueue-ContainerReportForContainerReportHandler] WARN  container.ContainerReportHandler (AbstractContainerReportHandler.java:updateContainerState(145)) - Container #1 is in OPEN state, but the datanode 6a83fe04-c8c3-48c1-8861-8f81e89cd03c{ip: 192.168.69.90, host: pr-revert-24-hdds-2181-89r8m-3343634851, networkLocation: /default-rack, certSerialId: null} reports an CLOSED replica.
2019-10-15 21:53:33,696 [EventQueue-ContainerReportForContainerReportHandler] WARN  container.ContainerReportHandler (AbstractContainerReportHandler.java:updateContainerState(145)) - Container #1 is in OPEN state, but the datanode 0a72d9f0-d385-4350-a485-113e43f7c69c{ip: 192.168.69.90, host: pr-revert-24-hdds-2181-89r8m-3343634851, networkLocation: /default-rack, certSerialId: null} reports an CLOSED replica.
2019-10-15 21:53:33,910 [java.util.concurrent.ThreadPoolExecutor$Worker@1e69e541[State = -1, empty queue]] WARN  server.GrpcLogAppender (GrpcLogAppender.java:timeoutAppendRequest(209)) - 6a83fe04-c8c3-48c1-8861-8f81e89cd03c@group-F62649F7AF7F->04d05b50-beb8-4841-9ce1-2061f7b42c80-GrpcLogAppender: appendEntries Timeout, request=6a83fe04-c8c3-48c1-8861-8f81e89cd03c->04d05b50-beb8-4841-9ce1-2061f7b42c80#23-t2, previous=(t:2, i:8), leaderCommit=8, initializing? false, entries: <empty>
2019-10-15 21:53:33,965 [java.util.concurrent.ThreadPoolExecutor$Worker@1e69e541[State = -1, empty queue]] WARN  server.GrpcLogAppender (GrpcLogAppender.java:timeoutAppendRequest(209)) - 6a83fe04-c8c3-48c1-8861-8f81e89cd03c@group-F62649F7AF7F->04d05b50-beb8-4841-9ce1-2061f7b42c80-GrpcLogAppender: appendEntries Timeout, request=6a83fe04-c8c3-48c1-8861-8f81e89cd03c->04d05b50-beb8-4841-9ce1-2061f7b42c80#24-t2, previous=(t:2, i:8), leaderCommit=8, initializing? false, entries: size=1, first=(t:2, i:9), STATEMACHINELOGENTRY, client-063578CCF3EF, cid=12
2019-10-15 21:53:33,967 [EventQueue-ContainerReportForContainerReportHandler] WARN  container.ContainerReportHandler (AbstractContainerReportHandler.java:updateContainerState(145)) - Container #1 is in OPEN state, but the datanode 6a83fe04-c8c3-48c1-8861-8f81e89cd03c{ip: 192.168.69.90, host: pr-revert-24-hdds-2181-89r8m-3343634851, networkLocation: /default-rack, certSerialId: null} reports an CLOSED replica.
2019-10-15 21:53:33,979 [java.util.concurrent.ThreadPoolExecutor$Worker@1e69e541[State = -1, empty queue]] WARN  server.GrpcLogAppender (GrpcLogAppender.java:timeoutAppendRequest(209)) - 6a83fe04-c8c3-48c1-8861-8f81e89cd03c@group-F62649F7AF7F->04d05b50-beb8-4841-9ce1-2061f7b42c80-GrpcLogAppender: appendEntries Timeout, request=6a83fe04-c8c3-48c1-8861-8f81e89cd03c->04d05b50-beb8-4841-9ce1-2061f7b42c80#25-t2, previous=(t:2, i:9), leaderCommit=9, initializing? false, entries: size=1, first=(t:2, i:10), METADATAENTRY(c9)
2019-10-15 21:53:33,996 [EventQueue-ContainerReportForContainerReportHandler] WARN  container.ContainerReportHandler (AbstractContainerReportHandler.java:updateContainerState(145)) - Container #1 is in OPEN state, but the datanode 0a72d9f0-d385-4350-a485-113e43f7c69c{ip: 192.168.69.90, host: pr-revert-24-hdds-2181-89r8m-3343634851, networkLocation: /default-rack, certSerialId: null} reports an CLOSED replica.
2019-10-15 21:53:34,069 [BlockDeletingService#2] WARN  background.BlockDeletingService (BlockDeletingService.java:isDeletionAllowed(187)) - Close Container log Index 6 is not replicated across allthe servers in the pipeline 4353dad5-98e9-4a09-96de-f62649f7af7f as the min replicated index is 4. Deletion is not allowed in this container yet.
2019-10-15 21:53:34,087 [BlockDeletingService#2] WARN  background.BlockDeletingService (BlockDeletingService.java:isDeletionAllowed(187)) - Close Container log Index 6 is not replicated across allthe servers in the pipeline 4353dad5-98e9-4a09-96de-f62649f7af7f as the min replicated index is 4. Deletion is not allowed in this container yet.
2019-10-15 21:53:34,271 [EventQueue-ContainerReportForContainerReportHandler] WARN  container.ContainerReportHandler (AbstractContainerReportHandler.java:updateContainerState(145)) - Container #1 is in OPEN state, but the datanode 6a83fe04-c8c3-48c1-8861-8f81e89cd03c{ip: 192.168.69.90, host: pr-revert-24-hdds-2181-89r8m-3343634851, networkLocation: /default-rack, certSerialId: null} reports an CLOSED replica.
2019-10-15 21:53:34,297 [EventQueue-ContainerReportForContainerReportHandler] WARN  container.ContainerReportHandler (AbstractContainerReportHandler.java:updateContainerState(145)) - Container #1 is in OPEN state, but the datanode 0a72d9f0-d385-4350-a485-113e43f7c69c{ip: 192.168.69.90, host: pr-revert-24-hdds-2181-89r8m-3343634851, networkLocation: /default-rack, certSerialId: null} reports an CLOSED replica.
2019-10-15 21:53:34,568 [EventQueue-ContainerReportForContainerReportHandler] WARN  container.ContainerReportHandler (AbstractContainerReportHandler.java:updateContainerState(145)) - Container #1 is in OPEN state, but the datanode 6a83fe04-c8c3-48c1-8861-8f81e89cd03c{ip: 192.168.69.90, host: pr-revert-24-hdds-2181-89r8m-3343634851, networkLocation: /default-rack, certSerialId: null} reports an CLOSED replica.
2019-10-15 21:53:34,598 [EventQueue-ContainerReportForContainerReportHandler] WARN  container.ContainerReportHandler (AbstractContainerReportHandler.java:updateContainerState(145)) - Container #1 is in OPEN state, but the datanode 0a72d9f0-d385-4350-a485-113e43f7c69c{ip: 192.168.69.90, host: pr-revert-24-hdds-2181-89r8m-3343634851, networkLocation: /default-rack, certSerialId: null} reports an CLOSED replica.
2019-10-15 21:53:34,869 [EventQueue-ContainerReportForContainerReportHandler] WARN  container.ContainerReportHandler (AbstractContainerReportHandler.java:updateContainerState(145)) - Container #1 is in OPEN state, but the datanode 6a83fe04-c8c3-48c1-8861-8f81e89cd03c{ip: 192.168.69.90, host: pr-revert-24-hdds-2181-89r8m-3343634851, networkLocation: /default-rack, certSerialId: null} reports an CLOSED replica.
2019-10-15 21:53:34,998 [EventQueue-ContainerReportForContainerReportHandler] WARN  container.ContainerReportHandler (AbstractContainerReportHandler.java:updateContainerState(145)) - Container #1 is in OPEN state, but the datanode 0a72d9f0-d385-4350-a485-113e43f7c69c{ip: 192.168.69.90, host: pr-revert-24-hdds-2181-89r8m-3343634851, networkLocation: /default-rack, certSerialId: null} reports an CLOSED replica.
2019-10-15 21:53:35,075 [BlockDeletingService#2] WARN  background.BlockDeletingService (BlockDeletingService.java:isDeletionAllowed(187)) - Close Container log Index 6 is not replicated across allthe servers in the pipeline 4353dad5-98e9-4a09-96de-f62649f7af7f as the min replicated index is 4. Deletion is not allowed in this container yet.
2019-10-15 21:53:35,089 [BlockDeletingService#2] WARN  background.BlockDeletingService (BlockDeletingService.java:isDeletionAllowed(187)) - Close Container log Index 6 is not replicated across allthe servers in the pipeline 4353dad5-98e9-4a09-96de-f62649f7af7f as the min replicated index is 4. Deletion is not allowed in this container yet.
2019-10-15 21:53:35,169 [EventQueue-ContainerReportForContainerReportHandler] WARN  container.ContainerReportHandler (AbstractContainerReportHandler.java:updateContainerState(145)) - Container #1 is in OPEN state, but the datanode 6a83fe04-c8c3-48c1-8861-8f81e89cd03c{ip: 192.168.69.90, host: pr-revert-24-hdds-2181-89r8m-3343634851, networkLocation: /default-rack, certSerialId: null} reports an CLOSED replica.
2019-10-15 21:53:35,299 [EventQueue-ContainerReportForContainerReportHandler] WARN  container.ContainerReportHandler (AbstractContainerReportHandler.java:updateContainerState(145)) - Container #1 is in OPEN state, but the datanode 0a72d9f0-d385-4350-a485-113e43f7c69c{ip: 192.168.69.90, host: pr-revert-24-hdds-2181-89r8m-3343634851, networkLocation: /default-rack, certSerialId: null} reports an CLOSED replica.
2019-10-15 21:53:35,469 [EventQueue-ContainerReportForContainerReportHandler] WARN  container.ContainerReportHandler (AbstractContainerReportHandler.java:updateContainerState(145)) - Container #1 is in OPEN state, but the datanode 6a83fe04-c8c3-48c1-8861-8f81e89cd03c{ip: 192.168.69.90, host: pr-revert-24-hdds-2181-89r8m-3343634851, networkLocation: /default-rack, certSerialId: null} reports an CLOSED replica.
2019-10-15 21:53:35,600 [EventQueue-ContainerReportForContainerReportHandler] WARN  container.ContainerReportHandler (AbstractContainerReportHandler.java:updateContainerState(145)) - Container #1 is in OPEN state, but the datanode 0a72d9f0-d385-4350-a485-113e43f7c69c{ip: 192.168.69.90, host: pr-revert-24-hdds-2181-89r8m-3343634851, networkLocation: /default-rack, certSerialId: null} reports an CLOSED replica.
2019-10-15 21:53:35,770 [EventQueue-ContainerReportForContainerReportHandler] WARN  container.ContainerReportHandler (AbstractContainerReportHandler.java:updateContainerState(145)) - Container #1 is in OPEN state, but the datanode 6a83fe04-c8c3-48c1-8861-8f81e89cd03c{ip: 192.168.69.90, host: pr-revert-24-hdds-2181-89r8m-3343634851, networkLocation: /default-rack, certSerialId: null} reports an CLOSED replica.
2019-10-15 21:53:35,999 [EventQueue-ContainerReportForContainerReportHandler] WARN  container.ContainerReportHandler (AbstractContainerReportHandler.java:updateContainerState(145)) - Container #1 is in OPEN state, but the datanode 0a72d9f0-d385-4350-a485-113e43f7c69c{ip: 192.168.69.90, host: pr-revert-24-hdds-2181-89r8m-3343634851, networkLocation: /default-rack, certSerialId: null} reports an CLOSED replica.
2019-10-15 21:53:36,070 [EventQueue-ContainerReportForContainerReportHandler] WARN  container.ContainerReportHandler (AbstractContainerReportHandler.java:updateContainerState(145)) - Container #1 is in OPEN state, but the datanode 6a83fe04-c8c3-48c1-8861-8f81e89cd03c{ip: 192.168.69.90, host: pr-revert-24-hdds-2181-89r8m-3343634851, networkLocation: /default-rack, certSerialId: null} reports an CLOSED replica.
2019-10-15 21:53:36,077 [BlockDeletingService#2] WARN  background.BlockDeletingService (BlockDeletingService.java:isDeletionAllowed(187)) - Close Container log Index 6 is not replicated across allthe servers in the pipeline 4353dad5-98e9-4a09-96de-f62649f7af7f as the min replicated index is 4. Deletion is not allowed in this container yet.
2019-10-15 21:53:36,090 [BlockDeletingService#2] WARN  background.BlockDeletingService (BlockDeletingService.java:isDeletionAllowed(187)) - Close Container log Index 6 is not replicated across allthe servers in the pipeline 4353dad5-98e9-4a09-96de-f62649f7af7f as the min replicated index is 4. Deletion is not allowed in this container yet.
2019-10-15 21:53:36,200 [EventQueue-ContainerReportForContainerReportHandler] WARN  container.ContainerReportHandler (AbstractContainerReportHandler.java:updateContainerState(145)) - Container #1 is in OPEN state, but the datanode 0a72d9f0-d385-4350-a485-113e43f7c69c{ip: 192.168.69.90, host: pr-revert-24-hdds-2181-89r8m-3343634851, networkLocation: /default-rack, certSerialId: null} reports an CLOSED replica.
2019-10-15 21:53:36,369 [EventQueue-ContainerReportForContainerReportHandler] WARN  container.ContainerReportHandler (AbstractContainerReportHandler.java:updateContainerState(145)) - Container #1 is in OPEN state, but the datanode 6a83fe04-c8c3-48c1-8861-8f81e89cd03c{ip: 192.168.69.90, host: pr-revert-24-hdds-2181-89r8m-3343634851, networkLocation: /default-rack, certSerialId: null} reports an CLOSED replica.
2019-10-15 21:53:36,482 [java.util.concurrent.ThreadPoolExecutor$Worker@1e69e541[State = -1, empty queue]] WARN  server.GrpcLogAppender (GrpcLogAppender.java:timeoutAppendRequest(209)) - 6a83fe04-c8c3-48c1-8861-8f81e89cd03c@group-F62649F7AF7F->04d05b50-beb8-4841-9ce1-2061f7b42c80-GrpcLogAppender: appendEntries Timeout, request=6a83fe04-c8c3-48c1-8861-8f81e89cd03c->04d05b50-beb8-4841-9ce1-2061f7b42c80#26-t2, previous=(t:2, i:10), leaderCommit=10, initializing? false, entries: <empty>
2019-10-15 21:53:36,601 [EventQueue-ContainerReportForContainerReportHandler] WARN  container.ContainerReportHandler (AbstractContainerReportHandler.java:updateContainerState(145)) - Container #1 is in OPEN state, but the datanode 0a72d9f0-d385-4350-a485-113e43f7c69c{ip: 192.168.69.90, host: pr-revert-24-hdds-2181-89r8m-3343634851, networkLocation: /default-rack, certSerialId: null} reports an CLOSED replica.
2019-10-15 21:53:36,771 [EventQueue-ContainerReportForContainerReportHandler] WARN  container.ContainerReportHandler (AbstractContainerReportHandler.java:updateContainerState(145)) - Container #1 is in OPEN state, but the datanode 6a83fe04-c8c3-48c1-8861-8f81e89cd03c{ip: 192.168.69.90, host: pr-revert-24-hdds-2181-89r8m-3343634851, networkLocation: /default-rack, certSerialId: null} reports an CLOSED replica.
2019-10-15 21:53:37,002 [EventQueue-ContainerReportForContainerReportHandler] WARN  container.ContainerReportHandler (AbstractContainerReportHandler.java:updateContainerState(145)) - Container #1 is in OPEN state, but the datanode 0a72d9f0-d385-4350-a485-113e43f7c69c{ip: 192.168.69.90, host: pr-revert-24-hdds-2181-89r8m-3343634851, networkLocation: /default-rack, certSerialId: null} reports an CLOSED replica.
2019-10-15 21:53:37,071 [EventQueue-ContainerReportForContainerReportHandler] WARN  container.ContainerReportHandler (AbstractContainerReportHandler.java:updateContainerState(145)) - Container #1 is in OPEN state, but the datanode 6a83fe04-c8c3-48c1-8861-8f81e89cd03c{ip: 192.168.69.90, host: pr-revert-24-hdds-2181-89r8m-3343634851, networkLocation: /default-rack, certSerialId: null} reports an CLOSED replica.
2019-10-15 21:53:37,081 [BlockDeletingService#2] WARN  background.BlockDeletingService (BlockDeletingService.java:isDeletionAllowed(187)) - Close Container log Index 6 is not replicated across allthe servers in the pipeline 4353dad5-98e9-4a09-96de-f62649f7af7f as the min replicated index is 4. Deletion is not allowed in this container yet.
2019-10-15 21:53:37,092 [BlockDeletingService#2] WARN  background.BlockDeletingService (BlockDeletingService.java:isDeletionAllowed(187)) - Close Container log Index 6 is not replicated across allthe servers in the pipeline 4353dad5-98e9-4a09-96de-f62649f7af7f as the min replicated index is 4. Deletion is not allowed in this container yet.
2019-10-15 21:53:37,201 [EventQueue-ContainerReportForContainerReportHandler] WARN  container.ContainerReportHandler (AbstractContainerReportHandler.java:updateContainerState(145)) - Container #1 is in OPEN state, but the datanode 0a72d9f0-d385-4350-a485-113e43f7c69c{ip: 192.168.69.90, host: pr-revert-24-hdds-2181-89r8m-3343634851, networkLocation: /default-rack, certSerialId: null} reports an CLOSED replica.
2019-10-15 21:53:37,372 [EventQueue-ContainerReportForContainerReportHandler] WARN  container.ContainerReportHandler (AbstractContainerReportHandler.java:updateContainerState(145)) - Container #1 is in OPEN state, but the datanode 6a83fe04-c8c3-48c1-8861-8f81e89cd03c{ip: 192.168.69.90, host: pr-revert-24-hdds-2181-89r8m-3343634851, networkLocation: /default-rack, certSerialId: null} reports an CLOSED replica.
2019-10-15 21:53:37,572 [EventQueue-ContainerReportForContainerReportHandler] WARN  container.ContainerReportHandler (AbstractContainerReportHandler.java:updateContainerState(145)) - Container #1 is in OPEN state, but the datanode 6a83fe04-c8c3-48c1-8861-8f81e89cd03c{ip: 192.168.69.90, host: pr-revert-24-hdds-2181-89r8m-3343634851, networkLocation: /default-rack, certSerialId: null} reports an CLOSED replica.
2019-10-15 21:53:37,602 [EventQueue-ContainerReportForContainerReportHandler] WARN  container.ContainerReportHandler (AbstractContainerReportHandler.java:updateContainerState(145)) - Container #1 is in OPEN state, but the datanode 0a72d9f0-d385-4350-a485-113e43f7c69c{ip: 192.168.69.90, host: pr-revert-24-hdds-2181-89r8m-3343634851, networkLocation: /default-rack, certSerialId: null} reports an CLOSED replica.
2019-10-15 21:53:37,773 [EventQueue-ContainerReportForContainerReportHandler] WARN  container.ContainerReportHandler (AbstractContainerReportHandler.java:updateContainerState(145)) - Container #1 is in OPEN state, but the datanode 6a83fe04-c8c3-48c1-8861-8f81e89cd03c{ip: 192.168.69.90, host: pr-revert-24-hdds-2181-89r8m-3343634851, networkLocation: /default-rack, certSerialId: null} reports an CLOSED replica.
2019-10-15 21:53:37,903 [EventQueue-ContainerReportForContainerReportHandler] WARN  container.ContainerReportHandler (AbstractContainerReportHandler.java:updateContainerState(145)) - Container #1 is in OPEN state, but the datanode 0a72d9f0-d385-4350-a485-113e43f7c69c{ip: 192.168.69.90, host: pr-revert-24-hdds-2181-89r8m-3343634851, networkLocation: /default-rack, certSerialId: null} reports an CLOSED replica.
2019-10-15 21:53:38,073 [EventQueue-ContainerReportForContainerReportHandler] WARN  container.ContainerReportHandler (AbstractContainerReportHandler.java:updateContainerState(145)) - Container #1 is in OPEN state, but the datanode 6a83fe04-c8c3-48c1-8861-8f81e89cd03c{ip: 192.168.69.90, host: pr-revert-24-hdds-2181-89r8m-3343634851, networkLocation: /default-rack, certSerialId: null} reports an CLOSED replica.
2019-10-15 21:53:38,083 [BlockDeletingService#2] WARN  background.BlockDeletingService (BlockDeletingService.java:isDeletionAllowed(187)) - Close Container log Index 6 is not replicated across allthe servers in the pipeline 4353dad5-98e9-4a09-96de-f62649f7af7f as the min replicated index is 4. Deletion is not allowed in this container yet.
2019-10-15 21:53:38,093 [BlockDeletingService#2] WARN  background.BlockDeletingService (BlockDeletingService.java:isDeletionAllowed(187)) - Close Container log Index 6 is not replicated across allthe servers in the pipeline 4353dad5-98e9-4a09-96de-f62649f7af7f as the min replicated index is 4. Deletion is not allowed in this container yet.
2019-10-15 21:53:38,203 [EventQueue-ContainerReportForContainerReportHandler] WARN  container.ContainerReportHandler (AbstractContainerReportHandler.java:updateContainerState(145)) - Container #1 is in OPEN state, but the datanode 0a72d9f0-d385-4350-a485-113e43f7c69c{ip: 192.168.69.90, host: pr-revert-24-hdds-2181-89r8m-3343634851, networkLocation: /default-rack, certSerialId: null} reports an CLOSED replica.
2019-10-15 21:53:38,373 [EventQueue-ContainerReportForContainerReportHandler] WARN  container.ContainerReportHandler (AbstractContainerReportHandler.java:updateContainerState(145)) - Container #1 is in OPEN state, but the datanode 6a83fe04-c8c3-48c1-8861-8f81e89cd03c{ip: 192.168.69.90, host: pr-revert-24-hdds-2181-89r8m-3343634851, networkLocation: /default-rack, certSerialId: null} reports an CLOSED replica.
2019-10-15 21:53:38,504 [EventQueue-ContainerReportForContainerReportHandler] WARN  container.ContainerReportHandler (AbstractContainerReportHandler.java:updateContainerState(145)) - Container #1 is in OPEN state, but the datanode 0a72d9f0-d385-4350-a485-113e43f7c69c{ip: 192.168.69.90, host: pr-revert-24-hdds-2181-89r8m-3343634851, networkLocation: /default-rack, certSerialId: null} reports an CLOSED replica.
2019-10-15 21:53:38,573 [EventQueue-ContainerReportForContainerReportHandler] WARN  container.ContainerReportHandler (AbstractContainerReportHandler.java:updateContainerState(145)) - Container #1 is in OPEN state, but the datanode 6a83fe04-c8c3-48c1-8861-8f81e89cd03c{ip: 192.168.69.90, host: pr-revert-24-hdds-2181-89r8m-3343634851, networkLocation: /default-rack, certSerialId: null} reports an CLOSED replica.
2019-10-15 21:53:38,705 [EventQueue-ContainerReportForContainerReportHandler] WARN  container.ContainerReportHandler (AbstractContainerReportHandler.java:updateContainerState(145)) - Container #1 is in OPEN state, but the datanode 0a72d9f0-d385-4350-a485-113e43f7c69c{ip: 192.168.69.90, host: pr-revert-24-hdds-2181-89r8m-3343634851, networkLocation: /default-rack, certSerialId: null} reports an CLOSED replica.
2019-10-15 21:53:38,974 [EventQueue-ContainerReportForContainerReportHandler] WARN  container.ContainerReportHandler (AbstractContainerReportHandler.java:updateContainerState(145)) - Container #1 is in OPEN state, but the datanode 6a83fe04-c8c3-48c1-8861-8f81e89cd03c{ip: 192.168.69.90, host: pr-revert-24-hdds-2181-89r8m-3343634851, networkLocation: /default-rack, certSerialId: null} reports an CLOSED replica.
2019-10-15 21:53:38,984 [java.util.concurrent.ThreadPoolExecutor$Worker@1e69e541[State = -1, empty queue]] WARN  server.GrpcLogAppender (GrpcLogAppender.java:timeoutAppendRequest(209)) - 6a83fe04-c8c3-48c1-8861-8f81e89cd03c@group-F62649F7AF7F->04d05b50-beb8-4841-9ce1-2061f7b42c80-GrpcLogAppender: appendEntries Timeout, request=6a83fe04-c8c3-48c1-8861-8f81e89cd03c->04d05b50-beb8-4841-9ce1-2061f7b42c80#27-t2, previous=(t:2, i:10), leaderCommit=10, initializing? false, entries: <empty>
2019-10-15 21:53:39,007 [EventQueue-ContainerReportForContainerReportHandler] WARN  container.ContainerReportHandler (AbstractContainerReportHandler.java:updateContainerState(145)) - Container #1 is in OPEN state, but the datanode 0a72d9f0-d385-4350-a485-113e43f7c69c{ip: 192.168.69.90, host: pr-revert-24-hdds-2181-89r8m-3343634851, networkLocation: /default-rack, certSerialId: null} reports an CLOSED replica.
2019-10-15 21:53:39,056 [Thread-343] INFO  client.GrpcClientProtocolService (GrpcClientProtocolService.java:lambda$processClientRequest$0(278)) - Failed RaftClientRequest:client-92BC3EC04FB4->0a72d9f0-d385-4350-a485-113e43f7c69c@group-F62649F7AF7F, cid=10, seq=0, Watch-ALL_COMMITTED(6), Message:<EMPTY>, reply=RaftClientReply:client-92BC3EC04FB4->0a72d9f0-d385-4350-a485-113e43f7c69c@group-F62649F7AF7F, cid=10, FAILED org.apache.ratis.protocol.NotLeaderException: Server 0a72d9f0-d385-4350-a485-113e43f7c69c@group-F62649F7AF7F is not the leader 6a83fe04-c8c3-48c1-8861-8f81e89cd03c:192.168.69.90:44841, logIndex=0, commits[0a72d9f0-d385-4350-a485-113e43f7c69c:c10, 6a83fe04-c8c3-48c1-8861-8f81e89cd03c:c10, 04d05b50-beb8-4841-9ce1-2061f7b42c80:c4]
2019-10-15 21:53:39,085 [BlockDeletingService#2] WARN  background.BlockDeletingService (BlockDeletingService.java:isDeletionAllowed(187)) - Close Container log Index 6 is not replicated across allthe servers in the pipeline 4353dad5-98e9-4a09-96de-f62649f7af7f as the min replicated index is 4. Deletion is not allowed in this container yet.
2019-10-15 21:53:39,095 [BlockDeletingService#2] WARN  background.BlockDeletingService (BlockDeletingService.java:isDeletionAllowed(187)) - Close Container log Index 6 is not replicated across allthe servers in the pipeline 4353dad5-98e9-4a09-96de-f62649f7af7f as the min replicated index is 4. Deletion is not allowed in this container yet.
2019-10-15 21:53:39,175 [EventQueue-ContainerReportForContainerReportHandler] WARN  container.ContainerReportHandler (AbstractContainerReportHandler.java:updateContainerState(145)) - Container #1 is in OPEN state, but the datanode 6a83fe04-c8c3-48c1-8861-8f81e89cd03c{ip: 192.168.69.90, host: pr-revert-24-hdds-2181-89r8m-3343634851, networkLocation: /default-rack, certSerialId: null} reports an CLOSED replica.
2019-10-15 21:53:39,408 [EventQueue-ContainerReportForContainerReportHandler] WARN  container.ContainerReportHandler (AbstractContainerReportHandler.java:updateContainerState(145)) - Container #1 is in OPEN state, but the datanode 0a72d9f0-d385-4350-a485-113e43f7c69c{ip: 192.168.69.90, host: pr-revert-24-hdds-2181-89r8m-3343634851, networkLocation: /default-rack, certSerialId: null} reports an CLOSED replica.
2019-10-15 21:53:39,474 [EventQueue-ContainerReportForContainerReportHandler] WARN  container.ContainerReportHandler (AbstractContainerReportHandler.java:updateContainerState(145)) - Container #1 is in OPEN state, but the datanode 6a83fe04-c8c3-48c1-8861-8f81e89cd03c{ip: 192.168.69.90, host: pr-revert-24-hdds-2181-89r8m-3343634851, networkLocation: /default-rack, certSerialId: null} reports an CLOSED replica.
2019-10-15 21:53:39,709 [EventQueue-ContainerReportForContainerReportHandler] WARN  container.ContainerReportHandler (AbstractContainerReportHandler.java:updateContainerState(145)) - Container #1 is in OPEN state, but the datanode 0a72d9f0-d385-4350-a485-113e43f7c69c{ip: 192.168.69.90, host: pr-revert-24-hdds-2181-89r8m-3343634851, networkLocation: /default-rack, certSerialId: null} reports an CLOSED replica.
2019-10-15 21:53:39,775 [EventQueue-ContainerReportForContainerReportHandler] WARN  container.ContainerReportHandler (AbstractContainerReportHandler.java:updateContainerState(145)) - Container #1 is in OPEN state, but the datanode 6a83fe04-c8c3-48c1-8861-8f81e89cd03c{ip: 192.168.69.90, host: pr-revert-24-hdds-2181-89r8m-3343634851, networkLocation: /default-rack, certSerialId: null} reports an CLOSED replica.
2019-10-15 21:53:40,074 [EventQueue-ContainerReportForContainerReportHandler] WARN  container.ContainerReportHandler (AbstractContainerReportHandler.java:updateContainerState(145)) - Container #1 is in OPEN state, but the datanode 6a83fe04-c8c3-48c1-8861-8f81e89cd03c{ip: 192.168.69.90, host: pr-revert-24-hdds-2181-89r8m-3343634851, networkLocation: /default-rack, certSerialId: null} reports an CLOSED replica.
2019-10-15 21:53:40,086 [BlockDeletingService#2] WARN  background.BlockDeletingService (BlockDeletingService.java:isDeletionAllowed(187)) - Close Container log Index 6 is not replicated across allthe servers in the pipeline 4353dad5-98e9-4a09-96de-f62649f7af7f as the min replicated index is 4. Deletion is not allowed in this container yet.
2019-10-15 21:53:40,099 [BlockDeletingService#2] WARN  background.BlockDeletingService (BlockDeletingService.java:isDeletionAllowed(187)) - Close Container log Index 6 is not replicated across allthe servers in the pipeline 4353dad5-98e9-4a09-96de-f62649f7af7f as the min replicated index is 4. Deletion is not allowed in this container yet.
2019-10-15 21:53:40,109 [EventQueue-ContainerReportForContainerReportHandler] WARN  container.ContainerReportHandler (AbstractContainerReportHandler.java:updateContainerState(145)) - Container #1 is in OPEN state, but the datanode 0a72d9f0-d385-4350-a485-113e43f7c69c{ip: 192.168.69.90, host: pr-revert-24-hdds-2181-89r8m-3343634851, networkLocation: /default-rack, certSerialId: null} reports an CLOSED replica.
2019-10-15 21:53:40,309 [EventQueue-ContainerReportForContainerReportHandler] WARN  container.ContainerReportHandler (AbstractContainerReportHandler.java:updateContainerState(145)) - Container #1 is in OPEN state, but the datanode 0a72d9f0-d385-4350-a485-113e43f7c69c{ip: 192.168.69.90, host: pr-revert-24-hdds-2181-89r8m-3343634851, networkLocation: /default-rack, certSerialId: null} reports an CLOSED replica.
2019-10-15 21:53:40,374 [EventQueue-ContainerReportForContainerReportHandler] WARN  container.ContainerReportHandler (AbstractContainerReportHandler.java:updateContainerState(145)) - Container #1 is in OPEN state, but the datanode 6a83fe04-c8c3-48c1-8861-8f81e89cd03c{ip: 192.168.69.90, host: pr-revert-24-hdds-2181-89r8m-3343634851, networkLocation: /default-rack, certSerialId: null} reports an CLOSED replica.
2019-10-15 21:53:40,609 [EventQueue-ContainerReportForContainerReportHandler] WARN  container.ContainerReportHandler (AbstractContainerReportHandler.java:updateContainerState(145)) - Container #1 is in OPEN state, but the datanode 0a72d9f0-d385-4350-a485-113e43f7c69c{ip: 192.168.69.90, host: pr-revert-24-hdds-2181-89r8m-3343634851, networkLocation: /default-rack, certSerialId: null} reports an CLOSED replica.
2019-10-15 21:53:40,675 [EventQueue-ContainerReportForContainerReportHandler] WARN  container.ContainerReportHandler (AbstractContainerReportHandler.java:updateContainerState(145)) - Container #1 is in OPEN state, but the datanode 6a83fe04-c8c3-48c1-8861-8f81e89cd03c{ip: 192.168.69.90, host: pr-revert-24-hdds-2181-89r8m-3343634851, networkLocation: /default-rack, certSerialId: null} reports an CLOSED replica.
2019-10-15 21:53:40,884 [Thread-350] INFO  client.GrpcClientProtocolService (GrpcClientProtocolService.java:lambda$processClientRequest$0(278)) - Failed RaftClientRequest:client-92BC3EC04FB4->6a83fe04-c8c3-48c1-8861-8f81e89cd03c@group-F62649F7AF7F, cid=10, seq=0, Watch-ALL_COMMITTED(6), Message:<EMPTY>, reply=RaftClientReply:client-92BC3EC04FB4->6a83fe04-c8c3-48c1-8861-8f81e89cd03c@group-F62649F7AF7F, cid=10, FAILED org.apache.ratis.protocol.NotReplicatedException: Request with call Id 10 and log index 6 is not yet replicated to ALL_COMMITTED, logIndex=6, commits[6a83fe04-c8c3-48c1-8861-8f81e89cd03c:c10, 04d05b50-beb8-4841-9ce1-2061f7b42c80:c4, 0a72d9f0-d385-4350-a485-113e43f7c69c:c10]
2019-10-15 21:53:41,010 [EventQueue-ContainerReportForContainerReportHandler] WARN  container.ContainerReportHandler (AbstractContainerReportHandler.java:updateContainerState(145)) - Container #1 is in OPEN state, but the datanode 0a72d9f0-d385-4350-a485-113e43f7c69c{ip: 192.168.69.90, host: pr-revert-24-hdds-2181-89r8m-3343634851, networkLocation: /default-rack, certSerialId: null} reports an CLOSED replica.
2019-10-15 21:53:41,075 [EventQueue-ContainerReportForContainerReportHandler] WARN  container.ContainerReportHandler (AbstractContainerReportHandler.java:updateContainerState(145)) - Container #1 is in OPEN state, but the datanode 6a83fe04-c8c3-48c1-8861-8f81e89cd03c{ip: 192.168.69.90, host: pr-revert-24-hdds-2181-89r8m-3343634851, networkLocation: /default-rack, certSerialId: null} reports an CLOSED replica.
2019-10-15 21:53:41,088 [BlockDeletingService#2] WARN  background.BlockDeletingService (BlockDeletingService.java:isDeletionAllowed(187)) - Close Container log Index 6 is not replicated across allthe servers in the pipeline 4353dad5-98e9-4a09-96de-f62649f7af7f as the min replicated index is 4. Deletion is not allowed in this container yet.
2019-10-15 21:53:41,100 [BlockDeletingService#2] WARN  background.BlockDeletingService (BlockDeletingService.java:isDeletionAllowed(187)) - Close Container log Index 6 is not replicated across allthe servers in the pipeline 4353dad5-98e9-4a09-96de-f62649f7af7f as the min replicated index is 4. Deletion is not allowed in this container yet.
2019-10-15 21:53:41,210 [EventQueue-ContainerReportForContainerReportHandler] WARN  container.ContainerReportHandler (AbstractContainerReportHandler.java:updateContainerState(145)) - Container #1 is in OPEN state, but the datanode 0a72d9f0-d385-4350-a485-113e43f7c69c{ip: 192.168.69.90, host: pr-revert-24-hdds-2181-89r8m-3343634851, networkLocation: /default-rack, certSerialId: null} reports an CLOSED replica.
2019-10-15 21:53:41,375 [EventQueue-ContainerReportForContainerReportHandler] WARN  container.ContainerReportHandler (AbstractContainerReportHandler.java:updateContainerState(145)) - Container #1 is in OPEN state, but the datanode 6a83fe04-c8c3-48c1-8861-8f81e89cd03c{ip: 192.168.69.90, host: pr-revert-24-hdds-2181-89r8m-3343634851, networkLocation: /default-rack, certSerialId: null} reports an CLOSED replica.
2019-10-15 21:53:41,486 [java.util.concurrent.ThreadPoolExecutor$Worker@1e69e541[State = -1, empty queue]] WARN  server.GrpcLogAppender (GrpcLogAppender.java:timeoutAppendRequest(209)) - 6a83fe04-c8c3-48c1-8861-8f81e89cd03c@group-F62649F7AF7F->04d05b50-beb8-4841-9ce1-2061f7b42c80-GrpcLogAppender: appendEntries Timeout, request=6a83fe04-c8c3-48c1-8861-8f81e89cd03c->04d05b50-beb8-4841-9ce1-2061f7b42c80#28-t2, previous=(t:2, i:10), leaderCommit=10, initializing? false, entries: <empty>
2019-10-15 21:53:41,609 [EventQueue-ContainerReportForContainerReportHandler] WARN  container.ContainerReportHandler (AbstractContainerReportHandler.java:updateContainerState(145)) - Container #1 is in OPEN state, but the datanode 0a72d9f0-d385-4350-a485-113e43f7c69c{ip: 192.168.69.90, host: pr-revert-24-hdds-2181-89r8m-3343634851, networkLocation: /default-rack, certSerialId: null} reports an CLOSED replica.
2019-10-15 21:53:41,675 [EventQueue-ContainerReportForContainerReportHandler] WARN  container.ContainerReportHandler (AbstractContainerReportHandler.java:updateContainerState(145)) - Container #1 is in OPEN state, but the datanode 6a83fe04-c8c3-48c1-8861-8f81e89cd03c{ip: 192.168.69.90, host: pr-revert-24-hdds-2181-89r8m-3343634851, networkLocation: /default-rack, certSerialId: null} reports an CLOSED replica.
2019-10-15 21:53:41,910 [EventQueue-ContainerReportForContainerReportHandler] WARN  container.ContainerReportHandler (AbstractContainerReportHandler.java:updateContainerState(145)) - Container #1 is in OPEN state, but the datanode 0a72d9f0-d385-4350-a485-113e43f7c69c{ip: 192.168.69.90, host: pr-revert-24-hdds-2181-89r8m-3343634851, networkLocation: /default-rack, certSerialId: null} reports an CLOSED replica.
2019-10-15 21:53:42,076 [EventQueue-ContainerReportForContainerReportHandler] WARN  container.ContainerReportHandler (AbstractContainerReportHandler.java:updateContainerState(145)) - Container #1 is in OPEN state, but the datanode 6a83fe04-c8c3-48c1-8861-8f81e89cd03c{ip: 192.168.69.90, host: pr-revert-24-hdds-2181-89r8m-3343634851, networkLocation: /default-rack, certSerialId: null} reports an CLOSED replica.
2019-10-15 21:53:42,091 [BlockDeletingService#2] WARN  background.BlockDeletingService (BlockDeletingService.java:isDeletionAllowed(187)) - Close Container log Index 6 is not replicated across allthe servers in the pipeline 4353dad5-98e9-4a09-96de-f62649f7af7f as the min replicated index is 4. Deletion is not allowed in this container yet.
2019-10-15 21:53:42,101 [BlockDeletingService#2] WARN  background.BlockDeletingService (BlockDeletingService.java:isDeletionAllowed(187)) - Close Container log Index 6 is not replicated across allthe servers in the pipeline 4353dad5-98e9-4a09-96de-f62649f7af7f as the min replicated index is 4. Deletion is not allowed in this container yet.
2019-10-15 21:53:42,210 [EventQueue-ContainerReportForContainerReportHandler] WARN  container.ContainerReportHandler (AbstractContainerReportHandler.java:updateContainerState(145)) - Container #1 is in OPEN state, but the datanode 0a72d9f0-d385-4350-a485-113e43f7c69c{ip: 192.168.69.90, host: pr-revert-24-hdds-2181-89r8m-3343634851, networkLocation: /default-rack, certSerialId: null} reports an CLOSED replica.
2019-10-15 21:53:42,478 [EventQueue-ContainerReportForContainerReportHandler] WARN  container.ContainerReportHandler (AbstractContainerReportHandler.java:updateContainerState(145)) - Container #1 is in OPEN state, but the datanode 6a83fe04-c8c3-48c1-8861-8f81e89cd03c{ip: 192.168.69.90, host: pr-revert-24-hdds-2181-89r8m-3343634851, networkLocation: /default-rack, certSerialId: null} reports an CLOSED replica.
2019-10-15 21:53:42,511 [EventQueue-ContainerReportForContainerReportHandler] WARN  container.ContainerReportHandler (AbstractContainerReportHandler.java:updateContainerState(145)) - Container #1 is in OPEN state, but the datanode 0a72d9f0-d385-4350-a485-113e43f7c69c{ip: 192.168.69.90, host: pr-revert-24-hdds-2181-89r8m-3343634851, networkLocation: /default-rack, certSerialId: null} reports an CLOSED replica.
2019-10-15 21:53:42,677 [EventQueue-ContainerReportForContainerReportHandler] WARN  container.ContainerReportHandler (AbstractContainerReportHandler.java:updateContainerState(145)) - Container #1 is in OPEN state, but the datanode 6a83fe04-c8c3-48c1-8861-8f81e89cd03c{ip: 192.168.69.90, host: pr-revert-24-hdds-2181-89r8m-3343634851, networkLocation: /default-rack, certSerialId: null} reports an CLOSED replica.
2019-10-15 21:53:42,712 [EventQueue-ContainerReportForContainerReportHandler] WARN  container.ContainerReportHandler (AbstractContainerReportHandler.java:updateContainerState(145)) - Container #1 is in OPEN state, but the datanode 0a72d9f0-d385-4350-a485-113e43f7c69c{ip: 192.168.69.90, host: pr-revert-24-hdds-2181-89r8m-3343634851, networkLocation: /default-rack, certSerialId: null} reports an CLOSED replica.
2019-10-15 21:53:42,978 [EventQueue-ContainerReportForContainerReportHandler] WARN  container.ContainerReportHandler (AbstractContainerReportHandler.java:updateContainerState(145)) - Container #1 is in OPEN state, but the datanode 6a83fe04-c8c3-48c1-8861-8f81e89cd03c{ip: 192.168.69.90, host: pr-revert-24-hdds-2181-89r8m-3343634851, networkLocation: /default-rack, certSerialId: null} reports an CLOSED replica.
2019-10-15 21:53:43,093 [BlockDeletingService#2] WARN  background.BlockDeletingService (BlockDeletingService.java:isDeletionAllowed(187)) - Close Container log Index 6 is not replicated across allthe servers in the pipeline 4353dad5-98e9-4a09-96de-f62649f7af7f as the min replicated index is 4. Deletion is not allowed in this container yet.
2019-10-15 21:53:43,103 [BlockDeletingService#2] WARN  background.BlockDeletingService (BlockDeletingService.java:isDeletionAllowed(187)) - Close Container log Index 6 is not replicated across allthe servers in the pipeline 4353dad5-98e9-4a09-96de-f62649f7af7f as the min replicated index is 4. Deletion is not allowed in this container yet.
2019-10-15 21:53:43,111 [EventQueue-ContainerReportForContainerReportHandler] WARN  container.ContainerReportHandler (AbstractContainerReportHandler.java:updateContainerState(145)) - Container #1 is in OPEN state, but the datanode 0a72d9f0-d385-4350-a485-113e43f7c69c{ip: 192.168.69.90, host: pr-revert-24-hdds-2181-89r8m-3343634851, networkLocation: /default-rack, certSerialId: null} reports an CLOSED replica.
2019-10-15 21:53:43,278 [EventQueue-ContainerReportForContainerReportHandler] WARN  container.ContainerReportHandler (AbstractContainerReportHandler.java:updateContainerState(145)) - Container #1 is in OPEN state, but the datanode 6a83fe04-c8c3-48c1-8861-8f81e89cd03c{ip: 192.168.69.90, host: pr-revert-24-hdds-2181-89r8m-3343634851, networkLocation: /default-rack, certSerialId: null} reports an CLOSED replica.
2019-10-15 21:53:43,411 [EventQueue-ContainerReportForContainerReportHandler] WARN  container.ContainerReportHandler (AbstractContainerReportHandler.java:updateContainerState(145)) - Container #1 is in OPEN state, but the datanode 0a72d9f0-d385-4350-a485-113e43f7c69c{ip: 192.168.69.90, host: pr-revert-24-hdds-2181-89r8m-3343634851, networkLocation: /default-rack, certSerialId: null} reports an CLOSED replica.
2019-10-15 21:53:43,680 [EventQueue-ContainerReportForContainerReportHandler] WARN  container.ContainerReportHandler (AbstractContainerReportHandler.java:updateContainerState(145)) - Container #1 is in OPEN state, but the datanode 6a83fe04-c8c3-48c1-8861-8f81e89cd03c{ip: 192.168.69.90, host: pr-revert-24-hdds-2181-89r8m-3343634851, networkLocation: /default-rack, certSerialId: null} reports an CLOSED replica.
2019-10-15 21:53:43,711 [EventQueue-ContainerReportForContainerReportHandler] WARN  container.ContainerReportHandler (AbstractContainerReportHandler.java:updateContainerState(145)) - Container #1 is in OPEN state, but the datanode 0a72d9f0-d385-4350-a485-113e43f7c69c{ip: 192.168.69.90, host: pr-revert-24-hdds-2181-89r8m-3343634851, networkLocation: /default-rack, certSerialId: null} reports an CLOSED replica.
2019-10-15 21:53:43,980 [EventQueue-ContainerReportForContainerReportHandler] WARN  container.ContainerReportHandler (AbstractContainerReportHandler.java:updateContainerState(145)) - Container #1 is in OPEN state, but the datanode 6a83fe04-c8c3-48c1-8861-8f81e89cd03c{ip: 192.168.69.90, host: pr-revert-24-hdds-2181-89r8m-3343634851, networkLocation: /default-rack, certSerialId: null} reports an CLOSED replica.
2019-10-15 21:53:43,987 [java.util.concurrent.ThreadPoolExecutor$Worker@1e69e541[State = -1, empty queue]] WARN  server.GrpcLogAppender (GrpcLogAppender.java:timeoutAppendRequest(209)) - 6a83fe04-c8c3-48c1-8861-8f81e89cd03c@group-F62649F7AF7F->04d05b50-beb8-4841-9ce1-2061f7b42c80-GrpcLogAppender: appendEntries Timeout, request=6a83fe04-c8c3-48c1-8861-8f81e89cd03c->04d05b50-beb8-4841-9ce1-2061f7b42c80#29-t2, previous=(t:2, i:10), leaderCommit=10, initializing? false, entries: <empty>
2019-10-15 21:53:44,095 [BlockDeletingService#2] WARN  background.BlockDeletingService (BlockDeletingService.java:isDeletionAllowed(187)) - Close Container log Index 6 is not replicated across allthe servers in the pipeline 4353dad5-98e9-4a09-96de-f62649f7af7f as the min replicated index is 4. Deletion is not allowed in this container yet.
2019-10-15 21:53:44,105 [BlockDeletingService#2] WARN  background.BlockDeletingService (BlockDeletingService.java:isDeletionAllowed(187)) - Close Container log Index 6 is not replicated across allthe servers in the pipeline 4353dad5-98e9-4a09-96de-f62649f7af7f as the min replicated index is 4. Deletion is not allowed in this container yet.
2019-10-15 21:53:44,111 [EventQueue-ContainerReportForContainerReportHandler] WARN  container.ContainerReportHandler (AbstractContainerReportHandler.java:updateContainerState(145)) - Container #1 is in OPEN state, but the datanode 0a72d9f0-d385-4350-a485-113e43f7c69c{ip: 192.168.69.90, host: pr-revert-24-hdds-2181-89r8m-3343634851, networkLocation: /default-rack, certSerialId: null} reports an CLOSED replica.
2019-10-15 21:53:44,381 [EventQueue-ContainerReportForContainerReportHandler] WARN  container.ContainerReportHandler (AbstractContainerReportHandler.java:updateContainerState(145)) - Container #1 is in OPEN state, but the datanode 6a83fe04-c8c3-48c1-8861-8f81e89cd03c{ip: 192.168.69.90, host: pr-revert-24-hdds-2181-89r8m-3343634851, networkLocation: /default-rack, certSerialId: null} reports an CLOSED replica.
2019-10-15 21:53:44,413 [EventQueue-ContainerReportForContainerReportHandler] WARN  container.ContainerReportHandler (AbstractContainerReportHandler.java:updateContainerState(145)) - Container #1 is in OPEN state, but the datanode 0a72d9f0-d385-4350-a485-113e43f7c69c{ip: 192.168.69.90, host: pr-revert-24-hdds-2181-89r8m-3343634851, networkLocation: /default-rack, certSerialId: null} reports an CLOSED replica.
2019-10-15 21:53:44,680 [EventQueue-ContainerReportForContainerReportHandler] WARN  container.ContainerReportHandler (AbstractContainerReportHandler.java:updateContainerState(145)) - Container #1 is in OPEN state, but the datanode 6a83fe04-c8c3-48c1-8861-8f81e89cd03c{ip: 192.168.69.90, host: pr-revert-24-hdds-2181-89r8m-3343634851, networkLocation: /default-rack, certSerialId: null} reports an CLOSED replica.
2019-10-15 21:53:44,713 [EventQueue-ContainerReportForContainerReportHandler] WARN  container.ContainerReportHandler (AbstractContainerReportHandler.java:updateContainerState(145)) - Container #1 is in OPEN state, but the datanode 0a72d9f0-d385-4350-a485-113e43f7c69c{ip: 192.168.69.90, host: pr-revert-24-hdds-2181-89r8m-3343634851, networkLocation: /default-rack, certSerialId: null} reports an CLOSED replica.
2019-10-15 21:53:44,981 [EventQueue-ContainerReportForContainerReportHandler] WARN  container.ContainerReportHandler (AbstractContainerReportHandler.java:updateContainerState(145)) - Container #1 is in OPEN state, but the datanode 6a83fe04-c8c3-48c1-8861-8f81e89cd03c{ip: 192.168.69.90, host: pr-revert-24-hdds-2181-89r8m-3343634851, networkLocation: /default-rack, certSerialId: null} reports an CLOSED replica.
2019-10-15 21:53:45,014 [EventQueue-ContainerReportForContainerReportHandler] WARN  container.ContainerReportHandler (AbstractContainerReportHandler.java:updateContainerState(145)) - Container #1 is in OPEN state, but the datanode 0a72d9f0-d385-4350-a485-113e43f7c69c{ip: 192.168.69.90, host: pr-revert-24-hdds-2181-89r8m-3343634851, networkLocation: /default-rack, certSerialId: null} reports an CLOSED replica.
2019-10-15 21:53:45,097 [BlockDeletingService#2] WARN  background.BlockDeletingService (BlockDeletingService.java:isDeletionAllowed(187)) - Close Container log Index 6 is not replicated across allthe servers in the pipeline 4353dad5-98e9-4a09-96de-f62649f7af7f as the min replicated index is 4. Deletion is not allowed in this container yet.
2019-10-15 21:53:45,106 [BlockDeletingService#2] WARN  background.BlockDeletingService (BlockDeletingService.java:isDeletionAllowed(187)) - Close Container log Index 6 is not replicated across allthe servers in the pipeline 4353dad5-98e9-4a09-96de-f62649f7af7f as the min replicated index is 4. Deletion is not allowed in this container yet.
2019-10-15 21:53:45,183 [EventQueue-ContainerReportForContainerReportHandler] WARN  container.ContainerReportHandler (AbstractContainerReportHandler.java:updateContainerState(145)) - Container #1 is in OPEN state, but the datanode 6a83fe04-c8c3-48c1-8861-8f81e89cd03c{ip: 192.168.69.90, host: pr-revert-24-hdds-2181-89r8m-3343634851, networkLocation: /default-rack, certSerialId: null} reports an CLOSED replica.
2019-10-15 21:53:45,213 [EventQueue-ContainerReportForContainerReportHandler] WARN  container.ContainerReportHandler (AbstractContainerReportHandler.java:updateContainerState(145)) - Container #1 is in OPEN state, but the datanode 0a72d9f0-d385-4350-a485-113e43f7c69c{ip: 192.168.69.90, host: pr-revert-24-hdds-2181-89r8m-3343634851, networkLocation: /default-rack, certSerialId: null} reports an CLOSED replica.
2019-10-15 21:53:45,483 [EventQueue-ContainerReportForContainerReportHandler] WARN  container.ContainerReportHandler (AbstractContainerReportHandler.java:updateContainerState(145)) - Container #1 is in OPEN state, but the datanode 6a83fe04-c8c3-48c1-8861-8f81e89cd03c{ip: 192.168.69.90, host: pr-revert-24-hdds-2181-89r8m-3343634851, networkLocation: /default-rack, certSerialId: null} reports an CLOSED replica.
2019-10-15 21:53:45,513 [EventQueue-ContainerReportForContainerReportHandler] WARN  container.ContainerReportHandler (AbstractContainerReportHandler.java:updateContainerState(145)) - Container #1 is in OPEN state, but the datanode 0a72d9f0-d385-4350-a485-113e43f7c69c{ip: 192.168.69.90, host: pr-revert-24-hdds-2181-89r8m-3343634851, networkLocation: /default-rack, certSerialId: null} reports an CLOSED replica.
2019-10-15 21:53:45,783 [EventQueue-ContainerReportForContainerReportHandler] WARN  container.ContainerReportHandler (AbstractContainerReportHandler.java:updateContainerState(145)) - Container #1 is in OPEN state, but the datanode 6a83fe04-c8c3-48c1-8861-8f81e89cd03c{ip: 192.168.69.90, host: pr-revert-24-hdds-2181-89r8m-3343634851, networkLocation: /default-rack, certSerialId: null} reports an CLOSED replica.
2019-10-15 21:53:45,813 [EventQueue-ContainerReportForContainerReportHandler] WARN  container.ContainerReportHandler (AbstractContainerReportHandler.java:updateContainerState(145)) - Container #1 is in OPEN state, but the datanode 0a72d9f0-d385-4350-a485-113e43f7c69c{ip: 192.168.69.90, host: pr-revert-24-hdds-2181-89r8m-3343634851, networkLocation: /default-rack, certSerialId: null} reports an CLOSED replica.
2019-10-15 21:53:46,085 [EventQueue-ContainerReportForContainerReportHandler] WARN  container.ContainerReportHandler (AbstractContainerReportHandler.java:updateContainerState(145)) - Container #1 is in OPEN state, but the datanode 6a83fe04-c8c3-48c1-8861-8f81e89cd03c{ip: 192.168.69.90, host: pr-revert-24-hdds-2181-89r8m-3343634851, networkLocation: /default-rack, certSerialId: null} reports an CLOSED replica.
2019-10-15 21:53:46,099 [BlockDeletingService#2] WARN  background.BlockDeletingService (BlockDeletingService.java:isDeletionAllowed(187)) - Close Container log Index 6 is not replicated across allthe servers in the pipeline 4353dad5-98e9-4a09-96de-f62649f7af7f as the min replicated index is 4. Deletion is not allowed in this container yet.
2019-10-15 21:53:46,107 [BlockDeletingService#2] WARN  background.BlockDeletingService (BlockDeletingService.java:isDeletionAllowed(187)) - Close Container log Index 6 is not replicated across allthe servers in the pipeline 4353dad5-98e9-4a09-96de-f62649f7af7f as the min replicated index is 4. Deletion is not allowed in this container yet.
2019-10-15 21:53:46,113 [EventQueue-ContainerReportForContainerReportHandler] WARN  container.ContainerReportHandler (AbstractContainerReportHandler.java:updateContainerState(145)) - Container #1 is in OPEN state, but the datanode 0a72d9f0-d385-4350-a485-113e43f7c69c{ip: 192.168.69.90, host: pr-revert-24-hdds-2181-89r8m-3343634851, networkLocation: /default-rack, certSerialId: null} reports an CLOSED replica.
2019-10-15 21:53:46,384 [EventQueue-ContainerReportForContainerReportHandler] WARN  container.ContainerReportHandler (AbstractContainerReportHandler.java:updateContainerState(145)) - Container #1 is in OPEN state, but the datanode 6a83fe04-c8c3-48c1-8861-8f81e89cd03c{ip: 192.168.69.90, host: pr-revert-24-hdds-2181-89r8m-3343634851, networkLocation: /default-rack, certSerialId: null} reports an CLOSED replica.
2019-10-15 21:53:46,414 [EventQueue-ContainerReportForContainerReportHandler] WARN  container.ContainerReportHandler (AbstractContainerReportHandler.java:updateContainerState(145)) - Container #1 is in OPEN state, but the datanode 0a72d9f0-d385-4350-a485-113e43f7c69c{ip: 192.168.69.90, host: pr-revert-24-hdds-2181-89r8m-3343634851, networkLocation: /default-rack, certSerialId: null} reports an CLOSED replica.
2019-10-15 21:53:46,490 [java.util.concurrent.ThreadPoolExecutor$Worker@1e69e541[State = -1, empty queue]] WARN  server.GrpcLogAppender (GrpcLogAppender.java:timeoutAppendRequest(209)) - 6a83fe04-c8c3-48c1-8861-8f81e89cd03c@group-F62649F7AF7F->04d05b50-beb8-4841-9ce1-2061f7b42c80-GrpcLogAppender: appendEntries Timeout, request=6a83fe04-c8c3-48c1-8861-8f81e89cd03c->04d05b50-beb8-4841-9ce1-2061f7b42c80#30-t2, previous=(t:2, i:10), leaderCommit=10, initializing? false, entries: <empty>
2019-10-15 21:53:46,584 [EventQueue-ContainerReportForContainerReportHandler] WARN  container.ContainerReportHandler (AbstractContainerReportHandler.java:updateContainerState(145)) - Container #1 is in OPEN state, but the datanode 6a83fe04-c8c3-48c1-8861-8f81e89cd03c{ip: 192.168.69.90, host: pr-revert-24-hdds-2181-89r8m-3343634851, networkLocation: /default-rack, certSerialId: null} reports an CLOSED replica.
2019-10-15 21:53:46,714 [EventQueue-ContainerReportForContainerReportHandler] WARN  container.ContainerReportHandler (AbstractContainerReportHandler.java:updateContainerState(145)) - Container #1 is in OPEN state, but the datanode 0a72d9f0-d385-4350-a485-113e43f7c69c{ip: 192.168.69.90, host: pr-revert-24-hdds-2181-89r8m-3343634851, networkLocation: /default-rack, certSerialId: null} reports an CLOSED replica.
2019-10-15 21:53:46,884 [EventQueue-ContainerReportForContainerReportHandler] WARN  container.ContainerReportHandler (AbstractContainerReportHandler.java:updateContainerState(145)) - Container #1 is in OPEN state, but the datanode 6a83fe04-c8c3-48c1-8861-8f81e89cd03c{ip: 192.168.69.90, host: pr-revert-24-hdds-2181-89r8m-3343634851, networkLocation: /default-rack, certSerialId: null} reports an CLOSED replica.
2019-10-15 21:53:46,914 [EventQueue-ContainerReportForContainerReportHandler] WARN  container.ContainerReportHandler (AbstractContainerReportHandler.java:updateContainerState(145)) - Container #1 is in OPEN state, but the datanode 0a72d9f0-d385-4350-a485-113e43f7c69c{ip: 192.168.69.90, host: pr-revert-24-hdds-2181-89r8m-3343634851, networkLocation: /default-rack, certSerialId: null} reports an CLOSED replica.
2019-10-15 21:53:47,084 [EventQueue-ContainerReportForContainerReportHandler] WARN  container.ContainerReportHandler (AbstractContainerReportHandler.java:updateContainerState(145)) - Container #1 is in OPEN state, but the datanode 6a83fe04-c8c3-48c1-8861-8f81e89cd03c{ip: 192.168.69.90, host: pr-revert-24-hdds-2181-89r8m-3343634851, networkLocation: /default-rack, certSerialId: null} reports an CLOSED replica.
2019-10-15 21:53:47,101 [BlockDeletingService#2] WARN  background.BlockDeletingService (BlockDeletingService.java:isDeletionAllowed(187)) - Close Container log Index 6 is not replicated across allthe servers in the pipeline 4353dad5-98e9-4a09-96de-f62649f7af7f as the min replicated index is 4. Deletion is not allowed in this container yet.
2019-10-15 21:53:47,108 [BlockDeletingService#2] WARN  background.BlockDeletingService (BlockDeletingService.java:isDeletionAllowed(187)) - Close Container log Index 6 is not replicated across allthe servers in the pipeline 4353dad5-98e9-4a09-96de-f62649f7af7f as the min replicated index is 4. Deletion is not allowed in this container yet.
2019-10-15 21:53:47,215 [EventQueue-ContainerReportForContainerReportHandler] WARN  container.ContainerReportHandler (AbstractContainerReportHandler.java:updateContainerState(145)) - Container #1 is in OPEN state, but the datanode 0a72d9f0-d385-4350-a485-113e43f7c69c{ip: 192.168.69.90, host: pr-revert-24-hdds-2181-89r8m-3343634851, networkLocation: /default-rack, certSerialId: null} reports an CLOSED replica.
2019-10-15 21:53:47,284 [EventQueue-ContainerReportForContainerReportHandler] WARN  container.ContainerReportHandler (AbstractContainerReportHandler.java:updateContainerState(145)) - Container #1 is in OPEN state, but the datanode 6a83fe04-c8c3-48c1-8861-8f81e89cd03c{ip: 192.168.69.90, host: pr-revert-24-hdds-2181-89r8m-3343634851, networkLocation: /default-rack, certSerialId: null} reports an CLOSED replica.
2019-10-15 21:53:47,485 [EventQueue-ContainerReportForContainerReportHandler] WARN  container.ContainerReportHandler (AbstractContainerReportHandler.java:updateContainerState(145)) - Container #1 is in OPEN state, but the datanode 6a83fe04-c8c3-48c1-8861-8f81e89cd03c{ip: 192.168.69.90, host: pr-revert-24-hdds-2181-89r8m-3343634851, networkLocation: /default-rack, certSerialId: null} reports an CLOSED replica.
2019-10-15 21:53:47,515 [EventQueue-ContainerReportForContainerReportHandler] WARN  container.ContainerReportHandler (AbstractContainerReportHandler.java:updateContainerState(145)) - Container #1 is in OPEN state, but the datanode 0a72d9f0-d385-4350-a485-113e43f7c69c{ip: 192.168.69.90, host: pr-revert-24-hdds-2181-89r8m-3343634851, networkLocation: /default-rack, certSerialId: null} reports an CLOSED replica.
2019-10-15 21:53:47,784 [EventQueue-ContainerReportForContainerReportHandler] WARN  container.ContainerReportHandler (AbstractContainerReportHandler.java:updateContainerState(145)) - Container #1 is in OPEN state, but the datanode 6a83fe04-c8c3-48c1-8861-8f81e89cd03c{ip: 192.168.69.90, host: pr-revert-24-hdds-2181-89r8m-3343634851, networkLocation: /default-rack, certSerialId: null} reports an CLOSED replica.
2019-10-15 21:53:47,915 [EventQueue-ContainerReportForContainerReportHandler] WARN  container.ContainerReportHandler (AbstractContainerReportHandler.java:updateContainerState(145)) - Container #1 is in OPEN state, but the datanode 0a72d9f0-d385-4350-a485-113e43f7c69c{ip: 192.168.69.90, host: pr-revert-24-hdds-2181-89r8m-3343634851, networkLocation: /default-rack, certSerialId: null} reports an CLOSED replica.
2019-10-15 21:53:48,085 [EventQueue-ContainerReportForContainerReportHandler] WARN  container.ContainerReportHandler (AbstractContainerReportHandler.java:updateContainerState(145)) - Container #1 is in OPEN state, but the datanode 6a83fe04-c8c3-48c1-8861-8f81e89cd03c{ip: 192.168.69.90, host: pr-revert-24-hdds-2181-89r8m-3343634851, networkLocation: /default-rack, certSerialId: null} reports an CLOSED replica.
2019-10-15 21:53:48,102 [BlockDeletingService#2] WARN  background.BlockDeletingService (BlockDeletingService.java:isDeletionAllowed(187)) - Close Container log Index 6 is not replicated across allthe servers in the pipeline 4353dad5-98e9-4a09-96de-f62649f7af7f as the min replicated index is 4. Deletion is not allowed in this container yet.
2019-10-15 21:53:48,110 [BlockDeletingService#2] WARN  background.BlockDeletingService (BlockDeletingService.java:isDeletionAllowed(187)) - Close Container log Index 6 is not replicated across allthe servers in the pipeline 4353dad5-98e9-4a09-96de-f62649f7af7f as the min replicated index is 4. Deletion is not allowed in this container yet.
2019-10-15 21:53:48,216 [EventQueue-ContainerReportForContainerReportHandler] WARN  container.ContainerReportHandler (AbstractContainerReportHandler.java:updateContainerState(145)) - Container #1 is in OPEN state, but the datanode 0a72d9f0-d385-4350-a485-113e43f7c69c{ip: 192.168.69.90, host: pr-revert-24-hdds-2181-89r8m-3343634851, networkLocation: /default-rack, certSerialId: null} reports an CLOSED replica.
2019-10-15 21:53:48,384 [EventQueue-ContainerReportForContainerReportHandler] WARN  container.ContainerReportHandler (AbstractContainerReportHandler.java:updateContainerState(145)) - Container #1 is in OPEN state, but the datanode 6a83fe04-c8c3-48c1-8861-8f81e89cd03c{ip: 192.168.69.90, host: pr-revert-24-hdds-2181-89r8m-3343634851, networkLocation: /default-rack, certSerialId: null} reports an CLOSED replica.
2019-10-15 21:53:48,616 [EventQueue-ContainerReportForContainerReportHandler] WARN  container.ContainerReportHandler (AbstractContainerReportHandler.java:updateContainerState(145)) - Container #1 is in OPEN state, but the datanode 0a72d9f0-d385-4350-a485-113e43f7c69c{ip: 192.168.69.90, host: pr-revert-24-hdds-2181-89r8m-3343634851, networkLocation: /default-rack, certSerialId: null} reports an CLOSED replica.
2019-10-15 21:53:48,784 [EventQueue-ContainerReportForContainerReportHandler] WARN  container.ContainerReportHandler (AbstractContainerReportHandler.java:updateContainerState(145)) - Container #1 is in OPEN state, but the datanode 6a83fe04-c8c3-48c1-8861-8f81e89cd03c{ip: 192.168.69.90, host: pr-revert-24-hdds-2181-89r8m-3343634851, networkLocation: /default-rack, certSerialId: null} reports an CLOSED replica.
2019-10-15 21:53:48,820 [EventQueue-ContainerReportForContainerReportHandler] WARN  container.ContainerReportHandler (AbstractContainerReportHandler.java:updateContainerState(145)) - Container #1 is in OPEN state, but the datanode 0a72d9f0-d385-4350-a485-113e43f7c69c{ip: 192.168.69.90, host: pr-revert-24-hdds-2181-89r8m-3343634851, networkLocation: /default-rack, certSerialId: null} reports an CLOSED replica.
2019-10-15 21:53:48,985 [EventQueue-ContainerReportForContainerReportHandler] WARN  container.ContainerReportHandler (AbstractContainerReportHandler.java:updateContainerState(145)) - Container #1 is in OPEN state, but the datanode 6a83fe04-c8c3-48c1-8861-8f81e89cd03c{ip: 192.168.69.90, host: pr-revert-24-hdds-2181-89r8m-3343634851, networkLocation: /default-rack, certSerialId: null} reports an CLOSED replica.
2019-10-15 21:53:48,992 [java.util.concurrent.ThreadPoolExecutor$Worker@1e69e541[State = -1, empty queue]] WARN  server.GrpcLogAppender (GrpcLogAppender.java:timeoutAppendRequest(209)) - 6a83fe04-c8c3-48c1-8861-8f81e89cd03c@group-F62649F7AF7F->04d05b50-beb8-4841-9ce1-2061f7b42c80-GrpcLogAppender: appendEntries Timeout, request=6a83fe04-c8c3-48c1-8861-8f81e89cd03c->04d05b50-beb8-4841-9ce1-2061f7b42c80#31-t2, previous=(t:2, i:10), leaderCommit=10, initializing? false, entries: <empty>
2019-10-15 21:53:49,103 [BlockDeletingService#2] WARN  background.BlockDeletingService (BlockDeletingService.java:isDeletionAllowed(187)) - Close Container log Index 6 is not replicated across allthe servers in the pipeline 4353dad5-98e9-4a09-96de-f62649f7af7f as the min replicated index is 4. Deletion is not allowed in this container yet.
2019-10-15 21:53:49,111 [BlockDeletingService#2] WARN  background.BlockDeletingService (BlockDeletingService.java:isDeletionAllowed(187)) - Close Container log Index 6 is not replicated across allthe servers in the pipeline 4353dad5-98e9-4a09-96de-f62649f7af7f as the min replicated index is 4. Deletion is not allowed in this container yet.
2019-10-15 21:53:49,186 [EventQueue-ContainerReportForContainerReportHandler] WARN  container.ContainerReportHandler (AbstractContainerReportHandler.java:updateContainerState(145)) - Container #1 is in OPEN state, but the datanode 6a83fe04-c8c3-48c1-8861-8f81e89cd03c{ip: 192.168.69.90, host: pr-revert-24-hdds-2181-89r8m-3343634851, networkLocation: /default-rack, certSerialId: null} reports an CLOSED replica.
2019-10-15 21:53:49,217 [EventQueue-ContainerReportForContainerReportHandler] WARN  container.ContainerReportHandler (AbstractContainerReportHandler.java:updateContainerState(145)) - Container #1 is in OPEN state, but the datanode 0a72d9f0-d385-4350-a485-113e43f7c69c{ip: 192.168.69.90, host: pr-revert-24-hdds-2181-89r8m-3343634851, networkLocation: /default-rack, certSerialId: null} reports an CLOSED replica.
2019-10-15 21:53:49,417 [EventQueue-ContainerReportForContainerReportHandler] WARN  container.ContainerReportHandler (AbstractContainerReportHandler.java:updateContainerState(145)) - Container #1 is in OPEN state, but the datanode 0a72d9f0-d385-4350-a485-113e43f7c69c{ip: 192.168.69.90, host: pr-revert-24-hdds-2181-89r8m-3343634851, networkLocation: /default-rack, certSerialId: null} reports an CLOSED replica.
2019-10-15 21:53:49,586 [EventQueue-ContainerReportForContainerReportHandler] WARN  container.ContainerReportHandler (AbstractContainerReportHandler.java:updateContainerState(145)) - Container #1 is in OPEN state, but the datanode 6a83fe04-c8c3-48c1-8861-8f81e89cd03c{ip: 192.168.69.90, host: pr-revert-24-hdds-2181-89r8m-3343634851, networkLocation: /default-rack, certSerialId: null} reports an CLOSED replica.
2019-10-15 21:53:49,617 [EventQueue-ContainerReportForContainerReportHandler] WARN  container.ContainerReportHandler (AbstractContainerReportHandler.java:updateContainerState(145)) - Container #1 is in OPEN state, but the datanode 0a72d9f0-d385-4350-a485-113e43f7c69c{ip: 192.168.69.90, host: pr-revert-24-hdds-2181-89r8m-3343634851, networkLocation: /default-rack, certSerialId: null} reports an CLOSED replica.
2019-10-15 21:53:49,884 [Thread-378] INFO  client.GrpcClientProtocolService (GrpcClientProtocolService.java:lambda$processClientRequest$0(278)) - Failed RaftClientRequest:client-92BC3EC04FB4->6a83fe04-c8c3-48c1-8861-8f81e89cd03c@group-F62649F7AF7F, cid=10, seq=0, Watch-ALL_COMMITTED(6), Message:<EMPTY>, reply=RaftClientReply:client-92BC3EC04FB4->6a83fe04-c8c3-48c1-8861-8f81e89cd03c@group-F62649F7AF7F, cid=10, FAILED org.apache.ratis.protocol.NotReplicatedException: Request with call Id 10 and log index 6 is not yet replicated to ALL_COMMITTED, logIndex=6, commits[6a83fe04-c8c3-48c1-8861-8f81e89cd03c:c10, 04d05b50-beb8-4841-9ce1-2061f7b42c80:c4, 0a72d9f0-d385-4350-a485-113e43f7c69c:c10]
2019-10-15 21:53:49,894 [EventQueue-ContainerReportForContainerReportHandler] WARN  container.ContainerReportHandler (AbstractContainerReportHandler.java:updateContainerState(145)) - Container #1 is in OPEN state, but the datanode 6a83fe04-c8c3-48c1-8861-8f81e89cd03c{ip: 192.168.69.90, host: pr-revert-24-hdds-2181-89r8m-3343634851, networkLocation: /default-rack, certSerialId: null} reports an CLOSED replica.
2019-10-15 21:53:49,917 [EventQueue-ContainerReportForContainerReportHandler] WARN  container.ContainerReportHandler (AbstractContainerReportHandler.java:updateContainerState(145)) - Container #1 is in OPEN state, but the datanode 0a72d9f0-d385-4350-a485-113e43f7c69c{ip: 192.168.69.90, host: pr-revert-24-hdds-2181-89r8m-3343634851, networkLocation: /default-rack, certSerialId: null} reports an CLOSED replica.
2019-10-15 21:53:50,105 [BlockDeletingService#2] WARN  background.BlockDeletingService (BlockDeletingService.java:isDeletionAllowed(187)) - Close Container log Index 6 is not replicated across allthe servers in the pipeline 4353dad5-98e9-4a09-96de-f62649f7af7f as the min replicated index is 4. Deletion is not allowed in this container yet.
2019-10-15 21:53:50,112 [BlockDeletingService#2] WARN  background.BlockDeletingService (BlockDeletingService.java:isDeletionAllowed(187)) - Close Container log Index 6 is not replicated across allthe servers in the pipeline 4353dad5-98e9-4a09-96de-f62649f7af7f as the min replicated index is 4. Deletion is not allowed in this container yet.
2019-10-15 21:53:50,117 [EventQueue-ContainerReportForContainerReportHandler] WARN  container.ContainerReportHandler (AbstractContainerReportHandler.java:updateContainerState(145)) - Container #1 is in OPEN state, but the datanode 0a72d9f0-d385-4350-a485-113e43f7c69c{ip: 192.168.69.90, host: pr-revert-24-hdds-2181-89r8m-3343634851, networkLocation: /default-rack, certSerialId: null} reports an CLOSED replica.
2019-10-15 21:53:50,194 [EventQueue-ContainerReportForContainerReportHandler] WARN  container.ContainerReportHandler (AbstractContainerReportHandler.java:updateContainerState(145)) - Container #1 is in OPEN state, but the datanode 6a83fe04-c8c3-48c1-8861-8f81e89cd03c{ip: 192.168.69.90, host: pr-revert-24-hdds-2181-89r8m-3343634851, networkLocation: /default-rack, certSerialId: null} reports an CLOSED replica.
2019-10-15 21:53:50,494 [EventQueue-ContainerReportForContainerReportHandler] WARN  container.ContainerReportHandler (AbstractContainerReportHandler.java:updateContainerState(145)) - Container #1 is in OPEN state, but the datanode 6a83fe04-c8c3-48c1-8861-8f81e89cd03c{ip: 192.168.69.90, host: pr-revert-24-hdds-2181-89r8m-3343634851, networkLocation: /default-rack, certSerialId: null} reports an CLOSED replica.
2019-10-15 21:53:50,517 [EventQueue-ContainerReportForContainerReportHandler] WARN  container.ContainerReportHandler (AbstractContainerReportHandler.java:updateContainerState(145)) - Container #1 is in OPEN state, but the datanode 0a72d9f0-d385-4350-a485-113e43f7c69c{ip: 192.168.69.90, host: pr-revert-24-hdds-2181-89r8m-3343634851, networkLocation: /default-rack, certSerialId: null} reports an CLOSED replica.
2019-10-15 21:53:50,695 [EventQueue-ContainerReportForContainerReportHandler] WARN  container.ContainerReportHandler (AbstractContainerReportHandler.java:updateContainerState(145)) - Container #1 is in OPEN state, but the datanode 6a83fe04-c8c3-48c1-8861-8f81e89cd03c{ip: 192.168.69.90, host: pr-revert-24-hdds-2181-89r8m-3343634851, networkLocation: /default-rack, certSerialId: null} reports an CLOSED replica.
2019-10-15 21:53:50,817 [EventQueue-ContainerReportForContainerReportHandler] WARN  container.ContainerReportHandler (AbstractContainerReportHandler.java:updateContainerState(145)) - Container #1 is in OPEN state, but the datanode 0a72d9f0-d385-4350-a485-113e43f7c69c{ip: 192.168.69.90, host: pr-revert-24-hdds-2181-89r8m-3343634851, networkLocation: /default-rack, certSerialId: null} reports an CLOSED replica.
2019-10-15 21:53:50,995 [EventQueue-ContainerReportForContainerReportHandler] WARN  container.ContainerReportHandler (AbstractContainerReportHandler.java:updateContainerState(145)) - Container #1 is in OPEN state, but the datanode 6a83fe04-c8c3-48c1-8861-8f81e89cd03c{ip: 192.168.69.90, host: pr-revert-24-hdds-2181-89r8m-3343634851, networkLocation: /default-rack, certSerialId: null} reports an CLOSED replica.
2019-10-15 21:53:51,108 [BlockDeletingService#2] WARN  background.BlockDeletingService (BlockDeletingService.java:isDeletionAllowed(187)) - Close Container log Index 6 is not replicated across allthe servers in the pipeline 4353dad5-98e9-4a09-96de-f62649f7af7f as the min replicated index is 4. Deletion is not allowed in this container yet.
2019-10-15 21:53:51,113 [BlockDeletingService#2] WARN  background.BlockDeletingService (BlockDeletingService.java:isDeletionAllowed(187)) - Close Container log Index 6 is not replicated across allthe servers in the pipeline 4353dad5-98e9-4a09-96de-f62649f7af7f as the min replicated index is 4. Deletion is not allowed in this container yet.
2019-10-15 21:53:51,217 [EventQueue-ContainerReportForContainerReportHandler] WARN  container.ContainerReportHandler (AbstractContainerReportHandler.java:updateContainerState(145)) - Container #1 is in OPEN state, but the datanode 0a72d9f0-d385-4350-a485-113e43f7c69c{ip: 192.168.69.90, host: pr-revert-24-hdds-2181-89r8m-3343634851, networkLocation: /default-rack, certSerialId: null} reports an CLOSED replica.
2019-10-15 21:53:51,296 [EventQueue-ContainerReportForContainerReportHandler] WARN  container.ContainerReportHandler (AbstractContainerReportHandler.java:updateContainerState(145)) - Container #1 is in OPEN state, but the datanode 6a83fe04-c8c3-48c1-8861-8f81e89cd03c{ip: 192.168.69.90, host: pr-revert-24-hdds-2181-89r8m-3343634851, networkLocation: /default-rack, certSerialId: null} reports an CLOSED replica.
2019-10-15 21:53:51,417 [EventQueue-ContainerReportForContainerReportHandler] WARN  container.ContainerReportHandler (AbstractContainerReportHandler.java:updateContainerState(145)) - Container #1 is in OPEN state, but the datanode 0a72d9f0-d385-4350-a485-113e43f7c69c{ip: 192.168.69.90, host: pr-revert-24-hdds-2181-89r8m-3343634851, networkLocation: /default-rack, certSerialId: null} reports an CLOSED replica.
2019-10-15 21:53:51,492 [java.util.concurrent.ThreadPoolExecutor$Worker@1e69e541[State = -1, empty queue]] WARN  server.GrpcLogAppender (GrpcLogAppender.java:timeoutAppendRequest(209)) - 6a83fe04-c8c3-48c1-8861-8f81e89cd03c@group-F62649F7AF7F->04d05b50-beb8-4841-9ce1-2061f7b42c80-GrpcLogAppender: appendEntries Timeout, request=6a83fe04-c8c3-48c1-8861-8f81e89cd03c->04d05b50-beb8-4841-9ce1-2061f7b42c80#32-t2, previous=(t:2, i:10), leaderCommit=10, initializing? false, entries: <empty>
2019-10-15 21:53:51,497 [EventQueue-ContainerReportForContainerReportHandler] WARN  container.ContainerReportHandler (AbstractContainerReportHandler.java:updateContainerState(145)) - Container #1 is in OPEN state, but the datanode 6a83fe04-c8c3-48c1-8861-8f81e89cd03c{ip: 192.168.69.90, host: pr-revert-24-hdds-2181-89r8m-3343634851, networkLocation: /default-rack, certSerialId: null} reports an CLOSED replica.
2019-10-15 21:53:51,797 [EventQueue-ContainerReportForContainerReportHandler] WARN  container.ContainerReportHandler (AbstractContainerReportHandler.java:updateContainerState(145)) - Container #1 is in OPEN state, but the datanode 6a83fe04-c8c3-48c1-8861-8f81e89cd03c{ip: 192.168.69.90, host: pr-revert-24-hdds-2181-89r8m-3343634851, networkLocation: /default-rack, certSerialId: null} reports an CLOSED replica.
2019-10-15 21:53:51,817 [EventQueue-ContainerReportForContainerReportHandler] WARN  container.ContainerReportHandler (AbstractContainerReportHandler.java:updateContainerState(145)) - Container #1 is in OPEN state, but the datanode 0a72d9f0-d385-4350-a485-113e43f7c69c{ip: 192.168.69.90, host: pr-revert-24-hdds-2181-89r8m-3343634851, networkLocation: /default-rack, certSerialId: null} reports an CLOSED replica.
2019-10-15 21:53:51,997 [EventQueue-ContainerReportForContainerReportHandler] WARN  container.ContainerReportHandler (AbstractContainerReportHandler.java:updateContainerState(145)) - Container #1 is in OPEN state, but the datanode 6a83fe04-c8c3-48c1-8861-8f81e89cd03c{ip: 192.168.69.90, host: pr-revert-24-hdds-2181-89r8m-3343634851, networkLocation: /default-rack, certSerialId: null} reports an CLOSED replica.
2019-10-15 21:53:52,109 [BlockDeletingService#2] WARN  background.BlockDeletingService (BlockDeletingService.java:isDeletionAllowed(187)) - Close Container log Index 6 is not replicated across allthe servers in the pipeline 4353dad5-98e9-4a09-96de-f62649f7af7f as the min replicated index is 4. Deletion is not allowed in this container yet.
2019-10-15 21:53:52,114 [BlockDeletingService#2] WARN  background.BlockDeletingService (BlockDeletingService.java:isDeletionAllowed(187)) - Close Container log Index 6 is not replicated across allthe servers in the pipeline 4353dad5-98e9-4a09-96de-f62649f7af7f as the min replicated index is 4. Deletion is not allowed in this container yet.
2019-10-15 21:53:52,117 [EventQueue-ContainerReportForContainerReportHandler] WARN  container.ContainerReportHandler (AbstractContainerReportHandler.java:updateContainerState(145)) - Container #1 is in OPEN state, but the datanode 0a72d9f0-d385-4350-a485-113e43f7c69c{ip: 192.168.69.90, host: pr-revert-24-hdds-2181-89r8m-3343634851, networkLocation: /default-rack, certSerialId: null} reports an CLOSED replica.
2019-10-15 21:53:52,198 [EventQueue-ContainerReportForContainerReportHandler] WARN  container.ContainerReportHandler (AbstractContainerReportHandler.java:updateContainerState(145)) - Container #1 is in OPEN state, but the datanode 6a83fe04-c8c3-48c1-8861-8f81e89cd03c{ip: 192.168.69.90, host: pr-revert-24-hdds-2181-89r8m-3343634851, networkLocation: /default-rack, certSerialId: null} reports an CLOSED replica.
2019-10-15 21:53:52,418 [EventQueue-ContainerReportForContainerReportHandler] WARN  container.ContainerReportHandler (AbstractContainerReportHandler.java:updateContainerState(145)) - Container #1 is in OPEN state, but the datanode 0a72d9f0-d385-4350-a485-113e43f7c69c{ip: 192.168.69.90, host: pr-revert-24-hdds-2181-89r8m-3343634851, networkLocation: /default-rack, certSerialId: null} reports an CLOSED replica.
2019-10-15 21:53:52,598 [EventQueue-ContainerReportForContainerReportHandler] WARN  container.ContainerReportHandler (AbstractContainerReportHandler.java:updateContainerState(145)) - Container #1 is in OPEN state, but the datanode 6a83fe04-c8c3-48c1-8861-8f81e89cd03c{ip: 192.168.69.90, host: pr-revert-24-hdds-2181-89r8m-3343634851, networkLocation: /default-rack, certSerialId: null} reports an CLOSED replica.
2019-10-15 21:53:52,617 [EventQueue-ContainerReportForContainerReportHandler] WARN  container.ContainerReportHandler (AbstractContainerReportHandler.java:updateContainerState(145)) - Container #1 is in OPEN state, but the datanode 0a72d9f0-d385-4350-a485-113e43f7c69c{ip: 192.168.69.90, host: pr-revert-24-hdds-2181-89r8m-3343634851, networkLocation: /default-rack, certSerialId: null} reports an CLOSED replica.
2019-10-15 21:53:52,817 [EventQueue-ContainerReportForContainerReportHandler] WARN  container.ContainerReportHandler (AbstractContainerReportHandler.java:updateContainerState(145)) - Container #1 is in OPEN state, but the datanode 0a72d9f0-d385-4350-a485-113e43f7c69c{ip: 192.168.69.90, host: pr-revert-24-hdds-2181-89r8m-3343634851, networkLocation: /default-rack, certSerialId: null} reports an CLOSED replica.
2019-10-15 21:53:52,999 [EventQueue-ContainerReportForContainerReportHandler] WARN  container.ContainerReportHandler (AbstractContainerReportHandler.java:updateContainerState(145)) - Container #1 is in OPEN state, but the datanode 6a83fe04-c8c3-48c1-8861-8f81e89cd03c{ip: 192.168.69.90, host: pr-revert-24-hdds-2181-89r8m-3343634851, networkLocation: /default-rack, certSerialId: null} reports an CLOSED replica.
2019-10-15 21:53:53,111 [BlockDeletingService#2] WARN  background.BlockDeletingService (BlockDeletingService.java:isDeletionAllowed(187)) - Close Container log Index 6 is not replicated across allthe servers in the pipeline 4353dad5-98e9-4a09-96de-f62649f7af7f as the min replicated index is 4. Deletion is not allowed in this container yet.
2019-10-15 21:53:53,116 [BlockDeletingService#2] WARN  background.BlockDeletingService (BlockDeletingService.java:isDeletionAllowed(187)) - Close Container log Index 6 is not replicated across allthe servers in the pipeline 4353dad5-98e9-4a09-96de-f62649f7af7f as the min replicated index is 4. Deletion is not allowed in this container yet.
2019-10-15 21:53:53,118 [EventQueue-ContainerReportForContainerReportHandler] WARN  container.ContainerReportHandler (AbstractContainerReportHandler.java:updateContainerState(145)) - Container #1 is in OPEN state, but the datanode 0a72d9f0-d385-4350-a485-113e43f7c69c{ip: 192.168.69.90, host: pr-revert-24-hdds-2181-89r8m-3343634851, networkLocation: /default-rack, certSerialId: null} reports an CLOSED replica.
2019-10-15 21:53:53,299 [EventQueue-ContainerReportForContainerReportHandler] WARN  container.ContainerReportHandler (AbstractContainerReportHandler.java:updateContainerState(145)) - Container #1 is in OPEN state, but the datanode 6a83fe04-c8c3-48c1-8861-8f81e89cd03c{ip: 192.168.69.90, host: pr-revert-24-hdds-2181-89r8m-3343634851, networkLocation: /default-rack, certSerialId: null} reports an CLOSED replica.
2019-10-15 21:53:53,499 [EventQueue-ContainerReportForContainerReportHandler] WARN  container.ContainerReportHandler (AbstractContainerReportHandler.java:updateContainerState(145)) - Container #1 is in OPEN state, but the datanode 6a83fe04-c8c3-48c1-8861-8f81e89cd03c{ip: 192.168.69.90, host: pr-revert-24-hdds-2181-89r8m-3343634851, networkLocation: /default-rack, certSerialId: null} reports an CLOSED replica.
2019-10-15 21:53:53,517 [EventQueue-ContainerReportForContainerReportHandler] WARN  container.ContainerReportHandler (AbstractContainerReportHandler.java:updateContainerState(145)) - Container #1 is in OPEN state, but the datanode 0a72d9f0-d385-4350-a485-113e43f7c69c{ip: 192.168.69.90, host: pr-revert-24-hdds-2181-89r8m-3343634851, networkLocation: /default-rack, certSerialId: null} reports an CLOSED replica.
2019-10-15 21:53:53,799 [EventQueue-ContainerReportForContainerReportHandler] WARN  container.ContainerReportHandler (AbstractContainerReportHandler.java:updateContainerState(145)) - Container #1 is in OPEN state, but the datanode 6a83fe04-c8c3-48c1-8861-8f81e89cd03c{ip: 192.168.69.90, host: pr-revert-24-hdds-2181-89r8m-3343634851, networkLocation: /default-rack, certSerialId: null} reports an CLOSED replica.
2019-10-15 21:53:53,817 [EventQueue-ContainerReportForContainerReportHandler] WARN  container.ContainerReportHandler (AbstractContainerReportHandler.java:updateContainerState(145)) - Container #1 is in OPEN state, but the datanode 0a72d9f0-d385-4350-a485-113e43f7c69c{ip: 192.168.69.90, host: pr-revert-24-hdds-2181-89r8m-3343634851, networkLocation: /default-rack, certSerialId: null} reports an CLOSED replica.
2019-10-15 21:53:53,993 [java.util.concurrent.ThreadPoolExecutor$Worker@1e69e541[State = -1, empty queue]] WARN  server.GrpcLogAppender (GrpcLogAppender.java:timeoutAppendRequest(209)) - 6a83fe04-c8c3-48c1-8861-8f81e89cd03c@group-F62649F7AF7F->04d05b50-beb8-4841-9ce1-2061f7b42c80-GrpcLogAppender: appendEntries Timeout, request=6a83fe04-c8c3-48c1-8861-8f81e89cd03c->04d05b50-beb8-4841-9ce1-2061f7b42c80#33-t2, previous=(t:2, i:10), leaderCommit=10, initializing? false, entries: <empty>
2019-10-15 21:53:54,099 [EventQueue-ContainerReportForContainerReportHandler] WARN  container.ContainerReportHandler (AbstractContainerReportHandler.java:updateContainerState(145)) - Container #1 is in OPEN state, but the datanode 6a83fe04-c8c3-48c1-8861-8f81e89cd03c{ip: 192.168.69.90, host: pr-revert-24-hdds-2181-89r8m-3343634851, networkLocation: /default-rack, certSerialId: null} reports an CLOSED replica.
2019-10-15 21:53:54,113 [BlockDeletingService#2] WARN  background.BlockDeletingService (BlockDeletingService.java:isDeletionAllowed(187)) - Close Container log Index 6 is not replicated across allthe servers in the pipeline 4353dad5-98e9-4a09-96de-f62649f7af7f as the min replicated index is 4. Deletion is not allowed in this container yet.
2019-10-15 21:53:54,117 [BlockDeletingService#2] WARN  background.BlockDeletingService (BlockDeletingService.java:isDeletionAllowed(187)) - Close Container log Index 6 is not replicated across allthe servers in the pipeline 4353dad5-98e9-4a09-96de-f62649f7af7f as the min replicated index is 4. Deletion is not allowed in this container yet.
2019-10-15 21:53:54,118 [EventQueue-ContainerReportForContainerReportHandler] WARN  container.ContainerReportHandler (AbstractContainerReportHandler.java:updateContainerState(145)) - Container #1 is in OPEN state, but the datanode 0a72d9f0-d385-4350-a485-113e43f7c69c{ip: 192.168.69.90, host: pr-revert-24-hdds-2181-89r8m-3343634851, networkLocation: /default-rack, certSerialId: null} reports an CLOSED replica.
2019-10-15 21:53:54,399 [EventQueue-ContainerReportForContainerReportHandler] WARN  container.ContainerReportHandler (AbstractContainerReportHandler.java:updateContainerState(145)) - Container #1 is in OPEN state, but the datanode 6a83fe04-c8c3-48c1-8861-8f81e89cd03c{ip: 192.168.69.90, host: pr-revert-24-hdds-2181-89r8m-3343634851, networkLocation: /default-rack, certSerialId: null} reports an CLOSED replica.
2019-10-15 21:53:54,418 [EventQueue-ContainerReportForContainerReportHandler] WARN  container.ContainerReportHandler (AbstractContainerReportHandler.java:updateContainerState(145)) - Container #1 is in OPEN state, but the datanode 0a72d9f0-d385-4350-a485-113e43f7c69c{ip: 192.168.69.90, host: pr-revert-24-hdds-2181-89r8m-3343634851, networkLocation: /default-rack, certSerialId: null} reports an CLOSED replica.
2019-10-15 21:53:54,699 [EventQueue-ContainerReportForContainerReportHandler] WARN  container.ContainerReportHandler (AbstractContainerReportHandler.java:updateContainerState(145)) - Container #1 is in OPEN state, but the datanode 6a83fe04-c8c3-48c1-8861-8f81e89cd03c{ip: 192.168.69.90, host: pr-revert-24-hdds-2181-89r8m-3343634851, networkLocation: /default-rack, certSerialId: null} reports an CLOSED replica.
2019-10-15 21:53:54,818 [EventQueue-ContainerReportForContainerReportHandler] WARN  container.ContainerReportHandler (AbstractContainerReportHandler.java:updateContainerState(145)) - Container #1 is in OPEN state, but the datanode 0a72d9f0-d385-4350-a485-113e43f7c69c{ip: 192.168.69.90, host: pr-revert-24-hdds-2181-89r8m-3343634851, networkLocation: /default-rack, certSerialId: null} reports an CLOSED replica.
2019-10-15 21:53:54,899 [EventQueue-ContainerReportForContainerReportHandler] WARN  container.ContainerReportHandler (AbstractContainerReportHandler.java:updateContainerState(145)) - Container #1 is in OPEN state, but the datanode 6a83fe04-c8c3-48c1-8861-8f81e89cd03c{ip: 192.168.69.90, host: pr-revert-24-hdds-2181-89r8m-3343634851, networkLocation: /default-rack, certSerialId: null} reports an CLOSED replica.
2019-10-15 21:53:55,115 [BlockDeletingService#2] WARN  background.BlockDeletingService (BlockDeletingService.java:isDeletionAllowed(187)) - Close Container log Index 6 is not replicated across allthe servers in the pipeline 4353dad5-98e9-4a09-96de-f62649f7af7f as the min replicated index is 4. Deletion is not allowed in this container yet.
2019-10-15 21:53:55,118 [BlockDeletingService#2] WARN  background.BlockDeletingService (BlockDeletingService.java:isDeletionAllowed(187)) - Close Container log Index 6 is not replicated across allthe servers in the pipeline 4353dad5-98e9-4a09-96de-f62649f7af7f as the min replicated index is 4. Deletion is not allowed in this container yet.
2019-10-15 21:53:55,199 [EventQueue-ContainerReportForContainerReportHandler] WARN  container.ContainerReportHandler (AbstractContainerReportHandler.java:updateContainerState(145)) - Container #1 is in OPEN state, but the datanode 6a83fe04-c8c3-48c1-8861-8f81e89cd03c{ip: 192.168.69.90, host: pr-revert-24-hdds-2181-89r8m-3343634851, networkLocation: /default-rack, certSerialId: null} reports an CLOSED replica.
2019-10-15 21:53:55,218 [EventQueue-ContainerReportForContainerReportHandler] WARN  container.ContainerReportHandler (AbstractContainerReportHandler.java:updateContainerState(145)) - Container #1 is in OPEN state, but the datanode 0a72d9f0-d385-4350-a485-113e43f7c69c{ip: 192.168.69.90, host: pr-revert-24-hdds-2181-89r8m-3343634851, networkLocation: /default-rack, certSerialId: null} reports an CLOSED replica.
2019-10-15 21:53:55,499 [EventQueue-ContainerReportForContainerReportHandler] WARN  container.ContainerReportHandler (AbstractContainerReportHandler.java:updateContainerState(145)) - Container #1 is in OPEN state, but the datanode 6a83fe04-c8c3-48c1-8861-8f81e89cd03c{ip: 192.168.69.90, host: pr-revert-24-hdds-2181-89r8m-3343634851, networkLocation: /default-rack, certSerialId: null} reports an CLOSED replica.
2019-10-15 21:53:55,518 [EventQueue-ContainerReportForContainerReportHandler] WARN  container.ContainerReportHandler (AbstractContainerReportHandler.java:updateContainerState(145)) - Container #1 is in OPEN state, but the datanode 0a72d9f0-d385-4350-a485-113e43f7c69c{ip: 192.168.69.90, host: pr-revert-24-hdds-2181-89r8m-3343634851, networkLocation: /default-rack, certSerialId: null} reports an CLOSED replica.
2019-10-15 21:53:55,799 [EventQueue-ContainerReportForContainerReportHandler] WARN  container.ContainerReportHandler (AbstractContainerReportHandler.java:updateContainerState(145)) - Container #1 is in OPEN state, but the datanode 6a83fe04-c8c3-48c1-8861-8f81e89cd03c{ip: 192.168.69.90, host: pr-revert-24-hdds-2181-89r8m-3343634851, networkLocation: /default-rack, certSerialId: null} reports an CLOSED replica.
2019-10-15 21:53:55,918 [EventQueue-ContainerReportForContainerReportHandler] WARN  container.ContainerReportHandler (AbstractContainerReportHandler.java:updateContainerState(145)) - Container #1 is in OPEN state, but the datanode 0a72d9f0-d385-4350-a485-113e43f7c69c{ip: 192.168.69.90, host: pr-revert-24-hdds-2181-89r8m-3343634851, networkLocation: /default-rack, certSerialId: null} reports an CLOSED replica.
2019-10-15 21:53:55,999 [EventQueue-ContainerReportForContainerReportHandler] WARN  container.ContainerReportHandler (AbstractContainerReportHandler.java:updateContainerState(145)) - Container #1 is in OPEN state, but the datanode 6a83fe04-c8c3-48c1-8861-8f81e89cd03c{ip: 192.168.69.90, host: pr-revert-24-hdds-2181-89r8m-3343634851, networkLocation: /default-rack, certSerialId: null} reports an CLOSED replica.
2019-10-15 21:53:56,116 [BlockDeletingService#2] WARN  background.BlockDeletingService (BlockDeletingService.java:isDeletionAllowed(187)) - Close Container log Index 6 is not replicated across allthe servers in the pipeline 4353dad5-98e9-4a09-96de-f62649f7af7f as the min replicated index is 4. Deletion is not allowed in this container yet.
2019-10-15 21:53:56,119 [BlockDeletingService#2] WARN  background.BlockDeletingService (BlockDeletingService.java:isDeletionAllowed(187)) - Close Container log Index 6 is not replicated across allthe servers in the pipeline 4353dad5-98e9-4a09-96de-f62649f7af7f as the min replicated index is 4. Deletion is not allowed in this container yet.
2019-10-15 21:53:56,199 [EventQueue-ContainerReportForContainerReportHandler] WARN  container.ContainerReportHandler (AbstractContainerReportHandler.java:updateContainerState(145)) - Container #1 is in OPEN state, but the datanode 6a83fe04-c8c3-48c1-8861-8f81e89cd03c{ip: 192.168.69.90, host: pr-revert-24-hdds-2181-89r8m-3343634851, networkLocation: /default-rack, certSerialId: null} reports an CLOSED replica.
2019-10-15 21:53:56,218 [EventQueue-ContainerReportForContainerReportHandler] WARN  container.ContainerReportHandler (AbstractContainerReportHandler.java:updateContainerState(145)) - Container #1 is in OPEN state, but the datanode 0a72d9f0-d385-4350-a485-113e43f7c69c{ip: 192.168.69.90, host: pr-revert-24-hdds-2181-89r8m-3343634851, networkLocation: /default-rack, certSerialId: null} reports an CLOSED replica.
2019-10-15 21:53:56,495 [java.util.concurrent.ThreadPoolExecutor$Worker@1e69e541[State = -1, empty queue]] WARN  server.GrpcLogAppender (GrpcLogAppender.java:timeoutAppendRequest(209)) - 6a83fe04-c8c3-48c1-8861-8f81e89cd03c@group-F62649F7AF7F->04d05b50-beb8-4841-9ce1-2061f7b42c80-GrpcLogAppender: appendEntries Timeout, request=6a83fe04-c8c3-48c1-8861-8f81e89cd03c->04d05b50-beb8-4841-9ce1-2061f7b42c80#34-t2, previous=(t:2, i:10), leaderCommit=10, initializing? false, entries: <empty>
2019-10-15 21:53:56,518 [EventQueue-ContainerReportForContainerReportHandler] WARN  container.ContainerReportHandler (AbstractContainerReportHandler.java:updateContainerState(145)) - Container #1 is in OPEN state, but the datanode 0a72d9f0-d385-4350-a485-113e43f7c69c{ip: 192.168.69.90, host: pr-revert-24-hdds-2181-89r8m-3343634851, networkLocation: /default-rack, certSerialId: null} reports an CLOSED replica.
2019-10-15 21:53:56,600 [EventQueue-ContainerReportForContainerReportHandler] WARN  container.ContainerReportHandler (AbstractContainerReportHandler.java:updateContainerState(145)) - Container #1 is in OPEN state, but the datanode 6a83fe04-c8c3-48c1-8861-8f81e89cd03c{ip: 192.168.69.90, host: pr-revert-24-hdds-2181-89r8m-3343634851, networkLocation: /default-rack, certSerialId: null} reports an CLOSED replica.
2019-10-15 21:53:56,800 [EventQueue-ContainerReportForContainerReportHandler] WARN  container.ContainerReportHandler (AbstractContainerReportHandler.java:updateContainerState(145)) - Container #1 is in OPEN state, but the datanode 6a83fe04-c8c3-48c1-8861-8f81e89cd03c{ip: 192.168.69.90, host: pr-revert-24-hdds-2181-89r8m-3343634851, networkLocation: /default-rack, certSerialId: null} reports an CLOSED replica.
2019-10-15 21:53:56,819 [EventQueue-ContainerReportForContainerReportHandler] WARN  container.ContainerReportHandler (AbstractContainerReportHandler.java:updateContainerState(145)) - Container #1 is in OPEN state, but the datanode 0a72d9f0-d385-4350-a485-113e43f7c69c{ip: 192.168.69.90, host: pr-revert-24-hdds-2181-89r8m-3343634851, networkLocation: /default-rack, certSerialId: null} reports an CLOSED replica.
2019-10-15 21:53:57,018 [EventQueue-ContainerReportForContainerReportHandler] WARN  container.ContainerReportHandler (AbstractContainerReportHandler.java:updateContainerState(145)) - Container #1 is in OPEN state, but the datanode 0a72d9f0-d385-4350-a485-113e43f7c69c{ip: 192.168.69.90, host: pr-revert-24-hdds-2181-89r8m-3343634851, networkLocation: /default-rack, certSerialId: null} reports an CLOSED replica.
2019-10-15 21:53:57,102 [EventQueue-ContainerReportForContainerReportHandler] WARN  container.ContainerReportHandler (AbstractContainerReportHandler.java:updateContainerState(145)) - Container #1 is in OPEN state, but the datanode 6a83fe04-c8c3-48c1-8861-8f81e89cd03c{ip: 192.168.69.90, host: pr-revert-24-hdds-2181-89r8m-3343634851, networkLocation: /default-rack, certSerialId: null} reports an CLOSED replica.
2019-10-15 21:53:57,118 [BlockDeletingService#2] WARN  background.BlockDeletingService (BlockDeletingService.java:isDeletionAllowed(187)) - Close Container log Index 6 is not replicated across allthe servers in the pipeline 4353dad5-98e9-4a09-96de-f62649f7af7f as the min replicated index is 4. Deletion is not allowed in this container yet.
2019-10-15 21:53:57,121 [BlockDeletingService#2] WARN  background.BlockDeletingService (BlockDeletingService.java:isDeletionAllowed(187)) - Close Container log Index 6 is not replicated across allthe servers in the pipeline 4353dad5-98e9-4a09-96de-f62649f7af7f as the min replicated index is 4. Deletion is not allowed in this container yet.
2019-10-15 21:53:57,318 [EventQueue-ContainerReportForContainerReportHandler] WARN  container.ContainerReportHandler (AbstractContainerReportHandler.java:updateContainerState(145)) - Container #1 is in OPEN state, but the datanode 0a72d9f0-d385-4350-a485-113e43f7c69c{ip: 192.168.69.90, host: pr-revert-24-hdds-2181-89r8m-3343634851, networkLocation: /default-rack, certSerialId: null} reports an CLOSED replica.
2019-10-15 21:53:57,403 [EventQueue-ContainerReportForContainerReportHandler] WARN  container.ContainerReportHandler (AbstractContainerReportHandler.java:updateContainerState(145)) - Container #1 is in OPEN state, but the datanode 6a83fe04-c8c3-48c1-8861-8f81e89cd03c{ip: 192.168.69.90, host: pr-revert-24-hdds-2181-89r8m-3343634851, networkLocation: /default-rack, certSerialId: null} reports an CLOSED replica.
2019-10-15 21:53:57,618 [EventQueue-ContainerReportForContainerReportHandler] WARN  container.ContainerReportHandler (AbstractContainerReportHandler.java:updateContainerState(145)) - Container #1 is in OPEN state, but the datanode 0a72d9f0-d385-4350-a485-113e43f7c69c{ip: 192.168.69.90, host: pr-revert-24-hdds-2181-89r8m-3343634851, networkLocation: /default-rack, certSerialId: null} reports an CLOSED replica.
2019-10-15 21:53:57,805 [EventQueue-ContainerReportForContainerReportHandler] WARN  container.ContainerReportHandler (AbstractContainerReportHandler.java:updateContainerState(145)) - Container #1 is in OPEN state, but the datanode 6a83fe04-c8c3-48c1-8861-8f81e89cd03c{ip: 192.168.69.90, host: pr-revert-24-hdds-2181-89r8m-3343634851, networkLocation: /default-rack, certSerialId: null} reports an CLOSED replica.
2019-10-15 21:53:57,818 [EventQueue-ContainerReportForContainerReportHandler] WARN  container.ContainerReportHandler (AbstractContainerReportHandler.java:updateContainerState(145)) - Container #1 is in OPEN state, but the datanode 0a72d9f0-d385-4350-a485-113e43f7c69c{ip: 192.168.69.90, host: pr-revert-24-hdds-2181-89r8m-3343634851, networkLocation: /default-rack, certSerialId: null} reports an CLOSED replica.
2019-10-15 21:53:58,005 [EventQueue-ContainerReportForContainerReportHandler] WARN  container.ContainerReportHandler (AbstractContainerReportHandler.java:updateContainerState(145)) - Container #1 is in OPEN state, but the datanode 6a83fe04-c8c3-48c1-8861-8f81e89cd03c{ip: 192.168.69.90, host: pr-revert-24-hdds-2181-89r8m-3343634851, networkLocation: /default-rack, certSerialId: null} reports an CLOSED replica.
2019-10-15 21:53:58,120 [BlockDeletingService#2] WARN  background.BlockDeletingService (BlockDeletingService.java:isDeletionAllowed(187)) - Close Container log Index 6 is not replicated across allthe servers in the pipeline 4353dad5-98e9-4a09-96de-f62649f7af7f as the min replicated index is 4. Deletion is not allowed in this container yet.
2019-10-15 21:53:58,122 [BlockDeletingService#2] WARN  background.BlockDeletingService (BlockDeletingService.java:isDeletionAllowed(187)) - Close Container log Index 6 is not replicated across allthe servers in the pipeline 4353dad5-98e9-4a09-96de-f62649f7af7f as the min replicated index is 4. Deletion is not allowed in this container yet.
2019-10-15 21:53:58,219 [EventQueue-ContainerReportForContainerReportHandler] WARN  container.ContainerReportHandler (AbstractContainerReportHandler.java:updateContainerState(145)) - Container #1 is in OPEN state, but the datanode 0a72d9f0-d385-4350-a485-113e43f7c69c{ip: 192.168.69.90, host: pr-revert-24-hdds-2181-89r8m-3343634851, networkLocation: /default-rack, certSerialId: null} reports an CLOSED replica.
2019-10-15 21:53:58,305 [EventQueue-ContainerReportForContainerReportHandler] WARN  container.ContainerReportHandler (AbstractContainerReportHandler.java:updateContainerState(145)) - Container #1 is in OPEN state, but the datanode 6a83fe04-c8c3-48c1-8861-8f81e89cd03c{ip: 192.168.69.90, host: pr-revert-24-hdds-2181-89r8m-3343634851, networkLocation: /default-rack, certSerialId: null} reports an CLOSED replica.
2019-10-15 21:53:58,519 [EventQueue-ContainerReportForContainerReportHandler] WARN  container.ContainerReportHandler (AbstractContainerReportHandler.java:updateContainerState(145)) - Container #1 is in OPEN state, but the datanode 0a72d9f0-d385-4350-a485-113e43f7c69c{ip: 192.168.69.90, host: pr-revert-24-hdds-2181-89r8m-3343634851, networkLocation: /default-rack, certSerialId: null} reports an CLOSED replica.
2019-10-15 21:53:58,705 [EventQueue-ContainerReportForContainerReportHandler] WARN  container.ContainerReportHandler (AbstractContainerReportHandler.java:updateContainerState(145)) - Container #1 is in OPEN state, but the datanode 6a83fe04-c8c3-48c1-8861-8f81e89cd03c{ip: 192.168.69.90, host: pr-revert-24-hdds-2181-89r8m-3343634851, networkLocation: /default-rack, certSerialId: null} reports an CLOSED replica.
2019-10-15 21:53:58,919 [EventQueue-ContainerReportForContainerReportHandler] WARN  container.ContainerReportHandler (AbstractContainerReportHandler.java:updateContainerState(145)) - Container #1 is in OPEN state, but the datanode 0a72d9f0-d385-4350-a485-113e43f7c69c{ip: 192.168.69.90, host: pr-revert-24-hdds-2181-89r8m-3343634851, networkLocation: /default-rack, certSerialId: null} reports an CLOSED replica.
2019-10-15 21:53:58,995 [java.util.concurrent.ThreadPoolExecutor$Worker@1e69e541[State = -1, empty queue]] WARN  server.GrpcLogAppender (GrpcLogAppender.java:timeoutAppendRequest(209)) - 6a83fe04-c8c3-48c1-8861-8f81e89cd03c@group-F62649F7AF7F->04d05b50-beb8-4841-9ce1-2061f7b42c80-GrpcLogAppender: appendEntries Timeout, request=6a83fe04-c8c3-48c1-8861-8f81e89cd03c->04d05b50-beb8-4841-9ce1-2061f7b42c80#35-t2, previous=(t:2, i:10), leaderCommit=10, initializing? false, entries: <empty>
2019-10-15 21:53:59,106 [EventQueue-ContainerReportForContainerReportHandler] WARN  container.ContainerReportHandler (AbstractContainerReportHandler.java:updateContainerState(145)) - Container #1 is in OPEN state, but the datanode 6a83fe04-c8c3-48c1-8861-8f81e89cd03c{ip: 192.168.69.90, host: pr-revert-24-hdds-2181-89r8m-3343634851, networkLocation: /default-rack, certSerialId: null} reports an CLOSED replica.
2019-10-15 21:53:59,126 [BlockDeletingService#2] WARN  background.BlockDeletingService (BlockDeletingService.java:isDeletionAllowed(187)) - Close Container log Index 6 is not replicated across allthe servers in the pipeline 4353dad5-98e9-4a09-96de-f62649f7af7f as the min replicated index is 4. Deletion is not allowed in this container yet.
2019-10-15 21:53:59,126 [BlockDeletingService#2] WARN  background.BlockDeletingService (BlockDeletingService.java:isDeletionAllowed(187)) - Close Container log Index 6 is not replicated across allthe servers in the pipeline 4353dad5-98e9-4a09-96de-f62649f7af7f as the min replicated index is 4. Deletion is not allowed in this container yet.
2019-10-15 21:53:59,219 [EventQueue-ContainerReportForContainerReportHandler] WARN  container.ContainerReportHandler (AbstractContainerReportHandler.java:updateContainerState(145)) - Container #1 is in OPEN state, but the datanode 0a72d9f0-d385-4350-a485-113e43f7c69c{ip: 192.168.69.90, host: pr-revert-24-hdds-2181-89r8m-3343634851, networkLocation: /default-rack, certSerialId: null} reports an CLOSED replica.
2019-10-15 21:53:59,408 [EventQueue-ContainerReportForContainerReportHandler] WARN  container.ContainerReportHandler (AbstractContainerReportHandler.java:updateContainerState(145)) - Container #1 is in OPEN state, but the datanode 6a83fe04-c8c3-48c1-8861-8f81e89cd03c{ip: 192.168.69.90, host: pr-revert-24-hdds-2181-89r8m-3343634851, networkLocation: /default-rack, certSerialId: null} reports an CLOSED replica.
2019-10-15 21:53:59,519 [EventQueue-ContainerReportForContainerReportHandler] WARN  container.ContainerReportHandler (AbstractContainerReportHandler.java:updateContainerState(145)) - Container #1 is in OPEN state, but the datanode 0a72d9f0-d385-4350-a485-113e43f7c69c{ip: 192.168.69.90, host: pr-revert-24-hdds-2181-89r8m-3343634851, networkLocation: /default-rack, certSerialId: null} reports an CLOSED replica.
2019-10-15 21:53:59,805 [EventQueue-ContainerReportForContainerReportHandler] WARN  container.ContainerReportHandler (AbstractContainerReportHandler.java:updateContainerState(145)) - Container #1 is in OPEN state, but the datanode 6a83fe04-c8c3-48c1-8861-8f81e89cd03c{ip: 192.168.69.90, host: pr-revert-24-hdds-2181-89r8m-3343634851, networkLocation: /default-rack, certSerialId: null} reports an CLOSED replica.
2019-10-15 21:53:59,820 [EventQueue-ContainerReportForContainerReportHandler] WARN  container.ContainerReportHandler (AbstractContainerReportHandler.java:updateContainerState(145)) - Container #1 is in OPEN state, but the datanode 0a72d9f0-d385-4350-a485-113e43f7c69c{ip: 192.168.69.90, host: pr-revert-24-hdds-2181-89r8m-3343634851, networkLocation: /default-rack, certSerialId: null} reports an CLOSED replica.
2019-10-15 21:53:59,885 [Thread-407] INFO  client.GrpcClientProtocolService (GrpcClientProtocolService.java:lambda$processClientRequest$0(278)) - Failed RaftClientRequest:client-92BC3EC04FB4->6a83fe04-c8c3-48c1-8861-8f81e89cd03c@group-F62649F7AF7F, cid=10, seq=0, Watch-ALL_COMMITTED(6), Message:<EMPTY>, reply=RaftClientReply:client-92BC3EC04FB4->6a83fe04-c8c3-48c1-8861-8f81e89cd03c@group-F62649F7AF7F, cid=10, FAILED org.apache.ratis.protocol.NotReplicatedException: Request with call Id 10 and log index 6 is not yet replicated to ALL_COMMITTED, logIndex=6, commits[6a83fe04-c8c3-48c1-8861-8f81e89cd03c:c10, 04d05b50-beb8-4841-9ce1-2061f7b42c80:c4, 0a72d9f0-d385-4350-a485-113e43f7c69c:c10]
2019-10-15 21:54:00,006 [EventQueue-ContainerReportForContainerReportHandler] WARN  container.ContainerReportHandler (AbstractContainerReportHandler.java:updateContainerState(145)) - Container #1 is in OPEN state, but the datanode 6a83fe04-c8c3-48c1-8861-8f81e89cd03c{ip: 192.168.69.90, host: pr-revert-24-hdds-2181-89r8m-3343634851, networkLocation: /default-rack, certSerialId: null} reports an CLOSED replica.
2019-10-15 21:54:00,127 [BlockDeletingService#2] WARN  background.BlockDeletingService (BlockDeletingService.java:isDeletionAllowed(187)) - Close Container log Index 6 is not replicated across allthe servers in the pipeline 4353dad5-98e9-4a09-96de-f62649f7af7f as the min replicated index is 4. Deletion is not allowed in this container yet.
2019-10-15 21:54:00,130 [BlockDeletingService#2] WARN  background.BlockDeletingService (BlockDeletingService.java:isDeletionAllowed(187)) - Close Container log Index 6 is not replicated across allthe servers in the pipeline 4353dad5-98e9-4a09-96de-f62649f7af7f as the min replicated index is 4. Deletion is not allowed in this container yet.
2019-10-15 21:54:00,219 [EventQueue-ContainerReportForContainerReportHandler] WARN  container.ContainerReportHandler (AbstractContainerReportHandler.java:updateContainerState(145)) - Container #1 is in OPEN state, but the datanode 0a72d9f0-d385-4350-a485-113e43f7c69c{ip: 192.168.69.90, host: pr-revert-24-hdds-2181-89r8m-3343634851, networkLocation: /default-rack, certSerialId: null} reports an CLOSED replica.
2019-10-15 21:54:00,305 [EventQueue-ContainerReportForContainerReportHandler] WARN  container.ContainerReportHandler (AbstractContainerReportHandler.java:updateContainerState(145)) - Container #1 is in OPEN state, but the datanode 6a83fe04-c8c3-48c1-8861-8f81e89cd03c{ip: 192.168.69.90, host: pr-revert-24-hdds-2181-89r8m-3343634851, networkLocation: /default-rack, certSerialId: null} reports an CLOSED replica.
2019-10-15 21:54:00,419 [EventQueue-ContainerReportForContainerReportHandler] WARN  container.ContainerReportHandler (AbstractContainerReportHandler.java:updateContainerState(145)) - Container #1 is in OPEN state, but the datanode 0a72d9f0-d385-4350-a485-113e43f7c69c{ip: 192.168.69.90, host: pr-revert-24-hdds-2181-89r8m-3343634851, networkLocation: /default-rack, certSerialId: null} reports an CLOSED replica.
2019-10-15 21:54:00,605 [EventQueue-ContainerReportForContainerReportHandler] WARN  container.ContainerReportHandler (AbstractContainerReportHandler.java:updateContainerState(145)) - Container #1 is in OPEN state, but the datanode 6a83fe04-c8c3-48c1-8861-8f81e89cd03c{ip: 192.168.69.90, host: pr-revert-24-hdds-2181-89r8m-3343634851, networkLocation: /default-rack, certSerialId: null} reports an CLOSED replica.
2019-10-15 21:54:00,805 [EventQueue-ContainerReportForContainerReportHandler] WARN  container.ContainerReportHandler (AbstractContainerReportHandler.java:updateContainerState(145)) - Container #1 is in OPEN state, but the datanode 6a83fe04-c8c3-48c1-8861-8f81e89cd03c{ip: 192.168.69.90, host: pr-revert-24-hdds-2181-89r8m-3343634851, networkLocation: /default-rack, certSerialId: null} reports an CLOSED replica.
2019-10-15 21:54:00,819 [EventQueue-ContainerReportForContainerReportHandler] WARN  container.ContainerReportHandler (AbstractContainerReportHandler.java:updateContainerState(145)) - Container #1 is in OPEN state, but the datanode 0a72d9f0-d385-4350-a485-113e43f7c69c{ip: 192.168.69.90, host: pr-revert-24-hdds-2181-89r8m-3343634851, networkLocation: /default-rack, certSerialId: null} reports an CLOSED replica.
2019-10-15 21:54:01,106 [EventQueue-ContainerReportForContainerReportHandler] WARN  container.ContainerReportHandler (AbstractContainerReportHandler.java:updateContainerState(145)) - Container #1 is in OPEN state, but the datanode 6a83fe04-c8c3-48c1-8861-8f81e89cd03c{ip: 192.168.69.90, host: pr-revert-24-hdds-2181-89r8m-3343634851, networkLocation: /default-rack, certSerialId: null} reports an CLOSED replica.
2019-10-15 21:54:01,131 [BlockDeletingService#2] WARN  background.BlockDeletingService (BlockDeletingService.java:isDeletionAllowed(187)) - Close Container log Index 6 is not replicated across allthe servers in the pipeline 4353dad5-98e9-4a09-96de-f62649f7af7f as the min replicated index is 4. Deletion is not allowed in this container yet.
2019-10-15 21:54:01,131 [BlockDeletingService#2] WARN  background.BlockDeletingService (BlockDeletingService.java:isDeletionAllowed(187)) - Close Container log Index 6 is not replicated across allthe servers in the pipeline 4353dad5-98e9-4a09-96de-f62649f7af7f as the min replicated index is 4. Deletion is not allowed in this container yet.
2019-10-15 21:54:01,219 [EventQueue-ContainerReportForContainerReportHandler] WARN  container.ContainerReportHandler (AbstractContainerReportHandler.java:updateContainerState(145)) - Container #1 is in OPEN state, but the datanode 0a72d9f0-d385-4350-a485-113e43f7c69c{ip: 192.168.69.90, host: pr-revert-24-hdds-2181-89r8m-3343634851, networkLocation: /default-rack, certSerialId: null} reports an CLOSED replica.
2019-10-15 21:54:01,407 [EventQueue-ContainerReportForContainerReportHandler] WARN  container.ContainerReportHandler (AbstractContainerReportHandler.java:updateContainerState(145)) - Container #1 is in OPEN state, but the datanode 6a83fe04-c8c3-48c1-8861-8f81e89cd03c{ip: 192.168.69.90, host: pr-revert-24-hdds-2181-89r8m-3343634851, networkLocation: /default-rack, certSerialId: null} reports an CLOSED replica.
2019-10-15 21:54:01,497 [java.util.concurrent.ThreadPoolExecutor$Worker@1e69e541[State = -1, empty queue]] WARN  server.GrpcLogAppender (GrpcLogAppender.java:timeoutAppendRequest(209)) - 6a83fe04-c8c3-48c1-8861-8f81e89cd03c@group-F62649F7AF7F->04d05b50-beb8-4841-9ce1-2061f7b42c80-GrpcLogAppender: appendEntries Timeout, request=6a83fe04-c8c3-48c1-8861-8f81e89cd03c->04d05b50-beb8-4841-9ce1-2061f7b42c80#36-t2, previous=(t:2, i:10), leaderCommit=10, initializing? false, entries: <empty>
2019-10-15 21:54:01,519 [EventQueue-ContainerReportForContainerReportHandler] WARN  container.ContainerReportHandler (AbstractContainerReportHandler.java:updateContainerState(145)) - Container #1 is in OPEN state, but the datanode 0a72d9f0-d385-4350-a485-113e43f7c69c{ip: 192.168.69.90, host: pr-revert-24-hdds-2181-89r8m-3343634851, networkLocation: /default-rack, certSerialId: null} reports an CLOSED replica.
2019-10-15 21:54:01,708 [EventQueue-ContainerReportForContainerReportHandler] WARN  container.ContainerReportHandler (AbstractContainerReportHandler.java:updateContainerState(145)) - Container #1 is in OPEN state, but the datanode 6a83fe04-c8c3-48c1-8861-8f81e89cd03c{ip: 192.168.69.90, host: pr-revert-24-hdds-2181-89r8m-3343634851, networkLocation: /default-rack, certSerialId: null} reports an CLOSED replica.
2019-10-15 21:54:01,819 [EventQueue-ContainerReportForContainerReportHandler] WARN  container.ContainerReportHandler (AbstractContainerReportHandler.java:updateContainerState(145)) - Container #1 is in OPEN state, but the datanode 0a72d9f0-d385-4350-a485-113e43f7c69c{ip: 192.168.69.90, host: pr-revert-24-hdds-2181-89r8m-3343634851, networkLocation: /default-rack, certSerialId: null} reports an CLOSED replica.
2019-10-15 21:54:02,107 [EventQueue-ContainerReportForContainerReportHandler] WARN  container.ContainerReportHandler (AbstractContainerReportHandler.java:updateContainerState(145)) - Container #1 is in OPEN state, but the datanode 6a83fe04-c8c3-48c1-8861-8f81e89cd03c{ip: 192.168.69.90, host: pr-revert-24-hdds-2181-89r8m-3343634851, networkLocation: /default-rack, certSerialId: null} reports an CLOSED replica.
2019-10-15 21:54:02,133 [BlockDeletingService#2] WARN  background.BlockDeletingService (BlockDeletingService.java:isDeletionAllowed(187)) - Close Container log Index 6 is not replicated across allthe servers in the pipeline 4353dad5-98e9-4a09-96de-f62649f7af7f as the min replicated index is 4. Deletion is not allowed in this container yet.
2019-10-15 21:54:02,133 [BlockDeletingService#2] WARN  background.BlockDeletingService (BlockDeletingService.java:isDeletionAllowed(187)) - Close Container log Index 6 is not replicated across allthe servers in the pipeline 4353dad5-98e9-4a09-96de-f62649f7af7f as the min replicated index is 4. Deletion is not allowed in this container yet.
2019-10-15 21:54:02,220 [EventQueue-ContainerReportForContainerReportHandler] WARN  container.ContainerReportHandler (AbstractContainerReportHandler.java:updateContainerState(145)) - Container #1 is in OPEN state, but the datanode 0a72d9f0-d385-4350-a485-113e43f7c69c{ip: 192.168.69.90, host: pr-revert-24-hdds-2181-89r8m-3343634851, networkLocation: /default-rack, certSerialId: null} reports an CLOSED replica.
2019-10-15 21:54:02,409 [EventQueue-ContainerReportForContainerReportHandler] WARN  container.ContainerReportHandler (AbstractContainerReportHandler.java:updateContainerState(145)) - Container #1 is in OPEN state, but the datanode 6a83fe04-c8c3-48c1-8861-8f81e89cd03c{ip: 192.168.69.90, host: pr-revert-24-hdds-2181-89r8m-3343634851, networkLocation: /default-rack, certSerialId: null} reports an CLOSED replica.
2019-10-15 21:54:02,426 [EventQueue-ContainerReportForContainerReportHandler] WARN  container.ContainerReportHandler (AbstractContainerReportHandler.java:updateContainerState(145)) - Container #1 is in OPEN state, but the datanode 0a72d9f0-d385-4350-a485-113e43f7c69c{ip: 192.168.69.90, host: pr-revert-24-hdds-2181-89r8m-3343634851, networkLocation: /default-rack, certSerialId: null} reports an CLOSED replica.
2019-10-15 21:54:02,609 [EventQueue-ContainerReportForContainerReportHandler] WARN  container.ContainerReportHandler (AbstractContainerReportHandler.java:updateContainerState(145)) - Container #1 is in OPEN state, but the datanode 6a83fe04-c8c3-48c1-8861-8f81e89cd03c{ip: 192.168.69.90, host: pr-revert-24-hdds-2181-89r8m-3343634851, networkLocation: /default-rack, certSerialId: null} reports an CLOSED replica.
2019-10-15 21:54:02,723 [EventQueue-ContainerReportForContainerReportHandler] WARN  container.ContainerReportHandler (AbstractContainerReportHandler.java:updateContainerState(145)) - Container #1 is in OPEN state, but the datanode 0a72d9f0-d385-4350-a485-113e43f7c69c{ip: 192.168.69.90, host: pr-revert-24-hdds-2181-89r8m-3343634851, networkLocation: /default-rack, certSerialId: null} reports an CLOSED replica.
2019-10-15 21:54:02,909 [EventQueue-ContainerReportForContainerReportHandler] WARN  container.ContainerReportHandler (AbstractContainerReportHandler.java:updateContainerState(145)) - Container #1 is in OPEN state, but the datanode 6a83fe04-c8c3-48c1-8861-8f81e89cd03c{ip: 192.168.69.90, host: pr-revert-24-hdds-2181-89r8m-3343634851, networkLocation: /default-rack, certSerialId: null} reports an CLOSED replica.
2019-10-15 21:54:03,123 [EventQueue-ContainerReportForContainerReportHandler] WARN  container.ContainerReportHandler (AbstractContainerReportHandler.java:updateContainerState(145)) - Container #1 is in OPEN state, but the datanode 0a72d9f0-d385-4350-a485-113e43f7c69c{ip: 192.168.69.90, host: pr-revert-24-hdds-2181-89r8m-3343634851, networkLocation: /default-rack, certSerialId: null} reports an CLOSED replica.
2019-10-15 21:54:03,135 [BlockDeletingService#2] WARN  background.BlockDeletingService (BlockDeletingService.java:isDeletionAllowed(187)) - Close Container log Index 6 is not replicated across allthe servers in the pipeline 4353dad5-98e9-4a09-96de-f62649f7af7f as the min replicated index is 4. Deletion is not allowed in this container yet.
2019-10-15 21:54:03,135 [BlockDeletingService#2] WARN  background.BlockDeletingService (BlockDeletingService.java:isDeletionAllowed(187)) - Close Container log Index 6 is not replicated across allthe servers in the pipeline 4353dad5-98e9-4a09-96de-f62649f7af7f as the min replicated index is 4. Deletion is not allowed in this container yet.
2019-10-15 21:54:03,209 [EventQueue-ContainerReportForContainerReportHandler] WARN  container.ContainerReportHandler (AbstractContainerReportHandler.java:updateContainerState(145)) - Container #1 is in OPEN state, but the datanode 6a83fe04-c8c3-48c1-8861-8f81e89cd03c{ip: 192.168.69.90, host: pr-revert-24-hdds-2181-89r8m-3343634851, networkLocation: /default-rack, certSerialId: null} reports an CLOSED replica.
2019-10-15 21:54:03,323 [EventQueue-ContainerReportForContainerReportHandler] WARN  container.ContainerReportHandler (AbstractContainerReportHandler.java:updateContainerState(145)) - Container #1 is in OPEN state, but the datanode 0a72d9f0-d385-4350-a485-113e43f7c69c{ip: 192.168.69.90, host: pr-revert-24-hdds-2181-89r8m-3343634851, networkLocation: /default-rack, certSerialId: null} reports an CLOSED replica.
2019-10-15 21:54:03,409 [EventQueue-ContainerReportForContainerReportHandler] WARN  container.ContainerReportHandler (AbstractContainerReportHandler.java:updateContainerState(145)) - Container #1 is in OPEN state, but the datanode 6a83fe04-c8c3-48c1-8861-8f81e89cd03c{ip: 192.168.69.90, host: pr-revert-24-hdds-2181-89r8m-3343634851, networkLocation: /default-rack, certSerialId: null} reports an CLOSED replica.
2019-10-15 21:54:03,523 [EventQueue-ContainerReportForContainerReportHandler] WARN  container.ContainerReportHandler (AbstractContainerReportHandler.java:updateContainerState(145)) - Container #1 is in OPEN state, but the datanode 0a72d9f0-d385-4350-a485-113e43f7c69c{ip: 192.168.69.90, host: pr-revert-24-hdds-2181-89r8m-3343634851, networkLocation: /default-rack, certSerialId: null} reports an CLOSED replica.
2019-10-15 21:54:03,609 [EventQueue-ContainerReportForContainerReportHandler] WARN  container.ContainerReportHandler (AbstractContainerReportHandler.java:updateContainerState(145)) - Container #1 is in OPEN state, but the datanode 6a83fe04-c8c3-48c1-8861-8f81e89cd03c{ip: 192.168.69.90, host: pr-revert-24-hdds-2181-89r8m-3343634851, networkLocation: /default-rack, certSerialId: null} reports an CLOSED replica.
2019-10-15 21:54:03,924 [EventQueue-ContainerReportForContainerReportHandler] WARN  container.ContainerReportHandler (AbstractContainerReportHandler.java:updateContainerState(145)) - Container #1 is in OPEN state, but the datanode 0a72d9f0-d385-4350-a485-113e43f7c69c{ip: 192.168.69.90, host: pr-revert-24-hdds-2181-89r8m-3343634851, networkLocation: /default-rack, certSerialId: null} reports an CLOSED replica.
2019-10-15 21:54:03,998 [java.util.concurrent.ThreadPoolExecutor$Worker@1e69e541[State = -1, empty queue]] WARN  server.GrpcLogAppender (GrpcLogAppender.java:timeoutAppendRequest(209)) - 6a83fe04-c8c3-48c1-8861-8f81e89cd03c@group-F62649F7AF7F->04d05b50-beb8-4841-9ce1-2061f7b42c80-GrpcLogAppender: appendEntries Timeout, request=6a83fe04-c8c3-48c1-8861-8f81e89cd03c->04d05b50-beb8-4841-9ce1-2061f7b42c80#37-t2, previous=(t:2, i:10), leaderCommit=10, initializing? false, entries: <empty>
2019-10-15 21:54:04,009 [EventQueue-ContainerReportForContainerReportHandler] WARN  container.ContainerReportHandler (AbstractContainerReportHandler.java:updateContainerState(145)) - Container #1 is in OPEN state, but the datanode 6a83fe04-c8c3-48c1-8861-8f81e89cd03c{ip: 192.168.69.90, host: pr-revert-24-hdds-2181-89r8m-3343634851, networkLocation: /default-rack, certSerialId: null} reports an CLOSED replica.
2019-10-15 21:54:04,137 [BlockDeletingService#2] WARN  background.BlockDeletingService (BlockDeletingService.java:isDeletionAllowed(187)) - Close Container log Index 6 is not replicated across allthe servers in the pipeline 4353dad5-98e9-4a09-96de-f62649f7af7f as the min replicated index is 4. Deletion is not allowed in this container yet.
2019-10-15 21:54:04,137 [BlockDeletingService#2] WARN  background.BlockDeletingService (BlockDeletingService.java:isDeletionAllowed(187)) - Close Container log Index 6 is not replicated across allthe servers in the pipeline 4353dad5-98e9-4a09-96de-f62649f7af7f as the min replicated index is 4. Deletion is not allowed in this container yet.
2019-10-15 21:54:04,324 [EventQueue-ContainerReportForContainerReportHandler] WARN  container.ContainerReportHandler (AbstractContainerReportHandler.java:updateContainerState(145)) - Container #1 is in OPEN state, but the datanode 0a72d9f0-d385-4350-a485-113e43f7c69c{ip: 192.168.69.90, host: pr-revert-24-hdds-2181-89r8m-3343634851, networkLocation: /default-rack, certSerialId: null} reports an CLOSED replica.
2019-10-15 21:54:04,410 [EventQueue-ContainerReportForContainerReportHandler] WARN  container.ContainerReportHandler (AbstractContainerReportHandler.java:updateContainerState(145)) - Container #1 is in OPEN state, but the datanode 6a83fe04-c8c3-48c1-8861-8f81e89cd03c{ip: 192.168.69.90, host: pr-revert-24-hdds-2181-89r8m-3343634851, networkLocation: /default-rack, certSerialId: null} reports an CLOSED replica.
2019-10-15 21:54:04,610 [EventQueue-ContainerReportForContainerReportHandler] WARN  container.ContainerReportHandler (AbstractContainerReportHandler.java:updateContainerState(145)) - Container #1 is in OPEN state, but the datanode 6a83fe04-c8c3-48c1-8861-8f81e89cd03c{ip: 192.168.69.90, host: pr-revert-24-hdds-2181-89r8m-3343634851, networkLocation: /default-rack, certSerialId: null} reports an CLOSED replica.
2019-10-15 21:54:04,624 [EventQueue-ContainerReportForContainerReportHandler] WARN  container.ContainerReportHandler (AbstractContainerReportHandler.java:updateContainerState(145)) - Container #1 is in OPEN state, but the datanode 0a72d9f0-d385-4350-a485-113e43f7c69c{ip: 192.168.69.90, host: pr-revert-24-hdds-2181-89r8m-3343634851, networkLocation: /default-rack, certSerialId: null} reports an CLOSED replica.
2019-10-15 21:54:04,824 [EventQueue-ContainerReportForContainerReportHandler] WARN  container.ContainerReportHandler (AbstractContainerReportHandler.java:updateContainerState(145)) - Container #1 is in OPEN state, but the datanode 0a72d9f0-d385-4350-a485-113e43f7c69c{ip: 192.168.69.90, host: pr-revert-24-hdds-2181-89r8m-3343634851, networkLocation: /default-rack, certSerialId: null} reports an CLOSED replica.
2019-10-15 21:54:04,910 [EventQueue-ContainerReportForContainerReportHandler] WARN  container.ContainerReportHandler (AbstractContainerReportHandler.java:updateContainerState(145)) - Container #1 is in OPEN state, but the datanode 6a83fe04-c8c3-48c1-8861-8f81e89cd03c{ip: 192.168.69.90, host: pr-revert-24-hdds-2181-89r8m-3343634851, networkLocation: /default-rack, certSerialId: null} reports an CLOSED replica.
2019-10-15 21:54:05,025 [EventQueue-ContainerReportForContainerReportHandler] WARN  container.ContainerReportHandler (AbstractContainerReportHandler.java:updateContainerState(145)) - Container #1 is in OPEN state, but the datanode 0a72d9f0-d385-4350-a485-113e43f7c69c{ip: 192.168.69.90, host: pr-revert-24-hdds-2181-89r8m-3343634851, networkLocation: /default-rack, certSerialId: null} reports an CLOSED replica.
2019-10-15 21:54:05,142 [BlockDeletingService#2] WARN  background.BlockDeletingService (BlockDeletingService.java:isDeletionAllowed(187)) - Close Container log Index 6 is not replicated across allthe servers in the pipeline 4353dad5-98e9-4a09-96de-f62649f7af7f as the min replicated index is 4. Deletion is not allowed in this container yet.
2019-10-15 21:54:05,142 [BlockDeletingService#2] WARN  background.BlockDeletingService (BlockDeletingService.java:isDeletionAllowed(187)) - Close Container log Index 6 is not replicated across allthe servers in the pipeline 4353dad5-98e9-4a09-96de-f62649f7af7f as the min replicated index is 4. Deletion is not allowed in this container yet.
2019-10-15 21:54:05,210 [EventQueue-ContainerReportForContainerReportHandler] WARN  container.ContainerReportHandler (AbstractContainerReportHandler.java:updateContainerState(145)) - Container #1 is in OPEN state, but the datanode 6a83fe04-c8c3-48c1-8861-8f81e89cd03c{ip: 192.168.69.90, host: pr-revert-24-hdds-2181-89r8m-3343634851, networkLocation: /default-rack, certSerialId: null} reports an CLOSED replica.
2019-10-15 21:54:05,224 [EventQueue-ContainerReportForContainerReportHandler] WARN  container.ContainerReportHandler (AbstractContainerReportHandler.java:updateContainerState(145)) - Container #1 is in OPEN state, but the datanode 0a72d9f0-d385-4350-a485-113e43f7c69c{ip: 192.168.69.90, host: pr-revert-24-hdds-2181-89r8m-3343634851, networkLocation: /default-rack, certSerialId: null} reports an CLOSED replica.
2019-10-15 21:54:05,511 [EventQueue-ContainerReportForContainerReportHandler] WARN  container.ContainerReportHandler (AbstractContainerReportHandler.java:updateContainerState(145)) - Container #1 is in OPEN state, but the datanode 6a83fe04-c8c3-48c1-8861-8f81e89cd03c{ip: 192.168.69.90, host: pr-revert-24-hdds-2181-89r8m-3343634851, networkLocation: /default-rack, certSerialId: null} reports an CLOSED replica.
2019-10-15 21:54:05,524 [EventQueue-ContainerReportForContainerReportHandler] WARN  container.ContainerReportHandler (AbstractContainerReportHandler.java:updateContainerState(145)) - Container #1 is in OPEN state, but the datanode 0a72d9f0-d385-4350-a485-113e43f7c69c{ip: 192.168.69.90, host: pr-revert-24-hdds-2181-89r8m-3343634851, networkLocation: /default-rack, certSerialId: null} reports an CLOSED replica.
2019-10-15 21:54:05,712 [EventQueue-ContainerReportForContainerReportHandler] WARN  container.ContainerReportHandler (AbstractContainerReportHandler.java:updateContainerState(145)) - Container #1 is in OPEN state, but the datanode 6a83fe04-c8c3-48c1-8861-8f81e89cd03c{ip: 192.168.69.90, host: pr-revert-24-hdds-2181-89r8m-3343634851, networkLocation: /default-rack, certSerialId: null} reports an CLOSED replica.
2019-10-15 21:54:05,825 [EventQueue-ContainerReportForContainerReportHandler] WARN  container.ContainerReportHandler (AbstractContainerReportHandler.java:updateContainerState(145)) - Container #1 is in OPEN state, but the datanode 0a72d9f0-d385-4350-a485-113e43f7c69c{ip: 192.168.69.90, host: pr-revert-24-hdds-2181-89r8m-3343634851, networkLocation: /default-rack, certSerialId: null} reports an CLOSED replica.
2019-10-15 21:54:06,012 [EventQueue-ContainerReportForContainerReportHandler] WARN  container.ContainerReportHandler (AbstractContainerReportHandler.java:updateContainerState(145)) - Container #1 is in OPEN state, but the datanode 6a83fe04-c8c3-48c1-8861-8f81e89cd03c{ip: 192.168.69.90, host: pr-revert-24-hdds-2181-89r8m-3343634851, networkLocation: /default-rack, certSerialId: null} reports an CLOSED replica.
2019-10-15 21:54:06,144 [BlockDeletingService#2] WARN  background.BlockDeletingService (BlockDeletingService.java:isDeletionAllowed(187)) - Close Container log Index 6 is not replicated across allthe servers in the pipeline 4353dad5-98e9-4a09-96de-f62649f7af7f as the min replicated index is 4. Deletion is not allowed in this container yet.
2019-10-15 21:54:06,144 [BlockDeletingService#2] WARN  background.BlockDeletingService (BlockDeletingService.java:isDeletionAllowed(187)) - Close Container log Index 6 is not replicated across allthe servers in the pipeline 4353dad5-98e9-4a09-96de-f62649f7af7f as the min replicated index is 4. Deletion is not allowed in this container yet.
2019-10-15 21:54:06,212 [EventQueue-ContainerReportForContainerReportHandler] WARN  container.ContainerReportHandler (AbstractContainerReportHandler.java:updateContainerState(145)) - Container #1 is in OPEN state, but the datanode 6a83fe04-c8c3-48c1-8861-8f81e89cd03c{ip: 192.168.69.90, host: pr-revert-24-hdds-2181-89r8m-3343634851, networkLocation: /default-rack, certSerialId: null} reports an CLOSED replica.
2019-10-15 21:54:06,226 [EventQueue-ContainerReportForContainerReportHandler] WARN  container.ContainerReportHandler (AbstractContainerReportHandler.java:updateContainerState(145)) - Container #1 is in OPEN state, but the datanode 0a72d9f0-d385-4350-a485-113e43f7c69c{ip: 192.168.69.90, host: pr-revert-24-hdds-2181-89r8m-3343634851, networkLocation: /default-rack, certSerialId: null} reports an CLOSED replica.
2019-10-15 21:54:06,500 [java.util.concurrent.ThreadPoolExecutor$Worker@1e69e541[State = -1, empty queue]] WARN  server.GrpcLogAppender (GrpcLogAppender.java:timeoutAppendRequest(209)) - 6a83fe04-c8c3-48c1-8861-8f81e89cd03c@group-F62649F7AF7F->04d05b50-beb8-4841-9ce1-2061f7b42c80-GrpcLogAppender: appendEntries Timeout, request=6a83fe04-c8c3-48c1-8861-8f81e89cd03c->04d05b50-beb8-4841-9ce1-2061f7b42c80#38-t2, previous=(t:2, i:10), leaderCommit=10, initializing? false, entries: <empty>
2019-10-15 21:54:06,512 [EventQueue-ContainerReportForContainerReportHandler] WARN  container.ContainerReportHandler (AbstractContainerReportHandler.java:updateContainerState(145)) - Container #1 is in OPEN state, but the datanode 6a83fe04-c8c3-48c1-8861-8f81e89cd03c{ip: 192.168.69.90, host: pr-revert-24-hdds-2181-89r8m-3343634851, networkLocation: /default-rack, certSerialId: null} reports an CLOSED replica.
2019-10-15 21:54:06,527 [EventQueue-ContainerReportForContainerReportHandler] WARN  container.ContainerReportHandler (AbstractContainerReportHandler.java:updateContainerState(145)) - Container #1 is in OPEN state, but the datanode 0a72d9f0-d385-4350-a485-113e43f7c69c{ip: 192.168.69.90, host: pr-revert-24-hdds-2181-89r8m-3343634851, networkLocation: /default-rack, certSerialId: null} reports an CLOSED replica.
2019-10-15 21:54:06,812 [EventQueue-ContainerReportForContainerReportHandler] WARN  container.ContainerReportHandler (AbstractContainerReportHandler.java:updateContainerState(145)) - Container #1 is in OPEN state, but the datanode 6a83fe04-c8c3-48c1-8861-8f81e89cd03c{ip: 192.168.69.90, host: pr-revert-24-hdds-2181-89r8m-3343634851, networkLocation: /default-rack, certSerialId: null} reports an CLOSED replica.
2019-10-15 21:54:06,826 [EventQueue-ContainerReportForContainerReportHandler] WARN  container.ContainerReportHandler (AbstractContainerReportHandler.java:updateContainerState(145)) - Container #1 is in OPEN state, but the datanode 0a72d9f0-d385-4350-a485-113e43f7c69c{ip: 192.168.69.90, host: pr-revert-24-hdds-2181-89r8m-3343634851, networkLocation: /default-rack, certSerialId: null} reports an CLOSED replica.
2019-10-15 21:54:07,012 [EventQueue-ContainerReportForContainerReportHandler] WARN  container.ContainerReportHandler (AbstractContainerReportHandler.java:updateContainerState(145)) - Container #1 is in OPEN state, but the datanode 6a83fe04-c8c3-48c1-8861-8f81e89cd03c{ip: 192.168.69.90, host: pr-revert-24-hdds-2181-89r8m-3343634851, networkLocation: /default-rack, certSerialId: null} reports an CLOSED replica.
2019-10-15 21:54:07,026 [EventQueue-ContainerReportForContainerReportHandler] WARN  container.ContainerReportHandler (AbstractContainerReportHandler.java:updateContainerState(145)) - Container #1 is in OPEN state, but the datanode 0a72d9f0-d385-4350-a485-113e43f7c69c{ip: 192.168.69.90, host: pr-revert-24-hdds-2181-89r8m-3343634851, networkLocation: /default-rack, certSerialId: null} reports an CLOSED replica.
2019-10-15 21:54:07,146 [BlockDeletingService#2] WARN  background.BlockDeletingService (BlockDeletingService.java:isDeletionAllowed(187)) - Close Container log Index 6 is not replicated across allthe servers in the pipeline 4353dad5-98e9-4a09-96de-f62649f7af7f as the min replicated index is 4. Deletion is not allowed in this container yet.
2019-10-15 21:54:07,146 [BlockDeletingService#2] WARN  background.BlockDeletingService (BlockDeletingService.java:isDeletionAllowed(187)) - Close Container log Index 6 is not replicated across allthe servers in the pipeline 4353dad5-98e9-4a09-96de-f62649f7af7f as the min replicated index is 4. Deletion is not allowed in this container yet.
2019-10-15 21:54:07,412 [EventQueue-ContainerReportForContainerReportHandler] WARN  container.ContainerReportHandler (AbstractContainerReportHandler.java:updateContainerState(145)) - Container #1 is in OPEN state, but the datanode 6a83fe04-c8c3-48c1-8861-8f81e89cd03c{ip: 192.168.69.90, host: pr-revert-24-hdds-2181-89r8m-3343634851, networkLocation: /default-rack, certSerialId: null} reports an CLOSED replica.
2019-10-15 21:54:07,426 [EventQueue-ContainerReportForContainerReportHandler] WARN  container.ContainerReportHandler (AbstractContainerReportHandler.java:updateContainerState(145)) - Container #1 is in OPEN state, but the datanode 0a72d9f0-d385-4350-a485-113e43f7c69c{ip: 192.168.69.90, host: pr-revert-24-hdds-2181-89r8m-3343634851, networkLocation: /default-rack, certSerialId: null} reports an CLOSED replica.
2019-10-15 21:54:07,613 [EventQueue-ContainerReportForContainerReportHandler] WARN  container.ContainerReportHandler (AbstractContainerReportHandler.java:updateContainerState(145)) - Container #1 is in OPEN state, but the datanode 6a83fe04-c8c3-48c1-8861-8f81e89cd03c{ip: 192.168.69.90, host: pr-revert-24-hdds-2181-89r8m-3343634851, networkLocation: /default-rack, certSerialId: null} reports an CLOSED replica.
2019-10-15 21:54:07,827 [EventQueue-ContainerReportForContainerReportHandler] WARN  container.ContainerReportHandler (AbstractContainerReportHandler.java:updateContainerState(145)) - Container #1 is in OPEN state, but the datanode 0a72d9f0-d385-4350-a485-113e43f7c69c{ip: 192.168.69.90, host: pr-revert-24-hdds-2181-89r8m-3343634851, networkLocation: /default-rack, certSerialId: null} reports an CLOSED replica.
2019-10-15 21:54:07,914 [EventQueue-ContainerReportForContainerReportHandler] WARN  container.ContainerReportHandler (AbstractContainerReportHandler.java:updateContainerState(145)) - Container #1 is in OPEN state, but the datanode 6a83fe04-c8c3-48c1-8861-8f81e89cd03c{ip: 192.168.69.90, host: pr-revert-24-hdds-2181-89r8m-3343634851, networkLocation: /default-rack, certSerialId: null} reports an CLOSED replica.
2019-10-15 21:54:08,027 [EventQueue-ContainerReportForContainerReportHandler] WARN  container.ContainerReportHandler (AbstractContainerReportHandler.java:updateContainerState(145)) - Container #1 is in OPEN state, but the datanode 0a72d9f0-d385-4350-a485-113e43f7c69c{ip: 192.168.69.90, host: pr-revert-24-hdds-2181-89r8m-3343634851, networkLocation: /default-rack, certSerialId: null} reports an CLOSED replica.
2019-10-15 21:54:08,149 [BlockDeletingService#2] WARN  background.BlockDeletingService (BlockDeletingService.java:isDeletionAllowed(187)) - Close Container log Index 6 is not replicated across allthe servers in the pipeline 4353dad5-98e9-4a09-96de-f62649f7af7f as the min replicated index is 4. Deletion is not allowed in this container yet.
2019-10-15 21:54:08,149 [BlockDeletingService#2] WARN  background.BlockDeletingService (BlockDeletingService.java:isDeletionAllowed(187)) - Close Container log Index 6 is not replicated across allthe servers in the pipeline 4353dad5-98e9-4a09-96de-f62649f7af7f as the min replicated index is 4. Deletion is not allowed in this container yet.
2019-10-15 21:54:08,216 [EventQueue-ContainerReportForContainerReportHandler] WARN  container.ContainerReportHandler (AbstractContainerReportHandler.java:updateContainerState(145)) - Container #1 is in OPEN state, but the datanode 6a83fe04-c8c3-48c1-8861-8f81e89cd03c{ip: 192.168.69.90, host: pr-revert-24-hdds-2181-89r8m-3343634851, networkLocation: /default-rack, certSerialId: null} reports an CLOSED replica.
2019-10-15 21:54:08,327 [EventQueue-ContainerReportForContainerReportHandler] WARN  container.ContainerReportHandler (AbstractContainerReportHandler.java:updateContainerState(145)) - Container #1 is in OPEN state, but the datanode 0a72d9f0-d385-4350-a485-113e43f7c69c{ip: 192.168.69.90, host: pr-revert-24-hdds-2181-89r8m-3343634851, networkLocation: /default-rack, certSerialId: null} reports an CLOSED replica.
2019-10-15 21:54:08,415 [EventQueue-ContainerReportForContainerReportHandler] WARN  container.ContainerReportHandler (AbstractContainerReportHandler.java:updateContainerState(145)) - Container #1 is in OPEN state, but the datanode 6a83fe04-c8c3-48c1-8861-8f81e89cd03c{ip: 192.168.69.90, host: pr-revert-24-hdds-2181-89r8m-3343634851, networkLocation: /default-rack, certSerialId: null} reports an CLOSED replica.
2019-10-15 21:54:08,627 [EventQueue-ContainerReportForContainerReportHandler] WARN  container.ContainerReportHandler (AbstractContainerReportHandler.java:updateContainerState(145)) - Container #1 is in OPEN state, but the datanode 0a72d9f0-d385-4350-a485-113e43f7c69c{ip: 192.168.69.90, host: pr-revert-24-hdds-2181-89r8m-3343634851, networkLocation: /default-rack, certSerialId: null} reports an CLOSED replica.
2019-10-15 21:54:08,715 [EventQueue-ContainerReportForContainerReportHandler] WARN  container.ContainerReportHandler (AbstractContainerReportHandler.java:updateContainerState(145)) - Container #1 is in OPEN state, but the datanode 6a83fe04-c8c3-48c1-8861-8f81e89cd03c{ip: 192.168.69.90, host: pr-revert-24-hdds-2181-89r8m-3343634851, networkLocation: /default-rack, certSerialId: null} reports an CLOSED replica.
2019-10-15 21:54:08,927 [EventQueue-ContainerReportForContainerReportHandler] WARN  container.ContainerReportHandler (AbstractContainerReportHandler.java:updateContainerState(145)) - Container #1 is in OPEN state, but the datanode 0a72d9f0-d385-4350-a485-113e43f7c69c{ip: 192.168.69.90, host: pr-revert-24-hdds-2181-89r8m-3343634851, networkLocation: /default-rack, certSerialId: null} reports an CLOSED replica.
2019-10-15 21:54:09,002 [java.util.concurrent.ThreadPoolExecutor$Worker@1e69e541[State = -1, empty queue]] WARN  server.GrpcLogAppender (GrpcLogAppender.java:timeoutAppendRequest(209)) - 6a83fe04-c8c3-48c1-8861-8f81e89cd03c@group-F62649F7AF7F->04d05b50-beb8-4841-9ce1-2061f7b42c80-GrpcLogAppender: appendEntries Timeout, request=6a83fe04-c8c3-48c1-8861-8f81e89cd03c->04d05b50-beb8-4841-9ce1-2061f7b42c80#39-t2, previous=(t:2, i:10), leaderCommit=10, initializing? false, entries: <empty>
2019-10-15 21:54:09,118 [EventQueue-ContainerReportForContainerReportHandler] WARN  container.ContainerReportHandler (AbstractContainerReportHandler.java:updateContainerState(145)) - Container #1 is in OPEN state, but the datanode 6a83fe04-c8c3-48c1-8861-8f81e89cd03c{ip: 192.168.69.90, host: pr-revert-24-hdds-2181-89r8m-3343634851, networkLocation: /default-rack, certSerialId: null} reports an CLOSED replica.
2019-10-15 21:54:09,152 [BlockDeletingService#2] WARN  background.BlockDeletingService (BlockDeletingService.java:isDeletionAllowed(187)) - Close Container log Index 6 is not replicated across allthe servers in the pipeline 4353dad5-98e9-4a09-96de-f62649f7af7f as the min replicated index is 4. Deletion is not allowed in this container yet.
2019-10-15 21:54:09,152 [BlockDeletingService#2] WARN  background.BlockDeletingService (BlockDeletingService.java:isDeletionAllowed(187)) - Close Container log Index 6 is not replicated across allthe servers in the pipeline 4353dad5-98e9-4a09-96de-f62649f7af7f as the min replicated index is 4. Deletion is not allowed in this container yet.
2019-10-15 21:54:09,157 [Thread-436] INFO  client.GrpcClientProtocolService (GrpcClientProtocolService.java:lambda$processClientRequest$0(278)) - Failed RaftClientRequest:client-92BC3EC04FB4->0a72d9f0-d385-4350-a485-113e43f7c69c@group-F62649F7AF7F, cid=10, seq=0, Watch-ALL_COMMITTED(6), Message:<EMPTY>, reply=RaftClientReply:client-92BC3EC04FB4->0a72d9f0-d385-4350-a485-113e43f7c69c@group-F62649F7AF7F, cid=10, FAILED org.apache.ratis.protocol.NotLeaderException: Server 0a72d9f0-d385-4350-a485-113e43f7c69c@group-F62649F7AF7F is not the leader 6a83fe04-c8c3-48c1-8861-8f81e89cd03c:192.168.69.90:44841, logIndex=0, commits[0a72d9f0-d385-4350-a485-113e43f7c69c:c10, 6a83fe04-c8c3-48c1-8861-8f81e89cd03c:c10, 04d05b50-beb8-4841-9ce1-2061f7b42c80:c4]
2019-10-15 21:54:09,319 [EventQueue-ContainerReportForContainerReportHandler] WARN  container.ContainerReportHandler (AbstractContainerReportHandler.java:updateContainerState(145)) - Container #1 is in OPEN state, but the datanode 6a83fe04-c8c3-48c1-8861-8f81e89cd03c{ip: 192.168.69.90, host: pr-revert-24-hdds-2181-89r8m-3343634851, networkLocation: /default-rack, certSerialId: null} reports an CLOSED replica.
2019-10-15 21:54:09,327 [EventQueue-ContainerReportForContainerReportHandler] WARN  container.ContainerReportHandler (AbstractContainerReportHandler.java:updateContainerState(145)) - Container #1 is in OPEN state, but the datanode 0a72d9f0-d385-4350-a485-113e43f7c69c{ip: 192.168.69.90, host: pr-revert-24-hdds-2181-89r8m-3343634851, networkLocation: /default-rack, certSerialId: null} reports an CLOSED replica.
2019-10-15 21:54:09,518 [EventQueue-ContainerReportForContainerReportHandler] WARN  container.ContainerReportHandler (AbstractContainerReportHandler.java:updateContainerState(145)) - Container #1 is in OPEN state, but the datanode 6a83fe04-c8c3-48c1-8861-8f81e89cd03c{ip: 192.168.69.90, host: pr-revert-24-hdds-2181-89r8m-3343634851, networkLocation: /default-rack, certSerialId: null} reports an CLOSED replica.
2019-10-15 21:54:09,727 [EventQueue-ContainerReportForContainerReportHandler] WARN  container.ContainerReportHandler (AbstractContainerReportHandler.java:updateContainerState(145)) - Container #1 is in OPEN state, but the datanode 0a72d9f0-d385-4350-a485-113e43f7c69c{ip: 192.168.69.90, host: pr-revert-24-hdds-2181-89r8m-3343634851, networkLocation: /default-rack, certSerialId: null} reports an CLOSED replica.
2019-10-15 21:54:09,886 [Thread-439] INFO  client.GrpcClientProtocolService (GrpcClientProtocolService.java:lambda$processClientRequest$0(278)) - Failed RaftClientRequest:client-92BC3EC04FB4->6a83fe04-c8c3-48c1-8861-8f81e89cd03c@group-F62649F7AF7F, cid=10, seq=0, Watch-ALL_COMMITTED(6), Message:<EMPTY>, reply=RaftClientReply:client-92BC3EC04FB4->6a83fe04-c8c3-48c1-8861-8f81e89cd03c@group-F62649F7AF7F, cid=10, FAILED org.apache.ratis.protocol.NotReplicatedException: Request with call Id 10 and log index 6 is not yet replicated to ALL_COMMITTED, logIndex=6, commits[6a83fe04-c8c3-48c1-8861-8f81e89cd03c:c10, 04d05b50-beb8-4841-9ce1-2061f7b42c80:c4, 0a72d9f0-d385-4350-a485-113e43f7c69c:c10]
2019-10-15 21:54:09,919 [EventQueue-ContainerReportForContainerReportHandler] WARN  container.ContainerReportHandler (AbstractContainerReportHandler.java:updateContainerState(145)) - Container #1 is in OPEN state, but the datanode 6a83fe04-c8c3-48c1-8861-8f81e89cd03c{ip: 192.168.69.90, host: pr-revert-24-hdds-2181-89r8m-3343634851, networkLocation: /default-rack, certSerialId: null} reports an CLOSED replica.
2019-10-15 21:54:09,927 [EventQueue-ContainerReportForContainerReportHandler] WARN  container.ContainerReportHandler (AbstractContainerReportHandler.java:updateContainerState(145)) - Container #1 is in OPEN state, but the datanode 0a72d9f0-d385-4350-a485-113e43f7c69c{ip: 192.168.69.90, host: pr-revert-24-hdds-2181-89r8m-3343634851, networkLocation: /default-rack, certSerialId: null} reports an CLOSED replica.
2019-10-15 21:54:10,155 [BlockDeletingService#2] WARN  background.BlockDeletingService (BlockDeletingService.java:isDeletionAllowed(187)) - Close Container log Index 6 is not replicated across allthe servers in the pipeline 4353dad5-98e9-4a09-96de-f62649f7af7f as the min replicated index is 4. Deletion is not allowed in this container yet.
2019-10-15 21:54:10,155 [BlockDeletingService#2] WARN  background.BlockDeletingService (BlockDeletingService.java:isDeletionAllowed(187)) - Close Container log Index 6 is not replicated across allthe servers in the pipeline 4353dad5-98e9-4a09-96de-f62649f7af7f as the min replicated index is 4. Deletion is not allowed in this container yet.
2019-10-15 21:54:10,219 [EventQueue-ContainerReportForContainerReportHandler] WARN  container.ContainerReportHandler (AbstractContainerReportHandler.java:updateContainerState(145)) - Container #1 is in OPEN state, but the datanode 6a83fe04-c8c3-48c1-8861-8f81e89cd03c{ip: 192.168.69.90, host: pr-revert-24-hdds-2181-89r8m-3343634851, networkLocation: /default-rack, certSerialId: null} reports an CLOSED replica.
2019-10-15 21:54:10,328 [EventQueue-ContainerReportForContainerReportHandler] WARN  container.ContainerReportHandler (AbstractContainerReportHandler.java:updateContainerState(145)) - Container #1 is in OPEN state, but the datanode 0a72d9f0-d385-4350-a485-113e43f7c69c{ip: 192.168.69.90, host: pr-revert-24-hdds-2181-89r8m-3343634851, networkLocation: /default-rack, certSerialId: null} reports an CLOSED replica.
2019-10-15 21:54:10,619 [EventQueue-ContainerReportForContainerReportHandler] WARN  container.ContainerReportHandler (AbstractContainerReportHandler.java:updateContainerState(145)) - Container #1 is in OPEN state, but the datanode 6a83fe04-c8c3-48c1-8861-8f81e89cd03c{ip: 192.168.69.90, host: pr-revert-24-hdds-2181-89r8m-3343634851, networkLocation: /default-rack, certSerialId: null} reports an CLOSED replica.
2019-10-15 21:54:10,628 [EventQueue-ContainerReportForContainerReportHandler] WARN  container.ContainerReportHandler (AbstractContainerReportHandler.java:updateContainerState(145)) - Container #1 is in OPEN state, but the datanode 0a72d9f0-d385-4350-a485-113e43f7c69c{ip: 192.168.69.90, host: pr-revert-24-hdds-2181-89r8m-3343634851, networkLocation: /default-rack, certSerialId: null} reports an CLOSED replica.
2019-10-15 21:54:10,819 [EventQueue-ContainerReportForContainerReportHandler] WARN  container.ContainerReportHandler (AbstractContainerReportHandler.java:updateContainerState(145)) - Container #1 is in OPEN state, but the datanode 6a83fe04-c8c3-48c1-8861-8f81e89cd03c{ip: 192.168.69.90, host: pr-revert-24-hdds-2181-89r8m-3343634851, networkLocation: /default-rack, certSerialId: null} reports an CLOSED replica.
2019-10-15 21:54:10,927 [EventQueue-ContainerReportForContainerReportHandler] WARN  container.ContainerReportHandler (AbstractContainerReportHandler.java:updateContainerState(145)) - Container #1 is in OPEN state, but the datanode 0a72d9f0-d385-4350-a485-113e43f7c69c{ip: 192.168.69.90, host: pr-revert-24-hdds-2181-89r8m-3343634851, networkLocation: /default-rack, certSerialId: null} reports an CLOSED replica.
2019-10-15 21:54:11,019 [EventQueue-ContainerReportForContainerReportHandler] WARN  container.ContainerReportHandler (AbstractContainerReportHandler.java:updateContainerState(145)) - Container #1 is in OPEN state, but the datanode 6a83fe04-c8c3-48c1-8861-8f81e89cd03c{ip: 192.168.69.90, host: pr-revert-24-hdds-2181-89r8m-3343634851, networkLocation: /default-rack, certSerialId: null} reports an CLOSED replica.
2019-10-15 21:54:11,127 [EventQueue-ContainerReportForContainerReportHandler] WARN  container.ContainerReportHandler (AbstractContainerReportHandler.java:updateContainerState(145)) - Container #1 is in OPEN state, but the datanode 0a72d9f0-d385-4350-a485-113e43f7c69c{ip: 192.168.69.90, host: pr-revert-24-hdds-2181-89r8m-3343634851, networkLocation: /default-rack, certSerialId: null} reports an CLOSED replica.
2019-10-15 21:54:11,158 [BlockDeletingService#2] WARN  background.BlockDeletingService (BlockDeletingService.java:isDeletionAllowed(187)) - Close Container log Index 6 is not replicated across allthe servers in the pipeline 4353dad5-98e9-4a09-96de-f62649f7af7f as the min replicated index is 4. Deletion is not allowed in this container yet.
2019-10-15 21:54:11,158 [BlockDeletingService#2] WARN  background.BlockDeletingService (BlockDeletingService.java:isDeletionAllowed(187)) - Close Container log Index 6 is not replicated across allthe servers in the pipeline 4353dad5-98e9-4a09-96de-f62649f7af7f as the min replicated index is 4. Deletion is not allowed in this container yet.
2019-10-15 21:54:11,419 [EventQueue-ContainerReportForContainerReportHandler] WARN  container.ContainerReportHandler (AbstractContainerReportHandler.java:updateContainerState(145)) - Container #1 is in OPEN state, but the datanode 6a83fe04-c8c3-48c1-8861-8f81e89cd03c{ip: 192.168.69.90, host: pr-revert-24-hdds-2181-89r8m-3343634851, networkLocation: /default-rack, certSerialId: null} reports an CLOSED replica.
2019-10-15 21:54:11,503 [java.util.concurrent.ThreadPoolExecutor$Worker@1e69e541[State = -1, empty queue]] WARN  server.GrpcLogAppender (GrpcLogAppender.java:timeoutAppendRequest(209)) - 6a83fe04-c8c3-48c1-8861-8f81e89cd03c@group-F62649F7AF7F->04d05b50-beb8-4841-9ce1-2061f7b42c80-GrpcLogAppender: appendEntries Timeout, request=6a83fe04-c8c3-48c1-8861-8f81e89cd03c->04d05b50-beb8-4841-9ce1-2061f7b42c80#40-t2, previous=(t:2, i:10), leaderCommit=10, initializing? false, entries: <empty>
2019-10-15 21:54:11,528 [EventQueue-ContainerReportForContainerReportHandler] WARN  container.ContainerReportHandler (AbstractContainerReportHandler.java:updateContainerState(145)) - Container #1 is in OPEN state, but the datanode 0a72d9f0-d385-4350-a485-113e43f7c69c{ip: 192.168.69.90, host: pr-revert-24-hdds-2181-89r8m-3343634851, networkLocation: /default-rack, certSerialId: null} reports an CLOSED replica.
2019-10-15 21:54:11,721 [EventQueue-ContainerReportForContainerReportHandler] WARN  container.ContainerReportHandler (AbstractContainerReportHandler.java:updateContainerState(145)) - Container #1 is in OPEN state, but the datanode 6a83fe04-c8c3-48c1-8861-8f81e89cd03c{ip: 192.168.69.90, host: pr-revert-24-hdds-2181-89r8m-3343634851, networkLocation: /default-rack, certSerialId: null} reports an CLOSED replica.
2019-10-15 21:54:11,828 [EventQueue-ContainerReportForContainerReportHandler] WARN  container.ContainerReportHandler (AbstractContainerReportHandler.java:updateContainerState(145)) - Container #1 is in OPEN state, but the datanode 0a72d9f0-d385-4350-a485-113e43f7c69c{ip: 192.168.69.90, host: pr-revert-24-hdds-2181-89r8m-3343634851, networkLocation: /default-rack, certSerialId: null} reports an CLOSED replica.
2019-10-15 21:54:12,020 [EventQueue-ContainerReportForContainerReportHandler] WARN  container.ContainerReportHandler (AbstractContainerReportHandler.java:updateContainerState(145)) - Container #1 is in OPEN state, but the datanode 6a83fe04-c8c3-48c1-8861-8f81e89cd03c{ip: 192.168.69.90, host: pr-revert-24-hdds-2181-89r8m-3343634851, networkLocation: /default-rack, certSerialId: null} reports an CLOSED replica.
2019-10-15 21:54:12,129 [EventQueue-ContainerReportForContainerReportHandler] WARN  container.ContainerReportHandler (AbstractContainerReportHandler.java:updateContainerState(145)) - Container #1 is in OPEN state, but the datanode 0a72d9f0-d385-4350-a485-113e43f7c69c{ip: 192.168.69.90, host: pr-revert-24-hdds-2181-89r8m-3343634851, networkLocation: /default-rack, certSerialId: null} reports an CLOSED replica.
2019-10-15 21:54:12,161 [BlockDeletingService#2] WARN  background.BlockDeletingService (BlockDeletingService.java:isDeletionAllowed(187)) - Close Container log Index 6 is not replicated across allthe servers in the pipeline 4353dad5-98e9-4a09-96de-f62649f7af7f as the min replicated index is 4. Deletion is not allowed in this container yet.
2019-10-15 21:54:12,161 [BlockDeletingService#2] WARN  background.BlockDeletingService (BlockDeletingService.java:isDeletionAllowed(187)) - Close Container log Index 6 is not replicated across allthe servers in the pipeline 4353dad5-98e9-4a09-96de-f62649f7af7f as the min replicated index is 4. Deletion is not allowed in this container yet.
2019-10-15 21:54:12,220 [EventQueue-ContainerReportForContainerReportHandler] WARN  container.ContainerReportHandler (AbstractContainerReportHandler.java:updateContainerState(145)) - Container #1 is in OPEN state, but the datanode 6a83fe04-c8c3-48c1-8861-8f81e89cd03c{ip: 192.168.69.90, host: pr-revert-24-hdds-2181-89r8m-3343634851, networkLocation: /default-rack, certSerialId: null} reports an CLOSED replica.
2019-10-15 21:54:12,521 [EventQueue-ContainerReportForContainerReportHandler] WARN  container.ContainerReportHandler (AbstractContainerReportHandler.java:updateContainerState(145)) - Container #1 is in OPEN state, but the datanode 6a83fe04-c8c3-48c1-8861-8f81e89cd03c{ip: 192.168.69.90, host: pr-revert-24-hdds-2181-89r8m-3343634851, networkLocation: /default-rack, certSerialId: null} reports an CLOSED replica.
2019-10-15 21:54:12,529 [EventQueue-ContainerReportForContainerReportHandler] WARN  container.ContainerReportHandler (AbstractContainerReportHandler.java:updateContainerState(145)) - Container #1 is in OPEN state, but the datanode 0a72d9f0-d385-4350-a485-113e43f7c69c{ip: 192.168.69.90, host: pr-revert-24-hdds-2181-89r8m-3343634851, networkLocation: /default-rack, certSerialId: null} reports an CLOSED replica.
2019-10-15 21:54:12,720 [EventQueue-ContainerReportForContainerReportHandler] WARN  container.ContainerReportHandler (AbstractContainerReportHandler.java:updateContainerState(145)) - Container #1 is in OPEN state, but the datanode 6a83fe04-c8c3-48c1-8861-8f81e89cd03c{ip: 192.168.69.90, host: pr-revert-24-hdds-2181-89r8m-3343634851, networkLocation: /default-rack, certSerialId: null} reports an CLOSED replica.
2019-10-15 21:54:12,729 [EventQueue-ContainerReportForContainerReportHandler] WARN  container.ContainerReportHandler (AbstractContainerReportHandler.java:updateContainerState(145)) - Container #1 is in OPEN state, but the datanode 0a72d9f0-d385-4350-a485-113e43f7c69c{ip: 192.168.69.90, host: pr-revert-24-hdds-2181-89r8m-3343634851, networkLocation: /default-rack, certSerialId: null} reports an CLOSED replica.
2019-10-15 21:54:13,020 [EventQueue-ContainerReportForContainerReportHandler] WARN  container.ContainerReportHandler (AbstractContainerReportHandler.java:updateContainerState(145)) - Container #1 is in OPEN state, but the datanode 6a83fe04-c8c3-48c1-8861-8f81e89cd03c{ip: 192.168.69.90, host: pr-revert-24-hdds-2181-89r8m-3343634851, networkLocation: /default-rack, certSerialId: null} reports an CLOSED replica.
2019-10-15 21:54:13,129 [EventQueue-ContainerReportForContainerReportHandler] WARN  container.ContainerReportHandler (AbstractContainerReportHandler.java:updateContainerState(145)) - Container #1 is in OPEN state, but the datanode 0a72d9f0-d385-4350-a485-113e43f7c69c{ip: 192.168.69.90, host: pr-revert-24-hdds-2181-89r8m-3343634851, networkLocation: /default-rack, certSerialId: null} reports an CLOSED replica.
2019-10-15 21:54:13,164 [BlockDeletingService#2] WARN  background.BlockDeletingService (BlockDeletingService.java:isDeletionAllowed(187)) - Close Container log Index 6 is not replicated across allthe servers in the pipeline 4353dad5-98e9-4a09-96de-f62649f7af7f as the min replicated index is 4. Deletion is not allowed in this container yet.
2019-10-15 21:54:13,164 [BlockDeletingService#2] WARN  background.BlockDeletingService (BlockDeletingService.java:isDeletionAllowed(187)) - Close Container log Index 6 is not replicated across allthe servers in the pipeline 4353dad5-98e9-4a09-96de-f62649f7af7f as the min replicated index is 4. Deletion is not allowed in this container yet.
2019-10-15 21:54:13,329 [EventQueue-ContainerReportForContainerReportHandler] WARN  container.ContainerReportHandler (AbstractContainerReportHandler.java:updateContainerState(145)) - Container #1 is in OPEN state, but the datanode 0a72d9f0-d385-4350-a485-113e43f7c69c{ip: 192.168.69.90, host: pr-revert-24-hdds-2181-89r8m-3343634851, networkLocation: /default-rack, certSerialId: null} reports an CLOSED replica.
2019-10-15 21:54:13,420 [EventQueue-ContainerReportForContainerReportHandler] WARN  container.ContainerReportHandler (AbstractContainerReportHandler.java:updateContainerState(145)) - Container #1 is in OPEN state, but the datanode 6a83fe04-c8c3-48c1-8861-8f81e89cd03c{ip: 192.168.69.90, host: pr-revert-24-hdds-2181-89r8m-3343634851, networkLocation: /default-rack, certSerialId: null} reports an CLOSED replica.
2019-10-15 21:54:13,629 [EventQueue-ContainerReportForContainerReportHandler] WARN  container.ContainerReportHandler (AbstractContainerReportHandler.java:updateContainerState(145)) - Container #1 is in OPEN state, but the datanode 0a72d9f0-d385-4350-a485-113e43f7c69c{ip: 192.168.69.90, host: pr-revert-24-hdds-2181-89r8m-3343634851, networkLocation: /default-rack, certSerialId: null} reports an CLOSED replica.
2019-10-15 21:54:13,720 [EventQueue-ContainerReportForContainerReportHandler] WARN  container.ContainerReportHandler (AbstractContainerReportHandler.java:updateContainerState(145)) - Container #1 is in OPEN state, but the datanode 6a83fe04-c8c3-48c1-8861-8f81e89cd03c{ip: 192.168.69.90, host: pr-revert-24-hdds-2181-89r8m-3343634851, networkLocation: /default-rack, certSerialId: null} reports an CLOSED replica.
2019-10-15 21:54:13,920 [EventQueue-ContainerReportForContainerReportHandler] WARN  container.ContainerReportHandler (AbstractContainerReportHandler.java:updateContainerState(145)) - Container #1 is in OPEN state, but the datanode 6a83fe04-c8c3-48c1-8861-8f81e89cd03c{ip: 192.168.69.90, host: pr-revert-24-hdds-2181-89r8m-3343634851, networkLocation: /default-rack, certSerialId: null} reports an CLOSED replica.
2019-10-15 21:54:13,929 [EventQueue-ContainerReportForContainerReportHandler] WARN  container.ContainerReportHandler (AbstractContainerReportHandler.java:updateContainerState(145)) - Container #1 is in OPEN state, but the datanode 0a72d9f0-d385-4350-a485-113e43f7c69c{ip: 192.168.69.90, host: pr-revert-24-hdds-2181-89r8m-3343634851, networkLocation: /default-rack, certSerialId: null} reports an CLOSED replica.
2019-10-15 21:54:14,005 [java.util.concurrent.ThreadPoolExecutor$Worker@1e69e541[State = -1, empty queue]] WARN  server.GrpcLogAppender (GrpcLogAppender.java:timeoutAppendRequest(209)) - 6a83fe04-c8c3-48c1-8861-8f81e89cd03c@group-F62649F7AF7F->04d05b50-beb8-4841-9ce1-2061f7b42c80-GrpcLogAppender: appendEntries Timeout, request=6a83fe04-c8c3-48c1-8861-8f81e89cd03c->04d05b50-beb8-4841-9ce1-2061f7b42c80#41-t2, previous=(t:2, i:10), leaderCommit=10, initializing? false, entries: <empty>
2019-10-15 21:54:14,167 [BlockDeletingService#2] WARN  background.BlockDeletingService (BlockDeletingService.java:isDeletionAllowed(187)) - Close Container log Index 6 is not replicated across allthe servers in the pipeline 4353dad5-98e9-4a09-96de-f62649f7af7f as the min replicated index is 4. Deletion is not allowed in this container yet.
2019-10-15 21:54:14,167 [BlockDeletingService#2] WARN  background.BlockDeletingService (BlockDeletingService.java:isDeletionAllowed(187)) - Close Container log Index 6 is not replicated across allthe servers in the pipeline 4353dad5-98e9-4a09-96de-f62649f7af7f as the min replicated index is 4. Deletion is not allowed in this container yet.
2019-10-15 21:54:14,229 [EventQueue-ContainerReportForContainerReportHandler] WARN  container.ContainerReportHandler (AbstractContainerReportHandler.java:updateContainerState(145)) - Container #1 is in OPEN state, but the datanode 0a72d9f0-d385-4350-a485-113e43f7c69c{ip: 192.168.69.90, host: pr-revert-24-hdds-2181-89r8m-3343634851, networkLocation: /default-rack, certSerialId: null} reports an CLOSED replica.
2019-10-15 21:54:14,323 [EventQueue-ContainerReportForContainerReportHandler] WARN  container.ContainerReportHandler (AbstractContainerReportHandler.java:updateContainerState(145)) - Container #1 is in OPEN state, but the datanode 6a83fe04-c8c3-48c1-8861-8f81e89cd03c{ip: 192.168.69.90, host: pr-revert-24-hdds-2181-89r8m-3343634851, networkLocation: /default-rack, certSerialId: null} reports an CLOSED replica.
2019-10-15 21:54:14,620 [EventQueue-ContainerReportForContainerReportHandler] WARN  container.ContainerReportHandler (AbstractContainerReportHandler.java:updateContainerState(145)) - Container #1 is in OPEN state, but the datanode 6a83fe04-c8c3-48c1-8861-8f81e89cd03c{ip: 192.168.69.90, host: pr-revert-24-hdds-2181-89r8m-3343634851, networkLocation: /default-rack, certSerialId: null} reports an CLOSED replica.
2019-10-15 21:54:14,630 [EventQueue-ContainerReportForContainerReportHandler] WARN  container.ContainerReportHandler (AbstractContainerReportHandler.java:updateContainerState(145)) - Container #1 is in OPEN state, but the datanode 0a72d9f0-d385-4350-a485-113e43f7c69c{ip: 192.168.69.90, host: pr-revert-24-hdds-2181-89r8m-3343634851, networkLocation: /default-rack, certSerialId: null} reports an CLOSED replica.
2019-10-15 21:54:14,821 [EventQueue-ContainerReportForContainerReportHandler] WARN  container.ContainerReportHandler (AbstractContainerReportHandler.java:updateContainerState(145)) - Container #1 is in OPEN state, but the datanode 6a83fe04-c8c3-48c1-8861-8f81e89cd03c{ip: 192.168.69.90, host: pr-revert-24-hdds-2181-89r8m-3343634851, networkLocation: /default-rack, certSerialId: null} reports an CLOSED replica.
2019-10-15 21:54:14,930 [EventQueue-ContainerReportForContainerReportHandler] WARN  container.ContainerReportHandler (AbstractContainerReportHandler.java:updateContainerState(145)) - Container #1 is in OPEN state, but the datanode 0a72d9f0-d385-4350-a485-113e43f7c69c{ip: 192.168.69.90, host: pr-revert-24-hdds-2181-89r8m-3343634851, networkLocation: /default-rack, certSerialId: null} reports an CLOSED replica.
2019-10-15 21:54:15,020 [EventQueue-ContainerReportForContainerReportHandler] WARN  container.ContainerReportHandler (AbstractContainerReportHandler.java:updateContainerState(145)) - Container #1 is in OPEN state, but the datanode 6a83fe04-c8c3-48c1-8861-8f81e89cd03c{ip: 192.168.69.90, host: pr-revert-24-hdds-2181-89r8m-3343634851, networkLocation: /default-rack, certSerialId: null} reports an CLOSED replica.
2019-10-15 21:54:15,170 [BlockDeletingService#2] WARN  background.BlockDeletingService (BlockDeletingService.java:isDeletionAllowed(187)) - Close Container log Index 6 is not replicated across allthe servers in the pipeline 4353dad5-98e9-4a09-96de-f62649f7af7f as the min replicated index is 4. Deletion is not allowed in this container yet.
2019-10-15 21:54:15,170 [BlockDeletingService#2] WARN  background.BlockDeletingService (BlockDeletingService.java:isDeletionAllowed(187)) - Close Container log Index 6 is not replicated across allthe servers in the pipeline 4353dad5-98e9-4a09-96de-f62649f7af7f as the min replicated index is 4. Deletion is not allowed in this container yet.
2019-10-15 21:54:15,231 [EventQueue-ContainerReportForContainerReportHandler] WARN  container.ContainerReportHandler (AbstractContainerReportHandler.java:updateContainerState(145)) - Container #1 is in OPEN state, but the datanode 0a72d9f0-d385-4350-a485-113e43f7c69c{ip: 192.168.69.90, host: pr-revert-24-hdds-2181-89r8m-3343634851, networkLocation: /default-rack, certSerialId: null} reports an CLOSED replica.
2019-10-15 21:54:15,320 [EventQueue-ContainerReportForContainerReportHandler] WARN  container.ContainerReportHandler (AbstractContainerReportHandler.java:updateContainerState(145)) - Container #1 is in OPEN state, but the datanode 6a83fe04-c8c3-48c1-8861-8f81e89cd03c{ip: 192.168.69.90, host: pr-revert-24-hdds-2181-89r8m-3343634851, networkLocation: /default-rack, certSerialId: null} reports an CLOSED replica.
2019-10-15 21:54:15,431 [EventQueue-ContainerReportForContainerReportHandler] WARN  container.ContainerReportHandler (AbstractContainerReportHandler.java:updateContainerState(145)) - Container #1 is in OPEN state, but the datanode 0a72d9f0-d385-4350-a485-113e43f7c69c{ip: 192.168.69.90, host: pr-revert-24-hdds-2181-89r8m-3343634851, networkLocation: /default-rack, certSerialId: null} reports an CLOSED replica.
2019-10-15 21:54:15,720 [EventQueue-ContainerReportForContainerReportHandler] WARN  container.ContainerReportHandler (AbstractContainerReportHandler.java:updateContainerState(145)) - Container #1 is in OPEN state, but the datanode 6a83fe04-c8c3-48c1-8861-8f81e89cd03c{ip: 192.168.69.90, host: pr-revert-24-hdds-2181-89r8m-3343634851, networkLocation: /default-rack, certSerialId: null} reports an CLOSED replica.
2019-10-15 21:54:15,731 [EventQueue-ContainerReportForContainerReportHandler] WARN  container.ContainerReportHandler (AbstractContainerReportHandler.java:updateContainerState(145)) - Container #1 is in OPEN state, but the datanode 0a72d9f0-d385-4350-a485-113e43f7c69c{ip: 192.168.69.90, host: pr-revert-24-hdds-2181-89r8m-3343634851, networkLocation: /default-rack, certSerialId: null} reports an CLOSED replica.
2019-10-15 21:54:16,021 [EventQueue-ContainerReportForContainerReportHandler] WARN  container.ContainerReportHandler (AbstractContainerReportHandler.java:updateContainerState(145)) - Container #1 is in OPEN state, but the datanode 6a83fe04-c8c3-48c1-8861-8f81e89cd03c{ip: 192.168.69.90, host: pr-revert-24-hdds-2181-89r8m-3343634851, networkLocation: /default-rack, certSerialId: null} reports an CLOSED replica.
2019-10-15 21:54:16,031 [EventQueue-ContainerReportForContainerReportHandler] WARN  container.ContainerReportHandler (AbstractContainerReportHandler.java:updateContainerState(145)) - Container #1 is in OPEN state, but the datanode 0a72d9f0-d385-4350-a485-113e43f7c69c{ip: 192.168.69.90, host: pr-revert-24-hdds-2181-89r8m-3343634851, networkLocation: /default-rack, certSerialId: null} reports an CLOSED replica.
2019-10-15 21:54:16,172 [BlockDeletingService#2] WARN  background.BlockDeletingService (BlockDeletingService.java:isDeletionAllowed(187)) - Close Container log Index 6 is not replicated across allthe servers in the pipeline 4353dad5-98e9-4a09-96de-f62649f7af7f as the min replicated index is 4. Deletion is not allowed in this container yet.
2019-10-15 21:54:16,172 [BlockDeletingService#2] WARN  background.BlockDeletingService (BlockDeletingService.java:isDeletionAllowed(187)) - Close Container log Index 6 is not replicated across allthe servers in the pipeline 4353dad5-98e9-4a09-96de-f62649f7af7f as the min replicated index is 4. Deletion is not allowed in this container yet.
2019-10-15 21:54:16,221 [EventQueue-ContainerReportForContainerReportHandler] WARN  container.ContainerReportHandler (AbstractContainerReportHandler.java:updateContainerState(145)) - Container #1 is in OPEN state, but the datanode 6a83fe04-c8c3-48c1-8861-8f81e89cd03c{ip: 192.168.69.90, host: pr-revert-24-hdds-2181-89r8m-3343634851, networkLocation: /default-rack, certSerialId: null} reports an CLOSED replica.
2019-10-15 21:54:16,432 [EventQueue-ContainerReportForContainerReportHandler] WARN  container.ContainerReportHandler (AbstractContainerReportHandler.java:updateContainerState(145)) - Container #1 is in OPEN state, but the datanode 0a72d9f0-d385-4350-a485-113e43f7c69c{ip: 192.168.69.90, host: pr-revert-24-hdds-2181-89r8m-3343634851, networkLocation: /default-rack, certSerialId: null} reports an CLOSED replica.
2019-10-15 21:54:16,507 [java.util.concurrent.ThreadPoolExecutor$Worker@1e69e541[State = -1, empty queue]] WARN  server.GrpcLogAppender (GrpcLogAppender.java:timeoutAppendRequest(209)) - 6a83fe04-c8c3-48c1-8861-8f81e89cd03c@group-F62649F7AF7F->04d05b50-beb8-4841-9ce1-2061f7b42c80-GrpcLogAppender: appendEntries Timeout, request=6a83fe04-c8c3-48c1-8861-8f81e89cd03c->04d05b50-beb8-4841-9ce1-2061f7b42c80#42-t2, previous=(t:2, i:10), leaderCommit=10, initializing? false, entries: <empty>
2019-10-15 21:54:16,521 [EventQueue-ContainerReportForContainerReportHandler] WARN  container.ContainerReportHandler (AbstractContainerReportHandler.java:updateContainerState(145)) - Container #1 is in OPEN state, but the datanode 6a83fe04-c8c3-48c1-8861-8f81e89cd03c{ip: 192.168.69.90, host: pr-revert-24-hdds-2181-89r8m-3343634851, networkLocation: /default-rack, certSerialId: null} reports an CLOSED replica.
2019-10-15 21:54:16,722 [EventQueue-ContainerReportForContainerReportHandler] WARN  container.ContainerReportHandler (AbstractContainerReportHandler.java:updateContainerState(145)) - Container #1 is in OPEN state, but the datanode 6a83fe04-c8c3-48c1-8861-8f81e89cd03c{ip: 192.168.69.90, host: pr-revert-24-hdds-2181-89r8m-3343634851, networkLocation: /default-rack, certSerialId: null} reports an CLOSED replica.
2019-10-15 21:54:16,831 [EventQueue-ContainerReportForContainerReportHandler] WARN  container.ContainerReportHandler (AbstractContainerReportHandler.java:updateContainerState(145)) - Container #1 is in OPEN state, but the datanode 0a72d9f0-d385-4350-a485-113e43f7c69c{ip: 192.168.69.90, host: pr-revert-24-hdds-2181-89r8m-3343634851, networkLocation: /default-rack, certSerialId: null} reports an CLOSED replica.
2019-10-15 21:54:16,922 [EventQueue-ContainerReportForContainerReportHandler] WARN  container.ContainerReportHandler (AbstractContainerReportHandler.java:updateContainerState(145)) - Container #1 is in OPEN state, but the datanode 6a83fe04-c8c3-48c1-8861-8f81e89cd03c{ip: 192.168.69.90, host: pr-revert-24-hdds-2181-89r8m-3343634851, networkLocation: /default-rack, certSerialId: null} reports an CLOSED replica.
2019-10-15 21:54:17,031 [EventQueue-ContainerReportForContainerReportHandler] WARN  container.ContainerReportHandler (AbstractContainerReportHandler.java:updateContainerState(145)) - Container #1 is in OPEN state, but the datanode 0a72d9f0-d385-4350-a485-113e43f7c69c{ip: 192.168.69.90, host: pr-revert-24-hdds-2181-89r8m-3343634851, networkLocation: /default-rack, certSerialId: null} reports an CLOSED replica.
2019-10-15 21:54:17,175 [BlockDeletingService#2] WARN  background.BlockDeletingService (BlockDeletingService.java:isDeletionAllowed(187)) - Close Container log Index 6 is not replicated across allthe servers in the pipeline 4353dad5-98e9-4a09-96de-f62649f7af7f as the min replicated index is 4. Deletion is not allowed in this container yet.
2019-10-15 21:54:17,175 [BlockDeletingService#2] WARN  background.BlockDeletingService (BlockDeletingService.java:isDeletionAllowed(187)) - Close Container log Index 6 is not replicated across allthe servers in the pipeline 4353dad5-98e9-4a09-96de-f62649f7af7f as the min replicated index is 4. Deletion is not allowed in this container yet.
2019-10-15 21:54:17,322 [EventQueue-ContainerReportForContainerReportHandler] WARN  container.ContainerReportHandler (AbstractContainerReportHandler.java:updateContainerState(145)) - Container #1 is in OPEN state, but the datanode 6a83fe04-c8c3-48c1-8861-8f81e89cd03c{ip: 192.168.69.90, host: pr-revert-24-hdds-2181-89r8m-3343634851, networkLocation: /default-rack, certSerialId: null} reports an CLOSED replica.
2019-10-15 21:54:17,431 [EventQueue-ContainerReportForContainerReportHandler] WARN  container.ContainerReportHandler (AbstractContainerReportHandler.java:updateContainerState(145)) - Container #1 is in OPEN state, but the datanode 0a72d9f0-d385-4350-a485-113e43f7c69c{ip: 192.168.69.90, host: pr-revert-24-hdds-2181-89r8m-3343634851, networkLocation: /default-rack, certSerialId: null} reports an CLOSED replica.
2019-10-15 21:54:17,522 [EventQueue-ContainerReportForContainerReportHandler] WARN  container.ContainerReportHandler (AbstractContainerReportHandler.java:updateContainerState(145)) - Container #1 is in OPEN state, but the datanode 6a83fe04-c8c3-48c1-8861-8f81e89cd03c{ip: 192.168.69.90, host: pr-revert-24-hdds-2181-89r8m-3343634851, networkLocation: /default-rack, certSerialId: null} reports an CLOSED replica.
2019-10-15 21:54:17,723 [EventQueue-ContainerReportForContainerReportHandler] WARN  container.ContainerReportHandler (AbstractContainerReportHandler.java:updateContainerState(145)) - Container #1 is in OPEN state, but the datanode 6a83fe04-c8c3-48c1-8861-8f81e89cd03c{ip: 192.168.69.90, host: pr-revert-24-hdds-2181-89r8m-3343634851, networkLocation: /default-rack, certSerialId: null} reports an CLOSED replica.
2019-10-15 21:54:17,731 [EventQueue-ContainerReportForContainerReportHandler] WARN  container.ContainerReportHandler (AbstractContainerReportHandler.java:updateContainerState(145)) - Container #1 is in OPEN state, but the datanode 0a72d9f0-d385-4350-a485-113e43f7c69c{ip: 192.168.69.90, host: pr-revert-24-hdds-2181-89r8m-3343634851, networkLocation: /default-rack, certSerialId: null} reports an CLOSED replica.
2019-10-15 21:54:17,923 [EventQueue-ContainerReportForContainerReportHandler] WARN  container.ContainerReportHandler (AbstractContainerReportHandler.java:updateContainerState(145)) - Container #1 is in OPEN state, but the datanode 6a83fe04-c8c3-48c1-8861-8f81e89cd03c{ip: 192.168.69.90, host: pr-revert-24-hdds-2181-89r8m-3343634851, networkLocation: /default-rack, certSerialId: null} reports an CLOSED replica.
2019-10-15 21:54:17,932 [EventQueue-ContainerReportForContainerReportHandler] WARN  container.ContainerReportHandler (AbstractContainerReportHandler.java:updateContainerState(145)) - Container #1 is in OPEN state, but the datanode 0a72d9f0-d385-4350-a485-113e43f7c69c{ip: 192.168.69.90, host: pr-revert-24-hdds-2181-89r8m-3343634851, networkLocation: /default-rack, certSerialId: null} reports an CLOSED replica.
2019-10-15 21:54:18,177 [BlockDeletingService#2] WARN  background.BlockDeletingService (BlockDeletingService.java:isDeletionAllowed(187)) - Close Container log Index 6 is not replicated across allthe servers in the pipeline 4353dad5-98e9-4a09-96de-f62649f7af7f as the min replicated index is 4. Deletion is not allowed in this container yet.
2019-10-15 21:54:18,177 [BlockDeletingService#2] WARN  background.BlockDeletingService (BlockDeletingService.java:isDeletionAllowed(187)) - Close Container log Index 6 is not replicated across allthe servers in the pipeline 4353dad5-98e9-4a09-96de-f62649f7af7f as the min replicated index is 4. Deletion is not allowed in this container yet.
2019-10-15 21:54:18,197 [Thread-463] INFO  client.GrpcClientProtocolService (GrpcClientProtocolService.java:lambda$processClientRequest$0(278)) - Failed RaftClientRequest:client-92BC3EC04FB4->0a72d9f0-d385-4350-a485-113e43f7c69c@group-F62649F7AF7F, cid=10, seq=0, Watch-ALL_COMMITTED(6), Message:<EMPTY>, reply=RaftClientReply:client-92BC3EC04FB4->0a72d9f0-d385-4350-a485-113e43f7c69c@group-F62649F7AF7F, cid=10, FAILED org.apache.ratis.protocol.NotLeaderException: Server 0a72d9f0-d385-4350-a485-113e43f7c69c@group-F62649F7AF7F is not the leader 6a83fe04-c8c3-48c1-8861-8f81e89cd03c:192.168.69.90:44841, logIndex=0, commits[0a72d9f0-d385-4350-a485-113e43f7c69c:c10, 6a83fe04-c8c3-48c1-8861-8f81e89cd03c:c10, 04d05b50-beb8-4841-9ce1-2061f7b42c80:c4]
2019-10-15 21:54:18,232 [EventQueue-ContainerReportForContainerReportHandler] WARN  container.ContainerReportHandler (AbstractContainerReportHandler.java:updateContainerState(145)) - Container #1 is in OPEN state, but the datanode 0a72d9f0-d385-4350-a485-113e43f7c69c{ip: 192.168.69.90, host: pr-revert-24-hdds-2181-89r8m-3343634851, networkLocation: /default-rack, certSerialId: null} reports an CLOSED replica.
2019-10-15 21:54:18,322 [EventQueue-ContainerReportForContainerReportHandler] WARN  container.ContainerReportHandler (AbstractContainerReportHandler.java:updateContainerState(145)) - Container #1 is in OPEN state, but the datanode 6a83fe04-c8c3-48c1-8861-8f81e89cd03c{ip: 192.168.69.90, host: pr-revert-24-hdds-2181-89r8m-3343634851, networkLocation: /default-rack, certSerialId: null} reports an CLOSED replica.
2019-10-15 21:54:18,432 [EventQueue-ContainerReportForContainerReportHandler] WARN  container.ContainerReportHandler (AbstractContainerReportHandler.java:updateContainerState(145)) - Container #1 is in OPEN state, but the datanode 0a72d9f0-d385-4350-a485-113e43f7c69c{ip: 192.168.69.90, host: pr-revert-24-hdds-2181-89r8m-3343634851, networkLocation: /default-rack, certSerialId: null} reports an CLOSED replica.
2019-10-15 21:54:18,522 [EventQueue-ContainerReportForContainerReportHandler] WARN  container.ContainerReportHandler (AbstractContainerReportHandler.java:updateContainerState(145)) - Container #1 is in OPEN state, but the datanode 6a83fe04-c8c3-48c1-8861-8f81e89cd03c{ip: 192.168.69.90, host: pr-revert-24-hdds-2181-89r8m-3343634851, networkLocation: /default-rack, certSerialId: null} reports an CLOSED replica.
2019-10-15 21:54:18,632 [EventQueue-ContainerReportForContainerReportHandler] WARN  container.ContainerReportHandler (AbstractContainerReportHandler.java:updateContainerState(145)) - Container #1 is in OPEN state, but the datanode 0a72d9f0-d385-4350-a485-113e43f7c69c{ip: 192.168.69.90, host: pr-revert-24-hdds-2181-89r8m-3343634851, networkLocation: /default-rack, certSerialId: null} reports an CLOSED replica.
2019-10-15 21:54:18,832 [EventQueue-ContainerReportForContainerReportHandler] WARN  container.ContainerReportHandler (AbstractContainerReportHandler.java:updateContainerState(145)) - Container #1 is in OPEN state, but the datanode 0a72d9f0-d385-4350-a485-113e43f7c69c{ip: 192.168.69.90, host: pr-revert-24-hdds-2181-89r8m-3343634851, networkLocation: /default-rack, certSerialId: null} reports an CLOSED replica.
2019-10-15 21:54:18,922 [EventQueue-ContainerReportForContainerReportHandler] WARN  container.ContainerReportHandler (AbstractContainerReportHandler.java:updateContainerState(145)) - Container #1 is in OPEN state, but the datanode 6a83fe04-c8c3-48c1-8861-8f81e89cd03c{ip: 192.168.69.90, host: pr-revert-24-hdds-2181-89r8m-3343634851, networkLocation: /default-rack, certSerialId: null} reports an CLOSED replica.
2019-10-15 21:54:19,010 [java.util.concurrent.ThreadPoolExecutor$Worker@1e69e541[State = -1, empty queue]] WARN  server.GrpcLogAppender (GrpcLogAppender.java:timeoutAppendRequest(209)) - 6a83fe04-c8c3-48c1-8861-8f81e89cd03c@group-F62649F7AF7F->04d05b50-beb8-4841-9ce1-2061f7b42c80-GrpcLogAppender: appendEntries Timeout, request=6a83fe04-c8c3-48c1-8861-8f81e89cd03c->04d05b50-beb8-4841-9ce1-2061f7b42c80#43-t2, previous=(t:2, i:10), leaderCommit=10, initializing? false, entries: <empty>
2019-10-15 21:54:19,179 [BlockDeletingService#2] WARN  background.BlockDeletingService (BlockDeletingService.java:isDeletionAllowed(187)) - Close Container log Index 6 is not replicated across allthe servers in the pipeline 4353dad5-98e9-4a09-96de-f62649f7af7f as the min replicated index is 4. Deletion is not allowed in this container yet.
2019-10-15 21:54:19,179 [BlockDeletingService#2] WARN  background.BlockDeletingService (BlockDeletingService.java:isDeletionAllowed(187)) - Close Container log Index 6 is not replicated across allthe servers in the pipeline 4353dad5-98e9-4a09-96de-f62649f7af7f as the min replicated index is 4. Deletion is not allowed in this container yet.
2019-10-15 21:54:19,222 [EventQueue-ContainerReportForContainerReportHandler] WARN  container.ContainerReportHandler (AbstractContainerReportHandler.java:updateContainerState(145)) - Container #1 is in OPEN state, but the datanode 6a83fe04-c8c3-48c1-8861-8f81e89cd03c{ip: 192.168.69.90, host: pr-revert-24-hdds-2181-89r8m-3343634851, networkLocation: /default-rack, certSerialId: null} reports an CLOSED replica.
2019-10-15 21:54:19,232 [EventQueue-ContainerReportForContainerReportHandler] WARN  container.ContainerReportHandler (AbstractContainerReportHandler.java:updateContainerState(145)) - Container #1 is in OPEN state, but the datanode 0a72d9f0-d385-4350-a485-113e43f7c69c{ip: 192.168.69.90, host: pr-revert-24-hdds-2181-89r8m-3343634851, networkLocation: /default-rack, certSerialId: null} reports an CLOSED replica.
2019-10-15 21:54:19,622 [EventQueue-ContainerReportForContainerReportHandler] WARN  container.ContainerReportHandler (AbstractContainerReportHandler.java:updateContainerState(145)) - Container #1 is in OPEN state, but the datanode 6a83fe04-c8c3-48c1-8861-8f81e89cd03c{ip: 192.168.69.90, host: pr-revert-24-hdds-2181-89r8m-3343634851, networkLocation: /default-rack, certSerialId: null} reports an CLOSED replica.
2019-10-15 21:54:19,632 [EventQueue-ContainerReportForContainerReportHandler] WARN  container.ContainerReportHandler (AbstractContainerReportHandler.java:updateContainerState(145)) - Container #1 is in OPEN state, but the datanode 0a72d9f0-d385-4350-a485-113e43f7c69c{ip: 192.168.69.90, host: pr-revert-24-hdds-2181-89r8m-3343634851, networkLocation: /default-rack, certSerialId: null} reports an CLOSED replica.
2019-10-15 21:54:19,833 [EventQueue-ContainerReportForContainerReportHandler] WARN  container.ContainerReportHandler (AbstractContainerReportHandler.java:updateContainerState(145)) - Container #1 is in OPEN state, but the datanode 0a72d9f0-d385-4350-a485-113e43f7c69c{ip: 192.168.69.90, host: pr-revert-24-hdds-2181-89r8m-3343634851, networkLocation: /default-rack, certSerialId: null} reports an CLOSED replica.
2019-10-15 21:54:19,885 [Thread-469] INFO  client.GrpcClientProtocolService (GrpcClientProtocolService.java:lambda$processClientRequest$0(278)) - Failed RaftClientRequest:client-92BC3EC04FB4->6a83fe04-c8c3-48c1-8861-8f81e89cd03c@group-F62649F7AF7F, cid=10, seq=0, Watch-ALL_COMMITTED(6), Message:<EMPTY>, reply=RaftClientReply:client-92BC3EC04FB4->6a83fe04-c8c3-48c1-8861-8f81e89cd03c@group-F62649F7AF7F, cid=10, FAILED org.apache.ratis.protocol.NotReplicatedException: Request with call Id 10 and log index 6 is not yet replicated to ALL_COMMITTED, logIndex=6, commits[6a83fe04-c8c3-48c1-8861-8f81e89cd03c:c10, 04d05b50-beb8-4841-9ce1-2061f7b42c80:c4, 0a72d9f0-d385-4350-a485-113e43f7c69c:c10]
2019-10-15 21:54:19,923 [EventQueue-ContainerReportForContainerReportHandler] WARN  container.ContainerReportHandler (AbstractContainerReportHandler.java:updateContainerState(145)) - Container #1 is in OPEN state, but the datanode 6a83fe04-c8c3-48c1-8861-8f81e89cd03c{ip: 192.168.69.90, host: pr-revert-24-hdds-2181-89r8m-3343634851, networkLocation: /default-rack, certSerialId: null} reports an CLOSED replica.
2019-10-15 21:54:20,034 [EventQueue-ContainerReportForContainerReportHandler] WARN  container.ContainerReportHandler (AbstractContainerReportHandler.java:updateContainerState(145)) - Container #1 is in OPEN state, but the datanode 0a72d9f0-d385-4350-a485-113e43f7c69c{ip: 192.168.69.90, host: pr-revert-24-hdds-2181-89r8m-3343634851, networkLocation: /default-rack, certSerialId: null} reports an CLOSED replica.
2019-10-15 21:54:20,182 [BlockDeletingService#2] WARN  background.BlockDeletingService (BlockDeletingService.java:isDeletionAllowed(187)) - Close Container log Index 6 is not replicated across allthe servers in the pipeline 4353dad5-98e9-4a09-96de-f62649f7af7f as the min replicated index is 4. Deletion is not allowed in this container yet.
2019-10-15 21:54:20,184 [BlockDeletingService#2] WARN  background.BlockDeletingService (BlockDeletingService.java:isDeletionAllowed(187)) - Close Container log Index 6 is not replicated across allthe servers in the pipeline 4353dad5-98e9-4a09-96de-f62649f7af7f as the min replicated index is 4. Deletion is not allowed in this container yet.
2019-10-15 21:54:20,324 [EventQueue-ContainerReportForContainerReportHandler] WARN  container.ContainerReportHandler (AbstractContainerReportHandler.java:updateContainerState(145)) - Container #1 is in OPEN state, but the datanode 6a83fe04-c8c3-48c1-8861-8f81e89cd03c{ip: 192.168.69.90, host: pr-revert-24-hdds-2181-89r8m-3343634851, networkLocation: /default-rack, certSerialId: null} reports an CLOSED replica.
2019-10-15 21:54:20,436 [EventQueue-ContainerReportForContainerReportHandler] WARN  container.ContainerReportHandler (AbstractContainerReportHandler.java:updateContainerState(145)) - Container #1 is in OPEN state, but the datanode 0a72d9f0-d385-4350-a485-113e43f7c69c{ip: 192.168.69.90, host: pr-revert-24-hdds-2181-89r8m-3343634851, networkLocation: /default-rack, certSerialId: null} reports an CLOSED replica.
2019-10-15 21:54:20,624 [EventQueue-ContainerReportForContainerReportHandler] WARN  container.ContainerReportHandler (AbstractContainerReportHandler.java:updateContainerState(145)) - Container #1 is in OPEN state, but the datanode 6a83fe04-c8c3-48c1-8861-8f81e89cd03c{ip: 192.168.69.90, host: pr-revert-24-hdds-2181-89r8m-3343634851, networkLocation: /default-rack, certSerialId: null} reports an CLOSED replica.
2019-10-15 21:54:20,636 [EventQueue-ContainerReportForContainerReportHandler] WARN  container.ContainerReportHandler (AbstractContainerReportHandler.java:updateContainerState(145)) - Container #1 is in OPEN state, but the datanode 0a72d9f0-d385-4350-a485-113e43f7c69c{ip: 192.168.69.90, host: pr-revert-24-hdds-2181-89r8m-3343634851, networkLocation: /default-rack, certSerialId: null} reports an CLOSED replica.
2019-10-15 21:54:20,824 [EventQueue-ContainerReportForContainerReportHandler] WARN  container.ContainerReportHandler (AbstractContainerReportHandler.java:updateContainerState(145)) - Container #1 is in OPEN state, but the datanode 6a83fe04-c8c3-48c1-8861-8f81e89cd03c{ip: 192.168.69.90, host: pr-revert-24-hdds-2181-89r8m-3343634851, networkLocation: /default-rack, certSerialId: null} reports an CLOSED replica.
2019-10-15 21:54:20,936 [EventQueue-ContainerReportForContainerReportHandler] WARN  container.ContainerReportHandler (AbstractContainerReportHandler.java:updateContainerState(145)) - Container #1 is in OPEN state, but the datanode 0a72d9f0-d385-4350-a485-113e43f7c69c{ip: 192.168.69.90, host: pr-revert-24-hdds-2181-89r8m-3343634851, networkLocation: /default-rack, certSerialId: null} reports an CLOSED replica.
2019-10-15 21:54:21,124 [EventQueue-ContainerReportForContainerReportHandler] WARN  container.ContainerReportHandler (AbstractContainerReportHandler.java:updateContainerState(145)) - Container #1 is in OPEN state, but the datanode 6a83fe04-c8c3-48c1-8861-8f81e89cd03c{ip: 192.168.69.90, host: pr-revert-24-hdds-2181-89r8m-3343634851, networkLocation: /default-rack, certSerialId: null} reports an CLOSED replica.
2019-10-15 21:54:21,136 [EventQueue-ContainerReportForContainerReportHandler] WARN  container.ContainerReportHandler (AbstractContainerReportHandler.java:updateContainerState(145)) - Container #1 is in OPEN state, but the datanode 0a72d9f0-d385-4350-a485-113e43f7c69c{ip: 192.168.69.90, host: pr-revert-24-hdds-2181-89r8m-3343634851, networkLocation: /default-rack, certSerialId: null} reports an CLOSED replica.
2019-10-15 21:54:21,186 [BlockDeletingService#2] WARN  background.BlockDeletingService (BlockDeletingService.java:isDeletionAllowed(187)) - Close Container log Index 6 is not replicated across allthe servers in the pipeline 4353dad5-98e9-4a09-96de-f62649f7af7f as the min replicated index is 4. Deletion is not allowed in this container yet.
2019-10-15 21:54:21,186 [BlockDeletingService#2] WARN  background.BlockDeletingService (BlockDeletingService.java:isDeletionAllowed(187)) - Close Container log Index 6 is not replicated across allthe servers in the pipeline 4353dad5-98e9-4a09-96de-f62649f7af7f as the min replicated index is 4. Deletion is not allowed in this container yet.
2019-10-15 21:54:21,336 [EventQueue-ContainerReportForContainerReportHandler] WARN  container.ContainerReportHandler (AbstractContainerReportHandler.java:updateContainerState(145)) - Container #1 is in OPEN state, but the datanode 0a72d9f0-d385-4350-a485-113e43f7c69c{ip: 192.168.69.90, host: pr-revert-24-hdds-2181-89r8m-3343634851, networkLocation: /default-rack, certSerialId: null} reports an CLOSED replica.
2019-10-15 21:54:21,510 [java.util.concurrent.ThreadPoolExecutor$Worker@1e69e541[State = -1, empty queue]] WARN  server.GrpcLogAppender (GrpcLogAppender.java:timeoutAppendRequest(209)) - 6a83fe04-c8c3-48c1-8861-8f81e89cd03c@group-F62649F7AF7F->04d05b50-beb8-4841-9ce1-2061f7b42c80-GrpcLogAppender: appendEntries Timeout, request=6a83fe04-c8c3-48c1-8861-8f81e89cd03c->04d05b50-beb8-4841-9ce1-2061f7b42c80#44-t2, previous=(t:2, i:10), leaderCommit=10, initializing? false, entries: <empty>
2019-10-15 21:54:21,525 [EventQueue-ContainerReportForContainerReportHandler] WARN  container.ContainerReportHandler (AbstractContainerReportHandler.java:updateContainerState(145)) - Container #1 is in OPEN state, but the datanode 6a83fe04-c8c3-48c1-8861-8f81e89cd03c{ip: 192.168.69.90, host: pr-revert-24-hdds-2181-89r8m-3343634851, networkLocation: /default-rack, certSerialId: null} reports an CLOSED replica.
2019-10-15 21:54:21,536 [EventQueue-ContainerReportForContainerReportHandler] WARN  container.ContainerReportHandler (AbstractContainerReportHandler.java:updateContainerState(145)) - Container #1 is in OPEN state, but the datanode 0a72d9f0-d385-4350-a485-113e43f7c69c{ip: 192.168.69.90, host: pr-revert-24-hdds-2181-89r8m-3343634851, networkLocation: /default-rack, certSerialId: null} reports an CLOSED replica.
2019-10-15 21:54:21,827 [EventQueue-ContainerReportForContainerReportHandler] WARN  container.ContainerReportHandler (AbstractContainerReportHandler.java:updateContainerState(145)) - Container #1 is in OPEN state, but the datanode 6a83fe04-c8c3-48c1-8861-8f81e89cd03c{ip: 192.168.69.90, host: pr-revert-24-hdds-2181-89r8m-3343634851, networkLocation: /default-rack, certSerialId: null} reports an CLOSED replica.
2019-10-15 21:54:21,936 [EventQueue-ContainerReportForContainerReportHandler] WARN  container.ContainerReportHandler (AbstractContainerReportHandler.java:updateContainerState(145)) - Container #1 is in OPEN state, but the datanode 0a72d9f0-d385-4350-a485-113e43f7c69c{ip: 192.168.69.90, host: pr-revert-24-hdds-2181-89r8m-3343634851, networkLocation: /default-rack, certSerialId: null} reports an CLOSED replica.
2019-10-15 21:54:22,126 [EventQueue-ContainerReportForContainerReportHandler] WARN  container.ContainerReportHandler (AbstractContainerReportHandler.java:updateContainerState(145)) - Container #1 is in OPEN state, but the datanode 6a83fe04-c8c3-48c1-8861-8f81e89cd03c{ip: 192.168.69.90, host: pr-revert-24-hdds-2181-89r8m-3343634851, networkLocation: /default-rack, certSerialId: null} reports an CLOSED replica.
2019-10-15 21:54:22,136 [EventQueue-ContainerReportForContainerReportHandler] WARN  container.ContainerReportHandler (AbstractContainerReportHandler.java:updateContainerState(145)) - Container #1 is in OPEN state, but the datanode 0a72d9f0-d385-4350-a485-113e43f7c69c{ip: 192.168.69.90, host: pr-revert-24-hdds-2181-89r8m-3343634851, networkLocation: /default-rack, certSerialId: null} reports an CLOSED replica.
2019-10-15 21:54:22,189 [BlockDeletingService#2] WARN  background.BlockDeletingService (BlockDeletingService.java:isDeletionAllowed(187)) - Close Container log Index 6 is not replicated across allthe servers in the pipeline 4353dad5-98e9-4a09-96de-f62649f7af7f as the min replicated index is 4. Deletion is not allowed in this container yet.
2019-10-15 21:54:22,189 [BlockDeletingService#2] WARN  background.BlockDeletingService (BlockDeletingService.java:isDeletionAllowed(187)) - Close Container log Index 6 is not replicated across allthe servers in the pipeline 4353dad5-98e9-4a09-96de-f62649f7af7f as the min replicated index is 4. Deletion is not allowed in this container yet.
2019-10-15 21:54:22,327 [EventQueue-ContainerReportForContainerReportHandler] WARN  container.ContainerReportHandler (AbstractContainerReportHandler.java:updateContainerState(145)) - Container #1 is in OPEN state, but the datanode 6a83fe04-c8c3-48c1-8861-8f81e89cd03c{ip: 192.168.69.90, host: pr-revert-24-hdds-2181-89r8m-3343634851, networkLocation: /default-rack, certSerialId: null} reports an CLOSED replica.
2019-10-15 21:54:22,537 [EventQueue-ContainerReportForContainerReportHandler] WARN  container.ContainerReportHandler (AbstractContainerReportHandler.java:updateContainerState(145)) - Container #1 is in OPEN state, but the datanode 0a72d9f0-d385-4350-a485-113e43f7c69c{ip: 192.168.69.90, host: pr-revert-24-hdds-2181-89r8m-3343634851, networkLocation: /default-rack, certSerialId: null} reports an CLOSED replica.
2019-10-15 21:54:22,627 [EventQueue-ContainerReportForContainerReportHandler] WARN  container.ContainerReportHandler (AbstractContainerReportHandler.java:updateContainerState(145)) - Container #1 is in OPEN state, but the datanode 6a83fe04-c8c3-48c1-8861-8f81e89cd03c{ip: 192.168.69.90, host: pr-revert-24-hdds-2181-89r8m-3343634851, networkLocation: /default-rack, certSerialId: null} reports an CLOSED replica.
2019-10-15 21:54:22,737 [EventQueue-ContainerReportForContainerReportHandler] WARN  container.ContainerReportHandler (AbstractContainerReportHandler.java:updateContainerState(145)) - Container #1 is in OPEN state, but the datanode 0a72d9f0-d385-4350-a485-113e43f7c69c{ip: 192.168.69.90, host: pr-revert-24-hdds-2181-89r8m-3343634851, networkLocation: /default-rack, certSerialId: null} reports an CLOSED replica.
2019-10-15 21:54:23,027 [EventQueue-ContainerReportForContainerReportHandler] WARN  container.ContainerReportHandler (AbstractContainerReportHandler.java:updateContainerState(145)) - Container #1 is in OPEN state, but the datanode 6a83fe04-c8c3-48c1-8861-8f81e89cd03c{ip: 192.168.69.90, host: pr-revert-24-hdds-2181-89r8m-3343634851, networkLocation: /default-rack, certSerialId: null} reports an CLOSED replica.
2019-10-15 21:54:23,037 [EventQueue-ContainerReportForContainerReportHandler] WARN  container.ContainerReportHandler (AbstractContainerReportHandler.java:updateContainerState(145)) - Container #1 is in OPEN state, but the datanode 0a72d9f0-d385-4350-a485-113e43f7c69c{ip: 192.168.69.90, host: pr-revert-24-hdds-2181-89r8m-3343634851, networkLocation: /default-rack, certSerialId: null} reports an CLOSED replica.
2019-10-15 21:54:23,191 [BlockDeletingService#2] WARN  background.BlockDeletingService (BlockDeletingService.java:isDeletionAllowed(187)) - Close Container log Index 6 is not replicated across allthe servers in the pipeline 4353dad5-98e9-4a09-96de-f62649f7af7f as the min replicated index is 4. Deletion is not allowed in this container yet.
2019-10-15 21:54:23,191 [BlockDeletingService#2] WARN  background.BlockDeletingService (BlockDeletingService.java:isDeletionAllowed(187)) - Close Container log Index 6 is not replicated across allthe servers in the pipeline 4353dad5-98e9-4a09-96de-f62649f7af7f as the min replicated index is 4. Deletion is not allowed in this container yet.
2019-10-15 21:54:23,327 [EventQueue-ContainerReportForContainerReportHandler] WARN  container.ContainerReportHandler (AbstractContainerReportHandler.java:updateContainerState(145)) - Container #1 is in OPEN state, but the datanode 6a83fe04-c8c3-48c1-8861-8f81e89cd03c{ip: 192.168.69.90, host: pr-revert-24-hdds-2181-89r8m-3343634851, networkLocation: /default-rack, certSerialId: null} reports an CLOSED replica.
2019-10-15 21:54:23,337 [EventQueue-ContainerReportForContainerReportHandler] WARN  container.ContainerReportHandler (AbstractContainerReportHandler.java:updateContainerState(145)) - Container #1 is in OPEN state, but the datanode 0a72d9f0-d385-4350-a485-113e43f7c69c{ip: 192.168.69.90, host: pr-revert-24-hdds-2181-89r8m-3343634851, networkLocation: /default-rack, certSerialId: null} reports an CLOSED replica.
2019-10-15 21:54:23,538 [EventQueue-ContainerReportForContainerReportHandler] WARN  container.ContainerReportHandler (AbstractContainerReportHandler.java:updateContainerState(145)) - Container #1 is in OPEN state, but the datanode 0a72d9f0-d385-4350-a485-113e43f7c69c{ip: 192.168.69.90, host: pr-revert-24-hdds-2181-89r8m-3343634851, networkLocation: /default-rack, certSerialId: null} reports an CLOSED replica.
2019-10-15 21:54:23,627 [EventQueue-ContainerReportForContainerReportHandler] WARN  container.ContainerReportHandler (AbstractContainerReportHandler.java:updateContainerState(145)) - Container #1 is in OPEN state, but the datanode 6a83fe04-c8c3-48c1-8861-8f81e89cd03c{ip: 192.168.69.90, host: pr-revert-24-hdds-2181-89r8m-3343634851, networkLocation: /default-rack, certSerialId: null} reports an CLOSED replica.
2019-10-15 21:54:23,839 [EventQueue-ContainerReportForContainerReportHandler] WARN  container.ContainerReportHandler (AbstractContainerReportHandler.java:updateContainerState(145)) - Container #1 is in OPEN state, but the datanode 0a72d9f0-d385-4350-a485-113e43f7c69c{ip: 192.168.69.90, host: pr-revert-24-hdds-2181-89r8m-3343634851, networkLocation: /default-rack, certSerialId: null} reports an CLOSED replica.
2019-10-15 21:54:23,927 [EventQueue-ContainerReportForContainerReportHandler] WARN  container.ContainerReportHandler (AbstractContainerReportHandler.java:updateContainerState(145)) - Container #1 is in OPEN state, but the datanode 6a83fe04-c8c3-48c1-8861-8f81e89cd03c{ip: 192.168.69.90, host: pr-revert-24-hdds-2181-89r8m-3343634851, networkLocation: /default-rack, certSerialId: null} reports an CLOSED replica.
2019-10-15 21:54:24,013 [java.util.concurrent.ThreadPoolExecutor$Worker@1e69e541[State = -1, empty queue]] WARN  server.GrpcLogAppender (GrpcLogAppender.java:timeoutAppendRequest(209)) - 6a83fe04-c8c3-48c1-8861-8f81e89cd03c@group-F62649F7AF7F->04d05b50-beb8-4841-9ce1-2061f7b42c80-GrpcLogAppender: appendEntries Timeout, request=6a83fe04-c8c3-48c1-8861-8f81e89cd03c->04d05b50-beb8-4841-9ce1-2061f7b42c80#45-t2, previous=(t:2, i:10), leaderCommit=10, initializing? false, entries: <empty>
2019-10-15 21:54:24,139 [EventQueue-ContainerReportForContainerReportHandler] WARN  container.ContainerReportHandler (AbstractContainerReportHandler.java:updateContainerState(145)) - Container #1 is in OPEN state, but the datanode 0a72d9f0-d385-4350-a485-113e43f7c69c{ip: 192.168.69.90, host: pr-revert-24-hdds-2181-89r8m-3343634851, networkLocation: /default-rack, certSerialId: null} reports an CLOSED replica.
2019-10-15 21:54:24,193 [BlockDeletingService#2] WARN  background.BlockDeletingService (BlockDeletingService.java:isDeletionAllowed(187)) - Close Container log Index 6 is not replicated across allthe servers in the pipeline 4353dad5-98e9-4a09-96de-f62649f7af7f as the min replicated index is 4. Deletion is not allowed in this container yet.
2019-10-15 21:54:24,193 [BlockDeletingService#2] WARN  background.BlockDeletingService (BlockDeletingService.java:isDeletionAllowed(187)) - Close Container log Index 6 is not replicated across allthe servers in the pipeline 4353dad5-98e9-4a09-96de-f62649f7af7f as the min replicated index is 4. Deletion is not allowed in this container yet.
2019-10-15 21:54:24,227 [EventQueue-ContainerReportForContainerReportHandler] WARN  container.ContainerReportHandler (AbstractContainerReportHandler.java:updateContainerState(145)) - Container #1 is in OPEN state, but the datanode 6a83fe04-c8c3-48c1-8861-8f81e89cd03c{ip: 192.168.69.90, host: pr-revert-24-hdds-2181-89r8m-3343634851, networkLocation: /default-rack, certSerialId: null} reports an CLOSED replica.
2019-10-15 21:54:24,527 [EventQueue-ContainerReportForContainerReportHandler] WARN  container.ContainerReportHandler (AbstractContainerReportHandler.java:updateContainerState(145)) - Container #1 is in OPEN state, but the datanode 6a83fe04-c8c3-48c1-8861-8f81e89cd03c{ip: 192.168.69.90, host: pr-revert-24-hdds-2181-89r8m-3343634851, networkLocation: /default-rack, certSerialId: null} reports an CLOSED replica.
2019-10-15 21:54:24,539 [EventQueue-ContainerReportForContainerReportHandler] WARN  container.ContainerReportHandler (AbstractContainerReportHandler.java:updateContainerState(145)) - Container #1 is in OPEN state, but the datanode 0a72d9f0-d385-4350-a485-113e43f7c69c{ip: 192.168.69.90, host: pr-revert-24-hdds-2181-89r8m-3343634851, networkLocation: /default-rack, certSerialId: null} reports an CLOSED replica.
2019-10-15 21:54:24,739 [EventQueue-ContainerReportForContainerReportHandler] WARN  container.ContainerReportHandler (AbstractContainerReportHandler.java:updateContainerState(145)) - Container #1 is in OPEN state, but the datanode 0a72d9f0-d385-4350-a485-113e43f7c69c{ip: 192.168.69.90, host: pr-revert-24-hdds-2181-89r8m-3343634851, networkLocation: /default-rack, certSerialId: null} reports an CLOSED replica.
2019-10-15 21:54:24,829 [EventQueue-ContainerReportForContainerReportHandler] WARN  container.ContainerReportHandler (AbstractContainerReportHandler.java:updateContainerState(145)) - Container #1 is in OPEN state, but the datanode 6a83fe04-c8c3-48c1-8861-8f81e89cd03c{ip: 192.168.69.90, host: pr-revert-24-hdds-2181-89r8m-3343634851, networkLocation: /default-rack, certSerialId: null} reports an CLOSED replica.
2019-10-15 21:54:25,039 [EventQueue-ContainerReportForContainerReportHandler] WARN  container.ContainerReportHandler (AbstractContainerReportHandler.java:updateContainerState(145)) - Container #1 is in OPEN state, but the datanode 0a72d9f0-d385-4350-a485-113e43f7c69c{ip: 192.168.69.90, host: pr-revert-24-hdds-2181-89r8m-3343634851, networkLocation: /default-rack, certSerialId: null} reports an CLOSED replica.
2019-10-15 21:54:25,194 [BlockDeletingService#2] WARN  background.BlockDeletingService (BlockDeletingService.java:isDeletionAllowed(187)) - Close Container log Index 6 is not replicated across allthe servers in the pipeline 4353dad5-98e9-4a09-96de-f62649f7af7f as the min replicated index is 4. Deletion is not allowed in this container yet.
2019-10-15 21:54:25,194 [BlockDeletingService#2] WARN  background.BlockDeletingService (BlockDeletingService.java:isDeletionAllowed(187)) - Close Container log Index 6 is not replicated across allthe servers in the pipeline 4353dad5-98e9-4a09-96de-f62649f7af7f as the min replicated index is 4. Deletion is not allowed in this container yet.
2019-10-15 21:54:25,229 [EventQueue-ContainerReportForContainerReportHandler] WARN  container.ContainerReportHandler (AbstractContainerReportHandler.java:updateContainerState(145)) - Container #1 is in OPEN state, but the datanode 6a83fe04-c8c3-48c1-8861-8f81e89cd03c{ip: 192.168.69.90, host: pr-revert-24-hdds-2181-89r8m-3343634851, networkLocation: /default-rack, certSerialId: null} reports an CLOSED replica.
2019-10-15 21:54:25,239 [EventQueue-ContainerReportForContainerReportHandler] WARN  container.ContainerReportHandler (AbstractContainerReportHandler.java:updateContainerState(145)) - Container #1 is in OPEN state, but the datanode 0a72d9f0-d385-4350-a485-113e43f7c69c{ip: 192.168.69.90, host: pr-revert-24-hdds-2181-89r8m-3343634851, networkLocation: /default-rack, certSerialId: null} reports an CLOSED replica.
2019-10-15 21:54:25,529 [EventQueue-ContainerReportForContainerReportHandler] WARN  container.ContainerReportHandler (AbstractContainerReportHandler.java:updateContainerState(145)) - Container #1 is in OPEN state, but the datanode 6a83fe04-c8c3-48c1-8861-8f81e89cd03c{ip: 192.168.69.90, host: pr-revert-24-hdds-2181-89r8m-3343634851, networkLocation: /default-rack, certSerialId: null} reports an CLOSED replica.
2019-10-15 21:54:25,640 [EventQueue-ContainerReportForContainerReportHandler] WARN  container.ContainerReportHandler (AbstractContainerReportHandler.java:updateContainerState(145)) - Container #1 is in OPEN state, but the datanode 0a72d9f0-d385-4350-a485-113e43f7c69c{ip: 192.168.69.90, host: pr-revert-24-hdds-2181-89r8m-3343634851, networkLocation: /default-rack, certSerialId: null} reports an CLOSED replica.
2019-10-15 21:54:25,840 [EventQueue-ContainerReportForContainerReportHandler] WARN  container.ContainerReportHandler (AbstractContainerReportHandler.java:updateContainerState(145)) - Container #1 is in OPEN state, but the datanode 0a72d9f0-d385-4350-a485-113e43f7c69c{ip: 192.168.69.90, host: pr-revert-24-hdds-2181-89r8m-3343634851, networkLocation: /default-rack, certSerialId: null} reports an CLOSED replica.
2019-10-15 21:54:25,929 [EventQueue-ContainerReportForContainerReportHandler] WARN  container.ContainerReportHandler (AbstractContainerReportHandler.java:updateContainerState(145)) - Container #1 is in OPEN state, but the datanode 6a83fe04-c8c3-48c1-8861-8f81e89cd03c{ip: 192.168.69.90, host: pr-revert-24-hdds-2181-89r8m-3343634851, networkLocation: /default-rack, certSerialId: null} reports an CLOSED replica.
2019-10-15 21:54:26,141 [EventQueue-ContainerReportForContainerReportHandler] WARN  container.ContainerReportHandler (AbstractContainerReportHandler.java:updateContainerState(145)) - Container #1 is in OPEN state, but the datanode 0a72d9f0-d385-4350-a485-113e43f7c69c{ip: 192.168.69.90, host: pr-revert-24-hdds-2181-89r8m-3343634851, networkLocation: /default-rack, certSerialId: null} reports an CLOSED replica.
2019-10-15 21:54:26,196 [BlockDeletingService#2] WARN  background.BlockDeletingService (BlockDeletingService.java:isDeletionAllowed(187)) - Close Container log Index 6 is not replicated across allthe servers in the pipeline 4353dad5-98e9-4a09-96de-f62649f7af7f as the min replicated index is 4. Deletion is not allowed in this container yet.
2019-10-15 21:54:26,196 [BlockDeletingService#2] WARN  background.BlockDeletingService (BlockDeletingService.java:isDeletionAllowed(187)) - Close Container log Index 6 is not replicated across allthe servers in the pipeline 4353dad5-98e9-4a09-96de-f62649f7af7f as the min replicated index is 4. Deletion is not allowed in this container yet.
2019-10-15 21:54:26,229 [EventQueue-ContainerReportForContainerReportHandler] WARN  container.ContainerReportHandler (AbstractContainerReportHandler.java:updateContainerState(145)) - Container #1 is in OPEN state, but the datanode 6a83fe04-c8c3-48c1-8861-8f81e89cd03c{ip: 192.168.69.90, host: pr-revert-24-hdds-2181-89r8m-3343634851, networkLocation: /default-rack, certSerialId: null} reports an CLOSED replica.
2019-10-15 21:54:26,442 [EventQueue-ContainerReportForContainerReportHandler] WARN  container.ContainerReportHandler (AbstractContainerReportHandler.java:updateContainerState(145)) - Container #1 is in OPEN state, but the datanode 0a72d9f0-d385-4350-a485-113e43f7c69c{ip: 192.168.69.90, host: pr-revert-24-hdds-2181-89r8m-3343634851, networkLocation: /default-rack, certSerialId: null} reports an CLOSED replica.
2019-10-15 21:54:26,517 [java.util.concurrent.ThreadPoolExecutor$Worker@1e69e541[State = -1, empty queue]] WARN  server.GrpcLogAppender (GrpcLogAppender.java:timeoutAppendRequest(209)) - 6a83fe04-c8c3-48c1-8861-8f81e89cd03c@group-F62649F7AF7F->04d05b50-beb8-4841-9ce1-2061f7b42c80-GrpcLogAppender: appendEntries Timeout, request=6a83fe04-c8c3-48c1-8861-8f81e89cd03c->04d05b50-beb8-4841-9ce1-2061f7b42c80#46-t2, previous=(t:2, i:10), leaderCommit=10, initializing? false, entries: <empty>
2019-10-15 21:54:26,529 [EventQueue-ContainerReportForContainerReportHandler] WARN  container.ContainerReportHandler (AbstractContainerReportHandler.java:updateContainerState(145)) - Container #1 is in OPEN state, but the datanode 6a83fe04-c8c3-48c1-8861-8f81e89cd03c{ip: 192.168.69.90, host: pr-revert-24-hdds-2181-89r8m-3343634851, networkLocation: /default-rack, certSerialId: null} reports an CLOSED replica.
2019-10-15 21:54:26,830 [EventQueue-ContainerReportForContainerReportHandler] WARN  container.ContainerReportHandler (AbstractContainerReportHandler.java:updateContainerState(145)) - Container #1 is in OPEN state, but the datanode 6a83fe04-c8c3-48c1-8861-8f81e89cd03c{ip: 192.168.69.90, host: pr-revert-24-hdds-2181-89r8m-3343634851, networkLocation: /default-rack, certSerialId: null} reports an CLOSED replica.
2019-10-15 21:54:26,844 [EventQueue-ContainerReportForContainerReportHandler] WARN  container.ContainerReportHandler (AbstractContainerReportHandler.java:updateContainerState(145)) - Container #1 is in OPEN state, but the datanode 0a72d9f0-d385-4350-a485-113e43f7c69c{ip: 192.168.69.90, host: pr-revert-24-hdds-2181-89r8m-3343634851, networkLocation: /default-rack, certSerialId: null} reports an CLOSED replica.
2019-10-15 21:54:27,030 [EventQueue-ContainerReportForContainerReportHandler] WARN  container.ContainerReportHandler (AbstractContainerReportHandler.java:updateContainerState(145)) - Container #1 is in OPEN state, but the datanode 6a83fe04-c8c3-48c1-8861-8f81e89cd03c{ip: 192.168.69.90, host: pr-revert-24-hdds-2181-89r8m-3343634851, networkLocation: /default-rack, certSerialId: null} reports an CLOSED replica.
2019-10-15 21:54:27,146 [EventQueue-ContainerReportForContainerReportHandler] WARN  container.ContainerReportHandler (AbstractContainerReportHandler.java:updateContainerState(145)) - Container #1 is in OPEN state, but the datanode 0a72d9f0-d385-4350-a485-113e43f7c69c{ip: 192.168.69.90, host: pr-revert-24-hdds-2181-89r8m-3343634851, networkLocation: /default-rack, certSerialId: null} reports an CLOSED replica.
2019-10-15 21:54:27,199 [BlockDeletingService#2] WARN  background.BlockDeletingService (BlockDeletingService.java:isDeletionAllowed(187)) - Close Container log Index 6 is not replicated across allthe servers in the pipeline 4353dad5-98e9-4a09-96de-f62649f7af7f as the min replicated index is 4. Deletion is not allowed in this container yet.
2019-10-15 21:54:27,199 [BlockDeletingService#2] WARN  background.BlockDeletingService (BlockDeletingService.java:isDeletionAllowed(187)) - Close Container log Index 6 is not replicated across allthe servers in the pipeline 4353dad5-98e9-4a09-96de-f62649f7af7f as the min replicated index is 4. Deletion is not allowed in this container yet.
2019-10-15 21:54:27,232 [EventQueue-ContainerReportForContainerReportHandler] WARN  container.ContainerReportHandler (AbstractContainerReportHandler.java:updateContainerState(145)) - Container #1 is in OPEN state, but the datanode 6a83fe04-c8c3-48c1-8861-8f81e89cd03c{ip: 192.168.69.90, host: pr-revert-24-hdds-2181-89r8m-3343634851, networkLocation: /default-rack, certSerialId: null} reports an CLOSED replica.
2019-10-15 21:54:27,434 [EventQueue-ContainerReportForContainerReportHandler] WARN  container.ContainerReportHandler (AbstractContainerReportHandler.java:updateContainerState(145)) - Container #1 is in OPEN state, but the datanode 6a83fe04-c8c3-48c1-8861-8f81e89cd03c{ip: 192.168.69.90, host: pr-revert-24-hdds-2181-89r8m-3343634851, networkLocation: /default-rack, certSerialId: null} reports an CLOSED replica.
2019-10-15 21:54:27,448 [EventQueue-ContainerReportForContainerReportHandler] WARN  container.ContainerReportHandler (AbstractContainerReportHandler.java:updateContainerState(145)) - Container #1 is in OPEN state, but the datanode 0a72d9f0-d385-4350-a485-113e43f7c69c{ip: 192.168.69.90, host: pr-revert-24-hdds-2181-89r8m-3343634851, networkLocation: /default-rack, certSerialId: null} reports an CLOSED replica.
2019-10-15 21:54:27,834 [EventQueue-ContainerReportForContainerReportHandler] WARN  container.ContainerReportHandler (AbstractContainerReportHandler.java:updateContainerState(145)) - Container #1 is in OPEN state, but the datanode 6a83fe04-c8c3-48c1-8861-8f81e89cd03c{ip: 192.168.69.90, host: pr-revert-24-hdds-2181-89r8m-3343634851, networkLocation: /default-rack, certSerialId: null} reports an CLOSED replica.
2019-10-15 21:54:27,848 [EventQueue-ContainerReportForContainerReportHandler] WARN  container.ContainerReportHandler (AbstractContainerReportHandler.java:updateContainerState(145)) - Container #1 is in OPEN state, but the datanode 0a72d9f0-d385-4350-a485-113e43f7c69c{ip: 192.168.69.90, host: pr-revert-24-hdds-2181-89r8m-3343634851, networkLocation: /default-rack, certSerialId: null} reports an CLOSED replica.
2019-10-15 21:54:28,134 [EventQueue-ContainerReportForContainerReportHandler] WARN  container.ContainerReportHandler (AbstractContainerReportHandler.java:updateContainerState(145)) - Container #1 is in OPEN state, but the datanode 6a83fe04-c8c3-48c1-8861-8f81e89cd03c{ip: 192.168.69.90, host: pr-revert-24-hdds-2181-89r8m-3343634851, networkLocation: /default-rack, certSerialId: null} reports an CLOSED replica.
2019-10-15 21:54:28,201 [BlockDeletingService#2] WARN  background.BlockDeletingService (BlockDeletingService.java:isDeletionAllowed(187)) - Close Container log Index 6 is not replicated across allthe servers in the pipeline 4353dad5-98e9-4a09-96de-f62649f7af7f as the min replicated index is 4. Deletion is not allowed in this container yet.
2019-10-15 21:54:28,201 [BlockDeletingService#2] WARN  background.BlockDeletingService (BlockDeletingService.java:isDeletionAllowed(187)) - Close Container log Index 6 is not replicated across allthe servers in the pipeline 4353dad5-98e9-4a09-96de-f62649f7af7f as the min replicated index is 4. Deletion is not allowed in this container yet.
2019-10-15 21:54:28,248 [EventQueue-ContainerReportForContainerReportHandler] WARN  container.ContainerReportHandler (AbstractContainerReportHandler.java:updateContainerState(145)) - Container #1 is in OPEN state, but the datanode 0a72d9f0-d385-4350-a485-113e43f7c69c{ip: 192.168.69.90, host: pr-revert-24-hdds-2181-89r8m-3343634851, networkLocation: /default-rack, certSerialId: null} reports an CLOSED replica.
2019-10-15 21:54:28,252 [Thread-495] INFO  client.GrpcClientProtocolService (GrpcClientProtocolService.java:lambda$processClientRequest$0(278)) - Failed RaftClientRequest:client-92BC3EC04FB4->0a72d9f0-d385-4350-a485-113e43f7c69c@group-F62649F7AF7F, cid=10, seq=0, Watch-ALL_COMMITTED(6), Message:<EMPTY>, reply=RaftClientReply:client-92BC3EC04FB4->0a72d9f0-d385-4350-a485-113e43f7c69c@group-F62649F7AF7F, cid=10, FAILED org.apache.ratis.protocol.NotLeaderException: Server 0a72d9f0-d385-4350-a485-113e43f7c69c@group-F62649F7AF7F is not the leader 6a83fe04-c8c3-48c1-8861-8f81e89cd03c:192.168.69.90:44841, logIndex=0, commits[0a72d9f0-d385-4350-a485-113e43f7c69c:c10, 6a83fe04-c8c3-48c1-8861-8f81e89cd03c:c10, 04d05b50-beb8-4841-9ce1-2061f7b42c80:c4]
2019-10-15 21:54:28,534 [EventQueue-ContainerReportForContainerReportHandler] WARN  container.ContainerReportHandler (AbstractContainerReportHandler.java:updateContainerState(145)) - Container #1 is in OPEN state, but the datanode 6a83fe04-c8c3-48c1-8861-8f81e89cd03c{ip: 192.168.69.90, host: pr-revert-24-hdds-2181-89r8m-3343634851, networkLocation: /default-rack, certSerialId: null} reports an CLOSED replica.
2019-10-15 21:54:28,548 [EventQueue-ContainerReportForContainerReportHandler] WARN  container.ContainerReportHandler (AbstractContainerReportHandler.java:updateContainerState(145)) - Container #1 is in OPEN state, but the datanode 0a72d9f0-d385-4350-a485-113e43f7c69c{ip: 192.168.69.90, host: pr-revert-24-hdds-2181-89r8m-3343634851, networkLocation: /default-rack, certSerialId: null} reports an CLOSED replica.
2019-10-15 21:54:28,734 [EventQueue-ContainerReportForContainerReportHandler] WARN  container.ContainerReportHandler (AbstractContainerReportHandler.java:updateContainerState(145)) - Container #1 is in OPEN state, but the datanode 6a83fe04-c8c3-48c1-8861-8f81e89cd03c{ip: 192.168.69.90, host: pr-revert-24-hdds-2181-89r8m-3343634851, networkLocation: /default-rack, certSerialId: null} reports an CLOSED replica.
2019-10-15 21:54:28,884 [Thread-499] INFO  client.GrpcClientProtocolService (GrpcClientProtocolService.java:lambda$processClientRequest$0(278)) - Failed RaftClientRequest:client-92BC3EC04FB4->6a83fe04-c8c3-48c1-8861-8f81e89cd03c@group-F62649F7AF7F, cid=10, seq=0, Watch-ALL_COMMITTED(6), Message:<EMPTY>, reply=RaftClientReply:client-92BC3EC04FB4->6a83fe04-c8c3-48c1-8861-8f81e89cd03c@group-F62649F7AF7F, cid=10, FAILED org.apache.ratis.protocol.NotReplicatedException: Request with call Id 10 and log index 6 is not yet replicated to ALL_COMMITTED, logIndex=6, commits[6a83fe04-c8c3-48c1-8861-8f81e89cd03c:c10, 04d05b50-beb8-4841-9ce1-2061f7b42c80:c4, 0a72d9f0-d385-4350-a485-113e43f7c69c:c10]
2019-10-15 21:54:28,949 [EventQueue-ContainerReportForContainerReportHandler] WARN  container.ContainerReportHandler (AbstractContainerReportHandler.java:updateContainerState(145)) - Container #1 is in OPEN state, but the datanode 0a72d9f0-d385-4350-a485-113e43f7c69c{ip: 192.168.69.90, host: pr-revert-24-hdds-2181-89r8m-3343634851, networkLocation: /default-rack, certSerialId: null} reports an CLOSED replica.
2019-10-15 21:54:29,018 [java.util.concurrent.ThreadPoolExecutor$Worker@1e69e541[State = -1, empty queue]] WARN  server.GrpcLogAppender (GrpcLogAppender.java:timeoutAppendRequest(209)) - 6a83fe04-c8c3-48c1-8861-8f81e89cd03c@group-F62649F7AF7F->04d05b50-beb8-4841-9ce1-2061f7b42c80-GrpcLogAppender: appendEntries Timeout, request=6a83fe04-c8c3-48c1-8861-8f81e89cd03c->04d05b50-beb8-4841-9ce1-2061f7b42c80#47-t2, previous=(t:2, i:10), leaderCommit=10, initializing? false, entries: <empty>
2019-10-15 21:54:29,134 [EventQueue-ContainerReportForContainerReportHandler] WARN  container.ContainerReportHandler (AbstractContainerReportHandler.java:updateContainerState(145)) - Container #1 is in OPEN state, but the datanode 6a83fe04-c8c3-48c1-8861-8f81e89cd03c{ip: 192.168.69.90, host: pr-revert-24-hdds-2181-89r8m-3343634851, networkLocation: /default-rack, certSerialId: null} reports an CLOSED replica.
2019-10-15 21:54:29,203 [BlockDeletingService#2] WARN  background.BlockDeletingService (BlockDeletingService.java:isDeletionAllowed(187)) - Close Container log Index 6 is not replicated across allthe servers in the pipeline 4353dad5-98e9-4a09-96de-f62649f7af7f as the min replicated index is 4. Deletion is not allowed in this container yet.
2019-10-15 21:54:29,203 [BlockDeletingService#2] WARN  background.BlockDeletingService (BlockDeletingService.java:isDeletionAllowed(187)) - Close Container log Index 6 is not replicated across allthe servers in the pipeline 4353dad5-98e9-4a09-96de-f62649f7af7f as the min replicated index is 4. Deletion is not allowed in this container yet.
2019-10-15 21:54:29,249 [EventQueue-ContainerReportForContainerReportHandler] WARN  container.ContainerReportHandler (AbstractContainerReportHandler.java:updateContainerState(145)) - Container #1 is in OPEN state, but the datanode 0a72d9f0-d385-4350-a485-113e43f7c69c{ip: 192.168.69.90, host: pr-revert-24-hdds-2181-89r8m-3343634851, networkLocation: /default-rack, certSerialId: null} reports an CLOSED replica.
2019-10-15 21:54:29,334 [EventQueue-ContainerReportForContainerReportHandler] WARN  container.ContainerReportHandler (AbstractContainerReportHandler.java:updateContainerState(145)) - Container #1 is in OPEN state, but the datanode 6a83fe04-c8c3-48c1-8861-8f81e89cd03c{ip: 192.168.69.90, host: pr-revert-24-hdds-2181-89r8m-3343634851, networkLocation: /default-rack, certSerialId: null} reports an CLOSED replica.
2019-10-15 21:54:29,649 [EventQueue-ContainerReportForContainerReportHandler] WARN  container.ContainerReportHandler (AbstractContainerReportHandler.java:updateContainerState(145)) - Container #1 is in OPEN state, but the datanode 0a72d9f0-d385-4350-a485-113e43f7c69c{ip: 192.168.69.90, host: pr-revert-24-hdds-2181-89r8m-3343634851, networkLocation: /default-rack, certSerialId: null} reports an CLOSED replica.
2019-10-15 21:54:29,734 [EventQueue-ContainerReportForContainerReportHandler] WARN  container.ContainerReportHandler (AbstractContainerReportHandler.java:updateContainerState(145)) - Container #1 is in OPEN state, but the datanode 6a83fe04-c8c3-48c1-8861-8f81e89cd03c{ip: 192.168.69.90, host: pr-revert-24-hdds-2181-89r8m-3343634851, networkLocation: /default-rack, certSerialId: null} reports an CLOSED replica.
2019-10-15 21:54:29,849 [EventQueue-ContainerReportForContainerReportHandler] WARN  container.ContainerReportHandler (AbstractContainerReportHandler.java:updateContainerState(145)) - Container #1 is in OPEN state, but the datanode 0a72d9f0-d385-4350-a485-113e43f7c69c{ip: 192.168.69.90, host: pr-revert-24-hdds-2181-89r8m-3343634851, networkLocation: /default-rack, certSerialId: null} reports an CLOSED replica.
2019-10-15 21:54:29,934 [EventQueue-ContainerReportForContainerReportHandler] WARN  container.ContainerReportHandler (AbstractContainerReportHandler.java:updateContainerState(145)) - Container #1 is in OPEN state, but the datanode 6a83fe04-c8c3-48c1-8861-8f81e89cd03c{ip: 192.168.69.90, host: pr-revert-24-hdds-2181-89r8m-3343634851, networkLocation: /default-rack, certSerialId: null} reports an CLOSED replica.
2019-10-15 21:54:30,149 [EventQueue-ContainerReportForContainerReportHandler] WARN  container.ContainerReportHandler (AbstractContainerReportHandler.java:updateContainerState(145)) - Container #1 is in OPEN state, but the datanode 0a72d9f0-d385-4350-a485-113e43f7c69c{ip: 192.168.69.90, host: pr-revert-24-hdds-2181-89r8m-3343634851, networkLocation: /default-rack, certSerialId: null} reports an CLOSED replica.
2019-10-15 21:54:30,204 [BlockDeletingService#2] WARN  background.BlockDeletingService (BlockDeletingService.java:isDeletionAllowed(187)) - Close Container log Index 6 is not replicated across allthe servers in the pipeline 4353dad5-98e9-4a09-96de-f62649f7af7f as the min replicated index is 4. Deletion is not allowed in this container yet.
2019-10-15 21:54:30,204 [BlockDeletingService#2] WARN  background.BlockDeletingService (BlockDeletingService.java:isDeletionAllowed(187)) - Close Container log Index 6 is not replicated across allthe servers in the pipeline 4353dad5-98e9-4a09-96de-f62649f7af7f as the min replicated index is 4. Deletion is not allowed in this container yet.
2019-10-15 21:54:30,334 [EventQueue-ContainerReportForContainerReportHandler] WARN  container.ContainerReportHandler (AbstractContainerReportHandler.java:updateContainerState(145)) - Container #1 is in OPEN state, but the datanode 6a83fe04-c8c3-48c1-8861-8f81e89cd03c{ip: 192.168.69.90, host: pr-revert-24-hdds-2181-89r8m-3343634851, networkLocation: /default-rack, certSerialId: null} reports an CLOSED replica.
2019-10-15 21:54:30,534 [EventQueue-ContainerReportForContainerReportHandler] WARN  container.ContainerReportHandler (AbstractContainerReportHandler.java:updateContainerState(145)) - Container #1 is in OPEN state, but the datanode 6a83fe04-c8c3-48c1-8861-8f81e89cd03c{ip: 192.168.69.90, host: pr-revert-24-hdds-2181-89r8m-3343634851, networkLocation: /default-rack, certSerialId: null} reports an CLOSED replica.
2019-10-15 21:54:30,549 [EventQueue-ContainerReportForContainerReportHandler] WARN  container.ContainerReportHandler (AbstractContainerReportHandler.java:updateContainerState(145)) - Container #1 is in OPEN state, but the datanode 0a72d9f0-d385-4350-a485-113e43f7c69c{ip: 192.168.69.90, host: pr-revert-24-hdds-2181-89r8m-3343634851, networkLocation: /default-rack, certSerialId: null} reports an CLOSED replica.
2019-10-15 21:54:30,749 [EventQueue-ContainerReportForContainerReportHandler] WARN  container.ContainerReportHandler (AbstractContainerReportHandler.java:updateContainerState(145)) - Container #1 is in OPEN state, but the datanode 0a72d9f0-d385-4350-a485-113e43f7c69c{ip: 192.168.69.90, host: pr-revert-24-hdds-2181-89r8m-3343634851, networkLocation: /default-rack, certSerialId: null} reports an CLOSED replica.
2019-10-15 21:54:30,834 [EventQueue-ContainerReportForContainerReportHandler] WARN  container.ContainerReportHandler (AbstractContainerReportHandler.java:updateContainerState(145)) - Container #1 is in OPEN state, but the datanode 6a83fe04-c8c3-48c1-8861-8f81e89cd03c{ip: 192.168.69.90, host: pr-revert-24-hdds-2181-89r8m-3343634851, networkLocation: /default-rack, certSerialId: null} reports an CLOSED replica.
2019-10-15 21:54:30,950 [EventQueue-ContainerReportForContainerReportHandler] WARN  container.ContainerReportHandler (AbstractContainerReportHandler.java:updateContainerState(145)) - Container #1 is in OPEN state, but the datanode 0a72d9f0-d385-4350-a485-113e43f7c69c{ip: 192.168.69.90, host: pr-revert-24-hdds-2181-89r8m-3343634851, networkLocation: /default-rack, certSerialId: null} reports an CLOSED replica.
2019-10-15 21:54:31,135 [EventQueue-ContainerReportForContainerReportHandler] WARN  container.ContainerReportHandler (AbstractContainerReportHandler.java:updateContainerState(145)) - Container #1 is in OPEN state, but the datanode 6a83fe04-c8c3-48c1-8861-8f81e89cd03c{ip: 192.168.69.90, host: pr-revert-24-hdds-2181-89r8m-3343634851, networkLocation: /default-rack, certSerialId: null} reports an CLOSED replica.
2019-10-15 21:54:31,206 [BlockDeletingService#2] WARN  background.BlockDeletingService (BlockDeletingService.java:isDeletionAllowed(187)) - Close Container log Index 6 is not replicated across allthe servers in the pipeline 4353dad5-98e9-4a09-96de-f62649f7af7f as the min replicated index is 4. Deletion is not allowed in this container yet.
2019-10-15 21:54:31,206 [BlockDeletingService#2] WARN  background.BlockDeletingService (BlockDeletingService.java:isDeletionAllowed(187)) - Close Container log Index 6 is not replicated across allthe servers in the pipeline 4353dad5-98e9-4a09-96de-f62649f7af7f as the min replicated index is 4. Deletion is not allowed in this container yet.
2019-10-15 21:54:31,250 [EventQueue-ContainerReportForContainerReportHandler] WARN  container.ContainerReportHandler (AbstractContainerReportHandler.java:updateContainerState(145)) - Container #1 is in OPEN state, but the datanode 0a72d9f0-d385-4350-a485-113e43f7c69c{ip: 192.168.69.90, host: pr-revert-24-hdds-2181-89r8m-3343634851, networkLocation: /default-rack, certSerialId: null} reports an CLOSED replica.
2019-10-15 21:54:31,436 [EventQueue-ContainerReportForContainerReportHandler] WARN  container.ContainerReportHandler (AbstractContainerReportHandler.java:updateContainerState(145)) - Container #1 is in OPEN state, but the datanode 6a83fe04-c8c3-48c1-8861-8f81e89cd03c{ip: 192.168.69.90, host: pr-revert-24-hdds-2181-89r8m-3343634851, networkLocation: /default-rack, certSerialId: null} reports an CLOSED replica.
2019-10-15 21:54:31,450 [EventQueue-ContainerReportForContainerReportHandler] WARN  container.ContainerReportHandler (AbstractContainerReportHandler.java:updateContainerState(145)) - Container #1 is in OPEN state, but the datanode 0a72d9f0-d385-4350-a485-113e43f7c69c{ip: 192.168.69.90, host: pr-revert-24-hdds-2181-89r8m-3343634851, networkLocation: /default-rack, certSerialId: null} reports an CLOSED replica.
2019-10-15 21:54:31,519 [java.util.concurrent.ThreadPoolExecutor$Worker@1e69e541[State = -1, empty queue]] WARN  server.GrpcLogAppender (GrpcLogAppender.java:timeoutAppendRequest(209)) - 6a83fe04-c8c3-48c1-8861-8f81e89cd03c@group-F62649F7AF7F->04d05b50-beb8-4841-9ce1-2061f7b42c80-GrpcLogAppender: appendEntries Timeout, request=6a83fe04-c8c3-48c1-8861-8f81e89cd03c->04d05b50-beb8-4841-9ce1-2061f7b42c80#48-t2, previous=(t:2, i:10), leaderCommit=10, initializing? false, entries: <empty>
2019-10-15 21:54:31,736 [EventQueue-ContainerReportForContainerReportHandler] WARN  container.ContainerReportHandler (AbstractContainerReportHandler.java:updateContainerState(145)) - Container #1 is in OPEN state, but the datanode 6a83fe04-c8c3-48c1-8861-8f81e89cd03c{ip: 192.168.69.90, host: pr-revert-24-hdds-2181-89r8m-3343634851, networkLocation: /default-rack, certSerialId: null} reports an CLOSED replica.
2019-10-15 21:54:31,850 [EventQueue-ContainerReportForContainerReportHandler] WARN  container.ContainerReportHandler (AbstractContainerReportHandler.java:updateContainerState(145)) - Container #1 is in OPEN state, but the datanode 0a72d9f0-d385-4350-a485-113e43f7c69c{ip: 192.168.69.90, host: pr-revert-24-hdds-2181-89r8m-3343634851, networkLocation: /default-rack, certSerialId: null} reports an CLOSED replica.
2019-10-15 21:54:32,037 [EventQueue-ContainerReportForContainerReportHandler] WARN  container.ContainerReportHandler (AbstractContainerReportHandler.java:updateContainerState(145)) - Container #1 is in OPEN state, but the datanode 6a83fe04-c8c3-48c1-8861-8f81e89cd03c{ip: 192.168.69.90, host: pr-revert-24-hdds-2181-89r8m-3343634851, networkLocation: /default-rack, certSerialId: null} reports an CLOSED replica.
2019-10-15 21:54:32,208 [BlockDeletingService#2] WARN  background.BlockDeletingService (BlockDeletingService.java:isDeletionAllowed(187)) - Close Container log Index 6 is not replicated across allthe servers in the pipeline 4353dad5-98e9-4a09-96de-f62649f7af7f as the min replicated index is 4. Deletion is not allowed in this container yet.
2019-10-15 21:54:32,208 [BlockDeletingService#2] WARN  background.BlockDeletingService (BlockDeletingService.java:isDeletionAllowed(187)) - Close Container log Index 6 is not replicated across allthe servers in the pipeline 4353dad5-98e9-4a09-96de-f62649f7af7f as the min replicated index is 4. Deletion is not allowed in this container yet.
2019-10-15 21:54:32,250 [EventQueue-ContainerReportForContainerReportHandler] WARN  container.ContainerReportHandler (AbstractContainerReportHandler.java:updateContainerState(145)) - Container #1 is in OPEN state, but the datanode 0a72d9f0-d385-4350-a485-113e43f7c69c{ip: 192.168.69.90, host: pr-revert-24-hdds-2181-89r8m-3343634851, networkLocation: /default-rack, certSerialId: null} reports an CLOSED replica.
2019-10-15 21:54:32,336 [EventQueue-ContainerReportForContainerReportHandler] WARN  container.ContainerReportHandler (AbstractContainerReportHandler.java:updateContainerState(145)) - Container #1 is in OPEN state, but the datanode 6a83fe04-c8c3-48c1-8861-8f81e89cd03c{ip: 192.168.69.90, host: pr-revert-24-hdds-2181-89r8m-3343634851, networkLocation: /default-rack, certSerialId: null} reports an CLOSED replica.
2019-10-15 21:54:32,537 [EventQueue-ContainerReportForContainerReportHandler] WARN  container.ContainerReportHandler (AbstractContainerReportHandler.java:updateContainerState(145)) - Container #1 is in OPEN state, but the datanode 6a83fe04-c8c3-48c1-8861-8f81e89cd03c{ip: 192.168.69.90, host: pr-revert-24-hdds-2181-89r8m-3343634851, networkLocation: /default-rack, certSerialId: null} reports an CLOSED replica.
2019-10-15 21:54:32,650 [EventQueue-ContainerReportForContainerReportHandler] WARN  container.ContainerReportHandler (AbstractContainerReportHandler.java:updateContainerState(145)) - Container #1 is in OPEN state, but the datanode 0a72d9f0-d385-4350-a485-113e43f7c69c{ip: 192.168.69.90, host: pr-revert-24-hdds-2181-89r8m-3343634851, networkLocation: /default-rack, certSerialId: null} reports an CLOSED replica.
2019-10-15 21:54:32,837 [EventQueue-ContainerReportForContainerReportHandler] WARN  container.ContainerReportHandler (AbstractContainerReportHandler.java:updateContainerState(145)) - Container #1 is in OPEN state, but the datanode 6a83fe04-c8c3-48c1-8861-8f81e89cd03c{ip: 192.168.69.90, host: pr-revert-24-hdds-2181-89r8m-3343634851, networkLocation: /default-rack, certSerialId: null} reports an CLOSED replica.
2019-10-15 21:54:32,851 [EventQueue-ContainerReportForContainerReportHandler] WARN  container.ContainerReportHandler (AbstractContainerReportHandler.java:updateContainerState(145)) - Container #1 is in OPEN state, but the datanode 0a72d9f0-d385-4350-a485-113e43f7c69c{ip: 192.168.69.90, host: pr-revert-24-hdds-2181-89r8m-3343634851, networkLocation: /default-rack, certSerialId: null} reports an CLOSED replica.
2019-10-15 21:54:33,211 [BlockDeletingService#2] WARN  background.BlockDeletingService (BlockDeletingService.java:isDeletionAllowed(187)) - Close Container log Index 6 is not replicated across allthe servers in the pipeline 4353dad5-98e9-4a09-96de-f62649f7af7f as the min replicated index is 4. Deletion is not allowed in this container yet.
2019-10-15 21:54:33,211 [BlockDeletingService#2] WARN  background.BlockDeletingService (BlockDeletingService.java:isDeletionAllowed(187)) - Close Container log Index 6 is not replicated across allthe servers in the pipeline 4353dad5-98e9-4a09-96de-f62649f7af7f as the min replicated index is 4. Deletion is not allowed in this container yet.
2019-10-15 21:54:33,238 [EventQueue-ContainerReportForContainerReportHandler] WARN  container.ContainerReportHandler (AbstractContainerReportHandler.java:updateContainerState(145)) - Container #1 is in OPEN state, but the datanode 6a83fe04-c8c3-48c1-8861-8f81e89cd03c{ip: 192.168.69.90, host: pr-revert-24-hdds-2181-89r8m-3343634851, networkLocation: /default-rack, certSerialId: null} reports an CLOSED replica.
2019-10-15 21:54:33,252 [EventQueue-ContainerReportForContainerReportHandler] WARN  container.ContainerReportHandler (AbstractContainerReportHandler.java:updateContainerState(145)) - Container #1 is in OPEN state, but the datanode 0a72d9f0-d385-4350-a485-113e43f7c69c{ip: 192.168.69.90, host: pr-revert-24-hdds-2181-89r8m-3343634851, networkLocation: /default-rack, certSerialId: null} reports an CLOSED replica.
2019-10-15 21:54:33,452 [EventQueue-ContainerReportForContainerReportHandler] WARN  container.ContainerReportHandler (AbstractContainerReportHandler.java:updateContainerState(145)) - Container #1 is in OPEN state, but the datanode 0a72d9f0-d385-4350-a485-113e43f7c69c{ip: 192.168.69.90, host: pr-revert-24-hdds-2181-89r8m-3343634851, networkLocation: /default-rack, certSerialId: null} reports an CLOSED replica.
2019-10-15 21:54:33,538 [EventQueue-ContainerReportForContainerReportHandler] WARN  container.ContainerReportHandler (AbstractContainerReportHandler.java:updateContainerState(145)) - Container #1 is in OPEN state, but the datanode 6a83fe04-c8c3-48c1-8861-8f81e89cd03c{ip: 192.168.69.90, host: pr-revert-24-hdds-2181-89r8m-3343634851, networkLocation: /default-rack, certSerialId: null} reports an CLOSED replica.
2019-10-15 21:54:33,738 [EventQueue-ContainerReportForContainerReportHandler] WARN  container.ContainerReportHandler (AbstractContainerReportHandler.java:updateContainerState(145)) - Container #1 is in OPEN state, but the datanode 6a83fe04-c8c3-48c1-8861-8f81e89cd03c{ip: 192.168.69.90, host: pr-revert-24-hdds-2181-89r8m-3343634851, networkLocation: /default-rack, certSerialId: null} reports an CLOSED replica.
2019-10-15 21:54:33,752 [EventQueue-ContainerReportForContainerReportHandler] WARN  container.ContainerReportHandler (AbstractContainerReportHandler.java:updateContainerState(145)) - Container #1 is in OPEN state, but the datanode 0a72d9f0-d385-4350-a485-113e43f7c69c{ip: 192.168.69.90, host: pr-revert-24-hdds-2181-89r8m-3343634851, networkLocation: /default-rack, certSerialId: null} reports an CLOSED replica.
2019-10-15 21:54:33,938 [EventQueue-ContainerReportForContainerReportHandler] WARN  container.ContainerReportHandler (AbstractContainerReportHandler.java:updateContainerState(145)) - Container #1 is in OPEN state, but the datanode 6a83fe04-c8c3-48c1-8861-8f81e89cd03c{ip: 192.168.69.90, host: pr-revert-24-hdds-2181-89r8m-3343634851, networkLocation: /default-rack, certSerialId: null} reports an CLOSED replica.
2019-10-15 21:54:34,020 [java.util.concurrent.ThreadPoolExecutor$Worker@1e69e541[State = -1, empty queue]] WARN  server.GrpcLogAppender (GrpcLogAppender.java:timeoutAppendRequest(209)) - 6a83fe04-c8c3-48c1-8861-8f81e89cd03c@group-F62649F7AF7F->04d05b50-beb8-4841-9ce1-2061f7b42c80-GrpcLogAppender: appendEntries Timeout, request=6a83fe04-c8c3-48c1-8861-8f81e89cd03c->04d05b50-beb8-4841-9ce1-2061f7b42c80#49-t2, previous=(t:2, i:10), leaderCommit=10, initializing? false, entries: <empty>
2019-10-15 21:54:34,053 [EventQueue-ContainerReportForContainerReportHandler] WARN  container.ContainerReportHandler (AbstractContainerReportHandler.java:updateContainerState(145)) - Container #1 is in OPEN state, but the datanode 0a72d9f0-d385-4350-a485-113e43f7c69c{ip: 192.168.69.90, host: pr-revert-24-hdds-2181-89r8m-3343634851, networkLocation: /default-rack, certSerialId: null} reports an CLOSED replica.
2019-10-15 21:54:34,213 [BlockDeletingService#2] WARN  background.BlockDeletingService (BlockDeletingService.java:isDeletionAllowed(187)) - Close Container log Index 6 is not replicated across allthe servers in the pipeline 4353dad5-98e9-4a09-96de-f62649f7af7f as the min replicated index is 4. Deletion is not allowed in this container yet.
2019-10-15 21:54:34,213 [BlockDeletingService#2] WARN  background.BlockDeletingService (BlockDeletingService.java:isDeletionAllowed(187)) - Close Container log Index 6 is not replicated across allthe servers in the pipeline 4353dad5-98e9-4a09-96de-f62649f7af7f as the min replicated index is 4. Deletion is not allowed in this container yet.
2019-10-15 21:54:34,238 [EventQueue-ContainerReportForContainerReportHandler] WARN  container.ContainerReportHandler (AbstractContainerReportHandler.java:updateContainerState(145)) - Container #1 is in OPEN state, but the datanode 6a83fe04-c8c3-48c1-8861-8f81e89cd03c{ip: 192.168.69.90, host: pr-revert-24-hdds-2181-89r8m-3343634851, networkLocation: /default-rack, certSerialId: null} reports an CLOSED replica.
2019-10-15 21:54:34,253 [EventQueue-ContainerReportForContainerReportHandler] WARN  container.ContainerReportHandler (AbstractContainerReportHandler.java:updateContainerState(145)) - Container #1 is in OPEN state, but the datanode 0a72d9f0-d385-4350-a485-113e43f7c69c{ip: 192.168.69.90, host: pr-revert-24-hdds-2181-89r8m-3343634851, networkLocation: /default-rack, certSerialId: null} reports an CLOSED replica.
2019-10-15 21:54:34,553 [EventQueue-ContainerReportForContainerReportHandler] WARN  container.ContainerReportHandler (AbstractContainerReportHandler.java:updateContainerState(145)) - Container #1 is in OPEN state, but the datanode 0a72d9f0-d385-4350-a485-113e43f7c69c{ip: 192.168.69.90, host: pr-revert-24-hdds-2181-89r8m-3343634851, networkLocation: /default-rack, certSerialId: null} reports an CLOSED replica.
2019-10-15 21:54:34,640 [EventQueue-ContainerReportForContainerReportHandler] WARN  container.ContainerReportHandler (AbstractContainerReportHandler.java:updateContainerState(145)) - Container #1 is in OPEN state, but the datanode 6a83fe04-c8c3-48c1-8861-8f81e89cd03c{ip: 192.168.69.90, host: pr-revert-24-hdds-2181-89r8m-3343634851, networkLocation: /default-rack, certSerialId: null} reports an CLOSED replica.
2019-10-15 21:54:34,754 [EventQueue-ContainerReportForContainerReportHandler] WARN  container.ContainerReportHandler (AbstractContainerReportHandler.java:updateContainerState(145)) - Container #1 is in OPEN state, but the datanode 0a72d9f0-d385-4350-a485-113e43f7c69c{ip: 192.168.69.90, host: pr-revert-24-hdds-2181-89r8m-3343634851, networkLocation: /default-rack, certSerialId: null} reports an CLOSED replica.
2019-10-15 21:54:34,940 [EventQueue-ContainerReportForContainerReportHandler] WARN  container.ContainerReportHandler (AbstractContainerReportHandler.java:updateContainerState(145)) - Container #1 is in OPEN state, but the datanode 6a83fe04-c8c3-48c1-8861-8f81e89cd03c{ip: 192.168.69.90, host: pr-revert-24-hdds-2181-89r8m-3343634851, networkLocation: /default-rack, certSerialId: null} reports an CLOSED replica.
2019-10-15 21:54:34,954 [EventQueue-ContainerReportForContainerReportHandler] WARN  container.ContainerReportHandler (AbstractContainerReportHandler.java:updateContainerState(145)) - Container #1 is in OPEN state, but the datanode 0a72d9f0-d385-4350-a485-113e43f7c69c{ip: 192.168.69.90, host: pr-revert-24-hdds-2181-89r8m-3343634851, networkLocation: /default-rack, certSerialId: null} reports an CLOSED replica.
2019-10-15 21:54:35,217 [BlockDeletingService#2] WARN  background.BlockDeletingService (BlockDeletingService.java:isDeletionAllowed(187)) - Close Container log Index 6 is not replicated across allthe servers in the pipeline 4353dad5-98e9-4a09-96de-f62649f7af7f as the min replicated index is 4. Deletion is not allowed in this container yet.
2019-10-15 21:54:35,217 [BlockDeletingService#2] WARN  background.BlockDeletingService (BlockDeletingService.java:isDeletionAllowed(187)) - Close Container log Index 6 is not replicated across allthe servers in the pipeline 4353dad5-98e9-4a09-96de-f62649f7af7f as the min replicated index is 4. Deletion is not allowed in this container yet.
2019-10-15 21:54:35,243 [EventQueue-ContainerReportForContainerReportHandler] WARN  container.ContainerReportHandler (AbstractContainerReportHandler.java:updateContainerState(145)) - Container #1 is in OPEN state, but the datanode 6a83fe04-c8c3-48c1-8861-8f81e89cd03c{ip: 192.168.69.90, host: pr-revert-24-hdds-2181-89r8m-3343634851, networkLocation: /default-rack, certSerialId: null} reports an CLOSED replica.
2019-10-15 21:54:35,355 [EventQueue-ContainerReportForContainerReportHandler] WARN  container.ContainerReportHandler (AbstractContainerReportHandler.java:updateContainerState(145)) - Container #1 is in OPEN state, but the datanode 0a72d9f0-d385-4350-a485-113e43f7c69c{ip: 192.168.69.90, host: pr-revert-24-hdds-2181-89r8m-3343634851, networkLocation: /default-rack, certSerialId: null} reports an CLOSED replica.
2019-10-15 21:54:35,638 [EventQueue-StaleNodeForStaleNodeHandler] INFO  node.StaleNodeHandler (StaleNodeHandler.java:onMessage(58)) - Datanode 04d05b50-beb8-4841-9ce1-2061f7b42c80{ip: 192.168.69.90, host: pr-revert-24-hdds-2181-89r8m-3343634851, networkLocation: /default-rack, certSerialId: null} moved to stale state. Finalizing its pipelines [PipelineID=9fc83c92-688e-482f-b01e-19e7e9d7fe95, PipelineID=4353dad5-98e9-4a09-96de-f62649f7af7f]
2019-10-15 21:54:35,639 [EventQueue-StaleNodeForStaleNodeHandler] INFO  pipeline.SCMPipelineManager (SCMPipelineManager.java:finalizeAndDestroyPipeline(315)) - destroying pipeline:Pipeline[ Id: 9fc83c92-688e-482f-b01e-19e7e9d7fe95, Nodes: 04d05b50-beb8-4841-9ce1-2061f7b42c80{ip: 192.168.69.90, host: pr-revert-24-hdds-2181-89r8m-3343634851, networkLocation: /default-rack, certSerialId: null}, Type:RATIS, Factor:ONE, State:OPEN]
2019-10-15 21:54:35,641 [EventQueue-ContainerReportForContainerReportHandler] WARN  container.ContainerReportHandler (AbstractContainerReportHandler.java:updateContainerState(145)) - Container #1 is in OPEN state, but the datanode 6a83fe04-c8c3-48c1-8861-8f81e89cd03c{ip: 192.168.69.90, host: pr-revert-24-hdds-2181-89r8m-3343634851, networkLocation: /default-rack, certSerialId: null} reports an CLOSED replica.
2019-10-15 21:54:35,642 [EventQueue-StaleNodeForStaleNodeHandler] INFO  pipeline.PipelineStateManager (PipelineStateManager.java:finalizePipeline(123)) - Pipeline Pipeline[ Id: 9fc83c92-688e-482f-b01e-19e7e9d7fe95, Nodes: 04d05b50-beb8-4841-9ce1-2061f7b42c80{ip: 192.168.69.90, host: pr-revert-24-hdds-2181-89r8m-3343634851, networkLocation: /default-rack, certSerialId: null}, Type:RATIS, Factor:ONE, State:CLOSED] moved to CLOSED state
2019-10-15 21:54:35,644 [EventQueue-StaleNodeForStaleNodeHandler] INFO  pipeline.SCMPipelineManager (SCMPipelineManager.java:finalizeAndDestroyPipeline(315)) - destroying pipeline:Pipeline[ Id: 4353dad5-98e9-4a09-96de-f62649f7af7f, Nodes: 6a83fe04-c8c3-48c1-8861-8f81e89cd03c{ip: 192.168.69.90, host: pr-revert-24-hdds-2181-89r8m-3343634851, networkLocation: /default-rack, certSerialId: null}0a72d9f0-d385-4350-a485-113e43f7c69c{ip: 192.168.69.90, host: pr-revert-24-hdds-2181-89r8m-3343634851, networkLocation: /default-rack, certSerialId: null}04d05b50-beb8-4841-9ce1-2061f7b42c80{ip: 192.168.69.90, host: pr-revert-24-hdds-2181-89r8m-3343634851, networkLocation: /default-rack, certSerialId: null}, Type:RATIS, Factor:THREE, State:OPEN]
2019-10-15 21:54:35,645 [EventQueue-StaleNodeForStaleNodeHandler] INFO  pipeline.PipelineStateManager (PipelineStateManager.java:finalizePipeline(123)) - Pipeline Pipeline[ Id: 4353dad5-98e9-4a09-96de-f62649f7af7f, Nodes: 6a83fe04-c8c3-48c1-8861-8f81e89cd03c{ip: 192.168.69.90, host: pr-revert-24-hdds-2181-89r8m-3343634851, networkLocation: /default-rack, certSerialId: null}0a72d9f0-d385-4350-a485-113e43f7c69c{ip: 192.168.69.90, host: pr-revert-24-hdds-2181-89r8m-3343634851, networkLocation: /default-rack, certSerialId: null}04d05b50-beb8-4841-9ce1-2061f7b42c80{ip: 192.168.69.90, host: pr-revert-24-hdds-2181-89r8m-3343634851, networkLocation: /default-rack, certSerialId: null}, Type:RATIS, Factor:THREE, State:CLOSED] moved to CLOSED state
2019-10-15 21:54:35,645 [EventQueue-CloseContainerForCloseContainerEventHandler] INFO  container.CloseContainerEventHandler (CloseContainerEventHandler.java:onMessage(61)) - Close container Event triggered for container : #1
2019-10-15 21:54:35,655 [EventQueue-ContainerReportForContainerReportHandler] INFO  container.ContainerReportHandler (AbstractContainerReportHandler.java:updateContainerState(178)) - Moving container #1 to CLOSED state, datanode 0a72d9f0-d385-4350-a485-113e43f7c69c{ip: 192.168.69.90, host: pr-revert-24-hdds-2181-89r8m-3343634851, networkLocation: /default-rack, certSerialId: null} reported CLOSED replica.
2019-10-15 21:54:35,863 [SCMBlockDeletingService#1] INFO  block.SCMBlockDeletingService (SCMBlockDeletingService.java:call(184)) - Totally added 3 delete blocks command for 3 datanodes, task elapsed time: 7ms
2019-10-15 21:54:35,943 [EventQueue-PendingDeleteStatusForPendingDeleteHandler] INFO  block.SCMBlockDeletingService (SCMBlockDeletingService.java:handlePendingDeletes(115)) - Block deletion txnID mismatch in datanode 6a83fe04-c8c3-48c1-8861-8f81e89cd03c for containerID 1. Datanode delete txnID: 0, SCM txnID: 1
2019-10-15 21:54:35,956 [EventQueue-PendingDeleteStatusForPendingDeleteHandler] INFO  block.SCMBlockDeletingService (SCMBlockDeletingService.java:handlePendingDeletes(115)) - Block deletion txnID mismatch in datanode 0a72d9f0-d385-4350-a485-113e43f7c69c for containerID 1. Datanode delete txnID: 0, SCM txnID: 1
2019-10-15 21:54:36,156 [EventQueue-PendingDeleteStatusForPendingDeleteHandler] INFO  block.SCMBlockDeletingService (SCMBlockDeletingService.java:handlePendingDeletes(115)) - Block deletion txnID mismatch in datanode 0a72d9f0-d385-4350-a485-113e43f7c69c for containerID 1. Datanode delete txnID: 0, SCM txnID: 1
2019-10-15 21:54:36,219 [BlockDeletingService#2] WARN  background.BlockDeletingService (BlockDeletingService.java:isDeletionAllowed(187)) - Close Container log Index 6 is not replicated across allthe servers in the pipeline 4353dad5-98e9-4a09-96de-f62649f7af7f as the min replicated index is 4. Deletion is not allowed in this container yet.
2019-10-15 21:54:36,219 [BlockDeletingService#2] WARN  background.BlockDeletingService (BlockDeletingService.java:isDeletionAllowed(187)) - Close Container log Index 6 is not replicated across allthe servers in the pipeline 4353dad5-98e9-4a09-96de-f62649f7af7f as the min replicated index is 4. Deletion is not allowed in this container yet.
2019-10-15 21:54:36,242 [EventQueue-PendingDeleteStatusForPendingDeleteHandler] INFO  block.SCMBlockDeletingService (SCMBlockDeletingService.java:handlePendingDeletes(115)) - Block deletion txnID mismatch in datanode 6a83fe04-c8c3-48c1-8861-8f81e89cd03c for containerID 1. Datanode delete txnID: 0, SCM txnID: 1
2019-10-15 21:54:36,443 [EventQueue-PendingDeleteStatusForPendingDeleteHandler] INFO  block.SCMBlockDeletingService (SCMBlockDeletingService.java:handlePendingDeletes(115)) - Block deletion txnID mismatch in datanode 6a83fe04-c8c3-48c1-8861-8f81e89cd03c for containerID 1. Datanode delete txnID: 0, SCM txnID: 1
2019-10-15 21:54:36,456 [EventQueue-PendingDeleteStatusForPendingDeleteHandler] INFO  block.SCMBlockDeletingService (SCMBlockDeletingService.java:handlePendingDeletes(115)) - Block deletion txnID mismatch in datanode 0a72d9f0-d385-4350-a485-113e43f7c69c for containerID 1. Datanode delete txnID: 0, SCM txnID: 1
2019-10-15 21:54:36,522 [java.util.concurrent.ThreadPoolExecutor$Worker@1e69e541[State = -1, empty queue]] WARN  server.GrpcLogAppender (GrpcLogAppender.java:timeoutAppendRequest(209)) - 6a83fe04-c8c3-48c1-8861-8f81e89cd03c@group-F62649F7AF7F->04d05b50-beb8-4841-9ce1-2061f7b42c80-GrpcLogAppender: appendEntries Timeout, request=6a83fe04-c8c3-48c1-8861-8f81e89cd03c->04d05b50-beb8-4841-9ce1-2061f7b42c80#50-t2, previous=(t:2, i:10), leaderCommit=10, initializing? false, entries: <empty>
2019-10-15 21:54:36,545 [Command processor thread] INFO  commandhandler.DeleteBlocksCommandHandler (DeleteBlocksCommandHandler.java:handle(106)) - Start to delete container blocks, TXIDs=[1(0)], numOfContainers=1, numOfBlocks=1
2019-10-15 21:54:36,613 [main] INFO  impl.MetricsSystemImpl (MetricsSystemImpl.java:init(158)) - HddsDatanode metrics system started (again)
2019-10-15 21:54:36,665 [main] INFO  ozone.HddsDatanodeService (HddsDatanodeService.java:start(184)) - HddsDatanodeService host:pr-revert-24-hdds-2181-89r8m-3343634851 ip:192.168.69.90
2019-10-15 21:54:36,669 [main] INFO  volume.VolumeUsage (VolumeUsage.java:loadScmUsed(144)) - Cached ScmUsed found for /workdir/hadoop-ozone/integration-test/target/test-dir/MiniOzoneClusterImpl-b3c83117-10f6-4176-911a-f0fe566d843f/datanode-2/data/containers : 4096 
2019-10-15 21:54:36,669 [main] INFO  volume.HddsVolume (HddsVolume.java:<init>(176)) - Creating Volume: /workdir/hadoop-ozone/integration-test/target/test-dir/MiniOzoneClusterImpl-b3c83117-10f6-4176-911a-f0fe566d843f/datanode-2/data/containers/hdds of  storage type : DISK and capacity : 1482555576320
2019-10-15 21:54:36,670 [main] INFO  volume.VolumeSet (VolumeSet.java:initializeVolumeSet(170)) - Added Volume : /workdir/hadoop-ozone/integration-test/target/test-dir/MiniOzoneClusterImpl-b3c83117-10f6-4176-911a-f0fe566d843f/datanode-2/data/containers/hdds to VolumeSet
2019-10-15 21:54:36,670 [main] INFO  volume.ThrottledAsyncChecker (ThrottledAsyncChecker.java:schedule(141)) - Scheduling a check for /workdir/hadoop-ozone/integration-test/target/test-dir/MiniOzoneClusterImpl-b3c83117-10f6-4176-911a-f0fe566d843f/datanode-2/data/containers/hdds
2019-10-15 21:54:36,671 [main] INFO  volume.HddsVolumeChecker (HddsVolumeChecker.java:checkAllVolumes(204)) - Scheduled health check for volume /workdir/hadoop-ozone/integration-test/target/test-dir/MiniOzoneClusterImpl-b3c83117-10f6-4176-911a-f0fe566d843f/datanode-2/data/containers/hdds
2019-10-15 21:54:36,718 [main] INFO  impl.RaftServerProxy (ConfUtils.java:logGet(43)) - raft.rpc.type = GRPC (default)
2019-10-15 21:54:36,719 [main] INFO  grpc.GrpcFactory (GrpcFactory.java:checkPooledByteBufAllocatorUseCacheForAllThreads(45)) - PERFORMANCE WARNING: useCacheForAllThreads is true that may cause Netty to create a lot garbage objects and, as a result, trigger GC.
	It is recommended to disable useCacheForAllThreads by setting -Dorg.apache.ratis.thirdparty.io.netty.allocator.useCacheForAllThreads=false in command line.
2019-10-15 21:54:36,719 [main] INFO  grpc.GrpcConfigKeys$Server (ConfUtils.java:logGet(43)) - raft.grpc.server.port = 35772 (custom)
2019-10-15 21:54:36,719 [main] INFO  server.GrpcService (ConfUtils.java:logGet(43)) - raft.grpc.message.size.max = 33570816 (custom)
2019-10-15 21:54:36,720 [main] INFO  server.RaftServerConfigKeys (ConfUtils.java:logGet(43)) - raft.server.log.appender.buffer.byte-limit = 33554432 (custom)
2019-10-15 21:54:36,720 [main] INFO  server.GrpcService (ConfUtils.java:logGet(43)) - raft.grpc.flow.control.window = 1MB (=1048576) (default)
2019-10-15 21:54:36,720 [main] INFO  server.RaftServerConfigKeys (ConfUtils.java:logGet(43)) - raft.server.rpc.request.timeout = 3000ms (default)
2019-10-15 21:54:36,722 [main] INFO  server.RaftServerConfigKeys (ConfUtils.java:logGet(43)) - raft.server.storage.dir = [/workdir/hadoop-ozone/integration-test/target/test-dir/MiniOzoneClusterImpl-b3c83117-10f6-4176-911a-f0fe566d843f/datanode-2/data/ratis] (custom)
2019-10-15 21:54:36,722 [main] INFO  impl.RaftServerProxy (RaftServerProxy.java:lambda$null$0(191)) - 04d05b50-beb8-4841-9ce1-2061f7b42c80: found a subdirectory /workdir/hadoop-ozone/integration-test/target/test-dir/MiniOzoneClusterImpl-b3c83117-10f6-4176-911a-f0fe566d843f/datanode-2/data/ratis/4353dad5-98e9-4a09-96de-f62649f7af7f
2019-10-15 21:54:36,723 [main] INFO  impl.RaftServerProxy (RaftServerProxy.java:addNew(89)) - 04d05b50-beb8-4841-9ce1-2061f7b42c80: addNew group-F62649F7AF7F:[] returns group-F62649F7AF7F:java.util.concurrent.CompletableFuture@6e4599c0[Not completed]
2019-10-15 21:54:36,724 [main] INFO  impl.RaftServerProxy (RaftServerProxy.java:lambda$null$0(191)) - 04d05b50-beb8-4841-9ce1-2061f7b42c80: found a subdirectory /workdir/hadoop-ozone/integration-test/target/test-dir/MiniOzoneClusterImpl-b3c83117-10f6-4176-911a-f0fe566d843f/datanode-2/data/ratis/9fc83c92-688e-482f-b01e-19e7e9d7fe95
2019-10-15 21:54:36,724 [main] INFO  impl.RaftServerProxy (RaftServerProxy.java:addNew(89)) - 04d05b50-beb8-4841-9ce1-2061f7b42c80: addNew group-19E7E9D7FE95:[] returns group-19E7E9D7FE95:java.util.concurrent.CompletableFuture@7dffda8b[Not completed]
2019-10-15 21:54:36,727 [pool-59-thread-1] INFO  impl.RaftServerImpl (RaftServerImpl.java:<init>(104)) - 04d05b50-beb8-4841-9ce1-2061f7b42c80: new RaftServerImpl for group-F62649F7AF7F:[] with ContainerStateMachine:uninitialized
2019-10-15 21:54:36,728 [pool-59-thread-1] INFO  server.RaftServerConfigKeys (ConfUtils.java:logGet(43)) - raft.server.rpc.timeout.min = 5s (custom)
2019-10-15 21:54:36,728 [pool-59-thread-1] INFO  server.RaftServerConfigKeys (ConfUtils.java:logGet(43)) - raft.server.rpc.timeout.max = 5200ms (custom)
2019-10-15 21:54:36,728 [pool-59-thread-1] INFO  server.RaftServerConfigKeys (ConfUtils.java:logGet(43)) - raft.server.rpcslowness.timeout = 1000s (custom)
2019-10-15 21:54:36,728 [pool-59-thread-1] INFO  server.RaftServerConfigKeys (ConfUtils.java:logGet(43)) - raft.server.sleep.deviation.threshold = 300 (default)
2019-10-15 21:54:36,728 [pool-59-thread-1] INFO  server.RaftServerConfigKeys (ConfUtils.java:logGet(43)) - raft.server.log.appender.install.snapshot.enabled = false (custom)
2019-10-15 21:54:36,729 [pool-59-thread-1] INFO  impl.RaftServerImpl (ServerState.java:<init>(103)) - 04d05b50-beb8-4841-9ce1-2061f7b42c80@group-F62649F7AF7F: ConfigurationManager, init=-1: [], old=null, confs=<EMPTY_MAP>
2019-10-15 21:54:36,729 [pool-59-thread-1] INFO  server.RaftServerConfigKeys (ConfUtils.java:logGet(43)) - raft.server.storage.dir = [/workdir/hadoop-ozone/integration-test/target/test-dir/MiniOzoneClusterImpl-b3c83117-10f6-4176-911a-f0fe566d843f/datanode-2/data/ratis] (custom)
2019-10-15 21:54:36,729 [pool-59-thread-1] INFO  server.RaftServerConfigKeys (ConfUtils.java:logGet(43)) - raft.server.log.corruption.policy = EXCEPTION (default)
2019-10-15 21:54:36,729 [main] INFO  hdfs.DFSUtil (DFSUtil.java:httpServerTemplateForNNAndJN(1641)) - Starting Web-server for hddsDatanode at: http://0.0.0.0:46882
2019-10-15 21:54:36,733 [main] INFO  server.AuthenticationFilter (AuthenticationFilter.java:constructSecretProvider(240)) - Unable to initialize FileSignerSecretProvider, falling back to use random secrets.
2019-10-15 21:54:36,733 [main] WARN  http.HttpRequestLog (HttpRequestLog.java:getRequestLog(97)) - Jetty request log can only be enabled using Log4j
2019-10-15 21:54:36,736 [main] INFO  http.HttpServer2 (HttpServer2.java:addGlobalFilter(975)) - Added global filter 'safety' (class=org.apache.hadoop.http.HttpServer2$QuotingInputFilter)
2019-10-15 21:54:36,737 [main] INFO  http.HttpServer2 (HttpServer2.java:addFilter(948)) - Added filter static_user_filter (class=org.apache.hadoop.http.lib.StaticUserWebFilter$StaticUserFilter) to context hddsDatanode
2019-10-15 21:54:36,737 [main] INFO  http.HttpServer2 (HttpServer2.java:addFilter(958)) - Added filter static_user_filter (class=org.apache.hadoop.http.lib.StaticUserWebFilter$StaticUserFilter) to context logs
2019-10-15 21:54:36,738 [main] INFO  http.HttpServer2 (HttpServer2.java:addFilter(958)) - Added filter static_user_filter (class=org.apache.hadoop.http.lib.StaticUserWebFilter$StaticUserFilter) to context static
2019-10-15 21:54:36,739 [main] INFO  http.HttpServer2 (HttpServer2.java:bindListener(1191)) - Jetty bound to port 46882
2019-10-15 21:54:36,739 [main] INFO  server.Server (Server.java:doStart(351)) - jetty-9.3.25.v20180904, build timestamp: 2018-09-04T21:11:46Z, git hash: 3ce520221d0240229c862b122d2b06c12a625732
2019-10-15 21:54:36,742 [main] INFO  handler.ContextHandler (ContextHandler.java:doStart(781)) - Started o.e.j.s.ServletContextHandler@69f0b0f4{/logs,file:///workdir/hadoop-ozone/integration-test/target/log,AVAILABLE}
2019-10-15 21:54:36,743 [main] INFO  handler.ContextHandler (ContextHandler.java:doStart(781)) - Started o.e.j.s.ServletContextHandler@2f7efd0b{/static,jar:file:/home/user/.m2/repository/org/apache/hadoop/hadoop-hdds-container-service/0.5.0-SNAPSHOT/hadoop-hdds-container-service-0.5.0-SNAPSHOT.jar!/webapps/static,AVAILABLE}
2019-10-15 21:54:36,750 [pool-59-thread-1] INFO  storage.RaftStorageDirectory (RaftStorageDirectory.java:tryLock(328)) - Lock on /workdir/hadoop-ozone/integration-test/target/test-dir/MiniOzoneClusterImpl-b3c83117-10f6-4176-911a-f0fe566d843f/datanode-2/data/ratis/4353dad5-98e9-4a09-96de-f62649f7af7f/in_use.lock acquired by nodename 27833@pr-revert-24-hdds-2181-89r8m-3343634851
2019-10-15 21:54:36,753 [pool-59-thread-1] INFO  ratis.ContainerStateMachine (ContainerStateMachine.java:loadSnapshot(240)) - group-F62649F7AF7F: Setting the last applied index to (t:2, i:3)
2019-10-15 21:54:36,755 [Command processor thread] INFO  commandhandler.DeleteBlocksCommandHandler (DeleteBlocksCommandHandler.java:handle(106)) - Start to delete container blocks, TXIDs=[1(0)], numOfContainers=1, numOfBlocks=1
2019-10-15 21:54:36,760 [pool-59-thread-1] INFO  impl.RaftServerImpl (ServerState.java:setRaftConf(357)) - 04d05b50-beb8-4841-9ce1-2061f7b42c80@group-F62649F7AF7F: set configuration 0: [6a83fe04-c8c3-48c1-8861-8f81e89cd03c:192.168.69.90:44841, 04d05b50-beb8-4841-9ce1-2061f7b42c80:192.168.69.90:35772, 0a72d9f0-d385-4350-a485-113e43f7c69c:192.168.69.90:33827], old=null at 0
2019-10-15 21:54:36,760 [pool-59-thread-1] INFO  server.RaftServerConfigKeys (ConfUtils.java:logGet(43)) - raft.server.notification.no-leader.timeout = 1000s (custom)
2019-10-15 21:54:36,760 [pool-59-thread-1] INFO  server.RaftServerConfigKeys (ConfUtils.java:logGet(43)) - raft.server.log.use.memory = false (default)
2019-10-15 21:54:36,760 [pool-59-thread-1] INFO  server.RaftServerConfigKeys (ConfUtils.java:logGet(43)) - raft.server.log.purge.gap = 1000000 (custom)
2019-10-15 21:54:36,761 [pool-59-thread-1] INFO  server.RaftServerConfigKeys (ConfUtils.java:logGet(43)) - raft.server.log.appender.buffer.byte-limit = 33554432 (custom)
2019-10-15 21:54:36,761 [pool-59-thread-1] INFO  server.RaftServerConfigKeys (ConfUtils.java:logGet(43)) - raft.server.log.segment.size.max = 1048576 (custom)
2019-10-15 21:54:36,761 [pool-59-thread-1] INFO  server.RaftServerConfigKeys (ConfUtils.java:logGet(43)) - raft.server.log.segment.cache.num.max = 2 (custom)
2019-10-15 21:54:36,761 [pool-59-thread-1] INFO  segmented.SegmentedRaftLogWorker (SegmentedRaftLogWorker.java:<init>(173)) - new 04d05b50-beb8-4841-9ce1-2061f7b42c80@group-F62649F7AF7F-SegmentedRaftLogWorker for RaftStorage:Storage Directory /workdir/hadoop-ozone/integration-test/target/test-dir/MiniOzoneClusterImpl-b3c83117-10f6-4176-911a-f0fe566d843f/datanode-2/data/ratis/4353dad5-98e9-4a09-96de-f62649f7af7f
2019-10-15 21:54:36,761 [pool-59-thread-1] INFO  server.RaftServerConfigKeys (ConfUtils.java:logGet(43)) - raft.server.log.queue.byte-limit = 2147483647 (custom)
2019-10-15 21:54:36,761 [pool-59-thread-1] INFO  server.RaftServerConfigKeys (ConfUtils.java:logGet(43)) - raft.server.log.queue.element-limit = 1024 (custom)
2019-10-15 21:54:36,761 [pool-59-thread-1] INFO  server.RaftServerConfigKeys (ConfUtils.java:logGet(43)) - raft.server.log.segment.size.max = 1048576 (custom)
2019-10-15 21:54:36,762 [pool-59-thread-1] INFO  server.RaftServerConfigKeys (ConfUtils.java:logGet(43)) - raft.server.log.preallocated.size = 16384 (custom)
2019-10-15 21:54:36,762 [pool-59-thread-1] INFO  server.RaftServerConfigKeys (ConfUtils.java:logGet(43)) - raft.server.log.write.buffer.size = 33554432 (custom)
2019-10-15 21:54:36,762 [pool-59-thread-1] INFO  server.RaftServerConfigKeys (ConfUtils.java:logGet(43)) - raft.server.log.force.sync.num = 128 (default)
2019-10-15 21:54:36,762 [pool-59-thread-1] INFO  server.RaftServerConfigKeys (ConfUtils.java:logGet(43)) - raft.server.log.statemachine.data.sync = true (default)
2019-10-15 21:54:36,762 [pool-59-thread-1] INFO  server.RaftServerConfigKeys (ConfUtils.java:logGet(43)) - raft.server.log.statemachine.data.sync.timeout = 10s (default)
2019-10-15 21:54:36,762 [pool-59-thread-1] INFO  server.RaftServerConfigKeys (ConfUtils.java:logGet(43)) - raft.server.log.statemachine.data.sync.timeout.retry = -1 (default)
2019-10-15 21:54:36,762 [pool-59-thread-1] INFO  server.RaftServerConfigKeys (ConfUtils.java:logGet(43)) - raft.server.log.statemachine.data.caching.enabled = true (custom)
2019-10-15 21:54:36,769 [pool-59-thread-1] INFO  impl.RaftServerImpl (ServerState.java:setRaftConf(357)) - 04d05b50-beb8-4841-9ce1-2061f7b42c80@group-F62649F7AF7F: set configuration 0: [6a83fe04-c8c3-48c1-8861-8f81e89cd03c:192.168.69.90:44841, 04d05b50-beb8-4841-9ce1-2061f7b42c80:192.168.69.90:35772, 0a72d9f0-d385-4350-a485-113e43f7c69c:192.168.69.90:33827], old=null at 0
2019-10-15 21:54:36,770 [pool-59-thread-1] INFO  segmented.LogSegment (LogSegment.java:loadSegment(140)) - Successfully read 5 entries from segment file /workdir/hadoop-ozone/integration-test/target/test-dir/MiniOzoneClusterImpl-b3c83117-10f6-4176-911a-f0fe566d843f/datanode-2/data/ratis/4353dad5-98e9-4a09-96de-f62649f7af7f/current/log_inprogress_0
2019-10-15 21:54:36,770 [pool-59-thread-1] INFO  segmented.SegmentedRaftLogWorker (SegmentedRaftLogWorker.java:lambda$new$0(128)) - 04d05b50-beb8-4841-9ce1-2061f7b42c80@group-F62649F7AF7F-SegmentedRaftLogWorker: flushIndex: setUnconditionally 0 -> 4
2019-10-15 21:54:36,790 [main] INFO  handler.ContextHandler (ContextHandler.java:doStart(781)) - Started o.e.j.w.WebAppContext@1d408060{/,file:///tmp/jetty-0.0.0.0-46882-hddsDatanode-_-any-881040366057438789.dir/webapp/,AVAILABLE}{/hddsDatanode}
2019-10-15 21:54:36,791 [main] INFO  server.AbstractConnector (AbstractConnector.java:doStart(278)) - Started ServerConnector@68a78f3c{HTTP/1.1,[http/1.1]}{0.0.0.0:46882}
2019-10-15 21:54:36,797 [pool-59-thread-1] INFO  raftlog.RaftLog (RaftLog.java:lambda$new$0(61)) - 04d05b50-beb8-4841-9ce1-2061f7b42c80@group-F62649F7AF7F-SegmentedRaftLog: commitIndex: updateToMax old=3, new=3, updated? false
2019-10-15 21:54:36,797 [main] INFO  server.Server (Server.java:doStart(419)) - Started @113059ms
2019-10-15 21:54:36,798 [main] WARN  impl.MetricsSystemImpl (MetricsSystemImpl.java:register(276)) - Sink prometheus already exists!
2019-10-15 21:54:36,798 [pool-59-thread-1] INFO  server.RaftServerConfigKeys (ConfUtils.java:logGet(43)) - raft.server.snapshot.auto.trigger.enabled = true (custom)
2019-10-15 21:54:36,798 [pool-59-thread-1] INFO  server.RaftServerConfigKeys (ConfUtils.java:logGet(43)) - raft.server.snapshot.auto.trigger.threshold = 10000 (custom)
2019-10-15 21:54:36,798 [pool-59-thread-1] INFO  server.RaftServerConfigKeys (ConfUtils.java:logGet(43)) - raft.server.snapshot.retention.file.num = 5 (custom)
2019-10-15 21:54:36,798 [pool-59-thread-1] INFO  server.RaftServerConfigKeys (ConfUtils.java:logGet(43)) - raft.server.retrycache.expirytime = 600000ms (custom)
2019-10-15 21:54:36,799 [main] INFO  server.BaseHttpServer (BaseHttpServer.java:updateConnectorAddress(215)) - HTTP server of HDDSDATANODE is listening at http://0.0.0.0:46882
2019-10-15 21:54:36,800 [pool-59-thread-1] INFO  impl.RaftServerImpl (RaftServerImpl.java:<init>(104)) - 04d05b50-beb8-4841-9ce1-2061f7b42c80: new RaftServerImpl for group-19E7E9D7FE95:[] with ContainerStateMachine:uninitialized
2019-10-15 21:54:36,800 [pool-59-thread-1] INFO  server.RaftServerConfigKeys (ConfUtils.java:logGet(43)) - raft.server.rpc.timeout.min = 5s (custom)
2019-10-15 21:54:36,800 [pool-59-thread-1] INFO  server.RaftServerConfigKeys (ConfUtils.java:logGet(43)) - raft.server.rpc.timeout.max = 5200ms (custom)
2019-10-15 21:54:36,800 [pool-59-thread-1] INFO  server.RaftServerConfigKeys (ConfUtils.java:logGet(43)) - raft.server.rpcslowness.timeout = 1000s (custom)
2019-10-15 21:54:36,800 [pool-59-thread-1] INFO  server.RaftServerConfigKeys (ConfUtils.java:logGet(43)) - raft.server.sleep.deviation.threshold = 300 (default)
2019-10-15 21:54:36,801 [pool-59-thread-1] INFO  server.RaftServerConfigKeys (ConfUtils.java:logGet(43)) - raft.server.log.appender.install.snapshot.enabled = false (custom)
2019-10-15 21:54:36,801 [pool-59-thread-1] INFO  impl.RaftServerImpl (ServerState.java:<init>(103)) - 04d05b50-beb8-4841-9ce1-2061f7b42c80@group-19E7E9D7FE95: ConfigurationManager, init=-1: [], old=null, confs=<EMPTY_MAP>
2019-10-15 21:54:36,801 [pool-59-thread-1] INFO  server.RaftServerConfigKeys (ConfUtils.java:logGet(43)) - raft.server.storage.dir = [/workdir/hadoop-ozone/integration-test/target/test-dir/MiniOzoneClusterImpl-b3c83117-10f6-4176-911a-f0fe566d843f/datanode-2/data/ratis] (custom)
2019-10-15 21:54:36,801 [org.apache.hadoop.util.JvmPauseMonitor$Monitor@4267cce8] INFO  util.JvmPauseMonitor (JvmPauseMonitor.java:run(188)) - Starting JVM pause monitor
2019-10-15 21:54:36,801 [pool-59-thread-1] INFO  server.RaftServerConfigKeys (ConfUtils.java:logGet(43)) - raft.server.log.corruption.policy = EXCEPTION (default)
2019-10-15 21:54:36,814 [pool-59-thread-1] INFO  storage.RaftStorageDirectory (RaftStorageDirectory.java:tryLock(328)) - Lock on /workdir/hadoop-ozone/integration-test/target/test-dir/MiniOzoneClusterImpl-b3c83117-10f6-4176-911a-f0fe566d843f/datanode-2/data/ratis/9fc83c92-688e-482f-b01e-19e7e9d7fe95/in_use.lock acquired by nodename 27833@pr-revert-24-hdds-2181-89r8m-3343634851
2019-10-15 21:54:36,815 [pool-59-thread-1] INFO  ratis.ContainerStateMachine (ContainerStateMachine.java:loadSnapshot(231)) - group-19E7E9D7FE95: The snapshot info is null. Setting the last applied indexto:(t:0, i:~)
2019-10-15 21:54:36,815 [pool-59-thread-1] INFO  server.RaftServerConfigKeys (ConfUtils.java:logGet(43)) - raft.server.notification.no-leader.timeout = 1000s (custom)
2019-10-15 21:54:36,815 [pool-59-thread-1] INFO  server.RaftServerConfigKeys (ConfUtils.java:logGet(43)) - raft.server.log.use.memory = false (default)
2019-10-15 21:54:36,815 [pool-59-thread-1] INFO  server.RaftServerConfigKeys (ConfUtils.java:logGet(43)) - raft.server.log.purge.gap = 1000000 (custom)
2019-10-15 21:54:36,815 [pool-59-thread-1] INFO  server.RaftServerConfigKeys (ConfUtils.java:logGet(43)) - raft.server.log.appender.buffer.byte-limit = 33554432 (custom)
2019-10-15 21:54:36,816 [pool-59-thread-1] INFO  server.RaftServerConfigKeys (ConfUtils.java:logGet(43)) - raft.server.log.segment.size.max = 1048576 (custom)
2019-10-15 21:54:36,816 [pool-59-thread-1] INFO  server.RaftServerConfigKeys (ConfUtils.java:logGet(43)) - raft.server.log.segment.cache.num.max = 2 (custom)
2019-10-15 21:54:36,816 [pool-59-thread-1] INFO  segmented.SegmentedRaftLogWorker (SegmentedRaftLogWorker.java:<init>(173)) - new 04d05b50-beb8-4841-9ce1-2061f7b42c80@group-19E7E9D7FE95-SegmentedRaftLogWorker for RaftStorage:Storage Directory /workdir/hadoop-ozone/integration-test/target/test-dir/MiniOzoneClusterImpl-b3c83117-10f6-4176-911a-f0fe566d843f/datanode-2/data/ratis/9fc83c92-688e-482f-b01e-19e7e9d7fe95
2019-10-15 21:54:36,816 [pool-59-thread-1] INFO  server.RaftServerConfigKeys (ConfUtils.java:logGet(43)) - raft.server.log.queue.byte-limit = 2147483647 (custom)
2019-10-15 21:54:36,816 [pool-59-thread-1] INFO  server.RaftServerConfigKeys (ConfUtils.java:logGet(43)) - raft.server.log.queue.element-limit = 1024 (custom)
2019-10-15 21:54:36,816 [pool-59-thread-1] INFO  server.RaftServerConfigKeys (ConfUtils.java:logGet(43)) - raft.server.log.segment.size.max = 1048576 (custom)
2019-10-15 21:54:36,816 [pool-59-thread-1] INFO  server.RaftServerConfigKeys (ConfUtils.java:logGet(43)) - raft.server.log.preallocated.size = 16384 (custom)
2019-10-15 21:54:36,816 [pool-59-thread-1] INFO  server.RaftServerConfigKeys (ConfUtils.java:logGet(43)) - raft.server.log.write.buffer.size = 33554432 (custom)
2019-10-15 21:54:36,816 [pool-59-thread-1] INFO  server.RaftServerConfigKeys (ConfUtils.java:logGet(43)) - raft.server.log.force.sync.num = 128 (default)
2019-10-15 21:54:36,817 [pool-59-thread-1] INFO  server.RaftServerConfigKeys (ConfUtils.java:logGet(43)) - raft.server.log.statemachine.data.sync = true (default)
2019-10-15 21:54:36,817 [pool-59-thread-1] INFO  server.RaftServerConfigKeys (ConfUtils.java:logGet(43)) - raft.server.log.statemachine.data.sync.timeout = 10s (default)
2019-10-15 21:54:36,817 [pool-59-thread-1] INFO  server.RaftServerConfigKeys (ConfUtils.java:logGet(43)) - raft.server.log.statemachine.data.sync.timeout.retry = -1 (default)
2019-10-15 21:54:36,817 [pool-59-thread-1] INFO  server.RaftServerConfigKeys (ConfUtils.java:logGet(43)) - raft.server.log.statemachine.data.caching.enabled = true (custom)
2019-10-15 21:54:36,817 [pool-59-thread-1] INFO  impl.RaftServerImpl (ServerState.java:setRaftConf(357)) - 04d05b50-beb8-4841-9ce1-2061f7b42c80@group-19E7E9D7FE95: set configuration 0: [04d05b50-beb8-4841-9ce1-2061f7b42c80:192.168.69.90:35772], old=null at 0
2019-10-15 21:54:36,818 [pool-59-thread-1] INFO  segmented.LogSegment (LogSegment.java:loadSegment(140)) - Successfully read 1 entries from segment file /workdir/hadoop-ozone/integration-test/target/test-dir/MiniOzoneClusterImpl-b3c83117-10f6-4176-911a-f0fe566d843f/datanode-2/data/ratis/9fc83c92-688e-482f-b01e-19e7e9d7fe95/current/log_inprogress_0
2019-10-15 21:54:36,818 [pool-59-thread-1] INFO  segmented.SegmentedRaftLogWorker (SegmentedRaftLogWorker.java:lambda$new$0(128)) - 04d05b50-beb8-4841-9ce1-2061f7b42c80@group-19E7E9D7FE95-SegmentedRaftLogWorker: flushIndex: setUnconditionally 0 -> 0
2019-10-15 21:54:36,847 [pool-59-thread-1] INFO  server.RaftServerConfigKeys (ConfUtils.java:logGet(43)) - raft.server.snapshot.auto.trigger.enabled = true (custom)
2019-10-15 21:54:36,847 [pool-59-thread-1] INFO  server.RaftServerConfigKeys (ConfUtils.java:logGet(43)) - raft.server.snapshot.auto.trigger.threshold = 10000 (custom)
2019-10-15 21:54:36,848 [pool-59-thread-1] INFO  server.RaftServerConfigKeys (ConfUtils.java:logGet(43)) - raft.server.snapshot.retention.file.num = 5 (custom)
2019-10-15 21:54:36,848 [pool-59-thread-1] INFO  server.RaftServerConfigKeys (ConfUtils.java:logGet(43)) - raft.server.retrycache.expirytime = 600000ms (custom)
2019-10-15 21:54:36,864 [SCMBlockDeletingService#1] INFO  block.SCMBlockDeletingService (SCMBlockDeletingService.java:call(184)) - Totally added 2 delete blocks command for 2 datanodes, task elapsed time: 1ms
2019-10-15 21:54:36,865 [pool-7-thread-1] INFO  commands.RetriableDatanodeEventWatcher (RetriableDatanodeEventWatcher.java:onTimeout(47)) - RetriableDatanodeCommand type=deleteBlocksCommand with id=1571176475863 timed out. Retrying.
2019-10-15 21:54:36,866 [pool-7-thread-2] INFO  commands.RetriableDatanodeEventWatcher (RetriableDatanodeEventWatcher.java:onTimeout(47)) - RetriableDatanodeCommand type=deleteBlocksCommand with id=1571176475864 timed out. Retrying.
2019-10-15 21:54:37,220 [BlockDeletingService#2] WARN  background.BlockDeletingService (BlockDeletingService.java:isDeletionAllowed(187)) - Close Container log Index 6 is not replicated across allthe servers in the pipeline 4353dad5-98e9-4a09-96de-f62649f7af7f as the min replicated index is 4. Deletion is not allowed in this container yet.
2019-10-15 21:54:37,220 [BlockDeletingService#2] WARN  background.BlockDeletingService (BlockDeletingService.java:isDeletionAllowed(187)) - Close Container log Index 6 is not replicated across allthe servers in the pipeline 4353dad5-98e9-4a09-96de-f62649f7af7f as the min replicated index is 4. Deletion is not allowed in this container yet.
2019-10-15 21:54:37,856 [Command processor thread] INFO  commandhandler.DeleteBlocksCommandHandler (DeleteBlocksCommandHandler.java:handle(106)) - Start to delete container blocks, TXIDs=[1(2)], numOfContainers=1, numOfBlocks=1
2019-10-15 21:54:37,857 [Command processor thread] INFO  commandhandler.DeleteBlocksCommandHandler (DeleteBlocksCommandHandler.java:handle(106)) - Start to delete container blocks, TXIDs=[1(0)], numOfContainers=1, numOfBlocks=1
2019-10-15 21:54:37,864 [pool-7-thread-2] INFO  commands.RetriableDatanodeEventWatcher (RetriableDatanodeEventWatcher.java:onTimeout(47)) - RetriableDatanodeCommand type=deleteBlocksCommand with id=1571176475866 timed out. Retrying.
2019-10-15 21:54:37,864 [pool-7-thread-1] INFO  commands.RetriableDatanodeEventWatcher (RetriableDatanodeEventWatcher.java:onTimeout(47)) - RetriableDatanodeCommand type=deleteBlocksCommand with id=1571176475865 timed out. Retrying.
2019-10-15 21:54:37,865 [SCMBlockDeletingService#1] INFO  block.SCMBlockDeletingService (SCMBlockDeletingService.java:call(184)) - Totally added 1 delete blocks command for 1 datanodes, task elapsed time: 1ms
2019-10-15 21:54:37,867 [pool-7-thread-1] INFO  commands.RetriableDatanodeEventWatcher (RetriableDatanodeEventWatcher.java:onTimeout(47)) - RetriableDatanodeCommand type=deleteBlocksCommand with id=1571176475864 timed out. Retrying.
2019-10-15 21:54:37,957 [EventQueue-DeleteBlockStatusForEventWatcher$$Lambda$30/637241618] WARN  events.EventWatcher (EventWatcher.java:lambda$start$0(110)) - Completion event without active lease. Id=1571176475863
2019-10-15 21:54:38,222 [BlockDeletingService#2] WARN  background.BlockDeletingService (BlockDeletingService.java:isDeletionAllowed(187)) - Close Container log Index 6 is not replicated across allthe servers in the pipeline 4353dad5-98e9-4a09-96de-f62649f7af7f as the min replicated index is 4. Deletion is not allowed in this container yet.
2019-10-15 21:54:38,222 [BlockDeletingService#2] WARN  background.BlockDeletingService (BlockDeletingService.java:isDeletionAllowed(187)) - Close Container log Index 6 is not replicated across allthe servers in the pipeline 4353dad5-98e9-4a09-96de-f62649f7af7f as the min replicated index is 4. Deletion is not allowed in this container yet.
2019-10-15 21:54:38,293 [Thread-550] INFO  client.GrpcClientProtocolService (GrpcClientProtocolService.java:lambda$processClientRequest$0(278)) - Failed RaftClientRequest:client-92BC3EC04FB4->0a72d9f0-d385-4350-a485-113e43f7c69c@group-F62649F7AF7F, cid=10, seq=0, Watch-ALL_COMMITTED(6), Message:<EMPTY>, reply=RaftClientReply:client-92BC3EC04FB4->0a72d9f0-d385-4350-a485-113e43f7c69c@group-F62649F7AF7F, cid=10, FAILED org.apache.ratis.protocol.NotLeaderException: Server 0a72d9f0-d385-4350-a485-113e43f7c69c@group-F62649F7AF7F is not the leader 6a83fe04-c8c3-48c1-8861-8f81e89cd03c:192.168.69.90:44841, logIndex=0, commits[0a72d9f0-d385-4350-a485-113e43f7c69c:c10, 6a83fe04-c8c3-48c1-8861-8f81e89cd03c:c10, 04d05b50-beb8-4841-9ce1-2061f7b42c80:c4]
2019-10-15 21:54:38,802 [Datanode State Machine Thread - 0] INFO  ozoneimpl.OzoneContainer (OzoneContainer.java:start(213)) - Attempting to start container services.
2019-10-15 21:54:38,802 [Datanode State Machine Thread - 0] INFO  ozoneimpl.OzoneContainer (OzoneContainer.java:startContainerScrub(177)) - Background container scanner has been disabled.
2019-10-15 21:54:38,802 [Datanode State Machine Thread - 0] INFO  ratis.XceiverServerRatis (XceiverServerRatis.java:start(418)) - Starting XceiverServerRatis 04d05b50-beb8-4841-9ce1-2061f7b42c80 at port 35772
2019-10-15 21:54:38,812 [Datanode State Machine Thread - 0] INFO  impl.RaftServerImpl (RaftServerImpl.java:start(195)) - 04d05b50-beb8-4841-9ce1-2061f7b42c80@group-F62649F7AF7F: start as a follower, conf=0: [6a83fe04-c8c3-48c1-8861-8f81e89cd03c:192.168.69.90:44841, 04d05b50-beb8-4841-9ce1-2061f7b42c80:192.168.69.90:35772, 0a72d9f0-d385-4350-a485-113e43f7c69c:192.168.69.90:33827], old=null
2019-10-15 21:54:38,813 [ForkJoinPool.commonPool-worker-0] INFO  impl.RaftServerImpl (RaftServerImpl.java:start(195)) - 04d05b50-beb8-4841-9ce1-2061f7b42c80@group-19E7E9D7FE95: start as a follower, conf=0: [04d05b50-beb8-4841-9ce1-2061f7b42c80:192.168.69.90:35772], old=null
2019-10-15 21:54:38,814 [Datanode State Machine Thread - 0] INFO  impl.RaftServerImpl (RaftServerImpl.java:setRole(184)) - 04d05b50-beb8-4841-9ce1-2061f7b42c80@group-F62649F7AF7F: changes role from      null to FOLLOWER at term 2 for startAsFollower
2019-10-15 21:54:38,814 [ForkJoinPool.commonPool-worker-0] INFO  impl.RaftServerImpl (RaftServerImpl.java:setRole(184)) - 04d05b50-beb8-4841-9ce1-2061f7b42c80@group-19E7E9D7FE95: changes role from      null to FOLLOWER at term 1 for startAsFollower
2019-10-15 21:54:38,814 [Datanode State Machine Thread - 0] INFO  impl.RoleInfo (RoleInfo.java:updateAndGet(143)) - 04d05b50-beb8-4841-9ce1-2061f7b42c80: start FollowerState
2019-10-15 21:54:38,814 [ForkJoinPool.commonPool-worker-0] INFO  impl.RoleInfo (RoleInfo.java:updateAndGet(143)) - 04d05b50-beb8-4841-9ce1-2061f7b42c80: start FollowerState
2019-10-15 21:54:38,815 [Datanode State Machine Thread - 0] INFO  util.JmxRegister (JmxRegister.java:tryRegister(44)) - Successfully registered JMX Bean with object name Ratis:service=RaftServer,group=group-F62649F7AF7F,id=04d05b50-beb8-4841-9ce1-2061f7b42c80
2019-10-15 21:54:38,815 [ForkJoinPool.commonPool-worker-0] INFO  util.JmxRegister (JmxRegister.java:tryRegister(44)) - Successfully registered JMX Bean with object name Ratis:service=RaftServer,group=group-19E7E9D7FE95,id=04d05b50-beb8-4841-9ce1-2061f7b42c80
2019-10-15 21:54:38,817 [Datanode State Machine Thread - 0] INFO  impl.RaftServerProxy (RaftServerProxy.java:lambda$start$3(299)) - 04d05b50-beb8-4841-9ce1-2061f7b42c80: start RPC server
2019-10-15 21:54:38,819 [Datanode State Machine Thread - 0] INFO  server.GrpcService (GrpcService.java:startImpl(158)) - 04d05b50-beb8-4841-9ce1-2061f7b42c80: GrpcService started, listening on 0.0.0.0/0.0.0.0:35772
2019-10-15 21:54:38,865 [pool-7-thread-1] INFO  commands.RetriableDatanodeEventWatcher (RetriableDatanodeEventWatcher.java:onTimeout(47)) - RetriableDatanodeCommand type=deleteBlocksCommand with id=1571176475867 timed out. Retrying.
2019-10-15 21:54:38,865 [pool-7-thread-2] INFO  commands.RetriableDatanodeEventWatcher (RetriableDatanodeEventWatcher.java:onTimeout(47)) - RetriableDatanodeCommand type=deleteBlocksCommand with id=1571176475866 timed out. Retrying.
2019-10-15 21:54:38,866 [pool-7-thread-2] INFO  commands.RetriableDatanodeEventWatcher (RetriableDatanodeEventWatcher.java:onTimeout(47)) - RetriableDatanodeCommand type=deleteBlocksCommand with id=1571176475864 timed out. Retrying.
2019-10-15 21:54:38,867 [SCMBlockDeletingService#1] INFO  block.SCMBlockDeletingService (SCMBlockDeletingService.java:call(184)) - Totally added 1 delete blocks command for 1 datanodes, task elapsed time: 0ms
2019-10-15 21:54:38,884 [Thread-558] INFO  client.GrpcClientProtocolService (GrpcClientProtocolService.java:lambda$processClientRequest$0(278)) - Failed RaftClientRequest:client-92BC3EC04FB4->6a83fe04-c8c3-48c1-8861-8f81e89cd03c@group-F62649F7AF7F, cid=10, seq=0, Watch-ALL_COMMITTED(6), Message:<EMPTY>, reply=RaftClientReply:client-92BC3EC04FB4->6a83fe04-c8c3-48c1-8861-8f81e89cd03c@group-F62649F7AF7F, cid=10, FAILED org.apache.ratis.protocol.NotReplicatedException: Request with call Id 10 and log index 6 is not yet replicated to ALL_COMMITTED, logIndex=6, commits[6a83fe04-c8c3-48c1-8861-8f81e89cd03c:c10, 04d05b50-beb8-4841-9ce1-2061f7b42c80:c4, 0a72d9f0-d385-4350-a485-113e43f7c69c:c10]
2019-10-15 21:54:38,886 [Thread-554] INFO  impl.FollowerState (FollowerState.java:run(108)) - 04d05b50-beb8-4841-9ce1-2061f7b42c80@group-F62649F7AF7F-FollowerState: change to CANDIDATE, lastRpcTime:71ms, electionTimeout:71ms
2019-10-15 21:54:38,886 [Thread-554] INFO  impl.RoleInfo (RoleInfo.java:shutdownFollowerState(121)) - 04d05b50-beb8-4841-9ce1-2061f7b42c80: shutdown FollowerState
2019-10-15 21:54:38,887 [Thread-554] INFO  impl.RaftServerImpl (RaftServerImpl.java:setRole(184)) - 04d05b50-beb8-4841-9ce1-2061f7b42c80@group-F62649F7AF7F: changes role from  FOLLOWER to CANDIDATE at term 2 for changeToCandidate
2019-10-15 21:54:38,887 [Thread-554] INFO  impl.RoleInfo (RoleInfo.java:updateAndGet(143)) - 04d05b50-beb8-4841-9ce1-2061f7b42c80: start LeaderElection
2019-10-15 21:54:38,903 [04d05b50-beb8-4841-9ce1-2061f7b42c80@group-F62649F7AF7F-LeaderElection6] INFO  impl.LeaderElection (LeaderElection.java:askForVotes(178)) - 04d05b50-beb8-4841-9ce1-2061f7b42c80@group-F62649F7AF7F-LeaderElection6: begin an election at term 3 for 0: [6a83fe04-c8c3-48c1-8861-8f81e89cd03c:192.168.69.90:44841, 04d05b50-beb8-4841-9ce1-2061f7b42c80:192.168.69.90:35772, 0a72d9f0-d385-4350-a485-113e43f7c69c:192.168.69.90:33827], old=null
2019-10-15 21:54:38,914 [grpc-default-executor-3] INFO  impl.RaftServerImpl (ServerState.java:setLeader(256)) - 0a72d9f0-d385-4350-a485-113e43f7c69c@group-F62649F7AF7F: change Leader from 6a83fe04-c8c3-48c1-8861-8f81e89cd03c to null at term 3 for updateCurrentTerm
2019-10-15 21:54:38,917 [grpc-default-executor-3] INFO  impl.RaftServerImpl (RaftServerImpl.java:setRole(184)) - 0a72d9f0-d385-4350-a485-113e43f7c69c@group-F62649F7AF7F: changes role from  FOLLOWER to FOLLOWER at term 3 for recognizeCandidate:04d05b50-beb8-4841-9ce1-2061f7b42c80
2019-10-15 21:54:38,917 [grpc-default-executor-1] INFO  impl.RaftServerImpl (ServerState.java:setLeader(256)) - 6a83fe04-c8c3-48c1-8861-8f81e89cd03c@group-F62649F7AF7F: change Leader from 6a83fe04-c8c3-48c1-8861-8f81e89cd03c to null at term 3 for updateCurrentTerm
2019-10-15 21:54:38,917 [grpc-default-executor-3] INFO  impl.RoleInfo (RoleInfo.java:shutdownFollowerState(121)) - 0a72d9f0-d385-4350-a485-113e43f7c69c: shutdown FollowerState
2019-10-15 21:54:38,917 [grpc-default-executor-1] INFO  impl.RaftServerImpl (RaftServerImpl.java:setRole(184)) - 6a83fe04-c8c3-48c1-8861-8f81e89cd03c@group-F62649F7AF7F: changes role from    LEADER to FOLLOWER at term 3 for recognizeCandidate:04d05b50-beb8-4841-9ce1-2061f7b42c80
2019-10-15 21:54:38,917 [grpc-default-executor-3] INFO  impl.RoleInfo (RoleInfo.java:updateAndGet(143)) - 0a72d9f0-d385-4350-a485-113e43f7c69c: start FollowerState
2019-10-15 21:54:38,917 [Thread-225] INFO  impl.FollowerState (FollowerState.java:run(117)) - 0a72d9f0-d385-4350-a485-113e43f7c69c@group-F62649F7AF7F-FollowerState was interrupted: java.lang.InterruptedException: sleep interrupted
2019-10-15 21:54:38,917 [grpc-default-executor-1] INFO  impl.RoleInfo (RoleInfo.java:shutdownLeaderState(104)) - 6a83fe04-c8c3-48c1-8861-8f81e89cd03c: shutdown LeaderState
2019-10-15 21:54:38,920 [org.apache.ratis.server.impl.LogAppender$AppenderDaemon$$Lambda$388/26092002@3206ee95] WARN  server.GrpcLogAppender (GrpcLogAppender.java:mayWait(149)) - 6a83fe04-c8c3-48c1-8861-8f81e89cd03c@group-F62649F7AF7F->0a72d9f0-d385-4350-a485-113e43f7c69c-GrpcLogAppender: Wait interrupted by java.lang.InterruptedException
2019-10-15 21:54:38,920 [org.apache.ratis.server.impl.LogAppender$AppenderDaemon$$Lambda$388/26092002@3cfcd8e] WARN  server.GrpcLogAppender (GrpcLogAppender.java:mayWait(149)) - 6a83fe04-c8c3-48c1-8861-8f81e89cd03c@group-F62649F7AF7F->04d05b50-beb8-4841-9ce1-2061f7b42c80-GrpcLogAppender: Wait interrupted by java.lang.InterruptedException
2019-10-15 21:54:38,920 [grpc-default-executor-1] INFO  impl.PendingRequests (PendingRequests.java:sendNotLeaderResponses(202)) - 6a83fe04-c8c3-48c1-8861-8f81e89cd03c@group-F62649F7AF7F-PendingRequests: sendNotLeaderResponses
2019-10-15 21:54:38,922 [grpc-default-executor-0] INFO  server.GrpcServerProtocolService (GrpcServerProtocolService.java:onCompleted(113)) - 0a72d9f0-d385-4350-a485-113e43f7c69c: Completed APPEND_ENTRIES, lastRequest: 6a83fe04-c8c3-48c1-8861-8f81e89cd03c->0a72d9f0-d385-4350-a485-113e43f7c69c#51-t2, previous=(t:2, i:10), leaderCommit=10, initializing? false, entries: <empty>
2019-10-15 21:54:38,924 [Thread-563] INFO  client.GrpcClientProtocolService (GrpcClientProtocolService.java:lambda$processClientRequest$0(278)) - Failed RaftClientRequest:client-92BC3EC04FB4->6a83fe04-c8c3-48c1-8861-8f81e89cd03c@group-F62649F7AF7F, cid=10, seq=0, Watch-ALL_COMMITTED(6), Message:<EMPTY>, reply=RaftClientReply:client-92BC3EC04FB4->6a83fe04-c8c3-48c1-8861-8f81e89cd03c@group-F62649F7AF7F, cid=10, FAILED org.apache.ratis.protocol.NotLeaderException: Server 6a83fe04-c8c3-48c1-8861-8f81e89cd03c@group-F62649F7AF7F is not the leader, logIndex=0, commits[6a83fe04-c8c3-48c1-8861-8f81e89cd03c:c10, 04d05b50-beb8-4841-9ce1-2061f7b42c80:c4, 0a72d9f0-d385-4350-a485-113e43f7c69c:c10]
2019-10-15 21:54:38,924 [grpc-default-executor-1] INFO  impl.RoleInfo (RoleInfo.java:updateAndGet(143)) - 6a83fe04-c8c3-48c1-8861-8f81e89cd03c: start FollowerState
2019-10-15 21:54:38,924 [grpc-default-executor-0] INFO  server.GrpcLogAppender (GrpcLogAppender.java:onCompleted(308)) - 6a83fe04-c8c3-48c1-8861-8f81e89cd03c@group-F62649F7AF7F->0a72d9f0-d385-4350-a485-113e43f7c69c-AppendLogResponseHandler: follower responses appendEntries COMPLETED
2019-10-15 21:54:38,928 [grpc-default-executor-0] INFO  impl.FollowerInfo (FollowerInfo.java:lambda$new$0(51)) - 6a83fe04-c8c3-48c1-8861-8f81e89cd03c@group-F62649F7AF7F->0a72d9f0-d385-4350-a485-113e43f7c69c: nextIndex: updateUnconditionally 11 -> 10
2019-10-15 21:54:38,940 [04d05b50-beb8-4841-9ce1-2061f7b42c80@group-F62649F7AF7F-LeaderElection6] INFO  impl.LeaderElection (LeaderElection.java:logAndReturn(56)) - 04d05b50-beb8-4841-9ce1-2061f7b42c80@group-F62649F7AF7F-LeaderElection6: Election REJECTED; received 2 response(s) [04d05b50-beb8-4841-9ce1-2061f7b42c80<-6a83fe04-c8c3-48c1-8861-8f81e89cd03c#0:FAIL-t3, 04d05b50-beb8-4841-9ce1-2061f7b42c80<-0a72d9f0-d385-4350-a485-113e43f7c69c#0:FAIL-t3] and 0 exception(s); 04d05b50-beb8-4841-9ce1-2061f7b42c80@group-F62649F7AF7F:t3, leader=null, voted=04d05b50-beb8-4841-9ce1-2061f7b42c80, raftlog=04d05b50-beb8-4841-9ce1-2061f7b42c80@group-F62649F7AF7F-SegmentedRaftLog:OPENED:c3,f4,i4, conf=0: [6a83fe04-c8c3-48c1-8861-8f81e89cd03c:192.168.69.90:44841, 04d05b50-beb8-4841-9ce1-2061f7b42c80:192.168.69.90:35772, 0a72d9f0-d385-4350-a485-113e43f7c69c:192.168.69.90:33827], old=null
2019-10-15 21:54:38,940 [04d05b50-beb8-4841-9ce1-2061f7b42c80@group-F62649F7AF7F-LeaderElection6] INFO  impl.RaftServerImpl (RaftServerImpl.java:setRole(184)) - 04d05b50-beb8-4841-9ce1-2061f7b42c80@group-F62649F7AF7F: changes role from CANDIDATE to FOLLOWER at term 3 for DISCOVERED_A_NEW_TERM
2019-10-15 21:54:38,941 [04d05b50-beb8-4841-9ce1-2061f7b42c80@group-F62649F7AF7F-LeaderElection6] INFO  impl.RoleInfo (RoleInfo.java:shutdownLeaderElection(134)) - 04d05b50-beb8-4841-9ce1-2061f7b42c80: shutdown LeaderElection
2019-10-15 21:54:38,941 [04d05b50-beb8-4841-9ce1-2061f7b42c80@group-F62649F7AF7F-LeaderElection6] INFO  impl.RoleInfo (RoleInfo.java:updateAndGet(143)) - 04d05b50-beb8-4841-9ce1-2061f7b42c80: start FollowerState
2019-10-15 21:54:38,944 [Thread-555] INFO  impl.FollowerState (FollowerState.java:run(108)) - 04d05b50-beb8-4841-9ce1-2061f7b42c80@group-19E7E9D7FE95-FollowerState: change to CANDIDATE, lastRpcTime:130ms, electionTimeout:127ms
2019-10-15 21:54:38,945 [Thread-555] INFO  impl.RoleInfo (RoleInfo.java:shutdownFollowerState(121)) - 04d05b50-beb8-4841-9ce1-2061f7b42c80: shutdown FollowerState
2019-10-15 21:54:38,945 [Thread-555] INFO  impl.RaftServerImpl (RaftServerImpl.java:setRole(184)) - 04d05b50-beb8-4841-9ce1-2061f7b42c80@group-19E7E9D7FE95: changes role from  FOLLOWER to CANDIDATE at term 1 for changeToCandidate
2019-10-15 21:54:38,945 [Thread-555] INFO  impl.RoleInfo (RoleInfo.java:updateAndGet(143)) - 04d05b50-beb8-4841-9ce1-2061f7b42c80: start LeaderElection
2019-10-15 21:54:38,955 [Command processor thread] INFO  commandhandler.DeleteBlocksCommandHandler (DeleteBlocksCommandHandler.java:handle(106)) - Start to delete container blocks, TXIDs=[1(2)], numOfContainers=1, numOfBlocks=1
2019-10-15 21:54:38,975 [04d05b50-beb8-4841-9ce1-2061f7b42c80@group-19E7E9D7FE95-LeaderElection7] INFO  impl.LeaderElection (LeaderElection.java:askForVotes(178)) - 04d05b50-beb8-4841-9ce1-2061f7b42c80@group-19E7E9D7FE95-LeaderElection7: begin an election at term 2 for 0: [04d05b50-beb8-4841-9ce1-2061f7b42c80:192.168.69.90:35772], old=null
2019-10-15 21:54:38,975 [04d05b50-beb8-4841-9ce1-2061f7b42c80@group-19E7E9D7FE95-LeaderElection7] INFO  impl.RoleInfo (RoleInfo.java:shutdownLeaderElection(134)) - 04d05b50-beb8-4841-9ce1-2061f7b42c80: shutdown LeaderElection
2019-10-15 21:54:38,975 [04d05b50-beb8-4841-9ce1-2061f7b42c80@group-19E7E9D7FE95-LeaderElection7] INFO  impl.RaftServerImpl (RaftServerImpl.java:setRole(184)) - 04d05b50-beb8-4841-9ce1-2061f7b42c80@group-19E7E9D7FE95: changes role from CANDIDATE to LEADER at term 2 for changeToLeader
2019-10-15 21:54:38,975 [04d05b50-beb8-4841-9ce1-2061f7b42c80@group-19E7E9D7FE95-LeaderElection7] INFO  impl.RaftServerImpl (ServerState.java:setLeader(256)) - 04d05b50-beb8-4841-9ce1-2061f7b42c80@group-19E7E9D7FE95: change Leader from null to 04d05b50-beb8-4841-9ce1-2061f7b42c80 at term 2 for becomeLeader, leader elected after 2160ms
2019-10-15 21:54:38,975 [04d05b50-beb8-4841-9ce1-2061f7b42c80@group-19E7E9D7FE95-LeaderElection7] INFO  server.RaftServerConfigKeys (ConfUtils.java:logGet(43)) - raft.server.staging.catchup.gap = 1000 (default)
2019-10-15 21:54:38,976 [04d05b50-beb8-4841-9ce1-2061f7b42c80@group-19E7E9D7FE95-LeaderElection7] INFO  server.RaftServerConfigKeys (ConfUtils.java:logGet(43)) - raft.server.rpc.sleep.time = 25ms (default)
2019-10-15 21:54:38,976 [04d05b50-beb8-4841-9ce1-2061f7b42c80@group-19E7E9D7FE95-LeaderElection7] INFO  server.RaftServerConfigKeys (ConfUtils.java:logGet(43)) - raft.server.write.element-limit = 4096 (default)
2019-10-15 21:54:38,976 [04d05b50-beb8-4841-9ce1-2061f7b42c80@group-19E7E9D7FE95-LeaderElection7] INFO  server.RaftServerConfigKeys (ConfUtils.java:logGet(43)) - raft.server.watch.timeout = 10s (default)
2019-10-15 21:54:38,976 [04d05b50-beb8-4841-9ce1-2061f7b42c80@group-19E7E9D7FE95-LeaderElection7] INFO  server.RaftServerConfigKeys (ConfUtils.java:logGet(43)) - raft.server.watch.timeout.denomination = 1s (default)
2019-10-15 21:54:38,976 [04d05b50-beb8-4841-9ce1-2061f7b42c80@group-19E7E9D7FE95-LeaderElection7] INFO  server.RaftServerConfigKeys (ConfUtils.java:logGet(43)) - raft.server.watch.element-limit = 65536 (default)
2019-10-15 21:54:38,976 [04d05b50-beb8-4841-9ce1-2061f7b42c80@group-19E7E9D7FE95-LeaderElection7] INFO  impl.RoleInfo (RoleInfo.java:updateAndGet(143)) - 04d05b50-beb8-4841-9ce1-2061f7b42c80: start LeaderState
2019-10-15 21:54:38,977 [04d05b50-beb8-4841-9ce1-2061f7b42c80@group-19E7E9D7FE95-LeaderElection7] INFO  segmented.SegmentedRaftLogWorker (SegmentedRaftLogWorker.java:rollLogSegment(390)) - 04d05b50-beb8-4841-9ce1-2061f7b42c80@group-19E7E9D7FE95-SegmentedRaftLogWorker: Rolling segment log-0_0 to index:0
2019-10-15 21:54:38,980 [04d05b50-beb8-4841-9ce1-2061f7b42c80@group-19E7E9D7FE95-LeaderElection7] INFO  impl.RaftServerImpl (ServerState.java:setRaftConf(357)) - 04d05b50-beb8-4841-9ce1-2061f7b42c80@group-19E7E9D7FE95: set configuration 1: [04d05b50-beb8-4841-9ce1-2061f7b42c80:192.168.69.90:35772], old=null at 1
2019-10-15 21:54:38,981 [04d05b50-beb8-4841-9ce1-2061f7b42c80@group-19E7E9D7FE95-SegmentedRaftLogWorker] INFO  segmented.SegmentedRaftLogWorker (SegmentedRaftLogWorker.java:execute(533)) - 04d05b50-beb8-4841-9ce1-2061f7b42c80@group-19E7E9D7FE95-SegmentedRaftLogWorker: Rolled log segment from /workdir/hadoop-ozone/integration-test/target/test-dir/MiniOzoneClusterImpl-b3c83117-10f6-4176-911a-f0fe566d843f/datanode-2/data/ratis/9fc83c92-688e-482f-b01e-19e7e9d7fe95/current/log_inprogress_0 to /workdir/hadoop-ozone/integration-test/target/test-dir/MiniOzoneClusterImpl-b3c83117-10f6-4176-911a-f0fe566d843f/datanode-2/data/ratis/9fc83c92-688e-482f-b01e-19e7e9d7fe95/current/log_0-0
2019-10-15 21:54:39,013 [04d05b50-beb8-4841-9ce1-2061f7b42c80@group-19E7E9D7FE95-SegmentedRaftLogWorker] INFO  segmented.SegmentedRaftLogWorker (SegmentedRaftLogWorker.java:execute(576)) - 04d05b50-beb8-4841-9ce1-2061f7b42c80@group-19E7E9D7FE95-SegmentedRaftLogWorker: created new log segment /workdir/hadoop-ozone/integration-test/target/test-dir/MiniOzoneClusterImpl-b3c83117-10f6-4176-911a-f0fe566d843f/datanode-2/data/ratis/9fc83c92-688e-482f-b01e-19e7e9d7fe95/current/log_inprogress_1
2019-10-15 21:54:39,024 [java.util.concurrent.ThreadPoolExecutor$Worker@1e69e541[State = -1, empty queue]] WARN  server.GrpcLogAppender (GrpcLogAppender.java:timeoutAppendRequest(209)) - 6a83fe04-c8c3-48c1-8861-8f81e89cd03c@group-F62649F7AF7F->04d05b50-beb8-4841-9ce1-2061f7b42c80-GrpcLogAppender: appendEntries Timeout, request=6a83fe04-c8c3-48c1-8861-8f81e89cd03c->04d05b50-beb8-4841-9ce1-2061f7b42c80#51-t2, previous=(t:2, i:10), leaderCommit=10, initializing? false, entries: <empty>
2019-10-15 21:54:39,056 [Thread-566] INFO  impl.FollowerState (FollowerState.java:run(108)) - 04d05b50-beb8-4841-9ce1-2061f7b42c80@group-F62649F7AF7F-FollowerState: change to CANDIDATE, lastRpcTime:115ms, electionTimeout:111ms
2019-10-15 21:54:39,056 [Thread-566] INFO  impl.RoleInfo (RoleInfo.java:shutdownFollowerState(121)) - 04d05b50-beb8-4841-9ce1-2061f7b42c80: shutdown FollowerState
2019-10-15 21:54:39,056 [Thread-566] INFO  impl.RaftServerImpl (RaftServerImpl.java:setRole(184)) - 04d05b50-beb8-4841-9ce1-2061f7b42c80@group-F62649F7AF7F: changes role from  FOLLOWER to CANDIDATE at term 3 for changeToCandidate
2019-10-15 21:54:39,057 [Thread-566] INFO  impl.RoleInfo (RoleInfo.java:updateAndGet(143)) - 04d05b50-beb8-4841-9ce1-2061f7b42c80: start LeaderElection
2019-10-15 21:54:39,071 [04d05b50-beb8-4841-9ce1-2061f7b42c80@group-F62649F7AF7F-LeaderElection8] INFO  impl.LeaderElection (LeaderElection.java:askForVotes(178)) - 04d05b50-beb8-4841-9ce1-2061f7b42c80@group-F62649F7AF7F-LeaderElection8: begin an election at term 4 for 0: [6a83fe04-c8c3-48c1-8861-8f81e89cd03c:192.168.69.90:44841, 04d05b50-beb8-4841-9ce1-2061f7b42c80:192.168.69.90:35772, 0a72d9f0-d385-4350-a485-113e43f7c69c:192.168.69.90:33827], old=null
2019-10-15 21:54:39,076 [grpc-default-executor-1] INFO  impl.RaftServerImpl (RaftServerImpl.java:setRole(184)) - 0a72d9f0-d385-4350-a485-113e43f7c69c@group-F62649F7AF7F: changes role from  FOLLOWER to FOLLOWER at term 4 for recognizeCandidate:04d05b50-beb8-4841-9ce1-2061f7b42c80
2019-10-15 21:54:39,076 [grpc-default-executor-1] INFO  impl.RoleInfo (RoleInfo.java:shutdownFollowerState(121)) - 0a72d9f0-d385-4350-a485-113e43f7c69c: shutdown FollowerState
2019-10-15 21:54:39,076 [grpc-default-executor-3] INFO  impl.RaftServerImpl (RaftServerImpl.java:setRole(184)) - 6a83fe04-c8c3-48c1-8861-8f81e89cd03c@group-F62649F7AF7F: changes role from  FOLLOWER to FOLLOWER at term 4 for recognizeCandidate:04d05b50-beb8-4841-9ce1-2061f7b42c80
2019-10-15 21:54:39,076 [grpc-default-executor-1] INFO  impl.RoleInfo (RoleInfo.java:updateAndGet(143)) - 0a72d9f0-d385-4350-a485-113e43f7c69c: start FollowerState
2019-10-15 21:54:39,076 [Thread-562] INFO  impl.FollowerState (FollowerState.java:run(117)) - 0a72d9f0-d385-4350-a485-113e43f7c69c@group-F62649F7AF7F-FollowerState was interrupted: java.lang.InterruptedException: sleep interrupted
2019-10-15 21:54:39,076 [grpc-default-executor-3] INFO  impl.RoleInfo (RoleInfo.java:shutdownFollowerState(121)) - 6a83fe04-c8c3-48c1-8861-8f81e89cd03c: shutdown FollowerState
2019-10-15 21:54:39,077 [grpc-default-executor-3] INFO  impl.RoleInfo (RoleInfo.java:updateAndGet(143)) - 6a83fe04-c8c3-48c1-8861-8f81e89cd03c: start FollowerState
2019-10-15 21:54:39,077 [Thread-564] INFO  impl.FollowerState (FollowerState.java:run(117)) - 6a83fe04-c8c3-48c1-8861-8f81e89cd03c@group-F62649F7AF7F-FollowerState was interrupted: java.lang.InterruptedException: sleep interrupted
2019-10-15 21:54:39,107 [04d05b50-beb8-4841-9ce1-2061f7b42c80@group-F62649F7AF7F-LeaderElection8] INFO  impl.LeaderElection (LeaderElection.java:logAndReturn(56)) - 04d05b50-beb8-4841-9ce1-2061f7b42c80@group-F62649F7AF7F-LeaderElection8: Election REJECTED; received 2 response(s) [04d05b50-beb8-4841-9ce1-2061f7b42c80<-6a83fe04-c8c3-48c1-8861-8f81e89cd03c#0:FAIL-t4, 04d05b50-beb8-4841-9ce1-2061f7b42c80<-0a72d9f0-d385-4350-a485-113e43f7c69c#0:FAIL-t4] and 0 exception(s); 04d05b50-beb8-4841-9ce1-2061f7b42c80@group-F62649F7AF7F:t4, leader=null, voted=04d05b50-beb8-4841-9ce1-2061f7b42c80, raftlog=04d05b50-beb8-4841-9ce1-2061f7b42c80@group-F62649F7AF7F-SegmentedRaftLog:OPENED:c3,f4,i4, conf=0: [6a83fe04-c8c3-48c1-8861-8f81e89cd03c:192.168.69.90:44841, 04d05b50-beb8-4841-9ce1-2061f7b42c80:192.168.69.90:35772, 0a72d9f0-d385-4350-a485-113e43f7c69c:192.168.69.90:33827], old=null
2019-10-15 21:54:39,108 [04d05b50-beb8-4841-9ce1-2061f7b42c80@group-F62649F7AF7F-LeaderElection8] INFO  impl.RaftServerImpl (RaftServerImpl.java:setRole(184)) - 04d05b50-beb8-4841-9ce1-2061f7b42c80@group-F62649F7AF7F: changes role from CANDIDATE to FOLLOWER at term 4 for DISCOVERED_A_NEW_TERM
2019-10-15 21:54:39,109 [04d05b50-beb8-4841-9ce1-2061f7b42c80@group-F62649F7AF7F-LeaderElection8] INFO  impl.RoleInfo (RoleInfo.java:shutdownLeaderElection(134)) - 04d05b50-beb8-4841-9ce1-2061f7b42c80: shutdown LeaderElection
2019-10-15 21:54:39,109 [04d05b50-beb8-4841-9ce1-2061f7b42c80@group-F62649F7AF7F-LeaderElection8] INFO  impl.RoleInfo (RoleInfo.java:updateAndGet(143)) - 04d05b50-beb8-4841-9ce1-2061f7b42c80: start FollowerState
2019-10-15 21:54:39,156 [EventQueue-DeleteBlockStatusForEventWatcher$$Lambda$30/637241618] WARN  events.EventWatcher (EventWatcher.java:lambda$start$0(110)) - Completion event without active lease. Id=1571176475865
2019-10-15 21:54:39,162 [Thread-574] INFO  impl.FollowerState (FollowerState.java:run(108)) - 04d05b50-beb8-4841-9ce1-2061f7b42c80@group-F62649F7AF7F-FollowerState: change to CANDIDATE, lastRpcTime:53ms, electionTimeout:52ms
2019-10-15 21:54:39,163 [Thread-574] INFO  impl.RoleInfo (RoleInfo.java:shutdownFollowerState(121)) - 04d05b50-beb8-4841-9ce1-2061f7b42c80: shutdown FollowerState
2019-10-15 21:54:39,163 [Thread-574] INFO  impl.RaftServerImpl (RaftServerImpl.java:setRole(184)) - 04d05b50-beb8-4841-9ce1-2061f7b42c80@group-F62649F7AF7F: changes role from  FOLLOWER to CANDIDATE at term 4 for changeToCandidate
2019-10-15 21:54:39,163 [Thread-574] INFO  impl.RoleInfo (RoleInfo.java:updateAndGet(143)) - 04d05b50-beb8-4841-9ce1-2061f7b42c80: start LeaderElection
2019-10-15 21:54:39,177 [04d05b50-beb8-4841-9ce1-2061f7b42c80@group-F62649F7AF7F-LeaderElection9] INFO  impl.LeaderElection (LeaderElection.java:askForVotes(178)) - 04d05b50-beb8-4841-9ce1-2061f7b42c80@group-F62649F7AF7F-LeaderElection9: begin an election at term 5 for 0: [6a83fe04-c8c3-48c1-8861-8f81e89cd03c:192.168.69.90:44841, 04d05b50-beb8-4841-9ce1-2061f7b42c80:192.168.69.90:35772, 0a72d9f0-d385-4350-a485-113e43f7c69c:192.168.69.90:33827], old=null
2019-10-15 21:54:39,181 [grpc-default-executor-3] INFO  impl.RaftServerImpl (RaftServerImpl.java:setRole(184)) - 6a83fe04-c8c3-48c1-8861-8f81e89cd03c@group-F62649F7AF7F: changes role from  FOLLOWER to FOLLOWER at term 5 for recognizeCandidate:04d05b50-beb8-4841-9ce1-2061f7b42c80
2019-10-15 21:54:39,182 [grpc-default-executor-3] INFO  impl.RoleInfo (RoleInfo.java:shutdownFollowerState(121)) - 6a83fe04-c8c3-48c1-8861-8f81e89cd03c: shutdown FollowerState
2019-10-15 21:54:39,182 [grpc-default-executor-1] INFO  impl.RaftServerImpl (RaftServerImpl.java:setRole(184)) - 0a72d9f0-d385-4350-a485-113e43f7c69c@group-F62649F7AF7F: changes role from  FOLLOWER to FOLLOWER at term 5 for recognizeCandidate:04d05b50-beb8-4841-9ce1-2061f7b42c80
2019-10-15 21:54:39,182 [Thread-573] INFO  impl.FollowerState (FollowerState.java:run(117)) - 6a83fe04-c8c3-48c1-8861-8f81e89cd03c@group-F62649F7AF7F-FollowerState was interrupted: java.lang.InterruptedException: sleep interrupted
2019-10-15 21:54:39,182 [grpc-default-executor-3] INFO  impl.RoleInfo (RoleInfo.java:updateAndGet(143)) - 6a83fe04-c8c3-48c1-8861-8f81e89cd03c: start FollowerState
2019-10-15 21:54:39,182 [grpc-default-executor-1] INFO  impl.RoleInfo (RoleInfo.java:shutdownFollowerState(121)) - 0a72d9f0-d385-4350-a485-113e43f7c69c: shutdown FollowerState
2019-10-15 21:54:39,184 [Thread-572] INFO  impl.FollowerState (FollowerState.java:run(117)) - 0a72d9f0-d385-4350-a485-113e43f7c69c@group-F62649F7AF7F-FollowerState was interrupted: java.lang.InterruptedException: sleep interrupted
2019-10-15 21:54:39,184 [grpc-default-executor-1] INFO  impl.RoleInfo (RoleInfo.java:updateAndGet(143)) - 0a72d9f0-d385-4350-a485-113e43f7c69c: start FollowerState
2019-10-15 21:54:39,205 [04d05b50-beb8-4841-9ce1-2061f7b42c80@group-F62649F7AF7F-LeaderElection9] INFO  impl.LeaderElection (LeaderElection.java:logAndReturn(56)) - 04d05b50-beb8-4841-9ce1-2061f7b42c80@group-F62649F7AF7F-LeaderElection9: Election REJECTED; received 2 response(s) [04d05b50-beb8-4841-9ce1-2061f7b42c80<-6a83fe04-c8c3-48c1-8861-8f81e89cd03c#0:FAIL-t5, 04d05b50-beb8-4841-9ce1-2061f7b42c80<-0a72d9f0-d385-4350-a485-113e43f7c69c#0:FAIL-t5] and 0 exception(s); 04d05b50-beb8-4841-9ce1-2061f7b42c80@group-F62649F7AF7F:t5, leader=null, voted=04d05b50-beb8-4841-9ce1-2061f7b42c80, raftlog=04d05b50-beb8-4841-9ce1-2061f7b42c80@group-F62649F7AF7F-SegmentedRaftLog:OPENED:c3,f4,i4, conf=0: [6a83fe04-c8c3-48c1-8861-8f81e89cd03c:192.168.69.90:44841, 04d05b50-beb8-4841-9ce1-2061f7b42c80:192.168.69.90:35772, 0a72d9f0-d385-4350-a485-113e43f7c69c:192.168.69.90:33827], old=null
2019-10-15 21:54:39,206 [04d05b50-beb8-4841-9ce1-2061f7b42c80@group-F62649F7AF7F-LeaderElection9] INFO  impl.RaftServerImpl (RaftServerImpl.java:setRole(184)) - 04d05b50-beb8-4841-9ce1-2061f7b42c80@group-F62649F7AF7F: changes role from CANDIDATE to FOLLOWER at term 5 for DISCOVERED_A_NEW_TERM
2019-10-15 21:54:39,207 [04d05b50-beb8-4841-9ce1-2061f7b42c80@group-F62649F7AF7F-LeaderElection9] INFO  impl.RoleInfo (RoleInfo.java:shutdownLeaderElection(134)) - 04d05b50-beb8-4841-9ce1-2061f7b42c80: shutdown LeaderElection
2019-10-15 21:54:39,207 [04d05b50-beb8-4841-9ce1-2061f7b42c80@group-F62649F7AF7F-LeaderElection9] INFO  impl.RoleInfo (RoleInfo.java:updateAndGet(143)) - 04d05b50-beb8-4841-9ce1-2061f7b42c80: start FollowerState
2019-10-15 21:54:39,220 [Thread-580] INFO  impl.FollowerState (FollowerState.java:run(108)) - 04d05b50-beb8-4841-9ce1-2061f7b42c80@group-F62649F7AF7F-FollowerState: change to CANDIDATE, lastRpcTime:13ms, electionTimeout:12ms
2019-10-15 21:54:39,221 [Thread-580] INFO  impl.RoleInfo (RoleInfo.java:shutdownFollowerState(121)) - 04d05b50-beb8-4841-9ce1-2061f7b42c80: shutdown FollowerState
2019-10-15 21:54:39,221 [Thread-580] INFO  impl.RaftServerImpl (RaftServerImpl.java:setRole(184)) - 04d05b50-beb8-4841-9ce1-2061f7b42c80@group-F62649F7AF7F: changes role from  FOLLOWER to CANDIDATE at term 5 for changeToCandidate
2019-10-15 21:54:39,222 [Thread-580] INFO  impl.RoleInfo (RoleInfo.java:updateAndGet(143)) - 04d05b50-beb8-4841-9ce1-2061f7b42c80: start LeaderElection
2019-10-15 21:54:39,224 [BlockDeletingService#2] WARN  background.BlockDeletingService (BlockDeletingService.java:isDeletionAllowed(187)) - Close Container log Index 6 is not replicated across allthe servers in the pipeline 4353dad5-98e9-4a09-96de-f62649f7af7f as the min replicated index is 4. Deletion is not allowed in this container yet.
2019-10-15 21:54:39,224 [BlockDeletingService#2] WARN  background.BlockDeletingService (BlockDeletingService.java:isDeletionAllowed(187)) - Close Container log Index 6 is not replicated across allthe servers in the pipeline 4353dad5-98e9-4a09-96de-f62649f7af7f as the min replicated index is 4. Deletion is not allowed in this container yet.
2019-10-15 21:54:39,245 [04d05b50-beb8-4841-9ce1-2061f7b42c80@group-F62649F7AF7F-LeaderElection10] INFO  impl.LeaderElection (LeaderElection.java:askForVotes(178)) - 04d05b50-beb8-4841-9ce1-2061f7b42c80@group-F62649F7AF7F-LeaderElection10: begin an election at term 6 for 0: [6a83fe04-c8c3-48c1-8861-8f81e89cd03c:192.168.69.90:44841, 04d05b50-beb8-4841-9ce1-2061f7b42c80:192.168.69.90:35772, 0a72d9f0-d385-4350-a485-113e43f7c69c:192.168.69.90:33827], old=null
2019-10-15 21:54:39,249 [grpc-default-executor-3] INFO  impl.RaftServerImpl (RaftServerImpl.java:setRole(184)) - 0a72d9f0-d385-4350-a485-113e43f7c69c@group-F62649F7AF7F: changes role from  FOLLOWER to FOLLOWER at term 6 for recognizeCandidate:04d05b50-beb8-4841-9ce1-2061f7b42c80
2019-10-15 21:54:39,249 [grpc-default-executor-1] INFO  impl.RaftServerImpl (RaftServerImpl.java:setRole(184)) - 6a83fe04-c8c3-48c1-8861-8f81e89cd03c@group-F62649F7AF7F: changes role from  FOLLOWER to FOLLOWER at term 6 for recognizeCandidate:04d05b50-beb8-4841-9ce1-2061f7b42c80
2019-10-15 21:54:39,249 [grpc-default-executor-3] INFO  impl.RoleInfo (RoleInfo.java:shutdownFollowerState(121)) - 0a72d9f0-d385-4350-a485-113e43f7c69c: shutdown FollowerState
2019-10-15 21:54:39,249 [grpc-default-executor-1] INFO  impl.RoleInfo (RoleInfo.java:shutdownFollowerState(121)) - 6a83fe04-c8c3-48c1-8861-8f81e89cd03c: shutdown FollowerState
2019-10-15 21:54:39,249 [Thread-579] INFO  impl.FollowerState (FollowerState.java:run(117)) - 0a72d9f0-d385-4350-a485-113e43f7c69c@group-F62649F7AF7F-FollowerState was interrupted: java.lang.InterruptedException: sleep interrupted
2019-10-15 21:54:39,250 [Thread-578] INFO  impl.FollowerState (FollowerState.java:run(117)) - 6a83fe04-c8c3-48c1-8861-8f81e89cd03c@group-F62649F7AF7F-FollowerState was interrupted: java.lang.InterruptedException: sleep interrupted
2019-10-15 21:54:39,249 [grpc-default-executor-3] INFO  impl.RoleInfo (RoleInfo.java:updateAndGet(143)) - 0a72d9f0-d385-4350-a485-113e43f7c69c: start FollowerState
2019-10-15 21:54:39,249 [grpc-default-executor-1] INFO  impl.RoleInfo (RoleInfo.java:updateAndGet(143)) - 6a83fe04-c8c3-48c1-8861-8f81e89cd03c: start FollowerState
2019-10-15 21:54:39,281 [04d05b50-beb8-4841-9ce1-2061f7b42c80@group-F62649F7AF7F-LeaderElection10] INFO  impl.LeaderElection (LeaderElection.java:logAndReturn(56)) - 04d05b50-beb8-4841-9ce1-2061f7b42c80@group-F62649F7AF7F-LeaderElection10: Election REJECTED; received 2 response(s) [04d05b50-beb8-4841-9ce1-2061f7b42c80<-6a83fe04-c8c3-48c1-8861-8f81e89cd03c#0:FAIL-t6, 04d05b50-beb8-4841-9ce1-2061f7b42c80<-0a72d9f0-d385-4350-a485-113e43f7c69c#0:FAIL-t6] and 0 exception(s); 04d05b50-beb8-4841-9ce1-2061f7b42c80@group-F62649F7AF7F:t6, leader=null, voted=04d05b50-beb8-4841-9ce1-2061f7b42c80, raftlog=04d05b50-beb8-4841-9ce1-2061f7b42c80@group-F62649F7AF7F-SegmentedRaftLog:OPENED:c3,f4,i4, conf=0: [6a83fe04-c8c3-48c1-8861-8f81e89cd03c:192.168.69.90:44841, 04d05b50-beb8-4841-9ce1-2061f7b42c80:192.168.69.90:35772, 0a72d9f0-d385-4350-a485-113e43f7c69c:192.168.69.90:33827], old=null
2019-10-15 21:54:39,281 [04d05b50-beb8-4841-9ce1-2061f7b42c80@group-F62649F7AF7F-LeaderElection10] INFO  impl.RaftServerImpl (RaftServerImpl.java:setRole(184)) - 04d05b50-beb8-4841-9ce1-2061f7b42c80@group-F62649F7AF7F: changes role from CANDIDATE to FOLLOWER at term 6 for DISCOVERED_A_NEW_TERM
2019-10-15 21:54:39,283 [04d05b50-beb8-4841-9ce1-2061f7b42c80@group-F62649F7AF7F-LeaderElection10] INFO  impl.RoleInfo (RoleInfo.java:shutdownLeaderElection(134)) - 04d05b50-beb8-4841-9ce1-2061f7b42c80: shutdown LeaderElection
2019-10-15 21:54:39,283 [04d05b50-beb8-4841-9ce1-2061f7b42c80@group-F62649F7AF7F-LeaderElection10] INFO  impl.RoleInfo (RoleInfo.java:updateAndGet(143)) - 04d05b50-beb8-4841-9ce1-2061f7b42c80: start FollowerState
2019-10-15 21:54:39,344 [Thread-588] INFO  impl.FollowerState (FollowerState.java:run(108)) - 04d05b50-beb8-4841-9ce1-2061f7b42c80@group-F62649F7AF7F-FollowerState: change to CANDIDATE, lastRpcTime:60ms, electionTimeout:59ms
2019-10-15 21:54:39,345 [Thread-588] INFO  impl.RoleInfo (RoleInfo.java:shutdownFollowerState(121)) - 04d05b50-beb8-4841-9ce1-2061f7b42c80: shutdown FollowerState
2019-10-15 21:54:39,345 [Thread-588] INFO  impl.RaftServerImpl (RaftServerImpl.java:setRole(184)) - 04d05b50-beb8-4841-9ce1-2061f7b42c80@group-F62649F7AF7F: changes role from  FOLLOWER to CANDIDATE at term 6 for changeToCandidate
2019-10-15 21:54:39,345 [Thread-588] INFO  impl.RoleInfo (RoleInfo.java:updateAndGet(143)) - 04d05b50-beb8-4841-9ce1-2061f7b42c80: start LeaderElection
2019-10-15 21:54:39,359 [04d05b50-beb8-4841-9ce1-2061f7b42c80@group-F62649F7AF7F-LeaderElection11] INFO  impl.LeaderElection (LeaderElection.java:askForVotes(178)) - 04d05b50-beb8-4841-9ce1-2061f7b42c80@group-F62649F7AF7F-LeaderElection11: begin an election at term 7 for 0: [6a83fe04-c8c3-48c1-8861-8f81e89cd03c:192.168.69.90:44841, 04d05b50-beb8-4841-9ce1-2061f7b42c80:192.168.69.90:35772, 0a72d9f0-d385-4350-a485-113e43f7c69c:192.168.69.90:33827], old=null
2019-10-15 21:54:39,365 [grpc-default-executor-1] INFO  impl.RaftServerImpl (RaftServerImpl.java:setRole(184)) - 0a72d9f0-d385-4350-a485-113e43f7c69c@group-F62649F7AF7F: changes role from  FOLLOWER to FOLLOWER at term 7 for recognizeCandidate:04d05b50-beb8-4841-9ce1-2061f7b42c80
2019-10-15 21:54:39,365 [grpc-default-executor-3] INFO  impl.RaftServerImpl (RaftServerImpl.java:setRole(184)) - 6a83fe04-c8c3-48c1-8861-8f81e89cd03c@group-F62649F7AF7F: changes role from  FOLLOWER to FOLLOWER at term 7 for recognizeCandidate:04d05b50-beb8-4841-9ce1-2061f7b42c80
2019-10-15 21:54:39,365 [grpc-default-executor-1] INFO  impl.RoleInfo (RoleInfo.java:shutdownFollowerState(121)) - 0a72d9f0-d385-4350-a485-113e43f7c69c: shutdown FollowerState
2019-10-15 21:54:39,365 [grpc-default-executor-3] INFO  impl.RoleInfo (RoleInfo.java:shutdownFollowerState(121)) - 6a83fe04-c8c3-48c1-8861-8f81e89cd03c: shutdown FollowerState
2019-10-15 21:54:39,365 [Thread-586] INFO  impl.FollowerState (FollowerState.java:run(117)) - 0a72d9f0-d385-4350-a485-113e43f7c69c@group-F62649F7AF7F-FollowerState was interrupted: java.lang.InterruptedException: sleep interrupted
2019-10-15 21:54:39,365 [grpc-default-executor-1] INFO  impl.RoleInfo (RoleInfo.java:updateAndGet(143)) - 0a72d9f0-d385-4350-a485-113e43f7c69c: start FollowerState
2019-10-15 21:54:39,365 [Thread-587] INFO  impl.FollowerState (FollowerState.java:run(117)) - 6a83fe04-c8c3-48c1-8861-8f81e89cd03c@group-F62649F7AF7F-FollowerState was interrupted: java.lang.InterruptedException: sleep interrupted
2019-10-15 21:54:39,365 [grpc-default-executor-3] INFO  impl.RoleInfo (RoleInfo.java:updateAndGet(143)) - 6a83fe04-c8c3-48c1-8861-8f81e89cd03c: start FollowerState
2019-10-15 21:54:39,377 [04d05b50-beb8-4841-9ce1-2061f7b42c80@group-F62649F7AF7F-LeaderElection11] INFO  impl.LeaderElection (LeaderElection.java:logAndReturn(56)) - 04d05b50-beb8-4841-9ce1-2061f7b42c80@group-F62649F7AF7F-LeaderElection11: Election REJECTED; received 2 response(s) [04d05b50-beb8-4841-9ce1-2061f7b42c80<-6a83fe04-c8c3-48c1-8861-8f81e89cd03c#0:FAIL-t7, 04d05b50-beb8-4841-9ce1-2061f7b42c80<-0a72d9f0-d385-4350-a485-113e43f7c69c#0:FAIL-t7] and 0 exception(s); 04d05b50-beb8-4841-9ce1-2061f7b42c80@group-F62649F7AF7F:t7, leader=null, voted=04d05b50-beb8-4841-9ce1-2061f7b42c80, raftlog=04d05b50-beb8-4841-9ce1-2061f7b42c80@group-F62649F7AF7F-SegmentedRaftLog:OPENED:c3,f4,i4, conf=0: [6a83fe04-c8c3-48c1-8861-8f81e89cd03c:192.168.69.90:44841, 04d05b50-beb8-4841-9ce1-2061f7b42c80:192.168.69.90:35772, 0a72d9f0-d385-4350-a485-113e43f7c69c:192.168.69.90:33827], old=null
2019-10-15 21:54:39,377 [04d05b50-beb8-4841-9ce1-2061f7b42c80@group-F62649F7AF7F-LeaderElection11] INFO  impl.RaftServerImpl (RaftServerImpl.java:setRole(184)) - 04d05b50-beb8-4841-9ce1-2061f7b42c80@group-F62649F7AF7F: changes role from CANDIDATE to FOLLOWER at term 7 for DISCOVERED_A_NEW_TERM
2019-10-15 21:54:39,379 [04d05b50-beb8-4841-9ce1-2061f7b42c80@group-F62649F7AF7F-LeaderElection11] INFO  impl.RoleInfo (RoleInfo.java:shutdownLeaderElection(134)) - 04d05b50-beb8-4841-9ce1-2061f7b42c80: shutdown LeaderElection
2019-10-15 21:54:39,379 [04d05b50-beb8-4841-9ce1-2061f7b42c80@group-F62649F7AF7F-LeaderElection11] INFO  impl.RoleInfo (RoleInfo.java:updateAndGet(143)) - 04d05b50-beb8-4841-9ce1-2061f7b42c80: start FollowerState
2019-10-15 21:54:39,431 [Thread-594] INFO  impl.FollowerState (FollowerState.java:run(108)) - 04d05b50-beb8-4841-9ce1-2061f7b42c80@group-F62649F7AF7F-FollowerState: change to CANDIDATE, lastRpcTime:52ms, electionTimeout:51ms
2019-10-15 21:54:39,432 [Thread-594] INFO  impl.RoleInfo (RoleInfo.java:shutdownFollowerState(121)) - 04d05b50-beb8-4841-9ce1-2061f7b42c80: shutdown FollowerState
2019-10-15 21:54:39,432 [Thread-594] INFO  impl.RaftServerImpl (RaftServerImpl.java:setRole(184)) - 04d05b50-beb8-4841-9ce1-2061f7b42c80@group-F62649F7AF7F: changes role from  FOLLOWER to CANDIDATE at term 7 for changeToCandidate
2019-10-15 21:54:39,432 [Thread-594] INFO  impl.RoleInfo (RoleInfo.java:updateAndGet(143)) - 04d05b50-beb8-4841-9ce1-2061f7b42c80: start LeaderElection
2019-10-15 21:54:39,447 [04d05b50-beb8-4841-9ce1-2061f7b42c80@group-F62649F7AF7F-LeaderElection12] INFO  impl.LeaderElection (LeaderElection.java:askForVotes(178)) - 04d05b50-beb8-4841-9ce1-2061f7b42c80@group-F62649F7AF7F-LeaderElection12: begin an election at term 8 for 0: [6a83fe04-c8c3-48c1-8861-8f81e89cd03c:192.168.69.90:44841, 04d05b50-beb8-4841-9ce1-2061f7b42c80:192.168.69.90:35772, 0a72d9f0-d385-4350-a485-113e43f7c69c:192.168.69.90:33827], old=null
2019-10-15 21:54:39,452 [grpc-default-executor-1] INFO  impl.RaftServerImpl (RaftServerImpl.java:setRole(184)) - 0a72d9f0-d385-4350-a485-113e43f7c69c@group-F62649F7AF7F: changes role from  FOLLOWER to FOLLOWER at term 8 for recognizeCandidate:04d05b50-beb8-4841-9ce1-2061f7b42c80
2019-10-15 21:54:39,452 [grpc-default-executor-3] INFO  impl.RaftServerImpl (RaftServerImpl.java:setRole(184)) - 6a83fe04-c8c3-48c1-8861-8f81e89cd03c@group-F62649F7AF7F: changes role from  FOLLOWER to FOLLOWER at term 8 for recognizeCandidate:04d05b50-beb8-4841-9ce1-2061f7b42c80
2019-10-15 21:54:39,452 [grpc-default-executor-1] INFO  impl.RoleInfo (RoleInfo.java:shutdownFollowerState(121)) - 0a72d9f0-d385-4350-a485-113e43f7c69c: shutdown FollowerState
2019-10-15 21:54:39,452 [grpc-default-executor-3] INFO  impl.RoleInfo (RoleInfo.java:shutdownFollowerState(121)) - 6a83fe04-c8c3-48c1-8861-8f81e89cd03c: shutdown FollowerState
2019-10-15 21:54:39,453 [Thread-592] INFO  impl.FollowerState (FollowerState.java:run(117)) - 0a72d9f0-d385-4350-a485-113e43f7c69c@group-F62649F7AF7F-FollowerState was interrupted: java.lang.InterruptedException: sleep interrupted
2019-10-15 21:54:39,453 [grpc-default-executor-1] INFO  impl.RoleInfo (RoleInfo.java:updateAndGet(143)) - 0a72d9f0-d385-4350-a485-113e43f7c69c: start FollowerState
2019-10-15 21:54:39,453 [Thread-593] INFO  impl.FollowerState (FollowerState.java:run(117)) - 6a83fe04-c8c3-48c1-8861-8f81e89cd03c@group-F62649F7AF7F-FollowerState was interrupted: java.lang.InterruptedException: sleep interrupted
2019-10-15 21:54:39,453 [grpc-default-executor-3] INFO  impl.RoleInfo (RoleInfo.java:updateAndGet(143)) - 6a83fe04-c8c3-48c1-8861-8f81e89cd03c: start FollowerState
2019-10-15 21:54:39,471 [04d05b50-beb8-4841-9ce1-2061f7b42c80@group-F62649F7AF7F-LeaderElection12] INFO  impl.LeaderElection (LeaderElection.java:logAndReturn(56)) - 04d05b50-beb8-4841-9ce1-2061f7b42c80@group-F62649F7AF7F-LeaderElection12: Election REJECTED; received 2 response(s) [04d05b50-beb8-4841-9ce1-2061f7b42c80<-6a83fe04-c8c3-48c1-8861-8f81e89cd03c#0:FAIL-t8, 04d05b50-beb8-4841-9ce1-2061f7b42c80<-0a72d9f0-d385-4350-a485-113e43f7c69c#0:FAIL-t8] and 0 exception(s); 04d05b50-beb8-4841-9ce1-2061f7b42c80@group-F62649F7AF7F:t8, leader=null, voted=04d05b50-beb8-4841-9ce1-2061f7b42c80, raftlog=04d05b50-beb8-4841-9ce1-2061f7b42c80@group-F62649F7AF7F-SegmentedRaftLog:OPENED:c3,f4,i4, conf=0: [6a83fe04-c8c3-48c1-8861-8f81e89cd03c:192.168.69.90:44841, 04d05b50-beb8-4841-9ce1-2061f7b42c80:192.168.69.90:35772, 0a72d9f0-d385-4350-a485-113e43f7c69c:192.168.69.90:33827], old=null
2019-10-15 21:54:39,471 [04d05b50-beb8-4841-9ce1-2061f7b42c80@group-F62649F7AF7F-LeaderElection12] INFO  impl.RaftServerImpl (RaftServerImpl.java:setRole(184)) - 04d05b50-beb8-4841-9ce1-2061f7b42c80@group-F62649F7AF7F: changes role from CANDIDATE to FOLLOWER at term 8 for DISCOVERED_A_NEW_TERM
2019-10-15 21:54:39,471 [04d05b50-beb8-4841-9ce1-2061f7b42c80@group-F62649F7AF7F-LeaderElection12] INFO  impl.RoleInfo (RoleInfo.java:shutdownLeaderElection(134)) - 04d05b50-beb8-4841-9ce1-2061f7b42c80: shutdown LeaderElection
2019-10-15 21:54:39,472 [04d05b50-beb8-4841-9ce1-2061f7b42c80@group-F62649F7AF7F-LeaderElection12] INFO  impl.RoleInfo (RoleInfo.java:updateAndGet(143)) - 04d05b50-beb8-4841-9ce1-2061f7b42c80: start FollowerState
2019-10-15 21:54:39,625 [Thread-600] INFO  impl.FollowerState (FollowerState.java:run(108)) - 04d05b50-beb8-4841-9ce1-2061f7b42c80@group-F62649F7AF7F-FollowerState: change to CANDIDATE, lastRpcTime:152ms, electionTimeout:151ms
2019-10-15 21:54:39,626 [Thread-600] INFO  impl.RoleInfo (RoleInfo.java:shutdownFollowerState(121)) - 04d05b50-beb8-4841-9ce1-2061f7b42c80: shutdown FollowerState
2019-10-15 21:54:39,626 [Thread-600] INFO  impl.RaftServerImpl (RaftServerImpl.java:setRole(184)) - 04d05b50-beb8-4841-9ce1-2061f7b42c80@group-F62649F7AF7F: changes role from  FOLLOWER to CANDIDATE at term 8 for changeToCandidate
2019-10-15 21:54:39,626 [Thread-600] INFO  impl.RoleInfo (RoleInfo.java:updateAndGet(143)) - 04d05b50-beb8-4841-9ce1-2061f7b42c80: start LeaderElection
2019-10-15 21:54:39,641 [04d05b50-beb8-4841-9ce1-2061f7b42c80@group-F62649F7AF7F-LeaderElection13] INFO  impl.LeaderElection (LeaderElection.java:askForVotes(178)) - 04d05b50-beb8-4841-9ce1-2061f7b42c80@group-F62649F7AF7F-LeaderElection13: begin an election at term 9 for 0: [6a83fe04-c8c3-48c1-8861-8f81e89cd03c:192.168.69.90:44841, 04d05b50-beb8-4841-9ce1-2061f7b42c80:192.168.69.90:35772, 0a72d9f0-d385-4350-a485-113e43f7c69c:192.168.69.90:33827], old=null
2019-10-15 21:54:39,645 [grpc-default-executor-3] INFO  impl.RaftServerImpl (RaftServerImpl.java:setRole(184)) - 6a83fe04-c8c3-48c1-8861-8f81e89cd03c@group-F62649F7AF7F: changes role from  FOLLOWER to FOLLOWER at term 9 for recognizeCandidate:04d05b50-beb8-4841-9ce1-2061f7b42c80
2019-10-15 21:54:39,645 [grpc-default-executor-1] INFO  impl.RaftServerImpl (RaftServerImpl.java:setRole(184)) - 0a72d9f0-d385-4350-a485-113e43f7c69c@group-F62649F7AF7F: changes role from  FOLLOWER to FOLLOWER at term 9 for recognizeCandidate:04d05b50-beb8-4841-9ce1-2061f7b42c80
2019-10-15 21:54:39,645 [grpc-default-executor-3] INFO  impl.RoleInfo (RoleInfo.java:shutdownFollowerState(121)) - 6a83fe04-c8c3-48c1-8861-8f81e89cd03c: shutdown FollowerState
2019-10-15 21:54:39,646 [grpc-default-executor-1] INFO  impl.RoleInfo (RoleInfo.java:shutdownFollowerState(121)) - 0a72d9f0-d385-4350-a485-113e43f7c69c: shutdown FollowerState
2019-10-15 21:54:39,646 [Thread-599] INFO  impl.FollowerState (FollowerState.java:run(117)) - 6a83fe04-c8c3-48c1-8861-8f81e89cd03c@group-F62649F7AF7F-FollowerState was interrupted: java.lang.InterruptedException: sleep interrupted
2019-10-15 21:54:39,646 [grpc-default-executor-3] INFO  impl.RoleInfo (RoleInfo.java:updateAndGet(143)) - 6a83fe04-c8c3-48c1-8861-8f81e89cd03c: start FollowerState
2019-10-15 21:54:39,646 [Thread-598] INFO  impl.FollowerState (FollowerState.java:run(117)) - 0a72d9f0-d385-4350-a485-113e43f7c69c@group-F62649F7AF7F-FollowerState was interrupted: java.lang.InterruptedException: sleep interrupted
2019-10-15 21:54:39,646 [grpc-default-executor-1] INFO  impl.RoleInfo (RoleInfo.java:updateAndGet(143)) - 0a72d9f0-d385-4350-a485-113e43f7c69c: start FollowerState
2019-10-15 21:54:39,683 [04d05b50-beb8-4841-9ce1-2061f7b42c80@group-F62649F7AF7F-LeaderElection13] INFO  impl.LeaderElection (LeaderElection.java:logAndReturn(56)) - 04d05b50-beb8-4841-9ce1-2061f7b42c80@group-F62649F7AF7F-LeaderElection13: Election REJECTED; received 2 response(s) [04d05b50-beb8-4841-9ce1-2061f7b42c80<-6a83fe04-c8c3-48c1-8861-8f81e89cd03c#0:FAIL-t9, 04d05b50-beb8-4841-9ce1-2061f7b42c80<-0a72d9f0-d385-4350-a485-113e43f7c69c#0:FAIL-t9] and 0 exception(s); 04d05b50-beb8-4841-9ce1-2061f7b42c80@group-F62649F7AF7F:t9, leader=null, voted=04d05b50-beb8-4841-9ce1-2061f7b42c80, raftlog=04d05b50-beb8-4841-9ce1-2061f7b42c80@group-F62649F7AF7F-SegmentedRaftLog:OPENED:c3,f4,i4, conf=0: [6a83fe04-c8c3-48c1-8861-8f81e89cd03c:192.168.69.90:44841, 04d05b50-beb8-4841-9ce1-2061f7b42c80:192.168.69.90:35772, 0a72d9f0-d385-4350-a485-113e43f7c69c:192.168.69.90:33827], old=null
2019-10-15 21:54:39,683 [04d05b50-beb8-4841-9ce1-2061f7b42c80@group-F62649F7AF7F-LeaderElection13] INFO  impl.RaftServerImpl (RaftServerImpl.java:setRole(184)) - 04d05b50-beb8-4841-9ce1-2061f7b42c80@group-F62649F7AF7F: changes role from CANDIDATE to FOLLOWER at term 9 for DISCOVERED_A_NEW_TERM
2019-10-15 21:54:39,683 [04d05b50-beb8-4841-9ce1-2061f7b42c80@group-F62649F7AF7F-LeaderElection13] INFO  impl.RoleInfo (RoleInfo.java:shutdownLeaderElection(134)) - 04d05b50-beb8-4841-9ce1-2061f7b42c80: shutdown LeaderElection
2019-10-15 21:54:39,685 [04d05b50-beb8-4841-9ce1-2061f7b42c80@group-F62649F7AF7F-LeaderElection13] INFO  impl.RoleInfo (RoleInfo.java:updateAndGet(143)) - 04d05b50-beb8-4841-9ce1-2061f7b42c80: start FollowerState
2019-10-15 21:54:39,816 [Thread-606] INFO  impl.FollowerState (FollowerState.java:run(108)) - 04d05b50-beb8-4841-9ce1-2061f7b42c80@group-F62649F7AF7F-FollowerState: change to CANDIDATE, lastRpcTime:131ms, electionTimeout:130ms
2019-10-15 21:54:39,817 [Thread-606] INFO  impl.RoleInfo (RoleInfo.java:shutdownFollowerState(121)) - 04d05b50-beb8-4841-9ce1-2061f7b42c80: shutdown FollowerState
2019-10-15 21:54:39,817 [Thread-606] INFO  impl.RaftServerImpl (RaftServerImpl.java:setRole(184)) - 04d05b50-beb8-4841-9ce1-2061f7b42c80@group-F62649F7AF7F: changes role from  FOLLOWER to CANDIDATE at term 9 for changeToCandidate
2019-10-15 21:54:39,817 [Thread-606] INFO  impl.RoleInfo (RoleInfo.java:updateAndGet(143)) - 04d05b50-beb8-4841-9ce1-2061f7b42c80: start LeaderElection
2019-10-15 21:54:39,832 [04d05b50-beb8-4841-9ce1-2061f7b42c80@group-F62649F7AF7F-LeaderElection14] INFO  impl.LeaderElection (LeaderElection.java:askForVotes(178)) - 04d05b50-beb8-4841-9ce1-2061f7b42c80@group-F62649F7AF7F-LeaderElection14: begin an election at term 10 for 0: [6a83fe04-c8c3-48c1-8861-8f81e89cd03c:192.168.69.90:44841, 04d05b50-beb8-4841-9ce1-2061f7b42c80:192.168.69.90:35772, 0a72d9f0-d385-4350-a485-113e43f7c69c:192.168.69.90:33827], old=null
2019-10-15 21:54:39,835 [grpc-default-executor-3] INFO  impl.RaftServerImpl (RaftServerImpl.java:setRole(184)) - 6a83fe04-c8c3-48c1-8861-8f81e89cd03c@group-F62649F7AF7F: changes role from  FOLLOWER to FOLLOWER at term 10 for recognizeCandidate:04d05b50-beb8-4841-9ce1-2061f7b42c80
2019-10-15 21:54:39,836 [grpc-default-executor-3] INFO  impl.RoleInfo (RoleInfo.java:shutdownFollowerState(121)) - 6a83fe04-c8c3-48c1-8861-8f81e89cd03c: shutdown FollowerState
2019-10-15 21:54:39,836 [grpc-default-executor-3] INFO  impl.RoleInfo (RoleInfo.java:updateAndGet(143)) - 6a83fe04-c8c3-48c1-8861-8f81e89cd03c: start FollowerState
2019-10-15 21:54:39,836 [Thread-604] INFO  impl.FollowerState (FollowerState.java:run(117)) - 6a83fe04-c8c3-48c1-8861-8f81e89cd03c@group-F62649F7AF7F-FollowerState was interrupted: java.lang.InterruptedException: sleep interrupted
2019-10-15 21:54:39,836 [grpc-default-executor-1] INFO  impl.RaftServerImpl (RaftServerImpl.java:setRole(184)) - 0a72d9f0-d385-4350-a485-113e43f7c69c@group-F62649F7AF7F: changes role from  FOLLOWER to FOLLOWER at term 10 for recognizeCandidate:04d05b50-beb8-4841-9ce1-2061f7b42c80
2019-10-15 21:54:39,838 [grpc-default-executor-1] INFO  impl.RoleInfo (RoleInfo.java:shutdownFollowerState(121)) - 0a72d9f0-d385-4350-a485-113e43f7c69c: shutdown FollowerState
2019-10-15 21:54:39,838 [grpc-default-executor-1] INFO  impl.RoleInfo (RoleInfo.java:updateAndGet(143)) - 0a72d9f0-d385-4350-a485-113e43f7c69c: start FollowerState
2019-10-15 21:54:39,838 [Thread-605] INFO  impl.FollowerState (FollowerState.java:run(117)) - 0a72d9f0-d385-4350-a485-113e43f7c69c@group-F62649F7AF7F-FollowerState was interrupted: java.lang.InterruptedException: sleep interrupted
2019-10-15 21:54:39,852 [04d05b50-beb8-4841-9ce1-2061f7b42c80@group-F62649F7AF7F-LeaderElection14] INFO  impl.LeaderElection (LeaderElection.java:logAndReturn(56)) - 04d05b50-beb8-4841-9ce1-2061f7b42c80@group-F62649F7AF7F-LeaderElection14: Election REJECTED; received 2 response(s) [04d05b50-beb8-4841-9ce1-2061f7b42c80<-6a83fe04-c8c3-48c1-8861-8f81e89cd03c#0:FAIL-t10, 04d05b50-beb8-4841-9ce1-2061f7b42c80<-0a72d9f0-d385-4350-a485-113e43f7c69c#0:FAIL-t10] and 0 exception(s); 04d05b50-beb8-4841-9ce1-2061f7b42c80@group-F62649F7AF7F:t10, leader=null, voted=04d05b50-beb8-4841-9ce1-2061f7b42c80, raftlog=04d05b50-beb8-4841-9ce1-2061f7b42c80@group-F62649F7AF7F-SegmentedRaftLog:OPENED:c3,f4,i4, conf=0: [6a83fe04-c8c3-48c1-8861-8f81e89cd03c:192.168.69.90:44841, 04d05b50-beb8-4841-9ce1-2061f7b42c80:192.168.69.90:35772, 0a72d9f0-d385-4350-a485-113e43f7c69c:192.168.69.90:33827], old=null
2019-10-15 21:54:39,853 [04d05b50-beb8-4841-9ce1-2061f7b42c80@group-F62649F7AF7F-LeaderElection14] INFO  impl.RaftServerImpl (RaftServerImpl.java:setRole(184)) - 04d05b50-beb8-4841-9ce1-2061f7b42c80@group-F62649F7AF7F: changes role from CANDIDATE to FOLLOWER at term 10 for DISCOVERED_A_NEW_TERM
2019-10-15 21:54:39,856 [04d05b50-beb8-4841-9ce1-2061f7b42c80@group-F62649F7AF7F-LeaderElection14] INFO  impl.RoleInfo (RoleInfo.java:shutdownLeaderElection(134)) - 04d05b50-beb8-4841-9ce1-2061f7b42c80: shutdown LeaderElection
2019-10-15 21:54:39,857 [04d05b50-beb8-4841-9ce1-2061f7b42c80@group-F62649F7AF7F-LeaderElection14] INFO  impl.RoleInfo (RoleInfo.java:updateAndGet(143)) - 04d05b50-beb8-4841-9ce1-2061f7b42c80: start FollowerState
2019-10-15 21:54:39,991 [pool-7-thread-2] INFO  commands.RetriableDatanodeEventWatcher (RetriableDatanodeEventWatcher.java:onTimeout(47)) - RetriableDatanodeCommand type=deleteBlocksCommand with id=1571176475868 timed out. Retrying.
2019-10-15 21:54:39,993 [pool-7-thread-1] INFO  commands.RetriableDatanodeEventWatcher (RetriableDatanodeEventWatcher.java:onTimeout(47)) - RetriableDatanodeCommand type=deleteBlocksCommand with id=1571176475867 timed out. Retrying.
2019-10-15 21:54:39,996 [Thread-613] INFO  impl.FollowerState (FollowerState.java:run(108)) - 04d05b50-beb8-4841-9ce1-2061f7b42c80@group-F62649F7AF7F-FollowerState: change to CANDIDATE, lastRpcTime:138ms, electionTimeout:10ms
2019-10-15 21:54:39,996 [pool-7-thread-4] INFO  commands.RetriableDatanodeEventWatcher (RetriableDatanodeEventWatcher.java:onTimeout(47)) - RetriableDatanodeCommand type=deleteBlocksCommand with id=1571176475864 timed out. Retrying.
2019-10-15 21:54:39,996 [SCMBlockDeletingService#1] INFO  block.SCMBlockDeletingService (SCMBlockDeletingService.java:call(184)) - Totally added 1 delete blocks command for 1 datanodes, task elapsed time: 5ms
2019-10-15 21:54:39,996 [Thread-613] INFO  impl.RoleInfo (RoleInfo.java:shutdownFollowerState(121)) - 04d05b50-beb8-4841-9ce1-2061f7b42c80: shutdown FollowerState
2019-10-15 21:54:39,996 [pool-7-thread-3] INFO  commands.RetriableDatanodeEventWatcher (RetriableDatanodeEventWatcher.java:onTimeout(47)) - RetriableDatanodeCommand type=deleteBlocksCommand with id=1571176475866 timed out. Retrying.
2019-10-15 21:54:39,998 [Thread-613] INFO  impl.RaftServerImpl (RaftServerImpl.java:setRole(184)) - 04d05b50-beb8-4841-9ce1-2061f7b42c80@group-F62649F7AF7F: changes role from  FOLLOWER to CANDIDATE at term 10 for changeToCandidate
2019-10-15 21:54:39,998 [Thread-613] INFO  impl.RoleInfo (RoleInfo.java:updateAndGet(143)) - 04d05b50-beb8-4841-9ce1-2061f7b42c80: start LeaderElection
2019-10-15 21:54:40,009 [Thread-616] INFO  client.GrpcClientProtocolService (GrpcClientProtocolService.java:lambda$processClientRequest$0(278)) - Failed RaftClientRequest:client-92BC3EC04FB4->0a72d9f0-d385-4350-a485-113e43f7c69c@group-F62649F7AF7F, cid=10, seq=0, Watch-ALL_COMMITTED(6), Message:<EMPTY>, reply=RaftClientReply:client-92BC3EC04FB4->0a72d9f0-d385-4350-a485-113e43f7c69c@group-F62649F7AF7F, cid=10, FAILED org.apache.ratis.protocol.NotLeaderException: Server 0a72d9f0-d385-4350-a485-113e43f7c69c@group-F62649F7AF7F is not the leader, logIndex=0, commits[0a72d9f0-d385-4350-a485-113e43f7c69c:c10, 6a83fe04-c8c3-48c1-8861-8f81e89cd03c:c10, 04d05b50-beb8-4841-9ce1-2061f7b42c80:c4]
2019-10-15 21:54:40,015 [04d05b50-beb8-4841-9ce1-2061f7b42c80@group-F62649F7AF7F-LeaderElection15] INFO  impl.LeaderElection (LeaderElection.java:askForVotes(178)) - 04d05b50-beb8-4841-9ce1-2061f7b42c80@group-F62649F7AF7F-LeaderElection15: begin an election at term 11 for 0: [6a83fe04-c8c3-48c1-8861-8f81e89cd03c:192.168.69.90:44841, 04d05b50-beb8-4841-9ce1-2061f7b42c80:192.168.69.90:35772, 0a72d9f0-d385-4350-a485-113e43f7c69c:192.168.69.90:33827], old=null
2019-10-15 21:54:40,024 [grpc-default-executor-3] INFO  impl.RaftServerImpl (RaftServerImpl.java:setRole(184)) - 6a83fe04-c8c3-48c1-8861-8f81e89cd03c@group-F62649F7AF7F: changes role from  FOLLOWER to FOLLOWER at term 11 for recognizeCandidate:04d05b50-beb8-4841-9ce1-2061f7b42c80
2019-10-15 21:54:40,025 [grpc-default-executor-3] INFO  impl.RoleInfo (RoleInfo.java:shutdownFollowerState(121)) - 6a83fe04-c8c3-48c1-8861-8f81e89cd03c: shutdown FollowerState
2019-10-15 21:54:40,027 [grpc-default-executor-3] INFO  impl.RoleInfo (RoleInfo.java:updateAndGet(143)) - 6a83fe04-c8c3-48c1-8861-8f81e89cd03c: start FollowerState
2019-10-15 21:54:40,028 [Thread-611] INFO  impl.FollowerState (FollowerState.java:run(117)) - 6a83fe04-c8c3-48c1-8861-8f81e89cd03c@group-F62649F7AF7F-FollowerState was interrupted: java.lang.InterruptedException: sleep interrupted
2019-10-15 21:54:40,027 [grpc-default-executor-4] INFO  impl.RaftServerImpl (RaftServerImpl.java:setRole(184)) - 0a72d9f0-d385-4350-a485-113e43f7c69c@group-F62649F7AF7F: changes role from  FOLLOWER to FOLLOWER at term 11 for recognizeCandidate:04d05b50-beb8-4841-9ce1-2061f7b42c80
2019-10-15 21:54:40,029 [grpc-default-executor-4] INFO  impl.RoleInfo (RoleInfo.java:shutdownFollowerState(121)) - 0a72d9f0-d385-4350-a485-113e43f7c69c: shutdown FollowerState
2019-10-15 21:54:40,029 [Thread-612] INFO  impl.FollowerState (FollowerState.java:run(117)) - 0a72d9f0-d385-4350-a485-113e43f7c69c@group-F62649F7AF7F-FollowerState was interrupted: java.lang.InterruptedException: sleep interrupted
2019-10-15 21:54:40,029 [grpc-default-executor-4] INFO  impl.RoleInfo (RoleInfo.java:updateAndGet(143)) - 0a72d9f0-d385-4350-a485-113e43f7c69c: start FollowerState
2019-10-15 21:54:40,044 [04d05b50-beb8-4841-9ce1-2061f7b42c80@group-F62649F7AF7F-LeaderElection15] INFO  impl.LeaderElection (LeaderElection.java:logAndReturn(56)) - 04d05b50-beb8-4841-9ce1-2061f7b42c80@group-F62649F7AF7F-LeaderElection15: Election TIMEOUT; received 0 response(s) [] and 0 exception(s); 04d05b50-beb8-4841-9ce1-2061f7b42c80@group-F62649F7AF7F:t11, leader=null, voted=04d05b50-beb8-4841-9ce1-2061f7b42c80, raftlog=04d05b50-beb8-4841-9ce1-2061f7b42c80@group-F62649F7AF7F-SegmentedRaftLog:OPENED:c3,f4,i4, conf=0: [6a83fe04-c8c3-48c1-8861-8f81e89cd03c:192.168.69.90:44841, 04d05b50-beb8-4841-9ce1-2061f7b42c80:192.168.69.90:35772, 0a72d9f0-d385-4350-a485-113e43f7c69c:192.168.69.90:33827], old=null
2019-10-15 21:54:40,070 [04d05b50-beb8-4841-9ce1-2061f7b42c80@group-F62649F7AF7F-LeaderElection15] INFO  impl.LeaderElection (LeaderElection.java:askForVotes(178)) - 04d05b50-beb8-4841-9ce1-2061f7b42c80@group-F62649F7AF7F-LeaderElection15: begin an election at term 12 for 0: [6a83fe04-c8c3-48c1-8861-8f81e89cd03c:192.168.69.90:44841, 04d05b50-beb8-4841-9ce1-2061f7b42c80:192.168.69.90:35772, 0a72d9f0-d385-4350-a485-113e43f7c69c:192.168.69.90:33827], old=null
2019-10-15 21:54:40,074 [grpc-default-executor-4] INFO  impl.RaftServerImpl (RaftServerImpl.java:setRole(184)) - 6a83fe04-c8c3-48c1-8861-8f81e89cd03c@group-F62649F7AF7F: changes role from  FOLLOWER to FOLLOWER at term 12 for recognizeCandidate:04d05b50-beb8-4841-9ce1-2061f7b42c80
2019-10-15 21:54:40,080 [grpc-default-executor-3] INFO  impl.RaftServerImpl (RaftServerImpl.java:setRole(184)) - 0a72d9f0-d385-4350-a485-113e43f7c69c@group-F62649F7AF7F: changes role from  FOLLOWER to FOLLOWER at term 12 for recognizeCandidate:04d05b50-beb8-4841-9ce1-2061f7b42c80
2019-10-15 21:54:40,080 [grpc-default-executor-4] INFO  impl.RoleInfo (RoleInfo.java:shutdownFollowerState(121)) - 6a83fe04-c8c3-48c1-8861-8f81e89cd03c: shutdown FollowerState
2019-10-15 21:54:40,080 [grpc-default-executor-3] INFO  impl.RoleInfo (RoleInfo.java:shutdownFollowerState(121)) - 0a72d9f0-d385-4350-a485-113e43f7c69c: shutdown FollowerState
2019-10-15 21:54:40,080 [Thread-620] INFO  impl.FollowerState (FollowerState.java:run(117)) - 6a83fe04-c8c3-48c1-8861-8f81e89cd03c@group-F62649F7AF7F-FollowerState was interrupted: java.lang.InterruptedException: sleep interrupted
2019-10-15 21:54:40,080 [grpc-default-executor-4] INFO  impl.RoleInfo (RoleInfo.java:updateAndGet(143)) - 6a83fe04-c8c3-48c1-8861-8f81e89cd03c: start FollowerState
2019-10-15 21:54:40,081 [Thread-621] INFO  impl.FollowerState (FollowerState.java:run(117)) - 0a72d9f0-d385-4350-a485-113e43f7c69c@group-F62649F7AF7F-FollowerState was interrupted: java.lang.InterruptedException: sleep interrupted
2019-10-15 21:54:40,080 [grpc-default-executor-3] INFO  impl.RoleInfo (RoleInfo.java:updateAndGet(143)) - 0a72d9f0-d385-4350-a485-113e43f7c69c: start FollowerState
2019-10-15 21:54:40,108 [04d05b50-beb8-4841-9ce1-2061f7b42c80@group-F62649F7AF7F-LeaderElection15] INFO  impl.LeaderElection (LeaderElection.java:logAndReturn(56)) - 04d05b50-beb8-4841-9ce1-2061f7b42c80@group-F62649F7AF7F-LeaderElection15: Election REJECTED; received 2 response(s) [04d05b50-beb8-4841-9ce1-2061f7b42c80<-6a83fe04-c8c3-48c1-8861-8f81e89cd03c#0:FAIL-t12, 04d05b50-beb8-4841-9ce1-2061f7b42c80<-0a72d9f0-d385-4350-a485-113e43f7c69c#0:FAIL-t12] and 0 exception(s); 04d05b50-beb8-4841-9ce1-2061f7b42c80@group-F62649F7AF7F:t12, leader=null, voted=04d05b50-beb8-4841-9ce1-2061f7b42c80, raftlog=04d05b50-beb8-4841-9ce1-2061f7b42c80@group-F62649F7AF7F-SegmentedRaftLog:OPENED:c3,f4,i4, conf=0: [6a83fe04-c8c3-48c1-8861-8f81e89cd03c:192.168.69.90:44841, 04d05b50-beb8-4841-9ce1-2061f7b42c80:192.168.69.90:35772, 0a72d9f0-d385-4350-a485-113e43f7c69c:192.168.69.90:33827], old=null
2019-10-15 21:54:40,108 [04d05b50-beb8-4841-9ce1-2061f7b42c80@group-F62649F7AF7F-LeaderElection15] INFO  impl.RaftServerImpl (RaftServerImpl.java:setRole(184)) - 04d05b50-beb8-4841-9ce1-2061f7b42c80@group-F62649F7AF7F: changes role from CANDIDATE to FOLLOWER at term 12 for DISCOVERED_A_NEW_TERM
2019-10-15 21:54:40,108 [04d05b50-beb8-4841-9ce1-2061f7b42c80@group-F62649F7AF7F-LeaderElection15] INFO  impl.RoleInfo (RoleInfo.java:shutdownLeaderElection(134)) - 04d05b50-beb8-4841-9ce1-2061f7b42c80: shutdown LeaderElection
2019-10-15 21:54:40,108 [04d05b50-beb8-4841-9ce1-2061f7b42c80@group-F62649F7AF7F-LeaderElection15] INFO  impl.RoleInfo (RoleInfo.java:updateAndGet(143)) - 04d05b50-beb8-4841-9ce1-2061f7b42c80: start FollowerState
2019-10-15 21:54:40,225 [Thread-626] INFO  impl.FollowerState (FollowerState.java:run(108)) - 04d05b50-beb8-4841-9ce1-2061f7b42c80@group-F62649F7AF7F-FollowerState: change to CANDIDATE, lastRpcTime:116ms, electionTimeout:116ms
2019-10-15 21:54:40,225 [Thread-626] INFO  impl.RoleInfo (RoleInfo.java:shutdownFollowerState(121)) - 04d05b50-beb8-4841-9ce1-2061f7b42c80: shutdown FollowerState
2019-10-15 21:54:40,225 [Thread-626] INFO  impl.RaftServerImpl (RaftServerImpl.java:setRole(184)) - 04d05b50-beb8-4841-9ce1-2061f7b42c80@group-F62649F7AF7F: changes role from  FOLLOWER to CANDIDATE at term 12 for changeToCandidate
2019-10-15 21:54:40,225 [BlockDeletingService#2] WARN  background.BlockDeletingService (BlockDeletingService.java:isDeletionAllowed(187)) - Close Container log Index 6 is not replicated across allthe servers in the pipeline 4353dad5-98e9-4a09-96de-f62649f7af7f as the min replicated index is 4. Deletion is not allowed in this container yet.
2019-10-15 21:54:40,226 [Thread-626] INFO  impl.RoleInfo (RoleInfo.java:updateAndGet(143)) - 04d05b50-beb8-4841-9ce1-2061f7b42c80: start LeaderElection
2019-10-15 21:54:40,226 [BlockDeletingService#2] WARN  background.BlockDeletingService (BlockDeletingService.java:isDeletionAllowed(187)) - Close Container log Index 6 is not replicated across allthe servers in the pipeline 4353dad5-98e9-4a09-96de-f62649f7af7f as the min replicated index is 4. Deletion is not allowed in this container yet.
2019-10-15 21:54:40,253 [04d05b50-beb8-4841-9ce1-2061f7b42c80@group-F62649F7AF7F-LeaderElection16] INFO  impl.LeaderElection (LeaderElection.java:askForVotes(178)) - 04d05b50-beb8-4841-9ce1-2061f7b42c80@group-F62649F7AF7F-LeaderElection16: begin an election at term 13 for 0: [6a83fe04-c8c3-48c1-8861-8f81e89cd03c:192.168.69.90:44841, 04d05b50-beb8-4841-9ce1-2061f7b42c80:192.168.69.90:35772, 0a72d9f0-d385-4350-a485-113e43f7c69c:192.168.69.90:33827], old=null
2019-10-15 21:54:40,257 [grpc-default-executor-3] INFO  impl.RaftServerImpl (RaftServerImpl.java:setRole(184)) - 6a83fe04-c8c3-48c1-8861-8f81e89cd03c@group-F62649F7AF7F: changes role from  FOLLOWER to FOLLOWER at term 13 for recognizeCandidate:04d05b50-beb8-4841-9ce1-2061f7b42c80
2019-10-15 21:54:40,257 [grpc-default-executor-4] INFO  impl.RaftServerImpl (RaftServerImpl.java:setRole(184)) - 0a72d9f0-d385-4350-a485-113e43f7c69c@group-F62649F7AF7F: changes role from  FOLLOWER to FOLLOWER at term 13 for recognizeCandidate:04d05b50-beb8-4841-9ce1-2061f7b42c80
2019-10-15 21:54:40,257 [grpc-default-executor-3] INFO  impl.RoleInfo (RoleInfo.java:shutdownFollowerState(121)) - 6a83fe04-c8c3-48c1-8861-8f81e89cd03c: shutdown FollowerState
2019-10-15 21:54:40,257 [grpc-default-executor-4] INFO  impl.RoleInfo (RoleInfo.java:shutdownFollowerState(121)) - 0a72d9f0-d385-4350-a485-113e43f7c69c: shutdown FollowerState
2019-10-15 21:54:40,257 [Thread-624] INFO  impl.FollowerState (FollowerState.java:run(117)) - 6a83fe04-c8c3-48c1-8861-8f81e89cd03c@group-F62649F7AF7F-FollowerState was interrupted: java.lang.InterruptedException: sleep interrupted
2019-10-15 21:54:40,257 [grpc-default-executor-3] INFO  impl.RoleInfo (RoleInfo.java:updateAndGet(143)) - 6a83fe04-c8c3-48c1-8861-8f81e89cd03c: start FollowerState
2019-10-15 21:54:40,257 [grpc-default-executor-4] INFO  impl.RoleInfo (RoleInfo.java:updateAndGet(143)) - 0a72d9f0-d385-4350-a485-113e43f7c69c: start FollowerState
2019-10-15 21:54:40,257 [Thread-625] INFO  impl.FollowerState (FollowerState.java:run(117)) - 0a72d9f0-d385-4350-a485-113e43f7c69c@group-F62649F7AF7F-FollowerState was interrupted: java.lang.InterruptedException: sleep interrupted
2019-10-15 21:54:40,291 [04d05b50-beb8-4841-9ce1-2061f7b42c80@group-F62649F7AF7F-LeaderElection16] INFO  impl.LeaderElection (LeaderElection.java:logAndReturn(56)) - 04d05b50-beb8-4841-9ce1-2061f7b42c80@group-F62649F7AF7F-LeaderElection16: Election REJECTED; received 2 response(s) [04d05b50-beb8-4841-9ce1-2061f7b42c80<-6a83fe04-c8c3-48c1-8861-8f81e89cd03c#0:FAIL-t13, 04d05b50-beb8-4841-9ce1-2061f7b42c80<-0a72d9f0-d385-4350-a485-113e43f7c69c#0:FAIL-t13] and 0 exception(s); 04d05b50-beb8-4841-9ce1-2061f7b42c80@group-F62649F7AF7F:t13, leader=null, voted=04d05b50-beb8-4841-9ce1-2061f7b42c80, raftlog=04d05b50-beb8-4841-9ce1-2061f7b42c80@group-F62649F7AF7F-SegmentedRaftLog:OPENED:c3,f4,i4, conf=0: [6a83fe04-c8c3-48c1-8861-8f81e89cd03c:192.168.69.90:44841, 04d05b50-beb8-4841-9ce1-2061f7b42c80:192.168.69.90:35772, 0a72d9f0-d385-4350-a485-113e43f7c69c:192.168.69.90:33827], old=null
2019-10-15 21:54:40,291 [04d05b50-beb8-4841-9ce1-2061f7b42c80@group-F62649F7AF7F-LeaderElection16] INFO  impl.RaftServerImpl (RaftServerImpl.java:setRole(184)) - 04d05b50-beb8-4841-9ce1-2061f7b42c80@group-F62649F7AF7F: changes role from CANDIDATE to FOLLOWER at term 13 for DISCOVERED_A_NEW_TERM
2019-10-15 21:54:40,291 [04d05b50-beb8-4841-9ce1-2061f7b42c80@group-F62649F7AF7F-LeaderElection16] INFO  impl.RoleInfo (RoleInfo.java:shutdownLeaderElection(134)) - 04d05b50-beb8-4841-9ce1-2061f7b42c80: shutdown LeaderElection
2019-10-15 21:54:40,291 [04d05b50-beb8-4841-9ce1-2061f7b42c80@group-F62649F7AF7F-LeaderElection16] INFO  impl.RoleInfo (RoleInfo.java:updateAndGet(143)) - 04d05b50-beb8-4841-9ce1-2061f7b42c80: start FollowerState
2019-10-15 21:54:40,331 [Thread-634] INFO  impl.FollowerState (FollowerState.java:run(108)) - 04d05b50-beb8-4841-9ce1-2061f7b42c80@group-F62649F7AF7F-FollowerState: change to CANDIDATE, lastRpcTime:39ms, electionTimeout:39ms
2019-10-15 21:54:40,331 [Thread-634] INFO  impl.RoleInfo (RoleInfo.java:shutdownFollowerState(121)) - 04d05b50-beb8-4841-9ce1-2061f7b42c80: shutdown FollowerState
2019-10-15 21:54:40,331 [Thread-634] INFO  impl.RaftServerImpl (RaftServerImpl.java:setRole(184)) - 04d05b50-beb8-4841-9ce1-2061f7b42c80@group-F62649F7AF7F: changes role from  FOLLOWER to CANDIDATE at term 13 for changeToCandidate
2019-10-15 21:54:40,331 [Thread-634] INFO  impl.RoleInfo (RoleInfo.java:updateAndGet(143)) - 04d05b50-beb8-4841-9ce1-2061f7b42c80: start LeaderElection
2019-10-15 21:54:40,346 [04d05b50-beb8-4841-9ce1-2061f7b42c80@group-F62649F7AF7F-LeaderElection17] INFO  impl.LeaderElection (LeaderElection.java:askForVotes(178)) - 04d05b50-beb8-4841-9ce1-2061f7b42c80@group-F62649F7AF7F-LeaderElection17: begin an election at term 14 for 0: [6a83fe04-c8c3-48c1-8861-8f81e89cd03c:192.168.69.90:44841, 04d05b50-beb8-4841-9ce1-2061f7b42c80:192.168.69.90:35772, 0a72d9f0-d385-4350-a485-113e43f7c69c:192.168.69.90:33827], old=null
2019-10-15 21:54:40,350 [grpc-default-executor-3] INFO  impl.RaftServerImpl (RaftServerImpl.java:setRole(184)) - 6a83fe04-c8c3-48c1-8861-8f81e89cd03c@group-F62649F7AF7F: changes role from  FOLLOWER to FOLLOWER at term 14 for recognizeCandidate:04d05b50-beb8-4841-9ce1-2061f7b42c80
2019-10-15 21:54:40,350 [grpc-default-executor-3] INFO  impl.RoleInfo (RoleInfo.java:shutdownFollowerState(121)) - 6a83fe04-c8c3-48c1-8861-8f81e89cd03c: shutdown FollowerState
2019-10-15 21:54:40,350 [grpc-default-executor-3] INFO  impl.RoleInfo (RoleInfo.java:updateAndGet(143)) - 6a83fe04-c8c3-48c1-8861-8f81e89cd03c: start FollowerState
2019-10-15 21:54:40,350 [grpc-default-executor-4] INFO  impl.RaftServerImpl (RaftServerImpl.java:setRole(184)) - 0a72d9f0-d385-4350-a485-113e43f7c69c@group-F62649F7AF7F: changes role from  FOLLOWER to FOLLOWER at term 14 for recognizeCandidate:04d05b50-beb8-4841-9ce1-2061f7b42c80
2019-10-15 21:54:40,350 [Thread-632] INFO  impl.FollowerState (FollowerState.java:run(117)) - 6a83fe04-c8c3-48c1-8861-8f81e89cd03c@group-F62649F7AF7F-FollowerState was interrupted: java.lang.InterruptedException: sleep interrupted
2019-10-15 21:54:40,351 [grpc-default-executor-4] INFO  impl.RoleInfo (RoleInfo.java:shutdownFollowerState(121)) - 0a72d9f0-d385-4350-a485-113e43f7c69c: shutdown FollowerState
2019-10-15 21:54:40,352 [grpc-default-executor-4] INFO  impl.RoleInfo (RoleInfo.java:updateAndGet(143)) - 0a72d9f0-d385-4350-a485-113e43f7c69c: start FollowerState
2019-10-15 21:54:40,352 [Thread-633] INFO  impl.FollowerState (FollowerState.java:run(117)) - 0a72d9f0-d385-4350-a485-113e43f7c69c@group-F62649F7AF7F-FollowerState was interrupted: java.lang.InterruptedException: sleep interrupted
2019-10-15 21:54:40,368 [04d05b50-beb8-4841-9ce1-2061f7b42c80@group-F62649F7AF7F-LeaderElection17] INFO  impl.LeaderElection (LeaderElection.java:logAndReturn(56)) - 04d05b50-beb8-4841-9ce1-2061f7b42c80@group-F62649F7AF7F-LeaderElection17: Election REJECTED; received 2 response(s) [04d05b50-beb8-4841-9ce1-2061f7b42c80<-6a83fe04-c8c3-48c1-8861-8f81e89cd03c#0:FAIL-t14, 04d05b50-beb8-4841-9ce1-2061f7b42c80<-0a72d9f0-d385-4350-a485-113e43f7c69c#0:FAIL-t14] and 0 exception(s); 04d05b50-beb8-4841-9ce1-2061f7b42c80@group-F62649F7AF7F:t14, leader=null, voted=04d05b50-beb8-4841-9ce1-2061f7b42c80, raftlog=04d05b50-beb8-4841-9ce1-2061f7b42c80@group-F62649F7AF7F-SegmentedRaftLog:OPENED:c3,f4,i4, conf=0: [6a83fe04-c8c3-48c1-8861-8f81e89cd03c:192.168.69.90:44841, 04d05b50-beb8-4841-9ce1-2061f7b42c80:192.168.69.90:35772, 0a72d9f0-d385-4350-a485-113e43f7c69c:192.168.69.90:33827], old=null
2019-10-15 21:54:40,369 [04d05b50-beb8-4841-9ce1-2061f7b42c80@group-F62649F7AF7F-LeaderElection17] INFO  impl.RaftServerImpl (RaftServerImpl.java:setRole(184)) - 04d05b50-beb8-4841-9ce1-2061f7b42c80@group-F62649F7AF7F: changes role from CANDIDATE to FOLLOWER at term 14 for DISCOVERED_A_NEW_TERM
2019-10-15 21:54:40,369 [04d05b50-beb8-4841-9ce1-2061f7b42c80@group-F62649F7AF7F-LeaderElection17] INFO  impl.RoleInfo (RoleInfo.java:shutdownLeaderElection(134)) - 04d05b50-beb8-4841-9ce1-2061f7b42c80: shutdown LeaderElection
2019-10-15 21:54:40,369 [04d05b50-beb8-4841-9ce1-2061f7b42c80@group-F62649F7AF7F-LeaderElection17] INFO  impl.RoleInfo (RoleInfo.java:updateAndGet(143)) - 04d05b50-beb8-4841-9ce1-2061f7b42c80: start FollowerState
2019-10-15 21:54:40,422 [Thread-640] INFO  impl.FollowerState (FollowerState.java:run(108)) - 04d05b50-beb8-4841-9ce1-2061f7b42c80@group-F62649F7AF7F-FollowerState: change to CANDIDATE, lastRpcTime:52ms, electionTimeout:52ms
2019-10-15 21:54:40,422 [Thread-640] INFO  impl.RoleInfo (RoleInfo.java:shutdownFollowerState(121)) - 04d05b50-beb8-4841-9ce1-2061f7b42c80: shutdown FollowerState
2019-10-15 21:54:40,422 [Thread-640] INFO  impl.RaftServerImpl (RaftServerImpl.java:setRole(184)) - 04d05b50-beb8-4841-9ce1-2061f7b42c80@group-F62649F7AF7F: changes role from  FOLLOWER to CANDIDATE at term 14 for changeToCandidate
2019-10-15 21:54:40,422 [Thread-640] INFO  impl.RoleInfo (RoleInfo.java:updateAndGet(143)) - 04d05b50-beb8-4841-9ce1-2061f7b42c80: start LeaderElection
2019-10-15 21:54:40,436 [04d05b50-beb8-4841-9ce1-2061f7b42c80@group-F62649F7AF7F-LeaderElection18] INFO  impl.LeaderElection (LeaderElection.java:askForVotes(178)) - 04d05b50-beb8-4841-9ce1-2061f7b42c80@group-F62649F7AF7F-LeaderElection18: begin an election at term 15 for 0: [6a83fe04-c8c3-48c1-8861-8f81e89cd03c:192.168.69.90:44841, 04d05b50-beb8-4841-9ce1-2061f7b42c80:192.168.69.90:35772, 0a72d9f0-d385-4350-a485-113e43f7c69c:192.168.69.90:33827], old=null
2019-10-15 21:54:40,439 [grpc-default-executor-3] INFO  impl.RaftServerImpl (RaftServerImpl.java:setRole(184)) - 6a83fe04-c8c3-48c1-8861-8f81e89cd03c@group-F62649F7AF7F: changes role from  FOLLOWER to FOLLOWER at term 15 for recognizeCandidate:04d05b50-beb8-4841-9ce1-2061f7b42c80
2019-10-15 21:54:40,440 [grpc-default-executor-3] INFO  impl.RoleInfo (RoleInfo.java:shutdownFollowerState(121)) - 6a83fe04-c8c3-48c1-8861-8f81e89cd03c: shutdown FollowerState
2019-10-15 21:54:40,440 [grpc-default-executor-4] INFO  impl.RaftServerImpl (RaftServerImpl.java:setRole(184)) - 0a72d9f0-d385-4350-a485-113e43f7c69c@group-F62649F7AF7F: changes role from  FOLLOWER to FOLLOWER at term 15 for recognizeCandidate:04d05b50-beb8-4841-9ce1-2061f7b42c80
2019-10-15 21:54:40,440 [grpc-default-executor-4] INFO  impl.RoleInfo (RoleInfo.java:shutdownFollowerState(121)) - 0a72d9f0-d385-4350-a485-113e43f7c69c: shutdown FollowerState
2019-10-15 21:54:40,440 [Thread-639] INFO  impl.FollowerState (FollowerState.java:run(117)) - 0a72d9f0-d385-4350-a485-113e43f7c69c@group-F62649F7AF7F-FollowerState was interrupted: java.lang.InterruptedException: sleep interrupted
2019-10-15 21:54:40,440 [Thread-638] INFO  impl.FollowerState (FollowerState.java:run(117)) - 6a83fe04-c8c3-48c1-8861-8f81e89cd03c@group-F62649F7AF7F-FollowerState was interrupted: java.lang.InterruptedException: sleep interrupted
2019-10-15 21:54:40,440 [grpc-default-executor-3] INFO  impl.RoleInfo (RoleInfo.java:updateAndGet(143)) - 6a83fe04-c8c3-48c1-8861-8f81e89cd03c: start FollowerState
2019-10-15 21:54:40,440 [grpc-default-executor-4] INFO  impl.RoleInfo (RoleInfo.java:updateAndGet(143)) - 0a72d9f0-d385-4350-a485-113e43f7c69c: start FollowerState
2019-10-15 21:54:40,457 [04d05b50-beb8-4841-9ce1-2061f7b42c80@group-F62649F7AF7F-LeaderElection18] INFO  impl.LeaderElection (LeaderElection.java:logAndReturn(56)) - 04d05b50-beb8-4841-9ce1-2061f7b42c80@group-F62649F7AF7F-LeaderElection18: Election TIMEOUT; received 0 response(s) [] and 0 exception(s); 04d05b50-beb8-4841-9ce1-2061f7b42c80@group-F62649F7AF7F:t15, leader=null, voted=04d05b50-beb8-4841-9ce1-2061f7b42c80, raftlog=04d05b50-beb8-4841-9ce1-2061f7b42c80@group-F62649F7AF7F-SegmentedRaftLog:OPENED:c3,f4,i4, conf=0: [6a83fe04-c8c3-48c1-8861-8f81e89cd03c:192.168.69.90:44841, 04d05b50-beb8-4841-9ce1-2061f7b42c80:192.168.69.90:35772, 0a72d9f0-d385-4350-a485-113e43f7c69c:192.168.69.90:33827], old=null
2019-10-15 21:54:40,483 [04d05b50-beb8-4841-9ce1-2061f7b42c80@group-F62649F7AF7F-LeaderElection18] INFO  impl.LeaderElection (LeaderElection.java:askForVotes(178)) - 04d05b50-beb8-4841-9ce1-2061f7b42c80@group-F62649F7AF7F-LeaderElection18: begin an election at term 16 for 0: [6a83fe04-c8c3-48c1-8861-8f81e89cd03c:192.168.69.90:44841, 04d05b50-beb8-4841-9ce1-2061f7b42c80:192.168.69.90:35772, 0a72d9f0-d385-4350-a485-113e43f7c69c:192.168.69.90:33827], old=null
2019-10-15 21:54:40,484 [04d05b50-beb8-4841-9ce1-2061f7b42c80@group-F62649F7AF7F-LeaderElection18] INFO  impl.LeaderElection (LeaderElection.java:logAndReturn(56)) - 04d05b50-beb8-4841-9ce1-2061f7b42c80@group-F62649F7AF7F-LeaderElection18: Election TIMEOUT; received 0 response(s) [] and 0 exception(s); 04d05b50-beb8-4841-9ce1-2061f7b42c80@group-F62649F7AF7F:t16, leader=null, voted=04d05b50-beb8-4841-9ce1-2061f7b42c80, raftlog=04d05b50-beb8-4841-9ce1-2061f7b42c80@group-F62649F7AF7F-SegmentedRaftLog:OPENED:c3,f4,i4, conf=0: [6a83fe04-c8c3-48c1-8861-8f81e89cd03c:192.168.69.90:44841, 04d05b50-beb8-4841-9ce1-2061f7b42c80:192.168.69.90:35772, 0a72d9f0-d385-4350-a485-113e43f7c69c:192.168.69.90:33827], old=null
2019-10-15 21:54:40,486 [grpc-default-executor-4] INFO  impl.RaftServerImpl (RaftServerImpl.java:setRole(184)) - 6a83fe04-c8c3-48c1-8861-8f81e89cd03c@group-F62649F7AF7F: changes role from  FOLLOWER to FOLLOWER at term 16 for recognizeCandidate:04d05b50-beb8-4841-9ce1-2061f7b42c80
2019-10-15 21:54:40,486 [grpc-default-executor-4] INFO  impl.RoleInfo (RoleInfo.java:shutdownFollowerState(121)) - 6a83fe04-c8c3-48c1-8861-8f81e89cd03c: shutdown FollowerState
2019-10-15 21:54:40,487 [grpc-default-executor-4] INFO  impl.RoleInfo (RoleInfo.java:updateAndGet(143)) - 6a83fe04-c8c3-48c1-8861-8f81e89cd03c: start FollowerState
2019-10-15 21:54:40,487 [Thread-644] INFO  impl.FollowerState (FollowerState.java:run(117)) - 6a83fe04-c8c3-48c1-8861-8f81e89cd03c@group-F62649F7AF7F-FollowerState was interrupted: java.lang.InterruptedException: sleep interrupted
2019-10-15 21:54:40,487 [grpc-default-executor-3] INFO  impl.RaftServerImpl (RaftServerImpl.java:setRole(184)) - 0a72d9f0-d385-4350-a485-113e43f7c69c@group-F62649F7AF7F: changes role from  FOLLOWER to FOLLOWER at term 16 for recognizeCandidate:04d05b50-beb8-4841-9ce1-2061f7b42c80
2019-10-15 21:54:40,487 [grpc-default-executor-3] INFO  impl.RoleInfo (RoleInfo.java:shutdownFollowerState(121)) - 0a72d9f0-d385-4350-a485-113e43f7c69c: shutdown FollowerState
2019-10-15 21:54:40,487 [grpc-default-executor-3] INFO  impl.RoleInfo (RoleInfo.java:updateAndGet(143)) - 0a72d9f0-d385-4350-a485-113e43f7c69c: start FollowerState
2019-10-15 21:54:40,487 [Thread-645] INFO  impl.FollowerState (FollowerState.java:run(117)) - 0a72d9f0-d385-4350-a485-113e43f7c69c@group-F62649F7AF7F-FollowerState was interrupted: java.lang.InterruptedException: sleep interrupted
2019-10-15 21:54:40,498 [04d05b50-beb8-4841-9ce1-2061f7b42c80@group-F62649F7AF7F-LeaderElection18] INFO  impl.LeaderElection (LeaderElection.java:askForVotes(178)) - 04d05b50-beb8-4841-9ce1-2061f7b42c80@group-F62649F7AF7F-LeaderElection18: begin an election at term 17 for 0: [6a83fe04-c8c3-48c1-8861-8f81e89cd03c:192.168.69.90:44841, 04d05b50-beb8-4841-9ce1-2061f7b42c80:192.168.69.90:35772, 0a72d9f0-d385-4350-a485-113e43f7c69c:192.168.69.90:33827], old=null
2019-10-15 21:54:40,500 [grpc-default-executor-4] INFO  impl.RaftServerImpl (RaftServerImpl.java:setRole(184)) - 6a83fe04-c8c3-48c1-8861-8f81e89cd03c@group-F62649F7AF7F: changes role from  FOLLOWER to FOLLOWER at term 17 for recognizeCandidate:04d05b50-beb8-4841-9ce1-2061f7b42c80
2019-10-15 21:54:40,500 [grpc-default-executor-4] INFO  impl.RoleInfo (RoleInfo.java:shutdownFollowerState(121)) - 6a83fe04-c8c3-48c1-8861-8f81e89cd03c: shutdown FollowerState
2019-10-15 21:54:40,500 [grpc-default-executor-4] INFO  impl.RoleInfo (RoleInfo.java:updateAndGet(143)) - 6a83fe04-c8c3-48c1-8861-8f81e89cd03c: start FollowerState
2019-10-15 21:54:40,500 [Thread-648] INFO  impl.FollowerState (FollowerState.java:run(117)) - 6a83fe04-c8c3-48c1-8861-8f81e89cd03c@group-F62649F7AF7F-FollowerState was interrupted: java.lang.InterruptedException: sleep interrupted
2019-10-15 21:54:40,501 [grpc-default-executor-3] INFO  impl.RaftServerImpl (RaftServerImpl.java:setRole(184)) - 0a72d9f0-d385-4350-a485-113e43f7c69c@group-F62649F7AF7F: changes role from  FOLLOWER to FOLLOWER at term 17 for recognizeCandidate:04d05b50-beb8-4841-9ce1-2061f7b42c80
2019-10-15 21:54:40,501 [grpc-default-executor-3] INFO  impl.RoleInfo (RoleInfo.java:shutdownFollowerState(121)) - 0a72d9f0-d385-4350-a485-113e43f7c69c: shutdown FollowerState
2019-10-15 21:54:40,501 [grpc-default-executor-3] INFO  impl.RoleInfo (RoleInfo.java:updateAndGet(143)) - 0a72d9f0-d385-4350-a485-113e43f7c69c: start FollowerState
2019-10-15 21:54:40,501 [Thread-649] INFO  impl.FollowerState (FollowerState.java:run(117)) - 0a72d9f0-d385-4350-a485-113e43f7c69c@group-F62649F7AF7F-FollowerState was interrupted: java.lang.InterruptedException: sleep interrupted
2019-10-15 21:54:40,515 [04d05b50-beb8-4841-9ce1-2061f7b42c80@group-F62649F7AF7F-LeaderElection18] INFO  impl.LeaderElection (LeaderElection.java:logAndReturn(56)) - 04d05b50-beb8-4841-9ce1-2061f7b42c80@group-F62649F7AF7F-LeaderElection18: Election REJECTED; received 2 response(s) [04d05b50-beb8-4841-9ce1-2061f7b42c80<-6a83fe04-c8c3-48c1-8861-8f81e89cd03c#0:FAIL-t17, 04d05b50-beb8-4841-9ce1-2061f7b42c80<-0a72d9f0-d385-4350-a485-113e43f7c69c#0:FAIL-t17] and 0 exception(s); 04d05b50-beb8-4841-9ce1-2061f7b42c80@group-F62649F7AF7F:t17, leader=null, voted=04d05b50-beb8-4841-9ce1-2061f7b42c80, raftlog=04d05b50-beb8-4841-9ce1-2061f7b42c80@group-F62649F7AF7F-SegmentedRaftLog:OPENED:c3,f4,i4, conf=0: [6a83fe04-c8c3-48c1-8861-8f81e89cd03c:192.168.69.90:44841, 04d05b50-beb8-4841-9ce1-2061f7b42c80:192.168.69.90:35772, 0a72d9f0-d385-4350-a485-113e43f7c69c:192.168.69.90:33827], old=null
2019-10-15 21:54:40,515 [04d05b50-beb8-4841-9ce1-2061f7b42c80@group-F62649F7AF7F-LeaderElection18] INFO  impl.RaftServerImpl (RaftServerImpl.java:setRole(184)) - 04d05b50-beb8-4841-9ce1-2061f7b42c80@group-F62649F7AF7F: changes role from CANDIDATE to FOLLOWER at term 17 for DISCOVERED_A_NEW_TERM
2019-10-15 21:54:40,516 [04d05b50-beb8-4841-9ce1-2061f7b42c80@group-F62649F7AF7F-LeaderElection18] INFO  impl.RoleInfo (RoleInfo.java:shutdownLeaderElection(134)) - 04d05b50-beb8-4841-9ce1-2061f7b42c80: shutdown LeaderElection
2019-10-15 21:54:40,516 [04d05b50-beb8-4841-9ce1-2061f7b42c80@group-F62649F7AF7F-LeaderElection18] INFO  impl.RoleInfo (RoleInfo.java:updateAndGet(143)) - 04d05b50-beb8-4841-9ce1-2061f7b42c80: start FollowerState
2019-10-15 21:54:40,687 [Thread-654] INFO  impl.FollowerState (FollowerState.java:run(108)) - 04d05b50-beb8-4841-9ce1-2061f7b42c80@group-F62649F7AF7F-FollowerState: change to CANDIDATE, lastRpcTime:171ms, electionTimeout:171ms
2019-10-15 21:54:40,688 [Thread-654] INFO  impl.RoleInfo (RoleInfo.java:shutdownFollowerState(121)) - 04d05b50-beb8-4841-9ce1-2061f7b42c80: shutdown FollowerState
2019-10-15 21:54:40,688 [Thread-654] INFO  impl.RaftServerImpl (RaftServerImpl.java:setRole(184)) - 04d05b50-beb8-4841-9ce1-2061f7b42c80@group-F62649F7AF7F: changes role from  FOLLOWER to CANDIDATE at term 17 for changeToCandidate
2019-10-15 21:54:40,688 [Thread-654] INFO  impl.RoleInfo (RoleInfo.java:updateAndGet(143)) - 04d05b50-beb8-4841-9ce1-2061f7b42c80: start LeaderElection
2019-10-15 21:54:40,715 [04d05b50-beb8-4841-9ce1-2061f7b42c80@group-F62649F7AF7F-LeaderElection19] INFO  impl.LeaderElection (LeaderElection.java:askForVotes(178)) - 04d05b50-beb8-4841-9ce1-2061f7b42c80@group-F62649F7AF7F-LeaderElection19: begin an election at term 18 for 0: [6a83fe04-c8c3-48c1-8861-8f81e89cd03c:192.168.69.90:44841, 04d05b50-beb8-4841-9ce1-2061f7b42c80:192.168.69.90:35772, 0a72d9f0-d385-4350-a485-113e43f7c69c:192.168.69.90:33827], old=null
2019-10-15 21:54:40,719 [grpc-default-executor-4] INFO  impl.RaftServerImpl (RaftServerImpl.java:setRole(184)) - 0a72d9f0-d385-4350-a485-113e43f7c69c@group-F62649F7AF7F: changes role from  FOLLOWER to FOLLOWER at term 18 for recognizeCandidate:04d05b50-beb8-4841-9ce1-2061f7b42c80
2019-10-15 21:54:40,719 [grpc-default-executor-4] INFO  impl.RoleInfo (RoleInfo.java:shutdownFollowerState(121)) - 0a72d9f0-d385-4350-a485-113e43f7c69c: shutdown FollowerState
2019-10-15 21:54:40,719 [grpc-default-executor-3] INFO  impl.RaftServerImpl (RaftServerImpl.java:setRole(184)) - 6a83fe04-c8c3-48c1-8861-8f81e89cd03c@group-F62649F7AF7F: changes role from  FOLLOWER to FOLLOWER at term 18 for recognizeCandidate:04d05b50-beb8-4841-9ce1-2061f7b42c80
2019-10-15 21:54:40,719 [Thread-653] INFO  impl.FollowerState (FollowerState.java:run(117)) - 0a72d9f0-d385-4350-a485-113e43f7c69c@group-F62649F7AF7F-FollowerState was interrupted: java.lang.InterruptedException: sleep interrupted
2019-10-15 21:54:40,719 [grpc-default-executor-4] INFO  impl.RoleInfo (RoleInfo.java:updateAndGet(143)) - 0a72d9f0-d385-4350-a485-113e43f7c69c: start FollowerState
2019-10-15 21:54:40,719 [grpc-default-executor-3] INFO  impl.RoleInfo (RoleInfo.java:shutdownFollowerState(121)) - 6a83fe04-c8c3-48c1-8861-8f81e89cd03c: shutdown FollowerState
2019-10-15 21:54:40,720 [grpc-default-executor-3] INFO  impl.RoleInfo (RoleInfo.java:updateAndGet(143)) - 6a83fe04-c8c3-48c1-8861-8f81e89cd03c: start FollowerState
2019-10-15 21:54:40,720 [Thread-652] INFO  impl.FollowerState (FollowerState.java:run(117)) - 6a83fe04-c8c3-48c1-8861-8f81e89cd03c@group-F62649F7AF7F-FollowerState was interrupted: java.lang.InterruptedException: sleep interrupted
2019-10-15 21:54:40,730 [04d05b50-beb8-4841-9ce1-2061f7b42c80@group-F62649F7AF7F-LeaderElection19] INFO  impl.LeaderElection (LeaderElection.java:logAndReturn(56)) - 04d05b50-beb8-4841-9ce1-2061f7b42c80@group-F62649F7AF7F-LeaderElection19: Election REJECTED; received 2 response(s) [04d05b50-beb8-4841-9ce1-2061f7b42c80<-6a83fe04-c8c3-48c1-8861-8f81e89cd03c#0:FAIL-t18, 04d05b50-beb8-4841-9ce1-2061f7b42c80<-0a72d9f0-d385-4350-a485-113e43f7c69c#0:FAIL-t18] and 0 exception(s); 04d05b50-beb8-4841-9ce1-2061f7b42c80@group-F62649F7AF7F:t18, leader=null, voted=04d05b50-beb8-4841-9ce1-2061f7b42c80, raftlog=04d05b50-beb8-4841-9ce1-2061f7b42c80@group-F62649F7AF7F-SegmentedRaftLog:OPENED:c3,f4,i4, conf=0: [6a83fe04-c8c3-48c1-8861-8f81e89cd03c:192.168.69.90:44841, 04d05b50-beb8-4841-9ce1-2061f7b42c80:192.168.69.90:35772, 0a72d9f0-d385-4350-a485-113e43f7c69c:192.168.69.90:33827], old=null
2019-10-15 21:54:40,730 [04d05b50-beb8-4841-9ce1-2061f7b42c80@group-F62649F7AF7F-LeaderElection19] INFO  impl.RaftServerImpl (RaftServerImpl.java:setRole(184)) - 04d05b50-beb8-4841-9ce1-2061f7b42c80@group-F62649F7AF7F: changes role from CANDIDATE to FOLLOWER at term 18 for DISCOVERED_A_NEW_TERM
2019-10-15 21:54:40,730 [04d05b50-beb8-4841-9ce1-2061f7b42c80@group-F62649F7AF7F-LeaderElection19] INFO  impl.RoleInfo (RoleInfo.java:shutdownLeaderElection(134)) - 04d05b50-beb8-4841-9ce1-2061f7b42c80: shutdown LeaderElection
2019-10-15 21:54:40,730 [04d05b50-beb8-4841-9ce1-2061f7b42c80@group-F62649F7AF7F-LeaderElection19] INFO  impl.RoleInfo (RoleInfo.java:updateAndGet(143)) - 04d05b50-beb8-4841-9ce1-2061f7b42c80: start FollowerState
2019-10-15 21:54:40,768 [Thread-660] INFO  impl.FollowerState (FollowerState.java:run(108)) - 04d05b50-beb8-4841-9ce1-2061f7b42c80@group-F62649F7AF7F-FollowerState: change to CANDIDATE, lastRpcTime:37ms, electionTimeout:37ms
2019-10-15 21:54:40,768 [Thread-660] INFO  impl.RoleInfo (RoleInfo.java:shutdownFollowerState(121)) - 04d05b50-beb8-4841-9ce1-2061f7b42c80: shutdown FollowerState
2019-10-15 21:54:40,768 [Thread-660] INFO  impl.RaftServerImpl (RaftServerImpl.java:setRole(184)) - 04d05b50-beb8-4841-9ce1-2061f7b42c80@group-F62649F7AF7F: changes role from  FOLLOWER to CANDIDATE at term 18 for changeToCandidate
2019-10-15 21:54:40,768 [Thread-660] INFO  impl.RoleInfo (RoleInfo.java:updateAndGet(143)) - 04d05b50-beb8-4841-9ce1-2061f7b42c80: start LeaderElection
2019-10-15 21:54:40,790 [04d05b50-beb8-4841-9ce1-2061f7b42c80@group-F62649F7AF7F-LeaderElection20] INFO  impl.LeaderElection (LeaderElection.java:askForVotes(178)) - 04d05b50-beb8-4841-9ce1-2061f7b42c80@group-F62649F7AF7F-LeaderElection20: begin an election at term 19 for 0: [6a83fe04-c8c3-48c1-8861-8f81e89cd03c:192.168.69.90:44841, 04d05b50-beb8-4841-9ce1-2061f7b42c80:192.168.69.90:35772, 0a72d9f0-d385-4350-a485-113e43f7c69c:192.168.69.90:33827], old=null
2019-10-15 21:54:40,794 [grpc-default-executor-4] INFO  impl.RaftServerImpl (RaftServerImpl.java:setRole(184)) - 6a83fe04-c8c3-48c1-8861-8f81e89cd03c@group-F62649F7AF7F: changes role from  FOLLOWER to FOLLOWER at term 19 for recognizeCandidate:04d05b50-beb8-4841-9ce1-2061f7b42c80
2019-10-15 21:54:40,794 [grpc-default-executor-4] INFO  impl.RoleInfo (RoleInfo.java:shutdownFollowerState(121)) - 6a83fe04-c8c3-48c1-8861-8f81e89cd03c: shutdown FollowerState
2019-10-15 21:54:40,794 [grpc-default-executor-4] INFO  impl.RoleInfo (RoleInfo.java:updateAndGet(143)) - 6a83fe04-c8c3-48c1-8861-8f81e89cd03c: start FollowerState
2019-10-15 21:54:40,795 [Thread-659] INFO  impl.FollowerState (FollowerState.java:run(117)) - 6a83fe04-c8c3-48c1-8861-8f81e89cd03c@group-F62649F7AF7F-FollowerState was interrupted: java.lang.InterruptedException: sleep interrupted
2019-10-15 21:54:40,795 [grpc-default-executor-3] INFO  impl.RaftServerImpl (RaftServerImpl.java:setRole(184)) - 0a72d9f0-d385-4350-a485-113e43f7c69c@group-F62649F7AF7F: changes role from  FOLLOWER to FOLLOWER at term 19 for recognizeCandidate:04d05b50-beb8-4841-9ce1-2061f7b42c80
2019-10-15 21:54:40,795 [grpc-default-executor-3] INFO  impl.RoleInfo (RoleInfo.java:shutdownFollowerState(121)) - 0a72d9f0-d385-4350-a485-113e43f7c69c: shutdown FollowerState
2019-10-15 21:54:40,795 [grpc-default-executor-3] INFO  impl.RoleInfo (RoleInfo.java:updateAndGet(143)) - 0a72d9f0-d385-4350-a485-113e43f7c69c: start FollowerState
2019-10-15 21:54:40,795 [Thread-658] INFO  impl.FollowerState (FollowerState.java:run(117)) - 0a72d9f0-d385-4350-a485-113e43f7c69c@group-F62649F7AF7F-FollowerState was interrupted: java.lang.InterruptedException: sleep interrupted
2019-10-15 21:54:40,802 [EventQueue-PendingDeleteStatusForPendingDeleteHandler] INFO  block.SCMBlockDeletingService (SCMBlockDeletingService.java:handlePendingDeletes(115)) - Block deletion txnID mismatch in datanode 04d05b50-beb8-4841-9ce1-2061f7b42c80 for containerID 1. Datanode delete txnID: 0, SCM txnID: 1
2019-10-15 21:54:40,810 [04d05b50-beb8-4841-9ce1-2061f7b42c80@group-F62649F7AF7F-LeaderElection20] INFO  impl.LeaderElection (LeaderElection.java:logAndReturn(56)) - 04d05b50-beb8-4841-9ce1-2061f7b42c80@group-F62649F7AF7F-LeaderElection20: Election REJECTED; received 2 response(s) [04d05b50-beb8-4841-9ce1-2061f7b42c80<-6a83fe04-c8c3-48c1-8861-8f81e89cd03c#0:FAIL-t19, 04d05b50-beb8-4841-9ce1-2061f7b42c80<-0a72d9f0-d385-4350-a485-113e43f7c69c#0:FAIL-t19] and 0 exception(s); 04d05b50-beb8-4841-9ce1-2061f7b42c80@group-F62649F7AF7F:t19, leader=null, voted=04d05b50-beb8-4841-9ce1-2061f7b42c80, raftlog=04d05b50-beb8-4841-9ce1-2061f7b42c80@group-F62649F7AF7F-SegmentedRaftLog:OPENED:c3,f4,i4, conf=0: [6a83fe04-c8c3-48c1-8861-8f81e89cd03c:192.168.69.90:44841, 04d05b50-beb8-4841-9ce1-2061f7b42c80:192.168.69.90:35772, 0a72d9f0-d385-4350-a485-113e43f7c69c:192.168.69.90:33827], old=null
2019-10-15 21:54:40,811 [04d05b50-beb8-4841-9ce1-2061f7b42c80@group-F62649F7AF7F-LeaderElection20] INFO  impl.RaftServerImpl (RaftServerImpl.java:setRole(184)) - 04d05b50-beb8-4841-9ce1-2061f7b42c80@group-F62649F7AF7F: changes role from CANDIDATE to FOLLOWER at term 19 for DISCOVERED_A_NEW_TERM
2019-10-15 21:54:40,811 [04d05b50-beb8-4841-9ce1-2061f7b42c80@group-F62649F7AF7F-LeaderElection20] INFO  impl.RoleInfo (RoleInfo.java:shutdownLeaderElection(134)) - 04d05b50-beb8-4841-9ce1-2061f7b42c80: shutdown LeaderElection
2019-10-15 21:54:40,811 [04d05b50-beb8-4841-9ce1-2061f7b42c80@group-F62649F7AF7F-LeaderElection20] INFO  impl.RoleInfo (RoleInfo.java:updateAndGet(143)) - 04d05b50-beb8-4841-9ce1-2061f7b42c80: start FollowerState
2019-10-15 21:54:40,838 [Thread-666] INFO  impl.FollowerState (FollowerState.java:run(108)) - 04d05b50-beb8-4841-9ce1-2061f7b42c80@group-F62649F7AF7F-FollowerState: change to CANDIDATE, lastRpcTime:27ms, electionTimeout:27ms
2019-10-15 21:54:40,839 [Thread-666] INFO  impl.RoleInfo (RoleInfo.java:shutdownFollowerState(121)) - 04d05b50-beb8-4841-9ce1-2061f7b42c80: shutdown FollowerState
2019-10-15 21:54:40,839 [Thread-666] INFO  impl.RaftServerImpl (RaftServerImpl.java:setRole(184)) - 04d05b50-beb8-4841-9ce1-2061f7b42c80@group-F62649F7AF7F: changes role from  FOLLOWER to CANDIDATE at term 19 for changeToCandidate
2019-10-15 21:54:40,839 [Thread-666] INFO  impl.RoleInfo (RoleInfo.java:updateAndGet(143)) - 04d05b50-beb8-4841-9ce1-2061f7b42c80: start LeaderElection
2019-10-15 21:54:40,851 [04d05b50-beb8-4841-9ce1-2061f7b42c80@group-F62649F7AF7F-LeaderElection21] INFO  impl.LeaderElection (LeaderElection.java:askForVotes(178)) - 04d05b50-beb8-4841-9ce1-2061f7b42c80@group-F62649F7AF7F-LeaderElection21: begin an election at term 20 for 0: [6a83fe04-c8c3-48c1-8861-8f81e89cd03c:192.168.69.90:44841, 04d05b50-beb8-4841-9ce1-2061f7b42c80:192.168.69.90:35772, 0a72d9f0-d385-4350-a485-113e43f7c69c:192.168.69.90:33827], old=null
2019-10-15 21:54:40,853 [grpc-default-executor-3] INFO  impl.RaftServerImpl (RaftServerImpl.java:setRole(184)) - 6a83fe04-c8c3-48c1-8861-8f81e89cd03c@group-F62649F7AF7F: changes role from  FOLLOWER to FOLLOWER at term 20 for recognizeCandidate:04d05b50-beb8-4841-9ce1-2061f7b42c80
2019-10-15 21:54:40,853 [grpc-default-executor-3] INFO  impl.RoleInfo (RoleInfo.java:shutdownFollowerState(121)) - 6a83fe04-c8c3-48c1-8861-8f81e89cd03c: shutdown FollowerState
2019-10-15 21:54:40,853 [grpc-default-executor-4] INFO  impl.RaftServerImpl (RaftServerImpl.java:setRole(184)) - 0a72d9f0-d385-4350-a485-113e43f7c69c@group-F62649F7AF7F: changes role from  FOLLOWER to FOLLOWER at term 20 for recognizeCandidate:04d05b50-beb8-4841-9ce1-2061f7b42c80
2019-10-15 21:54:40,854 [Thread-664] INFO  impl.FollowerState (FollowerState.java:run(117)) - 6a83fe04-c8c3-48c1-8861-8f81e89cd03c@group-F62649F7AF7F-FollowerState was interrupted: java.lang.InterruptedException: sleep interrupted
2019-10-15 21:54:40,854 [grpc-default-executor-3] INFO  impl.RoleInfo (RoleInfo.java:updateAndGet(143)) - 6a83fe04-c8c3-48c1-8861-8f81e89cd03c: start FollowerState
2019-10-15 21:54:40,854 [grpc-default-executor-4] INFO  impl.RoleInfo (RoleInfo.java:shutdownFollowerState(121)) - 0a72d9f0-d385-4350-a485-113e43f7c69c: shutdown FollowerState
2019-10-15 21:54:40,854 [Thread-665] INFO  impl.FollowerState (FollowerState.java:run(117)) - 0a72d9f0-d385-4350-a485-113e43f7c69c@group-F62649F7AF7F-FollowerState was interrupted: java.lang.InterruptedException: sleep interrupted
2019-10-15 21:54:40,854 [grpc-default-executor-4] INFO  impl.RoleInfo (RoleInfo.java:updateAndGet(143)) - 0a72d9f0-d385-4350-a485-113e43f7c69c: start FollowerState
2019-10-15 21:54:40,877 [04d05b50-beb8-4841-9ce1-2061f7b42c80@group-F62649F7AF7F-LeaderElection21] INFO  impl.LeaderElection (LeaderElection.java:logAndReturn(56)) - 04d05b50-beb8-4841-9ce1-2061f7b42c80@group-F62649F7AF7F-LeaderElection21: Election REJECTED; received 2 response(s) [04d05b50-beb8-4841-9ce1-2061f7b42c80<-6a83fe04-c8c3-48c1-8861-8f81e89cd03c#0:FAIL-t20, 04d05b50-beb8-4841-9ce1-2061f7b42c80<-0a72d9f0-d385-4350-a485-113e43f7c69c#0:FAIL-t20] and 0 exception(s); 04d05b50-beb8-4841-9ce1-2061f7b42c80@group-F62649F7AF7F:t20, leader=null, voted=04d05b50-beb8-4841-9ce1-2061f7b42c80, raftlog=04d05b50-beb8-4841-9ce1-2061f7b42c80@group-F62649F7AF7F-SegmentedRaftLog:OPENED:c3,f4,i4, conf=0: [6a83fe04-c8c3-48c1-8861-8f81e89cd03c:192.168.69.90:44841, 04d05b50-beb8-4841-9ce1-2061f7b42c80:192.168.69.90:35772, 0a72d9f0-d385-4350-a485-113e43f7c69c:192.168.69.90:33827], old=null
2019-10-15 21:54:40,878 [04d05b50-beb8-4841-9ce1-2061f7b42c80@group-F62649F7AF7F-LeaderElection21] INFO  impl.RaftServerImpl (RaftServerImpl.java:setRole(184)) - 04d05b50-beb8-4841-9ce1-2061f7b42c80@group-F62649F7AF7F: changes role from CANDIDATE to FOLLOWER at term 20 for DISCOVERED_A_NEW_TERM
2019-10-15 21:54:40,878 [04d05b50-beb8-4841-9ce1-2061f7b42c80@group-F62649F7AF7F-LeaderElection21] INFO  impl.RoleInfo (RoleInfo.java:shutdownLeaderElection(134)) - 04d05b50-beb8-4841-9ce1-2061f7b42c80: shutdown LeaderElection
2019-10-15 21:54:40,878 [04d05b50-beb8-4841-9ce1-2061f7b42c80@group-F62649F7AF7F-LeaderElection21] INFO  impl.RoleInfo (RoleInfo.java:updateAndGet(143)) - 04d05b50-beb8-4841-9ce1-2061f7b42c80: start FollowerState
2019-10-15 21:54:40,886 [Thread-673] INFO  impl.FollowerState (FollowerState.java:run(108)) - 04d05b50-beb8-4841-9ce1-2061f7b42c80@group-F62649F7AF7F-FollowerState: change to CANDIDATE, lastRpcTime:8ms, electionTimeout:8ms
2019-10-15 21:54:40,887 [Thread-673] INFO  impl.RoleInfo (RoleInfo.java:shutdownFollowerState(121)) - 04d05b50-beb8-4841-9ce1-2061f7b42c80: shutdown FollowerState
2019-10-15 21:54:40,887 [Thread-673] INFO  impl.RaftServerImpl (RaftServerImpl.java:setRole(184)) - 04d05b50-beb8-4841-9ce1-2061f7b42c80@group-F62649F7AF7F: changes role from  FOLLOWER to CANDIDATE at term 20 for changeToCandidate
2019-10-15 21:54:40,887 [Thread-673] INFO  impl.RoleInfo (RoleInfo.java:updateAndGet(143)) - 04d05b50-beb8-4841-9ce1-2061f7b42c80: start LeaderElection
2019-10-15 21:54:40,898 [04d05b50-beb8-4841-9ce1-2061f7b42c80@group-F62649F7AF7F-LeaderElection22] INFO  impl.LeaderElection (LeaderElection.java:askForVotes(178)) - 04d05b50-beb8-4841-9ce1-2061f7b42c80@group-F62649F7AF7F-LeaderElection22: begin an election at term 21 for 0: [6a83fe04-c8c3-48c1-8861-8f81e89cd03c:192.168.69.90:44841, 04d05b50-beb8-4841-9ce1-2061f7b42c80:192.168.69.90:35772, 0a72d9f0-d385-4350-a485-113e43f7c69c:192.168.69.90:33827], old=null
2019-10-15 21:54:40,901 [grpc-default-executor-4] INFO  impl.RaftServerImpl (RaftServerImpl.java:setRole(184)) - 6a83fe04-c8c3-48c1-8861-8f81e89cd03c@group-F62649F7AF7F: changes role from  FOLLOWER to FOLLOWER at term 21 for recognizeCandidate:04d05b50-beb8-4841-9ce1-2061f7b42c80
2019-10-15 21:54:40,901 [grpc-default-executor-4] INFO  impl.RoleInfo (RoleInfo.java:shutdownFollowerState(121)) - 6a83fe04-c8c3-48c1-8861-8f81e89cd03c: shutdown FollowerState
2019-10-15 21:54:40,901 [grpc-default-executor-3] INFO  impl.RaftServerImpl (RaftServerImpl.java:setRole(184)) - 0a72d9f0-d385-4350-a485-113e43f7c69c@group-F62649F7AF7F: changes role from  FOLLOWER to FOLLOWER at term 21 for recognizeCandidate:04d05b50-beb8-4841-9ce1-2061f7b42c80
2019-10-15 21:54:40,901 [grpc-default-executor-3] INFO  impl.RoleInfo (RoleInfo.java:shutdownFollowerState(121)) - 0a72d9f0-d385-4350-a485-113e43f7c69c: shutdown FollowerState
2019-10-15 21:54:40,901 [Thread-671] INFO  impl.FollowerState (FollowerState.java:run(117)) - 6a83fe04-c8c3-48c1-8861-8f81e89cd03c@group-F62649F7AF7F-FollowerState was interrupted: java.lang.InterruptedException: sleep interrupted
2019-10-15 21:54:40,901 [grpc-default-executor-4] INFO  impl.RoleInfo (RoleInfo.java:updateAndGet(143)) - 6a83fe04-c8c3-48c1-8861-8f81e89cd03c: start FollowerState
2019-10-15 21:54:40,901 [Thread-672] INFO  impl.FollowerState (FollowerState.java:run(117)) - 0a72d9f0-d385-4350-a485-113e43f7c69c@group-F62649F7AF7F-FollowerState was interrupted: java.lang.InterruptedException: sleep interrupted
2019-10-15 21:54:40,901 [grpc-default-executor-3] INFO  impl.RoleInfo (RoleInfo.java:updateAndGet(143)) - 0a72d9f0-d385-4350-a485-113e43f7c69c: start FollowerState
2019-10-15 21:54:40,903 [04d05b50-beb8-4841-9ce1-2061f7b42c80@group-F62649F7AF7F-LeaderElection22] INFO  impl.LeaderElection (LeaderElection.java:logAndReturn(56)) - 04d05b50-beb8-4841-9ce1-2061f7b42c80@group-F62649F7AF7F-LeaderElection22: Election TIMEOUT; received 0 response(s) [] and 0 exception(s); 04d05b50-beb8-4841-9ce1-2061f7b42c80@group-F62649F7AF7F:t21, leader=null, voted=04d05b50-beb8-4841-9ce1-2061f7b42c80, raftlog=04d05b50-beb8-4841-9ce1-2061f7b42c80@group-F62649F7AF7F-SegmentedRaftLog:OPENED:c3,f4,i4, conf=0: [6a83fe04-c8c3-48c1-8861-8f81e89cd03c:192.168.69.90:44841, 04d05b50-beb8-4841-9ce1-2061f7b42c80:192.168.69.90:35772, 0a72d9f0-d385-4350-a485-113e43f7c69c:192.168.69.90:33827], old=null
2019-10-15 21:54:40,924 [04d05b50-beb8-4841-9ce1-2061f7b42c80@group-F62649F7AF7F-LeaderElection22] INFO  impl.LeaderElection (LeaderElection.java:askForVotes(178)) - 04d05b50-beb8-4841-9ce1-2061f7b42c80@group-F62649F7AF7F-LeaderElection22: begin an election at term 22 for 0: [6a83fe04-c8c3-48c1-8861-8f81e89cd03c:192.168.69.90:44841, 04d05b50-beb8-4841-9ce1-2061f7b42c80:192.168.69.90:35772, 0a72d9f0-d385-4350-a485-113e43f7c69c:192.168.69.90:33827], old=null
2019-10-15 21:54:40,926 [grpc-default-executor-3] INFO  impl.RaftServerImpl (RaftServerImpl.java:setRole(184)) - 6a83fe04-c8c3-48c1-8861-8f81e89cd03c@group-F62649F7AF7F: changes role from  FOLLOWER to FOLLOWER at term 22 for recognizeCandidate:04d05b50-beb8-4841-9ce1-2061f7b42c80
2019-10-15 21:54:40,926 [grpc-default-executor-3] INFO  impl.RoleInfo (RoleInfo.java:shutdownFollowerState(121)) - 6a83fe04-c8c3-48c1-8861-8f81e89cd03c: shutdown FollowerState
2019-10-15 21:54:40,926 [grpc-default-executor-3] INFO  impl.RoleInfo (RoleInfo.java:updateAndGet(143)) - 6a83fe04-c8c3-48c1-8861-8f81e89cd03c: start FollowerState
2019-10-15 21:54:40,926 [grpc-default-executor-4] INFO  impl.RaftServerImpl (RaftServerImpl.java:setRole(184)) - 0a72d9f0-d385-4350-a485-113e43f7c69c@group-F62649F7AF7F: changes role from  FOLLOWER to FOLLOWER at term 22 for recognizeCandidate:04d05b50-beb8-4841-9ce1-2061f7b42c80
2019-10-15 21:54:40,926 [Thread-677] INFO  impl.FollowerState (FollowerState.java:run(117)) - 6a83fe04-c8c3-48c1-8861-8f81e89cd03c@group-F62649F7AF7F-FollowerState was interrupted: java.lang.InterruptedException: sleep interrupted
2019-10-15 21:54:40,926 [grpc-default-executor-4] INFO  impl.RoleInfo (RoleInfo.java:shutdownFollowerState(121)) - 0a72d9f0-d385-4350-a485-113e43f7c69c: shutdown FollowerState
2019-10-15 21:54:40,927 [Thread-678] INFO  impl.FollowerState (FollowerState.java:run(117)) - 0a72d9f0-d385-4350-a485-113e43f7c69c@group-F62649F7AF7F-FollowerState was interrupted: java.lang.InterruptedException: sleep interrupted
2019-10-15 21:54:40,927 [grpc-default-executor-4] INFO  impl.RoleInfo (RoleInfo.java:updateAndGet(143)) - 0a72d9f0-d385-4350-a485-113e43f7c69c: start FollowerState
2019-10-15 21:54:40,941 [04d05b50-beb8-4841-9ce1-2061f7b42c80@group-F62649F7AF7F-LeaderElection22] INFO  impl.LeaderElection (LeaderElection.java:logAndReturn(56)) - 04d05b50-beb8-4841-9ce1-2061f7b42c80@group-F62649F7AF7F-LeaderElection22: Election REJECTED; received 2 response(s) [04d05b50-beb8-4841-9ce1-2061f7b42c80<-6a83fe04-c8c3-48c1-8861-8f81e89cd03c#0:FAIL-t22, 04d05b50-beb8-4841-9ce1-2061f7b42c80<-0a72d9f0-d385-4350-a485-113e43f7c69c#0:FAIL-t22] and 0 exception(s); 04d05b50-beb8-4841-9ce1-2061f7b42c80@group-F62649F7AF7F:t22, leader=null, voted=04d05b50-beb8-4841-9ce1-2061f7b42c80, raftlog=04d05b50-beb8-4841-9ce1-2061f7b42c80@group-F62649F7AF7F-SegmentedRaftLog:OPENED:c3,f4,i4, conf=0: [6a83fe04-c8c3-48c1-8861-8f81e89cd03c:192.168.69.90:44841, 04d05b50-beb8-4841-9ce1-2061f7b42c80:192.168.69.90:35772, 0a72d9f0-d385-4350-a485-113e43f7c69c:192.168.69.90:33827], old=null
2019-10-15 21:54:40,941 [04d05b50-beb8-4841-9ce1-2061f7b42c80@group-F62649F7AF7F-LeaderElection22] INFO  impl.RaftServerImpl (RaftServerImpl.java:setRole(184)) - 04d05b50-beb8-4841-9ce1-2061f7b42c80@group-F62649F7AF7F: changes role from CANDIDATE to FOLLOWER at term 22 for DISCOVERED_A_NEW_TERM
2019-10-15 21:54:40,941 [04d05b50-beb8-4841-9ce1-2061f7b42c80@group-F62649F7AF7F-LeaderElection22] INFO  impl.RoleInfo (RoleInfo.java:shutdownLeaderElection(134)) - 04d05b50-beb8-4841-9ce1-2061f7b42c80: shutdown LeaderElection
2019-10-15 21:54:40,941 [04d05b50-beb8-4841-9ce1-2061f7b42c80@group-F62649F7AF7F-LeaderElection22] INFO  impl.RoleInfo (RoleInfo.java:updateAndGet(143)) - 04d05b50-beb8-4841-9ce1-2061f7b42c80: start FollowerState
2019-10-15 21:54:40,943 [Thread-683] INFO  impl.FollowerState (FollowerState.java:run(108)) - 04d05b50-beb8-4841-9ce1-2061f7b42c80@group-F62649F7AF7F-FollowerState: change to CANDIDATE, lastRpcTime:1ms, electionTimeout:1ms
2019-10-15 21:54:40,943 [Thread-683] INFO  impl.RoleInfo (RoleInfo.java:shutdownFollowerState(121)) - 04d05b50-beb8-4841-9ce1-2061f7b42c80: shutdown FollowerState
2019-10-15 21:54:40,943 [Thread-683] INFO  impl.RaftServerImpl (RaftServerImpl.java:setRole(184)) - 04d05b50-beb8-4841-9ce1-2061f7b42c80@group-F62649F7AF7F: changes role from  FOLLOWER to CANDIDATE at term 22 for changeToCandidate
2019-10-15 21:54:40,943 [Thread-683] INFO  impl.RoleInfo (RoleInfo.java:updateAndGet(143)) - 04d05b50-beb8-4841-9ce1-2061f7b42c80: start LeaderElection
2019-10-15 21:54:40,954 [04d05b50-beb8-4841-9ce1-2061f7b42c80@group-F62649F7AF7F-LeaderElection23] INFO  impl.LeaderElection (LeaderElection.java:askForVotes(178)) - 04d05b50-beb8-4841-9ce1-2061f7b42c80@group-F62649F7AF7F-LeaderElection23: begin an election at term 23 for 0: [6a83fe04-c8c3-48c1-8861-8f81e89cd03c:192.168.69.90:44841, 04d05b50-beb8-4841-9ce1-2061f7b42c80:192.168.69.90:35772, 0a72d9f0-d385-4350-a485-113e43f7c69c:192.168.69.90:33827], old=null
2019-10-15 21:54:40,957 [grpc-default-executor-3] INFO  impl.RaftServerImpl (RaftServerImpl.java:setRole(184)) - 6a83fe04-c8c3-48c1-8861-8f81e89cd03c@group-F62649F7AF7F: changes role from  FOLLOWER to FOLLOWER at term 23 for recognizeCandidate:04d05b50-beb8-4841-9ce1-2061f7b42c80
2019-10-15 21:54:40,957 [grpc-default-executor-4] INFO  impl.RaftServerImpl (RaftServerImpl.java:setRole(184)) - 0a72d9f0-d385-4350-a485-113e43f7c69c@group-F62649F7AF7F: changes role from  FOLLOWER to FOLLOWER at term 23 for recognizeCandidate:04d05b50-beb8-4841-9ce1-2061f7b42c80
2019-10-15 21:54:40,957 [grpc-default-executor-3] INFO  impl.RoleInfo (RoleInfo.java:shutdownFollowerState(121)) - 6a83fe04-c8c3-48c1-8861-8f81e89cd03c: shutdown FollowerState
2019-10-15 21:54:40,957 [grpc-default-executor-4] INFO  impl.RoleInfo (RoleInfo.java:shutdownFollowerState(121)) - 0a72d9f0-d385-4350-a485-113e43f7c69c: shutdown FollowerState
2019-10-15 21:54:40,957 [Thread-681] INFO  impl.FollowerState (FollowerState.java:run(117)) - 6a83fe04-c8c3-48c1-8861-8f81e89cd03c@group-F62649F7AF7F-FollowerState was interrupted: java.lang.InterruptedException: sleep interrupted
2019-10-15 21:54:40,957 [grpc-default-executor-3] INFO  impl.RoleInfo (RoleInfo.java:updateAndGet(143)) - 6a83fe04-c8c3-48c1-8861-8f81e89cd03c: start FollowerState
2019-10-15 21:54:40,957 [grpc-default-executor-4] INFO  impl.RoleInfo (RoleInfo.java:updateAndGet(143)) - 0a72d9f0-d385-4350-a485-113e43f7c69c: start FollowerState
2019-10-15 21:54:40,957 [Thread-682] INFO  impl.FollowerState (FollowerState.java:run(117)) - 0a72d9f0-d385-4350-a485-113e43f7c69c@group-F62649F7AF7F-FollowerState was interrupted: java.lang.InterruptedException: sleep interrupted
2019-10-15 21:54:40,975 [04d05b50-beb8-4841-9ce1-2061f7b42c80@group-F62649F7AF7F-LeaderElection23] INFO  impl.LeaderElection (LeaderElection.java:logAndReturn(56)) - 04d05b50-beb8-4841-9ce1-2061f7b42c80@group-F62649F7AF7F-LeaderElection23: Election REJECTED; received 2 response(s) [04d05b50-beb8-4841-9ce1-2061f7b42c80<-6a83fe04-c8c3-48c1-8861-8f81e89cd03c#0:FAIL-t23, 04d05b50-beb8-4841-9ce1-2061f7b42c80<-0a72d9f0-d385-4350-a485-113e43f7c69c#0:FAIL-t23] and 0 exception(s); 04d05b50-beb8-4841-9ce1-2061f7b42c80@group-F62649F7AF7F:t23, leader=null, voted=04d05b50-beb8-4841-9ce1-2061f7b42c80, raftlog=04d05b50-beb8-4841-9ce1-2061f7b42c80@group-F62649F7AF7F-SegmentedRaftLog:OPENED:c3,f4,i4, conf=0: [6a83fe04-c8c3-48c1-8861-8f81e89cd03c:192.168.69.90:44841, 04d05b50-beb8-4841-9ce1-2061f7b42c80:192.168.69.90:35772, 0a72d9f0-d385-4350-a485-113e43f7c69c:192.168.69.90:33827], old=null
2019-10-15 21:54:40,975 [04d05b50-beb8-4841-9ce1-2061f7b42c80@group-F62649F7AF7F-LeaderElection23] INFO  impl.RaftServerImpl (RaftServerImpl.java:setRole(184)) - 04d05b50-beb8-4841-9ce1-2061f7b42c80@group-F62649F7AF7F: changes role from CANDIDATE to FOLLOWER at term 23 for DISCOVERED_A_NEW_TERM
2019-10-15 21:54:40,975 [04d05b50-beb8-4841-9ce1-2061f7b42c80@group-F62649F7AF7F-LeaderElection23] INFO  impl.RoleInfo (RoleInfo.java:shutdownLeaderElection(134)) - 04d05b50-beb8-4841-9ce1-2061f7b42c80: shutdown LeaderElection
2019-10-15 21:54:40,975 [04d05b50-beb8-4841-9ce1-2061f7b42c80@group-F62649F7AF7F-LeaderElection23] INFO  impl.RoleInfo (RoleInfo.java:updateAndGet(143)) - 04d05b50-beb8-4841-9ce1-2061f7b42c80: start FollowerState
2019-10-15 21:54:40,986 [Thread-689] INFO  impl.FollowerState (FollowerState.java:run(108)) - 04d05b50-beb8-4841-9ce1-2061f7b42c80@group-F62649F7AF7F-FollowerState: change to CANDIDATE, lastRpcTime:10ms, electionTimeout:10ms
2019-10-15 21:54:40,986 [Thread-689] INFO  impl.RoleInfo (RoleInfo.java:shutdownFollowerState(121)) - 04d05b50-beb8-4841-9ce1-2061f7b42c80: shutdown FollowerState
2019-10-15 21:54:40,986 [Thread-689] INFO  impl.RaftServerImpl (RaftServerImpl.java:setRole(184)) - 04d05b50-beb8-4841-9ce1-2061f7b42c80@group-F62649F7AF7F: changes role from  FOLLOWER to CANDIDATE at term 23 for changeToCandidate
2019-10-15 21:54:40,986 [Thread-689] INFO  impl.RoleInfo (RoleInfo.java:updateAndGet(143)) - 04d05b50-beb8-4841-9ce1-2061f7b42c80: start LeaderElection
2019-10-15 21:54:40,998 [pool-7-thread-2] INFO  commands.RetriableDatanodeEventWatcher (RetriableDatanodeEventWatcher.java:onTimeout(47)) - RetriableDatanodeCommand type=deleteBlocksCommand with id=1571176475866 timed out. Retrying.
2019-10-15 21:54:40,999 [SCMBlockDeletingService#1] INFO  block.SCMBlockDeletingService (SCMBlockDeletingService.java:call(184)) - Totally added 1 delete blocks command for 1 datanodes, task elapsed time: 1ms
2019-10-15 21:54:40,999 [pool-7-thread-4] INFO  commands.RetriableDatanodeEventWatcher (RetriableDatanodeEventWatcher.java:onTimeout(47)) - RetriableDatanodeCommand type=deleteBlocksCommand with id=1571176475868 timed out. Retrying.
2019-10-15 21:54:40,999 [pool-7-thread-3] INFO  commands.RetriableDatanodeEventWatcher (RetriableDatanodeEventWatcher.java:onTimeout(47)) - RetriableDatanodeCommand type=deleteBlocksCommand with id=1571176475869 timed out. Retrying.
2019-10-15 21:54:40,999 [pool-7-thread-1] INFO  commands.RetriableDatanodeEventWatcher (RetriableDatanodeEventWatcher.java:onTimeout(47)) - RetriableDatanodeCommand type=deleteBlocksCommand with id=1571176475867 timed out. Retrying.
2019-10-15 21:54:40,999 [pool-7-thread-5] INFO  commands.RetriableDatanodeEventWatcher (RetriableDatanodeEventWatcher.java:onTimeout(47)) - RetriableDatanodeCommand type=deleteBlocksCommand with id=1571176475864 timed out. Retrying.
2019-10-15 21:54:41,013 [04d05b50-beb8-4841-9ce1-2061f7b42c80@group-F62649F7AF7F-LeaderElection24] INFO  impl.LeaderElection (LeaderElection.java:askForVotes(178)) - 04d05b50-beb8-4841-9ce1-2061f7b42c80@group-F62649F7AF7F-LeaderElection24: begin an election at term 24 for 0: [6a83fe04-c8c3-48c1-8861-8f81e89cd03c:192.168.69.90:44841, 04d05b50-beb8-4841-9ce1-2061f7b42c80:192.168.69.90:35772, 0a72d9f0-d385-4350-a485-113e43f7c69c:192.168.69.90:33827], old=null
2019-10-15 21:54:41,015 [grpc-default-executor-3] INFO  impl.RaftServerImpl (RaftServerImpl.java:setRole(184)) - 6a83fe04-c8c3-48c1-8861-8f81e89cd03c@group-F62649F7AF7F: changes role from  FOLLOWER to FOLLOWER at term 24 for recognizeCandidate:04d05b50-beb8-4841-9ce1-2061f7b42c80
2019-10-15 21:54:41,015 [grpc-default-executor-3] INFO  impl.RoleInfo (RoleInfo.java:shutdownFollowerState(121)) - 6a83fe04-c8c3-48c1-8861-8f81e89cd03c: shutdown FollowerState
2019-10-15 21:54:41,015 [grpc-default-executor-3] INFO  impl.RoleInfo (RoleInfo.java:updateAndGet(143)) - 6a83fe04-c8c3-48c1-8861-8f81e89cd03c: start FollowerState
2019-10-15 21:54:41,015 [grpc-default-executor-4] INFO  impl.RaftServerImpl (RaftServerImpl.java:setRole(184)) - 0a72d9f0-d385-4350-a485-113e43f7c69c@group-F62649F7AF7F: changes role from  FOLLOWER to FOLLOWER at term 24 for recognizeCandidate:04d05b50-beb8-4841-9ce1-2061f7b42c80
2019-10-15 21:54:41,015 [grpc-default-executor-4] INFO  impl.RoleInfo (RoleInfo.java:shutdownFollowerState(121)) - 0a72d9f0-d385-4350-a485-113e43f7c69c: shutdown FollowerState
2019-10-15 21:54:41,015 [Thread-687] INFO  impl.FollowerState (FollowerState.java:run(117)) - 6a83fe04-c8c3-48c1-8861-8f81e89cd03c@group-F62649F7AF7F-FollowerState was interrupted: java.lang.InterruptedException: sleep interrupted
2019-10-15 21:54:41,016 [grpc-default-executor-4] INFO  impl.RoleInfo (RoleInfo.java:updateAndGet(143)) - 0a72d9f0-d385-4350-a485-113e43f7c69c: start FollowerState
2019-10-15 21:54:41,016 [Thread-688] INFO  impl.FollowerState (FollowerState.java:run(117)) - 0a72d9f0-d385-4350-a485-113e43f7c69c@group-F62649F7AF7F-FollowerState was interrupted: java.lang.InterruptedException: sleep interrupted
2019-10-15 21:54:41,039 [Thread-696] INFO  client.GrpcClientProtocolService (GrpcClientProtocolService.java:lambda$processClientRequest$0(278)) - Failed RaftClientRequest:client-92BC3EC04FB4->04d05b50-beb8-4841-9ce1-2061f7b42c80@group-F62649F7AF7F, cid=10, seq=0, Watch-ALL_COMMITTED(6), Message:<EMPTY>, reply=RaftClientReply:client-92BC3EC04FB4->04d05b50-beb8-4841-9ce1-2061f7b42c80@group-F62649F7AF7F, cid=10, FAILED org.apache.ratis.protocol.NotLeaderException: Server 04d05b50-beb8-4841-9ce1-2061f7b42c80@group-F62649F7AF7F is not the leader, logIndex=0, commits[04d05b50-beb8-4841-9ce1-2061f7b42c80:c3]
2019-10-15 21:54:41,046 [04d05b50-beb8-4841-9ce1-2061f7b42c80@group-F62649F7AF7F-LeaderElection24] INFO  impl.LeaderElection (LeaderElection.java:logAndReturn(56)) - 04d05b50-beb8-4841-9ce1-2061f7b42c80@group-F62649F7AF7F-LeaderElection24: Election REJECTED; received 2 response(s) [04d05b50-beb8-4841-9ce1-2061f7b42c80<-6a83fe04-c8c3-48c1-8861-8f81e89cd03c#0:FAIL-t24, 04d05b50-beb8-4841-9ce1-2061f7b42c80<-0a72d9f0-d385-4350-a485-113e43f7c69c#0:FAIL-t24] and 0 exception(s); 04d05b50-beb8-4841-9ce1-2061f7b42c80@group-F62649F7AF7F:t24, leader=null, voted=04d05b50-beb8-4841-9ce1-2061f7b42c80, raftlog=04d05b50-beb8-4841-9ce1-2061f7b42c80@group-F62649F7AF7F-SegmentedRaftLog:OPENED:c3,f4,i4, conf=0: [6a83fe04-c8c3-48c1-8861-8f81e89cd03c:192.168.69.90:44841, 04d05b50-beb8-4841-9ce1-2061f7b42c80:192.168.69.90:35772, 0a72d9f0-d385-4350-a485-113e43f7c69c:192.168.69.90:33827], old=null
2019-10-15 21:54:41,046 [04d05b50-beb8-4841-9ce1-2061f7b42c80@group-F62649F7AF7F-LeaderElection24] INFO  impl.RaftServerImpl (RaftServerImpl.java:setRole(184)) - 04d05b50-beb8-4841-9ce1-2061f7b42c80@group-F62649F7AF7F: changes role from CANDIDATE to FOLLOWER at term 24 for DISCOVERED_A_NEW_TERM
2019-10-15 21:54:41,046 [04d05b50-beb8-4841-9ce1-2061f7b42c80@group-F62649F7AF7F-LeaderElection24] INFO  impl.RoleInfo (RoleInfo.java:shutdownLeaderElection(134)) - 04d05b50-beb8-4841-9ce1-2061f7b42c80: shutdown LeaderElection
2019-10-15 21:54:41,046 [04d05b50-beb8-4841-9ce1-2061f7b42c80@group-F62649F7AF7F-LeaderElection24] INFO  impl.RoleInfo (RoleInfo.java:updateAndGet(143)) - 04d05b50-beb8-4841-9ce1-2061f7b42c80: start FollowerState
2019-10-15 21:54:41,059 [Thread-698] INFO  impl.FollowerState (FollowerState.java:run(108)) - 04d05b50-beb8-4841-9ce1-2061f7b42c80@group-F62649F7AF7F-FollowerState: change to CANDIDATE, lastRpcTime:12ms, electionTimeout:11ms
2019-10-15 21:54:41,059 [Thread-698] INFO  impl.RoleInfo (RoleInfo.java:shutdownFollowerState(121)) - 04d05b50-beb8-4841-9ce1-2061f7b42c80: shutdown FollowerState
2019-10-15 21:54:41,059 [Thread-698] INFO  impl.RaftServerImpl (RaftServerImpl.java:setRole(184)) - 04d05b50-beb8-4841-9ce1-2061f7b42c80@group-F62649F7AF7F: changes role from  FOLLOWER to CANDIDATE at term 24 for changeToCandidate
2019-10-15 21:54:41,059 [Thread-698] INFO  impl.RoleInfo (RoleInfo.java:updateAndGet(143)) - 04d05b50-beb8-4841-9ce1-2061f7b42c80: start LeaderElection
2019-10-15 21:54:41,072 [04d05b50-beb8-4841-9ce1-2061f7b42c80@group-F62649F7AF7F-LeaderElection25] INFO  impl.LeaderElection (LeaderElection.java:askForVotes(178)) - 04d05b50-beb8-4841-9ce1-2061f7b42c80@group-F62649F7AF7F-LeaderElection25: begin an election at term 25 for 0: [6a83fe04-c8c3-48c1-8861-8f81e89cd03c:192.168.69.90:44841, 04d05b50-beb8-4841-9ce1-2061f7b42c80:192.168.69.90:35772, 0a72d9f0-d385-4350-a485-113e43f7c69c:192.168.69.90:33827], old=null
2019-10-15 21:54:41,075 [grpc-default-executor-3] INFO  impl.RaftServerImpl (RaftServerImpl.java:setRole(184)) - 6a83fe04-c8c3-48c1-8861-8f81e89cd03c@group-F62649F7AF7F: changes role from  FOLLOWER to FOLLOWER at term 25 for recognizeCandidate:04d05b50-beb8-4841-9ce1-2061f7b42c80
2019-10-15 21:54:41,075 [grpc-default-executor-4] INFO  impl.RaftServerImpl (RaftServerImpl.java:setRole(184)) - 0a72d9f0-d385-4350-a485-113e43f7c69c@group-F62649F7AF7F: changes role from  FOLLOWER to FOLLOWER at term 25 for recognizeCandidate:04d05b50-beb8-4841-9ce1-2061f7b42c80
2019-10-15 21:54:41,075 [grpc-default-executor-3] INFO  impl.RoleInfo (RoleInfo.java:shutdownFollowerState(121)) - 6a83fe04-c8c3-48c1-8861-8f81e89cd03c: shutdown FollowerState
2019-10-15 21:54:41,075 [grpc-default-executor-4] INFO  impl.RoleInfo (RoleInfo.java:shutdownFollowerState(121)) - 0a72d9f0-d385-4350-a485-113e43f7c69c: shutdown FollowerState
2019-10-15 21:54:41,075 [Thread-693] INFO  impl.FollowerState (FollowerState.java:run(117)) - 6a83fe04-c8c3-48c1-8861-8f81e89cd03c@group-F62649F7AF7F-FollowerState was interrupted: java.lang.InterruptedException: sleep interrupted
2019-10-15 21:54:41,075 [grpc-default-executor-4] INFO  impl.RoleInfo (RoleInfo.java:updateAndGet(143)) - 0a72d9f0-d385-4350-a485-113e43f7c69c: start FollowerState
2019-10-15 21:54:41,075 [grpc-default-executor-3] INFO  impl.RoleInfo (RoleInfo.java:updateAndGet(143)) - 6a83fe04-c8c3-48c1-8861-8f81e89cd03c: start FollowerState
2019-10-15 21:54:41,075 [Thread-694] INFO  impl.FollowerState (FollowerState.java:run(117)) - 0a72d9f0-d385-4350-a485-113e43f7c69c@group-F62649F7AF7F-FollowerState was interrupted: java.lang.InterruptedException: sleep interrupted
2019-10-15 21:54:41,102 [04d05b50-beb8-4841-9ce1-2061f7b42c80@group-F62649F7AF7F-LeaderElection25] INFO  impl.LeaderElection (LeaderElection.java:logAndReturn(56)) - 04d05b50-beb8-4841-9ce1-2061f7b42c80@group-F62649F7AF7F-LeaderElection25: Election REJECTED; received 2 response(s) [04d05b50-beb8-4841-9ce1-2061f7b42c80<-6a83fe04-c8c3-48c1-8861-8f81e89cd03c#0:FAIL-t25, 04d05b50-beb8-4841-9ce1-2061f7b42c80<-0a72d9f0-d385-4350-a485-113e43f7c69c#0:FAIL-t25] and 0 exception(s); 04d05b50-beb8-4841-9ce1-2061f7b42c80@group-F62649F7AF7F:t25, leader=null, voted=04d05b50-beb8-4841-9ce1-2061f7b42c80, raftlog=04d05b50-beb8-4841-9ce1-2061f7b42c80@group-F62649F7AF7F-SegmentedRaftLog:OPENED:c3,f4,i4, conf=0: [6a83fe04-c8c3-48c1-8861-8f81e89cd03c:192.168.69.90:44841, 04d05b50-beb8-4841-9ce1-2061f7b42c80:192.168.69.90:35772, 0a72d9f0-d385-4350-a485-113e43f7c69c:192.168.69.90:33827], old=null
2019-10-15 21:54:41,103 [04d05b50-beb8-4841-9ce1-2061f7b42c80@group-F62649F7AF7F-LeaderElection25] INFO  impl.RaftServerImpl (RaftServerImpl.java:setRole(184)) - 04d05b50-beb8-4841-9ce1-2061f7b42c80@group-F62649F7AF7F: changes role from CANDIDATE to FOLLOWER at term 25 for DISCOVERED_A_NEW_TERM
2019-10-15 21:54:41,103 [04d05b50-beb8-4841-9ce1-2061f7b42c80@group-F62649F7AF7F-LeaderElection25] INFO  impl.RoleInfo (RoleInfo.java:shutdownLeaderElection(134)) - 04d05b50-beb8-4841-9ce1-2061f7b42c80: shutdown LeaderElection
2019-10-15 21:54:41,103 [04d05b50-beb8-4841-9ce1-2061f7b42c80@group-F62649F7AF7F-LeaderElection25] INFO  impl.RoleInfo (RoleInfo.java:updateAndGet(143)) - 04d05b50-beb8-4841-9ce1-2061f7b42c80: start FollowerState
2019-10-15 21:54:41,197 [Thread-704] INFO  impl.FollowerState (FollowerState.java:run(108)) - 04d05b50-beb8-4841-9ce1-2061f7b42c80@group-F62649F7AF7F-FollowerState: change to CANDIDATE, lastRpcTime:94ms, electionTimeout:94ms
2019-10-15 21:54:41,197 [Thread-704] INFO  impl.RoleInfo (RoleInfo.java:shutdownFollowerState(121)) - 04d05b50-beb8-4841-9ce1-2061f7b42c80: shutdown FollowerState
2019-10-15 21:54:41,198 [Thread-704] INFO  impl.RaftServerImpl (RaftServerImpl.java:setRole(184)) - 04d05b50-beb8-4841-9ce1-2061f7b42c80@group-F62649F7AF7F: changes role from  FOLLOWER to CANDIDATE at term 25 for changeToCandidate
2019-10-15 21:54:41,198 [Thread-704] INFO  impl.RoleInfo (RoleInfo.java:updateAndGet(143)) - 04d05b50-beb8-4841-9ce1-2061f7b42c80: start LeaderElection
2019-10-15 21:54:41,211 [04d05b50-beb8-4841-9ce1-2061f7b42c80@group-F62649F7AF7F-LeaderElection26] INFO  impl.LeaderElection (LeaderElection.java:askForVotes(178)) - 04d05b50-beb8-4841-9ce1-2061f7b42c80@group-F62649F7AF7F-LeaderElection26: begin an election at term 26 for 0: [6a83fe04-c8c3-48c1-8861-8f81e89cd03c:192.168.69.90:44841, 04d05b50-beb8-4841-9ce1-2061f7b42c80:192.168.69.90:35772, 0a72d9f0-d385-4350-a485-113e43f7c69c:192.168.69.90:33827], old=null
2019-10-15 21:54:41,214 [grpc-default-executor-3] INFO  impl.RaftServerImpl (RaftServerImpl.java:setRole(184)) - 6a83fe04-c8c3-48c1-8861-8f81e89cd03c@group-F62649F7AF7F: changes role from  FOLLOWER to FOLLOWER at term 26 for recognizeCandidate:04d05b50-beb8-4841-9ce1-2061f7b42c80
2019-10-15 21:54:41,214 [grpc-default-executor-4] INFO  impl.RaftServerImpl (RaftServerImpl.java:setRole(184)) - 0a72d9f0-d385-4350-a485-113e43f7c69c@group-F62649F7AF7F: changes role from  FOLLOWER to FOLLOWER at term 26 for recognizeCandidate:04d05b50-beb8-4841-9ce1-2061f7b42c80
2019-10-15 21:54:41,214 [grpc-default-executor-4] INFO  impl.RoleInfo (RoleInfo.java:shutdownFollowerState(121)) - 0a72d9f0-d385-4350-a485-113e43f7c69c: shutdown FollowerState
2019-10-15 21:54:41,214 [grpc-default-executor-3] INFO  impl.RoleInfo (RoleInfo.java:shutdownFollowerState(121)) - 6a83fe04-c8c3-48c1-8861-8f81e89cd03c: shutdown FollowerState
2019-10-15 21:54:41,214 [grpc-default-executor-4] INFO  impl.RoleInfo (RoleInfo.java:updateAndGet(143)) - 0a72d9f0-d385-4350-a485-113e43f7c69c: start FollowerState
2019-10-15 21:54:41,214 [Thread-703] INFO  impl.FollowerState (FollowerState.java:run(117)) - 0a72d9f0-d385-4350-a485-113e43f7c69c@group-F62649F7AF7F-FollowerState was interrupted: java.lang.InterruptedException: sleep interrupted
2019-10-15 21:54:41,214 [Thread-702] INFO  impl.FollowerState (FollowerState.java:run(117)) - 6a83fe04-c8c3-48c1-8861-8f81e89cd03c@group-F62649F7AF7F-FollowerState was interrupted: java.lang.InterruptedException: sleep interrupted
2019-10-15 21:54:41,214 [grpc-default-executor-3] INFO  impl.RoleInfo (RoleInfo.java:updateAndGet(143)) - 6a83fe04-c8c3-48c1-8861-8f81e89cd03c: start FollowerState
2019-10-15 21:54:41,227 [BlockDeletingService#2] WARN  background.BlockDeletingService (BlockDeletingService.java:isDeletionAllowed(187)) - Close Container log Index 6 is not replicated across allthe servers in the pipeline 4353dad5-98e9-4a09-96de-f62649f7af7f as the min replicated index is 4. Deletion is not allowed in this container yet.
2019-10-15 21:54:41,227 [BlockDeletingService#2] WARN  background.BlockDeletingService (BlockDeletingService.java:isDeletionAllowed(187)) - Close Container log Index 6 is not replicated across allthe servers in the pipeline 4353dad5-98e9-4a09-96de-f62649f7af7f as the min replicated index is 4. Deletion is not allowed in this container yet.
2019-10-15 21:54:41,235 [04d05b50-beb8-4841-9ce1-2061f7b42c80@group-F62649F7AF7F-LeaderElection26] INFO  impl.LeaderElection (LeaderElection.java:logAndReturn(56)) - 04d05b50-beb8-4841-9ce1-2061f7b42c80@group-F62649F7AF7F-LeaderElection26: Election REJECTED; received 2 response(s) [04d05b50-beb8-4841-9ce1-2061f7b42c80<-6a83fe04-c8c3-48c1-8861-8f81e89cd03c#0:FAIL-t26, 04d05b50-beb8-4841-9ce1-2061f7b42c80<-0a72d9f0-d385-4350-a485-113e43f7c69c#0:FAIL-t26] and 0 exception(s); 04d05b50-beb8-4841-9ce1-2061f7b42c80@group-F62649F7AF7F:t26, leader=null, voted=04d05b50-beb8-4841-9ce1-2061f7b42c80, raftlog=04d05b50-beb8-4841-9ce1-2061f7b42c80@group-F62649F7AF7F-SegmentedRaftLog:OPENED:c3,f4,i4, conf=0: [6a83fe04-c8c3-48c1-8861-8f81e89cd03c:192.168.69.90:44841, 04d05b50-beb8-4841-9ce1-2061f7b42c80:192.168.69.90:35772, 0a72d9f0-d385-4350-a485-113e43f7c69c:192.168.69.90:33827], old=null
2019-10-15 21:54:41,235 [04d05b50-beb8-4841-9ce1-2061f7b42c80@group-F62649F7AF7F-LeaderElection26] INFO  impl.RaftServerImpl (RaftServerImpl.java:setRole(184)) - 04d05b50-beb8-4841-9ce1-2061f7b42c80@group-F62649F7AF7F: changes role from CANDIDATE to FOLLOWER at term 26 for DISCOVERED_A_NEW_TERM
2019-10-15 21:54:41,235 [04d05b50-beb8-4841-9ce1-2061f7b42c80@group-F62649F7AF7F-LeaderElection26] INFO  impl.RoleInfo (RoleInfo.java:shutdownLeaderElection(134)) - 04d05b50-beb8-4841-9ce1-2061f7b42c80: shutdown LeaderElection
2019-10-15 21:54:41,235 [04d05b50-beb8-4841-9ce1-2061f7b42c80@group-F62649F7AF7F-LeaderElection26] INFO  impl.RoleInfo (RoleInfo.java:updateAndGet(143)) - 04d05b50-beb8-4841-9ce1-2061f7b42c80: start FollowerState
2019-10-15 21:54:41,314 [Thread-712] INFO  impl.FollowerState (FollowerState.java:run(108)) - 04d05b50-beb8-4841-9ce1-2061f7b42c80@group-F62649F7AF7F-FollowerState: change to CANDIDATE, lastRpcTime:78ms, electionTimeout:78ms
2019-10-15 21:54:41,314 [Thread-712] INFO  impl.RoleInfo (RoleInfo.java:shutdownFollowerState(121)) - 04d05b50-beb8-4841-9ce1-2061f7b42c80: shutdown FollowerState
2019-10-15 21:54:41,314 [Thread-712] INFO  impl.RaftServerImpl (RaftServerImpl.java:setRole(184)) - 04d05b50-beb8-4841-9ce1-2061f7b42c80@group-F62649F7AF7F: changes role from  FOLLOWER to CANDIDATE at term 26 for changeToCandidate
2019-10-15 21:54:41,314 [Thread-712] INFO  impl.RoleInfo (RoleInfo.java:updateAndGet(143)) - 04d05b50-beb8-4841-9ce1-2061f7b42c80: start LeaderElection
2019-10-15 21:54:41,347 [04d05b50-beb8-4841-9ce1-2061f7b42c80@group-F62649F7AF7F-LeaderElection27] INFO  impl.LeaderElection (LeaderElection.java:askForVotes(178)) - 04d05b50-beb8-4841-9ce1-2061f7b42c80@group-F62649F7AF7F-LeaderElection27: begin an election at term 27 for 0: [6a83fe04-c8c3-48c1-8861-8f81e89cd03c:192.168.69.90:44841, 04d05b50-beb8-4841-9ce1-2061f7b42c80:192.168.69.90:35772, 0a72d9f0-d385-4350-a485-113e43f7c69c:192.168.69.90:33827], old=null
2019-10-15 21:54:41,350 [grpc-default-executor-4] INFO  impl.RaftServerImpl (RaftServerImpl.java:setRole(184)) - 0a72d9f0-d385-4350-a485-113e43f7c69c@group-F62649F7AF7F: changes role from  FOLLOWER to FOLLOWER at term 27 for recognizeCandidate:04d05b50-beb8-4841-9ce1-2061f7b42c80
2019-10-15 21:54:41,350 [grpc-default-executor-3] INFO  impl.RaftServerImpl (RaftServerImpl.java:setRole(184)) - 6a83fe04-c8c3-48c1-8861-8f81e89cd03c@group-F62649F7AF7F: changes role from  FOLLOWER to FOLLOWER at term 27 for recognizeCandidate:04d05b50-beb8-4841-9ce1-2061f7b42c80
2019-10-15 21:54:41,350 [grpc-default-executor-4] INFO  impl.RoleInfo (RoleInfo.java:shutdownFollowerState(121)) - 0a72d9f0-d385-4350-a485-113e43f7c69c: shutdown FollowerState
2019-10-15 21:54:41,351 [grpc-default-executor-3] INFO  impl.RoleInfo (RoleInfo.java:shutdownFollowerState(121)) - 6a83fe04-c8c3-48c1-8861-8f81e89cd03c: shutdown FollowerState
2019-10-15 21:54:41,351 [Thread-708] INFO  impl.FollowerState (FollowerState.java:run(117)) - 0a72d9f0-d385-4350-a485-113e43f7c69c@group-F62649F7AF7F-FollowerState was interrupted: java.lang.InterruptedException: sleep interrupted
2019-10-15 21:54:41,351 [grpc-default-executor-4] INFO  impl.RoleInfo (RoleInfo.java:updateAndGet(143)) - 0a72d9f0-d385-4350-a485-113e43f7c69c: start FollowerState
2019-10-15 21:54:41,351 [Thread-709] INFO  impl.FollowerState (FollowerState.java:run(117)) - 6a83fe04-c8c3-48c1-8861-8f81e89cd03c@group-F62649F7AF7F-FollowerState was interrupted: java.lang.InterruptedException: sleep interrupted
2019-10-15 21:54:41,351 [grpc-default-executor-3] INFO  impl.RoleInfo (RoleInfo.java:updateAndGet(143)) - 6a83fe04-c8c3-48c1-8861-8f81e89cd03c: start FollowerState
2019-10-15 21:54:41,382 [04d05b50-beb8-4841-9ce1-2061f7b42c80@group-F62649F7AF7F-LeaderElection27] INFO  impl.LeaderElection (LeaderElection.java:logAndReturn(56)) - 04d05b50-beb8-4841-9ce1-2061f7b42c80@group-F62649F7AF7F-LeaderElection27: Election TIMEOUT; received 0 response(s) [] and 0 exception(s); 04d05b50-beb8-4841-9ce1-2061f7b42c80@group-F62649F7AF7F:t27, leader=null, voted=04d05b50-beb8-4841-9ce1-2061f7b42c80, raftlog=04d05b50-beb8-4841-9ce1-2061f7b42c80@group-F62649F7AF7F-SegmentedRaftLog:OPENED:c3,f4,i4, conf=0: [6a83fe04-c8c3-48c1-8861-8f81e89cd03c:192.168.69.90:44841, 04d05b50-beb8-4841-9ce1-2061f7b42c80:192.168.69.90:35772, 0a72d9f0-d385-4350-a485-113e43f7c69c:192.168.69.90:33827], old=null
2019-10-15 21:54:41,396 [04d05b50-beb8-4841-9ce1-2061f7b42c80@group-F62649F7AF7F-LeaderElection27] INFO  impl.LeaderElection (LeaderElection.java:askForVotes(178)) - 04d05b50-beb8-4841-9ce1-2061f7b42c80@group-F62649F7AF7F-LeaderElection27: begin an election at term 28 for 0: [6a83fe04-c8c3-48c1-8861-8f81e89cd03c:192.168.69.90:44841, 04d05b50-beb8-4841-9ce1-2061f7b42c80:192.168.69.90:35772, 0a72d9f0-d385-4350-a485-113e43f7c69c:192.168.69.90:33827], old=null
2019-10-15 21:54:41,399 [grpc-default-executor-4] INFO  impl.RaftServerImpl (RaftServerImpl.java:setRole(184)) - 6a83fe04-c8c3-48c1-8861-8f81e89cd03c@group-F62649F7AF7F: changes role from  FOLLOWER to FOLLOWER at term 28 for recognizeCandidate:04d05b50-beb8-4841-9ce1-2061f7b42c80
2019-10-15 21:54:41,399 [grpc-default-executor-3] INFO  impl.RaftServerImpl (RaftServerImpl.java:setRole(184)) - 0a72d9f0-d385-4350-a485-113e43f7c69c@group-F62649F7AF7F: changes role from  FOLLOWER to FOLLOWER at term 28 for recognizeCandidate:04d05b50-beb8-4841-9ce1-2061f7b42c80
2019-10-15 21:54:41,399 [grpc-default-executor-4] INFO  impl.RoleInfo (RoleInfo.java:shutdownFollowerState(121)) - 6a83fe04-c8c3-48c1-8861-8f81e89cd03c: shutdown FollowerState
2019-10-15 21:54:41,399 [grpc-default-executor-3] INFO  impl.RoleInfo (RoleInfo.java:shutdownFollowerState(121)) - 0a72d9f0-d385-4350-a485-113e43f7c69c: shutdown FollowerState
2019-10-15 21:54:41,400 [Thread-717] INFO  impl.FollowerState (FollowerState.java:run(117)) - 6a83fe04-c8c3-48c1-8861-8f81e89cd03c@group-F62649F7AF7F-FollowerState was interrupted: java.lang.InterruptedException: sleep interrupted
2019-10-15 21:54:41,400 [Thread-716] INFO  impl.FollowerState (FollowerState.java:run(117)) - 0a72d9f0-d385-4350-a485-113e43f7c69c@group-F62649F7AF7F-FollowerState was interrupted: java.lang.InterruptedException: sleep interrupted
2019-10-15 21:54:41,400 [grpc-default-executor-4] INFO  impl.RoleInfo (RoleInfo.java:updateAndGet(143)) - 6a83fe04-c8c3-48c1-8861-8f81e89cd03c: start FollowerState
2019-10-15 21:54:41,400 [grpc-default-executor-3] INFO  impl.RoleInfo (RoleInfo.java:updateAndGet(143)) - 0a72d9f0-d385-4350-a485-113e43f7c69c: start FollowerState
2019-10-15 21:54:41,412 [04d05b50-beb8-4841-9ce1-2061f7b42c80@group-F62649F7AF7F-LeaderElection27] INFO  impl.LeaderElection (LeaderElection.java:logAndReturn(56)) - 04d05b50-beb8-4841-9ce1-2061f7b42c80@group-F62649F7AF7F-LeaderElection27: Election TIMEOUT; received 0 response(s) [] and 0 exception(s); 04d05b50-beb8-4841-9ce1-2061f7b42c80@group-F62649F7AF7F:t28, leader=null, voted=04d05b50-beb8-4841-9ce1-2061f7b42c80, raftlog=04d05b50-beb8-4841-9ce1-2061f7b42c80@group-F62649F7AF7F-SegmentedRaftLog:OPENED:c3,f4,i4, conf=0: [6a83fe04-c8c3-48c1-8861-8f81e89cd03c:192.168.69.90:44841, 04d05b50-beb8-4841-9ce1-2061f7b42c80:192.168.69.90:35772, 0a72d9f0-d385-4350-a485-113e43f7c69c:192.168.69.90:33827], old=null
2019-10-15 21:54:41,416 [04d05b50-beb8-4841-9ce1-2061f7b42c80@group-F62649F7AF7F-LeaderElection27] INFO  impl.LeaderElection (LeaderElection.java:askForVotes(178)) - 04d05b50-beb8-4841-9ce1-2061f7b42c80@group-F62649F7AF7F-LeaderElection27: begin an election at term 29 for 0: [6a83fe04-c8c3-48c1-8861-8f81e89cd03c:192.168.69.90:44841, 04d05b50-beb8-4841-9ce1-2061f7b42c80:192.168.69.90:35772, 0a72d9f0-d385-4350-a485-113e43f7c69c:192.168.69.90:33827], old=null
2019-10-15 21:54:41,418 [grpc-default-executor-4] INFO  impl.RaftServerImpl (RaftServerImpl.java:setRole(184)) - 0a72d9f0-d385-4350-a485-113e43f7c69c@group-F62649F7AF7F: changes role from  FOLLOWER to FOLLOWER at term 29 for recognizeCandidate:04d05b50-beb8-4841-9ce1-2061f7b42c80
2019-10-15 21:54:41,418 [grpc-default-executor-3] INFO  impl.RaftServerImpl (RaftServerImpl.java:setRole(184)) - 6a83fe04-c8c3-48c1-8861-8f81e89cd03c@group-F62649F7AF7F: changes role from  FOLLOWER to FOLLOWER at term 29 for recognizeCandidate:04d05b50-beb8-4841-9ce1-2061f7b42c80
2019-10-15 21:54:41,418 [grpc-default-executor-4] INFO  impl.RoleInfo (RoleInfo.java:shutdownFollowerState(121)) - 0a72d9f0-d385-4350-a485-113e43f7c69c: shutdown FollowerState
2019-10-15 21:54:41,418 [grpc-default-executor-3] INFO  impl.RoleInfo (RoleInfo.java:shutdownFollowerState(121)) - 6a83fe04-c8c3-48c1-8861-8f81e89cd03c: shutdown FollowerState
2019-10-15 21:54:41,418 [Thread-721] INFO  impl.FollowerState (FollowerState.java:run(117)) - 0a72d9f0-d385-4350-a485-113e43f7c69c@group-F62649F7AF7F-FollowerState was interrupted: java.lang.InterruptedException: sleep interrupted
2019-10-15 21:54:41,418 [grpc-default-executor-4] INFO  impl.RoleInfo (RoleInfo.java:updateAndGet(143)) - 0a72d9f0-d385-4350-a485-113e43f7c69c: start FollowerState
2019-10-15 21:54:41,419 [Thread-720] INFO  impl.FollowerState (FollowerState.java:run(117)) - 6a83fe04-c8c3-48c1-8861-8f81e89cd03c@group-F62649F7AF7F-FollowerState was interrupted: java.lang.InterruptedException: sleep interrupted
2019-10-15 21:54:41,419 [grpc-default-executor-3] INFO  impl.RoleInfo (RoleInfo.java:updateAndGet(143)) - 6a83fe04-c8c3-48c1-8861-8f81e89cd03c: start FollowerState
2019-10-15 21:54:41,440 [04d05b50-beb8-4841-9ce1-2061f7b42c80@group-F62649F7AF7F-LeaderElection27] INFO  impl.LeaderElection (LeaderElection.java:logAndReturn(56)) - 04d05b50-beb8-4841-9ce1-2061f7b42c80@group-F62649F7AF7F-LeaderElection27: Election REJECTED; received 2 response(s) [04d05b50-beb8-4841-9ce1-2061f7b42c80<-6a83fe04-c8c3-48c1-8861-8f81e89cd03c#0:FAIL-t29, 04d05b50-beb8-4841-9ce1-2061f7b42c80<-0a72d9f0-d385-4350-a485-113e43f7c69c#0:FAIL-t29] and 0 exception(s); 04d05b50-beb8-4841-9ce1-2061f7b42c80@group-F62649F7AF7F:t29, leader=null, voted=04d05b50-beb8-4841-9ce1-2061f7b42c80, raftlog=04d05b50-beb8-4841-9ce1-2061f7b42c80@group-F62649F7AF7F-SegmentedRaftLog:OPENED:c3,f4,i4, conf=0: [6a83fe04-c8c3-48c1-8861-8f81e89cd03c:192.168.69.90:44841, 04d05b50-beb8-4841-9ce1-2061f7b42c80:192.168.69.90:35772, 0a72d9f0-d385-4350-a485-113e43f7c69c:192.168.69.90:33827], old=null
2019-10-15 21:54:41,440 [04d05b50-beb8-4841-9ce1-2061f7b42c80@group-F62649F7AF7F-LeaderElection27] INFO  impl.RaftServerImpl (RaftServerImpl.java:setRole(184)) - 04d05b50-beb8-4841-9ce1-2061f7b42c80@group-F62649F7AF7F: changes role from CANDIDATE to FOLLOWER at term 29 for DISCOVERED_A_NEW_TERM
2019-10-15 21:54:41,440 [04d05b50-beb8-4841-9ce1-2061f7b42c80@group-F62649F7AF7F-LeaderElection27] INFO  impl.RoleInfo (RoleInfo.java:shutdownLeaderElection(134)) - 04d05b50-beb8-4841-9ce1-2061f7b42c80: shutdown LeaderElection
2019-10-15 21:54:41,440 [04d05b50-beb8-4841-9ce1-2061f7b42c80@group-F62649F7AF7F-LeaderElection27] INFO  impl.RoleInfo (RoleInfo.java:updateAndGet(143)) - 04d05b50-beb8-4841-9ce1-2061f7b42c80: start FollowerState
2019-10-15 21:54:41,478 [Thread-726] INFO  impl.FollowerState (FollowerState.java:run(108)) - 04d05b50-beb8-4841-9ce1-2061f7b42c80@group-F62649F7AF7F-FollowerState: change to CANDIDATE, lastRpcTime:37ms, electionTimeout:37ms
2019-10-15 21:54:41,478 [Thread-726] INFO  impl.RoleInfo (RoleInfo.java:shutdownFollowerState(121)) - 04d05b50-beb8-4841-9ce1-2061f7b42c80: shutdown FollowerState
2019-10-15 21:54:41,478 [Thread-726] INFO  impl.RaftServerImpl (RaftServerImpl.java:setRole(184)) - 04d05b50-beb8-4841-9ce1-2061f7b42c80@group-F62649F7AF7F: changes role from  FOLLOWER to CANDIDATE at term 29 for changeToCandidate
2019-10-15 21:54:41,478 [Thread-726] INFO  impl.RoleInfo (RoleInfo.java:updateAndGet(143)) - 04d05b50-beb8-4841-9ce1-2061f7b42c80: start LeaderElection
2019-10-15 21:54:41,492 [04d05b50-beb8-4841-9ce1-2061f7b42c80@group-F62649F7AF7F-LeaderElection28] INFO  impl.LeaderElection (LeaderElection.java:askForVotes(178)) - 04d05b50-beb8-4841-9ce1-2061f7b42c80@group-F62649F7AF7F-LeaderElection28: begin an election at term 30 for 0: [6a83fe04-c8c3-48c1-8861-8f81e89cd03c:192.168.69.90:44841, 04d05b50-beb8-4841-9ce1-2061f7b42c80:192.168.69.90:35772, 0a72d9f0-d385-4350-a485-113e43f7c69c:192.168.69.90:33827], old=null
2019-10-15 21:54:41,494 [grpc-default-executor-4] INFO  impl.RaftServerImpl (RaftServerImpl.java:setRole(184)) - 6a83fe04-c8c3-48c1-8861-8f81e89cd03c@group-F62649F7AF7F: changes role from  FOLLOWER to FOLLOWER at term 30 for recognizeCandidate:04d05b50-beb8-4841-9ce1-2061f7b42c80
2019-10-15 21:54:41,494 [grpc-default-executor-4] INFO  impl.RoleInfo (RoleInfo.java:shutdownFollowerState(121)) - 6a83fe04-c8c3-48c1-8861-8f81e89cd03c: shutdown FollowerState
2019-10-15 21:54:41,495 [grpc-default-executor-3] INFO  impl.RaftServerImpl (RaftServerImpl.java:setRole(184)) - 0a72d9f0-d385-4350-a485-113e43f7c69c@group-F62649F7AF7F: changes role from  FOLLOWER to FOLLOWER at term 30 for recognizeCandidate:04d05b50-beb8-4841-9ce1-2061f7b42c80
2019-10-15 21:54:41,495 [Thread-725] INFO  impl.FollowerState (FollowerState.java:run(117)) - 6a83fe04-c8c3-48c1-8861-8f81e89cd03c@group-F62649F7AF7F-FollowerState was interrupted: java.lang.InterruptedException: sleep interrupted
2019-10-15 21:54:41,495 [grpc-default-executor-4] INFO  impl.RoleInfo (RoleInfo.java:updateAndGet(143)) - 6a83fe04-c8c3-48c1-8861-8f81e89cd03c: start FollowerState
2019-10-15 21:54:41,495 [grpc-default-executor-3] INFO  impl.RoleInfo (RoleInfo.java:shutdownFollowerState(121)) - 0a72d9f0-d385-4350-a485-113e43f7c69c: shutdown FollowerState
2019-10-15 21:54:41,495 [grpc-default-executor-3] INFO  impl.RoleInfo (RoleInfo.java:updateAndGet(143)) - 0a72d9f0-d385-4350-a485-113e43f7c69c: start FollowerState
2019-10-15 21:54:41,495 [Thread-724] INFO  impl.FollowerState (FollowerState.java:run(117)) - 0a72d9f0-d385-4350-a485-113e43f7c69c@group-F62649F7AF7F-FollowerState was interrupted: java.lang.InterruptedException: sleep interrupted
2019-10-15 21:54:41,509 [04d05b50-beb8-4841-9ce1-2061f7b42c80@group-F62649F7AF7F-LeaderElection28] INFO  impl.LeaderElection (LeaderElection.java:logAndReturn(56)) - 04d05b50-beb8-4841-9ce1-2061f7b42c80@group-F62649F7AF7F-LeaderElection28: Election REJECTED; received 2 response(s) [04d05b50-beb8-4841-9ce1-2061f7b42c80<-6a83fe04-c8c3-48c1-8861-8f81e89cd03c#0:FAIL-t30, 04d05b50-beb8-4841-9ce1-2061f7b42c80<-0a72d9f0-d385-4350-a485-113e43f7c69c#0:FAIL-t30] and 0 exception(s); 04d05b50-beb8-4841-9ce1-2061f7b42c80@group-F62649F7AF7F:t30, leader=null, voted=04d05b50-beb8-4841-9ce1-2061f7b42c80, raftlog=04d05b50-beb8-4841-9ce1-2061f7b42c80@group-F62649F7AF7F-SegmentedRaftLog:OPENED:c3,f4,i4, conf=0: [6a83fe04-c8c3-48c1-8861-8f81e89cd03c:192.168.69.90:44841, 04d05b50-beb8-4841-9ce1-2061f7b42c80:192.168.69.90:35772, 0a72d9f0-d385-4350-a485-113e43f7c69c:192.168.69.90:33827], old=null
2019-10-15 21:54:41,509 [04d05b50-beb8-4841-9ce1-2061f7b42c80@group-F62649F7AF7F-LeaderElection28] INFO  impl.RaftServerImpl (RaftServerImpl.java:setRole(184)) - 04d05b50-beb8-4841-9ce1-2061f7b42c80@group-F62649F7AF7F: changes role from CANDIDATE to FOLLOWER at term 30 for DISCOVERED_A_NEW_TERM
2019-10-15 21:54:41,510 [04d05b50-beb8-4841-9ce1-2061f7b42c80@group-F62649F7AF7F-LeaderElection28] INFO  impl.RoleInfo (RoleInfo.java:shutdownLeaderElection(134)) - 04d05b50-beb8-4841-9ce1-2061f7b42c80: shutdown LeaderElection
2019-10-15 21:54:41,510 [04d05b50-beb8-4841-9ce1-2061f7b42c80@group-F62649F7AF7F-LeaderElection28] INFO  impl.RoleInfo (RoleInfo.java:updateAndGet(143)) - 04d05b50-beb8-4841-9ce1-2061f7b42c80: start FollowerState
2019-10-15 21:54:41,525 [java.util.concurrent.ThreadPoolExecutor$Worker@1e69e541[State = -1, empty queue]] WARN  server.GrpcLogAppender (GrpcLogAppender.java:timeoutAppendRequest(209)) - 6a83fe04-c8c3-48c1-8861-8f81e89cd03c@group-F62649F7AF7F->04d05b50-beb8-4841-9ce1-2061f7b42c80-GrpcLogAppender: appendEntries Timeout, request=6a83fe04-c8c3-48c1-8861-8f81e89cd03c->04d05b50-beb8-4841-9ce1-2061f7b42c80#52-t2, previous=(t:2, i:10), leaderCommit=10, initializing? false, entries: <empty>
2019-10-15 21:54:41,555 [Thread-732] INFO  impl.FollowerState (FollowerState.java:run(108)) - 04d05b50-beb8-4841-9ce1-2061f7b42c80@group-F62649F7AF7F-FollowerState: change to CANDIDATE, lastRpcTime:45ms, electionTimeout:45ms
2019-10-15 21:54:41,555 [Thread-732] INFO  impl.RoleInfo (RoleInfo.java:shutdownFollowerState(121)) - 04d05b50-beb8-4841-9ce1-2061f7b42c80: shutdown FollowerState
2019-10-15 21:54:41,555 [Thread-732] INFO  impl.RaftServerImpl (RaftServerImpl.java:setRole(184)) - 04d05b50-beb8-4841-9ce1-2061f7b42c80@group-F62649F7AF7F: changes role from  FOLLOWER to CANDIDATE at term 30 for changeToCandidate
2019-10-15 21:54:41,555 [Thread-732] INFO  impl.RoleInfo (RoleInfo.java:updateAndGet(143)) - 04d05b50-beb8-4841-9ce1-2061f7b42c80: start LeaderElection
2019-10-15 21:54:41,569 [04d05b50-beb8-4841-9ce1-2061f7b42c80@group-F62649F7AF7F-LeaderElection29] INFO  impl.LeaderElection (LeaderElection.java:askForVotes(178)) - 04d05b50-beb8-4841-9ce1-2061f7b42c80@group-F62649F7AF7F-LeaderElection29: begin an election at term 31 for 0: [6a83fe04-c8c3-48c1-8861-8f81e89cd03c:192.168.69.90:44841, 04d05b50-beb8-4841-9ce1-2061f7b42c80:192.168.69.90:35772, 0a72d9f0-d385-4350-a485-113e43f7c69c:192.168.69.90:33827], old=null
2019-10-15 21:54:41,571 [grpc-default-executor-4] INFO  impl.RaftServerImpl (RaftServerImpl.java:setRole(184)) - 0a72d9f0-d385-4350-a485-113e43f7c69c@group-F62649F7AF7F: changes role from  FOLLOWER to FOLLOWER at term 31 for recognizeCandidate:04d05b50-beb8-4841-9ce1-2061f7b42c80
2019-10-15 21:54:41,571 [grpc-default-executor-4] INFO  impl.RoleInfo (RoleInfo.java:shutdownFollowerState(121)) - 0a72d9f0-d385-4350-a485-113e43f7c69c: shutdown FollowerState
2019-10-15 21:54:41,572 [grpc-default-executor-3] INFO  impl.RaftServerImpl (RaftServerImpl.java:setRole(184)) - 6a83fe04-c8c3-48c1-8861-8f81e89cd03c@group-F62649F7AF7F: changes role from  FOLLOWER to FOLLOWER at term 31 for recognizeCandidate:04d05b50-beb8-4841-9ce1-2061f7b42c80
2019-10-15 21:54:41,572 [Thread-731] INFO  impl.FollowerState (FollowerState.java:run(117)) - 0a72d9f0-d385-4350-a485-113e43f7c69c@group-F62649F7AF7F-FollowerState was interrupted: java.lang.InterruptedException: sleep interrupted
2019-10-15 21:54:41,572 [grpc-default-executor-4] INFO  impl.RoleInfo (RoleInfo.java:updateAndGet(143)) - 0a72d9f0-d385-4350-a485-113e43f7c69c: start FollowerState
2019-10-15 21:54:41,572 [grpc-default-executor-3] INFO  impl.RoleInfo (RoleInfo.java:shutdownFollowerState(121)) - 6a83fe04-c8c3-48c1-8861-8f81e89cd03c: shutdown FollowerState
2019-10-15 21:54:41,572 [grpc-default-executor-3] INFO  impl.RoleInfo (RoleInfo.java:updateAndGet(143)) - 6a83fe04-c8c3-48c1-8861-8f81e89cd03c: start FollowerState
2019-10-15 21:54:41,572 [Thread-730] INFO  impl.FollowerState (FollowerState.java:run(117)) - 6a83fe04-c8c3-48c1-8861-8f81e89cd03c@group-F62649F7AF7F-FollowerState was interrupted: java.lang.InterruptedException: sleep interrupted
2019-10-15 21:54:41,588 [04d05b50-beb8-4841-9ce1-2061f7b42c80@group-F62649F7AF7F-LeaderElection29] INFO  impl.LeaderElection (LeaderElection.java:logAndReturn(56)) - 04d05b50-beb8-4841-9ce1-2061f7b42c80@group-F62649F7AF7F-LeaderElection29: Election REJECTED; received 2 response(s) [04d05b50-beb8-4841-9ce1-2061f7b42c80<-6a83fe04-c8c3-48c1-8861-8f81e89cd03c#0:FAIL-t31, 04d05b50-beb8-4841-9ce1-2061f7b42c80<-0a72d9f0-d385-4350-a485-113e43f7c69c#0:FAIL-t31] and 0 exception(s); 04d05b50-beb8-4841-9ce1-2061f7b42c80@group-F62649F7AF7F:t31, leader=null, voted=04d05b50-beb8-4841-9ce1-2061f7b42c80, raftlog=04d05b50-beb8-4841-9ce1-2061f7b42c80@group-F62649F7AF7F-SegmentedRaftLog:OPENED:c3,f4,i4, conf=0: [6a83fe04-c8c3-48c1-8861-8f81e89cd03c:192.168.69.90:44841, 04d05b50-beb8-4841-9ce1-2061f7b42c80:192.168.69.90:35772, 0a72d9f0-d385-4350-a485-113e43f7c69c:192.168.69.90:33827], old=null
2019-10-15 21:54:41,589 [04d05b50-beb8-4841-9ce1-2061f7b42c80@group-F62649F7AF7F-LeaderElection29] INFO  impl.RaftServerImpl (RaftServerImpl.java:setRole(184)) - 04d05b50-beb8-4841-9ce1-2061f7b42c80@group-F62649F7AF7F: changes role from CANDIDATE to FOLLOWER at term 31 for DISCOVERED_A_NEW_TERM
2019-10-15 21:54:41,589 [04d05b50-beb8-4841-9ce1-2061f7b42c80@group-F62649F7AF7F-LeaderElection29] INFO  impl.RoleInfo (RoleInfo.java:shutdownLeaderElection(134)) - 04d05b50-beb8-4841-9ce1-2061f7b42c80: shutdown LeaderElection
2019-10-15 21:54:41,589 [04d05b50-beb8-4841-9ce1-2061f7b42c80@group-F62649F7AF7F-LeaderElection29] INFO  impl.RoleInfo (RoleInfo.java:updateAndGet(143)) - 04d05b50-beb8-4841-9ce1-2061f7b42c80: start FollowerState
2019-10-15 21:54:41,780 [Thread-738] INFO  impl.FollowerState (FollowerState.java:run(108)) - 04d05b50-beb8-4841-9ce1-2061f7b42c80@group-F62649F7AF7F-FollowerState: change to CANDIDATE, lastRpcTime:191ms, electionTimeout:191ms
2019-10-15 21:54:41,780 [Thread-738] INFO  impl.RoleInfo (RoleInfo.java:shutdownFollowerState(121)) - 04d05b50-beb8-4841-9ce1-2061f7b42c80: shutdown FollowerState
2019-10-15 21:54:41,781 [Thread-738] INFO  impl.RaftServerImpl (RaftServerImpl.java:setRole(184)) - 04d05b50-beb8-4841-9ce1-2061f7b42c80@group-F62649F7AF7F: changes role from  FOLLOWER to CANDIDATE at term 31 for changeToCandidate
2019-10-15 21:54:41,781 [Thread-738] INFO  impl.RoleInfo (RoleInfo.java:updateAndGet(143)) - 04d05b50-beb8-4841-9ce1-2061f7b42c80: start LeaderElection
2019-10-15 21:54:41,795 [04d05b50-beb8-4841-9ce1-2061f7b42c80@group-F62649F7AF7F-LeaderElection30] INFO  impl.LeaderElection (LeaderElection.java:askForVotes(178)) - 04d05b50-beb8-4841-9ce1-2061f7b42c80@group-F62649F7AF7F-LeaderElection30: begin an election at term 32 for 0: [6a83fe04-c8c3-48c1-8861-8f81e89cd03c:192.168.69.90:44841, 04d05b50-beb8-4841-9ce1-2061f7b42c80:192.168.69.90:35772, 0a72d9f0-d385-4350-a485-113e43f7c69c:192.168.69.90:33827], old=null
2019-10-15 21:54:41,798 [grpc-default-executor-4] INFO  impl.RaftServerImpl (RaftServerImpl.java:setRole(184)) - 0a72d9f0-d385-4350-a485-113e43f7c69c@group-F62649F7AF7F: changes role from  FOLLOWER to FOLLOWER at term 32 for recognizeCandidate:04d05b50-beb8-4841-9ce1-2061f7b42c80
2019-10-15 21:54:41,798 [grpc-default-executor-3] INFO  impl.RaftServerImpl (RaftServerImpl.java:setRole(184)) - 6a83fe04-c8c3-48c1-8861-8f81e89cd03c@group-F62649F7AF7F: changes role from  FOLLOWER to FOLLOWER at term 32 for recognizeCandidate:04d05b50-beb8-4841-9ce1-2061f7b42c80
2019-10-15 21:54:41,798 [grpc-default-executor-4] INFO  impl.RoleInfo (RoleInfo.java:shutdownFollowerState(121)) - 0a72d9f0-d385-4350-a485-113e43f7c69c: shutdown FollowerState
2019-10-15 21:54:41,798 [grpc-default-executor-3] INFO  impl.RoleInfo (RoleInfo.java:shutdownFollowerState(121)) - 6a83fe04-c8c3-48c1-8861-8f81e89cd03c: shutdown FollowerState
2019-10-15 21:54:41,798 [Thread-736] INFO  impl.FollowerState (FollowerState.java:run(117)) - 0a72d9f0-d385-4350-a485-113e43f7c69c@group-F62649F7AF7F-FollowerState was interrupted: java.lang.InterruptedException: sleep interrupted
2019-10-15 21:54:41,798 [grpc-default-executor-4] INFO  impl.RoleInfo (RoleInfo.java:updateAndGet(143)) - 0a72d9f0-d385-4350-a485-113e43f7c69c: start FollowerState
2019-10-15 21:54:41,798 [Thread-737] INFO  impl.FollowerState (FollowerState.java:run(117)) - 6a83fe04-c8c3-48c1-8861-8f81e89cd03c@group-F62649F7AF7F-FollowerState was interrupted: java.lang.InterruptedException: sleep interrupted
2019-10-15 21:54:41,798 [grpc-default-executor-3] INFO  impl.RoleInfo (RoleInfo.java:updateAndGet(143)) - 6a83fe04-c8c3-48c1-8861-8f81e89cd03c: start FollowerState
2019-10-15 21:54:41,813 [04d05b50-beb8-4841-9ce1-2061f7b42c80@group-F62649F7AF7F-LeaderElection30] INFO  impl.LeaderElection (LeaderElection.java:logAndReturn(56)) - 04d05b50-beb8-4841-9ce1-2061f7b42c80@group-F62649F7AF7F-LeaderElection30: Election REJECTED; received 2 response(s) [04d05b50-beb8-4841-9ce1-2061f7b42c80<-6a83fe04-c8c3-48c1-8861-8f81e89cd03c#0:FAIL-t32, 04d05b50-beb8-4841-9ce1-2061f7b42c80<-0a72d9f0-d385-4350-a485-113e43f7c69c#0:FAIL-t32] and 0 exception(s); 04d05b50-beb8-4841-9ce1-2061f7b42c80@group-F62649F7AF7F:t32, leader=null, voted=04d05b50-beb8-4841-9ce1-2061f7b42c80, raftlog=04d05b50-beb8-4841-9ce1-2061f7b42c80@group-F62649F7AF7F-SegmentedRaftLog:OPENED:c3,f4,i4, conf=0: [6a83fe04-c8c3-48c1-8861-8f81e89cd03c:192.168.69.90:44841, 04d05b50-beb8-4841-9ce1-2061f7b42c80:192.168.69.90:35772, 0a72d9f0-d385-4350-a485-113e43f7c69c:192.168.69.90:33827], old=null
2019-10-15 21:54:41,813 [04d05b50-beb8-4841-9ce1-2061f7b42c80@group-F62649F7AF7F-LeaderElection30] INFO  impl.RaftServerImpl (RaftServerImpl.java:setRole(184)) - 04d05b50-beb8-4841-9ce1-2061f7b42c80@group-F62649F7AF7F: changes role from CANDIDATE to FOLLOWER at term 32 for DISCOVERED_A_NEW_TERM
2019-10-15 21:54:41,813 [04d05b50-beb8-4841-9ce1-2061f7b42c80@group-F62649F7AF7F-LeaderElection30] INFO  impl.RoleInfo (RoleInfo.java:shutdownLeaderElection(134)) - 04d05b50-beb8-4841-9ce1-2061f7b42c80: shutdown LeaderElection
2019-10-15 21:54:41,814 [04d05b50-beb8-4841-9ce1-2061f7b42c80@group-F62649F7AF7F-LeaderElection30] INFO  impl.RoleInfo (RoleInfo.java:updateAndGet(143)) - 04d05b50-beb8-4841-9ce1-2061f7b42c80: start FollowerState
2019-10-15 21:54:41,950 [Thread-744] INFO  impl.FollowerState (FollowerState.java:run(108)) - 04d05b50-beb8-4841-9ce1-2061f7b42c80@group-F62649F7AF7F-FollowerState: change to CANDIDATE, lastRpcTime:136ms, electionTimeout:136ms
2019-10-15 21:54:41,950 [Thread-744] INFO  impl.RoleInfo (RoleInfo.java:shutdownFollowerState(121)) - 04d05b50-beb8-4841-9ce1-2061f7b42c80: shutdown FollowerState
2019-10-15 21:54:41,950 [Thread-744] INFO  impl.RaftServerImpl (RaftServerImpl.java:setRole(184)) - 04d05b50-beb8-4841-9ce1-2061f7b42c80@group-F62649F7AF7F: changes role from  FOLLOWER to CANDIDATE at term 32 for changeToCandidate
2019-10-15 21:54:41,950 [Thread-744] INFO  impl.RoleInfo (RoleInfo.java:updateAndGet(143)) - 04d05b50-beb8-4841-9ce1-2061f7b42c80: start LeaderElection
2019-10-15 21:54:41,972 [04d05b50-beb8-4841-9ce1-2061f7b42c80@group-F62649F7AF7F-LeaderElection31] INFO  impl.LeaderElection (LeaderElection.java:askForVotes(178)) - 04d05b50-beb8-4841-9ce1-2061f7b42c80@group-F62649F7AF7F-LeaderElection31: begin an election at term 33 for 0: [6a83fe04-c8c3-48c1-8861-8f81e89cd03c:192.168.69.90:44841, 04d05b50-beb8-4841-9ce1-2061f7b42c80:192.168.69.90:35772, 0a72d9f0-d385-4350-a485-113e43f7c69c:192.168.69.90:33827], old=null
2019-10-15 21:54:41,975 [grpc-default-executor-3] INFO  impl.RaftServerImpl (RaftServerImpl.java:setRole(184)) - 6a83fe04-c8c3-48c1-8861-8f81e89cd03c@group-F62649F7AF7F: changes role from  FOLLOWER to FOLLOWER at term 33 for recognizeCandidate:04d05b50-beb8-4841-9ce1-2061f7b42c80
2019-10-15 21:54:41,975 [grpc-default-executor-3] INFO  impl.RoleInfo (RoleInfo.java:shutdownFollowerState(121)) - 6a83fe04-c8c3-48c1-8861-8f81e89cd03c: shutdown FollowerState
2019-10-15 21:54:41,975 [grpc-default-executor-4] INFO  impl.RaftServerImpl (RaftServerImpl.java:setRole(184)) - 0a72d9f0-d385-4350-a485-113e43f7c69c@group-F62649F7AF7F: changes role from  FOLLOWER to FOLLOWER at term 33 for recognizeCandidate:04d05b50-beb8-4841-9ce1-2061f7b42c80
2019-10-15 21:54:41,975 [Thread-743] INFO  impl.FollowerState (FollowerState.java:run(117)) - 6a83fe04-c8c3-48c1-8861-8f81e89cd03c@group-F62649F7AF7F-FollowerState was interrupted: java.lang.InterruptedException: sleep interrupted
2019-10-15 21:54:41,975 [grpc-default-executor-3] INFO  impl.RoleInfo (RoleInfo.java:updateAndGet(143)) - 6a83fe04-c8c3-48c1-8861-8f81e89cd03c: start FollowerState
2019-10-15 21:54:41,975 [grpc-default-executor-4] INFO  impl.RoleInfo (RoleInfo.java:shutdownFollowerState(121)) - 0a72d9f0-d385-4350-a485-113e43f7c69c: shutdown FollowerState
2019-10-15 21:54:41,976 [grpc-default-executor-4] INFO  impl.RoleInfo (RoleInfo.java:updateAndGet(143)) - 0a72d9f0-d385-4350-a485-113e43f7c69c: start FollowerState
2019-10-15 21:54:41,976 [Thread-742] INFO  impl.FollowerState (FollowerState.java:run(117)) - 0a72d9f0-d385-4350-a485-113e43f7c69c@group-F62649F7AF7F-FollowerState was interrupted: java.lang.InterruptedException: sleep interrupted
2019-10-15 21:54:41,990 [04d05b50-beb8-4841-9ce1-2061f7b42c80@group-F62649F7AF7F-LeaderElection31] INFO  impl.LeaderElection (LeaderElection.java:logAndReturn(56)) - 04d05b50-beb8-4841-9ce1-2061f7b42c80@group-F62649F7AF7F-LeaderElection31: Election REJECTED; received 2 response(s) [04d05b50-beb8-4841-9ce1-2061f7b42c80<-6a83fe04-c8c3-48c1-8861-8f81e89cd03c#0:FAIL-t33, 04d05b50-beb8-4841-9ce1-2061f7b42c80<-0a72d9f0-d385-4350-a485-113e43f7c69c#0:FAIL-t33] and 0 exception(s); 04d05b50-beb8-4841-9ce1-2061f7b42c80@group-F62649F7AF7F:t33, leader=null, voted=04d05b50-beb8-4841-9ce1-2061f7b42c80, raftlog=04d05b50-beb8-4841-9ce1-2061f7b42c80@group-F62649F7AF7F-SegmentedRaftLog:OPENED:c3,f4,i4, conf=0: [6a83fe04-c8c3-48c1-8861-8f81e89cd03c:192.168.69.90:44841, 04d05b50-beb8-4841-9ce1-2061f7b42c80:192.168.69.90:35772, 0a72d9f0-d385-4350-a485-113e43f7c69c:192.168.69.90:33827], old=null
2019-10-15 21:54:41,991 [04d05b50-beb8-4841-9ce1-2061f7b42c80@group-F62649F7AF7F-LeaderElection31] INFO  impl.RaftServerImpl (RaftServerImpl.java:setRole(184)) - 04d05b50-beb8-4841-9ce1-2061f7b42c80@group-F62649F7AF7F: changes role from CANDIDATE to FOLLOWER at term 33 for DISCOVERED_A_NEW_TERM
2019-10-15 21:54:41,991 [04d05b50-beb8-4841-9ce1-2061f7b42c80@group-F62649F7AF7F-LeaderElection31] INFO  impl.RoleInfo (RoleInfo.java:shutdownLeaderElection(134)) - 04d05b50-beb8-4841-9ce1-2061f7b42c80: shutdown LeaderElection
2019-10-15 21:54:41,991 [04d05b50-beb8-4841-9ce1-2061f7b42c80@group-F62649F7AF7F-LeaderElection31] INFO  impl.RoleInfo (RoleInfo.java:updateAndGet(143)) - 04d05b50-beb8-4841-9ce1-2061f7b42c80: start FollowerState
2019-10-15 21:54:41,999 [pool-7-thread-1] INFO  commands.RetriableDatanodeEventWatcher (RetriableDatanodeEventWatcher.java:onTimeout(47)) - RetriableDatanodeCommand type=deleteBlocksCommand with id=1571176475869 timed out. Retrying.
2019-10-15 21:54:41,999 [pool-7-thread-4] INFO  commands.RetriableDatanodeEventWatcher (RetriableDatanodeEventWatcher.java:onTimeout(47)) - RetriableDatanodeCommand type=deleteBlocksCommand with id=1571176475867 timed out. Retrying.
2019-10-15 21:54:41,999 [pool-7-thread-2] INFO  commands.RetriableDatanodeEventWatcher (RetriableDatanodeEventWatcher.java:onTimeout(47)) - RetriableDatanodeCommand type=deleteBlocksCommand with id=1571176475866 timed out. Retrying.
2019-10-15 21:54:42,000 [SCMBlockDeletingService#1] INFO  block.SCMBlockDeletingService (SCMBlockDeletingService.java:call(184)) - Totally added 1 delete blocks command for 1 datanodes, task elapsed time: 0ms
2019-10-15 21:54:42,000 [pool-7-thread-3] INFO  commands.RetriableDatanodeEventWatcher (RetriableDatanodeEventWatcher.java:onTimeout(47)) - RetriableDatanodeCommand type=deleteBlocksCommand with id=1571176475868 timed out. Retrying.
2019-10-15 21:54:42,000 [pool-7-thread-5] INFO  commands.RetriableDatanodeEventWatcher (RetriableDatanodeEventWatcher.java:onTimeout(47)) - RetriableDatanodeCommand type=deleteBlocksCommand with id=1571176475870 timed out. Retrying.
2019-10-15 21:54:42,000 [pool-7-thread-6] INFO  commands.RetriableDatanodeEventWatcher (RetriableDatanodeEventWatcher.java:onTimeout(47)) - RetriableDatanodeCommand type=deleteBlocksCommand with id=1571176475864 timed out. Retrying.
2019-10-15 21:54:42,057 [Thread-753] INFO  client.GrpcClientProtocolService (GrpcClientProtocolService.java:lambda$processClientRequest$0(278)) - Failed RaftClientRequest:client-92BC3EC04FB4->6a83fe04-c8c3-48c1-8861-8f81e89cd03c@group-F62649F7AF7F, cid=10, seq=0, Watch-ALL_COMMITTED(6), Message:<EMPTY>, reply=RaftClientReply:client-92BC3EC04FB4->6a83fe04-c8c3-48c1-8861-8f81e89cd03c@group-F62649F7AF7F, cid=10, FAILED org.apache.ratis.protocol.NotLeaderException: Server 6a83fe04-c8c3-48c1-8861-8f81e89cd03c@group-F62649F7AF7F is not the leader, logIndex=0, commits[6a83fe04-c8c3-48c1-8861-8f81e89cd03c:c10, 04d05b50-beb8-4841-9ce1-2061f7b42c80:c4, 0a72d9f0-d385-4350-a485-113e43f7c69c:c10]
2019-10-15 21:54:42,124 [Thread-751] INFO  impl.FollowerState (FollowerState.java:run(108)) - 04d05b50-beb8-4841-9ce1-2061f7b42c80@group-F62649F7AF7F-FollowerState: change to CANDIDATE, lastRpcTime:133ms, electionTimeout:133ms
2019-10-15 21:54:42,125 [Thread-751] INFO  impl.RoleInfo (RoleInfo.java:shutdownFollowerState(121)) - 04d05b50-beb8-4841-9ce1-2061f7b42c80: shutdown FollowerState
2019-10-15 21:54:42,125 [Thread-751] INFO  impl.RaftServerImpl (RaftServerImpl.java:setRole(184)) - 04d05b50-beb8-4841-9ce1-2061f7b42c80@group-F62649F7AF7F: changes role from  FOLLOWER to CANDIDATE at term 33 for changeToCandidate
2019-10-15 21:54:42,125 [Thread-751] INFO  impl.RoleInfo (RoleInfo.java:updateAndGet(143)) - 04d05b50-beb8-4841-9ce1-2061f7b42c80: start LeaderElection
2019-10-15 21:54:42,139 [04d05b50-beb8-4841-9ce1-2061f7b42c80@group-F62649F7AF7F-LeaderElection32] INFO  impl.LeaderElection (LeaderElection.java:askForVotes(178)) - 04d05b50-beb8-4841-9ce1-2061f7b42c80@group-F62649F7AF7F-LeaderElection32: begin an election at term 34 for 0: [6a83fe04-c8c3-48c1-8861-8f81e89cd03c:192.168.69.90:44841, 04d05b50-beb8-4841-9ce1-2061f7b42c80:192.168.69.90:35772, 0a72d9f0-d385-4350-a485-113e43f7c69c:192.168.69.90:33827], old=null
2019-10-15 21:54:42,141 [grpc-default-executor-4] INFO  impl.RaftServerImpl (RaftServerImpl.java:setRole(184)) - 6a83fe04-c8c3-48c1-8861-8f81e89cd03c@group-F62649F7AF7F: changes role from  FOLLOWER to FOLLOWER at term 34 for recognizeCandidate:04d05b50-beb8-4841-9ce1-2061f7b42c80
2019-10-15 21:54:42,141 [grpc-default-executor-4] INFO  impl.RoleInfo (RoleInfo.java:shutdownFollowerState(121)) - 6a83fe04-c8c3-48c1-8861-8f81e89cd03c: shutdown FollowerState
2019-10-15 21:54:42,142 [grpc-default-executor-3] INFO  impl.RaftServerImpl (RaftServerImpl.java:setRole(184)) - 0a72d9f0-d385-4350-a485-113e43f7c69c@group-F62649F7AF7F: changes role from  FOLLOWER to FOLLOWER at term 34 for recognizeCandidate:04d05b50-beb8-4841-9ce1-2061f7b42c80
2019-10-15 21:54:42,142 [Thread-749] INFO  impl.FollowerState (FollowerState.java:run(117)) - 6a83fe04-c8c3-48c1-8861-8f81e89cd03c@group-F62649F7AF7F-FollowerState was interrupted: java.lang.InterruptedException: sleep interrupted
2019-10-15 21:54:42,142 [grpc-default-executor-3] INFO  impl.RoleInfo (RoleInfo.java:shutdownFollowerState(121)) - 0a72d9f0-d385-4350-a485-113e43f7c69c: shutdown FollowerState
2019-10-15 21:54:42,142 [grpc-default-executor-4] INFO  impl.RoleInfo (RoleInfo.java:updateAndGet(143)) - 6a83fe04-c8c3-48c1-8861-8f81e89cd03c: start FollowerState
2019-10-15 21:54:42,142 [grpc-default-executor-3] INFO  impl.RoleInfo (RoleInfo.java:updateAndGet(143)) - 0a72d9f0-d385-4350-a485-113e43f7c69c: start FollowerState
2019-10-15 21:54:42,142 [Thread-750] INFO  impl.FollowerState (FollowerState.java:run(117)) - 0a72d9f0-d385-4350-a485-113e43f7c69c@group-F62649F7AF7F-FollowerState was interrupted: java.lang.InterruptedException: sleep interrupted
2019-10-15 21:54:42,165 [04d05b50-beb8-4841-9ce1-2061f7b42c80@group-F62649F7AF7F-LeaderElection32] INFO  impl.LeaderElection (LeaderElection.java:logAndReturn(56)) - 04d05b50-beb8-4841-9ce1-2061f7b42c80@group-F62649F7AF7F-LeaderElection32: Election REJECTED; received 2 response(s) [04d05b50-beb8-4841-9ce1-2061f7b42c80<-6a83fe04-c8c3-48c1-8861-8f81e89cd03c#0:FAIL-t34, 04d05b50-beb8-4841-9ce1-2061f7b42c80<-0a72d9f0-d385-4350-a485-113e43f7c69c#0:FAIL-t34] and 0 exception(s); 04d05b50-beb8-4841-9ce1-2061f7b42c80@group-F62649F7AF7F:t34, leader=null, voted=04d05b50-beb8-4841-9ce1-2061f7b42c80, raftlog=04d05b50-beb8-4841-9ce1-2061f7b42c80@group-F62649F7AF7F-SegmentedRaftLog:OPENED:c3,f4,i4, conf=0: [6a83fe04-c8c3-48c1-8861-8f81e89cd03c:192.168.69.90:44841, 04d05b50-beb8-4841-9ce1-2061f7b42c80:192.168.69.90:35772, 0a72d9f0-d385-4350-a485-113e43f7c69c:192.168.69.90:33827], old=null
2019-10-15 21:54:42,166 [04d05b50-beb8-4841-9ce1-2061f7b42c80@group-F62649F7AF7F-LeaderElection32] INFO  impl.RaftServerImpl (RaftServerImpl.java:setRole(184)) - 04d05b50-beb8-4841-9ce1-2061f7b42c80@group-F62649F7AF7F: changes role from CANDIDATE to FOLLOWER at term 34 for DISCOVERED_A_NEW_TERM
2019-10-15 21:54:42,166 [04d05b50-beb8-4841-9ce1-2061f7b42c80@group-F62649F7AF7F-LeaderElection32] INFO  impl.RoleInfo (RoleInfo.java:shutdownLeaderElection(134)) - 04d05b50-beb8-4841-9ce1-2061f7b42c80: shutdown LeaderElection
2019-10-15 21:54:42,166 [04d05b50-beb8-4841-9ce1-2061f7b42c80@group-F62649F7AF7F-LeaderElection32] INFO  impl.RoleInfo (RoleInfo.java:updateAndGet(143)) - 04d05b50-beb8-4841-9ce1-2061f7b42c80: start FollowerState
2019-10-15 21:54:42,228 [BlockDeletingService#2] WARN  background.BlockDeletingService (BlockDeletingService.java:isDeletionAllowed(187)) - Close Container log Index 6 is not replicated across allthe servers in the pipeline 4353dad5-98e9-4a09-96de-f62649f7af7f as the min replicated index is 4. Deletion is not allowed in this container yet.
2019-10-15 21:54:42,228 [BlockDeletingService#2] WARN  background.BlockDeletingService (BlockDeletingService.java:isDeletionAllowed(187)) - Close Container log Index 6 is not replicated across allthe servers in the pipeline 4353dad5-98e9-4a09-96de-f62649f7af7f as the min replicated index is 4. Deletion is not allowed in this container yet.
2019-10-15 21:54:42,326 [Thread-760] INFO  impl.FollowerState (FollowerState.java:run(108)) - 04d05b50-beb8-4841-9ce1-2061f7b42c80@group-F62649F7AF7F-FollowerState: change to CANDIDATE, lastRpcTime:160ms, electionTimeout:160ms
2019-10-15 21:54:42,327 [Thread-760] INFO  impl.RoleInfo (RoleInfo.java:shutdownFollowerState(121)) - 04d05b50-beb8-4841-9ce1-2061f7b42c80: shutdown FollowerState
2019-10-15 21:54:42,327 [Thread-760] INFO  impl.RaftServerImpl (RaftServerImpl.java:setRole(184)) - 04d05b50-beb8-4841-9ce1-2061f7b42c80@group-F62649F7AF7F: changes role from  FOLLOWER to CANDIDATE at term 34 for changeToCandidate
2019-10-15 21:54:42,327 [Thread-760] INFO  impl.RoleInfo (RoleInfo.java:updateAndGet(143)) - 04d05b50-beb8-4841-9ce1-2061f7b42c80: start LeaderElection
2019-10-15 21:54:42,343 [04d05b50-beb8-4841-9ce1-2061f7b42c80@group-F62649F7AF7F-LeaderElection33] INFO  impl.LeaderElection (LeaderElection.java:askForVotes(178)) - 04d05b50-beb8-4841-9ce1-2061f7b42c80@group-F62649F7AF7F-LeaderElection33: begin an election at term 35 for 0: [6a83fe04-c8c3-48c1-8861-8f81e89cd03c:192.168.69.90:44841, 04d05b50-beb8-4841-9ce1-2061f7b42c80:192.168.69.90:35772, 0a72d9f0-d385-4350-a485-113e43f7c69c:192.168.69.90:33827], old=null
2019-10-15 21:54:42,345 [grpc-default-executor-3] INFO  impl.RaftServerImpl (RaftServerImpl.java:setRole(184)) - 6a83fe04-c8c3-48c1-8861-8f81e89cd03c@group-F62649F7AF7F: changes role from  FOLLOWER to FOLLOWER at term 35 for recognizeCandidate:04d05b50-beb8-4841-9ce1-2061f7b42c80
2019-10-15 21:54:42,345 [grpc-default-executor-3] INFO  impl.RoleInfo (RoleInfo.java:shutdownFollowerState(121)) - 6a83fe04-c8c3-48c1-8861-8f81e89cd03c: shutdown FollowerState
2019-10-15 21:54:42,345 [grpc-default-executor-4] INFO  impl.RaftServerImpl (RaftServerImpl.java:setRole(184)) - 0a72d9f0-d385-4350-a485-113e43f7c69c@group-F62649F7AF7F: changes role from  FOLLOWER to FOLLOWER at term 35 for recognizeCandidate:04d05b50-beb8-4841-9ce1-2061f7b42c80
2019-10-15 21:54:42,345 [Thread-758] INFO  impl.FollowerState (FollowerState.java:run(117)) - 6a83fe04-c8c3-48c1-8861-8f81e89cd03c@group-F62649F7AF7F-FollowerState was interrupted: java.lang.InterruptedException: sleep interrupted
2019-10-15 21:54:42,345 [grpc-default-executor-3] INFO  impl.RoleInfo (RoleInfo.java:updateAndGet(143)) - 6a83fe04-c8c3-48c1-8861-8f81e89cd03c: start FollowerState
2019-10-15 21:54:42,346 [grpc-default-executor-4] INFO  impl.RoleInfo (RoleInfo.java:shutdownFollowerState(121)) - 0a72d9f0-d385-4350-a485-113e43f7c69c: shutdown FollowerState
2019-10-15 21:54:42,346 [Thread-759] INFO  impl.FollowerState (FollowerState.java:run(117)) - 0a72d9f0-d385-4350-a485-113e43f7c69c@group-F62649F7AF7F-FollowerState was interrupted: java.lang.InterruptedException: sleep interrupted
2019-10-15 21:54:42,346 [grpc-default-executor-4] INFO  impl.RoleInfo (RoleInfo.java:updateAndGet(143)) - 0a72d9f0-d385-4350-a485-113e43f7c69c: start FollowerState
2019-10-15 21:54:42,362 [04d05b50-beb8-4841-9ce1-2061f7b42c80@group-F62649F7AF7F-LeaderElection33] INFO  impl.LeaderElection (LeaderElection.java:logAndReturn(56)) - 04d05b50-beb8-4841-9ce1-2061f7b42c80@group-F62649F7AF7F-LeaderElection33: Election REJECTED; received 2 response(s) [04d05b50-beb8-4841-9ce1-2061f7b42c80<-6a83fe04-c8c3-48c1-8861-8f81e89cd03c#0:FAIL-t35, 04d05b50-beb8-4841-9ce1-2061f7b42c80<-0a72d9f0-d385-4350-a485-113e43f7c69c#0:FAIL-t35] and 0 exception(s); 04d05b50-beb8-4841-9ce1-2061f7b42c80@group-F62649F7AF7F:t35, leader=null, voted=04d05b50-beb8-4841-9ce1-2061f7b42c80, raftlog=04d05b50-beb8-4841-9ce1-2061f7b42c80@group-F62649F7AF7F-SegmentedRaftLog:OPENED:c3,f4,i4, conf=0: [6a83fe04-c8c3-48c1-8861-8f81e89cd03c:192.168.69.90:44841, 04d05b50-beb8-4841-9ce1-2061f7b42c80:192.168.69.90:35772, 0a72d9f0-d385-4350-a485-113e43f7c69c:192.168.69.90:33827], old=null
2019-10-15 21:54:42,363 [04d05b50-beb8-4841-9ce1-2061f7b42c80@group-F62649F7AF7F-LeaderElection33] INFO  impl.RaftServerImpl (RaftServerImpl.java:setRole(184)) - 04d05b50-beb8-4841-9ce1-2061f7b42c80@group-F62649F7AF7F: changes role from CANDIDATE to FOLLOWER at term 35 for DISCOVERED_A_NEW_TERM
2019-10-15 21:54:42,363 [04d05b50-beb8-4841-9ce1-2061f7b42c80@group-F62649F7AF7F-LeaderElection33] INFO  impl.RoleInfo (RoleInfo.java:shutdownLeaderElection(134)) - 04d05b50-beb8-4841-9ce1-2061f7b42c80: shutdown LeaderElection
2019-10-15 21:54:42,363 [04d05b50-beb8-4841-9ce1-2061f7b42c80@group-F62649F7AF7F-LeaderElection33] INFO  impl.RoleInfo (RoleInfo.java:updateAndGet(143)) - 04d05b50-beb8-4841-9ce1-2061f7b42c80: start FollowerState
2019-10-15 21:54:42,505 [Thread-768] INFO  impl.FollowerState (FollowerState.java:run(108)) - 04d05b50-beb8-4841-9ce1-2061f7b42c80@group-F62649F7AF7F-FollowerState: change to CANDIDATE, lastRpcTime:142ms, electionTimeout:142ms
2019-10-15 21:54:42,506 [Thread-768] INFO  impl.RoleInfo (RoleInfo.java:shutdownFollowerState(121)) - 04d05b50-beb8-4841-9ce1-2061f7b42c80: shutdown FollowerState
2019-10-15 21:54:42,506 [Thread-768] INFO  impl.RaftServerImpl (RaftServerImpl.java:setRole(184)) - 04d05b50-beb8-4841-9ce1-2061f7b42c80@group-F62649F7AF7F: changes role from  FOLLOWER to CANDIDATE at term 35 for changeToCandidate
2019-10-15 21:54:42,506 [Thread-768] INFO  impl.RoleInfo (RoleInfo.java:updateAndGet(143)) - 04d05b50-beb8-4841-9ce1-2061f7b42c80: start LeaderElection
2019-10-15 21:54:42,521 [04d05b50-beb8-4841-9ce1-2061f7b42c80@group-F62649F7AF7F-LeaderElection34] INFO  impl.LeaderElection (LeaderElection.java:askForVotes(178)) - 04d05b50-beb8-4841-9ce1-2061f7b42c80@group-F62649F7AF7F-LeaderElection34: begin an election at term 36 for 0: [6a83fe04-c8c3-48c1-8861-8f81e89cd03c:192.168.69.90:44841, 04d05b50-beb8-4841-9ce1-2061f7b42c80:192.168.69.90:35772, 0a72d9f0-d385-4350-a485-113e43f7c69c:192.168.69.90:33827], old=null
2019-10-15 21:54:42,524 [grpc-default-executor-4] INFO  impl.RaftServerImpl (RaftServerImpl.java:setRole(184)) - 6a83fe04-c8c3-48c1-8861-8f81e89cd03c@group-F62649F7AF7F: changes role from  FOLLOWER to FOLLOWER at term 36 for recognizeCandidate:04d05b50-beb8-4841-9ce1-2061f7b42c80
2019-10-15 21:54:42,524 [grpc-default-executor-3] INFO  impl.RaftServerImpl (RaftServerImpl.java:setRole(184)) - 0a72d9f0-d385-4350-a485-113e43f7c69c@group-F62649F7AF7F: changes role from  FOLLOWER to FOLLOWER at term 36 for recognizeCandidate:04d05b50-beb8-4841-9ce1-2061f7b42c80
2019-10-15 21:54:42,524 [grpc-default-executor-3] INFO  impl.RoleInfo (RoleInfo.java:shutdownFollowerState(121)) - 0a72d9f0-d385-4350-a485-113e43f7c69c: shutdown FollowerState
2019-10-15 21:54:42,524 [grpc-default-executor-4] INFO  impl.RoleInfo (RoleInfo.java:shutdownFollowerState(121)) - 6a83fe04-c8c3-48c1-8861-8f81e89cd03c: shutdown FollowerState
2019-10-15 21:54:42,524 [Thread-767] INFO  impl.FollowerState (FollowerState.java:run(117)) - 0a72d9f0-d385-4350-a485-113e43f7c69c@group-F62649F7AF7F-FollowerState was interrupted: java.lang.InterruptedException: sleep interrupted
2019-10-15 21:54:42,524 [grpc-default-executor-4] INFO  impl.RoleInfo (RoleInfo.java:updateAndGet(143)) - 6a83fe04-c8c3-48c1-8861-8f81e89cd03c: start FollowerState
2019-10-15 21:54:42,524 [grpc-default-executor-3] INFO  impl.RoleInfo (RoleInfo.java:updateAndGet(143)) - 0a72d9f0-d385-4350-a485-113e43f7c69c: start FollowerState
2019-10-15 21:54:42,524 [Thread-766] INFO  impl.FollowerState (FollowerState.java:run(117)) - 6a83fe04-c8c3-48c1-8861-8f81e89cd03c@group-F62649F7AF7F-FollowerState was interrupted: java.lang.InterruptedException: sleep interrupted
2019-10-15 21:54:42,551 [04d05b50-beb8-4841-9ce1-2061f7b42c80@group-F62649F7AF7F-LeaderElection34] INFO  impl.LeaderElection (LeaderElection.java:logAndReturn(56)) - 04d05b50-beb8-4841-9ce1-2061f7b42c80@group-F62649F7AF7F-LeaderElection34: Election REJECTED; received 2 response(s) [04d05b50-beb8-4841-9ce1-2061f7b42c80<-6a83fe04-c8c3-48c1-8861-8f81e89cd03c#0:FAIL-t36, 04d05b50-beb8-4841-9ce1-2061f7b42c80<-0a72d9f0-d385-4350-a485-113e43f7c69c#0:FAIL-t36] and 0 exception(s); 04d05b50-beb8-4841-9ce1-2061f7b42c80@group-F62649F7AF7F:t36, leader=null, voted=04d05b50-beb8-4841-9ce1-2061f7b42c80, raftlog=04d05b50-beb8-4841-9ce1-2061f7b42c80@group-F62649F7AF7F-SegmentedRaftLog:OPENED:c3,f4,i4, conf=0: [6a83fe04-c8c3-48c1-8861-8f81e89cd03c:192.168.69.90:44841, 04d05b50-beb8-4841-9ce1-2061f7b42c80:192.168.69.90:35772, 0a72d9f0-d385-4350-a485-113e43f7c69c:192.168.69.90:33827], old=null
2019-10-15 21:54:42,552 [04d05b50-beb8-4841-9ce1-2061f7b42c80@group-F62649F7AF7F-LeaderElection34] INFO  impl.RaftServerImpl (RaftServerImpl.java:setRole(184)) - 04d05b50-beb8-4841-9ce1-2061f7b42c80@group-F62649F7AF7F: changes role from CANDIDATE to FOLLOWER at term 36 for DISCOVERED_A_NEW_TERM
2019-10-15 21:54:42,552 [04d05b50-beb8-4841-9ce1-2061f7b42c80@group-F62649F7AF7F-LeaderElection34] INFO  impl.RoleInfo (RoleInfo.java:shutdownLeaderElection(134)) - 04d05b50-beb8-4841-9ce1-2061f7b42c80: shutdown LeaderElection
2019-10-15 21:54:42,552 [04d05b50-beb8-4841-9ce1-2061f7b42c80@group-F62649F7AF7F-LeaderElection34] INFO  impl.RoleInfo (RoleInfo.java:updateAndGet(143)) - 04d05b50-beb8-4841-9ce1-2061f7b42c80: start FollowerState
2019-10-15 21:54:42,662 [Thread-774] INFO  impl.FollowerState (FollowerState.java:run(108)) - 04d05b50-beb8-4841-9ce1-2061f7b42c80@group-F62649F7AF7F-FollowerState: change to CANDIDATE, lastRpcTime:110ms, electionTimeout:110ms
2019-10-15 21:54:42,662 [Thread-774] INFO  impl.RoleInfo (RoleInfo.java:shutdownFollowerState(121)) - 04d05b50-beb8-4841-9ce1-2061f7b42c80: shutdown FollowerState
2019-10-15 21:54:42,663 [Thread-774] INFO  impl.RaftServerImpl (RaftServerImpl.java:setRole(184)) - 04d05b50-beb8-4841-9ce1-2061f7b42c80@group-F62649F7AF7F: changes role from  FOLLOWER to CANDIDATE at term 36 for changeToCandidate
2019-10-15 21:54:42,663 [Thread-774] INFO  impl.RoleInfo (RoleInfo.java:updateAndGet(143)) - 04d05b50-beb8-4841-9ce1-2061f7b42c80: start LeaderElection
2019-10-15 21:54:42,678 [04d05b50-beb8-4841-9ce1-2061f7b42c80@group-F62649F7AF7F-LeaderElection35] INFO  impl.LeaderElection (LeaderElection.java:askForVotes(178)) - 04d05b50-beb8-4841-9ce1-2061f7b42c80@group-F62649F7AF7F-LeaderElection35: begin an election at term 37 for 0: [6a83fe04-c8c3-48c1-8861-8f81e89cd03c:192.168.69.90:44841, 04d05b50-beb8-4841-9ce1-2061f7b42c80:192.168.69.90:35772, 0a72d9f0-d385-4350-a485-113e43f7c69c:192.168.69.90:33827], old=null
2019-10-15 21:54:42,680 [grpc-default-executor-4] INFO  impl.RaftServerImpl (RaftServerImpl.java:setRole(184)) - 6a83fe04-c8c3-48c1-8861-8f81e89cd03c@group-F62649F7AF7F: changes role from  FOLLOWER to FOLLOWER at term 37 for recognizeCandidate:04d05b50-beb8-4841-9ce1-2061f7b42c80
2019-10-15 21:54:42,680 [grpc-default-executor-4] INFO  impl.RoleInfo (RoleInfo.java:shutdownFollowerState(121)) - 6a83fe04-c8c3-48c1-8861-8f81e89cd03c: shutdown FollowerState
2019-10-15 21:54:42,680 [grpc-default-executor-3] INFO  impl.RaftServerImpl (RaftServerImpl.java:setRole(184)) - 0a72d9f0-d385-4350-a485-113e43f7c69c@group-F62649F7AF7F: changes role from  FOLLOWER to FOLLOWER at term 37 for recognizeCandidate:04d05b50-beb8-4841-9ce1-2061f7b42c80
2019-10-15 21:54:42,681 [grpc-default-executor-3] INFO  impl.RoleInfo (RoleInfo.java:shutdownFollowerState(121)) - 0a72d9f0-d385-4350-a485-113e43f7c69c: shutdown FollowerState
2019-10-15 21:54:42,681 [Thread-773] INFO  impl.FollowerState (FollowerState.java:run(117)) - 6a83fe04-c8c3-48c1-8861-8f81e89cd03c@group-F62649F7AF7F-FollowerState was interrupted: java.lang.InterruptedException: sleep interrupted
2019-10-15 21:54:42,681 [grpc-default-executor-4] INFO  impl.RoleInfo (RoleInfo.java:updateAndGet(143)) - 6a83fe04-c8c3-48c1-8861-8f81e89cd03c: start FollowerState
2019-10-15 21:54:42,681 [Thread-772] INFO  impl.FollowerState (FollowerState.java:run(117)) - 0a72d9f0-d385-4350-a485-113e43f7c69c@group-F62649F7AF7F-FollowerState was interrupted: java.lang.InterruptedException: sleep interrupted
2019-10-15 21:54:42,681 [grpc-default-executor-3] INFO  impl.RoleInfo (RoleInfo.java:updateAndGet(143)) - 0a72d9f0-d385-4350-a485-113e43f7c69c: start FollowerState
2019-10-15 21:54:42,708 [04d05b50-beb8-4841-9ce1-2061f7b42c80@group-F62649F7AF7F-LeaderElection35] INFO  impl.LeaderElection (LeaderElection.java:logAndReturn(56)) - 04d05b50-beb8-4841-9ce1-2061f7b42c80@group-F62649F7AF7F-LeaderElection35: Election REJECTED; received 2 response(s) [04d05b50-beb8-4841-9ce1-2061f7b42c80<-6a83fe04-c8c3-48c1-8861-8f81e89cd03c#0:FAIL-t37, 04d05b50-beb8-4841-9ce1-2061f7b42c80<-0a72d9f0-d385-4350-a485-113e43f7c69c#0:FAIL-t37] and 0 exception(s); 04d05b50-beb8-4841-9ce1-2061f7b42c80@group-F62649F7AF7F:t37, leader=null, voted=04d05b50-beb8-4841-9ce1-2061f7b42c80, raftlog=04d05b50-beb8-4841-9ce1-2061f7b42c80@group-F62649F7AF7F-SegmentedRaftLog:OPENED:c3,f4,i4, conf=0: [6a83fe04-c8c3-48c1-8861-8f81e89cd03c:192.168.69.90:44841, 04d05b50-beb8-4841-9ce1-2061f7b42c80:192.168.69.90:35772, 0a72d9f0-d385-4350-a485-113e43f7c69c:192.168.69.90:33827], old=null
2019-10-15 21:54:42,708 [04d05b50-beb8-4841-9ce1-2061f7b42c80@group-F62649F7AF7F-LeaderElection35] INFO  impl.RaftServerImpl (RaftServerImpl.java:setRole(184)) - 04d05b50-beb8-4841-9ce1-2061f7b42c80@group-F62649F7AF7F: changes role from CANDIDATE to FOLLOWER at term 37 for DISCOVERED_A_NEW_TERM
2019-10-15 21:54:42,708 [04d05b50-beb8-4841-9ce1-2061f7b42c80@group-F62649F7AF7F-LeaderElection35] INFO  impl.RoleInfo (RoleInfo.java:shutdownLeaderElection(134)) - 04d05b50-beb8-4841-9ce1-2061f7b42c80: shutdown LeaderElection
2019-10-15 21:54:42,708 [04d05b50-beb8-4841-9ce1-2061f7b42c80@group-F62649F7AF7F-LeaderElection35] INFO  impl.RoleInfo (RoleInfo.java:updateAndGet(143)) - 04d05b50-beb8-4841-9ce1-2061f7b42c80: start FollowerState
2019-10-15 21:54:42,801 [EventQueue-PendingDeleteStatusForPendingDeleteHandler] INFO  block.SCMBlockDeletingService (SCMBlockDeletingService.java:handlePendingDeletes(115)) - Block deletion txnID mismatch in datanode 04d05b50-beb8-4841-9ce1-2061f7b42c80 for containerID 1. Datanode delete txnID: 0, SCM txnID: 1
2019-10-15 21:54:42,872 [Thread-780] INFO  impl.FollowerState (FollowerState.java:run(108)) - 04d05b50-beb8-4841-9ce1-2061f7b42c80@group-F62649F7AF7F-FollowerState: change to CANDIDATE, lastRpcTime:163ms, electionTimeout:163ms
2019-10-15 21:54:42,872 [Thread-780] INFO  impl.RoleInfo (RoleInfo.java:shutdownFollowerState(121)) - 04d05b50-beb8-4841-9ce1-2061f7b42c80: shutdown FollowerState
2019-10-15 21:54:42,872 [Thread-780] INFO  impl.RaftServerImpl (RaftServerImpl.java:setRole(184)) - 04d05b50-beb8-4841-9ce1-2061f7b42c80@group-F62649F7AF7F: changes role from  FOLLOWER to CANDIDATE at term 37 for changeToCandidate
2019-10-15 21:54:42,872 [Thread-780] INFO  impl.RoleInfo (RoleInfo.java:updateAndGet(143)) - 04d05b50-beb8-4841-9ce1-2061f7b42c80: start LeaderElection
2019-10-15 21:54:42,886 [04d05b50-beb8-4841-9ce1-2061f7b42c80@group-F62649F7AF7F-LeaderElection36] INFO  impl.LeaderElection (LeaderElection.java:askForVotes(178)) - 04d05b50-beb8-4841-9ce1-2061f7b42c80@group-F62649F7AF7F-LeaderElection36: begin an election at term 38 for 0: [6a83fe04-c8c3-48c1-8861-8f81e89cd03c:192.168.69.90:44841, 04d05b50-beb8-4841-9ce1-2061f7b42c80:192.168.69.90:35772, 0a72d9f0-d385-4350-a485-113e43f7c69c:192.168.69.90:33827], old=null
2019-10-15 21:54:42,889 [grpc-default-executor-4] INFO  impl.RaftServerImpl (RaftServerImpl.java:setRole(184)) - 6a83fe04-c8c3-48c1-8861-8f81e89cd03c@group-F62649F7AF7F: changes role from  FOLLOWER to FOLLOWER at term 38 for recognizeCandidate:04d05b50-beb8-4841-9ce1-2061f7b42c80
2019-10-15 21:54:42,889 [grpc-default-executor-4] INFO  impl.RoleInfo (RoleInfo.java:shutdownFollowerState(121)) - 6a83fe04-c8c3-48c1-8861-8f81e89cd03c: shutdown FollowerState
2019-10-15 21:54:42,889 [grpc-default-executor-3] INFO  impl.RaftServerImpl (RaftServerImpl.java:setRole(184)) - 0a72d9f0-d385-4350-a485-113e43f7c69c@group-F62649F7AF7F: changes role from  FOLLOWER to FOLLOWER at term 38 for recognizeCandidate:04d05b50-beb8-4841-9ce1-2061f7b42c80
2019-10-15 21:54:42,889 [grpc-default-executor-4] INFO  impl.RoleInfo (RoleInfo.java:updateAndGet(143)) - 6a83fe04-c8c3-48c1-8861-8f81e89cd03c: start FollowerState
2019-10-15 21:54:42,889 [Thread-778] INFO  impl.FollowerState (FollowerState.java:run(117)) - 6a83fe04-c8c3-48c1-8861-8f81e89cd03c@group-F62649F7AF7F-FollowerState was interrupted: java.lang.InterruptedException: sleep interrupted
2019-10-15 21:54:42,889 [grpc-default-executor-3] INFO  impl.RoleInfo (RoleInfo.java:shutdownFollowerState(121)) - 0a72d9f0-d385-4350-a485-113e43f7c69c: shutdown FollowerState
2019-10-15 21:54:42,890 [grpc-default-executor-3] INFO  impl.RoleInfo (RoleInfo.java:updateAndGet(143)) - 0a72d9f0-d385-4350-a485-113e43f7c69c: start FollowerState
2019-10-15 21:54:42,890 [Thread-779] INFO  impl.FollowerState (FollowerState.java:run(117)) - 0a72d9f0-d385-4350-a485-113e43f7c69c@group-F62649F7AF7F-FollowerState was interrupted: java.lang.InterruptedException: sleep interrupted
2019-10-15 21:54:42,906 [04d05b50-beb8-4841-9ce1-2061f7b42c80@group-F62649F7AF7F-LeaderElection36] INFO  impl.LeaderElection (LeaderElection.java:logAndReturn(56)) - 04d05b50-beb8-4841-9ce1-2061f7b42c80@group-F62649F7AF7F-LeaderElection36: Election REJECTED; received 2 response(s) [04d05b50-beb8-4841-9ce1-2061f7b42c80<-6a83fe04-c8c3-48c1-8861-8f81e89cd03c#0:FAIL-t38, 04d05b50-beb8-4841-9ce1-2061f7b42c80<-0a72d9f0-d385-4350-a485-113e43f7c69c#0:FAIL-t38] and 0 exception(s); 04d05b50-beb8-4841-9ce1-2061f7b42c80@group-F62649F7AF7F:t38, leader=null, voted=04d05b50-beb8-4841-9ce1-2061f7b42c80, raftlog=04d05b50-beb8-4841-9ce1-2061f7b42c80@group-F62649F7AF7F-SegmentedRaftLog:OPENED:c3,f4,i4, conf=0: [6a83fe04-c8c3-48c1-8861-8f81e89cd03c:192.168.69.90:44841, 04d05b50-beb8-4841-9ce1-2061f7b42c80:192.168.69.90:35772, 0a72d9f0-d385-4350-a485-113e43f7c69c:192.168.69.90:33827], old=null
2019-10-15 21:54:42,907 [04d05b50-beb8-4841-9ce1-2061f7b42c80@group-F62649F7AF7F-LeaderElection36] INFO  impl.RaftServerImpl (RaftServerImpl.java:setRole(184)) - 04d05b50-beb8-4841-9ce1-2061f7b42c80@group-F62649F7AF7F: changes role from CANDIDATE to FOLLOWER at term 38 for DISCOVERED_A_NEW_TERM
2019-10-15 21:54:42,907 [04d05b50-beb8-4841-9ce1-2061f7b42c80@group-F62649F7AF7F-LeaderElection36] INFO  impl.RoleInfo (RoleInfo.java:shutdownLeaderElection(134)) - 04d05b50-beb8-4841-9ce1-2061f7b42c80: shutdown LeaderElection
2019-10-15 21:54:42,907 [04d05b50-beb8-4841-9ce1-2061f7b42c80@group-F62649F7AF7F-LeaderElection36] INFO  impl.RoleInfo (RoleInfo.java:updateAndGet(143)) - 04d05b50-beb8-4841-9ce1-2061f7b42c80: start FollowerState
2019-10-15 21:54:42,909 [grpc-default-executor-4] INFO  impl.RaftServerProxy (RaftServerProxy.java:addNew(89)) - 04d05b50-beb8-4841-9ce1-2061f7b42c80: addNew group-78C488822B0D:[04d05b50-beb8-4841-9ce1-2061f7b42c80:192.168.69.90:35772] returns group-78C488822B0D:java.util.concurrent.CompletableFuture@7841df37[Not completed]
2019-10-15 21:54:42,910 [pool-59-thread-1] INFO  impl.RaftServerImpl (RaftServerImpl.java:<init>(104)) - 04d05b50-beb8-4841-9ce1-2061f7b42c80: new RaftServerImpl for group-78C488822B0D:[04d05b50-beb8-4841-9ce1-2061f7b42c80:192.168.69.90:35772] with ContainerStateMachine:uninitialized
2019-10-15 21:54:42,910 [pool-59-thread-1] INFO  server.RaftServerConfigKeys (ConfUtils.java:logGet(43)) - raft.server.rpc.timeout.min = 5s (custom)
2019-10-15 21:54:42,910 [pool-59-thread-1] INFO  server.RaftServerConfigKeys (ConfUtils.java:logGet(43)) - raft.server.rpc.timeout.max = 5200ms (custom)
2019-10-15 21:54:42,910 [pool-59-thread-1] INFO  server.RaftServerConfigKeys (ConfUtils.java:logGet(43)) - raft.server.rpcslowness.timeout = 1000s (custom)
2019-10-15 21:54:42,911 [pool-59-thread-1] INFO  server.RaftServerConfigKeys (ConfUtils.java:logGet(43)) - raft.server.sleep.deviation.threshold = 300 (default)
2019-10-15 21:54:42,911 [pool-59-thread-1] INFO  server.RaftServerConfigKeys (ConfUtils.java:logGet(43)) - raft.server.log.appender.install.snapshot.enabled = false (custom)
2019-10-15 21:54:42,911 [pool-59-thread-1] INFO  impl.RaftServerImpl (ServerState.java:<init>(103)) - 04d05b50-beb8-4841-9ce1-2061f7b42c80@group-78C488822B0D: ConfigurationManager, init=-1: [04d05b50-beb8-4841-9ce1-2061f7b42c80:192.168.69.90:35772], old=null, confs=<EMPTY_MAP>
2019-10-15 21:54:42,911 [pool-59-thread-1] INFO  server.RaftServerConfigKeys (ConfUtils.java:logGet(43)) - raft.server.storage.dir = [/workdir/hadoop-ozone/integration-test/target/test-dir/MiniOzoneClusterImpl-b3c83117-10f6-4176-911a-f0fe566d843f/datanode-2/data/ratis] (custom)
2019-10-15 21:54:42,911 [pool-59-thread-1] INFO  server.RaftServerConfigKeys (ConfUtils.java:logGet(43)) - raft.server.log.corruption.policy = EXCEPTION (default)
2019-10-15 21:54:42,911 [pool-59-thread-1] INFO  storage.RaftStorageDirectory (RaftStorageDirectory.java:analyzeStorage(246)) - The storage directory /workdir/hadoop-ozone/integration-test/target/test-dir/MiniOzoneClusterImpl-b3c83117-10f6-4176-911a-f0fe566d843f/datanode-2/data/ratis/361c17db-ef77-4608-be0a-78c488822b0d does not exist. Creating ...
2019-10-15 21:54:42,926 [pool-59-thread-1] INFO  storage.RaftStorageDirectory (RaftStorageDirectory.java:tryLock(328)) - Lock on /workdir/hadoop-ozone/integration-test/target/test-dir/MiniOzoneClusterImpl-b3c83117-10f6-4176-911a-f0fe566d843f/datanode-2/data/ratis/361c17db-ef77-4608-be0a-78c488822b0d/in_use.lock acquired by nodename 27833@pr-revert-24-hdds-2181-89r8m-3343634851
2019-10-15 21:54:42,938 [pool-59-thread-1] INFO  storage.RaftStorage (RaftStorage.java:format(84)) - Storage directory /workdir/hadoop-ozone/integration-test/target/test-dir/MiniOzoneClusterImpl-b3c83117-10f6-4176-911a-f0fe566d843f/datanode-2/data/ratis/361c17db-ef77-4608-be0a-78c488822b0d has been successfully formatted.
2019-10-15 21:54:42,939 [pool-59-thread-1] INFO  ratis.ContainerStateMachine (ContainerStateMachine.java:loadSnapshot(231)) - group-78C488822B0D: The snapshot info is null. Setting the last applied indexto:(t:0, i:~)
2019-10-15 21:54:42,939 [pool-59-thread-1] INFO  server.RaftServerConfigKeys (ConfUtils.java:logGet(43)) - raft.server.notification.no-leader.timeout = 1000s (custom)
2019-10-15 21:54:42,939 [pool-59-thread-1] INFO  server.RaftServerConfigKeys (ConfUtils.java:logGet(43)) - raft.server.log.use.memory = false (default)
2019-10-15 21:54:42,939 [pool-59-thread-1] INFO  server.RaftServerConfigKeys (ConfUtils.java:logGet(43)) - raft.server.log.purge.gap = 1000000 (custom)
2019-10-15 21:54:42,939 [pool-59-thread-1] INFO  server.RaftServerConfigKeys (ConfUtils.java:logGet(43)) - raft.server.log.appender.buffer.byte-limit = 33554432 (custom)
2019-10-15 21:54:42,939 [pool-59-thread-1] INFO  server.RaftServerConfigKeys (ConfUtils.java:logGet(43)) - raft.server.log.segment.size.max = 1048576 (custom)
2019-10-15 21:54:42,939 [pool-59-thread-1] INFO  server.RaftServerConfigKeys (ConfUtils.java:logGet(43)) - raft.server.log.segment.cache.num.max = 2 (custom)
2019-10-15 21:54:42,939 [pool-59-thread-1] INFO  segmented.SegmentedRaftLogWorker (SegmentedRaftLogWorker.java:<init>(173)) - new 04d05b50-beb8-4841-9ce1-2061f7b42c80@group-78C488822B0D-SegmentedRaftLogWorker for RaftStorage:Storage Directory /workdir/hadoop-ozone/integration-test/target/test-dir/MiniOzoneClusterImpl-b3c83117-10f6-4176-911a-f0fe566d843f/datanode-2/data/ratis/361c17db-ef77-4608-be0a-78c488822b0d
2019-10-15 21:54:42,940 [pool-59-thread-1] INFO  server.RaftServerConfigKeys (ConfUtils.java:logGet(43)) - raft.server.log.queue.byte-limit = 2147483647 (custom)
2019-10-15 21:54:42,940 [pool-59-thread-1] INFO  server.RaftServerConfigKeys (ConfUtils.java:logGet(43)) - raft.server.log.queue.element-limit = 1024 (custom)
2019-10-15 21:54:42,940 [pool-59-thread-1] INFO  server.RaftServerConfigKeys (ConfUtils.java:logGet(43)) - raft.server.log.segment.size.max = 1048576 (custom)
2019-10-15 21:54:42,940 [pool-59-thread-1] INFO  server.RaftServerConfigKeys (ConfUtils.java:logGet(43)) - raft.server.log.preallocated.size = 16384 (custom)
2019-10-15 21:54:42,940 [pool-59-thread-1] INFO  server.RaftServerConfigKeys (ConfUtils.java:logGet(43)) - raft.server.log.write.buffer.size = 33554432 (custom)
2019-10-15 21:54:42,940 [pool-59-thread-1] INFO  server.RaftServerConfigKeys (ConfUtils.java:logGet(43)) - raft.server.log.force.sync.num = 128 (default)
2019-10-15 21:54:42,940 [pool-59-thread-1] INFO  server.RaftServerConfigKeys (ConfUtils.java:logGet(43)) - raft.server.log.statemachine.data.sync = true (default)
2019-10-15 21:54:42,940 [pool-59-thread-1] INFO  server.RaftServerConfigKeys (ConfUtils.java:logGet(43)) - raft.server.log.statemachine.data.sync.timeout = 10s (default)
2019-10-15 21:54:42,940 [pool-59-thread-1] INFO  server.RaftServerConfigKeys (ConfUtils.java:logGet(43)) - raft.server.log.statemachine.data.sync.timeout.retry = -1 (default)
2019-10-15 21:54:42,940 [pool-59-thread-1] INFO  server.RaftServerConfigKeys (ConfUtils.java:logGet(43)) - raft.server.log.statemachine.data.caching.enabled = true (custom)
2019-10-15 21:54:42,941 [pool-59-thread-1] INFO  segmented.SegmentedRaftLogWorker (SegmentedRaftLogWorker.java:lambda$new$0(128)) - 04d05b50-beb8-4841-9ce1-2061f7b42c80@group-78C488822B0D-SegmentedRaftLogWorker: flushIndex: setUnconditionally 0 -> -1
2019-10-15 21:54:42,941 [pool-59-thread-1] INFO  server.RaftServerConfigKeys (ConfUtils.java:logGet(43)) - raft.server.snapshot.auto.trigger.enabled = true (custom)
2019-10-15 21:54:42,941 [pool-59-thread-1] INFO  server.RaftServerConfigKeys (ConfUtils.java:logGet(43)) - raft.server.snapshot.auto.trigger.threshold = 10000 (custom)
2019-10-15 21:54:42,941 [pool-59-thread-1] INFO  server.RaftServerConfigKeys (ConfUtils.java:logGet(43)) - raft.server.snapshot.retention.file.num = 5 (custom)
2019-10-15 21:54:42,941 [pool-59-thread-1] INFO  server.RaftServerConfigKeys (ConfUtils.java:logGet(43)) - raft.server.retrycache.expirytime = 600000ms (custom)
2019-10-15 21:54:42,944 [pool-59-thread-1] INFO  impl.RaftServerImpl (RaftServerImpl.java:start(195)) - 04d05b50-beb8-4841-9ce1-2061f7b42c80@group-78C488822B0D: start as a follower, conf=-1: [04d05b50-beb8-4841-9ce1-2061f7b42c80:192.168.69.90:35772], old=null
2019-10-15 21:54:42,944 [pool-59-thread-1] INFO  impl.RaftServerImpl (RaftServerImpl.java:setRole(184)) - 04d05b50-beb8-4841-9ce1-2061f7b42c80@group-78C488822B0D: changes role from      null to FOLLOWER at term 0 for startAsFollower
2019-10-15 21:54:42,944 [pool-59-thread-1] INFO  impl.RoleInfo (RoleInfo.java:updateAndGet(143)) - 04d05b50-beb8-4841-9ce1-2061f7b42c80: start FollowerState
2019-10-15 21:54:42,944 [pool-59-thread-1] INFO  util.JmxRegister (JmxRegister.java:tryRegister(44)) - Successfully registered JMX Bean with object name Ratis:service=RaftServer,group=group-78C488822B0D,id=04d05b50-beb8-4841-9ce1-2061f7b42c80
2019-10-15 21:54:42,951 [RatisPipelineUtilsThread] INFO  pipeline.PipelineStateManager (PipelineStateManager.java:addPipeline(56)) - Created pipeline Pipeline[ Id: 361c17db-ef77-4608-be0a-78c488822b0d, Nodes: 04d05b50-beb8-4841-9ce1-2061f7b42c80{ip: 192.168.69.90, host: pr-revert-24-hdds-2181-89r8m-3343634851, networkLocation: /default-rack, certSerialId: null}, Type:RATIS, Factor:ONE, State:OPEN]
2019-10-15 21:54:42,969 [grpc-default-executor-3] INFO  impl.RaftServerProxy (RaftServerProxy.java:addNew(89)) - 0a72d9f0-d385-4350-a485-113e43f7c69c: addNew group-3067578E25A4:[6a83fe04-c8c3-48c1-8861-8f81e89cd03c:192.168.69.90:44841, 04d05b50-beb8-4841-9ce1-2061f7b42c80:192.168.69.90:35772, 0a72d9f0-d385-4350-a485-113e43f7c69c:192.168.69.90:33827] returns group-3067578E25A4:java.util.concurrent.CompletableFuture@7c8f647c[Not completed]
2019-10-15 21:54:42,970 [grpc-default-executor-4] INFO  impl.RaftServerProxy (RaftServerProxy.java:addNew(89)) - 6a83fe04-c8c3-48c1-8861-8f81e89cd03c: addNew group-3067578E25A4:[6a83fe04-c8c3-48c1-8861-8f81e89cd03c:192.168.69.90:44841, 04d05b50-beb8-4841-9ce1-2061f7b42c80:192.168.69.90:35772, 0a72d9f0-d385-4350-a485-113e43f7c69c:192.168.69.90:33827] returns group-3067578E25A4:java.util.concurrent.CompletableFuture@397cd50c[Not completed]
2019-10-15 21:54:42,971 [grpc-default-executor-4] INFO  impl.RaftServerProxy (RaftServerProxy.java:addNew(89)) - 04d05b50-beb8-4841-9ce1-2061f7b42c80: addNew group-3067578E25A4:[6a83fe04-c8c3-48c1-8861-8f81e89cd03c:192.168.69.90:44841, 04d05b50-beb8-4841-9ce1-2061f7b42c80:192.168.69.90:35772, 0a72d9f0-d385-4350-a485-113e43f7c69c:192.168.69.90:33827] returns group-3067578E25A4:java.util.concurrent.CompletableFuture@7ec12f33[Not completed]
2019-10-15 21:54:42,971 [pool-27-thread-1] INFO  impl.RaftServerImpl (RaftServerImpl.java:<init>(104)) - 0a72d9f0-d385-4350-a485-113e43f7c69c: new RaftServerImpl for group-3067578E25A4:[6a83fe04-c8c3-48c1-8861-8f81e89cd03c:192.168.69.90:44841, 04d05b50-beb8-4841-9ce1-2061f7b42c80:192.168.69.90:35772, 0a72d9f0-d385-4350-a485-113e43f7c69c:192.168.69.90:33827] with ContainerStateMachine:uninitialized
2019-10-15 21:54:42,971 [pool-27-thread-1] INFO  server.RaftServerConfigKeys (ConfUtils.java:logGet(43)) - raft.server.rpc.timeout.min = 5s (custom)
2019-10-15 21:54:42,971 [pool-27-thread-1] INFO  server.RaftServerConfigKeys (ConfUtils.java:logGet(43)) - raft.server.rpc.timeout.max = 5200ms (custom)
2019-10-15 21:54:42,972 [pool-27-thread-1] INFO  server.RaftServerConfigKeys (ConfUtils.java:logGet(43)) - raft.server.rpcslowness.timeout = 1000s (custom)
2019-10-15 21:54:42,972 [pool-59-thread-1] INFO  impl.RaftServerImpl (RaftServerImpl.java:<init>(104)) - 04d05b50-beb8-4841-9ce1-2061f7b42c80: new RaftServerImpl for group-3067578E25A4:[6a83fe04-c8c3-48c1-8861-8f81e89cd03c:192.168.69.90:44841, 04d05b50-beb8-4841-9ce1-2061f7b42c80:192.168.69.90:35772, 0a72d9f0-d385-4350-a485-113e43f7c69c:192.168.69.90:33827] with ContainerStateMachine:uninitialized
2019-10-15 21:54:42,972 [pool-27-thread-1] INFO  server.RaftServerConfigKeys (ConfUtils.java:logGet(43)) - raft.server.sleep.deviation.threshold = 300 (default)
2019-10-15 21:54:42,972 [pool-59-thread-1] INFO  server.RaftServerConfigKeys (ConfUtils.java:logGet(43)) - raft.server.rpc.timeout.min = 5s (custom)
2019-10-15 21:54:42,972 [pool-27-thread-1] INFO  server.RaftServerConfigKeys (ConfUtils.java:logGet(43)) - raft.server.log.appender.install.snapshot.enabled = false (custom)
2019-10-15 21:54:42,972 [pool-59-thread-1] INFO  server.RaftServerConfigKeys (ConfUtils.java:logGet(43)) - raft.server.rpc.timeout.max = 5200ms (custom)
2019-10-15 21:54:42,972 [pool-27-thread-1] INFO  impl.RaftServerImpl (ServerState.java:<init>(103)) - 0a72d9f0-d385-4350-a485-113e43f7c69c@group-3067578E25A4: ConfigurationManager, init=-1: [6a83fe04-c8c3-48c1-8861-8f81e89cd03c:192.168.69.90:44841, 04d05b50-beb8-4841-9ce1-2061f7b42c80:192.168.69.90:35772, 0a72d9f0-d385-4350-a485-113e43f7c69c:192.168.69.90:33827], old=null, confs=<EMPTY_MAP>
2019-10-15 21:54:42,972 [pool-59-thread-1] INFO  server.RaftServerConfigKeys (ConfUtils.java:logGet(43)) - raft.server.rpcslowness.timeout = 1000s (custom)
2019-10-15 21:54:42,973 [pool-59-thread-1] INFO  server.RaftServerConfigKeys (ConfUtils.java:logGet(43)) - raft.server.sleep.deviation.threshold = 300 (default)
2019-10-15 21:54:42,973 [pool-27-thread-1] INFO  server.RaftServerConfigKeys (ConfUtils.java:logGet(43)) - raft.server.storage.dir = [/workdir/hadoop-ozone/integration-test/target/test-dir/MiniOzoneClusterImpl-b3c83117-10f6-4176-911a-f0fe566d843f/datanode-0/data/ratis] (custom)
2019-10-15 21:54:42,973 [pool-37-thread-1] INFO  impl.RaftServerImpl (RaftServerImpl.java:<init>(104)) - 6a83fe04-c8c3-48c1-8861-8f81e89cd03c: new RaftServerImpl for group-3067578E25A4:[6a83fe04-c8c3-48c1-8861-8f81e89cd03c:192.168.69.90:44841, 04d05b50-beb8-4841-9ce1-2061f7b42c80:192.168.69.90:35772, 0a72d9f0-d385-4350-a485-113e43f7c69c:192.168.69.90:33827] with ContainerStateMachine:uninitialized
2019-10-15 21:54:42,973 [pool-59-thread-1] INFO  server.RaftServerConfigKeys (ConfUtils.java:logGet(43)) - raft.server.log.appender.install.snapshot.enabled = false (custom)
2019-10-15 21:54:42,973 [pool-37-thread-1] INFO  server.RaftServerConfigKeys (ConfUtils.java:logGet(43)) - raft.server.rpc.timeout.min = 5s (custom)
2019-10-15 21:54:42,973 [pool-27-thread-1] INFO  server.RaftServerConfigKeys (ConfUtils.java:logGet(43)) - raft.server.log.corruption.policy = EXCEPTION (default)
2019-10-15 21:54:42,973 [pool-37-thread-1] INFO  server.RaftServerConfigKeys (ConfUtils.java:logGet(43)) - raft.server.rpc.timeout.max = 5200ms (custom)
2019-10-15 21:54:42,973 [pool-59-thread-1] INFO  impl.RaftServerImpl (ServerState.java:<init>(103)) - 04d05b50-beb8-4841-9ce1-2061f7b42c80@group-3067578E25A4: ConfigurationManager, init=-1: [6a83fe04-c8c3-48c1-8861-8f81e89cd03c:192.168.69.90:44841, 04d05b50-beb8-4841-9ce1-2061f7b42c80:192.168.69.90:35772, 0a72d9f0-d385-4350-a485-113e43f7c69c:192.168.69.90:33827], old=null, confs=<EMPTY_MAP>
2019-10-15 21:54:42,974 [pool-37-thread-1] INFO  server.RaftServerConfigKeys (ConfUtils.java:logGet(43)) - raft.server.rpcslowness.timeout = 1000s (custom)
2019-10-15 21:54:42,973 [pool-27-thread-1] INFO  storage.RaftStorageDirectory (RaftStorageDirectory.java:analyzeStorage(246)) - The storage directory /workdir/hadoop-ozone/integration-test/target/test-dir/MiniOzoneClusterImpl-b3c83117-10f6-4176-911a-f0fe566d843f/datanode-0/data/ratis/dd989ecc-e0f3-41b8-a1d8-3067578e25a4 does not exist. Creating ...
2019-10-15 21:54:42,974 [pool-37-thread-1] INFO  server.RaftServerConfigKeys (ConfUtils.java:logGet(43)) - raft.server.sleep.deviation.threshold = 300 (default)
2019-10-15 21:54:42,974 [pool-59-thread-1] INFO  server.RaftServerConfigKeys (ConfUtils.java:logGet(43)) - raft.server.storage.dir = [/workdir/hadoop-ozone/integration-test/target/test-dir/MiniOzoneClusterImpl-b3c83117-10f6-4176-911a-f0fe566d843f/datanode-2/data/ratis] (custom)
2019-10-15 21:54:42,974 [pool-37-thread-1] INFO  server.RaftServerConfigKeys (ConfUtils.java:logGet(43)) - raft.server.log.appender.install.snapshot.enabled = false (custom)
2019-10-15 21:54:42,974 [pool-59-thread-1] INFO  server.RaftServerConfigKeys (ConfUtils.java:logGet(43)) - raft.server.log.corruption.policy = EXCEPTION (default)
2019-10-15 21:54:42,974 [pool-37-thread-1] INFO  impl.RaftServerImpl (ServerState.java:<init>(103)) - 6a83fe04-c8c3-48c1-8861-8f81e89cd03c@group-3067578E25A4: ConfigurationManager, init=-1: [6a83fe04-c8c3-48c1-8861-8f81e89cd03c:192.168.69.90:44841, 04d05b50-beb8-4841-9ce1-2061f7b42c80:192.168.69.90:35772, 0a72d9f0-d385-4350-a485-113e43f7c69c:192.168.69.90:33827], old=null, confs=<EMPTY_MAP>
2019-10-15 21:54:42,974 [pool-59-thread-1] INFO  storage.RaftStorageDirectory (RaftStorageDirectory.java:analyzeStorage(246)) - The storage directory /workdir/hadoop-ozone/integration-test/target/test-dir/MiniOzoneClusterImpl-b3c83117-10f6-4176-911a-f0fe566d843f/datanode-2/data/ratis/dd989ecc-e0f3-41b8-a1d8-3067578e25a4 does not exist. Creating ...
2019-10-15 21:54:42,974 [pool-37-thread-1] INFO  server.RaftServerConfigKeys (ConfUtils.java:logGet(43)) - raft.server.storage.dir = [/workdir/hadoop-ozone/integration-test/target/test-dir/MiniOzoneClusterImpl-b3c83117-10f6-4176-911a-f0fe566d843f/datanode-1/data/ratis] (custom)
2019-10-15 21:54:42,975 [pool-37-thread-1] INFO  server.RaftServerConfigKeys (ConfUtils.java:logGet(43)) - raft.server.log.corruption.policy = EXCEPTION (default)
2019-10-15 21:54:42,975 [pool-37-thread-1] INFO  storage.RaftStorageDirectory (RaftStorageDirectory.java:analyzeStorage(246)) - The storage directory /workdir/hadoop-ozone/integration-test/target/test-dir/MiniOzoneClusterImpl-b3c83117-10f6-4176-911a-f0fe566d843f/datanode-1/data/ratis/dd989ecc-e0f3-41b8-a1d8-3067578e25a4 does not exist. Creating ...
2019-10-15 21:54:42,985 [Thread-790] INFO  impl.FollowerState (FollowerState.java:run(108)) - 04d05b50-beb8-4841-9ce1-2061f7b42c80@group-78C488822B0D-FollowerState: change to CANDIDATE, lastRpcTime:41ms, electionTimeout:41ms
2019-10-15 21:54:42,986 [Thread-790] INFO  impl.RoleInfo (RoleInfo.java:shutdownFollowerState(121)) - 04d05b50-beb8-4841-9ce1-2061f7b42c80: shutdown FollowerState
2019-10-15 21:54:42,986 [Thread-790] INFO  impl.RaftServerImpl (RaftServerImpl.java:setRole(184)) - 04d05b50-beb8-4841-9ce1-2061f7b42c80@group-78C488822B0D: changes role from  FOLLOWER to CANDIDATE at term 0 for changeToCandidate
2019-10-15 21:54:42,986 [Thread-790] INFO  impl.RoleInfo (RoleInfo.java:updateAndGet(143)) - 04d05b50-beb8-4841-9ce1-2061f7b42c80: start LeaderElection
2019-10-15 21:54:42,988 [pool-37-thread-1] INFO  storage.RaftStorageDirectory (RaftStorageDirectory.java:tryLock(328)) - Lock on /workdir/hadoop-ozone/integration-test/target/test-dir/MiniOzoneClusterImpl-b3c83117-10f6-4176-911a-f0fe566d843f/datanode-1/data/ratis/dd989ecc-e0f3-41b8-a1d8-3067578e25a4/in_use.lock acquired by nodename 27833@pr-revert-24-hdds-2181-89r8m-3343634851
2019-10-15 21:54:42,988 [pool-27-thread-1] INFO  storage.RaftStorageDirectory (RaftStorageDirectory.java:tryLock(328)) - Lock on /workdir/hadoop-ozone/integration-test/target/test-dir/MiniOzoneClusterImpl-b3c83117-10f6-4176-911a-f0fe566d843f/datanode-0/data/ratis/dd989ecc-e0f3-41b8-a1d8-3067578e25a4/in_use.lock acquired by nodename 27833@pr-revert-24-hdds-2181-89r8m-3343634851
2019-10-15 21:54:42,988 [pool-59-thread-1] INFO  storage.RaftStorageDirectory (RaftStorageDirectory.java:tryLock(328)) - Lock on /workdir/hadoop-ozone/integration-test/target/test-dir/MiniOzoneClusterImpl-b3c83117-10f6-4176-911a-f0fe566d843f/datanode-2/data/ratis/dd989ecc-e0f3-41b8-a1d8-3067578e25a4/in_use.lock acquired by nodename 27833@pr-revert-24-hdds-2181-89r8m-3343634851
2019-10-15 21:54:43,001 [SCMBlockDeletingService#1] INFO  block.SCMBlockDeletingService (SCMBlockDeletingService.java:call(184)) - Totally added 1 delete blocks command for 1 datanodes, task elapsed time: 0ms
2019-10-15 21:54:43,001 [pool-7-thread-6] INFO  commands.RetriableDatanodeEventWatcher (RetriableDatanodeEventWatcher.java:onTimeout(47)) - RetriableDatanodeCommand type=deleteBlocksCommand with id=1571176475871 timed out. Retrying.
2019-10-15 21:54:43,001 [pool-7-thread-7] INFO  commands.RetriableDatanodeEventWatcher (RetriableDatanodeEventWatcher.java:onTimeout(47)) - RetriableDatanodeCommand type=deleteBlocksCommand with id=1571176475864 timed out. Retrying.
2019-10-15 21:54:43,001 [pool-7-thread-1] INFO  commands.RetriableDatanodeEventWatcher (RetriableDatanodeEventWatcher.java:onTimeout(47)) - RetriableDatanodeCommand type=deleteBlocksCommand with id=1571176475866 timed out. Retrying.
2019-10-15 21:54:43,002 [pool-7-thread-4] INFO  commands.RetriableDatanodeEventWatcher (RetriableDatanodeEventWatcher.java:onTimeout(47)) - RetriableDatanodeCommand type=deleteBlocksCommand with id=1571176475867 timed out. Retrying.
2019-10-15 21:54:43,002 [EventQueue-PendingDeleteStatusForPendingDeleteHandler] INFO  block.SCMBlockDeletingService (SCMBlockDeletingService.java:handlePendingDeletes(115)) - Block deletion txnID mismatch in datanode 04d05b50-beb8-4841-9ce1-2061f7b42c80 for containerID 1. Datanode delete txnID: 0, SCM txnID: 1
2019-10-15 21:54:43,002 [pool-7-thread-3] INFO  commands.RetriableDatanodeEventWatcher (RetriableDatanodeEventWatcher.java:onTimeout(47)) - RetriableDatanodeCommand type=deleteBlocksCommand with id=1571176475869 timed out. Retrying.
2019-10-15 21:54:43,002 [pool-7-thread-2] INFO  commands.RetriableDatanodeEventWatcher (RetriableDatanodeEventWatcher.java:onTimeout(47)) - RetriableDatanodeCommand type=deleteBlocksCommand with id=1571176475868 timed out. Retrying.
2019-10-15 21:54:43,002 [pool-7-thread-5] INFO  commands.RetriableDatanodeEventWatcher (RetriableDatanodeEventWatcher.java:onTimeout(47)) - RetriableDatanodeCommand type=deleteBlocksCommand with id=1571176475870 timed out. Retrying.
2019-10-15 21:54:43,010 [pool-37-thread-1] INFO  storage.RaftStorage (RaftStorage.java:format(84)) - Storage directory /workdir/hadoop-ozone/integration-test/target/test-dir/MiniOzoneClusterImpl-b3c83117-10f6-4176-911a-f0fe566d843f/datanode-1/data/ratis/dd989ecc-e0f3-41b8-a1d8-3067578e25a4 has been successfully formatted.
2019-10-15 21:54:43,010 [04d05b50-beb8-4841-9ce1-2061f7b42c80@group-78C488822B0D-LeaderElection37] INFO  impl.LeaderElection (LeaderElection.java:askForVotes(178)) - 04d05b50-beb8-4841-9ce1-2061f7b42c80@group-78C488822B0D-LeaderElection37: begin an election at term 1 for -1: [04d05b50-beb8-4841-9ce1-2061f7b42c80:192.168.69.90:35772], old=null
2019-10-15 21:54:43,010 [pool-59-thread-1] INFO  storage.RaftStorage (RaftStorage.java:format(84)) - Storage directory /workdir/hadoop-ozone/integration-test/target/test-dir/MiniOzoneClusterImpl-b3c83117-10f6-4176-911a-f0fe566d843f/datanode-2/data/ratis/dd989ecc-e0f3-41b8-a1d8-3067578e25a4 has been successfully formatted.
2019-10-15 21:54:43,010 [pool-27-thread-1] INFO  storage.RaftStorage (RaftStorage.java:format(84)) - Storage directory /workdir/hadoop-ozone/integration-test/target/test-dir/MiniOzoneClusterImpl-b3c83117-10f6-4176-911a-f0fe566d843f/datanode-0/data/ratis/dd989ecc-e0f3-41b8-a1d8-3067578e25a4 has been successfully formatted.
2019-10-15 21:54:43,010 [04d05b50-beb8-4841-9ce1-2061f7b42c80@group-78C488822B0D-LeaderElection37] INFO  impl.RoleInfo (RoleInfo.java:shutdownLeaderElection(134)) - 04d05b50-beb8-4841-9ce1-2061f7b42c80: shutdown LeaderElection
2019-10-15 21:54:43,010 [pool-37-thread-1] INFO  ratis.ContainerStateMachine (ContainerStateMachine.java:loadSnapshot(231)) - group-3067578E25A4: The snapshot info is null. Setting the last applied indexto:(t:0, i:~)
2019-10-15 21:54:43,010 [04d05b50-beb8-4841-9ce1-2061f7b42c80@group-78C488822B0D-LeaderElection37] INFO  impl.RaftServerImpl (RaftServerImpl.java:setRole(184)) - 04d05b50-beb8-4841-9ce1-2061f7b42c80@group-78C488822B0D: changes role from CANDIDATE to LEADER at term 1 for changeToLeader
2019-10-15 21:54:43,010 [pool-27-thread-1] INFO  ratis.ContainerStateMachine (ContainerStateMachine.java:loadSnapshot(231)) - group-3067578E25A4: The snapshot info is null. Setting the last applied indexto:(t:0, i:~)
2019-10-15 21:54:43,010 [pool-59-thread-1] INFO  ratis.ContainerStateMachine (ContainerStateMachine.java:loadSnapshot(231)) - group-3067578E25A4: The snapshot info is null. Setting the last applied indexto:(t:0, i:~)
2019-10-15 21:54:43,011 [pool-27-thread-1] INFO  server.RaftServerConfigKeys (ConfUtils.java:logGet(43)) - raft.server.notification.no-leader.timeout = 1000s (custom)
2019-10-15 21:54:43,011 [04d05b50-beb8-4841-9ce1-2061f7b42c80@group-78C488822B0D-LeaderElection37] INFO  impl.RaftServerImpl (ServerState.java:setLeader(256)) - 04d05b50-beb8-4841-9ce1-2061f7b42c80@group-78C488822B0D: change Leader from null to 04d05b50-beb8-4841-9ce1-2061f7b42c80 at term 1 for becomeLeader, leader elected after 71ms
2019-10-15 21:54:43,010 [pool-37-thread-1] INFO  server.RaftServerConfigKeys (ConfUtils.java:logGet(43)) - raft.server.notification.no-leader.timeout = 1000s (custom)
2019-10-15 21:54:43,011 [04d05b50-beb8-4841-9ce1-2061f7b42c80@group-78C488822B0D-LeaderElection37] INFO  server.RaftServerConfigKeys (ConfUtils.java:logGet(43)) - raft.server.staging.catchup.gap = 1000 (default)
2019-10-15 21:54:43,011 [pool-27-thread-1] INFO  server.RaftServerConfigKeys (ConfUtils.java:logGet(43)) - raft.server.log.use.memory = false (default)
2019-10-15 21:54:43,011 [pool-59-thread-1] INFO  server.RaftServerConfigKeys (ConfUtils.java:logGet(43)) - raft.server.notification.no-leader.timeout = 1000s (custom)
2019-10-15 21:54:43,011 [pool-27-thread-1] INFO  server.RaftServerConfigKeys (ConfUtils.java:logGet(43)) - raft.server.log.purge.gap = 1000000 (custom)
2019-10-15 21:54:43,011 [04d05b50-beb8-4841-9ce1-2061f7b42c80@group-78C488822B0D-LeaderElection37] INFO  server.RaftServerConfigKeys (ConfUtils.java:logGet(43)) - raft.server.rpc.sleep.time = 25ms (default)
2019-10-15 21:54:43,011 [pool-37-thread-1] INFO  server.RaftServerConfigKeys (ConfUtils.java:logGet(43)) - raft.server.log.use.memory = false (default)
2019-10-15 21:54:43,012 [04d05b50-beb8-4841-9ce1-2061f7b42c80@group-78C488822B0D-LeaderElection37] INFO  server.RaftServerConfigKeys (ConfUtils.java:logGet(43)) - raft.server.write.element-limit = 4096 (default)
2019-10-15 21:54:43,012 [pool-27-thread-1] INFO  server.RaftServerConfigKeys (ConfUtils.java:logGet(43)) - raft.server.log.appender.buffer.byte-limit = 33554432 (custom)
2019-10-15 21:54:43,012 [pool-59-thread-1] INFO  server.RaftServerConfigKeys (ConfUtils.java:logGet(43)) - raft.server.log.use.memory = false (default)
2019-10-15 21:54:43,012 [pool-27-thread-1] INFO  server.RaftServerConfigKeys (ConfUtils.java:logGet(43)) - raft.server.log.segment.size.max = 1048576 (custom)
2019-10-15 21:54:43,012 [04d05b50-beb8-4841-9ce1-2061f7b42c80@group-78C488822B0D-LeaderElection37] INFO  server.RaftServerConfigKeys (ConfUtils.java:logGet(43)) - raft.server.watch.timeout = 10s (default)
2019-10-15 21:54:43,012 [pool-37-thread-1] INFO  server.RaftServerConfigKeys (ConfUtils.java:logGet(43)) - raft.server.log.purge.gap = 1000000 (custom)
2019-10-15 21:54:43,013 [04d05b50-beb8-4841-9ce1-2061f7b42c80@group-78C488822B0D-LeaderElection37] INFO  server.RaftServerConfigKeys (ConfUtils.java:logGet(43)) - raft.server.watch.timeout.denomination = 1s (default)
2019-10-15 21:54:43,013 [pool-27-thread-1] INFO  server.RaftServerConfigKeys (ConfUtils.java:logGet(43)) - raft.server.log.segment.cache.num.max = 2 (custom)
2019-10-15 21:54:43,013 [pool-59-thread-1] INFO  server.RaftServerConfigKeys (ConfUtils.java:logGet(43)) - raft.server.log.purge.gap = 1000000 (custom)
2019-10-15 21:54:43,013 [pool-27-thread-1] INFO  segmented.SegmentedRaftLogWorker (SegmentedRaftLogWorker.java:<init>(173)) - new 0a72d9f0-d385-4350-a485-113e43f7c69c@group-3067578E25A4-SegmentedRaftLogWorker for RaftStorage:Storage Directory /workdir/hadoop-ozone/integration-test/target/test-dir/MiniOzoneClusterImpl-b3c83117-10f6-4176-911a-f0fe566d843f/datanode-0/data/ratis/dd989ecc-e0f3-41b8-a1d8-3067578e25a4
2019-10-15 21:54:43,013 [04d05b50-beb8-4841-9ce1-2061f7b42c80@group-78C488822B0D-LeaderElection37] INFO  server.RaftServerConfigKeys (ConfUtils.java:logGet(43)) - raft.server.watch.element-limit = 65536 (default)
2019-10-15 21:54:43,013 [pool-37-thread-1] INFO  server.RaftServerConfigKeys (ConfUtils.java:logGet(43)) - raft.server.log.appender.buffer.byte-limit = 33554432 (custom)
2019-10-15 21:54:43,013 [pool-27-thread-1] INFO  server.RaftServerConfigKeys (ConfUtils.java:logGet(43)) - raft.server.log.queue.byte-limit = 2147483647 (custom)
2019-10-15 21:54:43,013 [pool-59-thread-1] INFO  server.RaftServerConfigKeys (ConfUtils.java:logGet(43)) - raft.server.log.appender.buffer.byte-limit = 33554432 (custom)
2019-10-15 21:54:43,014 [pool-27-thread-1] INFO  server.RaftServerConfigKeys (ConfUtils.java:logGet(43)) - raft.server.log.queue.element-limit = 1024 (custom)
2019-10-15 21:54:43,014 [pool-37-thread-1] INFO  server.RaftServerConfigKeys (ConfUtils.java:logGet(43)) - raft.server.log.segment.size.max = 1048576 (custom)
2019-10-15 21:54:43,014 [pool-27-thread-1] INFO  server.RaftServerConfigKeys (ConfUtils.java:logGet(43)) - raft.server.log.segment.size.max = 1048576 (custom)
2019-10-15 21:54:43,014 [pool-59-thread-1] INFO  server.RaftServerConfigKeys (ConfUtils.java:logGet(43)) - raft.server.log.segment.size.max = 1048576 (custom)
2019-10-15 21:54:43,014 [pool-27-thread-1] INFO  server.RaftServerConfigKeys (ConfUtils.java:logGet(43)) - raft.server.log.preallocated.size = 16384 (custom)
2019-10-15 21:54:43,014 [pool-37-thread-1] INFO  server.RaftServerConfigKeys (ConfUtils.java:logGet(43)) - raft.server.log.segment.cache.num.max = 2 (custom)
2019-10-15 21:54:43,015 [pool-27-thread-1] INFO  server.RaftServerConfigKeys (ConfUtils.java:logGet(43)) - raft.server.log.write.buffer.size = 33554432 (custom)
2019-10-15 21:54:43,015 [pool-59-thread-1] INFO  server.RaftServerConfigKeys (ConfUtils.java:logGet(43)) - raft.server.log.segment.cache.num.max = 2 (custom)
2019-10-15 21:54:43,015 [pool-27-thread-1] INFO  server.RaftServerConfigKeys (ConfUtils.java:logGet(43)) - raft.server.log.force.sync.num = 128 (default)
2019-10-15 21:54:43,015 [pool-27-thread-1] INFO  server.RaftServerConfigKeys (ConfUtils.java:logGet(43)) - raft.server.log.statemachine.data.sync = true (default)
2019-10-15 21:54:43,015 [pool-37-thread-1] INFO  segmented.SegmentedRaftLogWorker (SegmentedRaftLogWorker.java:<init>(173)) - new 6a83fe04-c8c3-48c1-8861-8f81e89cd03c@group-3067578E25A4-SegmentedRaftLogWorker for RaftStorage:Storage Directory /workdir/hadoop-ozone/integration-test/target/test-dir/MiniOzoneClusterImpl-b3c83117-10f6-4176-911a-f0fe566d843f/datanode-1/data/ratis/dd989ecc-e0f3-41b8-a1d8-3067578e25a4
2019-10-15 21:54:43,015 [pool-27-thread-1] INFO  server.RaftServerConfigKeys (ConfUtils.java:logGet(43)) - raft.server.log.statemachine.data.sync.timeout = 10s (default)
2019-10-15 21:54:43,015 [pool-59-thread-1] INFO  segmented.SegmentedRaftLogWorker (SegmentedRaftLogWorker.java:<init>(173)) - new 04d05b50-beb8-4841-9ce1-2061f7b42c80@group-3067578E25A4-SegmentedRaftLogWorker for RaftStorage:Storage Directory /workdir/hadoop-ozone/integration-test/target/test-dir/MiniOzoneClusterImpl-b3c83117-10f6-4176-911a-f0fe566d843f/datanode-2/data/ratis/dd989ecc-e0f3-41b8-a1d8-3067578e25a4
2019-10-15 21:54:43,016 [pool-27-thread-1] INFO  server.RaftServerConfigKeys (ConfUtils.java:logGet(43)) - raft.server.log.statemachine.data.sync.timeout.retry = -1 (default)
2019-10-15 21:54:43,016 [pool-37-thread-1] INFO  server.RaftServerConfigKeys (ConfUtils.java:logGet(43)) - raft.server.log.queue.byte-limit = 2147483647 (custom)
2019-10-15 21:54:43,016 [04d05b50-beb8-4841-9ce1-2061f7b42c80@group-78C488822B0D-LeaderElection37] INFO  impl.RoleInfo (RoleInfo.java:updateAndGet(143)) - 04d05b50-beb8-4841-9ce1-2061f7b42c80: start LeaderState
2019-10-15 21:54:43,017 [pool-37-thread-1] INFO  server.RaftServerConfigKeys (ConfUtils.java:logGet(43)) - raft.server.log.queue.element-limit = 1024 (custom)
2019-10-15 21:54:43,017 [pool-27-thread-1] INFO  server.RaftServerConfigKeys (ConfUtils.java:logGet(43)) - raft.server.log.statemachine.data.caching.enabled = true (custom)
2019-10-15 21:54:43,017 [pool-59-thread-1] INFO  server.RaftServerConfigKeys (ConfUtils.java:logGet(43)) - raft.server.log.queue.byte-limit = 2147483647 (custom)
2019-10-15 21:54:43,017 [04d05b50-beb8-4841-9ce1-2061f7b42c80@group-78C488822B0D-LeaderElection37] INFO  segmented.SegmentedRaftLogWorker (SegmentedRaftLogWorker.java:startLogSegment(385)) - 04d05b50-beb8-4841-9ce1-2061f7b42c80@group-78C488822B0D-SegmentedRaftLogWorker: Starting segment from index:0
2019-10-15 21:54:43,017 [pool-37-thread-1] INFO  server.RaftServerConfigKeys (ConfUtils.java:logGet(43)) - raft.server.log.segment.size.max = 1048576 (custom)
2019-10-15 21:54:43,018 [pool-27-thread-1] INFO  segmented.SegmentedRaftLogWorker (SegmentedRaftLogWorker.java:lambda$new$0(128)) - 0a72d9f0-d385-4350-a485-113e43f7c69c@group-3067578E25A4-SegmentedRaftLogWorker: flushIndex: setUnconditionally 0 -> -1
2019-10-15 21:54:43,018 [pool-59-thread-1] INFO  server.RaftServerConfigKeys (ConfUtils.java:logGet(43)) - raft.server.log.queue.element-limit = 1024 (custom)
2019-10-15 21:54:43,018 [pool-37-thread-1] INFO  server.RaftServerConfigKeys (ConfUtils.java:logGet(43)) - raft.server.log.preallocated.size = 16384 (custom)
2019-10-15 21:54:43,018 [04d05b50-beb8-4841-9ce1-2061f7b42c80@group-78C488822B0D-LeaderElection37] INFO  impl.RaftServerImpl (ServerState.java:setRaftConf(357)) - 04d05b50-beb8-4841-9ce1-2061f7b42c80@group-78C488822B0D: set configuration 0: [04d05b50-beb8-4841-9ce1-2061f7b42c80:192.168.69.90:35772], old=null at 0
2019-10-15 21:54:43,018 [pool-59-thread-1] INFO  server.RaftServerConfigKeys (ConfUtils.java:logGet(43)) - raft.server.log.segment.size.max = 1048576 (custom)
2019-10-15 21:54:43,018 [pool-27-thread-1] INFO  server.RaftServerConfigKeys (ConfUtils.java:logGet(43)) - raft.server.snapshot.auto.trigger.enabled = true (custom)
2019-10-15 21:54:43,019 [pool-27-thread-1] INFO  server.RaftServerConfigKeys (ConfUtils.java:logGet(43)) - raft.server.snapshot.auto.trigger.threshold = 10000 (custom)
2019-10-15 21:54:43,018 [pool-37-thread-1] INFO  server.RaftServerConfigKeys (ConfUtils.java:logGet(43)) - raft.server.log.write.buffer.size = 33554432 (custom)
2019-10-15 21:54:43,019 [pool-27-thread-1] INFO  server.RaftServerConfigKeys (ConfUtils.java:logGet(43)) - raft.server.snapshot.retention.file.num = 5 (custom)
2019-10-15 21:54:43,019 [pool-59-thread-1] INFO  server.RaftServerConfigKeys (ConfUtils.java:logGet(43)) - raft.server.log.preallocated.size = 16384 (custom)
2019-10-15 21:54:43,019 [pool-27-thread-1] INFO  server.RaftServerConfigKeys (ConfUtils.java:logGet(43)) - raft.server.retrycache.expirytime = 600000ms (custom)
2019-10-15 21:54:43,019 [pool-37-thread-1] INFO  server.RaftServerConfigKeys (ConfUtils.java:logGet(43)) - raft.server.log.force.sync.num = 128 (default)
2019-10-15 21:54:43,019 [pool-59-thread-1] INFO  server.RaftServerConfigKeys (ConfUtils.java:logGet(43)) - raft.server.log.write.buffer.size = 33554432 (custom)
2019-10-15 21:54:43,020 [pool-37-thread-1] INFO  server.RaftServerConfigKeys (ConfUtils.java:logGet(43)) - raft.server.log.statemachine.data.sync = true (default)
2019-10-15 21:54:43,020 [pool-59-thread-1] INFO  server.RaftServerConfigKeys (ConfUtils.java:logGet(43)) - raft.server.log.force.sync.num = 128 (default)
2019-10-15 21:54:43,020 [pool-37-thread-1] INFO  server.RaftServerConfigKeys (ConfUtils.java:logGet(43)) - raft.server.log.statemachine.data.sync.timeout = 10s (default)
2019-10-15 21:54:43,020 [pool-59-thread-1] INFO  server.RaftServerConfigKeys (ConfUtils.java:logGet(43)) - raft.server.log.statemachine.data.sync = true (default)
2019-10-15 21:54:43,020 [pool-37-thread-1] INFO  server.RaftServerConfigKeys (ConfUtils.java:logGet(43)) - raft.server.log.statemachine.data.sync.timeout.retry = -1 (default)
2019-10-15 21:54:43,020 [pool-59-thread-1] INFO  server.RaftServerConfigKeys (ConfUtils.java:logGet(43)) - raft.server.log.statemachine.data.sync.timeout = 10s (default)
2019-10-15 21:54:43,021 [pool-37-thread-1] INFO  server.RaftServerConfigKeys (ConfUtils.java:logGet(43)) - raft.server.log.statemachine.data.caching.enabled = true (custom)
2019-10-15 21:54:43,021 [pool-59-thread-1] INFO  server.RaftServerConfigKeys (ConfUtils.java:logGet(43)) - raft.server.log.statemachine.data.sync.timeout.retry = -1 (default)
2019-10-15 21:54:43,021 [pool-37-thread-1] INFO  segmented.SegmentedRaftLogWorker (SegmentedRaftLogWorker.java:lambda$new$0(128)) - 6a83fe04-c8c3-48c1-8861-8f81e89cd03c@group-3067578E25A4-SegmentedRaftLogWorker: flushIndex: setUnconditionally 0 -> -1
2019-10-15 21:54:43,021 [pool-59-thread-1] INFO  server.RaftServerConfigKeys (ConfUtils.java:logGet(43)) - raft.server.log.statemachine.data.caching.enabled = true (custom)
2019-10-15 21:54:43,021 [pool-37-thread-1] INFO  server.RaftServerConfigKeys (ConfUtils.java:logGet(43)) - raft.server.snapshot.auto.trigger.enabled = true (custom)
2019-10-15 21:54:43,021 [pool-37-thread-1] INFO  server.RaftServerConfigKeys (ConfUtils.java:logGet(43)) - raft.server.snapshot.auto.trigger.threshold = 10000 (custom)
2019-10-15 21:54:43,021 [pool-59-thread-1] INFO  segmented.SegmentedRaftLogWorker (SegmentedRaftLogWorker.java:lambda$new$0(128)) - 04d05b50-beb8-4841-9ce1-2061f7b42c80@group-3067578E25A4-SegmentedRaftLogWorker: flushIndex: setUnconditionally 0 -> -1
2019-10-15 21:54:43,021 [pool-37-thread-1] INFO  server.RaftServerConfigKeys (ConfUtils.java:logGet(43)) - raft.server.snapshot.retention.file.num = 5 (custom)
2019-10-15 21:54:43,022 [pool-37-thread-1] INFO  server.RaftServerConfigKeys (ConfUtils.java:logGet(43)) - raft.server.retrycache.expirytime = 600000ms (custom)
2019-10-15 21:54:43,022 [pool-59-thread-1] INFO  server.RaftServerConfigKeys (ConfUtils.java:logGet(43)) - raft.server.snapshot.auto.trigger.enabled = true (custom)
2019-10-15 21:54:43,022 [pool-27-thread-1] INFO  impl.RaftServerImpl (RaftServerImpl.java:start(195)) - 0a72d9f0-d385-4350-a485-113e43f7c69c@group-3067578E25A4: start as a follower, conf=-1: [6a83fe04-c8c3-48c1-8861-8f81e89cd03c:192.168.69.90:44841, 04d05b50-beb8-4841-9ce1-2061f7b42c80:192.168.69.90:35772, 0a72d9f0-d385-4350-a485-113e43f7c69c:192.168.69.90:33827], old=null
2019-10-15 21:54:43,022 [pool-59-thread-1] INFO  server.RaftServerConfigKeys (ConfUtils.java:logGet(43)) - raft.server.snapshot.auto.trigger.threshold = 10000 (custom)
2019-10-15 21:54:43,022 [pool-27-thread-1] INFO  impl.RaftServerImpl (RaftServerImpl.java:setRole(184)) - 0a72d9f0-d385-4350-a485-113e43f7c69c@group-3067578E25A4: changes role from      null to FOLLOWER at term 0 for startAsFollower
2019-10-15 21:54:43,022 [pool-59-thread-1] INFO  server.RaftServerConfigKeys (ConfUtils.java:logGet(43)) - raft.server.snapshot.retention.file.num = 5 (custom)
2019-10-15 21:54:43,023 [pool-59-thread-1] INFO  server.RaftServerConfigKeys (ConfUtils.java:logGet(43)) - raft.server.retrycache.expirytime = 600000ms (custom)
2019-10-15 21:54:43,023 [pool-27-thread-1] INFO  impl.RoleInfo (RoleInfo.java:updateAndGet(143)) - 0a72d9f0-d385-4350-a485-113e43f7c69c: start FollowerState
2019-10-15 21:54:43,023 [pool-27-thread-1] INFO  util.JmxRegister (JmxRegister.java:tryRegister(44)) - Successfully registered JMX Bean with object name Ratis:service=RaftServer,group=group-3067578E25A4,id=0a72d9f0-d385-4350-a485-113e43f7c69c
2019-10-15 21:54:43,025 [pool-37-thread-1] INFO  impl.RaftServerImpl (RaftServerImpl.java:start(195)) - 6a83fe04-c8c3-48c1-8861-8f81e89cd03c@group-3067578E25A4: start as a follower, conf=-1: [6a83fe04-c8c3-48c1-8861-8f81e89cd03c:192.168.69.90:44841, 04d05b50-beb8-4841-9ce1-2061f7b42c80:192.168.69.90:35772, 0a72d9f0-d385-4350-a485-113e43f7c69c:192.168.69.90:33827], old=null
2019-10-15 21:54:43,025 [pool-37-thread-1] INFO  impl.RaftServerImpl (RaftServerImpl.java:setRole(184)) - 6a83fe04-c8c3-48c1-8861-8f81e89cd03c@group-3067578E25A4: changes role from      null to FOLLOWER at term 0 for startAsFollower
2019-10-15 21:54:43,025 [pool-37-thread-1] INFO  impl.RoleInfo (RoleInfo.java:updateAndGet(143)) - 6a83fe04-c8c3-48c1-8861-8f81e89cd03c: start FollowerState
2019-10-15 21:54:43,026 [pool-37-thread-1] INFO  util.JmxRegister (JmxRegister.java:tryRegister(44)) - Successfully registered JMX Bean with object name Ratis:service=RaftServer,group=group-3067578E25A4,id=6a83fe04-c8c3-48c1-8861-8f81e89cd03c
2019-10-15 21:54:43,027 [pool-59-thread-1] INFO  impl.RaftServerImpl (RaftServerImpl.java:start(195)) - 04d05b50-beb8-4841-9ce1-2061f7b42c80@group-3067578E25A4: start as a follower, conf=-1: [6a83fe04-c8c3-48c1-8861-8f81e89cd03c:192.168.69.90:44841, 04d05b50-beb8-4841-9ce1-2061f7b42c80:192.168.69.90:35772, 0a72d9f0-d385-4350-a485-113e43f7c69c:192.168.69.90:33827], old=null
2019-10-15 21:54:43,027 [pool-59-thread-1] INFO  impl.RaftServerImpl (RaftServerImpl.java:setRole(184)) - 04d05b50-beb8-4841-9ce1-2061f7b42c80@group-3067578E25A4: changes role from      null to FOLLOWER at term 0 for startAsFollower
2019-10-15 21:54:43,027 [pool-59-thread-1] INFO  impl.RoleInfo (RoleInfo.java:updateAndGet(143)) - 04d05b50-beb8-4841-9ce1-2061f7b42c80: start FollowerState
2019-10-15 21:54:43,028 [pool-59-thread-1] INFO  util.JmxRegister (JmxRegister.java:tryRegister(44)) - Successfully registered JMX Bean with object name Ratis:service=RaftServer,group=group-3067578E25A4,id=04d05b50-beb8-4841-9ce1-2061f7b42c80
2019-10-15 21:54:43,057 [RatisPipelineUtilsThread] INFO  pipeline.PipelineStateManager (PipelineStateManager.java:addPipeline(56)) - Created pipeline Pipeline[ Id: dd989ecc-e0f3-41b8-a1d8-3067578e25a4, Nodes: 6a83fe04-c8c3-48c1-8861-8f81e89cd03c{ip: 192.168.69.90, host: pr-revert-24-hdds-2181-89r8m-3343634851, networkLocation: /default-rack, certSerialId: null}0a72d9f0-d385-4350-a485-113e43f7c69c{ip: 192.168.69.90, host: pr-revert-24-hdds-2181-89r8m-3343634851, networkLocation: /default-rack, certSerialId: null}04d05b50-beb8-4841-9ce1-2061f7b42c80{ip: 192.168.69.90, host: pr-revert-24-hdds-2181-89r8m-3343634851, networkLocation: /default-rack, certSerialId: null}, Type:RATIS, Factor:THREE, State:OPEN]
2019-10-15 21:54:43,073 [Thread-804] INFO  client.GrpcClientProtocolService (GrpcClientProtocolService.java:lambda$processClientRequest$0(278)) - Failed RaftClientRequest:client-92BC3EC04FB4->04d05b50-beb8-4841-9ce1-2061f7b42c80@group-F62649F7AF7F, cid=10, seq=0, Watch-ALL_COMMITTED(6), Message:<EMPTY>, reply=RaftClientReply:client-92BC3EC04FB4->04d05b50-beb8-4841-9ce1-2061f7b42c80@group-F62649F7AF7F, cid=10, FAILED org.apache.ratis.protocol.NotLeaderException: Server 04d05b50-beb8-4841-9ce1-2061f7b42c80@group-F62649F7AF7F is not the leader, logIndex=0, commits[04d05b50-beb8-4841-9ce1-2061f7b42c80:c3]
2019-10-15 21:54:43,074 [04d05b50-beb8-4841-9ce1-2061f7b42c80@group-78C488822B0D-SegmentedRaftLogWorker] INFO  segmented.SegmentedRaftLogWorker (SegmentedRaftLogWorker.java:execute(576)) - 04d05b50-beb8-4841-9ce1-2061f7b42c80@group-78C488822B0D-SegmentedRaftLogWorker: created new log segment /workdir/hadoop-ozone/integration-test/target/test-dir/MiniOzoneClusterImpl-b3c83117-10f6-4176-911a-f0fe566d843f/datanode-2/data/ratis/361c17db-ef77-4608-be0a-78c488822b0d/current/log_inprogress_0
2019-10-15 21:54:43,080 [Thread-796] INFO  impl.FollowerState (FollowerState.java:run(108)) - 0a72d9f0-d385-4350-a485-113e43f7c69c@group-3067578E25A4-FollowerState: change to CANDIDATE, lastRpcTime:57ms, electionTimeout:57ms
2019-10-15 21:54:43,082 [Thread-796] INFO  impl.RoleInfo (RoleInfo.java:shutdownFollowerState(121)) - 0a72d9f0-d385-4350-a485-113e43f7c69c: shutdown FollowerState
2019-10-15 21:54:43,082 [Thread-796] INFO  impl.RaftServerImpl (RaftServerImpl.java:setRole(184)) - 0a72d9f0-d385-4350-a485-113e43f7c69c@group-3067578E25A4: changes role from  FOLLOWER to CANDIDATE at term 0 for changeToCandidate
2019-10-15 21:54:43,082 [Thread-796] INFO  impl.RoleInfo (RoleInfo.java:updateAndGet(143)) - 0a72d9f0-d385-4350-a485-113e43f7c69c: start LeaderElection
2019-10-15 21:54:43,089 [0a72d9f0-d385-4350-a485-113e43f7c69c@group-3067578E25A4-LeaderElection38] INFO  impl.LeaderElection (LeaderElection.java:askForVotes(178)) - 0a72d9f0-d385-4350-a485-113e43f7c69c@group-3067578E25A4-LeaderElection38: begin an election at term 1 for -1: [6a83fe04-c8c3-48c1-8861-8f81e89cd03c:192.168.69.90:44841, 04d05b50-beb8-4841-9ce1-2061f7b42c80:192.168.69.90:35772, 0a72d9f0-d385-4350-a485-113e43f7c69c:192.168.69.90:33827], old=null
2019-10-15 21:54:43,100 [grpc-default-executor-4] INFO  impl.RaftServerImpl (RaftServerImpl.java:setRole(184)) - 04d05b50-beb8-4841-9ce1-2061f7b42c80@group-3067578E25A4: changes role from  FOLLOWER to FOLLOWER at term 1 for recognizeCandidate:0a72d9f0-d385-4350-a485-113e43f7c69c
2019-10-15 21:54:43,100 [grpc-default-executor-3] INFO  impl.RaftServerImpl (RaftServerImpl.java:setRole(184)) - 6a83fe04-c8c3-48c1-8861-8f81e89cd03c@group-3067578E25A4: changes role from  FOLLOWER to FOLLOWER at term 1 for recognizeCandidate:0a72d9f0-d385-4350-a485-113e43f7c69c
2019-10-15 21:54:43,100 [grpc-default-executor-4] INFO  impl.RoleInfo (RoleInfo.java:shutdownFollowerState(121)) - 04d05b50-beb8-4841-9ce1-2061f7b42c80: shutdown FollowerState
2019-10-15 21:54:43,100 [grpc-default-executor-3] INFO  impl.RoleInfo (RoleInfo.java:shutdownFollowerState(121)) - 6a83fe04-c8c3-48c1-8861-8f81e89cd03c: shutdown FollowerState
2019-10-15 21:54:43,100 [Thread-799] INFO  impl.FollowerState (FollowerState.java:run(117)) - 04d05b50-beb8-4841-9ce1-2061f7b42c80@group-3067578E25A4-FollowerState was interrupted: java.lang.InterruptedException: sleep interrupted
2019-10-15 21:54:43,100 [grpc-default-executor-4] INFO  impl.RoleInfo (RoleInfo.java:updateAndGet(143)) - 04d05b50-beb8-4841-9ce1-2061f7b42c80: start FollowerState
2019-10-15 21:54:43,100 [Thread-798] INFO  impl.FollowerState (FollowerState.java:run(117)) - 6a83fe04-c8c3-48c1-8861-8f81e89cd03c@group-3067578E25A4-FollowerState was interrupted: java.lang.InterruptedException: sleep interrupted
2019-10-15 21:54:43,100 [grpc-default-executor-3] INFO  impl.RoleInfo (RoleInfo.java:updateAndGet(143)) - 6a83fe04-c8c3-48c1-8861-8f81e89cd03c: start FollowerState
2019-10-15 21:54:43,106 [Thread-788] INFO  impl.FollowerState (FollowerState.java:run(108)) - 04d05b50-beb8-4841-9ce1-2061f7b42c80@group-F62649F7AF7F-FollowerState: change to CANDIDATE, lastRpcTime:199ms, electionTimeout:199ms
2019-10-15 21:54:43,107 [Thread-788] INFO  impl.RoleInfo (RoleInfo.java:shutdownFollowerState(121)) - 04d05b50-beb8-4841-9ce1-2061f7b42c80: shutdown FollowerState
2019-10-15 21:54:43,107 [Thread-788] INFO  impl.RaftServerImpl (RaftServerImpl.java:setRole(184)) - 04d05b50-beb8-4841-9ce1-2061f7b42c80@group-F62649F7AF7F: changes role from  FOLLOWER to CANDIDATE at term 38 for changeToCandidate
2019-10-15 21:54:43,107 [Thread-788] INFO  impl.RoleInfo (RoleInfo.java:updateAndGet(143)) - 04d05b50-beb8-4841-9ce1-2061f7b42c80: start LeaderElection
2019-10-15 21:54:43,126 [04d05b50-beb8-4841-9ce1-2061f7b42c80@group-F62649F7AF7F-LeaderElection39] INFO  impl.LeaderElection (LeaderElection.java:askForVotes(178)) - 04d05b50-beb8-4841-9ce1-2061f7b42c80@group-F62649F7AF7F-LeaderElection39: begin an election at term 39 for 0: [6a83fe04-c8c3-48c1-8861-8f81e89cd03c:192.168.69.90:44841, 04d05b50-beb8-4841-9ce1-2061f7b42c80:192.168.69.90:35772, 0a72d9f0-d385-4350-a485-113e43f7c69c:192.168.69.90:33827], old=null
2019-10-15 21:54:43,129 [0a72d9f0-d385-4350-a485-113e43f7c69c@group-3067578E25A4-LeaderElection38] INFO  impl.LeaderElection (LeaderElection.java:logAndReturn(56)) - 0a72d9f0-d385-4350-a485-113e43f7c69c@group-3067578E25A4-LeaderElection38: Election PASSED; received 1 response(s) [0a72d9f0-d385-4350-a485-113e43f7c69c<-04d05b50-beb8-4841-9ce1-2061f7b42c80#0:OK-t1] and 0 exception(s); 0a72d9f0-d385-4350-a485-113e43f7c69c@group-3067578E25A4:t1, leader=null, voted=0a72d9f0-d385-4350-a485-113e43f7c69c, raftlog=0a72d9f0-d385-4350-a485-113e43f7c69c@group-3067578E25A4-SegmentedRaftLog:OPENED:c-1,f-1,i0, conf=-1: [6a83fe04-c8c3-48c1-8861-8f81e89cd03c:192.168.69.90:44841, 04d05b50-beb8-4841-9ce1-2061f7b42c80:192.168.69.90:35772, 0a72d9f0-d385-4350-a485-113e43f7c69c:192.168.69.90:33827], old=null
2019-10-15 21:54:43,129 [0a72d9f0-d385-4350-a485-113e43f7c69c@group-3067578E25A4-LeaderElection38] INFO  impl.RoleInfo (RoleInfo.java:shutdownLeaderElection(134)) - 0a72d9f0-d385-4350-a485-113e43f7c69c: shutdown LeaderElection
2019-10-15 21:54:43,129 [0a72d9f0-d385-4350-a485-113e43f7c69c@group-3067578E25A4-LeaderElection38] INFO  impl.RaftServerImpl (RaftServerImpl.java:setRole(184)) - 0a72d9f0-d385-4350-a485-113e43f7c69c@group-3067578E25A4: changes role from CANDIDATE to LEADER at term 1 for changeToLeader
2019-10-15 21:54:43,130 [0a72d9f0-d385-4350-a485-113e43f7c69c@group-3067578E25A4-LeaderElection38] INFO  impl.RaftServerImpl (ServerState.java:setLeader(256)) - 0a72d9f0-d385-4350-a485-113e43f7c69c@group-3067578E25A4: change Leader from null to 0a72d9f0-d385-4350-a485-113e43f7c69c at term 1 for becomeLeader, leader elected after 118ms
2019-10-15 21:54:43,130 [grpc-default-executor-3] INFO  impl.RaftServerImpl (RaftServerImpl.java:setRole(184)) - 6a83fe04-c8c3-48c1-8861-8f81e89cd03c@group-F62649F7AF7F: changes role from  FOLLOWER to FOLLOWER at term 39 for recognizeCandidate:04d05b50-beb8-4841-9ce1-2061f7b42c80
2019-10-15 21:54:43,130 [0a72d9f0-d385-4350-a485-113e43f7c69c@group-3067578E25A4-LeaderElection38] INFO  server.RaftServerConfigKeys (ConfUtils.java:logGet(43)) - raft.server.staging.catchup.gap = 1000 (default)
2019-10-15 21:54:43,130 [grpc-default-executor-4] INFO  impl.RaftServerImpl (RaftServerImpl.java:setRole(184)) - 0a72d9f0-d385-4350-a485-113e43f7c69c@group-F62649F7AF7F: changes role from  FOLLOWER to FOLLOWER at term 39 for recognizeCandidate:04d05b50-beb8-4841-9ce1-2061f7b42c80
2019-10-15 21:54:43,130 [grpc-default-executor-3] INFO  impl.RoleInfo (RoleInfo.java:shutdownFollowerState(121)) - 6a83fe04-c8c3-48c1-8861-8f81e89cd03c: shutdown FollowerState
2019-10-15 21:54:43,130 [grpc-default-executor-4] INFO  impl.RoleInfo (RoleInfo.java:shutdownFollowerState(121)) - 0a72d9f0-d385-4350-a485-113e43f7c69c: shutdown FollowerState
2019-10-15 21:54:43,130 [0a72d9f0-d385-4350-a485-113e43f7c69c@group-3067578E25A4-LeaderElection38] INFO  server.RaftServerConfigKeys (ConfUtils.java:logGet(43)) - raft.server.rpc.sleep.time = 25ms (default)
2019-10-15 21:54:43,131 [grpc-default-executor-4] INFO  impl.RoleInfo (RoleInfo.java:updateAndGet(143)) - 0a72d9f0-d385-4350-a485-113e43f7c69c: start FollowerState
2019-10-15 21:54:43,131 [0a72d9f0-d385-4350-a485-113e43f7c69c@group-3067578E25A4-LeaderElection38] INFO  server.RaftServerConfigKeys (ConfUtils.java:logGet(43)) - raft.server.write.element-limit = 4096 (default)
2019-10-15 21:54:43,131 [Thread-786] INFO  impl.FollowerState (FollowerState.java:run(117)) - 0a72d9f0-d385-4350-a485-113e43f7c69c@group-F62649F7AF7F-FollowerState was interrupted: java.lang.InterruptedException: sleep interrupted
2019-10-15 21:54:43,130 [Thread-785] INFO  impl.FollowerState (FollowerState.java:run(117)) - 6a83fe04-c8c3-48c1-8861-8f81e89cd03c@group-F62649F7AF7F-FollowerState was interrupted: java.lang.InterruptedException: sleep interrupted
2019-10-15 21:54:43,130 [grpc-default-executor-3] INFO  impl.RoleInfo (RoleInfo.java:updateAndGet(143)) - 6a83fe04-c8c3-48c1-8861-8f81e89cd03c: start FollowerState
2019-10-15 21:54:43,131 [0a72d9f0-d385-4350-a485-113e43f7c69c@group-3067578E25A4-LeaderElection38] INFO  server.RaftServerConfigKeys (ConfUtils.java:logGet(43)) - raft.server.watch.timeout = 10s (default)
2019-10-15 21:54:43,132 [0a72d9f0-d385-4350-a485-113e43f7c69c@group-3067578E25A4-LeaderElection38] INFO  server.RaftServerConfigKeys (ConfUtils.java:logGet(43)) - raft.server.watch.timeout.denomination = 1s (default)
2019-10-15 21:54:43,132 [0a72d9f0-d385-4350-a485-113e43f7c69c@group-3067578E25A4-LeaderElection38] INFO  server.RaftServerConfigKeys (ConfUtils.java:logGet(43)) - raft.server.watch.element-limit = 65536 (default)
2019-10-15 21:54:43,135 [0a72d9f0-d385-4350-a485-113e43f7c69c@group-3067578E25A4-LeaderElection38] INFO  server.RaftServerConfigKeys (ConfUtils.java:logGet(43)) - raft.server.log.appender.snapshot.chunk.size.max = 16MB (=16777216) (default)
2019-10-15 21:54:43,135 [0a72d9f0-d385-4350-a485-113e43f7c69c@group-3067578E25A4-LeaderElection38] INFO  server.RaftServerConfigKeys (ConfUtils.java:logGet(43)) - raft.server.log.appender.buffer.byte-limit = 33554432 (custom)
2019-10-15 21:54:43,136 [0a72d9f0-d385-4350-a485-113e43f7c69c@group-3067578E25A4-LeaderElection38] INFO  server.RaftServerConfigKeys (ConfUtils.java:logGet(43)) - raft.server.log.appender.buffer.element-limit = 1 (custom)
2019-10-15 21:54:43,136 [0a72d9f0-d385-4350-a485-113e43f7c69c@group-3067578E25A4-LeaderElection38] INFO  grpc.GrpcConfigKeys$Server (ConfUtils.java:logGet(43)) - raft.grpc.server.leader.outstanding.appends.max = 128 (default)
2019-10-15 21:54:43,136 [0a72d9f0-d385-4350-a485-113e43f7c69c@group-3067578E25A4-LeaderElection38] INFO  server.RaftServerConfigKeys (ConfUtils.java:logGet(43)) - raft.server.rpc.request.timeout = 3000ms (default)
2019-10-15 21:54:43,136 [0a72d9f0-d385-4350-a485-113e43f7c69c@group-3067578E25A4-LeaderElection38] INFO  server.RaftServerConfigKeys (ConfUtils.java:logGet(43)) - raft.server.log.appender.install.snapshot.enabled = false (custom)
2019-10-15 21:54:43,139 [0a72d9f0-d385-4350-a485-113e43f7c69c@group-3067578E25A4-LeaderElection38] INFO  server.RaftServerConfigKeys (ConfUtils.java:logGet(43)) - raft.server.log.appender.snapshot.chunk.size.max = 16MB (=16777216) (default)
2019-10-15 21:54:43,139 [0a72d9f0-d385-4350-a485-113e43f7c69c@group-3067578E25A4-LeaderElection38] INFO  server.RaftServerConfigKeys (ConfUtils.java:logGet(43)) - raft.server.log.appender.buffer.byte-limit = 33554432 (custom)
2019-10-15 21:54:43,140 [0a72d9f0-d385-4350-a485-113e43f7c69c@group-3067578E25A4-LeaderElection38] INFO  server.RaftServerConfigKeys (ConfUtils.java:logGet(43)) - raft.server.log.appender.buffer.element-limit = 1 (custom)
2019-10-15 21:54:43,140 [0a72d9f0-d385-4350-a485-113e43f7c69c@group-3067578E25A4-LeaderElection38] INFO  grpc.GrpcConfigKeys$Server (ConfUtils.java:logGet(43)) - raft.grpc.server.leader.outstanding.appends.max = 128 (default)
2019-10-15 21:54:43,140 [0a72d9f0-d385-4350-a485-113e43f7c69c@group-3067578E25A4-LeaderElection38] INFO  server.RaftServerConfigKeys (ConfUtils.java:logGet(43)) - raft.server.rpc.request.timeout = 3000ms (default)
2019-10-15 21:54:43,140 [0a72d9f0-d385-4350-a485-113e43f7c69c@group-3067578E25A4-LeaderElection38] INFO  server.RaftServerConfigKeys (ConfUtils.java:logGet(43)) - raft.server.log.appender.install.snapshot.enabled = false (custom)
2019-10-15 21:54:43,143 [0a72d9f0-d385-4350-a485-113e43f7c69c@group-3067578E25A4-LeaderElection38] INFO  impl.RoleInfo (RoleInfo.java:updateAndGet(143)) - 0a72d9f0-d385-4350-a485-113e43f7c69c: start LeaderState
2019-10-15 21:54:43,143 [0a72d9f0-d385-4350-a485-113e43f7c69c@group-3067578E25A4-LeaderElection38] INFO  segmented.SegmentedRaftLogWorker (SegmentedRaftLogWorker.java:startLogSegment(385)) - 0a72d9f0-d385-4350-a485-113e43f7c69c@group-3067578E25A4-SegmentedRaftLogWorker: Starting segment from index:0
2019-10-15 21:54:43,144 [0a72d9f0-d385-4350-a485-113e43f7c69c@group-3067578E25A4-LeaderElection38] INFO  impl.RaftServerImpl (ServerState.java:setRaftConf(357)) - 0a72d9f0-d385-4350-a485-113e43f7c69c@group-3067578E25A4: set configuration 0: [6a83fe04-c8c3-48c1-8861-8f81e89cd03c:192.168.69.90:44841, 04d05b50-beb8-4841-9ce1-2061f7b42c80:192.168.69.90:35772, 0a72d9f0-d385-4350-a485-113e43f7c69c:192.168.69.90:33827], old=null at 0
2019-10-15 21:54:43,178 [grpc-default-executor-0] INFO  impl.RaftServerImpl (ServerState.java:setLeader(256)) - 04d05b50-beb8-4841-9ce1-2061f7b42c80@group-3067578E25A4: change Leader from null to 0a72d9f0-d385-4350-a485-113e43f7c69c at term 1 for appendEntries, leader elected after 167ms
2019-10-15 21:54:43,180 [grpc-default-executor-1] INFO  impl.RaftServerImpl (ServerState.java:setLeader(256)) - 6a83fe04-c8c3-48c1-8861-8f81e89cd03c@group-3067578E25A4: change Leader from null to 0a72d9f0-d385-4350-a485-113e43f7c69c at term 1 for appendEntries, leader elected after 169ms
2019-10-15 21:54:43,181 [04d05b50-beb8-4841-9ce1-2061f7b42c80@group-F62649F7AF7F-LeaderElection39] INFO  impl.LeaderElection (LeaderElection.java:logAndReturn(56)) - 04d05b50-beb8-4841-9ce1-2061f7b42c80@group-F62649F7AF7F-LeaderElection39: Election REJECTED; received 2 response(s) [04d05b50-beb8-4841-9ce1-2061f7b42c80<-6a83fe04-c8c3-48c1-8861-8f81e89cd03c#0:FAIL-t39, 04d05b50-beb8-4841-9ce1-2061f7b42c80<-0a72d9f0-d385-4350-a485-113e43f7c69c#0:FAIL-t39] and 0 exception(s); 04d05b50-beb8-4841-9ce1-2061f7b42c80@group-F62649F7AF7F:t39, leader=null, voted=04d05b50-beb8-4841-9ce1-2061f7b42c80, raftlog=04d05b50-beb8-4841-9ce1-2061f7b42c80@group-F62649F7AF7F-SegmentedRaftLog:OPENED:c3,f4,i4, conf=0: [6a83fe04-c8c3-48c1-8861-8f81e89cd03c:192.168.69.90:44841, 04d05b50-beb8-4841-9ce1-2061f7b42c80:192.168.69.90:35772, 0a72d9f0-d385-4350-a485-113e43f7c69c:192.168.69.90:33827], old=null
2019-10-15 21:54:43,181 [04d05b50-beb8-4841-9ce1-2061f7b42c80@group-F62649F7AF7F-LeaderElection39] INFO  impl.RaftServerImpl (RaftServerImpl.java:setRole(184)) - 04d05b50-beb8-4841-9ce1-2061f7b42c80@group-F62649F7AF7F: changes role from CANDIDATE to FOLLOWER at term 39 for DISCOVERED_A_NEW_TERM
2019-10-15 21:54:43,181 [04d05b50-beb8-4841-9ce1-2061f7b42c80@group-F62649F7AF7F-LeaderElection39] INFO  impl.RoleInfo (RoleInfo.java:shutdownLeaderElection(134)) - 04d05b50-beb8-4841-9ce1-2061f7b42c80: shutdown LeaderElection
2019-10-15 21:54:43,181 [04d05b50-beb8-4841-9ce1-2061f7b42c80@group-F62649F7AF7F-LeaderElection39] INFO  impl.RoleInfo (RoleInfo.java:updateAndGet(143)) - 04d05b50-beb8-4841-9ce1-2061f7b42c80: start FollowerState
2019-10-15 21:54:43,183 [grpc-default-executor-3] INFO  impl.RaftServerImpl (ServerState.java:setRaftConf(357)) - 04d05b50-beb8-4841-9ce1-2061f7b42c80@group-3067578E25A4: set configuration 0: [6a83fe04-c8c3-48c1-8861-8f81e89cd03c:192.168.69.90:44841, 04d05b50-beb8-4841-9ce1-2061f7b42c80:192.168.69.90:35772, 0a72d9f0-d385-4350-a485-113e43f7c69c:192.168.69.90:33827], old=null at 0
2019-10-15 21:54:43,183 [grpc-default-executor-1] INFO  impl.RaftServerImpl (ServerState.java:setRaftConf(357)) - 6a83fe04-c8c3-48c1-8861-8f81e89cd03c@group-3067578E25A4: set configuration 0: [6a83fe04-c8c3-48c1-8861-8f81e89cd03c:192.168.69.90:44841, 04d05b50-beb8-4841-9ce1-2061f7b42c80:192.168.69.90:35772, 0a72d9f0-d385-4350-a485-113e43f7c69c:192.168.69.90:33827], old=null at 0
2019-10-15 21:54:43,184 [grpc-default-executor-3] INFO  segmented.SegmentedRaftLogWorker (SegmentedRaftLogWorker.java:startLogSegment(385)) - 04d05b50-beb8-4841-9ce1-2061f7b42c80@group-3067578E25A4-SegmentedRaftLogWorker: Starting segment from index:0
2019-10-15 21:54:43,184 [grpc-default-executor-1] INFO  segmented.SegmentedRaftLogWorker (SegmentedRaftLogWorker.java:startLogSegment(385)) - 6a83fe04-c8c3-48c1-8861-8f81e89cd03c@group-3067578E25A4-SegmentedRaftLogWorker: Starting segment from index:0
2019-10-15 21:54:43,193 [0a72d9f0-d385-4350-a485-113e43f7c69c@group-3067578E25A4-SegmentedRaftLogWorker] INFO  segmented.SegmentedRaftLogWorker (SegmentedRaftLogWorker.java:execute(576)) - 0a72d9f0-d385-4350-a485-113e43f7c69c@group-3067578E25A4-SegmentedRaftLogWorker: created new log segment /workdir/hadoop-ozone/integration-test/target/test-dir/MiniOzoneClusterImpl-b3c83117-10f6-4176-911a-f0fe566d843f/datanode-0/data/ratis/dd989ecc-e0f3-41b8-a1d8-3067578e25a4/current/log_inprogress_0
2019-10-15 21:54:43,202 [EventQueue-PendingDeleteStatusForPendingDeleteHandler] INFO  block.SCMBlockDeletingService (SCMBlockDeletingService.java:handlePendingDeletes(115)) - Block deletion txnID mismatch in datanode 04d05b50-beb8-4841-9ce1-2061f7b42c80 for containerID 1. Datanode delete txnID: 0, SCM txnID: 1
2019-10-15 21:54:43,229 [04d05b50-beb8-4841-9ce1-2061f7b42c80@group-3067578E25A4-SegmentedRaftLogWorker] INFO  segmented.SegmentedRaftLogWorker (SegmentedRaftLogWorker.java:execute(576)) - 04d05b50-beb8-4841-9ce1-2061f7b42c80@group-3067578E25A4-SegmentedRaftLogWorker: created new log segment /workdir/hadoop-ozone/integration-test/target/test-dir/MiniOzoneClusterImpl-b3c83117-10f6-4176-911a-f0fe566d843f/datanode-2/data/ratis/dd989ecc-e0f3-41b8-a1d8-3067578e25a4/current/log_inprogress_0
2019-10-15 21:54:43,229 [6a83fe04-c8c3-48c1-8861-8f81e89cd03c@group-3067578E25A4-SegmentedRaftLogWorker] INFO  segmented.SegmentedRaftLogWorker (SegmentedRaftLogWorker.java:execute(576)) - 6a83fe04-c8c3-48c1-8861-8f81e89cd03c@group-3067578E25A4-SegmentedRaftLogWorker: created new log segment /workdir/hadoop-ozone/integration-test/target/test-dir/MiniOzoneClusterImpl-b3c83117-10f6-4176-911a-f0fe566d843f/datanode-1/data/ratis/dd989ecc-e0f3-41b8-a1d8-3067578e25a4/current/log_inprogress_0
2019-10-15 21:54:43,229 [BlockDeletingService#2] WARN  background.BlockDeletingService (BlockDeletingService.java:isDeletionAllowed(187)) - Close Container log Index 6 is not replicated across allthe servers in the pipeline 4353dad5-98e9-4a09-96de-f62649f7af7f as the min replicated index is 4. Deletion is not allowed in this container yet.
2019-10-15 21:54:43,230 [BlockDeletingService#2] WARN  background.BlockDeletingService (BlockDeletingService.java:isDeletionAllowed(187)) - Close Container log Index 6 is not replicated across allthe servers in the pipeline 4353dad5-98e9-4a09-96de-f62649f7af7f as the min replicated index is 4. Deletion is not allowed in this container yet.
2019-10-15 21:54:43,363 [Thread-823] INFO  impl.FollowerState (FollowerState.java:run(108)) - 04d05b50-beb8-4841-9ce1-2061f7b42c80@group-F62649F7AF7F-FollowerState: change to CANDIDATE, lastRpcTime:181ms, electionTimeout:181ms
2019-10-15 21:54:43,363 [Thread-823] INFO  impl.RoleInfo (RoleInfo.java:shutdownFollowerState(121)) - 04d05b50-beb8-4841-9ce1-2061f7b42c80: shutdown FollowerState
2019-10-15 21:54:43,363 [Thread-823] INFO  impl.RaftServerImpl (RaftServerImpl.java:setRole(184)) - 04d05b50-beb8-4841-9ce1-2061f7b42c80@group-F62649F7AF7F: changes role from  FOLLOWER to CANDIDATE at term 39 for changeToCandidate
2019-10-15 21:54:43,364 [Thread-823] INFO  impl.RoleInfo (RoleInfo.java:updateAndGet(143)) - 04d05b50-beb8-4841-9ce1-2061f7b42c80: start LeaderElection
2019-10-15 21:54:43,379 [04d05b50-beb8-4841-9ce1-2061f7b42c80@group-F62649F7AF7F-LeaderElection40] INFO  impl.LeaderElection (LeaderElection.java:askForVotes(178)) - 04d05b50-beb8-4841-9ce1-2061f7b42c80@group-F62649F7AF7F-LeaderElection40: begin an election at term 40 for 0: [6a83fe04-c8c3-48c1-8861-8f81e89cd03c:192.168.69.90:44841, 04d05b50-beb8-4841-9ce1-2061f7b42c80:192.168.69.90:35772, 0a72d9f0-d385-4350-a485-113e43f7c69c:192.168.69.90:33827], old=null
2019-10-15 21:54:43,382 [grpc-default-executor-1] INFO  impl.RaftServerImpl (RaftServerImpl.java:setRole(184)) - 6a83fe04-c8c3-48c1-8861-8f81e89cd03c@group-F62649F7AF7F: changes role from  FOLLOWER to FOLLOWER at term 40 for recognizeCandidate:04d05b50-beb8-4841-9ce1-2061f7b42c80
2019-10-15 21:54:43,382 [grpc-default-executor-1] INFO  impl.RoleInfo (RoleInfo.java:shutdownFollowerState(121)) - 6a83fe04-c8c3-48c1-8861-8f81e89cd03c: shutdown FollowerState
2019-10-15 21:54:43,383 [grpc-default-executor-3] INFO  impl.RaftServerImpl (RaftServerImpl.java:setRole(184)) - 0a72d9f0-d385-4350-a485-113e43f7c69c@group-F62649F7AF7F: changes role from  FOLLOWER to FOLLOWER at term 40 for recognizeCandidate:04d05b50-beb8-4841-9ce1-2061f7b42c80
2019-10-15 21:54:43,383 [Thread-814] INFO  impl.FollowerState (FollowerState.java:run(117)) - 6a83fe04-c8c3-48c1-8861-8f81e89cd03c@group-F62649F7AF7F-FollowerState was interrupted: java.lang.InterruptedException: sleep interrupted
2019-10-15 21:54:43,383 [grpc-default-executor-1] INFO  impl.RoleInfo (RoleInfo.java:updateAndGet(143)) - 6a83fe04-c8c3-48c1-8861-8f81e89cd03c: start FollowerState
2019-10-15 21:54:43,383 [grpc-default-executor-3] INFO  impl.RoleInfo (RoleInfo.java:shutdownFollowerState(121)) - 0a72d9f0-d385-4350-a485-113e43f7c69c: shutdown FollowerState
2019-10-15 21:54:43,384 [grpc-default-executor-3] INFO  impl.RoleInfo (RoleInfo.java:updateAndGet(143)) - 0a72d9f0-d385-4350-a485-113e43f7c69c: start FollowerState
2019-10-15 21:54:43,384 [Thread-815] INFO  impl.FollowerState (FollowerState.java:run(117)) - 0a72d9f0-d385-4350-a485-113e43f7c69c@group-F62649F7AF7F-FollowerState was interrupted: java.lang.InterruptedException: sleep interrupted
2019-10-15 21:54:43,390 [04d05b50-beb8-4841-9ce1-2061f7b42c80@group-F62649F7AF7F-LeaderElection40] INFO  impl.LeaderElection (LeaderElection.java:logAndReturn(56)) - 04d05b50-beb8-4841-9ce1-2061f7b42c80@group-F62649F7AF7F-LeaderElection40: Election TIMEOUT; received 0 response(s) [] and 0 exception(s); 04d05b50-beb8-4841-9ce1-2061f7b42c80@group-F62649F7AF7F:t40, leader=null, voted=04d05b50-beb8-4841-9ce1-2061f7b42c80, raftlog=04d05b50-beb8-4841-9ce1-2061f7b42c80@group-F62649F7AF7F-SegmentedRaftLog:OPENED:c3,f4,i4, conf=0: [6a83fe04-c8c3-48c1-8861-8f81e89cd03c:192.168.69.90:44841, 04d05b50-beb8-4841-9ce1-2061f7b42c80:192.168.69.90:35772, 0a72d9f0-d385-4350-a485-113e43f7c69c:192.168.69.90:33827], old=null
2019-10-15 21:54:43,410 [04d05b50-beb8-4841-9ce1-2061f7b42c80@group-F62649F7AF7F-LeaderElection40] INFO  impl.LeaderElection (LeaderElection.java:askForVotes(178)) - 04d05b50-beb8-4841-9ce1-2061f7b42c80@group-F62649F7AF7F-LeaderElection40: begin an election at term 41 for 0: [6a83fe04-c8c3-48c1-8861-8f81e89cd03c:192.168.69.90:44841, 04d05b50-beb8-4841-9ce1-2061f7b42c80:192.168.69.90:35772, 0a72d9f0-d385-4350-a485-113e43f7c69c:192.168.69.90:33827], old=null
2019-10-15 21:54:43,412 [grpc-default-executor-3] INFO  impl.RaftServerImpl (RaftServerImpl.java:setRole(184)) - 6a83fe04-c8c3-48c1-8861-8f81e89cd03c@group-F62649F7AF7F: changes role from  FOLLOWER to FOLLOWER at term 41 for recognizeCandidate:04d05b50-beb8-4841-9ce1-2061f7b42c80
2019-10-15 21:54:43,412 [grpc-default-executor-1] INFO  impl.RaftServerImpl (RaftServerImpl.java:setRole(184)) - 0a72d9f0-d385-4350-a485-113e43f7c69c@group-F62649F7AF7F: changes role from  FOLLOWER to FOLLOWER at term 41 for recognizeCandidate:04d05b50-beb8-4841-9ce1-2061f7b42c80
2019-10-15 21:54:43,412 [grpc-default-executor-3] INFO  impl.RoleInfo (RoleInfo.java:shutdownFollowerState(121)) - 6a83fe04-c8c3-48c1-8861-8f81e89cd03c: shutdown FollowerState
2019-10-15 21:54:43,413 [grpc-default-executor-1] INFO  impl.RoleInfo (RoleInfo.java:shutdownFollowerState(121)) - 0a72d9f0-d385-4350-a485-113e43f7c69c: shutdown FollowerState
2019-10-15 21:54:43,413 [grpc-default-executor-3] INFO  impl.RoleInfo (RoleInfo.java:updateAndGet(143)) - 6a83fe04-c8c3-48c1-8861-8f81e89cd03c: start FollowerState
2019-10-15 21:54:43,413 [Thread-831] INFO  impl.FollowerState (FollowerState.java:run(117)) - 6a83fe04-c8c3-48c1-8861-8f81e89cd03c@group-F62649F7AF7F-FollowerState was interrupted: java.lang.InterruptedException: sleep interrupted
2019-10-15 21:54:43,413 [grpc-default-executor-1] INFO  impl.RoleInfo (RoleInfo.java:updateAndGet(143)) - 0a72d9f0-d385-4350-a485-113e43f7c69c: start FollowerState
2019-10-15 21:54:43,413 [Thread-832] INFO  impl.FollowerState (FollowerState.java:run(117)) - 0a72d9f0-d385-4350-a485-113e43f7c69c@group-F62649F7AF7F-FollowerState was interrupted: java.lang.InterruptedException: sleep interrupted
2019-10-15 21:54:43,428 [04d05b50-beb8-4841-9ce1-2061f7b42c80@group-F62649F7AF7F-LeaderElection40] INFO  impl.LeaderElection (LeaderElection.java:logAndReturn(56)) - 04d05b50-beb8-4841-9ce1-2061f7b42c80@group-F62649F7AF7F-LeaderElection40: Election REJECTED; received 2 response(s) [04d05b50-beb8-4841-9ce1-2061f7b42c80<-6a83fe04-c8c3-48c1-8861-8f81e89cd03c#0:FAIL-t41, 04d05b50-beb8-4841-9ce1-2061f7b42c80<-0a72d9f0-d385-4350-a485-113e43f7c69c#0:FAIL-t41] and 0 exception(s); 04d05b50-beb8-4841-9ce1-2061f7b42c80@group-F62649F7AF7F:t41, leader=null, voted=04d05b50-beb8-4841-9ce1-2061f7b42c80, raftlog=04d05b50-beb8-4841-9ce1-2061f7b42c80@group-F62649F7AF7F-SegmentedRaftLog:OPENED:c3,f4,i4, conf=0: [6a83fe04-c8c3-48c1-8861-8f81e89cd03c:192.168.69.90:44841, 04d05b50-beb8-4841-9ce1-2061f7b42c80:192.168.69.90:35772, 0a72d9f0-d385-4350-a485-113e43f7c69c:192.168.69.90:33827], old=null
2019-10-15 21:54:43,428 [04d05b50-beb8-4841-9ce1-2061f7b42c80@group-F62649F7AF7F-LeaderElection40] INFO  impl.RaftServerImpl (RaftServerImpl.java:setRole(184)) - 04d05b50-beb8-4841-9ce1-2061f7b42c80@group-F62649F7AF7F: changes role from CANDIDATE to FOLLOWER at term 41 for DISCOVERED_A_NEW_TERM
2019-10-15 21:54:43,429 [04d05b50-beb8-4841-9ce1-2061f7b42c80@group-F62649F7AF7F-LeaderElection40] INFO  impl.RoleInfo (RoleInfo.java:shutdownLeaderElection(134)) - 04d05b50-beb8-4841-9ce1-2061f7b42c80: shutdown LeaderElection
2019-10-15 21:54:43,429 [04d05b50-beb8-4841-9ce1-2061f7b42c80@group-F62649F7AF7F-LeaderElection40] INFO  impl.RoleInfo (RoleInfo.java:updateAndGet(143)) - 04d05b50-beb8-4841-9ce1-2061f7b42c80: start FollowerState
2019-10-15 21:54:43,516 [Thread-837] INFO  impl.FollowerState (FollowerState.java:run(108)) - 04d05b50-beb8-4841-9ce1-2061f7b42c80@group-F62649F7AF7F-FollowerState: change to CANDIDATE, lastRpcTime:86ms, electionTimeout:86ms
2019-10-15 21:54:43,516 [Thread-837] INFO  impl.RoleInfo (RoleInfo.java:shutdownFollowerState(121)) - 04d05b50-beb8-4841-9ce1-2061f7b42c80: shutdown FollowerState
2019-10-15 21:54:43,516 [Thread-837] INFO  impl.RaftServerImpl (RaftServerImpl.java:setRole(184)) - 04d05b50-beb8-4841-9ce1-2061f7b42c80@group-F62649F7AF7F: changes role from  FOLLOWER to CANDIDATE at term 41 for changeToCandidate
2019-10-15 21:54:43,516 [Thread-837] INFO  impl.RoleInfo (RoleInfo.java:updateAndGet(143)) - 04d05b50-beb8-4841-9ce1-2061f7b42c80: start LeaderElection
2019-10-15 21:54:43,541 [04d05b50-beb8-4841-9ce1-2061f7b42c80@group-F62649F7AF7F-LeaderElection41] INFO  impl.LeaderElection (LeaderElection.java:askForVotes(178)) - 04d05b50-beb8-4841-9ce1-2061f7b42c80@group-F62649F7AF7F-LeaderElection41: begin an election at term 42 for 0: [6a83fe04-c8c3-48c1-8861-8f81e89cd03c:192.168.69.90:44841, 04d05b50-beb8-4841-9ce1-2061f7b42c80:192.168.69.90:35772, 0a72d9f0-d385-4350-a485-113e43f7c69c:192.168.69.90:33827], old=null
2019-10-15 21:54:43,544 [grpc-default-executor-3] INFO  impl.RaftServerImpl (RaftServerImpl.java:setRole(184)) - 6a83fe04-c8c3-48c1-8861-8f81e89cd03c@group-F62649F7AF7F: changes role from  FOLLOWER to FOLLOWER at term 42 for recognizeCandidate:04d05b50-beb8-4841-9ce1-2061f7b42c80
2019-10-15 21:54:43,544 [grpc-default-executor-1] INFO  impl.RaftServerImpl (RaftServerImpl.java:setRole(184)) - 0a72d9f0-d385-4350-a485-113e43f7c69c@group-F62649F7AF7F: changes role from  FOLLOWER to FOLLOWER at term 42 for recognizeCandidate:04d05b50-beb8-4841-9ce1-2061f7b42c80
2019-10-15 21:54:43,544 [grpc-default-executor-3] INFO  impl.RoleInfo (RoleInfo.java:shutdownFollowerState(121)) - 6a83fe04-c8c3-48c1-8861-8f81e89cd03c: shutdown FollowerState
2019-10-15 21:54:43,545 [grpc-default-executor-1] INFO  impl.RoleInfo (RoleInfo.java:shutdownFollowerState(121)) - 0a72d9f0-d385-4350-a485-113e43f7c69c: shutdown FollowerState
2019-10-15 21:54:43,545 [Thread-835] INFO  impl.FollowerState (FollowerState.java:run(117)) - 6a83fe04-c8c3-48c1-8861-8f81e89cd03c@group-F62649F7AF7F-FollowerState was interrupted: java.lang.InterruptedException: sleep interrupted
2019-10-15 21:54:43,545 [Thread-836] INFO  impl.FollowerState (FollowerState.java:run(117)) - 0a72d9f0-d385-4350-a485-113e43f7c69c@group-F62649F7AF7F-FollowerState was interrupted: java.lang.InterruptedException: sleep interrupted
2019-10-15 21:54:43,545 [grpc-default-executor-3] INFO  impl.RoleInfo (RoleInfo.java:updateAndGet(143)) - 6a83fe04-c8c3-48c1-8861-8f81e89cd03c: start FollowerState
2019-10-15 21:54:43,545 [grpc-default-executor-1] INFO  impl.RoleInfo (RoleInfo.java:updateAndGet(143)) - 0a72d9f0-d385-4350-a485-113e43f7c69c: start FollowerState
2019-10-15 21:54:43,572 [04d05b50-beb8-4841-9ce1-2061f7b42c80@group-F62649F7AF7F-LeaderElection41] INFO  impl.LeaderElection (LeaderElection.java:logAndReturn(56)) - 04d05b50-beb8-4841-9ce1-2061f7b42c80@group-F62649F7AF7F-LeaderElection41: Election REJECTED; received 2 response(s) [04d05b50-beb8-4841-9ce1-2061f7b42c80<-6a83fe04-c8c3-48c1-8861-8f81e89cd03c#0:FAIL-t42, 04d05b50-beb8-4841-9ce1-2061f7b42c80<-0a72d9f0-d385-4350-a485-113e43f7c69c#0:FAIL-t42] and 0 exception(s); 04d05b50-beb8-4841-9ce1-2061f7b42c80@group-F62649F7AF7F:t42, leader=null, voted=04d05b50-beb8-4841-9ce1-2061f7b42c80, raftlog=04d05b50-beb8-4841-9ce1-2061f7b42c80@group-F62649F7AF7F-SegmentedRaftLog:OPENED:c3,f4,i4, conf=0: [6a83fe04-c8c3-48c1-8861-8f81e89cd03c:192.168.69.90:44841, 04d05b50-beb8-4841-9ce1-2061f7b42c80:192.168.69.90:35772, 0a72d9f0-d385-4350-a485-113e43f7c69c:192.168.69.90:33827], old=null
2019-10-15 21:54:43,572 [04d05b50-beb8-4841-9ce1-2061f7b42c80@group-F62649F7AF7F-LeaderElection41] INFO  impl.RaftServerImpl (RaftServerImpl.java:setRole(184)) - 04d05b50-beb8-4841-9ce1-2061f7b42c80@group-F62649F7AF7F: changes role from CANDIDATE to FOLLOWER at term 42 for DISCOVERED_A_NEW_TERM
2019-10-15 21:54:43,572 [04d05b50-beb8-4841-9ce1-2061f7b42c80@group-F62649F7AF7F-LeaderElection41] INFO  impl.RoleInfo (RoleInfo.java:shutdownLeaderElection(134)) - 04d05b50-beb8-4841-9ce1-2061f7b42c80: shutdown LeaderElection
2019-10-15 21:54:43,572 [04d05b50-beb8-4841-9ce1-2061f7b42c80@group-F62649F7AF7F-LeaderElection41] INFO  impl.RoleInfo (RoleInfo.java:updateAndGet(143)) - 04d05b50-beb8-4841-9ce1-2061f7b42c80: start FollowerState
2019-10-15 21:54:43,603 [EventQueue-PendingDeleteStatusForPendingDeleteHandler] INFO  block.SCMBlockDeletingService (SCMBlockDeletingService.java:handlePendingDeletes(115)) - Block deletion txnID mismatch in datanode 04d05b50-beb8-4841-9ce1-2061f7b42c80 for containerID 1. Datanode delete txnID: 0, SCM txnID: 1
2019-10-15 21:54:43,614 [Thread-843] INFO  impl.FollowerState (FollowerState.java:run(108)) - 04d05b50-beb8-4841-9ce1-2061f7b42c80@group-F62649F7AF7F-FollowerState: change to CANDIDATE, lastRpcTime:42ms, electionTimeout:42ms
2019-10-15 21:54:43,615 [Thread-843] INFO  impl.RoleInfo (RoleInfo.java:shutdownFollowerState(121)) - 04d05b50-beb8-4841-9ce1-2061f7b42c80: shutdown FollowerState
2019-10-15 21:54:43,615 [Thread-843] INFO  impl.RaftServerImpl (RaftServerImpl.java:setRole(184)) - 04d05b50-beb8-4841-9ce1-2061f7b42c80@group-F62649F7AF7F: changes role from  FOLLOWER to CANDIDATE at term 42 for changeToCandidate
2019-10-15 21:54:43,615 [Thread-843] INFO  impl.RoleInfo (RoleInfo.java:updateAndGet(143)) - 04d05b50-beb8-4841-9ce1-2061f7b42c80: start LeaderElection
2019-10-15 21:54:43,628 [04d05b50-beb8-4841-9ce1-2061f7b42c80@group-F62649F7AF7F-LeaderElection42] INFO  impl.LeaderElection (LeaderElection.java:askForVotes(178)) - 04d05b50-beb8-4841-9ce1-2061f7b42c80@group-F62649F7AF7F-LeaderElection42: begin an election at term 43 for 0: [6a83fe04-c8c3-48c1-8861-8f81e89cd03c:192.168.69.90:44841, 04d05b50-beb8-4841-9ce1-2061f7b42c80:192.168.69.90:35772, 0a72d9f0-d385-4350-a485-113e43f7c69c:192.168.69.90:33827], old=null
2019-10-15 21:54:43,631 [grpc-default-executor-3] INFO  impl.RaftServerImpl (RaftServerImpl.java:setRole(184)) - 0a72d9f0-d385-4350-a485-113e43f7c69c@group-F62649F7AF7F: changes role from  FOLLOWER to FOLLOWER at term 43 for recognizeCandidate:04d05b50-beb8-4841-9ce1-2061f7b42c80
2019-10-15 21:54:43,631 [grpc-default-executor-1] INFO  impl.RaftServerImpl (RaftServerImpl.java:setRole(184)) - 6a83fe04-c8c3-48c1-8861-8f81e89cd03c@group-F62649F7AF7F: changes role from  FOLLOWER to FOLLOWER at term 43 for recognizeCandidate:04d05b50-beb8-4841-9ce1-2061f7b42c80
2019-10-15 21:54:43,631 [grpc-default-executor-3] INFO  impl.RoleInfo (RoleInfo.java:shutdownFollowerState(121)) - 0a72d9f0-d385-4350-a485-113e43f7c69c: shutdown FollowerState
2019-10-15 21:54:43,631 [grpc-default-executor-1] INFO  impl.RoleInfo (RoleInfo.java:shutdownFollowerState(121)) - 6a83fe04-c8c3-48c1-8861-8f81e89cd03c: shutdown FollowerState
2019-10-15 21:54:43,632 [Thread-842] INFO  impl.FollowerState (FollowerState.java:run(117)) - 0a72d9f0-d385-4350-a485-113e43f7c69c@group-F62649F7AF7F-FollowerState was interrupted: java.lang.InterruptedException: sleep interrupted
2019-10-15 21:54:43,632 [grpc-default-executor-3] INFO  impl.RoleInfo (RoleInfo.java:updateAndGet(143)) - 0a72d9f0-d385-4350-a485-113e43f7c69c: start FollowerState
2019-10-15 21:54:43,632 [Thread-841] INFO  impl.FollowerState (FollowerState.java:run(117)) - 6a83fe04-c8c3-48c1-8861-8f81e89cd03c@group-F62649F7AF7F-FollowerState was interrupted: java.lang.InterruptedException: sleep interrupted
2019-10-15 21:54:43,632 [grpc-default-executor-1] INFO  impl.RoleInfo (RoleInfo.java:updateAndGet(143)) - 6a83fe04-c8c3-48c1-8861-8f81e89cd03c: start FollowerState
2019-10-15 21:54:43,661 [04d05b50-beb8-4841-9ce1-2061f7b42c80@group-F62649F7AF7F-LeaderElection42] INFO  impl.LeaderElection (LeaderElection.java:logAndReturn(56)) - 04d05b50-beb8-4841-9ce1-2061f7b42c80@group-F62649F7AF7F-LeaderElection42: Election REJECTED; received 2 response(s) [04d05b50-beb8-4841-9ce1-2061f7b42c80<-6a83fe04-c8c3-48c1-8861-8f81e89cd03c#0:FAIL-t43, 04d05b50-beb8-4841-9ce1-2061f7b42c80<-0a72d9f0-d385-4350-a485-113e43f7c69c#0:FAIL-t43] and 0 exception(s); 04d05b50-beb8-4841-9ce1-2061f7b42c80@group-F62649F7AF7F:t43, leader=null, voted=04d05b50-beb8-4841-9ce1-2061f7b42c80, raftlog=04d05b50-beb8-4841-9ce1-2061f7b42c80@group-F62649F7AF7F-SegmentedRaftLog:OPENED:c3,f4,i4, conf=0: [6a83fe04-c8c3-48c1-8861-8f81e89cd03c:192.168.69.90:44841, 04d05b50-beb8-4841-9ce1-2061f7b42c80:192.168.69.90:35772, 0a72d9f0-d385-4350-a485-113e43f7c69c:192.168.69.90:33827], old=null
2019-10-15 21:54:43,662 [04d05b50-beb8-4841-9ce1-2061f7b42c80@group-F62649F7AF7F-LeaderElection42] INFO  impl.RaftServerImpl (RaftServerImpl.java:setRole(184)) - 04d05b50-beb8-4841-9ce1-2061f7b42c80@group-F62649F7AF7F: changes role from CANDIDATE to FOLLOWER at term 43 for DISCOVERED_A_NEW_TERM
2019-10-15 21:54:43,662 [04d05b50-beb8-4841-9ce1-2061f7b42c80@group-F62649F7AF7F-LeaderElection42] INFO  impl.RoleInfo (RoleInfo.java:shutdownLeaderElection(134)) - 04d05b50-beb8-4841-9ce1-2061f7b42c80: shutdown LeaderElection
2019-10-15 21:54:43,662 [04d05b50-beb8-4841-9ce1-2061f7b42c80@group-F62649F7AF7F-LeaderElection42] INFO  impl.RoleInfo (RoleInfo.java:updateAndGet(143)) - 04d05b50-beb8-4841-9ce1-2061f7b42c80: start FollowerState
2019-10-15 21:54:43,780 [Thread-849] INFO  impl.FollowerState (FollowerState.java:run(108)) - 04d05b50-beb8-4841-9ce1-2061f7b42c80@group-F62649F7AF7F-FollowerState: change to CANDIDATE, lastRpcTime:117ms, electionTimeout:117ms
2019-10-15 21:54:43,780 [Thread-849] INFO  impl.RoleInfo (RoleInfo.java:shutdownFollowerState(121)) - 04d05b50-beb8-4841-9ce1-2061f7b42c80: shutdown FollowerState
2019-10-15 21:54:43,780 [Thread-849] INFO  impl.RaftServerImpl (RaftServerImpl.java:setRole(184)) - 04d05b50-beb8-4841-9ce1-2061f7b42c80@group-F62649F7AF7F: changes role from  FOLLOWER to CANDIDATE at term 43 for changeToCandidate
2019-10-15 21:54:43,780 [Thread-849] INFO  impl.RoleInfo (RoleInfo.java:updateAndGet(143)) - 04d05b50-beb8-4841-9ce1-2061f7b42c80: start LeaderElection
2019-10-15 21:54:43,793 [04d05b50-beb8-4841-9ce1-2061f7b42c80@group-F62649F7AF7F-LeaderElection43] INFO  impl.LeaderElection (LeaderElection.java:askForVotes(178)) - 04d05b50-beb8-4841-9ce1-2061f7b42c80@group-F62649F7AF7F-LeaderElection43: begin an election at term 44 for 0: [6a83fe04-c8c3-48c1-8861-8f81e89cd03c:192.168.69.90:44841, 04d05b50-beb8-4841-9ce1-2061f7b42c80:192.168.69.90:35772, 0a72d9f0-d385-4350-a485-113e43f7c69c:192.168.69.90:33827], old=null
2019-10-15 21:54:43,796 [grpc-default-executor-1] INFO  impl.RaftServerImpl (RaftServerImpl.java:setRole(184)) - 6a83fe04-c8c3-48c1-8861-8f81e89cd03c@group-F62649F7AF7F: changes role from  FOLLOWER to FOLLOWER at term 44 for recognizeCandidate:04d05b50-beb8-4841-9ce1-2061f7b42c80
2019-10-15 21:54:43,796 [grpc-default-executor-3] INFO  impl.RaftServerImpl (RaftServerImpl.java:setRole(184)) - 0a72d9f0-d385-4350-a485-113e43f7c69c@group-F62649F7AF7F: changes role from  FOLLOWER to FOLLOWER at term 44 for recognizeCandidate:04d05b50-beb8-4841-9ce1-2061f7b42c80
2019-10-15 21:54:43,796 [grpc-default-executor-1] INFO  impl.RoleInfo (RoleInfo.java:shutdownFollowerState(121)) - 6a83fe04-c8c3-48c1-8861-8f81e89cd03c: shutdown FollowerState
2019-10-15 21:54:43,797 [grpc-default-executor-3] INFO  impl.RoleInfo (RoleInfo.java:shutdownFollowerState(121)) - 0a72d9f0-d385-4350-a485-113e43f7c69c: shutdown FollowerState
2019-10-15 21:54:43,797 [Thread-848] INFO  impl.FollowerState (FollowerState.java:run(117)) - 6a83fe04-c8c3-48c1-8861-8f81e89cd03c@group-F62649F7AF7F-FollowerState was interrupted: java.lang.InterruptedException: sleep interrupted
2019-10-15 21:54:43,797 [grpc-default-executor-1] INFO  impl.RoleInfo (RoleInfo.java:updateAndGet(143)) - 6a83fe04-c8c3-48c1-8861-8f81e89cd03c: start FollowerState
2019-10-15 21:54:43,797 [grpc-default-executor-3] INFO  impl.RoleInfo (RoleInfo.java:updateAndGet(143)) - 0a72d9f0-d385-4350-a485-113e43f7c69c: start FollowerState
2019-10-15 21:54:43,797 [Thread-847] INFO  impl.FollowerState (FollowerState.java:run(117)) - 0a72d9f0-d385-4350-a485-113e43f7c69c@group-F62649F7AF7F-FollowerState was interrupted: java.lang.InterruptedException: sleep interrupted
2019-10-15 21:54:43,812 [04d05b50-beb8-4841-9ce1-2061f7b42c80@group-F62649F7AF7F-LeaderElection43] INFO  impl.LeaderElection (LeaderElection.java:logAndReturn(56)) - 04d05b50-beb8-4841-9ce1-2061f7b42c80@group-F62649F7AF7F-LeaderElection43: Election REJECTED; received 2 response(s) [04d05b50-beb8-4841-9ce1-2061f7b42c80<-6a83fe04-c8c3-48c1-8861-8f81e89cd03c#0:FAIL-t44, 04d05b50-beb8-4841-9ce1-2061f7b42c80<-0a72d9f0-d385-4350-a485-113e43f7c69c#0:FAIL-t44] and 0 exception(s); 04d05b50-beb8-4841-9ce1-2061f7b42c80@group-F62649F7AF7F:t44, leader=null, voted=04d05b50-beb8-4841-9ce1-2061f7b42c80, raftlog=04d05b50-beb8-4841-9ce1-2061f7b42c80@group-F62649F7AF7F-SegmentedRaftLog:OPENED:c3,f4,i4, conf=0: [6a83fe04-c8c3-48c1-8861-8f81e89cd03c:192.168.69.90:44841, 04d05b50-beb8-4841-9ce1-2061f7b42c80:192.168.69.90:35772, 0a72d9f0-d385-4350-a485-113e43f7c69c:192.168.69.90:33827], old=null
2019-10-15 21:54:43,812 [04d05b50-beb8-4841-9ce1-2061f7b42c80@group-F62649F7AF7F-LeaderElection43] INFO  impl.RaftServerImpl (RaftServerImpl.java:setRole(184)) - 04d05b50-beb8-4841-9ce1-2061f7b42c80@group-F62649F7AF7F: changes role from CANDIDATE to FOLLOWER at term 44 for DISCOVERED_A_NEW_TERM
2019-10-15 21:54:43,812 [04d05b50-beb8-4841-9ce1-2061f7b42c80@group-F62649F7AF7F-LeaderElection43] INFO  impl.RoleInfo (RoleInfo.java:shutdownLeaderElection(134)) - 04d05b50-beb8-4841-9ce1-2061f7b42c80: shutdown LeaderElection
2019-10-15 21:54:43,812 [04d05b50-beb8-4841-9ce1-2061f7b42c80@group-F62649F7AF7F-LeaderElection43] INFO  impl.RoleInfo (RoleInfo.java:updateAndGet(143)) - 04d05b50-beb8-4841-9ce1-2061f7b42c80: start FollowerState
2019-10-15 21:54:43,812 [Command processor thread] INFO  commandhandler.DeleteBlocksCommandHandler (DeleteBlocksCommandHandler.java:handle(106)) - Start to delete container blocks, TXIDs=[1(0)], numOfContainers=1, numOfBlocks=1
2019-10-15 21:54:43,813 [Command processor thread] INFO  commandhandler.DeleteBlocksCommandHandler (DeleteBlocksCommandHandler.java:handle(106)) - Start to delete container blocks, TXIDs=[1(2)], numOfContainers=1, numOfBlocks=1
2019-10-15 21:54:43,814 [Command processor thread] INFO  commandhandler.DeleteBlocksCommandHandler (DeleteBlocksCommandHandler.java:handle(106)) - Start to delete container blocks, TXIDs=[1(0)], numOfContainers=1, numOfBlocks=1
2019-10-15 21:54:43,814 [Command processor thread] INFO  commandhandler.DeleteBlocksCommandHandler (DeleteBlocksCommandHandler.java:handle(106)) - Start to delete container blocks, TXIDs=[1(2)], numOfContainers=1, numOfBlocks=1
2019-10-15 21:54:43,814 [Command processor thread] INFO  commandhandler.DeleteBlocksCommandHandler (DeleteBlocksCommandHandler.java:handle(106)) - Start to delete container blocks, TXIDs=[1(4)], numOfContainers=1, numOfBlocks=1
2019-10-15 21:54:43,814 [Command processor thread] INFO  commandhandler.DeleteBlocksCommandHandler (DeleteBlocksCommandHandler.java:handle(106)) - Start to delete container blocks, TXIDs=[1(0)], numOfContainers=1, numOfBlocks=1
2019-10-15 21:54:43,815 [Command processor thread] INFO  commandhandler.DeleteBlocksCommandHandler (DeleteBlocksCommandHandler.java:handle(106)) - Start to delete container blocks, TXIDs=[1(4)], numOfContainers=1, numOfBlocks=1
2019-10-15 21:54:43,815 [Command processor thread] INFO  commandhandler.DeleteBlocksCommandHandler (DeleteBlocksCommandHandler.java:handle(106)) - Start to delete container blocks, TXIDs=[1(2)], numOfContainers=1, numOfBlocks=1
2019-10-15 21:54:43,815 [Command processor thread] INFO  commandhandler.DeleteBlocksCommandHandler (DeleteBlocksCommandHandler.java:handle(106)) - Start to delete container blocks, TXIDs=[1(5)], numOfContainers=1, numOfBlocks=1
2019-10-15 21:54:43,815 [Command processor thread] INFO  commandhandler.DeleteBlocksCommandHandler (DeleteBlocksCommandHandler.java:handle(106)) - Start to delete container blocks, TXIDs=[1(0)], numOfContainers=1, numOfBlocks=1
2019-10-15 21:54:43,816 [Command processor thread] INFO  commandhandler.DeleteBlocksCommandHandler (DeleteBlocksCommandHandler.java:handle(106)) - Start to delete container blocks, TXIDs=[1(5)], numOfContainers=1, numOfBlocks=1
2019-10-15 21:54:43,816 [Command processor thread] INFO  commandhandler.DeleteBlocksCommandHandler (DeleteBlocksCommandHandler.java:handle(106)) - Start to delete container blocks, TXIDs=[1(5)], numOfContainers=1, numOfBlocks=1
2019-10-15 21:54:43,816 [Command processor thread] INFO  commandhandler.DeleteBlocksCommandHandler (DeleteBlocksCommandHandler.java:handle(106)) - Start to delete container blocks, TXIDs=[1(4)], numOfContainers=1, numOfBlocks=1
2019-10-15 21:54:43,816 [Command processor thread] INFO  commandhandler.DeleteBlocksCommandHandler (DeleteBlocksCommandHandler.java:handle(106)) - Start to delete container blocks, TXIDs=[1(0)], numOfContainers=1, numOfBlocks=1
2019-10-15 21:54:43,817 [Command processor thread] INFO  commandhandler.DeleteBlocksCommandHandler (DeleteBlocksCommandHandler.java:handle(106)) - Start to delete container blocks, TXIDs=[1(2)], numOfContainers=1, numOfBlocks=1
2019-10-15 21:54:43,817 [Command processor thread] INFO  commandhandler.DeleteBlocksCommandHandler (DeleteBlocksCommandHandler.java:handle(106)) - Start to delete container blocks, TXIDs=[1(5)], numOfContainers=1, numOfBlocks=1
2019-10-15 21:54:43,817 [Command processor thread] INFO  commandhandler.DeleteBlocksCommandHandler (DeleteBlocksCommandHandler.java:handle(106)) - Start to delete container blocks, TXIDs=[1(2)], numOfContainers=1, numOfBlocks=1
2019-10-15 21:54:43,817 [Command processor thread] INFO  commandhandler.DeleteBlocksCommandHandler (DeleteBlocksCommandHandler.java:handle(106)) - Start to delete container blocks, TXIDs=[1(5)], numOfContainers=1, numOfBlocks=1
2019-10-15 21:54:43,817 [Command processor thread] INFO  commandhandler.DeleteBlocksCommandHandler (DeleteBlocksCommandHandler.java:handle(106)) - Start to delete container blocks, TXIDs=[1(5)], numOfContainers=1, numOfBlocks=1
2019-10-15 21:54:43,818 [Command processor thread] INFO  commandhandler.DeleteBlocksCommandHandler (DeleteBlocksCommandHandler.java:handle(106)) - Start to delete container blocks, TXIDs=[1(4)], numOfContainers=1, numOfBlocks=1
2019-10-15 21:54:43,818 [Command processor thread] INFO  commandhandler.DeleteBlocksCommandHandler (DeleteBlocksCommandHandler.java:handle(106)) - Start to delete container blocks, TXIDs=[1(0)], numOfContainers=1, numOfBlocks=1
2019-10-15 21:54:43,818 [Command processor thread] INFO  commandhandler.DeleteBlocksCommandHandler (DeleteBlocksCommandHandler.java:handle(106)) - Start to delete container blocks, TXIDs=[1(5)], numOfContainers=1, numOfBlocks=1
2019-10-15 21:54:43,818 [Command processor thread] INFO  commandhandler.DeleteBlocksCommandHandler (DeleteBlocksCommandHandler.java:handle(106)) - Start to delete container blocks, TXIDs=[1(5)], numOfContainers=1, numOfBlocks=1
2019-10-15 21:54:43,819 [Command processor thread] INFO  commandhandler.DeleteBlocksCommandHandler (DeleteBlocksCommandHandler.java:handle(106)) - Start to delete container blocks, TXIDs=[1(4)], numOfContainers=1, numOfBlocks=1
2019-10-15 21:54:43,819 [Command processor thread] INFO  commandhandler.DeleteBlocksCommandHandler (DeleteBlocksCommandHandler.java:handle(106)) - Start to delete container blocks, TXIDs=[1(2)], numOfContainers=1, numOfBlocks=1
2019-10-15 21:54:43,819 [Command processor thread] INFO  commandhandler.DeleteBlocksCommandHandler (DeleteBlocksCommandHandler.java:handle(106)) - Start to delete container blocks, TXIDs=[1(5)], numOfContainers=1, numOfBlocks=1
2019-10-15 21:54:43,819 [Command processor thread] INFO  commandhandler.DeleteBlocksCommandHandler (DeleteBlocksCommandHandler.java:handle(106)) - Start to delete container blocks, TXIDs=[1(5)], numOfContainers=1, numOfBlocks=1
2019-10-15 21:54:43,820 [Command processor thread] INFO  commandhandler.DeleteBlocksCommandHandler (DeleteBlocksCommandHandler.java:handle(106)) - Start to delete container blocks, TXIDs=[1(0)], numOfContainers=1, numOfBlocks=1
2019-10-15 21:54:43,822 [Command processor thread] INFO  commandhandler.DeleteBlocksCommandHandler (DeleteBlocksCommandHandler.java:handle(106)) - Start to delete container blocks, TXIDs=[1(33)], numOfContainers=1, numOfBlocks=1
2019-10-15 21:54:43,822 [Command processor thread] INFO  commandhandler.DeleteBlocksCommandHandler (DeleteBlocksCommandHandler.java:handle(106)) - Start to delete container blocks, TXIDs=[1(5)], numOfContainers=1, numOfBlocks=1
2019-10-15 21:54:43,822 [Command processor thread] INFO  commandhandler.DeleteBlocksCommandHandler (DeleteBlocksCommandHandler.java:handle(106)) - Start to delete container blocks, TXIDs=[1(0)], numOfContainers=1, numOfBlocks=1
2019-10-15 21:54:43,823 [Command processor thread] INFO  commandhandler.DeleteBlocksCommandHandler (DeleteBlocksCommandHandler.java:handle(106)) - Start to delete container blocks, TXIDs=[1(2)], numOfContainers=1, numOfBlocks=1
2019-10-15 21:54:43,823 [Command processor thread] INFO  commandhandler.DeleteBlocksCommandHandler (DeleteBlocksCommandHandler.java:handle(106)) - Start to delete container blocks, TXIDs=[1(4)], numOfContainers=1, numOfBlocks=1
2019-10-15 21:54:43,823 [Command processor thread] INFO  commandhandler.DeleteBlocksCommandHandler (DeleteBlocksCommandHandler.java:handle(106)) - Start to delete container blocks, TXIDs=[1(5)], numOfContainers=1, numOfBlocks=1
2019-10-15 21:54:43,823 [Command processor thread] INFO  commandhandler.DeleteBlocksCommandHandler (DeleteBlocksCommandHandler.java:handle(106)) - Start to delete container blocks, TXIDs=[1(5)], numOfContainers=1, numOfBlocks=1
2019-10-15 21:54:43,824 [Command processor thread] INFO  commandhandler.DeleteBlocksCommandHandler (DeleteBlocksCommandHandler.java:handle(106)) - Start to delete container blocks, TXIDs=[1(5)], numOfContainers=1, numOfBlocks=1
2019-10-15 21:54:43,900 [Thread-855] INFO  impl.FollowerState (FollowerState.java:run(108)) - 04d05b50-beb8-4841-9ce1-2061f7b42c80@group-F62649F7AF7F-FollowerState: change to CANDIDATE, lastRpcTime:87ms, electionTimeout:87ms
2019-10-15 21:54:43,900 [Thread-855] INFO  impl.RoleInfo (RoleInfo.java:shutdownFollowerState(121)) - 04d05b50-beb8-4841-9ce1-2061f7b42c80: shutdown FollowerState
2019-10-15 21:54:43,900 [Thread-855] INFO  impl.RaftServerImpl (RaftServerImpl.java:setRole(184)) - 04d05b50-beb8-4841-9ce1-2061f7b42c80@group-F62649F7AF7F: changes role from  FOLLOWER to CANDIDATE at term 44 for changeToCandidate
2019-10-15 21:54:43,900 [Thread-855] INFO  impl.RoleInfo (RoleInfo.java:updateAndGet(143)) - 04d05b50-beb8-4841-9ce1-2061f7b42c80: start LeaderElection
2019-10-15 21:54:43,914 [04d05b50-beb8-4841-9ce1-2061f7b42c80@group-F62649F7AF7F-LeaderElection44] INFO  impl.LeaderElection (LeaderElection.java:askForVotes(178)) - 04d05b50-beb8-4841-9ce1-2061f7b42c80@group-F62649F7AF7F-LeaderElection44: begin an election at term 45 for 0: [6a83fe04-c8c3-48c1-8861-8f81e89cd03c:192.168.69.90:44841, 04d05b50-beb8-4841-9ce1-2061f7b42c80:192.168.69.90:35772, 0a72d9f0-d385-4350-a485-113e43f7c69c:192.168.69.90:33827], old=null
2019-10-15 21:54:43,916 [grpc-default-executor-3] INFO  impl.RaftServerImpl (RaftServerImpl.java:setRole(184)) - 6a83fe04-c8c3-48c1-8861-8f81e89cd03c@group-F62649F7AF7F: changes role from  FOLLOWER to FOLLOWER at term 45 for recognizeCandidate:04d05b50-beb8-4841-9ce1-2061f7b42c80
2019-10-15 21:54:43,917 [grpc-default-executor-3] INFO  impl.RoleInfo (RoleInfo.java:shutdownFollowerState(121)) - 6a83fe04-c8c3-48c1-8861-8f81e89cd03c: shutdown FollowerState
2019-10-15 21:54:43,917 [grpc-default-executor-1] INFO  impl.RaftServerImpl (RaftServerImpl.java:setRole(184)) - 0a72d9f0-d385-4350-a485-113e43f7c69c@group-F62649F7AF7F: changes role from  FOLLOWER to FOLLOWER at term 45 for recognizeCandidate:04d05b50-beb8-4841-9ce1-2061f7b42c80
2019-10-15 21:54:43,917 [Thread-853] INFO  impl.FollowerState (FollowerState.java:run(117)) - 6a83fe04-c8c3-48c1-8861-8f81e89cd03c@group-F62649F7AF7F-FollowerState was interrupted: java.lang.InterruptedException: sleep interrupted
2019-10-15 21:54:43,917 [grpc-default-executor-3] INFO  impl.RoleInfo (RoleInfo.java:updateAndGet(143)) - 6a83fe04-c8c3-48c1-8861-8f81e89cd03c: start FollowerState
2019-10-15 21:54:43,917 [grpc-default-executor-1] INFO  impl.RoleInfo (RoleInfo.java:shutdownFollowerState(121)) - 0a72d9f0-d385-4350-a485-113e43f7c69c: shutdown FollowerState
2019-10-15 21:54:43,918 [grpc-default-executor-1] INFO  impl.RoleInfo (RoleInfo.java:updateAndGet(143)) - 0a72d9f0-d385-4350-a485-113e43f7c69c: start FollowerState
2019-10-15 21:54:43,918 [Thread-854] INFO  impl.FollowerState (FollowerState.java:run(117)) - 0a72d9f0-d385-4350-a485-113e43f7c69c@group-F62649F7AF7F-FollowerState was interrupted: java.lang.InterruptedException: sleep interrupted
2019-10-15 21:54:43,933 [04d05b50-beb8-4841-9ce1-2061f7b42c80@group-F62649F7AF7F-LeaderElection44] INFO  impl.LeaderElection (LeaderElection.java:logAndReturn(56)) - 04d05b50-beb8-4841-9ce1-2061f7b42c80@group-F62649F7AF7F-LeaderElection44: Election REJECTED; received 2 response(s) [04d05b50-beb8-4841-9ce1-2061f7b42c80<-6a83fe04-c8c3-48c1-8861-8f81e89cd03c#0:FAIL-t45, 04d05b50-beb8-4841-9ce1-2061f7b42c80<-0a72d9f0-d385-4350-a485-113e43f7c69c#0:FAIL-t45] and 0 exception(s); 04d05b50-beb8-4841-9ce1-2061f7b42c80@group-F62649F7AF7F:t45, leader=null, voted=04d05b50-beb8-4841-9ce1-2061f7b42c80, raftlog=04d05b50-beb8-4841-9ce1-2061f7b42c80@group-F62649F7AF7F-SegmentedRaftLog:OPENED:c3,f4,i4, conf=0: [6a83fe04-c8c3-48c1-8861-8f81e89cd03c:192.168.69.90:44841, 04d05b50-beb8-4841-9ce1-2061f7b42c80:192.168.69.90:35772, 0a72d9f0-d385-4350-a485-113e43f7c69c:192.168.69.90:33827], old=null
2019-10-15 21:54:43,933 [04d05b50-beb8-4841-9ce1-2061f7b42c80@group-F62649F7AF7F-LeaderElection44] INFO  impl.RaftServerImpl (RaftServerImpl.java:setRole(184)) - 04d05b50-beb8-4841-9ce1-2061f7b42c80@group-F62649F7AF7F: changes role from CANDIDATE to FOLLOWER at term 45 for DISCOVERED_A_NEW_TERM
2019-10-15 21:54:43,933 [04d05b50-beb8-4841-9ce1-2061f7b42c80@group-F62649F7AF7F-LeaderElection44] INFO  impl.RoleInfo (RoleInfo.java:shutdownLeaderElection(134)) - 04d05b50-beb8-4841-9ce1-2061f7b42c80: shutdown LeaderElection
2019-10-15 21:54:43,934 [04d05b50-beb8-4841-9ce1-2061f7b42c80@group-F62649F7AF7F-LeaderElection44] INFO  impl.RoleInfo (RoleInfo.java:updateAndGet(143)) - 04d05b50-beb8-4841-9ce1-2061f7b42c80: start FollowerState
2019-10-15 21:54:43,985 [Thread-862] INFO  impl.FollowerState (FollowerState.java:run(108)) - 04d05b50-beb8-4841-9ce1-2061f7b42c80@group-F62649F7AF7F-FollowerState: change to CANDIDATE, lastRpcTime:51ms, electionTimeout:51ms
2019-10-15 21:54:43,985 [Thread-862] INFO  impl.RoleInfo (RoleInfo.java:shutdownFollowerState(121)) - 04d05b50-beb8-4841-9ce1-2061f7b42c80: shutdown FollowerState
2019-10-15 21:54:43,985 [Thread-862] INFO  impl.RaftServerImpl (RaftServerImpl.java:setRole(184)) - 04d05b50-beb8-4841-9ce1-2061f7b42c80@group-F62649F7AF7F: changes role from  FOLLOWER to CANDIDATE at term 45 for changeToCandidate
2019-10-15 21:54:43,986 [Thread-862] INFO  impl.RoleInfo (RoleInfo.java:updateAndGet(143)) - 04d05b50-beb8-4841-9ce1-2061f7b42c80: start LeaderElection
2019-10-15 21:54:44,000 [04d05b50-beb8-4841-9ce1-2061f7b42c80@group-F62649F7AF7F-LeaderElection45] INFO  impl.LeaderElection (LeaderElection.java:askForVotes(178)) - 04d05b50-beb8-4841-9ce1-2061f7b42c80@group-F62649F7AF7F-LeaderElection45: begin an election at term 46 for 0: [6a83fe04-c8c3-48c1-8861-8f81e89cd03c:192.168.69.90:44841, 04d05b50-beb8-4841-9ce1-2061f7b42c80:192.168.69.90:35772, 0a72d9f0-d385-4350-a485-113e43f7c69c:192.168.69.90:33827], old=null
2019-10-15 21:54:44,001 [pool-7-thread-5] INFO  commands.RetriableDatanodeEventWatcher (RetriableDatanodeEventWatcher.java:onTimeout(47)) - RetriableDatanodeCommand type=deleteBlocksCommand with id=1571176475872 timed out. Retrying.
2019-10-15 21:54:44,001 [pool-7-thread-5] INFO  commands.RetriableDatanodeEventWatcher (RetriableDatanodeEventWatcher.java:onTimeout(47)) - RetriableDatanodeCommand type=deleteBlocksCommand with id=1571176475871 timed out. Retrying.
2019-10-15 21:54:44,001 [pool-7-thread-2] INFO  commands.RetriableDatanodeEventWatcher (RetriableDatanodeEventWatcher.java:onTimeout(47)) - RetriableDatanodeCommand type=deleteBlocksCommand with id=1571176475867 timed out. Retrying.
2019-10-15 21:54:44,002 [pool-7-thread-3] INFO  commands.RetriableDatanodeEventWatcher (RetriableDatanodeEventWatcher.java:onTimeout(47)) - RetriableDatanodeCommand type=deleteBlocksCommand with id=1571176475866 timed out. Retrying.
2019-10-15 21:54:44,002 [SCMBlockDeletingService#1] INFO  block.SCMBlockDeletingService (SCMBlockDeletingService.java:call(184)) - Totally added 1 delete blocks command for 1 datanodes, task elapsed time: 0ms
2019-10-15 21:54:44,002 [pool-7-thread-4] INFO  commands.RetriableDatanodeEventWatcher (RetriableDatanodeEventWatcher.java:onTimeout(47)) - RetriableDatanodeCommand type=deleteBlocksCommand with id=1571176475864 timed out. Retrying.
2019-10-15 21:54:44,002 [grpc-default-executor-1] INFO  impl.RaftServerImpl (RaftServerImpl.java:setRole(184)) - 6a83fe04-c8c3-48c1-8861-8f81e89cd03c@group-F62649F7AF7F: changes role from  FOLLOWER to FOLLOWER at term 46 for recognizeCandidate:04d05b50-beb8-4841-9ce1-2061f7b42c80
2019-10-15 21:54:44,002 [grpc-default-executor-3] INFO  impl.RaftServerImpl (RaftServerImpl.java:setRole(184)) - 0a72d9f0-d385-4350-a485-113e43f7c69c@group-F62649F7AF7F: changes role from  FOLLOWER to FOLLOWER at term 46 for recognizeCandidate:04d05b50-beb8-4841-9ce1-2061f7b42c80
2019-10-15 21:54:44,002 [pool-7-thread-5] INFO  commands.RetriableDatanodeEventWatcher (RetriableDatanodeEventWatcher.java:onTimeout(47)) - RetriableDatanodeCommand type=deleteBlocksCommand with id=1571176475868 timed out. Retrying.
2019-10-15 21:54:44,003 [04d05b50-beb8-4841-9ce1-2061f7b42c80@group-F62649F7AF7F-LeaderElection45] INFO  impl.LeaderElection (LeaderElection.java:logAndReturn(56)) - 04d05b50-beb8-4841-9ce1-2061f7b42c80@group-F62649F7AF7F-LeaderElection45: Election TIMEOUT; received 0 response(s) [] and 0 exception(s); 04d05b50-beb8-4841-9ce1-2061f7b42c80@group-F62649F7AF7F:t46, leader=null, voted=04d05b50-beb8-4841-9ce1-2061f7b42c80, raftlog=04d05b50-beb8-4841-9ce1-2061f7b42c80@group-F62649F7AF7F-SegmentedRaftLog:OPENED:c3,f4,i4, conf=0: [6a83fe04-c8c3-48c1-8861-8f81e89cd03c:192.168.69.90:44841, 04d05b50-beb8-4841-9ce1-2061f7b42c80:192.168.69.90:35772, 0a72d9f0-d385-4350-a485-113e43f7c69c:192.168.69.90:33827], old=null
2019-10-15 21:54:44,002 [grpc-default-executor-3] INFO  impl.RoleInfo (RoleInfo.java:shutdownFollowerState(121)) - 0a72d9f0-d385-4350-a485-113e43f7c69c: shutdown FollowerState
2019-10-15 21:54:44,002 [grpc-default-executor-1] INFO  impl.RoleInfo (RoleInfo.java:shutdownFollowerState(121)) - 6a83fe04-c8c3-48c1-8861-8f81e89cd03c: shutdown FollowerState
2019-10-15 21:54:44,003 [grpc-default-executor-3] INFO  impl.RoleInfo (RoleInfo.java:updateAndGet(143)) - 0a72d9f0-d385-4350-a485-113e43f7c69c: start FollowerState
2019-10-15 21:54:44,003 [Thread-861] INFO  impl.FollowerState (FollowerState.java:run(117)) - 0a72d9f0-d385-4350-a485-113e43f7c69c@group-F62649F7AF7F-FollowerState was interrupted: java.lang.InterruptedException: sleep interrupted
2019-10-15 21:54:44,003 [pool-7-thread-2] INFO  commands.RetriableDatanodeEventWatcher (RetriableDatanodeEventWatcher.java:onTimeout(47)) - RetriableDatanodeCommand type=deleteBlocksCommand with id=1571176475869 timed out. Retrying.
2019-10-15 21:54:44,003 [Thread-860] INFO  impl.FollowerState (FollowerState.java:run(117)) - 6a83fe04-c8c3-48c1-8861-8f81e89cd03c@group-F62649F7AF7F-FollowerState was interrupted: java.lang.InterruptedException: sleep interrupted
2019-10-15 21:54:44,003 [grpc-default-executor-1] INFO  impl.RoleInfo (RoleInfo.java:updateAndGet(143)) - 6a83fe04-c8c3-48c1-8861-8f81e89cd03c: start FollowerState
2019-10-15 21:54:44,003 [pool-7-thread-3] INFO  commands.RetriableDatanodeEventWatcher (RetriableDatanodeEventWatcher.java:onTimeout(47)) - RetriableDatanodeCommand type=deleteBlocksCommand with id=1571176475870 timed out. Retrying.
2019-10-15 21:54:44,027 [EventQueue-DeleteBlockStatusForDeletedBlockLogImpl] WARN  block.DeletedBlockLogImpl (DeletedBlockLogImpl.java:commitTransactions(205)) - Transaction txId=1 commit by dnId=04d05b50-beb8-4841-9ce1-2061f7b42c80 for containerID=#1 failed. Corresponding entry not found.
2019-10-15 21:54:44,027 [IPC Server handler 8 on 40709] WARN  block.DeletedBlockLogImpl (DeletedBlockLogImpl.java:incrementCount(141)) - Deleted TXID not found.
2019-10-15 21:54:44,028 [EventQueue-DeleteBlockStatusForDeletedBlockLogImpl] WARN  block.DeletedBlockLogImpl (DeletedBlockLogImpl.java:commitTransactions(205)) - Transaction txId=1 commit by dnId=04d05b50-beb8-4841-9ce1-2061f7b42c80 for containerID=#1 failed. Corresponding entry not found.
2019-10-15 21:54:44,028 [04d05b50-beb8-4841-9ce1-2061f7b42c80@group-F62649F7AF7F-LeaderElection45] INFO  impl.LeaderElection (LeaderElection.java:askForVotes(178)) - 04d05b50-beb8-4841-9ce1-2061f7b42c80@group-F62649F7AF7F-LeaderElection45: begin an election at term 47 for 0: [6a83fe04-c8c3-48c1-8861-8f81e89cd03c:192.168.69.90:44841, 04d05b50-beb8-4841-9ce1-2061f7b42c80:192.168.69.90:35772, 0a72d9f0-d385-4350-a485-113e43f7c69c:192.168.69.90:33827], old=null
2019-10-15 21:54:44,028 [IPC Server handler 8 on 40709] WARN  block.DeletedBlockLogImpl (DeletedBlockLogImpl.java:incrementCount(141)) - Deleted TXID not found.
2019-10-15 21:54:44,028 [EventQueue-DeleteBlockStatusForDeletedBlockLogImpl] WARN  block.DeletedBlockLogImpl (DeletedBlockLogImpl.java:commitTransactions(205)) - Transaction txId=1 commit by dnId=04d05b50-beb8-4841-9ce1-2061f7b42c80 for containerID=#1 failed. Corresponding entry not found.
2019-10-15 21:54:44,028 [IPC Server handler 8 on 40709] WARN  block.DeletedBlockLogImpl (DeletedBlockLogImpl.java:incrementCount(141)) - Deleted TXID not found.
2019-10-15 21:54:44,028 [EventQueue-DeleteBlockStatusForDeletedBlockLogImpl] WARN  block.DeletedBlockLogImpl (DeletedBlockLogImpl.java:commitTransactions(205)) - Transaction txId=1 commit by dnId=04d05b50-beb8-4841-9ce1-2061f7b42c80 for containerID=#1 failed. Corresponding entry not found.
2019-10-15 21:54:44,029 [IPC Server handler 8 on 40709] WARN  block.DeletedBlockLogImpl (DeletedBlockLogImpl.java:incrementCount(141)) - Deleted TXID not found.
2019-10-15 21:54:44,029 [EventQueue-DeleteBlockStatusForDeletedBlockLogImpl] WARN  block.DeletedBlockLogImpl (DeletedBlockLogImpl.java:commitTransactions(205)) - Transaction txId=1 commit by dnId=04d05b50-beb8-4841-9ce1-2061f7b42c80 for containerID=#1 failed. Corresponding entry not found.
2019-10-15 21:54:44,029 [IPC Server handler 8 on 40709] WARN  block.DeletedBlockLogImpl (DeletedBlockLogImpl.java:incrementCount(141)) - Deleted TXID not found.
2019-10-15 21:54:44,029 [EventQueue-DeleteBlockStatusForDeletedBlockLogImpl] WARN  block.DeletedBlockLogImpl (DeletedBlockLogImpl.java:commitTransactions(205)) - Transaction txId=1 commit by dnId=04d05b50-beb8-4841-9ce1-2061f7b42c80 for containerID=#1 failed. Corresponding entry not found.
2019-10-15 21:54:44,030 [IPC Server handler 8 on 40709] WARN  block.DeletedBlockLogImpl (DeletedBlockLogImpl.java:incrementCount(141)) - Deleted TXID not found.
2019-10-15 21:54:44,030 [EventQueue-DeleteBlockStatusForDeletedBlockLogImpl] WARN  block.DeletedBlockLogImpl (DeletedBlockLogImpl.java:commitTransactions(205)) - Transaction txId=1 commit by dnId=04d05b50-beb8-4841-9ce1-2061f7b42c80 for containerID=#1 failed. Corresponding entry not found.
2019-10-15 21:54:44,030 [grpc-default-executor-3] INFO  impl.RaftServerImpl (RaftServerImpl.java:setRole(184)) - 6a83fe04-c8c3-48c1-8861-8f81e89cd03c@group-F62649F7AF7F: changes role from  FOLLOWER to FOLLOWER at term 47 for recognizeCandidate:04d05b50-beb8-4841-9ce1-2061f7b42c80
2019-10-15 21:54:44,030 [IPC Server handler 8 on 40709] WARN  block.DeletedBlockLogImpl (DeletedBlockLogImpl.java:incrementCount(141)) - Deleted TXID not found.
2019-10-15 21:54:44,030 [grpc-default-executor-3] INFO  impl.RoleInfo (RoleInfo.java:shutdownFollowerState(121)) - 6a83fe04-c8c3-48c1-8861-8f81e89cd03c: shutdown FollowerState
2019-10-15 21:54:44,031 [IPC Server handler 8 on 40709] WARN  block.DeletedBlockLogImpl (DeletedBlockLogImpl.java:incrementCount(141)) - Deleted TXID not found.
2019-10-15 21:54:44,031 [grpc-default-executor-3] INFO  impl.RoleInfo (RoleInfo.java:updateAndGet(143)) - 6a83fe04-c8c3-48c1-8861-8f81e89cd03c: start FollowerState
2019-10-15 21:54:44,031 [Thread-867] INFO  impl.FollowerState (FollowerState.java:run(117)) - 6a83fe04-c8c3-48c1-8861-8f81e89cd03c@group-F62649F7AF7F-FollowerState was interrupted: java.lang.InterruptedException: sleep interrupted
2019-10-15 21:54:44,031 [grpc-default-executor-1] INFO  impl.RaftServerImpl (RaftServerImpl.java:setRole(184)) - 0a72d9f0-d385-4350-a485-113e43f7c69c@group-F62649F7AF7F: changes role from  FOLLOWER to FOLLOWER at term 47 for recognizeCandidate:04d05b50-beb8-4841-9ce1-2061f7b42c80
2019-10-15 21:54:44,031 [grpc-default-executor-1] INFO  impl.RoleInfo (RoleInfo.java:shutdownFollowerState(121)) - 0a72d9f0-d385-4350-a485-113e43f7c69c: shutdown FollowerState
2019-10-15 21:54:44,031 [grpc-default-executor-1] INFO  impl.RoleInfo (RoleInfo.java:updateAndGet(143)) - 0a72d9f0-d385-4350-a485-113e43f7c69c: start FollowerState
2019-10-15 21:54:44,031 [Thread-866] INFO  impl.FollowerState (FollowerState.java:run(117)) - 0a72d9f0-d385-4350-a485-113e43f7c69c@group-F62649F7AF7F-FollowerState was interrupted: java.lang.InterruptedException: sleep interrupted
2019-10-15 21:54:44,046 [04d05b50-beb8-4841-9ce1-2061f7b42c80@group-F62649F7AF7F-LeaderElection45] INFO  impl.LeaderElection (LeaderElection.java:logAndReturn(56)) - 04d05b50-beb8-4841-9ce1-2061f7b42c80@group-F62649F7AF7F-LeaderElection45: Election REJECTED; received 2 response(s) [04d05b50-beb8-4841-9ce1-2061f7b42c80<-6a83fe04-c8c3-48c1-8861-8f81e89cd03c#0:FAIL-t47, 04d05b50-beb8-4841-9ce1-2061f7b42c80<-0a72d9f0-d385-4350-a485-113e43f7c69c#0:FAIL-t47] and 0 exception(s); 04d05b50-beb8-4841-9ce1-2061f7b42c80@group-F62649F7AF7F:t47, leader=null, voted=04d05b50-beb8-4841-9ce1-2061f7b42c80, raftlog=04d05b50-beb8-4841-9ce1-2061f7b42c80@group-F62649F7AF7F-SegmentedRaftLog:OPENED:c3,f4,i4, conf=0: [6a83fe04-c8c3-48c1-8861-8f81e89cd03c:192.168.69.90:44841, 04d05b50-beb8-4841-9ce1-2061f7b42c80:192.168.69.90:35772, 0a72d9f0-d385-4350-a485-113e43f7c69c:192.168.69.90:33827], old=null
2019-10-15 21:54:44,046 [04d05b50-beb8-4841-9ce1-2061f7b42c80@group-F62649F7AF7F-LeaderElection45] INFO  impl.RaftServerImpl (RaftServerImpl.java:setRole(184)) - 04d05b50-beb8-4841-9ce1-2061f7b42c80@group-F62649F7AF7F: changes role from CANDIDATE to FOLLOWER at term 47 for DISCOVERED_A_NEW_TERM
2019-10-15 21:54:44,046 [04d05b50-beb8-4841-9ce1-2061f7b42c80@group-F62649F7AF7F-LeaderElection45] INFO  impl.RoleInfo (RoleInfo.java:shutdownLeaderElection(134)) - 04d05b50-beb8-4841-9ce1-2061f7b42c80: shutdown LeaderElection
2019-10-15 21:54:44,046 [04d05b50-beb8-4841-9ce1-2061f7b42c80@group-F62649F7AF7F-LeaderElection45] INFO  impl.RoleInfo (RoleInfo.java:updateAndGet(143)) - 04d05b50-beb8-4841-9ce1-2061f7b42c80: start FollowerState
2019-10-15 21:54:44,089 [Thread-874] INFO  client.GrpcClientProtocolService (GrpcClientProtocolService.java:lambda$processClientRequest$0(278)) - Failed RaftClientRequest:client-92BC3EC04FB4->0a72d9f0-d385-4350-a485-113e43f7c69c@group-F62649F7AF7F, cid=10, seq=0, Watch-ALL_COMMITTED(6), Message:<EMPTY>, reply=RaftClientReply:client-92BC3EC04FB4->0a72d9f0-d385-4350-a485-113e43f7c69c@group-F62649F7AF7F, cid=10, FAILED org.apache.ratis.protocol.NotLeaderException: Server 0a72d9f0-d385-4350-a485-113e43f7c69c@group-F62649F7AF7F is not the leader, logIndex=0, commits[0a72d9f0-d385-4350-a485-113e43f7c69c:c10, 6a83fe04-c8c3-48c1-8861-8f81e89cd03c:c10, 04d05b50-beb8-4841-9ce1-2061f7b42c80:c4]
2019-10-15 21:54:44,232 [BlockDeletingService#2] WARN  background.BlockDeletingService (BlockDeletingService.java:isDeletionAllowed(187)) - Close Container log Index 6 is not replicated across allthe servers in the pipeline 4353dad5-98e9-4a09-96de-f62649f7af7f as the min replicated index is 4. Deletion is not allowed in this container yet.
2019-10-15 21:54:44,232 [BlockDeletingService#2] WARN  background.BlockDeletingService (BlockDeletingService.java:isDeletionAllowed(187)) - Close Container log Index 6 is not replicated across allthe servers in the pipeline 4353dad5-98e9-4a09-96de-f62649f7af7f as the min replicated index is 4. Deletion is not allowed in this container yet.
2019-10-15 21:54:44,246 [Thread-872] INFO  impl.FollowerState (FollowerState.java:run(108)) - 04d05b50-beb8-4841-9ce1-2061f7b42c80@group-F62649F7AF7F-FollowerState: change to CANDIDATE, lastRpcTime:199ms, electionTimeout:199ms
2019-10-15 21:54:44,246 [Thread-872] INFO  impl.RoleInfo (RoleInfo.java:shutdownFollowerState(121)) - 04d05b50-beb8-4841-9ce1-2061f7b42c80: shutdown FollowerState
2019-10-15 21:54:44,246 [Thread-872] INFO  impl.RaftServerImpl (RaftServerImpl.java:setRole(184)) - 04d05b50-beb8-4841-9ce1-2061f7b42c80@group-F62649F7AF7F: changes role from  FOLLOWER to CANDIDATE at term 47 for changeToCandidate
2019-10-15 21:54:44,246 [Thread-872] INFO  impl.RoleInfo (RoleInfo.java:updateAndGet(143)) - 04d05b50-beb8-4841-9ce1-2061f7b42c80: start LeaderElection
2019-10-15 21:54:44,261 [04d05b50-beb8-4841-9ce1-2061f7b42c80@group-F62649F7AF7F-LeaderElection46] INFO  impl.LeaderElection (LeaderElection.java:askForVotes(178)) - 04d05b50-beb8-4841-9ce1-2061f7b42c80@group-F62649F7AF7F-LeaderElection46: begin an election at term 48 for 0: [6a83fe04-c8c3-48c1-8861-8f81e89cd03c:192.168.69.90:44841, 04d05b50-beb8-4841-9ce1-2061f7b42c80:192.168.69.90:35772, 0a72d9f0-d385-4350-a485-113e43f7c69c:192.168.69.90:33827], old=null
2019-10-15 21:54:44,267 [grpc-default-executor-1] INFO  impl.RaftServerImpl (RaftServerImpl.java:setRole(184)) - 0a72d9f0-d385-4350-a485-113e43f7c69c@group-F62649F7AF7F: changes role from  FOLLOWER to FOLLOWER at term 48 for recognizeCandidate:04d05b50-beb8-4841-9ce1-2061f7b42c80
2019-10-15 21:54:44,267 [grpc-default-executor-3] INFO  impl.RaftServerImpl (RaftServerImpl.java:setRole(184)) - 6a83fe04-c8c3-48c1-8861-8f81e89cd03c@group-F62649F7AF7F: changes role from  FOLLOWER to FOLLOWER at term 48 for recognizeCandidate:04d05b50-beb8-4841-9ce1-2061f7b42c80
2019-10-15 21:54:44,268 [grpc-default-executor-1] INFO  impl.RoleInfo (RoleInfo.java:shutdownFollowerState(121)) - 0a72d9f0-d385-4350-a485-113e43f7c69c: shutdown FollowerState
2019-10-15 21:54:44,268 [grpc-default-executor-3] INFO  impl.RoleInfo (RoleInfo.java:shutdownFollowerState(121)) - 6a83fe04-c8c3-48c1-8861-8f81e89cd03c: shutdown FollowerState
2019-10-15 21:54:44,268 [grpc-default-executor-1] INFO  impl.RoleInfo (RoleInfo.java:updateAndGet(143)) - 0a72d9f0-d385-4350-a485-113e43f7c69c: start FollowerState
2019-10-15 21:54:44,268 [Thread-870] INFO  impl.FollowerState (FollowerState.java:run(117)) - 6a83fe04-c8c3-48c1-8861-8f81e89cd03c@group-F62649F7AF7F-FollowerState was interrupted: java.lang.InterruptedException: sleep interrupted
2019-10-15 21:54:44,268 [grpc-default-executor-3] INFO  impl.RoleInfo (RoleInfo.java:updateAndGet(143)) - 6a83fe04-c8c3-48c1-8861-8f81e89cd03c: start FollowerState
2019-10-15 21:54:44,268 [Thread-871] INFO  impl.FollowerState (FollowerState.java:run(117)) - 0a72d9f0-d385-4350-a485-113e43f7c69c@group-F62649F7AF7F-FollowerState was interrupted: java.lang.InterruptedException: sleep interrupted
2019-10-15 21:54:44,280 [04d05b50-beb8-4841-9ce1-2061f7b42c80@group-F62649F7AF7F-LeaderElection46] INFO  impl.LeaderElection (LeaderElection.java:logAndReturn(56)) - 04d05b50-beb8-4841-9ce1-2061f7b42c80@group-F62649F7AF7F-LeaderElection46: Election REJECTED; received 2 response(s) [04d05b50-beb8-4841-9ce1-2061f7b42c80<-6a83fe04-c8c3-48c1-8861-8f81e89cd03c#0:FAIL-t48, 04d05b50-beb8-4841-9ce1-2061f7b42c80<-0a72d9f0-d385-4350-a485-113e43f7c69c#0:FAIL-t48] and 0 exception(s); 04d05b50-beb8-4841-9ce1-2061f7b42c80@group-F62649F7AF7F:t48, leader=null, voted=04d05b50-beb8-4841-9ce1-2061f7b42c80, raftlog=04d05b50-beb8-4841-9ce1-2061f7b42c80@group-F62649F7AF7F-SegmentedRaftLog:OPENED:c3,f4,i4, conf=0: [6a83fe04-c8c3-48c1-8861-8f81e89cd03c:192.168.69.90:44841, 04d05b50-beb8-4841-9ce1-2061f7b42c80:192.168.69.90:35772, 0a72d9f0-d385-4350-a485-113e43f7c69c:192.168.69.90:33827], old=null
2019-10-15 21:54:44,280 [04d05b50-beb8-4841-9ce1-2061f7b42c80@group-F62649F7AF7F-LeaderElection46] INFO  impl.RaftServerImpl (RaftServerImpl.java:setRole(184)) - 04d05b50-beb8-4841-9ce1-2061f7b42c80@group-F62649F7AF7F: changes role from CANDIDATE to FOLLOWER at term 48 for DISCOVERED_A_NEW_TERM
2019-10-15 21:54:44,280 [04d05b50-beb8-4841-9ce1-2061f7b42c80@group-F62649F7AF7F-LeaderElection46] INFO  impl.RoleInfo (RoleInfo.java:shutdownLeaderElection(134)) - 04d05b50-beb8-4841-9ce1-2061f7b42c80: shutdown LeaderElection
2019-10-15 21:54:44,280 [04d05b50-beb8-4841-9ce1-2061f7b42c80@group-F62649F7AF7F-LeaderElection46] INFO  impl.RoleInfo (RoleInfo.java:updateAndGet(143)) - 04d05b50-beb8-4841-9ce1-2061f7b42c80: start FollowerState
2019-10-15 21:54:44,313 [Thread-883] INFO  impl.FollowerState (FollowerState.java:run(108)) - 04d05b50-beb8-4841-9ce1-2061f7b42c80@group-F62649F7AF7F-FollowerState: change to CANDIDATE, lastRpcTime:32ms, electionTimeout:32ms
2019-10-15 21:54:44,313 [Thread-883] INFO  impl.RoleInfo (RoleInfo.java:shutdownFollowerState(121)) - 04d05b50-beb8-4841-9ce1-2061f7b42c80: shutdown FollowerState
2019-10-15 21:54:44,313 [Thread-883] INFO  impl.RaftServerImpl (RaftServerImpl.java:setRole(184)) - 04d05b50-beb8-4841-9ce1-2061f7b42c80@group-F62649F7AF7F: changes role from  FOLLOWER to CANDIDATE at term 48 for changeToCandidate
2019-10-15 21:54:44,313 [Thread-883] INFO  impl.RoleInfo (RoleInfo.java:updateAndGet(143)) - 04d05b50-beb8-4841-9ce1-2061f7b42c80: start LeaderElection
2019-10-15 21:54:44,321 [04d05b50-beb8-4841-9ce1-2061f7b42c80@group-F62649F7AF7F-LeaderElection47] INFO  impl.LeaderElection (LeaderElection.java:askForVotes(178)) - 04d05b50-beb8-4841-9ce1-2061f7b42c80@group-F62649F7AF7F-LeaderElection47: begin an election at term 49 for 0: [6a83fe04-c8c3-48c1-8861-8f81e89cd03c:192.168.69.90:44841, 04d05b50-beb8-4841-9ce1-2061f7b42c80:192.168.69.90:35772, 0a72d9f0-d385-4350-a485-113e43f7c69c:192.168.69.90:33827], old=null
2019-10-15 21:54:44,324 [grpc-default-executor-1] INFO  impl.RaftServerImpl (RaftServerImpl.java:setRole(184)) - 6a83fe04-c8c3-48c1-8861-8f81e89cd03c@group-F62649F7AF7F: changes role from  FOLLOWER to FOLLOWER at term 49 for recognizeCandidate:04d05b50-beb8-4841-9ce1-2061f7b42c80
2019-10-15 21:54:44,324 [grpc-default-executor-3] INFO  impl.RaftServerImpl (RaftServerImpl.java:setRole(184)) - 0a72d9f0-d385-4350-a485-113e43f7c69c@group-F62649F7AF7F: changes role from  FOLLOWER to FOLLOWER at term 49 for recognizeCandidate:04d05b50-beb8-4841-9ce1-2061f7b42c80
2019-10-15 21:54:44,325 [grpc-default-executor-1] INFO  impl.RoleInfo (RoleInfo.java:shutdownFollowerState(121)) - 6a83fe04-c8c3-48c1-8861-8f81e89cd03c: shutdown FollowerState
2019-10-15 21:54:44,325 [grpc-default-executor-3] INFO  impl.RoleInfo (RoleInfo.java:shutdownFollowerState(121)) - 0a72d9f0-d385-4350-a485-113e43f7c69c: shutdown FollowerState
2019-10-15 21:54:44,325 [grpc-default-executor-1] INFO  impl.RoleInfo (RoleInfo.java:updateAndGet(143)) - 6a83fe04-c8c3-48c1-8861-8f81e89cd03c: start FollowerState
2019-10-15 21:54:44,325 [Thread-882] INFO  impl.FollowerState (FollowerState.java:run(117)) - 6a83fe04-c8c3-48c1-8861-8f81e89cd03c@group-F62649F7AF7F-FollowerState was interrupted: java.lang.InterruptedException: sleep interrupted
2019-10-15 21:54:44,325 [grpc-default-executor-3] INFO  impl.RoleInfo (RoleInfo.java:updateAndGet(143)) - 0a72d9f0-d385-4350-a485-113e43f7c69c: start FollowerState
2019-10-15 21:54:44,325 [Thread-881] INFO  impl.FollowerState (FollowerState.java:run(117)) - 0a72d9f0-d385-4350-a485-113e43f7c69c@group-F62649F7AF7F-FollowerState was interrupted: java.lang.InterruptedException: sleep interrupted
2019-10-15 21:54:44,337 [04d05b50-beb8-4841-9ce1-2061f7b42c80@group-F62649F7AF7F-LeaderElection47] INFO  impl.LeaderElection (LeaderElection.java:logAndReturn(56)) - 04d05b50-beb8-4841-9ce1-2061f7b42c80@group-F62649F7AF7F-LeaderElection47: Election REJECTED; received 2 response(s) [04d05b50-beb8-4841-9ce1-2061f7b42c80<-6a83fe04-c8c3-48c1-8861-8f81e89cd03c#0:FAIL-t49, 04d05b50-beb8-4841-9ce1-2061f7b42c80<-0a72d9f0-d385-4350-a485-113e43f7c69c#0:FAIL-t49] and 0 exception(s); 04d05b50-beb8-4841-9ce1-2061f7b42c80@group-F62649F7AF7F:t49, leader=null, voted=04d05b50-beb8-4841-9ce1-2061f7b42c80, raftlog=04d05b50-beb8-4841-9ce1-2061f7b42c80@group-F62649F7AF7F-SegmentedRaftLog:OPENED:c3,f4,i4, conf=0: [6a83fe04-c8c3-48c1-8861-8f81e89cd03c:192.168.69.90:44841, 04d05b50-beb8-4841-9ce1-2061f7b42c80:192.168.69.90:35772, 0a72d9f0-d385-4350-a485-113e43f7c69c:192.168.69.90:33827], old=null
2019-10-15 21:54:44,338 [04d05b50-beb8-4841-9ce1-2061f7b42c80@group-F62649F7AF7F-LeaderElection47] INFO  impl.RaftServerImpl (RaftServerImpl.java:setRole(184)) - 04d05b50-beb8-4841-9ce1-2061f7b42c80@group-F62649F7AF7F: changes role from CANDIDATE to FOLLOWER at term 49 for DISCOVERED_A_NEW_TERM
2019-10-15 21:54:44,338 [04d05b50-beb8-4841-9ce1-2061f7b42c80@group-F62649F7AF7F-LeaderElection47] INFO  impl.RoleInfo (RoleInfo.java:shutdownLeaderElection(134)) - 04d05b50-beb8-4841-9ce1-2061f7b42c80: shutdown LeaderElection
2019-10-15 21:54:44,338 [04d05b50-beb8-4841-9ce1-2061f7b42c80@group-F62649F7AF7F-LeaderElection47] INFO  impl.RoleInfo (RoleInfo.java:updateAndGet(143)) - 04d05b50-beb8-4841-9ce1-2061f7b42c80: start FollowerState
2019-10-15 21:54:44,352 [Thread-889] INFO  impl.FollowerState (FollowerState.java:run(108)) - 04d05b50-beb8-4841-9ce1-2061f7b42c80@group-F62649F7AF7F-FollowerState: change to CANDIDATE, lastRpcTime:13ms, electionTimeout:13ms
2019-10-15 21:54:44,352 [Thread-889] INFO  impl.RoleInfo (RoleInfo.java:shutdownFollowerState(121)) - 04d05b50-beb8-4841-9ce1-2061f7b42c80: shutdown FollowerState
2019-10-15 21:54:44,352 [Thread-889] INFO  impl.RaftServerImpl (RaftServerImpl.java:setRole(184)) - 04d05b50-beb8-4841-9ce1-2061f7b42c80@group-F62649F7AF7F: changes role from  FOLLOWER to CANDIDATE at term 49 for changeToCandidate
2019-10-15 21:54:44,352 [Thread-889] INFO  impl.RoleInfo (RoleInfo.java:updateAndGet(143)) - 04d05b50-beb8-4841-9ce1-2061f7b42c80: start LeaderElection
2019-10-15 21:54:44,365 [04d05b50-beb8-4841-9ce1-2061f7b42c80@group-F62649F7AF7F-LeaderElection48] INFO  impl.LeaderElection (LeaderElection.java:askForVotes(178)) - 04d05b50-beb8-4841-9ce1-2061f7b42c80@group-F62649F7AF7F-LeaderElection48: begin an election at term 50 for 0: [6a83fe04-c8c3-48c1-8861-8f81e89cd03c:192.168.69.90:44841, 04d05b50-beb8-4841-9ce1-2061f7b42c80:192.168.69.90:35772, 0a72d9f0-d385-4350-a485-113e43f7c69c:192.168.69.90:33827], old=null
2019-10-15 21:54:44,368 [grpc-default-executor-3] INFO  impl.RaftServerImpl (RaftServerImpl.java:setRole(184)) - 6a83fe04-c8c3-48c1-8861-8f81e89cd03c@group-F62649F7AF7F: changes role from  FOLLOWER to FOLLOWER at term 50 for recognizeCandidate:04d05b50-beb8-4841-9ce1-2061f7b42c80
2019-10-15 21:54:44,368 [grpc-default-executor-3] INFO  impl.RoleInfo (RoleInfo.java:shutdownFollowerState(121)) - 6a83fe04-c8c3-48c1-8861-8f81e89cd03c: shutdown FollowerState
2019-10-15 21:54:44,368 [grpc-default-executor-3] INFO  impl.RoleInfo (RoleInfo.java:updateAndGet(143)) - 6a83fe04-c8c3-48c1-8861-8f81e89cd03c: start FollowerState
2019-10-15 21:54:44,368 [Thread-887] INFO  impl.FollowerState (FollowerState.java:run(117)) - 6a83fe04-c8c3-48c1-8861-8f81e89cd03c@group-F62649F7AF7F-FollowerState was interrupted: java.lang.InterruptedException: sleep interrupted
2019-10-15 21:54:44,368 [grpc-default-executor-1] INFO  impl.RaftServerImpl (RaftServerImpl.java:setRole(184)) - 0a72d9f0-d385-4350-a485-113e43f7c69c@group-F62649F7AF7F: changes role from  FOLLOWER to FOLLOWER at term 50 for recognizeCandidate:04d05b50-beb8-4841-9ce1-2061f7b42c80
2019-10-15 21:54:44,369 [grpc-default-executor-1] INFO  impl.RoleInfo (RoleInfo.java:shutdownFollowerState(121)) - 0a72d9f0-d385-4350-a485-113e43f7c69c: shutdown FollowerState
2019-10-15 21:54:44,369 [grpc-default-executor-1] INFO  impl.RoleInfo (RoleInfo.java:updateAndGet(143)) - 0a72d9f0-d385-4350-a485-113e43f7c69c: start FollowerState
2019-10-15 21:54:44,369 [Thread-888] INFO  impl.FollowerState (FollowerState.java:run(117)) - 0a72d9f0-d385-4350-a485-113e43f7c69c@group-F62649F7AF7F-FollowerState was interrupted: java.lang.InterruptedException: sleep interrupted
2019-10-15 21:54:44,380 [04d05b50-beb8-4841-9ce1-2061f7b42c80@group-F62649F7AF7F-LeaderElection48] INFO  impl.LeaderElection (LeaderElection.java:logAndReturn(56)) - 04d05b50-beb8-4841-9ce1-2061f7b42c80@group-F62649F7AF7F-LeaderElection48: Election REJECTED; received 2 response(s) [04d05b50-beb8-4841-9ce1-2061f7b42c80<-6a83fe04-c8c3-48c1-8861-8f81e89cd03c#0:FAIL-t50, 04d05b50-beb8-4841-9ce1-2061f7b42c80<-0a72d9f0-d385-4350-a485-113e43f7c69c#0:FAIL-t50] and 0 exception(s); 04d05b50-beb8-4841-9ce1-2061f7b42c80@group-F62649F7AF7F:t50, leader=null, voted=04d05b50-beb8-4841-9ce1-2061f7b42c80, raftlog=04d05b50-beb8-4841-9ce1-2061f7b42c80@group-F62649F7AF7F-SegmentedRaftLog:OPENED:c3,f4,i4, conf=0: [6a83fe04-c8c3-48c1-8861-8f81e89cd03c:192.168.69.90:44841, 04d05b50-beb8-4841-9ce1-2061f7b42c80:192.168.69.90:35772, 0a72d9f0-d385-4350-a485-113e43f7c69c:192.168.69.90:33827], old=null
2019-10-15 21:54:44,381 [04d05b50-beb8-4841-9ce1-2061f7b42c80@group-F62649F7AF7F-LeaderElection48] INFO  impl.RaftServerImpl (RaftServerImpl.java:setRole(184)) - 04d05b50-beb8-4841-9ce1-2061f7b42c80@group-F62649F7AF7F: changes role from CANDIDATE to FOLLOWER at term 50 for DISCOVERED_A_NEW_TERM
2019-10-15 21:54:44,381 [04d05b50-beb8-4841-9ce1-2061f7b42c80@group-F62649F7AF7F-LeaderElection48] INFO  impl.RoleInfo (RoleInfo.java:shutdownLeaderElection(134)) - 04d05b50-beb8-4841-9ce1-2061f7b42c80: shutdown LeaderElection
2019-10-15 21:54:44,381 [04d05b50-beb8-4841-9ce1-2061f7b42c80@group-F62649F7AF7F-LeaderElection48] INFO  impl.RoleInfo (RoleInfo.java:updateAndGet(143)) - 04d05b50-beb8-4841-9ce1-2061f7b42c80: start FollowerState
2019-10-15 21:54:44,491 [Thread-895] INFO  impl.FollowerState (FollowerState.java:run(108)) - 04d05b50-beb8-4841-9ce1-2061f7b42c80@group-F62649F7AF7F-FollowerState: change to CANDIDATE, lastRpcTime:110ms, electionTimeout:110ms
2019-10-15 21:54:44,492 [Thread-895] INFO  impl.RoleInfo (RoleInfo.java:shutdownFollowerState(121)) - 04d05b50-beb8-4841-9ce1-2061f7b42c80: shutdown FollowerState
2019-10-15 21:54:44,492 [Thread-895] INFO  impl.RaftServerImpl (RaftServerImpl.java:setRole(184)) - 04d05b50-beb8-4841-9ce1-2061f7b42c80@group-F62649F7AF7F: changes role from  FOLLOWER to CANDIDATE at term 50 for changeToCandidate
2019-10-15 21:54:44,492 [Thread-895] INFO  impl.RoleInfo (RoleInfo.java:updateAndGet(143)) - 04d05b50-beb8-4841-9ce1-2061f7b42c80: start LeaderElection
2019-10-15 21:54:44,517 [04d05b50-beb8-4841-9ce1-2061f7b42c80@group-F62649F7AF7F-LeaderElection49] INFO  impl.LeaderElection (LeaderElection.java:askForVotes(178)) - 04d05b50-beb8-4841-9ce1-2061f7b42c80@group-F62649F7AF7F-LeaderElection49: begin an election at term 51 for 0: [6a83fe04-c8c3-48c1-8861-8f81e89cd03c:192.168.69.90:44841, 04d05b50-beb8-4841-9ce1-2061f7b42c80:192.168.69.90:35772, 0a72d9f0-d385-4350-a485-113e43f7c69c:192.168.69.90:33827], old=null
2019-10-15 21:54:44,521 [grpc-default-executor-3] INFO  impl.RaftServerImpl (RaftServerImpl.java:setRole(184)) - 6a83fe04-c8c3-48c1-8861-8f81e89cd03c@group-F62649F7AF7F: changes role from  FOLLOWER to FOLLOWER at term 51 for recognizeCandidate:04d05b50-beb8-4841-9ce1-2061f7b42c80
2019-10-15 21:54:44,521 [grpc-default-executor-3] INFO  impl.RoleInfo (RoleInfo.java:shutdownFollowerState(121)) - 6a83fe04-c8c3-48c1-8861-8f81e89cd03c: shutdown FollowerState
2019-10-15 21:54:44,521 [grpc-default-executor-3] INFO  impl.RoleInfo (RoleInfo.java:updateAndGet(143)) - 6a83fe04-c8c3-48c1-8861-8f81e89cd03c: start FollowerState
2019-10-15 21:54:44,521 [grpc-default-executor-1] INFO  impl.RaftServerImpl (RaftServerImpl.java:setRole(184)) - 0a72d9f0-d385-4350-a485-113e43f7c69c@group-F62649F7AF7F: changes role from  FOLLOWER to FOLLOWER at term 51 for recognizeCandidate:04d05b50-beb8-4841-9ce1-2061f7b42c80
2019-10-15 21:54:44,521 [grpc-default-executor-1] INFO  impl.RoleInfo (RoleInfo.java:shutdownFollowerState(121)) - 0a72d9f0-d385-4350-a485-113e43f7c69c: shutdown FollowerState
2019-10-15 21:54:44,521 [Thread-893] INFO  impl.FollowerState (FollowerState.java:run(117)) - 6a83fe04-c8c3-48c1-8861-8f81e89cd03c@group-F62649F7AF7F-FollowerState was interrupted: java.lang.InterruptedException: sleep interrupted
2019-10-15 21:54:44,522 [grpc-default-executor-1] INFO  impl.RoleInfo (RoleInfo.java:updateAndGet(143)) - 0a72d9f0-d385-4350-a485-113e43f7c69c: start FollowerState
2019-10-15 21:54:44,522 [Thread-894] INFO  impl.FollowerState (FollowerState.java:run(117)) - 0a72d9f0-d385-4350-a485-113e43f7c69c@group-F62649F7AF7F-FollowerState was interrupted: java.lang.InterruptedException: sleep interrupted
2019-10-15 21:54:44,548 [04d05b50-beb8-4841-9ce1-2061f7b42c80@group-F62649F7AF7F-LeaderElection49] INFO  impl.LeaderElection (LeaderElection.java:logAndReturn(56)) - 04d05b50-beb8-4841-9ce1-2061f7b42c80@group-F62649F7AF7F-LeaderElection49: Election REJECTED; received 2 response(s) [04d05b50-beb8-4841-9ce1-2061f7b42c80<-6a83fe04-c8c3-48c1-8861-8f81e89cd03c#0:FAIL-t51, 04d05b50-beb8-4841-9ce1-2061f7b42c80<-0a72d9f0-d385-4350-a485-113e43f7c69c#0:FAIL-t51] and 0 exception(s); 04d05b50-beb8-4841-9ce1-2061f7b42c80@group-F62649F7AF7F:t51, leader=null, voted=04d05b50-beb8-4841-9ce1-2061f7b42c80, raftlog=04d05b50-beb8-4841-9ce1-2061f7b42c80@group-F62649F7AF7F-SegmentedRaftLog:OPENED:c3,f4,i4, conf=0: [6a83fe04-c8c3-48c1-8861-8f81e89cd03c:192.168.69.90:44841, 04d05b50-beb8-4841-9ce1-2061f7b42c80:192.168.69.90:35772, 0a72d9f0-d385-4350-a485-113e43f7c69c:192.168.69.90:33827], old=null
2019-10-15 21:54:44,548 [04d05b50-beb8-4841-9ce1-2061f7b42c80@group-F62649F7AF7F-LeaderElection49] INFO  impl.RaftServerImpl (RaftServerImpl.java:setRole(184)) - 04d05b50-beb8-4841-9ce1-2061f7b42c80@group-F62649F7AF7F: changes role from CANDIDATE to FOLLOWER at term 51 for DISCOVERED_A_NEW_TERM
2019-10-15 21:54:44,548 [04d05b50-beb8-4841-9ce1-2061f7b42c80@group-F62649F7AF7F-LeaderElection49] INFO  impl.RoleInfo (RoleInfo.java:shutdownLeaderElection(134)) - 04d05b50-beb8-4841-9ce1-2061f7b42c80: shutdown LeaderElection
2019-10-15 21:54:44,548 [04d05b50-beb8-4841-9ce1-2061f7b42c80@group-F62649F7AF7F-LeaderElection49] INFO  impl.RoleInfo (RoleInfo.java:updateAndGet(143)) - 04d05b50-beb8-4841-9ce1-2061f7b42c80: start FollowerState
2019-10-15 21:54:44,622 [Thread-901] INFO  impl.FollowerState (FollowerState.java:run(108)) - 04d05b50-beb8-4841-9ce1-2061f7b42c80@group-F62649F7AF7F-FollowerState: change to CANDIDATE, lastRpcTime:73ms, electionTimeout:73ms
2019-10-15 21:54:44,622 [Thread-901] INFO  impl.RoleInfo (RoleInfo.java:shutdownFollowerState(121)) - 04d05b50-beb8-4841-9ce1-2061f7b42c80: shutdown FollowerState
2019-10-15 21:54:44,622 [Thread-901] INFO  impl.RaftServerImpl (RaftServerImpl.java:setRole(184)) - 04d05b50-beb8-4841-9ce1-2061f7b42c80@group-F62649F7AF7F: changes role from  FOLLOWER to CANDIDATE at term 51 for changeToCandidate
2019-10-15 21:54:44,622 [Thread-901] INFO  impl.RoleInfo (RoleInfo.java:updateAndGet(143)) - 04d05b50-beb8-4841-9ce1-2061f7b42c80: start LeaderElection
2019-10-15 21:54:44,636 [04d05b50-beb8-4841-9ce1-2061f7b42c80@group-F62649F7AF7F-LeaderElection50] INFO  impl.LeaderElection (LeaderElection.java:askForVotes(178)) - 04d05b50-beb8-4841-9ce1-2061f7b42c80@group-F62649F7AF7F-LeaderElection50: begin an election at term 52 for 0: [6a83fe04-c8c3-48c1-8861-8f81e89cd03c:192.168.69.90:44841, 04d05b50-beb8-4841-9ce1-2061f7b42c80:192.168.69.90:35772, 0a72d9f0-d385-4350-a485-113e43f7c69c:192.168.69.90:33827], old=null
2019-10-15 21:54:44,639 [grpc-default-executor-3] INFO  impl.RaftServerImpl (RaftServerImpl.java:setRole(184)) - 6a83fe04-c8c3-48c1-8861-8f81e89cd03c@group-F62649F7AF7F: changes role from  FOLLOWER to FOLLOWER at term 52 for recognizeCandidate:04d05b50-beb8-4841-9ce1-2061f7b42c80
2019-10-15 21:54:44,639 [grpc-default-executor-1] INFO  impl.RaftServerImpl (RaftServerImpl.java:setRole(184)) - 0a72d9f0-d385-4350-a485-113e43f7c69c@group-F62649F7AF7F: changes role from  FOLLOWER to FOLLOWER at term 52 for recognizeCandidate:04d05b50-beb8-4841-9ce1-2061f7b42c80
2019-10-15 21:54:44,640 [grpc-default-executor-3] INFO  impl.RoleInfo (RoleInfo.java:shutdownFollowerState(121)) - 6a83fe04-c8c3-48c1-8861-8f81e89cd03c: shutdown FollowerState
2019-10-15 21:54:44,640 [grpc-default-executor-1] INFO  impl.RoleInfo (RoleInfo.java:shutdownFollowerState(121)) - 0a72d9f0-d385-4350-a485-113e43f7c69c: shutdown FollowerState
2019-10-15 21:54:44,640 [Thread-899] INFO  impl.FollowerState (FollowerState.java:run(117)) - 6a83fe04-c8c3-48c1-8861-8f81e89cd03c@group-F62649F7AF7F-FollowerState was interrupted: java.lang.InterruptedException: sleep interrupted
2019-10-15 21:54:44,640 [grpc-default-executor-3] INFO  impl.RoleInfo (RoleInfo.java:updateAndGet(143)) - 6a83fe04-c8c3-48c1-8861-8f81e89cd03c: start FollowerState
2019-10-15 21:54:44,640 [Thread-900] INFO  impl.FollowerState (FollowerState.java:run(117)) - 0a72d9f0-d385-4350-a485-113e43f7c69c@group-F62649F7AF7F-FollowerState was interrupted: java.lang.InterruptedException: sleep interrupted
2019-10-15 21:54:44,640 [grpc-default-executor-1] INFO  impl.RoleInfo (RoleInfo.java:updateAndGet(143)) - 0a72d9f0-d385-4350-a485-113e43f7c69c: start FollowerState
2019-10-15 21:54:44,655 [04d05b50-beb8-4841-9ce1-2061f7b42c80@group-F62649F7AF7F-LeaderElection50] INFO  impl.LeaderElection (LeaderElection.java:logAndReturn(56)) - 04d05b50-beb8-4841-9ce1-2061f7b42c80@group-F62649F7AF7F-LeaderElection50: Election REJECTED; received 2 response(s) [04d05b50-beb8-4841-9ce1-2061f7b42c80<-6a83fe04-c8c3-48c1-8861-8f81e89cd03c#0:FAIL-t52, 04d05b50-beb8-4841-9ce1-2061f7b42c80<-0a72d9f0-d385-4350-a485-113e43f7c69c#0:FAIL-t52] and 0 exception(s); 04d05b50-beb8-4841-9ce1-2061f7b42c80@group-F62649F7AF7F:t52, leader=null, voted=04d05b50-beb8-4841-9ce1-2061f7b42c80, raftlog=04d05b50-beb8-4841-9ce1-2061f7b42c80@group-F62649F7AF7F-SegmentedRaftLog:OPENED:c3,f4,i4, conf=0: [6a83fe04-c8c3-48c1-8861-8f81e89cd03c:192.168.69.90:44841, 04d05b50-beb8-4841-9ce1-2061f7b42c80:192.168.69.90:35772, 0a72d9f0-d385-4350-a485-113e43f7c69c:192.168.69.90:33827], old=null
2019-10-15 21:54:44,656 [04d05b50-beb8-4841-9ce1-2061f7b42c80@group-F62649F7AF7F-LeaderElection50] INFO  impl.RaftServerImpl (RaftServerImpl.java:setRole(184)) - 04d05b50-beb8-4841-9ce1-2061f7b42c80@group-F62649F7AF7F: changes role from CANDIDATE to FOLLOWER at term 52 for DISCOVERED_A_NEW_TERM
2019-10-15 21:54:44,656 [04d05b50-beb8-4841-9ce1-2061f7b42c80@group-F62649F7AF7F-LeaderElection50] INFO  impl.RoleInfo (RoleInfo.java:shutdownLeaderElection(134)) - 04d05b50-beb8-4841-9ce1-2061f7b42c80: shutdown LeaderElection
2019-10-15 21:54:44,656 [04d05b50-beb8-4841-9ce1-2061f7b42c80@group-F62649F7AF7F-LeaderElection50] INFO  impl.RoleInfo (RoleInfo.java:updateAndGet(143)) - 04d05b50-beb8-4841-9ce1-2061f7b42c80: start FollowerState
2019-10-15 21:54:44,816 [Thread-907] INFO  impl.FollowerState (FollowerState.java:run(108)) - 04d05b50-beb8-4841-9ce1-2061f7b42c80@group-F62649F7AF7F-FollowerState: change to CANDIDATE, lastRpcTime:160ms, electionTimeout:160ms
2019-10-15 21:54:44,817 [Thread-907] INFO  impl.RoleInfo (RoleInfo.java:shutdownFollowerState(121)) - 04d05b50-beb8-4841-9ce1-2061f7b42c80: shutdown FollowerState
2019-10-15 21:54:44,817 [Thread-907] INFO  impl.RaftServerImpl (RaftServerImpl.java:setRole(184)) - 04d05b50-beb8-4841-9ce1-2061f7b42c80@group-F62649F7AF7F: changes role from  FOLLOWER to CANDIDATE at term 52 for changeToCandidate
2019-10-15 21:54:44,817 [Thread-907] INFO  impl.RoleInfo (RoleInfo.java:updateAndGet(143)) - 04d05b50-beb8-4841-9ce1-2061f7b42c80: start LeaderElection
2019-10-15 21:54:44,824 [04d05b50-beb8-4841-9ce1-2061f7b42c80@group-F62649F7AF7F-LeaderElection51] INFO  impl.LeaderElection (LeaderElection.java:askForVotes(178)) - 04d05b50-beb8-4841-9ce1-2061f7b42c80@group-F62649F7AF7F-LeaderElection51: begin an election at term 53 for 0: [6a83fe04-c8c3-48c1-8861-8f81e89cd03c:192.168.69.90:44841, 04d05b50-beb8-4841-9ce1-2061f7b42c80:192.168.69.90:35772, 0a72d9f0-d385-4350-a485-113e43f7c69c:192.168.69.90:33827], old=null
2019-10-15 21:54:44,827 [grpc-default-executor-1] INFO  impl.RaftServerImpl (RaftServerImpl.java:setRole(184)) - 6a83fe04-c8c3-48c1-8861-8f81e89cd03c@group-F62649F7AF7F: changes role from  FOLLOWER to FOLLOWER at term 53 for recognizeCandidate:04d05b50-beb8-4841-9ce1-2061f7b42c80
2019-10-15 21:54:44,827 [grpc-default-executor-1] INFO  impl.RoleInfo (RoleInfo.java:shutdownFollowerState(121)) - 6a83fe04-c8c3-48c1-8861-8f81e89cd03c: shutdown FollowerState
2019-10-15 21:54:44,827 [grpc-default-executor-3] INFO  impl.RaftServerImpl (RaftServerImpl.java:setRole(184)) - 0a72d9f0-d385-4350-a485-113e43f7c69c@group-F62649F7AF7F: changes role from  FOLLOWER to FOLLOWER at term 53 for recognizeCandidate:04d05b50-beb8-4841-9ce1-2061f7b42c80
2019-10-15 21:54:44,828 [Thread-905] INFO  impl.FollowerState (FollowerState.java:run(117)) - 6a83fe04-c8c3-48c1-8861-8f81e89cd03c@group-F62649F7AF7F-FollowerState was interrupted: java.lang.InterruptedException: sleep interrupted
2019-10-15 21:54:44,827 [grpc-default-executor-1] INFO  impl.RoleInfo (RoleInfo.java:updateAndGet(143)) - 6a83fe04-c8c3-48c1-8861-8f81e89cd03c: start FollowerState
2019-10-15 21:54:44,828 [grpc-default-executor-3] INFO  impl.RoleInfo (RoleInfo.java:shutdownFollowerState(121)) - 0a72d9f0-d385-4350-a485-113e43f7c69c: shutdown FollowerState
2019-10-15 21:54:44,828 [grpc-default-executor-3] INFO  impl.RoleInfo (RoleInfo.java:updateAndGet(143)) - 0a72d9f0-d385-4350-a485-113e43f7c69c: start FollowerState
2019-10-15 21:54:44,828 [Thread-906] INFO  impl.FollowerState (FollowerState.java:run(117)) - 0a72d9f0-d385-4350-a485-113e43f7c69c@group-F62649F7AF7F-FollowerState was interrupted: java.lang.InterruptedException: sleep interrupted
2019-10-15 21:54:44,841 [04d05b50-beb8-4841-9ce1-2061f7b42c80@group-F62649F7AF7F-LeaderElection51] INFO  impl.LeaderElection (LeaderElection.java:logAndReturn(56)) - 04d05b50-beb8-4841-9ce1-2061f7b42c80@group-F62649F7AF7F-LeaderElection51: Election REJECTED; received 2 response(s) [04d05b50-beb8-4841-9ce1-2061f7b42c80<-6a83fe04-c8c3-48c1-8861-8f81e89cd03c#0:FAIL-t53, 04d05b50-beb8-4841-9ce1-2061f7b42c80<-0a72d9f0-d385-4350-a485-113e43f7c69c#0:FAIL-t53] and 0 exception(s); 04d05b50-beb8-4841-9ce1-2061f7b42c80@group-F62649F7AF7F:t53, leader=null, voted=04d05b50-beb8-4841-9ce1-2061f7b42c80, raftlog=04d05b50-beb8-4841-9ce1-2061f7b42c80@group-F62649F7AF7F-SegmentedRaftLog:OPENED:c3,f4,i4, conf=0: [6a83fe04-c8c3-48c1-8861-8f81e89cd03c:192.168.69.90:44841, 04d05b50-beb8-4841-9ce1-2061f7b42c80:192.168.69.90:35772, 0a72d9f0-d385-4350-a485-113e43f7c69c:192.168.69.90:33827], old=null
2019-10-15 21:54:44,841 [04d05b50-beb8-4841-9ce1-2061f7b42c80@group-F62649F7AF7F-LeaderElection51] INFO  impl.RaftServerImpl (RaftServerImpl.java:setRole(184)) - 04d05b50-beb8-4841-9ce1-2061f7b42c80@group-F62649F7AF7F: changes role from CANDIDATE to FOLLOWER at term 53 for DISCOVERED_A_NEW_TERM
2019-10-15 21:54:44,842 [04d05b50-beb8-4841-9ce1-2061f7b42c80@group-F62649F7AF7F-LeaderElection51] INFO  impl.RoleInfo (RoleInfo.java:shutdownLeaderElection(134)) - 04d05b50-beb8-4841-9ce1-2061f7b42c80: shutdown LeaderElection
2019-10-15 21:54:44,842 [04d05b50-beb8-4841-9ce1-2061f7b42c80@group-F62649F7AF7F-LeaderElection51] INFO  impl.RoleInfo (RoleInfo.java:updateAndGet(143)) - 04d05b50-beb8-4841-9ce1-2061f7b42c80: start FollowerState
2019-10-15 21:54:44,910 [Command processor thread] INFO  commandhandler.DeleteBlocksCommandHandler (DeleteBlocksCommandHandler.java:handle(106)) - Start to delete container blocks, TXIDs=[1(33)], numOfContainers=1, numOfBlocks=1
2019-10-15 21:54:44,911 [Command processor thread] INFO  commandhandler.DeleteBlocksCommandHandler (DeleteBlocksCommandHandler.java:handle(106)) - Start to delete container blocks, TXIDs=[1(5)], numOfContainers=1, numOfBlocks=1
2019-10-15 21:54:44,911 [Command processor thread] INFO  commandhandler.DeleteBlocksCommandHandler (DeleteBlocksCommandHandler.java:handle(106)) - Start to delete container blocks, TXIDs=[1(41)], numOfContainers=1, numOfBlocks=1
2019-10-15 21:54:44,911 [Command processor thread] INFO  commandhandler.DeleteBlocksCommandHandler (DeleteBlocksCommandHandler.java:handle(106)) - Start to delete container blocks, TXIDs=[1(4)], numOfContainers=1, numOfBlocks=1
2019-10-15 21:54:44,912 [Command processor thread] INFO  commandhandler.DeleteBlocksCommandHandler (DeleteBlocksCommandHandler.java:handle(106)) - Start to delete container blocks, TXIDs=[1(2)], numOfContainers=1, numOfBlocks=1
2019-10-15 21:54:44,912 [Command processor thread] INFO  commandhandler.DeleteBlocksCommandHandler (DeleteBlocksCommandHandler.java:handle(106)) - Start to delete container blocks, TXIDs=[1(0)], numOfContainers=1, numOfBlocks=1
2019-10-15 21:54:44,912 [Command processor thread] INFO  commandhandler.DeleteBlocksCommandHandler (DeleteBlocksCommandHandler.java:handle(106)) - Start to delete container blocks, TXIDs=[1(5)], numOfContainers=1, numOfBlocks=1
2019-10-15 21:54:44,913 [Command processor thread] INFO  commandhandler.DeleteBlocksCommandHandler (DeleteBlocksCommandHandler.java:handle(106)) - Start to delete container blocks, TXIDs=[1(5)], numOfContainers=1, numOfBlocks=1
2019-10-15 21:54:44,913 [Command processor thread] INFO  commandhandler.DeleteBlocksCommandHandler (DeleteBlocksCommandHandler.java:handle(106)) - Start to delete container blocks, TXIDs=[1(5)], numOfContainers=1, numOfBlocks=1
2019-10-15 21:54:44,993 [Thread-914] INFO  impl.FollowerState (FollowerState.java:run(108)) - 04d05b50-beb8-4841-9ce1-2061f7b42c80@group-F62649F7AF7F-FollowerState: change to CANDIDATE, lastRpcTime:151ms, electionTimeout:151ms
2019-10-15 21:54:44,993 [Thread-914] INFO  impl.RoleInfo (RoleInfo.java:shutdownFollowerState(121)) - 04d05b50-beb8-4841-9ce1-2061f7b42c80: shutdown FollowerState
2019-10-15 21:54:44,993 [Thread-914] INFO  impl.RaftServerImpl (RaftServerImpl.java:setRole(184)) - 04d05b50-beb8-4841-9ce1-2061f7b42c80@group-F62649F7AF7F: changes role from  FOLLOWER to CANDIDATE at term 53 for changeToCandidate
2019-10-15 21:54:44,994 [Thread-914] INFO  impl.RoleInfo (RoleInfo.java:updateAndGet(143)) - 04d05b50-beb8-4841-9ce1-2061f7b42c80: start LeaderElection
2019-10-15 21:54:45,001 [pool-7-thread-3] INFO  commands.RetriableDatanodeEventWatcher (RetriableDatanodeEventWatcher.java:onTimeout(47)) - RetriableDatanodeCommand type=deleteBlocksCommand with id=1571176475873 timed out. Retrying.
2019-10-15 21:54:45,010 [04d05b50-beb8-4841-9ce1-2061f7b42c80@group-F62649F7AF7F-LeaderElection52] INFO  impl.LeaderElection (LeaderElection.java:askForVotes(178)) - 04d05b50-beb8-4841-9ce1-2061f7b42c80@group-F62649F7AF7F-LeaderElection52: begin an election at term 54 for 0: [6a83fe04-c8c3-48c1-8861-8f81e89cd03c:192.168.69.90:44841, 04d05b50-beb8-4841-9ce1-2061f7b42c80:192.168.69.90:35772, 0a72d9f0-d385-4350-a485-113e43f7c69c:192.168.69.90:33827], old=null
2019-10-15 21:54:45,013 [grpc-default-executor-1] INFO  impl.RaftServerImpl (RaftServerImpl.java:setRole(184)) - 6a83fe04-c8c3-48c1-8861-8f81e89cd03c@group-F62649F7AF7F: changes role from  FOLLOWER to FOLLOWER at term 54 for recognizeCandidate:04d05b50-beb8-4841-9ce1-2061f7b42c80
2019-10-15 21:54:45,013 [grpc-default-executor-3] INFO  impl.RaftServerImpl (RaftServerImpl.java:setRole(184)) - 0a72d9f0-d385-4350-a485-113e43f7c69c@group-F62649F7AF7F: changes role from  FOLLOWER to FOLLOWER at term 54 for recognizeCandidate:04d05b50-beb8-4841-9ce1-2061f7b42c80
2019-10-15 21:54:45,013 [grpc-default-executor-1] INFO  impl.RoleInfo (RoleInfo.java:shutdownFollowerState(121)) - 6a83fe04-c8c3-48c1-8861-8f81e89cd03c: shutdown FollowerState
2019-10-15 21:54:45,013 [grpc-default-executor-3] INFO  impl.RoleInfo (RoleInfo.java:shutdownFollowerState(121)) - 0a72d9f0-d385-4350-a485-113e43f7c69c: shutdown FollowerState
2019-10-15 21:54:45,013 [grpc-default-executor-3] INFO  impl.RoleInfo (RoleInfo.java:updateAndGet(143)) - 0a72d9f0-d385-4350-a485-113e43f7c69c: start FollowerState
2019-10-15 21:54:45,013 [Thread-912] INFO  impl.FollowerState (FollowerState.java:run(117)) - 6a83fe04-c8c3-48c1-8861-8f81e89cd03c@group-F62649F7AF7F-FollowerState was interrupted: java.lang.InterruptedException: sleep interrupted
2019-10-15 21:54:45,013 [grpc-default-executor-1] INFO  impl.RoleInfo (RoleInfo.java:updateAndGet(143)) - 6a83fe04-c8c3-48c1-8861-8f81e89cd03c: start FollowerState
2019-10-15 21:54:45,013 [EventQueue-DeleteBlockStatusForEventWatcher$$Lambda$30/637241618] WARN  events.EventWatcher (EventWatcher.java:lambda$start$0(110)) - Completion event without active lease. Id=1571176475872
2019-10-15 21:54:45,013 [IPC Server handler 17 on 40709] WARN  block.DeletedBlockLogImpl (DeletedBlockLogImpl.java:incrementCount(141)) - Deleted TXID not found.
2019-10-15 21:54:45,013 [Thread-913] INFO  impl.FollowerState (FollowerState.java:run(117)) - 0a72d9f0-d385-4350-a485-113e43f7c69c@group-F62649F7AF7F-FollowerState was interrupted: java.lang.InterruptedException: sleep interrupted
2019-10-15 21:54:45,014 [EventQueue-DeleteBlockStatusForDeletedBlockLogImpl] WARN  block.DeletedBlockLogImpl (DeletedBlockLogImpl.java:commitTransactions(205)) - Transaction txId=1 commit by dnId=04d05b50-beb8-4841-9ce1-2061f7b42c80 for containerID=#1 failed. Corresponding entry not found.
2019-10-15 21:54:45,014 [EventQueue-DeleteBlockStatusForEventWatcher$$Lambda$30/637241618] WARN  events.EventWatcher (EventWatcher.java:lambda$start$0(110)) - Completion event without active lease. Id=1571176475871
2019-10-15 21:54:45,015 [EventQueue-DeleteBlockStatusForDeletedBlockLogImpl] WARN  block.DeletedBlockLogImpl (DeletedBlockLogImpl.java:commitTransactions(205)) - Transaction txId=1 commit by dnId=04d05b50-beb8-4841-9ce1-2061f7b42c80 for containerID=#1 failed. Corresponding entry not found.
2019-10-15 21:54:45,015 [EventQueue-DeleteBlockStatusForEventWatcher$$Lambda$30/637241618] WARN  events.EventWatcher (EventWatcher.java:lambda$start$0(110)) - Completion event without active lease. Id=1571176475870
2019-10-15 21:54:45,015 [EventQueue-DeleteBlockStatusForDeletedBlockLogImpl] WARN  block.DeletedBlockLogImpl (DeletedBlockLogImpl.java:commitTransactions(205)) - Transaction txId=1 commit by dnId=04d05b50-beb8-4841-9ce1-2061f7b42c80 for containerID=#1 failed. Corresponding entry not found.
2019-10-15 21:54:45,015 [EventQueue-DeleteBlockStatusForEventWatcher$$Lambda$30/637241618] WARN  events.EventWatcher (EventWatcher.java:lambda$start$0(110)) - Completion event without active lease. Id=1571176475869
2019-10-15 21:54:45,015 [EventQueue-DeleteBlockStatusForDeletedBlockLogImpl] WARN  block.DeletedBlockLogImpl (DeletedBlockLogImpl.java:commitTransactions(205)) - Transaction txId=1 commit by dnId=04d05b50-beb8-4841-9ce1-2061f7b42c80 for containerID=#1 failed. Corresponding entry not found.
2019-10-15 21:54:45,015 [EventQueue-DeleteBlockStatusForEventWatcher$$Lambda$30/637241618] WARN  events.EventWatcher (EventWatcher.java:lambda$start$0(110)) - Completion event without active lease. Id=1571176475868
2019-10-15 21:54:45,015 [EventQueue-DeleteBlockStatusForDeletedBlockLogImpl] WARN  block.DeletedBlockLogImpl (DeletedBlockLogImpl.java:commitTransactions(205)) - Transaction txId=1 commit by dnId=04d05b50-beb8-4841-9ce1-2061f7b42c80 for containerID=#1 failed. Corresponding entry not found.
2019-10-15 21:54:45,015 [EventQueue-DeleteBlockStatusForEventWatcher$$Lambda$30/637241618] WARN  events.EventWatcher (EventWatcher.java:lambda$start$0(110)) - Completion event without active lease. Id=1571176475867
2019-10-15 21:54:45,016 [EventQueue-DeleteBlockStatusForDeletedBlockLogImpl] WARN  block.DeletedBlockLogImpl (DeletedBlockLogImpl.java:commitTransactions(205)) - Transaction txId=1 commit by dnId=04d05b50-beb8-4841-9ce1-2061f7b42c80 for containerID=#1 failed. Corresponding entry not found.
2019-10-15 21:54:45,016 [EventQueue-DeleteBlockStatusForEventWatcher$$Lambda$30/637241618] WARN  events.EventWatcher (EventWatcher.java:lambda$start$0(110)) - Completion event without active lease. Id=1571176475866
2019-10-15 21:54:45,016 [EventQueue-DeleteBlockStatusForDeletedBlockLogImpl] WARN  block.DeletedBlockLogImpl (DeletedBlockLogImpl.java:commitTransactions(205)) - Transaction txId=1 commit by dnId=04d05b50-beb8-4841-9ce1-2061f7b42c80 for containerID=#1 failed. Corresponding entry not found.
2019-10-15 21:54:45,016 [EventQueue-DeleteBlockStatusForEventWatcher$$Lambda$30/637241618] WARN  events.EventWatcher (EventWatcher.java:lambda$start$0(110)) - Completion event without active lease. Id=1571176475864
2019-10-15 21:54:45,016 [EventQueue-DeleteBlockStatusForDeletedBlockLogImpl] WARN  block.DeletedBlockLogImpl (DeletedBlockLogImpl.java:commitTransactions(205)) - Transaction txId=1 commit by dnId=04d05b50-beb8-4841-9ce1-2061f7b42c80 for containerID=#1 failed. Corresponding entry not found.
2019-10-15 21:54:45,016 [EventQueue-DeleteBlockStatusForDeletedBlockLogImpl] WARN  block.DeletedBlockLogImpl (DeletedBlockLogImpl.java:commitTransactions(205)) - Transaction txId=1 commit by dnId=04d05b50-beb8-4841-9ce1-2061f7b42c80 for containerID=#1 failed. Corresponding entry not found.
2019-10-15 21:54:45,028 [04d05b50-beb8-4841-9ce1-2061f7b42c80@group-F62649F7AF7F-LeaderElection52] INFO  impl.LeaderElection (LeaderElection.java:logAndReturn(56)) - 04d05b50-beb8-4841-9ce1-2061f7b42c80@group-F62649F7AF7F-LeaderElection52: Election REJECTED; received 2 response(s) [04d05b50-beb8-4841-9ce1-2061f7b42c80<-6a83fe04-c8c3-48c1-8861-8f81e89cd03c#0:FAIL-t54, 04d05b50-beb8-4841-9ce1-2061f7b42c80<-0a72d9f0-d385-4350-a485-113e43f7c69c#0:FAIL-t54] and 0 exception(s); 04d05b50-beb8-4841-9ce1-2061f7b42c80@group-F62649F7AF7F:t54, leader=null, voted=04d05b50-beb8-4841-9ce1-2061f7b42c80, raftlog=04d05b50-beb8-4841-9ce1-2061f7b42c80@group-F62649F7AF7F-SegmentedRaftLog:OPENED:c3,f4,i4, conf=0: [6a83fe04-c8c3-48c1-8861-8f81e89cd03c:192.168.69.90:44841, 04d05b50-beb8-4841-9ce1-2061f7b42c80:192.168.69.90:35772, 0a72d9f0-d385-4350-a485-113e43f7c69c:192.168.69.90:33827], old=null
2019-10-15 21:54:45,029 [04d05b50-beb8-4841-9ce1-2061f7b42c80@group-F62649F7AF7F-LeaderElection52] INFO  impl.RaftServerImpl (RaftServerImpl.java:setRole(184)) - 04d05b50-beb8-4841-9ce1-2061f7b42c80@group-F62649F7AF7F: changes role from CANDIDATE to FOLLOWER at term 54 for DISCOVERED_A_NEW_TERM
2019-10-15 21:54:45,029 [04d05b50-beb8-4841-9ce1-2061f7b42c80@group-F62649F7AF7F-LeaderElection52] INFO  impl.RoleInfo (RoleInfo.java:shutdownLeaderElection(134)) - 04d05b50-beb8-4841-9ce1-2061f7b42c80: shutdown LeaderElection
2019-10-15 21:54:45,029 [04d05b50-beb8-4841-9ce1-2061f7b42c80@group-F62649F7AF7F-LeaderElection52] INFO  impl.RoleInfo (RoleInfo.java:updateAndGet(143)) - 04d05b50-beb8-4841-9ce1-2061f7b42c80: start FollowerState
2019-10-15 21:54:45,036 [Thread-920] INFO  impl.FollowerState (FollowerState.java:run(108)) - 04d05b50-beb8-4841-9ce1-2061f7b42c80@group-F62649F7AF7F-FollowerState: change to CANDIDATE, lastRpcTime:7ms, electionTimeout:7ms
2019-10-15 21:54:45,036 [Thread-920] INFO  impl.RoleInfo (RoleInfo.java:shutdownFollowerState(121)) - 04d05b50-beb8-4841-9ce1-2061f7b42c80: shutdown FollowerState
2019-10-15 21:54:45,036 [Thread-920] INFO  impl.RaftServerImpl (RaftServerImpl.java:setRole(184)) - 04d05b50-beb8-4841-9ce1-2061f7b42c80@group-F62649F7AF7F: changes role from  FOLLOWER to CANDIDATE at term 54 for changeToCandidate
2019-10-15 21:54:45,037 [Thread-920] INFO  impl.RoleInfo (RoleInfo.java:updateAndGet(143)) - 04d05b50-beb8-4841-9ce1-2061f7b42c80: start LeaderElection
2019-10-15 21:54:45,073 [04d05b50-beb8-4841-9ce1-2061f7b42c80@group-F62649F7AF7F-LeaderElection53] INFO  impl.LeaderElection (LeaderElection.java:askForVotes(178)) - 04d05b50-beb8-4841-9ce1-2061f7b42c80@group-F62649F7AF7F-LeaderElection53: begin an election at term 55 for 0: [6a83fe04-c8c3-48c1-8861-8f81e89cd03c:192.168.69.90:44841, 04d05b50-beb8-4841-9ce1-2061f7b42c80:192.168.69.90:35772, 0a72d9f0-d385-4350-a485-113e43f7c69c:192.168.69.90:33827], old=null
2019-10-15 21:54:45,075 [grpc-default-executor-3] INFO  impl.RaftServerImpl (RaftServerImpl.java:setRole(184)) - 6a83fe04-c8c3-48c1-8861-8f81e89cd03c@group-F62649F7AF7F: changes role from  FOLLOWER to FOLLOWER at term 55 for recognizeCandidate:04d05b50-beb8-4841-9ce1-2061f7b42c80
2019-10-15 21:54:45,075 [grpc-default-executor-1] INFO  impl.RaftServerImpl (RaftServerImpl.java:setRole(184)) - 0a72d9f0-d385-4350-a485-113e43f7c69c@group-F62649F7AF7F: changes role from  FOLLOWER to FOLLOWER at term 55 for recognizeCandidate:04d05b50-beb8-4841-9ce1-2061f7b42c80
2019-10-15 21:54:45,075 [grpc-default-executor-3] INFO  impl.RoleInfo (RoleInfo.java:shutdownFollowerState(121)) - 6a83fe04-c8c3-48c1-8861-8f81e89cd03c: shutdown FollowerState
2019-10-15 21:54:45,075 [grpc-default-executor-1] INFO  impl.RoleInfo (RoleInfo.java:shutdownFollowerState(121)) - 0a72d9f0-d385-4350-a485-113e43f7c69c: shutdown FollowerState
2019-10-15 21:54:45,075 [Thread-918] INFO  impl.FollowerState (FollowerState.java:run(117)) - 6a83fe04-c8c3-48c1-8861-8f81e89cd03c@group-F62649F7AF7F-FollowerState was interrupted: java.lang.InterruptedException: sleep interrupted
2019-10-15 21:54:45,075 [grpc-default-executor-3] INFO  impl.RoleInfo (RoleInfo.java:updateAndGet(143)) - 6a83fe04-c8c3-48c1-8861-8f81e89cd03c: start FollowerState
2019-10-15 21:54:45,076 [Thread-919] INFO  impl.FollowerState (FollowerState.java:run(117)) - 0a72d9f0-d385-4350-a485-113e43f7c69c@group-F62649F7AF7F-FollowerState was interrupted: java.lang.InterruptedException: sleep interrupted
2019-10-15 21:54:45,076 [grpc-default-executor-1] INFO  impl.RoleInfo (RoleInfo.java:updateAndGet(143)) - 0a72d9f0-d385-4350-a485-113e43f7c69c: start FollowerState
2019-10-15 21:54:45,085 [04d05b50-beb8-4841-9ce1-2061f7b42c80@group-F62649F7AF7F-LeaderElection53] INFO  impl.LeaderElection (LeaderElection.java:logAndReturn(56)) - 04d05b50-beb8-4841-9ce1-2061f7b42c80@group-F62649F7AF7F-LeaderElection53: Election REJECTED; received 2 response(s) [04d05b50-beb8-4841-9ce1-2061f7b42c80<-6a83fe04-c8c3-48c1-8861-8f81e89cd03c#0:FAIL-t55, 04d05b50-beb8-4841-9ce1-2061f7b42c80<-0a72d9f0-d385-4350-a485-113e43f7c69c#0:FAIL-t55] and 0 exception(s); 04d05b50-beb8-4841-9ce1-2061f7b42c80@group-F62649F7AF7F:t55, leader=null, voted=04d05b50-beb8-4841-9ce1-2061f7b42c80, raftlog=04d05b50-beb8-4841-9ce1-2061f7b42c80@group-F62649F7AF7F-SegmentedRaftLog:OPENED:c3,f4,i4, conf=0: [6a83fe04-c8c3-48c1-8861-8f81e89cd03c:192.168.69.90:44841, 04d05b50-beb8-4841-9ce1-2061f7b42c80:192.168.69.90:35772, 0a72d9f0-d385-4350-a485-113e43f7c69c:192.168.69.90:33827], old=null
2019-10-15 21:54:45,086 [04d05b50-beb8-4841-9ce1-2061f7b42c80@group-F62649F7AF7F-LeaderElection53] INFO  impl.RaftServerImpl (RaftServerImpl.java:setRole(184)) - 04d05b50-beb8-4841-9ce1-2061f7b42c80@group-F62649F7AF7F: changes role from CANDIDATE to FOLLOWER at term 55 for DISCOVERED_A_NEW_TERM
2019-10-15 21:54:45,086 [04d05b50-beb8-4841-9ce1-2061f7b42c80@group-F62649F7AF7F-LeaderElection53] INFO  impl.RoleInfo (RoleInfo.java:shutdownLeaderElection(134)) - 04d05b50-beb8-4841-9ce1-2061f7b42c80: shutdown LeaderElection
2019-10-15 21:54:45,086 [04d05b50-beb8-4841-9ce1-2061f7b42c80@group-F62649F7AF7F-LeaderElection53] INFO  impl.RoleInfo (RoleInfo.java:updateAndGet(143)) - 04d05b50-beb8-4841-9ce1-2061f7b42c80: start FollowerState
2019-10-15 21:54:45,112 [Thread-928] INFO  client.GrpcClientProtocolService (GrpcClientProtocolService.java:lambda$processClientRequest$0(278)) - Failed RaftClientRequest:client-92BC3EC04FB4->04d05b50-beb8-4841-9ce1-2061f7b42c80@group-F62649F7AF7F, cid=10, seq=0, Watch-ALL_COMMITTED(6), Message:<EMPTY>, reply=RaftClientReply:client-92BC3EC04FB4->04d05b50-beb8-4841-9ce1-2061f7b42c80@group-F62649F7AF7F, cid=10, FAILED org.apache.ratis.protocol.NotLeaderException: Server 04d05b50-beb8-4841-9ce1-2061f7b42c80@group-F62649F7AF7F is not the leader, logIndex=0, commits[04d05b50-beb8-4841-9ce1-2061f7b42c80:c3]
2019-10-15 21:54:45,167 [Thread-926] INFO  impl.FollowerState (FollowerState.java:run(108)) - 04d05b50-beb8-4841-9ce1-2061f7b42c80@group-F62649F7AF7F-FollowerState: change to CANDIDATE, lastRpcTime:81ms, electionTimeout:81ms
2019-10-15 21:54:45,167 [Thread-926] INFO  impl.RoleInfo (RoleInfo.java:shutdownFollowerState(121)) - 04d05b50-beb8-4841-9ce1-2061f7b42c80: shutdown FollowerState
2019-10-15 21:54:45,167 [Thread-926] INFO  impl.RaftServerImpl (RaftServerImpl.java:setRole(184)) - 04d05b50-beb8-4841-9ce1-2061f7b42c80@group-F62649F7AF7F: changes role from  FOLLOWER to CANDIDATE at term 55 for changeToCandidate
2019-10-15 21:54:45,168 [Thread-926] INFO  impl.RoleInfo (RoleInfo.java:updateAndGet(143)) - 04d05b50-beb8-4841-9ce1-2061f7b42c80: start LeaderElection
2019-10-15 21:54:45,171 [04d05b50-beb8-4841-9ce1-2061f7b42c80@group-F62649F7AF7F-LeaderElection54] INFO  impl.LeaderElection (LeaderElection.java:askForVotes(178)) - 04d05b50-beb8-4841-9ce1-2061f7b42c80@group-F62649F7AF7F-LeaderElection54: begin an election at term 56 for 0: [6a83fe04-c8c3-48c1-8861-8f81e89cd03c:192.168.69.90:44841, 04d05b50-beb8-4841-9ce1-2061f7b42c80:192.168.69.90:35772, 0a72d9f0-d385-4350-a485-113e43f7c69c:192.168.69.90:33827], old=null
2019-10-15 21:54:45,173 [grpc-default-executor-1] INFO  impl.RaftServerImpl (RaftServerImpl.java:setRole(184)) - 0a72d9f0-d385-4350-a485-113e43f7c69c@group-F62649F7AF7F: changes role from  FOLLOWER to FOLLOWER at term 56 for recognizeCandidate:04d05b50-beb8-4841-9ce1-2061f7b42c80
2019-10-15 21:54:45,173 [grpc-default-executor-3] INFO  impl.RaftServerImpl (RaftServerImpl.java:setRole(184)) - 6a83fe04-c8c3-48c1-8861-8f81e89cd03c@group-F62649F7AF7F: changes role from  FOLLOWER to FOLLOWER at term 56 for recognizeCandidate:04d05b50-beb8-4841-9ce1-2061f7b42c80
2019-10-15 21:54:45,174 [grpc-default-executor-1] INFO  impl.RoleInfo (RoleInfo.java:shutdownFollowerState(121)) - 0a72d9f0-d385-4350-a485-113e43f7c69c: shutdown FollowerState
2019-10-15 21:54:45,174 [grpc-default-executor-3] INFO  impl.RoleInfo (RoleInfo.java:shutdownFollowerState(121)) - 6a83fe04-c8c3-48c1-8861-8f81e89cd03c: shutdown FollowerState
2019-10-15 21:54:45,174 [Thread-925] INFO  impl.FollowerState (FollowerState.java:run(117)) - 0a72d9f0-d385-4350-a485-113e43f7c69c@group-F62649F7AF7F-FollowerState was interrupted: java.lang.InterruptedException: sleep interrupted
2019-10-15 21:54:45,174 [Thread-924] INFO  impl.FollowerState (FollowerState.java:run(117)) - 6a83fe04-c8c3-48c1-8861-8f81e89cd03c@group-F62649F7AF7F-FollowerState was interrupted: java.lang.InterruptedException: sleep interrupted
2019-10-15 21:54:45,174 [grpc-default-executor-1] INFO  impl.RoleInfo (RoleInfo.java:updateAndGet(143)) - 0a72d9f0-d385-4350-a485-113e43f7c69c: start FollowerState
2019-10-15 21:54:45,174 [grpc-default-executor-3] INFO  impl.RoleInfo (RoleInfo.java:updateAndGet(143)) - 6a83fe04-c8c3-48c1-8861-8f81e89cd03c: start FollowerState
2019-10-15 21:54:45,198 [04d05b50-beb8-4841-9ce1-2061f7b42c80@group-F62649F7AF7F-LeaderElection54] INFO  impl.LeaderElection (LeaderElection.java:logAndReturn(56)) - 04d05b50-beb8-4841-9ce1-2061f7b42c80@group-F62649F7AF7F-LeaderElection54: Election REJECTED; received 2 response(s) [04d05b50-beb8-4841-9ce1-2061f7b42c80<-6a83fe04-c8c3-48c1-8861-8f81e89cd03c#0:FAIL-t56, 04d05b50-beb8-4841-9ce1-2061f7b42c80<-0a72d9f0-d385-4350-a485-113e43f7c69c#0:FAIL-t56] and 0 exception(s); 04d05b50-beb8-4841-9ce1-2061f7b42c80@group-F62649F7AF7F:t56, leader=null, voted=04d05b50-beb8-4841-9ce1-2061f7b42c80, raftlog=04d05b50-beb8-4841-9ce1-2061f7b42c80@group-F62649F7AF7F-SegmentedRaftLog:OPENED:c3,f4,i4, conf=0: [6a83fe04-c8c3-48c1-8861-8f81e89cd03c:192.168.69.90:44841, 04d05b50-beb8-4841-9ce1-2061f7b42c80:192.168.69.90:35772, 0a72d9f0-d385-4350-a485-113e43f7c69c:192.168.69.90:33827], old=null
2019-10-15 21:54:45,198 [04d05b50-beb8-4841-9ce1-2061f7b42c80@group-F62649F7AF7F-LeaderElection54] INFO  impl.RaftServerImpl (RaftServerImpl.java:setRole(184)) - 04d05b50-beb8-4841-9ce1-2061f7b42c80@group-F62649F7AF7F: changes role from CANDIDATE to FOLLOWER at term 56 for DISCOVERED_A_NEW_TERM
2019-10-15 21:54:45,199 [04d05b50-beb8-4841-9ce1-2061f7b42c80@group-F62649F7AF7F-LeaderElection54] INFO  impl.RoleInfo (RoleInfo.java:shutdownLeaderElection(134)) - 04d05b50-beb8-4841-9ce1-2061f7b42c80: shutdown LeaderElection
2019-10-15 21:54:45,199 [04d05b50-beb8-4841-9ce1-2061f7b42c80@group-F62649F7AF7F-LeaderElection54] INFO  impl.RoleInfo (RoleInfo.java:updateAndGet(143)) - 04d05b50-beb8-4841-9ce1-2061f7b42c80: start FollowerState
2019-10-15 21:54:45,235 [BlockDeletingService#2] WARN  background.BlockDeletingService (BlockDeletingService.java:isDeletionAllowed(187)) - Close Container log Index 6 is not replicated across allthe servers in the pipeline 4353dad5-98e9-4a09-96de-f62649f7af7f as the min replicated index is 4. Deletion is not allowed in this container yet.
2019-10-15 21:54:45,235 [BlockDeletingService#2] WARN  background.BlockDeletingService (BlockDeletingService.java:isDeletionAllowed(187)) - Close Container log Index 6 is not replicated across allthe servers in the pipeline 4353dad5-98e9-4a09-96de-f62649f7af7f as the min replicated index is 4. Deletion is not allowed in this container yet.
2019-10-15 21:54:45,351 [Thread-935] INFO  impl.FollowerState (FollowerState.java:run(108)) - 04d05b50-beb8-4841-9ce1-2061f7b42c80@group-F62649F7AF7F-FollowerState: change to CANDIDATE, lastRpcTime:152ms, electionTimeout:152ms
2019-10-15 21:54:45,351 [Thread-935] INFO  impl.RoleInfo (RoleInfo.java:shutdownFollowerState(121)) - 04d05b50-beb8-4841-9ce1-2061f7b42c80: shutdown FollowerState
2019-10-15 21:54:45,352 [Thread-935] INFO  impl.RaftServerImpl (RaftServerImpl.java:setRole(184)) - 04d05b50-beb8-4841-9ce1-2061f7b42c80@group-F62649F7AF7F: changes role from  FOLLOWER to CANDIDATE at term 56 for changeToCandidate
2019-10-15 21:54:45,352 [Thread-935] INFO  impl.RoleInfo (RoleInfo.java:updateAndGet(143)) - 04d05b50-beb8-4841-9ce1-2061f7b42c80: start LeaderElection
2019-10-15 21:54:45,364 [04d05b50-beb8-4841-9ce1-2061f7b42c80@group-F62649F7AF7F-LeaderElection55] INFO  impl.LeaderElection (LeaderElection.java:askForVotes(178)) - 04d05b50-beb8-4841-9ce1-2061f7b42c80@group-F62649F7AF7F-LeaderElection55: begin an election at term 57 for 0: [6a83fe04-c8c3-48c1-8861-8f81e89cd03c:192.168.69.90:44841, 04d05b50-beb8-4841-9ce1-2061f7b42c80:192.168.69.90:35772, 0a72d9f0-d385-4350-a485-113e43f7c69c:192.168.69.90:33827], old=null
2019-10-15 21:54:45,367 [grpc-default-executor-1] INFO  impl.RaftServerImpl (RaftServerImpl.java:setRole(184)) - 6a83fe04-c8c3-48c1-8861-8f81e89cd03c@group-F62649F7AF7F: changes role from  FOLLOWER to FOLLOWER at term 57 for recognizeCandidate:04d05b50-beb8-4841-9ce1-2061f7b42c80
2019-10-15 21:54:45,367 [grpc-default-executor-3] INFO  impl.RaftServerImpl (RaftServerImpl.java:setRole(184)) - 0a72d9f0-d385-4350-a485-113e43f7c69c@group-F62649F7AF7F: changes role from  FOLLOWER to FOLLOWER at term 57 for recognizeCandidate:04d05b50-beb8-4841-9ce1-2061f7b42c80
2019-10-15 21:54:45,367 [grpc-default-executor-1] INFO  impl.RoleInfo (RoleInfo.java:shutdownFollowerState(121)) - 6a83fe04-c8c3-48c1-8861-8f81e89cd03c: shutdown FollowerState
2019-10-15 21:54:45,367 [grpc-default-executor-3] INFO  impl.RoleInfo (RoleInfo.java:shutdownFollowerState(121)) - 0a72d9f0-d385-4350-a485-113e43f7c69c: shutdown FollowerState
2019-10-15 21:54:45,367 [Thread-934] INFO  impl.FollowerState (FollowerState.java:run(117)) - 6a83fe04-c8c3-48c1-8861-8f81e89cd03c@group-F62649F7AF7F-FollowerState was interrupted: java.lang.InterruptedException: sleep interrupted
2019-10-15 21:54:45,367 [grpc-default-executor-1] INFO  impl.RoleInfo (RoleInfo.java:updateAndGet(143)) - 6a83fe04-c8c3-48c1-8861-8f81e89cd03c: start FollowerState
2019-10-15 21:54:45,368 [Thread-933] INFO  impl.FollowerState (FollowerState.java:run(117)) - 0a72d9f0-d385-4350-a485-113e43f7c69c@group-F62649F7AF7F-FollowerState was interrupted: java.lang.InterruptedException: sleep interrupted
2019-10-15 21:54:45,368 [grpc-default-executor-3] INFO  impl.RoleInfo (RoleInfo.java:updateAndGet(143)) - 0a72d9f0-d385-4350-a485-113e43f7c69c: start FollowerState
2019-10-15 21:54:45,384 [04d05b50-beb8-4841-9ce1-2061f7b42c80@group-F62649F7AF7F-LeaderElection55] INFO  impl.LeaderElection (LeaderElection.java:logAndReturn(56)) - 04d05b50-beb8-4841-9ce1-2061f7b42c80@group-F62649F7AF7F-LeaderElection55: Election REJECTED; received 2 response(s) [04d05b50-beb8-4841-9ce1-2061f7b42c80<-6a83fe04-c8c3-48c1-8861-8f81e89cd03c#0:FAIL-t57, 04d05b50-beb8-4841-9ce1-2061f7b42c80<-0a72d9f0-d385-4350-a485-113e43f7c69c#0:FAIL-t57] and 0 exception(s); 04d05b50-beb8-4841-9ce1-2061f7b42c80@group-F62649F7AF7F:t57, leader=null, voted=04d05b50-beb8-4841-9ce1-2061f7b42c80, raftlog=04d05b50-beb8-4841-9ce1-2061f7b42c80@group-F62649F7AF7F-SegmentedRaftLog:OPENED:c3,f4,i4, conf=0: [6a83fe04-c8c3-48c1-8861-8f81e89cd03c:192.168.69.90:44841, 04d05b50-beb8-4841-9ce1-2061f7b42c80:192.168.69.90:35772, 0a72d9f0-d385-4350-a485-113e43f7c69c:192.168.69.90:33827], old=null
2019-10-15 21:54:45,384 [04d05b50-beb8-4841-9ce1-2061f7b42c80@group-F62649F7AF7F-LeaderElection55] INFO  impl.RaftServerImpl (RaftServerImpl.java:setRole(184)) - 04d05b50-beb8-4841-9ce1-2061f7b42c80@group-F62649F7AF7F: changes role from CANDIDATE to FOLLOWER at term 57 for DISCOVERED_A_NEW_TERM
2019-10-15 21:54:45,384 [04d05b50-beb8-4841-9ce1-2061f7b42c80@group-F62649F7AF7F-LeaderElection55] INFO  impl.RoleInfo (RoleInfo.java:shutdownLeaderElection(134)) - 04d05b50-beb8-4841-9ce1-2061f7b42c80: shutdown LeaderElection
2019-10-15 21:54:45,384 [04d05b50-beb8-4841-9ce1-2061f7b42c80@group-F62649F7AF7F-LeaderElection55] INFO  impl.RoleInfo (RoleInfo.java:updateAndGet(143)) - 04d05b50-beb8-4841-9ce1-2061f7b42c80: start FollowerState
2019-10-15 21:54:45,477 [Thread-943] INFO  impl.FollowerState (FollowerState.java:run(108)) - 04d05b50-beb8-4841-9ce1-2061f7b42c80@group-F62649F7AF7F-FollowerState: change to CANDIDATE, lastRpcTime:92ms, electionTimeout:92ms
2019-10-15 21:54:45,477 [Thread-943] INFO  impl.RoleInfo (RoleInfo.java:shutdownFollowerState(121)) - 04d05b50-beb8-4841-9ce1-2061f7b42c80: shutdown FollowerState
2019-10-15 21:54:45,477 [Thread-943] INFO  impl.RaftServerImpl (RaftServerImpl.java:setRole(184)) - 04d05b50-beb8-4841-9ce1-2061f7b42c80@group-F62649F7AF7F: changes role from  FOLLOWER to CANDIDATE at term 57 for changeToCandidate
2019-10-15 21:54:45,477 [Thread-943] INFO  impl.RoleInfo (RoleInfo.java:updateAndGet(143)) - 04d05b50-beb8-4841-9ce1-2061f7b42c80: start LeaderElection
2019-10-15 21:54:45,483 [04d05b50-beb8-4841-9ce1-2061f7b42c80@group-F62649F7AF7F-LeaderElection56] INFO  impl.LeaderElection (LeaderElection.java:askForVotes(178)) - 04d05b50-beb8-4841-9ce1-2061f7b42c80@group-F62649F7AF7F-LeaderElection56: begin an election at term 58 for 0: [6a83fe04-c8c3-48c1-8861-8f81e89cd03c:192.168.69.90:44841, 04d05b50-beb8-4841-9ce1-2061f7b42c80:192.168.69.90:35772, 0a72d9f0-d385-4350-a485-113e43f7c69c:192.168.69.90:33827], old=null
2019-10-15 21:54:45,486 [grpc-default-executor-1] INFO  impl.RaftServerImpl (RaftServerImpl.java:setRole(184)) - 6a83fe04-c8c3-48c1-8861-8f81e89cd03c@group-F62649F7AF7F: changes role from  FOLLOWER to FOLLOWER at term 58 for recognizeCandidate:04d05b50-beb8-4841-9ce1-2061f7b42c80
2019-10-15 21:54:45,486 [grpc-default-executor-1] INFO  impl.RoleInfo (RoleInfo.java:shutdownFollowerState(121)) - 6a83fe04-c8c3-48c1-8861-8f81e89cd03c: shutdown FollowerState
2019-10-15 21:54:45,486 [grpc-default-executor-1] INFO  impl.RoleInfo (RoleInfo.java:updateAndGet(143)) - 6a83fe04-c8c3-48c1-8861-8f81e89cd03c: start FollowerState
2019-10-15 21:54:45,486 [Thread-941] INFO  impl.FollowerState (FollowerState.java:run(117)) - 6a83fe04-c8c3-48c1-8861-8f81e89cd03c@group-F62649F7AF7F-FollowerState was interrupted: java.lang.InterruptedException: sleep interrupted
2019-10-15 21:54:45,486 [grpc-default-executor-3] INFO  impl.RaftServerImpl (RaftServerImpl.java:setRole(184)) - 0a72d9f0-d385-4350-a485-113e43f7c69c@group-F62649F7AF7F: changes role from  FOLLOWER to FOLLOWER at term 58 for recognizeCandidate:04d05b50-beb8-4841-9ce1-2061f7b42c80
2019-10-15 21:54:45,487 [grpc-default-executor-3] INFO  impl.RoleInfo (RoleInfo.java:shutdownFollowerState(121)) - 0a72d9f0-d385-4350-a485-113e43f7c69c: shutdown FollowerState
2019-10-15 21:54:45,487 [grpc-default-executor-3] INFO  impl.RoleInfo (RoleInfo.java:updateAndGet(143)) - 0a72d9f0-d385-4350-a485-113e43f7c69c: start FollowerState
2019-10-15 21:54:45,487 [Thread-942] INFO  impl.FollowerState (FollowerState.java:run(117)) - 0a72d9f0-d385-4350-a485-113e43f7c69c@group-F62649F7AF7F-FollowerState was interrupted: java.lang.InterruptedException: sleep interrupted
2019-10-15 21:54:45,499 [04d05b50-beb8-4841-9ce1-2061f7b42c80@group-F62649F7AF7F-LeaderElection56] INFO  impl.LeaderElection (LeaderElection.java:logAndReturn(56)) - 04d05b50-beb8-4841-9ce1-2061f7b42c80@group-F62649F7AF7F-LeaderElection56: Election REJECTED; received 2 response(s) [04d05b50-beb8-4841-9ce1-2061f7b42c80<-6a83fe04-c8c3-48c1-8861-8f81e89cd03c#0:FAIL-t58, 04d05b50-beb8-4841-9ce1-2061f7b42c80<-0a72d9f0-d385-4350-a485-113e43f7c69c#0:FAIL-t58] and 0 exception(s); 04d05b50-beb8-4841-9ce1-2061f7b42c80@group-F62649F7AF7F:t58, leader=null, voted=04d05b50-beb8-4841-9ce1-2061f7b42c80, raftlog=04d05b50-beb8-4841-9ce1-2061f7b42c80@group-F62649F7AF7F-SegmentedRaftLog:OPENED:c3,f4,i4, conf=0: [6a83fe04-c8c3-48c1-8861-8f81e89cd03c:192.168.69.90:44841, 04d05b50-beb8-4841-9ce1-2061f7b42c80:192.168.69.90:35772, 0a72d9f0-d385-4350-a485-113e43f7c69c:192.168.69.90:33827], old=null
2019-10-15 21:54:45,499 [04d05b50-beb8-4841-9ce1-2061f7b42c80@group-F62649F7AF7F-LeaderElection56] INFO  impl.RaftServerImpl (RaftServerImpl.java:setRole(184)) - 04d05b50-beb8-4841-9ce1-2061f7b42c80@group-F62649F7AF7F: changes role from CANDIDATE to FOLLOWER at term 58 for DISCOVERED_A_NEW_TERM
2019-10-15 21:54:45,499 [04d05b50-beb8-4841-9ce1-2061f7b42c80@group-F62649F7AF7F-LeaderElection56] INFO  impl.RoleInfo (RoleInfo.java:shutdownLeaderElection(134)) - 04d05b50-beb8-4841-9ce1-2061f7b42c80: shutdown LeaderElection
2019-10-15 21:54:45,499 [04d05b50-beb8-4841-9ce1-2061f7b42c80@group-F62649F7AF7F-LeaderElection56] INFO  impl.RoleInfo (RoleInfo.java:updateAndGet(143)) - 04d05b50-beb8-4841-9ce1-2061f7b42c80: start FollowerState
2019-10-15 21:54:45,594 [Thread-949] INFO  impl.FollowerState (FollowerState.java:run(108)) - 04d05b50-beb8-4841-9ce1-2061f7b42c80@group-F62649F7AF7F-FollowerState: change to CANDIDATE, lastRpcTime:94ms, electionTimeout:94ms
2019-10-15 21:54:45,594 [Thread-949] INFO  impl.RoleInfo (RoleInfo.java:shutdownFollowerState(121)) - 04d05b50-beb8-4841-9ce1-2061f7b42c80: shutdown FollowerState
2019-10-15 21:54:45,594 [Thread-949] INFO  impl.RaftServerImpl (RaftServerImpl.java:setRole(184)) - 04d05b50-beb8-4841-9ce1-2061f7b42c80@group-F62649F7AF7F: changes role from  FOLLOWER to CANDIDATE at term 58 for changeToCandidate
2019-10-15 21:54:45,594 [Thread-949] INFO  impl.RoleInfo (RoleInfo.java:updateAndGet(143)) - 04d05b50-beb8-4841-9ce1-2061f7b42c80: start LeaderElection
2019-10-15 21:54:45,616 [04d05b50-beb8-4841-9ce1-2061f7b42c80@group-F62649F7AF7F-LeaderElection57] INFO  impl.LeaderElection (LeaderElection.java:askForVotes(178)) - 04d05b50-beb8-4841-9ce1-2061f7b42c80@group-F62649F7AF7F-LeaderElection57: begin an election at term 59 for 0: [6a83fe04-c8c3-48c1-8861-8f81e89cd03c:192.168.69.90:44841, 04d05b50-beb8-4841-9ce1-2061f7b42c80:192.168.69.90:35772, 0a72d9f0-d385-4350-a485-113e43f7c69c:192.168.69.90:33827], old=null
2019-10-15 21:54:45,619 [grpc-default-executor-1] INFO  impl.RaftServerImpl (RaftServerImpl.java:setRole(184)) - 6a83fe04-c8c3-48c1-8861-8f81e89cd03c@group-F62649F7AF7F: changes role from  FOLLOWER to FOLLOWER at term 59 for recognizeCandidate:04d05b50-beb8-4841-9ce1-2061f7b42c80
2019-10-15 21:54:45,619 [grpc-default-executor-1] INFO  impl.RoleInfo (RoleInfo.java:shutdownFollowerState(121)) - 6a83fe04-c8c3-48c1-8861-8f81e89cd03c: shutdown FollowerState
2019-10-15 21:54:45,619 [grpc-default-executor-1] INFO  impl.RoleInfo (RoleInfo.java:updateAndGet(143)) - 6a83fe04-c8c3-48c1-8861-8f81e89cd03c: start FollowerState
2019-10-15 21:54:45,619 [Thread-947] INFO  impl.FollowerState (FollowerState.java:run(117)) - 6a83fe04-c8c3-48c1-8861-8f81e89cd03c@group-F62649F7AF7F-FollowerState was interrupted: java.lang.InterruptedException: sleep interrupted
2019-10-15 21:54:45,619 [grpc-default-executor-3] INFO  impl.RaftServerImpl (RaftServerImpl.java:setRole(184)) - 0a72d9f0-d385-4350-a485-113e43f7c69c@group-F62649F7AF7F: changes role from  FOLLOWER to FOLLOWER at term 59 for recognizeCandidate:04d05b50-beb8-4841-9ce1-2061f7b42c80
2019-10-15 21:54:45,620 [grpc-default-executor-3] INFO  impl.RoleInfo (RoleInfo.java:shutdownFollowerState(121)) - 0a72d9f0-d385-4350-a485-113e43f7c69c: shutdown FollowerState
2019-10-15 21:54:45,620 [grpc-default-executor-3] INFO  impl.RoleInfo (RoleInfo.java:updateAndGet(143)) - 0a72d9f0-d385-4350-a485-113e43f7c69c: start FollowerState
2019-10-15 21:54:45,620 [Thread-948] INFO  impl.FollowerState (FollowerState.java:run(117)) - 0a72d9f0-d385-4350-a485-113e43f7c69c@group-F62649F7AF7F-FollowerState was interrupted: java.lang.InterruptedException: sleep interrupted
2019-10-15 21:54:45,627 [04d05b50-beb8-4841-9ce1-2061f7b42c80@group-F62649F7AF7F-LeaderElection57] INFO  impl.LeaderElection (LeaderElection.java:logAndReturn(56)) - 04d05b50-beb8-4841-9ce1-2061f7b42c80@group-F62649F7AF7F-LeaderElection57: Election REJECTED; received 2 response(s) [04d05b50-beb8-4841-9ce1-2061f7b42c80<-6a83fe04-c8c3-48c1-8861-8f81e89cd03c#0:FAIL-t59, 04d05b50-beb8-4841-9ce1-2061f7b42c80<-0a72d9f0-d385-4350-a485-113e43f7c69c#0:FAIL-t59] and 0 exception(s); 04d05b50-beb8-4841-9ce1-2061f7b42c80@group-F62649F7AF7F:t59, leader=null, voted=04d05b50-beb8-4841-9ce1-2061f7b42c80, raftlog=04d05b50-beb8-4841-9ce1-2061f7b42c80@group-F62649F7AF7F-SegmentedRaftLog:OPENED:c3,f4,i4, conf=0: [6a83fe04-c8c3-48c1-8861-8f81e89cd03c:192.168.69.90:44841, 04d05b50-beb8-4841-9ce1-2061f7b42c80:192.168.69.90:35772, 0a72d9f0-d385-4350-a485-113e43f7c69c:192.168.69.90:33827], old=null
2019-10-15 21:54:45,628 [04d05b50-beb8-4841-9ce1-2061f7b42c80@group-F62649F7AF7F-LeaderElection57] INFO  impl.RaftServerImpl (RaftServerImpl.java:setRole(184)) - 04d05b50-beb8-4841-9ce1-2061f7b42c80@group-F62649F7AF7F: changes role from CANDIDATE to FOLLOWER at term 59 for DISCOVERED_A_NEW_TERM
2019-10-15 21:54:45,628 [04d05b50-beb8-4841-9ce1-2061f7b42c80@group-F62649F7AF7F-LeaderElection57] INFO  impl.RoleInfo (RoleInfo.java:shutdownLeaderElection(134)) - 04d05b50-beb8-4841-9ce1-2061f7b42c80: shutdown LeaderElection
2019-10-15 21:54:45,628 [04d05b50-beb8-4841-9ce1-2061f7b42c80@group-F62649F7AF7F-LeaderElection57] INFO  impl.RoleInfo (RoleInfo.java:updateAndGet(143)) - 04d05b50-beb8-4841-9ce1-2061f7b42c80: start FollowerState
2019-10-15 21:54:45,754 [Thread-955] INFO  impl.FollowerState (FollowerState.java:run(108)) - 04d05b50-beb8-4841-9ce1-2061f7b42c80@group-F62649F7AF7F-FollowerState: change to CANDIDATE, lastRpcTime:126ms, electionTimeout:126ms
2019-10-15 21:54:45,755 [Thread-955] INFO  impl.RoleInfo (RoleInfo.java:shutdownFollowerState(121)) - 04d05b50-beb8-4841-9ce1-2061f7b42c80: shutdown FollowerState
2019-10-15 21:54:45,755 [Thread-955] INFO  impl.RaftServerImpl (RaftServerImpl.java:setRole(184)) - 04d05b50-beb8-4841-9ce1-2061f7b42c80@group-F62649F7AF7F: changes role from  FOLLOWER to CANDIDATE at term 59 for changeToCandidate
2019-10-15 21:54:45,755 [Thread-955] INFO  impl.RoleInfo (RoleInfo.java:updateAndGet(143)) - 04d05b50-beb8-4841-9ce1-2061f7b42c80: start LeaderElection
2019-10-15 21:54:45,781 [04d05b50-beb8-4841-9ce1-2061f7b42c80@group-F62649F7AF7F-LeaderElection58] INFO  impl.LeaderElection (LeaderElection.java:askForVotes(178)) - 04d05b50-beb8-4841-9ce1-2061f7b42c80@group-F62649F7AF7F-LeaderElection58: begin an election at term 60 for 0: [6a83fe04-c8c3-48c1-8861-8f81e89cd03c:192.168.69.90:44841, 04d05b50-beb8-4841-9ce1-2061f7b42c80:192.168.69.90:35772, 0a72d9f0-d385-4350-a485-113e43f7c69c:192.168.69.90:33827], old=null
2019-10-15 21:54:45,784 [grpc-default-executor-1] INFO  impl.RaftServerImpl (RaftServerImpl.java:setRole(184)) - 0a72d9f0-d385-4350-a485-113e43f7c69c@group-F62649F7AF7F: changes role from  FOLLOWER to FOLLOWER at term 60 for recognizeCandidate:04d05b50-beb8-4841-9ce1-2061f7b42c80
2019-10-15 21:54:45,784 [grpc-default-executor-1] INFO  impl.RoleInfo (RoleInfo.java:shutdownFollowerState(121)) - 0a72d9f0-d385-4350-a485-113e43f7c69c: shutdown FollowerState
2019-10-15 21:54:45,785 [grpc-default-executor-1] INFO  impl.RoleInfo (RoleInfo.java:updateAndGet(143)) - 0a72d9f0-d385-4350-a485-113e43f7c69c: start FollowerState
2019-10-15 21:54:45,785 [Thread-954] INFO  impl.FollowerState (FollowerState.java:run(117)) - 0a72d9f0-d385-4350-a485-113e43f7c69c@group-F62649F7AF7F-FollowerState was interrupted: java.lang.InterruptedException: sleep interrupted
2019-10-15 21:54:45,786 [grpc-default-executor-3] INFO  impl.RaftServerImpl (RaftServerImpl.java:setRole(184)) - 6a83fe04-c8c3-48c1-8861-8f81e89cd03c@group-F62649F7AF7F: changes role from  FOLLOWER to FOLLOWER at term 60 for recognizeCandidate:04d05b50-beb8-4841-9ce1-2061f7b42c80
2019-10-15 21:54:45,786 [grpc-default-executor-3] INFO  impl.RoleInfo (RoleInfo.java:shutdownFollowerState(121)) - 6a83fe04-c8c3-48c1-8861-8f81e89cd03c: shutdown FollowerState
2019-10-15 21:54:45,787 [grpc-default-executor-3] INFO  impl.RoleInfo (RoleInfo.java:updateAndGet(143)) - 6a83fe04-c8c3-48c1-8861-8f81e89cd03c: start FollowerState
2019-10-15 21:54:45,787 [Thread-953] INFO  impl.FollowerState (FollowerState.java:run(117)) - 6a83fe04-c8c3-48c1-8861-8f81e89cd03c@group-F62649F7AF7F-FollowerState was interrupted: java.lang.InterruptedException: sleep interrupted
2019-10-15 21:54:45,800 [04d05b50-beb8-4841-9ce1-2061f7b42c80@group-F62649F7AF7F-LeaderElection58] INFO  impl.LeaderElection (LeaderElection.java:logAndReturn(56)) - 04d05b50-beb8-4841-9ce1-2061f7b42c80@group-F62649F7AF7F-LeaderElection58: Election REJECTED; received 2 response(s) [04d05b50-beb8-4841-9ce1-2061f7b42c80<-6a83fe04-c8c3-48c1-8861-8f81e89cd03c#0:FAIL-t60, 04d05b50-beb8-4841-9ce1-2061f7b42c80<-0a72d9f0-d385-4350-a485-113e43f7c69c#0:FAIL-t60] and 0 exception(s); 04d05b50-beb8-4841-9ce1-2061f7b42c80@group-F62649F7AF7F:t60, leader=null, voted=04d05b50-beb8-4841-9ce1-2061f7b42c80, raftlog=04d05b50-beb8-4841-9ce1-2061f7b42c80@group-F62649F7AF7F-SegmentedRaftLog:OPENED:c3,f4,i4, conf=0: [6a83fe04-c8c3-48c1-8861-8f81e89cd03c:192.168.69.90:44841, 04d05b50-beb8-4841-9ce1-2061f7b42c80:192.168.69.90:35772, 0a72d9f0-d385-4350-a485-113e43f7c69c:192.168.69.90:33827], old=null
2019-10-15 21:54:45,800 [04d05b50-beb8-4841-9ce1-2061f7b42c80@group-F62649F7AF7F-LeaderElection58] INFO  impl.RaftServerImpl (RaftServerImpl.java:setRole(184)) - 04d05b50-beb8-4841-9ce1-2061f7b42c80@group-F62649F7AF7F: changes role from CANDIDATE to FOLLOWER at term 60 for DISCOVERED_A_NEW_TERM
2019-10-15 21:54:45,800 [04d05b50-beb8-4841-9ce1-2061f7b42c80@group-F62649F7AF7F-LeaderElection58] INFO  impl.RoleInfo (RoleInfo.java:shutdownLeaderElection(134)) - 04d05b50-beb8-4841-9ce1-2061f7b42c80: shutdown LeaderElection
2019-10-15 21:54:45,800 [04d05b50-beb8-4841-9ce1-2061f7b42c80@group-F62649F7AF7F-LeaderElection58] INFO  impl.RoleInfo (RoleInfo.java:updateAndGet(143)) - 04d05b50-beb8-4841-9ce1-2061f7b42c80: start FollowerState
2019-10-15 21:54:45,938 [Thread-963] INFO  impl.FollowerState (FollowerState.java:run(108)) - 04d05b50-beb8-4841-9ce1-2061f7b42c80@group-F62649F7AF7F-FollowerState: change to CANDIDATE, lastRpcTime:137ms, electionTimeout:137ms
2019-10-15 21:54:45,938 [Thread-963] INFO  impl.RoleInfo (RoleInfo.java:shutdownFollowerState(121)) - 04d05b50-beb8-4841-9ce1-2061f7b42c80: shutdown FollowerState
2019-10-15 21:54:45,938 [Thread-963] INFO  impl.RaftServerImpl (RaftServerImpl.java:setRole(184)) - 04d05b50-beb8-4841-9ce1-2061f7b42c80@group-F62649F7AF7F: changes role from  FOLLOWER to CANDIDATE at term 60 for changeToCandidate
2019-10-15 21:54:45,938 [Thread-963] INFO  impl.RoleInfo (RoleInfo.java:updateAndGet(143)) - 04d05b50-beb8-4841-9ce1-2061f7b42c80: start LeaderElection
2019-10-15 21:54:45,947 [04d05b50-beb8-4841-9ce1-2061f7b42c80@group-F62649F7AF7F-LeaderElection59] INFO  impl.LeaderElection (LeaderElection.java:askForVotes(178)) - 04d05b50-beb8-4841-9ce1-2061f7b42c80@group-F62649F7AF7F-LeaderElection59: begin an election at term 61 for 0: [6a83fe04-c8c3-48c1-8861-8f81e89cd03c:192.168.69.90:44841, 04d05b50-beb8-4841-9ce1-2061f7b42c80:192.168.69.90:35772, 0a72d9f0-d385-4350-a485-113e43f7c69c:192.168.69.90:33827], old=null
2019-10-15 21:54:45,950 [grpc-default-executor-3] INFO  impl.RaftServerImpl (RaftServerImpl.java:setRole(184)) - 6a83fe04-c8c3-48c1-8861-8f81e89cd03c@group-F62649F7AF7F: changes role from  FOLLOWER to FOLLOWER at term 61 for recognizeCandidate:04d05b50-beb8-4841-9ce1-2061f7b42c80
2019-10-15 21:54:45,950 [grpc-default-executor-3] INFO  impl.RoleInfo (RoleInfo.java:shutdownFollowerState(121)) - 6a83fe04-c8c3-48c1-8861-8f81e89cd03c: shutdown FollowerState
2019-10-15 21:54:45,950 [grpc-default-executor-1] INFO  impl.RaftServerImpl (RaftServerImpl.java:setRole(184)) - 0a72d9f0-d385-4350-a485-113e43f7c69c@group-F62649F7AF7F: changes role from  FOLLOWER to FOLLOWER at term 61 for recognizeCandidate:04d05b50-beb8-4841-9ce1-2061f7b42c80
2019-10-15 21:54:45,950 [Thread-962] INFO  impl.FollowerState (FollowerState.java:run(117)) - 6a83fe04-c8c3-48c1-8861-8f81e89cd03c@group-F62649F7AF7F-FollowerState was interrupted: java.lang.InterruptedException: sleep interrupted
2019-10-15 21:54:45,950 [grpc-default-executor-3] INFO  impl.RoleInfo (RoleInfo.java:updateAndGet(143)) - 6a83fe04-c8c3-48c1-8861-8f81e89cd03c: start FollowerState
2019-10-15 21:54:45,951 [grpc-default-executor-1] INFO  impl.RoleInfo (RoleInfo.java:shutdownFollowerState(121)) - 0a72d9f0-d385-4350-a485-113e43f7c69c: shutdown FollowerState
2019-10-15 21:54:45,951 [grpc-default-executor-1] INFO  impl.RoleInfo (RoleInfo.java:updateAndGet(143)) - 0a72d9f0-d385-4350-a485-113e43f7c69c: start FollowerState
2019-10-15 21:54:45,951 [Thread-961] INFO  impl.FollowerState (FollowerState.java:run(117)) - 0a72d9f0-d385-4350-a485-113e43f7c69c@group-F62649F7AF7F-FollowerState was interrupted: java.lang.InterruptedException: sleep interrupted
2019-10-15 21:54:45,966 [04d05b50-beb8-4841-9ce1-2061f7b42c80@group-F62649F7AF7F-LeaderElection59] INFO  impl.LeaderElection (LeaderElection.java:logAndReturn(56)) - 04d05b50-beb8-4841-9ce1-2061f7b42c80@group-F62649F7AF7F-LeaderElection59: Election REJECTED; received 2 response(s) [04d05b50-beb8-4841-9ce1-2061f7b42c80<-6a83fe04-c8c3-48c1-8861-8f81e89cd03c#0:FAIL-t61, 04d05b50-beb8-4841-9ce1-2061f7b42c80<-0a72d9f0-d385-4350-a485-113e43f7c69c#0:FAIL-t61] and 0 exception(s); 04d05b50-beb8-4841-9ce1-2061f7b42c80@group-F62649F7AF7F:t61, leader=null, voted=04d05b50-beb8-4841-9ce1-2061f7b42c80, raftlog=04d05b50-beb8-4841-9ce1-2061f7b42c80@group-F62649F7AF7F-SegmentedRaftLog:OPENED:c3,f4,i4, conf=0: [6a83fe04-c8c3-48c1-8861-8f81e89cd03c:192.168.69.90:44841, 04d05b50-beb8-4841-9ce1-2061f7b42c80:192.168.69.90:35772, 0a72d9f0-d385-4350-a485-113e43f7c69c:192.168.69.90:33827], old=null
2019-10-15 21:54:45,966 [04d05b50-beb8-4841-9ce1-2061f7b42c80@group-F62649F7AF7F-LeaderElection59] INFO  impl.RaftServerImpl (RaftServerImpl.java:setRole(184)) - 04d05b50-beb8-4841-9ce1-2061f7b42c80@group-F62649F7AF7F: changes role from CANDIDATE to FOLLOWER at term 61 for DISCOVERED_A_NEW_TERM
2019-10-15 21:54:45,966 [04d05b50-beb8-4841-9ce1-2061f7b42c80@group-F62649F7AF7F-LeaderElection59] INFO  impl.RoleInfo (RoleInfo.java:shutdownLeaderElection(134)) - 04d05b50-beb8-4841-9ce1-2061f7b42c80: shutdown LeaderElection
2019-10-15 21:54:45,966 [04d05b50-beb8-4841-9ce1-2061f7b42c80@group-F62649F7AF7F-LeaderElection59] INFO  impl.RoleInfo (RoleInfo.java:updateAndGet(143)) - 04d05b50-beb8-4841-9ce1-2061f7b42c80: start FollowerState
2019-10-15 21:54:46,012 [Command processor thread] INFO  commandhandler.DeleteBlocksCommandHandler (DeleteBlocksCommandHandler.java:handle(106)) - Start to delete container blocks, TXIDs=[1(41)], numOfContainers=1, numOfBlocks=1
2019-10-15 21:54:46,128 [Thread-972] INFO  client.GrpcClientProtocolService (GrpcClientProtocolService.java:lambda$processClientRequest$0(278)) - Failed RaftClientRequest:client-92BC3EC04FB4->0a72d9f0-d385-4350-a485-113e43f7c69c@group-F62649F7AF7F, cid=10, seq=0, Watch-ALL_COMMITTED(6), Message:<EMPTY>, reply=RaftClientReply:client-92BC3EC04FB4->0a72d9f0-d385-4350-a485-113e43f7c69c@group-F62649F7AF7F, cid=10, FAILED org.apache.ratis.protocol.NotLeaderException: Server 0a72d9f0-d385-4350-a485-113e43f7c69c@group-F62649F7AF7F is not the leader, logIndex=0, commits[0a72d9f0-d385-4350-a485-113e43f7c69c:c10, 6a83fe04-c8c3-48c1-8861-8f81e89cd03c:c10, 04d05b50-beb8-4841-9ce1-2061f7b42c80:c4]
2019-10-15 21:54:46,141 [Thread-970] INFO  impl.FollowerState (FollowerState.java:run(108)) - 04d05b50-beb8-4841-9ce1-2061f7b42c80@group-F62649F7AF7F-FollowerState: change to CANDIDATE, lastRpcTime:174ms, electionTimeout:174ms
2019-10-15 21:54:46,141 [Thread-970] INFO  impl.RoleInfo (RoleInfo.java:shutdownFollowerState(121)) - 04d05b50-beb8-4841-9ce1-2061f7b42c80: shutdown FollowerState
2019-10-15 21:54:46,141 [Thread-970] INFO  impl.RaftServerImpl (RaftServerImpl.java:setRole(184)) - 04d05b50-beb8-4841-9ce1-2061f7b42c80@group-F62649F7AF7F: changes role from  FOLLOWER to CANDIDATE at term 61 for changeToCandidate
2019-10-15 21:54:46,141 [Thread-970] INFO  impl.RoleInfo (RoleInfo.java:updateAndGet(143)) - 04d05b50-beb8-4841-9ce1-2061f7b42c80: start LeaderElection
2019-10-15 21:54:46,157 [04d05b50-beb8-4841-9ce1-2061f7b42c80@group-F62649F7AF7F-LeaderElection60] INFO  impl.LeaderElection (LeaderElection.java:askForVotes(178)) - 04d05b50-beb8-4841-9ce1-2061f7b42c80@group-F62649F7AF7F-LeaderElection60: begin an election at term 62 for 0: [6a83fe04-c8c3-48c1-8861-8f81e89cd03c:192.168.69.90:44841, 04d05b50-beb8-4841-9ce1-2061f7b42c80:192.168.69.90:35772, 0a72d9f0-d385-4350-a485-113e43f7c69c:192.168.69.90:33827], old=null
2019-10-15 21:54:46,160 [grpc-default-executor-1] INFO  impl.RaftServerImpl (RaftServerImpl.java:setRole(184)) - 6a83fe04-c8c3-48c1-8861-8f81e89cd03c@group-F62649F7AF7F: changes role from  FOLLOWER to FOLLOWER at term 62 for recognizeCandidate:04d05b50-beb8-4841-9ce1-2061f7b42c80
2019-10-15 21:54:46,160 [grpc-default-executor-3] INFO  impl.RaftServerImpl (RaftServerImpl.java:setRole(184)) - 0a72d9f0-d385-4350-a485-113e43f7c69c@group-F62649F7AF7F: changes role from  FOLLOWER to FOLLOWER at term 62 for recognizeCandidate:04d05b50-beb8-4841-9ce1-2061f7b42c80
2019-10-15 21:54:46,160 [grpc-default-executor-1] INFO  impl.RoleInfo (RoleInfo.java:shutdownFollowerState(121)) - 6a83fe04-c8c3-48c1-8861-8f81e89cd03c: shutdown FollowerState
2019-10-15 21:54:46,160 [grpc-default-executor-3] INFO  impl.RoleInfo (RoleInfo.java:shutdownFollowerState(121)) - 0a72d9f0-d385-4350-a485-113e43f7c69c: shutdown FollowerState
2019-10-15 21:54:46,160 [Thread-968] INFO  impl.FollowerState (FollowerState.java:run(117)) - 6a83fe04-c8c3-48c1-8861-8f81e89cd03c@group-F62649F7AF7F-FollowerState was interrupted: java.lang.InterruptedException: sleep interrupted
2019-10-15 21:54:46,160 [grpc-default-executor-1] INFO  impl.RoleInfo (RoleInfo.java:updateAndGet(143)) - 6a83fe04-c8c3-48c1-8861-8f81e89cd03c: start FollowerState
2019-10-15 21:54:46,161 [Thread-969] INFO  impl.FollowerState (FollowerState.java:run(117)) - 0a72d9f0-d385-4350-a485-113e43f7c69c@group-F62649F7AF7F-FollowerState was interrupted: java.lang.InterruptedException: sleep interrupted
2019-10-15 21:54:46,161 [grpc-default-executor-3] INFO  impl.RoleInfo (RoleInfo.java:updateAndGet(143)) - 0a72d9f0-d385-4350-a485-113e43f7c69c: start FollowerState
2019-10-15 21:54:46,176 [04d05b50-beb8-4841-9ce1-2061f7b42c80@group-F62649F7AF7F-LeaderElection60] INFO  impl.LeaderElection (LeaderElection.java:logAndReturn(56)) - 04d05b50-beb8-4841-9ce1-2061f7b42c80@group-F62649F7AF7F-LeaderElection60: Election REJECTED; received 2 response(s) [04d05b50-beb8-4841-9ce1-2061f7b42c80<-6a83fe04-c8c3-48c1-8861-8f81e89cd03c#0:FAIL-t62, 04d05b50-beb8-4841-9ce1-2061f7b42c80<-0a72d9f0-d385-4350-a485-113e43f7c69c#0:FAIL-t62] and 0 exception(s); 04d05b50-beb8-4841-9ce1-2061f7b42c80@group-F62649F7AF7F:t62, leader=null, voted=04d05b50-beb8-4841-9ce1-2061f7b42c80, raftlog=04d05b50-beb8-4841-9ce1-2061f7b42c80@group-F62649F7AF7F-SegmentedRaftLog:OPENED:c3,f4,i4, conf=0: [6a83fe04-c8c3-48c1-8861-8f81e89cd03c:192.168.69.90:44841, 04d05b50-beb8-4841-9ce1-2061f7b42c80:192.168.69.90:35772, 0a72d9f0-d385-4350-a485-113e43f7c69c:192.168.69.90:33827], old=null
2019-10-15 21:54:46,176 [04d05b50-beb8-4841-9ce1-2061f7b42c80@group-F62649F7AF7F-LeaderElection60] INFO  impl.RaftServerImpl (RaftServerImpl.java:setRole(184)) - 04d05b50-beb8-4841-9ce1-2061f7b42c80@group-F62649F7AF7F: changes role from CANDIDATE to FOLLOWER at term 62 for DISCOVERED_A_NEW_TERM
2019-10-15 21:54:46,176 [04d05b50-beb8-4841-9ce1-2061f7b42c80@group-F62649F7AF7F-LeaderElection60] INFO  impl.RoleInfo (RoleInfo.java:shutdownLeaderElection(134)) - 04d05b50-beb8-4841-9ce1-2061f7b42c80: shutdown LeaderElection
2019-10-15 21:54:46,176 [04d05b50-beb8-4841-9ce1-2061f7b42c80@group-F62649F7AF7F-LeaderElection60] INFO  impl.RoleInfo (RoleInfo.java:updateAndGet(143)) - 04d05b50-beb8-4841-9ce1-2061f7b42c80: start FollowerState
2019-10-15 21:54:46,216 [EventQueue-DeleteBlockStatusForEventWatcher$$Lambda$30/637241618] WARN  events.EventWatcher (EventWatcher.java:lambda$start$0(110)) - Completion event without active lease. Id=1571176475873
2019-10-15 21:54:46,217 [EventQueue-DeleteBlockStatusForDeletedBlockLogImpl] WARN  block.DeletedBlockLogImpl (DeletedBlockLogImpl.java:commitTransactions(205)) - Transaction txId=1 commit by dnId=04d05b50-beb8-4841-9ce1-2061f7b42c80 for containerID=#1 failed. Corresponding entry not found.
2019-10-15 21:54:46,230 [Thread-979] INFO  impl.FollowerState (FollowerState.java:run(108)) - 04d05b50-beb8-4841-9ce1-2061f7b42c80@group-F62649F7AF7F-FollowerState: change to CANDIDATE, lastRpcTime:53ms, electionTimeout:53ms
2019-10-15 21:54:46,230 [Thread-979] INFO  impl.RoleInfo (RoleInfo.java:shutdownFollowerState(121)) - 04d05b50-beb8-4841-9ce1-2061f7b42c80: shutdown FollowerState
2019-10-15 21:54:46,230 [Thread-979] INFO  impl.RaftServerImpl (RaftServerImpl.java:setRole(184)) - 04d05b50-beb8-4841-9ce1-2061f7b42c80@group-F62649F7AF7F: changes role from  FOLLOWER to CANDIDATE at term 62 for changeToCandidate
2019-10-15 21:54:46,230 [Thread-979] INFO  impl.RoleInfo (RoleInfo.java:updateAndGet(143)) - 04d05b50-beb8-4841-9ce1-2061f7b42c80: start LeaderElection
2019-10-15 21:54:46,236 [BlockDeletingService#2] WARN  background.BlockDeletingService (BlockDeletingService.java:isDeletionAllowed(187)) - Close Container log Index 6 is not replicated across allthe servers in the pipeline 4353dad5-98e9-4a09-96de-f62649f7af7f as the min replicated index is 4. Deletion is not allowed in this container yet.
2019-10-15 21:54:46,236 [BlockDeletingService#2] WARN  background.BlockDeletingService (BlockDeletingService.java:isDeletionAllowed(187)) - Close Container log Index 6 is not replicated across allthe servers in the pipeline 4353dad5-98e9-4a09-96de-f62649f7af7f as the min replicated index is 4. Deletion is not allowed in this container yet.
2019-10-15 21:54:46,239 [04d05b50-beb8-4841-9ce1-2061f7b42c80@group-F62649F7AF7F-LeaderElection61] INFO  impl.LeaderElection (LeaderElection.java:askForVotes(178)) - 04d05b50-beb8-4841-9ce1-2061f7b42c80@group-F62649F7AF7F-LeaderElection61: begin an election at term 63 for 0: [6a83fe04-c8c3-48c1-8861-8f81e89cd03c:192.168.69.90:44841, 04d05b50-beb8-4841-9ce1-2061f7b42c80:192.168.69.90:35772, 0a72d9f0-d385-4350-a485-113e43f7c69c:192.168.69.90:33827], old=null
2019-10-15 21:54:46,241 [grpc-default-executor-3] INFO  impl.RaftServerImpl (RaftServerImpl.java:setRole(184)) - 6a83fe04-c8c3-48c1-8861-8f81e89cd03c@group-F62649F7AF7F: changes role from  FOLLOWER to FOLLOWER at term 63 for recognizeCandidate:04d05b50-beb8-4841-9ce1-2061f7b42c80
2019-10-15 21:54:46,241 [grpc-default-executor-3] INFO  impl.RoleInfo (RoleInfo.java:shutdownFollowerState(121)) - 6a83fe04-c8c3-48c1-8861-8f81e89cd03c: shutdown FollowerState
2019-10-15 21:54:46,241 [grpc-default-executor-3] INFO  impl.RoleInfo (RoleInfo.java:updateAndGet(143)) - 6a83fe04-c8c3-48c1-8861-8f81e89cd03c: start FollowerState
2019-10-15 21:54:46,241 [Thread-977] INFO  impl.FollowerState (FollowerState.java:run(117)) - 6a83fe04-c8c3-48c1-8861-8f81e89cd03c@group-F62649F7AF7F-FollowerState was interrupted: java.lang.InterruptedException: sleep interrupted
2019-10-15 21:54:46,242 [grpc-default-executor-1] INFO  impl.RaftServerImpl (RaftServerImpl.java:setRole(184)) - 0a72d9f0-d385-4350-a485-113e43f7c69c@group-F62649F7AF7F: changes role from  FOLLOWER to FOLLOWER at term 63 for recognizeCandidate:04d05b50-beb8-4841-9ce1-2061f7b42c80
2019-10-15 21:54:46,242 [grpc-default-executor-1] INFO  impl.RoleInfo (RoleInfo.java:shutdownFollowerState(121)) - 0a72d9f0-d385-4350-a485-113e43f7c69c: shutdown FollowerState
2019-10-15 21:54:46,242 [grpc-default-executor-1] INFO  impl.RoleInfo (RoleInfo.java:updateAndGet(143)) - 0a72d9f0-d385-4350-a485-113e43f7c69c: start FollowerState
2019-10-15 21:54:46,242 [Thread-978] INFO  impl.FollowerState (FollowerState.java:run(117)) - 0a72d9f0-d385-4350-a485-113e43f7c69c@group-F62649F7AF7F-FollowerState was interrupted: java.lang.InterruptedException: sleep interrupted
2019-10-15 21:54:46,261 [04d05b50-beb8-4841-9ce1-2061f7b42c80@group-F62649F7AF7F-LeaderElection61] INFO  impl.LeaderElection (LeaderElection.java:logAndReturn(56)) - 04d05b50-beb8-4841-9ce1-2061f7b42c80@group-F62649F7AF7F-LeaderElection61: Election REJECTED; received 2 response(s) [04d05b50-beb8-4841-9ce1-2061f7b42c80<-6a83fe04-c8c3-48c1-8861-8f81e89cd03c#0:FAIL-t63, 04d05b50-beb8-4841-9ce1-2061f7b42c80<-0a72d9f0-d385-4350-a485-113e43f7c69c#0:FAIL-t63] and 0 exception(s); 04d05b50-beb8-4841-9ce1-2061f7b42c80@group-F62649F7AF7F:t63, leader=null, voted=04d05b50-beb8-4841-9ce1-2061f7b42c80, raftlog=04d05b50-beb8-4841-9ce1-2061f7b42c80@group-F62649F7AF7F-SegmentedRaftLog:OPENED:c3,f4,i4, conf=0: [6a83fe04-c8c3-48c1-8861-8f81e89cd03c:192.168.69.90:44841, 04d05b50-beb8-4841-9ce1-2061f7b42c80:192.168.69.90:35772, 0a72d9f0-d385-4350-a485-113e43f7c69c:192.168.69.90:33827], old=null
2019-10-15 21:54:46,261 [04d05b50-beb8-4841-9ce1-2061f7b42c80@group-F62649F7AF7F-LeaderElection61] INFO  impl.RaftServerImpl (RaftServerImpl.java:setRole(184)) - 04d05b50-beb8-4841-9ce1-2061f7b42c80@group-F62649F7AF7F: changes role from CANDIDATE to FOLLOWER at term 63 for DISCOVERED_A_NEW_TERM
2019-10-15 21:54:46,261 [04d05b50-beb8-4841-9ce1-2061f7b42c80@group-F62649F7AF7F-LeaderElection61] INFO  impl.RoleInfo (RoleInfo.java:shutdownLeaderElection(134)) - 04d05b50-beb8-4841-9ce1-2061f7b42c80: shutdown LeaderElection
2019-10-15 21:54:46,261 [04d05b50-beb8-4841-9ce1-2061f7b42c80@group-F62649F7AF7F-LeaderElection61] INFO  impl.RoleInfo (RoleInfo.java:updateAndGet(143)) - 04d05b50-beb8-4841-9ce1-2061f7b42c80: start FollowerState
2019-10-15 21:54:46,384 [Thread-987] INFO  impl.FollowerState (FollowerState.java:run(108)) - 04d05b50-beb8-4841-9ce1-2061f7b42c80@group-F62649F7AF7F-FollowerState: change to CANDIDATE, lastRpcTime:122ms, electionTimeout:122ms
2019-10-15 21:54:46,384 [Thread-987] INFO  impl.RoleInfo (RoleInfo.java:shutdownFollowerState(121)) - 04d05b50-beb8-4841-9ce1-2061f7b42c80: shutdown FollowerState
2019-10-15 21:54:46,384 [Thread-987] INFO  impl.RaftServerImpl (RaftServerImpl.java:setRole(184)) - 04d05b50-beb8-4841-9ce1-2061f7b42c80@group-F62649F7AF7F: changes role from  FOLLOWER to CANDIDATE at term 63 for changeToCandidate
2019-10-15 21:54:46,384 [Thread-987] INFO  impl.RoleInfo (RoleInfo.java:updateAndGet(143)) - 04d05b50-beb8-4841-9ce1-2061f7b42c80: start LeaderElection
2019-10-15 21:54:46,392 [04d05b50-beb8-4841-9ce1-2061f7b42c80@group-F62649F7AF7F-LeaderElection62] INFO  impl.LeaderElection (LeaderElection.java:askForVotes(178)) - 04d05b50-beb8-4841-9ce1-2061f7b42c80@group-F62649F7AF7F-LeaderElection62: begin an election at term 64 for 0: [6a83fe04-c8c3-48c1-8861-8f81e89cd03c:192.168.69.90:44841, 04d05b50-beb8-4841-9ce1-2061f7b42c80:192.168.69.90:35772, 0a72d9f0-d385-4350-a485-113e43f7c69c:192.168.69.90:33827], old=null
2019-10-15 21:54:46,395 [grpc-default-executor-1] INFO  impl.RaftServerImpl (RaftServerImpl.java:setRole(184)) - 0a72d9f0-d385-4350-a485-113e43f7c69c@group-F62649F7AF7F: changes role from  FOLLOWER to FOLLOWER at term 64 for recognizeCandidate:04d05b50-beb8-4841-9ce1-2061f7b42c80
2019-10-15 21:54:46,395 [grpc-default-executor-3] INFO  impl.RaftServerImpl (RaftServerImpl.java:setRole(184)) - 6a83fe04-c8c3-48c1-8861-8f81e89cd03c@group-F62649F7AF7F: changes role from  FOLLOWER to FOLLOWER at term 64 for recognizeCandidate:04d05b50-beb8-4841-9ce1-2061f7b42c80
2019-10-15 21:54:46,396 [grpc-default-executor-1] INFO  impl.RoleInfo (RoleInfo.java:shutdownFollowerState(121)) - 0a72d9f0-d385-4350-a485-113e43f7c69c: shutdown FollowerState
2019-10-15 21:54:46,396 [grpc-default-executor-3] INFO  impl.RoleInfo (RoleInfo.java:shutdownFollowerState(121)) - 6a83fe04-c8c3-48c1-8861-8f81e89cd03c: shutdown FollowerState
2019-10-15 21:54:46,396 [Thread-986] INFO  impl.FollowerState (FollowerState.java:run(117)) - 0a72d9f0-d385-4350-a485-113e43f7c69c@group-F62649F7AF7F-FollowerState was interrupted: java.lang.InterruptedException: sleep interrupted
2019-10-15 21:54:46,396 [grpc-default-executor-1] INFO  impl.RoleInfo (RoleInfo.java:updateAndGet(143)) - 0a72d9f0-d385-4350-a485-113e43f7c69c: start FollowerState
2019-10-15 21:54:46,396 [Thread-985] INFO  impl.FollowerState (FollowerState.java:run(117)) - 6a83fe04-c8c3-48c1-8861-8f81e89cd03c@group-F62649F7AF7F-FollowerState was interrupted: java.lang.InterruptedException: sleep interrupted
2019-10-15 21:54:46,396 [grpc-default-executor-3] INFO  impl.RoleInfo (RoleInfo.java:updateAndGet(143)) - 6a83fe04-c8c3-48c1-8861-8f81e89cd03c: start FollowerState
2019-10-15 21:54:46,407 [04d05b50-beb8-4841-9ce1-2061f7b42c80@group-F62649F7AF7F-LeaderElection62] INFO  impl.LeaderElection (LeaderElection.java:logAndReturn(56)) - 04d05b50-beb8-4841-9ce1-2061f7b42c80@group-F62649F7AF7F-LeaderElection62: Election REJECTED; received 2 response(s) [04d05b50-beb8-4841-9ce1-2061f7b42c80<-6a83fe04-c8c3-48c1-8861-8f81e89cd03c#0:FAIL-t64, 04d05b50-beb8-4841-9ce1-2061f7b42c80<-0a72d9f0-d385-4350-a485-113e43f7c69c#0:FAIL-t64] and 0 exception(s); 04d05b50-beb8-4841-9ce1-2061f7b42c80@group-F62649F7AF7F:t64, leader=null, voted=04d05b50-beb8-4841-9ce1-2061f7b42c80, raftlog=04d05b50-beb8-4841-9ce1-2061f7b42c80@group-F62649F7AF7F-SegmentedRaftLog:OPENED:c3,f4,i4, conf=0: [6a83fe04-c8c3-48c1-8861-8f81e89cd03c:192.168.69.90:44841, 04d05b50-beb8-4841-9ce1-2061f7b42c80:192.168.69.90:35772, 0a72d9f0-d385-4350-a485-113e43f7c69c:192.168.69.90:33827], old=null
2019-10-15 21:54:46,407 [04d05b50-beb8-4841-9ce1-2061f7b42c80@group-F62649F7AF7F-LeaderElection62] INFO  impl.RaftServerImpl (RaftServerImpl.java:setRole(184)) - 04d05b50-beb8-4841-9ce1-2061f7b42c80@group-F62649F7AF7F: changes role from CANDIDATE to FOLLOWER at term 64 for DISCOVERED_A_NEW_TERM
2019-10-15 21:54:46,408 [04d05b50-beb8-4841-9ce1-2061f7b42c80@group-F62649F7AF7F-LeaderElection62] INFO  impl.RoleInfo (RoleInfo.java:shutdownLeaderElection(134)) - 04d05b50-beb8-4841-9ce1-2061f7b42c80: shutdown LeaderElection
2019-10-15 21:54:46,408 [04d05b50-beb8-4841-9ce1-2061f7b42c80@group-F62649F7AF7F-LeaderElection62] INFO  impl.RoleInfo (RoleInfo.java:updateAndGet(143)) - 04d05b50-beb8-4841-9ce1-2061f7b42c80: start FollowerState
2019-10-15 21:54:46,589 [Thread-993] INFO  impl.FollowerState (FollowerState.java:run(108)) - 04d05b50-beb8-4841-9ce1-2061f7b42c80@group-F62649F7AF7F-FollowerState: change to CANDIDATE, lastRpcTime:181ms, electionTimeout:181ms
2019-10-15 21:54:46,590 [Thread-993] INFO  impl.RoleInfo (RoleInfo.java:shutdownFollowerState(121)) - 04d05b50-beb8-4841-9ce1-2061f7b42c80: shutdown FollowerState
2019-10-15 21:54:46,590 [Thread-993] INFO  impl.RaftServerImpl (RaftServerImpl.java:setRole(184)) - 04d05b50-beb8-4841-9ce1-2061f7b42c80@group-F62649F7AF7F: changes role from  FOLLOWER to CANDIDATE at term 64 for changeToCandidate
2019-10-15 21:54:46,590 [Thread-993] INFO  impl.RoleInfo (RoleInfo.java:updateAndGet(143)) - 04d05b50-beb8-4841-9ce1-2061f7b42c80: start LeaderElection
2019-10-15 21:54:46,597 [04d05b50-beb8-4841-9ce1-2061f7b42c80@group-F62649F7AF7F-LeaderElection63] INFO  impl.LeaderElection (LeaderElection.java:askForVotes(178)) - 04d05b50-beb8-4841-9ce1-2061f7b42c80@group-F62649F7AF7F-LeaderElection63: begin an election at term 65 for 0: [6a83fe04-c8c3-48c1-8861-8f81e89cd03c:192.168.69.90:44841, 04d05b50-beb8-4841-9ce1-2061f7b42c80:192.168.69.90:35772, 0a72d9f0-d385-4350-a485-113e43f7c69c:192.168.69.90:33827], old=null
2019-10-15 21:54:46,598 [04d05b50-beb8-4841-9ce1-2061f7b42c80@group-F62649F7AF7F-LeaderElection63] INFO  impl.LeaderElection (LeaderElection.java:logAndReturn(56)) - 04d05b50-beb8-4841-9ce1-2061f7b42c80@group-F62649F7AF7F-LeaderElection63: Election TIMEOUT; received 0 response(s) [] and 0 exception(s); 04d05b50-beb8-4841-9ce1-2061f7b42c80@group-F62649F7AF7F:t65, leader=null, voted=04d05b50-beb8-4841-9ce1-2061f7b42c80, raftlog=04d05b50-beb8-4841-9ce1-2061f7b42c80@group-F62649F7AF7F-SegmentedRaftLog:OPENED:c3,f4,i4, conf=0: [6a83fe04-c8c3-48c1-8861-8f81e89cd03c:192.168.69.90:44841, 04d05b50-beb8-4841-9ce1-2061f7b42c80:192.168.69.90:35772, 0a72d9f0-d385-4350-a485-113e43f7c69c:192.168.69.90:33827], old=null
2019-10-15 21:54:46,600 [grpc-default-executor-1] INFO  impl.RaftServerImpl (RaftServerImpl.java:setRole(184)) - 6a83fe04-c8c3-48c1-8861-8f81e89cd03c@group-F62649F7AF7F: changes role from  FOLLOWER to FOLLOWER at term 65 for recognizeCandidate:04d05b50-beb8-4841-9ce1-2061f7b42c80
2019-10-15 21:54:46,600 [grpc-default-executor-3] INFO  impl.RaftServerImpl (RaftServerImpl.java:setRole(184)) - 0a72d9f0-d385-4350-a485-113e43f7c69c@group-F62649F7AF7F: changes role from  FOLLOWER to FOLLOWER at term 65 for recognizeCandidate:04d05b50-beb8-4841-9ce1-2061f7b42c80
2019-10-15 21:54:46,600 [grpc-default-executor-1] INFO  impl.RoleInfo (RoleInfo.java:shutdownFollowerState(121)) - 6a83fe04-c8c3-48c1-8861-8f81e89cd03c: shutdown FollowerState
2019-10-15 21:54:46,601 [grpc-default-executor-3] INFO  impl.RoleInfo (RoleInfo.java:shutdownFollowerState(121)) - 0a72d9f0-d385-4350-a485-113e43f7c69c: shutdown FollowerState
2019-10-15 21:54:46,601 [Thread-992] INFO  impl.FollowerState (FollowerState.java:run(117)) - 6a83fe04-c8c3-48c1-8861-8f81e89cd03c@group-F62649F7AF7F-FollowerState was interrupted: java.lang.InterruptedException: sleep interrupted
2019-10-15 21:54:46,601 [grpc-default-executor-1] INFO  impl.RoleInfo (RoleInfo.java:updateAndGet(143)) - 6a83fe04-c8c3-48c1-8861-8f81e89cd03c: start FollowerState
2019-10-15 21:54:46,601 [Thread-991] INFO  impl.FollowerState (FollowerState.java:run(117)) - 0a72d9f0-d385-4350-a485-113e43f7c69c@group-F62649F7AF7F-FollowerState was interrupted: java.lang.InterruptedException: sleep interrupted
2019-10-15 21:54:46,601 [grpc-default-executor-3] INFO  impl.RoleInfo (RoleInfo.java:updateAndGet(143)) - 0a72d9f0-d385-4350-a485-113e43f7c69c: start FollowerState
2019-10-15 21:54:46,630 [04d05b50-beb8-4841-9ce1-2061f7b42c80@group-F62649F7AF7F-LeaderElection63] INFO  impl.LeaderElection (LeaderElection.java:askForVotes(178)) - 04d05b50-beb8-4841-9ce1-2061f7b42c80@group-F62649F7AF7F-LeaderElection63: begin an election at term 66 for 0: [6a83fe04-c8c3-48c1-8861-8f81e89cd03c:192.168.69.90:44841, 04d05b50-beb8-4841-9ce1-2061f7b42c80:192.168.69.90:35772, 0a72d9f0-d385-4350-a485-113e43f7c69c:192.168.69.90:33827], old=null
2019-10-15 21:54:46,633 [grpc-default-executor-1] INFO  impl.RaftServerImpl (RaftServerImpl.java:setRole(184)) - 6a83fe04-c8c3-48c1-8861-8f81e89cd03c@group-F62649F7AF7F: changes role from  FOLLOWER to FOLLOWER at term 66 for recognizeCandidate:04d05b50-beb8-4841-9ce1-2061f7b42c80
2019-10-15 21:54:46,633 [grpc-default-executor-3] INFO  impl.RaftServerImpl (RaftServerImpl.java:setRole(184)) - 0a72d9f0-d385-4350-a485-113e43f7c69c@group-F62649F7AF7F: changes role from  FOLLOWER to FOLLOWER at term 66 for recognizeCandidate:04d05b50-beb8-4841-9ce1-2061f7b42c80
2019-10-15 21:54:46,633 [grpc-default-executor-1] INFO  impl.RoleInfo (RoleInfo.java:shutdownFollowerState(121)) - 6a83fe04-c8c3-48c1-8861-8f81e89cd03c: shutdown FollowerState
2019-10-15 21:54:46,633 [grpc-default-executor-3] INFO  impl.RoleInfo (RoleInfo.java:shutdownFollowerState(121)) - 0a72d9f0-d385-4350-a485-113e43f7c69c: shutdown FollowerState
2019-10-15 21:54:46,633 [Thread-997] INFO  impl.FollowerState (FollowerState.java:run(117)) - 6a83fe04-c8c3-48c1-8861-8f81e89cd03c@group-F62649F7AF7F-FollowerState was interrupted: java.lang.InterruptedException: sleep interrupted
2019-10-15 21:54:46,633 [grpc-default-executor-1] INFO  impl.RoleInfo (RoleInfo.java:updateAndGet(143)) - 6a83fe04-c8c3-48c1-8861-8f81e89cd03c: start FollowerState
2019-10-15 21:54:46,633 [Thread-998] INFO  impl.FollowerState (FollowerState.java:run(117)) - 0a72d9f0-d385-4350-a485-113e43f7c69c@group-F62649F7AF7F-FollowerState was interrupted: java.lang.InterruptedException: sleep interrupted
2019-10-15 21:54:46,633 [grpc-default-executor-3] INFO  impl.RoleInfo (RoleInfo.java:updateAndGet(143)) - 0a72d9f0-d385-4350-a485-113e43f7c69c: start FollowerState
2019-10-15 21:54:46,642 [04d05b50-beb8-4841-9ce1-2061f7b42c80@group-F62649F7AF7F-LeaderElection63] INFO  impl.LeaderElection (LeaderElection.java:logAndReturn(56)) - 04d05b50-beb8-4841-9ce1-2061f7b42c80@group-F62649F7AF7F-LeaderElection63: Election TIMEOUT; received 0 response(s) [] and 0 exception(s); 04d05b50-beb8-4841-9ce1-2061f7b42c80@group-F62649F7AF7F:t66, leader=null, voted=04d05b50-beb8-4841-9ce1-2061f7b42c80, raftlog=04d05b50-beb8-4841-9ce1-2061f7b42c80@group-F62649F7AF7F-SegmentedRaftLog:OPENED:c3,f4,i4, conf=0: [6a83fe04-c8c3-48c1-8861-8f81e89cd03c:192.168.69.90:44841, 04d05b50-beb8-4841-9ce1-2061f7b42c80:192.168.69.90:35772, 0a72d9f0-d385-4350-a485-113e43f7c69c:192.168.69.90:33827], old=null
2019-10-15 21:54:46,655 [04d05b50-beb8-4841-9ce1-2061f7b42c80@group-F62649F7AF7F-LeaderElection63] INFO  impl.LeaderElection (LeaderElection.java:askForVotes(178)) - 04d05b50-beb8-4841-9ce1-2061f7b42c80@group-F62649F7AF7F-LeaderElection63: begin an election at term 67 for 0: [6a83fe04-c8c3-48c1-8861-8f81e89cd03c:192.168.69.90:44841, 04d05b50-beb8-4841-9ce1-2061f7b42c80:192.168.69.90:35772, 0a72d9f0-d385-4350-a485-113e43f7c69c:192.168.69.90:33827], old=null
2019-10-15 21:54:46,657 [grpc-default-executor-3] INFO  impl.RaftServerImpl (RaftServerImpl.java:setRole(184)) - 6a83fe04-c8c3-48c1-8861-8f81e89cd03c@group-F62649F7AF7F: changes role from  FOLLOWER to FOLLOWER at term 67 for recognizeCandidate:04d05b50-beb8-4841-9ce1-2061f7b42c80
2019-10-15 21:54:46,657 [grpc-default-executor-3] INFO  impl.RoleInfo (RoleInfo.java:shutdownFollowerState(121)) - 6a83fe04-c8c3-48c1-8861-8f81e89cd03c: shutdown FollowerState
2019-10-15 21:54:46,657 [grpc-default-executor-1] INFO  impl.RaftServerImpl (RaftServerImpl.java:setRole(184)) - 0a72d9f0-d385-4350-a485-113e43f7c69c@group-F62649F7AF7F: changes role from  FOLLOWER to FOLLOWER at term 67 for recognizeCandidate:04d05b50-beb8-4841-9ce1-2061f7b42c80
2019-10-15 21:54:46,657 [Thread-1001] INFO  impl.FollowerState (FollowerState.java:run(117)) - 6a83fe04-c8c3-48c1-8861-8f81e89cd03c@group-F62649F7AF7F-FollowerState was interrupted: java.lang.InterruptedException: sleep interrupted
2019-10-15 21:54:46,657 [grpc-default-executor-3] INFO  impl.RoleInfo (RoleInfo.java:updateAndGet(143)) - 6a83fe04-c8c3-48c1-8861-8f81e89cd03c: start FollowerState
2019-10-15 21:54:46,657 [grpc-default-executor-1] INFO  impl.RoleInfo (RoleInfo.java:shutdownFollowerState(121)) - 0a72d9f0-d385-4350-a485-113e43f7c69c: shutdown FollowerState
2019-10-15 21:54:46,658 [grpc-default-executor-1] INFO  impl.RoleInfo (RoleInfo.java:updateAndGet(143)) - 0a72d9f0-d385-4350-a485-113e43f7c69c: start FollowerState
2019-10-15 21:54:46,658 [Thread-1002] INFO  impl.FollowerState (FollowerState.java:run(117)) - 0a72d9f0-d385-4350-a485-113e43f7c69c@group-F62649F7AF7F-FollowerState was interrupted: java.lang.InterruptedException: sleep interrupted
2019-10-15 21:54:46,670 [04d05b50-beb8-4841-9ce1-2061f7b42c80@group-F62649F7AF7F-LeaderElection63] INFO  impl.LeaderElection (LeaderElection.java:logAndReturn(56)) - 04d05b50-beb8-4841-9ce1-2061f7b42c80@group-F62649F7AF7F-LeaderElection63: Election REJECTED; received 2 response(s) [04d05b50-beb8-4841-9ce1-2061f7b42c80<-6a83fe04-c8c3-48c1-8861-8f81e89cd03c#0:FAIL-t67, 04d05b50-beb8-4841-9ce1-2061f7b42c80<-0a72d9f0-d385-4350-a485-113e43f7c69c#0:FAIL-t67] and 0 exception(s); 04d05b50-beb8-4841-9ce1-2061f7b42c80@group-F62649F7AF7F:t67, leader=null, voted=04d05b50-beb8-4841-9ce1-2061f7b42c80, raftlog=04d05b50-beb8-4841-9ce1-2061f7b42c80@group-F62649F7AF7F-SegmentedRaftLog:OPENED:c3,f4,i4, conf=0: [6a83fe04-c8c3-48c1-8861-8f81e89cd03c:192.168.69.90:44841, 04d05b50-beb8-4841-9ce1-2061f7b42c80:192.168.69.90:35772, 0a72d9f0-d385-4350-a485-113e43f7c69c:192.168.69.90:33827], old=null
2019-10-15 21:54:46,670 [04d05b50-beb8-4841-9ce1-2061f7b42c80@group-F62649F7AF7F-LeaderElection63] INFO  impl.RaftServerImpl (RaftServerImpl.java:setRole(184)) - 04d05b50-beb8-4841-9ce1-2061f7b42c80@group-F62649F7AF7F: changes role from CANDIDATE to FOLLOWER at term 67 for DISCOVERED_A_NEW_TERM
2019-10-15 21:54:46,670 [04d05b50-beb8-4841-9ce1-2061f7b42c80@group-F62649F7AF7F-LeaderElection63] INFO  impl.RoleInfo (RoleInfo.java:shutdownLeaderElection(134)) - 04d05b50-beb8-4841-9ce1-2061f7b42c80: shutdown LeaderElection
2019-10-15 21:54:46,670 [04d05b50-beb8-4841-9ce1-2061f7b42c80@group-F62649F7AF7F-LeaderElection63] INFO  impl.RoleInfo (RoleInfo.java:updateAndGet(143)) - 04d05b50-beb8-4841-9ce1-2061f7b42c80: start FollowerState
2019-10-15 21:54:46,738 [Thread-1007] INFO  impl.FollowerState (FollowerState.java:run(108)) - 04d05b50-beb8-4841-9ce1-2061f7b42c80@group-F62649F7AF7F-FollowerState: change to CANDIDATE, lastRpcTime:67ms, electionTimeout:67ms
2019-10-15 21:54:46,738 [Thread-1007] INFO  impl.RoleInfo (RoleInfo.java:shutdownFollowerState(121)) - 04d05b50-beb8-4841-9ce1-2061f7b42c80: shutdown FollowerState
2019-10-15 21:54:46,738 [Thread-1007] INFO  impl.RaftServerImpl (RaftServerImpl.java:setRole(184)) - 04d05b50-beb8-4841-9ce1-2061f7b42c80@group-F62649F7AF7F: changes role from  FOLLOWER to CANDIDATE at term 67 for changeToCandidate
2019-10-15 21:54:46,738 [Thread-1007] INFO  impl.RoleInfo (RoleInfo.java:updateAndGet(143)) - 04d05b50-beb8-4841-9ce1-2061f7b42c80: start LeaderElection
2019-10-15 21:54:46,752 [04d05b50-beb8-4841-9ce1-2061f7b42c80@group-F62649F7AF7F-LeaderElection64] INFO  impl.LeaderElection (LeaderElection.java:askForVotes(178)) - 04d05b50-beb8-4841-9ce1-2061f7b42c80@group-F62649F7AF7F-LeaderElection64: begin an election at term 68 for 0: [6a83fe04-c8c3-48c1-8861-8f81e89cd03c:192.168.69.90:44841, 04d05b50-beb8-4841-9ce1-2061f7b42c80:192.168.69.90:35772, 0a72d9f0-d385-4350-a485-113e43f7c69c:192.168.69.90:33827], old=null
2019-10-15 21:54:46,754 [grpc-default-executor-3] INFO  impl.RaftServerImpl (RaftServerImpl.java:setRole(184)) - 6a83fe04-c8c3-48c1-8861-8f81e89cd03c@group-F62649F7AF7F: changes role from  FOLLOWER to FOLLOWER at term 68 for recognizeCandidate:04d05b50-beb8-4841-9ce1-2061f7b42c80
2019-10-15 21:54:46,754 [grpc-default-executor-1] INFO  impl.RaftServerImpl (RaftServerImpl.java:setRole(184)) - 0a72d9f0-d385-4350-a485-113e43f7c69c@group-F62649F7AF7F: changes role from  FOLLOWER to FOLLOWER at term 68 for recognizeCandidate:04d05b50-beb8-4841-9ce1-2061f7b42c80
2019-10-15 21:54:46,754 [grpc-default-executor-3] INFO  impl.RoleInfo (RoleInfo.java:shutdownFollowerState(121)) - 6a83fe04-c8c3-48c1-8861-8f81e89cd03c: shutdown FollowerState
2019-10-15 21:54:46,754 [grpc-default-executor-1] INFO  impl.RoleInfo (RoleInfo.java:shutdownFollowerState(121)) - 0a72d9f0-d385-4350-a485-113e43f7c69c: shutdown FollowerState
2019-10-15 21:54:46,754 [Thread-1005] INFO  impl.FollowerState (FollowerState.java:run(117)) - 6a83fe04-c8c3-48c1-8861-8f81e89cd03c@group-F62649F7AF7F-FollowerState was interrupted: java.lang.InterruptedException: sleep interrupted
2019-10-15 21:54:46,754 [grpc-default-executor-3] INFO  impl.RoleInfo (RoleInfo.java:updateAndGet(143)) - 6a83fe04-c8c3-48c1-8861-8f81e89cd03c: start FollowerState
2019-10-15 21:54:46,755 [Thread-1006] INFO  impl.FollowerState (FollowerState.java:run(117)) - 0a72d9f0-d385-4350-a485-113e43f7c69c@group-F62649F7AF7F-FollowerState was interrupted: java.lang.InterruptedException: sleep interrupted
2019-10-15 21:54:46,754 [grpc-default-executor-1] INFO  impl.RoleInfo (RoleInfo.java:updateAndGet(143)) - 0a72d9f0-d385-4350-a485-113e43f7c69c: start FollowerState
2019-10-15 21:54:46,781 [04d05b50-beb8-4841-9ce1-2061f7b42c80@group-F62649F7AF7F-LeaderElection64] INFO  impl.LeaderElection (LeaderElection.java:logAndReturn(56)) - 04d05b50-beb8-4841-9ce1-2061f7b42c80@group-F62649F7AF7F-LeaderElection64: Election REJECTED; received 2 response(s) [04d05b50-beb8-4841-9ce1-2061f7b42c80<-6a83fe04-c8c3-48c1-8861-8f81e89cd03c#0:FAIL-t68, 04d05b50-beb8-4841-9ce1-2061f7b42c80<-0a72d9f0-d385-4350-a485-113e43f7c69c#0:FAIL-t68] and 0 exception(s); 04d05b50-beb8-4841-9ce1-2061f7b42c80@group-F62649F7AF7F:t68, leader=null, voted=04d05b50-beb8-4841-9ce1-2061f7b42c80, raftlog=04d05b50-beb8-4841-9ce1-2061f7b42c80@group-F62649F7AF7F-SegmentedRaftLog:OPENED:c3,f4,i4, conf=0: [6a83fe04-c8c3-48c1-8861-8f81e89cd03c:192.168.69.90:44841, 04d05b50-beb8-4841-9ce1-2061f7b42c80:192.168.69.90:35772, 0a72d9f0-d385-4350-a485-113e43f7c69c:192.168.69.90:33827], old=null
2019-10-15 21:54:46,781 [04d05b50-beb8-4841-9ce1-2061f7b42c80@group-F62649F7AF7F-LeaderElection64] INFO  impl.RaftServerImpl (RaftServerImpl.java:setRole(184)) - 04d05b50-beb8-4841-9ce1-2061f7b42c80@group-F62649F7AF7F: changes role from CANDIDATE to FOLLOWER at term 68 for DISCOVERED_A_NEW_TERM
2019-10-15 21:54:46,782 [04d05b50-beb8-4841-9ce1-2061f7b42c80@group-F62649F7AF7F-LeaderElection64] INFO  impl.RoleInfo (RoleInfo.java:shutdownLeaderElection(134)) - 04d05b50-beb8-4841-9ce1-2061f7b42c80: shutdown LeaderElection
2019-10-15 21:54:46,782 [04d05b50-beb8-4841-9ce1-2061f7b42c80@group-F62649F7AF7F-LeaderElection64] INFO  impl.RoleInfo (RoleInfo.java:updateAndGet(143)) - 04d05b50-beb8-4841-9ce1-2061f7b42c80: start FollowerState
]]></system-out>
    <system-err><![CDATA[ERROR StatusLogger No Log4j 2 configuration file found. Using default configuration (logging only errors to the console), or user programmatically provided configurations. Set system property 'log4j2.debug' to show Log4j 2 internal initialization logging. See https://logging.apache.org/log4j/2.x/manual/configuration.html for instructions on how to configure Log4j 2
Oct 15, 2019 9:53:00 PM org.apache.ratis.thirdparty.io.grpc.internal.SerializingExecutor run
SEVERE: Exception while executing runnable org.apache.ratis.thirdparty.io.grpc.internal.ServerImpl$JumpToApplicationThreadServerStreamListener$1Closed@5fa12597
org.apache.ratis.thirdparty.io.grpc.StatusRuntimeException: CANCELLED: call already cancelled
	at org.apache.ratis.thirdparty.io.grpc.Status.asRuntimeException(Status.java:517)
	at org.apache.ratis.thirdparty.io.grpc.stub.ServerCalls$ServerCallStreamObserverImpl.onCompleted(ServerCalls.java:356)
	at org.apache.ratis.grpc.server.GrpcServerProtocolService$ServerRequestStreamObserver.onError(GrpcServerProtocolService.java:121)
	at org.apache.ratis.thirdparty.io.grpc.stub.ServerCalls$StreamingServerCallHandler$StreamingServerCallListener.onCancel(ServerCalls.java:269)
	at org.apache.ratis.thirdparty.io.grpc.internal.ServerCallImpl$ServerStreamListenerImpl.closed(ServerCallImpl.java:293)
	at org.apache.ratis.thirdparty.io.grpc.internal.ServerImpl$JumpToApplicationThreadServerStreamListener$1Closed.runInContext(ServerImpl.java:741)
	at org.apache.ratis.thirdparty.io.grpc.internal.ContextRunnable.run(ContextRunnable.java:37)
	at org.apache.ratis.thirdparty.io.grpc.internal.SerializingExecutor.run(SerializingExecutor.java:123)
	at java.util.concurrent.ThreadPoolExecutor.runWorker(ThreadPoolExecutor.java:1149)
	at java.util.concurrent.ThreadPoolExecutor$Worker.run(ThreadPoolExecutor.java:624)
	at java.lang.Thread.run(Thread.java:748)

Oct 15, 2019 9:53:00 PM org.apache.ratis.thirdparty.io.grpc.internal.SerializingExecutor run
SEVERE: Exception while executing runnable org.apache.ratis.thirdparty.io.grpc.internal.ClientCallImpl$ClientStreamListenerImpl$1StreamClosed@50242899
java.lang.NullPointerException
	at org.apache.ratis.grpc.server.GrpcLogAppender$AppendLogResponseHandler.onError(GrpcLogAppender.java:303)
	at org.apache.ratis.thirdparty.io.grpc.stub.ClientCalls$StreamObserverToCallListenerAdapter.onClose(ClientCalls.java:434)
	at org.apache.ratis.thirdparty.io.grpc.PartialForwardingClientCallListener.onClose(PartialForwardingClientCallListener.java:39)
	at org.apache.ratis.thirdparty.io.grpc.ForwardingClientCallListener.onClose(ForwardingClientCallListener.java:23)
	at org.apache.ratis.thirdparty.io.grpc.ForwardingClientCallListener$SimpleForwardingClientCallListener.onClose(ForwardingClientCallListener.java:40)
	at org.apache.ratis.thirdparty.io.grpc.internal.CensusStatsModule$StatsClientInterceptor$1$1.onClose(CensusStatsModule.java:678)
	at org.apache.ratis.thirdparty.io.grpc.PartialForwardingClientCallListener.onClose(PartialForwardingClientCallListener.java:39)
	at org.apache.ratis.thirdparty.io.grpc.ForwardingClientCallListener.onClose(ForwardingClientCallListener.java:23)
	at org.apache.ratis.thirdparty.io.grpc.ForwardingClientCallListener$SimpleForwardingClientCallListener.onClose(ForwardingClientCallListener.java:40)
	at org.apache.ratis.thirdparty.io.grpc.internal.CensusTracingModule$TracingClientInterceptor$1$1.onClose(CensusTracingModule.java:397)
	at org.apache.ratis.thirdparty.io.grpc.internal.ClientCallImpl.closeObserver(ClientCallImpl.java:459)
	at org.apache.ratis.thirdparty.io.grpc.internal.ClientCallImpl.access$300(ClientCallImpl.java:63)
	at org.apache.ratis.thirdparty.io.grpc.internal.ClientCallImpl$ClientStreamListenerImpl.close(ClientCallImpl.java:546)
	at org.apache.ratis.thirdparty.io.grpc.internal.ClientCallImpl$ClientStreamListenerImpl.access$600(ClientCallImpl.java:467)
	at org.apache.ratis.thirdparty.io.grpc.internal.ClientCallImpl$ClientStreamListenerImpl$1StreamClosed.runInContext(ClientCallImpl.java:584)
	at org.apache.ratis.thirdparty.io.grpc.internal.ContextRunnable.run(ContextRunnable.java:37)
	at org.apache.ratis.thirdparty.io.grpc.internal.SerializingExecutor.run(SerializingExecutor.java:123)
	at java.util.concurrent.ThreadPoolExecutor.runWorker(ThreadPoolExecutor.java:1149)
	at java.util.concurrent.ThreadPoolExecutor$Worker.run(ThreadPoolExecutor.java:624)
	at java.lang.Thread.run(Thread.java:748)

]]></system-err>
  </testcase>
</testsuite>