<?xml version="1.0" encoding="UTF-8"?>
<testsuite xmlns:xsi="http://www.w3.org/2001/XMLSchema-instance" xsi:noNamespaceSchemaLocation="https://maven.apache.org/surefire/maven-surefire-plugin/xsd/surefire-test-report.xsd" name="org.apache.hadoop.ozone.freon.TestRandomKeyGenerator" time="295.937" tests="6" errors="1" skipped="0" failures="0">
  <properties>
    <property name="awt.toolkit" value="sun.awt.X11.XToolkit"/>
    <property name="file.encoding.pkg" value="sun.io"/>
    <property name="java.specification.version" value="1.8"/>
    <property name="sun.cpu.isalist" value=""/>
    <property name="sun.jnu.encoding" value="UTF-8"/>
    <property name="java.class.path" value="/workdir/hadoop-ozone/tools/target/test-classes:/workdir/hadoop-ozone/tools/target/classes:/home/user/.m2/repository/org/apache/hadoop/hadoop-ozone-ozone-manager/0.5.0-SNAPSHOT/hadoop-ozone-ozone-manager-0.5.0-SNAPSHOT.jar:/home/user/.m2/repository/org/apache/hadoop/hadoop-hdds-docs/0.5.0-SNAPSHOT/hadoop-hdds-docs-0.5.0-SNAPSHOT.jar:/home/user/.m2/repository/org/bouncycastle/bcprov-jdk15on/1.60/bcprov-jdk15on-1.60.jar:/home/user/.m2/repository/org/apache/hadoop/hadoop-ozone-common/0.5.0-SNAPSHOT/hadoop-ozone-common-0.5.0-SNAPSHOT.jar:/home/user/.m2/repository/org/apache/commons/commons-compress/1.4.1/commons-compress-1.4.1.jar:/home/user/.m2/repository/org/tukaani/xz/1.0/xz-1.0.jar:/home/user/.m2/repository/org/apache/hadoop/hadoop-hdfs-client/3.2.0/hadoop-hdfs-client-3.2.0.jar:/home/user/.m2/repository/com/fasterxml/jackson/core/jackson-annotations/2.9.9/jackson-annotations-2.9.9.jar:/home/user/.m2/repository/org/apache/hadoop/hadoop-hdds-common/0.5.0-SNAPSHOT/hadoop-hdds-common-0.5.0-SNAPSHOT.jar:/home/user/.m2/repository/org/apache/hadoop/hadoop-hdds-config/0.5.0-SNAPSHOT/hadoop-hdds-config-0.5.0-SNAPSHOT.jar:/home/user/.m2/repository/javax/annotation/javax.annotation-api/1.2/javax.annotation-api-1.2.jar:/home/user/.m2/repository/org/apache/ratis/ratis-server/0.5.0-201fc85-SNAPSHOT/ratis-server-0.5.0-201fc85-SNAPSHOT.jar:/home/user/.m2/repository/org/apache/ratis/ratis-thirdparty-misc/0.2.0/ratis-thirdparty-misc-0.2.0.jar:/home/user/.m2/repository/org/apache/ratis/ratis-proto/0.5.0-201fc85-SNAPSHOT/ratis-proto-0.5.0-201fc85-SNAPSHOT.jar:/home/user/.m2/repository/org/apache/ratis/ratis-common/0.5.0-201fc85-SNAPSHOT/ratis-common-0.5.0-201fc85-SNAPSHOT.jar:/home/user/.m2/repository/org/apache/ratis/ratis-client/0.5.0-201fc85-SNAPSHOT/ratis-client-0.5.0-201fc85-SNAPSHOT.jar:/home/user/.m2/repository/org/apache/ratis/ratis-metrics/0.5.0-201fc85-SNAPSHOT/ratis-metrics-0.5.0-201fc85-SNAPSHOT.jar:/home/user/.m2/repository/com/github/joshelser/dropwizard-metrics-hadoop-metrics2-reporter/0.1.2/dropwizard-metrics-hadoop-metrics2-reporter-0.1.2.jar:/home/user/.m2/repository/io/dropwizard/metrics/metrics-jvm/3.2.5/metrics-jvm-3.2.5.jar:/home/user/.m2/repository/io/dropwizard/metrics/metrics-ganglia/3.2.5/metrics-ganglia-3.2.5.jar:/home/user/.m2/repository/info/ganglia/gmetric4j/gmetric4j/1.0.7/gmetric4j-1.0.7.jar:/home/user/.m2/repository/org/apache/ratis/ratis-netty/0.5.0-201fc85-SNAPSHOT/ratis-netty-0.5.0-201fc85-SNAPSHOT.jar:/home/user/.m2/repository/org/apache/ratis/ratis-grpc/0.5.0-201fc85-SNAPSHOT/ratis-grpc-0.5.0-201fc85-SNAPSHOT.jar:/home/user/.m2/repository/org/rocksdb/rocksdbjni/6.0.1/rocksdbjni-6.0.1.jar:/home/user/.m2/repository/org/apache/logging/log4j/log4j-api/2.11.0/log4j-api-2.11.0.jar:/home/user/.m2/repository/org/apache/logging/log4j/log4j-core/2.11.0/log4j-core-2.11.0.jar:/home/user/.m2/repository/com/lmax/disruptor/3.4.2/disruptor-3.4.2.jar:/home/user/.m2/repository/org/apache/commons/commons-pool2/2.6.0/commons-pool2-2.6.0.jar:/home/user/.m2/repository/org/bouncycastle/bcpkix-jdk15on/1.60/bcpkix-jdk15on-1.60.jar:/home/user/.m2/repository/commons-validator/commons-validator/1.6/commons-validator-1.6.jar:/home/user/.m2/repository/commons-digester/commons-digester/1.8.1/commons-digester-1.8.1.jar:/home/user/.m2/repository/io/jaegertracing/jaeger-client/0.34.0/jaeger-client-0.34.0.jar:/home/user/.m2/repository/io/jaegertracing/jaeger-thrift/0.34.0/jaeger-thrift-0.34.0.jar:/home/user/.m2/repository/org/apache/thrift/libthrift/0.12.0/libthrift-0.12.0.jar:/home/user/.m2/repository/com/squareup/okhttp3/okhttp/3.9.0/okhttp-3.9.0.jar:/home/user/.m2/repository/com/squareup/okio/okio/1.13.0/okio-1.13.0.jar:/home/user/.m2/repository/io/jaegertracing/jaeger-core/0.34.0/jaeger-core-0.34.0.jar:/home/user/.m2/repository/io/jaegertracing/jaeger-tracerresolver/0.34.0/jaeger-tracerresolver-0.34.0.jar:/home/user/.m2/repository/io/opentracing/contrib/opentracing-tracerresolver/0.1.5/opentracing-tracerresolver-0.1.5.jar:/home/user/.m2/repository/io/opentracing/opentracing-util/0.31.0/opentracing-util-0.31.0.jar:/home/user/.m2/repository/io/opentracing/opentracing-api/0.31.0/opentracing-api-0.31.0.jar:/home/user/.m2/repository/io/opentracing/opentracing-noop/0.31.0/opentracing-noop-0.31.0.jar:/home/user/.m2/repository/org/yaml/snakeyaml/1.16/snakeyaml-1.16.jar:/home/user/.m2/repository/org/apache/hadoop/hadoop-hdds-container-service/0.5.0-SNAPSHOT/hadoop-hdds-container-service-0.5.0-SNAPSHOT.jar:/home/user/.m2/repository/org/apache/hadoop/hadoop-hdds-client/0.5.0-SNAPSHOT/hadoop-hdds-client-0.5.0-SNAPSHOT.jar:/home/user/.m2/repository/org/apache/hadoop/hadoop-hdds-tools/0.5.0-SNAPSHOT/hadoop-hdds-tools-0.5.0-SNAPSHOT.jar:/home/user/.m2/repository/org/xerial/sqlite-jdbc/3.25.2/sqlite-jdbc-3.25.2.jar:/home/user/.m2/repository/org/apache/hadoop/hadoop-hdds-server-scm/0.5.0-SNAPSHOT/hadoop-hdds-server-scm-0.5.0-SNAPSHOT.jar:/home/user/.m2/repository/org/hamcrest/hamcrest-all/1.3/hamcrest-all-1.3.jar:/home/user/.m2/repository/info/picocli/picocli/3.9.6/picocli-3.9.6.jar:/home/user/.m2/repository/com/google/protobuf/protobuf-java/2.5.0/protobuf-java-2.5.0.jar:/home/user/.m2/repository/com/google/guava/guava/11.0.2/guava-11.0.2.jar:/home/user/.m2/repository/org/apache/hadoop/hadoop-ozone-client/0.5.0-SNAPSHOT/hadoop-ozone-client-0.5.0-SNAPSHOT.jar:/workdir/hadoop-ozone/ozonefs/target/classes:/home/user/.m2/repository/org/apache/httpcomponents/httpclient/4.5.2/httpclient-4.5.2.jar:/home/user/.m2/repository/org/apache/httpcomponents/httpcore/4.4.4/httpcore-4.4.4.jar:/home/user/.m2/repository/org/apache/hadoop/hadoop-hdds-server-framework/0.5.0-SNAPSHOT/hadoop-hdds-server-framework-0.5.0-SNAPSHOT.jar:/home/user/.m2/repository/org/apache/hadoop/hadoop-common/3.2.0/hadoop-common-3.2.0.jar:/home/user/.m2/repository/org/apache/hadoop/hadoop-annotations/3.2.0/hadoop-annotations-3.2.0.jar:/usr/lib/jvm/java-1.8-openjdk/jre/../lib/tools.jar:/home/user/.m2/repository/commons-cli/commons-cli/1.2/commons-cli-1.2.jar:/home/user/.m2/repository/org/apache/commons/commons-math3/3.1.1/commons-math3-3.1.1.jar:/home/user/.m2/repository/commons-codec/commons-codec/1.11/commons-codec-1.11.jar:/home/user/.m2/repository/commons-io/commons-io/2.5/commons-io-2.5.jar:/home/user/.m2/repository/commons-net/commons-net/3.6/commons-net-3.6.jar:/home/user/.m2/repository/commons-collections/commons-collections/3.2.2/commons-collections-3.2.2.jar:/home/user/.m2/repository/javax/servlet/javax.servlet-api/3.1.0/javax.servlet-api-3.1.0.jar:/home/user/.m2/repository/org/eclipse/jetty/jetty-server/9.3.25.v20180904/jetty-server-9.3.25.v20180904.jar:/home/user/.m2/repository/org/eclipse/jetty/jetty-http/9.3.25.v20180904/jetty-http-9.3.25.v20180904.jar:/home/user/.m2/repository/org/eclipse/jetty/jetty-io/9.3.25.v20180904/jetty-io-9.3.25.v20180904.jar:/home/user/.m2/repository/org/eclipse/jetty/jetty-util/9.3.25.v20180904/jetty-util-9.3.25.v20180904.jar:/home/user/.m2/repository/org/eclipse/jetty/jetty-servlet/9.3.25.v20180904/jetty-servlet-9.3.25.v20180904.jar:/home/user/.m2/repository/org/eclipse/jetty/jetty-security/9.3.25.v20180904/jetty-security-9.3.25.v20180904.jar:/home/user/.m2/repository/org/eclipse/jetty/jetty-webapp/9.3.25.v20180904/jetty-webapp-9.3.25.v20180904.jar:/home/user/.m2/repository/org/eclipse/jetty/jetty-xml/9.3.25.v20180904/jetty-xml-9.3.25.v20180904.jar:/home/user/.m2/repository/javax/servlet/jsp/jsp-api/2.1/jsp-api-2.1.jar:/home/user/.m2/repository/com/sun/jersey/jersey-core/1.19/jersey-core-1.19.jar:/home/user/.m2/repository/javax/ws/rs/jsr311-api/1.1.1/jsr311-api-1.1.1.jar:/home/user/.m2/repository/com/sun/jersey/jersey-servlet/1.19/jersey-servlet-1.19.jar:/home/user/.m2/repository/com/sun/jersey/jersey-json/1.19/jersey-json-1.19.jar:/home/user/.m2/repository/org/codehaus/jettison/jettison/1.1/jettison-1.1.jar:/home/user/.m2/repository/com/sun/xml/bind/jaxb-impl/2.3.0.1/jaxb-impl-2.3.0.1.jar:/home/user/.m2/repository/org/codehaus/jackson/jackson-core-asl/1.9.13/jackson-core-asl-1.9.13.jar:/home/user/.m2/repository/org/codehaus/jackson/jackson-mapper-asl/1.9.13/jackson-mapper-asl-1.9.13.jar:/home/user/.m2/repository/org/codehaus/jackson/jackson-jaxrs/1.9.13/jackson-jaxrs-1.9.13.jar:/home/user/.m2/repository/org/codehaus/jackson/jackson-xc/1.9.13/jackson-xc-1.9.13.jar:/home/user/.m2/repository/com/sun/jersey/jersey-server/1.19/jersey-server-1.19.jar:/home/user/.m2/repository/commons-logging/commons-logging/1.1.3/commons-logging-1.1.3.jar:/home/user/.m2/repository/log4j/log4j/1.2.17/log4j-1.2.17.jar:/home/user/.m2/repository/commons-beanutils/commons-beanutils/1.9.4/commons-beanutils-1.9.4.jar:/home/user/.m2/repository/org/apache/commons/commons-configuration2/2.1.1/commons-configuration2-2.1.1.jar:/home/user/.m2/repository/org/apache/commons/commons-lang3/3.7/commons-lang3-3.7.jar:/home/user/.m2/repository/org/apache/commons/commons-text/1.4/commons-text-1.4.jar:/home/user/.m2/repository/org/slf4j/slf4j-api/1.7.25/slf4j-api-1.7.25.jar:/home/user/.m2/repository/org/slf4j/slf4j-log4j12/1.7.25/slf4j-log4j12-1.7.25.jar:/home/user/.m2/repository/org/apache/avro/avro/1.7.7/avro-1.7.7.jar:/home/user/.m2/repository/com/thoughtworks/paranamer/paranamer/2.3/paranamer-2.3.jar:/home/user/.m2/repository/org/xerial/snappy/snappy-java/1.0.5/snappy-java-1.0.5.jar:/home/user/.m2/repository/com/google/re2j/re2j/1.1/re2j-1.1.jar:/home/user/.m2/repository/com/google/code/gson/gson/2.2.4/gson-2.2.4.jar:/home/user/.m2/repository/org/apache/hadoop/hadoop-auth/3.2.0/hadoop-auth-3.2.0.jar:/home/user/.m2/repository/com/nimbusds/nimbus-jose-jwt/4.41.1/nimbus-jose-jwt-4.41.1.jar:/home/user/.m2/repository/com/github/stephenc/jcip/jcip-annotations/1.0-1/jcip-annotations-1.0-1.jar:/home/user/.m2/repository/net/minidev/json-smart/2.3/json-smart-2.3.jar:/home/user/.m2/repository/net/minidev/accessors-smart/1.2/accessors-smart-1.2.jar:/home/user/.m2/repository/org/apache/curator/curator-framework/2.12.0/curator-framework-2.12.0.jar:/home/user/.m2/repository/com/jcraft/jsch/0.1.54/jsch-0.1.54.jar:/home/user/.m2/repository/org/apache/curator/curator-client/2.12.0/curator-client-2.12.0.jar:/home/user/.m2/repository/org/apache/curator/curator-recipes/2.12.0/curator-recipes-2.12.0.jar:/home/user/.m2/repository/com/google/code/findbugs/jsr305/3.0.0/jsr305-3.0.0.jar:/home/user/.m2/repository/org/apache/htrace/htrace-core4/4.1.0-incubating/htrace-core4-4.1.0-incubating.jar:/home/user/.m2/repository/org/apache/zookeeper/zookeeper/3.4.13/zookeeper-3.4.13.jar:/home/user/.m2/repository/jline/jline/0.9.94/jline-0.9.94.jar:/home/user/.m2/repository/org/apache/yetus/audience-annotations/0.5.0/audience-annotations-0.5.0.jar:/home/user/.m2/repository/org/apache/kerby/kerb-simplekdc/1.0.1/kerb-simplekdc-1.0.1.jar:/home/user/.m2/repository/org/apache/kerby/kerb-client/1.0.1/kerb-client-1.0.1.jar:/home/user/.m2/repository/org/apache/kerby/kerby-config/1.0.1/kerby-config-1.0.1.jar:/home/user/.m2/repository/org/apache/kerby/kerb-core/1.0.1/kerb-core-1.0.1.jar:/home/user/.m2/repository/org/apache/kerby/kerby-pkix/1.0.1/kerby-pkix-1.0.1.jar:/home/user/.m2/repository/org/apache/kerby/kerby-asn1/1.0.1/kerby-asn1-1.0.1.jar:/home/user/.m2/repository/org/apache/kerby/kerby-util/1.0.1/kerby-util-1.0.1.jar:/home/user/.m2/repository/org/apache/kerby/kerb-common/1.0.1/kerb-common-1.0.1.jar:/home/user/.m2/repository/org/apache/kerby/kerb-crypto/1.0.1/kerb-crypto-1.0.1.jar:/home/user/.m2/repository/org/apache/kerby/kerb-util/1.0.1/kerb-util-1.0.1.jar:/home/user/.m2/repository/org/apache/kerby/token-provider/1.0.1/token-provider-1.0.1.jar:/home/user/.m2/repository/org/apache/kerby/kerb-admin/1.0.1/kerb-admin-1.0.1.jar:/home/user/.m2/repository/org/apache/kerby/kerb-server/1.0.1/kerb-server-1.0.1.jar:/home/user/.m2/repository/org/apache/kerby/kerb-identity/1.0.1/kerb-identity-1.0.1.jar:/home/user/.m2/repository/org/apache/kerby/kerby-xdr/1.0.1/kerby-xdr-1.0.1.jar:/home/user/.m2/repository/com/fasterxml/jackson/core/jackson-databind/2.9.9/jackson-databind-2.9.9.jar:/home/user/.m2/repository/com/fasterxml/jackson/core/jackson-core/2.9.9/jackson-core-2.9.9.jar:/home/user/.m2/repository/org/codehaus/woodstox/stax2-api/3.1.4/stax2-api-3.1.4.jar:/home/user/.m2/repository/com/fasterxml/woodstox/woodstox-core/5.0.3/woodstox-core-5.0.3.jar:/home/user/.m2/repository/dnsjava/dnsjava/2.1.7/dnsjava-2.1.7.jar:/home/user/.m2/repository/org/apache/hadoop/hadoop-hdfs/3.2.0/hadoop-hdfs-3.2.0.jar:/home/user/.m2/repository/org/eclipse/jetty/jetty-util-ajax/9.3.25.v20180904/jetty-util-ajax-9.3.25.v20180904.jar:/home/user/.m2/repository/commons-daemon/commons-daemon/1.0.13/commons-daemon-1.0.13.jar:/home/user/.m2/repository/io/netty/netty/3.10.5.Final/netty-3.10.5.Final.jar:/home/user/.m2/repository/io/netty/netty-all/4.0.52.Final/netty-all-4.0.52.Final.jar:/home/user/.m2/repository/org/fusesource/leveldbjni/leveldbjni-all/1.8/leveldbjni-all-1.8.jar:/home/user/.m2/repository/com/sun/xml/bind/jaxb-core/2.3.0.1/jaxb-core-2.3.0.1.jar:/home/user/.m2/repository/javax/xml/bind/jaxb-api/2.3.0/jaxb-api-2.3.0.jar:/home/user/.m2/repository/javax/activation/activation/1.1.1/activation-1.1.1.jar:/home/user/.m2/repository/io/dropwizard/metrics/metrics-core/3.2.4/metrics-core-3.2.4.jar:/home/user/.m2/repository/org/openjdk/jmh/jmh-core/1.19/jmh-core-1.19.jar:/home/user/.m2/repository/net/sf/jopt-simple/jopt-simple/4.6/jopt-simple-4.6.jar:/home/user/.m2/repository/org/openjdk/jmh/jmh-generator-annprocess/1.19/jmh-generator-annprocess-1.19.jar:/home/user/.m2/repository/com/amazonaws/aws-java-sdk-s3/1.11.615/aws-java-sdk-s3-1.11.615.jar:/home/user/.m2/repository/com/amazonaws/aws-java-sdk-kms/1.11.615/aws-java-sdk-kms-1.11.615.jar:/home/user/.m2/repository/com/amazonaws/aws-java-sdk-core/1.11.615/aws-java-sdk-core-1.11.615.jar:/home/user/.m2/repository/software/amazon/ion/ion-java/1.0.2/ion-java-1.0.2.jar:/home/user/.m2/repository/com/fasterxml/jackson/dataformat/jackson-dataformat-cbor/2.9.9/jackson-dataformat-cbor-2.9.9.jar:/home/user/.m2/repository/joda-time/joda-time/2.9.9/joda-time-2.9.9.jar:/home/user/.m2/repository/com/amazonaws/jmespath-java/1.11.615/jmespath-java-1.11.615.jar:/home/user/.m2/repository/com/github/spotbugs/spotbugs/3.1.12/spotbugs-3.1.12.jar:/home/user/.m2/repository/org/ow2/asm/asm/5.0.4/asm-5.0.4.jar:/home/user/.m2/repository/org/ow2/asm/asm-analysis/7.0/asm-analysis-7.0.jar:/home/user/.m2/repository/org/ow2/asm/asm-commons/7.0/asm-commons-7.0.jar:/home/user/.m2/repository/org/ow2/asm/asm-tree/7.0/asm-tree-7.0.jar:/home/user/.m2/repository/org/ow2/asm/asm-util/7.0/asm-util-7.0.jar:/home/user/.m2/repository/org/apache/bcel/bcel/6.3/bcel-6.3.jar:/home/user/.m2/repository/net/jcip/jcip-annotations/1.0/jcip-annotations-1.0.jar:/home/user/.m2/repository/org/dom4j/dom4j/2.1.1/dom4j-2.1.1.jar:/home/user/.m2/repository/jaxen/jaxen/1.1.6/jaxen-1.1.6.jar:/home/user/.m2/repository/commons-lang/commons-lang/2.6/commons-lang-2.6.jar:/home/user/.m2/repository/com/github/spotbugs/spotbugs-annotations/3.1.12/spotbugs-annotations-3.1.12.jar:/home/user/.m2/repository/junit/junit/4.11/junit-4.11.jar:/home/user/.m2/repository/org/hamcrest/hamcrest-core/1.3/hamcrest-core-1.3.jar:/home/user/.m2/repository/org/apache/hadoop/hadoop-common/3.2.0/hadoop-common-3.2.0-tests.jar:/workdir/hadoop-ozone/integration-test/target/test-classes:/home/user/.m2/repository/org/apache/hadoop/hadoop-ozone-s3gateway/0.5.0-SNAPSHOT/hadoop-ozone-s3gateway-0.5.0-SNAPSHOT.jar:/home/user/.m2/repository/org/jboss/weld/servlet/weld-servlet/2.4.7.Final/weld-servlet-2.4.7.Final.jar:/home/user/.m2/repository/org/glassfish/jersey/containers/jersey-container-servlet-core/2.27/jersey-container-servlet-core-2.27.jar:/home/user/.m2/repository/org/glassfish/hk2/external/javax.inject/2.5.0-b42/javax.inject-2.5.0-b42.jar:/home/user/.m2/repository/org/glassfish/jersey/core/jersey-common/2.27/jersey-common-2.27.jar:/home/user/.m2/repository/org/glassfish/hk2/osgi-resource-locator/1.0.1/osgi-resource-locator-1.0.1.jar:/home/user/.m2/repository/javax/ws/rs/javax.ws.rs-api/2.1/javax.ws.rs-api-2.1.jar:/home/user/.m2/repository/org/glassfish/jersey/ext/cdi/jersey-cdi1x/2.27/jersey-cdi1x-2.27.jar:/home/user/.m2/repository/org/glassfish/jersey/inject/jersey-hk2/2.27/jersey-hk2-2.27.jar:/home/user/.m2/repository/org/glassfish/hk2/hk2-locator/2.5.0-b42/hk2-locator-2.5.0-b42.jar:/home/user/.m2/repository/org/javassist/javassist/3.22.0-CR2/javassist-3.22.0-CR2.jar:/home/user/.m2/repository/org/glassfish/hk2/hk2-api/2.5.0/hk2-api-2.5.0.jar:/home/user/.m2/repository/org/glassfish/hk2/external/jakarta.inject/2.5.0/jakarta.inject-2.5.0.jar:/home/user/.m2/repository/org/glassfish/hk2/hk2-utils/2.5.0/hk2-utils-2.5.0.jar:/home/user/.m2/repository/jakarta/annotation/jakarta.annotation-api/1.3.4/jakarta.annotation-api-1.3.4.jar:/home/user/.m2/repository/org/glassfish/hk2/external/aopalliance-repackaged/2.5.0/aopalliance-repackaged-2.5.0.jar:/home/user/.m2/repository/com/fasterxml/jackson/dataformat/jackson-dataformat-xml/2.9.0/jackson-dataformat-xml-2.9.0.jar:/home/user/.m2/repository/com/fasterxml/jackson/module/jackson-module-jaxb-annotations/2.9.9/jackson-module-jaxb-annotations-2.9.9.jar:/home/user/.m2/repository/javax/enterprise/cdi-api/1.2/cdi-api-1.2.jar:/home/user/.m2/repository/javax/el/javax.el-api/3.0.0/javax.el-api-3.0.0.jar:/home/user/.m2/repository/javax/interceptor/javax.interceptor-api/1.2/javax.interceptor-api-1.2.jar:/home/user/.m2/repository/javax/inject/javax.inject/1/javax.inject-1.jar:/home/user/.m2/repository/org/apache/hadoop/hadoop-ozone-csi/0.5.0-SNAPSHOT/hadoop-ozone-csi-0.5.0-SNAPSHOT.jar:/home/user/.m2/repository/com/google/protobuf/protobuf-java-util/3.5.1/protobuf-java-util-3.5.1.jar:/home/user/.m2/repository/io/grpc/grpc-netty/1.17.1/grpc-netty-1.17.1.jar:/home/user/.m2/repository/io/grpc/grpc-core/1.17.1/grpc-core-1.17.1.jar:/home/user/.m2/repository/io/grpc/grpc-context/1.17.1/grpc-context-1.17.1.jar:/home/user/.m2/repository/com/google/errorprone/error_prone_annotations/2.2.0/error_prone_annotations-2.2.0.jar:/home/user/.m2/repository/org/codehaus/mojo/animal-sniffer-annotations/1.17/animal-sniffer-annotations-1.17.jar:/home/user/.m2/repository/io/opencensus/opencensus-api/0.17.0/opencensus-api-0.17.0.jar:/home/user/.m2/repository/io/opencensus/opencensus-contrib-grpc-metrics/0.17.0/opencensus-contrib-grpc-metrics-0.17.0.jar:/home/user/.m2/repository/io/netty/netty-codec-http2/4.1.30.Final/netty-codec-http2-4.1.30.Final.jar:/home/user/.m2/repository/io/netty/netty-codec-http/4.1.30.Final/netty-codec-http-4.1.30.Final.jar:/home/user/.m2/repository/io/netty/netty-codec/4.1.30.Final/netty-codec-4.1.30.Final.jar:/home/user/.m2/repository/io/netty/netty-handler/4.1.30.Final/netty-handler-4.1.30.Final.jar:/home/user/.m2/repository/io/netty/netty-handler-proxy/4.1.30.Final/netty-handler-proxy-4.1.30.Final.jar:/home/user/.m2/repository/io/netty/netty-codec-socks/4.1.30.Final/netty-codec-socks-4.1.30.Final.jar:/home/user/.m2/repository/io/netty/netty-transport-native-epoll/4.1.30.Final/netty-transport-native-epoll-4.1.30.Final.jar:/home/user/.m2/repository/io/netty/netty-common/4.1.30.Final/netty-common-4.1.30.Final.jar:/home/user/.m2/repository/io/netty/netty-buffer/4.1.30.Final/netty-buffer-4.1.30.Final.jar:/home/user/.m2/repository/io/netty/netty-transport/4.1.30.Final/netty-transport-4.1.30.Final.jar:/home/user/.m2/repository/io/netty/netty-resolver/4.1.30.Final/netty-resolver-4.1.30.Final.jar:/home/user/.m2/repository/io/netty/netty-transport-native-unix-common/4.1.30.Final/netty-transport-native-unix-common-4.1.30.Final.jar:/home/user/.m2/repository/io/grpc/grpc-protobuf/1.17.1/grpc-protobuf-1.17.1.jar:/home/user/.m2/repository/com/google/api/grpc/proto-google-common-protos/1.0.0/proto-google-common-protos-1.0.0.jar:/home/user/.m2/repository/io/grpc/grpc-protobuf-lite/1.17.1/grpc-protobuf-lite-1.17.1.jar:/home/user/.m2/repository/io/grpc/grpc-stub/1.17.1/grpc-stub-1.17.1.jar:/home/user/.m2/repository/org/apache/hadoop/hadoop-ozone-recon/0.5.0-SNAPSHOT/hadoop-ozone-recon-0.5.0-SNAPSHOT.jar:/home/user/.m2/repository/org/apache/hadoop/hadoop-ozone-reconcodegen/0.5.0-SNAPSHOT/hadoop-ozone-reconcodegen-0.5.0-SNAPSHOT.jar:/home/user/.m2/repository/com/google/inject/extensions/guice-multibindings/4.0/guice-multibindings-4.0.jar:/home/user/.m2/repository/com/google/inject/guice/4.0/guice-4.0.jar:/home/user/.m2/repository/aopalliance/aopalliance/1.0/aopalliance-1.0.jar:/home/user/.m2/repository/com/google/inject/extensions/guice-servlet/4.0/guice-servlet-4.0.jar:/home/user/.m2/repository/org/glassfish/jersey/containers/jersey-container-servlet/2.27/jersey-container-servlet-2.27.jar:/home/user/.m2/repository/org/glassfish/hk2/guice-bridge/2.5.0/guice-bridge-2.5.0.jar:/home/user/.m2/repository/org/glassfish/jersey/core/jersey-server/2.27/jersey-server-2.27.jar:/home/user/.m2/repository/org/glassfish/jersey/core/jersey-client/2.27/jersey-client-2.27.jar:/home/user/.m2/repository/org/glassfish/jersey/media/jersey-media-jaxb/2.27/jersey-media-jaxb-2.27.jar:/home/user/.m2/repository/javax/validation/validation-api/1.1.0.Final/validation-api-1.1.0.Final.jar:/home/user/.m2/repository/org/glassfish/jersey/media/jersey-media-json-jackson/2.27/jersey-media-json-jackson-2.27.jar:/home/user/.m2/repository/org/glassfish/jersey/ext/jersey-entity-filtering/2.27/jersey-entity-filtering-2.27.jar:/home/user/.m2/repository/com/google/inject/extensions/guice-assistedinject/4.0/guice-assistedinject-4.0.jar:/home/user/.m2/repository/org/jooq/jooq/3.11.10/jooq-3.11.10.jar:/home/user/.m2/repository/org/jooq/jooq-meta/3.11.10/jooq-meta-3.11.10.jar:/home/user/.m2/repository/org/jooq/jooq-codegen/3.11.10/jooq-codegen-3.11.10.jar:/home/user/.m2/repository/com/jolbox/bonecp/0.8.0.RELEASE/bonecp-0.8.0.RELEASE.jar:/home/user/.m2/repository/org/springframework/spring-jdbc/5.1.3.RELEASE/spring-jdbc-5.1.3.RELEASE.jar:/home/user/.m2/repository/org/springframework/spring-beans/5.1.3.RELEASE/spring-beans-5.1.3.RELEASE.jar:/home/user/.m2/repository/org/springframework/spring-core/5.1.3.RELEASE/spring-core-5.1.3.RELEASE.jar:/home/user/.m2/repository/org/springframework/spring-jcl/5.1.3.RELEASE/spring-jcl-5.1.3.RELEASE.jar:/home/user/.m2/repository/org/springframework/spring-tx/5.1.3.RELEASE/spring-tx-5.1.3.RELEASE.jar:/home/user/.m2/repository/org/mockito/mockito-core/2.15.0/mockito-core-2.15.0.jar:/home/user/.m2/repository/net/bytebuddy/byte-buddy/1.7.9/byte-buddy-1.7.9.jar:/home/user/.m2/repository/net/bytebuddy/byte-buddy-agent/1.7.9/byte-buddy-agent-1.7.9.jar:/home/user/.m2/repository/org/objenesis/objenesis/1.0/objenesis-1.0.jar:"/>
    <property name="java.vm.vendor" value="IcedTea"/>
    <property name="sun.arch.data.model" value="64"/>
    <property name="test.build.dir" value="/workdir/hadoop-ozone/tools/target/test-dir"/>
    <property name="test.cache.data" value=""/>
    <property name="java.vendor.url" value="https://icedtea.classpath.org"/>
    <property name="user.timezone" value=""/>
    <property name="java.vm.specification.version" value="1.8"/>
    <property name="os.name" value="Linux"/>
    <property name="test.build.data" value="/workdir/hadoop-ozone/tools/target/test-dir"/>
    <property name="user.country" value="US"/>
    <property name="sun.java.launcher" value="SUN_STANDARD"/>
    <property name="sun.boot.library.path" value="/usr/lib/jvm/java-1.8-openjdk/jre/lib/amd64"/>
    <property name="sun.java.command" value="/workdir/hadoop-ozone/tools/target/surefire/surefirebooter5996936928515888054.jar /workdir/hadoop-ozone/tools/target/surefire 2019-10-14T09-24-34_015-jvmRun1 surefire1877387863716397799tmp surefire_1148965460932147052048tmp"/>
    <property name="test" value="!TestMiniChaosOzoneCluster"/>
    <property name="surefire.test.class.path" value="/workdir/hadoop-ozone/tools/target/test-classes:/workdir/hadoop-ozone/tools/target/classes:/home/user/.m2/repository/org/apache/hadoop/hadoop-ozone-ozone-manager/0.5.0-SNAPSHOT/hadoop-ozone-ozone-manager-0.5.0-SNAPSHOT.jar:/home/user/.m2/repository/org/apache/hadoop/hadoop-hdds-docs/0.5.0-SNAPSHOT/hadoop-hdds-docs-0.5.0-SNAPSHOT.jar:/home/user/.m2/repository/org/bouncycastle/bcprov-jdk15on/1.60/bcprov-jdk15on-1.60.jar:/home/user/.m2/repository/org/apache/hadoop/hadoop-ozone-common/0.5.0-SNAPSHOT/hadoop-ozone-common-0.5.0-SNAPSHOT.jar:/home/user/.m2/repository/org/apache/commons/commons-compress/1.4.1/commons-compress-1.4.1.jar:/home/user/.m2/repository/org/tukaani/xz/1.0/xz-1.0.jar:/home/user/.m2/repository/org/apache/hadoop/hadoop-hdfs-client/3.2.0/hadoop-hdfs-client-3.2.0.jar:/home/user/.m2/repository/com/fasterxml/jackson/core/jackson-annotations/2.9.9/jackson-annotations-2.9.9.jar:/home/user/.m2/repository/org/apache/hadoop/hadoop-hdds-common/0.5.0-SNAPSHOT/hadoop-hdds-common-0.5.0-SNAPSHOT.jar:/home/user/.m2/repository/org/apache/hadoop/hadoop-hdds-config/0.5.0-SNAPSHOT/hadoop-hdds-config-0.5.0-SNAPSHOT.jar:/home/user/.m2/repository/javax/annotation/javax.annotation-api/1.2/javax.annotation-api-1.2.jar:/home/user/.m2/repository/org/apache/ratis/ratis-server/0.5.0-201fc85-SNAPSHOT/ratis-server-0.5.0-201fc85-SNAPSHOT.jar:/home/user/.m2/repository/org/apache/ratis/ratis-thirdparty-misc/0.2.0/ratis-thirdparty-misc-0.2.0.jar:/home/user/.m2/repository/org/apache/ratis/ratis-proto/0.5.0-201fc85-SNAPSHOT/ratis-proto-0.5.0-201fc85-SNAPSHOT.jar:/home/user/.m2/repository/org/apache/ratis/ratis-common/0.5.0-201fc85-SNAPSHOT/ratis-common-0.5.0-201fc85-SNAPSHOT.jar:/home/user/.m2/repository/org/apache/ratis/ratis-client/0.5.0-201fc85-SNAPSHOT/ratis-client-0.5.0-201fc85-SNAPSHOT.jar:/home/user/.m2/repository/org/apache/ratis/ratis-metrics/0.5.0-201fc85-SNAPSHOT/ratis-metrics-0.5.0-201fc85-SNAPSHOT.jar:/home/user/.m2/repository/com/github/joshelser/dropwizard-metrics-hadoop-metrics2-reporter/0.1.2/dropwizard-metrics-hadoop-metrics2-reporter-0.1.2.jar:/home/user/.m2/repository/io/dropwizard/metrics/metrics-jvm/3.2.5/metrics-jvm-3.2.5.jar:/home/user/.m2/repository/io/dropwizard/metrics/metrics-ganglia/3.2.5/metrics-ganglia-3.2.5.jar:/home/user/.m2/repository/info/ganglia/gmetric4j/gmetric4j/1.0.7/gmetric4j-1.0.7.jar:/home/user/.m2/repository/org/apache/ratis/ratis-netty/0.5.0-201fc85-SNAPSHOT/ratis-netty-0.5.0-201fc85-SNAPSHOT.jar:/home/user/.m2/repository/org/apache/ratis/ratis-grpc/0.5.0-201fc85-SNAPSHOT/ratis-grpc-0.5.0-201fc85-SNAPSHOT.jar:/home/user/.m2/repository/org/rocksdb/rocksdbjni/6.0.1/rocksdbjni-6.0.1.jar:/home/user/.m2/repository/org/apache/logging/log4j/log4j-api/2.11.0/log4j-api-2.11.0.jar:/home/user/.m2/repository/org/apache/logging/log4j/log4j-core/2.11.0/log4j-core-2.11.0.jar:/home/user/.m2/repository/com/lmax/disruptor/3.4.2/disruptor-3.4.2.jar:/home/user/.m2/repository/org/apache/commons/commons-pool2/2.6.0/commons-pool2-2.6.0.jar:/home/user/.m2/repository/org/bouncycastle/bcpkix-jdk15on/1.60/bcpkix-jdk15on-1.60.jar:/home/user/.m2/repository/commons-validator/commons-validator/1.6/commons-validator-1.6.jar:/home/user/.m2/repository/commons-digester/commons-digester/1.8.1/commons-digester-1.8.1.jar:/home/user/.m2/repository/io/jaegertracing/jaeger-client/0.34.0/jaeger-client-0.34.0.jar:/home/user/.m2/repository/io/jaegertracing/jaeger-thrift/0.34.0/jaeger-thrift-0.34.0.jar:/home/user/.m2/repository/org/apache/thrift/libthrift/0.12.0/libthrift-0.12.0.jar:/home/user/.m2/repository/com/squareup/okhttp3/okhttp/3.9.0/okhttp-3.9.0.jar:/home/user/.m2/repository/com/squareup/okio/okio/1.13.0/okio-1.13.0.jar:/home/user/.m2/repository/io/jaegertracing/jaeger-core/0.34.0/jaeger-core-0.34.0.jar:/home/user/.m2/repository/io/jaegertracing/jaeger-tracerresolver/0.34.0/jaeger-tracerresolver-0.34.0.jar:/home/user/.m2/repository/io/opentracing/contrib/opentracing-tracerresolver/0.1.5/opentracing-tracerresolver-0.1.5.jar:/home/user/.m2/repository/io/opentracing/opentracing-util/0.31.0/opentracing-util-0.31.0.jar:/home/user/.m2/repository/io/opentracing/opentracing-api/0.31.0/opentracing-api-0.31.0.jar:/home/user/.m2/repository/io/opentracing/opentracing-noop/0.31.0/opentracing-noop-0.31.0.jar:/home/user/.m2/repository/org/yaml/snakeyaml/1.16/snakeyaml-1.16.jar:/home/user/.m2/repository/org/apache/hadoop/hadoop-hdds-container-service/0.5.0-SNAPSHOT/hadoop-hdds-container-service-0.5.0-SNAPSHOT.jar:/home/user/.m2/repository/org/apache/hadoop/hadoop-hdds-client/0.5.0-SNAPSHOT/hadoop-hdds-client-0.5.0-SNAPSHOT.jar:/home/user/.m2/repository/org/apache/hadoop/hadoop-hdds-tools/0.5.0-SNAPSHOT/hadoop-hdds-tools-0.5.0-SNAPSHOT.jar:/home/user/.m2/repository/org/xerial/sqlite-jdbc/3.25.2/sqlite-jdbc-3.25.2.jar:/home/user/.m2/repository/org/apache/hadoop/hadoop-hdds-server-scm/0.5.0-SNAPSHOT/hadoop-hdds-server-scm-0.5.0-SNAPSHOT.jar:/home/user/.m2/repository/org/hamcrest/hamcrest-all/1.3/hamcrest-all-1.3.jar:/home/user/.m2/repository/info/picocli/picocli/3.9.6/picocli-3.9.6.jar:/home/user/.m2/repository/com/google/protobuf/protobuf-java/2.5.0/protobuf-java-2.5.0.jar:/home/user/.m2/repository/com/google/guava/guava/11.0.2/guava-11.0.2.jar:/home/user/.m2/repository/org/apache/hadoop/hadoop-ozone-client/0.5.0-SNAPSHOT/hadoop-ozone-client-0.5.0-SNAPSHOT.jar:/workdir/hadoop-ozone/ozonefs/target/classes:/home/user/.m2/repository/org/apache/httpcomponents/httpclient/4.5.2/httpclient-4.5.2.jar:/home/user/.m2/repository/org/apache/httpcomponents/httpcore/4.4.4/httpcore-4.4.4.jar:/home/user/.m2/repository/org/apache/hadoop/hadoop-hdds-server-framework/0.5.0-SNAPSHOT/hadoop-hdds-server-framework-0.5.0-SNAPSHOT.jar:/home/user/.m2/repository/org/apache/hadoop/hadoop-common/3.2.0/hadoop-common-3.2.0.jar:/home/user/.m2/repository/org/apache/hadoop/hadoop-annotations/3.2.0/hadoop-annotations-3.2.0.jar:/usr/lib/jvm/java-1.8-openjdk/jre/../lib/tools.jar:/home/user/.m2/repository/commons-cli/commons-cli/1.2/commons-cli-1.2.jar:/home/user/.m2/repository/org/apache/commons/commons-math3/3.1.1/commons-math3-3.1.1.jar:/home/user/.m2/repository/commons-codec/commons-codec/1.11/commons-codec-1.11.jar:/home/user/.m2/repository/commons-io/commons-io/2.5/commons-io-2.5.jar:/home/user/.m2/repository/commons-net/commons-net/3.6/commons-net-3.6.jar:/home/user/.m2/repository/commons-collections/commons-collections/3.2.2/commons-collections-3.2.2.jar:/home/user/.m2/repository/javax/servlet/javax.servlet-api/3.1.0/javax.servlet-api-3.1.0.jar:/home/user/.m2/repository/org/eclipse/jetty/jetty-server/9.3.25.v20180904/jetty-server-9.3.25.v20180904.jar:/home/user/.m2/repository/org/eclipse/jetty/jetty-http/9.3.25.v20180904/jetty-http-9.3.25.v20180904.jar:/home/user/.m2/repository/org/eclipse/jetty/jetty-io/9.3.25.v20180904/jetty-io-9.3.25.v20180904.jar:/home/user/.m2/repository/org/eclipse/jetty/jetty-util/9.3.25.v20180904/jetty-util-9.3.25.v20180904.jar:/home/user/.m2/repository/org/eclipse/jetty/jetty-servlet/9.3.25.v20180904/jetty-servlet-9.3.25.v20180904.jar:/home/user/.m2/repository/org/eclipse/jetty/jetty-security/9.3.25.v20180904/jetty-security-9.3.25.v20180904.jar:/home/user/.m2/repository/org/eclipse/jetty/jetty-webapp/9.3.25.v20180904/jetty-webapp-9.3.25.v20180904.jar:/home/user/.m2/repository/org/eclipse/jetty/jetty-xml/9.3.25.v20180904/jetty-xml-9.3.25.v20180904.jar:/home/user/.m2/repository/javax/servlet/jsp/jsp-api/2.1/jsp-api-2.1.jar:/home/user/.m2/repository/com/sun/jersey/jersey-core/1.19/jersey-core-1.19.jar:/home/user/.m2/repository/javax/ws/rs/jsr311-api/1.1.1/jsr311-api-1.1.1.jar:/home/user/.m2/repository/com/sun/jersey/jersey-servlet/1.19/jersey-servlet-1.19.jar:/home/user/.m2/repository/com/sun/jersey/jersey-json/1.19/jersey-json-1.19.jar:/home/user/.m2/repository/org/codehaus/jettison/jettison/1.1/jettison-1.1.jar:/home/user/.m2/repository/com/sun/xml/bind/jaxb-impl/2.3.0.1/jaxb-impl-2.3.0.1.jar:/home/user/.m2/repository/org/codehaus/jackson/jackson-core-asl/1.9.13/jackson-core-asl-1.9.13.jar:/home/user/.m2/repository/org/codehaus/jackson/jackson-mapper-asl/1.9.13/jackson-mapper-asl-1.9.13.jar:/home/user/.m2/repository/org/codehaus/jackson/jackson-jaxrs/1.9.13/jackson-jaxrs-1.9.13.jar:/home/user/.m2/repository/org/codehaus/jackson/jackson-xc/1.9.13/jackson-xc-1.9.13.jar:/home/user/.m2/repository/com/sun/jersey/jersey-server/1.19/jersey-server-1.19.jar:/home/user/.m2/repository/commons-logging/commons-logging/1.1.3/commons-logging-1.1.3.jar:/home/user/.m2/repository/log4j/log4j/1.2.17/log4j-1.2.17.jar:/home/user/.m2/repository/commons-beanutils/commons-beanutils/1.9.4/commons-beanutils-1.9.4.jar:/home/user/.m2/repository/org/apache/commons/commons-configuration2/2.1.1/commons-configuration2-2.1.1.jar:/home/user/.m2/repository/org/apache/commons/commons-lang3/3.7/commons-lang3-3.7.jar:/home/user/.m2/repository/org/apache/commons/commons-text/1.4/commons-text-1.4.jar:/home/user/.m2/repository/org/slf4j/slf4j-api/1.7.25/slf4j-api-1.7.25.jar:/home/user/.m2/repository/org/slf4j/slf4j-log4j12/1.7.25/slf4j-log4j12-1.7.25.jar:/home/user/.m2/repository/org/apache/avro/avro/1.7.7/avro-1.7.7.jar:/home/user/.m2/repository/com/thoughtworks/paranamer/paranamer/2.3/paranamer-2.3.jar:/home/user/.m2/repository/org/xerial/snappy/snappy-java/1.0.5/snappy-java-1.0.5.jar:/home/user/.m2/repository/com/google/re2j/re2j/1.1/re2j-1.1.jar:/home/user/.m2/repository/com/google/code/gson/gson/2.2.4/gson-2.2.4.jar:/home/user/.m2/repository/org/apache/hadoop/hadoop-auth/3.2.0/hadoop-auth-3.2.0.jar:/home/user/.m2/repository/com/nimbusds/nimbus-jose-jwt/4.41.1/nimbus-jose-jwt-4.41.1.jar:/home/user/.m2/repository/com/github/stephenc/jcip/jcip-annotations/1.0-1/jcip-annotations-1.0-1.jar:/home/user/.m2/repository/net/minidev/json-smart/2.3/json-smart-2.3.jar:/home/user/.m2/repository/net/minidev/accessors-smart/1.2/accessors-smart-1.2.jar:/home/user/.m2/repository/org/apache/curator/curator-framework/2.12.0/curator-framework-2.12.0.jar:/home/user/.m2/repository/com/jcraft/jsch/0.1.54/jsch-0.1.54.jar:/home/user/.m2/repository/org/apache/curator/curator-client/2.12.0/curator-client-2.12.0.jar:/home/user/.m2/repository/org/apache/curator/curator-recipes/2.12.0/curator-recipes-2.12.0.jar:/home/user/.m2/repository/com/google/code/findbugs/jsr305/3.0.0/jsr305-3.0.0.jar:/home/user/.m2/repository/org/apache/htrace/htrace-core4/4.1.0-incubating/htrace-core4-4.1.0-incubating.jar:/home/user/.m2/repository/org/apache/zookeeper/zookeeper/3.4.13/zookeeper-3.4.13.jar:/home/user/.m2/repository/jline/jline/0.9.94/jline-0.9.94.jar:/home/user/.m2/repository/org/apache/yetus/audience-annotations/0.5.0/audience-annotations-0.5.0.jar:/home/user/.m2/repository/org/apache/kerby/kerb-simplekdc/1.0.1/kerb-simplekdc-1.0.1.jar:/home/user/.m2/repository/org/apache/kerby/kerb-client/1.0.1/kerb-client-1.0.1.jar:/home/user/.m2/repository/org/apache/kerby/kerby-config/1.0.1/kerby-config-1.0.1.jar:/home/user/.m2/repository/org/apache/kerby/kerb-core/1.0.1/kerb-core-1.0.1.jar:/home/user/.m2/repository/org/apache/kerby/kerby-pkix/1.0.1/kerby-pkix-1.0.1.jar:/home/user/.m2/repository/org/apache/kerby/kerby-asn1/1.0.1/kerby-asn1-1.0.1.jar:/home/user/.m2/repository/org/apache/kerby/kerby-util/1.0.1/kerby-util-1.0.1.jar:/home/user/.m2/repository/org/apache/kerby/kerb-common/1.0.1/kerb-common-1.0.1.jar:/home/user/.m2/repository/org/apache/kerby/kerb-crypto/1.0.1/kerb-crypto-1.0.1.jar:/home/user/.m2/repository/org/apache/kerby/kerb-util/1.0.1/kerb-util-1.0.1.jar:/home/user/.m2/repository/org/apache/kerby/token-provider/1.0.1/token-provider-1.0.1.jar:/home/user/.m2/repository/org/apache/kerby/kerb-admin/1.0.1/kerb-admin-1.0.1.jar:/home/user/.m2/repository/org/apache/kerby/kerb-server/1.0.1/kerb-server-1.0.1.jar:/home/user/.m2/repository/org/apache/kerby/kerb-identity/1.0.1/kerb-identity-1.0.1.jar:/home/user/.m2/repository/org/apache/kerby/kerby-xdr/1.0.1/kerby-xdr-1.0.1.jar:/home/user/.m2/repository/com/fasterxml/jackson/core/jackson-databind/2.9.9/jackson-databind-2.9.9.jar:/home/user/.m2/repository/com/fasterxml/jackson/core/jackson-core/2.9.9/jackson-core-2.9.9.jar:/home/user/.m2/repository/org/codehaus/woodstox/stax2-api/3.1.4/stax2-api-3.1.4.jar:/home/user/.m2/repository/com/fasterxml/woodstox/woodstox-core/5.0.3/woodstox-core-5.0.3.jar:/home/user/.m2/repository/dnsjava/dnsjava/2.1.7/dnsjava-2.1.7.jar:/home/user/.m2/repository/org/apache/hadoop/hadoop-hdfs/3.2.0/hadoop-hdfs-3.2.0.jar:/home/user/.m2/repository/org/eclipse/jetty/jetty-util-ajax/9.3.25.v20180904/jetty-util-ajax-9.3.25.v20180904.jar:/home/user/.m2/repository/commons-daemon/commons-daemon/1.0.13/commons-daemon-1.0.13.jar:/home/user/.m2/repository/io/netty/netty/3.10.5.Final/netty-3.10.5.Final.jar:/home/user/.m2/repository/io/netty/netty-all/4.0.52.Final/netty-all-4.0.52.Final.jar:/home/user/.m2/repository/org/fusesource/leveldbjni/leveldbjni-all/1.8/leveldbjni-all-1.8.jar:/home/user/.m2/repository/com/sun/xml/bind/jaxb-core/2.3.0.1/jaxb-core-2.3.0.1.jar:/home/user/.m2/repository/javax/xml/bind/jaxb-api/2.3.0/jaxb-api-2.3.0.jar:/home/user/.m2/repository/javax/activation/activation/1.1.1/activation-1.1.1.jar:/home/user/.m2/repository/io/dropwizard/metrics/metrics-core/3.2.4/metrics-core-3.2.4.jar:/home/user/.m2/repository/org/openjdk/jmh/jmh-core/1.19/jmh-core-1.19.jar:/home/user/.m2/repository/net/sf/jopt-simple/jopt-simple/4.6/jopt-simple-4.6.jar:/home/user/.m2/repository/org/openjdk/jmh/jmh-generator-annprocess/1.19/jmh-generator-annprocess-1.19.jar:/home/user/.m2/repository/com/amazonaws/aws-java-sdk-s3/1.11.615/aws-java-sdk-s3-1.11.615.jar:/home/user/.m2/repository/com/amazonaws/aws-java-sdk-kms/1.11.615/aws-java-sdk-kms-1.11.615.jar:/home/user/.m2/repository/com/amazonaws/aws-java-sdk-core/1.11.615/aws-java-sdk-core-1.11.615.jar:/home/user/.m2/repository/software/amazon/ion/ion-java/1.0.2/ion-java-1.0.2.jar:/home/user/.m2/repository/com/fasterxml/jackson/dataformat/jackson-dataformat-cbor/2.9.9/jackson-dataformat-cbor-2.9.9.jar:/home/user/.m2/repository/joda-time/joda-time/2.9.9/joda-time-2.9.9.jar:/home/user/.m2/repository/com/amazonaws/jmespath-java/1.11.615/jmespath-java-1.11.615.jar:/home/user/.m2/repository/com/github/spotbugs/spotbugs/3.1.12/spotbugs-3.1.12.jar:/home/user/.m2/repository/org/ow2/asm/asm/5.0.4/asm-5.0.4.jar:/home/user/.m2/repository/org/ow2/asm/asm-analysis/7.0/asm-analysis-7.0.jar:/home/user/.m2/repository/org/ow2/asm/asm-commons/7.0/asm-commons-7.0.jar:/home/user/.m2/repository/org/ow2/asm/asm-tree/7.0/asm-tree-7.0.jar:/home/user/.m2/repository/org/ow2/asm/asm-util/7.0/asm-util-7.0.jar:/home/user/.m2/repository/org/apache/bcel/bcel/6.3/bcel-6.3.jar:/home/user/.m2/repository/net/jcip/jcip-annotations/1.0/jcip-annotations-1.0.jar:/home/user/.m2/repository/org/dom4j/dom4j/2.1.1/dom4j-2.1.1.jar:/home/user/.m2/repository/jaxen/jaxen/1.1.6/jaxen-1.1.6.jar:/home/user/.m2/repository/commons-lang/commons-lang/2.6/commons-lang-2.6.jar:/home/user/.m2/repository/com/github/spotbugs/spotbugs-annotations/3.1.12/spotbugs-annotations-3.1.12.jar:/home/user/.m2/repository/junit/junit/4.11/junit-4.11.jar:/home/user/.m2/repository/org/hamcrest/hamcrest-core/1.3/hamcrest-core-1.3.jar:/home/user/.m2/repository/org/apache/hadoop/hadoop-common/3.2.0/hadoop-common-3.2.0-tests.jar:/workdir/hadoop-ozone/integration-test/target/test-classes:/home/user/.m2/repository/org/apache/hadoop/hadoop-ozone-s3gateway/0.5.0-SNAPSHOT/hadoop-ozone-s3gateway-0.5.0-SNAPSHOT.jar:/home/user/.m2/repository/org/jboss/weld/servlet/weld-servlet/2.4.7.Final/weld-servlet-2.4.7.Final.jar:/home/user/.m2/repository/org/glassfish/jersey/containers/jersey-container-servlet-core/2.27/jersey-container-servlet-core-2.27.jar:/home/user/.m2/repository/org/glassfish/hk2/external/javax.inject/2.5.0-b42/javax.inject-2.5.0-b42.jar:/home/user/.m2/repository/org/glassfish/jersey/core/jersey-common/2.27/jersey-common-2.27.jar:/home/user/.m2/repository/org/glassfish/hk2/osgi-resource-locator/1.0.1/osgi-resource-locator-1.0.1.jar:/home/user/.m2/repository/javax/ws/rs/javax.ws.rs-api/2.1/javax.ws.rs-api-2.1.jar:/home/user/.m2/repository/org/glassfish/jersey/ext/cdi/jersey-cdi1x/2.27/jersey-cdi1x-2.27.jar:/home/user/.m2/repository/org/glassfish/jersey/inject/jersey-hk2/2.27/jersey-hk2-2.27.jar:/home/user/.m2/repository/org/glassfish/hk2/hk2-locator/2.5.0-b42/hk2-locator-2.5.0-b42.jar:/home/user/.m2/repository/org/javassist/javassist/3.22.0-CR2/javassist-3.22.0-CR2.jar:/home/user/.m2/repository/org/glassfish/hk2/hk2-api/2.5.0/hk2-api-2.5.0.jar:/home/user/.m2/repository/org/glassfish/hk2/external/jakarta.inject/2.5.0/jakarta.inject-2.5.0.jar:/home/user/.m2/repository/org/glassfish/hk2/hk2-utils/2.5.0/hk2-utils-2.5.0.jar:/home/user/.m2/repository/jakarta/annotation/jakarta.annotation-api/1.3.4/jakarta.annotation-api-1.3.4.jar:/home/user/.m2/repository/org/glassfish/hk2/external/aopalliance-repackaged/2.5.0/aopalliance-repackaged-2.5.0.jar:/home/user/.m2/repository/com/fasterxml/jackson/dataformat/jackson-dataformat-xml/2.9.0/jackson-dataformat-xml-2.9.0.jar:/home/user/.m2/repository/com/fasterxml/jackson/module/jackson-module-jaxb-annotations/2.9.9/jackson-module-jaxb-annotations-2.9.9.jar:/home/user/.m2/repository/javax/enterprise/cdi-api/1.2/cdi-api-1.2.jar:/home/user/.m2/repository/javax/el/javax.el-api/3.0.0/javax.el-api-3.0.0.jar:/home/user/.m2/repository/javax/interceptor/javax.interceptor-api/1.2/javax.interceptor-api-1.2.jar:/home/user/.m2/repository/javax/inject/javax.inject/1/javax.inject-1.jar:/home/user/.m2/repository/org/apache/hadoop/hadoop-ozone-csi/0.5.0-SNAPSHOT/hadoop-ozone-csi-0.5.0-SNAPSHOT.jar:/home/user/.m2/repository/com/google/protobuf/protobuf-java-util/3.5.1/protobuf-java-util-3.5.1.jar:/home/user/.m2/repository/io/grpc/grpc-netty/1.17.1/grpc-netty-1.17.1.jar:/home/user/.m2/repository/io/grpc/grpc-core/1.17.1/grpc-core-1.17.1.jar:/home/user/.m2/repository/io/grpc/grpc-context/1.17.1/grpc-context-1.17.1.jar:/home/user/.m2/repository/com/google/errorprone/error_prone_annotations/2.2.0/error_prone_annotations-2.2.0.jar:/home/user/.m2/repository/org/codehaus/mojo/animal-sniffer-annotations/1.17/animal-sniffer-annotations-1.17.jar:/home/user/.m2/repository/io/opencensus/opencensus-api/0.17.0/opencensus-api-0.17.0.jar:/home/user/.m2/repository/io/opencensus/opencensus-contrib-grpc-metrics/0.17.0/opencensus-contrib-grpc-metrics-0.17.0.jar:/home/user/.m2/repository/io/netty/netty-codec-http2/4.1.30.Final/netty-codec-http2-4.1.30.Final.jar:/home/user/.m2/repository/io/netty/netty-codec-http/4.1.30.Final/netty-codec-http-4.1.30.Final.jar:/home/user/.m2/repository/io/netty/netty-codec/4.1.30.Final/netty-codec-4.1.30.Final.jar:/home/user/.m2/repository/io/netty/netty-handler/4.1.30.Final/netty-handler-4.1.30.Final.jar:/home/user/.m2/repository/io/netty/netty-handler-proxy/4.1.30.Final/netty-handler-proxy-4.1.30.Final.jar:/home/user/.m2/repository/io/netty/netty-codec-socks/4.1.30.Final/netty-codec-socks-4.1.30.Final.jar:/home/user/.m2/repository/io/netty/netty-transport-native-epoll/4.1.30.Final/netty-transport-native-epoll-4.1.30.Final.jar:/home/user/.m2/repository/io/netty/netty-common/4.1.30.Final/netty-common-4.1.30.Final.jar:/home/user/.m2/repository/io/netty/netty-buffer/4.1.30.Final/netty-buffer-4.1.30.Final.jar:/home/user/.m2/repository/io/netty/netty-transport/4.1.30.Final/netty-transport-4.1.30.Final.jar:/home/user/.m2/repository/io/netty/netty-resolver/4.1.30.Final/netty-resolver-4.1.30.Final.jar:/home/user/.m2/repository/io/netty/netty-transport-native-unix-common/4.1.30.Final/netty-transport-native-unix-common-4.1.30.Final.jar:/home/user/.m2/repository/io/grpc/grpc-protobuf/1.17.1/grpc-protobuf-1.17.1.jar:/home/user/.m2/repository/com/google/api/grpc/proto-google-common-protos/1.0.0/proto-google-common-protos-1.0.0.jar:/home/user/.m2/repository/io/grpc/grpc-protobuf-lite/1.17.1/grpc-protobuf-lite-1.17.1.jar:/home/user/.m2/repository/io/grpc/grpc-stub/1.17.1/grpc-stub-1.17.1.jar:/home/user/.m2/repository/org/apache/hadoop/hadoop-ozone-recon/0.5.0-SNAPSHOT/hadoop-ozone-recon-0.5.0-SNAPSHOT.jar:/home/user/.m2/repository/org/apache/hadoop/hadoop-ozone-reconcodegen/0.5.0-SNAPSHOT/hadoop-ozone-reconcodegen-0.5.0-SNAPSHOT.jar:/home/user/.m2/repository/com/google/inject/extensions/guice-multibindings/4.0/guice-multibindings-4.0.jar:/home/user/.m2/repository/com/google/inject/guice/4.0/guice-4.0.jar:/home/user/.m2/repository/aopalliance/aopalliance/1.0/aopalliance-1.0.jar:/home/user/.m2/repository/com/google/inject/extensions/guice-servlet/4.0/guice-servlet-4.0.jar:/home/user/.m2/repository/org/glassfish/jersey/containers/jersey-container-servlet/2.27/jersey-container-servlet-2.27.jar:/home/user/.m2/repository/org/glassfish/hk2/guice-bridge/2.5.0/guice-bridge-2.5.0.jar:/home/user/.m2/repository/org/glassfish/jersey/core/jersey-server/2.27/jersey-server-2.27.jar:/home/user/.m2/repository/org/glassfish/jersey/core/jersey-client/2.27/jersey-client-2.27.jar:/home/user/.m2/repository/org/glassfish/jersey/media/jersey-media-jaxb/2.27/jersey-media-jaxb-2.27.jar:/home/user/.m2/repository/javax/validation/validation-api/1.1.0.Final/validation-api-1.1.0.Final.jar:/home/user/.m2/repository/org/glassfish/jersey/media/jersey-media-json-jackson/2.27/jersey-media-json-jackson-2.27.jar:/home/user/.m2/repository/org/glassfish/jersey/ext/jersey-entity-filtering/2.27/jersey-entity-filtering-2.27.jar:/home/user/.m2/repository/com/google/inject/extensions/guice-assistedinject/4.0/guice-assistedinject-4.0.jar:/home/user/.m2/repository/org/jooq/jooq/3.11.10/jooq-3.11.10.jar:/home/user/.m2/repository/org/jooq/jooq-meta/3.11.10/jooq-meta-3.11.10.jar:/home/user/.m2/repository/org/jooq/jooq-codegen/3.11.10/jooq-codegen-3.11.10.jar:/home/user/.m2/repository/com/jolbox/bonecp/0.8.0.RELEASE/bonecp-0.8.0.RELEASE.jar:/home/user/.m2/repository/org/springframework/spring-jdbc/5.1.3.RELEASE/spring-jdbc-5.1.3.RELEASE.jar:/home/user/.m2/repository/org/springframework/spring-beans/5.1.3.RELEASE/spring-beans-5.1.3.RELEASE.jar:/home/user/.m2/repository/org/springframework/spring-core/5.1.3.RELEASE/spring-core-5.1.3.RELEASE.jar:/home/user/.m2/repository/org/springframework/spring-jcl/5.1.3.RELEASE/spring-jcl-5.1.3.RELEASE.jar:/home/user/.m2/repository/org/springframework/spring-tx/5.1.3.RELEASE/spring-tx-5.1.3.RELEASE.jar:/home/user/.m2/repository/org/mockito/mockito-core/2.15.0/mockito-core-2.15.0.jar:/home/user/.m2/repository/net/bytebuddy/byte-buddy/1.7.9/byte-buddy-1.7.9.jar:/home/user/.m2/repository/net/bytebuddy/byte-buddy-agent/1.7.9/byte-buddy-agent-1.7.9.jar:/home/user/.m2/repository/org/objenesis/objenesis/1.0/objenesis-1.0.jar:"/>
    <property name="sun.cpu.endian" value="little"/>
    <property name="user.home" value="/home/user"/>
    <property name="user.language" value="en"/>
    <property name="java.specification.vendor" value="Oracle Corporation"/>
    <property name="java.home" value="/usr/lib/jvm/java-1.8-openjdk/jre"/>
    <property name="surefire.excludesFile" value="/tools/ozone-bad-unit-tests"/>
    <property name="java.security.krb5.conf" value="/workdir/hadoop-ozone/tools/target/test-classes/krb5.conf"/>
    <property name="basedir" value="/workdir/hadoop-ozone/tools"/>
    <property name="file.separator" value="/"/>
    <property name="line.separator" value="&#10;"/>
    <property name="java.vm.specification.vendor" value="Oracle Corporation"/>
    <property name="java.specification.name" value="Java Platform API Specification"/>
    <property name="java.awt.graphicsenv" value="sun.awt.X11GraphicsEnvironment"/>
    <property name="surefire.real.class.path" value="/workdir/hadoop-ozone/tools/target/surefire/surefirebooter5996936928515888054.jar"/>
    <property name="hadoop.log.dir" value="/workdir/hadoop-ozone/tools/target/log"/>
    <property name="sun.boot.class.path" value="/usr/lib/jvm/java-1.8-openjdk/jre/lib/resources.jar:/usr/lib/jvm/java-1.8-openjdk/jre/lib/rt.jar:/usr/lib/jvm/java-1.8-openjdk/jre/lib/sunrsasign.jar:/usr/lib/jvm/java-1.8-openjdk/jre/lib/jsse.jar:/usr/lib/jvm/java-1.8-openjdk/jre/lib/jce.jar:/usr/lib/jvm/java-1.8-openjdk/jre/lib/charsets.jar:/usr/lib/jvm/java-1.8-openjdk/jre/lib/jfr.jar:/usr/lib/jvm/java-1.8-openjdk/jre/classes"/>
    <property name="sun.management.compiler" value="HotSpot 64-Bit Tiered Compilers"/>
    <property name="java.runtime.version" value="1.8.0_212-b04"/>
    <property name="java.net.preferIPv4Stack" value="true"/>
    <property name="user.name" value="jenkins1000"/>
    <property name="path.separator" value=":"/>
    <property name="java.security.egd" value="file:///dev/urandom"/>
    <property name="os.version" value="3.10.0-957.12.2.el7.x86_64"/>
    <property name="java.endorsed.dirs" value="/usr/lib/jvm/java-1.8-openjdk/jre/lib/endorsed"/>
    <property name="java.runtime.name" value="OpenJDK Runtime Environment"/>
    <property name="file.encoding" value="UTF-8"/>
    <property name="java.vm.name" value="OpenJDK 64-Bit Server VM"/>
    <property name="test.build.webapps" value=""/>
    <property name="localRepository" value="/home/user/.m2/repository"/>
    <property name="java.vendor.url.bug" value="https://icedtea.classpath.org/bugzilla"/>
    <property name="java.io.tmpdir" value="/tmp"/>
    <property name="require.test.libhadoop" value=""/>
    <property name="java.version" value="1.8.0_212"/>
    <property name="user.dir" value="/workdir/hadoop-ozone/tools"/>
    <property name="os.arch" value="amd64"/>
    <property name="java.vm.specification.name" value="Java Virtual Machine Specification"/>
    <property name="test.build.classes" value="/workdir/hadoop-ozone/tools/target/test-classes"/>
    <property name="java.awt.printerjob" value="sun.print.PSPrinterJob"/>
    <property name="sun.os.patch.level" value="unknown"/>
    <property name="hadoop.tmp.dir" value="/workdir/hadoop-ozone/tools/target/tmp"/>
    <property name="java.library.path" value="/usr/lib/jvm/java-1.8-openjdk/jre/lib/amd64/server:/usr/lib/jvm/java-1.8-openjdk/jre/lib/amd64:/usr/lib/jvm/java-1.8-openjdk/jre/../lib/amd64:/workdir/hadoop-ozone/tools/target/native/target/usr/local/lib:/workdir/hadoop-ozone/tools/../../hadoop-common-project/hadoop-common/target/native/target/usr/local/lib:/usr/java/packages/lib/amd64:/usr/lib64:/lib64:/lib:/usr/lib"/>
    <property name="java.vm.info" value="mixed mode"/>
    <property name="java.vendor" value="IcedTea"/>
    <property name="java.vm.version" value="25.212-b04"/>
    <property name="java.ext.dirs" value="/usr/lib/jvm/java-1.8-openjdk/jre/lib/ext:/usr/java/packages/lib/ext"/>
    <property name="sun.io.unicode.encoding" value="UnicodeLittle"/>
    <property name="java.class.version" value="52.0"/>
  </properties>
  <testcase name="ratisTest3" classname="org.apache.hadoop.ozone.freon.TestRandomKeyGenerator" time="20.559"/>
  <testcase name="testThreadPoolSize" classname="org.apache.hadoop.ozone.freon.TestRandomKeyGenerator" time="5.039"/>
  <testcase name="defaultTest" classname="org.apache.hadoop.ozone.freon.TestRandomKeyGenerator" time="10.022"/>
  <testcase name="bigFileThan2GB" classname="org.apache.hadoop.ozone.freon.TestRandomKeyGenerator" time="182.734"/>
  <testcase name="fileWithSizeZero" classname="org.apache.hadoop.ozone.freon.TestRandomKeyGenerator" time="5.043"/>
  <testcase name="multiThread" classname="org.apache.hadoop.ozone.freon.TestRandomKeyGenerator" time="43.054">
    <error message="Allocated 0 blocks. Requested 1 blocks" type="INTERNAL_ERROR org.apache.hadoop.ozone.om.exceptions.OMException">INTERNAL_ERROR org.apache.hadoop.ozone.om.exceptions.OMException: Allocated 0 blocks. Requested 1 blocks
	at org.apache.hadoop.ozone.om.protocolPB.OzoneManagerProtocolClientSideTranslatorPB.handleError(OzoneManagerProtocolClientSideTranslatorPB.java:732)
	at org.apache.hadoop.ozone.om.protocolPB.OzoneManagerProtocolClientSideTranslatorPB.allocateBlock(OzoneManagerProtocolClientSideTranslatorPB.java:764)
	at sun.reflect.GeneratedMethodAccessor521.invoke(Unknown Source)
	at sun.reflect.DelegatingMethodAccessorImpl.invoke(DelegatingMethodAccessorImpl.java:43)
	at java.lang.reflect.Method.invoke(Method.java:498)
	at org.apache.hadoop.hdds.tracing.TraceAllMethod.invoke(TraceAllMethod.java:66)
	at com.sun.proxy.$Proxy37.allocateBlock(Unknown Source)
	at org.apache.hadoop.ozone.client.io.BlockOutputStreamEntryPool.allocateNewBlock(BlockOutputStreamEntryPool.java:258)
	at org.apache.hadoop.ozone.client.io.BlockOutputStreamEntryPool.allocateBlockIfNeeded(BlockOutputStreamEntryPool.java:306)
	at org.apache.hadoop.ozone.client.io.KeyOutputStream.handleWrite(KeyOutputStream.java:198)
	at org.apache.hadoop.ozone.client.io.KeyOutputStream.handleRetry(KeyOutputStream.java:375)
	at org.apache.hadoop.ozone.client.io.KeyOutputStream.handleException(KeyOutputStream.java:324)
	at org.apache.hadoop.ozone.client.io.KeyOutputStream.handleFlushOrClose(KeyOutputStream.java:449)
	at org.apache.hadoop.ozone.client.io.KeyOutputStream.close(KeyOutputStream.java:473)
	at org.apache.hadoop.ozone.client.io.OzoneOutputStream.close(OzoneOutputStream.java:60)
	at org.apache.hadoop.ozone.freon.RandomKeyGenerator.createKey(RandomKeyGenerator.java:710)
	at org.apache.hadoop.ozone.freon.RandomKeyGenerator.access$1100(RandomKeyGenerator.java:88)
	at org.apache.hadoop.ozone.freon.RandomKeyGenerator$ObjectCreator.run(RandomKeyGenerator.java:615)
	at java.util.concurrent.Executors$RunnableAdapter.call(Executors.java:511)
	at java.util.concurrent.FutureTask.run(FutureTask.java:266)
	at java.util.concurrent.ThreadPoolExecutor.runWorker(ThreadPoolExecutor.java:1149)
	at java.util.concurrent.ThreadPoolExecutor$Worker.run(ThreadPoolExecutor.java:624)
	at java.lang.Thread.run(Thread.java:748)
</error>
    <system-out><![CDATA[2019-10-14 11:31:55,641 [main] INFO  freon.RandomKeyGenerator (RandomKeyGenerator.java:call(283)) - Number of Threads: 10
2019-10-14 11:31:55,641 [main] INFO  freon.RandomKeyGenerator (RandomKeyGenerator.java:call(288)) - Number of Volumes: 10.
2019-10-14 11:31:55,641 [main] INFO  freon.RandomKeyGenerator (RandomKeyGenerator.java:call(289)) - Number of Buckets per Volume: 1.
2019-10-14 11:31:55,642 [main] INFO  freon.RandomKeyGenerator (RandomKeyGenerator.java:call(290)) - Number of Keys per Bucket: 10.
2019-10-14 11:31:55,642 [main] INFO  freon.RandomKeyGenerator (RandomKeyGenerator.java:call(291)) - Key size: 10240 bytes
2019-10-14 11:31:55,642 [main] INFO  freon.RandomKeyGenerator (RandomKeyGenerator.java:call(292)) - Buffer size: 4096 bytes
2019-10-14 11:31:55,642 [main] INFO  freon.RandomKeyGenerator (RandomKeyGenerator.java:call(293)) - validateWrites : false
2019-10-14 11:31:55,644 [main] INFO  freon.RandomKeyGenerator (RandomKeyGenerator.java:call(313)) - Starting progress bar Thread.

 0.00% |█                                                                                                    |  0/100 Time: 0:00:002019-10-14 11:31:55,644 [pool-792-thread-3] INFO  rpc.RpcClient (RpcClient.java:createVolume(272)) - Creating Volume: vol-2-54510, with jenkins1000 as owner.
2019-10-14 11:31:55,645 [pool-792-thread-1] INFO  rpc.RpcClient (RpcClient.java:createVolume(272)) - Creating Volume: vol-0-58785, with jenkins1000 as owner.
2019-10-14 11:31:55,644 [pool-792-thread-7] INFO  rpc.RpcClient (RpcClient.java:createVolume(272)) - Creating Volume: vol-6-08751, with jenkins1000 as owner.
2019-10-14 11:31:55,644 [pool-792-thread-5] INFO  rpc.RpcClient (RpcClient.java:createVolume(272)) - Creating Volume: vol-4-72758, with jenkins1000 as owner.
2019-10-14 11:31:55,644 [pool-792-thread-9] INFO  rpc.RpcClient (RpcClient.java:createVolume(272)) - Creating Volume: vol-8-68207, with jenkins1000 as owner.
2019-10-14 11:31:55,645 [pool-792-thread-6] INFO  rpc.RpcClient (RpcClient.java:createVolume(272)) - Creating Volume: vol-5-23382, with jenkins1000 as owner.
2019-10-14 11:31:55,645 [pool-792-thread-8] INFO  rpc.RpcClient (RpcClient.java:createVolume(272)) - Creating Volume: vol-7-66689, with jenkins1000 as owner.
2019-10-14 11:31:55,645 [pool-792-thread-2] INFO  rpc.RpcClient (RpcClient.java:createVolume(272)) - Creating Volume: vol-1-59703, with jenkins1000 as owner.
2019-10-14 11:31:55,645 [pool-792-thread-10] INFO  rpc.RpcClient (RpcClient.java:createVolume(272)) - Creating Volume: vol-9-21687, with jenkins1000 as owner.
2019-10-14 11:31:55,645 [pool-792-thread-4] INFO  rpc.RpcClient (RpcClient.java:createVolume(272)) - Creating Volume: vol-3-19321, with jenkins1000 as owner.
2019-10-14 11:31:55,653 [IPC Server handler 16 on 34638] INFO  volume.OMVolumeCreateRequest (OMVolumeCreateRequest.java:validateAndUpdateCache(193)) - created volume:vol-1-59703 for user:jenkins1000
2019-10-14 11:31:55,653 [IPC Server handler 19 on 34638] INFO  volume.OMVolumeCreateRequest (OMVolumeCreateRequest.java:validateAndUpdateCache(193)) - created volume:vol-0-58785 for user:jenkins1000
2019-10-14 11:31:55,653 [IPC Server handler 4 on 34638] INFO  volume.OMVolumeCreateRequest (OMVolumeCreateRequest.java:validateAndUpdateCache(193)) - created volume:vol-7-66689 for user:jenkins1000
2019-10-14 11:31:55,653 [IPC Server handler 18 on 34638] INFO  volume.OMVolumeCreateRequest (OMVolumeCreateRequest.java:validateAndUpdateCache(193)) - created volume:vol-9-21687 for user:jenkins1000
2019-10-14 11:31:55,653 [IPC Server handler 3 on 34638] INFO  volume.OMVolumeCreateRequest (OMVolumeCreateRequest.java:validateAndUpdateCache(193)) - created volume:vol-6-08751 for user:jenkins1000
2019-10-14 11:31:55,654 [IPC Server handler 17 on 34638] INFO  volume.OMVolumeCreateRequest (OMVolumeCreateRequest.java:validateAndUpdateCache(193)) - created volume:vol-8-68207 for user:jenkins1000
2019-10-14 11:31:55,654 [IPC Server handler 5 on 34638] INFO  volume.OMVolumeCreateRequest (OMVolumeCreateRequest.java:validateAndUpdateCache(193)) - created volume:vol-4-72758 for user:jenkins1000
2019-10-14 11:31:55,654 [IPC Server handler 8 on 34638] INFO  volume.OMVolumeCreateRequest (OMVolumeCreateRequest.java:validateAndUpdateCache(193)) - created volume:vol-3-19321 for user:jenkins1000
2019-10-14 11:31:55,654 [IPC Server handler 0 on 34638] INFO  volume.OMVolumeCreateRequest (OMVolumeCreateRequest.java:validateAndUpdateCache(193)) - created volume:vol-2-54510 for user:jenkins1000
2019-10-14 11:31:55,654 [IPC Server handler 2 on 34638] INFO  volume.OMVolumeCreateRequest (OMVolumeCreateRequest.java:validateAndUpdateCache(193)) - created volume:vol-5-23382 for user:jenkins1000
2019-10-14 11:31:55,658 [pool-792-thread-3] INFO  rpc.RpcClient (RpcClient.java:createBucket(411)) - Creating Bucket: vol-2-54510/bucket-0-59505, with Versioning false and Storage Type set to DISK and Encryption set to false 
2019-10-14 11:31:55,659 [pool-792-thread-4] INFO  rpc.RpcClient (RpcClient.java:createBucket(411)) - Creating Bucket: vol-3-19321/bucket-0-34579, with Versioning false and Storage Type set to DISK and Encryption set to false 
2019-10-14 11:31:55,659 [pool-792-thread-10] INFO  rpc.RpcClient (RpcClient.java:createBucket(411)) - Creating Bucket: vol-4-72758/bucket-0-06673, with Versioning false and Storage Type set to DISK and Encryption set to false 
2019-10-14 11:31:55,659 [pool-792-thread-6] INFO  rpc.RpcClient (RpcClient.java:createBucket(411)) - Creating Bucket: vol-8-68207/bucket-0-56882, with Versioning false and Storage Type set to DISK and Encryption set to false 
2019-10-14 11:31:55,659 [pool-792-thread-2] INFO  rpc.RpcClient (RpcClient.java:createBucket(411)) - Creating Bucket: vol-9-21687/bucket-0-54619, with Versioning false and Storage Type set to DISK and Encryption set to false 
2019-10-14 11:31:55,659 [pool-792-thread-9] INFO  rpc.RpcClient (RpcClient.java:createBucket(411)) - Creating Bucket: vol-7-66689/bucket-0-56714, with Versioning false and Storage Type set to DISK and Encryption set to false 
2019-10-14 11:31:55,659 [pool-792-thread-1] INFO  rpc.RpcClient (RpcClient.java:createBucket(411)) - Creating Bucket: vol-6-08751/bucket-0-90353, with Versioning false and Storage Type set to DISK and Encryption set to false 
2019-10-14 11:31:55,668 [pool-792-thread-5] INFO  rpc.RpcClient (RpcClient.java:createBucket(411)) - Creating Bucket: vol-0-58785/bucket-0-73195, with Versioning false and Storage Type set to DISK and Encryption set to false 
2019-10-14 11:31:55,678 [pool-792-thread-8] INFO  rpc.RpcClient (RpcClient.java:createBucket(411)) - Creating Bucket: vol-5-23382/bucket-0-97051, with Versioning false and Storage Type set to DISK and Encryption set to false 
2019-10-14 11:31:55,668 [pool-792-thread-7] INFO  rpc.RpcClient (RpcClient.java:createBucket(411)) - Creating Bucket: vol-1-59703/bucket-0-74287, with Versioning false and Storage Type set to DISK and Encryption set to false 
 0.00% |█                                                                                                    |  0/100 Time: 0:00:01 0.00% |█                                                                                                    |  0/100 Time: 0:00:02 0.00% |█                                                                                                    |  0/100 Time: 0:00:032019-10-14 11:31:59,149 [java.util.concurrent.ThreadPoolExecutor$Worker@401d4ecf[State = -1, empty queue]] WARN  server.GrpcLogAppender (GrpcLogAppender.java:timeoutAppendRequest(200)) - 80f314e5-897c-47a9-97da-b334286c4d7b@group-4185A63DC881->3a98185c-0216-4d9f-b193-b5f9d6cb9681-GrpcLogAppender: appendEntries Timeout, request=80f314e5-897c-47a9-97da-b334286c4d7b->3a98185c-0216-4d9f-b193-b5f9d6cb9681#8777-t2, previous=(t:2, i:8744), leaderCommit=8743, initializing? false, entries: size=1, first=(t:2, i:8745), STATEMACHINELOGENTRY, client-16D1BEF3E37F, cid=5718
2019-10-14 11:31:59,149 [java.util.concurrent.ThreadPoolExecutor$Worker@24b44192[State = -1, empty queue]] WARN  server.GrpcLogAppender (GrpcLogAppender.java:timeoutAppendRequest(200)) - 80f314e5-897c-47a9-97da-b334286c4d7b@group-4185A63DC881->695f5b12-785d-4bb9-81e1-a9c400a6ed08-GrpcLogAppender: appendEntries Timeout, request=80f314e5-897c-47a9-97da-b334286c4d7b->695f5b12-785d-4bb9-81e1-a9c400a6ed08#8777-t2, previous=(t:2, i:8744), leaderCommit=8743, initializing? false, entries: size=1, first=(t:2, i:8745), STATEMACHINELOGENTRY, client-16D1BEF3E37F, cid=5718
2019-10-14 11:31:59,149 [java.util.concurrent.ThreadPoolExecutor$Worker@401d4ecf[State = -1, empty queue]] WARN  server.GrpcLogAppender (GrpcLogAppender.java:timeoutAppendRequest(200)) - 80f314e5-897c-47a9-97da-b334286c4d7b@group-4185A63DC881->3a98185c-0216-4d9f-b193-b5f9d6cb9681-GrpcLogAppender: appendEntries Timeout, request=80f314e5-897c-47a9-97da-b334286c4d7b->3a98185c-0216-4d9f-b193-b5f9d6cb9681#8778-t2, previous=(t:2, i:8745), leaderCommit=8743, initializing? false, entries: size=1, first=(t:2, i:8746), STATEMACHINELOGENTRY, client-16D1BEF3E37F, cid=5719
2019-10-14 11:31:59,153 [java.util.concurrent.ThreadPoolExecutor$Worker@24b44192[State = -1, empty queue]] WARN  server.GrpcLogAppender (GrpcLogAppender.java:timeoutAppendRequest(200)) - 80f314e5-897c-47a9-97da-b334286c4d7b@group-4185A63DC881->695f5b12-785d-4bb9-81e1-a9c400a6ed08-GrpcLogAppender: appendEntries Timeout, request=80f314e5-897c-47a9-97da-b334286c4d7b->695f5b12-785d-4bb9-81e1-a9c400a6ed08#8778-t2, previous=(t:2, i:8745), leaderCommit=8743, initializing? false, entries: size=1, first=(t:2, i:8746), STATEMACHINELOGENTRY, client-16D1BEF3E37F, cid=5719
2019-10-14 11:31:59,154 [java.util.concurrent.ThreadPoolExecutor$Worker@401d4ecf[State = -1, empty queue]] WARN  server.GrpcLogAppender (GrpcLogAppender.java:timeoutAppendRequest(200)) - 80f314e5-897c-47a9-97da-b334286c4d7b@group-4185A63DC881->3a98185c-0216-4d9f-b193-b5f9d6cb9681-GrpcLogAppender: appendEntries Timeout, request=80f314e5-897c-47a9-97da-b334286c4d7b->3a98185c-0216-4d9f-b193-b5f9d6cb9681#8779-t2, previous=(t:2, i:8746), leaderCommit=8743, initializing? false, entries: size=1, first=(t:2, i:8747), STATEMACHINELOGENTRY, client-16D1BEF3E37F, cid=5720
2019-10-14 11:31:59,155 [java.util.concurrent.ThreadPoolExecutor$Worker@24b44192[State = -1, empty queue]] WARN  server.GrpcLogAppender (GrpcLogAppender.java:timeoutAppendRequest(200)) - 80f314e5-897c-47a9-97da-b334286c4d7b@group-4185A63DC881->695f5b12-785d-4bb9-81e1-a9c400a6ed08-GrpcLogAppender: appendEntries Timeout, request=80f314e5-897c-47a9-97da-b334286c4d7b->695f5b12-785d-4bb9-81e1-a9c400a6ed08#8779-t2, previous=(t:2, i:8746), leaderCommit=8743, initializing? false, entries: size=1, first=(t:2, i:8747), STATEMACHINELOGENTRY, client-16D1BEF3E37F, cid=5720
2019-10-14 11:31:59,157 [java.util.concurrent.ThreadPoolExecutor$Worker@401d4ecf[State = -1, empty queue]] WARN  server.GrpcLogAppender (GrpcLogAppender.java:timeoutAppendRequest(200)) - 80f314e5-897c-47a9-97da-b334286c4d7b@group-4185A63DC881->3a98185c-0216-4d9f-b193-b5f9d6cb9681-GrpcLogAppender: appendEntries Timeout, request=80f314e5-897c-47a9-97da-b334286c4d7b->3a98185c-0216-4d9f-b193-b5f9d6cb9681#8780-t2, previous=(t:2, i:8747), leaderCommit=8743, initializing? false, entries: size=1, first=(t:2, i:8748), STATEMACHINELOGENTRY, client-16D1BEF3E37F, cid=5721
2019-10-14 11:31:59,164 [java.util.concurrent.ThreadPoolExecutor$Worker@24b44192[State = -1, empty queue]] WARN  server.GrpcLogAppender (GrpcLogAppender.java:timeoutAppendRequest(200)) - 80f314e5-897c-47a9-97da-b334286c4d7b@group-4185A63DC881->695f5b12-785d-4bb9-81e1-a9c400a6ed08-GrpcLogAppender: appendEntries Timeout, request=80f314e5-897c-47a9-97da-b334286c4d7b->695f5b12-785d-4bb9-81e1-a9c400a6ed08#8780-t2, previous=(t:2, i:8747), leaderCommit=8743, initializing? false, entries: size=1, first=(t:2, i:8748), STATEMACHINELOGENTRY, client-16D1BEF3E37F, cid=5721
2019-10-14 11:31:59,166 [java.util.concurrent.ThreadPoolExecutor$Worker@401d4ecf[State = -1, empty queue]] WARN  server.GrpcLogAppender (GrpcLogAppender.java:timeoutAppendRequest(200)) - 80f314e5-897c-47a9-97da-b334286c4d7b@group-4185A63DC881->3a98185c-0216-4d9f-b193-b5f9d6cb9681-GrpcLogAppender: appendEntries Timeout, request=80f314e5-897c-47a9-97da-b334286c4d7b->3a98185c-0216-4d9f-b193-b5f9d6cb9681#8781-t2, previous=(t:2, i:8748), leaderCommit=8743, initializing? false, entries: size=1, first=(t:2, i:8749), STATEMACHINELOGENTRY, client-16D1BEF3E37F, cid=5722
2019-10-14 11:31:59,168 [java.util.concurrent.ThreadPoolExecutor$Worker@24b44192[State = -1, empty queue]] WARN  server.GrpcLogAppender (GrpcLogAppender.java:timeoutAppendRequest(200)) - 80f314e5-897c-47a9-97da-b334286c4d7b@group-4185A63DC881->695f5b12-785d-4bb9-81e1-a9c400a6ed08-GrpcLogAppender: appendEntries Timeout, request=80f314e5-897c-47a9-97da-b334286c4d7b->695f5b12-785d-4bb9-81e1-a9c400a6ed08#8781-t2, previous=(t:2, i:8748), leaderCommit=8743, initializing? false, entries: size=1, first=(t:2, i:8749), STATEMACHINELOGENTRY, client-16D1BEF3E37F, cid=5722
2019-10-14 11:31:59,169 [java.util.concurrent.ThreadPoolExecutor$Worker@401d4ecf[State = -1, empty queue]] WARN  server.GrpcLogAppender (GrpcLogAppender.java:timeoutAppendRequest(200)) - 80f314e5-897c-47a9-97da-b334286c4d7b@group-4185A63DC881->3a98185c-0216-4d9f-b193-b5f9d6cb9681-GrpcLogAppender: appendEntries Timeout, request=80f314e5-897c-47a9-97da-b334286c4d7b->3a98185c-0216-4d9f-b193-b5f9d6cb9681#8782-t2, previous=(t:2, i:8749), leaderCommit=8743, initializing? false, entries: size=1, first=(t:2, i:8750), STATEMACHINELOGENTRY, client-16D1BEF3E37F, cid=5723
2019-10-14 11:31:59,170 [java.util.concurrent.ThreadPoolExecutor$Worker@24b44192[State = -1, empty queue]] WARN  server.GrpcLogAppender (GrpcLogAppender.java:timeoutAppendRequest(200)) - 80f314e5-897c-47a9-97da-b334286c4d7b@group-4185A63DC881->695f5b12-785d-4bb9-81e1-a9c400a6ed08-GrpcLogAppender: appendEntries Timeout, request=80f314e5-897c-47a9-97da-b334286c4d7b->695f5b12-785d-4bb9-81e1-a9c400a6ed08#8782-t2, previous=(t:2, i:8749), leaderCommit=8743, initializing? false, entries: size=1, first=(t:2, i:8750), STATEMACHINELOGENTRY, client-16D1BEF3E37F, cid=5723
2019-10-14 11:31:59,171 [java.util.concurrent.ThreadPoolExecutor$Worker@401d4ecf[State = -1, empty queue]] WARN  server.GrpcLogAppender (GrpcLogAppender.java:timeoutAppendRequest(200)) - 80f314e5-897c-47a9-97da-b334286c4d7b@group-4185A63DC881->3a98185c-0216-4d9f-b193-b5f9d6cb9681-GrpcLogAppender: appendEntries Timeout, request=80f314e5-897c-47a9-97da-b334286c4d7b->3a98185c-0216-4d9f-b193-b5f9d6cb9681#8783-t2, previous=(t:2, i:8750), leaderCommit=8743, initializing? false, entries: size=1, first=(t:2, i:8751), STATEMACHINELOGENTRY, client-16D1BEF3E37F, cid=5724
2019-10-14 11:31:59,172 [java.util.concurrent.ThreadPoolExecutor$Worker@24b44192[State = -1, empty queue]] WARN  server.GrpcLogAppender (GrpcLogAppender.java:timeoutAppendRequest(200)) - 80f314e5-897c-47a9-97da-b334286c4d7b@group-4185A63DC881->695f5b12-785d-4bb9-81e1-a9c400a6ed08-GrpcLogAppender: appendEntries Timeout, request=80f314e5-897c-47a9-97da-b334286c4d7b->695f5b12-785d-4bb9-81e1-a9c400a6ed08#8783-t2, previous=(t:2, i:8750), leaderCommit=8743, initializing? false, entries: size=1, first=(t:2, i:8751), STATEMACHINELOGENTRY, client-16D1BEF3E37F, cid=5724
2019-10-14 11:31:59,173 [java.util.concurrent.ThreadPoolExecutor$Worker@401d4ecf[State = -1, empty queue]] WARN  server.GrpcLogAppender (GrpcLogAppender.java:timeoutAppendRequest(200)) - 80f314e5-897c-47a9-97da-b334286c4d7b@group-4185A63DC881->3a98185c-0216-4d9f-b193-b5f9d6cb9681-GrpcLogAppender: appendEntries Timeout, request=80f314e5-897c-47a9-97da-b334286c4d7b->3a98185c-0216-4d9f-b193-b5f9d6cb9681#8784-t2, previous=(t:2, i:8751), leaderCommit=8743, initializing? false, entries: size=1, first=(t:2, i:8752), STATEMACHINELOGENTRY, client-16D1BEF3E37F, cid=5725
2019-10-14 11:31:59,174 [java.util.concurrent.ThreadPoolExecutor$Worker@24b44192[State = -1, empty queue]] WARN  server.GrpcLogAppender (GrpcLogAppender.java:timeoutAppendRequest(200)) - 80f314e5-897c-47a9-97da-b334286c4d7b@group-4185A63DC881->695f5b12-785d-4bb9-81e1-a9c400a6ed08-GrpcLogAppender: appendEntries Timeout, request=80f314e5-897c-47a9-97da-b334286c4d7b->695f5b12-785d-4bb9-81e1-a9c400a6ed08#8784-t2, previous=(t:2, i:8751), leaderCommit=8743, initializing? false, entries: size=1, first=(t:2, i:8752), STATEMACHINELOGENTRY, client-16D1BEF3E37F, cid=5725
2019-10-14 11:31:59,175 [java.util.concurrent.ThreadPoolExecutor$Worker@401d4ecf[State = -1, empty queue]] WARN  server.GrpcLogAppender (GrpcLogAppender.java:timeoutAppendRequest(200)) - 80f314e5-897c-47a9-97da-b334286c4d7b@group-4185A63DC881->3a98185c-0216-4d9f-b193-b5f9d6cb9681-GrpcLogAppender: appendEntries Timeout, request=80f314e5-897c-47a9-97da-b334286c4d7b->3a98185c-0216-4d9f-b193-b5f9d6cb9681#8785-t2, previous=(t:2, i:8752), leaderCommit=8743, initializing? false, entries: size=1, first=(t:2, i:8753), STATEMACHINELOGENTRY, client-16D1BEF3E37F, cid=5726
2019-10-14 11:31:59,175 [java.util.concurrent.ThreadPoolExecutor$Worker@24b44192[State = -1, empty queue]] WARN  server.GrpcLogAppender (GrpcLogAppender.java:timeoutAppendRequest(200)) - 80f314e5-897c-47a9-97da-b334286c4d7b@group-4185A63DC881->695f5b12-785d-4bb9-81e1-a9c400a6ed08-GrpcLogAppender: appendEntries Timeout, request=80f314e5-897c-47a9-97da-b334286c4d7b->695f5b12-785d-4bb9-81e1-a9c400a6ed08#8785-t2, previous=(t:2, i:8752), leaderCommit=8743, initializing? false, entries: size=1, first=(t:2, i:8753), STATEMACHINELOGENTRY, client-16D1BEF3E37F, cid=5726
2019-10-14 11:31:59,177 [java.util.concurrent.ThreadPoolExecutor$Worker@401d4ecf[State = -1, empty queue]] WARN  server.GrpcLogAppender (GrpcLogAppender.java:timeoutAppendRequest(200)) - 80f314e5-897c-47a9-97da-b334286c4d7b@group-4185A63DC881->3a98185c-0216-4d9f-b193-b5f9d6cb9681-GrpcLogAppender: appendEntries Timeout, request=80f314e5-897c-47a9-97da-b334286c4d7b->3a98185c-0216-4d9f-b193-b5f9d6cb9681#8786-t2, previous=(t:2, i:8753), leaderCommit=8743, initializing? false, entries: size=1, first=(t:2, i:8754), STATEMACHINELOGENTRY, client-16D1BEF3E37F, cid=5727
2019-10-14 11:31:59,185 [java.util.concurrent.ThreadPoolExecutor$Worker@24b44192[State = -1, empty queue]] WARN  server.GrpcLogAppender (GrpcLogAppender.java:timeoutAppendRequest(200)) - 80f314e5-897c-47a9-97da-b334286c4d7b@group-4185A63DC881->695f5b12-785d-4bb9-81e1-a9c400a6ed08-GrpcLogAppender: appendEntries Timeout, request=80f314e5-897c-47a9-97da-b334286c4d7b->695f5b12-785d-4bb9-81e1-a9c400a6ed08#8786-t2, previous=(t:2, i:8753), leaderCommit=8743, initializing? false, entries: size=1, first=(t:2, i:8754), STATEMACHINELOGENTRY, client-16D1BEF3E37F, cid=5727
2019-10-14 11:31:59,186 [java.util.concurrent.ThreadPoolExecutor$Worker@401d4ecf[State = -1, empty queue]] WARN  server.GrpcLogAppender (GrpcLogAppender.java:timeoutAppendRequest(200)) - 80f314e5-897c-47a9-97da-b334286c4d7b@group-4185A63DC881->3a98185c-0216-4d9f-b193-b5f9d6cb9681-GrpcLogAppender: appendEntries Timeout, request=80f314e5-897c-47a9-97da-b334286c4d7b->3a98185c-0216-4d9f-b193-b5f9d6cb9681#8787-t2, previous=(t:2, i:8754), leaderCommit=8743, initializing? false, entries: size=1, first=(t:2, i:8755), STATEMACHINELOGENTRY, client-16D1BEF3E37F, cid=5728
2019-10-14 11:31:59,187 [java.util.concurrent.ThreadPoolExecutor$Worker@24b44192[State = -1, empty queue]] WARN  server.GrpcLogAppender (GrpcLogAppender.java:timeoutAppendRequest(200)) - 80f314e5-897c-47a9-97da-b334286c4d7b@group-4185A63DC881->695f5b12-785d-4bb9-81e1-a9c400a6ed08-GrpcLogAppender: appendEntries Timeout, request=80f314e5-897c-47a9-97da-b334286c4d7b->695f5b12-785d-4bb9-81e1-a9c400a6ed08#8787-t2, previous=(t:2, i:8754), leaderCommit=8743, initializing? false, entries: size=1, first=(t:2, i:8755), STATEMACHINELOGENTRY, client-16D1BEF3E37F, cid=5728
2019-10-14 11:31:59,188 [java.util.concurrent.ThreadPoolExecutor$Worker@401d4ecf[State = -1, empty queue]] WARN  server.GrpcLogAppender (GrpcLogAppender.java:timeoutAppendRequest(200)) - 80f314e5-897c-47a9-97da-b334286c4d7b@group-4185A63DC881->3a98185c-0216-4d9f-b193-b5f9d6cb9681-GrpcLogAppender: appendEntries Timeout, request=80f314e5-897c-47a9-97da-b334286c4d7b->3a98185c-0216-4d9f-b193-b5f9d6cb9681#8788-t2, previous=(t:2, i:8755), leaderCommit=8743, initializing? false, entries: size=1, first=(t:2, i:8756), STATEMACHINELOGENTRY, client-16D1BEF3E37F, cid=5729
2019-10-14 11:31:59,190 [java.util.concurrent.ThreadPoolExecutor$Worker@401d4ecf[State = -1, empty queue]] WARN  server.GrpcLogAppender (GrpcLogAppender.java:timeoutAppendRequest(200)) - 80f314e5-897c-47a9-97da-b334286c4d7b@group-4185A63DC881->3a98185c-0216-4d9f-b193-b5f9d6cb9681-GrpcLogAppender: appendEntries Timeout, request=80f314e5-897c-47a9-97da-b334286c4d7b->3a98185c-0216-4d9f-b193-b5f9d6cb9681#8789-t2, previous=(t:2, i:8756), leaderCommit=8743, initializing? false, entries: size=1, first=(t:2, i:8757), STATEMACHINELOGENTRY, client-16D1BEF3E37F, cid=5730
2019-10-14 11:31:59,190 [java.util.concurrent.ThreadPoolExecutor$Worker@401d4ecf[State = -1, empty queue]] WARN  server.GrpcLogAppender (GrpcLogAppender.java:timeoutAppendRequest(200)) - 80f314e5-897c-47a9-97da-b334286c4d7b@group-4185A63DC881->3a98185c-0216-4d9f-b193-b5f9d6cb9681-GrpcLogAppender: appendEntries Timeout, request=80f314e5-897c-47a9-97da-b334286c4d7b->3a98185c-0216-4d9f-b193-b5f9d6cb9681#8790-t2, previous=(t:2, i:8757), leaderCommit=8743, initializing? false, entries: size=1, first=(t:2, i:8758), STATEMACHINELOGENTRY, client-16D1BEF3E37F, cid=5732
2019-10-14 11:31:59,190 [java.util.concurrent.ThreadPoolExecutor$Worker@401d4ecf[State = -1, empty queue]] WARN  server.GrpcLogAppender (GrpcLogAppender.java:timeoutAppendRequest(200)) - 80f314e5-897c-47a9-97da-b334286c4d7b@group-4185A63DC881->3a98185c-0216-4d9f-b193-b5f9d6cb9681-GrpcLogAppender: appendEntries Timeout, request=80f314e5-897c-47a9-97da-b334286c4d7b->3a98185c-0216-4d9f-b193-b5f9d6cb9681#8791-t2, previous=(t:2, i:8758), leaderCommit=8743, initializing? false, entries: size=1, first=(t:2, i:8759), STATEMACHINELOGENTRY, client-16D1BEF3E37F, cid=5731
2019-10-14 11:31:59,190 [java.util.concurrent.ThreadPoolExecutor$Worker@401d4ecf[State = -1, empty queue]] WARN  server.GrpcLogAppender (GrpcLogAppender.java:timeoutAppendRequest(200)) - 80f314e5-897c-47a9-97da-b334286c4d7b@group-4185A63DC881->3a98185c-0216-4d9f-b193-b5f9d6cb9681-GrpcLogAppender: appendEntries Timeout, request=80f314e5-897c-47a9-97da-b334286c4d7b->3a98185c-0216-4d9f-b193-b5f9d6cb9681#8792-t2, previous=(t:2, i:8759), leaderCommit=8743, initializing? false, entries: size=1, first=(t:2, i:8760), STATEMACHINELOGENTRY, client-16D1BEF3E37F, cid=5733
2019-10-14 11:31:59,190 [java.util.concurrent.ThreadPoolExecutor$Worker@401d4ecf[State = -1, empty queue]] WARN  server.GrpcLogAppender (GrpcLogAppender.java:timeoutAppendRequest(200)) - 80f314e5-897c-47a9-97da-b334286c4d7b@group-4185A63DC881->3a98185c-0216-4d9f-b193-b5f9d6cb9681-GrpcLogAppender: appendEntries Timeout, request=80f314e5-897c-47a9-97da-b334286c4d7b->3a98185c-0216-4d9f-b193-b5f9d6cb9681#8793-t2, previous=(t:2, i:8760), leaderCommit=8743, initializing? false, entries: size=1, first=(t:2, i:8761), STATEMACHINELOGENTRY, client-16D1BEF3E37F, cid=5734
2019-10-14 11:31:59,190 [java.util.concurrent.ThreadPoolExecutor$Worker@401d4ecf[State = -1, empty queue]] WARN  server.GrpcLogAppender (GrpcLogAppender.java:timeoutAppendRequest(200)) - 80f314e5-897c-47a9-97da-b334286c4d7b@group-4185A63DC881->3a98185c-0216-4d9f-b193-b5f9d6cb9681-GrpcLogAppender: appendEntries Timeout, request=80f314e5-897c-47a9-97da-b334286c4d7b->3a98185c-0216-4d9f-b193-b5f9d6cb9681#8794-t2, previous=(t:2, i:8761), leaderCommit=8743, initializing? false, entries: size=1, first=(t:2, i:8762), STATEMACHINELOGENTRY, client-16D1BEF3E37F, cid=5735
2019-10-14 11:31:59,191 [java.util.concurrent.ThreadPoolExecutor$Worker@401d4ecf[State = -1, empty queue]] WARN  server.GrpcLogAppender (GrpcLogAppender.java:timeoutAppendRequest(200)) - 80f314e5-897c-47a9-97da-b334286c4d7b@group-4185A63DC881->3a98185c-0216-4d9f-b193-b5f9d6cb9681-GrpcLogAppender: appendEntries Timeout, request=80f314e5-897c-47a9-97da-b334286c4d7b->3a98185c-0216-4d9f-b193-b5f9d6cb9681#8795-t2, previous=(t:2, i:8762), leaderCommit=8743, initializing? false, entries: size=1, first=(t:2, i:8763), STATEMACHINELOGENTRY, client-16D1BEF3E37F, cid=5736
2019-10-14 11:31:59,190 [java.util.concurrent.ThreadPoolExecutor$Worker@50b22908[State = -1, empty queue]] ERROR client.GrpcClientProtocolClient (GrpcClientProtocolClient.java:close(148)) - Unexpected exception while waiting for channel termination
java.lang.InterruptedException
	at java.util.concurrent.locks.AbstractQueuedSynchronizer.tryAcquireSharedNanos(AbstractQueuedSynchronizer.java:1326)
	at java.util.concurrent.CountDownLatch.await(CountDownLatch.java:277)
	at org.apache.ratis.thirdparty.io.grpc.internal.ManagedChannelImpl.awaitTermination(ManagedChannelImpl.java:763)
	at org.apache.ratis.thirdparty.io.grpc.internal.ForwardingManagedChannel.awaitTermination(ForwardingManagedChannel.java:57)
	at org.apache.ratis.thirdparty.io.grpc.internal.ManagedChannelOrphanWrapper.awaitTermination(ManagedChannelOrphanWrapper.java:70)
	at org.apache.ratis.grpc.client.GrpcClientProtocolClient.close(GrpcClientProtocolClient.java:146)
	at org.apache.ratis.util.PeerProxyMap$PeerAndProxy.lambda$close$1(PeerProxyMap.java:74)
	at org.apache.ratis.util.LifeCycle.lambda$checkStateAndClose$2(LifeCycle.java:231)
	at org.apache.ratis.util.LifeCycle.checkStateAndClose(LifeCycle.java:251)
	at org.apache.ratis.util.LifeCycle.checkStateAndClose(LifeCycle.java:229)
	at org.apache.ratis.util.PeerProxyMap$PeerAndProxy.close(PeerProxyMap.java:70)
	at org.apache.ratis.util.PeerProxyMap.resetProxy(PeerProxyMap.java:127)
	at org.apache.ratis.util.PeerProxyMap.handleException(PeerProxyMap.java:136)
	at org.apache.ratis.client.impl.RaftClientRpcWithProxy.handleException(RaftClientRpcWithProxy.java:47)
	at org.apache.ratis.client.impl.RaftClientImpl.handleIOException(RaftClientImpl.java:372)
	at org.apache.ratis.client.impl.OrderedAsync.lambda$sendRequest$10(OrderedAsync.java:236)
	at java.util.concurrent.CompletableFuture.uniExceptionally(CompletableFuture.java:870)
	at java.util.concurrent.CompletableFuture$UniExceptionally.tryFire(CompletableFuture.java:852)
	at java.util.concurrent.CompletableFuture.postComplete(CompletableFuture.java:474)
	at java.util.concurrent.CompletableFuture.completeExceptionally(CompletableFuture.java:1977)
	at org.apache.ratis.grpc.client.GrpcClientProtocolClient$AsyncStreamObservers.lambda$timeoutCheck$3(GrpcClientProtocolClient.java:324)
	at java.util.Optional.ifPresent(Optional.java:159)
	at org.apache.ratis.grpc.client.GrpcClientProtocolClient$AsyncStreamObservers.handleReplyFuture(GrpcClientProtocolClient.java:329)
	at org.apache.ratis.grpc.client.GrpcClientProtocolClient$AsyncStreamObservers.timeoutCheck(GrpcClientProtocolClient.java:324)
	at org.apache.ratis.grpc.client.GrpcClientProtocolClient$AsyncStreamObservers.lambda$onNext$1(GrpcClientProtocolClient.java:318)
	at org.apache.ratis.util.TimeoutScheduler.lambda$onTimeout$0(TimeoutScheduler.java:113)
	at org.apache.ratis.util.TimeoutScheduler.lambda$onTimeout$1(TimeoutScheduler.java:133)
	at org.apache.ratis.util.LogUtils.runAndLog(LogUtils.java:50)
	at org.apache.ratis.util.LogUtils$1.run(LogUtils.java:91)
	at java.util.concurrent.Executors$RunnableAdapter.call(Executors.java:511)
	at java.util.concurrent.FutureTask.run(FutureTask.java:266)
	at java.util.concurrent.ScheduledThreadPoolExecutor$ScheduledFutureTask.access$201(ScheduledThreadPoolExecutor.java:180)
	at java.util.concurrent.ScheduledThreadPoolExecutor$ScheduledFutureTask.run(ScheduledThreadPoolExecutor.java:293)
	at java.util.concurrent.ThreadPoolExecutor.runWorker(ThreadPoolExecutor.java:1149)
	at java.util.concurrent.ThreadPoolExecutor$Worker.run(ThreadPoolExecutor.java:624)
	at java.lang.Thread.run(Thread.java:748)
2019-10-14 11:31:59,189 [java.util.concurrent.ThreadPoolExecutor$Worker@24b44192[State = -1, empty queue]] WARN  server.GrpcLogAppender (GrpcLogAppender.java:timeoutAppendRequest(200)) - 80f314e5-897c-47a9-97da-b334286c4d7b@group-4185A63DC881->695f5b12-785d-4bb9-81e1-a9c400a6ed08-GrpcLogAppender: appendEntries Timeout, request=80f314e5-897c-47a9-97da-b334286c4d7b->695f5b12-785d-4bb9-81e1-a9c400a6ed08#8788-t2, previous=(t:2, i:8755), leaderCommit=8743, initializing? false, entries: size=1, first=(t:2, i:8756), STATEMACHINELOGENTRY, client-16D1BEF3E37F, cid=5729
2019-10-14 11:31:59,195 [java.util.concurrent.ThreadPoolExecutor$Worker@24b44192[State = -1, empty queue]] WARN  server.GrpcLogAppender (GrpcLogAppender.java:timeoutAppendRequest(200)) - 80f314e5-897c-47a9-97da-b334286c4d7b@group-4185A63DC881->695f5b12-785d-4bb9-81e1-a9c400a6ed08-GrpcLogAppender: appendEntries Timeout, request=80f314e5-897c-47a9-97da-b334286c4d7b->695f5b12-785d-4bb9-81e1-a9c400a6ed08#8789-t2, previous=(t:2, i:8756), leaderCommit=8743, initializing? false, entries: size=1, first=(t:2, i:8757), STATEMACHINELOGENTRY, client-16D1BEF3E37F, cid=5730
2019-10-14 11:31:59,195 [java.util.concurrent.ThreadPoolExecutor$Worker@24b44192[State = -1, empty queue]] WARN  server.GrpcLogAppender (GrpcLogAppender.java:timeoutAppendRequest(200)) - 80f314e5-897c-47a9-97da-b334286c4d7b@group-4185A63DC881->695f5b12-785d-4bb9-81e1-a9c400a6ed08-GrpcLogAppender: appendEntries Timeout, request=80f314e5-897c-47a9-97da-b334286c4d7b->695f5b12-785d-4bb9-81e1-a9c400a6ed08#8790-t2, previous=(t:2, i:8757), leaderCommit=8743, initializing? false, entries: size=1, first=(t:2, i:8758), STATEMACHINELOGENTRY, client-16D1BEF3E37F, cid=5732
2019-10-14 11:31:59,195 [java.util.concurrent.ThreadPoolExecutor$Worker@24b44192[State = -1, empty queue]] WARN  server.GrpcLogAppender (GrpcLogAppender.java:timeoutAppendRequest(200)) - 80f314e5-897c-47a9-97da-b334286c4d7b@group-4185A63DC881->695f5b12-785d-4bb9-81e1-a9c400a6ed08-GrpcLogAppender: appendEntries Timeout, request=80f314e5-897c-47a9-97da-b334286c4d7b->695f5b12-785d-4bb9-81e1-a9c400a6ed08#8791-t2, previous=(t:2, i:8758), leaderCommit=8743, initializing? false, entries: size=1, first=(t:2, i:8759), STATEMACHINELOGENTRY, client-16D1BEF3E37F, cid=5731
2019-10-14 11:31:59,195 [java.util.concurrent.ThreadPoolExecutor$Worker@24b44192[State = -1, empty queue]] WARN  server.GrpcLogAppender (GrpcLogAppender.java:timeoutAppendRequest(200)) - 80f314e5-897c-47a9-97da-b334286c4d7b@group-4185A63DC881->695f5b12-785d-4bb9-81e1-a9c400a6ed08-GrpcLogAppender: appendEntries Timeout, request=80f314e5-897c-47a9-97da-b334286c4d7b->695f5b12-785d-4bb9-81e1-a9c400a6ed08#8792-t2, previous=(t:2, i:8759), leaderCommit=8743, initializing? false, entries: size=1, first=(t:2, i:8760), STATEMACHINELOGENTRY, client-16D1BEF3E37F, cid=5733
2019-10-14 11:31:59,195 [java.util.concurrent.ThreadPoolExecutor$Worker@24b44192[State = -1, empty queue]] WARN  server.GrpcLogAppender (GrpcLogAppender.java:timeoutAppendRequest(200)) - 80f314e5-897c-47a9-97da-b334286c4d7b@group-4185A63DC881->695f5b12-785d-4bb9-81e1-a9c400a6ed08-GrpcLogAppender: appendEntries Timeout, request=80f314e5-897c-47a9-97da-b334286c4d7b->695f5b12-785d-4bb9-81e1-a9c400a6ed08#8793-t2, previous=(t:2, i:8760), leaderCommit=8743, initializing? false, entries: size=1, first=(t:2, i:8761), STATEMACHINELOGENTRY, client-16D1BEF3E37F, cid=5734
2019-10-14 11:31:59,195 [java.util.concurrent.ThreadPoolExecutor$Worker@24b44192[State = -1, empty queue]] WARN  server.GrpcLogAppender (GrpcLogAppender.java:timeoutAppendRequest(200)) - 80f314e5-897c-47a9-97da-b334286c4d7b@group-4185A63DC881->695f5b12-785d-4bb9-81e1-a9c400a6ed08-GrpcLogAppender: appendEntries Timeout, request=80f314e5-897c-47a9-97da-b334286c4d7b->695f5b12-785d-4bb9-81e1-a9c400a6ed08#8794-t2, previous=(t:2, i:8761), leaderCommit=8743, initializing? false, entries: size=1, first=(t:2, i:8762), STATEMACHINELOGENTRY, client-16D1BEF3E37F, cid=5735
2019-10-14 11:31:59,195 [java.util.concurrent.ThreadPoolExecutor$Worker@24b44192[State = -1, empty queue]] WARN  server.GrpcLogAppender (GrpcLogAppender.java:timeoutAppendRequest(200)) - 80f314e5-897c-47a9-97da-b334286c4d7b@group-4185A63DC881->695f5b12-785d-4bb9-81e1-a9c400a6ed08-GrpcLogAppender: appendEntries Timeout, request=80f314e5-897c-47a9-97da-b334286c4d7b->695f5b12-785d-4bb9-81e1-a9c400a6ed08#8795-t2, previous=(t:2, i:8762), leaderCommit=8743, initializing? false, entries: size=1, first=(t:2, i:8763), STATEMACHINELOGENTRY, client-16D1BEF3E37F, cid=5736
 0.00% |█                                                                                                    |  0/100 Time: 0:00:04 0.00% |█                                                                                                    |  0/100 Time: 0:00:05 0.00% |█                                                                                                    |  0/100 Time: 0:00:062019-10-14 11:32:01,721 [grpc-default-executor-4] WARN  server.GrpcLogAppender (GrpcLogAppender.java:onNextImpl(251)) - 80f314e5-897c-47a9-97da-b334286c4d7b@group-4185A63DC881->695f5b12-785d-4bb9-81e1-a9c400a6ed08-AppendLogResponseHandler: Request not found, ignoring reply: 80f314e5-897c-47a9-97da-b334286c4d7b<-695f5b12-785d-4bb9-81e1-a9c400a6ed08#8777:OK,SUCCESS,nextIndex:8746,term:2,followerCommit:8744
2019-10-14 11:32:01,722 [grpc-default-executor-1] WARN  server.GrpcLogAppender (GrpcLogAppender.java:onNextImpl(251)) - 80f314e5-897c-47a9-97da-b334286c4d7b@group-4185A63DC881->3a98185c-0216-4d9f-b193-b5f9d6cb9681-AppendLogResponseHandler: Request not found, ignoring reply: 80f314e5-897c-47a9-97da-b334286c4d7b<-3a98185c-0216-4d9f-b193-b5f9d6cb9681#8777:OK,SUCCESS,nextIndex:8746,term:2,followerCommit:8744
2019-10-14 11:32:01,725 [grpc-default-executor-4] WARN  server.GrpcLogAppender (GrpcLogAppender.java:onNextImpl(251)) - 80f314e5-897c-47a9-97da-b334286c4d7b@group-4185A63DC881->695f5b12-785d-4bb9-81e1-a9c400a6ed08-AppendLogResponseHandler: Request not found, ignoring reply: 80f314e5-897c-47a9-97da-b334286c4d7b<-695f5b12-785d-4bb9-81e1-a9c400a6ed08#8778:OK,SUCCESS,nextIndex:8747,term:2,followerCommit:8744
2019-10-14 11:32:01,727 [grpc-default-executor-1] WARN  server.GrpcLogAppender (GrpcLogAppender.java:onNextImpl(251)) - 80f314e5-897c-47a9-97da-b334286c4d7b@group-4185A63DC881->3a98185c-0216-4d9f-b193-b5f9d6cb9681-AppendLogResponseHandler: Request not found, ignoring reply: 80f314e5-897c-47a9-97da-b334286c4d7b<-3a98185c-0216-4d9f-b193-b5f9d6cb9681#8778:OK,SUCCESS,nextIndex:8747,term:2,followerCommit:8744
2019-10-14 11:32:01,727 [grpc-default-executor-4] WARN  server.GrpcLogAppender (GrpcLogAppender.java:onNextImpl(251)) - 80f314e5-897c-47a9-97da-b334286c4d7b@group-4185A63DC881->695f5b12-785d-4bb9-81e1-a9c400a6ed08-AppendLogResponseHandler: Request not found, ignoring reply: 80f314e5-897c-47a9-97da-b334286c4d7b<-695f5b12-785d-4bb9-81e1-a9c400a6ed08#8779:OK,SUCCESS,nextIndex:8748,term:2,followerCommit:8744
2019-10-14 11:32:01,727 [grpc-default-executor-1] WARN  server.GrpcLogAppender (GrpcLogAppender.java:onNextImpl(251)) - 80f314e5-897c-47a9-97da-b334286c4d7b@group-4185A63DC881->3a98185c-0216-4d9f-b193-b5f9d6cb9681-AppendLogResponseHandler: Request not found, ignoring reply: 80f314e5-897c-47a9-97da-b334286c4d7b<-3a98185c-0216-4d9f-b193-b5f9d6cb9681#8779:OK,SUCCESS,nextIndex:8748,term:2,followerCommit:8744
2019-10-14 11:32:01,727 [grpc-default-executor-4] WARN  server.GrpcLogAppender (GrpcLogAppender.java:onNextImpl(251)) - 80f314e5-897c-47a9-97da-b334286c4d7b@group-4185A63DC881->695f5b12-785d-4bb9-81e1-a9c400a6ed08-AppendLogResponseHandler: Request not found, ignoring reply: 80f314e5-897c-47a9-97da-b334286c4d7b<-695f5b12-785d-4bb9-81e1-a9c400a6ed08#8780:OK,SUCCESS,nextIndex:8749,term:2,followerCommit:8744
2019-10-14 11:32:01,728 [grpc-default-executor-4] WARN  server.GrpcLogAppender (GrpcLogAppender.java:onNextImpl(251)) - 80f314e5-897c-47a9-97da-b334286c4d7b@group-4185A63DC881->3a98185c-0216-4d9f-b193-b5f9d6cb9681-AppendLogResponseHandler: Request not found, ignoring reply: 80f314e5-897c-47a9-97da-b334286c4d7b<-3a98185c-0216-4d9f-b193-b5f9d6cb9681#8780:OK,SUCCESS,nextIndex:8749,term:2,followerCommit:8744
2019-10-14 11:32:01,728 [grpc-default-executor-1] WARN  server.GrpcLogAppender (GrpcLogAppender.java:onNextImpl(251)) - 80f314e5-897c-47a9-97da-b334286c4d7b@group-4185A63DC881->695f5b12-785d-4bb9-81e1-a9c400a6ed08-AppendLogResponseHandler: Request not found, ignoring reply: 80f314e5-897c-47a9-97da-b334286c4d7b<-695f5b12-785d-4bb9-81e1-a9c400a6ed08#8781:OK,SUCCESS,nextIndex:8750,term:2,followerCommit:8744
2019-10-14 11:32:01,728 [grpc-default-executor-4] WARN  server.GrpcLogAppender (GrpcLogAppender.java:onNextImpl(251)) - 80f314e5-897c-47a9-97da-b334286c4d7b@group-4185A63DC881->3a98185c-0216-4d9f-b193-b5f9d6cb9681-AppendLogResponseHandler: Request not found, ignoring reply: 80f314e5-897c-47a9-97da-b334286c4d7b<-3a98185c-0216-4d9f-b193-b5f9d6cb9681#8781:OK,SUCCESS,nextIndex:8750,term:2,followerCommit:8744
2019-10-14 11:32:01,728 [grpc-default-executor-1] WARN  server.GrpcLogAppender (GrpcLogAppender.java:onNextImpl(251)) - 80f314e5-897c-47a9-97da-b334286c4d7b@group-4185A63DC881->695f5b12-785d-4bb9-81e1-a9c400a6ed08-AppendLogResponseHandler: Request not found, ignoring reply: 80f314e5-897c-47a9-97da-b334286c4d7b<-695f5b12-785d-4bb9-81e1-a9c400a6ed08#8782:OK,SUCCESS,nextIndex:8751,term:2,followerCommit:8744
2019-10-14 11:32:01,728 [grpc-default-executor-4] WARN  server.GrpcLogAppender (GrpcLogAppender.java:onNextImpl(251)) - 80f314e5-897c-47a9-97da-b334286c4d7b@group-4185A63DC881->3a98185c-0216-4d9f-b193-b5f9d6cb9681-AppendLogResponseHandler: Request not found, ignoring reply: 80f314e5-897c-47a9-97da-b334286c4d7b<-3a98185c-0216-4d9f-b193-b5f9d6cb9681#8782:OK,SUCCESS,nextIndex:8751,term:2,followerCommit:8744
2019-10-14 11:32:01,728 [grpc-default-executor-1] WARN  server.GrpcLogAppender (GrpcLogAppender.java:onNextImpl(251)) - 80f314e5-897c-47a9-97da-b334286c4d7b@group-4185A63DC881->695f5b12-785d-4bb9-81e1-a9c400a6ed08-AppendLogResponseHandler: Request not found, ignoring reply: 80f314e5-897c-47a9-97da-b334286c4d7b<-695f5b12-785d-4bb9-81e1-a9c400a6ed08#8783:OK,SUCCESS,nextIndex:8752,term:2,followerCommit:8744
2019-10-14 11:32:01,729 [grpc-default-executor-4] WARN  server.GrpcLogAppender (GrpcLogAppender.java:onNextImpl(251)) - 80f314e5-897c-47a9-97da-b334286c4d7b@group-4185A63DC881->3a98185c-0216-4d9f-b193-b5f9d6cb9681-AppendLogResponseHandler: Request not found, ignoring reply: 80f314e5-897c-47a9-97da-b334286c4d7b<-3a98185c-0216-4d9f-b193-b5f9d6cb9681#8783:OK,SUCCESS,nextIndex:8752,term:2,followerCommit:8744
2019-10-14 11:32:01,729 [grpc-default-executor-1] WARN  server.GrpcLogAppender (GrpcLogAppender.java:onNextImpl(251)) - 80f314e5-897c-47a9-97da-b334286c4d7b@group-4185A63DC881->695f5b12-785d-4bb9-81e1-a9c400a6ed08-AppendLogResponseHandler: Request not found, ignoring reply: 80f314e5-897c-47a9-97da-b334286c4d7b<-695f5b12-785d-4bb9-81e1-a9c400a6ed08#8784:OK,SUCCESS,nextIndex:8753,term:2,followerCommit:8744
2019-10-14 11:32:01,729 [grpc-default-executor-4] WARN  server.GrpcLogAppender (GrpcLogAppender.java:onNextImpl(251)) - 80f314e5-897c-47a9-97da-b334286c4d7b@group-4185A63DC881->3a98185c-0216-4d9f-b193-b5f9d6cb9681-AppendLogResponseHandler: Request not found, ignoring reply: 80f314e5-897c-47a9-97da-b334286c4d7b<-3a98185c-0216-4d9f-b193-b5f9d6cb9681#8784:OK,SUCCESS,nextIndex:8753,term:2,followerCommit:8744
2019-10-14 11:32:01,729 [grpc-default-executor-1] WARN  server.GrpcLogAppender (GrpcLogAppender.java:onNextImpl(251)) - 80f314e5-897c-47a9-97da-b334286c4d7b@group-4185A63DC881->695f5b12-785d-4bb9-81e1-a9c400a6ed08-AppendLogResponseHandler: Request not found, ignoring reply: 80f314e5-897c-47a9-97da-b334286c4d7b<-695f5b12-785d-4bb9-81e1-a9c400a6ed08#8785:OK,SUCCESS,nextIndex:8754,term:2,followerCommit:8744
2019-10-14 11:32:01,729 [grpc-default-executor-4] WARN  server.GrpcLogAppender (GrpcLogAppender.java:onNextImpl(251)) - 80f314e5-897c-47a9-97da-b334286c4d7b@group-4185A63DC881->3a98185c-0216-4d9f-b193-b5f9d6cb9681-AppendLogResponseHandler: Request not found, ignoring reply: 80f314e5-897c-47a9-97da-b334286c4d7b<-3a98185c-0216-4d9f-b193-b5f9d6cb9681#8785:OK,SUCCESS,nextIndex:8754,term:2,followerCommit:8744
2019-10-14 11:32:01,729 [grpc-default-executor-1] WARN  server.GrpcLogAppender (GrpcLogAppender.java:onNextImpl(251)) - 80f314e5-897c-47a9-97da-b334286c4d7b@group-4185A63DC881->695f5b12-785d-4bb9-81e1-a9c400a6ed08-AppendLogResponseHandler: Request not found, ignoring reply: 80f314e5-897c-47a9-97da-b334286c4d7b<-695f5b12-785d-4bb9-81e1-a9c400a6ed08#8786:OK,SUCCESS,nextIndex:8755,term:2,followerCommit:8744
2019-10-14 11:32:01,729 [grpc-default-executor-4] WARN  server.GrpcLogAppender (GrpcLogAppender.java:onNextImpl(251)) - 80f314e5-897c-47a9-97da-b334286c4d7b@group-4185A63DC881->3a98185c-0216-4d9f-b193-b5f9d6cb9681-AppendLogResponseHandler: Request not found, ignoring reply: 80f314e5-897c-47a9-97da-b334286c4d7b<-3a98185c-0216-4d9f-b193-b5f9d6cb9681#8786:OK,SUCCESS,nextIndex:8755,term:2,followerCommit:8744
2019-10-14 11:32:01,730 [grpc-default-executor-1] WARN  server.GrpcLogAppender (GrpcLogAppender.java:onNextImpl(251)) - 80f314e5-897c-47a9-97da-b334286c4d7b@group-4185A63DC881->695f5b12-785d-4bb9-81e1-a9c400a6ed08-AppendLogResponseHandler: Request not found, ignoring reply: 80f314e5-897c-47a9-97da-b334286c4d7b<-695f5b12-785d-4bb9-81e1-a9c400a6ed08#8787:OK,SUCCESS,nextIndex:8756,term:2,followerCommit:8744
2019-10-14 11:32:01,730 [grpc-default-executor-4] WARN  server.GrpcLogAppender (GrpcLogAppender.java:onNextImpl(251)) - 80f314e5-897c-47a9-97da-b334286c4d7b@group-4185A63DC881->3a98185c-0216-4d9f-b193-b5f9d6cb9681-AppendLogResponseHandler: Request not found, ignoring reply: 80f314e5-897c-47a9-97da-b334286c4d7b<-3a98185c-0216-4d9f-b193-b5f9d6cb9681#8787:OK,SUCCESS,nextIndex:8756,term:2,followerCommit:8744
2019-10-14 11:32:01,730 [grpc-default-executor-1] WARN  server.GrpcLogAppender (GrpcLogAppender.java:onNextImpl(251)) - 80f314e5-897c-47a9-97da-b334286c4d7b@group-4185A63DC881->695f5b12-785d-4bb9-81e1-a9c400a6ed08-AppendLogResponseHandler: Request not found, ignoring reply: 80f314e5-897c-47a9-97da-b334286c4d7b<-695f5b12-785d-4bb9-81e1-a9c400a6ed08#8788:OK,SUCCESS,nextIndex:8757,term:2,followerCommit:8744
2019-10-14 11:32:01,730 [grpc-default-executor-4] WARN  server.GrpcLogAppender (GrpcLogAppender.java:onNextImpl(251)) - 80f314e5-897c-47a9-97da-b334286c4d7b@group-4185A63DC881->3a98185c-0216-4d9f-b193-b5f9d6cb9681-AppendLogResponseHandler: Request not found, ignoring reply: 80f314e5-897c-47a9-97da-b334286c4d7b<-3a98185c-0216-4d9f-b193-b5f9d6cb9681#8788:OK,SUCCESS,nextIndex:8757,term:2,followerCommit:8744
2019-10-14 11:32:01,730 [grpc-default-executor-1] WARN  server.GrpcLogAppender (GrpcLogAppender.java:onNextImpl(251)) - 80f314e5-897c-47a9-97da-b334286c4d7b@group-4185A63DC881->695f5b12-785d-4bb9-81e1-a9c400a6ed08-AppendLogResponseHandler: Request not found, ignoring reply: 80f314e5-897c-47a9-97da-b334286c4d7b<-695f5b12-785d-4bb9-81e1-a9c400a6ed08#8789:OK,SUCCESS,nextIndex:8758,term:2,followerCommit:8744
2019-10-14 11:32:01,730 [grpc-default-executor-4] WARN  server.GrpcLogAppender (GrpcLogAppender.java:onNextImpl(251)) - 80f314e5-897c-47a9-97da-b334286c4d7b@group-4185A63DC881->3a98185c-0216-4d9f-b193-b5f9d6cb9681-AppendLogResponseHandler: Request not found, ignoring reply: 80f314e5-897c-47a9-97da-b334286c4d7b<-3a98185c-0216-4d9f-b193-b5f9d6cb9681#8789:OK,SUCCESS,nextIndex:8758,term:2,followerCommit:8744
2019-10-14 11:32:01,730 [grpc-default-executor-1] WARN  server.GrpcLogAppender (GrpcLogAppender.java:onNextImpl(251)) - 80f314e5-897c-47a9-97da-b334286c4d7b@group-4185A63DC881->695f5b12-785d-4bb9-81e1-a9c400a6ed08-AppendLogResponseHandler: Request not found, ignoring reply: 80f314e5-897c-47a9-97da-b334286c4d7b<-695f5b12-785d-4bb9-81e1-a9c400a6ed08#8790:OK,SUCCESS,nextIndex:8759,term:2,followerCommit:8744
2019-10-14 11:32:01,730 [grpc-default-executor-4] WARN  server.GrpcLogAppender (GrpcLogAppender.java:onNextImpl(251)) - 80f314e5-897c-47a9-97da-b334286c4d7b@group-4185A63DC881->3a98185c-0216-4d9f-b193-b5f9d6cb9681-AppendLogResponseHandler: Request not found, ignoring reply: 80f314e5-897c-47a9-97da-b334286c4d7b<-3a98185c-0216-4d9f-b193-b5f9d6cb9681#8790:OK,SUCCESS,nextIndex:8759,term:2,followerCommit:8744
2019-10-14 11:32:01,730 [grpc-default-executor-1] WARN  server.GrpcLogAppender (GrpcLogAppender.java:onNextImpl(251)) - 80f314e5-897c-47a9-97da-b334286c4d7b@group-4185A63DC881->695f5b12-785d-4bb9-81e1-a9c400a6ed08-AppendLogResponseHandler: Request not found, ignoring reply: 80f314e5-897c-47a9-97da-b334286c4d7b<-695f5b12-785d-4bb9-81e1-a9c400a6ed08#8791:OK,SUCCESS,nextIndex:8760,term:2,followerCommit:8744
2019-10-14 11:32:01,730 [grpc-default-executor-4] WARN  server.GrpcLogAppender (GrpcLogAppender.java:onNextImpl(251)) - 80f314e5-897c-47a9-97da-b334286c4d7b@group-4185A63DC881->3a98185c-0216-4d9f-b193-b5f9d6cb9681-AppendLogResponseHandler: Request not found, ignoring reply: 80f314e5-897c-47a9-97da-b334286c4d7b<-3a98185c-0216-4d9f-b193-b5f9d6cb9681#8791:OK,SUCCESS,nextIndex:8760,term:2,followerCommit:8744
2019-10-14 11:32:01,731 [grpc-default-executor-1] WARN  server.GrpcLogAppender (GrpcLogAppender.java:onNextImpl(251)) - 80f314e5-897c-47a9-97da-b334286c4d7b@group-4185A63DC881->695f5b12-785d-4bb9-81e1-a9c400a6ed08-AppendLogResponseHandler: Request not found, ignoring reply: 80f314e5-897c-47a9-97da-b334286c4d7b<-695f5b12-785d-4bb9-81e1-a9c400a6ed08#8792:OK,SUCCESS,nextIndex:8761,term:2,followerCommit:8744
2019-10-14 11:32:01,731 [grpc-default-executor-4] WARN  server.GrpcLogAppender (GrpcLogAppender.java:onNextImpl(251)) - 80f314e5-897c-47a9-97da-b334286c4d7b@group-4185A63DC881->3a98185c-0216-4d9f-b193-b5f9d6cb9681-AppendLogResponseHandler: Request not found, ignoring reply: 80f314e5-897c-47a9-97da-b334286c4d7b<-3a98185c-0216-4d9f-b193-b5f9d6cb9681#8792:OK,SUCCESS,nextIndex:8761,term:2,followerCommit:8744
2019-10-14 11:32:01,731 [grpc-default-executor-1] WARN  server.GrpcLogAppender (GrpcLogAppender.java:onNextImpl(251)) - 80f314e5-897c-47a9-97da-b334286c4d7b@group-4185A63DC881->695f5b12-785d-4bb9-81e1-a9c400a6ed08-AppendLogResponseHandler: Request not found, ignoring reply: 80f314e5-897c-47a9-97da-b334286c4d7b<-695f5b12-785d-4bb9-81e1-a9c400a6ed08#8793:OK,SUCCESS,nextIndex:8762,term:2,followerCommit:8744
2019-10-14 11:32:01,731 [grpc-default-executor-4] WARN  server.GrpcLogAppender (GrpcLogAppender.java:onNextImpl(251)) - 80f314e5-897c-47a9-97da-b334286c4d7b@group-4185A63DC881->3a98185c-0216-4d9f-b193-b5f9d6cb9681-AppendLogResponseHandler: Request not found, ignoring reply: 80f314e5-897c-47a9-97da-b334286c4d7b<-3a98185c-0216-4d9f-b193-b5f9d6cb9681#8793:OK,SUCCESS,nextIndex:8762,term:2,followerCommit:8744
2019-10-14 11:32:01,731 [grpc-default-executor-1] WARN  server.GrpcLogAppender (GrpcLogAppender.java:onNextImpl(251)) - 80f314e5-897c-47a9-97da-b334286c4d7b@group-4185A63DC881->695f5b12-785d-4bb9-81e1-a9c400a6ed08-AppendLogResponseHandler: Request not found, ignoring reply: 80f314e5-897c-47a9-97da-b334286c4d7b<-695f5b12-785d-4bb9-81e1-a9c400a6ed08#8794:OK,SUCCESS,nextIndex:8763,term:2,followerCommit:8744
2019-10-14 11:32:01,731 [grpc-default-executor-4] WARN  server.GrpcLogAppender (GrpcLogAppender.java:onNextImpl(251)) - 80f314e5-897c-47a9-97da-b334286c4d7b@group-4185A63DC881->3a98185c-0216-4d9f-b193-b5f9d6cb9681-AppendLogResponseHandler: Request not found, ignoring reply: 80f314e5-897c-47a9-97da-b334286c4d7b<-3a98185c-0216-4d9f-b193-b5f9d6cb9681#8794:OK,SUCCESS,nextIndex:8763,term:2,followerCommit:8744
2019-10-14 11:32:01,731 [grpc-default-executor-1] WARN  server.GrpcLogAppender (GrpcLogAppender.java:onNextImpl(251)) - 80f314e5-897c-47a9-97da-b334286c4d7b@group-4185A63DC881->695f5b12-785d-4bb9-81e1-a9c400a6ed08-AppendLogResponseHandler: Request not found, ignoring reply: 80f314e5-897c-47a9-97da-b334286c4d7b<-695f5b12-785d-4bb9-81e1-a9c400a6ed08#8795:OK,SUCCESS,nextIndex:8764,term:2,followerCommit:8744
2019-10-14 11:32:01,731 [grpc-default-executor-4] WARN  server.GrpcLogAppender (GrpcLogAppender.java:onNextImpl(251)) - 80f314e5-897c-47a9-97da-b334286c4d7b@group-4185A63DC881->3a98185c-0216-4d9f-b193-b5f9d6cb9681-AppendLogResponseHandler: Request not found, ignoring reply: 80f314e5-897c-47a9-97da-b334286c4d7b<-3a98185c-0216-4d9f-b193-b5f9d6cb9681#8795:OK,SUCCESS,nextIndex:8764,term:2,followerCommit:8744
 0.00% |█                                                                                                    |  0/100 Time: 0:00:07 0.00% |█                                                                                                    |  0/100 Time: 0:00:08 0.00% |█                                                                                                    |  0/100 Time: 0:00:092019-10-14 11:32:04,732 [java.util.concurrent.ThreadPoolExecutor$Worker@401d4ecf[State = -1, empty queue]] WARN  server.GrpcLogAppender (GrpcLogAppender.java:timeoutAppendRequest(200)) - 80f314e5-897c-47a9-97da-b334286c4d7b@group-4185A63DC881->3a98185c-0216-4d9f-b193-b5f9d6cb9681-GrpcLogAppender: appendEntries Timeout, request=80f314e5-897c-47a9-97da-b334286c4d7b->3a98185c-0216-4d9f-b193-b5f9d6cb9681#8798-t2, previous=(t:2, i:8763), leaderCommit=8763, initializing? false, entries: size=1, first=(t:2, i:8764), METADATAENTRY(c8763)
2019-10-14 11:32:04,732 [java.util.concurrent.ThreadPoolExecutor$Worker@24b44192[State = -1, empty queue]] WARN  server.GrpcLogAppender (GrpcLogAppender.java:timeoutAppendRequest(200)) - 80f314e5-897c-47a9-97da-b334286c4d7b@group-4185A63DC881->695f5b12-785d-4bb9-81e1-a9c400a6ed08-GrpcLogAppender: appendEntries Timeout, request=80f314e5-897c-47a9-97da-b334286c4d7b->695f5b12-785d-4bb9-81e1-a9c400a6ed08#8798-t2, previous=(t:2, i:8763), leaderCommit=8763, initializing? false, entries: size=1, first=(t:2, i:8764), METADATAENTRY(c8763)
 0.00% |█                                                                                                    |  0/100 Time: 0:00:102019-10-14 11:32:06,612 [grpc-default-executor-4] WARN  server.GrpcLogAppender (GrpcLogAppender.java:onNextImpl(251)) - 80f314e5-897c-47a9-97da-b334286c4d7b@group-4185A63DC881->695f5b12-785d-4bb9-81e1-a9c400a6ed08-AppendLogResponseHandler: Request not found, ignoring reply: 80f314e5-897c-47a9-97da-b334286c4d7b<-695f5b12-785d-4bb9-81e1-a9c400a6ed08#8798:OK,SUCCESS,nextIndex:8765,term:2,followerCommit:8763
2019-10-14 11:32:06,612 [grpc-default-executor-7] WARN  server.GrpcLogAppender (GrpcLogAppender.java:onNextImpl(251)) - 80f314e5-897c-47a9-97da-b334286c4d7b@group-4185A63DC881->3a98185c-0216-4d9f-b193-b5f9d6cb9681-AppendLogResponseHandler: Request not found, ignoring reply: 80f314e5-897c-47a9-97da-b334286c4d7b<-3a98185c-0216-4d9f-b193-b5f9d6cb9681#8798:OK,SUCCESS,nextIndex:8765,term:2,followerCommit:8763
 0.00% |█                                                                                                    |  0/100 Time: 0:00:112019-10-14 11:32:06,757 [pool-792-thread-2] WARN  scm.XceiverClientRatis (XceiverClientRatis.java:watchForCommit(277)) - 3 way commit failed on pipeline Pipeline[ Id: 2022d43f-8568-4eb3-8e25-4185a63dc881, Nodes: 695f5b12-785d-4bb9-81e1-a9c400a6ed08{ip: 192.168.151.118, host: pr-hdds-2296-8rkbz-2376872687, networkLocation: /default-rack, certSerialId: null}80f314e5-897c-47a9-97da-b334286c4d7b{ip: 192.168.151.118, host: pr-hdds-2296-8rkbz-2376872687, networkLocation: /default-rack, certSerialId: null}3a98185c-0216-4d9f-b193-b5f9d6cb9681{ip: 192.168.151.118, host: pr-hdds-2296-8rkbz-2376872687, networkLocation: /default-rack, certSerialId: null}, Type:RATIS, Factor:THREE, State:OPEN]
java.util.concurrent.TimeoutException
	at java.util.concurrent.CompletableFuture.timedGet(CompletableFuture.java:1771)
	at java.util.concurrent.CompletableFuture.get(CompletableFuture.java:1915)
	at org.apache.hadoop.hdds.scm.XceiverClientRatis.watchForCommit(XceiverClientRatis.java:274)
	at org.apache.hadoop.hdds.scm.storage.CommitWatcher.watchForCommit(CommitWatcher.java:198)
	at org.apache.hadoop.hdds.scm.storage.CommitWatcher.watchOnLastIndex(CommitWatcher.java:161)
	at org.apache.hadoop.hdds.scm.storage.BlockOutputStream.watchForCommit(BlockOutputStream.java:346)
	at org.apache.hadoop.hdds.scm.storage.BlockOutputStream.handleFlush(BlockOutputStream.java:482)
	at org.apache.hadoop.hdds.scm.storage.BlockOutputStream.close(BlockOutputStream.java:496)
	at org.apache.hadoop.ozone.client.io.BlockOutputStreamEntry.close(BlockOutputStreamEntry.java:143)
	at org.apache.hadoop.ozone.client.io.KeyOutputStream.handleFlushOrClose(KeyOutputStream.java:435)
	at org.apache.hadoop.ozone.client.io.KeyOutputStream.close(KeyOutputStream.java:473)
	at org.apache.hadoop.ozone.client.io.OzoneOutputStream.close(OzoneOutputStream.java:60)
	at org.apache.hadoop.ozone.freon.RandomKeyGenerator.createKey(RandomKeyGenerator.java:710)
	at org.apache.hadoop.ozone.freon.RandomKeyGenerator.access$1100(RandomKeyGenerator.java:88)
	at org.apache.hadoop.ozone.freon.RandomKeyGenerator$ObjectCreator.run(RandomKeyGenerator.java:615)
	at java.util.concurrent.Executors$RunnableAdapter.call(Executors.java:511)
	at java.util.concurrent.FutureTask.run(FutureTask.java:266)
	at java.util.concurrent.ThreadPoolExecutor.runWorker(ThreadPoolExecutor.java:1149)
	at java.util.concurrent.ThreadPoolExecutor$Worker.run(ThreadPoolExecutor.java:624)
	at java.lang.Thread.run(Thread.java:748)
2019-10-14 11:32:06,757 [pool-792-thread-4] WARN  scm.XceiverClientRatis (XceiverClientRatis.java:watchForCommit(277)) - 3 way commit failed on pipeline Pipeline[ Id: 2022d43f-8568-4eb3-8e25-4185a63dc881, Nodes: 695f5b12-785d-4bb9-81e1-a9c400a6ed08{ip: 192.168.151.118, host: pr-hdds-2296-8rkbz-2376872687, networkLocation: /default-rack, certSerialId: null}80f314e5-897c-47a9-97da-b334286c4d7b{ip: 192.168.151.118, host: pr-hdds-2296-8rkbz-2376872687, networkLocation: /default-rack, certSerialId: null}3a98185c-0216-4d9f-b193-b5f9d6cb9681{ip: 192.168.151.118, host: pr-hdds-2296-8rkbz-2376872687, networkLocation: /default-rack, certSerialId: null}, Type:RATIS, Factor:THREE, State:OPEN]
java.util.concurrent.TimeoutException
	at java.util.concurrent.CompletableFuture.timedGet(CompletableFuture.java:1771)
	at java.util.concurrent.CompletableFuture.get(CompletableFuture.java:1915)
	at org.apache.hadoop.hdds.scm.XceiverClientRatis.watchForCommit(XceiverClientRatis.java:274)
	at org.apache.hadoop.hdds.scm.storage.CommitWatcher.watchForCommit(CommitWatcher.java:198)
	at org.apache.hadoop.hdds.scm.storage.CommitWatcher.watchOnLastIndex(CommitWatcher.java:161)
	at org.apache.hadoop.hdds.scm.storage.BlockOutputStream.watchForCommit(BlockOutputStream.java:346)
	at org.apache.hadoop.hdds.scm.storage.BlockOutputStream.handleFlush(BlockOutputStream.java:482)
	at org.apache.hadoop.hdds.scm.storage.BlockOutputStream.close(BlockOutputStream.java:496)
	at org.apache.hadoop.ozone.client.io.BlockOutputStreamEntry.close(BlockOutputStreamEntry.java:143)
	at org.apache.hadoop.ozone.client.io.KeyOutputStream.handleFlushOrClose(KeyOutputStream.java:435)
	at org.apache.hadoop.ozone.client.io.KeyOutputStream.close(KeyOutputStream.java:473)
	at org.apache.hadoop.ozone.client.io.OzoneOutputStream.close(OzoneOutputStream.java:60)
	at org.apache.hadoop.ozone.freon.RandomKeyGenerator.createKey(RandomKeyGenerator.java:710)
	at org.apache.hadoop.ozone.freon.RandomKeyGenerator.access$1100(RandomKeyGenerator.java:88)
	at org.apache.hadoop.ozone.freon.RandomKeyGenerator$ObjectCreator.run(RandomKeyGenerator.java:615)
	at java.util.concurrent.Executors$RunnableAdapter.call(Executors.java:511)
	at java.util.concurrent.FutureTask.run(FutureTask.java:266)
	at java.util.concurrent.ThreadPoolExecutor.runWorker(ThreadPoolExecutor.java:1149)
	at java.util.concurrent.ThreadPoolExecutor$Worker.run(ThreadPoolExecutor.java:624)
	at java.lang.Thread.run(Thread.java:748)
2019-10-14 11:32:06,763 [pool-792-thread-1] WARN  scm.XceiverClientRatis (XceiverClientRatis.java:watchForCommit(277)) - 3 way commit failed on pipeline Pipeline[ Id: 2022d43f-8568-4eb3-8e25-4185a63dc881, Nodes: 695f5b12-785d-4bb9-81e1-a9c400a6ed08{ip: 192.168.151.118, host: pr-hdds-2296-8rkbz-2376872687, networkLocation: /default-rack, certSerialId: null}80f314e5-897c-47a9-97da-b334286c4d7b{ip: 192.168.151.118, host: pr-hdds-2296-8rkbz-2376872687, networkLocation: /default-rack, certSerialId: null}3a98185c-0216-4d9f-b193-b5f9d6cb9681{ip: 192.168.151.118, host: pr-hdds-2296-8rkbz-2376872687, networkLocation: /default-rack, certSerialId: null}, Type:RATIS, Factor:THREE, State:OPEN]
java.util.concurrent.TimeoutException
	at java.util.concurrent.CompletableFuture.timedGet(CompletableFuture.java:1771)
	at java.util.concurrent.CompletableFuture.get(CompletableFuture.java:1915)
	at org.apache.hadoop.hdds.scm.XceiverClientRatis.watchForCommit(XceiverClientRatis.java:274)
	at org.apache.hadoop.hdds.scm.storage.CommitWatcher.watchForCommit(CommitWatcher.java:198)
	at org.apache.hadoop.hdds.scm.storage.CommitWatcher.watchOnLastIndex(CommitWatcher.java:161)
	at org.apache.hadoop.hdds.scm.storage.BlockOutputStream.watchForCommit(BlockOutputStream.java:346)
	at org.apache.hadoop.hdds.scm.storage.BlockOutputStream.handleFlush(BlockOutputStream.java:482)
	at org.apache.hadoop.hdds.scm.storage.BlockOutputStream.close(BlockOutputStream.java:496)
	at org.apache.hadoop.ozone.client.io.BlockOutputStreamEntry.close(BlockOutputStreamEntry.java:143)
	at org.apache.hadoop.ozone.client.io.KeyOutputStream.handleFlushOrClose(KeyOutputStream.java:435)
	at org.apache.hadoop.ozone.client.io.KeyOutputStream.close(KeyOutputStream.java:473)
	at org.apache.hadoop.ozone.client.io.OzoneOutputStream.close(OzoneOutputStream.java:60)
	at org.apache.hadoop.ozone.freon.RandomKeyGenerator.createKey(RandomKeyGenerator.java:710)
	at org.apache.hadoop.ozone.freon.RandomKeyGenerator.access$1100(RandomKeyGenerator.java:88)
	at org.apache.hadoop.ozone.freon.RandomKeyGenerator$ObjectCreator.run(RandomKeyGenerator.java:615)
	at java.util.concurrent.Executors$RunnableAdapter.call(Executors.java:511)
	at java.util.concurrent.FutureTask.run(FutureTask.java:266)
	at java.util.concurrent.ThreadPoolExecutor.runWorker(ThreadPoolExecutor.java:1149)
	at java.util.concurrent.ThreadPoolExecutor$Worker.run(ThreadPoolExecutor.java:624)
	at java.lang.Thread.run(Thread.java:748)
2019-10-14 11:32:06,767 [pool-792-thread-5] WARN  scm.XceiverClientRatis (XceiverClientRatis.java:watchForCommit(277)) - 3 way commit failed on pipeline Pipeline[ Id: 2022d43f-8568-4eb3-8e25-4185a63dc881, Nodes: 695f5b12-785d-4bb9-81e1-a9c400a6ed08{ip: 192.168.151.118, host: pr-hdds-2296-8rkbz-2376872687, networkLocation: /default-rack, certSerialId: null}80f314e5-897c-47a9-97da-b334286c4d7b{ip: 192.168.151.118, host: pr-hdds-2296-8rkbz-2376872687, networkLocation: /default-rack, certSerialId: null}3a98185c-0216-4d9f-b193-b5f9d6cb9681{ip: 192.168.151.118, host: pr-hdds-2296-8rkbz-2376872687, networkLocation: /default-rack, certSerialId: null}, Type:RATIS, Factor:THREE, State:OPEN]
java.util.concurrent.TimeoutException
	at java.util.concurrent.CompletableFuture.timedGet(CompletableFuture.java:1771)
	at java.util.concurrent.CompletableFuture.get(CompletableFuture.java:1915)
	at org.apache.hadoop.hdds.scm.XceiverClientRatis.watchForCommit(XceiverClientRatis.java:274)
	at org.apache.hadoop.hdds.scm.storage.CommitWatcher.watchForCommit(CommitWatcher.java:198)
	at org.apache.hadoop.hdds.scm.storage.CommitWatcher.watchOnLastIndex(CommitWatcher.java:161)
	at org.apache.hadoop.hdds.scm.storage.BlockOutputStream.watchForCommit(BlockOutputStream.java:346)
	at org.apache.hadoop.hdds.scm.storage.BlockOutputStream.handleFlush(BlockOutputStream.java:482)
	at org.apache.hadoop.hdds.scm.storage.BlockOutputStream.close(BlockOutputStream.java:496)
	at org.apache.hadoop.ozone.client.io.BlockOutputStreamEntry.close(BlockOutputStreamEntry.java:143)
	at org.apache.hadoop.ozone.client.io.KeyOutputStream.handleFlushOrClose(KeyOutputStream.java:435)
	at org.apache.hadoop.ozone.client.io.KeyOutputStream.close(KeyOutputStream.java:473)
	at org.apache.hadoop.ozone.client.io.OzoneOutputStream.close(OzoneOutputStream.java:60)
	at org.apache.hadoop.ozone.freon.RandomKeyGenerator.createKey(RandomKeyGenerator.java:710)
	at org.apache.hadoop.ozone.freon.RandomKeyGenerator.access$1100(RandomKeyGenerator.java:88)
	at org.apache.hadoop.ozone.freon.RandomKeyGenerator$ObjectCreator.run(RandomKeyGenerator.java:615)
	at java.util.concurrent.Executors$RunnableAdapter.call(Executors.java:511)
	at java.util.concurrent.FutureTask.run(FutureTask.java:266)
	at java.util.concurrent.ThreadPoolExecutor.runWorker(ThreadPoolExecutor.java:1149)
	at java.util.concurrent.ThreadPoolExecutor$Worker.run(ThreadPoolExecutor.java:624)
	at java.lang.Thread.run(Thread.java:748)
2019-10-14 11:32:06,767 [pool-792-thread-6] WARN  scm.XceiverClientRatis (XceiverClientRatis.java:watchForCommit(277)) - 3 way commit failed on pipeline Pipeline[ Id: 2022d43f-8568-4eb3-8e25-4185a63dc881, Nodes: 695f5b12-785d-4bb9-81e1-a9c400a6ed08{ip: 192.168.151.118, host: pr-hdds-2296-8rkbz-2376872687, networkLocation: /default-rack, certSerialId: null}80f314e5-897c-47a9-97da-b334286c4d7b{ip: 192.168.151.118, host: pr-hdds-2296-8rkbz-2376872687, networkLocation: /default-rack, certSerialId: null}3a98185c-0216-4d9f-b193-b5f9d6cb9681{ip: 192.168.151.118, host: pr-hdds-2296-8rkbz-2376872687, networkLocation: /default-rack, certSerialId: null}, Type:RATIS, Factor:THREE, State:OPEN]
java.util.concurrent.TimeoutException
	at java.util.concurrent.CompletableFuture.timedGet(CompletableFuture.java:1771)
	at java.util.concurrent.CompletableFuture.get(CompletableFuture.java:1915)
	at org.apache.hadoop.hdds.scm.XceiverClientRatis.watchForCommit(XceiverClientRatis.java:274)
	at org.apache.hadoop.hdds.scm.storage.CommitWatcher.watchForCommit(CommitWatcher.java:198)
	at org.apache.hadoop.hdds.scm.storage.CommitWatcher.watchOnLastIndex(CommitWatcher.java:161)
	at org.apache.hadoop.hdds.scm.storage.BlockOutputStream.watchForCommit(BlockOutputStream.java:346)
	at org.apache.hadoop.hdds.scm.storage.BlockOutputStream.handleFlush(BlockOutputStream.java:482)
	at org.apache.hadoop.hdds.scm.storage.BlockOutputStream.close(BlockOutputStream.java:496)
	at org.apache.hadoop.ozone.client.io.BlockOutputStreamEntry.close(BlockOutputStreamEntry.java:143)
	at org.apache.hadoop.ozone.client.io.KeyOutputStream.handleFlushOrClose(KeyOutputStream.java:435)
	at org.apache.hadoop.ozone.client.io.KeyOutputStream.close(KeyOutputStream.java:473)
	at org.apache.hadoop.ozone.client.io.OzoneOutputStream.close(OzoneOutputStream.java:60)
	at org.apache.hadoop.ozone.freon.RandomKeyGenerator.createKey(RandomKeyGenerator.java:710)
	at org.apache.hadoop.ozone.freon.RandomKeyGenerator.access$1100(RandomKeyGenerator.java:88)
	at org.apache.hadoop.ozone.freon.RandomKeyGenerator$ObjectCreator.run(RandomKeyGenerator.java:615)
	at java.util.concurrent.Executors$RunnableAdapter.call(Executors.java:511)
	at java.util.concurrent.FutureTask.run(FutureTask.java:266)
	at java.util.concurrent.ThreadPoolExecutor.runWorker(ThreadPoolExecutor.java:1149)
	at java.util.concurrent.ThreadPoolExecutor$Worker.run(ThreadPoolExecutor.java:624)
	at java.lang.Thread.run(Thread.java:748)
2019-10-14 11:32:06,772 [pool-792-thread-10] WARN  scm.XceiverClientRatis (XceiverClientRatis.java:watchForCommit(277)) - 3 way commit failed on pipeline Pipeline[ Id: 2022d43f-8568-4eb3-8e25-4185a63dc881, Nodes: 695f5b12-785d-4bb9-81e1-a9c400a6ed08{ip: 192.168.151.118, host: pr-hdds-2296-8rkbz-2376872687, networkLocation: /default-rack, certSerialId: null}80f314e5-897c-47a9-97da-b334286c4d7b{ip: 192.168.151.118, host: pr-hdds-2296-8rkbz-2376872687, networkLocation: /default-rack, certSerialId: null}3a98185c-0216-4d9f-b193-b5f9d6cb9681{ip: 192.168.151.118, host: pr-hdds-2296-8rkbz-2376872687, networkLocation: /default-rack, certSerialId: null}, Type:RATIS, Factor:THREE, State:OPEN]
java.util.concurrent.TimeoutException
	at java.util.concurrent.CompletableFuture.timedGet(CompletableFuture.java:1771)
	at java.util.concurrent.CompletableFuture.get(CompletableFuture.java:1915)
	at org.apache.hadoop.hdds.scm.XceiverClientRatis.watchForCommit(XceiverClientRatis.java:274)
	at org.apache.hadoop.hdds.scm.storage.CommitWatcher.watchForCommit(CommitWatcher.java:198)
	at org.apache.hadoop.hdds.scm.storage.CommitWatcher.watchOnLastIndex(CommitWatcher.java:161)
	at org.apache.hadoop.hdds.scm.storage.BlockOutputStream.watchForCommit(BlockOutputStream.java:346)
	at org.apache.hadoop.hdds.scm.storage.BlockOutputStream.handleFlush(BlockOutputStream.java:482)
	at org.apache.hadoop.hdds.scm.storage.BlockOutputStream.close(BlockOutputStream.java:496)
	at org.apache.hadoop.ozone.client.io.BlockOutputStreamEntry.close(BlockOutputStreamEntry.java:143)
	at org.apache.hadoop.ozone.client.io.KeyOutputStream.handleFlushOrClose(KeyOutputStream.java:435)
	at org.apache.hadoop.ozone.client.io.KeyOutputStream.close(KeyOutputStream.java:473)
	at org.apache.hadoop.ozone.client.io.OzoneOutputStream.close(OzoneOutputStream.java:60)
	at org.apache.hadoop.ozone.freon.RandomKeyGenerator.createKey(RandomKeyGenerator.java:710)
	at org.apache.hadoop.ozone.freon.RandomKeyGenerator.access$1100(RandomKeyGenerator.java:88)
	at org.apache.hadoop.ozone.freon.RandomKeyGenerator$ObjectCreator.run(RandomKeyGenerator.java:615)
	at java.util.concurrent.Executors$RunnableAdapter.call(Executors.java:511)
	at java.util.concurrent.FutureTask.run(FutureTask.java:266)
	at java.util.concurrent.ThreadPoolExecutor.runWorker(ThreadPoolExecutor.java:1149)
	at java.util.concurrent.ThreadPoolExecutor$Worker.run(ThreadPoolExecutor.java:624)
	at java.lang.Thread.run(Thread.java:748)
2019-10-14 11:32:06,771 [pool-792-thread-9] WARN  scm.XceiverClientRatis (XceiverClientRatis.java:watchForCommit(277)) - 3 way commit failed on pipeline Pipeline[ Id: 2022d43f-8568-4eb3-8e25-4185a63dc881, Nodes: 695f5b12-785d-4bb9-81e1-a9c400a6ed08{ip: 192.168.151.118, host: pr-hdds-2296-8rkbz-2376872687, networkLocation: /default-rack, certSerialId: null}80f314e5-897c-47a9-97da-b334286c4d7b{ip: 192.168.151.118, host: pr-hdds-2296-8rkbz-2376872687, networkLocation: /default-rack, certSerialId: null}3a98185c-0216-4d9f-b193-b5f9d6cb9681{ip: 192.168.151.118, host: pr-hdds-2296-8rkbz-2376872687, networkLocation: /default-rack, certSerialId: null}, Type:RATIS, Factor:THREE, State:OPEN]
java.util.concurrent.TimeoutException
	at java.util.concurrent.CompletableFuture.timedGet(CompletableFuture.java:1771)
	at java.util.concurrent.CompletableFuture.get(CompletableFuture.java:1915)
	at org.apache.hadoop.hdds.scm.XceiverClientRatis.watchForCommit(XceiverClientRatis.java:274)
	at org.apache.hadoop.hdds.scm.storage.CommitWatcher.watchForCommit(CommitWatcher.java:198)
	at org.apache.hadoop.hdds.scm.storage.CommitWatcher.watchOnLastIndex(CommitWatcher.java:161)
	at org.apache.hadoop.hdds.scm.storage.BlockOutputStream.watchForCommit(BlockOutputStream.java:346)
	at org.apache.hadoop.hdds.scm.storage.BlockOutputStream.handleFlush(BlockOutputStream.java:482)
	at org.apache.hadoop.hdds.scm.storage.BlockOutputStream.close(BlockOutputStream.java:496)
	at org.apache.hadoop.ozone.client.io.BlockOutputStreamEntry.close(BlockOutputStreamEntry.java:143)
	at org.apache.hadoop.ozone.client.io.KeyOutputStream.handleFlushOrClose(KeyOutputStream.java:435)
	at org.apache.hadoop.ozone.client.io.KeyOutputStream.close(KeyOutputStream.java:473)
	at org.apache.hadoop.ozone.client.io.OzoneOutputStream.close(OzoneOutputStream.java:60)
	at org.apache.hadoop.ozone.freon.RandomKeyGenerator.createKey(RandomKeyGenerator.java:710)
	at org.apache.hadoop.ozone.freon.RandomKeyGenerator.access$1100(RandomKeyGenerator.java:88)
	at org.apache.hadoop.ozone.freon.RandomKeyGenerator$ObjectCreator.run(RandomKeyGenerator.java:615)
	at java.util.concurrent.Executors$RunnableAdapter.call(Executors.java:511)
	at java.util.concurrent.FutureTask.run(FutureTask.java:266)
	at java.util.concurrent.ThreadPoolExecutor.runWorker(ThreadPoolExecutor.java:1149)
	at java.util.concurrent.ThreadPoolExecutor$Worker.run(ThreadPoolExecutor.java:624)
	at java.lang.Thread.run(Thread.java:748)
2019-10-14 11:32:06,771 [pool-792-thread-3] WARN  scm.XceiverClientRatis (XceiverClientRatis.java:watchForCommit(277)) - 3 way commit failed on pipeline Pipeline[ Id: 2022d43f-8568-4eb3-8e25-4185a63dc881, Nodes: 695f5b12-785d-4bb9-81e1-a9c400a6ed08{ip: 192.168.151.118, host: pr-hdds-2296-8rkbz-2376872687, networkLocation: /default-rack, certSerialId: null}80f314e5-897c-47a9-97da-b334286c4d7b{ip: 192.168.151.118, host: pr-hdds-2296-8rkbz-2376872687, networkLocation: /default-rack, certSerialId: null}3a98185c-0216-4d9f-b193-b5f9d6cb9681{ip: 192.168.151.118, host: pr-hdds-2296-8rkbz-2376872687, networkLocation: /default-rack, certSerialId: null}, Type:RATIS, Factor:THREE, State:OPEN]
java.util.concurrent.TimeoutException
	at java.util.concurrent.CompletableFuture.timedGet(CompletableFuture.java:1771)
	at java.util.concurrent.CompletableFuture.get(CompletableFuture.java:1915)
	at org.apache.hadoop.hdds.scm.XceiverClientRatis.watchForCommit(XceiverClientRatis.java:274)
	at org.apache.hadoop.hdds.scm.storage.CommitWatcher.watchForCommit(CommitWatcher.java:198)
	at org.apache.hadoop.hdds.scm.storage.CommitWatcher.watchOnLastIndex(CommitWatcher.java:161)
	at org.apache.hadoop.hdds.scm.storage.BlockOutputStream.watchForCommit(BlockOutputStream.java:346)
	at org.apache.hadoop.hdds.scm.storage.BlockOutputStream.handleFlush(BlockOutputStream.java:482)
	at org.apache.hadoop.hdds.scm.storage.BlockOutputStream.close(BlockOutputStream.java:496)
	at org.apache.hadoop.ozone.client.io.BlockOutputStreamEntry.close(BlockOutputStreamEntry.java:143)
	at org.apache.hadoop.ozone.client.io.KeyOutputStream.handleFlushOrClose(KeyOutputStream.java:435)
	at org.apache.hadoop.ozone.client.io.KeyOutputStream.close(KeyOutputStream.java:473)
	at org.apache.hadoop.ozone.client.io.OzoneOutputStream.close(OzoneOutputStream.java:60)
	at org.apache.hadoop.ozone.freon.RandomKeyGenerator.createKey(RandomKeyGenerator.java:710)
	at org.apache.hadoop.ozone.freon.RandomKeyGenerator.access$1100(RandomKeyGenerator.java:88)
	at org.apache.hadoop.ozone.freon.RandomKeyGenerator$ObjectCreator.run(RandomKeyGenerator.java:615)
	at java.util.concurrent.Executors$RunnableAdapter.call(Executors.java:511)
	at java.util.concurrent.FutureTask.run(FutureTask.java:266)
	at java.util.concurrent.ThreadPoolExecutor.runWorker(ThreadPoolExecutor.java:1149)
	at java.util.concurrent.ThreadPoolExecutor$Worker.run(ThreadPoolExecutor.java:624)
	at java.lang.Thread.run(Thread.java:748)
2019-10-14 11:32:06,769 [pool-792-thread-8] WARN  scm.XceiverClientRatis (XceiverClientRatis.java:watchForCommit(277)) - 3 way commit failed on pipeline Pipeline[ Id: 2022d43f-8568-4eb3-8e25-4185a63dc881, Nodes: 695f5b12-785d-4bb9-81e1-a9c400a6ed08{ip: 192.168.151.118, host: pr-hdds-2296-8rkbz-2376872687, networkLocation: /default-rack, certSerialId: null}80f314e5-897c-47a9-97da-b334286c4d7b{ip: 192.168.151.118, host: pr-hdds-2296-8rkbz-2376872687, networkLocation: /default-rack, certSerialId: null}3a98185c-0216-4d9f-b193-b5f9d6cb9681{ip: 192.168.151.118, host: pr-hdds-2296-8rkbz-2376872687, networkLocation: /default-rack, certSerialId: null}, Type:RATIS, Factor:THREE, State:OPEN]
java.util.concurrent.TimeoutException
	at java.util.concurrent.CompletableFuture.timedGet(CompletableFuture.java:1771)
	at java.util.concurrent.CompletableFuture.get(CompletableFuture.java:1915)
	at org.apache.hadoop.hdds.scm.XceiverClientRatis.watchForCommit(XceiverClientRatis.java:274)
	at org.apache.hadoop.hdds.scm.storage.CommitWatcher.watchForCommit(CommitWatcher.java:198)
	at org.apache.hadoop.hdds.scm.storage.CommitWatcher.watchOnLastIndex(CommitWatcher.java:161)
	at org.apache.hadoop.hdds.scm.storage.BlockOutputStream.watchForCommit(BlockOutputStream.java:346)
	at org.apache.hadoop.hdds.scm.storage.BlockOutputStream.handleFlush(BlockOutputStream.java:482)
	at org.apache.hadoop.hdds.scm.storage.BlockOutputStream.close(BlockOutputStream.java:496)
	at org.apache.hadoop.ozone.client.io.BlockOutputStreamEntry.close(BlockOutputStreamEntry.java:143)
	at org.apache.hadoop.ozone.client.io.KeyOutputStream.handleFlushOrClose(KeyOutputStream.java:435)
	at org.apache.hadoop.ozone.client.io.KeyOutputStream.close(KeyOutputStream.java:473)
	at org.apache.hadoop.ozone.client.io.OzoneOutputStream.close(OzoneOutputStream.java:60)
	at org.apache.hadoop.ozone.freon.RandomKeyGenerator.createKey(RandomKeyGenerator.java:710)
	at org.apache.hadoop.ozone.freon.RandomKeyGenerator.access$1100(RandomKeyGenerator.java:88)
	at org.apache.hadoop.ozone.freon.RandomKeyGenerator$ObjectCreator.run(RandomKeyGenerator.java:615)
	at java.util.concurrent.Executors$RunnableAdapter.call(Executors.java:511)
	at java.util.concurrent.FutureTask.run(FutureTask.java:266)
	at java.util.concurrent.ThreadPoolExecutor.runWorker(ThreadPoolExecutor.java:1149)
	at java.util.concurrent.ThreadPoolExecutor$Worker.run(ThreadPoolExecutor.java:624)
	at java.lang.Thread.run(Thread.java:748)
2019-10-14 11:32:06,769 [pool-792-thread-7] WARN  scm.XceiverClientRatis (XceiverClientRatis.java:watchForCommit(277)) - 3 way commit failed on pipeline Pipeline[ Id: 2022d43f-8568-4eb3-8e25-4185a63dc881, Nodes: 695f5b12-785d-4bb9-81e1-a9c400a6ed08{ip: 192.168.151.118, host: pr-hdds-2296-8rkbz-2376872687, networkLocation: /default-rack, certSerialId: null}80f314e5-897c-47a9-97da-b334286c4d7b{ip: 192.168.151.118, host: pr-hdds-2296-8rkbz-2376872687, networkLocation: /default-rack, certSerialId: null}3a98185c-0216-4d9f-b193-b5f9d6cb9681{ip: 192.168.151.118, host: pr-hdds-2296-8rkbz-2376872687, networkLocation: /default-rack, certSerialId: null}, Type:RATIS, Factor:THREE, State:OPEN]
java.util.concurrent.TimeoutException
	at java.util.concurrent.CompletableFuture.timedGet(CompletableFuture.java:1771)
	at java.util.concurrent.CompletableFuture.get(CompletableFuture.java:1915)
	at org.apache.hadoop.hdds.scm.XceiverClientRatis.watchForCommit(XceiverClientRatis.java:274)
	at org.apache.hadoop.hdds.scm.storage.CommitWatcher.watchForCommit(CommitWatcher.java:198)
	at org.apache.hadoop.hdds.scm.storage.CommitWatcher.watchOnLastIndex(CommitWatcher.java:161)
	at org.apache.hadoop.hdds.scm.storage.BlockOutputStream.watchForCommit(BlockOutputStream.java:346)
	at org.apache.hadoop.hdds.scm.storage.BlockOutputStream.handleFlush(BlockOutputStream.java:482)
	at org.apache.hadoop.hdds.scm.storage.BlockOutputStream.close(BlockOutputStream.java:496)
	at org.apache.hadoop.ozone.client.io.BlockOutputStreamEntry.close(BlockOutputStreamEntry.java:143)
	at org.apache.hadoop.ozone.client.io.KeyOutputStream.handleFlushOrClose(KeyOutputStream.java:435)
	at org.apache.hadoop.ozone.client.io.KeyOutputStream.close(KeyOutputStream.java:473)
	at org.apache.hadoop.ozone.client.io.OzoneOutputStream.close(OzoneOutputStream.java:60)
	at org.apache.hadoop.ozone.freon.RandomKeyGenerator.createKey(RandomKeyGenerator.java:710)
	at org.apache.hadoop.ozone.freon.RandomKeyGenerator.access$1100(RandomKeyGenerator.java:88)
	at org.apache.hadoop.ozone.freon.RandomKeyGenerator$ObjectCreator.run(RandomKeyGenerator.java:615)
	at java.util.concurrent.Executors$RunnableAdapter.call(Executors.java:511)
	at java.util.concurrent.FutureTask.run(FutureTask.java:266)
	at java.util.concurrent.ThreadPoolExecutor.runWorker(ThreadPoolExecutor.java:1149)
	at java.util.concurrent.ThreadPoolExecutor$Worker.run(ThreadPoolExecutor.java:624)
	at java.lang.Thread.run(Thread.java:748)
2019-10-14 11:32:06,781 [Thread-24991] INFO  client.GrpcClientProtocolService (GrpcClientProtocolService.java:lambda$processClientRequest$0(278)) - Failed RaftClientRequest:client-16D1BEF3E37F->695f5b12-785d-4bb9-81e1-a9c400a6ed08@group-4185A63DC881, cid=5754, seq=0, Watch-MAJORITY_COMMITTED(8761), Message:<EMPTY>, reply=RaftClientReply:client-16D1BEF3E37F->695f5b12-785d-4bb9-81e1-a9c400a6ed08@group-4185A63DC881, cid=5754, FAILED org.apache.ratis.protocol.NotLeaderException: Server 695f5b12-785d-4bb9-81e1-a9c400a6ed08@group-4185A63DC881 is not the leader 80f314e5-897c-47a9-97da-b334286c4d7b:192.168.151.118:37937, logIndex=0, commits[695f5b12-785d-4bb9-81e1-a9c400a6ed08:c8763, 80f314e5-897c-47a9-97da-b334286c4d7b:c8763, 3a98185c-0216-4d9f-b193-b5f9d6cb9681:c8744]
2019-10-14 11:32:06,782 [Thread-24987] INFO  client.GrpcClientProtocolService (GrpcClientProtocolService.java:lambda$processClientRequest$0(278)) - Failed RaftClientRequest:client-16D1BEF3E37F->695f5b12-785d-4bb9-81e1-a9c400a6ed08@group-4185A63DC881, cid=5750, seq=0, Watch-MAJORITY_COMMITTED(8753), Message:<EMPTY>, reply=RaftClientReply:client-16D1BEF3E37F->695f5b12-785d-4bb9-81e1-a9c400a6ed08@group-4185A63DC881, cid=5750, FAILED org.apache.ratis.protocol.NotLeaderException: Server 695f5b12-785d-4bb9-81e1-a9c400a6ed08@group-4185A63DC881 is not the leader 80f314e5-897c-47a9-97da-b334286c4d7b:192.168.151.118:37937, logIndex=0, commits[695f5b12-785d-4bb9-81e1-a9c400a6ed08:c8763, 80f314e5-897c-47a9-97da-b334286c4d7b:c8763, 3a98185c-0216-4d9f-b193-b5f9d6cb9681:c8744]
2019-10-14 11:32:06,782 [Thread-24985] INFO  client.GrpcClientProtocolService (GrpcClientProtocolService.java:lambda$processClientRequest$0(278)) - Failed RaftClientRequest:client-16D1BEF3E37F->695f5b12-785d-4bb9-81e1-a9c400a6ed08@group-4185A63DC881, cid=5747, seq=0, Watch-MAJORITY_COMMITTED(8748), Message:<EMPTY>, reply=RaftClientReply:client-16D1BEF3E37F->695f5b12-785d-4bb9-81e1-a9c400a6ed08@group-4185A63DC881, cid=5747, FAILED org.apache.ratis.protocol.NotLeaderException: Server 695f5b12-785d-4bb9-81e1-a9c400a6ed08@group-4185A63DC881 is not the leader 80f314e5-897c-47a9-97da-b334286c4d7b:192.168.151.118:37937, logIndex=0, commits[695f5b12-785d-4bb9-81e1-a9c400a6ed08:c8763, 80f314e5-897c-47a9-97da-b334286c4d7b:c8763, 3a98185c-0216-4d9f-b193-b5f9d6cb9681:c8744]
2019-10-14 11:32:06,782 [Thread-24986] INFO  client.GrpcClientProtocolService (GrpcClientProtocolService.java:lambda$processClientRequest$0(278)) - Failed RaftClientRequest:client-16D1BEF3E37F->695f5b12-785d-4bb9-81e1-a9c400a6ed08@group-4185A63DC881, cid=5749, seq=0, Watch-MAJORITY_COMMITTED(8749), Message:<EMPTY>, reply=RaftClientReply:client-16D1BEF3E37F->695f5b12-785d-4bb9-81e1-a9c400a6ed08@group-4185A63DC881, cid=5749, FAILED org.apache.ratis.protocol.NotLeaderException: Server 695f5b12-785d-4bb9-81e1-a9c400a6ed08@group-4185A63DC881 is not the leader 80f314e5-897c-47a9-97da-b334286c4d7b:192.168.151.118:37937, logIndex=0, commits[695f5b12-785d-4bb9-81e1-a9c400a6ed08:c8763, 80f314e5-897c-47a9-97da-b334286c4d7b:c8763, 3a98185c-0216-4d9f-b193-b5f9d6cb9681:c8744]
2019-10-14 11:32:06,782 [Thread-24988] INFO  client.GrpcClientProtocolService (GrpcClientProtocolService.java:lambda$processClientRequest$0(278)) - Failed RaftClientRequest:client-16D1BEF3E37F->695f5b12-785d-4bb9-81e1-a9c400a6ed08@group-4185A63DC881, cid=5751, seq=0, Watch-MAJORITY_COMMITTED(8751), Message:<EMPTY>, reply=RaftClientReply:client-16D1BEF3E37F->695f5b12-785d-4bb9-81e1-a9c400a6ed08@group-4185A63DC881, cid=5751, FAILED org.apache.ratis.protocol.NotLeaderException: Server 695f5b12-785d-4bb9-81e1-a9c400a6ed08@group-4185A63DC881 is not the leader 80f314e5-897c-47a9-97da-b334286c4d7b:192.168.151.118:37937, logIndex=0, commits[695f5b12-785d-4bb9-81e1-a9c400a6ed08:c8763, 80f314e5-897c-47a9-97da-b334286c4d7b:c8763, 3a98185c-0216-4d9f-b193-b5f9d6cb9681:c8744]
2019-10-14 11:32:06,782 [Thread-24989] INFO  client.GrpcClientProtocolService (GrpcClientProtocolService.java:lambda$processClientRequest$0(278)) - Failed RaftClientRequest:client-16D1BEF3E37F->695f5b12-785d-4bb9-81e1-a9c400a6ed08@group-4185A63DC881, cid=5752, seq=0, Watch-MAJORITY_COMMITTED(8762), Message:<EMPTY>, reply=RaftClientReply:client-16D1BEF3E37F->695f5b12-785d-4bb9-81e1-a9c400a6ed08@group-4185A63DC881, cid=5752, FAILED org.apache.ratis.protocol.NotLeaderException: Server 695f5b12-785d-4bb9-81e1-a9c400a6ed08@group-4185A63DC881 is not the leader 80f314e5-897c-47a9-97da-b334286c4d7b:192.168.151.118:37937, logIndex=0, commits[695f5b12-785d-4bb9-81e1-a9c400a6ed08:c8763, 80f314e5-897c-47a9-97da-b334286c4d7b:c8763, 3a98185c-0216-4d9f-b193-b5f9d6cb9681:c8744]
2019-10-14 11:32:06,782 [Thread-24990] INFO  client.GrpcClientProtocolService (GrpcClientProtocolService.java:lambda$processClientRequest$0(278)) - Failed RaftClientRequest:client-16D1BEF3E37F->695f5b12-785d-4bb9-81e1-a9c400a6ed08@group-4185A63DC881, cid=5753, seq=0, Watch-MAJORITY_COMMITTED(8763), Message:<EMPTY>, reply=RaftClientReply:client-16D1BEF3E37F->695f5b12-785d-4bb9-81e1-a9c400a6ed08@group-4185A63DC881, cid=5753, FAILED org.apache.ratis.protocol.NotLeaderException: Server 695f5b12-785d-4bb9-81e1-a9c400a6ed08@group-4185A63DC881 is not the leader 80f314e5-897c-47a9-97da-b334286c4d7b:192.168.151.118:37937, logIndex=0, commits[695f5b12-785d-4bb9-81e1-a9c400a6ed08:c8763, 80f314e5-897c-47a9-97da-b334286c4d7b:c8763, 3a98185c-0216-4d9f-b193-b5f9d6cb9681:c8744]
2019-10-14 11:32:06,781 [Thread-24992] INFO  client.GrpcClientProtocolService (GrpcClientProtocolService.java:lambda$processClientRequest$0(278)) - Failed RaftClientRequest:client-16D1BEF3E37F->695f5b12-785d-4bb9-81e1-a9c400a6ed08@group-4185A63DC881, cid=5755, seq=0, Watch-MAJORITY_COMMITTED(8757), Message:<EMPTY>, reply=RaftClientReply:client-16D1BEF3E37F->695f5b12-785d-4bb9-81e1-a9c400a6ed08@group-4185A63DC881, cid=5755, FAILED org.apache.ratis.protocol.NotLeaderException: Server 695f5b12-785d-4bb9-81e1-a9c400a6ed08@group-4185A63DC881 is not the leader 80f314e5-897c-47a9-97da-b334286c4d7b:192.168.151.118:37937, logIndex=0, commits[695f5b12-785d-4bb9-81e1-a9c400a6ed08:c8763, 80f314e5-897c-47a9-97da-b334286c4d7b:c8763, 3a98185c-0216-4d9f-b193-b5f9d6cb9681:c8744]
2019-10-14 11:32:06,781 [Thread-24984] INFO  client.GrpcClientProtocolService (GrpcClientProtocolService.java:lambda$processClientRequest$0(278)) - Failed RaftClientRequest:client-16D1BEF3E37F->695f5b12-785d-4bb9-81e1-a9c400a6ed08@group-4185A63DC881, cid=5748, seq=0, Watch-MAJORITY_COMMITTED(8747), Message:<EMPTY>, reply=RaftClientReply:client-16D1BEF3E37F->695f5b12-785d-4bb9-81e1-a9c400a6ed08@group-4185A63DC881, cid=5748, FAILED org.apache.ratis.protocol.NotLeaderException: Server 695f5b12-785d-4bb9-81e1-a9c400a6ed08@group-4185A63DC881 is not the leader 80f314e5-897c-47a9-97da-b334286c4d7b:192.168.151.118:37937, logIndex=0, commits[695f5b12-785d-4bb9-81e1-a9c400a6ed08:c8763, 80f314e5-897c-47a9-97da-b334286c4d7b:c8763, 3a98185c-0216-4d9f-b193-b5f9d6cb9681:c8744]
2019-10-14 11:32:06,782 [Thread-24993] INFO  client.GrpcClientProtocolService (GrpcClientProtocolService.java:lambda$processClientRequest$0(278)) - Failed RaftClientRequest:client-16D1BEF3E37F->695f5b12-785d-4bb9-81e1-a9c400a6ed08@group-4185A63DC881, cid=5756, seq=0, Watch-MAJORITY_COMMITTED(8755), Message:<EMPTY>, reply=RaftClientReply:client-16D1BEF3E37F->695f5b12-785d-4bb9-81e1-a9c400a6ed08@group-4185A63DC881, cid=5756, FAILED org.apache.ratis.protocol.NotLeaderException: Server 695f5b12-785d-4bb9-81e1-a9c400a6ed08@group-4185A63DC881 is not the leader 80f314e5-897c-47a9-97da-b334286c4d7b:192.168.151.118:37937, logIndex=0, commits[695f5b12-785d-4bb9-81e1-a9c400a6ed08:c8763, 80f314e5-897c-47a9-97da-b334286c4d7b:c8763, 3a98185c-0216-4d9f-b193-b5f9d6cb9681:c8744]
 8.00% |█████████                                                                                            |  8/100 Time: 0:00:12 8.00% |█████████                                                                                            |  8/100 Time: 0:00:13 8.00% |█████████                                                                                            |  8/100 Time: 0:00:142019-10-14 11:32:09,878 [java.util.concurrent.ThreadPoolExecutor$Worker@24b44192[State = -1, empty queue]] WARN  server.GrpcLogAppender (GrpcLogAppender.java:timeoutAppendRequest(200)) - 80f314e5-897c-47a9-97da-b334286c4d7b@group-4185A63DC881->695f5b12-785d-4bb9-81e1-a9c400a6ed08-GrpcLogAppender: appendEntries Timeout, request=80f314e5-897c-47a9-97da-b334286c4d7b->695f5b12-785d-4bb9-81e1-a9c400a6ed08#8800-t2, previous=(t:2, i:8764), leaderCommit=8764, initializing? false, entries: size=1, first=(t:2, i:8765), STATEMACHINELOGENTRY, client-837303A0770A, cid=5762
2019-10-14 11:32:09,879 [java.util.concurrent.ThreadPoolExecutor$Worker@40f2a694[State = -1, empty queue]] ERROR client.GrpcClientProtocolClient (GrpcClientProtocolClient.java:close(148)) - Unexpected exception while waiting for channel termination
java.lang.InterruptedException
	at java.util.concurrent.locks.AbstractQueuedSynchronizer.tryAcquireSharedNanos(AbstractQueuedSynchronizer.java:1326)
	at java.util.concurrent.CountDownLatch.await(CountDownLatch.java:277)
	at org.apache.ratis.thirdparty.io.grpc.internal.ManagedChannelImpl.awaitTermination(ManagedChannelImpl.java:763)
	at org.apache.ratis.thirdparty.io.grpc.internal.ForwardingManagedChannel.awaitTermination(ForwardingManagedChannel.java:57)
	at org.apache.ratis.thirdparty.io.grpc.internal.ManagedChannelOrphanWrapper.awaitTermination(ManagedChannelOrphanWrapper.java:70)
	at org.apache.ratis.grpc.client.GrpcClientProtocolClient.close(GrpcClientProtocolClient.java:146)
	at org.apache.ratis.util.PeerProxyMap$PeerAndProxy.lambda$close$1(PeerProxyMap.java:74)
	at org.apache.ratis.util.LifeCycle.lambda$checkStateAndClose$2(LifeCycle.java:231)
	at org.apache.ratis.util.LifeCycle.checkStateAndClose(LifeCycle.java:251)
	at org.apache.ratis.util.LifeCycle.checkStateAndClose(LifeCycle.java:229)
	at org.apache.ratis.util.PeerProxyMap$PeerAndProxy.close(PeerProxyMap.java:70)
	at org.apache.ratis.util.PeerProxyMap.resetProxy(PeerProxyMap.java:127)
	at org.apache.ratis.util.PeerProxyMap.handleException(PeerProxyMap.java:136)
	at org.apache.ratis.client.impl.RaftClientRpcWithProxy.handleException(RaftClientRpcWithProxy.java:47)
	at org.apache.ratis.client.impl.RaftClientImpl.handleIOException(RaftClientImpl.java:372)
	at org.apache.ratis.client.impl.OrderedAsync.lambda$sendRequest$10(OrderedAsync.java:236)
	at java.util.concurrent.CompletableFuture.uniExceptionally(CompletableFuture.java:870)
	at java.util.concurrent.CompletableFuture$UniExceptionally.tryFire(CompletableFuture.java:852)
	at java.util.concurrent.CompletableFuture.postComplete(CompletableFuture.java:474)
	at java.util.concurrent.CompletableFuture.completeExceptionally(CompletableFuture.java:1977)
	at org.apache.ratis.grpc.client.GrpcClientProtocolClient$AsyncStreamObservers.lambda$timeoutCheck$3(GrpcClientProtocolClient.java:324)
	at java.util.Optional.ifPresent(Optional.java:159)
	at org.apache.ratis.grpc.client.GrpcClientProtocolClient$AsyncStreamObservers.handleReplyFuture(GrpcClientProtocolClient.java:329)
	at org.apache.ratis.grpc.client.GrpcClientProtocolClient$AsyncStreamObservers.timeoutCheck(GrpcClientProtocolClient.java:324)
	at org.apache.ratis.grpc.client.GrpcClientProtocolClient$AsyncStreamObservers.lambda$onNext$1(GrpcClientProtocolClient.java:318)
	at org.apache.ratis.util.TimeoutScheduler.lambda$onTimeout$0(TimeoutScheduler.java:113)
	at org.apache.ratis.util.TimeoutScheduler.lambda$onTimeout$1(TimeoutScheduler.java:133)
	at org.apache.ratis.util.LogUtils.runAndLog(LogUtils.java:50)
	at org.apache.ratis.util.LogUtils$1.run(LogUtils.java:91)
	at java.util.concurrent.Executors$RunnableAdapter.call(Executors.java:511)
	at java.util.concurrent.FutureTask.run(FutureTask.java:266)
	at java.util.concurrent.ScheduledThreadPoolExecutor$ScheduledFutureTask.access$201(ScheduledThreadPoolExecutor.java:180)
	at java.util.concurrent.ScheduledThreadPoolExecutor$ScheduledFutureTask.run(ScheduledThreadPoolExecutor.java:293)
	at java.util.concurrent.ThreadPoolExecutor.runWorker(ThreadPoolExecutor.java:1149)
	at java.util.concurrent.ThreadPoolExecutor$Worker.run(ThreadPoolExecutor.java:624)
	at java.lang.Thread.run(Thread.java:748)
2019-10-14 11:32:09,878 [java.util.concurrent.ThreadPoolExecutor$Worker@401d4ecf[State = -1, empty queue]] WARN  server.GrpcLogAppender (GrpcLogAppender.java:timeoutAppendRequest(200)) - 80f314e5-897c-47a9-97da-b334286c4d7b@group-4185A63DC881->3a98185c-0216-4d9f-b193-b5f9d6cb9681-GrpcLogAppender: appendEntries Timeout, request=80f314e5-897c-47a9-97da-b334286c4d7b->3a98185c-0216-4d9f-b193-b5f9d6cb9681#8800-t2, previous=(t:2, i:8764), leaderCommit=8764, initializing? false, entries: size=1, first=(t:2, i:8765), STATEMACHINELOGENTRY, client-837303A0770A, cid=5762
2019-10-14 11:32:09,882 [java.util.concurrent.ThreadPoolExecutor$Worker@40f2a694[State = -1, empty queue]] WARN  util.TimeoutScheduler (LogUtils.java:runAndLog(55)) - Failed to task #0: java.lang.NullPointerException
2019-10-14 11:32:09,893 [grpc-default-executor-6] WARN  server.GrpcLogAppender (GrpcLogAppender.java:onNextImpl(251)) - 80f314e5-897c-47a9-97da-b334286c4d7b@group-4185A63DC881->695f5b12-785d-4bb9-81e1-a9c400a6ed08-AppendLogResponseHandler: Request not found, ignoring reply: 80f314e5-897c-47a9-97da-b334286c4d7b<-695f5b12-785d-4bb9-81e1-a9c400a6ed08#8800:OK,SUCCESS,nextIndex:8766,term:2,followerCommit:8764
2019-10-14 11:32:09,893 [grpc-default-executor-4] WARN  server.GrpcLogAppender (GrpcLogAppender.java:onNextImpl(251)) - 80f314e5-897c-47a9-97da-b334286c4d7b@group-4185A63DC881->3a98185c-0216-4d9f-b193-b5f9d6cb9681-AppendLogResponseHandler: Request not found, ignoring reply: 80f314e5-897c-47a9-97da-b334286c4d7b<-3a98185c-0216-4d9f-b193-b5f9d6cb9681#8800:OK,SUCCESS,nextIndex:8766,term:2,followerCommit:8764
 8.00% |█████████                                                                                            |  8/100 Time: 0:00:15 8.00% |█████████                                                                                            |  8/100 Time: 0:00:162019-10-14 11:32:11,767 [pool-792-thread-2] WARN  storage.CommitWatcher (CommitWatcher.java:watchForCommit(207)) - watchForCommit failed for index 8748
java.util.concurrent.TimeoutException
	at java.util.concurrent.CompletableFuture.timedGet(CompletableFuture.java:1771)
	at java.util.concurrent.CompletableFuture.get(CompletableFuture.java:1915)
	at org.apache.hadoop.hdds.scm.XceiverClientRatis.watchForCommit(XceiverClientRatis.java:283)
	at org.apache.hadoop.hdds.scm.storage.CommitWatcher.watchForCommit(CommitWatcher.java:198)
	at org.apache.hadoop.hdds.scm.storage.CommitWatcher.watchOnLastIndex(CommitWatcher.java:161)
	at org.apache.hadoop.hdds.scm.storage.BlockOutputStream.watchForCommit(BlockOutputStream.java:346)
	at org.apache.hadoop.hdds.scm.storage.BlockOutputStream.handleFlush(BlockOutputStream.java:482)
	at org.apache.hadoop.hdds.scm.storage.BlockOutputStream.close(BlockOutputStream.java:496)
	at org.apache.hadoop.ozone.client.io.BlockOutputStreamEntry.close(BlockOutputStreamEntry.java:143)
	at org.apache.hadoop.ozone.client.io.KeyOutputStream.handleFlushOrClose(KeyOutputStream.java:435)
	at org.apache.hadoop.ozone.client.io.KeyOutputStream.close(KeyOutputStream.java:473)
	at org.apache.hadoop.ozone.client.io.OzoneOutputStream.close(OzoneOutputStream.java:60)
	at org.apache.hadoop.ozone.freon.RandomKeyGenerator.createKey(RandomKeyGenerator.java:710)
	at org.apache.hadoop.ozone.freon.RandomKeyGenerator.access$1100(RandomKeyGenerator.java:88)
	at org.apache.hadoop.ozone.freon.RandomKeyGenerator$ObjectCreator.run(RandomKeyGenerator.java:615)
	at java.util.concurrent.Executors$RunnableAdapter.call(Executors.java:511)
	at java.util.concurrent.FutureTask.run(FutureTask.java:266)
	at java.util.concurrent.ThreadPoolExecutor.runWorker(ThreadPoolExecutor.java:1149)
	at java.util.concurrent.ThreadPoolExecutor$Worker.run(ThreadPoolExecutor.java:624)
	at java.lang.Thread.run(Thread.java:748)
2019-10-14 11:32:11,768 [pool-792-thread-4] WARN  storage.CommitWatcher (CommitWatcher.java:watchForCommit(207)) - watchForCommit failed for index 8747
java.util.concurrent.TimeoutException
	at java.util.concurrent.CompletableFuture.timedGet(CompletableFuture.java:1771)
	at java.util.concurrent.CompletableFuture.get(CompletableFuture.java:1915)
	at org.apache.hadoop.hdds.scm.XceiverClientRatis.watchForCommit(XceiverClientRatis.java:283)
	at org.apache.hadoop.hdds.scm.storage.CommitWatcher.watchForCommit(CommitWatcher.java:198)
	at org.apache.hadoop.hdds.scm.storage.CommitWatcher.watchOnLastIndex(CommitWatcher.java:161)
	at org.apache.hadoop.hdds.scm.storage.BlockOutputStream.watchForCommit(BlockOutputStream.java:346)
	at org.apache.hadoop.hdds.scm.storage.BlockOutputStream.handleFlush(BlockOutputStream.java:482)
	at org.apache.hadoop.hdds.scm.storage.BlockOutputStream.close(BlockOutputStream.java:496)
	at org.apache.hadoop.ozone.client.io.BlockOutputStreamEntry.close(BlockOutputStreamEntry.java:143)
	at org.apache.hadoop.ozone.client.io.KeyOutputStream.handleFlushOrClose(KeyOutputStream.java:435)
	at org.apache.hadoop.ozone.client.io.KeyOutputStream.close(KeyOutputStream.java:473)
	at org.apache.hadoop.ozone.client.io.OzoneOutputStream.close(OzoneOutputStream.java:60)
	at org.apache.hadoop.ozone.freon.RandomKeyGenerator.createKey(RandomKeyGenerator.java:710)
	at org.apache.hadoop.ozone.freon.RandomKeyGenerator.access$1100(RandomKeyGenerator.java:88)
	at org.apache.hadoop.ozone.freon.RandomKeyGenerator$ObjectCreator.run(RandomKeyGenerator.java:615)
	at java.util.concurrent.Executors$RunnableAdapter.call(Executors.java:511)
	at java.util.concurrent.FutureTask.run(FutureTask.java:266)
	at java.util.concurrent.ThreadPoolExecutor.runWorker(ThreadPoolExecutor.java:1149)
	at java.util.concurrent.ThreadPoolExecutor$Worker.run(ThreadPoolExecutor.java:624)
	at java.lang.Thread.run(Thread.java:748)
2019-10-14 11:32:11,771 [pool-792-thread-2] WARN  io.KeyOutputStream (KeyOutputStream.java:handleException(274)) - Encountered exception java.io.IOException: Unexpected Storage Container Exception: java.io.IOException: Unexpected Storage Container Exception: java.util.concurrent.TimeoutException on the pipeline Pipeline[ Id: 2022d43f-8568-4eb3-8e25-4185a63dc881, Nodes: 695f5b12-785d-4bb9-81e1-a9c400a6ed08{ip: 192.168.151.118, host: pr-hdds-2296-8rkbz-2376872687, networkLocation: /default-rack, certSerialId: null}80f314e5-897c-47a9-97da-b334286c4d7b{ip: 192.168.151.118, host: pr-hdds-2296-8rkbz-2376872687, networkLocation: /default-rack, certSerialId: null}3a98185c-0216-4d9f-b193-b5f9d6cb9681{ip: 192.168.151.118, host: pr-hdds-2296-8rkbz-2376872687, networkLocation: /default-rack, certSerialId: null}, Type:RATIS, Factor:THREE, State:OPEN]. The last committed block length is 0, uncommitted data length is 10240 retry count 0
2019-10-14 11:32:11,789 [pool-792-thread-4] WARN  io.KeyOutputStream (KeyOutputStream.java:handleException(274)) - Encountered exception java.io.IOException: Unexpected Storage Container Exception: java.io.IOException: Unexpected Storage Container Exception: java.util.concurrent.TimeoutException on the pipeline Pipeline[ Id: 2022d43f-8568-4eb3-8e25-4185a63dc881, Nodes: 695f5b12-785d-4bb9-81e1-a9c400a6ed08{ip: 192.168.151.118, host: pr-hdds-2296-8rkbz-2376872687, networkLocation: /default-rack, certSerialId: null}80f314e5-897c-47a9-97da-b334286c4d7b{ip: 192.168.151.118, host: pr-hdds-2296-8rkbz-2376872687, networkLocation: /default-rack, certSerialId: null}3a98185c-0216-4d9f-b193-b5f9d6cb9681{ip: 192.168.151.118, host: pr-hdds-2296-8rkbz-2376872687, networkLocation: /default-rack, certSerialId: null}, Type:RATIS, Factor:THREE, State:OPEN]. The last committed block length is 0, uncommitted data length is 10240 retry count 0
2019-10-14 11:32:11,803 [IPC Server handler 5 on 40823] WARN  block.BlockManagerImpl (BlockManagerImpl.java:allocateBlock(194)) - Pipeline creation failed for type:RATIS factor:THREE. Retrying get pipelines call once.
org.apache.hadoop.hdds.scm.pipeline.InsufficientDatanodesException: Cannot create pipeline of factor 3 using 2 nodes.
	at org.apache.hadoop.hdds.scm.pipeline.RatisPipelineProvider.create(RatisPipelineProvider.java:153)
	at org.apache.hadoop.hdds.scm.pipeline.PipelineFactory.create(PipelineFactory.java:58)
	at org.apache.hadoop.hdds.scm.pipeline.SCMPipelineManager.createPipeline(SCMPipelineManager.java:155)
	at org.apache.hadoop.hdds.scm.block.BlockManagerImpl.allocateBlock(BlockManagerImpl.java:192)
	at org.apache.hadoop.hdds.scm.server.SCMBlockProtocolServer.allocateBlock(SCMBlockProtocolServer.java:182)
	at org.apache.hadoop.hdds.scm.protocol.ScmBlockLocationProtocolServerSideTranslatorPB.allocateScmBlock(ScmBlockLocationProtocolServerSideTranslatorPB.java:159)
	at org.apache.hadoop.hdds.scm.protocol.ScmBlockLocationProtocolServerSideTranslatorPB.processMessage(ScmBlockLocationProtocolServerSideTranslatorPB.java:117)
	at org.apache.hadoop.hdds.server.OzoneProtocolMessageDispatcher.processRequest(OzoneProtocolMessageDispatcher.java:72)
	at org.apache.hadoop.hdds.scm.protocol.ScmBlockLocationProtocolServerSideTranslatorPB.send(ScmBlockLocationProtocolServerSideTranslatorPB.java:98)
	at org.apache.hadoop.hdds.protocol.proto.ScmBlockLocationProtocolProtos$ScmBlockLocationProtocolService$2.callBlockingMethod(ScmBlockLocationProtocolProtos.java:13157)
	at org.apache.hadoop.ipc.ProtobufRpcEngine$Server$ProtoBufRpcInvoker.call(ProtobufRpcEngine.java:524)
	at org.apache.hadoop.ipc.RPC$Server.call(RPC.java:1025)
	at org.apache.hadoop.ipc.Server$RpcCall.run(Server.java:876)
	at org.apache.hadoop.ipc.Server$RpcCall.run(Server.java:822)
	at java.security.AccessController.doPrivileged(Native Method)
	at javax.security.auth.Subject.doAs(Subject.java:422)
	at org.apache.hadoop.security.UserGroupInformation.doAs(UserGroupInformation.java:1730)
	at org.apache.hadoop.ipc.Server$Handler.run(Server.java:2682)
2019-10-14 11:32:11,803 [IPC Server handler 3 on 40823] WARN  block.BlockManagerImpl (BlockManagerImpl.java:allocateBlock(194)) - Pipeline creation failed for type:RATIS factor:THREE. Retrying get pipelines call once.
org.apache.hadoop.hdds.scm.pipeline.InsufficientDatanodesException: Cannot create pipeline of factor 3 using 2 nodes.
	at org.apache.hadoop.hdds.scm.pipeline.RatisPipelineProvider.create(RatisPipelineProvider.java:153)
	at org.apache.hadoop.hdds.scm.pipeline.PipelineFactory.create(PipelineFactory.java:58)
	at org.apache.hadoop.hdds.scm.pipeline.SCMPipelineManager.createPipeline(SCMPipelineManager.java:155)
	at org.apache.hadoop.hdds.scm.block.BlockManagerImpl.allocateBlock(BlockManagerImpl.java:192)
	at org.apache.hadoop.hdds.scm.server.SCMBlockProtocolServer.allocateBlock(SCMBlockProtocolServer.java:182)
	at org.apache.hadoop.hdds.scm.protocol.ScmBlockLocationProtocolServerSideTranslatorPB.allocateScmBlock(ScmBlockLocationProtocolServerSideTranslatorPB.java:159)
	at org.apache.hadoop.hdds.scm.protocol.ScmBlockLocationProtocolServerSideTranslatorPB.processMessage(ScmBlockLocationProtocolServerSideTranslatorPB.java:117)
	at org.apache.hadoop.hdds.server.OzoneProtocolMessageDispatcher.processRequest(OzoneProtocolMessageDispatcher.java:72)
	at org.apache.hadoop.hdds.scm.protocol.ScmBlockLocationProtocolServerSideTranslatorPB.send(ScmBlockLocationProtocolServerSideTranslatorPB.java:98)
	at org.apache.hadoop.hdds.protocol.proto.ScmBlockLocationProtocolProtos$ScmBlockLocationProtocolService$2.callBlockingMethod(ScmBlockLocationProtocolProtos.java:13157)
	at org.apache.hadoop.ipc.ProtobufRpcEngine$Server$ProtoBufRpcInvoker.call(ProtobufRpcEngine.java:524)
	at org.apache.hadoop.ipc.RPC$Server.call(RPC.java:1025)
	at org.apache.hadoop.ipc.Server$RpcCall.run(Server.java:876)
	at org.apache.hadoop.ipc.Server$RpcCall.run(Server.java:822)
	at java.security.AccessController.doPrivileged(Native Method)
	at javax.security.auth.Subject.doAs(Subject.java:422)
	at org.apache.hadoop.security.UserGroupInformation.doAs(UserGroupInformation.java:1730)
	at org.apache.hadoop.ipc.Server$Handler.run(Server.java:2682)
2019-10-14 11:32:11,803 [IPC Server handler 5 on 40823] INFO  block.BlockManagerImpl (BlockManagerImpl.java:allocateBlock(200)) - Could not find available pipeline of type:RATIS and factor:THREE even after retrying
2019-10-14 11:32:11,804 [IPC Server handler 3 on 40823] INFO  block.BlockManagerImpl (BlockManagerImpl.java:allocateBlock(200)) - Could not find available pipeline of type:RATIS and factor:THREE even after retrying
2019-10-14 11:32:11,804 [IPC Server handler 5 on 40823] ERROR block.BlockManagerImpl (BlockManagerImpl.java:allocateBlock(224)) - Unable to allocate a block for the size: 4194304, type: RATIS, factor: THREE
2019-10-14 11:32:11,804 [IPC Server handler 3 on 40823] ERROR block.BlockManagerImpl (BlockManagerImpl.java:allocateBlock(224)) - Unable to allocate a block for the size: 4194304, type: RATIS, factor: THREE
2019-10-14 11:32:11,807 [pool-792-thread-4] ERROR io.BlockOutputStreamEntryPool (BlockOutputStreamEntryPool.java:allocateBlockIfNeeded(309)) - Try to allocate more blocks for write failed, already allocated 0 blocks for this write.
INTERNAL_ERROR org.apache.hadoop.ozone.om.exceptions.OMException: Allocated 0 blocks. Requested 1 blocks
	at org.apache.hadoop.ozone.om.protocolPB.OzoneManagerProtocolClientSideTranslatorPB.handleError(OzoneManagerProtocolClientSideTranslatorPB.java:732)
	at org.apache.hadoop.ozone.om.protocolPB.OzoneManagerProtocolClientSideTranslatorPB.allocateBlock(OzoneManagerProtocolClientSideTranslatorPB.java:764)
	at sun.reflect.GeneratedMethodAccessor521.invoke(Unknown Source)
	at sun.reflect.DelegatingMethodAccessorImpl.invoke(DelegatingMethodAccessorImpl.java:43)
	at java.lang.reflect.Method.invoke(Method.java:498)
	at org.apache.hadoop.hdds.tracing.TraceAllMethod.invoke(TraceAllMethod.java:66)
	at com.sun.proxy.$Proxy37.allocateBlock(Unknown Source)
	at org.apache.hadoop.ozone.client.io.BlockOutputStreamEntryPool.allocateNewBlock(BlockOutputStreamEntryPool.java:258)
	at org.apache.hadoop.ozone.client.io.BlockOutputStreamEntryPool.allocateBlockIfNeeded(BlockOutputStreamEntryPool.java:306)
	at org.apache.hadoop.ozone.client.io.KeyOutputStream.handleWrite(KeyOutputStream.java:198)
	at org.apache.hadoop.ozone.client.io.KeyOutputStream.handleRetry(KeyOutputStream.java:375)
	at org.apache.hadoop.ozone.client.io.KeyOutputStream.handleException(KeyOutputStream.java:324)
	at org.apache.hadoop.ozone.client.io.KeyOutputStream.handleFlushOrClose(KeyOutputStream.java:449)
	at org.apache.hadoop.ozone.client.io.KeyOutputStream.close(KeyOutputStream.java:473)
	at org.apache.hadoop.ozone.client.io.OzoneOutputStream.close(OzoneOutputStream.java:60)
	at org.apache.hadoop.ozone.freon.RandomKeyGenerator.createKey(RandomKeyGenerator.java:710)
	at org.apache.hadoop.ozone.freon.RandomKeyGenerator.access$1100(RandomKeyGenerator.java:88)
	at org.apache.hadoop.ozone.freon.RandomKeyGenerator$ObjectCreator.run(RandomKeyGenerator.java:615)
	at java.util.concurrent.Executors$RunnableAdapter.call(Executors.java:511)
	at java.util.concurrent.FutureTask.run(FutureTask.java:266)
	at java.util.concurrent.ThreadPoolExecutor.runWorker(ThreadPoolExecutor.java:1149)
	at java.util.concurrent.ThreadPoolExecutor$Worker.run(ThreadPoolExecutor.java:624)
	at java.lang.Thread.run(Thread.java:748)
2019-10-14 11:32:11,807 [pool-792-thread-2] ERROR io.BlockOutputStreamEntryPool (BlockOutputStreamEntryPool.java:allocateBlockIfNeeded(309)) - Try to allocate more blocks for write failed, already allocated 0 blocks for this write.
INTERNAL_ERROR org.apache.hadoop.ozone.om.exceptions.OMException: Allocated 0 blocks. Requested 1 blocks
	at org.apache.hadoop.ozone.om.protocolPB.OzoneManagerProtocolClientSideTranslatorPB.handleError(OzoneManagerProtocolClientSideTranslatorPB.java:732)
	at org.apache.hadoop.ozone.om.protocolPB.OzoneManagerProtocolClientSideTranslatorPB.allocateBlock(OzoneManagerProtocolClientSideTranslatorPB.java:764)
	at sun.reflect.GeneratedMethodAccessor521.invoke(Unknown Source)
	at sun.reflect.DelegatingMethodAccessorImpl.invoke(DelegatingMethodAccessorImpl.java:43)
	at java.lang.reflect.Method.invoke(Method.java:498)
	at org.apache.hadoop.hdds.tracing.TraceAllMethod.invoke(TraceAllMethod.java:66)
	at com.sun.proxy.$Proxy37.allocateBlock(Unknown Source)
	at org.apache.hadoop.ozone.client.io.BlockOutputStreamEntryPool.allocateNewBlock(BlockOutputStreamEntryPool.java:258)
	at org.apache.hadoop.ozone.client.io.BlockOutputStreamEntryPool.allocateBlockIfNeeded(BlockOutputStreamEntryPool.java:306)
	at org.apache.hadoop.ozone.client.io.KeyOutputStream.handleWrite(KeyOutputStream.java:198)
	at org.apache.hadoop.ozone.client.io.KeyOutputStream.handleRetry(KeyOutputStream.java:375)
	at org.apache.hadoop.ozone.client.io.KeyOutputStream.handleException(KeyOutputStream.java:324)
	at org.apache.hadoop.ozone.client.io.KeyOutputStream.handleFlushOrClose(KeyOutputStream.java:449)
	at org.apache.hadoop.ozone.client.io.KeyOutputStream.close(KeyOutputStream.java:473)
	at org.apache.hadoop.ozone.client.io.OzoneOutputStream.close(OzoneOutputStream.java:60)
	at org.apache.hadoop.ozone.freon.RandomKeyGenerator.createKey(RandomKeyGenerator.java:710)
	at org.apache.hadoop.ozone.freon.RandomKeyGenerator.access$1100(RandomKeyGenerator.java:88)
	at org.apache.hadoop.ozone.freon.RandomKeyGenerator$ObjectCreator.run(RandomKeyGenerator.java:615)
	at java.util.concurrent.Executors$RunnableAdapter.call(Executors.java:511)
	at java.util.concurrent.FutureTask.run(FutureTask.java:266)
	at java.util.concurrent.ThreadPoolExecutor.runWorker(ThreadPoolExecutor.java:1149)
	at java.util.concurrent.ThreadPoolExecutor$Worker.run(ThreadPoolExecutor.java:624)
	at java.lang.Thread.run(Thread.java:748)
2019-10-14 11:32:11,809 [pool-792-thread-4] ERROR freon.RandomKeyGenerator (RandomKeyGenerator.java:createKey(733)) - Exception while adding key: key-0-91994 in bucket: bucket-0-90353 of volume: vol-6-08751.
INTERNAL_ERROR org.apache.hadoop.ozone.om.exceptions.OMException: Allocated 0 blocks. Requested 1 blocks
	at org.apache.hadoop.ozone.om.protocolPB.OzoneManagerProtocolClientSideTranslatorPB.handleError(OzoneManagerProtocolClientSideTranslatorPB.java:732)
	at org.apache.hadoop.ozone.om.protocolPB.OzoneManagerProtocolClientSideTranslatorPB.allocateBlock(OzoneManagerProtocolClientSideTranslatorPB.java:764)
	at sun.reflect.GeneratedMethodAccessor521.invoke(Unknown Source)
	at sun.reflect.DelegatingMethodAccessorImpl.invoke(DelegatingMethodAccessorImpl.java:43)
	at java.lang.reflect.Method.invoke(Method.java:498)
	at org.apache.hadoop.hdds.tracing.TraceAllMethod.invoke(TraceAllMethod.java:66)
	at com.sun.proxy.$Proxy37.allocateBlock(Unknown Source)
	at org.apache.hadoop.ozone.client.io.BlockOutputStreamEntryPool.allocateNewBlock(BlockOutputStreamEntryPool.java:258)
	at org.apache.hadoop.ozone.client.io.BlockOutputStreamEntryPool.allocateBlockIfNeeded(BlockOutputStreamEntryPool.java:306)
	at org.apache.hadoop.ozone.client.io.KeyOutputStream.handleWrite(KeyOutputStream.java:198)
	at org.apache.hadoop.ozone.client.io.KeyOutputStream.handleRetry(KeyOutputStream.java:375)
	at org.apache.hadoop.ozone.client.io.KeyOutputStream.handleException(KeyOutputStream.java:324)
	at org.apache.hadoop.ozone.client.io.KeyOutputStream.handleFlushOrClose(KeyOutputStream.java:449)
	at org.apache.hadoop.ozone.client.io.KeyOutputStream.close(KeyOutputStream.java:473)
	at org.apache.hadoop.ozone.client.io.OzoneOutputStream.close(OzoneOutputStream.java:60)
	at org.apache.hadoop.ozone.freon.RandomKeyGenerator.createKey(RandomKeyGenerator.java:710)
	at org.apache.hadoop.ozone.freon.RandomKeyGenerator.access$1100(RandomKeyGenerator.java:88)
	at org.apache.hadoop.ozone.freon.RandomKeyGenerator$ObjectCreator.run(RandomKeyGenerator.java:615)
	at java.util.concurrent.Executors$RunnableAdapter.call(Executors.java:511)
	at java.util.concurrent.FutureTask.run(FutureTask.java:266)
	at java.util.concurrent.ThreadPoolExecutor.runWorker(ThreadPoolExecutor.java:1149)
	at java.util.concurrent.ThreadPoolExecutor$Worker.run(ThreadPoolExecutor.java:624)
	at java.lang.Thread.run(Thread.java:748)
2019-10-14 11:32:11,811 [pool-792-thread-2] ERROR freon.RandomKeyGenerator (RandomKeyGenerator.java:createKey(733)) - Exception while adding key: key-0-32568 in bucket: bucket-0-59505 of volume: vol-2-54510.
INTERNAL_ERROR org.apache.hadoop.ozone.om.exceptions.OMException: Allocated 0 blocks. Requested 1 blocks
	at org.apache.hadoop.ozone.om.protocolPB.OzoneManagerProtocolClientSideTranslatorPB.handleError(OzoneManagerProtocolClientSideTranslatorPB.java:732)
	at org.apache.hadoop.ozone.om.protocolPB.OzoneManagerProtocolClientSideTranslatorPB.allocateBlock(OzoneManagerProtocolClientSideTranslatorPB.java:764)
	at sun.reflect.GeneratedMethodAccessor521.invoke(Unknown Source)
	at sun.reflect.DelegatingMethodAccessorImpl.invoke(DelegatingMethodAccessorImpl.java:43)
	at java.lang.reflect.Method.invoke(Method.java:498)
	at org.apache.hadoop.hdds.tracing.TraceAllMethod.invoke(TraceAllMethod.java:66)
	at com.sun.proxy.$Proxy37.allocateBlock(Unknown Source)
	at org.apache.hadoop.ozone.client.io.BlockOutputStreamEntryPool.allocateNewBlock(BlockOutputStreamEntryPool.java:258)
	at org.apache.hadoop.ozone.client.io.BlockOutputStreamEntryPool.allocateBlockIfNeeded(BlockOutputStreamEntryPool.java:306)
	at org.apache.hadoop.ozone.client.io.KeyOutputStream.handleWrite(KeyOutputStream.java:198)
	at org.apache.hadoop.ozone.client.io.KeyOutputStream.handleRetry(KeyOutputStream.java:375)
	at org.apache.hadoop.ozone.client.io.KeyOutputStream.handleException(KeyOutputStream.java:324)
	at org.apache.hadoop.ozone.client.io.KeyOutputStream.handleFlushOrClose(KeyOutputStream.java:449)
	at org.apache.hadoop.ozone.client.io.KeyOutputStream.close(KeyOutputStream.java:473)
	at org.apache.hadoop.ozone.client.io.OzoneOutputStream.close(OzoneOutputStream.java:60)
	at org.apache.hadoop.ozone.freon.RandomKeyGenerator.createKey(RandomKeyGenerator.java:710)
	at org.apache.hadoop.ozone.freon.RandomKeyGenerator.access$1100(RandomKeyGenerator.java:88)
	at org.apache.hadoop.ozone.freon.RandomKeyGenerator$ObjectCreator.run(RandomKeyGenerator.java:615)
	at java.util.concurrent.Executors$RunnableAdapter.call(Executors.java:511)
	at java.util.concurrent.FutureTask.run(FutureTask.java:266)
	at java.util.concurrent.ThreadPoolExecutor.runWorker(ThreadPoolExecutor.java:1149)
	at java.util.concurrent.ThreadPoolExecutor$Worker.run(ThreadPoolExecutor.java:624)
	at java.lang.Thread.run(Thread.java:748)
 16.00% |█████████████████                                                                                    |  16/100 Time: 0:00:17 16.00% |█████████████████                                                                                    |  16/100 Time: 0:00:18 16.00% |█████████████████                                                                                    |  16/100 Time: 0:00:19 24.00% |█████████████████████████                                                                            |  24/100 Time: 0:00:20 24.00% |█████████████████████████                                                                            |  24/100 Time: 0:00:21 28.00% |█████████████████████████████                                                                        |  28/100 Time: 0:00:22 32.00% |█████████████████████████████████                                                                    |  32/100 Time: 0:00:23 40.00% |█████████████████████████████████████████                                                            |  40/100 Time: 0:00:24 46.00% |███████████████████████████████████████████████                                                      |  46/100 Time: 0:00:25 46.00% |███████████████████████████████████████████████                                                      |  46/100 Time: 0:00:26 48.00% |█████████████████████████████████████████████████                                                    |  48/100 Time: 0:00:27 52.00% |█████████████████████████████████████████████████████                                                |  52/100 Time: 0:00:28 54.00% |███████████████████████████████████████████████████████                                              |  54/100 Time: 0:00:29 56.00% |█████████████████████████████████████████████████████████                                            |  56/100 Time: 0:00:30 61.00% |██████████████████████████████████████████████████████████████                                       |  61/100 Time: 0:00:31 70.00% |███████████████████████████████████████████████████████████████████████                              |  70/100 Time: 0:00:32 74.00% |███████████████████████████████████████████████████████████████████████████                          |  74/100 Time: 0:00:33 77.00% |██████████████████████████████████████████████████████████████████████████████                       |  77/100 Time: 0:00:34 83.00% |████████████████████████████████████████████████████████████████████████████████████                 |  83/100 Time: 0:00:35 90.00% |███████████████████████████████████████████████████████████████████████████████████████████          |  90/100 Time: 0:00:36 93.00% |██████████████████████████████████████████████████████████████████████████████████████████████       |  93/100 Time: 0:00:37 100.00% |█████████████████████████████████████████████████████████████████████████████████████████████████████|  100/100 Time: 0:00:38
]]></system-out>
  </testcase>
</testsuite>