<?xml version="1.0" encoding="UTF-8"?>
<testsuite xmlns:xsi="http://www.w3.org/2001/XMLSchema-instance" xsi:noNamespaceSchemaLocation="https://maven.apache.org/surefire/maven-surefire-plugin/xsd/surefire-test-report.xsd" name="org.apache.hadoop.ozone.client.rpc.TestWatchForCommit" time="262.711" tests="5" errors="1" skipped="0" failures="0">
  <properties>
    <property name="awt.toolkit" value="sun.awt.X11.XToolkit"/>
    <property name="file.encoding.pkg" value="sun.io"/>
    <property name="java.specification.version" value="1.8"/>
    <property name="sun.cpu.isalist" value=""/>
    <property name="sun.jnu.encoding" value="UTF-8"/>
    <property name="java.class.path" value="/workdir/hadoop-ozone/integration-test/target/test-classes:/workdir/hadoop-ozone/integration-test/target/classes:/home/user/.m2/repository/org/apache/hadoop/hadoop-ozone-common/0.5.0-SNAPSHOT/hadoop-ozone-common-0.5.0-SNAPSHOT.jar:/home/user/.m2/repository/org/apache/commons/commons-compress/1.4.1/commons-compress-1.4.1.jar:/home/user/.m2/repository/org/tukaani/xz/1.0/xz-1.0.jar:/home/user/.m2/repository/org/apache/hadoop/hadoop-common/3.2.0/hadoop-common-3.2.0.jar:/home/user/.m2/repository/org/apache/hadoop/hadoop-hdfs/3.2.0/hadoop-hdfs-3.2.0.jar:/home/user/.m2/repository/org/apache/hadoop/hadoop-hdfs-client/3.2.0/hadoop-hdfs-client-3.2.0.jar:/home/user/.m2/repository/com/fasterxml/jackson/core/jackson-annotations/2.9.9/jackson-annotations-2.9.9.jar:/home/user/.m2/repository/org/apache/hadoop/hadoop-hdds-common/0.5.0-SNAPSHOT/hadoop-hdds-common-0.5.0-SNAPSHOT.jar:/home/user/.m2/repository/javax/annotation/javax.annotation-api/1.2/javax.annotation-api-1.2.jar:/home/user/.m2/repository/org/apache/ratis/ratis-server/0.5.0-201fc85-SNAPSHOT/ratis-server-0.5.0-201fc85-SNAPSHOT.jar:/home/user/.m2/repository/org/apache/ratis/ratis-thirdparty-misc/0.2.0/ratis-thirdparty-misc-0.2.0.jar:/home/user/.m2/repository/org/apache/ratis/ratis-proto/0.5.0-201fc85-SNAPSHOT/ratis-proto-0.5.0-201fc85-SNAPSHOT.jar:/home/user/.m2/repository/org/apache/ratis/ratis-common/0.5.0-201fc85-SNAPSHOT/ratis-common-0.5.0-201fc85-SNAPSHOT.jar:/home/user/.m2/repository/org/apache/ratis/ratis-client/0.5.0-201fc85-SNAPSHOT/ratis-client-0.5.0-201fc85-SNAPSHOT.jar:/home/user/.m2/repository/org/apache/ratis/ratis-metrics/0.5.0-201fc85-SNAPSHOT/ratis-metrics-0.5.0-201fc85-SNAPSHOT.jar:/home/user/.m2/repository/com/github/joshelser/dropwizard-metrics-hadoop-metrics2-reporter/0.1.2/dropwizard-metrics-hadoop-metrics2-reporter-0.1.2.jar:/home/user/.m2/repository/io/dropwizard/metrics/metrics-jvm/3.2.5/metrics-jvm-3.2.5.jar:/home/user/.m2/repository/io/dropwizard/metrics/metrics-ganglia/3.2.5/metrics-ganglia-3.2.5.jar:/home/user/.m2/repository/info/ganglia/gmetric4j/gmetric4j/1.0.7/gmetric4j-1.0.7.jar:/home/user/.m2/repository/org/apache/ratis/ratis-netty/0.5.0-201fc85-SNAPSHOT/ratis-netty-0.5.0-201fc85-SNAPSHOT.jar:/home/user/.m2/repository/org/apache/ratis/ratis-grpc/0.5.0-201fc85-SNAPSHOT/ratis-grpc-0.5.0-201fc85-SNAPSHOT.jar:/home/user/.m2/repository/org/rocksdb/rocksdbjni/6.0.1/rocksdbjni-6.0.1.jar:/home/user/.m2/repository/org/apache/logging/log4j/log4j-api/2.11.0/log4j-api-2.11.0.jar:/home/user/.m2/repository/org/apache/logging/log4j/log4j-core/2.11.0/log4j-core-2.11.0.jar:/home/user/.m2/repository/com/lmax/disruptor/3.4.2/disruptor-3.4.2.jar:/home/user/.m2/repository/org/apache/commons/commons-pool2/2.6.0/commons-pool2-2.6.0.jar:/home/user/.m2/repository/org/bouncycastle/bcpkix-jdk15on/1.60/bcpkix-jdk15on-1.60.jar:/home/user/.m2/repository/commons-validator/commons-validator/1.6/commons-validator-1.6.jar:/home/user/.m2/repository/commons-digester/commons-digester/1.8.1/commons-digester-1.8.1.jar:/home/user/.m2/repository/io/jaegertracing/jaeger-client/0.34.0/jaeger-client-0.34.0.jar:/home/user/.m2/repository/io/jaegertracing/jaeger-thrift/0.34.0/jaeger-thrift-0.34.0.jar:/home/user/.m2/repository/org/apache/thrift/libthrift/0.12.0/libthrift-0.12.0.jar:/home/user/.m2/repository/com/squareup/okhttp3/okhttp/3.9.0/okhttp-3.9.0.jar:/home/user/.m2/repository/com/squareup/okio/okio/1.13.0/okio-1.13.0.jar:/home/user/.m2/repository/io/jaegertracing/jaeger-core/0.34.0/jaeger-core-0.34.0.jar:/home/user/.m2/repository/io/jaegertracing/jaeger-tracerresolver/0.34.0/jaeger-tracerresolver-0.34.0.jar:/home/user/.m2/repository/io/opentracing/contrib/opentracing-tracerresolver/0.1.5/opentracing-tracerresolver-0.1.5.jar:/home/user/.m2/repository/io/opentracing/opentracing-util/0.31.0/opentracing-util-0.31.0.jar:/home/user/.m2/repository/io/opentracing/opentracing-api/0.31.0/opentracing-api-0.31.0.jar:/home/user/.m2/repository/io/opentracing/opentracing-noop/0.31.0/opentracing-noop-0.31.0.jar:/home/user/.m2/repository/org/apache/hadoop/hadoop-hdds-server-framework/0.5.0-SNAPSHOT/hadoop-hdds-server-framework-0.5.0-SNAPSHOT.jar:/home/user/.m2/repository/org/apache/hadoop/hadoop-hdds-container-service/0.5.0-SNAPSHOT/hadoop-hdds-container-service-0.5.0-SNAPSHOT.jar:/home/user/.m2/repository/org/apache/hadoop/hadoop-hdds-client/0.5.0-SNAPSHOT/hadoop-hdds-client-0.5.0-SNAPSHOT.jar:/home/user/.m2/repository/org/apache/hadoop/hadoop-hdds-tools/0.5.0-SNAPSHOT/hadoop-hdds-tools-0.5.0-SNAPSHOT.jar:/home/user/.m2/repository/org/apache/hadoop/hadoop-hdds-server-scm/0.5.0-SNAPSHOT/hadoop-hdds-server-scm-0.5.0-SNAPSHOT.jar:/home/user/.m2/repository/org/apache/hadoop/hadoop-hdds-docs/0.5.0-SNAPSHOT/hadoop-hdds-docs-0.5.0-SNAPSHOT.jar:/home/user/.m2/repository/io/dropwizard/metrics/metrics-core/3.2.4/metrics-core-3.2.4.jar:/home/user/.m2/repository/org/hamcrest/hamcrest-all/1.3/hamcrest-all-1.3.jar:/home/user/.m2/repository/org/bouncycastle/bcprov-jdk15on/1.60/bcprov-jdk15on-1.60.jar:/home/user/.m2/repository/info/picocli/picocli/3.9.6/picocli-3.9.6.jar:/home/user/.m2/repository/com/google/protobuf/protobuf-java/2.5.0/protobuf-java-2.5.0.jar:/home/user/.m2/repository/com/google/guava/guava/11.0.2/guava-11.0.2.jar:/home/user/.m2/repository/org/apache/hadoop/hadoop-ozone-ozone-manager/0.5.0-SNAPSHOT/hadoop-ozone-ozone-manager-0.5.0-SNAPSHOT.jar:/home/user/.m2/repository/org/apache/hadoop/hadoop-minikdc/3.2.0/hadoop-minikdc-3.2.0.jar:/home/user/.m2/repository/commons-io/commons-io/2.5/commons-io-2.5.jar:/home/user/.m2/repository/org/apache/kerby/kerb-simplekdc/1.0.1/kerb-simplekdc-1.0.1.jar:/home/user/.m2/repository/org/apache/kerby/kerb-client/1.0.1/kerb-client-1.0.1.jar:/home/user/.m2/repository/org/apache/kerby/kerby-config/1.0.1/kerby-config-1.0.1.jar:/home/user/.m2/repository/org/apache/kerby/kerb-core/1.0.1/kerb-core-1.0.1.jar:/home/user/.m2/repository/org/apache/kerby/kerby-pkix/1.0.1/kerby-pkix-1.0.1.jar:/home/user/.m2/repository/org/apache/kerby/kerby-asn1/1.0.1/kerby-asn1-1.0.1.jar:/home/user/.m2/repository/org/apache/kerby/kerby-util/1.0.1/kerby-util-1.0.1.jar:/home/user/.m2/repository/org/apache/kerby/kerb-common/1.0.1/kerb-common-1.0.1.jar:/home/user/.m2/repository/org/apache/kerby/kerb-crypto/1.0.1/kerb-crypto-1.0.1.jar:/home/user/.m2/repository/org/apache/kerby/kerb-util/1.0.1/kerb-util-1.0.1.jar:/home/user/.m2/repository/org/apache/kerby/token-provider/1.0.1/token-provider-1.0.1.jar:/home/user/.m2/repository/org/apache/kerby/kerb-admin/1.0.1/kerb-admin-1.0.1.jar:/home/user/.m2/repository/org/apache/kerby/kerb-server/1.0.1/kerb-server-1.0.1.jar:/home/user/.m2/repository/org/apache/kerby/kerb-identity/1.0.1/kerb-identity-1.0.1.jar:/home/user/.m2/repository/org/apache/kerby/kerby-xdr/1.0.1/kerby-xdr-1.0.1.jar:/home/user/.m2/repository/org/slf4j/slf4j-log4j12/1.7.25/slf4j-log4j12-1.7.25.jar:/home/user/.m2/repository/org/apache/hadoop/hadoop-ozone-s3gateway/0.5.0-SNAPSHOT/hadoop-ozone-s3gateway-0.5.0-SNAPSHOT.jar:/home/user/.m2/repository/org/jboss/weld/servlet/weld-servlet/2.4.7.Final/weld-servlet-2.4.7.Final.jar:/home/user/.m2/repository/org/glassfish/jersey/containers/jersey-container-servlet-core/2.27/jersey-container-servlet-core-2.27.jar:/home/user/.m2/repository/org/glassfish/hk2/external/javax.inject/2.5.0-b42/javax.inject-2.5.0-b42.jar:/home/user/.m2/repository/org/glassfish/jersey/core/jersey-common/2.27/jersey-common-2.27.jar:/home/user/.m2/repository/org/glassfish/hk2/osgi-resource-locator/1.0.1/osgi-resource-locator-1.0.1.jar:/home/user/.m2/repository/javax/ws/rs/javax.ws.rs-api/2.1/javax.ws.rs-api-2.1.jar:/home/user/.m2/repository/org/glassfish/jersey/ext/cdi/jersey-cdi1x/2.27/jersey-cdi1x-2.27.jar:/home/user/.m2/repository/org/glassfish/jersey/inject/jersey-hk2/2.27/jersey-hk2-2.27.jar:/home/user/.m2/repository/org/glassfish/hk2/hk2-locator/2.5.0-b42/hk2-locator-2.5.0-b42.jar:/home/user/.m2/repository/org/javassist/javassist/3.22.0-CR2/javassist-3.22.0-CR2.jar:/home/user/.m2/repository/org/glassfish/hk2/hk2-api/2.5.0/hk2-api-2.5.0.jar:/home/user/.m2/repository/org/glassfish/hk2/external/jakarta.inject/2.5.0/jakarta.inject-2.5.0.jar:/home/user/.m2/repository/org/glassfish/hk2/hk2-utils/2.5.0/hk2-utils-2.5.0.jar:/home/user/.m2/repository/jakarta/annotation/jakarta.annotation-api/1.3.4/jakarta.annotation-api-1.3.4.jar:/home/user/.m2/repository/org/glassfish/hk2/external/aopalliance-repackaged/2.5.0/aopalliance-repackaged-2.5.0.jar:/home/user/.m2/repository/com/fasterxml/jackson/dataformat/jackson-dataformat-xml/2.9.0/jackson-dataformat-xml-2.9.0.jar:/home/user/.m2/repository/com/fasterxml/jackson/core/jackson-core/2.9.9/jackson-core-2.9.9.jar:/home/user/.m2/repository/com/fasterxml/jackson/module/jackson-module-jaxb-annotations/2.9.9/jackson-module-jaxb-annotations-2.9.9.jar:/home/user/.m2/repository/javax/enterprise/cdi-api/1.2/cdi-api-1.2.jar:/home/user/.m2/repository/javax/el/javax.el-api/3.0.0/javax.el-api-3.0.0.jar:/home/user/.m2/repository/javax/interceptor/javax.interceptor-api/1.2/javax.interceptor-api-1.2.jar:/home/user/.m2/repository/javax/inject/javax.inject/1/javax.inject-1.jar:/home/user/.m2/repository/com/sun/xml/bind/jaxb-impl/2.3.0.1/jaxb-impl-2.3.0.1.jar:/home/user/.m2/repository/com/sun/xml/bind/jaxb-core/2.3.0.1/jaxb-core-2.3.0.1.jar:/home/user/.m2/repository/javax/xml/bind/jaxb-api/2.3.0/jaxb-api-2.3.0.jar:/home/user/.m2/repository/javax/activation/activation/1.1.1/activation-1.1.1.jar:/home/user/.m2/repository/org/apache/hadoop/hadoop-ozone-csi/0.5.0-SNAPSHOT/hadoop-ozone-csi-0.5.0-SNAPSHOT.jar:/home/user/.m2/repository/com/google/protobuf/protobuf-java-util/3.5.1/protobuf-java-util-3.5.1.jar:/home/user/.m2/repository/org/apache/hadoop/hadoop-hdds-config/0.5.0-SNAPSHOT/hadoop-hdds-config-0.5.0-SNAPSHOT.jar:/home/user/.m2/repository/io/grpc/grpc-netty/1.17.1/grpc-netty-1.17.1.jar:/home/user/.m2/repository/io/grpc/grpc-core/1.17.1/grpc-core-1.17.1.jar:/home/user/.m2/repository/io/grpc/grpc-context/1.17.1/grpc-context-1.17.1.jar:/home/user/.m2/repository/com/google/errorprone/error_prone_annotations/2.2.0/error_prone_annotations-2.2.0.jar:/home/user/.m2/repository/org/codehaus/mojo/animal-sniffer-annotations/1.17/animal-sniffer-annotations-1.17.jar:/home/user/.m2/repository/io/opencensus/opencensus-api/0.17.0/opencensus-api-0.17.0.jar:/home/user/.m2/repository/io/opencensus/opencensus-contrib-grpc-metrics/0.17.0/opencensus-contrib-grpc-metrics-0.17.0.jar:/home/user/.m2/repository/io/netty/netty-codec-http2/4.1.30.Final/netty-codec-http2-4.1.30.Final.jar:/home/user/.m2/repository/io/netty/netty-codec-http/4.1.30.Final/netty-codec-http-4.1.30.Final.jar:/home/user/.m2/repository/io/netty/netty-codec/4.1.30.Final/netty-codec-4.1.30.Final.jar:/home/user/.m2/repository/io/netty/netty-handler/4.1.30.Final/netty-handler-4.1.30.Final.jar:/home/user/.m2/repository/io/netty/netty-handler-proxy/4.1.30.Final/netty-handler-proxy-4.1.30.Final.jar:/home/user/.m2/repository/io/netty/netty-codec-socks/4.1.30.Final/netty-codec-socks-4.1.30.Final.jar:/home/user/.m2/repository/io/netty/netty-transport-native-epoll/4.1.30.Final/netty-transport-native-epoll-4.1.30.Final.jar:/home/user/.m2/repository/io/netty/netty-common/4.1.30.Final/netty-common-4.1.30.Final.jar:/home/user/.m2/repository/io/netty/netty-buffer/4.1.30.Final/netty-buffer-4.1.30.Final.jar:/home/user/.m2/repository/io/netty/netty-transport/4.1.30.Final/netty-transport-4.1.30.Final.jar:/home/user/.m2/repository/io/netty/netty-resolver/4.1.30.Final/netty-resolver-4.1.30.Final.jar:/home/user/.m2/repository/io/netty/netty-transport-native-unix-common/4.1.30.Final/netty-transport-native-unix-common-4.1.30.Final.jar:/home/user/.m2/repository/io/grpc/grpc-protobuf/1.17.1/grpc-protobuf-1.17.1.jar:/home/user/.m2/repository/com/google/api/grpc/proto-google-common-protos/1.0.0/proto-google-common-protos-1.0.0.jar:/home/user/.m2/repository/io/grpc/grpc-protobuf-lite/1.17.1/grpc-protobuf-lite-1.17.1.jar:/home/user/.m2/repository/io/grpc/grpc-stub/1.17.1/grpc-stub-1.17.1.jar:/home/user/.m2/repository/org/apache/hadoop/hadoop-ozone-recon/0.5.0-SNAPSHOT/hadoop-ozone-recon-0.5.0-SNAPSHOT.jar:/home/user/.m2/repository/org/apache/hadoop/hadoop-ozone-reconcodegen/0.5.0-SNAPSHOT/hadoop-ozone-reconcodegen-0.5.0-SNAPSHOT.jar:/home/user/.m2/repository/com/google/inject/extensions/guice-multibindings/4.0/guice-multibindings-4.0.jar:/home/user/.m2/repository/com/google/inject/guice/4.0/guice-4.0.jar:/home/user/.m2/repository/aopalliance/aopalliance/1.0/aopalliance-1.0.jar:/home/user/.m2/repository/com/google/inject/extensions/guice-servlet/4.0/guice-servlet-4.0.jar:/home/user/.m2/repository/org/glassfish/jersey/containers/jersey-container-servlet/2.27/jersey-container-servlet-2.27.jar:/home/user/.m2/repository/org/glassfish/hk2/guice-bridge/2.5.0/guice-bridge-2.5.0.jar:/home/user/.m2/repository/org/glassfish/jersey/core/jersey-server/2.27/jersey-server-2.27.jar:/home/user/.m2/repository/org/glassfish/jersey/core/jersey-client/2.27/jersey-client-2.27.jar:/home/user/.m2/repository/org/glassfish/jersey/media/jersey-media-jaxb/2.27/jersey-media-jaxb-2.27.jar:/home/user/.m2/repository/javax/validation/validation-api/1.1.0.Final/validation-api-1.1.0.Final.jar:/home/user/.m2/repository/org/glassfish/jersey/media/jersey-media-json-jackson/2.27/jersey-media-json-jackson-2.27.jar:/home/user/.m2/repository/org/glassfish/jersey/ext/jersey-entity-filtering/2.27/jersey-entity-filtering-2.27.jar:/home/user/.m2/repository/com/google/inject/extensions/guice-assistedinject/4.0/guice-assistedinject-4.0.jar:/home/user/.m2/repository/org/jooq/jooq/3.11.10/jooq-3.11.10.jar:/home/user/.m2/repository/org/jooq/jooq-meta/3.11.10/jooq-meta-3.11.10.jar:/home/user/.m2/repository/org/jooq/jooq-codegen/3.11.10/jooq-codegen-3.11.10.jar:/home/user/.m2/repository/com/jolbox/bonecp/0.8.0.RELEASE/bonecp-0.8.0.RELEASE.jar:/home/user/.m2/repository/org/xerial/sqlite-jdbc/3.25.2/sqlite-jdbc-3.25.2.jar:/home/user/.m2/repository/org/springframework/spring-jdbc/5.1.3.RELEASE/spring-jdbc-5.1.3.RELEASE.jar:/home/user/.m2/repository/org/springframework/spring-beans/5.1.3.RELEASE/spring-beans-5.1.3.RELEASE.jar:/home/user/.m2/repository/org/springframework/spring-core/5.1.3.RELEASE/spring-core-5.1.3.RELEASE.jar:/home/user/.m2/repository/org/springframework/spring-jcl/5.1.3.RELEASE/spring-jcl-5.1.3.RELEASE.jar:/home/user/.m2/repository/org/springframework/spring-tx/5.1.3.RELEASE/spring-tx-5.1.3.RELEASE.jar:/home/user/.m2/repository/org/apache/hadoop/hadoop-ozone-client/0.5.0-SNAPSHOT/hadoop-ozone-client-0.5.0-SNAPSHOT.jar:/home/user/.m2/repository/commons-lang/commons-lang/2.6/commons-lang-2.6.jar:/home/user/.m2/repository/org/apache/hadoop/hadoop-ozone-ozone-manager/0.5.0-SNAPSHOT/hadoop-ozone-ozone-manager-0.5.0-SNAPSHOT-tests.jar:/home/user/.m2/repository/junit/junit/4.11/junit-4.11.jar:/home/user/.m2/repository/org/hamcrest/hamcrest-core/1.3/hamcrest-core-1.3.jar:/home/user/.m2/repository/org/openjdk/jmh/jmh-core/1.19/jmh-core-1.19.jar:/home/user/.m2/repository/net/sf/jopt-simple/jopt-simple/4.6/jopt-simple-4.6.jar:/home/user/.m2/repository/org/apache/commons/commons-math3/3.1.1/commons-math3-3.1.1.jar:/home/user/.m2/repository/org/openjdk/jmh/jmh-generator-annprocess/1.19/jmh-generator-annprocess-1.19.jar:/home/user/.m2/repository/org/mockito/mockito-all/1.8.5/mockito-all-1.8.5.jar:/home/user/.m2/repository/org/apache/hadoop/hadoop-kms/3.2.0/hadoop-kms-3.2.0.jar:/home/user/.m2/repository/org/apache/hadoop/hadoop-auth/3.2.0/hadoop-auth-3.2.0.jar:/home/user/.m2/repository/com/nimbusds/nimbus-jose-jwt/4.41.1/nimbus-jose-jwt-4.41.1.jar:/home/user/.m2/repository/com/github/stephenc/jcip/jcip-annotations/1.0-1/jcip-annotations-1.0-1.jar:/home/user/.m2/repository/net/minidev/json-smart/2.3/json-smart-2.3.jar:/home/user/.m2/repository/net/minidev/accessors-smart/1.2/accessors-smart-1.2.jar:/home/user/.m2/repository/org/ow2/asm/asm/5.0.4/asm-5.0.4.jar:/home/user/.m2/repository/org/apache/curator/curator-framework/2.12.0/curator-framework-2.12.0.jar:/home/user/.m2/repository/com/sun/jersey/jersey-core/1.19/jersey-core-1.19.jar:/home/user/.m2/repository/javax/ws/rs/jsr311-api/1.1.1/jsr311-api-1.1.1.jar:/home/user/.m2/repository/com/sun/jersey/jersey-server/1.19/jersey-server-1.19.jar:/home/user/.m2/repository/javax/servlet/javax.servlet-api/3.1.0/javax.servlet-api-3.1.0.jar:/home/user/.m2/repository/org/eclipse/jetty/jetty-server/9.3.25.v20180904/jetty-server-9.3.25.v20180904.jar:/home/user/.m2/repository/org/eclipse/jetty/jetty-http/9.3.25.v20180904/jetty-http-9.3.25.v20180904.jar:/home/user/.m2/repository/org/eclipse/jetty/jetty-io/9.3.25.v20180904/jetty-io-9.3.25.v20180904.jar:/home/user/.m2/repository/org/eclipse/jetty/jetty-webapp/9.3.25.v20180904/jetty-webapp-9.3.25.v20180904.jar:/home/user/.m2/repository/org/eclipse/jetty/jetty-xml/9.3.25.v20180904/jetty-xml-9.3.25.v20180904.jar:/home/user/.m2/repository/log4j/log4j/1.2.17/log4j-1.2.17.jar:/home/user/.m2/repository/org/slf4j/slf4j-api/1.7.25/slf4j-api-1.7.25.jar:/home/user/.m2/repository/org/slf4j/jul-to-slf4j/1.7.25/jul-to-slf4j-1.7.25.jar:/home/user/.m2/repository/org/eclipse/jetty/jetty-util/9.3.25.v20180904/jetty-util-9.3.25.v20180904.jar:/home/user/.m2/repository/com/fasterxml/jackson/core/jackson-databind/2.9.9/jackson-databind-2.9.9.jar:/home/user/.m2/repository/org/apache/hadoop/hadoop-kms/3.2.0/hadoop-kms-3.2.0-tests.jar:/home/user/.m2/repository/org/apache/hadoop/hadoop-hdds-server-scm/0.5.0-SNAPSHOT/hadoop-hdds-server-scm-0.5.0-SNAPSHOT-tests.jar:/home/user/.m2/repository/org/apache/hadoop/hadoop-hdds-container-service/0.5.0-SNAPSHOT/hadoop-hdds-container-service-0.5.0-SNAPSHOT-tests.jar:/home/user/.m2/repository/org/yaml/snakeyaml/1.16/snakeyaml-1.16.jar:/home/user/.m2/repository/org/apache/hadoop/hadoop-common/3.2.0/hadoop-common-3.2.0-tests.jar:/home/user/.m2/repository/org/apache/hadoop/hadoop-annotations/3.2.0/hadoop-annotations-3.2.0.jar:/usr/lib/jvm/java-1.8-openjdk/jre/../lib/tools.jar:/home/user/.m2/repository/commons-cli/commons-cli/1.2/commons-cli-1.2.jar:/home/user/.m2/repository/org/apache/httpcomponents/httpclient/4.5.2/httpclient-4.5.2.jar:/home/user/.m2/repository/org/apache/httpcomponents/httpcore/4.4.4/httpcore-4.4.4.jar:/home/user/.m2/repository/commons-codec/commons-codec/1.11/commons-codec-1.11.jar:/home/user/.m2/repository/commons-net/commons-net/3.6/commons-net-3.6.jar:/home/user/.m2/repository/commons-collections/commons-collections/3.2.2/commons-collections-3.2.2.jar:/home/user/.m2/repository/org/eclipse/jetty/jetty-servlet/9.3.25.v20180904/jetty-servlet-9.3.25.v20180904.jar:/home/user/.m2/repository/org/eclipse/jetty/jetty-security/9.3.25.v20180904/jetty-security-9.3.25.v20180904.jar:/home/user/.m2/repository/javax/servlet/jsp/jsp-api/2.1/jsp-api-2.1.jar:/home/user/.m2/repository/com/sun/jersey/jersey-servlet/1.19/jersey-servlet-1.19.jar:/home/user/.m2/repository/com/sun/jersey/jersey-json/1.19/jersey-json-1.19.jar:/home/user/.m2/repository/org/codehaus/jettison/jettison/1.1/jettison-1.1.jar:/home/user/.m2/repository/org/codehaus/jackson/jackson-core-asl/1.9.13/jackson-core-asl-1.9.13.jar:/home/user/.m2/repository/org/codehaus/jackson/jackson-mapper-asl/1.9.13/jackson-mapper-asl-1.9.13.jar:/home/user/.m2/repository/org/codehaus/jackson/jackson-jaxrs/1.9.13/jackson-jaxrs-1.9.13.jar:/home/user/.m2/repository/org/codehaus/jackson/jackson-xc/1.9.13/jackson-xc-1.9.13.jar:/home/user/.m2/repository/commons-logging/commons-logging/1.1.3/commons-logging-1.1.3.jar:/home/user/.m2/repository/commons-beanutils/commons-beanutils/1.9.4/commons-beanutils-1.9.4.jar:/home/user/.m2/repository/org/apache/commons/commons-configuration2/2.1.1/commons-configuration2-2.1.1.jar:/home/user/.m2/repository/org/apache/commons/commons-lang3/3.7/commons-lang3-3.7.jar:/home/user/.m2/repository/org/apache/commons/commons-text/1.4/commons-text-1.4.jar:/home/user/.m2/repository/org/apache/avro/avro/1.7.7/avro-1.7.7.jar:/home/user/.m2/repository/com/thoughtworks/paranamer/paranamer/2.3/paranamer-2.3.jar:/home/user/.m2/repository/org/xerial/snappy/snappy-java/1.0.5/snappy-java-1.0.5.jar:/home/user/.m2/repository/com/google/re2j/re2j/1.1/re2j-1.1.jar:/home/user/.m2/repository/com/google/code/gson/gson/2.2.4/gson-2.2.4.jar:/home/user/.m2/repository/com/jcraft/jsch/0.1.54/jsch-0.1.54.jar:/home/user/.m2/repository/org/apache/curator/curator-client/2.12.0/curator-client-2.12.0.jar:/home/user/.m2/repository/org/apache/curator/curator-recipes/2.12.0/curator-recipes-2.12.0.jar:/home/user/.m2/repository/com/google/code/findbugs/jsr305/3.0.0/jsr305-3.0.0.jar:/home/user/.m2/repository/org/apache/htrace/htrace-core4/4.1.0-incubating/htrace-core4-4.1.0-incubating.jar:/home/user/.m2/repository/org/apache/zookeeper/zookeeper/3.4.13/zookeeper-3.4.13.jar:/home/user/.m2/repository/jline/jline/0.9.94/jline-0.9.94.jar:/home/user/.m2/repository/org/apache/yetus/audience-annotations/0.5.0/audience-annotations-0.5.0.jar:/home/user/.m2/repository/org/codehaus/woodstox/stax2-api/3.1.4/stax2-api-3.1.4.jar:/home/user/.m2/repository/com/fasterxml/woodstox/woodstox-core/5.0.3/woodstox-core-5.0.3.jar:/home/user/.m2/repository/dnsjava/dnsjava/2.1.7/dnsjava-2.1.7.jar:/home/user/.m2/repository/org/apache/hadoop/hadoop-hdfs/3.2.0/hadoop-hdfs-3.2.0-tests.jar:/home/user/.m2/repository/org/eclipse/jetty/jetty-util-ajax/9.3.25.v20180904/jetty-util-ajax-9.3.25.v20180904.jar:/home/user/.m2/repository/commons-daemon/commons-daemon/1.0.13/commons-daemon-1.0.13.jar:/home/user/.m2/repository/io/netty/netty/3.10.5.Final/netty-3.10.5.Final.jar:/home/user/.m2/repository/io/netty/netty-all/4.0.52.Final/netty-all-4.0.52.Final.jar:/home/user/.m2/repository/org/fusesource/leveldbjni/leveldbjni-all/1.8/leveldbjni-all-1.8.jar:"/>
    <property name="java.vm.vendor" value="IcedTea"/>
    <property name="sun.arch.data.model" value="64"/>
    <property name="test.build.dir" value="/workdir/hadoop-ozone/integration-test/target/test-dir"/>
    <property name="test.cache.data" value=""/>
    <property name="java.vendor.url" value="https://icedtea.classpath.org"/>
    <property name="user.timezone" value=""/>
    <property name="java.vm.specification.version" value="1.8"/>
    <property name="os.name" value="Linux"/>
    <property name="test.build.data" value="/workdir/hadoop-ozone/integration-test/target/test-dir"/>
    <property name="user.country" value="US"/>
    <property name="sun.java.launcher" value="SUN_STANDARD"/>
    <property name="sun.boot.library.path" value="/usr/lib/jvm/java-1.8-openjdk/jre/lib/amd64"/>
    <property name="sun.java.command" value="/workdir/hadoop-ozone/integration-test/target/surefire/surefirebooter2374220976743882607.jar /workdir/hadoop-ozone/integration-test/target/surefire 2019-10-10T00-29-00_705-jvmRun1 surefire6704807240390988455tmp surefire_55193013696328752762tmp"/>
    <property name="test" value="!TestMiniChaosOzoneCluster"/>
    <property name="surefire.test.class.path" value="/workdir/hadoop-ozone/integration-test/target/test-classes:/workdir/hadoop-ozone/integration-test/target/classes:/home/user/.m2/repository/org/apache/hadoop/hadoop-ozone-common/0.5.0-SNAPSHOT/hadoop-ozone-common-0.5.0-SNAPSHOT.jar:/home/user/.m2/repository/org/apache/commons/commons-compress/1.4.1/commons-compress-1.4.1.jar:/home/user/.m2/repository/org/tukaani/xz/1.0/xz-1.0.jar:/home/user/.m2/repository/org/apache/hadoop/hadoop-common/3.2.0/hadoop-common-3.2.0.jar:/home/user/.m2/repository/org/apache/hadoop/hadoop-hdfs/3.2.0/hadoop-hdfs-3.2.0.jar:/home/user/.m2/repository/org/apache/hadoop/hadoop-hdfs-client/3.2.0/hadoop-hdfs-client-3.2.0.jar:/home/user/.m2/repository/com/fasterxml/jackson/core/jackson-annotations/2.9.9/jackson-annotations-2.9.9.jar:/home/user/.m2/repository/org/apache/hadoop/hadoop-hdds-common/0.5.0-SNAPSHOT/hadoop-hdds-common-0.5.0-SNAPSHOT.jar:/home/user/.m2/repository/javax/annotation/javax.annotation-api/1.2/javax.annotation-api-1.2.jar:/home/user/.m2/repository/org/apache/ratis/ratis-server/0.5.0-201fc85-SNAPSHOT/ratis-server-0.5.0-201fc85-SNAPSHOT.jar:/home/user/.m2/repository/org/apache/ratis/ratis-thirdparty-misc/0.2.0/ratis-thirdparty-misc-0.2.0.jar:/home/user/.m2/repository/org/apache/ratis/ratis-proto/0.5.0-201fc85-SNAPSHOT/ratis-proto-0.5.0-201fc85-SNAPSHOT.jar:/home/user/.m2/repository/org/apache/ratis/ratis-common/0.5.0-201fc85-SNAPSHOT/ratis-common-0.5.0-201fc85-SNAPSHOT.jar:/home/user/.m2/repository/org/apache/ratis/ratis-client/0.5.0-201fc85-SNAPSHOT/ratis-client-0.5.0-201fc85-SNAPSHOT.jar:/home/user/.m2/repository/org/apache/ratis/ratis-metrics/0.5.0-201fc85-SNAPSHOT/ratis-metrics-0.5.0-201fc85-SNAPSHOT.jar:/home/user/.m2/repository/com/github/joshelser/dropwizard-metrics-hadoop-metrics2-reporter/0.1.2/dropwizard-metrics-hadoop-metrics2-reporter-0.1.2.jar:/home/user/.m2/repository/io/dropwizard/metrics/metrics-jvm/3.2.5/metrics-jvm-3.2.5.jar:/home/user/.m2/repository/io/dropwizard/metrics/metrics-ganglia/3.2.5/metrics-ganglia-3.2.5.jar:/home/user/.m2/repository/info/ganglia/gmetric4j/gmetric4j/1.0.7/gmetric4j-1.0.7.jar:/home/user/.m2/repository/org/apache/ratis/ratis-netty/0.5.0-201fc85-SNAPSHOT/ratis-netty-0.5.0-201fc85-SNAPSHOT.jar:/home/user/.m2/repository/org/apache/ratis/ratis-grpc/0.5.0-201fc85-SNAPSHOT/ratis-grpc-0.5.0-201fc85-SNAPSHOT.jar:/home/user/.m2/repository/org/rocksdb/rocksdbjni/6.0.1/rocksdbjni-6.0.1.jar:/home/user/.m2/repository/org/apache/logging/log4j/log4j-api/2.11.0/log4j-api-2.11.0.jar:/home/user/.m2/repository/org/apache/logging/log4j/log4j-core/2.11.0/log4j-core-2.11.0.jar:/home/user/.m2/repository/com/lmax/disruptor/3.4.2/disruptor-3.4.2.jar:/home/user/.m2/repository/org/apache/commons/commons-pool2/2.6.0/commons-pool2-2.6.0.jar:/home/user/.m2/repository/org/bouncycastle/bcpkix-jdk15on/1.60/bcpkix-jdk15on-1.60.jar:/home/user/.m2/repository/commons-validator/commons-validator/1.6/commons-validator-1.6.jar:/home/user/.m2/repository/commons-digester/commons-digester/1.8.1/commons-digester-1.8.1.jar:/home/user/.m2/repository/io/jaegertracing/jaeger-client/0.34.0/jaeger-client-0.34.0.jar:/home/user/.m2/repository/io/jaegertracing/jaeger-thrift/0.34.0/jaeger-thrift-0.34.0.jar:/home/user/.m2/repository/org/apache/thrift/libthrift/0.12.0/libthrift-0.12.0.jar:/home/user/.m2/repository/com/squareup/okhttp3/okhttp/3.9.0/okhttp-3.9.0.jar:/home/user/.m2/repository/com/squareup/okio/okio/1.13.0/okio-1.13.0.jar:/home/user/.m2/repository/io/jaegertracing/jaeger-core/0.34.0/jaeger-core-0.34.0.jar:/home/user/.m2/repository/io/jaegertracing/jaeger-tracerresolver/0.34.0/jaeger-tracerresolver-0.34.0.jar:/home/user/.m2/repository/io/opentracing/contrib/opentracing-tracerresolver/0.1.5/opentracing-tracerresolver-0.1.5.jar:/home/user/.m2/repository/io/opentracing/opentracing-util/0.31.0/opentracing-util-0.31.0.jar:/home/user/.m2/repository/io/opentracing/opentracing-api/0.31.0/opentracing-api-0.31.0.jar:/home/user/.m2/repository/io/opentracing/opentracing-noop/0.31.0/opentracing-noop-0.31.0.jar:/home/user/.m2/repository/org/apache/hadoop/hadoop-hdds-server-framework/0.5.0-SNAPSHOT/hadoop-hdds-server-framework-0.5.0-SNAPSHOT.jar:/home/user/.m2/repository/org/apache/hadoop/hadoop-hdds-container-service/0.5.0-SNAPSHOT/hadoop-hdds-container-service-0.5.0-SNAPSHOT.jar:/home/user/.m2/repository/org/apache/hadoop/hadoop-hdds-client/0.5.0-SNAPSHOT/hadoop-hdds-client-0.5.0-SNAPSHOT.jar:/home/user/.m2/repository/org/apache/hadoop/hadoop-hdds-tools/0.5.0-SNAPSHOT/hadoop-hdds-tools-0.5.0-SNAPSHOT.jar:/home/user/.m2/repository/org/apache/hadoop/hadoop-hdds-server-scm/0.5.0-SNAPSHOT/hadoop-hdds-server-scm-0.5.0-SNAPSHOT.jar:/home/user/.m2/repository/org/apache/hadoop/hadoop-hdds-docs/0.5.0-SNAPSHOT/hadoop-hdds-docs-0.5.0-SNAPSHOT.jar:/home/user/.m2/repository/io/dropwizard/metrics/metrics-core/3.2.4/metrics-core-3.2.4.jar:/home/user/.m2/repository/org/hamcrest/hamcrest-all/1.3/hamcrest-all-1.3.jar:/home/user/.m2/repository/org/bouncycastle/bcprov-jdk15on/1.60/bcprov-jdk15on-1.60.jar:/home/user/.m2/repository/info/picocli/picocli/3.9.6/picocli-3.9.6.jar:/home/user/.m2/repository/com/google/protobuf/protobuf-java/2.5.0/protobuf-java-2.5.0.jar:/home/user/.m2/repository/com/google/guava/guava/11.0.2/guava-11.0.2.jar:/home/user/.m2/repository/org/apache/hadoop/hadoop-ozone-ozone-manager/0.5.0-SNAPSHOT/hadoop-ozone-ozone-manager-0.5.0-SNAPSHOT.jar:/home/user/.m2/repository/org/apache/hadoop/hadoop-minikdc/3.2.0/hadoop-minikdc-3.2.0.jar:/home/user/.m2/repository/commons-io/commons-io/2.5/commons-io-2.5.jar:/home/user/.m2/repository/org/apache/kerby/kerb-simplekdc/1.0.1/kerb-simplekdc-1.0.1.jar:/home/user/.m2/repository/org/apache/kerby/kerb-client/1.0.1/kerb-client-1.0.1.jar:/home/user/.m2/repository/org/apache/kerby/kerby-config/1.0.1/kerby-config-1.0.1.jar:/home/user/.m2/repository/org/apache/kerby/kerb-core/1.0.1/kerb-core-1.0.1.jar:/home/user/.m2/repository/org/apache/kerby/kerby-pkix/1.0.1/kerby-pkix-1.0.1.jar:/home/user/.m2/repository/org/apache/kerby/kerby-asn1/1.0.1/kerby-asn1-1.0.1.jar:/home/user/.m2/repository/org/apache/kerby/kerby-util/1.0.1/kerby-util-1.0.1.jar:/home/user/.m2/repository/org/apache/kerby/kerb-common/1.0.1/kerb-common-1.0.1.jar:/home/user/.m2/repository/org/apache/kerby/kerb-crypto/1.0.1/kerb-crypto-1.0.1.jar:/home/user/.m2/repository/org/apache/kerby/kerb-util/1.0.1/kerb-util-1.0.1.jar:/home/user/.m2/repository/org/apache/kerby/token-provider/1.0.1/token-provider-1.0.1.jar:/home/user/.m2/repository/org/apache/kerby/kerb-admin/1.0.1/kerb-admin-1.0.1.jar:/home/user/.m2/repository/org/apache/kerby/kerb-server/1.0.1/kerb-server-1.0.1.jar:/home/user/.m2/repository/org/apache/kerby/kerb-identity/1.0.1/kerb-identity-1.0.1.jar:/home/user/.m2/repository/org/apache/kerby/kerby-xdr/1.0.1/kerby-xdr-1.0.1.jar:/home/user/.m2/repository/org/slf4j/slf4j-log4j12/1.7.25/slf4j-log4j12-1.7.25.jar:/home/user/.m2/repository/org/apache/hadoop/hadoop-ozone-s3gateway/0.5.0-SNAPSHOT/hadoop-ozone-s3gateway-0.5.0-SNAPSHOT.jar:/home/user/.m2/repository/org/jboss/weld/servlet/weld-servlet/2.4.7.Final/weld-servlet-2.4.7.Final.jar:/home/user/.m2/repository/org/glassfish/jersey/containers/jersey-container-servlet-core/2.27/jersey-container-servlet-core-2.27.jar:/home/user/.m2/repository/org/glassfish/hk2/external/javax.inject/2.5.0-b42/javax.inject-2.5.0-b42.jar:/home/user/.m2/repository/org/glassfish/jersey/core/jersey-common/2.27/jersey-common-2.27.jar:/home/user/.m2/repository/org/glassfish/hk2/osgi-resource-locator/1.0.1/osgi-resource-locator-1.0.1.jar:/home/user/.m2/repository/javax/ws/rs/javax.ws.rs-api/2.1/javax.ws.rs-api-2.1.jar:/home/user/.m2/repository/org/glassfish/jersey/ext/cdi/jersey-cdi1x/2.27/jersey-cdi1x-2.27.jar:/home/user/.m2/repository/org/glassfish/jersey/inject/jersey-hk2/2.27/jersey-hk2-2.27.jar:/home/user/.m2/repository/org/glassfish/hk2/hk2-locator/2.5.0-b42/hk2-locator-2.5.0-b42.jar:/home/user/.m2/repository/org/javassist/javassist/3.22.0-CR2/javassist-3.22.0-CR2.jar:/home/user/.m2/repository/org/glassfish/hk2/hk2-api/2.5.0/hk2-api-2.5.0.jar:/home/user/.m2/repository/org/glassfish/hk2/external/jakarta.inject/2.5.0/jakarta.inject-2.5.0.jar:/home/user/.m2/repository/org/glassfish/hk2/hk2-utils/2.5.0/hk2-utils-2.5.0.jar:/home/user/.m2/repository/jakarta/annotation/jakarta.annotation-api/1.3.4/jakarta.annotation-api-1.3.4.jar:/home/user/.m2/repository/org/glassfish/hk2/external/aopalliance-repackaged/2.5.0/aopalliance-repackaged-2.5.0.jar:/home/user/.m2/repository/com/fasterxml/jackson/dataformat/jackson-dataformat-xml/2.9.0/jackson-dataformat-xml-2.9.0.jar:/home/user/.m2/repository/com/fasterxml/jackson/core/jackson-core/2.9.9/jackson-core-2.9.9.jar:/home/user/.m2/repository/com/fasterxml/jackson/module/jackson-module-jaxb-annotations/2.9.9/jackson-module-jaxb-annotations-2.9.9.jar:/home/user/.m2/repository/javax/enterprise/cdi-api/1.2/cdi-api-1.2.jar:/home/user/.m2/repository/javax/el/javax.el-api/3.0.0/javax.el-api-3.0.0.jar:/home/user/.m2/repository/javax/interceptor/javax.interceptor-api/1.2/javax.interceptor-api-1.2.jar:/home/user/.m2/repository/javax/inject/javax.inject/1/javax.inject-1.jar:/home/user/.m2/repository/com/sun/xml/bind/jaxb-impl/2.3.0.1/jaxb-impl-2.3.0.1.jar:/home/user/.m2/repository/com/sun/xml/bind/jaxb-core/2.3.0.1/jaxb-core-2.3.0.1.jar:/home/user/.m2/repository/javax/xml/bind/jaxb-api/2.3.0/jaxb-api-2.3.0.jar:/home/user/.m2/repository/javax/activation/activation/1.1.1/activation-1.1.1.jar:/home/user/.m2/repository/org/apache/hadoop/hadoop-ozone-csi/0.5.0-SNAPSHOT/hadoop-ozone-csi-0.5.0-SNAPSHOT.jar:/home/user/.m2/repository/com/google/protobuf/protobuf-java-util/3.5.1/protobuf-java-util-3.5.1.jar:/home/user/.m2/repository/org/apache/hadoop/hadoop-hdds-config/0.5.0-SNAPSHOT/hadoop-hdds-config-0.5.0-SNAPSHOT.jar:/home/user/.m2/repository/io/grpc/grpc-netty/1.17.1/grpc-netty-1.17.1.jar:/home/user/.m2/repository/io/grpc/grpc-core/1.17.1/grpc-core-1.17.1.jar:/home/user/.m2/repository/io/grpc/grpc-context/1.17.1/grpc-context-1.17.1.jar:/home/user/.m2/repository/com/google/errorprone/error_prone_annotations/2.2.0/error_prone_annotations-2.2.0.jar:/home/user/.m2/repository/org/codehaus/mojo/animal-sniffer-annotations/1.17/animal-sniffer-annotations-1.17.jar:/home/user/.m2/repository/io/opencensus/opencensus-api/0.17.0/opencensus-api-0.17.0.jar:/home/user/.m2/repository/io/opencensus/opencensus-contrib-grpc-metrics/0.17.0/opencensus-contrib-grpc-metrics-0.17.0.jar:/home/user/.m2/repository/io/netty/netty-codec-http2/4.1.30.Final/netty-codec-http2-4.1.30.Final.jar:/home/user/.m2/repository/io/netty/netty-codec-http/4.1.30.Final/netty-codec-http-4.1.30.Final.jar:/home/user/.m2/repository/io/netty/netty-codec/4.1.30.Final/netty-codec-4.1.30.Final.jar:/home/user/.m2/repository/io/netty/netty-handler/4.1.30.Final/netty-handler-4.1.30.Final.jar:/home/user/.m2/repository/io/netty/netty-handler-proxy/4.1.30.Final/netty-handler-proxy-4.1.30.Final.jar:/home/user/.m2/repository/io/netty/netty-codec-socks/4.1.30.Final/netty-codec-socks-4.1.30.Final.jar:/home/user/.m2/repository/io/netty/netty-transport-native-epoll/4.1.30.Final/netty-transport-native-epoll-4.1.30.Final.jar:/home/user/.m2/repository/io/netty/netty-common/4.1.30.Final/netty-common-4.1.30.Final.jar:/home/user/.m2/repository/io/netty/netty-buffer/4.1.30.Final/netty-buffer-4.1.30.Final.jar:/home/user/.m2/repository/io/netty/netty-transport/4.1.30.Final/netty-transport-4.1.30.Final.jar:/home/user/.m2/repository/io/netty/netty-resolver/4.1.30.Final/netty-resolver-4.1.30.Final.jar:/home/user/.m2/repository/io/netty/netty-transport-native-unix-common/4.1.30.Final/netty-transport-native-unix-common-4.1.30.Final.jar:/home/user/.m2/repository/io/grpc/grpc-protobuf/1.17.1/grpc-protobuf-1.17.1.jar:/home/user/.m2/repository/com/google/api/grpc/proto-google-common-protos/1.0.0/proto-google-common-protos-1.0.0.jar:/home/user/.m2/repository/io/grpc/grpc-protobuf-lite/1.17.1/grpc-protobuf-lite-1.17.1.jar:/home/user/.m2/repository/io/grpc/grpc-stub/1.17.1/grpc-stub-1.17.1.jar:/home/user/.m2/repository/org/apache/hadoop/hadoop-ozone-recon/0.5.0-SNAPSHOT/hadoop-ozone-recon-0.5.0-SNAPSHOT.jar:/home/user/.m2/repository/org/apache/hadoop/hadoop-ozone-reconcodegen/0.5.0-SNAPSHOT/hadoop-ozone-reconcodegen-0.5.0-SNAPSHOT.jar:/home/user/.m2/repository/com/google/inject/extensions/guice-multibindings/4.0/guice-multibindings-4.0.jar:/home/user/.m2/repository/com/google/inject/guice/4.0/guice-4.0.jar:/home/user/.m2/repository/aopalliance/aopalliance/1.0/aopalliance-1.0.jar:/home/user/.m2/repository/com/google/inject/extensions/guice-servlet/4.0/guice-servlet-4.0.jar:/home/user/.m2/repository/org/glassfish/jersey/containers/jersey-container-servlet/2.27/jersey-container-servlet-2.27.jar:/home/user/.m2/repository/org/glassfish/hk2/guice-bridge/2.5.0/guice-bridge-2.5.0.jar:/home/user/.m2/repository/org/glassfish/jersey/core/jersey-server/2.27/jersey-server-2.27.jar:/home/user/.m2/repository/org/glassfish/jersey/core/jersey-client/2.27/jersey-client-2.27.jar:/home/user/.m2/repository/org/glassfish/jersey/media/jersey-media-jaxb/2.27/jersey-media-jaxb-2.27.jar:/home/user/.m2/repository/javax/validation/validation-api/1.1.0.Final/validation-api-1.1.0.Final.jar:/home/user/.m2/repository/org/glassfish/jersey/media/jersey-media-json-jackson/2.27/jersey-media-json-jackson-2.27.jar:/home/user/.m2/repository/org/glassfish/jersey/ext/jersey-entity-filtering/2.27/jersey-entity-filtering-2.27.jar:/home/user/.m2/repository/com/google/inject/extensions/guice-assistedinject/4.0/guice-assistedinject-4.0.jar:/home/user/.m2/repository/org/jooq/jooq/3.11.10/jooq-3.11.10.jar:/home/user/.m2/repository/org/jooq/jooq-meta/3.11.10/jooq-meta-3.11.10.jar:/home/user/.m2/repository/org/jooq/jooq-codegen/3.11.10/jooq-codegen-3.11.10.jar:/home/user/.m2/repository/com/jolbox/bonecp/0.8.0.RELEASE/bonecp-0.8.0.RELEASE.jar:/home/user/.m2/repository/org/xerial/sqlite-jdbc/3.25.2/sqlite-jdbc-3.25.2.jar:/home/user/.m2/repository/org/springframework/spring-jdbc/5.1.3.RELEASE/spring-jdbc-5.1.3.RELEASE.jar:/home/user/.m2/repository/org/springframework/spring-beans/5.1.3.RELEASE/spring-beans-5.1.3.RELEASE.jar:/home/user/.m2/repository/org/springframework/spring-core/5.1.3.RELEASE/spring-core-5.1.3.RELEASE.jar:/home/user/.m2/repository/org/springframework/spring-jcl/5.1.3.RELEASE/spring-jcl-5.1.3.RELEASE.jar:/home/user/.m2/repository/org/springframework/spring-tx/5.1.3.RELEASE/spring-tx-5.1.3.RELEASE.jar:/home/user/.m2/repository/org/apache/hadoop/hadoop-ozone-client/0.5.0-SNAPSHOT/hadoop-ozone-client-0.5.0-SNAPSHOT.jar:/home/user/.m2/repository/commons-lang/commons-lang/2.6/commons-lang-2.6.jar:/home/user/.m2/repository/org/apache/hadoop/hadoop-ozone-ozone-manager/0.5.0-SNAPSHOT/hadoop-ozone-ozone-manager-0.5.0-SNAPSHOT-tests.jar:/home/user/.m2/repository/junit/junit/4.11/junit-4.11.jar:/home/user/.m2/repository/org/hamcrest/hamcrest-core/1.3/hamcrest-core-1.3.jar:/home/user/.m2/repository/org/openjdk/jmh/jmh-core/1.19/jmh-core-1.19.jar:/home/user/.m2/repository/net/sf/jopt-simple/jopt-simple/4.6/jopt-simple-4.6.jar:/home/user/.m2/repository/org/apache/commons/commons-math3/3.1.1/commons-math3-3.1.1.jar:/home/user/.m2/repository/org/openjdk/jmh/jmh-generator-annprocess/1.19/jmh-generator-annprocess-1.19.jar:/home/user/.m2/repository/org/mockito/mockito-all/1.8.5/mockito-all-1.8.5.jar:/home/user/.m2/repository/org/apache/hadoop/hadoop-kms/3.2.0/hadoop-kms-3.2.0.jar:/home/user/.m2/repository/org/apache/hadoop/hadoop-auth/3.2.0/hadoop-auth-3.2.0.jar:/home/user/.m2/repository/com/nimbusds/nimbus-jose-jwt/4.41.1/nimbus-jose-jwt-4.41.1.jar:/home/user/.m2/repository/com/github/stephenc/jcip/jcip-annotations/1.0-1/jcip-annotations-1.0-1.jar:/home/user/.m2/repository/net/minidev/json-smart/2.3/json-smart-2.3.jar:/home/user/.m2/repository/net/minidev/accessors-smart/1.2/accessors-smart-1.2.jar:/home/user/.m2/repository/org/ow2/asm/asm/5.0.4/asm-5.0.4.jar:/home/user/.m2/repository/org/apache/curator/curator-framework/2.12.0/curator-framework-2.12.0.jar:/home/user/.m2/repository/com/sun/jersey/jersey-core/1.19/jersey-core-1.19.jar:/home/user/.m2/repository/javax/ws/rs/jsr311-api/1.1.1/jsr311-api-1.1.1.jar:/home/user/.m2/repository/com/sun/jersey/jersey-server/1.19/jersey-server-1.19.jar:/home/user/.m2/repository/javax/servlet/javax.servlet-api/3.1.0/javax.servlet-api-3.1.0.jar:/home/user/.m2/repository/org/eclipse/jetty/jetty-server/9.3.25.v20180904/jetty-server-9.3.25.v20180904.jar:/home/user/.m2/repository/org/eclipse/jetty/jetty-http/9.3.25.v20180904/jetty-http-9.3.25.v20180904.jar:/home/user/.m2/repository/org/eclipse/jetty/jetty-io/9.3.25.v20180904/jetty-io-9.3.25.v20180904.jar:/home/user/.m2/repository/org/eclipse/jetty/jetty-webapp/9.3.25.v20180904/jetty-webapp-9.3.25.v20180904.jar:/home/user/.m2/repository/org/eclipse/jetty/jetty-xml/9.3.25.v20180904/jetty-xml-9.3.25.v20180904.jar:/home/user/.m2/repository/log4j/log4j/1.2.17/log4j-1.2.17.jar:/home/user/.m2/repository/org/slf4j/slf4j-api/1.7.25/slf4j-api-1.7.25.jar:/home/user/.m2/repository/org/slf4j/jul-to-slf4j/1.7.25/jul-to-slf4j-1.7.25.jar:/home/user/.m2/repository/org/eclipse/jetty/jetty-util/9.3.25.v20180904/jetty-util-9.3.25.v20180904.jar:/home/user/.m2/repository/com/fasterxml/jackson/core/jackson-databind/2.9.9/jackson-databind-2.9.9.jar:/home/user/.m2/repository/org/apache/hadoop/hadoop-kms/3.2.0/hadoop-kms-3.2.0-tests.jar:/home/user/.m2/repository/org/apache/hadoop/hadoop-hdds-server-scm/0.5.0-SNAPSHOT/hadoop-hdds-server-scm-0.5.0-SNAPSHOT-tests.jar:/home/user/.m2/repository/org/apache/hadoop/hadoop-hdds-container-service/0.5.0-SNAPSHOT/hadoop-hdds-container-service-0.5.0-SNAPSHOT-tests.jar:/home/user/.m2/repository/org/yaml/snakeyaml/1.16/snakeyaml-1.16.jar:/home/user/.m2/repository/org/apache/hadoop/hadoop-common/3.2.0/hadoop-common-3.2.0-tests.jar:/home/user/.m2/repository/org/apache/hadoop/hadoop-annotations/3.2.0/hadoop-annotations-3.2.0.jar:/usr/lib/jvm/java-1.8-openjdk/jre/../lib/tools.jar:/home/user/.m2/repository/commons-cli/commons-cli/1.2/commons-cli-1.2.jar:/home/user/.m2/repository/org/apache/httpcomponents/httpclient/4.5.2/httpclient-4.5.2.jar:/home/user/.m2/repository/org/apache/httpcomponents/httpcore/4.4.4/httpcore-4.4.4.jar:/home/user/.m2/repository/commons-codec/commons-codec/1.11/commons-codec-1.11.jar:/home/user/.m2/repository/commons-net/commons-net/3.6/commons-net-3.6.jar:/home/user/.m2/repository/commons-collections/commons-collections/3.2.2/commons-collections-3.2.2.jar:/home/user/.m2/repository/org/eclipse/jetty/jetty-servlet/9.3.25.v20180904/jetty-servlet-9.3.25.v20180904.jar:/home/user/.m2/repository/org/eclipse/jetty/jetty-security/9.3.25.v20180904/jetty-security-9.3.25.v20180904.jar:/home/user/.m2/repository/javax/servlet/jsp/jsp-api/2.1/jsp-api-2.1.jar:/home/user/.m2/repository/com/sun/jersey/jersey-servlet/1.19/jersey-servlet-1.19.jar:/home/user/.m2/repository/com/sun/jersey/jersey-json/1.19/jersey-json-1.19.jar:/home/user/.m2/repository/org/codehaus/jettison/jettison/1.1/jettison-1.1.jar:/home/user/.m2/repository/org/codehaus/jackson/jackson-core-asl/1.9.13/jackson-core-asl-1.9.13.jar:/home/user/.m2/repository/org/codehaus/jackson/jackson-mapper-asl/1.9.13/jackson-mapper-asl-1.9.13.jar:/home/user/.m2/repository/org/codehaus/jackson/jackson-jaxrs/1.9.13/jackson-jaxrs-1.9.13.jar:/home/user/.m2/repository/org/codehaus/jackson/jackson-xc/1.9.13/jackson-xc-1.9.13.jar:/home/user/.m2/repository/commons-logging/commons-logging/1.1.3/commons-logging-1.1.3.jar:/home/user/.m2/repository/commons-beanutils/commons-beanutils/1.9.4/commons-beanutils-1.9.4.jar:/home/user/.m2/repository/org/apache/commons/commons-configuration2/2.1.1/commons-configuration2-2.1.1.jar:/home/user/.m2/repository/org/apache/commons/commons-lang3/3.7/commons-lang3-3.7.jar:/home/user/.m2/repository/org/apache/commons/commons-text/1.4/commons-text-1.4.jar:/home/user/.m2/repository/org/apache/avro/avro/1.7.7/avro-1.7.7.jar:/home/user/.m2/repository/com/thoughtworks/paranamer/paranamer/2.3/paranamer-2.3.jar:/home/user/.m2/repository/org/xerial/snappy/snappy-java/1.0.5/snappy-java-1.0.5.jar:/home/user/.m2/repository/com/google/re2j/re2j/1.1/re2j-1.1.jar:/home/user/.m2/repository/com/google/code/gson/gson/2.2.4/gson-2.2.4.jar:/home/user/.m2/repository/com/jcraft/jsch/0.1.54/jsch-0.1.54.jar:/home/user/.m2/repository/org/apache/curator/curator-client/2.12.0/curator-client-2.12.0.jar:/home/user/.m2/repository/org/apache/curator/curator-recipes/2.12.0/curator-recipes-2.12.0.jar:/home/user/.m2/repository/com/google/code/findbugs/jsr305/3.0.0/jsr305-3.0.0.jar:/home/user/.m2/repository/org/apache/htrace/htrace-core4/4.1.0-incubating/htrace-core4-4.1.0-incubating.jar:/home/user/.m2/repository/org/apache/zookeeper/zookeeper/3.4.13/zookeeper-3.4.13.jar:/home/user/.m2/repository/jline/jline/0.9.94/jline-0.9.94.jar:/home/user/.m2/repository/org/apache/yetus/audience-annotations/0.5.0/audience-annotations-0.5.0.jar:/home/user/.m2/repository/org/codehaus/woodstox/stax2-api/3.1.4/stax2-api-3.1.4.jar:/home/user/.m2/repository/com/fasterxml/woodstox/woodstox-core/5.0.3/woodstox-core-5.0.3.jar:/home/user/.m2/repository/dnsjava/dnsjava/2.1.7/dnsjava-2.1.7.jar:/home/user/.m2/repository/org/apache/hadoop/hadoop-hdfs/3.2.0/hadoop-hdfs-3.2.0-tests.jar:/home/user/.m2/repository/org/eclipse/jetty/jetty-util-ajax/9.3.25.v20180904/jetty-util-ajax-9.3.25.v20180904.jar:/home/user/.m2/repository/commons-daemon/commons-daemon/1.0.13/commons-daemon-1.0.13.jar:/home/user/.m2/repository/io/netty/netty/3.10.5.Final/netty-3.10.5.Final.jar:/home/user/.m2/repository/io/netty/netty-all/4.0.52.Final/netty-all-4.0.52.Final.jar:/home/user/.m2/repository/org/fusesource/leveldbjni/leveldbjni-all/1.8/leveldbjni-all-1.8.jar:"/>
    <property name="sun.cpu.endian" value="little"/>
    <property name="user.home" value="/home/user"/>
    <property name="user.language" value="en"/>
    <property name="java.specification.vendor" value="Oracle Corporation"/>
    <property name="java.home" value="/usr/lib/jvm/java-1.8-openjdk/jre"/>
    <property name="java.security.krb5.conf" value="/workdir/hadoop-ozone/integration-test/target/test-classes/krb5.conf"/>
    <property name="basedir" value="/workdir/hadoop-ozone/integration-test"/>
    <property name="file.separator" value="/"/>
    <property name="line.separator" value="&#10;"/>
    <property name="java.vm.specification.vendor" value="Oracle Corporation"/>
    <property name="java.specification.name" value="Java Platform API Specification"/>
    <property name="java.awt.graphicsenv" value="sun.awt.X11GraphicsEnvironment"/>
    <property name="surefire.real.class.path" value="/workdir/hadoop-ozone/integration-test/target/surefire/surefirebooter2374220976743882607.jar"/>
    <property name="hadoop.log.dir" value="/workdir/hadoop-ozone/integration-test/target/log"/>
    <property name="sun.boot.class.path" value="/usr/lib/jvm/java-1.8-openjdk/jre/lib/resources.jar:/usr/lib/jvm/java-1.8-openjdk/jre/lib/rt.jar:/usr/lib/jvm/java-1.8-openjdk/jre/lib/sunrsasign.jar:/usr/lib/jvm/java-1.8-openjdk/jre/lib/jsse.jar:/usr/lib/jvm/java-1.8-openjdk/jre/lib/jce.jar:/usr/lib/jvm/java-1.8-openjdk/jre/lib/charsets.jar:/usr/lib/jvm/java-1.8-openjdk/jre/lib/jfr.jar:/usr/lib/jvm/java-1.8-openjdk/jre/classes"/>
    <property name="sun.management.compiler" value="HotSpot 64-Bit Tiered Compilers"/>
    <property name="java.runtime.version" value="1.8.0_212-b04"/>
    <property name="java.net.preferIPv4Stack" value="true"/>
    <property name="user.name" value="jenkins1000"/>
    <property name="path.separator" value=":"/>
    <property name="java.security.egd" value="file:///dev/urandom"/>
    <property name="os.version" value="3.10.0-957.12.2.el7.x86_64"/>
    <property name="java.endorsed.dirs" value="/usr/lib/jvm/java-1.8-openjdk/jre/lib/endorsed"/>
    <property name="java.runtime.name" value="OpenJDK Runtime Environment"/>
    <property name="file.encoding" value="UTF-8"/>
    <property name="java.vm.name" value="OpenJDK 64-Bit Server VM"/>
    <property name="test.build.webapps" value=""/>
    <property name="localRepository" value="/home/user/.m2/repository"/>
    <property name="java.vendor.url.bug" value="https://icedtea.classpath.org/bugzilla"/>
    <property name="java.io.tmpdir" value="/tmp"/>
    <property name="require.test.libhadoop" value=""/>
    <property name="java.version" value="1.8.0_212"/>
    <property name="user.dir" value="/workdir/hadoop-ozone/integration-test"/>
    <property name="os.arch" value="amd64"/>
    <property name="java.vm.specification.name" value="Java Virtual Machine Specification"/>
    <property name="test.build.classes" value="/workdir/hadoop-ozone/integration-test/target/test-classes"/>
    <property name="java.awt.printerjob" value="sun.print.PSPrinterJob"/>
    <property name="sun.os.patch.level" value="unknown"/>
    <property name="hadoop.tmp.dir" value="/workdir/hadoop-ozone/integration-test/target/tmp"/>
    <property name="java.library.path" value="/usr/lib/jvm/java-1.8-openjdk/jre/lib/amd64/server:/usr/lib/jvm/java-1.8-openjdk/jre/lib/amd64:/usr/lib/jvm/java-1.8-openjdk/jre/../lib/amd64:/workdir/hadoop-ozone/integration-test/target/native/target/usr/local/lib:/workdir/hadoop-ozone/integration-test/../../hadoop-common-project/hadoop-common/target/native/target/usr/local/lib:/usr/java/packages/lib/amd64:/usr/lib64:/lib64:/lib:/usr/lib"/>
    <property name="java.vm.info" value="mixed mode"/>
    <property name="java.vendor" value="IcedTea"/>
    <property name="java.vm.version" value="25.212-b04"/>
    <property name="java.ext.dirs" value="/usr/lib/jvm/java-1.8-openjdk/jre/lib/ext:/usr/java/packages/lib/ext"/>
    <property name="sun.io.unicode.encoding" value="UnicodeLittle"/>
    <property name="java.class.version" value="52.0"/>
  </properties>
  <testcase name="testWatchForCommitWithKeyWrite" classname="org.apache.hadoop.ozone.client.rpc.TestWatchForCommit" time="76.947"/>
  <testcase name="testWatchForCommitWithSmallerTimeoutValue" classname="org.apache.hadoop.ozone.client.rpc.TestWatchForCommit" time="43.576"/>
  <testcase name="testWatchForCommitForRetryfailure" classname="org.apache.hadoop.ozone.client.rpc.TestWatchForCommit" time="74.677"/>
  <testcase name="testWatchForCommitForGroupMismatchException" classname="org.apache.hadoop.ozone.client.rpc.TestWatchForCommit" time="33.672"/>
  <testcase name="test2WayCommitForTimeoutException" classname="org.apache.hadoop.ozone.client.rpc.TestWatchForCommit" time="33.782">
    <error type="java.util.concurrent.TimeoutException">java.util.concurrent.TimeoutException
	at java.util.concurrent.CompletableFuture.timedGet(CompletableFuture.java:1771)
	at java.util.concurrent.CompletableFuture.get(CompletableFuture.java:1915)
	at org.apache.hadoop.hdds.scm.XceiverClientRatis.watchForCommit(XceiverClientRatis.java:283)
	at org.apache.hadoop.ozone.client.rpc.TestWatchForCommit.test2WayCommitForTimeoutException(TestWatchForCommit.java:391)
	at sun.reflect.NativeMethodAccessorImpl.invoke0(Native Method)
	at sun.reflect.NativeMethodAccessorImpl.invoke(NativeMethodAccessorImpl.java:62)
	at sun.reflect.DelegatingMethodAccessorImpl.invoke(DelegatingMethodAccessorImpl.java:43)
	at java.lang.reflect.Method.invoke(Method.java:498)
	at org.junit.runners.model.FrameworkMethod$1.runReflectiveCall(FrameworkMethod.java:47)
	at org.junit.internal.runners.model.ReflectiveCallable.run(ReflectiveCallable.java:12)
	at org.junit.runners.model.FrameworkMethod.invokeExplosively(FrameworkMethod.java:44)
	at org.junit.internal.runners.statements.InvokeMethod.evaluate(InvokeMethod.java:17)
	at org.junit.runners.ParentRunner.runLeaf(ParentRunner.java:271)
	at org.junit.runners.BlockJUnit4ClassRunner.runChild(BlockJUnit4ClassRunner.java:70)
	at org.junit.runners.BlockJUnit4ClassRunner.runChild(BlockJUnit4ClassRunner.java:50)
	at org.junit.runners.ParentRunner$3.run(ParentRunner.java:238)
	at org.junit.runners.ParentRunner$1.schedule(ParentRunner.java:63)
	at org.junit.runners.ParentRunner.runChildren(ParentRunner.java:236)
	at org.junit.runners.ParentRunner.access$000(ParentRunner.java:53)
	at org.junit.runners.ParentRunner$2.evaluate(ParentRunner.java:229)
	at org.junit.runners.ParentRunner.run(ParentRunner.java:309)
	at org.apache.maven.surefire.junit4.JUnit4Provider.execute(JUnit4Provider.java:365)
	at org.apache.maven.surefire.junit4.JUnit4Provider.executeWithRerun(JUnit4Provider.java:273)
	at org.apache.maven.surefire.junit4.JUnit4Provider.executeTestSet(JUnit4Provider.java:238)
	at org.apache.maven.surefire.junit4.JUnit4Provider.invoke(JUnit4Provider.java:159)
	at org.apache.maven.surefire.booter.ForkedBooter.invokeProviderInSameClassLoader(ForkedBooter.java:384)
	at org.apache.maven.surefire.booter.ForkedBooter.runSuitesInProcess(ForkedBooter.java:345)
	at org.apache.maven.surefire.booter.ForkedBooter.execute(ForkedBooter.java:126)
	at org.apache.maven.surefire.booter.ForkedBooter.main(ForkedBooter.java:418)
</error>
    <system-out><![CDATA[2019-10-10 01:20:16,447 [main] WARN  server.ServerUtils (ServerUtils.java:getScmDbDir(145)) - ozone.scm.db.dirs is not configured. We recommend adding this setting. Falling back to ozone.metadata.dirs instead.
2019-10-10 01:20:16,473 [main] WARN  server.ServerUtils (ServerUtils.java:getScmDbDir(145)) - ozone.scm.db.dirs is not configured. We recommend adding this setting. Falling back to ozone.metadata.dirs instead.
2019-10-10 01:20:16,473 [main] WARN  server.ServerUtils (ServerUtils.java:getScmDbDir(145)) - ozone.scm.db.dirs is not configured. We recommend adding this setting. Falling back to ozone.metadata.dirs instead.
2019-10-10 01:20:16,474 [main] INFO  db.DBStoreBuilder (DBStoreBuilder.java:addTable(117)) - using custom profile for table: deletedBlocks
2019-10-10 01:20:16,475 [main] INFO  db.DBStoreBuilder (DBStoreBuilder.java:processTables(168)) - Using default column profile:DBProfile.DISK for Table:deletedBlocks
2019-10-10 01:20:16,475 [main] INFO  db.DBStoreBuilder (DBStoreBuilder.java:addTable(117)) - using custom profile for table: validCerts
2019-10-10 01:20:16,475 [main] INFO  db.DBStoreBuilder (DBStoreBuilder.java:processTables(168)) - Using default column profile:DBProfile.DISK for Table:validCerts
2019-10-10 01:20:16,476 [main] INFO  db.DBStoreBuilder (DBStoreBuilder.java:addTable(117)) - using custom profile for table: revokedCerts
2019-10-10 01:20:16,476 [main] INFO  db.DBStoreBuilder (DBStoreBuilder.java:processTables(168)) - Using default column profile:DBProfile.DISK for Table:revokedCerts
2019-10-10 01:20:16,476 [main] INFO  db.DBStoreBuilder (DBStoreBuilder.java:addTable(117)) - using custom profile for table: default
2019-10-10 01:20:16,476 [main] INFO  db.DBStoreBuilder (DBStoreBuilder.java:processTables(174)) - Using default column profile:DBProfile.DISK for Table:default
2019-10-10 01:20:16,477 [main] INFO  db.DBStoreBuilder (DBStoreBuilder.java:getDbProfile(205)) - Using default options. DBProfile.DISK
2019-10-10 01:20:16,837 [main] INFO  net.NodeSchemaLoader (NodeSchemaLoader.java:loadSchemaFromFile(125)) - Loading file from sun.misc.CompoundEnumeration@2dd63e3
2019-10-10 01:20:16,837 [main] INFO  net.NodeSchemaLoader (NodeSchemaLoader.java:loadSchema(171)) - Loading network topology layer schema file
2019-10-10 01:20:16,843 [main] WARN  server.ServerUtils (ServerUtils.java:sanitizeUserArgs(70)) - ozone.scm.stale.node.interval value = 300000 is larger than max = 100000 based on the key value of ozone.scm.heartbeat.thread.interval, reset to the max value 100000.
2019-10-10 01:20:16,843 [main] WARN  server.ServerUtils (ServerUtils.java:sanitizeUserArgs(70)) - ozone.scm.stale.node.interval value = 300000 is larger than max = 100000 based on the key value of ozone.scm.heartbeat.thread.interval, reset to the max value 100000.
2019-10-10 01:20:16,844 [main] INFO  node.SCMNodeManager (SCMNodeManager.java:<init>(116)) - Entering startup safe mode.
2019-10-10 01:20:16,845 [main] INFO  algorithms.ContainerPlacementPolicyFactory (ContainerPlacementPolicyFactory.java:getPolicy(57)) - Create container placement policy of type org.apache.hadoop.hdds.scm.container.placement.algorithms.SCMContainerPlacementRandom
2019-10-10 01:20:16,845 [main] WARN  server.ServerUtils (ServerUtils.java:getScmDbDir(145)) - ozone.scm.db.dirs is not configured. We recommend adding this setting. Falling back to ozone.metadata.dirs instead.
2019-10-10 01:20:16,986 [main] INFO  pipeline.SCMPipelineManager (SCMPipelineManager.java:initializePipelineState(132)) - No pipeline exists in current db
2019-10-10 01:20:16,986 [main] WARN  server.ServerUtils (ServerUtils.java:getScmDbDir(145)) - ozone.scm.db.dirs is not configured. We recommend adding this setting. Falling back to ozone.metadata.dirs instead.
2019-10-10 01:20:17,123 [main] WARN  events.EventQueue (EventQueue.java:fireEvent(183)) - No event handler registered for event TypedEvent{payloadType=SafeModeStatus, name='SafeModeStatus'}
2019-10-10 01:20:17,124 [main] INFO  ipc.CallQueueManager (CallQueueManager.java:<init>(84)) - Using callQueue: class java.util.concurrent.LinkedBlockingQueue, queueCapacity: 2000, scheduler: class org.apache.hadoop.ipc.DefaultRpcScheduler, ipcBackoff: false.
2019-10-10 01:20:17,126 [Socket Reader #1 for port 34508] INFO  ipc.Server (Server.java:run(1074)) - Starting Socket Reader #1 for port 34508
2019-10-10 01:20:17,128 [main] INFO  ipc.CallQueueManager (CallQueueManager.java:<init>(84)) - Using callQueue: class java.util.concurrent.LinkedBlockingQueue, queueCapacity: 2000, scheduler: class org.apache.hadoop.ipc.DefaultRpcScheduler, ipcBackoff: false.
2019-10-10 01:20:17,129 [Socket Reader #1 for port 33678] INFO  ipc.Server (Server.java:run(1074)) - Starting Socket Reader #1 for port 33678
2019-10-10 01:20:17,131 [main] INFO  ipc.CallQueueManager (CallQueueManager.java:<init>(84)) - Using callQueue: class java.util.concurrent.LinkedBlockingQueue, queueCapacity: 2000, scheduler: class org.apache.hadoop.ipc.DefaultRpcScheduler, ipcBackoff: false.
2019-10-10 01:20:17,132 [Socket Reader #1 for port 46500] INFO  ipc.Server (Server.java:run(1074)) - Starting Socket Reader #1 for port 46500
2019-10-10 01:20:17,135 [main] INFO  hdfs.DFSUtil (DFSUtil.java:httpServerTemplateForNNAndJN(1641)) - Starting Web-server for scm at: http://0.0.0.0:0
2019-10-10 01:20:17,138 [main] INFO  server.AuthenticationFilter (AuthenticationFilter.java:constructSecretProvider(240)) - Unable to initialize FileSignerSecretProvider, falling back to use random secrets.
2019-10-10 01:20:17,139 [main] WARN  http.HttpRequestLog (HttpRequestLog.java:getRequestLog(97)) - Jetty request log can only be enabled using Log4j
2019-10-10 01:20:17,141 [main] INFO  http.HttpServer2 (HttpServer2.java:addGlobalFilter(975)) - Added global filter 'safety' (class=org.apache.hadoop.http.HttpServer2$QuotingInputFilter)
2019-10-10 01:20:17,142 [main] INFO  http.HttpServer2 (HttpServer2.java:addFilter(948)) - Added filter static_user_filter (class=org.apache.hadoop.http.lib.StaticUserWebFilter$StaticUserFilter) to context scm
2019-10-10 01:20:17,142 [main] INFO  http.HttpServer2 (HttpServer2.java:addFilter(958)) - Added filter static_user_filter (class=org.apache.hadoop.http.lib.StaticUserWebFilter$StaticUserFilter) to context static
2019-10-10 01:20:17,142 [main] INFO  http.HttpServer2 (HttpServer2.java:addFilter(958)) - Added filter static_user_filter (class=org.apache.hadoop.http.lib.StaticUserWebFilter$StaticUserFilter) to context logs
2019-10-10 01:20:17,145 [main] INFO  server.StorageContainerManager (StorageContainerManager.java:start(772)) - StorageContainerLocationProtocol RPC server is listening at /0.0.0.0:46500
2019-10-10 01:20:17,148 [main] WARN  impl.MetricsConfig (MetricsConfig.java:loadFirst(134)) - Cannot locate configuration: tried hadoop-metrics2-storagecontainermanager.properties,hadoop-metrics2.properties
2019-10-10 01:20:17,149 [main] INFO  impl.MetricsSystemImpl (MetricsSystemImpl.java:startTimer(374)) - Scheduled Metric snapshot period at 10 second(s).
2019-10-10 01:20:17,149 [main] INFO  impl.MetricsSystemImpl (MetricsSystemImpl.java:start(191)) - StorageContainerManager metrics system started
2019-10-10 01:20:17,212 [main] WARN  impl.MetricsSystemImpl (MetricsSystemImpl.java:register(276)) - Sink prometheus already exists!
2019-10-10 01:20:17,328 [main] INFO  server.SCMClientProtocolServer (SCMClientProtocolServer.java:start(159)) - RPC server for Client  is listening at /0.0.0.0:46500
2019-10-10 01:20:17,329 [IPC Server Responder] INFO  ipc.Server (Server.java:run(1314)) - IPC Server Responder: starting
2019-10-10 01:20:17,330 [IPC Server listener on 46500] INFO  ipc.Server (Server.java:run(1153)) - IPC Server listener on 46500: starting
2019-10-10 01:20:17,336 [main] INFO  server.StorageContainerManager (StorageContainerManager.java:start(782)) - ScmBlockLocationProtocol RPC server is listening at /0.0.0.0:33678
2019-10-10 01:20:17,337 [main] INFO  server.SCMBlockProtocolServer (SCMBlockProtocolServer.java:start(146)) - RPC server for Block Protocol is listening at /0.0.0.0:33678
2019-10-10 01:20:17,337 [IPC Server Responder] INFO  ipc.Server (Server.java:run(1314)) - IPC Server Responder: starting
2019-10-10 01:20:17,337 [IPC Server listener on 33678] INFO  ipc.Server (Server.java:run(1153)) - IPC Server listener on 33678: starting
2019-10-10 01:20:17,341 [main] INFO  server.StorageContainerManager (StorageContainerManager.java:start(786)) - ScmDatanodeProtocl RPC server is listening at /0.0.0.0:34508
2019-10-10 01:20:17,342 [main] INFO  server.SCMDatanodeProtocolServer (SCMDatanodeProtocolServer.java:start(169)) - RPC server for DataNodes is listening at /0.0.0.0:34508
2019-10-10 01:20:17,342 [IPC Server Responder] INFO  ipc.Server (Server.java:run(1314)) - IPC Server Responder: starting
2019-10-10 01:20:17,342 [IPC Server listener on 34508] INFO  ipc.Server (Server.java:run(1153)) - IPC Server listener on 34508: starting
2019-10-10 01:20:17,345 [main] INFO  http.HttpServer2 (HttpServer2.java:bindListener(1191)) - Jetty bound to port 34215
2019-10-10 01:20:17,346 [main] INFO  server.Server (Server.java:doStart(351)) - jetty-9.3.25.v20180904, build timestamp: 2018-09-04T21:11:46Z, git hash: 3ce520221d0240229c862b122d2b06c12a625732
2019-10-10 01:20:17,348 [main] INFO  handler.ContextHandler (ContextHandler.java:doStart(781)) - Started o.e.j.s.ServletContextHandler@3554bdc0{/logs,file:///workdir/hadoop-ozone/integration-test/target/log,AVAILABLE}
2019-10-10 01:20:17,348 [main] INFO  handler.ContextHandler (ContextHandler.java:doStart(781)) - Started o.e.j.s.ServletContextHandler@49580ca8{/static,file:///workdir/hadoop-ozone/integration-test/target/test-classes/webapps/static,AVAILABLE}
2019-10-10 01:20:17,353 [main] INFO  handler.ContextHandler (ContextHandler.java:doStart(781)) - Started o.e.j.w.WebAppContext@1d2fb82{/,file:///workdir/hadoop-ozone/integration-test/target/test-classes/webapps/scm/,AVAILABLE}{/scm}
2019-10-10 01:20:17,354 [main] INFO  server.AbstractConnector (AbstractConnector.java:doStart(278)) - Started ServerConnector@34045582{HTTP/1.1,[http/1.1]}{0.0.0.0:34215}
2019-10-10 01:20:17,355 [main] INFO  server.Server (Server.java:doStart(419)) - Started @230175ms
2019-10-10 01:20:17,355 [main] WARN  impl.MetricsSystemImpl (MetricsSystemImpl.java:register(276)) - Sink prometheus already exists!
2019-10-10 01:20:17,356 [main] INFO  server.BaseHttpServer (BaseHttpServer.java:updateConnectorAddress(215)) - HTTP server of SCM is listening at http://0.0.0.0:34215
2019-10-10 01:20:17,357 [main] WARN  server.ServerUtils (ServerUtils.java:getDBPath(222)) - ozone.om.db.dirs is not configured. We recommend adding this setting. Falling back to ozone.metadata.dirs instead.
2019-10-10 01:20:17,358 [org.apache.hadoop.util.JvmPauseMonitor$Monitor@1edccfd4] INFO  util.JvmPauseMonitor (JvmPauseMonitor.java:run(188)) - Starting JVM pause monitor
2019-10-10 01:20:17,386 [main] INFO  ha.OMHANodeDetails (OMHANodeDetails.java:loadOMHAConfig(190)) - Configuration either no ozone.om.address set. Falling back to the default OM address /127.0.0.1:0
2019-10-10 01:20:17,386 [main] INFO  ha.OMHANodeDetails (OMHANodeDetails.java:getOMNodeDetails(220)) - OM Service ID is not set. Setting it to the default ID: omServiceIdDefault
2019-10-10 01:20:17,387 [main] WARN  server.ServerUtils (ServerUtils.java:getDBPath(222)) - ozone.om.db.dirs is not configured. We recommend adding this setting. Falling back to ozone.metadata.dirs instead.
2019-10-10 01:20:17,387 [main] WARN  server.ServerUtils (ServerUtils.java:getDBPath(222)) - ozone.om.db.dirs is not configured. We recommend adding this setting. Falling back to ozone.metadata.dirs instead.
2019-10-10 01:20:17,403 [main] WARN  server.ServerUtils (ServerUtils.java:getDBPath(222)) - ozone.om.db.dirs is not configured. We recommend adding this setting. Falling back to ozone.metadata.dirs instead.
2019-10-10 01:20:17,403 [main] INFO  db.DBStoreBuilder (DBStoreBuilder.java:addTable(117)) - using custom profile for table: userTable
2019-10-10 01:20:17,404 [main] INFO  db.DBStoreBuilder (DBStoreBuilder.java:processTables(168)) - Using default column profile:DBProfile.DISK for Table:userTable
2019-10-10 01:20:17,404 [main] INFO  db.DBStoreBuilder (DBStoreBuilder.java:addTable(117)) - using custom profile for table: volumeTable
2019-10-10 01:20:17,404 [main] INFO  db.DBStoreBuilder (DBStoreBuilder.java:processTables(168)) - Using default column profile:DBProfile.DISK for Table:volumeTable
2019-10-10 01:20:17,404 [main] INFO  db.DBStoreBuilder (DBStoreBuilder.java:addTable(117)) - using custom profile for table: bucketTable
2019-10-10 01:20:17,405 [main] INFO  db.DBStoreBuilder (DBStoreBuilder.java:processTables(168)) - Using default column profile:DBProfile.DISK for Table:bucketTable
2019-10-10 01:20:17,405 [main] INFO  db.DBStoreBuilder (DBStoreBuilder.java:addTable(117)) - using custom profile for table: keyTable
2019-10-10 01:20:17,405 [main] INFO  db.DBStoreBuilder (DBStoreBuilder.java:processTables(168)) - Using default column profile:DBProfile.DISK for Table:keyTable
2019-10-10 01:20:17,405 [main] INFO  db.DBStoreBuilder (DBStoreBuilder.java:addTable(117)) - using custom profile for table: deletedTable
2019-10-10 01:20:17,406 [main] INFO  db.DBStoreBuilder (DBStoreBuilder.java:processTables(168)) - Using default column profile:DBProfile.DISK for Table:deletedTable
2019-10-10 01:20:17,406 [main] INFO  db.DBStoreBuilder (DBStoreBuilder.java:addTable(117)) - using custom profile for table: openKeyTable
2019-10-10 01:20:17,406 [main] INFO  db.DBStoreBuilder (DBStoreBuilder.java:processTables(168)) - Using default column profile:DBProfile.DISK for Table:openKeyTable
2019-10-10 01:20:17,406 [main] INFO  db.DBStoreBuilder (DBStoreBuilder.java:addTable(117)) - using custom profile for table: s3Table
2019-10-10 01:20:17,407 [main] INFO  db.DBStoreBuilder (DBStoreBuilder.java:processTables(168)) - Using default column profile:DBProfile.DISK for Table:s3Table
2019-10-10 01:20:17,407 [main] INFO  db.DBStoreBuilder (DBStoreBuilder.java:addTable(117)) - using custom profile for table: multipartInfoTable
2019-10-10 01:20:17,407 [main] INFO  db.DBStoreBuilder (DBStoreBuilder.java:processTables(168)) - Using default column profile:DBProfile.DISK for Table:multipartInfoTable
2019-10-10 01:20:17,407 [main] INFO  db.DBStoreBuilder (DBStoreBuilder.java:addTable(117)) - using custom profile for table: dTokenTable
2019-10-10 01:20:17,408 [main] INFO  db.DBStoreBuilder (DBStoreBuilder.java:processTables(168)) - Using default column profile:DBProfile.DISK for Table:dTokenTable
2019-10-10 01:20:17,408 [main] INFO  db.DBStoreBuilder (DBStoreBuilder.java:addTable(117)) - using custom profile for table: s3SecretTable
2019-10-10 01:20:17,408 [main] INFO  db.DBStoreBuilder (DBStoreBuilder.java:processTables(168)) - Using default column profile:DBProfile.DISK for Table:s3SecretTable
2019-10-10 01:20:17,408 [main] INFO  db.DBStoreBuilder (DBStoreBuilder.java:addTable(117)) - using custom profile for table: prefixTable
2019-10-10 01:20:17,409 [main] INFO  db.DBStoreBuilder (DBStoreBuilder.java:processTables(168)) - Using default column profile:DBProfile.DISK for Table:prefixTable
2019-10-10 01:20:17,409 [main] INFO  db.DBStoreBuilder (DBStoreBuilder.java:addTable(117)) - using custom profile for table: default
2019-10-10 01:20:17,409 [main] INFO  db.DBStoreBuilder (DBStoreBuilder.java:processTables(174)) - Using default column profile:DBProfile.DISK for Table:default
2019-10-10 01:20:17,409 [main] INFO  db.DBStoreBuilder (DBStoreBuilder.java:getDbProfile(205)) - Using default options. DBProfile.DISK
2019-10-10 01:20:18,287 [main] INFO  ipc.CallQueueManager (CallQueueManager.java:<init>(84)) - Using callQueue: class java.util.concurrent.LinkedBlockingQueue, queueCapacity: 2000, scheduler: class org.apache.hadoop.ipc.DefaultRpcScheduler, ipcBackoff: false.
2019-10-10 01:20:18,288 [Socket Reader #1 for port 45543] INFO  ipc.Server (Server.java:run(1074)) - Starting Socket Reader #1 for port 45543
2019-10-10 01:20:18,301 [main] INFO  om.OzoneManager (OzoneManager.java:start(1072)) - OzoneManager RPC server is listening at localhost/127.0.0.1:45543
2019-10-10 01:20:18,302 [main] INFO  impl.MetricsSystemImpl (MetricsSystemImpl.java:init(158)) - OzoneManager metrics system started (again)
2019-10-10 01:20:18,304 [IPC Server Responder] INFO  ipc.Server (Server.java:run(1314)) - IPC Server Responder: starting
2019-10-10 01:20:18,305 [IPC Server listener on 45543] INFO  ipc.Server (Server.java:run(1153)) - IPC Server listener on 45543: starting
2019-10-10 01:20:18,310 [main] INFO  hdfs.DFSUtil (DFSUtil.java:httpServerTemplateForNNAndJN(1641)) - Starting Web-server for ozoneManager at: http://0.0.0.0:0
2019-10-10 01:20:18,312 [main] INFO  server.AuthenticationFilter (AuthenticationFilter.java:constructSecretProvider(240)) - Unable to initialize FileSignerSecretProvider, falling back to use random secrets.
2019-10-10 01:20:18,312 [main] WARN  http.HttpRequestLog (HttpRequestLog.java:getRequestLog(97)) - Jetty request log can only be enabled using Log4j
2019-10-10 01:20:18,315 [main] INFO  http.HttpServer2 (HttpServer2.java:addGlobalFilter(975)) - Added global filter 'safety' (class=org.apache.hadoop.http.HttpServer2$QuotingInputFilter)
2019-10-10 01:20:18,316 [main] INFO  http.HttpServer2 (HttpServer2.java:addFilter(948)) - Added filter static_user_filter (class=org.apache.hadoop.http.lib.StaticUserWebFilter$StaticUserFilter) to context ozoneManager
2019-10-10 01:20:18,316 [main] INFO  http.HttpServer2 (HttpServer2.java:addFilter(958)) - Added filter static_user_filter (class=org.apache.hadoop.http.lib.StaticUserWebFilter$StaticUserFilter) to context logs
2019-10-10 01:20:18,316 [main] INFO  http.HttpServer2 (HttpServer2.java:addFilter(958)) - Added filter static_user_filter (class=org.apache.hadoop.http.lib.StaticUserWebFilter$StaticUserFilter) to context static
2019-10-10 01:20:18,317 [main] INFO  http.HttpServer2 (HttpServer2.java:bindListener(1191)) - Jetty bound to port 37109
2019-10-10 01:20:18,318 [main] INFO  server.Server (Server.java:doStart(351)) - jetty-9.3.25.v20180904, build timestamp: 2018-09-04T21:11:46Z, git hash: 3ce520221d0240229c862b122d2b06c12a625732
2019-10-10 01:20:18,320 [main] INFO  handler.ContextHandler (ContextHandler.java:doStart(781)) - Started o.e.j.s.ServletContextHandler@f5bf288{/logs,file:///workdir/hadoop-ozone/integration-test/target/log,AVAILABLE}
2019-10-10 01:20:18,320 [main] INFO  handler.ContextHandler (ContextHandler.java:doStart(781)) - Started o.e.j.s.ServletContextHandler@26c77f54{/static,file:///workdir/hadoop-ozone/integration-test/target/test-classes/webapps/static,AVAILABLE}
2019-10-10 01:20:18,325 [main] INFO  handler.ContextHandler (ContextHandler.java:doStart(781)) - Started o.e.j.w.WebAppContext@5a48da4f{/,file:///workdir/hadoop-ozone/integration-test/target/test-classes/webapps/ozoneManager/,AVAILABLE}{/ozoneManager}
2019-10-10 01:20:18,326 [main] INFO  server.AbstractConnector (AbstractConnector.java:doStart(278)) - Started ServerConnector@a0c5be{HTTP/1.1,[http/1.1]}{0.0.0.0:37109}
2019-10-10 01:20:18,327 [main] INFO  server.Server (Server.java:doStart(419)) - Started @231147ms
2019-10-10 01:20:18,328 [main] WARN  impl.MetricsSystemImpl (MetricsSystemImpl.java:register(276)) - Sink prometheus already exists!
2019-10-10 01:20:18,328 [main] INFO  server.BaseHttpServer (BaseHttpServer.java:updateConnectorAddress(215)) - HTTP server of OZONEMANAGER is listening at http://0.0.0.0:37109
2019-10-10 01:20:18,345 [main] INFO  impl.MetricsSystemImpl (MetricsSystemImpl.java:init(158)) - HddsDatanode metrics system started (again)
2019-10-10 01:20:18,350 [main] INFO  ozone.HddsDatanodeService (HddsDatanodeService.java:start(184)) - HddsDatanodeService host:pr-hdds-2181-sndvk-718193549 ip:192.168.164.234
2019-10-10 01:20:18,356 [main] INFO  volume.HddsVolume (HddsVolume.java:<init>(176)) - Creating Volume: /workdir/hadoop-ozone/integration-test/target/test-dir/MiniOzoneClusterImpl-01b1a667-9da5-47bb-9e78-cb1676f03331/datanode-0/data/containers/hdds of  storage type : DISK and capacity : 1482555576320
2019-10-10 01:20:18,356 [main] INFO  volume.VolumeSet (VolumeSet.java:initializeVolumeSet(170)) - Added Volume : /workdir/hadoop-ozone/integration-test/target/test-dir/MiniOzoneClusterImpl-01b1a667-9da5-47bb-9e78-cb1676f03331/datanode-0/data/containers/hdds to VolumeSet
2019-10-10 01:20:18,357 [main] INFO  volume.ThrottledAsyncChecker (ThrottledAsyncChecker.java:schedule(141)) - Scheduling a check for org.apache.hadoop.ozone.container.common.volume.HddsVolume@153d6d74
2019-10-10 01:20:18,358 [main] INFO  volume.HddsVolumeChecker (HddsVolumeChecker.java:checkAllVolumes(204)) - Scheduled health check for volume org.apache.hadoop.ozone.container.common.volume.HddsVolume@153d6d74
2019-10-10 01:20:18,374 [main] INFO  impl.RaftServerProxy (ConfUtils.java:logGet(43)) - raft.rpc.type = GRPC (default)
2019-10-10 01:20:18,374 [main] INFO  grpc.GrpcFactory (GrpcFactory.java:checkPooledByteBufAllocatorUseCacheForAllThreads(45)) - PERFORMANCE WARNING: useCacheForAllThreads is true that may cause Netty to create a lot garbage objects and, as a result, trigger GC.
	It is recommended to disable useCacheForAllThreads by setting -Dorg.apache.ratis.thirdparty.io.netty.allocator.useCacheForAllThreads=false in command line.
2019-10-10 01:20:18,375 [main] INFO  grpc.GrpcConfigKeys$Server (ConfUtils.java:logGet(43)) - raft.grpc.server.port = 0 (default)
2019-10-10 01:20:18,375 [main] INFO  server.GrpcService (ConfUtils.java:logGet(43)) - raft.grpc.message.size.max = 33570816 (custom)
2019-10-10 01:20:18,375 [main] INFO  server.RaftServerConfigKeys (ConfUtils.java:logGet(43)) - raft.server.log.appender.buffer.byte-limit = 33554432 (custom)
2019-10-10 01:20:18,375 [main] INFO  server.GrpcService (ConfUtils.java:logGet(43)) - raft.grpc.flow.control.window = 1MB (=1048576) (default)
2019-10-10 01:20:18,376 [main] INFO  server.RaftServerConfigKeys (ConfUtils.java:logGet(43)) - raft.server.rpc.request.timeout = 3000ms (default)
2019-10-10 01:20:18,376 [main] INFO  server.RaftServerConfigKeys (ConfUtils.java:logGet(43)) - raft.server.storage.dir = [/workdir/hadoop-ozone/integration-test/target/test-dir/MiniOzoneClusterImpl-01b1a667-9da5-47bb-9e78-cb1676f03331/datanode-0/data/ratis] (custom)
2019-10-10 01:20:18,378 [main] INFO  hdfs.DFSUtil (DFSUtil.java:httpServerTemplateForNNAndJN(1641)) - Starting Web-server for hddsDatanode at: http://0.0.0.0:0
2019-10-10 01:20:18,379 [main] INFO  server.AuthenticationFilter (AuthenticationFilter.java:constructSecretProvider(240)) - Unable to initialize FileSignerSecretProvider, falling back to use random secrets.
2019-10-10 01:20:18,380 [main] WARN  http.HttpRequestLog (HttpRequestLog.java:getRequestLog(97)) - Jetty request log can only be enabled using Log4j
2019-10-10 01:20:18,381 [main] INFO  http.HttpServer2 (HttpServer2.java:addGlobalFilter(975)) - Added global filter 'safety' (class=org.apache.hadoop.http.HttpServer2$QuotingInputFilter)
2019-10-10 01:20:18,382 [main] INFO  http.HttpServer2 (HttpServer2.java:addFilter(948)) - Added filter static_user_filter (class=org.apache.hadoop.http.lib.StaticUserWebFilter$StaticUserFilter) to context hddsDatanode
2019-10-10 01:20:18,382 [main] INFO  http.HttpServer2 (HttpServer2.java:addFilter(958)) - Added filter static_user_filter (class=org.apache.hadoop.http.lib.StaticUserWebFilter$StaticUserFilter) to context static
2019-10-10 01:20:18,382 [main] INFO  http.HttpServer2 (HttpServer2.java:addFilter(958)) - Added filter static_user_filter (class=org.apache.hadoop.http.lib.StaticUserWebFilter$StaticUserFilter) to context logs
2019-10-10 01:20:18,383 [main] INFO  http.HttpServer2 (HttpServer2.java:bindListener(1191)) - Jetty bound to port 43493
2019-10-10 01:20:18,383 [main] INFO  server.Server (Server.java:doStart(351)) - jetty-9.3.25.v20180904, build timestamp: 2018-09-04T21:11:46Z, git hash: 3ce520221d0240229c862b122d2b06c12a625732
2019-10-10 01:20:18,384 [main] INFO  handler.ContextHandler (ContextHandler.java:doStart(781)) - Started o.e.j.s.ServletContextHandler@52a7928a{/logs,file:///workdir/hadoop-ozone/integration-test/target/log,AVAILABLE}
2019-10-10 01:20:18,385 [main] INFO  handler.ContextHandler (ContextHandler.java:doStart(781)) - Started o.e.j.s.ServletContextHandler@72465eb2{/static,jar:file:/home/user/.m2/repository/org/apache/hadoop/hadoop-hdds-container-service/0.5.0-SNAPSHOT/hadoop-hdds-container-service-0.5.0-SNAPSHOT.jar!/webapps/static,AVAILABLE}
2019-10-10 01:20:18,410 [main] INFO  handler.ContextHandler (ContextHandler.java:doStart(781)) - Started o.e.j.w.WebAppContext@3fde2209{/,file:///tmp/jetty-0.0.0.0-43493-hddsDatanode-_-any-8678143787365603320.dir/webapp/,AVAILABLE}{/hddsDatanode}
2019-10-10 01:20:18,411 [main] INFO  server.AbstractConnector (AbstractConnector.java:doStart(278)) - Started ServerConnector@1f916219{HTTP/1.1,[http/1.1]}{0.0.0.0:43493}
2019-10-10 01:20:18,412 [main] INFO  server.Server (Server.java:doStart(419)) - Started @231232ms
2019-10-10 01:20:18,412 [main] WARN  impl.MetricsSystemImpl (MetricsSystemImpl.java:register(276)) - Sink prometheus already exists!
2019-10-10 01:20:18,413 [main] INFO  server.BaseHttpServer (BaseHttpServer.java:updateConnectorAddress(215)) - HTTP server of HDDSDATANODE is listening at http://0.0.0.0:43493
2019-10-10 01:20:18,413 [main] INFO  impl.MetricsSystemImpl (MetricsSystemImpl.java:init(158)) - HddsDatanode metrics system started (again)
2019-10-10 01:20:18,417 [org.apache.hadoop.util.JvmPauseMonitor$Monitor@64a2ba46] INFO  util.JvmPauseMonitor (JvmPauseMonitor.java:run(188)) - Starting JVM pause monitor
2019-10-10 01:20:18,417 [main] INFO  ozone.HddsDatanodeService (HddsDatanodeService.java:start(184)) - HddsDatanodeService host:pr-hdds-2181-sndvk-718193549 ip:192.168.164.234
2019-10-10 01:20:18,418 [Datanode State Machine Thread - 0] INFO  datanode.InitDatanodeState (InitDatanodeState.java:persistContainerDatanodeDetails(140)) - DatanodeDetails is persisted to /workdir/hadoop-ozone/integration-test/target/test-dir/MiniOzoneClusterImpl-01b1a667-9da5-47bb-9e78-cb1676f03331/datanode-0/meta/datanode.id
2019-10-10 01:20:18,423 [main] INFO  volume.HddsVolume (HddsVolume.java:<init>(176)) - Creating Volume: /workdir/hadoop-ozone/integration-test/target/test-dir/MiniOzoneClusterImpl-01b1a667-9da5-47bb-9e78-cb1676f03331/datanode-1/data/containers/hdds of  storage type : DISK and capacity : 1482555576320
2019-10-10 01:20:18,423 [main] INFO  volume.VolumeSet (VolumeSet.java:initializeVolumeSet(170)) - Added Volume : /workdir/hadoop-ozone/integration-test/target/test-dir/MiniOzoneClusterImpl-01b1a667-9da5-47bb-9e78-cb1676f03331/datanode-1/data/containers/hdds to VolumeSet
2019-10-10 01:20:18,423 [main] INFO  volume.ThrottledAsyncChecker (ThrottledAsyncChecker.java:schedule(141)) - Scheduling a check for org.apache.hadoop.ozone.container.common.volume.HddsVolume@372f0a99
2019-10-10 01:20:18,424 [main] INFO  volume.HddsVolumeChecker (HddsVolumeChecker.java:checkAllVolumes(204)) - Scheduled health check for volume org.apache.hadoop.ozone.container.common.volume.HddsVolume@372f0a99
2019-10-10 01:20:18,437 [main] INFO  impl.RaftServerProxy (ConfUtils.java:logGet(43)) - raft.rpc.type = GRPC (default)
2019-10-10 01:20:18,437 [main] INFO  grpc.GrpcFactory (GrpcFactory.java:checkPooledByteBufAllocatorUseCacheForAllThreads(45)) - PERFORMANCE WARNING: useCacheForAllThreads is true that may cause Netty to create a lot garbage objects and, as a result, trigger GC.
	It is recommended to disable useCacheForAllThreads by setting -Dorg.apache.ratis.thirdparty.io.netty.allocator.useCacheForAllThreads=false in command line.
2019-10-10 01:20:18,437 [main] INFO  grpc.GrpcConfigKeys$Server (ConfUtils.java:logGet(43)) - raft.grpc.server.port = 0 (default)
2019-10-10 01:20:18,437 [main] INFO  server.GrpcService (ConfUtils.java:logGet(43)) - raft.grpc.message.size.max = 33570816 (custom)
2019-10-10 01:20:18,437 [main] INFO  server.RaftServerConfigKeys (ConfUtils.java:logGet(43)) - raft.server.log.appender.buffer.byte-limit = 33554432 (custom)
2019-10-10 01:20:18,438 [main] INFO  server.GrpcService (ConfUtils.java:logGet(43)) - raft.grpc.flow.control.window = 1MB (=1048576) (default)
2019-10-10 01:20:18,438 [main] INFO  server.RaftServerConfigKeys (ConfUtils.java:logGet(43)) - raft.server.rpc.request.timeout = 3000ms (default)
2019-10-10 01:20:18,438 [main] INFO  server.RaftServerConfigKeys (ConfUtils.java:logGet(43)) - raft.server.storage.dir = [/workdir/hadoop-ozone/integration-test/target/test-dir/MiniOzoneClusterImpl-01b1a667-9da5-47bb-9e78-cb1676f03331/datanode-1/data/ratis] (custom)
2019-10-10 01:20:18,439 [main] INFO  hdfs.DFSUtil (DFSUtil.java:httpServerTemplateForNNAndJN(1641)) - Starting Web-server for hddsDatanode at: http://0.0.0.0:0
2019-10-10 01:20:18,440 [main] INFO  server.AuthenticationFilter (AuthenticationFilter.java:constructSecretProvider(240)) - Unable to initialize FileSignerSecretProvider, falling back to use random secrets.
2019-10-10 01:20:18,440 [main] WARN  http.HttpRequestLog (HttpRequestLog.java:getRequestLog(97)) - Jetty request log can only be enabled using Log4j
2019-10-10 01:20:18,442 [main] INFO  http.HttpServer2 (HttpServer2.java:addGlobalFilter(975)) - Added global filter 'safety' (class=org.apache.hadoop.http.HttpServer2$QuotingInputFilter)
2019-10-10 01:20:18,442 [main] INFO  http.HttpServer2 (HttpServer2.java:addFilter(948)) - Added filter static_user_filter (class=org.apache.hadoop.http.lib.StaticUserWebFilter$StaticUserFilter) to context hddsDatanode
2019-10-10 01:20:18,442 [main] INFO  http.HttpServer2 (HttpServer2.java:addFilter(958)) - Added filter static_user_filter (class=org.apache.hadoop.http.lib.StaticUserWebFilter$StaticUserFilter) to context logs
2019-10-10 01:20:18,442 [main] INFO  http.HttpServer2 (HttpServer2.java:addFilter(958)) - Added filter static_user_filter (class=org.apache.hadoop.http.lib.StaticUserWebFilter$StaticUserFilter) to context static
2019-10-10 01:20:18,443 [main] INFO  http.HttpServer2 (HttpServer2.java:bindListener(1191)) - Jetty bound to port 38080
2019-10-10 01:20:18,443 [main] INFO  server.Server (Server.java:doStart(351)) - jetty-9.3.25.v20180904, build timestamp: 2018-09-04T21:11:46Z, git hash: 3ce520221d0240229c862b122d2b06c12a625732
2019-10-10 01:20:18,444 [main] INFO  handler.ContextHandler (ContextHandler.java:doStart(781)) - Started o.e.j.s.ServletContextHandler@6da54910{/logs,file:///workdir/hadoop-ozone/integration-test/target/log,AVAILABLE}
2019-10-10 01:20:18,445 [main] INFO  handler.ContextHandler (ContextHandler.java:doStart(781)) - Started o.e.j.s.ServletContextHandler@24134cbc{/static,jar:file:/home/user/.m2/repository/org/apache/hadoop/hadoop-hdds-container-service/0.5.0-SNAPSHOT/hadoop-hdds-container-service-0.5.0-SNAPSHOT.jar!/webapps/static,AVAILABLE}
2019-10-10 01:20:18,470 [main] INFO  handler.ContextHandler (ContextHandler.java:doStart(781)) - Started o.e.j.w.WebAppContext@5fef0c19{/,file:///tmp/jetty-0.0.0.0-38080-hddsDatanode-_-any-7595671393891588103.dir/webapp/,AVAILABLE}{/hddsDatanode}
2019-10-10 01:20:18,470 [main] INFO  server.AbstractConnector (AbstractConnector.java:doStart(278)) - Started ServerConnector@2e6d76ba{HTTP/1.1,[http/1.1]}{0.0.0.0:38080}
2019-10-10 01:20:18,472 [main] INFO  server.Server (Server.java:doStart(419)) - Started @231291ms
2019-10-10 01:20:18,472 [main] WARN  impl.MetricsSystemImpl (MetricsSystemImpl.java:register(276)) - Sink prometheus already exists!
2019-10-10 01:20:18,472 [main] INFO  server.BaseHttpServer (BaseHttpServer.java:updateConnectorAddress(215)) - HTTP server of HDDSDATANODE is listening at http://0.0.0.0:38080
2019-10-10 01:20:18,473 [main] INFO  impl.MetricsSystemImpl (MetricsSystemImpl.java:init(158)) - HddsDatanode metrics system started (again)
2019-10-10 01:20:18,476 [org.apache.hadoop.util.JvmPauseMonitor$Monitor@67e11158] INFO  util.JvmPauseMonitor (JvmPauseMonitor.java:run(188)) - Starting JVM pause monitor
2019-10-10 01:20:18,477 [main] INFO  ozone.HddsDatanodeService (HddsDatanodeService.java:start(184)) - HddsDatanodeService host:pr-hdds-2181-sndvk-718193549 ip:192.168.164.234
2019-10-10 01:20:18,478 [Datanode State Machine Thread - 0] INFO  datanode.InitDatanodeState (InitDatanodeState.java:persistContainerDatanodeDetails(140)) - DatanodeDetails is persisted to /workdir/hadoop-ozone/integration-test/target/test-dir/MiniOzoneClusterImpl-01b1a667-9da5-47bb-9e78-cb1676f03331/datanode-1/meta/datanode.id
2019-10-10 01:20:18,483 [main] INFO  volume.HddsVolume (HddsVolume.java:<init>(176)) - Creating Volume: /workdir/hadoop-ozone/integration-test/target/test-dir/MiniOzoneClusterImpl-01b1a667-9da5-47bb-9e78-cb1676f03331/datanode-2/data/containers/hdds of  storage type : DISK and capacity : 1482555576320
2019-10-10 01:20:18,483 [main] INFO  volume.VolumeSet (VolumeSet.java:initializeVolumeSet(170)) - Added Volume : /workdir/hadoop-ozone/integration-test/target/test-dir/MiniOzoneClusterImpl-01b1a667-9da5-47bb-9e78-cb1676f03331/datanode-2/data/containers/hdds to VolumeSet
2019-10-10 01:20:18,483 [main] INFO  volume.ThrottledAsyncChecker (ThrottledAsyncChecker.java:schedule(141)) - Scheduling a check for org.apache.hadoop.ozone.container.common.volume.HddsVolume@14de1901
2019-10-10 01:20:18,484 [main] INFO  volume.HddsVolumeChecker (HddsVolumeChecker.java:checkAllVolumes(204)) - Scheduled health check for volume org.apache.hadoop.ozone.container.common.volume.HddsVolume@14de1901
2019-10-10 01:20:18,498 [main] INFO  impl.RaftServerProxy (ConfUtils.java:logGet(43)) - raft.rpc.type = GRPC (default)
2019-10-10 01:20:18,498 [main] INFO  grpc.GrpcFactory (GrpcFactory.java:checkPooledByteBufAllocatorUseCacheForAllThreads(45)) - PERFORMANCE WARNING: useCacheForAllThreads is true that may cause Netty to create a lot garbage objects and, as a result, trigger GC.
	It is recommended to disable useCacheForAllThreads by setting -Dorg.apache.ratis.thirdparty.io.netty.allocator.useCacheForAllThreads=false in command line.
2019-10-10 01:20:18,498 [main] INFO  grpc.GrpcConfigKeys$Server (ConfUtils.java:logGet(43)) - raft.grpc.server.port = 0 (default)
2019-10-10 01:20:18,498 [main] INFO  server.GrpcService (ConfUtils.java:logGet(43)) - raft.grpc.message.size.max = 33570816 (custom)
2019-10-10 01:20:18,499 [main] INFO  server.RaftServerConfigKeys (ConfUtils.java:logGet(43)) - raft.server.log.appender.buffer.byte-limit = 33554432 (custom)
2019-10-10 01:20:18,499 [main] INFO  server.GrpcService (ConfUtils.java:logGet(43)) - raft.grpc.flow.control.window = 1MB (=1048576) (default)
2019-10-10 01:20:18,499 [main] INFO  server.RaftServerConfigKeys (ConfUtils.java:logGet(43)) - raft.server.rpc.request.timeout = 3000ms (default)
2019-10-10 01:20:18,499 [main] INFO  server.RaftServerConfigKeys (ConfUtils.java:logGet(43)) - raft.server.storage.dir = [/workdir/hadoop-ozone/integration-test/target/test-dir/MiniOzoneClusterImpl-01b1a667-9da5-47bb-9e78-cb1676f03331/datanode-2/data/ratis] (custom)
2019-10-10 01:20:18,501 [main] INFO  hdfs.DFSUtil (DFSUtil.java:httpServerTemplateForNNAndJN(1641)) - Starting Web-server for hddsDatanode at: http://0.0.0.0:0
2019-10-10 01:20:18,502 [main] INFO  server.AuthenticationFilter (AuthenticationFilter.java:constructSecretProvider(240)) - Unable to initialize FileSignerSecretProvider, falling back to use random secrets.
2019-10-10 01:20:18,502 [main] WARN  http.HttpRequestLog (HttpRequestLog.java:getRequestLog(97)) - Jetty request log can only be enabled using Log4j
2019-10-10 01:20:18,503 [main] INFO  http.HttpServer2 (HttpServer2.java:addGlobalFilter(975)) - Added global filter 'safety' (class=org.apache.hadoop.http.HttpServer2$QuotingInputFilter)
2019-10-10 01:20:18,504 [main] INFO  http.HttpServer2 (HttpServer2.java:addFilter(948)) - Added filter static_user_filter (class=org.apache.hadoop.http.lib.StaticUserWebFilter$StaticUserFilter) to context hddsDatanode
2019-10-10 01:20:18,504 [main] INFO  http.HttpServer2 (HttpServer2.java:addFilter(958)) - Added filter static_user_filter (class=org.apache.hadoop.http.lib.StaticUserWebFilter$StaticUserFilter) to context logs
2019-10-10 01:20:18,504 [main] INFO  http.HttpServer2 (HttpServer2.java:addFilter(958)) - Added filter static_user_filter (class=org.apache.hadoop.http.lib.StaticUserWebFilter$StaticUserFilter) to context static
2019-10-10 01:20:18,504 [main] INFO  http.HttpServer2 (HttpServer2.java:bindListener(1191)) - Jetty bound to port 44085
2019-10-10 01:20:18,504 [main] INFO  server.Server (Server.java:doStart(351)) - jetty-9.3.25.v20180904, build timestamp: 2018-09-04T21:11:46Z, git hash: 3ce520221d0240229c862b122d2b06c12a625732
2019-10-10 01:20:18,506 [main] INFO  handler.ContextHandler (ContextHandler.java:doStart(781)) - Started o.e.j.s.ServletContextHandler@285a4fe3{/logs,file:///workdir/hadoop-ozone/integration-test/target/log,AVAILABLE}
2019-10-10 01:20:18,506 [main] INFO  handler.ContextHandler (ContextHandler.java:doStart(781)) - Started o.e.j.s.ServletContextHandler@1788cb61{/static,jar:file:/home/user/.m2/repository/org/apache/hadoop/hadoop-hdds-container-service/0.5.0-SNAPSHOT/hadoop-hdds-container-service-0.5.0-SNAPSHOT.jar!/webapps/static,AVAILABLE}
2019-10-10 01:20:18,531 [main] INFO  handler.ContextHandler (ContextHandler.java:doStart(781)) - Started o.e.j.w.WebAppContext@cdb3c85{/,file:///tmp/jetty-0.0.0.0-44085-hddsDatanode-_-any-3586743825763717406.dir/webapp/,AVAILABLE}{/hddsDatanode}
2019-10-10 01:20:18,531 [main] INFO  server.AbstractConnector (AbstractConnector.java:doStart(278)) - Started ServerConnector@37606fee{HTTP/1.1,[http/1.1]}{0.0.0.0:44085}
2019-10-10 01:20:18,532 [main] INFO  server.Server (Server.java:doStart(419)) - Started @231352ms
2019-10-10 01:20:18,532 [main] WARN  impl.MetricsSystemImpl (MetricsSystemImpl.java:register(276)) - Sink prometheus already exists!
2019-10-10 01:20:18,533 [main] INFO  server.BaseHttpServer (BaseHttpServer.java:updateConnectorAddress(215)) - HTTP server of HDDSDATANODE is listening at http://0.0.0.0:44085
2019-10-10 01:20:18,533 [main] INFO  impl.MetricsSystemImpl (MetricsSystemImpl.java:init(158)) - HddsDatanode metrics system started (again)
2019-10-10 01:20:18,537 [org.apache.hadoop.util.JvmPauseMonitor$Monitor@13e43b1f] INFO  util.JvmPauseMonitor (JvmPauseMonitor.java:run(188)) - Starting JVM pause monitor
2019-10-10 01:20:18,538 [main] INFO  ozone.HddsDatanodeService (HddsDatanodeService.java:start(184)) - HddsDatanodeService host:pr-hdds-2181-sndvk-718193549 ip:192.168.164.234
2019-10-10 01:20:18,539 [Datanode State Machine Thread - 0] INFO  datanode.InitDatanodeState (InitDatanodeState.java:persistContainerDatanodeDetails(140)) - DatanodeDetails is persisted to /workdir/hadoop-ozone/integration-test/target/test-dir/MiniOzoneClusterImpl-01b1a667-9da5-47bb-9e78-cb1676f03331/datanode-2/meta/datanode.id
2019-10-10 01:20:18,543 [main] INFO  volume.HddsVolume (HddsVolume.java:<init>(176)) - Creating Volume: /workdir/hadoop-ozone/integration-test/target/test-dir/MiniOzoneClusterImpl-01b1a667-9da5-47bb-9e78-cb1676f03331/datanode-3/data/containers/hdds of  storage type : DISK and capacity : 1482555576320
2019-10-10 01:20:18,543 [main] INFO  volume.VolumeSet (VolumeSet.java:initializeVolumeSet(170)) - Added Volume : /workdir/hadoop-ozone/integration-test/target/test-dir/MiniOzoneClusterImpl-01b1a667-9da5-47bb-9e78-cb1676f03331/datanode-3/data/containers/hdds to VolumeSet
2019-10-10 01:20:18,544 [main] INFO  volume.ThrottledAsyncChecker (ThrottledAsyncChecker.java:schedule(141)) - Scheduling a check for org.apache.hadoop.ozone.container.common.volume.HddsVolume@687389a6
2019-10-10 01:20:18,544 [main] INFO  volume.HddsVolumeChecker (HddsVolumeChecker.java:checkAllVolumes(204)) - Scheduled health check for volume org.apache.hadoop.ozone.container.common.volume.HddsVolume@687389a6
2019-10-10 01:20:18,556 [main] INFO  impl.RaftServerProxy (ConfUtils.java:logGet(43)) - raft.rpc.type = GRPC (default)
2019-10-10 01:20:18,556 [main] INFO  grpc.GrpcFactory (GrpcFactory.java:checkPooledByteBufAllocatorUseCacheForAllThreads(45)) - PERFORMANCE WARNING: useCacheForAllThreads is true that may cause Netty to create a lot garbage objects and, as a result, trigger GC.
	It is recommended to disable useCacheForAllThreads by setting -Dorg.apache.ratis.thirdparty.io.netty.allocator.useCacheForAllThreads=false in command line.
2019-10-10 01:20:18,556 [main] INFO  grpc.GrpcConfigKeys$Server (ConfUtils.java:logGet(43)) - raft.grpc.server.port = 0 (default)
2019-10-10 01:20:18,556 [main] INFO  server.GrpcService (ConfUtils.java:logGet(43)) - raft.grpc.message.size.max = 33570816 (custom)
2019-10-10 01:20:18,557 [main] INFO  server.RaftServerConfigKeys (ConfUtils.java:logGet(43)) - raft.server.log.appender.buffer.byte-limit = 33554432 (custom)
2019-10-10 01:20:18,557 [main] INFO  server.GrpcService (ConfUtils.java:logGet(43)) - raft.grpc.flow.control.window = 1MB (=1048576) (default)
2019-10-10 01:20:18,557 [main] INFO  server.RaftServerConfigKeys (ConfUtils.java:logGet(43)) - raft.server.rpc.request.timeout = 3000ms (default)
2019-10-10 01:20:18,557 [main] INFO  server.RaftServerConfigKeys (ConfUtils.java:logGet(43)) - raft.server.storage.dir = [/workdir/hadoop-ozone/integration-test/target/test-dir/MiniOzoneClusterImpl-01b1a667-9da5-47bb-9e78-cb1676f03331/datanode-3/data/ratis] (custom)
2019-10-10 01:20:18,558 [main] INFO  hdfs.DFSUtil (DFSUtil.java:httpServerTemplateForNNAndJN(1641)) - Starting Web-server for hddsDatanode at: http://0.0.0.0:0
2019-10-10 01:20:18,559 [main] INFO  server.AuthenticationFilter (AuthenticationFilter.java:constructSecretProvider(240)) - Unable to initialize FileSignerSecretProvider, falling back to use random secrets.
2019-10-10 01:20:18,559 [main] WARN  http.HttpRequestLog (HttpRequestLog.java:getRequestLog(97)) - Jetty request log can only be enabled using Log4j
2019-10-10 01:20:18,560 [main] INFO  http.HttpServer2 (HttpServer2.java:addGlobalFilter(975)) - Added global filter 'safety' (class=org.apache.hadoop.http.HttpServer2$QuotingInputFilter)
2019-10-10 01:20:18,561 [main] INFO  http.HttpServer2 (HttpServer2.java:addFilter(948)) - Added filter static_user_filter (class=org.apache.hadoop.http.lib.StaticUserWebFilter$StaticUserFilter) to context hddsDatanode
2019-10-10 01:20:18,561 [main] INFO  http.HttpServer2 (HttpServer2.java:addFilter(958)) - Added filter static_user_filter (class=org.apache.hadoop.http.lib.StaticUserWebFilter$StaticUserFilter) to context static
2019-10-10 01:20:18,561 [main] INFO  http.HttpServer2 (HttpServer2.java:addFilter(958)) - Added filter static_user_filter (class=org.apache.hadoop.http.lib.StaticUserWebFilter$StaticUserFilter) to context logs
2019-10-10 01:20:18,562 [main] INFO  http.HttpServer2 (HttpServer2.java:bindListener(1191)) - Jetty bound to port 37448
2019-10-10 01:20:18,562 [main] INFO  server.Server (Server.java:doStart(351)) - jetty-9.3.25.v20180904, build timestamp: 2018-09-04T21:11:46Z, git hash: 3ce520221d0240229c862b122d2b06c12a625732
2019-10-10 01:20:18,563 [main] INFO  handler.ContextHandler (ContextHandler.java:doStart(781)) - Started o.e.j.s.ServletContextHandler@251c90f{/logs,file:///workdir/hadoop-ozone/integration-test/target/log,AVAILABLE}
2019-10-10 01:20:18,564 [main] INFO  handler.ContextHandler (ContextHandler.java:doStart(781)) - Started o.e.j.s.ServletContextHandler@2dd178f3{/static,jar:file:/home/user/.m2/repository/org/apache/hadoop/hadoop-hdds-container-service/0.5.0-SNAPSHOT/hadoop-hdds-container-service-0.5.0-SNAPSHOT.jar!/webapps/static,AVAILABLE}
2019-10-10 01:20:18,588 [main] INFO  handler.ContextHandler (ContextHandler.java:doStart(781)) - Started o.e.j.w.WebAppContext@7b9088f2{/,file:///tmp/jetty-0.0.0.0-37448-hddsDatanode-_-any-9044693748237278661.dir/webapp/,AVAILABLE}{/hddsDatanode}
2019-10-10 01:20:18,589 [main] INFO  server.AbstractConnector (AbstractConnector.java:doStart(278)) - Started ServerConnector@1a914089{HTTP/1.1,[http/1.1]}{0.0.0.0:37448}
2019-10-10 01:20:18,590 [main] INFO  server.Server (Server.java:doStart(419)) - Started @231410ms
2019-10-10 01:20:18,590 [main] WARN  impl.MetricsSystemImpl (MetricsSystemImpl.java:register(276)) - Sink prometheus already exists!
2019-10-10 01:20:18,591 [main] INFO  server.BaseHttpServer (BaseHttpServer.java:updateConnectorAddress(215)) - HTTP server of HDDSDATANODE is listening at http://0.0.0.0:37448
2019-10-10 01:20:18,591 [main] INFO  impl.MetricsSystemImpl (MetricsSystemImpl.java:init(158)) - HddsDatanode metrics system started (again)
2019-10-10 01:20:18,596 [org.apache.hadoop.util.JvmPauseMonitor$Monitor@1dca3e33] INFO  util.JvmPauseMonitor (JvmPauseMonitor.java:run(188)) - Starting JVM pause monitor
2019-10-10 01:20:18,596 [main] INFO  ozone.HddsDatanodeService (HddsDatanodeService.java:start(184)) - HddsDatanodeService host:pr-hdds-2181-sndvk-718193549 ip:192.168.164.234
2019-10-10 01:20:18,597 [Datanode State Machine Thread - 0] INFO  datanode.InitDatanodeState (InitDatanodeState.java:persistContainerDatanodeDetails(140)) - DatanodeDetails is persisted to /workdir/hadoop-ozone/integration-test/target/test-dir/MiniOzoneClusterImpl-01b1a667-9da5-47bb-9e78-cb1676f03331/datanode-3/meta/datanode.id
2019-10-10 01:20:18,602 [main] INFO  volume.HddsVolume (HddsVolume.java:<init>(176)) - Creating Volume: /workdir/hadoop-ozone/integration-test/target/test-dir/MiniOzoneClusterImpl-01b1a667-9da5-47bb-9e78-cb1676f03331/datanode-4/data/containers/hdds of  storage type : DISK and capacity : 1482555576320
2019-10-10 01:20:18,602 [main] INFO  volume.VolumeSet (VolumeSet.java:initializeVolumeSet(170)) - Added Volume : /workdir/hadoop-ozone/integration-test/target/test-dir/MiniOzoneClusterImpl-01b1a667-9da5-47bb-9e78-cb1676f03331/datanode-4/data/containers/hdds to VolumeSet
2019-10-10 01:20:18,602 [main] INFO  volume.ThrottledAsyncChecker (ThrottledAsyncChecker.java:schedule(141)) - Scheduling a check for org.apache.hadoop.ozone.container.common.volume.HddsVolume@12192604
2019-10-10 01:20:18,603 [main] INFO  volume.HddsVolumeChecker (HddsVolumeChecker.java:checkAllVolumes(204)) - Scheduled health check for volume org.apache.hadoop.ozone.container.common.volume.HddsVolume@12192604
2019-10-10 01:20:18,614 [main] INFO  impl.RaftServerProxy (ConfUtils.java:logGet(43)) - raft.rpc.type = GRPC (default)
2019-10-10 01:20:18,615 [main] INFO  grpc.GrpcFactory (GrpcFactory.java:checkPooledByteBufAllocatorUseCacheForAllThreads(45)) - PERFORMANCE WARNING: useCacheForAllThreads is true that may cause Netty to create a lot garbage objects and, as a result, trigger GC.
	It is recommended to disable useCacheForAllThreads by setting -Dorg.apache.ratis.thirdparty.io.netty.allocator.useCacheForAllThreads=false in command line.
2019-10-10 01:20:18,615 [main] INFO  grpc.GrpcConfigKeys$Server (ConfUtils.java:logGet(43)) - raft.grpc.server.port = 0 (default)
2019-10-10 01:20:18,615 [main] INFO  server.GrpcService (ConfUtils.java:logGet(43)) - raft.grpc.message.size.max = 33570816 (custom)
2019-10-10 01:20:18,615 [main] INFO  server.RaftServerConfigKeys (ConfUtils.java:logGet(43)) - raft.server.log.appender.buffer.byte-limit = 33554432 (custom)
2019-10-10 01:20:18,615 [main] INFO  server.GrpcService (ConfUtils.java:logGet(43)) - raft.grpc.flow.control.window = 1MB (=1048576) (default)
2019-10-10 01:20:18,615 [main] INFO  server.RaftServerConfigKeys (ConfUtils.java:logGet(43)) - raft.server.rpc.request.timeout = 3000ms (default)
2019-10-10 01:20:18,616 [main] INFO  server.RaftServerConfigKeys (ConfUtils.java:logGet(43)) - raft.server.storage.dir = [/workdir/hadoop-ozone/integration-test/target/test-dir/MiniOzoneClusterImpl-01b1a667-9da5-47bb-9e78-cb1676f03331/datanode-4/data/ratis] (custom)
2019-10-10 01:20:18,617 [main] INFO  hdfs.DFSUtil (DFSUtil.java:httpServerTemplateForNNAndJN(1641)) - Starting Web-server for hddsDatanode at: http://0.0.0.0:0
2019-10-10 01:20:18,618 [main] INFO  server.AuthenticationFilter (AuthenticationFilter.java:constructSecretProvider(240)) - Unable to initialize FileSignerSecretProvider, falling back to use random secrets.
2019-10-10 01:20:18,618 [main] WARN  http.HttpRequestLog (HttpRequestLog.java:getRequestLog(97)) - Jetty request log can only be enabled using Log4j
2019-10-10 01:20:18,619 [main] INFO  http.HttpServer2 (HttpServer2.java:addGlobalFilter(975)) - Added global filter 'safety' (class=org.apache.hadoop.http.HttpServer2$QuotingInputFilter)
2019-10-10 01:20:18,620 [main] INFO  http.HttpServer2 (HttpServer2.java:addFilter(948)) - Added filter static_user_filter (class=org.apache.hadoop.http.lib.StaticUserWebFilter$StaticUserFilter) to context hddsDatanode
2019-10-10 01:20:18,620 [main] INFO  http.HttpServer2 (HttpServer2.java:addFilter(958)) - Added filter static_user_filter (class=org.apache.hadoop.http.lib.StaticUserWebFilter$StaticUserFilter) to context logs
2019-10-10 01:20:18,620 [main] INFO  http.HttpServer2 (HttpServer2.java:addFilter(958)) - Added filter static_user_filter (class=org.apache.hadoop.http.lib.StaticUserWebFilter$StaticUserFilter) to context static
2019-10-10 01:20:18,621 [main] INFO  http.HttpServer2 (HttpServer2.java:bindListener(1191)) - Jetty bound to port 38147
2019-10-10 01:20:18,621 [main] INFO  server.Server (Server.java:doStart(351)) - jetty-9.3.25.v20180904, build timestamp: 2018-09-04T21:11:46Z, git hash: 3ce520221d0240229c862b122d2b06c12a625732
2019-10-10 01:20:18,622 [main] INFO  handler.ContextHandler (ContextHandler.java:doStart(781)) - Started o.e.j.s.ServletContextHandler@55361f03{/logs,file:///workdir/hadoop-ozone/integration-test/target/log,AVAILABLE}
2019-10-10 01:20:18,622 [main] INFO  handler.ContextHandler (ContextHandler.java:doStart(781)) - Started o.e.j.s.ServletContextHandler@138f0661{/static,jar:file:/home/user/.m2/repository/org/apache/hadoop/hadoop-hdds-container-service/0.5.0-SNAPSHOT/hadoop-hdds-container-service-0.5.0-SNAPSHOT.jar!/webapps/static,AVAILABLE}
2019-10-10 01:20:18,646 [main] INFO  handler.ContextHandler (ContextHandler.java:doStart(781)) - Started o.e.j.w.WebAppContext@3b4ef59f{/,file:///tmp/jetty-0.0.0.0-38147-hddsDatanode-_-any-4926861246171497183.dir/webapp/,AVAILABLE}{/hddsDatanode}
2019-10-10 01:20:18,646 [main] INFO  server.AbstractConnector (AbstractConnector.java:doStart(278)) - Started ServerConnector@22cb3d59{HTTP/1.1,[http/1.1]}{0.0.0.0:38147}
2019-10-10 01:20:18,648 [main] INFO  server.Server (Server.java:doStart(419)) - Started @231468ms
2019-10-10 01:20:18,648 [main] WARN  impl.MetricsSystemImpl (MetricsSystemImpl.java:register(276)) - Sink prometheus already exists!
2019-10-10 01:20:18,649 [main] INFO  server.BaseHttpServer (BaseHttpServer.java:updateConnectorAddress(215)) - HTTP server of HDDSDATANODE is listening at http://0.0.0.0:38147
2019-10-10 01:20:18,649 [main] INFO  impl.MetricsSystemImpl (MetricsSystemImpl.java:init(158)) - HddsDatanode metrics system started (again)
2019-10-10 01:20:18,654 [org.apache.hadoop.util.JvmPauseMonitor$Monitor@546a49ff] INFO  util.JvmPauseMonitor (JvmPauseMonitor.java:run(188)) - Starting JVM pause monitor
2019-10-10 01:20:18,654 [main] INFO  ozone.HddsDatanodeService (HddsDatanodeService.java:start(184)) - HddsDatanodeService host:pr-hdds-2181-sndvk-718193549 ip:192.168.164.234
2019-10-10 01:20:18,655 [Datanode State Machine Thread - 0] INFO  datanode.InitDatanodeState (InitDatanodeState.java:persistContainerDatanodeDetails(140)) - DatanodeDetails is persisted to /workdir/hadoop-ozone/integration-test/target/test-dir/MiniOzoneClusterImpl-01b1a667-9da5-47bb-9e78-cb1676f03331/datanode-4/meta/datanode.id
2019-10-10 01:20:18,661 [main] INFO  volume.HddsVolume (HddsVolume.java:<init>(176)) - Creating Volume: /workdir/hadoop-ozone/integration-test/target/test-dir/MiniOzoneClusterImpl-01b1a667-9da5-47bb-9e78-cb1676f03331/datanode-5/data/containers/hdds of  storage type : DISK and capacity : 1482555576320
2019-10-10 01:20:18,661 [main] INFO  volume.VolumeSet (VolumeSet.java:initializeVolumeSet(170)) - Added Volume : /workdir/hadoop-ozone/integration-test/target/test-dir/MiniOzoneClusterImpl-01b1a667-9da5-47bb-9e78-cb1676f03331/datanode-5/data/containers/hdds to VolumeSet
2019-10-10 01:20:18,661 [main] INFO  volume.ThrottledAsyncChecker (ThrottledAsyncChecker.java:schedule(141)) - Scheduling a check for org.apache.hadoop.ozone.container.common.volume.HddsVolume@2b999ee8
2019-10-10 01:20:18,662 [main] INFO  volume.HddsVolumeChecker (HddsVolumeChecker.java:checkAllVolumes(204)) - Scheduled health check for volume org.apache.hadoop.ozone.container.common.volume.HddsVolume@2b999ee8
2019-10-10 01:20:18,675 [main] INFO  impl.RaftServerProxy (ConfUtils.java:logGet(43)) - raft.rpc.type = GRPC (default)
2019-10-10 01:20:18,675 [main] INFO  grpc.GrpcFactory (GrpcFactory.java:checkPooledByteBufAllocatorUseCacheForAllThreads(45)) - PERFORMANCE WARNING: useCacheForAllThreads is true that may cause Netty to create a lot garbage objects and, as a result, trigger GC.
	It is recommended to disable useCacheForAllThreads by setting -Dorg.apache.ratis.thirdparty.io.netty.allocator.useCacheForAllThreads=false in command line.
2019-10-10 01:20:18,675 [main] INFO  grpc.GrpcConfigKeys$Server (ConfUtils.java:logGet(43)) - raft.grpc.server.port = 0 (default)
2019-10-10 01:20:18,676 [main] INFO  server.GrpcService (ConfUtils.java:logGet(43)) - raft.grpc.message.size.max = 33570816 (custom)
2019-10-10 01:20:18,676 [main] INFO  server.RaftServerConfigKeys (ConfUtils.java:logGet(43)) - raft.server.log.appender.buffer.byte-limit = 33554432 (custom)
2019-10-10 01:20:18,676 [main] INFO  server.GrpcService (ConfUtils.java:logGet(43)) - raft.grpc.flow.control.window = 1MB (=1048576) (default)
2019-10-10 01:20:18,676 [main] INFO  server.RaftServerConfigKeys (ConfUtils.java:logGet(43)) - raft.server.rpc.request.timeout = 3000ms (default)
2019-10-10 01:20:18,676 [main] INFO  server.RaftServerConfigKeys (ConfUtils.java:logGet(43)) - raft.server.storage.dir = [/workdir/hadoop-ozone/integration-test/target/test-dir/MiniOzoneClusterImpl-01b1a667-9da5-47bb-9e78-cb1676f03331/datanode-5/data/ratis] (custom)
2019-10-10 01:20:18,677 [main] INFO  hdfs.DFSUtil (DFSUtil.java:httpServerTemplateForNNAndJN(1641)) - Starting Web-server for hddsDatanode at: http://0.0.0.0:0
2019-10-10 01:20:18,678 [main] INFO  server.AuthenticationFilter (AuthenticationFilter.java:constructSecretProvider(240)) - Unable to initialize FileSignerSecretProvider, falling back to use random secrets.
2019-10-10 01:20:18,679 [main] WARN  http.HttpRequestLog (HttpRequestLog.java:getRequestLog(97)) - Jetty request log can only be enabled using Log4j
2019-10-10 01:20:18,680 [main] INFO  http.HttpServer2 (HttpServer2.java:addGlobalFilter(975)) - Added global filter 'safety' (class=org.apache.hadoop.http.HttpServer2$QuotingInputFilter)
2019-10-10 01:20:18,680 [main] INFO  http.HttpServer2 (HttpServer2.java:addFilter(948)) - Added filter static_user_filter (class=org.apache.hadoop.http.lib.StaticUserWebFilter$StaticUserFilter) to context hddsDatanode
2019-10-10 01:20:18,680 [main] INFO  http.HttpServer2 (HttpServer2.java:addFilter(958)) - Added filter static_user_filter (class=org.apache.hadoop.http.lib.StaticUserWebFilter$StaticUserFilter) to context logs
2019-10-10 01:20:18,681 [main] INFO  http.HttpServer2 (HttpServer2.java:addFilter(958)) - Added filter static_user_filter (class=org.apache.hadoop.http.lib.StaticUserWebFilter$StaticUserFilter) to context static
2019-10-10 01:20:18,681 [main] INFO  http.HttpServer2 (HttpServer2.java:bindListener(1191)) - Jetty bound to port 43432
2019-10-10 01:20:18,681 [main] INFO  server.Server (Server.java:doStart(351)) - jetty-9.3.25.v20180904, build timestamp: 2018-09-04T21:11:46Z, git hash: 3ce520221d0240229c862b122d2b06c12a625732
2019-10-10 01:20:18,682 [main] INFO  handler.ContextHandler (ContextHandler.java:doStart(781)) - Started o.e.j.s.ServletContextHandler@1b8aaeab{/logs,file:///workdir/hadoop-ozone/integration-test/target/log,AVAILABLE}
2019-10-10 01:20:18,683 [main] INFO  handler.ContextHandler (ContextHandler.java:doStart(781)) - Started o.e.j.s.ServletContextHandler@6812c8cc{/static,jar:file:/home/user/.m2/repository/org/apache/hadoop/hadoop-hdds-container-service/0.5.0-SNAPSHOT/hadoop-hdds-container-service-0.5.0-SNAPSHOT.jar!/webapps/static,AVAILABLE}
2019-10-10 01:20:18,707 [main] INFO  handler.ContextHandler (ContextHandler.java:doStart(781)) - Started o.e.j.w.WebAppContext@5dbab232{/,file:///tmp/jetty-0.0.0.0-43432-hddsDatanode-_-any-1790853760806193064.dir/webapp/,AVAILABLE}{/hddsDatanode}
2019-10-10 01:20:18,707 [main] INFO  server.AbstractConnector (AbstractConnector.java:doStart(278)) - Started ServerConnector@5939e24{HTTP/1.1,[http/1.1]}{0.0.0.0:43432}
2019-10-10 01:20:18,709 [main] INFO  server.Server (Server.java:doStart(419)) - Started @231529ms
2019-10-10 01:20:18,709 [main] WARN  impl.MetricsSystemImpl (MetricsSystemImpl.java:register(276)) - Sink prometheus already exists!
2019-10-10 01:20:18,710 [main] INFO  server.BaseHttpServer (BaseHttpServer.java:updateConnectorAddress(215)) - HTTP server of HDDSDATANODE is listening at http://0.0.0.0:43432
2019-10-10 01:20:18,710 [main] INFO  impl.MetricsSystemImpl (MetricsSystemImpl.java:init(158)) - HddsDatanode metrics system started (again)
2019-10-10 01:20:18,718 [org.apache.hadoop.util.JvmPauseMonitor$Monitor@74af4889] INFO  util.JvmPauseMonitor (JvmPauseMonitor.java:run(188)) - Starting JVM pause monitor
2019-10-10 01:20:18,719 [main] INFO  ozone.HddsDatanodeService (HddsDatanodeService.java:start(184)) - HddsDatanodeService host:pr-hdds-2181-sndvk-718193549 ip:192.168.164.234
2019-10-10 01:20:18,719 [Datanode State Machine Thread - 0] INFO  datanode.InitDatanodeState (InitDatanodeState.java:persistContainerDatanodeDetails(140)) - DatanodeDetails is persisted to /workdir/hadoop-ozone/integration-test/target/test-dir/MiniOzoneClusterImpl-01b1a667-9da5-47bb-9e78-cb1676f03331/datanode-5/meta/datanode.id
2019-10-10 01:20:18,726 [main] INFO  volume.HddsVolume (HddsVolume.java:<init>(176)) - Creating Volume: /workdir/hadoop-ozone/integration-test/target/test-dir/MiniOzoneClusterImpl-01b1a667-9da5-47bb-9e78-cb1676f03331/datanode-6/data/containers/hdds of  storage type : DISK and capacity : 1482555576320
2019-10-10 01:20:18,726 [main] INFO  volume.VolumeSet (VolumeSet.java:initializeVolumeSet(170)) - Added Volume : /workdir/hadoop-ozone/integration-test/target/test-dir/MiniOzoneClusterImpl-01b1a667-9da5-47bb-9e78-cb1676f03331/datanode-6/data/containers/hdds to VolumeSet
2019-10-10 01:20:18,726 [main] INFO  volume.ThrottledAsyncChecker (ThrottledAsyncChecker.java:schedule(141)) - Scheduling a check for org.apache.hadoop.ozone.container.common.volume.HddsVolume@4645679e
2019-10-10 01:20:18,727 [main] INFO  volume.HddsVolumeChecker (HddsVolumeChecker.java:checkAllVolumes(204)) - Scheduled health check for volume org.apache.hadoop.ozone.container.common.volume.HddsVolume@4645679e
2019-10-10 01:20:18,739 [main] INFO  impl.RaftServerProxy (ConfUtils.java:logGet(43)) - raft.rpc.type = GRPC (default)
2019-10-10 01:20:18,740 [main] INFO  grpc.GrpcFactory (GrpcFactory.java:checkPooledByteBufAllocatorUseCacheForAllThreads(45)) - PERFORMANCE WARNING: useCacheForAllThreads is true that may cause Netty to create a lot garbage objects and, as a result, trigger GC.
	It is recommended to disable useCacheForAllThreads by setting -Dorg.apache.ratis.thirdparty.io.netty.allocator.useCacheForAllThreads=false in command line.
2019-10-10 01:20:18,740 [main] INFO  grpc.GrpcConfigKeys$Server (ConfUtils.java:logGet(43)) - raft.grpc.server.port = 0 (default)
2019-10-10 01:20:18,740 [main] INFO  server.GrpcService (ConfUtils.java:logGet(43)) - raft.grpc.message.size.max = 33570816 (custom)
2019-10-10 01:20:18,740 [main] INFO  server.RaftServerConfigKeys (ConfUtils.java:logGet(43)) - raft.server.log.appender.buffer.byte-limit = 33554432 (custom)
2019-10-10 01:20:18,740 [main] INFO  server.GrpcService (ConfUtils.java:logGet(43)) - raft.grpc.flow.control.window = 1MB (=1048576) (default)
2019-10-10 01:20:18,741 [main] INFO  server.RaftServerConfigKeys (ConfUtils.java:logGet(43)) - raft.server.rpc.request.timeout = 3000ms (default)
2019-10-10 01:20:18,741 [main] INFO  server.RaftServerConfigKeys (ConfUtils.java:logGet(43)) - raft.server.storage.dir = [/workdir/hadoop-ozone/integration-test/target/test-dir/MiniOzoneClusterImpl-01b1a667-9da5-47bb-9e78-cb1676f03331/datanode-6/data/ratis] (custom)
2019-10-10 01:20:18,742 [main] INFO  hdfs.DFSUtil (DFSUtil.java:httpServerTemplateForNNAndJN(1641)) - Starting Web-server for hddsDatanode at: http://0.0.0.0:0
2019-10-10 01:20:18,743 [main] INFO  server.AuthenticationFilter (AuthenticationFilter.java:constructSecretProvider(240)) - Unable to initialize FileSignerSecretProvider, falling back to use random secrets.
2019-10-10 01:20:18,743 [main] WARN  http.HttpRequestLog (HttpRequestLog.java:getRequestLog(97)) - Jetty request log can only be enabled using Log4j
2019-10-10 01:20:18,744 [main] INFO  http.HttpServer2 (HttpServer2.java:addGlobalFilter(975)) - Added global filter 'safety' (class=org.apache.hadoop.http.HttpServer2$QuotingInputFilter)
2019-10-10 01:20:18,745 [main] INFO  http.HttpServer2 (HttpServer2.java:addFilter(948)) - Added filter static_user_filter (class=org.apache.hadoop.http.lib.StaticUserWebFilter$StaticUserFilter) to context hddsDatanode
2019-10-10 01:20:18,745 [main] INFO  http.HttpServer2 (HttpServer2.java:addFilter(958)) - Added filter static_user_filter (class=org.apache.hadoop.http.lib.StaticUserWebFilter$StaticUserFilter) to context logs
2019-10-10 01:20:18,745 [main] INFO  http.HttpServer2 (HttpServer2.java:addFilter(958)) - Added filter static_user_filter (class=org.apache.hadoop.http.lib.StaticUserWebFilter$StaticUserFilter) to context static
2019-10-10 01:20:18,746 [main] INFO  http.HttpServer2 (HttpServer2.java:bindListener(1191)) - Jetty bound to port 45983
2019-10-10 01:20:18,746 [main] INFO  server.Server (Server.java:doStart(351)) - jetty-9.3.25.v20180904, build timestamp: 2018-09-04T21:11:46Z, git hash: 3ce520221d0240229c862b122d2b06c12a625732
2019-10-10 01:20:18,747 [main] INFO  handler.ContextHandler (ContextHandler.java:doStart(781)) - Started o.e.j.s.ServletContextHandler@c48b543{/logs,file:///workdir/hadoop-ozone/integration-test/target/log,AVAILABLE}
2019-10-10 01:20:18,748 [main] INFO  handler.ContextHandler (ContextHandler.java:doStart(781)) - Started o.e.j.s.ServletContextHandler@4652c74d{/static,jar:file:/home/user/.m2/repository/org/apache/hadoop/hadoop-hdds-container-service/0.5.0-SNAPSHOT/hadoop-hdds-container-service-0.5.0-SNAPSHOT.jar!/webapps/static,AVAILABLE}
2019-10-10 01:20:18,772 [main] INFO  handler.ContextHandler (ContextHandler.java:doStart(781)) - Started o.e.j.w.WebAppContext@1373e3ee{/,file:///tmp/jetty-0.0.0.0-45983-hddsDatanode-_-any-7974306488461376190.dir/webapp/,AVAILABLE}{/hddsDatanode}
2019-10-10 01:20:18,772 [main] INFO  server.AbstractConnector (AbstractConnector.java:doStart(278)) - Started ServerConnector@175c5c3a{HTTP/1.1,[http/1.1]}{0.0.0.0:45983}
2019-10-10 01:20:18,774 [main] INFO  server.Server (Server.java:doStart(419)) - Started @231594ms
2019-10-10 01:20:18,774 [main] WARN  impl.MetricsSystemImpl (MetricsSystemImpl.java:register(276)) - Sink prometheus already exists!
2019-10-10 01:20:18,775 [main] INFO  server.BaseHttpServer (BaseHttpServer.java:updateConnectorAddress(215)) - HTTP server of HDDSDATANODE is listening at http://0.0.0.0:45983
2019-10-10 01:20:18,775 [main] INFO  ozone.MiniOzoneClusterImpl (MiniOzoneClusterImpl.java:lambda$waitForClusterToBeReady$0(147)) - Waiting for cluster to be ready. Got 0 of 7 DN Heartbeats.
2019-10-10 01:20:18,777 [org.apache.hadoop.util.JvmPauseMonitor$Monitor@5d68cbae] INFO  util.JvmPauseMonitor (JvmPauseMonitor.java:run(188)) - Starting JVM pause monitor
2019-10-10 01:20:18,778 [Datanode State Machine Thread - 0] INFO  datanode.InitDatanodeState (InitDatanodeState.java:persistContainerDatanodeDetails(140)) - DatanodeDetails is persisted to /workdir/hadoop-ozone/integration-test/target/test-dir/MiniOzoneClusterImpl-01b1a667-9da5-47bb-9e78-cb1676f03331/datanode-6/meta/datanode.id
2019-10-10 01:20:19,776 [main] INFO  ozone.MiniOzoneClusterImpl (MiniOzoneClusterImpl.java:lambda$waitForClusterToBeReady$0(147)) - Waiting for cluster to be ready. Got 0 of 7 DN Heartbeats.
2019-10-10 01:20:20,473 [Datanode State Machine Thread - 0] INFO  ozoneimpl.OzoneContainer (OzoneContainer.java:start(213)) - Attempting to start container services.
2019-10-10 01:20:20,474 [Datanode State Machine Thread - 0] INFO  ozoneimpl.OzoneContainer (OzoneContainer.java:startContainerScrub(177)) - Background container scanner has been disabled.
2019-10-10 01:20:20,474 [Datanode State Machine Thread - 0] INFO  ratis.XceiverServerRatis (XceiverServerRatis.java:start(418)) - Starting XceiverServerRatis c9552ab5-5f1a-4fc4-b375-7aa22ad15d86 at port 0
2019-10-10 01:20:20,484 [Datanode State Machine Thread - 0] INFO  impl.RaftServerProxy (RaftServerProxy.java:lambda$start$3(299)) - c9552ab5-5f1a-4fc4-b375-7aa22ad15d86: start RPC server
2019-10-10 01:20:20,487 [Datanode State Machine Thread - 0] INFO  server.GrpcService (GrpcService.java:startImpl(158)) - c9552ab5-5f1a-4fc4-b375-7aa22ad15d86: GrpcService started, listening on 0.0.0.0/0.0.0.0:42083
2019-10-10 01:20:20,487 [Datanode State Machine Thread - 0] INFO  ratis.XceiverServerRatis (XceiverServerRatis.java:start(428)) - XceiverServerRatis c9552ab5-5f1a-4fc4-b375-7aa22ad15d86 is started using port 42083
2019-10-10 01:20:20,497 [Datanode State Machine Thread - 0] INFO  server.XceiverServerGrpc (XceiverServerGrpc.java:start(149)) - XceiverServerGrpc c9552ab5-5f1a-4fc4-b375-7aa22ad15d86 is started using port 42126
2019-10-10 01:20:20,507 [Datanode State Machine Thread - 0] INFO  ozoneimpl.OzoneContainer (OzoneContainer.java:start(213)) - Attempting to start container services.
2019-10-10 01:20:20,507 [Datanode State Machine Thread - 0] INFO  ozoneimpl.OzoneContainer (OzoneContainer.java:startContainerScrub(177)) - Background container scanner has been disabled.
2019-10-10 01:20:20,507 [Datanode State Machine Thread - 0] INFO  ratis.XceiverServerRatis (XceiverServerRatis.java:start(418)) - Starting XceiverServerRatis a0e49052-281e-4dd3-8f50-b5fa6f1d224b at port 0
2019-10-10 01:20:20,514 [Datanode State Machine Thread - 0] INFO  impl.RaftServerProxy (RaftServerProxy.java:lambda$start$3(299)) - a0e49052-281e-4dd3-8f50-b5fa6f1d224b: start RPC server
2019-10-10 01:20:20,515 [Datanode State Machine Thread - 0] INFO  server.GrpcService (GrpcService.java:startImpl(158)) - a0e49052-281e-4dd3-8f50-b5fa6f1d224b: GrpcService started, listening on 0.0.0.0/0.0.0.0:32895
2019-10-10 01:20:20,515 [Datanode State Machine Thread - 0] INFO  ratis.XceiverServerRatis (XceiverServerRatis.java:start(428)) - XceiverServerRatis a0e49052-281e-4dd3-8f50-b5fa6f1d224b is started using port 32895
2019-10-10 01:20:20,515 [Datanode State Machine Thread - 0] INFO  server.XceiverServerGrpc (XceiverServerGrpc.java:start(149)) - XceiverServerGrpc a0e49052-281e-4dd3-8f50-b5fa6f1d224b is started using port 33161
2019-10-10 01:20:20,565 [Datanode State Machine Thread - 0] INFO  ozoneimpl.OzoneContainer (OzoneContainer.java:start(213)) - Attempting to start container services.
2019-10-10 01:20:20,566 [Datanode State Machine Thread - 0] INFO  ozoneimpl.OzoneContainer (OzoneContainer.java:startContainerScrub(177)) - Background container scanner has been disabled.
2019-10-10 01:20:20,566 [Datanode State Machine Thread - 0] INFO  ratis.XceiverServerRatis (XceiverServerRatis.java:start(418)) - Starting XceiverServerRatis 588188f5-911b-4b0e-a971-2291f80ae357 at port 0
2019-10-10 01:20:20,571 [Datanode State Machine Thread - 0] INFO  impl.RaftServerProxy (RaftServerProxy.java:lambda$start$3(299)) - 588188f5-911b-4b0e-a971-2291f80ae357: start RPC server
2019-10-10 01:20:20,572 [Datanode State Machine Thread - 0] INFO  server.GrpcService (GrpcService.java:startImpl(158)) - 588188f5-911b-4b0e-a971-2291f80ae357: GrpcService started, listening on 0.0.0.0/0.0.0.0:37967
2019-10-10 01:20:20,572 [Datanode State Machine Thread - 0] INFO  ratis.XceiverServerRatis (XceiverServerRatis.java:start(428)) - XceiverServerRatis 588188f5-911b-4b0e-a971-2291f80ae357 is started using port 37967
2019-10-10 01:20:20,572 [Datanode State Machine Thread - 0] INFO  server.XceiverServerGrpc (XceiverServerGrpc.java:start(149)) - XceiverServerGrpc 588188f5-911b-4b0e-a971-2291f80ae357 is started using port 46732
2019-10-10 01:20:20,624 [Datanode State Machine Thread - 0] INFO  ozoneimpl.OzoneContainer (OzoneContainer.java:start(213)) - Attempting to start container services.
2019-10-10 01:20:20,625 [Datanode State Machine Thread - 0] INFO  ozoneimpl.OzoneContainer (OzoneContainer.java:startContainerScrub(177)) - Background container scanner has been disabled.
2019-10-10 01:20:20,625 [Datanode State Machine Thread - 0] INFO  ratis.XceiverServerRatis (XceiverServerRatis.java:start(418)) - Starting XceiverServerRatis 766c14c5-5cb5-41bc-8207-7614765910d0 at port 0
2019-10-10 01:20:20,632 [Datanode State Machine Thread - 0] INFO  impl.RaftServerProxy (RaftServerProxy.java:lambda$start$3(299)) - 766c14c5-5cb5-41bc-8207-7614765910d0: start RPC server
2019-10-10 01:20:20,633 [Datanode State Machine Thread - 0] INFO  server.GrpcService (GrpcService.java:startImpl(158)) - 766c14c5-5cb5-41bc-8207-7614765910d0: GrpcService started, listening on 0.0.0.0/0.0.0.0:36578
2019-10-10 01:20:20,633 [Datanode State Machine Thread - 0] INFO  ratis.XceiverServerRatis (XceiverServerRatis.java:start(428)) - XceiverServerRatis 766c14c5-5cb5-41bc-8207-7614765910d0 is started using port 36578
2019-10-10 01:20:20,634 [Datanode State Machine Thread - 0] INFO  server.XceiverServerGrpc (XceiverServerGrpc.java:start(149)) - XceiverServerGrpc 766c14c5-5cb5-41bc-8207-7614765910d0 is started using port 40096
2019-10-10 01:20:20,683 [Datanode State Machine Thread - 0] INFO  ozoneimpl.OzoneContainer (OzoneContainer.java:start(213)) - Attempting to start container services.
2019-10-10 01:20:20,683 [Datanode State Machine Thread - 0] INFO  ozoneimpl.OzoneContainer (OzoneContainer.java:startContainerScrub(177)) - Background container scanner has been disabled.
2019-10-10 01:20:20,684 [Datanode State Machine Thread - 0] INFO  ratis.XceiverServerRatis (XceiverServerRatis.java:start(418)) - Starting XceiverServerRatis 32b13c6d-f91a-4144-84ce-062836d40646 at port 0
2019-10-10 01:20:20,693 [Datanode State Machine Thread - 0] INFO  impl.RaftServerProxy (RaftServerProxy.java:lambda$start$3(299)) - 32b13c6d-f91a-4144-84ce-062836d40646: start RPC server
2019-10-10 01:20:20,697 [Datanode State Machine Thread - 0] INFO  server.GrpcService (GrpcService.java:startImpl(158)) - 32b13c6d-f91a-4144-84ce-062836d40646: GrpcService started, listening on 0.0.0.0/0.0.0.0:40671
2019-10-10 01:20:20,697 [Datanode State Machine Thread - 0] INFO  ratis.XceiverServerRatis (XceiverServerRatis.java:start(428)) - XceiverServerRatis 32b13c6d-f91a-4144-84ce-062836d40646 is started using port 40671
2019-10-10 01:20:20,700 [Datanode State Machine Thread - 0] INFO  server.XceiverServerGrpc (XceiverServerGrpc.java:start(149)) - XceiverServerGrpc 32b13c6d-f91a-4144-84ce-062836d40646 is started using port 33980
2019-10-10 01:20:20,742 [Datanode State Machine Thread - 0] INFO  ozoneimpl.OzoneContainer (OzoneContainer.java:start(213)) - Attempting to start container services.
2019-10-10 01:20:20,742 [Datanode State Machine Thread - 0] INFO  ozoneimpl.OzoneContainer (OzoneContainer.java:startContainerScrub(177)) - Background container scanner has been disabled.
2019-10-10 01:20:20,742 [Datanode State Machine Thread - 0] INFO  ratis.XceiverServerRatis (XceiverServerRatis.java:start(418)) - Starting XceiverServerRatis c8c97245-5b75-4ab0-8c44-3709728ac050 at port 0
2019-10-10 01:20:20,748 [Datanode State Machine Thread - 0] INFO  impl.RaftServerProxy (RaftServerProxy.java:lambda$start$3(299)) - c8c97245-5b75-4ab0-8c44-3709728ac050: start RPC server
2019-10-10 01:20:20,751 [Datanode State Machine Thread - 0] INFO  server.GrpcService (GrpcService.java:startImpl(158)) - c8c97245-5b75-4ab0-8c44-3709728ac050: GrpcService started, listening on 0.0.0.0/0.0.0.0:36393
2019-10-10 01:20:20,751 [Datanode State Machine Thread - 0] INFO  ratis.XceiverServerRatis (XceiverServerRatis.java:start(428)) - XceiverServerRatis c8c97245-5b75-4ab0-8c44-3709728ac050 is started using port 36393
2019-10-10 01:20:20,752 [Datanode State Machine Thread - 0] INFO  server.XceiverServerGrpc (XceiverServerGrpc.java:start(149)) - XceiverServerGrpc c8c97245-5b75-4ab0-8c44-3709728ac050 is started using port 39839
2019-10-10 01:20:20,777 [main] INFO  ozone.MiniOzoneClusterImpl (MiniOzoneClusterImpl.java:lambda$waitForClusterToBeReady$0(147)) - Waiting for cluster to be ready. Got 0 of 7 DN Heartbeats.
2019-10-10 01:20:20,800 [Datanode State Machine Thread - 0] INFO  ozoneimpl.OzoneContainer (OzoneContainer.java:start(213)) - Attempting to start container services.
2019-10-10 01:20:20,801 [Datanode State Machine Thread - 0] INFO  ozoneimpl.OzoneContainer (OzoneContainer.java:startContainerScrub(177)) - Background container scanner has been disabled.
2019-10-10 01:20:20,801 [Datanode State Machine Thread - 0] INFO  ratis.XceiverServerRatis (XceiverServerRatis.java:start(418)) - Starting XceiverServerRatis caa020d1-097b-43e7-bdbc-d34ea0fe7a1d at port 0
2019-10-10 01:20:20,808 [Datanode State Machine Thread - 0] INFO  impl.RaftServerProxy (RaftServerProxy.java:lambda$start$3(299)) - caa020d1-097b-43e7-bdbc-d34ea0fe7a1d: start RPC server
2019-10-10 01:20:20,809 [Datanode State Machine Thread - 0] INFO  server.GrpcService (GrpcService.java:startImpl(158)) - caa020d1-097b-43e7-bdbc-d34ea0fe7a1d: GrpcService started, listening on 0.0.0.0/0.0.0.0:38653
2019-10-10 01:20:20,809 [Datanode State Machine Thread - 0] INFO  ratis.XceiverServerRatis (XceiverServerRatis.java:start(428)) - XceiverServerRatis caa020d1-097b-43e7-bdbc-d34ea0fe7a1d is started using port 38653
2019-10-10 01:20:20,810 [Datanode State Machine Thread - 0] INFO  server.XceiverServerGrpc (XceiverServerGrpc.java:start(149)) - XceiverServerGrpc caa020d1-097b-43e7-bdbc-d34ea0fe7a1d is started using port 46244
2019-10-10 01:20:21,778 [main] INFO  ozone.MiniOzoneClusterImpl (MiniOzoneClusterImpl.java:lambda$waitForClusterToBeReady$0(147)) - Waiting for cluster to be ready. Got 0 of 7 DN Heartbeats.
2019-10-10 01:20:22,428 [IPC Server handler 0 on 34508] INFO  net.NetworkTopology (NetworkTopologyImpl.java:add(111)) - Added a new node: /default-rack/c9552ab5-5f1a-4fc4-b375-7aa22ad15d86
2019-10-10 01:20:22,431 [IPC Server handler 0 on 34508] INFO  node.SCMNodeManager (SCMNodeManager.java:register(268)) - Registered Data node : c9552ab5-5f1a-4fc4-b375-7aa22ad15d86{ip: 192.168.164.234, host: pr-hdds-2181-sndvk-718193549, networkLocation: /default-rack, certSerialId: null}
2019-10-10 01:20:22,433 [EventQueue-NodeRegistrationContainerReportForDataNodeSafeModeRule] INFO  safemode.SCMSafeModeManager (DataNodeSafeModeRule.java:process(71)) - SCM in safe mode. 1 DataNodes registered, 1 required.
2019-10-10 01:20:22,436 [EventQueue-NodeRegistrationContainerReportForDataNodeSafeModeRule] INFO  safemode.SCMSafeModeManager (SCMSafeModeManager.java:validateSafeModeExitRules(177)) - ScmSafeModeManager, all rules are successfully validated
2019-10-10 01:20:22,436 [EventQueue-NodeRegistrationContainerReportForDataNodeSafeModeRule] INFO  safemode.SCMSafeModeManager (SCMSafeModeManager.java:exitSafeMode(193)) - SCM exiting safe mode.
2019-10-10 01:20:22,449 [grpc-default-executor-0] INFO  impl.RaftServerProxy (RaftServerProxy.java:addNew(89)) - c9552ab5-5f1a-4fc4-b375-7aa22ad15d86: addNew group-C217D352327F:[c9552ab5-5f1a-4fc4-b375-7aa22ad15d86:192.168.164.234:42083] returns group-C217D352327F:java.util.concurrent.CompletableFuture@64c88b78[Not completed]
2019-10-10 01:20:22,452 [pool-383-thread-1] INFO  impl.RaftServerImpl (RaftServerImpl.java:<init>(95)) - c9552ab5-5f1a-4fc4-b375-7aa22ad15d86: new RaftServerImpl for group-C217D352327F:[c9552ab5-5f1a-4fc4-b375-7aa22ad15d86:192.168.164.234:42083] with ContainerStateMachine:uninitialized
2019-10-10 01:20:22,452 [pool-383-thread-1] INFO  server.RaftServerConfigKeys (ConfUtils.java:logGet(43)) - raft.server.rpc.timeout.min = 5s (custom)
2019-10-10 01:20:22,453 [pool-383-thread-1] INFO  server.RaftServerConfigKeys (ConfUtils.java:logGet(43)) - raft.server.rpc.timeout.max = 5200ms (custom)
2019-10-10 01:20:22,453 [pool-383-thread-1] INFO  server.RaftServerConfigKeys (ConfUtils.java:logGet(43)) - raft.server.rpcslowness.timeout = 120s (custom)
2019-10-10 01:20:22,453 [pool-383-thread-1] INFO  server.RaftServerConfigKeys (ConfUtils.java:logGet(43)) - raft.server.sleep.deviation.threshold = 300 (default)
2019-10-10 01:20:22,453 [pool-383-thread-1] INFO  server.RaftServerConfigKeys (ConfUtils.java:logGet(43)) - raft.server.log.appender.install.snapshot.enabled = false (custom)
2019-10-10 01:20:22,453 [pool-383-thread-1] INFO  impl.RaftServerImpl (ServerState.java:<init>(103)) - c9552ab5-5f1a-4fc4-b375-7aa22ad15d86@group-C217D352327F: ConfigurationManager, init=-1: [c9552ab5-5f1a-4fc4-b375-7aa22ad15d86:192.168.164.234:42083], old=null, confs=<EMPTY_MAP>
2019-10-10 01:20:22,454 [pool-383-thread-1] INFO  server.RaftServerConfigKeys (ConfUtils.java:logGet(43)) - raft.server.storage.dir = [/workdir/hadoop-ozone/integration-test/target/test-dir/MiniOzoneClusterImpl-01b1a667-9da5-47bb-9e78-cb1676f03331/datanode-0/data/ratis] (custom)
2019-10-10 01:20:22,454 [pool-383-thread-1] INFO  server.RaftServerConfigKeys (ConfUtils.java:logGet(43)) - raft.server.log.corruption.policy = EXCEPTION (default)
2019-10-10 01:20:22,454 [pool-383-thread-1] INFO  storage.RaftStorageDirectory (RaftStorageDirectory.java:analyzeStorage(246)) - The storage directory /workdir/hadoop-ozone/integration-test/target/test-dir/MiniOzoneClusterImpl-01b1a667-9da5-47bb-9e78-cb1676f03331/datanode-0/data/ratis/78460402-5075-4c79-be15-c217d352327f does not exist. Creating ...
2019-10-10 01:20:22,478 [IPC Server handler 2 on 34508] INFO  net.NetworkTopology (NetworkTopologyImpl.java:add(111)) - Added a new node: /default-rack/a0e49052-281e-4dd3-8f50-b5fa6f1d224b
2019-10-10 01:20:22,478 [IPC Server handler 2 on 34508] INFO  node.SCMNodeManager (SCMNodeManager.java:register(268)) - Registered Data node : a0e49052-281e-4dd3-8f50-b5fa6f1d224b{ip: 192.168.164.234, host: pr-hdds-2181-sndvk-718193549, networkLocation: /default-rack, certSerialId: null}
2019-10-10 01:20:22,484 [pool-383-thread-1] INFO  storage.RaftStorageDirectory (RaftStorageDirectory.java:tryLock(328)) - Lock on /workdir/hadoop-ozone/integration-test/target/test-dir/MiniOzoneClusterImpl-01b1a667-9da5-47bb-9e78-cb1676f03331/datanode-0/data/ratis/78460402-5075-4c79-be15-c217d352327f/in_use.lock acquired by nodename 16653@pr-hdds-2181-sndvk-718193549
2019-10-10 01:20:22,509 [pool-383-thread-1] INFO  storage.RaftStorage (RaftStorage.java:format(84)) - Storage directory /workdir/hadoop-ozone/integration-test/target/test-dir/MiniOzoneClusterImpl-01b1a667-9da5-47bb-9e78-cb1676f03331/datanode-0/data/ratis/78460402-5075-4c79-be15-c217d352327f has been successfully formatted.
2019-10-10 01:20:22,510 [pool-383-thread-1] INFO  ratis.ContainerStateMachine (ContainerStateMachine.java:loadSnapshot(231)) - group-C217D352327F: The snapshot info is null. Setting the last applied indexto:(t:0, i:~)
2019-10-10 01:20:22,510 [pool-383-thread-1] INFO  server.RaftServerConfigKeys (ConfUtils.java:logGet(43)) - raft.server.notification.no-leader.timeout = 120s (custom)
2019-10-10 01:20:22,510 [pool-383-thread-1] INFO  server.RaftServerConfigKeys (ConfUtils.java:logGet(43)) - raft.server.log.use.memory = false (default)
2019-10-10 01:20:22,510 [pool-383-thread-1] INFO  server.RaftServerConfigKeys (ConfUtils.java:logGet(43)) - raft.server.log.purge.gap = 1000000 (custom)
2019-10-10 01:20:22,511 [pool-383-thread-1] INFO  server.RaftServerConfigKeys (ConfUtils.java:logGet(43)) - raft.server.log.appender.buffer.byte-limit = 33554432 (custom)
2019-10-10 01:20:22,511 [pool-383-thread-1] INFO  server.RaftServerConfigKeys (ConfUtils.java:logGet(43)) - raft.server.log.segment.size.max = 1048576 (custom)
2019-10-10 01:20:22,516 [pool-383-thread-1] INFO  server.RaftServerConfigKeys (ConfUtils.java:logGet(43)) - raft.server.log.segment.cache.num.max = 2 (custom)
2019-10-10 01:20:22,516 [pool-383-thread-1] INFO  segmented.SegmentedRaftLogWorker (SegmentedRaftLogWorker.java:<init>(173)) - new c9552ab5-5f1a-4fc4-b375-7aa22ad15d86@group-C217D352327F-SegmentedRaftLogWorker for RaftStorage:Storage Directory /workdir/hadoop-ozone/integration-test/target/test-dir/MiniOzoneClusterImpl-01b1a667-9da5-47bb-9e78-cb1676f03331/datanode-0/data/ratis/78460402-5075-4c79-be15-c217d352327f
2019-10-10 01:20:22,516 [pool-383-thread-1] INFO  server.RaftServerConfigKeys (ConfUtils.java:logGet(43)) - raft.server.log.queue.byte-limit = 2147483647 (custom)
2019-10-10 01:20:22,516 [pool-383-thread-1] INFO  server.RaftServerConfigKeys (ConfUtils.java:logGet(43)) - raft.server.log.queue.element-limit = 1024 (custom)
2019-10-10 01:20:22,516 [pool-383-thread-1] INFO  server.RaftServerConfigKeys (ConfUtils.java:logGet(43)) - raft.server.log.segment.size.max = 1048576 (custom)
2019-10-10 01:20:22,517 [pool-383-thread-1] INFO  server.RaftServerConfigKeys (ConfUtils.java:logGet(43)) - raft.server.log.preallocated.size = 16384 (custom)
2019-10-10 01:20:22,517 [pool-383-thread-1] INFO  server.RaftServerConfigKeys (ConfUtils.java:logGet(43)) - raft.server.log.write.buffer.size = 33554432 (custom)
2019-10-10 01:20:22,517 [pool-383-thread-1] INFO  server.RaftServerConfigKeys (ConfUtils.java:logGet(43)) - raft.server.log.force.sync.num = 128 (default)
2019-10-10 01:20:22,517 [pool-383-thread-1] INFO  server.RaftServerConfigKeys (ConfUtils.java:logGet(43)) - raft.server.log.statemachine.data.sync = true (default)
2019-10-10 01:20:22,517 [pool-383-thread-1] INFO  server.RaftServerConfigKeys (ConfUtils.java:logGet(43)) - raft.server.log.statemachine.data.sync.timeout = 10s (default)
2019-10-10 01:20:22,517 [pool-383-thread-1] INFO  server.RaftServerConfigKeys (ConfUtils.java:logGet(43)) - raft.server.log.statemachine.data.sync.timeout.retry = -1 (default)
2019-10-10 01:20:22,518 [pool-383-thread-1] INFO  server.RaftServerConfigKeys (ConfUtils.java:logGet(43)) - raft.server.log.statemachine.data.caching.enabled = true (custom)
2019-10-10 01:20:22,518 [pool-383-thread-1] INFO  segmented.SegmentedRaftLogWorker (SegmentedRaftLogWorker.java:lambda$new$0(128)) - c9552ab5-5f1a-4fc4-b375-7aa22ad15d86@group-C217D352327F-SegmentedRaftLogWorker: flushIndex: setUnconditionally 0 -> -1
2019-10-10 01:20:22,519 [pool-383-thread-1] INFO  server.RaftServerConfigKeys (ConfUtils.java:logGet(43)) - raft.server.snapshot.auto.trigger.enabled = true (custom)
2019-10-10 01:20:22,519 [pool-383-thread-1] INFO  server.RaftServerConfigKeys (ConfUtils.java:logGet(43)) - raft.server.snapshot.auto.trigger.threshold = 10000 (custom)
2019-10-10 01:20:22,519 [pool-383-thread-1] INFO  server.RaftServerConfigKeys (ConfUtils.java:logGet(43)) - raft.server.snapshot.retention.file.num = 5 (custom)
2019-10-10 01:20:22,519 [pool-383-thread-1] INFO  server.RaftServerConfigKeys (ConfUtils.java:logGet(43)) - raft.server.retrycache.expirytime = 600000ms (custom)
2019-10-10 01:20:22,522 [pool-383-thread-1] INFO  impl.RaftServerImpl (RaftServerImpl.java:start(181)) - c9552ab5-5f1a-4fc4-b375-7aa22ad15d86@group-C217D352327F: start as a follower, conf=-1: [c9552ab5-5f1a-4fc4-b375-7aa22ad15d86:192.168.164.234:42083], old=null
2019-10-10 01:20:22,522 [pool-383-thread-1] INFO  impl.RaftServerImpl (RaftServerImpl.java:setRole(170)) - c9552ab5-5f1a-4fc4-b375-7aa22ad15d86@group-C217D352327F: changes role from      null to FOLLOWER at term 0 for startAsFollower
2019-10-10 01:20:22,522 [pool-383-thread-1] INFO  impl.RoleInfo (RoleInfo.java:updateAndGet(143)) - c9552ab5-5f1a-4fc4-b375-7aa22ad15d86: start FollowerState
2019-10-10 01:20:22,523 [pool-383-thread-1] INFO  util.JmxRegister (JmxRegister.java:tryRegister(44)) - Successfully registered JMX Bean with object name Ratis:service=RaftServer,group=group-C217D352327F,id=c9552ab5-5f1a-4fc4-b375-7aa22ad15d86
2019-10-10 01:20:22,528 [RatisPipelineUtilsThread] INFO  pipeline.PipelineStateManager (PipelineStateManager.java:addPipeline(56)) - Created pipeline Pipeline[ Id: 78460402-5075-4c79-be15-c217d352327f, Nodes: c9552ab5-5f1a-4fc4-b375-7aa22ad15d86{ip: 192.168.164.234, host: pr-hdds-2181-sndvk-718193549, networkLocation: /default-rack, certSerialId: null}, Type:RATIS, Factor:ONE, State:OPEN]
2019-10-10 01:20:22,536 [grpc-default-executor-0] INFO  impl.RaftServerProxy (RaftServerProxy.java:addNew(89)) - a0e49052-281e-4dd3-8f50-b5fa6f1d224b: addNew group-7F8ED7557C32:[a0e49052-281e-4dd3-8f50-b5fa6f1d224b:192.168.164.234:32895] returns group-7F8ED7557C32:java.util.concurrent.CompletableFuture@6b04cac1[Not completed]
2019-10-10 01:20:22,538 [pool-393-thread-1] INFO  impl.RaftServerImpl (RaftServerImpl.java:<init>(95)) - a0e49052-281e-4dd3-8f50-b5fa6f1d224b: new RaftServerImpl for group-7F8ED7557C32:[a0e49052-281e-4dd3-8f50-b5fa6f1d224b:192.168.164.234:32895] with ContainerStateMachine:uninitialized
2019-10-10 01:20:22,539 [pool-393-thread-1] INFO  server.RaftServerConfigKeys (ConfUtils.java:logGet(43)) - raft.server.rpc.timeout.min = 5s (custom)
2019-10-10 01:20:22,539 [pool-393-thread-1] INFO  server.RaftServerConfigKeys (ConfUtils.java:logGet(43)) - raft.server.rpc.timeout.max = 5200ms (custom)
2019-10-10 01:20:22,539 [IPC Server handler 4 on 34508] INFO  net.NetworkTopology (NetworkTopologyImpl.java:add(111)) - Added a new node: /default-rack/588188f5-911b-4b0e-a971-2291f80ae357
2019-10-10 01:20:22,539 [pool-393-thread-1] INFO  server.RaftServerConfigKeys (ConfUtils.java:logGet(43)) - raft.server.rpcslowness.timeout = 120s (custom)
2019-10-10 01:20:22,539 [IPC Server handler 4 on 34508] INFO  node.SCMNodeManager (SCMNodeManager.java:register(268)) - Registered Data node : 588188f5-911b-4b0e-a971-2291f80ae357{ip: 192.168.164.234, host: pr-hdds-2181-sndvk-718193549, networkLocation: /default-rack, certSerialId: null}
2019-10-10 01:20:22,539 [pool-393-thread-1] INFO  server.RaftServerConfigKeys (ConfUtils.java:logGet(43)) - raft.server.sleep.deviation.threshold = 300 (default)
2019-10-10 01:20:22,540 [pool-393-thread-1] INFO  server.RaftServerConfigKeys (ConfUtils.java:logGet(43)) - raft.server.log.appender.install.snapshot.enabled = false (custom)
2019-10-10 01:20:22,540 [pool-393-thread-1] INFO  impl.RaftServerImpl (ServerState.java:<init>(103)) - a0e49052-281e-4dd3-8f50-b5fa6f1d224b@group-7F8ED7557C32: ConfigurationManager, init=-1: [a0e49052-281e-4dd3-8f50-b5fa6f1d224b:192.168.164.234:32895], old=null, confs=<EMPTY_MAP>
2019-10-10 01:20:22,540 [pool-393-thread-1] INFO  server.RaftServerConfigKeys (ConfUtils.java:logGet(43)) - raft.server.storage.dir = [/workdir/hadoop-ozone/integration-test/target/test-dir/MiniOzoneClusterImpl-01b1a667-9da5-47bb-9e78-cb1676f03331/datanode-1/data/ratis] (custom)
2019-10-10 01:20:22,540 [pool-393-thread-1] INFO  server.RaftServerConfigKeys (ConfUtils.java:logGet(43)) - raft.server.log.corruption.policy = EXCEPTION (default)
2019-10-10 01:20:22,541 [pool-393-thread-1] INFO  storage.RaftStorageDirectory (RaftStorageDirectory.java:analyzeStorage(246)) - The storage directory /workdir/hadoop-ozone/integration-test/target/test-dir/MiniOzoneClusterImpl-01b1a667-9da5-47bb-9e78-cb1676f03331/datanode-1/data/ratis/96d07a67-9e42-4446-ad20-7f8ed7557c32 does not exist. Creating ...
2019-10-10 01:20:22,568 [pool-393-thread-1] INFO  storage.RaftStorageDirectory (RaftStorageDirectory.java:tryLock(328)) - Lock on /workdir/hadoop-ozone/integration-test/target/test-dir/MiniOzoneClusterImpl-01b1a667-9da5-47bb-9e78-cb1676f03331/datanode-1/data/ratis/96d07a67-9e42-4446-ad20-7f8ed7557c32/in_use.lock acquired by nodename 16653@pr-hdds-2181-sndvk-718193549
2019-10-10 01:20:22,593 [pool-393-thread-1] INFO  storage.RaftStorage (RaftStorage.java:format(84)) - Storage directory /workdir/hadoop-ozone/integration-test/target/test-dir/MiniOzoneClusterImpl-01b1a667-9da5-47bb-9e78-cb1676f03331/datanode-1/data/ratis/96d07a67-9e42-4446-ad20-7f8ed7557c32 has been successfully formatted.
2019-10-10 01:20:22,594 [pool-393-thread-1] INFO  ratis.ContainerStateMachine (ContainerStateMachine.java:loadSnapshot(231)) - group-7F8ED7557C32: The snapshot info is null. Setting the last applied indexto:(t:0, i:~)
2019-10-10 01:20:22,594 [pool-393-thread-1] INFO  server.RaftServerConfigKeys (ConfUtils.java:logGet(43)) - raft.server.notification.no-leader.timeout = 120s (custom)
2019-10-10 01:20:22,594 [pool-393-thread-1] INFO  server.RaftServerConfigKeys (ConfUtils.java:logGet(43)) - raft.server.log.use.memory = false (default)
2019-10-10 01:20:22,594 [pool-393-thread-1] INFO  server.RaftServerConfigKeys (ConfUtils.java:logGet(43)) - raft.server.log.purge.gap = 1000000 (custom)
2019-10-10 01:20:22,594 [pool-393-thread-1] INFO  server.RaftServerConfigKeys (ConfUtils.java:logGet(43)) - raft.server.log.appender.buffer.byte-limit = 33554432 (custom)
2019-10-10 01:20:22,595 [pool-393-thread-1] INFO  server.RaftServerConfigKeys (ConfUtils.java:logGet(43)) - raft.server.log.segment.size.max = 1048576 (custom)
2019-10-10 01:20:22,597 [IPC Server handler 1 on 34508] INFO  net.NetworkTopology (NetworkTopologyImpl.java:add(111)) - Added a new node: /default-rack/766c14c5-5cb5-41bc-8207-7614765910d0
2019-10-10 01:20:22,597 [IPC Server handler 1 on 34508] INFO  node.SCMNodeManager (SCMNodeManager.java:register(268)) - Registered Data node : 766c14c5-5cb5-41bc-8207-7614765910d0{ip: 192.168.164.234, host: pr-hdds-2181-sndvk-718193549, networkLocation: /default-rack, certSerialId: null}
2019-10-10 01:20:22,597 [pool-393-thread-1] INFO  server.RaftServerConfigKeys (ConfUtils.java:logGet(43)) - raft.server.log.segment.cache.num.max = 2 (custom)
2019-10-10 01:20:22,597 [pool-393-thread-1] INFO  segmented.SegmentedRaftLogWorker (SegmentedRaftLogWorker.java:<init>(173)) - new a0e49052-281e-4dd3-8f50-b5fa6f1d224b@group-7F8ED7557C32-SegmentedRaftLogWorker for RaftStorage:Storage Directory /workdir/hadoop-ozone/integration-test/target/test-dir/MiniOzoneClusterImpl-01b1a667-9da5-47bb-9e78-cb1676f03331/datanode-1/data/ratis/96d07a67-9e42-4446-ad20-7f8ed7557c32
2019-10-10 01:20:22,597 [pool-393-thread-1] INFO  server.RaftServerConfigKeys (ConfUtils.java:logGet(43)) - raft.server.log.queue.byte-limit = 2147483647 (custom)
2019-10-10 01:20:22,598 [pool-393-thread-1] INFO  server.RaftServerConfigKeys (ConfUtils.java:logGet(43)) - raft.server.log.queue.element-limit = 1024 (custom)
2019-10-10 01:20:22,598 [pool-393-thread-1] INFO  server.RaftServerConfigKeys (ConfUtils.java:logGet(43)) - raft.server.log.segment.size.max = 1048576 (custom)
2019-10-10 01:20:22,598 [pool-393-thread-1] INFO  server.RaftServerConfigKeys (ConfUtils.java:logGet(43)) - raft.server.log.preallocated.size = 16384 (custom)
2019-10-10 01:20:22,598 [pool-393-thread-1] INFO  server.RaftServerConfigKeys (ConfUtils.java:logGet(43)) - raft.server.log.write.buffer.size = 33554432 (custom)
2019-10-10 01:20:22,598 [pool-393-thread-1] INFO  server.RaftServerConfigKeys (ConfUtils.java:logGet(43)) - raft.server.log.force.sync.num = 128 (default)
2019-10-10 01:20:22,598 [pool-393-thread-1] INFO  server.RaftServerConfigKeys (ConfUtils.java:logGet(43)) - raft.server.log.statemachine.data.sync = true (default)
2019-10-10 01:20:22,599 [pool-393-thread-1] INFO  server.RaftServerConfigKeys (ConfUtils.java:logGet(43)) - raft.server.log.statemachine.data.sync.timeout = 10s (default)
2019-10-10 01:20:22,599 [pool-393-thread-1] INFO  server.RaftServerConfigKeys (ConfUtils.java:logGet(43)) - raft.server.log.statemachine.data.sync.timeout.retry = -1 (default)
2019-10-10 01:20:22,599 [pool-393-thread-1] INFO  server.RaftServerConfigKeys (ConfUtils.java:logGet(43)) - raft.server.log.statemachine.data.caching.enabled = true (custom)
2019-10-10 01:20:22,600 [pool-393-thread-1] INFO  segmented.SegmentedRaftLogWorker (SegmentedRaftLogWorker.java:lambda$new$0(128)) - a0e49052-281e-4dd3-8f50-b5fa6f1d224b@group-7F8ED7557C32-SegmentedRaftLogWorker: flushIndex: setUnconditionally 0 -> -1
2019-10-10 01:20:22,600 [pool-393-thread-1] INFO  server.RaftServerConfigKeys (ConfUtils.java:logGet(43)) - raft.server.snapshot.auto.trigger.enabled = true (custom)
2019-10-10 01:20:22,600 [pool-393-thread-1] INFO  server.RaftServerConfigKeys (ConfUtils.java:logGet(43)) - raft.server.snapshot.auto.trigger.threshold = 10000 (custom)
2019-10-10 01:20:22,600 [pool-393-thread-1] INFO  server.RaftServerConfigKeys (ConfUtils.java:logGet(43)) - raft.server.snapshot.retention.file.num = 5 (custom)
2019-10-10 01:20:22,600 [pool-393-thread-1] INFO  server.RaftServerConfigKeys (ConfUtils.java:logGet(43)) - raft.server.retrycache.expirytime = 600000ms (custom)
2019-10-10 01:20:22,603 [pool-393-thread-1] INFO  impl.RaftServerImpl (RaftServerImpl.java:start(181)) - a0e49052-281e-4dd3-8f50-b5fa6f1d224b@group-7F8ED7557C32: start as a follower, conf=-1: [a0e49052-281e-4dd3-8f50-b5fa6f1d224b:192.168.164.234:32895], old=null
2019-10-10 01:20:22,603 [pool-393-thread-1] INFO  impl.RaftServerImpl (RaftServerImpl.java:setRole(170)) - a0e49052-281e-4dd3-8f50-b5fa6f1d224b@group-7F8ED7557C32: changes role from      null to FOLLOWER at term 0 for startAsFollower
2019-10-10 01:20:22,603 [pool-393-thread-1] INFO  impl.RoleInfo (RoleInfo.java:updateAndGet(143)) - a0e49052-281e-4dd3-8f50-b5fa6f1d224b: start FollowerState
2019-10-10 01:20:22,604 [pool-393-thread-1] INFO  util.JmxRegister (JmxRegister.java:tryRegister(44)) - Successfully registered JMX Bean with object name Ratis:service=RaftServer,group=group-7F8ED7557C32,id=a0e49052-281e-4dd3-8f50-b5fa6f1d224b
2019-10-10 01:20:22,608 [RatisPipelineUtilsThread] INFO  pipeline.PipelineStateManager (PipelineStateManager.java:addPipeline(56)) - Created pipeline Pipeline[ Id: 96d07a67-9e42-4446-ad20-7f8ed7557c32, Nodes: a0e49052-281e-4dd3-8f50-b5fa6f1d224b{ip: 192.168.164.234, host: pr-hdds-2181-sndvk-718193549, networkLocation: /default-rack, certSerialId: null}, Type:RATIS, Factor:ONE, State:OPEN]
2019-10-10 01:20:22,614 [grpc-default-executor-0] INFO  impl.RaftServerProxy (RaftServerProxy.java:addNew(89)) - 766c14c5-5cb5-41bc-8207-7614765910d0: addNew group-E87F4541BC3B:[766c14c5-5cb5-41bc-8207-7614765910d0:192.168.164.234:36578] returns group-E87F4541BC3B:java.util.concurrent.CompletableFuture@65075cfd[Not completed]
2019-10-10 01:20:22,616 [pool-413-thread-1] INFO  impl.RaftServerImpl (RaftServerImpl.java:<init>(95)) - 766c14c5-5cb5-41bc-8207-7614765910d0: new RaftServerImpl for group-E87F4541BC3B:[766c14c5-5cb5-41bc-8207-7614765910d0:192.168.164.234:36578] with ContainerStateMachine:uninitialized
2019-10-10 01:20:22,616 [pool-413-thread-1] INFO  server.RaftServerConfigKeys (ConfUtils.java:logGet(43)) - raft.server.rpc.timeout.min = 5s (custom)
2019-10-10 01:20:22,616 [pool-413-thread-1] INFO  server.RaftServerConfigKeys (ConfUtils.java:logGet(43)) - raft.server.rpc.timeout.max = 5200ms (custom)
2019-10-10 01:20:22,616 [pool-413-thread-1] INFO  server.RaftServerConfigKeys (ConfUtils.java:logGet(43)) - raft.server.rpcslowness.timeout = 120s (custom)
2019-10-10 01:20:22,616 [pool-413-thread-1] INFO  server.RaftServerConfigKeys (ConfUtils.java:logGet(43)) - raft.server.sleep.deviation.threshold = 300 (default)
2019-10-10 01:20:22,616 [pool-413-thread-1] INFO  server.RaftServerConfigKeys (ConfUtils.java:logGet(43)) - raft.server.log.appender.install.snapshot.enabled = false (custom)
2019-10-10 01:20:22,617 [pool-413-thread-1] INFO  impl.RaftServerImpl (ServerState.java:<init>(103)) - 766c14c5-5cb5-41bc-8207-7614765910d0@group-E87F4541BC3B: ConfigurationManager, init=-1: [766c14c5-5cb5-41bc-8207-7614765910d0:192.168.164.234:36578], old=null, confs=<EMPTY_MAP>
2019-10-10 01:20:22,617 [pool-413-thread-1] INFO  server.RaftServerConfigKeys (ConfUtils.java:logGet(43)) - raft.server.storage.dir = [/workdir/hadoop-ozone/integration-test/target/test-dir/MiniOzoneClusterImpl-01b1a667-9da5-47bb-9e78-cb1676f03331/datanode-3/data/ratis] (custom)
2019-10-10 01:20:22,617 [pool-413-thread-1] INFO  server.RaftServerConfigKeys (ConfUtils.java:logGet(43)) - raft.server.log.corruption.policy = EXCEPTION (default)
2019-10-10 01:20:22,617 [pool-413-thread-1] INFO  storage.RaftStorageDirectory (RaftStorageDirectory.java:analyzeStorage(246)) - The storage directory /workdir/hadoop-ozone/integration-test/target/test-dir/MiniOzoneClusterImpl-01b1a667-9da5-47bb-9e78-cb1676f03331/datanode-3/data/ratis/8b9e79ab-b246-4efb-a4c0-e87f4541bc3b does not exist. Creating ...
2019-10-10 01:20:22,644 [pool-413-thread-1] INFO  storage.RaftStorageDirectory (RaftStorageDirectory.java:tryLock(328)) - Lock on /workdir/hadoop-ozone/integration-test/target/test-dir/MiniOzoneClusterImpl-01b1a667-9da5-47bb-9e78-cb1676f03331/datanode-3/data/ratis/8b9e79ab-b246-4efb-a4c0-e87f4541bc3b/in_use.lock acquired by nodename 16653@pr-hdds-2181-sndvk-718193549
2019-10-10 01:20:22,655 [IPC Server handler 5 on 34508] INFO  net.NetworkTopology (NetworkTopologyImpl.java:add(111)) - Added a new node: /default-rack/32b13c6d-f91a-4144-84ce-062836d40646
2019-10-10 01:20:22,655 [IPC Server handler 5 on 34508] INFO  node.SCMNodeManager (SCMNodeManager.java:register(268)) - Registered Data node : 32b13c6d-f91a-4144-84ce-062836d40646{ip: 192.168.164.234, host: pr-hdds-2181-sndvk-718193549, networkLocation: /default-rack, certSerialId: null}
2019-10-10 01:20:22,669 [pool-413-thread-1] INFO  storage.RaftStorage (RaftStorage.java:format(84)) - Storage directory /workdir/hadoop-ozone/integration-test/target/test-dir/MiniOzoneClusterImpl-01b1a667-9da5-47bb-9e78-cb1676f03331/datanode-3/data/ratis/8b9e79ab-b246-4efb-a4c0-e87f4541bc3b has been successfully formatted.
2019-10-10 01:20:22,669 [pool-413-thread-1] INFO  ratis.ContainerStateMachine (ContainerStateMachine.java:loadSnapshot(231)) - group-E87F4541BC3B: The snapshot info is null. Setting the last applied indexto:(t:0, i:~)
2019-10-10 01:20:22,670 [pool-413-thread-1] INFO  server.RaftServerConfigKeys (ConfUtils.java:logGet(43)) - raft.server.notification.no-leader.timeout = 120s (custom)
2019-10-10 01:20:22,670 [pool-413-thread-1] INFO  server.RaftServerConfigKeys (ConfUtils.java:logGet(43)) - raft.server.log.use.memory = false (default)
2019-10-10 01:20:22,670 [pool-413-thread-1] INFO  server.RaftServerConfigKeys (ConfUtils.java:logGet(43)) - raft.server.log.purge.gap = 1000000 (custom)
2019-10-10 01:20:22,670 [pool-413-thread-1] INFO  server.RaftServerConfigKeys (ConfUtils.java:logGet(43)) - raft.server.log.appender.buffer.byte-limit = 33554432 (custom)
2019-10-10 01:20:22,670 [pool-413-thread-1] INFO  server.RaftServerConfigKeys (ConfUtils.java:logGet(43)) - raft.server.log.segment.size.max = 1048576 (custom)
2019-10-10 01:20:22,672 [pool-413-thread-1] INFO  server.RaftServerConfigKeys (ConfUtils.java:logGet(43)) - raft.server.log.segment.cache.num.max = 2 (custom)
2019-10-10 01:20:22,672 [pool-413-thread-1] INFO  segmented.SegmentedRaftLogWorker (SegmentedRaftLogWorker.java:<init>(173)) - new 766c14c5-5cb5-41bc-8207-7614765910d0@group-E87F4541BC3B-SegmentedRaftLogWorker for RaftStorage:Storage Directory /workdir/hadoop-ozone/integration-test/target/test-dir/MiniOzoneClusterImpl-01b1a667-9da5-47bb-9e78-cb1676f03331/datanode-3/data/ratis/8b9e79ab-b246-4efb-a4c0-e87f4541bc3b
2019-10-10 01:20:22,672 [pool-413-thread-1] INFO  server.RaftServerConfigKeys (ConfUtils.java:logGet(43)) - raft.server.log.queue.byte-limit = 2147483647 (custom)
2019-10-10 01:20:22,672 [pool-413-thread-1] INFO  server.RaftServerConfigKeys (ConfUtils.java:logGet(43)) - raft.server.log.queue.element-limit = 1024 (custom)
2019-10-10 01:20:22,672 [pool-413-thread-1] INFO  server.RaftServerConfigKeys (ConfUtils.java:logGet(43)) - raft.server.log.segment.size.max = 1048576 (custom)
2019-10-10 01:20:22,672 [pool-413-thread-1] INFO  server.RaftServerConfigKeys (ConfUtils.java:logGet(43)) - raft.server.log.preallocated.size = 16384 (custom)
2019-10-10 01:20:22,672 [pool-413-thread-1] INFO  server.RaftServerConfigKeys (ConfUtils.java:logGet(43)) - raft.server.log.write.buffer.size = 33554432 (custom)
2019-10-10 01:20:22,672 [pool-413-thread-1] INFO  server.RaftServerConfigKeys (ConfUtils.java:logGet(43)) - raft.server.log.force.sync.num = 128 (default)
2019-10-10 01:20:22,673 [pool-413-thread-1] INFO  server.RaftServerConfigKeys (ConfUtils.java:logGet(43)) - raft.server.log.statemachine.data.sync = true (default)
2019-10-10 01:20:22,673 [pool-413-thread-1] INFO  server.RaftServerConfigKeys (ConfUtils.java:logGet(43)) - raft.server.log.statemachine.data.sync.timeout = 10s (default)
2019-10-10 01:20:22,673 [pool-413-thread-1] INFO  server.RaftServerConfigKeys (ConfUtils.java:logGet(43)) - raft.server.log.statemachine.data.sync.timeout.retry = -1 (default)
2019-10-10 01:20:22,673 [pool-413-thread-1] INFO  server.RaftServerConfigKeys (ConfUtils.java:logGet(43)) - raft.server.log.statemachine.data.caching.enabled = true (custom)
2019-10-10 01:20:22,673 [pool-413-thread-1] INFO  segmented.SegmentedRaftLogWorker (SegmentedRaftLogWorker.java:lambda$new$0(128)) - 766c14c5-5cb5-41bc-8207-7614765910d0@group-E87F4541BC3B-SegmentedRaftLogWorker: flushIndex: setUnconditionally 0 -> -1
2019-10-10 01:20:22,674 [pool-413-thread-1] INFO  server.RaftServerConfigKeys (ConfUtils.java:logGet(43)) - raft.server.snapshot.auto.trigger.enabled = true (custom)
2019-10-10 01:20:22,674 [pool-413-thread-1] INFO  server.RaftServerConfigKeys (ConfUtils.java:logGet(43)) - raft.server.snapshot.auto.trigger.threshold = 10000 (custom)
2019-10-10 01:20:22,674 [pool-413-thread-1] INFO  server.RaftServerConfigKeys (ConfUtils.java:logGet(43)) - raft.server.snapshot.retention.file.num = 5 (custom)
2019-10-10 01:20:22,674 [pool-413-thread-1] INFO  server.RaftServerConfigKeys (ConfUtils.java:logGet(43)) - raft.server.retrycache.expirytime = 600000ms (custom)
2019-10-10 01:20:22,676 [pool-413-thread-1] INFO  impl.RaftServerImpl (RaftServerImpl.java:start(181)) - 766c14c5-5cb5-41bc-8207-7614765910d0@group-E87F4541BC3B: start as a follower, conf=-1: [766c14c5-5cb5-41bc-8207-7614765910d0:192.168.164.234:36578], old=null
2019-10-10 01:20:22,676 [pool-413-thread-1] INFO  impl.RaftServerImpl (RaftServerImpl.java:setRole(170)) - 766c14c5-5cb5-41bc-8207-7614765910d0@group-E87F4541BC3B: changes role from      null to FOLLOWER at term 0 for startAsFollower
2019-10-10 01:20:22,676 [pool-413-thread-1] INFO  impl.RoleInfo (RoleInfo.java:updateAndGet(143)) - 766c14c5-5cb5-41bc-8207-7614765910d0: start FollowerState
2019-10-10 01:20:22,676 [pool-413-thread-1] INFO  util.JmxRegister (JmxRegister.java:tryRegister(44)) - Successfully registered JMX Bean with object name Ratis:service=RaftServer,group=group-E87F4541BC3B,id=766c14c5-5cb5-41bc-8207-7614765910d0
2019-10-10 01:20:22,681 [RatisPipelineUtilsThread] INFO  pipeline.PipelineStateManager (PipelineStateManager.java:addPipeline(56)) - Created pipeline Pipeline[ Id: 8b9e79ab-b246-4efb-a4c0-e87f4541bc3b, Nodes: 766c14c5-5cb5-41bc-8207-7614765910d0{ip: 192.168.164.234, host: pr-hdds-2181-sndvk-718193549, networkLocation: /default-rack, certSerialId: null}, Type:RATIS, Factor:ONE, State:OPEN]
2019-10-10 01:20:22,690 [grpc-default-executor-0] INFO  impl.RaftServerProxy (RaftServerProxy.java:addNew(89)) - 32b13c6d-f91a-4144-84ce-062836d40646: addNew group-949D1D5A6A6E:[32b13c6d-f91a-4144-84ce-062836d40646:192.168.164.234:40671] returns group-949D1D5A6A6E:java.util.concurrent.CompletableFuture@19e292f6[Not completed]
2019-10-10 01:20:22,691 [pool-423-thread-1] INFO  impl.RaftServerImpl (RaftServerImpl.java:<init>(95)) - 32b13c6d-f91a-4144-84ce-062836d40646: new RaftServerImpl for group-949D1D5A6A6E:[32b13c6d-f91a-4144-84ce-062836d40646:192.168.164.234:40671] with ContainerStateMachine:uninitialized
2019-10-10 01:20:22,692 [pool-423-thread-1] INFO  server.RaftServerConfigKeys (ConfUtils.java:logGet(43)) - raft.server.rpc.timeout.min = 5s (custom)
2019-10-10 01:20:22,692 [pool-423-thread-1] INFO  server.RaftServerConfigKeys (ConfUtils.java:logGet(43)) - raft.server.rpc.timeout.max = 5200ms (custom)
2019-10-10 01:20:22,692 [pool-423-thread-1] INFO  server.RaftServerConfigKeys (ConfUtils.java:logGet(43)) - raft.server.rpcslowness.timeout = 120s (custom)
2019-10-10 01:20:22,692 [pool-423-thread-1] INFO  server.RaftServerConfigKeys (ConfUtils.java:logGet(43)) - raft.server.sleep.deviation.threshold = 300 (default)
2019-10-10 01:20:22,692 [pool-423-thread-1] INFO  server.RaftServerConfigKeys (ConfUtils.java:logGet(43)) - raft.server.log.appender.install.snapshot.enabled = false (custom)
2019-10-10 01:20:22,692 [pool-423-thread-1] INFO  impl.RaftServerImpl (ServerState.java:<init>(103)) - 32b13c6d-f91a-4144-84ce-062836d40646@group-949D1D5A6A6E: ConfigurationManager, init=-1: [32b13c6d-f91a-4144-84ce-062836d40646:192.168.164.234:40671], old=null, confs=<EMPTY_MAP>
2019-10-10 01:20:22,692 [pool-423-thread-1] INFO  server.RaftServerConfigKeys (ConfUtils.java:logGet(43)) - raft.server.storage.dir = [/workdir/hadoop-ozone/integration-test/target/test-dir/MiniOzoneClusterImpl-01b1a667-9da5-47bb-9e78-cb1676f03331/datanode-4/data/ratis] (custom)
2019-10-10 01:20:22,693 [pool-423-thread-1] INFO  server.RaftServerConfigKeys (ConfUtils.java:logGet(43)) - raft.server.log.corruption.policy = EXCEPTION (default)
2019-10-10 01:20:22,693 [pool-423-thread-1] INFO  storage.RaftStorageDirectory (RaftStorageDirectory.java:analyzeStorage(246)) - The storage directory /workdir/hadoop-ozone/integration-test/target/test-dir/MiniOzoneClusterImpl-01b1a667-9da5-47bb-9e78-cb1676f03331/datanode-4/data/ratis/f881692c-5c98-4818-99d8-949d1d5a6a6e does not exist. Creating ...
2019-10-10 01:20:22,719 [pool-423-thread-1] INFO  storage.RaftStorageDirectory (RaftStorageDirectory.java:tryLock(328)) - Lock on /workdir/hadoop-ozone/integration-test/target/test-dir/MiniOzoneClusterImpl-01b1a667-9da5-47bb-9e78-cb1676f03331/datanode-4/data/ratis/f881692c-5c98-4818-99d8-949d1d5a6a6e/in_use.lock acquired by nodename 16653@pr-hdds-2181-sndvk-718193549
2019-10-10 01:20:22,720 [IPC Server handler 7 on 34508] INFO  net.NetworkTopology (NetworkTopologyImpl.java:add(111)) - Added a new node: /default-rack/c8c97245-5b75-4ab0-8c44-3709728ac050
2019-10-10 01:20:22,720 [IPC Server handler 7 on 34508] INFO  node.SCMNodeManager (SCMNodeManager.java:register(268)) - Registered Data node : c8c97245-5b75-4ab0-8c44-3709728ac050{ip: 192.168.164.234, host: pr-hdds-2181-sndvk-718193549, networkLocation: /default-rack, certSerialId: null}
2019-10-10 01:20:22,745 [pool-423-thread-1] INFO  storage.RaftStorage (RaftStorage.java:format(84)) - Storage directory /workdir/hadoop-ozone/integration-test/target/test-dir/MiniOzoneClusterImpl-01b1a667-9da5-47bb-9e78-cb1676f03331/datanode-4/data/ratis/f881692c-5c98-4818-99d8-949d1d5a6a6e has been successfully formatted.
2019-10-10 01:20:22,745 [pool-423-thread-1] INFO  ratis.ContainerStateMachine (ContainerStateMachine.java:loadSnapshot(231)) - group-949D1D5A6A6E: The snapshot info is null. Setting the last applied indexto:(t:0, i:~)
2019-10-10 01:20:22,745 [pool-423-thread-1] INFO  server.RaftServerConfigKeys (ConfUtils.java:logGet(43)) - raft.server.notification.no-leader.timeout = 120s (custom)
2019-10-10 01:20:22,746 [pool-423-thread-1] INFO  server.RaftServerConfigKeys (ConfUtils.java:logGet(43)) - raft.server.log.use.memory = false (default)
2019-10-10 01:20:22,746 [pool-423-thread-1] INFO  server.RaftServerConfigKeys (ConfUtils.java:logGet(43)) - raft.server.log.purge.gap = 1000000 (custom)
2019-10-10 01:20:22,746 [pool-423-thread-1] INFO  server.RaftServerConfigKeys (ConfUtils.java:logGet(43)) - raft.server.log.appender.buffer.byte-limit = 33554432 (custom)
2019-10-10 01:20:22,746 [pool-423-thread-1] INFO  server.RaftServerConfigKeys (ConfUtils.java:logGet(43)) - raft.server.log.segment.size.max = 1048576 (custom)
2019-10-10 01:20:22,748 [pool-423-thread-1] INFO  server.RaftServerConfigKeys (ConfUtils.java:logGet(43)) - raft.server.log.segment.cache.num.max = 2 (custom)
2019-10-10 01:20:22,748 [pool-423-thread-1] INFO  segmented.SegmentedRaftLogWorker (SegmentedRaftLogWorker.java:<init>(173)) - new 32b13c6d-f91a-4144-84ce-062836d40646@group-949D1D5A6A6E-SegmentedRaftLogWorker for RaftStorage:Storage Directory /workdir/hadoop-ozone/integration-test/target/test-dir/MiniOzoneClusterImpl-01b1a667-9da5-47bb-9e78-cb1676f03331/datanode-4/data/ratis/f881692c-5c98-4818-99d8-949d1d5a6a6e
2019-10-10 01:20:22,748 [pool-423-thread-1] INFO  server.RaftServerConfigKeys (ConfUtils.java:logGet(43)) - raft.server.log.queue.byte-limit = 2147483647 (custom)
2019-10-10 01:20:22,748 [pool-423-thread-1] INFO  server.RaftServerConfigKeys (ConfUtils.java:logGet(43)) - raft.server.log.queue.element-limit = 1024 (custom)
2019-10-10 01:20:22,748 [pool-423-thread-1] INFO  server.RaftServerConfigKeys (ConfUtils.java:logGet(43)) - raft.server.log.segment.size.max = 1048576 (custom)
2019-10-10 01:20:22,748 [pool-423-thread-1] INFO  server.RaftServerConfigKeys (ConfUtils.java:logGet(43)) - raft.server.log.preallocated.size = 16384 (custom)
2019-10-10 01:20:22,749 [pool-423-thread-1] INFO  server.RaftServerConfigKeys (ConfUtils.java:logGet(43)) - raft.server.log.write.buffer.size = 33554432 (custom)
2019-10-10 01:20:22,749 [pool-423-thread-1] INFO  server.RaftServerConfigKeys (ConfUtils.java:logGet(43)) - raft.server.log.force.sync.num = 128 (default)
2019-10-10 01:20:22,749 [pool-423-thread-1] INFO  server.RaftServerConfigKeys (ConfUtils.java:logGet(43)) - raft.server.log.statemachine.data.sync = true (default)
2019-10-10 01:20:22,749 [pool-423-thread-1] INFO  server.RaftServerConfigKeys (ConfUtils.java:logGet(43)) - raft.server.log.statemachine.data.sync.timeout = 10s (default)
2019-10-10 01:20:22,749 [pool-423-thread-1] INFO  server.RaftServerConfigKeys (ConfUtils.java:logGet(43)) - raft.server.log.statemachine.data.sync.timeout.retry = -1 (default)
2019-10-10 01:20:22,749 [pool-423-thread-1] INFO  server.RaftServerConfigKeys (ConfUtils.java:logGet(43)) - raft.server.log.statemachine.data.caching.enabled = true (custom)
2019-10-10 01:20:22,750 [pool-423-thread-1] INFO  segmented.SegmentedRaftLogWorker (SegmentedRaftLogWorker.java:lambda$new$0(128)) - 32b13c6d-f91a-4144-84ce-062836d40646@group-949D1D5A6A6E-SegmentedRaftLogWorker: flushIndex: setUnconditionally 0 -> -1
2019-10-10 01:20:22,750 [pool-423-thread-1] INFO  server.RaftServerConfigKeys (ConfUtils.java:logGet(43)) - raft.server.snapshot.auto.trigger.enabled = true (custom)
2019-10-10 01:20:22,750 [pool-423-thread-1] INFO  server.RaftServerConfigKeys (ConfUtils.java:logGet(43)) - raft.server.snapshot.auto.trigger.threshold = 10000 (custom)
2019-10-10 01:20:22,750 [pool-423-thread-1] INFO  server.RaftServerConfigKeys (ConfUtils.java:logGet(43)) - raft.server.snapshot.retention.file.num = 5 (custom)
2019-10-10 01:20:22,750 [pool-423-thread-1] INFO  server.RaftServerConfigKeys (ConfUtils.java:logGet(43)) - raft.server.retrycache.expirytime = 600000ms (custom)
2019-10-10 01:20:22,752 [pool-423-thread-1] INFO  impl.RaftServerImpl (RaftServerImpl.java:start(181)) - 32b13c6d-f91a-4144-84ce-062836d40646@group-949D1D5A6A6E: start as a follower, conf=-1: [32b13c6d-f91a-4144-84ce-062836d40646:192.168.164.234:40671], old=null
2019-10-10 01:20:22,752 [pool-423-thread-1] INFO  impl.RaftServerImpl (RaftServerImpl.java:setRole(170)) - 32b13c6d-f91a-4144-84ce-062836d40646@group-949D1D5A6A6E: changes role from      null to FOLLOWER at term 0 for startAsFollower
2019-10-10 01:20:22,752 [pool-423-thread-1] INFO  impl.RoleInfo (RoleInfo.java:updateAndGet(143)) - 32b13c6d-f91a-4144-84ce-062836d40646: start FollowerState
2019-10-10 01:20:22,753 [pool-423-thread-1] INFO  util.JmxRegister (JmxRegister.java:tryRegister(44)) - Successfully registered JMX Bean with object name Ratis:service=RaftServer,group=group-949D1D5A6A6E,id=32b13c6d-f91a-4144-84ce-062836d40646
2019-10-10 01:20:22,757 [RatisPipelineUtilsThread] INFO  pipeline.PipelineStateManager (PipelineStateManager.java:addPipeline(56)) - Created pipeline Pipeline[ Id: f881692c-5c98-4818-99d8-949d1d5a6a6e, Nodes: 32b13c6d-f91a-4144-84ce-062836d40646{ip: 192.168.164.234, host: pr-hdds-2181-sndvk-718193549, networkLocation: /default-rack, certSerialId: null}, Type:RATIS, Factor:ONE, State:OPEN]
2019-10-10 01:20:22,766 [grpc-default-executor-0] INFO  impl.RaftServerProxy (RaftServerProxy.java:addNew(89)) - 588188f5-911b-4b0e-a971-2291f80ae357: addNew group-28DD1D8A47AA:[588188f5-911b-4b0e-a971-2291f80ae357:192.168.164.234:37967] returns group-28DD1D8A47AA:java.util.concurrent.CompletableFuture@775cc9f2[Not completed]
2019-10-10 01:20:22,768 [pool-403-thread-1] INFO  impl.RaftServerImpl (RaftServerImpl.java:<init>(95)) - 588188f5-911b-4b0e-a971-2291f80ae357: new RaftServerImpl for group-28DD1D8A47AA:[588188f5-911b-4b0e-a971-2291f80ae357:192.168.164.234:37967] with ContainerStateMachine:uninitialized
2019-10-10 01:20:22,768 [pool-403-thread-1] INFO  server.RaftServerConfigKeys (ConfUtils.java:logGet(43)) - raft.server.rpc.timeout.min = 5s (custom)
2019-10-10 01:20:22,768 [pool-403-thread-1] INFO  server.RaftServerConfigKeys (ConfUtils.java:logGet(43)) - raft.server.rpc.timeout.max = 5200ms (custom)
2019-10-10 01:20:22,769 [pool-403-thread-1] INFO  server.RaftServerConfigKeys (ConfUtils.java:logGet(43)) - raft.server.rpcslowness.timeout = 120s (custom)
2019-10-10 01:20:22,769 [pool-403-thread-1] INFO  server.RaftServerConfigKeys (ConfUtils.java:logGet(43)) - raft.server.sleep.deviation.threshold = 300 (default)
2019-10-10 01:20:22,769 [pool-403-thread-1] INFO  server.RaftServerConfigKeys (ConfUtils.java:logGet(43)) - raft.server.log.appender.install.snapshot.enabled = false (custom)
2019-10-10 01:20:22,769 [pool-403-thread-1] INFO  impl.RaftServerImpl (ServerState.java:<init>(103)) - 588188f5-911b-4b0e-a971-2291f80ae357@group-28DD1D8A47AA: ConfigurationManager, init=-1: [588188f5-911b-4b0e-a971-2291f80ae357:192.168.164.234:37967], old=null, confs=<EMPTY_MAP>
2019-10-10 01:20:22,769 [pool-403-thread-1] INFO  server.RaftServerConfigKeys (ConfUtils.java:logGet(43)) - raft.server.storage.dir = [/workdir/hadoop-ozone/integration-test/target/test-dir/MiniOzoneClusterImpl-01b1a667-9da5-47bb-9e78-cb1676f03331/datanode-2/data/ratis] (custom)
2019-10-10 01:20:22,769 [pool-403-thread-1] INFO  server.RaftServerConfigKeys (ConfUtils.java:logGet(43)) - raft.server.log.corruption.policy = EXCEPTION (default)
2019-10-10 01:20:22,769 [pool-403-thread-1] INFO  storage.RaftStorageDirectory (RaftStorageDirectory.java:analyzeStorage(246)) - The storage directory /workdir/hadoop-ozone/integration-test/target/test-dir/MiniOzoneClusterImpl-01b1a667-9da5-47bb-9e78-cb1676f03331/datanode-2/data/ratis/472b8ae2-521c-4045-9fd9-28dd1d8a47aa does not exist. Creating ...
2019-10-10 01:20:22,778 [IPC Server handler 6 on 34508] INFO  net.NetworkTopology (NetworkTopologyImpl.java:add(111)) - Added a new node: /default-rack/caa020d1-097b-43e7-bdbc-d34ea0fe7a1d
2019-10-10 01:20:22,779 [IPC Server handler 6 on 34508] INFO  node.SCMNodeManager (SCMNodeManager.java:register(268)) - Registered Data node : caa020d1-097b-43e7-bdbc-d34ea0fe7a1d{ip: 192.168.164.234, host: pr-hdds-2181-sndvk-718193549, networkLocation: /default-rack, certSerialId: null}
2019-10-10 01:20:22,780 [main] INFO  ozone.MiniOzoneClusterImpl (MiniOzoneClusterImpl.java:lambda$waitForClusterToBeReady$0(147)) - Cluster is ready. Got 7 of 7 DN Heartbeats.
2019-10-10 01:20:22,795 [pool-403-thread-1] INFO  storage.RaftStorageDirectory (RaftStorageDirectory.java:tryLock(328)) - Lock on /workdir/hadoop-ozone/integration-test/target/test-dir/MiniOzoneClusterImpl-01b1a667-9da5-47bb-9e78-cb1676f03331/datanode-2/data/ratis/472b8ae2-521c-4045-9fd9-28dd1d8a47aa/in_use.lock acquired by nodename 16653@pr-hdds-2181-sndvk-718193549
2019-10-10 01:20:22,826 [pool-403-thread-1] INFO  storage.RaftStorage (RaftStorage.java:format(84)) - Storage directory /workdir/hadoop-ozone/integration-test/target/test-dir/MiniOzoneClusterImpl-01b1a667-9da5-47bb-9e78-cb1676f03331/datanode-2/data/ratis/472b8ae2-521c-4045-9fd9-28dd1d8a47aa has been successfully formatted.
2019-10-10 01:20:22,826 [pool-403-thread-1] INFO  ratis.ContainerStateMachine (ContainerStateMachine.java:loadSnapshot(231)) - group-28DD1D8A47AA: The snapshot info is null. Setting the last applied indexto:(t:0, i:~)
2019-10-10 01:20:22,826 [pool-403-thread-1] INFO  server.RaftServerConfigKeys (ConfUtils.java:logGet(43)) - raft.server.notification.no-leader.timeout = 120s (custom)
2019-10-10 01:20:22,826 [pool-403-thread-1] INFO  server.RaftServerConfigKeys (ConfUtils.java:logGet(43)) - raft.server.log.use.memory = false (default)
2019-10-10 01:20:22,827 [pool-403-thread-1] INFO  server.RaftServerConfigKeys (ConfUtils.java:logGet(43)) - raft.server.log.purge.gap = 1000000 (custom)
2019-10-10 01:20:22,827 [pool-403-thread-1] INFO  server.RaftServerConfigKeys (ConfUtils.java:logGet(43)) - raft.server.log.appender.buffer.byte-limit = 33554432 (custom)
2019-10-10 01:20:22,827 [pool-403-thread-1] INFO  server.RaftServerConfigKeys (ConfUtils.java:logGet(43)) - raft.server.log.segment.size.max = 1048576 (custom)
2019-10-10 01:20:22,830 [pool-403-thread-1] INFO  server.RaftServerConfigKeys (ConfUtils.java:logGet(43)) - raft.server.log.segment.cache.num.max = 2 (custom)
2019-10-10 01:20:22,832 [pool-403-thread-1] INFO  segmented.SegmentedRaftLogWorker (SegmentedRaftLogWorker.java:<init>(173)) - new 588188f5-911b-4b0e-a971-2291f80ae357@group-28DD1D8A47AA-SegmentedRaftLogWorker for RaftStorage:Storage Directory /workdir/hadoop-ozone/integration-test/target/test-dir/MiniOzoneClusterImpl-01b1a667-9da5-47bb-9e78-cb1676f03331/datanode-2/data/ratis/472b8ae2-521c-4045-9fd9-28dd1d8a47aa
2019-10-10 01:20:22,833 [pool-403-thread-1] INFO  server.RaftServerConfigKeys (ConfUtils.java:logGet(43)) - raft.server.log.queue.byte-limit = 2147483647 (custom)
2019-10-10 01:20:22,833 [pool-403-thread-1] INFO  server.RaftServerConfigKeys (ConfUtils.java:logGet(43)) - raft.server.log.queue.element-limit = 1024 (custom)
2019-10-10 01:20:22,833 [pool-403-thread-1] INFO  server.RaftServerConfigKeys (ConfUtils.java:logGet(43)) - raft.server.log.segment.size.max = 1048576 (custom)
2019-10-10 01:20:22,833 [pool-403-thread-1] INFO  server.RaftServerConfigKeys (ConfUtils.java:logGet(43)) - raft.server.log.preallocated.size = 16384 (custom)
2019-10-10 01:20:22,833 [pool-403-thread-1] INFO  server.RaftServerConfigKeys (ConfUtils.java:logGet(43)) - raft.server.log.write.buffer.size = 33554432 (custom)
2019-10-10 01:20:22,834 [pool-403-thread-1] INFO  server.RaftServerConfigKeys (ConfUtils.java:logGet(43)) - raft.server.log.force.sync.num = 128 (default)
2019-10-10 01:20:22,834 [pool-403-thread-1] INFO  server.RaftServerConfigKeys (ConfUtils.java:logGet(43)) - raft.server.log.statemachine.data.sync = true (default)
2019-10-10 01:20:22,834 [pool-403-thread-1] INFO  server.RaftServerConfigKeys (ConfUtils.java:logGet(43)) - raft.server.log.statemachine.data.sync.timeout = 10s (default)
2019-10-10 01:20:22,834 [pool-403-thread-1] INFO  server.RaftServerConfigKeys (ConfUtils.java:logGet(43)) - raft.server.log.statemachine.data.sync.timeout.retry = -1 (default)
2019-10-10 01:20:22,835 [pool-403-thread-1] INFO  server.RaftServerConfigKeys (ConfUtils.java:logGet(43)) - raft.server.log.statemachine.data.caching.enabled = true (custom)
2019-10-10 01:20:22,835 [main] INFO  rpc.RpcClient (RpcClient.java:createVolume(277)) - Creating Volume: watchforcommithandlingtest, with jenkins1000 as owner.
2019-10-10 01:20:22,835 [pool-403-thread-1] INFO  segmented.SegmentedRaftLogWorker (SegmentedRaftLogWorker.java:lambda$new$0(128)) - 588188f5-911b-4b0e-a971-2291f80ae357@group-28DD1D8A47AA-SegmentedRaftLogWorker: flushIndex: setUnconditionally 0 -> -1
2019-10-10 01:20:22,835 [pool-403-thread-1] INFO  server.RaftServerConfigKeys (ConfUtils.java:logGet(43)) - raft.server.snapshot.auto.trigger.enabled = true (custom)
2019-10-10 01:20:22,836 [pool-403-thread-1] INFO  server.RaftServerConfigKeys (ConfUtils.java:logGet(43)) - raft.server.snapshot.auto.trigger.threshold = 10000 (custom)
2019-10-10 01:20:22,836 [pool-403-thread-1] INFO  server.RaftServerConfigKeys (ConfUtils.java:logGet(43)) - raft.server.snapshot.retention.file.num = 5 (custom)
2019-10-10 01:20:22,836 [pool-403-thread-1] INFO  server.RaftServerConfigKeys (ConfUtils.java:logGet(43)) - raft.server.retrycache.expirytime = 600000ms (custom)
2019-10-10 01:20:22,838 [pool-403-thread-1] INFO  impl.RaftServerImpl (RaftServerImpl.java:start(181)) - 588188f5-911b-4b0e-a971-2291f80ae357@group-28DD1D8A47AA: start as a follower, conf=-1: [588188f5-911b-4b0e-a971-2291f80ae357:192.168.164.234:37967], old=null
2019-10-10 01:20:22,839 [pool-403-thread-1] INFO  impl.RaftServerImpl (RaftServerImpl.java:setRole(170)) - 588188f5-911b-4b0e-a971-2291f80ae357@group-28DD1D8A47AA: changes role from      null to FOLLOWER at term 0 for startAsFollower
2019-10-10 01:20:22,839 [IPC Server handler 1 on 45543] INFO  volume.OMVolumeCreateRequest (OMVolumeCreateRequest.java:validateAndUpdateCache(193)) - created volume:watchforcommithandlingtest for user:jenkins1000
2019-10-10 01:20:22,839 [pool-403-thread-1] INFO  impl.RoleInfo (RoleInfo.java:updateAndGet(143)) - 588188f5-911b-4b0e-a971-2291f80ae357: start FollowerState
2019-10-10 01:20:22,839 [pool-403-thread-1] INFO  util.JmxRegister (JmxRegister.java:tryRegister(44)) - Successfully registered JMX Bean with object name Ratis:service=RaftServer,group=group-28DD1D8A47AA,id=588188f5-911b-4b0e-a971-2291f80ae357
2019-10-10 01:20:22,855 [main] INFO  rpc.RpcClient (RpcClient.java:createBucket(416)) - Creating Bucket: watchforcommithandlingtest/watchforcommithandlingtest, with Versioning false and Storage Type set to DISK and Encryption set to false 
2019-10-10 01:20:22,856 [RatisPipelineUtilsThread] INFO  pipeline.PipelineStateManager (PipelineStateManager.java:addPipeline(56)) - Created pipeline Pipeline[ Id: 472b8ae2-521c-4045-9fd9-28dd1d8a47aa, Nodes: 588188f5-911b-4b0e-a971-2291f80ae357{ip: 192.168.164.234, host: pr-hdds-2181-sndvk-718193549, networkLocation: /default-rack, certSerialId: null}, Type:RATIS, Factor:ONE, State:OPEN]
2019-10-10 01:20:22,860 [main] INFO  ozone.MiniOzoneClusterImpl (MiniOzoneClusterImpl.java:getStorageContainerLocationClient(234)) - Creating StorageContainerLocationProtocol RPC client with address /0.0.0.0:46500
2019-10-10 01:20:22,866 [grpc-default-executor-0] INFO  impl.RaftServerProxy (RaftServerProxy.java:addNew(89)) - caa020d1-097b-43e7-bdbc-d34ea0fe7a1d: addNew group-4876B31415A2:[caa020d1-097b-43e7-bdbc-d34ea0fe7a1d:192.168.164.234:38653] returns group-4876B31415A2:java.util.concurrent.CompletableFuture@310efef9[Not completed]
2019-10-10 01:20:22,868 [pool-443-thread-1] INFO  impl.RaftServerImpl (RaftServerImpl.java:<init>(95)) - caa020d1-097b-43e7-bdbc-d34ea0fe7a1d: new RaftServerImpl for group-4876B31415A2:[caa020d1-097b-43e7-bdbc-d34ea0fe7a1d:192.168.164.234:38653] with ContainerStateMachine:uninitialized
2019-10-10 01:20:22,869 [pool-443-thread-1] INFO  server.RaftServerConfigKeys (ConfUtils.java:logGet(43)) - raft.server.rpc.timeout.min = 5s (custom)
2019-10-10 01:20:22,869 [pool-443-thread-1] INFO  server.RaftServerConfigKeys (ConfUtils.java:logGet(43)) - raft.server.rpc.timeout.max = 5200ms (custom)
2019-10-10 01:20:22,869 [pool-443-thread-1] INFO  server.RaftServerConfigKeys (ConfUtils.java:logGet(43)) - raft.server.rpcslowness.timeout = 120s (custom)
2019-10-10 01:20:22,869 [pool-443-thread-1] INFO  server.RaftServerConfigKeys (ConfUtils.java:logGet(43)) - raft.server.sleep.deviation.threshold = 300 (default)
2019-10-10 01:20:22,869 [pool-443-thread-1] INFO  server.RaftServerConfigKeys (ConfUtils.java:logGet(43)) - raft.server.log.appender.install.snapshot.enabled = false (custom)
2019-10-10 01:20:22,869 [pool-443-thread-1] INFO  impl.RaftServerImpl (ServerState.java:<init>(103)) - caa020d1-097b-43e7-bdbc-d34ea0fe7a1d@group-4876B31415A2: ConfigurationManager, init=-1: [caa020d1-097b-43e7-bdbc-d34ea0fe7a1d:192.168.164.234:38653], old=null, confs=<EMPTY_MAP>
2019-10-10 01:20:22,869 [pool-443-thread-1] INFO  server.RaftServerConfigKeys (ConfUtils.java:logGet(43)) - raft.server.storage.dir = [/workdir/hadoop-ozone/integration-test/target/test-dir/MiniOzoneClusterImpl-01b1a667-9da5-47bb-9e78-cb1676f03331/datanode-6/data/ratis] (custom)
2019-10-10 01:20:22,870 [pool-443-thread-1] INFO  server.RaftServerConfigKeys (ConfUtils.java:logGet(43)) - raft.server.log.corruption.policy = EXCEPTION (default)
2019-10-10 01:20:22,870 [pool-443-thread-1] INFO  storage.RaftStorageDirectory (RaftStorageDirectory.java:analyzeStorage(246)) - The storage directory /workdir/hadoop-ozone/integration-test/target/test-dir/MiniOzoneClusterImpl-01b1a667-9da5-47bb-9e78-cb1676f03331/datanode-6/data/ratis/63b310dd-7a1d-45ea-9c48-4876b31415a2 does not exist. Creating ...
2019-10-10 01:20:22,896 [pool-443-thread-1] INFO  storage.RaftStorageDirectory (RaftStorageDirectory.java:tryLock(328)) - Lock on /workdir/hadoop-ozone/integration-test/target/test-dir/MiniOzoneClusterImpl-01b1a667-9da5-47bb-9e78-cb1676f03331/datanode-6/data/ratis/63b310dd-7a1d-45ea-9c48-4876b31415a2/in_use.lock acquired by nodename 16653@pr-hdds-2181-sndvk-718193549
2019-10-10 01:20:22,922 [pool-443-thread-1] INFO  storage.RaftStorage (RaftStorage.java:format(84)) - Storage directory /workdir/hadoop-ozone/integration-test/target/test-dir/MiniOzoneClusterImpl-01b1a667-9da5-47bb-9e78-cb1676f03331/datanode-6/data/ratis/63b310dd-7a1d-45ea-9c48-4876b31415a2 has been successfully formatted.
2019-10-10 01:20:22,922 [pool-443-thread-1] INFO  ratis.ContainerStateMachine (ContainerStateMachine.java:loadSnapshot(231)) - group-4876B31415A2: The snapshot info is null. Setting the last applied indexto:(t:0, i:~)
2019-10-10 01:20:22,922 [pool-443-thread-1] INFO  server.RaftServerConfigKeys (ConfUtils.java:logGet(43)) - raft.server.notification.no-leader.timeout = 120s (custom)
2019-10-10 01:20:22,922 [pool-443-thread-1] INFO  server.RaftServerConfigKeys (ConfUtils.java:logGet(43)) - raft.server.log.use.memory = false (default)
2019-10-10 01:20:22,922 [pool-443-thread-1] INFO  server.RaftServerConfigKeys (ConfUtils.java:logGet(43)) - raft.server.log.purge.gap = 1000000 (custom)
2019-10-10 01:20:22,922 [pool-443-thread-1] INFO  server.RaftServerConfigKeys (ConfUtils.java:logGet(43)) - raft.server.log.appender.buffer.byte-limit = 33554432 (custom)
2019-10-10 01:20:22,922 [pool-443-thread-1] INFO  server.RaftServerConfigKeys (ConfUtils.java:logGet(43)) - raft.server.log.segment.size.max = 1048576 (custom)
2019-10-10 01:20:22,924 [pool-443-thread-1] INFO  server.RaftServerConfigKeys (ConfUtils.java:logGet(43)) - raft.server.log.segment.cache.num.max = 2 (custom)
2019-10-10 01:20:22,925 [pool-443-thread-1] INFO  segmented.SegmentedRaftLogWorker (SegmentedRaftLogWorker.java:<init>(173)) - new caa020d1-097b-43e7-bdbc-d34ea0fe7a1d@group-4876B31415A2-SegmentedRaftLogWorker for RaftStorage:Storage Directory /workdir/hadoop-ozone/integration-test/target/test-dir/MiniOzoneClusterImpl-01b1a667-9da5-47bb-9e78-cb1676f03331/datanode-6/data/ratis/63b310dd-7a1d-45ea-9c48-4876b31415a2
2019-10-10 01:20:22,925 [pool-443-thread-1] INFO  server.RaftServerConfigKeys (ConfUtils.java:logGet(43)) - raft.server.log.queue.byte-limit = 2147483647 (custom)
2019-10-10 01:20:22,925 [pool-443-thread-1] INFO  server.RaftServerConfigKeys (ConfUtils.java:logGet(43)) - raft.server.log.queue.element-limit = 1024 (custom)
2019-10-10 01:20:22,925 [pool-443-thread-1] INFO  server.RaftServerConfigKeys (ConfUtils.java:logGet(43)) - raft.server.log.segment.size.max = 1048576 (custom)
2019-10-10 01:20:22,925 [pool-443-thread-1] INFO  server.RaftServerConfigKeys (ConfUtils.java:logGet(43)) - raft.server.log.preallocated.size = 16384 (custom)
2019-10-10 01:20:22,925 [pool-443-thread-1] INFO  server.RaftServerConfigKeys (ConfUtils.java:logGet(43)) - raft.server.log.write.buffer.size = 33554432 (custom)
2019-10-10 01:20:22,925 [pool-443-thread-1] INFO  server.RaftServerConfigKeys (ConfUtils.java:logGet(43)) - raft.server.log.force.sync.num = 128 (default)
2019-10-10 01:20:22,926 [pool-443-thread-1] INFO  server.RaftServerConfigKeys (ConfUtils.java:logGet(43)) - raft.server.log.statemachine.data.sync = true (default)
2019-10-10 01:20:22,926 [pool-443-thread-1] INFO  server.RaftServerConfigKeys (ConfUtils.java:logGet(43)) - raft.server.log.statemachine.data.sync.timeout = 10s (default)
2019-10-10 01:20:22,926 [pool-443-thread-1] INFO  server.RaftServerConfigKeys (ConfUtils.java:logGet(43)) - raft.server.log.statemachine.data.sync.timeout.retry = -1 (default)
2019-10-10 01:20:22,926 [pool-443-thread-1] INFO  server.RaftServerConfigKeys (ConfUtils.java:logGet(43)) - raft.server.log.statemachine.data.caching.enabled = true (custom)
2019-10-10 01:20:22,927 [pool-443-thread-1] INFO  segmented.SegmentedRaftLogWorker (SegmentedRaftLogWorker.java:lambda$new$0(128)) - caa020d1-097b-43e7-bdbc-d34ea0fe7a1d@group-4876B31415A2-SegmentedRaftLogWorker: flushIndex: setUnconditionally 0 -> -1
2019-10-10 01:20:22,927 [pool-443-thread-1] INFO  server.RaftServerConfigKeys (ConfUtils.java:logGet(43)) - raft.server.snapshot.auto.trigger.enabled = true (custom)
2019-10-10 01:20:22,927 [pool-443-thread-1] INFO  server.RaftServerConfigKeys (ConfUtils.java:logGet(43)) - raft.server.snapshot.auto.trigger.threshold = 10000 (custom)
2019-10-10 01:20:22,927 [pool-443-thread-1] INFO  server.RaftServerConfigKeys (ConfUtils.java:logGet(43)) - raft.server.snapshot.retention.file.num = 5 (custom)
2019-10-10 01:20:22,927 [pool-443-thread-1] INFO  server.RaftServerConfigKeys (ConfUtils.java:logGet(43)) - raft.server.retrycache.expirytime = 600000ms (custom)
2019-10-10 01:20:22,929 [pool-443-thread-1] INFO  impl.RaftServerImpl (RaftServerImpl.java:start(181)) - caa020d1-097b-43e7-bdbc-d34ea0fe7a1d@group-4876B31415A2: start as a follower, conf=-1: [caa020d1-097b-43e7-bdbc-d34ea0fe7a1d:192.168.164.234:38653], old=null
2019-10-10 01:20:22,930 [pool-443-thread-1] INFO  impl.RaftServerImpl (RaftServerImpl.java:setRole(170)) - caa020d1-097b-43e7-bdbc-d34ea0fe7a1d@group-4876B31415A2: changes role from      null to FOLLOWER at term 0 for startAsFollower
2019-10-10 01:20:22,930 [pool-443-thread-1] INFO  impl.RoleInfo (RoleInfo.java:updateAndGet(143)) - caa020d1-097b-43e7-bdbc-d34ea0fe7a1d: start FollowerState
2019-10-10 01:20:22,930 [pool-443-thread-1] INFO  util.JmxRegister (JmxRegister.java:tryRegister(44)) - Successfully registered JMX Bean with object name Ratis:service=RaftServer,group=group-4876B31415A2,id=caa020d1-097b-43e7-bdbc-d34ea0fe7a1d
2019-10-10 01:20:22,934 [RatisPipelineUtilsThread] INFO  pipeline.PipelineStateManager (PipelineStateManager.java:addPipeline(56)) - Created pipeline Pipeline[ Id: 63b310dd-7a1d-45ea-9c48-4876b31415a2, Nodes: caa020d1-097b-43e7-bdbc-d34ea0fe7a1d{ip: 192.168.164.234, host: pr-hdds-2181-sndvk-718193549, networkLocation: /default-rack, certSerialId: null}, Type:RATIS, Factor:ONE, State:OPEN]
2019-10-10 01:20:22,945 [grpc-default-executor-0] INFO  impl.RaftServerProxy (RaftServerProxy.java:addNew(89)) - c8c97245-5b75-4ab0-8c44-3709728ac050: addNew group-14CA3F5F0339:[c8c97245-5b75-4ab0-8c44-3709728ac050:192.168.164.234:36393] returns group-14CA3F5F0339:java.util.concurrent.CompletableFuture@45288bd5[Not completed]
2019-10-10 01:20:22,947 [pool-433-thread-1] INFO  impl.RaftServerImpl (RaftServerImpl.java:<init>(95)) - c8c97245-5b75-4ab0-8c44-3709728ac050: new RaftServerImpl for group-14CA3F5F0339:[c8c97245-5b75-4ab0-8c44-3709728ac050:192.168.164.234:36393] with ContainerStateMachine:uninitialized
2019-10-10 01:20:22,947 [pool-433-thread-1] INFO  server.RaftServerConfigKeys (ConfUtils.java:logGet(43)) - raft.server.rpc.timeout.min = 5s (custom)
2019-10-10 01:20:22,947 [pool-433-thread-1] INFO  server.RaftServerConfigKeys (ConfUtils.java:logGet(43)) - raft.server.rpc.timeout.max = 5200ms (custom)
2019-10-10 01:20:22,947 [pool-433-thread-1] INFO  server.RaftServerConfigKeys (ConfUtils.java:logGet(43)) - raft.server.rpcslowness.timeout = 120s (custom)
2019-10-10 01:20:22,947 [pool-433-thread-1] INFO  server.RaftServerConfigKeys (ConfUtils.java:logGet(43)) - raft.server.sleep.deviation.threshold = 300 (default)
2019-10-10 01:20:22,947 [pool-433-thread-1] INFO  server.RaftServerConfigKeys (ConfUtils.java:logGet(43)) - raft.server.log.appender.install.snapshot.enabled = false (custom)
2019-10-10 01:20:22,948 [pool-433-thread-1] INFO  impl.RaftServerImpl (ServerState.java:<init>(103)) - c8c97245-5b75-4ab0-8c44-3709728ac050@group-14CA3F5F0339: ConfigurationManager, init=-1: [c8c97245-5b75-4ab0-8c44-3709728ac050:192.168.164.234:36393], old=null, confs=<EMPTY_MAP>
2019-10-10 01:20:22,948 [pool-433-thread-1] INFO  server.RaftServerConfigKeys (ConfUtils.java:logGet(43)) - raft.server.storage.dir = [/workdir/hadoop-ozone/integration-test/target/test-dir/MiniOzoneClusterImpl-01b1a667-9da5-47bb-9e78-cb1676f03331/datanode-5/data/ratis] (custom)
2019-10-10 01:20:22,948 [pool-433-thread-1] INFO  server.RaftServerConfigKeys (ConfUtils.java:logGet(43)) - raft.server.log.corruption.policy = EXCEPTION (default)
2019-10-10 01:20:22,948 [pool-433-thread-1] INFO  storage.RaftStorageDirectory (RaftStorageDirectory.java:analyzeStorage(246)) - The storage directory /workdir/hadoop-ozone/integration-test/target/test-dir/MiniOzoneClusterImpl-01b1a667-9da5-47bb-9e78-cb1676f03331/datanode-5/data/ratis/507e22a0-150e-4858-b8cc-14ca3f5f0339 does not exist. Creating ...
2019-10-10 01:20:22,972 [pool-433-thread-1] INFO  storage.RaftStorageDirectory (RaftStorageDirectory.java:tryLock(328)) - Lock on /workdir/hadoop-ozone/integration-test/target/test-dir/MiniOzoneClusterImpl-01b1a667-9da5-47bb-9e78-cb1676f03331/datanode-5/data/ratis/507e22a0-150e-4858-b8cc-14ca3f5f0339/in_use.lock acquired by nodename 16653@pr-hdds-2181-sndvk-718193549
2019-10-10 01:20:22,997 [pool-433-thread-1] INFO  storage.RaftStorage (RaftStorage.java:format(84)) - Storage directory /workdir/hadoop-ozone/integration-test/target/test-dir/MiniOzoneClusterImpl-01b1a667-9da5-47bb-9e78-cb1676f03331/datanode-5/data/ratis/507e22a0-150e-4858-b8cc-14ca3f5f0339 has been successfully formatted.
2019-10-10 01:20:22,998 [pool-433-thread-1] INFO  ratis.ContainerStateMachine (ContainerStateMachine.java:loadSnapshot(231)) - group-14CA3F5F0339: The snapshot info is null. Setting the last applied indexto:(t:0, i:~)
2019-10-10 01:20:22,998 [pool-433-thread-1] INFO  server.RaftServerConfigKeys (ConfUtils.java:logGet(43)) - raft.server.notification.no-leader.timeout = 120s (custom)
2019-10-10 01:20:22,998 [pool-433-thread-1] INFO  server.RaftServerConfigKeys (ConfUtils.java:logGet(43)) - raft.server.log.use.memory = false (default)
2019-10-10 01:20:22,998 [pool-433-thread-1] INFO  server.RaftServerConfigKeys (ConfUtils.java:logGet(43)) - raft.server.log.purge.gap = 1000000 (custom)
2019-10-10 01:20:22,998 [pool-433-thread-1] INFO  server.RaftServerConfigKeys (ConfUtils.java:logGet(43)) - raft.server.log.appender.buffer.byte-limit = 33554432 (custom)
2019-10-10 01:20:22,998 [pool-433-thread-1] INFO  server.RaftServerConfigKeys (ConfUtils.java:logGet(43)) - raft.server.log.segment.size.max = 1048576 (custom)
2019-10-10 01:20:23,001 [pool-433-thread-1] INFO  server.RaftServerConfigKeys (ConfUtils.java:logGet(43)) - raft.server.log.segment.cache.num.max = 2 (custom)
2019-10-10 01:20:23,001 [pool-433-thread-1] INFO  segmented.SegmentedRaftLogWorker (SegmentedRaftLogWorker.java:<init>(173)) - new c8c97245-5b75-4ab0-8c44-3709728ac050@group-14CA3F5F0339-SegmentedRaftLogWorker for RaftStorage:Storage Directory /workdir/hadoop-ozone/integration-test/target/test-dir/MiniOzoneClusterImpl-01b1a667-9da5-47bb-9e78-cb1676f03331/datanode-5/data/ratis/507e22a0-150e-4858-b8cc-14ca3f5f0339
2019-10-10 01:20:23,001 [pool-433-thread-1] INFO  server.RaftServerConfigKeys (ConfUtils.java:logGet(43)) - raft.server.log.queue.byte-limit = 2147483647 (custom)
2019-10-10 01:20:23,001 [pool-433-thread-1] INFO  server.RaftServerConfigKeys (ConfUtils.java:logGet(43)) - raft.server.log.queue.element-limit = 1024 (custom)
2019-10-10 01:20:23,001 [pool-433-thread-1] INFO  server.RaftServerConfigKeys (ConfUtils.java:logGet(43)) - raft.server.log.segment.size.max = 1048576 (custom)
2019-10-10 01:20:23,002 [pool-433-thread-1] INFO  server.RaftServerConfigKeys (ConfUtils.java:logGet(43)) - raft.server.log.preallocated.size = 16384 (custom)
2019-10-10 01:20:23,002 [pool-433-thread-1] INFO  server.RaftServerConfigKeys (ConfUtils.java:logGet(43)) - raft.server.log.write.buffer.size = 33554432 (custom)
2019-10-10 01:20:23,002 [pool-433-thread-1] INFO  server.RaftServerConfigKeys (ConfUtils.java:logGet(43)) - raft.server.log.force.sync.num = 128 (default)
2019-10-10 01:20:23,002 [pool-433-thread-1] INFO  server.RaftServerConfigKeys (ConfUtils.java:logGet(43)) - raft.server.log.statemachine.data.sync = true (default)
2019-10-10 01:20:23,002 [pool-433-thread-1] INFO  server.RaftServerConfigKeys (ConfUtils.java:logGet(43)) - raft.server.log.statemachine.data.sync.timeout = 10s (default)
2019-10-10 01:20:23,002 [pool-433-thread-1] INFO  server.RaftServerConfigKeys (ConfUtils.java:logGet(43)) - raft.server.log.statemachine.data.sync.timeout.retry = -1 (default)
2019-10-10 01:20:23,002 [pool-433-thread-1] INFO  server.RaftServerConfigKeys (ConfUtils.java:logGet(43)) - raft.server.log.statemachine.data.caching.enabled = true (custom)
2019-10-10 01:20:23,003 [pool-433-thread-1] INFO  segmented.SegmentedRaftLogWorker (SegmentedRaftLogWorker.java:lambda$new$0(128)) - c8c97245-5b75-4ab0-8c44-3709728ac050@group-14CA3F5F0339-SegmentedRaftLogWorker: flushIndex: setUnconditionally 0 -> -1
2019-10-10 01:20:23,003 [pool-433-thread-1] INFO  server.RaftServerConfigKeys (ConfUtils.java:logGet(43)) - raft.server.snapshot.auto.trigger.enabled = true (custom)
2019-10-10 01:20:23,003 [pool-433-thread-1] INFO  server.RaftServerConfigKeys (ConfUtils.java:logGet(43)) - raft.server.snapshot.auto.trigger.threshold = 10000 (custom)
2019-10-10 01:20:23,003 [pool-433-thread-1] INFO  server.RaftServerConfigKeys (ConfUtils.java:logGet(43)) - raft.server.snapshot.retention.file.num = 5 (custom)
2019-10-10 01:20:23,003 [pool-433-thread-1] INFO  server.RaftServerConfigKeys (ConfUtils.java:logGet(43)) - raft.server.retrycache.expirytime = 600000ms (custom)
2019-10-10 01:20:23,005 [pool-433-thread-1] INFO  impl.RaftServerImpl (RaftServerImpl.java:start(181)) - c8c97245-5b75-4ab0-8c44-3709728ac050@group-14CA3F5F0339: start as a follower, conf=-1: [c8c97245-5b75-4ab0-8c44-3709728ac050:192.168.164.234:36393], old=null
2019-10-10 01:20:23,005 [pool-433-thread-1] INFO  impl.RaftServerImpl (RaftServerImpl.java:setRole(170)) - c8c97245-5b75-4ab0-8c44-3709728ac050@group-14CA3F5F0339: changes role from      null to FOLLOWER at term 0 for startAsFollower
2019-10-10 01:20:23,005 [pool-433-thread-1] INFO  impl.RoleInfo (RoleInfo.java:updateAndGet(143)) - c8c97245-5b75-4ab0-8c44-3709728ac050: start FollowerState
2019-10-10 01:20:23,005 [pool-433-thread-1] INFO  util.JmxRegister (JmxRegister.java:tryRegister(44)) - Successfully registered JMX Bean with object name Ratis:service=RaftServer,group=group-14CA3F5F0339,id=c8c97245-5b75-4ab0-8c44-3709728ac050
2019-10-10 01:20:23,009 [RatisPipelineUtilsThread] INFO  pipeline.PipelineStateManager (PipelineStateManager.java:addPipeline(56)) - Created pipeline Pipeline[ Id: 507e22a0-150e-4858-b8cc-14ca3f5f0339, Nodes: c8c97245-5b75-4ab0-8c44-3709728ac050{ip: 192.168.164.234, host: pr-hdds-2181-sndvk-718193549, networkLocation: /default-rack, certSerialId: null}, Type:RATIS, Factor:ONE, State:OPEN]
2019-10-10 01:20:23,021 [grpc-default-executor-0] INFO  impl.RaftServerProxy (RaftServerProxy.java:addNew(89)) - a0e49052-281e-4dd3-8f50-b5fa6f1d224b: addNew group-2EC7CCF7DE55:[766c14c5-5cb5-41bc-8207-7614765910d0:192.168.164.234:36578, a0e49052-281e-4dd3-8f50-b5fa6f1d224b:192.168.164.234:32895, 32b13c6d-f91a-4144-84ce-062836d40646:192.168.164.234:40671] returns group-2EC7CCF7DE55:java.util.concurrent.CompletableFuture@3b2227ce[Not completed]
2019-10-10 01:20:23,022 [grpc-default-executor-0] INFO  impl.RaftServerProxy (RaftServerProxy.java:addNew(89)) - 32b13c6d-f91a-4144-84ce-062836d40646: addNew group-2EC7CCF7DE55:[766c14c5-5cb5-41bc-8207-7614765910d0:192.168.164.234:36578, a0e49052-281e-4dd3-8f50-b5fa6f1d224b:192.168.164.234:32895, 32b13c6d-f91a-4144-84ce-062836d40646:192.168.164.234:40671] returns group-2EC7CCF7DE55:java.util.concurrent.CompletableFuture@3a55755c[Not completed]
2019-10-10 01:20:23,022 [grpc-default-executor-1] INFO  impl.RaftServerProxy (RaftServerProxy.java:addNew(89)) - 766c14c5-5cb5-41bc-8207-7614765910d0: addNew group-2EC7CCF7DE55:[766c14c5-5cb5-41bc-8207-7614765910d0:192.168.164.234:36578, a0e49052-281e-4dd3-8f50-b5fa6f1d224b:192.168.164.234:32895, 32b13c6d-f91a-4144-84ce-062836d40646:192.168.164.234:40671] returns group-2EC7CCF7DE55:java.util.concurrent.CompletableFuture@3a63ffa2[Not completed]
2019-10-10 01:20:23,022 [pool-393-thread-1] INFO  impl.RaftServerImpl (RaftServerImpl.java:<init>(95)) - a0e49052-281e-4dd3-8f50-b5fa6f1d224b: new RaftServerImpl for group-2EC7CCF7DE55:[766c14c5-5cb5-41bc-8207-7614765910d0:192.168.164.234:36578, a0e49052-281e-4dd3-8f50-b5fa6f1d224b:192.168.164.234:32895, 32b13c6d-f91a-4144-84ce-062836d40646:192.168.164.234:40671] with ContainerStateMachine:uninitialized
2019-10-10 01:20:23,023 [pool-393-thread-1] INFO  server.RaftServerConfigKeys (ConfUtils.java:logGet(43)) - raft.server.rpc.timeout.min = 5s (custom)
2019-10-10 01:20:23,023 [pool-393-thread-1] INFO  server.RaftServerConfigKeys (ConfUtils.java:logGet(43)) - raft.server.rpc.timeout.max = 5200ms (custom)
2019-10-10 01:20:23,023 [pool-393-thread-1] INFO  server.RaftServerConfigKeys (ConfUtils.java:logGet(43)) - raft.server.rpcslowness.timeout = 120s (custom)
2019-10-10 01:20:23,023 [pool-393-thread-1] INFO  server.RaftServerConfigKeys (ConfUtils.java:logGet(43)) - raft.server.sleep.deviation.threshold = 300 (default)
2019-10-10 01:20:23,023 [pool-393-thread-1] INFO  server.RaftServerConfigKeys (ConfUtils.java:logGet(43)) - raft.server.log.appender.install.snapshot.enabled = false (custom)
2019-10-10 01:20:23,023 [pool-393-thread-1] INFO  impl.RaftServerImpl (ServerState.java:<init>(103)) - a0e49052-281e-4dd3-8f50-b5fa6f1d224b@group-2EC7CCF7DE55: ConfigurationManager, init=-1: [766c14c5-5cb5-41bc-8207-7614765910d0:192.168.164.234:36578, a0e49052-281e-4dd3-8f50-b5fa6f1d224b:192.168.164.234:32895, 32b13c6d-f91a-4144-84ce-062836d40646:192.168.164.234:40671], old=null, confs=<EMPTY_MAP>
2019-10-10 01:20:23,023 [pool-393-thread-1] INFO  server.RaftServerConfigKeys (ConfUtils.java:logGet(43)) - raft.server.storage.dir = [/workdir/hadoop-ozone/integration-test/target/test-dir/MiniOzoneClusterImpl-01b1a667-9da5-47bb-9e78-cb1676f03331/datanode-1/data/ratis] (custom)
2019-10-10 01:20:23,024 [pool-393-thread-1] INFO  server.RaftServerConfigKeys (ConfUtils.java:logGet(43)) - raft.server.log.corruption.policy = EXCEPTION (default)
2019-10-10 01:20:23,024 [pool-393-thread-1] INFO  storage.RaftStorageDirectory (RaftStorageDirectory.java:analyzeStorage(246)) - The storage directory /workdir/hadoop-ozone/integration-test/target/test-dir/MiniOzoneClusterImpl-01b1a667-9da5-47bb-9e78-cb1676f03331/datanode-1/data/ratis/6657f789-4a67-48d5-b98f-2ec7ccf7de55 does not exist. Creating ...
2019-10-10 01:20:23,024 [pool-423-thread-1] INFO  impl.RaftServerImpl (RaftServerImpl.java:<init>(95)) - 32b13c6d-f91a-4144-84ce-062836d40646: new RaftServerImpl for group-2EC7CCF7DE55:[766c14c5-5cb5-41bc-8207-7614765910d0:192.168.164.234:36578, a0e49052-281e-4dd3-8f50-b5fa6f1d224b:192.168.164.234:32895, 32b13c6d-f91a-4144-84ce-062836d40646:192.168.164.234:40671] with ContainerStateMachine:uninitialized
2019-10-10 01:20:23,024 [pool-423-thread-1] INFO  server.RaftServerConfigKeys (ConfUtils.java:logGet(43)) - raft.server.rpc.timeout.min = 5s (custom)
2019-10-10 01:20:23,024 [pool-423-thread-1] INFO  server.RaftServerConfigKeys (ConfUtils.java:logGet(43)) - raft.server.rpc.timeout.max = 5200ms (custom)
2019-10-10 01:20:23,025 [pool-423-thread-1] INFO  server.RaftServerConfigKeys (ConfUtils.java:logGet(43)) - raft.server.rpcslowness.timeout = 120s (custom)
2019-10-10 01:20:23,025 [pool-423-thread-1] INFO  server.RaftServerConfigKeys (ConfUtils.java:logGet(43)) - raft.server.sleep.deviation.threshold = 300 (default)
2019-10-10 01:20:23,025 [pool-423-thread-1] INFO  server.RaftServerConfigKeys (ConfUtils.java:logGet(43)) - raft.server.log.appender.install.snapshot.enabled = false (custom)
2019-10-10 01:20:23,025 [pool-423-thread-1] INFO  impl.RaftServerImpl (ServerState.java:<init>(103)) - 32b13c6d-f91a-4144-84ce-062836d40646@group-2EC7CCF7DE55: ConfigurationManager, init=-1: [766c14c5-5cb5-41bc-8207-7614765910d0:192.168.164.234:36578, a0e49052-281e-4dd3-8f50-b5fa6f1d224b:192.168.164.234:32895, 32b13c6d-f91a-4144-84ce-062836d40646:192.168.164.234:40671], old=null, confs=<EMPTY_MAP>
2019-10-10 01:20:23,025 [pool-413-thread-1] INFO  impl.RaftServerImpl (RaftServerImpl.java:<init>(95)) - 766c14c5-5cb5-41bc-8207-7614765910d0: new RaftServerImpl for group-2EC7CCF7DE55:[766c14c5-5cb5-41bc-8207-7614765910d0:192.168.164.234:36578, a0e49052-281e-4dd3-8f50-b5fa6f1d224b:192.168.164.234:32895, 32b13c6d-f91a-4144-84ce-062836d40646:192.168.164.234:40671] with ContainerStateMachine:uninitialized
2019-10-10 01:20:23,025 [pool-423-thread-1] INFO  server.RaftServerConfigKeys (ConfUtils.java:logGet(43)) - raft.server.storage.dir = [/workdir/hadoop-ozone/integration-test/target/test-dir/MiniOzoneClusterImpl-01b1a667-9da5-47bb-9e78-cb1676f03331/datanode-4/data/ratis] (custom)
2019-10-10 01:20:23,025 [pool-413-thread-1] INFO  server.RaftServerConfigKeys (ConfUtils.java:logGet(43)) - raft.server.rpc.timeout.min = 5s (custom)
2019-10-10 01:20:23,026 [pool-423-thread-1] INFO  server.RaftServerConfigKeys (ConfUtils.java:logGet(43)) - raft.server.log.corruption.policy = EXCEPTION (default)
2019-10-10 01:20:23,026 [pool-413-thread-1] INFO  server.RaftServerConfigKeys (ConfUtils.java:logGet(43)) - raft.server.rpc.timeout.max = 5200ms (custom)
2019-10-10 01:20:23,026 [pool-423-thread-1] INFO  storage.RaftStorageDirectory (RaftStorageDirectory.java:analyzeStorage(246)) - The storage directory /workdir/hadoop-ozone/integration-test/target/test-dir/MiniOzoneClusterImpl-01b1a667-9da5-47bb-9e78-cb1676f03331/datanode-4/data/ratis/6657f789-4a67-48d5-b98f-2ec7ccf7de55 does not exist. Creating ...
2019-10-10 01:20:23,026 [pool-413-thread-1] INFO  server.RaftServerConfigKeys (ConfUtils.java:logGet(43)) - raft.server.rpcslowness.timeout = 120s (custom)
2019-10-10 01:20:23,026 [pool-413-thread-1] INFO  server.RaftServerConfigKeys (ConfUtils.java:logGet(43)) - raft.server.sleep.deviation.threshold = 300 (default)
2019-10-10 01:20:23,026 [pool-413-thread-1] INFO  server.RaftServerConfigKeys (ConfUtils.java:logGet(43)) - raft.server.log.appender.install.snapshot.enabled = false (custom)
2019-10-10 01:20:23,027 [pool-413-thread-1] INFO  impl.RaftServerImpl (ServerState.java:<init>(103)) - 766c14c5-5cb5-41bc-8207-7614765910d0@group-2EC7CCF7DE55: ConfigurationManager, init=-1: [766c14c5-5cb5-41bc-8207-7614765910d0:192.168.164.234:36578, a0e49052-281e-4dd3-8f50-b5fa6f1d224b:192.168.164.234:32895, 32b13c6d-f91a-4144-84ce-062836d40646:192.168.164.234:40671], old=null, confs=<EMPTY_MAP>
2019-10-10 01:20:23,027 [pool-413-thread-1] INFO  server.RaftServerConfigKeys (ConfUtils.java:logGet(43)) - raft.server.storage.dir = [/workdir/hadoop-ozone/integration-test/target/test-dir/MiniOzoneClusterImpl-01b1a667-9da5-47bb-9e78-cb1676f03331/datanode-3/data/ratis] (custom)
2019-10-10 01:20:23,027 [pool-413-thread-1] INFO  server.RaftServerConfigKeys (ConfUtils.java:logGet(43)) - raft.server.log.corruption.policy = EXCEPTION (default)
2019-10-10 01:20:23,027 [pool-413-thread-1] INFO  storage.RaftStorageDirectory (RaftStorageDirectory.java:analyzeStorage(246)) - The storage directory /workdir/hadoop-ozone/integration-test/target/test-dir/MiniOzoneClusterImpl-01b1a667-9da5-47bb-9e78-cb1676f03331/datanode-3/data/ratis/6657f789-4a67-48d5-b98f-2ec7ccf7de55 does not exist. Creating ...
2019-10-10 01:20:23,048 [pool-393-thread-1] INFO  storage.RaftStorageDirectory (RaftStorageDirectory.java:tryLock(328)) - Lock on /workdir/hadoop-ozone/integration-test/target/test-dir/MiniOzoneClusterImpl-01b1a667-9da5-47bb-9e78-cb1676f03331/datanode-1/data/ratis/6657f789-4a67-48d5-b98f-2ec7ccf7de55/in_use.lock acquired by nodename 16653@pr-hdds-2181-sndvk-718193549
2019-10-10 01:20:23,048 [pool-423-thread-1] INFO  storage.RaftStorageDirectory (RaftStorageDirectory.java:tryLock(328)) - Lock on /workdir/hadoop-ozone/integration-test/target/test-dir/MiniOzoneClusterImpl-01b1a667-9da5-47bb-9e78-cb1676f03331/datanode-4/data/ratis/6657f789-4a67-48d5-b98f-2ec7ccf7de55/in_use.lock acquired by nodename 16653@pr-hdds-2181-sndvk-718193549
2019-10-10 01:20:23,048 [pool-413-thread-1] INFO  storage.RaftStorageDirectory (RaftStorageDirectory.java:tryLock(328)) - Lock on /workdir/hadoop-ozone/integration-test/target/test-dir/MiniOzoneClusterImpl-01b1a667-9da5-47bb-9e78-cb1676f03331/datanode-3/data/ratis/6657f789-4a67-48d5-b98f-2ec7ccf7de55/in_use.lock acquired by nodename 16653@pr-hdds-2181-sndvk-718193549
2019-10-10 01:20:23,075 [pool-393-thread-1] INFO  storage.RaftStorage (RaftStorage.java:format(84)) - Storage directory /workdir/hadoop-ozone/integration-test/target/test-dir/MiniOzoneClusterImpl-01b1a667-9da5-47bb-9e78-cb1676f03331/datanode-1/data/ratis/6657f789-4a67-48d5-b98f-2ec7ccf7de55 has been successfully formatted.
2019-10-10 01:20:23,075 [pool-413-thread-1] INFO  storage.RaftStorage (RaftStorage.java:format(84)) - Storage directory /workdir/hadoop-ozone/integration-test/target/test-dir/MiniOzoneClusterImpl-01b1a667-9da5-47bb-9e78-cb1676f03331/datanode-3/data/ratis/6657f789-4a67-48d5-b98f-2ec7ccf7de55 has been successfully formatted.
2019-10-10 01:20:23,075 [pool-423-thread-1] INFO  storage.RaftStorage (RaftStorage.java:format(84)) - Storage directory /workdir/hadoop-ozone/integration-test/target/test-dir/MiniOzoneClusterImpl-01b1a667-9da5-47bb-9e78-cb1676f03331/datanode-4/data/ratis/6657f789-4a67-48d5-b98f-2ec7ccf7de55 has been successfully formatted.
2019-10-10 01:20:23,075 [pool-413-thread-1] INFO  ratis.ContainerStateMachine (ContainerStateMachine.java:loadSnapshot(231)) - group-2EC7CCF7DE55: The snapshot info is null. Setting the last applied indexto:(t:0, i:~)
2019-10-10 01:20:23,075 [pool-393-thread-1] INFO  ratis.ContainerStateMachine (ContainerStateMachine.java:loadSnapshot(231)) - group-2EC7CCF7DE55: The snapshot info is null. Setting the last applied indexto:(t:0, i:~)
2019-10-10 01:20:23,075 [pool-413-thread-1] INFO  server.RaftServerConfigKeys (ConfUtils.java:logGet(43)) - raft.server.notification.no-leader.timeout = 120s (custom)
2019-10-10 01:20:23,075 [pool-423-thread-1] INFO  ratis.ContainerStateMachine (ContainerStateMachine.java:loadSnapshot(231)) - group-2EC7CCF7DE55: The snapshot info is null. Setting the last applied indexto:(t:0, i:~)
2019-10-10 01:20:23,076 [pool-413-thread-1] INFO  server.RaftServerConfigKeys (ConfUtils.java:logGet(43)) - raft.server.log.use.memory = false (default)
2019-10-10 01:20:23,075 [pool-393-thread-1] INFO  server.RaftServerConfigKeys (ConfUtils.java:logGet(43)) - raft.server.notification.no-leader.timeout = 120s (custom)
2019-10-10 01:20:23,076 [pool-413-thread-1] INFO  server.RaftServerConfigKeys (ConfUtils.java:logGet(43)) - raft.server.log.purge.gap = 1000000 (custom)
2019-10-10 01:20:23,076 [pool-423-thread-1] INFO  server.RaftServerConfigKeys (ConfUtils.java:logGet(43)) - raft.server.notification.no-leader.timeout = 120s (custom)
2019-10-10 01:20:23,076 [pool-413-thread-1] INFO  server.RaftServerConfigKeys (ConfUtils.java:logGet(43)) - raft.server.log.appender.buffer.byte-limit = 33554432 (custom)
2019-10-10 01:20:23,076 [pool-393-thread-1] INFO  server.RaftServerConfigKeys (ConfUtils.java:logGet(43)) - raft.server.log.use.memory = false (default)
2019-10-10 01:20:23,077 [pool-413-thread-1] INFO  server.RaftServerConfigKeys (ConfUtils.java:logGet(43)) - raft.server.log.segment.size.max = 1048576 (custom)
2019-10-10 01:20:23,076 [pool-423-thread-1] INFO  server.RaftServerConfigKeys (ConfUtils.java:logGet(43)) - raft.server.log.use.memory = false (default)
2019-10-10 01:20:23,077 [pool-413-thread-1] INFO  server.RaftServerConfigKeys (ConfUtils.java:logGet(43)) - raft.server.log.segment.cache.num.max = 2 (custom)
2019-10-10 01:20:23,077 [pool-393-thread-1] INFO  server.RaftServerConfigKeys (ConfUtils.java:logGet(43)) - raft.server.log.purge.gap = 1000000 (custom)
2019-10-10 01:20:23,077 [pool-413-thread-1] INFO  segmented.SegmentedRaftLogWorker (SegmentedRaftLogWorker.java:<init>(173)) - new 766c14c5-5cb5-41bc-8207-7614765910d0@group-2EC7CCF7DE55-SegmentedRaftLogWorker for RaftStorage:Storage Directory /workdir/hadoop-ozone/integration-test/target/test-dir/MiniOzoneClusterImpl-01b1a667-9da5-47bb-9e78-cb1676f03331/datanode-3/data/ratis/6657f789-4a67-48d5-b98f-2ec7ccf7de55
2019-10-10 01:20:23,077 [pool-423-thread-1] INFO  server.RaftServerConfigKeys (ConfUtils.java:logGet(43)) - raft.server.log.purge.gap = 1000000 (custom)
2019-10-10 01:20:23,077 [pool-413-thread-1] INFO  server.RaftServerConfigKeys (ConfUtils.java:logGet(43)) - raft.server.log.queue.byte-limit = 2147483647 (custom)
2019-10-10 01:20:23,077 [pool-393-thread-1] INFO  server.RaftServerConfigKeys (ConfUtils.java:logGet(43)) - raft.server.log.appender.buffer.byte-limit = 33554432 (custom)
2019-10-10 01:20:23,078 [pool-413-thread-1] INFO  server.RaftServerConfigKeys (ConfUtils.java:logGet(43)) - raft.server.log.queue.element-limit = 1024 (custom)
2019-10-10 01:20:23,078 [pool-423-thread-1] INFO  server.RaftServerConfigKeys (ConfUtils.java:logGet(43)) - raft.server.log.appender.buffer.byte-limit = 33554432 (custom)
2019-10-10 01:20:23,078 [pool-413-thread-1] INFO  server.RaftServerConfigKeys (ConfUtils.java:logGet(43)) - raft.server.log.segment.size.max = 1048576 (custom)
2019-10-10 01:20:23,078 [pool-393-thread-1] INFO  server.RaftServerConfigKeys (ConfUtils.java:logGet(43)) - raft.server.log.segment.size.max = 1048576 (custom)
2019-10-10 01:20:23,078 [pool-413-thread-1] INFO  server.RaftServerConfigKeys (ConfUtils.java:logGet(43)) - raft.server.log.preallocated.size = 16384 (custom)
2019-10-10 01:20:23,079 [pool-413-thread-1] INFO  server.RaftServerConfigKeys (ConfUtils.java:logGet(43)) - raft.server.log.write.buffer.size = 33554432 (custom)
2019-10-10 01:20:23,078 [pool-423-thread-1] INFO  server.RaftServerConfigKeys (ConfUtils.java:logGet(43)) - raft.server.log.segment.size.max = 1048576 (custom)
2019-10-10 01:20:23,079 [pool-413-thread-1] INFO  server.RaftServerConfigKeys (ConfUtils.java:logGet(43)) - raft.server.log.force.sync.num = 128 (default)
2019-10-10 01:20:23,079 [pool-393-thread-1] INFO  server.RaftServerConfigKeys (ConfUtils.java:logGet(43)) - raft.server.log.segment.cache.num.max = 2 (custom)
2019-10-10 01:20:23,079 [pool-413-thread-1] INFO  server.RaftServerConfigKeys (ConfUtils.java:logGet(43)) - raft.server.log.statemachine.data.sync = true (default)
2019-10-10 01:20:23,079 [pool-423-thread-1] INFO  server.RaftServerConfigKeys (ConfUtils.java:logGet(43)) - raft.server.log.segment.cache.num.max = 2 (custom)
2019-10-10 01:20:23,080 [pool-413-thread-1] INFO  server.RaftServerConfigKeys (ConfUtils.java:logGet(43)) - raft.server.log.statemachine.data.sync.timeout = 10s (default)
2019-10-10 01:20:23,080 [pool-413-thread-1] INFO  server.RaftServerConfigKeys (ConfUtils.java:logGet(43)) - raft.server.log.statemachine.data.sync.timeout.retry = -1 (default)
2019-10-10 01:20:23,079 [pool-393-thread-1] INFO  segmented.SegmentedRaftLogWorker (SegmentedRaftLogWorker.java:<init>(173)) - new a0e49052-281e-4dd3-8f50-b5fa6f1d224b@group-2EC7CCF7DE55-SegmentedRaftLogWorker for RaftStorage:Storage Directory /workdir/hadoop-ozone/integration-test/target/test-dir/MiniOzoneClusterImpl-01b1a667-9da5-47bb-9e78-cb1676f03331/datanode-1/data/ratis/6657f789-4a67-48d5-b98f-2ec7ccf7de55
2019-10-10 01:20:23,080 [pool-413-thread-1] INFO  server.RaftServerConfigKeys (ConfUtils.java:logGet(43)) - raft.server.log.statemachine.data.caching.enabled = true (custom)
2019-10-10 01:20:23,080 [pool-423-thread-1] INFO  segmented.SegmentedRaftLogWorker (SegmentedRaftLogWorker.java:<init>(173)) - new 32b13c6d-f91a-4144-84ce-062836d40646@group-2EC7CCF7DE55-SegmentedRaftLogWorker for RaftStorage:Storage Directory /workdir/hadoop-ozone/integration-test/target/test-dir/MiniOzoneClusterImpl-01b1a667-9da5-47bb-9e78-cb1676f03331/datanode-4/data/ratis/6657f789-4a67-48d5-b98f-2ec7ccf7de55
2019-10-10 01:20:23,081 [pool-413-thread-1] INFO  segmented.SegmentedRaftLogWorker (SegmentedRaftLogWorker.java:lambda$new$0(128)) - 766c14c5-5cb5-41bc-8207-7614765910d0@group-2EC7CCF7DE55-SegmentedRaftLogWorker: flushIndex: setUnconditionally 0 -> -1
2019-10-10 01:20:23,080 [pool-393-thread-1] INFO  server.RaftServerConfigKeys (ConfUtils.java:logGet(43)) - raft.server.log.queue.byte-limit = 2147483647 (custom)
2019-10-10 01:20:23,081 [pool-423-thread-1] INFO  server.RaftServerConfigKeys (ConfUtils.java:logGet(43)) - raft.server.log.queue.byte-limit = 2147483647 (custom)
2019-10-10 01:20:23,081 [pool-413-thread-1] INFO  server.RaftServerConfigKeys (ConfUtils.java:logGet(43)) - raft.server.snapshot.auto.trigger.enabled = true (custom)
2019-10-10 01:20:23,081 [pool-393-thread-1] INFO  server.RaftServerConfigKeys (ConfUtils.java:logGet(43)) - raft.server.log.queue.element-limit = 1024 (custom)
2019-10-10 01:20:23,081 [pool-413-thread-1] INFO  server.RaftServerConfigKeys (ConfUtils.java:logGet(43)) - raft.server.snapshot.auto.trigger.threshold = 10000 (custom)
2019-10-10 01:20:23,081 [pool-423-thread-1] INFO  server.RaftServerConfigKeys (ConfUtils.java:logGet(43)) - raft.server.log.queue.element-limit = 1024 (custom)
2019-10-10 01:20:23,081 [pool-413-thread-1] INFO  server.RaftServerConfigKeys (ConfUtils.java:logGet(43)) - raft.server.snapshot.retention.file.num = 5 (custom)
2019-10-10 01:20:23,081 [pool-393-thread-1] INFO  server.RaftServerConfigKeys (ConfUtils.java:logGet(43)) - raft.server.log.segment.size.max = 1048576 (custom)
2019-10-10 01:20:23,082 [pool-413-thread-1] INFO  server.RaftServerConfigKeys (ConfUtils.java:logGet(43)) - raft.server.retrycache.expirytime = 600000ms (custom)
2019-10-10 01:20:23,082 [pool-423-thread-1] INFO  server.RaftServerConfigKeys (ConfUtils.java:logGet(43)) - raft.server.log.segment.size.max = 1048576 (custom)
2019-10-10 01:20:23,082 [pool-393-thread-1] INFO  server.RaftServerConfigKeys (ConfUtils.java:logGet(43)) - raft.server.log.preallocated.size = 16384 (custom)
2019-10-10 01:20:23,082 [pool-423-thread-1] INFO  server.RaftServerConfigKeys (ConfUtils.java:logGet(43)) - raft.server.log.preallocated.size = 16384 (custom)
2019-10-10 01:20:23,082 [pool-393-thread-1] INFO  server.RaftServerConfigKeys (ConfUtils.java:logGet(43)) - raft.server.log.write.buffer.size = 33554432 (custom)
2019-10-10 01:20:23,083 [pool-423-thread-1] INFO  server.RaftServerConfigKeys (ConfUtils.java:logGet(43)) - raft.server.log.write.buffer.size = 33554432 (custom)
2019-10-10 01:20:23,083 [pool-393-thread-1] INFO  server.RaftServerConfigKeys (ConfUtils.java:logGet(43)) - raft.server.log.force.sync.num = 128 (default)
2019-10-10 01:20:23,083 [pool-423-thread-1] INFO  server.RaftServerConfigKeys (ConfUtils.java:logGet(43)) - raft.server.log.force.sync.num = 128 (default)
2019-10-10 01:20:23,083 [pool-393-thread-1] INFO  server.RaftServerConfigKeys (ConfUtils.java:logGet(43)) - raft.server.log.statemachine.data.sync = true (default)
2019-10-10 01:20:23,083 [pool-423-thread-1] INFO  server.RaftServerConfigKeys (ConfUtils.java:logGet(43)) - raft.server.log.statemachine.data.sync = true (default)
2019-10-10 01:20:23,083 [pool-393-thread-1] INFO  server.RaftServerConfigKeys (ConfUtils.java:logGet(43)) - raft.server.log.statemachine.data.sync.timeout = 10s (default)
2019-10-10 01:20:23,084 [pool-423-thread-1] INFO  server.RaftServerConfigKeys (ConfUtils.java:logGet(43)) - raft.server.log.statemachine.data.sync.timeout = 10s (default)
2019-10-10 01:20:23,084 [pool-393-thread-1] INFO  server.RaftServerConfigKeys (ConfUtils.java:logGet(43)) - raft.server.log.statemachine.data.sync.timeout.retry = -1 (default)
2019-10-10 01:20:23,084 [pool-423-thread-1] INFO  server.RaftServerConfigKeys (ConfUtils.java:logGet(43)) - raft.server.log.statemachine.data.sync.timeout.retry = -1 (default)
2019-10-10 01:20:23,084 [pool-393-thread-1] INFO  server.RaftServerConfigKeys (ConfUtils.java:logGet(43)) - raft.server.log.statemachine.data.caching.enabled = true (custom)
2019-10-10 01:20:23,084 [pool-423-thread-1] INFO  server.RaftServerConfigKeys (ConfUtils.java:logGet(43)) - raft.server.log.statemachine.data.caching.enabled = true (custom)
2019-10-10 01:20:23,084 [pool-393-thread-1] INFO  segmented.SegmentedRaftLogWorker (SegmentedRaftLogWorker.java:lambda$new$0(128)) - a0e49052-281e-4dd3-8f50-b5fa6f1d224b@group-2EC7CCF7DE55-SegmentedRaftLogWorker: flushIndex: setUnconditionally 0 -> -1
2019-10-10 01:20:23,084 [pool-423-thread-1] INFO  segmented.SegmentedRaftLogWorker (SegmentedRaftLogWorker.java:lambda$new$0(128)) - 32b13c6d-f91a-4144-84ce-062836d40646@group-2EC7CCF7DE55-SegmentedRaftLogWorker: flushIndex: setUnconditionally 0 -> -1
2019-10-10 01:20:23,085 [pool-393-thread-1] INFO  server.RaftServerConfigKeys (ConfUtils.java:logGet(43)) - raft.server.snapshot.auto.trigger.enabled = true (custom)
2019-10-10 01:20:23,085 [pool-413-thread-1] INFO  impl.RaftServerImpl (RaftServerImpl.java:start(181)) - 766c14c5-5cb5-41bc-8207-7614765910d0@group-2EC7CCF7DE55: start as a follower, conf=-1: [766c14c5-5cb5-41bc-8207-7614765910d0:192.168.164.234:36578, a0e49052-281e-4dd3-8f50-b5fa6f1d224b:192.168.164.234:32895, 32b13c6d-f91a-4144-84ce-062836d40646:192.168.164.234:40671], old=null
2019-10-10 01:20:23,085 [pool-423-thread-1] INFO  server.RaftServerConfigKeys (ConfUtils.java:logGet(43)) - raft.server.snapshot.auto.trigger.enabled = true (custom)
2019-10-10 01:20:23,085 [pool-393-thread-1] INFO  server.RaftServerConfigKeys (ConfUtils.java:logGet(43)) - raft.server.snapshot.auto.trigger.threshold = 10000 (custom)
2019-10-10 01:20:23,085 [pool-423-thread-1] INFO  server.RaftServerConfigKeys (ConfUtils.java:logGet(43)) - raft.server.snapshot.auto.trigger.threshold = 10000 (custom)
2019-10-10 01:20:23,085 [pool-413-thread-1] INFO  impl.RaftServerImpl (RaftServerImpl.java:setRole(170)) - 766c14c5-5cb5-41bc-8207-7614765910d0@group-2EC7CCF7DE55: changes role from      null to FOLLOWER at term 0 for startAsFollower
2019-10-10 01:20:23,085 [pool-423-thread-1] INFO  server.RaftServerConfigKeys (ConfUtils.java:logGet(43)) - raft.server.snapshot.retention.file.num = 5 (custom)
2019-10-10 01:20:23,085 [pool-393-thread-1] INFO  server.RaftServerConfigKeys (ConfUtils.java:logGet(43)) - raft.server.snapshot.retention.file.num = 5 (custom)
2019-10-10 01:20:23,086 [pool-423-thread-1] INFO  server.RaftServerConfigKeys (ConfUtils.java:logGet(43)) - raft.server.retrycache.expirytime = 600000ms (custom)
2019-10-10 01:20:23,085 [pool-413-thread-1] INFO  impl.RoleInfo (RoleInfo.java:updateAndGet(143)) - 766c14c5-5cb5-41bc-8207-7614765910d0: start FollowerState
2019-10-10 01:20:23,086 [pool-393-thread-1] INFO  server.RaftServerConfigKeys (ConfUtils.java:logGet(43)) - raft.server.retrycache.expirytime = 600000ms (custom)
2019-10-10 01:20:23,086 [pool-413-thread-1] INFO  util.JmxRegister (JmxRegister.java:tryRegister(44)) - Successfully registered JMX Bean with object name Ratis:service=RaftServer,group=group-2EC7CCF7DE55,id=766c14c5-5cb5-41bc-8207-7614765910d0
2019-10-10 01:20:23,090 [pool-423-thread-1] INFO  impl.RaftServerImpl (RaftServerImpl.java:start(181)) - 32b13c6d-f91a-4144-84ce-062836d40646@group-2EC7CCF7DE55: start as a follower, conf=-1: [766c14c5-5cb5-41bc-8207-7614765910d0:192.168.164.234:36578, a0e49052-281e-4dd3-8f50-b5fa6f1d224b:192.168.164.234:32895, 32b13c6d-f91a-4144-84ce-062836d40646:192.168.164.234:40671], old=null
2019-10-10 01:20:23,090 [pool-393-thread-1] INFO  impl.RaftServerImpl (RaftServerImpl.java:start(181)) - a0e49052-281e-4dd3-8f50-b5fa6f1d224b@group-2EC7CCF7DE55: start as a follower, conf=-1: [766c14c5-5cb5-41bc-8207-7614765910d0:192.168.164.234:36578, a0e49052-281e-4dd3-8f50-b5fa6f1d224b:192.168.164.234:32895, 32b13c6d-f91a-4144-84ce-062836d40646:192.168.164.234:40671], old=null
2019-10-10 01:20:23,090 [pool-423-thread-1] INFO  impl.RaftServerImpl (RaftServerImpl.java:setRole(170)) - 32b13c6d-f91a-4144-84ce-062836d40646@group-2EC7CCF7DE55: changes role from      null to FOLLOWER at term 0 for startAsFollower
2019-10-10 01:20:23,090 [pool-393-thread-1] INFO  impl.RaftServerImpl (RaftServerImpl.java:setRole(170)) - a0e49052-281e-4dd3-8f50-b5fa6f1d224b@group-2EC7CCF7DE55: changes role from      null to FOLLOWER at term 0 for startAsFollower
2019-10-10 01:20:23,090 [pool-423-thread-1] INFO  impl.RoleInfo (RoleInfo.java:updateAndGet(143)) - 32b13c6d-f91a-4144-84ce-062836d40646: start FollowerState
2019-10-10 01:20:23,091 [pool-393-thread-1] INFO  impl.RoleInfo (RoleInfo.java:updateAndGet(143)) - a0e49052-281e-4dd3-8f50-b5fa6f1d224b: start FollowerState
2019-10-10 01:20:23,091 [pool-423-thread-1] INFO  util.JmxRegister (JmxRegister.java:tryRegister(44)) - Successfully registered JMX Bean with object name Ratis:service=RaftServer,group=group-2EC7CCF7DE55,id=32b13c6d-f91a-4144-84ce-062836d40646
2019-10-10 01:20:23,091 [pool-393-thread-1] INFO  util.JmxRegister (JmxRegister.java:tryRegister(44)) - Successfully registered JMX Bean with object name Ratis:service=RaftServer,group=group-2EC7CCF7DE55,id=a0e49052-281e-4dd3-8f50-b5fa6f1d224b
2019-10-10 01:20:23,098 [RatisPipelineUtilsThread] INFO  pipeline.PipelineStateManager (PipelineStateManager.java:addPipeline(56)) - Created pipeline Pipeline[ Id: 6657f789-4a67-48d5-b98f-2ec7ccf7de55, Nodes: 32b13c6d-f91a-4144-84ce-062836d40646{ip: 192.168.164.234, host: pr-hdds-2181-sndvk-718193549, networkLocation: /default-rack, certSerialId: null}a0e49052-281e-4dd3-8f50-b5fa6f1d224b{ip: 192.168.164.234, host: pr-hdds-2181-sndvk-718193549, networkLocation: /default-rack, certSerialId: null}766c14c5-5cb5-41bc-8207-7614765910d0{ip: 192.168.164.234, host: pr-hdds-2181-sndvk-718193549, networkLocation: /default-rack, certSerialId: null}, Type:RATIS, Factor:THREE, State:OPEN]
2019-10-10 01:20:23,110 [grpc-default-executor-3] INFO  impl.RaftServerProxy (RaftServerProxy.java:addNew(89)) - caa020d1-097b-43e7-bdbc-d34ea0fe7a1d: addNew group-07E9FC00377E:[c9552ab5-5f1a-4fc4-b375-7aa22ad15d86:192.168.164.234:42083, 588188f5-911b-4b0e-a971-2291f80ae357:192.168.164.234:37967, caa020d1-097b-43e7-bdbc-d34ea0fe7a1d:192.168.164.234:38653] returns group-07E9FC00377E:java.util.concurrent.CompletableFuture@5eea1217[Not completed]
2019-10-10 01:20:23,110 [grpc-default-executor-0] INFO  impl.RaftServerProxy (RaftServerProxy.java:addNew(89)) - c9552ab5-5f1a-4fc4-b375-7aa22ad15d86: addNew group-07E9FC00377E:[c9552ab5-5f1a-4fc4-b375-7aa22ad15d86:192.168.164.234:42083, 588188f5-911b-4b0e-a971-2291f80ae357:192.168.164.234:37967, caa020d1-097b-43e7-bdbc-d34ea0fe7a1d:192.168.164.234:38653] returns group-07E9FC00377E:java.util.concurrent.CompletableFuture@2ab6fcb3[Not completed]
2019-10-10 01:20:23,110 [grpc-default-executor-1] INFO  impl.RaftServerProxy (RaftServerProxy.java:addNew(89)) - 588188f5-911b-4b0e-a971-2291f80ae357: addNew group-07E9FC00377E:[c9552ab5-5f1a-4fc4-b375-7aa22ad15d86:192.168.164.234:42083, 588188f5-911b-4b0e-a971-2291f80ae357:192.168.164.234:37967, caa020d1-097b-43e7-bdbc-d34ea0fe7a1d:192.168.164.234:38653] returns group-07E9FC00377E:java.util.concurrent.CompletableFuture@49bb30de[Not completed]
2019-10-10 01:20:23,115 [pool-443-thread-1] INFO  impl.RaftServerImpl (RaftServerImpl.java:<init>(95)) - caa020d1-097b-43e7-bdbc-d34ea0fe7a1d: new RaftServerImpl for group-07E9FC00377E:[c9552ab5-5f1a-4fc4-b375-7aa22ad15d86:192.168.164.234:42083, 588188f5-911b-4b0e-a971-2291f80ae357:192.168.164.234:37967, caa020d1-097b-43e7-bdbc-d34ea0fe7a1d:192.168.164.234:38653] with ContainerStateMachine:uninitialized
2019-10-10 01:20:23,115 [pool-443-thread-1] INFO  server.RaftServerConfigKeys (ConfUtils.java:logGet(43)) - raft.server.rpc.timeout.min = 5s (custom)
2019-10-10 01:20:23,115 [pool-443-thread-1] INFO  server.RaftServerConfigKeys (ConfUtils.java:logGet(43)) - raft.server.rpc.timeout.max = 5200ms (custom)
2019-10-10 01:20:23,115 [pool-443-thread-1] INFO  server.RaftServerConfigKeys (ConfUtils.java:logGet(43)) - raft.server.rpcslowness.timeout = 120s (custom)
2019-10-10 01:20:23,115 [pool-443-thread-1] INFO  server.RaftServerConfigKeys (ConfUtils.java:logGet(43)) - raft.server.sleep.deviation.threshold = 300 (default)
2019-10-10 01:20:23,115 [pool-443-thread-1] INFO  server.RaftServerConfigKeys (ConfUtils.java:logGet(43)) - raft.server.log.appender.install.snapshot.enabled = false (custom)
2019-10-10 01:20:23,116 [pool-443-thread-1] INFO  impl.RaftServerImpl (ServerState.java:<init>(103)) - caa020d1-097b-43e7-bdbc-d34ea0fe7a1d@group-07E9FC00377E: ConfigurationManager, init=-1: [c9552ab5-5f1a-4fc4-b375-7aa22ad15d86:192.168.164.234:42083, 588188f5-911b-4b0e-a971-2291f80ae357:192.168.164.234:37967, caa020d1-097b-43e7-bdbc-d34ea0fe7a1d:192.168.164.234:38653], old=null, confs=<EMPTY_MAP>
2019-10-10 01:20:23,116 [pool-443-thread-1] INFO  server.RaftServerConfigKeys (ConfUtils.java:logGet(43)) - raft.server.storage.dir = [/workdir/hadoop-ozone/integration-test/target/test-dir/MiniOzoneClusterImpl-01b1a667-9da5-47bb-9e78-cb1676f03331/datanode-6/data/ratis] (custom)
2019-10-10 01:20:23,116 [pool-443-thread-1] INFO  server.RaftServerConfigKeys (ConfUtils.java:logGet(43)) - raft.server.log.corruption.policy = EXCEPTION (default)
2019-10-10 01:20:23,116 [pool-403-thread-1] INFO  impl.RaftServerImpl (RaftServerImpl.java:<init>(95)) - 588188f5-911b-4b0e-a971-2291f80ae357: new RaftServerImpl for group-07E9FC00377E:[c9552ab5-5f1a-4fc4-b375-7aa22ad15d86:192.168.164.234:42083, 588188f5-911b-4b0e-a971-2291f80ae357:192.168.164.234:37967, caa020d1-097b-43e7-bdbc-d34ea0fe7a1d:192.168.164.234:38653] with ContainerStateMachine:uninitialized
2019-10-10 01:20:23,116 [pool-443-thread-1] INFO  storage.RaftStorageDirectory (RaftStorageDirectory.java:analyzeStorage(246)) - The storage directory /workdir/hadoop-ozone/integration-test/target/test-dir/MiniOzoneClusterImpl-01b1a667-9da5-47bb-9e78-cb1676f03331/datanode-6/data/ratis/936672ab-8444-4658-b651-07e9fc00377e does not exist. Creating ...
2019-10-10 01:20:23,117 [pool-403-thread-1] INFO  server.RaftServerConfigKeys (ConfUtils.java:logGet(43)) - raft.server.rpc.timeout.min = 5s (custom)
2019-10-10 01:20:23,117 [pool-403-thread-1] INFO  server.RaftServerConfigKeys (ConfUtils.java:logGet(43)) - raft.server.rpc.timeout.max = 5200ms (custom)
2019-10-10 01:20:23,117 [pool-403-thread-1] INFO  server.RaftServerConfigKeys (ConfUtils.java:logGet(43)) - raft.server.rpcslowness.timeout = 120s (custom)
2019-10-10 01:20:23,117 [pool-403-thread-1] INFO  server.RaftServerConfigKeys (ConfUtils.java:logGet(43)) - raft.server.sleep.deviation.threshold = 300 (default)
2019-10-10 01:20:23,117 [pool-383-thread-1] INFO  impl.RaftServerImpl (RaftServerImpl.java:<init>(95)) - c9552ab5-5f1a-4fc4-b375-7aa22ad15d86: new RaftServerImpl for group-07E9FC00377E:[c9552ab5-5f1a-4fc4-b375-7aa22ad15d86:192.168.164.234:42083, 588188f5-911b-4b0e-a971-2291f80ae357:192.168.164.234:37967, caa020d1-097b-43e7-bdbc-d34ea0fe7a1d:192.168.164.234:38653] with ContainerStateMachine:uninitialized
2019-10-10 01:20:23,117 [pool-403-thread-1] INFO  server.RaftServerConfigKeys (ConfUtils.java:logGet(43)) - raft.server.log.appender.install.snapshot.enabled = false (custom)
2019-10-10 01:20:23,118 [pool-383-thread-1] INFO  server.RaftServerConfigKeys (ConfUtils.java:logGet(43)) - raft.server.rpc.timeout.min = 5s (custom)
2019-10-10 01:20:23,118 [pool-403-thread-1] INFO  impl.RaftServerImpl (ServerState.java:<init>(103)) - 588188f5-911b-4b0e-a971-2291f80ae357@group-07E9FC00377E: ConfigurationManager, init=-1: [c9552ab5-5f1a-4fc4-b375-7aa22ad15d86:192.168.164.234:42083, 588188f5-911b-4b0e-a971-2291f80ae357:192.168.164.234:37967, caa020d1-097b-43e7-bdbc-d34ea0fe7a1d:192.168.164.234:38653], old=null, confs=<EMPTY_MAP>
2019-10-10 01:20:23,118 [pool-383-thread-1] INFO  server.RaftServerConfigKeys (ConfUtils.java:logGet(43)) - raft.server.rpc.timeout.max = 5200ms (custom)
2019-10-10 01:20:23,118 [pool-403-thread-1] INFO  server.RaftServerConfigKeys (ConfUtils.java:logGet(43)) - raft.server.storage.dir = [/workdir/hadoop-ozone/integration-test/target/test-dir/MiniOzoneClusterImpl-01b1a667-9da5-47bb-9e78-cb1676f03331/datanode-2/data/ratis] (custom)
2019-10-10 01:20:23,118 [pool-383-thread-1] INFO  server.RaftServerConfigKeys (ConfUtils.java:logGet(43)) - raft.server.rpcslowness.timeout = 120s (custom)
2019-10-10 01:20:23,118 [pool-383-thread-1] INFO  server.RaftServerConfigKeys (ConfUtils.java:logGet(43)) - raft.server.sleep.deviation.threshold = 300 (default)
2019-10-10 01:20:23,118 [pool-403-thread-1] INFO  server.RaftServerConfigKeys (ConfUtils.java:logGet(43)) - raft.server.log.corruption.policy = EXCEPTION (default)
2019-10-10 01:20:23,119 [pool-383-thread-1] INFO  server.RaftServerConfigKeys (ConfUtils.java:logGet(43)) - raft.server.log.appender.install.snapshot.enabled = false (custom)
2019-10-10 01:20:23,119 [pool-403-thread-1] INFO  storage.RaftStorageDirectory (RaftStorageDirectory.java:analyzeStorage(246)) - The storage directory /workdir/hadoop-ozone/integration-test/target/test-dir/MiniOzoneClusterImpl-01b1a667-9da5-47bb-9e78-cb1676f03331/datanode-2/data/ratis/936672ab-8444-4658-b651-07e9fc00377e does not exist. Creating ...
2019-10-10 01:20:23,119 [pool-383-thread-1] INFO  impl.RaftServerImpl (ServerState.java:<init>(103)) - c9552ab5-5f1a-4fc4-b375-7aa22ad15d86@group-07E9FC00377E: ConfigurationManager, init=-1: [c9552ab5-5f1a-4fc4-b375-7aa22ad15d86:192.168.164.234:42083, 588188f5-911b-4b0e-a971-2291f80ae357:192.168.164.234:37967, caa020d1-097b-43e7-bdbc-d34ea0fe7a1d:192.168.164.234:38653], old=null, confs=<EMPTY_MAP>
2019-10-10 01:20:23,119 [pool-383-thread-1] INFO  server.RaftServerConfigKeys (ConfUtils.java:logGet(43)) - raft.server.storage.dir = [/workdir/hadoop-ozone/integration-test/target/test-dir/MiniOzoneClusterImpl-01b1a667-9da5-47bb-9e78-cb1676f03331/datanode-0/data/ratis] (custom)
2019-10-10 01:20:23,119 [pool-383-thread-1] INFO  server.RaftServerConfigKeys (ConfUtils.java:logGet(43)) - raft.server.log.corruption.policy = EXCEPTION (default)
2019-10-10 01:20:23,120 [pool-383-thread-1] INFO  storage.RaftStorageDirectory (RaftStorageDirectory.java:analyzeStorage(246)) - The storage directory /workdir/hadoop-ozone/integration-test/target/test-dir/MiniOzoneClusterImpl-01b1a667-9da5-47bb-9e78-cb1676f03331/datanode-0/data/ratis/936672ab-8444-4658-b651-07e9fc00377e does not exist. Creating ...
2019-10-10 01:20:23,142 [pool-383-thread-1] INFO  storage.RaftStorageDirectory (RaftStorageDirectory.java:tryLock(328)) - Lock on /workdir/hadoop-ozone/integration-test/target/test-dir/MiniOzoneClusterImpl-01b1a667-9da5-47bb-9e78-cb1676f03331/datanode-0/data/ratis/936672ab-8444-4658-b651-07e9fc00377e/in_use.lock acquired by nodename 16653@pr-hdds-2181-sndvk-718193549
2019-10-10 01:20:23,142 [pool-443-thread-1] INFO  storage.RaftStorageDirectory (RaftStorageDirectory.java:tryLock(328)) - Lock on /workdir/hadoop-ozone/integration-test/target/test-dir/MiniOzoneClusterImpl-01b1a667-9da5-47bb-9e78-cb1676f03331/datanode-6/data/ratis/936672ab-8444-4658-b651-07e9fc00377e/in_use.lock acquired by nodename 16653@pr-hdds-2181-sndvk-718193549
2019-10-10 01:20:23,142 [pool-403-thread-1] INFO  storage.RaftStorageDirectory (RaftStorageDirectory.java:tryLock(328)) - Lock on /workdir/hadoop-ozone/integration-test/target/test-dir/MiniOzoneClusterImpl-01b1a667-9da5-47bb-9e78-cb1676f03331/datanode-2/data/ratis/936672ab-8444-4658-b651-07e9fc00377e/in_use.lock acquired by nodename 16653@pr-hdds-2181-sndvk-718193549
2019-10-10 01:20:23,167 [pool-403-thread-1] INFO  storage.RaftStorage (RaftStorage.java:format(84)) - Storage directory /workdir/hadoop-ozone/integration-test/target/test-dir/MiniOzoneClusterImpl-01b1a667-9da5-47bb-9e78-cb1676f03331/datanode-2/data/ratis/936672ab-8444-4658-b651-07e9fc00377e has been successfully formatted.
2019-10-10 01:20:23,167 [pool-443-thread-1] INFO  storage.RaftStorage (RaftStorage.java:format(84)) - Storage directory /workdir/hadoop-ozone/integration-test/target/test-dir/MiniOzoneClusterImpl-01b1a667-9da5-47bb-9e78-cb1676f03331/datanode-6/data/ratis/936672ab-8444-4658-b651-07e9fc00377e has been successfully formatted.
2019-10-10 01:20:23,167 [pool-383-thread-1] INFO  storage.RaftStorage (RaftStorage.java:format(84)) - Storage directory /workdir/hadoop-ozone/integration-test/target/test-dir/MiniOzoneClusterImpl-01b1a667-9da5-47bb-9e78-cb1676f03331/datanode-0/data/ratis/936672ab-8444-4658-b651-07e9fc00377e has been successfully formatted.
2019-10-10 01:20:23,168 [pool-443-thread-1] INFO  ratis.ContainerStateMachine (ContainerStateMachine.java:loadSnapshot(231)) - group-07E9FC00377E: The snapshot info is null. Setting the last applied indexto:(t:0, i:~)
2019-10-10 01:20:23,168 [pool-403-thread-1] INFO  ratis.ContainerStateMachine (ContainerStateMachine.java:loadSnapshot(231)) - group-07E9FC00377E: The snapshot info is null. Setting the last applied indexto:(t:0, i:~)
2019-10-10 01:20:23,168 [pool-443-thread-1] INFO  server.RaftServerConfigKeys (ConfUtils.java:logGet(43)) - raft.server.notification.no-leader.timeout = 120s (custom)
2019-10-10 01:20:23,168 [pool-383-thread-1] INFO  ratis.ContainerStateMachine (ContainerStateMachine.java:loadSnapshot(231)) - group-07E9FC00377E: The snapshot info is null. Setting the last applied indexto:(t:0, i:~)
2019-10-10 01:20:23,168 [pool-443-thread-1] INFO  server.RaftServerConfigKeys (ConfUtils.java:logGet(43)) - raft.server.log.use.memory = false (default)
2019-10-10 01:20:23,168 [pool-403-thread-1] INFO  server.RaftServerConfigKeys (ConfUtils.java:logGet(43)) - raft.server.notification.no-leader.timeout = 120s (custom)
2019-10-10 01:20:23,169 [pool-443-thread-1] INFO  server.RaftServerConfigKeys (ConfUtils.java:logGet(43)) - raft.server.log.purge.gap = 1000000 (custom)
2019-10-10 01:20:23,169 [pool-383-thread-1] INFO  server.RaftServerConfigKeys (ConfUtils.java:logGet(43)) - raft.server.notification.no-leader.timeout = 120s (custom)
2019-10-10 01:20:23,169 [pool-443-thread-1] INFO  server.RaftServerConfigKeys (ConfUtils.java:logGet(43)) - raft.server.log.appender.buffer.byte-limit = 33554432 (custom)
2019-10-10 01:20:23,169 [pool-403-thread-1] INFO  server.RaftServerConfigKeys (ConfUtils.java:logGet(43)) - raft.server.log.use.memory = false (default)
2019-10-10 01:20:23,169 [pool-443-thread-1] INFO  server.RaftServerConfigKeys (ConfUtils.java:logGet(43)) - raft.server.log.segment.size.max = 1048576 (custom)
2019-10-10 01:20:23,169 [pool-383-thread-1] INFO  server.RaftServerConfigKeys (ConfUtils.java:logGet(43)) - raft.server.log.use.memory = false (default)
2019-10-10 01:20:23,170 [pool-443-thread-1] INFO  server.RaftServerConfigKeys (ConfUtils.java:logGet(43)) - raft.server.log.segment.cache.num.max = 2 (custom)
2019-10-10 01:20:23,170 [pool-403-thread-1] INFO  server.RaftServerConfigKeys (ConfUtils.java:logGet(43)) - raft.server.log.purge.gap = 1000000 (custom)
2019-10-10 01:20:23,170 [pool-443-thread-1] INFO  segmented.SegmentedRaftLogWorker (SegmentedRaftLogWorker.java:<init>(173)) - new caa020d1-097b-43e7-bdbc-d34ea0fe7a1d@group-07E9FC00377E-SegmentedRaftLogWorker for RaftStorage:Storage Directory /workdir/hadoop-ozone/integration-test/target/test-dir/MiniOzoneClusterImpl-01b1a667-9da5-47bb-9e78-cb1676f03331/datanode-6/data/ratis/936672ab-8444-4658-b651-07e9fc00377e
2019-10-10 01:20:23,170 [pool-383-thread-1] INFO  server.RaftServerConfigKeys (ConfUtils.java:logGet(43)) - raft.server.log.purge.gap = 1000000 (custom)
2019-10-10 01:20:23,170 [pool-443-thread-1] INFO  server.RaftServerConfigKeys (ConfUtils.java:logGet(43)) - raft.server.log.queue.byte-limit = 2147483647 (custom)
2019-10-10 01:20:23,170 [pool-403-thread-1] INFO  server.RaftServerConfigKeys (ConfUtils.java:logGet(43)) - raft.server.log.appender.buffer.byte-limit = 33554432 (custom)
2019-10-10 01:20:23,171 [pool-443-thread-1] INFO  server.RaftServerConfigKeys (ConfUtils.java:logGet(43)) - raft.server.log.queue.element-limit = 1024 (custom)
2019-10-10 01:20:23,170 [pool-383-thread-1] INFO  server.RaftServerConfigKeys (ConfUtils.java:logGet(43)) - raft.server.log.appender.buffer.byte-limit = 33554432 (custom)
2019-10-10 01:20:23,171 [pool-443-thread-1] INFO  server.RaftServerConfigKeys (ConfUtils.java:logGet(43)) - raft.server.log.segment.size.max = 1048576 (custom)
2019-10-10 01:20:23,171 [pool-403-thread-1] INFO  server.RaftServerConfigKeys (ConfUtils.java:logGet(43)) - raft.server.log.segment.size.max = 1048576 (custom)
2019-10-10 01:20:23,171 [pool-443-thread-1] INFO  server.RaftServerConfigKeys (ConfUtils.java:logGet(43)) - raft.server.log.preallocated.size = 16384 (custom)
2019-10-10 01:20:23,172 [pool-443-thread-1] INFO  server.RaftServerConfigKeys (ConfUtils.java:logGet(43)) - raft.server.log.write.buffer.size = 33554432 (custom)
2019-10-10 01:20:23,171 [pool-383-thread-1] INFO  server.RaftServerConfigKeys (ConfUtils.java:logGet(43)) - raft.server.log.segment.size.max = 1048576 (custom)
2019-10-10 01:20:23,172 [pool-443-thread-1] INFO  server.RaftServerConfigKeys (ConfUtils.java:logGet(43)) - raft.server.log.force.sync.num = 128 (default)
2019-10-10 01:20:23,171 [pool-403-thread-1] INFO  server.RaftServerConfigKeys (ConfUtils.java:logGet(43)) - raft.server.log.segment.cache.num.max = 2 (custom)
2019-10-10 01:20:23,172 [pool-443-thread-1] INFO  server.RaftServerConfigKeys (ConfUtils.java:logGet(43)) - raft.server.log.statemachine.data.sync = true (default)
2019-10-10 01:20:23,172 [pool-383-thread-1] INFO  server.RaftServerConfigKeys (ConfUtils.java:logGet(43)) - raft.server.log.segment.cache.num.max = 2 (custom)
2019-10-10 01:20:23,172 [pool-443-thread-1] INFO  server.RaftServerConfigKeys (ConfUtils.java:logGet(43)) - raft.server.log.statemachine.data.sync.timeout = 10s (default)
2019-10-10 01:20:23,172 [pool-403-thread-1] INFO  segmented.SegmentedRaftLogWorker (SegmentedRaftLogWorker.java:<init>(173)) - new 588188f5-911b-4b0e-a971-2291f80ae357@group-07E9FC00377E-SegmentedRaftLogWorker for RaftStorage:Storage Directory /workdir/hadoop-ozone/integration-test/target/test-dir/MiniOzoneClusterImpl-01b1a667-9da5-47bb-9e78-cb1676f03331/datanode-2/data/ratis/936672ab-8444-4658-b651-07e9fc00377e
2019-10-10 01:20:23,173 [pool-443-thread-1] INFO  server.RaftServerConfigKeys (ConfUtils.java:logGet(43)) - raft.server.log.statemachine.data.sync.timeout.retry = -1 (default)
2019-10-10 01:20:23,173 [pool-383-thread-1] INFO  segmented.SegmentedRaftLogWorker (SegmentedRaftLogWorker.java:<init>(173)) - new c9552ab5-5f1a-4fc4-b375-7aa22ad15d86@group-07E9FC00377E-SegmentedRaftLogWorker for RaftStorage:Storage Directory /workdir/hadoop-ozone/integration-test/target/test-dir/MiniOzoneClusterImpl-01b1a667-9da5-47bb-9e78-cb1676f03331/datanode-0/data/ratis/936672ab-8444-4658-b651-07e9fc00377e
2019-10-10 01:20:23,173 [pool-443-thread-1] INFO  server.RaftServerConfigKeys (ConfUtils.java:logGet(43)) - raft.server.log.statemachine.data.caching.enabled = true (custom)
2019-10-10 01:20:23,173 [pool-403-thread-1] INFO  server.RaftServerConfigKeys (ConfUtils.java:logGet(43)) - raft.server.log.queue.byte-limit = 2147483647 (custom)
2019-10-10 01:20:23,173 [pool-383-thread-1] INFO  server.RaftServerConfigKeys (ConfUtils.java:logGet(43)) - raft.server.log.queue.byte-limit = 2147483647 (custom)
2019-10-10 01:20:23,173 [pool-443-thread-1] INFO  segmented.SegmentedRaftLogWorker (SegmentedRaftLogWorker.java:lambda$new$0(128)) - caa020d1-097b-43e7-bdbc-d34ea0fe7a1d@group-07E9FC00377E-SegmentedRaftLogWorker: flushIndex: setUnconditionally 0 -> -1
2019-10-10 01:20:23,173 [pool-403-thread-1] INFO  server.RaftServerConfigKeys (ConfUtils.java:logGet(43)) - raft.server.log.queue.element-limit = 1024 (custom)
2019-10-10 01:20:23,174 [pool-383-thread-1] INFO  server.RaftServerConfigKeys (ConfUtils.java:logGet(43)) - raft.server.log.queue.element-limit = 1024 (custom)
2019-10-10 01:20:23,174 [pool-403-thread-1] INFO  server.RaftServerConfigKeys (ConfUtils.java:logGet(43)) - raft.server.log.segment.size.max = 1048576 (custom)
2019-10-10 01:20:23,174 [pool-443-thread-1] INFO  server.RaftServerConfigKeys (ConfUtils.java:logGet(43)) - raft.server.snapshot.auto.trigger.enabled = true (custom)
2019-10-10 01:20:23,174 [pool-403-thread-1] INFO  server.RaftServerConfigKeys (ConfUtils.java:logGet(43)) - raft.server.log.preallocated.size = 16384 (custom)
2019-10-10 01:20:23,175 [pool-403-thread-1] INFO  server.RaftServerConfigKeys (ConfUtils.java:logGet(43)) - raft.server.log.write.buffer.size = 33554432 (custom)
2019-10-10 01:20:23,174 [pool-383-thread-1] INFO  server.RaftServerConfigKeys (ConfUtils.java:logGet(43)) - raft.server.log.segment.size.max = 1048576 (custom)
2019-10-10 01:20:23,175 [pool-403-thread-1] INFO  server.RaftServerConfigKeys (ConfUtils.java:logGet(43)) - raft.server.log.force.sync.num = 128 (default)
2019-10-10 01:20:23,174 [pool-443-thread-1] INFO  server.RaftServerConfigKeys (ConfUtils.java:logGet(43)) - raft.server.snapshot.auto.trigger.threshold = 10000 (custom)
2019-10-10 01:20:23,175 [pool-403-thread-1] INFO  server.RaftServerConfigKeys (ConfUtils.java:logGet(43)) - raft.server.log.statemachine.data.sync = true (default)
2019-10-10 01:20:23,175 [pool-383-thread-1] INFO  server.RaftServerConfigKeys (ConfUtils.java:logGet(43)) - raft.server.log.preallocated.size = 16384 (custom)
2019-10-10 01:20:23,175 [pool-403-thread-1] INFO  server.RaftServerConfigKeys (ConfUtils.java:logGet(43)) - raft.server.log.statemachine.data.sync.timeout = 10s (default)
2019-10-10 01:20:23,175 [pool-443-thread-1] INFO  server.RaftServerConfigKeys (ConfUtils.java:logGet(43)) - raft.server.snapshot.retention.file.num = 5 (custom)
2019-10-10 01:20:23,176 [pool-403-thread-1] INFO  server.RaftServerConfigKeys (ConfUtils.java:logGet(43)) - raft.server.log.statemachine.data.sync.timeout.retry = -1 (default)
2019-10-10 01:20:23,175 [pool-383-thread-1] INFO  server.RaftServerConfigKeys (ConfUtils.java:logGet(43)) - raft.server.log.write.buffer.size = 33554432 (custom)
2019-10-10 01:20:23,176 [pool-403-thread-1] INFO  server.RaftServerConfigKeys (ConfUtils.java:logGet(43)) - raft.server.log.statemachine.data.caching.enabled = true (custom)
2019-10-10 01:20:23,176 [pool-443-thread-1] INFO  server.RaftServerConfigKeys (ConfUtils.java:logGet(43)) - raft.server.retrycache.expirytime = 600000ms (custom)
2019-10-10 01:20:23,176 [pool-403-thread-1] INFO  segmented.SegmentedRaftLogWorker (SegmentedRaftLogWorker.java:lambda$new$0(128)) - 588188f5-911b-4b0e-a971-2291f80ae357@group-07E9FC00377E-SegmentedRaftLogWorker: flushIndex: setUnconditionally 0 -> -1
2019-10-10 01:20:23,176 [pool-383-thread-1] INFO  server.RaftServerConfigKeys (ConfUtils.java:logGet(43)) - raft.server.log.force.sync.num = 128 (default)
2019-10-10 01:20:23,176 [pool-403-thread-1] INFO  server.RaftServerConfigKeys (ConfUtils.java:logGet(43)) - raft.server.snapshot.auto.trigger.enabled = true (custom)
2019-10-10 01:20:23,177 [pool-383-thread-1] INFO  server.RaftServerConfigKeys (ConfUtils.java:logGet(43)) - raft.server.log.statemachine.data.sync = true (default)
2019-10-10 01:20:23,177 [pool-403-thread-1] INFO  server.RaftServerConfigKeys (ConfUtils.java:logGet(43)) - raft.server.snapshot.auto.trigger.threshold = 10000 (custom)
2019-10-10 01:20:23,177 [pool-383-thread-1] INFO  server.RaftServerConfigKeys (ConfUtils.java:logGet(43)) - raft.server.log.statemachine.data.sync.timeout = 10s (default)
2019-10-10 01:20:23,177 [pool-403-thread-1] INFO  server.RaftServerConfigKeys (ConfUtils.java:logGet(43)) - raft.server.snapshot.retention.file.num = 5 (custom)
2019-10-10 01:20:23,177 [pool-383-thread-1] INFO  server.RaftServerConfigKeys (ConfUtils.java:logGet(43)) - raft.server.log.statemachine.data.sync.timeout.retry = -1 (default)
2019-10-10 01:20:23,177 [pool-403-thread-1] INFO  server.RaftServerConfigKeys (ConfUtils.java:logGet(43)) - raft.server.retrycache.expirytime = 600000ms (custom)
2019-10-10 01:20:23,178 [pool-383-thread-1] INFO  server.RaftServerConfigKeys (ConfUtils.java:logGet(43)) - raft.server.log.statemachine.data.caching.enabled = true (custom)
2019-10-10 01:20:23,178 [pool-383-thread-1] INFO  segmented.SegmentedRaftLogWorker (SegmentedRaftLogWorker.java:lambda$new$0(128)) - c9552ab5-5f1a-4fc4-b375-7aa22ad15d86@group-07E9FC00377E-SegmentedRaftLogWorker: flushIndex: setUnconditionally 0 -> -1
2019-10-10 01:20:23,179 [pool-383-thread-1] INFO  server.RaftServerConfigKeys (ConfUtils.java:logGet(43)) - raft.server.snapshot.auto.trigger.enabled = true (custom)
2019-10-10 01:20:23,179 [pool-443-thread-1] INFO  impl.RaftServerImpl (RaftServerImpl.java:start(181)) - caa020d1-097b-43e7-bdbc-d34ea0fe7a1d@group-07E9FC00377E: start as a follower, conf=-1: [c9552ab5-5f1a-4fc4-b375-7aa22ad15d86:192.168.164.234:42083, 588188f5-911b-4b0e-a971-2291f80ae357:192.168.164.234:37967, caa020d1-097b-43e7-bdbc-d34ea0fe7a1d:192.168.164.234:38653], old=null
2019-10-10 01:20:23,179 [pool-383-thread-1] INFO  server.RaftServerConfigKeys (ConfUtils.java:logGet(43)) - raft.server.snapshot.auto.trigger.threshold = 10000 (custom)
2019-10-10 01:20:23,179 [pool-443-thread-1] INFO  impl.RaftServerImpl (RaftServerImpl.java:setRole(170)) - caa020d1-097b-43e7-bdbc-d34ea0fe7a1d@group-07E9FC00377E: changes role from      null to FOLLOWER at term 0 for startAsFollower
2019-10-10 01:20:23,180 [pool-383-thread-1] INFO  server.RaftServerConfigKeys (ConfUtils.java:logGet(43)) - raft.server.snapshot.retention.file.num = 5 (custom)
2019-10-10 01:20:23,180 [pool-443-thread-1] INFO  impl.RoleInfo (RoleInfo.java:updateAndGet(143)) - caa020d1-097b-43e7-bdbc-d34ea0fe7a1d: start FollowerState
2019-10-10 01:20:23,180 [pool-403-thread-1] INFO  impl.RaftServerImpl (RaftServerImpl.java:start(181)) - 588188f5-911b-4b0e-a971-2291f80ae357@group-07E9FC00377E: start as a follower, conf=-1: [c9552ab5-5f1a-4fc4-b375-7aa22ad15d86:192.168.164.234:42083, 588188f5-911b-4b0e-a971-2291f80ae357:192.168.164.234:37967, caa020d1-097b-43e7-bdbc-d34ea0fe7a1d:192.168.164.234:38653], old=null
2019-10-10 01:20:23,180 [pool-383-thread-1] INFO  server.RaftServerConfigKeys (ConfUtils.java:logGet(43)) - raft.server.retrycache.expirytime = 600000ms (custom)
2019-10-10 01:20:23,180 [pool-443-thread-1] INFO  util.JmxRegister (JmxRegister.java:tryRegister(44)) - Successfully registered JMX Bean with object name Ratis:service=RaftServer,group=group-07E9FC00377E,id=caa020d1-097b-43e7-bdbc-d34ea0fe7a1d
2019-10-10 01:20:23,180 [pool-403-thread-1] INFO  impl.RaftServerImpl (RaftServerImpl.java:setRole(170)) - 588188f5-911b-4b0e-a971-2291f80ae357@group-07E9FC00377E: changes role from      null to FOLLOWER at term 0 for startAsFollower
2019-10-10 01:20:23,181 [pool-403-thread-1] INFO  impl.RoleInfo (RoleInfo.java:updateAndGet(143)) - 588188f5-911b-4b0e-a971-2291f80ae357: start FollowerState
2019-10-10 01:20:23,181 [pool-403-thread-1] INFO  util.JmxRegister (JmxRegister.java:tryRegister(44)) - Successfully registered JMX Bean with object name Ratis:service=RaftServer,group=group-07E9FC00377E,id=588188f5-911b-4b0e-a971-2291f80ae357
2019-10-10 01:20:23,185 [pool-383-thread-1] INFO  impl.RaftServerImpl (RaftServerImpl.java:start(181)) - c9552ab5-5f1a-4fc4-b375-7aa22ad15d86@group-07E9FC00377E: start as a follower, conf=-1: [c9552ab5-5f1a-4fc4-b375-7aa22ad15d86:192.168.164.234:42083, 588188f5-911b-4b0e-a971-2291f80ae357:192.168.164.234:37967, caa020d1-097b-43e7-bdbc-d34ea0fe7a1d:192.168.164.234:38653], old=null
2019-10-10 01:20:23,186 [pool-383-thread-1] INFO  impl.RaftServerImpl (RaftServerImpl.java:setRole(170)) - c9552ab5-5f1a-4fc4-b375-7aa22ad15d86@group-07E9FC00377E: changes role from      null to FOLLOWER at term 0 for startAsFollower
2019-10-10 01:20:23,186 [pool-383-thread-1] INFO  impl.RoleInfo (RoleInfo.java:updateAndGet(143)) - c9552ab5-5f1a-4fc4-b375-7aa22ad15d86: start FollowerState
2019-10-10 01:20:23,186 [pool-383-thread-1] INFO  util.JmxRegister (JmxRegister.java:tryRegister(44)) - Successfully registered JMX Bean with object name Ratis:service=RaftServer,group=group-07E9FC00377E,id=c9552ab5-5f1a-4fc4-b375-7aa22ad15d86
2019-10-10 01:20:23,191 [RatisPipelineUtilsThread] INFO  pipeline.PipelineStateManager (PipelineStateManager.java:addPipeline(56)) - Created pipeline Pipeline[ Id: 936672ab-8444-4658-b651-07e9fc00377e, Nodes: 588188f5-911b-4b0e-a971-2291f80ae357{ip: 192.168.164.234, host: pr-hdds-2181-sndvk-718193549, networkLocation: /default-rack, certSerialId: null}caa020d1-097b-43e7-bdbc-d34ea0fe7a1d{ip: 192.168.164.234, host: pr-hdds-2181-sndvk-718193549, networkLocation: /default-rack, certSerialId: null}c9552ab5-5f1a-4fc4-b375-7aa22ad15d86{ip: 192.168.164.234, host: pr-hdds-2181-sndvk-718193549, networkLocation: /default-rack, certSerialId: null}, Type:RATIS, Factor:THREE, State:OPEN]
2019-10-10 01:20:25,438 [Thread-2298] INFO  container.ReplicationManager (ReplicationManager.java:start(162)) - Starting Replication Monitor Thread.
2019-10-10 01:20:25,442 [ReplicationMonitor] INFO  container.ReplicationManager (ReplicationManager.java:run(225)) - Replication Monitor Thread took 0 milliseconds for processing 1 containers.
2019-10-10 01:20:27,543 [Thread-2300] INFO  impl.FollowerState (FollowerState.java:run(108)) - c9552ab5-5f1a-4fc4-b375-7aa22ad15d86@group-C217D352327F-FollowerState: change to CANDIDATE, lastRpcTime:5020ms, electionTimeout:5020ms
2019-10-10 01:20:27,544 [Thread-2300] INFO  impl.RoleInfo (RoleInfo.java:shutdownFollowerState(121)) - c9552ab5-5f1a-4fc4-b375-7aa22ad15d86: shutdown FollowerState
2019-10-10 01:20:27,544 [Thread-2300] INFO  impl.RaftServerImpl (RaftServerImpl.java:setRole(170)) - c9552ab5-5f1a-4fc4-b375-7aa22ad15d86@group-C217D352327F: changes role from  FOLLOWER to CANDIDATE at term 0 for changeToCandidate
2019-10-10 01:20:27,545 [Thread-2300] INFO  impl.RoleInfo (RoleInfo.java:updateAndGet(143)) - c9552ab5-5f1a-4fc4-b375-7aa22ad15d86: start LeaderElection
2019-10-10 01:20:27,585 [c9552ab5-5f1a-4fc4-b375-7aa22ad15d86@group-C217D352327F-LeaderElection60] INFO  impl.LeaderElection (LeaderElection.java:askForVotes(178)) - c9552ab5-5f1a-4fc4-b375-7aa22ad15d86@group-C217D352327F-LeaderElection60: begin an election at term 1 for -1: [c9552ab5-5f1a-4fc4-b375-7aa22ad15d86:192.168.164.234:42083], old=null
2019-10-10 01:20:27,585 [c9552ab5-5f1a-4fc4-b375-7aa22ad15d86@group-C217D352327F-LeaderElection60] INFO  impl.RoleInfo (RoleInfo.java:shutdownLeaderElection(134)) - c9552ab5-5f1a-4fc4-b375-7aa22ad15d86: shutdown LeaderElection
2019-10-10 01:20:27,585 [c9552ab5-5f1a-4fc4-b375-7aa22ad15d86@group-C217D352327F-LeaderElection60] INFO  impl.RaftServerImpl (RaftServerImpl.java:setRole(170)) - c9552ab5-5f1a-4fc4-b375-7aa22ad15d86@group-C217D352327F: changes role from CANDIDATE to LEADER at term 1 for changeToLeader
2019-10-10 01:20:27,586 [c9552ab5-5f1a-4fc4-b375-7aa22ad15d86@group-C217D352327F-LeaderElection60] INFO  impl.RaftServerImpl (ServerState.java:setLeader(255)) - c9552ab5-5f1a-4fc4-b375-7aa22ad15d86@group-C217D352327F: change Leader from null to c9552ab5-5f1a-4fc4-b375-7aa22ad15d86 at term 1 for becomeLeader, leader elected after 5075ms
2019-10-10 01:20:27,586 [c9552ab5-5f1a-4fc4-b375-7aa22ad15d86@group-C217D352327F-LeaderElection60] INFO  server.RaftServerConfigKeys (ConfUtils.java:logGet(43)) - raft.server.staging.catchup.gap = 1000 (default)
2019-10-10 01:20:27,586 [c9552ab5-5f1a-4fc4-b375-7aa22ad15d86@group-C217D352327F-LeaderElection60] INFO  server.RaftServerConfigKeys (ConfUtils.java:logGet(43)) - raft.server.rpc.sleep.time = 25ms (default)
2019-10-10 01:20:27,587 [c9552ab5-5f1a-4fc4-b375-7aa22ad15d86@group-C217D352327F-LeaderElection60] INFO  server.RaftServerConfigKeys (ConfUtils.java:logGet(43)) - raft.server.write.element-limit = 4096 (default)
2019-10-10 01:20:27,587 [c9552ab5-5f1a-4fc4-b375-7aa22ad15d86@group-C217D352327F-LeaderElection60] INFO  server.RaftServerConfigKeys (ConfUtils.java:logGet(43)) - raft.server.watch.timeout = 10s (default)
2019-10-10 01:20:27,587 [c9552ab5-5f1a-4fc4-b375-7aa22ad15d86@group-C217D352327F-LeaderElection60] INFO  server.RaftServerConfigKeys (ConfUtils.java:logGet(43)) - raft.server.watch.timeout.denomination = 1s (default)
2019-10-10 01:20:27,587 [c9552ab5-5f1a-4fc4-b375-7aa22ad15d86@group-C217D352327F-LeaderElection60] INFO  server.RaftServerConfigKeys (ConfUtils.java:logGet(43)) - raft.server.watch.element-limit = 65536 (default)
2019-10-10 01:20:27,591 [c9552ab5-5f1a-4fc4-b375-7aa22ad15d86@group-C217D352327F-LeaderElection60] INFO  impl.RoleInfo (RoleInfo.java:updateAndGet(143)) - c9552ab5-5f1a-4fc4-b375-7aa22ad15d86: start LeaderState
2019-10-10 01:20:27,592 [c9552ab5-5f1a-4fc4-b375-7aa22ad15d86@group-C217D352327F-LeaderElection60] INFO  segmented.SegmentedRaftLogWorker (SegmentedRaftLogWorker.java:startLogSegment(385)) - c9552ab5-5f1a-4fc4-b375-7aa22ad15d86@group-C217D352327F-SegmentedRaftLogWorker: Starting segment from index:0
2019-10-10 01:20:27,593 [c9552ab5-5f1a-4fc4-b375-7aa22ad15d86@group-C217D352327F-LeaderElection60] INFO  impl.RaftServerImpl (ServerState.java:setRaftConf(356)) - c9552ab5-5f1a-4fc4-b375-7aa22ad15d86@group-C217D352327F: set configuration 0: [c9552ab5-5f1a-4fc4-b375-7aa22ad15d86:192.168.164.234:42083], old=null at 0
2019-10-10 01:20:27,652 [c9552ab5-5f1a-4fc4-b375-7aa22ad15d86@group-C217D352327F-SegmentedRaftLogWorker] INFO  segmented.SegmentedRaftLogWorker (SegmentedRaftLogWorker.java:execute(574)) - c9552ab5-5f1a-4fc4-b375-7aa22ad15d86@group-C217D352327F-SegmentedRaftLogWorker: created new log segment /workdir/hadoop-ozone/integration-test/target/test-dir/MiniOzoneClusterImpl-01b1a667-9da5-47bb-9e78-cb1676f03331/datanode-0/data/ratis/78460402-5075-4c79-be15-c217d352327f/current/log_inprogress_0
2019-10-10 01:20:27,770 [Thread-2306] INFO  impl.FollowerState (FollowerState.java:run(108)) - 766c14c5-5cb5-41bc-8207-7614765910d0@group-E87F4541BC3B-FollowerState: change to CANDIDATE, lastRpcTime:5093ms, electionTimeout:5093ms
2019-10-10 01:20:27,770 [Thread-2306] INFO  impl.RoleInfo (RoleInfo.java:shutdownFollowerState(121)) - 766c14c5-5cb5-41bc-8207-7614765910d0: shutdown FollowerState
2019-10-10 01:20:27,770 [Thread-2306] INFO  impl.RaftServerImpl (RaftServerImpl.java:setRole(170)) - 766c14c5-5cb5-41bc-8207-7614765910d0@group-E87F4541BC3B: changes role from  FOLLOWER to CANDIDATE at term 0 for changeToCandidate
2019-10-10 01:20:27,770 [Thread-2306] INFO  impl.RoleInfo (RoleInfo.java:updateAndGet(143)) - 766c14c5-5cb5-41bc-8207-7614765910d0: start LeaderElection
2019-10-10 01:20:27,796 [Thread-2303] INFO  impl.FollowerState (FollowerState.java:run(108)) - a0e49052-281e-4dd3-8f50-b5fa6f1d224b@group-7F8ED7557C32-FollowerState: change to CANDIDATE, lastRpcTime:5192ms, electionTimeout:5192ms
2019-10-10 01:20:27,796 [Thread-2303] INFO  impl.RoleInfo (RoleInfo.java:shutdownFollowerState(121)) - a0e49052-281e-4dd3-8f50-b5fa6f1d224b: shutdown FollowerState
2019-10-10 01:20:27,796 [Thread-2303] INFO  impl.RaftServerImpl (RaftServerImpl.java:setRole(170)) - a0e49052-281e-4dd3-8f50-b5fa6f1d224b@group-7F8ED7557C32: changes role from  FOLLOWER to CANDIDATE at term 0 for changeToCandidate
2019-10-10 01:20:27,796 [Thread-2303] INFO  impl.RoleInfo (RoleInfo.java:updateAndGet(143)) - a0e49052-281e-4dd3-8f50-b5fa6f1d224b: start LeaderElection
2019-10-10 01:20:27,805 [766c14c5-5cb5-41bc-8207-7614765910d0@group-E87F4541BC3B-LeaderElection61] INFO  impl.LeaderElection (LeaderElection.java:askForVotes(178)) - 766c14c5-5cb5-41bc-8207-7614765910d0@group-E87F4541BC3B-LeaderElection61: begin an election at term 1 for -1: [766c14c5-5cb5-41bc-8207-7614765910d0:192.168.164.234:36578], old=null
2019-10-10 01:20:27,805 [766c14c5-5cb5-41bc-8207-7614765910d0@group-E87F4541BC3B-LeaderElection61] INFO  impl.RoleInfo (RoleInfo.java:shutdownLeaderElection(134)) - 766c14c5-5cb5-41bc-8207-7614765910d0: shutdown LeaderElection
2019-10-10 01:20:27,806 [766c14c5-5cb5-41bc-8207-7614765910d0@group-E87F4541BC3B-LeaderElection61] INFO  impl.RaftServerImpl (RaftServerImpl.java:setRole(170)) - 766c14c5-5cb5-41bc-8207-7614765910d0@group-E87F4541BC3B: changes role from CANDIDATE to LEADER at term 1 for changeToLeader
2019-10-10 01:20:27,806 [766c14c5-5cb5-41bc-8207-7614765910d0@group-E87F4541BC3B-LeaderElection61] INFO  impl.RaftServerImpl (ServerState.java:setLeader(255)) - 766c14c5-5cb5-41bc-8207-7614765910d0@group-E87F4541BC3B: change Leader from null to 766c14c5-5cb5-41bc-8207-7614765910d0 at term 1 for becomeLeader, leader elected after 5136ms
2019-10-10 01:20:27,806 [766c14c5-5cb5-41bc-8207-7614765910d0@group-E87F4541BC3B-LeaderElection61] INFO  server.RaftServerConfigKeys (ConfUtils.java:logGet(43)) - raft.server.staging.catchup.gap = 1000 (default)
2019-10-10 01:20:27,806 [766c14c5-5cb5-41bc-8207-7614765910d0@group-E87F4541BC3B-LeaderElection61] INFO  server.RaftServerConfigKeys (ConfUtils.java:logGet(43)) - raft.server.rpc.sleep.time = 25ms (default)
2019-10-10 01:20:27,807 [766c14c5-5cb5-41bc-8207-7614765910d0@group-E87F4541BC3B-LeaderElection61] INFO  server.RaftServerConfigKeys (ConfUtils.java:logGet(43)) - raft.server.write.element-limit = 4096 (default)
2019-10-10 01:20:27,807 [766c14c5-5cb5-41bc-8207-7614765910d0@group-E87F4541BC3B-LeaderElection61] INFO  server.RaftServerConfigKeys (ConfUtils.java:logGet(43)) - raft.server.watch.timeout = 10s (default)
2019-10-10 01:20:27,807 [766c14c5-5cb5-41bc-8207-7614765910d0@group-E87F4541BC3B-LeaderElection61] INFO  server.RaftServerConfigKeys (ConfUtils.java:logGet(43)) - raft.server.watch.timeout.denomination = 1s (default)
2019-10-10 01:20:27,807 [766c14c5-5cb5-41bc-8207-7614765910d0@group-E87F4541BC3B-LeaderElection61] INFO  server.RaftServerConfigKeys (ConfUtils.java:logGet(43)) - raft.server.watch.element-limit = 65536 (default)
2019-10-10 01:20:27,810 [766c14c5-5cb5-41bc-8207-7614765910d0@group-E87F4541BC3B-LeaderElection61] INFO  impl.RoleInfo (RoleInfo.java:updateAndGet(143)) - 766c14c5-5cb5-41bc-8207-7614765910d0: start LeaderState
2019-10-10 01:20:27,810 [766c14c5-5cb5-41bc-8207-7614765910d0@group-E87F4541BC3B-LeaderElection61] INFO  segmented.SegmentedRaftLogWorker (SegmentedRaftLogWorker.java:startLogSegment(385)) - 766c14c5-5cb5-41bc-8207-7614765910d0@group-E87F4541BC3B-SegmentedRaftLogWorker: Starting segment from index:0
2019-10-10 01:20:27,811 [766c14c5-5cb5-41bc-8207-7614765910d0@group-E87F4541BC3B-LeaderElection61] INFO  impl.RaftServerImpl (ServerState.java:setRaftConf(356)) - 766c14c5-5cb5-41bc-8207-7614765910d0@group-E87F4541BC3B: set configuration 0: [766c14c5-5cb5-41bc-8207-7614765910d0:192.168.164.234:36578], old=null at 0
2019-10-10 01:20:27,819 [a0e49052-281e-4dd3-8f50-b5fa6f1d224b@group-7F8ED7557C32-LeaderElection62] INFO  impl.LeaderElection (LeaderElection.java:askForVotes(178)) - a0e49052-281e-4dd3-8f50-b5fa6f1d224b@group-7F8ED7557C32-LeaderElection62: begin an election at term 1 for -1: [a0e49052-281e-4dd3-8f50-b5fa6f1d224b:192.168.164.234:32895], old=null
2019-10-10 01:20:27,819 [a0e49052-281e-4dd3-8f50-b5fa6f1d224b@group-7F8ED7557C32-LeaderElection62] INFO  impl.RoleInfo (RoleInfo.java:shutdownLeaderElection(134)) - a0e49052-281e-4dd3-8f50-b5fa6f1d224b: shutdown LeaderElection
2019-10-10 01:20:27,819 [a0e49052-281e-4dd3-8f50-b5fa6f1d224b@group-7F8ED7557C32-LeaderElection62] INFO  impl.RaftServerImpl (RaftServerImpl.java:setRole(170)) - a0e49052-281e-4dd3-8f50-b5fa6f1d224b@group-7F8ED7557C32: changes role from CANDIDATE to LEADER at term 1 for changeToLeader
2019-10-10 01:20:27,820 [a0e49052-281e-4dd3-8f50-b5fa6f1d224b@group-7F8ED7557C32-LeaderElection62] INFO  impl.RaftServerImpl (ServerState.java:setLeader(255)) - a0e49052-281e-4dd3-8f50-b5fa6f1d224b@group-7F8ED7557C32: change Leader from null to a0e49052-281e-4dd3-8f50-b5fa6f1d224b at term 1 for becomeLeader, leader elected after 5225ms
2019-10-10 01:20:27,820 [a0e49052-281e-4dd3-8f50-b5fa6f1d224b@group-7F8ED7557C32-LeaderElection62] INFO  server.RaftServerConfigKeys (ConfUtils.java:logGet(43)) - raft.server.staging.catchup.gap = 1000 (default)
2019-10-10 01:20:27,820 [a0e49052-281e-4dd3-8f50-b5fa6f1d224b@group-7F8ED7557C32-LeaderElection62] INFO  server.RaftServerConfigKeys (ConfUtils.java:logGet(43)) - raft.server.rpc.sleep.time = 25ms (default)
2019-10-10 01:20:27,820 [a0e49052-281e-4dd3-8f50-b5fa6f1d224b@group-7F8ED7557C32-LeaderElection62] INFO  server.RaftServerConfigKeys (ConfUtils.java:logGet(43)) - raft.server.write.element-limit = 4096 (default)
2019-10-10 01:20:27,820 [a0e49052-281e-4dd3-8f50-b5fa6f1d224b@group-7F8ED7557C32-LeaderElection62] INFO  server.RaftServerConfigKeys (ConfUtils.java:logGet(43)) - raft.server.watch.timeout = 10s (default)
2019-10-10 01:20:27,820 [a0e49052-281e-4dd3-8f50-b5fa6f1d224b@group-7F8ED7557C32-LeaderElection62] INFO  server.RaftServerConfigKeys (ConfUtils.java:logGet(43)) - raft.server.watch.timeout.denomination = 1s (default)
2019-10-10 01:20:27,821 [a0e49052-281e-4dd3-8f50-b5fa6f1d224b@group-7F8ED7557C32-LeaderElection62] INFO  server.RaftServerConfigKeys (ConfUtils.java:logGet(43)) - raft.server.watch.element-limit = 65536 (default)
2019-10-10 01:20:27,823 [a0e49052-281e-4dd3-8f50-b5fa6f1d224b@group-7F8ED7557C32-LeaderElection62] INFO  impl.RoleInfo (RoleInfo.java:updateAndGet(143)) - a0e49052-281e-4dd3-8f50-b5fa6f1d224b: start LeaderState
2019-10-10 01:20:27,823 [a0e49052-281e-4dd3-8f50-b5fa6f1d224b@group-7F8ED7557C32-LeaderElection62] INFO  segmented.SegmentedRaftLogWorker (SegmentedRaftLogWorker.java:startLogSegment(385)) - a0e49052-281e-4dd3-8f50-b5fa6f1d224b@group-7F8ED7557C32-SegmentedRaftLogWorker: Starting segment from index:0
2019-10-10 01:20:27,824 [a0e49052-281e-4dd3-8f50-b5fa6f1d224b@group-7F8ED7557C32-LeaderElection62] INFO  impl.RaftServerImpl (ServerState.java:setRaftConf(356)) - a0e49052-281e-4dd3-8f50-b5fa6f1d224b@group-7F8ED7557C32: set configuration 0: [a0e49052-281e-4dd3-8f50-b5fa6f1d224b:192.168.164.234:32895], old=null at 0
2019-10-10 01:20:27,837 [Thread-2309] INFO  impl.FollowerState (FollowerState.java:run(108)) - 32b13c6d-f91a-4144-84ce-062836d40646@group-949D1D5A6A6E-FollowerState: change to CANDIDATE, lastRpcTime:5084ms, electionTimeout:5084ms
2019-10-10 01:20:27,837 [Thread-2309] INFO  impl.RoleInfo (RoleInfo.java:shutdownFollowerState(121)) - 32b13c6d-f91a-4144-84ce-062836d40646: shutdown FollowerState
2019-10-10 01:20:27,837 [Thread-2309] INFO  impl.RaftServerImpl (RaftServerImpl.java:setRole(170)) - 32b13c6d-f91a-4144-84ce-062836d40646@group-949D1D5A6A6E: changes role from  FOLLOWER to CANDIDATE at term 0 for changeToCandidate
2019-10-10 01:20:27,837 [Thread-2309] INFO  impl.RoleInfo (RoleInfo.java:updateAndGet(143)) - 32b13c6d-f91a-4144-84ce-062836d40646: start LeaderElection
2019-10-10 01:20:27,878 [a0e49052-281e-4dd3-8f50-b5fa6f1d224b@group-7F8ED7557C32-SegmentedRaftLogWorker] INFO  segmented.SegmentedRaftLogWorker (SegmentedRaftLogWorker.java:execute(574)) - a0e49052-281e-4dd3-8f50-b5fa6f1d224b@group-7F8ED7557C32-SegmentedRaftLogWorker: created new log segment /workdir/hadoop-ozone/integration-test/target/test-dir/MiniOzoneClusterImpl-01b1a667-9da5-47bb-9e78-cb1676f03331/datanode-1/data/ratis/96d07a67-9e42-4446-ad20-7f8ed7557c32/current/log_inprogress_0
2019-10-10 01:20:27,878 [32b13c6d-f91a-4144-84ce-062836d40646@group-949D1D5A6A6E-LeaderElection63] INFO  impl.LeaderElection (LeaderElection.java:askForVotes(178)) - 32b13c6d-f91a-4144-84ce-062836d40646@group-949D1D5A6A6E-LeaderElection63: begin an election at term 1 for -1: [32b13c6d-f91a-4144-84ce-062836d40646:192.168.164.234:40671], old=null
2019-10-10 01:20:27,878 [766c14c5-5cb5-41bc-8207-7614765910d0@group-E87F4541BC3B-SegmentedRaftLogWorker] INFO  segmented.SegmentedRaftLogWorker (SegmentedRaftLogWorker.java:execute(574)) - 766c14c5-5cb5-41bc-8207-7614765910d0@group-E87F4541BC3B-SegmentedRaftLogWorker: created new log segment /workdir/hadoop-ozone/integration-test/target/test-dir/MiniOzoneClusterImpl-01b1a667-9da5-47bb-9e78-cb1676f03331/datanode-3/data/ratis/8b9e79ab-b246-4efb-a4c0-e87f4541bc3b/current/log_inprogress_0
2019-10-10 01:20:27,878 [32b13c6d-f91a-4144-84ce-062836d40646@group-949D1D5A6A6E-LeaderElection63] INFO  impl.RoleInfo (RoleInfo.java:shutdownLeaderElection(134)) - 32b13c6d-f91a-4144-84ce-062836d40646: shutdown LeaderElection
2019-10-10 01:20:27,878 [32b13c6d-f91a-4144-84ce-062836d40646@group-949D1D5A6A6E-LeaderElection63] INFO  impl.RaftServerImpl (RaftServerImpl.java:setRole(170)) - 32b13c6d-f91a-4144-84ce-062836d40646@group-949D1D5A6A6E: changes role from CANDIDATE to LEADER at term 1 for changeToLeader
2019-10-10 01:20:27,878 [32b13c6d-f91a-4144-84ce-062836d40646@group-949D1D5A6A6E-LeaderElection63] INFO  impl.RaftServerImpl (ServerState.java:setLeader(255)) - 32b13c6d-f91a-4144-84ce-062836d40646@group-949D1D5A6A6E: change Leader from null to 32b13c6d-f91a-4144-84ce-062836d40646 at term 1 for becomeLeader, leader elected after 5132ms
2019-10-10 01:20:27,878 [32b13c6d-f91a-4144-84ce-062836d40646@group-949D1D5A6A6E-LeaderElection63] INFO  server.RaftServerConfigKeys (ConfUtils.java:logGet(43)) - raft.server.staging.catchup.gap = 1000 (default)
2019-10-10 01:20:27,879 [32b13c6d-f91a-4144-84ce-062836d40646@group-949D1D5A6A6E-LeaderElection63] INFO  server.RaftServerConfigKeys (ConfUtils.java:logGet(43)) - raft.server.rpc.sleep.time = 25ms (default)
2019-10-10 01:20:27,879 [32b13c6d-f91a-4144-84ce-062836d40646@group-949D1D5A6A6E-LeaderElection63] INFO  server.RaftServerConfigKeys (ConfUtils.java:logGet(43)) - raft.server.write.element-limit = 4096 (default)
2019-10-10 01:20:27,879 [32b13c6d-f91a-4144-84ce-062836d40646@group-949D1D5A6A6E-LeaderElection63] INFO  server.RaftServerConfigKeys (ConfUtils.java:logGet(43)) - raft.server.watch.timeout = 10s (default)
2019-10-10 01:20:27,879 [32b13c6d-f91a-4144-84ce-062836d40646@group-949D1D5A6A6E-LeaderElection63] INFO  server.RaftServerConfigKeys (ConfUtils.java:logGet(43)) - raft.server.watch.timeout.denomination = 1s (default)
2019-10-10 01:20:27,879 [32b13c6d-f91a-4144-84ce-062836d40646@group-949D1D5A6A6E-LeaderElection63] INFO  server.RaftServerConfigKeys (ConfUtils.java:logGet(43)) - raft.server.watch.element-limit = 65536 (default)
2019-10-10 01:20:27,881 [32b13c6d-f91a-4144-84ce-062836d40646@group-949D1D5A6A6E-LeaderElection63] INFO  impl.RoleInfo (RoleInfo.java:updateAndGet(143)) - 32b13c6d-f91a-4144-84ce-062836d40646: start LeaderState
2019-10-10 01:20:27,881 [32b13c6d-f91a-4144-84ce-062836d40646@group-949D1D5A6A6E-LeaderElection63] INFO  segmented.SegmentedRaftLogWorker (SegmentedRaftLogWorker.java:startLogSegment(385)) - 32b13c6d-f91a-4144-84ce-062836d40646@group-949D1D5A6A6E-SegmentedRaftLogWorker: Starting segment from index:0
2019-10-10 01:20:27,881 [32b13c6d-f91a-4144-84ce-062836d40646@group-949D1D5A6A6E-LeaderElection63] INFO  impl.RaftServerImpl (ServerState.java:setRaftConf(356)) - 32b13c6d-f91a-4144-84ce-062836d40646@group-949D1D5A6A6E: set configuration 0: [32b13c6d-f91a-4144-84ce-062836d40646:192.168.164.234:40671], old=null at 0
2019-10-10 01:20:27,936 [32b13c6d-f91a-4144-84ce-062836d40646@group-949D1D5A6A6E-SegmentedRaftLogWorker] INFO  segmented.SegmentedRaftLogWorker (SegmentedRaftLogWorker.java:execute(574)) - 32b13c6d-f91a-4144-84ce-062836d40646@group-949D1D5A6A6E-SegmentedRaftLogWorker: created new log segment /workdir/hadoop-ozone/integration-test/target/test-dir/MiniOzoneClusterImpl-01b1a667-9da5-47bb-9e78-cb1676f03331/datanode-4/data/ratis/f881692c-5c98-4818-99d8-949d1d5a6a6e/current/log_inprogress_0
2019-10-10 01:20:27,960 [Thread-2317] INFO  impl.FollowerState (FollowerState.java:run(108)) - caa020d1-097b-43e7-bdbc-d34ea0fe7a1d@group-4876B31415A2-FollowerState: change to CANDIDATE, lastRpcTime:5030ms, electionTimeout:5030ms
2019-10-10 01:20:27,960 [Thread-2317] INFO  impl.RoleInfo (RoleInfo.java:shutdownFollowerState(121)) - caa020d1-097b-43e7-bdbc-d34ea0fe7a1d: shutdown FollowerState
2019-10-10 01:20:27,961 [Thread-2317] INFO  impl.RaftServerImpl (RaftServerImpl.java:setRole(170)) - caa020d1-097b-43e7-bdbc-d34ea0fe7a1d@group-4876B31415A2: changes role from  FOLLOWER to CANDIDATE at term 0 for changeToCandidate
2019-10-10 01:20:27,961 [Thread-2317] INFO  impl.RoleInfo (RoleInfo.java:updateAndGet(143)) - caa020d1-097b-43e7-bdbc-d34ea0fe7a1d: start LeaderElection
2019-10-10 01:20:27,995 [caa020d1-097b-43e7-bdbc-d34ea0fe7a1d@group-4876B31415A2-LeaderElection64] INFO  impl.LeaderElection (LeaderElection.java:askForVotes(178)) - caa020d1-097b-43e7-bdbc-d34ea0fe7a1d@group-4876B31415A2-LeaderElection64: begin an election at term 1 for -1: [caa020d1-097b-43e7-bdbc-d34ea0fe7a1d:192.168.164.234:38653], old=null
2019-10-10 01:20:27,995 [caa020d1-097b-43e7-bdbc-d34ea0fe7a1d@group-4876B31415A2-LeaderElection64] INFO  impl.RoleInfo (RoleInfo.java:shutdownLeaderElection(134)) - caa020d1-097b-43e7-bdbc-d34ea0fe7a1d: shutdown LeaderElection
2019-10-10 01:20:27,996 [caa020d1-097b-43e7-bdbc-d34ea0fe7a1d@group-4876B31415A2-LeaderElection64] INFO  impl.RaftServerImpl (RaftServerImpl.java:setRole(170)) - caa020d1-097b-43e7-bdbc-d34ea0fe7a1d@group-4876B31415A2: changes role from CANDIDATE to LEADER at term 1 for changeToLeader
2019-10-10 01:20:27,996 [caa020d1-097b-43e7-bdbc-d34ea0fe7a1d@group-4876B31415A2-LeaderElection64] INFO  impl.RaftServerImpl (ServerState.java:setLeader(255)) - caa020d1-097b-43e7-bdbc-d34ea0fe7a1d@group-4876B31415A2: change Leader from null to caa020d1-097b-43e7-bdbc-d34ea0fe7a1d at term 1 for becomeLeader, leader elected after 5073ms
2019-10-10 01:20:27,996 [caa020d1-097b-43e7-bdbc-d34ea0fe7a1d@group-4876B31415A2-LeaderElection64] INFO  server.RaftServerConfigKeys (ConfUtils.java:logGet(43)) - raft.server.staging.catchup.gap = 1000 (default)
2019-10-10 01:20:27,996 [caa020d1-097b-43e7-bdbc-d34ea0fe7a1d@group-4876B31415A2-LeaderElection64] INFO  server.RaftServerConfigKeys (ConfUtils.java:logGet(43)) - raft.server.rpc.sleep.time = 25ms (default)
2019-10-10 01:20:27,996 [caa020d1-097b-43e7-bdbc-d34ea0fe7a1d@group-4876B31415A2-LeaderElection64] INFO  server.RaftServerConfigKeys (ConfUtils.java:logGet(43)) - raft.server.write.element-limit = 4096 (default)
2019-10-10 01:20:27,996 [caa020d1-097b-43e7-bdbc-d34ea0fe7a1d@group-4876B31415A2-LeaderElection64] INFO  server.RaftServerConfigKeys (ConfUtils.java:logGet(43)) - raft.server.watch.timeout = 10s (default)
2019-10-10 01:20:27,996 [caa020d1-097b-43e7-bdbc-d34ea0fe7a1d@group-4876B31415A2-LeaderElection64] INFO  server.RaftServerConfigKeys (ConfUtils.java:logGet(43)) - raft.server.watch.timeout.denomination = 1s (default)
2019-10-10 01:20:27,997 [caa020d1-097b-43e7-bdbc-d34ea0fe7a1d@group-4876B31415A2-LeaderElection64] INFO  server.RaftServerConfigKeys (ConfUtils.java:logGet(43)) - raft.server.watch.element-limit = 65536 (default)
2019-10-10 01:20:27,998 [caa020d1-097b-43e7-bdbc-d34ea0fe7a1d@group-4876B31415A2-LeaderElection64] INFO  impl.RoleInfo (RoleInfo.java:updateAndGet(143)) - caa020d1-097b-43e7-bdbc-d34ea0fe7a1d: start LeaderState
2019-10-10 01:20:27,999 [caa020d1-097b-43e7-bdbc-d34ea0fe7a1d@group-4876B31415A2-LeaderElection64] INFO  segmented.SegmentedRaftLogWorker (SegmentedRaftLogWorker.java:startLogSegment(385)) - caa020d1-097b-43e7-bdbc-d34ea0fe7a1d@group-4876B31415A2-SegmentedRaftLogWorker: Starting segment from index:0
2019-10-10 01:20:27,999 [caa020d1-097b-43e7-bdbc-d34ea0fe7a1d@group-4876B31415A2-LeaderElection64] INFO  impl.RaftServerImpl (ServerState.java:setRaftConf(356)) - caa020d1-097b-43e7-bdbc-d34ea0fe7a1d@group-4876B31415A2: set configuration 0: [caa020d1-097b-43e7-bdbc-d34ea0fe7a1d:192.168.164.234:38653], old=null at 0
2019-10-10 01:20:28,018 [Thread-2314] INFO  impl.FollowerState (FollowerState.java:run(108)) - 588188f5-911b-4b0e-a971-2291f80ae357@group-28DD1D8A47AA-FollowerState: change to CANDIDATE, lastRpcTime:5179ms, electionTimeout:5179ms
2019-10-10 01:20:28,019 [Thread-2314] INFO  impl.RoleInfo (RoleInfo.java:shutdownFollowerState(121)) - 588188f5-911b-4b0e-a971-2291f80ae357: shutdown FollowerState
2019-10-10 01:20:28,019 [Thread-2314] INFO  impl.RaftServerImpl (RaftServerImpl.java:setRole(170)) - 588188f5-911b-4b0e-a971-2291f80ae357@group-28DD1D8A47AA: changes role from  FOLLOWER to CANDIDATE at term 0 for changeToCandidate
2019-10-10 01:20:28,019 [Thread-2314] INFO  impl.RoleInfo (RoleInfo.java:updateAndGet(143)) - 588188f5-911b-4b0e-a971-2291f80ae357: start LeaderElection
2019-10-10 01:20:28,062 [caa020d1-097b-43e7-bdbc-d34ea0fe7a1d@group-4876B31415A2-SegmentedRaftLogWorker] INFO  segmented.SegmentedRaftLogWorker (SegmentedRaftLogWorker.java:execute(574)) - caa020d1-097b-43e7-bdbc-d34ea0fe7a1d@group-4876B31415A2-SegmentedRaftLogWorker: created new log segment /workdir/hadoop-ozone/integration-test/target/test-dir/MiniOzoneClusterImpl-01b1a667-9da5-47bb-9e78-cb1676f03331/datanode-6/data/ratis/63b310dd-7a1d-45ea-9c48-4876b31415a2/current/log_inprogress_0
2019-10-10 01:20:28,062 [588188f5-911b-4b0e-a971-2291f80ae357@group-28DD1D8A47AA-LeaderElection65] INFO  impl.LeaderElection (LeaderElection.java:askForVotes(178)) - 588188f5-911b-4b0e-a971-2291f80ae357@group-28DD1D8A47AA-LeaderElection65: begin an election at term 1 for -1: [588188f5-911b-4b0e-a971-2291f80ae357:192.168.164.234:37967], old=null
2019-10-10 01:20:28,062 [588188f5-911b-4b0e-a971-2291f80ae357@group-28DD1D8A47AA-LeaderElection65] INFO  impl.RoleInfo (RoleInfo.java:shutdownLeaderElection(134)) - 588188f5-911b-4b0e-a971-2291f80ae357: shutdown LeaderElection
2019-10-10 01:20:28,063 [588188f5-911b-4b0e-a971-2291f80ae357@group-28DD1D8A47AA-LeaderElection65] INFO  impl.RaftServerImpl (RaftServerImpl.java:setRole(170)) - 588188f5-911b-4b0e-a971-2291f80ae357@group-28DD1D8A47AA: changes role from CANDIDATE to LEADER at term 1 for changeToLeader
2019-10-10 01:20:28,063 [588188f5-911b-4b0e-a971-2291f80ae357@group-28DD1D8A47AA-LeaderElection65] INFO  impl.RaftServerImpl (ServerState.java:setLeader(255)) - 588188f5-911b-4b0e-a971-2291f80ae357@group-28DD1D8A47AA: change Leader from null to 588188f5-911b-4b0e-a971-2291f80ae357 at term 1 for becomeLeader, leader elected after 5236ms
2019-10-10 01:20:28,063 [588188f5-911b-4b0e-a971-2291f80ae357@group-28DD1D8A47AA-LeaderElection65] INFO  server.RaftServerConfigKeys (ConfUtils.java:logGet(43)) - raft.server.staging.catchup.gap = 1000 (default)
2019-10-10 01:20:28,063 [588188f5-911b-4b0e-a971-2291f80ae357@group-28DD1D8A47AA-LeaderElection65] INFO  server.RaftServerConfigKeys (ConfUtils.java:logGet(43)) - raft.server.rpc.sleep.time = 25ms (default)
2019-10-10 01:20:28,063 [588188f5-911b-4b0e-a971-2291f80ae357@group-28DD1D8A47AA-LeaderElection65] INFO  server.RaftServerConfigKeys (ConfUtils.java:logGet(43)) - raft.server.write.element-limit = 4096 (default)
2019-10-10 01:20:28,063 [588188f5-911b-4b0e-a971-2291f80ae357@group-28DD1D8A47AA-LeaderElection65] INFO  server.RaftServerConfigKeys (ConfUtils.java:logGet(43)) - raft.server.watch.timeout = 10s (default)
2019-10-10 01:20:28,063 [588188f5-911b-4b0e-a971-2291f80ae357@group-28DD1D8A47AA-LeaderElection65] INFO  server.RaftServerConfigKeys (ConfUtils.java:logGet(43)) - raft.server.watch.timeout.denomination = 1s (default)
2019-10-10 01:20:28,064 [588188f5-911b-4b0e-a971-2291f80ae357@group-28DD1D8A47AA-LeaderElection65] INFO  server.RaftServerConfigKeys (ConfUtils.java:logGet(43)) - raft.server.watch.element-limit = 65536 (default)
2019-10-10 01:20:28,065 [588188f5-911b-4b0e-a971-2291f80ae357@group-28DD1D8A47AA-LeaderElection65] INFO  impl.RoleInfo (RoleInfo.java:updateAndGet(143)) - 588188f5-911b-4b0e-a971-2291f80ae357: start LeaderState
2019-10-10 01:20:28,066 [588188f5-911b-4b0e-a971-2291f80ae357@group-28DD1D8A47AA-LeaderElection65] INFO  segmented.SegmentedRaftLogWorker (SegmentedRaftLogWorker.java:startLogSegment(385)) - 588188f5-911b-4b0e-a971-2291f80ae357@group-28DD1D8A47AA-SegmentedRaftLogWorker: Starting segment from index:0
2019-10-10 01:20:28,066 [588188f5-911b-4b0e-a971-2291f80ae357@group-28DD1D8A47AA-LeaderElection65] INFO  impl.RaftServerImpl (ServerState.java:setRaftConf(356)) - 588188f5-911b-4b0e-a971-2291f80ae357@group-28DD1D8A47AA: set configuration 0: [588188f5-911b-4b0e-a971-2291f80ae357:192.168.164.234:37967], old=null at 0
2019-10-10 01:20:28,105 [Thread-2320] INFO  impl.FollowerState (FollowerState.java:run(108)) - c8c97245-5b75-4ab0-8c44-3709728ac050@group-14CA3F5F0339-FollowerState: change to CANDIDATE, lastRpcTime:5099ms, electionTimeout:5099ms
2019-10-10 01:20:28,105 [Thread-2320] INFO  impl.RoleInfo (RoleInfo.java:shutdownFollowerState(121)) - c8c97245-5b75-4ab0-8c44-3709728ac050: shutdown FollowerState
2019-10-10 01:20:28,105 [Thread-2320] INFO  impl.RaftServerImpl (RaftServerImpl.java:setRole(170)) - c8c97245-5b75-4ab0-8c44-3709728ac050@group-14CA3F5F0339: changes role from  FOLLOWER to CANDIDATE at term 0 for changeToCandidate
2019-10-10 01:20:28,105 [Thread-2320] INFO  impl.RoleInfo (RoleInfo.java:updateAndGet(143)) - c8c97245-5b75-4ab0-8c44-3709728ac050: start LeaderElection
2019-10-10 01:20:28,113 [588188f5-911b-4b0e-a971-2291f80ae357@group-28DD1D8A47AA-SegmentedRaftLogWorker] INFO  segmented.SegmentedRaftLogWorker (SegmentedRaftLogWorker.java:execute(574)) - 588188f5-911b-4b0e-a971-2291f80ae357@group-28DD1D8A47AA-SegmentedRaftLogWorker: created new log segment /workdir/hadoop-ozone/integration-test/target/test-dir/MiniOzoneClusterImpl-01b1a667-9da5-47bb-9e78-cb1676f03331/datanode-2/data/ratis/472b8ae2-521c-4045-9fd9-28dd1d8a47aa/current/log_inprogress_0
2019-10-10 01:20:28,138 [c8c97245-5b75-4ab0-8c44-3709728ac050@group-14CA3F5F0339-LeaderElection66] INFO  impl.LeaderElection (LeaderElection.java:askForVotes(178)) - c8c97245-5b75-4ab0-8c44-3709728ac050@group-14CA3F5F0339-LeaderElection66: begin an election at term 1 for -1: [c8c97245-5b75-4ab0-8c44-3709728ac050:192.168.164.234:36393], old=null
2019-10-10 01:20:28,138 [c8c97245-5b75-4ab0-8c44-3709728ac050@group-14CA3F5F0339-LeaderElection66] INFO  impl.RoleInfo (RoleInfo.java:shutdownLeaderElection(134)) - c8c97245-5b75-4ab0-8c44-3709728ac050: shutdown LeaderElection
2019-10-10 01:20:28,138 [Thread-2326] INFO  impl.FollowerState (FollowerState.java:run(108)) - 32b13c6d-f91a-4144-84ce-062836d40646@group-2EC7CCF7DE55-FollowerState: change to CANDIDATE, lastRpcTime:5047ms, electionTimeout:5047ms
2019-10-10 01:20:28,138 [c8c97245-5b75-4ab0-8c44-3709728ac050@group-14CA3F5F0339-LeaderElection66] INFO  impl.RaftServerImpl (RaftServerImpl.java:setRole(170)) - c8c97245-5b75-4ab0-8c44-3709728ac050@group-14CA3F5F0339: changes role from CANDIDATE to LEADER at term 1 for changeToLeader
2019-10-10 01:20:28,138 [Thread-2326] INFO  impl.RoleInfo (RoleInfo.java:shutdownFollowerState(121)) - 32b13c6d-f91a-4144-84ce-062836d40646: shutdown FollowerState
2019-10-10 01:20:28,138 [c8c97245-5b75-4ab0-8c44-3709728ac050@group-14CA3F5F0339-LeaderElection66] INFO  impl.RaftServerImpl (ServerState.java:setLeader(255)) - c8c97245-5b75-4ab0-8c44-3709728ac050@group-14CA3F5F0339: change Leader from null to c8c97245-5b75-4ab0-8c44-3709728ac050 at term 1 for becomeLeader, leader elected after 5140ms
2019-10-10 01:20:28,139 [Thread-2326] INFO  impl.RaftServerImpl (RaftServerImpl.java:setRole(170)) - 32b13c6d-f91a-4144-84ce-062836d40646@group-2EC7CCF7DE55: changes role from  FOLLOWER to CANDIDATE at term 0 for changeToCandidate
2019-10-10 01:20:28,139 [c8c97245-5b75-4ab0-8c44-3709728ac050@group-14CA3F5F0339-LeaderElection66] INFO  server.RaftServerConfigKeys (ConfUtils.java:logGet(43)) - raft.server.staging.catchup.gap = 1000 (default)
2019-10-10 01:20:28,139 [Thread-2326] INFO  impl.RoleInfo (RoleInfo.java:updateAndGet(143)) - 32b13c6d-f91a-4144-84ce-062836d40646: start LeaderElection
2019-10-10 01:20:28,139 [c8c97245-5b75-4ab0-8c44-3709728ac050@group-14CA3F5F0339-LeaderElection66] INFO  server.RaftServerConfigKeys (ConfUtils.java:logGet(43)) - raft.server.rpc.sleep.time = 25ms (default)
2019-10-10 01:20:28,139 [c8c97245-5b75-4ab0-8c44-3709728ac050@group-14CA3F5F0339-LeaderElection66] INFO  server.RaftServerConfigKeys (ConfUtils.java:logGet(43)) - raft.server.write.element-limit = 4096 (default)
2019-10-10 01:20:28,145 [c8c97245-5b75-4ab0-8c44-3709728ac050@group-14CA3F5F0339-LeaderElection66] INFO  server.RaftServerConfigKeys (ConfUtils.java:logGet(43)) - raft.server.watch.timeout = 10s (default)
2019-10-10 01:20:28,145 [c8c97245-5b75-4ab0-8c44-3709728ac050@group-14CA3F5F0339-LeaderElection66] INFO  server.RaftServerConfigKeys (ConfUtils.java:logGet(43)) - raft.server.watch.timeout.denomination = 1s (default)
2019-10-10 01:20:28,145 [c8c97245-5b75-4ab0-8c44-3709728ac050@group-14CA3F5F0339-LeaderElection66] INFO  server.RaftServerConfigKeys (ConfUtils.java:logGet(43)) - raft.server.watch.element-limit = 65536 (default)
2019-10-10 01:20:28,147 [c8c97245-5b75-4ab0-8c44-3709728ac050@group-14CA3F5F0339-LeaderElection66] INFO  impl.RoleInfo (RoleInfo.java:updateAndGet(143)) - c8c97245-5b75-4ab0-8c44-3709728ac050: start LeaderState
2019-10-10 01:20:28,147 [c8c97245-5b75-4ab0-8c44-3709728ac050@group-14CA3F5F0339-LeaderElection66] INFO  segmented.SegmentedRaftLogWorker (SegmentedRaftLogWorker.java:startLogSegment(385)) - c8c97245-5b75-4ab0-8c44-3709728ac050@group-14CA3F5F0339-SegmentedRaftLogWorker: Starting segment from index:0
2019-10-10 01:20:28,148 [c8c97245-5b75-4ab0-8c44-3709728ac050@group-14CA3F5F0339-LeaderElection66] INFO  impl.RaftServerImpl (ServerState.java:setRaftConf(356)) - c8c97245-5b75-4ab0-8c44-3709728ac050@group-14CA3F5F0339: set configuration 0: [c8c97245-5b75-4ab0-8c44-3709728ac050:192.168.164.234:36393], old=null at 0
2019-10-10 01:20:28,155 [Thread-2327] INFO  impl.FollowerState (FollowerState.java:run(108)) - a0e49052-281e-4dd3-8f50-b5fa6f1d224b@group-2EC7CCF7DE55-FollowerState: change to CANDIDATE, lastRpcTime:5064ms, electionTimeout:5064ms
2019-10-10 01:20:28,156 [Thread-2327] INFO  impl.RoleInfo (RoleInfo.java:shutdownFollowerState(121)) - a0e49052-281e-4dd3-8f50-b5fa6f1d224b: shutdown FollowerState
2019-10-10 01:20:28,156 [Thread-2327] INFO  impl.RaftServerImpl (RaftServerImpl.java:setRole(170)) - a0e49052-281e-4dd3-8f50-b5fa6f1d224b@group-2EC7CCF7DE55: changes role from  FOLLOWER to CANDIDATE at term 0 for changeToCandidate
2019-10-10 01:20:28,156 [Thread-2327] INFO  impl.RoleInfo (RoleInfo.java:updateAndGet(143)) - a0e49052-281e-4dd3-8f50-b5fa6f1d224b: start LeaderElection
2019-10-10 01:20:28,180 [32b13c6d-f91a-4144-84ce-062836d40646@group-2EC7CCF7DE55-LeaderElection67] INFO  impl.LeaderElection (LeaderElection.java:askForVotes(178)) - 32b13c6d-f91a-4144-84ce-062836d40646@group-2EC7CCF7DE55-LeaderElection67: begin an election at term 1 for -1: [766c14c5-5cb5-41bc-8207-7614765910d0:192.168.164.234:36578, a0e49052-281e-4dd3-8f50-b5fa6f1d224b:192.168.164.234:32895, 32b13c6d-f91a-4144-84ce-062836d40646:192.168.164.234:40671], old=null
2019-10-10 01:20:28,187 [grpc-default-executor-1] INFO  impl.RaftServerImpl (RaftServerImpl.java:setRole(170)) - 766c14c5-5cb5-41bc-8207-7614765910d0@group-2EC7CCF7DE55: changes role from  FOLLOWER to FOLLOWER at term 1 for recognizeCandidate:32b13c6d-f91a-4144-84ce-062836d40646
2019-10-10 01:20:28,187 [grpc-default-executor-1] INFO  impl.RoleInfo (RoleInfo.java:shutdownFollowerState(121)) - 766c14c5-5cb5-41bc-8207-7614765910d0: shutdown FollowerState
2019-10-10 01:20:28,187 [grpc-default-executor-1] INFO  impl.RoleInfo (RoleInfo.java:updateAndGet(143)) - 766c14c5-5cb5-41bc-8207-7614765910d0: start FollowerState
2019-10-10 01:20:28,187 [Thread-2323] INFO  impl.FollowerState (FollowerState.java:run(117)) - 766c14c5-5cb5-41bc-8207-7614765910d0@group-2EC7CCF7DE55-FollowerState was interrupted: java.lang.InterruptedException: sleep interrupted
2019-10-10 01:20:28,205 [c8c97245-5b75-4ab0-8c44-3709728ac050@group-14CA3F5F0339-SegmentedRaftLogWorker] INFO  segmented.SegmentedRaftLogWorker (SegmentedRaftLogWorker.java:execute(574)) - c8c97245-5b75-4ab0-8c44-3709728ac050@group-14CA3F5F0339-SegmentedRaftLogWorker: created new log segment /workdir/hadoop-ozone/integration-test/target/test-dir/MiniOzoneClusterImpl-01b1a667-9da5-47bb-9e78-cb1676f03331/datanode-5/data/ratis/507e22a0-150e-4858-b8cc-14ca3f5f0339/current/log_inprogress_0
2019-10-10 01:20:28,205 [a0e49052-281e-4dd3-8f50-b5fa6f1d224b@group-2EC7CCF7DE55-LeaderElection68] INFO  impl.LeaderElection (LeaderElection.java:askForVotes(178)) - a0e49052-281e-4dd3-8f50-b5fa6f1d224b@group-2EC7CCF7DE55-LeaderElection68: begin an election at term 1 for -1: [766c14c5-5cb5-41bc-8207-7614765910d0:192.168.164.234:36578, a0e49052-281e-4dd3-8f50-b5fa6f1d224b:192.168.164.234:32895, 32b13c6d-f91a-4144-84ce-062836d40646:192.168.164.234:40671], old=null
2019-10-10 01:20:28,223 [a0e49052-281e-4dd3-8f50-b5fa6f1d224b@group-2EC7CCF7DE55-LeaderElection68] INFO  impl.LeaderElection (LeaderElection.java:logAndReturn(56)) - a0e49052-281e-4dd3-8f50-b5fa6f1d224b@group-2EC7CCF7DE55-LeaderElection68: Election REJECTED; received 2 response(s) [a0e49052-281e-4dd3-8f50-b5fa6f1d224b<-766c14c5-5cb5-41bc-8207-7614765910d0#0:FAIL-t1, a0e49052-281e-4dd3-8f50-b5fa6f1d224b<-32b13c6d-f91a-4144-84ce-062836d40646#0:FAIL-t1] and 0 exception(s); a0e49052-281e-4dd3-8f50-b5fa6f1d224b@group-2EC7CCF7DE55:t1, leader=null, voted=a0e49052-281e-4dd3-8f50-b5fa6f1d224b, raftlog=a0e49052-281e-4dd3-8f50-b5fa6f1d224b@group-2EC7CCF7DE55-SegmentedRaftLog:OPENED:c-1,f-1,i0, conf=-1: [766c14c5-5cb5-41bc-8207-7614765910d0:192.168.164.234:36578, a0e49052-281e-4dd3-8f50-b5fa6f1d224b:192.168.164.234:32895, 32b13c6d-f91a-4144-84ce-062836d40646:192.168.164.234:40671], old=null
2019-10-10 01:20:28,223 [32b13c6d-f91a-4144-84ce-062836d40646@group-2EC7CCF7DE55-LeaderElection67] INFO  impl.LeaderElection (LeaderElection.java:logAndReturn(56)) - 32b13c6d-f91a-4144-84ce-062836d40646@group-2EC7CCF7DE55-LeaderElection67: Election PASSED; received 2 response(s) [32b13c6d-f91a-4144-84ce-062836d40646<-766c14c5-5cb5-41bc-8207-7614765910d0#0:OK-t1, 32b13c6d-f91a-4144-84ce-062836d40646<-a0e49052-281e-4dd3-8f50-b5fa6f1d224b#0:FAIL-t1] and 0 exception(s); 32b13c6d-f91a-4144-84ce-062836d40646@group-2EC7CCF7DE55:t1, leader=null, voted=32b13c6d-f91a-4144-84ce-062836d40646, raftlog=32b13c6d-f91a-4144-84ce-062836d40646@group-2EC7CCF7DE55-SegmentedRaftLog:OPENED:c-1,f-1,i0, conf=-1: [766c14c5-5cb5-41bc-8207-7614765910d0:192.168.164.234:36578, a0e49052-281e-4dd3-8f50-b5fa6f1d224b:192.168.164.234:32895, 32b13c6d-f91a-4144-84ce-062836d40646:192.168.164.234:40671], old=null
2019-10-10 01:20:28,223 [a0e49052-281e-4dd3-8f50-b5fa6f1d224b@group-2EC7CCF7DE55-LeaderElection68] INFO  impl.RaftServerImpl (RaftServerImpl.java:setRole(170)) - a0e49052-281e-4dd3-8f50-b5fa6f1d224b@group-2EC7CCF7DE55: changes role from CANDIDATE to FOLLOWER at term 1 for DISCOVERED_A_NEW_TERM
2019-10-10 01:20:28,227 [a0e49052-281e-4dd3-8f50-b5fa6f1d224b@group-2EC7CCF7DE55-LeaderElection68] INFO  impl.RoleInfo (RoleInfo.java:shutdownLeaderElection(134)) - a0e49052-281e-4dd3-8f50-b5fa6f1d224b: shutdown LeaderElection
2019-10-10 01:20:28,224 [32b13c6d-f91a-4144-84ce-062836d40646@group-2EC7CCF7DE55-LeaderElection67] INFO  impl.RoleInfo (RoleInfo.java:shutdownLeaderElection(134)) - 32b13c6d-f91a-4144-84ce-062836d40646: shutdown LeaderElection
2019-10-10 01:20:28,229 [a0e49052-281e-4dd3-8f50-b5fa6f1d224b@group-2EC7CCF7DE55-LeaderElection68] INFO  impl.RoleInfo (RoleInfo.java:updateAndGet(143)) - a0e49052-281e-4dd3-8f50-b5fa6f1d224b: start FollowerState
2019-10-10 01:20:28,229 [32b13c6d-f91a-4144-84ce-062836d40646@group-2EC7CCF7DE55-LeaderElection67] INFO  impl.RaftServerImpl (RaftServerImpl.java:setRole(170)) - 32b13c6d-f91a-4144-84ce-062836d40646@group-2EC7CCF7DE55: changes role from CANDIDATE to LEADER at term 1 for changeToLeader
2019-10-10 01:20:28,229 [32b13c6d-f91a-4144-84ce-062836d40646@group-2EC7CCF7DE55-LeaderElection67] INFO  impl.RaftServerImpl (ServerState.java:setLeader(255)) - 32b13c6d-f91a-4144-84ce-062836d40646@group-2EC7CCF7DE55: change Leader from null to 32b13c6d-f91a-4144-84ce-062836d40646 at term 1 for becomeLeader, leader elected after 5153ms
2019-10-10 01:20:28,229 [32b13c6d-f91a-4144-84ce-062836d40646@group-2EC7CCF7DE55-LeaderElection67] INFO  server.RaftServerConfigKeys (ConfUtils.java:logGet(43)) - raft.server.staging.catchup.gap = 1000 (default)
2019-10-10 01:20:28,229 [32b13c6d-f91a-4144-84ce-062836d40646@group-2EC7CCF7DE55-LeaderElection67] INFO  server.RaftServerConfigKeys (ConfUtils.java:logGet(43)) - raft.server.rpc.sleep.time = 25ms (default)
2019-10-10 01:20:28,230 [32b13c6d-f91a-4144-84ce-062836d40646@group-2EC7CCF7DE55-LeaderElection67] INFO  server.RaftServerConfigKeys (ConfUtils.java:logGet(43)) - raft.server.write.element-limit = 4096 (default)
2019-10-10 01:20:28,230 [32b13c6d-f91a-4144-84ce-062836d40646@group-2EC7CCF7DE55-LeaderElection67] INFO  server.RaftServerConfigKeys (ConfUtils.java:logGet(43)) - raft.server.watch.timeout = 10s (default)
2019-10-10 01:20:28,230 [32b13c6d-f91a-4144-84ce-062836d40646@group-2EC7CCF7DE55-LeaderElection67] INFO  server.RaftServerConfigKeys (ConfUtils.java:logGet(43)) - raft.server.watch.timeout.denomination = 1s (default)
2019-10-10 01:20:28,230 [32b13c6d-f91a-4144-84ce-062836d40646@group-2EC7CCF7DE55-LeaderElection67] INFO  server.RaftServerConfigKeys (ConfUtils.java:logGet(43)) - raft.server.watch.element-limit = 65536 (default)
2019-10-10 01:20:28,232 [32b13c6d-f91a-4144-84ce-062836d40646@group-2EC7CCF7DE55-LeaderElection67] INFO  server.RaftServerConfigKeys (ConfUtils.java:logGet(43)) - raft.server.log.appender.snapshot.chunk.size.max = 16MB (=16777216) (default)
2019-10-10 01:20:28,232 [32b13c6d-f91a-4144-84ce-062836d40646@group-2EC7CCF7DE55-LeaderElection67] INFO  server.RaftServerConfigKeys (ConfUtils.java:logGet(43)) - raft.server.log.appender.buffer.byte-limit = 33554432 (custom)
2019-10-10 01:20:28,232 [32b13c6d-f91a-4144-84ce-062836d40646@group-2EC7CCF7DE55-LeaderElection67] INFO  server.RaftServerConfigKeys (ConfUtils.java:logGet(43)) - raft.server.log.appender.buffer.element-limit = 1 (custom)
2019-10-10 01:20:28,232 [32b13c6d-f91a-4144-84ce-062836d40646@group-2EC7CCF7DE55-LeaderElection67] INFO  grpc.GrpcConfigKeys$Server (ConfUtils.java:logGet(43)) - raft.grpc.server.leader.outstanding.appends.max = 128 (default)
2019-10-10 01:20:28,232 [32b13c6d-f91a-4144-84ce-062836d40646@group-2EC7CCF7DE55-LeaderElection67] INFO  server.RaftServerConfigKeys (ConfUtils.java:logGet(43)) - raft.server.rpc.request.timeout = 3000ms (default)
2019-10-10 01:20:28,233 [32b13c6d-f91a-4144-84ce-062836d40646@group-2EC7CCF7DE55-LeaderElection67] INFO  server.RaftServerConfigKeys (ConfUtils.java:logGet(43)) - raft.server.log.appender.install.snapshot.enabled = false (custom)
2019-10-10 01:20:28,233 [32b13c6d-f91a-4144-84ce-062836d40646@group-2EC7CCF7DE55-LeaderElection67] INFO  server.RaftServerConfigKeys (ConfUtils.java:logGet(43)) - raft.server.log.appender.snapshot.chunk.size.max = 16MB (=16777216) (default)
2019-10-10 01:20:28,233 [32b13c6d-f91a-4144-84ce-062836d40646@group-2EC7CCF7DE55-LeaderElection67] INFO  server.RaftServerConfigKeys (ConfUtils.java:logGet(43)) - raft.server.log.appender.buffer.byte-limit = 33554432 (custom)
2019-10-10 01:20:28,233 [32b13c6d-f91a-4144-84ce-062836d40646@group-2EC7CCF7DE55-LeaderElection67] INFO  server.RaftServerConfigKeys (ConfUtils.java:logGet(43)) - raft.server.log.appender.buffer.element-limit = 1 (custom)
2019-10-10 01:20:28,233 [32b13c6d-f91a-4144-84ce-062836d40646@group-2EC7CCF7DE55-LeaderElection67] INFO  grpc.GrpcConfigKeys$Server (ConfUtils.java:logGet(43)) - raft.grpc.server.leader.outstanding.appends.max = 128 (default)
2019-10-10 01:20:28,233 [32b13c6d-f91a-4144-84ce-062836d40646@group-2EC7CCF7DE55-LeaderElection67] INFO  server.RaftServerConfigKeys (ConfUtils.java:logGet(43)) - raft.server.rpc.request.timeout = 3000ms (default)
2019-10-10 01:20:28,233 [32b13c6d-f91a-4144-84ce-062836d40646@group-2EC7CCF7DE55-LeaderElection67] INFO  server.RaftServerConfigKeys (ConfUtils.java:logGet(43)) - raft.server.log.appender.install.snapshot.enabled = false (custom)
2019-10-10 01:20:28,233 [32b13c6d-f91a-4144-84ce-062836d40646@group-2EC7CCF7DE55-LeaderElection67] INFO  impl.RoleInfo (RoleInfo.java:updateAndGet(143)) - 32b13c6d-f91a-4144-84ce-062836d40646: start LeaderState
2019-10-10 01:20:28,234 [32b13c6d-f91a-4144-84ce-062836d40646@group-2EC7CCF7DE55-LeaderElection67] INFO  segmented.SegmentedRaftLogWorker (SegmentedRaftLogWorker.java:startLogSegment(385)) - 32b13c6d-f91a-4144-84ce-062836d40646@group-2EC7CCF7DE55-SegmentedRaftLogWorker: Starting segment from index:0
2019-10-10 01:20:28,234 [32b13c6d-f91a-4144-84ce-062836d40646@group-2EC7CCF7DE55-LeaderElection67] INFO  impl.RaftServerImpl (ServerState.java:setRaftConf(356)) - 32b13c6d-f91a-4144-84ce-062836d40646@group-2EC7CCF7DE55: set configuration 0: [766c14c5-5cb5-41bc-8207-7614765910d0:192.168.164.234:36578, a0e49052-281e-4dd3-8f50-b5fa6f1d224b:192.168.164.234:32895, 32b13c6d-f91a-4144-84ce-062836d40646:192.168.164.234:40671], old=null at 0
2019-10-10 01:20:28,258 [Thread-2333] INFO  impl.FollowerState (FollowerState.java:run(108)) - caa020d1-097b-43e7-bdbc-d34ea0fe7a1d@group-07E9FC00377E-FollowerState: change to CANDIDATE, lastRpcTime:5078ms, electionTimeout:5076ms
2019-10-10 01:20:28,260 [Thread-2333] INFO  impl.RoleInfo (RoleInfo.java:shutdownFollowerState(121)) - caa020d1-097b-43e7-bdbc-d34ea0fe7a1d: shutdown FollowerState
2019-10-10 01:20:28,260 [Thread-2333] INFO  impl.RaftServerImpl (RaftServerImpl.java:setRole(170)) - caa020d1-097b-43e7-bdbc-d34ea0fe7a1d@group-07E9FC00377E: changes role from  FOLLOWER to CANDIDATE at term 0 for changeToCandidate
2019-10-10 01:20:28,261 [Thread-2333] INFO  impl.RoleInfo (RoleInfo.java:updateAndGet(143)) - caa020d1-097b-43e7-bdbc-d34ea0fe7a1d: start LeaderElection
2019-10-10 01:20:28,267 [grpc-default-executor-6] INFO  impl.RaftServerImpl (ServerState.java:setLeader(255)) - 766c14c5-5cb5-41bc-8207-7614765910d0@group-2EC7CCF7DE55: change Leader from null to 32b13c6d-f91a-4144-84ce-062836d40646 at term 1 for appendEntries, leader elected after 5191ms
2019-10-10 01:20:28,267 [grpc-default-executor-1] INFO  impl.RaftServerImpl (ServerState.java:setLeader(255)) - a0e49052-281e-4dd3-8f50-b5fa6f1d224b@group-2EC7CCF7DE55: change Leader from null to 32b13c6d-f91a-4144-84ce-062836d40646 at term 1 for appendEntries, leader elected after 5191ms
2019-10-10 01:20:28,269 [grpc-default-executor-6] INFO  impl.RaftServerImpl (ServerState.java:setRaftConf(356)) - a0e49052-281e-4dd3-8f50-b5fa6f1d224b@group-2EC7CCF7DE55: set configuration 0: [766c14c5-5cb5-41bc-8207-7614765910d0:192.168.164.234:36578, a0e49052-281e-4dd3-8f50-b5fa6f1d224b:192.168.164.234:32895, 32b13c6d-f91a-4144-84ce-062836d40646:192.168.164.234:40671], old=null at 0
2019-10-10 01:20:28,269 [grpc-default-executor-1] INFO  impl.RaftServerImpl (ServerState.java:setRaftConf(356)) - 766c14c5-5cb5-41bc-8207-7614765910d0@group-2EC7CCF7DE55: set configuration 0: [766c14c5-5cb5-41bc-8207-7614765910d0:192.168.164.234:36578, a0e49052-281e-4dd3-8f50-b5fa6f1d224b:192.168.164.234:32895, 32b13c6d-f91a-4144-84ce-062836d40646:192.168.164.234:40671], old=null at 0
2019-10-10 01:20:28,269 [grpc-default-executor-6] INFO  segmented.SegmentedRaftLogWorker (SegmentedRaftLogWorker.java:startLogSegment(385)) - a0e49052-281e-4dd3-8f50-b5fa6f1d224b@group-2EC7CCF7DE55-SegmentedRaftLogWorker: Starting segment from index:0
2019-10-10 01:20:28,269 [grpc-default-executor-1] INFO  segmented.SegmentedRaftLogWorker (SegmentedRaftLogWorker.java:startLogSegment(385)) - 766c14c5-5cb5-41bc-8207-7614765910d0@group-2EC7CCF7DE55-SegmentedRaftLogWorker: Starting segment from index:0
2019-10-10 01:20:28,281 [32b13c6d-f91a-4144-84ce-062836d40646@group-2EC7CCF7DE55-SegmentedRaftLogWorker] INFO  segmented.SegmentedRaftLogWorker (SegmentedRaftLogWorker.java:execute(574)) - 32b13c6d-f91a-4144-84ce-062836d40646@group-2EC7CCF7DE55-SegmentedRaftLogWorker: created new log segment /workdir/hadoop-ozone/integration-test/target/test-dir/MiniOzoneClusterImpl-01b1a667-9da5-47bb-9e78-cb1676f03331/datanode-4/data/ratis/6657f789-4a67-48d5-b98f-2ec7ccf7de55/current/log_inprogress_0
2019-10-10 01:20:28,281 [caa020d1-097b-43e7-bdbc-d34ea0fe7a1d@group-07E9FC00377E-LeaderElection69] INFO  impl.LeaderElection (LeaderElection.java:askForVotes(178)) - caa020d1-097b-43e7-bdbc-d34ea0fe7a1d@group-07E9FC00377E-LeaderElection69: begin an election at term 1 for -1: [c9552ab5-5f1a-4fc4-b375-7aa22ad15d86:192.168.164.234:42083, 588188f5-911b-4b0e-a971-2291f80ae357:192.168.164.234:37967, caa020d1-097b-43e7-bdbc-d34ea0fe7a1d:192.168.164.234:38653], old=null
2019-10-10 01:20:28,306 [grpc-default-executor-1] INFO  impl.RaftServerImpl (RaftServerImpl.java:setRole(170)) - c9552ab5-5f1a-4fc4-b375-7aa22ad15d86@group-07E9FC00377E: changes role from  FOLLOWER to FOLLOWER at term 1 for recognizeCandidate:caa020d1-097b-43e7-bdbc-d34ea0fe7a1d
2019-10-10 01:20:28,306 [grpc-default-executor-6] INFO  impl.RaftServerImpl (RaftServerImpl.java:setRole(170)) - 588188f5-911b-4b0e-a971-2291f80ae357@group-07E9FC00377E: changes role from  FOLLOWER to FOLLOWER at term 1 for recognizeCandidate:caa020d1-097b-43e7-bdbc-d34ea0fe7a1d
2019-10-10 01:20:28,307 [grpc-default-executor-1] INFO  impl.RoleInfo (RoleInfo.java:shutdownFollowerState(121)) - c9552ab5-5f1a-4fc4-b375-7aa22ad15d86: shutdown FollowerState
2019-10-10 01:20:28,307 [grpc-default-executor-6] INFO  impl.RoleInfo (RoleInfo.java:shutdownFollowerState(121)) - 588188f5-911b-4b0e-a971-2291f80ae357: shutdown FollowerState
2019-10-10 01:20:28,307 [Thread-2336] INFO  impl.FollowerState (FollowerState.java:run(117)) - c9552ab5-5f1a-4fc4-b375-7aa22ad15d86@group-07E9FC00377E-FollowerState was interrupted: java.lang.InterruptedException: sleep interrupted
2019-10-10 01:20:28,307 [grpc-default-executor-1] INFO  impl.RoleInfo (RoleInfo.java:updateAndGet(143)) - c9552ab5-5f1a-4fc4-b375-7aa22ad15d86: start FollowerState
2019-10-10 01:20:28,307 [Thread-2335] INFO  impl.FollowerState (FollowerState.java:run(117)) - 588188f5-911b-4b0e-a971-2291f80ae357@group-07E9FC00377E-FollowerState was interrupted: java.lang.InterruptedException: sleep interrupted
2019-10-10 01:20:28,307 [grpc-default-executor-6] INFO  impl.RoleInfo (RoleInfo.java:updateAndGet(143)) - 588188f5-911b-4b0e-a971-2291f80ae357: start FollowerState
2019-10-10 01:20:28,324 [a0e49052-281e-4dd3-8f50-b5fa6f1d224b@group-2EC7CCF7DE55-SegmentedRaftLogWorker] INFO  segmented.SegmentedRaftLogWorker (SegmentedRaftLogWorker.java:execute(574)) - a0e49052-281e-4dd3-8f50-b5fa6f1d224b@group-2EC7CCF7DE55-SegmentedRaftLogWorker: created new log segment /workdir/hadoop-ozone/integration-test/target/test-dir/MiniOzoneClusterImpl-01b1a667-9da5-47bb-9e78-cb1676f03331/datanode-1/data/ratis/6657f789-4a67-48d5-b98f-2ec7ccf7de55/current/log_inprogress_0
2019-10-10 01:20:28,324 [766c14c5-5cb5-41bc-8207-7614765910d0@group-2EC7CCF7DE55-SegmentedRaftLogWorker] INFO  segmented.SegmentedRaftLogWorker (SegmentedRaftLogWorker.java:execute(574)) - 766c14c5-5cb5-41bc-8207-7614765910d0@group-2EC7CCF7DE55-SegmentedRaftLogWorker: created new log segment /workdir/hadoop-ozone/integration-test/target/test-dir/MiniOzoneClusterImpl-01b1a667-9da5-47bb-9e78-cb1676f03331/datanode-3/data/ratis/6657f789-4a67-48d5-b98f-2ec7ccf7de55/current/log_inprogress_0
2019-10-10 01:20:28,341 [caa020d1-097b-43e7-bdbc-d34ea0fe7a1d@group-07E9FC00377E-LeaderElection69] INFO  impl.LeaderElection (LeaderElection.java:logAndReturn(56)) - caa020d1-097b-43e7-bdbc-d34ea0fe7a1d@group-07E9FC00377E-LeaderElection69: Election PASSED; received 1 response(s) [caa020d1-097b-43e7-bdbc-d34ea0fe7a1d<-c9552ab5-5f1a-4fc4-b375-7aa22ad15d86#0:OK-t1] and 0 exception(s); caa020d1-097b-43e7-bdbc-d34ea0fe7a1d@group-07E9FC00377E:t1, leader=null, voted=caa020d1-097b-43e7-bdbc-d34ea0fe7a1d, raftlog=caa020d1-097b-43e7-bdbc-d34ea0fe7a1d@group-07E9FC00377E-SegmentedRaftLog:OPENED:c-1,f-1,i0, conf=-1: [c9552ab5-5f1a-4fc4-b375-7aa22ad15d86:192.168.164.234:42083, 588188f5-911b-4b0e-a971-2291f80ae357:192.168.164.234:37967, caa020d1-097b-43e7-bdbc-d34ea0fe7a1d:192.168.164.234:38653], old=null
2019-10-10 01:20:28,341 [caa020d1-097b-43e7-bdbc-d34ea0fe7a1d@group-07E9FC00377E-LeaderElection69] INFO  impl.RoleInfo (RoleInfo.java:shutdownLeaderElection(134)) - caa020d1-097b-43e7-bdbc-d34ea0fe7a1d: shutdown LeaderElection
2019-10-10 01:20:28,341 [caa020d1-097b-43e7-bdbc-d34ea0fe7a1d@group-07E9FC00377E-LeaderElection69] INFO  impl.RaftServerImpl (RaftServerImpl.java:setRole(170)) - caa020d1-097b-43e7-bdbc-d34ea0fe7a1d@group-07E9FC00377E: changes role from CANDIDATE to LEADER at term 1 for changeToLeader
2019-10-10 01:20:28,341 [caa020d1-097b-43e7-bdbc-d34ea0fe7a1d@group-07E9FC00377E-LeaderElection69] INFO  impl.RaftServerImpl (ServerState.java:setLeader(255)) - caa020d1-097b-43e7-bdbc-d34ea0fe7a1d@group-07E9FC00377E: change Leader from null to caa020d1-097b-43e7-bdbc-d34ea0fe7a1d at term 1 for becomeLeader, leader elected after 5173ms
2019-10-10 01:20:28,342 [caa020d1-097b-43e7-bdbc-d34ea0fe7a1d@group-07E9FC00377E-LeaderElection69] INFO  server.RaftServerConfigKeys (ConfUtils.java:logGet(43)) - raft.server.staging.catchup.gap = 1000 (default)
2019-10-10 01:20:28,342 [caa020d1-097b-43e7-bdbc-d34ea0fe7a1d@group-07E9FC00377E-LeaderElection69] INFO  server.RaftServerConfigKeys (ConfUtils.java:logGet(43)) - raft.server.rpc.sleep.time = 25ms (default)
2019-10-10 01:20:28,342 [caa020d1-097b-43e7-bdbc-d34ea0fe7a1d@group-07E9FC00377E-LeaderElection69] INFO  server.RaftServerConfigKeys (ConfUtils.java:logGet(43)) - raft.server.write.element-limit = 4096 (default)
2019-10-10 01:20:28,342 [caa020d1-097b-43e7-bdbc-d34ea0fe7a1d@group-07E9FC00377E-LeaderElection69] INFO  server.RaftServerConfigKeys (ConfUtils.java:logGet(43)) - raft.server.watch.timeout = 10s (default)
2019-10-10 01:20:28,342 [caa020d1-097b-43e7-bdbc-d34ea0fe7a1d@group-07E9FC00377E-LeaderElection69] INFO  server.RaftServerConfigKeys (ConfUtils.java:logGet(43)) - raft.server.watch.timeout.denomination = 1s (default)
2019-10-10 01:20:28,342 [caa020d1-097b-43e7-bdbc-d34ea0fe7a1d@group-07E9FC00377E-LeaderElection69] INFO  server.RaftServerConfigKeys (ConfUtils.java:logGet(43)) - raft.server.watch.element-limit = 65536 (default)
2019-10-10 01:20:28,344 [caa020d1-097b-43e7-bdbc-d34ea0fe7a1d@group-07E9FC00377E-LeaderElection69] INFO  server.RaftServerConfigKeys (ConfUtils.java:logGet(43)) - raft.server.log.appender.snapshot.chunk.size.max = 16MB (=16777216) (default)
2019-10-10 01:20:28,344 [caa020d1-097b-43e7-bdbc-d34ea0fe7a1d@group-07E9FC00377E-LeaderElection69] INFO  server.RaftServerConfigKeys (ConfUtils.java:logGet(43)) - raft.server.log.appender.buffer.byte-limit = 33554432 (custom)
2019-10-10 01:20:28,344 [caa020d1-097b-43e7-bdbc-d34ea0fe7a1d@group-07E9FC00377E-LeaderElection69] INFO  server.RaftServerConfigKeys (ConfUtils.java:logGet(43)) - raft.server.log.appender.buffer.element-limit = 1 (custom)
2019-10-10 01:20:28,345 [caa020d1-097b-43e7-bdbc-d34ea0fe7a1d@group-07E9FC00377E-LeaderElection69] INFO  grpc.GrpcConfigKeys$Server (ConfUtils.java:logGet(43)) - raft.grpc.server.leader.outstanding.appends.max = 128 (default)
2019-10-10 01:20:28,345 [caa020d1-097b-43e7-bdbc-d34ea0fe7a1d@group-07E9FC00377E-LeaderElection69] INFO  server.RaftServerConfigKeys (ConfUtils.java:logGet(43)) - raft.server.rpc.request.timeout = 3000ms (default)
2019-10-10 01:20:28,345 [caa020d1-097b-43e7-bdbc-d34ea0fe7a1d@group-07E9FC00377E-LeaderElection69] INFO  server.RaftServerConfigKeys (ConfUtils.java:logGet(43)) - raft.server.log.appender.install.snapshot.enabled = false (custom)
2019-10-10 01:20:28,345 [caa020d1-097b-43e7-bdbc-d34ea0fe7a1d@group-07E9FC00377E-LeaderElection69] INFO  server.RaftServerConfigKeys (ConfUtils.java:logGet(43)) - raft.server.log.appender.snapshot.chunk.size.max = 16MB (=16777216) (default)
2019-10-10 01:20:28,345 [caa020d1-097b-43e7-bdbc-d34ea0fe7a1d@group-07E9FC00377E-LeaderElection69] INFO  server.RaftServerConfigKeys (ConfUtils.java:logGet(43)) - raft.server.log.appender.buffer.byte-limit = 33554432 (custom)
2019-10-10 01:20:28,345 [caa020d1-097b-43e7-bdbc-d34ea0fe7a1d@group-07E9FC00377E-LeaderElection69] INFO  server.RaftServerConfigKeys (ConfUtils.java:logGet(43)) - raft.server.log.appender.buffer.element-limit = 1 (custom)
2019-10-10 01:20:28,346 [caa020d1-097b-43e7-bdbc-d34ea0fe7a1d@group-07E9FC00377E-LeaderElection69] INFO  grpc.GrpcConfigKeys$Server (ConfUtils.java:logGet(43)) - raft.grpc.server.leader.outstanding.appends.max = 128 (default)
2019-10-10 01:20:28,346 [caa020d1-097b-43e7-bdbc-d34ea0fe7a1d@group-07E9FC00377E-LeaderElection69] INFO  server.RaftServerConfigKeys (ConfUtils.java:logGet(43)) - raft.server.rpc.request.timeout = 3000ms (default)
2019-10-10 01:20:28,346 [caa020d1-097b-43e7-bdbc-d34ea0fe7a1d@group-07E9FC00377E-LeaderElection69] INFO  server.RaftServerConfigKeys (ConfUtils.java:logGet(43)) - raft.server.log.appender.install.snapshot.enabled = false (custom)
2019-10-10 01:20:28,346 [caa020d1-097b-43e7-bdbc-d34ea0fe7a1d@group-07E9FC00377E-LeaderElection69] INFO  impl.RoleInfo (RoleInfo.java:updateAndGet(143)) - caa020d1-097b-43e7-bdbc-d34ea0fe7a1d: start LeaderState
2019-10-10 01:20:28,346 [caa020d1-097b-43e7-bdbc-d34ea0fe7a1d@group-07E9FC00377E-LeaderElection69] INFO  segmented.SegmentedRaftLogWorker (SegmentedRaftLogWorker.java:startLogSegment(385)) - caa020d1-097b-43e7-bdbc-d34ea0fe7a1d@group-07E9FC00377E-SegmentedRaftLogWorker: Starting segment from index:0
2019-10-10 01:20:28,347 [caa020d1-097b-43e7-bdbc-d34ea0fe7a1d@group-07E9FC00377E-LeaderElection69] INFO  impl.RaftServerImpl (ServerState.java:setRaftConf(356)) - caa020d1-097b-43e7-bdbc-d34ea0fe7a1d@group-07E9FC00377E: set configuration 0: [c9552ab5-5f1a-4fc4-b375-7aa22ad15d86:192.168.164.234:42083, 588188f5-911b-4b0e-a971-2291f80ae357:192.168.164.234:37967, caa020d1-097b-43e7-bdbc-d34ea0fe7a1d:192.168.164.234:38653], old=null at 0
2019-10-10 01:20:28,348 [grpc-default-executor-1] INFO  impl.RaftServerImpl (ServerState.java:setLeader(255)) - c9552ab5-5f1a-4fc4-b375-7aa22ad15d86@group-07E9FC00377E: change Leader from null to caa020d1-097b-43e7-bdbc-d34ea0fe7a1d at term 1 for appendEntries, leader elected after 5179ms
2019-10-10 01:20:28,376 [grpc-default-executor-1] INFO  impl.RaftServerImpl (ServerState.java:setLeader(255)) - 588188f5-911b-4b0e-a971-2291f80ae357@group-07E9FC00377E: change Leader from null to caa020d1-097b-43e7-bdbc-d34ea0fe7a1d at term 1 for appendEntries, leader elected after 5208ms
2019-10-10 01:20:28,378 [grpc-default-executor-1] INFO  impl.RaftServerImpl (ServerState.java:setRaftConf(356)) - c9552ab5-5f1a-4fc4-b375-7aa22ad15d86@group-07E9FC00377E: set configuration 0: [c9552ab5-5f1a-4fc4-b375-7aa22ad15d86:192.168.164.234:42083, 588188f5-911b-4b0e-a971-2291f80ae357:192.168.164.234:37967, caa020d1-097b-43e7-bdbc-d34ea0fe7a1d:192.168.164.234:38653], old=null at 0
2019-10-10 01:20:28,378 [grpc-default-executor-6] INFO  impl.RaftServerImpl (ServerState.java:setRaftConf(356)) - 588188f5-911b-4b0e-a971-2291f80ae357@group-07E9FC00377E: set configuration 0: [c9552ab5-5f1a-4fc4-b375-7aa22ad15d86:192.168.164.234:42083, 588188f5-911b-4b0e-a971-2291f80ae357:192.168.164.234:37967, caa020d1-097b-43e7-bdbc-d34ea0fe7a1d:192.168.164.234:38653], old=null at 0
2019-10-10 01:20:28,378 [grpc-default-executor-1] INFO  segmented.SegmentedRaftLogWorker (SegmentedRaftLogWorker.java:startLogSegment(385)) - c9552ab5-5f1a-4fc4-b375-7aa22ad15d86@group-07E9FC00377E-SegmentedRaftLogWorker: Starting segment from index:0
2019-10-10 01:20:28,379 [grpc-default-executor-6] INFO  segmented.SegmentedRaftLogWorker (SegmentedRaftLogWorker.java:startLogSegment(385)) - 588188f5-911b-4b0e-a971-2291f80ae357@group-07E9FC00377E-SegmentedRaftLogWorker: Starting segment from index:0
2019-10-10 01:20:28,389 [caa020d1-097b-43e7-bdbc-d34ea0fe7a1d@group-07E9FC00377E-SegmentedRaftLogWorker] INFO  segmented.SegmentedRaftLogWorker (SegmentedRaftLogWorker.java:execute(574)) - caa020d1-097b-43e7-bdbc-d34ea0fe7a1d@group-07E9FC00377E-SegmentedRaftLogWorker: created new log segment /workdir/hadoop-ozone/integration-test/target/test-dir/MiniOzoneClusterImpl-01b1a667-9da5-47bb-9e78-cb1676f03331/datanode-6/data/ratis/936672ab-8444-4658-b651-07e9fc00377e/current/log_inprogress_0
2019-10-10 01:20:28,424 [c9552ab5-5f1a-4fc4-b375-7aa22ad15d86@group-07E9FC00377E-SegmentedRaftLogWorker] INFO  segmented.SegmentedRaftLogWorker (SegmentedRaftLogWorker.java:execute(574)) - c9552ab5-5f1a-4fc4-b375-7aa22ad15d86@group-07E9FC00377E-SegmentedRaftLogWorker: created new log segment /workdir/hadoop-ozone/integration-test/target/test-dir/MiniOzoneClusterImpl-01b1a667-9da5-47bb-9e78-cb1676f03331/datanode-0/data/ratis/936672ab-8444-4658-b651-07e9fc00377e/current/log_inprogress_0
2019-10-10 01:20:28,424 [588188f5-911b-4b0e-a971-2291f80ae357@group-07E9FC00377E-SegmentedRaftLogWorker] INFO  segmented.SegmentedRaftLogWorker (SegmentedRaftLogWorker.java:execute(574)) - 588188f5-911b-4b0e-a971-2291f80ae357@group-07E9FC00377E-SegmentedRaftLogWorker: created new log segment /workdir/hadoop-ozone/integration-test/target/test-dir/MiniOzoneClusterImpl-01b1a667-9da5-47bb-9e78-cb1676f03331/datanode-2/data/ratis/936672ab-8444-4658-b651-07e9fc00377e/current/log_inprogress_0
2019-10-10 01:20:29,507 [Datanode State Machine Thread - 0] INFO  statemachine.DatanodeStateMachine (DatanodeStateMachine.java:lambda$startDaemon$0(350)) - Ozone container server started.
2019-10-10 01:20:33,513 [main] INFO  ozoneimpl.OzoneContainer (OzoneContainer.java:stop(227)) - Attempting to stop container services.
2019-10-10 01:20:33,514 [main] INFO  impl.RaftServerProxy (RaftServerProxy.java:lambda$close$4(314)) - 32b13c6d-f91a-4144-84ce-062836d40646: close
2019-10-10 01:20:33,515 [main] INFO  impl.RaftServerImpl (RaftServerImpl.java:lambda$shutdown$3(247)) - 32b13c6d-f91a-4144-84ce-062836d40646@group-2EC7CCF7DE55: shutdown
2019-10-10 01:20:33,516 [ForkJoinPool.commonPool-worker-0] INFO  impl.RaftServerImpl (RaftServerImpl.java:lambda$shutdown$3(247)) - 32b13c6d-f91a-4144-84ce-062836d40646@group-949D1D5A6A6E: shutdown
2019-10-10 01:20:33,516 [main] INFO  util.JmxRegister (JmxRegister.java:unregister(73)) - Successfully un-registered JMX Bean with object name Ratis:service=RaftServer,group=group-2EC7CCF7DE55,id=32b13c6d-f91a-4144-84ce-062836d40646
2019-10-10 01:20:33,516 [ForkJoinPool.commonPool-worker-0] INFO  util.JmxRegister (JmxRegister.java:unregister(73)) - Successfully un-registered JMX Bean with object name Ratis:service=RaftServer,group=group-949D1D5A6A6E,id=32b13c6d-f91a-4144-84ce-062836d40646
2019-10-10 01:20:33,517 [main] INFO  impl.RoleInfo (RoleInfo.java:shutdownLeaderState(104)) - 32b13c6d-f91a-4144-84ce-062836d40646: shutdown LeaderState
2019-10-10 01:20:33,517 [ForkJoinPool.commonPool-worker-0] INFO  impl.RoleInfo (RoleInfo.java:shutdownLeaderState(104)) - 32b13c6d-f91a-4144-84ce-062836d40646: shutdown LeaderState
2019-10-10 01:20:33,525 [main] INFO  impl.PendingRequests (PendingRequests.java:sendNotLeaderResponses(202)) - 32b13c6d-f91a-4144-84ce-062836d40646@group-2EC7CCF7DE55-PendingRequests: sendNotLeaderResponses
2019-10-10 01:20:33,525 [org.apache.ratis.server.impl.LogAppender$AppenderDaemon$$Lambda$558/538264479@3c988b51] WARN  server.GrpcLogAppender (GrpcLogAppender.java:mayWait(143)) - 32b13c6d-f91a-4144-84ce-062836d40646@group-2EC7CCF7DE55->766c14c5-5cb5-41bc-8207-7614765910d0-GrpcLogAppender: Wait interrupted by java.lang.InterruptedException
2019-10-10 01:20:33,525 [org.apache.ratis.server.impl.LogAppender$AppenderDaemon$$Lambda$558/538264479@5c11b475] WARN  server.GrpcLogAppender (GrpcLogAppender.java:mayWait(143)) - 32b13c6d-f91a-4144-84ce-062836d40646@group-2EC7CCF7DE55->a0e49052-281e-4dd3-8f50-b5fa6f1d224b-GrpcLogAppender: Wait interrupted by java.lang.InterruptedException
2019-10-10 01:20:33,525 [ForkJoinPool.commonPool-worker-0] INFO  impl.PendingRequests (PendingRequests.java:sendNotLeaderResponses(202)) - 32b13c6d-f91a-4144-84ce-062836d40646@group-949D1D5A6A6E-PendingRequests: sendNotLeaderResponses
2019-10-10 01:20:33,543 [ForkJoinPool.commonPool-worker-0] INFO  impl.StateMachineUpdater (StateMachineUpdater.java:stopAndJoin(136)) - 32b13c6d-f91a-4144-84ce-062836d40646@group-949D1D5A6A6E-StateMachineUpdater: set stopIndex = 0
2019-10-10 01:20:33,544 [main] INFO  impl.StateMachineUpdater (StateMachineUpdater.java:stopAndJoin(136)) - 32b13c6d-f91a-4144-84ce-062836d40646@group-2EC7CCF7DE55-StateMachineUpdater: set stopIndex = 2
2019-10-10 01:20:33,544 [ForkJoinPool.commonPool-worker-0] INFO  impl.RaftServerImpl (ServerState.java:close(387)) - 32b13c6d-f91a-4144-84ce-062836d40646@group-949D1D5A6A6E: closes. applyIndex: 0
2019-10-10 01:20:33,544 [grpc-default-executor-6] INFO  server.GrpcServerProtocolService (GrpcServerProtocolService.java:onCompleted(113)) - 766c14c5-5cb5-41bc-8207-7614765910d0: Completed APPEND_ENTRIES, lastRequest: 32b13c6d-f91a-4144-84ce-062836d40646->766c14c5-5cb5-41bc-8207-7614765910d0#5-t1, previous=(t:1, i:2), leaderCommit=2, initializing? false, entries: <empty>
2019-10-10 01:20:33,544 [grpc-default-executor-1] INFO  server.GrpcServerProtocolService (GrpcServerProtocolService.java:onCompleted(113)) - a0e49052-281e-4dd3-8f50-b5fa6f1d224b: Completed APPEND_ENTRIES, lastRequest: 32b13c6d-f91a-4144-84ce-062836d40646->a0e49052-281e-4dd3-8f50-b5fa6f1d224b#5-t1, previous=(t:1, i:2), leaderCommit=2, initializing? false, entries: <empty>
2019-10-10 01:20:33,544 [32b13c6d-f91a-4144-84ce-062836d40646@group-2EC7CCF7DE55-StateMachineUpdater] INFO  ratis.ContainerStateMachine (ContainerStateMachine.java:takeSnapshot(294)) - group-2EC7CCF7DE55: Taking a snapshot at:(t:1, i:2) file /workdir/hadoop-ozone/integration-test/target/test-dir/MiniOzoneClusterImpl-01b1a667-9da5-47bb-9e78-cb1676f03331/datanode-4/data/ratis/6657f789-4a67-48d5-b98f-2ec7ccf7de55/sm/snapshot.1_2
2019-10-10 01:20:33,545 [32b13c6d-f91a-4144-84ce-062836d40646@group-949D1D5A6A6E-SegmentedRaftLogWorker] INFO  segmented.SegmentedRaftLogWorker (SegmentedRaftLogWorker.java:run(316)) - 32b13c6d-f91a-4144-84ce-062836d40646@group-949D1D5A6A6E-SegmentedRaftLogWorker was interrupted, exiting. There are 0 tasks remaining in the queue.
2019-10-10 01:20:33,545 [grpc-default-executor-1] INFO  server.GrpcLogAppender (GrpcLogAppender.java:onCompleted(293)) - 32b13c6d-f91a-4144-84ce-062836d40646@group-2EC7CCF7DE55->a0e49052-281e-4dd3-8f50-b5fa6f1d224b-AppendLogResponseHandler: follower responses appendEntries COMPLETED
2019-10-10 01:20:33,545 [grpc-default-executor-3] INFO  server.GrpcLogAppender (GrpcLogAppender.java:onCompleted(293)) - 32b13c6d-f91a-4144-84ce-062836d40646@group-2EC7CCF7DE55->766c14c5-5cb5-41bc-8207-7614765910d0-AppendLogResponseHandler: follower responses appendEntries COMPLETED
2019-10-10 01:20:33,549 [ForkJoinPool.commonPool-worker-0] INFO  segmented.SegmentedRaftLogWorker (SegmentedRaftLogWorker.java:close(224)) - 32b13c6d-f91a-4144-84ce-062836d40646@group-949D1D5A6A6E-SegmentedRaftLogWorker close()
2019-10-10 01:20:33,556 [grpc-default-executor-1] INFO  impl.FollowerInfo (FollowerInfo.java:lambda$new$0(51)) - 32b13c6d-f91a-4144-84ce-062836d40646@group-2EC7CCF7DE55->a0e49052-281e-4dd3-8f50-b5fa6f1d224b: nextIndex: updateUnconditionally 3 -> 2
2019-10-10 01:20:33,556 [grpc-default-executor-3] INFO  impl.FollowerInfo (FollowerInfo.java:lambda$new$0(51)) - 32b13c6d-f91a-4144-84ce-062836d40646@group-2EC7CCF7DE55->766c14c5-5cb5-41bc-8207-7614765910d0: nextIndex: updateUnconditionally 3 -> 2
2019-10-10 01:20:33,587 [32b13c6d-f91a-4144-84ce-062836d40646@group-2EC7CCF7DE55-StateMachineUpdater] INFO  ratis.ContainerStateMachine (ContainerStateMachine.java:takeSnapshot(305)) - group-2EC7CCF7DE55: Finished taking a snapshot at:(t:1, i:2) file:/workdir/hadoop-ozone/integration-test/target/test-dir/MiniOzoneClusterImpl-01b1a667-9da5-47bb-9e78-cb1676f03331/datanode-4/data/ratis/6657f789-4a67-48d5-b98f-2ec7ccf7de55/sm/snapshot.1_2 time:43
2019-10-10 01:20:33,588 [32b13c6d-f91a-4144-84ce-062836d40646@group-2EC7CCF7DE55-StateMachineUpdater] INFO  impl.StateMachineUpdater (StateMachineUpdater.java:takeSnapshot(269)) - 32b13c6d-f91a-4144-84ce-062836d40646@group-2EC7CCF7DE55-StateMachineUpdater: Took a snapshot at index 2
2019-10-10 01:20:33,588 [32b13c6d-f91a-4144-84ce-062836d40646@group-2EC7CCF7DE55-StateMachineUpdater] INFO  impl.StateMachineUpdater (StateMachineUpdater.java:lambda$new$0(84)) - 32b13c6d-f91a-4144-84ce-062836d40646@group-2EC7CCF7DE55-StateMachineUpdater: snapshotIndex: updateIncreasingly -1 -> 2
2019-10-10 01:20:33,589 [main] INFO  impl.RaftServerImpl (ServerState.java:close(387)) - 32b13c6d-f91a-4144-84ce-062836d40646@group-2EC7CCF7DE55: closes. applyIndex: 2
2019-10-10 01:20:33,589 [32b13c6d-f91a-4144-84ce-062836d40646@group-2EC7CCF7DE55-SegmentedRaftLogWorker] INFO  segmented.SegmentedRaftLogWorker (SegmentedRaftLogWorker.java:run(316)) - 32b13c6d-f91a-4144-84ce-062836d40646@group-2EC7CCF7DE55-SegmentedRaftLogWorker was interrupted, exiting. There are 0 tasks remaining in the queue.
2019-10-10 01:20:33,592 [main] INFO  segmented.SegmentedRaftLogWorker (SegmentedRaftLogWorker.java:close(224)) - 32b13c6d-f91a-4144-84ce-062836d40646@group-2EC7CCF7DE55-SegmentedRaftLogWorker close()
2019-10-10 01:20:33,598 [main] INFO  server.GrpcService (GrpcService.java:closeImpl(164)) - 32b13c6d-f91a-4144-84ce-062836d40646: shutdown server with port 40671 now
2019-10-10 01:20:33,599 [main] INFO  server.GrpcService (GrpcService.java:closeImpl(172)) - 32b13c6d-f91a-4144-84ce-062836d40646: shutdown server with port 40671 successfully
2019-10-10 01:20:33,602 [refreshUsed-/workdir/hadoop-ozone/integration-test/target/test-dir/MiniOzoneClusterImpl-01b1a667-9da5-47bb-9e78-cb1676f03331/datanode-4/data/containers] WARN  fs.CachingGetSpaceUsed (CachingGetSpaceUsed.java:run(183)) - Thread Interrupted waiting to refresh disk information: sleep interrupted
2019-10-10 01:20:33,627 [main] INFO  utils.BackgroundService (BackgroundService.java:shutdown(151)) - Shutting down service BlockDeletingService
2019-10-10 01:20:33,635 [main] INFO  statemachine.DatanodeStateMachine (DatanodeStateMachine.java:stopDaemon(395)) - Ozone container server stopped.
2019-10-10 01:20:33,638 [main] INFO  handler.ContextHandler (ContextHandler.java:doStop(910)) - Stopped o.e.j.w.WebAppContext@3b4ef59f{/,null,UNAVAILABLE}{/hddsDatanode}
2019-10-10 01:20:33,639 [main] INFO  server.AbstractConnector (AbstractConnector.java:doStop(318)) - Stopped ServerConnector@22cb3d59{HTTP/1.1,[http/1.1]}{0.0.0.0:0}
2019-10-10 01:20:33,639 [main] INFO  handler.ContextHandler (ContextHandler.java:doStop(910)) - Stopped o.e.j.s.ServletContextHandler@138f0661{/static,jar:file:/home/user/.m2/repository/org/apache/hadoop/hadoop-hdds-container-service/0.5.0-SNAPSHOT/hadoop-hdds-container-service-0.5.0-SNAPSHOT.jar!/webapps/static,UNAVAILABLE}
2019-10-10 01:20:33,640 [main] INFO  handler.ContextHandler (ContextHandler.java:doStop(910)) - Stopped o.e.j.s.ServletContextHandler@55361f03{/logs,file:///workdir/hadoop-ozone/integration-test/target/log,UNAVAILABLE}
2019-10-10 01:20:43,402 [Thread-2370] INFO  impl.FollowerState (FollowerState.java:run(108)) - 766c14c5-5cb5-41bc-8207-7614765910d0@group-2EC7CCF7DE55-FollowerState: change to CANDIDATE, lastRpcTime:10013ms, electionTimeout:5076ms
2019-10-10 01:20:43,403 [Thread-2370] INFO  impl.RoleInfo (RoleInfo.java:shutdownFollowerState(121)) - 766c14c5-5cb5-41bc-8207-7614765910d0: shutdown FollowerState
2019-10-10 01:20:43,403 [Thread-2370] INFO  impl.RaftServerImpl (RaftServerImpl.java:setRole(170)) - 766c14c5-5cb5-41bc-8207-7614765910d0@group-2EC7CCF7DE55: changes role from  FOLLOWER to CANDIDATE at term 1 for changeToCandidate
2019-10-10 01:20:43,403 [Thread-2370] INFO  impl.RoleInfo (RoleInfo.java:updateAndGet(143)) - 766c14c5-5cb5-41bc-8207-7614765910d0: start LeaderElection
2019-10-10 01:20:43,407 [766c14c5-5cb5-41bc-8207-7614765910d0@group-2EC7CCF7DE55-LeaderElection70] INFO  impl.RaftServerImpl (ServerState.java:setLeader(255)) - 766c14c5-5cb5-41bc-8207-7614765910d0@group-2EC7CCF7DE55: change Leader from 32b13c6d-f91a-4144-84ce-062836d40646 to null at term 1 for initElection
2019-10-10 01:20:43,431 [766c14c5-5cb5-41bc-8207-7614765910d0@group-2EC7CCF7DE55-LeaderElection70] INFO  impl.LeaderElection (LeaderElection.java:askForVotes(178)) - 766c14c5-5cb5-41bc-8207-7614765910d0@group-2EC7CCF7DE55-LeaderElection70: begin an election at term 2 for 0: [766c14c5-5cb5-41bc-8207-7614765910d0:192.168.164.234:36578, a0e49052-281e-4dd3-8f50-b5fa6f1d224b:192.168.164.234:32895, 32b13c6d-f91a-4144-84ce-062836d40646:192.168.164.234:40671], old=null
2019-10-10 01:20:43,434 [766c14c5-5cb5-41bc-8207-7614765910d0@group-2EC7CCF7DE55-LeaderElection70] INFO  impl.LeaderElection (LogUtils.java:infoOrTrace(149)) - 766c14c5-5cb5-41bc-8207-7614765910d0@group-2EC7CCF7DE55-LeaderElection70 got exception when requesting votes: {}
java.util.concurrent.ExecutionException: org.apache.ratis.thirdparty.io.grpc.StatusRuntimeException: UNAVAILABLE: io exception
	at java.util.concurrent.FutureTask.report(FutureTask.java:122)
	at java.util.concurrent.FutureTask.get(FutureTask.java:192)
	at org.apache.ratis.server.impl.LeaderElection.waitForResults(LeaderElection.java:259)
	at org.apache.ratis.server.impl.LeaderElection.askForVotes(LeaderElection.java:197)
	at org.apache.ratis.server.impl.LeaderElection.run(LeaderElection.java:133)
	at java.lang.Thread.run(Thread.java:748)
Caused by: org.apache.ratis.thirdparty.io.grpc.StatusRuntimeException: UNAVAILABLE: io exception
	at org.apache.ratis.thirdparty.io.grpc.stub.ClientCalls.toStatusRuntimeException(ClientCalls.java:233)
	at org.apache.ratis.thirdparty.io.grpc.stub.ClientCalls.getUnchecked(ClientCalls.java:214)
	at org.apache.ratis.thirdparty.io.grpc.stub.ClientCalls.blockingUnaryCall(ClientCalls.java:139)
	at org.apache.ratis.proto.grpc.RaftServerProtocolServiceGrpc$RaftServerProtocolServiceBlockingStub.requestVote(RaftServerProtocolServiceGrpc.java:265)
	at org.apache.ratis.grpc.server.GrpcServerProtocolClient.requestVote(GrpcServerProtocolClient.java:99)
	at org.apache.ratis.grpc.server.GrpcService.requestVote(GrpcService.java:204)
	at org.apache.ratis.server.impl.LeaderElection.lambda$submitRequests$1(LeaderElection.java:234)
	at java.util.concurrent.FutureTask.run(FutureTask.java:266)
	at java.util.concurrent.Executors$RunnableAdapter.call(Executors.java:511)
	at java.util.concurrent.FutureTask.run(FutureTask.java:266)
	at java.util.concurrent.ThreadPoolExecutor.runWorker(ThreadPoolExecutor.java:1149)
	at java.util.concurrent.ThreadPoolExecutor$Worker.run(ThreadPoolExecutor.java:624)
	... 1 more
Caused by: org.apache.ratis.thirdparty.io.netty.channel.AbstractChannel$AnnotatedConnectException: Connection refused: /192.168.164.234:40671
	at sun.nio.ch.SocketChannelImpl.checkConnect(Native Method)
	at sun.nio.ch.SocketChannelImpl.finishConnect(SocketChannelImpl.java:717)
	at org.apache.ratis.thirdparty.io.netty.channel.socket.nio.NioSocketChannel.doFinishConnect(NioSocketChannel.java:327)
	at org.apache.ratis.thirdparty.io.netty.channel.nio.AbstractNioChannel$AbstractNioUnsafe.finishConnect(AbstractNioChannel.java:340)
	at org.apache.ratis.thirdparty.io.netty.channel.nio.NioEventLoop.processSelectedKey(NioEventLoop.java:632)
	at org.apache.ratis.thirdparty.io.netty.channel.nio.NioEventLoop.processSelectedKeysOptimized(NioEventLoop.java:579)
	at org.apache.ratis.thirdparty.io.netty.channel.nio.NioEventLoop.processSelectedKeys(NioEventLoop.java:496)
	at org.apache.ratis.thirdparty.io.netty.channel.nio.NioEventLoop.run(NioEventLoop.java:458)
	at org.apache.ratis.thirdparty.io.netty.util.concurrent.SingleThreadEventExecutor$5.run(SingleThreadEventExecutor.java:897)
	at org.apache.ratis.thirdparty.io.netty.util.concurrent.FastThreadLocalRunnable.run(FastThreadLocalRunnable.java:30)
	... 1 more
Caused by: java.net.ConnectException: Connection refused
	... 11 more
2019-10-10 01:20:43,438 [grpc-default-executor-6] INFO  impl.RaftServerImpl (ServerState.java:setLeader(255)) - a0e49052-281e-4dd3-8f50-b5fa6f1d224b@group-2EC7CCF7DE55: change Leader from 32b13c6d-f91a-4144-84ce-062836d40646 to null at term 2 for updateCurrentTerm
2019-10-10 01:20:43,439 [grpc-default-executor-6] INFO  impl.RaftServerImpl (RaftServerImpl.java:setRole(170)) - a0e49052-281e-4dd3-8f50-b5fa6f1d224b@group-2EC7CCF7DE55: changes role from  FOLLOWER to FOLLOWER at term 2 for recognizeCandidate:766c14c5-5cb5-41bc-8207-7614765910d0
2019-10-10 01:20:43,439 [grpc-default-executor-6] INFO  impl.RoleInfo (RoleInfo.java:shutdownFollowerState(121)) - a0e49052-281e-4dd3-8f50-b5fa6f1d224b: shutdown FollowerState
2019-10-10 01:20:43,439 [grpc-default-executor-6] INFO  impl.RoleInfo (RoleInfo.java:updateAndGet(143)) - a0e49052-281e-4dd3-8f50-b5fa6f1d224b: start FollowerState
2019-10-10 01:20:43,439 [Thread-2373] INFO  impl.FollowerState (FollowerState.java:run(117)) - a0e49052-281e-4dd3-8f50-b5fa6f1d224b@group-2EC7CCF7DE55-FollowerState was interrupted: java.lang.InterruptedException: sleep interrupted
2019-10-10 01:20:43,466 [766c14c5-5cb5-41bc-8207-7614765910d0@group-2EC7CCF7DE55-LeaderElection70] INFO  impl.LeaderElection (LeaderElection.java:logAndReturn(56)) - 766c14c5-5cb5-41bc-8207-7614765910d0@group-2EC7CCF7DE55-LeaderElection70: Election PASSED; received 1 response(s) [766c14c5-5cb5-41bc-8207-7614765910d0<-a0e49052-281e-4dd3-8f50-b5fa6f1d224b#0:OK-t2] and 1 exception(s); 766c14c5-5cb5-41bc-8207-7614765910d0@group-2EC7CCF7DE55:t2, leader=null, voted=766c14c5-5cb5-41bc-8207-7614765910d0, raftlog=766c14c5-5cb5-41bc-8207-7614765910d0@group-2EC7CCF7DE55-SegmentedRaftLog:OPENED:c2,f2,i2, conf=0: [766c14c5-5cb5-41bc-8207-7614765910d0:192.168.164.234:36578, a0e49052-281e-4dd3-8f50-b5fa6f1d224b:192.168.164.234:32895, 32b13c6d-f91a-4144-84ce-062836d40646:192.168.164.234:40671], old=null
2019-10-10 01:20:43,466 [766c14c5-5cb5-41bc-8207-7614765910d0@group-2EC7CCF7DE55-LeaderElection70] INFO  impl.LeaderElection (LogUtils.java:infoOrTrace(149)) -   Exception 0: {}
java.util.concurrent.ExecutionException: org.apache.ratis.thirdparty.io.grpc.StatusRuntimeException: UNAVAILABLE: io exception
	at java.util.concurrent.FutureTask.report(FutureTask.java:122)
	at java.util.concurrent.FutureTask.get(FutureTask.java:192)
	at org.apache.ratis.server.impl.LeaderElection.waitForResults(LeaderElection.java:259)
	at org.apache.ratis.server.impl.LeaderElection.askForVotes(LeaderElection.java:197)
	at org.apache.ratis.server.impl.LeaderElection.run(LeaderElection.java:133)
	at java.lang.Thread.run(Thread.java:748)
Caused by: org.apache.ratis.thirdparty.io.grpc.StatusRuntimeException: UNAVAILABLE: io exception
	at org.apache.ratis.thirdparty.io.grpc.stub.ClientCalls.toStatusRuntimeException(ClientCalls.java:233)
	at org.apache.ratis.thirdparty.io.grpc.stub.ClientCalls.getUnchecked(ClientCalls.java:214)
	at org.apache.ratis.thirdparty.io.grpc.stub.ClientCalls.blockingUnaryCall(ClientCalls.java:139)
	at org.apache.ratis.proto.grpc.RaftServerProtocolServiceGrpc$RaftServerProtocolServiceBlockingStub.requestVote(RaftServerProtocolServiceGrpc.java:265)
	at org.apache.ratis.grpc.server.GrpcServerProtocolClient.requestVote(GrpcServerProtocolClient.java:99)
	at org.apache.ratis.grpc.server.GrpcService.requestVote(GrpcService.java:204)
	at org.apache.ratis.server.impl.LeaderElection.lambda$submitRequests$1(LeaderElection.java:234)
	at java.util.concurrent.FutureTask.run(FutureTask.java:266)
	at java.util.concurrent.Executors$RunnableAdapter.call(Executors.java:511)
	at java.util.concurrent.FutureTask.run(FutureTask.java:266)
	at java.util.concurrent.ThreadPoolExecutor.runWorker(ThreadPoolExecutor.java:1149)
	at java.util.concurrent.ThreadPoolExecutor$Worker.run(ThreadPoolExecutor.java:624)
	... 1 more
Caused by: org.apache.ratis.thirdparty.io.netty.channel.AbstractChannel$AnnotatedConnectException: Connection refused: /192.168.164.234:40671
	at sun.nio.ch.SocketChannelImpl.checkConnect(Native Method)
	at sun.nio.ch.SocketChannelImpl.finishConnect(SocketChannelImpl.java:717)
	at org.apache.ratis.thirdparty.io.netty.channel.socket.nio.NioSocketChannel.doFinishConnect(NioSocketChannel.java:327)
	at org.apache.ratis.thirdparty.io.netty.channel.nio.AbstractNioChannel$AbstractNioUnsafe.finishConnect(AbstractNioChannel.java:340)
	at org.apache.ratis.thirdparty.io.netty.channel.nio.NioEventLoop.processSelectedKey(NioEventLoop.java:632)
	at org.apache.ratis.thirdparty.io.netty.channel.nio.NioEventLoop.processSelectedKeysOptimized(NioEventLoop.java:579)
	at org.apache.ratis.thirdparty.io.netty.channel.nio.NioEventLoop.processSelectedKeys(NioEventLoop.java:496)
	at org.apache.ratis.thirdparty.io.netty.channel.nio.NioEventLoop.run(NioEventLoop.java:458)
	at org.apache.ratis.thirdparty.io.netty.util.concurrent.SingleThreadEventExecutor$5.run(SingleThreadEventExecutor.java:897)
	at org.apache.ratis.thirdparty.io.netty.util.concurrent.FastThreadLocalRunnable.run(FastThreadLocalRunnable.java:30)
	... 1 more
Caused by: java.net.ConnectException: Connection refused
	... 11 more
2019-10-10 01:20:43,466 [766c14c5-5cb5-41bc-8207-7614765910d0@group-2EC7CCF7DE55-LeaderElection70] INFO  impl.RoleInfo (RoleInfo.java:shutdownLeaderElection(134)) - 766c14c5-5cb5-41bc-8207-7614765910d0: shutdown LeaderElection
2019-10-10 01:20:43,467 [766c14c5-5cb5-41bc-8207-7614765910d0@group-2EC7CCF7DE55-LeaderElection70] INFO  impl.RaftServerImpl (RaftServerImpl.java:setRole(170)) - 766c14c5-5cb5-41bc-8207-7614765910d0@group-2EC7CCF7DE55: changes role from CANDIDATE to LEADER at term 2 for changeToLeader
2019-10-10 01:20:43,467 [766c14c5-5cb5-41bc-8207-7614765910d0@group-2EC7CCF7DE55-LeaderElection70] INFO  impl.RaftServerImpl (ServerState.java:setLeader(255)) - 766c14c5-5cb5-41bc-8207-7614765910d0@group-2EC7CCF7DE55: change Leader from null to 766c14c5-5cb5-41bc-8207-7614765910d0 at term 2 for becomeLeader, leader elected after 59ms
2019-10-10 01:20:43,467 [766c14c5-5cb5-41bc-8207-7614765910d0@group-2EC7CCF7DE55-LeaderElection70] INFO  server.RaftServerConfigKeys (ConfUtils.java:logGet(43)) - raft.server.staging.catchup.gap = 1000 (default)
2019-10-10 01:20:43,467 [766c14c5-5cb5-41bc-8207-7614765910d0@group-2EC7CCF7DE55-LeaderElection70] INFO  server.RaftServerConfigKeys (ConfUtils.java:logGet(43)) - raft.server.rpc.sleep.time = 25ms (default)
2019-10-10 01:20:43,468 [766c14c5-5cb5-41bc-8207-7614765910d0@group-2EC7CCF7DE55-LeaderElection70] INFO  server.RaftServerConfigKeys (ConfUtils.java:logGet(43)) - raft.server.write.element-limit = 4096 (default)
2019-10-10 01:20:43,468 [766c14c5-5cb5-41bc-8207-7614765910d0@group-2EC7CCF7DE55-LeaderElection70] INFO  server.RaftServerConfigKeys (ConfUtils.java:logGet(43)) - raft.server.watch.timeout = 10s (default)
2019-10-10 01:20:43,468 [766c14c5-5cb5-41bc-8207-7614765910d0@group-2EC7CCF7DE55-LeaderElection70] INFO  server.RaftServerConfigKeys (ConfUtils.java:logGet(43)) - raft.server.watch.timeout.denomination = 1s (default)
2019-10-10 01:20:43,468 [766c14c5-5cb5-41bc-8207-7614765910d0@group-2EC7CCF7DE55-LeaderElection70] INFO  server.RaftServerConfigKeys (ConfUtils.java:logGet(43)) - raft.server.watch.element-limit = 65536 (default)
2019-10-10 01:20:43,472 [766c14c5-5cb5-41bc-8207-7614765910d0@group-2EC7CCF7DE55-LeaderElection70] INFO  server.RaftServerConfigKeys (ConfUtils.java:logGet(43)) - raft.server.log.appender.snapshot.chunk.size.max = 16MB (=16777216) (default)
2019-10-10 01:20:43,472 [766c14c5-5cb5-41bc-8207-7614765910d0@group-2EC7CCF7DE55-LeaderElection70] INFO  server.RaftServerConfigKeys (ConfUtils.java:logGet(43)) - raft.server.log.appender.buffer.byte-limit = 33554432 (custom)
2019-10-10 01:20:43,472 [766c14c5-5cb5-41bc-8207-7614765910d0@group-2EC7CCF7DE55-LeaderElection70] INFO  server.RaftServerConfigKeys (ConfUtils.java:logGet(43)) - raft.server.log.appender.buffer.element-limit = 1 (custom)
2019-10-10 01:20:43,473 [766c14c5-5cb5-41bc-8207-7614765910d0@group-2EC7CCF7DE55-LeaderElection70] INFO  grpc.GrpcConfigKeys$Server (ConfUtils.java:logGet(43)) - raft.grpc.server.leader.outstanding.appends.max = 128 (default)
2019-10-10 01:20:43,473 [766c14c5-5cb5-41bc-8207-7614765910d0@group-2EC7CCF7DE55-LeaderElection70] INFO  server.RaftServerConfigKeys (ConfUtils.java:logGet(43)) - raft.server.rpc.request.timeout = 3000ms (default)
2019-10-10 01:20:43,473 [766c14c5-5cb5-41bc-8207-7614765910d0@group-2EC7CCF7DE55-LeaderElection70] INFO  server.RaftServerConfigKeys (ConfUtils.java:logGet(43)) - raft.server.log.appender.install.snapshot.enabled = false (custom)
2019-10-10 01:20:43,473 [766c14c5-5cb5-41bc-8207-7614765910d0@group-2EC7CCF7DE55-LeaderElection70] INFO  server.RaftServerConfigKeys (ConfUtils.java:logGet(43)) - raft.server.log.appender.snapshot.chunk.size.max = 16MB (=16777216) (default)
2019-10-10 01:20:43,474 [766c14c5-5cb5-41bc-8207-7614765910d0@group-2EC7CCF7DE55-LeaderElection70] INFO  server.RaftServerConfigKeys (ConfUtils.java:logGet(43)) - raft.server.log.appender.buffer.byte-limit = 33554432 (custom)
2019-10-10 01:20:43,474 [766c14c5-5cb5-41bc-8207-7614765910d0@group-2EC7CCF7DE55-LeaderElection70] INFO  server.RaftServerConfigKeys (ConfUtils.java:logGet(43)) - raft.server.log.appender.buffer.element-limit = 1 (custom)
2019-10-10 01:20:43,474 [766c14c5-5cb5-41bc-8207-7614765910d0@group-2EC7CCF7DE55-LeaderElection70] INFO  grpc.GrpcConfigKeys$Server (ConfUtils.java:logGet(43)) - raft.grpc.server.leader.outstanding.appends.max = 128 (default)
2019-10-10 01:20:43,474 [766c14c5-5cb5-41bc-8207-7614765910d0@group-2EC7CCF7DE55-LeaderElection70] INFO  server.RaftServerConfigKeys (ConfUtils.java:logGet(43)) - raft.server.rpc.request.timeout = 3000ms (default)
2019-10-10 01:20:43,474 [766c14c5-5cb5-41bc-8207-7614765910d0@group-2EC7CCF7DE55-LeaderElection70] INFO  server.RaftServerConfigKeys (ConfUtils.java:logGet(43)) - raft.server.log.appender.install.snapshot.enabled = false (custom)
2019-10-10 01:20:43,474 [766c14c5-5cb5-41bc-8207-7614765910d0@group-2EC7CCF7DE55-LeaderElection70] INFO  impl.RoleInfo (RoleInfo.java:updateAndGet(143)) - 766c14c5-5cb5-41bc-8207-7614765910d0: start LeaderState
2019-10-10 01:20:43,475 [766c14c5-5cb5-41bc-8207-7614765910d0@group-2EC7CCF7DE55-LeaderElection70] INFO  segmented.SegmentedRaftLogWorker (SegmentedRaftLogWorker.java:rollLogSegment(390)) - 766c14c5-5cb5-41bc-8207-7614765910d0@group-2EC7CCF7DE55-SegmentedRaftLogWorker: Rolling segment log-0_2 to index:2
2019-10-10 01:20:43,476 [766c14c5-5cb5-41bc-8207-7614765910d0@group-2EC7CCF7DE55-LeaderElection70] INFO  impl.RaftServerImpl (ServerState.java:setRaftConf(356)) - 766c14c5-5cb5-41bc-8207-7614765910d0@group-2EC7CCF7DE55: set configuration 3: [766c14c5-5cb5-41bc-8207-7614765910d0:192.168.164.234:36578, a0e49052-281e-4dd3-8f50-b5fa6f1d224b:192.168.164.234:32895, 32b13c6d-f91a-4144-84ce-062836d40646:192.168.164.234:40671], old=null at 3
2019-10-10 01:20:43,476 [grpc-default-executor-6] WARN  server.GrpcLogAppender (LogUtils.java:warn(134)) - 766c14c5-5cb5-41bc-8207-7614765910d0@group-2EC7CCF7DE55->32b13c6d-f91a-4144-84ce-062836d40646-AppendLogResponseHandler: Failed appendEntries: org.apache.ratis.thirdparty.io.grpc.StatusRuntimeException: UNAVAILABLE: io exception
2019-10-10 01:20:43,484 [grpc-default-executor-6] INFO  impl.FollowerInfo (FollowerInfo.java:lambda$new$0(51)) - 766c14c5-5cb5-41bc-8207-7614765910d0@group-2EC7CCF7DE55->32b13c6d-f91a-4144-84ce-062836d40646: nextIndex: updateUnconditionally 3 -> 1
2019-10-10 01:20:43,484 [766c14c5-5cb5-41bc-8207-7614765910d0@group-2EC7CCF7DE55-SegmentedRaftLogWorker] INFO  segmented.SegmentedRaftLogWorker (SegmentedRaftLogWorker.java:execute(531)) - 766c14c5-5cb5-41bc-8207-7614765910d0@group-2EC7CCF7DE55-SegmentedRaftLogWorker: Rolled log segment from /workdir/hadoop-ozone/integration-test/target/test-dir/MiniOzoneClusterImpl-01b1a667-9da5-47bb-9e78-cb1676f03331/datanode-3/data/ratis/6657f789-4a67-48d5-b98f-2ec7ccf7de55/current/log_inprogress_0 to /workdir/hadoop-ozone/integration-test/target/test-dir/MiniOzoneClusterImpl-01b1a667-9da5-47bb-9e78-cb1676f03331/datanode-3/data/ratis/6657f789-4a67-48d5-b98f-2ec7ccf7de55/current/log_0-2
2019-10-10 01:20:43,484 [grpc-default-executor-6] INFO  impl.RaftServerImpl (ServerState.java:setLeader(255)) - a0e49052-281e-4dd3-8f50-b5fa6f1d224b@group-2EC7CCF7DE55: change Leader from null to 766c14c5-5cb5-41bc-8207-7614765910d0 at term 2 for appendEntries, leader elected after 45ms
2019-10-10 01:20:43,488 [grpc-default-executor-6] INFO  impl.RaftServerImpl (ServerState.java:setRaftConf(356)) - a0e49052-281e-4dd3-8f50-b5fa6f1d224b@group-2EC7CCF7DE55: set configuration 3: [766c14c5-5cb5-41bc-8207-7614765910d0:192.168.164.234:36578, a0e49052-281e-4dd3-8f50-b5fa6f1d224b:192.168.164.234:32895, 32b13c6d-f91a-4144-84ce-062836d40646:192.168.164.234:40671], old=null at 3
2019-10-10 01:20:43,488 [grpc-default-executor-6] INFO  segmented.SegmentedRaftLogWorker (SegmentedRaftLogWorker.java:rollLogSegment(390)) - a0e49052-281e-4dd3-8f50-b5fa6f1d224b@group-2EC7CCF7DE55-SegmentedRaftLogWorker: Rolling segment log-0_2 to index:2
2019-10-10 01:20:43,489 [a0e49052-281e-4dd3-8f50-b5fa6f1d224b@group-2EC7CCF7DE55-SegmentedRaftLogWorker] INFO  segmented.SegmentedRaftLogWorker (SegmentedRaftLogWorker.java:execute(531)) - a0e49052-281e-4dd3-8f50-b5fa6f1d224b@group-2EC7CCF7DE55-SegmentedRaftLogWorker: Rolled log segment from /workdir/hadoop-ozone/integration-test/target/test-dir/MiniOzoneClusterImpl-01b1a667-9da5-47bb-9e78-cb1676f03331/datanode-1/data/ratis/6657f789-4a67-48d5-b98f-2ec7ccf7de55/current/log_inprogress_0 to /workdir/hadoop-ozone/integration-test/target/test-dir/MiniOzoneClusterImpl-01b1a667-9da5-47bb-9e78-cb1676f03331/datanode-1/data/ratis/6657f789-4a67-48d5-b98f-2ec7ccf7de55/current/log_0-2
2019-10-10 01:20:43,538 [766c14c5-5cb5-41bc-8207-7614765910d0@group-2EC7CCF7DE55-SegmentedRaftLogWorker] INFO  segmented.SegmentedRaftLogWorker (SegmentedRaftLogWorker.java:execute(574)) - 766c14c5-5cb5-41bc-8207-7614765910d0@group-2EC7CCF7DE55-SegmentedRaftLogWorker: created new log segment /workdir/hadoop-ozone/integration-test/target/test-dir/MiniOzoneClusterImpl-01b1a667-9da5-47bb-9e78-cb1676f03331/datanode-3/data/ratis/6657f789-4a67-48d5-b98f-2ec7ccf7de55/current/log_inprogress_3
2019-10-10 01:20:43,574 [a0e49052-281e-4dd3-8f50-b5fa6f1d224b@group-2EC7CCF7DE55-SegmentedRaftLogWorker] INFO  segmented.SegmentedRaftLogWorker (SegmentedRaftLogWorker.java:execute(574)) - a0e49052-281e-4dd3-8f50-b5fa6f1d224b@group-2EC7CCF7DE55-SegmentedRaftLogWorker: created new log segment /workdir/hadoop-ozone/integration-test/target/test-dir/MiniOzoneClusterImpl-01b1a667-9da5-47bb-9e78-cb1676f03331/datanode-1/data/ratis/6657f789-4a67-48d5-b98f-2ec7ccf7de55/current/log_inprogress_3
2019-10-10 01:20:43,594 [grpc-default-executor-3] WARN  server.GrpcLogAppender (LogUtils.java:warn(134)) - 766c14c5-5cb5-41bc-8207-7614765910d0@group-2EC7CCF7DE55->32b13c6d-f91a-4144-84ce-062836d40646-AppendLogResponseHandler: Failed appendEntries: org.apache.ratis.thirdparty.io.grpc.StatusRuntimeException: UNAVAILABLE: io exception
2019-10-10 01:20:43,594 [grpc-default-executor-3] INFO  impl.FollowerInfo (FollowerInfo.java:lambda$new$0(51)) - 766c14c5-5cb5-41bc-8207-7614765910d0@group-2EC7CCF7DE55->32b13c6d-f91a-4144-84ce-062836d40646: nextIndex: updateUnconditionally 2 -> 1
2019-10-10 01:20:43,609 [grpc-default-executor-1] WARN  server.GrpcLogAppender (LogUtils.java:warn(134)) - 766c14c5-5cb5-41bc-8207-7614765910d0@group-2EC7CCF7DE55->32b13c6d-f91a-4144-84ce-062836d40646-AppendLogResponseHandler: Failed appendEntries: org.apache.ratis.thirdparty.io.grpc.StatusRuntimeException: UNAVAILABLE: io exception
2019-10-10 01:20:43,610 [grpc-default-executor-1] INFO  impl.FollowerInfo (FollowerInfo.java:lambda$new$0(51)) - 766c14c5-5cb5-41bc-8207-7614765910d0@group-2EC7CCF7DE55->32b13c6d-f91a-4144-84ce-062836d40646: nextIndex: updateUnconditionally 2 -> 1
2019-10-10 01:20:43,909 [grpc-default-executor-6] WARN  server.GrpcLogAppender (LogUtils.java:warn(134)) - 766c14c5-5cb5-41bc-8207-7614765910d0@group-2EC7CCF7DE55->32b13c6d-f91a-4144-84ce-062836d40646-AppendLogResponseHandler: Failed appendEntries: org.apache.ratis.thirdparty.io.grpc.StatusRuntimeException: UNAVAILABLE: io exception
2019-10-10 01:20:43,909 [grpc-default-executor-6] INFO  impl.FollowerInfo (FollowerInfo.java:lambda$new$0(51)) - 766c14c5-5cb5-41bc-8207-7614765910d0@group-2EC7CCF7DE55->32b13c6d-f91a-4144-84ce-062836d40646: nextIndex: updateUnconditionally 2 -> 1
2019-10-10 01:20:43,922 [grpc-default-executor-1] WARN  server.GrpcLogAppender (LogUtils.java:warn(134)) - 766c14c5-5cb5-41bc-8207-7614765910d0@group-2EC7CCF7DE55->32b13c6d-f91a-4144-84ce-062836d40646-AppendLogResponseHandler: Failed appendEntries: org.apache.ratis.thirdparty.io.grpc.StatusRuntimeException: UNAVAILABLE: io exception
2019-10-10 01:20:43,922 [grpc-default-executor-1] INFO  impl.FollowerInfo (FollowerInfo.java:lambda$new$0(51)) - 766c14c5-5cb5-41bc-8207-7614765910d0@group-2EC7CCF7DE55->32b13c6d-f91a-4144-84ce-062836d40646: nextIndex: updateUnconditionally 2 -> 1
2019-10-10 01:20:43,934 [grpc-default-executor-6] WARN  server.GrpcLogAppender (LogUtils.java:warn(134)) - 766c14c5-5cb5-41bc-8207-7614765910d0@group-2EC7CCF7DE55->32b13c6d-f91a-4144-84ce-062836d40646-AppendLogResponseHandler: Failed appendEntries: org.apache.ratis.thirdparty.io.grpc.StatusRuntimeException: UNAVAILABLE: io exception
2019-10-10 01:20:43,934 [grpc-default-executor-6] INFO  impl.FollowerInfo (FollowerInfo.java:lambda$new$0(51)) - 766c14c5-5cb5-41bc-8207-7614765910d0@group-2EC7CCF7DE55->32b13c6d-f91a-4144-84ce-062836d40646: nextIndex: updateUnconditionally 2 -> 1
2019-10-10 01:20:43,946 [EventQueue-IncrementalContainerReportForIncrementalContainerReportHandler] WARN  container.IncrementalContainerReportHandler (AbstractContainerReportHandler.java:updateContainerState(145)) - Container #1 is in OPEN state, but the datanode 766c14c5-5cb5-41bc-8207-7614765910d0{ip: 192.168.164.234, host: pr-hdds-2181-sndvk-718193549, networkLocation: /default-rack, certSerialId: null} reports an CLOSING replica.
2019-10-10 01:20:43,968 [EventQueue-IncrementalContainerReportForIncrementalContainerReportHandler] WARN  container.IncrementalContainerReportHandler (AbstractContainerReportHandler.java:updateContainerState(145)) - Container #1 is in OPEN state, but the datanode a0e49052-281e-4dd3-8f50-b5fa6f1d224b{ip: 192.168.164.234, host: pr-hdds-2181-sndvk-718193549, networkLocation: /default-rack, certSerialId: null} reports an CLOSING replica.
2019-10-10 01:20:44,052 [RatisApplyTransactionExecutor 1] INFO  interfaces.Container (KeyValueContainer.java:flushAndSyncDB(386)) - Container 1 is synced with bcsId 0.
2019-10-10 01:20:44,139 [RatisApplyTransactionExecutor 1] INFO  interfaces.Container (KeyValueContainer.java:flushAndSyncDB(386)) - Container 1 is synced with bcsId 0.
2019-10-10 01:20:44,153 [RatisApplyTransactionExecutor 1] INFO  interfaces.Container (KeyValueContainer.java:flushAndSyncDB(386)) - Container 1 is synced with bcsId 0.
2019-10-10 01:20:44,154 [RatisApplyTransactionExecutor 1] INFO  interfaces.Container (KeyValueContainer.java:flushAndSyncDB(386)) - Container 1 is synced with bcsId 0.
2019-10-10 01:20:44,171 [RatisApplyTransactionExecutor 1] INFO  interfaces.Container (KeyValueContainer.java:close(335)) - Container 1 is closed with bcsId 0.
2019-10-10 01:20:44,171 [RatisApplyTransactionExecutor 1] INFO  interfaces.Container (KeyValueContainer.java:close(335)) - Container 1 is closed with bcsId 0.
2019-10-10 01:20:44,175 [EventQueue-IncrementalContainerReportForIncrementalContainerReportHandler] WARN  container.IncrementalContainerReportHandler (AbstractContainerReportHandler.java:updateContainerState(145)) - Container #1 is in OPEN state, but the datanode 766c14c5-5cb5-41bc-8207-7614765910d0{ip: 192.168.164.234, host: pr-hdds-2181-sndvk-718193549, networkLocation: /default-rack, certSerialId: null} reports an CLOSED replica.
2019-10-10 01:20:44,175 [EventQueue-IncrementalContainerReportForIncrementalContainerReportHandler] WARN  container.IncrementalContainerReportHandler (AbstractContainerReportHandler.java:updateContainerState(145)) - Container #1 is in OPEN state, but the datanode a0e49052-281e-4dd3-8f50-b5fa6f1d224b{ip: 192.168.164.234, host: pr-hdds-2181-sndvk-718193549, networkLocation: /default-rack, certSerialId: null} reports an CLOSED replica.
2019-10-10 01:20:46,438 [grpc-default-executor-1] WARN  server.GrpcLogAppender (LogUtils.java:warn(134)) - 766c14c5-5cb5-41bc-8207-7614765910d0@group-2EC7CCF7DE55->32b13c6d-f91a-4144-84ce-062836d40646-AppendLogResponseHandler: Failed appendEntries: org.apache.ratis.thirdparty.io.grpc.StatusRuntimeException: UNAVAILABLE: io exception
2019-10-10 01:20:46,439 [grpc-default-executor-1] INFO  impl.FollowerInfo (FollowerInfo.java:lambda$new$0(51)) - 766c14c5-5cb5-41bc-8207-7614765910d0@group-2EC7CCF7DE55->32b13c6d-f91a-4144-84ce-062836d40646: nextIndex: updateUnconditionally 1 -> 0
2019-10-10 01:20:47,179 [main] WARN  scm.XceiverClientRatis (XceiverClientRatis.java:watchForCommit(277)) - 3 way commit failed on pipeline Pipeline[ Id: 6657f789-4a67-48d5-b98f-2ec7ccf7de55, Nodes: 32b13c6d-f91a-4144-84ce-062836d40646{ip: 192.168.164.234, host: pr-hdds-2181-sndvk-718193549, networkLocation: /default-rack, certSerialId: null}a0e49052-281e-4dd3-8f50-b5fa6f1d224b{ip: 192.168.164.234, host: pr-hdds-2181-sndvk-718193549, networkLocation: /default-rack, certSerialId: null}766c14c5-5cb5-41bc-8207-7614765910d0{ip: 192.168.164.234, host: pr-hdds-2181-sndvk-718193549, networkLocation: /default-rack, certSerialId: null}, Type:RATIS, Factor:THREE, State:OPEN]
java.util.concurrent.TimeoutException
	at java.util.concurrent.CompletableFuture.timedGet(CompletableFuture.java:1771)
	at java.util.concurrent.CompletableFuture.get(CompletableFuture.java:1915)
	at org.apache.hadoop.hdds.scm.XceiverClientRatis.watchForCommit(XceiverClientRatis.java:274)
	at org.apache.hadoop.ozone.client.rpc.TestWatchForCommit.test2WayCommitForTimeoutException(TestWatchForCommit.java:391)
	at sun.reflect.NativeMethodAccessorImpl.invoke0(Native Method)
	at sun.reflect.NativeMethodAccessorImpl.invoke(NativeMethodAccessorImpl.java:62)
	at sun.reflect.DelegatingMethodAccessorImpl.invoke(DelegatingMethodAccessorImpl.java:43)
	at java.lang.reflect.Method.invoke(Method.java:498)
	at org.junit.runners.model.FrameworkMethod$1.runReflectiveCall(FrameworkMethod.java:47)
	at org.junit.internal.runners.model.ReflectiveCallable.run(ReflectiveCallable.java:12)
	at org.junit.runners.model.FrameworkMethod.invokeExplosively(FrameworkMethod.java:44)
	at org.junit.internal.runners.statements.InvokeMethod.evaluate(InvokeMethod.java:17)
	at org.junit.runners.ParentRunner.runLeaf(ParentRunner.java:271)
	at org.junit.runners.BlockJUnit4ClassRunner.runChild(BlockJUnit4ClassRunner.java:70)
	at org.junit.runners.BlockJUnit4ClassRunner.runChild(BlockJUnit4ClassRunner.java:50)
	at org.junit.runners.ParentRunner$3.run(ParentRunner.java:238)
	at org.junit.runners.ParentRunner$1.schedule(ParentRunner.java:63)
	at org.junit.runners.ParentRunner.runChildren(ParentRunner.java:236)
	at org.junit.runners.ParentRunner.access$000(ParentRunner.java:53)
	at org.junit.runners.ParentRunner$2.evaluate(ParentRunner.java:229)
	at org.junit.runners.ParentRunner.run(ParentRunner.java:309)
	at org.apache.maven.surefire.junit4.JUnit4Provider.execute(JUnit4Provider.java:365)
	at org.apache.maven.surefire.junit4.JUnit4Provider.executeWithRerun(JUnit4Provider.java:273)
	at org.apache.maven.surefire.junit4.JUnit4Provider.executeTestSet(JUnit4Provider.java:238)
	at org.apache.maven.surefire.junit4.JUnit4Provider.invoke(JUnit4Provider.java:159)
	at org.apache.maven.surefire.booter.ForkedBooter.invokeProviderInSameClassLoader(ForkedBooter.java:384)
	at org.apache.maven.surefire.booter.ForkedBooter.runSuitesInProcess(ForkedBooter.java:345)
	at org.apache.maven.surefire.booter.ForkedBooter.execute(ForkedBooter.java:126)
	at org.apache.maven.surefire.booter.ForkedBooter.main(ForkedBooter.java:418)
2019-10-10 01:20:47,202 [Thread-2474] INFO  client.GrpcClientProtocolService (GrpcClientProtocolService.java:lambda$processClientRequest$0(278)) - Failed RaftClientRequest:client-F25C4BA4DCD5->a0e49052-281e-4dd3-8f50-b5fa6f1d224b@group-2EC7CCF7DE55, cid=106, seq=0, Watch-MAJORITY_COMMITTED(5), Message:<EMPTY>, reply=RaftClientReply:client-F25C4BA4DCD5->a0e49052-281e-4dd3-8f50-b5fa6f1d224b@group-2EC7CCF7DE55, cid=106, FAILED org.apache.ratis.protocol.NotLeaderException: Server a0e49052-281e-4dd3-8f50-b5fa6f1d224b@group-2EC7CCF7DE55 is not the leader 766c14c5-5cb5-41bc-8207-7614765910d0:192.168.164.234:36578, logIndex=0, commits[a0e49052-281e-4dd3-8f50-b5fa6f1d224b:c6, 766c14c5-5cb5-41bc-8207-7614765910d0:c6, 32b13c6d-f91a-4144-84ce-062836d40646:c2]
2019-10-10 01:20:48,940 [grpc-default-executor-1] WARN  server.GrpcLogAppender (LogUtils.java:warn(134)) - 766c14c5-5cb5-41bc-8207-7614765910d0@group-2EC7CCF7DE55->32b13c6d-f91a-4144-84ce-062836d40646-AppendLogResponseHandler: Failed appendEntries: org.apache.ratis.thirdparty.io.grpc.StatusRuntimeException: UNAVAILABLE: io exception
2019-10-10 01:20:48,950 [grpc-default-executor-1] INFO  impl.FollowerInfo (FollowerInfo.java:lambda$new$0(51)) - 766c14c5-5cb5-41bc-8207-7614765910d0@group-2EC7CCF7DE55->32b13c6d-f91a-4144-84ce-062836d40646: nextIndex: updateUnconditionally 0 -> 0
]]></system-out>
  </testcase>
</testsuite>