<?xml version="1.0" encoding="UTF-8"?>
<testsuite xmlns:xsi="http://www.w3.org/2001/XMLSchema-instance" xsi:noNamespaceSchemaLocation="https://maven.apache.org/surefire/maven-surefire-plugin/xsd/surefire-test-report.xsd" name="org.apache.hadoop.ozone.client.rpc.TestWatchForCommit" time="233.265" tests="5" errors="1" skipped="0" failures="0">
  <properties>
    <property name="awt.toolkit" value="sun.awt.X11.XToolkit"/>
    <property name="file.encoding.pkg" value="sun.io"/>
    <property name="java.specification.version" value="1.8"/>
    <property name="sun.cpu.isalist" value=""/>
    <property name="sun.jnu.encoding" value="UTF-8"/>
    <property name="java.class.path" value="/workdir/hadoop-ozone/integration-test/target/test-classes:/workdir/hadoop-ozone/integration-test/target/classes:/home/user/.m2/repository/org/apache/hadoop/hadoop-ozone-common/0.5.0-SNAPSHOT/hadoop-ozone-common-0.5.0-SNAPSHOT.jar:/home/user/.m2/repository/org/apache/commons/commons-compress/1.4.1/commons-compress-1.4.1.jar:/home/user/.m2/repository/org/tukaani/xz/1.0/xz-1.0.jar:/home/user/.m2/repository/org/apache/hadoop/hadoop-common/3.2.0/hadoop-common-3.2.0.jar:/home/user/.m2/repository/org/apache/hadoop/hadoop-hdfs/3.2.0/hadoop-hdfs-3.2.0.jar:/home/user/.m2/repository/org/apache/hadoop/hadoop-hdfs-client/3.2.0/hadoop-hdfs-client-3.2.0.jar:/home/user/.m2/repository/com/fasterxml/jackson/core/jackson-annotations/2.9.9/jackson-annotations-2.9.9.jar:/home/user/.m2/repository/org/apache/hadoop/hadoop-hdds-common/0.5.0-SNAPSHOT/hadoop-hdds-common-0.5.0-SNAPSHOT.jar:/home/user/.m2/repository/javax/annotation/javax.annotation-api/1.2/javax.annotation-api-1.2.jar:/home/user/.m2/repository/org/apache/ratis/ratis-server/0.5.0-201fc85-SNAPSHOT/ratis-server-0.5.0-201fc85-SNAPSHOT.jar:/home/user/.m2/repository/org/apache/ratis/ratis-thirdparty-misc/0.2.0/ratis-thirdparty-misc-0.2.0.jar:/home/user/.m2/repository/org/apache/ratis/ratis-proto/0.5.0-201fc85-SNAPSHOT/ratis-proto-0.5.0-201fc85-SNAPSHOT.jar:/home/user/.m2/repository/org/apache/ratis/ratis-common/0.5.0-201fc85-SNAPSHOT/ratis-common-0.5.0-201fc85-SNAPSHOT.jar:/home/user/.m2/repository/org/apache/ratis/ratis-client/0.5.0-201fc85-SNAPSHOT/ratis-client-0.5.0-201fc85-SNAPSHOT.jar:/home/user/.m2/repository/org/apache/ratis/ratis-metrics/0.5.0-201fc85-SNAPSHOT/ratis-metrics-0.5.0-201fc85-SNAPSHOT.jar:/home/user/.m2/repository/com/github/joshelser/dropwizard-metrics-hadoop-metrics2-reporter/0.1.2/dropwizard-metrics-hadoop-metrics2-reporter-0.1.2.jar:/home/user/.m2/repository/io/dropwizard/metrics/metrics-jvm/3.2.5/metrics-jvm-3.2.5.jar:/home/user/.m2/repository/io/dropwizard/metrics/metrics-ganglia/3.2.5/metrics-ganglia-3.2.5.jar:/home/user/.m2/repository/info/ganglia/gmetric4j/gmetric4j/1.0.7/gmetric4j-1.0.7.jar:/home/user/.m2/repository/org/apache/ratis/ratis-netty/0.5.0-201fc85-SNAPSHOT/ratis-netty-0.5.0-201fc85-SNAPSHOT.jar:/home/user/.m2/repository/org/apache/ratis/ratis-grpc/0.5.0-201fc85-SNAPSHOT/ratis-grpc-0.5.0-201fc85-SNAPSHOT.jar:/home/user/.m2/repository/org/rocksdb/rocksdbjni/6.0.1/rocksdbjni-6.0.1.jar:/home/user/.m2/repository/org/apache/logging/log4j/log4j-api/2.11.0/log4j-api-2.11.0.jar:/home/user/.m2/repository/org/apache/logging/log4j/log4j-core/2.11.0/log4j-core-2.11.0.jar:/home/user/.m2/repository/com/lmax/disruptor/3.4.2/disruptor-3.4.2.jar:/home/user/.m2/repository/org/apache/commons/commons-pool2/2.6.0/commons-pool2-2.6.0.jar:/home/user/.m2/repository/org/bouncycastle/bcpkix-jdk15on/1.60/bcpkix-jdk15on-1.60.jar:/home/user/.m2/repository/commons-validator/commons-validator/1.6/commons-validator-1.6.jar:/home/user/.m2/repository/commons-digester/commons-digester/1.8.1/commons-digester-1.8.1.jar:/home/user/.m2/repository/io/jaegertracing/jaeger-client/0.34.0/jaeger-client-0.34.0.jar:/home/user/.m2/repository/io/jaegertracing/jaeger-thrift/0.34.0/jaeger-thrift-0.34.0.jar:/home/user/.m2/repository/org/apache/thrift/libthrift/0.12.0/libthrift-0.12.0.jar:/home/user/.m2/repository/com/squareup/okhttp3/okhttp/3.9.0/okhttp-3.9.0.jar:/home/user/.m2/repository/com/squareup/okio/okio/1.13.0/okio-1.13.0.jar:/home/user/.m2/repository/io/jaegertracing/jaeger-core/0.34.0/jaeger-core-0.34.0.jar:/home/user/.m2/repository/io/jaegertracing/jaeger-tracerresolver/0.34.0/jaeger-tracerresolver-0.34.0.jar:/home/user/.m2/repository/io/opentracing/contrib/opentracing-tracerresolver/0.1.5/opentracing-tracerresolver-0.1.5.jar:/home/user/.m2/repository/io/opentracing/opentracing-util/0.31.0/opentracing-util-0.31.0.jar:/home/user/.m2/repository/io/opentracing/opentracing-api/0.31.0/opentracing-api-0.31.0.jar:/home/user/.m2/repository/io/opentracing/opentracing-noop/0.31.0/opentracing-noop-0.31.0.jar:/home/user/.m2/repository/org/apache/hadoop/hadoop-hdds-server-framework/0.5.0-SNAPSHOT/hadoop-hdds-server-framework-0.5.0-SNAPSHOT.jar:/home/user/.m2/repository/org/apache/hadoop/hadoop-hdds-container-service/0.5.0-SNAPSHOT/hadoop-hdds-container-service-0.5.0-SNAPSHOT.jar:/home/user/.m2/repository/org/apache/hadoop/hadoop-hdds-client/0.5.0-SNAPSHOT/hadoop-hdds-client-0.5.0-SNAPSHOT.jar:/home/user/.m2/repository/org/apache/hadoop/hadoop-hdds-tools/0.5.0-SNAPSHOT/hadoop-hdds-tools-0.5.0-SNAPSHOT.jar:/home/user/.m2/repository/org/apache/hadoop/hadoop-hdds-server-scm/0.5.0-SNAPSHOT/hadoop-hdds-server-scm-0.5.0-SNAPSHOT.jar:/home/user/.m2/repository/org/apache/hadoop/hadoop-hdds-docs/0.5.0-SNAPSHOT/hadoop-hdds-docs-0.5.0-SNAPSHOT.jar:/home/user/.m2/repository/io/dropwizard/metrics/metrics-core/3.2.4/metrics-core-3.2.4.jar:/home/user/.m2/repository/org/hamcrest/hamcrest-all/1.3/hamcrest-all-1.3.jar:/home/user/.m2/repository/org/bouncycastle/bcprov-jdk15on/1.60/bcprov-jdk15on-1.60.jar:/home/user/.m2/repository/info/picocli/picocli/3.9.6/picocli-3.9.6.jar:/home/user/.m2/repository/com/google/protobuf/protobuf-java/2.5.0/protobuf-java-2.5.0.jar:/home/user/.m2/repository/com/google/guava/guava/11.0.2/guava-11.0.2.jar:/home/user/.m2/repository/org/apache/hadoop/hadoop-ozone-ozone-manager/0.5.0-SNAPSHOT/hadoop-ozone-ozone-manager-0.5.0-SNAPSHOT.jar:/home/user/.m2/repository/org/apache/hadoop/hadoop-minikdc/3.2.0/hadoop-minikdc-3.2.0.jar:/home/user/.m2/repository/commons-io/commons-io/2.5/commons-io-2.5.jar:/home/user/.m2/repository/org/apache/kerby/kerb-simplekdc/1.0.1/kerb-simplekdc-1.0.1.jar:/home/user/.m2/repository/org/apache/kerby/kerb-client/1.0.1/kerb-client-1.0.1.jar:/home/user/.m2/repository/org/apache/kerby/kerby-config/1.0.1/kerby-config-1.0.1.jar:/home/user/.m2/repository/org/apache/kerby/kerb-core/1.0.1/kerb-core-1.0.1.jar:/home/user/.m2/repository/org/apache/kerby/kerby-pkix/1.0.1/kerby-pkix-1.0.1.jar:/home/user/.m2/repository/org/apache/kerby/kerby-asn1/1.0.1/kerby-asn1-1.0.1.jar:/home/user/.m2/repository/org/apache/kerby/kerby-util/1.0.1/kerby-util-1.0.1.jar:/home/user/.m2/repository/org/apache/kerby/kerb-common/1.0.1/kerb-common-1.0.1.jar:/home/user/.m2/repository/org/apache/kerby/kerb-crypto/1.0.1/kerb-crypto-1.0.1.jar:/home/user/.m2/repository/org/apache/kerby/kerb-util/1.0.1/kerb-util-1.0.1.jar:/home/user/.m2/repository/org/apache/kerby/token-provider/1.0.1/token-provider-1.0.1.jar:/home/user/.m2/repository/org/apache/kerby/kerb-admin/1.0.1/kerb-admin-1.0.1.jar:/home/user/.m2/repository/org/apache/kerby/kerb-server/1.0.1/kerb-server-1.0.1.jar:/home/user/.m2/repository/org/apache/kerby/kerb-identity/1.0.1/kerb-identity-1.0.1.jar:/home/user/.m2/repository/org/apache/kerby/kerby-xdr/1.0.1/kerby-xdr-1.0.1.jar:/home/user/.m2/repository/org/slf4j/slf4j-log4j12/1.7.25/slf4j-log4j12-1.7.25.jar:/home/user/.m2/repository/org/apache/hadoop/hadoop-ozone-s3gateway/0.5.0-SNAPSHOT/hadoop-ozone-s3gateway-0.5.0-SNAPSHOT.jar:/home/user/.m2/repository/org/jboss/weld/servlet/weld-servlet/2.4.7.Final/weld-servlet-2.4.7.Final.jar:/home/user/.m2/repository/org/glassfish/jersey/containers/jersey-container-servlet-core/2.27/jersey-container-servlet-core-2.27.jar:/home/user/.m2/repository/org/glassfish/hk2/external/javax.inject/2.5.0-b42/javax.inject-2.5.0-b42.jar:/home/user/.m2/repository/org/glassfish/jersey/core/jersey-common/2.27/jersey-common-2.27.jar:/home/user/.m2/repository/org/glassfish/hk2/osgi-resource-locator/1.0.1/osgi-resource-locator-1.0.1.jar:/home/user/.m2/repository/javax/ws/rs/javax.ws.rs-api/2.1/javax.ws.rs-api-2.1.jar:/home/user/.m2/repository/org/glassfish/jersey/ext/cdi/jersey-cdi1x/2.27/jersey-cdi1x-2.27.jar:/home/user/.m2/repository/org/glassfish/jersey/inject/jersey-hk2/2.27/jersey-hk2-2.27.jar:/home/user/.m2/repository/org/glassfish/hk2/hk2-locator/2.5.0-b42/hk2-locator-2.5.0-b42.jar:/home/user/.m2/repository/org/javassist/javassist/3.22.0-CR2/javassist-3.22.0-CR2.jar:/home/user/.m2/repository/org/glassfish/hk2/hk2-api/2.5.0/hk2-api-2.5.0.jar:/home/user/.m2/repository/org/glassfish/hk2/external/jakarta.inject/2.5.0/jakarta.inject-2.5.0.jar:/home/user/.m2/repository/org/glassfish/hk2/hk2-utils/2.5.0/hk2-utils-2.5.0.jar:/home/user/.m2/repository/jakarta/annotation/jakarta.annotation-api/1.3.4/jakarta.annotation-api-1.3.4.jar:/home/user/.m2/repository/org/glassfish/hk2/external/aopalliance-repackaged/2.5.0/aopalliance-repackaged-2.5.0.jar:/home/user/.m2/repository/com/fasterxml/jackson/dataformat/jackson-dataformat-xml/2.9.0/jackson-dataformat-xml-2.9.0.jar:/home/user/.m2/repository/com/fasterxml/jackson/core/jackson-core/2.9.9/jackson-core-2.9.9.jar:/home/user/.m2/repository/com/fasterxml/jackson/module/jackson-module-jaxb-annotations/2.9.9/jackson-module-jaxb-annotations-2.9.9.jar:/home/user/.m2/repository/javax/enterprise/cdi-api/1.2/cdi-api-1.2.jar:/home/user/.m2/repository/javax/el/javax.el-api/3.0.0/javax.el-api-3.0.0.jar:/home/user/.m2/repository/javax/interceptor/javax.interceptor-api/1.2/javax.interceptor-api-1.2.jar:/home/user/.m2/repository/javax/inject/javax.inject/1/javax.inject-1.jar:/home/user/.m2/repository/com/sun/xml/bind/jaxb-impl/2.3.0.1/jaxb-impl-2.3.0.1.jar:/home/user/.m2/repository/com/sun/xml/bind/jaxb-core/2.3.0.1/jaxb-core-2.3.0.1.jar:/home/user/.m2/repository/javax/xml/bind/jaxb-api/2.3.0/jaxb-api-2.3.0.jar:/home/user/.m2/repository/javax/activation/activation/1.1.1/activation-1.1.1.jar:/home/user/.m2/repository/org/apache/hadoop/hadoop-ozone-csi/0.5.0-SNAPSHOT/hadoop-ozone-csi-0.5.0-SNAPSHOT.jar:/home/user/.m2/repository/com/google/protobuf/protobuf-java-util/3.5.1/protobuf-java-util-3.5.1.jar:/home/user/.m2/repository/org/apache/hadoop/hadoop-hdds-config/0.5.0-SNAPSHOT/hadoop-hdds-config-0.5.0-SNAPSHOT.jar:/home/user/.m2/repository/io/grpc/grpc-netty/1.17.1/grpc-netty-1.17.1.jar:/home/user/.m2/repository/io/grpc/grpc-core/1.17.1/grpc-core-1.17.1.jar:/home/user/.m2/repository/io/grpc/grpc-context/1.17.1/grpc-context-1.17.1.jar:/home/user/.m2/repository/com/google/errorprone/error_prone_annotations/2.2.0/error_prone_annotations-2.2.0.jar:/home/user/.m2/repository/org/codehaus/mojo/animal-sniffer-annotations/1.17/animal-sniffer-annotations-1.17.jar:/home/user/.m2/repository/io/opencensus/opencensus-api/0.17.0/opencensus-api-0.17.0.jar:/home/user/.m2/repository/io/opencensus/opencensus-contrib-grpc-metrics/0.17.0/opencensus-contrib-grpc-metrics-0.17.0.jar:/home/user/.m2/repository/io/netty/netty-codec-http2/4.1.30.Final/netty-codec-http2-4.1.30.Final.jar:/home/user/.m2/repository/io/netty/netty-codec-http/4.1.30.Final/netty-codec-http-4.1.30.Final.jar:/home/user/.m2/repository/io/netty/netty-codec/4.1.30.Final/netty-codec-4.1.30.Final.jar:/home/user/.m2/repository/io/netty/netty-handler/4.1.30.Final/netty-handler-4.1.30.Final.jar:/home/user/.m2/repository/io/netty/netty-handler-proxy/4.1.30.Final/netty-handler-proxy-4.1.30.Final.jar:/home/user/.m2/repository/io/netty/netty-codec-socks/4.1.30.Final/netty-codec-socks-4.1.30.Final.jar:/home/user/.m2/repository/io/netty/netty-transport-native-epoll/4.1.30.Final/netty-transport-native-epoll-4.1.30.Final.jar:/home/user/.m2/repository/io/netty/netty-common/4.1.30.Final/netty-common-4.1.30.Final.jar:/home/user/.m2/repository/io/netty/netty-buffer/4.1.30.Final/netty-buffer-4.1.30.Final.jar:/home/user/.m2/repository/io/netty/netty-transport/4.1.30.Final/netty-transport-4.1.30.Final.jar:/home/user/.m2/repository/io/netty/netty-resolver/4.1.30.Final/netty-resolver-4.1.30.Final.jar:/home/user/.m2/repository/io/netty/netty-transport-native-unix-common/4.1.30.Final/netty-transport-native-unix-common-4.1.30.Final.jar:/home/user/.m2/repository/io/grpc/grpc-protobuf/1.17.1/grpc-protobuf-1.17.1.jar:/home/user/.m2/repository/com/google/api/grpc/proto-google-common-protos/1.0.0/proto-google-common-protos-1.0.0.jar:/home/user/.m2/repository/io/grpc/grpc-protobuf-lite/1.17.1/grpc-protobuf-lite-1.17.1.jar:/home/user/.m2/repository/io/grpc/grpc-stub/1.17.1/grpc-stub-1.17.1.jar:/home/user/.m2/repository/org/apache/hadoop/hadoop-ozone-recon/0.5.0-SNAPSHOT/hadoop-ozone-recon-0.5.0-SNAPSHOT.jar:/home/user/.m2/repository/org/apache/hadoop/hadoop-ozone-reconcodegen/0.5.0-SNAPSHOT/hadoop-ozone-reconcodegen-0.5.0-SNAPSHOT.jar:/home/user/.m2/repository/com/google/inject/extensions/guice-multibindings/4.0/guice-multibindings-4.0.jar:/home/user/.m2/repository/com/google/inject/guice/4.0/guice-4.0.jar:/home/user/.m2/repository/aopalliance/aopalliance/1.0/aopalliance-1.0.jar:/home/user/.m2/repository/com/google/inject/extensions/guice-servlet/4.0/guice-servlet-4.0.jar:/home/user/.m2/repository/org/glassfish/jersey/containers/jersey-container-servlet/2.27/jersey-container-servlet-2.27.jar:/home/user/.m2/repository/org/glassfish/hk2/guice-bridge/2.5.0/guice-bridge-2.5.0.jar:/home/user/.m2/repository/org/glassfish/jersey/core/jersey-server/2.27/jersey-server-2.27.jar:/home/user/.m2/repository/org/glassfish/jersey/core/jersey-client/2.27/jersey-client-2.27.jar:/home/user/.m2/repository/org/glassfish/jersey/media/jersey-media-jaxb/2.27/jersey-media-jaxb-2.27.jar:/home/user/.m2/repository/javax/validation/validation-api/1.1.0.Final/validation-api-1.1.0.Final.jar:/home/user/.m2/repository/org/glassfish/jersey/media/jersey-media-json-jackson/2.27/jersey-media-json-jackson-2.27.jar:/home/user/.m2/repository/org/glassfish/jersey/ext/jersey-entity-filtering/2.27/jersey-entity-filtering-2.27.jar:/home/user/.m2/repository/com/google/inject/extensions/guice-assistedinject/4.0/guice-assistedinject-4.0.jar:/home/user/.m2/repository/org/jooq/jooq/3.11.10/jooq-3.11.10.jar:/home/user/.m2/repository/org/jooq/jooq-meta/3.11.10/jooq-meta-3.11.10.jar:/home/user/.m2/repository/org/jooq/jooq-codegen/3.11.10/jooq-codegen-3.11.10.jar:/home/user/.m2/repository/com/jolbox/bonecp/0.8.0.RELEASE/bonecp-0.8.0.RELEASE.jar:/home/user/.m2/repository/org/xerial/sqlite-jdbc/3.25.2/sqlite-jdbc-3.25.2.jar:/home/user/.m2/repository/org/springframework/spring-jdbc/5.1.3.RELEASE/spring-jdbc-5.1.3.RELEASE.jar:/home/user/.m2/repository/org/springframework/spring-beans/5.1.3.RELEASE/spring-beans-5.1.3.RELEASE.jar:/home/user/.m2/repository/org/springframework/spring-core/5.1.3.RELEASE/spring-core-5.1.3.RELEASE.jar:/home/user/.m2/repository/org/springframework/spring-jcl/5.1.3.RELEASE/spring-jcl-5.1.3.RELEASE.jar:/home/user/.m2/repository/org/springframework/spring-tx/5.1.3.RELEASE/spring-tx-5.1.3.RELEASE.jar:/home/user/.m2/repository/org/apache/hadoop/hadoop-ozone-client/0.5.0-SNAPSHOT/hadoop-ozone-client-0.5.0-SNAPSHOT.jar:/home/user/.m2/repository/commons-lang/commons-lang/2.6/commons-lang-2.6.jar:/home/user/.m2/repository/org/apache/hadoop/hadoop-ozone-ozone-manager/0.5.0-SNAPSHOT/hadoop-ozone-ozone-manager-0.5.0-SNAPSHOT-tests.jar:/home/user/.m2/repository/junit/junit/4.11/junit-4.11.jar:/home/user/.m2/repository/org/hamcrest/hamcrest-core/1.3/hamcrest-core-1.3.jar:/home/user/.m2/repository/org/openjdk/jmh/jmh-core/1.19/jmh-core-1.19.jar:/home/user/.m2/repository/net/sf/jopt-simple/jopt-simple/4.6/jopt-simple-4.6.jar:/home/user/.m2/repository/org/apache/commons/commons-math3/3.1.1/commons-math3-3.1.1.jar:/home/user/.m2/repository/org/openjdk/jmh/jmh-generator-annprocess/1.19/jmh-generator-annprocess-1.19.jar:/home/user/.m2/repository/org/mockito/mockito-all/1.8.5/mockito-all-1.8.5.jar:/home/user/.m2/repository/org/apache/hadoop/hadoop-kms/3.2.0/hadoop-kms-3.2.0.jar:/home/user/.m2/repository/org/apache/hadoop/hadoop-auth/3.2.0/hadoop-auth-3.2.0.jar:/home/user/.m2/repository/com/nimbusds/nimbus-jose-jwt/4.41.1/nimbus-jose-jwt-4.41.1.jar:/home/user/.m2/repository/com/github/stephenc/jcip/jcip-annotations/1.0-1/jcip-annotations-1.0-1.jar:/home/user/.m2/repository/net/minidev/json-smart/2.3/json-smart-2.3.jar:/home/user/.m2/repository/net/minidev/accessors-smart/1.2/accessors-smart-1.2.jar:/home/user/.m2/repository/org/ow2/asm/asm/5.0.4/asm-5.0.4.jar:/home/user/.m2/repository/org/apache/curator/curator-framework/2.12.0/curator-framework-2.12.0.jar:/home/user/.m2/repository/com/sun/jersey/jersey-core/1.19/jersey-core-1.19.jar:/home/user/.m2/repository/javax/ws/rs/jsr311-api/1.1.1/jsr311-api-1.1.1.jar:/home/user/.m2/repository/com/sun/jersey/jersey-server/1.19/jersey-server-1.19.jar:/home/user/.m2/repository/javax/servlet/javax.servlet-api/3.1.0/javax.servlet-api-3.1.0.jar:/home/user/.m2/repository/org/eclipse/jetty/jetty-server/9.3.25.v20180904/jetty-server-9.3.25.v20180904.jar:/home/user/.m2/repository/org/eclipse/jetty/jetty-http/9.3.25.v20180904/jetty-http-9.3.25.v20180904.jar:/home/user/.m2/repository/org/eclipse/jetty/jetty-io/9.3.25.v20180904/jetty-io-9.3.25.v20180904.jar:/home/user/.m2/repository/org/eclipse/jetty/jetty-webapp/9.3.25.v20180904/jetty-webapp-9.3.25.v20180904.jar:/home/user/.m2/repository/org/eclipse/jetty/jetty-xml/9.3.25.v20180904/jetty-xml-9.3.25.v20180904.jar:/home/user/.m2/repository/log4j/log4j/1.2.17/log4j-1.2.17.jar:/home/user/.m2/repository/org/slf4j/slf4j-api/1.7.25/slf4j-api-1.7.25.jar:/home/user/.m2/repository/org/slf4j/jul-to-slf4j/1.7.25/jul-to-slf4j-1.7.25.jar:/home/user/.m2/repository/org/eclipse/jetty/jetty-util/9.3.25.v20180904/jetty-util-9.3.25.v20180904.jar:/home/user/.m2/repository/com/fasterxml/jackson/core/jackson-databind/2.9.9/jackson-databind-2.9.9.jar:/home/user/.m2/repository/org/apache/hadoop/hadoop-kms/3.2.0/hadoop-kms-3.2.0-tests.jar:/home/user/.m2/repository/org/apache/hadoop/hadoop-hdds-server-scm/0.5.0-SNAPSHOT/hadoop-hdds-server-scm-0.5.0-SNAPSHOT-tests.jar:/home/user/.m2/repository/org/apache/hadoop/hadoop-hdds-container-service/0.5.0-SNAPSHOT/hadoop-hdds-container-service-0.5.0-SNAPSHOT-tests.jar:/home/user/.m2/repository/org/yaml/snakeyaml/1.16/snakeyaml-1.16.jar:/home/user/.m2/repository/org/apache/hadoop/hadoop-common/3.2.0/hadoop-common-3.2.0-tests.jar:/home/user/.m2/repository/org/apache/hadoop/hadoop-annotations/3.2.0/hadoop-annotations-3.2.0.jar:/usr/lib/jvm/java-1.8-openjdk/jre/../lib/tools.jar:/home/user/.m2/repository/commons-cli/commons-cli/1.2/commons-cli-1.2.jar:/home/user/.m2/repository/org/apache/httpcomponents/httpclient/4.5.2/httpclient-4.5.2.jar:/home/user/.m2/repository/org/apache/httpcomponents/httpcore/4.4.4/httpcore-4.4.4.jar:/home/user/.m2/repository/commons-codec/commons-codec/1.11/commons-codec-1.11.jar:/home/user/.m2/repository/commons-net/commons-net/3.6/commons-net-3.6.jar:/home/user/.m2/repository/commons-collections/commons-collections/3.2.2/commons-collections-3.2.2.jar:/home/user/.m2/repository/org/eclipse/jetty/jetty-servlet/9.3.25.v20180904/jetty-servlet-9.3.25.v20180904.jar:/home/user/.m2/repository/org/eclipse/jetty/jetty-security/9.3.25.v20180904/jetty-security-9.3.25.v20180904.jar:/home/user/.m2/repository/javax/servlet/jsp/jsp-api/2.1/jsp-api-2.1.jar:/home/user/.m2/repository/com/sun/jersey/jersey-servlet/1.19/jersey-servlet-1.19.jar:/home/user/.m2/repository/com/sun/jersey/jersey-json/1.19/jersey-json-1.19.jar:/home/user/.m2/repository/org/codehaus/jettison/jettison/1.1/jettison-1.1.jar:/home/user/.m2/repository/org/codehaus/jackson/jackson-core-asl/1.9.13/jackson-core-asl-1.9.13.jar:/home/user/.m2/repository/org/codehaus/jackson/jackson-mapper-asl/1.9.13/jackson-mapper-asl-1.9.13.jar:/home/user/.m2/repository/org/codehaus/jackson/jackson-jaxrs/1.9.13/jackson-jaxrs-1.9.13.jar:/home/user/.m2/repository/org/codehaus/jackson/jackson-xc/1.9.13/jackson-xc-1.9.13.jar:/home/user/.m2/repository/commons-logging/commons-logging/1.1.3/commons-logging-1.1.3.jar:/home/user/.m2/repository/commons-beanutils/commons-beanutils/1.9.4/commons-beanutils-1.9.4.jar:/home/user/.m2/repository/org/apache/commons/commons-configuration2/2.1.1/commons-configuration2-2.1.1.jar:/home/user/.m2/repository/org/apache/commons/commons-lang3/3.7/commons-lang3-3.7.jar:/home/user/.m2/repository/org/apache/commons/commons-text/1.4/commons-text-1.4.jar:/home/user/.m2/repository/org/apache/avro/avro/1.7.7/avro-1.7.7.jar:/home/user/.m2/repository/com/thoughtworks/paranamer/paranamer/2.3/paranamer-2.3.jar:/home/user/.m2/repository/org/xerial/snappy/snappy-java/1.0.5/snappy-java-1.0.5.jar:/home/user/.m2/repository/com/google/re2j/re2j/1.1/re2j-1.1.jar:/home/user/.m2/repository/com/google/code/gson/gson/2.2.4/gson-2.2.4.jar:/home/user/.m2/repository/com/jcraft/jsch/0.1.54/jsch-0.1.54.jar:/home/user/.m2/repository/org/apache/curator/curator-client/2.12.0/curator-client-2.12.0.jar:/home/user/.m2/repository/org/apache/curator/curator-recipes/2.12.0/curator-recipes-2.12.0.jar:/home/user/.m2/repository/com/google/code/findbugs/jsr305/3.0.0/jsr305-3.0.0.jar:/home/user/.m2/repository/org/apache/htrace/htrace-core4/4.1.0-incubating/htrace-core4-4.1.0-incubating.jar:/home/user/.m2/repository/org/apache/zookeeper/zookeeper/3.4.13/zookeeper-3.4.13.jar:/home/user/.m2/repository/jline/jline/0.9.94/jline-0.9.94.jar:/home/user/.m2/repository/org/apache/yetus/audience-annotations/0.5.0/audience-annotations-0.5.0.jar:/home/user/.m2/repository/org/codehaus/woodstox/stax2-api/3.1.4/stax2-api-3.1.4.jar:/home/user/.m2/repository/com/fasterxml/woodstox/woodstox-core/5.0.3/woodstox-core-5.0.3.jar:/home/user/.m2/repository/dnsjava/dnsjava/2.1.7/dnsjava-2.1.7.jar:/home/user/.m2/repository/org/apache/hadoop/hadoop-hdfs/3.2.0/hadoop-hdfs-3.2.0-tests.jar:/home/user/.m2/repository/org/eclipse/jetty/jetty-util-ajax/9.3.25.v20180904/jetty-util-ajax-9.3.25.v20180904.jar:/home/user/.m2/repository/commons-daemon/commons-daemon/1.0.13/commons-daemon-1.0.13.jar:/home/user/.m2/repository/io/netty/netty/3.10.5.Final/netty-3.10.5.Final.jar:/home/user/.m2/repository/io/netty/netty-all/4.0.52.Final/netty-all-4.0.52.Final.jar:/home/user/.m2/repository/org/fusesource/leveldbjni/leveldbjni-all/1.8/leveldbjni-all-1.8.jar:"/>
    <property name="java.vm.vendor" value="IcedTea"/>
    <property name="sun.arch.data.model" value="64"/>
    <property name="test.build.dir" value="/workdir/hadoop-ozone/integration-test/target/test-dir"/>
    <property name="test.cache.data" value=""/>
    <property name="java.vendor.url" value="https://icedtea.classpath.org"/>
    <property name="user.timezone" value=""/>
    <property name="java.vm.specification.version" value="1.8"/>
    <property name="os.name" value="Linux"/>
    <property name="test.build.data" value="/workdir/hadoop-ozone/integration-test/target/test-dir"/>
    <property name="user.country" value="US"/>
    <property name="sun.java.launcher" value="SUN_STANDARD"/>
    <property name="sun.boot.library.path" value="/usr/lib/jvm/java-1.8-openjdk/jre/lib/amd64"/>
    <property name="sun.java.command" value="/workdir/hadoop-ozone/integration-test/target/surefire/surefirebooter6469728836967509908.jar /workdir/hadoop-ozone/integration-test/target/surefire 2019-10-03T18-13-23_922-jvmRun1 surefire665624600753354808tmp surefire_763690626533640067178tmp"/>
    <property name="test" value="!TestMiniChaosOzoneCluster"/>
    <property name="surefire.test.class.path" value="/workdir/hadoop-ozone/integration-test/target/test-classes:/workdir/hadoop-ozone/integration-test/target/classes:/home/user/.m2/repository/org/apache/hadoop/hadoop-ozone-common/0.5.0-SNAPSHOT/hadoop-ozone-common-0.5.0-SNAPSHOT.jar:/home/user/.m2/repository/org/apache/commons/commons-compress/1.4.1/commons-compress-1.4.1.jar:/home/user/.m2/repository/org/tukaani/xz/1.0/xz-1.0.jar:/home/user/.m2/repository/org/apache/hadoop/hadoop-common/3.2.0/hadoop-common-3.2.0.jar:/home/user/.m2/repository/org/apache/hadoop/hadoop-hdfs/3.2.0/hadoop-hdfs-3.2.0.jar:/home/user/.m2/repository/org/apache/hadoop/hadoop-hdfs-client/3.2.0/hadoop-hdfs-client-3.2.0.jar:/home/user/.m2/repository/com/fasterxml/jackson/core/jackson-annotations/2.9.9/jackson-annotations-2.9.9.jar:/home/user/.m2/repository/org/apache/hadoop/hadoop-hdds-common/0.5.0-SNAPSHOT/hadoop-hdds-common-0.5.0-SNAPSHOT.jar:/home/user/.m2/repository/javax/annotation/javax.annotation-api/1.2/javax.annotation-api-1.2.jar:/home/user/.m2/repository/org/apache/ratis/ratis-server/0.5.0-201fc85-SNAPSHOT/ratis-server-0.5.0-201fc85-SNAPSHOT.jar:/home/user/.m2/repository/org/apache/ratis/ratis-thirdparty-misc/0.2.0/ratis-thirdparty-misc-0.2.0.jar:/home/user/.m2/repository/org/apache/ratis/ratis-proto/0.5.0-201fc85-SNAPSHOT/ratis-proto-0.5.0-201fc85-SNAPSHOT.jar:/home/user/.m2/repository/org/apache/ratis/ratis-common/0.5.0-201fc85-SNAPSHOT/ratis-common-0.5.0-201fc85-SNAPSHOT.jar:/home/user/.m2/repository/org/apache/ratis/ratis-client/0.5.0-201fc85-SNAPSHOT/ratis-client-0.5.0-201fc85-SNAPSHOT.jar:/home/user/.m2/repository/org/apache/ratis/ratis-metrics/0.5.0-201fc85-SNAPSHOT/ratis-metrics-0.5.0-201fc85-SNAPSHOT.jar:/home/user/.m2/repository/com/github/joshelser/dropwizard-metrics-hadoop-metrics2-reporter/0.1.2/dropwizard-metrics-hadoop-metrics2-reporter-0.1.2.jar:/home/user/.m2/repository/io/dropwizard/metrics/metrics-jvm/3.2.5/metrics-jvm-3.2.5.jar:/home/user/.m2/repository/io/dropwizard/metrics/metrics-ganglia/3.2.5/metrics-ganglia-3.2.5.jar:/home/user/.m2/repository/info/ganglia/gmetric4j/gmetric4j/1.0.7/gmetric4j-1.0.7.jar:/home/user/.m2/repository/org/apache/ratis/ratis-netty/0.5.0-201fc85-SNAPSHOT/ratis-netty-0.5.0-201fc85-SNAPSHOT.jar:/home/user/.m2/repository/org/apache/ratis/ratis-grpc/0.5.0-201fc85-SNAPSHOT/ratis-grpc-0.5.0-201fc85-SNAPSHOT.jar:/home/user/.m2/repository/org/rocksdb/rocksdbjni/6.0.1/rocksdbjni-6.0.1.jar:/home/user/.m2/repository/org/apache/logging/log4j/log4j-api/2.11.0/log4j-api-2.11.0.jar:/home/user/.m2/repository/org/apache/logging/log4j/log4j-core/2.11.0/log4j-core-2.11.0.jar:/home/user/.m2/repository/com/lmax/disruptor/3.4.2/disruptor-3.4.2.jar:/home/user/.m2/repository/org/apache/commons/commons-pool2/2.6.0/commons-pool2-2.6.0.jar:/home/user/.m2/repository/org/bouncycastle/bcpkix-jdk15on/1.60/bcpkix-jdk15on-1.60.jar:/home/user/.m2/repository/commons-validator/commons-validator/1.6/commons-validator-1.6.jar:/home/user/.m2/repository/commons-digester/commons-digester/1.8.1/commons-digester-1.8.1.jar:/home/user/.m2/repository/io/jaegertracing/jaeger-client/0.34.0/jaeger-client-0.34.0.jar:/home/user/.m2/repository/io/jaegertracing/jaeger-thrift/0.34.0/jaeger-thrift-0.34.0.jar:/home/user/.m2/repository/org/apache/thrift/libthrift/0.12.0/libthrift-0.12.0.jar:/home/user/.m2/repository/com/squareup/okhttp3/okhttp/3.9.0/okhttp-3.9.0.jar:/home/user/.m2/repository/com/squareup/okio/okio/1.13.0/okio-1.13.0.jar:/home/user/.m2/repository/io/jaegertracing/jaeger-core/0.34.0/jaeger-core-0.34.0.jar:/home/user/.m2/repository/io/jaegertracing/jaeger-tracerresolver/0.34.0/jaeger-tracerresolver-0.34.0.jar:/home/user/.m2/repository/io/opentracing/contrib/opentracing-tracerresolver/0.1.5/opentracing-tracerresolver-0.1.5.jar:/home/user/.m2/repository/io/opentracing/opentracing-util/0.31.0/opentracing-util-0.31.0.jar:/home/user/.m2/repository/io/opentracing/opentracing-api/0.31.0/opentracing-api-0.31.0.jar:/home/user/.m2/repository/io/opentracing/opentracing-noop/0.31.0/opentracing-noop-0.31.0.jar:/home/user/.m2/repository/org/apache/hadoop/hadoop-hdds-server-framework/0.5.0-SNAPSHOT/hadoop-hdds-server-framework-0.5.0-SNAPSHOT.jar:/home/user/.m2/repository/org/apache/hadoop/hadoop-hdds-container-service/0.5.0-SNAPSHOT/hadoop-hdds-container-service-0.5.0-SNAPSHOT.jar:/home/user/.m2/repository/org/apache/hadoop/hadoop-hdds-client/0.5.0-SNAPSHOT/hadoop-hdds-client-0.5.0-SNAPSHOT.jar:/home/user/.m2/repository/org/apache/hadoop/hadoop-hdds-tools/0.5.0-SNAPSHOT/hadoop-hdds-tools-0.5.0-SNAPSHOT.jar:/home/user/.m2/repository/org/apache/hadoop/hadoop-hdds-server-scm/0.5.0-SNAPSHOT/hadoop-hdds-server-scm-0.5.0-SNAPSHOT.jar:/home/user/.m2/repository/org/apache/hadoop/hadoop-hdds-docs/0.5.0-SNAPSHOT/hadoop-hdds-docs-0.5.0-SNAPSHOT.jar:/home/user/.m2/repository/io/dropwizard/metrics/metrics-core/3.2.4/metrics-core-3.2.4.jar:/home/user/.m2/repository/org/hamcrest/hamcrest-all/1.3/hamcrest-all-1.3.jar:/home/user/.m2/repository/org/bouncycastle/bcprov-jdk15on/1.60/bcprov-jdk15on-1.60.jar:/home/user/.m2/repository/info/picocli/picocli/3.9.6/picocli-3.9.6.jar:/home/user/.m2/repository/com/google/protobuf/protobuf-java/2.5.0/protobuf-java-2.5.0.jar:/home/user/.m2/repository/com/google/guava/guava/11.0.2/guava-11.0.2.jar:/home/user/.m2/repository/org/apache/hadoop/hadoop-ozone-ozone-manager/0.5.0-SNAPSHOT/hadoop-ozone-ozone-manager-0.5.0-SNAPSHOT.jar:/home/user/.m2/repository/org/apache/hadoop/hadoop-minikdc/3.2.0/hadoop-minikdc-3.2.0.jar:/home/user/.m2/repository/commons-io/commons-io/2.5/commons-io-2.5.jar:/home/user/.m2/repository/org/apache/kerby/kerb-simplekdc/1.0.1/kerb-simplekdc-1.0.1.jar:/home/user/.m2/repository/org/apache/kerby/kerb-client/1.0.1/kerb-client-1.0.1.jar:/home/user/.m2/repository/org/apache/kerby/kerby-config/1.0.1/kerby-config-1.0.1.jar:/home/user/.m2/repository/org/apache/kerby/kerb-core/1.0.1/kerb-core-1.0.1.jar:/home/user/.m2/repository/org/apache/kerby/kerby-pkix/1.0.1/kerby-pkix-1.0.1.jar:/home/user/.m2/repository/org/apache/kerby/kerby-asn1/1.0.1/kerby-asn1-1.0.1.jar:/home/user/.m2/repository/org/apache/kerby/kerby-util/1.0.1/kerby-util-1.0.1.jar:/home/user/.m2/repository/org/apache/kerby/kerb-common/1.0.1/kerb-common-1.0.1.jar:/home/user/.m2/repository/org/apache/kerby/kerb-crypto/1.0.1/kerb-crypto-1.0.1.jar:/home/user/.m2/repository/org/apache/kerby/kerb-util/1.0.1/kerb-util-1.0.1.jar:/home/user/.m2/repository/org/apache/kerby/token-provider/1.0.1/token-provider-1.0.1.jar:/home/user/.m2/repository/org/apache/kerby/kerb-admin/1.0.1/kerb-admin-1.0.1.jar:/home/user/.m2/repository/org/apache/kerby/kerb-server/1.0.1/kerb-server-1.0.1.jar:/home/user/.m2/repository/org/apache/kerby/kerb-identity/1.0.1/kerb-identity-1.0.1.jar:/home/user/.m2/repository/org/apache/kerby/kerby-xdr/1.0.1/kerby-xdr-1.0.1.jar:/home/user/.m2/repository/org/slf4j/slf4j-log4j12/1.7.25/slf4j-log4j12-1.7.25.jar:/home/user/.m2/repository/org/apache/hadoop/hadoop-ozone-s3gateway/0.5.0-SNAPSHOT/hadoop-ozone-s3gateway-0.5.0-SNAPSHOT.jar:/home/user/.m2/repository/org/jboss/weld/servlet/weld-servlet/2.4.7.Final/weld-servlet-2.4.7.Final.jar:/home/user/.m2/repository/org/glassfish/jersey/containers/jersey-container-servlet-core/2.27/jersey-container-servlet-core-2.27.jar:/home/user/.m2/repository/org/glassfish/hk2/external/javax.inject/2.5.0-b42/javax.inject-2.5.0-b42.jar:/home/user/.m2/repository/org/glassfish/jersey/core/jersey-common/2.27/jersey-common-2.27.jar:/home/user/.m2/repository/org/glassfish/hk2/osgi-resource-locator/1.0.1/osgi-resource-locator-1.0.1.jar:/home/user/.m2/repository/javax/ws/rs/javax.ws.rs-api/2.1/javax.ws.rs-api-2.1.jar:/home/user/.m2/repository/org/glassfish/jersey/ext/cdi/jersey-cdi1x/2.27/jersey-cdi1x-2.27.jar:/home/user/.m2/repository/org/glassfish/jersey/inject/jersey-hk2/2.27/jersey-hk2-2.27.jar:/home/user/.m2/repository/org/glassfish/hk2/hk2-locator/2.5.0-b42/hk2-locator-2.5.0-b42.jar:/home/user/.m2/repository/org/javassist/javassist/3.22.0-CR2/javassist-3.22.0-CR2.jar:/home/user/.m2/repository/org/glassfish/hk2/hk2-api/2.5.0/hk2-api-2.5.0.jar:/home/user/.m2/repository/org/glassfish/hk2/external/jakarta.inject/2.5.0/jakarta.inject-2.5.0.jar:/home/user/.m2/repository/org/glassfish/hk2/hk2-utils/2.5.0/hk2-utils-2.5.0.jar:/home/user/.m2/repository/jakarta/annotation/jakarta.annotation-api/1.3.4/jakarta.annotation-api-1.3.4.jar:/home/user/.m2/repository/org/glassfish/hk2/external/aopalliance-repackaged/2.5.0/aopalliance-repackaged-2.5.0.jar:/home/user/.m2/repository/com/fasterxml/jackson/dataformat/jackson-dataformat-xml/2.9.0/jackson-dataformat-xml-2.9.0.jar:/home/user/.m2/repository/com/fasterxml/jackson/core/jackson-core/2.9.9/jackson-core-2.9.9.jar:/home/user/.m2/repository/com/fasterxml/jackson/module/jackson-module-jaxb-annotations/2.9.9/jackson-module-jaxb-annotations-2.9.9.jar:/home/user/.m2/repository/javax/enterprise/cdi-api/1.2/cdi-api-1.2.jar:/home/user/.m2/repository/javax/el/javax.el-api/3.0.0/javax.el-api-3.0.0.jar:/home/user/.m2/repository/javax/interceptor/javax.interceptor-api/1.2/javax.interceptor-api-1.2.jar:/home/user/.m2/repository/javax/inject/javax.inject/1/javax.inject-1.jar:/home/user/.m2/repository/com/sun/xml/bind/jaxb-impl/2.3.0.1/jaxb-impl-2.3.0.1.jar:/home/user/.m2/repository/com/sun/xml/bind/jaxb-core/2.3.0.1/jaxb-core-2.3.0.1.jar:/home/user/.m2/repository/javax/xml/bind/jaxb-api/2.3.0/jaxb-api-2.3.0.jar:/home/user/.m2/repository/javax/activation/activation/1.1.1/activation-1.1.1.jar:/home/user/.m2/repository/org/apache/hadoop/hadoop-ozone-csi/0.5.0-SNAPSHOT/hadoop-ozone-csi-0.5.0-SNAPSHOT.jar:/home/user/.m2/repository/com/google/protobuf/protobuf-java-util/3.5.1/protobuf-java-util-3.5.1.jar:/home/user/.m2/repository/org/apache/hadoop/hadoop-hdds-config/0.5.0-SNAPSHOT/hadoop-hdds-config-0.5.0-SNAPSHOT.jar:/home/user/.m2/repository/io/grpc/grpc-netty/1.17.1/grpc-netty-1.17.1.jar:/home/user/.m2/repository/io/grpc/grpc-core/1.17.1/grpc-core-1.17.1.jar:/home/user/.m2/repository/io/grpc/grpc-context/1.17.1/grpc-context-1.17.1.jar:/home/user/.m2/repository/com/google/errorprone/error_prone_annotations/2.2.0/error_prone_annotations-2.2.0.jar:/home/user/.m2/repository/org/codehaus/mojo/animal-sniffer-annotations/1.17/animal-sniffer-annotations-1.17.jar:/home/user/.m2/repository/io/opencensus/opencensus-api/0.17.0/opencensus-api-0.17.0.jar:/home/user/.m2/repository/io/opencensus/opencensus-contrib-grpc-metrics/0.17.0/opencensus-contrib-grpc-metrics-0.17.0.jar:/home/user/.m2/repository/io/netty/netty-codec-http2/4.1.30.Final/netty-codec-http2-4.1.30.Final.jar:/home/user/.m2/repository/io/netty/netty-codec-http/4.1.30.Final/netty-codec-http-4.1.30.Final.jar:/home/user/.m2/repository/io/netty/netty-codec/4.1.30.Final/netty-codec-4.1.30.Final.jar:/home/user/.m2/repository/io/netty/netty-handler/4.1.30.Final/netty-handler-4.1.30.Final.jar:/home/user/.m2/repository/io/netty/netty-handler-proxy/4.1.30.Final/netty-handler-proxy-4.1.30.Final.jar:/home/user/.m2/repository/io/netty/netty-codec-socks/4.1.30.Final/netty-codec-socks-4.1.30.Final.jar:/home/user/.m2/repository/io/netty/netty-transport-native-epoll/4.1.30.Final/netty-transport-native-epoll-4.1.30.Final.jar:/home/user/.m2/repository/io/netty/netty-common/4.1.30.Final/netty-common-4.1.30.Final.jar:/home/user/.m2/repository/io/netty/netty-buffer/4.1.30.Final/netty-buffer-4.1.30.Final.jar:/home/user/.m2/repository/io/netty/netty-transport/4.1.30.Final/netty-transport-4.1.30.Final.jar:/home/user/.m2/repository/io/netty/netty-resolver/4.1.30.Final/netty-resolver-4.1.30.Final.jar:/home/user/.m2/repository/io/netty/netty-transport-native-unix-common/4.1.30.Final/netty-transport-native-unix-common-4.1.30.Final.jar:/home/user/.m2/repository/io/grpc/grpc-protobuf/1.17.1/grpc-protobuf-1.17.1.jar:/home/user/.m2/repository/com/google/api/grpc/proto-google-common-protos/1.0.0/proto-google-common-protos-1.0.0.jar:/home/user/.m2/repository/io/grpc/grpc-protobuf-lite/1.17.1/grpc-protobuf-lite-1.17.1.jar:/home/user/.m2/repository/io/grpc/grpc-stub/1.17.1/grpc-stub-1.17.1.jar:/home/user/.m2/repository/org/apache/hadoop/hadoop-ozone-recon/0.5.0-SNAPSHOT/hadoop-ozone-recon-0.5.0-SNAPSHOT.jar:/home/user/.m2/repository/org/apache/hadoop/hadoop-ozone-reconcodegen/0.5.0-SNAPSHOT/hadoop-ozone-reconcodegen-0.5.0-SNAPSHOT.jar:/home/user/.m2/repository/com/google/inject/extensions/guice-multibindings/4.0/guice-multibindings-4.0.jar:/home/user/.m2/repository/com/google/inject/guice/4.0/guice-4.0.jar:/home/user/.m2/repository/aopalliance/aopalliance/1.0/aopalliance-1.0.jar:/home/user/.m2/repository/com/google/inject/extensions/guice-servlet/4.0/guice-servlet-4.0.jar:/home/user/.m2/repository/org/glassfish/jersey/containers/jersey-container-servlet/2.27/jersey-container-servlet-2.27.jar:/home/user/.m2/repository/org/glassfish/hk2/guice-bridge/2.5.0/guice-bridge-2.5.0.jar:/home/user/.m2/repository/org/glassfish/jersey/core/jersey-server/2.27/jersey-server-2.27.jar:/home/user/.m2/repository/org/glassfish/jersey/core/jersey-client/2.27/jersey-client-2.27.jar:/home/user/.m2/repository/org/glassfish/jersey/media/jersey-media-jaxb/2.27/jersey-media-jaxb-2.27.jar:/home/user/.m2/repository/javax/validation/validation-api/1.1.0.Final/validation-api-1.1.0.Final.jar:/home/user/.m2/repository/org/glassfish/jersey/media/jersey-media-json-jackson/2.27/jersey-media-json-jackson-2.27.jar:/home/user/.m2/repository/org/glassfish/jersey/ext/jersey-entity-filtering/2.27/jersey-entity-filtering-2.27.jar:/home/user/.m2/repository/com/google/inject/extensions/guice-assistedinject/4.0/guice-assistedinject-4.0.jar:/home/user/.m2/repository/org/jooq/jooq/3.11.10/jooq-3.11.10.jar:/home/user/.m2/repository/org/jooq/jooq-meta/3.11.10/jooq-meta-3.11.10.jar:/home/user/.m2/repository/org/jooq/jooq-codegen/3.11.10/jooq-codegen-3.11.10.jar:/home/user/.m2/repository/com/jolbox/bonecp/0.8.0.RELEASE/bonecp-0.8.0.RELEASE.jar:/home/user/.m2/repository/org/xerial/sqlite-jdbc/3.25.2/sqlite-jdbc-3.25.2.jar:/home/user/.m2/repository/org/springframework/spring-jdbc/5.1.3.RELEASE/spring-jdbc-5.1.3.RELEASE.jar:/home/user/.m2/repository/org/springframework/spring-beans/5.1.3.RELEASE/spring-beans-5.1.3.RELEASE.jar:/home/user/.m2/repository/org/springframework/spring-core/5.1.3.RELEASE/spring-core-5.1.3.RELEASE.jar:/home/user/.m2/repository/org/springframework/spring-jcl/5.1.3.RELEASE/spring-jcl-5.1.3.RELEASE.jar:/home/user/.m2/repository/org/springframework/spring-tx/5.1.3.RELEASE/spring-tx-5.1.3.RELEASE.jar:/home/user/.m2/repository/org/apache/hadoop/hadoop-ozone-client/0.5.0-SNAPSHOT/hadoop-ozone-client-0.5.0-SNAPSHOT.jar:/home/user/.m2/repository/commons-lang/commons-lang/2.6/commons-lang-2.6.jar:/home/user/.m2/repository/org/apache/hadoop/hadoop-ozone-ozone-manager/0.5.0-SNAPSHOT/hadoop-ozone-ozone-manager-0.5.0-SNAPSHOT-tests.jar:/home/user/.m2/repository/junit/junit/4.11/junit-4.11.jar:/home/user/.m2/repository/org/hamcrest/hamcrest-core/1.3/hamcrest-core-1.3.jar:/home/user/.m2/repository/org/openjdk/jmh/jmh-core/1.19/jmh-core-1.19.jar:/home/user/.m2/repository/net/sf/jopt-simple/jopt-simple/4.6/jopt-simple-4.6.jar:/home/user/.m2/repository/org/apache/commons/commons-math3/3.1.1/commons-math3-3.1.1.jar:/home/user/.m2/repository/org/openjdk/jmh/jmh-generator-annprocess/1.19/jmh-generator-annprocess-1.19.jar:/home/user/.m2/repository/org/mockito/mockito-all/1.8.5/mockito-all-1.8.5.jar:/home/user/.m2/repository/org/apache/hadoop/hadoop-kms/3.2.0/hadoop-kms-3.2.0.jar:/home/user/.m2/repository/org/apache/hadoop/hadoop-auth/3.2.0/hadoop-auth-3.2.0.jar:/home/user/.m2/repository/com/nimbusds/nimbus-jose-jwt/4.41.1/nimbus-jose-jwt-4.41.1.jar:/home/user/.m2/repository/com/github/stephenc/jcip/jcip-annotations/1.0-1/jcip-annotations-1.0-1.jar:/home/user/.m2/repository/net/minidev/json-smart/2.3/json-smart-2.3.jar:/home/user/.m2/repository/net/minidev/accessors-smart/1.2/accessors-smart-1.2.jar:/home/user/.m2/repository/org/ow2/asm/asm/5.0.4/asm-5.0.4.jar:/home/user/.m2/repository/org/apache/curator/curator-framework/2.12.0/curator-framework-2.12.0.jar:/home/user/.m2/repository/com/sun/jersey/jersey-core/1.19/jersey-core-1.19.jar:/home/user/.m2/repository/javax/ws/rs/jsr311-api/1.1.1/jsr311-api-1.1.1.jar:/home/user/.m2/repository/com/sun/jersey/jersey-server/1.19/jersey-server-1.19.jar:/home/user/.m2/repository/javax/servlet/javax.servlet-api/3.1.0/javax.servlet-api-3.1.0.jar:/home/user/.m2/repository/org/eclipse/jetty/jetty-server/9.3.25.v20180904/jetty-server-9.3.25.v20180904.jar:/home/user/.m2/repository/org/eclipse/jetty/jetty-http/9.3.25.v20180904/jetty-http-9.3.25.v20180904.jar:/home/user/.m2/repository/org/eclipse/jetty/jetty-io/9.3.25.v20180904/jetty-io-9.3.25.v20180904.jar:/home/user/.m2/repository/org/eclipse/jetty/jetty-webapp/9.3.25.v20180904/jetty-webapp-9.3.25.v20180904.jar:/home/user/.m2/repository/org/eclipse/jetty/jetty-xml/9.3.25.v20180904/jetty-xml-9.3.25.v20180904.jar:/home/user/.m2/repository/log4j/log4j/1.2.17/log4j-1.2.17.jar:/home/user/.m2/repository/org/slf4j/slf4j-api/1.7.25/slf4j-api-1.7.25.jar:/home/user/.m2/repository/org/slf4j/jul-to-slf4j/1.7.25/jul-to-slf4j-1.7.25.jar:/home/user/.m2/repository/org/eclipse/jetty/jetty-util/9.3.25.v20180904/jetty-util-9.3.25.v20180904.jar:/home/user/.m2/repository/com/fasterxml/jackson/core/jackson-databind/2.9.9/jackson-databind-2.9.9.jar:/home/user/.m2/repository/org/apache/hadoop/hadoop-kms/3.2.0/hadoop-kms-3.2.0-tests.jar:/home/user/.m2/repository/org/apache/hadoop/hadoop-hdds-server-scm/0.5.0-SNAPSHOT/hadoop-hdds-server-scm-0.5.0-SNAPSHOT-tests.jar:/home/user/.m2/repository/org/apache/hadoop/hadoop-hdds-container-service/0.5.0-SNAPSHOT/hadoop-hdds-container-service-0.5.0-SNAPSHOT-tests.jar:/home/user/.m2/repository/org/yaml/snakeyaml/1.16/snakeyaml-1.16.jar:/home/user/.m2/repository/org/apache/hadoop/hadoop-common/3.2.0/hadoop-common-3.2.0-tests.jar:/home/user/.m2/repository/org/apache/hadoop/hadoop-annotations/3.2.0/hadoop-annotations-3.2.0.jar:/usr/lib/jvm/java-1.8-openjdk/jre/../lib/tools.jar:/home/user/.m2/repository/commons-cli/commons-cli/1.2/commons-cli-1.2.jar:/home/user/.m2/repository/org/apache/httpcomponents/httpclient/4.5.2/httpclient-4.5.2.jar:/home/user/.m2/repository/org/apache/httpcomponents/httpcore/4.4.4/httpcore-4.4.4.jar:/home/user/.m2/repository/commons-codec/commons-codec/1.11/commons-codec-1.11.jar:/home/user/.m2/repository/commons-net/commons-net/3.6/commons-net-3.6.jar:/home/user/.m2/repository/commons-collections/commons-collections/3.2.2/commons-collections-3.2.2.jar:/home/user/.m2/repository/org/eclipse/jetty/jetty-servlet/9.3.25.v20180904/jetty-servlet-9.3.25.v20180904.jar:/home/user/.m2/repository/org/eclipse/jetty/jetty-security/9.3.25.v20180904/jetty-security-9.3.25.v20180904.jar:/home/user/.m2/repository/javax/servlet/jsp/jsp-api/2.1/jsp-api-2.1.jar:/home/user/.m2/repository/com/sun/jersey/jersey-servlet/1.19/jersey-servlet-1.19.jar:/home/user/.m2/repository/com/sun/jersey/jersey-json/1.19/jersey-json-1.19.jar:/home/user/.m2/repository/org/codehaus/jettison/jettison/1.1/jettison-1.1.jar:/home/user/.m2/repository/org/codehaus/jackson/jackson-core-asl/1.9.13/jackson-core-asl-1.9.13.jar:/home/user/.m2/repository/org/codehaus/jackson/jackson-mapper-asl/1.9.13/jackson-mapper-asl-1.9.13.jar:/home/user/.m2/repository/org/codehaus/jackson/jackson-jaxrs/1.9.13/jackson-jaxrs-1.9.13.jar:/home/user/.m2/repository/org/codehaus/jackson/jackson-xc/1.9.13/jackson-xc-1.9.13.jar:/home/user/.m2/repository/commons-logging/commons-logging/1.1.3/commons-logging-1.1.3.jar:/home/user/.m2/repository/commons-beanutils/commons-beanutils/1.9.4/commons-beanutils-1.9.4.jar:/home/user/.m2/repository/org/apache/commons/commons-configuration2/2.1.1/commons-configuration2-2.1.1.jar:/home/user/.m2/repository/org/apache/commons/commons-lang3/3.7/commons-lang3-3.7.jar:/home/user/.m2/repository/org/apache/commons/commons-text/1.4/commons-text-1.4.jar:/home/user/.m2/repository/org/apache/avro/avro/1.7.7/avro-1.7.7.jar:/home/user/.m2/repository/com/thoughtworks/paranamer/paranamer/2.3/paranamer-2.3.jar:/home/user/.m2/repository/org/xerial/snappy/snappy-java/1.0.5/snappy-java-1.0.5.jar:/home/user/.m2/repository/com/google/re2j/re2j/1.1/re2j-1.1.jar:/home/user/.m2/repository/com/google/code/gson/gson/2.2.4/gson-2.2.4.jar:/home/user/.m2/repository/com/jcraft/jsch/0.1.54/jsch-0.1.54.jar:/home/user/.m2/repository/org/apache/curator/curator-client/2.12.0/curator-client-2.12.0.jar:/home/user/.m2/repository/org/apache/curator/curator-recipes/2.12.0/curator-recipes-2.12.0.jar:/home/user/.m2/repository/com/google/code/findbugs/jsr305/3.0.0/jsr305-3.0.0.jar:/home/user/.m2/repository/org/apache/htrace/htrace-core4/4.1.0-incubating/htrace-core4-4.1.0-incubating.jar:/home/user/.m2/repository/org/apache/zookeeper/zookeeper/3.4.13/zookeeper-3.4.13.jar:/home/user/.m2/repository/jline/jline/0.9.94/jline-0.9.94.jar:/home/user/.m2/repository/org/apache/yetus/audience-annotations/0.5.0/audience-annotations-0.5.0.jar:/home/user/.m2/repository/org/codehaus/woodstox/stax2-api/3.1.4/stax2-api-3.1.4.jar:/home/user/.m2/repository/com/fasterxml/woodstox/woodstox-core/5.0.3/woodstox-core-5.0.3.jar:/home/user/.m2/repository/dnsjava/dnsjava/2.1.7/dnsjava-2.1.7.jar:/home/user/.m2/repository/org/apache/hadoop/hadoop-hdfs/3.2.0/hadoop-hdfs-3.2.0-tests.jar:/home/user/.m2/repository/org/eclipse/jetty/jetty-util-ajax/9.3.25.v20180904/jetty-util-ajax-9.3.25.v20180904.jar:/home/user/.m2/repository/commons-daemon/commons-daemon/1.0.13/commons-daemon-1.0.13.jar:/home/user/.m2/repository/io/netty/netty/3.10.5.Final/netty-3.10.5.Final.jar:/home/user/.m2/repository/io/netty/netty-all/4.0.52.Final/netty-all-4.0.52.Final.jar:/home/user/.m2/repository/org/fusesource/leveldbjni/leveldbjni-all/1.8/leveldbjni-all-1.8.jar:"/>
    <property name="sun.cpu.endian" value="little"/>
    <property name="user.home" value="/home/user"/>
    <property name="user.language" value="en"/>
    <property name="java.specification.vendor" value="Oracle Corporation"/>
    <property name="java.home" value="/usr/lib/jvm/java-1.8-openjdk/jre"/>
    <property name="java.security.krb5.conf" value="/workdir/hadoop-ozone/integration-test/target/test-classes/krb5.conf"/>
    <property name="basedir" value="/workdir/hadoop-ozone/integration-test"/>
    <property name="file.separator" value="/"/>
    <property name="line.separator" value="&#10;"/>
    <property name="java.vm.specification.vendor" value="Oracle Corporation"/>
    <property name="java.specification.name" value="Java Platform API Specification"/>
    <property name="java.awt.graphicsenv" value="sun.awt.X11GraphicsEnvironment"/>
    <property name="surefire.real.class.path" value="/workdir/hadoop-ozone/integration-test/target/surefire/surefirebooter6469728836967509908.jar"/>
    <property name="hadoop.log.dir" value="/workdir/hadoop-ozone/integration-test/target/log"/>
    <property name="sun.boot.class.path" value="/usr/lib/jvm/java-1.8-openjdk/jre/lib/resources.jar:/usr/lib/jvm/java-1.8-openjdk/jre/lib/rt.jar:/usr/lib/jvm/java-1.8-openjdk/jre/lib/sunrsasign.jar:/usr/lib/jvm/java-1.8-openjdk/jre/lib/jsse.jar:/usr/lib/jvm/java-1.8-openjdk/jre/lib/jce.jar:/usr/lib/jvm/java-1.8-openjdk/jre/lib/charsets.jar:/usr/lib/jvm/java-1.8-openjdk/jre/lib/jfr.jar:/usr/lib/jvm/java-1.8-openjdk/jre/classes"/>
    <property name="sun.management.compiler" value="HotSpot 64-Bit Tiered Compilers"/>
    <property name="java.runtime.version" value="1.8.0_212-b04"/>
    <property name="java.net.preferIPv4Stack" value="true"/>
    <property name="user.name" value="jenkins1000"/>
    <property name="path.separator" value=":"/>
    <property name="java.security.egd" value="file:///dev/urandom"/>
    <property name="os.version" value="3.10.0-957.12.2.el7.x86_64"/>
    <property name="java.endorsed.dirs" value="/usr/lib/jvm/java-1.8-openjdk/jre/lib/endorsed"/>
    <property name="java.runtime.name" value="OpenJDK Runtime Environment"/>
    <property name="file.encoding" value="UTF-8"/>
    <property name="java.vm.name" value="OpenJDK 64-Bit Server VM"/>
    <property name="test.build.webapps" value=""/>
    <property name="localRepository" value="/home/user/.m2/repository"/>
    <property name="java.vendor.url.bug" value="https://icedtea.classpath.org/bugzilla"/>
    <property name="java.io.tmpdir" value="/tmp"/>
    <property name="require.test.libhadoop" value=""/>
    <property name="java.version" value="1.8.0_212"/>
    <property name="user.dir" value="/workdir/hadoop-ozone/integration-test"/>
    <property name="os.arch" value="amd64"/>
    <property name="java.vm.specification.name" value="Java Virtual Machine Specification"/>
    <property name="test.build.classes" value="/workdir/hadoop-ozone/integration-test/target/test-classes"/>
    <property name="java.awt.printerjob" value="sun.print.PSPrinterJob"/>
    <property name="sun.os.patch.level" value="unknown"/>
    <property name="hadoop.tmp.dir" value="/workdir/hadoop-ozone/integration-test/target/tmp"/>
    <property name="java.library.path" value="/usr/lib/jvm/java-1.8-openjdk/jre/lib/amd64/server:/usr/lib/jvm/java-1.8-openjdk/jre/lib/amd64:/usr/lib/jvm/java-1.8-openjdk/jre/../lib/amd64:/workdir/hadoop-ozone/integration-test/target/native/target/usr/local/lib:/workdir/hadoop-ozone/integration-test/../../hadoop-common-project/hadoop-common/target/native/target/usr/local/lib:/usr/java/packages/lib/amd64:/usr/lib64:/lib64:/lib:/usr/lib"/>
    <property name="java.vm.info" value="mixed mode"/>
    <property name="java.vendor" value="IcedTea"/>
    <property name="java.vm.version" value="25.212-b04"/>
    <property name="java.ext.dirs" value="/usr/lib/jvm/java-1.8-openjdk/jre/lib/ext:/usr/java/packages/lib/ext"/>
    <property name="sun.io.unicode.encoding" value="UnicodeLittle"/>
    <property name="java.class.version" value="52.0"/>
  </properties>
  <testcase name="testWatchForCommitWithKeyWrite" classname="org.apache.hadoop.ozone.client.rpc.TestWatchForCommit" time="58.004"/>
  <testcase name="testWatchForCommitWithSmallerTimeoutValue" classname="org.apache.hadoop.ozone.client.rpc.TestWatchForCommit" time="42.503"/>
  <testcase name="testWatchForCommitForRetryfailure" classname="org.apache.hadoop.ozone.client.rpc.TestWatchForCommit" time="74.143"/>
  <testcase name="testWatchForCommitForGroupMismatchException" classname="org.apache.hadoop.ozone.client.rpc.TestWatchForCommit" time="32.008"/>
  <testcase name="test2WayCommitForTimeoutException" classname="org.apache.hadoop.ozone.client.rpc.TestWatchForCommit" time="26.542">
    <error message="org.apache.ratis.protocol.RaftRetryFailureException: Failed RaftClientRequest:client-539FD2FAA1F6-&gt;59ff08a0-bd7f-4daf-b30f-9bb7fccd9658@group-884B05EE7FFC, cid=100, seq=2*, RW, org.apache.hadoop.hdds.scm.XceiverClientRatis$$Lambda$397/805536380@7367d8fe for 20 attempts with RetryLimited(maxAttempts=20, sleepTime=1000ms)" type="java.util.concurrent.ExecutionException">java.util.concurrent.ExecutionException: org.apache.ratis.protocol.RaftRetryFailureException: Failed RaftClientRequest:client-539FD2FAA1F6->59ff08a0-bd7f-4daf-b30f-9bb7fccd9658@group-884B05EE7FFC, cid=100, seq=2*, RW, org.apache.hadoop.hdds.scm.XceiverClientRatis$$Lambda$397/805536380@7367d8fe for 20 attempts with RetryLimited(maxAttempts=20, sleepTime=1000ms)
	at java.util.concurrent.CompletableFuture.reportGet(CompletableFuture.java:357)
	at java.util.concurrent.CompletableFuture.get(CompletableFuture.java:1895)
	at org.apache.hadoop.ozone.client.rpc.TestWatchForCommit.test2WayCommitForTimeoutException(TestWatchForCommit.java:390)
	at sun.reflect.NativeMethodAccessorImpl.invoke0(Native Method)
	at sun.reflect.NativeMethodAccessorImpl.invoke(NativeMethodAccessorImpl.java:62)
	at sun.reflect.DelegatingMethodAccessorImpl.invoke(DelegatingMethodAccessorImpl.java:43)
	at java.lang.reflect.Method.invoke(Method.java:498)
	at org.junit.runners.model.FrameworkMethod$1.runReflectiveCall(FrameworkMethod.java:47)
	at org.junit.internal.runners.model.ReflectiveCallable.run(ReflectiveCallable.java:12)
	at org.junit.runners.model.FrameworkMethod.invokeExplosively(FrameworkMethod.java:44)
	at org.junit.internal.runners.statements.InvokeMethod.evaluate(InvokeMethod.java:17)
	at org.junit.runners.ParentRunner.runLeaf(ParentRunner.java:271)
	at org.junit.runners.BlockJUnit4ClassRunner.runChild(BlockJUnit4ClassRunner.java:70)
	at org.junit.runners.BlockJUnit4ClassRunner.runChild(BlockJUnit4ClassRunner.java:50)
	at org.junit.runners.ParentRunner$3.run(ParentRunner.java:238)
	at org.junit.runners.ParentRunner$1.schedule(ParentRunner.java:63)
	at org.junit.runners.ParentRunner.runChildren(ParentRunner.java:236)
	at org.junit.runners.ParentRunner.access$000(ParentRunner.java:53)
	at org.junit.runners.ParentRunner$2.evaluate(ParentRunner.java:229)
	at org.junit.runners.ParentRunner.run(ParentRunner.java:309)
	at org.apache.maven.surefire.junit4.JUnit4Provider.execute(JUnit4Provider.java:365)
	at org.apache.maven.surefire.junit4.JUnit4Provider.executeWithRerun(JUnit4Provider.java:273)
	at org.apache.maven.surefire.junit4.JUnit4Provider.executeTestSet(JUnit4Provider.java:238)
	at org.apache.maven.surefire.junit4.JUnit4Provider.invoke(JUnit4Provider.java:159)
	at org.apache.maven.surefire.booter.ForkedBooter.invokeProviderInSameClassLoader(ForkedBooter.java:384)
	at org.apache.maven.surefire.booter.ForkedBooter.runSuitesInProcess(ForkedBooter.java:345)
	at org.apache.maven.surefire.booter.ForkedBooter.execute(ForkedBooter.java:126)
	at org.apache.maven.surefire.booter.ForkedBooter.main(ForkedBooter.java:418)
Caused by: org.apache.ratis.protocol.RaftRetryFailureException: Failed RaftClientRequest:client-539FD2FAA1F6->59ff08a0-bd7f-4daf-b30f-9bb7fccd9658@group-884B05EE7FFC, cid=100, seq=2*, RW, org.apache.hadoop.hdds.scm.XceiverClientRatis$$Lambda$397/805536380@7367d8fe for 20 attempts with RetryLimited(maxAttempts=20, sleepTime=1000ms)
	at org.apache.ratis.client.impl.RaftClientImpl.noMoreRetries(RaftClientImpl.java:271)
	at org.apache.ratis.client.impl.OrderedAsync.handleAsyncRetryFailure(OrderedAsync.java:138)
	at org.apache.ratis.client.impl.OrderedAsync.lambda$sendRequest$10(OrderedAsync.java:230)
	at java.util.concurrent.CompletableFuture.uniExceptionally(CompletableFuture.java:870)
	at java.util.concurrent.CompletableFuture$UniExceptionally.tryFire(CompletableFuture.java:852)
	at java.util.concurrent.CompletableFuture.postComplete(CompletableFuture.java:474)
	at java.util.concurrent.CompletableFuture.completeExceptionally(CompletableFuture.java:1977)
	at org.apache.ratis.grpc.client.GrpcClientProtocolClient$AsyncStreamObservers.completeReplyExceptionally(GrpcClientProtocolClient.java:345)
	at org.apache.ratis.grpc.client.GrpcClientProtocolClient$AsyncStreamObservers.access$000(GrpcClientProtocolClient.java:261)
	at org.apache.ratis.grpc.client.GrpcClientProtocolClient$AsyncStreamObservers$1.onNext(GrpcClientProtocolClient.java:273)
	at org.apache.ratis.grpc.client.GrpcClientProtocolClient$AsyncStreamObservers$1.onNext(GrpcClientProtocolClient.java:264)
	at org.apache.ratis.thirdparty.io.grpc.stub.ClientCalls$StreamObserverToCallListenerAdapter.onMessage(ClientCalls.java:421)
	at org.apache.ratis.thirdparty.io.grpc.ForwardingClientCallListener.onMessage(ForwardingClientCallListener.java:33)
	at org.apache.ratis.thirdparty.io.grpc.ForwardingClientCallListener.onMessage(ForwardingClientCallListener.java:33)
	at org.apache.ratis.thirdparty.io.grpc.internal.ClientCallImpl$ClientStreamListenerImpl$1MessagesAvailable.runInContext(ClientCallImpl.java:519)
	at org.apache.ratis.thirdparty.io.grpc.internal.ContextRunnable.run(ContextRunnable.java:37)
	at org.apache.ratis.thirdparty.io.grpc.internal.SerializingExecutor.run(SerializingExecutor.java:123)
	at java.util.concurrent.ThreadPoolExecutor.runWorker(ThreadPoolExecutor.java:1149)
	at java.util.concurrent.ThreadPoolExecutor$Worker.run(ThreadPoolExecutor.java:624)
	at java.lang.Thread.run(Thread.java:748)
Caused by: org.apache.ratis.protocol.NotLeaderException: Server 59ff08a0-bd7f-4daf-b30f-9bb7fccd9658@group-884B05EE7FFC is not the leader 5593e91c-61bf-41ef-8e5d-4f9d2bd10ada:192.168.151.100:37661
	at org.apache.ratis.client.impl.ClientProtoUtils.toRaftClientReply(ClientProtoUtils.java:243)
	at org.apache.ratis.grpc.client.GrpcClientProtocolClient$AsyncStreamObservers$1.onNext(GrpcClientProtocolClient.java:269)
	... 10 more
</error>
    <system-out><![CDATA[2019-10-03 19:21:49,371 [main] WARN  server.ServerUtils (ServerUtils.java:getScmDbDir(145)) - ozone.scm.db.dirs is not configured. We recommend adding this setting. Falling back to ozone.metadata.dirs instead.
2019-10-03 19:21:49,385 [main] WARN  server.ServerUtils (ServerUtils.java:getScmDbDir(145)) - ozone.scm.db.dirs is not configured. We recommend adding this setting. Falling back to ozone.metadata.dirs instead.
2019-10-03 19:21:49,385 [main] WARN  server.ServerUtils (ServerUtils.java:getScmDbDir(145)) - ozone.scm.db.dirs is not configured. We recommend adding this setting. Falling back to ozone.metadata.dirs instead.
2019-10-03 19:21:49,386 [main] INFO  db.DBStoreBuilder (DBStoreBuilder.java:addTable(117)) - using custom profile for table: deletedBlocks
2019-10-03 19:21:49,386 [main] INFO  db.DBStoreBuilder (DBStoreBuilder.java:processTables(168)) - Using default column profile:DBProfile.DISK for Table:deletedBlocks
2019-10-03 19:21:49,386 [main] INFO  db.DBStoreBuilder (DBStoreBuilder.java:addTable(117)) - using custom profile for table: validCerts
2019-10-03 19:21:49,386 [main] INFO  db.DBStoreBuilder (DBStoreBuilder.java:processTables(168)) - Using default column profile:DBProfile.DISK for Table:validCerts
2019-10-03 19:21:49,386 [main] INFO  db.DBStoreBuilder (DBStoreBuilder.java:addTable(117)) - using custom profile for table: revokedCerts
2019-10-03 19:21:49,387 [main] INFO  db.DBStoreBuilder (DBStoreBuilder.java:processTables(168)) - Using default column profile:DBProfile.DISK for Table:revokedCerts
2019-10-03 19:21:49,387 [main] INFO  db.DBStoreBuilder (DBStoreBuilder.java:addTable(117)) - using custom profile for table: default
2019-10-03 19:21:49,387 [main] INFO  db.DBStoreBuilder (DBStoreBuilder.java:processTables(174)) - Using default column profile:DBProfile.DISK for Table:default
2019-10-03 19:21:49,387 [main] INFO  db.DBStoreBuilder (DBStoreBuilder.java:getDbProfile(205)) - Using default options. DBProfile.DISK
2019-10-03 19:21:49,615 [main] INFO  net.NodeSchemaLoader (NodeSchemaLoader.java:loadSchemaFromFile(125)) - Loading file from sun.misc.CompoundEnumeration@102c18e
2019-10-03 19:21:49,616 [main] INFO  net.NodeSchemaLoader (NodeSchemaLoader.java:loadSchema(171)) - Loading network topology layer schema file
2019-10-03 19:21:49,620 [main] WARN  server.ServerUtils (ServerUtils.java:sanitizeUserArgs(70)) - ozone.scm.stale.node.interval value = 300000 is larger than max = 100000 based on the key value of ozone.scm.heartbeat.thread.interval, reset to the max value 100000.
2019-10-03 19:21:49,620 [main] WARN  server.ServerUtils (ServerUtils.java:sanitizeUserArgs(70)) - ozone.scm.stale.node.interval value = 300000 is larger than max = 100000 based on the key value of ozone.scm.heartbeat.thread.interval, reset to the max value 100000.
2019-10-03 19:21:49,620 [main] INFO  node.SCMNodeManager (SCMNodeManager.java:<init>(114)) - Entering startup safe mode.
2019-10-03 19:21:49,621 [main] INFO  algorithms.ContainerPlacementPolicyFactory (ContainerPlacementPolicyFactory.java:getPolicy(57)) - Create container placement policy of type org.apache.hadoop.hdds.scm.container.placement.algorithms.SCMContainerPlacementRandom
2019-10-03 19:21:49,621 [main] WARN  server.ServerUtils (ServerUtils.java:getScmDbDir(145)) - ozone.scm.db.dirs is not configured. We recommend adding this setting. Falling back to ozone.metadata.dirs instead.
2019-10-03 19:21:49,697 [main] INFO  pipeline.SCMPipelineManager (SCMPipelineManager.java:initializePipelineState(132)) - No pipeline exists in current db
2019-10-03 19:21:49,697 [main] WARN  server.ServerUtils (ServerUtils.java:getScmDbDir(145)) - ozone.scm.db.dirs is not configured. We recommend adding this setting. Falling back to ozone.metadata.dirs instead.
2019-10-03 19:21:49,777 [main] WARN  events.EventQueue (EventQueue.java:fireEvent(183)) - No event handler registered for event TypedEvent{payloadType=SafeModeStatus, name='SafeModeStatus'}
2019-10-03 19:21:49,778 [main] INFO  ipc.CallQueueManager (CallQueueManager.java:<init>(84)) - Using callQueue: class java.util.concurrent.LinkedBlockingQueue, queueCapacity: 2000, scheduler: class org.apache.hadoop.ipc.DefaultRpcScheduler, ipcBackoff: false.
2019-10-03 19:21:49,779 [Socket Reader #1 for port 33100] INFO  ipc.Server (Server.java:run(1074)) - Starting Socket Reader #1 for port 33100
2019-10-03 19:21:49,781 [main] INFO  ipc.CallQueueManager (CallQueueManager.java:<init>(84)) - Using callQueue: class java.util.concurrent.LinkedBlockingQueue, queueCapacity: 2000, scheduler: class org.apache.hadoop.ipc.DefaultRpcScheduler, ipcBackoff: false.
2019-10-03 19:21:49,782 [Socket Reader #1 for port 40938] INFO  ipc.Server (Server.java:run(1074)) - Starting Socket Reader #1 for port 40938
2019-10-03 19:21:49,783 [main] INFO  ipc.CallQueueManager (CallQueueManager.java:<init>(84)) - Using callQueue: class java.util.concurrent.LinkedBlockingQueue, queueCapacity: 2000, scheduler: class org.apache.hadoop.ipc.DefaultRpcScheduler, ipcBackoff: false.
2019-10-03 19:21:49,784 [Socket Reader #1 for port 45327] INFO  ipc.Server (Server.java:run(1074)) - Starting Socket Reader #1 for port 45327
2019-10-03 19:21:49,786 [main] INFO  hdfs.DFSUtil (DFSUtil.java:httpServerTemplateForNNAndJN(1641)) - Starting Web-server for scm at: http://0.0.0.0:0
2019-10-03 19:21:49,788 [main] INFO  server.AuthenticationFilter (AuthenticationFilter.java:constructSecretProvider(240)) - Unable to initialize FileSignerSecretProvider, falling back to use random secrets.
2019-10-03 19:21:49,788 [main] WARN  http.HttpRequestLog (HttpRequestLog.java:getRequestLog(97)) - Jetty request log can only be enabled using Log4j
2019-10-03 19:21:49,789 [main] INFO  http.HttpServer2 (HttpServer2.java:addGlobalFilter(975)) - Added global filter 'safety' (class=org.apache.hadoop.http.HttpServer2$QuotingInputFilter)
2019-10-03 19:21:49,790 [main] INFO  http.HttpServer2 (HttpServer2.java:addFilter(948)) - Added filter static_user_filter (class=org.apache.hadoop.http.lib.StaticUserWebFilter$StaticUserFilter) to context scm
2019-10-03 19:21:49,790 [main] INFO  http.HttpServer2 (HttpServer2.java:addFilter(958)) - Added filter static_user_filter (class=org.apache.hadoop.http.lib.StaticUserWebFilter$StaticUserFilter) to context logs
2019-10-03 19:21:49,790 [main] INFO  http.HttpServer2 (HttpServer2.java:addFilter(958)) - Added filter static_user_filter (class=org.apache.hadoop.http.lib.StaticUserWebFilter$StaticUserFilter) to context static
2019-10-03 19:21:49,792 [main] INFO  server.StorageContainerManager (StorageContainerManager.java:start(770)) - StorageContainerLocationProtocol RPC server is listening at /0.0.0.0:45327
2019-10-03 19:21:49,794 [main] WARN  impl.MetricsConfig (MetricsConfig.java:loadFirst(134)) - Cannot locate configuration: tried hadoop-metrics2-storagecontainermanager.properties,hadoop-metrics2.properties
2019-10-03 19:21:49,795 [main] INFO  impl.MetricsSystemImpl (MetricsSystemImpl.java:startTimer(374)) - Scheduled Metric snapshot period at 10 second(s).
2019-10-03 19:21:49,795 [main] INFO  impl.MetricsSystemImpl (MetricsSystemImpl.java:start(191)) - StorageContainerManager metrics system started
2019-10-03 19:21:49,888 [main] WARN  impl.MetricsSystemImpl (MetricsSystemImpl.java:register(276)) - Sink prometheus already exists!
2019-10-03 19:21:49,971 [main] INFO  server.SCMClientProtocolServer (SCMClientProtocolServer.java:start(159)) - RPC server for Client  is listening at /0.0.0.0:45327
2019-10-03 19:21:49,971 [IPC Server Responder] INFO  ipc.Server (Server.java:run(1314)) - IPC Server Responder: starting
2019-10-03 19:21:49,971 [IPC Server listener on 45327] INFO  ipc.Server (Server.java:run(1153)) - IPC Server listener on 45327: starting
2019-10-03 19:21:49,977 [main] INFO  server.StorageContainerManager (StorageContainerManager.java:start(780)) - ScmBlockLocationProtocol RPC server is listening at /0.0.0.0:40938
2019-10-03 19:21:49,977 [main] INFO  server.SCMBlockProtocolServer (SCMBlockProtocolServer.java:start(146)) - RPC server for Block Protocol is listening at /0.0.0.0:40938
2019-10-03 19:21:49,978 [IPC Server Responder] INFO  ipc.Server (Server.java:run(1314)) - IPC Server Responder: starting
2019-10-03 19:21:49,978 [IPC Server listener on 40938] INFO  ipc.Server (Server.java:run(1153)) - IPC Server listener on 40938: starting
2019-10-03 19:21:49,983 [main] INFO  server.StorageContainerManager (StorageContainerManager.java:start(784)) - ScmDatanodeProtocl RPC server is listening at /0.0.0.0:33100
2019-10-03 19:21:49,983 [main] INFO  server.SCMDatanodeProtocolServer (SCMDatanodeProtocolServer.java:start(169)) - RPC server for DataNodes is listening at /0.0.0.0:33100
2019-10-03 19:21:49,983 [IPC Server Responder] INFO  ipc.Server (Server.java:run(1314)) - IPC Server Responder: starting
2019-10-03 19:21:49,983 [IPC Server listener on 33100] INFO  ipc.Server (Server.java:run(1153)) - IPC Server listener on 33100: starting
2019-10-03 19:21:49,986 [main] INFO  http.HttpServer2 (HttpServer2.java:bindListener(1191)) - Jetty bound to port 36679
2019-10-03 19:21:49,986 [main] INFO  server.Server (Server.java:doStart(351)) - jetty-9.3.25.v20180904, build timestamp: 2018-09-04T21:11:46Z, git hash: 3ce520221d0240229c862b122d2b06c12a625732
2019-10-03 19:21:49,988 [main] INFO  handler.ContextHandler (ContextHandler.java:doStart(781)) - Started o.e.j.s.ServletContextHandler@39832280{/logs,file:///workdir/hadoop-ozone/integration-test/target/log,AVAILABLE}
2019-10-03 19:21:49,989 [main] INFO  handler.ContextHandler (ContextHandler.java:doStart(781)) - Started o.e.j.s.ServletContextHandler@7f0f84d4{/static,file:///workdir/hadoop-ozone/integration-test/target/test-classes/webapps/static,AVAILABLE}
2019-10-03 19:21:49,994 [main] INFO  handler.ContextHandler (ContextHandler.java:doStart(781)) - Started o.e.j.w.WebAppContext@b768a65{/,file:///workdir/hadoop-ozone/integration-test/target/test-classes/webapps/scm/,AVAILABLE}{/scm}
2019-10-03 19:21:49,996 [main] INFO  server.AbstractConnector (AbstractConnector.java:doStart(278)) - Started ServerConnector@6897a4a{HTTP/1.1,[http/1.1]}{0.0.0.0:36679}
2019-10-03 19:21:49,997 [main] INFO  server.Server (Server.java:doStart(419)) - Started @207693ms
2019-10-03 19:21:49,997 [main] WARN  impl.MetricsSystemImpl (MetricsSystemImpl.java:register(276)) - Sink prometheus already exists!
2019-10-03 19:21:49,998 [main] INFO  server.BaseHttpServer (BaseHttpServer.java:updateConnectorAddress(215)) - HTTP server of SCM is listening at http://0.0.0.0:36679
2019-10-03 19:21:49,998 [main] WARN  server.ServerUtils (ServerUtils.java:getDBPath(222)) - ozone.om.db.dirs is not configured. We recommend adding this setting. Falling back to ozone.metadata.dirs instead.
2019-10-03 19:21:49,998 [org.apache.hadoop.util.JvmPauseMonitor$Monitor@6bce313] INFO  util.JvmPauseMonitor (JvmPauseMonitor.java:run(188)) - Starting JVM pause monitor
2019-10-03 19:21:50,013 [main] INFO  ha.OMHANodeDetails (OMHANodeDetails.java:loadOMHAConfig(190)) - Configuration either no ozone.om.address set. Falling back to the default OM address /127.0.0.1:0
2019-10-03 19:21:50,013 [main] INFO  ha.OMHANodeDetails (OMHANodeDetails.java:getOMNodeDetails(220)) - OM Service ID is not set. Setting it to the default ID: omServiceIdDefault
2019-10-03 19:21:50,013 [main] WARN  server.ServerUtils (ServerUtils.java:getDBPath(222)) - ozone.om.db.dirs is not configured. We recommend adding this setting. Falling back to ozone.metadata.dirs instead.
2019-10-03 19:21:50,014 [main] WARN  server.ServerUtils (ServerUtils.java:getDBPath(222)) - ozone.om.db.dirs is not configured. We recommend adding this setting. Falling back to ozone.metadata.dirs instead.
2019-10-03 19:21:50,022 [main] WARN  server.ServerUtils (ServerUtils.java:getDBPath(222)) - ozone.om.db.dirs is not configured. We recommend adding this setting. Falling back to ozone.metadata.dirs instead.
2019-10-03 19:21:50,022 [main] INFO  db.DBStoreBuilder (DBStoreBuilder.java:addTable(117)) - using custom profile for table: userTable
2019-10-03 19:21:50,022 [main] INFO  db.DBStoreBuilder (DBStoreBuilder.java:processTables(168)) - Using default column profile:DBProfile.DISK for Table:userTable
2019-10-03 19:21:50,023 [main] INFO  db.DBStoreBuilder (DBStoreBuilder.java:addTable(117)) - using custom profile for table: volumeTable
2019-10-03 19:21:50,023 [main] INFO  db.DBStoreBuilder (DBStoreBuilder.java:processTables(168)) - Using default column profile:DBProfile.DISK for Table:volumeTable
2019-10-03 19:21:50,023 [main] INFO  db.DBStoreBuilder (DBStoreBuilder.java:addTable(117)) - using custom profile for table: bucketTable
2019-10-03 19:21:50,023 [main] INFO  db.DBStoreBuilder (DBStoreBuilder.java:processTables(168)) - Using default column profile:DBProfile.DISK for Table:bucketTable
2019-10-03 19:21:50,024 [main] INFO  db.DBStoreBuilder (DBStoreBuilder.java:addTable(117)) - using custom profile for table: keyTable
2019-10-03 19:21:50,024 [main] INFO  db.DBStoreBuilder (DBStoreBuilder.java:processTables(168)) - Using default column profile:DBProfile.DISK for Table:keyTable
2019-10-03 19:21:50,024 [main] INFO  db.DBStoreBuilder (DBStoreBuilder.java:addTable(117)) - using custom profile for table: deletedTable
2019-10-03 19:21:50,024 [main] INFO  db.DBStoreBuilder (DBStoreBuilder.java:processTables(168)) - Using default column profile:DBProfile.DISK for Table:deletedTable
2019-10-03 19:21:50,025 [main] INFO  db.DBStoreBuilder (DBStoreBuilder.java:addTable(117)) - using custom profile for table: openKeyTable
2019-10-03 19:21:50,025 [main] INFO  db.DBStoreBuilder (DBStoreBuilder.java:processTables(168)) - Using default column profile:DBProfile.DISK for Table:openKeyTable
2019-10-03 19:21:50,025 [main] INFO  db.DBStoreBuilder (DBStoreBuilder.java:addTable(117)) - using custom profile for table: s3Table
2019-10-03 19:21:50,025 [main] INFO  db.DBStoreBuilder (DBStoreBuilder.java:processTables(168)) - Using default column profile:DBProfile.DISK for Table:s3Table
2019-10-03 19:21:50,025 [main] INFO  db.DBStoreBuilder (DBStoreBuilder.java:addTable(117)) - using custom profile for table: multipartInfoTable
2019-10-03 19:21:50,026 [main] INFO  db.DBStoreBuilder (DBStoreBuilder.java:processTables(168)) - Using default column profile:DBProfile.DISK for Table:multipartInfoTable
2019-10-03 19:21:50,026 [main] INFO  db.DBStoreBuilder (DBStoreBuilder.java:addTable(117)) - using custom profile for table: dTokenTable
2019-10-03 19:21:50,026 [main] INFO  db.DBStoreBuilder (DBStoreBuilder.java:processTables(168)) - Using default column profile:DBProfile.DISK for Table:dTokenTable
2019-10-03 19:21:50,026 [main] INFO  db.DBStoreBuilder (DBStoreBuilder.java:addTable(117)) - using custom profile for table: s3SecretTable
2019-10-03 19:21:50,027 [main] INFO  db.DBStoreBuilder (DBStoreBuilder.java:processTables(168)) - Using default column profile:DBProfile.DISK for Table:s3SecretTable
2019-10-03 19:21:50,027 [main] INFO  db.DBStoreBuilder (DBStoreBuilder.java:addTable(117)) - using custom profile for table: prefixTable
2019-10-03 19:21:50,027 [main] INFO  db.DBStoreBuilder (DBStoreBuilder.java:processTables(168)) - Using default column profile:DBProfile.DISK for Table:prefixTable
2019-10-03 19:21:50,027 [main] INFO  db.DBStoreBuilder (DBStoreBuilder.java:addTable(117)) - using custom profile for table: default
2019-10-03 19:21:50,027 [main] INFO  db.DBStoreBuilder (DBStoreBuilder.java:processTables(174)) - Using default column profile:DBProfile.DISK for Table:default
2019-10-03 19:21:50,028 [main] INFO  db.DBStoreBuilder (DBStoreBuilder.java:getDbProfile(205)) - Using default options. DBProfile.DISK
2019-10-03 19:21:50,641 [main] INFO  ipc.CallQueueManager (CallQueueManager.java:<init>(84)) - Using callQueue: class java.util.concurrent.LinkedBlockingQueue, queueCapacity: 2000, scheduler: class org.apache.hadoop.ipc.DefaultRpcScheduler, ipcBackoff: false.
2019-10-03 19:21:50,642 [Socket Reader #1 for port 43177] INFO  ipc.Server (Server.java:run(1074)) - Starting Socket Reader #1 for port 43177
2019-10-03 19:21:50,654 [main] INFO  om.OzoneManager (OzoneManager.java:start(1069)) - OzoneManager RPC server is listening at localhost/127.0.0.1:43177
2019-10-03 19:21:50,654 [main] INFO  impl.MetricsSystemImpl (MetricsSystemImpl.java:init(158)) - OzoneManager metrics system started (again)
2019-10-03 19:21:50,655 [IPC Server Responder] INFO  ipc.Server (Server.java:run(1314)) - IPC Server Responder: starting
2019-10-03 19:21:50,656 [IPC Server listener on 43177] INFO  ipc.Server (Server.java:run(1153)) - IPC Server listener on 43177: starting
2019-10-03 19:21:50,659 [main] INFO  hdfs.DFSUtil (DFSUtil.java:httpServerTemplateForNNAndJN(1641)) - Starting Web-server for ozoneManager at: http://0.0.0.0:0
2019-10-03 19:21:50,660 [main] INFO  server.AuthenticationFilter (AuthenticationFilter.java:constructSecretProvider(240)) - Unable to initialize FileSignerSecretProvider, falling back to use random secrets.
2019-10-03 19:21:50,660 [main] WARN  http.HttpRequestLog (HttpRequestLog.java:getRequestLog(97)) - Jetty request log can only be enabled using Log4j
2019-10-03 19:21:50,662 [main] INFO  http.HttpServer2 (HttpServer2.java:addGlobalFilter(975)) - Added global filter 'safety' (class=org.apache.hadoop.http.HttpServer2$QuotingInputFilter)
2019-10-03 19:21:50,662 [main] INFO  http.HttpServer2 (HttpServer2.java:addFilter(948)) - Added filter static_user_filter (class=org.apache.hadoop.http.lib.StaticUserWebFilter$StaticUserFilter) to context ozoneManager
2019-10-03 19:21:50,662 [main] INFO  http.HttpServer2 (HttpServer2.java:addFilter(958)) - Added filter static_user_filter (class=org.apache.hadoop.http.lib.StaticUserWebFilter$StaticUserFilter) to context logs
2019-10-03 19:21:50,662 [main] INFO  http.HttpServer2 (HttpServer2.java:addFilter(958)) - Added filter static_user_filter (class=org.apache.hadoop.http.lib.StaticUserWebFilter$StaticUserFilter) to context static
2019-10-03 19:21:50,663 [main] INFO  http.HttpServer2 (HttpServer2.java:bindListener(1191)) - Jetty bound to port 40385
2019-10-03 19:21:50,663 [main] INFO  server.Server (Server.java:doStart(351)) - jetty-9.3.25.v20180904, build timestamp: 2018-09-04T21:11:46Z, git hash: 3ce520221d0240229c862b122d2b06c12a625732
2019-10-03 19:21:50,664 [main] INFO  handler.ContextHandler (ContextHandler.java:doStart(781)) - Started o.e.j.s.ServletContextHandler@1cd2143b{/logs,file:///workdir/hadoop-ozone/integration-test/target/log,AVAILABLE}
2019-10-03 19:21:50,665 [main] INFO  handler.ContextHandler (ContextHandler.java:doStart(781)) - Started o.e.j.s.ServletContextHandler@601d6622{/static,file:///workdir/hadoop-ozone/integration-test/target/test-classes/webapps/static,AVAILABLE}
2019-10-03 19:21:50,668 [main] INFO  handler.ContextHandler (ContextHandler.java:doStart(781)) - Started o.e.j.w.WebAppContext@3e5beab5{/,file:///workdir/hadoop-ozone/integration-test/target/test-classes/webapps/ozoneManager/,AVAILABLE}{/ozoneManager}
2019-10-03 19:21:50,668 [main] INFO  server.AbstractConnector (AbstractConnector.java:doStart(278)) - Started ServerConnector@7c588adc{HTTP/1.1,[http/1.1]}{0.0.0.0:40385}
2019-10-03 19:21:50,669 [main] INFO  server.Server (Server.java:doStart(419)) - Started @208365ms
2019-10-03 19:21:50,669 [main] WARN  impl.MetricsSystemImpl (MetricsSystemImpl.java:register(276)) - Sink prometheus already exists!
2019-10-03 19:21:50,670 [main] INFO  server.BaseHttpServer (BaseHttpServer.java:updateConnectorAddress(215)) - HTTP server of OZONEMANAGER is listening at http://0.0.0.0:40385
2019-10-03 19:21:50,681 [main] INFO  impl.MetricsSystemImpl (MetricsSystemImpl.java:init(158)) - HddsDatanode metrics system started (again)
2019-10-03 19:21:50,684 [main] INFO  ozone.HddsDatanodeService (HddsDatanodeService.java:start(184)) - HddsDatanodeService host:pr-hdds-1720-trunk-7c7p5-3943417498 ip:192.168.151.100
2019-10-03 19:21:50,689 [main] INFO  volume.HddsVolume (HddsVolume.java:<init>(176)) - Creating Volume: /workdir/hadoop-ozone/integration-test/target/test-dir/MiniOzoneClusterImpl-1bf28b11-333b-477a-817b-2d1dec1d7f8a/datanode-0/data/containers/hdds of  storage type : DISK and capacity : 1482555576320
2019-10-03 19:21:50,689 [main] INFO  volume.VolumeSet (VolumeSet.java:initializeVolumeSet(170)) - Added Volume : /workdir/hadoop-ozone/integration-test/target/test-dir/MiniOzoneClusterImpl-1bf28b11-333b-477a-817b-2d1dec1d7f8a/datanode-0/data/containers/hdds to VolumeSet
2019-10-03 19:21:50,690 [main] INFO  volume.ThrottledAsyncChecker (ThrottledAsyncChecker.java:schedule(139)) - Scheduling a check for org.apache.hadoop.ozone.container.common.volume.HddsVolume@7b96de8d
2019-10-03 19:21:50,690 [main] INFO  volume.HddsVolumeChecker (HddsVolumeChecker.java:checkAllVolumes(202)) - Scheduled health check for volume org.apache.hadoop.ozone.container.common.volume.HddsVolume@7b96de8d
2019-10-03 19:21:50,703 [main] INFO  impl.RaftServerProxy (ConfUtils.java:logGet(43)) - raft.rpc.type = GRPC (default)
2019-10-03 19:21:50,703 [main] INFO  grpc.GrpcFactory (GrpcFactory.java:checkPooledByteBufAllocatorUseCacheForAllThreads(45)) - PERFORMANCE WARNING: useCacheForAllThreads is true that may cause Netty to create a lot garbage objects and, as a result, trigger GC.
	It is recommended to disable useCacheForAllThreads by setting -Dorg.apache.ratis.thirdparty.io.netty.allocator.useCacheForAllThreads=false in command line.
2019-10-03 19:21:50,703 [main] INFO  grpc.GrpcConfigKeys$Server (ConfUtils.java:logGet(43)) - raft.grpc.server.port = 0 (default)
2019-10-03 19:21:50,703 [main] INFO  server.GrpcService (ConfUtils.java:logGet(43)) - raft.grpc.message.size.max = 33570816 (custom)
2019-10-03 19:21:50,704 [main] INFO  server.RaftServerConfigKeys (ConfUtils.java:logGet(43)) - raft.server.log.appender.buffer.byte-limit = 33554432 (custom)
2019-10-03 19:21:50,704 [main] INFO  server.GrpcService (ConfUtils.java:logGet(43)) - raft.grpc.flow.control.window = 1MB (=1048576) (default)
2019-10-03 19:21:50,704 [main] INFO  server.RaftServerConfigKeys (ConfUtils.java:logGet(43)) - raft.server.rpc.request.timeout = 3000ms (default)
2019-10-03 19:21:50,705 [main] INFO  server.RaftServerConfigKeys (ConfUtils.java:logGet(43)) - raft.server.storage.dir = [/workdir/hadoop-ozone/integration-test/target/test-dir/MiniOzoneClusterImpl-1bf28b11-333b-477a-817b-2d1dec1d7f8a/datanode-0/data/ratis] (custom)
2019-10-03 19:21:50,706 [main] INFO  hdfs.DFSUtil (DFSUtil.java:httpServerTemplateForNNAndJN(1641)) - Starting Web-server for hddsDatanode at: http://0.0.0.0:0
2019-10-03 19:21:50,707 [main] INFO  server.AuthenticationFilter (AuthenticationFilter.java:constructSecretProvider(240)) - Unable to initialize FileSignerSecretProvider, falling back to use random secrets.
2019-10-03 19:21:50,707 [main] WARN  http.HttpRequestLog (HttpRequestLog.java:getRequestLog(97)) - Jetty request log can only be enabled using Log4j
2019-10-03 19:21:50,708 [main] INFO  http.HttpServer2 (HttpServer2.java:addGlobalFilter(975)) - Added global filter 'safety' (class=org.apache.hadoop.http.HttpServer2$QuotingInputFilter)
2019-10-03 19:21:50,709 [main] INFO  http.HttpServer2 (HttpServer2.java:addFilter(948)) - Added filter static_user_filter (class=org.apache.hadoop.http.lib.StaticUserWebFilter$StaticUserFilter) to context hddsDatanode
2019-10-03 19:21:50,709 [main] INFO  http.HttpServer2 (HttpServer2.java:addFilter(958)) - Added filter static_user_filter (class=org.apache.hadoop.http.lib.StaticUserWebFilter$StaticUserFilter) to context static
2019-10-03 19:21:50,709 [main] INFO  http.HttpServer2 (HttpServer2.java:addFilter(958)) - Added filter static_user_filter (class=org.apache.hadoop.http.lib.StaticUserWebFilter$StaticUserFilter) to context logs
2019-10-03 19:21:50,709 [main] INFO  http.HttpServer2 (HttpServer2.java:bindListener(1191)) - Jetty bound to port 44662
2019-10-03 19:21:50,709 [main] INFO  server.Server (Server.java:doStart(351)) - jetty-9.3.25.v20180904, build timestamp: 2018-09-04T21:11:46Z, git hash: 3ce520221d0240229c862b122d2b06c12a625732
2019-10-03 19:21:50,711 [main] INFO  handler.ContextHandler (ContextHandler.java:doStart(781)) - Started o.e.j.s.ServletContextHandler@7d30007d{/logs,file:///workdir/hadoop-ozone/integration-test/target/log,AVAILABLE}
2019-10-03 19:21:50,711 [main] INFO  handler.ContextHandler (ContextHandler.java:doStart(781)) - Started o.e.j.s.ServletContextHandler@2ca54da9{/static,jar:file:/home/user/.m2/repository/org/apache/hadoop/hadoop-hdds-container-service/0.5.0-SNAPSHOT/hadoop-hdds-container-service-0.5.0-SNAPSHOT.jar!/webapps/static,AVAILABLE}
2019-10-03 19:21:50,737 [main] INFO  handler.ContextHandler (ContextHandler.java:doStart(781)) - Started o.e.j.w.WebAppContext@8b13d91{/,file:///tmp/jetty-0.0.0.0-44662-hddsDatanode-_-any-4196348965199857924.dir/webapp/,AVAILABLE}{/hddsDatanode}
2019-10-03 19:21:50,737 [main] INFO  server.AbstractConnector (AbstractConnector.java:doStart(278)) - Started ServerConnector@285a4fe3{HTTP/1.1,[http/1.1]}{0.0.0.0:44662}
2019-10-03 19:21:50,738 [main] INFO  server.Server (Server.java:doStart(419)) - Started @208434ms
2019-10-03 19:21:50,739 [main] WARN  impl.MetricsSystemImpl (MetricsSystemImpl.java:register(276)) - Sink prometheus already exists!
2019-10-03 19:21:50,739 [main] INFO  server.BaseHttpServer (BaseHttpServer.java:updateConnectorAddress(215)) - HTTP server of HDDSDATANODE is listening at http://0.0.0.0:44662
2019-10-03 19:21:50,739 [main] INFO  impl.MetricsSystemImpl (MetricsSystemImpl.java:init(158)) - HddsDatanode metrics system started (again)
2019-10-03 19:21:50,743 [org.apache.hadoop.util.JvmPauseMonitor$Monitor@4807707f] INFO  util.JvmPauseMonitor (JvmPauseMonitor.java:run(188)) - Starting JVM pause monitor
2019-10-03 19:21:50,743 [main] INFO  ozone.HddsDatanodeService (HddsDatanodeService.java:start(184)) - HddsDatanodeService host:pr-hdds-1720-trunk-7c7p5-3943417498 ip:192.168.151.100
2019-10-03 19:21:50,745 [Datanode State Machine Thread - 0] INFO  datanode.InitDatanodeState (InitDatanodeState.java:persistContainerDatanodeDetails(140)) - DatanodeDetails is persisted to /workdir/hadoop-ozone/integration-test/target/test-dir/MiniOzoneClusterImpl-1bf28b11-333b-477a-817b-2d1dec1d7f8a/datanode-0/meta/datanode.id
2019-10-03 19:21:50,749 [main] INFO  volume.HddsVolume (HddsVolume.java:<init>(176)) - Creating Volume: /workdir/hadoop-ozone/integration-test/target/test-dir/MiniOzoneClusterImpl-1bf28b11-333b-477a-817b-2d1dec1d7f8a/datanode-1/data/containers/hdds of  storage type : DISK and capacity : 1482555576320
2019-10-03 19:21:50,749 [main] INFO  volume.VolumeSet (VolumeSet.java:initializeVolumeSet(170)) - Added Volume : /workdir/hadoop-ozone/integration-test/target/test-dir/MiniOzoneClusterImpl-1bf28b11-333b-477a-817b-2d1dec1d7f8a/datanode-1/data/containers/hdds to VolumeSet
2019-10-03 19:21:50,749 [main] INFO  volume.ThrottledAsyncChecker (ThrottledAsyncChecker.java:schedule(139)) - Scheduling a check for org.apache.hadoop.ozone.container.common.volume.HddsVolume@71936a92
2019-10-03 19:21:50,750 [main] INFO  volume.HddsVolumeChecker (HddsVolumeChecker.java:checkAllVolumes(202)) - Scheduled health check for volume org.apache.hadoop.ozone.container.common.volume.HddsVolume@71936a92
2019-10-03 19:21:50,762 [main] INFO  impl.RaftServerProxy (ConfUtils.java:logGet(43)) - raft.rpc.type = GRPC (default)
2019-10-03 19:21:50,762 [main] INFO  grpc.GrpcFactory (GrpcFactory.java:checkPooledByteBufAllocatorUseCacheForAllThreads(45)) - PERFORMANCE WARNING: useCacheForAllThreads is true that may cause Netty to create a lot garbage objects and, as a result, trigger GC.
	It is recommended to disable useCacheForAllThreads by setting -Dorg.apache.ratis.thirdparty.io.netty.allocator.useCacheForAllThreads=false in command line.
2019-10-03 19:21:50,762 [main] INFO  grpc.GrpcConfigKeys$Server (ConfUtils.java:logGet(43)) - raft.grpc.server.port = 0 (default)
2019-10-03 19:21:50,763 [main] INFO  server.GrpcService (ConfUtils.java:logGet(43)) - raft.grpc.message.size.max = 33570816 (custom)
2019-10-03 19:21:50,763 [main] INFO  server.RaftServerConfigKeys (ConfUtils.java:logGet(43)) - raft.server.log.appender.buffer.byte-limit = 33554432 (custom)
2019-10-03 19:21:50,763 [main] INFO  server.GrpcService (ConfUtils.java:logGet(43)) - raft.grpc.flow.control.window = 1MB (=1048576) (default)
2019-10-03 19:21:50,763 [main] INFO  server.RaftServerConfigKeys (ConfUtils.java:logGet(43)) - raft.server.rpc.request.timeout = 3000ms (default)
2019-10-03 19:21:50,764 [main] INFO  server.RaftServerConfigKeys (ConfUtils.java:logGet(43)) - raft.server.storage.dir = [/workdir/hadoop-ozone/integration-test/target/test-dir/MiniOzoneClusterImpl-1bf28b11-333b-477a-817b-2d1dec1d7f8a/datanode-1/data/ratis] (custom)
2019-10-03 19:21:50,765 [main] INFO  hdfs.DFSUtil (DFSUtil.java:httpServerTemplateForNNAndJN(1641)) - Starting Web-server for hddsDatanode at: http://0.0.0.0:0
2019-10-03 19:21:50,767 [main] INFO  server.AuthenticationFilter (AuthenticationFilter.java:constructSecretProvider(240)) - Unable to initialize FileSignerSecretProvider, falling back to use random secrets.
2019-10-03 19:21:50,767 [main] WARN  http.HttpRequestLog (HttpRequestLog.java:getRequestLog(97)) - Jetty request log can only be enabled using Log4j
2019-10-03 19:21:50,769 [main] INFO  http.HttpServer2 (HttpServer2.java:addGlobalFilter(975)) - Added global filter 'safety' (class=org.apache.hadoop.http.HttpServer2$QuotingInputFilter)
2019-10-03 19:21:50,770 [main] INFO  http.HttpServer2 (HttpServer2.java:addFilter(948)) - Added filter static_user_filter (class=org.apache.hadoop.http.lib.StaticUserWebFilter$StaticUserFilter) to context hddsDatanode
2019-10-03 19:21:50,770 [main] INFO  http.HttpServer2 (HttpServer2.java:addFilter(958)) - Added filter static_user_filter (class=org.apache.hadoop.http.lib.StaticUserWebFilter$StaticUserFilter) to context logs
2019-10-03 19:21:50,770 [main] INFO  http.HttpServer2 (HttpServer2.java:addFilter(958)) - Added filter static_user_filter (class=org.apache.hadoop.http.lib.StaticUserWebFilter$StaticUserFilter) to context static
2019-10-03 19:21:50,771 [main] INFO  http.HttpServer2 (HttpServer2.java:bindListener(1191)) - Jetty bound to port 32808
2019-10-03 19:21:50,771 [main] INFO  server.Server (Server.java:doStart(351)) - jetty-9.3.25.v20180904, build timestamp: 2018-09-04T21:11:46Z, git hash: 3ce520221d0240229c862b122d2b06c12a625732
2019-10-03 19:21:50,773 [main] INFO  handler.ContextHandler (ContextHandler.java:doStart(781)) - Started o.e.j.s.ServletContextHandler@48d739f{/logs,file:///workdir/hadoop-ozone/integration-test/target/log,AVAILABLE}
2019-10-03 19:21:50,773 [main] INFO  handler.ContextHandler (ContextHandler.java:doStart(781)) - Started o.e.j.s.ServletContextHandler@65cc5252{/static,jar:file:/home/user/.m2/repository/org/apache/hadoop/hadoop-hdds-container-service/0.5.0-SNAPSHOT/hadoop-hdds-container-service-0.5.0-SNAPSHOT.jar!/webapps/static,AVAILABLE}
2019-10-03 19:21:50,813 [main] INFO  handler.ContextHandler (ContextHandler.java:doStart(781)) - Started o.e.j.w.WebAppContext@3caee3a8{/,file:///tmp/jetty-0.0.0.0-32808-hddsDatanode-_-any-1988174759845566156.dir/webapp/,AVAILABLE}{/hddsDatanode}
2019-10-03 19:21:50,814 [main] INFO  server.AbstractConnector (AbstractConnector.java:doStart(278)) - Started ServerConnector@69a40b3c{HTTP/1.1,[http/1.1]}{0.0.0.0:32808}
2019-10-03 19:21:50,816 [main] INFO  server.Server (Server.java:doStart(419)) - Started @208512ms
2019-10-03 19:21:50,816 [main] WARN  impl.MetricsSystemImpl (MetricsSystemImpl.java:register(276)) - Sink prometheus already exists!
2019-10-03 19:21:50,817 [main] INFO  server.BaseHttpServer (BaseHttpServer.java:updateConnectorAddress(215)) - HTTP server of HDDSDATANODE is listening at http://0.0.0.0:32808
2019-10-03 19:21:50,817 [main] INFO  impl.MetricsSystemImpl (MetricsSystemImpl.java:init(158)) - HddsDatanode metrics system started (again)
2019-10-03 19:21:50,821 [org.apache.hadoop.util.JvmPauseMonitor$Monitor@4f9979e1] INFO  util.JvmPauseMonitor (JvmPauseMonitor.java:run(188)) - Starting JVM pause monitor
2019-10-03 19:21:50,822 [main] INFO  ozone.HddsDatanodeService (HddsDatanodeService.java:start(184)) - HddsDatanodeService host:pr-hdds-1720-trunk-7c7p5-3943417498 ip:192.168.151.100
2019-10-03 19:21:50,823 [Datanode State Machine Thread - 0] INFO  datanode.InitDatanodeState (InitDatanodeState.java:persistContainerDatanodeDetails(140)) - DatanodeDetails is persisted to /workdir/hadoop-ozone/integration-test/target/test-dir/MiniOzoneClusterImpl-1bf28b11-333b-477a-817b-2d1dec1d7f8a/datanode-1/meta/datanode.id
2019-10-03 19:21:50,829 [main] INFO  volume.HddsVolume (HddsVolume.java:<init>(176)) - Creating Volume: /workdir/hadoop-ozone/integration-test/target/test-dir/MiniOzoneClusterImpl-1bf28b11-333b-477a-817b-2d1dec1d7f8a/datanode-2/data/containers/hdds of  storage type : DISK and capacity : 1482555576320
2019-10-03 19:21:50,830 [main] INFO  volume.VolumeSet (VolumeSet.java:initializeVolumeSet(170)) - Added Volume : /workdir/hadoop-ozone/integration-test/target/test-dir/MiniOzoneClusterImpl-1bf28b11-333b-477a-817b-2d1dec1d7f8a/datanode-2/data/containers/hdds to VolumeSet
2019-10-03 19:21:50,830 [main] INFO  volume.ThrottledAsyncChecker (ThrottledAsyncChecker.java:schedule(139)) - Scheduling a check for org.apache.hadoop.ozone.container.common.volume.HddsVolume@50bc3219
2019-10-03 19:21:50,830 [main] INFO  volume.HddsVolumeChecker (HddsVolumeChecker.java:checkAllVolumes(202)) - Scheduled health check for volume org.apache.hadoop.ozone.container.common.volume.HddsVolume@50bc3219
2019-10-03 19:21:50,847 [main] INFO  impl.RaftServerProxy (ConfUtils.java:logGet(43)) - raft.rpc.type = GRPC (default)
2019-10-03 19:21:50,847 [main] INFO  grpc.GrpcFactory (GrpcFactory.java:checkPooledByteBufAllocatorUseCacheForAllThreads(45)) - PERFORMANCE WARNING: useCacheForAllThreads is true that may cause Netty to create a lot garbage objects and, as a result, trigger GC.
	It is recommended to disable useCacheForAllThreads by setting -Dorg.apache.ratis.thirdparty.io.netty.allocator.useCacheForAllThreads=false in command line.
2019-10-03 19:21:50,847 [main] INFO  grpc.GrpcConfigKeys$Server (ConfUtils.java:logGet(43)) - raft.grpc.server.port = 0 (default)
2019-10-03 19:21:50,847 [main] INFO  server.GrpcService (ConfUtils.java:logGet(43)) - raft.grpc.message.size.max = 33570816 (custom)
2019-10-03 19:21:50,848 [main] INFO  server.RaftServerConfigKeys (ConfUtils.java:logGet(43)) - raft.server.log.appender.buffer.byte-limit = 33554432 (custom)
2019-10-03 19:21:50,848 [main] INFO  server.GrpcService (ConfUtils.java:logGet(43)) - raft.grpc.flow.control.window = 1MB (=1048576) (default)
2019-10-03 19:21:50,848 [main] INFO  server.RaftServerConfigKeys (ConfUtils.java:logGet(43)) - raft.server.rpc.request.timeout = 3000ms (default)
2019-10-03 19:21:50,849 [main] INFO  server.RaftServerConfigKeys (ConfUtils.java:logGet(43)) - raft.server.storage.dir = [/workdir/hadoop-ozone/integration-test/target/test-dir/MiniOzoneClusterImpl-1bf28b11-333b-477a-817b-2d1dec1d7f8a/datanode-2/data/ratis] (custom)
2019-10-03 19:21:50,850 [main] INFO  hdfs.DFSUtil (DFSUtil.java:httpServerTemplateForNNAndJN(1641)) - Starting Web-server for hddsDatanode at: http://0.0.0.0:0
2019-10-03 19:21:50,852 [main] INFO  server.AuthenticationFilter (AuthenticationFilter.java:constructSecretProvider(240)) - Unable to initialize FileSignerSecretProvider, falling back to use random secrets.
2019-10-03 19:21:50,852 [main] WARN  http.HttpRequestLog (HttpRequestLog.java:getRequestLog(97)) - Jetty request log can only be enabled using Log4j
2019-10-03 19:21:50,854 [main] INFO  http.HttpServer2 (HttpServer2.java:addGlobalFilter(975)) - Added global filter 'safety' (class=org.apache.hadoop.http.HttpServer2$QuotingInputFilter)
2019-10-03 19:21:50,854 [main] INFO  http.HttpServer2 (HttpServer2.java:addFilter(948)) - Added filter static_user_filter (class=org.apache.hadoop.http.lib.StaticUserWebFilter$StaticUserFilter) to context hddsDatanode
2019-10-03 19:21:50,855 [main] INFO  http.HttpServer2 (HttpServer2.java:addFilter(958)) - Added filter static_user_filter (class=org.apache.hadoop.http.lib.StaticUserWebFilter$StaticUserFilter) to context logs
2019-10-03 19:21:50,855 [main] INFO  http.HttpServer2 (HttpServer2.java:addFilter(958)) - Added filter static_user_filter (class=org.apache.hadoop.http.lib.StaticUserWebFilter$StaticUserFilter) to context static
2019-10-03 19:21:50,855 [main] INFO  http.HttpServer2 (HttpServer2.java:bindListener(1191)) - Jetty bound to port 36990
2019-10-03 19:21:50,856 [main] INFO  server.Server (Server.java:doStart(351)) - jetty-9.3.25.v20180904, build timestamp: 2018-09-04T21:11:46Z, git hash: 3ce520221d0240229c862b122d2b06c12a625732
2019-10-03 19:21:50,857 [main] INFO  handler.ContextHandler (ContextHandler.java:doStart(781)) - Started o.e.j.s.ServletContextHandler@4a2bf50f{/logs,file:///workdir/hadoop-ozone/integration-test/target/log,AVAILABLE}
2019-10-03 19:21:50,858 [main] INFO  handler.ContextHandler (ContextHandler.java:doStart(781)) - Started o.e.j.s.ServletContextHandler@2506b881{/static,jar:file:/home/user/.m2/repository/org/apache/hadoop/hadoop-hdds-container-service/0.5.0-SNAPSHOT/hadoop-hdds-container-service-0.5.0-SNAPSHOT.jar!/webapps/static,AVAILABLE}
2019-10-03 19:21:50,887 [main] INFO  handler.ContextHandler (ContextHandler.java:doStart(781)) - Started o.e.j.w.WebAppContext@2bec068b{/,file:///tmp/jetty-0.0.0.0-36990-hddsDatanode-_-any-6972117207774810170.dir/webapp/,AVAILABLE}{/hddsDatanode}
2019-10-03 19:21:50,888 [main] INFO  server.AbstractConnector (AbstractConnector.java:doStart(278)) - Started ServerConnector@7d59e968{HTTP/1.1,[http/1.1]}{0.0.0.0:36990}
2019-10-03 19:21:50,889 [main] INFO  server.Server (Server.java:doStart(419)) - Started @208585ms
2019-10-03 19:21:50,890 [main] WARN  impl.MetricsSystemImpl (MetricsSystemImpl.java:register(276)) - Sink prometheus already exists!
2019-10-03 19:21:50,890 [main] INFO  server.BaseHttpServer (BaseHttpServer.java:updateConnectorAddress(215)) - HTTP server of HDDSDATANODE is listening at http://0.0.0.0:36990
2019-10-03 19:21:50,891 [main] INFO  impl.MetricsSystemImpl (MetricsSystemImpl.java:init(158)) - HddsDatanode metrics system started (again)
2019-10-03 19:21:50,895 [org.apache.hadoop.util.JvmPauseMonitor$Monitor@79b7c071] INFO  util.JvmPauseMonitor (JvmPauseMonitor.java:run(188)) - Starting JVM pause monitor
2019-10-03 19:21:50,895 [main] INFO  ozone.HddsDatanodeService (HddsDatanodeService.java:start(184)) - HddsDatanodeService host:pr-hdds-1720-trunk-7c7p5-3943417498 ip:192.168.151.100
2019-10-03 19:21:50,896 [Datanode State Machine Thread - 0] INFO  datanode.InitDatanodeState (InitDatanodeState.java:persistContainerDatanodeDetails(140)) - DatanodeDetails is persisted to /workdir/hadoop-ozone/integration-test/target/test-dir/MiniOzoneClusterImpl-1bf28b11-333b-477a-817b-2d1dec1d7f8a/datanode-2/meta/datanode.id
2019-10-03 19:21:50,902 [main] INFO  volume.HddsVolume (HddsVolume.java:<init>(176)) - Creating Volume: /workdir/hadoop-ozone/integration-test/target/test-dir/MiniOzoneClusterImpl-1bf28b11-333b-477a-817b-2d1dec1d7f8a/datanode-3/data/containers/hdds of  storage type : DISK and capacity : 1482555576320
2019-10-03 19:21:50,902 [main] INFO  volume.VolumeSet (VolumeSet.java:initializeVolumeSet(170)) - Added Volume : /workdir/hadoop-ozone/integration-test/target/test-dir/MiniOzoneClusterImpl-1bf28b11-333b-477a-817b-2d1dec1d7f8a/datanode-3/data/containers/hdds to VolumeSet
2019-10-03 19:21:50,903 [main] INFO  volume.ThrottledAsyncChecker (ThrottledAsyncChecker.java:schedule(139)) - Scheduling a check for org.apache.hadoop.ozone.container.common.volume.HddsVolume@6c835217
2019-10-03 19:21:50,903 [main] INFO  volume.HddsVolumeChecker (HddsVolumeChecker.java:checkAllVolumes(202)) - Scheduled health check for volume org.apache.hadoop.ozone.container.common.volume.HddsVolume@6c835217
2019-10-03 19:21:50,918 [main] INFO  impl.RaftServerProxy (ConfUtils.java:logGet(43)) - raft.rpc.type = GRPC (default)
2019-10-03 19:21:50,919 [main] INFO  grpc.GrpcFactory (GrpcFactory.java:checkPooledByteBufAllocatorUseCacheForAllThreads(45)) - PERFORMANCE WARNING: useCacheForAllThreads is true that may cause Netty to create a lot garbage objects and, as a result, trigger GC.
	It is recommended to disable useCacheForAllThreads by setting -Dorg.apache.ratis.thirdparty.io.netty.allocator.useCacheForAllThreads=false in command line.
2019-10-03 19:21:50,919 [main] INFO  grpc.GrpcConfigKeys$Server (ConfUtils.java:logGet(43)) - raft.grpc.server.port = 0 (default)
2019-10-03 19:21:50,919 [main] INFO  server.GrpcService (ConfUtils.java:logGet(43)) - raft.grpc.message.size.max = 33570816 (custom)
2019-10-03 19:21:50,919 [main] INFO  server.RaftServerConfigKeys (ConfUtils.java:logGet(43)) - raft.server.log.appender.buffer.byte-limit = 33554432 (custom)
2019-10-03 19:21:50,920 [main] INFO  server.GrpcService (ConfUtils.java:logGet(43)) - raft.grpc.flow.control.window = 1MB (=1048576) (default)
2019-10-03 19:21:50,920 [main] INFO  server.RaftServerConfigKeys (ConfUtils.java:logGet(43)) - raft.server.rpc.request.timeout = 3000ms (default)
2019-10-03 19:21:50,920 [main] INFO  server.RaftServerConfigKeys (ConfUtils.java:logGet(43)) - raft.server.storage.dir = [/workdir/hadoop-ozone/integration-test/target/test-dir/MiniOzoneClusterImpl-1bf28b11-333b-477a-817b-2d1dec1d7f8a/datanode-3/data/ratis] (custom)
2019-10-03 19:21:50,922 [main] INFO  hdfs.DFSUtil (DFSUtil.java:httpServerTemplateForNNAndJN(1641)) - Starting Web-server for hddsDatanode at: http://0.0.0.0:0
2019-10-03 19:21:50,923 [main] INFO  server.AuthenticationFilter (AuthenticationFilter.java:constructSecretProvider(240)) - Unable to initialize FileSignerSecretProvider, falling back to use random secrets.
2019-10-03 19:21:50,924 [main] WARN  http.HttpRequestLog (HttpRequestLog.java:getRequestLog(97)) - Jetty request log can only be enabled using Log4j
2019-10-03 19:21:50,925 [main] INFO  http.HttpServer2 (HttpServer2.java:addGlobalFilter(975)) - Added global filter 'safety' (class=org.apache.hadoop.http.HttpServer2$QuotingInputFilter)
2019-10-03 19:21:50,926 [main] INFO  http.HttpServer2 (HttpServer2.java:addFilter(948)) - Added filter static_user_filter (class=org.apache.hadoop.http.lib.StaticUserWebFilter$StaticUserFilter) to context hddsDatanode
2019-10-03 19:21:50,926 [main] INFO  http.HttpServer2 (HttpServer2.java:addFilter(958)) - Added filter static_user_filter (class=org.apache.hadoop.http.lib.StaticUserWebFilter$StaticUserFilter) to context logs
2019-10-03 19:21:50,926 [main] INFO  http.HttpServer2 (HttpServer2.java:addFilter(958)) - Added filter static_user_filter (class=org.apache.hadoop.http.lib.StaticUserWebFilter$StaticUserFilter) to context static
2019-10-03 19:21:50,927 [main] INFO  http.HttpServer2 (HttpServer2.java:bindListener(1191)) - Jetty bound to port 43094
2019-10-03 19:21:50,927 [main] INFO  server.Server (Server.java:doStart(351)) - jetty-9.3.25.v20180904, build timestamp: 2018-09-04T21:11:46Z, git hash: 3ce520221d0240229c862b122d2b06c12a625732
2019-10-03 19:21:50,928 [main] INFO  handler.ContextHandler (ContextHandler.java:doStart(781)) - Started o.e.j.s.ServletContextHandler@5cff729b{/logs,file:///workdir/hadoop-ozone/integration-test/target/log,AVAILABLE}
2019-10-03 19:21:50,929 [main] INFO  handler.ContextHandler (ContextHandler.java:doStart(781)) - Started o.e.j.s.ServletContextHandler@6b8b5020{/static,jar:file:/home/user/.m2/repository/org/apache/hadoop/hadoop-hdds-container-service/0.5.0-SNAPSHOT/hadoop-hdds-container-service-0.5.0-SNAPSHOT.jar!/webapps/static,AVAILABLE}
2019-10-03 19:21:50,965 [main] INFO  handler.ContextHandler (ContextHandler.java:doStart(781)) - Started o.e.j.w.WebAppContext@75e80a97{/,file:///tmp/jetty-0.0.0.0-43094-hddsDatanode-_-any-667122974582204381.dir/webapp/,AVAILABLE}{/hddsDatanode}
2019-10-03 19:21:50,965 [main] INFO  server.AbstractConnector (AbstractConnector.java:doStart(278)) - Started ServerConnector@5b8853{HTTP/1.1,[http/1.1]}{0.0.0.0:43094}
2019-10-03 19:21:50,967 [main] INFO  server.Server (Server.java:doStart(419)) - Started @208663ms
2019-10-03 19:21:50,967 [main] WARN  impl.MetricsSystemImpl (MetricsSystemImpl.java:register(276)) - Sink prometheus already exists!
2019-10-03 19:21:50,968 [main] INFO  server.BaseHttpServer (BaseHttpServer.java:updateConnectorAddress(215)) - HTTP server of HDDSDATANODE is listening at http://0.0.0.0:43094
2019-10-03 19:21:50,968 [main] INFO  impl.MetricsSystemImpl (MetricsSystemImpl.java:init(158)) - HddsDatanode metrics system started (again)
2019-10-03 19:21:50,972 [org.apache.hadoop.util.JvmPauseMonitor$Monitor@111d8ced] INFO  util.JvmPauseMonitor (JvmPauseMonitor.java:run(188)) - Starting JVM pause monitor
2019-10-03 19:21:50,973 [Datanode State Machine Thread - 0] INFO  datanode.InitDatanodeState (InitDatanodeState.java:persistContainerDatanodeDetails(140)) - DatanodeDetails is persisted to /workdir/hadoop-ozone/integration-test/target/test-dir/MiniOzoneClusterImpl-1bf28b11-333b-477a-817b-2d1dec1d7f8a/datanode-3/meta/datanode.id
2019-10-03 19:21:50,973 [main] INFO  ozone.HddsDatanodeService (HddsDatanodeService.java:start(184)) - HddsDatanodeService host:pr-hdds-1720-trunk-7c7p5-3943417498 ip:192.168.151.100
2019-10-03 19:21:50,979 [main] INFO  volume.HddsVolume (HddsVolume.java:<init>(176)) - Creating Volume: /workdir/hadoop-ozone/integration-test/target/test-dir/MiniOzoneClusterImpl-1bf28b11-333b-477a-817b-2d1dec1d7f8a/datanode-4/data/containers/hdds of  storage type : DISK and capacity : 1482555576320
2019-10-03 19:21:50,979 [main] INFO  volume.VolumeSet (VolumeSet.java:initializeVolumeSet(170)) - Added Volume : /workdir/hadoop-ozone/integration-test/target/test-dir/MiniOzoneClusterImpl-1bf28b11-333b-477a-817b-2d1dec1d7f8a/datanode-4/data/containers/hdds to VolumeSet
2019-10-03 19:21:50,979 [main] INFO  volume.ThrottledAsyncChecker (ThrottledAsyncChecker.java:schedule(139)) - Scheduling a check for org.apache.hadoop.ozone.container.common.volume.HddsVolume@747f6c5a
2019-10-03 19:21:50,980 [main] INFO  volume.HddsVolumeChecker (HddsVolumeChecker.java:checkAllVolumes(202)) - Scheduled health check for volume org.apache.hadoop.ozone.container.common.volume.HddsVolume@747f6c5a
2019-10-03 19:21:50,995 [main] INFO  impl.RaftServerProxy (ConfUtils.java:logGet(43)) - raft.rpc.type = GRPC (default)
2019-10-03 19:21:50,995 [main] INFO  grpc.GrpcFactory (GrpcFactory.java:checkPooledByteBufAllocatorUseCacheForAllThreads(45)) - PERFORMANCE WARNING: useCacheForAllThreads is true that may cause Netty to create a lot garbage objects and, as a result, trigger GC.
	It is recommended to disable useCacheForAllThreads by setting -Dorg.apache.ratis.thirdparty.io.netty.allocator.useCacheForAllThreads=false in command line.
2019-10-03 19:21:50,996 [main] INFO  grpc.GrpcConfigKeys$Server (ConfUtils.java:logGet(43)) - raft.grpc.server.port = 0 (default)
2019-10-03 19:21:50,996 [main] INFO  server.GrpcService (ConfUtils.java:logGet(43)) - raft.grpc.message.size.max = 33570816 (custom)
2019-10-03 19:21:50,996 [main] INFO  server.RaftServerConfigKeys (ConfUtils.java:logGet(43)) - raft.server.log.appender.buffer.byte-limit = 33554432 (custom)
2019-10-03 19:21:50,996 [main] INFO  server.GrpcService (ConfUtils.java:logGet(43)) - raft.grpc.flow.control.window = 1MB (=1048576) (default)
2019-10-03 19:21:50,997 [main] INFO  server.RaftServerConfigKeys (ConfUtils.java:logGet(43)) - raft.server.rpc.request.timeout = 3000ms (default)
2019-10-03 19:21:50,997 [main] INFO  server.RaftServerConfigKeys (ConfUtils.java:logGet(43)) - raft.server.storage.dir = [/workdir/hadoop-ozone/integration-test/target/test-dir/MiniOzoneClusterImpl-1bf28b11-333b-477a-817b-2d1dec1d7f8a/datanode-4/data/ratis] (custom)
2019-10-03 19:21:50,998 [main] INFO  hdfs.DFSUtil (DFSUtil.java:httpServerTemplateForNNAndJN(1641)) - Starting Web-server for hddsDatanode at: http://0.0.0.0:0
2019-10-03 19:21:51,000 [main] INFO  server.AuthenticationFilter (AuthenticationFilter.java:constructSecretProvider(240)) - Unable to initialize FileSignerSecretProvider, falling back to use random secrets.
2019-10-03 19:21:51,000 [main] WARN  http.HttpRequestLog (HttpRequestLog.java:getRequestLog(97)) - Jetty request log can only be enabled using Log4j
2019-10-03 19:21:51,002 [main] INFO  http.HttpServer2 (HttpServer2.java:addGlobalFilter(975)) - Added global filter 'safety' (class=org.apache.hadoop.http.HttpServer2$QuotingInputFilter)
2019-10-03 19:21:51,003 [main] INFO  http.HttpServer2 (HttpServer2.java:addFilter(948)) - Added filter static_user_filter (class=org.apache.hadoop.http.lib.StaticUserWebFilter$StaticUserFilter) to context hddsDatanode
2019-10-03 19:21:51,003 [main] INFO  http.HttpServer2 (HttpServer2.java:addFilter(958)) - Added filter static_user_filter (class=org.apache.hadoop.http.lib.StaticUserWebFilter$StaticUserFilter) to context logs
2019-10-03 19:21:51,003 [main] INFO  http.HttpServer2 (HttpServer2.java:addFilter(958)) - Added filter static_user_filter (class=org.apache.hadoop.http.lib.StaticUserWebFilter$StaticUserFilter) to context static
2019-10-03 19:21:51,004 [main] INFO  http.HttpServer2 (HttpServer2.java:bindListener(1191)) - Jetty bound to port 39136
2019-10-03 19:21:51,004 [main] INFO  server.Server (Server.java:doStart(351)) - jetty-9.3.25.v20180904, build timestamp: 2018-09-04T21:11:46Z, git hash: 3ce520221d0240229c862b122d2b06c12a625732
2019-10-03 19:21:51,006 [main] INFO  handler.ContextHandler (ContextHandler.java:doStart(781)) - Started o.e.j.s.ServletContextHandler@2055833f{/logs,file:///workdir/hadoop-ozone/integration-test/target/log,AVAILABLE}
2019-10-03 19:21:51,006 [main] INFO  handler.ContextHandler (ContextHandler.java:doStart(781)) - Started o.e.j.s.ServletContextHandler@310d57b1{/static,jar:file:/home/user/.m2/repository/org/apache/hadoop/hadoop-hdds-container-service/0.5.0-SNAPSHOT/hadoop-hdds-container-service-0.5.0-SNAPSHOT.jar!/webapps/static,AVAILABLE}
2019-10-03 19:21:51,036 [main] INFO  handler.ContextHandler (ContextHandler.java:doStart(781)) - Started o.e.j.w.WebAppContext@72a8361b{/,file:///tmp/jetty-0.0.0.0-39136-hddsDatanode-_-any-7365076202782065825.dir/webapp/,AVAILABLE}{/hddsDatanode}
2019-10-03 19:21:51,037 [main] INFO  server.AbstractConnector (AbstractConnector.java:doStart(278)) - Started ServerConnector@36478bce{HTTP/1.1,[http/1.1]}{0.0.0.0:39136}
2019-10-03 19:21:51,038 [main] INFO  server.Server (Server.java:doStart(419)) - Started @208734ms
2019-10-03 19:21:51,038 [main] WARN  impl.MetricsSystemImpl (MetricsSystemImpl.java:register(276)) - Sink prometheus already exists!
2019-10-03 19:21:51,039 [main] INFO  server.BaseHttpServer (BaseHttpServer.java:updateConnectorAddress(215)) - HTTP server of HDDSDATANODE is listening at http://0.0.0.0:39136
2019-10-03 19:21:51,039 [main] INFO  impl.MetricsSystemImpl (MetricsSystemImpl.java:init(158)) - HddsDatanode metrics system started (again)
2019-10-03 19:21:51,044 [org.apache.hadoop.util.JvmPauseMonitor$Monitor@60f66e1] INFO  util.JvmPauseMonitor (JvmPauseMonitor.java:run(188)) - Starting JVM pause monitor
2019-10-03 19:21:51,045 [Datanode State Machine Thread - 0] INFO  datanode.InitDatanodeState (InitDatanodeState.java:persistContainerDatanodeDetails(140)) - DatanodeDetails is persisted to /workdir/hadoop-ozone/integration-test/target/test-dir/MiniOzoneClusterImpl-1bf28b11-333b-477a-817b-2d1dec1d7f8a/datanode-4/meta/datanode.id
2019-10-03 19:21:51,045 [main] INFO  ozone.HddsDatanodeService (HddsDatanodeService.java:start(184)) - HddsDatanodeService host:pr-hdds-1720-trunk-7c7p5-3943417498 ip:192.168.151.100
2019-10-03 19:21:51,050 [main] INFO  volume.HddsVolume (HddsVolume.java:<init>(176)) - Creating Volume: /workdir/hadoop-ozone/integration-test/target/test-dir/MiniOzoneClusterImpl-1bf28b11-333b-477a-817b-2d1dec1d7f8a/datanode-5/data/containers/hdds of  storage type : DISK and capacity : 1482555576320
2019-10-03 19:21:51,051 [main] INFO  volume.VolumeSet (VolumeSet.java:initializeVolumeSet(170)) - Added Volume : /workdir/hadoop-ozone/integration-test/target/test-dir/MiniOzoneClusterImpl-1bf28b11-333b-477a-817b-2d1dec1d7f8a/datanode-5/data/containers/hdds to VolumeSet
2019-10-03 19:21:51,051 [main] INFO  volume.ThrottledAsyncChecker (ThrottledAsyncChecker.java:schedule(139)) - Scheduling a check for org.apache.hadoop.ozone.container.common.volume.HddsVolume@3c18942
2019-10-03 19:21:51,051 [main] INFO  volume.HddsVolumeChecker (HddsVolumeChecker.java:checkAllVolumes(202)) - Scheduled health check for volume org.apache.hadoop.ozone.container.common.volume.HddsVolume@3c18942
2019-10-03 19:21:51,072 [main] INFO  impl.RaftServerProxy (ConfUtils.java:logGet(43)) - raft.rpc.type = GRPC (default)
2019-10-03 19:21:51,072 [main] INFO  grpc.GrpcFactory (GrpcFactory.java:checkPooledByteBufAllocatorUseCacheForAllThreads(45)) - PERFORMANCE WARNING: useCacheForAllThreads is true that may cause Netty to create a lot garbage objects and, as a result, trigger GC.
	It is recommended to disable useCacheForAllThreads by setting -Dorg.apache.ratis.thirdparty.io.netty.allocator.useCacheForAllThreads=false in command line.
2019-10-03 19:21:51,072 [main] INFO  grpc.GrpcConfigKeys$Server (ConfUtils.java:logGet(43)) - raft.grpc.server.port = 0 (default)
2019-10-03 19:21:51,073 [main] INFO  server.GrpcService (ConfUtils.java:logGet(43)) - raft.grpc.message.size.max = 33570816 (custom)
2019-10-03 19:21:51,073 [main] INFO  server.RaftServerConfigKeys (ConfUtils.java:logGet(43)) - raft.server.log.appender.buffer.byte-limit = 33554432 (custom)
2019-10-03 19:21:51,073 [main] INFO  server.GrpcService (ConfUtils.java:logGet(43)) - raft.grpc.flow.control.window = 1MB (=1048576) (default)
2019-10-03 19:21:51,074 [main] INFO  server.RaftServerConfigKeys (ConfUtils.java:logGet(43)) - raft.server.rpc.request.timeout = 3000ms (default)
2019-10-03 19:21:51,074 [main] INFO  server.RaftServerConfigKeys (ConfUtils.java:logGet(43)) - raft.server.storage.dir = [/workdir/hadoop-ozone/integration-test/target/test-dir/MiniOzoneClusterImpl-1bf28b11-333b-477a-817b-2d1dec1d7f8a/datanode-5/data/ratis] (custom)
2019-10-03 19:21:51,076 [main] INFO  hdfs.DFSUtil (DFSUtil.java:httpServerTemplateForNNAndJN(1641)) - Starting Web-server for hddsDatanode at: http://0.0.0.0:0
2019-10-03 19:21:51,078 [main] INFO  server.AuthenticationFilter (AuthenticationFilter.java:constructSecretProvider(240)) - Unable to initialize FileSignerSecretProvider, falling back to use random secrets.
2019-10-03 19:21:51,078 [main] WARN  http.HttpRequestLog (HttpRequestLog.java:getRequestLog(97)) - Jetty request log can only be enabled using Log4j
2019-10-03 19:21:51,080 [main] INFO  http.HttpServer2 (HttpServer2.java:addGlobalFilter(975)) - Added global filter 'safety' (class=org.apache.hadoop.http.HttpServer2$QuotingInputFilter)
2019-10-03 19:21:51,080 [main] INFO  http.HttpServer2 (HttpServer2.java:addFilter(948)) - Added filter static_user_filter (class=org.apache.hadoop.http.lib.StaticUserWebFilter$StaticUserFilter) to context hddsDatanode
2019-10-03 19:21:51,081 [main] INFO  http.HttpServer2 (HttpServer2.java:addFilter(958)) - Added filter static_user_filter (class=org.apache.hadoop.http.lib.StaticUserWebFilter$StaticUserFilter) to context logs
2019-10-03 19:21:51,081 [main] INFO  http.HttpServer2 (HttpServer2.java:addFilter(958)) - Added filter static_user_filter (class=org.apache.hadoop.http.lib.StaticUserWebFilter$StaticUserFilter) to context static
2019-10-03 19:21:51,081 [main] INFO  http.HttpServer2 (HttpServer2.java:bindListener(1191)) - Jetty bound to port 43951
2019-10-03 19:21:51,082 [main] INFO  server.Server (Server.java:doStart(351)) - jetty-9.3.25.v20180904, build timestamp: 2018-09-04T21:11:46Z, git hash: 3ce520221d0240229c862b122d2b06c12a625732
2019-10-03 19:21:51,083 [main] INFO  handler.ContextHandler (ContextHandler.java:doStart(781)) - Started o.e.j.s.ServletContextHandler@451e2fa9{/logs,file:///workdir/hadoop-ozone/integration-test/target/log,AVAILABLE}
2019-10-03 19:21:51,084 [main] INFO  handler.ContextHandler (ContextHandler.java:doStart(781)) - Started o.e.j.s.ServletContextHandler@3cb6e0ee{/static,jar:file:/home/user/.m2/repository/org/apache/hadoop/hadoop-hdds-container-service/0.5.0-SNAPSHOT/hadoop-hdds-container-service-0.5.0-SNAPSHOT.jar!/webapps/static,AVAILABLE}
2019-10-03 19:21:51,120 [main] INFO  handler.ContextHandler (ContextHandler.java:doStart(781)) - Started o.e.j.w.WebAppContext@14d8e132{/,file:///tmp/jetty-0.0.0.0-43951-hddsDatanode-_-any-4087168951016480962.dir/webapp/,AVAILABLE}{/hddsDatanode}
2019-10-03 19:21:51,121 [main] INFO  server.AbstractConnector (AbstractConnector.java:doStart(278)) - Started ServerConnector@7f4a1cac{HTTP/1.1,[http/1.1]}{0.0.0.0:43951}
2019-10-03 19:21:51,122 [main] INFO  server.Server (Server.java:doStart(419)) - Started @208818ms
2019-10-03 19:21:51,122 [main] WARN  impl.MetricsSystemImpl (MetricsSystemImpl.java:register(276)) - Sink prometheus already exists!
2019-10-03 19:21:51,123 [main] INFO  server.BaseHttpServer (BaseHttpServer.java:updateConnectorAddress(215)) - HTTP server of HDDSDATANODE is listening at http://0.0.0.0:43951
2019-10-03 19:21:51,124 [main] INFO  impl.MetricsSystemImpl (MetricsSystemImpl.java:init(158)) - HddsDatanode metrics system started (again)
2019-10-03 19:21:51,128 [org.apache.hadoop.util.JvmPauseMonitor$Monitor@34dac891] INFO  util.JvmPauseMonitor (JvmPauseMonitor.java:run(188)) - Starting JVM pause monitor
2019-10-03 19:21:51,129 [Datanode State Machine Thread - 0] INFO  datanode.InitDatanodeState (InitDatanodeState.java:persistContainerDatanodeDetails(140)) - DatanodeDetails is persisted to /workdir/hadoop-ozone/integration-test/target/test-dir/MiniOzoneClusterImpl-1bf28b11-333b-477a-817b-2d1dec1d7f8a/datanode-5/meta/datanode.id
2019-10-03 19:21:51,130 [main] INFO  ozone.HddsDatanodeService (HddsDatanodeService.java:start(184)) - HddsDatanodeService host:pr-hdds-1720-trunk-7c7p5-3943417498 ip:192.168.151.100
2019-10-03 19:21:51,136 [main] INFO  volume.HddsVolume (HddsVolume.java:<init>(176)) - Creating Volume: /workdir/hadoop-ozone/integration-test/target/test-dir/MiniOzoneClusterImpl-1bf28b11-333b-477a-817b-2d1dec1d7f8a/datanode-6/data/containers/hdds of  storage type : DISK and capacity : 1482555576320
2019-10-03 19:21:51,136 [main] INFO  volume.VolumeSet (VolumeSet.java:initializeVolumeSet(170)) - Added Volume : /workdir/hadoop-ozone/integration-test/target/test-dir/MiniOzoneClusterImpl-1bf28b11-333b-477a-817b-2d1dec1d7f8a/datanode-6/data/containers/hdds to VolumeSet
2019-10-03 19:21:51,136 [main] INFO  volume.ThrottledAsyncChecker (ThrottledAsyncChecker.java:schedule(139)) - Scheduling a check for org.apache.hadoop.ozone.container.common.volume.HddsVolume@4a31ed12
2019-10-03 19:21:51,137 [main] INFO  volume.HddsVolumeChecker (HddsVolumeChecker.java:checkAllVolumes(202)) - Scheduled health check for volume org.apache.hadoop.ozone.container.common.volume.HddsVolume@4a31ed12
2019-10-03 19:21:51,149 [main] INFO  impl.RaftServerProxy (ConfUtils.java:logGet(43)) - raft.rpc.type = GRPC (default)
2019-10-03 19:21:51,149 [main] INFO  grpc.GrpcFactory (GrpcFactory.java:checkPooledByteBufAllocatorUseCacheForAllThreads(45)) - PERFORMANCE WARNING: useCacheForAllThreads is true that may cause Netty to create a lot garbage objects and, as a result, trigger GC.
	It is recommended to disable useCacheForAllThreads by setting -Dorg.apache.ratis.thirdparty.io.netty.allocator.useCacheForAllThreads=false in command line.
2019-10-03 19:21:51,149 [main] INFO  grpc.GrpcConfigKeys$Server (ConfUtils.java:logGet(43)) - raft.grpc.server.port = 0 (default)
2019-10-03 19:21:51,149 [main] INFO  server.GrpcService (ConfUtils.java:logGet(43)) - raft.grpc.message.size.max = 33570816 (custom)
2019-10-03 19:21:51,149 [main] INFO  server.RaftServerConfigKeys (ConfUtils.java:logGet(43)) - raft.server.log.appender.buffer.byte-limit = 33554432 (custom)
2019-10-03 19:21:51,149 [main] INFO  server.GrpcService (ConfUtils.java:logGet(43)) - raft.grpc.flow.control.window = 1MB (=1048576) (default)
2019-10-03 19:21:51,150 [main] INFO  server.RaftServerConfigKeys (ConfUtils.java:logGet(43)) - raft.server.rpc.request.timeout = 3000ms (default)
2019-10-03 19:21:51,150 [main] INFO  server.RaftServerConfigKeys (ConfUtils.java:logGet(43)) - raft.server.storage.dir = [/workdir/hadoop-ozone/integration-test/target/test-dir/MiniOzoneClusterImpl-1bf28b11-333b-477a-817b-2d1dec1d7f8a/datanode-6/data/ratis] (custom)
2019-10-03 19:21:51,151 [main] INFO  hdfs.DFSUtil (DFSUtil.java:httpServerTemplateForNNAndJN(1641)) - Starting Web-server for hddsDatanode at: http://0.0.0.0:0
2019-10-03 19:21:51,152 [main] INFO  server.AuthenticationFilter (AuthenticationFilter.java:constructSecretProvider(240)) - Unable to initialize FileSignerSecretProvider, falling back to use random secrets.
2019-10-03 19:21:51,153 [main] WARN  http.HttpRequestLog (HttpRequestLog.java:getRequestLog(97)) - Jetty request log can only be enabled using Log4j
2019-10-03 19:21:51,154 [main] INFO  http.HttpServer2 (HttpServer2.java:addGlobalFilter(975)) - Added global filter 'safety' (class=org.apache.hadoop.http.HttpServer2$QuotingInputFilter)
2019-10-03 19:21:51,155 [main] INFO  http.HttpServer2 (HttpServer2.java:addFilter(948)) - Added filter static_user_filter (class=org.apache.hadoop.http.lib.StaticUserWebFilter$StaticUserFilter) to context hddsDatanode
2019-10-03 19:21:51,155 [main] INFO  http.HttpServer2 (HttpServer2.java:addFilter(958)) - Added filter static_user_filter (class=org.apache.hadoop.http.lib.StaticUserWebFilter$StaticUserFilter) to context static
2019-10-03 19:21:51,155 [main] INFO  http.HttpServer2 (HttpServer2.java:addFilter(958)) - Added filter static_user_filter (class=org.apache.hadoop.http.lib.StaticUserWebFilter$StaticUserFilter) to context logs
2019-10-03 19:21:51,156 [main] INFO  http.HttpServer2 (HttpServer2.java:bindListener(1191)) - Jetty bound to port 37302
2019-10-03 19:21:51,156 [main] INFO  server.Server (Server.java:doStart(351)) - jetty-9.3.25.v20180904, build timestamp: 2018-09-04T21:11:46Z, git hash: 3ce520221d0240229c862b122d2b06c12a625732
2019-10-03 19:21:51,157 [main] INFO  handler.ContextHandler (ContextHandler.java:doStart(781)) - Started o.e.j.s.ServletContextHandler@2aea717c{/logs,file:///workdir/hadoop-ozone/integration-test/target/log,AVAILABLE}
2019-10-03 19:21:51,158 [main] INFO  handler.ContextHandler (ContextHandler.java:doStart(781)) - Started o.e.j.s.ServletContextHandler@1291aab5{/static,jar:file:/home/user/.m2/repository/org/apache/hadoop/hadoop-hdds-container-service/0.5.0-SNAPSHOT/hadoop-hdds-container-service-0.5.0-SNAPSHOT.jar!/webapps/static,AVAILABLE}
2019-10-03 19:21:51,195 [main] INFO  handler.ContextHandler (ContextHandler.java:doStart(781)) - Started o.e.j.w.WebAppContext@17ec335a{/,file:///tmp/jetty-0.0.0.0-37302-hddsDatanode-_-any-5527493867380925805.dir/webapp/,AVAILABLE}{/hddsDatanode}
2019-10-03 19:21:51,196 [main] INFO  server.AbstractConnector (AbstractConnector.java:doStart(278)) - Started ServerConnector@284990de{HTTP/1.1,[http/1.1]}{0.0.0.0:37302}
2019-10-03 19:21:51,197 [main] INFO  server.Server (Server.java:doStart(419)) - Started @208893ms
2019-10-03 19:21:51,197 [main] WARN  impl.MetricsSystemImpl (MetricsSystemImpl.java:register(276)) - Sink prometheus already exists!
2019-10-03 19:21:51,198 [main] INFO  server.BaseHttpServer (BaseHttpServer.java:updateConnectorAddress(215)) - HTTP server of HDDSDATANODE is listening at http://0.0.0.0:37302
2019-10-03 19:21:51,199 [main] INFO  ozone.MiniOzoneClusterImpl (MiniOzoneClusterImpl.java:lambda$waitForClusterToBeReady$0(147)) - Waiting for cluster to be ready. Got 0 of 7 DN Heartbeats.
2019-10-03 19:21:51,200 [org.apache.hadoop.util.JvmPauseMonitor$Monitor@31b4ebf8] INFO  util.JvmPauseMonitor (JvmPauseMonitor.java:run(188)) - Starting JVM pause monitor
2019-10-03 19:21:51,201 [Datanode State Machine Thread - 0] INFO  datanode.InitDatanodeState (InitDatanodeState.java:persistContainerDatanodeDetails(140)) - DatanodeDetails is persisted to /workdir/hadoop-ozone/integration-test/target/test-dir/MiniOzoneClusterImpl-1bf28b11-333b-477a-817b-2d1dec1d7f8a/datanode-6/meta/datanode.id
2019-10-03 19:21:52,199 [main] INFO  ozone.MiniOzoneClusterImpl (MiniOzoneClusterImpl.java:lambda$waitForClusterToBeReady$0(147)) - Waiting for cluster to be ready. Got 0 of 7 DN Heartbeats.
2019-10-03 19:21:52,803 [Datanode State Machine Thread - 0] INFO  ozoneimpl.OzoneContainer (OzoneContainer.java:start(217)) - Attempting to start container services.
2019-10-03 19:21:52,804 [Datanode State Machine Thread - 0] INFO  ozoneimpl.OzoneContainer (OzoneContainer.java:startContainerScrub(179)) - Background container scanner has been disabled.
2019-10-03 19:21:52,804 [Datanode State Machine Thread - 0] INFO  ratis.XceiverServerRatis (XceiverServerRatis.java:start(417)) - Starting XceiverServerRatis 5593e91c-61bf-41ef-8e5d-4f9d2bd10ada at port 0
2019-10-03 19:21:52,811 [Datanode State Machine Thread - 0] INFO  impl.RaftServerProxy (RaftServerProxy.java:lambda$start$3(299)) - 5593e91c-61bf-41ef-8e5d-4f9d2bd10ada: start RPC server
2019-10-03 19:21:52,812 [Datanode State Machine Thread - 0] INFO  server.GrpcService (GrpcService.java:startImpl(158)) - 5593e91c-61bf-41ef-8e5d-4f9d2bd10ada: GrpcService started, listening on 0.0.0.0/0.0.0.0:37661
2019-10-03 19:21:52,812 [Datanode State Machine Thread - 0] INFO  ratis.XceiverServerRatis (XceiverServerRatis.java:start(427)) - XceiverServerRatis 5593e91c-61bf-41ef-8e5d-4f9d2bd10ada is started using port 37661
2019-10-03 19:21:52,813 [Datanode State Machine Thread - 0] INFO  server.XceiverServerGrpc (XceiverServerGrpc.java:start(149)) - XceiverServerGrpc 5593e91c-61bf-41ef-8e5d-4f9d2bd10ada is started using port 44722
2019-10-03 19:21:52,837 [Datanode State Machine Thread - 0] INFO  ozoneimpl.OzoneContainer (OzoneContainer.java:start(217)) - Attempting to start container services.
2019-10-03 19:21:52,838 [Datanode State Machine Thread - 0] INFO  ozoneimpl.OzoneContainer (OzoneContainer.java:startContainerScrub(179)) - Background container scanner has been disabled.
2019-10-03 19:21:52,838 [Datanode State Machine Thread - 0] INFO  ratis.XceiverServerRatis (XceiverServerRatis.java:start(417)) - Starting XceiverServerRatis 59ff08a0-bd7f-4daf-b30f-9bb7fccd9658 at port 0
2019-10-03 19:21:52,842 [Datanode State Machine Thread - 0] INFO  impl.RaftServerProxy (RaftServerProxy.java:lambda$start$3(299)) - 59ff08a0-bd7f-4daf-b30f-9bb7fccd9658: start RPC server
2019-10-03 19:21:52,842 [Datanode State Machine Thread - 0] INFO  server.GrpcService (GrpcService.java:startImpl(158)) - 59ff08a0-bd7f-4daf-b30f-9bb7fccd9658: GrpcService started, listening on 0.0.0.0/0.0.0.0:35798
2019-10-03 19:21:52,842 [Datanode State Machine Thread - 0] INFO  ratis.XceiverServerRatis (XceiverServerRatis.java:start(427)) - XceiverServerRatis 59ff08a0-bd7f-4daf-b30f-9bb7fccd9658 is started using port 35798
2019-10-03 19:21:52,843 [Datanode State Machine Thread - 0] INFO  server.XceiverServerGrpc (XceiverServerGrpc.java:start(149)) - XceiverServerGrpc 59ff08a0-bd7f-4daf-b30f-9bb7fccd9658 is started using port 45199
2019-10-03 19:21:52,908 [Datanode State Machine Thread - 0] INFO  ozoneimpl.OzoneContainer (OzoneContainer.java:start(217)) - Attempting to start container services.
2019-10-03 19:21:52,908 [Datanode State Machine Thread - 0] INFO  ozoneimpl.OzoneContainer (OzoneContainer.java:startContainerScrub(179)) - Background container scanner has been disabled.
2019-10-03 19:21:52,909 [Datanode State Machine Thread - 0] INFO  ratis.XceiverServerRatis (XceiverServerRatis.java:start(417)) - Starting XceiverServerRatis 75676965-3590-498f-8463-e67f69dc5e1d at port 0
2019-10-03 19:21:52,914 [Datanode State Machine Thread - 0] INFO  impl.RaftServerProxy (RaftServerProxy.java:lambda$start$3(299)) - 75676965-3590-498f-8463-e67f69dc5e1d: start RPC server
2019-10-03 19:21:52,915 [Datanode State Machine Thread - 0] INFO  server.GrpcService (GrpcService.java:startImpl(158)) - 75676965-3590-498f-8463-e67f69dc5e1d: GrpcService started, listening on 0.0.0.0/0.0.0.0:46299
2019-10-03 19:21:52,915 [Datanode State Machine Thread - 0] INFO  ratis.XceiverServerRatis (XceiverServerRatis.java:start(427)) - XceiverServerRatis 75676965-3590-498f-8463-e67f69dc5e1d is started using port 46299
2019-10-03 19:21:52,915 [Datanode State Machine Thread - 0] INFO  server.XceiverServerGrpc (XceiverServerGrpc.java:start(149)) - XceiverServerGrpc 75676965-3590-498f-8463-e67f69dc5e1d is started using port 39406
2019-10-03 19:21:52,987 [Datanode State Machine Thread - 0] INFO  ozoneimpl.OzoneContainer (OzoneContainer.java:start(217)) - Attempting to start container services.
2019-10-03 19:21:52,987 [Datanode State Machine Thread - 0] INFO  ozoneimpl.OzoneContainer (OzoneContainer.java:startContainerScrub(179)) - Background container scanner has been disabled.
2019-10-03 19:21:52,988 [Datanode State Machine Thread - 0] INFO  ratis.XceiverServerRatis (XceiverServerRatis.java:start(417)) - Starting XceiverServerRatis 75750c1b-f5c7-4719-820b-2313078df079 at port 0
2019-10-03 19:21:52,995 [Datanode State Machine Thread - 0] INFO  impl.RaftServerProxy (RaftServerProxy.java:lambda$start$3(299)) - 75750c1b-f5c7-4719-820b-2313078df079: start RPC server
2019-10-03 19:21:52,996 [Datanode State Machine Thread - 0] INFO  server.GrpcService (GrpcService.java:startImpl(158)) - 75750c1b-f5c7-4719-820b-2313078df079: GrpcService started, listening on 0.0.0.0/0.0.0.0:41474
2019-10-03 19:21:52,996 [Datanode State Machine Thread - 0] INFO  ratis.XceiverServerRatis (XceiverServerRatis.java:start(427)) - XceiverServerRatis 75750c1b-f5c7-4719-820b-2313078df079 is started using port 41474
2019-10-03 19:21:53,000 [Datanode State Machine Thread - 0] INFO  server.XceiverServerGrpc (XceiverServerGrpc.java:start(149)) - XceiverServerGrpc 75750c1b-f5c7-4719-820b-2313078df079 is started using port 35984
2019-10-03 19:21:53,058 [Datanode State Machine Thread - 0] INFO  ozoneimpl.OzoneContainer (OzoneContainer.java:start(217)) - Attempting to start container services.
2019-10-03 19:21:53,058 [Datanode State Machine Thread - 0] INFO  ozoneimpl.OzoneContainer (OzoneContainer.java:startContainerScrub(179)) - Background container scanner has been disabled.
2019-10-03 19:21:53,058 [Datanode State Machine Thread - 0] INFO  ratis.XceiverServerRatis (XceiverServerRatis.java:start(417)) - Starting XceiverServerRatis 1062fd84-5ab7-43d7-bc06-1148bb86b928 at port 0
2019-10-03 19:21:53,066 [Datanode State Machine Thread - 0] INFO  impl.RaftServerProxy (RaftServerProxy.java:lambda$start$3(299)) - 1062fd84-5ab7-43d7-bc06-1148bb86b928: start RPC server
2019-10-03 19:21:53,070 [Datanode State Machine Thread - 0] INFO  server.GrpcService (GrpcService.java:startImpl(158)) - 1062fd84-5ab7-43d7-bc06-1148bb86b928: GrpcService started, listening on 0.0.0.0/0.0.0.0:42941
2019-10-03 19:21:53,070 [Datanode State Machine Thread - 0] INFO  ratis.XceiverServerRatis (XceiverServerRatis.java:start(427)) - XceiverServerRatis 1062fd84-5ab7-43d7-bc06-1148bb86b928 is started using port 42941
2019-10-03 19:21:53,071 [Datanode State Machine Thread - 0] INFO  server.XceiverServerGrpc (XceiverServerGrpc.java:start(149)) - XceiverServerGrpc 1062fd84-5ab7-43d7-bc06-1148bb86b928 is started using port 33771
2019-10-03 19:21:53,157 [Datanode State Machine Thread - 0] INFO  ozoneimpl.OzoneContainer (OzoneContainer.java:start(217)) - Attempting to start container services.
2019-10-03 19:21:53,157 [Datanode State Machine Thread - 0] INFO  ozoneimpl.OzoneContainer (OzoneContainer.java:startContainerScrub(179)) - Background container scanner has been disabled.
2019-10-03 19:21:53,157 [Datanode State Machine Thread - 0] INFO  ratis.XceiverServerRatis (XceiverServerRatis.java:start(417)) - Starting XceiverServerRatis eda534a7-7b74-4e57-b64c-9648af1c04af at port 0
2019-10-03 19:21:53,164 [Datanode State Machine Thread - 0] INFO  impl.RaftServerProxy (RaftServerProxy.java:lambda$start$3(299)) - eda534a7-7b74-4e57-b64c-9648af1c04af: start RPC server
2019-10-03 19:21:53,166 [Datanode State Machine Thread - 0] INFO  server.GrpcService (GrpcService.java:startImpl(158)) - eda534a7-7b74-4e57-b64c-9648af1c04af: GrpcService started, listening on 0.0.0.0/0.0.0.0:35801
2019-10-03 19:21:53,166 [Datanode State Machine Thread - 0] INFO  ratis.XceiverServerRatis (XceiverServerRatis.java:start(427)) - XceiverServerRatis eda534a7-7b74-4e57-b64c-9648af1c04af is started using port 35801
2019-10-03 19:21:53,169 [Datanode State Machine Thread - 0] INFO  server.XceiverServerGrpc (XceiverServerGrpc.java:start(149)) - XceiverServerGrpc eda534a7-7b74-4e57-b64c-9648af1c04af is started using port 44937
2019-10-03 19:21:53,200 [main] INFO  ozone.MiniOzoneClusterImpl (MiniOzoneClusterImpl.java:lambda$waitForClusterToBeReady$0(147)) - Waiting for cluster to be ready. Got 0 of 7 DN Heartbeats.
2019-10-03 19:21:53,213 [Datanode State Machine Thread - 0] INFO  ozoneimpl.OzoneContainer (OzoneContainer.java:start(217)) - Attempting to start container services.
2019-10-03 19:21:53,214 [Datanode State Machine Thread - 0] INFO  ozoneimpl.OzoneContainer (OzoneContainer.java:startContainerScrub(179)) - Background container scanner has been disabled.
2019-10-03 19:21:53,214 [Datanode State Machine Thread - 0] INFO  ratis.XceiverServerRatis (XceiverServerRatis.java:start(417)) - Starting XceiverServerRatis b076f60a-cca6-47f1-ac3b-2d4e55c09764 at port 0
2019-10-03 19:21:53,219 [Datanode State Machine Thread - 0] INFO  impl.RaftServerProxy (RaftServerProxy.java:lambda$start$3(299)) - b076f60a-cca6-47f1-ac3b-2d4e55c09764: start RPC server
2019-10-03 19:21:53,220 [Datanode State Machine Thread - 0] INFO  server.GrpcService (GrpcService.java:startImpl(158)) - b076f60a-cca6-47f1-ac3b-2d4e55c09764: GrpcService started, listening on 0.0.0.0/0.0.0.0:42450
2019-10-03 19:21:53,220 [Datanode State Machine Thread - 0] INFO  ratis.XceiverServerRatis (XceiverServerRatis.java:start(427)) - XceiverServerRatis b076f60a-cca6-47f1-ac3b-2d4e55c09764 is started using port 42450
2019-10-03 19:21:53,220 [Datanode State Machine Thread - 0] INFO  server.XceiverServerGrpc (XceiverServerGrpc.java:start(149)) - XceiverServerGrpc b076f60a-cca6-47f1-ac3b-2d4e55c09764 is started using port 35627
2019-10-03 19:21:54,201 [main] INFO  ozone.MiniOzoneClusterImpl (MiniOzoneClusterImpl.java:lambda$waitForClusterToBeReady$0(147)) - Waiting for cluster to be ready. Got 0 of 7 DN Heartbeats.
2019-10-03 19:21:54,751 [IPC Server handler 4 on 33100] INFO  net.NetworkTopology (NetworkTopologyImpl.java:add(111)) - Added a new node: /default-rack/5593e91c-61bf-41ef-8e5d-4f9d2bd10ada
2019-10-03 19:21:54,753 [IPC Server handler 4 on 33100] INFO  node.SCMNodeManager (SCMNodeManager.java:register(266)) - Registered Data node : 5593e91c-61bf-41ef-8e5d-4f9d2bd10ada{ip: 192.168.151.100, host: pr-hdds-1720-trunk-7c7p5-3943417498, networkLocation: /default-rack, certSerialId: null}
2019-10-03 19:21:54,754 [EventQueue-NodeRegistrationContainerReportForDataNodeSafeModeRule] INFO  safemode.SCMSafeModeManager (DataNodeSafeModeRule.java:process(71)) - SCM in safe mode. 1 DataNodes registered, 1 required.
2019-10-03 19:21:54,755 [EventQueue-NodeRegistrationContainerReportForDataNodeSafeModeRule] INFO  safemode.SCMSafeModeManager (SCMSafeModeManager.java:validateSafeModeExitRules(177)) - ScmSafeModeManager, all rules are successfully validated
2019-10-03 19:21:54,756 [EventQueue-NodeRegistrationContainerReportForDataNodeSafeModeRule] INFO  safemode.SCMSafeModeManager (SCMSafeModeManager.java:exitSafeMode(193)) - SCM exiting safe mode.
2019-10-03 19:21:54,770 [grpc-default-executor-0] INFO  impl.RaftServerProxy (RaftServerProxy.java:addNew(89)) - 5593e91c-61bf-41ef-8e5d-4f9d2bd10ada: addNew group-219FE17661B5:[5593e91c-61bf-41ef-8e5d-4f9d2bd10ada:192.168.151.100:37661] returns group-219FE17661B5:java.util.concurrent.CompletableFuture@7c141168[Not completed]
2019-10-03 19:21:54,772 [pool-383-thread-1] INFO  impl.RaftServerImpl (RaftServerImpl.java:<init>(95)) - 5593e91c-61bf-41ef-8e5d-4f9d2bd10ada: new RaftServerImpl for group-219FE17661B5:[5593e91c-61bf-41ef-8e5d-4f9d2bd10ada:192.168.151.100:37661] with ContainerStateMachine:uninitialized
2019-10-03 19:21:54,773 [pool-383-thread-1] INFO  server.RaftServerConfigKeys (ConfUtils.java:logGet(43)) - raft.server.rpc.timeout.min = 5s (custom)
2019-10-03 19:21:54,773 [pool-383-thread-1] INFO  server.RaftServerConfigKeys (ConfUtils.java:logGet(43)) - raft.server.rpc.timeout.max = 5200ms (custom)
2019-10-03 19:21:54,773 [pool-383-thread-1] INFO  server.RaftServerConfigKeys (ConfUtils.java:logGet(43)) - raft.server.rpcslowness.timeout = 120s (custom)
2019-10-03 19:21:54,773 [pool-383-thread-1] INFO  server.RaftServerConfigKeys (ConfUtils.java:logGet(43)) - raft.server.sleep.deviation.threshold = 300 (default)
2019-10-03 19:21:54,773 [pool-383-thread-1] INFO  server.RaftServerConfigKeys (ConfUtils.java:logGet(43)) - raft.server.log.appender.install.snapshot.enabled = false (custom)
2019-10-03 19:21:54,773 [pool-383-thread-1] INFO  impl.RaftServerImpl (ServerState.java:<init>(103)) - 5593e91c-61bf-41ef-8e5d-4f9d2bd10ada@group-219FE17661B5: ConfigurationManager, init=-1: [5593e91c-61bf-41ef-8e5d-4f9d2bd10ada:192.168.151.100:37661], old=null, confs=<EMPTY_MAP>
2019-10-03 19:21:54,774 [pool-383-thread-1] INFO  server.RaftServerConfigKeys (ConfUtils.java:logGet(43)) - raft.server.storage.dir = [/workdir/hadoop-ozone/integration-test/target/test-dir/MiniOzoneClusterImpl-1bf28b11-333b-477a-817b-2d1dec1d7f8a/datanode-0/data/ratis] (custom)
2019-10-03 19:21:54,774 [pool-383-thread-1] INFO  server.RaftServerConfigKeys (ConfUtils.java:logGet(43)) - raft.server.log.corruption.policy = EXCEPTION (default)
2019-10-03 19:21:54,774 [pool-383-thread-1] INFO  storage.RaftStorageDirectory (RaftStorageDirectory.java:analyzeStorage(246)) - The storage directory /workdir/hadoop-ozone/integration-test/target/test-dir/MiniOzoneClusterImpl-1bf28b11-333b-477a-817b-2d1dec1d7f8a/datanode-0/data/ratis/faa2e4f9-57e5-4183-b3ed-219fe17661b5 does not exist. Creating ...
2019-10-03 19:21:54,799 [pool-383-thread-1] INFO  storage.RaftStorageDirectory (RaftStorageDirectory.java:tryLock(328)) - Lock on /workdir/hadoop-ozone/integration-test/target/test-dir/MiniOzoneClusterImpl-1bf28b11-333b-477a-817b-2d1dec1d7f8a/datanode-0/data/ratis/faa2e4f9-57e5-4183-b3ed-219fe17661b5/in_use.lock acquired by nodename 15573@pr-hdds-1720-trunk-7c7p5-3943417498
2019-10-03 19:21:54,813 [pool-383-thread-1] INFO  storage.RaftStorage (RaftStorage.java:format(84)) - Storage directory /workdir/hadoop-ozone/integration-test/target/test-dir/MiniOzoneClusterImpl-1bf28b11-333b-477a-817b-2d1dec1d7f8a/datanode-0/data/ratis/faa2e4f9-57e5-4183-b3ed-219fe17661b5 has been successfully formatted.
2019-10-03 19:21:54,813 [pool-383-thread-1] INFO  ratis.ContainerStateMachine (ContainerStateMachine.java:loadSnapshot(230)) - group-219FE17661B5: The snapshot info is null. Setting the last applied indexto:(t:0, i:~)
2019-10-03 19:21:54,813 [pool-383-thread-1] INFO  server.RaftServerConfigKeys (ConfUtils.java:logGet(43)) - raft.server.notification.no-leader.timeout = 120s (custom)
2019-10-03 19:21:54,813 [pool-383-thread-1] INFO  server.RaftServerConfigKeys (ConfUtils.java:logGet(43)) - raft.server.log.use.memory = false (default)
2019-10-03 19:21:54,814 [pool-383-thread-1] INFO  server.RaftServerConfigKeys (ConfUtils.java:logGet(43)) - raft.server.log.purge.gap = 1000000 (custom)
2019-10-03 19:21:54,814 [pool-383-thread-1] INFO  server.RaftServerConfigKeys (ConfUtils.java:logGet(43)) - raft.server.log.appender.buffer.byte-limit = 33554432 (custom)
2019-10-03 19:21:54,814 [pool-383-thread-1] INFO  server.RaftServerConfigKeys (ConfUtils.java:logGet(43)) - raft.server.log.segment.size.max = 1048576 (custom)
2019-10-03 19:21:54,819 [pool-383-thread-1] INFO  server.RaftServerConfigKeys (ConfUtils.java:logGet(43)) - raft.server.log.segment.cache.num.max = 2 (custom)
2019-10-03 19:21:54,820 [pool-383-thread-1] INFO  segmented.SegmentedRaftLogWorker (SegmentedRaftLogWorker.java:<init>(173)) - new 5593e91c-61bf-41ef-8e5d-4f9d2bd10ada@group-219FE17661B5-SegmentedRaftLogWorker for RaftStorage:Storage Directory /workdir/hadoop-ozone/integration-test/target/test-dir/MiniOzoneClusterImpl-1bf28b11-333b-477a-817b-2d1dec1d7f8a/datanode-0/data/ratis/faa2e4f9-57e5-4183-b3ed-219fe17661b5
2019-10-03 19:21:54,820 [pool-383-thread-1] INFO  server.RaftServerConfigKeys (ConfUtils.java:logGet(43)) - raft.server.log.queue.byte-limit = 2147483647 (custom)
2019-10-03 19:21:54,820 [pool-383-thread-1] INFO  server.RaftServerConfigKeys (ConfUtils.java:logGet(43)) - raft.server.log.queue.element-limit = 1024 (custom)
2019-10-03 19:21:54,820 [pool-383-thread-1] INFO  server.RaftServerConfigKeys (ConfUtils.java:logGet(43)) - raft.server.log.segment.size.max = 1048576 (custom)
2019-10-03 19:21:54,820 [pool-383-thread-1] INFO  server.RaftServerConfigKeys (ConfUtils.java:logGet(43)) - raft.server.log.preallocated.size = 16384 (custom)
2019-10-03 19:21:54,820 [pool-383-thread-1] INFO  server.RaftServerConfigKeys (ConfUtils.java:logGet(43)) - raft.server.log.write.buffer.size = 33554432 (custom)
2019-10-03 19:21:54,820 [pool-383-thread-1] INFO  server.RaftServerConfigKeys (ConfUtils.java:logGet(43)) - raft.server.log.force.sync.num = 128 (default)
2019-10-03 19:21:54,821 [pool-383-thread-1] INFO  server.RaftServerConfigKeys (ConfUtils.java:logGet(43)) - raft.server.log.statemachine.data.sync = true (default)
2019-10-03 19:21:54,821 [pool-383-thread-1] INFO  server.RaftServerConfigKeys (ConfUtils.java:logGet(43)) - raft.server.log.statemachine.data.sync.timeout = 10s (default)
2019-10-03 19:21:54,821 [pool-383-thread-1] INFO  server.RaftServerConfigKeys (ConfUtils.java:logGet(43)) - raft.server.log.statemachine.data.sync.timeout.retry = -1 (default)
2019-10-03 19:21:54,822 [pool-383-thread-1] INFO  server.RaftServerConfigKeys (ConfUtils.java:logGet(43)) - raft.server.log.statemachine.data.caching.enabled = true (custom)
2019-10-03 19:21:54,822 [pool-383-thread-1] INFO  segmented.SegmentedRaftLogWorker (SegmentedRaftLogWorker.java:lambda$new$0(128)) - 5593e91c-61bf-41ef-8e5d-4f9d2bd10ada@group-219FE17661B5-SegmentedRaftLogWorker: flushIndex: setUnconditionally 0 -> -1
2019-10-03 19:21:54,822 [IPC Server handler 5 on 33100] INFO  net.NetworkTopology (NetworkTopologyImpl.java:add(111)) - Added a new node: /default-rack/59ff08a0-bd7f-4daf-b30f-9bb7fccd9658
2019-10-03 19:21:54,823 [pool-383-thread-1] INFO  server.RaftServerConfigKeys (ConfUtils.java:logGet(43)) - raft.server.snapshot.auto.trigger.enabled = true (custom)
2019-10-03 19:21:54,823 [IPC Server handler 5 on 33100] INFO  node.SCMNodeManager (SCMNodeManager.java:register(266)) - Registered Data node : 59ff08a0-bd7f-4daf-b30f-9bb7fccd9658{ip: 192.168.151.100, host: pr-hdds-1720-trunk-7c7p5-3943417498, networkLocation: /default-rack, certSerialId: null}
2019-10-03 19:21:54,823 [pool-383-thread-1] INFO  server.RaftServerConfigKeys (ConfUtils.java:logGet(43)) - raft.server.snapshot.auto.trigger.threshold = 10000 (custom)
2019-10-03 19:21:54,823 [pool-383-thread-1] INFO  server.RaftServerConfigKeys (ConfUtils.java:logGet(43)) - raft.server.snapshot.retention.file.num = 5 (custom)
2019-10-03 19:21:54,823 [pool-383-thread-1] INFO  server.RaftServerConfigKeys (ConfUtils.java:logGet(43)) - raft.server.retrycache.expirytime = 600000ms (custom)
2019-10-03 19:21:54,826 [pool-383-thread-1] INFO  impl.RaftServerImpl (RaftServerImpl.java:start(181)) - 5593e91c-61bf-41ef-8e5d-4f9d2bd10ada@group-219FE17661B5: start as a follower, conf=-1: [5593e91c-61bf-41ef-8e5d-4f9d2bd10ada:192.168.151.100:37661], old=null
2019-10-03 19:21:54,826 [pool-383-thread-1] INFO  impl.RaftServerImpl (RaftServerImpl.java:setRole(170)) - 5593e91c-61bf-41ef-8e5d-4f9d2bd10ada@group-219FE17661B5: changes role from      null to FOLLOWER at term 0 for startAsFollower
2019-10-03 19:21:54,826 [pool-383-thread-1] INFO  impl.RoleInfo (RoleInfo.java:updateAndGet(143)) - 5593e91c-61bf-41ef-8e5d-4f9d2bd10ada: start FollowerState
2019-10-03 19:21:54,827 [pool-383-thread-1] INFO  util.JmxRegister (JmxRegister.java:tryRegister(44)) - Successfully registered JMX Bean with object name Ratis:service=RaftServer,group=group-219FE17661B5,id=5593e91c-61bf-41ef-8e5d-4f9d2bd10ada
2019-10-03 19:21:54,831 [RatisPipelineUtilsThread] INFO  pipeline.PipelineStateManager (PipelineStateManager.java:addPipeline(56)) - Created pipeline Pipeline[ Id: faa2e4f9-57e5-4183-b3ed-219fe17661b5, Nodes: 5593e91c-61bf-41ef-8e5d-4f9d2bd10ada{ip: 192.168.151.100, host: pr-hdds-1720-trunk-7c7p5-3943417498, networkLocation: /default-rack, certSerialId: null}, Type:RATIS, Factor:ONE, State:OPEN]
2019-10-03 19:21:54,838 [grpc-default-executor-0] INFO  impl.RaftServerProxy (RaftServerProxy.java:addNew(89)) - 59ff08a0-bd7f-4daf-b30f-9bb7fccd9658: addNew group-F6611B1D7836:[59ff08a0-bd7f-4daf-b30f-9bb7fccd9658:192.168.151.100:35798] returns group-F6611B1D7836:java.util.concurrent.CompletableFuture@379b7953[Not completed]
2019-10-03 19:21:54,841 [pool-393-thread-1] INFO  impl.RaftServerImpl (RaftServerImpl.java:<init>(95)) - 59ff08a0-bd7f-4daf-b30f-9bb7fccd9658: new RaftServerImpl for group-F6611B1D7836:[59ff08a0-bd7f-4daf-b30f-9bb7fccd9658:192.168.151.100:35798] with ContainerStateMachine:uninitialized
2019-10-03 19:21:54,841 [pool-393-thread-1] INFO  server.RaftServerConfigKeys (ConfUtils.java:logGet(43)) - raft.server.rpc.timeout.min = 5s (custom)
2019-10-03 19:21:54,841 [pool-393-thread-1] INFO  server.RaftServerConfigKeys (ConfUtils.java:logGet(43)) - raft.server.rpc.timeout.max = 5200ms (custom)
2019-10-03 19:21:54,841 [pool-393-thread-1] INFO  server.RaftServerConfigKeys (ConfUtils.java:logGet(43)) - raft.server.rpcslowness.timeout = 120s (custom)
2019-10-03 19:21:54,841 [pool-393-thread-1] INFO  server.RaftServerConfigKeys (ConfUtils.java:logGet(43)) - raft.server.sleep.deviation.threshold = 300 (default)
2019-10-03 19:21:54,841 [pool-393-thread-1] INFO  server.RaftServerConfigKeys (ConfUtils.java:logGet(43)) - raft.server.log.appender.install.snapshot.enabled = false (custom)
2019-10-03 19:21:54,842 [pool-393-thread-1] INFO  impl.RaftServerImpl (ServerState.java:<init>(103)) - 59ff08a0-bd7f-4daf-b30f-9bb7fccd9658@group-F6611B1D7836: ConfigurationManager, init=-1: [59ff08a0-bd7f-4daf-b30f-9bb7fccd9658:192.168.151.100:35798], old=null, confs=<EMPTY_MAP>
2019-10-03 19:21:54,842 [pool-393-thread-1] INFO  server.RaftServerConfigKeys (ConfUtils.java:logGet(43)) - raft.server.storage.dir = [/workdir/hadoop-ozone/integration-test/target/test-dir/MiniOzoneClusterImpl-1bf28b11-333b-477a-817b-2d1dec1d7f8a/datanode-1/data/ratis] (custom)
2019-10-03 19:21:54,842 [pool-393-thread-1] INFO  server.RaftServerConfigKeys (ConfUtils.java:logGet(43)) - raft.server.log.corruption.policy = EXCEPTION (default)
2019-10-03 19:21:54,842 [pool-393-thread-1] INFO  storage.RaftStorageDirectory (RaftStorageDirectory.java:analyzeStorage(246)) - The storage directory /workdir/hadoop-ozone/integration-test/target/test-dir/MiniOzoneClusterImpl-1bf28b11-333b-477a-817b-2d1dec1d7f8a/datanode-1/data/ratis/550ca99f-2219-4b08-94d2-f6611b1d7836 does not exist. Creating ...
2019-10-03 19:21:54,855 [pool-393-thread-1] INFO  storage.RaftStorageDirectory (RaftStorageDirectory.java:tryLock(328)) - Lock on /workdir/hadoop-ozone/integration-test/target/test-dir/MiniOzoneClusterImpl-1bf28b11-333b-477a-817b-2d1dec1d7f8a/datanode-1/data/ratis/550ca99f-2219-4b08-94d2-f6611b1d7836/in_use.lock acquired by nodename 15573@pr-hdds-1720-trunk-7c7p5-3943417498
2019-10-03 19:21:54,868 [pool-393-thread-1] INFO  storage.RaftStorage (RaftStorage.java:format(84)) - Storage directory /workdir/hadoop-ozone/integration-test/target/test-dir/MiniOzoneClusterImpl-1bf28b11-333b-477a-817b-2d1dec1d7f8a/datanode-1/data/ratis/550ca99f-2219-4b08-94d2-f6611b1d7836 has been successfully formatted.
2019-10-03 19:21:54,868 [pool-393-thread-1] INFO  ratis.ContainerStateMachine (ContainerStateMachine.java:loadSnapshot(230)) - group-F6611B1D7836: The snapshot info is null. Setting the last applied indexto:(t:0, i:~)
2019-10-03 19:21:54,869 [pool-393-thread-1] INFO  server.RaftServerConfigKeys (ConfUtils.java:logGet(43)) - raft.server.notification.no-leader.timeout = 120s (custom)
2019-10-03 19:21:54,869 [pool-393-thread-1] INFO  server.RaftServerConfigKeys (ConfUtils.java:logGet(43)) - raft.server.log.use.memory = false (default)
2019-10-03 19:21:54,869 [pool-393-thread-1] INFO  server.RaftServerConfigKeys (ConfUtils.java:logGet(43)) - raft.server.log.purge.gap = 1000000 (custom)
2019-10-03 19:21:54,869 [pool-393-thread-1] INFO  server.RaftServerConfigKeys (ConfUtils.java:logGet(43)) - raft.server.log.appender.buffer.byte-limit = 33554432 (custom)
2019-10-03 19:21:54,870 [pool-393-thread-1] INFO  server.RaftServerConfigKeys (ConfUtils.java:logGet(43)) - raft.server.log.segment.size.max = 1048576 (custom)
2019-10-03 19:21:54,873 [pool-393-thread-1] INFO  server.RaftServerConfigKeys (ConfUtils.java:logGet(43)) - raft.server.log.segment.cache.num.max = 2 (custom)
2019-10-03 19:21:54,873 [pool-393-thread-1] INFO  segmented.SegmentedRaftLogWorker (SegmentedRaftLogWorker.java:<init>(173)) - new 59ff08a0-bd7f-4daf-b30f-9bb7fccd9658@group-F6611B1D7836-SegmentedRaftLogWorker for RaftStorage:Storage Directory /workdir/hadoop-ozone/integration-test/target/test-dir/MiniOzoneClusterImpl-1bf28b11-333b-477a-817b-2d1dec1d7f8a/datanode-1/data/ratis/550ca99f-2219-4b08-94d2-f6611b1d7836
2019-10-03 19:21:54,873 [pool-393-thread-1] INFO  server.RaftServerConfigKeys (ConfUtils.java:logGet(43)) - raft.server.log.queue.byte-limit = 2147483647 (custom)
2019-10-03 19:21:54,873 [pool-393-thread-1] INFO  server.RaftServerConfigKeys (ConfUtils.java:logGet(43)) - raft.server.log.queue.element-limit = 1024 (custom)
2019-10-03 19:21:54,874 [pool-393-thread-1] INFO  server.RaftServerConfigKeys (ConfUtils.java:logGet(43)) - raft.server.log.segment.size.max = 1048576 (custom)
2019-10-03 19:21:54,874 [pool-393-thread-1] INFO  server.RaftServerConfigKeys (ConfUtils.java:logGet(43)) - raft.server.log.preallocated.size = 16384 (custom)
2019-10-03 19:21:54,874 [pool-393-thread-1] INFO  server.RaftServerConfigKeys (ConfUtils.java:logGet(43)) - raft.server.log.write.buffer.size = 33554432 (custom)
2019-10-03 19:21:54,874 [pool-393-thread-1] INFO  server.RaftServerConfigKeys (ConfUtils.java:logGet(43)) - raft.server.log.force.sync.num = 128 (default)
2019-10-03 19:21:54,874 [pool-393-thread-1] INFO  server.RaftServerConfigKeys (ConfUtils.java:logGet(43)) - raft.server.log.statemachine.data.sync = true (default)
2019-10-03 19:21:54,874 [pool-393-thread-1] INFO  server.RaftServerConfigKeys (ConfUtils.java:logGet(43)) - raft.server.log.statemachine.data.sync.timeout = 10s (default)
2019-10-03 19:21:54,874 [pool-393-thread-1] INFO  server.RaftServerConfigKeys (ConfUtils.java:logGet(43)) - raft.server.log.statemachine.data.sync.timeout.retry = -1 (default)
2019-10-03 19:21:54,875 [pool-393-thread-1] INFO  server.RaftServerConfigKeys (ConfUtils.java:logGet(43)) - raft.server.log.statemachine.data.caching.enabled = true (custom)
2019-10-03 19:21:54,875 [pool-393-thread-1] INFO  segmented.SegmentedRaftLogWorker (SegmentedRaftLogWorker.java:lambda$new$0(128)) - 59ff08a0-bd7f-4daf-b30f-9bb7fccd9658@group-F6611B1D7836-SegmentedRaftLogWorker: flushIndex: setUnconditionally 0 -> -1
2019-10-03 19:21:54,875 [pool-393-thread-1] INFO  server.RaftServerConfigKeys (ConfUtils.java:logGet(43)) - raft.server.snapshot.auto.trigger.enabled = true (custom)
2019-10-03 19:21:54,876 [pool-393-thread-1] INFO  server.RaftServerConfigKeys (ConfUtils.java:logGet(43)) - raft.server.snapshot.auto.trigger.threshold = 10000 (custom)
2019-10-03 19:21:54,876 [pool-393-thread-1] INFO  server.RaftServerConfigKeys (ConfUtils.java:logGet(43)) - raft.server.snapshot.retention.file.num = 5 (custom)
2019-10-03 19:21:54,876 [pool-393-thread-1] INFO  server.RaftServerConfigKeys (ConfUtils.java:logGet(43)) - raft.server.retrycache.expirytime = 600000ms (custom)
2019-10-03 19:21:54,878 [pool-393-thread-1] INFO  impl.RaftServerImpl (RaftServerImpl.java:start(181)) - 59ff08a0-bd7f-4daf-b30f-9bb7fccd9658@group-F6611B1D7836: start as a follower, conf=-1: [59ff08a0-bd7f-4daf-b30f-9bb7fccd9658:192.168.151.100:35798], old=null
2019-10-03 19:21:54,878 [pool-393-thread-1] INFO  impl.RaftServerImpl (RaftServerImpl.java:setRole(170)) - 59ff08a0-bd7f-4daf-b30f-9bb7fccd9658@group-F6611B1D7836: changes role from      null to FOLLOWER at term 0 for startAsFollower
2019-10-03 19:21:54,878 [pool-393-thread-1] INFO  impl.RoleInfo (RoleInfo.java:updateAndGet(143)) - 59ff08a0-bd7f-4daf-b30f-9bb7fccd9658: start FollowerState
2019-10-03 19:21:54,879 [pool-393-thread-1] INFO  util.JmxRegister (JmxRegister.java:tryRegister(44)) - Successfully registered JMX Bean with object name Ratis:service=RaftServer,group=group-F6611B1D7836,id=59ff08a0-bd7f-4daf-b30f-9bb7fccd9658
2019-10-03 19:21:54,883 [RatisPipelineUtilsThread] INFO  pipeline.PipelineStateManager (PipelineStateManager.java:addPipeline(56)) - Created pipeline Pipeline[ Id: 550ca99f-2219-4b08-94d2-f6611b1d7836, Nodes: 59ff08a0-bd7f-4daf-b30f-9bb7fccd9658{ip: 192.168.151.100, host: pr-hdds-1720-trunk-7c7p5-3943417498, networkLocation: /default-rack, certSerialId: null}, Type:RATIS, Factor:ONE, State:OPEN]
2019-10-03 19:21:54,896 [IPC Server handler 3 on 33100] INFO  net.NetworkTopology (NetworkTopologyImpl.java:add(111)) - Added a new node: /default-rack/75676965-3590-498f-8463-e67f69dc5e1d
2019-10-03 19:21:54,896 [IPC Server handler 3 on 33100] INFO  node.SCMNodeManager (SCMNodeManager.java:register(266)) - Registered Data node : 75676965-3590-498f-8463-e67f69dc5e1d{ip: 192.168.151.100, host: pr-hdds-1720-trunk-7c7p5-3943417498, networkLocation: /default-rack, certSerialId: null}
2019-10-03 19:21:54,902 [grpc-default-executor-0] INFO  impl.RaftServerProxy (RaftServerProxy.java:addNew(89)) - 75676965-3590-498f-8463-e67f69dc5e1d: addNew group-DEB1CFE98A23:[75676965-3590-498f-8463-e67f69dc5e1d:192.168.151.100:46299] returns group-DEB1CFE98A23:java.util.concurrent.CompletableFuture@90c3431[Not completed]
2019-10-03 19:21:54,903 [pool-403-thread-1] INFO  impl.RaftServerImpl (RaftServerImpl.java:<init>(95)) - 75676965-3590-498f-8463-e67f69dc5e1d: new RaftServerImpl for group-DEB1CFE98A23:[75676965-3590-498f-8463-e67f69dc5e1d:192.168.151.100:46299] with ContainerStateMachine:uninitialized
2019-10-03 19:21:54,903 [pool-403-thread-1] INFO  server.RaftServerConfigKeys (ConfUtils.java:logGet(43)) - raft.server.rpc.timeout.min = 5s (custom)
2019-10-03 19:21:54,903 [pool-403-thread-1] INFO  server.RaftServerConfigKeys (ConfUtils.java:logGet(43)) - raft.server.rpc.timeout.max = 5200ms (custom)
2019-10-03 19:21:54,903 [pool-403-thread-1] INFO  server.RaftServerConfigKeys (ConfUtils.java:logGet(43)) - raft.server.rpcslowness.timeout = 120s (custom)
2019-10-03 19:21:54,904 [pool-403-thread-1] INFO  server.RaftServerConfigKeys (ConfUtils.java:logGet(43)) - raft.server.sleep.deviation.threshold = 300 (default)
2019-10-03 19:21:54,904 [pool-403-thread-1] INFO  server.RaftServerConfigKeys (ConfUtils.java:logGet(43)) - raft.server.log.appender.install.snapshot.enabled = false (custom)
2019-10-03 19:21:54,904 [pool-403-thread-1] INFO  impl.RaftServerImpl (ServerState.java:<init>(103)) - 75676965-3590-498f-8463-e67f69dc5e1d@group-DEB1CFE98A23: ConfigurationManager, init=-1: [75676965-3590-498f-8463-e67f69dc5e1d:192.168.151.100:46299], old=null, confs=<EMPTY_MAP>
2019-10-03 19:21:54,904 [pool-403-thread-1] INFO  server.RaftServerConfigKeys (ConfUtils.java:logGet(43)) - raft.server.storage.dir = [/workdir/hadoop-ozone/integration-test/target/test-dir/MiniOzoneClusterImpl-1bf28b11-333b-477a-817b-2d1dec1d7f8a/datanode-2/data/ratis] (custom)
2019-10-03 19:21:54,904 [pool-403-thread-1] INFO  server.RaftServerConfigKeys (ConfUtils.java:logGet(43)) - raft.server.log.corruption.policy = EXCEPTION (default)
2019-10-03 19:21:54,904 [pool-403-thread-1] INFO  storage.RaftStorageDirectory (RaftStorageDirectory.java:analyzeStorage(246)) - The storage directory /workdir/hadoop-ozone/integration-test/target/test-dir/MiniOzoneClusterImpl-1bf28b11-333b-477a-817b-2d1dec1d7f8a/datanode-2/data/ratis/f274fdad-0a2f-47b2-a901-deb1cfe98a23 does not exist. Creating ...
2019-10-03 19:21:54,917 [pool-403-thread-1] INFO  storage.RaftStorageDirectory (RaftStorageDirectory.java:tryLock(328)) - Lock on /workdir/hadoop-ozone/integration-test/target/test-dir/MiniOzoneClusterImpl-1bf28b11-333b-477a-817b-2d1dec1d7f8a/datanode-2/data/ratis/f274fdad-0a2f-47b2-a901-deb1cfe98a23/in_use.lock acquired by nodename 15573@pr-hdds-1720-trunk-7c7p5-3943417498
2019-10-03 19:21:54,930 [pool-403-thread-1] INFO  storage.RaftStorage (RaftStorage.java:format(84)) - Storage directory /workdir/hadoop-ozone/integration-test/target/test-dir/MiniOzoneClusterImpl-1bf28b11-333b-477a-817b-2d1dec1d7f8a/datanode-2/data/ratis/f274fdad-0a2f-47b2-a901-deb1cfe98a23 has been successfully formatted.
2019-10-03 19:21:54,930 [pool-403-thread-1] INFO  ratis.ContainerStateMachine (ContainerStateMachine.java:loadSnapshot(230)) - group-DEB1CFE98A23: The snapshot info is null. Setting the last applied indexto:(t:0, i:~)
2019-10-03 19:21:54,930 [pool-403-thread-1] INFO  server.RaftServerConfigKeys (ConfUtils.java:logGet(43)) - raft.server.notification.no-leader.timeout = 120s (custom)
2019-10-03 19:21:54,930 [pool-403-thread-1] INFO  server.RaftServerConfigKeys (ConfUtils.java:logGet(43)) - raft.server.log.use.memory = false (default)
2019-10-03 19:21:54,930 [pool-403-thread-1] INFO  server.RaftServerConfigKeys (ConfUtils.java:logGet(43)) - raft.server.log.purge.gap = 1000000 (custom)
2019-10-03 19:21:54,930 [pool-403-thread-1] INFO  server.RaftServerConfigKeys (ConfUtils.java:logGet(43)) - raft.server.log.appender.buffer.byte-limit = 33554432 (custom)
2019-10-03 19:21:54,931 [pool-403-thread-1] INFO  server.RaftServerConfigKeys (ConfUtils.java:logGet(43)) - raft.server.log.segment.size.max = 1048576 (custom)
2019-10-03 19:21:54,933 [pool-403-thread-1] INFO  server.RaftServerConfigKeys (ConfUtils.java:logGet(43)) - raft.server.log.segment.cache.num.max = 2 (custom)
2019-10-03 19:21:54,933 [pool-403-thread-1] INFO  segmented.SegmentedRaftLogWorker (SegmentedRaftLogWorker.java:<init>(173)) - new 75676965-3590-498f-8463-e67f69dc5e1d@group-DEB1CFE98A23-SegmentedRaftLogWorker for RaftStorage:Storage Directory /workdir/hadoop-ozone/integration-test/target/test-dir/MiniOzoneClusterImpl-1bf28b11-333b-477a-817b-2d1dec1d7f8a/datanode-2/data/ratis/f274fdad-0a2f-47b2-a901-deb1cfe98a23
2019-10-03 19:21:54,933 [pool-403-thread-1] INFO  server.RaftServerConfigKeys (ConfUtils.java:logGet(43)) - raft.server.log.queue.byte-limit = 2147483647 (custom)
2019-10-03 19:21:54,933 [pool-403-thread-1] INFO  server.RaftServerConfigKeys (ConfUtils.java:logGet(43)) - raft.server.log.queue.element-limit = 1024 (custom)
2019-10-03 19:21:54,933 [pool-403-thread-1] INFO  server.RaftServerConfigKeys (ConfUtils.java:logGet(43)) - raft.server.log.segment.size.max = 1048576 (custom)
2019-10-03 19:21:54,933 [pool-403-thread-1] INFO  server.RaftServerConfigKeys (ConfUtils.java:logGet(43)) - raft.server.log.preallocated.size = 16384 (custom)
2019-10-03 19:21:54,933 [pool-403-thread-1] INFO  server.RaftServerConfigKeys (ConfUtils.java:logGet(43)) - raft.server.log.write.buffer.size = 33554432 (custom)
2019-10-03 19:21:54,933 [pool-403-thread-1] INFO  server.RaftServerConfigKeys (ConfUtils.java:logGet(43)) - raft.server.log.force.sync.num = 128 (default)
2019-10-03 19:21:54,934 [pool-403-thread-1] INFO  server.RaftServerConfigKeys (ConfUtils.java:logGet(43)) - raft.server.log.statemachine.data.sync = true (default)
2019-10-03 19:21:54,934 [pool-403-thread-1] INFO  server.RaftServerConfigKeys (ConfUtils.java:logGet(43)) - raft.server.log.statemachine.data.sync.timeout = 10s (default)
2019-10-03 19:21:54,934 [pool-403-thread-1] INFO  server.RaftServerConfigKeys (ConfUtils.java:logGet(43)) - raft.server.log.statemachine.data.sync.timeout.retry = -1 (default)
2019-10-03 19:21:54,934 [pool-403-thread-1] INFO  server.RaftServerConfigKeys (ConfUtils.java:logGet(43)) - raft.server.log.statemachine.data.caching.enabled = true (custom)
2019-10-03 19:21:54,935 [pool-403-thread-1] INFO  segmented.SegmentedRaftLogWorker (SegmentedRaftLogWorker.java:lambda$new$0(128)) - 75676965-3590-498f-8463-e67f69dc5e1d@group-DEB1CFE98A23-SegmentedRaftLogWorker: flushIndex: setUnconditionally 0 -> -1
2019-10-03 19:21:54,935 [pool-403-thread-1] INFO  server.RaftServerConfigKeys (ConfUtils.java:logGet(43)) - raft.server.snapshot.auto.trigger.enabled = true (custom)
2019-10-03 19:21:54,935 [pool-403-thread-1] INFO  server.RaftServerConfigKeys (ConfUtils.java:logGet(43)) - raft.server.snapshot.auto.trigger.threshold = 10000 (custom)
2019-10-03 19:21:54,935 [pool-403-thread-1] INFO  server.RaftServerConfigKeys (ConfUtils.java:logGet(43)) - raft.server.snapshot.retention.file.num = 5 (custom)
2019-10-03 19:21:54,935 [pool-403-thread-1] INFO  server.RaftServerConfigKeys (ConfUtils.java:logGet(43)) - raft.server.retrycache.expirytime = 600000ms (custom)
2019-10-03 19:21:54,937 [pool-403-thread-1] INFO  impl.RaftServerImpl (RaftServerImpl.java:start(181)) - 75676965-3590-498f-8463-e67f69dc5e1d@group-DEB1CFE98A23: start as a follower, conf=-1: [75676965-3590-498f-8463-e67f69dc5e1d:192.168.151.100:46299], old=null
2019-10-03 19:21:54,938 [pool-403-thread-1] INFO  impl.RaftServerImpl (RaftServerImpl.java:setRole(170)) - 75676965-3590-498f-8463-e67f69dc5e1d@group-DEB1CFE98A23: changes role from      null to FOLLOWER at term 0 for startAsFollower
2019-10-03 19:21:54,938 [pool-403-thread-1] INFO  impl.RoleInfo (RoleInfo.java:updateAndGet(143)) - 75676965-3590-498f-8463-e67f69dc5e1d: start FollowerState
2019-10-03 19:21:54,938 [pool-403-thread-1] INFO  util.JmxRegister (JmxRegister.java:tryRegister(44)) - Successfully registered JMX Bean with object name Ratis:service=RaftServer,group=group-DEB1CFE98A23,id=75676965-3590-498f-8463-e67f69dc5e1d
2019-10-03 19:21:54,943 [RatisPipelineUtilsThread] INFO  pipeline.PipelineStateManager (PipelineStateManager.java:addPipeline(56)) - Created pipeline Pipeline[ Id: f274fdad-0a2f-47b2-a901-deb1cfe98a23, Nodes: 75676965-3590-498f-8463-e67f69dc5e1d{ip: 192.168.151.100, host: pr-hdds-1720-trunk-7c7p5-3943417498, networkLocation: /default-rack, certSerialId: null}, Type:RATIS, Factor:ONE, State:OPEN]
2019-10-03 19:21:54,956 [grpc-default-executor-10] INFO  impl.RaftServerProxy (RaftServerProxy.java:addNew(89)) - 75676965-3590-498f-8463-e67f69dc5e1d: addNew group-884B05EE7FFC:[59ff08a0-bd7f-4daf-b30f-9bb7fccd9658:192.168.151.100:35798, 75676965-3590-498f-8463-e67f69dc5e1d:192.168.151.100:46299, 5593e91c-61bf-41ef-8e5d-4f9d2bd10ada:192.168.151.100:37661] returns group-884B05EE7FFC:java.util.concurrent.CompletableFuture@198ca929[Not completed]
2019-10-03 19:21:54,956 [grpc-default-executor-11] INFO  impl.RaftServerProxy (RaftServerProxy.java:addNew(89)) - 5593e91c-61bf-41ef-8e5d-4f9d2bd10ada: addNew group-884B05EE7FFC:[59ff08a0-bd7f-4daf-b30f-9bb7fccd9658:192.168.151.100:35798, 75676965-3590-498f-8463-e67f69dc5e1d:192.168.151.100:46299, 5593e91c-61bf-41ef-8e5d-4f9d2bd10ada:192.168.151.100:37661] returns group-884B05EE7FFC:java.util.concurrent.CompletableFuture@6b811816[Not completed]
2019-10-03 19:21:54,956 [grpc-default-executor-0] INFO  impl.RaftServerProxy (RaftServerProxy.java:addNew(89)) - 59ff08a0-bd7f-4daf-b30f-9bb7fccd9658: addNew group-884B05EE7FFC:[59ff08a0-bd7f-4daf-b30f-9bb7fccd9658:192.168.151.100:35798, 75676965-3590-498f-8463-e67f69dc5e1d:192.168.151.100:46299, 5593e91c-61bf-41ef-8e5d-4f9d2bd10ada:192.168.151.100:37661] returns group-884B05EE7FFC:java.util.concurrent.CompletableFuture@4b4bb4f4[Not completed]
2019-10-03 19:21:54,957 [pool-393-thread-1] INFO  impl.RaftServerImpl (RaftServerImpl.java:<init>(95)) - 59ff08a0-bd7f-4daf-b30f-9bb7fccd9658: new RaftServerImpl for group-884B05EE7FFC:[59ff08a0-bd7f-4daf-b30f-9bb7fccd9658:192.168.151.100:35798, 75676965-3590-498f-8463-e67f69dc5e1d:192.168.151.100:46299, 5593e91c-61bf-41ef-8e5d-4f9d2bd10ada:192.168.151.100:37661] with ContainerStateMachine:uninitialized
2019-10-03 19:21:54,957 [pool-393-thread-1] INFO  server.RaftServerConfigKeys (ConfUtils.java:logGet(43)) - raft.server.rpc.timeout.min = 5s (custom)
2019-10-03 19:21:54,957 [pool-393-thread-1] INFO  server.RaftServerConfigKeys (ConfUtils.java:logGet(43)) - raft.server.rpc.timeout.max = 5200ms (custom)
2019-10-03 19:21:54,957 [pool-393-thread-1] INFO  server.RaftServerConfigKeys (ConfUtils.java:logGet(43)) - raft.server.rpcslowness.timeout = 120s (custom)
2019-10-03 19:21:54,957 [pool-393-thread-1] INFO  server.RaftServerConfigKeys (ConfUtils.java:logGet(43)) - raft.server.sleep.deviation.threshold = 300 (default)
2019-10-03 19:21:54,958 [pool-403-thread-1] INFO  impl.RaftServerImpl (RaftServerImpl.java:<init>(95)) - 75676965-3590-498f-8463-e67f69dc5e1d: new RaftServerImpl for group-884B05EE7FFC:[59ff08a0-bd7f-4daf-b30f-9bb7fccd9658:192.168.151.100:35798, 75676965-3590-498f-8463-e67f69dc5e1d:192.168.151.100:46299, 5593e91c-61bf-41ef-8e5d-4f9d2bd10ada:192.168.151.100:37661] with ContainerStateMachine:uninitialized
2019-10-03 19:21:54,958 [pool-393-thread-1] INFO  server.RaftServerConfigKeys (ConfUtils.java:logGet(43)) - raft.server.log.appender.install.snapshot.enabled = false (custom)
2019-10-03 19:21:54,958 [pool-403-thread-1] INFO  server.RaftServerConfigKeys (ConfUtils.java:logGet(43)) - raft.server.rpc.timeout.min = 5s (custom)
2019-10-03 19:21:54,958 [pool-393-thread-1] INFO  impl.RaftServerImpl (ServerState.java:<init>(103)) - 59ff08a0-bd7f-4daf-b30f-9bb7fccd9658@group-884B05EE7FFC: ConfigurationManager, init=-1: [59ff08a0-bd7f-4daf-b30f-9bb7fccd9658:192.168.151.100:35798, 75676965-3590-498f-8463-e67f69dc5e1d:192.168.151.100:46299, 5593e91c-61bf-41ef-8e5d-4f9d2bd10ada:192.168.151.100:37661], old=null, confs=<EMPTY_MAP>
2019-10-03 19:21:54,958 [pool-403-thread-1] INFO  server.RaftServerConfigKeys (ConfUtils.java:logGet(43)) - raft.server.rpc.timeout.max = 5200ms (custom)
2019-10-03 19:21:54,958 [pool-393-thread-1] INFO  server.RaftServerConfigKeys (ConfUtils.java:logGet(43)) - raft.server.storage.dir = [/workdir/hadoop-ozone/integration-test/target/test-dir/MiniOzoneClusterImpl-1bf28b11-333b-477a-817b-2d1dec1d7f8a/datanode-1/data/ratis] (custom)
2019-10-03 19:21:54,958 [pool-383-thread-1] INFO  impl.RaftServerImpl (RaftServerImpl.java:<init>(95)) - 5593e91c-61bf-41ef-8e5d-4f9d2bd10ada: new RaftServerImpl for group-884B05EE7FFC:[59ff08a0-bd7f-4daf-b30f-9bb7fccd9658:192.168.151.100:35798, 75676965-3590-498f-8463-e67f69dc5e1d:192.168.151.100:46299, 5593e91c-61bf-41ef-8e5d-4f9d2bd10ada:192.168.151.100:37661] with ContainerStateMachine:uninitialized
2019-10-03 19:21:54,958 [pool-403-thread-1] INFO  server.RaftServerConfigKeys (ConfUtils.java:logGet(43)) - raft.server.rpcslowness.timeout = 120s (custom)
2019-10-03 19:21:54,958 [pool-393-thread-1] INFO  server.RaftServerConfigKeys (ConfUtils.java:logGet(43)) - raft.server.log.corruption.policy = EXCEPTION (default)
2019-10-03 19:21:54,958 [pool-383-thread-1] INFO  server.RaftServerConfigKeys (ConfUtils.java:logGet(43)) - raft.server.rpc.timeout.min = 5s (custom)
2019-10-03 19:21:54,959 [pool-393-thread-1] INFO  storage.RaftStorageDirectory (RaftStorageDirectory.java:analyzeStorage(246)) - The storage directory /workdir/hadoop-ozone/integration-test/target/test-dir/MiniOzoneClusterImpl-1bf28b11-333b-477a-817b-2d1dec1d7f8a/datanode-1/data/ratis/d554a574-157c-4145-9185-884b05ee7ffc does not exist. Creating ...
2019-10-03 19:21:54,958 [pool-403-thread-1] INFO  server.RaftServerConfigKeys (ConfUtils.java:logGet(43)) - raft.server.sleep.deviation.threshold = 300 (default)
2019-10-03 19:21:54,959 [pool-383-thread-1] INFO  server.RaftServerConfigKeys (ConfUtils.java:logGet(43)) - raft.server.rpc.timeout.max = 5200ms (custom)
2019-10-03 19:21:54,959 [pool-403-thread-1] INFO  server.RaftServerConfigKeys (ConfUtils.java:logGet(43)) - raft.server.log.appender.install.snapshot.enabled = false (custom)
2019-10-03 19:21:54,959 [pool-383-thread-1] INFO  server.RaftServerConfigKeys (ConfUtils.java:logGet(43)) - raft.server.rpcslowness.timeout = 120s (custom)
2019-10-03 19:21:54,959 [pool-403-thread-1] INFO  impl.RaftServerImpl (ServerState.java:<init>(103)) - 75676965-3590-498f-8463-e67f69dc5e1d@group-884B05EE7FFC: ConfigurationManager, init=-1: [59ff08a0-bd7f-4daf-b30f-9bb7fccd9658:192.168.151.100:35798, 75676965-3590-498f-8463-e67f69dc5e1d:192.168.151.100:46299, 5593e91c-61bf-41ef-8e5d-4f9d2bd10ada:192.168.151.100:37661], old=null, confs=<EMPTY_MAP>
2019-10-03 19:21:54,959 [pool-383-thread-1] INFO  server.RaftServerConfigKeys (ConfUtils.java:logGet(43)) - raft.server.sleep.deviation.threshold = 300 (default)
2019-10-03 19:21:54,959 [pool-403-thread-1] INFO  server.RaftServerConfigKeys (ConfUtils.java:logGet(43)) - raft.server.storage.dir = [/workdir/hadoop-ozone/integration-test/target/test-dir/MiniOzoneClusterImpl-1bf28b11-333b-477a-817b-2d1dec1d7f8a/datanode-2/data/ratis] (custom)
2019-10-03 19:21:54,959 [pool-383-thread-1] INFO  server.RaftServerConfigKeys (ConfUtils.java:logGet(43)) - raft.server.log.appender.install.snapshot.enabled = false (custom)
2019-10-03 19:21:54,960 [pool-403-thread-1] INFO  server.RaftServerConfigKeys (ConfUtils.java:logGet(43)) - raft.server.log.corruption.policy = EXCEPTION (default)
2019-10-03 19:21:54,960 [pool-383-thread-1] INFO  impl.RaftServerImpl (ServerState.java:<init>(103)) - 5593e91c-61bf-41ef-8e5d-4f9d2bd10ada@group-884B05EE7FFC: ConfigurationManager, init=-1: [59ff08a0-bd7f-4daf-b30f-9bb7fccd9658:192.168.151.100:35798, 75676965-3590-498f-8463-e67f69dc5e1d:192.168.151.100:46299, 5593e91c-61bf-41ef-8e5d-4f9d2bd10ada:192.168.151.100:37661], old=null, confs=<EMPTY_MAP>
2019-10-03 19:21:54,960 [pool-403-thread-1] INFO  storage.RaftStorageDirectory (RaftStorageDirectory.java:analyzeStorage(246)) - The storage directory /workdir/hadoop-ozone/integration-test/target/test-dir/MiniOzoneClusterImpl-1bf28b11-333b-477a-817b-2d1dec1d7f8a/datanode-2/data/ratis/d554a574-157c-4145-9185-884b05ee7ffc does not exist. Creating ...
2019-10-03 19:21:54,960 [pool-383-thread-1] INFO  server.RaftServerConfigKeys (ConfUtils.java:logGet(43)) - raft.server.storage.dir = [/workdir/hadoop-ozone/integration-test/target/test-dir/MiniOzoneClusterImpl-1bf28b11-333b-477a-817b-2d1dec1d7f8a/datanode-0/data/ratis] (custom)
2019-10-03 19:21:54,960 [pool-383-thread-1] INFO  server.RaftServerConfigKeys (ConfUtils.java:logGet(43)) - raft.server.log.corruption.policy = EXCEPTION (default)
2019-10-03 19:21:54,960 [pool-383-thread-1] INFO  storage.RaftStorageDirectory (RaftStorageDirectory.java:analyzeStorage(246)) - The storage directory /workdir/hadoop-ozone/integration-test/target/test-dir/MiniOzoneClusterImpl-1bf28b11-333b-477a-817b-2d1dec1d7f8a/datanode-0/data/ratis/d554a574-157c-4145-9185-884b05ee7ffc does not exist. Creating ...
2019-10-03 19:21:54,973 [pool-383-thread-1] INFO  storage.RaftStorageDirectory (RaftStorageDirectory.java:tryLock(328)) - Lock on /workdir/hadoop-ozone/integration-test/target/test-dir/MiniOzoneClusterImpl-1bf28b11-333b-477a-817b-2d1dec1d7f8a/datanode-0/data/ratis/d554a574-157c-4145-9185-884b05ee7ffc/in_use.lock acquired by nodename 15573@pr-hdds-1720-trunk-7c7p5-3943417498
2019-10-03 19:21:54,973 [pool-393-thread-1] INFO  storage.RaftStorageDirectory (RaftStorageDirectory.java:tryLock(328)) - Lock on /workdir/hadoop-ozone/integration-test/target/test-dir/MiniOzoneClusterImpl-1bf28b11-333b-477a-817b-2d1dec1d7f8a/datanode-1/data/ratis/d554a574-157c-4145-9185-884b05ee7ffc/in_use.lock acquired by nodename 15573@pr-hdds-1720-trunk-7c7p5-3943417498
2019-10-03 19:21:54,973 [pool-403-thread-1] INFO  storage.RaftStorageDirectory (RaftStorageDirectory.java:tryLock(328)) - Lock on /workdir/hadoop-ozone/integration-test/target/test-dir/MiniOzoneClusterImpl-1bf28b11-333b-477a-817b-2d1dec1d7f8a/datanode-2/data/ratis/d554a574-157c-4145-9185-884b05ee7ffc/in_use.lock acquired by nodename 15573@pr-hdds-1720-trunk-7c7p5-3943417498
2019-10-03 19:21:54,973 [IPC Server handler 7 on 33100] INFO  net.NetworkTopology (NetworkTopologyImpl.java:add(111)) - Added a new node: /default-rack/75750c1b-f5c7-4719-820b-2313078df079
2019-10-03 19:21:54,973 [IPC Server handler 7 on 33100] INFO  node.SCMNodeManager (SCMNodeManager.java:register(266)) - Registered Data node : 75750c1b-f5c7-4719-820b-2313078df079{ip: 192.168.151.100, host: pr-hdds-1720-trunk-7c7p5-3943417498, networkLocation: /default-rack, certSerialId: null}
2019-10-03 19:21:54,986 [pool-383-thread-1] INFO  storage.RaftStorage (RaftStorage.java:format(84)) - Storage directory /workdir/hadoop-ozone/integration-test/target/test-dir/MiniOzoneClusterImpl-1bf28b11-333b-477a-817b-2d1dec1d7f8a/datanode-0/data/ratis/d554a574-157c-4145-9185-884b05ee7ffc has been successfully formatted.
2019-10-03 19:21:54,986 [pool-403-thread-1] INFO  storage.RaftStorage (RaftStorage.java:format(84)) - Storage directory /workdir/hadoop-ozone/integration-test/target/test-dir/MiniOzoneClusterImpl-1bf28b11-333b-477a-817b-2d1dec1d7f8a/datanode-2/data/ratis/d554a574-157c-4145-9185-884b05ee7ffc has been successfully formatted.
2019-10-03 19:21:54,986 [pool-393-thread-1] INFO  storage.RaftStorage (RaftStorage.java:format(84)) - Storage directory /workdir/hadoop-ozone/integration-test/target/test-dir/MiniOzoneClusterImpl-1bf28b11-333b-477a-817b-2d1dec1d7f8a/datanode-1/data/ratis/d554a574-157c-4145-9185-884b05ee7ffc has been successfully formatted.
2019-10-03 19:21:54,986 [pool-383-thread-1] INFO  ratis.ContainerStateMachine (ContainerStateMachine.java:loadSnapshot(230)) - group-884B05EE7FFC: The snapshot info is null. Setting the last applied indexto:(t:0, i:~)
2019-10-03 19:21:54,987 [pool-393-thread-1] INFO  ratis.ContainerStateMachine (ContainerStateMachine.java:loadSnapshot(230)) - group-884B05EE7FFC: The snapshot info is null. Setting the last applied indexto:(t:0, i:~)
2019-10-03 19:21:54,987 [pool-403-thread-1] INFO  ratis.ContainerStateMachine (ContainerStateMachine.java:loadSnapshot(230)) - group-884B05EE7FFC: The snapshot info is null. Setting the last applied indexto:(t:0, i:~)
2019-10-03 19:21:54,987 [pool-393-thread-1] INFO  server.RaftServerConfigKeys (ConfUtils.java:logGet(43)) - raft.server.notification.no-leader.timeout = 120s (custom)
2019-10-03 19:21:54,987 [pool-383-thread-1] INFO  server.RaftServerConfigKeys (ConfUtils.java:logGet(43)) - raft.server.notification.no-leader.timeout = 120s (custom)
2019-10-03 19:21:54,987 [pool-393-thread-1] INFO  server.RaftServerConfigKeys (ConfUtils.java:logGet(43)) - raft.server.log.use.memory = false (default)
2019-10-03 19:21:54,987 [pool-403-thread-1] INFO  server.RaftServerConfigKeys (ConfUtils.java:logGet(43)) - raft.server.notification.no-leader.timeout = 120s (custom)
2019-10-03 19:21:54,987 [pool-393-thread-1] INFO  server.RaftServerConfigKeys (ConfUtils.java:logGet(43)) - raft.server.log.purge.gap = 1000000 (custom)
2019-10-03 19:21:54,987 [pool-383-thread-1] INFO  server.RaftServerConfigKeys (ConfUtils.java:logGet(43)) - raft.server.log.use.memory = false (default)
2019-10-03 19:21:54,987 [pool-393-thread-1] INFO  server.RaftServerConfigKeys (ConfUtils.java:logGet(43)) - raft.server.log.appender.buffer.byte-limit = 33554432 (custom)
2019-10-03 19:21:54,987 [pool-403-thread-1] INFO  server.RaftServerConfigKeys (ConfUtils.java:logGet(43)) - raft.server.log.use.memory = false (default)
2019-10-03 19:21:54,987 [pool-393-thread-1] INFO  server.RaftServerConfigKeys (ConfUtils.java:logGet(43)) - raft.server.log.segment.size.max = 1048576 (custom)
2019-10-03 19:21:54,987 [pool-383-thread-1] INFO  server.RaftServerConfigKeys (ConfUtils.java:logGet(43)) - raft.server.log.purge.gap = 1000000 (custom)
2019-10-03 19:21:54,988 [pool-393-thread-1] INFO  server.RaftServerConfigKeys (ConfUtils.java:logGet(43)) - raft.server.log.segment.cache.num.max = 2 (custom)
2019-10-03 19:21:54,988 [pool-403-thread-1] INFO  server.RaftServerConfigKeys (ConfUtils.java:logGet(43)) - raft.server.log.purge.gap = 1000000 (custom)
2019-10-03 19:21:54,988 [pool-393-thread-1] INFO  segmented.SegmentedRaftLogWorker (SegmentedRaftLogWorker.java:<init>(173)) - new 59ff08a0-bd7f-4daf-b30f-9bb7fccd9658@group-884B05EE7FFC-SegmentedRaftLogWorker for RaftStorage:Storage Directory /workdir/hadoop-ozone/integration-test/target/test-dir/MiniOzoneClusterImpl-1bf28b11-333b-477a-817b-2d1dec1d7f8a/datanode-1/data/ratis/d554a574-157c-4145-9185-884b05ee7ffc
2019-10-03 19:21:54,988 [pool-383-thread-1] INFO  server.RaftServerConfigKeys (ConfUtils.java:logGet(43)) - raft.server.log.appender.buffer.byte-limit = 33554432 (custom)
2019-10-03 19:21:54,988 [pool-393-thread-1] INFO  server.RaftServerConfigKeys (ConfUtils.java:logGet(43)) - raft.server.log.queue.byte-limit = 2147483647 (custom)
2019-10-03 19:21:54,988 [pool-403-thread-1] INFO  server.RaftServerConfigKeys (ConfUtils.java:logGet(43)) - raft.server.log.appender.buffer.byte-limit = 33554432 (custom)
2019-10-03 19:21:54,988 [pool-393-thread-1] INFO  server.RaftServerConfigKeys (ConfUtils.java:logGet(43)) - raft.server.log.queue.element-limit = 1024 (custom)
2019-10-03 19:21:54,988 [pool-383-thread-1] INFO  server.RaftServerConfigKeys (ConfUtils.java:logGet(43)) - raft.server.log.segment.size.max = 1048576 (custom)
2019-10-03 19:21:54,988 [pool-393-thread-1] INFO  server.RaftServerConfigKeys (ConfUtils.java:logGet(43)) - raft.server.log.segment.size.max = 1048576 (custom)
2019-10-03 19:21:54,988 [pool-403-thread-1] INFO  server.RaftServerConfigKeys (ConfUtils.java:logGet(43)) - raft.server.log.segment.size.max = 1048576 (custom)
2019-10-03 19:21:54,989 [pool-393-thread-1] INFO  server.RaftServerConfigKeys (ConfUtils.java:logGet(43)) - raft.server.log.preallocated.size = 16384 (custom)
2019-10-03 19:21:54,989 [pool-383-thread-1] INFO  server.RaftServerConfigKeys (ConfUtils.java:logGet(43)) - raft.server.log.segment.cache.num.max = 2 (custom)
2019-10-03 19:21:54,989 [pool-393-thread-1] INFO  server.RaftServerConfigKeys (ConfUtils.java:logGet(43)) - raft.server.log.write.buffer.size = 33554432 (custom)
2019-10-03 19:21:54,989 [pool-403-thread-1] INFO  server.RaftServerConfigKeys (ConfUtils.java:logGet(43)) - raft.server.log.segment.cache.num.max = 2 (custom)
2019-10-03 19:21:54,989 [pool-393-thread-1] INFO  server.RaftServerConfigKeys (ConfUtils.java:logGet(43)) - raft.server.log.force.sync.num = 128 (default)
2019-10-03 19:21:54,989 [pool-383-thread-1] INFO  segmented.SegmentedRaftLogWorker (SegmentedRaftLogWorker.java:<init>(173)) - new 5593e91c-61bf-41ef-8e5d-4f9d2bd10ada@group-884B05EE7FFC-SegmentedRaftLogWorker for RaftStorage:Storage Directory /workdir/hadoop-ozone/integration-test/target/test-dir/MiniOzoneClusterImpl-1bf28b11-333b-477a-817b-2d1dec1d7f8a/datanode-0/data/ratis/d554a574-157c-4145-9185-884b05ee7ffc
2019-10-03 19:21:54,989 [pool-393-thread-1] INFO  server.RaftServerConfigKeys (ConfUtils.java:logGet(43)) - raft.server.log.statemachine.data.sync = true (default)
2019-10-03 19:21:54,989 [pool-403-thread-1] INFO  segmented.SegmentedRaftLogWorker (SegmentedRaftLogWorker.java:<init>(173)) - new 75676965-3590-498f-8463-e67f69dc5e1d@group-884B05EE7FFC-SegmentedRaftLogWorker for RaftStorage:Storage Directory /workdir/hadoop-ozone/integration-test/target/test-dir/MiniOzoneClusterImpl-1bf28b11-333b-477a-817b-2d1dec1d7f8a/datanode-2/data/ratis/d554a574-157c-4145-9185-884b05ee7ffc
2019-10-03 19:21:54,989 [pool-393-thread-1] INFO  server.RaftServerConfigKeys (ConfUtils.java:logGet(43)) - raft.server.log.statemachine.data.sync.timeout = 10s (default)
2019-10-03 19:21:54,989 [pool-383-thread-1] INFO  server.RaftServerConfigKeys (ConfUtils.java:logGet(43)) - raft.server.log.queue.byte-limit = 2147483647 (custom)
2019-10-03 19:21:54,990 [pool-393-thread-1] INFO  server.RaftServerConfigKeys (ConfUtils.java:logGet(43)) - raft.server.log.statemachine.data.sync.timeout.retry = -1 (default)
2019-10-03 19:21:54,990 [pool-403-thread-1] INFO  server.RaftServerConfigKeys (ConfUtils.java:logGet(43)) - raft.server.log.queue.byte-limit = 2147483647 (custom)
2019-10-03 19:21:54,990 [pool-393-thread-1] INFO  server.RaftServerConfigKeys (ConfUtils.java:logGet(43)) - raft.server.log.statemachine.data.caching.enabled = true (custom)
2019-10-03 19:21:54,990 [pool-383-thread-1] INFO  server.RaftServerConfigKeys (ConfUtils.java:logGet(43)) - raft.server.log.queue.element-limit = 1024 (custom)
2019-10-03 19:21:54,990 [pool-403-thread-1] INFO  server.RaftServerConfigKeys (ConfUtils.java:logGet(43)) - raft.server.log.queue.element-limit = 1024 (custom)
2019-10-03 19:21:54,990 [pool-393-thread-1] INFO  segmented.SegmentedRaftLogWorker (SegmentedRaftLogWorker.java:lambda$new$0(128)) - 59ff08a0-bd7f-4daf-b30f-9bb7fccd9658@group-884B05EE7FFC-SegmentedRaftLogWorker: flushIndex: setUnconditionally 0 -> -1
2019-10-03 19:21:54,990 [pool-383-thread-1] INFO  server.RaftServerConfigKeys (ConfUtils.java:logGet(43)) - raft.server.log.segment.size.max = 1048576 (custom)
2019-10-03 19:21:54,990 [pool-403-thread-1] INFO  server.RaftServerConfigKeys (ConfUtils.java:logGet(43)) - raft.server.log.segment.size.max = 1048576 (custom)
2019-10-03 19:21:54,990 [pool-393-thread-1] INFO  server.RaftServerConfigKeys (ConfUtils.java:logGet(43)) - raft.server.snapshot.auto.trigger.enabled = true (custom)
2019-10-03 19:21:54,990 [pool-383-thread-1] INFO  server.RaftServerConfigKeys (ConfUtils.java:logGet(43)) - raft.server.log.preallocated.size = 16384 (custom)
2019-10-03 19:21:54,991 [pool-393-thread-1] INFO  server.RaftServerConfigKeys (ConfUtils.java:logGet(43)) - raft.server.snapshot.auto.trigger.threshold = 10000 (custom)
2019-10-03 19:21:54,991 [pool-403-thread-1] INFO  server.RaftServerConfigKeys (ConfUtils.java:logGet(43)) - raft.server.log.preallocated.size = 16384 (custom)
2019-10-03 19:21:54,991 [pool-393-thread-1] INFO  server.RaftServerConfigKeys (ConfUtils.java:logGet(43)) - raft.server.snapshot.retention.file.num = 5 (custom)
2019-10-03 19:21:54,991 [pool-383-thread-1] INFO  server.RaftServerConfigKeys (ConfUtils.java:logGet(43)) - raft.server.log.write.buffer.size = 33554432 (custom)
2019-10-03 19:21:54,991 [pool-393-thread-1] INFO  server.RaftServerConfigKeys (ConfUtils.java:logGet(43)) - raft.server.retrycache.expirytime = 600000ms (custom)
2019-10-03 19:21:54,991 [pool-403-thread-1] INFO  server.RaftServerConfigKeys (ConfUtils.java:logGet(43)) - raft.server.log.write.buffer.size = 33554432 (custom)
2019-10-03 19:21:54,991 [pool-383-thread-1] INFO  server.RaftServerConfigKeys (ConfUtils.java:logGet(43)) - raft.server.log.force.sync.num = 128 (default)
2019-10-03 19:21:54,991 [pool-403-thread-1] INFO  server.RaftServerConfigKeys (ConfUtils.java:logGet(43)) - raft.server.log.force.sync.num = 128 (default)
2019-10-03 19:21:54,991 [pool-383-thread-1] INFO  server.RaftServerConfigKeys (ConfUtils.java:logGet(43)) - raft.server.log.statemachine.data.sync = true (default)
2019-10-03 19:21:54,991 [pool-403-thread-1] INFO  server.RaftServerConfigKeys (ConfUtils.java:logGet(43)) - raft.server.log.statemachine.data.sync = true (default)
2019-10-03 19:21:54,991 [pool-383-thread-1] INFO  server.RaftServerConfigKeys (ConfUtils.java:logGet(43)) - raft.server.log.statemachine.data.sync.timeout = 10s (default)
2019-10-03 19:21:54,991 [pool-403-thread-1] INFO  server.RaftServerConfigKeys (ConfUtils.java:logGet(43)) - raft.server.log.statemachine.data.sync.timeout = 10s (default)
2019-10-03 19:21:54,992 [pool-383-thread-1] INFO  server.RaftServerConfigKeys (ConfUtils.java:logGet(43)) - raft.server.log.statemachine.data.sync.timeout.retry = -1 (default)
2019-10-03 19:21:54,992 [pool-403-thread-1] INFO  server.RaftServerConfigKeys (ConfUtils.java:logGet(43)) - raft.server.log.statemachine.data.sync.timeout.retry = -1 (default)
2019-10-03 19:21:54,992 [pool-383-thread-1] INFO  server.RaftServerConfigKeys (ConfUtils.java:logGet(43)) - raft.server.log.statemachine.data.caching.enabled = true (custom)
2019-10-03 19:21:54,992 [pool-403-thread-1] INFO  server.RaftServerConfigKeys (ConfUtils.java:logGet(43)) - raft.server.log.statemachine.data.caching.enabled = true (custom)
2019-10-03 19:21:54,992 [pool-383-thread-1] INFO  segmented.SegmentedRaftLogWorker (SegmentedRaftLogWorker.java:lambda$new$0(128)) - 5593e91c-61bf-41ef-8e5d-4f9d2bd10ada@group-884B05EE7FFC-SegmentedRaftLogWorker: flushIndex: setUnconditionally 0 -> -1
2019-10-03 19:21:54,992 [pool-403-thread-1] INFO  segmented.SegmentedRaftLogWorker (SegmentedRaftLogWorker.java:lambda$new$0(128)) - 75676965-3590-498f-8463-e67f69dc5e1d@group-884B05EE7FFC-SegmentedRaftLogWorker: flushIndex: setUnconditionally 0 -> -1
2019-10-03 19:21:54,992 [pool-383-thread-1] INFO  server.RaftServerConfigKeys (ConfUtils.java:logGet(43)) - raft.server.snapshot.auto.trigger.enabled = true (custom)
2019-10-03 19:21:54,992 [pool-383-thread-1] INFO  server.RaftServerConfigKeys (ConfUtils.java:logGet(43)) - raft.server.snapshot.auto.trigger.threshold = 10000 (custom)
2019-10-03 19:21:54,992 [pool-403-thread-1] INFO  server.RaftServerConfigKeys (ConfUtils.java:logGet(43)) - raft.server.snapshot.auto.trigger.enabled = true (custom)
2019-10-03 19:21:54,992 [pool-383-thread-1] INFO  server.RaftServerConfigKeys (ConfUtils.java:logGet(43)) - raft.server.snapshot.retention.file.num = 5 (custom)
2019-10-03 19:21:54,992 [pool-403-thread-1] INFO  server.RaftServerConfigKeys (ConfUtils.java:logGet(43)) - raft.server.snapshot.auto.trigger.threshold = 10000 (custom)
2019-10-03 19:21:54,993 [pool-393-thread-1] INFO  impl.RaftServerImpl (RaftServerImpl.java:start(181)) - 59ff08a0-bd7f-4daf-b30f-9bb7fccd9658@group-884B05EE7FFC: start as a follower, conf=-1: [59ff08a0-bd7f-4daf-b30f-9bb7fccd9658:192.168.151.100:35798, 75676965-3590-498f-8463-e67f69dc5e1d:192.168.151.100:46299, 5593e91c-61bf-41ef-8e5d-4f9d2bd10ada:192.168.151.100:37661], old=null
2019-10-03 19:21:54,992 [pool-383-thread-1] INFO  server.RaftServerConfigKeys (ConfUtils.java:logGet(43)) - raft.server.retrycache.expirytime = 600000ms (custom)
2019-10-03 19:21:54,993 [pool-393-thread-1] INFO  impl.RaftServerImpl (RaftServerImpl.java:setRole(170)) - 59ff08a0-bd7f-4daf-b30f-9bb7fccd9658@group-884B05EE7FFC: changes role from      null to FOLLOWER at term 0 for startAsFollower
2019-10-03 19:21:54,993 [pool-403-thread-1] INFO  server.RaftServerConfigKeys (ConfUtils.java:logGet(43)) - raft.server.snapshot.retention.file.num = 5 (custom)
2019-10-03 19:21:54,993 [pool-393-thread-1] INFO  impl.RoleInfo (RoleInfo.java:updateAndGet(143)) - 59ff08a0-bd7f-4daf-b30f-9bb7fccd9658: start FollowerState
2019-10-03 19:21:54,993 [pool-403-thread-1] INFO  server.RaftServerConfigKeys (ConfUtils.java:logGet(43)) - raft.server.retrycache.expirytime = 600000ms (custom)
2019-10-03 19:21:54,993 [pool-393-thread-1] INFO  util.JmxRegister (JmxRegister.java:tryRegister(44)) - Successfully registered JMX Bean with object name Ratis:service=RaftServer,group=group-884B05EE7FFC,id=59ff08a0-bd7f-4daf-b30f-9bb7fccd9658
2019-10-03 19:21:54,995 [pool-383-thread-1] INFO  impl.RaftServerImpl (RaftServerImpl.java:start(181)) - 5593e91c-61bf-41ef-8e5d-4f9d2bd10ada@group-884B05EE7FFC: start as a follower, conf=-1: [59ff08a0-bd7f-4daf-b30f-9bb7fccd9658:192.168.151.100:35798, 75676965-3590-498f-8463-e67f69dc5e1d:192.168.151.100:46299, 5593e91c-61bf-41ef-8e5d-4f9d2bd10ada:192.168.151.100:37661], old=null
2019-10-03 19:21:54,995 [pool-383-thread-1] INFO  impl.RaftServerImpl (RaftServerImpl.java:setRole(170)) - 5593e91c-61bf-41ef-8e5d-4f9d2bd10ada@group-884B05EE7FFC: changes role from      null to FOLLOWER at term 0 for startAsFollower
2019-10-03 19:21:54,996 [pool-383-thread-1] INFO  impl.RoleInfo (RoleInfo.java:updateAndGet(143)) - 5593e91c-61bf-41ef-8e5d-4f9d2bd10ada: start FollowerState
2019-10-03 19:21:54,996 [pool-383-thread-1] INFO  util.JmxRegister (JmxRegister.java:tryRegister(44)) - Successfully registered JMX Bean with object name Ratis:service=RaftServer,group=group-884B05EE7FFC,id=5593e91c-61bf-41ef-8e5d-4f9d2bd10ada
2019-10-03 19:21:54,996 [pool-403-thread-1] INFO  impl.RaftServerImpl (RaftServerImpl.java:start(181)) - 75676965-3590-498f-8463-e67f69dc5e1d@group-884B05EE7FFC: start as a follower, conf=-1: [59ff08a0-bd7f-4daf-b30f-9bb7fccd9658:192.168.151.100:35798, 75676965-3590-498f-8463-e67f69dc5e1d:192.168.151.100:46299, 5593e91c-61bf-41ef-8e5d-4f9d2bd10ada:192.168.151.100:37661], old=null
2019-10-03 19:21:54,996 [pool-403-thread-1] INFO  impl.RaftServerImpl (RaftServerImpl.java:setRole(170)) - 75676965-3590-498f-8463-e67f69dc5e1d@group-884B05EE7FFC: changes role from      null to FOLLOWER at term 0 for startAsFollower
2019-10-03 19:21:54,996 [pool-403-thread-1] INFO  impl.RoleInfo (RoleInfo.java:updateAndGet(143)) - 75676965-3590-498f-8463-e67f69dc5e1d: start FollowerState
2019-10-03 19:21:54,996 [pool-403-thread-1] INFO  util.JmxRegister (JmxRegister.java:tryRegister(44)) - Successfully registered JMX Bean with object name Ratis:service=RaftServer,group=group-884B05EE7FFC,id=75676965-3590-498f-8463-e67f69dc5e1d
2019-10-03 19:21:55,000 [RatisPipelineUtilsThread] INFO  pipeline.PipelineStateManager (PipelineStateManager.java:addPipeline(56)) - Created pipeline Pipeline[ Id: d554a574-157c-4145-9185-884b05ee7ffc, Nodes: 75676965-3590-498f-8463-e67f69dc5e1d{ip: 192.168.151.100, host: pr-hdds-1720-trunk-7c7p5-3943417498, networkLocation: /default-rack, certSerialId: null}59ff08a0-bd7f-4daf-b30f-9bb7fccd9658{ip: 192.168.151.100, host: pr-hdds-1720-trunk-7c7p5-3943417498, networkLocation: /default-rack, certSerialId: null}5593e91c-61bf-41ef-8e5d-4f9d2bd10ada{ip: 192.168.151.100, host: pr-hdds-1720-trunk-7c7p5-3943417498, networkLocation: /default-rack, certSerialId: null}, Type:RATIS, Factor:THREE, State:OPEN]
2019-10-03 19:21:55,045 [IPC Server handler 1 on 33100] INFO  net.NetworkTopology (NetworkTopologyImpl.java:add(111)) - Added a new node: /default-rack/1062fd84-5ab7-43d7-bc06-1148bb86b928
2019-10-03 19:21:55,045 [IPC Server handler 1 on 33100] INFO  node.SCMNodeManager (SCMNodeManager.java:register(266)) - Registered Data node : 1062fd84-5ab7-43d7-bc06-1148bb86b928{ip: 192.168.151.100, host: pr-hdds-1720-trunk-7c7p5-3943417498, networkLocation: /default-rack, certSerialId: null}
2019-10-03 19:21:55,053 [grpc-default-executor-0] INFO  impl.RaftServerProxy (RaftServerProxy.java:addNew(89)) - 1062fd84-5ab7-43d7-bc06-1148bb86b928: addNew group-A35E2F78CB98:[1062fd84-5ab7-43d7-bc06-1148bb86b928:192.168.151.100:42941] returns group-A35E2F78CB98:java.util.concurrent.CompletableFuture@49e850a8[Not completed]
2019-10-03 19:21:55,055 [pool-423-thread-1] INFO  impl.RaftServerImpl (RaftServerImpl.java:<init>(95)) - 1062fd84-5ab7-43d7-bc06-1148bb86b928: new RaftServerImpl for group-A35E2F78CB98:[1062fd84-5ab7-43d7-bc06-1148bb86b928:192.168.151.100:42941] with ContainerStateMachine:uninitialized
2019-10-03 19:21:55,056 [pool-423-thread-1] INFO  server.RaftServerConfigKeys (ConfUtils.java:logGet(43)) - raft.server.rpc.timeout.min = 5s (custom)
2019-10-03 19:21:55,056 [pool-423-thread-1] INFO  server.RaftServerConfigKeys (ConfUtils.java:logGet(43)) - raft.server.rpc.timeout.max = 5200ms (custom)
2019-10-03 19:21:55,056 [pool-423-thread-1] INFO  server.RaftServerConfigKeys (ConfUtils.java:logGet(43)) - raft.server.rpcslowness.timeout = 120s (custom)
2019-10-03 19:21:55,056 [pool-423-thread-1] INFO  server.RaftServerConfigKeys (ConfUtils.java:logGet(43)) - raft.server.sleep.deviation.threshold = 300 (default)
2019-10-03 19:21:55,056 [pool-423-thread-1] INFO  server.RaftServerConfigKeys (ConfUtils.java:logGet(43)) - raft.server.log.appender.install.snapshot.enabled = false (custom)
2019-10-03 19:21:55,056 [pool-423-thread-1] INFO  impl.RaftServerImpl (ServerState.java:<init>(103)) - 1062fd84-5ab7-43d7-bc06-1148bb86b928@group-A35E2F78CB98: ConfigurationManager, init=-1: [1062fd84-5ab7-43d7-bc06-1148bb86b928:192.168.151.100:42941], old=null, confs=<EMPTY_MAP>
2019-10-03 19:21:55,056 [pool-423-thread-1] INFO  server.RaftServerConfigKeys (ConfUtils.java:logGet(43)) - raft.server.storage.dir = [/workdir/hadoop-ozone/integration-test/target/test-dir/MiniOzoneClusterImpl-1bf28b11-333b-477a-817b-2d1dec1d7f8a/datanode-4/data/ratis] (custom)
2019-10-03 19:21:55,056 [pool-423-thread-1] INFO  server.RaftServerConfigKeys (ConfUtils.java:logGet(43)) - raft.server.log.corruption.policy = EXCEPTION (default)
2019-10-03 19:21:55,056 [pool-423-thread-1] INFO  storage.RaftStorageDirectory (RaftStorageDirectory.java:analyzeStorage(246)) - The storage directory /workdir/hadoop-ozone/integration-test/target/test-dir/MiniOzoneClusterImpl-1bf28b11-333b-477a-817b-2d1dec1d7f8a/datanode-4/data/ratis/e0a86c03-4fb1-4310-9cbb-a35e2f78cb98 does not exist. Creating ...
2019-10-03 19:21:55,069 [pool-423-thread-1] INFO  storage.RaftStorageDirectory (RaftStorageDirectory.java:tryLock(328)) - Lock on /workdir/hadoop-ozone/integration-test/target/test-dir/MiniOzoneClusterImpl-1bf28b11-333b-477a-817b-2d1dec1d7f8a/datanode-4/data/ratis/e0a86c03-4fb1-4310-9cbb-a35e2f78cb98/in_use.lock acquired by nodename 15573@pr-hdds-1720-trunk-7c7p5-3943417498
2019-10-03 19:21:55,097 [pool-423-thread-1] INFO  storage.RaftStorage (RaftStorage.java:format(84)) - Storage directory /workdir/hadoop-ozone/integration-test/target/test-dir/MiniOzoneClusterImpl-1bf28b11-333b-477a-817b-2d1dec1d7f8a/datanode-4/data/ratis/e0a86c03-4fb1-4310-9cbb-a35e2f78cb98 has been successfully formatted.
2019-10-03 19:21:55,098 [pool-423-thread-1] INFO  ratis.ContainerStateMachine (ContainerStateMachine.java:loadSnapshot(230)) - group-A35E2F78CB98: The snapshot info is null. Setting the last applied indexto:(t:0, i:~)
2019-10-03 19:21:55,098 [pool-423-thread-1] INFO  server.RaftServerConfigKeys (ConfUtils.java:logGet(43)) - raft.server.notification.no-leader.timeout = 120s (custom)
2019-10-03 19:21:55,098 [pool-423-thread-1] INFO  server.RaftServerConfigKeys (ConfUtils.java:logGet(43)) - raft.server.log.use.memory = false (default)
2019-10-03 19:21:55,098 [pool-423-thread-1] INFO  server.RaftServerConfigKeys (ConfUtils.java:logGet(43)) - raft.server.log.purge.gap = 1000000 (custom)
2019-10-03 19:21:55,098 [pool-423-thread-1] INFO  server.RaftServerConfigKeys (ConfUtils.java:logGet(43)) - raft.server.log.appender.buffer.byte-limit = 33554432 (custom)
2019-10-03 19:21:55,099 [pool-423-thread-1] INFO  server.RaftServerConfigKeys (ConfUtils.java:logGet(43)) - raft.server.log.segment.size.max = 1048576 (custom)
2019-10-03 19:21:55,100 [pool-423-thread-1] INFO  server.RaftServerConfigKeys (ConfUtils.java:logGet(43)) - raft.server.log.segment.cache.num.max = 2 (custom)
2019-10-03 19:21:55,100 [pool-423-thread-1] INFO  segmented.SegmentedRaftLogWorker (SegmentedRaftLogWorker.java:<init>(173)) - new 1062fd84-5ab7-43d7-bc06-1148bb86b928@group-A35E2F78CB98-SegmentedRaftLogWorker for RaftStorage:Storage Directory /workdir/hadoop-ozone/integration-test/target/test-dir/MiniOzoneClusterImpl-1bf28b11-333b-477a-817b-2d1dec1d7f8a/datanode-4/data/ratis/e0a86c03-4fb1-4310-9cbb-a35e2f78cb98
2019-10-03 19:21:55,100 [pool-423-thread-1] INFO  server.RaftServerConfigKeys (ConfUtils.java:logGet(43)) - raft.server.log.queue.byte-limit = 2147483647 (custom)
2019-10-03 19:21:55,100 [pool-423-thread-1] INFO  server.RaftServerConfigKeys (ConfUtils.java:logGet(43)) - raft.server.log.queue.element-limit = 1024 (custom)
2019-10-03 19:21:55,100 [pool-423-thread-1] INFO  server.RaftServerConfigKeys (ConfUtils.java:logGet(43)) - raft.server.log.segment.size.max = 1048576 (custom)
2019-10-03 19:21:55,100 [pool-423-thread-1] INFO  server.RaftServerConfigKeys (ConfUtils.java:logGet(43)) - raft.server.log.preallocated.size = 16384 (custom)
2019-10-03 19:21:55,101 [pool-423-thread-1] INFO  server.RaftServerConfigKeys (ConfUtils.java:logGet(43)) - raft.server.log.write.buffer.size = 33554432 (custom)
2019-10-03 19:21:55,101 [pool-423-thread-1] INFO  server.RaftServerConfigKeys (ConfUtils.java:logGet(43)) - raft.server.log.force.sync.num = 128 (default)
2019-10-03 19:21:55,101 [pool-423-thread-1] INFO  server.RaftServerConfigKeys (ConfUtils.java:logGet(43)) - raft.server.log.statemachine.data.sync = true (default)
2019-10-03 19:21:55,101 [pool-423-thread-1] INFO  server.RaftServerConfigKeys (ConfUtils.java:logGet(43)) - raft.server.log.statemachine.data.sync.timeout = 10s (default)
2019-10-03 19:21:55,101 [pool-423-thread-1] INFO  server.RaftServerConfigKeys (ConfUtils.java:logGet(43)) - raft.server.log.statemachine.data.sync.timeout.retry = -1 (default)
2019-10-03 19:21:55,101 [pool-423-thread-1] INFO  server.RaftServerConfigKeys (ConfUtils.java:logGet(43)) - raft.server.log.statemachine.data.caching.enabled = true (custom)
2019-10-03 19:21:55,102 [pool-423-thread-1] INFO  segmented.SegmentedRaftLogWorker (SegmentedRaftLogWorker.java:lambda$new$0(128)) - 1062fd84-5ab7-43d7-bc06-1148bb86b928@group-A35E2F78CB98-SegmentedRaftLogWorker: flushIndex: setUnconditionally 0 -> -1
2019-10-03 19:21:55,102 [pool-423-thread-1] INFO  server.RaftServerConfigKeys (ConfUtils.java:logGet(43)) - raft.server.snapshot.auto.trigger.enabled = true (custom)
2019-10-03 19:21:55,102 [pool-423-thread-1] INFO  server.RaftServerConfigKeys (ConfUtils.java:logGet(43)) - raft.server.snapshot.auto.trigger.threshold = 10000 (custom)
2019-10-03 19:21:55,102 [pool-423-thread-1] INFO  server.RaftServerConfigKeys (ConfUtils.java:logGet(43)) - raft.server.snapshot.retention.file.num = 5 (custom)
2019-10-03 19:21:55,102 [pool-423-thread-1] INFO  server.RaftServerConfigKeys (ConfUtils.java:logGet(43)) - raft.server.retrycache.expirytime = 600000ms (custom)
2019-10-03 19:21:55,103 [pool-423-thread-1] INFO  impl.RaftServerImpl (RaftServerImpl.java:start(181)) - 1062fd84-5ab7-43d7-bc06-1148bb86b928@group-A35E2F78CB98: start as a follower, conf=-1: [1062fd84-5ab7-43d7-bc06-1148bb86b928:192.168.151.100:42941], old=null
2019-10-03 19:21:55,103 [pool-423-thread-1] INFO  impl.RaftServerImpl (RaftServerImpl.java:setRole(170)) - 1062fd84-5ab7-43d7-bc06-1148bb86b928@group-A35E2F78CB98: changes role from      null to FOLLOWER at term 0 for startAsFollower
2019-10-03 19:21:55,103 [pool-423-thread-1] INFO  impl.RoleInfo (RoleInfo.java:updateAndGet(143)) - 1062fd84-5ab7-43d7-bc06-1148bb86b928: start FollowerState
2019-10-03 19:21:55,104 [pool-423-thread-1] INFO  util.JmxRegister (JmxRegister.java:tryRegister(44)) - Successfully registered JMX Bean with object name Ratis:service=RaftServer,group=group-A35E2F78CB98,id=1062fd84-5ab7-43d7-bc06-1148bb86b928
2019-10-03 19:21:55,107 [RatisPipelineUtilsThread] INFO  pipeline.PipelineStateManager (PipelineStateManager.java:addPipeline(56)) - Created pipeline Pipeline[ Id: e0a86c03-4fb1-4310-9cbb-a35e2f78cb98, Nodes: 1062fd84-5ab7-43d7-bc06-1148bb86b928{ip: 192.168.151.100, host: pr-hdds-1720-trunk-7c7p5-3943417498, networkLocation: /default-rack, certSerialId: null}, Type:RATIS, Factor:ONE, State:OPEN]
2019-10-03 19:21:55,112 [grpc-default-executor-0] INFO  impl.RaftServerProxy (RaftServerProxy.java:addNew(89)) - 75750c1b-f5c7-4719-820b-2313078df079: addNew group-4E9010F16AF1:[75750c1b-f5c7-4719-820b-2313078df079:192.168.151.100:41474] returns group-4E9010F16AF1:java.util.concurrent.CompletableFuture@1f539984[Not completed]
2019-10-03 19:21:55,113 [pool-413-thread-1] INFO  impl.RaftServerImpl (RaftServerImpl.java:<init>(95)) - 75750c1b-f5c7-4719-820b-2313078df079: new RaftServerImpl for group-4E9010F16AF1:[75750c1b-f5c7-4719-820b-2313078df079:192.168.151.100:41474] with ContainerStateMachine:uninitialized
2019-10-03 19:21:55,113 [pool-413-thread-1] INFO  server.RaftServerConfigKeys (ConfUtils.java:logGet(43)) - raft.server.rpc.timeout.min = 5s (custom)
2019-10-03 19:21:55,113 [pool-413-thread-1] INFO  server.RaftServerConfigKeys (ConfUtils.java:logGet(43)) - raft.server.rpc.timeout.max = 5200ms (custom)
2019-10-03 19:21:55,113 [pool-413-thread-1] INFO  server.RaftServerConfigKeys (ConfUtils.java:logGet(43)) - raft.server.rpcslowness.timeout = 120s (custom)
2019-10-03 19:21:55,113 [pool-413-thread-1] INFO  server.RaftServerConfigKeys (ConfUtils.java:logGet(43)) - raft.server.sleep.deviation.threshold = 300 (default)
2019-10-03 19:21:55,113 [pool-413-thread-1] INFO  server.RaftServerConfigKeys (ConfUtils.java:logGet(43)) - raft.server.log.appender.install.snapshot.enabled = false (custom)
2019-10-03 19:21:55,113 [pool-413-thread-1] INFO  impl.RaftServerImpl (ServerState.java:<init>(103)) - 75750c1b-f5c7-4719-820b-2313078df079@group-4E9010F16AF1: ConfigurationManager, init=-1: [75750c1b-f5c7-4719-820b-2313078df079:192.168.151.100:41474], old=null, confs=<EMPTY_MAP>
2019-10-03 19:21:55,113 [pool-413-thread-1] INFO  server.RaftServerConfigKeys (ConfUtils.java:logGet(43)) - raft.server.storage.dir = [/workdir/hadoop-ozone/integration-test/target/test-dir/MiniOzoneClusterImpl-1bf28b11-333b-477a-817b-2d1dec1d7f8a/datanode-3/data/ratis] (custom)
2019-10-03 19:21:55,113 [pool-413-thread-1] INFO  server.RaftServerConfigKeys (ConfUtils.java:logGet(43)) - raft.server.log.corruption.policy = EXCEPTION (default)
2019-10-03 19:21:55,114 [pool-413-thread-1] INFO  storage.RaftStorageDirectory (RaftStorageDirectory.java:analyzeStorage(246)) - The storage directory /workdir/hadoop-ozone/integration-test/target/test-dir/MiniOzoneClusterImpl-1bf28b11-333b-477a-817b-2d1dec1d7f8a/datanode-3/data/ratis/4209a89c-7e0a-493d-9214-4e9010f16af1 does not exist. Creating ...
2019-10-03 19:21:55,126 [pool-413-thread-1] INFO  storage.RaftStorageDirectory (RaftStorageDirectory.java:tryLock(328)) - Lock on /workdir/hadoop-ozone/integration-test/target/test-dir/MiniOzoneClusterImpl-1bf28b11-333b-477a-817b-2d1dec1d7f8a/datanode-3/data/ratis/4209a89c-7e0a-493d-9214-4e9010f16af1/in_use.lock acquired by nodename 15573@pr-hdds-1720-trunk-7c7p5-3943417498
2019-10-03 19:21:55,129 [IPC Server handler 2 on 33100] INFO  net.NetworkTopology (NetworkTopologyImpl.java:add(111)) - Added a new node: /default-rack/eda534a7-7b74-4e57-b64c-9648af1c04af
2019-10-03 19:21:55,129 [IPC Server handler 2 on 33100] INFO  node.SCMNodeManager (SCMNodeManager.java:register(266)) - Registered Data node : eda534a7-7b74-4e57-b64c-9648af1c04af{ip: 192.168.151.100, host: pr-hdds-1720-trunk-7c7p5-3943417498, networkLocation: /default-rack, certSerialId: null}
2019-10-03 19:21:55,147 [pool-413-thread-1] INFO  storage.RaftStorage (RaftStorage.java:format(84)) - Storage directory /workdir/hadoop-ozone/integration-test/target/test-dir/MiniOzoneClusterImpl-1bf28b11-333b-477a-817b-2d1dec1d7f8a/datanode-3/data/ratis/4209a89c-7e0a-493d-9214-4e9010f16af1 has been successfully formatted.
2019-10-03 19:21:55,147 [pool-413-thread-1] INFO  ratis.ContainerStateMachine (ContainerStateMachine.java:loadSnapshot(230)) - group-4E9010F16AF1: The snapshot info is null. Setting the last applied indexto:(t:0, i:~)
2019-10-03 19:21:55,147 [pool-413-thread-1] INFO  server.RaftServerConfigKeys (ConfUtils.java:logGet(43)) - raft.server.notification.no-leader.timeout = 120s (custom)
2019-10-03 19:21:55,147 [pool-413-thread-1] INFO  server.RaftServerConfigKeys (ConfUtils.java:logGet(43)) - raft.server.log.use.memory = false (default)
2019-10-03 19:21:55,148 [pool-413-thread-1] INFO  server.RaftServerConfigKeys (ConfUtils.java:logGet(43)) - raft.server.log.purge.gap = 1000000 (custom)
2019-10-03 19:21:55,148 [pool-413-thread-1] INFO  server.RaftServerConfigKeys (ConfUtils.java:logGet(43)) - raft.server.log.appender.buffer.byte-limit = 33554432 (custom)
2019-10-03 19:21:55,148 [pool-413-thread-1] INFO  server.RaftServerConfigKeys (ConfUtils.java:logGet(43)) - raft.server.log.segment.size.max = 1048576 (custom)
2019-10-03 19:21:55,149 [pool-413-thread-1] INFO  server.RaftServerConfigKeys (ConfUtils.java:logGet(43)) - raft.server.log.segment.cache.num.max = 2 (custom)
2019-10-03 19:21:55,149 [pool-413-thread-1] INFO  segmented.SegmentedRaftLogWorker (SegmentedRaftLogWorker.java:<init>(173)) - new 75750c1b-f5c7-4719-820b-2313078df079@group-4E9010F16AF1-SegmentedRaftLogWorker for RaftStorage:Storage Directory /workdir/hadoop-ozone/integration-test/target/test-dir/MiniOzoneClusterImpl-1bf28b11-333b-477a-817b-2d1dec1d7f8a/datanode-3/data/ratis/4209a89c-7e0a-493d-9214-4e9010f16af1
2019-10-03 19:21:55,149 [pool-413-thread-1] INFO  server.RaftServerConfigKeys (ConfUtils.java:logGet(43)) - raft.server.log.queue.byte-limit = 2147483647 (custom)
2019-10-03 19:21:55,149 [pool-413-thread-1] INFO  server.RaftServerConfigKeys (ConfUtils.java:logGet(43)) - raft.server.log.queue.element-limit = 1024 (custom)
2019-10-03 19:21:55,150 [pool-413-thread-1] INFO  server.RaftServerConfigKeys (ConfUtils.java:logGet(43)) - raft.server.log.segment.size.max = 1048576 (custom)
2019-10-03 19:21:55,150 [pool-413-thread-1] INFO  server.RaftServerConfigKeys (ConfUtils.java:logGet(43)) - raft.server.log.preallocated.size = 16384 (custom)
2019-10-03 19:21:55,150 [pool-413-thread-1] INFO  server.RaftServerConfigKeys (ConfUtils.java:logGet(43)) - raft.server.log.write.buffer.size = 33554432 (custom)
2019-10-03 19:21:55,150 [pool-413-thread-1] INFO  server.RaftServerConfigKeys (ConfUtils.java:logGet(43)) - raft.server.log.force.sync.num = 128 (default)
2019-10-03 19:21:55,150 [pool-413-thread-1] INFO  server.RaftServerConfigKeys (ConfUtils.java:logGet(43)) - raft.server.log.statemachine.data.sync = true (default)
2019-10-03 19:21:55,150 [pool-413-thread-1] INFO  server.RaftServerConfigKeys (ConfUtils.java:logGet(43)) - raft.server.log.statemachine.data.sync.timeout = 10s (default)
2019-10-03 19:21:55,150 [pool-413-thread-1] INFO  server.RaftServerConfigKeys (ConfUtils.java:logGet(43)) - raft.server.log.statemachine.data.sync.timeout.retry = -1 (default)
2019-10-03 19:21:55,150 [pool-413-thread-1] INFO  server.RaftServerConfigKeys (ConfUtils.java:logGet(43)) - raft.server.log.statemachine.data.caching.enabled = true (custom)
2019-10-03 19:21:55,151 [pool-413-thread-1] INFO  segmented.SegmentedRaftLogWorker (SegmentedRaftLogWorker.java:lambda$new$0(128)) - 75750c1b-f5c7-4719-820b-2313078df079@group-4E9010F16AF1-SegmentedRaftLogWorker: flushIndex: setUnconditionally 0 -> -1
2019-10-03 19:21:55,151 [pool-413-thread-1] INFO  server.RaftServerConfigKeys (ConfUtils.java:logGet(43)) - raft.server.snapshot.auto.trigger.enabled = true (custom)
2019-10-03 19:21:55,151 [pool-413-thread-1] INFO  server.RaftServerConfigKeys (ConfUtils.java:logGet(43)) - raft.server.snapshot.auto.trigger.threshold = 10000 (custom)
2019-10-03 19:21:55,151 [pool-413-thread-1] INFO  server.RaftServerConfigKeys (ConfUtils.java:logGet(43)) - raft.server.snapshot.retention.file.num = 5 (custom)
2019-10-03 19:21:55,151 [pool-413-thread-1] INFO  server.RaftServerConfigKeys (ConfUtils.java:logGet(43)) - raft.server.retrycache.expirytime = 600000ms (custom)
2019-10-03 19:21:55,152 [pool-413-thread-1] INFO  impl.RaftServerImpl (RaftServerImpl.java:start(181)) - 75750c1b-f5c7-4719-820b-2313078df079@group-4E9010F16AF1: start as a follower, conf=-1: [75750c1b-f5c7-4719-820b-2313078df079:192.168.151.100:41474], old=null
2019-10-03 19:21:55,152 [pool-413-thread-1] INFO  impl.RaftServerImpl (RaftServerImpl.java:setRole(170)) - 75750c1b-f5c7-4719-820b-2313078df079@group-4E9010F16AF1: changes role from      null to FOLLOWER at term 0 for startAsFollower
2019-10-03 19:21:55,152 [pool-413-thread-1] INFO  impl.RoleInfo (RoleInfo.java:updateAndGet(143)) - 75750c1b-f5c7-4719-820b-2313078df079: start FollowerState
2019-10-03 19:21:55,153 [pool-413-thread-1] INFO  util.JmxRegister (JmxRegister.java:tryRegister(44)) - Successfully registered JMX Bean with object name Ratis:service=RaftServer,group=group-4E9010F16AF1,id=75750c1b-f5c7-4719-820b-2313078df079
2019-10-03 19:21:55,155 [RatisPipelineUtilsThread] INFO  pipeline.PipelineStateManager (PipelineStateManager.java:addPipeline(56)) - Created pipeline Pipeline[ Id: 4209a89c-7e0a-493d-9214-4e9010f16af1, Nodes: 75750c1b-f5c7-4719-820b-2313078df079{ip: 192.168.151.100, host: pr-hdds-1720-trunk-7c7p5-3943417498, networkLocation: /default-rack, certSerialId: null}, Type:RATIS, Factor:ONE, State:OPEN]
2019-10-03 19:21:55,161 [grpc-default-executor-0] INFO  impl.RaftServerProxy (RaftServerProxy.java:addNew(89)) - eda534a7-7b74-4e57-b64c-9648af1c04af: addNew group-FFB27D222916:[eda534a7-7b74-4e57-b64c-9648af1c04af:192.168.151.100:35801] returns group-FFB27D222916:java.util.concurrent.CompletableFuture@4d617577[Not completed]
2019-10-03 19:21:55,162 [pool-433-thread-1] INFO  impl.RaftServerImpl (RaftServerImpl.java:<init>(95)) - eda534a7-7b74-4e57-b64c-9648af1c04af: new RaftServerImpl for group-FFB27D222916:[eda534a7-7b74-4e57-b64c-9648af1c04af:192.168.151.100:35801] with ContainerStateMachine:uninitialized
2019-10-03 19:21:55,162 [pool-433-thread-1] INFO  server.RaftServerConfigKeys (ConfUtils.java:logGet(43)) - raft.server.rpc.timeout.min = 5s (custom)
2019-10-03 19:21:55,162 [pool-433-thread-1] INFO  server.RaftServerConfigKeys (ConfUtils.java:logGet(43)) - raft.server.rpc.timeout.max = 5200ms (custom)
2019-10-03 19:21:55,162 [pool-433-thread-1] INFO  server.RaftServerConfigKeys (ConfUtils.java:logGet(43)) - raft.server.rpcslowness.timeout = 120s (custom)
2019-10-03 19:21:55,162 [pool-433-thread-1] INFO  server.RaftServerConfigKeys (ConfUtils.java:logGet(43)) - raft.server.sleep.deviation.threshold = 300 (default)
2019-10-03 19:21:55,163 [pool-433-thread-1] INFO  server.RaftServerConfigKeys (ConfUtils.java:logGet(43)) - raft.server.log.appender.install.snapshot.enabled = false (custom)
2019-10-03 19:21:55,163 [pool-433-thread-1] INFO  impl.RaftServerImpl (ServerState.java:<init>(103)) - eda534a7-7b74-4e57-b64c-9648af1c04af@group-FFB27D222916: ConfigurationManager, init=-1: [eda534a7-7b74-4e57-b64c-9648af1c04af:192.168.151.100:35801], old=null, confs=<EMPTY_MAP>
2019-10-03 19:21:55,163 [pool-433-thread-1] INFO  server.RaftServerConfigKeys (ConfUtils.java:logGet(43)) - raft.server.storage.dir = [/workdir/hadoop-ozone/integration-test/target/test-dir/MiniOzoneClusterImpl-1bf28b11-333b-477a-817b-2d1dec1d7f8a/datanode-5/data/ratis] (custom)
2019-10-03 19:21:55,163 [pool-433-thread-1] INFO  server.RaftServerConfigKeys (ConfUtils.java:logGet(43)) - raft.server.log.corruption.policy = EXCEPTION (default)
2019-10-03 19:21:55,163 [pool-433-thread-1] INFO  storage.RaftStorageDirectory (RaftStorageDirectory.java:analyzeStorage(246)) - The storage directory /workdir/hadoop-ozone/integration-test/target/test-dir/MiniOzoneClusterImpl-1bf28b11-333b-477a-817b-2d1dec1d7f8a/datanode-5/data/ratis/ab34baa5-4721-45a0-b4af-ffb27d222916 does not exist. Creating ...
2019-10-03 19:21:55,175 [pool-433-thread-1] INFO  storage.RaftStorageDirectory (RaftStorageDirectory.java:tryLock(328)) - Lock on /workdir/hadoop-ozone/integration-test/target/test-dir/MiniOzoneClusterImpl-1bf28b11-333b-477a-817b-2d1dec1d7f8a/datanode-5/data/ratis/ab34baa5-4721-45a0-b4af-ffb27d222916/in_use.lock acquired by nodename 15573@pr-hdds-1720-trunk-7c7p5-3943417498
2019-10-03 19:21:55,188 [pool-433-thread-1] INFO  storage.RaftStorage (RaftStorage.java:format(84)) - Storage directory /workdir/hadoop-ozone/integration-test/target/test-dir/MiniOzoneClusterImpl-1bf28b11-333b-477a-817b-2d1dec1d7f8a/datanode-5/data/ratis/ab34baa5-4721-45a0-b4af-ffb27d222916 has been successfully formatted.
2019-10-03 19:21:55,188 [pool-433-thread-1] INFO  ratis.ContainerStateMachine (ContainerStateMachine.java:loadSnapshot(230)) - group-FFB27D222916: The snapshot info is null. Setting the last applied indexto:(t:0, i:~)
2019-10-03 19:21:55,188 [pool-433-thread-1] INFO  server.RaftServerConfigKeys (ConfUtils.java:logGet(43)) - raft.server.notification.no-leader.timeout = 120s (custom)
2019-10-03 19:21:55,188 [pool-433-thread-1] INFO  server.RaftServerConfigKeys (ConfUtils.java:logGet(43)) - raft.server.log.use.memory = false (default)
2019-10-03 19:21:55,188 [pool-433-thread-1] INFO  server.RaftServerConfigKeys (ConfUtils.java:logGet(43)) - raft.server.log.purge.gap = 1000000 (custom)
2019-10-03 19:21:55,188 [pool-433-thread-1] INFO  server.RaftServerConfigKeys (ConfUtils.java:logGet(43)) - raft.server.log.appender.buffer.byte-limit = 33554432 (custom)
2019-10-03 19:21:55,188 [pool-433-thread-1] INFO  server.RaftServerConfigKeys (ConfUtils.java:logGet(43)) - raft.server.log.segment.size.max = 1048576 (custom)
2019-10-03 19:21:55,189 [pool-433-thread-1] INFO  server.RaftServerConfigKeys (ConfUtils.java:logGet(43)) - raft.server.log.segment.cache.num.max = 2 (custom)
2019-10-03 19:21:55,189 [pool-433-thread-1] INFO  segmented.SegmentedRaftLogWorker (SegmentedRaftLogWorker.java:<init>(173)) - new eda534a7-7b74-4e57-b64c-9648af1c04af@group-FFB27D222916-SegmentedRaftLogWorker for RaftStorage:Storage Directory /workdir/hadoop-ozone/integration-test/target/test-dir/MiniOzoneClusterImpl-1bf28b11-333b-477a-817b-2d1dec1d7f8a/datanode-5/data/ratis/ab34baa5-4721-45a0-b4af-ffb27d222916
2019-10-03 19:21:55,189 [pool-433-thread-1] INFO  server.RaftServerConfigKeys (ConfUtils.java:logGet(43)) - raft.server.log.queue.byte-limit = 2147483647 (custom)
2019-10-03 19:21:55,190 [pool-433-thread-1] INFO  server.RaftServerConfigKeys (ConfUtils.java:logGet(43)) - raft.server.log.queue.element-limit = 1024 (custom)
2019-10-03 19:21:55,190 [pool-433-thread-1] INFO  server.RaftServerConfigKeys (ConfUtils.java:logGet(43)) - raft.server.log.segment.size.max = 1048576 (custom)
2019-10-03 19:21:55,190 [pool-433-thread-1] INFO  server.RaftServerConfigKeys (ConfUtils.java:logGet(43)) - raft.server.log.preallocated.size = 16384 (custom)
2019-10-03 19:21:55,190 [pool-433-thread-1] INFO  server.RaftServerConfigKeys (ConfUtils.java:logGet(43)) - raft.server.log.write.buffer.size = 33554432 (custom)
2019-10-03 19:21:55,190 [pool-433-thread-1] INFO  server.RaftServerConfigKeys (ConfUtils.java:logGet(43)) - raft.server.log.force.sync.num = 128 (default)
2019-10-03 19:21:55,190 [pool-433-thread-1] INFO  server.RaftServerConfigKeys (ConfUtils.java:logGet(43)) - raft.server.log.statemachine.data.sync = true (default)
2019-10-03 19:21:55,190 [pool-433-thread-1] INFO  server.RaftServerConfigKeys (ConfUtils.java:logGet(43)) - raft.server.log.statemachine.data.sync.timeout = 10s (default)
2019-10-03 19:21:55,190 [pool-433-thread-1] INFO  server.RaftServerConfigKeys (ConfUtils.java:logGet(43)) - raft.server.log.statemachine.data.sync.timeout.retry = -1 (default)
2019-10-03 19:21:55,190 [pool-433-thread-1] INFO  server.RaftServerConfigKeys (ConfUtils.java:logGet(43)) - raft.server.log.statemachine.data.caching.enabled = true (custom)
2019-10-03 19:21:55,190 [pool-433-thread-1] INFO  segmented.SegmentedRaftLogWorker (SegmentedRaftLogWorker.java:lambda$new$0(128)) - eda534a7-7b74-4e57-b64c-9648af1c04af@group-FFB27D222916-SegmentedRaftLogWorker: flushIndex: setUnconditionally 0 -> -1
2019-10-03 19:21:55,191 [pool-433-thread-1] INFO  server.RaftServerConfigKeys (ConfUtils.java:logGet(43)) - raft.server.snapshot.auto.trigger.enabled = true (custom)
2019-10-03 19:21:55,191 [pool-433-thread-1] INFO  server.RaftServerConfigKeys (ConfUtils.java:logGet(43)) - raft.server.snapshot.auto.trigger.threshold = 10000 (custom)
2019-10-03 19:21:55,191 [pool-433-thread-1] INFO  server.RaftServerConfigKeys (ConfUtils.java:logGet(43)) - raft.server.snapshot.retention.file.num = 5 (custom)
2019-10-03 19:21:55,191 [pool-433-thread-1] INFO  server.RaftServerConfigKeys (ConfUtils.java:logGet(43)) - raft.server.retrycache.expirytime = 600000ms (custom)
2019-10-03 19:21:55,192 [pool-433-thread-1] INFO  impl.RaftServerImpl (RaftServerImpl.java:start(181)) - eda534a7-7b74-4e57-b64c-9648af1c04af@group-FFB27D222916: start as a follower, conf=-1: [eda534a7-7b74-4e57-b64c-9648af1c04af:192.168.151.100:35801], old=null
2019-10-03 19:21:55,192 [pool-433-thread-1] INFO  impl.RaftServerImpl (RaftServerImpl.java:setRole(170)) - eda534a7-7b74-4e57-b64c-9648af1c04af@group-FFB27D222916: changes role from      null to FOLLOWER at term 0 for startAsFollower
2019-10-03 19:21:55,192 [pool-433-thread-1] INFO  impl.RoleInfo (RoleInfo.java:updateAndGet(143)) - eda534a7-7b74-4e57-b64c-9648af1c04af: start FollowerState
2019-10-03 19:21:55,192 [pool-433-thread-1] INFO  util.JmxRegister (JmxRegister.java:tryRegister(44)) - Successfully registered JMX Bean with object name Ratis:service=RaftServer,group=group-FFB27D222916,id=eda534a7-7b74-4e57-b64c-9648af1c04af
2019-10-03 19:21:55,196 [RatisPipelineUtilsThread] INFO  pipeline.PipelineStateManager (PipelineStateManager.java:addPipeline(56)) - Created pipeline Pipeline[ Id: ab34baa5-4721-45a0-b4af-ffb27d222916, Nodes: eda534a7-7b74-4e57-b64c-9648af1c04af{ip: 192.168.151.100, host: pr-hdds-1720-trunk-7c7p5-3943417498, networkLocation: /default-rack, certSerialId: null}, Type:RATIS, Factor:ONE, State:OPEN]
2019-10-03 19:21:55,208 [main] INFO  ozone.MiniOzoneClusterImpl (MiniOzoneClusterImpl.java:lambda$waitForClusterToBeReady$0(147)) - Waiting for cluster to be ready. Got 6 of 7 DN Heartbeats.
2019-10-03 19:21:55,209 [IPC Server handler 4 on 33100] INFO  net.NetworkTopology (NetworkTopologyImpl.java:add(111)) - Added a new node: /default-rack/b076f60a-cca6-47f1-ac3b-2d4e55c09764
2019-10-03 19:21:55,211 [IPC Server handler 4 on 33100] INFO  node.SCMNodeManager (SCMNodeManager.java:register(266)) - Registered Data node : b076f60a-cca6-47f1-ac3b-2d4e55c09764{ip: 192.168.151.100, host: pr-hdds-1720-trunk-7c7p5-3943417498, networkLocation: /default-rack, certSerialId: null}
2019-10-03 19:21:55,217 [grpc-default-executor-10] INFO  impl.RaftServerProxy (RaftServerProxy.java:addNew(89)) - 1062fd84-5ab7-43d7-bc06-1148bb86b928: addNew group-C325817DD6E1:[eda534a7-7b74-4e57-b64c-9648af1c04af:192.168.151.100:35801, 1062fd84-5ab7-43d7-bc06-1148bb86b928:192.168.151.100:42941, 75750c1b-f5c7-4719-820b-2313078df079:192.168.151.100:41474] returns group-C325817DD6E1:java.util.concurrent.CompletableFuture@612d91aa[Not completed]
2019-10-03 19:21:55,217 [grpc-default-executor-0] INFO  impl.RaftServerProxy (RaftServerProxy.java:addNew(89)) - 75750c1b-f5c7-4719-820b-2313078df079: addNew group-C325817DD6E1:[eda534a7-7b74-4e57-b64c-9648af1c04af:192.168.151.100:35801, 1062fd84-5ab7-43d7-bc06-1148bb86b928:192.168.151.100:42941, 75750c1b-f5c7-4719-820b-2313078df079:192.168.151.100:41474] returns group-C325817DD6E1:java.util.concurrent.CompletableFuture@75cd1fa8[Not completed]
2019-10-03 19:21:55,217 [grpc-default-executor-11] INFO  impl.RaftServerProxy (RaftServerProxy.java:addNew(89)) - eda534a7-7b74-4e57-b64c-9648af1c04af: addNew group-C325817DD6E1:[eda534a7-7b74-4e57-b64c-9648af1c04af:192.168.151.100:35801, 1062fd84-5ab7-43d7-bc06-1148bb86b928:192.168.151.100:42941, 75750c1b-f5c7-4719-820b-2313078df079:192.168.151.100:41474] returns group-C325817DD6E1:java.util.concurrent.CompletableFuture@641e6b97[Not completed]
2019-10-03 19:21:55,218 [pool-423-thread-1] INFO  impl.RaftServerImpl (RaftServerImpl.java:<init>(95)) - 1062fd84-5ab7-43d7-bc06-1148bb86b928: new RaftServerImpl for group-C325817DD6E1:[eda534a7-7b74-4e57-b64c-9648af1c04af:192.168.151.100:35801, 1062fd84-5ab7-43d7-bc06-1148bb86b928:192.168.151.100:42941, 75750c1b-f5c7-4719-820b-2313078df079:192.168.151.100:41474] with ContainerStateMachine:uninitialized
2019-10-03 19:21:55,218 [pool-423-thread-1] INFO  server.RaftServerConfigKeys (ConfUtils.java:logGet(43)) - raft.server.rpc.timeout.min = 5s (custom)
2019-10-03 19:21:55,218 [pool-433-thread-1] INFO  impl.RaftServerImpl (RaftServerImpl.java:<init>(95)) - eda534a7-7b74-4e57-b64c-9648af1c04af: new RaftServerImpl for group-C325817DD6E1:[eda534a7-7b74-4e57-b64c-9648af1c04af:192.168.151.100:35801, 1062fd84-5ab7-43d7-bc06-1148bb86b928:192.168.151.100:42941, 75750c1b-f5c7-4719-820b-2313078df079:192.168.151.100:41474] with ContainerStateMachine:uninitialized
2019-10-03 19:21:55,218 [pool-423-thread-1] INFO  server.RaftServerConfigKeys (ConfUtils.java:logGet(43)) - raft.server.rpc.timeout.max = 5200ms (custom)
2019-10-03 19:21:55,218 [pool-413-thread-1] INFO  impl.RaftServerImpl (RaftServerImpl.java:<init>(95)) - 75750c1b-f5c7-4719-820b-2313078df079: new RaftServerImpl for group-C325817DD6E1:[eda534a7-7b74-4e57-b64c-9648af1c04af:192.168.151.100:35801, 1062fd84-5ab7-43d7-bc06-1148bb86b928:192.168.151.100:42941, 75750c1b-f5c7-4719-820b-2313078df079:192.168.151.100:41474] with ContainerStateMachine:uninitialized
2019-10-03 19:21:55,218 [pool-433-thread-1] INFO  server.RaftServerConfigKeys (ConfUtils.java:logGet(43)) - raft.server.rpc.timeout.min = 5s (custom)
2019-10-03 19:21:55,218 [pool-413-thread-1] INFO  server.RaftServerConfigKeys (ConfUtils.java:logGet(43)) - raft.server.rpc.timeout.min = 5s (custom)
2019-10-03 19:21:55,218 [pool-423-thread-1] INFO  server.RaftServerConfigKeys (ConfUtils.java:logGet(43)) - raft.server.rpcslowness.timeout = 120s (custom)
2019-10-03 19:21:55,219 [pool-413-thread-1] INFO  server.RaftServerConfigKeys (ConfUtils.java:logGet(43)) - raft.server.rpc.timeout.max = 5200ms (custom)
2019-10-03 19:21:55,219 [pool-433-thread-1] INFO  server.RaftServerConfigKeys (ConfUtils.java:logGet(43)) - raft.server.rpc.timeout.max = 5200ms (custom)
2019-10-03 19:21:55,219 [pool-413-thread-1] INFO  server.RaftServerConfigKeys (ConfUtils.java:logGet(43)) - raft.server.rpcslowness.timeout = 120s (custom)
2019-10-03 19:21:55,219 [pool-423-thread-1] INFO  server.RaftServerConfigKeys (ConfUtils.java:logGet(43)) - raft.server.sleep.deviation.threshold = 300 (default)
2019-10-03 19:21:55,219 [pool-413-thread-1] INFO  server.RaftServerConfigKeys (ConfUtils.java:logGet(43)) - raft.server.sleep.deviation.threshold = 300 (default)
2019-10-03 19:21:55,219 [pool-433-thread-1] INFO  server.RaftServerConfigKeys (ConfUtils.java:logGet(43)) - raft.server.rpcslowness.timeout = 120s (custom)
2019-10-03 19:21:55,219 [pool-413-thread-1] INFO  server.RaftServerConfigKeys (ConfUtils.java:logGet(43)) - raft.server.log.appender.install.snapshot.enabled = false (custom)
2019-10-03 19:21:55,219 [pool-423-thread-1] INFO  server.RaftServerConfigKeys (ConfUtils.java:logGet(43)) - raft.server.log.appender.install.snapshot.enabled = false (custom)
2019-10-03 19:21:55,219 [pool-413-thread-1] INFO  impl.RaftServerImpl (ServerState.java:<init>(103)) - 75750c1b-f5c7-4719-820b-2313078df079@group-C325817DD6E1: ConfigurationManager, init=-1: [eda534a7-7b74-4e57-b64c-9648af1c04af:192.168.151.100:35801, 1062fd84-5ab7-43d7-bc06-1148bb86b928:192.168.151.100:42941, 75750c1b-f5c7-4719-820b-2313078df079:192.168.151.100:41474], old=null, confs=<EMPTY_MAP>
2019-10-03 19:21:55,219 [pool-433-thread-1] INFO  server.RaftServerConfigKeys (ConfUtils.java:logGet(43)) - raft.server.sleep.deviation.threshold = 300 (default)
2019-10-03 19:21:55,220 [pool-413-thread-1] INFO  server.RaftServerConfigKeys (ConfUtils.java:logGet(43)) - raft.server.storage.dir = [/workdir/hadoop-ozone/integration-test/target/test-dir/MiniOzoneClusterImpl-1bf28b11-333b-477a-817b-2d1dec1d7f8a/datanode-3/data/ratis] (custom)
2019-10-03 19:21:55,220 [pool-423-thread-1] INFO  impl.RaftServerImpl (ServerState.java:<init>(103)) - 1062fd84-5ab7-43d7-bc06-1148bb86b928@group-C325817DD6E1: ConfigurationManager, init=-1: [eda534a7-7b74-4e57-b64c-9648af1c04af:192.168.151.100:35801, 1062fd84-5ab7-43d7-bc06-1148bb86b928:192.168.151.100:42941, 75750c1b-f5c7-4719-820b-2313078df079:192.168.151.100:41474], old=null, confs=<EMPTY_MAP>
2019-10-03 19:21:55,220 [pool-433-thread-1] INFO  server.RaftServerConfigKeys (ConfUtils.java:logGet(43)) - raft.server.log.appender.install.snapshot.enabled = false (custom)
2019-10-03 19:21:55,220 [pool-423-thread-1] INFO  server.RaftServerConfigKeys (ConfUtils.java:logGet(43)) - raft.server.storage.dir = [/workdir/hadoop-ozone/integration-test/target/test-dir/MiniOzoneClusterImpl-1bf28b11-333b-477a-817b-2d1dec1d7f8a/datanode-4/data/ratis] (custom)
2019-10-03 19:21:55,220 [pool-433-thread-1] INFO  impl.RaftServerImpl (ServerState.java:<init>(103)) - eda534a7-7b74-4e57-b64c-9648af1c04af@group-C325817DD6E1: ConfigurationManager, init=-1: [eda534a7-7b74-4e57-b64c-9648af1c04af:192.168.151.100:35801, 1062fd84-5ab7-43d7-bc06-1148bb86b928:192.168.151.100:42941, 75750c1b-f5c7-4719-820b-2313078df079:192.168.151.100:41474], old=null, confs=<EMPTY_MAP>
2019-10-03 19:21:55,220 [pool-413-thread-1] INFO  server.RaftServerConfigKeys (ConfUtils.java:logGet(43)) - raft.server.log.corruption.policy = EXCEPTION (default)
2019-10-03 19:21:55,220 [pool-433-thread-1] INFO  server.RaftServerConfigKeys (ConfUtils.java:logGet(43)) - raft.server.storage.dir = [/workdir/hadoop-ozone/integration-test/target/test-dir/MiniOzoneClusterImpl-1bf28b11-333b-477a-817b-2d1dec1d7f8a/datanode-5/data/ratis] (custom)
2019-10-03 19:21:55,220 [pool-423-thread-1] INFO  server.RaftServerConfigKeys (ConfUtils.java:logGet(43)) - raft.server.log.corruption.policy = EXCEPTION (default)
2019-10-03 19:21:55,220 [pool-413-thread-1] INFO  storage.RaftStorageDirectory (RaftStorageDirectory.java:analyzeStorage(246)) - The storage directory /workdir/hadoop-ozone/integration-test/target/test-dir/MiniOzoneClusterImpl-1bf28b11-333b-477a-817b-2d1dec1d7f8a/datanode-3/data/ratis/5c22cb24-4129-4662-b22a-c325817dd6e1 does not exist. Creating ...
2019-10-03 19:21:55,220 [pool-423-thread-1] INFO  storage.RaftStorageDirectory (RaftStorageDirectory.java:analyzeStorage(246)) - The storage directory /workdir/hadoop-ozone/integration-test/target/test-dir/MiniOzoneClusterImpl-1bf28b11-333b-477a-817b-2d1dec1d7f8a/datanode-4/data/ratis/5c22cb24-4129-4662-b22a-c325817dd6e1 does not exist. Creating ...
2019-10-03 19:21:55,220 [pool-433-thread-1] INFO  server.RaftServerConfigKeys (ConfUtils.java:logGet(43)) - raft.server.log.corruption.policy = EXCEPTION (default)
2019-10-03 19:21:55,221 [pool-433-thread-1] INFO  storage.RaftStorageDirectory (RaftStorageDirectory.java:analyzeStorage(246)) - The storage directory /workdir/hadoop-ozone/integration-test/target/test-dir/MiniOzoneClusterImpl-1bf28b11-333b-477a-817b-2d1dec1d7f8a/datanode-5/data/ratis/5c22cb24-4129-4662-b22a-c325817dd6e1 does not exist. Creating ...
2019-10-03 19:21:55,234 [pool-413-thread-1] INFO  storage.RaftStorageDirectory (RaftStorageDirectory.java:tryLock(328)) - Lock on /workdir/hadoop-ozone/integration-test/target/test-dir/MiniOzoneClusterImpl-1bf28b11-333b-477a-817b-2d1dec1d7f8a/datanode-3/data/ratis/5c22cb24-4129-4662-b22a-c325817dd6e1/in_use.lock acquired by nodename 15573@pr-hdds-1720-trunk-7c7p5-3943417498
2019-10-03 19:21:55,234 [pool-433-thread-1] INFO  storage.RaftStorageDirectory (RaftStorageDirectory.java:tryLock(328)) - Lock on /workdir/hadoop-ozone/integration-test/target/test-dir/MiniOzoneClusterImpl-1bf28b11-333b-477a-817b-2d1dec1d7f8a/datanode-5/data/ratis/5c22cb24-4129-4662-b22a-c325817dd6e1/in_use.lock acquired by nodename 15573@pr-hdds-1720-trunk-7c7p5-3943417498
2019-10-03 19:21:55,234 [pool-423-thread-1] INFO  storage.RaftStorageDirectory (RaftStorageDirectory.java:tryLock(328)) - Lock on /workdir/hadoop-ozone/integration-test/target/test-dir/MiniOzoneClusterImpl-1bf28b11-333b-477a-817b-2d1dec1d7f8a/datanode-4/data/ratis/5c22cb24-4129-4662-b22a-c325817dd6e1/in_use.lock acquired by nodename 15573@pr-hdds-1720-trunk-7c7p5-3943417498
2019-10-03 19:21:55,259 [pool-433-thread-1] INFO  storage.RaftStorage (RaftStorage.java:format(84)) - Storage directory /workdir/hadoop-ozone/integration-test/target/test-dir/MiniOzoneClusterImpl-1bf28b11-333b-477a-817b-2d1dec1d7f8a/datanode-5/data/ratis/5c22cb24-4129-4662-b22a-c325817dd6e1 has been successfully formatted.
2019-10-03 19:21:55,259 [pool-413-thread-1] INFO  storage.RaftStorage (RaftStorage.java:format(84)) - Storage directory /workdir/hadoop-ozone/integration-test/target/test-dir/MiniOzoneClusterImpl-1bf28b11-333b-477a-817b-2d1dec1d7f8a/datanode-3/data/ratis/5c22cb24-4129-4662-b22a-c325817dd6e1 has been successfully formatted.
2019-10-03 19:21:55,259 [pool-423-thread-1] INFO  storage.RaftStorage (RaftStorage.java:format(84)) - Storage directory /workdir/hadoop-ozone/integration-test/target/test-dir/MiniOzoneClusterImpl-1bf28b11-333b-477a-817b-2d1dec1d7f8a/datanode-4/data/ratis/5c22cb24-4129-4662-b22a-c325817dd6e1 has been successfully formatted.
2019-10-03 19:21:55,259 [pool-433-thread-1] INFO  ratis.ContainerStateMachine (ContainerStateMachine.java:loadSnapshot(230)) - group-C325817DD6E1: The snapshot info is null. Setting the last applied indexto:(t:0, i:~)
2019-10-03 19:21:55,259 [pool-423-thread-1] INFO  ratis.ContainerStateMachine (ContainerStateMachine.java:loadSnapshot(230)) - group-C325817DD6E1: The snapshot info is null. Setting the last applied indexto:(t:0, i:~)
2019-10-03 19:21:55,259 [pool-413-thread-1] INFO  ratis.ContainerStateMachine (ContainerStateMachine.java:loadSnapshot(230)) - group-C325817DD6E1: The snapshot info is null. Setting the last applied indexto:(t:0, i:~)
2019-10-03 19:21:55,260 [pool-423-thread-1] INFO  server.RaftServerConfigKeys (ConfUtils.java:logGet(43)) - raft.server.notification.no-leader.timeout = 120s (custom)
2019-10-03 19:21:55,259 [pool-433-thread-1] INFO  server.RaftServerConfigKeys (ConfUtils.java:logGet(43)) - raft.server.notification.no-leader.timeout = 120s (custom)
2019-10-03 19:21:55,260 [pool-423-thread-1] INFO  server.RaftServerConfigKeys (ConfUtils.java:logGet(43)) - raft.server.log.use.memory = false (default)
2019-10-03 19:21:55,260 [pool-413-thread-1] INFO  server.RaftServerConfigKeys (ConfUtils.java:logGet(43)) - raft.server.notification.no-leader.timeout = 120s (custom)
2019-10-03 19:21:55,260 [pool-423-thread-1] INFO  server.RaftServerConfigKeys (ConfUtils.java:logGet(43)) - raft.server.log.purge.gap = 1000000 (custom)
2019-10-03 19:21:55,260 [pool-433-thread-1] INFO  server.RaftServerConfigKeys (ConfUtils.java:logGet(43)) - raft.server.log.use.memory = false (default)
2019-10-03 19:21:55,260 [pool-423-thread-1] INFO  server.RaftServerConfigKeys (ConfUtils.java:logGet(43)) - raft.server.log.appender.buffer.byte-limit = 33554432 (custom)
2019-10-03 19:21:55,260 [pool-413-thread-1] INFO  server.RaftServerConfigKeys (ConfUtils.java:logGet(43)) - raft.server.log.use.memory = false (default)
2019-10-03 19:21:55,260 [pool-423-thread-1] INFO  server.RaftServerConfigKeys (ConfUtils.java:logGet(43)) - raft.server.log.segment.size.max = 1048576 (custom)
2019-10-03 19:21:55,260 [pool-433-thread-1] INFO  server.RaftServerConfigKeys (ConfUtils.java:logGet(43)) - raft.server.log.purge.gap = 1000000 (custom)
2019-10-03 19:21:55,261 [pool-423-thread-1] INFO  server.RaftServerConfigKeys (ConfUtils.java:logGet(43)) - raft.server.log.segment.cache.num.max = 2 (custom)
2019-10-03 19:21:55,260 [pool-413-thread-1] INFO  server.RaftServerConfigKeys (ConfUtils.java:logGet(43)) - raft.server.log.purge.gap = 1000000 (custom)
2019-10-03 19:21:55,261 [pool-423-thread-1] INFO  segmented.SegmentedRaftLogWorker (SegmentedRaftLogWorker.java:<init>(173)) - new 1062fd84-5ab7-43d7-bc06-1148bb86b928@group-C325817DD6E1-SegmentedRaftLogWorker for RaftStorage:Storage Directory /workdir/hadoop-ozone/integration-test/target/test-dir/MiniOzoneClusterImpl-1bf28b11-333b-477a-817b-2d1dec1d7f8a/datanode-4/data/ratis/5c22cb24-4129-4662-b22a-c325817dd6e1
2019-10-03 19:21:55,261 [pool-433-thread-1] INFO  server.RaftServerConfigKeys (ConfUtils.java:logGet(43)) - raft.server.log.appender.buffer.byte-limit = 33554432 (custom)
2019-10-03 19:21:55,261 [pool-423-thread-1] INFO  server.RaftServerConfigKeys (ConfUtils.java:logGet(43)) - raft.server.log.queue.byte-limit = 2147483647 (custom)
2019-10-03 19:21:55,261 [pool-413-thread-1] INFO  server.RaftServerConfigKeys (ConfUtils.java:logGet(43)) - raft.server.log.appender.buffer.byte-limit = 33554432 (custom)
2019-10-03 19:21:55,261 [pool-423-thread-1] INFO  server.RaftServerConfigKeys (ConfUtils.java:logGet(43)) - raft.server.log.queue.element-limit = 1024 (custom)
2019-10-03 19:21:55,261 [pool-433-thread-1] INFO  server.RaftServerConfigKeys (ConfUtils.java:logGet(43)) - raft.server.log.segment.size.max = 1048576 (custom)
2019-10-03 19:21:55,261 [pool-423-thread-1] INFO  server.RaftServerConfigKeys (ConfUtils.java:logGet(43)) - raft.server.log.segment.size.max = 1048576 (custom)
2019-10-03 19:21:55,261 [pool-413-thread-1] INFO  server.RaftServerConfigKeys (ConfUtils.java:logGet(43)) - raft.server.log.segment.size.max = 1048576 (custom)
2019-10-03 19:21:55,261 [pool-423-thread-1] INFO  server.RaftServerConfigKeys (ConfUtils.java:logGet(43)) - raft.server.log.preallocated.size = 16384 (custom)
2019-10-03 19:21:55,261 [pool-433-thread-1] INFO  server.RaftServerConfigKeys (ConfUtils.java:logGet(43)) - raft.server.log.segment.cache.num.max = 2 (custom)
2019-10-03 19:21:55,262 [pool-423-thread-1] INFO  server.RaftServerConfigKeys (ConfUtils.java:logGet(43)) - raft.server.log.write.buffer.size = 33554432 (custom)
2019-10-03 19:21:55,262 [pool-413-thread-1] INFO  server.RaftServerConfigKeys (ConfUtils.java:logGet(43)) - raft.server.log.segment.cache.num.max = 2 (custom)
2019-10-03 19:21:55,262 [pool-423-thread-1] INFO  server.RaftServerConfigKeys (ConfUtils.java:logGet(43)) - raft.server.log.force.sync.num = 128 (default)
2019-10-03 19:21:55,262 [pool-433-thread-1] INFO  segmented.SegmentedRaftLogWorker (SegmentedRaftLogWorker.java:<init>(173)) - new eda534a7-7b74-4e57-b64c-9648af1c04af@group-C325817DD6E1-SegmentedRaftLogWorker for RaftStorage:Storage Directory /workdir/hadoop-ozone/integration-test/target/test-dir/MiniOzoneClusterImpl-1bf28b11-333b-477a-817b-2d1dec1d7f8a/datanode-5/data/ratis/5c22cb24-4129-4662-b22a-c325817dd6e1
2019-10-03 19:21:55,262 [pool-423-thread-1] INFO  server.RaftServerConfigKeys (ConfUtils.java:logGet(43)) - raft.server.log.statemachine.data.sync = true (default)
2019-10-03 19:21:55,262 [pool-413-thread-1] INFO  segmented.SegmentedRaftLogWorker (SegmentedRaftLogWorker.java:<init>(173)) - new 75750c1b-f5c7-4719-820b-2313078df079@group-C325817DD6E1-SegmentedRaftLogWorker for RaftStorage:Storage Directory /workdir/hadoop-ozone/integration-test/target/test-dir/MiniOzoneClusterImpl-1bf28b11-333b-477a-817b-2d1dec1d7f8a/datanode-3/data/ratis/5c22cb24-4129-4662-b22a-c325817dd6e1
2019-10-03 19:21:55,262 [pool-423-thread-1] INFO  server.RaftServerConfigKeys (ConfUtils.java:logGet(43)) - raft.server.log.statemachine.data.sync.timeout = 10s (default)
2019-10-03 19:21:55,262 [pool-433-thread-1] INFO  server.RaftServerConfigKeys (ConfUtils.java:logGet(43)) - raft.server.log.queue.byte-limit = 2147483647 (custom)
2019-10-03 19:21:55,262 [pool-423-thread-1] INFO  server.RaftServerConfigKeys (ConfUtils.java:logGet(43)) - raft.server.log.statemachine.data.sync.timeout.retry = -1 (default)
2019-10-03 19:21:55,262 [pool-413-thread-1] INFO  server.RaftServerConfigKeys (ConfUtils.java:logGet(43)) - raft.server.log.queue.byte-limit = 2147483647 (custom)
2019-10-03 19:21:55,263 [pool-423-thread-1] INFO  server.RaftServerConfigKeys (ConfUtils.java:logGet(43)) - raft.server.log.statemachine.data.caching.enabled = true (custom)
2019-10-03 19:21:55,263 [pool-433-thread-1] INFO  server.RaftServerConfigKeys (ConfUtils.java:logGet(43)) - raft.server.log.queue.element-limit = 1024 (custom)
2019-10-03 19:21:55,263 [pool-413-thread-1] INFO  server.RaftServerConfigKeys (ConfUtils.java:logGet(43)) - raft.server.log.queue.element-limit = 1024 (custom)
2019-10-03 19:21:55,263 [pool-423-thread-1] INFO  segmented.SegmentedRaftLogWorker (SegmentedRaftLogWorker.java:lambda$new$0(128)) - 1062fd84-5ab7-43d7-bc06-1148bb86b928@group-C325817DD6E1-SegmentedRaftLogWorker: flushIndex: setUnconditionally 0 -> -1
2019-10-03 19:21:55,263 [pool-433-thread-1] INFO  server.RaftServerConfigKeys (ConfUtils.java:logGet(43)) - raft.server.log.segment.size.max = 1048576 (custom)
2019-10-03 19:21:55,263 [pool-413-thread-1] INFO  server.RaftServerConfigKeys (ConfUtils.java:logGet(43)) - raft.server.log.segment.size.max = 1048576 (custom)
2019-10-03 19:21:55,263 [pool-423-thread-1] INFO  server.RaftServerConfigKeys (ConfUtils.java:logGet(43)) - raft.server.snapshot.auto.trigger.enabled = true (custom)
2019-10-03 19:21:55,263 [pool-433-thread-1] INFO  server.RaftServerConfigKeys (ConfUtils.java:logGet(43)) - raft.server.log.preallocated.size = 16384 (custom)
2019-10-03 19:21:55,264 [pool-423-thread-1] INFO  server.RaftServerConfigKeys (ConfUtils.java:logGet(43)) - raft.server.snapshot.auto.trigger.threshold = 10000 (custom)
2019-10-03 19:21:55,263 [pool-413-thread-1] INFO  server.RaftServerConfigKeys (ConfUtils.java:logGet(43)) - raft.server.log.preallocated.size = 16384 (custom)
2019-10-03 19:21:55,264 [pool-423-thread-1] INFO  server.RaftServerConfigKeys (ConfUtils.java:logGet(43)) - raft.server.snapshot.retention.file.num = 5 (custom)
2019-10-03 19:21:55,264 [pool-433-thread-1] INFO  server.RaftServerConfigKeys (ConfUtils.java:logGet(43)) - raft.server.log.write.buffer.size = 33554432 (custom)
2019-10-03 19:21:55,264 [pool-423-thread-1] INFO  server.RaftServerConfigKeys (ConfUtils.java:logGet(43)) - raft.server.retrycache.expirytime = 600000ms (custom)
2019-10-03 19:21:55,264 [pool-413-thread-1] INFO  server.RaftServerConfigKeys (ConfUtils.java:logGet(43)) - raft.server.log.write.buffer.size = 33554432 (custom)
2019-10-03 19:21:55,264 [pool-433-thread-1] INFO  server.RaftServerConfigKeys (ConfUtils.java:logGet(43)) - raft.server.log.force.sync.num = 128 (default)
2019-10-03 19:21:55,264 [pool-413-thread-1] INFO  server.RaftServerConfigKeys (ConfUtils.java:logGet(43)) - raft.server.log.force.sync.num = 128 (default)
2019-10-03 19:21:55,264 [pool-433-thread-1] INFO  server.RaftServerConfigKeys (ConfUtils.java:logGet(43)) - raft.server.log.statemachine.data.sync = true (default)
2019-10-03 19:21:55,264 [pool-413-thread-1] INFO  server.RaftServerConfigKeys (ConfUtils.java:logGet(43)) - raft.server.log.statemachine.data.sync = true (default)
2019-10-03 19:21:55,265 [pool-433-thread-1] INFO  server.RaftServerConfigKeys (ConfUtils.java:logGet(43)) - raft.server.log.statemachine.data.sync.timeout = 10s (default)
2019-10-03 19:21:55,265 [pool-433-thread-1] INFO  server.RaftServerConfigKeys (ConfUtils.java:logGet(43)) - raft.server.log.statemachine.data.sync.timeout.retry = -1 (default)
2019-10-03 19:21:55,265 [pool-413-thread-1] INFO  server.RaftServerConfigKeys (ConfUtils.java:logGet(43)) - raft.server.log.statemachine.data.sync.timeout = 10s (default)
2019-10-03 19:21:55,265 [pool-433-thread-1] INFO  server.RaftServerConfigKeys (ConfUtils.java:logGet(43)) - raft.server.log.statemachine.data.caching.enabled = true (custom)
2019-10-03 19:21:55,265 [pool-413-thread-1] INFO  server.RaftServerConfigKeys (ConfUtils.java:logGet(43)) - raft.server.log.statemachine.data.sync.timeout.retry = -1 (default)
2019-10-03 19:21:55,265 [pool-423-thread-1] INFO  impl.RaftServerImpl (RaftServerImpl.java:start(181)) - 1062fd84-5ab7-43d7-bc06-1148bb86b928@group-C325817DD6E1: start as a follower, conf=-1: [eda534a7-7b74-4e57-b64c-9648af1c04af:192.168.151.100:35801, 1062fd84-5ab7-43d7-bc06-1148bb86b928:192.168.151.100:42941, 75750c1b-f5c7-4719-820b-2313078df079:192.168.151.100:41474], old=null
2019-10-03 19:21:55,265 [pool-433-thread-1] INFO  segmented.SegmentedRaftLogWorker (SegmentedRaftLogWorker.java:lambda$new$0(128)) - eda534a7-7b74-4e57-b64c-9648af1c04af@group-C325817DD6E1-SegmentedRaftLogWorker: flushIndex: setUnconditionally 0 -> -1
2019-10-03 19:21:55,265 [pool-423-thread-1] INFO  impl.RaftServerImpl (RaftServerImpl.java:setRole(170)) - 1062fd84-5ab7-43d7-bc06-1148bb86b928@group-C325817DD6E1: changes role from      null to FOLLOWER at term 0 for startAsFollower
2019-10-03 19:21:55,265 [pool-413-thread-1] INFO  server.RaftServerConfigKeys (ConfUtils.java:logGet(43)) - raft.server.log.statemachine.data.caching.enabled = true (custom)
2019-10-03 19:21:55,265 [pool-433-thread-1] INFO  server.RaftServerConfigKeys (ConfUtils.java:logGet(43)) - raft.server.snapshot.auto.trigger.enabled = true (custom)
2019-10-03 19:21:55,266 [pool-433-thread-1] INFO  server.RaftServerConfigKeys (ConfUtils.java:logGet(43)) - raft.server.snapshot.auto.trigger.threshold = 10000 (custom)
2019-10-03 19:21:55,265 [pool-423-thread-1] INFO  impl.RoleInfo (RoleInfo.java:updateAndGet(143)) - 1062fd84-5ab7-43d7-bc06-1148bb86b928: start FollowerState
2019-10-03 19:21:55,266 [pool-413-thread-1] INFO  segmented.SegmentedRaftLogWorker (SegmentedRaftLogWorker.java:lambda$new$0(128)) - 75750c1b-f5c7-4719-820b-2313078df079@group-C325817DD6E1-SegmentedRaftLogWorker: flushIndex: setUnconditionally 0 -> -1
2019-10-03 19:21:55,266 [pool-433-thread-1] INFO  server.RaftServerConfigKeys (ConfUtils.java:logGet(43)) - raft.server.snapshot.retention.file.num = 5 (custom)
2019-10-03 19:21:55,266 [pool-423-thread-1] INFO  util.JmxRegister (JmxRegister.java:tryRegister(44)) - Successfully registered JMX Bean with object name Ratis:service=RaftServer,group=group-C325817DD6E1,id=1062fd84-5ab7-43d7-bc06-1148bb86b928
2019-10-03 19:21:55,266 [pool-413-thread-1] INFO  server.RaftServerConfigKeys (ConfUtils.java:logGet(43)) - raft.server.snapshot.auto.trigger.enabled = true (custom)
2019-10-03 19:21:55,266 [pool-433-thread-1] INFO  server.RaftServerConfigKeys (ConfUtils.java:logGet(43)) - raft.server.retrycache.expirytime = 600000ms (custom)
2019-10-03 19:21:55,267 [pool-413-thread-1] INFO  server.RaftServerConfigKeys (ConfUtils.java:logGet(43)) - raft.server.snapshot.auto.trigger.threshold = 10000 (custom)
2019-10-03 19:21:55,267 [pool-413-thread-1] INFO  server.RaftServerConfigKeys (ConfUtils.java:logGet(43)) - raft.server.snapshot.retention.file.num = 5 (custom)
2019-10-03 19:21:55,267 [pool-413-thread-1] INFO  server.RaftServerConfigKeys (ConfUtils.java:logGet(43)) - raft.server.retrycache.expirytime = 600000ms (custom)
2019-10-03 19:21:55,270 [pool-433-thread-1] INFO  impl.RaftServerImpl (RaftServerImpl.java:start(181)) - eda534a7-7b74-4e57-b64c-9648af1c04af@group-C325817DD6E1: start as a follower, conf=-1: [eda534a7-7b74-4e57-b64c-9648af1c04af:192.168.151.100:35801, 1062fd84-5ab7-43d7-bc06-1148bb86b928:192.168.151.100:42941, 75750c1b-f5c7-4719-820b-2313078df079:192.168.151.100:41474], old=null
2019-10-03 19:21:55,270 [pool-433-thread-1] INFO  impl.RaftServerImpl (RaftServerImpl.java:setRole(170)) - eda534a7-7b74-4e57-b64c-9648af1c04af@group-C325817DD6E1: changes role from      null to FOLLOWER at term 0 for startAsFollower
2019-10-03 19:21:55,270 [pool-433-thread-1] INFO  impl.RoleInfo (RoleInfo.java:updateAndGet(143)) - eda534a7-7b74-4e57-b64c-9648af1c04af: start FollowerState
2019-10-03 19:21:55,270 [pool-413-thread-1] INFO  impl.RaftServerImpl (RaftServerImpl.java:start(181)) - 75750c1b-f5c7-4719-820b-2313078df079@group-C325817DD6E1: start as a follower, conf=-1: [eda534a7-7b74-4e57-b64c-9648af1c04af:192.168.151.100:35801, 1062fd84-5ab7-43d7-bc06-1148bb86b928:192.168.151.100:42941, 75750c1b-f5c7-4719-820b-2313078df079:192.168.151.100:41474], old=null
2019-10-03 19:21:55,270 [pool-413-thread-1] INFO  impl.RaftServerImpl (RaftServerImpl.java:setRole(170)) - 75750c1b-f5c7-4719-820b-2313078df079@group-C325817DD6E1: changes role from      null to FOLLOWER at term 0 for startAsFollower
2019-10-03 19:21:55,270 [pool-433-thread-1] INFO  util.JmxRegister (JmxRegister.java:tryRegister(44)) - Successfully registered JMX Bean with object name Ratis:service=RaftServer,group=group-C325817DD6E1,id=eda534a7-7b74-4e57-b64c-9648af1c04af
2019-10-03 19:21:55,270 [pool-413-thread-1] INFO  impl.RoleInfo (RoleInfo.java:updateAndGet(143)) - 75750c1b-f5c7-4719-820b-2313078df079: start FollowerState
2019-10-03 19:21:55,270 [pool-413-thread-1] INFO  util.JmxRegister (JmxRegister.java:tryRegister(44)) - Successfully registered JMX Bean with object name Ratis:service=RaftServer,group=group-C325817DD6E1,id=75750c1b-f5c7-4719-820b-2313078df079
2019-10-03 19:21:55,277 [RatisPipelineUtilsThread] INFO  pipeline.PipelineStateManager (PipelineStateManager.java:addPipeline(56)) - Created pipeline Pipeline[ Id: 5c22cb24-4129-4662-b22a-c325817dd6e1, Nodes: 1062fd84-5ab7-43d7-bc06-1148bb86b928{ip: 192.168.151.100, host: pr-hdds-1720-trunk-7c7p5-3943417498, networkLocation: /default-rack, certSerialId: null}eda534a7-7b74-4e57-b64c-9648af1c04af{ip: 192.168.151.100, host: pr-hdds-1720-trunk-7c7p5-3943417498, networkLocation: /default-rack, certSerialId: null}75750c1b-f5c7-4719-820b-2313078df079{ip: 192.168.151.100, host: pr-hdds-1720-trunk-7c7p5-3943417498, networkLocation: /default-rack, certSerialId: null}, Type:RATIS, Factor:THREE, State:OPEN]
2019-10-03 19:21:56,208 [main] INFO  ozone.MiniOzoneClusterImpl (MiniOzoneClusterImpl.java:lambda$waitForClusterToBeReady$0(147)) - Cluster is ready. Got 7 of 7 DN Heartbeats.
2019-10-03 19:21:56,245 [main] INFO  rpc.RpcClient (RpcClient.java:createVolume(277)) - Creating Volume: watchforcommithandlingtest, with jenkins1000 as owner.
2019-10-03 19:21:56,248 [IPC Server handler 1 on 43177] INFO  volume.OMVolumeCreateRequest (OMVolumeCreateRequest.java:validateAndUpdateCache(193)) - created volume:watchforcommithandlingtest for user:jenkins1000
2019-10-03 19:21:56,262 [main] INFO  rpc.RpcClient (RpcClient.java:createBucket(416)) - Creating Bucket: watchforcommithandlingtest/watchforcommithandlingtest, with Versioning false and Storage Type set to DISK and Encryption set to false 
2019-10-03 19:21:56,266 [main] INFO  ozone.MiniOzoneClusterImpl (MiniOzoneClusterImpl.java:getStorageContainerLocationClient(234)) - Creating StorageContainerLocationProtocol RPC client with address /0.0.0.0:45327
2019-10-03 19:21:57,757 [Thread-2300] INFO  container.ReplicationManager (ReplicationManager.java:start(162)) - Starting Replication Monitor Thread.
2019-10-03 19:21:57,761 [ReplicationMonitor] INFO  container.ReplicationManager (ReplicationManager.java:run(225)) - Replication Monitor Thread took 0 milliseconds for processing 1 containers.
2019-10-03 19:21:59,980 [Thread-2302] INFO  impl.FollowerState (FollowerState.java:run(108)) - 5593e91c-61bf-41ef-8e5d-4f9d2bd10ada@group-219FE17661B5-FollowerState: change to CANDIDATE, lastRpcTime:5153ms, electionTimeout:5153ms
2019-10-03 19:21:59,980 [Thread-2302] INFO  impl.RoleInfo (RoleInfo.java:shutdownFollowerState(121)) - 5593e91c-61bf-41ef-8e5d-4f9d2bd10ada: shutdown FollowerState
2019-10-03 19:21:59,980 [Thread-2302] INFO  impl.RaftServerImpl (RaftServerImpl.java:setRole(170)) - 5593e91c-61bf-41ef-8e5d-4f9d2bd10ada@group-219FE17661B5: changes role from  FOLLOWER to CANDIDATE at term 0 for changeToCandidate
2019-10-03 19:21:59,980 [Thread-2302] INFO  impl.RoleInfo (RoleInfo.java:updateAndGet(143)) - 5593e91c-61bf-41ef-8e5d-4f9d2bd10ada: start LeaderElection
2019-10-03 19:22:00,002 [Thread-2305] INFO  impl.FollowerState (FollowerState.java:run(108)) - 59ff08a0-bd7f-4daf-b30f-9bb7fccd9658@group-F6611B1D7836-FollowerState: change to CANDIDATE, lastRpcTime:5123ms, electionTimeout:5123ms
2019-10-03 19:22:00,002 [Thread-2305] INFO  impl.RoleInfo (RoleInfo.java:shutdownFollowerState(121)) - 59ff08a0-bd7f-4daf-b30f-9bb7fccd9658: shutdown FollowerState
2019-10-03 19:22:00,002 [Thread-2305] INFO  impl.RaftServerImpl (RaftServerImpl.java:setRole(170)) - 59ff08a0-bd7f-4daf-b30f-9bb7fccd9658@group-F6611B1D7836: changes role from  FOLLOWER to CANDIDATE at term 0 for changeToCandidate
2019-10-03 19:22:00,002 [Thread-2305] INFO  impl.RoleInfo (RoleInfo.java:updateAndGet(143)) - 59ff08a0-bd7f-4daf-b30f-9bb7fccd9658: start LeaderElection
2019-10-03 19:22:00,004 [Thread-2315] INFO  impl.FollowerState (FollowerState.java:run(108)) - 75676965-3590-498f-8463-e67f69dc5e1d@group-884B05EE7FFC-FollowerState: change to CANDIDATE, lastRpcTime:5007ms, electionTimeout:5007ms
2019-10-03 19:22:00,004 [Thread-2315] INFO  impl.RoleInfo (RoleInfo.java:shutdownFollowerState(121)) - 75676965-3590-498f-8463-e67f69dc5e1d: shutdown FollowerState
2019-10-03 19:22:00,004 [Thread-2315] INFO  impl.RaftServerImpl (RaftServerImpl.java:setRole(170)) - 75676965-3590-498f-8463-e67f69dc5e1d@group-884B05EE7FFC: changes role from  FOLLOWER to CANDIDATE at term 0 for changeToCandidate
2019-10-03 19:22:00,004 [Thread-2315] INFO  impl.RoleInfo (RoleInfo.java:updateAndGet(143)) - 75676965-3590-498f-8463-e67f69dc5e1d: start LeaderElection
2019-10-03 19:22:00,013 [5593e91c-61bf-41ef-8e5d-4f9d2bd10ada@group-219FE17661B5-LeaderElection83] INFO  impl.LeaderElection (LeaderElection.java:askForVotes(178)) - 5593e91c-61bf-41ef-8e5d-4f9d2bd10ada@group-219FE17661B5-LeaderElection83: begin an election at term 1 for -1: [5593e91c-61bf-41ef-8e5d-4f9d2bd10ada:192.168.151.100:37661], old=null
2019-10-03 19:22:00,014 [5593e91c-61bf-41ef-8e5d-4f9d2bd10ada@group-219FE17661B5-LeaderElection83] INFO  impl.RoleInfo (RoleInfo.java:shutdownLeaderElection(134)) - 5593e91c-61bf-41ef-8e5d-4f9d2bd10ada: shutdown LeaderElection
2019-10-03 19:22:00,014 [5593e91c-61bf-41ef-8e5d-4f9d2bd10ada@group-219FE17661B5-LeaderElection83] INFO  impl.RaftServerImpl (RaftServerImpl.java:setRole(170)) - 5593e91c-61bf-41ef-8e5d-4f9d2bd10ada@group-219FE17661B5: changes role from CANDIDATE to LEADER at term 1 for changeToLeader
2019-10-03 19:22:00,014 [5593e91c-61bf-41ef-8e5d-4f9d2bd10ada@group-219FE17661B5-LeaderElection83] INFO  impl.RaftServerImpl (ServerState.java:setLeader(255)) - 5593e91c-61bf-41ef-8e5d-4f9d2bd10ada@group-219FE17661B5: change Leader from null to 5593e91c-61bf-41ef-8e5d-4f9d2bd10ada at term 1 for becomeLeader, leader elected after 5200ms
2019-10-03 19:22:00,014 [5593e91c-61bf-41ef-8e5d-4f9d2bd10ada@group-219FE17661B5-LeaderElection83] INFO  server.RaftServerConfigKeys (ConfUtils.java:logGet(43)) - raft.server.staging.catchup.gap = 1000 (default)
2019-10-03 19:22:00,014 [5593e91c-61bf-41ef-8e5d-4f9d2bd10ada@group-219FE17661B5-LeaderElection83] INFO  server.RaftServerConfigKeys (ConfUtils.java:logGet(43)) - raft.server.rpc.sleep.time = 25ms (default)
2019-10-03 19:22:00,014 [5593e91c-61bf-41ef-8e5d-4f9d2bd10ada@group-219FE17661B5-LeaderElection83] INFO  server.RaftServerConfigKeys (ConfUtils.java:logGet(43)) - raft.server.write.element-limit = 4096 (default)
2019-10-03 19:22:00,015 [5593e91c-61bf-41ef-8e5d-4f9d2bd10ada@group-219FE17661B5-LeaderElection83] INFO  server.RaftServerConfigKeys (ConfUtils.java:logGet(43)) - raft.server.watch.timeout = 10s (default)
2019-10-03 19:22:00,015 [5593e91c-61bf-41ef-8e5d-4f9d2bd10ada@group-219FE17661B5-LeaderElection83] INFO  server.RaftServerConfigKeys (ConfUtils.java:logGet(43)) - raft.server.watch.timeout.denomination = 1s (default)
2019-10-03 19:22:00,015 [5593e91c-61bf-41ef-8e5d-4f9d2bd10ada@group-219FE17661B5-LeaderElection83] INFO  server.RaftServerConfigKeys (ConfUtils.java:logGet(43)) - raft.server.watch.element-limit = 65536 (default)
2019-10-03 19:22:00,016 [5593e91c-61bf-41ef-8e5d-4f9d2bd10ada@group-219FE17661B5-LeaderElection83] INFO  impl.RoleInfo (RoleInfo.java:updateAndGet(143)) - 5593e91c-61bf-41ef-8e5d-4f9d2bd10ada: start LeaderState
2019-10-03 19:22:00,016 [5593e91c-61bf-41ef-8e5d-4f9d2bd10ada@group-219FE17661B5-LeaderElection83] INFO  segmented.SegmentedRaftLogWorker (SegmentedRaftLogWorker.java:startLogSegment(385)) - 5593e91c-61bf-41ef-8e5d-4f9d2bd10ada@group-219FE17661B5-SegmentedRaftLogWorker: Starting segment from index:0
2019-10-03 19:22:00,017 [5593e91c-61bf-41ef-8e5d-4f9d2bd10ada@group-219FE17661B5-LeaderElection83] INFO  impl.RaftServerImpl (ServerState.java:setRaftConf(356)) - 5593e91c-61bf-41ef-8e5d-4f9d2bd10ada@group-219FE17661B5: set configuration 0: [5593e91c-61bf-41ef-8e5d-4f9d2bd10ada:192.168.151.100:37661], old=null at 0
2019-10-03 19:22:00,026 [59ff08a0-bd7f-4daf-b30f-9bb7fccd9658@group-F6611B1D7836-LeaderElection84] INFO  impl.LeaderElection (LeaderElection.java:askForVotes(178)) - 59ff08a0-bd7f-4daf-b30f-9bb7fccd9658@group-F6611B1D7836-LeaderElection84: begin an election at term 1 for -1: [59ff08a0-bd7f-4daf-b30f-9bb7fccd9658:192.168.151.100:35798], old=null
2019-10-03 19:22:00,026 [75676965-3590-498f-8463-e67f69dc5e1d@group-884B05EE7FFC-LeaderElection85] INFO  impl.LeaderElection (LeaderElection.java:askForVotes(178)) - 75676965-3590-498f-8463-e67f69dc5e1d@group-884B05EE7FFC-LeaderElection85: begin an election at term 1 for -1: [59ff08a0-bd7f-4daf-b30f-9bb7fccd9658:192.168.151.100:35798, 75676965-3590-498f-8463-e67f69dc5e1d:192.168.151.100:46299, 5593e91c-61bf-41ef-8e5d-4f9d2bd10ada:192.168.151.100:37661], old=null
2019-10-03 19:22:00,026 [59ff08a0-bd7f-4daf-b30f-9bb7fccd9658@group-F6611B1D7836-LeaderElection84] INFO  impl.RoleInfo (RoleInfo.java:shutdownLeaderElection(134)) - 59ff08a0-bd7f-4daf-b30f-9bb7fccd9658: shutdown LeaderElection
2019-10-03 19:22:00,026 [59ff08a0-bd7f-4daf-b30f-9bb7fccd9658@group-F6611B1D7836-LeaderElection84] INFO  impl.RaftServerImpl (RaftServerImpl.java:setRole(170)) - 59ff08a0-bd7f-4daf-b30f-9bb7fccd9658@group-F6611B1D7836: changes role from CANDIDATE to LEADER at term 1 for changeToLeader
2019-10-03 19:22:00,027 [59ff08a0-bd7f-4daf-b30f-9bb7fccd9658@group-F6611B1D7836-LeaderElection84] INFO  impl.RaftServerImpl (ServerState.java:setLeader(255)) - 59ff08a0-bd7f-4daf-b30f-9bb7fccd9658@group-F6611B1D7836: change Leader from null to 59ff08a0-bd7f-4daf-b30f-9bb7fccd9658 at term 1 for becomeLeader, leader elected after 5157ms
2019-10-03 19:22:00,027 [59ff08a0-bd7f-4daf-b30f-9bb7fccd9658@group-F6611B1D7836-LeaderElection84] INFO  server.RaftServerConfigKeys (ConfUtils.java:logGet(43)) - raft.server.staging.catchup.gap = 1000 (default)
2019-10-03 19:22:00,027 [59ff08a0-bd7f-4daf-b30f-9bb7fccd9658@group-F6611B1D7836-LeaderElection84] INFO  server.RaftServerConfigKeys (ConfUtils.java:logGet(43)) - raft.server.rpc.sleep.time = 25ms (default)
2019-10-03 19:22:00,027 [59ff08a0-bd7f-4daf-b30f-9bb7fccd9658@group-F6611B1D7836-LeaderElection84] INFO  server.RaftServerConfigKeys (ConfUtils.java:logGet(43)) - raft.server.write.element-limit = 4096 (default)
2019-10-03 19:22:00,027 [59ff08a0-bd7f-4daf-b30f-9bb7fccd9658@group-F6611B1D7836-LeaderElection84] INFO  server.RaftServerConfigKeys (ConfUtils.java:logGet(43)) - raft.server.watch.timeout = 10s (default)
2019-10-03 19:22:00,027 [59ff08a0-bd7f-4daf-b30f-9bb7fccd9658@group-F6611B1D7836-LeaderElection84] INFO  server.RaftServerConfigKeys (ConfUtils.java:logGet(43)) - raft.server.watch.timeout.denomination = 1s (default)
2019-10-03 19:22:00,027 [59ff08a0-bd7f-4daf-b30f-9bb7fccd9658@group-F6611B1D7836-LeaderElection84] INFO  server.RaftServerConfigKeys (ConfUtils.java:logGet(43)) - raft.server.watch.element-limit = 65536 (default)
2019-10-03 19:22:00,028 [59ff08a0-bd7f-4daf-b30f-9bb7fccd9658@group-F6611B1D7836-LeaderElection84] INFO  impl.RoleInfo (RoleInfo.java:updateAndGet(143)) - 59ff08a0-bd7f-4daf-b30f-9bb7fccd9658: start LeaderState
2019-10-03 19:22:00,028 [59ff08a0-bd7f-4daf-b30f-9bb7fccd9658@group-F6611B1D7836-LeaderElection84] INFO  segmented.SegmentedRaftLogWorker (SegmentedRaftLogWorker.java:startLogSegment(385)) - 59ff08a0-bd7f-4daf-b30f-9bb7fccd9658@group-F6611B1D7836-SegmentedRaftLogWorker: Starting segment from index:0
2019-10-03 19:22:00,029 [59ff08a0-bd7f-4daf-b30f-9bb7fccd9658@group-F6611B1D7836-LeaderElection84] INFO  impl.RaftServerImpl (ServerState.java:setRaftConf(356)) - 59ff08a0-bd7f-4daf-b30f-9bb7fccd9658@group-F6611B1D7836: set configuration 0: [59ff08a0-bd7f-4daf-b30f-9bb7fccd9658:192.168.151.100:35798], old=null at 0
2019-10-03 19:22:00,030 [grpc-default-executor-0] INFO  impl.RaftServerImpl (RaftServerImpl.java:setRole(170)) - 5593e91c-61bf-41ef-8e5d-4f9d2bd10ada@group-884B05EE7FFC: changes role from  FOLLOWER to FOLLOWER at term 1 for recognizeCandidate:75676965-3590-498f-8463-e67f69dc5e1d
2019-10-03 19:22:00,030 [grpc-default-executor-11] INFO  impl.RaftServerImpl (RaftServerImpl.java:setRole(170)) - 59ff08a0-bd7f-4daf-b30f-9bb7fccd9658@group-884B05EE7FFC: changes role from  FOLLOWER to FOLLOWER at term 1 for recognizeCandidate:75676965-3590-498f-8463-e67f69dc5e1d
2019-10-03 19:22:00,030 [grpc-default-executor-0] INFO  impl.RoleInfo (RoleInfo.java:shutdownFollowerState(121)) - 5593e91c-61bf-41ef-8e5d-4f9d2bd10ada: shutdown FollowerState
2019-10-03 19:22:00,030 [grpc-default-executor-11] INFO  impl.RoleInfo (RoleInfo.java:shutdownFollowerState(121)) - 59ff08a0-bd7f-4daf-b30f-9bb7fccd9658: shutdown FollowerState
2019-10-03 19:22:00,030 [grpc-default-executor-0] INFO  impl.RoleInfo (RoleInfo.java:updateAndGet(143)) - 5593e91c-61bf-41ef-8e5d-4f9d2bd10ada: start FollowerState
2019-10-03 19:22:00,030 [Thread-2312] INFO  impl.FollowerState (FollowerState.java:run(117)) - 59ff08a0-bd7f-4daf-b30f-9bb7fccd9658@group-884B05EE7FFC-FollowerState was interrupted: java.lang.InterruptedException: sleep interrupted
2019-10-03 19:22:00,030 [grpc-default-executor-11] INFO  impl.RoleInfo (RoleInfo.java:updateAndGet(143)) - 59ff08a0-bd7f-4daf-b30f-9bb7fccd9658: start FollowerState
2019-10-03 19:22:00,030 [Thread-2314] INFO  impl.FollowerState (FollowerState.java:run(117)) - 5593e91c-61bf-41ef-8e5d-4f9d2bd10ada@group-884B05EE7FFC-FollowerState was interrupted: java.lang.InterruptedException: sleep interrupted
2019-10-03 19:22:00,044 [75676965-3590-498f-8463-e67f69dc5e1d@group-884B05EE7FFC-LeaderElection85] INFO  impl.LeaderElection (LeaderElection.java:logAndReturn(56)) - 75676965-3590-498f-8463-e67f69dc5e1d@group-884B05EE7FFC-LeaderElection85: Election PASSED; received 1 response(s) [75676965-3590-498f-8463-e67f69dc5e1d<-5593e91c-61bf-41ef-8e5d-4f9d2bd10ada#0:OK-t1] and 0 exception(s); 75676965-3590-498f-8463-e67f69dc5e1d@group-884B05EE7FFC:t1, leader=null, voted=75676965-3590-498f-8463-e67f69dc5e1d, raftlog=75676965-3590-498f-8463-e67f69dc5e1d@group-884B05EE7FFC-SegmentedRaftLog:OPENED:c-1,f-1,i0, conf=-1: [59ff08a0-bd7f-4daf-b30f-9bb7fccd9658:192.168.151.100:35798, 75676965-3590-498f-8463-e67f69dc5e1d:192.168.151.100:46299, 5593e91c-61bf-41ef-8e5d-4f9d2bd10ada:192.168.151.100:37661], old=null
2019-10-03 19:22:00,044 [75676965-3590-498f-8463-e67f69dc5e1d@group-884B05EE7FFC-LeaderElection85] INFO  impl.RoleInfo (RoleInfo.java:shutdownLeaderElection(134)) - 75676965-3590-498f-8463-e67f69dc5e1d: shutdown LeaderElection
2019-10-03 19:22:00,045 [75676965-3590-498f-8463-e67f69dc5e1d@group-884B05EE7FFC-LeaderElection85] INFO  impl.RaftServerImpl (RaftServerImpl.java:setRole(170)) - 75676965-3590-498f-8463-e67f69dc5e1d@group-884B05EE7FFC: changes role from CANDIDATE to LEADER at term 1 for changeToLeader
2019-10-03 19:22:00,045 [75676965-3590-498f-8463-e67f69dc5e1d@group-884B05EE7FFC-LeaderElection85] INFO  impl.RaftServerImpl (ServerState.java:setLeader(255)) - 75676965-3590-498f-8463-e67f69dc5e1d@group-884B05EE7FFC: change Leader from null to 75676965-3590-498f-8463-e67f69dc5e1d at term 1 for becomeLeader, leader elected after 5057ms
2019-10-03 19:22:00,045 [75676965-3590-498f-8463-e67f69dc5e1d@group-884B05EE7FFC-LeaderElection85] INFO  server.RaftServerConfigKeys (ConfUtils.java:logGet(43)) - raft.server.staging.catchup.gap = 1000 (default)
2019-10-03 19:22:00,045 [75676965-3590-498f-8463-e67f69dc5e1d@group-884B05EE7FFC-LeaderElection85] INFO  server.RaftServerConfigKeys (ConfUtils.java:logGet(43)) - raft.server.rpc.sleep.time = 25ms (default)
2019-10-03 19:22:00,045 [75676965-3590-498f-8463-e67f69dc5e1d@group-884B05EE7FFC-LeaderElection85] INFO  server.RaftServerConfigKeys (ConfUtils.java:logGet(43)) - raft.server.write.element-limit = 4096 (default)
2019-10-03 19:22:00,045 [75676965-3590-498f-8463-e67f69dc5e1d@group-884B05EE7FFC-LeaderElection85] INFO  server.RaftServerConfigKeys (ConfUtils.java:logGet(43)) - raft.server.watch.timeout = 10s (default)
2019-10-03 19:22:00,045 [75676965-3590-498f-8463-e67f69dc5e1d@group-884B05EE7FFC-LeaderElection85] INFO  server.RaftServerConfigKeys (ConfUtils.java:logGet(43)) - raft.server.watch.timeout.denomination = 1s (default)
2019-10-03 19:22:00,045 [75676965-3590-498f-8463-e67f69dc5e1d@group-884B05EE7FFC-LeaderElection85] INFO  server.RaftServerConfigKeys (ConfUtils.java:logGet(43)) - raft.server.watch.element-limit = 65536 (default)
2019-10-03 19:22:00,046 [75676965-3590-498f-8463-e67f69dc5e1d@group-884B05EE7FFC-LeaderElection85] INFO  server.RaftServerConfigKeys (ConfUtils.java:logGet(43)) - raft.server.log.appender.snapshot.chunk.size.max = 16MB (=16777216) (default)
2019-10-03 19:22:00,046 [75676965-3590-498f-8463-e67f69dc5e1d@group-884B05EE7FFC-LeaderElection85] INFO  server.RaftServerConfigKeys (ConfUtils.java:logGet(43)) - raft.server.log.appender.buffer.byte-limit = 33554432 (custom)
2019-10-03 19:22:00,047 [75676965-3590-498f-8463-e67f69dc5e1d@group-884B05EE7FFC-LeaderElection85] INFO  server.RaftServerConfigKeys (ConfUtils.java:logGet(43)) - raft.server.log.appender.buffer.element-limit = 1 (custom)
2019-10-03 19:22:00,047 [75676965-3590-498f-8463-e67f69dc5e1d@group-884B05EE7FFC-LeaderElection85] INFO  grpc.GrpcConfigKeys$Server (ConfUtils.java:logGet(43)) - raft.grpc.server.leader.outstanding.appends.max = 128 (default)
2019-10-03 19:22:00,047 [75676965-3590-498f-8463-e67f69dc5e1d@group-884B05EE7FFC-LeaderElection85] INFO  server.RaftServerConfigKeys (ConfUtils.java:logGet(43)) - raft.server.rpc.request.timeout = 3000ms (default)
2019-10-03 19:22:00,047 [75676965-3590-498f-8463-e67f69dc5e1d@group-884B05EE7FFC-LeaderElection85] INFO  server.RaftServerConfigKeys (ConfUtils.java:logGet(43)) - raft.server.log.appender.install.snapshot.enabled = false (custom)
2019-10-03 19:22:00,047 [5593e91c-61bf-41ef-8e5d-4f9d2bd10ada@group-219FE17661B5-SegmentedRaftLogWorker] INFO  segmented.SegmentedRaftLogWorker (SegmentedRaftLogWorker.java:execute(574)) - 5593e91c-61bf-41ef-8e5d-4f9d2bd10ada@group-219FE17661B5-SegmentedRaftLogWorker: created new log segment /workdir/hadoop-ozone/integration-test/target/test-dir/MiniOzoneClusterImpl-1bf28b11-333b-477a-817b-2d1dec1d7f8a/datanode-0/data/ratis/faa2e4f9-57e5-4183-b3ed-219fe17661b5/current/log_inprogress_0
2019-10-03 19:22:00,056 [75676965-3590-498f-8463-e67f69dc5e1d@group-884B05EE7FFC-LeaderElection85] INFO  server.RaftServerConfigKeys (ConfUtils.java:logGet(43)) - raft.server.log.appender.snapshot.chunk.size.max = 16MB (=16777216) (default)
2019-10-03 19:22:00,056 [75676965-3590-498f-8463-e67f69dc5e1d@group-884B05EE7FFC-LeaderElection85] INFO  server.RaftServerConfigKeys (ConfUtils.java:logGet(43)) - raft.server.log.appender.buffer.byte-limit = 33554432 (custom)
2019-10-03 19:22:00,056 [75676965-3590-498f-8463-e67f69dc5e1d@group-884B05EE7FFC-LeaderElection85] INFO  server.RaftServerConfigKeys (ConfUtils.java:logGet(43)) - raft.server.log.appender.buffer.element-limit = 1 (custom)
2019-10-03 19:22:00,056 [75676965-3590-498f-8463-e67f69dc5e1d@group-884B05EE7FFC-LeaderElection85] INFO  grpc.GrpcConfigKeys$Server (ConfUtils.java:logGet(43)) - raft.grpc.server.leader.outstanding.appends.max = 128 (default)
2019-10-03 19:22:00,056 [75676965-3590-498f-8463-e67f69dc5e1d@group-884B05EE7FFC-LeaderElection85] INFO  server.RaftServerConfigKeys (ConfUtils.java:logGet(43)) - raft.server.rpc.request.timeout = 3000ms (default)
2019-10-03 19:22:00,056 [75676965-3590-498f-8463-e67f69dc5e1d@group-884B05EE7FFC-LeaderElection85] INFO  server.RaftServerConfigKeys (ConfUtils.java:logGet(43)) - raft.server.log.appender.install.snapshot.enabled = false (custom)
2019-10-03 19:22:00,057 [75676965-3590-498f-8463-e67f69dc5e1d@group-884B05EE7FFC-LeaderElection85] INFO  impl.RoleInfo (RoleInfo.java:updateAndGet(143)) - 75676965-3590-498f-8463-e67f69dc5e1d: start LeaderState
2019-10-03 19:22:00,057 [75676965-3590-498f-8463-e67f69dc5e1d@group-884B05EE7FFC-LeaderElection85] INFO  segmented.SegmentedRaftLogWorker (SegmentedRaftLogWorker.java:startLogSegment(385)) - 75676965-3590-498f-8463-e67f69dc5e1d@group-884B05EE7FFC-SegmentedRaftLogWorker: Starting segment from index:0
2019-10-03 19:22:00,058 [75676965-3590-498f-8463-e67f69dc5e1d@group-884B05EE7FFC-LeaderElection85] INFO  impl.RaftServerImpl (ServerState.java:setRaftConf(356)) - 75676965-3590-498f-8463-e67f69dc5e1d@group-884B05EE7FFC: set configuration 0: [59ff08a0-bd7f-4daf-b30f-9bb7fccd9658:192.168.151.100:35798, 75676965-3590-498f-8463-e67f69dc5e1d:192.168.151.100:46299, 5593e91c-61bf-41ef-8e5d-4f9d2bd10ada:192.168.151.100:37661], old=null at 0
2019-10-03 19:22:00,081 [grpc-default-executor-0] INFO  impl.RaftServerImpl (ServerState.java:setLeader(255)) - 59ff08a0-bd7f-4daf-b30f-9bb7fccd9658@group-884B05EE7FFC: change Leader from null to 75676965-3590-498f-8463-e67f69dc5e1d at term 1 for appendEntries, leader elected after 5094ms
2019-10-03 19:22:00,081 [59ff08a0-bd7f-4daf-b30f-9bb7fccd9658@group-F6611B1D7836-SegmentedRaftLogWorker] INFO  segmented.SegmentedRaftLogWorker (SegmentedRaftLogWorker.java:execute(574)) - 59ff08a0-bd7f-4daf-b30f-9bb7fccd9658@group-F6611B1D7836-SegmentedRaftLogWorker: created new log segment /workdir/hadoop-ozone/integration-test/target/test-dir/MiniOzoneClusterImpl-1bf28b11-333b-477a-817b-2d1dec1d7f8a/datanode-1/data/ratis/550ca99f-2219-4b08-94d2-f6611b1d7836/current/log_inprogress_0
2019-10-03 19:22:00,096 [Thread-2308] INFO  impl.FollowerState (FollowerState.java:run(108)) - 75676965-3590-498f-8463-e67f69dc5e1d@group-DEB1CFE98A23-FollowerState: change to CANDIDATE, lastRpcTime:5158ms, electionTimeout:5147ms
2019-10-03 19:22:00,096 [75676965-3590-498f-8463-e67f69dc5e1d@group-884B05EE7FFC-SegmentedRaftLogWorker] INFO  segmented.SegmentedRaftLogWorker (SegmentedRaftLogWorker.java:execute(574)) - 75676965-3590-498f-8463-e67f69dc5e1d@group-884B05EE7FFC-SegmentedRaftLogWorker: created new log segment /workdir/hadoop-ozone/integration-test/target/test-dir/MiniOzoneClusterImpl-1bf28b11-333b-477a-817b-2d1dec1d7f8a/datanode-2/data/ratis/d554a574-157c-4145-9185-884b05ee7ffc/current/log_inprogress_0
2019-10-03 19:22:00,096 [grpc-default-executor-0] INFO  impl.RaftServerImpl (ServerState.java:setLeader(255)) - 5593e91c-61bf-41ef-8e5d-4f9d2bd10ada@group-884B05EE7FFC: change Leader from null to 75676965-3590-498f-8463-e67f69dc5e1d at term 1 for appendEntries, leader elected after 5109ms
2019-10-03 19:22:00,096 [Thread-2308] INFO  impl.RoleInfo (RoleInfo.java:shutdownFollowerState(121)) - 75676965-3590-498f-8463-e67f69dc5e1d: shutdown FollowerState
2019-10-03 19:22:00,097 [grpc-default-executor-11] INFO  impl.RaftServerImpl (ServerState.java:setRaftConf(356)) - 59ff08a0-bd7f-4daf-b30f-9bb7fccd9658@group-884B05EE7FFC: set configuration 0: [59ff08a0-bd7f-4daf-b30f-9bb7fccd9658:192.168.151.100:35798, 75676965-3590-498f-8463-e67f69dc5e1d:192.168.151.100:46299, 5593e91c-61bf-41ef-8e5d-4f9d2bd10ada:192.168.151.100:37661], old=null at 0
2019-10-03 19:22:00,097 [Thread-2308] INFO  impl.RaftServerImpl (RaftServerImpl.java:setRole(170)) - 75676965-3590-498f-8463-e67f69dc5e1d@group-DEB1CFE98A23: changes role from  FOLLOWER to CANDIDATE at term 0 for changeToCandidate
2019-10-03 19:22:00,100 [Thread-2308] INFO  impl.RoleInfo (RoleInfo.java:updateAndGet(143)) - 75676965-3590-498f-8463-e67f69dc5e1d: start LeaderElection
2019-10-03 19:22:00,100 [grpc-default-executor-11] INFO  segmented.SegmentedRaftLogWorker (SegmentedRaftLogWorker.java:startLogSegment(385)) - 59ff08a0-bd7f-4daf-b30f-9bb7fccd9658@group-884B05EE7FFC-SegmentedRaftLogWorker: Starting segment from index:0
2019-10-03 19:22:00,104 [grpc-default-executor-11] INFO  impl.RaftServerImpl (ServerState.java:setRaftConf(356)) - 5593e91c-61bf-41ef-8e5d-4f9d2bd10ada@group-884B05EE7FFC: set configuration 0: [59ff08a0-bd7f-4daf-b30f-9bb7fccd9658:192.168.151.100:35798, 75676965-3590-498f-8463-e67f69dc5e1d:192.168.151.100:46299, 5593e91c-61bf-41ef-8e5d-4f9d2bd10ada:192.168.151.100:37661], old=null at 0
2019-10-03 19:22:00,105 [grpc-default-executor-11] INFO  segmented.SegmentedRaftLogWorker (SegmentedRaftLogWorker.java:startLogSegment(385)) - 5593e91c-61bf-41ef-8e5d-4f9d2bd10ada@group-884B05EE7FFC-SegmentedRaftLogWorker: Starting segment from index:0
2019-10-03 19:22:00,107 [75676965-3590-498f-8463-e67f69dc5e1d@group-DEB1CFE98A23-LeaderElection86] INFO  impl.LeaderElection (LeaderElection.java:askForVotes(178)) - 75676965-3590-498f-8463-e67f69dc5e1d@group-DEB1CFE98A23-LeaderElection86: begin an election at term 1 for -1: [75676965-3590-498f-8463-e67f69dc5e1d:192.168.151.100:46299], old=null
2019-10-03 19:22:00,107 [75676965-3590-498f-8463-e67f69dc5e1d@group-DEB1CFE98A23-LeaderElection86] INFO  impl.RoleInfo (RoleInfo.java:shutdownLeaderElection(134)) - 75676965-3590-498f-8463-e67f69dc5e1d: shutdown LeaderElection
2019-10-03 19:22:00,107 [75676965-3590-498f-8463-e67f69dc5e1d@group-DEB1CFE98A23-LeaderElection86] INFO  impl.RaftServerImpl (RaftServerImpl.java:setRole(170)) - 75676965-3590-498f-8463-e67f69dc5e1d@group-DEB1CFE98A23: changes role from CANDIDATE to LEADER at term 1 for changeToLeader
2019-10-03 19:22:00,107 [75676965-3590-498f-8463-e67f69dc5e1d@group-DEB1CFE98A23-LeaderElection86] INFO  impl.RaftServerImpl (ServerState.java:setLeader(255)) - 75676965-3590-498f-8463-e67f69dc5e1d@group-DEB1CFE98A23: change Leader from null to 75676965-3590-498f-8463-e67f69dc5e1d at term 1 for becomeLeader, leader elected after 5177ms
2019-10-03 19:22:00,107 [75676965-3590-498f-8463-e67f69dc5e1d@group-DEB1CFE98A23-LeaderElection86] INFO  server.RaftServerConfigKeys (ConfUtils.java:logGet(43)) - raft.server.staging.catchup.gap = 1000 (default)
2019-10-03 19:22:00,107 [75676965-3590-498f-8463-e67f69dc5e1d@group-DEB1CFE98A23-LeaderElection86] INFO  server.RaftServerConfigKeys (ConfUtils.java:logGet(43)) - raft.server.rpc.sleep.time = 25ms (default)
2019-10-03 19:22:00,107 [75676965-3590-498f-8463-e67f69dc5e1d@group-DEB1CFE98A23-LeaderElection86] INFO  server.RaftServerConfigKeys (ConfUtils.java:logGet(43)) - raft.server.write.element-limit = 4096 (default)
2019-10-03 19:22:00,107 [75676965-3590-498f-8463-e67f69dc5e1d@group-DEB1CFE98A23-LeaderElection86] INFO  server.RaftServerConfigKeys (ConfUtils.java:logGet(43)) - raft.server.watch.timeout = 10s (default)
2019-10-03 19:22:00,108 [75676965-3590-498f-8463-e67f69dc5e1d@group-DEB1CFE98A23-LeaderElection86] INFO  server.RaftServerConfigKeys (ConfUtils.java:logGet(43)) - raft.server.watch.timeout.denomination = 1s (default)
2019-10-03 19:22:00,108 [75676965-3590-498f-8463-e67f69dc5e1d@group-DEB1CFE98A23-LeaderElection86] INFO  server.RaftServerConfigKeys (ConfUtils.java:logGet(43)) - raft.server.watch.element-limit = 65536 (default)
2019-10-03 19:22:00,109 [75676965-3590-498f-8463-e67f69dc5e1d@group-DEB1CFE98A23-LeaderElection86] INFO  impl.RoleInfo (RoleInfo.java:updateAndGet(143)) - 75676965-3590-498f-8463-e67f69dc5e1d: start LeaderState
2019-10-03 19:22:00,109 [75676965-3590-498f-8463-e67f69dc5e1d@group-DEB1CFE98A23-LeaderElection86] INFO  segmented.SegmentedRaftLogWorker (SegmentedRaftLogWorker.java:startLogSegment(385)) - 75676965-3590-498f-8463-e67f69dc5e1d@group-DEB1CFE98A23-SegmentedRaftLogWorker: Starting segment from index:0
2019-10-03 19:22:00,109 [75676965-3590-498f-8463-e67f69dc5e1d@group-DEB1CFE98A23-LeaderElection86] INFO  impl.RaftServerImpl (ServerState.java:setRaftConf(356)) - 75676965-3590-498f-8463-e67f69dc5e1d@group-DEB1CFE98A23: set configuration 0: [75676965-3590-498f-8463-e67f69dc5e1d:192.168.151.100:46299], old=null at 0
2019-10-03 19:22:00,134 [Thread-2320] INFO  impl.FollowerState (FollowerState.java:run(108)) - 1062fd84-5ab7-43d7-bc06-1148bb86b928@group-A35E2F78CB98-FollowerState: change to CANDIDATE, lastRpcTime:5030ms, electionTimeout:5030ms
2019-10-03 19:22:00,134 [Thread-2320] INFO  impl.RoleInfo (RoleInfo.java:shutdownFollowerState(121)) - 1062fd84-5ab7-43d7-bc06-1148bb86b928: shutdown FollowerState
2019-10-03 19:22:00,134 [Thread-2320] INFO  impl.RaftServerImpl (RaftServerImpl.java:setRole(170)) - 1062fd84-5ab7-43d7-bc06-1148bb86b928@group-A35E2F78CB98: changes role from  FOLLOWER to CANDIDATE at term 0 for changeToCandidate
2019-10-03 19:22:00,134 [Thread-2320] INFO  impl.RoleInfo (RoleInfo.java:updateAndGet(143)) - 1062fd84-5ab7-43d7-bc06-1148bb86b928: start LeaderElection
2019-10-03 19:22:00,160 [75676965-3590-498f-8463-e67f69dc5e1d@group-DEB1CFE98A23-SegmentedRaftLogWorker] INFO  segmented.SegmentedRaftLogWorker (SegmentedRaftLogWorker.java:execute(574)) - 75676965-3590-498f-8463-e67f69dc5e1d@group-DEB1CFE98A23-SegmentedRaftLogWorker: created new log segment /workdir/hadoop-ozone/integration-test/target/test-dir/MiniOzoneClusterImpl-1bf28b11-333b-477a-817b-2d1dec1d7f8a/datanode-2/data/ratis/f274fdad-0a2f-47b2-a901-deb1cfe98a23/current/log_inprogress_0
2019-10-03 19:22:00,160 [1062fd84-5ab7-43d7-bc06-1148bb86b928@group-A35E2F78CB98-LeaderElection87] INFO  impl.LeaderElection (LeaderElection.java:askForVotes(178)) - 1062fd84-5ab7-43d7-bc06-1148bb86b928@group-A35E2F78CB98-LeaderElection87: begin an election at term 1 for -1: [1062fd84-5ab7-43d7-bc06-1148bb86b928:192.168.151.100:42941], old=null
2019-10-03 19:22:00,160 [59ff08a0-bd7f-4daf-b30f-9bb7fccd9658@group-884B05EE7FFC-SegmentedRaftLogWorker] INFO  segmented.SegmentedRaftLogWorker (SegmentedRaftLogWorker.java:execute(574)) - 59ff08a0-bd7f-4daf-b30f-9bb7fccd9658@group-884B05EE7FFC-SegmentedRaftLogWorker: created new log segment /workdir/hadoop-ozone/integration-test/target/test-dir/MiniOzoneClusterImpl-1bf28b11-333b-477a-817b-2d1dec1d7f8a/datanode-1/data/ratis/d554a574-157c-4145-9185-884b05ee7ffc/current/log_inprogress_0
2019-10-03 19:22:00,160 [1062fd84-5ab7-43d7-bc06-1148bb86b928@group-A35E2F78CB98-LeaderElection87] INFO  impl.RoleInfo (RoleInfo.java:shutdownLeaderElection(134)) - 1062fd84-5ab7-43d7-bc06-1148bb86b928: shutdown LeaderElection
2019-10-03 19:22:00,161 [1062fd84-5ab7-43d7-bc06-1148bb86b928@group-A35E2F78CB98-LeaderElection87] INFO  impl.RaftServerImpl (RaftServerImpl.java:setRole(170)) - 1062fd84-5ab7-43d7-bc06-1148bb86b928@group-A35E2F78CB98: changes role from CANDIDATE to LEADER at term 1 for changeToLeader
2019-10-03 19:22:00,161 [1062fd84-5ab7-43d7-bc06-1148bb86b928@group-A35E2F78CB98-LeaderElection87] INFO  impl.RaftServerImpl (ServerState.java:setLeader(255)) - 1062fd84-5ab7-43d7-bc06-1148bb86b928@group-A35E2F78CB98: change Leader from null to 1062fd84-5ab7-43d7-bc06-1148bb86b928 at term 1 for becomeLeader, leader elected after 5062ms
2019-10-03 19:22:00,161 [1062fd84-5ab7-43d7-bc06-1148bb86b928@group-A35E2F78CB98-LeaderElection87] INFO  server.RaftServerConfigKeys (ConfUtils.java:logGet(43)) - raft.server.staging.catchup.gap = 1000 (default)
2019-10-03 19:22:00,161 [1062fd84-5ab7-43d7-bc06-1148bb86b928@group-A35E2F78CB98-LeaderElection87] INFO  server.RaftServerConfigKeys (ConfUtils.java:logGet(43)) - raft.server.rpc.sleep.time = 25ms (default)
2019-10-03 19:22:00,161 [1062fd84-5ab7-43d7-bc06-1148bb86b928@group-A35E2F78CB98-LeaderElection87] INFO  server.RaftServerConfigKeys (ConfUtils.java:logGet(43)) - raft.server.write.element-limit = 4096 (default)
2019-10-03 19:22:00,162 [1062fd84-5ab7-43d7-bc06-1148bb86b928@group-A35E2F78CB98-LeaderElection87] INFO  server.RaftServerConfigKeys (ConfUtils.java:logGet(43)) - raft.server.watch.timeout = 10s (default)
2019-10-03 19:22:00,162 [1062fd84-5ab7-43d7-bc06-1148bb86b928@group-A35E2F78CB98-LeaderElection87] INFO  server.RaftServerConfigKeys (ConfUtils.java:logGet(43)) - raft.server.watch.timeout.denomination = 1s (default)
2019-10-03 19:22:00,162 [1062fd84-5ab7-43d7-bc06-1148bb86b928@group-A35E2F78CB98-LeaderElection87] INFO  server.RaftServerConfigKeys (ConfUtils.java:logGet(43)) - raft.server.watch.element-limit = 65536 (default)
2019-10-03 19:22:00,164 [1062fd84-5ab7-43d7-bc06-1148bb86b928@group-A35E2F78CB98-LeaderElection87] INFO  impl.RoleInfo (RoleInfo.java:updateAndGet(143)) - 1062fd84-5ab7-43d7-bc06-1148bb86b928: start LeaderState
2019-10-03 19:22:00,164 [1062fd84-5ab7-43d7-bc06-1148bb86b928@group-A35E2F78CB98-LeaderElection87] INFO  segmented.SegmentedRaftLogWorker (SegmentedRaftLogWorker.java:startLogSegment(385)) - 1062fd84-5ab7-43d7-bc06-1148bb86b928@group-A35E2F78CB98-SegmentedRaftLogWorker: Starting segment from index:0
2019-10-03 19:22:00,165 [1062fd84-5ab7-43d7-bc06-1148bb86b928@group-A35E2F78CB98-LeaderElection87] INFO  impl.RaftServerImpl (ServerState.java:setRaftConf(356)) - 1062fd84-5ab7-43d7-bc06-1148bb86b928@group-A35E2F78CB98: set configuration 0: [1062fd84-5ab7-43d7-bc06-1148bb86b928:192.168.151.100:42941], old=null at 0
2019-10-03 19:22:00,166 [5593e91c-61bf-41ef-8e5d-4f9d2bd10ada@group-884B05EE7FFC-SegmentedRaftLogWorker] INFO  segmented.SegmentedRaftLogWorker (SegmentedRaftLogWorker.java:execute(574)) - 5593e91c-61bf-41ef-8e5d-4f9d2bd10ada@group-884B05EE7FFC-SegmentedRaftLogWorker: created new log segment /workdir/hadoop-ozone/integration-test/target/test-dir/MiniOzoneClusterImpl-1bf28b11-333b-477a-817b-2d1dec1d7f8a/datanode-0/data/ratis/d554a574-157c-4145-9185-884b05ee7ffc/current/log_inprogress_0
2019-10-03 19:22:00,196 [1062fd84-5ab7-43d7-bc06-1148bb86b928@group-A35E2F78CB98-SegmentedRaftLogWorker] INFO  segmented.SegmentedRaftLogWorker (SegmentedRaftLogWorker.java:execute(574)) - 1062fd84-5ab7-43d7-bc06-1148bb86b928@group-A35E2F78CB98-SegmentedRaftLogWorker: created new log segment /workdir/hadoop-ozone/integration-test/target/test-dir/MiniOzoneClusterImpl-1bf28b11-333b-477a-817b-2d1dec1d7f8a/datanode-4/data/ratis/e0a86c03-4fb1-4310-9cbb-a35e2f78cb98/current/log_inprogress_0
2019-10-03 19:22:00,302 [Thread-2326] INFO  impl.FollowerState (FollowerState.java:run(108)) - eda534a7-7b74-4e57-b64c-9648af1c04af@group-FFB27D222916-FollowerState: change to CANDIDATE, lastRpcTime:5109ms, electionTimeout:5109ms
2019-10-03 19:22:00,302 [Thread-2326] INFO  impl.RoleInfo (RoleInfo.java:shutdownFollowerState(121)) - eda534a7-7b74-4e57-b64c-9648af1c04af: shutdown FollowerState
2019-10-03 19:22:00,302 [Thread-2326] INFO  impl.RaftServerImpl (RaftServerImpl.java:setRole(170)) - eda534a7-7b74-4e57-b64c-9648af1c04af@group-FFB27D222916: changes role from  FOLLOWER to CANDIDATE at term 0 for changeToCandidate
2019-10-03 19:22:00,302 [Thread-2326] INFO  impl.RoleInfo (RoleInfo.java:updateAndGet(143)) - eda534a7-7b74-4e57-b64c-9648af1c04af: start LeaderElection
2019-10-03 19:22:00,317 [eda534a7-7b74-4e57-b64c-9648af1c04af@group-FFB27D222916-LeaderElection88] INFO  impl.LeaderElection (LeaderElection.java:askForVotes(178)) - eda534a7-7b74-4e57-b64c-9648af1c04af@group-FFB27D222916-LeaderElection88: begin an election at term 1 for -1: [eda534a7-7b74-4e57-b64c-9648af1c04af:192.168.151.100:35801], old=null
2019-10-03 19:22:00,318 [eda534a7-7b74-4e57-b64c-9648af1c04af@group-FFB27D222916-LeaderElection88] INFO  impl.RoleInfo (RoleInfo.java:shutdownLeaderElection(134)) - eda534a7-7b74-4e57-b64c-9648af1c04af: shutdown LeaderElection
2019-10-03 19:22:00,318 [eda534a7-7b74-4e57-b64c-9648af1c04af@group-FFB27D222916-LeaderElection88] INFO  impl.RaftServerImpl (RaftServerImpl.java:setRole(170)) - eda534a7-7b74-4e57-b64c-9648af1c04af@group-FFB27D222916: changes role from CANDIDATE to LEADER at term 1 for changeToLeader
2019-10-03 19:22:00,318 [eda534a7-7b74-4e57-b64c-9648af1c04af@group-FFB27D222916-LeaderElection88] INFO  impl.RaftServerImpl (ServerState.java:setLeader(255)) - eda534a7-7b74-4e57-b64c-9648af1c04af@group-FFB27D222916: change Leader from null to eda534a7-7b74-4e57-b64c-9648af1c04af at term 1 for becomeLeader, leader elected after 5129ms
2019-10-03 19:22:00,318 [eda534a7-7b74-4e57-b64c-9648af1c04af@group-FFB27D222916-LeaderElection88] INFO  server.RaftServerConfigKeys (ConfUtils.java:logGet(43)) - raft.server.staging.catchup.gap = 1000 (default)
2019-10-03 19:22:00,318 [eda534a7-7b74-4e57-b64c-9648af1c04af@group-FFB27D222916-LeaderElection88] INFO  server.RaftServerConfigKeys (ConfUtils.java:logGet(43)) - raft.server.rpc.sleep.time = 25ms (default)
2019-10-03 19:22:00,319 [eda534a7-7b74-4e57-b64c-9648af1c04af@group-FFB27D222916-LeaderElection88] INFO  server.RaftServerConfigKeys (ConfUtils.java:logGet(43)) - raft.server.write.element-limit = 4096 (default)
2019-10-03 19:22:00,319 [eda534a7-7b74-4e57-b64c-9648af1c04af@group-FFB27D222916-LeaderElection88] INFO  server.RaftServerConfigKeys (ConfUtils.java:logGet(43)) - raft.server.watch.timeout = 10s (default)
2019-10-03 19:22:00,319 [eda534a7-7b74-4e57-b64c-9648af1c04af@group-FFB27D222916-LeaderElection88] INFO  server.RaftServerConfigKeys (ConfUtils.java:logGet(43)) - raft.server.watch.timeout.denomination = 1s (default)
2019-10-03 19:22:00,319 [eda534a7-7b74-4e57-b64c-9648af1c04af@group-FFB27D222916-LeaderElection88] INFO  server.RaftServerConfigKeys (ConfUtils.java:logGet(43)) - raft.server.watch.element-limit = 65536 (default)
2019-10-03 19:22:00,322 [eda534a7-7b74-4e57-b64c-9648af1c04af@group-FFB27D222916-LeaderElection88] INFO  impl.RoleInfo (RoleInfo.java:updateAndGet(143)) - eda534a7-7b74-4e57-b64c-9648af1c04af: start LeaderState
2019-10-03 19:22:00,322 [eda534a7-7b74-4e57-b64c-9648af1c04af@group-FFB27D222916-LeaderElection88] INFO  segmented.SegmentedRaftLogWorker (SegmentedRaftLogWorker.java:startLogSegment(385)) - eda534a7-7b74-4e57-b64c-9648af1c04af@group-FFB27D222916-SegmentedRaftLogWorker: Starting segment from index:0
2019-10-03 19:22:00,323 [eda534a7-7b74-4e57-b64c-9648af1c04af@group-FFB27D222916-LeaderElection88] INFO  impl.RaftServerImpl (ServerState.java:setRaftConf(356)) - eda534a7-7b74-4e57-b64c-9648af1c04af@group-FFB27D222916: set configuration 0: [eda534a7-7b74-4e57-b64c-9648af1c04af:192.168.151.100:35801], old=null at 0
2019-10-03 19:22:00,329 [Thread-2323] INFO  impl.FollowerState (FollowerState.java:run(108)) - 75750c1b-f5c7-4719-820b-2313078df079@group-4E9010F16AF1-FollowerState: change to CANDIDATE, lastRpcTime:5176ms, electionTimeout:5176ms
2019-10-03 19:22:00,329 [Thread-2323] INFO  impl.RoleInfo (RoleInfo.java:shutdownFollowerState(121)) - 75750c1b-f5c7-4719-820b-2313078df079: shutdown FollowerState
2019-10-03 19:22:00,329 [Thread-2323] INFO  impl.RaftServerImpl (RaftServerImpl.java:setRole(170)) - 75750c1b-f5c7-4719-820b-2313078df079@group-4E9010F16AF1: changes role from  FOLLOWER to CANDIDATE at term 0 for changeToCandidate
2019-10-03 19:22:00,329 [Thread-2323] INFO  impl.RoleInfo (RoleInfo.java:updateAndGet(143)) - 75750c1b-f5c7-4719-820b-2313078df079: start LeaderElection
2019-10-03 19:22:00,349 [Thread-2329] INFO  impl.FollowerState (FollowerState.java:run(108)) - 1062fd84-5ab7-43d7-bc06-1148bb86b928@group-C325817DD6E1-FollowerState: change to CANDIDATE, lastRpcTime:5083ms, electionTimeout:5069ms
2019-10-03 19:22:00,350 [Thread-2329] INFO  impl.RoleInfo (RoleInfo.java:shutdownFollowerState(121)) - 1062fd84-5ab7-43d7-bc06-1148bb86b928: shutdown FollowerState
2019-10-03 19:22:00,350 [Thread-2329] INFO  impl.RaftServerImpl (RaftServerImpl.java:setRole(170)) - 1062fd84-5ab7-43d7-bc06-1148bb86b928@group-C325817DD6E1: changes role from  FOLLOWER to CANDIDATE at term 0 for changeToCandidate
2019-10-03 19:22:00,350 [Thread-2329] INFO  impl.RoleInfo (RoleInfo.java:updateAndGet(143)) - 1062fd84-5ab7-43d7-bc06-1148bb86b928: start LeaderElection
2019-10-03 19:22:00,363 [eda534a7-7b74-4e57-b64c-9648af1c04af@group-FFB27D222916-SegmentedRaftLogWorker] INFO  segmented.SegmentedRaftLogWorker (SegmentedRaftLogWorker.java:execute(574)) - eda534a7-7b74-4e57-b64c-9648af1c04af@group-FFB27D222916-SegmentedRaftLogWorker: created new log segment /workdir/hadoop-ozone/integration-test/target/test-dir/MiniOzoneClusterImpl-1bf28b11-333b-477a-817b-2d1dec1d7f8a/datanode-5/data/ratis/ab34baa5-4721-45a0-b4af-ffb27d222916/current/log_inprogress_0
2019-10-03 19:22:00,363 [1062fd84-5ab7-43d7-bc06-1148bb86b928@group-C325817DD6E1-LeaderElection90] INFO  impl.LeaderElection (LeaderElection.java:askForVotes(178)) - 1062fd84-5ab7-43d7-bc06-1148bb86b928@group-C325817DD6E1-LeaderElection90: begin an election at term 1 for -1: [eda534a7-7b74-4e57-b64c-9648af1c04af:192.168.151.100:35801, 1062fd84-5ab7-43d7-bc06-1148bb86b928:192.168.151.100:42941, 75750c1b-f5c7-4719-820b-2313078df079:192.168.151.100:41474], old=null
2019-10-03 19:22:00,363 [75750c1b-f5c7-4719-820b-2313078df079@group-4E9010F16AF1-LeaderElection89] INFO  impl.LeaderElection (LeaderElection.java:askForVotes(178)) - 75750c1b-f5c7-4719-820b-2313078df079@group-4E9010F16AF1-LeaderElection89: begin an election at term 1 for -1: [75750c1b-f5c7-4719-820b-2313078df079:192.168.151.100:41474], old=null
2019-10-03 19:22:00,363 [75750c1b-f5c7-4719-820b-2313078df079@group-4E9010F16AF1-LeaderElection89] INFO  impl.RoleInfo (RoleInfo.java:shutdownLeaderElection(134)) - 75750c1b-f5c7-4719-820b-2313078df079: shutdown LeaderElection
2019-10-03 19:22:00,363 [75750c1b-f5c7-4719-820b-2313078df079@group-4E9010F16AF1-LeaderElection89] INFO  impl.RaftServerImpl (RaftServerImpl.java:setRole(170)) - 75750c1b-f5c7-4719-820b-2313078df079@group-4E9010F16AF1: changes role from CANDIDATE to LEADER at term 1 for changeToLeader
2019-10-03 19:22:00,363 [75750c1b-f5c7-4719-820b-2313078df079@group-4E9010F16AF1-LeaderElection89] INFO  impl.RaftServerImpl (ServerState.java:setLeader(255)) - 75750c1b-f5c7-4719-820b-2313078df079@group-4E9010F16AF1: change Leader from null to 75750c1b-f5c7-4719-820b-2313078df079 at term 1 for becomeLeader, leader elected after 5216ms
2019-10-03 19:22:00,363 [75750c1b-f5c7-4719-820b-2313078df079@group-4E9010F16AF1-LeaderElection89] INFO  server.RaftServerConfigKeys (ConfUtils.java:logGet(43)) - raft.server.staging.catchup.gap = 1000 (default)
2019-10-03 19:22:00,364 [75750c1b-f5c7-4719-820b-2313078df079@group-4E9010F16AF1-LeaderElection89] INFO  server.RaftServerConfigKeys (ConfUtils.java:logGet(43)) - raft.server.rpc.sleep.time = 25ms (default)
2019-10-03 19:22:00,364 [75750c1b-f5c7-4719-820b-2313078df079@group-4E9010F16AF1-LeaderElection89] INFO  server.RaftServerConfigKeys (ConfUtils.java:logGet(43)) - raft.server.write.element-limit = 4096 (default)
2019-10-03 19:22:00,364 [75750c1b-f5c7-4719-820b-2313078df079@group-4E9010F16AF1-LeaderElection89] INFO  server.RaftServerConfigKeys (ConfUtils.java:logGet(43)) - raft.server.watch.timeout = 10s (default)
2019-10-03 19:22:00,364 [75750c1b-f5c7-4719-820b-2313078df079@group-4E9010F16AF1-LeaderElection89] INFO  server.RaftServerConfigKeys (ConfUtils.java:logGet(43)) - raft.server.watch.timeout.denomination = 1s (default)
2019-10-03 19:22:00,364 [75750c1b-f5c7-4719-820b-2313078df079@group-4E9010F16AF1-LeaderElection89] INFO  server.RaftServerConfigKeys (ConfUtils.java:logGet(43)) - raft.server.watch.element-limit = 65536 (default)
2019-10-03 19:22:00,366 [75750c1b-f5c7-4719-820b-2313078df079@group-4E9010F16AF1-LeaderElection89] INFO  impl.RoleInfo (RoleInfo.java:updateAndGet(143)) - 75750c1b-f5c7-4719-820b-2313078df079: start LeaderState
2019-10-03 19:22:00,368 [grpc-default-executor-11] INFO  impl.RaftServerImpl (RaftServerImpl.java:setRole(170)) - eda534a7-7b74-4e57-b64c-9648af1c04af@group-C325817DD6E1: changes role from  FOLLOWER to FOLLOWER at term 1 for recognizeCandidate:1062fd84-5ab7-43d7-bc06-1148bb86b928
2019-10-03 19:22:00,368 [grpc-default-executor-11] INFO  impl.RoleInfo (RoleInfo.java:shutdownFollowerState(121)) - eda534a7-7b74-4e57-b64c-9648af1c04af: shutdown FollowerState
2019-10-03 19:22:00,368 [75750c1b-f5c7-4719-820b-2313078df079@group-4E9010F16AF1-LeaderElection89] INFO  segmented.SegmentedRaftLogWorker (SegmentedRaftLogWorker.java:startLogSegment(385)) - 75750c1b-f5c7-4719-820b-2313078df079@group-4E9010F16AF1-SegmentedRaftLogWorker: Starting segment from index:0
2019-10-03 19:22:00,368 [Thread-2332] INFO  impl.FollowerState (FollowerState.java:run(117)) - eda534a7-7b74-4e57-b64c-9648af1c04af@group-C325817DD6E1-FollowerState was interrupted: java.lang.InterruptedException: sleep interrupted
2019-10-03 19:22:00,368 [grpc-default-executor-11] INFO  impl.RoleInfo (RoleInfo.java:updateAndGet(143)) - eda534a7-7b74-4e57-b64c-9648af1c04af: start FollowerState
2019-10-03 19:22:00,369 [75750c1b-f5c7-4719-820b-2313078df079@group-4E9010F16AF1-LeaderElection89] INFO  impl.RaftServerImpl (ServerState.java:setRaftConf(356)) - 75750c1b-f5c7-4719-820b-2313078df079@group-4E9010F16AF1: set configuration 0: [75750c1b-f5c7-4719-820b-2313078df079:192.168.151.100:41474], old=null at 0
2019-10-03 19:22:00,396 [grpc-default-executor-10] INFO  impl.RaftServerImpl (RaftServerImpl.java:setRole(170)) - 75750c1b-f5c7-4719-820b-2313078df079@group-C325817DD6E1: changes role from  FOLLOWER to FOLLOWER at term 1 for recognizeCandidate:1062fd84-5ab7-43d7-bc06-1148bb86b928
2019-10-03 19:22:00,399 [grpc-default-executor-10] INFO  impl.RoleInfo (RoleInfo.java:shutdownFollowerState(121)) - 75750c1b-f5c7-4719-820b-2313078df079: shutdown FollowerState
2019-10-03 19:22:00,399 [grpc-default-executor-10] INFO  impl.RoleInfo (RoleInfo.java:updateAndGet(143)) - 75750c1b-f5c7-4719-820b-2313078df079: start FollowerState
2019-10-03 19:22:00,425 [75750c1b-f5c7-4719-820b-2313078df079@group-4E9010F16AF1-SegmentedRaftLogWorker] INFO  segmented.SegmentedRaftLogWorker (SegmentedRaftLogWorker.java:execute(574)) - 75750c1b-f5c7-4719-820b-2313078df079@group-4E9010F16AF1-SegmentedRaftLogWorker: created new log segment /workdir/hadoop-ozone/integration-test/target/test-dir/MiniOzoneClusterImpl-1bf28b11-333b-477a-817b-2d1dec1d7f8a/datanode-3/data/ratis/4209a89c-7e0a-493d-9214-4e9010f16af1/current/log_inprogress_0
2019-10-03 19:22:00,425 [1062fd84-5ab7-43d7-bc06-1148bb86b928@group-C325817DD6E1-LeaderElection90] INFO  impl.LeaderElection (LeaderElection.java:logAndReturn(56)) - 1062fd84-5ab7-43d7-bc06-1148bb86b928@group-C325817DD6E1-LeaderElection90: Election PASSED; received 1 response(s) [1062fd84-5ab7-43d7-bc06-1148bb86b928<-75750c1b-f5c7-4719-820b-2313078df079#0:OK-t1] and 0 exception(s); 1062fd84-5ab7-43d7-bc06-1148bb86b928@group-C325817DD6E1:t1, leader=null, voted=1062fd84-5ab7-43d7-bc06-1148bb86b928, raftlog=1062fd84-5ab7-43d7-bc06-1148bb86b928@group-C325817DD6E1-SegmentedRaftLog:OPENED:c-1,f-1,i0, conf=-1: [eda534a7-7b74-4e57-b64c-9648af1c04af:192.168.151.100:35801, 1062fd84-5ab7-43d7-bc06-1148bb86b928:192.168.151.100:42941, 75750c1b-f5c7-4719-820b-2313078df079:192.168.151.100:41474], old=null
2019-10-03 19:22:00,426 [1062fd84-5ab7-43d7-bc06-1148bb86b928@group-C325817DD6E1-LeaderElection90] INFO  impl.RoleInfo (RoleInfo.java:shutdownLeaderElection(134)) - 1062fd84-5ab7-43d7-bc06-1148bb86b928: shutdown LeaderElection
2019-10-03 19:22:00,426 [1062fd84-5ab7-43d7-bc06-1148bb86b928@group-C325817DD6E1-LeaderElection90] INFO  impl.RaftServerImpl (RaftServerImpl.java:setRole(170)) - 1062fd84-5ab7-43d7-bc06-1148bb86b928@group-C325817DD6E1: changes role from CANDIDATE to LEADER at term 1 for changeToLeader
2019-10-03 19:22:00,426 [1062fd84-5ab7-43d7-bc06-1148bb86b928@group-C325817DD6E1-LeaderElection90] INFO  impl.RaftServerImpl (ServerState.java:setLeader(255)) - 1062fd84-5ab7-43d7-bc06-1148bb86b928@group-C325817DD6E1: change Leader from null to 1062fd84-5ab7-43d7-bc06-1148bb86b928 at term 1 for becomeLeader, leader elected after 5166ms
2019-10-03 19:22:00,426 [1062fd84-5ab7-43d7-bc06-1148bb86b928@group-C325817DD6E1-LeaderElection90] INFO  server.RaftServerConfigKeys (ConfUtils.java:logGet(43)) - raft.server.staging.catchup.gap = 1000 (default)
2019-10-03 19:22:00,426 [1062fd84-5ab7-43d7-bc06-1148bb86b928@group-C325817DD6E1-LeaderElection90] INFO  server.RaftServerConfigKeys (ConfUtils.java:logGet(43)) - raft.server.rpc.sleep.time = 25ms (default)
2019-10-03 19:22:00,426 [1062fd84-5ab7-43d7-bc06-1148bb86b928@group-C325817DD6E1-LeaderElection90] INFO  server.RaftServerConfigKeys (ConfUtils.java:logGet(43)) - raft.server.write.element-limit = 4096 (default)
2019-10-03 19:22:00,426 [1062fd84-5ab7-43d7-bc06-1148bb86b928@group-C325817DD6E1-LeaderElection90] INFO  server.RaftServerConfigKeys (ConfUtils.java:logGet(43)) - raft.server.watch.timeout = 10s (default)
2019-10-03 19:22:00,427 [1062fd84-5ab7-43d7-bc06-1148bb86b928@group-C325817DD6E1-LeaderElection90] INFO  server.RaftServerConfigKeys (ConfUtils.java:logGet(43)) - raft.server.watch.timeout.denomination = 1s (default)
2019-10-03 19:22:00,427 [1062fd84-5ab7-43d7-bc06-1148bb86b928@group-C325817DD6E1-LeaderElection90] INFO  server.RaftServerConfigKeys (ConfUtils.java:logGet(43)) - raft.server.watch.element-limit = 65536 (default)
2019-10-03 19:22:00,428 [1062fd84-5ab7-43d7-bc06-1148bb86b928@group-C325817DD6E1-LeaderElection90] INFO  server.RaftServerConfigKeys (ConfUtils.java:logGet(43)) - raft.server.log.appender.snapshot.chunk.size.max = 16MB (=16777216) (default)
2019-10-03 19:22:00,428 [1062fd84-5ab7-43d7-bc06-1148bb86b928@group-C325817DD6E1-LeaderElection90] INFO  server.RaftServerConfigKeys (ConfUtils.java:logGet(43)) - raft.server.log.appender.buffer.byte-limit = 33554432 (custom)
2019-10-03 19:22:00,429 [1062fd84-5ab7-43d7-bc06-1148bb86b928@group-C325817DD6E1-LeaderElection90] INFO  server.RaftServerConfigKeys (ConfUtils.java:logGet(43)) - raft.server.log.appender.buffer.element-limit = 1 (custom)
2019-10-03 19:22:00,429 [1062fd84-5ab7-43d7-bc06-1148bb86b928@group-C325817DD6E1-LeaderElection90] INFO  grpc.GrpcConfigKeys$Server (ConfUtils.java:logGet(43)) - raft.grpc.server.leader.outstanding.appends.max = 128 (default)
2019-10-03 19:22:00,429 [1062fd84-5ab7-43d7-bc06-1148bb86b928@group-C325817DD6E1-LeaderElection90] INFO  server.RaftServerConfigKeys (ConfUtils.java:logGet(43)) - raft.server.rpc.request.timeout = 3000ms (default)
2019-10-03 19:22:00,429 [1062fd84-5ab7-43d7-bc06-1148bb86b928@group-C325817DD6E1-LeaderElection90] INFO  server.RaftServerConfigKeys (ConfUtils.java:logGet(43)) - raft.server.log.appender.install.snapshot.enabled = false (custom)
2019-10-03 19:22:00,429 [1062fd84-5ab7-43d7-bc06-1148bb86b928@group-C325817DD6E1-LeaderElection90] INFO  server.RaftServerConfigKeys (ConfUtils.java:logGet(43)) - raft.server.log.appender.snapshot.chunk.size.max = 16MB (=16777216) (default)
2019-10-03 19:22:00,429 [1062fd84-5ab7-43d7-bc06-1148bb86b928@group-C325817DD6E1-LeaderElection90] INFO  server.RaftServerConfigKeys (ConfUtils.java:logGet(43)) - raft.server.log.appender.buffer.byte-limit = 33554432 (custom)
2019-10-03 19:22:00,429 [1062fd84-5ab7-43d7-bc06-1148bb86b928@group-C325817DD6E1-LeaderElection90] INFO  server.RaftServerConfigKeys (ConfUtils.java:logGet(43)) - raft.server.log.appender.buffer.element-limit = 1 (custom)
2019-10-03 19:22:00,430 [1062fd84-5ab7-43d7-bc06-1148bb86b928@group-C325817DD6E1-LeaderElection90] INFO  grpc.GrpcConfigKeys$Server (ConfUtils.java:logGet(43)) - raft.grpc.server.leader.outstanding.appends.max = 128 (default)
2019-10-03 19:22:00,430 [1062fd84-5ab7-43d7-bc06-1148bb86b928@group-C325817DD6E1-LeaderElection90] INFO  server.RaftServerConfigKeys (ConfUtils.java:logGet(43)) - raft.server.rpc.request.timeout = 3000ms (default)
2019-10-03 19:22:00,430 [1062fd84-5ab7-43d7-bc06-1148bb86b928@group-C325817DD6E1-LeaderElection90] INFO  server.RaftServerConfigKeys (ConfUtils.java:logGet(43)) - raft.server.log.appender.install.snapshot.enabled = false (custom)
2019-10-03 19:22:00,430 [1062fd84-5ab7-43d7-bc06-1148bb86b928@group-C325817DD6E1-LeaderElection90] INFO  impl.RoleInfo (RoleInfo.java:updateAndGet(143)) - 1062fd84-5ab7-43d7-bc06-1148bb86b928: start LeaderState
2019-10-03 19:22:00,430 [1062fd84-5ab7-43d7-bc06-1148bb86b928@group-C325817DD6E1-LeaderElection90] INFO  segmented.SegmentedRaftLogWorker (SegmentedRaftLogWorker.java:startLogSegment(385)) - 1062fd84-5ab7-43d7-bc06-1148bb86b928@group-C325817DD6E1-SegmentedRaftLogWorker: Starting segment from index:0
2019-10-03 19:22:00,431 [1062fd84-5ab7-43d7-bc06-1148bb86b928@group-C325817DD6E1-LeaderElection90] INFO  impl.RaftServerImpl (ServerState.java:setRaftConf(356)) - 1062fd84-5ab7-43d7-bc06-1148bb86b928@group-C325817DD6E1: set configuration 0: [eda534a7-7b74-4e57-b64c-9648af1c04af:192.168.151.100:35801, 1062fd84-5ab7-43d7-bc06-1148bb86b928:192.168.151.100:42941, 75750c1b-f5c7-4719-820b-2313078df079:192.168.151.100:41474], old=null at 0
2019-10-03 19:22:00,432 [grpc-default-executor-10] INFO  impl.RaftServerImpl (ServerState.java:setLeader(255)) - 75750c1b-f5c7-4719-820b-2313078df079@group-C325817DD6E1: change Leader from null to 1062fd84-5ab7-43d7-bc06-1148bb86b928 at term 1 for appendEntries, leader elected after 5172ms
2019-10-03 19:22:00,471 [grpc-default-executor-10] INFO  impl.RaftServerImpl (ServerState.java:setRaftConf(356)) - 75750c1b-f5c7-4719-820b-2313078df079@group-C325817DD6E1: set configuration 0: [eda534a7-7b74-4e57-b64c-9648af1c04af:192.168.151.100:35801, 1062fd84-5ab7-43d7-bc06-1148bb86b928:192.168.151.100:42941, 75750c1b-f5c7-4719-820b-2313078df079:192.168.151.100:41474], old=null at 0
2019-10-03 19:22:00,471 [1062fd84-5ab7-43d7-bc06-1148bb86b928@group-C325817DD6E1-SegmentedRaftLogWorker] INFO  segmented.SegmentedRaftLogWorker (SegmentedRaftLogWorker.java:execute(574)) - 1062fd84-5ab7-43d7-bc06-1148bb86b928@group-C325817DD6E1-SegmentedRaftLogWorker: created new log segment /workdir/hadoop-ozone/integration-test/target/test-dir/MiniOzoneClusterImpl-1bf28b11-333b-477a-817b-2d1dec1d7f8a/datanode-4/data/ratis/5c22cb24-4129-4662-b22a-c325817dd6e1/current/log_inprogress_0
2019-10-03 19:22:00,471 [grpc-default-executor-11] INFO  impl.RaftServerImpl (ServerState.java:setLeader(255)) - eda534a7-7b74-4e57-b64c-9648af1c04af@group-C325817DD6E1: change Leader from null to 1062fd84-5ab7-43d7-bc06-1148bb86b928 at term 1 for appendEntries, leader elected after 5211ms
2019-10-03 19:22:00,471 [grpc-default-executor-10] INFO  segmented.SegmentedRaftLogWorker (SegmentedRaftLogWorker.java:startLogSegment(385)) - 75750c1b-f5c7-4719-820b-2313078df079@group-C325817DD6E1-SegmentedRaftLogWorker: Starting segment from index:0
2019-10-03 19:22:00,475 [grpc-default-executor-10] INFO  impl.RaftServerImpl (ServerState.java:setRaftConf(356)) - eda534a7-7b74-4e57-b64c-9648af1c04af@group-C325817DD6E1: set configuration 0: [eda534a7-7b74-4e57-b64c-9648af1c04af:192.168.151.100:35801, 1062fd84-5ab7-43d7-bc06-1148bb86b928:192.168.151.100:42941, 75750c1b-f5c7-4719-820b-2313078df079:192.168.151.100:41474], old=null at 0
2019-10-03 19:22:00,475 [grpc-default-executor-10] INFO  segmented.SegmentedRaftLogWorker (SegmentedRaftLogWorker.java:startLogSegment(385)) - eda534a7-7b74-4e57-b64c-9648af1c04af@group-C325817DD6E1-SegmentedRaftLogWorker: Starting segment from index:0
2019-10-03 19:22:00,513 [75750c1b-f5c7-4719-820b-2313078df079@group-C325817DD6E1-SegmentedRaftLogWorker] INFO  segmented.SegmentedRaftLogWorker (SegmentedRaftLogWorker.java:execute(574)) - 75750c1b-f5c7-4719-820b-2313078df079@group-C325817DD6E1-SegmentedRaftLogWorker: created new log segment /workdir/hadoop-ozone/integration-test/target/test-dir/MiniOzoneClusterImpl-1bf28b11-333b-477a-817b-2d1dec1d7f8a/datanode-3/data/ratis/5c22cb24-4129-4662-b22a-c325817dd6e1/current/log_inprogress_0
2019-10-03 19:22:00,530 [eda534a7-7b74-4e57-b64c-9648af1c04af@group-C325817DD6E1-SegmentedRaftLogWorker] INFO  segmented.SegmentedRaftLogWorker (SegmentedRaftLogWorker.java:execute(574)) - eda534a7-7b74-4e57-b64c-9648af1c04af@group-C325817DD6E1-SegmentedRaftLogWorker: created new log segment /workdir/hadoop-ozone/integration-test/target/test-dir/MiniOzoneClusterImpl-1bf28b11-333b-477a-817b-2d1dec1d7f8a/datanode-5/data/ratis/5c22cb24-4129-4662-b22a-c325817dd6e1/current/log_inprogress_0
2019-10-03 19:22:01,514 [Datanode State Machine Thread - 0] INFO  statemachine.DatanodeStateMachine (DatanodeStateMachine.java:lambda$startDaemon$0(350)) - Ozone container server started.
2019-10-03 19:22:05,524 [main] INFO  ozoneimpl.OzoneContainer (OzoneContainer.java:stop(231)) - Attempting to stop container services.
2019-10-03 19:22:05,525 [main] INFO  impl.RaftServerProxy (RaftServerProxy.java:lambda$close$4(314)) - 75676965-3590-498f-8463-e67f69dc5e1d: close
2019-10-03 19:22:05,526 [main] INFO  impl.RaftServerImpl (RaftServerImpl.java:lambda$shutdown$3(247)) - 75676965-3590-498f-8463-e67f69dc5e1d@group-884B05EE7FFC: shutdown
2019-10-03 19:22:05,526 [ForkJoinPool.commonPool-worker-1] INFO  impl.RaftServerImpl (RaftServerImpl.java:lambda$shutdown$3(247)) - 75676965-3590-498f-8463-e67f69dc5e1d@group-DEB1CFE98A23: shutdown
2019-10-03 19:22:05,526 [main] INFO  util.JmxRegister (JmxRegister.java:unregister(73)) - Successfully un-registered JMX Bean with object name Ratis:service=RaftServer,group=group-884B05EE7FFC,id=75676965-3590-498f-8463-e67f69dc5e1d
2019-10-03 19:22:05,526 [ForkJoinPool.commonPool-worker-1] INFO  util.JmxRegister (JmxRegister.java:unregister(73)) - Successfully un-registered JMX Bean with object name Ratis:service=RaftServer,group=group-DEB1CFE98A23,id=75676965-3590-498f-8463-e67f69dc5e1d
2019-10-03 19:22:05,526 [main] INFO  impl.RoleInfo (RoleInfo.java:shutdownLeaderState(104)) - 75676965-3590-498f-8463-e67f69dc5e1d: shutdown LeaderState
2019-10-03 19:22:05,527 [ForkJoinPool.commonPool-worker-1] INFO  impl.RoleInfo (RoleInfo.java:shutdownLeaderState(104)) - 75676965-3590-498f-8463-e67f69dc5e1d: shutdown LeaderState
2019-10-03 19:22:05,548 [org.apache.ratis.server.impl.LogAppender$AppenderDaemon$$Lambda$532/296326252@455bef2d] WARN  server.GrpcLogAppender (GrpcLogAppender.java:mayWait(143)) - 75676965-3590-498f-8463-e67f69dc5e1d@group-884B05EE7FFC->5593e91c-61bf-41ef-8e5d-4f9d2bd10ada-GrpcLogAppender: Wait interrupted by java.lang.InterruptedException
2019-10-03 19:22:05,548 [main] INFO  impl.PendingRequests (PendingRequests.java:sendNotLeaderResponses(202)) - 75676965-3590-498f-8463-e67f69dc5e1d@group-884B05EE7FFC-PendingRequests: sendNotLeaderResponses
2019-10-03 19:22:05,548 [org.apache.ratis.server.impl.LogAppender$AppenderDaemon$$Lambda$532/296326252@6f2bb12a] WARN  server.GrpcLogAppender (GrpcLogAppender.java:mayWait(143)) - 75676965-3590-498f-8463-e67f69dc5e1d@group-884B05EE7FFC->59ff08a0-bd7f-4daf-b30f-9bb7fccd9658-GrpcLogAppender: Wait interrupted by java.lang.InterruptedException
2019-10-03 19:22:05,548 [ForkJoinPool.commonPool-worker-1] INFO  impl.PendingRequests (PendingRequests.java:sendNotLeaderResponses(202)) - 75676965-3590-498f-8463-e67f69dc5e1d@group-DEB1CFE98A23-PendingRequests: sendNotLeaderResponses
2019-10-03 19:22:05,554 [grpc-default-executor-11] INFO  server.GrpcServerProtocolService (GrpcServerProtocolService.java:onCompleted(113)) - 59ff08a0-bd7f-4daf-b30f-9bb7fccd9658: Completed APPEND_ENTRIES, lastRequest: 75676965-3590-498f-8463-e67f69dc5e1d->59ff08a0-bd7f-4daf-b30f-9bb7fccd9658#5-t1, previous=(t:1, i:2), leaderCommit=2, initializing? false, entries: <empty>
2019-10-03 19:22:05,554 [grpc-default-executor-3] INFO  server.GrpcServerProtocolService (GrpcServerProtocolService.java:onCompleted(113)) - 5593e91c-61bf-41ef-8e5d-4f9d2bd10ada: Completed APPEND_ENTRIES, lastRequest: 75676965-3590-498f-8463-e67f69dc5e1d->5593e91c-61bf-41ef-8e5d-4f9d2bd10ada#5-t1, previous=(t:1, i:2), leaderCommit=2, initializing? false, entries: <empty>
2019-10-03 19:22:05,559 [main] INFO  impl.StateMachineUpdater (StateMachineUpdater.java:stopAndJoin(136)) - 75676965-3590-498f-8463-e67f69dc5e1d@group-884B05EE7FFC-StateMachineUpdater: set stopIndex = 2
2019-10-03 19:22:05,559 [ForkJoinPool.commonPool-worker-1] INFO  impl.StateMachineUpdater (StateMachineUpdater.java:stopAndJoin(136)) - 75676965-3590-498f-8463-e67f69dc5e1d@group-DEB1CFE98A23-StateMachineUpdater: set stopIndex = 0
2019-10-03 19:22:05,559 [75676965-3590-498f-8463-e67f69dc5e1d@group-884B05EE7FFC-StateMachineUpdater] INFO  ratis.ContainerStateMachine (ContainerStateMachine.java:takeSnapshot(293)) - group-884B05EE7FFC: Taking a snapshot at:(t:1, i:2) file /workdir/hadoop-ozone/integration-test/target/test-dir/MiniOzoneClusterImpl-1bf28b11-333b-477a-817b-2d1dec1d7f8a/datanode-2/data/ratis/d554a574-157c-4145-9185-884b05ee7ffc/sm/snapshot.1_2
2019-10-03 19:22:05,560 [ForkJoinPool.commonPool-worker-1] INFO  impl.RaftServerImpl (ServerState.java:close(387)) - 75676965-3590-498f-8463-e67f69dc5e1d@group-DEB1CFE98A23: closes. applyIndex: 0
2019-10-03 19:22:05,561 [grpc-default-executor-0] INFO  server.GrpcLogAppender (GrpcLogAppender.java:onCompleted(293)) - 75676965-3590-498f-8463-e67f69dc5e1d@group-884B05EE7FFC->5593e91c-61bf-41ef-8e5d-4f9d2bd10ada-AppendLogResponseHandler: follower responses appendEntries COMPLETED
2019-10-03 19:22:05,560 [grpc-default-executor-3] INFO  server.GrpcLogAppender (GrpcLogAppender.java:onCompleted(293)) - 75676965-3590-498f-8463-e67f69dc5e1d@group-884B05EE7FFC->59ff08a0-bd7f-4daf-b30f-9bb7fccd9658-AppendLogResponseHandler: follower responses appendEntries COMPLETED
2019-10-03 19:22:05,561 [75676965-3590-498f-8463-e67f69dc5e1d@group-DEB1CFE98A23-SegmentedRaftLogWorker] INFO  segmented.SegmentedRaftLogWorker (SegmentedRaftLogWorker.java:run(316)) - 75676965-3590-498f-8463-e67f69dc5e1d@group-DEB1CFE98A23-SegmentedRaftLogWorker was interrupted, exiting. There are 0 tasks remaining in the queue.
2019-10-03 19:22:05,564 [grpc-default-executor-0] INFO  impl.FollowerInfo (FollowerInfo.java:lambda$new$0(51)) - 75676965-3590-498f-8463-e67f69dc5e1d@group-884B05EE7FFC->5593e91c-61bf-41ef-8e5d-4f9d2bd10ada: nextIndex: updateUnconditionally 3 -> 2
2019-10-03 19:22:05,564 [grpc-default-executor-3] INFO  impl.FollowerInfo (FollowerInfo.java:lambda$new$0(51)) - 75676965-3590-498f-8463-e67f69dc5e1d@group-884B05EE7FFC->59ff08a0-bd7f-4daf-b30f-9bb7fccd9658: nextIndex: updateUnconditionally 3 -> 2
2019-10-03 19:22:05,572 [ForkJoinPool.commonPool-worker-1] INFO  segmented.SegmentedRaftLogWorker (SegmentedRaftLogWorker.java:close(224)) - 75676965-3590-498f-8463-e67f69dc5e1d@group-DEB1CFE98A23-SegmentedRaftLogWorker close()
2019-10-03 19:22:05,576 [75676965-3590-498f-8463-e67f69dc5e1d@group-884B05EE7FFC-StateMachineUpdater] INFO  ratis.ContainerStateMachine (ContainerStateMachine.java:takeSnapshot(304)) - group-884B05EE7FFC: Finished taking a snapshot at:(t:1, i:2) file:/workdir/hadoop-ozone/integration-test/target/test-dir/MiniOzoneClusterImpl-1bf28b11-333b-477a-817b-2d1dec1d7f8a/datanode-2/data/ratis/d554a574-157c-4145-9185-884b05ee7ffc/sm/snapshot.1_2 time:16
2019-10-03 19:22:05,576 [75676965-3590-498f-8463-e67f69dc5e1d@group-884B05EE7FFC-StateMachineUpdater] INFO  impl.StateMachineUpdater (StateMachineUpdater.java:takeSnapshot(269)) - 75676965-3590-498f-8463-e67f69dc5e1d@group-884B05EE7FFC-StateMachineUpdater: Took a snapshot at index 2
2019-10-03 19:22:05,576 [75676965-3590-498f-8463-e67f69dc5e1d@group-884B05EE7FFC-StateMachineUpdater] INFO  impl.StateMachineUpdater (StateMachineUpdater.java:lambda$new$0(84)) - 75676965-3590-498f-8463-e67f69dc5e1d@group-884B05EE7FFC-StateMachineUpdater: snapshotIndex: updateIncreasingly -1 -> 2
2019-10-03 19:22:05,576 [main] INFO  impl.RaftServerImpl (ServerState.java:close(387)) - 75676965-3590-498f-8463-e67f69dc5e1d@group-884B05EE7FFC: closes. applyIndex: 2
2019-10-03 19:22:05,577 [75676965-3590-498f-8463-e67f69dc5e1d@group-884B05EE7FFC-SegmentedRaftLogWorker] INFO  segmented.SegmentedRaftLogWorker (SegmentedRaftLogWorker.java:run(316)) - 75676965-3590-498f-8463-e67f69dc5e1d@group-884B05EE7FFC-SegmentedRaftLogWorker was interrupted, exiting. There are 0 tasks remaining in the queue.
2019-10-03 19:22:05,578 [main] INFO  segmented.SegmentedRaftLogWorker (SegmentedRaftLogWorker.java:close(224)) - 75676965-3590-498f-8463-e67f69dc5e1d@group-884B05EE7FFC-SegmentedRaftLogWorker close()
2019-10-03 19:22:05,582 [main] INFO  server.GrpcService (GrpcService.java:closeImpl(164)) - 75676965-3590-498f-8463-e67f69dc5e1d: shutdown server with port 46299 now
2019-10-03 19:22:05,583 [main] INFO  server.GrpcService (GrpcService.java:closeImpl(172)) - 75676965-3590-498f-8463-e67f69dc5e1d: shutdown server with port 46299 successfully
2019-10-03 19:22:05,587 [refreshUsed-/workdir/hadoop-ozone/integration-test/target/test-dir/MiniOzoneClusterImpl-1bf28b11-333b-477a-817b-2d1dec1d7f8a/datanode-2/data/containers] WARN  fs.CachingGetSpaceUsed (CachingGetSpaceUsed.java:run(183)) - Thread Interrupted waiting to refresh disk information: sleep interrupted
2019-10-03 19:22:05,609 [main] INFO  utils.BackgroundService (BackgroundService.java:shutdown(148)) - Shutting down service BlockDeletingService
2019-10-03 19:22:05,617 [main] INFO  statemachine.DatanodeStateMachine (DatanodeStateMachine.java:stopDaemon(395)) - Ozone container server stopped.
2019-10-03 19:22:05,619 [main] INFO  handler.ContextHandler (ContextHandler.java:doStop(910)) - Stopped o.e.j.w.WebAppContext@2bec068b{/,null,UNAVAILABLE}{/hddsDatanode}
2019-10-03 19:22:05,619 [main] INFO  server.AbstractConnector (AbstractConnector.java:doStop(318)) - Stopped ServerConnector@7d59e968{HTTP/1.1,[http/1.1]}{0.0.0.0:0}
2019-10-03 19:22:05,620 [main] INFO  handler.ContextHandler (ContextHandler.java:doStop(910)) - Stopped o.e.j.s.ServletContextHandler@2506b881{/static,jar:file:/home/user/.m2/repository/org/apache/hadoop/hadoop-hdds-container-service/0.5.0-SNAPSHOT/hadoop-hdds-container-service-0.5.0-SNAPSHOT.jar!/webapps/static,UNAVAILABLE}
2019-10-03 19:22:05,620 [main] INFO  handler.ContextHandler (ContextHandler.java:doStop(910)) - Stopped o.e.j.s.ServletContextHandler@4a2bf50f{/logs,file:///workdir/hadoop-ozone/integration-test/target/log,UNAVAILABLE}
2019-10-03 19:22:15,350 [Thread-2356] INFO  impl.FollowerState (FollowerState.java:run(108)) - 5593e91c-61bf-41ef-8e5d-4f9d2bd10ada@group-884B05EE7FFC-FollowerState: change to CANDIDATE, lastRpcTime:9929ms, electionTimeout:5180ms
2019-10-03 19:22:15,351 [Thread-2356] INFO  impl.RoleInfo (RoleInfo.java:shutdownFollowerState(121)) - 5593e91c-61bf-41ef-8e5d-4f9d2bd10ada: shutdown FollowerState
2019-10-03 19:22:15,351 [Thread-2356] INFO  impl.RaftServerImpl (RaftServerImpl.java:setRole(170)) - 5593e91c-61bf-41ef-8e5d-4f9d2bd10ada@group-884B05EE7FFC: changes role from  FOLLOWER to CANDIDATE at term 1 for changeToCandidate
2019-10-03 19:22:15,351 [Thread-2356] INFO  impl.RoleInfo (RoleInfo.java:updateAndGet(143)) - 5593e91c-61bf-41ef-8e5d-4f9d2bd10ada: start LeaderElection
2019-10-03 19:22:15,351 [5593e91c-61bf-41ef-8e5d-4f9d2bd10ada@group-884B05EE7FFC-LeaderElection91] INFO  impl.RaftServerImpl (ServerState.java:setLeader(255)) - 5593e91c-61bf-41ef-8e5d-4f9d2bd10ada@group-884B05EE7FFC: change Leader from 75676965-3590-498f-8463-e67f69dc5e1d to null at term 1 for initElection
2019-10-03 19:22:15,365 [5593e91c-61bf-41ef-8e5d-4f9d2bd10ada@group-884B05EE7FFC-LeaderElection91] INFO  impl.LeaderElection (LeaderElection.java:askForVotes(178)) - 5593e91c-61bf-41ef-8e5d-4f9d2bd10ada@group-884B05EE7FFC-LeaderElection91: begin an election at term 2 for 0: [59ff08a0-bd7f-4daf-b30f-9bb7fccd9658:192.168.151.100:35798, 75676965-3590-498f-8463-e67f69dc5e1d:192.168.151.100:46299, 5593e91c-61bf-41ef-8e5d-4f9d2bd10ada:192.168.151.100:37661], old=null
2019-10-03 19:22:15,368 [5593e91c-61bf-41ef-8e5d-4f9d2bd10ada@group-884B05EE7FFC-LeaderElection91] INFO  impl.LeaderElection (LogUtils.java:infoOrTrace(149)) - 5593e91c-61bf-41ef-8e5d-4f9d2bd10ada@group-884B05EE7FFC-LeaderElection91 got exception when requesting votes: {}
java.util.concurrent.ExecutionException: org.apache.ratis.thirdparty.io.grpc.StatusRuntimeException: UNAVAILABLE: io exception
	at java.util.concurrent.FutureTask.report(FutureTask.java:122)
	at java.util.concurrent.FutureTask.get(FutureTask.java:192)
	at org.apache.ratis.server.impl.LeaderElection.waitForResults(LeaderElection.java:259)
	at org.apache.ratis.server.impl.LeaderElection.askForVotes(LeaderElection.java:197)
	at org.apache.ratis.server.impl.LeaderElection.run(LeaderElection.java:133)
	at java.lang.Thread.run(Thread.java:748)
Caused by: org.apache.ratis.thirdparty.io.grpc.StatusRuntimeException: UNAVAILABLE: io exception
	at org.apache.ratis.thirdparty.io.grpc.stub.ClientCalls.toStatusRuntimeException(ClientCalls.java:233)
	at org.apache.ratis.thirdparty.io.grpc.stub.ClientCalls.getUnchecked(ClientCalls.java:214)
	at org.apache.ratis.thirdparty.io.grpc.stub.ClientCalls.blockingUnaryCall(ClientCalls.java:139)
	at org.apache.ratis.proto.grpc.RaftServerProtocolServiceGrpc$RaftServerProtocolServiceBlockingStub.requestVote(RaftServerProtocolServiceGrpc.java:265)
	at org.apache.ratis.grpc.server.GrpcServerProtocolClient.requestVote(GrpcServerProtocolClient.java:99)
	at org.apache.ratis.grpc.server.GrpcService.requestVote(GrpcService.java:204)
	at org.apache.ratis.server.impl.LeaderElection.lambda$submitRequests$1(LeaderElection.java:234)
	at java.util.concurrent.FutureTask.run(FutureTask.java:266)
	at java.util.concurrent.Executors$RunnableAdapter.call(Executors.java:511)
	at java.util.concurrent.FutureTask.run(FutureTask.java:266)
	at java.util.concurrent.ThreadPoolExecutor.runWorker(ThreadPoolExecutor.java:1149)
	at java.util.concurrent.ThreadPoolExecutor$Worker.run(ThreadPoolExecutor.java:624)
	... 1 more
Caused by: org.apache.ratis.thirdparty.io.netty.channel.AbstractChannel$AnnotatedConnectException: Connection refused: /192.168.151.100:46299
	at sun.nio.ch.SocketChannelImpl.checkConnect(Native Method)
	at sun.nio.ch.SocketChannelImpl.finishConnect(SocketChannelImpl.java:717)
	at org.apache.ratis.thirdparty.io.netty.channel.socket.nio.NioSocketChannel.doFinishConnect(NioSocketChannel.java:327)
	at org.apache.ratis.thirdparty.io.netty.channel.nio.AbstractNioChannel$AbstractNioUnsafe.finishConnect(AbstractNioChannel.java:340)
	at org.apache.ratis.thirdparty.io.netty.channel.nio.NioEventLoop.processSelectedKey(NioEventLoop.java:632)
	at org.apache.ratis.thirdparty.io.netty.channel.nio.NioEventLoop.processSelectedKeysOptimized(NioEventLoop.java:579)
	at org.apache.ratis.thirdparty.io.netty.channel.nio.NioEventLoop.processSelectedKeys(NioEventLoop.java:496)
	at org.apache.ratis.thirdparty.io.netty.channel.nio.NioEventLoop.run(NioEventLoop.java:458)
	at org.apache.ratis.thirdparty.io.netty.util.concurrent.SingleThreadEventExecutor$5.run(SingleThreadEventExecutor.java:897)
	at org.apache.ratis.thirdparty.io.netty.util.concurrent.FastThreadLocalRunnable.run(FastThreadLocalRunnable.java:30)
	... 1 more
Caused by: java.net.ConnectException: Connection refused
	... 11 more
2019-10-03 19:22:15,370 [grpc-default-executor-3] INFO  impl.RaftServerImpl (ServerState.java:setLeader(255)) - 59ff08a0-bd7f-4daf-b30f-9bb7fccd9658@group-884B05EE7FFC: change Leader from 75676965-3590-498f-8463-e67f69dc5e1d to null at term 2 for updateCurrentTerm
2019-10-03 19:22:15,371 [grpc-default-executor-3] INFO  impl.RaftServerImpl (RaftServerImpl.java:setRole(170)) - 59ff08a0-bd7f-4daf-b30f-9bb7fccd9658@group-884B05EE7FFC: changes role from  FOLLOWER to FOLLOWER at term 2 for recognizeCandidate:5593e91c-61bf-41ef-8e5d-4f9d2bd10ada
2019-10-03 19:22:15,371 [grpc-default-executor-3] INFO  impl.RoleInfo (RoleInfo.java:shutdownFollowerState(121)) - 59ff08a0-bd7f-4daf-b30f-9bb7fccd9658: shutdown FollowerState
2019-10-03 19:22:15,371 [grpc-default-executor-3] INFO  impl.RoleInfo (RoleInfo.java:updateAndGet(143)) - 59ff08a0-bd7f-4daf-b30f-9bb7fccd9658: start FollowerState
2019-10-03 19:22:15,371 [Thread-2357] INFO  impl.FollowerState (FollowerState.java:run(117)) - 59ff08a0-bd7f-4daf-b30f-9bb7fccd9658@group-884B05EE7FFC-FollowerState was interrupted: java.lang.InterruptedException: sleep interrupted
2019-10-03 19:22:15,386 [5593e91c-61bf-41ef-8e5d-4f9d2bd10ada@group-884B05EE7FFC-LeaderElection91] INFO  impl.LeaderElection (LeaderElection.java:logAndReturn(56)) - 5593e91c-61bf-41ef-8e5d-4f9d2bd10ada@group-884B05EE7FFC-LeaderElection91: Election PASSED; received 1 response(s) [5593e91c-61bf-41ef-8e5d-4f9d2bd10ada<-59ff08a0-bd7f-4daf-b30f-9bb7fccd9658#0:OK-t2] and 1 exception(s); 5593e91c-61bf-41ef-8e5d-4f9d2bd10ada@group-884B05EE7FFC:t2, leader=null, voted=5593e91c-61bf-41ef-8e5d-4f9d2bd10ada, raftlog=5593e91c-61bf-41ef-8e5d-4f9d2bd10ada@group-884B05EE7FFC-SegmentedRaftLog:OPENED:c2,f2,i2, conf=0: [59ff08a0-bd7f-4daf-b30f-9bb7fccd9658:192.168.151.100:35798, 75676965-3590-498f-8463-e67f69dc5e1d:192.168.151.100:46299, 5593e91c-61bf-41ef-8e5d-4f9d2bd10ada:192.168.151.100:37661], old=null
2019-10-03 19:22:15,386 [5593e91c-61bf-41ef-8e5d-4f9d2bd10ada@group-884B05EE7FFC-LeaderElection91] INFO  impl.LeaderElection (LogUtils.java:infoOrTrace(149)) -   Exception 0: {}
java.util.concurrent.ExecutionException: org.apache.ratis.thirdparty.io.grpc.StatusRuntimeException: UNAVAILABLE: io exception
	at java.util.concurrent.FutureTask.report(FutureTask.java:122)
	at java.util.concurrent.FutureTask.get(FutureTask.java:192)
	at org.apache.ratis.server.impl.LeaderElection.waitForResults(LeaderElection.java:259)
	at org.apache.ratis.server.impl.LeaderElection.askForVotes(LeaderElection.java:197)
	at org.apache.ratis.server.impl.LeaderElection.run(LeaderElection.java:133)
	at java.lang.Thread.run(Thread.java:748)
Caused by: org.apache.ratis.thirdparty.io.grpc.StatusRuntimeException: UNAVAILABLE: io exception
	at org.apache.ratis.thirdparty.io.grpc.stub.ClientCalls.toStatusRuntimeException(ClientCalls.java:233)
	at org.apache.ratis.thirdparty.io.grpc.stub.ClientCalls.getUnchecked(ClientCalls.java:214)
	at org.apache.ratis.thirdparty.io.grpc.stub.ClientCalls.blockingUnaryCall(ClientCalls.java:139)
	at org.apache.ratis.proto.grpc.RaftServerProtocolServiceGrpc$RaftServerProtocolServiceBlockingStub.requestVote(RaftServerProtocolServiceGrpc.java:265)
	at org.apache.ratis.grpc.server.GrpcServerProtocolClient.requestVote(GrpcServerProtocolClient.java:99)
	at org.apache.ratis.grpc.server.GrpcService.requestVote(GrpcService.java:204)
	at org.apache.ratis.server.impl.LeaderElection.lambda$submitRequests$1(LeaderElection.java:234)
	at java.util.concurrent.FutureTask.run(FutureTask.java:266)
	at java.util.concurrent.Executors$RunnableAdapter.call(Executors.java:511)
	at java.util.concurrent.FutureTask.run(FutureTask.java:266)
	at java.util.concurrent.ThreadPoolExecutor.runWorker(ThreadPoolExecutor.java:1149)
	at java.util.concurrent.ThreadPoolExecutor$Worker.run(ThreadPoolExecutor.java:624)
	... 1 more
Caused by: org.apache.ratis.thirdparty.io.netty.channel.AbstractChannel$AnnotatedConnectException: Connection refused: /192.168.151.100:46299
	at sun.nio.ch.SocketChannelImpl.checkConnect(Native Method)
	at sun.nio.ch.SocketChannelImpl.finishConnect(SocketChannelImpl.java:717)
	at org.apache.ratis.thirdparty.io.netty.channel.socket.nio.NioSocketChannel.doFinishConnect(NioSocketChannel.java:327)
	at org.apache.ratis.thirdparty.io.netty.channel.nio.AbstractNioChannel$AbstractNioUnsafe.finishConnect(AbstractNioChannel.java:340)
	at org.apache.ratis.thirdparty.io.netty.channel.nio.NioEventLoop.processSelectedKey(NioEventLoop.java:632)
	at org.apache.ratis.thirdparty.io.netty.channel.nio.NioEventLoop.processSelectedKeysOptimized(NioEventLoop.java:579)
	at org.apache.ratis.thirdparty.io.netty.channel.nio.NioEventLoop.processSelectedKeys(NioEventLoop.java:496)
	at org.apache.ratis.thirdparty.io.netty.channel.nio.NioEventLoop.run(NioEventLoop.java:458)
	at org.apache.ratis.thirdparty.io.netty.util.concurrent.SingleThreadEventExecutor$5.run(SingleThreadEventExecutor.java:897)
	at org.apache.ratis.thirdparty.io.netty.util.concurrent.FastThreadLocalRunnable.run(FastThreadLocalRunnable.java:30)
	... 1 more
Caused by: java.net.ConnectException: Connection refused
	... 11 more
2019-10-03 19:22:15,386 [5593e91c-61bf-41ef-8e5d-4f9d2bd10ada@group-884B05EE7FFC-LeaderElection91] INFO  impl.RoleInfo (RoleInfo.java:shutdownLeaderElection(134)) - 5593e91c-61bf-41ef-8e5d-4f9d2bd10ada: shutdown LeaderElection
2019-10-03 19:22:15,386 [5593e91c-61bf-41ef-8e5d-4f9d2bd10ada@group-884B05EE7FFC-LeaderElection91] INFO  impl.RaftServerImpl (RaftServerImpl.java:setRole(170)) - 5593e91c-61bf-41ef-8e5d-4f9d2bd10ada@group-884B05EE7FFC: changes role from CANDIDATE to LEADER at term 2 for changeToLeader
2019-10-03 19:22:15,386 [5593e91c-61bf-41ef-8e5d-4f9d2bd10ada@group-884B05EE7FFC-LeaderElection91] INFO  impl.RaftServerImpl (ServerState.java:setLeader(255)) - 5593e91c-61bf-41ef-8e5d-4f9d2bd10ada@group-884B05EE7FFC: change Leader from null to 5593e91c-61bf-41ef-8e5d-4f9d2bd10ada at term 2 for becomeLeader, leader elected after 35ms
2019-10-03 19:22:15,387 [5593e91c-61bf-41ef-8e5d-4f9d2bd10ada@group-884B05EE7FFC-LeaderElection91] INFO  server.RaftServerConfigKeys (ConfUtils.java:logGet(43)) - raft.server.staging.catchup.gap = 1000 (default)
2019-10-03 19:22:15,387 [5593e91c-61bf-41ef-8e5d-4f9d2bd10ada@group-884B05EE7FFC-LeaderElection91] INFO  server.RaftServerConfigKeys (ConfUtils.java:logGet(43)) - raft.server.rpc.sleep.time = 25ms (default)
2019-10-03 19:22:15,387 [5593e91c-61bf-41ef-8e5d-4f9d2bd10ada@group-884B05EE7FFC-LeaderElection91] INFO  server.RaftServerConfigKeys (ConfUtils.java:logGet(43)) - raft.server.write.element-limit = 4096 (default)
2019-10-03 19:22:15,387 [5593e91c-61bf-41ef-8e5d-4f9d2bd10ada@group-884B05EE7FFC-LeaderElection91] INFO  server.RaftServerConfigKeys (ConfUtils.java:logGet(43)) - raft.server.watch.timeout = 10s (default)
2019-10-03 19:22:15,387 [5593e91c-61bf-41ef-8e5d-4f9d2bd10ada@group-884B05EE7FFC-LeaderElection91] INFO  server.RaftServerConfigKeys (ConfUtils.java:logGet(43)) - raft.server.watch.timeout.denomination = 1s (default)
2019-10-03 19:22:15,388 [5593e91c-61bf-41ef-8e5d-4f9d2bd10ada@group-884B05EE7FFC-LeaderElection91] INFO  server.RaftServerConfigKeys (ConfUtils.java:logGet(43)) - raft.server.watch.element-limit = 65536 (default)
2019-10-03 19:22:15,390 [5593e91c-61bf-41ef-8e5d-4f9d2bd10ada@group-884B05EE7FFC-LeaderElection91] INFO  server.RaftServerConfigKeys (ConfUtils.java:logGet(43)) - raft.server.log.appender.snapshot.chunk.size.max = 16MB (=16777216) (default)
2019-10-03 19:22:15,390 [5593e91c-61bf-41ef-8e5d-4f9d2bd10ada@group-884B05EE7FFC-LeaderElection91] INFO  server.RaftServerConfigKeys (ConfUtils.java:logGet(43)) - raft.server.log.appender.buffer.byte-limit = 33554432 (custom)
2019-10-03 19:22:15,390 [5593e91c-61bf-41ef-8e5d-4f9d2bd10ada@group-884B05EE7FFC-LeaderElection91] INFO  server.RaftServerConfigKeys (ConfUtils.java:logGet(43)) - raft.server.log.appender.buffer.element-limit = 1 (custom)
2019-10-03 19:22:15,391 [5593e91c-61bf-41ef-8e5d-4f9d2bd10ada@group-884B05EE7FFC-LeaderElection91] INFO  grpc.GrpcConfigKeys$Server (ConfUtils.java:logGet(43)) - raft.grpc.server.leader.outstanding.appends.max = 128 (default)
2019-10-03 19:22:15,391 [5593e91c-61bf-41ef-8e5d-4f9d2bd10ada@group-884B05EE7FFC-LeaderElection91] INFO  server.RaftServerConfigKeys (ConfUtils.java:logGet(43)) - raft.server.rpc.request.timeout = 3000ms (default)
2019-10-03 19:22:15,391 [5593e91c-61bf-41ef-8e5d-4f9d2bd10ada@group-884B05EE7FFC-LeaderElection91] INFO  server.RaftServerConfigKeys (ConfUtils.java:logGet(43)) - raft.server.log.appender.install.snapshot.enabled = false (custom)
2019-10-03 19:22:15,391 [5593e91c-61bf-41ef-8e5d-4f9d2bd10ada@group-884B05EE7FFC-LeaderElection91] INFO  server.RaftServerConfigKeys (ConfUtils.java:logGet(43)) - raft.server.log.appender.snapshot.chunk.size.max = 16MB (=16777216) (default)
2019-10-03 19:22:15,391 [5593e91c-61bf-41ef-8e5d-4f9d2bd10ada@group-884B05EE7FFC-LeaderElection91] INFO  server.RaftServerConfigKeys (ConfUtils.java:logGet(43)) - raft.server.log.appender.buffer.byte-limit = 33554432 (custom)
2019-10-03 19:22:15,391 [5593e91c-61bf-41ef-8e5d-4f9d2bd10ada@group-884B05EE7FFC-LeaderElection91] INFO  server.RaftServerConfigKeys (ConfUtils.java:logGet(43)) - raft.server.log.appender.buffer.element-limit = 1 (custom)
2019-10-03 19:22:15,392 [5593e91c-61bf-41ef-8e5d-4f9d2bd10ada@group-884B05EE7FFC-LeaderElection91] INFO  grpc.GrpcConfigKeys$Server (ConfUtils.java:logGet(43)) - raft.grpc.server.leader.outstanding.appends.max = 128 (default)
2019-10-03 19:22:15,392 [5593e91c-61bf-41ef-8e5d-4f9d2bd10ada@group-884B05EE7FFC-LeaderElection91] INFO  server.RaftServerConfigKeys (ConfUtils.java:logGet(43)) - raft.server.rpc.request.timeout = 3000ms (default)
2019-10-03 19:22:15,392 [5593e91c-61bf-41ef-8e5d-4f9d2bd10ada@group-884B05EE7FFC-LeaderElection91] INFO  server.RaftServerConfigKeys (ConfUtils.java:logGet(43)) - raft.server.log.appender.install.snapshot.enabled = false (custom)
2019-10-03 19:22:15,392 [5593e91c-61bf-41ef-8e5d-4f9d2bd10ada@group-884B05EE7FFC-LeaderElection91] INFO  impl.RoleInfo (RoleInfo.java:updateAndGet(143)) - 5593e91c-61bf-41ef-8e5d-4f9d2bd10ada: start LeaderState
2019-10-03 19:22:15,393 [5593e91c-61bf-41ef-8e5d-4f9d2bd10ada@group-884B05EE7FFC-LeaderElection91] INFO  segmented.SegmentedRaftLogWorker (SegmentedRaftLogWorker.java:rollLogSegment(390)) - 5593e91c-61bf-41ef-8e5d-4f9d2bd10ada@group-884B05EE7FFC-SegmentedRaftLogWorker: Rolling segment log-0_2 to index:2
2019-10-03 19:22:15,396 [5593e91c-61bf-41ef-8e5d-4f9d2bd10ada@group-884B05EE7FFC-LeaderElection91] INFO  impl.RaftServerImpl (ServerState.java:setRaftConf(356)) - 5593e91c-61bf-41ef-8e5d-4f9d2bd10ada@group-884B05EE7FFC: set configuration 3: [59ff08a0-bd7f-4daf-b30f-9bb7fccd9658:192.168.151.100:35798, 75676965-3590-498f-8463-e67f69dc5e1d:192.168.151.100:46299, 5593e91c-61bf-41ef-8e5d-4f9d2bd10ada:192.168.151.100:37661], old=null at 3
2019-10-03 19:22:15,396 [grpc-default-executor-3] WARN  server.GrpcLogAppender (LogUtils.java:warn(134)) - 5593e91c-61bf-41ef-8e5d-4f9d2bd10ada@group-884B05EE7FFC->75676965-3590-498f-8463-e67f69dc5e1d-AppendLogResponseHandler: Failed appendEntries: org.apache.ratis.thirdparty.io.grpc.StatusRuntimeException: UNAVAILABLE: io exception
2019-10-03 19:22:15,403 [grpc-default-executor-3] INFO  impl.FollowerInfo (FollowerInfo.java:lambda$new$0(51)) - 5593e91c-61bf-41ef-8e5d-4f9d2bd10ada@group-884B05EE7FFC->75676965-3590-498f-8463-e67f69dc5e1d: nextIndex: updateUnconditionally 3 -> 1
2019-10-03 19:22:15,404 [5593e91c-61bf-41ef-8e5d-4f9d2bd10ada@group-884B05EE7FFC-SegmentedRaftLogWorker] INFO  segmented.SegmentedRaftLogWorker (SegmentedRaftLogWorker.java:execute(531)) - 5593e91c-61bf-41ef-8e5d-4f9d2bd10ada@group-884B05EE7FFC-SegmentedRaftLogWorker: Rolled log segment from /workdir/hadoop-ozone/integration-test/target/test-dir/MiniOzoneClusterImpl-1bf28b11-333b-477a-817b-2d1dec1d7f8a/datanode-0/data/ratis/d554a574-157c-4145-9185-884b05ee7ffc/current/log_inprogress_0 to /workdir/hadoop-ozone/integration-test/target/test-dir/MiniOzoneClusterImpl-1bf28b11-333b-477a-817b-2d1dec1d7f8a/datanode-0/data/ratis/d554a574-157c-4145-9185-884b05ee7ffc/current/log_0-2
2019-10-03 19:22:15,404 [grpc-default-executor-0] INFO  impl.RaftServerImpl (ServerState.java:setLeader(255)) - 59ff08a0-bd7f-4daf-b30f-9bb7fccd9658@group-884B05EE7FFC: change Leader from null to 5593e91c-61bf-41ef-8e5d-4f9d2bd10ada at term 2 for appendEntries, leader elected after 33ms
2019-10-03 19:22:15,407 [grpc-default-executor-0] INFO  impl.RaftServerImpl (ServerState.java:setRaftConf(356)) - 59ff08a0-bd7f-4daf-b30f-9bb7fccd9658@group-884B05EE7FFC: set configuration 3: [59ff08a0-bd7f-4daf-b30f-9bb7fccd9658:192.168.151.100:35798, 75676965-3590-498f-8463-e67f69dc5e1d:192.168.151.100:46299, 5593e91c-61bf-41ef-8e5d-4f9d2bd10ada:192.168.151.100:37661], old=null at 3
2019-10-03 19:22:15,407 [grpc-default-executor-0] INFO  segmented.SegmentedRaftLogWorker (SegmentedRaftLogWorker.java:rollLogSegment(390)) - 59ff08a0-bd7f-4daf-b30f-9bb7fccd9658@group-884B05EE7FFC-SegmentedRaftLogWorker: Rolling segment log-0_2 to index:2
2019-10-03 19:22:15,408 [59ff08a0-bd7f-4daf-b30f-9bb7fccd9658@group-884B05EE7FFC-SegmentedRaftLogWorker] INFO  segmented.SegmentedRaftLogWorker (SegmentedRaftLogWorker.java:execute(531)) - 59ff08a0-bd7f-4daf-b30f-9bb7fccd9658@group-884B05EE7FFC-SegmentedRaftLogWorker: Rolled log segment from /workdir/hadoop-ozone/integration-test/target/test-dir/MiniOzoneClusterImpl-1bf28b11-333b-477a-817b-2d1dec1d7f8a/datanode-1/data/ratis/d554a574-157c-4145-9185-884b05ee7ffc/current/log_inprogress_0 to /workdir/hadoop-ozone/integration-test/target/test-dir/MiniOzoneClusterImpl-1bf28b11-333b-477a-817b-2d1dec1d7f8a/datanode-1/data/ratis/d554a574-157c-4145-9185-884b05ee7ffc/current/log_0-2
2019-10-03 19:22:15,441 [5593e91c-61bf-41ef-8e5d-4f9d2bd10ada@group-884B05EE7FFC-SegmentedRaftLogWorker] INFO  segmented.SegmentedRaftLogWorker (SegmentedRaftLogWorker.java:execute(574)) - 5593e91c-61bf-41ef-8e5d-4f9d2bd10ada@group-884B05EE7FFC-SegmentedRaftLogWorker: created new log segment /workdir/hadoop-ozone/integration-test/target/test-dir/MiniOzoneClusterImpl-1bf28b11-333b-477a-817b-2d1dec1d7f8a/datanode-0/data/ratis/d554a574-157c-4145-9185-884b05ee7ffc/current/log_inprogress_3
2019-10-03 19:22:15,479 [59ff08a0-bd7f-4daf-b30f-9bb7fccd9658@group-884B05EE7FFC-SegmentedRaftLogWorker] INFO  segmented.SegmentedRaftLogWorker (SegmentedRaftLogWorker.java:execute(574)) - 59ff08a0-bd7f-4daf-b30f-9bb7fccd9658@group-884B05EE7FFC-SegmentedRaftLogWorker: created new log segment /workdir/hadoop-ozone/integration-test/target/test-dir/MiniOzoneClusterImpl-1bf28b11-333b-477a-817b-2d1dec1d7f8a/datanode-1/data/ratis/d554a574-157c-4145-9185-884b05ee7ffc/current/log_inprogress_3
2019-10-03 19:22:15,506 [grpc-default-executor-3] WARN  server.GrpcLogAppender (LogUtils.java:warn(134)) - 5593e91c-61bf-41ef-8e5d-4f9d2bd10ada@group-884B05EE7FFC->75676965-3590-498f-8463-e67f69dc5e1d-AppendLogResponseHandler: Failed appendEntries: org.apache.ratis.thirdparty.io.grpc.StatusRuntimeException: UNAVAILABLE: io exception
2019-10-03 19:22:15,506 [grpc-default-executor-3] INFO  impl.FollowerInfo (FollowerInfo.java:lambda$new$0(51)) - 5593e91c-61bf-41ef-8e5d-4f9d2bd10ada@group-884B05EE7FFC->75676965-3590-498f-8463-e67f69dc5e1d: nextIndex: updateUnconditionally 2 -> 1
2019-10-03 19:22:15,519 [grpc-default-executor-3] WARN  server.GrpcLogAppender (LogUtils.java:warn(134)) - 5593e91c-61bf-41ef-8e5d-4f9d2bd10ada@group-884B05EE7FFC->75676965-3590-498f-8463-e67f69dc5e1d-AppendLogResponseHandler: Failed appendEntries: org.apache.ratis.thirdparty.io.grpc.StatusRuntimeException: UNAVAILABLE: io exception
2019-10-03 19:22:15,519 [grpc-default-executor-3] INFO  impl.FollowerInfo (FollowerInfo.java:lambda$new$0(51)) - 5593e91c-61bf-41ef-8e5d-4f9d2bd10ada@group-884B05EE7FFC->75676965-3590-498f-8463-e67f69dc5e1d: nextIndex: updateUnconditionally 2 -> 1
]]></system-out>
  </testcase>
</testsuite>