<?xml version="1.0" encoding="UTF-8"?>
<testsuite xmlns:xsi="http://www.w3.org/2001/XMLSchema-instance" xsi:noNamespaceSchemaLocation="https://maven.apache.org/surefire/maven-surefire-plugin/xsd/surefire-test-report.xsd" name="org.apache.hadoop.ozone.container.common.statemachine.commandhandler.TestBlockDeletion" time="99.199" tests="1" errors="0" skipped="0" failures="1">
  <properties>
    <property name="awt.toolkit" value="sun.awt.X11.XToolkit"/>
    <property name="file.encoding.pkg" value="sun.io"/>
    <property name="java.specification.version" value="1.8"/>
    <property name="sun.cpu.isalist" value=""/>
    <property name="sun.jnu.encoding" value="UTF-8"/>
    <property name="java.class.path" value="/workdir/hadoop-ozone/integration-test/target/test-classes:/workdir/hadoop-ozone/integration-test/target/classes:/home/user/.m2/repository/org/apache/hadoop/hadoop-ozone-common/0.5.0-SNAPSHOT/hadoop-ozone-common-0.5.0-SNAPSHOT.jar:/home/user/.m2/repository/org/apache/commons/commons-compress/1.4.1/commons-compress-1.4.1.jar:/home/user/.m2/repository/org/tukaani/xz/1.0/xz-1.0.jar:/home/user/.m2/repository/org/apache/hadoop/hadoop-common/3.2.0/hadoop-common-3.2.0.jar:/home/user/.m2/repository/org/apache/hadoop/hadoop-hdfs/3.2.0/hadoop-hdfs-3.2.0.jar:/home/user/.m2/repository/org/apache/hadoop/hadoop-hdfs-client/3.2.0/hadoop-hdfs-client-3.2.0.jar:/home/user/.m2/repository/com/fasterxml/jackson/core/jackson-annotations/2.9.9/jackson-annotations-2.9.9.jar:/home/user/.m2/repository/org/apache/hadoop/hadoop-hdds-common/0.5.0-SNAPSHOT/hadoop-hdds-common-0.5.0-SNAPSHOT.jar:/home/user/.m2/repository/javax/annotation/javax.annotation-api/1.2/javax.annotation-api-1.2.jar:/home/user/.m2/repository/org/apache/ratis/ratis-server/0.5.0-201fc85-SNAPSHOT/ratis-server-0.5.0-201fc85-SNAPSHOT.jar:/home/user/.m2/repository/org/apache/ratis/ratis-thirdparty-misc/0.2.0/ratis-thirdparty-misc-0.2.0.jar:/home/user/.m2/repository/org/apache/ratis/ratis-proto/0.5.0-201fc85-SNAPSHOT/ratis-proto-0.5.0-201fc85-SNAPSHOT.jar:/home/user/.m2/repository/org/apache/ratis/ratis-common/0.5.0-201fc85-SNAPSHOT/ratis-common-0.5.0-201fc85-SNAPSHOT.jar:/home/user/.m2/repository/org/apache/ratis/ratis-client/0.5.0-201fc85-SNAPSHOT/ratis-client-0.5.0-201fc85-SNAPSHOT.jar:/home/user/.m2/repository/org/apache/ratis/ratis-metrics/0.5.0-201fc85-SNAPSHOT/ratis-metrics-0.5.0-201fc85-SNAPSHOT.jar:/home/user/.m2/repository/com/github/joshelser/dropwizard-metrics-hadoop-metrics2-reporter/0.1.2/dropwizard-metrics-hadoop-metrics2-reporter-0.1.2.jar:/home/user/.m2/repository/io/dropwizard/metrics/metrics-jvm/3.2.5/metrics-jvm-3.2.5.jar:/home/user/.m2/repository/io/dropwizard/metrics/metrics-ganglia/3.2.5/metrics-ganglia-3.2.5.jar:/home/user/.m2/repository/info/ganglia/gmetric4j/gmetric4j/1.0.7/gmetric4j-1.0.7.jar:/home/user/.m2/repository/org/apache/ratis/ratis-netty/0.5.0-201fc85-SNAPSHOT/ratis-netty-0.5.0-201fc85-SNAPSHOT.jar:/home/user/.m2/repository/org/apache/ratis/ratis-grpc/0.5.0-201fc85-SNAPSHOT/ratis-grpc-0.5.0-201fc85-SNAPSHOT.jar:/home/user/.m2/repository/org/rocksdb/rocksdbjni/6.0.1/rocksdbjni-6.0.1.jar:/home/user/.m2/repository/org/apache/logging/log4j/log4j-api/2.11.0/log4j-api-2.11.0.jar:/home/user/.m2/repository/org/apache/logging/log4j/log4j-core/2.11.0/log4j-core-2.11.0.jar:/home/user/.m2/repository/com/lmax/disruptor/3.4.2/disruptor-3.4.2.jar:/home/user/.m2/repository/org/apache/commons/commons-pool2/2.6.0/commons-pool2-2.6.0.jar:/home/user/.m2/repository/org/bouncycastle/bcpkix-jdk15on/1.60/bcpkix-jdk15on-1.60.jar:/home/user/.m2/repository/commons-validator/commons-validator/1.6/commons-validator-1.6.jar:/home/user/.m2/repository/commons-digester/commons-digester/1.8.1/commons-digester-1.8.1.jar:/home/user/.m2/repository/io/jaegertracing/jaeger-client/0.34.0/jaeger-client-0.34.0.jar:/home/user/.m2/repository/io/jaegertracing/jaeger-thrift/0.34.0/jaeger-thrift-0.34.0.jar:/home/user/.m2/repository/org/apache/thrift/libthrift/0.12.0/libthrift-0.12.0.jar:/home/user/.m2/repository/com/squareup/okhttp3/okhttp/3.9.0/okhttp-3.9.0.jar:/home/user/.m2/repository/com/squareup/okio/okio/1.13.0/okio-1.13.0.jar:/home/user/.m2/repository/io/jaegertracing/jaeger-core/0.34.0/jaeger-core-0.34.0.jar:/home/user/.m2/repository/io/jaegertracing/jaeger-tracerresolver/0.34.0/jaeger-tracerresolver-0.34.0.jar:/home/user/.m2/repository/io/opentracing/contrib/opentracing-tracerresolver/0.1.5/opentracing-tracerresolver-0.1.5.jar:/home/user/.m2/repository/io/opentracing/opentracing-util/0.31.0/opentracing-util-0.31.0.jar:/home/user/.m2/repository/io/opentracing/opentracing-api/0.31.0/opentracing-api-0.31.0.jar:/home/user/.m2/repository/io/opentracing/opentracing-noop/0.31.0/opentracing-noop-0.31.0.jar:/home/user/.m2/repository/org/apache/hadoop/hadoop-hdds-server-framework/0.5.0-SNAPSHOT/hadoop-hdds-server-framework-0.5.0-SNAPSHOT.jar:/home/user/.m2/repository/org/apache/hadoop/hadoop-hdds-container-service/0.5.0-SNAPSHOT/hadoop-hdds-container-service-0.5.0-SNAPSHOT.jar:/home/user/.m2/repository/org/apache/hadoop/hadoop-hdds-client/0.5.0-SNAPSHOT/hadoop-hdds-client-0.5.0-SNAPSHOT.jar:/home/user/.m2/repository/org/apache/hadoop/hadoop-hdds-tools/0.5.0-SNAPSHOT/hadoop-hdds-tools-0.5.0-SNAPSHOT.jar:/home/user/.m2/repository/org/apache/hadoop/hadoop-hdds-server-scm/0.5.0-SNAPSHOT/hadoop-hdds-server-scm-0.5.0-SNAPSHOT.jar:/home/user/.m2/repository/org/apache/hadoop/hadoop-hdds-docs/0.5.0-SNAPSHOT/hadoop-hdds-docs-0.5.0-SNAPSHOT.jar:/home/user/.m2/repository/io/dropwizard/metrics/metrics-core/3.2.4/metrics-core-3.2.4.jar:/home/user/.m2/repository/org/hamcrest/hamcrest-all/1.3/hamcrest-all-1.3.jar:/home/user/.m2/repository/org/bouncycastle/bcprov-jdk15on/1.60/bcprov-jdk15on-1.60.jar:/home/user/.m2/repository/info/picocli/picocli/3.9.6/picocli-3.9.6.jar:/home/user/.m2/repository/com/google/protobuf/protobuf-java/2.5.0/protobuf-java-2.5.0.jar:/home/user/.m2/repository/com/google/guava/guava/11.0.2/guava-11.0.2.jar:/home/user/.m2/repository/org/apache/hadoop/hadoop-ozone-ozone-manager/0.5.0-SNAPSHOT/hadoop-ozone-ozone-manager-0.5.0-SNAPSHOT.jar:/home/user/.m2/repository/org/apache/hadoop/hadoop-minikdc/3.2.0/hadoop-minikdc-3.2.0.jar:/home/user/.m2/repository/commons-io/commons-io/2.5/commons-io-2.5.jar:/home/user/.m2/repository/org/apache/kerby/kerb-simplekdc/1.0.1/kerb-simplekdc-1.0.1.jar:/home/user/.m2/repository/org/apache/kerby/kerb-client/1.0.1/kerb-client-1.0.1.jar:/home/user/.m2/repository/org/apache/kerby/kerby-config/1.0.1/kerby-config-1.0.1.jar:/home/user/.m2/repository/org/apache/kerby/kerb-core/1.0.1/kerb-core-1.0.1.jar:/home/user/.m2/repository/org/apache/kerby/kerby-pkix/1.0.1/kerby-pkix-1.0.1.jar:/home/user/.m2/repository/org/apache/kerby/kerby-asn1/1.0.1/kerby-asn1-1.0.1.jar:/home/user/.m2/repository/org/apache/kerby/kerby-util/1.0.1/kerby-util-1.0.1.jar:/home/user/.m2/repository/org/apache/kerby/kerb-common/1.0.1/kerb-common-1.0.1.jar:/home/user/.m2/repository/org/apache/kerby/kerb-crypto/1.0.1/kerb-crypto-1.0.1.jar:/home/user/.m2/repository/org/apache/kerby/kerb-util/1.0.1/kerb-util-1.0.1.jar:/home/user/.m2/repository/org/apache/kerby/token-provider/1.0.1/token-provider-1.0.1.jar:/home/user/.m2/repository/org/apache/kerby/kerb-admin/1.0.1/kerb-admin-1.0.1.jar:/home/user/.m2/repository/org/apache/kerby/kerb-server/1.0.1/kerb-server-1.0.1.jar:/home/user/.m2/repository/org/apache/kerby/kerb-identity/1.0.1/kerb-identity-1.0.1.jar:/home/user/.m2/repository/org/apache/kerby/kerby-xdr/1.0.1/kerby-xdr-1.0.1.jar:/home/user/.m2/repository/org/slf4j/slf4j-log4j12/1.7.25/slf4j-log4j12-1.7.25.jar:/home/user/.m2/repository/org/apache/hadoop/hadoop-ozone-s3gateway/0.5.0-SNAPSHOT/hadoop-ozone-s3gateway-0.5.0-SNAPSHOT.jar:/home/user/.m2/repository/org/jboss/weld/servlet/weld-servlet/2.4.7.Final/weld-servlet-2.4.7.Final.jar:/home/user/.m2/repository/org/glassfish/jersey/containers/jersey-container-servlet-core/2.27/jersey-container-servlet-core-2.27.jar:/home/user/.m2/repository/org/glassfish/hk2/external/javax.inject/2.5.0-b42/javax.inject-2.5.0-b42.jar:/home/user/.m2/repository/org/glassfish/jersey/core/jersey-common/2.27/jersey-common-2.27.jar:/home/user/.m2/repository/org/glassfish/hk2/osgi-resource-locator/1.0.1/osgi-resource-locator-1.0.1.jar:/home/user/.m2/repository/javax/ws/rs/javax.ws.rs-api/2.1/javax.ws.rs-api-2.1.jar:/home/user/.m2/repository/org/glassfish/jersey/ext/cdi/jersey-cdi1x/2.27/jersey-cdi1x-2.27.jar:/home/user/.m2/repository/org/glassfish/jersey/inject/jersey-hk2/2.27/jersey-hk2-2.27.jar:/home/user/.m2/repository/org/glassfish/hk2/hk2-locator/2.5.0-b42/hk2-locator-2.5.0-b42.jar:/home/user/.m2/repository/org/javassist/javassist/3.22.0-CR2/javassist-3.22.0-CR2.jar:/home/user/.m2/repository/org/glassfish/hk2/hk2-api/2.5.0/hk2-api-2.5.0.jar:/home/user/.m2/repository/org/glassfish/hk2/external/jakarta.inject/2.5.0/jakarta.inject-2.5.0.jar:/home/user/.m2/repository/org/glassfish/hk2/hk2-utils/2.5.0/hk2-utils-2.5.0.jar:/home/user/.m2/repository/jakarta/annotation/jakarta.annotation-api/1.3.4/jakarta.annotation-api-1.3.4.jar:/home/user/.m2/repository/org/glassfish/hk2/external/aopalliance-repackaged/2.5.0/aopalliance-repackaged-2.5.0.jar:/home/user/.m2/repository/com/fasterxml/jackson/dataformat/jackson-dataformat-xml/2.9.0/jackson-dataformat-xml-2.9.0.jar:/home/user/.m2/repository/com/fasterxml/jackson/core/jackson-core/2.9.9/jackson-core-2.9.9.jar:/home/user/.m2/repository/com/fasterxml/jackson/module/jackson-module-jaxb-annotations/2.9.9/jackson-module-jaxb-annotations-2.9.9.jar:/home/user/.m2/repository/javax/enterprise/cdi-api/1.2/cdi-api-1.2.jar:/home/user/.m2/repository/javax/el/javax.el-api/3.0.0/javax.el-api-3.0.0.jar:/home/user/.m2/repository/javax/interceptor/javax.interceptor-api/1.2/javax.interceptor-api-1.2.jar:/home/user/.m2/repository/javax/inject/javax.inject/1/javax.inject-1.jar:/home/user/.m2/repository/com/sun/xml/bind/jaxb-impl/2.3.0.1/jaxb-impl-2.3.0.1.jar:/home/user/.m2/repository/com/sun/xml/bind/jaxb-core/2.3.0.1/jaxb-core-2.3.0.1.jar:/home/user/.m2/repository/javax/xml/bind/jaxb-api/2.3.0/jaxb-api-2.3.0.jar:/home/user/.m2/repository/javax/activation/activation/1.1.1/activation-1.1.1.jar:/home/user/.m2/repository/org/apache/hadoop/hadoop-ozone-csi/0.5.0-SNAPSHOT/hadoop-ozone-csi-0.5.0-SNAPSHOT.jar:/home/user/.m2/repository/com/google/protobuf/protobuf-java-util/3.5.1/protobuf-java-util-3.5.1.jar:/home/user/.m2/repository/org/apache/hadoop/hadoop-hdds-config/0.5.0-SNAPSHOT/hadoop-hdds-config-0.5.0-SNAPSHOT.jar:/home/user/.m2/repository/io/grpc/grpc-netty/1.17.1/grpc-netty-1.17.1.jar:/home/user/.m2/repository/io/grpc/grpc-core/1.17.1/grpc-core-1.17.1.jar:/home/user/.m2/repository/io/grpc/grpc-context/1.17.1/grpc-context-1.17.1.jar:/home/user/.m2/repository/com/google/errorprone/error_prone_annotations/2.2.0/error_prone_annotations-2.2.0.jar:/home/user/.m2/repository/org/codehaus/mojo/animal-sniffer-annotations/1.17/animal-sniffer-annotations-1.17.jar:/home/user/.m2/repository/io/opencensus/opencensus-api/0.17.0/opencensus-api-0.17.0.jar:/home/user/.m2/repository/io/opencensus/opencensus-contrib-grpc-metrics/0.17.0/opencensus-contrib-grpc-metrics-0.17.0.jar:/home/user/.m2/repository/io/netty/netty-codec-http2/4.1.30.Final/netty-codec-http2-4.1.30.Final.jar:/home/user/.m2/repository/io/netty/netty-codec-http/4.1.30.Final/netty-codec-http-4.1.30.Final.jar:/home/user/.m2/repository/io/netty/netty-codec/4.1.30.Final/netty-codec-4.1.30.Final.jar:/home/user/.m2/repository/io/netty/netty-handler/4.1.30.Final/netty-handler-4.1.30.Final.jar:/home/user/.m2/repository/io/netty/netty-handler-proxy/4.1.30.Final/netty-handler-proxy-4.1.30.Final.jar:/home/user/.m2/repository/io/netty/netty-codec-socks/4.1.30.Final/netty-codec-socks-4.1.30.Final.jar:/home/user/.m2/repository/io/netty/netty-transport-native-epoll/4.1.30.Final/netty-transport-native-epoll-4.1.30.Final.jar:/home/user/.m2/repository/io/netty/netty-common/4.1.30.Final/netty-common-4.1.30.Final.jar:/home/user/.m2/repository/io/netty/netty-buffer/4.1.30.Final/netty-buffer-4.1.30.Final.jar:/home/user/.m2/repository/io/netty/netty-transport/4.1.30.Final/netty-transport-4.1.30.Final.jar:/home/user/.m2/repository/io/netty/netty-resolver/4.1.30.Final/netty-resolver-4.1.30.Final.jar:/home/user/.m2/repository/io/netty/netty-transport-native-unix-common/4.1.30.Final/netty-transport-native-unix-common-4.1.30.Final.jar:/home/user/.m2/repository/io/grpc/grpc-protobuf/1.17.1/grpc-protobuf-1.17.1.jar:/home/user/.m2/repository/com/google/api/grpc/proto-google-common-protos/1.0.0/proto-google-common-protos-1.0.0.jar:/home/user/.m2/repository/io/grpc/grpc-protobuf-lite/1.17.1/grpc-protobuf-lite-1.17.1.jar:/home/user/.m2/repository/io/grpc/grpc-stub/1.17.1/grpc-stub-1.17.1.jar:/home/user/.m2/repository/org/apache/hadoop/hadoop-ozone-recon/0.5.0-SNAPSHOT/hadoop-ozone-recon-0.5.0-SNAPSHOT.jar:/home/user/.m2/repository/org/apache/hadoop/hadoop-ozone-reconcodegen/0.5.0-SNAPSHOT/hadoop-ozone-reconcodegen-0.5.0-SNAPSHOT.jar:/home/user/.m2/repository/com/google/inject/extensions/guice-multibindings/4.0/guice-multibindings-4.0.jar:/home/user/.m2/repository/com/google/inject/guice/4.0/guice-4.0.jar:/home/user/.m2/repository/aopalliance/aopalliance/1.0/aopalliance-1.0.jar:/home/user/.m2/repository/com/google/inject/extensions/guice-servlet/4.0/guice-servlet-4.0.jar:/home/user/.m2/repository/org/glassfish/jersey/containers/jersey-container-servlet/2.27/jersey-container-servlet-2.27.jar:/home/user/.m2/repository/org/glassfish/hk2/guice-bridge/2.5.0/guice-bridge-2.5.0.jar:/home/user/.m2/repository/org/glassfish/jersey/core/jersey-server/2.27/jersey-server-2.27.jar:/home/user/.m2/repository/org/glassfish/jersey/core/jersey-client/2.27/jersey-client-2.27.jar:/home/user/.m2/repository/org/glassfish/jersey/media/jersey-media-jaxb/2.27/jersey-media-jaxb-2.27.jar:/home/user/.m2/repository/javax/validation/validation-api/1.1.0.Final/validation-api-1.1.0.Final.jar:/home/user/.m2/repository/org/glassfish/jersey/media/jersey-media-json-jackson/2.27/jersey-media-json-jackson-2.27.jar:/home/user/.m2/repository/org/glassfish/jersey/ext/jersey-entity-filtering/2.27/jersey-entity-filtering-2.27.jar:/home/user/.m2/repository/com/google/inject/extensions/guice-assistedinject/4.0/guice-assistedinject-4.0.jar:/home/user/.m2/repository/org/jooq/jooq/3.11.10/jooq-3.11.10.jar:/home/user/.m2/repository/org/jooq/jooq-meta/3.11.10/jooq-meta-3.11.10.jar:/home/user/.m2/repository/org/jooq/jooq-codegen/3.11.10/jooq-codegen-3.11.10.jar:/home/user/.m2/repository/com/jolbox/bonecp/0.8.0.RELEASE/bonecp-0.8.0.RELEASE.jar:/home/user/.m2/repository/org/xerial/sqlite-jdbc/3.25.2/sqlite-jdbc-3.25.2.jar:/home/user/.m2/repository/org/springframework/spring-jdbc/5.1.3.RELEASE/spring-jdbc-5.1.3.RELEASE.jar:/home/user/.m2/repository/org/springframework/spring-beans/5.1.3.RELEASE/spring-beans-5.1.3.RELEASE.jar:/home/user/.m2/repository/org/springframework/spring-core/5.1.3.RELEASE/spring-core-5.1.3.RELEASE.jar:/home/user/.m2/repository/org/springframework/spring-jcl/5.1.3.RELEASE/spring-jcl-5.1.3.RELEASE.jar:/home/user/.m2/repository/org/springframework/spring-tx/5.1.3.RELEASE/spring-tx-5.1.3.RELEASE.jar:/home/user/.m2/repository/org/apache/hadoop/hadoop-ozone-client/0.5.0-SNAPSHOT/hadoop-ozone-client-0.5.0-SNAPSHOT.jar:/home/user/.m2/repository/commons-lang/commons-lang/2.6/commons-lang-2.6.jar:/home/user/.m2/repository/org/apache/hadoop/hadoop-ozone-ozone-manager/0.5.0-SNAPSHOT/hadoop-ozone-ozone-manager-0.5.0-SNAPSHOT-tests.jar:/home/user/.m2/repository/junit/junit/4.11/junit-4.11.jar:/home/user/.m2/repository/org/hamcrest/hamcrest-core/1.3/hamcrest-core-1.3.jar:/home/user/.m2/repository/org/openjdk/jmh/jmh-core/1.19/jmh-core-1.19.jar:/home/user/.m2/repository/net/sf/jopt-simple/jopt-simple/4.6/jopt-simple-4.6.jar:/home/user/.m2/repository/org/apache/commons/commons-math3/3.1.1/commons-math3-3.1.1.jar:/home/user/.m2/repository/org/openjdk/jmh/jmh-generator-annprocess/1.19/jmh-generator-annprocess-1.19.jar:/home/user/.m2/repository/org/mockito/mockito-all/1.8.5/mockito-all-1.8.5.jar:/home/user/.m2/repository/org/apache/hadoop/hadoop-kms/3.2.0/hadoop-kms-3.2.0.jar:/home/user/.m2/repository/org/apache/hadoop/hadoop-auth/3.2.0/hadoop-auth-3.2.0.jar:/home/user/.m2/repository/com/nimbusds/nimbus-jose-jwt/4.41.1/nimbus-jose-jwt-4.41.1.jar:/home/user/.m2/repository/com/github/stephenc/jcip/jcip-annotations/1.0-1/jcip-annotations-1.0-1.jar:/home/user/.m2/repository/net/minidev/json-smart/2.3/json-smart-2.3.jar:/home/user/.m2/repository/net/minidev/accessors-smart/1.2/accessors-smart-1.2.jar:/home/user/.m2/repository/org/ow2/asm/asm/5.0.4/asm-5.0.4.jar:/home/user/.m2/repository/org/apache/curator/curator-framework/2.12.0/curator-framework-2.12.0.jar:/home/user/.m2/repository/com/sun/jersey/jersey-core/1.19/jersey-core-1.19.jar:/home/user/.m2/repository/javax/ws/rs/jsr311-api/1.1.1/jsr311-api-1.1.1.jar:/home/user/.m2/repository/com/sun/jersey/jersey-server/1.19/jersey-server-1.19.jar:/home/user/.m2/repository/javax/servlet/javax.servlet-api/3.1.0/javax.servlet-api-3.1.0.jar:/home/user/.m2/repository/org/eclipse/jetty/jetty-server/9.3.25.v20180904/jetty-server-9.3.25.v20180904.jar:/home/user/.m2/repository/org/eclipse/jetty/jetty-http/9.3.25.v20180904/jetty-http-9.3.25.v20180904.jar:/home/user/.m2/repository/org/eclipse/jetty/jetty-io/9.3.25.v20180904/jetty-io-9.3.25.v20180904.jar:/home/user/.m2/repository/org/eclipse/jetty/jetty-webapp/9.3.25.v20180904/jetty-webapp-9.3.25.v20180904.jar:/home/user/.m2/repository/org/eclipse/jetty/jetty-xml/9.3.25.v20180904/jetty-xml-9.3.25.v20180904.jar:/home/user/.m2/repository/log4j/log4j/1.2.17/log4j-1.2.17.jar:/home/user/.m2/repository/org/slf4j/slf4j-api/1.7.25/slf4j-api-1.7.25.jar:/home/user/.m2/repository/org/slf4j/jul-to-slf4j/1.7.25/jul-to-slf4j-1.7.25.jar:/home/user/.m2/repository/org/eclipse/jetty/jetty-util/9.3.25.v20180904/jetty-util-9.3.25.v20180904.jar:/home/user/.m2/repository/com/fasterxml/jackson/core/jackson-databind/2.9.9/jackson-databind-2.9.9.jar:/home/user/.m2/repository/org/apache/hadoop/hadoop-kms/3.2.0/hadoop-kms-3.2.0-tests.jar:/home/user/.m2/repository/org/apache/hadoop/hadoop-hdds-server-scm/0.5.0-SNAPSHOT/hadoop-hdds-server-scm-0.5.0-SNAPSHOT-tests.jar:/home/user/.m2/repository/org/apache/hadoop/hadoop-hdds-container-service/0.5.0-SNAPSHOT/hadoop-hdds-container-service-0.5.0-SNAPSHOT-tests.jar:/home/user/.m2/repository/org/yaml/snakeyaml/1.16/snakeyaml-1.16.jar:/home/user/.m2/repository/org/apache/hadoop/hadoop-common/3.2.0/hadoop-common-3.2.0-tests.jar:/home/user/.m2/repository/org/apache/hadoop/hadoop-annotations/3.2.0/hadoop-annotations-3.2.0.jar:/usr/lib/jvm/java-1.8-openjdk/jre/../lib/tools.jar:/home/user/.m2/repository/commons-cli/commons-cli/1.2/commons-cli-1.2.jar:/home/user/.m2/repository/org/apache/httpcomponents/httpclient/4.5.2/httpclient-4.5.2.jar:/home/user/.m2/repository/org/apache/httpcomponents/httpcore/4.4.4/httpcore-4.4.4.jar:/home/user/.m2/repository/commons-codec/commons-codec/1.11/commons-codec-1.11.jar:/home/user/.m2/repository/commons-net/commons-net/3.6/commons-net-3.6.jar:/home/user/.m2/repository/commons-collections/commons-collections/3.2.2/commons-collections-3.2.2.jar:/home/user/.m2/repository/org/eclipse/jetty/jetty-servlet/9.3.25.v20180904/jetty-servlet-9.3.25.v20180904.jar:/home/user/.m2/repository/org/eclipse/jetty/jetty-security/9.3.25.v20180904/jetty-security-9.3.25.v20180904.jar:/home/user/.m2/repository/javax/servlet/jsp/jsp-api/2.1/jsp-api-2.1.jar:/home/user/.m2/repository/com/sun/jersey/jersey-servlet/1.19/jersey-servlet-1.19.jar:/home/user/.m2/repository/com/sun/jersey/jersey-json/1.19/jersey-json-1.19.jar:/home/user/.m2/repository/org/codehaus/jettison/jettison/1.1/jettison-1.1.jar:/home/user/.m2/repository/org/codehaus/jackson/jackson-core-asl/1.9.13/jackson-core-asl-1.9.13.jar:/home/user/.m2/repository/org/codehaus/jackson/jackson-mapper-asl/1.9.13/jackson-mapper-asl-1.9.13.jar:/home/user/.m2/repository/org/codehaus/jackson/jackson-jaxrs/1.9.13/jackson-jaxrs-1.9.13.jar:/home/user/.m2/repository/org/codehaus/jackson/jackson-xc/1.9.13/jackson-xc-1.9.13.jar:/home/user/.m2/repository/commons-logging/commons-logging/1.1.3/commons-logging-1.1.3.jar:/home/user/.m2/repository/commons-beanutils/commons-beanutils/1.9.4/commons-beanutils-1.9.4.jar:/home/user/.m2/repository/org/apache/commons/commons-configuration2/2.1.1/commons-configuration2-2.1.1.jar:/home/user/.m2/repository/org/apache/commons/commons-lang3/3.7/commons-lang3-3.7.jar:/home/user/.m2/repository/org/apache/commons/commons-text/1.4/commons-text-1.4.jar:/home/user/.m2/repository/org/apache/avro/avro/1.7.7/avro-1.7.7.jar:/home/user/.m2/repository/com/thoughtworks/paranamer/paranamer/2.3/paranamer-2.3.jar:/home/user/.m2/repository/org/xerial/snappy/snappy-java/1.0.5/snappy-java-1.0.5.jar:/home/user/.m2/repository/com/google/re2j/re2j/1.1/re2j-1.1.jar:/home/user/.m2/repository/com/google/code/gson/gson/2.2.4/gson-2.2.4.jar:/home/user/.m2/repository/com/jcraft/jsch/0.1.54/jsch-0.1.54.jar:/home/user/.m2/repository/org/apache/curator/curator-client/2.12.0/curator-client-2.12.0.jar:/home/user/.m2/repository/org/apache/curator/curator-recipes/2.12.0/curator-recipes-2.12.0.jar:/home/user/.m2/repository/com/google/code/findbugs/jsr305/3.0.0/jsr305-3.0.0.jar:/home/user/.m2/repository/org/apache/htrace/htrace-core4/4.1.0-incubating/htrace-core4-4.1.0-incubating.jar:/home/user/.m2/repository/org/apache/zookeeper/zookeeper/3.4.13/zookeeper-3.4.13.jar:/home/user/.m2/repository/jline/jline/0.9.94/jline-0.9.94.jar:/home/user/.m2/repository/org/apache/yetus/audience-annotations/0.5.0/audience-annotations-0.5.0.jar:/home/user/.m2/repository/org/codehaus/woodstox/stax2-api/3.1.4/stax2-api-3.1.4.jar:/home/user/.m2/repository/com/fasterxml/woodstox/woodstox-core/5.0.3/woodstox-core-5.0.3.jar:/home/user/.m2/repository/dnsjava/dnsjava/2.1.7/dnsjava-2.1.7.jar:/home/user/.m2/repository/org/apache/hadoop/hadoop-hdfs/3.2.0/hadoop-hdfs-3.2.0-tests.jar:/home/user/.m2/repository/org/eclipse/jetty/jetty-util-ajax/9.3.25.v20180904/jetty-util-ajax-9.3.25.v20180904.jar:/home/user/.m2/repository/commons-daemon/commons-daemon/1.0.13/commons-daemon-1.0.13.jar:/home/user/.m2/repository/io/netty/netty/3.10.5.Final/netty-3.10.5.Final.jar:/home/user/.m2/repository/io/netty/netty-all/4.0.52.Final/netty-all-4.0.52.Final.jar:/home/user/.m2/repository/org/fusesource/leveldbjni/leveldbjni-all/1.8/leveldbjni-all-1.8.jar:"/>
    <property name="java.vm.vendor" value="IcedTea"/>
    <property name="sun.arch.data.model" value="64"/>
    <property name="test.build.dir" value="/workdir/hadoop-ozone/integration-test/target/test-dir"/>
    <property name="test.cache.data" value=""/>
    <property name="java.vendor.url" value="https://icedtea.classpath.org"/>
    <property name="user.timezone" value=""/>
    <property name="java.vm.specification.version" value="1.8"/>
    <property name="os.name" value="Linux"/>
    <property name="test.build.data" value="/workdir/hadoop-ozone/integration-test/target/test-dir"/>
    <property name="user.country" value="US"/>
    <property name="sun.java.launcher" value="SUN_STANDARD"/>
    <property name="sun.boot.library.path" value="/usr/lib/jvm/java-1.8-openjdk/jre/lib/amd64"/>
    <property name="sun.java.command" value="/workdir/hadoop-ozone/integration-test/target/surefire/surefirebooter4104450435241688261.jar /workdir/hadoop-ozone/integration-test/target/surefire 2019-10-05T16-17-28_936-jvmRun1 surefire7708706279748906250tmp surefire_124256583129246858484tmp"/>
    <property name="test" value="!TestMiniChaosOzoneCluster"/>
    <property name="surefire.test.class.path" value="/workdir/hadoop-ozone/integration-test/target/test-classes:/workdir/hadoop-ozone/integration-test/target/classes:/home/user/.m2/repository/org/apache/hadoop/hadoop-ozone-common/0.5.0-SNAPSHOT/hadoop-ozone-common-0.5.0-SNAPSHOT.jar:/home/user/.m2/repository/org/apache/commons/commons-compress/1.4.1/commons-compress-1.4.1.jar:/home/user/.m2/repository/org/tukaani/xz/1.0/xz-1.0.jar:/home/user/.m2/repository/org/apache/hadoop/hadoop-common/3.2.0/hadoop-common-3.2.0.jar:/home/user/.m2/repository/org/apache/hadoop/hadoop-hdfs/3.2.0/hadoop-hdfs-3.2.0.jar:/home/user/.m2/repository/org/apache/hadoop/hadoop-hdfs-client/3.2.0/hadoop-hdfs-client-3.2.0.jar:/home/user/.m2/repository/com/fasterxml/jackson/core/jackson-annotations/2.9.9/jackson-annotations-2.9.9.jar:/home/user/.m2/repository/org/apache/hadoop/hadoop-hdds-common/0.5.0-SNAPSHOT/hadoop-hdds-common-0.5.0-SNAPSHOT.jar:/home/user/.m2/repository/javax/annotation/javax.annotation-api/1.2/javax.annotation-api-1.2.jar:/home/user/.m2/repository/org/apache/ratis/ratis-server/0.5.0-201fc85-SNAPSHOT/ratis-server-0.5.0-201fc85-SNAPSHOT.jar:/home/user/.m2/repository/org/apache/ratis/ratis-thirdparty-misc/0.2.0/ratis-thirdparty-misc-0.2.0.jar:/home/user/.m2/repository/org/apache/ratis/ratis-proto/0.5.0-201fc85-SNAPSHOT/ratis-proto-0.5.0-201fc85-SNAPSHOT.jar:/home/user/.m2/repository/org/apache/ratis/ratis-common/0.5.0-201fc85-SNAPSHOT/ratis-common-0.5.0-201fc85-SNAPSHOT.jar:/home/user/.m2/repository/org/apache/ratis/ratis-client/0.5.0-201fc85-SNAPSHOT/ratis-client-0.5.0-201fc85-SNAPSHOT.jar:/home/user/.m2/repository/org/apache/ratis/ratis-metrics/0.5.0-201fc85-SNAPSHOT/ratis-metrics-0.5.0-201fc85-SNAPSHOT.jar:/home/user/.m2/repository/com/github/joshelser/dropwizard-metrics-hadoop-metrics2-reporter/0.1.2/dropwizard-metrics-hadoop-metrics2-reporter-0.1.2.jar:/home/user/.m2/repository/io/dropwizard/metrics/metrics-jvm/3.2.5/metrics-jvm-3.2.5.jar:/home/user/.m2/repository/io/dropwizard/metrics/metrics-ganglia/3.2.5/metrics-ganglia-3.2.5.jar:/home/user/.m2/repository/info/ganglia/gmetric4j/gmetric4j/1.0.7/gmetric4j-1.0.7.jar:/home/user/.m2/repository/org/apache/ratis/ratis-netty/0.5.0-201fc85-SNAPSHOT/ratis-netty-0.5.0-201fc85-SNAPSHOT.jar:/home/user/.m2/repository/org/apache/ratis/ratis-grpc/0.5.0-201fc85-SNAPSHOT/ratis-grpc-0.5.0-201fc85-SNAPSHOT.jar:/home/user/.m2/repository/org/rocksdb/rocksdbjni/6.0.1/rocksdbjni-6.0.1.jar:/home/user/.m2/repository/org/apache/logging/log4j/log4j-api/2.11.0/log4j-api-2.11.0.jar:/home/user/.m2/repository/org/apache/logging/log4j/log4j-core/2.11.0/log4j-core-2.11.0.jar:/home/user/.m2/repository/com/lmax/disruptor/3.4.2/disruptor-3.4.2.jar:/home/user/.m2/repository/org/apache/commons/commons-pool2/2.6.0/commons-pool2-2.6.0.jar:/home/user/.m2/repository/org/bouncycastle/bcpkix-jdk15on/1.60/bcpkix-jdk15on-1.60.jar:/home/user/.m2/repository/commons-validator/commons-validator/1.6/commons-validator-1.6.jar:/home/user/.m2/repository/commons-digester/commons-digester/1.8.1/commons-digester-1.8.1.jar:/home/user/.m2/repository/io/jaegertracing/jaeger-client/0.34.0/jaeger-client-0.34.0.jar:/home/user/.m2/repository/io/jaegertracing/jaeger-thrift/0.34.0/jaeger-thrift-0.34.0.jar:/home/user/.m2/repository/org/apache/thrift/libthrift/0.12.0/libthrift-0.12.0.jar:/home/user/.m2/repository/com/squareup/okhttp3/okhttp/3.9.0/okhttp-3.9.0.jar:/home/user/.m2/repository/com/squareup/okio/okio/1.13.0/okio-1.13.0.jar:/home/user/.m2/repository/io/jaegertracing/jaeger-core/0.34.0/jaeger-core-0.34.0.jar:/home/user/.m2/repository/io/jaegertracing/jaeger-tracerresolver/0.34.0/jaeger-tracerresolver-0.34.0.jar:/home/user/.m2/repository/io/opentracing/contrib/opentracing-tracerresolver/0.1.5/opentracing-tracerresolver-0.1.5.jar:/home/user/.m2/repository/io/opentracing/opentracing-util/0.31.0/opentracing-util-0.31.0.jar:/home/user/.m2/repository/io/opentracing/opentracing-api/0.31.0/opentracing-api-0.31.0.jar:/home/user/.m2/repository/io/opentracing/opentracing-noop/0.31.0/opentracing-noop-0.31.0.jar:/home/user/.m2/repository/org/apache/hadoop/hadoop-hdds-server-framework/0.5.0-SNAPSHOT/hadoop-hdds-server-framework-0.5.0-SNAPSHOT.jar:/home/user/.m2/repository/org/apache/hadoop/hadoop-hdds-container-service/0.5.0-SNAPSHOT/hadoop-hdds-container-service-0.5.0-SNAPSHOT.jar:/home/user/.m2/repository/org/apache/hadoop/hadoop-hdds-client/0.5.0-SNAPSHOT/hadoop-hdds-client-0.5.0-SNAPSHOT.jar:/home/user/.m2/repository/org/apache/hadoop/hadoop-hdds-tools/0.5.0-SNAPSHOT/hadoop-hdds-tools-0.5.0-SNAPSHOT.jar:/home/user/.m2/repository/org/apache/hadoop/hadoop-hdds-server-scm/0.5.0-SNAPSHOT/hadoop-hdds-server-scm-0.5.0-SNAPSHOT.jar:/home/user/.m2/repository/org/apache/hadoop/hadoop-hdds-docs/0.5.0-SNAPSHOT/hadoop-hdds-docs-0.5.0-SNAPSHOT.jar:/home/user/.m2/repository/io/dropwizard/metrics/metrics-core/3.2.4/metrics-core-3.2.4.jar:/home/user/.m2/repository/org/hamcrest/hamcrest-all/1.3/hamcrest-all-1.3.jar:/home/user/.m2/repository/org/bouncycastle/bcprov-jdk15on/1.60/bcprov-jdk15on-1.60.jar:/home/user/.m2/repository/info/picocli/picocli/3.9.6/picocli-3.9.6.jar:/home/user/.m2/repository/com/google/protobuf/protobuf-java/2.5.0/protobuf-java-2.5.0.jar:/home/user/.m2/repository/com/google/guava/guava/11.0.2/guava-11.0.2.jar:/home/user/.m2/repository/org/apache/hadoop/hadoop-ozone-ozone-manager/0.5.0-SNAPSHOT/hadoop-ozone-ozone-manager-0.5.0-SNAPSHOT.jar:/home/user/.m2/repository/org/apache/hadoop/hadoop-minikdc/3.2.0/hadoop-minikdc-3.2.0.jar:/home/user/.m2/repository/commons-io/commons-io/2.5/commons-io-2.5.jar:/home/user/.m2/repository/org/apache/kerby/kerb-simplekdc/1.0.1/kerb-simplekdc-1.0.1.jar:/home/user/.m2/repository/org/apache/kerby/kerb-client/1.0.1/kerb-client-1.0.1.jar:/home/user/.m2/repository/org/apache/kerby/kerby-config/1.0.1/kerby-config-1.0.1.jar:/home/user/.m2/repository/org/apache/kerby/kerb-core/1.0.1/kerb-core-1.0.1.jar:/home/user/.m2/repository/org/apache/kerby/kerby-pkix/1.0.1/kerby-pkix-1.0.1.jar:/home/user/.m2/repository/org/apache/kerby/kerby-asn1/1.0.1/kerby-asn1-1.0.1.jar:/home/user/.m2/repository/org/apache/kerby/kerby-util/1.0.1/kerby-util-1.0.1.jar:/home/user/.m2/repository/org/apache/kerby/kerb-common/1.0.1/kerb-common-1.0.1.jar:/home/user/.m2/repository/org/apache/kerby/kerb-crypto/1.0.1/kerb-crypto-1.0.1.jar:/home/user/.m2/repository/org/apache/kerby/kerb-util/1.0.1/kerb-util-1.0.1.jar:/home/user/.m2/repository/org/apache/kerby/token-provider/1.0.1/token-provider-1.0.1.jar:/home/user/.m2/repository/org/apache/kerby/kerb-admin/1.0.1/kerb-admin-1.0.1.jar:/home/user/.m2/repository/org/apache/kerby/kerb-server/1.0.1/kerb-server-1.0.1.jar:/home/user/.m2/repository/org/apache/kerby/kerb-identity/1.0.1/kerb-identity-1.0.1.jar:/home/user/.m2/repository/org/apache/kerby/kerby-xdr/1.0.1/kerby-xdr-1.0.1.jar:/home/user/.m2/repository/org/slf4j/slf4j-log4j12/1.7.25/slf4j-log4j12-1.7.25.jar:/home/user/.m2/repository/org/apache/hadoop/hadoop-ozone-s3gateway/0.5.0-SNAPSHOT/hadoop-ozone-s3gateway-0.5.0-SNAPSHOT.jar:/home/user/.m2/repository/org/jboss/weld/servlet/weld-servlet/2.4.7.Final/weld-servlet-2.4.7.Final.jar:/home/user/.m2/repository/org/glassfish/jersey/containers/jersey-container-servlet-core/2.27/jersey-container-servlet-core-2.27.jar:/home/user/.m2/repository/org/glassfish/hk2/external/javax.inject/2.5.0-b42/javax.inject-2.5.0-b42.jar:/home/user/.m2/repository/org/glassfish/jersey/core/jersey-common/2.27/jersey-common-2.27.jar:/home/user/.m2/repository/org/glassfish/hk2/osgi-resource-locator/1.0.1/osgi-resource-locator-1.0.1.jar:/home/user/.m2/repository/javax/ws/rs/javax.ws.rs-api/2.1/javax.ws.rs-api-2.1.jar:/home/user/.m2/repository/org/glassfish/jersey/ext/cdi/jersey-cdi1x/2.27/jersey-cdi1x-2.27.jar:/home/user/.m2/repository/org/glassfish/jersey/inject/jersey-hk2/2.27/jersey-hk2-2.27.jar:/home/user/.m2/repository/org/glassfish/hk2/hk2-locator/2.5.0-b42/hk2-locator-2.5.0-b42.jar:/home/user/.m2/repository/org/javassist/javassist/3.22.0-CR2/javassist-3.22.0-CR2.jar:/home/user/.m2/repository/org/glassfish/hk2/hk2-api/2.5.0/hk2-api-2.5.0.jar:/home/user/.m2/repository/org/glassfish/hk2/external/jakarta.inject/2.5.0/jakarta.inject-2.5.0.jar:/home/user/.m2/repository/org/glassfish/hk2/hk2-utils/2.5.0/hk2-utils-2.5.0.jar:/home/user/.m2/repository/jakarta/annotation/jakarta.annotation-api/1.3.4/jakarta.annotation-api-1.3.4.jar:/home/user/.m2/repository/org/glassfish/hk2/external/aopalliance-repackaged/2.5.0/aopalliance-repackaged-2.5.0.jar:/home/user/.m2/repository/com/fasterxml/jackson/dataformat/jackson-dataformat-xml/2.9.0/jackson-dataformat-xml-2.9.0.jar:/home/user/.m2/repository/com/fasterxml/jackson/core/jackson-core/2.9.9/jackson-core-2.9.9.jar:/home/user/.m2/repository/com/fasterxml/jackson/module/jackson-module-jaxb-annotations/2.9.9/jackson-module-jaxb-annotations-2.9.9.jar:/home/user/.m2/repository/javax/enterprise/cdi-api/1.2/cdi-api-1.2.jar:/home/user/.m2/repository/javax/el/javax.el-api/3.0.0/javax.el-api-3.0.0.jar:/home/user/.m2/repository/javax/interceptor/javax.interceptor-api/1.2/javax.interceptor-api-1.2.jar:/home/user/.m2/repository/javax/inject/javax.inject/1/javax.inject-1.jar:/home/user/.m2/repository/com/sun/xml/bind/jaxb-impl/2.3.0.1/jaxb-impl-2.3.0.1.jar:/home/user/.m2/repository/com/sun/xml/bind/jaxb-core/2.3.0.1/jaxb-core-2.3.0.1.jar:/home/user/.m2/repository/javax/xml/bind/jaxb-api/2.3.0/jaxb-api-2.3.0.jar:/home/user/.m2/repository/javax/activation/activation/1.1.1/activation-1.1.1.jar:/home/user/.m2/repository/org/apache/hadoop/hadoop-ozone-csi/0.5.0-SNAPSHOT/hadoop-ozone-csi-0.5.0-SNAPSHOT.jar:/home/user/.m2/repository/com/google/protobuf/protobuf-java-util/3.5.1/protobuf-java-util-3.5.1.jar:/home/user/.m2/repository/org/apache/hadoop/hadoop-hdds-config/0.5.0-SNAPSHOT/hadoop-hdds-config-0.5.0-SNAPSHOT.jar:/home/user/.m2/repository/io/grpc/grpc-netty/1.17.1/grpc-netty-1.17.1.jar:/home/user/.m2/repository/io/grpc/grpc-core/1.17.1/grpc-core-1.17.1.jar:/home/user/.m2/repository/io/grpc/grpc-context/1.17.1/grpc-context-1.17.1.jar:/home/user/.m2/repository/com/google/errorprone/error_prone_annotations/2.2.0/error_prone_annotations-2.2.0.jar:/home/user/.m2/repository/org/codehaus/mojo/animal-sniffer-annotations/1.17/animal-sniffer-annotations-1.17.jar:/home/user/.m2/repository/io/opencensus/opencensus-api/0.17.0/opencensus-api-0.17.0.jar:/home/user/.m2/repository/io/opencensus/opencensus-contrib-grpc-metrics/0.17.0/opencensus-contrib-grpc-metrics-0.17.0.jar:/home/user/.m2/repository/io/netty/netty-codec-http2/4.1.30.Final/netty-codec-http2-4.1.30.Final.jar:/home/user/.m2/repository/io/netty/netty-codec-http/4.1.30.Final/netty-codec-http-4.1.30.Final.jar:/home/user/.m2/repository/io/netty/netty-codec/4.1.30.Final/netty-codec-4.1.30.Final.jar:/home/user/.m2/repository/io/netty/netty-handler/4.1.30.Final/netty-handler-4.1.30.Final.jar:/home/user/.m2/repository/io/netty/netty-handler-proxy/4.1.30.Final/netty-handler-proxy-4.1.30.Final.jar:/home/user/.m2/repository/io/netty/netty-codec-socks/4.1.30.Final/netty-codec-socks-4.1.30.Final.jar:/home/user/.m2/repository/io/netty/netty-transport-native-epoll/4.1.30.Final/netty-transport-native-epoll-4.1.30.Final.jar:/home/user/.m2/repository/io/netty/netty-common/4.1.30.Final/netty-common-4.1.30.Final.jar:/home/user/.m2/repository/io/netty/netty-buffer/4.1.30.Final/netty-buffer-4.1.30.Final.jar:/home/user/.m2/repository/io/netty/netty-transport/4.1.30.Final/netty-transport-4.1.30.Final.jar:/home/user/.m2/repository/io/netty/netty-resolver/4.1.30.Final/netty-resolver-4.1.30.Final.jar:/home/user/.m2/repository/io/netty/netty-transport-native-unix-common/4.1.30.Final/netty-transport-native-unix-common-4.1.30.Final.jar:/home/user/.m2/repository/io/grpc/grpc-protobuf/1.17.1/grpc-protobuf-1.17.1.jar:/home/user/.m2/repository/com/google/api/grpc/proto-google-common-protos/1.0.0/proto-google-common-protos-1.0.0.jar:/home/user/.m2/repository/io/grpc/grpc-protobuf-lite/1.17.1/grpc-protobuf-lite-1.17.1.jar:/home/user/.m2/repository/io/grpc/grpc-stub/1.17.1/grpc-stub-1.17.1.jar:/home/user/.m2/repository/org/apache/hadoop/hadoop-ozone-recon/0.5.0-SNAPSHOT/hadoop-ozone-recon-0.5.0-SNAPSHOT.jar:/home/user/.m2/repository/org/apache/hadoop/hadoop-ozone-reconcodegen/0.5.0-SNAPSHOT/hadoop-ozone-reconcodegen-0.5.0-SNAPSHOT.jar:/home/user/.m2/repository/com/google/inject/extensions/guice-multibindings/4.0/guice-multibindings-4.0.jar:/home/user/.m2/repository/com/google/inject/guice/4.0/guice-4.0.jar:/home/user/.m2/repository/aopalliance/aopalliance/1.0/aopalliance-1.0.jar:/home/user/.m2/repository/com/google/inject/extensions/guice-servlet/4.0/guice-servlet-4.0.jar:/home/user/.m2/repository/org/glassfish/jersey/containers/jersey-container-servlet/2.27/jersey-container-servlet-2.27.jar:/home/user/.m2/repository/org/glassfish/hk2/guice-bridge/2.5.0/guice-bridge-2.5.0.jar:/home/user/.m2/repository/org/glassfish/jersey/core/jersey-server/2.27/jersey-server-2.27.jar:/home/user/.m2/repository/org/glassfish/jersey/core/jersey-client/2.27/jersey-client-2.27.jar:/home/user/.m2/repository/org/glassfish/jersey/media/jersey-media-jaxb/2.27/jersey-media-jaxb-2.27.jar:/home/user/.m2/repository/javax/validation/validation-api/1.1.0.Final/validation-api-1.1.0.Final.jar:/home/user/.m2/repository/org/glassfish/jersey/media/jersey-media-json-jackson/2.27/jersey-media-json-jackson-2.27.jar:/home/user/.m2/repository/org/glassfish/jersey/ext/jersey-entity-filtering/2.27/jersey-entity-filtering-2.27.jar:/home/user/.m2/repository/com/google/inject/extensions/guice-assistedinject/4.0/guice-assistedinject-4.0.jar:/home/user/.m2/repository/org/jooq/jooq/3.11.10/jooq-3.11.10.jar:/home/user/.m2/repository/org/jooq/jooq-meta/3.11.10/jooq-meta-3.11.10.jar:/home/user/.m2/repository/org/jooq/jooq-codegen/3.11.10/jooq-codegen-3.11.10.jar:/home/user/.m2/repository/com/jolbox/bonecp/0.8.0.RELEASE/bonecp-0.8.0.RELEASE.jar:/home/user/.m2/repository/org/xerial/sqlite-jdbc/3.25.2/sqlite-jdbc-3.25.2.jar:/home/user/.m2/repository/org/springframework/spring-jdbc/5.1.3.RELEASE/spring-jdbc-5.1.3.RELEASE.jar:/home/user/.m2/repository/org/springframework/spring-beans/5.1.3.RELEASE/spring-beans-5.1.3.RELEASE.jar:/home/user/.m2/repository/org/springframework/spring-core/5.1.3.RELEASE/spring-core-5.1.3.RELEASE.jar:/home/user/.m2/repository/org/springframework/spring-jcl/5.1.3.RELEASE/spring-jcl-5.1.3.RELEASE.jar:/home/user/.m2/repository/org/springframework/spring-tx/5.1.3.RELEASE/spring-tx-5.1.3.RELEASE.jar:/home/user/.m2/repository/org/apache/hadoop/hadoop-ozone-client/0.5.0-SNAPSHOT/hadoop-ozone-client-0.5.0-SNAPSHOT.jar:/home/user/.m2/repository/commons-lang/commons-lang/2.6/commons-lang-2.6.jar:/home/user/.m2/repository/org/apache/hadoop/hadoop-ozone-ozone-manager/0.5.0-SNAPSHOT/hadoop-ozone-ozone-manager-0.5.0-SNAPSHOT-tests.jar:/home/user/.m2/repository/junit/junit/4.11/junit-4.11.jar:/home/user/.m2/repository/org/hamcrest/hamcrest-core/1.3/hamcrest-core-1.3.jar:/home/user/.m2/repository/org/openjdk/jmh/jmh-core/1.19/jmh-core-1.19.jar:/home/user/.m2/repository/net/sf/jopt-simple/jopt-simple/4.6/jopt-simple-4.6.jar:/home/user/.m2/repository/org/apache/commons/commons-math3/3.1.1/commons-math3-3.1.1.jar:/home/user/.m2/repository/org/openjdk/jmh/jmh-generator-annprocess/1.19/jmh-generator-annprocess-1.19.jar:/home/user/.m2/repository/org/mockito/mockito-all/1.8.5/mockito-all-1.8.5.jar:/home/user/.m2/repository/org/apache/hadoop/hadoop-kms/3.2.0/hadoop-kms-3.2.0.jar:/home/user/.m2/repository/org/apache/hadoop/hadoop-auth/3.2.0/hadoop-auth-3.2.0.jar:/home/user/.m2/repository/com/nimbusds/nimbus-jose-jwt/4.41.1/nimbus-jose-jwt-4.41.1.jar:/home/user/.m2/repository/com/github/stephenc/jcip/jcip-annotations/1.0-1/jcip-annotations-1.0-1.jar:/home/user/.m2/repository/net/minidev/json-smart/2.3/json-smart-2.3.jar:/home/user/.m2/repository/net/minidev/accessors-smart/1.2/accessors-smart-1.2.jar:/home/user/.m2/repository/org/ow2/asm/asm/5.0.4/asm-5.0.4.jar:/home/user/.m2/repository/org/apache/curator/curator-framework/2.12.0/curator-framework-2.12.0.jar:/home/user/.m2/repository/com/sun/jersey/jersey-core/1.19/jersey-core-1.19.jar:/home/user/.m2/repository/javax/ws/rs/jsr311-api/1.1.1/jsr311-api-1.1.1.jar:/home/user/.m2/repository/com/sun/jersey/jersey-server/1.19/jersey-server-1.19.jar:/home/user/.m2/repository/javax/servlet/javax.servlet-api/3.1.0/javax.servlet-api-3.1.0.jar:/home/user/.m2/repository/org/eclipse/jetty/jetty-server/9.3.25.v20180904/jetty-server-9.3.25.v20180904.jar:/home/user/.m2/repository/org/eclipse/jetty/jetty-http/9.3.25.v20180904/jetty-http-9.3.25.v20180904.jar:/home/user/.m2/repository/org/eclipse/jetty/jetty-io/9.3.25.v20180904/jetty-io-9.3.25.v20180904.jar:/home/user/.m2/repository/org/eclipse/jetty/jetty-webapp/9.3.25.v20180904/jetty-webapp-9.3.25.v20180904.jar:/home/user/.m2/repository/org/eclipse/jetty/jetty-xml/9.3.25.v20180904/jetty-xml-9.3.25.v20180904.jar:/home/user/.m2/repository/log4j/log4j/1.2.17/log4j-1.2.17.jar:/home/user/.m2/repository/org/slf4j/slf4j-api/1.7.25/slf4j-api-1.7.25.jar:/home/user/.m2/repository/org/slf4j/jul-to-slf4j/1.7.25/jul-to-slf4j-1.7.25.jar:/home/user/.m2/repository/org/eclipse/jetty/jetty-util/9.3.25.v20180904/jetty-util-9.3.25.v20180904.jar:/home/user/.m2/repository/com/fasterxml/jackson/core/jackson-databind/2.9.9/jackson-databind-2.9.9.jar:/home/user/.m2/repository/org/apache/hadoop/hadoop-kms/3.2.0/hadoop-kms-3.2.0-tests.jar:/home/user/.m2/repository/org/apache/hadoop/hadoop-hdds-server-scm/0.5.0-SNAPSHOT/hadoop-hdds-server-scm-0.5.0-SNAPSHOT-tests.jar:/home/user/.m2/repository/org/apache/hadoop/hadoop-hdds-container-service/0.5.0-SNAPSHOT/hadoop-hdds-container-service-0.5.0-SNAPSHOT-tests.jar:/home/user/.m2/repository/org/yaml/snakeyaml/1.16/snakeyaml-1.16.jar:/home/user/.m2/repository/org/apache/hadoop/hadoop-common/3.2.0/hadoop-common-3.2.0-tests.jar:/home/user/.m2/repository/org/apache/hadoop/hadoop-annotations/3.2.0/hadoop-annotations-3.2.0.jar:/usr/lib/jvm/java-1.8-openjdk/jre/../lib/tools.jar:/home/user/.m2/repository/commons-cli/commons-cli/1.2/commons-cli-1.2.jar:/home/user/.m2/repository/org/apache/httpcomponents/httpclient/4.5.2/httpclient-4.5.2.jar:/home/user/.m2/repository/org/apache/httpcomponents/httpcore/4.4.4/httpcore-4.4.4.jar:/home/user/.m2/repository/commons-codec/commons-codec/1.11/commons-codec-1.11.jar:/home/user/.m2/repository/commons-net/commons-net/3.6/commons-net-3.6.jar:/home/user/.m2/repository/commons-collections/commons-collections/3.2.2/commons-collections-3.2.2.jar:/home/user/.m2/repository/org/eclipse/jetty/jetty-servlet/9.3.25.v20180904/jetty-servlet-9.3.25.v20180904.jar:/home/user/.m2/repository/org/eclipse/jetty/jetty-security/9.3.25.v20180904/jetty-security-9.3.25.v20180904.jar:/home/user/.m2/repository/javax/servlet/jsp/jsp-api/2.1/jsp-api-2.1.jar:/home/user/.m2/repository/com/sun/jersey/jersey-servlet/1.19/jersey-servlet-1.19.jar:/home/user/.m2/repository/com/sun/jersey/jersey-json/1.19/jersey-json-1.19.jar:/home/user/.m2/repository/org/codehaus/jettison/jettison/1.1/jettison-1.1.jar:/home/user/.m2/repository/org/codehaus/jackson/jackson-core-asl/1.9.13/jackson-core-asl-1.9.13.jar:/home/user/.m2/repository/org/codehaus/jackson/jackson-mapper-asl/1.9.13/jackson-mapper-asl-1.9.13.jar:/home/user/.m2/repository/org/codehaus/jackson/jackson-jaxrs/1.9.13/jackson-jaxrs-1.9.13.jar:/home/user/.m2/repository/org/codehaus/jackson/jackson-xc/1.9.13/jackson-xc-1.9.13.jar:/home/user/.m2/repository/commons-logging/commons-logging/1.1.3/commons-logging-1.1.3.jar:/home/user/.m2/repository/commons-beanutils/commons-beanutils/1.9.4/commons-beanutils-1.9.4.jar:/home/user/.m2/repository/org/apache/commons/commons-configuration2/2.1.1/commons-configuration2-2.1.1.jar:/home/user/.m2/repository/org/apache/commons/commons-lang3/3.7/commons-lang3-3.7.jar:/home/user/.m2/repository/org/apache/commons/commons-text/1.4/commons-text-1.4.jar:/home/user/.m2/repository/org/apache/avro/avro/1.7.7/avro-1.7.7.jar:/home/user/.m2/repository/com/thoughtworks/paranamer/paranamer/2.3/paranamer-2.3.jar:/home/user/.m2/repository/org/xerial/snappy/snappy-java/1.0.5/snappy-java-1.0.5.jar:/home/user/.m2/repository/com/google/re2j/re2j/1.1/re2j-1.1.jar:/home/user/.m2/repository/com/google/code/gson/gson/2.2.4/gson-2.2.4.jar:/home/user/.m2/repository/com/jcraft/jsch/0.1.54/jsch-0.1.54.jar:/home/user/.m2/repository/org/apache/curator/curator-client/2.12.0/curator-client-2.12.0.jar:/home/user/.m2/repository/org/apache/curator/curator-recipes/2.12.0/curator-recipes-2.12.0.jar:/home/user/.m2/repository/com/google/code/findbugs/jsr305/3.0.0/jsr305-3.0.0.jar:/home/user/.m2/repository/org/apache/htrace/htrace-core4/4.1.0-incubating/htrace-core4-4.1.0-incubating.jar:/home/user/.m2/repository/org/apache/zookeeper/zookeeper/3.4.13/zookeeper-3.4.13.jar:/home/user/.m2/repository/jline/jline/0.9.94/jline-0.9.94.jar:/home/user/.m2/repository/org/apache/yetus/audience-annotations/0.5.0/audience-annotations-0.5.0.jar:/home/user/.m2/repository/org/codehaus/woodstox/stax2-api/3.1.4/stax2-api-3.1.4.jar:/home/user/.m2/repository/com/fasterxml/woodstox/woodstox-core/5.0.3/woodstox-core-5.0.3.jar:/home/user/.m2/repository/dnsjava/dnsjava/2.1.7/dnsjava-2.1.7.jar:/home/user/.m2/repository/org/apache/hadoop/hadoop-hdfs/3.2.0/hadoop-hdfs-3.2.0-tests.jar:/home/user/.m2/repository/org/eclipse/jetty/jetty-util-ajax/9.3.25.v20180904/jetty-util-ajax-9.3.25.v20180904.jar:/home/user/.m2/repository/commons-daemon/commons-daemon/1.0.13/commons-daemon-1.0.13.jar:/home/user/.m2/repository/io/netty/netty/3.10.5.Final/netty-3.10.5.Final.jar:/home/user/.m2/repository/io/netty/netty-all/4.0.52.Final/netty-all-4.0.52.Final.jar:/home/user/.m2/repository/org/fusesource/leveldbjni/leveldbjni-all/1.8/leveldbjni-all-1.8.jar:"/>
    <property name="sun.cpu.endian" value="little"/>
    <property name="user.home" value="/home/user"/>
    <property name="user.language" value="en"/>
    <property name="java.specification.vendor" value="Oracle Corporation"/>
    <property name="java.home" value="/usr/lib/jvm/java-1.8-openjdk/jre"/>
    <property name="java.security.krb5.conf" value="/workdir/hadoop-ozone/integration-test/target/test-classes/krb5.conf"/>
    <property name="basedir" value="/workdir/hadoop-ozone/integration-test"/>
    <property name="file.separator" value="/"/>
    <property name="line.separator" value="&#10;"/>
    <property name="java.vm.specification.vendor" value="Oracle Corporation"/>
    <property name="java.specification.name" value="Java Platform API Specification"/>
    <property name="java.awt.graphicsenv" value="sun.awt.X11GraphicsEnvironment"/>
    <property name="surefire.real.class.path" value="/workdir/hadoop-ozone/integration-test/target/surefire/surefirebooter4104450435241688261.jar"/>
    <property name="hadoop.log.dir" value="/workdir/hadoop-ozone/integration-test/target/log"/>
    <property name="sun.boot.class.path" value="/usr/lib/jvm/java-1.8-openjdk/jre/lib/resources.jar:/usr/lib/jvm/java-1.8-openjdk/jre/lib/rt.jar:/usr/lib/jvm/java-1.8-openjdk/jre/lib/sunrsasign.jar:/usr/lib/jvm/java-1.8-openjdk/jre/lib/jsse.jar:/usr/lib/jvm/java-1.8-openjdk/jre/lib/jce.jar:/usr/lib/jvm/java-1.8-openjdk/jre/lib/charsets.jar:/usr/lib/jvm/java-1.8-openjdk/jre/lib/jfr.jar:/usr/lib/jvm/java-1.8-openjdk/jre/classes"/>
    <property name="sun.management.compiler" value="HotSpot 64-Bit Tiered Compilers"/>
    <property name="java.runtime.version" value="1.8.0_212-b04"/>
    <property name="java.net.preferIPv4Stack" value="true"/>
    <property name="user.name" value="jenkins1000"/>
    <property name="path.separator" value=":"/>
    <property name="java.security.egd" value="file:///dev/urandom"/>
    <property name="os.version" value="3.10.0-957.12.2.el7.x86_64"/>
    <property name="java.endorsed.dirs" value="/usr/lib/jvm/java-1.8-openjdk/jre/lib/endorsed"/>
    <property name="java.runtime.name" value="OpenJDK Runtime Environment"/>
    <property name="file.encoding" value="UTF-8"/>
    <property name="java.vm.name" value="OpenJDK 64-Bit Server VM"/>
    <property name="test.build.webapps" value=""/>
    <property name="localRepository" value="/home/user/.m2/repository"/>
    <property name="java.vendor.url.bug" value="https://icedtea.classpath.org/bugzilla"/>
    <property name="java.io.tmpdir" value="/tmp"/>
    <property name="require.test.libhadoop" value=""/>
    <property name="java.version" value="1.8.0_212"/>
    <property name="user.dir" value="/workdir/hadoop-ozone/integration-test"/>
    <property name="os.arch" value="amd64"/>
    <property name="java.vm.specification.name" value="Java Virtual Machine Specification"/>
    <property name="test.build.classes" value="/workdir/hadoop-ozone/integration-test/target/test-classes"/>
    <property name="java.awt.printerjob" value="sun.print.PSPrinterJob"/>
    <property name="sun.os.patch.level" value="unknown"/>
    <property name="hadoop.tmp.dir" value="/workdir/hadoop-ozone/integration-test/target/tmp"/>
    <property name="java.library.path" value="/usr/lib/jvm/java-1.8-openjdk/jre/lib/amd64/server:/usr/lib/jvm/java-1.8-openjdk/jre/lib/amd64:/usr/lib/jvm/java-1.8-openjdk/jre/../lib/amd64:/workdir/hadoop-ozone/integration-test/target/native/target/usr/local/lib:/workdir/hadoop-ozone/integration-test/../../hadoop-common-project/hadoop-common/target/native/target/usr/local/lib:/usr/java/packages/lib/amd64:/usr/lib64:/lib64:/lib:/usr/lib"/>
    <property name="java.vm.info" value="mixed mode"/>
    <property name="java.vendor" value="IcedTea"/>
    <property name="java.vm.version" value="25.212-b04"/>
    <property name="java.ext.dirs" value="/usr/lib/jvm/java-1.8-openjdk/jre/lib/ext:/usr/java/packages/lib/ext"/>
    <property name="sun.io.unicode.encoding" value="UnicodeLittle"/>
    <property name="java.class.version" value="52.0"/>
  </properties>
  <testcase name="testBlockDeletion" classname="org.apache.hadoop.ozone.container.common.statemachine.commandhandler.TestBlockDeletion" time="83.393">
    <failure message="expected null, but was:&lt;[B@eb6ec6&gt;" type="java.lang.AssertionError"><![CDATA[java.lang.AssertionError: expected null, but was:<[B@eb6ec6>
	at org.junit.Assert.fail(Assert.java:88)
	at org.junit.Assert.failNotNull(Assert.java:664)
	at org.junit.Assert.assertNull(Assert.java:646)
	at org.junit.Assert.assertNull(Assert.java:656)
	at org.apache.hadoop.ozone.container.common.statemachine.commandhandler.TestBlockDeletion.lambda$verifyBlocksDeleted$5(TestBlockDeletion.java:342)
	at org.apache.hadoop.ozone.OzoneTestUtils.performOperationOnKeyContainers(OzoneTestUtils.java:96)
	at org.apache.hadoop.ozone.container.common.statemachine.commandhandler.TestBlockDeletion.verifyBlocksDeleted(TestBlockDeletion.java:336)
	at org.apache.hadoop.ozone.container.common.statemachine.commandhandler.TestBlockDeletion.testBlockDeletion(TestBlockDeletion.java:196)
	at sun.reflect.NativeMethodAccessorImpl.invoke0(Native Method)
	at sun.reflect.NativeMethodAccessorImpl.invoke(NativeMethodAccessorImpl.java:62)
	at sun.reflect.DelegatingMethodAccessorImpl.invoke(DelegatingMethodAccessorImpl.java:43)
	at java.lang.reflect.Method.invoke(Method.java:498)
	at org.junit.runners.model.FrameworkMethod$1.runReflectiveCall(FrameworkMethod.java:47)
	at org.junit.internal.runners.model.ReflectiveCallable.run(ReflectiveCallable.java:12)
	at org.junit.runners.model.FrameworkMethod.invokeExplosively(FrameworkMethod.java:44)
	at org.junit.internal.runners.statements.InvokeMethod.evaluate(InvokeMethod.java:17)
	at org.junit.runners.ParentRunner.runLeaf(ParentRunner.java:271)
	at org.junit.runners.BlockJUnit4ClassRunner.runChild(BlockJUnit4ClassRunner.java:70)
	at org.junit.runners.BlockJUnit4ClassRunner.runChild(BlockJUnit4ClassRunner.java:50)
	at org.junit.runners.ParentRunner$3.run(ParentRunner.java:238)
	at org.junit.runners.ParentRunner$1.schedule(ParentRunner.java:63)
	at org.junit.runners.ParentRunner.runChildren(ParentRunner.java:236)
	at org.junit.runners.ParentRunner.access$000(ParentRunner.java:53)
	at org.junit.runners.ParentRunner$2.evaluate(ParentRunner.java:229)
	at org.junit.internal.runners.statements.RunBefores.evaluate(RunBefores.java:26)
	at org.junit.internal.runners.statements.RunAfters.evaluate(RunAfters.java:27)
	at org.junit.runners.ParentRunner.run(ParentRunner.java:309)
	at org.apache.maven.surefire.junit4.JUnit4Provider.execute(JUnit4Provider.java:365)
	at org.apache.maven.surefire.junit4.JUnit4Provider.executeWithRerun(JUnit4Provider.java:273)
	at org.apache.maven.surefire.junit4.JUnit4Provider.executeTestSet(JUnit4Provider.java:238)
	at org.apache.maven.surefire.junit4.JUnit4Provider.invoke(JUnit4Provider.java:159)
	at org.apache.maven.surefire.booter.ForkedBooter.invokeProviderInSameClassLoader(ForkedBooter.java:384)
	at org.apache.maven.surefire.booter.ForkedBooter.runSuitesInProcess(ForkedBooter.java:345)
	at org.apache.maven.surefire.booter.ForkedBooter.execute(ForkedBooter.java:126)
	at org.apache.maven.surefire.booter.ForkedBooter.main(ForkedBooter.java:418)
]]></failure>
    <system-out><![CDATA[2019-10-05 16:23:55,641 [main] WARN  server.ServerUtils (ServerUtils.java:getScmDbDir(145)) - ozone.scm.db.dirs is not configured. We recommend adding this setting. Falling back to ozone.metadata.dirs instead.
2019-10-05 16:23:55,749 [main] WARN  server.ServerUtils (ServerUtils.java:getScmDbDir(145)) - ozone.scm.db.dirs is not configured. We recommend adding this setting. Falling back to ozone.metadata.dirs instead.
2019-10-05 16:23:55,752 [main] WARN  server.ServerUtils (ServerUtils.java:getScmDbDir(145)) - ozone.scm.db.dirs is not configured. We recommend adding this setting. Falling back to ozone.metadata.dirs instead.
2019-10-05 16:23:55,778 [main] INFO  util.log (Log.java:initialized(192)) - Logging initialized @935ms
2019-10-05 16:23:55,882 [main] INFO  db.DBStoreBuilder (DBStoreBuilder.java:addTable(117)) - using custom profile for table: deletedBlocks
2019-10-05 16:23:55,883 [main] INFO  db.DBStoreBuilder (DBStoreBuilder.java:processTables(168)) - Using default column profile:DBProfile.DISK for Table:deletedBlocks
2019-10-05 16:23:55,883 [main] INFO  db.DBStoreBuilder (DBStoreBuilder.java:addTable(117)) - using custom profile for table: validCerts
2019-10-05 16:23:55,883 [main] INFO  db.DBStoreBuilder (DBStoreBuilder.java:processTables(168)) - Using default column profile:DBProfile.DISK for Table:validCerts
2019-10-05 16:23:55,884 [main] INFO  db.DBStoreBuilder (DBStoreBuilder.java:addTable(117)) - using custom profile for table: revokedCerts
2019-10-05 16:23:55,884 [main] INFO  db.DBStoreBuilder (DBStoreBuilder.java:processTables(168)) - Using default column profile:DBProfile.DISK for Table:revokedCerts
2019-10-05 16:23:55,897 [main] INFO  db.DBStoreBuilder (DBStoreBuilder.java:addTable(117)) - using custom profile for table: default
2019-10-05 16:23:55,897 [main] INFO  db.DBStoreBuilder (DBStoreBuilder.java:processTables(174)) - Using default column profile:DBProfile.DISK for Table:default
2019-10-05 16:23:55,898 [main] INFO  db.DBStoreBuilder (DBStoreBuilder.java:getDbProfile(205)) - Using default options. DBProfile.DISK
2019-10-05 16:23:56,173 [main] INFO  net.NodeSchemaLoader (NodeSchemaLoader.java:loadSchemaFromFile(125)) - Loading file from sun.misc.CompoundEnumeration@54d9d12d
2019-10-05 16:23:56,176 [main] INFO  net.NodeSchemaLoader (NodeSchemaLoader.java:loadSchema(171)) - Loading network topology layer schema file
2019-10-05 16:23:56,261 [main] INFO  node.SCMNodeManager (SCMNodeManager.java:<init>(116)) - Entering startup safe mode.
2019-10-05 16:23:56,335 [main] INFO  algorithms.ContainerPlacementPolicyFactory (ContainerPlacementPolicyFactory.java:getPolicy(57)) - Create container placement policy of type org.apache.hadoop.hdds.scm.container.placement.algorithms.SCMContainerPlacementRandom
2019-10-05 16:23:56,349 [main] WARN  server.ServerUtils (ServerUtils.java:getScmDbDir(145)) - ozone.scm.db.dirs is not configured. We recommend adding this setting. Falling back to ozone.metadata.dirs instead.
2019-10-05 16:23:56,414 [main] INFO  pipeline.SCMPipelineManager (SCMPipelineManager.java:initializePipelineState(132)) - No pipeline exists in current db
2019-10-05 16:23:56,417 [main] WARN  server.ServerUtils (ServerUtils.java:getScmDbDir(145)) - ozone.scm.db.dirs is not configured. We recommend adding this setting. Falling back to ozone.metadata.dirs instead.
2019-10-05 16:23:56,554 [main] WARN  events.EventQueue (EventQueue.java:fireEvent(183)) - No event handler registered for event TypedEvent{payloadType=SafeModeStatus, name='SafeModeStatus'}
2019-10-05 16:23:57,003 [main] INFO  ipc.CallQueueManager (CallQueueManager.java:<init>(84)) - Using callQueue: class java.util.concurrent.LinkedBlockingQueue, queueCapacity: 2000, scheduler: class org.apache.hadoop.ipc.DefaultRpcScheduler, ipcBackoff: false.
2019-10-05 16:23:57,148 [Socket Reader #1 for port 34754] INFO  ipc.Server (Server.java:run(1074)) - Starting Socket Reader #1 for port 34754
2019-10-05 16:23:57,185 [main] INFO  ipc.CallQueueManager (CallQueueManager.java:<init>(84)) - Using callQueue: class java.util.concurrent.LinkedBlockingQueue, queueCapacity: 2000, scheduler: class org.apache.hadoop.ipc.DefaultRpcScheduler, ipcBackoff: false.
2019-10-05 16:23:57,186 [Socket Reader #1 for port 36676] INFO  ipc.Server (Server.java:run(1074)) - Starting Socket Reader #1 for port 36676
2019-10-05 16:23:57,197 [main] INFO  ipc.CallQueueManager (CallQueueManager.java:<init>(84)) - Using callQueue: class java.util.concurrent.LinkedBlockingQueue, queueCapacity: 2000, scheduler: class org.apache.hadoop.ipc.DefaultRpcScheduler, ipcBackoff: false.
2019-10-05 16:23:57,197 [Socket Reader #1 for port 37318] INFO  ipc.Server (Server.java:run(1074)) - Starting Socket Reader #1 for port 37318
2019-10-05 16:23:57,221 [main] INFO  hdfs.DFSUtil (DFSUtil.java:httpServerTemplateForNNAndJN(1641)) - Starting Web-server for scm at: http://0.0.0.0:0
2019-10-05 16:23:57,396 [main] INFO  server.AuthenticationFilter (AuthenticationFilter.java:constructSecretProvider(240)) - Unable to initialize FileSignerSecretProvider, falling back to use random secrets.
2019-10-05 16:23:57,406 [main] WARN  http.HttpRequestLog (HttpRequestLog.java:getRequestLog(97)) - Jetty request log can only be enabled using Log4j
2019-10-05 16:23:57,414 [main] INFO  http.HttpServer2 (HttpServer2.java:addGlobalFilter(975)) - Added global filter 'safety' (class=org.apache.hadoop.http.HttpServer2$QuotingInputFilter)
2019-10-05 16:23:57,417 [main] INFO  http.HttpServer2 (HttpServer2.java:addFilter(948)) - Added filter static_user_filter (class=org.apache.hadoop.http.lib.StaticUserWebFilter$StaticUserFilter) to context scm
2019-10-05 16:23:57,418 [main] INFO  http.HttpServer2 (HttpServer2.java:addFilter(958)) - Added filter static_user_filter (class=org.apache.hadoop.http.lib.StaticUserWebFilter$StaticUserFilter) to context logs
2019-10-05 16:23:57,418 [main] INFO  http.HttpServer2 (HttpServer2.java:addFilter(958)) - Added filter static_user_filter (class=org.apache.hadoop.http.lib.StaticUserWebFilter$StaticUserFilter) to context static
2019-10-05 16:23:57,456 [main] INFO  server.StorageContainerManager (StorageContainerManager.java:start(770)) - StorageContainerLocationProtocol RPC server is listening at /0.0.0.0:37318
2019-10-05 16:23:57,528 [main] WARN  impl.MetricsConfig (MetricsConfig.java:loadFirst(134)) - Cannot locate configuration: tried hadoop-metrics2-storagecontainermanager.properties,hadoop-metrics2.properties
2019-10-05 16:23:57,544 [main] INFO  impl.MetricsSystemImpl (MetricsSystemImpl.java:startTimer(374)) - Scheduled Metric snapshot period at 10 second(s).
2019-10-05 16:23:57,544 [main] INFO  impl.MetricsSystemImpl (MetricsSystemImpl.java:start(191)) - StorageContainerManager metrics system started
2019-10-05 16:23:57,798 [main] INFO  server.SCMClientProtocolServer (SCMClientProtocolServer.java:start(159)) - RPC server for Client  is listening at /0.0.0.0:37318
2019-10-05 16:23:57,799 [IPC Server Responder] INFO  ipc.Server (Server.java:run(1314)) - IPC Server Responder: starting
2019-10-05 16:23:57,799 [IPC Server listener on 37318] INFO  ipc.Server (Server.java:run(1153)) - IPC Server listener on 37318: starting
2019-10-05 16:23:57,802 [main] INFO  server.StorageContainerManager (StorageContainerManager.java:start(780)) - ScmBlockLocationProtocol RPC server is listening at /0.0.0.0:36676
2019-10-05 16:23:57,803 [main] INFO  server.SCMBlockProtocolServer (SCMBlockProtocolServer.java:start(146)) - RPC server for Block Protocol is listening at /0.0.0.0:36676
2019-10-05 16:23:57,803 [IPC Server Responder] INFO  ipc.Server (Server.java:run(1314)) - IPC Server Responder: starting
2019-10-05 16:23:57,803 [IPC Server listener on 36676] INFO  ipc.Server (Server.java:run(1153)) - IPC Server listener on 36676: starting
2019-10-05 16:23:57,806 [main] INFO  server.StorageContainerManager (StorageContainerManager.java:start(784)) - ScmDatanodeProtocl RPC server is listening at /0.0.0.0:34754
2019-10-05 16:23:57,806 [main] INFO  server.SCMDatanodeProtocolServer (SCMDatanodeProtocolServer.java:start(169)) - RPC server for DataNodes is listening at /0.0.0.0:34754
2019-10-05 16:23:57,807 [IPC Server Responder] INFO  ipc.Server (Server.java:run(1314)) - IPC Server Responder: starting
2019-10-05 16:23:57,807 [IPC Server listener on 34754] INFO  ipc.Server (Server.java:run(1153)) - IPC Server listener on 34754: starting
2019-10-05 16:23:57,811 [main] INFO  http.HttpServer2 (HttpServer2.java:bindListener(1191)) - Jetty bound to port 33284
2019-10-05 16:23:57,814 [main] INFO  server.Server (Server.java:doStart(351)) - jetty-9.3.25.v20180904, build timestamp: 2018-09-04T21:11:46Z, git hash: 3ce520221d0240229c862b122d2b06c12a625732
2019-10-05 16:23:57,868 [main] INFO  handler.ContextHandler (ContextHandler.java:doStart(781)) - Started o.e.j.s.ServletContextHandler@1dd6d4b7{/logs,file:///workdir/hadoop-ozone/integration-test/target/log,AVAILABLE}
2019-10-05 16:23:57,869 [main] INFO  handler.ContextHandler (ContextHandler.java:doStart(781)) - Started o.e.j.s.ServletContextHandler@2dd29a59{/static,file:///workdir/hadoop-ozone/integration-test/target/test-classes/webapps/static,AVAILABLE}
2019-10-05 16:23:57,907 [main] INFO  handler.ContextHandler (ContextHandler.java:doStart(781)) - Started o.e.j.w.WebAppContext@46cc127b{/,file:///workdir/hadoop-ozone/integration-test/target/test-classes/webapps/scm/,AVAILABLE}{/scm}
2019-10-05 16:23:57,914 [main] INFO  server.AbstractConnector (AbstractConnector.java:doStart(278)) - Started ServerConnector@687a762c{HTTP/1.1,[http/1.1]}{0.0.0.0:33284}
2019-10-05 16:23:57,914 [main] INFO  server.Server (Server.java:doStart(419)) - Started @3071ms
2019-10-05 16:23:57,916 [main] INFO  impl.MetricsSinkAdapter (MetricsSinkAdapter.java:start(204)) - Sink prometheus started
2019-10-05 16:23:57,916 [main] INFO  impl.MetricsSystemImpl (MetricsSystemImpl.java:registerSink(301)) - Registered sink prometheus
2019-10-05 16:23:57,918 [main] INFO  server.BaseHttpServer (BaseHttpServer.java:updateConnectorAddress(215)) - HTTP server of SCM is listening at http://0.0.0.0:33284
2019-10-05 16:23:57,926 [org.apache.hadoop.util.JvmPauseMonitor$Monitor@200a26bc] INFO  util.JvmPauseMonitor (JvmPauseMonitor.java:run(188)) - Starting JVM pause monitor
2019-10-05 16:23:57,926 [SCMBlockDeletingService#1] DEBUG block.SCMBlockDeletingService (SCMBlockDeletingService.java:call(138)) - Running DeletedBlockTransactionScanner
2019-10-05 16:23:57,930 [main] WARN  server.ServerUtils (ServerUtils.java:getDBPath(222)) - ozone.om.db.dirs is not configured. We recommend adding this setting. Falling back to ozone.metadata.dirs instead.
2019-10-05 16:23:57,940 [SCMBlockDeletingService#1] DEBUG block.SCMBlockDeletingService (SCMBlockDeletingService.java:call(155)) - Scanned deleted blocks log and got 0 delTX to process.
2019-10-05 16:23:58,041 [SCMBlockDeletingService#1] DEBUG block.SCMBlockDeletingService (SCMBlockDeletingService.java:call(138)) - Running DeletedBlockTransactionScanner
2019-10-05 16:23:58,042 [SCMBlockDeletingService#1] DEBUG block.SCMBlockDeletingService (SCMBlockDeletingService.java:call(155)) - Scanned deleted blocks log and got 0 delTX to process.
2019-10-05 16:23:58,047 [main] INFO  ha.OMHANodeDetails (OMHANodeDetails.java:loadOMHAConfig(190)) - Configuration either no ozone.om.address set. Falling back to the default OM address /127.0.0.1:0
2019-10-05 16:23:58,048 [main] INFO  ha.OMHANodeDetails (OMHANodeDetails.java:getOMNodeDetails(220)) - OM Service ID is not set. Setting it to the default ID: omServiceIdDefault
2019-10-05 16:23:58,049 [main] WARN  server.ServerUtils (ServerUtils.java:getDBPath(222)) - ozone.om.db.dirs is not configured. We recommend adding this setting. Falling back to ozone.metadata.dirs instead.
2019-10-05 16:23:58,050 [main] WARN  server.ServerUtils (ServerUtils.java:getDBPath(222)) - ozone.om.db.dirs is not configured. We recommend adding this setting. Falling back to ozone.metadata.dirs instead.
2019-10-05 16:23:58,142 [SCMBlockDeletingService#1] DEBUG block.SCMBlockDeletingService (SCMBlockDeletingService.java:call(138)) - Running DeletedBlockTransactionScanner
2019-10-05 16:23:58,143 [SCMBlockDeletingService#1] DEBUG block.SCMBlockDeletingService (SCMBlockDeletingService.java:call(155)) - Scanned deleted blocks log and got 0 delTX to process.
2019-10-05 16:23:58,244 [SCMBlockDeletingService#0] DEBUG block.SCMBlockDeletingService (SCMBlockDeletingService.java:call(138)) - Running DeletedBlockTransactionScanner
2019-10-05 16:23:58,244 [SCMBlockDeletingService#0] DEBUG block.SCMBlockDeletingService (SCMBlockDeletingService.java:call(155)) - Scanned deleted blocks log and got 0 delTX to process.
2019-10-05 16:23:58,345 [SCMBlockDeletingService#0] DEBUG block.SCMBlockDeletingService (SCMBlockDeletingService.java:call(138)) - Running DeletedBlockTransactionScanner
2019-10-05 16:23:58,345 [SCMBlockDeletingService#0] DEBUG block.SCMBlockDeletingService (SCMBlockDeletingService.java:call(155)) - Scanned deleted blocks log and got 0 delTX to process.
2019-10-05 16:23:58,446 [SCMBlockDeletingService#0] DEBUG block.SCMBlockDeletingService (SCMBlockDeletingService.java:call(138)) - Running DeletedBlockTransactionScanner
2019-10-05 16:23:58,447 [SCMBlockDeletingService#0] DEBUG block.SCMBlockDeletingService (SCMBlockDeletingService.java:call(155)) - Scanned deleted blocks log and got 0 delTX to process.
2019-10-05 16:23:58,547 [SCMBlockDeletingService#0] DEBUG block.SCMBlockDeletingService (SCMBlockDeletingService.java:call(138)) - Running DeletedBlockTransactionScanner
2019-10-05 16:23:58,548 [SCMBlockDeletingService#0] DEBUG block.SCMBlockDeletingService (SCMBlockDeletingService.java:call(155)) - Scanned deleted blocks log and got 0 delTX to process.
2019-10-05 16:23:58,648 [SCMBlockDeletingService#0] DEBUG block.SCMBlockDeletingService (SCMBlockDeletingService.java:call(138)) - Running DeletedBlockTransactionScanner
2019-10-05 16:23:58,649 [SCMBlockDeletingService#0] DEBUG block.SCMBlockDeletingService (SCMBlockDeletingService.java:call(155)) - Scanned deleted blocks log and got 0 delTX to process.
2019-10-05 16:23:58,732 [main] WARN  server.ServerUtils (ServerUtils.java:getDBPath(222)) - ozone.om.db.dirs is not configured. We recommend adding this setting. Falling back to ozone.metadata.dirs instead.
2019-10-05 16:23:58,740 [main] INFO  db.DBStoreBuilder (DBStoreBuilder.java:addTable(117)) - using custom profile for table: userTable
2019-10-05 16:23:58,740 [main] INFO  db.DBStoreBuilder (DBStoreBuilder.java:processTables(168)) - Using default column profile:DBProfile.DISK for Table:userTable
2019-10-05 16:23:58,740 [main] INFO  db.DBStoreBuilder (DBStoreBuilder.java:addTable(117)) - using custom profile for table: volumeTable
2019-10-05 16:23:58,740 [main] INFO  db.DBStoreBuilder (DBStoreBuilder.java:processTables(168)) - Using default column profile:DBProfile.DISK for Table:volumeTable
2019-10-05 16:23:58,740 [main] INFO  db.DBStoreBuilder (DBStoreBuilder.java:addTable(117)) - using custom profile for table: bucketTable
2019-10-05 16:23:58,741 [main] INFO  db.DBStoreBuilder (DBStoreBuilder.java:processTables(168)) - Using default column profile:DBProfile.DISK for Table:bucketTable
2019-10-05 16:23:58,741 [main] INFO  db.DBStoreBuilder (DBStoreBuilder.java:addTable(117)) - using custom profile for table: keyTable
2019-10-05 16:23:58,741 [main] INFO  db.DBStoreBuilder (DBStoreBuilder.java:processTables(168)) - Using default column profile:DBProfile.DISK for Table:keyTable
2019-10-05 16:23:58,741 [main] INFO  db.DBStoreBuilder (DBStoreBuilder.java:addTable(117)) - using custom profile for table: deletedTable
2019-10-05 16:23:58,741 [main] INFO  db.DBStoreBuilder (DBStoreBuilder.java:processTables(168)) - Using default column profile:DBProfile.DISK for Table:deletedTable
2019-10-05 16:23:58,742 [main] INFO  db.DBStoreBuilder (DBStoreBuilder.java:addTable(117)) - using custom profile for table: openKeyTable
2019-10-05 16:23:58,742 [main] INFO  db.DBStoreBuilder (DBStoreBuilder.java:processTables(168)) - Using default column profile:DBProfile.DISK for Table:openKeyTable
2019-10-05 16:23:58,742 [main] INFO  db.DBStoreBuilder (DBStoreBuilder.java:addTable(117)) - using custom profile for table: s3Table
2019-10-05 16:23:58,742 [main] INFO  db.DBStoreBuilder (DBStoreBuilder.java:processTables(168)) - Using default column profile:DBProfile.DISK for Table:s3Table
2019-10-05 16:23:58,742 [main] INFO  db.DBStoreBuilder (DBStoreBuilder.java:addTable(117)) - using custom profile for table: multipartInfoTable
2019-10-05 16:23:58,743 [main] INFO  db.DBStoreBuilder (DBStoreBuilder.java:processTables(168)) - Using default column profile:DBProfile.DISK for Table:multipartInfoTable
2019-10-05 16:23:58,743 [main] INFO  db.DBStoreBuilder (DBStoreBuilder.java:addTable(117)) - using custom profile for table: dTokenTable
2019-10-05 16:23:58,743 [main] INFO  db.DBStoreBuilder (DBStoreBuilder.java:processTables(168)) - Using default column profile:DBProfile.DISK for Table:dTokenTable
2019-10-05 16:23:58,743 [main] INFO  db.DBStoreBuilder (DBStoreBuilder.java:addTable(117)) - using custom profile for table: s3SecretTable
2019-10-05 16:23:58,744 [main] INFO  db.DBStoreBuilder (DBStoreBuilder.java:processTables(168)) - Using default column profile:DBProfile.DISK for Table:s3SecretTable
2019-10-05 16:23:58,744 [main] INFO  db.DBStoreBuilder (DBStoreBuilder.java:addTable(117)) - using custom profile for table: prefixTable
2019-10-05 16:23:58,744 [main] INFO  db.DBStoreBuilder (DBStoreBuilder.java:processTables(168)) - Using default column profile:DBProfile.DISK for Table:prefixTable
2019-10-05 16:23:58,744 [main] INFO  db.DBStoreBuilder (DBStoreBuilder.java:addTable(117)) - using custom profile for table: default
2019-10-05 16:23:58,744 [main] INFO  db.DBStoreBuilder (DBStoreBuilder.java:processTables(174)) - Using default column profile:DBProfile.DISK for Table:default
2019-10-05 16:23:58,745 [main] INFO  db.DBStoreBuilder (DBStoreBuilder.java:getDbProfile(205)) - Using default options. DBProfile.DISK
2019-10-05 16:23:58,749 [SCMBlockDeletingService#0] DEBUG block.SCMBlockDeletingService (SCMBlockDeletingService.java:call(138)) - Running DeletedBlockTransactionScanner
2019-10-05 16:23:58,750 [SCMBlockDeletingService#0] DEBUG block.SCMBlockDeletingService (SCMBlockDeletingService.java:call(155)) - Scanned deleted blocks log and got 0 delTX to process.
2019-10-05 16:23:58,850 [SCMBlockDeletingService#1] DEBUG block.SCMBlockDeletingService (SCMBlockDeletingService.java:call(138)) - Running DeletedBlockTransactionScanner
2019-10-05 16:23:58,851 [SCMBlockDeletingService#1] DEBUG block.SCMBlockDeletingService (SCMBlockDeletingService.java:call(155)) - Scanned deleted blocks log and got 0 delTX to process.
2019-10-05 16:23:58,952 [SCMBlockDeletingService#1] DEBUG block.SCMBlockDeletingService (SCMBlockDeletingService.java:call(138)) - Running DeletedBlockTransactionScanner
2019-10-05 16:23:58,952 [SCMBlockDeletingService#1] DEBUG block.SCMBlockDeletingService (SCMBlockDeletingService.java:call(155)) - Scanned deleted blocks log and got 0 delTX to process.
2019-10-05 16:23:59,053 [SCMBlockDeletingService#1] DEBUG block.SCMBlockDeletingService (SCMBlockDeletingService.java:call(138)) - Running DeletedBlockTransactionScanner
2019-10-05 16:23:59,054 [SCMBlockDeletingService#1] DEBUG block.SCMBlockDeletingService (SCMBlockDeletingService.java:call(155)) - Scanned deleted blocks log and got 0 delTX to process.
2019-10-05 16:23:59,154 [SCMBlockDeletingService#1] DEBUG block.SCMBlockDeletingService (SCMBlockDeletingService.java:call(138)) - Running DeletedBlockTransactionScanner
2019-10-05 16:23:59,155 [SCMBlockDeletingService#1] DEBUG block.SCMBlockDeletingService (SCMBlockDeletingService.java:call(155)) - Scanned deleted blocks log and got 0 delTX to process.
2019-10-05 16:23:59,231 [main] INFO  ipc.CallQueueManager (CallQueueManager.java:<init>(84)) - Using callQueue: class java.util.concurrent.LinkedBlockingQueue, queueCapacity: 2000, scheduler: class org.apache.hadoop.ipc.DefaultRpcScheduler, ipcBackoff: false.
2019-10-05 16:23:59,232 [Socket Reader #1 for port 39255] INFO  ipc.Server (Server.java:run(1074)) - Starting Socket Reader #1 for port 39255
2019-10-05 16:23:59,253 [main] INFO  om.OzoneManager (OzoneManager.java:start(1069)) - OzoneManager RPC server is listening at localhost/127.0.0.1:39255
2019-10-05 16:23:59,253 [main] INFO  impl.MetricsSystemImpl (MetricsSystemImpl.java:init(158)) - OzoneManager metrics system started (again)
2019-10-05 16:23:59,255 [SCMBlockDeletingService#1] DEBUG block.SCMBlockDeletingService (SCMBlockDeletingService.java:call(138)) - Running DeletedBlockTransactionScanner
2019-10-05 16:23:59,256 [SCMBlockDeletingService#1] DEBUG block.SCMBlockDeletingService (SCMBlockDeletingService.java:call(155)) - Scanned deleted blocks log and got 0 delTX to process.
2019-10-05 16:23:59,262 [IPC Server listener on 39255] INFO  ipc.Server (Server.java:run(1153)) - IPC Server listener on 39255: starting
2019-10-05 16:23:59,262 [IPC Server Responder] INFO  ipc.Server (Server.java:run(1314)) - IPC Server Responder: starting
2019-10-05 16:23:59,268 [main] INFO  hdfs.DFSUtil (DFSUtil.java:httpServerTemplateForNNAndJN(1641)) - Starting Web-server for ozoneManager at: http://0.0.0.0:0
2019-10-05 16:23:59,270 [main] INFO  server.AuthenticationFilter (AuthenticationFilter.java:constructSecretProvider(240)) - Unable to initialize FileSignerSecretProvider, falling back to use random secrets.
2019-10-05 16:23:59,270 [main] WARN  http.HttpRequestLog (HttpRequestLog.java:getRequestLog(97)) - Jetty request log can only be enabled using Log4j
2019-10-05 16:23:59,272 [main] INFO  http.HttpServer2 (HttpServer2.java:addGlobalFilter(975)) - Added global filter 'safety' (class=org.apache.hadoop.http.HttpServer2$QuotingInputFilter)
2019-10-05 16:23:59,273 [main] INFO  http.HttpServer2 (HttpServer2.java:addFilter(948)) - Added filter static_user_filter (class=org.apache.hadoop.http.lib.StaticUserWebFilter$StaticUserFilter) to context ozoneManager
2019-10-05 16:23:59,274 [main] INFO  http.HttpServer2 (HttpServer2.java:addFilter(958)) - Added filter static_user_filter (class=org.apache.hadoop.http.lib.StaticUserWebFilter$StaticUserFilter) to context logs
2019-10-05 16:23:59,274 [main] INFO  http.HttpServer2 (HttpServer2.java:addFilter(958)) - Added filter static_user_filter (class=org.apache.hadoop.http.lib.StaticUserWebFilter$StaticUserFilter) to context static
2019-10-05 16:23:59,276 [main] INFO  http.HttpServer2 (HttpServer2.java:bindListener(1191)) - Jetty bound to port 33754
2019-10-05 16:23:59,276 [main] INFO  server.Server (Server.java:doStart(351)) - jetty-9.3.25.v20180904, build timestamp: 2018-09-04T21:11:46Z, git hash: 3ce520221d0240229c862b122d2b06c12a625732
2019-10-05 16:23:59,278 [main] INFO  handler.ContextHandler (ContextHandler.java:doStart(781)) - Started o.e.j.s.ServletContextHandler@65004ff6{/logs,file:///workdir/hadoop-ozone/integration-test/target/log,AVAILABLE}
2019-10-05 16:23:59,279 [main] INFO  handler.ContextHandler (ContextHandler.java:doStart(781)) - Started o.e.j.s.ServletContextHandler@562c877a{/static,file:///workdir/hadoop-ozone/integration-test/target/test-classes/webapps/static,AVAILABLE}
2019-10-05 16:23:59,285 [main] INFO  handler.ContextHandler (ContextHandler.java:doStart(781)) - Started o.e.j.w.WebAppContext@773dab28{/,file:///workdir/hadoop-ozone/integration-test/target/test-classes/webapps/ozoneManager/,AVAILABLE}{/ozoneManager}
2019-10-05 16:23:59,285 [main] INFO  server.AbstractConnector (AbstractConnector.java:doStart(278)) - Started ServerConnector@1ecfcbc9{HTTP/1.1,[http/1.1]}{0.0.0.0:33754}
2019-10-05 16:23:59,286 [main] INFO  server.Server (Server.java:doStart(419)) - Started @4443ms
2019-10-05 16:23:59,286 [main] WARN  impl.MetricsSystemImpl (MetricsSystemImpl.java:register(276)) - Sink prometheus already exists!
2019-10-05 16:23:59,287 [main] INFO  server.BaseHttpServer (BaseHttpServer.java:updateConnectorAddress(215)) - HTTP server of OZONEMANAGER is listening at http://0.0.0.0:33754
2019-10-05 16:23:59,484 [SCMBlockDeletingService#1] DEBUG block.SCMBlockDeletingService (SCMBlockDeletingService.java:call(138)) - Running DeletedBlockTransactionScanner
2019-10-05 16:23:59,485 [SCMBlockDeletingService#1] DEBUG block.SCMBlockDeletingService (SCMBlockDeletingService.java:call(155)) - Scanned deleted blocks log and got 0 delTX to process.
2019-10-05 16:23:59,585 [SCMBlockDeletingService#1] DEBUG block.SCMBlockDeletingService (SCMBlockDeletingService.java:call(138)) - Running DeletedBlockTransactionScanner
2019-10-05 16:23:59,586 [SCMBlockDeletingService#1] DEBUG block.SCMBlockDeletingService (SCMBlockDeletingService.java:call(155)) - Scanned deleted blocks log and got 0 delTX to process.
2019-10-05 16:23:59,619 [main] INFO  impl.MetricsSystemImpl (MetricsSystemImpl.java:init(158)) - HddsDatanode metrics system started (again)
2019-10-05 16:23:59,668 [main] INFO  ozone.HddsDatanodeService (HddsDatanodeService.java:start(184)) - HddsDatanodeService host:pr-hdds-2254-trunk-xw7zv-2851001327 ip:192.168.164.228
2019-10-05 16:23:59,686 [SCMBlockDeletingService#1] DEBUG block.SCMBlockDeletingService (SCMBlockDeletingService.java:call(138)) - Running DeletedBlockTransactionScanner
2019-10-05 16:23:59,687 [SCMBlockDeletingService#1] DEBUG block.SCMBlockDeletingService (SCMBlockDeletingService.java:call(155)) - Scanned deleted blocks log and got 0 delTX to process.
2019-10-05 16:23:59,706 [main] INFO  volume.HddsVolume (HddsVolume.java:<init>(176)) - Creating Volume: /workdir/hadoop-ozone/integration-test/target/test-dir/MiniOzoneClusterImpl-c3e8681e-48b4-488b-af05-0690ad4038ab/datanode-0/data/containers/hdds of  storage type : DISK and capacity : 1482555576320
2019-10-05 16:23:59,709 [main] INFO  volume.VolumeSet (VolumeSet.java:initializeVolumeSet(170)) - Added Volume : /workdir/hadoop-ozone/integration-test/target/test-dir/MiniOzoneClusterImpl-c3e8681e-48b4-488b-af05-0690ad4038ab/datanode-0/data/containers/hdds to VolumeSet
2019-10-05 16:23:59,712 [main] INFO  volume.ThrottledAsyncChecker (ThrottledAsyncChecker.java:schedule(139)) - Scheduling a check for org.apache.hadoop.ozone.container.common.volume.HddsVolume@2764c546
2019-10-05 16:23:59,729 [main] INFO  volume.HddsVolumeChecker (HddsVolumeChecker.java:checkAllVolumes(202)) - Scheduled health check for volume org.apache.hadoop.ozone.container.common.volume.HddsVolume@2764c546
2019-10-05 16:23:59,787 [SCMBlockDeletingService#1] DEBUG block.SCMBlockDeletingService (SCMBlockDeletingService.java:call(138)) - Running DeletedBlockTransactionScanner
2019-10-05 16:23:59,788 [SCMBlockDeletingService#1] DEBUG block.SCMBlockDeletingService (SCMBlockDeletingService.java:call(155)) - Scanned deleted blocks log and got 0 delTX to process.
2019-10-05 16:23:59,873 [main] INFO  impl.RaftServerProxy (ConfUtils.java:logGet(43)) - raft.rpc.type = GRPC (default)
2019-10-05 16:23:59,889 [SCMBlockDeletingService#1] DEBUG block.SCMBlockDeletingService (SCMBlockDeletingService.java:call(138)) - Running DeletedBlockTransactionScanner
2019-10-05 16:23:59,890 [SCMBlockDeletingService#1] DEBUG block.SCMBlockDeletingService (SCMBlockDeletingService.java:call(155)) - Scanned deleted blocks log and got 0 delTX to process.
2019-10-05 16:23:59,949 [main] INFO  grpc.GrpcFactory (GrpcFactory.java:checkPooledByteBufAllocatorUseCacheForAllThreads(45)) - PERFORMANCE WARNING: useCacheForAllThreads is true that may cause Netty to create a lot garbage objects and, as a result, trigger GC.
	It is recommended to disable useCacheForAllThreads by setting -Dorg.apache.ratis.thirdparty.io.netty.allocator.useCacheForAllThreads=false in command line.
2019-10-05 16:23:59,954 [main] INFO  grpc.GrpcConfigKeys$Server (ConfUtils.java:logGet(43)) - raft.grpc.server.port = 0 (default)
2019-10-05 16:23:59,955 [main] INFO  server.GrpcService (ConfUtils.java:logGet(43)) - raft.grpc.message.size.max = 33570816 (custom)
2019-10-05 16:23:59,957 [main] INFO  server.RaftServerConfigKeys (ConfUtils.java:logGet(43)) - raft.server.log.appender.buffer.byte-limit = 33554432 (custom)
2019-10-05 16:23:59,958 [main] INFO  server.GrpcService (ConfUtils.java:logGet(43)) - raft.grpc.flow.control.window = 1MB (=1048576) (default)
2019-10-05 16:23:59,959 [main] INFO  server.RaftServerConfigKeys (ConfUtils.java:logGet(43)) - raft.server.rpc.request.timeout = 3000ms (default)
2019-10-05 16:23:59,990 [SCMBlockDeletingService#1] DEBUG block.SCMBlockDeletingService (SCMBlockDeletingService.java:call(138)) - Running DeletedBlockTransactionScanner
2019-10-05 16:23:59,991 [SCMBlockDeletingService#1] DEBUG block.SCMBlockDeletingService (SCMBlockDeletingService.java:call(155)) - Scanned deleted blocks log and got 0 delTX to process.
2019-10-05 16:24:00,091 [SCMBlockDeletingService#1] DEBUG block.SCMBlockDeletingService (SCMBlockDeletingService.java:call(138)) - Running DeletedBlockTransactionScanner
2019-10-05 16:24:00,092 [SCMBlockDeletingService#1] DEBUG block.SCMBlockDeletingService (SCMBlockDeletingService.java:call(155)) - Scanned deleted blocks log and got 0 delTX to process.
2019-10-05 16:24:00,131 [main] INFO  server.RaftServerConfigKeys (ConfUtils.java:logGet(43)) - raft.server.storage.dir = [/workdir/hadoop-ozone/integration-test/target/test-dir/MiniOzoneClusterImpl-c3e8681e-48b4-488b-af05-0690ad4038ab/datanode-0/data/ratis] (custom)
2019-10-05 16:24:00,187 [main] INFO  hdfs.DFSUtil (DFSUtil.java:httpServerTemplateForNNAndJN(1641)) - Starting Web-server for hddsDatanode at: http://0.0.0.0:0
2019-10-05 16:24:00,190 [main] INFO  server.AuthenticationFilter (AuthenticationFilter.java:constructSecretProvider(240)) - Unable to initialize FileSignerSecretProvider, falling back to use random secrets.
2019-10-05 16:24:00,192 [SCMBlockDeletingService#0] DEBUG block.SCMBlockDeletingService (SCMBlockDeletingService.java:call(138)) - Running DeletedBlockTransactionScanner
2019-10-05 16:24:00,193 [main] WARN  http.HttpRequestLog (HttpRequestLog.java:getRequestLog(97)) - Jetty request log can only be enabled using Log4j
2019-10-05 16:24:00,193 [SCMBlockDeletingService#0] DEBUG block.SCMBlockDeletingService (SCMBlockDeletingService.java:call(155)) - Scanned deleted blocks log and got 0 delTX to process.
2019-10-05 16:24:00,197 [main] INFO  http.HttpServer2 (HttpServer2.java:addGlobalFilter(975)) - Added global filter 'safety' (class=org.apache.hadoop.http.HttpServer2$QuotingInputFilter)
2019-10-05 16:24:00,198 [main] INFO  http.HttpServer2 (HttpServer2.java:addFilter(948)) - Added filter static_user_filter (class=org.apache.hadoop.http.lib.StaticUserWebFilter$StaticUserFilter) to context hddsDatanode
2019-10-05 16:24:00,198 [main] INFO  http.HttpServer2 (HttpServer2.java:addFilter(958)) - Added filter static_user_filter (class=org.apache.hadoop.http.lib.StaticUserWebFilter$StaticUserFilter) to context logs
2019-10-05 16:24:00,199 [main] INFO  http.HttpServer2 (HttpServer2.java:addFilter(958)) - Added filter static_user_filter (class=org.apache.hadoop.http.lib.StaticUserWebFilter$StaticUserFilter) to context static
2019-10-05 16:24:00,201 [main] INFO  http.HttpServer2 (HttpServer2.java:bindListener(1191)) - Jetty bound to port 36574
2019-10-05 16:24:00,202 [main] INFO  server.Server (Server.java:doStart(351)) - jetty-9.3.25.v20180904, build timestamp: 2018-09-04T21:11:46Z, git hash: 3ce520221d0240229c862b122d2b06c12a625732
2019-10-05 16:24:00,207 [main] INFO  handler.ContextHandler (ContextHandler.java:doStart(781)) - Started o.e.j.s.ServletContextHandler@26dc9bd5{/logs,file:///workdir/hadoop-ozone/integration-test/target/log,AVAILABLE}
2019-10-05 16:24:00,208 [main] INFO  handler.ContextHandler (ContextHandler.java:doStart(781)) - Started o.e.j.s.ServletContextHandler@43045f9f{/static,jar:file:/home/user/.m2/repository/org/apache/hadoop/hadoop-hdds-container-service/0.5.0-SNAPSHOT/hadoop-hdds-container-service-0.5.0-SNAPSHOT.jar!/webapps/static,AVAILABLE}
2019-10-05 16:24:00,261 [main] INFO  handler.ContextHandler (ContextHandler.java:doStart(781)) - Started o.e.j.w.WebAppContext@2f5ac102{/,file:///tmp/jetty-0.0.0.0-36574-hddsDatanode-_-any-8817852542327820470.dir/webapp/,AVAILABLE}{/hddsDatanode}
2019-10-05 16:24:00,263 [main] INFO  server.AbstractConnector (AbstractConnector.java:doStart(278)) - Started ServerConnector@5df778c3{HTTP/1.1,[http/1.1]}{0.0.0.0:36574}
2019-10-05 16:24:00,265 [main] INFO  server.Server (Server.java:doStart(419)) - Started @5422ms
2019-10-05 16:24:00,266 [main] WARN  impl.MetricsSystemImpl (MetricsSystemImpl.java:register(276)) - Sink prometheus already exists!
2019-10-05 16:24:00,267 [main] INFO  server.BaseHttpServer (BaseHttpServer.java:updateConnectorAddress(215)) - HTTP server of HDDSDATANODE is listening at http://0.0.0.0:36574
2019-10-05 16:24:00,269 [main] INFO  ozone.MiniOzoneClusterImpl (MiniOzoneClusterImpl.java:lambda$waitForClusterToBeReady$0(147)) - Waiting for cluster to be ready. Got 0 of 1 DN Heartbeats.
2019-10-05 16:24:00,274 [org.apache.hadoop.util.JvmPauseMonitor$Monitor@62748abd] INFO  util.JvmPauseMonitor (JvmPauseMonitor.java:run(188)) - Starting JVM pause monitor
2019-10-05 16:24:00,294 [SCMBlockDeletingService#0] DEBUG block.SCMBlockDeletingService (SCMBlockDeletingService.java:call(138)) - Running DeletedBlockTransactionScanner
2019-10-05 16:24:00,294 [SCMBlockDeletingService#0] DEBUG block.SCMBlockDeletingService (SCMBlockDeletingService.java:call(155)) - Scanned deleted blocks log and got 0 delTX to process.
2019-10-05 16:24:00,395 [SCMBlockDeletingService#1] DEBUG block.SCMBlockDeletingService (SCMBlockDeletingService.java:call(138)) - Running DeletedBlockTransactionScanner
2019-10-05 16:24:00,395 [SCMBlockDeletingService#1] DEBUG block.SCMBlockDeletingService (SCMBlockDeletingService.java:call(155)) - Scanned deleted blocks log and got 0 delTX to process.
2019-10-05 16:24:00,414 [Datanode State Machine Thread - 0] INFO  datanode.InitDatanodeState (InitDatanodeState.java:persistContainerDatanodeDetails(140)) - DatanodeDetails is persisted to /workdir/hadoop-ozone/integration-test/target/test-dir/MiniOzoneClusterImpl-c3e8681e-48b4-488b-af05-0690ad4038ab/datanode-0/meta/datanode.id
2019-10-05 16:24:00,496 [SCMBlockDeletingService#0] DEBUG block.SCMBlockDeletingService (SCMBlockDeletingService.java:call(138)) - Running DeletedBlockTransactionScanner
2019-10-05 16:24:00,496 [SCMBlockDeletingService#0] DEBUG block.SCMBlockDeletingService (SCMBlockDeletingService.java:call(155)) - Scanned deleted blocks log and got 0 delTX to process.
2019-10-05 16:24:00,597 [SCMBlockDeletingService#0] DEBUG block.SCMBlockDeletingService (SCMBlockDeletingService.java:call(138)) - Running DeletedBlockTransactionScanner
2019-10-05 16:24:00,597 [SCMBlockDeletingService#0] DEBUG block.SCMBlockDeletingService (SCMBlockDeletingService.java:call(155)) - Scanned deleted blocks log and got 0 delTX to process.
2019-10-05 16:24:00,698 [SCMBlockDeletingService#0] DEBUG block.SCMBlockDeletingService (SCMBlockDeletingService.java:call(138)) - Running DeletedBlockTransactionScanner
2019-10-05 16:24:00,699 [SCMBlockDeletingService#0] DEBUG block.SCMBlockDeletingService (SCMBlockDeletingService.java:call(155)) - Scanned deleted blocks log and got 0 delTX to process.
2019-10-05 16:24:00,799 [SCMBlockDeletingService#1] DEBUG block.SCMBlockDeletingService (SCMBlockDeletingService.java:call(138)) - Running DeletedBlockTransactionScanner
2019-10-05 16:24:00,800 [SCMBlockDeletingService#1] DEBUG block.SCMBlockDeletingService (SCMBlockDeletingService.java:call(155)) - Scanned deleted blocks log and got 0 delTX to process.
2019-10-05 16:24:00,900 [SCMBlockDeletingService#1] DEBUG block.SCMBlockDeletingService (SCMBlockDeletingService.java:call(138)) - Running DeletedBlockTransactionScanner
2019-10-05 16:24:00,901 [SCMBlockDeletingService#1] DEBUG block.SCMBlockDeletingService (SCMBlockDeletingService.java:call(155)) - Scanned deleted blocks log and got 0 delTX to process.
2019-10-05 16:24:01,001 [SCMBlockDeletingService#0] DEBUG block.SCMBlockDeletingService (SCMBlockDeletingService.java:call(138)) - Running DeletedBlockTransactionScanner
2019-10-05 16:24:01,002 [SCMBlockDeletingService#0] DEBUG block.SCMBlockDeletingService (SCMBlockDeletingService.java:call(155)) - Scanned deleted blocks log and got 0 delTX to process.
2019-10-05 16:24:01,103 [SCMBlockDeletingService#0] DEBUG block.SCMBlockDeletingService (SCMBlockDeletingService.java:call(138)) - Running DeletedBlockTransactionScanner
2019-10-05 16:24:01,103 [SCMBlockDeletingService#0] DEBUG block.SCMBlockDeletingService (SCMBlockDeletingService.java:call(155)) - Scanned deleted blocks log and got 0 delTX to process.
2019-10-05 16:24:01,203 [SCMBlockDeletingService#1] DEBUG block.SCMBlockDeletingService (SCMBlockDeletingService.java:call(138)) - Running DeletedBlockTransactionScanner
2019-10-05 16:24:01,204 [SCMBlockDeletingService#1] DEBUG block.SCMBlockDeletingService (SCMBlockDeletingService.java:call(155)) - Scanned deleted blocks log and got 0 delTX to process.
2019-10-05 16:24:01,270 [main] INFO  ozone.MiniOzoneClusterImpl (MiniOzoneClusterImpl.java:lambda$waitForClusterToBeReady$0(147)) - Waiting for cluster to be ready. Got 0 of 1 DN Heartbeats.
2019-10-05 16:24:01,304 [SCMBlockDeletingService#1] DEBUG block.SCMBlockDeletingService (SCMBlockDeletingService.java:call(138)) - Running DeletedBlockTransactionScanner
2019-10-05 16:24:01,305 [SCMBlockDeletingService#1] DEBUG block.SCMBlockDeletingService (SCMBlockDeletingService.java:call(155)) - Scanned deleted blocks log and got 0 delTX to process.
2019-10-05 16:24:01,405 [SCMBlockDeletingService#1] DEBUG block.SCMBlockDeletingService (SCMBlockDeletingService.java:call(138)) - Running DeletedBlockTransactionScanner
2019-10-05 16:24:01,406 [SCMBlockDeletingService#1] DEBUG block.SCMBlockDeletingService (SCMBlockDeletingService.java:call(155)) - Scanned deleted blocks log and got 0 delTX to process.
2019-10-05 16:24:01,506 [SCMBlockDeletingService#1] DEBUG block.SCMBlockDeletingService (SCMBlockDeletingService.java:call(138)) - Running DeletedBlockTransactionScanner
2019-10-05 16:24:01,507 [SCMBlockDeletingService#1] DEBUG block.SCMBlockDeletingService (SCMBlockDeletingService.java:call(155)) - Scanned deleted blocks log and got 0 delTX to process.
2019-10-05 16:24:01,607 [SCMBlockDeletingService#1] DEBUG block.SCMBlockDeletingService (SCMBlockDeletingService.java:call(138)) - Running DeletedBlockTransactionScanner
2019-10-05 16:24:01,607 [SCMBlockDeletingService#1] DEBUG block.SCMBlockDeletingService (SCMBlockDeletingService.java:call(155)) - Scanned deleted blocks log and got 0 delTX to process.
2019-10-05 16:24:01,708 [SCMBlockDeletingService#1] DEBUG block.SCMBlockDeletingService (SCMBlockDeletingService.java:call(138)) - Running DeletedBlockTransactionScanner
2019-10-05 16:24:01,708 [SCMBlockDeletingService#1] DEBUG block.SCMBlockDeletingService (SCMBlockDeletingService.java:call(155)) - Scanned deleted blocks log and got 0 delTX to process.
2019-10-05 16:24:01,809 [SCMBlockDeletingService#1] DEBUG block.SCMBlockDeletingService (SCMBlockDeletingService.java:call(138)) - Running DeletedBlockTransactionScanner
2019-10-05 16:24:01,810 [SCMBlockDeletingService#1] DEBUG block.SCMBlockDeletingService (SCMBlockDeletingService.java:call(155)) - Scanned deleted blocks log and got 0 delTX to process.
2019-10-05 16:24:01,910 [SCMBlockDeletingService#1] DEBUG block.SCMBlockDeletingService (SCMBlockDeletingService.java:call(138)) - Running DeletedBlockTransactionScanner
2019-10-05 16:24:01,911 [SCMBlockDeletingService#1] DEBUG block.SCMBlockDeletingService (SCMBlockDeletingService.java:call(155)) - Scanned deleted blocks log and got 0 delTX to process.
2019-10-05 16:24:02,011 [SCMBlockDeletingService#0] DEBUG block.SCMBlockDeletingService (SCMBlockDeletingService.java:call(138)) - Running DeletedBlockTransactionScanner
2019-10-05 16:24:02,012 [SCMBlockDeletingService#0] DEBUG block.SCMBlockDeletingService (SCMBlockDeletingService.java:call(155)) - Scanned deleted blocks log and got 0 delTX to process.
2019-10-05 16:24:02,112 [SCMBlockDeletingService#0] DEBUG block.SCMBlockDeletingService (SCMBlockDeletingService.java:call(138)) - Running DeletedBlockTransactionScanner
2019-10-05 16:24:02,113 [SCMBlockDeletingService#0] DEBUG block.SCMBlockDeletingService (SCMBlockDeletingService.java:call(155)) - Scanned deleted blocks log and got 0 delTX to process.
2019-10-05 16:24:02,213 [SCMBlockDeletingService#0] DEBUG block.SCMBlockDeletingService (SCMBlockDeletingService.java:call(138)) - Running DeletedBlockTransactionScanner
2019-10-05 16:24:02,214 [SCMBlockDeletingService#0] DEBUG block.SCMBlockDeletingService (SCMBlockDeletingService.java:call(155)) - Scanned deleted blocks log and got 0 delTX to process.
2019-10-05 16:24:02,270 [main] INFO  ozone.MiniOzoneClusterImpl (MiniOzoneClusterImpl.java:lambda$waitForClusterToBeReady$0(147)) - Waiting for cluster to be ready. Got 0 of 1 DN Heartbeats.
2019-10-05 16:24:02,314 [SCMBlockDeletingService#1] DEBUG block.SCMBlockDeletingService (SCMBlockDeletingService.java:call(138)) - Running DeletedBlockTransactionScanner
2019-10-05 16:24:02,315 [SCMBlockDeletingService#1] DEBUG block.SCMBlockDeletingService (SCMBlockDeletingService.java:call(155)) - Scanned deleted blocks log and got 0 delTX to process.
2019-10-05 16:24:02,370 [Datanode State Machine Thread - 0] INFO  ozoneimpl.OzoneContainer (OzoneContainer.java:start(217)) - Attempting to start container services.
2019-10-05 16:24:02,372 [Datanode State Machine Thread - 0] INFO  ozoneimpl.OzoneContainer (OzoneContainer.java:startContainerScrub(179)) - Background container scanner has been disabled.
2019-10-05 16:24:02,372 [Datanode State Machine Thread - 0] INFO  ratis.XceiverServerRatis (XceiverServerRatis.java:start(417)) - Starting XceiverServerRatis 29926ed2-d930-4601-9cf8-13a6494a0fce at port 0
2019-10-05 16:24:02,396 [Datanode State Machine Thread - 0] INFO  impl.RaftServerProxy (RaftServerProxy.java:lambda$start$3(299)) - 29926ed2-d930-4601-9cf8-13a6494a0fce: start RPC server
2019-10-05 16:24:02,415 [SCMBlockDeletingService#1] DEBUG block.SCMBlockDeletingService (SCMBlockDeletingService.java:call(138)) - Running DeletedBlockTransactionScanner
2019-10-05 16:24:02,416 [SCMBlockDeletingService#1] DEBUG block.SCMBlockDeletingService (SCMBlockDeletingService.java:call(155)) - Scanned deleted blocks log and got 0 delTX to process.
2019-10-05 16:24:02,517 [SCMBlockDeletingService#1] DEBUG block.SCMBlockDeletingService (SCMBlockDeletingService.java:call(138)) - Running DeletedBlockTransactionScanner
2019-10-05 16:24:02,519 [SCMBlockDeletingService#1] DEBUG block.SCMBlockDeletingService (SCMBlockDeletingService.java:call(155)) - Scanned deleted blocks log and got 0 delTX to process.
2019-10-05 16:24:02,531 [Datanode State Machine Thread - 0] INFO  server.GrpcService (GrpcService.java:startImpl(158)) - 29926ed2-d930-4601-9cf8-13a6494a0fce: GrpcService started, listening on 0.0.0.0/0.0.0.0:37652
2019-10-05 16:24:02,531 [Datanode State Machine Thread - 0] INFO  ratis.XceiverServerRatis (XceiverServerRatis.java:start(427)) - XceiverServerRatis 29926ed2-d930-4601-9cf8-13a6494a0fce is started using port 37652
2019-10-05 16:24:02,536 [Datanode State Machine Thread - 0] INFO  server.XceiverServerGrpc (XceiverServerGrpc.java:start(149)) - XceiverServerGrpc 29926ed2-d930-4601-9cf8-13a6494a0fce is started using port 46683
2019-10-05 16:24:02,621 [SCMBlockDeletingService#1] DEBUG block.SCMBlockDeletingService (SCMBlockDeletingService.java:call(138)) - Running DeletedBlockTransactionScanner
2019-10-05 16:24:02,622 [SCMBlockDeletingService#1] DEBUG block.SCMBlockDeletingService (SCMBlockDeletingService.java:call(155)) - Scanned deleted blocks log and got 0 delTX to process.
2019-10-05 16:24:02,723 [SCMBlockDeletingService#1] DEBUG block.SCMBlockDeletingService (SCMBlockDeletingService.java:call(138)) - Running DeletedBlockTransactionScanner
2019-10-05 16:24:02,725 [SCMBlockDeletingService#1] DEBUG block.SCMBlockDeletingService (SCMBlockDeletingService.java:call(155)) - Scanned deleted blocks log and got 0 delTX to process.
2019-10-05 16:24:02,825 [SCMBlockDeletingService#0] DEBUG block.SCMBlockDeletingService (SCMBlockDeletingService.java:call(138)) - Running DeletedBlockTransactionScanner
2019-10-05 16:24:02,826 [SCMBlockDeletingService#0] DEBUG block.SCMBlockDeletingService (SCMBlockDeletingService.java:call(155)) - Scanned deleted blocks log and got 0 delTX to process.
2019-10-05 16:24:02,926 [SCMBlockDeletingService#0] DEBUG block.SCMBlockDeletingService (SCMBlockDeletingService.java:call(138)) - Running DeletedBlockTransactionScanner
2019-10-05 16:24:02,927 [SCMBlockDeletingService#0] DEBUG block.SCMBlockDeletingService (SCMBlockDeletingService.java:call(155)) - Scanned deleted blocks log and got 0 delTX to process.
2019-10-05 16:24:03,028 [SCMBlockDeletingService#0] DEBUG block.SCMBlockDeletingService (SCMBlockDeletingService.java:call(138)) - Running DeletedBlockTransactionScanner
2019-10-05 16:24:03,028 [SCMBlockDeletingService#0] DEBUG block.SCMBlockDeletingService (SCMBlockDeletingService.java:call(155)) - Scanned deleted blocks log and got 0 delTX to process.
2019-10-05 16:24:03,129 [SCMBlockDeletingService#0] DEBUG block.SCMBlockDeletingService (SCMBlockDeletingService.java:call(138)) - Running DeletedBlockTransactionScanner
2019-10-05 16:24:03,129 [SCMBlockDeletingService#0] DEBUG block.SCMBlockDeletingService (SCMBlockDeletingService.java:call(155)) - Scanned deleted blocks log and got 0 delTX to process.
2019-10-05 16:24:03,230 [SCMBlockDeletingService#0] DEBUG block.SCMBlockDeletingService (SCMBlockDeletingService.java:call(138)) - Running DeletedBlockTransactionScanner
2019-10-05 16:24:03,230 [SCMBlockDeletingService#0] DEBUG block.SCMBlockDeletingService (SCMBlockDeletingService.java:call(155)) - Scanned deleted blocks log and got 0 delTX to process.
2019-10-05 16:24:03,271 [main] INFO  ozone.MiniOzoneClusterImpl (MiniOzoneClusterImpl.java:lambda$waitForClusterToBeReady$0(147)) - Waiting for cluster to be ready. Got 0 of 1 DN Heartbeats.
2019-10-05 16:24:03,331 [SCMBlockDeletingService#0] DEBUG block.SCMBlockDeletingService (SCMBlockDeletingService.java:call(138)) - Running DeletedBlockTransactionScanner
2019-10-05 16:24:03,331 [SCMBlockDeletingService#0] DEBUG block.SCMBlockDeletingService (SCMBlockDeletingService.java:call(155)) - Scanned deleted blocks log and got 0 delTX to process.
2019-10-05 16:24:03,432 [SCMBlockDeletingService#0] DEBUG block.SCMBlockDeletingService (SCMBlockDeletingService.java:call(138)) - Running DeletedBlockTransactionScanner
2019-10-05 16:24:03,432 [SCMBlockDeletingService#0] DEBUG block.SCMBlockDeletingService (SCMBlockDeletingService.java:call(155)) - Scanned deleted blocks log and got 0 delTX to process.
2019-10-05 16:24:03,533 [SCMBlockDeletingService#0] DEBUG block.SCMBlockDeletingService (SCMBlockDeletingService.java:call(138)) - Running DeletedBlockTransactionScanner
2019-10-05 16:24:03,533 [SCMBlockDeletingService#0] DEBUG block.SCMBlockDeletingService (SCMBlockDeletingService.java:call(155)) - Scanned deleted blocks log and got 0 delTX to process.
2019-10-05 16:24:03,634 [SCMBlockDeletingService#0] DEBUG block.SCMBlockDeletingService (SCMBlockDeletingService.java:call(138)) - Running DeletedBlockTransactionScanner
2019-10-05 16:24:03,634 [SCMBlockDeletingService#0] DEBUG block.SCMBlockDeletingService (SCMBlockDeletingService.java:call(155)) - Scanned deleted blocks log and got 0 delTX to process.
2019-10-05 16:24:03,735 [SCMBlockDeletingService#0] DEBUG block.SCMBlockDeletingService (SCMBlockDeletingService.java:call(138)) - Running DeletedBlockTransactionScanner
2019-10-05 16:24:03,735 [SCMBlockDeletingService#0] DEBUG block.SCMBlockDeletingService (SCMBlockDeletingService.java:call(155)) - Scanned deleted blocks log and got 0 delTX to process.
2019-10-05 16:24:03,836 [SCMBlockDeletingService#0] DEBUG block.SCMBlockDeletingService (SCMBlockDeletingService.java:call(138)) - Running DeletedBlockTransactionScanner
2019-10-05 16:24:03,836 [SCMBlockDeletingService#0] DEBUG block.SCMBlockDeletingService (SCMBlockDeletingService.java:call(155)) - Scanned deleted blocks log and got 0 delTX to process.
2019-10-05 16:24:03,937 [SCMBlockDeletingService#0] DEBUG block.SCMBlockDeletingService (SCMBlockDeletingService.java:call(138)) - Running DeletedBlockTransactionScanner
2019-10-05 16:24:03,937 [SCMBlockDeletingService#0] DEBUG block.SCMBlockDeletingService (SCMBlockDeletingService.java:call(155)) - Scanned deleted blocks log and got 0 delTX to process.
2019-10-05 16:24:04,038 [SCMBlockDeletingService#0] DEBUG block.SCMBlockDeletingService (SCMBlockDeletingService.java:call(138)) - Running DeletedBlockTransactionScanner
2019-10-05 16:24:04,039 [SCMBlockDeletingService#0] DEBUG block.SCMBlockDeletingService (SCMBlockDeletingService.java:call(155)) - Scanned deleted blocks log and got 0 delTX to process.
2019-10-05 16:24:04,139 [SCMBlockDeletingService#0] DEBUG block.SCMBlockDeletingService (SCMBlockDeletingService.java:call(138)) - Running DeletedBlockTransactionScanner
2019-10-05 16:24:04,139 [SCMBlockDeletingService#0] DEBUG block.SCMBlockDeletingService (SCMBlockDeletingService.java:call(155)) - Scanned deleted blocks log and got 0 delTX to process.
2019-10-05 16:24:04,240 [SCMBlockDeletingService#0] DEBUG block.SCMBlockDeletingService (SCMBlockDeletingService.java:call(138)) - Running DeletedBlockTransactionScanner
2019-10-05 16:24:04,240 [SCMBlockDeletingService#0] DEBUG block.SCMBlockDeletingService (SCMBlockDeletingService.java:call(155)) - Scanned deleted blocks log and got 0 delTX to process.
2019-10-05 16:24:04,272 [main] INFO  ozone.MiniOzoneClusterImpl (MiniOzoneClusterImpl.java:lambda$waitForClusterToBeReady$0(147)) - Waiting for cluster to be ready. Got 0 of 1 DN Heartbeats.
2019-10-05 16:24:04,315 [IPC Server handler 0 on 34754] INFO  net.NetworkTopology (NetworkTopologyImpl.java:add(111)) - Added a new node: /default-rack/29926ed2-d930-4601-9cf8-13a6494a0fce
2019-10-05 16:24:04,316 [IPC Server handler 0 on 34754] INFO  node.SCMNodeManager (SCMNodeManager.java:register(268)) - Registered Data node : 29926ed2-d930-4601-9cf8-13a6494a0fce{ip: 192.168.164.228, host: pr-hdds-2254-trunk-xw7zv-2851001327, networkLocation: /default-rack, certSerialId: null}
2019-10-05 16:24:04,319 [EventQueue-NodeRegistrationContainerReportForDataNodeSafeModeRule] INFO  safemode.SCMSafeModeManager (DataNodeSafeModeRule.java:process(71)) - SCM in safe mode. 1 DataNodes registered, 1 required.
2019-10-05 16:24:04,319 [EventQueue-NodeRegistrationContainerReportForDataNodeSafeModeRule] INFO  safemode.SCMSafeModeManager (SCMSafeModeManager.java:validateSafeModeExitRules(177)) - ScmSafeModeManager, all rules are successfully validated
2019-10-05 16:24:04,319 [EventQueue-NodeRegistrationContainerReportForDataNodeSafeModeRule] INFO  safemode.SCMSafeModeManager (SCMSafeModeManager.java:exitSafeMode(193)) - SCM exiting safe mode.
2019-10-05 16:24:04,340 [SCMBlockDeletingService#0] DEBUG block.SCMBlockDeletingService (SCMBlockDeletingService.java:call(138)) - Running DeletedBlockTransactionScanner
2019-10-05 16:24:04,341 [SCMBlockDeletingService#0] DEBUG block.SCMBlockDeletingService (SCMBlockDeletingService.java:call(155)) - Scanned deleted blocks log and got 0 delTX to process.
2019-10-05 16:24:04,441 [SCMBlockDeletingService#0] DEBUG block.SCMBlockDeletingService (SCMBlockDeletingService.java:call(138)) - Running DeletedBlockTransactionScanner
2019-10-05 16:24:04,442 [SCMBlockDeletingService#0] DEBUG block.SCMBlockDeletingService (SCMBlockDeletingService.java:call(155)) - Scanned deleted blocks log and got 0 delTX to process.
2019-10-05 16:24:04,542 [SCMBlockDeletingService#0] DEBUG block.SCMBlockDeletingService (SCMBlockDeletingService.java:call(138)) - Running DeletedBlockTransactionScanner
2019-10-05 16:24:04,543 [SCMBlockDeletingService#0] DEBUG block.SCMBlockDeletingService (SCMBlockDeletingService.java:call(155)) - Scanned deleted blocks log and got 0 delTX to process.
2019-10-05 16:24:04,643 [SCMBlockDeletingService#0] DEBUG block.SCMBlockDeletingService (SCMBlockDeletingService.java:call(138)) - Running DeletedBlockTransactionScanner
2019-10-05 16:24:04,643 [SCMBlockDeletingService#0] DEBUG block.SCMBlockDeletingService (SCMBlockDeletingService.java:call(155)) - Scanned deleted blocks log and got 0 delTX to process.
2019-10-05 16:24:04,744 [SCMBlockDeletingService#0] DEBUG block.SCMBlockDeletingService (SCMBlockDeletingService.java:call(138)) - Running DeletedBlockTransactionScanner
2019-10-05 16:24:04,744 [SCMBlockDeletingService#0] DEBUG block.SCMBlockDeletingService (SCMBlockDeletingService.java:call(155)) - Scanned deleted blocks log and got 0 delTX to process.
2019-10-05 16:24:04,834 [grpc-default-executor-0] INFO  impl.RaftServerProxy (RaftServerProxy.java:addNew(89)) - 29926ed2-d930-4601-9cf8-13a6494a0fce: addNew group-66450F7274CF:[29926ed2-d930-4601-9cf8-13a6494a0fce:192.168.164.228:37652] returns group-66450F7274CF:java.util.concurrent.CompletableFuture@2eccd920[Not completed]
2019-10-05 16:24:04,845 [SCMBlockDeletingService#0] DEBUG block.SCMBlockDeletingService (SCMBlockDeletingService.java:call(138)) - Running DeletedBlockTransactionScanner
2019-10-05 16:24:04,845 [SCMBlockDeletingService#0] DEBUG block.SCMBlockDeletingService (SCMBlockDeletingService.java:call(155)) - Scanned deleted blocks log and got 0 delTX to process.
2019-10-05 16:24:04,856 [pool-27-thread-1] INFO  impl.RaftServerImpl (RaftServerImpl.java:<init>(95)) - 29926ed2-d930-4601-9cf8-13a6494a0fce: new RaftServerImpl for group-66450F7274CF:[29926ed2-d930-4601-9cf8-13a6494a0fce:192.168.164.228:37652] with ContainerStateMachine:uninitialized
2019-10-05 16:24:04,860 [pool-27-thread-1] INFO  server.RaftServerConfigKeys (ConfUtils.java:logGet(43)) - raft.server.rpc.timeout.min = 5s (custom)
2019-10-05 16:24:04,860 [pool-27-thread-1] INFO  server.RaftServerConfigKeys (ConfUtils.java:logGet(43)) - raft.server.rpc.timeout.max = 5200ms (custom)
2019-10-05 16:24:04,861 [pool-27-thread-1] INFO  server.RaftServerConfigKeys (ConfUtils.java:logGet(43)) - raft.server.rpcslowness.timeout = 120s (custom)
2019-10-05 16:24:04,862 [pool-27-thread-1] INFO  server.RaftServerConfigKeys (ConfUtils.java:logGet(43)) - raft.server.sleep.deviation.threshold = 300 (default)
2019-10-05 16:24:04,863 [pool-27-thread-1] INFO  server.RaftServerConfigKeys (ConfUtils.java:logGet(43)) - raft.server.log.appender.install.snapshot.enabled = false (custom)
2019-10-05 16:24:04,873 [pool-27-thread-1] INFO  impl.RaftServerImpl (ServerState.java:<init>(103)) - 29926ed2-d930-4601-9cf8-13a6494a0fce@group-66450F7274CF: ConfigurationManager, init=-1: [29926ed2-d930-4601-9cf8-13a6494a0fce:192.168.164.228:37652], old=null, confs=<EMPTY_MAP>
2019-10-05 16:24:04,874 [pool-27-thread-1] INFO  server.RaftServerConfigKeys (ConfUtils.java:logGet(43)) - raft.server.storage.dir = [/workdir/hadoop-ozone/integration-test/target/test-dir/MiniOzoneClusterImpl-c3e8681e-48b4-488b-af05-0690ad4038ab/datanode-0/data/ratis] (custom)
2019-10-05 16:24:04,881 [pool-27-thread-1] INFO  server.RaftServerConfigKeys (ConfUtils.java:logGet(43)) - raft.server.log.corruption.policy = EXCEPTION (default)
2019-10-05 16:24:04,884 [pool-27-thread-1] INFO  storage.RaftStorageDirectory (RaftStorageDirectory.java:analyzeStorage(246)) - The storage directory /workdir/hadoop-ozone/integration-test/target/test-dir/MiniOzoneClusterImpl-c3e8681e-48b4-488b-af05-0690ad4038ab/datanode-0/data/ratis/96c8ac54-7d25-47bb-8b19-66450f7274cf does not exist. Creating ...
2019-10-05 16:24:04,902 [pool-27-thread-1] INFO  storage.RaftStorageDirectory (RaftStorageDirectory.java:tryLock(328)) - Lock on /workdir/hadoop-ozone/integration-test/target/test-dir/MiniOzoneClusterImpl-c3e8681e-48b4-488b-af05-0690ad4038ab/datanode-0/data/ratis/96c8ac54-7d25-47bb-8b19-66450f7274cf/in_use.lock acquired by nodename 11788@pr-hdds-2254-trunk-xw7zv-2851001327
2019-10-05 16:24:04,917 [pool-27-thread-1] INFO  storage.RaftStorage (RaftStorage.java:format(84)) - Storage directory /workdir/hadoop-ozone/integration-test/target/test-dir/MiniOzoneClusterImpl-c3e8681e-48b4-488b-af05-0690ad4038ab/datanode-0/data/ratis/96c8ac54-7d25-47bb-8b19-66450f7274cf has been successfully formatted.
2019-10-05 16:24:04,920 [pool-27-thread-1] INFO  ratis.ContainerStateMachine (ContainerStateMachine.java:loadSnapshot(230)) - group-66450F7274CF: The snapshot info is null. Setting the last applied indexto:(t:0, i:~)
2019-10-05 16:24:04,921 [pool-27-thread-1] INFO  server.RaftServerConfigKeys (ConfUtils.java:logGet(43)) - raft.server.notification.no-leader.timeout = 120s (custom)
2019-10-05 16:24:04,924 [pool-27-thread-1] INFO  server.RaftServerConfigKeys (ConfUtils.java:logGet(43)) - raft.server.log.use.memory = false (default)
2019-10-05 16:24:04,932 [pool-27-thread-1] INFO  server.RaftServerConfigKeys (ConfUtils.java:logGet(43)) - raft.server.log.purge.gap = 1000000 (custom)
2019-10-05 16:24:04,932 [pool-27-thread-1] INFO  server.RaftServerConfigKeys (ConfUtils.java:logGet(43)) - raft.server.log.appender.buffer.byte-limit = 33554432 (custom)
2019-10-05 16:24:04,936 [pool-27-thread-1] INFO  server.RaftServerConfigKeys (ConfUtils.java:logGet(43)) - raft.server.log.segment.size.max = 1048576 (custom)
2019-10-05 16:24:04,938 [pool-27-thread-1] INFO  impl.MetricsSystemImpl (MetricsSystemImpl.java:init(158)) - ratis metrics system started (again)
2019-10-05 16:24:04,943 [pool-27-thread-1] INFO  metrics.MetricRegistries (MetricRegistriesLoader.java:load(64)) - Loaded MetricRegistries class org.apache.ratis.metrics.impl.MetricRegistriesImpl
2019-10-05 16:24:04,945 [SCMBlockDeletingService#0] DEBUG block.SCMBlockDeletingService (SCMBlockDeletingService.java:call(138)) - Running DeletedBlockTransactionScanner
2019-10-05 16:24:04,946 [SCMBlockDeletingService#0] DEBUG block.SCMBlockDeletingService (SCMBlockDeletingService.java:call(155)) - Scanned deleted blocks log and got 0 delTX to process.
2019-10-05 16:24:04,988 [pool-27-thread-1] INFO  server.RaftServerConfigKeys (ConfUtils.java:logGet(43)) - raft.server.log.segment.cache.num.max = 2 (custom)
2019-10-05 16:24:04,994 [pool-27-thread-1] INFO  segmented.SegmentedRaftLogWorker (SegmentedRaftLogWorker.java:<init>(173)) - new 29926ed2-d930-4601-9cf8-13a6494a0fce@group-66450F7274CF-SegmentedRaftLogWorker for RaftStorage:Storage Directory /workdir/hadoop-ozone/integration-test/target/test-dir/MiniOzoneClusterImpl-c3e8681e-48b4-488b-af05-0690ad4038ab/datanode-0/data/ratis/96c8ac54-7d25-47bb-8b19-66450f7274cf
2019-10-05 16:24:04,995 [pool-27-thread-1] INFO  server.RaftServerConfigKeys (ConfUtils.java:logGet(43)) - raft.server.log.queue.byte-limit = 2147483647 (custom)
2019-10-05 16:24:04,995 [pool-27-thread-1] INFO  server.RaftServerConfigKeys (ConfUtils.java:logGet(43)) - raft.server.log.queue.element-limit = 1024 (custom)
2019-10-05 16:24:04,996 [pool-27-thread-1] INFO  server.RaftServerConfigKeys (ConfUtils.java:logGet(43)) - raft.server.log.segment.size.max = 1048576 (custom)
2019-10-05 16:24:04,997 [pool-27-thread-1] INFO  server.RaftServerConfigKeys (ConfUtils.java:logGet(43)) - raft.server.log.preallocated.size = 16384 (custom)
2019-10-05 16:24:04,997 [pool-27-thread-1] INFO  server.RaftServerConfigKeys (ConfUtils.java:logGet(43)) - raft.server.log.write.buffer.size = 33554432 (custom)
2019-10-05 16:24:04,998 [pool-27-thread-1] INFO  server.RaftServerConfigKeys (ConfUtils.java:logGet(43)) - raft.server.log.force.sync.num = 128 (default)
2019-10-05 16:24:04,999 [pool-27-thread-1] INFO  server.RaftServerConfigKeys (ConfUtils.java:logGet(43)) - raft.server.log.statemachine.data.sync = true (default)
2019-10-05 16:24:04,999 [pool-27-thread-1] INFO  server.RaftServerConfigKeys (ConfUtils.java:logGet(43)) - raft.server.log.statemachine.data.sync.timeout = 10s (default)
2019-10-05 16:24:05,000 [pool-27-thread-1] INFO  server.RaftServerConfigKeys (ConfUtils.java:logGet(43)) - raft.server.log.statemachine.data.sync.timeout.retry = -1 (default)
2019-10-05 16:24:05,012 [pool-27-thread-1] INFO  server.RaftServerConfigKeys (ConfUtils.java:logGet(43)) - raft.server.log.statemachine.data.caching.enabled = true (custom)
2019-10-05 16:24:05,017 [pool-27-thread-1] INFO  segmented.SegmentedRaftLogWorker (SegmentedRaftLogWorker.java:lambda$new$0(128)) - 29926ed2-d930-4601-9cf8-13a6494a0fce@group-66450F7274CF-SegmentedRaftLogWorker: flushIndex: setUnconditionally 0 -> -1
2019-10-05 16:24:05,022 [pool-27-thread-1] INFO  server.RaftServerConfigKeys (ConfUtils.java:logGet(43)) - raft.server.snapshot.auto.trigger.enabled = true (custom)
2019-10-05 16:24:05,023 [pool-27-thread-1] INFO  server.RaftServerConfigKeys (ConfUtils.java:logGet(43)) - raft.server.snapshot.auto.trigger.threshold = 10000 (custom)
2019-10-05 16:24:05,023 [pool-27-thread-1] INFO  server.RaftServerConfigKeys (ConfUtils.java:logGet(43)) - raft.server.snapshot.retention.file.num = 5 (custom)
2019-10-05 16:24:05,024 [pool-27-thread-1] INFO  server.RaftServerConfigKeys (ConfUtils.java:logGet(43)) - raft.server.retrycache.expirytime = 600000ms (custom)
2019-10-05 16:24:05,046 [SCMBlockDeletingService#0] DEBUG block.SCMBlockDeletingService (SCMBlockDeletingService.java:call(138)) - Running DeletedBlockTransactionScanner
2019-10-05 16:24:05,047 [SCMBlockDeletingService#0] DEBUG block.SCMBlockDeletingService (SCMBlockDeletingService.java:call(155)) - Scanned deleted blocks log and got 0 delTX to process.
2019-10-05 16:24:05,052 [pool-27-thread-1] INFO  impl.RaftServerImpl (RaftServerImpl.java:start(181)) - 29926ed2-d930-4601-9cf8-13a6494a0fce@group-66450F7274CF: start as a follower, conf=-1: [29926ed2-d930-4601-9cf8-13a6494a0fce:192.168.164.228:37652], old=null
2019-10-05 16:24:05,053 [pool-27-thread-1] INFO  impl.RaftServerImpl (RaftServerImpl.java:setRole(170)) - 29926ed2-d930-4601-9cf8-13a6494a0fce@group-66450F7274CF: changes role from      null to FOLLOWER at term 0 for startAsFollower
2019-10-05 16:24:05,054 [pool-27-thread-1] INFO  impl.RoleInfo (RoleInfo.java:updateAndGet(143)) - 29926ed2-d930-4601-9cf8-13a6494a0fce: start FollowerState
2019-10-05 16:24:05,057 [pool-27-thread-1] INFO  util.JmxRegister (JmxRegister.java:tryRegister(44)) - Successfully registered JMX Bean with object name Ratis:service=RaftServer,group=group-66450F7274CF,id=29926ed2-d930-4601-9cf8-13a6494a0fce
2019-10-05 16:24:05,135 [RatisPipelineUtilsThread] INFO  pipeline.PipelineStateManager (PipelineStateManager.java:addPipeline(56)) - Created pipeline Pipeline[ Id: 96c8ac54-7d25-47bb-8b19-66450f7274cf, Nodes: 29926ed2-d930-4601-9cf8-13a6494a0fce{ip: 192.168.164.228, host: pr-hdds-2254-trunk-xw7zv-2851001327, networkLocation: /default-rack, certSerialId: null}, Type:RATIS, Factor:ONE, State:OPEN]
2019-10-05 16:24:05,147 [SCMBlockDeletingService#0] DEBUG block.SCMBlockDeletingService (SCMBlockDeletingService.java:call(138)) - Running DeletedBlockTransactionScanner
2019-10-05 16:24:05,148 [SCMBlockDeletingService#0] DEBUG block.SCMBlockDeletingService (SCMBlockDeletingService.java:call(155)) - Scanned deleted blocks log and got 0 delTX to process.
2019-10-05 16:24:05,248 [SCMBlockDeletingService#0] DEBUG block.SCMBlockDeletingService (SCMBlockDeletingService.java:call(138)) - Running DeletedBlockTransactionScanner
2019-10-05 16:24:05,248 [SCMBlockDeletingService#0] DEBUG block.SCMBlockDeletingService (SCMBlockDeletingService.java:call(155)) - Scanned deleted blocks log and got 0 delTX to process.
2019-10-05 16:24:05,273 [main] INFO  ozone.MiniOzoneClusterImpl (MiniOzoneClusterImpl.java:lambda$waitForClusterToBeReady$0(147)) - Cluster is ready. Got 1 of 1 DN Heartbeats.
2019-10-05 16:24:05,349 [SCMBlockDeletingService#0] DEBUG block.SCMBlockDeletingService (SCMBlockDeletingService.java:call(138)) - Running DeletedBlockTransactionScanner
2019-10-05 16:24:05,349 [SCMBlockDeletingService#0] DEBUG block.SCMBlockDeletingService (SCMBlockDeletingService.java:call(155)) - Scanned deleted blocks log and got 0 delTX to process.
2019-10-05 16:24:05,449 [SCMBlockDeletingService#1] DEBUG block.SCMBlockDeletingService (SCMBlockDeletingService.java:call(138)) - Running DeletedBlockTransactionScanner
2019-10-05 16:24:05,450 [SCMBlockDeletingService#1] DEBUG block.SCMBlockDeletingService (SCMBlockDeletingService.java:call(155)) - Scanned deleted blocks log and got 0 delTX to process.
2019-10-05 16:24:05,550 [SCMBlockDeletingService#1] DEBUG block.SCMBlockDeletingService (SCMBlockDeletingService.java:call(138)) - Running DeletedBlockTransactionScanner
2019-10-05 16:24:05,550 [SCMBlockDeletingService#1] DEBUG block.SCMBlockDeletingService (SCMBlockDeletingService.java:call(155)) - Scanned deleted blocks log and got 0 delTX to process.
2019-10-05 16:24:05,651 [SCMBlockDeletingService#1] DEBUG block.SCMBlockDeletingService (SCMBlockDeletingService.java:call(138)) - Running DeletedBlockTransactionScanner
2019-10-05 16:24:05,651 [SCMBlockDeletingService#1] DEBUG block.SCMBlockDeletingService (SCMBlockDeletingService.java:call(155)) - Scanned deleted blocks log and got 0 delTX to process.
2019-10-05 16:24:05,752 [SCMBlockDeletingService#1] DEBUG block.SCMBlockDeletingService (SCMBlockDeletingService.java:call(138)) - Running DeletedBlockTransactionScanner
2019-10-05 16:24:05,752 [SCMBlockDeletingService#1] DEBUG block.SCMBlockDeletingService (SCMBlockDeletingService.java:call(155)) - Scanned deleted blocks log and got 0 delTX to process.
2019-10-05 16:24:05,852 [SCMBlockDeletingService#1] DEBUG block.SCMBlockDeletingService (SCMBlockDeletingService.java:call(138)) - Running DeletedBlockTransactionScanner
2019-10-05 16:24:05,853 [SCMBlockDeletingService#1] DEBUG block.SCMBlockDeletingService (SCMBlockDeletingService.java:call(155)) - Scanned deleted blocks log and got 0 delTX to process.
2019-10-05 16:24:05,954 [SCMBlockDeletingService#1] DEBUG block.SCMBlockDeletingService (SCMBlockDeletingService.java:call(138)) - Running DeletedBlockTransactionScanner
2019-10-05 16:24:05,954 [SCMBlockDeletingService#1] DEBUG block.SCMBlockDeletingService (SCMBlockDeletingService.java:call(155)) - Scanned deleted blocks log and got 0 delTX to process.
2019-10-05 16:24:06,055 [SCMBlockDeletingService#1] DEBUG block.SCMBlockDeletingService (SCMBlockDeletingService.java:call(138)) - Running DeletedBlockTransactionScanner
2019-10-05 16:24:06,055 [SCMBlockDeletingService#1] DEBUG block.SCMBlockDeletingService (SCMBlockDeletingService.java:call(155)) - Scanned deleted blocks log and got 0 delTX to process.
2019-10-05 16:24:06,156 [SCMBlockDeletingService#1] DEBUG block.SCMBlockDeletingService (SCMBlockDeletingService.java:call(138)) - Running DeletedBlockTransactionScanner
2019-10-05 16:24:06,156 [SCMBlockDeletingService#1] DEBUG block.SCMBlockDeletingService (SCMBlockDeletingService.java:call(155)) - Scanned deleted blocks log and got 0 delTX to process.
2019-10-05 16:24:06,257 [SCMBlockDeletingService#1] DEBUG block.SCMBlockDeletingService (SCMBlockDeletingService.java:call(138)) - Running DeletedBlockTransactionScanner
2019-10-05 16:24:06,257 [SCMBlockDeletingService#1] DEBUG block.SCMBlockDeletingService (SCMBlockDeletingService.java:call(155)) - Scanned deleted blocks log and got 0 delTX to process.
2019-10-05 16:24:06,357 [SCMBlockDeletingService#1] DEBUG block.SCMBlockDeletingService (SCMBlockDeletingService.java:call(138)) - Running DeletedBlockTransactionScanner
2019-10-05 16:24:06,358 [SCMBlockDeletingService#1] DEBUG block.SCMBlockDeletingService (SCMBlockDeletingService.java:call(155)) - Scanned deleted blocks log and got 0 delTX to process.
2019-10-05 16:24:06,458 [SCMBlockDeletingService#1] DEBUG block.SCMBlockDeletingService (SCMBlockDeletingService.java:call(138)) - Running DeletedBlockTransactionScanner
2019-10-05 16:24:06,459 [SCMBlockDeletingService#1] DEBUG block.SCMBlockDeletingService (SCMBlockDeletingService.java:call(155)) - Scanned deleted blocks log and got 0 delTX to process.
2019-10-05 16:24:06,559 [SCMBlockDeletingService#1] DEBUG block.SCMBlockDeletingService (SCMBlockDeletingService.java:call(138)) - Running DeletedBlockTransactionScanner
2019-10-05 16:24:06,559 [SCMBlockDeletingService#1] DEBUG block.SCMBlockDeletingService (SCMBlockDeletingService.java:call(155)) - Scanned deleted blocks log and got 0 delTX to process.
2019-10-05 16:24:06,660 [SCMBlockDeletingService#1] DEBUG block.SCMBlockDeletingService (SCMBlockDeletingService.java:call(138)) - Running DeletedBlockTransactionScanner
2019-10-05 16:24:06,660 [SCMBlockDeletingService#1] DEBUG block.SCMBlockDeletingService (SCMBlockDeletingService.java:call(155)) - Scanned deleted blocks log and got 0 delTX to process.
2019-10-05 16:24:06,761 [SCMBlockDeletingService#1] DEBUG block.SCMBlockDeletingService (SCMBlockDeletingService.java:call(138)) - Running DeletedBlockTransactionScanner
2019-10-05 16:24:06,761 [SCMBlockDeletingService#1] DEBUG block.SCMBlockDeletingService (SCMBlockDeletingService.java:call(155)) - Scanned deleted blocks log and got 0 delTX to process.
2019-10-05 16:24:06,862 [SCMBlockDeletingService#1] DEBUG block.SCMBlockDeletingService (SCMBlockDeletingService.java:call(138)) - Running DeletedBlockTransactionScanner
2019-10-05 16:24:06,862 [SCMBlockDeletingService#1] DEBUG block.SCMBlockDeletingService (SCMBlockDeletingService.java:call(155)) - Scanned deleted blocks log and got 0 delTX to process.
2019-10-05 16:24:06,963 [SCMBlockDeletingService#1] DEBUG block.SCMBlockDeletingService (SCMBlockDeletingService.java:call(138)) - Running DeletedBlockTransactionScanner
2019-10-05 16:24:06,963 [SCMBlockDeletingService#1] DEBUG block.SCMBlockDeletingService (SCMBlockDeletingService.java:call(155)) - Scanned deleted blocks log and got 0 delTX to process.
2019-10-05 16:24:07,064 [SCMBlockDeletingService#1] DEBUG block.SCMBlockDeletingService (SCMBlockDeletingService.java:call(138)) - Running DeletedBlockTransactionScanner
2019-10-05 16:24:07,065 [SCMBlockDeletingService#1] DEBUG block.SCMBlockDeletingService (SCMBlockDeletingService.java:call(155)) - Scanned deleted blocks log and got 0 delTX to process.
2019-10-05 16:24:07,165 [SCMBlockDeletingService#1] DEBUG block.SCMBlockDeletingService (SCMBlockDeletingService.java:call(138)) - Running DeletedBlockTransactionScanner
2019-10-05 16:24:07,165 [SCMBlockDeletingService#1] DEBUG block.SCMBlockDeletingService (SCMBlockDeletingService.java:call(155)) - Scanned deleted blocks log and got 0 delTX to process.
2019-10-05 16:24:07,266 [SCMBlockDeletingService#1] DEBUG block.SCMBlockDeletingService (SCMBlockDeletingService.java:call(138)) - Running DeletedBlockTransactionScanner
2019-10-05 16:24:07,266 [SCMBlockDeletingService#1] DEBUG block.SCMBlockDeletingService (SCMBlockDeletingService.java:call(155)) - Scanned deleted blocks log and got 0 delTX to process.
2019-10-05 16:24:07,324 [Thread-156] INFO  container.ReplicationManager (ReplicationManager.java:start(162)) - Starting Replication Monitor Thread.
2019-10-05 16:24:07,327 [ReplicationMonitor] INFO  container.ReplicationManager (ReplicationManager.java:run(225)) - Replication Monitor Thread took 2 milliseconds for processing 0 containers.
2019-10-05 16:24:07,366 [SCMBlockDeletingService#1] DEBUG block.SCMBlockDeletingService (SCMBlockDeletingService.java:call(138)) - Running DeletedBlockTransactionScanner
2019-10-05 16:24:07,367 [SCMBlockDeletingService#1] DEBUG block.SCMBlockDeletingService (SCMBlockDeletingService.java:call(155)) - Scanned deleted blocks log and got 0 delTX to process.
2019-10-05 16:24:07,467 [SCMBlockDeletingService#1] DEBUG block.SCMBlockDeletingService (SCMBlockDeletingService.java:call(138)) - Running DeletedBlockTransactionScanner
2019-10-05 16:24:07,468 [SCMBlockDeletingService#1] DEBUG block.SCMBlockDeletingService (SCMBlockDeletingService.java:call(155)) - Scanned deleted blocks log and got 0 delTX to process.
2019-10-05 16:24:07,569 [SCMBlockDeletingService#1] DEBUG block.SCMBlockDeletingService (SCMBlockDeletingService.java:call(138)) - Running DeletedBlockTransactionScanner
2019-10-05 16:24:07,569 [SCMBlockDeletingService#1] DEBUG block.SCMBlockDeletingService (SCMBlockDeletingService.java:call(155)) - Scanned deleted blocks log and got 0 delTX to process.
2019-10-05 16:24:07,671 [SCMBlockDeletingService#1] DEBUG block.SCMBlockDeletingService (SCMBlockDeletingService.java:call(138)) - Running DeletedBlockTransactionScanner
2019-10-05 16:24:07,671 [SCMBlockDeletingService#1] DEBUG block.SCMBlockDeletingService (SCMBlockDeletingService.java:call(155)) - Scanned deleted blocks log and got 0 delTX to process.
2019-10-05 16:24:07,772 [SCMBlockDeletingService#1] DEBUG block.SCMBlockDeletingService (SCMBlockDeletingService.java:call(138)) - Running DeletedBlockTransactionScanner
2019-10-05 16:24:07,772 [SCMBlockDeletingService#1] DEBUG block.SCMBlockDeletingService (SCMBlockDeletingService.java:call(155)) - Scanned deleted blocks log and got 0 delTX to process.
2019-10-05 16:24:07,873 [SCMBlockDeletingService#1] DEBUG block.SCMBlockDeletingService (SCMBlockDeletingService.java:call(138)) - Running DeletedBlockTransactionScanner
2019-10-05 16:24:07,873 [SCMBlockDeletingService#1] DEBUG block.SCMBlockDeletingService (SCMBlockDeletingService.java:call(155)) - Scanned deleted blocks log and got 0 delTX to process.
2019-10-05 16:24:07,974 [SCMBlockDeletingService#1] DEBUG block.SCMBlockDeletingService (SCMBlockDeletingService.java:call(138)) - Running DeletedBlockTransactionScanner
2019-10-05 16:24:07,974 [SCMBlockDeletingService#1] DEBUG block.SCMBlockDeletingService (SCMBlockDeletingService.java:call(155)) - Scanned deleted blocks log and got 0 delTX to process.
2019-10-05 16:24:07,982 [main] INFO  rpc.RpcClient (RpcClient.java:createVolume(277)) - Creating Volume: a56b3249-ae3e-4980-abb0-0076de0d73e7, with jenkins1000 as owner.
2019-10-05 16:24:08,075 [SCMBlockDeletingService#0] DEBUG block.SCMBlockDeletingService (SCMBlockDeletingService.java:call(138)) - Running DeletedBlockTransactionScanner
2019-10-05 16:24:08,076 [SCMBlockDeletingService#0] DEBUG block.SCMBlockDeletingService (SCMBlockDeletingService.java:call(155)) - Scanned deleted blocks log and got 0 delTX to process.
2019-10-05 16:24:08,365 [SCMBlockDeletingService#0] DEBUG block.SCMBlockDeletingService (SCMBlockDeletingService.java:call(138)) - Running DeletedBlockTransactionScanner
2019-10-05 16:24:08,367 [SCMBlockDeletingService#0] DEBUG block.SCMBlockDeletingService (SCMBlockDeletingService.java:call(155)) - Scanned deleted blocks log and got 0 delTX to process.
2019-10-05 16:24:08,370 [IPC Server handler 9 on 39255] INFO  volume.OMVolumeCreateRequest (OMVolumeCreateRequest.java:validateAndUpdateCache(193)) - created volume:a56b3249-ae3e-4980-abb0-0076de0d73e7 for user:jenkins1000
2019-10-05 16:24:08,394 [main] INFO  rpc.RpcClient (RpcClient.java:createBucket(416)) - Creating Bucket: a56b3249-ae3e-4980-abb0-0076de0d73e7/0ec2caa1-20a6-4ee8-82ba-3cc4dee87ece, with Versioning false and Storage Type set to DISK and Encryption set to false 
2019-10-05 16:24:08,467 [SCMBlockDeletingService#0] DEBUG block.SCMBlockDeletingService (SCMBlockDeletingService.java:call(138)) - Running DeletedBlockTransactionScanner
2019-10-05 16:24:08,468 [SCMBlockDeletingService#0] DEBUG block.SCMBlockDeletingService (SCMBlockDeletingService.java:call(155)) - Scanned deleted blocks log and got 0 delTX to process.
2019-10-05 16:24:08,568 [SCMBlockDeletingService#0] DEBUG block.SCMBlockDeletingService (SCMBlockDeletingService.java:call(138)) - Running DeletedBlockTransactionScanner
2019-10-05 16:24:08,569 [SCMBlockDeletingService#0] DEBUG block.SCMBlockDeletingService (SCMBlockDeletingService.java:call(155)) - Scanned deleted blocks log and got 0 delTX to process.
2019-10-05 16:24:08,669 [SCMBlockDeletingService#0] DEBUG block.SCMBlockDeletingService (SCMBlockDeletingService.java:call(138)) - Running DeletedBlockTransactionScanner
2019-10-05 16:24:08,670 [SCMBlockDeletingService#0] DEBUG block.SCMBlockDeletingService (SCMBlockDeletingService.java:call(155)) - Scanned deleted blocks log and got 0 delTX to process.
2019-10-05 16:24:08,770 [SCMBlockDeletingService#0] DEBUG block.SCMBlockDeletingService (SCMBlockDeletingService.java:call(138)) - Running DeletedBlockTransactionScanner
2019-10-05 16:24:08,771 [SCMBlockDeletingService#0] DEBUG block.SCMBlockDeletingService (SCMBlockDeletingService.java:call(155)) - Scanned deleted blocks log and got 0 delTX to process.
2019-10-05 16:24:08,845 [main] INFO  impl.MetricsSystemImpl (MetricsSystemImpl.java:init(158)) - XceiverClientMetrics metrics system started (again)
2019-10-05 16:24:08,871 [SCMBlockDeletingService#0] DEBUG block.SCMBlockDeletingService (SCMBlockDeletingService.java:call(138)) - Running DeletedBlockTransactionScanner
2019-10-05 16:24:08,871 [SCMBlockDeletingService#0] DEBUG block.SCMBlockDeletingService (SCMBlockDeletingService.java:call(155)) - Scanned deleted blocks log and got 0 delTX to process.
2019-10-05 16:24:08,972 [SCMBlockDeletingService#0] DEBUG block.SCMBlockDeletingService (SCMBlockDeletingService.java:call(138)) - Running DeletedBlockTransactionScanner
2019-10-05 16:24:08,972 [SCMBlockDeletingService#0] DEBUG block.SCMBlockDeletingService (SCMBlockDeletingService.java:call(155)) - Scanned deleted blocks log and got 0 delTX to process.
2019-10-05 16:24:09,073 [SCMBlockDeletingService#1] DEBUG block.SCMBlockDeletingService (SCMBlockDeletingService.java:call(138)) - Running DeletedBlockTransactionScanner
2019-10-05 16:24:09,073 [SCMBlockDeletingService#1] DEBUG block.SCMBlockDeletingService (SCMBlockDeletingService.java:call(155)) - Scanned deleted blocks log and got 0 delTX to process.
2019-10-05 16:24:09,174 [SCMBlockDeletingService#1] DEBUG block.SCMBlockDeletingService (SCMBlockDeletingService.java:call(138)) - Running DeletedBlockTransactionScanner
2019-10-05 16:24:09,174 [SCMBlockDeletingService#1] DEBUG block.SCMBlockDeletingService (SCMBlockDeletingService.java:call(155)) - Scanned deleted blocks log and got 0 delTX to process.
2019-10-05 16:24:09,274 [SCMBlockDeletingService#1] DEBUG block.SCMBlockDeletingService (SCMBlockDeletingService.java:call(138)) - Running DeletedBlockTransactionScanner
2019-10-05 16:24:09,275 [SCMBlockDeletingService#1] DEBUG block.SCMBlockDeletingService (SCMBlockDeletingService.java:call(155)) - Scanned deleted blocks log and got 0 delTX to process.
2019-10-05 16:24:09,375 [SCMBlockDeletingService#1] DEBUG block.SCMBlockDeletingService (SCMBlockDeletingService.java:call(138)) - Running DeletedBlockTransactionScanner
2019-10-05 16:24:09,375 [SCMBlockDeletingService#1] DEBUG block.SCMBlockDeletingService (SCMBlockDeletingService.java:call(155)) - Scanned deleted blocks log and got 0 delTX to process.
2019-10-05 16:24:09,476 [SCMBlockDeletingService#1] DEBUG block.SCMBlockDeletingService (SCMBlockDeletingService.java:call(138)) - Running DeletedBlockTransactionScanner
2019-10-05 16:24:09,476 [SCMBlockDeletingService#1] DEBUG block.SCMBlockDeletingService (SCMBlockDeletingService.java:call(155)) - Scanned deleted blocks log and got 0 delTX to process.
2019-10-05 16:24:09,577 [SCMBlockDeletingService#1] DEBUG block.SCMBlockDeletingService (SCMBlockDeletingService.java:call(138)) - Running DeletedBlockTransactionScanner
2019-10-05 16:24:09,577 [SCMBlockDeletingService#1] DEBUG block.SCMBlockDeletingService (SCMBlockDeletingService.java:call(155)) - Scanned deleted blocks log and got 0 delTX to process.
2019-10-05 16:24:09,677 [SCMBlockDeletingService#1] DEBUG block.SCMBlockDeletingService (SCMBlockDeletingService.java:call(138)) - Running DeletedBlockTransactionScanner
2019-10-05 16:24:09,678 [SCMBlockDeletingService#1] DEBUG block.SCMBlockDeletingService (SCMBlockDeletingService.java:call(155)) - Scanned deleted blocks log and got 0 delTX to process.
2019-10-05 16:24:09,778 [SCMBlockDeletingService#1] DEBUG block.SCMBlockDeletingService (SCMBlockDeletingService.java:call(138)) - Running DeletedBlockTransactionScanner
2019-10-05 16:24:09,779 [SCMBlockDeletingService#1] DEBUG block.SCMBlockDeletingService (SCMBlockDeletingService.java:call(155)) - Scanned deleted blocks log and got 0 delTX to process.
2019-10-05 16:24:09,879 [SCMBlockDeletingService#1] DEBUG block.SCMBlockDeletingService (SCMBlockDeletingService.java:call(138)) - Running DeletedBlockTransactionScanner
2019-10-05 16:24:09,880 [SCMBlockDeletingService#1] DEBUG block.SCMBlockDeletingService (SCMBlockDeletingService.java:call(155)) - Scanned deleted blocks log and got 0 delTX to process.
2019-10-05 16:24:09,980 [SCMBlockDeletingService#1] DEBUG block.SCMBlockDeletingService (SCMBlockDeletingService.java:call(138)) - Running DeletedBlockTransactionScanner
2019-10-05 16:24:09,980 [SCMBlockDeletingService#1] DEBUG block.SCMBlockDeletingService (SCMBlockDeletingService.java:call(155)) - Scanned deleted blocks log and got 0 delTX to process.
2019-10-05 16:24:10,081 [SCMBlockDeletingService#1] DEBUG block.SCMBlockDeletingService (SCMBlockDeletingService.java:call(138)) - Running DeletedBlockTransactionScanner
2019-10-05 16:24:10,081 [SCMBlockDeletingService#1] DEBUG block.SCMBlockDeletingService (SCMBlockDeletingService.java:call(155)) - Scanned deleted blocks log and got 0 delTX to process.
2019-10-05 16:24:10,145 [Thread-158] INFO  impl.FollowerState (FollowerState.java:run(108)) - 29926ed2-d930-4601-9cf8-13a6494a0fce@group-66450F7274CF-FollowerState: change to CANDIDATE, lastRpcTime:5091ms, electionTimeout:5090ms
2019-10-05 16:24:10,148 [Thread-158] INFO  impl.RoleInfo (RoleInfo.java:shutdownFollowerState(121)) - 29926ed2-d930-4601-9cf8-13a6494a0fce: shutdown FollowerState
2019-10-05 16:24:10,149 [Thread-158] INFO  impl.RaftServerImpl (RaftServerImpl.java:setRole(170)) - 29926ed2-d930-4601-9cf8-13a6494a0fce@group-66450F7274CF: changes role from  FOLLOWER to CANDIDATE at term 0 for changeToCandidate
2019-10-05 16:24:10,155 [Thread-158] INFO  impl.RoleInfo (RoleInfo.java:updateAndGet(143)) - 29926ed2-d930-4601-9cf8-13a6494a0fce: start LeaderElection
2019-10-05 16:24:10,170 [29926ed2-d930-4601-9cf8-13a6494a0fce@group-66450F7274CF-LeaderElection1] INFO  impl.LeaderElection (LeaderElection.java:askForVotes(178)) - 29926ed2-d930-4601-9cf8-13a6494a0fce@group-66450F7274CF-LeaderElection1: begin an election at term 1 for -1: [29926ed2-d930-4601-9cf8-13a6494a0fce:192.168.164.228:37652], old=null
2019-10-05 16:24:10,172 [29926ed2-d930-4601-9cf8-13a6494a0fce@group-66450F7274CF-LeaderElection1] INFO  impl.RoleInfo (RoleInfo.java:shutdownLeaderElection(134)) - 29926ed2-d930-4601-9cf8-13a6494a0fce: shutdown LeaderElection
2019-10-05 16:24:10,173 [29926ed2-d930-4601-9cf8-13a6494a0fce@group-66450F7274CF-LeaderElection1] INFO  impl.RaftServerImpl (RaftServerImpl.java:setRole(170)) - 29926ed2-d930-4601-9cf8-13a6494a0fce@group-66450F7274CF: changes role from CANDIDATE to LEADER at term 1 for changeToLeader
2019-10-05 16:24:10,174 [29926ed2-d930-4601-9cf8-13a6494a0fce@group-66450F7274CF-LeaderElection1] INFO  impl.RaftServerImpl (ServerState.java:setLeader(255)) - 29926ed2-d930-4601-9cf8-13a6494a0fce@group-66450F7274CF: change Leader from null to 29926ed2-d930-4601-9cf8-13a6494a0fce at term 1 for becomeLeader, leader elected after 5252ms
2019-10-05 16:24:10,180 [29926ed2-d930-4601-9cf8-13a6494a0fce@group-66450F7274CF-LeaderElection1] INFO  server.RaftServerConfigKeys (ConfUtils.java:logGet(43)) - raft.server.staging.catchup.gap = 1000 (default)
2019-10-05 16:24:10,180 [29926ed2-d930-4601-9cf8-13a6494a0fce@group-66450F7274CF-LeaderElection1] INFO  server.RaftServerConfigKeys (ConfUtils.java:logGet(43)) - raft.server.rpc.sleep.time = 25ms (default)
2019-10-05 16:24:10,182 [SCMBlockDeletingService#1] DEBUG block.SCMBlockDeletingService (SCMBlockDeletingService.java:call(138)) - Running DeletedBlockTransactionScanner
2019-10-05 16:24:10,182 [SCMBlockDeletingService#1] DEBUG block.SCMBlockDeletingService (SCMBlockDeletingService.java:call(155)) - Scanned deleted blocks log and got 0 delTX to process.
2019-10-05 16:24:10,186 [29926ed2-d930-4601-9cf8-13a6494a0fce@group-66450F7274CF-LeaderElection1] INFO  server.RaftServerConfigKeys (ConfUtils.java:logGet(43)) - raft.server.write.element-limit = 4096 (default)
2019-10-05 16:24:10,189 [29926ed2-d930-4601-9cf8-13a6494a0fce@group-66450F7274CF-LeaderElection1] INFO  server.RaftServerConfigKeys (ConfUtils.java:logGet(43)) - raft.server.watch.timeout = 10s (default)
2019-10-05 16:24:10,189 [29926ed2-d930-4601-9cf8-13a6494a0fce@group-66450F7274CF-LeaderElection1] INFO  server.RaftServerConfigKeys (ConfUtils.java:logGet(43)) - raft.server.watch.timeout.denomination = 1s (default)
2019-10-05 16:24:10,190 [29926ed2-d930-4601-9cf8-13a6494a0fce@group-66450F7274CF-LeaderElection1] INFO  server.RaftServerConfigKeys (ConfUtils.java:logGet(43)) - raft.server.watch.element-limit = 65536 (default)
2019-10-05 16:24:10,235 [29926ed2-d930-4601-9cf8-13a6494a0fce@group-66450F7274CF-LeaderElection1] INFO  impl.RoleInfo (RoleInfo.java:updateAndGet(143)) - 29926ed2-d930-4601-9cf8-13a6494a0fce: start LeaderState
2019-10-05 16:24:10,256 [29926ed2-d930-4601-9cf8-13a6494a0fce@group-66450F7274CF-LeaderElection1] INFO  segmented.SegmentedRaftLogWorker (SegmentedRaftLogWorker.java:startLogSegment(385)) - 29926ed2-d930-4601-9cf8-13a6494a0fce@group-66450F7274CF-SegmentedRaftLogWorker: Starting segment from index:0
2019-10-05 16:24:10,266 [29926ed2-d930-4601-9cf8-13a6494a0fce@group-66450F7274CF-LeaderElection1] INFO  impl.RaftServerImpl (ServerState.java:setRaftConf(356)) - 29926ed2-d930-4601-9cf8-13a6494a0fce@group-66450F7274CF: set configuration 0: [29926ed2-d930-4601-9cf8-13a6494a0fce:192.168.164.228:37652], old=null at 0
2019-10-05 16:24:10,282 [SCMBlockDeletingService#1] DEBUG block.SCMBlockDeletingService (SCMBlockDeletingService.java:call(138)) - Running DeletedBlockTransactionScanner
2019-10-05 16:24:10,283 [SCMBlockDeletingService#1] DEBUG block.SCMBlockDeletingService (SCMBlockDeletingService.java:call(155)) - Scanned deleted blocks log and got 0 delTX to process.
2019-10-05 16:24:10,383 [SCMBlockDeletingService#1] DEBUG block.SCMBlockDeletingService (SCMBlockDeletingService.java:call(138)) - Running DeletedBlockTransactionScanner
2019-10-05 16:24:10,383 [SCMBlockDeletingService#1] DEBUG block.SCMBlockDeletingService (SCMBlockDeletingService.java:call(155)) - Scanned deleted blocks log and got 0 delTX to process.
2019-10-05 16:24:10,426 [29926ed2-d930-4601-9cf8-13a6494a0fce@group-66450F7274CF-SegmentedRaftLogWorker] INFO  segmented.SegmentedRaftLogWorker (SegmentedRaftLogWorker.java:execute(574)) - 29926ed2-d930-4601-9cf8-13a6494a0fce@group-66450F7274CF-SegmentedRaftLogWorker: created new log segment /workdir/hadoop-ozone/integration-test/target/test-dir/MiniOzoneClusterImpl-c3e8681e-48b4-488b-af05-0690ad4038ab/datanode-0/data/ratis/96c8ac54-7d25-47bb-8b19-66450f7274cf/current/log_inprogress_0
2019-10-05 16:24:10,484 [SCMBlockDeletingService#1] DEBUG block.SCMBlockDeletingService (SCMBlockDeletingService.java:call(138)) - Running DeletedBlockTransactionScanner
2019-10-05 16:24:10,484 [SCMBlockDeletingService#1] DEBUG block.SCMBlockDeletingService (SCMBlockDeletingService.java:call(155)) - Scanned deleted blocks log and got 0 delTX to process.
2019-10-05 16:24:10,584 [SCMBlockDeletingService#1] DEBUG block.SCMBlockDeletingService (SCMBlockDeletingService.java:call(138)) - Running DeletedBlockTransactionScanner
2019-10-05 16:24:10,584 [SCMBlockDeletingService#1] DEBUG block.SCMBlockDeletingService (SCMBlockDeletingService.java:call(155)) - Scanned deleted blocks log and got 0 delTX to process.
2019-10-05 16:24:10,685 [SCMBlockDeletingService#1] DEBUG block.SCMBlockDeletingService (SCMBlockDeletingService.java:call(138)) - Running DeletedBlockTransactionScanner
2019-10-05 16:24:10,685 [SCMBlockDeletingService#1] DEBUG block.SCMBlockDeletingService (SCMBlockDeletingService.java:call(155)) - Scanned deleted blocks log and got 0 delTX to process.
2019-10-05 16:24:10,785 [SCMBlockDeletingService#1] DEBUG block.SCMBlockDeletingService (SCMBlockDeletingService.java:call(138)) - Running DeletedBlockTransactionScanner
2019-10-05 16:24:10,786 [SCMBlockDeletingService#1] DEBUG block.SCMBlockDeletingService (SCMBlockDeletingService.java:call(155)) - Scanned deleted blocks log and got 0 delTX to process.
2019-10-05 16:24:10,886 [SCMBlockDeletingService#1] DEBUG block.SCMBlockDeletingService (SCMBlockDeletingService.java:call(138)) - Running DeletedBlockTransactionScanner
2019-10-05 16:24:10,886 [SCMBlockDeletingService#1] DEBUG block.SCMBlockDeletingService (SCMBlockDeletingService.java:call(155)) - Scanned deleted blocks log and got 0 delTX to process.
2019-10-05 16:24:10,987 [SCMBlockDeletingService#1] DEBUG block.SCMBlockDeletingService (SCMBlockDeletingService.java:call(138)) - Running DeletedBlockTransactionScanner
2019-10-05 16:24:10,987 [SCMBlockDeletingService#1] DEBUG block.SCMBlockDeletingService (SCMBlockDeletingService.java:call(155)) - Scanned deleted blocks log and got 0 delTX to process.
2019-10-05 16:24:11,088 [SCMBlockDeletingService#1] DEBUG block.SCMBlockDeletingService (SCMBlockDeletingService.java:call(138)) - Running DeletedBlockTransactionScanner
2019-10-05 16:24:11,088 [SCMBlockDeletingService#1] DEBUG block.SCMBlockDeletingService (SCMBlockDeletingService.java:call(155)) - Scanned deleted blocks log and got 0 delTX to process.
2019-10-05 16:24:11,189 [SCMBlockDeletingService#1] DEBUG block.SCMBlockDeletingService (SCMBlockDeletingService.java:call(138)) - Running DeletedBlockTransactionScanner
2019-10-05 16:24:11,189 [SCMBlockDeletingService#1] DEBUG block.SCMBlockDeletingService (SCMBlockDeletingService.java:call(155)) - Scanned deleted blocks log and got 0 delTX to process.
2019-10-05 16:24:11,289 [SCMBlockDeletingService#1] DEBUG block.SCMBlockDeletingService (SCMBlockDeletingService.java:call(138)) - Running DeletedBlockTransactionScanner
2019-10-05 16:24:11,289 [SCMBlockDeletingService#1] DEBUG block.SCMBlockDeletingService (SCMBlockDeletingService.java:call(155)) - Scanned deleted blocks log and got 0 delTX to process.
2019-10-05 16:24:11,390 [SCMBlockDeletingService#1] DEBUG block.SCMBlockDeletingService (SCMBlockDeletingService.java:call(138)) - Running DeletedBlockTransactionScanner
2019-10-05 16:24:11,390 [SCMBlockDeletingService#1] DEBUG block.SCMBlockDeletingService (SCMBlockDeletingService.java:call(155)) - Scanned deleted blocks log and got 0 delTX to process.
2019-10-05 16:24:11,490 [SCMBlockDeletingService#0] DEBUG block.SCMBlockDeletingService (SCMBlockDeletingService.java:call(138)) - Running DeletedBlockTransactionScanner
2019-10-05 16:24:11,491 [SCMBlockDeletingService#0] DEBUG block.SCMBlockDeletingService (SCMBlockDeletingService.java:call(155)) - Scanned deleted blocks log and got 0 delTX to process.
2019-10-05 16:24:11,591 [SCMBlockDeletingService#0] DEBUG block.SCMBlockDeletingService (SCMBlockDeletingService.java:call(138)) - Running DeletedBlockTransactionScanner
2019-10-05 16:24:11,591 [SCMBlockDeletingService#0] DEBUG block.SCMBlockDeletingService (SCMBlockDeletingService.java:call(155)) - Scanned deleted blocks log and got 0 delTX to process.
2019-10-05 16:24:11,693 [SCMBlockDeletingService#0] DEBUG block.SCMBlockDeletingService (SCMBlockDeletingService.java:call(138)) - Running DeletedBlockTransactionScanner
2019-10-05 16:24:11,693 [SCMBlockDeletingService#0] DEBUG block.SCMBlockDeletingService (SCMBlockDeletingService.java:call(155)) - Scanned deleted blocks log and got 0 delTX to process.
2019-10-05 16:24:11,793 [SCMBlockDeletingService#0] DEBUG block.SCMBlockDeletingService (SCMBlockDeletingService.java:call(138)) - Running DeletedBlockTransactionScanner
2019-10-05 16:24:11,793 [SCMBlockDeletingService#0] DEBUG block.SCMBlockDeletingService (SCMBlockDeletingService.java:call(155)) - Scanned deleted blocks log and got 0 delTX to process.
2019-10-05 16:24:11,894 [SCMBlockDeletingService#1] DEBUG block.SCMBlockDeletingService (SCMBlockDeletingService.java:call(138)) - Running DeletedBlockTransactionScanner
2019-10-05 16:24:11,894 [SCMBlockDeletingService#1] DEBUG block.SCMBlockDeletingService (SCMBlockDeletingService.java:call(155)) - Scanned deleted blocks log and got 0 delTX to process.
2019-10-05 16:24:11,994 [SCMBlockDeletingService#1] DEBUG block.SCMBlockDeletingService (SCMBlockDeletingService.java:call(138)) - Running DeletedBlockTransactionScanner
2019-10-05 16:24:11,995 [SCMBlockDeletingService#1] DEBUG block.SCMBlockDeletingService (SCMBlockDeletingService.java:call(155)) - Scanned deleted blocks log and got 0 delTX to process.
2019-10-05 16:24:12,095 [SCMBlockDeletingService#1] DEBUG block.SCMBlockDeletingService (SCMBlockDeletingService.java:call(138)) - Running DeletedBlockTransactionScanner
2019-10-05 16:24:12,095 [SCMBlockDeletingService#1] DEBUG block.SCMBlockDeletingService (SCMBlockDeletingService.java:call(155)) - Scanned deleted blocks log and got 0 delTX to process.
2019-10-05 16:24:12,196 [SCMBlockDeletingService#1] DEBUG block.SCMBlockDeletingService (SCMBlockDeletingService.java:call(138)) - Running DeletedBlockTransactionScanner
2019-10-05 16:24:12,196 [SCMBlockDeletingService#1] DEBUG block.SCMBlockDeletingService (SCMBlockDeletingService.java:call(155)) - Scanned deleted blocks log and got 0 delTX to process.
2019-10-05 16:24:12,296 [SCMBlockDeletingService#1] DEBUG block.SCMBlockDeletingService (SCMBlockDeletingService.java:call(138)) - Running DeletedBlockTransactionScanner
2019-10-05 16:24:12,297 [SCMBlockDeletingService#1] DEBUG block.SCMBlockDeletingService (SCMBlockDeletingService.java:call(155)) - Scanned deleted blocks log and got 0 delTX to process.
2019-10-05 16:24:12,397 [SCMBlockDeletingService#1] DEBUG block.SCMBlockDeletingService (SCMBlockDeletingService.java:call(138)) - Running DeletedBlockTransactionScanner
2019-10-05 16:24:12,397 [SCMBlockDeletingService#1] DEBUG block.SCMBlockDeletingService (SCMBlockDeletingService.java:call(155)) - Scanned deleted blocks log and got 0 delTX to process.
2019-10-05 16:24:12,498 [SCMBlockDeletingService#1] DEBUG block.SCMBlockDeletingService (SCMBlockDeletingService.java:call(138)) - Running DeletedBlockTransactionScanner
2019-10-05 16:24:12,498 [SCMBlockDeletingService#1] DEBUG block.SCMBlockDeletingService (SCMBlockDeletingService.java:call(155)) - Scanned deleted blocks log and got 0 delTX to process.
2019-10-05 16:24:12,649 [SCMBlockDeletingService#1] DEBUG block.SCMBlockDeletingService (SCMBlockDeletingService.java:call(138)) - Running DeletedBlockTransactionScanner
2019-10-05 16:24:12,651 [SCMBlockDeletingService#1] DEBUG block.SCMBlockDeletingService (SCMBlockDeletingService.java:call(155)) - Scanned deleted blocks log and got 0 delTX to process.
2019-10-05 16:24:12,751 [SCMBlockDeletingService#1] DEBUG block.SCMBlockDeletingService (SCMBlockDeletingService.java:call(138)) - Running DeletedBlockTransactionScanner
2019-10-05 16:24:12,752 [SCMBlockDeletingService#1] DEBUG block.SCMBlockDeletingService (SCMBlockDeletingService.java:call(155)) - Scanned deleted blocks log and got 0 delTX to process.
2019-10-05 16:24:12,852 [SCMBlockDeletingService#1] DEBUG block.SCMBlockDeletingService (SCMBlockDeletingService.java:call(138)) - Running DeletedBlockTransactionScanner
2019-10-05 16:24:12,852 [SCMBlockDeletingService#1] DEBUG block.SCMBlockDeletingService (SCMBlockDeletingService.java:call(155)) - Scanned deleted blocks log and got 0 delTX to process.
2019-10-05 16:24:12,953 [SCMBlockDeletingService#1] DEBUG block.SCMBlockDeletingService (SCMBlockDeletingService.java:call(138)) - Running DeletedBlockTransactionScanner
2019-10-05 16:24:12,953 [SCMBlockDeletingService#1] DEBUG block.SCMBlockDeletingService (SCMBlockDeletingService.java:call(155)) - Scanned deleted blocks log and got 0 delTX to process.
2019-10-05 16:24:13,054 [SCMBlockDeletingService#1] DEBUG block.SCMBlockDeletingService (SCMBlockDeletingService.java:call(138)) - Running DeletedBlockTransactionScanner
2019-10-05 16:24:13,054 [SCMBlockDeletingService#1] DEBUG block.SCMBlockDeletingService (SCMBlockDeletingService.java:call(155)) - Scanned deleted blocks log and got 0 delTX to process.
2019-10-05 16:24:13,154 [SCMBlockDeletingService#1] DEBUG block.SCMBlockDeletingService (SCMBlockDeletingService.java:call(138)) - Running DeletedBlockTransactionScanner
2019-10-05 16:24:13,155 [SCMBlockDeletingService#1] DEBUG block.SCMBlockDeletingService (SCMBlockDeletingService.java:call(155)) - Scanned deleted blocks log and got 0 delTX to process.
2019-10-05 16:24:13,255 [SCMBlockDeletingService#1] DEBUG block.SCMBlockDeletingService (SCMBlockDeletingService.java:call(138)) - Running DeletedBlockTransactionScanner
2019-10-05 16:24:13,255 [SCMBlockDeletingService#1] DEBUG block.SCMBlockDeletingService (SCMBlockDeletingService.java:call(155)) - Scanned deleted blocks log and got 0 delTX to process.
2019-10-05 16:24:13,356 [SCMBlockDeletingService#1] DEBUG block.SCMBlockDeletingService (SCMBlockDeletingService.java:call(138)) - Running DeletedBlockTransactionScanner
2019-10-05 16:24:13,356 [SCMBlockDeletingService#1] DEBUG block.SCMBlockDeletingService (SCMBlockDeletingService.java:call(155)) - Scanned deleted blocks log and got 0 delTX to process.
2019-10-05 16:24:13,456 [SCMBlockDeletingService#1] DEBUG block.SCMBlockDeletingService (SCMBlockDeletingService.java:call(138)) - Running DeletedBlockTransactionScanner
2019-10-05 16:24:13,456 [SCMBlockDeletingService#1] DEBUG block.SCMBlockDeletingService (SCMBlockDeletingService.java:call(155)) - Scanned deleted blocks log and got 0 delTX to process.
2019-10-05 16:24:13,557 [SCMBlockDeletingService#1] DEBUG block.SCMBlockDeletingService (SCMBlockDeletingService.java:call(138)) - Running DeletedBlockTransactionScanner
2019-10-05 16:24:13,557 [SCMBlockDeletingService#1] DEBUG block.SCMBlockDeletingService (SCMBlockDeletingService.java:call(155)) - Scanned deleted blocks log and got 0 delTX to process.
2019-10-05 16:24:13,657 [SCMBlockDeletingService#0] DEBUG block.SCMBlockDeletingService (SCMBlockDeletingService.java:call(138)) - Running DeletedBlockTransactionScanner
2019-10-05 16:24:13,658 [SCMBlockDeletingService#0] DEBUG block.SCMBlockDeletingService (SCMBlockDeletingService.java:call(155)) - Scanned deleted blocks log and got 0 delTX to process.
2019-10-05 16:24:13,758 [SCMBlockDeletingService#0] DEBUG block.SCMBlockDeletingService (SCMBlockDeletingService.java:call(138)) - Running DeletedBlockTransactionScanner
2019-10-05 16:24:13,758 [SCMBlockDeletingService#0] DEBUG block.SCMBlockDeletingService (SCMBlockDeletingService.java:call(155)) - Scanned deleted blocks log and got 0 delTX to process.
2019-10-05 16:24:13,858 [SCMBlockDeletingService#0] DEBUG block.SCMBlockDeletingService (SCMBlockDeletingService.java:call(138)) - Running DeletedBlockTransactionScanner
2019-10-05 16:24:13,859 [SCMBlockDeletingService#0] DEBUG block.SCMBlockDeletingService (SCMBlockDeletingService.java:call(155)) - Scanned deleted blocks log and got 0 delTX to process.
2019-10-05 16:24:13,959 [SCMBlockDeletingService#0] DEBUG block.SCMBlockDeletingService (SCMBlockDeletingService.java:call(138)) - Running DeletedBlockTransactionScanner
2019-10-05 16:24:13,959 [SCMBlockDeletingService#0] DEBUG block.SCMBlockDeletingService (SCMBlockDeletingService.java:call(155)) - Scanned deleted blocks log and got 0 delTX to process.
2019-10-05 16:24:14,156 [SCMBlockDeletingService#0] DEBUG block.SCMBlockDeletingService (SCMBlockDeletingService.java:call(138)) - Running DeletedBlockTransactionScanner
2019-10-05 16:24:14,157 [SCMBlockDeletingService#0] DEBUG block.SCMBlockDeletingService (SCMBlockDeletingService.java:call(155)) - Scanned deleted blocks log and got 0 delTX to process.
2019-10-05 16:24:14,257 [SCMBlockDeletingService#0] DEBUG block.SCMBlockDeletingService (SCMBlockDeletingService.java:call(138)) - Running DeletedBlockTransactionScanner
2019-10-05 16:24:14,257 [SCMBlockDeletingService#0] DEBUG block.SCMBlockDeletingService (SCMBlockDeletingService.java:call(155)) - Scanned deleted blocks log and got 0 delTX to process.
2019-10-05 16:24:14,358 [SCMBlockDeletingService#0] DEBUG block.SCMBlockDeletingService (SCMBlockDeletingService.java:call(138)) - Running DeletedBlockTransactionScanner
2019-10-05 16:24:14,358 [SCMBlockDeletingService#0] DEBUG block.SCMBlockDeletingService (SCMBlockDeletingService.java:call(155)) - Scanned deleted blocks log and got 0 delTX to process.
2019-10-05 16:24:14,458 [SCMBlockDeletingService#0] DEBUG block.SCMBlockDeletingService (SCMBlockDeletingService.java:call(138)) - Running DeletedBlockTransactionScanner
2019-10-05 16:24:14,459 [SCMBlockDeletingService#0] DEBUG block.SCMBlockDeletingService (SCMBlockDeletingService.java:call(155)) - Scanned deleted blocks log and got 0 delTX to process.
2019-10-05 16:24:14,559 [SCMBlockDeletingService#0] DEBUG block.SCMBlockDeletingService (SCMBlockDeletingService.java:call(138)) - Running DeletedBlockTransactionScanner
2019-10-05 16:24:14,559 [SCMBlockDeletingService#0] DEBUG block.SCMBlockDeletingService (SCMBlockDeletingService.java:call(155)) - Scanned deleted blocks log and got 0 delTX to process.
2019-10-05 16:24:14,659 [SCMBlockDeletingService#0] DEBUG block.SCMBlockDeletingService (SCMBlockDeletingService.java:call(138)) - Running DeletedBlockTransactionScanner
2019-10-05 16:24:14,660 [SCMBlockDeletingService#0] DEBUG block.SCMBlockDeletingService (SCMBlockDeletingService.java:call(155)) - Scanned deleted blocks log and got 0 delTX to process.
2019-10-05 16:24:14,760 [SCMBlockDeletingService#0] DEBUG block.SCMBlockDeletingService (SCMBlockDeletingService.java:call(138)) - Running DeletedBlockTransactionScanner
2019-10-05 16:24:14,760 [SCMBlockDeletingService#0] DEBUG block.SCMBlockDeletingService (SCMBlockDeletingService.java:call(155)) - Scanned deleted blocks log and got 0 delTX to process.
2019-10-05 16:24:14,861 [SCMBlockDeletingService#0] DEBUG block.SCMBlockDeletingService (SCMBlockDeletingService.java:call(138)) - Running DeletedBlockTransactionScanner
2019-10-05 16:24:14,861 [SCMBlockDeletingService#0] DEBUG block.SCMBlockDeletingService (SCMBlockDeletingService.java:call(155)) - Scanned deleted blocks log and got 0 delTX to process.
2019-10-05 16:24:14,961 [SCMBlockDeletingService#0] DEBUG block.SCMBlockDeletingService (SCMBlockDeletingService.java:call(138)) - Running DeletedBlockTransactionScanner
2019-10-05 16:24:14,962 [SCMBlockDeletingService#0] DEBUG block.SCMBlockDeletingService (SCMBlockDeletingService.java:call(155)) - Scanned deleted blocks log and got 0 delTX to process.
2019-10-05 16:24:15,062 [SCMBlockDeletingService#0] DEBUG block.SCMBlockDeletingService (SCMBlockDeletingService.java:call(138)) - Running DeletedBlockTransactionScanner
2019-10-05 16:24:15,063 [SCMBlockDeletingService#0] DEBUG block.SCMBlockDeletingService (SCMBlockDeletingService.java:call(155)) - Scanned deleted blocks log and got 0 delTX to process.
2019-10-05 16:24:15,163 [SCMBlockDeletingService#0] DEBUG block.SCMBlockDeletingService (SCMBlockDeletingService.java:call(138)) - Running DeletedBlockTransactionScanner
2019-10-05 16:24:15,163 [SCMBlockDeletingService#0] DEBUG block.SCMBlockDeletingService (SCMBlockDeletingService.java:call(155)) - Scanned deleted blocks log and got 0 delTX to process.
2019-10-05 16:24:15,263 [SCMBlockDeletingService#1] DEBUG block.SCMBlockDeletingService (SCMBlockDeletingService.java:call(138)) - Running DeletedBlockTransactionScanner
2019-10-05 16:24:15,264 [SCMBlockDeletingService#1] DEBUG block.SCMBlockDeletingService (SCMBlockDeletingService.java:call(155)) - Scanned deleted blocks log and got 0 delTX to process.
2019-10-05 16:24:15,364 [SCMBlockDeletingService#1] DEBUG block.SCMBlockDeletingService (SCMBlockDeletingService.java:call(138)) - Running DeletedBlockTransactionScanner
2019-10-05 16:24:15,364 [SCMBlockDeletingService#1] DEBUG block.SCMBlockDeletingService (SCMBlockDeletingService.java:call(155)) - Scanned deleted blocks log and got 0 delTX to process.
2019-10-05 16:24:15,579 [SCMBlockDeletingService#1] DEBUG block.SCMBlockDeletingService (SCMBlockDeletingService.java:call(138)) - Running DeletedBlockTransactionScanner
2019-10-05 16:24:15,580 [SCMBlockDeletingService#1] DEBUG block.SCMBlockDeletingService (SCMBlockDeletingService.java:call(155)) - Scanned deleted blocks log and got 0 delTX to process.
2019-10-05 16:24:15,680 [SCMBlockDeletingService#1] DEBUG block.SCMBlockDeletingService (SCMBlockDeletingService.java:call(138)) - Running DeletedBlockTransactionScanner
2019-10-05 16:24:15,680 [SCMBlockDeletingService#1] DEBUG block.SCMBlockDeletingService (SCMBlockDeletingService.java:call(155)) - Scanned deleted blocks log and got 0 delTX to process.
2019-10-05 16:24:15,781 [SCMBlockDeletingService#1] DEBUG block.SCMBlockDeletingService (SCMBlockDeletingService.java:call(138)) - Running DeletedBlockTransactionScanner
2019-10-05 16:24:15,781 [SCMBlockDeletingService#1] DEBUG block.SCMBlockDeletingService (SCMBlockDeletingService.java:call(155)) - Scanned deleted blocks log and got 0 delTX to process.
2019-10-05 16:24:15,882 [SCMBlockDeletingService#1] DEBUG block.SCMBlockDeletingService (SCMBlockDeletingService.java:call(138)) - Running DeletedBlockTransactionScanner
2019-10-05 16:24:15,882 [SCMBlockDeletingService#1] DEBUG block.SCMBlockDeletingService (SCMBlockDeletingService.java:call(155)) - Scanned deleted blocks log and got 0 delTX to process.
2019-10-05 16:24:15,982 [SCMBlockDeletingService#1] DEBUG block.SCMBlockDeletingService (SCMBlockDeletingService.java:call(138)) - Running DeletedBlockTransactionScanner
2019-10-05 16:24:15,983 [SCMBlockDeletingService#1] DEBUG block.SCMBlockDeletingService (SCMBlockDeletingService.java:call(155)) - Scanned deleted blocks log and got 0 delTX to process.
2019-10-05 16:24:16,083 [SCMBlockDeletingService#1] DEBUG block.SCMBlockDeletingService (SCMBlockDeletingService.java:call(138)) - Running DeletedBlockTransactionScanner
2019-10-05 16:24:16,084 [SCMBlockDeletingService#1] DEBUG block.SCMBlockDeletingService (SCMBlockDeletingService.java:call(155)) - Scanned deleted blocks log and got 0 delTX to process.
2019-10-05 16:24:16,184 [SCMBlockDeletingService#1] DEBUG block.SCMBlockDeletingService (SCMBlockDeletingService.java:call(138)) - Running DeletedBlockTransactionScanner
2019-10-05 16:24:16,184 [SCMBlockDeletingService#1] DEBUG block.SCMBlockDeletingService (SCMBlockDeletingService.java:call(155)) - Scanned deleted blocks log and got 0 delTX to process.
2019-10-05 16:24:16,284 [SCMBlockDeletingService#1] DEBUG block.SCMBlockDeletingService (SCMBlockDeletingService.java:call(138)) - Running DeletedBlockTransactionScanner
2019-10-05 16:24:16,285 [SCMBlockDeletingService#1] DEBUG block.SCMBlockDeletingService (SCMBlockDeletingService.java:call(155)) - Scanned deleted blocks log and got 0 delTX to process.
2019-10-05 16:24:16,385 [SCMBlockDeletingService#1] DEBUG block.SCMBlockDeletingService (SCMBlockDeletingService.java:call(138)) - Running DeletedBlockTransactionScanner
2019-10-05 16:24:16,385 [SCMBlockDeletingService#1] DEBUG block.SCMBlockDeletingService (SCMBlockDeletingService.java:call(155)) - Scanned deleted blocks log and got 0 delTX to process.
2019-10-05 16:24:16,486 [SCMBlockDeletingService#1] DEBUG block.SCMBlockDeletingService (SCMBlockDeletingService.java:call(138)) - Running DeletedBlockTransactionScanner
2019-10-05 16:24:16,486 [SCMBlockDeletingService#1] DEBUG block.SCMBlockDeletingService (SCMBlockDeletingService.java:call(155)) - Scanned deleted blocks log and got 0 delTX to process.
2019-10-05 16:24:16,586 [SCMBlockDeletingService#1] DEBUG block.SCMBlockDeletingService (SCMBlockDeletingService.java:call(138)) - Running DeletedBlockTransactionScanner
2019-10-05 16:24:16,587 [SCMBlockDeletingService#1] DEBUG block.SCMBlockDeletingService (SCMBlockDeletingService.java:call(155)) - Scanned deleted blocks log and got 0 delTX to process.
2019-10-05 16:24:16,691 [SCMBlockDeletingService#1] DEBUG block.SCMBlockDeletingService (SCMBlockDeletingService.java:call(138)) - Running DeletedBlockTransactionScanner
2019-10-05 16:24:16,691 [SCMBlockDeletingService#1] DEBUG block.SCMBlockDeletingService (SCMBlockDeletingService.java:call(155)) - Scanned deleted blocks log and got 0 delTX to process.
2019-10-05 16:24:16,792 [SCMBlockDeletingService#1] DEBUG block.SCMBlockDeletingService (SCMBlockDeletingService.java:call(138)) - Running DeletedBlockTransactionScanner
2019-10-05 16:24:16,792 [SCMBlockDeletingService#1] DEBUG block.SCMBlockDeletingService (SCMBlockDeletingService.java:call(155)) - Scanned deleted blocks log and got 0 delTX to process.
2019-10-05 16:24:16,892 [SCMBlockDeletingService#1] DEBUG block.SCMBlockDeletingService (SCMBlockDeletingService.java:call(138)) - Running DeletedBlockTransactionScanner
2019-10-05 16:24:16,893 [SCMBlockDeletingService#1] DEBUG block.SCMBlockDeletingService (SCMBlockDeletingService.java:call(155)) - Scanned deleted blocks log and got 0 delTX to process.
2019-10-05 16:24:16,993 [SCMBlockDeletingService#1] DEBUG block.SCMBlockDeletingService (SCMBlockDeletingService.java:call(138)) - Running DeletedBlockTransactionScanner
2019-10-05 16:24:16,993 [SCMBlockDeletingService#1] DEBUG block.SCMBlockDeletingService (SCMBlockDeletingService.java:call(155)) - Scanned deleted blocks log and got 0 delTX to process.
2019-10-05 16:24:17,094 [SCMBlockDeletingService#1] DEBUG block.SCMBlockDeletingService (SCMBlockDeletingService.java:call(138)) - Running DeletedBlockTransactionScanner
2019-10-05 16:24:17,094 [SCMBlockDeletingService#1] DEBUG block.SCMBlockDeletingService (SCMBlockDeletingService.java:call(155)) - Scanned deleted blocks log and got 0 delTX to process.
2019-10-05 16:24:17,195 [SCMBlockDeletingService#1] DEBUG block.SCMBlockDeletingService (SCMBlockDeletingService.java:call(138)) - Running DeletedBlockTransactionScanner
2019-10-05 16:24:17,195 [SCMBlockDeletingService#1] DEBUG block.SCMBlockDeletingService (SCMBlockDeletingService.java:call(155)) - Scanned deleted blocks log and got 0 delTX to process.
2019-10-05 16:24:17,295 [SCMBlockDeletingService#1] DEBUG block.SCMBlockDeletingService (SCMBlockDeletingService.java:call(138)) - Running DeletedBlockTransactionScanner
2019-10-05 16:24:17,295 [SCMBlockDeletingService#1] DEBUG block.SCMBlockDeletingService (SCMBlockDeletingService.java:call(155)) - Scanned deleted blocks log and got 0 delTX to process.
2019-10-05 16:24:17,396 [SCMBlockDeletingService#1] DEBUG block.SCMBlockDeletingService (SCMBlockDeletingService.java:call(138)) - Running DeletedBlockTransactionScanner
2019-10-05 16:24:17,396 [SCMBlockDeletingService#1] DEBUG block.SCMBlockDeletingService (SCMBlockDeletingService.java:call(155)) - Scanned deleted blocks log and got 0 delTX to process.
2019-10-05 16:24:17,496 [SCMBlockDeletingService#1] DEBUG block.SCMBlockDeletingService (SCMBlockDeletingService.java:call(138)) - Running DeletedBlockTransactionScanner
2019-10-05 16:24:17,497 [SCMBlockDeletingService#1] DEBUG block.SCMBlockDeletingService (SCMBlockDeletingService.java:call(155)) - Scanned deleted blocks log and got 0 delTX to process.
2019-10-05 16:24:17,597 [SCMBlockDeletingService#1] DEBUG block.SCMBlockDeletingService (SCMBlockDeletingService.java:call(138)) - Running DeletedBlockTransactionScanner
2019-10-05 16:24:17,598 [SCMBlockDeletingService#1] DEBUG block.SCMBlockDeletingService (SCMBlockDeletingService.java:call(155)) - Scanned deleted blocks log and got 0 delTX to process.
2019-10-05 16:24:17,698 [SCMBlockDeletingService#1] DEBUG block.SCMBlockDeletingService (SCMBlockDeletingService.java:call(138)) - Running DeletedBlockTransactionScanner
2019-10-05 16:24:17,698 [SCMBlockDeletingService#1] DEBUG block.SCMBlockDeletingService (SCMBlockDeletingService.java:call(155)) - Scanned deleted blocks log and got 0 delTX to process.
2019-10-05 16:24:17,799 [SCMBlockDeletingService#1] DEBUG block.SCMBlockDeletingService (SCMBlockDeletingService.java:call(138)) - Running DeletedBlockTransactionScanner
2019-10-05 16:24:17,799 [SCMBlockDeletingService#1] DEBUG block.SCMBlockDeletingService (SCMBlockDeletingService.java:call(155)) - Scanned deleted blocks log and got 0 delTX to process.
2019-10-05 16:24:17,900 [SCMBlockDeletingService#1] DEBUG block.SCMBlockDeletingService (SCMBlockDeletingService.java:call(138)) - Running DeletedBlockTransactionScanner
2019-10-05 16:24:17,900 [SCMBlockDeletingService#1] DEBUG block.SCMBlockDeletingService (SCMBlockDeletingService.java:call(155)) - Scanned deleted blocks log and got 0 delTX to process.
2019-10-05 16:24:18,028 [SCMBlockDeletingService#1] DEBUG block.SCMBlockDeletingService (SCMBlockDeletingService.java:call(138)) - Running DeletedBlockTransactionScanner
2019-10-05 16:24:18,029 [SCMBlockDeletingService#1] DEBUG block.SCMBlockDeletingService (SCMBlockDeletingService.java:call(155)) - Scanned deleted blocks log and got 0 delTX to process.
2019-10-05 16:24:18,129 [SCMBlockDeletingService#1] DEBUG block.SCMBlockDeletingService (SCMBlockDeletingService.java:call(138)) - Running DeletedBlockTransactionScanner
2019-10-05 16:24:18,129 [SCMBlockDeletingService#1] DEBUG block.SCMBlockDeletingService (SCMBlockDeletingService.java:call(155)) - Scanned deleted blocks log and got 0 delTX to process.
2019-10-05 16:24:18,230 [SCMBlockDeletingService#1] DEBUG block.SCMBlockDeletingService (SCMBlockDeletingService.java:call(138)) - Running DeletedBlockTransactionScanner
2019-10-05 16:24:18,236 [SCMBlockDeletingService#1] DEBUG block.SCMBlockDeletingService (SCMBlockDeletingService.java:call(155)) - Scanned deleted blocks log and got 0 delTX to process.
2019-10-05 16:24:18,337 [SCMBlockDeletingService#1] DEBUG block.SCMBlockDeletingService (SCMBlockDeletingService.java:call(138)) - Running DeletedBlockTransactionScanner
2019-10-05 16:24:18,337 [SCMBlockDeletingService#1] DEBUG block.SCMBlockDeletingService (SCMBlockDeletingService.java:call(155)) - Scanned deleted blocks log and got 0 delTX to process.
2019-10-05 16:24:18,437 [SCMBlockDeletingService#1] DEBUG block.SCMBlockDeletingService (SCMBlockDeletingService.java:call(138)) - Running DeletedBlockTransactionScanner
2019-10-05 16:24:18,437 [SCMBlockDeletingService#1] DEBUG block.SCMBlockDeletingService (SCMBlockDeletingService.java:call(155)) - Scanned deleted blocks log and got 0 delTX to process.
2019-10-05 16:24:18,538 [SCMBlockDeletingService#1] DEBUG block.SCMBlockDeletingService (SCMBlockDeletingService.java:call(138)) - Running DeletedBlockTransactionScanner
2019-10-05 16:24:18,538 [SCMBlockDeletingService#1] DEBUG block.SCMBlockDeletingService (SCMBlockDeletingService.java:call(155)) - Scanned deleted blocks log and got 0 delTX to process.
2019-10-05 16:24:18,669 [SCMBlockDeletingService#1] DEBUG block.SCMBlockDeletingService (SCMBlockDeletingService.java:call(138)) - Running DeletedBlockTransactionScanner
2019-10-05 16:24:18,669 [SCMBlockDeletingService#1] DEBUG block.SCMBlockDeletingService (SCMBlockDeletingService.java:call(155)) - Scanned deleted blocks log and got 0 delTX to process.
2019-10-05 16:24:18,769 [SCMBlockDeletingService#1] DEBUG block.SCMBlockDeletingService (SCMBlockDeletingService.java:call(138)) - Running DeletedBlockTransactionScanner
2019-10-05 16:24:18,770 [SCMBlockDeletingService#1] DEBUG block.SCMBlockDeletingService (SCMBlockDeletingService.java:call(155)) - Scanned deleted blocks log and got 0 delTX to process.
2019-10-05 16:24:18,870 [SCMBlockDeletingService#1] DEBUG block.SCMBlockDeletingService (SCMBlockDeletingService.java:call(138)) - Running DeletedBlockTransactionScanner
2019-10-05 16:24:18,871 [SCMBlockDeletingService#1] DEBUG block.SCMBlockDeletingService (SCMBlockDeletingService.java:call(155)) - Scanned deleted blocks log and got 0 delTX to process.
2019-10-05 16:24:18,971 [SCMBlockDeletingService#1] DEBUG block.SCMBlockDeletingService (SCMBlockDeletingService.java:call(138)) - Running DeletedBlockTransactionScanner
2019-10-05 16:24:18,971 [SCMBlockDeletingService#1] DEBUG block.SCMBlockDeletingService (SCMBlockDeletingService.java:call(155)) - Scanned deleted blocks log and got 0 delTX to process.
2019-10-05 16:24:19,072 [SCMBlockDeletingService#1] DEBUG block.SCMBlockDeletingService (SCMBlockDeletingService.java:call(138)) - Running DeletedBlockTransactionScanner
2019-10-05 16:24:19,072 [SCMBlockDeletingService#1] DEBUG block.SCMBlockDeletingService (SCMBlockDeletingService.java:call(155)) - Scanned deleted blocks log and got 0 delTX to process.
2019-10-05 16:24:19,172 [SCMBlockDeletingService#1] DEBUG block.SCMBlockDeletingService (SCMBlockDeletingService.java:call(138)) - Running DeletedBlockTransactionScanner
2019-10-05 16:24:19,173 [SCMBlockDeletingService#1] DEBUG block.SCMBlockDeletingService (SCMBlockDeletingService.java:call(155)) - Scanned deleted blocks log and got 0 delTX to process.
2019-10-05 16:24:19,273 [SCMBlockDeletingService#1] DEBUG block.SCMBlockDeletingService (SCMBlockDeletingService.java:call(138)) - Running DeletedBlockTransactionScanner
2019-10-05 16:24:19,273 [SCMBlockDeletingService#1] DEBUG block.SCMBlockDeletingService (SCMBlockDeletingService.java:call(155)) - Scanned deleted blocks log and got 0 delTX to process.
2019-10-05 16:24:19,435 [SCMBlockDeletingService#1] DEBUG block.SCMBlockDeletingService (SCMBlockDeletingService.java:call(138)) - Running DeletedBlockTransactionScanner
2019-10-05 16:24:19,436 [SCMBlockDeletingService#1] DEBUG block.SCMBlockDeletingService (SCMBlockDeletingService.java:call(155)) - Scanned deleted blocks log and got 0 delTX to process.
2019-10-05 16:24:19,536 [SCMBlockDeletingService#1] DEBUG block.SCMBlockDeletingService (SCMBlockDeletingService.java:call(138)) - Running DeletedBlockTransactionScanner
2019-10-05 16:24:19,536 [SCMBlockDeletingService#1] DEBUG block.SCMBlockDeletingService (SCMBlockDeletingService.java:call(155)) - Scanned deleted blocks log and got 0 delTX to process.
2019-10-05 16:24:19,637 [SCMBlockDeletingService#1] DEBUG block.SCMBlockDeletingService (SCMBlockDeletingService.java:call(138)) - Running DeletedBlockTransactionScanner
2019-10-05 16:24:19,637 [SCMBlockDeletingService#1] DEBUG block.SCMBlockDeletingService (SCMBlockDeletingService.java:call(155)) - Scanned deleted blocks log and got 0 delTX to process.
2019-10-05 16:24:19,737 [SCMBlockDeletingService#1] DEBUG block.SCMBlockDeletingService (SCMBlockDeletingService.java:call(138)) - Running DeletedBlockTransactionScanner
2019-10-05 16:24:19,738 [SCMBlockDeletingService#1] DEBUG block.SCMBlockDeletingService (SCMBlockDeletingService.java:call(155)) - Scanned deleted blocks log and got 0 delTX to process.
2019-10-05 16:24:19,838 [SCMBlockDeletingService#1] DEBUG block.SCMBlockDeletingService (SCMBlockDeletingService.java:call(138)) - Running DeletedBlockTransactionScanner
2019-10-05 16:24:19,839 [SCMBlockDeletingService#1] DEBUG block.SCMBlockDeletingService (SCMBlockDeletingService.java:call(155)) - Scanned deleted blocks log and got 0 delTX to process.
2019-10-05 16:24:19,939 [SCMBlockDeletingService#1] DEBUG block.SCMBlockDeletingService (SCMBlockDeletingService.java:call(138)) - Running DeletedBlockTransactionScanner
2019-10-05 16:24:19,939 [SCMBlockDeletingService#1] DEBUG block.SCMBlockDeletingService (SCMBlockDeletingService.java:call(155)) - Scanned deleted blocks log and got 0 delTX to process.
2019-10-05 16:24:20,052 [SCMBlockDeletingService#1] DEBUG block.SCMBlockDeletingService (SCMBlockDeletingService.java:call(138)) - Running DeletedBlockTransactionScanner
2019-10-05 16:24:20,053 [SCMBlockDeletingService#1] DEBUG block.SCMBlockDeletingService (SCMBlockDeletingService.java:call(155)) - Scanned deleted blocks log and got 0 delTX to process.
2019-10-05 16:24:20,153 [SCMBlockDeletingService#1] DEBUG block.SCMBlockDeletingService (SCMBlockDeletingService.java:call(138)) - Running DeletedBlockTransactionScanner
2019-10-05 16:24:20,153 [SCMBlockDeletingService#1] DEBUG block.SCMBlockDeletingService (SCMBlockDeletingService.java:call(155)) - Scanned deleted blocks log and got 0 delTX to process.
2019-10-05 16:24:20,254 [SCMBlockDeletingService#1] DEBUG block.SCMBlockDeletingService (SCMBlockDeletingService.java:call(138)) - Running DeletedBlockTransactionScanner
2019-10-05 16:24:20,254 [SCMBlockDeletingService#1] DEBUG block.SCMBlockDeletingService (SCMBlockDeletingService.java:call(155)) - Scanned deleted blocks log and got 0 delTX to process.
2019-10-05 16:24:20,355 [SCMBlockDeletingService#1] DEBUG block.SCMBlockDeletingService (SCMBlockDeletingService.java:call(138)) - Running DeletedBlockTransactionScanner
2019-10-05 16:24:20,355 [SCMBlockDeletingService#1] DEBUG block.SCMBlockDeletingService (SCMBlockDeletingService.java:call(155)) - Scanned deleted blocks log and got 0 delTX to process.
2019-10-05 16:24:20,455 [SCMBlockDeletingService#1] DEBUG block.SCMBlockDeletingService (SCMBlockDeletingService.java:call(138)) - Running DeletedBlockTransactionScanner
2019-10-05 16:24:20,456 [SCMBlockDeletingService#1] DEBUG block.SCMBlockDeletingService (SCMBlockDeletingService.java:call(155)) - Scanned deleted blocks log and got 0 delTX to process.
2019-10-05 16:24:20,556 [SCMBlockDeletingService#1] DEBUG block.SCMBlockDeletingService (SCMBlockDeletingService.java:call(138)) - Running DeletedBlockTransactionScanner
2019-10-05 16:24:20,556 [SCMBlockDeletingService#1] DEBUG block.SCMBlockDeletingService (SCMBlockDeletingService.java:call(155)) - Scanned deleted blocks log and got 0 delTX to process.
2019-10-05 16:24:20,657 [SCMBlockDeletingService#1] DEBUG block.SCMBlockDeletingService (SCMBlockDeletingService.java:call(138)) - Running DeletedBlockTransactionScanner
2019-10-05 16:24:20,657 [SCMBlockDeletingService#1] DEBUG block.SCMBlockDeletingService (SCMBlockDeletingService.java:call(155)) - Scanned deleted blocks log and got 0 delTX to process.
2019-10-05 16:24:20,758 [SCMBlockDeletingService#1] DEBUG block.SCMBlockDeletingService (SCMBlockDeletingService.java:call(138)) - Running DeletedBlockTransactionScanner
2019-10-05 16:24:20,758 [SCMBlockDeletingService#1] DEBUG block.SCMBlockDeletingService (SCMBlockDeletingService.java:call(155)) - Scanned deleted blocks log and got 0 delTX to process.
2019-10-05 16:24:20,858 [SCMBlockDeletingService#1] DEBUG block.SCMBlockDeletingService (SCMBlockDeletingService.java:call(138)) - Running DeletedBlockTransactionScanner
2019-10-05 16:24:20,859 [SCMBlockDeletingService#1] DEBUG block.SCMBlockDeletingService (SCMBlockDeletingService.java:call(155)) - Scanned deleted blocks log and got 0 delTX to process.
2019-10-05 16:24:20,959 [SCMBlockDeletingService#1] DEBUG block.SCMBlockDeletingService (SCMBlockDeletingService.java:call(138)) - Running DeletedBlockTransactionScanner
2019-10-05 16:24:20,959 [SCMBlockDeletingService#1] DEBUG block.SCMBlockDeletingService (SCMBlockDeletingService.java:call(155)) - Scanned deleted blocks log and got 0 delTX to process.
2019-10-05 16:24:21,060 [SCMBlockDeletingService#1] DEBUG block.SCMBlockDeletingService (SCMBlockDeletingService.java:call(138)) - Running DeletedBlockTransactionScanner
2019-10-05 16:24:21,060 [SCMBlockDeletingService#1] DEBUG block.SCMBlockDeletingService (SCMBlockDeletingService.java:call(155)) - Scanned deleted blocks log and got 0 delTX to process.
2019-10-05 16:24:21,160 [SCMBlockDeletingService#1] DEBUG block.SCMBlockDeletingService (SCMBlockDeletingService.java:call(138)) - Running DeletedBlockTransactionScanner
2019-10-05 16:24:21,161 [SCMBlockDeletingService#1] DEBUG block.SCMBlockDeletingService (SCMBlockDeletingService.java:call(155)) - Scanned deleted blocks log and got 0 delTX to process.
2019-10-05 16:24:21,261 [SCMBlockDeletingService#1] DEBUG block.SCMBlockDeletingService (SCMBlockDeletingService.java:call(138)) - Running DeletedBlockTransactionScanner
2019-10-05 16:24:21,262 [SCMBlockDeletingService#1] DEBUG block.SCMBlockDeletingService (SCMBlockDeletingService.java:call(155)) - Scanned deleted blocks log and got 0 delTX to process.
2019-10-05 16:24:21,362 [SCMBlockDeletingService#1] DEBUG block.SCMBlockDeletingService (SCMBlockDeletingService.java:call(138)) - Running DeletedBlockTransactionScanner
2019-10-05 16:24:21,362 [SCMBlockDeletingService#1] DEBUG block.SCMBlockDeletingService (SCMBlockDeletingService.java:call(155)) - Scanned deleted blocks log and got 0 delTX to process.
2019-10-05 16:24:21,462 [SCMBlockDeletingService#1] DEBUG block.SCMBlockDeletingService (SCMBlockDeletingService.java:call(138)) - Running DeletedBlockTransactionScanner
2019-10-05 16:24:21,463 [SCMBlockDeletingService#1] DEBUG block.SCMBlockDeletingService (SCMBlockDeletingService.java:call(155)) - Scanned deleted blocks log and got 0 delTX to process.
2019-10-05 16:24:21,563 [SCMBlockDeletingService#1] DEBUG block.SCMBlockDeletingService (SCMBlockDeletingService.java:call(138)) - Running DeletedBlockTransactionScanner
2019-10-05 16:24:21,563 [SCMBlockDeletingService#1] DEBUG block.SCMBlockDeletingService (SCMBlockDeletingService.java:call(155)) - Scanned deleted blocks log and got 0 delTX to process.
2019-10-05 16:24:21,664 [SCMBlockDeletingService#1] DEBUG block.SCMBlockDeletingService (SCMBlockDeletingService.java:call(138)) - Running DeletedBlockTransactionScanner
2019-10-05 16:24:21,664 [SCMBlockDeletingService#1] DEBUG block.SCMBlockDeletingService (SCMBlockDeletingService.java:call(155)) - Scanned deleted blocks log and got 0 delTX to process.
2019-10-05 16:24:21,764 [SCMBlockDeletingService#1] DEBUG block.SCMBlockDeletingService (SCMBlockDeletingService.java:call(138)) - Running DeletedBlockTransactionScanner
2019-10-05 16:24:21,765 [SCMBlockDeletingService#1] DEBUG block.SCMBlockDeletingService (SCMBlockDeletingService.java:call(155)) - Scanned deleted blocks log and got 0 delTX to process.
2019-10-05 16:24:21,865 [SCMBlockDeletingService#1] DEBUG block.SCMBlockDeletingService (SCMBlockDeletingService.java:call(138)) - Running DeletedBlockTransactionScanner
2019-10-05 16:24:21,866 [SCMBlockDeletingService#1] DEBUG block.SCMBlockDeletingService (SCMBlockDeletingService.java:call(155)) - Scanned deleted blocks log and got 0 delTX to process.
2019-10-05 16:24:21,966 [SCMBlockDeletingService#1] DEBUG block.SCMBlockDeletingService (SCMBlockDeletingService.java:call(138)) - Running DeletedBlockTransactionScanner
2019-10-05 16:24:21,966 [SCMBlockDeletingService#1] DEBUG block.SCMBlockDeletingService (SCMBlockDeletingService.java:call(155)) - Scanned deleted blocks log and got 0 delTX to process.
2019-10-05 16:24:22,067 [SCMBlockDeletingService#1] DEBUG block.SCMBlockDeletingService (SCMBlockDeletingService.java:call(138)) - Running DeletedBlockTransactionScanner
2019-10-05 16:24:22,067 [SCMBlockDeletingService#1] DEBUG block.SCMBlockDeletingService (SCMBlockDeletingService.java:call(155)) - Scanned deleted blocks log and got 0 delTX to process.
2019-10-05 16:24:22,167 [SCMBlockDeletingService#1] DEBUG block.SCMBlockDeletingService (SCMBlockDeletingService.java:call(138)) - Running DeletedBlockTransactionScanner
2019-10-05 16:24:22,168 [SCMBlockDeletingService#1] DEBUG block.SCMBlockDeletingService (SCMBlockDeletingService.java:call(155)) - Scanned deleted blocks log and got 0 delTX to process.
2019-10-05 16:24:22,268 [SCMBlockDeletingService#1] DEBUG block.SCMBlockDeletingService (SCMBlockDeletingService.java:call(138)) - Running DeletedBlockTransactionScanner
2019-10-05 16:24:22,268 [SCMBlockDeletingService#1] DEBUG block.SCMBlockDeletingService (SCMBlockDeletingService.java:call(155)) - Scanned deleted blocks log and got 0 delTX to process.
2019-10-05 16:24:22,369 [SCMBlockDeletingService#1] DEBUG block.SCMBlockDeletingService (SCMBlockDeletingService.java:call(138)) - Running DeletedBlockTransactionScanner
2019-10-05 16:24:22,369 [SCMBlockDeletingService#1] DEBUG block.SCMBlockDeletingService (SCMBlockDeletingService.java:call(155)) - Scanned deleted blocks log and got 0 delTX to process.
2019-10-05 16:24:22,470 [SCMBlockDeletingService#1] DEBUG block.SCMBlockDeletingService (SCMBlockDeletingService.java:call(138)) - Running DeletedBlockTransactionScanner
2019-10-05 16:24:22,470 [SCMBlockDeletingService#1] DEBUG block.SCMBlockDeletingService (SCMBlockDeletingService.java:call(155)) - Scanned deleted blocks log and got 0 delTX to process.
2019-10-05 16:24:22,570 [SCMBlockDeletingService#1] DEBUG block.SCMBlockDeletingService (SCMBlockDeletingService.java:call(138)) - Running DeletedBlockTransactionScanner
2019-10-05 16:24:22,571 [SCMBlockDeletingService#1] DEBUG block.SCMBlockDeletingService (SCMBlockDeletingService.java:call(155)) - Scanned deleted blocks log and got 0 delTX to process.
2019-10-05 16:24:22,671 [SCMBlockDeletingService#1] DEBUG block.SCMBlockDeletingService (SCMBlockDeletingService.java:call(138)) - Running DeletedBlockTransactionScanner
2019-10-05 16:24:22,671 [SCMBlockDeletingService#1] DEBUG block.SCMBlockDeletingService (SCMBlockDeletingService.java:call(155)) - Scanned deleted blocks log and got 0 delTX to process.
2019-10-05 16:24:22,772 [SCMBlockDeletingService#1] DEBUG block.SCMBlockDeletingService (SCMBlockDeletingService.java:call(138)) - Running DeletedBlockTransactionScanner
2019-10-05 16:24:22,772 [SCMBlockDeletingService#1] DEBUG block.SCMBlockDeletingService (SCMBlockDeletingService.java:call(155)) - Scanned deleted blocks log and got 0 delTX to process.
2019-10-05 16:24:22,872 [SCMBlockDeletingService#0] DEBUG block.SCMBlockDeletingService (SCMBlockDeletingService.java:call(138)) - Running DeletedBlockTransactionScanner
2019-10-05 16:24:22,873 [SCMBlockDeletingService#0] DEBUG block.SCMBlockDeletingService (SCMBlockDeletingService.java:call(155)) - Scanned deleted blocks log and got 0 delTX to process.
2019-10-05 16:24:22,973 [SCMBlockDeletingService#0] DEBUG block.SCMBlockDeletingService (SCMBlockDeletingService.java:call(138)) - Running DeletedBlockTransactionScanner
2019-10-05 16:24:22,973 [SCMBlockDeletingService#0] DEBUG block.SCMBlockDeletingService (SCMBlockDeletingService.java:call(155)) - Scanned deleted blocks log and got 0 delTX to process.
2019-10-05 16:24:23,074 [SCMBlockDeletingService#0] DEBUG block.SCMBlockDeletingService (SCMBlockDeletingService.java:call(138)) - Running DeletedBlockTransactionScanner
2019-10-05 16:24:23,074 [SCMBlockDeletingService#0] DEBUG block.SCMBlockDeletingService (SCMBlockDeletingService.java:call(155)) - Scanned deleted blocks log and got 0 delTX to process.
2019-10-05 16:24:23,175 [SCMBlockDeletingService#0] DEBUG block.SCMBlockDeletingService (SCMBlockDeletingService.java:call(138)) - Running DeletedBlockTransactionScanner
2019-10-05 16:24:23,175 [SCMBlockDeletingService#0] DEBUG block.SCMBlockDeletingService (SCMBlockDeletingService.java:call(155)) - Scanned deleted blocks log and got 0 delTX to process.
2019-10-05 16:24:23,359 [SCMBlockDeletingService#0] DEBUG block.SCMBlockDeletingService (SCMBlockDeletingService.java:call(138)) - Running DeletedBlockTransactionScanner
2019-10-05 16:24:23,359 [SCMBlockDeletingService#0] DEBUG block.SCMBlockDeletingService (SCMBlockDeletingService.java:call(155)) - Scanned deleted blocks log and got 0 delTX to process.
2019-10-05 16:24:23,460 [SCMBlockDeletingService#0] DEBUG block.SCMBlockDeletingService (SCMBlockDeletingService.java:call(138)) - Running DeletedBlockTransactionScanner
2019-10-05 16:24:23,460 [SCMBlockDeletingService#0] DEBUG block.SCMBlockDeletingService (SCMBlockDeletingService.java:call(155)) - Scanned deleted blocks log and got 0 delTX to process.
2019-10-05 16:24:23,560 [SCMBlockDeletingService#0] DEBUG block.SCMBlockDeletingService (SCMBlockDeletingService.java:call(138)) - Running DeletedBlockTransactionScanner
2019-10-05 16:24:23,560 [SCMBlockDeletingService#0] DEBUG block.SCMBlockDeletingService (SCMBlockDeletingService.java:call(155)) - Scanned deleted blocks log and got 0 delTX to process.
2019-10-05 16:24:23,661 [SCMBlockDeletingService#0] DEBUG block.SCMBlockDeletingService (SCMBlockDeletingService.java:call(138)) - Running DeletedBlockTransactionScanner
2019-10-05 16:24:23,661 [SCMBlockDeletingService#0] DEBUG block.SCMBlockDeletingService (SCMBlockDeletingService.java:call(155)) - Scanned deleted blocks log and got 0 delTX to process.
2019-10-05 16:24:23,762 [SCMBlockDeletingService#0] DEBUG block.SCMBlockDeletingService (SCMBlockDeletingService.java:call(138)) - Running DeletedBlockTransactionScanner
2019-10-05 16:24:23,763 [SCMBlockDeletingService#0] DEBUG block.SCMBlockDeletingService (SCMBlockDeletingService.java:call(155)) - Scanned deleted blocks log and got 0 delTX to process.
2019-10-05 16:24:23,863 [SCMBlockDeletingService#0] DEBUG block.SCMBlockDeletingService (SCMBlockDeletingService.java:call(138)) - Running DeletedBlockTransactionScanner
2019-10-05 16:24:23,863 [SCMBlockDeletingService#0] DEBUG block.SCMBlockDeletingService (SCMBlockDeletingService.java:call(155)) - Scanned deleted blocks log and got 0 delTX to process.
2019-10-05 16:24:23,963 [SCMBlockDeletingService#0] DEBUG block.SCMBlockDeletingService (SCMBlockDeletingService.java:call(138)) - Running DeletedBlockTransactionScanner
2019-10-05 16:24:23,964 [SCMBlockDeletingService#0] DEBUG block.SCMBlockDeletingService (SCMBlockDeletingService.java:call(155)) - Scanned deleted blocks log and got 0 delTX to process.
2019-10-05 16:24:24,102 [SCMBlockDeletingService#0] DEBUG block.SCMBlockDeletingService (SCMBlockDeletingService.java:call(138)) - Running DeletedBlockTransactionScanner
2019-10-05 16:24:24,102 [SCMBlockDeletingService#0] DEBUG block.SCMBlockDeletingService (SCMBlockDeletingService.java:call(155)) - Scanned deleted blocks log and got 0 delTX to process.
2019-10-05 16:24:24,202 [SCMBlockDeletingService#0] DEBUG block.SCMBlockDeletingService (SCMBlockDeletingService.java:call(138)) - Running DeletedBlockTransactionScanner
2019-10-05 16:24:24,203 [SCMBlockDeletingService#0] DEBUG block.SCMBlockDeletingService (SCMBlockDeletingService.java:call(155)) - Scanned deleted blocks log and got 0 delTX to process.
2019-10-05 16:24:24,303 [SCMBlockDeletingService#0] DEBUG block.SCMBlockDeletingService (SCMBlockDeletingService.java:call(138)) - Running DeletedBlockTransactionScanner
2019-10-05 16:24:24,303 [SCMBlockDeletingService#0] DEBUG block.SCMBlockDeletingService (SCMBlockDeletingService.java:call(155)) - Scanned deleted blocks log and got 0 delTX to process.
2019-10-05 16:24:24,404 [SCMBlockDeletingService#0] DEBUG block.SCMBlockDeletingService (SCMBlockDeletingService.java:call(138)) - Running DeletedBlockTransactionScanner
2019-10-05 16:24:24,404 [SCMBlockDeletingService#0] DEBUG block.SCMBlockDeletingService (SCMBlockDeletingService.java:call(155)) - Scanned deleted blocks log and got 0 delTX to process.
2019-10-05 16:24:24,504 [SCMBlockDeletingService#0] DEBUG block.SCMBlockDeletingService (SCMBlockDeletingService.java:call(138)) - Running DeletedBlockTransactionScanner
2019-10-05 16:24:24,504 [SCMBlockDeletingService#0] DEBUG block.SCMBlockDeletingService (SCMBlockDeletingService.java:call(155)) - Scanned deleted blocks log and got 0 delTX to process.
2019-10-05 16:24:24,605 [SCMBlockDeletingService#0] DEBUG block.SCMBlockDeletingService (SCMBlockDeletingService.java:call(138)) - Running DeletedBlockTransactionScanner
2019-10-05 16:24:24,605 [SCMBlockDeletingService#0] DEBUG block.SCMBlockDeletingService (SCMBlockDeletingService.java:call(155)) - Scanned deleted blocks log and got 0 delTX to process.
2019-10-05 16:24:24,705 [SCMBlockDeletingService#0] DEBUG block.SCMBlockDeletingService (SCMBlockDeletingService.java:call(138)) - Running DeletedBlockTransactionScanner
2019-10-05 16:24:24,706 [SCMBlockDeletingService#0] DEBUG block.SCMBlockDeletingService (SCMBlockDeletingService.java:call(155)) - Scanned deleted blocks log and got 0 delTX to process.
2019-10-05 16:24:24,806 [SCMBlockDeletingService#0] DEBUG block.SCMBlockDeletingService (SCMBlockDeletingService.java:call(138)) - Running DeletedBlockTransactionScanner
2019-10-05 16:24:24,806 [SCMBlockDeletingService#0] DEBUG block.SCMBlockDeletingService (SCMBlockDeletingService.java:call(155)) - Scanned deleted blocks log and got 0 delTX to process.
2019-10-05 16:24:24,906 [SCMBlockDeletingService#0] DEBUG block.SCMBlockDeletingService (SCMBlockDeletingService.java:call(138)) - Running DeletedBlockTransactionScanner
2019-10-05 16:24:24,907 [SCMBlockDeletingService#0] DEBUG block.SCMBlockDeletingService (SCMBlockDeletingService.java:call(155)) - Scanned deleted blocks log and got 0 delTX to process.
2019-10-05 16:24:25,007 [SCMBlockDeletingService#0] DEBUG block.SCMBlockDeletingService (SCMBlockDeletingService.java:call(138)) - Running DeletedBlockTransactionScanner
2019-10-05 16:24:25,007 [SCMBlockDeletingService#0] DEBUG block.SCMBlockDeletingService (SCMBlockDeletingService.java:call(155)) - Scanned deleted blocks log and got 0 delTX to process.
2019-10-05 16:24:25,107 [SCMBlockDeletingService#0] DEBUG block.SCMBlockDeletingService (SCMBlockDeletingService.java:call(138)) - Running DeletedBlockTransactionScanner
2019-10-05 16:24:25,108 [SCMBlockDeletingService#0] DEBUG block.SCMBlockDeletingService (SCMBlockDeletingService.java:call(155)) - Scanned deleted blocks log and got 0 delTX to process.
2019-10-05 16:24:25,208 [SCMBlockDeletingService#0] DEBUG block.SCMBlockDeletingService (SCMBlockDeletingService.java:call(138)) - Running DeletedBlockTransactionScanner
2019-10-05 16:24:25,208 [SCMBlockDeletingService#0] DEBUG block.SCMBlockDeletingService (SCMBlockDeletingService.java:call(155)) - Scanned deleted blocks log and got 0 delTX to process.
2019-10-05 16:24:25,354 [SCMBlockDeletingService#0] DEBUG block.SCMBlockDeletingService (SCMBlockDeletingService.java:call(138)) - Running DeletedBlockTransactionScanner
2019-10-05 16:24:25,355 [SCMBlockDeletingService#0] DEBUG block.SCMBlockDeletingService (SCMBlockDeletingService.java:call(155)) - Scanned deleted blocks log and got 0 delTX to process.
2019-10-05 16:24:25,455 [SCMBlockDeletingService#0] DEBUG block.SCMBlockDeletingService (SCMBlockDeletingService.java:call(138)) - Running DeletedBlockTransactionScanner
2019-10-05 16:24:25,455 [SCMBlockDeletingService#0] DEBUG block.SCMBlockDeletingService (SCMBlockDeletingService.java:call(155)) - Scanned deleted blocks log and got 0 delTX to process.
2019-10-05 16:24:25,556 [SCMBlockDeletingService#0] DEBUG block.SCMBlockDeletingService (SCMBlockDeletingService.java:call(138)) - Running DeletedBlockTransactionScanner
2019-10-05 16:24:25,556 [SCMBlockDeletingService#0] DEBUG block.SCMBlockDeletingService (SCMBlockDeletingService.java:call(155)) - Scanned deleted blocks log and got 0 delTX to process.
2019-10-05 16:24:25,656 [SCMBlockDeletingService#0] DEBUG block.SCMBlockDeletingService (SCMBlockDeletingService.java:call(138)) - Running DeletedBlockTransactionScanner
2019-10-05 16:24:25,656 [SCMBlockDeletingService#0] DEBUG block.SCMBlockDeletingService (SCMBlockDeletingService.java:call(155)) - Scanned deleted blocks log and got 0 delTX to process.
2019-10-05 16:24:25,757 [SCMBlockDeletingService#0] DEBUG block.SCMBlockDeletingService (SCMBlockDeletingService.java:call(138)) - Running DeletedBlockTransactionScanner
2019-10-05 16:24:25,757 [SCMBlockDeletingService#0] DEBUG block.SCMBlockDeletingService (SCMBlockDeletingService.java:call(155)) - Scanned deleted blocks log and got 0 delTX to process.
2019-10-05 16:24:25,857 [SCMBlockDeletingService#0] DEBUG block.SCMBlockDeletingService (SCMBlockDeletingService.java:call(138)) - Running DeletedBlockTransactionScanner
2019-10-05 16:24:25,858 [SCMBlockDeletingService#0] DEBUG block.SCMBlockDeletingService (SCMBlockDeletingService.java:call(155)) - Scanned deleted blocks log and got 0 delTX to process.
2019-10-05 16:24:25,958 [SCMBlockDeletingService#0] DEBUG block.SCMBlockDeletingService (SCMBlockDeletingService.java:call(138)) - Running DeletedBlockTransactionScanner
2019-10-05 16:24:25,958 [SCMBlockDeletingService#0] DEBUG block.SCMBlockDeletingService (SCMBlockDeletingService.java:call(155)) - Scanned deleted blocks log and got 0 delTX to process.
2019-10-05 16:24:26,096 [SCMBlockDeletingService#0] DEBUG block.SCMBlockDeletingService (SCMBlockDeletingService.java:call(138)) - Running DeletedBlockTransactionScanner
2019-10-05 16:24:26,096 [SCMBlockDeletingService#0] DEBUG block.SCMBlockDeletingService (SCMBlockDeletingService.java:call(155)) - Scanned deleted blocks log and got 0 delTX to process.
2019-10-05 16:24:26,197 [SCMBlockDeletingService#0] DEBUG block.SCMBlockDeletingService (SCMBlockDeletingService.java:call(138)) - Running DeletedBlockTransactionScanner
2019-10-05 16:24:26,197 [SCMBlockDeletingService#0] DEBUG block.SCMBlockDeletingService (SCMBlockDeletingService.java:call(155)) - Scanned deleted blocks log and got 0 delTX to process.
2019-10-05 16:24:26,297 [SCMBlockDeletingService#0] DEBUG block.SCMBlockDeletingService (SCMBlockDeletingService.java:call(138)) - Running DeletedBlockTransactionScanner
2019-10-05 16:24:26,298 [SCMBlockDeletingService#0] DEBUG block.SCMBlockDeletingService (SCMBlockDeletingService.java:call(155)) - Scanned deleted blocks log and got 0 delTX to process.
2019-10-05 16:24:26,398 [SCMBlockDeletingService#0] DEBUG block.SCMBlockDeletingService (SCMBlockDeletingService.java:call(138)) - Running DeletedBlockTransactionScanner
2019-10-05 16:24:26,398 [SCMBlockDeletingService#0] DEBUG block.SCMBlockDeletingService (SCMBlockDeletingService.java:call(155)) - Scanned deleted blocks log and got 0 delTX to process.
2019-10-05 16:24:26,499 [SCMBlockDeletingService#0] DEBUG block.SCMBlockDeletingService (SCMBlockDeletingService.java:call(138)) - Running DeletedBlockTransactionScanner
2019-10-05 16:24:26,499 [SCMBlockDeletingService#0] DEBUG block.SCMBlockDeletingService (SCMBlockDeletingService.java:call(155)) - Scanned deleted blocks log and got 0 delTX to process.
2019-10-05 16:24:26,600 [SCMBlockDeletingService#0] DEBUG block.SCMBlockDeletingService (SCMBlockDeletingService.java:call(138)) - Running DeletedBlockTransactionScanner
2019-10-05 16:24:26,600 [SCMBlockDeletingService#0] DEBUG block.SCMBlockDeletingService (SCMBlockDeletingService.java:call(155)) - Scanned deleted blocks log and got 0 delTX to process.
2019-10-05 16:24:26,747 [SCMBlockDeletingService#0] DEBUG block.SCMBlockDeletingService (SCMBlockDeletingService.java:call(138)) - Running DeletedBlockTransactionScanner
2019-10-05 16:24:26,747 [SCMBlockDeletingService#0] DEBUG block.SCMBlockDeletingService (SCMBlockDeletingService.java:call(155)) - Scanned deleted blocks log and got 0 delTX to process.
2019-10-05 16:24:26,847 [SCMBlockDeletingService#0] DEBUG block.SCMBlockDeletingService (SCMBlockDeletingService.java:call(138)) - Running DeletedBlockTransactionScanner
2019-10-05 16:24:26,848 [SCMBlockDeletingService#0] DEBUG block.SCMBlockDeletingService (SCMBlockDeletingService.java:call(155)) - Scanned deleted blocks log and got 0 delTX to process.
2019-10-05 16:24:26,948 [SCMBlockDeletingService#0] DEBUG block.SCMBlockDeletingService (SCMBlockDeletingService.java:call(138)) - Running DeletedBlockTransactionScanner
2019-10-05 16:24:26,948 [SCMBlockDeletingService#0] DEBUG block.SCMBlockDeletingService (SCMBlockDeletingService.java:call(155)) - Scanned deleted blocks log and got 0 delTX to process.
2019-10-05 16:24:27,049 [SCMBlockDeletingService#0] DEBUG block.SCMBlockDeletingService (SCMBlockDeletingService.java:call(138)) - Running DeletedBlockTransactionScanner
2019-10-05 16:24:27,049 [SCMBlockDeletingService#0] DEBUG block.SCMBlockDeletingService (SCMBlockDeletingService.java:call(155)) - Scanned deleted blocks log and got 0 delTX to process.
2019-10-05 16:24:27,150 [SCMBlockDeletingService#0] DEBUG block.SCMBlockDeletingService (SCMBlockDeletingService.java:call(138)) - Running DeletedBlockTransactionScanner
2019-10-05 16:24:27,150 [SCMBlockDeletingService#0] DEBUG block.SCMBlockDeletingService (SCMBlockDeletingService.java:call(155)) - Scanned deleted blocks log and got 0 delTX to process.
2019-10-05 16:24:27,250 [SCMBlockDeletingService#0] DEBUG block.SCMBlockDeletingService (SCMBlockDeletingService.java:call(138)) - Running DeletedBlockTransactionScanner
2019-10-05 16:24:27,251 [SCMBlockDeletingService#0] DEBUG block.SCMBlockDeletingService (SCMBlockDeletingService.java:call(155)) - Scanned deleted blocks log and got 0 delTX to process.
2019-10-05 16:24:27,372 [SCMBlockDeletingService#0] DEBUG block.SCMBlockDeletingService (SCMBlockDeletingService.java:call(138)) - Running DeletedBlockTransactionScanner
2019-10-05 16:24:27,373 [SCMBlockDeletingService#0] DEBUG block.SCMBlockDeletingService (SCMBlockDeletingService.java:call(155)) - Scanned deleted blocks log and got 0 delTX to process.
2019-10-05 16:24:27,473 [SCMBlockDeletingService#0] DEBUG block.SCMBlockDeletingService (SCMBlockDeletingService.java:call(138)) - Running DeletedBlockTransactionScanner
2019-10-05 16:24:27,474 [SCMBlockDeletingService#0] DEBUG block.SCMBlockDeletingService (SCMBlockDeletingService.java:call(155)) - Scanned deleted blocks log and got 0 delTX to process.
2019-10-05 16:24:27,574 [SCMBlockDeletingService#0] DEBUG block.SCMBlockDeletingService (SCMBlockDeletingService.java:call(138)) - Running DeletedBlockTransactionScanner
2019-10-05 16:24:27,574 [SCMBlockDeletingService#0] DEBUG block.SCMBlockDeletingService (SCMBlockDeletingService.java:call(155)) - Scanned deleted blocks log and got 0 delTX to process.
2019-10-05 16:24:27,675 [SCMBlockDeletingService#0] DEBUG block.SCMBlockDeletingService (SCMBlockDeletingService.java:call(138)) - Running DeletedBlockTransactionScanner
2019-10-05 16:24:27,675 [SCMBlockDeletingService#0] DEBUG block.SCMBlockDeletingService (SCMBlockDeletingService.java:call(155)) - Scanned deleted blocks log and got 0 delTX to process.
2019-10-05 16:24:27,775 [SCMBlockDeletingService#0] DEBUG block.SCMBlockDeletingService (SCMBlockDeletingService.java:call(138)) - Running DeletedBlockTransactionScanner
2019-10-05 16:24:27,776 [SCMBlockDeletingService#0] DEBUG block.SCMBlockDeletingService (SCMBlockDeletingService.java:call(155)) - Scanned deleted blocks log and got 0 delTX to process.
2019-10-05 16:24:27,876 [SCMBlockDeletingService#0] DEBUG block.SCMBlockDeletingService (SCMBlockDeletingService.java:call(138)) - Running DeletedBlockTransactionScanner
2019-10-05 16:24:27,876 [SCMBlockDeletingService#0] DEBUG block.SCMBlockDeletingService (SCMBlockDeletingService.java:call(155)) - Scanned deleted blocks log and got 0 delTX to process.
2019-10-05 16:24:28,043 [SCMBlockDeletingService#0] DEBUG block.SCMBlockDeletingService (SCMBlockDeletingService.java:call(138)) - Running DeletedBlockTransactionScanner
2019-10-05 16:24:28,043 [SCMBlockDeletingService#0] DEBUG block.SCMBlockDeletingService (SCMBlockDeletingService.java:call(155)) - Scanned deleted blocks log and got 0 delTX to process.
2019-10-05 16:24:28,144 [SCMBlockDeletingService#0] DEBUG block.SCMBlockDeletingService (SCMBlockDeletingService.java:call(138)) - Running DeletedBlockTransactionScanner
2019-10-05 16:24:28,144 [SCMBlockDeletingService#0] DEBUG block.SCMBlockDeletingService (SCMBlockDeletingService.java:call(155)) - Scanned deleted blocks log and got 0 delTX to process.
2019-10-05 16:24:28,244 [SCMBlockDeletingService#0] DEBUG block.SCMBlockDeletingService (SCMBlockDeletingService.java:call(138)) - Running DeletedBlockTransactionScanner
2019-10-05 16:24:28,244 [SCMBlockDeletingService#0] DEBUG block.SCMBlockDeletingService (SCMBlockDeletingService.java:call(155)) - Scanned deleted blocks log and got 0 delTX to process.
2019-10-05 16:24:28,345 [SCMBlockDeletingService#0] DEBUG block.SCMBlockDeletingService (SCMBlockDeletingService.java:call(138)) - Running DeletedBlockTransactionScanner
2019-10-05 16:24:28,345 [SCMBlockDeletingService#0] DEBUG block.SCMBlockDeletingService (SCMBlockDeletingService.java:call(155)) - Scanned deleted blocks log and got 0 delTX to process.
2019-10-05 16:24:28,445 [SCMBlockDeletingService#0] DEBUG block.SCMBlockDeletingService (SCMBlockDeletingService.java:call(138)) - Running DeletedBlockTransactionScanner
2019-10-05 16:24:28,446 [SCMBlockDeletingService#0] DEBUG block.SCMBlockDeletingService (SCMBlockDeletingService.java:call(155)) - Scanned deleted blocks log and got 0 delTX to process.
2019-10-05 16:24:28,546 [SCMBlockDeletingService#0] DEBUG block.SCMBlockDeletingService (SCMBlockDeletingService.java:call(138)) - Running DeletedBlockTransactionScanner
2019-10-05 16:24:28,546 [SCMBlockDeletingService#0] DEBUG block.SCMBlockDeletingService (SCMBlockDeletingService.java:call(155)) - Scanned deleted blocks log and got 0 delTX to process.
2019-10-05 16:24:28,656 [SCMBlockDeletingService#0] DEBUG block.SCMBlockDeletingService (SCMBlockDeletingService.java:call(138)) - Running DeletedBlockTransactionScanner
2019-10-05 16:24:28,656 [SCMBlockDeletingService#0] DEBUG block.SCMBlockDeletingService (SCMBlockDeletingService.java:call(155)) - Scanned deleted blocks log and got 0 delTX to process.
2019-10-05 16:24:28,756 [SCMBlockDeletingService#0] DEBUG block.SCMBlockDeletingService (SCMBlockDeletingService.java:call(138)) - Running DeletedBlockTransactionScanner
2019-10-05 16:24:28,757 [SCMBlockDeletingService#0] DEBUG block.SCMBlockDeletingService (SCMBlockDeletingService.java:call(155)) - Scanned deleted blocks log and got 0 delTX to process.
2019-10-05 16:24:28,857 [SCMBlockDeletingService#0] DEBUG block.SCMBlockDeletingService (SCMBlockDeletingService.java:call(138)) - Running DeletedBlockTransactionScanner
2019-10-05 16:24:28,857 [SCMBlockDeletingService#0] DEBUG block.SCMBlockDeletingService (SCMBlockDeletingService.java:call(155)) - Scanned deleted blocks log and got 0 delTX to process.
2019-10-05 16:24:28,958 [SCMBlockDeletingService#0] DEBUG block.SCMBlockDeletingService (SCMBlockDeletingService.java:call(138)) - Running DeletedBlockTransactionScanner
2019-10-05 16:24:28,958 [SCMBlockDeletingService#0] DEBUG block.SCMBlockDeletingService (SCMBlockDeletingService.java:call(155)) - Scanned deleted blocks log and got 0 delTX to process.
2019-10-05 16:24:29,058 [SCMBlockDeletingService#0] DEBUG block.SCMBlockDeletingService (SCMBlockDeletingService.java:call(138)) - Running DeletedBlockTransactionScanner
2019-10-05 16:24:29,059 [SCMBlockDeletingService#0] DEBUG block.SCMBlockDeletingService (SCMBlockDeletingService.java:call(155)) - Scanned deleted blocks log and got 0 delTX to process.
2019-10-05 16:24:29,159 [SCMBlockDeletingService#0] DEBUG block.SCMBlockDeletingService (SCMBlockDeletingService.java:call(138)) - Running DeletedBlockTransactionScanner
2019-10-05 16:24:29,159 [SCMBlockDeletingService#0] DEBUG block.SCMBlockDeletingService (SCMBlockDeletingService.java:call(155)) - Scanned deleted blocks log and got 0 delTX to process.
2019-10-05 16:24:29,655 [SCMBlockDeletingService#0] DEBUG block.SCMBlockDeletingService (SCMBlockDeletingService.java:call(138)) - Running DeletedBlockTransactionScanner
2019-10-05 16:24:29,656 [SCMBlockDeletingService#0] DEBUG block.SCMBlockDeletingService (SCMBlockDeletingService.java:call(155)) - Scanned deleted blocks log and got 0 delTX to process.
2019-10-05 16:24:29,756 [SCMBlockDeletingService#0] DEBUG block.SCMBlockDeletingService (SCMBlockDeletingService.java:call(138)) - Running DeletedBlockTransactionScanner
2019-10-05 16:24:29,756 [SCMBlockDeletingService#0] DEBUG block.SCMBlockDeletingService (SCMBlockDeletingService.java:call(155)) - Scanned deleted blocks log and got 0 delTX to process.
2019-10-05 16:24:29,856 [SCMBlockDeletingService#0] DEBUG block.SCMBlockDeletingService (SCMBlockDeletingService.java:call(138)) - Running DeletedBlockTransactionScanner
2019-10-05 16:24:29,857 [SCMBlockDeletingService#0] DEBUG block.SCMBlockDeletingService (SCMBlockDeletingService.java:call(155)) - Scanned deleted blocks log and got 0 delTX to process.
2019-10-05 16:24:29,957 [SCMBlockDeletingService#0] DEBUG block.SCMBlockDeletingService (SCMBlockDeletingService.java:call(138)) - Running DeletedBlockTransactionScanner
2019-10-05 16:24:29,957 [SCMBlockDeletingService#0] DEBUG block.SCMBlockDeletingService (SCMBlockDeletingService.java:call(155)) - Scanned deleted blocks log and got 0 delTX to process.
2019-10-05 16:24:30,058 [SCMBlockDeletingService#0] DEBUG block.SCMBlockDeletingService (SCMBlockDeletingService.java:call(138)) - Running DeletedBlockTransactionScanner
2019-10-05 16:24:30,058 [SCMBlockDeletingService#0] DEBUG block.SCMBlockDeletingService (SCMBlockDeletingService.java:call(155)) - Scanned deleted blocks log and got 0 delTX to process.
2019-10-05 16:24:30,158 [SCMBlockDeletingService#0] DEBUG block.SCMBlockDeletingService (SCMBlockDeletingService.java:call(138)) - Running DeletedBlockTransactionScanner
2019-10-05 16:24:30,159 [SCMBlockDeletingService#0] DEBUG block.SCMBlockDeletingService (SCMBlockDeletingService.java:call(155)) - Scanned deleted blocks log and got 0 delTX to process.
2019-10-05 16:24:30,259 [SCMBlockDeletingService#0] DEBUG block.SCMBlockDeletingService (SCMBlockDeletingService.java:call(138)) - Running DeletedBlockTransactionScanner
2019-10-05 16:24:30,259 [SCMBlockDeletingService#0] DEBUG block.SCMBlockDeletingService (SCMBlockDeletingService.java:call(155)) - Scanned deleted blocks log and got 0 delTX to process.
2019-10-05 16:24:30,360 [SCMBlockDeletingService#0] DEBUG block.SCMBlockDeletingService (SCMBlockDeletingService.java:call(138)) - Running DeletedBlockTransactionScanner
2019-10-05 16:24:30,360 [SCMBlockDeletingService#0] DEBUG block.SCMBlockDeletingService (SCMBlockDeletingService.java:call(155)) - Scanned deleted blocks log and got 0 delTX to process.
2019-10-05 16:24:30,460 [SCMBlockDeletingService#0] DEBUG block.SCMBlockDeletingService (SCMBlockDeletingService.java:call(138)) - Running DeletedBlockTransactionScanner
2019-10-05 16:24:30,461 [SCMBlockDeletingService#0] DEBUG block.SCMBlockDeletingService (SCMBlockDeletingService.java:call(155)) - Scanned deleted blocks log and got 0 delTX to process.
2019-10-05 16:24:30,561 [SCMBlockDeletingService#0] DEBUG block.SCMBlockDeletingService (SCMBlockDeletingService.java:call(138)) - Running DeletedBlockTransactionScanner
2019-10-05 16:24:30,562 [SCMBlockDeletingService#0] DEBUG block.SCMBlockDeletingService (SCMBlockDeletingService.java:call(155)) - Scanned deleted blocks log and got 0 delTX to process.
2019-10-05 16:24:30,662 [SCMBlockDeletingService#0] DEBUG block.SCMBlockDeletingService (SCMBlockDeletingService.java:call(138)) - Running DeletedBlockTransactionScanner
2019-10-05 16:24:30,662 [SCMBlockDeletingService#0] DEBUG block.SCMBlockDeletingService (SCMBlockDeletingService.java:call(155)) - Scanned deleted blocks log and got 0 delTX to process.
2019-10-05 16:24:30,763 [SCMBlockDeletingService#0] DEBUG block.SCMBlockDeletingService (SCMBlockDeletingService.java:call(138)) - Running DeletedBlockTransactionScanner
2019-10-05 16:24:30,763 [SCMBlockDeletingService#0] DEBUG block.SCMBlockDeletingService (SCMBlockDeletingService.java:call(155)) - Scanned deleted blocks log and got 0 delTX to process.
2019-10-05 16:24:30,863 [SCMBlockDeletingService#0] DEBUG block.SCMBlockDeletingService (SCMBlockDeletingService.java:call(138)) - Running DeletedBlockTransactionScanner
2019-10-05 16:24:30,864 [SCMBlockDeletingService#0] DEBUG block.SCMBlockDeletingService (SCMBlockDeletingService.java:call(155)) - Scanned deleted blocks log and got 0 delTX to process.
2019-10-05 16:24:30,964 [SCMBlockDeletingService#0] DEBUG block.SCMBlockDeletingService (SCMBlockDeletingService.java:call(138)) - Running DeletedBlockTransactionScanner
2019-10-05 16:24:30,964 [SCMBlockDeletingService#0] DEBUG block.SCMBlockDeletingService (SCMBlockDeletingService.java:call(155)) - Scanned deleted blocks log and got 0 delTX to process.
2019-10-05 16:24:31,065 [SCMBlockDeletingService#0] DEBUG block.SCMBlockDeletingService (SCMBlockDeletingService.java:call(138)) - Running DeletedBlockTransactionScanner
2019-10-05 16:24:31,065 [SCMBlockDeletingService#0] DEBUG block.SCMBlockDeletingService (SCMBlockDeletingService.java:call(155)) - Scanned deleted blocks log and got 0 delTX to process.
2019-10-05 16:24:31,165 [SCMBlockDeletingService#0] DEBUG block.SCMBlockDeletingService (SCMBlockDeletingService.java:call(138)) - Running DeletedBlockTransactionScanner
2019-10-05 16:24:31,166 [SCMBlockDeletingService#0] DEBUG block.SCMBlockDeletingService (SCMBlockDeletingService.java:call(155)) - Scanned deleted blocks log and got 0 delTX to process.
2019-10-05 16:24:31,266 [SCMBlockDeletingService#0] DEBUG block.SCMBlockDeletingService (SCMBlockDeletingService.java:call(138)) - Running DeletedBlockTransactionScanner
2019-10-05 16:24:31,266 [SCMBlockDeletingService#0] DEBUG block.SCMBlockDeletingService (SCMBlockDeletingService.java:call(155)) - Scanned deleted blocks log and got 0 delTX to process.
2019-10-05 16:24:31,367 [SCMBlockDeletingService#0] DEBUG block.SCMBlockDeletingService (SCMBlockDeletingService.java:call(138)) - Running DeletedBlockTransactionScanner
2019-10-05 16:24:31,367 [SCMBlockDeletingService#0] DEBUG block.SCMBlockDeletingService (SCMBlockDeletingService.java:call(155)) - Scanned deleted blocks log and got 0 delTX to process.
2019-10-05 16:24:31,467 [SCMBlockDeletingService#0] DEBUG block.SCMBlockDeletingService (SCMBlockDeletingService.java:call(138)) - Running DeletedBlockTransactionScanner
2019-10-05 16:24:31,467 [SCMBlockDeletingService#0] DEBUG block.SCMBlockDeletingService (SCMBlockDeletingService.java:call(155)) - Scanned deleted blocks log and got 0 delTX to process.
2019-10-05 16:24:31,568 [SCMBlockDeletingService#0] DEBUG block.SCMBlockDeletingService (SCMBlockDeletingService.java:call(138)) - Running DeletedBlockTransactionScanner
2019-10-05 16:24:31,568 [SCMBlockDeletingService#0] DEBUG block.SCMBlockDeletingService (SCMBlockDeletingService.java:call(155)) - Scanned deleted blocks log and got 0 delTX to process.
2019-10-05 16:24:31,669 [SCMBlockDeletingService#0] DEBUG block.SCMBlockDeletingService (SCMBlockDeletingService.java:call(138)) - Running DeletedBlockTransactionScanner
2019-10-05 16:24:31,669 [SCMBlockDeletingService#0] DEBUG block.SCMBlockDeletingService (SCMBlockDeletingService.java:call(155)) - Scanned deleted blocks log and got 0 delTX to process.
2019-10-05 16:24:31,791 [SCMBlockDeletingService#0] DEBUG block.SCMBlockDeletingService (SCMBlockDeletingService.java:call(138)) - Running DeletedBlockTransactionScanner
2019-10-05 16:24:31,791 [SCMBlockDeletingService#0] DEBUG block.SCMBlockDeletingService (SCMBlockDeletingService.java:call(155)) - Scanned deleted blocks log and got 0 delTX to process.
2019-10-05 16:24:31,891 [SCMBlockDeletingService#0] DEBUG block.SCMBlockDeletingService (SCMBlockDeletingService.java:call(138)) - Running DeletedBlockTransactionScanner
2019-10-05 16:24:31,892 [SCMBlockDeletingService#0] DEBUG block.SCMBlockDeletingService (SCMBlockDeletingService.java:call(155)) - Scanned deleted blocks log and got 0 delTX to process.
2019-10-05 16:24:31,992 [SCMBlockDeletingService#0] DEBUG block.SCMBlockDeletingService (SCMBlockDeletingService.java:call(138)) - Running DeletedBlockTransactionScanner
2019-10-05 16:24:31,992 [SCMBlockDeletingService#0] DEBUG block.SCMBlockDeletingService (SCMBlockDeletingService.java:call(155)) - Scanned deleted blocks log and got 0 delTX to process.
2019-10-05 16:24:32,093 [SCMBlockDeletingService#0] DEBUG block.SCMBlockDeletingService (SCMBlockDeletingService.java:call(138)) - Running DeletedBlockTransactionScanner
2019-10-05 16:24:32,093 [SCMBlockDeletingService#0] DEBUG block.SCMBlockDeletingService (SCMBlockDeletingService.java:call(155)) - Scanned deleted blocks log and got 0 delTX to process.
2019-10-05 16:24:32,193 [SCMBlockDeletingService#0] DEBUG block.SCMBlockDeletingService (SCMBlockDeletingService.java:call(138)) - Running DeletedBlockTransactionScanner
2019-10-05 16:24:32,194 [SCMBlockDeletingService#0] DEBUG block.SCMBlockDeletingService (SCMBlockDeletingService.java:call(155)) - Scanned deleted blocks log and got 0 delTX to process.
2019-10-05 16:24:32,294 [SCMBlockDeletingService#0] DEBUG block.SCMBlockDeletingService (SCMBlockDeletingService.java:call(138)) - Running DeletedBlockTransactionScanner
2019-10-05 16:24:32,294 [SCMBlockDeletingService#0] DEBUG block.SCMBlockDeletingService (SCMBlockDeletingService.java:call(155)) - Scanned deleted blocks log and got 0 delTX to process.
2019-10-05 16:24:32,394 [SCMBlockDeletingService#0] DEBUG block.SCMBlockDeletingService (SCMBlockDeletingService.java:call(138)) - Running DeletedBlockTransactionScanner
2019-10-05 16:24:32,395 [SCMBlockDeletingService#0] DEBUG block.SCMBlockDeletingService (SCMBlockDeletingService.java:call(155)) - Scanned deleted blocks log and got 0 delTX to process.
2019-10-05 16:24:32,495 [SCMBlockDeletingService#0] DEBUG block.SCMBlockDeletingService (SCMBlockDeletingService.java:call(138)) - Running DeletedBlockTransactionScanner
2019-10-05 16:24:32,496 [SCMBlockDeletingService#0] DEBUG block.SCMBlockDeletingService (SCMBlockDeletingService.java:call(155)) - Scanned deleted blocks log and got 0 delTX to process.
2019-10-05 16:24:32,596 [SCMBlockDeletingService#0] DEBUG block.SCMBlockDeletingService (SCMBlockDeletingService.java:call(138)) - Running DeletedBlockTransactionScanner
2019-10-05 16:24:32,596 [SCMBlockDeletingService#0] DEBUG block.SCMBlockDeletingService (SCMBlockDeletingService.java:call(155)) - Scanned deleted blocks log and got 0 delTX to process.
2019-10-05 16:24:32,722 [SCMBlockDeletingService#1] DEBUG block.SCMBlockDeletingService (SCMBlockDeletingService.java:call(138)) - Running DeletedBlockTransactionScanner
2019-10-05 16:24:32,723 [SCMBlockDeletingService#1] DEBUG block.SCMBlockDeletingService (SCMBlockDeletingService.java:call(155)) - Scanned deleted blocks log and got 0 delTX to process.
2019-10-05 16:24:32,823 [SCMBlockDeletingService#1] DEBUG block.SCMBlockDeletingService (SCMBlockDeletingService.java:call(138)) - Running DeletedBlockTransactionScanner
2019-10-05 16:24:32,823 [SCMBlockDeletingService#1] DEBUG block.SCMBlockDeletingService (SCMBlockDeletingService.java:call(155)) - Scanned deleted blocks log and got 0 delTX to process.
2019-10-05 16:24:32,924 [SCMBlockDeletingService#1] DEBUG block.SCMBlockDeletingService (SCMBlockDeletingService.java:call(138)) - Running DeletedBlockTransactionScanner
2019-10-05 16:24:32,924 [SCMBlockDeletingService#1] DEBUG block.SCMBlockDeletingService (SCMBlockDeletingService.java:call(155)) - Scanned deleted blocks log and got 0 delTX to process.
2019-10-05 16:24:33,024 [SCMBlockDeletingService#1] DEBUG block.SCMBlockDeletingService (SCMBlockDeletingService.java:call(138)) - Running DeletedBlockTransactionScanner
2019-10-05 16:24:33,025 [SCMBlockDeletingService#1] DEBUG block.SCMBlockDeletingService (SCMBlockDeletingService.java:call(155)) - Scanned deleted blocks log and got 0 delTX to process.
2019-10-05 16:24:33,125 [SCMBlockDeletingService#1] DEBUG block.SCMBlockDeletingService (SCMBlockDeletingService.java:call(138)) - Running DeletedBlockTransactionScanner
2019-10-05 16:24:33,125 [SCMBlockDeletingService#1] DEBUG block.SCMBlockDeletingService (SCMBlockDeletingService.java:call(155)) - Scanned deleted blocks log and got 0 delTX to process.
2019-10-05 16:24:33,225 [SCMBlockDeletingService#1] DEBUG block.SCMBlockDeletingService (SCMBlockDeletingService.java:call(138)) - Running DeletedBlockTransactionScanner
2019-10-05 16:24:33,225 [SCMBlockDeletingService#1] DEBUG block.SCMBlockDeletingService (SCMBlockDeletingService.java:call(155)) - Scanned deleted blocks log and got 0 delTX to process.
2019-10-05 16:24:33,326 [SCMBlockDeletingService#1] DEBUG block.SCMBlockDeletingService (SCMBlockDeletingService.java:call(138)) - Running DeletedBlockTransactionScanner
2019-10-05 16:24:33,326 [SCMBlockDeletingService#1] DEBUG block.SCMBlockDeletingService (SCMBlockDeletingService.java:call(155)) - Scanned deleted blocks log and got 0 delTX to process.
2019-10-05 16:24:33,426 [SCMBlockDeletingService#1] DEBUG block.SCMBlockDeletingService (SCMBlockDeletingService.java:call(138)) - Running DeletedBlockTransactionScanner
2019-10-05 16:24:33,427 [SCMBlockDeletingService#1] DEBUG block.SCMBlockDeletingService (SCMBlockDeletingService.java:call(155)) - Scanned deleted blocks log and got 0 delTX to process.
2019-10-05 16:24:33,586 [SCMBlockDeletingService#1] DEBUG block.SCMBlockDeletingService (SCMBlockDeletingService.java:call(138)) - Running DeletedBlockTransactionScanner
2019-10-05 16:24:33,587 [SCMBlockDeletingService#1] DEBUG block.SCMBlockDeletingService (SCMBlockDeletingService.java:call(155)) - Scanned deleted blocks log and got 0 delTX to process.
2019-10-05 16:24:33,687 [SCMBlockDeletingService#1] DEBUG block.SCMBlockDeletingService (SCMBlockDeletingService.java:call(138)) - Running DeletedBlockTransactionScanner
2019-10-05 16:24:33,687 [SCMBlockDeletingService#1] DEBUG block.SCMBlockDeletingService (SCMBlockDeletingService.java:call(155)) - Scanned deleted blocks log and got 0 delTX to process.
2019-10-05 16:24:33,788 [SCMBlockDeletingService#0] DEBUG block.SCMBlockDeletingService (SCMBlockDeletingService.java:call(138)) - Running DeletedBlockTransactionScanner
2019-10-05 16:24:33,788 [SCMBlockDeletingService#0] DEBUG block.SCMBlockDeletingService (SCMBlockDeletingService.java:call(155)) - Scanned deleted blocks log and got 0 delTX to process.
2019-10-05 16:24:33,888 [SCMBlockDeletingService#0] DEBUG block.SCMBlockDeletingService (SCMBlockDeletingService.java:call(138)) - Running DeletedBlockTransactionScanner
2019-10-05 16:24:33,888 [SCMBlockDeletingService#0] DEBUG block.SCMBlockDeletingService (SCMBlockDeletingService.java:call(155)) - Scanned deleted blocks log and got 0 delTX to process.
2019-10-05 16:24:33,989 [SCMBlockDeletingService#0] DEBUG block.SCMBlockDeletingService (SCMBlockDeletingService.java:call(138)) - Running DeletedBlockTransactionScanner
2019-10-05 16:24:33,989 [SCMBlockDeletingService#0] DEBUG block.SCMBlockDeletingService (SCMBlockDeletingService.java:call(155)) - Scanned deleted blocks log and got 0 delTX to process.
2019-10-05 16:24:34,089 [SCMBlockDeletingService#0] DEBUG block.SCMBlockDeletingService (SCMBlockDeletingService.java:call(138)) - Running DeletedBlockTransactionScanner
2019-10-05 16:24:34,090 [SCMBlockDeletingService#0] DEBUG block.SCMBlockDeletingService (SCMBlockDeletingService.java:call(155)) - Scanned deleted blocks log and got 0 delTX to process.
2019-10-05 16:24:34,190 [SCMBlockDeletingService#0] DEBUG block.SCMBlockDeletingService (SCMBlockDeletingService.java:call(138)) - Running DeletedBlockTransactionScanner
2019-10-05 16:24:34,190 [SCMBlockDeletingService#0] DEBUG block.SCMBlockDeletingService (SCMBlockDeletingService.java:call(155)) - Scanned deleted blocks log and got 0 delTX to process.
2019-10-05 16:24:34,290 [SCMBlockDeletingService#0] DEBUG block.SCMBlockDeletingService (SCMBlockDeletingService.java:call(138)) - Running DeletedBlockTransactionScanner
2019-10-05 16:24:34,291 [SCMBlockDeletingService#0] DEBUG block.SCMBlockDeletingService (SCMBlockDeletingService.java:call(155)) - Scanned deleted blocks log and got 0 delTX to process.
2019-10-05 16:24:34,391 [SCMBlockDeletingService#0] DEBUG block.SCMBlockDeletingService (SCMBlockDeletingService.java:call(138)) - Running DeletedBlockTransactionScanner
2019-10-05 16:24:34,391 [SCMBlockDeletingService#0] DEBUG block.SCMBlockDeletingService (SCMBlockDeletingService.java:call(155)) - Scanned deleted blocks log and got 0 delTX to process.
2019-10-05 16:24:34,491 [SCMBlockDeletingService#0] DEBUG block.SCMBlockDeletingService (SCMBlockDeletingService.java:call(138)) - Running DeletedBlockTransactionScanner
2019-10-05 16:24:34,492 [SCMBlockDeletingService#0] DEBUG block.SCMBlockDeletingService (SCMBlockDeletingService.java:call(155)) - Scanned deleted blocks log and got 0 delTX to process.
2019-10-05 16:24:34,592 [SCMBlockDeletingService#0] DEBUG block.SCMBlockDeletingService (SCMBlockDeletingService.java:call(138)) - Running DeletedBlockTransactionScanner
2019-10-05 16:24:34,592 [SCMBlockDeletingService#0] DEBUG block.SCMBlockDeletingService (SCMBlockDeletingService.java:call(155)) - Scanned deleted blocks log and got 0 delTX to process.
2019-10-05 16:24:34,693 [SCMBlockDeletingService#0] DEBUG block.SCMBlockDeletingService (SCMBlockDeletingService.java:call(138)) - Running DeletedBlockTransactionScanner
2019-10-05 16:24:34,693 [SCMBlockDeletingService#0] DEBUG block.SCMBlockDeletingService (SCMBlockDeletingService.java:call(155)) - Scanned deleted blocks log and got 0 delTX to process.
2019-10-05 16:24:34,793 [SCMBlockDeletingService#1] DEBUG block.SCMBlockDeletingService (SCMBlockDeletingService.java:call(138)) - Running DeletedBlockTransactionScanner
2019-10-05 16:24:34,794 [SCMBlockDeletingService#1] DEBUG block.SCMBlockDeletingService (SCMBlockDeletingService.java:call(155)) - Scanned deleted blocks log and got 0 delTX to process.
2019-10-05 16:24:34,894 [SCMBlockDeletingService#1] DEBUG block.SCMBlockDeletingService (SCMBlockDeletingService.java:call(138)) - Running DeletedBlockTransactionScanner
2019-10-05 16:24:34,894 [SCMBlockDeletingService#1] DEBUG block.SCMBlockDeletingService (SCMBlockDeletingService.java:call(155)) - Scanned deleted blocks log and got 0 delTX to process.
2019-10-05 16:24:34,995 [SCMBlockDeletingService#1] DEBUG block.SCMBlockDeletingService (SCMBlockDeletingService.java:call(138)) - Running DeletedBlockTransactionScanner
2019-10-05 16:24:34,995 [SCMBlockDeletingService#1] DEBUG block.SCMBlockDeletingService (SCMBlockDeletingService.java:call(155)) - Scanned deleted blocks log and got 0 delTX to process.
2019-10-05 16:24:35,095 [SCMBlockDeletingService#1] DEBUG block.SCMBlockDeletingService (SCMBlockDeletingService.java:call(138)) - Running DeletedBlockTransactionScanner
2019-10-05 16:24:35,096 [SCMBlockDeletingService#1] DEBUG block.SCMBlockDeletingService (SCMBlockDeletingService.java:call(155)) - Scanned deleted blocks log and got 0 delTX to process.
2019-10-05 16:24:35,196 [SCMBlockDeletingService#1] DEBUG block.SCMBlockDeletingService (SCMBlockDeletingService.java:call(138)) - Running DeletedBlockTransactionScanner
2019-10-05 16:24:35,196 [SCMBlockDeletingService#1] DEBUG block.SCMBlockDeletingService (SCMBlockDeletingService.java:call(155)) - Scanned deleted blocks log and got 0 delTX to process.
2019-10-05 16:24:35,380 [SCMBlockDeletingService#1] DEBUG block.SCMBlockDeletingService (SCMBlockDeletingService.java:call(138)) - Running DeletedBlockTransactionScanner
2019-10-05 16:24:35,381 [SCMBlockDeletingService#1] DEBUG block.SCMBlockDeletingService (SCMBlockDeletingService.java:call(155)) - Scanned deleted blocks log and got 0 delTX to process.
2019-10-05 16:24:35,481 [SCMBlockDeletingService#1] DEBUG block.SCMBlockDeletingService (SCMBlockDeletingService.java:call(138)) - Running DeletedBlockTransactionScanner
2019-10-05 16:24:35,481 [SCMBlockDeletingService#1] DEBUG block.SCMBlockDeletingService (SCMBlockDeletingService.java:call(155)) - Scanned deleted blocks log and got 0 delTX to process.
2019-10-05 16:24:35,582 [SCMBlockDeletingService#1] DEBUG block.SCMBlockDeletingService (SCMBlockDeletingService.java:call(138)) - Running DeletedBlockTransactionScanner
2019-10-05 16:24:35,582 [SCMBlockDeletingService#1] DEBUG block.SCMBlockDeletingService (SCMBlockDeletingService.java:call(155)) - Scanned deleted blocks log and got 0 delTX to process.
2019-10-05 16:24:35,682 [SCMBlockDeletingService#1] DEBUG block.SCMBlockDeletingService (SCMBlockDeletingService.java:call(138)) - Running DeletedBlockTransactionScanner
2019-10-05 16:24:35,683 [SCMBlockDeletingService#1] DEBUG block.SCMBlockDeletingService (SCMBlockDeletingService.java:call(155)) - Scanned deleted blocks log and got 0 delTX to process.
2019-10-05 16:24:35,783 [SCMBlockDeletingService#1] DEBUG block.SCMBlockDeletingService (SCMBlockDeletingService.java:call(138)) - Running DeletedBlockTransactionScanner
2019-10-05 16:24:35,783 [SCMBlockDeletingService#1] DEBUG block.SCMBlockDeletingService (SCMBlockDeletingService.java:call(155)) - Scanned deleted blocks log and got 0 delTX to process.
2019-10-05 16:24:35,884 [SCMBlockDeletingService#0] DEBUG block.SCMBlockDeletingService (SCMBlockDeletingService.java:call(138)) - Running DeletedBlockTransactionScanner
2019-10-05 16:24:35,884 [SCMBlockDeletingService#0] DEBUG block.SCMBlockDeletingService (SCMBlockDeletingService.java:call(155)) - Scanned deleted blocks log and got 0 delTX to process.
2019-10-05 16:24:35,984 [SCMBlockDeletingService#0] DEBUG block.SCMBlockDeletingService (SCMBlockDeletingService.java:call(138)) - Running DeletedBlockTransactionScanner
2019-10-05 16:24:35,985 [SCMBlockDeletingService#0] DEBUG block.SCMBlockDeletingService (SCMBlockDeletingService.java:call(155)) - Scanned deleted blocks log and got 0 delTX to process.
2019-10-05 16:24:36,085 [SCMBlockDeletingService#0] DEBUG block.SCMBlockDeletingService (SCMBlockDeletingService.java:call(138)) - Running DeletedBlockTransactionScanner
2019-10-05 16:24:36,086 [SCMBlockDeletingService#0] DEBUG block.SCMBlockDeletingService (SCMBlockDeletingService.java:call(155)) - Scanned deleted blocks log and got 0 delTX to process.
2019-10-05 16:24:36,186 [SCMBlockDeletingService#1] DEBUG block.SCMBlockDeletingService (SCMBlockDeletingService.java:call(138)) - Running DeletedBlockTransactionScanner
2019-10-05 16:24:36,186 [SCMBlockDeletingService#1] DEBUG block.SCMBlockDeletingService (SCMBlockDeletingService.java:call(155)) - Scanned deleted blocks log and got 0 delTX to process.
2019-10-05 16:24:36,287 [SCMBlockDeletingService#1] DEBUG block.SCMBlockDeletingService (SCMBlockDeletingService.java:call(138)) - Running DeletedBlockTransactionScanner
2019-10-05 16:24:36,287 [SCMBlockDeletingService#1] DEBUG block.SCMBlockDeletingService (SCMBlockDeletingService.java:call(155)) - Scanned deleted blocks log and got 0 delTX to process.
2019-10-05 16:24:36,486 [SCMBlockDeletingService#0] DEBUG block.SCMBlockDeletingService (SCMBlockDeletingService.java:call(138)) - Running DeletedBlockTransactionScanner
2019-10-05 16:24:36,486 [SCMBlockDeletingService#0] DEBUG block.SCMBlockDeletingService (SCMBlockDeletingService.java:call(155)) - Scanned deleted blocks log and got 0 delTX to process.
2019-10-05 16:24:36,587 [SCMBlockDeletingService#0] DEBUG block.SCMBlockDeletingService (SCMBlockDeletingService.java:call(138)) - Running DeletedBlockTransactionScanner
2019-10-05 16:24:36,587 [SCMBlockDeletingService#0] DEBUG block.SCMBlockDeletingService (SCMBlockDeletingService.java:call(155)) - Scanned deleted blocks log and got 0 delTX to process.
2019-10-05 16:24:36,687 [SCMBlockDeletingService#0] DEBUG block.SCMBlockDeletingService (SCMBlockDeletingService.java:call(138)) - Running DeletedBlockTransactionScanner
2019-10-05 16:24:36,688 [SCMBlockDeletingService#0] DEBUG block.SCMBlockDeletingService (SCMBlockDeletingService.java:call(155)) - Scanned deleted blocks log and got 0 delTX to process.
2019-10-05 16:24:36,788 [SCMBlockDeletingService#0] DEBUG block.SCMBlockDeletingService (SCMBlockDeletingService.java:call(138)) - Running DeletedBlockTransactionScanner
2019-10-05 16:24:36,788 [SCMBlockDeletingService#0] DEBUG block.SCMBlockDeletingService (SCMBlockDeletingService.java:call(155)) - Scanned deleted blocks log and got 0 delTX to process.
2019-10-05 16:24:36,889 [SCMBlockDeletingService#1] DEBUG block.SCMBlockDeletingService (SCMBlockDeletingService.java:call(138)) - Running DeletedBlockTransactionScanner
2019-10-05 16:24:36,889 [SCMBlockDeletingService#1] DEBUG block.SCMBlockDeletingService (SCMBlockDeletingService.java:call(155)) - Scanned deleted blocks log and got 0 delTX to process.
2019-10-05 16:24:36,989 [SCMBlockDeletingService#1] DEBUG block.SCMBlockDeletingService (SCMBlockDeletingService.java:call(138)) - Running DeletedBlockTransactionScanner
2019-10-05 16:24:36,990 [SCMBlockDeletingService#1] DEBUG block.SCMBlockDeletingService (SCMBlockDeletingService.java:call(155)) - Scanned deleted blocks log and got 0 delTX to process.
2019-10-05 16:24:37,090 [SCMBlockDeletingService#1] DEBUG block.SCMBlockDeletingService (SCMBlockDeletingService.java:call(138)) - Running DeletedBlockTransactionScanner
2019-10-05 16:24:37,090 [SCMBlockDeletingService#1] DEBUG block.SCMBlockDeletingService (SCMBlockDeletingService.java:call(155)) - Scanned deleted blocks log and got 0 delTX to process.
2019-10-05 16:24:37,191 [SCMBlockDeletingService#1] DEBUG block.SCMBlockDeletingService (SCMBlockDeletingService.java:call(138)) - Running DeletedBlockTransactionScanner
2019-10-05 16:24:37,191 [SCMBlockDeletingService#1] DEBUG block.SCMBlockDeletingService (SCMBlockDeletingService.java:call(155)) - Scanned deleted blocks log and got 0 delTX to process.
2019-10-05 16:24:37,291 [SCMBlockDeletingService#1] DEBUG block.SCMBlockDeletingService (SCMBlockDeletingService.java:call(138)) - Running DeletedBlockTransactionScanner
2019-10-05 16:24:37,291 [SCMBlockDeletingService#1] DEBUG block.SCMBlockDeletingService (SCMBlockDeletingService.java:call(155)) - Scanned deleted blocks log and got 0 delTX to process.
2019-10-05 16:24:37,410 [SCMBlockDeletingService#0] DEBUG block.SCMBlockDeletingService (SCMBlockDeletingService.java:call(138)) - Running DeletedBlockTransactionScanner
2019-10-05 16:24:37,410 [SCMBlockDeletingService#0] DEBUG block.SCMBlockDeletingService (SCMBlockDeletingService.java:call(155)) - Scanned deleted blocks log and got 0 delTX to process.
2019-10-05 16:24:37,510 [SCMBlockDeletingService#0] DEBUG block.SCMBlockDeletingService (SCMBlockDeletingService.java:call(138)) - Running DeletedBlockTransactionScanner
2019-10-05 16:24:37,511 [SCMBlockDeletingService#0] DEBUG block.SCMBlockDeletingService (SCMBlockDeletingService.java:call(155)) - Scanned deleted blocks log and got 0 delTX to process.
2019-10-05 16:24:37,611 [SCMBlockDeletingService#0] DEBUG block.SCMBlockDeletingService (SCMBlockDeletingService.java:call(138)) - Running DeletedBlockTransactionScanner
2019-10-05 16:24:37,611 [SCMBlockDeletingService#0] DEBUG block.SCMBlockDeletingService (SCMBlockDeletingService.java:call(155)) - Scanned deleted blocks log and got 0 delTX to process.
2019-10-05 16:24:37,712 [SCMBlockDeletingService#0] DEBUG block.SCMBlockDeletingService (SCMBlockDeletingService.java:call(138)) - Running DeletedBlockTransactionScanner
2019-10-05 16:24:37,712 [SCMBlockDeletingService#0] DEBUG block.SCMBlockDeletingService (SCMBlockDeletingService.java:call(155)) - Scanned deleted blocks log and got 0 delTX to process.
2019-10-05 16:24:37,813 [SCMBlockDeletingService#0] DEBUG block.SCMBlockDeletingService (SCMBlockDeletingService.java:call(138)) - Running DeletedBlockTransactionScanner
2019-10-05 16:24:37,813 [SCMBlockDeletingService#0] DEBUG block.SCMBlockDeletingService (SCMBlockDeletingService.java:call(155)) - Scanned deleted blocks log and got 0 delTX to process.
2019-10-05 16:24:37,913 [SCMBlockDeletingService#0] DEBUG block.SCMBlockDeletingService (SCMBlockDeletingService.java:call(138)) - Running DeletedBlockTransactionScanner
2019-10-05 16:24:37,914 [SCMBlockDeletingService#0] DEBUG block.SCMBlockDeletingService (SCMBlockDeletingService.java:call(155)) - Scanned deleted blocks log and got 0 delTX to process.
2019-10-05 16:24:38,014 [SCMBlockDeletingService#0] DEBUG block.SCMBlockDeletingService (SCMBlockDeletingService.java:call(138)) - Running DeletedBlockTransactionScanner
2019-10-05 16:24:38,014 [SCMBlockDeletingService#0] DEBUG block.SCMBlockDeletingService (SCMBlockDeletingService.java:call(155)) - Scanned deleted blocks log and got 0 delTX to process.
2019-10-05 16:24:38,115 [SCMBlockDeletingService#0] DEBUG block.SCMBlockDeletingService (SCMBlockDeletingService.java:call(138)) - Running DeletedBlockTransactionScanner
2019-10-05 16:24:38,115 [SCMBlockDeletingService#0] DEBUG block.SCMBlockDeletingService (SCMBlockDeletingService.java:call(155)) - Scanned deleted blocks log and got 0 delTX to process.
2019-10-05 16:24:38,215 [SCMBlockDeletingService#0] DEBUG block.SCMBlockDeletingService (SCMBlockDeletingService.java:call(138)) - Running DeletedBlockTransactionScanner
2019-10-05 16:24:38,215 [SCMBlockDeletingService#0] DEBUG block.SCMBlockDeletingService (SCMBlockDeletingService.java:call(155)) - Scanned deleted blocks log and got 0 delTX to process.
2019-10-05 16:24:38,316 [SCMBlockDeletingService#0] DEBUG block.SCMBlockDeletingService (SCMBlockDeletingService.java:call(138)) - Running DeletedBlockTransactionScanner
2019-10-05 16:24:38,316 [SCMBlockDeletingService#0] DEBUG block.SCMBlockDeletingService (SCMBlockDeletingService.java:call(155)) - Scanned deleted blocks log and got 0 delTX to process.
2019-10-05 16:24:38,416 [SCMBlockDeletingService#0] DEBUG block.SCMBlockDeletingService (SCMBlockDeletingService.java:call(138)) - Running DeletedBlockTransactionScanner
2019-10-05 16:24:38,417 [SCMBlockDeletingService#0] DEBUG block.SCMBlockDeletingService (SCMBlockDeletingService.java:call(155)) - Scanned deleted blocks log and got 0 delTX to process.
2019-10-05 16:24:38,517 [SCMBlockDeletingService#0] DEBUG block.SCMBlockDeletingService (SCMBlockDeletingService.java:call(138)) - Running DeletedBlockTransactionScanner
2019-10-05 16:24:38,518 [SCMBlockDeletingService#0] DEBUG block.SCMBlockDeletingService (SCMBlockDeletingService.java:call(155)) - Scanned deleted blocks log and got 0 delTX to process.
2019-10-05 16:24:38,618 [SCMBlockDeletingService#0] DEBUG block.SCMBlockDeletingService (SCMBlockDeletingService.java:call(138)) - Running DeletedBlockTransactionScanner
2019-10-05 16:24:38,618 [SCMBlockDeletingService#0] DEBUG block.SCMBlockDeletingService (SCMBlockDeletingService.java:call(155)) - Scanned deleted blocks log and got 0 delTX to process.
2019-10-05 16:24:38,719 [SCMBlockDeletingService#1] DEBUG block.SCMBlockDeletingService (SCMBlockDeletingService.java:call(138)) - Running DeletedBlockTransactionScanner
2019-10-05 16:24:38,719 [SCMBlockDeletingService#1] DEBUG block.SCMBlockDeletingService (SCMBlockDeletingService.java:call(155)) - Scanned deleted blocks log and got 0 delTX to process.
2019-10-05 16:24:38,819 [SCMBlockDeletingService#1] DEBUG block.SCMBlockDeletingService (SCMBlockDeletingService.java:call(138)) - Running DeletedBlockTransactionScanner
2019-10-05 16:24:38,820 [SCMBlockDeletingService#1] DEBUG block.SCMBlockDeletingService (SCMBlockDeletingService.java:call(155)) - Scanned deleted blocks log and got 0 delTX to process.
2019-10-05 16:24:38,920 [SCMBlockDeletingService#1] DEBUG block.SCMBlockDeletingService (SCMBlockDeletingService.java:call(138)) - Running DeletedBlockTransactionScanner
2019-10-05 16:24:38,920 [SCMBlockDeletingService#1] DEBUG block.SCMBlockDeletingService (SCMBlockDeletingService.java:call(155)) - Scanned deleted blocks log and got 0 delTX to process.
2019-10-05 16:24:39,021 [SCMBlockDeletingService#1] DEBUG block.SCMBlockDeletingService (SCMBlockDeletingService.java:call(138)) - Running DeletedBlockTransactionScanner
2019-10-05 16:24:39,021 [SCMBlockDeletingService#1] DEBUG block.SCMBlockDeletingService (SCMBlockDeletingService.java:call(155)) - Scanned deleted blocks log and got 0 delTX to process.
2019-10-05 16:24:39,127 [SCMBlockDeletingService#1] DEBUG block.SCMBlockDeletingService (SCMBlockDeletingService.java:call(138)) - Running DeletedBlockTransactionScanner
2019-10-05 16:24:39,128 [SCMBlockDeletingService#1] DEBUG block.SCMBlockDeletingService (SCMBlockDeletingService.java:call(155)) - Scanned deleted blocks log and got 0 delTX to process.
2019-10-05 16:24:39,228 [SCMBlockDeletingService#1] DEBUG block.SCMBlockDeletingService (SCMBlockDeletingService.java:call(138)) - Running DeletedBlockTransactionScanner
2019-10-05 16:24:39,228 [SCMBlockDeletingService#1] DEBUG block.SCMBlockDeletingService (SCMBlockDeletingService.java:call(155)) - Scanned deleted blocks log and got 0 delTX to process.
2019-10-05 16:24:39,328 [SCMBlockDeletingService#1] DEBUG block.SCMBlockDeletingService (SCMBlockDeletingService.java:call(138)) - Running DeletedBlockTransactionScanner
2019-10-05 16:24:39,329 [SCMBlockDeletingService#1] DEBUG block.SCMBlockDeletingService (SCMBlockDeletingService.java:call(155)) - Scanned deleted blocks log and got 0 delTX to process.
2019-10-05 16:24:39,429 [SCMBlockDeletingService#1] DEBUG block.SCMBlockDeletingService (SCMBlockDeletingService.java:call(138)) - Running DeletedBlockTransactionScanner
2019-10-05 16:24:39,429 [SCMBlockDeletingService#1] DEBUG block.SCMBlockDeletingService (SCMBlockDeletingService.java:call(155)) - Scanned deleted blocks log and got 0 delTX to process.
2019-10-05 16:24:39,529 [SCMBlockDeletingService#1] DEBUG block.SCMBlockDeletingService (SCMBlockDeletingService.java:call(138)) - Running DeletedBlockTransactionScanner
2019-10-05 16:24:39,530 [SCMBlockDeletingService#1] DEBUG block.SCMBlockDeletingService (SCMBlockDeletingService.java:call(155)) - Scanned deleted blocks log and got 0 delTX to process.
2019-10-05 16:24:39,630 [SCMBlockDeletingService#1] DEBUG block.SCMBlockDeletingService (SCMBlockDeletingService.java:call(138)) - Running DeletedBlockTransactionScanner
2019-10-05 16:24:39,631 [SCMBlockDeletingService#1] DEBUG block.SCMBlockDeletingService (SCMBlockDeletingService.java:call(155)) - Scanned deleted blocks log and got 0 delTX to process.
2019-10-05 16:24:39,731 [SCMBlockDeletingService#1] DEBUG block.SCMBlockDeletingService (SCMBlockDeletingService.java:call(138)) - Running DeletedBlockTransactionScanner
2019-10-05 16:24:39,731 [SCMBlockDeletingService#1] DEBUG block.SCMBlockDeletingService (SCMBlockDeletingService.java:call(155)) - Scanned deleted blocks log and got 0 delTX to process.
2019-10-05 16:24:39,831 [SCMBlockDeletingService#1] DEBUG block.SCMBlockDeletingService (SCMBlockDeletingService.java:call(138)) - Running DeletedBlockTransactionScanner
2019-10-05 16:24:39,832 [SCMBlockDeletingService#1] DEBUG block.SCMBlockDeletingService (SCMBlockDeletingService.java:call(155)) - Scanned deleted blocks log and got 0 delTX to process.
2019-10-05 16:24:39,961 [SCMBlockDeletingService#0] DEBUG block.SCMBlockDeletingService (SCMBlockDeletingService.java:call(138)) - Running DeletedBlockTransactionScanner
2019-10-05 16:24:39,962 [SCMBlockDeletingService#0] DEBUG block.SCMBlockDeletingService (SCMBlockDeletingService.java:call(155)) - Scanned deleted blocks log and got 0 delTX to process.
2019-10-05 16:24:40,062 [SCMBlockDeletingService#0] DEBUG block.SCMBlockDeletingService (SCMBlockDeletingService.java:call(138)) - Running DeletedBlockTransactionScanner
2019-10-05 16:24:40,062 [SCMBlockDeletingService#0] DEBUG block.SCMBlockDeletingService (SCMBlockDeletingService.java:call(155)) - Scanned deleted blocks log and got 0 delTX to process.
2019-10-05 16:24:40,163 [SCMBlockDeletingService#0] DEBUG block.SCMBlockDeletingService (SCMBlockDeletingService.java:call(138)) - Running DeletedBlockTransactionScanner
2019-10-05 16:24:40,163 [SCMBlockDeletingService#0] DEBUG block.SCMBlockDeletingService (SCMBlockDeletingService.java:call(155)) - Scanned deleted blocks log and got 0 delTX to process.
2019-10-05 16:24:40,263 [SCMBlockDeletingService#0] DEBUG block.SCMBlockDeletingService (SCMBlockDeletingService.java:call(138)) - Running DeletedBlockTransactionScanner
2019-10-05 16:24:40,264 [SCMBlockDeletingService#0] DEBUG block.SCMBlockDeletingService (SCMBlockDeletingService.java:call(155)) - Scanned deleted blocks log and got 0 delTX to process.
2019-10-05 16:24:40,364 [SCMBlockDeletingService#0] DEBUG block.SCMBlockDeletingService (SCMBlockDeletingService.java:call(138)) - Running DeletedBlockTransactionScanner
2019-10-05 16:24:40,364 [SCMBlockDeletingService#0] DEBUG block.SCMBlockDeletingService (SCMBlockDeletingService.java:call(155)) - Scanned deleted blocks log and got 0 delTX to process.
2019-10-05 16:24:40,465 [SCMBlockDeletingService#0] DEBUG block.SCMBlockDeletingService (SCMBlockDeletingService.java:call(138)) - Running DeletedBlockTransactionScanner
2019-10-05 16:24:40,465 [SCMBlockDeletingService#0] DEBUG block.SCMBlockDeletingService (SCMBlockDeletingService.java:call(155)) - Scanned deleted blocks log and got 0 delTX to process.
2019-10-05 16:24:40,565 [SCMBlockDeletingService#0] DEBUG block.SCMBlockDeletingService (SCMBlockDeletingService.java:call(138)) - Running DeletedBlockTransactionScanner
2019-10-05 16:24:40,566 [SCMBlockDeletingService#0] DEBUG block.SCMBlockDeletingService (SCMBlockDeletingService.java:call(155)) - Scanned deleted blocks log and got 0 delTX to process.
2019-10-05 16:24:40,666 [SCMBlockDeletingService#0] DEBUG block.SCMBlockDeletingService (SCMBlockDeletingService.java:call(138)) - Running DeletedBlockTransactionScanner
2019-10-05 16:24:40,666 [SCMBlockDeletingService#0] DEBUG block.SCMBlockDeletingService (SCMBlockDeletingService.java:call(155)) - Scanned deleted blocks log and got 0 delTX to process.
2019-10-05 16:24:40,769 [SCMBlockDeletingService#0] DEBUG block.SCMBlockDeletingService (SCMBlockDeletingService.java:call(138)) - Running DeletedBlockTransactionScanner
2019-10-05 16:24:40,770 [SCMBlockDeletingService#0] DEBUG block.SCMBlockDeletingService (SCMBlockDeletingService.java:call(155)) - Scanned deleted blocks log and got 0 delTX to process.
2019-10-05 16:24:40,870 [SCMBlockDeletingService#1] DEBUG block.SCMBlockDeletingService (SCMBlockDeletingService.java:call(138)) - Running DeletedBlockTransactionScanner
2019-10-05 16:24:40,870 [SCMBlockDeletingService#1] DEBUG block.SCMBlockDeletingService (SCMBlockDeletingService.java:call(155)) - Scanned deleted blocks log and got 0 delTX to process.
2019-10-05 16:24:40,970 [SCMBlockDeletingService#0] DEBUG block.SCMBlockDeletingService (SCMBlockDeletingService.java:call(138)) - Running DeletedBlockTransactionScanner
2019-10-05 16:24:40,971 [SCMBlockDeletingService#0] DEBUG block.SCMBlockDeletingService (SCMBlockDeletingService.java:call(155)) - Scanned deleted blocks log and got 0 delTX to process.
2019-10-05 16:24:41,071 [SCMBlockDeletingService#0] DEBUG block.SCMBlockDeletingService (SCMBlockDeletingService.java:call(138)) - Running DeletedBlockTransactionScanner
2019-10-05 16:24:41,071 [SCMBlockDeletingService#0] DEBUG block.SCMBlockDeletingService (SCMBlockDeletingService.java:call(155)) - Scanned deleted blocks log and got 0 delTX to process.
2019-10-05 16:24:41,171 [SCMBlockDeletingService#0] DEBUG block.SCMBlockDeletingService (SCMBlockDeletingService.java:call(138)) - Running DeletedBlockTransactionScanner
2019-10-05 16:24:41,172 [SCMBlockDeletingService#0] DEBUG block.SCMBlockDeletingService (SCMBlockDeletingService.java:call(155)) - Scanned deleted blocks log and got 0 delTX to process.
2019-10-05 16:24:41,272 [SCMBlockDeletingService#0] DEBUG block.SCMBlockDeletingService (SCMBlockDeletingService.java:call(138)) - Running DeletedBlockTransactionScanner
2019-10-05 16:24:41,272 [SCMBlockDeletingService#0] DEBUG block.SCMBlockDeletingService (SCMBlockDeletingService.java:call(155)) - Scanned deleted blocks log and got 0 delTX to process.
2019-10-05 16:24:41,372 [SCMBlockDeletingService#0] DEBUG block.SCMBlockDeletingService (SCMBlockDeletingService.java:call(138)) - Running DeletedBlockTransactionScanner
2019-10-05 16:24:41,373 [SCMBlockDeletingService#0] DEBUG block.SCMBlockDeletingService (SCMBlockDeletingService.java:call(155)) - Scanned deleted blocks log and got 0 delTX to process.
2019-10-05 16:24:41,473 [SCMBlockDeletingService#0] DEBUG block.SCMBlockDeletingService (SCMBlockDeletingService.java:call(138)) - Running DeletedBlockTransactionScanner
2019-10-05 16:24:41,473 [SCMBlockDeletingService#0] DEBUG block.SCMBlockDeletingService (SCMBlockDeletingService.java:call(155)) - Scanned deleted blocks log and got 0 delTX to process.
2019-10-05 16:24:41,573 [SCMBlockDeletingService#0] DEBUG block.SCMBlockDeletingService (SCMBlockDeletingService.java:call(138)) - Running DeletedBlockTransactionScanner
2019-10-05 16:24:41,574 [SCMBlockDeletingService#0] DEBUG block.SCMBlockDeletingService (SCMBlockDeletingService.java:call(155)) - Scanned deleted blocks log and got 0 delTX to process.
2019-10-05 16:24:41,674 [SCMBlockDeletingService#0] DEBUG block.SCMBlockDeletingService (SCMBlockDeletingService.java:call(138)) - Running DeletedBlockTransactionScanner
2019-10-05 16:24:41,674 [SCMBlockDeletingService#0] DEBUG block.SCMBlockDeletingService (SCMBlockDeletingService.java:call(155)) - Scanned deleted blocks log and got 0 delTX to process.
2019-10-05 16:24:41,775 [SCMBlockDeletingService#1] DEBUG block.SCMBlockDeletingService (SCMBlockDeletingService.java:call(138)) - Running DeletedBlockTransactionScanner
2019-10-05 16:24:41,775 [SCMBlockDeletingService#1] DEBUG block.SCMBlockDeletingService (SCMBlockDeletingService.java:call(155)) - Scanned deleted blocks log and got 0 delTX to process.
2019-10-05 16:24:41,875 [SCMBlockDeletingService#1] DEBUG block.SCMBlockDeletingService (SCMBlockDeletingService.java:call(138)) - Running DeletedBlockTransactionScanner
2019-10-05 16:24:41,876 [SCMBlockDeletingService#1] DEBUG block.SCMBlockDeletingService (SCMBlockDeletingService.java:call(155)) - Scanned deleted blocks log and got 0 delTX to process.
2019-10-05 16:24:41,976 [SCMBlockDeletingService#1] DEBUG block.SCMBlockDeletingService (SCMBlockDeletingService.java:call(138)) - Running DeletedBlockTransactionScanner
2019-10-05 16:24:41,976 [SCMBlockDeletingService#1] DEBUG block.SCMBlockDeletingService (SCMBlockDeletingService.java:call(155)) - Scanned deleted blocks log and got 0 delTX to process.
2019-10-05 16:24:42,076 [SCMBlockDeletingService#1] DEBUG block.SCMBlockDeletingService (SCMBlockDeletingService.java:call(138)) - Running DeletedBlockTransactionScanner
2019-10-05 16:24:42,077 [SCMBlockDeletingService#1] DEBUG block.SCMBlockDeletingService (SCMBlockDeletingService.java:call(155)) - Scanned deleted blocks log and got 0 delTX to process.
2019-10-05 16:24:42,177 [SCMBlockDeletingService#1] DEBUG block.SCMBlockDeletingService (SCMBlockDeletingService.java:call(138)) - Running DeletedBlockTransactionScanner
2019-10-05 16:24:42,177 [SCMBlockDeletingService#1] DEBUG block.SCMBlockDeletingService (SCMBlockDeletingService.java:call(155)) - Scanned deleted blocks log and got 0 delTX to process.
2019-10-05 16:24:42,293 [SCMBlockDeletingService#1] DEBUG block.SCMBlockDeletingService (SCMBlockDeletingService.java:call(138)) - Running DeletedBlockTransactionScanner
2019-10-05 16:24:42,294 [SCMBlockDeletingService#1] DEBUG block.SCMBlockDeletingService (SCMBlockDeletingService.java:call(155)) - Scanned deleted blocks log and got 0 delTX to process.
2019-10-05 16:24:42,394 [SCMBlockDeletingService#1] DEBUG block.SCMBlockDeletingService (SCMBlockDeletingService.java:call(138)) - Running DeletedBlockTransactionScanner
2019-10-05 16:24:42,394 [SCMBlockDeletingService#1] DEBUG block.SCMBlockDeletingService (SCMBlockDeletingService.java:call(155)) - Scanned deleted blocks log and got 0 delTX to process.
2019-10-05 16:24:42,495 [SCMBlockDeletingService#1] DEBUG block.SCMBlockDeletingService (SCMBlockDeletingService.java:call(138)) - Running DeletedBlockTransactionScanner
2019-10-05 16:24:42,495 [SCMBlockDeletingService#1] DEBUG block.SCMBlockDeletingService (SCMBlockDeletingService.java:call(155)) - Scanned deleted blocks log and got 0 delTX to process.
2019-10-05 16:24:42,595 [SCMBlockDeletingService#1] DEBUG block.SCMBlockDeletingService (SCMBlockDeletingService.java:call(138)) - Running DeletedBlockTransactionScanner
2019-10-05 16:24:42,596 [SCMBlockDeletingService#1] DEBUG block.SCMBlockDeletingService (SCMBlockDeletingService.java:call(155)) - Scanned deleted blocks log and got 0 delTX to process.
2019-10-05 16:24:42,696 [SCMBlockDeletingService#1] DEBUG block.SCMBlockDeletingService (SCMBlockDeletingService.java:call(138)) - Running DeletedBlockTransactionScanner
2019-10-05 16:24:42,696 [SCMBlockDeletingService#1] DEBUG block.SCMBlockDeletingService (SCMBlockDeletingService.java:call(155)) - Scanned deleted blocks log and got 0 delTX to process.
2019-10-05 16:24:42,797 [SCMBlockDeletingService#1] DEBUG block.SCMBlockDeletingService (SCMBlockDeletingService.java:call(138)) - Running DeletedBlockTransactionScanner
2019-10-05 16:24:42,797 [SCMBlockDeletingService#1] DEBUG block.SCMBlockDeletingService (SCMBlockDeletingService.java:call(155)) - Scanned deleted blocks log and got 0 delTX to process.
2019-10-05 16:24:42,897 [SCMBlockDeletingService#1] DEBUG block.SCMBlockDeletingService (SCMBlockDeletingService.java:call(138)) - Running DeletedBlockTransactionScanner
2019-10-05 16:24:42,898 [SCMBlockDeletingService#1] DEBUG block.SCMBlockDeletingService (SCMBlockDeletingService.java:call(155)) - Scanned deleted blocks log and got 0 delTX to process.
2019-10-05 16:24:42,998 [SCMBlockDeletingService#1] DEBUG block.SCMBlockDeletingService (SCMBlockDeletingService.java:call(138)) - Running DeletedBlockTransactionScanner
2019-10-05 16:24:42,998 [SCMBlockDeletingService#1] DEBUG block.SCMBlockDeletingService (SCMBlockDeletingService.java:call(155)) - Scanned deleted blocks log and got 0 delTX to process.
2019-10-05 16:24:43,099 [SCMBlockDeletingService#1] DEBUG block.SCMBlockDeletingService (SCMBlockDeletingService.java:call(138)) - Running DeletedBlockTransactionScanner
2019-10-05 16:24:43,099 [SCMBlockDeletingService#1] DEBUG block.SCMBlockDeletingService (SCMBlockDeletingService.java:call(155)) - Scanned deleted blocks log and got 0 delTX to process.
2019-10-05 16:24:43,282 [SCMBlockDeletingService#1] DEBUG block.SCMBlockDeletingService (SCMBlockDeletingService.java:call(138)) - Running DeletedBlockTransactionScanner
2019-10-05 16:24:43,283 [SCMBlockDeletingService#1] DEBUG block.SCMBlockDeletingService (SCMBlockDeletingService.java:call(155)) - Scanned deleted blocks log and got 0 delTX to process.
2019-10-05 16:24:43,383 [SCMBlockDeletingService#1] DEBUG block.SCMBlockDeletingService (SCMBlockDeletingService.java:call(138)) - Running DeletedBlockTransactionScanner
2019-10-05 16:24:43,383 [SCMBlockDeletingService#1] DEBUG block.SCMBlockDeletingService (SCMBlockDeletingService.java:call(155)) - Scanned deleted blocks log and got 0 delTX to process.
2019-10-05 16:24:43,484 [SCMBlockDeletingService#1] DEBUG block.SCMBlockDeletingService (SCMBlockDeletingService.java:call(138)) - Running DeletedBlockTransactionScanner
2019-10-05 16:24:43,484 [SCMBlockDeletingService#1] DEBUG block.SCMBlockDeletingService (SCMBlockDeletingService.java:call(155)) - Scanned deleted blocks log and got 0 delTX to process.
2019-10-05 16:24:43,584 [SCMBlockDeletingService#0] DEBUG block.SCMBlockDeletingService (SCMBlockDeletingService.java:call(138)) - Running DeletedBlockTransactionScanner
2019-10-05 16:24:43,584 [SCMBlockDeletingService#0] DEBUG block.SCMBlockDeletingService (SCMBlockDeletingService.java:call(155)) - Scanned deleted blocks log and got 0 delTX to process.
2019-10-05 16:24:43,685 [SCMBlockDeletingService#0] DEBUG block.SCMBlockDeletingService (SCMBlockDeletingService.java:call(138)) - Running DeletedBlockTransactionScanner
2019-10-05 16:24:43,685 [SCMBlockDeletingService#0] DEBUG block.SCMBlockDeletingService (SCMBlockDeletingService.java:call(155)) - Scanned deleted blocks log and got 0 delTX to process.
2019-10-05 16:24:43,785 [SCMBlockDeletingService#0] DEBUG block.SCMBlockDeletingService (SCMBlockDeletingService.java:call(138)) - Running DeletedBlockTransactionScanner
2019-10-05 16:24:43,786 [SCMBlockDeletingService#0] DEBUG block.SCMBlockDeletingService (SCMBlockDeletingService.java:call(155)) - Scanned deleted blocks log and got 0 delTX to process.
2019-10-05 16:24:43,886 [SCMBlockDeletingService#0] DEBUG block.SCMBlockDeletingService (SCMBlockDeletingService.java:call(138)) - Running DeletedBlockTransactionScanner
2019-10-05 16:24:43,886 [SCMBlockDeletingService#0] DEBUG block.SCMBlockDeletingService (SCMBlockDeletingService.java:call(155)) - Scanned deleted blocks log and got 0 delTX to process.
2019-10-05 16:24:43,989 [SCMBlockDeletingService#0] DEBUG block.SCMBlockDeletingService (SCMBlockDeletingService.java:call(138)) - Running DeletedBlockTransactionScanner
2019-10-05 16:24:43,990 [SCMBlockDeletingService#0] DEBUG block.SCMBlockDeletingService (SCMBlockDeletingService.java:call(155)) - Scanned deleted blocks log and got 0 delTX to process.
2019-10-05 16:24:44,090 [SCMBlockDeletingService#0] DEBUG block.SCMBlockDeletingService (SCMBlockDeletingService.java:call(138)) - Running DeletedBlockTransactionScanner
2019-10-05 16:24:44,090 [SCMBlockDeletingService#0] DEBUG block.SCMBlockDeletingService (SCMBlockDeletingService.java:call(155)) - Scanned deleted blocks log and got 0 delTX to process.
2019-10-05 16:24:44,535 [SCMBlockDeletingService#0] DEBUG block.SCMBlockDeletingService (SCMBlockDeletingService.java:call(138)) - Running DeletedBlockTransactionScanner
2019-10-05 16:24:44,535 [SCMBlockDeletingService#0] DEBUG block.SCMBlockDeletingService (SCMBlockDeletingService.java:call(155)) - Scanned deleted blocks log and got 0 delTX to process.
2019-10-05 16:24:44,636 [SCMBlockDeletingService#1] DEBUG block.SCMBlockDeletingService (SCMBlockDeletingService.java:call(138)) - Running DeletedBlockTransactionScanner
2019-10-05 16:24:44,636 [SCMBlockDeletingService#1] DEBUG block.SCMBlockDeletingService (SCMBlockDeletingService.java:call(155)) - Scanned deleted blocks log and got 0 delTX to process.
2019-10-05 16:24:44,736 [SCMBlockDeletingService#1] DEBUG block.SCMBlockDeletingService (SCMBlockDeletingService.java:call(138)) - Running DeletedBlockTransactionScanner
2019-10-05 16:24:44,737 [SCMBlockDeletingService#1] DEBUG block.SCMBlockDeletingService (SCMBlockDeletingService.java:call(155)) - Scanned deleted blocks log and got 0 delTX to process.
2019-10-05 16:24:44,837 [SCMBlockDeletingService#1] DEBUG block.SCMBlockDeletingService (SCMBlockDeletingService.java:call(138)) - Running DeletedBlockTransactionScanner
2019-10-05 16:24:44,838 [SCMBlockDeletingService#1] DEBUG block.SCMBlockDeletingService (SCMBlockDeletingService.java:call(155)) - Scanned deleted blocks log and got 0 delTX to process.
2019-10-05 16:24:44,938 [SCMBlockDeletingService#1] DEBUG block.SCMBlockDeletingService (SCMBlockDeletingService.java:call(138)) - Running DeletedBlockTransactionScanner
2019-10-05 16:24:44,938 [SCMBlockDeletingService#1] DEBUG block.SCMBlockDeletingService (SCMBlockDeletingService.java:call(155)) - Scanned deleted blocks log and got 0 delTX to process.
2019-10-05 16:24:45,039 [SCMBlockDeletingService#1] DEBUG block.SCMBlockDeletingService (SCMBlockDeletingService.java:call(138)) - Running DeletedBlockTransactionScanner
2019-10-05 16:24:45,039 [SCMBlockDeletingService#1] DEBUG block.SCMBlockDeletingService (SCMBlockDeletingService.java:call(155)) - Scanned deleted blocks log and got 0 delTX to process.
2019-10-05 16:24:45,139 [SCMBlockDeletingService#1] DEBUG block.SCMBlockDeletingService (SCMBlockDeletingService.java:call(138)) - Running DeletedBlockTransactionScanner
2019-10-05 16:24:45,140 [SCMBlockDeletingService#1] DEBUG block.SCMBlockDeletingService (SCMBlockDeletingService.java:call(155)) - Scanned deleted blocks log and got 0 delTX to process.
2019-10-05 16:24:45,240 [SCMBlockDeletingService#1] DEBUG block.SCMBlockDeletingService (SCMBlockDeletingService.java:call(138)) - Running DeletedBlockTransactionScanner
2019-10-05 16:24:45,240 [SCMBlockDeletingService#1] DEBUG block.SCMBlockDeletingService (SCMBlockDeletingService.java:call(155)) - Scanned deleted blocks log and got 0 delTX to process.
2019-10-05 16:24:45,341 [SCMBlockDeletingService#1] DEBUG block.SCMBlockDeletingService (SCMBlockDeletingService.java:call(138)) - Running DeletedBlockTransactionScanner
2019-10-05 16:24:45,341 [SCMBlockDeletingService#1] DEBUG block.SCMBlockDeletingService (SCMBlockDeletingService.java:call(155)) - Scanned deleted blocks log and got 0 delTX to process.
2019-10-05 16:24:45,542 [SCMBlockDeletingService#1] DEBUG block.SCMBlockDeletingService (SCMBlockDeletingService.java:call(138)) - Running DeletedBlockTransactionScanner
2019-10-05 16:24:45,542 [SCMBlockDeletingService#1] DEBUG block.SCMBlockDeletingService (SCMBlockDeletingService.java:call(155)) - Scanned deleted blocks log and got 0 delTX to process.
2019-10-05 16:24:45,642 [SCMBlockDeletingService#1] DEBUG block.SCMBlockDeletingService (SCMBlockDeletingService.java:call(138)) - Running DeletedBlockTransactionScanner
2019-10-05 16:24:45,643 [SCMBlockDeletingService#1] DEBUG block.SCMBlockDeletingService (SCMBlockDeletingService.java:call(155)) - Scanned deleted blocks log and got 0 delTX to process.
2019-10-05 16:24:45,743 [SCMBlockDeletingService#1] DEBUG block.SCMBlockDeletingService (SCMBlockDeletingService.java:call(138)) - Running DeletedBlockTransactionScanner
2019-10-05 16:24:45,744 [SCMBlockDeletingService#1] DEBUG block.SCMBlockDeletingService (SCMBlockDeletingService.java:call(155)) - Scanned deleted blocks log and got 0 delTX to process.
2019-10-05 16:24:45,844 [SCMBlockDeletingService#0] DEBUG block.SCMBlockDeletingService (SCMBlockDeletingService.java:call(138)) - Running DeletedBlockTransactionScanner
2019-10-05 16:24:45,845 [SCMBlockDeletingService#0] DEBUG block.SCMBlockDeletingService (SCMBlockDeletingService.java:call(155)) - Scanned deleted blocks log and got 0 delTX to process.
2019-10-05 16:24:45,945 [SCMBlockDeletingService#0] DEBUG block.SCMBlockDeletingService (SCMBlockDeletingService.java:call(138)) - Running DeletedBlockTransactionScanner
2019-10-05 16:24:45,945 [SCMBlockDeletingService#0] DEBUG block.SCMBlockDeletingService (SCMBlockDeletingService.java:call(155)) - Scanned deleted blocks log and got 0 delTX to process.
2019-10-05 16:24:46,046 [SCMBlockDeletingService#0] DEBUG block.SCMBlockDeletingService (SCMBlockDeletingService.java:call(138)) - Running DeletedBlockTransactionScanner
2019-10-05 16:24:46,046 [SCMBlockDeletingService#0] DEBUG block.SCMBlockDeletingService (SCMBlockDeletingService.java:call(155)) - Scanned deleted blocks log and got 0 delTX to process.
2019-10-05 16:24:46,147 [SCMBlockDeletingService#0] DEBUG block.SCMBlockDeletingService (SCMBlockDeletingService.java:call(138)) - Running DeletedBlockTransactionScanner
2019-10-05 16:24:46,147 [SCMBlockDeletingService#0] DEBUG block.SCMBlockDeletingService (SCMBlockDeletingService.java:call(155)) - Scanned deleted blocks log and got 0 delTX to process.
2019-10-05 16:24:46,247 [SCMBlockDeletingService#0] DEBUG block.SCMBlockDeletingService (SCMBlockDeletingService.java:call(138)) - Running DeletedBlockTransactionScanner
2019-10-05 16:24:46,248 [SCMBlockDeletingService#0] DEBUG block.SCMBlockDeletingService (SCMBlockDeletingService.java:call(155)) - Scanned deleted blocks log and got 0 delTX to process.
2019-10-05 16:24:46,349 [SCMBlockDeletingService#0] DEBUG block.SCMBlockDeletingService (SCMBlockDeletingService.java:call(138)) - Running DeletedBlockTransactionScanner
2019-10-05 16:24:46,349 [SCMBlockDeletingService#0] DEBUG block.SCMBlockDeletingService (SCMBlockDeletingService.java:call(155)) - Scanned deleted blocks log and got 0 delTX to process.
2019-10-05 16:24:46,449 [SCMBlockDeletingService#0] DEBUG block.SCMBlockDeletingService (SCMBlockDeletingService.java:call(138)) - Running DeletedBlockTransactionScanner
2019-10-05 16:24:46,450 [SCMBlockDeletingService#0] DEBUG block.SCMBlockDeletingService (SCMBlockDeletingService.java:call(155)) - Scanned deleted blocks log and got 0 delTX to process.
2019-10-05 16:24:46,550 [SCMBlockDeletingService#0] DEBUG block.SCMBlockDeletingService (SCMBlockDeletingService.java:call(138)) - Running DeletedBlockTransactionScanner
2019-10-05 16:24:46,550 [SCMBlockDeletingService#0] DEBUG block.SCMBlockDeletingService (SCMBlockDeletingService.java:call(155)) - Scanned deleted blocks log and got 0 delTX to process.
2019-10-05 16:24:46,651 [SCMBlockDeletingService#0] DEBUG block.SCMBlockDeletingService (SCMBlockDeletingService.java:call(138)) - Running DeletedBlockTransactionScanner
2019-10-05 16:24:46,651 [SCMBlockDeletingService#0] DEBUG block.SCMBlockDeletingService (SCMBlockDeletingService.java:call(155)) - Scanned deleted blocks log and got 0 delTX to process.
2019-10-05 16:24:46,752 [SCMBlockDeletingService#0] DEBUG block.SCMBlockDeletingService (SCMBlockDeletingService.java:call(138)) - Running DeletedBlockTransactionScanner
2019-10-05 16:24:46,752 [SCMBlockDeletingService#0] DEBUG block.SCMBlockDeletingService (SCMBlockDeletingService.java:call(155)) - Scanned deleted blocks log and got 0 delTX to process.
2019-10-05 16:24:46,988 [SCMBlockDeletingService#0] DEBUG block.SCMBlockDeletingService (SCMBlockDeletingService.java:call(138)) - Running DeletedBlockTransactionScanner
2019-10-05 16:24:46,988 [SCMBlockDeletingService#0] DEBUG block.SCMBlockDeletingService (SCMBlockDeletingService.java:call(155)) - Scanned deleted blocks log and got 0 delTX to process.
2019-10-05 16:24:47,089 [SCMBlockDeletingService#0] DEBUG block.SCMBlockDeletingService (SCMBlockDeletingService.java:call(138)) - Running DeletedBlockTransactionScanner
2019-10-05 16:24:47,089 [SCMBlockDeletingService#0] DEBUG block.SCMBlockDeletingService (SCMBlockDeletingService.java:call(155)) - Scanned deleted blocks log and got 0 delTX to process.
2019-10-05 16:24:47,190 [SCMBlockDeletingService#0] DEBUG block.SCMBlockDeletingService (SCMBlockDeletingService.java:call(138)) - Running DeletedBlockTransactionScanner
2019-10-05 16:24:47,190 [SCMBlockDeletingService#0] DEBUG block.SCMBlockDeletingService (SCMBlockDeletingService.java:call(155)) - Scanned deleted blocks log and got 0 delTX to process.
2019-10-05 16:24:47,290 [SCMBlockDeletingService#0] DEBUG block.SCMBlockDeletingService (SCMBlockDeletingService.java:call(138)) - Running DeletedBlockTransactionScanner
2019-10-05 16:24:47,290 [SCMBlockDeletingService#0] DEBUG block.SCMBlockDeletingService (SCMBlockDeletingService.java:call(155)) - Scanned deleted blocks log and got 0 delTX to process.
2019-10-05 16:24:47,391 [SCMBlockDeletingService#0] DEBUG block.SCMBlockDeletingService (SCMBlockDeletingService.java:call(138)) - Running DeletedBlockTransactionScanner
2019-10-05 16:24:47,391 [SCMBlockDeletingService#0] DEBUG block.SCMBlockDeletingService (SCMBlockDeletingService.java:call(155)) - Scanned deleted blocks log and got 0 delTX to process.
2019-10-05 16:24:47,491 [SCMBlockDeletingService#0] DEBUG block.SCMBlockDeletingService (SCMBlockDeletingService.java:call(138)) - Running DeletedBlockTransactionScanner
2019-10-05 16:24:47,492 [SCMBlockDeletingService#0] DEBUG block.SCMBlockDeletingService (SCMBlockDeletingService.java:call(155)) - Scanned deleted blocks log and got 0 delTX to process.
2019-10-05 16:24:47,592 [SCMBlockDeletingService#0] DEBUG block.SCMBlockDeletingService (SCMBlockDeletingService.java:call(138)) - Running DeletedBlockTransactionScanner
2019-10-05 16:24:47,592 [SCMBlockDeletingService#0] DEBUG block.SCMBlockDeletingService (SCMBlockDeletingService.java:call(155)) - Scanned deleted blocks log and got 0 delTX to process.
2019-10-05 16:24:47,692 [SCMBlockDeletingService#0] DEBUG block.SCMBlockDeletingService (SCMBlockDeletingService.java:call(138)) - Running DeletedBlockTransactionScanner
2019-10-05 16:24:47,693 [SCMBlockDeletingService#0] DEBUG block.SCMBlockDeletingService (SCMBlockDeletingService.java:call(155)) - Scanned deleted blocks log and got 0 delTX to process.
2019-10-05 16:24:47,793 [SCMBlockDeletingService#0] DEBUG block.SCMBlockDeletingService (SCMBlockDeletingService.java:call(138)) - Running DeletedBlockTransactionScanner
2019-10-05 16:24:47,794 [SCMBlockDeletingService#0] DEBUG block.SCMBlockDeletingService (SCMBlockDeletingService.java:call(155)) - Scanned deleted blocks log and got 0 delTX to process.
2019-10-05 16:24:47,894 [SCMBlockDeletingService#0] DEBUG block.SCMBlockDeletingService (SCMBlockDeletingService.java:call(138)) - Running DeletedBlockTransactionScanner
2019-10-05 16:24:47,894 [SCMBlockDeletingService#0] DEBUG block.SCMBlockDeletingService (SCMBlockDeletingService.java:call(155)) - Scanned deleted blocks log and got 0 delTX to process.
2019-10-05 16:24:47,995 [SCMBlockDeletingService#0] DEBUG block.SCMBlockDeletingService (SCMBlockDeletingService.java:call(138)) - Running DeletedBlockTransactionScanner
2019-10-05 16:24:47,995 [SCMBlockDeletingService#0] DEBUG block.SCMBlockDeletingService (SCMBlockDeletingService.java:call(155)) - Scanned deleted blocks log and got 0 delTX to process.
2019-10-05 16:24:48,095 [SCMBlockDeletingService#0] DEBUG block.SCMBlockDeletingService (SCMBlockDeletingService.java:call(138)) - Running DeletedBlockTransactionScanner
2019-10-05 16:24:48,096 [SCMBlockDeletingService#0] DEBUG block.SCMBlockDeletingService (SCMBlockDeletingService.java:call(155)) - Scanned deleted blocks log and got 0 delTX to process.
2019-10-05 16:24:48,196 [SCMBlockDeletingService#0] DEBUG block.SCMBlockDeletingService (SCMBlockDeletingService.java:call(138)) - Running DeletedBlockTransactionScanner
2019-10-05 16:24:48,196 [SCMBlockDeletingService#0] DEBUG block.SCMBlockDeletingService (SCMBlockDeletingService.java:call(155)) - Scanned deleted blocks log and got 0 delTX to process.
2019-10-05 16:24:48,296 [SCMBlockDeletingService#0] DEBUG block.SCMBlockDeletingService (SCMBlockDeletingService.java:call(138)) - Running DeletedBlockTransactionScanner
2019-10-05 16:24:48,297 [SCMBlockDeletingService#0] DEBUG block.SCMBlockDeletingService (SCMBlockDeletingService.java:call(155)) - Scanned deleted blocks log and got 0 delTX to process.
2019-10-05 16:24:48,397 [SCMBlockDeletingService#0] DEBUG block.SCMBlockDeletingService (SCMBlockDeletingService.java:call(138)) - Running DeletedBlockTransactionScanner
2019-10-05 16:24:48,397 [SCMBlockDeletingService#0] DEBUG block.SCMBlockDeletingService (SCMBlockDeletingService.java:call(155)) - Scanned deleted blocks log and got 0 delTX to process.
2019-10-05 16:24:48,497 [SCMBlockDeletingService#0] DEBUG block.SCMBlockDeletingService (SCMBlockDeletingService.java:call(138)) - Running DeletedBlockTransactionScanner
2019-10-05 16:24:48,497 [SCMBlockDeletingService#0] DEBUG block.SCMBlockDeletingService (SCMBlockDeletingService.java:call(155)) - Scanned deleted blocks log and got 0 delTX to process.
2019-10-05 16:24:48,598 [SCMBlockDeletingService#0] DEBUG block.SCMBlockDeletingService (SCMBlockDeletingService.java:call(138)) - Running DeletedBlockTransactionScanner
2019-10-05 16:24:48,598 [SCMBlockDeletingService#0] DEBUG block.SCMBlockDeletingService (SCMBlockDeletingService.java:call(155)) - Scanned deleted blocks log and got 0 delTX to process.
2019-10-05 16:24:48,698 [SCMBlockDeletingService#0] DEBUG block.SCMBlockDeletingService (SCMBlockDeletingService.java:call(138)) - Running DeletedBlockTransactionScanner
2019-10-05 16:24:48,699 [SCMBlockDeletingService#0] DEBUG block.SCMBlockDeletingService (SCMBlockDeletingService.java:call(155)) - Scanned deleted blocks log and got 0 delTX to process.
2019-10-05 16:24:48,799 [SCMBlockDeletingService#0] DEBUG block.SCMBlockDeletingService (SCMBlockDeletingService.java:call(138)) - Running DeletedBlockTransactionScanner
2019-10-05 16:24:48,799 [SCMBlockDeletingService#0] DEBUG block.SCMBlockDeletingService (SCMBlockDeletingService.java:call(155)) - Scanned deleted blocks log and got 0 delTX to process.
2019-10-05 16:24:48,900 [SCMBlockDeletingService#0] DEBUG block.SCMBlockDeletingService (SCMBlockDeletingService.java:call(138)) - Running DeletedBlockTransactionScanner
2019-10-05 16:24:48,900 [SCMBlockDeletingService#0] DEBUG block.SCMBlockDeletingService (SCMBlockDeletingService.java:call(155)) - Scanned deleted blocks log and got 0 delTX to process.
2019-10-05 16:24:49,000 [SCMBlockDeletingService#0] DEBUG block.SCMBlockDeletingService (SCMBlockDeletingService.java:call(138)) - Running DeletedBlockTransactionScanner
2019-10-05 16:24:49,001 [SCMBlockDeletingService#0] DEBUG block.SCMBlockDeletingService (SCMBlockDeletingService.java:call(155)) - Scanned deleted blocks log and got 0 delTX to process.
2019-10-05 16:24:49,101 [SCMBlockDeletingService#0] DEBUG block.SCMBlockDeletingService (SCMBlockDeletingService.java:call(138)) - Running DeletedBlockTransactionScanner
2019-10-05 16:24:49,102 [SCMBlockDeletingService#0] DEBUG block.SCMBlockDeletingService (SCMBlockDeletingService.java:call(155)) - Scanned deleted blocks log and got 0 delTX to process.
2019-10-05 16:24:49,202 [SCMBlockDeletingService#0] DEBUG block.SCMBlockDeletingService (SCMBlockDeletingService.java:call(138)) - Running DeletedBlockTransactionScanner
2019-10-05 16:24:49,202 [SCMBlockDeletingService#0] DEBUG block.SCMBlockDeletingService (SCMBlockDeletingService.java:call(155)) - Scanned deleted blocks log and got 0 delTX to process.
2019-10-05 16:24:49,303 [SCMBlockDeletingService#0] DEBUG block.SCMBlockDeletingService (SCMBlockDeletingService.java:call(138)) - Running DeletedBlockTransactionScanner
2019-10-05 16:24:49,303 [SCMBlockDeletingService#0] DEBUG block.SCMBlockDeletingService (SCMBlockDeletingService.java:call(155)) - Scanned deleted blocks log and got 0 delTX to process.
2019-10-05 16:24:49,403 [SCMBlockDeletingService#1] DEBUG block.SCMBlockDeletingService (SCMBlockDeletingService.java:call(138)) - Running DeletedBlockTransactionScanner
2019-10-05 16:24:49,403 [SCMBlockDeletingService#1] DEBUG block.SCMBlockDeletingService (SCMBlockDeletingService.java:call(155)) - Scanned deleted blocks log and got 0 delTX to process.
2019-10-05 16:24:49,504 [SCMBlockDeletingService#1] DEBUG block.SCMBlockDeletingService (SCMBlockDeletingService.java:call(138)) - Running DeletedBlockTransactionScanner
2019-10-05 16:24:49,504 [SCMBlockDeletingService#1] DEBUG block.SCMBlockDeletingService (SCMBlockDeletingService.java:call(155)) - Scanned deleted blocks log and got 0 delTX to process.
2019-10-05 16:24:49,605 [SCMBlockDeletingService#1] DEBUG block.SCMBlockDeletingService (SCMBlockDeletingService.java:call(138)) - Running DeletedBlockTransactionScanner
2019-10-05 16:24:49,605 [SCMBlockDeletingService#1] DEBUG block.SCMBlockDeletingService (SCMBlockDeletingService.java:call(155)) - Scanned deleted blocks log and got 0 delTX to process.
2019-10-05 16:24:49,705 [SCMBlockDeletingService#1] DEBUG block.SCMBlockDeletingService (SCMBlockDeletingService.java:call(138)) - Running DeletedBlockTransactionScanner
2019-10-05 16:24:49,706 [SCMBlockDeletingService#1] DEBUG block.SCMBlockDeletingService (SCMBlockDeletingService.java:call(155)) - Scanned deleted blocks log and got 0 delTX to process.
2019-10-05 16:24:49,922 [SCMBlockDeletingService#1] DEBUG block.SCMBlockDeletingService (SCMBlockDeletingService.java:call(138)) - Running DeletedBlockTransactionScanner
2019-10-05 16:24:49,923 [SCMBlockDeletingService#1] DEBUG block.SCMBlockDeletingService (SCMBlockDeletingService.java:call(155)) - Scanned deleted blocks log and got 0 delTX to process.
2019-10-05 16:24:50,024 [SCMBlockDeletingService#0] DEBUG block.SCMBlockDeletingService (SCMBlockDeletingService.java:call(138)) - Running DeletedBlockTransactionScanner
2019-10-05 16:24:50,024 [SCMBlockDeletingService#0] DEBUG block.SCMBlockDeletingService (SCMBlockDeletingService.java:call(155)) - Scanned deleted blocks log and got 0 delTX to process.
2019-10-05 16:24:50,125 [SCMBlockDeletingService#0] DEBUG block.SCMBlockDeletingService (SCMBlockDeletingService.java:call(138)) - Running DeletedBlockTransactionScanner
2019-10-05 16:24:50,125 [SCMBlockDeletingService#0] DEBUG block.SCMBlockDeletingService (SCMBlockDeletingService.java:call(155)) - Scanned deleted blocks log and got 0 delTX to process.
2019-10-05 16:24:50,225 [SCMBlockDeletingService#0] DEBUG block.SCMBlockDeletingService (SCMBlockDeletingService.java:call(138)) - Running DeletedBlockTransactionScanner
2019-10-05 16:24:50,226 [SCMBlockDeletingService#0] DEBUG block.SCMBlockDeletingService (SCMBlockDeletingService.java:call(155)) - Scanned deleted blocks log and got 0 delTX to process.
2019-10-05 16:24:50,326 [SCMBlockDeletingService#0] DEBUG block.SCMBlockDeletingService (SCMBlockDeletingService.java:call(138)) - Running DeletedBlockTransactionScanner
2019-10-05 16:24:50,326 [SCMBlockDeletingService#0] DEBUG block.SCMBlockDeletingService (SCMBlockDeletingService.java:call(155)) - Scanned deleted blocks log and got 0 delTX to process.
2019-10-05 16:24:50,427 [SCMBlockDeletingService#0] DEBUG block.SCMBlockDeletingService (SCMBlockDeletingService.java:call(138)) - Running DeletedBlockTransactionScanner
2019-10-05 16:24:50,427 [SCMBlockDeletingService#0] DEBUG block.SCMBlockDeletingService (SCMBlockDeletingService.java:call(155)) - Scanned deleted blocks log and got 0 delTX to process.
2019-10-05 16:24:50,528 [SCMBlockDeletingService#0] DEBUG block.SCMBlockDeletingService (SCMBlockDeletingService.java:call(138)) - Running DeletedBlockTransactionScanner
2019-10-05 16:24:50,528 [SCMBlockDeletingService#0] DEBUG block.SCMBlockDeletingService (SCMBlockDeletingService.java:call(155)) - Scanned deleted blocks log and got 0 delTX to process.
2019-10-05 16:24:50,628 [SCMBlockDeletingService#0] DEBUG block.SCMBlockDeletingService (SCMBlockDeletingService.java:call(138)) - Running DeletedBlockTransactionScanner
2019-10-05 16:24:50,629 [SCMBlockDeletingService#0] DEBUG block.SCMBlockDeletingService (SCMBlockDeletingService.java:call(155)) - Scanned deleted blocks log and got 0 delTX to process.
2019-10-05 16:24:50,729 [SCMBlockDeletingService#0] DEBUG block.SCMBlockDeletingService (SCMBlockDeletingService.java:call(138)) - Running DeletedBlockTransactionScanner
2019-10-05 16:24:50,729 [SCMBlockDeletingService#0] DEBUG block.SCMBlockDeletingService (SCMBlockDeletingService.java:call(155)) - Scanned deleted blocks log and got 0 delTX to process.
2019-10-05 16:24:50,906 [SCMBlockDeletingService#0] DEBUG block.SCMBlockDeletingService (SCMBlockDeletingService.java:call(138)) - Running DeletedBlockTransactionScanner
2019-10-05 16:24:50,907 [SCMBlockDeletingService#0] DEBUG block.SCMBlockDeletingService (SCMBlockDeletingService.java:call(155)) - Scanned deleted blocks log and got 0 delTX to process.
2019-10-05 16:24:51,007 [SCMBlockDeletingService#0] DEBUG block.SCMBlockDeletingService (SCMBlockDeletingService.java:call(138)) - Running DeletedBlockTransactionScanner
2019-10-05 16:24:51,007 [SCMBlockDeletingService#0] DEBUG block.SCMBlockDeletingService (SCMBlockDeletingService.java:call(155)) - Scanned deleted blocks log and got 0 delTX to process.
2019-10-05 16:24:51,108 [SCMBlockDeletingService#0] DEBUG block.SCMBlockDeletingService (SCMBlockDeletingService.java:call(138)) - Running DeletedBlockTransactionScanner
2019-10-05 16:24:51,108 [SCMBlockDeletingService#0] DEBUG block.SCMBlockDeletingService (SCMBlockDeletingService.java:call(155)) - Scanned deleted blocks log and got 0 delTX to process.
2019-10-05 16:24:51,208 [SCMBlockDeletingService#0] DEBUG block.SCMBlockDeletingService (SCMBlockDeletingService.java:call(138)) - Running DeletedBlockTransactionScanner
2019-10-05 16:24:51,208 [SCMBlockDeletingService#0] DEBUG block.SCMBlockDeletingService (SCMBlockDeletingService.java:call(155)) - Scanned deleted blocks log and got 0 delTX to process.
2019-10-05 16:24:51,309 [SCMBlockDeletingService#0] DEBUG block.SCMBlockDeletingService (SCMBlockDeletingService.java:call(138)) - Running DeletedBlockTransactionScanner
2019-10-05 16:24:51,309 [SCMBlockDeletingService#0] DEBUG block.SCMBlockDeletingService (SCMBlockDeletingService.java:call(155)) - Scanned deleted blocks log and got 0 delTX to process.
2019-10-05 16:24:51,409 [SCMBlockDeletingService#0] DEBUG block.SCMBlockDeletingService (SCMBlockDeletingService.java:call(138)) - Running DeletedBlockTransactionScanner
2019-10-05 16:24:51,410 [SCMBlockDeletingService#0] DEBUG block.SCMBlockDeletingService (SCMBlockDeletingService.java:call(155)) - Scanned deleted blocks log and got 0 delTX to process.
2019-10-05 16:24:51,510 [SCMBlockDeletingService#0] DEBUG block.SCMBlockDeletingService (SCMBlockDeletingService.java:call(138)) - Running DeletedBlockTransactionScanner
2019-10-05 16:24:51,511 [SCMBlockDeletingService#0] DEBUG block.SCMBlockDeletingService (SCMBlockDeletingService.java:call(155)) - Scanned deleted blocks log and got 0 delTX to process.
2019-10-05 16:24:51,611 [SCMBlockDeletingService#0] DEBUG block.SCMBlockDeletingService (SCMBlockDeletingService.java:call(138)) - Running DeletedBlockTransactionScanner
2019-10-05 16:24:51,611 [SCMBlockDeletingService#0] DEBUG block.SCMBlockDeletingService (SCMBlockDeletingService.java:call(155)) - Scanned deleted blocks log and got 0 delTX to process.
2019-10-05 16:24:51,712 [SCMBlockDeletingService#0] DEBUG block.SCMBlockDeletingService (SCMBlockDeletingService.java:call(138)) - Running DeletedBlockTransactionScanner
2019-10-05 16:24:51,713 [SCMBlockDeletingService#0] DEBUG block.SCMBlockDeletingService (SCMBlockDeletingService.java:call(155)) - Scanned deleted blocks log and got 0 delTX to process.
2019-10-05 16:24:51,813 [SCMBlockDeletingService#0] DEBUG block.SCMBlockDeletingService (SCMBlockDeletingService.java:call(138)) - Running DeletedBlockTransactionScanner
2019-10-05 16:24:51,813 [SCMBlockDeletingService#0] DEBUG block.SCMBlockDeletingService (SCMBlockDeletingService.java:call(155)) - Scanned deleted blocks log and got 0 delTX to process.
2019-10-05 16:24:51,952 [SCMBlockDeletingService#0] DEBUG block.SCMBlockDeletingService (SCMBlockDeletingService.java:call(138)) - Running DeletedBlockTransactionScanner
2019-10-05 16:24:51,953 [SCMBlockDeletingService#0] DEBUG block.SCMBlockDeletingService (SCMBlockDeletingService.java:call(155)) - Scanned deleted blocks log and got 0 delTX to process.
2019-10-05 16:24:52,053 [SCMBlockDeletingService#0] DEBUG block.SCMBlockDeletingService (SCMBlockDeletingService.java:call(138)) - Running DeletedBlockTransactionScanner
2019-10-05 16:24:52,053 [SCMBlockDeletingService#0] DEBUG block.SCMBlockDeletingService (SCMBlockDeletingService.java:call(155)) - Scanned deleted blocks log and got 0 delTX to process.
2019-10-05 16:24:52,154 [SCMBlockDeletingService#0] DEBUG block.SCMBlockDeletingService (SCMBlockDeletingService.java:call(138)) - Running DeletedBlockTransactionScanner
2019-10-05 16:24:52,154 [SCMBlockDeletingService#0] DEBUG block.SCMBlockDeletingService (SCMBlockDeletingService.java:call(155)) - Scanned deleted blocks log and got 0 delTX to process.
2019-10-05 16:24:52,255 [SCMBlockDeletingService#0] DEBUG block.SCMBlockDeletingService (SCMBlockDeletingService.java:call(138)) - Running DeletedBlockTransactionScanner
2019-10-05 16:24:52,255 [SCMBlockDeletingService#0] DEBUG block.SCMBlockDeletingService (SCMBlockDeletingService.java:call(155)) - Scanned deleted blocks log and got 0 delTX to process.
2019-10-05 16:24:52,355 [SCMBlockDeletingService#0] DEBUG block.SCMBlockDeletingService (SCMBlockDeletingService.java:call(138)) - Running DeletedBlockTransactionScanner
2019-10-05 16:24:52,355 [SCMBlockDeletingService#0] DEBUG block.SCMBlockDeletingService (SCMBlockDeletingService.java:call(155)) - Scanned deleted blocks log and got 0 delTX to process.
2019-10-05 16:24:52,456 [SCMBlockDeletingService#0] DEBUG block.SCMBlockDeletingService (SCMBlockDeletingService.java:call(138)) - Running DeletedBlockTransactionScanner
2019-10-05 16:24:52,456 [SCMBlockDeletingService#0] DEBUG block.SCMBlockDeletingService (SCMBlockDeletingService.java:call(155)) - Scanned deleted blocks log and got 0 delTX to process.
2019-10-05 16:24:52,556 [SCMBlockDeletingService#0] DEBUG block.SCMBlockDeletingService (SCMBlockDeletingService.java:call(138)) - Running DeletedBlockTransactionScanner
2019-10-05 16:24:52,557 [SCMBlockDeletingService#0] DEBUG block.SCMBlockDeletingService (SCMBlockDeletingService.java:call(155)) - Scanned deleted blocks log and got 0 delTX to process.
2019-10-05 16:24:52,657 [SCMBlockDeletingService#0] DEBUG block.SCMBlockDeletingService (SCMBlockDeletingService.java:call(138)) - Running DeletedBlockTransactionScanner
2019-10-05 16:24:52,657 [SCMBlockDeletingService#0] DEBUG block.SCMBlockDeletingService (SCMBlockDeletingService.java:call(155)) - Scanned deleted blocks log and got 0 delTX to process.
2019-10-05 16:24:52,757 [SCMBlockDeletingService#0] DEBUG block.SCMBlockDeletingService (SCMBlockDeletingService.java:call(138)) - Running DeletedBlockTransactionScanner
2019-10-05 16:24:52,758 [SCMBlockDeletingService#0] DEBUG block.SCMBlockDeletingService (SCMBlockDeletingService.java:call(155)) - Scanned deleted blocks log and got 0 delTX to process.
2019-10-05 16:24:52,858 [SCMBlockDeletingService#0] DEBUG block.SCMBlockDeletingService (SCMBlockDeletingService.java:call(138)) - Running DeletedBlockTransactionScanner
2019-10-05 16:24:52,858 [SCMBlockDeletingService#0] DEBUG block.SCMBlockDeletingService (SCMBlockDeletingService.java:call(155)) - Scanned deleted blocks log and got 0 delTX to process.
2019-10-05 16:24:52,958 [SCMBlockDeletingService#0] DEBUG block.SCMBlockDeletingService (SCMBlockDeletingService.java:call(138)) - Running DeletedBlockTransactionScanner
2019-10-05 16:24:52,959 [SCMBlockDeletingService#0] DEBUG block.SCMBlockDeletingService (SCMBlockDeletingService.java:call(155)) - Scanned deleted blocks log and got 0 delTX to process.
2019-10-05 16:24:53,059 [SCMBlockDeletingService#0] DEBUG block.SCMBlockDeletingService (SCMBlockDeletingService.java:call(138)) - Running DeletedBlockTransactionScanner
2019-10-05 16:24:53,059 [SCMBlockDeletingService#0] DEBUG block.SCMBlockDeletingService (SCMBlockDeletingService.java:call(155)) - Scanned deleted blocks log and got 0 delTX to process.
2019-10-05 16:24:53,160 [SCMBlockDeletingService#0] DEBUG block.SCMBlockDeletingService (SCMBlockDeletingService.java:call(138)) - Running DeletedBlockTransactionScanner
2019-10-05 16:24:53,160 [SCMBlockDeletingService#0] DEBUG block.SCMBlockDeletingService (SCMBlockDeletingService.java:call(155)) - Scanned deleted blocks log and got 0 delTX to process.
2019-10-05 16:24:53,260 [SCMBlockDeletingService#0] DEBUG block.SCMBlockDeletingService (SCMBlockDeletingService.java:call(138)) - Running DeletedBlockTransactionScanner
2019-10-05 16:24:53,261 [SCMBlockDeletingService#0] DEBUG block.SCMBlockDeletingService (SCMBlockDeletingService.java:call(155)) - Scanned deleted blocks log and got 0 delTX to process.
2019-10-05 16:24:53,361 [SCMBlockDeletingService#0] DEBUG block.SCMBlockDeletingService (SCMBlockDeletingService.java:call(138)) - Running DeletedBlockTransactionScanner
2019-10-05 16:24:53,361 [SCMBlockDeletingService#0] DEBUG block.SCMBlockDeletingService (SCMBlockDeletingService.java:call(155)) - Scanned deleted blocks log and got 0 delTX to process.
2019-10-05 16:24:53,462 [SCMBlockDeletingService#0] DEBUG block.SCMBlockDeletingService (SCMBlockDeletingService.java:call(138)) - Running DeletedBlockTransactionScanner
2019-10-05 16:24:53,462 [SCMBlockDeletingService#0] DEBUG block.SCMBlockDeletingService (SCMBlockDeletingService.java:call(155)) - Scanned deleted blocks log and got 0 delTX to process.
2019-10-05 16:24:53,562 [SCMBlockDeletingService#0] DEBUG block.SCMBlockDeletingService (SCMBlockDeletingService.java:call(138)) - Running DeletedBlockTransactionScanner
2019-10-05 16:24:53,562 [SCMBlockDeletingService#0] DEBUG block.SCMBlockDeletingService (SCMBlockDeletingService.java:call(155)) - Scanned deleted blocks log and got 0 delTX to process.
2019-10-05 16:24:53,662 [SCMBlockDeletingService#0] DEBUG block.SCMBlockDeletingService (SCMBlockDeletingService.java:call(138)) - Running DeletedBlockTransactionScanner
2019-10-05 16:24:53,663 [SCMBlockDeletingService#0] DEBUG block.SCMBlockDeletingService (SCMBlockDeletingService.java:call(155)) - Scanned deleted blocks log and got 0 delTX to process.
2019-10-05 16:24:53,763 [SCMBlockDeletingService#0] DEBUG block.SCMBlockDeletingService (SCMBlockDeletingService.java:call(138)) - Running DeletedBlockTransactionScanner
2019-10-05 16:24:53,763 [SCMBlockDeletingService#0] DEBUG block.SCMBlockDeletingService (SCMBlockDeletingService.java:call(155)) - Scanned deleted blocks log and got 0 delTX to process.
2019-10-05 16:24:53,864 [SCMBlockDeletingService#0] DEBUG block.SCMBlockDeletingService (SCMBlockDeletingService.java:call(138)) - Running DeletedBlockTransactionScanner
2019-10-05 16:24:53,864 [SCMBlockDeletingService#0] DEBUG block.SCMBlockDeletingService (SCMBlockDeletingService.java:call(155)) - Scanned deleted blocks log and got 0 delTX to process.
2019-10-05 16:24:53,964 [SCMBlockDeletingService#0] DEBUG block.SCMBlockDeletingService (SCMBlockDeletingService.java:call(138)) - Running DeletedBlockTransactionScanner
2019-10-05 16:24:53,965 [SCMBlockDeletingService#0] DEBUG block.SCMBlockDeletingService (SCMBlockDeletingService.java:call(155)) - Scanned deleted blocks log and got 0 delTX to process.
2019-10-05 16:24:54,065 [SCMBlockDeletingService#0] DEBUG block.SCMBlockDeletingService (SCMBlockDeletingService.java:call(138)) - Running DeletedBlockTransactionScanner
2019-10-05 16:24:54,065 [SCMBlockDeletingService#0] DEBUG block.SCMBlockDeletingService (SCMBlockDeletingService.java:call(155)) - Scanned deleted blocks log and got 0 delTX to process.
2019-10-05 16:24:54,165 [SCMBlockDeletingService#0] DEBUG block.SCMBlockDeletingService (SCMBlockDeletingService.java:call(138)) - Running DeletedBlockTransactionScanner
2019-10-05 16:24:54,166 [SCMBlockDeletingService#0] DEBUG block.SCMBlockDeletingService (SCMBlockDeletingService.java:call(155)) - Scanned deleted blocks log and got 0 delTX to process.
2019-10-05 16:24:54,266 [SCMBlockDeletingService#0] DEBUG block.SCMBlockDeletingService (SCMBlockDeletingService.java:call(138)) - Running DeletedBlockTransactionScanner
2019-10-05 16:24:54,266 [SCMBlockDeletingService#0] DEBUG block.SCMBlockDeletingService (SCMBlockDeletingService.java:call(155)) - Scanned deleted blocks log and got 0 delTX to process.
2019-10-05 16:24:54,367 [SCMBlockDeletingService#0] DEBUG block.SCMBlockDeletingService (SCMBlockDeletingService.java:call(138)) - Running DeletedBlockTransactionScanner
2019-10-05 16:24:54,367 [SCMBlockDeletingService#0] DEBUG block.SCMBlockDeletingService (SCMBlockDeletingService.java:call(155)) - Scanned deleted blocks log and got 0 delTX to process.
2019-10-05 16:24:54,467 [SCMBlockDeletingService#0] DEBUG block.SCMBlockDeletingService (SCMBlockDeletingService.java:call(138)) - Running DeletedBlockTransactionScanner
2019-10-05 16:24:54,468 [SCMBlockDeletingService#0] DEBUG block.SCMBlockDeletingService (SCMBlockDeletingService.java:call(155)) - Scanned deleted blocks log and got 0 delTX to process.
2019-10-05 16:24:54,568 [SCMBlockDeletingService#0] DEBUG block.SCMBlockDeletingService (SCMBlockDeletingService.java:call(138)) - Running DeletedBlockTransactionScanner
2019-10-05 16:24:54,570 [SCMBlockDeletingService#0] DEBUG block.SCMBlockDeletingService (SCMBlockDeletingService.java:call(155)) - Scanned deleted blocks log and got 0 delTX to process.
2019-10-05 16:24:54,670 [SCMBlockDeletingService#0] DEBUG block.SCMBlockDeletingService (SCMBlockDeletingService.java:call(138)) - Running DeletedBlockTransactionScanner
2019-10-05 16:24:54,670 [SCMBlockDeletingService#0] DEBUG block.SCMBlockDeletingService (SCMBlockDeletingService.java:call(155)) - Scanned deleted blocks log and got 0 delTX to process.
2019-10-05 16:24:54,771 [SCMBlockDeletingService#0] DEBUG block.SCMBlockDeletingService (SCMBlockDeletingService.java:call(138)) - Running DeletedBlockTransactionScanner
2019-10-05 16:24:54,771 [SCMBlockDeletingService#0] DEBUG block.SCMBlockDeletingService (SCMBlockDeletingService.java:call(155)) - Scanned deleted blocks log and got 0 delTX to process.
2019-10-05 16:24:54,872 [SCMBlockDeletingService#1] DEBUG block.SCMBlockDeletingService (SCMBlockDeletingService.java:call(138)) - Running DeletedBlockTransactionScanner
2019-10-05 16:24:54,872 [SCMBlockDeletingService#1] DEBUG block.SCMBlockDeletingService (SCMBlockDeletingService.java:call(155)) - Scanned deleted blocks log and got 0 delTX to process.
2019-10-05 16:24:54,972 [SCMBlockDeletingService#1] DEBUG block.SCMBlockDeletingService (SCMBlockDeletingService.java:call(138)) - Running DeletedBlockTransactionScanner
2019-10-05 16:24:54,972 [SCMBlockDeletingService#1] DEBUG block.SCMBlockDeletingService (SCMBlockDeletingService.java:call(155)) - Scanned deleted blocks log and got 0 delTX to process.
2019-10-05 16:24:55,073 [SCMBlockDeletingService#1] DEBUG block.SCMBlockDeletingService (SCMBlockDeletingService.java:call(138)) - Running DeletedBlockTransactionScanner
2019-10-05 16:24:55,073 [SCMBlockDeletingService#1] DEBUG block.SCMBlockDeletingService (SCMBlockDeletingService.java:call(155)) - Scanned deleted blocks log and got 0 delTX to process.
2019-10-05 16:24:55,173 [SCMBlockDeletingService#1] DEBUG block.SCMBlockDeletingService (SCMBlockDeletingService.java:call(138)) - Running DeletedBlockTransactionScanner
2019-10-05 16:24:55,174 [SCMBlockDeletingService#1] DEBUG block.SCMBlockDeletingService (SCMBlockDeletingService.java:call(155)) - Scanned deleted blocks log and got 0 delTX to process.
2019-10-05 16:24:55,274 [SCMBlockDeletingService#0] DEBUG block.SCMBlockDeletingService (SCMBlockDeletingService.java:call(138)) - Running DeletedBlockTransactionScanner
2019-10-05 16:24:55,274 [SCMBlockDeletingService#0] DEBUG block.SCMBlockDeletingService (SCMBlockDeletingService.java:call(155)) - Scanned deleted blocks log and got 0 delTX to process.
2019-10-05 16:24:55,375 [SCMBlockDeletingService#0] DEBUG block.SCMBlockDeletingService (SCMBlockDeletingService.java:call(138)) - Running DeletedBlockTransactionScanner
2019-10-05 16:24:55,375 [SCMBlockDeletingService#0] DEBUG block.SCMBlockDeletingService (SCMBlockDeletingService.java:call(155)) - Scanned deleted blocks log and got 0 delTX to process.
2019-10-05 16:24:55,475 [SCMBlockDeletingService#0] DEBUG block.SCMBlockDeletingService (SCMBlockDeletingService.java:call(138)) - Running DeletedBlockTransactionScanner
2019-10-05 16:24:55,475 [SCMBlockDeletingService#0] DEBUG block.SCMBlockDeletingService (SCMBlockDeletingService.java:call(155)) - Scanned deleted blocks log and got 0 delTX to process.
2019-10-05 16:24:55,576 [SCMBlockDeletingService#0] DEBUG block.SCMBlockDeletingService (SCMBlockDeletingService.java:call(138)) - Running DeletedBlockTransactionScanner
2019-10-05 16:24:55,576 [SCMBlockDeletingService#0] DEBUG block.SCMBlockDeletingService (SCMBlockDeletingService.java:call(155)) - Scanned deleted blocks log and got 0 delTX to process.
2019-10-05 16:24:55,677 [SCMBlockDeletingService#0] DEBUG block.SCMBlockDeletingService (SCMBlockDeletingService.java:call(138)) - Running DeletedBlockTransactionScanner
2019-10-05 16:24:55,677 [SCMBlockDeletingService#0] DEBUG block.SCMBlockDeletingService (SCMBlockDeletingService.java:call(155)) - Scanned deleted blocks log and got 0 delTX to process.
2019-10-05 16:24:55,777 [SCMBlockDeletingService#0] DEBUG block.SCMBlockDeletingService (SCMBlockDeletingService.java:call(138)) - Running DeletedBlockTransactionScanner
2019-10-05 16:24:55,778 [SCMBlockDeletingService#0] DEBUG block.SCMBlockDeletingService (SCMBlockDeletingService.java:call(155)) - Scanned deleted blocks log and got 0 delTX to process.
2019-10-05 16:24:55,878 [SCMBlockDeletingService#0] DEBUG block.SCMBlockDeletingService (SCMBlockDeletingService.java:call(138)) - Running DeletedBlockTransactionScanner
2019-10-05 16:24:55,879 [SCMBlockDeletingService#0] DEBUG block.SCMBlockDeletingService (SCMBlockDeletingService.java:call(155)) - Scanned deleted blocks log and got 0 delTX to process.
2019-10-05 16:24:55,979 [SCMBlockDeletingService#0] DEBUG block.SCMBlockDeletingService (SCMBlockDeletingService.java:call(138)) - Running DeletedBlockTransactionScanner
2019-10-05 16:24:55,979 [SCMBlockDeletingService#0] DEBUG block.SCMBlockDeletingService (SCMBlockDeletingService.java:call(155)) - Scanned deleted blocks log and got 0 delTX to process.
2019-10-05 16:24:56,080 [SCMBlockDeletingService#0] DEBUG block.SCMBlockDeletingService (SCMBlockDeletingService.java:call(138)) - Running DeletedBlockTransactionScanner
2019-10-05 16:24:56,080 [SCMBlockDeletingService#0] DEBUG block.SCMBlockDeletingService (SCMBlockDeletingService.java:call(155)) - Scanned deleted blocks log and got 0 delTX to process.
2019-10-05 16:24:56,181 [SCMBlockDeletingService#0] DEBUG block.SCMBlockDeletingService (SCMBlockDeletingService.java:call(138)) - Running DeletedBlockTransactionScanner
2019-10-05 16:24:56,182 [SCMBlockDeletingService#0] DEBUG block.SCMBlockDeletingService (SCMBlockDeletingService.java:call(155)) - Scanned deleted blocks log and got 0 delTX to process.
2019-10-05 16:24:56,283 [SCMBlockDeletingService#0] DEBUG block.SCMBlockDeletingService (SCMBlockDeletingService.java:call(138)) - Running DeletedBlockTransactionScanner
2019-10-05 16:24:56,283 [SCMBlockDeletingService#0] DEBUG block.SCMBlockDeletingService (SCMBlockDeletingService.java:call(155)) - Scanned deleted blocks log and got 0 delTX to process.
2019-10-05 16:24:56,383 [SCMBlockDeletingService#0] DEBUG block.SCMBlockDeletingService (SCMBlockDeletingService.java:call(138)) - Running DeletedBlockTransactionScanner
2019-10-05 16:24:56,383 [SCMBlockDeletingService#0] DEBUG block.SCMBlockDeletingService (SCMBlockDeletingService.java:call(155)) - Scanned deleted blocks log and got 0 delTX to process.
2019-10-05 16:24:56,484 [SCMBlockDeletingService#0] DEBUG block.SCMBlockDeletingService (SCMBlockDeletingService.java:call(138)) - Running DeletedBlockTransactionScanner
2019-10-05 16:24:56,484 [SCMBlockDeletingService#0] DEBUG block.SCMBlockDeletingService (SCMBlockDeletingService.java:call(155)) - Scanned deleted blocks log and got 0 delTX to process.
2019-10-05 16:24:56,584 [SCMBlockDeletingService#0] DEBUG block.SCMBlockDeletingService (SCMBlockDeletingService.java:call(138)) - Running DeletedBlockTransactionScanner
2019-10-05 16:24:56,585 [SCMBlockDeletingService#0] DEBUG block.SCMBlockDeletingService (SCMBlockDeletingService.java:call(155)) - Scanned deleted blocks log and got 0 delTX to process.
2019-10-05 16:24:56,685 [SCMBlockDeletingService#0] DEBUG block.SCMBlockDeletingService (SCMBlockDeletingService.java:call(138)) - Running DeletedBlockTransactionScanner
2019-10-05 16:24:56,685 [SCMBlockDeletingService#0] DEBUG block.SCMBlockDeletingService (SCMBlockDeletingService.java:call(155)) - Scanned deleted blocks log and got 0 delTX to process.
2019-10-05 16:24:56,833 [SCMBlockDeletingService#0] DEBUG block.SCMBlockDeletingService (SCMBlockDeletingService.java:call(138)) - Running DeletedBlockTransactionScanner
2019-10-05 16:24:56,833 [SCMBlockDeletingService#0] DEBUG block.SCMBlockDeletingService (SCMBlockDeletingService.java:call(155)) - Scanned deleted blocks log and got 0 delTX to process.
2019-10-05 16:24:56,934 [SCMBlockDeletingService#0] DEBUG block.SCMBlockDeletingService (SCMBlockDeletingService.java:call(138)) - Running DeletedBlockTransactionScanner
2019-10-05 16:24:56,934 [SCMBlockDeletingService#0] DEBUG block.SCMBlockDeletingService (SCMBlockDeletingService.java:call(155)) - Scanned deleted blocks log and got 0 delTX to process.
2019-10-05 16:24:57,034 [SCMBlockDeletingService#0] DEBUG block.SCMBlockDeletingService (SCMBlockDeletingService.java:call(138)) - Running DeletedBlockTransactionScanner
2019-10-05 16:24:57,035 [SCMBlockDeletingService#0] DEBUG block.SCMBlockDeletingService (SCMBlockDeletingService.java:call(155)) - Scanned deleted blocks log and got 0 delTX to process.
2019-10-05 16:24:57,135 [SCMBlockDeletingService#0] DEBUG block.SCMBlockDeletingService (SCMBlockDeletingService.java:call(138)) - Running DeletedBlockTransactionScanner
2019-10-05 16:24:57,135 [SCMBlockDeletingService#0] DEBUG block.SCMBlockDeletingService (SCMBlockDeletingService.java:call(155)) - Scanned deleted blocks log and got 0 delTX to process.
2019-10-05 16:24:57,163 [grpc-default-executor-1] INFO  segmented.SegmentedRaftLogWorker (SegmentedRaftLogWorker.java:rollLogSegment(390)) - 29926ed2-d930-4601-9cf8-13a6494a0fce@group-66450F7274CF-SegmentedRaftLogWorker: Rolling segment log-0_5403 to index:5403
2019-10-05 16:24:57,169 [29926ed2-d930-4601-9cf8-13a6494a0fce@group-66450F7274CF-SegmentedRaftLogWorker] INFO  segmented.SegmentedRaftLogWorker (SegmentedRaftLogWorker.java:execute(531)) - 29926ed2-d930-4601-9cf8-13a6494a0fce@group-66450F7274CF-SegmentedRaftLogWorker: Rolled log segment from /workdir/hadoop-ozone/integration-test/target/test-dir/MiniOzoneClusterImpl-c3e8681e-48b4-488b-af05-0690ad4038ab/datanode-0/data/ratis/96c8ac54-7d25-47bb-8b19-66450f7274cf/current/log_inprogress_0 to /workdir/hadoop-ozone/integration-test/target/test-dir/MiniOzoneClusterImpl-c3e8681e-48b4-488b-af05-0690ad4038ab/datanode-0/data/ratis/96c8ac54-7d25-47bb-8b19-66450f7274cf/current/log_0-5403
2019-10-05 16:24:57,215 [29926ed2-d930-4601-9cf8-13a6494a0fce@group-66450F7274CF-SegmentedRaftLogWorker] INFO  segmented.SegmentedRaftLogWorker (SegmentedRaftLogWorker.java:execute(574)) - 29926ed2-d930-4601-9cf8-13a6494a0fce@group-66450F7274CF-SegmentedRaftLogWorker: created new log segment /workdir/hadoop-ozone/integration-test/target/test-dir/MiniOzoneClusterImpl-c3e8681e-48b4-488b-af05-0690ad4038ab/datanode-0/data/ratis/96c8ac54-7d25-47bb-8b19-66450f7274cf/current/log_inprogress_5404
2019-10-05 16:24:57,236 [SCMBlockDeletingService#0] DEBUG block.SCMBlockDeletingService (SCMBlockDeletingService.java:call(138)) - Running DeletedBlockTransactionScanner
2019-10-05 16:24:57,238 [SCMBlockDeletingService#0] DEBUG block.SCMBlockDeletingService (SCMBlockDeletingService.java:call(155)) - Scanned deleted blocks log and got 0 delTX to process.
2019-10-05 16:24:57,338 [SCMBlockDeletingService#0] DEBUG block.SCMBlockDeletingService (SCMBlockDeletingService.java:call(138)) - Running DeletedBlockTransactionScanner
2019-10-05 16:24:57,339 [SCMBlockDeletingService#0] DEBUG block.SCMBlockDeletingService (SCMBlockDeletingService.java:call(155)) - Scanned deleted blocks log and got 0 delTX to process.
2019-10-05 16:24:57,439 [SCMBlockDeletingService#0] DEBUG block.SCMBlockDeletingService (SCMBlockDeletingService.java:call(138)) - Running DeletedBlockTransactionScanner
2019-10-05 16:24:57,439 [SCMBlockDeletingService#0] DEBUG block.SCMBlockDeletingService (SCMBlockDeletingService.java:call(155)) - Scanned deleted blocks log and got 0 delTX to process.
2019-10-05 16:24:57,540 [SCMBlockDeletingService#0] DEBUG block.SCMBlockDeletingService (SCMBlockDeletingService.java:call(138)) - Running DeletedBlockTransactionScanner
2019-10-05 16:24:57,540 [SCMBlockDeletingService#0] DEBUG block.SCMBlockDeletingService (SCMBlockDeletingService.java:call(155)) - Scanned deleted blocks log and got 0 delTX to process.
2019-10-05 16:24:57,640 [SCMBlockDeletingService#0] DEBUG block.SCMBlockDeletingService (SCMBlockDeletingService.java:call(138)) - Running DeletedBlockTransactionScanner
2019-10-05 16:24:57,641 [SCMBlockDeletingService#0] DEBUG block.SCMBlockDeletingService (SCMBlockDeletingService.java:call(155)) - Scanned deleted blocks log and got 0 delTX to process.
2019-10-05 16:24:57,741 [SCMBlockDeletingService#0] DEBUG block.SCMBlockDeletingService (SCMBlockDeletingService.java:call(138)) - Running DeletedBlockTransactionScanner
2019-10-05 16:24:57,741 [SCMBlockDeletingService#0] DEBUG block.SCMBlockDeletingService (SCMBlockDeletingService.java:call(155)) - Scanned deleted blocks log and got 0 delTX to process.
2019-10-05 16:24:57,841 [SCMBlockDeletingService#0] DEBUG block.SCMBlockDeletingService (SCMBlockDeletingService.java:call(138)) - Running DeletedBlockTransactionScanner
2019-10-05 16:24:57,842 [SCMBlockDeletingService#0] DEBUG block.SCMBlockDeletingService (SCMBlockDeletingService.java:call(155)) - Scanned deleted blocks log and got 0 delTX to process.
2019-10-05 16:24:57,942 [SCMBlockDeletingService#0] DEBUG block.SCMBlockDeletingService (SCMBlockDeletingService.java:call(138)) - Running DeletedBlockTransactionScanner
2019-10-05 16:24:57,942 [SCMBlockDeletingService#0] DEBUG block.SCMBlockDeletingService (SCMBlockDeletingService.java:call(155)) - Scanned deleted blocks log and got 0 delTX to process.
2019-10-05 16:24:58,043 [SCMBlockDeletingService#0] DEBUG block.SCMBlockDeletingService (SCMBlockDeletingService.java:call(138)) - Running DeletedBlockTransactionScanner
2019-10-05 16:24:58,043 [SCMBlockDeletingService#0] DEBUG block.SCMBlockDeletingService (SCMBlockDeletingService.java:call(155)) - Scanned deleted blocks log and got 0 delTX to process.
2019-10-05 16:24:58,143 [SCMBlockDeletingService#1] DEBUG block.SCMBlockDeletingService (SCMBlockDeletingService.java:call(138)) - Running DeletedBlockTransactionScanner
2019-10-05 16:24:58,143 [SCMBlockDeletingService#1] DEBUG block.SCMBlockDeletingService (SCMBlockDeletingService.java:call(155)) - Scanned deleted blocks log and got 0 delTX to process.
2019-10-05 16:24:58,244 [SCMBlockDeletingService#1] DEBUG block.SCMBlockDeletingService (SCMBlockDeletingService.java:call(138)) - Running DeletedBlockTransactionScanner
2019-10-05 16:24:58,244 [SCMBlockDeletingService#1] DEBUG block.SCMBlockDeletingService (SCMBlockDeletingService.java:call(155)) - Scanned deleted blocks log and got 0 delTX to process.
2019-10-05 16:24:58,344 [SCMBlockDeletingService#1] DEBUG block.SCMBlockDeletingService (SCMBlockDeletingService.java:call(138)) - Running DeletedBlockTransactionScanner
2019-10-05 16:24:58,344 [SCMBlockDeletingService#1] DEBUG block.SCMBlockDeletingService (SCMBlockDeletingService.java:call(155)) - Scanned deleted blocks log and got 0 delTX to process.
2019-10-05 16:24:58,445 [SCMBlockDeletingService#1] DEBUG block.SCMBlockDeletingService (SCMBlockDeletingService.java:call(138)) - Running DeletedBlockTransactionScanner
2019-10-05 16:24:58,445 [SCMBlockDeletingService#1] DEBUG block.SCMBlockDeletingService (SCMBlockDeletingService.java:call(155)) - Scanned deleted blocks log and got 0 delTX to process.
2019-10-05 16:24:58,545 [SCMBlockDeletingService#1] DEBUG block.SCMBlockDeletingService (SCMBlockDeletingService.java:call(138)) - Running DeletedBlockTransactionScanner
2019-10-05 16:24:58,545 [SCMBlockDeletingService#1] DEBUG block.SCMBlockDeletingService (SCMBlockDeletingService.java:call(155)) - Scanned deleted blocks log and got 0 delTX to process.
2019-10-05 16:24:58,661 [SCMBlockDeletingService#1] DEBUG block.SCMBlockDeletingService (SCMBlockDeletingService.java:call(138)) - Running DeletedBlockTransactionScanner
2019-10-05 16:24:58,662 [SCMBlockDeletingService#1] DEBUG block.SCMBlockDeletingService (SCMBlockDeletingService.java:call(155)) - Scanned deleted blocks log and got 0 delTX to process.
2019-10-05 16:24:58,762 [SCMBlockDeletingService#1] DEBUG block.SCMBlockDeletingService (SCMBlockDeletingService.java:call(138)) - Running DeletedBlockTransactionScanner
2019-10-05 16:24:58,762 [SCMBlockDeletingService#1] DEBUG block.SCMBlockDeletingService (SCMBlockDeletingService.java:call(155)) - Scanned deleted blocks log and got 0 delTX to process.
2019-10-05 16:24:58,862 [SCMBlockDeletingService#1] DEBUG block.SCMBlockDeletingService (SCMBlockDeletingService.java:call(138)) - Running DeletedBlockTransactionScanner
2019-10-05 16:24:58,863 [SCMBlockDeletingService#1] DEBUG block.SCMBlockDeletingService (SCMBlockDeletingService.java:call(155)) - Scanned deleted blocks log and got 0 delTX to process.
2019-10-05 16:24:58,963 [SCMBlockDeletingService#1] DEBUG block.SCMBlockDeletingService (SCMBlockDeletingService.java:call(138)) - Running DeletedBlockTransactionScanner
2019-10-05 16:24:58,963 [SCMBlockDeletingService#1] DEBUG block.SCMBlockDeletingService (SCMBlockDeletingService.java:call(155)) - Scanned deleted blocks log and got 0 delTX to process.
2019-10-05 16:24:59,064 [SCMBlockDeletingService#1] DEBUG block.SCMBlockDeletingService (SCMBlockDeletingService.java:call(138)) - Running DeletedBlockTransactionScanner
2019-10-05 16:24:59,064 [SCMBlockDeletingService#1] DEBUG block.SCMBlockDeletingService (SCMBlockDeletingService.java:call(155)) - Scanned deleted blocks log and got 0 delTX to process.
2019-10-05 16:24:59,164 [SCMBlockDeletingService#1] DEBUG block.SCMBlockDeletingService (SCMBlockDeletingService.java:call(138)) - Running DeletedBlockTransactionScanner
2019-10-05 16:24:59,164 [SCMBlockDeletingService#1] DEBUG block.SCMBlockDeletingService (SCMBlockDeletingService.java:call(155)) - Scanned deleted blocks log and got 0 delTX to process.
2019-10-05 16:24:59,265 [SCMBlockDeletingService#1] DEBUG block.SCMBlockDeletingService (SCMBlockDeletingService.java:call(138)) - Running DeletedBlockTransactionScanner
2019-10-05 16:24:59,265 [SCMBlockDeletingService#1] DEBUG block.SCMBlockDeletingService (SCMBlockDeletingService.java:call(155)) - Scanned deleted blocks log and got 0 delTX to process.
2019-10-05 16:24:59,365 [SCMBlockDeletingService#1] DEBUG block.SCMBlockDeletingService (SCMBlockDeletingService.java:call(138)) - Running DeletedBlockTransactionScanner
2019-10-05 16:24:59,365 [SCMBlockDeletingService#1] DEBUG block.SCMBlockDeletingService (SCMBlockDeletingService.java:call(155)) - Scanned deleted blocks log and got 0 delTX to process.
2019-10-05 16:24:59,466 [SCMBlockDeletingService#1] DEBUG block.SCMBlockDeletingService (SCMBlockDeletingService.java:call(138)) - Running DeletedBlockTransactionScanner
2019-10-05 16:24:59,466 [SCMBlockDeletingService#1] DEBUG block.SCMBlockDeletingService (SCMBlockDeletingService.java:call(155)) - Scanned deleted blocks log and got 0 delTX to process.
2019-10-05 16:24:59,566 [SCMBlockDeletingService#1] DEBUG block.SCMBlockDeletingService (SCMBlockDeletingService.java:call(138)) - Running DeletedBlockTransactionScanner
2019-10-05 16:24:59,567 [SCMBlockDeletingService#1] DEBUG block.SCMBlockDeletingService (SCMBlockDeletingService.java:call(155)) - Scanned deleted blocks log and got 0 delTX to process.
2019-10-05 16:24:59,667 [SCMBlockDeletingService#1] DEBUG block.SCMBlockDeletingService (SCMBlockDeletingService.java:call(138)) - Running DeletedBlockTransactionScanner
2019-10-05 16:24:59,667 [SCMBlockDeletingService#1] DEBUG block.SCMBlockDeletingService (SCMBlockDeletingService.java:call(155)) - Scanned deleted blocks log and got 0 delTX to process.
2019-10-05 16:24:59,768 [SCMBlockDeletingService#1] DEBUG block.SCMBlockDeletingService (SCMBlockDeletingService.java:call(138)) - Running DeletedBlockTransactionScanner
2019-10-05 16:24:59,768 [SCMBlockDeletingService#1] DEBUG block.SCMBlockDeletingService (SCMBlockDeletingService.java:call(155)) - Scanned deleted blocks log and got 0 delTX to process.
2019-10-05 16:24:59,868 [SCMBlockDeletingService#1] DEBUG block.SCMBlockDeletingService (SCMBlockDeletingService.java:call(138)) - Running DeletedBlockTransactionScanner
2019-10-05 16:24:59,869 [SCMBlockDeletingService#1] DEBUG block.SCMBlockDeletingService (SCMBlockDeletingService.java:call(155)) - Scanned deleted blocks log and got 0 delTX to process.
2019-10-05 16:24:59,969 [SCMBlockDeletingService#1] DEBUG block.SCMBlockDeletingService (SCMBlockDeletingService.java:call(138)) - Running DeletedBlockTransactionScanner
2019-10-05 16:24:59,969 [SCMBlockDeletingService#1] DEBUG block.SCMBlockDeletingService (SCMBlockDeletingService.java:call(155)) - Scanned deleted blocks log and got 0 delTX to process.
2019-10-05 16:25:00,070 [SCMBlockDeletingService#1] DEBUG block.SCMBlockDeletingService (SCMBlockDeletingService.java:call(138)) - Running DeletedBlockTransactionScanner
2019-10-05 16:25:00,070 [SCMBlockDeletingService#1] DEBUG block.SCMBlockDeletingService (SCMBlockDeletingService.java:call(155)) - Scanned deleted blocks log and got 0 delTX to process.
2019-10-05 16:25:00,170 [SCMBlockDeletingService#1] DEBUG block.SCMBlockDeletingService (SCMBlockDeletingService.java:call(138)) - Running DeletedBlockTransactionScanner
2019-10-05 16:25:00,171 [SCMBlockDeletingService#1] DEBUG block.SCMBlockDeletingService (SCMBlockDeletingService.java:call(155)) - Scanned deleted blocks log and got 0 delTX to process.
2019-10-05 16:25:00,271 [SCMBlockDeletingService#1] DEBUG block.SCMBlockDeletingService (SCMBlockDeletingService.java:call(138)) - Running DeletedBlockTransactionScanner
2019-10-05 16:25:00,271 [SCMBlockDeletingService#1] DEBUG block.SCMBlockDeletingService (SCMBlockDeletingService.java:call(155)) - Scanned deleted blocks log and got 0 delTX to process.
2019-10-05 16:25:00,372 [SCMBlockDeletingService#1] DEBUG block.SCMBlockDeletingService (SCMBlockDeletingService.java:call(138)) - Running DeletedBlockTransactionScanner
2019-10-05 16:25:00,372 [SCMBlockDeletingService#1] DEBUG block.SCMBlockDeletingService (SCMBlockDeletingService.java:call(155)) - Scanned deleted blocks log and got 0 delTX to process.
2019-10-05 16:25:00,472 [SCMBlockDeletingService#1] DEBUG block.SCMBlockDeletingService (SCMBlockDeletingService.java:call(138)) - Running DeletedBlockTransactionScanner
2019-10-05 16:25:00,473 [SCMBlockDeletingService#1] DEBUG block.SCMBlockDeletingService (SCMBlockDeletingService.java:call(155)) - Scanned deleted blocks log and got 0 delTX to process.
2019-10-05 16:25:00,573 [SCMBlockDeletingService#1] DEBUG block.SCMBlockDeletingService (SCMBlockDeletingService.java:call(138)) - Running DeletedBlockTransactionScanner
2019-10-05 16:25:00,573 [SCMBlockDeletingService#1] DEBUG block.SCMBlockDeletingService (SCMBlockDeletingService.java:call(155)) - Scanned deleted blocks log and got 0 delTX to process.
2019-10-05 16:25:00,673 [SCMBlockDeletingService#1] DEBUG block.SCMBlockDeletingService (SCMBlockDeletingService.java:call(138)) - Running DeletedBlockTransactionScanner
2019-10-05 16:25:00,674 [SCMBlockDeletingService#1] DEBUG block.SCMBlockDeletingService (SCMBlockDeletingService.java:call(155)) - Scanned deleted blocks log and got 0 delTX to process.
2019-10-05 16:25:00,774 [SCMBlockDeletingService#1] DEBUG block.SCMBlockDeletingService (SCMBlockDeletingService.java:call(138)) - Running DeletedBlockTransactionScanner
2019-10-05 16:25:00,774 [SCMBlockDeletingService#1] DEBUG block.SCMBlockDeletingService (SCMBlockDeletingService.java:call(155)) - Scanned deleted blocks log and got 0 delTX to process.
2019-10-05 16:25:00,944 [SCMBlockDeletingService#1] DEBUG block.SCMBlockDeletingService (SCMBlockDeletingService.java:call(138)) - Running DeletedBlockTransactionScanner
2019-10-05 16:25:00,944 [SCMBlockDeletingService#1] DEBUG block.SCMBlockDeletingService (SCMBlockDeletingService.java:call(155)) - Scanned deleted blocks log and got 0 delTX to process.
2019-10-05 16:25:01,044 [SCMBlockDeletingService#1] DEBUG block.SCMBlockDeletingService (SCMBlockDeletingService.java:call(138)) - Running DeletedBlockTransactionScanner
2019-10-05 16:25:01,044 [SCMBlockDeletingService#1] DEBUG block.SCMBlockDeletingService (SCMBlockDeletingService.java:call(155)) - Scanned deleted blocks log and got 0 delTX to process.
2019-10-05 16:25:01,145 [SCMBlockDeletingService#1] DEBUG block.SCMBlockDeletingService (SCMBlockDeletingService.java:call(138)) - Running DeletedBlockTransactionScanner
2019-10-05 16:25:01,145 [SCMBlockDeletingService#1] DEBUG block.SCMBlockDeletingService (SCMBlockDeletingService.java:call(155)) - Scanned deleted blocks log and got 0 delTX to process.
2019-10-05 16:25:01,245 [SCMBlockDeletingService#1] DEBUG block.SCMBlockDeletingService (SCMBlockDeletingService.java:call(138)) - Running DeletedBlockTransactionScanner
2019-10-05 16:25:01,246 [SCMBlockDeletingService#1] DEBUG block.SCMBlockDeletingService (SCMBlockDeletingService.java:call(155)) - Scanned deleted blocks log and got 0 delTX to process.
2019-10-05 16:25:01,346 [SCMBlockDeletingService#1] DEBUG block.SCMBlockDeletingService (SCMBlockDeletingService.java:call(138)) - Running DeletedBlockTransactionScanner
2019-10-05 16:25:01,346 [SCMBlockDeletingService#1] DEBUG block.SCMBlockDeletingService (SCMBlockDeletingService.java:call(155)) - Scanned deleted blocks log and got 0 delTX to process.
2019-10-05 16:25:01,447 [SCMBlockDeletingService#1] DEBUG block.SCMBlockDeletingService (SCMBlockDeletingService.java:call(138)) - Running DeletedBlockTransactionScanner
2019-10-05 16:25:01,447 [SCMBlockDeletingService#1] DEBUG block.SCMBlockDeletingService (SCMBlockDeletingService.java:call(155)) - Scanned deleted blocks log and got 0 delTX to process.
2019-10-05 16:25:01,548 [SCMBlockDeletingService#1] DEBUG block.SCMBlockDeletingService (SCMBlockDeletingService.java:call(138)) - Running DeletedBlockTransactionScanner
2019-10-05 16:25:01,548 [SCMBlockDeletingService#1] DEBUG block.SCMBlockDeletingService (SCMBlockDeletingService.java:call(155)) - Scanned deleted blocks log and got 0 delTX to process.
2019-10-05 16:25:01,648 [SCMBlockDeletingService#1] DEBUG block.SCMBlockDeletingService (SCMBlockDeletingService.java:call(138)) - Running DeletedBlockTransactionScanner
2019-10-05 16:25:01,648 [SCMBlockDeletingService#1] DEBUG block.SCMBlockDeletingService (SCMBlockDeletingService.java:call(155)) - Scanned deleted blocks log and got 0 delTX to process.
2019-10-05 16:25:01,749 [SCMBlockDeletingService#1] DEBUG block.SCMBlockDeletingService (SCMBlockDeletingService.java:call(138)) - Running DeletedBlockTransactionScanner
2019-10-05 16:25:01,749 [SCMBlockDeletingService#1] DEBUG block.SCMBlockDeletingService (SCMBlockDeletingService.java:call(155)) - Scanned deleted blocks log and got 0 delTX to process.
2019-10-05 16:25:01,850 [SCMBlockDeletingService#1] DEBUG block.SCMBlockDeletingService (SCMBlockDeletingService.java:call(138)) - Running DeletedBlockTransactionScanner
2019-10-05 16:25:01,850 [SCMBlockDeletingService#1] DEBUG block.SCMBlockDeletingService (SCMBlockDeletingService.java:call(155)) - Scanned deleted blocks log and got 0 delTX to process.
2019-10-05 16:25:01,950 [SCMBlockDeletingService#1] DEBUG block.SCMBlockDeletingService (SCMBlockDeletingService.java:call(138)) - Running DeletedBlockTransactionScanner
2019-10-05 16:25:01,951 [SCMBlockDeletingService#1] DEBUG block.SCMBlockDeletingService (SCMBlockDeletingService.java:call(155)) - Scanned deleted blocks log and got 0 delTX to process.
2019-10-05 16:25:02,051 [SCMBlockDeletingService#1] DEBUG block.SCMBlockDeletingService (SCMBlockDeletingService.java:call(138)) - Running DeletedBlockTransactionScanner
2019-10-05 16:25:02,051 [SCMBlockDeletingService#1] DEBUG block.SCMBlockDeletingService (SCMBlockDeletingService.java:call(155)) - Scanned deleted blocks log and got 0 delTX to process.
2019-10-05 16:25:02,152 [SCMBlockDeletingService#1] DEBUG block.SCMBlockDeletingService (SCMBlockDeletingService.java:call(138)) - Running DeletedBlockTransactionScanner
2019-10-05 16:25:02,152 [SCMBlockDeletingService#1] DEBUG block.SCMBlockDeletingService (SCMBlockDeletingService.java:call(155)) - Scanned deleted blocks log and got 0 delTX to process.
2019-10-05 16:25:02,252 [SCMBlockDeletingService#1] DEBUG block.SCMBlockDeletingService (SCMBlockDeletingService.java:call(138)) - Running DeletedBlockTransactionScanner
2019-10-05 16:25:02,253 [SCMBlockDeletingService#1] DEBUG block.SCMBlockDeletingService (SCMBlockDeletingService.java:call(155)) - Scanned deleted blocks log and got 0 delTX to process.
2019-10-05 16:25:02,353 [SCMBlockDeletingService#1] DEBUG block.SCMBlockDeletingService (SCMBlockDeletingService.java:call(138)) - Running DeletedBlockTransactionScanner
2019-10-05 16:25:02,353 [SCMBlockDeletingService#1] DEBUG block.SCMBlockDeletingService (SCMBlockDeletingService.java:call(155)) - Scanned deleted blocks log and got 0 delTX to process.
2019-10-05 16:25:02,454 [SCMBlockDeletingService#1] DEBUG block.SCMBlockDeletingService (SCMBlockDeletingService.java:call(138)) - Running DeletedBlockTransactionScanner
2019-10-05 16:25:02,454 [SCMBlockDeletingService#1] DEBUG block.SCMBlockDeletingService (SCMBlockDeletingService.java:call(155)) - Scanned deleted blocks log and got 0 delTX to process.
2019-10-05 16:25:02,554 [SCMBlockDeletingService#1] DEBUG block.SCMBlockDeletingService (SCMBlockDeletingService.java:call(138)) - Running DeletedBlockTransactionScanner
2019-10-05 16:25:02,554 [SCMBlockDeletingService#1] DEBUG block.SCMBlockDeletingService (SCMBlockDeletingService.java:call(155)) - Scanned deleted blocks log and got 0 delTX to process.
2019-10-05 16:25:02,655 [SCMBlockDeletingService#1] DEBUG block.SCMBlockDeletingService (SCMBlockDeletingService.java:call(138)) - Running DeletedBlockTransactionScanner
2019-10-05 16:25:02,655 [SCMBlockDeletingService#1] DEBUG block.SCMBlockDeletingService (SCMBlockDeletingService.java:call(155)) - Scanned deleted blocks log and got 0 delTX to process.
2019-10-05 16:25:02,755 [SCMBlockDeletingService#1] DEBUG block.SCMBlockDeletingService (SCMBlockDeletingService.java:call(138)) - Running DeletedBlockTransactionScanner
2019-10-05 16:25:02,756 [SCMBlockDeletingService#1] DEBUG block.SCMBlockDeletingService (SCMBlockDeletingService.java:call(155)) - Scanned deleted blocks log and got 0 delTX to process.
2019-10-05 16:25:02,856 [SCMBlockDeletingService#1] DEBUG block.SCMBlockDeletingService (SCMBlockDeletingService.java:call(138)) - Running DeletedBlockTransactionScanner
2019-10-05 16:25:02,856 [SCMBlockDeletingService#1] DEBUG block.SCMBlockDeletingService (SCMBlockDeletingService.java:call(155)) - Scanned deleted blocks log and got 0 delTX to process.
2019-10-05 16:25:02,957 [SCMBlockDeletingService#1] DEBUG block.SCMBlockDeletingService (SCMBlockDeletingService.java:call(138)) - Running DeletedBlockTransactionScanner
2019-10-05 16:25:02,957 [SCMBlockDeletingService#1] DEBUG block.SCMBlockDeletingService (SCMBlockDeletingService.java:call(155)) - Scanned deleted blocks log and got 0 delTX to process.
2019-10-05 16:25:03,057 [SCMBlockDeletingService#1] DEBUG block.SCMBlockDeletingService (SCMBlockDeletingService.java:call(138)) - Running DeletedBlockTransactionScanner
2019-10-05 16:25:03,058 [SCMBlockDeletingService#1] DEBUG block.SCMBlockDeletingService (SCMBlockDeletingService.java:call(155)) - Scanned deleted blocks log and got 0 delTX to process.
2019-10-05 16:25:03,158 [SCMBlockDeletingService#1] DEBUG block.SCMBlockDeletingService (SCMBlockDeletingService.java:call(138)) - Running DeletedBlockTransactionScanner
2019-10-05 16:25:03,158 [SCMBlockDeletingService#1] DEBUG block.SCMBlockDeletingService (SCMBlockDeletingService.java:call(155)) - Scanned deleted blocks log and got 0 delTX to process.
2019-10-05 16:25:03,259 [SCMBlockDeletingService#1] DEBUG block.SCMBlockDeletingService (SCMBlockDeletingService.java:call(138)) - Running DeletedBlockTransactionScanner
2019-10-05 16:25:03,259 [SCMBlockDeletingService#1] DEBUG block.SCMBlockDeletingService (SCMBlockDeletingService.java:call(155)) - Scanned deleted blocks log and got 0 delTX to process.
2019-10-05 16:25:03,359 [SCMBlockDeletingService#1] DEBUG block.SCMBlockDeletingService (SCMBlockDeletingService.java:call(138)) - Running DeletedBlockTransactionScanner
2019-10-05 16:25:03,360 [SCMBlockDeletingService#1] DEBUG block.SCMBlockDeletingService (SCMBlockDeletingService.java:call(155)) - Scanned deleted blocks log and got 0 delTX to process.
2019-10-05 16:25:03,460 [SCMBlockDeletingService#1] DEBUG block.SCMBlockDeletingService (SCMBlockDeletingService.java:call(138)) - Running DeletedBlockTransactionScanner
2019-10-05 16:25:03,461 [SCMBlockDeletingService#1] DEBUG block.SCMBlockDeletingService (SCMBlockDeletingService.java:call(155)) - Scanned deleted blocks log and got 0 delTX to process.
2019-10-05 16:25:03,561 [SCMBlockDeletingService#1] DEBUG block.SCMBlockDeletingService (SCMBlockDeletingService.java:call(138)) - Running DeletedBlockTransactionScanner
2019-10-05 16:25:03,561 [SCMBlockDeletingService#1] DEBUG block.SCMBlockDeletingService (SCMBlockDeletingService.java:call(155)) - Scanned deleted blocks log and got 0 delTX to process.
2019-10-05 16:25:03,662 [SCMBlockDeletingService#1] DEBUG block.SCMBlockDeletingService (SCMBlockDeletingService.java:call(138)) - Running DeletedBlockTransactionScanner
2019-10-05 16:25:03,662 [SCMBlockDeletingService#1] DEBUG block.SCMBlockDeletingService (SCMBlockDeletingService.java:call(155)) - Scanned deleted blocks log and got 0 delTX to process.
2019-10-05 16:25:03,762 [SCMBlockDeletingService#1] DEBUG block.SCMBlockDeletingService (SCMBlockDeletingService.java:call(138)) - Running DeletedBlockTransactionScanner
2019-10-05 16:25:03,763 [SCMBlockDeletingService#1] DEBUG block.SCMBlockDeletingService (SCMBlockDeletingService.java:call(155)) - Scanned deleted blocks log and got 0 delTX to process.
2019-10-05 16:25:03,863 [SCMBlockDeletingService#1] DEBUG block.SCMBlockDeletingService (SCMBlockDeletingService.java:call(138)) - Running DeletedBlockTransactionScanner
2019-10-05 16:25:03,864 [SCMBlockDeletingService#1] DEBUG block.SCMBlockDeletingService (SCMBlockDeletingService.java:call(155)) - Scanned deleted blocks log and got 0 delTX to process.
2019-10-05 16:25:03,964 [SCMBlockDeletingService#1] DEBUG block.SCMBlockDeletingService (SCMBlockDeletingService.java:call(138)) - Running DeletedBlockTransactionScanner
2019-10-05 16:25:03,965 [SCMBlockDeletingService#1] DEBUG block.SCMBlockDeletingService (SCMBlockDeletingService.java:call(155)) - Scanned deleted blocks log and got 0 delTX to process.
2019-10-05 16:25:04,065 [SCMBlockDeletingService#1] DEBUG block.SCMBlockDeletingService (SCMBlockDeletingService.java:call(138)) - Running DeletedBlockTransactionScanner
2019-10-05 16:25:04,066 [SCMBlockDeletingService#1] DEBUG block.SCMBlockDeletingService (SCMBlockDeletingService.java:call(155)) - Scanned deleted blocks log and got 0 delTX to process.
2019-10-05 16:25:04,166 [SCMBlockDeletingService#1] DEBUG block.SCMBlockDeletingService (SCMBlockDeletingService.java:call(138)) - Running DeletedBlockTransactionScanner
2019-10-05 16:25:04,167 [SCMBlockDeletingService#1] DEBUG block.SCMBlockDeletingService (SCMBlockDeletingService.java:call(155)) - Scanned deleted blocks log and got 0 delTX to process.
2019-10-05 16:25:04,267 [SCMBlockDeletingService#1] DEBUG block.SCMBlockDeletingService (SCMBlockDeletingService.java:call(138)) - Running DeletedBlockTransactionScanner
2019-10-05 16:25:04,267 [SCMBlockDeletingService#1] DEBUG block.SCMBlockDeletingService (SCMBlockDeletingService.java:call(155)) - Scanned deleted blocks log and got 0 delTX to process.
2019-10-05 16:25:04,368 [SCMBlockDeletingService#1] DEBUG block.SCMBlockDeletingService (SCMBlockDeletingService.java:call(138)) - Running DeletedBlockTransactionScanner
2019-10-05 16:25:04,369 [SCMBlockDeletingService#1] DEBUG block.SCMBlockDeletingService (SCMBlockDeletingService.java:call(155)) - Scanned deleted blocks log and got 0 delTX to process.
2019-10-05 16:25:04,469 [SCMBlockDeletingService#1] DEBUG block.SCMBlockDeletingService (SCMBlockDeletingService.java:call(138)) - Running DeletedBlockTransactionScanner
2019-10-05 16:25:04,469 [SCMBlockDeletingService#1] DEBUG block.SCMBlockDeletingService (SCMBlockDeletingService.java:call(155)) - Scanned deleted blocks log and got 0 delTX to process.
2019-10-05 16:25:04,570 [SCMBlockDeletingService#1] DEBUG block.SCMBlockDeletingService (SCMBlockDeletingService.java:call(138)) - Running DeletedBlockTransactionScanner
2019-10-05 16:25:04,570 [SCMBlockDeletingService#1] DEBUG block.SCMBlockDeletingService (SCMBlockDeletingService.java:call(155)) - Scanned deleted blocks log and got 0 delTX to process.
2019-10-05 16:25:04,670 [SCMBlockDeletingService#1] DEBUG block.SCMBlockDeletingService (SCMBlockDeletingService.java:call(138)) - Running DeletedBlockTransactionScanner
2019-10-05 16:25:04,671 [SCMBlockDeletingService#1] DEBUG block.SCMBlockDeletingService (SCMBlockDeletingService.java:call(155)) - Scanned deleted blocks log and got 0 delTX to process.
2019-10-05 16:25:04,771 [SCMBlockDeletingService#1] DEBUG block.SCMBlockDeletingService (SCMBlockDeletingService.java:call(138)) - Running DeletedBlockTransactionScanner
2019-10-05 16:25:04,771 [SCMBlockDeletingService#1] DEBUG block.SCMBlockDeletingService (SCMBlockDeletingService.java:call(155)) - Scanned deleted blocks log and got 0 delTX to process.
2019-10-05 16:25:04,872 [SCMBlockDeletingService#1] DEBUG block.SCMBlockDeletingService (SCMBlockDeletingService.java:call(138)) - Running DeletedBlockTransactionScanner
2019-10-05 16:25:04,872 [SCMBlockDeletingService#1] DEBUG block.SCMBlockDeletingService (SCMBlockDeletingService.java:call(155)) - Scanned deleted blocks log and got 0 delTX to process.
2019-10-05 16:25:04,972 [SCMBlockDeletingService#1] DEBUG block.SCMBlockDeletingService (SCMBlockDeletingService.java:call(138)) - Running DeletedBlockTransactionScanner
2019-10-05 16:25:04,972 [SCMBlockDeletingService#1] DEBUG block.SCMBlockDeletingService (SCMBlockDeletingService.java:call(155)) - Scanned deleted blocks log and got 0 delTX to process.
2019-10-05 16:25:05,073 [SCMBlockDeletingService#1] DEBUG block.SCMBlockDeletingService (SCMBlockDeletingService.java:call(138)) - Running DeletedBlockTransactionScanner
2019-10-05 16:25:05,073 [SCMBlockDeletingService#1] DEBUG block.SCMBlockDeletingService (SCMBlockDeletingService.java:call(155)) - Scanned deleted blocks log and got 0 delTX to process.
2019-10-05 16:25:05,173 [SCMBlockDeletingService#1] DEBUG block.SCMBlockDeletingService (SCMBlockDeletingService.java:call(138)) - Running DeletedBlockTransactionScanner
2019-10-05 16:25:05,174 [SCMBlockDeletingService#1] DEBUG block.SCMBlockDeletingService (SCMBlockDeletingService.java:call(155)) - Scanned deleted blocks log and got 0 delTX to process.
2019-10-05 16:25:05,274 [SCMBlockDeletingService#1] DEBUG block.SCMBlockDeletingService (SCMBlockDeletingService.java:call(138)) - Running DeletedBlockTransactionScanner
2019-10-05 16:25:05,275 [SCMBlockDeletingService#1] DEBUG block.SCMBlockDeletingService (SCMBlockDeletingService.java:call(155)) - Scanned deleted blocks log and got 0 delTX to process.
2019-10-05 16:25:05,375 [SCMBlockDeletingService#1] DEBUG block.SCMBlockDeletingService (SCMBlockDeletingService.java:call(138)) - Running DeletedBlockTransactionScanner
2019-10-05 16:25:05,375 [SCMBlockDeletingService#1] DEBUG block.SCMBlockDeletingService (SCMBlockDeletingService.java:call(155)) - Scanned deleted blocks log and got 0 delTX to process.
2019-10-05 16:25:05,476 [SCMBlockDeletingService#1] DEBUG block.SCMBlockDeletingService (SCMBlockDeletingService.java:call(138)) - Running DeletedBlockTransactionScanner
2019-10-05 16:25:05,476 [SCMBlockDeletingService#1] DEBUG block.SCMBlockDeletingService (SCMBlockDeletingService.java:call(155)) - Scanned deleted blocks log and got 0 delTX to process.
2019-10-05 16:25:05,576 [SCMBlockDeletingService#1] DEBUG block.SCMBlockDeletingService (SCMBlockDeletingService.java:call(138)) - Running DeletedBlockTransactionScanner
2019-10-05 16:25:05,577 [SCMBlockDeletingService#1] DEBUG block.SCMBlockDeletingService (SCMBlockDeletingService.java:call(155)) - Scanned deleted blocks log and got 0 delTX to process.
2019-10-05 16:25:05,677 [SCMBlockDeletingService#1] DEBUG block.SCMBlockDeletingService (SCMBlockDeletingService.java:call(138)) - Running DeletedBlockTransactionScanner
2019-10-05 16:25:05,678 [SCMBlockDeletingService#1] DEBUG block.SCMBlockDeletingService (SCMBlockDeletingService.java:call(155)) - Scanned deleted blocks log and got 0 delTX to process.
2019-10-05 16:25:05,778 [SCMBlockDeletingService#1] DEBUG block.SCMBlockDeletingService (SCMBlockDeletingService.java:call(138)) - Running DeletedBlockTransactionScanner
2019-10-05 16:25:05,778 [SCMBlockDeletingService#1] DEBUG block.SCMBlockDeletingService (SCMBlockDeletingService.java:call(155)) - Scanned deleted blocks log and got 0 delTX to process.
2019-10-05 16:25:05,878 [SCMBlockDeletingService#1] DEBUG block.SCMBlockDeletingService (SCMBlockDeletingService.java:call(138)) - Running DeletedBlockTransactionScanner
2019-10-05 16:25:05,879 [SCMBlockDeletingService#1] DEBUG block.SCMBlockDeletingService (SCMBlockDeletingService.java:call(155)) - Scanned deleted blocks log and got 0 delTX to process.
2019-10-05 16:25:05,979 [SCMBlockDeletingService#1] DEBUG block.SCMBlockDeletingService (SCMBlockDeletingService.java:call(138)) - Running DeletedBlockTransactionScanner
2019-10-05 16:25:05,980 [SCMBlockDeletingService#1] DEBUG block.SCMBlockDeletingService (SCMBlockDeletingService.java:call(155)) - Scanned deleted blocks log and got 0 delTX to process.
2019-10-05 16:25:06,080 [SCMBlockDeletingService#1] DEBUG block.SCMBlockDeletingService (SCMBlockDeletingService.java:call(138)) - Running DeletedBlockTransactionScanner
2019-10-05 16:25:06,080 [SCMBlockDeletingService#1] DEBUG block.SCMBlockDeletingService (SCMBlockDeletingService.java:call(155)) - Scanned deleted blocks log and got 0 delTX to process.
2019-10-05 16:25:06,181 [SCMBlockDeletingService#1] DEBUG block.SCMBlockDeletingService (SCMBlockDeletingService.java:call(138)) - Running DeletedBlockTransactionScanner
2019-10-05 16:25:06,181 [SCMBlockDeletingService#1] DEBUG block.SCMBlockDeletingService (SCMBlockDeletingService.java:call(155)) - Scanned deleted blocks log and got 0 delTX to process.
2019-10-05 16:25:06,281 [SCMBlockDeletingService#1] DEBUG block.SCMBlockDeletingService (SCMBlockDeletingService.java:call(138)) - Running DeletedBlockTransactionScanner
2019-10-05 16:25:06,282 [SCMBlockDeletingService#1] DEBUG block.SCMBlockDeletingService (SCMBlockDeletingService.java:call(155)) - Scanned deleted blocks log and got 0 delTX to process.
2019-10-05 16:25:06,382 [SCMBlockDeletingService#1] DEBUG block.SCMBlockDeletingService (SCMBlockDeletingService.java:call(138)) - Running DeletedBlockTransactionScanner
2019-10-05 16:25:06,382 [SCMBlockDeletingService#1] DEBUG block.SCMBlockDeletingService (SCMBlockDeletingService.java:call(155)) - Scanned deleted blocks log and got 0 delTX to process.
2019-10-05 16:25:06,483 [SCMBlockDeletingService#1] DEBUG block.SCMBlockDeletingService (SCMBlockDeletingService.java:call(138)) - Running DeletedBlockTransactionScanner
2019-10-05 16:25:06,483 [SCMBlockDeletingService#1] DEBUG block.SCMBlockDeletingService (SCMBlockDeletingService.java:call(155)) - Scanned deleted blocks log and got 0 delTX to process.
2019-10-05 16:25:06,583 [SCMBlockDeletingService#1] DEBUG block.SCMBlockDeletingService (SCMBlockDeletingService.java:call(138)) - Running DeletedBlockTransactionScanner
2019-10-05 16:25:06,583 [SCMBlockDeletingService#1] DEBUG block.SCMBlockDeletingService (SCMBlockDeletingService.java:call(155)) - Scanned deleted blocks log and got 0 delTX to process.
2019-10-05 16:25:06,684 [SCMBlockDeletingService#1] DEBUG block.SCMBlockDeletingService (SCMBlockDeletingService.java:call(138)) - Running DeletedBlockTransactionScanner
2019-10-05 16:25:06,684 [SCMBlockDeletingService#1] DEBUG block.SCMBlockDeletingService (SCMBlockDeletingService.java:call(155)) - Scanned deleted blocks log and got 0 delTX to process.
2019-10-05 16:25:06,784 [SCMBlockDeletingService#1] DEBUG block.SCMBlockDeletingService (SCMBlockDeletingService.java:call(138)) - Running DeletedBlockTransactionScanner
2019-10-05 16:25:06,785 [SCMBlockDeletingService#1] DEBUG block.SCMBlockDeletingService (SCMBlockDeletingService.java:call(155)) - Scanned deleted blocks log and got 0 delTX to process.
2019-10-05 16:25:06,885 [SCMBlockDeletingService#1] DEBUG block.SCMBlockDeletingService (SCMBlockDeletingService.java:call(138)) - Running DeletedBlockTransactionScanner
2019-10-05 16:25:06,886 [SCMBlockDeletingService#1] DEBUG block.SCMBlockDeletingService (SCMBlockDeletingService.java:call(155)) - Scanned deleted blocks log and got 0 delTX to process.
2019-10-05 16:25:06,986 [SCMBlockDeletingService#1] DEBUG block.SCMBlockDeletingService (SCMBlockDeletingService.java:call(138)) - Running DeletedBlockTransactionScanner
2019-10-05 16:25:06,986 [SCMBlockDeletingService#1] DEBUG block.SCMBlockDeletingService (SCMBlockDeletingService.java:call(155)) - Scanned deleted blocks log and got 0 delTX to process.
2019-10-05 16:25:07,087 [SCMBlockDeletingService#1] DEBUG block.SCMBlockDeletingService (SCMBlockDeletingService.java:call(138)) - Running DeletedBlockTransactionScanner
2019-10-05 16:25:07,087 [SCMBlockDeletingService#1] DEBUG block.SCMBlockDeletingService (SCMBlockDeletingService.java:call(155)) - Scanned deleted blocks log and got 0 delTX to process.
2019-10-05 16:25:07,188 [SCMBlockDeletingService#1] DEBUG block.SCMBlockDeletingService (SCMBlockDeletingService.java:call(138)) - Running DeletedBlockTransactionScanner
2019-10-05 16:25:07,188 [SCMBlockDeletingService#1] DEBUG block.SCMBlockDeletingService (SCMBlockDeletingService.java:call(155)) - Scanned deleted blocks log and got 0 delTX to process.
2019-10-05 16:25:07,288 [SCMBlockDeletingService#1] DEBUG block.SCMBlockDeletingService (SCMBlockDeletingService.java:call(138)) - Running DeletedBlockTransactionScanner
2019-10-05 16:25:07,289 [SCMBlockDeletingService#1] DEBUG block.SCMBlockDeletingService (SCMBlockDeletingService.java:call(155)) - Scanned deleted blocks log and got 0 delTX to process.
2019-10-05 16:25:07,389 [SCMBlockDeletingService#1] DEBUG block.SCMBlockDeletingService (SCMBlockDeletingService.java:call(138)) - Running DeletedBlockTransactionScanner
2019-10-05 16:25:07,389 [SCMBlockDeletingService#1] DEBUG block.SCMBlockDeletingService (SCMBlockDeletingService.java:call(155)) - Scanned deleted blocks log and got 0 delTX to process.
2019-10-05 16:25:07,490 [SCMBlockDeletingService#1] DEBUG block.SCMBlockDeletingService (SCMBlockDeletingService.java:call(138)) - Running DeletedBlockTransactionScanner
2019-10-05 16:25:07,490 [SCMBlockDeletingService#1] DEBUG block.SCMBlockDeletingService (SCMBlockDeletingService.java:call(155)) - Scanned deleted blocks log and got 0 delTX to process.
2019-10-05 16:25:07,590 [SCMBlockDeletingService#1] DEBUG block.SCMBlockDeletingService (SCMBlockDeletingService.java:call(138)) - Running DeletedBlockTransactionScanner
2019-10-05 16:25:07,591 [SCMBlockDeletingService#1] DEBUG block.SCMBlockDeletingService (SCMBlockDeletingService.java:call(155)) - Scanned deleted blocks log and got 0 delTX to process.
2019-10-05 16:25:07,691 [SCMBlockDeletingService#1] DEBUG block.SCMBlockDeletingService (SCMBlockDeletingService.java:call(138)) - Running DeletedBlockTransactionScanner
2019-10-05 16:25:07,691 [SCMBlockDeletingService#1] DEBUG block.SCMBlockDeletingService (SCMBlockDeletingService.java:call(155)) - Scanned deleted blocks log and got 0 delTX to process.
2019-10-05 16:25:07,792 [SCMBlockDeletingService#1] DEBUG block.SCMBlockDeletingService (SCMBlockDeletingService.java:call(138)) - Running DeletedBlockTransactionScanner
2019-10-05 16:25:07,792 [SCMBlockDeletingService#1] DEBUG block.SCMBlockDeletingService (SCMBlockDeletingService.java:call(155)) - Scanned deleted blocks log and got 0 delTX to process.
2019-10-05 16:25:07,892 [SCMBlockDeletingService#1] DEBUG block.SCMBlockDeletingService (SCMBlockDeletingService.java:call(138)) - Running DeletedBlockTransactionScanner
2019-10-05 16:25:07,893 [SCMBlockDeletingService#1] DEBUG block.SCMBlockDeletingService (SCMBlockDeletingService.java:call(155)) - Scanned deleted blocks log and got 0 delTX to process.
2019-10-05 16:25:07,993 [SCMBlockDeletingService#1] DEBUG block.SCMBlockDeletingService (SCMBlockDeletingService.java:call(138)) - Running DeletedBlockTransactionScanner
2019-10-05 16:25:07,993 [SCMBlockDeletingService#1] DEBUG block.SCMBlockDeletingService (SCMBlockDeletingService.java:call(155)) - Scanned deleted blocks log and got 0 delTX to process.
2019-10-05 16:25:08,094 [SCMBlockDeletingService#1] DEBUG block.SCMBlockDeletingService (SCMBlockDeletingService.java:call(138)) - Running DeletedBlockTransactionScanner
2019-10-05 16:25:08,094 [SCMBlockDeletingService#1] DEBUG block.SCMBlockDeletingService (SCMBlockDeletingService.java:call(155)) - Scanned deleted blocks log and got 0 delTX to process.
2019-10-05 16:25:08,194 [SCMBlockDeletingService#1] DEBUG block.SCMBlockDeletingService (SCMBlockDeletingService.java:call(138)) - Running DeletedBlockTransactionScanner
2019-10-05 16:25:08,194 [SCMBlockDeletingService#1] DEBUG block.SCMBlockDeletingService (SCMBlockDeletingService.java:call(155)) - Scanned deleted blocks log and got 0 delTX to process.
2019-10-05 16:25:08,295 [SCMBlockDeletingService#1] DEBUG block.SCMBlockDeletingService (SCMBlockDeletingService.java:call(138)) - Running DeletedBlockTransactionScanner
2019-10-05 16:25:08,295 [SCMBlockDeletingService#1] DEBUG block.SCMBlockDeletingService (SCMBlockDeletingService.java:call(155)) - Scanned deleted blocks log and got 0 delTX to process.
2019-10-05 16:25:08,395 [SCMBlockDeletingService#1] DEBUG block.SCMBlockDeletingService (SCMBlockDeletingService.java:call(138)) - Running DeletedBlockTransactionScanner
2019-10-05 16:25:08,396 [SCMBlockDeletingService#1] DEBUG block.SCMBlockDeletingService (SCMBlockDeletingService.java:call(155)) - Scanned deleted blocks log and got 0 delTX to process.
2019-10-05 16:25:08,496 [SCMBlockDeletingService#1] DEBUG block.SCMBlockDeletingService (SCMBlockDeletingService.java:call(138)) - Running DeletedBlockTransactionScanner
2019-10-05 16:25:08,496 [SCMBlockDeletingService#1] DEBUG block.SCMBlockDeletingService (SCMBlockDeletingService.java:call(155)) - Scanned deleted blocks log and got 0 delTX to process.
2019-10-05 16:25:08,596 [SCMBlockDeletingService#1] DEBUG block.SCMBlockDeletingService (SCMBlockDeletingService.java:call(138)) - Running DeletedBlockTransactionScanner
2019-10-05 16:25:08,597 [SCMBlockDeletingService#1] DEBUG block.SCMBlockDeletingService (SCMBlockDeletingService.java:call(155)) - Scanned deleted blocks log and got 0 delTX to process.
2019-10-05 16:25:08,697 [SCMBlockDeletingService#1] DEBUG block.SCMBlockDeletingService (SCMBlockDeletingService.java:call(138)) - Running DeletedBlockTransactionScanner
2019-10-05 16:25:08,697 [SCMBlockDeletingService#1] DEBUG block.SCMBlockDeletingService (SCMBlockDeletingService.java:call(155)) - Scanned deleted blocks log and got 0 delTX to process.
2019-10-05 16:25:08,798 [SCMBlockDeletingService#1] DEBUG block.SCMBlockDeletingService (SCMBlockDeletingService.java:call(138)) - Running DeletedBlockTransactionScanner
2019-10-05 16:25:08,798 [SCMBlockDeletingService#1] DEBUG block.SCMBlockDeletingService (SCMBlockDeletingService.java:call(155)) - Scanned deleted blocks log and got 0 delTX to process.
2019-10-05 16:25:08,898 [SCMBlockDeletingService#1] DEBUG block.SCMBlockDeletingService (SCMBlockDeletingService.java:call(138)) - Running DeletedBlockTransactionScanner
2019-10-05 16:25:08,899 [SCMBlockDeletingService#1] DEBUG block.SCMBlockDeletingService (SCMBlockDeletingService.java:call(155)) - Scanned deleted blocks log and got 0 delTX to process.
2019-10-05 16:25:08,918 [IPC Server handler 4 on 36676] INFO  server.SCMBlockProtocolServer (SCMBlockProtocolServer.java:deleteKeyBlocks(212)) - SCM is informed by OM to delete 1 blocks
2019-10-05 16:25:08,921 [IPC Server handler 4 on 36676] INFO  block.BlockManagerImpl (BlockManagerImpl.java:deleteBlocks(269)) - Deleting blocks conID: 1 locID: 102910699020746752 bcsId: 0,conID: 2 locID: 102910699021074433 bcsId: 0,conID: 3 locID: 102910699021074434 bcsId: 0,conID: 1 locID: 102910699021271043 bcsId: 0,conID: 2 locID: 102910699021336580 bcsId: 0,conID: 3 locID: 102910699021336581 bcsId: 0,conID: 1 locID: 102910699243307015 bcsId: 0,conID: 2 locID: 102910699248746504 bcsId: 0,conID: 3 locID: 102910699254448137 bcsId: 0,conID: 1 locID: 102910699257790474 bcsId: 0,conID: 2 locID: 102910699262377995 bcsId: 0,conID: 3 locID: 102910699266637836 bcsId: 0,conID: 1 locID: 102910699288723469 bcsId: 0,conID: 2 locID: 102910699292917774 bcsId: 0,conID: 3 locID: 102910699297439759 bcsId: 0,conID: 1 locID: 102910699301961744 bcsId: 0,conID: 2 locID: 102910699307466769 bcsId: 0,conID: 3 locID: 102910699318673426 bcsId: 0,conID: 1 locID: 102910699323654163 bcsId: 0,conID: 2 locID: 102910699327258644 bcsId: 0,conID: 3 locID: 102910699331190805 bcsId: 0,conID: 1 locID: 102910699335581718 bcsId: 0,conID: 2 locID: 102910699339251735 bcsId: 0,conID: 3 locID: 102910699348885528 bcsId: 0,conID: 1 locID: 102910699352227865 bcsId: 0,conID: 2 locID: 102910699354652698 bcsId: 0,conID: 3 locID: 102910699357798427 bcsId: 0,conID: 1 locID: 102910699361271836 bcsId: 0,conID: 2 locID: 102910699371298845 bcsId: 0,conID: 3 locID: 102910699386109982 bcsId: 0,conID: 1 locID: 102910699391090719 bcsId: 0,conID: 2 locID: 102910699394760736 bcsId: 0,conID: 3 locID: 102910699398299681 bcsId: 0,conID: 1 locID: 102910699401445410 bcsId: 0,conID: 2 locID: 102910699409834019 bcsId: 0,conID: 3 locID: 102910699412914212 bcsId: 0,conID: 1 locID: 102910699415601189 bcsId: 0,conID: 2 locID: 102910699419467814 bcsId: 0,conID: 3 locID: 102910699422023719 bcsId: 0,conID: 1 locID: 102910699431133224 bcsId: 0,conID: 2 locID: 102910699435196457 bcsId: 0,conID: 3 locID: 102910699437293610 bcsId: 0,conID: 1 locID: 102910699439325227 bcsId: 0,conID: 2 locID: 102910699441553452 bcsId: 0,conID: 3 locID: 102910699443519533 bcsId: 0,conID: 1 locID: 102910699452497966 bcsId: 0,conID: 2 locID: 102910699456036911 bcsId: 0,conID: 3 locID: 102910699459379248 bcsId: 0,conID: 1 locID: 102910699462590513 bcsId: 0,conID: 2 locID: 102910699476287538 bcsId: 0,conID: 3 locID: 102910699487363123 bcsId: 0,conID: 1 locID: 102910699490836532 bcsId: 0,conID: 2 locID: 102910699494047797 bcsId: 0,conID: 3 locID: 102910699498438710 bcsId: 0,conID: 1 locID: 102910699531665463 bcsId: 0,conID: 2 locID: 102910699534417976 bcsId: 0,conID: 3 locID: 102910699544903737 bcsId: 0,conID: 1 locID: 102910699552964666 bcsId: 0,conID: 2 locID: 102910699556896827 bcsId: 0,conID: 3 locID: 102910699560828988 bcsId: 0,conID: 1 locID: 102910699563843645 bcsId: 0,conID: 2 locID: 102910699572297790 bcsId: 0,conID: 3 locID: 102910699576033343 bcsId: 0,conID: 1 locID: 102910699579375680 bcsId: 0,conID: 2 locID: 102910699582652481 bcsId: 0,conID: 3 locID: 102910699585208386 bcsId: 0,conID: 1 locID: 102910699588288579 bcsId: 0,conID: 2 locID: 102910699601788996 bcsId: 0,conID: 3 locID: 102910699605786693 bcsId: 0,conID: 1 locID: 102910699610964038 bcsId: 0,conID: 2 locID: 102910699614699591 bcsId: 0,conID: 3 locID: 102910699618893896 bcsId: 0,conID: 1 locID: 102910699628462153 bcsId: 0,conID: 2 locID: 102910699631542346 bcsId: 0,conID: 3 locID: 102910699639013451 bcsId: 0,conID: 1 locID: 102910699642159180 bcsId: 0,conID: 2 locID: 102910699645239373 bcsId: 0,conID: 3 locID: 102910699648385102 bcsId: 0,conID: 1 locID: 102910699657756751 bcsId: 0,conID: 2 locID: 102910699660902480 bcsId: 0,conID: 3 locID: 102910699664244817 bcsId: 0,conID: 1 locID: 102910699667456082 bcsId: 0,conID: 2 locID: 102910699670143059 bcsId: 0,conID: 3 locID: 102910699687444564 bcsId: 0,conID: 1 locID: 102910699690917973 bcsId: 0,conID: 2 locID: 102910699694063702 bcsId: 0,conID: 3 locID: 102910699697012823 bcsId: 0,conID: 1 locID: 102910699700093016 bcsId: 0,conID: 2 locID: 102910699702648921 bcsId: 0,conID: 3 locID: 102910699711299674 bcsId: 0,conID: 1 locID: 102910699714773083 bcsId: 0,conID: 2 locID: 102910699718312028 bcsId: 0,conID: 3 locID: 102910699722440797 bcsId: 0,conID: 1 locID: 102910699731484766 bcsId: 0,conID: 2 locID: 102910699740790879 bcsId: 0,conID: 3 locID: 102910699744002144 bcsId: 0,conID: 1 locID: 102910699747278945 bcsId: 0,conID: 2 locID: 102910699750293602 bcsId: 0,conID: 3 locID: 102910699753439331 bcsId: 0,conID: 1 locID: 102910699755536484 bcsId: 0,conID: 2 locID: 102910699770413157 bcsId: 0,conID: 3 locID: 102910699773624422 bcsId: 0,conID: 1 locID: 102910699776508007 bcsId: 0,conID: 2 locID: 102910699779784808 bcsId: 0,conID: 3 locID: 102910699783585897 bcsId: 0,conID: 1 locID: 102910699792564330 bcsId: 0,conID: 2 locID: 102910699795775595 bcsId: 0,conID: 3 locID: 102910699799052396 bcsId: 0,conID: 1 locID: 102910699802198125 bcsId: 0,conID: 2 locID: 102910699804885102 bcsId: 0,conID: 3 locID: 102910699807506543 bcsId: 0,conID: 1 locID: 102910699822317680 bcsId: 0,conID: 2 locID: 102910699825463409 bcsId: 0,conID: 3 locID: 102910699828740210 bcsId: 0,conID: 1 locID: 102910699832017011 bcsId: 0,conID: 2 locID: 102910699835555956 bcsId: 0,conID: 3 locID: 102910699961254005 bcsId: 0,conID: 1 locID: 102910699973181558 bcsId: 0,conID: 2 locID: 102910699976982647 bcsId: 0,conID: 3 locID: 102910699988516984 bcsId: 0,conID: 1 locID: 102910699991990393 bcsId: 0,conID: 2 locID: 102910699995725946 bcsId: 0,conID: 3 locID: 102910700008439931 bcsId: 0,conID: 1 locID: 102910700011847804 bcsId: 0,conID: 2 locID: 102910700015190141 bcsId: 0,conID: 3 locID: 102910700018532478 bcsId: 0,conID: 1 locID: 102910700021743743 bcsId: 0,conID: 2 locID: 102910700023578752 bcsId: 0,conID: 3 locID: 102910700037865601 bcsId: 0,conID: 1 locID: 102910700041207938 bcsId: 0,conID: 2 locID: 102910700043960451 bcsId: 0,conID: 3 locID: 102910700047237252 bcsId: 0,conID: 1 locID: 102910700050251909 bcsId: 0,conID: 2 locID: 102910700059099270 bcsId: 0,conID: 3 locID: 102910700062048391 bcsId: 0,conID: 1 locID: 102910700065194120 bcsId: 0,conID: 2 locID: 102910700068339849 bcsId: 0,conID: 3 locID: 102910700075483274 bcsId: 0,conID: 1 locID: 102910700079480971 bcsId: 0,conID: 2 locID: 102910700088262796 bcsId: 0,conID: 3 locID: 102910700091080845 bcsId: 0,conID: 1 locID: 102910700094292110 bcsId: 0,conID: 2 locID: 102910700099207311 bcsId: 0,conID: 3 locID: 102910700102353040 bcsId: 0,conID: 1 locID: 102910700111790225 bcsId: 0,conID: 2 locID: 102910700119326866 bcsId: 0,conID: 3 locID: 102910700123521171 bcsId: 0,conID: 1 locID: 102910700126732436 bcsId: 0,conID: 2 locID: 102910700129878165 bcsId: 0,conID: 3 locID: 102910700132565142 bcsId: 0,conID: 1 locID: 102910700142592151 bcsId: 0,conID: 2 locID: 102910700145737880 bcsId: 0,conID: 3 locID: 102910700149211289 bcsId: 0,conID: 1 locID: 102910700153602202 bcsId: 0,conID: 2 locID: 102910700156289179 bcsId: 0,conID: 3 locID: 102910700173787292 bcsId: 0,conID: 1 locID: 102910700177260701 bcsId: 0,conID: 2 locID: 102910700180668574 bcsId: 0,conID: 3 locID: 102910700183945375 bcsId: 0,conID: 1 locID: 102910700187222176 bcsId: 0,conID: 2 locID: 102910700190105761 bcsId: 0,conID: 3 locID: 102910700199346338 bcsId: 0,conID: 1 locID: 102910700202819747 bcsId: 0,conID: 2 locID: 102910700210684068 bcsId: 0,conID: 3 locID: 102910700214157477 bcsId: 0,conID: 1 locID: 102910700218155174 bcsId: 0,conID: 2 locID: 102910700227133607 bcsId: 0,conID: 3 locID: 102910700230475944 bcsId: 0,conID: 1 locID: 102910700233752745 bcsId: 0,conID: 2 locID: 102910700237357226 bcsId: 0,conID: 3 locID: 102910700240371883 bcsId: 0,conID: 1 locID: 102910700243648684 bcsId: 0,conID: 2 locID: 102910700258197677 bcsId: 0,conID: 3 locID: 102910700260819118 bcsId: 0,conID: 1 locID: 102910700263375023 bcsId: 0,conID: 2 locID: 102910700266520752 bcsId: 0,conID: 3 locID: 102910700269666481 bcsId: 0,conID: 1 locID: 102910700277006514 bcsId: 0,conID: 2 locID: 102910700280086707 bcsId: 0,conID: 3 locID: 102910700283429044 bcsId: 0,conID: 1 locID: 102910700286247093 bcsId: 0,conID: 2 locID: 102910700293849270 bcsId: 0,conID: 3 locID: 102910700296667319 bcsId: 0,conID: 1 locID: 102910700304859320 bcsId: 0,conID: 2 locID: 102910700307939513 bcsId: 0,conID: 3 locID: 102910700310757562 bcsId: 0,conID: 1 locID: 102910700314165435 bcsId: 0,conID: 2 locID: 102910700317180092 bcsId: 0,conID: 3 locID: 102910700324978877 bcsId: 0,conID: 1 locID: 102910700328059070 bcsId: 0,conID: 2 locID: 102910700336316607 bcsId: 0,conID: 3 locID: 102910700339265728 bcsId: 0,conID: 1 locID: 102910700343918785 bcsId: 0,conID: 2 locID: 102910700346867906 bcsId: 0,conID: 3 locID: 102910700353814723 bcsId: 0,conID: 1 locID: 102910700355649732 bcsId: 0,conID: 2 locID: 102910700357484741 bcsId: 0,conID: 3 locID: 102910700359975110 bcsId: 0,conID: 1 locID: 102910700362793159 bcsId: 0,conID: 2 locID: 102910700400541896 bcsId: 0,conID: 3 locID: 102910700403818697 bcsId: 0,conID: 1 locID: 102910700406964426 bcsId: 0,conID: 2 locID: 102910700410437835 bcsId: 0,conID: 3 locID: 102910700412076236 bcsId: 0,conID: 1 locID: 102910700413780173 bcsId: 0,conID: 2 locID: 102910700422758606 bcsId: 0,conID: 3 locID: 102910700425969871 bcsId: 0,conID: 1 locID: 102910700429246672 bcsId: 0,conID: 2 locID: 102910700432130257 bcsId: 0,conID: 3 locID: 102910700439011538 bcsId: 0,conID: 1 locID: 102910700448710867 bcsId: 0,conID: 2 locID: 102910700452053204 bcsId: 0,conID: 3 locID: 102910700455264469 bcsId: 0,conID: 1 locID: 102910700458344662 bcsId: 0,conID: 2 locID: 102910700461162711 bcsId: 0,conID: 3 locID: 102910700463390936 bcsId: 0,conID: 1 locID: 102910700474532057 bcsId: 0,conID: 2 locID: 102910700477743322 bcsId: 0,conID: 3 locID: 102910700480692443 bcsId: 0,conID: 1 locID: 102910700483903708 bcsId: 0,conID: 2 locID: 102910700492685533 bcsId: 0,conID: 3 locID: 102910700496093406 bcsId: 0,conID: 1 locID: 102910700504744159 bcsId: 0,conID: 2 locID: 102910700506775776 bcsId: 0,conID: 3 locID: 102910700508545249 bcsId: 0,conID: 1 locID: 102910700510249186 bcsId: 0,conID: 2 locID: 102910700512018659 bcsId: 0,conID: 3 locID: 102910700522307812 bcsId: 0,conID: 1 locID: 102910700525650149 bcsId: 0,conID: 2 locID: 102910700528992486 bcsId: 0,conID: 3 locID: 102910700532728039 bcsId: 0,conID: 1 locID: 102910700543148264 bcsId: 0,conID: 2 locID: 102910700547277033 bcsId: 0,conID: 3 locID: 102910700557566186 bcsId: 0,conID: 1 locID: 102910700561629419 bcsId: 0,conID: 2 locID: 102910700564775148 bcsId: 0,conID: 3 locID: 102910700567986413 bcsId: 0,conID: 1 locID: 102910700571328750 bcsId: 0,conID: 2 locID: 102910700580569327 bcsId: 0,conID: 3 locID: 102910700583780592 bcsId: 0,conID: 1 locID: 102910700587057393 bcsId: 0,conID: 2 locID: 102910700590334194 bcsId: 0,conID: 3 locID: 102910700593742067 bcsId: 0,conID: 1 locID: 102910700602196212 bcsId: 0,conID: 2 locID: 102910700611240181 bcsId: 0,conID: 3 locID: 102910700614910198 bcsId: 0,conID: 1 locID: 102910700618055927 bcsId: 0,conID: 2 locID: 102910700621005048 bcsId: 0,conID: 3 locID: 102910700624347385 bcsId: 0,conID: 1 locID: 102910700633784570 bcsId: 0,conID: 2 locID: 102910700636930299 bcsId: 0,conID: 3 locID: 102910700641059068 bcsId: 0,conID: 1 locID: 102910700644204797 bcsId: 0,conID: 2 locID: 102910700648136958 bcsId: 0,conID: 3 locID: 102910700651544831 bcsId: 0,conID: 1 locID: 102910700665176320 bcsId: 0,conID: 2 locID: 102910700668322049 bcsId: 0,conID: 3 locID: 102910700674089218 bcsId: 0,conID: 1 locID: 102910700676841731 bcsId: 0,conID: 2 locID: 102910700679790852 bcsId: 0,conID: 3 locID: 102910700689621253 bcsId: 0,conID: 1 locID: 102910700692766982 bcsId: 0,conID: 2 locID: 102910700696043783 bcsId: 0,conID: 3 locID: 102910700698796296 bcsId: 0,conID: 1 locID: 102910700701810953 bcsId: 0,conID: 2 locID: 102910700704760074 bcsId: 0,conID: 3 locID: 102910700718326027 bcsId: 0,conID: 1 locID: 102910700720619788 bcsId: 0,conID: 2 locID: 102910700723568909 bcsId: 0,conID: 3 locID: 102910700726452494 bcsId: 0,conID: 1 locID: 102910700729467151 bcsId: 0,conID: 2 locID: 102910700739363088 bcsId: 0,conID: 3 locID: 102910700742508817 bcsId: 0,conID: 1 locID: 102910700746178834 bcsId: 0,conID: 2 locID: 102910700748931347 bcsId: 0,conID: 3 locID: 102910700752535828 bcsId: 0,conID: 1 locID: 102910700754960661 bcsId: 0,conID: 2 locID: 102910700774949142 bcsId: 0,conID: 3 locID: 102910700779077911 bcsId: 0,conID: 1 locID: 102910700783206680 bcsId: 0,conID: 2 locID: 102910700786876697 bcsId: 0,conID: 3 locID: 102910700790219034 bcsId: 0,conID: 1 locID: 102910700802801947 bcsId: 0,conID: 2 locID: 102910700807782684 bcsId: 0,conID: 3 locID: 102910700812042525 bcsId: 0,conID: 1 locID: 102910700815647006 bcsId: 0,conID: 2 locID: 102910700818661663 bcsId: 0,conID: 3 locID: 102910700821807392 bcsId: 0,conID: 1 locID: 102910700832293153 bcsId: 0,conID: 2 locID: 102910700835766562 bcsId: 0,conID: 3 locID: 102910700847235363 bcsId: 0,conID: 1 locID: 102910700851101988 bcsId: 0,conID: 2 locID: 102910700854575397 bcsId: 0,conID: 3 locID: 102910700863291686 bcsId: 0,conID: 1 locID: 102910700866109735 bcsId: 0,conID: 2 locID: 102910700869779752 bcsId: 0,conID: 3 locID: 102910700873187625 bcsId: 0,conID: 1 locID: 102910700875874602 bcsId: 0,conID: 2 locID: 102910700879020331 bcsId: 0,conID: 3 locID: 102910700888064300 bcsId: 0,conID: 1 locID: 102910700891144493 bcsId: 0,conID: 2 locID: 102910700894486830 bcsId: 0,conID: 3 locID: 102910700897829167 bcsId: 0,conID: 1 locID: 102910700907790640 bcsId: 0,conID: 2 locID: 102910700918341937 bcsId: 0,conID: 3 locID: 102910700921618738 bcsId: 0,conID: 1 locID: 102910700924961075 bcsId: 0,conID: 2 locID: 102910700928500020 bcsId: 0,conID: 3 locID: 102910700931645749 bcsId: 0,conID: 1 locID: 102910700935512374 bcsId: 0,conID: 2 locID: 102910700944687415 bcsId: 0,conID: 3 locID: 102910700947833144 bcsId: 0,conID: 1 locID: 102910700952158521 bcsId: 0,conID: 2 locID: 102910700955304250 bcsId: 0,conID: 3 locID: 102910700958384443 bcsId: 0,conID: 1 locID: 102910700971753788 bcsId: 0,conID: 2 locID: 102910700974965053 bcsId: 0,conID: 3 locID: 102910700978045246 bcsId: 0,conID: 1 locID: 102910700981256511 bcsId: 0,conID: 2 locID: 102910700983943488 bcsId: 0,conID: 3 locID: 102910700986564929 bcsId: 0,conID: 1 locID: 102910700998689090 bcsId: 0,conID: 2 locID: 102910701002228035 bcsId: 0,conID: 3 locID: 102910701004980548 bcsId: 0,conID: 1 locID: 102910701008060741 bcsId: 0,conID: 2 locID: 102910701011730758 bcsId: 0,conID: 3 locID: 102910701015007559 bcsId: 0,conID: 1 locID: 102910701028901192 bcsId: 0,conID: 2 locID: 102910701031915849 bcsId: 0,conID: 3 locID: 102910701035061578 bcsId: 0,conID: 1 locID: 102910701038207307 bcsId: 0,conID: 2 locID: 102910701041615180 bcsId: 0,conID: 3 locID: 102910701052297549 bcsId: 0,conID: 1 locID: 102910701055574350 bcsId: 0,conID: 2 locID: 102910701059834191 bcsId: 0,conID: 3 locID: 102910701062652240 bcsId: 0,conID: 1 locID: 102910701065929041 bcsId: 0,conID: 2 locID: 102910701070123346 bcsId: 0,conID: 3 locID: 102910701085327699 bcsId: 0,conID: 1 locID: 102910701088866644 bcsId: 0,conID: 2 locID: 102910701092012373 bcsId: 0,conID: 3 locID: 102910701094502742 bcsId: 0,conID: 1 locID: 102910701097255255 bcsId: 0,conID: 2 locID: 102910701106037080 bcsId: 0,conID: 3 locID: 102910701110165849 bcsId: 0,conID: 1 locID: 102910701113508186 bcsId: 0,conID: 2 locID: 102910701116719451 bcsId: 0,conID: 3 locID: 102910701119668572 bcsId: 0,conID: 1 locID: 102910701122355549 bcsId: 0,conID: 2 locID: 102910701136970078 bcsId: 0,conID: 3 locID: 102910701140115807 bcsId: 0,conID: 1 locID: 102910701142999392 bcsId: 0,conID: 2 locID: 102910701146210657 bcsId: 0,conID: 3 locID: 102910701149028706 bcsId: 0,conID: 1 locID: 102910701157810531 bcsId: 0,conID: 2 locID: 102910701160956260 bcsId: 0,conID: 3 locID: 102910701164101989 bcsId: 0,conID: 1 locID: 102910701167051110 bcsId: 0,conID: 2 locID: 102910701170196839 bcsId: 0,conID: 3 locID: 102910701173277032 bcsId: 0,conID: 1 locID: 102910701187039593 bcsId: 0,conID: 2 locID: 102910701190250858 bcsId: 0,conID: 3 locID: 102910701193331051 bcsId: 0,conID: 1 locID: 102910701195755884 bcsId: 0,conID: 2 locID: 102910701197787501 bcsId: 0,conID: 3 locID: 102910701206569326 bcsId: 0,conID: 1 locID: 102910701209715055 bcsId: 0,conID: 2 locID: 102910701213122928 bcsId: 0,conID: 3 locID: 102910701216268657 bcsId: 0,conID: 1 locID: 102910701219348850 bcsId: 0,conID: 2 locID: 102910701222035827 bcsId: 0,conID: 3 locID: 102910701235143028 bcsId: 0,conID: 1 locID: 102910701238681973 bcsId: 0,conID: 2 locID: 102910701241827702 bcsId: 0,conID: 3 locID: 102910701245038967 bcsId: 0,conID: 1 locID: 102910701247529336 bcsId: 0,conID: 2 locID: 102910701269287289 bcsId: 0,conID: 3 locID: 102910701272170874 bcsId: 0,conID: 1 locID: 102910701275709819 bcsId: 0,conID: 2 locID: 102910701278790012 bcsId: 0,conID: 3 locID: 102910701282001277 bcsId: 0,conID: 1 locID: 102910701285147006 bcsId: 0,conID: 2 locID: 102910701300416895 bcsId: 0,conID: 3 locID: 102910701304807808 bcsId: 0,conID: 1 locID: 102910701308739969 bcsId: 0,conID: 2 locID: 102910701312213378 bcsId: 0,conID: 3 locID: 102910701314638211 bcsId: 0,conID: 1 locID: 102910701323682180 bcsId: 0,conID: 2 locID: 102910701327090053 bcsId: 0,conID: 3 locID: 102910701330891142 bcsId: 0,conID: 1 locID: 102910701333905799 bcsId: 0,conID: 2 locID: 102910701336789384 bcsId: 0,conID: 3 locID: 102910701339869577 bcsId: 0,conID: 1 locID: 102910701374865802 bcsId: 0,conID: 2 locID: 102910701378077067 bcsId: 0,conID: 3 locID: 102910701381812620 bcsId: 0,conID: 1 locID: 102910701385548173 bcsId: 0,conID: 2 locID: 102910701388890510 bcsId: 0,conID: 3 locID: 102910701400359311 bcsId: 0,conID: 1 locID: 102910701403373968 bcsId: 0,conID: 2 locID: 102910701406454161 bcsId: 0,conID: 3 locID: 102910701409534354 bcsId: 0,conID: 1 locID: 102910701412352403 bcsId: 0,conID: 2 locID: 102910701415367060 bcsId: 0,conID: 3 locID: 102910701425852821 bcsId: 0,conID: 1 locID: 102910701429457302 bcsId: 0,conID: 2 locID: 102910701461504407 bcsId: 0,conID: 3 locID: 102910701469434264 bcsId: 0,conID: 1 locID: 102910701472579993 bcsId: 0,conID: 2 locID: 102910701483852186 bcsId: 0,conID: 3 locID: 102910701488374171 bcsId: 0,conID: 1 locID: 102910701491978652 bcsId: 0,conID: 2 locID: 102910701495386525 bcsId: 0,conID: 3 locID: 102910701499646366 bcsId: 0,conID: 1 locID: 102910701502333343 bcsId: 0,conID: 2 locID: 102910701512229280 bcsId: 0,conID: 3 locID: 102910701516030369 bcsId: 0,conID: 1 locID: 102910701519438242 bcsId: 0,conID: 2 locID: 102910701522780579 bcsId: 0,conID: 3 locID: 102910701536543140 bcsId: 0,conID: 1 locID: 102910701547815333 bcsId: 0,conID: 2 locID: 102910701551223206 bcsId: 0,conID: 3 locID: 102910701555024295 bcsId: 0,conID: 1 locID: 102910701558301096 bcsId: 0,conID: 2 locID: 102910701561512361 bcsId: 0,conID: 3 locID: 102910701564461482 bcsId: 0,conID: 1 locID: 102910701575209387 bcsId: 0,conID: 2 locID: 102910701645922732 bcsId: 0,conID: 3 locID: 102910701649199533 bcsId: 0,conID: 1 locID: 102910701652345262 bcsId: 0,conID: 2 locID: 102910701660012975 bcsId: 0,conID: 3 locID: 102910701662896560 bcsId: 0,conID: 1 locID: 102910701673185713 bcsId: 0,conID: 2 locID: 102910701677248946 bcsId: 0,conID: 3 locID: 102910701680984499 bcsId: 0,conID: 1 locID: 102910701684720052 bcsId: 0,conID: 2 locID: 102910701688783285 bcsId: 0,conID: 3 locID: 102910701699334582 bcsId: 0,conID: 1 locID: 102910701703659959 bcsId: 0,conID: 2 locID: 102910701707854264 bcsId: 0,conID: 3 locID: 102910701712114105 bcsId: 0,conID: 1 locID: 102910701715587514 bcsId: 0,conID: 2 locID: 102910701729546683 bcsId: 0,conID: 3 locID: 102910701741736380 bcsId: 0,conID: 1 locID: 102910701745734077 bcsId: 0,conID: 2 locID: 102910701749338558 bcsId: 0,conID: 3 locID: 102910701752615359 bcsId: 0,conID: 1 locID: 102910701756350912 bcsId: 0,conID: 2 locID: 102910701766377921 bcsId: 0,conID: 3 locID: 102910701769982402 bcsId: 0,conID: 1 locID: 102910701774045635 bcsId: 0,conID: 2 locID: 102910701777846724 bcsId: 0,conID: 3 locID: 102910701781451205 bcsId: 0,conID: 1 locID: 102910701785055686 bcsId: 0,conID: 2 locID: 102910701803078087 bcsId: 0,conID: 3 locID: 102910701807010248 bcsId: 0,conID: 1 locID: 102910701810876873 bcsId: 0,conID: 2 locID: 102910701814219210 bcsId: 0,conID: 3 locID: 102910701817561547 bcsId: 0,conID: 1 locID: 102910701829816780 bcsId: 0,conID: 2 locID: 102910701834731981 bcsId: 0,conID: 3 locID: 102910701840564686 bcsId: 0,conID: 1 locID: 102910701845348815 bcsId: 0,conID: 2 locID: 102910701849084368 bcsId: 0,conID: 3 locID: 102910701852623313 bcsId: 0,conID: 1 locID: 102910701870186962 bcsId: 0,conID: 2 locID: 102910701873791443 bcsId: 0,conID: 3 locID: 102910701877264852 bcsId: 0,conID: 1 locID: 102910701880607189 bcsId: 0,conID: 2 locID: 102910701884146134 bcsId: 0,conID: 3 locID: 102910701894107607 bcsId: 0,conID: 1 locID: 102910701897843160 bcsId: 0,conID: 2 locID: 102910701901251033 bcsId: 0,conID: 3 locID: 102910701904986586 bcsId: 0,conID: 1 locID: 102910701908656603 bcsId: 0,conID: 2 locID: 102910701912326620 bcsId: 0,conID: 3 locID: 102910701926679005 bcsId: 0,conID: 1 locID: 102910701930086878 bcsId: 0,conID: 2 locID: 102910701933953503 bcsId: 0,conID: 3 locID: 102910701938409952 bcsId: 0,conID: 1 locID: 102910701942014433 bcsId: 0,conID: 2 locID: 102910702146028002 bcsId: 0,conID: 3 locID: 102910702151926243 bcsId: 0,conID: 1 locID: 102910702156382692 bcsId: 0,conID: 2 locID: 102910702160773605 bcsId: 0,conID: 3 locID: 102910702168375782 bcsId: 0,conID: 1 locID: 102910702172504551 bcsId: 0,conID: 2 locID: 102910702192493032 bcsId: 0,conID: 3 locID: 102910702196490729 bcsId: 0,conID: 1 locID: 102910702200095210 bcsId: 0,conID: 2 locID: 102910702207304171 bcsId: 0,conID: 3 locID: 102910702210908652 bcsId: 0,conID: 1 locID: 102910702221984237 bcsId: 0,conID: 2 locID: 102910702225588718 bcsId: 0,conID: 3 locID: 102910702229062127 bcsId: 0,conID: 1 locID: 102910702232535536 bcsId: 0,conID: 2 locID: 102910702235812337 bcsId: 0,conID: 3 locID: 102910702239941106 bcsId: 0,conID: 1 locID: 102910702256259571 bcsId: 0,conID: 2 locID: 102910702259405300 bcsId: 0,conID: 3 locID: 102910702262485493 bcsId: 0,conID: 1 locID: 102910702265893366 bcsId: 0,conID: 2 locID: 102910702269039095 bcsId: 0,conID: 3 locID: 102910702277427704 bcsId: 0,conID: 1 locID: 102910702280573433 bcsId: 0,conID: 2 locID: 102910702284177914 bcsId: 0,conID: 3 locID: 102910702287454715 bcsId: 0,conID: 1 locID: 102910702290141692 bcsId: 0,conID: 2 locID: 102910702293156349 bcsId: 0,conID: 3 locID: 102910702308164094 bcsId: 0,conID: 1 locID: 102910702311178751 bcsId: 0,conID: 2 locID: 102910702314258944 bcsId: 0,conID: 3 locID: 102910702317732353 bcsId: 0,conID: 1 locID: 102910702320288258 bcsId: 0,conID: 2 locID: 102910702328021507 bcsId: 0,conID: 3 locID: 102910702330118660 bcsId: 0,conID: 1 locID: 102910702332412421 bcsId: 0,conID: 2 locID: 102910702335164934 bcsId: 0,conID: 3 locID: 102910702337589767 bcsId: 0,conID: 1 locID: 102910702339686920 bcsId: 0,conID: 2 locID: 102910702354432521 bcsId: 0,conID: 3 locID: 102910702357512714 bcsId: 0,conID: 1 locID: 102910702360265227 bcsId: 0,conID: 2 locID: 102910702363673100 bcsId: 0,conID: 3 locID: 102910702367080973 bcsId: 0,conID: 1 locID: 102910702377304590 bcsId: 0,conID: 2 locID: 102910702380253711 bcsId: 0,conID: 3 locID: 102910702382416400 bcsId: 0,conID: 1 locID: 102910702385562129 bcsId: 0,conID: 2 locID: 102910702388511250 bcsId: 0,conID: 3 locID: 102910702391329299 bcsId: 0,conID: 1 locID: 102910702404895252 bcsId: 0,conID: 2 locID: 102910702408237589 bcsId: 0,conID: 3 locID: 102910702411317782 bcsId: 0,conID: 1 locID: 102910702415315479 bcsId: 0,conID: 2 locID: 102910702418395672 bcsId: 0,conID: 3 locID: 102910702421934617 bcsId: 0,conID: 1 locID: 102910702429405722 bcsId: 0,conID: 2 locID: 102910702432682523 bcsId: 0,conID: 3 locID: 102910702435893788 bcsId: 0,conID: 1 locID: 102910702439039517 bcsId: 0,conID: 2 locID: 102910702442316318 bcsId: 0,conID: 3 locID: 102910702857093663 bcsId: 0,conID: 1 locID: 102910702880162336 bcsId: 0,conID: 2 locID: 102910702884422177 bcsId: 0,conID: 3 locID: 102910702888682018 bcsId: 0,conID: 1 locID: 102910702893007395 bcsId: 0,conID: 2 locID: 102910702897201700 bcsId: 0,conID: 3 locID: 102910702909522469 bcsId: 0,conID: 1 locID: 102910702913651238 bcsId: 0,conID: 2 locID: 102910702917452327 bcsId: 0,conID: 3 locID: 102910702921450024 bcsId: 0,conID: 1 locID: 102910702925316649 bcsId: 0
2019-10-05 16:25:08,999 [SCMBlockDeletingService#1] DEBUG block.SCMBlockDeletingService (SCMBlockDeletingService.java:call(138)) - Running DeletedBlockTransactionScanner
2019-10-05 16:25:09,000 [SCMBlockDeletingService#1] DEBUG block.SCMBlockDeletingService (SCMBlockDeletingService.java:call(155)) - Scanned deleted blocks log and got 0 delTX to process.
2019-10-05 16:25:09,100 [SCMBlockDeletingService#1] DEBUG block.SCMBlockDeletingService (SCMBlockDeletingService.java:call(138)) - Running DeletedBlockTransactionScanner
2019-10-05 16:25:09,101 [SCMBlockDeletingService#1] DEBUG block.SCMBlockDeletingService (SCMBlockDeletingService.java:call(155)) - Scanned deleted blocks log and got 0 delTX to process.
2019-10-05 16:25:09,201 [SCMBlockDeletingService#1] DEBUG block.SCMBlockDeletingService (SCMBlockDeletingService.java:call(138)) - Running DeletedBlockTransactionScanner
2019-10-05 16:25:09,202 [SCMBlockDeletingService#1] DEBUG block.SCMBlockDeletingService (SCMBlockDeletingService.java:call(155)) - Scanned deleted blocks log and got 0 delTX to process.
2019-10-05 16:25:09,303 [SCMBlockDeletingService#1] DEBUG block.SCMBlockDeletingService (SCMBlockDeletingService.java:call(138)) - Running DeletedBlockTransactionScanner
2019-10-05 16:25:09,303 [SCMBlockDeletingService#1] DEBUG block.SCMBlockDeletingService (SCMBlockDeletingService.java:call(155)) - Scanned deleted blocks log and got 0 delTX to process.
2019-10-05 16:25:09,404 [SCMBlockDeletingService#1] DEBUG block.SCMBlockDeletingService (SCMBlockDeletingService.java:call(138)) - Running DeletedBlockTransactionScanner
2019-10-05 16:25:09,404 [SCMBlockDeletingService#1] DEBUG block.SCMBlockDeletingService (SCMBlockDeletingService.java:call(155)) - Scanned deleted blocks log and got 0 delTX to process.
2019-10-05 16:25:09,505 [SCMBlockDeletingService#1] DEBUG block.SCMBlockDeletingService (SCMBlockDeletingService.java:call(138)) - Running DeletedBlockTransactionScanner
2019-10-05 16:25:09,506 [SCMBlockDeletingService#1] DEBUG block.SCMBlockDeletingService (SCMBlockDeletingService.java:call(155)) - Scanned deleted blocks log and got 0 delTX to process.
2019-10-05 16:25:09,606 [SCMBlockDeletingService#1] DEBUG block.SCMBlockDeletingService (SCMBlockDeletingService.java:call(138)) - Running DeletedBlockTransactionScanner
2019-10-05 16:25:09,607 [SCMBlockDeletingService#1] DEBUG block.SCMBlockDeletingService (SCMBlockDeletingService.java:call(155)) - Scanned deleted blocks log and got 0 delTX to process.
2019-10-05 16:25:09,707 [SCMBlockDeletingService#1] DEBUG block.SCMBlockDeletingService (SCMBlockDeletingService.java:call(138)) - Running DeletedBlockTransactionScanner
2019-10-05 16:25:09,708 [SCMBlockDeletingService#1] DEBUG block.SCMBlockDeletingService (SCMBlockDeletingService.java:call(155)) - Scanned deleted blocks log and got 0 delTX to process.
2019-10-05 16:25:09,809 [SCMBlockDeletingService#1] DEBUG block.SCMBlockDeletingService (SCMBlockDeletingService.java:call(138)) - Running DeletedBlockTransactionScanner
2019-10-05 16:25:09,809 [SCMBlockDeletingService#1] DEBUG block.SCMBlockDeletingService (SCMBlockDeletingService.java:call(155)) - Scanned deleted blocks log and got 0 delTX to process.
2019-10-05 16:25:09,910 [SCMBlockDeletingService#1] DEBUG block.SCMBlockDeletingService (SCMBlockDeletingService.java:call(138)) - Running DeletedBlockTransactionScanner
2019-10-05 16:25:09,910 [SCMBlockDeletingService#1] DEBUG block.SCMBlockDeletingService (SCMBlockDeletingService.java:call(155)) - Scanned deleted blocks log and got 0 delTX to process.
2019-10-05 16:25:10,011 [SCMBlockDeletingService#1] DEBUG block.SCMBlockDeletingService (SCMBlockDeletingService.java:call(138)) - Running DeletedBlockTransactionScanner
2019-10-05 16:25:10,011 [SCMBlockDeletingService#1] DEBUG block.SCMBlockDeletingService (SCMBlockDeletingService.java:call(155)) - Scanned deleted blocks log and got 0 delTX to process.
2019-10-05 16:25:10,112 [SCMBlockDeletingService#1] DEBUG block.SCMBlockDeletingService (SCMBlockDeletingService.java:call(138)) - Running DeletedBlockTransactionScanner
2019-10-05 16:25:10,113 [SCMBlockDeletingService#1] DEBUG block.SCMBlockDeletingService (SCMBlockDeletingService.java:call(155)) - Scanned deleted blocks log and got 0 delTX to process.
2019-10-05 16:25:10,213 [SCMBlockDeletingService#1] DEBUG block.SCMBlockDeletingService (SCMBlockDeletingService.java:call(138)) - Running DeletedBlockTransactionScanner
2019-10-05 16:25:10,214 [SCMBlockDeletingService#1] DEBUG block.SCMBlockDeletingService (SCMBlockDeletingService.java:call(155)) - Scanned deleted blocks log and got 0 delTX to process.
2019-10-05 16:25:10,314 [SCMBlockDeletingService#1] DEBUG block.SCMBlockDeletingService (SCMBlockDeletingService.java:call(138)) - Running DeletedBlockTransactionScanner
2019-10-05 16:25:10,315 [SCMBlockDeletingService#1] DEBUG block.SCMBlockDeletingService (SCMBlockDeletingService.java:call(155)) - Scanned deleted blocks log and got 0 delTX to process.
2019-10-05 16:25:10,415 [SCMBlockDeletingService#1] DEBUG block.SCMBlockDeletingService (SCMBlockDeletingService.java:call(138)) - Running DeletedBlockTransactionScanner
2019-10-05 16:25:10,416 [SCMBlockDeletingService#1] DEBUG block.SCMBlockDeletingService (SCMBlockDeletingService.java:call(155)) - Scanned deleted blocks log and got 0 delTX to process.
2019-10-05 16:25:10,516 [SCMBlockDeletingService#1] DEBUG block.SCMBlockDeletingService (SCMBlockDeletingService.java:call(138)) - Running DeletedBlockTransactionScanner
2019-10-05 16:25:10,516 [SCMBlockDeletingService#1] DEBUG block.SCMBlockDeletingService (SCMBlockDeletingService.java:call(155)) - Scanned deleted blocks log and got 0 delTX to process.
2019-10-05 16:25:10,617 [SCMBlockDeletingService#1] DEBUG block.SCMBlockDeletingService (SCMBlockDeletingService.java:call(138)) - Running DeletedBlockTransactionScanner
2019-10-05 16:25:10,617 [SCMBlockDeletingService#1] DEBUG block.SCMBlockDeletingService (SCMBlockDeletingService.java:call(155)) - Scanned deleted blocks log and got 0 delTX to process.
2019-10-05 16:25:10,718 [SCMBlockDeletingService#1] DEBUG block.SCMBlockDeletingService (SCMBlockDeletingService.java:call(138)) - Running DeletedBlockTransactionScanner
2019-10-05 16:25:10,718 [SCMBlockDeletingService#1] DEBUG block.SCMBlockDeletingService (SCMBlockDeletingService.java:call(155)) - Scanned deleted blocks log and got 0 delTX to process.
2019-10-05 16:25:10,819 [SCMBlockDeletingService#1] DEBUG block.SCMBlockDeletingService (SCMBlockDeletingService.java:call(138)) - Running DeletedBlockTransactionScanner
2019-10-05 16:25:10,819 [SCMBlockDeletingService#1] DEBUG block.SCMBlockDeletingService (SCMBlockDeletingService.java:call(155)) - Scanned deleted blocks log and got 0 delTX to process.
2019-10-05 16:25:10,920 [SCMBlockDeletingService#1] DEBUG block.SCMBlockDeletingService (SCMBlockDeletingService.java:call(138)) - Running DeletedBlockTransactionScanner
2019-10-05 16:25:10,920 [SCMBlockDeletingService#1] DEBUG block.SCMBlockDeletingService (SCMBlockDeletingService.java:call(155)) - Scanned deleted blocks log and got 0 delTX to process.
2019-10-05 16:25:11,021 [SCMBlockDeletingService#1] DEBUG block.SCMBlockDeletingService (SCMBlockDeletingService.java:call(138)) - Running DeletedBlockTransactionScanner
2019-10-05 16:25:11,021 [SCMBlockDeletingService#1] DEBUG block.SCMBlockDeletingService (SCMBlockDeletingService.java:call(155)) - Scanned deleted blocks log and got 0 delTX to process.
2019-10-05 16:25:11,122 [SCMBlockDeletingService#1] DEBUG block.SCMBlockDeletingService (SCMBlockDeletingService.java:call(138)) - Running DeletedBlockTransactionScanner
2019-10-05 16:25:11,122 [SCMBlockDeletingService#1] DEBUG block.SCMBlockDeletingService (SCMBlockDeletingService.java:call(155)) - Scanned deleted blocks log and got 0 delTX to process.
2019-10-05 16:25:11,223 [SCMBlockDeletingService#1] DEBUG block.SCMBlockDeletingService (SCMBlockDeletingService.java:call(138)) - Running DeletedBlockTransactionScanner
2019-10-05 16:25:11,223 [SCMBlockDeletingService#1] DEBUG block.SCMBlockDeletingService (SCMBlockDeletingService.java:call(155)) - Scanned deleted blocks log and got 0 delTX to process.
2019-10-05 16:25:11,323 [SCMBlockDeletingService#1] DEBUG block.SCMBlockDeletingService (SCMBlockDeletingService.java:call(138)) - Running DeletedBlockTransactionScanner
2019-10-05 16:25:11,324 [SCMBlockDeletingService#1] DEBUG block.SCMBlockDeletingService (SCMBlockDeletingService.java:call(155)) - Scanned deleted blocks log and got 0 delTX to process.
2019-10-05 16:25:11,424 [SCMBlockDeletingService#1] DEBUG block.SCMBlockDeletingService (SCMBlockDeletingService.java:call(138)) - Running DeletedBlockTransactionScanner
2019-10-05 16:25:11,425 [SCMBlockDeletingService#1] DEBUG block.SCMBlockDeletingService (SCMBlockDeletingService.java:call(155)) - Scanned deleted blocks log and got 0 delTX to process.
2019-10-05 16:25:11,525 [SCMBlockDeletingService#1] DEBUG block.SCMBlockDeletingService (SCMBlockDeletingService.java:call(138)) - Running DeletedBlockTransactionScanner
2019-10-05 16:25:11,526 [SCMBlockDeletingService#1] DEBUG block.SCMBlockDeletingService (SCMBlockDeletingService.java:call(155)) - Scanned deleted blocks log and got 0 delTX to process.
2019-10-05 16:25:11,626 [SCMBlockDeletingService#1] DEBUG block.SCMBlockDeletingService (SCMBlockDeletingService.java:call(138)) - Running DeletedBlockTransactionScanner
2019-10-05 16:25:11,628 [SCMBlockDeletingService#1] DEBUG block.SCMBlockDeletingService (SCMBlockDeletingService.java:call(155)) - Scanned deleted blocks log and got 0 delTX to process.
2019-10-05 16:25:11,728 [SCMBlockDeletingService#1] DEBUG block.SCMBlockDeletingService (SCMBlockDeletingService.java:call(138)) - Running DeletedBlockTransactionScanner
2019-10-05 16:25:11,729 [SCMBlockDeletingService#1] DEBUG block.SCMBlockDeletingService (SCMBlockDeletingService.java:call(155)) - Scanned deleted blocks log and got 0 delTX to process.
2019-10-05 16:25:11,829 [SCMBlockDeletingService#1] DEBUG block.SCMBlockDeletingService (SCMBlockDeletingService.java:call(138)) - Running DeletedBlockTransactionScanner
2019-10-05 16:25:11,830 [SCMBlockDeletingService#1] DEBUG block.SCMBlockDeletingService (SCMBlockDeletingService.java:call(155)) - Scanned deleted blocks log and got 0 delTX to process.
2019-10-05 16:25:11,930 [SCMBlockDeletingService#1] DEBUG block.SCMBlockDeletingService (SCMBlockDeletingService.java:call(138)) - Running DeletedBlockTransactionScanner
2019-10-05 16:25:11,931 [SCMBlockDeletingService#1] DEBUG block.SCMBlockDeletingService (SCMBlockDeletingService.java:call(155)) - Scanned deleted blocks log and got 0 delTX to process.
2019-10-05 16:25:12,031 [SCMBlockDeletingService#1] DEBUG block.SCMBlockDeletingService (SCMBlockDeletingService.java:call(138)) - Running DeletedBlockTransactionScanner
2019-10-05 16:25:12,032 [SCMBlockDeletingService#1] DEBUG block.SCMBlockDeletingService (SCMBlockDeletingService.java:call(155)) - Scanned deleted blocks log and got 0 delTX to process.
2019-10-05 16:25:12,132 [SCMBlockDeletingService#1] DEBUG block.SCMBlockDeletingService (SCMBlockDeletingService.java:call(138)) - Running DeletedBlockTransactionScanner
2019-10-05 16:25:12,133 [SCMBlockDeletingService#1] DEBUG block.SCMBlockDeletingService (SCMBlockDeletingService.java:call(155)) - Scanned deleted blocks log and got 0 delTX to process.
2019-10-05 16:25:12,233 [SCMBlockDeletingService#1] DEBUG block.SCMBlockDeletingService (SCMBlockDeletingService.java:call(138)) - Running DeletedBlockTransactionScanner
2019-10-05 16:25:12,234 [SCMBlockDeletingService#1] DEBUG block.SCMBlockDeletingService (SCMBlockDeletingService.java:call(155)) - Scanned deleted blocks log and got 0 delTX to process.
2019-10-05 16:25:12,334 [SCMBlockDeletingService#1] DEBUG block.SCMBlockDeletingService (SCMBlockDeletingService.java:call(138)) - Running DeletedBlockTransactionScanner
2019-10-05 16:25:12,334 [SCMBlockDeletingService#1] DEBUG block.SCMBlockDeletingService (SCMBlockDeletingService.java:call(155)) - Scanned deleted blocks log and got 0 delTX to process.
2019-10-05 16:25:12,435 [SCMBlockDeletingService#1] DEBUG block.SCMBlockDeletingService (SCMBlockDeletingService.java:call(138)) - Running DeletedBlockTransactionScanner
2019-10-05 16:25:12,435 [SCMBlockDeletingService#1] DEBUG block.SCMBlockDeletingService (SCMBlockDeletingService.java:call(155)) - Scanned deleted blocks log and got 0 delTX to process.
2019-10-05 16:25:12,536 [SCMBlockDeletingService#1] DEBUG block.SCMBlockDeletingService (SCMBlockDeletingService.java:call(138)) - Running DeletedBlockTransactionScanner
2019-10-05 16:25:12,536 [SCMBlockDeletingService#1] DEBUG block.SCMBlockDeletingService (SCMBlockDeletingService.java:call(155)) - Scanned deleted blocks log and got 0 delTX to process.
2019-10-05 16:25:12,637 [SCMBlockDeletingService#1] DEBUG block.SCMBlockDeletingService (SCMBlockDeletingService.java:call(138)) - Running DeletedBlockTransactionScanner
2019-10-05 16:25:12,637 [SCMBlockDeletingService#1] DEBUG block.SCMBlockDeletingService (SCMBlockDeletingService.java:call(155)) - Scanned deleted blocks log and got 0 delTX to process.
2019-10-05 16:25:12,738 [SCMBlockDeletingService#1] DEBUG block.SCMBlockDeletingService (SCMBlockDeletingService.java:call(138)) - Running DeletedBlockTransactionScanner
2019-10-05 16:25:12,738 [SCMBlockDeletingService#1] DEBUG block.SCMBlockDeletingService (SCMBlockDeletingService.java:call(155)) - Scanned deleted blocks log and got 0 delTX to process.
2019-10-05 16:25:12,839 [SCMBlockDeletingService#1] DEBUG block.SCMBlockDeletingService (SCMBlockDeletingService.java:call(138)) - Running DeletedBlockTransactionScanner
2019-10-05 16:25:12,839 [SCMBlockDeletingService#1] DEBUG block.SCMBlockDeletingService (SCMBlockDeletingService.java:call(155)) - Scanned deleted blocks log and got 0 delTX to process.
2019-10-05 16:25:12,940 [SCMBlockDeletingService#1] DEBUG block.SCMBlockDeletingService (SCMBlockDeletingService.java:call(138)) - Running DeletedBlockTransactionScanner
2019-10-05 16:25:12,940 [SCMBlockDeletingService#1] DEBUG block.SCMBlockDeletingService (SCMBlockDeletingService.java:call(155)) - Scanned deleted blocks log and got 0 delTX to process.
2019-10-05 16:25:13,040 [SCMBlockDeletingService#1] DEBUG block.SCMBlockDeletingService (SCMBlockDeletingService.java:call(138)) - Running DeletedBlockTransactionScanner
2019-10-05 16:25:13,041 [SCMBlockDeletingService#1] DEBUG block.SCMBlockDeletingService (SCMBlockDeletingService.java:call(155)) - Scanned deleted blocks log and got 0 delTX to process.
2019-10-05 16:25:13,141 [SCMBlockDeletingService#1] DEBUG block.SCMBlockDeletingService (SCMBlockDeletingService.java:call(138)) - Running DeletedBlockTransactionScanner
2019-10-05 16:25:13,142 [SCMBlockDeletingService#1] DEBUG block.SCMBlockDeletingService (SCMBlockDeletingService.java:call(155)) - Scanned deleted blocks log and got 0 delTX to process.
2019-10-05 16:25:13,242 [SCMBlockDeletingService#1] DEBUG block.SCMBlockDeletingService (SCMBlockDeletingService.java:call(138)) - Running DeletedBlockTransactionScanner
2019-10-05 16:25:13,242 [SCMBlockDeletingService#1] DEBUG block.SCMBlockDeletingService (SCMBlockDeletingService.java:call(155)) - Scanned deleted blocks log and got 0 delTX to process.
2019-10-05 16:25:13,343 [SCMBlockDeletingService#1] DEBUG block.SCMBlockDeletingService (SCMBlockDeletingService.java:call(138)) - Running DeletedBlockTransactionScanner
2019-10-05 16:25:13,343 [SCMBlockDeletingService#1] DEBUG block.SCMBlockDeletingService (SCMBlockDeletingService.java:call(155)) - Scanned deleted blocks log and got 0 delTX to process.
2019-10-05 16:25:13,444 [SCMBlockDeletingService#1] DEBUG block.SCMBlockDeletingService (SCMBlockDeletingService.java:call(138)) - Running DeletedBlockTransactionScanner
2019-10-05 16:25:13,444 [SCMBlockDeletingService#1] DEBUG block.SCMBlockDeletingService (SCMBlockDeletingService.java:call(155)) - Scanned deleted blocks log and got 0 delTX to process.
2019-10-05 16:25:13,544 [SCMBlockDeletingService#1] DEBUG block.SCMBlockDeletingService (SCMBlockDeletingService.java:call(138)) - Running DeletedBlockTransactionScanner
2019-10-05 16:25:13,545 [SCMBlockDeletingService#1] DEBUG block.SCMBlockDeletingService (SCMBlockDeletingService.java:call(155)) - Scanned deleted blocks log and got 0 delTX to process.
2019-10-05 16:25:13,645 [SCMBlockDeletingService#1] DEBUG block.SCMBlockDeletingService (SCMBlockDeletingService.java:call(138)) - Running DeletedBlockTransactionScanner
2019-10-05 16:25:13,645 [SCMBlockDeletingService#1] DEBUG block.SCMBlockDeletingService (SCMBlockDeletingService.java:call(155)) - Scanned deleted blocks log and got 0 delTX to process.
2019-10-05 16:25:13,746 [SCMBlockDeletingService#1] DEBUG block.SCMBlockDeletingService (SCMBlockDeletingService.java:call(138)) - Running DeletedBlockTransactionScanner
2019-10-05 16:25:13,746 [SCMBlockDeletingService#1] DEBUG block.SCMBlockDeletingService (SCMBlockDeletingService.java:call(155)) - Scanned deleted blocks log and got 0 delTX to process.
2019-10-05 16:25:13,847 [SCMBlockDeletingService#1] DEBUG block.SCMBlockDeletingService (SCMBlockDeletingService.java:call(138)) - Running DeletedBlockTransactionScanner
2019-10-05 16:25:13,851 [SCMBlockDeletingService#1] DEBUG block.SCMBlockDeletingService (SCMBlockDeletingService.java:call(155)) - Scanned deleted blocks log and got 3 delTX to process.
2019-10-05 16:25:13,858 [SCMBlockDeletingService#1] DEBUG block.SCMBlockDeletingService (SCMBlockDeletingService.java:call(171)) - Added delete block command for datanode 29926ed2-d930-4601-9cf8-13a6494a0fce in the queue, number of delete block transactions: 3, TxID list: 1,2,3
2019-10-05 16:25:13,859 [SCMBlockDeletingService#1] INFO  block.SCMBlockDeletingService (SCMBlockDeletingService.java:call(182)) - Totally added 3 delete blocks command for 1 datanodes, task elapsed time: 12ms
2019-10-05 16:25:13,869 [Datanode State Machine Thread - 0] INFO  statemachine.DatanodeStateMachine (DatanodeStateMachine.java:lambda$startDaemon$0(350)) - Ozone container server started.
2019-10-05 16:25:13,959 [SCMBlockDeletingService#1] DEBUG block.SCMBlockDeletingService (SCMBlockDeletingService.java:call(138)) - Running DeletedBlockTransactionScanner
2019-10-05 16:25:13,960 [SCMBlockDeletingService#1] DEBUG block.SCMBlockDeletingService (SCMBlockDeletingService.java:call(155)) - Scanned deleted blocks log and got 3 delTX to process.
2019-10-05 16:25:13,960 [SCMBlockDeletingService#1] DEBUG block.SCMBlockDeletingService (SCMBlockDeletingService.java:call(171)) - Added delete block command for datanode 29926ed2-d930-4601-9cf8-13a6494a0fce in the queue, number of delete block transactions: 3, TxID list: 1,2,3
2019-10-05 16:25:13,961 [SCMBlockDeletingService#1] INFO  block.SCMBlockDeletingService (SCMBlockDeletingService.java:call(182)) - Totally added 3 delete blocks command for 1 datanodes, task elapsed time: 1ms
2019-10-05 16:25:14,061 [SCMBlockDeletingService#1] DEBUG block.SCMBlockDeletingService (SCMBlockDeletingService.java:call(138)) - Running DeletedBlockTransactionScanner
2019-10-05 16:25:14,062 [SCMBlockDeletingService#1] DEBUG block.SCMBlockDeletingService (SCMBlockDeletingService.java:call(155)) - Scanned deleted blocks log and got 3 delTX to process.
2019-10-05 16:25:14,062 [SCMBlockDeletingService#1] DEBUG block.SCMBlockDeletingService (SCMBlockDeletingService.java:call(171)) - Added delete block command for datanode 29926ed2-d930-4601-9cf8-13a6494a0fce in the queue, number of delete block transactions: 3, TxID list: 1,2,3
2019-10-05 16:25:14,062 [SCMBlockDeletingService#1] INFO  block.SCMBlockDeletingService (SCMBlockDeletingService.java:call(182)) - Totally added 3 delete blocks command for 1 datanodes, task elapsed time: 2ms
2019-10-05 16:25:14,163 [SCMBlockDeletingService#1] DEBUG block.SCMBlockDeletingService (SCMBlockDeletingService.java:call(138)) - Running DeletedBlockTransactionScanner
2019-10-05 16:25:14,163 [SCMBlockDeletingService#1] DEBUG block.SCMBlockDeletingService (SCMBlockDeletingService.java:call(155)) - Scanned deleted blocks log and got 3 delTX to process.
2019-10-05 16:25:14,164 [SCMBlockDeletingService#1] DEBUG block.SCMBlockDeletingService (SCMBlockDeletingService.java:call(171)) - Added delete block command for datanode 29926ed2-d930-4601-9cf8-13a6494a0fce in the queue, number of delete block transactions: 3, TxID list: 1,2,3
2019-10-05 16:25:14,164 [SCMBlockDeletingService#1] INFO  block.SCMBlockDeletingService (SCMBlockDeletingService.java:call(182)) - Totally added 3 delete blocks command for 1 datanodes, task elapsed time: 1ms
2019-10-05 16:25:14,264 [SCMBlockDeletingService#1] DEBUG block.SCMBlockDeletingService (SCMBlockDeletingService.java:call(138)) - Running DeletedBlockTransactionScanner
2019-10-05 16:25:14,265 [SCMBlockDeletingService#1] DEBUG block.SCMBlockDeletingService (SCMBlockDeletingService.java:call(155)) - Scanned deleted blocks log and got 3 delTX to process.
2019-10-05 16:25:14,265 [SCMBlockDeletingService#1] DEBUG block.SCMBlockDeletingService (SCMBlockDeletingService.java:call(171)) - Added delete block command for datanode 29926ed2-d930-4601-9cf8-13a6494a0fce in the queue, number of delete block transactions: 3, TxID list: 1,2,3
2019-10-05 16:25:14,265 [SCMBlockDeletingService#1] INFO  block.SCMBlockDeletingService (SCMBlockDeletingService.java:call(182)) - Totally added 3 delete blocks command for 1 datanodes, task elapsed time: 0ms
2019-10-05 16:25:14,366 [SCMBlockDeletingService#1] DEBUG block.SCMBlockDeletingService (SCMBlockDeletingService.java:call(138)) - Running DeletedBlockTransactionScanner
2019-10-05 16:25:14,366 [SCMBlockDeletingService#1] DEBUG block.SCMBlockDeletingService (SCMBlockDeletingService.java:call(155)) - Scanned deleted blocks log and got 3 delTX to process.
2019-10-05 16:25:14,366 [SCMBlockDeletingService#1] DEBUG block.SCMBlockDeletingService (SCMBlockDeletingService.java:call(171)) - Added delete block command for datanode 29926ed2-d930-4601-9cf8-13a6494a0fce in the queue, number of delete block transactions: 3, TxID list: 1,2,3
2019-10-05 16:25:14,367 [SCMBlockDeletingService#1] INFO  block.SCMBlockDeletingService (SCMBlockDeletingService.java:call(182)) - Totally added 3 delete blocks command for 1 datanodes, task elapsed time: 1ms
2019-10-05 16:25:14,467 [SCMBlockDeletingService#1] DEBUG block.SCMBlockDeletingService (SCMBlockDeletingService.java:call(138)) - Running DeletedBlockTransactionScanner
2019-10-05 16:25:14,468 [SCMBlockDeletingService#1] DEBUG block.SCMBlockDeletingService (SCMBlockDeletingService.java:call(155)) - Scanned deleted blocks log and got 3 delTX to process.
2019-10-05 16:25:14,468 [SCMBlockDeletingService#1] DEBUG block.SCMBlockDeletingService (SCMBlockDeletingService.java:call(171)) - Added delete block command for datanode 29926ed2-d930-4601-9cf8-13a6494a0fce in the queue, number of delete block transactions: 3, TxID list: 1,2,3
2019-10-05 16:25:14,469 [SCMBlockDeletingService#1] INFO  block.SCMBlockDeletingService (SCMBlockDeletingService.java:call(182)) - Totally added 3 delete blocks command for 1 datanodes, task elapsed time: 1ms
2019-10-05 16:25:14,569 [SCMBlockDeletingService#0] DEBUG block.SCMBlockDeletingService (SCMBlockDeletingService.java:call(138)) - Running DeletedBlockTransactionScanner
2019-10-05 16:25:14,570 [SCMBlockDeletingService#0] DEBUG block.SCMBlockDeletingService (SCMBlockDeletingService.java:call(155)) - Scanned deleted blocks log and got 3 delTX to process.
2019-10-05 16:25:14,570 [SCMBlockDeletingService#0] DEBUG block.SCMBlockDeletingService (SCMBlockDeletingService.java:call(171)) - Added delete block command for datanode 29926ed2-d930-4601-9cf8-13a6494a0fce in the queue, number of delete block transactions: 3, TxID list: 1,2,3
2019-10-05 16:25:14,570 [SCMBlockDeletingService#0] INFO  block.SCMBlockDeletingService (SCMBlockDeletingService.java:call(182)) - Totally added 3 delete blocks command for 1 datanodes, task elapsed time: 2ms
2019-10-05 16:25:14,671 [SCMBlockDeletingService#0] DEBUG block.SCMBlockDeletingService (SCMBlockDeletingService.java:call(138)) - Running DeletedBlockTransactionScanner
2019-10-05 16:25:14,671 [SCMBlockDeletingService#0] DEBUG block.SCMBlockDeletingService (SCMBlockDeletingService.java:call(155)) - Scanned deleted blocks log and got 3 delTX to process.
2019-10-05 16:25:14,671 [SCMBlockDeletingService#0] DEBUG block.SCMBlockDeletingService (SCMBlockDeletingService.java:call(171)) - Added delete block command for datanode 29926ed2-d930-4601-9cf8-13a6494a0fce in the queue, number of delete block transactions: 3, TxID list: 1,2,3
2019-10-05 16:25:14,672 [SCMBlockDeletingService#0] INFO  block.SCMBlockDeletingService (SCMBlockDeletingService.java:call(182)) - Totally added 3 delete blocks command for 1 datanodes, task elapsed time: 1ms
2019-10-05 16:25:14,772 [SCMBlockDeletingService#0] DEBUG block.SCMBlockDeletingService (SCMBlockDeletingService.java:call(138)) - Running DeletedBlockTransactionScanner
2019-10-05 16:25:14,773 [SCMBlockDeletingService#0] DEBUG block.SCMBlockDeletingService (SCMBlockDeletingService.java:call(155)) - Scanned deleted blocks log and got 3 delTX to process.
2019-10-05 16:25:14,773 [SCMBlockDeletingService#0] DEBUG block.SCMBlockDeletingService (SCMBlockDeletingService.java:call(171)) - Added delete block command for datanode 29926ed2-d930-4601-9cf8-13a6494a0fce in the queue, number of delete block transactions: 3, TxID list: 1,2,3
2019-10-05 16:25:14,773 [SCMBlockDeletingService#0] INFO  block.SCMBlockDeletingService (SCMBlockDeletingService.java:call(182)) - Totally added 3 delete blocks command for 1 datanodes, task elapsed time: 1ms
2019-10-05 16:25:14,859 [pool-7-thread-1] INFO  commands.RetriableDatanodeEventWatcher (RetriableDatanodeEventWatcher.java:onTimeout(47)) - RetriableDatanodeCommand type=deleteBlocksCommand with id=1570292713856 timed out. Retrying.
2019-10-05 16:25:14,874 [SCMBlockDeletingService#0] DEBUG block.SCMBlockDeletingService (SCMBlockDeletingService.java:call(138)) - Running DeletedBlockTransactionScanner
2019-10-05 16:25:14,874 [SCMBlockDeletingService#0] DEBUG block.SCMBlockDeletingService (SCMBlockDeletingService.java:call(155)) - Scanned deleted blocks log and got 3 delTX to process.
2019-10-05 16:25:14,875 [SCMBlockDeletingService#0] DEBUG block.SCMBlockDeletingService (SCMBlockDeletingService.java:call(171)) - Added delete block command for datanode 29926ed2-d930-4601-9cf8-13a6494a0fce in the queue, number of delete block transactions: 3, TxID list: 1,2,3
2019-10-05 16:25:14,875 [SCMBlockDeletingService#0] INFO  block.SCMBlockDeletingService (SCMBlockDeletingService.java:call(182)) - Totally added 3 delete blocks command for 1 datanodes, task elapsed time: 1ms
2019-10-05 16:25:14,960 [pool-7-thread-1] INFO  commands.RetriableDatanodeEventWatcher (RetriableDatanodeEventWatcher.java:onTimeout(47)) - RetriableDatanodeCommand type=deleteBlocksCommand with id=1570292713857 timed out. Retrying.
2019-10-05 16:25:14,976 [SCMBlockDeletingService#0] DEBUG block.SCMBlockDeletingService (SCMBlockDeletingService.java:call(138)) - Running DeletedBlockTransactionScanner
2019-10-05 16:25:14,976 [SCMBlockDeletingService#0] DEBUG block.SCMBlockDeletingService (SCMBlockDeletingService.java:call(155)) - Scanned deleted blocks log and got 3 delTX to process.
2019-10-05 16:25:14,976 [SCMBlockDeletingService#0] DEBUG block.SCMBlockDeletingService (SCMBlockDeletingService.java:call(171)) - Added delete block command for datanode 29926ed2-d930-4601-9cf8-13a6494a0fce in the queue, number of delete block transactions: 3, TxID list: 1,2,3
2019-10-05 16:25:14,977 [SCMBlockDeletingService#0] INFO  block.SCMBlockDeletingService (SCMBlockDeletingService.java:call(182)) - Totally added 3 delete blocks command for 1 datanodes, task elapsed time: 1ms
2019-10-05 16:25:15,062 [pool-7-thread-1] INFO  commands.RetriableDatanodeEventWatcher (RetriableDatanodeEventWatcher.java:onTimeout(47)) - RetriableDatanodeCommand type=deleteBlocksCommand with id=1570292713858 timed out. Retrying.
2019-10-05 16:25:15,077 [SCMBlockDeletingService#0] DEBUG block.SCMBlockDeletingService (SCMBlockDeletingService.java:call(138)) - Running DeletedBlockTransactionScanner
2019-10-05 16:25:15,078 [SCMBlockDeletingService#0] DEBUG block.SCMBlockDeletingService (SCMBlockDeletingService.java:call(155)) - Scanned deleted blocks log and got 3 delTX to process.
2019-10-05 16:25:15,078 [SCMBlockDeletingService#0] DEBUG block.SCMBlockDeletingService (SCMBlockDeletingService.java:call(171)) - Added delete block command for datanode 29926ed2-d930-4601-9cf8-13a6494a0fce in the queue, number of delete block transactions: 3, TxID list: 1,2,3
2019-10-05 16:25:15,078 [SCMBlockDeletingService#0] INFO  block.SCMBlockDeletingService (SCMBlockDeletingService.java:call(182)) - Totally added 3 delete blocks command for 1 datanodes, task elapsed time: 1ms
2019-10-05 16:25:15,164 [pool-7-thread-1] INFO  commands.RetriableDatanodeEventWatcher (RetriableDatanodeEventWatcher.java:onTimeout(47)) - RetriableDatanodeCommand type=deleteBlocksCommand with id=1570292713859 timed out. Retrying.
2019-10-05 16:25:15,179 [SCMBlockDeletingService#0] DEBUG block.SCMBlockDeletingService (SCMBlockDeletingService.java:call(138)) - Running DeletedBlockTransactionScanner
2019-10-05 16:25:15,179 [SCMBlockDeletingService#0] DEBUG block.SCMBlockDeletingService (SCMBlockDeletingService.java:call(155)) - Scanned deleted blocks log and got 3 delTX to process.
2019-10-05 16:25:15,179 [SCMBlockDeletingService#0] DEBUG block.SCMBlockDeletingService (SCMBlockDeletingService.java:call(171)) - Added delete block command for datanode 29926ed2-d930-4601-9cf8-13a6494a0fce in the queue, number of delete block transactions: 3, TxID list: 1,2,3
2019-10-05 16:25:15,180 [SCMBlockDeletingService#0] INFO  block.SCMBlockDeletingService (SCMBlockDeletingService.java:call(182)) - Totally added 3 delete blocks command for 1 datanodes, task elapsed time: 1ms
2019-10-05 16:25:15,265 [pool-7-thread-1] INFO  commands.RetriableDatanodeEventWatcher (RetriableDatanodeEventWatcher.java:onTimeout(47)) - RetriableDatanodeCommand type=deleteBlocksCommand with id=1570292713860 timed out. Retrying.
2019-10-05 16:25:15,280 [SCMBlockDeletingService#0] DEBUG block.SCMBlockDeletingService (SCMBlockDeletingService.java:call(138)) - Running DeletedBlockTransactionScanner
2019-10-05 16:25:15,280 [SCMBlockDeletingService#0] DEBUG block.SCMBlockDeletingService (SCMBlockDeletingService.java:call(155)) - Scanned deleted blocks log and got 3 delTX to process.
2019-10-05 16:25:15,281 [SCMBlockDeletingService#0] DEBUG block.SCMBlockDeletingService (SCMBlockDeletingService.java:call(171)) - Added delete block command for datanode 29926ed2-d930-4601-9cf8-13a6494a0fce in the queue, number of delete block transactions: 3, TxID list: 1,2,3
2019-10-05 16:25:15,281 [SCMBlockDeletingService#0] INFO  block.SCMBlockDeletingService (SCMBlockDeletingService.java:call(182)) - Totally added 3 delete blocks command for 1 datanodes, task elapsed time: 1ms
2019-10-05 16:25:15,367 [pool-7-thread-1] INFO  commands.RetriableDatanodeEventWatcher (RetriableDatanodeEventWatcher.java:onTimeout(47)) - RetriableDatanodeCommand type=deleteBlocksCommand with id=1570292713861 timed out. Retrying.
2019-10-05 16:25:15,381 [SCMBlockDeletingService#0] DEBUG block.SCMBlockDeletingService (SCMBlockDeletingService.java:call(138)) - Running DeletedBlockTransactionScanner
2019-10-05 16:25:15,382 [SCMBlockDeletingService#0] DEBUG block.SCMBlockDeletingService (SCMBlockDeletingService.java:call(155)) - Scanned deleted blocks log and got 3 delTX to process.
2019-10-05 16:25:15,382 [SCMBlockDeletingService#0] DEBUG block.SCMBlockDeletingService (SCMBlockDeletingService.java:call(171)) - Added delete block command for datanode 29926ed2-d930-4601-9cf8-13a6494a0fce in the queue, number of delete block transactions: 3, TxID list: 1,2,3
2019-10-05 16:25:15,383 [SCMBlockDeletingService#0] INFO  block.SCMBlockDeletingService (SCMBlockDeletingService.java:call(182)) - Totally added 3 delete blocks command for 1 datanodes, task elapsed time: 1ms
2019-10-05 16:25:15,468 [pool-7-thread-1] INFO  commands.RetriableDatanodeEventWatcher (RetriableDatanodeEventWatcher.java:onTimeout(47)) - RetriableDatanodeCommand type=deleteBlocksCommand with id=1570292713862 timed out. Retrying.
2019-10-05 16:25:15,483 [SCMBlockDeletingService#0] DEBUG block.SCMBlockDeletingService (SCMBlockDeletingService.java:call(138)) - Running DeletedBlockTransactionScanner
2019-10-05 16:25:15,484 [SCMBlockDeletingService#0] DEBUG block.SCMBlockDeletingService (SCMBlockDeletingService.java:call(155)) - Scanned deleted blocks log and got 3 delTX to process.
2019-10-05 16:25:15,484 [SCMBlockDeletingService#0] DEBUG block.SCMBlockDeletingService (SCMBlockDeletingService.java:call(171)) - Added delete block command for datanode 29926ed2-d930-4601-9cf8-13a6494a0fce in the queue, number of delete block transactions: 3, TxID list: 1,2,3
2019-10-05 16:25:15,484 [SCMBlockDeletingService#0] INFO  block.SCMBlockDeletingService (SCMBlockDeletingService.java:call(182)) - Totally added 3 delete blocks command for 1 datanodes, task elapsed time: 1ms
2019-10-05 16:25:15,570 [pool-7-thread-1] INFO  commands.RetriableDatanodeEventWatcher (RetriableDatanodeEventWatcher.java:onTimeout(47)) - RetriableDatanodeCommand type=deleteBlocksCommand with id=1570292713863 timed out. Retrying.
2019-10-05 16:25:15,585 [SCMBlockDeletingService#0] DEBUG block.SCMBlockDeletingService (SCMBlockDeletingService.java:call(138)) - Running DeletedBlockTransactionScanner
2019-10-05 16:25:15,585 [SCMBlockDeletingService#0] DEBUG block.SCMBlockDeletingService (SCMBlockDeletingService.java:call(155)) - Scanned deleted blocks log and got 3 delTX to process.
2019-10-05 16:25:15,585 [SCMBlockDeletingService#0] DEBUG block.SCMBlockDeletingService (SCMBlockDeletingService.java:call(171)) - Added delete block command for datanode 29926ed2-d930-4601-9cf8-13a6494a0fce in the queue, number of delete block transactions: 3, TxID list: 1,2,3
2019-10-05 16:25:15,586 [SCMBlockDeletingService#0] INFO  block.SCMBlockDeletingService (SCMBlockDeletingService.java:call(182)) - Totally added 3 delete blocks command for 1 datanodes, task elapsed time: 1ms
2019-10-05 16:25:15,672 [pool-7-thread-1] INFO  commands.RetriableDatanodeEventWatcher (RetriableDatanodeEventWatcher.java:onTimeout(47)) - RetriableDatanodeCommand type=deleteBlocksCommand with id=1570292713864 timed out. Retrying.
2019-10-05 16:25:15,686 [SCMBlockDeletingService#0] DEBUG block.SCMBlockDeletingService (SCMBlockDeletingService.java:call(138)) - Running DeletedBlockTransactionScanner
2019-10-05 16:25:15,687 [SCMBlockDeletingService#0] DEBUG block.SCMBlockDeletingService (SCMBlockDeletingService.java:call(155)) - Scanned deleted blocks log and got 3 delTX to process.
2019-10-05 16:25:15,687 [SCMBlockDeletingService#0] DEBUG block.SCMBlockDeletingService (SCMBlockDeletingService.java:call(171)) - Added delete block command for datanode 29926ed2-d930-4601-9cf8-13a6494a0fce in the queue, number of delete block transactions: 3, TxID list: 1,2,3
2019-10-05 16:25:15,687 [SCMBlockDeletingService#0] INFO  block.SCMBlockDeletingService (SCMBlockDeletingService.java:call(182)) - Totally added 3 delete blocks command for 1 datanodes, task elapsed time: 1ms
2019-10-05 16:25:15,773 [pool-7-thread-1] INFO  commands.RetriableDatanodeEventWatcher (RetriableDatanodeEventWatcher.java:onTimeout(47)) - RetriableDatanodeCommand type=deleteBlocksCommand with id=1570292713865 timed out. Retrying.
2019-10-05 16:25:15,788 [SCMBlockDeletingService#0] DEBUG block.SCMBlockDeletingService (SCMBlockDeletingService.java:call(138)) - Running DeletedBlockTransactionScanner
2019-10-05 16:25:15,788 [SCMBlockDeletingService#0] DEBUG block.SCMBlockDeletingService (SCMBlockDeletingService.java:call(155)) - Scanned deleted blocks log and got 3 delTX to process.
2019-10-05 16:25:15,788 [SCMBlockDeletingService#0] DEBUG block.SCMBlockDeletingService (SCMBlockDeletingService.java:call(171)) - Added delete block command for datanode 29926ed2-d930-4601-9cf8-13a6494a0fce in the queue, number of delete block transactions: 3, TxID list: 1,2,3
2019-10-05 16:25:15,789 [SCMBlockDeletingService#0] INFO  block.SCMBlockDeletingService (SCMBlockDeletingService.java:call(182)) - Totally added 3 delete blocks command for 1 datanodes, task elapsed time: 1ms
2019-10-05 16:25:15,860 [pool-7-thread-1] INFO  commands.RetriableDatanodeEventWatcher (RetriableDatanodeEventWatcher.java:onTimeout(47)) - RetriableDatanodeCommand type=deleteBlocksCommand with id=1570292713856 timed out. Retrying.
2019-10-05 16:25:15,875 [pool-7-thread-1] INFO  commands.RetriableDatanodeEventWatcher (RetriableDatanodeEventWatcher.java:onTimeout(47)) - RetriableDatanodeCommand type=deleteBlocksCommand with id=1570292713866 timed out. Retrying.
2019-10-05 16:25:15,889 [SCMBlockDeletingService#0] DEBUG block.SCMBlockDeletingService (SCMBlockDeletingService.java:call(138)) - Running DeletedBlockTransactionScanner
2019-10-05 16:25:15,890 [SCMBlockDeletingService#0] DEBUG block.SCMBlockDeletingService (SCMBlockDeletingService.java:call(155)) - Scanned deleted blocks log and got 3 delTX to process.
2019-10-05 16:25:15,890 [SCMBlockDeletingService#0] DEBUG block.SCMBlockDeletingService (SCMBlockDeletingService.java:call(171)) - Added delete block command for datanode 29926ed2-d930-4601-9cf8-13a6494a0fce in the queue, number of delete block transactions: 3, TxID list: 1,2,3
2019-10-05 16:25:15,890 [SCMBlockDeletingService#0] INFO  block.SCMBlockDeletingService (SCMBlockDeletingService.java:call(182)) - Totally added 3 delete blocks command for 1 datanodes, task elapsed time: 2ms
2019-10-05 16:25:15,961 [pool-7-thread-1] INFO  commands.RetriableDatanodeEventWatcher (RetriableDatanodeEventWatcher.java:onTimeout(47)) - RetriableDatanodeCommand type=deleteBlocksCommand with id=1570292713857 timed out. Retrying.
2019-10-05 16:25:15,977 [pool-7-thread-1] INFO  commands.RetriableDatanodeEventWatcher (RetriableDatanodeEventWatcher.java:onTimeout(47)) - RetriableDatanodeCommand type=deleteBlocksCommand with id=1570292713867 timed out. Retrying.
2019-10-05 16:25:15,991 [SCMBlockDeletingService#0] DEBUG block.SCMBlockDeletingService (SCMBlockDeletingService.java:call(138)) - Running DeletedBlockTransactionScanner
2019-10-05 16:25:15,991 [SCMBlockDeletingService#0] DEBUG block.SCMBlockDeletingService (SCMBlockDeletingService.java:call(155)) - Scanned deleted blocks log and got 3 delTX to process.
2019-10-05 16:25:15,992 [SCMBlockDeletingService#0] DEBUG block.SCMBlockDeletingService (SCMBlockDeletingService.java:call(171)) - Added delete block command for datanode 29926ed2-d930-4601-9cf8-13a6494a0fce in the queue, number of delete block transactions: 3, TxID list: 1,2,3
2019-10-05 16:25:15,992 [SCMBlockDeletingService#0] INFO  block.SCMBlockDeletingService (SCMBlockDeletingService.java:call(182)) - Totally added 3 delete blocks command for 1 datanodes, task elapsed time: 1ms
2019-10-05 16:25:16,062 [pool-7-thread-1] INFO  commands.RetriableDatanodeEventWatcher (RetriableDatanodeEventWatcher.java:onTimeout(47)) - RetriableDatanodeCommand type=deleteBlocksCommand with id=1570292713858 timed out. Retrying.
2019-10-05 16:25:16,077 [pool-7-thread-1] INFO  commands.RetriableDatanodeEventWatcher (RetriableDatanodeEventWatcher.java:onTimeout(47)) - RetriableDatanodeCommand type=deleteBlocksCommand with id=1570292713868 timed out. Retrying.
2019-10-05 16:25:16,092 [SCMBlockDeletingService#1] DEBUG block.SCMBlockDeletingService (SCMBlockDeletingService.java:call(138)) - Running DeletedBlockTransactionScanner
2019-10-05 16:25:16,093 [SCMBlockDeletingService#1] DEBUG block.SCMBlockDeletingService (SCMBlockDeletingService.java:call(155)) - Scanned deleted blocks log and got 3 delTX to process.
2019-10-05 16:25:16,093 [SCMBlockDeletingService#1] DEBUG block.SCMBlockDeletingService (SCMBlockDeletingService.java:call(171)) - Added delete block command for datanode 29926ed2-d930-4601-9cf8-13a6494a0fce in the queue, number of delete block transactions: 3, TxID list: 1,2,3
2019-10-05 16:25:16,094 [SCMBlockDeletingService#1] INFO  block.SCMBlockDeletingService (SCMBlockDeletingService.java:call(182)) - Totally added 3 delete blocks command for 1 datanodes, task elapsed time: 1ms
2019-10-05 16:25:16,164 [pool-7-thread-1] INFO  commands.RetriableDatanodeEventWatcher (RetriableDatanodeEventWatcher.java:onTimeout(47)) - RetriableDatanodeCommand type=deleteBlocksCommand with id=1570292713859 timed out. Retrying.
2019-10-05 16:25:16,179 [pool-7-thread-1] INFO  commands.RetriableDatanodeEventWatcher (RetriableDatanodeEventWatcher.java:onTimeout(47)) - RetriableDatanodeCommand type=deleteBlocksCommand with id=1570292713869 timed out. Retrying.
2019-10-05 16:25:16,194 [SCMBlockDeletingService#1] DEBUG block.SCMBlockDeletingService (SCMBlockDeletingService.java:call(138)) - Running DeletedBlockTransactionScanner
2019-10-05 16:25:16,195 [SCMBlockDeletingService#1] DEBUG block.SCMBlockDeletingService (SCMBlockDeletingService.java:call(155)) - Scanned deleted blocks log and got 3 delTX to process.
2019-10-05 16:25:16,195 [SCMBlockDeletingService#1] DEBUG block.SCMBlockDeletingService (SCMBlockDeletingService.java:call(171)) - Added delete block command for datanode 29926ed2-d930-4601-9cf8-13a6494a0fce in the queue, number of delete block transactions: 3, TxID list: 1,2,3
2019-10-05 16:25:16,196 [SCMBlockDeletingService#1] INFO  block.SCMBlockDeletingService (SCMBlockDeletingService.java:call(182)) - Totally added 3 delete blocks command for 1 datanodes, task elapsed time: 1ms
2019-10-05 16:25:16,266 [pool-7-thread-1] INFO  commands.RetriableDatanodeEventWatcher (RetriableDatanodeEventWatcher.java:onTimeout(47)) - RetriableDatanodeCommand type=deleteBlocksCommand with id=1570292713860 timed out. Retrying.
2019-10-05 16:25:16,281 [pool-7-thread-1] INFO  commands.RetriableDatanodeEventWatcher (RetriableDatanodeEventWatcher.java:onTimeout(47)) - RetriableDatanodeCommand type=deleteBlocksCommand with id=1570292713870 timed out. Retrying.
2019-10-05 16:25:16,296 [SCMBlockDeletingService#1] DEBUG block.SCMBlockDeletingService (SCMBlockDeletingService.java:call(138)) - Running DeletedBlockTransactionScanner
2019-10-05 16:25:16,297 [SCMBlockDeletingService#1] DEBUG block.SCMBlockDeletingService (SCMBlockDeletingService.java:call(155)) - Scanned deleted blocks log and got 3 delTX to process.
2019-10-05 16:25:16,297 [SCMBlockDeletingService#1] DEBUG block.SCMBlockDeletingService (SCMBlockDeletingService.java:call(171)) - Added delete block command for datanode 29926ed2-d930-4601-9cf8-13a6494a0fce in the queue, number of delete block transactions: 3, TxID list: 1,2,3
2019-10-05 16:25:16,297 [SCMBlockDeletingService#1] INFO  block.SCMBlockDeletingService (SCMBlockDeletingService.java:call(182)) - Totally added 3 delete blocks command for 1 datanodes, task elapsed time: 2ms
2019-10-05 16:25:16,367 [pool-7-thread-1] INFO  commands.RetriableDatanodeEventWatcher (RetriableDatanodeEventWatcher.java:onTimeout(47)) - RetriableDatanodeCommand type=deleteBlocksCommand with id=1570292713861 timed out. Retrying.
2019-10-05 16:25:16,382 [pool-7-thread-1] INFO  commands.RetriableDatanodeEventWatcher (RetriableDatanodeEventWatcher.java:onTimeout(47)) - RetriableDatanodeCommand type=deleteBlocksCommand with id=1570292713871 timed out. Retrying.
2019-10-05 16:25:16,398 [SCMBlockDeletingService#1] DEBUG block.SCMBlockDeletingService (SCMBlockDeletingService.java:call(138)) - Running DeletedBlockTransactionScanner
2019-10-05 16:25:16,398 [SCMBlockDeletingService#1] DEBUG block.SCMBlockDeletingService (SCMBlockDeletingService.java:call(155)) - Scanned deleted blocks log and got 3 delTX to process.
2019-10-05 16:25:16,399 [SCMBlockDeletingService#1] DEBUG block.SCMBlockDeletingService (SCMBlockDeletingService.java:call(171)) - Added delete block command for datanode 29926ed2-d930-4601-9cf8-13a6494a0fce in the queue, number of delete block transactions: 3, TxID list: 1,2,3
2019-10-05 16:25:16,399 [SCMBlockDeletingService#1] INFO  block.SCMBlockDeletingService (SCMBlockDeletingService.java:call(182)) - Totally added 3 delete blocks command for 1 datanodes, task elapsed time: 1ms
2019-10-05 16:25:16,469 [pool-7-thread-1] INFO  commands.RetriableDatanodeEventWatcher (RetriableDatanodeEventWatcher.java:onTimeout(47)) - RetriableDatanodeCommand type=deleteBlocksCommand with id=1570292713862 timed out. Retrying.
2019-10-05 16:25:16,484 [pool-7-thread-1] INFO  commands.RetriableDatanodeEventWatcher (RetriableDatanodeEventWatcher.java:onTimeout(47)) - RetriableDatanodeCommand type=deleteBlocksCommand with id=1570292713872 timed out. Retrying.
2019-10-05 16:25:16,499 [SCMBlockDeletingService#1] DEBUG block.SCMBlockDeletingService (SCMBlockDeletingService.java:call(138)) - Running DeletedBlockTransactionScanner
2019-10-05 16:25:16,500 [SCMBlockDeletingService#1] DEBUG block.SCMBlockDeletingService (SCMBlockDeletingService.java:call(155)) - Scanned deleted blocks log and got 3 delTX to process.
2019-10-05 16:25:16,500 [SCMBlockDeletingService#1] DEBUG block.SCMBlockDeletingService (SCMBlockDeletingService.java:call(171)) - Added delete block command for datanode 29926ed2-d930-4601-9cf8-13a6494a0fce in the queue, number of delete block transactions: 3, TxID list: 1,2,3
2019-10-05 16:25:16,500 [SCMBlockDeletingService#1] INFO  block.SCMBlockDeletingService (SCMBlockDeletingService.java:call(182)) - Totally added 3 delete blocks command for 1 datanodes, task elapsed time: 1ms
2019-10-05 16:25:16,570 [pool-7-thread-1] INFO  commands.RetriableDatanodeEventWatcher (RetriableDatanodeEventWatcher.java:onTimeout(47)) - RetriableDatanodeCommand type=deleteBlocksCommand with id=1570292713863 timed out. Retrying.
2019-10-05 16:25:16,586 [pool-7-thread-1] INFO  commands.RetriableDatanodeEventWatcher (RetriableDatanodeEventWatcher.java:onTimeout(47)) - RetriableDatanodeCommand type=deleteBlocksCommand with id=1570292713873 timed out. Retrying.
2019-10-05 16:25:16,601 [SCMBlockDeletingService#1] DEBUG block.SCMBlockDeletingService (SCMBlockDeletingService.java:call(138)) - Running DeletedBlockTransactionScanner
2019-10-05 16:25:16,601 [SCMBlockDeletingService#1] DEBUG block.SCMBlockDeletingService (SCMBlockDeletingService.java:call(155)) - Scanned deleted blocks log and got 3 delTX to process.
2019-10-05 16:25:16,601 [SCMBlockDeletingService#1] DEBUG block.SCMBlockDeletingService (SCMBlockDeletingService.java:call(171)) - Added delete block command for datanode 29926ed2-d930-4601-9cf8-13a6494a0fce in the queue, number of delete block transactions: 3, TxID list: 1,2,3
2019-10-05 16:25:16,602 [SCMBlockDeletingService#1] INFO  block.SCMBlockDeletingService (SCMBlockDeletingService.java:call(182)) - Totally added 3 delete blocks command for 1 datanodes, task elapsed time: 1ms
2019-10-05 16:25:16,673 [pool-7-thread-1] INFO  commands.RetriableDatanodeEventWatcher (RetriableDatanodeEventWatcher.java:onTimeout(47)) - RetriableDatanodeCommand type=deleteBlocksCommand with id=1570292713864 timed out. Retrying.
2019-10-05 16:25:16,687 [pool-7-thread-1] INFO  commands.RetriableDatanodeEventWatcher (RetriableDatanodeEventWatcher.java:onTimeout(47)) - RetriableDatanodeCommand type=deleteBlocksCommand with id=1570292713874 timed out. Retrying.
2019-10-05 16:25:16,702 [SCMBlockDeletingService#1] DEBUG block.SCMBlockDeletingService (SCMBlockDeletingService.java:call(138)) - Running DeletedBlockTransactionScanner
2019-10-05 16:25:16,703 [SCMBlockDeletingService#1] DEBUG block.SCMBlockDeletingService (SCMBlockDeletingService.java:call(155)) - Scanned deleted blocks log and got 3 delTX to process.
2019-10-05 16:25:16,703 [SCMBlockDeletingService#1] DEBUG block.SCMBlockDeletingService (SCMBlockDeletingService.java:call(171)) - Added delete block command for datanode 29926ed2-d930-4601-9cf8-13a6494a0fce in the queue, number of delete block transactions: 3, TxID list: 1,2,3
2019-10-05 16:25:16,704 [SCMBlockDeletingService#1] INFO  block.SCMBlockDeletingService (SCMBlockDeletingService.java:call(182)) - Totally added 3 delete blocks command for 1 datanodes, task elapsed time: 1ms
2019-10-05 16:25:16,705 [EventQueue-StaleNodeForStaleNodeHandler] INFO  node.StaleNodeHandler (StaleNodeHandler.java:onMessage(58)) - Datanode 29926ed2-d930-4601-9cf8-13a6494a0fce{ip: 192.168.164.228, host: pr-hdds-2254-trunk-xw7zv-2851001327, networkLocation: /default-rack, certSerialId: null} moved to stale state. Finalizing its pipelines [PipelineID=96c8ac54-7d25-47bb-8b19-66450f7274cf]
2019-10-05 16:25:16,706 [EventQueue-StaleNodeForStaleNodeHandler] INFO  pipeline.SCMPipelineManager (SCMPipelineManager.java:finalizeAndDestroyPipeline(315)) - destroying pipeline:Pipeline[ Id: 96c8ac54-7d25-47bb-8b19-66450f7274cf, Nodes: 29926ed2-d930-4601-9cf8-13a6494a0fce{ip: 192.168.164.228, host: pr-hdds-2254-trunk-xw7zv-2851001327, networkLocation: /default-rack, certSerialId: null}, Type:RATIS, Factor:ONE, State:OPEN]
2019-10-05 16:25:16,707 [EventQueue-StaleNodeForStaleNodeHandler] INFO  pipeline.PipelineStateManager (PipelineStateManager.java:finalizePipeline(123)) - Pipeline Pipeline[ Id: 96c8ac54-7d25-47bb-8b19-66450f7274cf, Nodes: 29926ed2-d930-4601-9cf8-13a6494a0fce{ip: 192.168.164.228, host: pr-hdds-2254-trunk-xw7zv-2851001327, networkLocation: /default-rack, certSerialId: null}, Type:RATIS, Factor:ONE, State:CLOSED] moved to CLOSED state
2019-10-05 16:25:16,774 [pool-7-thread-1] INFO  commands.RetriableDatanodeEventWatcher (RetriableDatanodeEventWatcher.java:onTimeout(47)) - RetriableDatanodeCommand type=deleteBlocksCommand with id=1570292713865 timed out. Retrying.
2019-10-05 16:25:16,789 [pool-7-thread-1] INFO  commands.RetriableDatanodeEventWatcher (RetriableDatanodeEventWatcher.java:onTimeout(47)) - RetriableDatanodeCommand type=deleteBlocksCommand with id=1570292713875 timed out. Retrying.
2019-10-05 16:25:16,804 [SCMBlockDeletingService#1] DEBUG block.SCMBlockDeletingService (SCMBlockDeletingService.java:call(138)) - Running DeletedBlockTransactionScanner
2019-10-05 16:25:16,805 [SCMBlockDeletingService#1] DEBUG block.SCMBlockDeletingService (SCMBlockDeletingService.java:call(155)) - Scanned deleted blocks log and got 3 delTX to process.
2019-10-05 16:25:16,805 [SCMBlockDeletingService#1] DEBUG block.SCMBlockDeletingService (SCMBlockDeletingService.java:call(171)) - Added delete block command for datanode 29926ed2-d930-4601-9cf8-13a6494a0fce in the queue, number of delete block transactions: 3, TxID list: 1,2,3
2019-10-05 16:25:16,805 [SCMBlockDeletingService#1] INFO  block.SCMBlockDeletingService (SCMBlockDeletingService.java:call(182)) - Totally added 3 delete blocks command for 1 datanodes, task elapsed time: 2ms
2019-10-05 16:25:16,860 [pool-7-thread-1] INFO  commands.RetriableDatanodeEventWatcher (RetriableDatanodeEventWatcher.java:onTimeout(47)) - RetriableDatanodeCommand type=deleteBlocksCommand with id=1570292713856 timed out. Retrying.
2019-10-05 16:25:16,876 [pool-7-thread-1] INFO  commands.RetriableDatanodeEventWatcher (RetriableDatanodeEventWatcher.java:onTimeout(47)) - RetriableDatanodeCommand type=deleteBlocksCommand with id=1570292713866 timed out. Retrying.
2019-10-05 16:25:16,890 [pool-7-thread-1] INFO  commands.RetriableDatanodeEventWatcher (RetriableDatanodeEventWatcher.java:onTimeout(47)) - RetriableDatanodeCommand type=deleteBlocksCommand with id=1570292713876 timed out. Retrying.
2019-10-05 16:25:16,906 [SCMBlockDeletingService#1] DEBUG block.SCMBlockDeletingService (SCMBlockDeletingService.java:call(138)) - Running DeletedBlockTransactionScanner
2019-10-05 16:25:16,906 [SCMBlockDeletingService#1] DEBUG block.SCMBlockDeletingService (SCMBlockDeletingService.java:call(155)) - Scanned deleted blocks log and got 3 delTX to process.
2019-10-05 16:25:16,906 [SCMBlockDeletingService#1] DEBUG block.SCMBlockDeletingService (SCMBlockDeletingService.java:call(171)) - Added delete block command for datanode 29926ed2-d930-4601-9cf8-13a6494a0fce in the queue, number of delete block transactions: 3, TxID list: 1,2,3
2019-10-05 16:25:16,907 [SCMBlockDeletingService#1] INFO  block.SCMBlockDeletingService (SCMBlockDeletingService.java:call(182)) - Totally added 3 delete blocks command for 1 datanodes, task elapsed time: 1ms
2019-10-05 16:25:16,962 [pool-7-thread-1] INFO  commands.RetriableDatanodeEventWatcher (RetriableDatanodeEventWatcher.java:onTimeout(47)) - RetriableDatanodeCommand type=deleteBlocksCommand with id=1570292713857 timed out. Retrying.
2019-10-05 16:25:16,977 [pool-7-thread-1] INFO  commands.RetriableDatanodeEventWatcher (RetriableDatanodeEventWatcher.java:onTimeout(47)) - RetriableDatanodeCommand type=deleteBlocksCommand with id=1570292713867 timed out. Retrying.
2019-10-05 16:25:16,992 [pool-7-thread-1] INFO  commands.RetriableDatanodeEventWatcher (RetriableDatanodeEventWatcher.java:onTimeout(47)) - RetriableDatanodeCommand type=deleteBlocksCommand with id=1570292713877 timed out. Retrying.
2019-10-05 16:25:17,007 [SCMBlockDeletingService#1] DEBUG block.SCMBlockDeletingService (SCMBlockDeletingService.java:call(138)) - Running DeletedBlockTransactionScanner
2019-10-05 16:25:17,008 [SCMBlockDeletingService#1] DEBUG block.SCMBlockDeletingService (SCMBlockDeletingService.java:call(155)) - Scanned deleted blocks log and got 3 delTX to process.
2019-10-05 16:25:17,008 [SCMBlockDeletingService#1] DEBUG block.SCMBlockDeletingService (SCMBlockDeletingService.java:call(171)) - Added delete block command for datanode 29926ed2-d930-4601-9cf8-13a6494a0fce in the queue, number of delete block transactions: 3, TxID list: 1,2,3
2019-10-05 16:25:17,008 [SCMBlockDeletingService#1] INFO  block.SCMBlockDeletingService (SCMBlockDeletingService.java:call(182)) - Totally added 3 delete blocks command for 1 datanodes, task elapsed time: 2ms
2019-10-05 16:25:17,062 [pool-7-thread-1] INFO  commands.RetriableDatanodeEventWatcher (RetriableDatanodeEventWatcher.java:onTimeout(47)) - RetriableDatanodeCommand type=deleteBlocksCommand with id=1570292713858 timed out. Retrying.
2019-10-05 16:25:17,078 [pool-7-thread-1] INFO  commands.RetriableDatanodeEventWatcher (RetriableDatanodeEventWatcher.java:onTimeout(47)) - RetriableDatanodeCommand type=deleteBlocksCommand with id=1570292713868 timed out. Retrying.
2019-10-05 16:25:17,093 [pool-7-thread-1] INFO  commands.RetriableDatanodeEventWatcher (RetriableDatanodeEventWatcher.java:onTimeout(47)) - RetriableDatanodeCommand type=deleteBlocksCommand with id=1570292713878 timed out. Retrying.
2019-10-05 16:25:17,109 [SCMBlockDeletingService#1] DEBUG block.SCMBlockDeletingService (SCMBlockDeletingService.java:call(138)) - Running DeletedBlockTransactionScanner
2019-10-05 16:25:17,109 [SCMBlockDeletingService#1] DEBUG block.SCMBlockDeletingService (SCMBlockDeletingService.java:call(155)) - Scanned deleted blocks log and got 3 delTX to process.
2019-10-05 16:25:17,109 [SCMBlockDeletingService#1] DEBUG block.SCMBlockDeletingService (SCMBlockDeletingService.java:call(171)) - Added delete block command for datanode 29926ed2-d930-4601-9cf8-13a6494a0fce in the queue, number of delete block transactions: 3, TxID list: 1,2,3
2019-10-05 16:25:17,110 [SCMBlockDeletingService#1] INFO  block.SCMBlockDeletingService (SCMBlockDeletingService.java:call(182)) - Totally added 3 delete blocks command for 1 datanodes, task elapsed time: 1ms
2019-10-05 16:25:17,164 [pool-7-thread-1] INFO  commands.RetriableDatanodeEventWatcher (RetriableDatanodeEventWatcher.java:onTimeout(47)) - RetriableDatanodeCommand type=deleteBlocksCommand with id=1570292713859 timed out. Retrying.
2019-10-05 16:25:17,180 [pool-7-thread-1] INFO  commands.RetriableDatanodeEventWatcher (RetriableDatanodeEventWatcher.java:onTimeout(47)) - RetriableDatanodeCommand type=deleteBlocksCommand with id=1570292713869 timed out. Retrying.
2019-10-05 16:25:17,195 [pool-7-thread-1] INFO  commands.RetriableDatanodeEventWatcher (RetriableDatanodeEventWatcher.java:onTimeout(47)) - RetriableDatanodeCommand type=deleteBlocksCommand with id=1570292713879 timed out. Retrying.
2019-10-05 16:25:17,210 [SCMBlockDeletingService#1] DEBUG block.SCMBlockDeletingService (SCMBlockDeletingService.java:call(138)) - Running DeletedBlockTransactionScanner
2019-10-05 16:25:17,210 [SCMBlockDeletingService#1] DEBUG block.SCMBlockDeletingService (SCMBlockDeletingService.java:call(155)) - Scanned deleted blocks log and got 3 delTX to process.
2019-10-05 16:25:17,211 [SCMBlockDeletingService#1] DEBUG block.SCMBlockDeletingService (SCMBlockDeletingService.java:call(171)) - Added delete block command for datanode 29926ed2-d930-4601-9cf8-13a6494a0fce in the queue, number of delete block transactions: 3, TxID list: 1,2,3
2019-10-05 16:25:17,211 [SCMBlockDeletingService#1] INFO  block.SCMBlockDeletingService (SCMBlockDeletingService.java:call(182)) - Totally added 3 delete blocks command for 1 datanodes, task elapsed time: 1ms
2019-10-05 16:25:17,266 [pool-7-thread-1] INFO  commands.RetriableDatanodeEventWatcher (RetriableDatanodeEventWatcher.java:onTimeout(47)) - RetriableDatanodeCommand type=deleteBlocksCommand with id=1570292713860 timed out. Retrying.
2019-10-05 16:25:17,282 [pool-7-thread-1] INFO  commands.RetriableDatanodeEventWatcher (RetriableDatanodeEventWatcher.java:onTimeout(47)) - RetriableDatanodeCommand type=deleteBlocksCommand with id=1570292713870 timed out. Retrying.
2019-10-05 16:25:17,297 [pool-7-thread-1] INFO  commands.RetriableDatanodeEventWatcher (RetriableDatanodeEventWatcher.java:onTimeout(47)) - RetriableDatanodeCommand type=deleteBlocksCommand with id=1570292713880 timed out. Retrying.
2019-10-05 16:25:17,311 [SCMBlockDeletingService#1] DEBUG block.SCMBlockDeletingService (SCMBlockDeletingService.java:call(138)) - Running DeletedBlockTransactionScanner
2019-10-05 16:25:17,312 [SCMBlockDeletingService#1] DEBUG block.SCMBlockDeletingService (SCMBlockDeletingService.java:call(155)) - Scanned deleted blocks log and got 3 delTX to process.
2019-10-05 16:25:17,312 [SCMBlockDeletingService#1] DEBUG block.SCMBlockDeletingService (SCMBlockDeletingService.java:call(171)) - Added delete block command for datanode 29926ed2-d930-4601-9cf8-13a6494a0fce in the queue, number of delete block transactions: 3, TxID list: 1,2,3
2019-10-05 16:25:17,312 [SCMBlockDeletingService#1] INFO  block.SCMBlockDeletingService (SCMBlockDeletingService.java:call(182)) - Totally added 3 delete blocks command for 1 datanodes, task elapsed time: 1ms
2019-10-05 16:25:17,368 [pool-7-thread-1] INFO  commands.RetriableDatanodeEventWatcher (RetriableDatanodeEventWatcher.java:onTimeout(47)) - RetriableDatanodeCommand type=deleteBlocksCommand with id=1570292713861 timed out. Retrying.
2019-10-05 16:25:17,382 [pool-7-thread-1] INFO  commands.RetriableDatanodeEventWatcher (RetriableDatanodeEventWatcher.java:onTimeout(47)) - RetriableDatanodeCommand type=deleteBlocksCommand with id=1570292713871 timed out. Retrying.
2019-10-05 16:25:17,399 [pool-7-thread-1] INFO  commands.RetriableDatanodeEventWatcher (RetriableDatanodeEventWatcher.java:onTimeout(47)) - RetriableDatanodeCommand type=deleteBlocksCommand with id=1570292713881 timed out. Retrying.
2019-10-05 16:25:17,412 [SCMBlockDeletingService#0] DEBUG block.SCMBlockDeletingService (SCMBlockDeletingService.java:call(138)) - Running DeletedBlockTransactionScanner
2019-10-05 16:25:17,413 [SCMBlockDeletingService#0] DEBUG block.SCMBlockDeletingService (SCMBlockDeletingService.java:call(155)) - Scanned deleted blocks log and got 3 delTX to process.
2019-10-05 16:25:17,413 [SCMBlockDeletingService#0] DEBUG block.SCMBlockDeletingService (SCMBlockDeletingService.java:call(171)) - Added delete block command for datanode 29926ed2-d930-4601-9cf8-13a6494a0fce in the queue, number of delete block transactions: 3, TxID list: 1,2,3
2019-10-05 16:25:17,413 [SCMBlockDeletingService#0] INFO  block.SCMBlockDeletingService (SCMBlockDeletingService.java:call(182)) - Totally added 3 delete blocks command for 1 datanodes, task elapsed time: 1ms
2019-10-05 16:25:17,469 [pool-7-thread-1] INFO  commands.RetriableDatanodeEventWatcher (RetriableDatanodeEventWatcher.java:onTimeout(47)) - RetriableDatanodeCommand type=deleteBlocksCommand with id=1570292713862 timed out. Retrying.
2019-10-05 16:25:17,484 [pool-7-thread-1] INFO  commands.RetriableDatanodeEventWatcher (RetriableDatanodeEventWatcher.java:onTimeout(47)) - RetriableDatanodeCommand type=deleteBlocksCommand with id=1570292713872 timed out. Retrying.
2019-10-05 16:25:17,500 [pool-7-thread-1] INFO  commands.RetriableDatanodeEventWatcher (RetriableDatanodeEventWatcher.java:onTimeout(47)) - RetriableDatanodeCommand type=deleteBlocksCommand with id=1570292713882 timed out. Retrying.
2019-10-05 16:25:17,514 [SCMBlockDeletingService#0] DEBUG block.SCMBlockDeletingService (SCMBlockDeletingService.java:call(138)) - Running DeletedBlockTransactionScanner
2019-10-05 16:25:17,514 [SCMBlockDeletingService#0] DEBUG block.SCMBlockDeletingService (SCMBlockDeletingService.java:call(155)) - Scanned deleted blocks log and got 3 delTX to process.
2019-10-05 16:25:17,515 [SCMBlockDeletingService#0] DEBUG block.SCMBlockDeletingService (SCMBlockDeletingService.java:call(171)) - Added delete block command for datanode 29926ed2-d930-4601-9cf8-13a6494a0fce in the queue, number of delete block transactions: 3, TxID list: 1,2,3
2019-10-05 16:25:17,515 [SCMBlockDeletingService#0] INFO  block.SCMBlockDeletingService (SCMBlockDeletingService.java:call(182)) - Totally added 3 delete blocks command for 1 datanodes, task elapsed time: 1ms
2019-10-05 16:25:17,571 [pool-7-thread-1] INFO  commands.RetriableDatanodeEventWatcher (RetriableDatanodeEventWatcher.java:onTimeout(47)) - RetriableDatanodeCommand type=deleteBlocksCommand with id=1570292713863 timed out. Retrying.
2019-10-05 16:25:17,586 [pool-7-thread-1] INFO  commands.RetriableDatanodeEventWatcher (RetriableDatanodeEventWatcher.java:onTimeout(47)) - RetriableDatanodeCommand type=deleteBlocksCommand with id=1570292713873 timed out. Retrying.
2019-10-05 16:25:17,602 [pool-7-thread-1] INFO  commands.RetriableDatanodeEventWatcher (RetriableDatanodeEventWatcher.java:onTimeout(47)) - RetriableDatanodeCommand type=deleteBlocksCommand with id=1570292713883 timed out. Retrying.
2019-10-05 16:25:17,615 [SCMBlockDeletingService#0] DEBUG block.SCMBlockDeletingService (SCMBlockDeletingService.java:call(138)) - Running DeletedBlockTransactionScanner
2019-10-05 16:25:17,616 [SCMBlockDeletingService#0] DEBUG block.SCMBlockDeletingService (SCMBlockDeletingService.java:call(155)) - Scanned deleted blocks log and got 3 delTX to process.
2019-10-05 16:25:17,616 [SCMBlockDeletingService#0] DEBUG block.SCMBlockDeletingService (SCMBlockDeletingService.java:call(171)) - Added delete block command for datanode 29926ed2-d930-4601-9cf8-13a6494a0fce in the queue, number of delete block transactions: 3, TxID list: 1,2,3
2019-10-05 16:25:17,617 [SCMBlockDeletingService#0] INFO  block.SCMBlockDeletingService (SCMBlockDeletingService.java:call(182)) - Totally added 3 delete blocks command for 1 datanodes, task elapsed time: 1ms
2019-10-05 16:25:17,674 [pool-7-thread-1] INFO  commands.RetriableDatanodeEventWatcher (RetriableDatanodeEventWatcher.java:onTimeout(47)) - RetriableDatanodeCommand type=deleteBlocksCommand with id=1570292713864 timed out. Retrying.
2019-10-05 16:25:17,687 [pool-7-thread-1] INFO  commands.RetriableDatanodeEventWatcher (RetriableDatanodeEventWatcher.java:onTimeout(47)) - RetriableDatanodeCommand type=deleteBlocksCommand with id=1570292713874 timed out. Retrying.
2019-10-05 16:25:17,703 [pool-7-thread-1] INFO  commands.RetriableDatanodeEventWatcher (RetriableDatanodeEventWatcher.java:onTimeout(47)) - RetriableDatanodeCommand type=deleteBlocksCommand with id=1570292713884 timed out. Retrying.
2019-10-05 16:25:17,717 [SCMBlockDeletingService#0] DEBUG block.SCMBlockDeletingService (SCMBlockDeletingService.java:call(138)) - Running DeletedBlockTransactionScanner
2019-10-05 16:25:17,718 [SCMBlockDeletingService#0] DEBUG block.SCMBlockDeletingService (SCMBlockDeletingService.java:call(155)) - Scanned deleted blocks log and got 3 delTX to process.
2019-10-05 16:25:17,718 [SCMBlockDeletingService#0] DEBUG block.SCMBlockDeletingService (SCMBlockDeletingService.java:call(171)) - Added delete block command for datanode 29926ed2-d930-4601-9cf8-13a6494a0fce in the queue, number of delete block transactions: 3, TxID list: 1,2,3
2019-10-05 16:25:17,719 [SCMBlockDeletingService#0] INFO  block.SCMBlockDeletingService (SCMBlockDeletingService.java:call(182)) - Totally added 3 delete blocks command for 1 datanodes, task elapsed time: 2ms
2019-10-05 16:25:17,775 [pool-7-thread-1] INFO  commands.RetriableDatanodeEventWatcher (RetriableDatanodeEventWatcher.java:onTimeout(47)) - RetriableDatanodeCommand type=deleteBlocksCommand with id=1570292713865 timed out. Retrying.
2019-10-05 16:25:17,789 [pool-7-thread-1] INFO  commands.RetriableDatanodeEventWatcher (RetriableDatanodeEventWatcher.java:onTimeout(47)) - RetriableDatanodeCommand type=deleteBlocksCommand with id=1570292713875 timed out. Retrying.
2019-10-05 16:25:17,805 [pool-7-thread-1] INFO  commands.RetriableDatanodeEventWatcher (RetriableDatanodeEventWatcher.java:onTimeout(47)) - RetriableDatanodeCommand type=deleteBlocksCommand with id=1570292713885 timed out. Retrying.
2019-10-05 16:25:17,819 [SCMBlockDeletingService#0] DEBUG block.SCMBlockDeletingService (SCMBlockDeletingService.java:call(138)) - Running DeletedBlockTransactionScanner
2019-10-05 16:25:17,820 [SCMBlockDeletingService#0] DEBUG block.SCMBlockDeletingService (SCMBlockDeletingService.java:call(155)) - Scanned deleted blocks log and got 3 delTX to process.
2019-10-05 16:25:17,820 [SCMBlockDeletingService#0] DEBUG block.SCMBlockDeletingService (SCMBlockDeletingService.java:call(171)) - Added delete block command for datanode 29926ed2-d930-4601-9cf8-13a6494a0fce in the queue, number of delete block transactions: 3, TxID list: 1,2,3
2019-10-05 16:25:17,820 [SCMBlockDeletingService#0] INFO  block.SCMBlockDeletingService (SCMBlockDeletingService.java:call(182)) - Totally added 3 delete blocks command for 1 datanodes, task elapsed time: 2ms
2019-10-05 16:25:17,861 [pool-7-thread-1] INFO  commands.RetriableDatanodeEventWatcher (RetriableDatanodeEventWatcher.java:onTimeout(47)) - RetriableDatanodeCommand type=deleteBlocksCommand with id=1570292713856 timed out. Retrying.
2019-10-05 16:25:17,876 [pool-7-thread-1] INFO  commands.RetriableDatanodeEventWatcher (RetriableDatanodeEventWatcher.java:onTimeout(47)) - RetriableDatanodeCommand type=deleteBlocksCommand with id=1570292713866 timed out. Retrying.
2019-10-05 16:25:17,891 [pool-7-thread-1] INFO  commands.RetriableDatanodeEventWatcher (RetriableDatanodeEventWatcher.java:onTimeout(47)) - RetriableDatanodeCommand type=deleteBlocksCommand with id=1570292713876 timed out. Retrying.
2019-10-05 16:25:17,907 [pool-7-thread-1] INFO  commands.RetriableDatanodeEventWatcher (RetriableDatanodeEventWatcher.java:onTimeout(47)) - RetriableDatanodeCommand type=deleteBlocksCommand with id=1570292713886 timed out. Retrying.
2019-10-05 16:25:17,921 [SCMBlockDeletingService#0] DEBUG block.SCMBlockDeletingService (SCMBlockDeletingService.java:call(138)) - Running DeletedBlockTransactionScanner
2019-10-05 16:25:17,921 [SCMBlockDeletingService#0] DEBUG block.SCMBlockDeletingService (SCMBlockDeletingService.java:call(155)) - Scanned deleted blocks log and got 3 delTX to process.
2019-10-05 16:25:17,921 [SCMBlockDeletingService#0] DEBUG block.SCMBlockDeletingService (SCMBlockDeletingService.java:call(171)) - Added delete block command for datanode 29926ed2-d930-4601-9cf8-13a6494a0fce in the queue, number of delete block transactions: 3, TxID list: 1,2,3
2019-10-05 16:25:17,922 [SCMBlockDeletingService#0] INFO  block.SCMBlockDeletingService (SCMBlockDeletingService.java:call(182)) - Totally added 3 delete blocks command for 1 datanodes, task elapsed time: 1ms
2019-10-05 16:25:17,962 [pool-7-thread-1] INFO  commands.RetriableDatanodeEventWatcher (RetriableDatanodeEventWatcher.java:onTimeout(47)) - RetriableDatanodeCommand type=deleteBlocksCommand with id=1570292713857 timed out. Retrying.
2019-10-05 16:25:17,978 [pool-7-thread-1] INFO  commands.RetriableDatanodeEventWatcher (RetriableDatanodeEventWatcher.java:onTimeout(47)) - RetriableDatanodeCommand type=deleteBlocksCommand with id=1570292713867 timed out. Retrying.
2019-10-05 16:25:17,992 [pool-7-thread-1] INFO  commands.RetriableDatanodeEventWatcher (RetriableDatanodeEventWatcher.java:onTimeout(47)) - RetriableDatanodeCommand type=deleteBlocksCommand with id=1570292713877 timed out. Retrying.
2019-10-05 16:25:18,008 [pool-7-thread-1] INFO  commands.RetriableDatanodeEventWatcher (RetriableDatanodeEventWatcher.java:onTimeout(47)) - RetriableDatanodeCommand type=deleteBlocksCommand with id=1570292713887 timed out. Retrying.
2019-10-05 16:25:18,022 [SCMBlockDeletingService#0] DEBUG block.SCMBlockDeletingService (SCMBlockDeletingService.java:call(138)) - Running DeletedBlockTransactionScanner
2019-10-05 16:25:18,023 [SCMBlockDeletingService#0] DEBUG block.SCMBlockDeletingService (SCMBlockDeletingService.java:call(155)) - Scanned deleted blocks log and got 3 delTX to process.
2019-10-05 16:25:18,023 [SCMBlockDeletingService#0] DEBUG block.SCMBlockDeletingService (SCMBlockDeletingService.java:call(171)) - Added delete block command for datanode 29926ed2-d930-4601-9cf8-13a6494a0fce in the queue, number of delete block transactions: 3, TxID list: 1,2,3
2019-10-05 16:25:18,024 [SCMBlockDeletingService#0] INFO  block.SCMBlockDeletingService (SCMBlockDeletingService.java:call(182)) - Totally added 3 delete blocks command for 1 datanodes, task elapsed time: 2ms
2019-10-05 16:25:18,063 [pool-7-thread-1] INFO  commands.RetriableDatanodeEventWatcher (RetriableDatanodeEventWatcher.java:onTimeout(47)) - RetriableDatanodeCommand type=deleteBlocksCommand with id=1570292713858 timed out. Retrying.
2019-10-05 16:25:18,078 [pool-7-thread-1] INFO  commands.RetriableDatanodeEventWatcher (RetriableDatanodeEventWatcher.java:onTimeout(47)) - RetriableDatanodeCommand type=deleteBlocksCommand with id=1570292713868 timed out. Retrying.
2019-10-05 16:25:18,094 [pool-7-thread-1] INFO  commands.RetriableDatanodeEventWatcher (RetriableDatanodeEventWatcher.java:onTimeout(47)) - RetriableDatanodeCommand type=deleteBlocksCommand with id=1570292713878 timed out. Retrying.
2019-10-05 16:25:18,110 [pool-7-thread-1] INFO  commands.RetriableDatanodeEventWatcher (RetriableDatanodeEventWatcher.java:onTimeout(47)) - RetriableDatanodeCommand type=deleteBlocksCommand with id=1570292713888 timed out. Retrying.
2019-10-05 16:25:18,124 [SCMBlockDeletingService#0] DEBUG block.SCMBlockDeletingService (SCMBlockDeletingService.java:call(138)) - Running DeletedBlockTransactionScanner
2019-10-05 16:25:18,125 [SCMBlockDeletingService#0] DEBUG block.SCMBlockDeletingService (SCMBlockDeletingService.java:call(155)) - Scanned deleted blocks log and got 3 delTX to process.
2019-10-05 16:25:18,125 [SCMBlockDeletingService#0] DEBUG block.SCMBlockDeletingService (SCMBlockDeletingService.java:call(171)) - Added delete block command for datanode 29926ed2-d930-4601-9cf8-13a6494a0fce in the queue, number of delete block transactions: 3, TxID list: 1,2,3
2019-10-05 16:25:18,125 [SCMBlockDeletingService#0] INFO  block.SCMBlockDeletingService (SCMBlockDeletingService.java:call(182)) - Totally added 3 delete blocks command for 1 datanodes, task elapsed time: 2ms
2019-10-05 16:25:18,164 [pool-7-thread-1] INFO  commands.RetriableDatanodeEventWatcher (RetriableDatanodeEventWatcher.java:onTimeout(47)) - RetriableDatanodeCommand type=deleteBlocksCommand with id=1570292713859 timed out. Retrying.
2019-10-05 16:25:18,181 [pool-7-thread-1] INFO  commands.RetriableDatanodeEventWatcher (RetriableDatanodeEventWatcher.java:onTimeout(47)) - RetriableDatanodeCommand type=deleteBlocksCommand with id=1570292713869 timed out. Retrying.
2019-10-05 16:25:18,195 [pool-7-thread-1] INFO  commands.RetriableDatanodeEventWatcher (RetriableDatanodeEventWatcher.java:onTimeout(47)) - RetriableDatanodeCommand type=deleteBlocksCommand with id=1570292713879 timed out. Retrying.
2019-10-05 16:25:18,210 [pool-7-thread-1] INFO  commands.RetriableDatanodeEventWatcher (RetriableDatanodeEventWatcher.java:onTimeout(47)) - RetriableDatanodeCommand type=deleteBlocksCommand with id=1570292713889 timed out. Retrying.
2019-10-05 16:25:18,226 [SCMBlockDeletingService#0] DEBUG block.SCMBlockDeletingService (SCMBlockDeletingService.java:call(138)) - Running DeletedBlockTransactionScanner
2019-10-05 16:25:18,226 [SCMBlockDeletingService#0] DEBUG block.SCMBlockDeletingService (SCMBlockDeletingService.java:call(155)) - Scanned deleted blocks log and got 3 delTX to process.
2019-10-05 16:25:18,227 [SCMBlockDeletingService#0] DEBUG block.SCMBlockDeletingService (SCMBlockDeletingService.java:call(171)) - Added delete block command for datanode 29926ed2-d930-4601-9cf8-13a6494a0fce in the queue, number of delete block transactions: 3, TxID list: 1,2,3
2019-10-05 16:25:18,227 [SCMBlockDeletingService#0] INFO  block.SCMBlockDeletingService (SCMBlockDeletingService.java:call(182)) - Totally added 3 delete blocks command for 1 datanodes, task elapsed time: 1ms
2019-10-05 16:25:18,266 [pool-7-thread-1] INFO  commands.RetriableDatanodeEventWatcher (RetriableDatanodeEventWatcher.java:onTimeout(47)) - RetriableDatanodeCommand type=deleteBlocksCommand with id=1570292713860 timed out. Retrying.
2019-10-05 16:25:18,282 [pool-7-thread-1] INFO  commands.RetriableDatanodeEventWatcher (RetriableDatanodeEventWatcher.java:onTimeout(47)) - RetriableDatanodeCommand type=deleteBlocksCommand with id=1570292713870 timed out. Retrying.
2019-10-05 16:25:18,298 [pool-7-thread-1] INFO  commands.RetriableDatanodeEventWatcher (RetriableDatanodeEventWatcher.java:onTimeout(47)) - RetriableDatanodeCommand type=deleteBlocksCommand with id=1570292713880 timed out. Retrying.
2019-10-05 16:25:18,312 [pool-7-thread-1] INFO  commands.RetriableDatanodeEventWatcher (RetriableDatanodeEventWatcher.java:onTimeout(47)) - RetriableDatanodeCommand type=deleteBlocksCommand with id=1570292713890 timed out. Retrying.
2019-10-05 16:25:18,327 [SCMBlockDeletingService#0] DEBUG block.SCMBlockDeletingService (SCMBlockDeletingService.java:call(138)) - Running DeletedBlockTransactionScanner
2019-10-05 16:25:18,328 [SCMBlockDeletingService#0] DEBUG block.SCMBlockDeletingService (SCMBlockDeletingService.java:call(155)) - Scanned deleted blocks log and got 3 delTX to process.
2019-10-05 16:25:18,328 [SCMBlockDeletingService#0] DEBUG block.SCMBlockDeletingService (SCMBlockDeletingService.java:call(171)) - Added delete block command for datanode 29926ed2-d930-4601-9cf8-13a6494a0fce in the queue, number of delete block transactions: 3, TxID list: 1,2,3
2019-10-05 16:25:18,328 [SCMBlockDeletingService#0] INFO  block.SCMBlockDeletingService (SCMBlockDeletingService.java:call(182)) - Totally added 3 delete blocks command for 1 datanodes, task elapsed time: 1ms
2019-10-05 16:25:18,369 [pool-7-thread-1] INFO  commands.RetriableDatanodeEventWatcher (RetriableDatanodeEventWatcher.java:onTimeout(47)) - RetriableDatanodeCommand type=deleteBlocksCommand with id=1570292713861 timed out. Retrying.
2019-10-05 16:25:18,382 [pool-7-thread-1] INFO  commands.RetriableDatanodeEventWatcher (RetriableDatanodeEventWatcher.java:onTimeout(47)) - RetriableDatanodeCommand type=deleteBlocksCommand with id=1570292713871 timed out. Retrying.
2019-10-05 16:25:18,400 [pool-7-thread-1] INFO  commands.RetriableDatanodeEventWatcher (RetriableDatanodeEventWatcher.java:onTimeout(47)) - RetriableDatanodeCommand type=deleteBlocksCommand with id=1570292713881 timed out. Retrying.
2019-10-05 16:25:18,413 [pool-7-thread-1] INFO  commands.RetriableDatanodeEventWatcher (RetriableDatanodeEventWatcher.java:onTimeout(47)) - RetriableDatanodeCommand type=deleteBlocksCommand with id=1570292713891 timed out. Retrying.
2019-10-05 16:25:18,428 [SCMBlockDeletingService#0] DEBUG block.SCMBlockDeletingService (SCMBlockDeletingService.java:call(138)) - Running DeletedBlockTransactionScanner
2019-10-05 16:25:18,429 [SCMBlockDeletingService#0] DEBUG block.SCMBlockDeletingService (SCMBlockDeletingService.java:call(155)) - Scanned deleted blocks log and got 3 delTX to process.
2019-10-05 16:25:18,429 [SCMBlockDeletingService#0] DEBUG block.SCMBlockDeletingService (SCMBlockDeletingService.java:call(171)) - Added delete block command for datanode 29926ed2-d930-4601-9cf8-13a6494a0fce in the queue, number of delete block transactions: 3, TxID list: 1,2,3
2019-10-05 16:25:18,429 [SCMBlockDeletingService#0] INFO  block.SCMBlockDeletingService (SCMBlockDeletingService.java:call(182)) - Totally added 3 delete blocks command for 1 datanodes, task elapsed time: 1ms
2019-10-05 16:25:18,470 [pool-7-thread-1] INFO  commands.RetriableDatanodeEventWatcher (RetriableDatanodeEventWatcher.java:onTimeout(47)) - RetriableDatanodeCommand type=deleteBlocksCommand with id=1570292713862 timed out. Retrying.
2019-10-05 16:25:18,485 [pool-7-thread-1] INFO  commands.RetriableDatanodeEventWatcher (RetriableDatanodeEventWatcher.java:onTimeout(47)) - RetriableDatanodeCommand type=deleteBlocksCommand with id=1570292713872 timed out. Retrying.
2019-10-05 16:25:18,500 [pool-7-thread-1] INFO  commands.RetriableDatanodeEventWatcher (RetriableDatanodeEventWatcher.java:onTimeout(47)) - RetriableDatanodeCommand type=deleteBlocksCommand with id=1570292713882 timed out. Retrying.
2019-10-05 16:25:18,515 [pool-7-thread-1] INFO  commands.RetriableDatanodeEventWatcher (RetriableDatanodeEventWatcher.java:onTimeout(47)) - RetriableDatanodeCommand type=deleteBlocksCommand with id=1570292713892 timed out. Retrying.
2019-10-05 16:25:18,530 [SCMBlockDeletingService#0] DEBUG block.SCMBlockDeletingService (SCMBlockDeletingService.java:call(138)) - Running DeletedBlockTransactionScanner
2019-10-05 16:25:18,530 [SCMBlockDeletingService#0] DEBUG block.SCMBlockDeletingService (SCMBlockDeletingService.java:call(155)) - Scanned deleted blocks log and got 3 delTX to process.
2019-10-05 16:25:18,530 [SCMBlockDeletingService#0] DEBUG block.SCMBlockDeletingService (SCMBlockDeletingService.java:call(171)) - Added delete block command for datanode 29926ed2-d930-4601-9cf8-13a6494a0fce in the queue, number of delete block transactions: 3, TxID list: 1,2,3
2019-10-05 16:25:18,531 [SCMBlockDeletingService#0] INFO  block.SCMBlockDeletingService (SCMBlockDeletingService.java:call(182)) - Totally added 3 delete blocks command for 1 datanodes, task elapsed time: 1ms
2019-10-05 16:25:18,571 [pool-7-thread-1] INFO  commands.RetriableDatanodeEventWatcher (RetriableDatanodeEventWatcher.java:onTimeout(47)) - RetriableDatanodeCommand type=deleteBlocksCommand with id=1570292713863 timed out. Retrying.
2019-10-05 16:25:18,587 [pool-7-thread-1] INFO  commands.RetriableDatanodeEventWatcher (RetriableDatanodeEventWatcher.java:onTimeout(47)) - RetriableDatanodeCommand type=deleteBlocksCommand with id=1570292713873 timed out. Retrying.
2019-10-05 16:25:18,602 [pool-7-thread-1] INFO  commands.RetriableDatanodeEventWatcher (RetriableDatanodeEventWatcher.java:onTimeout(47)) - RetriableDatanodeCommand type=deleteBlocksCommand with id=1570292713883 timed out. Retrying.
2019-10-05 16:25:18,616 [pool-7-thread-1] INFO  commands.RetriableDatanodeEventWatcher (RetriableDatanodeEventWatcher.java:onTimeout(47)) - RetriableDatanodeCommand type=deleteBlocksCommand with id=1570292713893 timed out. Retrying.
2019-10-05 16:25:18,631 [SCMBlockDeletingService#0] DEBUG block.SCMBlockDeletingService (SCMBlockDeletingService.java:call(138)) - Running DeletedBlockTransactionScanner
2019-10-05 16:25:18,631 [SCMBlockDeletingService#0] DEBUG block.SCMBlockDeletingService (SCMBlockDeletingService.java:call(155)) - Scanned deleted blocks log and got 3 delTX to process.
2019-10-05 16:25:18,632 [SCMBlockDeletingService#0] DEBUG block.SCMBlockDeletingService (SCMBlockDeletingService.java:call(171)) - Added delete block command for datanode 29926ed2-d930-4601-9cf8-13a6494a0fce in the queue, number of delete block transactions: 3, TxID list: 1,2,3
2019-10-05 16:25:18,632 [SCMBlockDeletingService#0] INFO  block.SCMBlockDeletingService (SCMBlockDeletingService.java:call(182)) - Totally added 3 delete blocks command for 1 datanodes, task elapsed time: 1ms
2019-10-05 16:25:18,675 [pool-7-thread-1] INFO  commands.RetriableDatanodeEventWatcher (RetriableDatanodeEventWatcher.java:onTimeout(47)) - RetriableDatanodeCommand type=deleteBlocksCommand with id=1570292713864 timed out. Retrying.
2019-10-05 16:25:18,687 [pool-7-thread-1] INFO  commands.RetriableDatanodeEventWatcher (RetriableDatanodeEventWatcher.java:onTimeout(47)) - RetriableDatanodeCommand type=deleteBlocksCommand with id=1570292713874 timed out. Retrying.
2019-10-05 16:25:18,703 [pool-7-thread-1] INFO  commands.RetriableDatanodeEventWatcher (RetriableDatanodeEventWatcher.java:onTimeout(47)) - RetriableDatanodeCommand type=deleteBlocksCommand with id=1570292713884 timed out. Retrying.
2019-10-05 16:25:18,719 [pool-7-thread-1] INFO  commands.RetriableDatanodeEventWatcher (RetriableDatanodeEventWatcher.java:onTimeout(47)) - RetriableDatanodeCommand type=deleteBlocksCommand with id=1570292713894 timed out. Retrying.
2019-10-05 16:25:18,732 [SCMBlockDeletingService#0] DEBUG block.SCMBlockDeletingService (SCMBlockDeletingService.java:call(138)) - Running DeletedBlockTransactionScanner
2019-10-05 16:25:18,733 [SCMBlockDeletingService#0] DEBUG block.SCMBlockDeletingService (SCMBlockDeletingService.java:call(155)) - Scanned deleted blocks log and got 3 delTX to process.
2019-10-05 16:25:18,733 [SCMBlockDeletingService#0] DEBUG block.SCMBlockDeletingService (SCMBlockDeletingService.java:call(171)) - Added delete block command for datanode 29926ed2-d930-4601-9cf8-13a6494a0fce in the queue, number of delete block transactions: 3, TxID list: 1,2,3
2019-10-05 16:25:18,733 [SCMBlockDeletingService#0] INFO  block.SCMBlockDeletingService (SCMBlockDeletingService.java:call(182)) - Totally added 3 delete blocks command for 1 datanodes, task elapsed time: 1ms
2019-10-05 16:25:18,775 [pool-7-thread-1] INFO  commands.RetriableDatanodeEventWatcher (RetriableDatanodeEventWatcher.java:onTimeout(47)) - RetriableDatanodeCommand type=deleteBlocksCommand with id=1570292713865 timed out. Retrying.
2019-10-05 16:25:18,790 [pool-7-thread-1] INFO  commands.RetriableDatanodeEventWatcher (RetriableDatanodeEventWatcher.java:onTimeout(47)) - RetriableDatanodeCommand type=deleteBlocksCommand with id=1570292713875 timed out. Retrying.
2019-10-05 16:25:18,806 [pool-7-thread-1] INFO  commands.RetriableDatanodeEventWatcher (RetriableDatanodeEventWatcher.java:onTimeout(47)) - RetriableDatanodeCommand type=deleteBlocksCommand with id=1570292713885 timed out. Retrying.
2019-10-05 16:25:18,820 [pool-7-thread-1] INFO  commands.RetriableDatanodeEventWatcher (RetriableDatanodeEventWatcher.java:onTimeout(47)) - RetriableDatanodeCommand type=deleteBlocksCommand with id=1570292713895 timed out. Retrying.
2019-10-05 16:25:18,825 [main] INFO  ozoneimpl.OzoneContainer (OzoneContainer.java:stop(231)) - Attempting to stop container services.
2019-10-05 16:25:18,828 [main] INFO  impl.RaftServerProxy (RaftServerProxy.java:lambda$close$4(314)) - 29926ed2-d930-4601-9cf8-13a6494a0fce: close
2019-10-05 16:25:18,830 [main] INFO  impl.RaftServerImpl (RaftServerImpl.java:lambda$shutdown$3(247)) - 29926ed2-d930-4601-9cf8-13a6494a0fce@group-66450F7274CF: shutdown
2019-10-05 16:25:18,830 [main] INFO  util.JmxRegister (JmxRegister.java:unregister(73)) - Successfully un-registered JMX Bean with object name Ratis:service=RaftServer,group=group-66450F7274CF,id=29926ed2-d930-4601-9cf8-13a6494a0fce
2019-10-05 16:25:18,831 [main] INFO  impl.RoleInfo (RoleInfo.java:shutdownLeaderState(104)) - 29926ed2-d930-4601-9cf8-13a6494a0fce: shutdown LeaderState
2019-10-05 16:25:18,832 [main] INFO  impl.PendingRequests (PendingRequests.java:sendNotLeaderResponses(202)) - 29926ed2-d930-4601-9cf8-13a6494a0fce@group-66450F7274CF-PendingRequests: sendNotLeaderResponses
2019-10-05 16:25:18,834 [SCMBlockDeletingService#0] DEBUG block.SCMBlockDeletingService (SCMBlockDeletingService.java:call(138)) - Running DeletedBlockTransactionScanner
2019-10-05 16:25:18,834 [SCMBlockDeletingService#0] DEBUG block.SCMBlockDeletingService (SCMBlockDeletingService.java:call(155)) - Scanned deleted blocks log and got 3 delTX to process.
2019-10-05 16:25:18,835 [SCMBlockDeletingService#0] DEBUG block.SCMBlockDeletingService (SCMBlockDeletingService.java:call(171)) - Added delete block command for datanode 29926ed2-d930-4601-9cf8-13a6494a0fce in the queue, number of delete block transactions: 3, TxID list: 1,2,3
2019-10-05 16:25:18,835 [SCMBlockDeletingService#0] INFO  block.SCMBlockDeletingService (SCMBlockDeletingService.java:call(182)) - Totally added 3 delete blocks command for 1 datanodes, task elapsed time: 1ms
2019-10-05 16:25:18,839 [main] INFO  impl.StateMachineUpdater (StateMachineUpdater.java:stopAndJoin(136)) - 29926ed2-d930-4601-9cf8-13a6494a0fce@group-66450F7274CF-StateMachineUpdater: set stopIndex = 6103
2019-10-05 16:25:18,839 [29926ed2-d930-4601-9cf8-13a6494a0fce@group-66450F7274CF-StateMachineUpdater] INFO  ratis.ContainerStateMachine (ContainerStateMachine.java:takeSnapshot(293)) - group-66450F7274CF: Taking a snapshot at:(t:1, i:6102) file /workdir/hadoop-ozone/integration-test/target/test-dir/MiniOzoneClusterImpl-c3e8681e-48b4-488b-af05-0690ad4038ab/datanode-0/data/ratis/96c8ac54-7d25-47bb-8b19-66450f7274cf/sm/snapshot.1_6102
2019-10-05 16:25:18,862 [pool-7-thread-1] INFO  commands.RetriableDatanodeEventWatcher (RetriableDatanodeEventWatcher.java:onTimeout(47)) - RetriableDatanodeCommand type=deleteBlocksCommand with id=1570292713856 timed out. Retrying.
2019-10-05 16:25:18,877 [pool-7-thread-1] INFO  commands.RetriableDatanodeEventWatcher (RetriableDatanodeEventWatcher.java:onTimeout(47)) - RetriableDatanodeCommand type=deleteBlocksCommand with id=1570292713866 timed out. Retrying.
2019-10-05 16:25:18,878 [29926ed2-d930-4601-9cf8-13a6494a0fce@group-66450F7274CF-StateMachineUpdater] INFO  ratis.ContainerStateMachine (ContainerStateMachine.java:takeSnapshot(304)) - group-66450F7274CF: Finished taking a snapshot at:(t:1, i:6102) file:/workdir/hadoop-ozone/integration-test/target/test-dir/MiniOzoneClusterImpl-c3e8681e-48b4-488b-af05-0690ad4038ab/datanode-0/data/ratis/96c8ac54-7d25-47bb-8b19-66450f7274cf/sm/snapshot.1_6102 time:39
2019-10-05 16:25:18,880 [29926ed2-d930-4601-9cf8-13a6494a0fce@group-66450F7274CF-StateMachineUpdater] INFO  impl.StateMachineUpdater (StateMachineUpdater.java:takeSnapshot(269)) - 29926ed2-d930-4601-9cf8-13a6494a0fce@group-66450F7274CF-StateMachineUpdater: Took a snapshot at index 6102
2019-10-05 16:25:18,881 [29926ed2-d930-4601-9cf8-13a6494a0fce@group-66450F7274CF-StateMachineUpdater] INFO  impl.StateMachineUpdater (StateMachineUpdater.java:lambda$new$0(84)) - 29926ed2-d930-4601-9cf8-13a6494a0fce@group-66450F7274CF-StateMachineUpdater: snapshotIndex: updateIncreasingly -1 -> 6102
2019-10-05 16:25:18,889 [29926ed2-d930-4601-9cf8-13a6494a0fce@group-66450F7274CF-StateMachineUpdater] INFO  ratis.ContainerStateMachine (ContainerStateMachine.java:takeSnapshot(293)) - group-66450F7274CF: Taking a snapshot at:(t:1, i:6102) file /workdir/hadoop-ozone/integration-test/target/test-dir/MiniOzoneClusterImpl-c3e8681e-48b4-488b-af05-0690ad4038ab/datanode-0/data/ratis/96c8ac54-7d25-47bb-8b19-66450f7274cf/sm/snapshot.1_6102
2019-10-05 16:25:18,892 [pool-7-thread-1] INFO  commands.RetriableDatanodeEventWatcher (RetriableDatanodeEventWatcher.java:onTimeout(47)) - RetriableDatanodeCommand type=deleteBlocksCommand with id=1570292713876 timed out. Retrying.
2019-10-05 16:25:18,901 [29926ed2-d930-4601-9cf8-13a6494a0fce@group-66450F7274CF-StateMachineUpdater] INFO  ratis.ContainerStateMachine (ContainerStateMachine.java:takeSnapshot(304)) - group-66450F7274CF: Finished taking a snapshot at:(t:1, i:6102) file:/workdir/hadoop-ozone/integration-test/target/test-dir/MiniOzoneClusterImpl-c3e8681e-48b4-488b-af05-0690ad4038ab/datanode-0/data/ratis/96c8ac54-7d25-47bb-8b19-66450f7274cf/sm/snapshot.1_6102 time:13
2019-10-05 16:25:18,902 [29926ed2-d930-4601-9cf8-13a6494a0fce@group-66450F7274CF-StateMachineUpdater] INFO  impl.StateMachineUpdater (StateMachineUpdater.java:takeSnapshot(269)) - 29926ed2-d930-4601-9cf8-13a6494a0fce@group-66450F7274CF-StateMachineUpdater: Took a snapshot at index 6102
2019-10-05 16:25:18,902 [29926ed2-d930-4601-9cf8-13a6494a0fce@group-66450F7274CF-StateMachineUpdater] INFO  impl.StateMachineUpdater (StateMachineUpdater.java:lambda$new$0(84)) - 29926ed2-d930-4601-9cf8-13a6494a0fce@group-66450F7274CF-StateMachineUpdater: snapshotIndex: updateIncreasingly 6102 -> 6102
2019-10-05 16:25:18,902 [main] INFO  impl.RaftServerImpl (ServerState.java:close(387)) - 29926ed2-d930-4601-9cf8-13a6494a0fce@group-66450F7274CF: closes. applyIndex: 6103
2019-10-05 16:25:18,907 [29926ed2-d930-4601-9cf8-13a6494a0fce@group-66450F7274CF-SegmentedRaftLogWorker] INFO  segmented.SegmentedRaftLogWorker (SegmentedRaftLogWorker.java:run(316)) - 29926ed2-d930-4601-9cf8-13a6494a0fce@group-66450F7274CF-SegmentedRaftLogWorker was interrupted, exiting. There are 0 tasks remaining in the queue.
2019-10-05 16:25:18,907 [pool-7-thread-1] INFO  commands.RetriableDatanodeEventWatcher (RetriableDatanodeEventWatcher.java:onTimeout(47)) - RetriableDatanodeCommand type=deleteBlocksCommand with id=1570292713886 timed out. Retrying.
2019-10-05 16:25:18,908 [main] INFO  segmented.SegmentedRaftLogWorker (SegmentedRaftLogWorker.java:close(224)) - 29926ed2-d930-4601-9cf8-13a6494a0fce@group-66450F7274CF-SegmentedRaftLogWorker close()
2019-10-05 16:25:18,911 [main] INFO  server.GrpcService (GrpcService.java:closeImpl(164)) - 29926ed2-d930-4601-9cf8-13a6494a0fce: shutdown server with port 37652 now
2019-10-05 16:25:18,915 [main] INFO  server.GrpcService (GrpcService.java:closeImpl(172)) - 29926ed2-d930-4601-9cf8-13a6494a0fce: shutdown server with port 37652 successfully
2019-10-05 16:25:18,922 [pool-7-thread-1] INFO  commands.RetriableDatanodeEventWatcher (RetriableDatanodeEventWatcher.java:onTimeout(47)) - RetriableDatanodeCommand type=deleteBlocksCommand with id=1570292713896 timed out. Retrying.
2019-10-05 16:25:18,922 [refreshUsed-/workdir/hadoop-ozone/integration-test/target/test-dir/MiniOzoneClusterImpl-c3e8681e-48b4-488b-af05-0690ad4038ab/datanode-0/data/containers] WARN  fs.CachingGetSpaceUsed (CachingGetSpaceUsed.java:run(183)) - Thread Interrupted waiting to refresh disk information: sleep interrupted
2019-10-05 16:25:18,936 [SCMBlockDeletingService#0] DEBUG block.SCMBlockDeletingService (SCMBlockDeletingService.java:call(138)) - Running DeletedBlockTransactionScanner
2019-10-05 16:25:18,936 [SCMBlockDeletingService#0] DEBUG block.SCMBlockDeletingService (SCMBlockDeletingService.java:call(155)) - Scanned deleted blocks log and got 3 delTX to process.
2019-10-05 16:25:18,937 [SCMBlockDeletingService#0] DEBUG block.SCMBlockDeletingService (SCMBlockDeletingService.java:call(171)) - Added delete block command for datanode 29926ed2-d930-4601-9cf8-13a6494a0fce in the queue, number of delete block transactions: 3, TxID list: 1,2,3
2019-10-05 16:25:18,937 [SCMBlockDeletingService#0] INFO  block.SCMBlockDeletingService (SCMBlockDeletingService.java:call(182)) - Totally added 3 delete blocks command for 1 datanodes, task elapsed time: 1ms
2019-10-05 16:25:18,941 [main] INFO  utils.BackgroundService (BackgroundService.java:shutdown(148)) - Shutting down service BlockDeletingService
2019-10-05 16:25:18,945 [main] INFO  statemachine.DatanodeStateMachine (DatanodeStateMachine.java:stopDaemon(395)) - Ozone container server stopped.
2019-10-05 16:25:18,950 [main] INFO  handler.ContextHandler (ContextHandler.java:doStop(910)) - Stopped o.e.j.w.WebAppContext@2f5ac102{/,null,UNAVAILABLE}{/hddsDatanode}
2019-10-05 16:25:18,956 [main] INFO  server.AbstractConnector (AbstractConnector.java:doStop(318)) - Stopped ServerConnector@5df778c3{HTTP/1.1,[http/1.1]}{0.0.0.0:0}
2019-10-05 16:25:18,956 [main] INFO  handler.ContextHandler (ContextHandler.java:doStop(910)) - Stopped o.e.j.s.ServletContextHandler@43045f9f{/static,jar:file:/home/user/.m2/repository/org/apache/hadoop/hadoop-hdds-container-service/0.5.0-SNAPSHOT/hadoop-hdds-container-service-0.5.0-SNAPSHOT.jar!/webapps/static,UNAVAILABLE}
2019-10-05 16:25:18,957 [main] INFO  handler.ContextHandler (ContextHandler.java:doStop(910)) - Stopped o.e.j.s.ServletContextHandler@26dc9bd5{/logs,file:///workdir/hadoop-ozone/integration-test/target/log,UNAVAILABLE}
2019-10-05 16:25:18,962 [pool-7-thread-1] INFO  commands.RetriableDatanodeEventWatcher (RetriableDatanodeEventWatcher.java:onTimeout(47)) - RetriableDatanodeCommand type=deleteBlocksCommand with id=1570292713857 timed out. Retrying.
2019-10-05 16:25:18,979 [pool-7-thread-1] INFO  commands.RetriableDatanodeEventWatcher (RetriableDatanodeEventWatcher.java:onTimeout(47)) - RetriableDatanodeCommand type=deleteBlocksCommand with id=1570292713867 timed out. Retrying.
2019-10-05 16:25:18,993 [pool-7-thread-1] INFO  commands.RetriableDatanodeEventWatcher (RetriableDatanodeEventWatcher.java:onTimeout(47)) - RetriableDatanodeCommand type=deleteBlocksCommand with id=1570292713877 timed out. Retrying.
2019-10-05 16:25:19,008 [pool-7-thread-1] INFO  commands.RetriableDatanodeEventWatcher (RetriableDatanodeEventWatcher.java:onTimeout(47)) - RetriableDatanodeCommand type=deleteBlocksCommand with id=1570292713887 timed out. Retrying.
2019-10-05 16:25:19,023 [pool-7-thread-1] INFO  commands.RetriableDatanodeEventWatcher (RetriableDatanodeEventWatcher.java:onTimeout(47)) - RetriableDatanodeCommand type=deleteBlocksCommand with id=1570292713897 timed out. Retrying.
2019-10-05 16:25:19,037 [SCMBlockDeletingService#0] DEBUG block.SCMBlockDeletingService (SCMBlockDeletingService.java:call(138)) - Running DeletedBlockTransactionScanner
2019-10-05 16:25:19,038 [SCMBlockDeletingService#0] DEBUG block.SCMBlockDeletingService (SCMBlockDeletingService.java:call(155)) - Scanned deleted blocks log and got 3 delTX to process.
2019-10-05 16:25:19,038 [SCMBlockDeletingService#0] DEBUG block.SCMBlockDeletingService (SCMBlockDeletingService.java:call(171)) - Added delete block command for datanode 29926ed2-d930-4601-9cf8-13a6494a0fce in the queue, number of delete block transactions: 3, TxID list: 1,2,3
2019-10-05 16:25:19,039 [SCMBlockDeletingService#0] INFO  block.SCMBlockDeletingService (SCMBlockDeletingService.java:call(182)) - Totally added 3 delete blocks command for 1 datanodes, task elapsed time: 1ms
2019-10-05 16:25:19,063 [pool-7-thread-1] INFO  commands.RetriableDatanodeEventWatcher (RetriableDatanodeEventWatcher.java:onTimeout(47)) - RetriableDatanodeCommand type=deleteBlocksCommand with id=1570292713858 timed out. Retrying.
2019-10-05 16:25:19,078 [pool-7-thread-1] INFO  commands.RetriableDatanodeEventWatcher (RetriableDatanodeEventWatcher.java:onTimeout(47)) - RetriableDatanodeCommand type=deleteBlocksCommand with id=1570292713868 timed out. Retrying.
2019-10-05 16:25:19,095 [pool-7-thread-1] INFO  commands.RetriableDatanodeEventWatcher (RetriableDatanodeEventWatcher.java:onTimeout(47)) - RetriableDatanodeCommand type=deleteBlocksCommand with id=1570292713878 timed out. Retrying.
2019-10-05 16:25:19,110 [pool-7-thread-1] INFO  commands.RetriableDatanodeEventWatcher (RetriableDatanodeEventWatcher.java:onTimeout(47)) - RetriableDatanodeCommand type=deleteBlocksCommand with id=1570292713888 timed out. Retrying.
2019-10-05 16:25:19,125 [pool-7-thread-1] INFO  commands.RetriableDatanodeEventWatcher (RetriableDatanodeEventWatcher.java:onTimeout(47)) - RetriableDatanodeCommand type=deleteBlocksCommand with id=1570292713898 timed out. Retrying.
2019-10-05 16:25:19,139 [SCMBlockDeletingService#0] DEBUG block.SCMBlockDeletingService (SCMBlockDeletingService.java:call(138)) - Running DeletedBlockTransactionScanner
2019-10-05 16:25:19,139 [SCMBlockDeletingService#0] DEBUG block.SCMBlockDeletingService (SCMBlockDeletingService.java:call(155)) - Scanned deleted blocks log and got 3 delTX to process.
2019-10-05 16:25:19,140 [SCMBlockDeletingService#0] DEBUG block.SCMBlockDeletingService (SCMBlockDeletingService.java:call(171)) - Added delete block command for datanode 29926ed2-d930-4601-9cf8-13a6494a0fce in the queue, number of delete block transactions: 3, TxID list: 1,2,3
2019-10-05 16:25:19,140 [SCMBlockDeletingService#0] INFO  block.SCMBlockDeletingService (SCMBlockDeletingService.java:call(182)) - Totally added 3 delete blocks command for 1 datanodes, task elapsed time: 1ms
2019-10-05 16:25:19,165 [pool-7-thread-1] INFO  commands.RetriableDatanodeEventWatcher (RetriableDatanodeEventWatcher.java:onTimeout(47)) - RetriableDatanodeCommand type=deleteBlocksCommand with id=1570292713859 timed out. Retrying.
2019-10-05 16:25:19,181 [pool-7-thread-1] INFO  commands.RetriableDatanodeEventWatcher (RetriableDatanodeEventWatcher.java:onTimeout(47)) - RetriableDatanodeCommand type=deleteBlocksCommand with id=1570292713869 timed out. Retrying.
2019-10-05 16:25:19,195 [pool-7-thread-1] INFO  commands.RetriableDatanodeEventWatcher (RetriableDatanodeEventWatcher.java:onTimeout(47)) - RetriableDatanodeCommand type=deleteBlocksCommand with id=1570292713879 timed out. Retrying.
2019-10-05 16:25:19,211 [pool-7-thread-1] INFO  commands.RetriableDatanodeEventWatcher (RetriableDatanodeEventWatcher.java:onTimeout(47)) - RetriableDatanodeCommand type=deleteBlocksCommand with id=1570292713889 timed out. Retrying.
2019-10-05 16:25:19,227 [pool-7-thread-1] INFO  commands.RetriableDatanodeEventWatcher (RetriableDatanodeEventWatcher.java:onTimeout(47)) - RetriableDatanodeCommand type=deleteBlocksCommand with id=1570292713899 timed out. Retrying.
2019-10-05 16:25:19,240 [SCMBlockDeletingService#0] DEBUG block.SCMBlockDeletingService (SCMBlockDeletingService.java:call(138)) - Running DeletedBlockTransactionScanner
2019-10-05 16:25:19,241 [SCMBlockDeletingService#0] DEBUG block.SCMBlockDeletingService (SCMBlockDeletingService.java:call(155)) - Scanned deleted blocks log and got 3 delTX to process.
2019-10-05 16:25:19,241 [SCMBlockDeletingService#0] DEBUG block.SCMBlockDeletingService (SCMBlockDeletingService.java:call(171)) - Added delete block command for datanode 29926ed2-d930-4601-9cf8-13a6494a0fce in the queue, number of delete block transactions: 3, TxID list: 1,2,3
2019-10-05 16:25:19,241 [SCMBlockDeletingService#0] INFO  block.SCMBlockDeletingService (SCMBlockDeletingService.java:call(182)) - Totally added 3 delete blocks command for 1 datanodes, task elapsed time: 0ms
2019-10-05 16:25:19,266 [pool-7-thread-1] INFO  commands.RetriableDatanodeEventWatcher (RetriableDatanodeEventWatcher.java:onTimeout(47)) - RetriableDatanodeCommand type=deleteBlocksCommand with id=1570292713860 timed out. Retrying.
2019-10-05 16:25:19,283 [pool-7-thread-1] INFO  commands.RetriableDatanodeEventWatcher (RetriableDatanodeEventWatcher.java:onTimeout(47)) - RetriableDatanodeCommand type=deleteBlocksCommand with id=1570292713870 timed out. Retrying.
2019-10-05 16:25:19,298 [pool-7-thread-1] INFO  commands.RetriableDatanodeEventWatcher (RetriableDatanodeEventWatcher.java:onTimeout(47)) - RetriableDatanodeCommand type=deleteBlocksCommand with id=1570292713880 timed out. Retrying.
2019-10-05 16:25:19,313 [pool-7-thread-1] INFO  commands.RetriableDatanodeEventWatcher (RetriableDatanodeEventWatcher.java:onTimeout(47)) - RetriableDatanodeCommand type=deleteBlocksCommand with id=1570292713890 timed out. Retrying.
2019-10-05 16:25:19,328 [pool-7-thread-1] INFO  commands.RetriableDatanodeEventWatcher (RetriableDatanodeEventWatcher.java:onTimeout(47)) - RetriableDatanodeCommand type=deleteBlocksCommand with id=1570292713900 timed out. Retrying.
2019-10-05 16:25:19,342 [SCMBlockDeletingService#0] DEBUG block.SCMBlockDeletingService (SCMBlockDeletingService.java:call(138)) - Running DeletedBlockTransactionScanner
2019-10-05 16:25:19,342 [SCMBlockDeletingService#0] DEBUG block.SCMBlockDeletingService (SCMBlockDeletingService.java:call(155)) - Scanned deleted blocks log and got 3 delTX to process.
2019-10-05 16:25:19,342 [SCMBlockDeletingService#0] DEBUG block.SCMBlockDeletingService (SCMBlockDeletingService.java:call(171)) - Added delete block command for datanode 29926ed2-d930-4601-9cf8-13a6494a0fce in the queue, number of delete block transactions: 3, TxID list: 1,2,3
2019-10-05 16:25:19,343 [SCMBlockDeletingService#0] INFO  block.SCMBlockDeletingService (SCMBlockDeletingService.java:call(182)) - Totally added 3 delete blocks command for 1 datanodes, task elapsed time: 1ms
2019-10-05 16:25:19,370 [pool-7-thread-1] INFO  commands.RetriableDatanodeEventWatcher (RetriableDatanodeEventWatcher.java:onTimeout(47)) - RetriableDatanodeCommand type=deleteBlocksCommand with id=1570292713861 timed out. Retrying.
2019-10-05 16:25:19,382 [pool-7-thread-1] INFO  commands.RetriableDatanodeEventWatcher (RetriableDatanodeEventWatcher.java:onTimeout(47)) - RetriableDatanodeCommand type=deleteBlocksCommand with id=1570292713871 timed out. Retrying.
2019-10-05 16:25:19,401 [pool-7-thread-1] INFO  commands.RetriableDatanodeEventWatcher (RetriableDatanodeEventWatcher.java:onTimeout(47)) - RetriableDatanodeCommand type=deleteBlocksCommand with id=1570292713881 timed out. Retrying.
2019-10-05 16:25:19,413 [pool-7-thread-1] INFO  commands.RetriableDatanodeEventWatcher (RetriableDatanodeEventWatcher.java:onTimeout(47)) - RetriableDatanodeCommand type=deleteBlocksCommand with id=1570292713891 timed out. Retrying.
2019-10-05 16:25:19,429 [pool-7-thread-1] INFO  commands.RetriableDatanodeEventWatcher (RetriableDatanodeEventWatcher.java:onTimeout(47)) - RetriableDatanodeCommand type=deleteBlocksCommand with id=1570292713901 timed out. Retrying.
2019-10-05 16:25:19,443 [SCMBlockDeletingService#0] DEBUG block.SCMBlockDeletingService (SCMBlockDeletingService.java:call(138)) - Running DeletedBlockTransactionScanner
2019-10-05 16:25:19,443 [SCMBlockDeletingService#0] DEBUG block.SCMBlockDeletingService (SCMBlockDeletingService.java:call(155)) - Scanned deleted blocks log and got 3 delTX to process.
2019-10-05 16:25:19,444 [SCMBlockDeletingService#0] DEBUG block.SCMBlockDeletingService (SCMBlockDeletingService.java:call(171)) - Added delete block command for datanode 29926ed2-d930-4601-9cf8-13a6494a0fce in the queue, number of delete block transactions: 3, TxID list: 1,2,3
2019-10-05 16:25:19,444 [SCMBlockDeletingService#0] INFO  block.SCMBlockDeletingService (SCMBlockDeletingService.java:call(182)) - Totally added 3 delete blocks command for 1 datanodes, task elapsed time: 1ms
2019-10-05 16:25:19,460 [main] INFO  ozone.MiniOzoneClusterImpl (MiniOzoneClusterImpl.java:lambda$waitForClusterToBeReady$0(147)) - Cluster is ready. Got 0 of 0 DN Heartbeats.
2019-10-05 16:25:19,463 [main] INFO  impl.MetricsSystemImpl (MetricsSystemImpl.java:init(158)) - HddsDatanode metrics system started (again)
2019-10-05 16:25:19,471 [pool-7-thread-1] INFO  commands.RetriableDatanodeEventWatcher (RetriableDatanodeEventWatcher.java:onTimeout(47)) - RetriableDatanodeCommand type=deleteBlocksCommand with id=1570292713862 timed out. Retrying.
2019-10-05 16:25:19,485 [pool-7-thread-1] INFO  commands.RetriableDatanodeEventWatcher (RetriableDatanodeEventWatcher.java:onTimeout(47)) - RetriableDatanodeCommand type=deleteBlocksCommand with id=1570292713872 timed out. Retrying.
2019-10-05 16:25:19,503 [pool-7-thread-1] INFO  commands.RetriableDatanodeEventWatcher (RetriableDatanodeEventWatcher.java:onTimeout(47)) - RetriableDatanodeCommand type=deleteBlocksCommand with id=1570292713882 timed out. Retrying.
2019-10-05 16:25:19,503 [main] INFO  ozone.HddsDatanodeService (HddsDatanodeService.java:start(184)) - HddsDatanodeService host:pr-hdds-2254-trunk-xw7zv-2851001327 ip:192.168.164.228
2019-10-05 16:25:19,506 [main] INFO  volume.VolumeUsage (VolumeUsage.java:loadScmUsed(144)) - Cached ScmUsed found for /workdir/hadoop-ozone/integration-test/target/test-dir/MiniOzoneClusterImpl-c3e8681e-48b4-488b-af05-0690ad4038ab/datanode-0/data/containers : 4096 
2019-10-05 16:25:19,507 [main] INFO  volume.HddsVolume (HddsVolume.java:<init>(176)) - Creating Volume: /workdir/hadoop-ozone/integration-test/target/test-dir/MiniOzoneClusterImpl-c3e8681e-48b4-488b-af05-0690ad4038ab/datanode-0/data/containers/hdds of  storage type : DISK and capacity : 1482555576320
2019-10-05 16:25:19,507 [main] INFO  volume.VolumeSet (VolumeSet.java:initializeVolumeSet(170)) - Added Volume : /workdir/hadoop-ozone/integration-test/target/test-dir/MiniOzoneClusterImpl-c3e8681e-48b4-488b-af05-0690ad4038ab/datanode-0/data/containers/hdds to VolumeSet
2019-10-05 16:25:19,507 [main] INFO  volume.ThrottledAsyncChecker (ThrottledAsyncChecker.java:schedule(139)) - Scheduling a check for org.apache.hadoop.ozone.container.common.volume.HddsVolume@7d247660
2019-10-05 16:25:19,508 [main] INFO  volume.HddsVolumeChecker (HddsVolumeChecker.java:checkAllVolumes(202)) - Scheduled health check for volume org.apache.hadoop.ozone.container.common.volume.HddsVolume@7d247660
2019-10-05 16:25:19,515 [pool-7-thread-1] INFO  commands.RetriableDatanodeEventWatcher (RetriableDatanodeEventWatcher.java:onTimeout(47)) - RetriableDatanodeCommand type=deleteBlocksCommand with id=1570292713892 timed out. Retrying.
2019-10-05 16:25:19,531 [pool-7-thread-1] INFO  commands.RetriableDatanodeEventWatcher (RetriableDatanodeEventWatcher.java:onTimeout(47)) - RetriableDatanodeCommand type=deleteBlocksCommand with id=1570292713902 timed out. Retrying.
2019-10-05 16:25:19,544 [SCMBlockDeletingService#0] DEBUG block.SCMBlockDeletingService (SCMBlockDeletingService.java:call(138)) - Running DeletedBlockTransactionScanner
2019-10-05 16:25:19,545 [SCMBlockDeletingService#0] DEBUG block.SCMBlockDeletingService (SCMBlockDeletingService.java:call(155)) - Scanned deleted blocks log and got 3 delTX to process.
2019-10-05 16:25:19,545 [SCMBlockDeletingService#0] DEBUG block.SCMBlockDeletingService (SCMBlockDeletingService.java:call(171)) - Added delete block command for datanode 29926ed2-d930-4601-9cf8-13a6494a0fce in the queue, number of delete block transactions: 3, TxID list: 1,2,3
2019-10-05 16:25:19,546 [SCMBlockDeletingService#0] INFO  block.SCMBlockDeletingService (SCMBlockDeletingService.java:call(182)) - Totally added 3 delete blocks command for 1 datanodes, task elapsed time: 1ms
2019-10-05 16:25:19,571 [pool-7-thread-1] INFO  commands.RetriableDatanodeEventWatcher (RetriableDatanodeEventWatcher.java:onTimeout(47)) - RetriableDatanodeCommand type=deleteBlocksCommand with id=1570292713863 timed out. Retrying.
2019-10-05 16:25:19,588 [pool-7-thread-1] INFO  commands.RetriableDatanodeEventWatcher (RetriableDatanodeEventWatcher.java:onTimeout(47)) - RetriableDatanodeCommand type=deleteBlocksCommand with id=1570292713873 timed out. Retrying.
2019-10-05 16:25:19,602 [pool-7-thread-1] INFO  commands.RetriableDatanodeEventWatcher (RetriableDatanodeEventWatcher.java:onTimeout(47)) - RetriableDatanodeCommand type=deleteBlocksCommand with id=1570292713883 timed out. Retrying.
2019-10-05 16:25:19,608 [main] INFO  impl.RaftServerProxy (ConfUtils.java:logGet(43)) - raft.rpc.type = GRPC (default)
2019-10-05 16:25:19,609 [main] INFO  grpc.GrpcFactory (GrpcFactory.java:checkPooledByteBufAllocatorUseCacheForAllThreads(45)) - PERFORMANCE WARNING: useCacheForAllThreads is true that may cause Netty to create a lot garbage objects and, as a result, trigger GC.
	It is recommended to disable useCacheForAllThreads by setting -Dorg.apache.ratis.thirdparty.io.netty.allocator.useCacheForAllThreads=false in command line.
2019-10-05 16:25:19,609 [main] INFO  grpc.GrpcConfigKeys$Server (ConfUtils.java:logGet(43)) - raft.grpc.server.port = 37652 (custom)
2019-10-05 16:25:19,609 [main] INFO  server.GrpcService (ConfUtils.java:logGet(43)) - raft.grpc.message.size.max = 33570816 (custom)
2019-10-05 16:25:19,610 [main] INFO  server.RaftServerConfigKeys (ConfUtils.java:logGet(43)) - raft.server.log.appender.buffer.byte-limit = 33554432 (custom)
2019-10-05 16:25:19,610 [main] INFO  server.GrpcService (ConfUtils.java:logGet(43)) - raft.grpc.flow.control.window = 1MB (=1048576) (default)
2019-10-05 16:25:19,611 [main] INFO  server.RaftServerConfigKeys (ConfUtils.java:logGet(43)) - raft.server.rpc.request.timeout = 3000ms (default)
2019-10-05 16:25:19,612 [main] INFO  server.RaftServerConfigKeys (ConfUtils.java:logGet(43)) - raft.server.storage.dir = [/workdir/hadoop-ozone/integration-test/target/test-dir/MiniOzoneClusterImpl-c3e8681e-48b4-488b-af05-0690ad4038ab/datanode-0/data/ratis] (custom)
2019-10-05 16:25:19,613 [main] INFO  impl.RaftServerProxy (RaftServerProxy.java:lambda$null$0(191)) - 29926ed2-d930-4601-9cf8-13a6494a0fce: found a subdirectory /workdir/hadoop-ozone/integration-test/target/test-dir/MiniOzoneClusterImpl-c3e8681e-48b4-488b-af05-0690ad4038ab/datanode-0/data/ratis/96c8ac54-7d25-47bb-8b19-66450f7274cf
2019-10-05 16:25:19,615 [main] INFO  impl.RaftServerProxy (RaftServerProxy.java:addNew(89)) - 29926ed2-d930-4601-9cf8-13a6494a0fce: addNew group-66450F7274CF:[] returns group-66450F7274CF:java.util.concurrent.CompletableFuture@43bdaa1b[Not completed]
2019-10-05 16:25:19,617 [pool-7-thread-1] INFO  commands.RetriableDatanodeEventWatcher (RetriableDatanodeEventWatcher.java:onTimeout(47)) - RetriableDatanodeCommand type=deleteBlocksCommand with id=1570292713893 timed out. Retrying.
2019-10-05 16:25:19,619 [pool-592-thread-1] INFO  impl.RaftServerImpl (RaftServerImpl.java:<init>(95)) - 29926ed2-d930-4601-9cf8-13a6494a0fce: new RaftServerImpl for group-66450F7274CF:[] with ContainerStateMachine:uninitialized
2019-10-05 16:25:19,619 [main] INFO  hdfs.DFSUtil (DFSUtil.java:httpServerTemplateForNNAndJN(1641)) - Starting Web-server for hddsDatanode at: http://0.0.0.0:36574
2019-10-05 16:25:19,620 [pool-592-thread-1] INFO  server.RaftServerConfigKeys (ConfUtils.java:logGet(43)) - raft.server.rpc.timeout.min = 5s (custom)
2019-10-05 16:25:19,620 [pool-592-thread-1] INFO  server.RaftServerConfigKeys (ConfUtils.java:logGet(43)) - raft.server.rpc.timeout.max = 5200ms (custom)
2019-10-05 16:25:19,621 [pool-592-thread-1] INFO  server.RaftServerConfigKeys (ConfUtils.java:logGet(43)) - raft.server.rpcslowness.timeout = 120s (custom)
2019-10-05 16:25:19,621 [pool-592-thread-1] INFO  server.RaftServerConfigKeys (ConfUtils.java:logGet(43)) - raft.server.sleep.deviation.threshold = 300 (default)
2019-10-05 16:25:19,621 [pool-592-thread-1] INFO  server.RaftServerConfigKeys (ConfUtils.java:logGet(43)) - raft.server.log.appender.install.snapshot.enabled = false (custom)
2019-10-05 16:25:19,621 [pool-592-thread-1] INFO  impl.RaftServerImpl (ServerState.java:<init>(103)) - 29926ed2-d930-4601-9cf8-13a6494a0fce@group-66450F7274CF: ConfigurationManager, init=-1: [], old=null, confs=<EMPTY_MAP>
2019-10-05 16:25:19,621 [pool-592-thread-1] INFO  server.RaftServerConfigKeys (ConfUtils.java:logGet(43)) - raft.server.storage.dir = [/workdir/hadoop-ozone/integration-test/target/test-dir/MiniOzoneClusterImpl-c3e8681e-48b4-488b-af05-0690ad4038ab/datanode-0/data/ratis] (custom)
2019-10-05 16:25:19,622 [pool-592-thread-1] INFO  server.RaftServerConfigKeys (ConfUtils.java:logGet(43)) - raft.server.log.corruption.policy = EXCEPTION (default)
2019-10-05 16:25:19,622 [main] INFO  server.AuthenticationFilter (AuthenticationFilter.java:constructSecretProvider(240)) - Unable to initialize FileSignerSecretProvider, falling back to use random secrets.
2019-10-05 16:25:19,623 [main] WARN  http.HttpRequestLog (HttpRequestLog.java:getRequestLog(97)) - Jetty request log can only be enabled using Log4j
2019-10-05 16:25:19,626 [main] INFO  http.HttpServer2 (HttpServer2.java:addGlobalFilter(975)) - Added global filter 'safety' (class=org.apache.hadoop.http.HttpServer2$QuotingInputFilter)
2019-10-05 16:25:19,627 [main] INFO  http.HttpServer2 (HttpServer2.java:addFilter(948)) - Added filter static_user_filter (class=org.apache.hadoop.http.lib.StaticUserWebFilter$StaticUserFilter) to context hddsDatanode
2019-10-05 16:25:19,627 [main] INFO  http.HttpServer2 (HttpServer2.java:addFilter(958)) - Added filter static_user_filter (class=org.apache.hadoop.http.lib.StaticUserWebFilter$StaticUserFilter) to context logs
2019-10-05 16:25:19,627 [main] INFO  http.HttpServer2 (HttpServer2.java:addFilter(958)) - Added filter static_user_filter (class=org.apache.hadoop.http.lib.StaticUserWebFilter$StaticUserFilter) to context static
2019-10-05 16:25:19,629 [main] INFO  http.HttpServer2 (HttpServer2.java:bindListener(1191)) - Jetty bound to port 36574
2019-10-05 16:25:19,629 [main] INFO  server.Server (Server.java:doStart(351)) - jetty-9.3.25.v20180904, build timestamp: 2018-09-04T21:11:46Z, git hash: 3ce520221d0240229c862b122d2b06c12a625732
2019-10-05 16:25:19,631 [main] INFO  handler.ContextHandler (ContextHandler.java:doStart(781)) - Started o.e.j.s.ServletContextHandler@ea52184{/logs,file:///workdir/hadoop-ozone/integration-test/target/log,AVAILABLE}
ContextHandler.java:doStart(781)) - Started o.e.j.s.ServletContextHandler@3c854752{/static,jar:file:/home/user/.m2/repository/org/apache/hadoop/hadoop-hdds-container-service/0.5.0-SNAPSHOT/hadoop-hdds-container-service-0.5.0-SNAPSHOT.jar!/webapps/static,AVAILABLE}
2019-10-05 16:25:19,632 [pool-7-thread-1] INFO  commands.RetriableDatanodeEventWatcher (RetriableDatanodeEventWatcher.java:onTimeout(47)) - RetriableDatanodeCommand type=deleteBlocksCommand with id=1570292713903 timed out. Retrying.
2019-10-05 16:25:19,646 [SCMBlockDeletingService#0] DEBUG block.SCMBlockDeletingService (SCMBlockDeletingService.java:call(138)) - Running DeletedBlockTransactionScanner
2019-10-05 16:25:19,646 [SCMBlockDeletingService#0] DEBUG block.SCMBlockDeletingService (SCMBlockDeletingService.java:call(155)) - Scanned deleted blocks log and got 3 delTX to process.
2019-10-05 16:25:19,647 [SCMBlockDeletingService#0] DEBUG block.SCMBlockDeletingService (SCMBlockDeletingService.java:call(171)) - Added delete block command for datanode 29926ed2-d930-4601-9cf8-13a6494a0fce in the queue, number of delete block transactions: 3, TxID list: 1,2,3
2019-10-05 16:25:19,647 [pool-592-thread-1] INFO  storage.RaftStorageDirectory (RaftStorageDirectory.java:tryLock(328)) - Lock on /workdir/hadoop-ozone/integration-test/target/test-dir/MiniOzoneClusterImpl-c3e8681e-48b4-488b-af05-0690ad4038ab/datanode-0/data/ratis/96c8ac54-7d25-47bb-8b19-66450f7274cf/in_use.lock acquired by nodename 11788@pr-hdds-2254-trunk-xw7zv-2851001327
2019-10-05 16:25:19,648 [SCMBlockDeletingService#0] INFO  block.SCMBlockDeletingService (SCMBlockDeletingService.java:call(182)) - Totally added 3 delete blocks command for 1 datanodes, task elapsed time: 2ms
2019-10-05 16:25:19,651 [pool-592-thread-1] INFO  ratis.ContainerStateMachine (ContainerStateMachine.java:loadSnapshot(239)) - group-66450F7274CF: Setting the last applied index to (t:1, i:6102)
2019-10-05 16:25:19,659 [pool-592-thread-1] INFO  impl.RaftServerImpl (ServerState.java:setRaftConf(356)) - 29926ed2-d930-4601-9cf8-13a6494a0fce@group-66450F7274CF: set configuration 0: [29926ed2-d930-4601-9cf8-13a6494a0fce:192.168.164.228:37652], old=null at 0
2019-10-05 16:25:19,659 [pool-592-thread-1] INFO  server.RaftServerConfigKeys (ConfUtils.java:logGet(43)) - raft.server.notification.no-leader.timeout = 120s (custom)
2019-10-05 16:25:19,659 [pool-592-thread-1] INFO  server.RaftServerConfigKeys (ConfUtils.java:logGet(43)) - raft.server.log.use.memory = false (default)
2019-10-05 16:25:19,660 [pool-592-thread-1] INFO  server.RaftServerConfigKeys (ConfUtils.java:logGet(43)) - raft.server.log.purge.gap = 1000000 (custom)
2019-10-05 16:25:19,660 [pool-592-thread-1] INFO  server.RaftServerConfigKeys (ConfUtils.java:logGet(43)) - raft.server.log.appender.buffer.byte-limit = 33554432 (custom)
2019-10-05 16:25:19,660 [pool-592-thread-1] INFO  server.RaftServerConfigKeys (ConfUtils.java:logGet(43)) - raft.server.log.segment.size.max = 1048576 (custom)
2019-10-05 16:25:19,660 [pool-592-thread-1] INFO  server.RaftServerConfigKeys (ConfUtils.java:logGet(43)) - raft.server.log.segment.cache.num.max = 2 (custom)
2019-10-05 16:25:19,660 [pool-592-thread-1] INFO  segmented.SegmentedRaftLogWorker (SegmentedRaftLogWorker.java:<init>(173)) - new 29926ed2-d930-4601-9cf8-13a6494a0fce@group-66450F7274CF-SegmentedRaftLogWorker for RaftStorage:Storage Directory /workdir/hadoop-ozone/integration-test/target/test-dir/MiniOzoneClusterImpl-c3e8681e-48b4-488b-af05-0690ad4038ab/datanode-0/data/ratis/96c8ac54-7d25-47bb-8b19-66450f7274cf
2019-10-05 16:25:19,661 [pool-592-thread-1] INFO  server.RaftServerConfigKeys (ConfUtils.java:logGet(43)) - raft.server.log.queue.byte-limit = 2147483647 (custom)
2019-10-05 16:25:19,661 [pool-592-thread-1] INFO  server.RaftServerConfigKeys (ConfUtils.java:logGet(43)) - raft.server.log.queue.element-limit = 1024 (custom)
2019-10-05 16:25:19,661 [pool-592-thread-1] INFO  server.RaftServerConfigKeys (ConfUtils.java:logGet(43)) - raft.server.log.segment.size.max = 1048576 (custom)
2019-10-05 16:25:19,661 [pool-592-thread-1] INFO  server.RaftServerConfigKeys (ConfUtils.java:logGet(43)) - raft.server.log.preallocated.size = 16384 (custom)
2019-10-05 16:25:19,661 [pool-592-thread-1] INFO  server.RaftServerConfigKeys (ConfUtils.java:logGet(43)) - raft.server.log.write.buffer.size = 33554432 (custom)
2019-10-05 16:25:19,662 [pool-592-thread-1] INFO  server.RaftServerConfigKeys (ConfUtils.java:logGet(43)) - raft.server.log.force.sync.num = 128 (default)
2019-10-05 16:25:19,662 [pool-592-thread-1] INFO  server.RaftServerConfigKeys (ConfUtils.java:logGet(43)) - raft.server.log.statemachine.data.sync = true (default)
2019-10-05 16:25:19,662 [pool-592-thread-1] INFO  server.RaftServerConfigKeys (ConfUtils.java:logGet(43)) - raft.server.log.statemachine.data.sync.timeout = 10s (default)
2019-10-05 16:25:19,662 [pool-592-thread-1] INFO  server.RaftServerConfigKeys (ConfUtils.java:logGet(43)) - raft.server.log.statemachine.data.sync.timeout.retry = -1 (default)
2019-10-05 16:25:19,662 [pool-592-thread-1] INFO  server.RaftServerConfigKeys (ConfUtils.java:logGet(43)) - raft.server.log.statemachine.data.caching.enabled = true (custom)
2019-10-05 16:25:19,671 [pool-592-thread-1] INFO  impl.RaftServerImpl (ServerState.java:setRaftConf(356)) - 29926ed2-d930-4601-9cf8-13a6494a0fce@group-66450F7274CF: set configuration 0: [29926ed2-d930-4601-9cf8-13a6494a0fce:192.168.164.228:37652], old=null at 0
2019-10-05 16:25:19,675 [pool-7-thread-1] INFO  commands.RetriableDatanodeEventWatcher (RetriableDatanodeEventWatcher.java:onTimeout(47)) - RetriableDatanodeCommand type=deleteBlocksCommand with id=1570292713864 timed out. Retrying.
2019-10-05 16:25:19,677 [main] INFO  handler.ContextHandler (ContextHandler.java:doStart(781)) - Started o.e.j.w.WebAppContext@df921b1{/,file:///tmp/jetty-0.0.0.0-36574-hddsDatanode-_-any-5765234505871327472.dir/webapp/,AVAILABLE}{/hddsDatanode}
2019-10-05 16:25:19,678 [main] INFO  server.AbstractConnector (AbstractConnector.java:doStart(278)) - Started ServerConnector@4db60246{HTTP/1.1,[http/1.1]}{0.0.0.0:36574}
2019-10-05 16:25:19,679 [main] INFO  server.Server (Server.java:doStart(419)) - Started @84836ms
2019-10-05 16:25:19,679 [main] WARN  impl.MetricsSystemImpl (MetricsSystemImpl.java:register(276)) - Sink prometheus already exists!
2019-10-05 16:25:19,680 [main] INFO  server.BaseHttpServer (BaseHttpServer.java:updateConnectorAddress(215)) - HTTP server of HDDSDATANODE is listening at http://0.0.0.0:36574
2019-10-05 16:25:19,680 [main] INFO  ozone.MiniOzoneClusterImpl (MiniOzoneClusterImpl.java:lambda$waitForClusterToBeReady$0(147)) - Waiting for cluster to be ready. Got 0 of 1 DN Heartbeats.
2019-10-05 16:25:19,681 [org.apache.hadoop.util.JvmPauseMonitor$Monitor@2bbb6631] INFO  util.JvmPauseMonitor (JvmPauseMonitor.java:run(188)) - Starting JVM pause monitor
2019-10-05 16:25:19,687 [pool-7-thread-1] INFO  commands.RetriableDatanodeEventWatcher (RetriableDatanodeEventWatcher.java:onTimeout(47)) - RetriableDatanodeCommand type=deleteBlocksCommand with id=1570292713874 timed out. Retrying.
2019-10-05 16:25:19,703 [pool-7-thread-1] INFO  commands.RetriableDatanodeEventWatcher (RetriableDatanodeEventWatcher.java:onTimeout(47)) - RetriableDatanodeCommand type=deleteBlocksCommand with id=1570292713884 timed out. Retrying.
2019-10-05 16:25:19,720 [pool-7-thread-1] INFO  commands.RetriableDatanodeEventWatcher (RetriableDatanodeEventWatcher.java:onTimeout(47)) - RetriableDatanodeCommand type=deleteBlocksCommand with id=1570292713894 timed out. Retrying.
2019-10-05 16:25:19,733 [pool-7-thread-1] INFO  commands.RetriableDatanodeEventWatcher (RetriableDatanodeEventWatcher.java:onTimeout(47)) - RetriableDatanodeCommand type=deleteBlocksCommand with id=1570292713904 timed out. Retrying.
2019-10-05 16:25:19,748 [SCMBlockDeletingService#0] DEBUG block.SCMBlockDeletingService (SCMBlockDeletingService.java:call(138)) - Running DeletedBlockTransactionScanner
2019-10-05 16:25:19,749 [SCMBlockDeletingService#0] DEBUG block.SCMBlockDeletingService (SCMBlockDeletingService.java:call(155)) - Scanned deleted blocks log and got 3 delTX to process.
2019-10-05 16:25:19,749 [SCMBlockDeletingService#0] DEBUG block.SCMBlockDeletingService (SCMBlockDeletingService.java:call(171)) - Added delete block command for datanode 29926ed2-d930-4601-9cf8-13a6494a0fce in the queue, number of delete block transactions: 3, TxID list: 1,2,3
2019-10-05 16:25:19,749 [SCMBlockDeletingService#0] INFO  block.SCMBlockDeletingService (SCMBlockDeletingService.java:call(182)) - Totally added 3 delete blocks command for 1 datanodes, task elapsed time: 1ms
2019-10-05 16:25:19,759 [pool-592-thread-1] INFO  segmented.LogSegment (LogSegment.java:loadSegment(140)) - Successfully read 5404 entries from segment file /workdir/hadoop-ozone/integration-test/target/test-dir/MiniOzoneClusterImpl-c3e8681e-48b4-488b-af05-0690ad4038ab/datanode-0/data/ratis/96c8ac54-7d25-47bb-8b19-66450f7274cf/current/log_0-5403
2019-10-05 16:25:19,764 [pool-592-thread-1] INFO  segmented.LogSegment (LogSegment.java:loadSegment(140)) - Successfully read 700 entries from segment file /workdir/hadoop-ozone/integration-test/target/test-dir/MiniOzoneClusterImpl-c3e8681e-48b4-488b-af05-0690ad4038ab/datanode-0/data/ratis/96c8ac54-7d25-47bb-8b19-66450f7274cf/current/log_inprogress_5404
2019-10-05 16:25:19,765 [pool-592-thread-1] INFO  segmented.SegmentedRaftLogWorker (SegmentedRaftLogWorker.java:lambda$new$0(128)) - 29926ed2-d930-4601-9cf8-13a6494a0fce@group-66450F7274CF-SegmentedRaftLogWorker: flushIndex: setUnconditionally 0 -> 6103
2019-10-05 16:25:19,776 [pool-7-thread-1] INFO  commands.RetriableDatanodeEventWatcher (RetriableDatanodeEventWatcher.java:onTimeout(47)) - RetriableDatanodeCommand type=deleteBlocksCommand with id=1570292713865 timed out. Retrying.
2019-10-05 16:25:19,790 [pool-7-thread-1] INFO  commands.RetriableDatanodeEventWatcher (RetriableDatanodeEventWatcher.java:onTimeout(47)) - RetriableDatanodeCommand type=deleteBlocksCommand with id=1570292713875 timed out. Retrying.
2019-10-05 16:25:19,794 [pool-592-thread-1] INFO  raftlog.RaftLog (RaftLog.java:lambda$new$0(61)) - 29926ed2-d930-4601-9cf8-13a6494a0fce@group-66450F7274CF-SegmentedRaftLog: commitIndex: updateToMax old=6102, new=6102, updated? false
2019-10-05 16:25:19,795 [pool-592-thread-1] INFO  server.RaftServerConfigKeys (ConfUtils.java:logGet(43)) - raft.server.snapshot.auto.trigger.enabled = true (custom)
2019-10-05 16:25:19,795 [pool-592-thread-1] INFO  server.RaftServerConfigKeys (ConfUtils.java:logGet(43)) - raft.server.snapshot.auto.trigger.threshold = 10000 (custom)
2019-10-05 16:25:19,795 [pool-592-thread-1] INFO  server.RaftServerConfigKeys (ConfUtils.java:logGet(43)) - raft.server.snapshot.retention.file.num = 5 (custom)
2019-10-05 16:25:19,795 [pool-592-thread-1] INFO  server.RaftServerConfigKeys (ConfUtils.java:logGet(43)) - raft.server.retrycache.expirytime = 600000ms (custom)
2019-10-05 16:25:19,807 [pool-7-thread-1] INFO  commands.RetriableDatanodeEventWatcher (RetriableDatanodeEventWatcher.java:onTimeout(47)) - RetriableDatanodeCommand type=deleteBlocksCommand with id=1570292713885 timed out. Retrying.
2019-10-05 16:25:19,820 [pool-7-thread-1] INFO  commands.RetriableDatanodeEventWatcher (RetriableDatanodeEventWatcher.java:onTimeout(47)) - RetriableDatanodeCommand type=deleteBlocksCommand with id=1570292713895 timed out. Retrying.
2019-10-05 16:25:19,835 [pool-7-thread-1] INFO  commands.RetriableDatanodeEventWatcher (RetriableDatanodeEventWatcher.java:onTimeout(47)) - RetriableDatanodeCommand type=deleteBlocksCommand with id=1570292713905 timed out. Retrying.
2019-10-05 16:25:19,849 [SCMBlockDeletingService#0] DEBUG block.SCMBlockDeletingService (SCMBlockDeletingService.java:call(138)) - Running DeletedBlockTransactionScanner
2019-10-05 16:25:19,850 [SCMBlockDeletingService#0] DEBUG block.SCMBlockDeletingService (SCMBlockDeletingService.java:call(155)) - Scanned deleted blocks log and got 3 delTX to process.
2019-10-05 16:25:19,851 [SCMBlockDeletingService#0] DEBUG block.SCMBlockDeletingService (SCMBlockDeletingService.java:call(171)) - Added delete block command for datanode 29926ed2-d930-4601-9cf8-13a6494a0fce in the queue, number of delete block transactions: 3, TxID list: 1,2,3
2019-10-05 16:25:19,851 [SCMBlockDeletingService#0] INFO  block.SCMBlockDeletingService (SCMBlockDeletingService.java:call(182)) - Totally added 3 delete blocks command for 1 datanodes, task elapsed time: 1ms
2019-10-05 16:25:19,862 [pool-7-thread-1] INFO  commands.RetriableDatanodeEventWatcher (RetriableDatanodeEventWatcher.java:onTimeout(47)) - RetriableDatanodeCommand type=deleteBlocksCommand with id=1570292713856 timed out. Retrying.
2019-10-05 16:25:19,877 [pool-7-thread-1] INFO  commands.RetriableDatanodeEventWatcher (RetriableDatanodeEventWatcher.java:onTimeout(47)) - RetriableDatanodeCommand type=deleteBlocksCommand with id=1570292713866 timed out. Retrying.
2019-10-05 16:25:19,893 [pool-7-thread-1] INFO  commands.RetriableDatanodeEventWatcher (RetriableDatanodeEventWatcher.java:onTimeout(47)) - RetriableDatanodeCommand type=deleteBlocksCommand with id=1570292713876 timed out. Retrying.
2019-10-05 16:25:19,908 [pool-7-thread-1] INFO  commands.RetriableDatanodeEventWatcher (RetriableDatanodeEventWatcher.java:onTimeout(47)) - RetriableDatanodeCommand type=deleteBlocksCommand with id=1570292713886 timed out. Retrying.
2019-10-05 16:25:19,923 [pool-7-thread-1] INFO  commands.RetriableDatanodeEventWatcher (RetriableDatanodeEventWatcher.java:onTimeout(47)) - RetriableDatanodeCommand type=deleteBlocksCommand with id=1570292713896 timed out. Retrying.
2019-10-05 16:25:19,937 [pool-7-thread-1] INFO  commands.RetriableDatanodeEventWatcher (RetriableDatanodeEventWatcher.java:onTimeout(47)) - RetriableDatanodeCommand type=deleteBlocksCommand with id=1570292713906 timed out. Retrying.
2019-10-05 16:25:19,952 [SCMBlockDeletingService#0] DEBUG block.SCMBlockDeletingService (SCMBlockDeletingService.java:call(138)) - Running DeletedBlockTransactionScanner
2019-10-05 16:25:19,952 [SCMBlockDeletingService#0] DEBUG block.SCMBlockDeletingService (SCMBlockDeletingService.java:call(155)) - Scanned deleted blocks log and got 3 delTX to process.
2019-10-05 16:25:19,952 [SCMBlockDeletingService#0] DEBUG block.SCMBlockDeletingService (SCMBlockDeletingService.java:call(171)) - Added delete block command for datanode 29926ed2-d930-4601-9cf8-13a6494a0fce in the queue, number of delete block transactions: 3, TxID list: 1,2,3
2019-10-05 16:25:19,953 [SCMBlockDeletingService#0] INFO  block.SCMBlockDeletingService (SCMBlockDeletingService.java:call(182)) - Totally added 3 delete blocks command for 1 datanodes, task elapsed time: 1ms
2019-10-05 16:25:19,963 [pool-7-thread-1] INFO  commands.RetriableDatanodeEventWatcher (RetriableDatanodeEventWatcher.java:onTimeout(47)) - RetriableDatanodeCommand type=deleteBlocksCommand with id=1570292713857 timed out. Retrying.
2019-10-05 16:25:19,979 [pool-7-thread-1] INFO  commands.RetriableDatanodeEventWatcher (RetriableDatanodeEventWatcher.java:onTimeout(47)) - RetriableDatanodeCommand type=deleteBlocksCommand with id=1570292713867 timed out. Retrying.
2019-10-05 16:25:19,994 [pool-7-thread-1] INFO  commands.RetriableDatanodeEventWatcher (RetriableDatanodeEventWatcher.java:onTimeout(47)) - RetriableDatanodeCommand type=deleteBlocksCommand with id=1570292713877 timed out. Retrying.
2019-10-05 16:25:20,008 [pool-7-thread-1] INFO  commands.RetriableDatanodeEventWatcher (RetriableDatanodeEventWatcher.java:onTimeout(47)) - RetriableDatanodeCommand type=deleteBlocksCommand with id=1570292713887 timed out. Retrying.
2019-10-05 16:25:20,024 [pool-7-thread-1] INFO  commands.RetriableDatanodeEventWatcher (RetriableDatanodeEventWatcher.java:onTimeout(47)) - RetriableDatanodeCommand type=deleteBlocksCommand with id=1570292713897 timed out. Retrying.
2019-10-05 16:25:20,038 [pool-7-thread-1] INFO  commands.RetriableDatanodeEventWatcher (RetriableDatanodeEventWatcher.java:onTimeout(47)) - RetriableDatanodeCommand type=deleteBlocksCommand with id=1570292713907 timed out. Retrying.
2019-10-05 16:25:20,053 [SCMBlockDeletingService#1] DEBUG block.SCMBlockDeletingService (SCMBlockDeletingService.java:call(138)) - Running DeletedBlockTransactionScanner
2019-10-05 16:25:20,053 [SCMBlockDeletingService#1] DEBUG block.SCMBlockDeletingService (SCMBlockDeletingService.java:call(155)) - Scanned deleted blocks log and got 3 delTX to process.
2019-10-05 16:25:20,054 [SCMBlockDeletingService#1] DEBUG block.SCMBlockDeletingService (SCMBlockDeletingService.java:call(171)) - Added delete block command for datanode 29926ed2-d930-4601-9cf8-13a6494a0fce in the queue, number of delete block transactions: 3, TxID list: 1,2,3
2019-10-05 16:25:20,054 [SCMBlockDeletingService#1] INFO  block.SCMBlockDeletingService (SCMBlockDeletingService.java:call(182)) - Totally added 3 delete blocks command for 1 datanodes, task elapsed time: 1ms
2019-10-05 16:25:20,064 [pool-7-thread-1] INFO  commands.RetriableDatanodeEventWatcher (RetriableDatanodeEventWatcher.java:onTimeout(47)) - RetriableDatanodeCommand type=deleteBlocksCommand with id=1570292713858 timed out. Retrying.
2019-10-05 16:25:20,079 [pool-7-thread-1] INFO  commands.RetriableDatanodeEventWatcher (RetriableDatanodeEventWatcher.java:onTimeout(47)) - RetriableDatanodeCommand type=deleteBlocksCommand with id=1570292713868 timed out. Retrying.
2019-10-05 16:25:20,095 [pool-7-thread-1] INFO  commands.RetriableDatanodeEventWatcher (RetriableDatanodeEventWatcher.java:onTimeout(47)) - RetriableDatanodeCommand type=deleteBlocksCommand with id=1570292713878 timed out. Retrying.
2019-10-05 16:25:20,111 [pool-7-thread-1] INFO  commands.RetriableDatanodeEventWatcher (RetriableDatanodeEventWatcher.java:onTimeout(47)) - RetriableDatanodeCommand type=deleteBlocksCommand with id=1570292713888 timed out. Retrying.
2019-10-05 16:25:20,125 [pool-7-thread-1] INFO  commands.RetriableDatanodeEventWatcher (RetriableDatanodeEventWatcher.java:onTimeout(47)) - RetriableDatanodeCommand type=deleteBlocksCommand with id=1570292713898 timed out. Retrying.
2019-10-05 16:25:20,140 [pool-7-thread-1] INFO  commands.RetriableDatanodeEventWatcher (RetriableDatanodeEventWatcher.java:onTimeout(47)) - RetriableDatanodeCommand type=deleteBlocksCommand with id=1570292713908 timed out. Retrying.
2019-10-05 16:25:20,154 [SCMBlockDeletingService#1] DEBUG block.SCMBlockDeletingService (SCMBlockDeletingService.java:call(138)) - Running DeletedBlockTransactionScanner
2019-10-05 16:25:20,155 [SCMBlockDeletingService#1] DEBUG block.SCMBlockDeletingService (SCMBlockDeletingService.java:call(155)) - Scanned deleted blocks log and got 3 delTX to process.
2019-10-05 16:25:20,155 [SCMBlockDeletingService#1] DEBUG block.SCMBlockDeletingService (SCMBlockDeletingService.java:call(171)) - Added delete block command for datanode 29926ed2-d930-4601-9cf8-13a6494a0fce in the queue, number of delete block transactions: 3, TxID list: 1,2,3
2019-10-05 16:25:20,155 [SCMBlockDeletingService#1] INFO  block.SCMBlockDeletingService (SCMBlockDeletingService.java:call(182)) - Totally added 3 delete blocks command for 1 datanodes, task elapsed time: 0ms
2019-10-05 16:25:20,166 [pool-7-thread-1] INFO  commands.RetriableDatanodeEventWatcher (RetriableDatanodeEventWatcher.java:onTimeout(47)) - RetriableDatanodeCommand type=deleteBlocksCommand with id=1570292713859 timed out. Retrying.
2019-10-05 16:25:20,181 [pool-7-thread-1] INFO  commands.RetriableDatanodeEventWatcher (RetriableDatanodeEventWatcher.java:onTimeout(47)) - RetriableDatanodeCommand type=deleteBlocksCommand with id=1570292713869 timed out. Retrying.
2019-10-05 16:25:20,196 [pool-7-thread-1] INFO  commands.RetriableDatanodeEventWatcher (RetriableDatanodeEventWatcher.java:onTimeout(47)) - RetriableDatanodeCommand type=deleteBlocksCommand with id=1570292713879 timed out. Retrying.
2019-10-05 16:25:20,211 [pool-7-thread-1] INFO  commands.RetriableDatanodeEventWatcher (RetriableDatanodeEventWatcher.java:onTimeout(47)) - RetriableDatanodeCommand type=deleteBlocksCommand with id=1570292713889 timed out. Retrying.
2019-10-05 16:25:20,228 [pool-7-thread-1] INFO  commands.RetriableDatanodeEventWatcher (RetriableDatanodeEventWatcher.java:onTimeout(47)) - RetriableDatanodeCommand type=deleteBlocksCommand with id=1570292713899 timed out. Retrying.
2019-10-05 16:25:20,241 [pool-7-thread-1] INFO  commands.RetriableDatanodeEventWatcher (RetriableDatanodeEventWatcher.java:onTimeout(47)) - RetriableDatanodeCommand type=deleteBlocksCommand with id=1570292713909 timed out. Retrying.
2019-10-05 16:25:20,256 [SCMBlockDeletingService#1] DEBUG block.SCMBlockDeletingService (SCMBlockDeletingService.java:call(138)) - Running DeletedBlockTransactionScanner
2019-10-05 16:25:20,256 [SCMBlockDeletingService#1] DEBUG block.SCMBlockDeletingService (SCMBlockDeletingService.java:call(155)) - Scanned deleted blocks log and got 3 delTX to process.
2019-10-05 16:25:20,256 [SCMBlockDeletingService#1] DEBUG block.SCMBlockDeletingService (SCMBlockDeletingService.java:call(171)) - Added delete block command for datanode 29926ed2-d930-4601-9cf8-13a6494a0fce in the queue, number of delete block transactions: 3, TxID list: 1,2,3
2019-10-05 16:25:20,256 [SCMBlockDeletingService#1] INFO  block.SCMBlockDeletingService (SCMBlockDeletingService.java:call(182)) - Totally added 3 delete blocks command for 1 datanodes, task elapsed time: 1ms
2019-10-05 16:25:20,267 [pool-7-thread-1] INFO  commands.RetriableDatanodeEventWatcher (RetriableDatanodeEventWatcher.java:onTimeout(47)) - RetriableDatanodeCommand type=deleteBlocksCommand with id=1570292713860 timed out. Retrying.
2019-10-05 16:25:20,283 [pool-7-thread-1] INFO  commands.RetriableDatanodeEventWatcher (RetriableDatanodeEventWatcher.java:onTimeout(47)) - RetriableDatanodeCommand type=deleteBlocksCommand with id=1570292713870 timed out. Retrying.
2019-10-05 16:25:20,299 [pool-7-thread-1] INFO  commands.RetriableDatanodeEventWatcher (RetriableDatanodeEventWatcher.java:onTimeout(47)) - RetriableDatanodeCommand type=deleteBlocksCommand with id=1570292713880 timed out. Retrying.
2019-10-05 16:25:20,314 [pool-7-thread-1] INFO  commands.RetriableDatanodeEventWatcher (RetriableDatanodeEventWatcher.java:onTimeout(47)) - RetriableDatanodeCommand type=deleteBlocksCommand with id=1570292713890 timed out. Retrying.
2019-10-05 16:25:20,328 [pool-7-thread-1] INFO  commands.RetriableDatanodeEventWatcher (RetriableDatanodeEventWatcher.java:onTimeout(47)) - RetriableDatanodeCommand type=deleteBlocksCommand with id=1570292713900 timed out. Retrying.
2019-10-05 16:25:20,343 [pool-7-thread-1] INFO  commands.RetriableDatanodeEventWatcher (RetriableDatanodeEventWatcher.java:onTimeout(47)) - RetriableDatanodeCommand type=deleteBlocksCommand with id=1570292713910 timed out. Retrying.
2019-10-05 16:25:20,357 [SCMBlockDeletingService#1] DEBUG block.SCMBlockDeletingService (SCMBlockDeletingService.java:call(138)) - Running DeletedBlockTransactionScanner
2019-10-05 16:25:20,357 [SCMBlockDeletingService#1] DEBUG block.SCMBlockDeletingService (SCMBlockDeletingService.java:call(155)) - Scanned deleted blocks log and got 3 delTX to process.
2019-10-05 16:25:20,357 [SCMBlockDeletingService#1] DEBUG block.SCMBlockDeletingService (SCMBlockDeletingService.java:call(171)) - Added delete block command for datanode 29926ed2-d930-4601-9cf8-13a6494a0fce in the queue, number of delete block transactions: 3, TxID list: 1,2,3
2019-10-05 16:25:20,358 [SCMBlockDeletingService#1] INFO  block.SCMBlockDeletingService (SCMBlockDeletingService.java:call(182)) - Totally added 3 delete blocks command for 1 datanodes, task elapsed time: 1ms
2019-10-05 16:25:20,370 [pool-7-thread-1] INFO  commands.RetriableDatanodeEventWatcher (RetriableDatanodeEventWatcher.java:onTimeout(47)) - RetriableDatanodeCommand type=deleteBlocksCommand with id=1570292713861 timed out. Retrying.
2019-10-05 16:25:20,383 [pool-7-thread-1] INFO  commands.RetriableDatanodeEventWatcher (RetriableDatanodeEventWatcher.java:onTimeout(47)) - RetriableDatanodeCommand type=deleteBlocksCommand with id=1570292713871 timed out. Retrying.
2019-10-05 16:25:20,402 [pool-7-thread-1] INFO  commands.RetriableDatanodeEventWatcher (RetriableDatanodeEventWatcher.java:onTimeout(47)) - RetriableDatanodeCommand type=deleteBlocksCommand with id=1570292713881 timed out. Retrying.
2019-10-05 16:25:20,413 [pool-7-thread-1] INFO  commands.RetriableDatanodeEventWatcher (RetriableDatanodeEventWatcher.java:onTimeout(47)) - RetriableDatanodeCommand type=deleteBlocksCommand with id=1570292713891 timed out. Retrying.
2019-10-05 16:25:20,430 [pool-7-thread-1] INFO  commands.RetriableDatanodeEventWatcher (RetriableDatanodeEventWatcher.java:onTimeout(47)) - RetriableDatanodeCommand type=deleteBlocksCommand with id=1570292713901 timed out. Retrying.
2019-10-05 16:25:20,444 [pool-7-thread-1] INFO  commands.RetriableDatanodeEventWatcher (RetriableDatanodeEventWatcher.java:onTimeout(47)) - RetriableDatanodeCommand type=deleteBlocksCommand with id=1570292713911 timed out. Retrying.
2019-10-05 16:25:20,458 [SCMBlockDeletingService#1] DEBUG block.SCMBlockDeletingService (SCMBlockDeletingService.java:call(138)) - Running DeletedBlockTransactionScanner
2019-10-05 16:25:20,459 [SCMBlockDeletingService#1] DEBUG block.SCMBlockDeletingService (SCMBlockDeletingService.java:call(155)) - Scanned deleted blocks log and got 3 delTX to process.
2019-10-05 16:25:20,459 [SCMBlockDeletingService#1] DEBUG block.SCMBlockDeletingService (SCMBlockDeletingService.java:call(171)) - Added delete block command for datanode 29926ed2-d930-4601-9cf8-13a6494a0fce in the queue, number of delete block transactions: 3, TxID list: 1,2,3
2019-10-05 16:25:20,459 [SCMBlockDeletingService#1] INFO  block.SCMBlockDeletingService (SCMBlockDeletingService.java:call(182)) - Totally added 3 delete blocks command for 1 datanodes, task elapsed time: 1ms
2019-10-05 16:25:20,472 [pool-7-thread-1] INFO  commands.RetriableDatanodeEventWatcher (RetriableDatanodeEventWatcher.java:onTimeout(47)) - RetriableDatanodeCommand type=deleteBlocksCommand with id=1570292713862 timed out. Retrying.
2019-10-05 16:25:20,485 [pool-7-thread-1] INFO  commands.RetriableDatanodeEventWatcher (RetriableDatanodeEventWatcher.java:onTimeout(47)) - RetriableDatanodeCommand type=deleteBlocksCommand with id=1570292713872 timed out. Retrying.
2019-10-05 16:25:20,503 [pool-7-thread-1] INFO  commands.RetriableDatanodeEventWatcher (RetriableDatanodeEventWatcher.java:onTimeout(47)) - RetriableDatanodeCommand type=deleteBlocksCommand with id=1570292713882 timed out. Retrying.
2019-10-05 16:25:20,516 [pool-7-thread-1] INFO  commands.RetriableDatanodeEventWatcher (RetriableDatanodeEventWatcher.java:onTimeout(47)) - RetriableDatanodeCommand type=deleteBlocksCommand with id=1570292713892 timed out. Retrying.
2019-10-05 16:25:20,531 [pool-7-thread-1] INFO  commands.RetriableDatanodeEventWatcher (RetriableDatanodeEventWatcher.java:onTimeout(47)) - RetriableDatanodeCommand type=deleteBlocksCommand with id=1570292713902 timed out. Retrying.
2019-10-05 16:25:20,545 [pool-7-thread-1] INFO  commands.RetriableDatanodeEventWatcher (RetriableDatanodeEventWatcher.java:onTimeout(47)) - RetriableDatanodeCommand type=deleteBlocksCommand with id=1570292713912 timed out. Retrying.
2019-10-05 16:25:20,560 [SCMBlockDeletingService#1] DEBUG block.SCMBlockDeletingService (SCMBlockDeletingService.java:call(138)) - Running DeletedBlockTransactionScanner
2019-10-05 16:25:20,560 [SCMBlockDeletingService#1] DEBUG block.SCMBlockDeletingService (SCMBlockDeletingService.java:call(155)) - Scanned deleted blocks log and got 3 delTX to process.
2019-10-05 16:25:20,560 [SCMBlockDeletingService#1] DEBUG block.SCMBlockDeletingService (SCMBlockDeletingService.java:call(171)) - Added delete block command for datanode 29926ed2-d930-4601-9cf8-13a6494a0fce in the queue, number of delete block transactions: 3, TxID list: 1,2,3
2019-10-05 16:25:20,561 [SCMBlockDeletingService#1] INFO  block.SCMBlockDeletingService (SCMBlockDeletingService.java:call(182)) - Totally added 3 delete blocks command for 1 datanodes, task elapsed time: 1ms
2019-10-05 16:25:20,571 [pool-7-thread-1] INFO  commands.RetriableDatanodeEventWatcher (RetriableDatanodeEventWatcher.java:onTimeout(47)) - RetriableDatanodeCommand type=deleteBlocksCommand with id=1570292713863 timed out. Retrying.
2019-10-05 16:25:20,589 [pool-7-thread-1] INFO  commands.RetriableDatanodeEventWatcher (RetriableDatanodeEventWatcher.java:onTimeout(47)) - RetriableDatanodeCommand type=deleteBlocksCommand with id=1570292713873 timed out. Retrying.
2019-10-05 16:25:20,602 [pool-7-thread-1] INFO  commands.RetriableDatanodeEventWatcher (RetriableDatanodeEventWatcher.java:onTimeout(47)) - RetriableDatanodeCommand type=deleteBlocksCommand with id=1570292713883 timed out. Retrying.
2019-10-05 16:25:20,617 [pool-7-thread-1] INFO  commands.RetriableDatanodeEventWatcher (RetriableDatanodeEventWatcher.java:onTimeout(47)) - RetriableDatanodeCommand type=deleteBlocksCommand with id=1570292713893 timed out. Retrying.
2019-10-05 16:25:20,633 [pool-7-thread-1] INFO  commands.RetriableDatanodeEventWatcher (RetriableDatanodeEventWatcher.java:onTimeout(47)) - RetriableDatanodeCommand type=deleteBlocksCommand with id=1570292713903 timed out. Retrying.
2019-10-05 16:25:20,647 [pool-7-thread-1] INFO  commands.RetriableDatanodeEventWatcher (RetriableDatanodeEventWatcher.java:onTimeout(47)) - RetriableDatanodeCommand type=deleteBlocksCommand with id=1570292713913 timed out. Retrying.
2019-10-05 16:25:20,661 [SCMBlockDeletingService#1] DEBUG block.SCMBlockDeletingService (SCMBlockDeletingService.java:call(138)) - Running DeletedBlockTransactionScanner
2019-10-05 16:25:20,662 [SCMBlockDeletingService#1] DEBUG block.SCMBlockDeletingService (SCMBlockDeletingService.java:call(155)) - Scanned deleted blocks log and got 3 delTX to process.
2019-10-05 16:25:20,662 [SCMBlockDeletingService#1] DEBUG block.SCMBlockDeletingService (SCMBlockDeletingService.java:call(171)) - Added delete block command for datanode 29926ed2-d930-4601-9cf8-13a6494a0fce in the queue, number of delete block transactions: 3, TxID list: 1,2,3
2019-10-05 16:25:20,662 [SCMBlockDeletingService#1] INFO  block.SCMBlockDeletingService (SCMBlockDeletingService.java:call(182)) - Totally added 3 delete blocks command for 1 datanodes, task elapsed time: 1ms
2019-10-05 16:25:20,675 [pool-7-thread-1] INFO  commands.RetriableDatanodeEventWatcher (RetriableDatanodeEventWatcher.java:onTimeout(47)) - RetriableDatanodeCommand type=deleteBlocksCommand with id=1570292713864 timed out. Retrying.
2019-10-05 16:25:20,680 [main] INFO  ozone.MiniOzoneClusterImpl (MiniOzoneClusterImpl.java:lambda$waitForClusterToBeReady$0(147)) - Waiting for cluster to be ready. Got 0 of 1 DN Heartbeats.
2019-10-05 16:25:20,688 [pool-7-thread-1] INFO  commands.RetriableDatanodeEventWatcher (RetriableDatanodeEventWatcher.java:onTimeout(47)) - RetriableDatanodeCommand type=deleteBlocksCommand with id=1570292713874 timed out. Retrying.
2019-10-05 16:25:20,704 [pool-7-thread-1] INFO  commands.RetriableDatanodeEventWatcher (RetriableDatanodeEventWatcher.java:onTimeout(47)) - RetriableDatanodeCommand type=deleteBlocksCommand with id=1570292713884 timed out. Retrying.
2019-10-05 16:25:20,720 [pool-7-thread-1] INFO  commands.RetriableDatanodeEventWatcher (RetriableDatanodeEventWatcher.java:onTimeout(47)) - RetriableDatanodeCommand type=deleteBlocksCommand with id=1570292713894 timed out. Retrying.
2019-10-05 16:25:20,734 [pool-7-thread-1] INFO  commands.RetriableDatanodeEventWatcher (RetriableDatanodeEventWatcher.java:onTimeout(47)) - RetriableDatanodeCommand type=deleteBlocksCommand with id=1570292713904 timed out. Retrying.
2019-10-05 16:25:20,749 [pool-7-thread-1] INFO  commands.RetriableDatanodeEventWatcher (RetriableDatanodeEventWatcher.java:onTimeout(47)) - RetriableDatanodeCommand type=deleteBlocksCommand with id=1570292713914 timed out. Retrying.
2019-10-05 16:25:20,762 [SCMBlockDeletingService#1] DEBUG block.SCMBlockDeletingService (SCMBlockDeletingService.java:call(138)) - Running DeletedBlockTransactionScanner
2019-10-05 16:25:20,763 [SCMBlockDeletingService#1] DEBUG block.SCMBlockDeletingService (SCMBlockDeletingService.java:call(155)) - Scanned deleted blocks log and got 3 delTX to process.
2019-10-05 16:25:20,763 [SCMBlockDeletingService#1] DEBUG block.SCMBlockDeletingService (SCMBlockDeletingService.java:call(171)) - Added delete block command for datanode 29926ed2-d930-4601-9cf8-13a6494a0fce in the queue, number of delete block transactions: 3, TxID list: 1,2,3
2019-10-05 16:25:20,764 [SCMBlockDeletingService#1] INFO  block.SCMBlockDeletingService (SCMBlockDeletingService.java:call(182)) - Totally added 3 delete blocks command for 1 datanodes, task elapsed time: 1ms
2019-10-05 16:25:20,777 [pool-7-thread-1] INFO  commands.RetriableDatanodeEventWatcher (RetriableDatanodeEventWatcher.java:onTimeout(47)) - RetriableDatanodeCommand type=deleteBlocksCommand with id=1570292713865 timed out. Retrying.
2019-10-05 16:25:20,790 [pool-7-thread-1] INFO  commands.RetriableDatanodeEventWatcher (RetriableDatanodeEventWatcher.java:onTimeout(47)) - RetriableDatanodeCommand type=deleteBlocksCommand with id=1570292713875 timed out. Retrying.
2019-10-05 16:25:20,808 [pool-7-thread-1] INFO  commands.RetriableDatanodeEventWatcher (RetriableDatanodeEventWatcher.java:onTimeout(47)) - RetriableDatanodeCommand type=deleteBlocksCommand with id=1570292713885 timed out. Retrying.
2019-10-05 16:25:20,820 [pool-7-thread-1] INFO  commands.RetriableDatanodeEventWatcher (RetriableDatanodeEventWatcher.java:onTimeout(47)) - RetriableDatanodeCommand type=deleteBlocksCommand with id=1570292713895 timed out. Retrying.
2019-10-05 16:25:20,835 [pool-7-thread-1] INFO  commands.RetriableDatanodeEventWatcher (RetriableDatanodeEventWatcher.java:onTimeout(47)) - RetriableDatanodeCommand type=deleteBlocksCommand with id=1570292713905 timed out. Retrying.
2019-10-05 16:25:20,852 [pool-7-thread-1] INFO  commands.RetriableDatanodeEventWatcher (RetriableDatanodeEventWatcher.java:onTimeout(47)) - RetriableDatanodeCommand type=deleteBlocksCommand with id=1570292713915 timed out. Retrying.
2019-10-05 16:25:20,863 [pool-7-thread-1] INFO  commands.RetriableDatanodeEventWatcher (RetriableDatanodeEventWatcher.java:onTimeout(47)) - RetriableDatanodeCommand type=deleteBlocksCommand with id=1570292713856 timed out. Retrying.
2019-10-05 16:25:20,864 [SCMBlockDeletingService#1] DEBUG block.SCMBlockDeletingService (SCMBlockDeletingService.java:call(138)) - Running DeletedBlockTransactionScanner
2019-10-05 16:25:20,865 [SCMBlockDeletingService#1] DEBUG block.SCMBlockDeletingService (SCMBlockDeletingService.java:call(155)) - Scanned deleted blocks log and got 3 delTX to process.
2019-10-05 16:25:20,865 [SCMBlockDeletingService#1] DEBUG block.SCMBlockDeletingService (SCMBlockDeletingService.java:call(171)) - Added delete block command for datanode 29926ed2-d930-4601-9cf8-13a6494a0fce in the queue, number of delete block transactions: 3, TxID list: 1,2,3
2019-10-05 16:25:20,865 [SCMBlockDeletingService#1] INFO  block.SCMBlockDeletingService (SCMBlockDeletingService.java:call(182)) - Totally added 3 delete blocks command for 1 datanodes, task elapsed time: 1ms
2019-10-05 16:25:20,877 [pool-7-thread-1] INFO  commands.RetriableDatanodeEventWatcher (RetriableDatanodeEventWatcher.java:onTimeout(47)) - RetriableDatanodeCommand type=deleteBlocksCommand with id=1570292713866 timed out. Retrying.
2019-10-05 16:25:20,894 [pool-7-thread-1] INFO  commands.RetriableDatanodeEventWatcher (RetriableDatanodeEventWatcher.java:onTimeout(47)) - RetriableDatanodeCommand type=deleteBlocksCommand with id=1570292713876 timed out. Retrying.
2019-10-05 16:25:20,908 [pool-7-thread-1] INFO  commands.RetriableDatanodeEventWatcher (RetriableDatanodeEventWatcher.java:onTimeout(47)) - RetriableDatanodeCommand type=deleteBlocksCommand with id=1570292713886 timed out. Retrying.
2019-10-05 16:25:20,924 [pool-7-thread-1] INFO  commands.RetriableDatanodeEventWatcher (RetriableDatanodeEventWatcher.java:onTimeout(47)) - RetriableDatanodeCommand type=deleteBlocksCommand with id=1570292713896 timed out. Retrying.
2019-10-05 16:25:20,937 [pool-7-thread-1] INFO  commands.RetriableDatanodeEventWatcher (RetriableDatanodeEventWatcher.java:onTimeout(47)) - RetriableDatanodeCommand type=deleteBlocksCommand with id=1570292713906 timed out. Retrying.
2019-10-05 16:25:20,952 [pool-7-thread-1] INFO  commands.RetriableDatanodeEventWatcher (RetriableDatanodeEventWatcher.java:onTimeout(47)) - RetriableDatanodeCommand type=deleteBlocksCommand with id=1570292713916 timed out. Retrying.
2019-10-05 16:25:20,964 [pool-7-thread-1] INFO  commands.RetriableDatanodeEventWatcher (RetriableDatanodeEventWatcher.java:onTimeout(47)) - RetriableDatanodeCommand type=deleteBlocksCommand with id=1570292713857 timed out. Retrying.
2019-10-05 16:25:20,966 [SCMBlockDeletingService#1] DEBUG block.SCMBlockDeletingService (SCMBlockDeletingService.java:call(138)) - Running DeletedBlockTransactionScanner
2019-10-05 16:25:20,966 [SCMBlockDeletingService#1] DEBUG block.SCMBlockDeletingService (SCMBlockDeletingService.java:call(155)) - Scanned deleted blocks log and got 3 delTX to process.
2019-10-05 16:25:20,966 [SCMBlockDeletingService#1] DEBUG block.SCMBlockDeletingService (SCMBlockDeletingService.java:call(171)) - Added delete block command for datanode 29926ed2-d930-4601-9cf8-13a6494a0fce in the queue, number of delete block transactions: 3, TxID list: 1,2,3
2019-10-05 16:25:20,966 [SCMBlockDeletingService#1] INFO  block.SCMBlockDeletingService (SCMBlockDeletingService.java:call(182)) - Totally added 3 delete blocks command for 1 datanodes, task elapsed time: 1ms
2019-10-05 16:25:20,979 [pool-7-thread-1] INFO  commands.RetriableDatanodeEventWatcher (RetriableDatanodeEventWatcher.java:onTimeout(47)) - RetriableDatanodeCommand type=deleteBlocksCommand with id=1570292713867 timed out. Retrying.
2019-10-05 16:25:20,995 [pool-7-thread-1] INFO  commands.RetriableDatanodeEventWatcher (RetriableDatanodeEventWatcher.java:onTimeout(47)) - RetriableDatanodeCommand type=deleteBlocksCommand with id=1570292713877 timed out. Retrying.
2019-10-05 16:25:21,008 [pool-7-thread-1] INFO  commands.RetriableDatanodeEventWatcher (RetriableDatanodeEventWatcher.java:onTimeout(47)) - RetriableDatanodeCommand type=deleteBlocksCommand with id=1570292713887 timed out. Retrying.
2019-10-05 16:25:21,025 [pool-7-thread-1] INFO  commands.RetriableDatanodeEventWatcher (RetriableDatanodeEventWatcher.java:onTimeout(47)) - RetriableDatanodeCommand type=deleteBlocksCommand with id=1570292713897 timed out. Retrying.
2019-10-05 16:25:21,038 [pool-7-thread-1] INFO  commands.RetriableDatanodeEventWatcher (RetriableDatanodeEventWatcher.java:onTimeout(47)) - RetriableDatanodeCommand type=deleteBlocksCommand with id=1570292713907 timed out. Retrying.
2019-10-05 16:25:21,053 [pool-7-thread-1] INFO  commands.RetriableDatanodeEventWatcher (RetriableDatanodeEventWatcher.java:onTimeout(47)) - RetriableDatanodeCommand type=deleteBlocksCommand with id=1570292713917 timed out. Retrying.
2019-10-05 16:25:21,064 [pool-7-thread-1] INFO  commands.RetriableDatanodeEventWatcher (RetriableDatanodeEventWatcher.java:onTimeout(47)) - RetriableDatanodeCommand type=deleteBlocksCommand with id=1570292713858 timed out. Retrying.
2019-10-05 16:25:21,067 [SCMBlockDeletingService#1] DEBUG block.SCMBlockDeletingService (SCMBlockDeletingService.java:call(138)) - Running DeletedBlockTransactionScanner
2019-10-05 16:25:21,067 [SCMBlockDeletingService#1] DEBUG block.SCMBlockDeletingService (SCMBlockDeletingService.java:call(155)) - Scanned deleted blocks log and got 3 delTX to process.
2019-10-05 16:25:21,067 [SCMBlockDeletingService#1] DEBUG block.SCMBlockDeletingService (SCMBlockDeletingService.java:call(171)) - Added delete block command for datanode 29926ed2-d930-4601-9cf8-13a6494a0fce in the queue, number of delete block transactions: 3, TxID list: 1,2,3
2019-10-05 16:25:21,068 [SCMBlockDeletingService#1] INFO  block.SCMBlockDeletingService (SCMBlockDeletingService.java:call(182)) - Totally added 3 delete blocks command for 1 datanodes, task elapsed time: 1ms
2019-10-05 16:25:21,080 [pool-7-thread-1] INFO  commands.RetriableDatanodeEventWatcher (RetriableDatanodeEventWatcher.java:onTimeout(47)) - RetriableDatanodeCommand type=deleteBlocksCommand with id=1570292713868 timed out. Retrying.
2019-10-05 16:25:21,096 [pool-7-thread-1] INFO  commands.RetriableDatanodeEventWatcher (RetriableDatanodeEventWatcher.java:onTimeout(47)) - RetriableDatanodeCommand type=deleteBlocksCommand with id=1570292713878 timed out. Retrying.
2019-10-05 16:25:21,111 [pool-7-thread-1] INFO  commands.RetriableDatanodeEventWatcher (RetriableDatanodeEventWatcher.java:onTimeout(47)) - RetriableDatanodeCommand type=deleteBlocksCommand with id=1570292713888 timed out. Retrying.
2019-10-05 16:25:21,126 [pool-7-thread-1] INFO  commands.RetriableDatanodeEventWatcher (RetriableDatanodeEventWatcher.java:onTimeout(47)) - RetriableDatanodeCommand type=deleteBlocksCommand with id=1570292713898 timed out. Retrying.
2019-10-05 16:25:21,140 [pool-7-thread-1] INFO  commands.RetriableDatanodeEventWatcher (RetriableDatanodeEventWatcher.java:onTimeout(47)) - RetriableDatanodeCommand type=deleteBlocksCommand with id=1570292713908 timed out. Retrying.
2019-10-05 16:25:21,155 [pool-7-thread-1] INFO  commands.RetriableDatanodeEventWatcher (RetriableDatanodeEventWatcher.java:onTimeout(47)) - RetriableDatanodeCommand type=deleteBlocksCommand with id=1570292713918 timed out. Retrying.
2019-10-05 16:25:21,167 [pool-7-thread-1] INFO  commands.RetriableDatanodeEventWatcher (RetriableDatanodeEventWatcher.java:onTimeout(47)) - RetriableDatanodeCommand type=deleteBlocksCommand with id=1570292713859 timed out. Retrying.
2019-10-05 16:25:21,168 [SCMBlockDeletingService#1] DEBUG block.SCMBlockDeletingService (SCMBlockDeletingService.java:call(138)) - Running DeletedBlockTransactionScanner
2019-10-05 16:25:21,168 [SCMBlockDeletingService#1] DEBUG block.SCMBlockDeletingService (SCMBlockDeletingService.java:call(155)) - Scanned deleted blocks log and got 3 delTX to process.
2019-10-05 16:25:21,168 [SCMBlockDeletingService#1] DEBUG block.SCMBlockDeletingService (SCMBlockDeletingService.java:call(171)) - Added delete block command for datanode 29926ed2-d930-4601-9cf8-13a6494a0fce in the queue, number of delete block transactions: 3, TxID list: 1,2,3
2019-10-05 16:25:21,169 [SCMBlockDeletingService#1] INFO  block.SCMBlockDeletingService (SCMBlockDeletingService.java:call(182)) - Totally added 3 delete blocks command for 1 datanodes, task elapsed time: 1ms
2019-10-05 16:25:21,181 [pool-7-thread-1] INFO  commands.RetriableDatanodeEventWatcher (RetriableDatanodeEventWatcher.java:onTimeout(47)) - RetriableDatanodeCommand type=deleteBlocksCommand with id=1570292713869 timed out. Retrying.
2019-10-05 16:25:21,197 [pool-7-thread-1] INFO  commands.RetriableDatanodeEventWatcher (RetriableDatanodeEventWatcher.java:onTimeout(47)) - RetriableDatanodeCommand type=deleteBlocksCommand with id=1570292713879 timed out. Retrying.
2019-10-05 16:25:21,211 [pool-7-thread-1] INFO  commands.RetriableDatanodeEventWatcher (RetriableDatanodeEventWatcher.java:onTimeout(47)) - RetriableDatanodeCommand type=deleteBlocksCommand with id=1570292713889 timed out. Retrying.
2019-10-05 16:25:21,228 [pool-7-thread-1] INFO  commands.RetriableDatanodeEventWatcher (RetriableDatanodeEventWatcher.java:onTimeout(47)) - RetriableDatanodeCommand type=deleteBlocksCommand with id=1570292713899 timed out. Retrying.
2019-10-05 16:25:21,241 [pool-7-thread-1] INFO  commands.RetriableDatanodeEventWatcher (RetriableDatanodeEventWatcher.java:onTimeout(47)) - RetriableDatanodeCommand type=deleteBlocksCommand with id=1570292713909 timed out. Retrying.
2019-10-05 16:25:21,256 [pool-7-thread-1] INFO  commands.RetriableDatanodeEventWatcher (RetriableDatanodeEventWatcher.java:onTimeout(47)) - RetriableDatanodeCommand type=deleteBlocksCommand with id=1570292713919 timed out. Retrying.
2019-10-05 16:25:21,268 [pool-7-thread-1] INFO  commands.RetriableDatanodeEventWatcher (RetriableDatanodeEventWatcher.java:onTimeout(47)) - RetriableDatanodeCommand type=deleteBlocksCommand with id=1570292713860 timed out. Retrying.
2019-10-05 16:25:21,269 [SCMBlockDeletingService#1] DEBUG block.SCMBlockDeletingService (SCMBlockDeletingService.java:call(138)) - Running DeletedBlockTransactionScanner
2019-10-05 16:25:21,270 [SCMBlockDeletingService#1] DEBUG block.SCMBlockDeletingService (SCMBlockDeletingService.java:call(155)) - Scanned deleted blocks log and got 3 delTX to process.
2019-10-05 16:25:21,270 [SCMBlockDeletingService#1] DEBUG block.SCMBlockDeletingService (SCMBlockDeletingService.java:call(171)) - Added delete block command for datanode 29926ed2-d930-4601-9cf8-13a6494a0fce in the queue, number of delete block transactions: 3, TxID list: 1,2,3
2019-10-05 16:25:21,270 [SCMBlockDeletingService#1] INFO  block.SCMBlockDeletingService (SCMBlockDeletingService.java:call(182)) - Totally added 3 delete blocks command for 1 datanodes, task elapsed time: 2ms
2019-10-05 16:25:21,283 [pool-7-thread-1] INFO  commands.RetriableDatanodeEventWatcher (RetriableDatanodeEventWatcher.java:onTimeout(47)) - RetriableDatanodeCommand type=deleteBlocksCommand with id=1570292713870 timed out. Retrying.
2019-10-05 16:25:21,300 [pool-7-thread-1] INFO  commands.RetriableDatanodeEventWatcher (RetriableDatanodeEventWatcher.java:onTimeout(47)) - RetriableDatanodeCommand type=deleteBlocksCommand with id=1570292713880 timed out. Retrying.
2019-10-05 16:25:21,315 [pool-7-thread-1] INFO  commands.RetriableDatanodeEventWatcher (RetriableDatanodeEventWatcher.java:onTimeout(47)) - RetriableDatanodeCommand type=deleteBlocksCommand with id=1570292713890 timed out. Retrying.
2019-10-05 16:25:21,328 [pool-7-thread-1] INFO  commands.RetriableDatanodeEventWatcher (RetriableDatanodeEventWatcher.java:onTimeout(47)) - RetriableDatanodeCommand type=deleteBlocksCommand with id=1570292713900 timed out. Retrying.
2019-10-05 16:25:21,344 [pool-7-thread-1] INFO  commands.RetriableDatanodeEventWatcher (RetriableDatanodeEventWatcher.java:onTimeout(47)) - RetriableDatanodeCommand type=deleteBlocksCommand with id=1570292713910 timed out. Retrying.
2019-10-05 16:25:21,358 [pool-7-thread-1] INFO  commands.RetriableDatanodeEventWatcher (RetriableDatanodeEventWatcher.java:onTimeout(47)) - RetriableDatanodeCommand type=deleteBlocksCommand with id=1570292713920 timed out. Retrying.
2019-10-05 16:25:21,369 [pool-7-thread-1] INFO  commands.RetriableDatanodeEventWatcher (RetriableDatanodeEventWatcher.java:onTimeout(47)) - RetriableDatanodeCommand type=deleteBlocksCommand with id=1570292713861 timed out. Retrying.
2019-10-05 16:25:21,371 [SCMBlockDeletingService#1] DEBUG block.SCMBlockDeletingService (SCMBlockDeletingService.java:call(138)) - Running DeletedBlockTransactionScanner
2019-10-05 16:25:21,371 [SCMBlockDeletingService#1] DEBUG block.SCMBlockDeletingService (SCMBlockDeletingService.java:call(155)) - Scanned deleted blocks log and got 3 delTX to process.
2019-10-05 16:25:21,372 [SCMBlockDeletingService#1] DEBUG block.SCMBlockDeletingService (SCMBlockDeletingService.java:call(171)) - Added delete block command for datanode 29926ed2-d930-4601-9cf8-13a6494a0fce in the queue, number of delete block transactions: 3, TxID list: 1,2,3
2019-10-05 16:25:21,372 [SCMBlockDeletingService#1] INFO  block.SCMBlockDeletingService (SCMBlockDeletingService.java:call(182)) - Totally added 3 delete blocks command for 1 datanodes, task elapsed time: 1ms
2019-10-05 16:25:21,384 [pool-7-thread-1] INFO  commands.RetriableDatanodeEventWatcher (RetriableDatanodeEventWatcher.java:onTimeout(47)) - RetriableDatanodeCommand type=deleteBlocksCommand with id=1570292713871 timed out. Retrying.
2019-10-05 16:25:21,402 [pool-7-thread-1] INFO  commands.RetriableDatanodeEventWatcher (RetriableDatanodeEventWatcher.java:onTimeout(47)) - RetriableDatanodeCommand type=deleteBlocksCommand with id=1570292713881 timed out. Retrying.
2019-10-05 16:25:21,413 [pool-7-thread-1] INFO  commands.RetriableDatanodeEventWatcher (RetriableDatanodeEventWatcher.java:onTimeout(47)) - RetriableDatanodeCommand type=deleteBlocksCommand with id=1570292713891 timed out. Retrying.
2019-10-05 16:25:21,431 [pool-7-thread-1] INFO  commands.RetriableDatanodeEventWatcher (RetriableDatanodeEventWatcher.java:onTimeout(47)) - RetriableDatanodeCommand type=deleteBlocksCommand with id=1570292713901 timed out. Retrying.
2019-10-05 16:25:21,444 [pool-7-thread-1] INFO  commands.RetriableDatanodeEventWatcher (RetriableDatanodeEventWatcher.java:onTimeout(47)) - RetriableDatanodeCommand type=deleteBlocksCommand with id=1570292713911 timed out. Retrying.
2019-10-05 16:25:21,459 [pool-7-thread-1] INFO  commands.RetriableDatanodeEventWatcher (RetriableDatanodeEventWatcher.java:onTimeout(47)) - RetriableDatanodeCommand type=deleteBlocksCommand with id=1570292713921 timed out. Retrying.
2019-10-05 16:25:21,472 [pool-7-thread-1] INFO  commands.RetriableDatanodeEventWatcher (RetriableDatanodeEventWatcher.java:onTimeout(47)) - RetriableDatanodeCommand type=deleteBlocksCommand with id=1570292713862 timed out. Retrying.
2019-10-05 16:25:21,472 [SCMBlockDeletingService#1] DEBUG block.SCMBlockDeletingService (SCMBlockDeletingService.java:call(138)) - Running DeletedBlockTransactionScanner
2019-10-05 16:25:21,473 [SCMBlockDeletingService#1] DEBUG block.SCMBlockDeletingService (SCMBlockDeletingService.java:call(155)) - Scanned deleted blocks log and got 3 delTX to process.
2019-10-05 16:25:21,473 [SCMBlockDeletingService#1] DEBUG block.SCMBlockDeletingService (SCMBlockDeletingService.java:call(171)) - Added delete block command for datanode 29926ed2-d930-4601-9cf8-13a6494a0fce in the queue, number of delete block transactions: 3, TxID list: 1,2,3
2019-10-05 16:25:21,473 [SCMBlockDeletingService#1] INFO  block.SCMBlockDeletingService (SCMBlockDeletingService.java:call(182)) - Totally added 3 delete blocks command for 1 datanodes, task elapsed time: 1ms
2019-10-05 16:25:21,486 [pool-7-thread-1] INFO  commands.RetriableDatanodeEventWatcher (RetriableDatanodeEventWatcher.java:onTimeout(47)) - RetriableDatanodeCommand type=deleteBlocksCommand with id=1570292713872 timed out. Retrying.
2019-10-05 16:25:21,503 [pool-7-thread-1] INFO  commands.RetriableDatanodeEventWatcher (RetriableDatanodeEventWatcher.java:onTimeout(47)) - RetriableDatanodeCommand type=deleteBlocksCommand with id=1570292713882 timed out. Retrying.
2019-10-05 16:25:21,517 [pool-7-thread-1] INFO  commands.RetriableDatanodeEventWatcher (RetriableDatanodeEventWatcher.java:onTimeout(47)) - RetriableDatanodeCommand type=deleteBlocksCommand with id=1570292713892 timed out. Retrying.
2019-10-05 16:25:21,532 [pool-7-thread-1] INFO  commands.RetriableDatanodeEventWatcher (RetriableDatanodeEventWatcher.java:onTimeout(47)) - RetriableDatanodeCommand type=deleteBlocksCommand with id=1570292713902 timed out. Retrying.
2019-10-05 16:25:21,545 [pool-7-thread-1] INFO  commands.RetriableDatanodeEventWatcher (RetriableDatanodeEventWatcher.java:onTimeout(47)) - RetriableDatanodeCommand type=deleteBlocksCommand with id=1570292713912 timed out. Retrying.
2019-10-05 16:25:21,561 [pool-7-thread-1] INFO  commands.RetriableDatanodeEventWatcher (RetriableDatanodeEventWatcher.java:onTimeout(47)) - RetriableDatanodeCommand type=deleteBlocksCommand with id=1570292713922 timed out. Retrying.
2019-10-05 16:25:21,571 [pool-7-thread-1] INFO  commands.RetriableDatanodeEventWatcher (RetriableDatanodeEventWatcher.java:onTimeout(47)) - RetriableDatanodeCommand type=deleteBlocksCommand with id=1570292713863 timed out. Retrying.
2019-10-05 16:25:21,574 [SCMBlockDeletingService#1] DEBUG block.SCMBlockDeletingService (SCMBlockDeletingService.java:call(138)) - Running DeletedBlockTransactionScanner
2019-10-05 16:25:21,574 [SCMBlockDeletingService#1] DEBUG block.SCMBlockDeletingService (SCMBlockDeletingService.java:call(155)) - Scanned deleted blocks log and got 3 delTX to process.
2019-10-05 16:25:21,575 [SCMBlockDeletingService#1] DEBUG block.SCMBlockDeletingService (SCMBlockDeletingService.java:call(171)) - Added delete block command for datanode 29926ed2-d930-4601-9cf8-13a6494a0fce in the queue, number of delete block transactions: 3, TxID list: 1,2,3
2019-10-05 16:25:21,575 [SCMBlockDeletingService#1] INFO  block.SCMBlockDeletingService (SCMBlockDeletingService.java:call(182)) - Totally added 3 delete blocks command for 1 datanodes, task elapsed time: 1ms
2019-10-05 16:25:21,589 [pool-7-thread-1] INFO  commands.RetriableDatanodeEventWatcher (RetriableDatanodeEventWatcher.java:onTimeout(47)) - RetriableDatanodeCommand type=deleteBlocksCommand with id=1570292713873 timed out. Retrying.
2019-10-05 16:25:21,602 [pool-7-thread-1] INFO  commands.RetriableDatanodeEventWatcher (RetriableDatanodeEventWatcher.java:onTimeout(47)) - RetriableDatanodeCommand type=deleteBlocksCommand with id=1570292713883 timed out. Retrying.
2019-10-05 16:25:21,617 [pool-7-thread-1] INFO  commands.RetriableDatanodeEventWatcher (RetriableDatanodeEventWatcher.java:onTimeout(47)) - RetriableDatanodeCommand type=deleteBlocksCommand with id=1570292713893 timed out. Retrying.
2019-10-05 16:25:21,634 [pool-7-thread-1] INFO  commands.RetriableDatanodeEventWatcher (RetriableDatanodeEventWatcher.java:onTimeout(47)) - RetriableDatanodeCommand type=deleteBlocksCommand with id=1570292713903 timed out. Retrying.
2019-10-05 16:25:21,648 [pool-7-thread-1] INFO  commands.RetriableDatanodeEventWatcher (RetriableDatanodeEventWatcher.java:onTimeout(47)) - RetriableDatanodeCommand type=deleteBlocksCommand with id=1570292713913 timed out. Retrying.
2019-10-05 16:25:21,662 [pool-7-thread-1] INFO  commands.RetriableDatanodeEventWatcher (RetriableDatanodeEventWatcher.java:onTimeout(47)) - RetriableDatanodeCommand type=deleteBlocksCommand with id=1570292713923 timed out. Retrying.
2019-10-05 16:25:21,676 [SCMBlockDeletingService#1] DEBUG block.SCMBlockDeletingService (SCMBlockDeletingService.java:call(138)) - Running DeletedBlockTransactionScanner
2019-10-05 16:25:21,676 [SCMBlockDeletingService#1] DEBUG block.SCMBlockDeletingService (SCMBlockDeletingService.java:call(155)) - Scanned deleted blocks log and got 3 delTX to process.
2019-10-05 16:25:21,676 [SCMBlockDeletingService#1] DEBUG block.SCMBlockDeletingService (SCMBlockDeletingService.java:call(171)) - Added delete block command for datanode 29926ed2-d930-4601-9cf8-13a6494a0fce in the queue, number of delete block transactions: 3, TxID list: 1,2,3
2019-10-05 16:25:21,677 [pool-7-thread-1] INFO  commands.RetriableDatanodeEventWatcher (RetriableDatanodeEventWatcher.java:onTimeout(47)) - RetriableDatanodeCommand type=deleteBlocksCommand with id=1570292713864 timed out. Retrying.
2019-10-05 16:25:21,677 [SCMBlockDeletingService#1] INFO  block.SCMBlockDeletingService (SCMBlockDeletingService.java:call(182)) - Totally added 3 delete blocks command for 1 datanodes, task elapsed time: 1ms
2019-10-05 16:25:21,681 [main] INFO  ozone.MiniOzoneClusterImpl (MiniOzoneClusterImpl.java:lambda$waitForClusterToBeReady$0(147)) - Waiting for cluster to be ready. Got 0 of 1 DN Heartbeats.
2019-10-05 16:25:21,685 [Datanode State Machine Thread - 0] INFO  ozoneimpl.OzoneContainer (OzoneContainer.java:start(217)) - Attempting to start container services.
2019-10-05 16:25:21,685 [Datanode State Machine Thread - 0] INFO  ozoneimpl.OzoneContainer (OzoneContainer.java:startContainerScrub(179)) - Background container scanner has been disabled.
2019-10-05 16:25:21,685 [Datanode State Machine Thread - 0] INFO  ratis.XceiverServerRatis (XceiverServerRatis.java:start(417)) - Starting XceiverServerRatis 29926ed2-d930-4601-9cf8-13a6494a0fce at port 37652
2019-10-05 16:25:21,688 [pool-7-thread-1] INFO  commands.RetriableDatanodeEventWatcher (RetriableDatanodeEventWatcher.java:onTimeout(47)) - RetriableDatanodeCommand type=deleteBlocksCommand with id=1570292713874 timed out. Retrying.
2019-10-05 16:25:21,695 [Datanode State Machine Thread - 0] INFO  impl.RaftServerImpl (RaftServerImpl.java:start(181)) - 29926ed2-d930-4601-9cf8-13a6494a0fce@group-66450F7274CF: start as a follower, conf=0: [29926ed2-d930-4601-9cf8-13a6494a0fce:192.168.164.228:37652], old=null
2019-10-05 16:25:21,695 [Datanode State Machine Thread - 0] INFO  impl.RaftServerImpl (RaftServerImpl.java:setRole(170)) - 29926ed2-d930-4601-9cf8-13a6494a0fce@group-66450F7274CF: changes role from      null to FOLLOWER at term 1 for startAsFollower
2019-10-05 16:25:21,696 [Datanode State Machine Thread - 0] INFO  impl.RoleInfo (RoleInfo.java:updateAndGet(143)) - 29926ed2-d930-4601-9cf8-13a6494a0fce: start FollowerState
2019-10-05 16:25:21,696 [Datanode State Machine Thread - 0] INFO  util.JmxRegister (JmxRegister.java:tryRegister(44)) - Successfully registered JMX Bean with object name Ratis:service=RaftServer,group=group-66450F7274CF,id=29926ed2-d930-4601-9cf8-13a6494a0fce
2019-10-05 16:25:21,698 [Datanode State Machine Thread - 0] INFO  impl.RaftServerProxy (RaftServerProxy.java:lambda$start$3(299)) - 29926ed2-d930-4601-9cf8-13a6494a0fce: start RPC server
2019-10-05 16:25:21,703 [Datanode State Machine Thread - 0] INFO  server.GrpcService (GrpcService.java:startImpl(158)) - 29926ed2-d930-4601-9cf8-13a6494a0fce: GrpcService started, listening on 0.0.0.0/0.0.0.0:37652
2019-10-05 16:25:21,705 [pool-7-thread-1] INFO  commands.RetriableDatanodeEventWatcher (RetriableDatanodeEventWatcher.java:onTimeout(47)) - RetriableDatanodeCommand type=deleteBlocksCommand with id=1570292713884 timed out. Retrying.
2019-10-05 16:25:21,721 [pool-7-thread-1] INFO  commands.RetriableDatanodeEventWatcher (RetriableDatanodeEventWatcher.java:onTimeout(47)) - RetriableDatanodeCommand type=deleteBlocksCommand with id=1570292713894 timed out. Retrying.
2019-10-05 16:25:21,734 [pool-7-thread-1] INFO  commands.RetriableDatanodeEventWatcher (RetriableDatanodeEventWatcher.java:onTimeout(47)) - RetriableDatanodeCommand type=deleteBlocksCommand with id=1570292713904 timed out. Retrying.
2019-10-05 16:25:21,750 [pool-7-thread-1] INFO  commands.RetriableDatanodeEventWatcher (RetriableDatanodeEventWatcher.java:onTimeout(47)) - RetriableDatanodeCommand type=deleteBlocksCommand with id=1570292713914 timed out. Retrying.
2019-10-05 16:25:21,763 [pool-7-thread-1] INFO  commands.RetriableDatanodeEventWatcher (RetriableDatanodeEventWatcher.java:onTimeout(47)) - RetriableDatanodeCommand type=deleteBlocksCommand with id=1570292713924 timed out. Retrying.
2019-10-05 16:25:21,777 [pool-7-thread-1] INFO  commands.RetriableDatanodeEventWatcher (RetriableDatanodeEventWatcher.java:onTimeout(47)) - RetriableDatanodeCommand type=deleteBlocksCommand with id=1570292713865 timed out. Retrying.
2019-10-05 16:25:21,777 [SCMBlockDeletingService#1] DEBUG block.SCMBlockDeletingService (SCMBlockDeletingService.java:call(138)) - Running DeletedBlockTransactionScanner
2019-10-05 16:25:21,778 [SCMBlockDeletingService#1] DEBUG block.SCMBlockDeletingService (SCMBlockDeletingService.java:call(155)) - Scanned deleted blocks log and got 3 delTX to process.
2019-10-05 16:25:21,778 [SCMBlockDeletingService#1] DEBUG block.SCMBlockDeletingService (SCMBlockDeletingService.java:call(171)) - Added delete block command for datanode 29926ed2-d930-4601-9cf8-13a6494a0fce in the queue, number of delete block transactions: 3, TxID list: 1,2,3
2019-10-05 16:25:21,778 [SCMBlockDeletingService#1] INFO  block.SCMBlockDeletingService (SCMBlockDeletingService.java:call(182)) - Totally added 3 delete blocks command for 1 datanodes, task elapsed time: 1ms
2019-10-05 16:25:21,791 [pool-7-thread-1] INFO  commands.RetriableDatanodeEventWatcher (RetriableDatanodeEventWatcher.java:onTimeout(47)) - RetriableDatanodeCommand type=deleteBlocksCommand with id=1570292713875 timed out. Retrying.
2019-10-05 16:25:21,808 [pool-7-thread-1] INFO  commands.RetriableDatanodeEventWatcher (RetriableDatanodeEventWatcher.java:onTimeout(47)) - RetriableDatanodeCommand type=deleteBlocksCommand with id=1570292713885 timed out. Retrying.
2019-10-05 16:25:21,821 [pool-7-thread-1] INFO  commands.RetriableDatanodeEventWatcher (RetriableDatanodeEventWatcher.java:onTimeout(47)) - RetriableDatanodeCommand type=deleteBlocksCommand with id=1570292713895 timed out. Retrying.
2019-10-05 16:25:21,835 [pool-7-thread-1] INFO  commands.RetriableDatanodeEventWatcher (RetriableDatanodeEventWatcher.java:onTimeout(47)) - RetriableDatanodeCommand type=deleteBlocksCommand with id=1570292713905 timed out. Retrying.
2019-10-05 16:25:21,853 [pool-7-thread-1] INFO  commands.RetriableDatanodeEventWatcher (RetriableDatanodeEventWatcher.java:onTimeout(47)) - RetriableDatanodeCommand type=deleteBlocksCommand with id=1570292713915 timed out. Retrying.
2019-10-05 16:25:21,863 [pool-7-thread-1] INFO  commands.RetriableDatanodeEventWatcher (RetriableDatanodeEventWatcher.java:onTimeout(47)) - RetriableDatanodeCommand type=deleteBlocksCommand with id=1570292713856 timed out. Retrying.
2019-10-05 16:25:21,865 [pool-7-thread-1] INFO  commands.RetriableDatanodeEventWatcher (RetriableDatanodeEventWatcher.java:onTimeout(47)) - RetriableDatanodeCommand type=deleteBlocksCommand with id=1570292713925 timed out. Retrying.
2019-10-05 16:25:21,878 [pool-7-thread-1] INFO  commands.RetriableDatanodeEventWatcher (RetriableDatanodeEventWatcher.java:onTimeout(47)) - RetriableDatanodeCommand type=deleteBlocksCommand with id=1570292713866 timed out. Retrying.
2019-10-05 16:25:21,878 [SCMBlockDeletingService#0] DEBUG block.SCMBlockDeletingService (SCMBlockDeletingService.java:call(138)) - Running DeletedBlockTransactionScanner
2019-10-05 16:25:21,879 [SCMBlockDeletingService#0] DEBUG block.SCMBlockDeletingService (SCMBlockDeletingService.java:call(155)) - Scanned deleted blocks log and got 3 delTX to process.
2019-10-05 16:25:21,879 [SCMBlockDeletingService#0] DEBUG block.SCMBlockDeletingService (SCMBlockDeletingService.java:call(171)) - Added delete block command for datanode 29926ed2-d930-4601-9cf8-13a6494a0fce in the queue, number of delete block transactions: 3, TxID list: 1,2,3
2019-10-05 16:25:21,880 [SCMBlockDeletingService#0] INFO  block.SCMBlockDeletingService (SCMBlockDeletingService.java:call(182)) - Totally added 3 delete blocks command for 1 datanodes, task elapsed time: 1ms
2019-10-05 16:25:21,894 [pool-7-thread-1] INFO  commands.RetriableDatanodeEventWatcher (RetriableDatanodeEventWatcher.java:onTimeout(47)) - RetriableDatanodeCommand type=deleteBlocksCommand with id=1570292713876 timed out. Retrying.
2019-10-05 16:25:21,909 [pool-7-thread-1] INFO  commands.RetriableDatanodeEventWatcher (RetriableDatanodeEventWatcher.java:onTimeout(47)) - RetriableDatanodeCommand type=deleteBlocksCommand with id=1570292713886 timed out. Retrying.
2019-10-05 16:25:21,924 [pool-7-thread-1] INFO  commands.RetriableDatanodeEventWatcher (RetriableDatanodeEventWatcher.java:onTimeout(47)) - RetriableDatanodeCommand type=deleteBlocksCommand with id=1570292713896 timed out. Retrying.
2019-10-05 16:25:21,937 [pool-7-thread-1] INFO  commands.RetriableDatanodeEventWatcher (RetriableDatanodeEventWatcher.java:onTimeout(47)) - RetriableDatanodeCommand type=deleteBlocksCommand with id=1570292713906 timed out. Retrying.
2019-10-05 16:25:21,952 [pool-7-thread-1] INFO  commands.RetriableDatanodeEventWatcher (RetriableDatanodeEventWatcher.java:onTimeout(47)) - RetriableDatanodeCommand type=deleteBlocksCommand with id=1570292713916 timed out. Retrying.
2019-10-05 16:25:21,965 [pool-7-thread-1] INFO  commands.RetriableDatanodeEventWatcher (RetriableDatanodeEventWatcher.java:onTimeout(47)) - RetriableDatanodeCommand type=deleteBlocksCommand with id=1570292713857 timed out. Retrying.
2019-10-05 16:25:21,966 [pool-7-thread-1] INFO  commands.RetriableDatanodeEventWatcher (RetriableDatanodeEventWatcher.java:onTimeout(47)) - RetriableDatanodeCommand type=deleteBlocksCommand with id=1570292713926 timed out. Retrying.
2019-10-05 16:25:21,979 [pool-7-thread-1] INFO  commands.RetriableDatanodeEventWatcher (RetriableDatanodeEventWatcher.java:onTimeout(47)) - RetriableDatanodeCommand type=deleteBlocksCommand with id=1570292713867 timed out. Retrying.
2019-10-05 16:25:21,980 [SCMBlockDeletingService#0] DEBUG block.SCMBlockDeletingService (SCMBlockDeletingService.java:call(138)) - Running DeletedBlockTransactionScanner
2019-10-05 16:25:21,981 [SCMBlockDeletingService#0] DEBUG block.SCMBlockDeletingService (SCMBlockDeletingService.java:call(155)) - Scanned deleted blocks log and got 3 delTX to process.
2019-10-05 16:25:21,981 [SCMBlockDeletingService#0] DEBUG block.SCMBlockDeletingService (SCMBlockDeletingService.java:call(171)) - Added delete block command for datanode 29926ed2-d930-4601-9cf8-13a6494a0fce in the queue, number of delete block transactions: 3, TxID list: 1,2,3
2019-10-05 16:25:21,982 [SCMBlockDeletingService#0] INFO  block.SCMBlockDeletingService (SCMBlockDeletingService.java:call(182)) - Totally added 3 delete blocks command for 1 datanodes, task elapsed time: 1ms
2019-10-05 16:25:21,996 [pool-7-thread-1] INFO  commands.RetriableDatanodeEventWatcher (RetriableDatanodeEventWatcher.java:onTimeout(47)) - RetriableDatanodeCommand type=deleteBlocksCommand with id=1570292713877 timed out. Retrying.
2019-10-05 16:25:22,008 [pool-7-thread-1] INFO  commands.RetriableDatanodeEventWatcher (RetriableDatanodeEventWatcher.java:onTimeout(47)) - RetriableDatanodeCommand type=deleteBlocksCommand with id=1570292713887 timed out. Retrying.
2019-10-05 16:25:22,026 [pool-7-thread-1] INFO  commands.RetriableDatanodeEventWatcher (RetriableDatanodeEventWatcher.java:onTimeout(47)) - RetriableDatanodeCommand type=deleteBlocksCommand with id=1570292713897 timed out. Retrying.
2019-10-05 16:25:22,038 [pool-7-thread-1] INFO  commands.RetriableDatanodeEventWatcher (RetriableDatanodeEventWatcher.java:onTimeout(47)) - RetriableDatanodeCommand type=deleteBlocksCommand with id=1570292713907 timed out. Retrying.
2019-10-05 16:25:22,054 [pool-7-thread-1] INFO  commands.RetriableDatanodeEventWatcher (RetriableDatanodeEventWatcher.java:onTimeout(47)) - RetriableDatanodeCommand type=deleteBlocksCommand with id=1570292713917 timed out. Retrying.
2019-10-05 16:25:22,065 [pool-7-thread-1] INFO  commands.RetriableDatanodeEventWatcher (RetriableDatanodeEventWatcher.java:onTimeout(47)) - RetriableDatanodeCommand type=deleteBlocksCommand with id=1570292713858 timed out. Retrying.
2019-10-05 16:25:22,068 [pool-7-thread-1] INFO  commands.RetriableDatanodeEventWatcher (RetriableDatanodeEventWatcher.java:onTimeout(47)) - RetriableDatanodeCommand type=deleteBlocksCommand with id=1570292713927 timed out. Retrying.
2019-10-05 16:25:22,080 [pool-7-thread-1] INFO  commands.RetriableDatanodeEventWatcher (RetriableDatanodeEventWatcher.java:onTimeout(47)) - RetriableDatanodeCommand type=deleteBlocksCommand with id=1570292713868 timed out. Retrying.
2019-10-05 16:25:22,082 [SCMBlockDeletingService#0] DEBUG block.SCMBlockDeletingService (SCMBlockDeletingService.java:call(138)) - Running DeletedBlockTransactionScanner
2019-10-05 16:25:22,083 [SCMBlockDeletingService#0] DEBUG block.SCMBlockDeletingService (SCMBlockDeletingService.java:call(155)) - Scanned deleted blocks log and got 3 delTX to process.
2019-10-05 16:25:22,083 [SCMBlockDeletingService#0] DEBUG block.SCMBlockDeletingService (SCMBlockDeletingService.java:call(171)) - Added delete block command for datanode 29926ed2-d930-4601-9cf8-13a6494a0fce in the queue, number of delete block transactions: 3, TxID list: 1,2,3
2019-10-05 16:25:22,083 [SCMBlockDeletingService#0] INFO  block.SCMBlockDeletingService (SCMBlockDeletingService.java:call(182)) - Totally added 3 delete blocks command for 1 datanodes, task elapsed time: 1ms
2019-10-05 16:25:22,097 [pool-7-thread-1] INFO  commands.RetriableDatanodeEventWatcher (RetriableDatanodeEventWatcher.java:onTimeout(47)) - RetriableDatanodeCommand type=deleteBlocksCommand with id=1570292713878 timed out. Retrying.
2019-10-05 16:25:22,111 [pool-7-thread-1] INFO  commands.RetriableDatanodeEventWatcher (RetriableDatanodeEventWatcher.java:onTimeout(47)) - RetriableDatanodeCommand type=deleteBlocksCommand with id=1570292713888 timed out. Retrying.
2019-10-05 16:25:22,127 [pool-7-thread-1] INFO  commands.RetriableDatanodeEventWatcher (RetriableDatanodeEventWatcher.java:onTimeout(47)) - RetriableDatanodeCommand type=deleteBlocksCommand with id=1570292713898 timed out. Retrying.
2019-10-05 16:25:22,140 [pool-7-thread-1] INFO  commands.RetriableDatanodeEventWatcher (RetriableDatanodeEventWatcher.java:onTimeout(47)) - RetriableDatanodeCommand type=deleteBlocksCommand with id=1570292713908 timed out. Retrying.
2019-10-05 16:25:22,156 [pool-7-thread-1] INFO  commands.RetriableDatanodeEventWatcher (RetriableDatanodeEventWatcher.java:onTimeout(47)) - RetriableDatanodeCommand type=deleteBlocksCommand with id=1570292713918 timed out. Retrying.
2019-10-05 16:25:22,167 [pool-7-thread-1] INFO  commands.RetriableDatanodeEventWatcher (RetriableDatanodeEventWatcher.java:onTimeout(47)) - RetriableDatanodeCommand type=deleteBlocksCommand with id=1570292713859 timed out. Retrying.
2019-10-05 16:25:22,169 [pool-7-thread-1] INFO  commands.RetriableDatanodeEventWatcher (RetriableDatanodeEventWatcher.java:onTimeout(47)) - RetriableDatanodeCommand type=deleteBlocksCommand with id=1570292713928 timed out. Retrying.
2019-10-05 16:25:22,181 [pool-7-thread-1] INFO  commands.RetriableDatanodeEventWatcher (RetriableDatanodeEventWatcher.java:onTimeout(47)) - RetriableDatanodeCommand type=deleteBlocksCommand with id=1570292713869 timed out. Retrying.
2019-10-05 16:25:22,184 [SCMBlockDeletingService#0] DEBUG block.SCMBlockDeletingService (SCMBlockDeletingService.java:call(138)) - Running DeletedBlockTransactionScanner
2019-10-05 16:25:22,184 [SCMBlockDeletingService#0] DEBUG block.SCMBlockDeletingService (SCMBlockDeletingService.java:call(155)) - Scanned deleted blocks log and got 3 delTX to process.
2019-10-05 16:25:22,184 [SCMBlockDeletingService#0] DEBUG block.SCMBlockDeletingService (SCMBlockDeletingService.java:call(171)) - Added delete block command for datanode 29926ed2-d930-4601-9cf8-13a6494a0fce in the queue, number of delete block transactions: 3, TxID list: 1,2,3
2019-10-05 16:25:22,185 [SCMBlockDeletingService#0] INFO  block.SCMBlockDeletingService (SCMBlockDeletingService.java:call(182)) - Totally added 3 delete blocks command for 1 datanodes, task elapsed time: 1ms
2019-10-05 16:25:22,198 [pool-7-thread-1] INFO  commands.RetriableDatanodeEventWatcher (RetriableDatanodeEventWatcher.java:onTimeout(47)) - RetriableDatanodeCommand type=deleteBlocksCommand with id=1570292713879 timed out. Retrying.
2019-10-05 16:25:22,211 [pool-7-thread-1] INFO  commands.RetriableDatanodeEventWatcher (RetriableDatanodeEventWatcher.java:onTimeout(47)) - RetriableDatanodeCommand type=deleteBlocksCommand with id=1570292713889 timed out. Retrying.
2019-10-05 16:25:22,229 [pool-7-thread-1] INFO  commands.RetriableDatanodeEventWatcher (RetriableDatanodeEventWatcher.java:onTimeout(47)) - RetriableDatanodeCommand type=deleteBlocksCommand with id=1570292713899 timed out. Retrying.
2019-10-05 16:25:22,241 [pool-7-thread-1] INFO  commands.RetriableDatanodeEventWatcher (RetriableDatanodeEventWatcher.java:onTimeout(47)) - RetriableDatanodeCommand type=deleteBlocksCommand with id=1570292713909 timed out. Retrying.
2019-10-05 16:25:22,255 [pool-7-thread-1] INFO  commands.RetriableDatanodeEventWatcher (RetriableDatanodeEventWatcher.java:onTimeout(47)) - RetriableDatanodeCommand type=deleteBlocksCommand with id=1570292713919 timed out. Retrying.
2019-10-05 16:25:22,269 [pool-7-thread-1] INFO  commands.RetriableDatanodeEventWatcher (RetriableDatanodeEventWatcher.java:onTimeout(47)) - RetriableDatanodeCommand type=deleteBlocksCommand with id=1570292713860 timed out. Retrying.
2019-10-05 16:25:22,270 [pool-7-thread-1] INFO  commands.RetriableDatanodeEventWatcher (RetriableDatanodeEventWatcher.java:onTimeout(47)) - RetriableDatanodeCommand type=deleteBlocksCommand with id=1570292713929 timed out. Retrying.
2019-10-05 16:25:22,283 [pool-7-thread-1] INFO  commands.RetriableDatanodeEventWatcher (RetriableDatanodeEventWatcher.java:onTimeout(47)) - RetriableDatanodeCommand type=deleteBlocksCommand with id=1570292713870 timed out. Retrying.
2019-10-05 16:25:22,285 [SCMBlockDeletingService#0] DEBUG block.SCMBlockDeletingService (SCMBlockDeletingService.java:call(138)) - Running DeletedBlockTransactionScanner
2019-10-05 16:25:22,285 [SCMBlockDeletingService#0] DEBUG block.SCMBlockDeletingService (SCMBlockDeletingService.java:call(155)) - Scanned deleted blocks log and got 3 delTX to process.
2019-10-05 16:25:22,286 [SCMBlockDeletingService#0] DEBUG block.SCMBlockDeletingService (SCMBlockDeletingService.java:call(171)) - Added delete block command for datanode 29926ed2-d930-4601-9cf8-13a6494a0fce in the queue, number of delete block transactions: 3, TxID list: 1,2,3
2019-10-05 16:25:22,286 [SCMBlockDeletingService#0] INFO  block.SCMBlockDeletingService (SCMBlockDeletingService.java:call(182)) - Totally added 3 delete blocks command for 1 datanodes, task elapsed time: 1ms
2019-10-05 16:25:22,300 [pool-7-thread-1] INFO  commands.RetriableDatanodeEventWatcher (RetriableDatanodeEventWatcher.java:onTimeout(47)) - RetriableDatanodeCommand type=deleteBlocksCommand with id=1570292713880 timed out. Retrying.
2019-10-05 16:25:22,316 [pool-7-thread-1] INFO  commands.RetriableDatanodeEventWatcher (RetriableDatanodeEventWatcher.java:onTimeout(47)) - RetriableDatanodeCommand type=deleteBlocksCommand with id=1570292713890 timed out. Retrying.
2019-10-05 16:25:22,328 [pool-7-thread-1] INFO  commands.RetriableDatanodeEventWatcher (RetriableDatanodeEventWatcher.java:onTimeout(47)) - RetriableDatanodeCommand type=deleteBlocksCommand with id=1570292713900 timed out. Retrying.
2019-10-05 16:25:22,345 [pool-7-thread-1] INFO  commands.RetriableDatanodeEventWatcher (RetriableDatanodeEventWatcher.java:onTimeout(47)) - RetriableDatanodeCommand type=deleteBlocksCommand with id=1570292713910 timed out. Retrying.
2019-10-05 16:25:22,358 [pool-7-thread-1] INFO  commands.RetriableDatanodeEventWatcher (RetriableDatanodeEventWatcher.java:onTimeout(47)) - RetriableDatanodeCommand type=deleteBlocksCommand with id=1570292713920 timed out. Retrying.
2019-10-05 16:25:22,370 [pool-7-thread-1] INFO  commands.RetriableDatanodeEventWatcher (RetriableDatanodeEventWatcher.java:onTimeout(47)) - RetriableDatanodeCommand type=deleteBlocksCommand with id=1570292713861 timed out. Retrying.
2019-10-05 16:25:22,372 [pool-7-thread-1] INFO  commands.RetriableDatanodeEventWatcher (RetriableDatanodeEventWatcher.java:onTimeout(47)) - RetriableDatanodeCommand type=deleteBlocksCommand with id=1570292713930 timed out. Retrying.
2019-10-05 16:25:22,385 [pool-7-thread-1] INFO  commands.RetriableDatanodeEventWatcher (RetriableDatanodeEventWatcher.java:onTimeout(47)) - RetriableDatanodeCommand type=deleteBlocksCommand with id=1570292713871 timed out. Retrying.
2019-10-05 16:25:22,387 [SCMBlockDeletingService#0] DEBUG block.SCMBlockDeletingService (SCMBlockDeletingService.java:call(138)) - Running DeletedBlockTransactionScanner
2019-10-05 16:25:22,387 [SCMBlockDeletingService#0] DEBUG block.SCMBlockDeletingService (SCMBlockDeletingService.java:call(155)) - Scanned deleted blocks log and got 3 delTX to process.
2019-10-05 16:25:22,387 [SCMBlockDeletingService#0] DEBUG block.SCMBlockDeletingService (SCMBlockDeletingService.java:call(171)) - Added delete block command for datanode 29926ed2-d930-4601-9cf8-13a6494a0fce in the queue, number of delete block transactions: 3, TxID list: 1,2,3
2019-10-05 16:25:22,388 [SCMBlockDeletingService#0] INFO  block.SCMBlockDeletingService (SCMBlockDeletingService.java:call(182)) - Totally added 3 delete blocks command for 1 datanodes, task elapsed time: 1ms
2019-10-05 16:25:22,402 [pool-7-thread-1] INFO  commands.RetriableDatanodeEventWatcher (RetriableDatanodeEventWatcher.java:onTimeout(47)) - RetriableDatanodeCommand type=deleteBlocksCommand with id=1570292713881 timed out. Retrying.
2019-10-05 16:25:22,414 [pool-7-thread-1] INFO  commands.RetriableDatanodeEventWatcher (RetriableDatanodeEventWatcher.java:onTimeout(47)) - RetriableDatanodeCommand type=deleteBlocksCommand with id=1570292713891 timed out. Retrying.
2019-10-05 16:25:22,431 [pool-7-thread-1] INFO  commands.RetriableDatanodeEventWatcher (RetriableDatanodeEventWatcher.java:onTimeout(47)) - RetriableDatanodeCommand type=deleteBlocksCommand with id=1570292713901 timed out. Retrying.
2019-10-05 16:25:22,445 [pool-7-thread-1] INFO  commands.RetriableDatanodeEventWatcher (RetriableDatanodeEventWatcher.java:onTimeout(47)) - RetriableDatanodeCommand type=deleteBlocksCommand with id=1570292713911 timed out. Retrying.
2019-10-05 16:25:22,459 [pool-7-thread-1] INFO  commands.RetriableDatanodeEventWatcher (RetriableDatanodeEventWatcher.java:onTimeout(47)) - RetriableDatanodeCommand type=deleteBlocksCommand with id=1570292713921 timed out. Retrying.
2019-10-05 16:25:22,472 [pool-7-thread-1] INFO  commands.RetriableDatanodeEventWatcher (RetriableDatanodeEventWatcher.java:onTimeout(47)) - RetriableDatanodeCommand type=deleteBlocksCommand with id=1570292713862 timed out. Retrying.
2019-10-05 16:25:22,473 [pool-7-thread-1] INFO  commands.RetriableDatanodeEventWatcher (RetriableDatanodeEventWatcher.java:onTimeout(47)) - RetriableDatanodeCommand type=deleteBlocksCommand with id=1570292713931 timed out. Retrying.
2019-10-05 16:25:22,487 [pool-7-thread-1] INFO  commands.RetriableDatanodeEventWatcher (RetriableDatanodeEventWatcher.java:onTimeout(47)) - RetriableDatanodeCommand type=deleteBlocksCommand with id=1570292713872 timed out. Retrying.
2019-10-05 16:25:22,488 [SCMBlockDeletingService#0] DEBUG block.SCMBlockDeletingService (SCMBlockDeletingService.java:call(138)) - Running DeletedBlockTransactionScanner
2019-10-05 16:25:22,489 [SCMBlockDeletingService#0] DEBUG block.SCMBlockDeletingService (SCMBlockDeletingService.java:call(155)) - Scanned deleted blocks log and got 3 delTX to process.
2019-10-05 16:25:22,489 [SCMBlockDeletingService#0] DEBUG block.SCMBlockDeletingService (SCMBlockDeletingService.java:call(171)) - Added delete block command for datanode 29926ed2-d930-4601-9cf8-13a6494a0fce in the queue, number of delete block transactions: 3, TxID list: 1,2,3
2019-10-05 16:25:22,490 [SCMBlockDeletingService#0] INFO  block.SCMBlockDeletingService (SCMBlockDeletingService.java:call(182)) - Totally added 3 delete blocks command for 1 datanodes, task elapsed time: 2ms
2019-10-05 16:25:22,503 [pool-7-thread-1] INFO  commands.RetriableDatanodeEventWatcher (RetriableDatanodeEventWatcher.java:onTimeout(47)) - RetriableDatanodeCommand type=deleteBlocksCommand with id=1570292713882 timed out. Retrying.
2019-10-05 16:25:22,518 [pool-7-thread-1] INFO  commands.RetriableDatanodeEventWatcher (RetriableDatanodeEventWatcher.java:onTimeout(47)) - RetriableDatanodeCommand type=deleteBlocksCommand with id=1570292713892 timed out. Retrying.
2019-10-05 16:25:22,533 [pool-7-thread-1] INFO  commands.RetriableDatanodeEventWatcher (RetriableDatanodeEventWatcher.java:onTimeout(47)) - RetriableDatanodeCommand type=deleteBlocksCommand with id=1570292713902 timed out. Retrying.
2019-10-05 16:25:22,546 [pool-7-thread-1] INFO  commands.RetriableDatanodeEventWatcher (RetriableDatanodeEventWatcher.java:onTimeout(47)) - RetriableDatanodeCommand type=deleteBlocksCommand with id=1570292713912 timed out. Retrying.
2019-10-05 16:25:22,561 [pool-7-thread-1] INFO  commands.RetriableDatanodeEventWatcher (RetriableDatanodeEventWatcher.java:onTimeout(47)) - RetriableDatanodeCommand type=deleteBlocksCommand with id=1570292713922 timed out. Retrying.
2019-10-05 16:25:22,572 [pool-7-thread-1] INFO  commands.RetriableDatanodeEventWatcher (RetriableDatanodeEventWatcher.java:onTimeout(47)) - RetriableDatanodeCommand type=deleteBlocksCommand with id=1570292713863 timed out. Retrying.
2019-10-05 16:25:22,575 [pool-7-thread-1] INFO  commands.RetriableDatanodeEventWatcher (RetriableDatanodeEventWatcher.java:onTimeout(47)) - RetriableDatanodeCommand type=deleteBlocksCommand with id=1570292713932 timed out. Retrying.
2019-10-05 16:25:22,588 [pool-7-thread-1] INFO  commands.RetriableDatanodeEventWatcher (RetriableDatanodeEventWatcher.java:onTimeout(47)) - RetriableDatanodeCommand type=deleteBlocksCommand with id=1570292713873 timed out. Retrying.
2019-10-05 16:25:22,590 [SCMBlockDeletingService#0] DEBUG block.SCMBlockDeletingService (SCMBlockDeletingService.java:call(138)) - Running DeletedBlockTransactionScanner
2019-10-05 16:25:22,591 [SCMBlockDeletingService#0] DEBUG block.SCMBlockDeletingService (SCMBlockDeletingService.java:call(155)) - Scanned deleted blocks log and got 3 delTX to process.
2019-10-05 16:25:22,591 [SCMBlockDeletingService#0] DEBUG block.SCMBlockDeletingService (SCMBlockDeletingService.java:call(171)) - Added delete block command for datanode 29926ed2-d930-4601-9cf8-13a6494a0fce in the queue, number of delete block transactions: 3, TxID list: 1,2,3
2019-10-05 16:25:22,592 [SCMBlockDeletingService#0] INFO  block.SCMBlockDeletingService (SCMBlockDeletingService.java:call(182)) - Totally added 3 delete blocks command for 1 datanodes, task elapsed time: 1ms
2019-10-05 16:25:22,603 [pool-7-thread-1] INFO  commands.RetriableDatanodeEventWatcher (RetriableDatanodeEventWatcher.java:onTimeout(47)) - RetriableDatanodeCommand type=deleteBlocksCommand with id=1570292713883 timed out. Retrying.
2019-10-05 16:25:22,618 [pool-7-thread-1] INFO  commands.RetriableDatanodeEventWatcher (RetriableDatanodeEventWatcher.java:onTimeout(47)) - RetriableDatanodeCommand type=deleteBlocksCommand with id=1570292713893 timed out. Retrying.
2019-10-05 16:25:22,634 [pool-7-thread-1] INFO  commands.RetriableDatanodeEventWatcher (RetriableDatanodeEventWatcher.java:onTimeout(47)) - RetriableDatanodeCommand type=deleteBlocksCommand with id=1570292713903 timed out. Retrying.
2019-10-05 16:25:22,649 [pool-7-thread-1] INFO  commands.RetriableDatanodeEventWatcher (RetriableDatanodeEventWatcher.java:onTimeout(47)) - RetriableDatanodeCommand type=deleteBlocksCommand with id=1570292713913 timed out. Retrying.
2019-10-05 16:25:22,662 [pool-7-thread-1] INFO  commands.RetriableDatanodeEventWatcher (RetriableDatanodeEventWatcher.java:onTimeout(47)) - RetriableDatanodeCommand type=deleteBlocksCommand with id=1570292713923 timed out. Retrying.
2019-10-05 16:25:22,677 [pool-7-thread-1] INFO  commands.RetriableDatanodeEventWatcher (RetriableDatanodeEventWatcher.java:onTimeout(47)) - RetriableDatanodeCommand type=deleteBlocksCommand with id=1570292713933 timed out. Retrying.
2019-10-05 16:25:22,677 [pool-7-thread-2] INFO  commands.RetriableDatanodeEventWatcher (RetriableDatanodeEventWatcher.java:onTimeout(47)) - RetriableDatanodeCommand type=deleteBlocksCommand with id=1570292713864 timed out. Retrying.
2019-10-05 16:25:22,681 [main] INFO  ozone.MiniOzoneClusterImpl (MiniOzoneClusterImpl.java:lambda$waitForClusterToBeReady$0(147)) - Waiting for cluster to be ready. Got 0 of 1 DN Heartbeats.
2019-10-05 16:25:22,689 [pool-7-thread-2] INFO  commands.RetriableDatanodeEventWatcher (RetriableDatanodeEventWatcher.java:onTimeout(47)) - RetriableDatanodeCommand type=deleteBlocksCommand with id=1570292713874 timed out. Retrying.
2019-10-05 16:25:22,692 [SCMBlockDeletingService#0] DEBUG block.SCMBlockDeletingService (SCMBlockDeletingService.java:call(138)) - Running DeletedBlockTransactionScanner
2019-10-05 16:25:22,692 [SCMBlockDeletingService#0] DEBUG block.SCMBlockDeletingService (SCMBlockDeletingService.java:call(155)) - Scanned deleted blocks log and got 3 delTX to process.
2019-10-05 16:25:22,693 [SCMBlockDeletingService#0] DEBUG block.SCMBlockDeletingService (SCMBlockDeletingService.java:call(171)) - Added delete block command for datanode 29926ed2-d930-4601-9cf8-13a6494a0fce in the queue, number of delete block transactions: 3, TxID list: 1,2,3
2019-10-05 16:25:22,693 [SCMBlockDeletingService#0] INFO  block.SCMBlockDeletingService (SCMBlockDeletingService.java:call(182)) - Totally added 3 delete blocks command for 1 datanodes, task elapsed time: 1ms
2019-10-05 16:25:22,705 [pool-7-thread-2] INFO  commands.RetriableDatanodeEventWatcher (RetriableDatanodeEventWatcher.java:onTimeout(47)) - RetriableDatanodeCommand type=deleteBlocksCommand with id=1570292713884 timed out. Retrying.
2019-10-05 16:25:22,721 [pool-7-thread-2] INFO  commands.RetriableDatanodeEventWatcher (RetriableDatanodeEventWatcher.java:onTimeout(47)) - RetriableDatanodeCommand type=deleteBlocksCommand with id=1570292713894 timed out. Retrying.
2019-10-05 16:25:22,735 [pool-7-thread-2] INFO  commands.RetriableDatanodeEventWatcher (RetriableDatanodeEventWatcher.java:onTimeout(47)) - RetriableDatanodeCommand type=deleteBlocksCommand with id=1570292713904 timed out. Retrying.
2019-10-05 16:25:22,750 [pool-7-thread-2] INFO  commands.RetriableDatanodeEventWatcher (RetriableDatanodeEventWatcher.java:onTimeout(47)) - RetriableDatanodeCommand type=deleteBlocksCommand with id=1570292713914 timed out. Retrying.
2019-10-05 16:25:22,764 [pool-7-thread-2] INFO  commands.RetriableDatanodeEventWatcher (RetriableDatanodeEventWatcher.java:onTimeout(47)) - RetriableDatanodeCommand type=deleteBlocksCommand with id=1570292713924 timed out. Retrying.
2019-10-05 16:25:22,777 [pool-7-thread-2] INFO  commands.RetriableDatanodeEventWatcher (RetriableDatanodeEventWatcher.java:onTimeout(47)) - RetriableDatanodeCommand type=deleteBlocksCommand with id=1570292713865 timed out. Retrying.
2019-10-05 16:25:22,778 [pool-7-thread-2] INFO  commands.RetriableDatanodeEventWatcher (RetriableDatanodeEventWatcher.java:onTimeout(47)) - RetriableDatanodeCommand type=deleteBlocksCommand with id=1570292713934 timed out. Retrying.
2019-10-05 16:25:22,792 [pool-7-thread-2] INFO  commands.RetriableDatanodeEventWatcher (RetriableDatanodeEventWatcher.java:onTimeout(47)) - RetriableDatanodeCommand type=deleteBlocksCommand with id=1570292713875 timed out. Retrying.
2019-10-05 16:25:22,793 [SCMBlockDeletingService#0] DEBUG block.SCMBlockDeletingService (SCMBlockDeletingService.java:call(138)) - Running DeletedBlockTransactionScanner
2019-10-05 16:25:22,794 [SCMBlockDeletingService#0] DEBUG block.SCMBlockDeletingService (SCMBlockDeletingService.java:call(155)) - Scanned deleted blocks log and got 3 delTX to process.
2019-10-05 16:25:22,794 [SCMBlockDeletingService#0] DEBUG block.SCMBlockDeletingService (SCMBlockDeletingService.java:call(171)) - Added delete block command for datanode 29926ed2-d930-4601-9cf8-13a6494a0fce in the queue, number of delete block transactions: 3, TxID list: 1,2,3
2019-10-05 16:25:22,794 [SCMBlockDeletingService#0] INFO  block.SCMBlockDeletingService (SCMBlockDeletingService.java:call(182)) - Totally added 3 delete blocks command for 1 datanodes, task elapsed time: 0ms
2019-10-05 16:25:22,808 [pool-7-thread-2] INFO  commands.RetriableDatanodeEventWatcher (RetriableDatanodeEventWatcher.java:onTimeout(47)) - RetriableDatanodeCommand type=deleteBlocksCommand with id=1570292713885 timed out. Retrying.
2019-10-05 16:25:22,822 [pool-7-thread-2] INFO  commands.RetriableDatanodeEventWatcher (RetriableDatanodeEventWatcher.java:onTimeout(47)) - RetriableDatanodeCommand type=deleteBlocksCommand with id=1570292713895 timed out. Retrying.
2019-10-05 16:25:22,835 [pool-7-thread-2] INFO  commands.RetriableDatanodeEventWatcher (RetriableDatanodeEventWatcher.java:onTimeout(47)) - RetriableDatanodeCommand type=deleteBlocksCommand with id=1570292713905 timed out. Retrying.
2019-10-05 16:25:22,854 [pool-7-thread-2] INFO  commands.RetriableDatanodeEventWatcher (RetriableDatanodeEventWatcher.java:onTimeout(47)) - RetriableDatanodeCommand type=deleteBlocksCommand with id=1570292713915 timed out. Retrying.
2019-10-05 16:25:22,864 [pool-7-thread-2] INFO  commands.RetriableDatanodeEventWatcher (RetriableDatanodeEventWatcher.java:onTimeout(47)) - RetriableDatanodeCommand type=deleteBlocksCommand with id=1570292713856 timed out. Retrying.
2019-10-05 16:25:22,865 [pool-7-thread-2] INFO  commands.RetriableDatanodeEventWatcher (RetriableDatanodeEventWatcher.java:onTimeout(47)) - RetriableDatanodeCommand type=deleteBlocksCommand with id=1570292713925 timed out. Retrying.
2019-10-05 16:25:22,879 [pool-7-thread-2] INFO  commands.RetriableDatanodeEventWatcher (RetriableDatanodeEventWatcher.java:onTimeout(47)) - RetriableDatanodeCommand type=deleteBlocksCommand with id=1570292713866 timed out. Retrying.
2019-10-05 16:25:22,879 [pool-7-thread-2] INFO  commands.RetriableDatanodeEventWatcher (RetriableDatanodeEventWatcher.java:onTimeout(47)) - RetriableDatanodeCommand type=deleteBlocksCommand with id=1570292713935 timed out. Retrying.
2019-10-05 16:25:22,894 [pool-7-thread-2] INFO  commands.RetriableDatanodeEventWatcher (RetriableDatanodeEventWatcher.java:onTimeout(47)) - RetriableDatanodeCommand type=deleteBlocksCommand with id=1570292713876 timed out. Retrying.
2019-10-05 16:25:22,895 [SCMBlockDeletingService#0] DEBUG block.SCMBlockDeletingService (SCMBlockDeletingService.java:call(138)) - Running DeletedBlockTransactionScanner
2019-10-05 16:25:22,895 [SCMBlockDeletingService#0] DEBUG block.SCMBlockDeletingService (SCMBlockDeletingService.java:call(155)) - Scanned deleted blocks log and got 3 delTX to process.
2019-10-05 16:25:22,895 [SCMBlockDeletingService#0] DEBUG block.SCMBlockDeletingService (SCMBlockDeletingService.java:call(171)) - Added delete block command for datanode 29926ed2-d930-4601-9cf8-13a6494a0fce in the queue, number of delete block transactions: 3, TxID list: 1,2,3
2019-10-05 16:25:22,896 [SCMBlockDeletingService#0] INFO  block.SCMBlockDeletingService (SCMBlockDeletingService.java:call(182)) - Totally added 3 delete blocks command for 1 datanodes, task elapsed time: 1ms
2019-10-05 16:25:22,910 [pool-7-thread-2] INFO  commands.RetriableDatanodeEventWatcher (RetriableDatanodeEventWatcher.java:onTimeout(47)) - RetriableDatanodeCommand type=deleteBlocksCommand with id=1570292713886 timed out. Retrying.
2019-10-05 16:25:22,924 [pool-7-thread-2] INFO  commands.RetriableDatanodeEventWatcher (RetriableDatanodeEventWatcher.java:onTimeout(47)) - RetriableDatanodeCommand type=deleteBlocksCommand with id=1570292713896 timed out. Retrying.
2019-10-05 16:25:22,938 [pool-7-thread-2] INFO  commands.RetriableDatanodeEventWatcher (RetriableDatanodeEventWatcher.java:onTimeout(47)) - RetriableDatanodeCommand type=deleteBlocksCommand with id=1570292713906 timed out. Retrying.
2019-10-05 16:25:22,953 [pool-7-thread-2] INFO  commands.RetriableDatanodeEventWatcher (RetriableDatanodeEventWatcher.java:onTimeout(47)) - RetriableDatanodeCommand type=deleteBlocksCommand with id=1570292713916 timed out. Retrying.
2019-10-05 16:25:22,964 [pool-7-thread-2] INFO  commands.RetriableDatanodeEventWatcher (RetriableDatanodeEventWatcher.java:onTimeout(47)) - RetriableDatanodeCommand type=deleteBlocksCommand with id=1570292713857 timed out. Retrying.
2019-10-05 16:25:22,967 [pool-7-thread-2] INFO  commands.RetriableDatanodeEventWatcher (RetriableDatanodeEventWatcher.java:onTimeout(47)) - RetriableDatanodeCommand type=deleteBlocksCommand with id=1570292713926 timed out. Retrying.
2019-10-05 16:25:22,978 [pool-7-thread-2] INFO  commands.RetriableDatanodeEventWatcher (RetriableDatanodeEventWatcher.java:onTimeout(47)) - RetriableDatanodeCommand type=deleteBlocksCommand with id=1570292713867 timed out. Retrying.
2019-10-05 16:25:22,982 [pool-7-thread-2] INFO  commands.RetriableDatanodeEventWatcher (RetriableDatanodeEventWatcher.java:onTimeout(47)) - RetriableDatanodeCommand type=deleteBlocksCommand with id=1570292713936 timed out. Retrying.
2019-10-05 16:25:22,995 [pool-7-thread-2] INFO  commands.RetriableDatanodeEventWatcher (RetriableDatanodeEventWatcher.java:onTimeout(47)) - RetriableDatanodeCommand type=deleteBlocksCommand with id=1570292713877 timed out. Retrying.
2019-10-05 16:25:22,996 [SCMBlockDeletingService#0] DEBUG block.SCMBlockDeletingService (SCMBlockDeletingService.java:call(138)) - Running DeletedBlockTransactionScanner
2019-10-05 16:25:22,996 [SCMBlockDeletingService#0] DEBUG block.SCMBlockDeletingService (SCMBlockDeletingService.java:call(155)) - Scanned deleted blocks log and got 3 delTX to process.
2019-10-05 16:25:22,997 [SCMBlockDeletingService#0] DEBUG block.SCMBlockDeletingService (SCMBlockDeletingService.java:call(171)) - Added delete block command for datanode 29926ed2-d930-4601-9cf8-13a6494a0fce in the queue, number of delete block transactions: 3, TxID list: 1,2,3
2019-10-05 16:25:22,997 [SCMBlockDeletingService#0] INFO  block.SCMBlockDeletingService (SCMBlockDeletingService.java:call(182)) - Totally added 3 delete blocks command for 1 datanodes, task elapsed time: 1ms
2019-10-05 16:25:23,009 [pool-7-thread-2] INFO  commands.RetriableDatanodeEventWatcher (RetriableDatanodeEventWatcher.java:onTimeout(47)) - RetriableDatanodeCommand type=deleteBlocksCommand with id=1570292713887 timed out. Retrying.
2019-10-05 16:25:23,026 [pool-7-thread-2] INFO  commands.RetriableDatanodeEventWatcher (RetriableDatanodeEventWatcher.java:onTimeout(47)) - RetriableDatanodeCommand type=deleteBlocksCommand with id=1570292713897 timed out. Retrying.
2019-10-05 16:25:23,039 [pool-7-thread-2] INFO  commands.RetriableDatanodeEventWatcher (RetriableDatanodeEventWatcher.java:onTimeout(47)) - RetriableDatanodeCommand type=deleteBlocksCommand with id=1570292713907 timed out. Retrying.
2019-10-05 16:25:23,054 [pool-7-thread-2] INFO  commands.RetriableDatanodeEventWatcher (RetriableDatanodeEventWatcher.java:onTimeout(47)) - RetriableDatanodeCommand type=deleteBlocksCommand with id=1570292713917 timed out. Retrying.
2019-10-05 16:25:23,065 [pool-7-thread-2] INFO  commands.RetriableDatanodeEventWatcher (RetriableDatanodeEventWatcher.java:onTimeout(47)) - RetriableDatanodeCommand type=deleteBlocksCommand with id=1570292713858 timed out. Retrying.
2019-10-05 16:25:23,069 [pool-7-thread-2] INFO  commands.RetriableDatanodeEventWatcher (RetriableDatanodeEventWatcher.java:onTimeout(47)) - RetriableDatanodeCommand type=deleteBlocksCommand with id=1570292713927 timed out. Retrying.
2019-10-05 16:25:23,080 [pool-7-thread-2] INFO  commands.RetriableDatanodeEventWatcher (RetriableDatanodeEventWatcher.java:onTimeout(47)) - RetriableDatanodeCommand type=deleteBlocksCommand with id=1570292713868 timed out. Retrying.
2019-10-05 16:25:23,082 [pool-7-thread-2] INFO  commands.RetriableDatanodeEventWatcher (RetriableDatanodeEventWatcher.java:onTimeout(47)) - RetriableDatanodeCommand type=deleteBlocksCommand with id=1570292713937 timed out. Retrying.
2019-10-05 16:25:23,097 [SCMBlockDeletingService#0] DEBUG block.SCMBlockDeletingService (SCMBlockDeletingService.java:call(138)) - Running DeletedBlockTransactionScanner
2019-10-05 16:25:23,098 [SCMBlockDeletingService#0] DEBUG block.SCMBlockDeletingService (SCMBlockDeletingService.java:call(155)) - Scanned deleted blocks log and got 3 delTX to process.
2019-10-05 16:25:23,098 [pool-7-thread-2] INFO  commands.RetriableDatanodeEventWatcher (SCMBlockDeletingService.java:call(171)) - Added delete block command for datanode 29926ed2-d930-4601-9cf8-13a6494a0fce in the queue, number of delete block transactions: 3, TxID list: 1,2,3
2019-10-05 16:25:23,098 [pool-7-thread-2] INFO  commands.RetriableDatanodeEventWatcher (RetriableDatanodeEventWatcher.java:onTimeout(47)) - RetriableDatanodeCommand type=deleteBlocksCommand with id=1570292713878 timed out. Retrying.
2019-10-05 16:25:23,098 [SCMBlockDeletingService#0] INFO  block.SCMBlockDeletingService (SCMBlockDeletingService.java:call(182)) - Totally added 3 delete blocks command for 1 datanodes, task elapsed time: 0ms
2019-10-05 16:25:23,112 [pool-7-thread-2] INFO  commands.RetriableDatanodeEventWatcher (RetriableDatanodeEventWatcher.java:onTimeout(47)) - RetriableDatanodeCommand type=deleteBlocksCommand with id=1570292713888 timed out. Retrying.
2019-10-05 16:25:23,127 [pool-7-thread-2] INFO  commands.RetriableDatanodeEventWatcher (RetriableDatanodeEventWatcher.java:onTimeout(47)) - RetriableDatanodeCommand type=deleteBlocksCommand with id=1570292713898 timed out. Retrying.
2019-10-05 16:25:23,141 [pool-7-thread-2] INFO  commands.RetriableDatanodeEventWatcher (RetriableDatanodeEventWatcher.java:onTimeout(47)) - RetriableDatanodeCommand type=deleteBlocksCommand with id=1570292713908 timed out. Retrying.
2019-10-05 16:25:23,156 [pool-7-thread-2] INFO  commands.RetriableDatanodeEventWatcher (RetriableDatanodeEventWatcher.java:onTimeout(47)) - RetriableDatanodeCommand type=deleteBlocksCommand with id=1570292713918 timed out. Retrying.
2019-10-05 16:25:23,167 [pool-7-thread-2] INFO  commands.RetriableDatanodeEventWatcher (RetriableDatanodeEventWatcher.java:onTimeout(47)) - RetriableDatanodeCommand type=deleteBlocksCommand with id=1570292713859 timed out. Retrying.
2019-10-05 16:25:23,170 [pool-7-thread-2] INFO  commands.RetriableDatanodeEventWatcher (RetriableDatanodeEventWatcher.java:onTimeout(47)) - RetriableDatanodeCommand type=deleteBlocksCommand with id=1570292713928 timed out. Retrying.
2019-10-05 16:25:23,181 [pool-7-thread-2] INFO  commands.RetriableDatanodeEventWatcher (RetriableDatanodeEventWatcher.java:onTimeout(47)) - RetriableDatanodeCommand type=deleteBlocksCommand with id=1570292713869 timed out. Retrying.
2019-10-05 16:25:23,185 [pool-7-thread-2] INFO  commands.RetriableDatanodeEventWatcher (RetriableDatanodeEventWatcher.java:onTimeout(47)) - RetriableDatanodeCommand type=deleteBlocksCommand with id=1570292713938 timed out. Retrying.
2019-10-05 16:25:23,198 [pool-7-thread-2] INFO  commands.RetriableDatanodeEventWatcher (RetriableDatanodeEventWatcher.java:onTimeout(47)) - RetriableDatanodeCommand type=deleteBlocksCommand with id=1570292713879 timed out. Retrying.
2019-10-05 16:25:23,199 [SCMBlockDeletingService#0] DEBUG block.SCMBlockDeletingService (SCMBlockDeletingService.java:call(138)) - Running DeletedBlockTransactionScanner
2019-10-05 16:25:23,199 [SCMBlockDeletingService#0] DEBUG block.SCMBlockDeletingService (SCMBlockDeletingService.java:call(155)) - Scanned deleted blocks log and got 3 delTX to process.
2019-10-05 16:25:23,199 [SCMBlockDeletingService#0] DEBUG block.SCMBlockDeletingService (SCMBlockDeletingService.java:call(171)) - Added delete block command for datanode 29926ed2-d930-4601-9cf8-13a6494a0fce in the queue, number of delete block transactions: 3, TxID list: 1,2,3
2019-10-05 16:25:23,199 [SCMBlockDeletingService#0] INFO  block.SCMBlockDeletingService (SCMBlockDeletingService.java:call(182)) - Totally added 3 delete blocks command for 1 datanodes, task elapsed time: 1ms
2019-10-05 16:25:23,211 [pool-7-thread-2] INFO  commands.RetriableDatanodeEventWatcher (RetriableDatanodeEventWatcher.java:onTimeout(47)) - RetriableDatanodeCommand type=deleteBlocksCommand with id=1570292713889 timed out. Retrying.
2019-10-05 16:25:23,229 [pool-7-thread-2] INFO  commands.RetriableDatanodeEventWatcher (RetriableDatanodeEventWatcher.java:onTimeout(47)) - RetriableDatanodeCommand type=deleteBlocksCommand with id=1570292713899 timed out. Retrying.
2019-10-05 16:25:23,240 [pool-7-thread-2] INFO  commands.RetriableDatanodeEventWatcher (RetriableDatanodeEventWatcher.java:onTimeout(47)) - RetriableDatanodeCommand type=deleteBlocksCommand with id=1570292713909 timed out. Retrying.
2019-10-05 16:25:23,256 [pool-7-thread-2] INFO  commands.RetriableDatanodeEventWatcher (RetriableDatanodeEventWatcher.java:onTimeout(47)) - RetriableDatanodeCommand type=deleteBlocksCommand with id=1570292713919 timed out. Retrying.
2019-10-05 16:25:23,269 [pool-7-thread-2] INFO  commands.RetriableDatanodeEventWatcher (RetriableDatanodeEventWatcher.java:onTimeout(47)) - RetriableDatanodeCommand type=deleteBlocksCommand with id=1570292713860 timed out. Retrying.
2019-10-05 16:25:23,271 [pool-7-thread-2] INFO  commands.RetriableDatanodeEventWatcher (RetriableDatanodeEventWatcher.java:onTimeout(47)) - RetriableDatanodeCommand type=deleteBlocksCommand with id=1570292713929 timed out. Retrying.
2019-10-05 16:25:23,284 [pool-7-thread-2] INFO  commands.RetriableDatanodeEventWatcher (RetriableDatanodeEventWatcher.java:onTimeout(47)) - RetriableDatanodeCommand type=deleteBlocksCommand with id=1570292713870 timed out. Retrying.
2019-10-05 16:25:23,286 [pool-7-thread-2] INFO  commands.RetriableDatanodeEventWatcher (RetriableDatanodeEventWatcher.java:onTimeout(47)) - RetriableDatanodeCommand type=deleteBlocksCommand with id=1570292713939 timed out. Retrying.
2019-10-05 16:25:23,300 [SCMBlockDeletingService#0] DEBUG block.SCMBlockDeletingService (SCMBlockDeletingService.java:call(138)) - Running DeletedBlockTransactionScanner
2019-10-05 16:25:23,300 [SCMBlockDeletingService#0] DEBUG block.SCMBlockDeletingService (RetriableDatanodeEventWatcher.java:onTimeout(47)) - RetriableDatanodeCommand type=deleteBlocksCommand with id=1570292713880 timed out. Retrying.
SCMBlockDeletingService.java:call(155)) - Scanned deleted blocks log and got 3 delTX to process.
2019-10-05 16:25:23,300 [pool-7-thread-2] INFO  commands.RetriableDatanodeEventWatcher (RetriableDatanodeEventWatcher.java:onTimeout(47)) - RetriableDatanodeCommand type=deleteBlocksCommand with id=1570292713880 timed out. Retrying.
2019-10-05 16:25:23,300 [SCMBlockDeletingService#0] DEBUG block.SCMBlockDeletingService (SCMBlockDeletingService.java:call(171)) - Added delete block command for datanode 29926ed2-d930-4601-9cf8-13a6494a0fce in the queue, number of delete block transactions: 3, TxID list: 1,2,3
2019-10-05 16:25:23,301 [SCMBlockDeletingService#0] INFO  block.SCMBlockDeletingService (SCMBlockDeletingService.java:call(182)) - Totally added 3 delete blocks command for 1 datanodes, task elapsed time: 1ms
2019-10-05 16:25:23,317 [pool-7-thread-2] INFO  commands.RetriableDatanodeEventWatcher (RetriableDatanodeEventWatcher.java:onTimeout(47)) - RetriableDatanodeCommand type=deleteBlocksCommand with id=1570292713890 timed out. Retrying.
2019-10-05 16:25:23,328 [pool-7-thread-2] INFO  commands.RetriableDatanodeEventWatcher (RetriableDatanodeEventWatcher.java:onTimeout(47)) - RetriableDatanodeCommand type=deleteBlocksCommand with id=1570292713900 timed out. Retrying.
2019-10-05 16:25:23,345 [pool-7-thread-2] INFO  commands.RetriableDatanodeEventWatcher (RetriableDatanodeEventWatcher.java:onTimeout(47)) - RetriableDatanodeCommand type=deleteBlocksCommand with id=1570292713910 timed out. Retrying.
2019-10-05 16:25:23,359 [pool-7-thread-2] INFO  commands.RetriableDatanodeEventWatcher (RetriableDatanodeEventWatcher.java:onTimeout(47)) - RetriableDatanodeCommand type=deleteBlocksCommand with id=1570292713920 timed out. Retrying.
2019-10-05 16:25:23,370 [pool-7-thread-2] INFO  commands.RetriableDatanodeEventWatcher (RetriableDatanodeEventWatcher.java:onTimeout(47)) - RetriableDatanodeCommand type=deleteBlocksCommand with id=1570292713861 timed out. Retrying.
2019-10-05 16:25:23,373 [pool-7-thread-2] INFO  commands.RetriableDatanodeEventWatcher (RetriableDatanodeEventWatcher.java:onTimeout(47)) - RetriableDatanodeCommand type=deleteBlocksCommand with id=1570292713930 timed out. Retrying.
2019-10-05 16:25:23,385 [pool-7-thread-2] INFO  commands.RetriableDatanodeEventWatcher (RetriableDatanodeEventWatcher.java:onTimeout(47)) - RetriableDatanodeCommand type=deleteBlocksCommand with id=1570292713871 timed out. Retrying.
2019-10-05 16:25:23,388 [pool-7-thread-2] INFO  commands.RetriableDatanodeEventWatcher (RetriableDatanodeEventWatcher.java:onTimeout(47)) - RetriableDatanodeCommand type=deleteBlocksCommand with id=1570292713940 timed out. Retrying.
2019-10-05 16:25:23,401 [SCMBlockDeletingService#0] DEBUG block.SCMBlockDeletingService (SCMBlockDeletingService.java:call(138)) - Running DeletedBlockTransactionScanner
2019-10-05 16:25:23,402 [SCMBlockDeletingService#0] DEBUG block.SCMBlockDeletingService (RetriableDatanodeEventWatcher.java:onTimeout(47)) - RetriableDatanodeCommand type=deleteBlocksCommand with id=1570292713881 timed out. Retrying.
SCMBlockDeletingService.java:call(155)) - Scanned deleted blocks log and got 3 delTX to process.
2019-10-05 16:25:23,402 [pool-7-thread-2] INFO  commands.RetriableDatanodeEventWatcher (RetriableDatanodeEventWatcher.java:onTimeout(47)) - RetriableDatanodeCommand type=deleteBlocksCommand with id=1570292713881 timed out. Retrying.
2019-10-05 16:25:23,402 [SCMBlockDeletingService#0] DEBUG block.SCMBlockDeletingService (SCMBlockDeletingService.java:call(171)) - Added delete block command for datanode 29926ed2-d930-4601-9cf8-13a6494a0fce in the queue, number of delete block transactions: 3, TxID list: 1,2,3
2019-10-05 16:25:23,402 [SCMBlockDeletingService#0] INFO  block.SCMBlockDeletingService (SCMBlockDeletingService.java:call(182)) - Totally added 3 delete blocks command for 1 datanodes, task elapsed time: 2ms
2019-10-05 16:25:23,415 [pool-7-thread-2] INFO  commands.RetriableDatanodeEventWatcher (RetriableDatanodeEventWatcher.java:onTimeout(47)) - RetriableDatanodeCommand type=deleteBlocksCommand with id=1570292713891 timed out. Retrying.
2019-10-05 16:25:23,431 [pool-7-thread-2] INFO  commands.RetriableDatanodeEventWatcher (RetriableDatanodeEventWatcher.java:onTimeout(47)) - RetriableDatanodeCommand type=deleteBlocksCommand with id=1570292713901 timed out. Retrying.
2019-10-05 16:25:23,446 [pool-7-thread-2] INFO  commands.RetriableDatanodeEventWatcher (RetriableDatanodeEventWatcher.java:onTimeout(47)) - RetriableDatanodeCommand type=deleteBlocksCommand with id=1570292713911 timed out. Retrying.
2019-10-05 16:25:23,460 [pool-7-thread-2] INFO  commands.RetriableDatanodeEventWatcher (RetriableDatanodeEventWatcher.java:onTimeout(47)) - RetriableDatanodeCommand type=deleteBlocksCommand with id=1570292713921 timed out. Retrying.
2019-10-05 16:25:23,472 [pool-7-thread-2] INFO  commands.RetriableDatanodeEventWatcher (RetriableDatanodeEventWatcher.java:onTimeout(47)) - RetriableDatanodeCommand type=deleteBlocksCommand with id=1570292713862 timed out. Retrying.
2019-10-05 16:25:23,474 [pool-7-thread-2] INFO  commands.RetriableDatanodeEventWatcher (RetriableDatanodeEventWatcher.java:onTimeout(47)) - RetriableDatanodeCommand type=deleteBlocksCommand with id=1570292713931 timed out. Retrying.
2019-10-05 16:25:23,487 [pool-7-thread-2] INFO  commands.RetriableDatanodeEventWatcher (RetriableDatanodeEventWatcher.java:onTimeout(47)) - RetriableDatanodeCommand type=deleteBlocksCommand with id=1570292713872 timed out. Retrying.
2019-10-05 16:25:23,489 [pool-7-thread-2] INFO  commands.RetriableDatanodeEventWatcher (RetriableDatanodeEventWatcher.java:onTimeout(47)) - RetriableDatanodeCommand type=deleteBlocksCommand with id=1570292713941 timed out. Retrying.
2019-10-05 16:25:23,503 [SCMBlockDeletingService#0] DEBUG block.SCMBlockDeletingService (SCMBlockDeletingService.java:call(138)) - Running DeletedBlockTransactionScanner
2019-10-05 16:25:23,503 [pool-7-thread-2] INFO  commands.RetriableDatanodeEventWatcher (RetriableDatanodeEventWatcher.java:onTimeout(47)) - RetriableDatanodeCommand type=deleteBlocksCommand with id=1570292713882 timed out. Retrying.
2019-10-05 16:25:23,503 [SCMBlockDeletingService#0] DEBUG block.SCMBlockDeletingService (SCMBlockDeletingService.java:call(155)) - Scanned deleted blocks log and got 3 delTX to process.
2019-10-05 16:25:23,504 [SCMBlockDeletingService#0] DEBUG block.SCMBlockDeletingService (SCMBlockDeletingService.java:call(171)) - Added delete block command for datanode 29926ed2-d930-4601-9cf8-13a6494a0fce in the queue, number of delete block transactions: 3, TxID list: 1,2,3
2019-10-05 16:25:23,504 [SCMBlockDeletingService#0] INFO  block.SCMBlockDeletingService (SCMBlockDeletingService.java:call(182)) - Totally added 3 delete blocks command for 1 datanodes, task elapsed time: 1ms
2019-10-05 16:25:23,519 [pool-7-thread-2] INFO  commands.RetriableDatanodeEventWatcher (RetriableDatanodeEventWatcher.java:onTimeout(47)) - RetriableDatanodeCommand type=deleteBlocksCommand with id=1570292713892 timed out. Retrying.
2019-10-05 16:25:23,533 [pool-7-thread-2] INFO  commands.RetriableDatanodeEventWatcher (RetriableDatanodeEventWatcher.java:onTimeout(47)) - RetriableDatanodeCommand type=deleteBlocksCommand with id=1570292713902 timed out. Retrying.
2019-10-05 16:25:23,547 [pool-7-thread-2] INFO  commands.RetriableDatanodeEventWatcher (RetriableDatanodeEventWatcher.java:onTimeout(47)) - RetriableDatanodeCommand type=deleteBlocksCommand with id=1570292713912 timed out. Retrying.
2019-10-05 16:25:23,561 [pool-7-thread-2] INFO  commands.RetriableDatanodeEventWatcher (RetriableDatanodeEventWatcher.java:onTimeout(47)) - RetriableDatanodeCommand type=deleteBlocksCommand with id=1570292713922 timed out. Retrying.
2019-10-05 16:25:23,573 [pool-7-thread-2] INFO  commands.RetriableDatanodeEventWatcher (RetriableDatanodeEventWatcher.java:onTimeout(47)) - RetriableDatanodeCommand type=deleteBlocksCommand with id=1570292713863 timed out. Retrying.
2019-10-05 16:25:23,575 [pool-7-thread-2] INFO  commands.RetriableDatanodeEventWatcher (RetriableDatanodeEventWatcher.java:onTimeout(47)) - RetriableDatanodeCommand type=deleteBlocksCommand with id=1570292713932 timed out. Retrying.
2019-10-05 16:25:23,589 [pool-7-thread-2] INFO  commands.RetriableDatanodeEventWatcher (RetriableDatanodeEventWatcher.java:onTimeout(47)) - RetriableDatanodeCommand type=deleteBlocksCommand with id=1570292713873 timed out. Retrying.
2019-10-05 16:25:23,591 [pool-7-thread-2] INFO  commands.RetriableDatanodeEventWatcher (RetriableDatanodeEventWatcher.java:onTimeout(47)) - RetriableDatanodeCommand type=deleteBlocksCommand with id=1570292713942 timed out. Retrying.
2019-10-05 16:25:23,604 [pool-7-thread-2] INFO  commands.RetriableDatanodeEventWatcher (SCMBlockDeletingService.java:call(138)) - Running DeletedBlockTransactionScanner
2019-10-05 16:25:23,604 [pool-7-thread-2] INFO  commands.RetriableDatanodeEventWatcher (RetriableDatanodeEventWatcher.java:onTimeout(47)) - RetriableDatanodeCommand type=deleteBlocksCommand with id=1570292713883 timed out. Retrying.
2019-10-05 16:25:23,605 [SCMBlockDeletingService#0] DEBUG block.SCMBlockDeletingService (SCMBlockDeletingService.java:call(155)) - Scanned deleted blocks log and got 3 delTX to process.
2019-10-05 16:25:23,605 [SCMBlockDeletingService#0] DEBUG block.SCMBlockDeletingService (SCMBlockDeletingService.java:call(171)) - Added delete block command for datanode 29926ed2-d930-4601-9cf8-13a6494a0fce in the queue, number of delete block transactions: 3, TxID list: 1,2,3
2019-10-05 16:25:23,606 [SCMBlockDeletingService#0] INFO  block.SCMBlockDeletingService (SCMBlockDeletingService.java:call(182)) - Totally added 3 delete blocks command for 1 datanodes, task elapsed time: 1ms
2019-10-05 16:25:23,618 [pool-7-thread-2] INFO  commands.RetriableDatanodeEventWatcher (RetriableDatanodeEventWatcher.java:onTimeout(47)) - RetriableDatanodeCommand type=deleteBlocksCommand with id=1570292713893 timed out. Retrying.
2019-10-05 16:25:23,634 [pool-7-thread-2] INFO  commands.RetriableDatanodeEventWatcher (RetriableDatanodeEventWatcher.java:onTimeout(47)) - RetriableDatanodeCommand type=deleteBlocksCommand with id=1570292713903 timed out. Retrying.
2019-10-05 16:25:23,649 [pool-7-thread-2] INFO  commands.RetriableDatanodeEventWatcher (RetriableDatanodeEventWatcher.java:onTimeout(47)) - RetriableDatanodeCommand type=deleteBlocksCommand with id=1570292713913 timed out. Retrying.
2019-10-05 16:25:23,661 [pool-7-thread-2] INFO  commands.RetriableDatanodeEventWatcher (RetriableDatanodeEventWatcher.java:onTimeout(47)) - RetriableDatanodeCommand type=deleteBlocksCommand with id=1570292713923 timed out. Retrying.
2019-10-05 16:25:23,678 [pool-7-thread-2] INFO  commands.RetriableDatanodeEventWatcher (RetriableDatanodeEventWatcher.java:onTimeout(47)) - RetriableDatanodeCommand type=deleteBlocksCommand with id=1570292713933 timed out. Retrying.
2019-10-05 16:25:23,678 [pool-7-thread-1] INFO  commands.RetriableDatanodeEventWatcher (RetriableDatanodeEventWatcher.java:onTimeout(47)) - RetriableDatanodeCommand type=deleteBlocksCommand with id=1570292713864 timed out. Retrying.
2019-10-05 16:25:23,682 [main] INFO  ozone.MiniOzoneClusterImpl (MiniOzoneClusterImpl.java:lambda$waitForClusterToBeReady$0(147)) - Waiting for cluster to be ready. Got 0 of 1 DN Heartbeats.
2019-10-05 16:25:23,689 [pool-7-thread-1] INFO  commands.RetriableDatanodeEventWatcher (RetriableDatanodeEventWatcher.java:onTimeout(47)) - RetriableDatanodeCommand type=deleteBlocksCommand with id=1570292713874 timed out. Retrying.
2019-10-05 16:25:23,690 [EventQueue-PendingDeleteStatusForPendingDeleteHandler] INFO  block.SCMBlockDeletingService (SCMBlockDeletingService.java:handlePendingDeletes(115)) - Block deletion txnID mismatch in datanode 29926ed2-d930-4601-9cf8-13a6494a0fce for containerID 1. Datanode delete txnID: 0, SCM txnID: 1
2019-10-05 16:25:23,690 [EventQueue-PendingDeleteStatusForPendingDeleteHandler] INFO  block.SCMBlockDeletingService (SCMBlockDeletingService.java:handlePendingDeletes(115)) - Block deletion txnID mismatch in datanode 29926ed2-d930-4601-9cf8-13a6494a0fce for containerID 2. Datanode delete txnID: 0, SCM txnID: 2
2019-10-05 16:25:23,690 [EventQueue-PendingDeleteStatusForPendingDeleteHandler] INFO  block.SCMBlockDeletingService (SCMBlockDeletingService.java:handlePendingDeletes(115)) - Block deletion txnID mismatch in datanode 29926ed2-d930-4601-9cf8-13a6494a0fce for containerID 3. Datanode delete txnID: 0, SCM txnID: 3
2019-10-05 16:25:23,693 [pool-7-thread-1] INFO  commands.RetriableDatanodeEventWatcher (RetriableDatanodeEventWatcher.java:onTimeout(47)) - RetriableDatanodeCommand type=deleteBlocksCommand with id=1570292713943 timed out. Retrying.
2019-10-05 16:25:23,705 [pool-7-thread-1] INFO  commands.RetriableDatanodeEventWatcher (RetriableDatanodeEventWatcher.java:onTimeout(47)) - RetriableDatanodeCommand type=deleteBlocksCommand with id=1570292713884 timed out. Retrying.
2019-10-05 16:25:23,706 [SCMBlockDeletingService#0] DEBUG block.SCMBlockDeletingService (SCMBlockDeletingService.java:call(138)) - Running DeletedBlockTransactionScanner
2019-10-05 16:25:23,706 [SCMBlockDeletingService#0] DEBUG block.SCMBlockDeletingService (SCMBlockDeletingService.java:call(155)) - Scanned deleted blocks log and got 3 delTX to process.
2019-10-05 16:25:23,707 [SCMBlockDeletingService#0] DEBUG block.SCMBlockDeletingService (SCMBlockDeletingService.java:call(171)) - Added delete block command for datanode 29926ed2-d930-4601-9cf8-13a6494a0fce in the queue, number of delete block transactions: 3, TxID list: 1,2,3
2019-10-05 16:25:23,707 [SCMBlockDeletingService#0] INFO  block.SCMBlockDeletingService (SCMBlockDeletingService.java:call(182)) - Totally added 3 delete blocks command for 1 datanodes, task elapsed time: 1ms
2019-10-05 16:25:23,721 [pool-7-thread-1] INFO  commands.RetriableDatanodeEventWatcher (RetriableDatanodeEventWatcher.java:onTimeout(47)) - RetriableDatanodeCommand type=deleteBlocksCommand with id=1570292713894 timed out. Retrying.
2019-10-05 16:25:23,736 [pool-7-thread-1] INFO  commands.RetriableDatanodeEventWatcher (RetriableDatanodeEventWatcher.java:onTimeout(47)) - RetriableDatanodeCommand type=deleteBlocksCommand with id=1570292713904 timed out. Retrying.
2019-10-05 16:25:23,750 [pool-7-thread-1] INFO  commands.RetriableDatanodeEventWatcher (RetriableDatanodeEventWatcher.java:onTimeout(47)) - RetriableDatanodeCommand type=deleteBlocksCommand with id=1570292713914 timed out. Retrying.
2019-10-05 16:25:23,765 [pool-7-thread-1] INFO  commands.RetriableDatanodeEventWatcher (RetriableDatanodeEventWatcher.java:onTimeout(47)) - RetriableDatanodeCommand type=deleteBlocksCommand with id=1570292713924 timed out. Retrying.
2019-10-05 16:25:23,777 [pool-7-thread-1] INFO  commands.RetriableDatanodeEventWatcher (RetriableDatanodeEventWatcher.java:onTimeout(47)) - RetriableDatanodeCommand type=deleteBlocksCommand with id=1570292713865 timed out. Retrying.
2019-10-05 16:25:23,779 [pool-7-thread-1] INFO  commands.RetriableDatanodeEventWatcher (RetriableDatanodeEventWatcher.java:onTimeout(47)) - RetriableDatanodeCommand type=deleteBlocksCommand with id=1570292713934 timed out. Retrying.
2019-10-05 16:25:23,792 [pool-7-thread-1] INFO  commands.RetriableDatanodeEventWatcher (RetriableDatanodeEventWatcher.java:onTimeout(47)) - RetriableDatanodeCommand type=deleteBlocksCommand with id=1570292713875 timed out. Retrying.
2019-10-05 16:25:23,794 [pool-7-thread-1] INFO  commands.RetriableDatanodeEventWatcher (RetriableDatanodeEventWatcher.java:onTimeout(47)) - RetriableDatanodeCommand type=deleteBlocksCommand with id=1570292713944 timed out. Retrying.
2019-10-05 16:25:23,807 [SCMBlockDeletingService#0] DEBUG block.SCMBlockDeletingService (SCMBlockDeletingService.java:call(138)) - Running DeletedBlockTransactionScanner
2019-10-05 16:25:23,808 [SCMBlockDeletingService#0] DEBUG block.SCMBlockDeletingService (SCMBlockDeletingService.java:call(155)) - Scanned deleted blocks log and got 3 delTX to process.
2019-10-05 16:25:23,808 [SCMBlockDeletingService#0] DEBUG block.SCMBlockDeletingService (SCMBlockDeletingService.java:call(171)) - Added delete block command for datanode 29926ed2-d930-4601-9cf8-13a6494a0fce in the queue, number of delete block transactions: 3, TxID list: 1,2,3
2019-10-05 16:25:23,808 [SCMBlockDeletingService#0] INFO  block.SCMBlockDeletingService (SCMBlockDeletingService.java:call(182)) - Totally added 3 delete blocks command for 1 datanodes, task elapsed time: 0ms
2019-10-05 16:25:23,809 [pool-7-thread-1] INFO  commands.RetriableDatanodeEventWatcher (RetriableDatanodeEventWatcher.java:onTimeout(47)) - RetriableDatanodeCommand type=deleteBlocksCommand with id=1570292713885 timed out. Retrying.
2019-10-05 16:25:23,822 [pool-7-thread-1] INFO  commands.RetriableDatanodeEventWatcher (RetriableDatanodeEventWatcher.java:onTimeout(47)) - RetriableDatanodeCommand type=deleteBlocksCommand with id=1570292713895 timed out. Retrying.
2019-10-05 16:25:23,836 [pool-7-thread-1] INFO  commands.RetriableDatanodeEventWatcher (RetriableDatanodeEventWatcher.java:onTimeout(47)) - RetriableDatanodeCommand type=deleteBlocksCommand with id=1570292713905 timed out. Retrying.
2019-10-05 16:25:23,854 [pool-7-thread-1] INFO  commands.RetriableDatanodeEventWatcher (RetriableDatanodeEventWatcher.java:onTimeout(47)) - RetriableDatanodeCommand type=deleteBlocksCommand with id=1570292713915 timed out. Retrying.
2019-10-05 16:25:23,865 [pool-7-thread-1] INFO  commands.RetriableDatanodeEventWatcher (RetriableDatanodeEventWatcher.java:onTimeout(47)) - RetriableDatanodeCommand type=deleteBlocksCommand with id=1570292713925 timed out. Retrying.
2019-10-05 16:25:23,866 [pool-7-thread-2] INFO  commands.RetriableDatanodeEventWatcher (RetriableDatanodeEventWatcher.java:onTimeout(47)) - RetriableDatanodeCommand type=deleteBlocksCommand with id=1570292713856 timed out. Retrying.
2019-10-05 16:25:23,879 [pool-7-thread-2] INFO  commands.RetriableDatanodeEventWatcher (RetriableDatanodeEventWatcher.java:onTimeout(47)) - RetriableDatanodeCommand type=deleteBlocksCommand with id=1570292713866 timed out. Retrying.
2019-10-05 16:25:23,879 [pool-7-thread-2] INFO  commands.RetriableDatanodeEventWatcher (RetriableDatanodeEventWatcher.java:onTimeout(47)) - RetriableDatanodeCommand type=deleteBlocksCommand with id=1570292713935 timed out. Retrying.
2019-10-05 16:25:23,894 [pool-7-thread-2] INFO  commands.RetriableDatanodeEventWatcher (RetriableDatanodeEventWatcher.java:onTimeout(47)) - RetriableDatanodeCommand type=deleteBlocksCommand with id=1570292713876 timed out. Retrying.
2019-10-05 16:25:23,895 [pool-7-thread-2] INFO  commands.RetriableDatanodeEventWatcher (RetriableDatanodeEventWatcher.java:onTimeout(47)) - RetriableDatanodeCommand type=deleteBlocksCommand with id=1570292713945 timed out. Retrying.
2019-10-05 16:25:23,908 [SCMBlockDeletingService#0] DEBUG block.SCMBlockDeletingService (SCMBlockDeletingService.java:call(138)) - Running DeletedBlockTransactionScanner
2019-10-05 16:25:23,909 [SCMBlockDeletingService#0] DEBUG block.SCMBlockDeletingService (SCMBlockDeletingService.java:call(155)) - Scanned deleted blocks log and got 3 delTX to process.
2019-10-05 16:25:23,909 [SCMBlockDeletingService#0] DEBUG block.SCMBlockDeletingService (SCMBlockDeletingService.java:call(171)) - Added delete block command for datanode 29926ed2-d930-4601-9cf8-13a6494a0fce in the queue, number of delete block transactions: 3, TxID list: 1,2,3
2019-10-05 16:25:23,909 [SCMBlockDeletingService#0] INFO  block.SCMBlockDeletingService (SCMBlockDeletingService.java:call(182)) - Totally added 3 delete blocks command for 1 datanodes, task elapsed time: 1ms
2019-10-05 16:25:23,911 [pool-7-thread-2] INFO  commands.RetriableDatanodeEventWatcher (RetriableDatanodeEventWatcher.java:onTimeout(47)) - RetriableDatanodeCommand type=deleteBlocksCommand with id=1570292713886 timed out. Retrying.
2019-10-05 16:25:23,924 [pool-7-thread-2] INFO  commands.RetriableDatanodeEventWatcher (RetriableDatanodeEventWatcher.java:onTimeout(47)) - RetriableDatanodeCommand type=deleteBlocksCommand with id=1570292713896 timed out. Retrying.
2019-10-05 16:25:23,939 [pool-7-thread-2] INFO  commands.RetriableDatanodeEventWatcher (RetriableDatanodeEventWatcher.java:onTimeout(47)) - RetriableDatanodeCommand type=deleteBlocksCommand with id=1570292713906 timed out. Retrying.
2019-10-05 16:25:23,953 [pool-7-thread-2] INFO  commands.RetriableDatanodeEventWatcher (RetriableDatanodeEventWatcher.java:onTimeout(47)) - RetriableDatanodeCommand type=deleteBlocksCommand with id=1570292713916 timed out. Retrying.
2019-10-05 16:25:23,965 [pool-7-thread-2] INFO  commands.RetriableDatanodeEventWatcher (RetriableDatanodeEventWatcher.java:onTimeout(47)) - RetriableDatanodeCommand type=deleteBlocksCommand with id=1570292713857 timed out. Retrying.
2019-10-05 16:25:23,967 [pool-7-thread-2] INFO  commands.RetriableDatanodeEventWatcher (RetriableDatanodeEventWatcher.java:onTimeout(47)) - RetriableDatanodeCommand type=deleteBlocksCommand with id=1570292713926 timed out. Retrying.
2019-10-05 16:25:23,979 [pool-7-thread-2] INFO  commands.RetriableDatanodeEventWatcher (RetriableDatanodeEventWatcher.java:onTimeout(47)) - RetriableDatanodeCommand type=deleteBlocksCommand with id=1570292713867 timed out. Retrying.
2019-10-05 16:25:23,982 [pool-7-thread-2] INFO  commands.RetriableDatanodeEventWatcher (RetriableDatanodeEventWatcher.java:onTimeout(47)) - RetriableDatanodeCommand type=deleteBlocksCommand with id=1570292713936 timed out. Retrying.
2019-10-05 16:25:23,996 [pool-7-thread-2] INFO  commands.RetriableDatanodeEventWatcher (RetriableDatanodeEventWatcher.java:onTimeout(47)) - RetriableDatanodeCommand type=deleteBlocksCommand with id=1570292713877 timed out. Retrying.
2019-10-05 16:25:23,996 [pool-7-thread-2] INFO  commands.RetriableDatanodeEventWatcher (RetriableDatanodeEventWatcher.java:onTimeout(47)) - RetriableDatanodeCommand type=deleteBlocksCommand with id=1570292713946 timed out. Retrying.
2019-10-05 16:25:24,009 [pool-7-thread-2] INFO  commands.RetriableDatanodeEventWatcher (RetriableDatanodeEventWatcher.java:onTimeout(47)) - RetriableDatanodeCommand type=deleteBlocksCommand with id=1570292713887 timed out. Retrying.
2019-10-05 16:25:24,010 [SCMBlockDeletingService#1] DEBUG block.SCMBlockDeletingService (SCMBlockDeletingService.java:call(138)) - Running DeletedBlockTransactionScanner
2019-10-05 16:25:24,010 [SCMBlockDeletingService#1] DEBUG block.SCMBlockDeletingService (SCMBlockDeletingService.java:call(155)) - Scanned deleted blocks log and got 3 delTX to process.
2019-10-05 16:25:24,011 [SCMBlockDeletingService#1] DEBUG block.SCMBlockDeletingService (SCMBlockDeletingService.java:call(171)) - Added delete block command for datanode 29926ed2-d930-4601-9cf8-13a6494a0fce in the queue, number of delete block transactions: 3, TxID list: 1,2,3
2019-10-05 16:25:24,011 [SCMBlockDeletingService#1] INFO  block.SCMBlockDeletingService (SCMBlockDeletingService.java:call(182)) - Totally added 3 delete blocks command for 1 datanodes, task elapsed time: 1ms
2019-10-05 16:25:24,026 [pool-7-thread-2] INFO  commands.RetriableDatanodeEventWatcher (RetriableDatanodeEventWatcher.java:onTimeout(47)) - RetriableDatanodeCommand type=deleteBlocksCommand with id=1570292713897 timed out. Retrying.
2019-10-05 16:25:24,039 [pool-7-thread-2] INFO  commands.RetriableDatanodeEventWatcher (RetriableDatanodeEventWatcher.java:onTimeout(47)) - RetriableDatanodeCommand type=deleteBlocksCommand with id=1570292713907 timed out. Retrying.
2019-10-05 16:25:24,054 [pool-7-thread-2] INFO  commands.RetriableDatanodeEventWatcher (RetriableDatanodeEventWatcher.java:onTimeout(47)) - RetriableDatanodeCommand type=deleteBlocksCommand with id=1570292713917 timed out. Retrying.
2019-10-05 16:25:24,065 [pool-7-thread-2] INFO  commands.RetriableDatanodeEventWatcher (RetriableDatanodeEventWatcher.java:onTimeout(47)) - RetriableDatanodeCommand type=deleteBlocksCommand with id=1570292713858 timed out. Retrying.
2019-10-05 16:25:24,069 [pool-7-thread-2] INFO  commands.RetriableDatanodeEventWatcher (RetriableDatanodeEventWatcher.java:onTimeout(47)) - RetriableDatanodeCommand type=deleteBlocksCommand with id=1570292713927 timed out. Retrying.
2019-10-05 16:25:24,079 [pool-7-thread-2] INFO  commands.RetriableDatanodeEventWatcher (RetriableDatanodeEventWatcher.java:onTimeout(47)) - RetriableDatanodeCommand type=deleteBlocksCommand with id=1570292713868 timed out. Retrying.
2019-10-05 16:25:24,083 [pool-7-thread-2] INFO  commands.RetriableDatanodeEventWatcher (RetriableDatanodeEventWatcher.java:onTimeout(47)) - RetriableDatanodeCommand type=deleteBlocksCommand with id=1570292713937 timed out. Retrying.
2019-10-05 16:25:24,098 [pool-7-thread-2] INFO  commands.RetriableDatanodeEventWatcher (RetriableDatanodeEventWatcher.java:onTimeout(47)) - RetriableDatanodeCommand type=deleteBlocksCommand with id=1570292713947 timed out. Retrying.
2019-10-05 16:25:24,099 [pool-7-thread-1] INFO  commands.RetriableDatanodeEventWatcher (RetriableDatanodeEventWatcher.java:onTimeout(47)) - RetriableDatanodeCommand type=deleteBlocksCommand with id=1570292713878 timed out. Retrying.
2019-10-05 16:25:24,112 [SCMBlockDeletingService#1] DEBUG block.SCMBlockDeletingService (SCMBlockDeletingService.java:call(138)) - Running DeletedBlockTransactionScanner
2019-10-05 16:25:24,112 [SCMBlockDeletingService#1] DEBUG block.SCMBlockDeletingService (SCMBlockDeletingService.java:call(155)) - Scanned deleted blocks log and got 3 delTX to process.
2019-10-05 16:25:24,112 [pool-7-thread-1] INFO  commands.RetriableDatanodeEventWatcher (SCMBlockDeletingService.java:call(171)) - Added delete block command for datanode 29926ed2-d930-4601-9cf8-13a6494a0fce in the queue, number of delete block transactions: 3, TxID list: 1,2,3
2019-10-05 16:25:24,112 [pool-7-thread-1] INFO  commands.RetriableDatanodeEventWatcher (RetriableDatanodeEventWatcher.java:onTimeout(47)) - RetriableDatanodeCommand type=deleteBlocksCommand with id=1570292713888 timed out. Retrying.
2019-10-05 16:25:24,113 [SCMBlockDeletingService#1] INFO  block.SCMBlockDeletingService (SCMBlockDeletingService.java:call(182)) - Totally added 3 delete blocks command for 1 datanodes, task elapsed time: 1ms
2019-10-05 16:25:24,127 [pool-7-thread-1] INFO  commands.RetriableDatanodeEventWatcher (RetriableDatanodeEventWatcher.java:onTimeout(47)) - RetriableDatanodeCommand type=deleteBlocksCommand with id=1570292713898 timed out. Retrying.
2019-10-05 16:25:24,142 [pool-7-thread-1] INFO  commands.RetriableDatanodeEventWatcher (RetriableDatanodeEventWatcher.java:onTimeout(47)) - RetriableDatanodeCommand type=deleteBlocksCommand with id=1570292713908 timed out. Retrying.
2019-10-05 16:25:24,155 [pool-7-thread-1] INFO  commands.RetriableDatanodeEventWatcher (RetriableDatanodeEventWatcher.java:onTimeout(47)) - RetriableDatanodeCommand type=deleteBlocksCommand with id=1570292713918 timed out. Retrying.
2019-10-05 16:25:24,168 [pool-7-thread-1] INFO  commands.RetriableDatanodeEventWatcher (RetriableDatanodeEventWatcher.java:onTimeout(47)) - RetriableDatanodeCommand type=deleteBlocksCommand with id=1570292713859 timed out. Retrying.
2019-10-05 16:25:24,170 [pool-7-thread-1] INFO  commands.RetriableDatanodeEventWatcher (RetriableDatanodeEventWatcher.java:onTimeout(47)) - RetriableDatanodeCommand type=deleteBlocksCommand with id=1570292713928 timed out. Retrying.
2019-10-05 16:25:24,182 [pool-7-thread-1] INFO  commands.RetriableDatanodeEventWatcher (RetriableDatanodeEventWatcher.java:onTimeout(47)) - RetriableDatanodeCommand type=deleteBlocksCommand with id=1570292713869 timed out. Retrying.
2019-10-05 16:25:24,185 [pool-7-thread-1] INFO  commands.RetriableDatanodeEventWatcher (RetriableDatanodeEventWatcher.java:onTimeout(47)) - RetriableDatanodeCommand type=deleteBlocksCommand with id=1570292713938 timed out. Retrying.
2019-10-05 16:25:24,199 [pool-7-thread-1] INFO  commands.RetriableDatanodeEventWatcher (RetriableDatanodeEventWatcher.java:onTimeout(47)) - RetriableDatanodeCommand type=deleteBlocksCommand with id=1570292713948 timed out. Retrying.
2019-10-05 16:25:24,199 [pool-7-thread-2] INFO  commands.RetriableDatanodeEventWatcher (RetriableDatanodeEventWatcher.java:onTimeout(47)) - RetriableDatanodeCommand type=deleteBlocksCommand with id=1570292713879 timed out. Retrying.
2019-10-05 16:25:24,212 [pool-7-thread-2] INFO  commands.RetriableDatanodeEventWatcher (RetriableDatanodeEventWatcher.java:onTimeout(47)) - RetriableDatanodeCommand type=deleteBlocksCommand with id=1570292713889 timed out. Retrying.
2019-10-05 16:25:24,213 [SCMBlockDeletingService#1] DEBUG block.SCMBlockDeletingService (SCMBlockDeletingService.java:call(138)) - Running DeletedBlockTransactionScanner
2019-10-05 16:25:24,213 [SCMBlockDeletingService#1] DEBUG block.SCMBlockDeletingService (SCMBlockDeletingService.java:call(155)) - Scanned deleted blocks log and got 3 delTX to process.
2019-10-05 16:25:24,214 [SCMBlockDeletingService#1] DEBUG block.SCMBlockDeletingService (SCMBlockDeletingService.java:call(171)) - Added delete block command for datanode 29926ed2-d930-4601-9cf8-13a6494a0fce in the queue, number of delete block transactions: 3, TxID list: 1,2,3
2019-10-05 16:25:24,214 [SCMBlockDeletingService#1] INFO  block.SCMBlockDeletingService (SCMBlockDeletingService.java:call(182)) - Totally added 3 delete blocks command for 1 datanodes, task elapsed time: 1ms
2019-10-05 16:25:24,229 [pool-7-thread-2] INFO  commands.RetriableDatanodeEventWatcher (RetriableDatanodeEventWatcher.java:onTimeout(47)) - RetriableDatanodeCommand type=deleteBlocksCommand with id=1570292713899 timed out. Retrying.
2019-10-05 16:25:24,241 [pool-7-thread-2] INFO  commands.RetriableDatanodeEventWatcher (RetriableDatanodeEventWatcher.java:onTimeout(47)) - RetriableDatanodeCommand type=deleteBlocksCommand with id=1570292713909 timed out. Retrying.
2019-10-05 16:25:24,257 [pool-7-thread-2] INFO  commands.RetriableDatanodeEventWatcher (RetriableDatanodeEventWatcher.java:onTimeout(47)) - RetriableDatanodeCommand type=deleteBlocksCommand with id=1570292713919 timed out. Retrying.
2019-10-05 16:25:24,269 [pool-7-thread-2] INFO  commands.RetriableDatanodeEventWatcher (RetriableDatanodeEventWatcher.java:onTimeout(47)) - RetriableDatanodeCommand type=deleteBlocksCommand with id=1570292713860 timed out. Retrying.
2019-10-05 16:25:24,272 [pool-7-thread-2] INFO  commands.RetriableDatanodeEventWatcher (RetriableDatanodeEventWatcher.java:onTimeout(47)) - RetriableDatanodeCommand type=deleteBlocksCommand with id=1570292713929 timed out. Retrying.
2019-10-05 16:25:24,284 [pool-7-thread-2] INFO  commands.RetriableDatanodeEventWatcher (RetriableDatanodeEventWatcher.java:onTimeout(47)) - RetriableDatanodeCommand type=deleteBlocksCommand with id=1570292713870 timed out. Retrying.
2019-10-05 16:25:24,285 [pool-7-thread-2] INFO  commands.RetriableDatanodeEventWatcher (RetriableDatanodeEventWatcher.java:onTimeout(47)) - RetriableDatanodeCommand type=deleteBlocksCommand with id=1570292713939 timed out. Retrying.
2019-10-05 16:25:24,301 [pool-7-thread-1] INFO  commands.RetriableDatanodeEventWatcher (RetriableDatanodeEventWatcher.java:onTimeout(47)) - RetriableDatanodeCommand type=deleteBlocksCommand with id=1570292713880 timed out. Retrying.
2019-10-05 16:25:24,301 [pool-7-thread-2] INFO  commands.RetriableDatanodeEventWatcher (RetriableDatanodeEventWatcher.java:onTimeout(47)) - RetriableDatanodeCommand type=deleteBlocksCommand with id=1570292713949 timed out. Retrying.
2019-10-05 16:25:24,314 [SCMBlockDeletingService#1] DEBUG block.SCMBlockDeletingService (SCMBlockDeletingService.java:call(138)) - Running DeletedBlockTransactionScanner
2019-10-05 16:25:24,315 [SCMBlockDeletingService#1] DEBUG block.SCMBlockDeletingService (SCMBlockDeletingService.java:call(155)) - Scanned deleted blocks log and got 3 delTX to process.
2019-10-05 16:25:24,315 [SCMBlockDeletingService#1] DEBUG block.SCMBlockDeletingService (SCMBlockDeletingService.java:call(171)) - Added delete block command for datanode 29926ed2-d930-4601-9cf8-13a6494a0fce in the queue, number of delete block transactions: 3, TxID list: 1,2,3
2019-10-05 16:25:24,315 [SCMBlockDeletingService#1] INFO  block.SCMBlockDeletingService (SCMBlockDeletingService.java:call(182)) - Totally added 3 delete blocks command for 1 datanodes, task elapsed time: 1ms
2019-10-05 16:25:24,317 [pool-7-thread-2] INFO  commands.RetriableDatanodeEventWatcher (RetriableDatanodeEventWatcher.java:onTimeout(47)) - RetriableDatanodeCommand type=deleteBlocksCommand with id=1570292713890 timed out. Retrying.
2019-10-05 16:25:24,329 [pool-7-thread-2] INFO  commands.RetriableDatanodeEventWatcher (RetriableDatanodeEventWatcher.java:onTimeout(47)) - RetriableDatanodeCommand type=deleteBlocksCommand with id=1570292713900 timed out. Retrying.
2019-10-05 16:25:24,345 [pool-7-thread-2] INFO  commands.RetriableDatanodeEventWatcher (RetriableDatanodeEventWatcher.java:onTimeout(47)) - RetriableDatanodeCommand type=deleteBlocksCommand with id=1570292713910 timed out. Retrying.
2019-10-05 16:25:24,360 [pool-7-thread-2] INFO  commands.RetriableDatanodeEventWatcher (RetriableDatanodeEventWatcher.java:onTimeout(47)) - RetriableDatanodeCommand type=deleteBlocksCommand with id=1570292713920 timed out. Retrying.
2019-10-05 16:25:24,371 [pool-7-thread-2] INFO  commands.RetriableDatanodeEventWatcher (RetriableDatanodeEventWatcher.java:onTimeout(47)) - RetriableDatanodeCommand type=deleteBlocksCommand with id=1570292713861 timed out. Retrying.
2019-10-05 16:25:24,373 [pool-7-thread-2] INFO  commands.RetriableDatanodeEventWatcher (RetriableDatanodeEventWatcher.java:onTimeout(47)) - RetriableDatanodeCommand type=deleteBlocksCommand with id=1570292713930 timed out. Retrying.
2019-10-05 16:25:24,386 [pool-7-thread-2] INFO  commands.RetriableDatanodeEventWatcher (RetriableDatanodeEventWatcher.java:onTimeout(47)) - RetriableDatanodeCommand type=deleteBlocksCommand with id=1570292713871 timed out. Retrying.
2019-10-05 16:25:24,388 [pool-7-thread-2] INFO  commands.RetriableDatanodeEventWatcher (RetriableDatanodeEventWatcher.java:onTimeout(47)) - RetriableDatanodeCommand type=deleteBlocksCommand with id=1570292713940 timed out. Retrying.
2019-10-05 16:25:24,402 [pool-7-thread-2] INFO  commands.RetriableDatanodeEventWatcher (RetriableDatanodeEventWatcher.java:onTimeout(47)) - RetriableDatanodeCommand type=deleteBlocksCommand with id=1570292713950 timed out. Retrying.
2019-10-05 16:25:24,402 [pool-7-thread-1] INFO  commands.RetriableDatanodeEventWatcher (RetriableDatanodeEventWatcher.java:onTimeout(47)) - RetriableDatanodeCommand type=deleteBlocksCommand with id=1570292713881 timed out. Retrying.
2019-10-05 16:25:24,416 [SCMBlockDeletingService#1] DEBUG block.SCMBlockDeletingService (RetriableDatanodeEventWatcher.java:onTimeout(47)) - RetriableDatanodeCommand type=deleteBlocksCommand with id=1570292713891 timed out. Retrying.
SCMBlockDeletingService.java:call(138)) - Running DeletedBlockTransactionScanner
2019-10-05 16:25:24,416 [pool-7-thread-1] INFO  commands.RetriableDatanodeEventWatcher (RetriableDatanodeEventWatcher.java:onTimeout(47)) - RetriableDatanodeCommand type=deleteBlocksCommand with id=1570292713891 timed out. Retrying.
2019-10-05 16:25:24,416 [SCMBlockDeletingService#1] DEBUG block.SCMBlockDeletingService (SCMBlockDeletingService.java:call(155)) - Scanned deleted blocks log and got 3 delTX to process.
2019-10-05 16:25:24,416 [SCMBlockDeletingService#1] DEBUG block.SCMBlockDeletingService (SCMBlockDeletingService.java:call(171)) - Added delete block command for datanode 29926ed2-d930-4601-9cf8-13a6494a0fce in the queue, number of delete block transactions: 3, TxID list: 1,2,3
2019-10-05 16:25:24,417 [SCMBlockDeletingService#1] INFO  block.SCMBlockDeletingService (SCMBlockDeletingService.java:call(182)) - Totally added 3 delete blocks command for 1 datanodes, task elapsed time: 1ms
2019-10-05 16:25:24,430 [pool-7-thread-1] INFO  commands.RetriableDatanodeEventWatcher (RetriableDatanodeEventWatcher.java:onTimeout(47)) - RetriableDatanodeCommand type=deleteBlocksCommand with id=1570292713901 timed out. Retrying.
2019-10-05 16:25:24,447 [pool-7-thread-1] INFO  commands.RetriableDatanodeEventWatcher (RetriableDatanodeEventWatcher.java:onTimeout(47)) - RetriableDatanodeCommand type=deleteBlocksCommand with id=1570292713911 timed out. Retrying.
2019-10-05 16:25:24,460 [pool-7-thread-1] INFO  commands.RetriableDatanodeEventWatcher (RetriableDatanodeEventWatcher.java:onTimeout(47)) - RetriableDatanodeCommand type=deleteBlocksCommand with id=1570292713921 timed out. Retrying.
2019-10-05 16:25:24,473 [pool-7-thread-1] INFO  commands.RetriableDatanodeEventWatcher (RetriableDatanodeEventWatcher.java:onTimeout(47)) - RetriableDatanodeCommand type=deleteBlocksCommand with id=1570292713862 timed out. Retrying.
2019-10-05 16:25:24,474 [pool-7-thread-1] INFO  commands.RetriableDatanodeEventWatcher (RetriableDatanodeEventWatcher.java:onTimeout(47)) - RetriableDatanodeCommand type=deleteBlocksCommand with id=1570292713931 timed out. Retrying.
2019-10-05 16:25:24,487 [pool-7-thread-1] INFO  commands.RetriableDatanodeEventWatcher (RetriableDatanodeEventWatcher.java:onTimeout(47)) - RetriableDatanodeCommand type=deleteBlocksCommand with id=1570292713872 timed out. Retrying.
2019-10-05 16:25:24,489 [pool-7-thread-1] INFO  commands.RetriableDatanodeEventWatcher (RetriableDatanodeEventWatcher.java:onTimeout(47)) - RetriableDatanodeCommand type=deleteBlocksCommand with id=1570292713941 timed out. Retrying.
2019-10-05 16:25:24,504 [pool-7-thread-1] INFO  commands.RetriableDatanodeEventWatcher (RetriableDatanodeEventWatcher.java:onTimeout(47)) - RetriableDatanodeCommand type=deleteBlocksCommand with id=1570292713951 timed out. Retrying.
2019-10-05 16:25:24,505 [pool-7-thread-2] INFO  commands.RetriableDatanodeEventWatcher (RetriableDatanodeEventWatcher.java:onTimeout(47)) - RetriableDatanodeCommand type=deleteBlocksCommand with id=1570292713882 timed out. Retrying.
2019-10-05 16:25:24,517 [SCMBlockDeletingService#1] DEBUG block.SCMBlockDeletingService (SCMBlockDeletingService.java:call(138)) - Running DeletedBlockTransactionScanner
2019-10-05 16:25:24,518 [SCMBlockDeletingService#1] DEBUG block.SCMBlockDeletingService (SCMBlockDeletingService.java:call(155)) - Scanned deleted blocks log and got 3 delTX to process.
2019-10-05 16:25:24,518 [SCMBlockDeletingService#1] DEBUG block.SCMBlockDeletingService (SCMBlockDeletingService.java:call(171)) - Added delete block command for datanode 29926ed2-d930-4601-9cf8-13a6494a0fce in the queue, number of delete block transactions: 3, TxID list: 1,2,3
2019-10-05 16:25:24,518 [SCMBlockDeletingService#1] INFO  block.SCMBlockDeletingService (SCMBlockDeletingService.java:call(182)) - Totally added 3 delete blocks command for 1 datanodes, task elapsed time: 1ms
2019-10-05 16:25:24,519 [pool-7-thread-2] INFO  commands.RetriableDatanodeEventWatcher (RetriableDatanodeEventWatcher.java:onTimeout(47)) - RetriableDatanodeCommand type=deleteBlocksCommand with id=1570292713892 timed out. Retrying.
2019-10-05 16:25:24,532 [pool-7-thread-2] INFO  commands.RetriableDatanodeEventWatcher (RetriableDatanodeEventWatcher.java:onTimeout(47)) - RetriableDatanodeCommand type=deleteBlocksCommand with id=1570292713902 timed out. Retrying.
2019-10-05 16:25:24,548 [pool-7-thread-2] INFO  commands.RetriableDatanodeEventWatcher (RetriableDatanodeEventWatcher.java:onTimeout(47)) - RetriableDatanodeCommand type=deleteBlocksCommand with id=1570292713912 timed out. Retrying.
2019-10-05 16:25:24,560 [pool-7-thread-2] INFO  commands.RetriableDatanodeEventWatcher (RetriableDatanodeEventWatcher.java:onTimeout(47)) - RetriableDatanodeCommand type=deleteBlocksCommand with id=1570292713922 timed out. Retrying.
2019-10-05 16:25:24,574 [pool-7-thread-2] INFO  commands.RetriableDatanodeEventWatcher (RetriableDatanodeEventWatcher.java:onTimeout(47)) - RetriableDatanodeCommand type=deleteBlocksCommand with id=1570292713863 timed out. Retrying.
2019-10-05 16:25:24,574 [pool-7-thread-2] INFO  commands.RetriableDatanodeEventWatcher (RetriableDatanodeEventWatcher.java:onTimeout(47)) - RetriableDatanodeCommand type=deleteBlocksCommand with id=1570292713932 timed out. Retrying.
2019-10-05 16:25:24,590 [pool-7-thread-2] INFO  commands.RetriableDatanodeEventWatcher (RetriableDatanodeEventWatcher.java:onTimeout(47)) - RetriableDatanodeCommand type=deleteBlocksCommand with id=1570292713873 timed out. Retrying.
2019-10-05 16:25:24,591 [pool-7-thread-2] INFO  commands.RetriableDatanodeEventWatcher (RetriableDatanodeEventWatcher.java:onTimeout(47)) - RetriableDatanodeCommand type=deleteBlocksCommand with id=1570292713942 timed out. Retrying.
2019-10-05 16:25:24,605 [pool-7-thread-2] INFO  commands.RetriableDatanodeEventWatcher (RetriableDatanodeEventWatcher.java:onTimeout(47)) - RetriableDatanodeCommand type=deleteBlocksCommand with id=1570292713952 timed out. Retrying.
2019-10-05 16:25:24,605 [pool-7-thread-1] INFO  commands.RetriableDatanodeEventWatcher (RetriableDatanodeEventWatcher.java:onTimeout(47)) - RetriableDatanodeCommand type=deleteBlocksCommand with id=1570292713883 timed out. Retrying.
2019-10-05 16:25:24,618 [pool-7-thread-1] INFO  commands.RetriableDatanodeEventWatcher (RetriableDatanodeEventWatcher.java:onTimeout(47)) - RetriableDatanodeCommand type=deleteBlocksCommand with id=1570292713893 timed out. Retrying.
2019-10-05 16:25:24,619 [SCMBlockDeletingService#1] DEBUG block.SCMBlockDeletingService (SCMBlockDeletingService.java:call(138)) - Running DeletedBlockTransactionScanner
2019-10-05 16:25:24,619 [SCMBlockDeletingService#1] DEBUG block.SCMBlockDeletingService (SCMBlockDeletingService.java:call(155)) - Scanned deleted blocks log and got 3 delTX to process.
2019-10-05 16:25:24,619 [SCMBlockDeletingService#1] DEBUG block.SCMBlockDeletingService (SCMBlockDeletingService.java:call(171)) - Added delete block command for datanode 29926ed2-d930-4601-9cf8-13a6494a0fce in the queue, number of delete block transactions: 3, TxID list: 1,2,3
2019-10-05 16:25:24,619 [SCMBlockDeletingService#1] INFO  block.SCMBlockDeletingService (SCMBlockDeletingService.java:call(182)) - Totally added 3 delete blocks command for 1 datanodes, task elapsed time: 1ms
2019-10-05 16:25:24,635 [pool-7-thread-1] INFO  commands.RetriableDatanodeEventWatcher (RetriableDatanodeEventWatcher.java:onTimeout(47)) - RetriableDatanodeCommand type=deleteBlocksCommand with id=1570292713903 timed out. Retrying.
2019-10-05 16:25:24,649 [pool-7-thread-1] INFO  commands.RetriableDatanodeEventWatcher (RetriableDatanodeEventWatcher.java:onTimeout(47)) - RetriableDatanodeCommand type=deleteBlocksCommand with id=1570292713913 timed out. Retrying.
2019-10-05 16:25:24,661 [pool-7-thread-1] INFO  commands.RetriableDatanodeEventWatcher (RetriableDatanodeEventWatcher.java:onTimeout(47)) - RetriableDatanodeCommand type=deleteBlocksCommand with id=1570292713923 timed out. Retrying.
2019-10-05 16:25:24,679 [pool-7-thread-1] INFO  commands.RetriableDatanodeEventWatcher (RetriableDatanodeEventWatcher.java:onTimeout(47)) - RetriableDatanodeCommand type=deleteBlocksCommand with id=1570292713933 timed out. Retrying.
2019-10-05 16:25:24,679 [pool-7-thread-2] INFO  commands.RetriableDatanodeEventWatcher (RetriableDatanodeEventWatcher.java:onTimeout(47)) - RetriableDatanodeCommand type=deleteBlocksCommand with id=1570292713864 timed out. Retrying.
2019-10-05 16:25:24,683 [main] INFO  ozone.MiniOzoneClusterImpl (MiniOzoneClusterImpl.java:lambda$waitForClusterToBeReady$0(147)) - Waiting for cluster to be ready. Got 0 of 1 DN Heartbeats.
2019-10-05 16:25:24,689 [pool-7-thread-2] INFO  commands.RetriableDatanodeEventWatcher (RetriableDatanodeEventWatcher.java:onTimeout(47)) - RetriableDatanodeCommand type=deleteBlocksCommand with id=1570292713874 timed out. Retrying.
2019-10-05 16:25:24,693 [pool-7-thread-2] INFO  commands.RetriableDatanodeEventWatcher (RetriableDatanodeEventWatcher.java:onTimeout(47)) - RetriableDatanodeCommand type=deleteBlocksCommand with id=1570292713943 timed out. Retrying.
2019-10-05 16:25:24,705 [pool-7-thread-2] INFO  commands.RetriableDatanodeEventWatcher (RetriableDatanodeEventWatcher.java:onTimeout(47)) - RetriableDatanodeCommand type=deleteBlocksCommand with id=1570292713884 timed out. Retrying.
2019-10-05 16:25:24,707 [pool-7-thread-2] INFO  commands.RetriableDatanodeEventWatcher (RetriableDatanodeEventWatcher.java:onTimeout(47)) - RetriableDatanodeCommand type=deleteBlocksCommand with id=1570292713953 timed out. Retrying.
2019-10-05 16:25:24,720 [SCMBlockDeletingService#1] DEBUG block.SCMBlockDeletingService (SCMBlockDeletingService.java:call(138)) - Running DeletedBlockTransactionScanner
2019-10-05 16:25:24,720 [SCMBlockDeletingService#1] DEBUG block.SCMBlockDeletingService (SCMBlockDeletingService.java:call(155)) - Scanned deleted blocks log and got 3 delTX to process.
2019-10-05 16:25:24,721 [SCMBlockDeletingService#1] DEBUG block.SCMBlockDeletingService (SCMBlockDeletingService.java:call(171)) - Added delete block command for datanode 29926ed2-d930-4601-9cf8-13a6494a0fce in the queue, number of delete block transactions: 3, TxID list: 1,2,3
2019-10-05 16:25:24,721 [SCMBlockDeletingService#1] INFO  block.SCMBlockDeletingService (SCMBlockDeletingService.java:call(182)) - Totally added 3 delete blocks command for 1 datanodes, task elapsed time: 1ms
2019-10-05 16:25:24,722 [pool-7-thread-2] INFO  commands.RetriableDatanodeEventWatcher (RetriableDatanodeEventWatcher.java:onTimeout(47)) - RetriableDatanodeCommand type=deleteBlocksCommand with id=1570292713894 timed out. Retrying.
2019-10-05 16:25:24,736 [pool-7-thread-2] INFO  commands.RetriableDatanodeEventWatcher (RetriableDatanodeEventWatcher.java:onTimeout(47)) - RetriableDatanodeCommand type=deleteBlocksCommand with id=1570292713904 timed out. Retrying.
2019-10-05 16:25:24,751 [pool-7-thread-2] INFO  commands.RetriableDatanodeEventWatcher (RetriableDatanodeEventWatcher.java:onTimeout(47)) - RetriableDatanodeCommand type=deleteBlocksCommand with id=1570292713914 timed out. Retrying.
2019-10-05 16:25:24,765 [pool-7-thread-2] INFO  commands.RetriableDatanodeEventWatcher (RetriableDatanodeEventWatcher.java:onTimeout(47)) - RetriableDatanodeCommand type=deleteBlocksCommand with id=1570292713924 timed out. Retrying.
2019-10-05 16:25:24,777 [pool-7-thread-2] INFO  commands.RetriableDatanodeEventWatcher (RetriableDatanodeEventWatcher.java:onTimeout(47)) - RetriableDatanodeCommand type=deleteBlocksCommand with id=1570292713865 timed out. Retrying.
2019-10-05 16:25:24,779 [pool-7-thread-2] INFO  commands.RetriableDatanodeEventWatcher (RetriableDatanodeEventWatcher.java:onTimeout(47)) - RetriableDatanodeCommand type=deleteBlocksCommand with id=1570292713934 timed out. Retrying.
2019-10-05 16:25:24,792 [pool-7-thread-2] INFO  commands.RetriableDatanodeEventWatcher (RetriableDatanodeEventWatcher.java:onTimeout(47)) - RetriableDatanodeCommand type=deleteBlocksCommand with id=1570292713875 timed out. Retrying.
2019-10-05 16:25:24,794 [pool-7-thread-2] INFO  commands.RetriableDatanodeEventWatcher (RetriableDatanodeEventWatcher.java:onTimeout(47)) - RetriableDatanodeCommand type=deleteBlocksCommand with id=1570292713944 timed out. Retrying.
2019-10-05 16:25:24,808 [pool-7-thread-2] INFO  commands.RetriableDatanodeEventWatcher (RetriableDatanodeEventWatcher.java:onTimeout(47)) - RetriableDatanodeCommand type=deleteBlocksCommand with id=1570292713954 timed out. Retrying.
2019-10-05 16:25:24,810 [pool-7-thread-2] INFO  commands.RetriableDatanodeEventWatcher (RetriableDatanodeEventWatcher.java:onTimeout(47)) - RetriableDatanodeCommand type=deleteBlocksCommand with id=1570292713885 timed out. Retrying.
2019-10-05 16:25:24,821 [SCMBlockDeletingService#1] DEBUG block.SCMBlockDeletingService (SCMBlockDeletingService.java:call(138)) - Running DeletedBlockTransactionScanner
2019-10-05 16:25:24,822 [SCMBlockDeletingService#1] DEBUG block.SCMBlockDeletingService (RetriableDatanodeEventWatcher.java:onTimeout(47)) - RetriableDatanodeCommand type=deleteBlocksCommand with id=1570292713895 timed out. Retrying.
SCMBlockDeletingService.java:call(155)) - Scanned deleted blocks log and got 3 delTX to process.
2019-10-05 16:25:24,822 [pool-7-thread-2] INFO  commands.RetriableDatanodeEventWatcher (RetriableDatanodeEventWatcher.java:onTimeout(47)) - RetriableDatanodeCommand type=deleteBlocksCommand with id=1570292713895 timed out. Retrying.
2019-10-05 16:25:24,822 [SCMBlockDeletingService#1] DEBUG block.SCMBlockDeletingService (SCMBlockDeletingService.java:call(171)) - Added delete block command for datanode 29926ed2-d930-4601-9cf8-13a6494a0fce in the queue, number of delete block transactions: 3, TxID list: 1,2,3
2019-10-05 16:25:24,822 [SCMBlockDeletingService#1] INFO  block.SCMBlockDeletingService (SCMBlockDeletingService.java:call(182)) - Totally added 3 delete blocks command for 1 datanodes, task elapsed time: 1ms
2019-10-05 16:25:24,837 [pool-7-thread-2] INFO  commands.RetriableDatanodeEventWatcher (RetriableDatanodeEventWatcher.java:onTimeout(47)) - RetriableDatanodeCommand type=deleteBlocksCommand with id=1570292713905 timed out. Retrying.
2019-10-05 16:25:24,854 [pool-7-thread-2] INFO  commands.RetriableDatanodeEventWatcher (RetriableDatanodeEventWatcher.java:onTimeout(47)) - RetriableDatanodeCommand type=deleteBlocksCommand with id=1570292713915 timed out. Retrying.
2019-10-05 16:25:24,866 [pool-7-thread-2] INFO  commands.RetriableDatanodeEventWatcher (RetriableDatanodeEventWatcher.java:onTimeout(47)) - RetriableDatanodeCommand type=deleteBlocksCommand with id=1570292713925 timed out. Retrying.
2019-10-05 16:25:24,867 [pool-7-thread-1] INFO  commands.RetriableDatanodeEventWatcher (RetriableDatanodeEventWatcher.java:onTimeout(47)) - RetriableDatanodeCommand type=deleteBlocksCommand with id=1570292713856 timed out. Retrying.
2019-10-05 16:25:24,880 [pool-7-thread-1] INFO  commands.RetriableDatanodeEventWatcher (RetriableDatanodeEventWatcher.java:onTimeout(47)) - RetriableDatanodeCommand type=deleteBlocksCommand with id=1570292713935 timed out. Retrying.
2019-10-05 16:25:24,880 [pool-7-thread-2] INFO  commands.RetriableDatanodeEventWatcher (RetriableDatanodeEventWatcher.java:onTimeout(47)) - RetriableDatanodeCommand type=deleteBlocksCommand with id=1570292713866 timed out. Retrying.
2019-10-05 16:25:24,894 [pool-7-thread-2] INFO  commands.RetriableDatanodeEventWatcher (RetriableDatanodeEventWatcher.java:onTimeout(47)) - RetriableDatanodeCommand type=deleteBlocksCommand with id=1570292713876 timed out. Retrying.
2019-10-05 16:25:24,896 [pool-7-thread-2] INFO  commands.RetriableDatanodeEventWatcher (RetriableDatanodeEventWatcher.java:onTimeout(47)) - RetriableDatanodeCommand type=deleteBlocksCommand with id=1570292713945 timed out. Retrying.
2019-10-05 16:25:24,909 [pool-7-thread-2] INFO  commands.RetriableDatanodeEventWatcher (RetriableDatanodeEventWatcher.java:onTimeout(47)) - RetriableDatanodeCommand type=deleteBlocksCommand with id=1570292713955 timed out. Retrying.
2019-10-05 16:25:24,912 [pool-7-thread-2] INFO  commands.RetriableDatanodeEventWatcher (RetriableDatanodeEventWatcher.java:onTimeout(47)) - RetriableDatanodeCommand type=deleteBlocksCommand with id=1570292713886 timed out. Retrying.
2019-10-05 16:25:24,923 [SCMBlockDeletingService#1] DEBUG block.SCMBlockDeletingService (SCMBlockDeletingService.java:call(138)) - Running DeletedBlockTransactionScanner
2019-10-05 16:25:24,923 [SCMBlockDeletingService#1] DEBUG block.SCMBlockDeletingService (SCMBlockDeletingService.java:call(155)) - Scanned deleted blocks log and got 3 delTX to process.
2019-10-05 16:25:24,923 [SCMBlockDeletingService#1] DEBUG block.SCMBlockDeletingService (SCMBlockDeletingService.java:call(171)) - Added delete block command for datanode 29926ed2-d930-4601-9cf8-13a6494a0fce in the queue, number of delete block transactions: 3, TxID list: 1,2,3
2019-10-05 16:25:24,923 [SCMBlockDeletingService#1] INFO  block.SCMBlockDeletingService (RetriableDatanodeEventWatcher.java:onTimeout(47)) - RetriableDatanodeCommand type=deleteBlocksCommand with id=1570292713896 timed out. Retrying.
SCMBlockDeletingService.java:call(182)) - Totally added 3 delete blocks command for 1 datanodes, task elapsed time: 1ms
2019-10-05 16:25:24,923 [pool-7-thread-2] INFO  commands.RetriableDatanodeEventWatcher (RetriableDatanodeEventWatcher.java:onTimeout(47)) - RetriableDatanodeCommand type=deleteBlocksCommand with id=1570292713896 timed out. Retrying.
2019-10-05 16:25:24,940 [pool-7-thread-2] INFO  commands.RetriableDatanodeEventWatcher (RetriableDatanodeEventWatcher.java:onTimeout(47)) - RetriableDatanodeCommand type=deleteBlocksCommand with id=1570292713906 timed out. Retrying.
2019-10-05 16:25:24,953 [pool-7-thread-2] INFO  commands.RetriableDatanodeEventWatcher (RetriableDatanodeEventWatcher.java:onTimeout(47)) - RetriableDatanodeCommand type=deleteBlocksCommand with id=1570292713916 timed out. Retrying.
2019-10-05 16:25:24,966 [pool-7-thread-2] INFO  commands.RetriableDatanodeEventWatcher (RetriableDatanodeEventWatcher.java:onTimeout(47)) - RetriableDatanodeCommand type=deleteBlocksCommand with id=1570292713857 timed out. Retrying.
2019-10-05 16:25:24,967 [pool-7-thread-2] INFO  commands.RetriableDatanodeEventWatcher (RetriableDatanodeEventWatcher.java:onTimeout(47)) - RetriableDatanodeCommand type=deleteBlocksCommand with id=1570292713926 timed out. Retrying.
2019-10-05 16:25:24,980 [pool-7-thread-2] INFO  commands.RetriableDatanodeEventWatcher (RetriableDatanodeEventWatcher.java:onTimeout(47)) - RetriableDatanodeCommand type=deleteBlocksCommand with id=1570292713867 timed out. Retrying.
2019-10-05 16:25:24,982 [pool-7-thread-2] INFO  commands.RetriableDatanodeEventWatcher (RetriableDatanodeEventWatcher.java:onTimeout(47)) - RetriableDatanodeCommand type=deleteBlocksCommand with id=1570292713936 timed out. Retrying.
2019-10-05 16:25:24,997 [pool-7-thread-2] INFO  commands.RetriableDatanodeEventWatcher (RetriableDatanodeEventWatcher.java:onTimeout(47)) - RetriableDatanodeCommand type=deleteBlocksCommand with id=1570292713946 timed out. Retrying.
2019-10-05 16:25:24,997 [pool-7-thread-1] INFO  commands.RetriableDatanodeEventWatcher (RetriableDatanodeEventWatcher.java:onTimeout(47)) - RetriableDatanodeCommand type=deleteBlocksCommand with id=1570292713877 timed out. Retrying.
2019-10-05 16:25:25,009 [pool-7-thread-1] INFO  commands.RetriableDatanodeEventWatcher (RetriableDatanodeEventWatcher.java:onTimeout(47)) - RetriableDatanodeCommand type=deleteBlocksCommand with id=1570292713887 timed out. Retrying.
2019-10-05 16:25:25,011 [pool-7-thread-1] INFO  commands.RetriableDatanodeEventWatcher (RetriableDatanodeEventWatcher.java:onTimeout(47)) - RetriableDatanodeCommand type=deleteBlocksCommand with id=1570292713956 timed out. Retrying.
2019-10-05 16:25:25,024 [SCMBlockDeletingService#0] DEBUG block.SCMBlockDeletingService (SCMBlockDeletingService.java:call(138)) - Running DeletedBlockTransactionScanner
2019-10-05 16:25:25,024 [SCMBlockDeletingService#0] DEBUG block.SCMBlockDeletingService (SCMBlockDeletingService.java:call(155)) - Scanned deleted blocks log and got 3 delTX to process.
2019-10-05 16:25:25,025 [SCMBlockDeletingService#0] DEBUG block.SCMBlockDeletingService (SCMBlockDeletingService.java:call(171)) - Added delete block command for datanode 29926ed2-d930-4601-9cf8-13a6494a0fce in the queue, number of delete block transactions: 3, TxID list: 1,2,3
2019-10-05 16:25:25,025 [SCMBlockDeletingService#0] INFO  block.SCMBlockDeletingService (SCMBlockDeletingService.java:call(182)) - Totally added 3 delete blocks command for 1 datanodes, task elapsed time: 1ms
2019-10-05 16:25:25,026 [pool-7-thread-1] INFO  commands.RetriableDatanodeEventWatcher (RetriableDatanodeEventWatcher.java:onTimeout(47)) - RetriableDatanodeCommand type=deleteBlocksCommand with id=1570292713897 timed out. Retrying.
2019-10-05 16:25:25,040 [pool-7-thread-1] INFO  commands.RetriableDatanodeEventWatcher (RetriableDatanodeEventWatcher.java:onTimeout(47)) - RetriableDatanodeCommand type=deleteBlocksCommand with id=1570292713907 timed out. Retrying.
2019-10-05 16:25:25,054 [pool-7-thread-1] INFO  commands.RetriableDatanodeEventWatcher (RetriableDatanodeEventWatcher.java:onTimeout(47)) - RetriableDatanodeCommand type=deleteBlocksCommand with id=1570292713917 timed out. Retrying.
2019-10-05 16:25:25,066 [pool-7-thread-1] INFO  commands.RetriableDatanodeEventWatcher (RetriableDatanodeEventWatcher.java:onTimeout(47)) - RetriableDatanodeCommand type=deleteBlocksCommand with id=1570292713858 timed out. Retrying.
2019-10-05 16:25:25,069 [pool-7-thread-1] INFO  commands.RetriableDatanodeEventWatcher (RetriableDatanodeEventWatcher.java:onTimeout(47)) - RetriableDatanodeCommand type=deleteBlocksCommand with id=1570292713927 timed out. Retrying.
2019-10-05 16:25:25,080 [pool-7-thread-1] INFO  commands.RetriableDatanodeEventWatcher (RetriableDatanodeEventWatcher.java:onTimeout(47)) - RetriableDatanodeCommand type=deleteBlocksCommand with id=1570292713868 timed out. Retrying.
2019-10-05 16:25:25,083 [pool-7-thread-1] INFO  commands.RetriableDatanodeEventWatcher (RetriableDatanodeEventWatcher.java:onTimeout(47)) - RetriableDatanodeCommand type=deleteBlocksCommand with id=1570292713937 timed out. Retrying.
2019-10-05 16:25:25,098 [pool-7-thread-1] INFO  commands.RetriableDatanodeEventWatcher (RetriableDatanodeEventWatcher.java:onTimeout(47)) - RetriableDatanodeCommand type=deleteBlocksCommand with id=1570292713947 timed out. Retrying.
2019-10-05 16:25:25,099 [pool-7-thread-2] INFO  commands.RetriableDatanodeEventWatcher (RetriableDatanodeEventWatcher.java:onTimeout(47)) - RetriableDatanodeCommand type=deleteBlocksCommand with id=1570292713878 timed out. Retrying.
2019-10-05 16:25:25,113 [pool-7-thread-2] INFO  commands.RetriableDatanodeEventWatcher (RetriableDatanodeEventWatcher.java:onTimeout(47)) - RetriableDatanodeCommand type=deleteBlocksCommand with id=1570292713957 timed out. Retrying.
2019-10-05 16:25:25,113 [pool-7-thread-1] INFO  commands.RetriableDatanodeEventWatcher (RetriableDatanodeEventWatcher.java:onTimeout(47)) - RetriableDatanodeCommand type=deleteBlocksCommand with id=1570292713888 timed out. Retrying.
2019-10-05 16:25:25,125 [SCMBlockDeletingService#0] DEBUG block.SCMBlockDeletingService (SCMBlockDeletingService.java:call(138)) - Running DeletedBlockTransactionScanner
2019-10-05 16:25:25,126 [SCMBlockDeletingService#0] DEBUG block.SCMBlockDeletingService (SCMBlockDeletingService.java:call(155)) - Scanned deleted blocks log and got 3 delTX to process.
2019-10-05 16:25:25,126 [SCMBlockDeletingService#0] DEBUG block.SCMBlockDeletingService (SCMBlockDeletingService.java:call(171)) - Added delete block command for datanode 29926ed2-d930-4601-9cf8-13a6494a0fce in the queue, number of delete block transactions: 3, TxID list: 1,2,3
2019-10-05 16:25:25,126 [SCMBlockDeletingService#0] INFO  block.SCMBlockDeletingService (SCMBlockDeletingService.java:call(182)) - Totally added 3 delete blocks command for 1 datanodes, task elapsed time: 1ms
2019-10-05 16:25:25,127 [pool-7-thread-1] INFO  commands.RetriableDatanodeEventWatcher (RetriableDatanodeEventWatcher.java:onTimeout(47)) - RetriableDatanodeCommand type=deleteBlocksCommand with id=1570292713898 timed out. Retrying.
2019-10-05 16:25:25,142 [pool-7-thread-1] INFO  commands.RetriableDatanodeEventWatcher (RetriableDatanodeEventWatcher.java:onTimeout(47)) - RetriableDatanodeCommand type=deleteBlocksCommand with id=1570292713908 timed out. Retrying.
2019-10-05 16:25:25,156 [pool-7-thread-1] INFO  commands.RetriableDatanodeEventWatcher (RetriableDatanodeEventWatcher.java:onTimeout(47)) - RetriableDatanodeCommand type=deleteBlocksCommand with id=1570292713918 timed out. Retrying.
2019-10-05 16:25:25,168 [pool-7-thread-1] INFO  commands.RetriableDatanodeEventWatcher (RetriableDatanodeEventWatcher.java:onTimeout(47)) - RetriableDatanodeCommand type=deleteBlocksCommand with id=1570292713859 timed out. Retrying.
2019-10-05 16:25:25,171 [pool-7-thread-1] INFO  commands.RetriableDatanodeEventWatcher (RetriableDatanodeEventWatcher.java:onTimeout(47)) - RetriableDatanodeCommand type=deleteBlocksCommand with id=1570292713928 timed out. Retrying.
2019-10-05 16:25:25,181 [pool-7-thread-1] INFO  commands.RetriableDatanodeEventWatcher (RetriableDatanodeEventWatcher.java:onTimeout(47)) - RetriableDatanodeCommand type=deleteBlocksCommand with id=1570292713869 timed out. Retrying.
2019-10-05 16:25:25,185 [pool-7-thread-1] INFO  commands.RetriableDatanodeEventWatcher (RetriableDatanodeEventWatcher.java:onTimeout(47)) - RetriableDatanodeCommand type=deleteBlocksCommand with id=1570292713938 timed out. Retrying.
2019-10-05 16:25:25,200 [pool-7-thread-1] INFO  commands.RetriableDatanodeEventWatcher (RetriableDatanodeEventWatcher.java:onTimeout(47)) - RetriableDatanodeCommand type=deleteBlocksCommand with id=1570292713948 timed out. Retrying.
2019-10-05 16:25:25,200 [pool-7-thread-2] INFO  commands.RetriableDatanodeEventWatcher (RetriableDatanodeEventWatcher.java:onTimeout(47)) - RetriableDatanodeCommand type=deleteBlocksCommand with id=1570292713879 timed out. Retrying.
2019-10-05 16:25:25,212 [pool-7-thread-2] INFO  commands.RetriableDatanodeEventWatcher (RetriableDatanodeEventWatcher.java:onTimeout(47)) - RetriableDatanodeCommand type=deleteBlocksCommand with id=1570292713889 timed out. Retrying.
2019-10-05 16:25:25,214 [pool-7-thread-2] INFO  commands.RetriableDatanodeEventWatcher (RetriableDatanodeEventWatcher.java:onTimeout(47)) - RetriableDatanodeCommand type=deleteBlocksCommand with id=1570292713958 timed out. Retrying.
2019-10-05 16:25:25,227 [SCMBlockDeletingService#0] DEBUG block.SCMBlockDeletingService (SCMBlockDeletingService.java:call(138)) - Running DeletedBlockTransactionScanner
2019-10-05 16:25:25,227 [SCMBlockDeletingService#0] DEBUG block.SCMBlockDeletingService (SCMBlockDeletingService.java:call(155)) - Scanned deleted blocks log and got 3 delTX to process.
2019-10-05 16:25:25,227 [SCMBlockDeletingService#0] DEBUG block.SCMBlockDeletingService (SCMBlockDeletingService.java:call(171)) - Added delete block command for datanode 29926ed2-d930-4601-9cf8-13a6494a0fce in the queue, number of delete block transactions: 3, TxID list: 1,2,3
2019-10-05 16:25:25,228 [SCMBlockDeletingService#0] INFO  block.SCMBlockDeletingService (SCMBlockDeletingService.java:call(182)) - Totally added 3 delete blocks command for 1 datanodes, task elapsed time: 1ms
2019-10-05 16:25:25,229 [pool-7-thread-2] INFO  commands.RetriableDatanodeEventWatcher (RetriableDatanodeEventWatcher.java:onTimeout(47)) - RetriableDatanodeCommand type=deleteBlocksCommand with id=1570292713899 timed out. Retrying.
2019-10-05 16:25:25,242 [pool-7-thread-2] INFO  commands.RetriableDatanodeEventWatcher (RetriableDatanodeEventWatcher.java:onTimeout(47)) - RetriableDatanodeCommand type=deleteBlocksCommand with id=1570292713909 timed out. Retrying.
2019-10-05 16:25:25,256 [pool-7-thread-2] INFO  commands.RetriableDatanodeEventWatcher (RetriableDatanodeEventWatcher.java:onTimeout(47)) - RetriableDatanodeCommand type=deleteBlocksCommand with id=1570292713919 timed out. Retrying.
2019-10-05 16:25:25,270 [pool-7-thread-2] INFO  commands.RetriableDatanodeEventWatcher (RetriableDatanodeEventWatcher.java:onTimeout(47)) - RetriableDatanodeCommand type=deleteBlocksCommand with id=1570292713860 timed out. Retrying.
2019-10-05 16:25:25,271 [pool-7-thread-2] INFO  commands.RetriableDatanodeEventWatcher (RetriableDatanodeEventWatcher.java:onTimeout(47)) - RetriableDatanodeCommand type=deleteBlocksCommand with id=1570292713929 timed out. Retrying.
2019-10-05 16:25:25,285 [pool-7-thread-2] INFO  commands.RetriableDatanodeEventWatcher (RetriableDatanodeEventWatcher.java:onTimeout(47)) - RetriableDatanodeCommand type=deleteBlocksCommand with id=1570292713870 timed out. Retrying.
2019-10-05 16:25:25,285 [pool-7-thread-2] INFO  commands.RetriableDatanodeEventWatcher (RetriableDatanodeEventWatcher.java:onTimeout(47)) - RetriableDatanodeCommand type=deleteBlocksCommand with id=1570292713939 timed out. Retrying.
2019-10-05 16:25:25,301 [pool-7-thread-2] INFO  commands.RetriableDatanodeEventWatcher (RetriableDatanodeEventWatcher.java:onTimeout(47)) - RetriableDatanodeCommand type=deleteBlocksCommand with id=1570292713880 timed out. Retrying.
2019-10-05 16:25:25,302 [pool-7-thread-2] INFO  commands.RetriableDatanodeEventWatcher (RetriableDatanodeEventWatcher.java:onTimeout(47)) - RetriableDatanodeCommand type=deleteBlocksCommand with id=1570292713949 timed out. Retrying.
2019-10-05 16:25:25,314 [pool-7-thread-2] INFO  commands.RetriableDatanodeEventWatcher (RetriableDatanodeEventWatcher.java:onTimeout(47)) - RetriableDatanodeCommand type=deleteBlocksCommand with id=1570292713959 timed out. Retrying.
2019-10-05 16:25:25,318 [pool-7-thread-2] INFO  commands.RetriableDatanodeEventWatcher (RetriableDatanodeEventWatcher.java:onTimeout(47)) - RetriableDatanodeCommand type=deleteBlocksCommand with id=1570292713890 timed out. Retrying.
2019-10-05 16:25:25,328 [SCMBlockDeletingService#0] DEBUG block.SCMBlockDeletingService (SCMBlockDeletingService.java:call(138)) - Running DeletedBlockTransactionScanner
2019-10-05 16:25:25,329 [SCMBlockDeletingService#0] DEBUG block.SCMBlockDeletingService (SCMBlockDeletingService.java:call(155)) - Scanned deleted blocks log and got 3 delTX to process.
2019-10-05 16:25:25,329 [SCMBlockDeletingService#0] DEBUG block.SCMBlockDeletingService (SCMBlockDeletingService.java:call(171)) - Added delete block command for datanode 29926ed2-d930-4601-9cf8-13a6494a0fce in the queue, number of delete block transactions: 3, TxID list: 1,2,3
2019-10-05 16:25:25,329 [pool-7-thread-2] INFO  commands.RetriableDatanodeEventWatcher (RetriableDatanodeEventWatcher.java:onTimeout(47)) - RetriableDatanodeCommand type=deleteBlocksCommand with id=1570292713900 timed out. Retrying.
2019-10-05 16:25:25,329 [SCMBlockDeletingService#0] INFO  block.SCMBlockDeletingService (SCMBlockDeletingService.java:call(182)) - Totally added 3 delete blocks command for 1 datanodes, task elapsed time: 1ms
2019-10-05 16:25:25,345 [pool-7-thread-2] INFO  commands.RetriableDatanodeEventWatcher (RetriableDatanodeEventWatcher.java:onTimeout(47)) - RetriableDatanodeCommand type=deleteBlocksCommand with id=1570292713910 timed out. Retrying.
2019-10-05 16:25:25,360 [pool-7-thread-2] INFO  commands.RetriableDatanodeEventWatcher (RetriableDatanodeEventWatcher.java:onTimeout(47)) - RetriableDatanodeCommand type=deleteBlocksCommand with id=1570292713920 timed out. Retrying.
2019-10-05 16:25:25,372 [pool-7-thread-1] INFO  commands.RetriableDatanodeEventWatcher (RetriableDatanodeEventWatcher.java:onTimeout(47)) - RetriableDatanodeCommand type=deleteBlocksCommand with id=1570292713861 timed out. Retrying.
2019-10-05 16:25:25,373 [pool-7-thread-2] INFO  commands.RetriableDatanodeEventWatcher (RetriableDatanodeEventWatcher.java:onTimeout(47)) - RetriableDatanodeCommand type=deleteBlocksCommand with id=1570292713930 timed out. Retrying.
2019-10-05 16:25:25,387 [pool-7-thread-2] INFO  commands.RetriableDatanodeEventWatcher (RetriableDatanodeEventWatcher.java:onTimeout(47)) - RetriableDatanodeCommand type=deleteBlocksCommand with id=1570292713871 timed out. Retrying.
2019-10-05 16:25:25,389 [pool-7-thread-2] INFO  commands.RetriableDatanodeEventWatcher (RetriableDatanodeEventWatcher.java:onTimeout(47)) - RetriableDatanodeCommand type=deleteBlocksCommand with id=1570292713940 timed out. Retrying.
2019-10-05 16:25:25,402 [pool-7-thread-2] INFO  commands.RetriableDatanodeEventWatcher (RetriableDatanodeEventWatcher.java:onTimeout(47)) - RetriableDatanodeCommand type=deleteBlocksCommand with id=1570292713950 timed out. Retrying.
2019-10-05 16:25:25,403 [pool-7-thread-2] INFO  commands.RetriableDatanodeEventWatcher (RetriableDatanodeEventWatcher.java:onTimeout(47)) - RetriableDatanodeCommand type=deleteBlocksCommand with id=1570292713881 timed out. Retrying.
2019-10-05 16:25:25,416 [pool-7-thread-2] INFO  commands.RetriableDatanodeEventWatcher (RetriableDatanodeEventWatcher.java:onTimeout(47)) - RetriableDatanodeCommand type=deleteBlocksCommand with id=1570292713891 timed out. Retrying.
2019-10-05 16:25:25,416 [pool-7-thread-2] INFO  commands.RetriableDatanodeEventWatcher (RetriableDatanodeEventWatcher.java:onTimeout(47)) - RetriableDatanodeCommand type=deleteBlocksCommand with id=1570292713960 timed out. Retrying.
2019-10-05 16:25:25,430 [SCMBlockDeletingService#0] DEBUG block.SCMBlockDeletingService (SCMBlockDeletingService.java:call(138)) - Running DeletedBlockTransactionScanner
2019-10-05 16:25:25,430 [SCMBlockDeletingService#0] DEBUG block.SCMBlockDeletingService (SCMBlockDeletingService.java:call(155)) - Scanned deleted blocks log and got 3 delTX to process.
2019-10-05 16:25:25,430 [SCMBlockDeletingService#0] DEBUG block.SCMBlockDeletingService (SCMBlockDeletingService.java:call(171)) - Added delete block command for datanode 29926ed2-d930-4601-9cf8-13a6494a0fce in the queue, number of delete block transactions: 3, TxID list: 1,2,3
2019-10-05 16:25:25,430 [SCMBlockDeletingService#0] INFO  block.SCMBlockDeletingService (SCMBlockDeletingService.java:call(182)) - Totally added 3 delete blocks command for 1 datanodes, task elapsed time: 1ms
2019-10-05 16:25:25,430 [pool-7-thread-2] INFO  commands.RetriableDatanodeEventWatcher (RetriableDatanodeEventWatcher.java:onTimeout(47)) - RetriableDatanodeCommand type=deleteBlocksCommand with id=1570292713901 timed out. Retrying.
2019-10-05 16:25:25,447 [pool-7-thread-2] INFO  commands.RetriableDatanodeEventWatcher (RetriableDatanodeEventWatcher.java:onTimeout(47)) - RetriableDatanodeCommand type=deleteBlocksCommand with id=1570292713911 timed out. Retrying.
2019-10-05 16:25:25,461 [pool-7-thread-2] INFO  commands.RetriableDatanodeEventWatcher (RetriableDatanodeEventWatcher.java:onTimeout(47)) - RetriableDatanodeCommand type=deleteBlocksCommand with id=1570292713921 timed out. Retrying.
2019-10-05 16:25:25,473 [pool-7-thread-2] INFO  commands.RetriableDatanodeEventWatcher (RetriableDatanodeEventWatcher.java:onTimeout(47)) - RetriableDatanodeCommand type=deleteBlocksCommand with id=1570292713862 timed out. Retrying.
2019-10-05 16:25:25,473 [pool-7-thread-2] INFO  commands.RetriableDatanodeEventWatcher (RetriableDatanodeEventWatcher.java:onTimeout(47)) - RetriableDatanodeCommand type=deleteBlocksCommand with id=1570292713931 timed out. Retrying.
2019-10-05 16:25:25,488 [pool-7-thread-2] INFO  commands.RetriableDatanodeEventWatcher (RetriableDatanodeEventWatcher.java:onTimeout(47)) - RetriableDatanodeCommand type=deleteBlocksCommand with id=1570292713872 timed out. Retrying.
2019-10-05 16:25:25,489 [pool-7-thread-2] INFO  commands.RetriableDatanodeEventWatcher (RetriableDatanodeEventWatcher.java:onTimeout(47)) - RetriableDatanodeCommand type=deleteBlocksCommand with id=1570292713941 timed out. Retrying.
2019-10-05 16:25:25,505 [pool-7-thread-1] INFO  commands.RetriableDatanodeEventWatcher (RetriableDatanodeEventWatcher.java:onTimeout(47)) - RetriableDatanodeCommand type=deleteBlocksCommand with id=1570292713882 timed out. Retrying.
2019-10-05 16:25:25,505 [pool-7-thread-2] INFO  commands.RetriableDatanodeEventWatcher (RetriableDatanodeEventWatcher.java:onTimeout(47)) - RetriableDatanodeCommand type=deleteBlocksCommand with id=1570292713951 timed out. Retrying.
2019-10-05 16:25:25,518 [pool-7-thread-2] INFO  commands.RetriableDatanodeEventWatcher (RetriableDatanodeEventWatcher.java:onTimeout(47)) - RetriableDatanodeCommand type=deleteBlocksCommand with id=1570292713961 timed out. Retrying.
2019-10-05 16:25:25,520 [pool-7-thread-2] INFO  commands.RetriableDatanodeEventWatcher (RetriableDatanodeEventWatcher.java:onTimeout(47)) - RetriableDatanodeCommand type=deleteBlocksCommand with id=1570292713892 timed out. Retrying.
2019-10-05 16:25:25,531 [SCMBlockDeletingService#0] DEBUG block.SCMBlockDeletingService (SCMBlockDeletingService.java:call(138)) - Running DeletedBlockTransactionScanner
2019-10-05 16:25:25,531 [SCMBlockDeletingService#0] DEBUG block.SCMBlockDeletingService (SCMBlockDeletingService.java:call(155)) - Scanned deleted blocks log and got 3 delTX to process.
2019-10-05 16:25:25,531 [SCMBlockDeletingService#0] DEBUG block.SCMBlockDeletingService (SCMBlockDeletingService.java:call(171)) - Added delete block command for datanode 29926ed2-d930-4601-9cf8-13a6494a0fce in the queue, number of delete block transactions: 3, TxID list: 1,2,3
2019-10-05 16:25:25,532 [SCMBlockDeletingService#0] INFO  block.SCMBlockDeletingService (SCMBlockDeletingService.java:call(182)) - Totally added 3 delete blocks command for 1 datanodes, task elapsed time: 1ms
2019-10-05 16:25:25,533 [pool-7-thread-2] INFO  commands.RetriableDatanodeEventWatcher (RetriableDatanodeEventWatcher.java:onTimeout(47)) - RetriableDatanodeCommand type=deleteBlocksCommand with id=1570292713902 timed out. Retrying.
2019-10-05 16:25:25,549 [pool-7-thread-2] INFO  commands.RetriableDatanodeEventWatcher (RetriableDatanodeEventWatcher.java:onTimeout(47)) - RetriableDatanodeCommand type=deleteBlocksCommand with id=1570292713912 timed out. Retrying.
2019-10-05 16:25:25,561 [pool-7-thread-2] INFO  commands.RetriableDatanodeEventWatcher (RetriableDatanodeEventWatcher.java:onTimeout(47)) - RetriableDatanodeCommand type=deleteBlocksCommand with id=1570292713922 timed out. Retrying.
2019-10-05 16:25:25,575 [pool-7-thread-2] INFO  commands.RetriableDatanodeEventWatcher (RetriableDatanodeEventWatcher.java:onTimeout(47)) - RetriableDatanodeCommand type=deleteBlocksCommand with id=1570292713932 timed out. Retrying.
2019-10-05 16:25:25,575 [pool-7-thread-1] INFO  commands.RetriableDatanodeEventWatcher (RetriableDatanodeEventWatcher.java:onTimeout(47)) - RetriableDatanodeCommand type=deleteBlocksCommand with id=1570292713863 timed out. Retrying.
2019-10-05 16:25:25,590 [pool-7-thread-1] INFO  commands.RetriableDatanodeEventWatcher (RetriableDatanodeEventWatcher.java:onTimeout(47)) - RetriableDatanodeCommand type=deleteBlocksCommand with id=1570292713873 timed out. Retrying.
2019-10-05 16:25:25,591 [pool-7-thread-1] INFO  commands.RetriableDatanodeEventWatcher (RetriableDatanodeEventWatcher.java:onTimeout(47)) - RetriableDatanodeCommand type=deleteBlocksCommand with id=1570292713942 timed out. Retrying.
2019-10-05 16:25:25,605 [pool-7-thread-1] INFO  commands.RetriableDatanodeEventWatcher (RetriableDatanodeEventWatcher.java:onTimeout(47)) - RetriableDatanodeCommand type=deleteBlocksCommand with id=1570292713952 timed out. Retrying.
2019-10-05 16:25:25,605 [pool-7-thread-2] INFO  commands.RetriableDatanodeEventWatcher (RetriableDatanodeEventWatcher.java:onTimeout(47)) - RetriableDatanodeCommand type=deleteBlocksCommand with id=1570292713883 timed out. Retrying.
2019-10-05 16:25:25,618 [pool-7-thread-2] INFO  commands.RetriableDatanodeEventWatcher (RetriableDatanodeEventWatcher.java:onTimeout(47)) - RetriableDatanodeCommand type=deleteBlocksCommand with id=1570292713893 timed out. Retrying.
2019-10-05 16:25:25,619 [pool-7-thread-2] INFO  commands.RetriableDatanodeEventWatcher (RetriableDatanodeEventWatcher.java:onTimeout(47)) - RetriableDatanodeCommand type=deleteBlocksCommand with id=1570292713962 timed out. Retrying.
2019-10-05 16:25:25,632 [SCMBlockDeletingService#0] DEBUG block.SCMBlockDeletingService (SCMBlockDeletingService.java:call(138)) - Running DeletedBlockTransactionScanner
2019-10-05 16:25:25,632 [SCMBlockDeletingService#0] DEBUG block.SCMBlockDeletingService (SCMBlockDeletingService.java:call(155)) - Scanned deleted blocks log and got 3 delTX to process.
2019-10-05 16:25:25,633 [SCMBlockDeletingService#0] DEBUG block.SCMBlockDeletingService (SCMBlockDeletingService.java:call(171)) - Added delete block command for datanode 29926ed2-d930-4601-9cf8-13a6494a0fce in the queue, number of delete block transactions: 3, TxID list: 1,2,3
2019-10-05 16:25:25,633 [SCMBlockDeletingService#0] INFO  block.SCMBlockDeletingService (SCMBlockDeletingService.java:call(182)) - Totally added 3 delete blocks command for 1 datanodes, task elapsed time: 1ms
2019-10-05 16:25:25,636 [pool-7-thread-2] INFO  commands.RetriableDatanodeEventWatcher (RetriableDatanodeEventWatcher.java:onTimeout(47)) - RetriableDatanodeCommand type=deleteBlocksCommand with id=1570292713903 timed out. Retrying.
2019-10-05 16:25:25,649 [pool-7-thread-2] INFO  commands.RetriableDatanodeEventWatcher (RetriableDatanodeEventWatcher.java:onTimeout(47)) - RetriableDatanodeCommand type=deleteBlocksCommand with id=1570292713913 timed out. Retrying.
2019-10-05 16:25:25,662 [pool-7-thread-2] INFO  commands.RetriableDatanodeEventWatcher (RetriableDatanodeEventWatcher.java:onTimeout(47)) - RetriableDatanodeCommand type=deleteBlocksCommand with id=1570292713923 timed out. Retrying.
2019-10-05 16:25:25,680 [pool-7-thread-2] INFO  commands.RetriableDatanodeEventWatcher (RetriableDatanodeEventWatcher.java:onTimeout(47)) - RetriableDatanodeCommand type=deleteBlocksCommand with id=1570292713933 timed out. Retrying.
2019-10-05 16:25:25,680 [pool-7-thread-1] INFO  commands.RetriableDatanodeEventWatcher (RetriableDatanodeEventWatcher.java:onTimeout(47)) - RetriableDatanodeCommand type=deleteBlocksCommand with id=1570292713864 timed out. Retrying.
2019-10-05 16:25:25,683 [main] INFO  ozone.MiniOzoneClusterImpl (MiniOzoneClusterImpl.java:lambda$waitForClusterToBeReady$0(147)) - Waiting for cluster to be ready. Got 0 of 1 DN Heartbeats.
2019-10-05 16:25:25,683 [EventQueue-PendingDeleteStatusForPendingDeleteHandler] INFO  block.SCMBlockDeletingService (SCMBlockDeletingService.java:handlePendingDeletes(115)) - Block deletion txnID mismatch in datanode 29926ed2-d930-4601-9cf8-13a6494a0fce for containerID 1. Datanode delete txnID: 0, SCM txnID: 1
2019-10-05 16:25:25,684 [EventQueue-PendingDeleteStatusForPendingDeleteHandler] INFO  block.SCMBlockDeletingService (SCMBlockDeletingService.java:handlePendingDeletes(115)) - Block deletion txnID mismatch in datanode 29926ed2-d930-4601-9cf8-13a6494a0fce for containerID 2. Datanode delete txnID: 0, SCM txnID: 2
2019-10-05 16:25:25,684 [EventQueue-PendingDeleteStatusForPendingDeleteHandler] INFO  block.SCMBlockDeletingService (SCMBlockDeletingService.java:handlePendingDeletes(115)) - Block deletion txnID mismatch in datanode 29926ed2-d930-4601-9cf8-13a6494a0fce for containerID 3. Datanode delete txnID: 0, SCM txnID: 3
2019-10-05 16:25:25,689 [pool-7-thread-1] INFO  commands.RetriableDatanodeEventWatcher (RetriableDatanodeEventWatcher.java:onTimeout(47)) - RetriableDatanodeCommand type=deleteBlocksCommand with id=1570292713874 timed out. Retrying.
2019-10-05 16:25:25,694 [pool-7-thread-1] INFO  commands.RetriableDatanodeEventWatcher (RetriableDatanodeEventWatcher.java:onTimeout(47)) - RetriableDatanodeCommand type=deleteBlocksCommand with id=1570292713943 timed out. Retrying.
2019-10-05 16:25:25,706 [pool-7-thread-1] INFO  commands.RetriableDatanodeEventWatcher (RetriableDatanodeEventWatcher.java:onTimeout(47)) - RetriableDatanodeCommand type=deleteBlocksCommand with id=1570292713884 timed out. Retrying.
2019-10-05 16:25:25,707 [pool-7-thread-1] INFO  commands.RetriableDatanodeEventWatcher (RetriableDatanodeEventWatcher.java:onTimeout(47)) - RetriableDatanodeCommand type=deleteBlocksCommand with id=1570292713953 timed out. Retrying.
2019-10-05 16:25:25,720 [pool-7-thread-1] INFO  commands.RetriableDatanodeEventWatcher (RetriableDatanodeEventWatcher.java:onTimeout(47)) - RetriableDatanodeCommand type=deleteBlocksCommand with id=1570292713963 timed out. Retrying.
2019-10-05 16:25:25,722 [pool-7-thread-1] INFO  commands.RetriableDatanodeEventWatcher (RetriableDatanodeEventWatcher.java:onTimeout(47)) - RetriableDatanodeCommand type=deleteBlocksCommand with id=1570292713894 timed out. Retrying.
2019-10-05 16:25:25,733 [SCMBlockDeletingService#0] DEBUG block.SCMBlockDeletingService (SCMBlockDeletingService.java:call(138)) - Running DeletedBlockTransactionScanner
2019-10-05 16:25:25,734 [SCMBlockDeletingService#0] DEBUG block.SCMBlockDeletingService (SCMBlockDeletingService.java:call(155)) - Scanned deleted blocks log and got 3 delTX to process.
2019-10-05 16:25:25,734 [SCMBlockDeletingService#0] DEBUG block.SCMBlockDeletingService (SCMBlockDeletingService.java:call(171)) - Added delete block command for datanode 29926ed2-d930-4601-9cf8-13a6494a0fce in the queue, number of delete block transactions: 3, TxID list: 1,2,3
2019-10-05 16:25:25,734 [SCMBlockDeletingService#0] INFO  block.SCMBlockDeletingService (SCMBlockDeletingService.java:call(182)) - Totally added 3 delete blocks command for 1 datanodes, task elapsed time: 1ms
2019-10-05 16:25:25,736 [grpc-default-executor-1] INFO  impl.RaftServerProxy (RaftServerProxy.java:addNew(89)) - 29926ed2-d930-4601-9cf8-13a6494a0fce: addNew group-2B72B428E6B0:[29926ed2-d930-4601-9cf8-13a6494a0fce:192.168.164.228:37652] returns group-2B72B428E6B0:java.util.concurrent.CompletableFuture@61a59ef1[Not completed]
2019-10-05 16:25:25,737 [pool-7-thread-1] INFO  commands.RetriableDatanodeEventWatcher (RetriableDatanodeEventWatcher.java:onTimeout(47)) - RetriableDatanodeCommand type=deleteBlocksCommand with id=1570292713904 timed out. Retrying.
2019-10-05 16:25:25,739 [pool-592-thread-1] INFO  impl.RaftServerImpl (RaftServerImpl.java:<init>(95)) - 29926ed2-d930-4601-9cf8-13a6494a0fce: new RaftServerImpl for group-2B72B428E6B0:[29926ed2-d930-4601-9cf8-13a6494a0fce:192.168.164.228:37652] with ContainerStateMachine:uninitialized
2019-10-05 16:25:25,740 [pool-592-thread-1] INFO  server.RaftServerConfigKeys (ConfUtils.java:logGet(43)) - raft.server.rpc.timeout.min = 5s (custom)
2019-10-05 16:25:25,740 [pool-592-thread-1] INFO  server.RaftServerConfigKeys (ConfUtils.java:logGet(43)) - raft.server.rpc.timeout.max = 5200ms (custom)
2019-10-05 16:25:25,740 [pool-592-thread-1] INFO  server.RaftServerConfigKeys (ConfUtils.java:logGet(43)) - raft.server.rpcslowness.timeout = 120s (custom)
2019-10-05 16:25:25,740 [pool-592-thread-1] INFO  server.RaftServerConfigKeys (ConfUtils.java:logGet(43)) - raft.server.sleep.deviation.threshold = 300 (default)
2019-10-05 16:25:25,740 [pool-592-thread-1] INFO  server.RaftServerConfigKeys (ConfUtils.java:logGet(43)) - raft.server.log.appender.install.snapshot.enabled = false (custom)
2019-10-05 16:25:25,741 [pool-592-thread-1] INFO  impl.RaftServerImpl (ServerState.java:<init>(103)) - 29926ed2-d930-4601-9cf8-13a6494a0fce@group-2B72B428E6B0: ConfigurationManager, init=-1: [29926ed2-d930-4601-9cf8-13a6494a0fce:192.168.164.228:37652], old=null, confs=<EMPTY_MAP>
2019-10-05 16:25:25,741 [pool-592-thread-1] INFO  server.RaftServerConfigKeys (ConfUtils.java:logGet(43)) - raft.server.storage.dir = [/workdir/hadoop-ozone/integration-test/target/test-dir/MiniOzoneClusterImpl-c3e8681e-48b4-488b-af05-0690ad4038ab/datanode-0/data/ratis] (custom)
2019-10-05 16:25:25,741 [pool-592-thread-1] INFO  server.RaftServerConfigKeys (ConfUtils.java:logGet(43)) - raft.server.log.corruption.policy = EXCEPTION (default)
2019-10-05 16:25:25,741 [pool-592-thread-1] INFO  storage.RaftStorageDirectory (RaftStorageDirectory.java:analyzeStorage(246)) - The storage directory /workdir/hadoop-ozone/integration-test/target/test-dir/MiniOzoneClusterImpl-c3e8681e-48b4-488b-af05-0690ad4038ab/datanode-0/data/ratis/2ca7e1a0-9e83-4b27-a054-2b72b428e6b0 does not exist. Creating ...
2019-10-05 16:25:25,751 [pool-7-thread-1] INFO  commands.RetriableDatanodeEventWatcher (RetriableDatanodeEventWatcher.java:onTimeout(47)) - RetriableDatanodeCommand type=deleteBlocksCommand with id=1570292713914 timed out. Retrying.
2019-10-05 16:25:25,755 [pool-592-thread-1] INFO  storage.RaftStorageDirectory (RaftStorageDirectory.java:tryLock(328)) - Lock on /workdir/hadoop-ozone/integration-test/target/test-dir/MiniOzoneClusterImpl-c3e8681e-48b4-488b-af05-0690ad4038ab/datanode-0/data/ratis/2ca7e1a0-9e83-4b27-a054-2b72b428e6b0/in_use.lock acquired by nodename 11788@pr-hdds-2254-trunk-xw7zv-2851001327
2019-10-05 16:25:25,766 [pool-7-thread-1] INFO  commands.RetriableDatanodeEventWatcher (RetriableDatanodeEventWatcher.java:onTimeout(47)) - RetriableDatanodeCommand type=deleteBlocksCommand with id=1570292713924 timed out. Retrying.
2019-10-05 16:25:25,768 [pool-592-thread-1] INFO  storage.RaftStorage (RaftStorage.java:format(84)) - Storage directory /workdir/hadoop-ozone/integration-test/target/test-dir/MiniOzoneClusterImpl-c3e8681e-48b4-488b-af05-0690ad4038ab/datanode-0/data/ratis/2ca7e1a0-9e83-4b27-a054-2b72b428e6b0 has been successfully formatted.
2019-10-05 16:25:25,769 [pool-592-thread-1] INFO  ratis.ContainerStateMachine (ContainerStateMachine.java:loadSnapshot(230)) - group-2B72B428E6B0: The snapshot info is null. Setting the last applied indexto:(t:0, i:~)
2019-10-05 16:25:25,769 [pool-592-thread-1] INFO  server.RaftServerConfigKeys (ConfUtils.java:logGet(43)) - raft.server.notification.no-leader.timeout = 120s (custom)
2019-10-05 16:25:25,769 [pool-592-thread-1] INFO  server.RaftServerConfigKeys (ConfUtils.java:logGet(43)) - raft.server.log.use.memory = false (default)
2019-10-05 16:25:25,770 [pool-592-thread-1] INFO  server.RaftServerConfigKeys (ConfUtils.java:logGet(43)) - raft.server.log.purge.gap = 1000000 (custom)
2019-10-05 16:25:25,770 [pool-592-thread-1] INFO  server.RaftServerConfigKeys (ConfUtils.java:logGet(43)) - raft.server.log.appender.buffer.byte-limit = 33554432 (custom)
2019-10-05 16:25:25,770 [pool-592-thread-1] INFO  server.RaftServerConfigKeys (ConfUtils.java:logGet(43)) - raft.server.log.segment.size.max = 1048576 (custom)
2019-10-05 16:25:25,770 [pool-592-thread-1] INFO  server.RaftServerConfigKeys (ConfUtils.java:logGet(43)) - raft.server.log.segment.cache.num.max = 2 (custom)
2019-10-05 16:25:25,770 [pool-592-thread-1] INFO  segmented.SegmentedRaftLogWorker (SegmentedRaftLogWorker.java:<init>(173)) - new 29926ed2-d930-4601-9cf8-13a6494a0fce@group-2B72B428E6B0-SegmentedRaftLogWorker for RaftStorage:Storage Directory /workdir/hadoop-ozone/integration-test/target/test-dir/MiniOzoneClusterImpl-c3e8681e-48b4-488b-af05-0690ad4038ab/datanode-0/data/ratis/2ca7e1a0-9e83-4b27-a054-2b72b428e6b0
2019-10-05 16:25:25,770 [pool-592-thread-1] INFO  server.RaftServerConfigKeys (ConfUtils.java:logGet(43)) - raft.server.log.queue.byte-limit = 2147483647 (custom)
2019-10-05 16:25:25,771 [pool-592-thread-1] INFO  server.RaftServerConfigKeys (ConfUtils.java:logGet(43)) - raft.server.log.queue.element-limit = 1024 (custom)
2019-10-05 16:25:25,771 [pool-592-thread-1] INFO  server.RaftServerConfigKeys (ConfUtils.java:logGet(43)) - raft.server.log.segment.size.max = 1048576 (custom)
2019-10-05 16:25:25,771 [pool-592-thread-1] INFO  server.RaftServerConfigKeys (ConfUtils.java:logGet(43)) - raft.server.log.preallocated.size = 16384 (custom)
2019-10-05 16:25:25,771 [pool-592-thread-1] INFO  server.RaftServerConfigKeys (ConfUtils.java:logGet(43)) - raft.server.log.write.buffer.size = 33554432 (custom)
2019-10-05 16:25:25,771 [pool-592-thread-1] INFO  server.RaftServerConfigKeys (ConfUtils.java:logGet(43)) - raft.server.log.force.sync.num = 128 (default)
2019-10-05 16:25:25,771 [pool-592-thread-1] INFO  server.RaftServerConfigKeys (ConfUtils.java:logGet(43)) - raft.server.log.statemachine.data.sync = true (default)
2019-10-05 16:25:25,771 [pool-592-thread-1] INFO  server.RaftServerConfigKeys (ConfUtils.java:logGet(43)) - raft.server.log.statemachine.data.sync.timeout = 10s (default)
2019-10-05 16:25:25,771 [pool-592-thread-1] INFO  server.RaftServerConfigKeys (ConfUtils.java:logGet(43)) - raft.server.log.statemachine.data.sync.timeout.retry = -1 (default)
2019-10-05 16:25:25,772 [pool-592-thread-1] INFO  server.RaftServerConfigKeys (ConfUtils.java:logGet(43)) - raft.server.log.statemachine.data.caching.enabled = true (custom)
2019-10-05 16:25:25,772 [pool-592-thread-1] INFO  segmented.SegmentedRaftLogWorker (SegmentedRaftLogWorker.java:lambda$new$0(128)) - 29926ed2-d930-4601-9cf8-13a6494a0fce@group-2B72B428E6B0-SegmentedRaftLogWorker: flushIndex: setUnconditionally 0 -> -1
2019-10-05 16:25:25,772 [pool-592-thread-1] INFO  server.RaftServerConfigKeys (ConfUtils.java:logGet(43)) - raft.server.snapshot.auto.trigger.enabled = true (custom)
2019-10-05 16:25:25,773 [pool-592-thread-1] INFO  server.RaftServerConfigKeys (ConfUtils.java:logGet(43)) - raft.server.snapshot.auto.trigger.threshold = 10000 (custom)
2019-10-05 16:25:25,773 [pool-592-thread-1] INFO  server.RaftServerConfigKeys (ConfUtils.java:logGet(43)) - raft.server.snapshot.retention.file.num = 5 (custom)
2019-10-05 16:25:25,773 [pool-592-thread-1] INFO  server.RaftServerConfigKeys (ConfUtils.java:logGet(43)) - raft.server.retrycache.expirytime = 600000ms (custom)
2019-10-05 16:25:25,785 [pool-7-thread-2] INFO  commands.RetriableDatanodeEventWatcher (RetriableDatanodeEventWatcher.java:onTimeout(47)) - RetriableDatanodeCommand type=deleteBlocksCommand with id=1570292713865 timed out. Retrying.
2019-10-05 16:25:25,793 [pool-7-thread-1] INFO  commands.RetriableDatanodeEventWatcher (RetriableDatanodeEventWatcher.java:onTimeout(47)) - RetriableDatanodeCommand type=deleteBlocksCommand with id=1570292713934 timed out. Retrying.
2019-10-05 16:25:25,793 [pool-7-thread-2] INFO  commands.RetriableDatanodeEventWatcher (RetriableDatanodeEventWatcher.java:onTimeout(47)) - RetriableDatanodeCommand type=deleteBlocksCommand with id=1570292713875 timed out. Retrying.
2019-10-05 16:25:25,795 [pool-7-thread-2] INFO  commands.RetriableDatanodeEventWatcher (RetriableDatanodeEventWatcher.java:onTimeout(47)) - RetriableDatanodeCommand type=deleteBlocksCommand with id=1570292713944 timed out. Retrying.
2019-10-05 16:25:25,796 [pool-592-thread-1] INFO  impl.RaftServerImpl (RaftServerImpl.java:start(181)) - 29926ed2-d930-4601-9cf8-13a6494a0fce@group-2B72B428E6B0: start as a follower, conf=-1: [29926ed2-d930-4601-9cf8-13a6494a0fce:192.168.164.228:37652], old=null
2019-10-05 16:25:25,796 [pool-592-thread-1] INFO  impl.RaftServerImpl (RaftServerImpl.java:setRole(170)) - 29926ed2-d930-4601-9cf8-13a6494a0fce@group-2B72B428E6B0: changes role from      null to FOLLOWER at term 0 for startAsFollower
2019-10-05 16:25:25,796 [pool-592-thread-1] INFO  impl.RoleInfo (RoleInfo.java:updateAndGet(143)) - 29926ed2-d930-4601-9cf8-13a6494a0fce: start FollowerState
2019-10-05 16:25:25,796 [pool-592-thread-1] INFO  util.JmxRegister (JmxRegister.java:tryRegister(44)) - Successfully registered JMX Bean with object name Ratis:service=RaftServer,group=group-2B72B428E6B0,id=29926ed2-d930-4601-9cf8-13a6494a0fce
2019-10-05 16:25:25,808 [pool-7-thread-2] INFO  commands.RetriableDatanodeEventWatcher (RetriableDatanodeEventWatcher.java:onTimeout(47)) - RetriableDatanodeCommand type=deleteBlocksCommand with id=1570292713954 timed out. Retrying.
2019-10-05 16:25:25,808 [RatisPipelineUtilsThread] INFO  pipeline.PipelineStateManager (PipelineStateManager.java:addPipeline(56)) - Created pipeline Pipeline[ Id: 2ca7e1a0-9e83-4b27-a054-2b72b428e6b0, Nodes: 29926ed2-d930-4601-9cf8-13a6494a0fce{ip: 192.168.164.228, host: pr-hdds-2254-trunk-xw7zv-2851001327, networkLocation: /default-rack, certSerialId: null}, Type:RATIS, Factor:ONE, State:OPEN]
2019-10-05 16:25:25,811 [pool-7-thread-2] INFO  commands.RetriableDatanodeEventWatcher (RetriableDatanodeEventWatcher.java:onTimeout(47)) - RetriableDatanodeCommand type=deleteBlocksCommand with id=1570292713885 timed out. Retrying.
2019-10-05 16:25:25,822 [pool-7-thread-1] INFO  commands.RetriableDatanodeEventWatcher (RetriableDatanodeEventWatcher.java:onTimeout(47)) - RetriableDatanodeCommand type=deleteBlocksCommand with id=1570292713895 timed out. Retrying.
2019-10-05 16:25:25,822 [pool-7-thread-2] INFO  commands.RetriableDatanodeEventWatcher (RetriableDatanodeEventWatcher.java:onTimeout(47)) - RetriableDatanodeCommand type=deleteBlocksCommand with id=1570292713964 timed out. Retrying.
2019-10-05 16:25:25,835 [SCMBlockDeletingService#0] DEBUG block.SCMBlockDeletingService (SCMBlockDeletingService.java:call(138)) - Running DeletedBlockTransactionScanner
2019-10-05 16:25:25,835 [SCMBlockDeletingService#0] DEBUG block.SCMBlockDeletingService (SCMBlockDeletingService.java:call(155)) - Scanned deleted blocks log and got 3 delTX to process.
2019-10-05 16:25:25,835 [SCMBlockDeletingService#0] DEBUG block.SCMBlockDeletingService (SCMBlockDeletingService.java:call(171)) - Added delete block command for datanode 29926ed2-d930-4601-9cf8-13a6494a0fce in the queue, number of delete block transactions: 3, TxID list: 1,2,3
2019-10-05 16:25:25,836 [SCMBlockDeletingService#0] INFO  block.SCMBlockDeletingService (SCMBlockDeletingService.java:call(182)) - Totally added 3 delete blocks command for 1 datanodes, task elapsed time: 1ms
2019-10-05 16:25:25,838 [pool-7-thread-2] INFO  commands.RetriableDatanodeEventWatcher (RetriableDatanodeEventWatcher.java:onTimeout(47)) - RetriableDatanodeCommand type=deleteBlocksCommand with id=1570292713905 timed out. Retrying.
2019-10-05 16:25:25,854 [pool-7-thread-2] INFO  commands.RetriableDatanodeEventWatcher (RetriableDatanodeEventWatcher.java:onTimeout(47)) - RetriableDatanodeCommand type=deleteBlocksCommand with id=1570292713915 timed out. Retrying.
2019-10-05 16:25:25,866 [pool-7-thread-2] INFO  commands.RetriableDatanodeEventWatcher (RetriableDatanodeEventWatcher.java:onTimeout(47)) - RetriableDatanodeCommand type=deleteBlocksCommand with id=1570292713925 timed out. Retrying.
2019-10-05 16:25:25,867 [pool-7-thread-1] INFO  commands.RetriableDatanodeEventWatcher (RetriableDatanodeEventWatcher.java:onTimeout(47)) - RetriableDatanodeCommand type=deleteBlocksCommand with id=1570292713856 timed out. Retrying.
2019-10-05 16:25:25,881 [pool-7-thread-1] INFO  commands.RetriableDatanodeEventWatcher (RetriableDatanodeEventWatcher.java:onTimeout(47)) - RetriableDatanodeCommand type=deleteBlocksCommand with id=1570292713935 timed out. Retrying.
2019-10-05 16:25:25,881 [pool-7-thread-2] INFO  commands.RetriableDatanodeEventWatcher (RetriableDatanodeEventWatcher.java:onTimeout(47)) - RetriableDatanodeCommand type=deleteBlocksCommand with id=1570292713866 timed out. Retrying.
2019-10-05 16:25:25,894 [pool-7-thread-2] INFO  commands.RetriableDatanodeEventWatcher (RetriableDatanodeEventWatcher.java:onTimeout(47)) - RetriableDatanodeCommand type=deleteBlocksCommand with id=1570292713876 timed out. Retrying.
2019-10-05 16:25:25,897 [pool-7-thread-2] INFO  commands.RetriableDatanodeEventWatcher (RetriableDatanodeEventWatcher.java:onTimeout(47)) - RetriableDatanodeCommand type=deleteBlocksCommand with id=1570292713945 timed out. Retrying.
2019-10-05 16:25:25,909 [pool-7-thread-2] INFO  commands.RetriableDatanodeEventWatcher (RetriableDatanodeEventWatcher.java:onTimeout(47)) - RetriableDatanodeCommand type=deleteBlocksCommand with id=1570292713955 timed out. Retrying.
2019-10-05 16:25:25,913 [pool-7-thread-2] INFO  commands.RetriableDatanodeEventWatcher (RetriableDatanodeEventWatcher.java:onTimeout(47)) - RetriableDatanodeCommand type=deleteBlocksCommand with id=1570292713886 timed out. Retrying.
2019-10-05 16:25:25,923 [pool-7-thread-2] INFO  commands.RetriableDatanodeEventWatcher (RetriableDatanodeEventWatcher.java:onTimeout(47)) - RetriableDatanodeCommand type=deleteBlocksCommand with id=1570292713965 timed out. Retrying.
2019-10-05 16:25:25,923 [pool-7-thread-2] INFO  commands.RetriableDatanodeEventWatcher (RetriableDatanodeEventWatcher.java:onTimeout(47)) - RetriableDatanodeCommand type=deleteBlocksCommand with id=1570292713896 timed out. Retrying.
2019-10-05 16:25:25,936 [SCMBlockDeletingService#0] DEBUG block.SCMBlockDeletingService (SCMBlockDeletingService.java:call(138)) - Running DeletedBlockTransactionScanner
2019-10-05 16:25:25,937 [SCMBlockDeletingService#0] DEBUG block.SCMBlockDeletingService (SCMBlockDeletingService.java:call(155)) - Scanned deleted blocks log and got 3 delTX to process.
2019-10-05 16:25:25,937 [SCMBlockDeletingService#0] DEBUG block.SCMBlockDeletingService (SCMBlockDeletingService.java:call(171)) - Added delete block command for datanode 29926ed2-d930-4601-9cf8-13a6494a0fce in the queue, number of delete block transactions: 3, TxID list: 1,2,3
2019-10-05 16:25:25,937 [SCMBlockDeletingService#0] INFO  block.SCMBlockDeletingService (SCMBlockDeletingService.java:call(182)) - Totally added 3 delete blocks command for 1 datanodes, task elapsed time: 1ms
2019-10-05 16:25:25,941 [pool-7-thread-2] INFO  commands.RetriableDatanodeEventWatcher (RetriableDatanodeEventWatcher.java:onTimeout(47)) - RetriableDatanodeCommand type=deleteBlocksCommand with id=1570292713906 timed out. Retrying.
2019-10-05 16:25:25,952 [pool-7-thread-2] INFO  commands.RetriableDatanodeEventWatcher (RetriableDatanodeEventWatcher.java:onTimeout(47)) - RetriableDatanodeCommand type=deleteBlocksCommand with id=1570292713916 timed out. Retrying.
2019-10-05 16:25:25,967 [pool-7-thread-2] INFO  commands.RetriableDatanodeEventWatcher (RetriableDatanodeEventWatcher.java:onTimeout(47)) - RetriableDatanodeCommand type=deleteBlocksCommand with id=1570292713926 timed out. Retrying.
2019-10-05 16:25:25,967 [pool-7-thread-1] INFO  commands.RetriableDatanodeEventWatcher (RetriableDatanodeEventWatcher.java:onTimeout(47)) - RetriableDatanodeCommand type=deleteBlocksCommand with id=1570292713857 timed out. Retrying.
2019-10-05 16:25:25,980 [pool-7-thread-1] INFO  commands.RetriableDatanodeEventWatcher (RetriableDatanodeEventWatcher.java:onTimeout(47)) - RetriableDatanodeCommand type=deleteBlocksCommand with id=1570292713867 timed out. Retrying.
2019-10-05 16:25:25,983 [pool-7-thread-1] INFO  commands.RetriableDatanodeEventWatcher (RetriableDatanodeEventWatcher.java:onTimeout(47)) - RetriableDatanodeCommand type=deleteBlocksCommand with id=1570292713936 timed out. Retrying.
2019-10-05 16:25:25,997 [pool-7-thread-1] INFO  commands.RetriableDatanodeEventWatcher (RetriableDatanodeEventWatcher.java:onTimeout(47)) - RetriableDatanodeCommand type=deleteBlocksCommand with id=1570292713946 timed out. Retrying.
2019-10-05 16:25:25,997 [pool-7-thread-2] INFO  commands.RetriableDatanodeEventWatcher (RetriableDatanodeEventWatcher.java:onTimeout(47)) - RetriableDatanodeCommand type=deleteBlocksCommand with id=1570292713877 timed out. Retrying.
2019-10-05 16:25:26,010 [pool-7-thread-2] INFO  commands.RetriableDatanodeEventWatcher (RetriableDatanodeEventWatcher.java:onTimeout(47)) - RetriableDatanodeCommand type=deleteBlocksCommand with id=1570292713887 timed out. Retrying.
2019-10-05 16:25:26,011 [pool-7-thread-2] INFO  commands.RetriableDatanodeEventWatcher (RetriableDatanodeEventWatcher.java:onTimeout(47)) - RetriableDatanodeCommand type=deleteBlocksCommand with id=1570292713956 timed out. Retrying.
2019-10-05 16:25:26,025 [pool-7-thread-2] INFO  commands.RetriableDatanodeEventWatcher (RetriableDatanodeEventWatcher.java:onTimeout(47)) - RetriableDatanodeCommand type=deleteBlocksCommand with id=1570292713966 timed out. Retrying.
2019-10-05 16:25:26,026 [pool-7-thread-1] INFO  commands.RetriableDatanodeEventWatcher (RetriableDatanodeEventWatcher.java:onTimeout(47)) - RetriableDatanodeCommand type=deleteBlocksCommand with id=1570292713897 timed out. Retrying.
2019-10-05 16:25:26,037 [SCMBlockDeletingService#0] DEBUG block.SCMBlockDeletingService (SCMBlockDeletingService.java:call(138)) - Running DeletedBlockTransactionScanner
2019-10-05 16:25:26,038 [SCMBlockDeletingService#0] DEBUG block.SCMBlockDeletingService (SCMBlockDeletingService.java:call(155)) - Scanned deleted blocks log and got 3 delTX to process.
2019-10-05 16:25:26,038 [SCMBlockDeletingService#0] DEBUG block.SCMBlockDeletingService (SCMBlockDeletingService.java:call(171)) - Added delete block command for datanode 29926ed2-d930-4601-9cf8-13a6494a0fce in the queue, number of delete block transactions: 3, TxID list: 1,2,3
2019-10-05 16:25:26,038 [SCMBlockDeletingService#0] INFO  block.SCMBlockDeletingService (SCMBlockDeletingService.java:call(182)) - Totally added 3 delete blocks command for 1 datanodes, task elapsed time: 1ms
2019-10-05 16:25:26,041 [pool-7-thread-1] INFO  commands.RetriableDatanodeEventWatcher (RetriableDatanodeEventWatcher.java:onTimeout(47)) - RetriableDatanodeCommand type=deleteBlocksCommand with id=1570292713907 timed out. Retrying.
2019-10-05 16:25:26,054 [pool-7-thread-1] INFO  commands.RetriableDatanodeEventWatcher (RetriableDatanodeEventWatcher.java:onTimeout(47)) - RetriableDatanodeCommand type=deleteBlocksCommand with id=1570292713917 timed out. Retrying.
2019-10-05 16:25:26,067 [pool-7-thread-1] INFO  commands.RetriableDatanodeEventWatcher (RetriableDatanodeEventWatcher.java:onTimeout(47)) - RetriableDatanodeCommand type=deleteBlocksCommand with id=1570292713858 timed out. Retrying.
2019-10-05 16:25:26,069 [pool-7-thread-1] INFO  commands.RetriableDatanodeEventWatcher (RetriableDatanodeEventWatcher.java:onTimeout(47)) - RetriableDatanodeCommand type=deleteBlocksCommand with id=1570292713927 timed out. Retrying.
2019-10-05 16:25:26,081 [pool-7-thread-1] INFO  commands.RetriableDatanodeEventWatcher (RetriableDatanodeEventWatcher.java:onTimeout(47)) - RetriableDatanodeCommand type=deleteBlocksCommand with id=1570292713868 timed out. Retrying.
2019-10-05 16:25:26,083 [pool-7-thread-1] INFO  commands.RetriableDatanodeEventWatcher (RetriableDatanodeEventWatcher.java:onTimeout(47)) - RetriableDatanodeCommand type=deleteBlocksCommand with id=1570292713937 timed out. Retrying.
2019-10-05 16:25:26,099 [pool-7-thread-1] INFO  commands.RetriableDatanodeEventWatcher (RetriableDatanodeEventWatcher.java:onTimeout(47)) - RetriableDatanodeCommand type=deleteBlocksCommand with id=1570292713947 timed out. Retrying.
2019-10-05 16:25:26,099 [pool-7-thread-2] INFO  commands.RetriableDatanodeEventWatcher (RetriableDatanodeEventWatcher.java:onTimeout(47)) - RetriableDatanodeCommand type=deleteBlocksCommand with id=1570292713878 timed out. Retrying.
2019-10-05 16:25:26,114 [pool-7-thread-1] INFO  commands.RetriableDatanodeEventWatcher (RetriableDatanodeEventWatcher.java:onTimeout(47)) - RetriableDatanodeCommand type=deleteBlocksCommand with id=1570292713888 timed out. Retrying.
2019-10-05 16:25:26,114 [pool-7-thread-2] INFO  commands.RetriableDatanodeEventWatcher (RetriableDatanodeEventWatcher.java:onTimeout(47)) - RetriableDatanodeCommand type=deleteBlocksCommand with id=1570292713957 timed out. Retrying.
2019-10-05 16:25:26,125 [pool-7-thread-2] INFO  commands.RetriableDatanodeEventWatcher (RetriableDatanodeEventWatcher.java:onTimeout(47)) - RetriableDatanodeCommand type=deleteBlocksCommand with id=1570292713967 timed out. Retrying.
2019-10-05 16:25:26,128 [pool-7-thread-2] INFO  commands.RetriableDatanodeEventWatcher (RetriableDatanodeEventWatcher.java:onTimeout(47)) - RetriableDatanodeCommand type=deleteBlocksCommand with id=1570292713898 timed out. Retrying.
2019-10-05 16:25:26,139 [SCMBlockDeletingService#0] DEBUG block.SCMBlockDeletingService (SCMBlockDeletingService.java:call(138)) - Running DeletedBlockTransactionScanner
2019-10-05 16:25:26,139 [SCMBlockDeletingService#0] DEBUG block.SCMBlockDeletingService (SCMBlockDeletingService.java:call(155)) - Scanned deleted blocks log and got 3 delTX to process.
2019-10-05 16:25:26,139 [SCMBlockDeletingService#0] DEBUG block.SCMBlockDeletingService (SCMBlockDeletingService.java:call(171)) - Added delete block command for datanode 29926ed2-d930-4601-9cf8-13a6494a0fce in the queue, number of delete block transactions: 3, TxID list: 1,2,3
2019-10-05 16:25:26,140 [SCMBlockDeletingService#0] INFO  block.SCMBlockDeletingService (SCMBlockDeletingService.java:call(182)) - Totally added 3 delete blocks command for 1 datanodes, task elapsed time: 1ms
2019-10-05 16:25:26,142 [pool-7-thread-2] INFO  commands.RetriableDatanodeEventWatcher (RetriableDatanodeEventWatcher.java:onTimeout(47)) - RetriableDatanodeCommand type=deleteBlocksCommand with id=1570292713908 timed out. Retrying.
2019-10-05 16:25:26,157 [pool-7-thread-2] INFO  commands.RetriableDatanodeEventWatcher (RetriableDatanodeEventWatcher.java:onTimeout(47)) - RetriableDatanodeCommand type=deleteBlocksCommand with id=1570292713918 timed out. Retrying.
2019-10-05 16:25:26,168 [pool-7-thread-2] INFO  commands.RetriableDatanodeEventWatcher (RetriableDatanodeEventWatcher.java:onTimeout(47)) - RetriableDatanodeCommand type=deleteBlocksCommand with id=1570292713859 timed out. Retrying.
2019-10-05 16:25:26,171 [pool-7-thread-2] INFO  commands.RetriableDatanodeEventWatcher (RetriableDatanodeEventWatcher.java:onTimeout(47)) - RetriableDatanodeCommand type=deleteBlocksCommand with id=1570292713928 timed out. Retrying.
2019-10-05 16:25:26,182 [pool-7-thread-2] INFO  commands.RetriableDatanodeEventWatcher (RetriableDatanodeEventWatcher.java:onTimeout(47)) - RetriableDatanodeCommand type=deleteBlocksCommand with id=1570292713869 timed out. Retrying.
2019-10-05 16:25:26,185 [pool-7-thread-2] INFO  commands.RetriableDatanodeEventWatcher (RetriableDatanodeEventWatcher.java:onTimeout(47)) - RetriableDatanodeCommand type=deleteBlocksCommand with id=1570292713938 timed out. Retrying.
2019-10-05 16:25:26,201 [pool-7-thread-1] INFO  commands.RetriableDatanodeEventWatcher (RetriableDatanodeEventWatcher.java:onTimeout(47)) - RetriableDatanodeCommand type=deleteBlocksCommand with id=1570292713879 timed out. Retrying.
2019-10-05 16:25:26,201 [pool-7-thread-2] INFO  commands.RetriableDatanodeEventWatcher (RetriableDatanodeEventWatcher.java:onTimeout(47)) - RetriableDatanodeCommand type=deleteBlocksCommand with id=1570292713948 timed out. Retrying.
2019-10-05 16:25:26,282 [SCMBlockDeletingService#0] DEBUG block.SCMBlockDeletingService (SCMBlockDeletingService.java:call(138)) - Running DeletedBlockTransactionScanner
2019-10-05 16:25:26,282 [pool-7-thread-1] INFO  commands.RetriableDatanodeEventWatcher (RetriableDatanodeEventWatcher.java:onTimeout(47)) - RetriableDatanodeCommand type=deleteBlocksCommand with id=1570292713968 timed out. Retrying.
2019-10-05 16:25:26,326 [pool-7-thread-2] INFO  commands.RetriableDatanodeEventWatcher (RetriableDatanodeEventWatcher.java:onTimeout(47)) - RetriableDatanodeCommand type=deleteBlocksCommand with id=1570292713929 timed out. Retrying.
SCMBlockDeletingService.java:call(155)) - Scanned deleted blocks log and got 3 delTX to process.
2019-10-05 16:25:26,326 [pool-7-thread-2] INFO  commands.RetriableDatanodeEventWatcher (RetriableDatanodeEventWatcher.java:onTimeout(47)) - RetriableDatanodeCommand type=deleteBlocksCommand with id=1570292713929 timed out. Retrying.
2019-10-05 16:25:26,327 [pool-7-thread-6] INFO  commands.RetriableDatanodeEventWatcher (SCMBlockDeletingService.java:call(171)) - Added delete block command for datanode 29926ed2-d930-4601-9cf8-13a6494a0fce in the queue, number of delete block transactions: 3, TxID list: 1,2,3
2019-10-05 16:25:26,327 [pool-7-thread-6] INFO  commands.RetriableDatanodeEventWatcher (RetriableDatanodeEventWatcher.java:onTimeout(47)) - RetriableDatanodeCommand type=deleteBlocksCommand with id=1570292713919 timed out. Retrying.
2019-10-05 16:25:26,328 [pool-7-thread-5] INFO  commands.RetriableDatanodeEventWatcher (RetriableDatanodeEventWatcher.java:onTimeout(47)) - RetriableDatanodeCommand type=deleteBlocksCommand with id=1570292713909 timed out. Retrying.
2019-10-05 16:25:26,329 [pool-7-thread-4] INFO  commands.RetriableDatanodeEventWatcher (RetriableDatanodeEventWatcher.java:onTimeout(47)) - RetriableDatanodeCommand type=deleteBlocksCommand with id=1570292713860 timed out. Retrying.
2019-10-05 16:25:26,329 [SCMBlockDeletingService#0] INFO  block.SCMBlockDeletingService (RetriableDatanodeEventWatcher.java:onTimeout(47)) - RetriableDatanodeCommand type=deleteBlocksCommand with id=1570292713870 timed out. Retrying.
SCMBlockDeletingService.java:call(182)) - Totally added 3 delete blocks command for 1 datanodes, task elapsed time: 47ms
2019-10-05 16:25:26,329 [pool-7-thread-1] INFO  commands.RetriableDatanodeEventWatcher (RetriableDatanodeEventWatcher.java:onTimeout(47)) - RetriableDatanodeCommand type=deleteBlocksCommand with id=1570292713870 timed out. Retrying.
2019-10-05 16:25:26,329 [pool-7-thread-3] INFO  commands.RetriableDatanodeEventWatcher (RetriableDatanodeEventWatcher.java:onTimeout(47)) - RetriableDatanodeCommand type=deleteBlocksCommand with id=1570292713958 timed out. Retrying.
2019-10-05 16:25:26,329 [pool-7-thread-13] INFO  commands.RetriableDatanodeEventWatcher (RetriableDatanodeEventWatcher.java:onTimeout(47)) - RetriableDatanodeCommand type=deleteBlocksCommand with id=1570292713969 timed out. Retrying.
2019-10-05 16:25:26,330 [pool-7-thread-12] INFO  commands.RetriableDatanodeEventWatcher (RetriableDatanodeEventWatcher.java:onTimeout(47)) - RetriableDatanodeCommand type=deleteBlocksCommand with id=1570292713900 timed out. Retrying.
2019-10-05 16:25:26,330 [pool-7-thread-11] INFO  commands.RetriableDatanodeEventWatcher (RetriableDatanodeEventWatcher.java:onTimeout(47)) - RetriableDatanodeCommand type=deleteBlocksCommand with id=1570292713880 timed out. Retrying.
2019-10-05 16:25:26,330 [pool-7-thread-6] INFO  commands.RetriableDatanodeEventWatcher (RetriableDatanodeEventWatcher.java:onTimeout(47)) - RetriableDatanodeCommand type=deleteBlocksCommand with id=1570292713959 timed out. Retrying.
2019-10-05 16:25:26,330 [pool-7-thread-10] INFO  commands.RetriableDatanodeEventWatcher (RetriableDatanodeEventWatcher.java:onTimeout(47)) - RetriableDatanodeCommand type=deleteBlocksCommand with id=1570292713949 timed out. Retrying.
2019-10-05 16:25:26,330 [pool-7-thread-9] INFO  commands.RetriableDatanodeEventWatcher (RetriableDatanodeEventWatcher.java:onTimeout(47)) - RetriableDatanodeCommand type=deleteBlocksCommand with id=1570292713939 timed out. Retrying.
2019-10-05 16:25:26,330 [pool-7-thread-8] INFO  commands.RetriableDatanodeEventWatcher (RetriableDatanodeEventWatcher.java:onTimeout(47)) - RetriableDatanodeCommand type=deleteBlocksCommand with id=1570292713890 timed out. Retrying.
2019-10-05 16:25:26,331 [pool-7-thread-2] INFO  commands.RetriableDatanodeEventWatcher (RetriableDatanodeEventWatcher.java:onTimeout(47)) - RetriableDatanodeCommand type=deleteBlocksCommand with id=1570292713899 timed out. Retrying.
2019-10-05 16:25:26,331 [pool-7-thread-7] INFO  commands.RetriableDatanodeEventWatcher (RetriableDatanodeEventWatcher.java:onTimeout(47)) - RetriableDatanodeCommand type=deleteBlocksCommand with id=1570292713889 timed out. Retrying.
2019-10-05 16:25:26,346 [pool-7-thread-7] INFO  commands.RetriableDatanodeEventWatcher (RetriableDatanodeEventWatcher.java:onTimeout(47)) - RetriableDatanodeCommand type=deleteBlocksCommand with id=1570292713910 timed out. Retrying.
2019-10-05 16:25:26,360 [pool-7-thread-7] INFO  commands.RetriableDatanodeEventWatcher (RetriableDatanodeEventWatcher.java:onTimeout(47)) - RetriableDatanodeCommand type=deleteBlocksCommand with id=1570292713920 timed out. Retrying.
2019-10-05 16:25:26,373 [pool-7-thread-7] INFO  commands.RetriableDatanodeEventWatcher (RetriableDatanodeEventWatcher.java:onTimeout(47)) - RetriableDatanodeCommand type=deleteBlocksCommand with id=1570292713930 timed out. Retrying.
2019-10-05 16:25:26,373 [pool-7-thread-2] INFO  commands.RetriableDatanodeEventWatcher (RetriableDatanodeEventWatcher.java:onTimeout(47)) - RetriableDatanodeCommand type=deleteBlocksCommand with id=1570292713861 timed out. Retrying.
2019-10-05 16:25:26,388 [pool-7-thread-2] INFO  commands.RetriableDatanodeEventWatcher (RetriableDatanodeEventWatcher.java:onTimeout(47)) - RetriableDatanodeCommand type=deleteBlocksCommand with id=1570292713871 timed out. Retrying.
2019-10-05 16:25:26,388 [pool-7-thread-2] INFO  commands.RetriableDatanodeEventWatcher (RetriableDatanodeEventWatcher.java:onTimeout(47)) - RetriableDatanodeCommand type=deleteBlocksCommand with id=1570292713940 timed out. Retrying.
2019-10-05 16:25:26,403 [pool-7-thread-7] INFO  commands.RetriableDatanodeEventWatcher (RetriableDatanodeEventWatcher.java:onTimeout(47)) - RetriableDatanodeCommand type=deleteBlocksCommand with id=1570292713881 timed out. Retrying.
2019-10-05 16:25:26,403 [pool-7-thread-2] INFO  commands.RetriableDatanodeEventWatcher (RetriableDatanodeEventWatcher.java:onTimeout(47)) - RetriableDatanodeCommand type=deleteBlocksCommand with id=1570292713950 timed out. Retrying.
2019-10-05 16:25:26,416 [pool-7-thread-2] INFO  commands.RetriableDatanodeEventWatcher (RetriableDatanodeEventWatcher.java:onTimeout(47)) - RetriableDatanodeCommand type=deleteBlocksCommand with id=1570292713891 timed out. Retrying.
2019-10-05 16:25:26,417 [pool-7-thread-2] INFO  commands.RetriableDatanodeEventWatcher (RetriableDatanodeEventWatcher.java:onTimeout(47)) - RetriableDatanodeCommand type=deleteBlocksCommand with id=1570292713960 timed out. Retrying.
2019-10-05 16:25:26,429 [SCMBlockDeletingService#0] DEBUG block.SCMBlockDeletingService (SCMBlockDeletingService.java:call(138)) - Running DeletedBlockTransactionScanner
2019-10-05 16:25:26,430 [pool-7-thread-2] INFO  commands.RetriableDatanodeEventWatcher (RetriableDatanodeEventWatcher.java:onTimeout(47)) - RetriableDatanodeCommand type=deleteBlocksCommand with id=1570292713970 timed out. Retrying.
2019-10-05 16:25:26,430 [SCMBlockDeletingService#0] DEBUG block.SCMBlockDeletingService (SCMBlockDeletingService.java:call(155)) - Scanned deleted blocks log and got 3 delTX to process.
2019-10-05 16:25:26,430 [SCMBlockDeletingService#0] DEBUG block.SCMBlockDeletingService (SCMBlockDeletingService.java:call(171)) - Added delete block command for datanode 29926ed2-d930-4601-9cf8-13a6494a0fce in the queue, number of delete block transactions: 3, TxID list: 1,2,3
2019-10-05 16:25:26,430 [SCMBlockDeletingService#0] INFO  block.SCMBlockDeletingService (SCMBlockDeletingService.java:call(182)) - Totally added 3 delete blocks command for 1 datanodes, task elapsed time: 1ms
2019-10-05 16:25:26,431 [pool-7-thread-2] INFO  commands.RetriableDatanodeEventWatcher (RetriableDatanodeEventWatcher.java:onTimeout(47)) - RetriableDatanodeCommand type=deleteBlocksCommand with id=1570292713901 timed out. Retrying.
2019-10-05 16:25:26,448 [pool-7-thread-2] INFO  commands.RetriableDatanodeEventWatcher (RetriableDatanodeEventWatcher.java:onTimeout(47)) - RetriableDatanodeCommand type=deleteBlocksCommand with id=1570292713911 timed out. Retrying.
2019-10-05 16:25:26,461 [pool-7-thread-2] INFO  commands.RetriableDatanodeEventWatcher (RetriableDatanodeEventWatcher.java:onTimeout(47)) - RetriableDatanodeCommand type=deleteBlocksCommand with id=1570292713921 timed out. Retrying.
2019-10-05 16:25:26,474 [pool-7-thread-7] INFO  commands.RetriableDatanodeEventWatcher (RetriableDatanodeEventWatcher.java:onTimeout(47)) - RetriableDatanodeCommand type=deleteBlocksCommand with id=1570292713862 timed out. Retrying.
2019-10-05 16:25:26,474 [pool-7-thread-2] INFO  commands.RetriableDatanodeEventWatcher (RetriableDatanodeEventWatcher.java:onTimeout(47)) - RetriableDatanodeCommand type=deleteBlocksCommand with id=1570292713931 timed out. Retrying.
2019-10-05 16:25:26,488 [pool-7-thread-2] INFO  commands.RetriableDatanodeEventWatcher (RetriableDatanodeEventWatcher.java:onTimeout(47)) - RetriableDatanodeCommand type=deleteBlocksCommand with id=1570292713872 timed out. Retrying.
2019-10-05 16:25:26,490 [pool-7-thread-2] INFO  commands.RetriableDatanodeEventWatcher (RetriableDatanodeEventWatcher.java:onTimeout(47)) - RetriableDatanodeCommand type=deleteBlocksCommand with id=1570292713941 timed out. Retrying.
2019-10-05 16:25:26,505 [pool-7-thread-7] INFO  commands.RetriableDatanodeEventWatcher (RetriableDatanodeEventWatcher.java:onTimeout(47)) - RetriableDatanodeCommand type=deleteBlocksCommand with id=1570292713882 timed out. Retrying.
2019-10-05 16:25:26,506 [pool-7-thread-2] INFO  commands.RetriableDatanodeEventWatcher (RetriableDatanodeEventWatcher.java:onTimeout(47)) - RetriableDatanodeCommand type=deleteBlocksCommand with id=1570292713951 timed out. Retrying.
2019-10-05 16:25:26,519 [pool-7-thread-2] INFO  commands.RetriableDatanodeEventWatcher (RetriableDatanodeEventWatcher.java:onTimeout(47)) - RetriableDatanodeCommand type=deleteBlocksCommand with id=1570292713961 timed out. Retrying.
2019-10-05 16:25:26,520 [pool-7-thread-2] INFO  commands.RetriableDatanodeEventWatcher (RetriableDatanodeEventWatcher.java:onTimeout(47)) - RetriableDatanodeCommand type=deleteBlocksCommand with id=1570292713892 timed out. Retrying.
2019-10-05 16:25:26,531 [SCMBlockDeletingService#0] DEBUG block.SCMBlockDeletingService (SCMBlockDeletingService.java:call(138)) - Running DeletedBlockTransactionScanner
2019-10-05 16:25:26,531 [SCMBlockDeletingService#0] DEBUG block.SCMBlockDeletingService (SCMBlockDeletingService.java:call(155)) - Scanned deleted blocks log and got 3 delTX to process.
2019-10-05 16:25:26,531 [SCMBlockDeletingService#0] DEBUG block.SCMBlockDeletingService (SCMBlockDeletingService.java:call(171)) - Added delete block command for datanode 29926ed2-d930-4601-9cf8-13a6494a0fce in the queue, number of delete block transactions: 3, TxID list: 1,2,3
2019-10-05 16:25:26,531 [pool-7-thread-2] INFO  commands.RetriableDatanodeEventWatcher (RetriableDatanodeEventWatcher.java:onTimeout(47)) - RetriableDatanodeCommand type=deleteBlocksCommand with id=1570292713971 timed out. Retrying.
2019-10-05 16:25:26,532 [SCMBlockDeletingService#0] INFO  block.SCMBlockDeletingService (SCMBlockDeletingService.java:call(182)) - Totally added 3 delete blocks command for 1 datanodes, task elapsed time: 1ms
2019-10-05 16:25:26,533 [pool-7-thread-2] INFO  commands.RetriableDatanodeEventWatcher (RetriableDatanodeEventWatcher.java:onTimeout(47)) - RetriableDatanodeCommand type=deleteBlocksCommand with id=1570292713902 timed out. Retrying.
2019-10-05 16:25:26,550 [pool-7-thread-2] INFO  commands.RetriableDatanodeEventWatcher (RetriableDatanodeEventWatcher.java:onTimeout(47)) - RetriableDatanodeCommand type=deleteBlocksCommand with id=1570292713912 timed out. Retrying.
2019-10-05 16:25:26,561 [pool-7-thread-2] INFO  commands.RetriableDatanodeEventWatcher (RetriableDatanodeEventWatcher.java:onTimeout(47)) - RetriableDatanodeCommand type=deleteBlocksCommand with id=1570292713922 timed out. Retrying.
2019-10-05 16:25:26,576 [pool-7-thread-2] INFO  commands.RetriableDatanodeEventWatcher (RetriableDatanodeEventWatcher.java:onTimeout(47)) - RetriableDatanodeCommand type=deleteBlocksCommand with id=1570292713932 timed out. Retrying.
2019-10-05 16:25:26,577 [pool-7-thread-7] INFO  commands.RetriableDatanodeEventWatcher (RetriableDatanodeEventWatcher.java:onTimeout(47)) - RetriableDatanodeCommand type=deleteBlocksCommand with id=1570292713863 timed out. Retrying.
2019-10-05 16:25:26,590 [pool-7-thread-7] INFO  commands.RetriableDatanodeEventWatcher (RetriableDatanodeEventWatcher.java:onTimeout(47)) - RetriableDatanodeCommand type=deleteBlocksCommand with id=1570292713873 timed out. Retrying.
2019-10-05 16:25:26,592 [pool-7-thread-7] INFO  commands.RetriableDatanodeEventWatcher (RetriableDatanodeEventWatcher.java:onTimeout(47)) - RetriableDatanodeCommand type=deleteBlocksCommand with id=1570292713942 timed out. Retrying.
2019-10-05 16:25:26,606 [pool-7-thread-2] INFO  commands.RetriableDatanodeEventWatcher (RetriableDatanodeEventWatcher.java:onTimeout(47)) - RetriableDatanodeCommand type=deleteBlocksCommand with id=1570292713883 timed out. Retrying.
2019-10-05 16:25:26,607 [pool-7-thread-7] INFO  commands.RetriableDatanodeEventWatcher (RetriableDatanodeEventWatcher.java:onTimeout(47)) - RetriableDatanodeCommand type=deleteBlocksCommand with id=1570292713952 timed out. Retrying.
2019-10-05 16:25:26,618 [pool-7-thread-7] INFO  commands.RetriableDatanodeEventWatcher (RetriableDatanodeEventWatcher.java:onTimeout(47)) - RetriableDatanodeCommand type=deleteBlocksCommand with id=1570292713893 timed out. Retrying.
2019-10-05 16:25:26,620 [pool-7-thread-7] INFO  commands.RetriableDatanodeEventWatcher (RetriableDatanodeEventWatcher.java:onTimeout(47)) - RetriableDatanodeCommand type=deleteBlocksCommand with id=1570292713962 timed out. Retrying.
2019-10-05 16:25:26,632 [SCMBlockDeletingService#0] DEBUG block.SCMBlockDeletingService (SCMBlockDeletingService.java:call(138)) - Running DeletedBlockTransactionScanner
2019-10-05 16:25:26,632 [SCMBlockDeletingService#0] DEBUG block.SCMBlockDeletingService (SCMBlockDeletingService.java:call(155)) - Scanned deleted blocks log and got 3 delTX to process.
2019-10-05 16:25:26,633 [SCMBlockDeletingService#0] DEBUG block.SCMBlockDeletingService (SCMBlockDeletingService.java:call(171)) - Added delete block command for datanode 29926ed2-d930-4601-9cf8-13a6494a0fce in the queue, number of delete block transactions: 3, TxID list: 1,2,3
2019-10-05 16:25:26,633 [pool-7-thread-7] INFO  commands.RetriableDatanodeEventWatcher (RetriableDatanodeEventWatcher.java:onTimeout(47)) - RetriableDatanodeCommand type=deleteBlocksCommand with id=1570292713972 timed out. Retrying.
2019-10-05 16:25:26,633 [SCMBlockDeletingService#0] INFO  block.SCMBlockDeletingService (SCMBlockDeletingService.java:call(182)) - Totally added 3 delete blocks command for 1 datanodes, task elapsed time: 1ms
2019-10-05 16:25:26,636 [pool-7-thread-7] INFO  commands.RetriableDatanodeEventWatcher (RetriableDatanodeEventWatcher.java:onTimeout(47)) - RetriableDatanodeCommand type=deleteBlocksCommand with id=1570292713903 timed out. Retrying.
2019-10-05 16:25:26,650 [pool-7-thread-7] INFO  commands.RetriableDatanodeEventWatcher (RetriableDatanodeEventWatcher.java:onTimeout(47)) - RetriableDatanodeCommand type=deleteBlocksCommand with id=1570292713913 timed out. Retrying.
2019-10-05 16:25:26,662 [pool-7-thread-7] INFO  commands.RetriableDatanodeEventWatcher (RetriableDatanodeEventWatcher.java:onTimeout(47)) - RetriableDatanodeCommand type=deleteBlocksCommand with id=1570292713923 timed out. Retrying.
2019-10-05 16:25:26,681 [pool-7-thread-7] INFO  commands.RetriableDatanodeEventWatcher (RetriableDatanodeEventWatcher.java:onTimeout(47)) - RetriableDatanodeCommand type=deleteBlocksCommand with id=1570292713933 timed out. Retrying.
2019-10-05 16:25:26,681 [pool-7-thread-2] INFO  commands.RetriableDatanodeEventWatcher (RetriableDatanodeEventWatcher.java:onTimeout(47)) - RetriableDatanodeCommand type=deleteBlocksCommand with id=1570292713864 timed out. Retrying.
2019-10-05 16:25:26,683 [main] INFO  ozone.MiniOzoneClusterImpl (MiniOzoneClusterImpl.java:lambda$waitForClusterToBeReady$0(147)) - Cluster is ready. Got 1 of 1 DN Heartbeats.
2019-10-05 16:25:26,688 [pool-7-thread-2] INFO  commands.RetriableDatanodeEventWatcher (EndpointStateMachine.java:logIfNeeded(204)) - Unable to communicate to SCM server at 0.0.0.0:34754 for past 0 seconds.
java.net.SocketTimeoutException: Call From pr-hdds-2254-trunk-xw7zv-2851001327/192.168.164.228 to 0.0.0.0:34754 failed on socket timeout exception: java.net.SocketTimeoutException: 1000 millis timeout while waiting for channel to be ready for read. ch : java.nio.channels.SocketChannel[connected local=/192.168.164.228:34028 remote=/0.0.0.0:34754]; For more details see:  http://wiki.apache.org/hadoop/SocketTimeout
	at sun.reflect.NativeConstructorAccessorImpl.newInstance0(Native Method)
	at sun.reflect.NativeConstructorAccessorImpl.newInstance(NativeConstructorAccessorImpl.java:62)
	at sun.reflect.DelegatingConstructorAccessorImpl.newInstance(DelegatingConstructorAccessorImpl.java:45)
	at java.lang.reflect.Constructor.newInstance(Constructor.java:423)
	at org.apache.hadoop.net.NetUtils.wrapWithMessage(NetUtils.java:831)
	at org.apache.hadoop.net.NetUtils.wrapException(NetUtils.java:775)
	at org.apache.hadoop.ipc.Client.getRpcResponse(Client.java:1515)
	at org.apache.hadoop.ipc.Client.call(Client.java:1457)
	at org.apache.hadoop.ipc.Client.call(Client.java:1367)
	at org.apache.hadoop.ipc.ProtobufRpcEngine$Invoker.invoke(ProtobufRpcEngine.java:228)
	at org.apache.hadoop.ipc.ProtobufRpcEngine$Invoker.invoke(ProtobufRpcEngine.java:116)
	at com.sun.proxy.$Proxy33.submitRequest(Unknown Source)
	at org.apache.hadoop.ozone.protocolPB.StorageContainerDatanodeProtocolClientSideTranslatorPB.submitRequest(StorageContainerDatanodeProtocolClientSideTranslatorPB.java:116)
	at org.apache.hadoop.ozone.protocolPB.StorageContainerDatanodeProtocolClientSideTranslatorPB.sendHeartbeat(StorageContainerDatanodeProtocolClientSideTranslatorPB.java:148)
	at org.apache.hadoop.ozone.container.common.states.endpoint.HeartbeatEndpointTask.call(HeartbeatEndpointTask.java:143)
	at org.apache.hadoop.ozone.container.common.states.endpoint.HeartbeatEndpointTask.call(HeartbeatEndpointTask.java:74)
	at java.util.concurrent.FutureTask.run(FutureTask.java:266)
	at java.util.concurrent.Executors$RunnableAdapter.call(Executors.java:511)
	at java.util.concurrent.FutureTask.run(FutureTask.java:266)
	at java.util.concurrent.ThreadPoolExecutor.runWorker(ThreadPoolExecutor.java:1149)
	at java.util.concurrent.ThreadPoolExecutor$Worker.run(ThreadPoolExecutor.java:624)
	at java.lang.Thread.run(Thread.java:748)
Caused by: java.net.SocketTimeoutException: 1000 millis timeout while waiting for channel to be ready for read. ch : java.nio.channels.SocketChannel[connected local=/192.168.164.228:34028 remote=/0.0.0.0:34754]
	at org.apache.hadoop.net.SocketIOWithTimeout.doIO(SocketIOWithTimeout.java:164)
	at org.apache.hadoop.net.SocketInputStream.read(SocketInputStream.java:161)
	at org.apache.hadoop.net.SocketInputStream.read(SocketInputStream.java:131)
	at java.io.FilterInputStream.read(FilterInputStream.java:133)
	at java.io.BufferedInputStream.fill(BufferedInputStream.java:246)
	at java.io.BufferedInputStream.read(BufferedInputStream.java:265)
	at java.io.FilterInputStream.read(FilterInputStream.java:83)
	at java.io.FilterInputStream.read(FilterInputStream.java:83)
	at org.apache.hadoop.ipc.Client$Connection$PingInputStream.read(Client.java:557)
	at java.io.DataInputStream.readInt(DataInputStream.java:387)
	at org.apache.hadoop.ipc.Client$IpcStreams.readResponse(Client.java:1816)
	at org.apache.hadoop.ipc.Client$Connection.receiveRpcResponse(Client.java:1173)
	at org.apache.hadoop.ipc.Client$Connection.run(Client.java:1069)
2019-10-05 16:25:26,688 [pool-7-thread-2] INFO  commands.RetriableDatanodeEventWatcher (RetriableDatanodeEventWatcher.java:onTimeout(47)) - RetriableDatanodeCommand type=deleteBlocksCommand with id=1570292713874 timed out. Retrying.
2019-10-05 16:25:26,695 [pool-7-thread-2] INFO  commands.RetriableDatanodeEventWatcher (RetriableDatanodeEventWatcher.java:onTimeout(47)) - RetriableDatanodeCommand type=deleteBlocksCommand with id=1570292713943 timed out. Retrying.
2019-10-05 16:25:26,699 [EventQueue-PendingDeleteStatusForPendingDeleteHandler] INFO  block.SCMBlockDeletingService (SCMBlockDeletingService.java:handlePendingDeletes(115)) - Block deletion txnID mismatch in datanode 29926ed2-d930-4601-9cf8-13a6494a0fce for containerID 1. Datanode delete txnID: 0, SCM txnID: 1
2019-10-05 16:25:26,699 [EventQueue-PendingDeleteStatusForPendingDeleteHandler] INFO  block.SCMBlockDeletingService (SCMBlockDeletingService.java:handlePendingDeletes(115)) - Block deletion txnID mismatch in datanode 29926ed2-d930-4601-9cf8-13a6494a0fce for containerID 2. Datanode delete txnID: 0, SCM txnID: 2
2019-10-05 16:25:26,699 [EventQueue-PendingDeleteStatusForPendingDeleteHandler] INFO  block.SCMBlockDeletingService (SCMBlockDeletingService.java:handlePendingDeletes(115)) - Block deletion txnID mismatch in datanode 29926ed2-d930-4601-9cf8-13a6494a0fce for containerID 3. Datanode delete txnID: 0, SCM txnID: 3
2019-10-05 16:25:26,706 [pool-7-thread-7] INFO  commands.RetriableDatanodeEventWatcher (RetriableDatanodeEventWatcher.java:onTimeout(47)) - RetriableDatanodeCommand type=deleteBlocksCommand with id=1570292713884 timed out. Retrying.
2019-10-05 16:25:26,707 [pool-7-thread-2] INFO  commands.RetriableDatanodeEventWatcher (RetriableDatanodeEventWatcher.java:onTimeout(47)) - RetriableDatanodeCommand type=deleteBlocksCommand with id=1570292713953 timed out. Retrying.
2019-10-05 16:25:26,721 [pool-7-thread-2] INFO  commands.RetriableDatanodeEventWatcher (RetriableDatanodeEventWatcher.java:onTimeout(47)) - RetriableDatanodeCommand type=deleteBlocksCommand with id=1570292713963 timed out. Retrying.
2019-10-05 16:25:26,722 [pool-7-thread-2] INFO  commands.RetriableDatanodeEventWatcher (RetriableDatanodeEventWatcher.java:onTimeout(47)) - RetriableDatanodeCommand type=deleteBlocksCommand with id=1570292713894 timed out. Retrying.
2019-10-05 16:25:26,733 [SCMBlockDeletingService#0] DEBUG block.SCMBlockDeletingService (SCMBlockDeletingService.java:call(138)) - Running DeletedBlockTransactionScanner
2019-10-05 16:25:26,734 [SCMBlockDeletingService#0] DEBUG block.SCMBlockDeletingService (SCMBlockDeletingService.java:call(155)) - Scanned deleted blocks log and got 3 delTX to process.
2019-10-05 16:25:26,734 [SCMBlockDeletingService#0] DEBUG block.SCMBlockDeletingService (RetriableDatanodeEventWatcher.java:onTimeout(47)) - RetriableDatanodeCommand type=deleteBlocksCommand with id=1570292713973 timed out. Retrying.
SCMBlockDeletingService.java:call(171)) - Added delete block command for datanode 29926ed2-d930-4601-9cf8-13a6494a0fce in the queue, number of delete block transactions: 3, TxID list: 1,2,3
2019-10-05 16:25:26,734 [pool-7-thread-2] INFO  commands.RetriableDatanodeEventWatcher (RetriableDatanodeEventWatcher.java:onTimeout(47)) - RetriableDatanodeCommand type=deleteBlocksCommand with id=1570292713973 timed out. Retrying.
2019-10-05 16:25:26,734 [SCMBlockDeletingService#0] INFO  block.SCMBlockDeletingService (SCMBlockDeletingService.java:call(182)) - Totally added 3 delete blocks command for 1 datanodes, task elapsed time: 0ms
2019-10-05 16:25:26,738 [pool-7-thread-2] INFO  commands.RetriableDatanodeEventWatcher (RetriableDatanodeEventWatcher.java:onTimeout(47)) - RetriableDatanodeCommand type=deleteBlocksCommand with id=1570292713904 timed out. Retrying.
2019-10-05 16:25:26,751 [pool-7-thread-2] INFO  commands.RetriableDatanodeEventWatcher (RetriableDatanodeEventWatcher.java:onTimeout(47)) - RetriableDatanodeCommand type=deleteBlocksCommand with id=1570292713914 timed out. Retrying.
2019-10-05 16:25:26,766 [pool-7-thread-2] INFO  commands.RetriableDatanodeEventWatcher (RetriableDatanodeEventWatcher.java:onTimeout(47)) - RetriableDatanodeCommand type=deleteBlocksCommand with id=1570292713924 timed out. Retrying.
2019-10-05 16:25:26,793 [pool-7-thread-2] INFO  commands.RetriableDatanodeEventWatcher (RetriableDatanodeEventWatcher.java:onTimeout(47)) - RetriableDatanodeCommand type=deleteBlocksCommand with id=1570292713934 timed out. Retrying.
2019-10-05 16:25:26,793 [pool-7-thread-8] INFO  commands.RetriableDatanodeEventWatcher (RetriableDatanodeEventWatcher.java:onTimeout(47)) - RetriableDatanodeCommand type=deleteBlocksCommand with id=1570292713865 timed out. Retrying.
2019-10-05 16:25:26,793 [pool-7-thread-7] INFO  commands.RetriableDatanodeEventWatcher (RetriableDatanodeEventWatcher.java:onTimeout(47)) - RetriableDatanodeCommand type=deleteBlocksCommand with id=1570292713875 timed out. Retrying.
2019-10-05 16:25:26,796 [pool-7-thread-7] INFO  commands.RetriableDatanodeEventWatcher (RetriableDatanodeEventWatcher.java:onTimeout(47)) - RetriableDatanodeCommand type=deleteBlocksCommand with id=1570292713944 timed out. Retrying.
2019-10-05 16:25:26,808 [pool-7-thread-7] INFO  commands.RetriableDatanodeEventWatcher (RetriableDatanodeEventWatcher.java:onTimeout(47)) - RetriableDatanodeCommand type=deleteBlocksCommand with id=1570292713954 timed out. Retrying.
2019-10-05 16:25:26,812 [pool-7-thread-7] INFO  commands.RetriableDatanodeEventWatcher (RetriableDatanodeEventWatcher.java:onTimeout(47)) - RetriableDatanodeCommand type=deleteBlocksCommand with id=1570292713885 timed out. Retrying.
2019-10-05 16:25:26,822 [pool-7-thread-7] INFO  commands.RetriableDatanodeEventWatcher (RetriableDatanodeEventWatcher.java:onTimeout(47)) - RetriableDatanodeCommand type=deleteBlocksCommand with id=1570292713964 timed out. Retrying.
2019-10-05 16:25:26,822 [pool-7-thread-8] INFO  commands.RetriableDatanodeEventWatcher (RetriableDatanodeEventWatcher.java:onTimeout(47)) - RetriableDatanodeCommand type=deleteBlocksCommand with id=1570292713895 timed out. Retrying.
2019-10-05 16:25:26,835 [SCMBlockDeletingService#0] DEBUG block.SCMBlockDeletingService (SCMBlockDeletingService.java:call(138)) - Running DeletedBlockTransactionScanner
2019-10-05 16:25:26,835 [SCMBlockDeletingService#0] DEBUG block.SCMBlockDeletingService (SCMBlockDeletingService.java:call(155)) - Scanned deleted blocks log and got 3 delTX to process.
2019-10-05 16:25:26,835 [SCMBlockDeletingService#0] DEBUG block.SCMBlockDeletingService (SCMBlockDeletingService.java:call(171)) - Added delete block command for datanode 29926ed2-d930-4601-9cf8-13a6494a0fce in the queue, number of delete block transactions: 3, TxID list: 1,2,3
2019-10-05 16:25:26,835 [pool-7-thread-8] INFO  commands.RetriableDatanodeEventWatcher (RetriableDatanodeEventWatcher.java:onTimeout(47)) - RetriableDatanodeCommand type=deleteBlocksCommand with id=1570292713974 timed out. Retrying.
2019-10-05 16:25:26,836 [SCMBlockDeletingService#0] INFO  block.SCMBlockDeletingService (SCMBlockDeletingService.java:call(182)) - Totally added 3 delete blocks command for 1 datanodes, task elapsed time: 1ms
2019-10-05 16:25:26,838 [pool-7-thread-8] INFO  commands.RetriableDatanodeEventWatcher (RetriableDatanodeEventWatcher.java:onTimeout(47)) - RetriableDatanodeCommand type=deleteBlocksCommand with id=1570292713905 timed out. Retrying.
2019-10-05 16:25:26,922 [Thread-4620] INFO  impl.FollowerState (FollowerState.java:run(108)) - 29926ed2-d930-4601-9cf8-13a6494a0fce@group-66450F7274CF-FollowerState: change to CANDIDATE, lastRpcTime:5226ms, electionTimeout:5189ms
2019-10-05 16:25:26,925 [Thread-4620] INFO  impl.RoleInfo (RoleInfo.java:shutdownFollowerState(121)) - 29926ed2-d930-4601-9cf8-13a6494a0fce: shutdown FollowerState
2019-10-05 16:25:26,925 [Thread-4620] INFO  impl.RaftServerImpl (RaftServerImpl.java:setRole(170)) - 29926ed2-d930-4601-9cf8-13a6494a0fce@group-66450F7274CF: changes role from  FOLLOWER to CANDIDATE at term 1 for changeToCandidate
2019-10-05 16:25:26,925 [pool-7-thread-2] INFO  commands.RetriableDatanodeEventWatcher (RetriableDatanodeEventWatcher.java:onTimeout(47)) - RetriableDatanodeCommand type=deleteBlocksCommand with id=1570292713935 timed out. Retrying.
RoleInfo.java2019-10-05 16:25:26,925 [pool-7-thread-10] INFO  :updateAndGet(143)) - 29926ed2-d930-4601-9cf8-13a6494a0fce: start LeaderElection
2019-10-05 16:25:26,925 [pool-7-thread-10] INFO  commands.RetriableDatanodeEventWatcher (RetriableDatanodeEventWatcher.java:onTimeout(47)) - RetriableDatanodeCommand type=deleteBlocksCommand with id=1570292713965 timed out. Retrying.
2019-10-05 16:25:26,929 [pool-7-thread-1] INFO  commands.RetriableDatanodeEventWatcher (RetriableDatanodeEventWatcher.java:onTimeout(47)) - RetriableDatanodeCommand type=deleteBlocksCommand with id=1570292713896 timed out. Retrying.
2019-10-05 16:25:26,930 [pool-7-thread-3] INFO  commands.RetriableDatanodeEventWatcher (RetriableDatanodeEventWatcher.java:onTimeout(47)) - RetriableDatanodeCommand type=deleteBlocksCommand with id=1570292713915 timed out. Retrying.
2019-10-05 16:25:26,930 [pool-7-thread-7] INFO  commands.RetriableDatanodeEventWatcher (RetriableDatanodeEventWatcher.java:onTimeout(47)) - RetriableDatanodeCommand type=deleteBlocksCommand with id=1570292713925 timed out. Retrying.
2019-10-05 16:25:26,930 [pool-7-thread-13] INFO  commands.RetriableDatanodeEventWatcher (RetriableDatanodeEventWatcher.java:onTimeout(47)) - RetriableDatanodeCommand type=deleteBlocksCommand with id=1570292713866 timed out. Retrying.
2019-10-05 16:25:26,931 [pool-7-thread-12] INFO  commands.RetriableDatanodeEventWatcher (RetriableDatanodeEventWatcher.java:onTimeout(47)) - RetriableDatanodeCommand type=deleteBlocksCommand with id=1570292713856 timed out. Retrying.
2019-10-05 16:25:26,931 [pool-7-thread-6] INFO  commands.RetriableDatanodeEventWatcher (RetriableDatanodeEventWatcher.java:onTimeout(47)) - RetriableDatanodeCommand type=deleteBlocksCommand with id=1570292713876 timed out. Retrying.
2019-10-05 16:25:26,931 [pool-7-thread-8] INFO  commands.RetriableDatanodeEventWatcher (RetriableDatanodeEventWatcher.java:onTimeout(47)) - RetriableDatanodeCommand type=deleteBlocksCommand with id=1570292713945 timed out. Retrying.
2019-10-05 16:25:26,931 [pool-7-thread-11] INFO  commands.RetriableDatanodeEventWatcher (RetriableDatanodeEventWatcher.java:onTimeout(47)) - RetriableDatanodeCommand type=deleteBlocksCommand with id=1570292713886 timed out. Retrying.
2019-10-05 16:25:26,932 [pool-7-thread-9] INFO  commands.RetriableDatanodeEventWatcher (RetriableDatanodeEventWatcher.java:onTimeout(47)) - RetriableDatanodeCommand type=deleteBlocksCommand with id=1570292713955 timed out. Retrying.
2019-10-05 16:25:26,936 [SCMBlockDeletingService#0] DEBUG block.SCMBlockDeletingService (SCMBlockDeletingService.java:call(138)) - Running DeletedBlockTransactionScanner
2019-10-05 16:25:26,937 [SCMBlockDeletingService#0] DEBUG block.SCMBlockDeletingService (SCMBlockDeletingService.java:call(155)) - Scanned deleted blocks log and got 3 delTX to process.
2019-10-05 16:25:26,937 [SCMBlockDeletingService#0] DEBUG block.SCMBlockDeletingService (SCMBlockDeletingService.java:call(171)) - Added delete block command for datanode 29926ed2-d930-4601-9cf8-13a6494a0fce in the queue, number of delete block transactions: 3, TxID list: 1,2,3
2019-10-05 16:25:26,937 [pool-7-thread-9] INFO  commands.RetriableDatanodeEventWatcher (RetriableDatanodeEventWatcher.java:onTimeout(47)) - RetriableDatanodeCommand type=deleteBlocksCommand with id=1570292713975 timed out. Retrying.
2019-10-05 16:25:26,937 [SCMBlockDeletingService#0] INFO  block.SCMBlockDeletingService (SCMBlockDeletingService.java:call(182)) - Totally added 3 delete blocks command for 1 datanodes, task elapsed time: 2ms
2019-10-05 16:25:26,941 [pool-7-thread-9] INFO  commands.RetriableDatanodeEventWatcher (RetriableDatanodeEventWatcher.java:onTimeout(47)) - RetriableDatanodeCommand type=deleteBlocksCommand with id=1570292713906 timed out. Retrying.
2019-10-05 16:25:26,943 [29926ed2-d930-4601-9cf8-13a6494a0fce@group-66450F7274CF-LeaderElection2] INFO  impl.LeaderElection (LeaderElection.java:askForVotes(178)) - 29926ed2-d930-4601-9cf8-13a6494a0fce@group-66450F7274CF-LeaderElection2: begin an election at term 2 for 0: [29926ed2-d930-4601-9cf8-13a6494a0fce:192.168.164.228:37652], old=null
2019-10-05 16:25:26,944 [29926ed2-d930-4601-9cf8-13a6494a0fce@group-66450F7274CF-LeaderElection2] INFO  impl.RoleInfo (RoleInfo.java:shutdownLeaderElection(134)) - 29926ed2-d930-4601-9cf8-13a6494a0fce: shutdown LeaderElection
2019-10-05 16:25:26,944 [29926ed2-d930-4601-9cf8-13a6494a0fce@group-66450F7274CF-LeaderElection2] INFO  impl.RaftServerImpl (RaftServerImpl.java:setRole(170)) - 29926ed2-d930-4601-9cf8-13a6494a0fce@group-66450F7274CF: changes role from CANDIDATE to LEADER at term 2 for changeToLeader
2019-10-05 16:25:26,944 [29926ed2-d930-4601-9cf8-13a6494a0fce@group-66450F7274CF-LeaderElection2] INFO  impl.RaftServerImpl (ServerState.java:setLeader(255)) - 29926ed2-d930-4601-9cf8-13a6494a0fce@group-66450F7274CF: change Leader from null to 29926ed2-d930-4601-9cf8-13a6494a0fce at term 2 for becomeLeader, leader elected after 7284ms
2019-10-05 16:25:26,944 [29926ed2-d930-4601-9cf8-13a6494a0fce@group-66450F7274CF-LeaderElection2] INFO  server.RaftServerConfigKeys (ConfUtils.java:logGet(43)) - raft.server.staging.catchup.gap = 1000 (default)
2019-10-05 16:25:26,944 [29926ed2-d930-4601-9cf8-13a6494a0fce@group-66450F7274CF-LeaderElection2] INFO  server.RaftServerConfigKeys (ConfUtils.java:logGet(43)) - raft.server.rpc.sleep.time = 25ms (default)
2019-10-05 16:25:26,944 [29926ed2-d930-4601-9cf8-13a6494a0fce@group-66450F7274CF-LeaderElection2] INFO  server.RaftServerConfigKeys (ConfUtils.java:logGet(43)) - raft.server.write.element-limit = 4096 (default)
2019-10-05 16:25:26,944 [29926ed2-d930-4601-9cf8-13a6494a0fce@group-66450F7274CF-LeaderElection2] INFO  server.RaftServerConfigKeys (ConfUtils.java:logGet(43)) - raft.server.watch.timeout = 10s (default)
2019-10-05 16:25:26,945 [29926ed2-d930-4601-9cf8-13a6494a0fce@group-66450F7274CF-LeaderElection2] INFO  server.RaftServerConfigKeys (ConfUtils.java:logGet(43)) - raft.server.watch.timeout.denomination = 1s (default)
2019-10-05 16:25:26,945 [29926ed2-d930-4601-9cf8-13a6494a0fce@group-66450F7274CF-LeaderElection2] INFO  server.RaftServerConfigKeys (ConfUtils.java:logGet(43)) - raft.server.watch.element-limit = 65536 (default)
2019-10-05 16:25:26,945 [29926ed2-d930-4601-9cf8-13a6494a0fce@group-66450F7274CF-LeaderElection2] INFO  impl.RoleInfo (RoleInfo.java:updateAndGet(143)) - 29926ed2-d930-4601-9cf8-13a6494a0fce: start LeaderState
2019-10-05 16:25:26,946 [29926ed2-d930-4601-9cf8-13a6494a0fce@group-66450F7274CF-LeaderElection2] INFO  segmented.SegmentedRaftLogWorker (SegmentedRaftLogWorker.java:rollLogSegment(390)) - 29926ed2-d930-4601-9cf8-13a6494a0fce@group-66450F7274CF-SegmentedRaftLogWorker: Rolling segment log-5404_6103 to index:6103
2019-10-05 16:25:26,947 [29926ed2-d930-4601-9cf8-13a6494a0fce@group-66450F7274CF-LeaderElection2] INFO  impl.RaftServerImpl (ServerState.java:setRaftConf(356)) - 29926ed2-d930-4601-9cf8-13a6494a0fce@group-66450F7274CF: set configuration 6104: [29926ed2-d930-4601-9cf8-13a6494a0fce:192.168.164.228:37652], old=null at 6104
2019-10-05 16:25:26,949 [29926ed2-d930-4601-9cf8-13a6494a0fce@group-66450F7274CF-SegmentedRaftLogWorker] INFO  segmented.SegmentedRaftLogWorker (SegmentedRaftLogWorker.java:execute(531)) - 29926ed2-d930-4601-9cf8-13a6494a0fce@group-66450F7274CF-SegmentedRaftLogWorker: Rolled log segment from /workdir/hadoop-ozone/integration-test/target/test-dir/MiniOzoneClusterImpl-c3e8681e-48b4-488b-af05-0690ad4038ab/datanode-0/data/ratis/96c8ac54-7d25-47bb-8b19-66450f7274cf/current/log_inprogress_5404 to /workdir/hadoop-ozone/integration-test/target/test-dir/MiniOzoneClusterImpl-c3e8681e-48b4-488b-af05-0690ad4038ab/datanode-0/data/ratis/96c8ac54-7d25-47bb-8b19-66450f7274cf/current/log_5404-6103
2019-10-05 16:25:26,953 [pool-7-thread-9] INFO  commands.RetriableDatanodeEventWatcher (RetriableDatanodeEventWatcher.java:onTimeout(47)) - RetriableDatanodeCommand type=deleteBlocksCommand with id=1570292713916 timed out. Retrying.
2019-10-05 16:25:26,981 [pool-7-thread-9] INFO  commands.RetriableDatanodeEventWatcher (SCMBlockDeletingService.java:handlePendingDeletes(115)) - Block deletion txnID mismatch in datanode 29926ed2-d930-4601-9cf8-13a6494a0fce for containerID 1. Datanode delete txnID: 0, SCM txnID: 1
2019-10-05 16:25:26,981 [pool-7-thread-9] INFO  commands.RetriableDatanodeEventWatcher (RetriableDatanodeEventWatcher.java:onTimeout(47)) - RetriableDatanodeCommand type=deleteBlocksCommand with id=1570292713926 timed out. Retrying.
2019-10-05 16:25:26,981 [pool-7-thread-8] INFO  commands.RetriableDatanodeEventWatcher (SCMBlockDeletingService.java:handlePendingDeletes(115)) - Block deletion txnID mismatch in datanode 29926ed2-d930-4601-9cf8-13a6494a0fce for containerID 2. Datanode delete txnID: 0, SCM txnID: 2
2019-10-05 16:25:26,981 [EventQueue-PendingDeleteStatusForPendingDeleteHandler] INFO  block.SCMBlockDeletingService (RetriableDatanodeEventWatcher.java:onTimeout(47)) - RetriableDatanodeCommand type=deleteBlocksCommand with id=1570292713867 timed out. Retrying.
SCMBlockDeletingService.java:handlePendingDeletes(115)) - Block deletion txnID mismatch in datanode 29926ed2-d930-4601-9cf8-13a6494a0fce for containerID 3. Datanode delete txnID: 0, SCM txnID: 3
2019-10-05 16:25:26,981 [pool-7-thread-8] INFO  commands.RetriableDatanodeEventWatcher (RetriableDatanodeEventWatcher.java:onTimeout(47)) - RetriableDatanodeCommand type=deleteBlocksCommand with id=1570292713867 timed out. Retrying.
2019-10-05 16:25:26,981 [pool-7-thread-11] INFO  commands.RetriableDatanodeEventWatcher (RetriableDatanodeEventWatcher.java:onTimeout(47)) - RetriableDatanodeCommand type=deleteBlocksCommand with id=1570292713857 timed out. Retrying.
2019-10-05 16:25:26,984 [pool-7-thread-11] INFO  commands.RetriableDatanodeEventWatcher (RetriableDatanodeEventWatcher.java:onTimeout(47)) - RetriableDatanodeCommand type=deleteBlocksCommand with id=1570292713936 timed out. Retrying.
2019-10-05 16:25:26,993 [29926ed2-d930-4601-9cf8-13a6494a0fce@group-66450F7274CF-SegmentedRaftLogWorker] INFO  segmented.SegmentedRaftLogWorker (SegmentedRaftLogWorker.java:execute(574)) - 29926ed2-d930-4601-9cf8-13a6494a0fce@group-66450F7274CF-SegmentedRaftLogWorker: created new log segment /workdir/hadoop-ozone/integration-test/target/test-dir/MiniOzoneClusterImpl-c3e8681e-48b4-488b-af05-0690ad4038ab/datanode-0/data/ratis/96c8ac54-7d25-47bb-8b19-66450f7274cf/current/log_inprogress_6104
2019-10-05 16:25:26,997 [pool-7-thread-11] INFO  commands.RetriableDatanodeEventWatcher (RetriableDatanodeEventWatcher.java:onTimeout(47)) - RetriableDatanodeCommand type=deleteBlocksCommand with id=1570292713946 timed out. Retrying.
2019-10-05 16:25:26,997 [pool-7-thread-8] INFO  commands.RetriableDatanodeEventWatcher (RetriableDatanodeEventWatcher.java:onTimeout(47)) - RetriableDatanodeCommand type=deleteBlocksCommand with id=1570292713877 timed out. Retrying.
2019-10-05 16:25:27,011 [pool-7-thread-11] INFO  commands.RetriableDatanodeEventWatcher (RetriableDatanodeEventWatcher.java:onTimeout(47)) - RetriableDatanodeCommand type=deleteBlocksCommand with id=1570292713887 timed out. Retrying.
2019-10-05 16:25:27,011 [pool-7-thread-8] INFO  commands.RetriableDatanodeEventWatcher (RetriableDatanodeEventWatcher.java:onTimeout(47)) - RetriableDatanodeCommand type=deleteBlocksCommand with id=1570292713956 timed out. Retrying.
2019-10-05 16:25:27,026 [pool-7-thread-8] INFO  commands.RetriableDatanodeEventWatcher (RetriableDatanodeEventWatcher.java:onTimeout(47)) - RetriableDatanodeCommand type=deleteBlocksCommand with id=1570292713966 timed out. Retrying.
2019-10-05 16:25:27,027 [pool-7-thread-11] INFO  commands.RetriableDatanodeEventWatcher (RetriableDatanodeEventWatcher.java:onTimeout(47)) - RetriableDatanodeCommand type=deleteBlocksCommand with id=1570292713897 timed out. Retrying.
2019-10-05 16:25:27,038 [SCMBlockDeletingService#0] DEBUG block.SCMBlockDeletingService (SCMBlockDeletingService.java:call(138)) - Running DeletedBlockTransactionScanner
2019-10-05 16:25:27,038 [pool-7-thread-11] INFO  commands.RetriableDatanodeEventWatcher (SCMBlockDeletingService.java:call(155)) - Scanned deleted blocks log and got 3 delTX to process.
2019-10-05 16:25:27,038 [pool-7-thread-11] INFO  commands.RetriableDatanodeEventWatcher (RetriableDatanodeEventWatcher.java:onTimeout(47)) - RetriableDatanodeCommand type=deleteBlocksCommand with id=1570292713976 timed out. Retrying.
2019-10-05 16:25:27,038 [SCMBlockDeletingService#0] DEBUG block.SCMBlockDeletingService (SCMBlockDeletingService.java:call(171)) - Added delete block command for datanode 29926ed2-d930-4601-9cf8-13a6494a0fce in the queue, number of delete block transactions: 3, TxID list: 1,2,3
2019-10-05 16:25:27,039 [SCMBlockDeletingService#0] INFO  block.SCMBlockDeletingService (SCMBlockDeletingService.java:call(182)) - Totally added 3 delete blocks command for 1 datanodes, task elapsed time: 1ms
2019-10-05 16:25:27,042 [pool-7-thread-11] INFO  commands.RetriableDatanodeEventWatcher (RetriableDatanodeEventWatcher.java:onTimeout(47)) - RetriableDatanodeCommand type=deleteBlocksCommand with id=1570292713907 timed out. Retrying.
2019-10-05 16:25:27,046 [EventQueue-PendingDeleteStatusForPendingDeleteHandler] INFO  block.SCMBlockDeletingService (SCMBlockDeletingService.java:handlePendingDeletes(115)) - Block deletion txnID mismatch in datanode 29926ed2-d930-4601-9cf8-13a6494a0fce for containerID 1. Datanode delete txnID: 0, SCM txnID: 1
2019-10-05 16:25:27,046 [EventQueue-PendingDeleteStatusForPendingDeleteHandler] INFO  block.SCMBlockDeletingService (SCMBlockDeletingService.java:handlePendingDeletes(115)) - Block deletion txnID mismatch in datanode 29926ed2-d930-4601-9cf8-13a6494a0fce for containerID 2. Datanode delete txnID: 0, SCM txnID: 2
2019-10-05 16:25:27,046 [EventQueue-PendingDeleteStatusForPendingDeleteHandler] INFO  block.SCMBlockDeletingService (SCMBlockDeletingService.java:handlePendingDeletes(115)) - Block deletion txnID mismatch in datanode 29926ed2-d930-4601-9cf8-13a6494a0fce for containerID 3. Datanode delete txnID: 0, SCM txnID: 3
2019-10-05 16:25:27,054 [pool-7-thread-11] INFO  commands.RetriableDatanodeEventWatcher (RetriableDatanodeEventWatcher.java:onTimeout(47)) - RetriableDatanodeCommand type=deleteBlocksCommand with id=1570292713917 timed out. Retrying.
2019-10-05 16:25:27,068 [pool-7-thread-11] INFO  commands.RetriableDatanodeEventWatcher (RetriableDatanodeEventWatcher.java:onTimeout(47)) - RetriableDatanodeCommand type=deleteBlocksCommand with id=1570292713858 timed out. Retrying.
2019-10-05 16:25:27,068 [pool-7-thread-11] INFO  commands.RetriableDatanodeEventWatcher (RetriableDatanodeEventWatcher.java:onTimeout(47)) - RetriableDatanodeCommand type=deleteBlocksCommand with id=1570292713927 timed out. Retrying.
2019-10-05 16:25:27,077 [IPC Server handler 14 on 34754] WARN  ipc.Server (Server.java:setupResponse(2950)) - Large response size 4195799 for call Call#1993 Retry#0 org.apache.hadoop.ozone.protocol.StorageContainerDatanodeProtocol.submitRequest from 192.168.164.228:34028
2019-10-05 16:25:27,077 [IPC Server handler 14 on 34754] WARN  ipc.Server (Server.java:processResponse(1523)) - IPC Server handler 14 on 34754, call Call#1993 Retry#0 org.apache.hadoop.ozone.protocol.StorageContainerDatanodeProtocol.submitRequest from 192.168.164.228:34028: output error
2019-10-05 16:25:27,077 [IPC Server handler 14 on 34754] INFO  ipc.Server (Server.java:run(2695)) - IPC Server handler 14 on 34754 caught an exception
java.nio.channels.ClosedChannelException
	at sun.nio.ch.SocketChannelImpl.ensureWriteOpen(SocketChannelImpl.java:270)
	at sun.nio.ch.SocketChannelImpl.write(SocketChannelImpl.java:461)
	at org.apache.hadoop.ipc.Server.channelIO(Server.java:3298)
	at org.apache.hadoop.ipc.Server.channelWrite(Server.java:3250)
	at org.apache.hadoop.ipc.Server.access$1700(Server.java:137)
	at org.apache.hadoop.ipc.Server$Responder.processResponse(Server.java:1473)
	at org.apache.hadoop.ipc.Server$Responder.doRespond(Server.java:1543)
	at org.apache.hadoop.ipc.Server$Connection.sendResponse(Server.java:2593)
	at org.apache.hadoop.ipc.Server$Connection.access$300(Server.java:1615)
	at org.apache.hadoop.ipc.Server$RpcCall.doResponse(Server.java:940)
	at org.apache.hadoop.ipc.Server$Call.sendResponse(Server.java:774)
	at org.apache.hadoop.ipc.Server$RpcCall.run(Server.java:885)
	at org.apache.hadoop.ipc.Server$RpcCall.run(Server.java:822)
	at java.security.AccessController.doPrivileged(Native Method)
	at javax.security.auth.Subject.doAs(Subject.java:422)
	at org.apache.hadoop.security.UserGroupInformation.doAs(UserGroupInformation.java:1730)
	at org.apache.hadoop.ipc.Server$Handler.run(Server.java:2682)
2019-10-05 16:25:27,082 [pool-7-thread-11] INFO  commands.RetriableDatanodeEventWatcher (RetriableDatanodeEventWatcher.java:onTimeout(47)) - RetriableDatanodeCommand type=deleteBlocksCommand with id=1570292713868 timed out. Retrying.
2019-10-05 16:25:27,083 [pool-7-thread-11] INFO  commands.RetriableDatanodeEventWatcher (RetriableDatanodeEventWatcher.java:onTimeout(47)) - RetriableDatanodeCommand type=deleteBlocksCommand with id=1570292713937 timed out. Retrying.
2019-10-05 16:25:27,100 [pool-7-thread-8] INFO  commands.RetriableDatanodeEventWatcher (RetriableDatanodeEventWatcher.java:onTimeout(47)) - RetriableDatanodeCommand type=deleteBlocksCommand with id=1570292713878 timed out. Retrying.
2019-10-05 16:25:27,100 [pool-7-thread-11] INFO  commands.RetriableDatanodeEventWatcher (RetriableDatanodeEventWatcher.java:onTimeout(47)) - RetriableDatanodeCommand type=deleteBlocksCommand with id=1570292713947 timed out. Retrying.
2019-10-05 16:25:27,114 [pool-7-thread-11] INFO  commands.RetriableDatanodeEventWatcher (RetriableDatanodeEventWatcher.java:onTimeout(47)) - RetriableDatanodeCommand type=deleteBlocksCommand with id=1570292713957 timed out. Retrying.
2019-10-05 16:25:27,114 [pool-7-thread-8] INFO  commands.RetriableDatanodeEventWatcher (RetriableDatanodeEventWatcher.java:onTimeout(47)) - RetriableDatanodeCommand type=deleteBlocksCommand with id=1570292713888 timed out. Retrying.
2019-10-05 16:25:27,126 [pool-7-thread-8] INFO  commands.RetriableDatanodeEventWatcher (RetriableDatanodeEventWatcher.java:onTimeout(47)) - RetriableDatanodeCommand type=deleteBlocksCommand with id=1570292713967 timed out. Retrying.
2019-10-05 16:25:27,127 [pool-7-thread-8] INFO  commands.RetriableDatanodeEventWatcher (RetriableDatanodeEventWatcher.java:onTimeout(47)) - RetriableDatanodeCommand type=deleteBlocksCommand with id=1570292713898 timed out. Retrying.
2019-10-05 16:25:27,140 [pool-7-thread-8] INFO  commands.RetriableDatanodeEventWatcher (RetriableDatanodeEventWatcher.java:onTimeout(47)) - RetriableDatanodeCommand type=deleteBlocksCommand with id=1570292713977 timed out. Retrying.
2019-10-05 16:25:27,142 [SCMBlockDeletingService#0] DEBUG block.SCMBlockDeletingService (RetriableDatanodeEventWatcher.java:onTimeout(47)) - RetriableDatanodeCommand type=deleteBlocksCommand with id=1570292713908 timed out. Retrying.
SCMBlockDeletingService.java:call(138)) - Running DeletedBlockTransactionScanner
2019-10-05 16:25:27,142 [pool-7-thread-8] INFO  commands.RetriableDatanodeEventWatcher (RetriableDatanodeEventWatcher.java:onTimeout(47)) - RetriableDatanodeCommand type=deleteBlocksCommand with id=1570292713908 timed out. Retrying.
2019-10-05 16:25:27,143 [SCMBlockDeletingService#0] DEBUG block.SCMBlockDeletingService (SCMBlockDeletingService.java:call(155)) - Scanned deleted blocks log and got 3 delTX to process.
2019-10-05 16:25:27,143 [SCMBlockDeletingService#0] DEBUG block.SCMBlockDeletingService (SCMBlockDeletingService.java:call(171)) - Added delete block command for datanode 29926ed2-d930-4601-9cf8-13a6494a0fce in the queue, number of delete block transactions: 3, TxID list: 1,2,3
2019-10-05 16:25:27,143 [SCMBlockDeletingService#0] INFO  block.SCMBlockDeletingService (SCMBlockDeletingService.java:call(182)) - Totally added 3 delete blocks command for 1 datanodes, task elapsed time: 0ms
2019-10-05 16:25:27,158 [pool-7-thread-8] INFO  commands.RetriableDatanodeEventWatcher (RetriableDatanodeEventWatcher.java:onTimeout(47)) - RetriableDatanodeCommand type=deleteBlocksCommand with id=1570292713918 timed out. Retrying.
2019-10-05 16:25:27,168 [pool-7-thread-8] INFO  commands.RetriableDatanodeEventWatcher (RetriableDatanodeEventWatcher.java:onTimeout(47)) - RetriableDatanodeCommand type=deleteBlocksCommand with id=1570292713859 timed out. Retrying.
2019-10-05 16:25:27,172 [pool-7-thread-8] INFO  commands.RetriableDatanodeEventWatcher (RetriableDatanodeEventWatcher.java:onTimeout(47)) - RetriableDatanodeCommand type=deleteBlocksCommand with id=1570292713928 timed out. Retrying.
2019-10-05 16:25:27,182 [pool-7-thread-8] INFO  commands.RetriableDatanodeEventWatcher (RetriableDatanodeEventWatcher.java:onTimeout(47)) - RetriableDatanodeCommand type=deleteBlocksCommand with id=1570292713869 timed out. Retrying.
2019-10-05 16:25:27,186 [pool-7-thread-8] INFO  commands.RetriableDatanodeEventWatcher (RetriableDatanodeEventWatcher.java:onTimeout(47)) - RetriableDatanodeCommand type=deleteBlocksCommand with id=1570292713938 timed out. Retrying.
2019-10-05 16:25:27,201 [pool-7-thread-8] INFO  commands.RetriableDatanodeEventWatcher (RetriableDatanodeEventWatcher.java:onTimeout(47)) - RetriableDatanodeCommand type=deleteBlocksCommand with id=1570292713948 timed out. Retrying.
2019-10-05 16:25:27,201 [pool-7-thread-11] INFO  commands.RetriableDatanodeEventWatcher (RetriableDatanodeEventWatcher.java:onTimeout(47)) - RetriableDatanodeCommand type=deleteBlocksCommand with id=1570292713879 timed out. Retrying.
2019-10-05 16:25:27,244 [SCMBlockDeletingService#0] DEBUG block.SCMBlockDeletingService (SCMBlockDeletingService.java:call(138)) - Running DeletedBlockTransactionScanner
2019-10-05 16:25:27,244 [SCMBlockDeletingService#0] DEBUG block.SCMBlockDeletingService (SCMBlockDeletingService.java:call(155)) - Scanned deleted blocks log and got 3 delTX to process.
2019-10-05 16:25:27,244 [SCMBlockDeletingService#0] DEBUG block.SCMBlockDeletingService (SCMBlockDeletingService.java:call(171)) - Added delete block command for datanode 29926ed2-d930-4601-9cf8-13a6494a0fce in the queue, number of delete block transactions: 3, TxID list: 1,2,3
2019-10-05 16:25:27,244 [SCMBlockDeletingService#0] INFO  block.SCMBlockDeletingService (SCMBlockDeletingService.java:call(182)) - Totally added 3 delete blocks command for 1 datanodes, task elapsed time: 0ms
2019-10-05 16:25:27,283 [pool-7-thread-11] INFO  commands.RetriableDatanodeEventWatcher (RetriableDatanodeEventWatcher.java:onTimeout(47)) - RetriableDatanodeCommand type=deleteBlocksCommand with id=1570292713968 timed out. Retrying.
2019-10-05 16:25:27,327 [pool-7-thread-11] INFO  commands.RetriableDatanodeEventWatcher (RetriableDatanodeEventWatcher.java:onTimeout(47)) - RetriableDatanodeCommand type=deleteBlocksCommand with id=1570292713929 timed out. Retrying.
2019-10-05 16:25:27,327 [pool-7-thread-8] INFO  commands.RetriableDatanodeEventWatcher (RetriableDatanodeEventWatcher.java:onTimeout(47)) - RetriableDatanodeCommand type=deleteBlocksCommand with id=1570292713978 timed out. Retrying.
2019-10-05 16:25:27,329 [pool-7-thread-11] INFO  commands.RetriableDatanodeEventWatcher (RetriableDatanodeEventWatcher.java:onTimeout(47)) - RetriableDatanodeCommand type=deleteBlocksCommand with id=1570292713909 timed out. Retrying.
2019-10-05 16:25:27,330 [pool-7-thread-9] INFO  commands.RetriableDatanodeEventWatcher (RetriableDatanodeEventWatcher.java:onTimeout(47)) - RetriableDatanodeCommand type=deleteBlocksCommand with id=1570292713919 timed out. Retrying.
2019-10-05 16:25:27,330 [pool-7-thread-8] INFO  commands.RetriableDatanodeEventWatcher (SCMBlockDeletingService.java:handlePendingDeletes(115)) - Block deletion txnID mismatch in datanode 29926ed2-d930-4601-9cf8-13a6494a0fce for containerID 1. Datanode delete txnID: 0, SCM txnID: 1
2019-10-05 16:25:27,330 [pool-7-thread-8] INFO  commands.RetriableDatanodeEventWatcher (RetriableDatanodeEventWatcher.java:onTimeout(47)) - RetriableDatanodeCommand type=deleteBlocksCommand with id=1570292713860 timed out. Retrying.
2019-10-05 16:25:27,330 [EventQueue-PendingDeleteStatusForPendingDeleteHandler] INFO  block.SCMBlockDeletingService (SCMBlockDeletingService.java:handlePendingDeletes(115)) - Block deletion txnID mismatch in datanode 29926ed2-d930-4601-9cf8-13a6494a0fce for containerID 2. Datanode delete txnID: 0, SCM txnID: 2
2019-10-05 16:25:27,330 [EventQueue-PendingDeleteStatusForPendingDeleteHandler] INFO  block.SCMBlockDeletingService (SCMBlockDeletingService.java:handlePendingDeletes(115)) - Block deletion txnID mismatch in datanode 29926ed2-d930-4601-9cf8-13a6494a0fce for containerID 3. Datanode delete txnID: 0, SCM txnID: 3
2019-10-05 16:25:27,331 [pool-7-thread-6] INFO  commands.RetriableDatanodeEventWatcher (RetriableDatanodeEventWatcher.java:onTimeout(47)) - RetriableDatanodeCommand type=deleteBlocksCommand with id=1570292713958 timed out. Retrying.
2019-10-05 16:25:27,331 [pool-7-thread-10] INFO  commands.RetriableDatanodeEventWatcher (RetriableDatanodeEventWatcher.java:onTimeout(47)) - RetriableDatanodeCommand type=deleteBlocksCommand with id=1570292713899 timed out. Retrying.
2019-10-05 16:25:27,332 [pool-7-thread-1] INFO  commands.RetriableDatanodeEventWatcher (RetriableDatanodeEventWatcher.java:onTimeout(47)) - RetriableDatanodeCommand type=deleteBlocksCommand with id=1570292713890 timed out. Retrying.
2019-10-05 16:25:27,332 [pool-7-thread-2] INFO  commands.RetriableDatanodeEventWatcher (RetriableDatanodeEventWatcher.java:onTimeout(47)) - RetriableDatanodeCommand type=deleteBlocksCommand with id=1570292713900 timed out. Retrying.
2019-10-05 16:25:27,332 [pool-7-thread-3] INFO  commands.RetriableDatanodeEventWatcher (RetriableDatanodeEventWatcher.java:onTimeout(47)) - RetriableDatanodeCommand type=deleteBlocksCommand with id=1570292713889 timed out. Retrying.
2019-10-05 16:25:27,332 [pool-7-thread-8] INFO  commands.RetriableDatanodeEventWatcher (RetriableDatanodeEventWatcher.java:onTimeout(47)) - RetriableDatanodeCommand type=deleteBlocksCommand with id=1570292713939 timed out. Retrying.
2019-10-05 16:25:27,333 [pool-7-thread-11] INFO  commands.RetriableDatanodeEventWatcher (RetriableDatanodeEventWatcher.java:onTimeout(47)) - RetriableDatanodeCommand type=deleteBlocksCommand with id=1570292713969 timed out. Retrying.
2019-10-05 16:25:27,333 [pool-7-thread-7] INFO  commands.RetriableDatanodeEventWatcher (RetriableDatanodeEventWatcher.java:onTimeout(47)) - RetriableDatanodeCommand type=deleteBlocksCommand with id=1570292713870 timed out. Retrying.
2019-10-05 16:25:27,333 [pool-7-thread-9] INFO  commands.RetriableDatanodeEventWatcher (RetriableDatanodeEventWatcher.java:onTimeout(47)) - RetriableDatanodeCommand type=deleteBlocksCommand with id=1570292713949 timed out. Retrying.
2019-10-05 16:25:27,333 [pool-7-thread-12] INFO  commands.RetriableDatanodeEventWatcher (RetriableDatanodeEventWatcher.java:onTimeout(47)) - RetriableDatanodeCommand type=deleteBlocksCommand with id=1570292713959 timed out. Retrying.
2019-10-05 16:25:27,333 [pool-7-thread-13] INFO  commands.RetriableDatanodeEventWatcher (RetriableDatanodeEventWatcher.java:onTimeout(47)) - RetriableDatanodeCommand type=deleteBlocksCommand with id=1570292713880 timed out. Retrying.
2019-10-05 16:25:27,344 [SCMBlockDeletingService#0] DEBUG block.SCMBlockDeletingService (SCMBlockDeletingService.java:call(138)) - Running DeletedBlockTransactionScanner
2019-10-05 16:25:27,345 [SCMBlockDeletingService#0] DEBUG block.SCMBlockDeletingService (SCMBlockDeletingService.java:call(155)) - Scanned deleted blocks log and got 3 delTX to process.
2019-10-05 16:25:27,345 [SCMBlockDeletingService#0] DEBUG block.SCMBlockDeletingService (SCMBlockDeletingService.java:call(171)) - Added delete block command for datanode 29926ed2-d930-4601-9cf8-13a6494a0fce in the queue, number of delete block transactions: 3, TxID list: 1,2,3
2019-10-05 16:25:27,345 [SCMBlockDeletingService#0] INFO  block.SCMBlockDeletingService (SCMBlockDeletingService.java:call(182)) - Totally added 3 delete blocks command for 1 datanodes, task elapsed time: 0ms
2019-10-05 16:25:27,347 [pool-7-thread-13] INFO  commands.RetriableDatanodeEventWatcher (RetriableDatanodeEventWatcher.java:onTimeout(47)) - RetriableDatanodeCommand type=deleteBlocksCommand with id=1570292713910 timed out. Retrying.
2019-10-05 16:25:27,360 [pool-7-thread-13] INFO  commands.RetriableDatanodeEventWatcher (RetriableDatanodeEventWatcher.java:onTimeout(47)) - RetriableDatanodeCommand type=deleteBlocksCommand with id=1570292713920 timed out. Retrying.
2019-10-05 16:25:27,374 [pool-7-thread-13] INFO  commands.RetriableDatanodeEventWatcher (RetriableDatanodeEventWatcher.java:onTimeout(47)) - RetriableDatanodeCommand type=deleteBlocksCommand with id=1570292713930 timed out. Retrying.
2019-10-05 16:25:27,374 [pool-7-thread-12] INFO  commands.RetriableDatanodeEventWatcher (RetriableDatanodeEventWatcher.java:onTimeout(47)) - RetriableDatanodeCommand type=deleteBlocksCommand with id=1570292713861 timed out. Retrying.
2019-10-05 16:25:27,387 [pool-7-thread-12] INFO  commands.RetriableDatanodeEventWatcher (RetriableDatanodeEventWatcher.java:onTimeout(47)) - RetriableDatanodeCommand type=deleteBlocksCommand with id=1570292713871 timed out. Retrying.
2019-10-05 16:25:27,389 [pool-7-thread-12] INFO  commands.RetriableDatanodeEventWatcher (RetriableDatanodeEventWatcher.java:onTimeout(47)) - RetriableDatanodeCommand type=deleteBlocksCommand with id=1570292713940 timed out. Retrying.
2019-10-05 16:25:27,403 [pool-7-thread-12] INFO  commands.RetriableDatanodeEventWatcher (RetriableDatanodeEventWatcher.java:onTimeout(47)) - RetriableDatanodeCommand type=deleteBlocksCommand with id=1570292713881 timed out. Retrying.
2019-10-05 16:25:27,404 [pool-7-thread-12] INFO  commands.RetriableDatanodeEventWatcher (RetriableDatanodeEventWatcher.java:onTimeout(47)) - RetriableDatanodeCommand type=deleteBlocksCommand with id=1570292713950 timed out. Retrying.
2019-10-05 16:25:27,416 [pool-7-thread-12] INFO  commands.RetriableDatanodeEventWatcher (RetriableDatanodeEventWatcher.java:onTimeout(47)) - RetriableDatanodeCommand type=deleteBlocksCommand with id=1570292713891 timed out. Retrying.
2019-10-05 16:25:27,418 [pool-7-thread-12] INFO  commands.RetriableDatanodeEventWatcher (RetriableDatanodeEventWatcher.java:onTimeout(47)) - RetriableDatanodeCommand type=deleteBlocksCommand with id=1570292713960 timed out. Retrying.
2019-10-05 16:25:27,430 [pool-7-thread-12] INFO  commands.RetriableDatanodeEventWatcher (RetriableDatanodeEventWatcher.java:onTimeout(47)) - RetriableDatanodeCommand type=deleteBlocksCommand with id=1570292713970 timed out. Retrying.
2019-10-05 16:25:27,430 [pool-7-thread-13] INFO  commands.RetriableDatanodeEventWatcher (RetriableDatanodeEventWatcher.java:onTimeout(47)) - RetriableDatanodeCommand type=deleteBlocksCommand with id=1570292713979 timed out. Retrying.
2019-10-05 16:25:27,432 [pool-7-thread-13] INFO  commands.RetriableDatanodeEventWatcher (RetriableDatanodeEventWatcher.java:onTimeout(47)) - RetriableDatanodeCommand type=deleteBlocksCommand with id=1570292713901 timed out. Retrying.
2019-10-05 16:25:27,445 [SCMBlockDeletingService#0] DEBUG block.SCMBlockDeletingService (SCMBlockDeletingService.java:call(138)) - Running DeletedBlockTransactionScanner
2019-10-05 16:25:27,445 [SCMBlockDeletingService#0] DEBUG block.SCMBlockDeletingService (SCMBlockDeletingService.java:call(155)) - Scanned deleted blocks log and got 3 delTX to process.
2019-10-05 16:25:27,446 [SCMBlockDeletingService#0] DEBUG block.SCMBlockDeletingService (SCMBlockDeletingService.java:call(171)) - Added delete block command for datanode 29926ed2-d930-4601-9cf8-13a6494a0fce in the queue, number of delete block transactions: 3, TxID list: 1,2,3
2019-10-05 16:25:27,446 [SCMBlockDeletingService#0] INFO  block.SCMBlockDeletingService (SCMBlockDeletingService.java:call(182)) - Totally added 3 delete blocks command for 1 datanodes, task elapsed time: 1ms
2019-10-05 16:25:27,448 [pool-7-thread-13] INFO  commands.RetriableDatanodeEventWatcher (RetriableDatanodeEventWatcher.java:onTimeout(47)) - RetriableDatanodeCommand type=deleteBlocksCommand with id=1570292713911 timed out. Retrying.
2019-10-05 16:25:27,462 [pool-7-thread-13] INFO  commands.RetriableDatanodeEventWatcher (RetriableDatanodeEventWatcher.java:onTimeout(47)) - RetriableDatanodeCommand type=deleteBlocksCommand with id=1570292713921 timed out. Retrying.
2019-10-05 16:25:27,474 [pool-7-thread-13] INFO  commands.RetriableDatanodeEventWatcher (RetriableDatanodeEventWatcher.java:onTimeout(47)) - RetriableDatanodeCommand type=deleteBlocksCommand with id=1570292713931 timed out. Retrying.
2019-10-05 16:25:27,474 [pool-7-thread-12] INFO  commands.RetriableDatanodeEventWatcher (RetriableDatanodeEventWatcher.java:onTimeout(47)) - RetriableDatanodeCommand type=deleteBlocksCommand with id=1570292713862 timed out. Retrying.
2019-10-05 16:25:27,489 [pool-7-thread-12] INFO  commands.RetriableDatanodeEventWatcher (RetriableDatanodeEventWatcher.java:onTimeout(47)) - RetriableDatanodeCommand type=deleteBlocksCommand with id=1570292713872 timed out. Retrying.
2019-10-05 16:25:27,490 [pool-7-thread-12] INFO  commands.RetriableDatanodeEventWatcher (RetriableDatanodeEventWatcher.java:onTimeout(47)) - RetriableDatanodeCommand type=deleteBlocksCommand with id=1570292713941 timed out. Retrying.
2019-10-05 16:25:27,506 [pool-7-thread-12] INFO  commands.RetriableDatanodeEventWatcher (RetriableDatanodeEventWatcher.java:onTimeout(47)) - RetriableDatanodeCommand type=deleteBlocksCommand with id=1570292713951 timed out. Retrying.
2019-10-05 16:25:27,506 [pool-7-thread-13] INFO  commands.RetriableDatanodeEventWatcher (RetriableDatanodeEventWatcher.java:onTimeout(47)) - RetriableDatanodeCommand type=deleteBlocksCommand with id=1570292713882 timed out. Retrying.
2019-10-05 16:25:27,519 [pool-7-thread-13] INFO  commands.RetriableDatanodeEventWatcher (RetriableDatanodeEventWatcher.java:onTimeout(47)) - RetriableDatanodeCommand type=deleteBlocksCommand with id=1570292713961 timed out. Retrying.
2019-10-05 16:25:27,521 [pool-7-thread-13] INFO  commands.RetriableDatanodeEventWatcher (RetriableDatanodeEventWatcher.java:onTimeout(47)) - RetriableDatanodeCommand type=deleteBlocksCommand with id=1570292713892 timed out. Retrying.
2019-10-05 16:25:27,530 [EventQueue-PendingDeleteStatusForPendingDeleteHandler] INFO  block.SCMBlockDeletingService (SCMBlockDeletingService.java:handlePendingDeletes(115)) - Block deletion txnID mismatch in datanode 29926ed2-d930-4601-9cf8-13a6494a0fce for containerID 1. Datanode delete txnID: 0, SCM txnID: 1
2019-10-05 16:25:27,530 [EventQueue-PendingDeleteStatusForPendingDeleteHandler] INFO  block.SCMBlockDeletingService (SCMBlockDeletingService.java:handlePendingDeletes(115)) - Block deletion txnID mismatch in datanode 29926ed2-d930-4601-9cf8-13a6494a0fce for containerID 2. Datanode delete txnID: 0, SCM txnID: 2
2019-10-05 16:25:27,530 [EventQueue-PendingDeleteStatusForPendingDeleteHandler] INFO  block.SCMBlockDeletingService (SCMBlockDeletingService.java:handlePendingDeletes(115)) - Block deletion txnID mismatch in datanode 29926ed2-d930-4601-9cf8-13a6494a0fce for containerID 3. Datanode delete txnID: 0, SCM txnID: 3
2019-10-05 16:25:27,532 [pool-7-thread-13] INFO  commands.RetriableDatanodeEventWatcher (RetriableDatanodeEventWatcher.java:onTimeout(47)) - RetriableDatanodeCommand type=deleteBlocksCommand with id=1570292713971 timed out. Retrying.
2019-10-05 16:25:27,532 [pool-7-thread-12] INFO  commands.RetriableDatanodeEventWatcher (RetriableDatanodeEventWatcher.java:onTimeout(47)) - RetriableDatanodeCommand type=deleteBlocksCommand with id=1570292713980 timed out. Retrying.
2019-10-05 16:25:27,533 [pool-7-thread-12] INFO  commands.RetriableDatanodeEventWatcher (RetriableDatanodeEventWatcher.java:onTimeout(47)) - RetriableDatanodeCommand type=deleteBlocksCommand with id=1570292713902 timed out. Retrying.
2019-10-05 16:25:27,546 [SCMBlockDeletingService#0] DEBUG block.SCMBlockDeletingService (SCMBlockDeletingService.java:call(138)) - Running DeletedBlockTransactionScanner
2019-10-05 16:25:27,547 [SCMBlockDeletingService#0] DEBUG block.SCMBlockDeletingService (SCMBlockDeletingService.java:call(155)) - Scanned deleted blocks log and got 3 delTX to process.
2019-10-05 16:25:27,547 [SCMBlockDeletingService#0] DEBUG block.SCMBlockDeletingService (SCMBlockDeletingService.java:call(171)) - Added delete block command for datanode 29926ed2-d930-4601-9cf8-13a6494a0fce in the queue, number of delete block transactions: 3, TxID list: 1,2,3
2019-10-05 16:25:27,547 [SCMBlockDeletingService#0] INFO  block.SCMBlockDeletingService (SCMBlockDeletingService.java:call(182)) - Totally added 3 delete blocks command for 1 datanodes, task elapsed time: 0ms
2019-10-05 16:25:27,551 [pool-7-thread-12] INFO  commands.RetriableDatanodeEventWatcher (RetriableDatanodeEventWatcher.java:onTimeout(47)) - RetriableDatanodeCommand type=deleteBlocksCommand with id=1570292713912 timed out. Retrying.
2019-10-05 16:25:27,561 [pool-7-thread-12] INFO  commands.RetriableDatanodeEventWatcher (RetriableDatanodeEventWatcher.java:onTimeout(47)) - RetriableDatanodeCommand type=deleteBlocksCommand with id=1570292713922 timed out. Retrying.
2019-10-05 16:25:27,577 [pool-7-thread-12] INFO  commands.RetriableDatanodeEventWatcher (RetriableDatanodeEventWatcher.java:onTimeout(47)) - RetriableDatanodeCommand type=deleteBlocksCommand with id=1570292713932 timed out. Retrying.
2019-10-05 16:25:27,577 [pool-7-thread-13] INFO  commands.RetriableDatanodeEventWatcher (RetriableDatanodeEventWatcher.java:onTimeout(47)) - RetriableDatanodeCommand type=deleteBlocksCommand with id=1570292713863 timed out. Retrying.
2019-10-05 16:25:27,591 [pool-7-thread-13] INFO  commands.RetriableDatanodeEventWatcher (RetriableDatanodeEventWatcher.java:onTimeout(47)) - RetriableDatanodeCommand type=deleteBlocksCommand with id=1570292713873 timed out. Retrying.
2019-10-05 16:25:27,592 [pool-7-thread-13] INFO  commands.RetriableDatanodeEventWatcher (RetriableDatanodeEventWatcher.java:onTimeout(47)) - RetriableDatanodeCommand type=deleteBlocksCommand with id=1570292713942 timed out. Retrying.
2019-10-05 16:25:27,641 [pool-7-thread-12] INFO  commands.RetriableDatanodeEventWatcher (RetriableDatanodeEventWatcher.java:onTimeout(47)) - RetriableDatanodeCommand type=deleteBlocksCommand with id=1570292713981 timed out. Retrying.
2019-10-05 16:25:27,641 [pool-7-thread-8] INFO  commands.RetriableDatanodeEventWatcher (RetriableDatanodeEventWatcher.java:onTimeout(47)) - RetriableDatanodeCommand type=deleteBlocksCommand with id=1570292713893 timed out. Retrying.
2019-10-05 16:25:27,641 [pool-7-thread-11] INFO  commands.RetriableDatanodeEventWatcher (RetriableDatanodeEventWatcher.java:onTimeout(47)) - RetriableDatanodeCommand type=deleteBlocksCommand with id=1570292713883 timed out. Retrying.
2019-10-05 16:25:27,641 [pool-7-thread-9] INFO  commands.RetriableDatanodeEventWatcher (RetriableDatanodeEventWatcher.java:onTimeout(47)) - RetriableDatanodeCommand type=deleteBlocksCommand with id=1570292713952 timed out. Retrying.
2019-10-05 16:25:27,642 [pool-7-thread-13] INFO  commands.RetriableDatanodeEventWatcher (RetriableDatanodeEventWatcher.java:onTimeout(47)) - RetriableDatanodeCommand type=deleteBlocksCommand with id=1570292713972 timed out. Retrying.
2019-10-05 16:25:27,642 [pool-7-thread-3] INFO  commands.RetriableDatanodeEventWatcher (RetriableDatanodeEventWatcher.java:onTimeout(47)) - RetriableDatanodeCommand type=deleteBlocksCommand with id=1570292713903 timed out. Retrying.
2019-10-05 16:25:27,642 [pool-7-thread-7] INFO  commands.RetriableDatanodeEventWatcher (RetriableDatanodeEventWatcher.java:onTimeout(47)) - RetriableDatanodeCommand type=deleteBlocksCommand with id=1570292713962 timed out. Retrying.
2019-10-05 16:25:27,647 [SCMBlockDeletingService#1] DEBUG block.SCMBlockDeletingService (SCMBlockDeletingService.java:call(138)) - Running DeletedBlockTransactionScanner
2019-10-05 16:25:27,648 [SCMBlockDeletingService#1] DEBUG block.SCMBlockDeletingService (SCMBlockDeletingService.java:call(155)) - Scanned deleted blocks log and got 3 delTX to process.
2019-10-05 16:25:27,648 [SCMBlockDeletingService#1] DEBUG block.SCMBlockDeletingService (SCMBlockDeletingService.java:call(171)) - Added delete block command for datanode 29926ed2-d930-4601-9cf8-13a6494a0fce in the queue, number of delete block transactions: 3, TxID list: 1,2,3
2019-10-05 16:25:27,648 [SCMBlockDeletingService#1] INFO  block.SCMBlockDeletingService (SCMBlockDeletingService.java:call(182)) - Totally added 3 delete blocks command for 1 datanodes, task elapsed time: 0ms
2019-10-05 16:25:27,650 [pool-7-thread-7] INFO  commands.RetriableDatanodeEventWatcher (RetriableDatanodeEventWatcher.java:onTimeout(47)) - RetriableDatanodeCommand type=deleteBlocksCommand with id=1570292713913 timed out. Retrying.
2019-10-05 16:25:27,663 [pool-7-thread-7] INFO  commands.RetriableDatanodeEventWatcher (RetriableDatanodeEventWatcher.java:onTimeout(47)) - RetriableDatanodeCommand type=deleteBlocksCommand with id=1570292713923 timed out. Retrying.
2019-10-05 16:25:27,681 [pool-7-thread-7] INFO  commands.RetriableDatanodeEventWatcher (RetriableDatanodeEventWatcher.java:onTimeout(47)) - RetriableDatanodeCommand type=deleteBlocksCommand with id=1570292713933 timed out. Retrying.
2019-10-05 16:25:27,681 [pool-7-thread-3] INFO  commands.RetriableDatanodeEventWatcher (RetriableDatanodeEventWatcher.java:onTimeout(47)) - RetriableDatanodeCommand type=deleteBlocksCommand with id=1570292713864 timed out. Retrying.
2019-10-05 16:25:27,693 [pool-7-thread-3] INFO  commands.RetriableDatanodeEventWatcher (RetriableDatanodeEventWatcher.java:onTimeout(47)) - RetriableDatanodeCommand type=deleteBlocksCommand with id=1570292713874 timed out. Retrying.
2019-10-05 16:25:27,696 [pool-7-thread-3] INFO  commands.RetriableDatanodeEventWatcher (RetriableDatanodeEventWatcher.java:onTimeout(47)) - RetriableDatanodeCommand type=deleteBlocksCommand with id=1570292713943 timed out. Retrying.
2019-10-05 16:25:27,707 [pool-7-thread-3] INFO  commands.RetriableDatanodeEventWatcher (RetriableDatanodeEventWatcher.java:onTimeout(47)) - RetriableDatanodeCommand type=deleteBlocksCommand with id=1570292713953 timed out. Retrying.
2019-10-05 16:25:27,707 [pool-7-thread-7] INFO  commands.RetriableDatanodeEventWatcher (RetriableDatanodeEventWatcher.java:onTimeout(47)) - RetriableDatanodeCommand type=deleteBlocksCommand with id=1570292713884 timed out. Retrying.
2019-10-05 16:25:27,722 [pool-7-thread-7] INFO  commands.RetriableDatanodeEventWatcher (RetriableDatanodeEventWatcher.java:onTimeout(47)) - RetriableDatanodeCommand type=deleteBlocksCommand with id=1570292713963 timed out. Retrying.
2019-10-05 16:25:27,722 [pool-7-thread-3] INFO  commands.RetriableDatanodeEventWatcher (RetriableDatanodeEventWatcher.java:onTimeout(47)) - RetriableDatanodeCommand type=deleteBlocksCommand with id=1570292713894 timed out. Retrying.
2019-10-05 16:25:27,729 [Command processor thread] INFO  commandhandler.DeleteBlocksCommandHandler (DeleteBlocksCommandHandler.java:handle(106)) - Start to delete container blocks, TXIDs=[1(0),2(0),3(0)], numOfContainers=3, numOfBlocks=553
2019-10-05 16:25:27,732 [EventQueue-PendingDeleteStatusForPendingDeleteHandler] INFO  block.SCMBlockDeletingService (SCMBlockDeletingService.java:handlePendingDeletes(115)) - Block deletion txnID mismatch in datanode 29926ed2-d930-4601-9cf8-13a6494a0fce for containerID 1. Datanode delete txnID: 0, SCM txnID: 1
2019-10-05 16:25:27,732 [EventQueue-PendingDeleteStatusForPendingDeleteHandler] INFO  block.SCMBlockDeletingService (SCMBlockDeletingService.java:handlePendingDeletes(115)) - Block deletion txnID mismatch in datanode 29926ed2-d930-4601-9cf8-13a6494a0fce for containerID 2. Datanode delete txnID: 0, SCM txnID: 2
2019-10-05 16:25:27,732 [EventQueue-PendingDeleteStatusForPendingDeleteHandler] INFO  block.SCMBlockDeletingService (SCMBlockDeletingService.java:handlePendingDeletes(115)) - Block deletion txnID mismatch in datanode 29926ed2-d930-4601-9cf8-13a6494a0fce for containerID 3. Datanode delete txnID: 0, SCM txnID: 3
2019-10-05 16:25:27,734 [pool-7-thread-3] INFO  commands.RetriableDatanodeEventWatcher (RetriableDatanodeEventWatcher.java:onTimeout(47)) - RetriableDatanodeCommand type=deleteBlocksCommand with id=1570292713973 timed out. Retrying.
2019-10-05 16:25:27,734 [pool-7-thread-7] INFO  commands.RetriableDatanodeEventWatcher (RetriableDatanodeEventWatcher.java:onTimeout(47)) - RetriableDatanodeCommand type=deleteBlocksCommand with id=1570292713982 timed out. Retrying.
2019-10-05 16:25:27,738 [pool-7-thread-7] INFO  commands.RetriableDatanodeEventWatcher (RetriableDatanodeEventWatcher.java:onTimeout(47)) - RetriableDatanodeCommand type=deleteBlocksCommand with id=1570292713904 timed out. Retrying.
2019-10-05 16:25:27,749 [SCMBlockDeletingService#1] DEBUG block.SCMBlockDeletingService (SCMBlockDeletingService.java:call(138)) - Running DeletedBlockTransactionScanner
2019-10-05 16:25:27,749 [SCMBlockDeletingService#1] DEBUG block.SCMBlockDeletingService (SCMBlockDeletingService.java:call(155)) - Scanned deleted blocks log and got 3 delTX to process.
2019-10-05 16:25:27,749 [SCMBlockDeletingService#1] DEBUG block.SCMBlockDeletingService (SCMBlockDeletingService.java:call(171)) - Added delete block command for datanode 29926ed2-d930-4601-9cf8-13a6494a0fce in the queue, number of delete block transactions: 3, TxID list: 1,2,3
2019-10-05 16:25:27,750 [SCMBlockDeletingService#1] INFO  block.SCMBlockDeletingService (SCMBlockDeletingService.java:call(182)) - Totally added 3 delete blocks command for 1 datanodes, task elapsed time: 1ms
2019-10-05 16:25:27,750 [pool-7-thread-7] INFO  commands.RetriableDatanodeEventWatcher (RetriableDatanodeEventWatcher.java:onTimeout(47)) - RetriableDatanodeCommand type=deleteBlocksCommand with id=1570292713914 timed out. Retrying.
2019-10-05 16:25:27,766 [Command processor thread] INFO  commandhandler.DeleteBlocksCommandHandler (DeleteBlocksCommandHandler.java:handle(106)) - Start to delete container blocks, TXIDs=[1(0),2(0),3(0)], numOfContainers=3, numOfBlocks=553
2019-10-05 16:25:27,767 [pool-7-thread-7] INFO  commands.RetriableDatanodeEventWatcher (RetriableDatanodeEventWatcher.java:onTimeout(47)) - RetriableDatanodeCommand type=deleteBlocksCommand with id=1570292713924 timed out. Retrying.
2019-10-05 16:25:27,768 [Command processor thread] INFO  commandhandler.DeleteBlocksCommandHandler (DeleteBlocksCommandHandler.java:handle(106)) - Start to delete container blocks, TXIDs=[1(0),2(0),3(0)], numOfContainers=3, numOfBlocks=553
2019-10-05 16:25:27,769 [Command processor thread] INFO  commandhandler.DeleteBlocksCommandHandler (DeleteBlocksCommandHandler.java:handle(106)) - Start to delete container blocks, TXIDs=[1(0),2(0),3(0)], numOfContainers=3, numOfBlocks=553
2019-10-05 16:25:27,771 [Command processor thread] INFO  commandhandler.DeleteBlocksCommandHandler (DeleteBlocksCommandHandler.java:handle(106)) - Start to delete container blocks, TXIDs=[1(0),2(0),3(0)], numOfContainers=3, numOfBlocks=553
2019-10-05 16:25:27,772 [Command processor thread] INFO  commandhandler.DeleteBlocksCommandHandler (DeleteBlocksCommandHandler.java:handle(106)) - Start to delete container blocks, TXIDs=[1(0),2(0),3(0)], numOfContainers=3, numOfBlocks=553
2019-10-05 16:25:27,774 [Command processor thread] INFO  commandhandler.DeleteBlocksCommandHandler (DeleteBlocksCommandHandler.java:handle(106)) - Start to delete container blocks, TXIDs=[1(25),2(25),3(25)], numOfContainers=3, numOfBlocks=553
2019-10-05 16:25:27,775 [Command processor thread] INFO  commandhandler.DeleteBlocksCommandHandler (DeleteBlocksCommandHandler.java:handle(106)) - Start to delete container blocks, TXIDs=[1(0),2(0),3(0)], numOfContainers=3, numOfBlocks=553
2019-10-05 16:25:27,777 [Command processor thread] INFO  commandhandler.DeleteBlocksCommandHandler (DeleteBlocksCommandHandler.java:handle(106)) - Start to delete container blocks, TXIDs=[1(0),2(0),3(0)], numOfContainers=3, numOfBlocks=553
2019-10-05 16:25:27,778 [Command processor thread] INFO  commandhandler.DeleteBlocksCommandHandler (DeleteBlocksCommandHandler.java:handle(106)) - Start to delete container blocks, TXIDs=[1(0),2(0),3(0)], numOfContainers=3, numOfBlocks=553
2019-10-05 16:25:27,780 [Command processor thread] INFO  commandhandler.DeleteBlocksCommandHandler (DeleteBlocksCommandHandler.java:handle(106)) - Start to delete container blocks, TXIDs=[1(0),2(0),3(0)], numOfContainers=3, numOfBlocks=553
2019-10-05 16:25:27,781 [Command processor thread] INFO  commandhandler.DeleteBlocksCommandHandler (DeleteBlocksCommandHandler.java:handle(106)) - Start to delete container blocks, TXIDs=[1(0),2(0),3(0)], numOfContainers=3, numOfBlocks=553
2019-10-05 16:25:27,782 [Command processor thread] INFO  commandhandler.DeleteBlocksCommandHandler (DeleteBlocksCommandHandler.java:handle(106)) - Start to delete container blocks, TXIDs=[1(0),2(0),3(0)], numOfContainers=3, numOfBlocks=553
2019-10-05 16:25:27,784 [Command processor thread] INFO  commandhandler.DeleteBlocksCommandHandler (DeleteBlocksCommandHandler.java:handle(106)) - Start to delete container blocks, TXIDs=[1(0),2(0),3(0)], numOfContainers=3, numOfBlocks=553
2019-10-05 16:25:27,785 [Command processor thread] INFO  commandhandler.DeleteBlocksCommandHandler (DeleteBlocksCommandHandler.java:handle(106)) - Start to delete container blocks, TXIDs=[1(0),2(0),3(0)], numOfContainers=3, numOfBlocks=553
2019-10-05 16:25:27,786 [Command processor thread] INFO  commandhandler.DeleteBlocksCommandHandler (DeleteBlocksCommandHandler.java:handle(106)) - Start to delete container blocks, TXIDs=[1(0),2(0),3(0)], numOfContainers=3, numOfBlocks=553
2019-10-05 16:25:27,788 [Command processor thread] INFO  commandhandler.DeleteBlocksCommandHandler (DeleteBlocksCommandHandler.java:handle(106)) - Start to delete container blocks, TXIDs=[1(0),2(0),3(0)], numOfContainers=3, numOfBlocks=553
2019-10-05 16:25:27,790 [Command processor thread] INFO  commandhandler.DeleteBlocksCommandHandler (DeleteBlocksCommandHandler.java:handle(106)) - Start to delete container blocks, TXIDs=[1(0),2(0),3(0)], numOfContainers=3, numOfBlocks=553
2019-10-05 16:25:27,792 [Command processor thread] INFO  commandhandler.DeleteBlocksCommandHandler (DeleteBlocksCommandHandler.java:handle(106)) - Start to delete container blocks, TXIDs=[1(238),2(238),3(238)], numOfContainers=3, numOfBlocks=553
2019-10-05 16:25:27,794 [Command processor thread] INFO  commandhandler.DeleteBlocksCommandHandler (DeleteBlocksCommandHandler.java:handle(106)) - Start to delete container blocks, TXIDs=[1(0),2(0),3(0)], numOfContainers=3, numOfBlocks=553
2019-10-05 16:25:27,794 [pool-7-thread-7] INFO  commands.RetriableDatanodeEventWatcher (RetriableDatanodeEventWatcher.java:onTimeout(47)) - RetriableDatanodeCommand type=deleteBlocksCommand with id=1570292713934 timed out. Retrying.
2019-10-05 16:25:27,795 [pool-7-thread-13] INFO  commands.RetriableDatanodeEventWatcher (RetriableDatanodeEventWatcher.java:onTimeout(47)) - RetriableDatanodeCommand type=deleteBlocksCommand with id=1570292713865 timed out. Retrying.
2019-10-05 16:25:27,795 [pool-7-thread-3] INFO  commands.RetriableDatanodeEventWatcher (RetriableDatanodeEventWatcher.java:onTimeout(47)) - RetriableDatanodeCommand type=deleteBlocksCommand with id=1570292713875 timed out. Retrying.
2019-10-05 16:25:27,796 [Command processor thread] INFO  commandhandler.DeleteBlocksCommandHandler (DeleteBlocksCommandHandler.java:handle(106)) - Start to delete container blocks, TXIDs=[1(0),2(0),3(0)], numOfContainers=3, numOfBlocks=553
2019-10-05 16:25:27,796 [pool-7-thread-3] INFO  commands.RetriableDatanodeEventWatcher (RetriableDatanodeEventWatcher.java:onTimeout(47)) - RetriableDatanodeCommand type=deleteBlocksCommand with id=1570292713944 timed out. Retrying.
2019-10-05 16:25:27,798 [Command processor thread] INFO  commandhandler.DeleteBlocksCommandHandler (DeleteBlocksCommandHandler.java:handle(106)) - Start to delete container blocks, TXIDs=[1(0),2(0),3(0)], numOfContainers=3, numOfBlocks=553
2019-10-05 16:25:27,800 [Command processor thread] INFO  commandhandler.DeleteBlocksCommandHandler (DeleteBlocksCommandHandler.java:handle(106)) - Start to delete container blocks, TXIDs=[1(0),2(0),3(0)], numOfContainers=3, numOfBlocks=553
2019-10-05 16:25:27,801 [Command processor thread] INFO  commandhandler.DeleteBlocksCommandHandler (DeleteBlocksCommandHandler.java:handle(106)) - Start to delete container blocks, TXIDs=[1(0),2(0),3(0)], numOfContainers=3, numOfBlocks=553
2019-10-05 16:25:27,802 [Command processor thread] INFO  commandhandler.DeleteBlocksCommandHandler (DeleteBlocksCommandHandler.java:handle(106)) - Start to delete container blocks, TXIDs=[1(0),2(0),3(0)], numOfContainers=3, numOfBlocks=553
2019-10-05 16:25:27,803 [Command processor thread] INFO  commandhandler.DeleteBlocksCommandHandler (DeleteBlocksCommandHandler.java:handle(106)) - Start to delete container blocks, TXIDs=[1(0),2(0),3(0)], numOfContainers=3, numOfBlocks=553
2019-10-05 16:25:27,804 [Command processor thread] INFO  commandhandler.DeleteBlocksCommandHandler (DeleteBlocksCommandHandler.java:handle(106)) - Start to delete container blocks, TXIDs=[1(0),2(0),3(0)], numOfContainers=3, numOfBlocks=553
2019-10-05 16:25:27,805 [Command processor thread] INFO  commandhandler.DeleteBlocksCommandHandler (DeleteBlocksCommandHandler.java:handle(106)) - Start to delete container blocks, TXIDs=[1(0),2(0),3(0)], numOfContainers=3, numOfBlocks=553
2019-10-05 16:25:27,806 [Command processor thread] INFO  commandhandler.DeleteBlocksCommandHandler (DeleteBlocksCommandHandler.java:handle(106)) - Start to delete container blocks, TXIDs=[1(0),2(0),3(0)], numOfContainers=3, numOfBlocks=553
2019-10-05 16:25:27,807 [Command processor thread] INFO  commandhandler.DeleteBlocksCommandHandler (DeleteBlocksCommandHandler.java:handle(106)) - Start to delete container blocks, TXIDs=[1(0),2(0),3(0)], numOfContainers=3, numOfBlocks=553
2019-10-05 16:25:27,809 [Command processor thread] INFO  commandhandler.DeleteBlocksCommandHandler (DeleteBlocksCommandHandler.java:handle(106)) - Start to delete container blocks, TXIDs=[1(0),2(0),3(0)], numOfContainers=3, numOfBlocks=553
2019-10-05 16:25:27,809 [pool-7-thread-3] INFO  commands.RetriableDatanodeEventWatcher (RetriableDatanodeEventWatcher.java:onTimeout(47)) - RetriableDatanodeCommand type=deleteBlocksCommand with id=1570292713954 timed out. Retrying.
2019-10-05 16:25:27,810 [Command processor thread] INFO  commandhandler.DeleteBlocksCommandHandler (DeleteBlocksCommandHandler.java:handle(106)) - Start to delete container blocks, TXIDs=[1(753),2(753),3(753)], numOfContainers=3, numOfBlocks=553
2019-10-05 16:25:27,811 [Command processor thread] INFO  commandhandler.DeleteBlocksCommandHandler (DeleteBlocksCommandHandler.java:handle(106)) - Start to delete container blocks, TXIDs=[1(0),2(0),3(0)], numOfContainers=3, numOfBlocks=553
2019-10-05 16:25:27,812 [Command processor thread] INFO  commandhandler.DeleteBlocksCommandHandler (DeleteBlocksCommandHandler.java:handle(106)) - Start to delete container blocks, TXIDs=[1(0),2(0),3(0)], numOfContainers=3, numOfBlocks=553
2019-10-05 16:25:27,812 [pool-7-thread-3] INFO  commands.RetriableDatanodeEventWatcher (RetriableDatanodeEventWatcher.java:onTimeout(47)) - RetriableDatanodeCommand type=deleteBlocksCommand with id=1570292713885 timed out. Retrying.
2019-10-05 16:25:27,813 [Command processor thread] INFO  commandhandler.DeleteBlocksCommandHandler (DeleteBlocksCommandHandler.java:handle(106)) - Start to delete container blocks, TXIDs=[1(0),2(0),3(0)], numOfContainers=3, numOfBlocks=553
2019-10-05 16:25:27,814 [Command processor thread] INFO  commandhandler.DeleteBlocksCommandHandler (DeleteBlocksCommandHandler.java:handle(106)) - Start to delete container blocks, TXIDs=[1(0),2(0),3(0)], numOfContainers=3, numOfBlocks=553
2019-10-05 16:25:27,815 [Command processor thread] INFO  commandhandler.DeleteBlocksCommandHandler (DeleteBlocksCommandHandler.java:handle(106)) - Start to delete container blocks, TXIDs=[1(0),2(0),3(0)], numOfContainers=3, numOfBlocks=553
2019-10-05 16:25:27,816 [Command processor thread] INFO  commandhandler.DeleteBlocksCommandHandler (DeleteBlocksCommandHandler.java:handle(106)) - Start to delete container blocks, TXIDs=[1(0),2(0),3(0)], numOfContainers=3, numOfBlocks=553
2019-10-05 16:25:27,817 [Command processor thread] INFO  commandhandler.DeleteBlocksCommandHandler (DeleteBlocksCommandHandler.java:handle(106)) - Start to delete container blocks, TXIDs=[1(0),2(0),3(0)], numOfContainers=3, numOfBlocks=553
2019-10-05 16:25:27,819 [Command processor thread] INFO  commandhandler.DeleteBlocksCommandHandler (DeleteBlocksCommandHandler.java:handle(106)) - Start to delete container blocks, TXIDs=[1(0),2(0),3(0)], numOfContainers=3, numOfBlocks=553
2019-10-05 16:25:27,820 [Command processor thread] INFO  commandhandler.DeleteBlocksCommandHandler (DeleteBlocksCommandHandler.java:handle(106)) - Start to delete container blocks, TXIDs=[1(0),2(0),3(0)], numOfContainers=3, numOfBlocks=553
2019-10-05 16:25:27,821 [Command processor thread] INFO  commandhandler.DeleteBlocksCommandHandler (DeleteBlocksCommandHandler.java:handle(106)) - Start to delete container blocks, TXIDs=[1(0),2(0),3(0)], numOfContainers=3, numOfBlocks=553
2019-10-05 16:25:27,822 [Command processor thread] INFO  commandhandler.DeleteBlocksCommandHandler (DeleteBlocksCommandHandler.java:handle(106)) - Start to delete container blocks, TXIDs=[1(0),2(0),3(0)], numOfContainers=3, numOfBlocks=553
2019-10-05 16:25:27,822 [pool-7-thread-3] INFO  commands.RetriableDatanodeEventWatcher (RetriableDatanodeEventWatcher.java:onTimeout(47)) - RetriableDatanodeCommand type=deleteBlocksCommand with id=1570292713964 timed out. Retrying.
2019-10-05 16:25:27,823 [pool-7-thread-13] INFO  commands.RetriableDatanodeEventWatcher (RetriableDatanodeEventWatcher.java:onTimeout(47)) - RetriableDatanodeCommand type=deleteBlocksCommand with id=1570292713895 timed out. Retrying.
2019-10-05 16:25:27,823 [Command processor thread] INFO  commandhandler.DeleteBlocksCommandHandler (DeleteBlocksCommandHandler.java:handle(106)) - Start to delete container blocks, TXIDs=[1(0),2(0),3(0)], numOfContainers=3, numOfBlocks=553
2019-10-05 16:25:27,824 [Command processor thread] INFO  commandhandler.DeleteBlocksCommandHandler (DeleteBlocksCommandHandler.java:handle(106)) - Start to delete container blocks, TXIDs=[1(753),2(753),3(753)], numOfContainers=3, numOfBlocks=553
2019-10-05 16:25:27,825 [Command processor thread] INFO  commandhandler.DeleteBlocksCommandHandler (DeleteBlocksCommandHandler.java:handle(106)) - Start to delete container blocks, TXIDs=[1(0),2(0),3(0)], numOfContainers=3, numOfBlocks=553
2019-10-05 16:25:27,826 [Command processor thread] INFO  commandhandler.DeleteBlocksCommandHandler (DeleteBlocksCommandHandler.java:handle(106)) - Start to delete container blocks, TXIDs=[1(0),2(0),3(0)], numOfContainers=3, numOfBlocks=553
2019-10-05 16:25:27,827 [Command processor thread] INFO  commandhandler.DeleteBlocksCommandHandler (DeleteBlocksCommandHandler.java:handle(106)) - Start to delete container blocks, TXIDs=[1(0),2(0),3(0)], numOfContainers=3, numOfBlocks=553
2019-10-05 16:25:27,829 [Command processor thread] INFO  commandhandler.DeleteBlocksCommandHandler (DeleteBlocksCommandHandler.java:handle(106)) - Start to delete container blocks, TXIDs=[1(0),2(0),3(0)], numOfContainers=3, numOfBlocks=553
2019-10-05 16:25:27,830 [Command processor thread] INFO  commandhandler.DeleteBlocksCommandHandler (DeleteBlocksCommandHandler.java:handle(106)) - Start to delete container blocks, TXIDs=[1(0),2(0),3(0)], numOfContainers=3, numOfBlocks=553
2019-10-05 16:25:27,831 [Command processor thread] INFO  commandhandler.DeleteBlocksCommandHandler (DeleteBlocksCommandHandler.java:handle(106)) - Start to delete container blocks, TXIDs=[1(0),2(0),3(0)], numOfContainers=3, numOfBlocks=553
2019-10-05 16:25:27,831 [Command processor thread] INFO  commandhandler.DeleteBlocksCommandHandler (DeleteBlocksCommandHandler.java:handle(106)) - Start to delete container blocks, TXIDs=[1(0),2(0),3(0)], numOfContainers=3, numOfBlocks=553
2019-10-05 16:25:27,832 [Command processor thread] INFO  commandhandler.DeleteBlocksCommandHandler (DeleteBlocksCommandHandler.java:handle(106)) - Start to delete container blocks, TXIDs=[1(0),2(0),3(0)], numOfContainers=3, numOfBlocks=553
2019-10-05 16:25:27,833 [Command processor thread] INFO  commandhandler.DeleteBlocksCommandHandler (DeleteBlocksCommandHandler.java:handle(106)) - Start to delete container blocks, TXIDs=[1(0),2(0),3(0)], numOfContainers=3, numOfBlocks=553
2019-10-05 16:25:27,834 [Command processor thread] INFO  commandhandler.DeleteBlocksCommandHandler (DeleteBlocksCommandHandler.java:handle(106)) - Start to delete container blocks, TXIDs=[1(0),2(0),3(0)], numOfContainers=3, numOfBlocks=553
2019-10-05 16:25:27,835 [Command processor thread] INFO  commandhandler.DeleteBlocksCommandHandler (DeleteBlocksCommandHandler.java:handle(106)) - Start to delete container blocks, TXIDs=[1(0),2(0),3(0)], numOfContainers=3, numOfBlocks=553
2019-10-05 16:25:27,836 [Command processor thread] INFO  commandhandler.DeleteBlocksCommandHandler (DeleteBlocksCommandHandler.java:handle(106)) - Start to delete container blocks, TXIDs=[1(0),2(0),3(0)], numOfContainers=3, numOfBlocks=553
2019-10-05 16:25:27,836 [pool-7-thread-3] INFO  commands.RetriableDatanodeEventWatcher (RetriableDatanodeEventWatcher.java:onTimeout(47)) - RetriableDatanodeCommand type=deleteBlocksCommand with id=1570292713983 timed out. Retrying.
2019-10-05 16:25:27,836 [pool-7-thread-13] INFO  commands.RetriableDatanodeEventWatcher (RetriableDatanodeEventWatcher.java:onTimeout(47)) - RetriableDatanodeCommand type=deleteBlocksCommand with id=1570292713974 timed out. Retrying.
2019-10-05 16:25:27,837 [Command processor thread] INFO  commandhandler.DeleteBlocksCommandHandler (DeleteBlocksCommandHandler.java:handle(106)) - Start to delete container blocks, TXIDs=[1(753),2(753),3(753)], numOfContainers=3, numOfBlocks=553
2019-10-05 16:25:27,838 [Command processor thread] INFO  commandhandler.DeleteBlocksCommandHandler (DeleteBlocksCommandHandler.java:handle(106)) - Start to delete container blocks, TXIDs=[1(0),2(0),3(0)], numOfContainers=3, numOfBlocks=553
2019-10-05 16:25:27,838 [pool-7-thread-13] INFO  commands.RetriableDatanodeEventWatcher (RetriableDatanodeEventWatcher.java:onTimeout(47)) - RetriableDatanodeCommand type=deleteBlocksCommand with id=1570292713905 timed out. Retrying.
2019-10-05 16:25:27,838 [Command processor thread] INFO  commandhandler.DeleteBlocksCommandHandler (DeleteBlocksCommandHandler.java:handle(106)) - Start to delete container blocks, TXIDs=[1(0),2(0),3(0)], numOfContainers=3, numOfBlocks=553
2019-10-05 16:25:27,839 [Command processor thread] INFO  commandhandler.DeleteBlocksCommandHandler (DeleteBlocksCommandHandler.java:handle(106)) - Start to delete container blocks, TXIDs=[1(0),2(0),3(0)], numOfContainers=3, numOfBlocks=553
2019-10-05 16:25:27,840 [Command processor thread] INFO  commandhandler.DeleteBlocksCommandHandler (DeleteBlocksCommandHandler.java:handle(106)) - Start to delete container blocks, TXIDs=[1(0),2(0),3(0)], numOfContainers=3, numOfBlocks=553
2019-10-05 16:25:27,841 [Command processor thread] INFO  commandhandler.DeleteBlocksCommandHandler (DeleteBlocksCommandHandler.java:handle(106)) - Start to delete container blocks, TXIDs=[1(0),2(0),3(0)], numOfContainers=3, numOfBlocks=553
2019-10-05 16:25:27,842 [Command processor thread] INFO  commandhandler.DeleteBlocksCommandHandler (DeleteBlocksCommandHandler.java:handle(106)) - Start to delete container blocks, TXIDs=[1(0),2(0),3(0)], numOfContainers=3, numOfBlocks=553
2019-10-05 16:25:27,843 [Command processor thread] INFO  commandhandler.DeleteBlocksCommandHandler (DeleteBlocksCommandHandler.java:handle(106)) - Start to delete container blocks, TXIDs=[1(0),2(0),3(0)], numOfContainers=3, numOfBlocks=553
2019-10-05 16:25:27,844 [Command processor thread] INFO  commandhandler.DeleteBlocksCommandHandler (DeleteBlocksCommandHandler.java:handle(106)) - Start to delete container blocks, TXIDs=[1(0),2(0),3(0)], numOfContainers=3, numOfBlocks=553
2019-10-05 16:25:27,845 [Command processor thread] INFO  commandhandler.DeleteBlocksCommandHandler (DeleteBlocksCommandHandler.java:handle(106)) - Start to delete container blocks, TXIDs=[1(0),2(0),3(0)], numOfContainers=3, numOfBlocks=553
2019-10-05 16:25:27,846 [Command processor thread] INFO  commandhandler.DeleteBlocksCommandHandler (DeleteBlocksCommandHandler.java:handle(106)) - Start to delete container blocks, TXIDs=[1(753),2(753),3(753)], numOfContainers=3, numOfBlocks=553
2019-10-05 16:25:27,846 [Command processor thread] INFO  commandhandler.DeleteBlocksCommandHandler (DeleteBlocksCommandHandler.java:handle(106)) - Start to delete container blocks, TXIDs=[1(0),2(0),3(0)], numOfContainers=3, numOfBlocks=553
2019-10-05 16:25:27,847 [Command processor thread] INFO  commandhandler.DeleteBlocksCommandHandler (DeleteBlocksCommandHandler.java:handle(106)) - Start to delete container blocks, TXIDs=[1(0),2(0),3(0)], numOfContainers=3, numOfBlocks=553
2019-10-05 16:25:27,848 [Command processor thread] INFO  commandhandler.DeleteBlocksCommandHandler (DeleteBlocksCommandHandler.java:handle(106)) - Start to delete container blocks, TXIDs=[1(0),2(0),3(0)], numOfContainers=3, numOfBlocks=553
2019-10-05 16:25:27,849 [BlockDeletingService#2] INFO  background.BlockDeletingService (BlockDeletingService.java:getTasks(130)) - Plan to choose 10 containers for block deletion, actually returns 3 valid containers.
2019-10-05 16:25:27,849 [Command processor thread] INFO  commandhandler.DeleteBlocksCommandHandler (DeleteBlocksCommandHandler.java:handle(106)) - Start to delete container blocks, TXIDs=[1(0),2(0),3(0)], numOfContainers=3, numOfBlocks=553
2019-10-05 16:25:27,850 [Command processor thread] INFO  commandhandler.DeleteBlocksCommandHandler (DeleteBlocksCommandHandler.java:handle(106)) - Start to delete container blocks, TXIDs=[1(0),2(0),3(0)], numOfContainers=3, numOfBlocks=553
SCMBlockDeletingService.java:call(138)) - Running DeletedBlockTransactionScanner
2019-10-05 16:25:27,850 [Command processor thread] INFO  commandhandler.DeleteBlocksCommandHandler (DeleteBlocksCommandHandler.java:handle(106)) - Start to delete container blocks, TXIDs=[1(0),2(0),3(0)], numOfContainers=3, numOfBlocks=553
2019-10-05 16:25:27,850 [SCMBlockDeletingService#1] DEBUG block.SCMBlockDeletingService (SCMBlockDeletingService.java:call(155)) - Scanned deleted blocks log and got 3 delTX to process.
2019-10-05 16:25:27,851 [SCMBlockDeletingService#1] DEBUG block.SCMBlockDeletingService (SCMBlockDeletingService.java:call(171)) - Added delete block command for datanode 29926ed2-d930-4601-9cf8-13a6494a0fce in the queue, number of delete block transactions: 3, TxID list: 1,2,3
2019-10-05 16:25:27,854 [SCMBlockDeletingService#1] INFO  block.SCMBlockDeletingService (SCMBlockDeletingService.java:call(182)) - Totally added 3 delete blocks command for 1 datanodes, task elapsed time: 4ms
2019-10-05 16:25:27,854 [Command processor thread] INFO  commandhandler.DeleteBlocksCommandHandler (DeleteBlocksCommandHandler.java:handle(106)) - Start to delete container blocks, TXIDs=[1(0),2(0),3(0)], numOfContainers=3, numOfBlocks=553
2019-10-05 16:25:27,930 [pool-7-thread-7] INFO  commands.RetriableDatanodeEventWatcher (RetriableDatanodeEventWatcher.java:onTimeout(47)) - RetriableDatanodeCommand type=deleteBlocksCommand with id=1570292713965 timed out. Retrying.
2019-10-05 16:25:27,930 [pool-7-thread-9] INFO  commands.RetriableDatanodeEventWatcher (RetriableDatanodeEventWatcher.java:onTimeout(47)) - RetriableDatanodeCommand type=deleteBlocksCommand with id=1570292713915 timed out. Retrying.
2019-10-05 16:25:27,930 [pool-7-thread-13] INFO  commands.RetriableDatanodeEventWatcher (RetriableDatanodeEventWatcher.java:onTimeout(47)) - RetriableDatanodeCommand type=deleteBlocksCommand with id=1570292713925 timed out. Retrying.
2019-10-05 16:25:27,930 [pool-7-thread-11] INFO  commands.RetriableDatanodeEventWatcher (RetriableDatanodeEventWatcher.java:onTimeout(47)) - RetriableDatanodeCommand type=deleteBlocksCommand with id=1570292713896 timed out. Retrying.
2019-10-05 16:25:27,931 [pool-7-thread-3] INFO  commands.RetriableDatanodeEventWatcher (RetriableDatanodeEventWatcher.java:onTimeout(47)) - RetriableDatanodeCommand type=deleteBlocksCommand with id=1570292713935 timed out. Retrying.
2019-10-05 16:25:27,931 [pool-7-thread-3] INFO  commands.RetriableDatanodeEventWatcher (RetriableDatanodeEventWatcher.java:onTimeout(47)) - RetriableDatanodeCommand type=deleteBlocksCommand with id=1570292713876 timed out. Retrying.
2019-10-05 16:25:27,931 [pool-7-thread-13] INFO  commands.RetriableDatanodeEventWatcher (RetriableDatanodeEventWatcher.java:onTimeout(47)) - RetriableDatanodeCommand type=deleteBlocksCommand with id=1570292713866 timed out. Retrying.
2019-10-05 16:25:27,931 [pool-7-thread-11] INFO  commands.RetriableDatanodeEventWatcher (RetriableDatanodeEventWatcher.java:onTimeout(47)) - RetriableDatanodeCommand type=deleteBlocksCommand with id=1570292713856 timed out. Retrying.
2019-10-05 16:25:27,931 [pool-7-thread-9] INFO  commands.RetriableDatanodeEventWatcher (RetriableDatanodeEventWatcher.java:onTimeout(47)) - RetriableDatanodeCommand type=deleteBlocksCommand with id=1570292713886 timed out. Retrying.
2019-10-05 16:25:27,932 [pool-7-thread-3] INFO  commands.RetriableDatanodeEventWatcher (RetriableDatanodeEventWatcher.java:onTimeout(47)) - RetriableDatanodeCommand type=deleteBlocksCommand with id=1570292713955 timed out. Retrying.
2019-10-05 16:25:27,932 [pool-7-thread-13] INFO  commands.RetriableDatanodeEventWatcher (RetriableDatanodeEventWatcher.java:onTimeout(47)) - RetriableDatanodeCommand type=deleteBlocksCommand with id=1570292713945 timed out. Retrying.
2019-10-05 16:25:27,937 [pool-7-thread-3] INFO  commands.RetriableDatanodeEventWatcher (RetriableDatanodeEventWatcher.java:onTimeout(47)) - RetriableDatanodeCommand type=deleteBlocksCommand with id=1570292713984 timed out. Retrying.
2019-10-05 16:25:27,937 [pool-7-thread-13] INFO  commands.RetriableDatanodeEventWatcher (RetriableDatanodeEventWatcher.java:onTimeout(47)) - RetriableDatanodeCommand type=deleteBlocksCommand with id=1570292713975 timed out. Retrying.
2019-10-05 16:25:27,942 [pool-7-thread-13] INFO  commands.RetriableDatanodeEventWatcher (RetriableDatanodeEventWatcher.java:onTimeout(47)) - RetriableDatanodeCommand type=deleteBlocksCommand with id=1570292713906 timed out. Retrying.
2019-10-05 16:25:27,953 [pool-7-thread-13] INFO  commands.RetriableDatanodeEventWatcher (RetriableDatanodeEventWatcher.java:onTimeout(47)) - RetriableDatanodeCommand type=deleteBlocksCommand with id=1570292713916 timed out. Retrying.
2019-10-05 16:25:27,954 [SCMBlockDeletingService#1] DEBUG block.SCMBlockDeletingService (SCMBlockDeletingService.java:call(138)) - Running DeletedBlockTransactionScanner
2019-10-05 16:25:27,954 [SCMBlockDeletingService#1] DEBUG block.SCMBlockDeletingService (SCMBlockDeletingService.java:call(155)) - Scanned deleted blocks log and got 3 delTX to process.
2019-10-05 16:25:27,955 [SCMBlockDeletingService#1] DEBUG block.SCMBlockDeletingService (SCMBlockDeletingService.java:call(171)) - Added delete block command for datanode 29926ed2-d930-4601-9cf8-13a6494a0fce in the queue, number of delete block transactions: 3, TxID list: 1,2,3
2019-10-05 16:25:27,955 [SCMBlockDeletingService#1] INFO  block.SCMBlockDeletingService (SCMBlockDeletingService.java:call(182)) - Totally added 3 delete blocks command for 1 datanodes, task elapsed time: 1ms
2019-10-05 16:25:27,982 [pool-7-thread-13] INFO  commands.RetriableDatanodeEventWatcher (RetriableDatanodeEventWatcher.java:onTimeout(47)) - RetriableDatanodeCommand type=deleteBlocksCommand with id=1570292713926 timed out. Retrying.
2019-10-05 16:25:27,982 [pool-7-thread-9] INFO  commands.RetriableDatanodeEventWatcher (RetriableDatanodeEventWatcher.java:onTimeout(47)) - RetriableDatanodeCommand type=deleteBlocksCommand with id=1570292713867 timed out. Retrying.
2019-10-05 16:25:27,982 [pool-7-thread-3] INFO  commands.RetriableDatanodeEventWatcher (RetriableDatanodeEventWatcher.java:onTimeout(47)) - RetriableDatanodeCommand type=deleteBlocksCommand with id=1570292713857 timed out. Retrying.
2019-10-05 16:25:27,984 [pool-7-thread-3] INFO  commands.RetriableDatanodeEventWatcher (RetriableDatanodeEventWatcher.java:onTimeout(47)) - RetriableDatanodeCommand type=deleteBlocksCommand with id=1570292713936 timed out. Retrying.
2019-10-05 16:25:27,998 [pool-7-thread-3] INFO  commands.RetriableDatanodeEventWatcher (RetriableDatanodeEventWatcher.java:onTimeout(47)) - RetriableDatanodeCommand type=deleteBlocksCommand with id=1570292713946 timed out. Retrying.
2019-10-05 16:25:27,998 [pool-7-thread-9] INFO  commands.RetriableDatanodeEventWatcher (RetriableDatanodeEventWatcher.java:onTimeout(47)) - RetriableDatanodeCommand type=deleteBlocksCommand with id=1570292713877 timed out. Retrying.
2019-10-05 16:25:28,010 [pool-7-thread-3] INFO  commands.RetriableDatanodeEventWatcher (RetriableDatanodeEventWatcher.java:onTimeout(47)) - RetriableDatanodeCommand type=deleteBlocksCommand with id=1570292713887 timed out. Retrying.
2019-10-05 16:25:28,011 [pool-7-thread-9] INFO  commands.RetriableDatanodeEventWatcher (RetriableDatanodeEventWatcher.java:onTimeout(47)) - RetriableDatanodeCommand type=deleteBlocksCommand with id=1570292713956 timed out. Retrying.
2019-10-05 16:25:28,027 [pool-7-thread-3] INFO  commands.RetriableDatanodeEventWatcher (RetriableDatanodeEventWatcher.java:onTimeout(47)) - RetriableDatanodeCommand type=deleteBlocksCommand with id=1570292713897 timed out. Retrying.
2019-10-05 16:25:28,027 [pool-7-thread-9] INFO  commands.RetriableDatanodeEventWatcher (RetriableDatanodeEventWatcher.java:onTimeout(47)) - RetriableDatanodeCommand type=deleteBlocksCommand with id=1570292713966 timed out. Retrying.
2019-10-05 16:25:28,039 [pool-7-thread-9] INFO  commands.RetriableDatanodeEventWatcher (RetriableDatanodeEventWatcher.java:onTimeout(47)) - RetriableDatanodeCommand type=deleteBlocksCommand with id=1570292713976 timed out. Retrying.
2019-10-05 16:25:28,039 [pool-7-thread-3] INFO  commands.RetriableDatanodeEventWatcher (RetriableDatanodeEventWatcher.java:onTimeout(47)) - RetriableDatanodeCommand type=deleteBlocksCommand with id=1570292713985 timed out. Retrying.
2019-10-05 16:25:28,043 [pool-7-thread-3] INFO  commands.RetriableDatanodeEventWatcher (RetriableDatanodeEventWatcher.java:onTimeout(47)) - RetriableDatanodeCommand type=deleteBlocksCommand with id=1570292713907 timed out. Retrying.
2019-10-05 16:25:28,054 [pool-7-thread-3] INFO  commands.RetriableDatanodeEventWatcher (RetriableDatanodeEventWatcher.java:onTimeout(47)) - RetriableDatanodeCommand type=deleteBlocksCommand with id=1570292713917 timed out. Retrying.
2019-10-05 16:25:28,055 [SCMBlockDeletingService#1] DEBUG block.SCMBlockDeletingService (SCMBlockDeletingService.java:call(138)) - Running DeletedBlockTransactionScanner
2019-10-05 16:25:28,056 [SCMBlockDeletingService#1] DEBUG block.SCMBlockDeletingService (SCMBlockDeletingService.java:call(155)) - Scanned deleted blocks log and got 3 delTX to process.
2019-10-05 16:25:28,056 [SCMBlockDeletingService#1] DEBUG block.SCMBlockDeletingService (SCMBlockDeletingService.java:call(171)) - Added delete block command for datanode 29926ed2-d930-4601-9cf8-13a6494a0fce in the queue, number of delete block transactions: 3, TxID list: 1,2,3
2019-10-05 16:25:28,056 [SCMBlockDeletingService#1] INFO  block.SCMBlockDeletingService (SCMBlockDeletingService.java:call(182)) - Totally added 3 delete blocks command for 1 datanodes, task elapsed time: 1ms
2019-10-05 16:25:28,069 [pool-7-thread-3] INFO  commands.RetriableDatanodeEventWatcher (RetriableDatanodeEventWatcher.java:onTimeout(47)) - RetriableDatanodeCommand type=deleteBlocksCommand with id=1570292713927 timed out. Retrying.
2019-10-05 16:25:28,069 [pool-7-thread-9] INFO  commands.RetriableDatanodeEventWatcher (RetriableDatanodeEventWatcher.java:onTimeout(47)) - RetriableDatanodeCommand type=deleteBlocksCommand with id=1570292713858 timed out. Retrying.
2019-10-05 16:25:28,082 [pool-7-thread-9] INFO  commands.RetriableDatanodeEventWatcher (RetriableDatanodeEventWatcher.java:onTimeout(47)) - RetriableDatanodeCommand type=deleteBlocksCommand with id=1570292713868 timed out. Retrying.
2019-10-05 16:25:28,084 [pool-7-thread-9] INFO  commands.RetriableDatanodeEventWatcher (RetriableDatanodeEventWatcher.java:onTimeout(47)) - RetriableDatanodeCommand type=deleteBlocksCommand with id=1570292713937 timed out. Retrying.
2019-10-05 16:25:28,100 [pool-7-thread-9] INFO  commands.RetriableDatanodeEventWatcher (RetriableDatanodeEventWatcher.java:onTimeout(47)) - RetriableDatanodeCommand type=deleteBlocksCommand with id=1570292713947 timed out. Retrying.
2019-10-05 16:25:28,100 [pool-7-thread-3] INFO  commands.RetriableDatanodeEventWatcher (RetriableDatanodeEventWatcher.java:onTimeout(47)) - RetriableDatanodeCommand type=deleteBlocksCommand with id=1570292713878 timed out. Retrying.
2019-10-05 16:25:28,115 [pool-7-thread-3] INFO  commands.RetriableDatanodeEventWatcher (RetriableDatanodeEventWatcher.java:onTimeout(47)) - RetriableDatanodeCommand type=deleteBlocksCommand with id=1570292713957 timed out. Retrying.
2019-10-05 16:25:28,115 [pool-7-thread-9] INFO  commands.RetriableDatanodeEventWatcher (RetriableDatanodeEventWatcher.java:onTimeout(47)) - RetriableDatanodeCommand type=deleteBlocksCommand with id=1570292713888 timed out. Retrying.
2019-10-05 16:25:28,126 [pool-7-thread-9] INFO  commands.RetriableDatanodeEventWatcher (RetriableDatanodeEventWatcher.java:onTimeout(47)) - RetriableDatanodeCommand type=deleteBlocksCommand with id=1570292713967 timed out. Retrying.
2019-10-05 16:25:28,128 [pool-7-thread-9] INFO  commands.RetriableDatanodeEventWatcher (RetriableDatanodeEventWatcher.java:onTimeout(47)) - RetriableDatanodeCommand type=deleteBlocksCommand with id=1570292713898 timed out. Retrying.
2019-10-05 16:25:28,137 [EventQueue-DeleteBlockStatusForDeletedBlockLogImpl] DEBUG block.DeletedBlockLogImpl (DeletedBlockLogImpl.java:isTransactionFailed(245)) - Got block deletion ACK from datanode, TXIDs=1, success=true
2019-10-05 16:25:28,138 [EventQueue-DeleteBlockStatusForDeletedBlockLogImpl] DEBUG block.DeletedBlockLogImpl (DeletedBlockLogImpl.java:commitTransactions(227)) - Purging txId=1 from block deletion log
2019-10-05 16:25:28,138 [EventQueue-DeleteBlockStatusForDeletedBlockLogImpl] DEBUG block.DeletedBlockLogImpl (DeletedBlockLogImpl.java:commitTransactions(231)) - Datanode txId=1 containerId=#1 committed by dnId=29926ed2-d930-4601-9cf8-13a6494a0fce
2019-10-05 16:25:28,138 [EventQueue-DeleteBlockStatusForDeletedBlockLogImpl] DEBUG block.DeletedBlockLogImpl (DeletedBlockLogImpl.java:isTransactionFailed(245)) - Got block deletion ACK from datanode, TXIDs=2, success=true
2019-10-05 16:25:28,139 [EventQueue-DeleteBlockStatusForDeletedBlockLogImpl] DEBUG block.DeletedBlockLogImpl (DeletedBlockLogImpl.java:commitTransactions(227)) - Purging txId=2 from block deletion log
2019-10-05 16:25:28,139 [EventQueue-DeleteBlockStatusForDeletedBlockLogImpl] DEBUG block.DeletedBlockLogImpl (DeletedBlockLogImpl.java:commitTransactions(231)) - Datanode txId=2 containerId=#2 committed by dnId=29926ed2-d930-4601-9cf8-13a6494a0fce
2019-10-05 16:25:28,139 [EventQueue-DeleteBlockStatusForDeletedBlockLogImpl] DEBUG block.DeletedBlockLogImpl (DeletedBlockLogImpl.java:isTransactionFailed(245)) - Got block deletion ACK from datanode, TXIDs=3, success=true
2019-10-05 16:25:28,139 [EventQueue-DeleteBlockStatusForDeletedBlockLogImpl] DEBUG block.DeletedBlockLogImpl (DeletedBlockLogImpl.java:commitTransactions(227)) - Purging txId=3 from block deletion log
2019-10-05 16:25:28,139 [EventQueue-DeleteBlockStatusForDeletedBlockLogImpl] DEBUG block.DeletedBlockLogImpl (DeletedBlockLogImpl.java:commitTransactions(231)) - Datanode txId=3 containerId=#3 committed by dnId=29926ed2-d930-4601-9cf8-13a6494a0fce
2019-10-05 16:25:28,139 [EventQueue-DeleteBlockStatusForDeletedBlockLogImpl] DEBUG block.DeletedBlockLogImpl (DeletedBlockLogImpl.java:isTransactionFailed(245)) - Got block deletion ACK from datanode, TXIDs=1, success=true
2019-10-05 16:25:28,139 [EventQueue-DeleteBlockStatusForDeletedBlockLogImpl] WARN  block.DeletedBlockLogImpl (DeletedBlockLogImpl.java:commitTransactions(205)) - Transaction txId=1 commit by dnId=29926ed2-d930-4601-9cf8-13a6494a0fce for containerID=#1 failed. Corresponding entry not found.
2019-10-05 16:25:28,139 [EventQueue-DeleteBlockStatusForDeletedBlockLogImpl] DEBUG block.DeletedBlockLogImpl (DeletedBlockLogImpl.java:isTransactionFailed(245)) - Got block deletion ACK from datanode, TXIDs=1, success=true
2019-10-05 16:25:28,139 [EventQueue-DeleteBlockStatusForDeletedBlockLogImpl] WARN  block.DeletedBlockLogImpl (DeletedBlockLogImpl.java:commitTransactions(205)) - Transaction txId=1 commit by dnId=29926ed2-d930-4601-9cf8-13a6494a0fce for containerID=#1 failed. Corresponding entry not found.
2019-10-05 16:25:28,139 [EventQueue-DeleteBlockStatusForDeletedBlockLogImpl] DEBUG block.DeletedBlockLogImpl (DeletedBlockLogImpl.java:isTransactionFailed(245)) - Got block deletion ACK from datanode, TXIDs=1, success=true
2019-10-05 16:25:28,139 [EventQueue-DeleteBlockStatusForDeletedBlockLogImpl] WARN  block.DeletedBlockLogImpl (DeletedBlockLogImpl.java:commitTransactions(205)) - Transaction txId=1 commit by dnId=29926ed2-d930-4601-9cf8-13a6494a0fce for containerID=#1 failed. Corresponding entry not found.
2019-10-05 16:25:28,139 [EventQueue-DeleteBlockStatusForDeletedBlockLogImpl] DEBUG block.DeletedBlockLogImpl (DeletedBlockLogImpl.java:isTransactionFailed(245)) - Got block deletion ACK from datanode, TXIDs=1, success=true
2019-10-05 16:25:28,140 [EventQueue-DeleteBlockStatusForDeletedBlockLogImpl] WARN  block.DeletedBlockLogImpl (DeletedBlockLogImpl.java:commitTransactions(205)) - Transaction txId=1 commit by dnId=29926ed2-d930-4601-9cf8-13a6494a0fce for containerID=#1 failed. Corresponding entry not found.
2019-10-05 16:25:28,140 [EventQueue-DeleteBlockStatusForDeletedBlockLogImpl] DEBUG block.DeletedBlockLogImpl (DeletedBlockLogImpl.java:isTransactionFailed(245)) - Got block deletion ACK from datanode, TXIDs=1, success=true
2019-10-05 16:25:28,140 [EventQueue-DeleteBlockStatusForDeletedBlockLogImpl] WARN  block.DeletedBlockLogImpl (DeletedBlockLogImpl.java:commitTransactions(205)) - Transaction txId=1 commit by dnId=29926ed2-d930-4601-9cf8-13a6494a0fce for containerID=#1 failed. Corresponding entry not found.
2019-10-05 16:25:28,140 [EventQueue-DeleteBlockStatusForDeletedBlockLogImpl] DEBUG block.DeletedBlockLogImpl (DeletedBlockLogImpl.java:isTransactionFailed(245)) - Got block deletion ACK from datanode, TXIDs=1, success=true
2019-10-05 16:25:28,140 [EventQueue-DeleteBlockStatusForDeletedBlockLogImpl] WARN  block.DeletedBlockLogImpl (DeletedBlockLogImpl.java:commitTransactions(205)) - Transaction txId=1 commit by dnId=29926ed2-d930-4601-9cf8-13a6494a0fce for containerID=#1 failed. Corresponding entry not found.
2019-10-05 16:25:28,140 [EventQueue-DeleteBlockStatusForDeletedBlockLogImpl] DEBUG block.DeletedBlockLogImpl (DeletedBlockLogImpl.java:isTransactionFailed(245)) - Got block deletion ACK from datanode, TXIDs=1, success=true
2019-10-05 16:25:28,140 [EventQueue-DeleteBlockStatusForDeletedBlockLogImpl] WARN  block.DeletedBlockLogImpl (DeletedBlockLogImpl.java:commitTransactions(205)) - Transaction txId=1 commit by dnId=29926ed2-d930-4601-9cf8-13a6494a0fce for containerID=#1 failed. Corresponding entry not found.
2019-10-05 16:25:28,140 [EventQueue-DeleteBlockStatusForDeletedBlockLogImpl] DEBUG block.DeletedBlockLogImpl (DeletedBlockLogImpl.java:isTransactionFailed(245)) - Got block deletion ACK from datanode, TXIDs=1, success=true
2019-10-05 16:25:28,140 [EventQueue-DeleteBlockStatusForDeletedBlockLogImpl] WARN  block.DeletedBlockLogImpl (DeletedBlockLogImpl.java:commitTransactions(205)) - Transaction txId=1 commit by dnId=29926ed2-d930-4601-9cf8-13a6494a0fce for containerID=#1 failed. Corresponding entry not found.
2019-10-05 16:25:28,140 [EventQueue-DeleteBlockStatusForDeletedBlockLogImpl] DEBUG block.DeletedBlockLogImpl (DeletedBlockLogImpl.java:isTransactionFailed(245)) - Got block deletion ACK from datanode, TXIDs=1, success=true
2019-10-05 16:25:28,140 [EventQueue-DeleteBlockStatusForDeletedBlockLogImpl] WARN  block.DeletedBlockLogImpl (DeletedBlockLogImpl.java:commitTransactions(205)) - Transaction txId=1 commit by dnId=29926ed2-d930-4601-9cf8-13a6494a0fce for containerID=#1 failed. Corresponding entry not found.
2019-10-05 16:25:28,140 [EventQueue-DeleteBlockStatusForDeletedBlockLogImpl] DEBUG block.DeletedBlockLogImpl (DeletedBlockLogImpl.java:isTransactionFailed(245)) - Got block deletion ACK from datanode, TXIDs=1, success=true
2019-10-05 16:25:28,140 [EventQueue-DeleteBlockStatusForDeletedBlockLogImpl] WARN  block.DeletedBlockLogImpl (DeletedBlockLogImpl.java:commitTransactions(205)) - Transaction txId=1 commit by dnId=29926ed2-d930-4601-9cf8-13a6494a0fce for containerID=#1 failed. Corresponding entry not found.
2019-10-05 16:25:28,140 [EventQueue-DeleteBlockStatusForDeletedBlockLogImpl] DEBUG block.DeletedBlockLogImpl (DeletedBlockLogImpl.java:isTransactionFailed(245)) - Got block deletion ACK from datanode, TXIDs=1, success=true
2019-10-05 16:25:28,140 [EventQueue-DeleteBlockStatusForDeletedBlockLogImpl] WARN  block.DeletedBlockLogImpl (DeletedBlockLogImpl.java:commitTransactions(205)) - Transaction txId=1 commit by dnId=29926ed2-d930-4601-9cf8-13a6494a0fce for containerID=#1 failed. Corresponding entry not found.
2019-10-05 16:25:28,141 [EventQueue-DeleteBlockStatusForDeletedBlockLogImpl] DEBUG block.DeletedBlockLogImpl (DeletedBlockLogImpl.java:isTransactionFailed(245)) - Got block deletion ACK from datanode, TXIDs=1, success=true
2019-10-05 16:25:28,141 [EventQueue-DeleteBlockStatusForDeletedBlockLogImpl] WARN  block.DeletedBlockLogImpl (DeletedBlockLogImpl.java:commitTransactions(205)) - Transaction txId=1 commit by dnId=29926ed2-d930-4601-9cf8-13a6494a0fce for containerID=#1 failed. Corresponding entry not found.
2019-10-05 16:25:28,141 [EventQueue-DeleteBlockStatusForDeletedBlockLogImpl] DEBUG block.DeletedBlockLogImpl (DeletedBlockLogImpl.java:isTransactionFailed(245)) - Got block deletion ACK from datanode, TXIDs=1, success=true
2019-10-05 16:25:28,141 [EventQueue-DeleteBlockStatusForDeletedBlockLogImpl] WARN  block.DeletedBlockLogImpl (DeletedBlockLogImpl.java:commitTransactions(205)) - Transaction txId=1 commit by dnId=29926ed2-d930-4601-9cf8-13a6494a0fce for containerID=#1 failed. Corresponding entry not found.
2019-10-05 16:25:28,141 [EventQueue-DeleteBlockStatusForDeletedBlockLogImpl] DEBUG block.DeletedBlockLogImpl (DeletedBlockLogImpl.java:isTransactionFailed(245)) - Got block deletion ACK from datanode, TXIDs=1, success=true
2019-10-05 16:25:28,141 [EventQueue-DeleteBlockStatusForDeletedBlockLogImpl] WARN  block.DeletedBlockLogImpl (DeletedBlockLogImpl.java:commitTransactions(205)) - Transaction txId=1 commit by dnId=29926ed2-d930-4601-9cf8-13a6494a0fce for containerID=#1 failed. Corresponding entry not found.
2019-10-05 16:25:28,141 [EventQueue-DeleteBlockStatusForDeletedBlockLogImpl] DEBUG block.DeletedBlockLogImpl (DeletedBlockLogImpl.java:isTransactionFailed(245)) - Got block deletion ACK from datanode, TXIDs=1, success=true
2019-10-05 16:25:28,141 [EventQueue-DeleteBlockStatusForDeletedBlockLogImpl] WARN  block.DeletedBlockLogImpl (DeletedBlockLogImpl.java:commitTransactions(205)) - Transaction txId=1 commit by dnId=29926ed2-d930-4601-9cf8-13a6494a0fce for containerID=#1 failed. Corresponding entry not found.
2019-10-05 16:25:28,141 [EventQueue-DeleteBlockStatusForDeletedBlockLogImpl] DEBUG block.DeletedBlockLogImpl (DeletedBlockLogImpl.java:isTransactionFailed(245)) - Got block deletion ACK from datanode, TXIDs=1, success=true
2019-10-05 16:25:28,141 [EventQueue-DeleteBlockStatusForDeletedBlockLogImpl] WARN  block.DeletedBlockLogImpl (DeletedBlockLogImpl.java:commitTransactions(205)) - Transaction txId=1 commit by dnId=29926ed2-d930-4601-9cf8-13a6494a0fce for containerID=#1 failed. Corresponding entry not found.
2019-10-05 16:25:28,141 [IPC Server handler 3 on 34754] WARN  block.DeletedBlockLogImpl (DeletedBlockLogImpl.java:incrementCount(141)) - Deleted TXID not found.
2019-10-05 16:25:28,141 [IPC Server handler 3 on 34754] WARN  block.DeletedBlockLogImpl (DeletedBlockLogImpl.java:incrementCount(141)) - Deleted TXID not found.
2019-10-05 16:25:28,142 [IPC Server handler 3 on 34754] WARN  block.DeletedBlockLogImpl (DeletedBlockLogImpl.java:incrementCount(141)) - Deleted TXID not found.
2019-10-05 16:25:28,142 [EventQueue-DeleteBlockStatusForDeletedBlockLogImpl] DEBUG block.DeletedBlockLogImpl (DeletedBlockLogImpl.java:isTransactionFailed(245)) - Got block deletion ACK from datanode, TXIDs=1, success=true
2019-10-05 16:25:28,142 [EventQueue-DeleteBlockStatusForDeletedBlockLogImpl] WARN  block.DeletedBlockLogImpl (DeletedBlockLogImpl.java:commitTransactions(205)) - Transaction txId=1 commit by dnId=29926ed2-d930-4601-9cf8-13a6494a0fce for containerID=#1 failed. Corresponding entry not found.
2019-10-05 16:25:28,142 [EventQueue-DeleteBlockStatusForDeletedBlockLogImpl] DEBUG block.DeletedBlockLogImpl (DeletedBlockLogImpl.java:isTransactionFailed(245)) - Got block deletion ACK from datanode, TXIDs=1, success=true
2019-10-05 16:25:28,142 [EventQueue-DeleteBlockStatusForDeletedBlockLogImpl] WARN  block.DeletedBlockLogImpl (DeletedBlockLogImpl.java:commitTransactions(205)) - Transaction txId=1 commit by dnId=29926ed2-d930-4601-9cf8-13a6494a0fce for containerID=#1 failed. Corresponding entry not found.
2019-10-05 16:25:28,142 [EventQueue-DeleteBlockStatusForDeletedBlockLogImpl] DEBUG block.DeletedBlockLogImpl (DeletedBlockLogImpl.java:isTransactionFailed(245)) - Got block deletion ACK from datanode, TXIDs=1, success=true
2019-10-05 16:25:28,142 [EventQueue-DeleteBlockStatusForDeletedBlockLogImpl] WARN  block.DeletedBlockLogImpl (DeletedBlockLogImpl.java:commitTransactions(205)) - Transaction txId=1 commit by dnId=29926ed2-d930-4601-9cf8-13a6494a0fce for containerID=#1 failed. Corresponding entry not found.
2019-10-05 16:25:28,142 [EventQueue-DeleteBlockStatusForDeletedBlockLogImpl] DEBUG block.DeletedBlockLogImpl (DeletedBlockLogImpl.java:isTransactionFailed(245)) - Got block deletion ACK from datanode, TXIDs=1, success=true
2019-10-05 16:25:28,142 [EventQueue-DeleteBlockStatusForDeletedBlockLogImpl] WARN  block.DeletedBlockLogImpl (DeletedBlockLogImpl.java:commitTransactions(205)) - Transaction txId=1 commit by dnId=29926ed2-d930-4601-9cf8-13a6494a0fce for containerID=#1 failed. Corresponding entry not found.
2019-10-05 16:25:28,142 [EventQueue-DeleteBlockStatusForDeletedBlockLogImpl] DEBUG block.DeletedBlockLogImpl (DeletedBlockLogImpl.java:isTransactionFailed(245)) - Got block deletion ACK from datanode, TXIDs=1, success=true
2019-10-05 16:25:28,142 [EventQueue-DeleteBlockStatusForDeletedBlockLogImpl] WARN  block.DeletedBlockLogImpl (DeletedBlockLogImpl.java:commitTransactions(205)) - Transaction txId=1 commit by dnId=29926ed2-d930-4601-9cf8-13a6494a0fce for containerID=#1 failed. Corresponding entry not found.
2019-10-05 16:25:28,142 [EventQueue-DeleteBlockStatusForDeletedBlockLogImpl] DEBUG block.DeletedBlockLogImpl (DeletedBlockLogImpl.java:isTransactionFailed(245)) - Got block deletion ACK from datanode, TXIDs=1, success=true
2019-10-05 16:25:28,142 [EventQueue-DeleteBlockStatusForDeletedBlockLogImpl] WARN  block.DeletedBlockLogImpl (DeletedBlockLogImpl.java:commitTransactions(205)) - Transaction txId=1 commit by dnId=29926ed2-d930-4601-9cf8-13a6494a0fce for containerID=#1 failed. Corresponding entry not found.
2019-10-05 16:25:28,143 [EventQueue-DeleteBlockStatusForDeletedBlockLogImpl] DEBUG block.DeletedBlockLogImpl (DeletedBlockLogImpl.java:isTransactionFailed(245)) - Got block deletion ACK from datanode, TXIDs=1, success=true
2019-10-05 16:25:28,143 [EventQueue-DeleteBlockStatusForDeletedBlockLogImpl] WARN  block.DeletedBlockLogImpl (DeletedBlockLogImpl.java:commitTransactions(205)) - Transaction txId=1 commit by dnId=29926ed2-d930-4601-9cf8-13a6494a0fce for containerID=#1 failed. Corresponding entry not found.
2019-10-05 16:25:28,143 [pool-7-thread-9] INFO  commands.RetriableDatanodeEventWatcher (DeletedBlockLogImpl.java:isTransactionFailed(245)) - Got block deletion ACK from datanode, TXIDs=1, success=true
2019-10-05 16:25:28,143 [EventQueue-DeleteBlockStatusForDeletedBlockLogImpl] WARN  block.DeletedBlockLogImpl (RetriableDatanodeEventWatcher.java:onTimeoutDeletedBlockLogImpl.java:commitTransactions(205)) - Transaction txId=1 commit by dnId=29926ed2-d930-4601-9cf8-13a6494a0fce for containerID=#1 failed. Corresponding entry not found.
2019-10-05 16:25:28,143 [pool-7-thread-9] INFO  commands.RetriableDatanodeEventWatcher (RetriableDatanodeEventWatcher.java:onTimeout(47)) - RetriableDatanodeCommand type=deleteBlocksCommand with id=1570292713986 timed out. Retrying.
2019-10-05 16:25:28,143 [EventQueue-DeleteBlockStatusForDeletedBlockLogImpl] DEBUG block.DeletedBlockLogImpl (DeletedBlockLogImpl.java:isTransactionFailed(245)) - Got block deletion ACK from datanode, TXIDs=1, success=true
2019-10-05 16:25:28,143 [EventQueue-DeleteBlockStatusForDeletedBlockLogImpl] WARN  block.DeletedBlockLogImpl (DeletedBlockLogImpl.java:commitTransactions(205)) - Transaction txId=1 commit by dnId=29926ed2-d930-4601-9cf8-13a6494a0fce for containerID=#1 failed. Corresponding entry not found.
2019-10-05 16:25:28,143 [EventQueue-DeleteBlockStatusForDeletedBlockLogImpl] DEBUG block.DeletedBlockLogImpl (DeletedBlockLogImpl.java:isTransactionFailed(245)) - Got block deletion ACK from datanode, TXIDs=1, success=true
2019-10-05 16:25:28,143 [EventQueue-DeleteBlockStatusForDeletedBlockLogImpl] WARN  block.DeletedBlockLogImpl (DeletedBlockLogImpl.java:commitTransactions(205)) - Transaction txId=1 commit by dnId=29926ed2-d930-4601-9cf8-13a6494a0fce for containerID=#1 failed. Corresponding entry not found.
2019-10-05 16:25:28,143 [EventQueue-DeleteBlockStatusForDeletedBlockLogImpl] DEBUG block.DeletedBlockLogImpl (DeletedBlockLogImpl.java:isTransactionFailed(245)) - Got block deletion ACK from datanode, TXIDs=1, success=true
2019-10-05 16:25:28,143 [EventQueue-DeleteBlockStatusForDeletedBlockLogImpl] WARN  block.DeletedBlockLogImpl (DeletedBlockLogImpl.java:commitTransactions(205)) - Transaction txId=1 commit by dnId=29926ed2-d930-4601-9cf8-13a6494a0fce for containerID=#1 failed. Corresponding entry not found.
2019-10-05 16:25:28,143 [EventQueue-DeleteBlockStatusForDeletedBlockLogImpl] DEBUG block.DeletedBlockLogImpl (DeletedBlockLogImpl.java:isTransactionFailed(245)) - Got block deletion ACK from datanode, TXIDs=1, success=true
2019-10-05 16:25:28,143 [EventQueue-DeleteBlockStatusForDeletedBlockLogImpl] WARN  block.DeletedBlockLogImpl (DeletedBlockLogImpl.java:commitTransactions(205)) - Transaction txId=1 commit by dnId=29926ed2-d930-4601-9cf8-13a6494a0fce for containerID=#1 failed. Corresponding entry not found.
2019-10-05 16:25:28,143 [EventQueue-DeleteBlockStatusForDeletedBlockLogImpl] DEBUG block.DeletedBlockLogImpl (DeletedBlockLogImpl.java:isTransactionFailed(245)) - Got block deletion ACK from datanode, TXIDs=1, success=true
2019-10-05 16:25:28,143 [EventQueue-DeleteBlockStatusForDeletedBlockLogImpl] WARN  block.DeletedBlockLogImpl (DeletedBlockLogImpl.java:commitTransactions(205)) - Transaction txId=1 commit by dnId=29926ed2-d930-4601-9cf8-13a6494a0fce for containerID=#1 failed. Corresponding entry not found.
2019-10-05 16:25:28,144 [EventQueue-DeleteBlockStatusForDeletedBlockLogImpl] DEBUG block.DeletedBlockLogImpl (DeletedBlockLogImpl.java:isTransactionFailed(245)) - Got block deletion ACK from datanode, TXIDs=1, success=true
2019-10-05 16:25:28,144 [EventQueue-DeleteBlockStatusForDeletedBlockLogImpl] WARN  block.DeletedBlockLogImpl (DeletedBlockLogImpl.java:commitTransactions(205)) - Transaction txId=1 commit by dnId=29926ed2-d930-4601-9cf8-13a6494a0fce for containerID=#1 failed. Corresponding entry not found.
2019-10-05 16:25:28,144 [EventQueue-DeleteBlockStatusForDeletedBlockLogImpl] DEBUG block.DeletedBlockLogImpl (DeletedBlockLogImpl.java:isTransactionFailed(245)) - Got block deletion ACK from datanode, TXIDs=1, success=true
2019-10-05 16:25:28,144 [EventQueue-DeleteBlockStatusForDeletedBlockLogImpl] WARN  block.DeletedBlockLogImpl (DeletedBlockLogImpl.java:commitTransactions(205)) - Transaction txId=1 commit by dnId=29926ed2-d930-4601-9cf8-13a6494a0fce for containerID=#1 failed. Corresponding entry not found.
2019-10-05 16:25:28,144 [EventQueue-DeleteBlockStatusForDeletedBlockLogImpl] DEBUG block.DeletedBlockLogImpl (DeletedBlockLogImpl.java:isTransactionFailed(245)) - Got block deletion ACK from datanode, TXIDs=1, success=true
2019-10-05 16:25:28,144 [EventQueue-DeleteBlockStatusForDeletedBlockLogImpl] WARN  block.DeletedBlockLogImpl (DeletedBlockLogImpl.java:commitTransactions(205)) - Transaction txId=1 commit by dnId=29926ed2-d930-4601-9cf8-13a6494a0fce for containerID=#1 failed. Corresponding entry not found.
2019-10-05 16:25:28,144 [EventQueue-DeleteBlockStatusForDeletedBlockLogImpl] DEBUG block.DeletedBlockLogImpl (DeletedBlockLogImpl.java:isTransactionFailed(245)) - Got block deletion ACK from datanode, TXIDs=1, success=true
2019-10-05 16:25:28,144 [EventQueue-DeleteBlockStatusForDeletedBlockLogImpl] WARN  block.DeletedBlockLogImpl (DeletedBlockLogImpl.java:commitTransactions(205)) - Transaction txId=1 commit by dnId=29926ed2-d930-4601-9cf8-13a6494a0fce for containerID=#1 failed. Corresponding entry not found.
2019-10-05 16:25:28,144 [EventQueue-DeleteBlockStatusForDeletedBlockLogImpl] DEBUG block.DeletedBlockLogImpl (DeletedBlockLogImpl.java:isTransactionFailed(245)) - Got block deletion ACK from datanode, TXIDs=1, success=true
2019-10-05 16:25:28,144 [EventQueue-DeleteBlockStatusForDeletedBlockLogImpl] WARN  block.DeletedBlockLogImpl (DeletedBlockLogImpl.java:commitTransactions(205)) - Transaction txId=1 commit by dnId=29926ed2-d930-4601-9cf8-13a6494a0fce for containerID=#1 failed. Corresponding entry not found.
2019-10-05 16:25:28,144 [EventQueue-DeleteBlockStatusForDeletedBlockLogImpl] DEBUG block.DeletedBlockLogImpl (DeletedBlockLogImpl.java:isTransactionFailed(245)) - Got block deletion ACK from datanode, TXIDs=1, success=true
2019-10-05 16:25:28,144 [EventQueue-DeleteBlockStatusForDeletedBlockLogImpl] WARN  block.DeletedBlockLogImpl (DeletedBlockLogImpl.java:commitTransactions(205)) - Transaction txId=1 commit by dnId=29926ed2-d930-4601-9cf8-13a6494a0fce for containerID=#1 failed. Corresponding entry not found.
2019-10-05 16:25:28,144 [EventQueue-DeleteBlockStatusForDeletedBlockLogImpl] DEBUG block.DeletedBlockLogImpl (DeletedBlockLogImpl.java:isTransactionFailed(245)) - Got block deletion ACK from datanode, TXIDs=1, success=true
2019-10-05 16:25:28,144 [EventQueue-DeleteBlockStatusForDeletedBlockLogImpl] WARN  block.DeletedBlockLogImpl (DeletedBlockLogImpl.java:commitTransactions(205)) - Transaction txId=1 commit by dnId=29926ed2-d930-4601-9cf8-13a6494a0fce for containerID=#1 failed. Corresponding entry not found.
2019-10-05 16:25:28,145 [EventQueue-DeleteBlockStatusForDeletedBlockLogImpl] DEBUG block.DeletedBlockLogImpl (DeletedBlockLogImpl.java:isTransactionFailed(245)) - Got block deletion ACK from datanode, TXIDs=1, success=true
2019-10-05 16:25:28,145 [EventQueue-DeleteBlockStatusForDeletedBlockLogImpl] WARN  block.DeletedBlockLogImpl (DeletedBlockLogImpl.java:commitTransactions(205)) - Transaction txId=1 commit by dnId=29926ed2-d930-4601-9cf8-13a6494a0fce for containerID=#1 failed. Corresponding entry not found.
2019-10-05 16:25:28,145 [EventQueue-DeleteBlockStatusForDeletedBlockLogImpl] DEBUG block.DeletedBlockLogImpl (DeletedBlockLogImpl.java:isTransactionFailed(245)) - Got block deletion ACK from datanode, TXIDs=1, success=true
2019-10-05 16:25:28,145 [EventQueue-DeleteBlockStatusForDeletedBlockLogImpl] WARN  block.DeletedBlockLogImpl (DeletedBlockLogImpl.java:commitTransactions(205)) - Transaction txId=1 commit by dnId=29926ed2-d930-4601-9cf8-13a6494a0fce for containerID=#1 failed. Corresponding entry not found.
2019-10-05 16:25:28,145 [EventQueue-DeleteBlockStatusForDeletedBlockLogImpl] DEBUG block.DeletedBlockLogImpl (DeletedBlockLogImpl.java:isTransactionFailed(245)) - Got block deletion ACK from datanode, TXIDs=1, success=true
2019-10-05 16:25:28,145 [EventQueue-DeleteBlockStatusForDeletedBlockLogImpl] WARN  block.DeletedBlockLogImpl (DeletedBlockLogImpl.java:commitTransactions(205)) - Transaction txId=1 commit by dnId=29926ed2-d930-4601-9cf8-13a6494a0fce for containerID=#1 failed. Corresponding entry not found.
2019-10-05 16:25:28,145 [EventQueue-DeleteBlockStatusForDeletedBlockLogImpl] DEBUG block.DeletedBlockLogImpl (DeletedBlockLogImpl.java:isTransactionFailed(245)) - Got block deletion ACK from datanode, TXIDs=1, success=true
2019-10-05 16:25:28,145 [EventQueue-DeleteBlockStatusForDeletedBlockLogImpl] WARN  block.DeletedBlockLogImpl (DeletedBlockLogImpl.java:commitTransactions(205)) - Transaction txId=1 commit by dnId=29926ed2-d930-4601-9cf8-13a6494a0fce for containerID=#1 failed. Corresponding entry not found.
2019-10-05 16:25:28,145 [EventQueue-DeleteBlockStatusForDeletedBlockLogImpl] DEBUG block.DeletedBlockLogImpl (DeletedBlockLogImpl.java:isTransactionFailed(245)) - Got block deletion ACK from datanode, TXIDs=1, success=true
2019-10-05 16:25:28,145 [EventQueue-DeleteBlockStatusForDeletedBlockLogImpl] WARN  block.DeletedBlockLogImpl (DeletedBlockLogImpl.java:commitTransactions(205)) - Transaction txId=1 commit by dnId=29926ed2-d930-4601-9cf8-13a6494a0fce for containerID=#1 failed. Corresponding entry not found.
2019-10-05 16:25:28,145 [EventQueue-DeleteBlockStatusForDeletedBlockLogImpl] DEBUG block.DeletedBlockLogImpl (DeletedBlockLogImpl.java:isTransactionFailed(245)) - Got block deletion ACK from datanode, TXIDs=1, success=true
2019-10-05 16:25:28,145 [EventQueue-DeleteBlockStatusForDeletedBlockLogImpl] WARN  block.DeletedBlockLogImpl (DeletedBlockLogImpl.java:commitTransactions(205)) - Transaction txId=1 commit by dnId=29926ed2-d930-4601-9cf8-13a6494a0fce for containerID=#1 failed. Corresponding entry not found.
2019-10-05 16:25:28,145 [EventQueue-DeleteBlockStatusForDeletedBlockLogImpl] DEBUG block.DeletedBlockLogImpl (DeletedBlockLogImpl.java:isTransactionFailed(245)) - Got block deletion ACK from datanode, TXIDs=1, success=true
2019-10-05 16:25:28,145 [EventQueue-DeleteBlockStatusForDeletedBlockLogImpl] WARN  block.DeletedBlockLogImpl (DeletedBlockLogImpl.java:commitTransactions(205)) - Transaction txId=1 commit by dnId=29926ed2-d930-4601-9cf8-13a6494a0fce for containerID=#1 failed. Corresponding entry not found.
2019-10-05 16:25:28,146 [IPC Server handler 3 on 34754] WARN  block.DeletedBlockLogImpl (DeletedBlockLogImpl.java:incrementCount(141)) - Deleted TXID not found.
2019-10-05 16:25:28,146 [IPC Server handler 3 on 34754] WARN  block.DeletedBlockLogImpl (DeletedBlockLogImpl.java:incrementCount(141)) - Deleted TXID not found.
2019-10-05 16:25:28,146 [IPC Server handler 3 on 34754] WARN  block.DeletedBlockLogImpl (DeletedBlockLogImpl.java:incrementCount(141)) - Deleted TXID not found.
2019-10-05 16:25:28,146 [EventQueue-DeleteBlockStatusForDeletedBlockLogImpl] DEBUG block.DeletedBlockLogImpl (DeletedBlockLogImpl.java:isTransactionFailed(245)) - Got block deletion ACK from datanode, TXIDs=1, success=true
2019-10-05 16:25:28,146 [EventQueue-DeleteBlockStatusForDeletedBlockLogImpl] WARN  block.DeletedBlockLogImpl (DeletedBlockLogImpl.java:commitTransactions(205)) - Transaction txId=1 commit by dnId=29926ed2-d930-4601-9cf8-13a6494a0fce for containerID=#1 failed. Corresponding entry not found.
2019-10-05 16:25:28,146 [EventQueue-DeleteBlockStatusForDeletedBlockLogImpl] DEBUG block.DeletedBlockLogImpl (DeletedBlockLogImpl.java:isTransactionFailed(245)) - Got block deletion ACK from datanode, TXIDs=1, success=true
2019-10-05 16:25:28,146 [EventQueue-DeleteBlockStatusForDeletedBlockLogImpl] WARN  block.DeletedBlockLogImpl (DeletedBlockLogImpl.java:commitTransactions(205)) - Transaction txId=1 commit by dnId=29926ed2-d930-4601-9cf8-13a6494a0fce for containerID=#1 failed. Corresponding entry not found.
2019-10-05 16:25:28,146 [EventQueue-DeleteBlockStatusForDeletedBlockLogImpl] DEBUG block.DeletedBlockLogImpl (DeletedBlockLogImpl.java:isTransactionFailed(245)) - Got block deletion ACK from datanode, TXIDs=1, success=true
2019-10-05 16:25:28,146 [EventQueue-DeleteBlockStatusForDeletedBlockLogImpl] WARN  block.DeletedBlockLogImpl (DeletedBlockLogImpl.java:commitTransactions(205)) - Transaction txId=1 commit by dnId=29926ed2-d930-4601-9cf8-13a6494a0fce for containerID=#1 failed. Corresponding entry not found.
2019-10-05 16:25:28,146 [EventQueue-DeleteBlockStatusForDeletedBlockLogImpl] DEBUG block.DeletedBlockLogImpl (DeletedBlockLogImpl.java:isTransactionFailed(245)) - Got block deletion ACK from datanode, TXIDs=1, success=true
2019-10-05 16:25:28,146 [EventQueue-DeleteBlockStatusForDeletedBlockLogImpl] WARN  block.DeletedBlockLogImpl (DeletedBlockLogImpl.java:commitTransactions(205)) - Transaction txId=1 commit by dnId=29926ed2-d930-4601-9cf8-13a6494a0fce for containerID=#1 failed. Corresponding entry not found.
2019-10-05 16:25:28,146 [EventQueue-DeleteBlockStatusForDeletedBlockLogImpl] DEBUG block.DeletedBlockLogImpl (DeletedBlockLogImpl.java:isTransactionFailed(245)) - Got block deletion ACK from datanode, TXIDs=1, success=true
2019-10-05 16:25:28,147 [EventQueue-DeleteBlockStatusForDeletedBlockLogImpl] WARN  block.DeletedBlockLogImpl (DeletedBlockLogImpl.java:commitTransactions(205)) - Transaction txId=1 commit by dnId=29926ed2-d930-4601-9cf8-13a6494a0fce for containerID=#1 failed. Corresponding entry not found.
2019-10-05 16:25:28,147 [EventQueue-DeleteBlockStatusForDeletedBlockLogImpl] DEBUG block.DeletedBlockLogImpl (DeletedBlockLogImpl.java:isTransactionFailed(245)) - Got block deletion ACK from datanode, TXIDs=1, success=true
2019-10-05 16:25:28,147 [EventQueue-DeleteBlockStatusForDeletedBlockLogImpl] WARN  block.DeletedBlockLogImpl (DeletedBlockLogImpl.java:commitTransactions(205)) - Transaction txId=1 commit by dnId=29926ed2-d930-4601-9cf8-13a6494a0fce for containerID=#1 failed. Corresponding entry not found.
2019-10-05 16:25:28,147 [EventQueue-DeleteBlockStatusForDeletedBlockLogImpl] DEBUG block.DeletedBlockLogImpl (DeletedBlockLogImpl.java:isTransactionFailed(245)) - Got block deletion ACK from datanode, TXIDs=1, success=true
2019-10-05 16:25:28,147 [EventQueue-DeleteBlockStatusForDeletedBlockLogImpl] WARN  block.DeletedBlockLogImpl (DeletedBlockLogImpl.java:commitTransactions(205)) - Transaction txId=1 commit by dnId=29926ed2-d930-4601-9cf8-13a6494a0fce for containerID=#1 failed. Corresponding entry not found.
2019-10-05 16:25:28,147 [EventQueue-DeleteBlockStatusForDeletedBlockLogImpl] DEBUG block.DeletedBlockLogImpl (DeletedBlockLogImpl.java:isTransactionFailed(245)) - Got block deletion ACK from datanode, TXIDs=1, success=true
2019-10-05 16:25:28,147 [EventQueue-DeleteBlockStatusForDeletedBlockLogImpl] WARN  block.DeletedBlockLogImpl (DeletedBlockLogImpl.java:commitTransactions(205)) - Transaction txId=1 commit by dnId=29926ed2-d930-4601-9cf8-13a6494a0fce for containerID=#1 failed. Corresponding entry not found.
2019-10-05 16:25:28,147 [EventQueue-DeleteBlockStatusForDeletedBlockLogImpl] DEBUG block.DeletedBlockLogImpl (DeletedBlockLogImpl.java:isTransactionFailed(245)) - Got block deletion ACK from datanode, TXIDs=1, success=true
2019-10-05 16:25:28,147 [EventQueue-DeleteBlockStatusForDeletedBlockLogImpl] WARN  block.DeletedBlockLogImpl (DeletedBlockLogImpl.java:commitTransactions(205)) - Transaction txId=1 commit by dnId=29926ed2-d930-4601-9cf8-13a6494a0fce for containerID=#1 failed. Corresponding entry not found.
2019-10-05 16:25:28,147 [EventQueue-DeleteBlockStatusForDeletedBlockLogImpl] DEBUG block.DeletedBlockLogImpl (DeletedBlockLogImpl.java:isTransactionFailed(245)) - Got block deletion ACK from datanode, TXIDs=1, success=true
2019-10-05 16:25:28,147 [EventQueue-DeleteBlockStatusForDeletedBlockLogImpl] WARN  block.DeletedBlockLogImpl (DeletedBlockLogImpl.java:commitTransactions(205)) - Transaction txId=1 commit by dnId=29926ed2-d930-4601-9cf8-13a6494a0fce for containerID=#1 failed. Corresponding entry not found.
2019-10-05 16:25:28,147 [EventQueue-DeleteBlockStatusForDeletedBlockLogImpl] DEBUG block.DeletedBlockLogImpl (DeletedBlockLogImpl.java:isTransactionFailed(245)) - Got block deletion ACK from datanode, TXIDs=1, success=true
2019-10-05 16:25:28,147 [EventQueue-DeleteBlockStatusForDeletedBlockLogImpl] WARN  block.DeletedBlockLogImpl (DeletedBlockLogImpl.java:commitTransactions(205)) - Transaction txId=1 commit by dnId=29926ed2-d930-4601-9cf8-13a6494a0fce for containerID=#1 failed. Corresponding entry not found.
2019-10-05 16:25:28,147 [EventQueue-DeleteBlockStatusForDeletedBlockLogImpl] DEBUG block.DeletedBlockLogImpl (DeletedBlockLogImpl.java:isTransactionFailed(245)) - Got block deletion ACK from datanode, TXIDs=1, success=true
2019-10-05 16:25:28,148 [EventQueue-DeleteBlockStatusForDeletedBlockLogImpl] WARN  block.DeletedBlockLogImpl (DeletedBlockLogImpl.java:commitTransactions(205)) - Transaction txId=1 commit by dnId=29926ed2-d930-4601-9cf8-13a6494a0fce for containerID=#1 failed. Corresponding entry not found.
2019-10-05 16:25:28,148 [EventQueue-DeleteBlockStatusForDeletedBlockLogImpl] DEBUG block.DeletedBlockLogImpl (DeletedBlockLogImpl.java:isTransactionFailed(245)) - Got block deletion ACK from datanode, TXIDs=1, success=true
2019-10-05 16:25:28,148 [EventQueue-DeleteBlockStatusForDeletedBlockLogImpl] WARN  block.DeletedBlockLogImpl (DeletedBlockLogImpl.java:commitTransactions(205)) - Transaction txId=1 commit by dnId=29926ed2-d930-4601-9cf8-13a6494a0fce for containerID=#1 failed. Corresponding entry not found.
2019-10-05 16:25:28,148 [EventQueue-DeleteBlockStatusForDeletedBlockLogImpl] DEBUG block.DeletedBlockLogImpl (DeletedBlockLogImpl.java:isTransactionFailed(245)) - Got block deletion ACK from datanode, TXIDs=1, success=true
2019-10-05 16:25:28,148 [EventQueue-DeleteBlockStatusForDeletedBlockLogImpl] WARN  block.DeletedBlockLogImpl (DeletedBlockLogImpl.java:commitTransactions(205)) - Transaction txId=1 commit by dnId=29926ed2-d930-4601-9cf8-13a6494a0fce for containerID=#1 failed. Corresponding entry not found.
2019-10-05 16:25:28,148 [EventQueue-DeleteBlockStatusForDeletedBlockLogImpl] DEBUG block.DeletedBlockLogImpl (DeletedBlockLogImpl.java:isTransactionFailed(245)) - Got block deletion ACK from datanode, TXIDs=1, success=true
2019-10-05 16:25:28,148 [EventQueue-DeleteBlockStatusForDeletedBlockLogImpl] WARN  block.DeletedBlockLogImpl (DeletedBlockLogImpl.java:commitTransactions(205)) - Transaction txId=1 commit by dnId=29926ed2-d930-4601-9cf8-13a6494a0fce for containerID=#1 failed. Corresponding entry not found.
2019-10-05 16:25:28,148 [EventQueue-DeleteBlockStatusForDeletedBlockLogImpl] DEBUG block.DeletedBlockLogImpl (DeletedBlockLogImpl.java:isTransactionFailed(245)) - Got block deletion ACK from datanode, TXIDs=1, success=true
2019-10-05 16:25:28,148 [EventQueue-DeleteBlockStatusForDeletedBlockLogImpl] WARN  block.DeletedBlockLogImpl (DeletedBlockLogImpl.java:commitTransactions(205)) - Transaction txId=1 commit by dnId=29926ed2-d930-4601-9cf8-13a6494a0fce for containerID=#1 failed. Corresponding entry not found.
2019-10-05 16:25:28,148 [EventQueue-DeleteBlockStatusForDeletedBlockLogImpl] DEBUG block.DeletedBlockLogImpl (DeletedBlockLogImpl.java:isTransactionFailed(245)) - Got block deletion ACK from datanode, TXIDs=1, success=true
2019-10-05 16:25:28,148 [EventQueue-DeleteBlockStatusForDeletedBlockLogImpl] WARN  block.DeletedBlockLogImpl (DeletedBlockLogImpl.java:commitTransactions(205)) - Transaction txId=1 commit by dnId=29926ed2-d930-4601-9cf8-13a6494a0fce for containerID=#1 failed. Corresponding entry not found.
2019-10-05 16:25:28,148 [EventQueue-DeleteBlockStatusForDeletedBlockLogImpl] DEBUG block.DeletedBlockLogImpl (DeletedBlockLogImpl.java:isTransactionFailed(245)) - Got block deletion ACK from datanode, TXIDs=1, success=true
2019-10-05 16:25:28,148 [EventQueue-DeleteBlockStatusForDeletedBlockLogImpl] WARN  block.DeletedBlockLogImpl (DeletedBlockLogImpl.java:commitTransactions(205)) - Transaction txId=1 commit by dnId=29926ed2-d930-4601-9cf8-13a6494a0fce for containerID=#1 failed. Corresponding entry not found.
2019-10-05 16:25:28,148 [EventQueue-DeleteBlockStatusForDeletedBlockLogImpl] DEBUG block.DeletedBlockLogImpl (DeletedBlockLogImpl.java:isTransactionFailed(245)) - Got block deletion ACK from datanode, TXIDs=1, success=true
2019-10-05 16:25:28,149 [EventQueue-DeleteBlockStatusForDeletedBlockLogImpl] WARN  block.DeletedBlockLogImpl (DeletedBlockLogImpl.java:commitTransactions(205)) - Transaction txId=1 commit by dnId=29926ed2-d930-4601-9cf8-13a6494a0fce for containerID=#1 failed. Corresponding entry not found.
2019-10-05 16:25:28,149 [EventQueue-DeleteBlockStatusForDeletedBlockLogImpl] DEBUG block.DeletedBlockLogImpl (DeletedBlockLogImpl.java:isTransactionFailed(245)) - Got block deletion ACK from datanode, TXIDs=1, success=true
2019-10-05 16:25:28,149 [EventQueue-DeleteBlockStatusForDeletedBlockLogImpl] WARN  block.DeletedBlockLogImpl (DeletedBlockLogImpl.java:commitTransactions(205)) - Transaction txId=1 commit by dnId=29926ed2-d930-4601-9cf8-13a6494a0fce for containerID=#1 failed. Corresponding entry not found.
2019-10-05 16:25:28,149 [IPC Server handler 3 on 34754] WARN  block.DeletedBlockLogImpl (DeletedBlockLogImpl.java:incrementCount(141)) - Deleted TXID not found.
2019-10-05 16:25:28,149 [IPC Server handler 3 on 34754] WARN  block.DeletedBlockLogImpl (DeletedBlockLogImpl.java:incrementCount(141)) - Deleted TXID not found.
2019-10-05 16:25:28,149 [IPC Server handler 3 on 34754] WARN  block.DeletedBlockLogImpl (DeletedBlockLogImpl.java:incrementCount(141)) - Deleted TXID not found.
2019-10-05 16:25:28,149 [EventQueue-DeleteBlockStatusForDeletedBlockLogImpl] DEBUG block.DeletedBlockLogImpl (DeletedBlockLogImpl.java:isTransactionFailed(245)) - Got block deletion ACK from datanode, TXIDs=1, success=true
2019-10-05 16:25:28,149 [EventQueue-DeleteBlockStatusForDeletedBlockLogImpl] WARN  block.DeletedBlockLogImpl (DeletedBlockLogImpl.java:commitTransactions(205)) - Transaction txId=1 commit by dnId=29926ed2-d930-4601-9cf8-13a6494a0fce for containerID=#1 failed. Corresponding entry not found.
2019-10-05 16:25:28,149 [EventQueue-DeleteBlockStatusForDeletedBlockLogImpl] DEBUG block.DeletedBlockLogImpl (DeletedBlockLogImpl.java:isTransactionFailed(245)) - Got block deletion ACK from datanode, TXIDs=1, success=true
2019-10-05 16:25:28,149 [EventQueue-DeleteBlockStatusForDeletedBlockLogImpl] WARN  block.DeletedBlockLogImpl (DeletedBlockLogImpl.java:commitTransactions(205)) - Transaction txId=1 commit by dnId=29926ed2-d930-4601-9cf8-13a6494a0fce for containerID=#1 failed. Corresponding entry not found.
2019-10-05 16:25:28,149 [IPC Server handler 3 on 34754] WARN  block.DeletedBlockLogImpl (DeletedBlockLogImpl.java:incrementCount(141)) - Deleted TXID not found.
2019-10-05 16:25:28,149 [IPC Server handler 3 on 34754] WARN  block.DeletedBlockLogImpl (DeletedBlockLogImpl.java:incrementCount(141)) - Deleted TXID not found.
2019-10-05 16:25:28,150 [IPC Server handler 3 on 34754] WARN  block.DeletedBlockLogImpl (DeletedBlockLogImpl.java:incrementCount(141)) - Deleted TXID not found.
2019-10-05 16:25:28,150 [EventQueue-DeleteBlockStatusForDeletedBlockLogImpl] DEBUG block.DeletedBlockLogImpl (DeletedBlockLogImpl.java:isTransactionFailed(245)) - Got block deletion ACK from datanode, TXIDs=1, success=true
2019-10-05 16:25:28,150 [EventQueue-DeleteBlockStatusForDeletedBlockLogImpl] WARN  block.DeletedBlockLogImpl (DeletedBlockLogImpl.java:commitTransactions(205)) - Transaction txId=1 commit by dnId=29926ed2-d930-4601-9cf8-13a6494a0fce for containerID=#1 failed. Corresponding entry not found.
2019-10-05 16:25:28,150 [IPC Server handler 3 on 34754] WARN  block.DeletedBlockLogImpl (DeletedBlockLogImpl.java:incrementCount(141)) - Deleted TXID not found.
2019-10-05 16:25:28,150 [IPC Server handler 3 on 34754] WARN  block.DeletedBlockLogImpl (DeletedBlockLogImpl.java:incrementCount(141)) - Deleted TXID not found.
2019-10-05 16:25:28,150 [IPC Server handler 3 on 34754] WARN  block.DeletedBlockLogImpl (DeletedBlockLogImpl.java:incrementCount(141)) - Deleted TXID not found.
2019-10-05 16:25:28,150 [IPC Server handler 3 on 34754] WARN  block.DeletedBlockLogImpl (DeletedBlockLogImpl.java:incrementCount(141)) - Deleted TXID not found.
2019-10-05 16:25:28,150 [IPC Server handler 3 on 34754] WARN  block.DeletedBlockLogImpl (DeletedBlockLogImpl.java:incrementCount(141)) - Deleted TXID not found.
2019-10-05 16:25:28,150 [IPC Server handler 3 on 34754] WARN  block.DeletedBlockLogImpl (DeletedBlockLogImpl.java:incrementCount(141)) - Deleted TXID not found.
2019-10-05 16:25:28,150 [IPC Server handler 3 on 34754] WARN  block.DeletedBlockLogImpl (DeletedBlockLogImpl.java:incrementCount(141)) - Deleted TXID not found.
2019-10-05 16:25:28,150 [IPC Server handler 3 on 34754] WARN  block.DeletedBlockLogImpl (DeletedBlockLogImpl.java:incrementCount(141)) - Deleted TXID not found.
2019-10-05 16:25:28,150 [IPC Server handler 3 on 34754] WARN  block.DeletedBlockLogImpl (DeletedBlockLogImpl.java:incrementCount(141)) - Deleted TXID not found.
2019-10-05 16:25:28,151 [IPC Server handler 3 on 34754] WARN  block.DeletedBlockLogImpl (DeletedBlockLogImpl.java:incrementCount(141)) - Deleted TXID not found.
2019-10-05 16:25:28,151 [IPC Server handler 3 on 34754] WARN  block.DeletedBlockLogImpl (DeletedBlockLogImpl.java:incrementCount(141)) - Deleted TXID not found.
2019-10-05 16:25:28,151 [IPC Server handler 3 on 34754] WARN  block.DeletedBlockLogImpl (DeletedBlockLogImpl.java:incrementCount(141)) - Deleted TXID not found.
2019-10-05 16:25:28,151 [IPC Server handler 3 on 34754] WARN  block.DeletedBlockLogImpl (DeletedBlockLogImpl.java:incrementCount(141)) - Deleted TXID not found.
2019-10-05 16:25:28,151 [IPC Server handler 3 on 34754] WARN  block.DeletedBlockLogImpl (DeletedBlockLogImpl.java:incrementCount(141)) - Deleted TXID not found.
2019-10-05 16:25:28,151 [IPC Server handler 3 on 34754] WARN  block.DeletedBlockLogImpl (DeletedBlockLogImpl.java:incrementCount(141)) - Deleted TXID not found.
2019-10-05 16:25:28,151 [IPC Server handler 3 on 34754] WARN  block.DeletedBlockLogImpl (DeletedBlockLogImpl.java:incrementCount(141)) - Deleted TXID not found.
2019-10-05 16:25:28,151 [IPC Server handler 3 on 34754] WARN  block.DeletedBlockLogImpl (DeletedBlockLogImpl.java:incrementCount(141)) - Deleted TXID not found.
2019-10-05 16:25:28,151 [IPC Server handler 3 on 34754] WARN  block.DeletedBlockLogImpl (DeletedBlockLogImpl.java:incrementCount(141)) - Deleted TXID not found.
2019-10-05 16:25:28,151 [IPC Server handler 3 on 34754] WARN  block.DeletedBlockLogImpl (DeletedBlockLogImpl.java:incrementCount(141)) - Deleted TXID not found.
2019-10-05 16:25:28,151 [IPC Server handler 3 on 34754] WARN  block.DeletedBlockLogImpl (DeletedBlockLogImpl.java:incrementCount(141)) - Deleted TXID not found.
2019-10-05 16:25:28,151 [IPC Server handler 3 on 34754] WARN  block.DeletedBlockLogImpl (DeletedBlockLogImpl.java:incrementCount(141)) - Deleted TXID not found.
2019-10-05 16:25:28,152 [IPC Server handler 3 on 34754] WARN  block.DeletedBlockLogImpl (DeletedBlockLogImpl.java:incrementCount(141)) - Deleted TXID not found.
2019-10-05 16:25:28,152 [IPC Server handler 3 on 34754] WARN  block.DeletedBlockLogImpl (DeletedBlockLogImpl.java:incrementCount(141)) - Deleted TXID not found.
2019-10-05 16:25:28,152 [IPC Server handler 3 on 34754] WARN  block.DeletedBlockLogImpl (DeletedBlockLogImpl.java:incrementCount(141)) - Deleted TXID not found.
2019-10-05 16:25:28,152 [IPC Server handler 3 on 34754] WARN  block.DeletedBlockLogImpl (DeletedBlockLogImpl.java:incrementCount(141)) - Deleted TXID not found.
2019-10-05 16:25:28,152 [IPC Server handler 3 on 34754] WARN  block.DeletedBlockLogImpl (DeletedBlockLogImpl.java:incrementCount(141)) - Deleted TXID not found.
2019-10-05 16:25:28,152 [IPC Server handler 3 on 34754] WARN  block.DeletedBlockLogImpl (DeletedBlockLogImpl.java:incrementCount(141)) - Deleted TXID not found.
2019-10-05 16:25:28,152 [IPC Server handler 3 on 34754] WARN  block.DeletedBlockLogImpl (DeletedBlockLogImpl.java:incrementCount(141)) - Deleted TXID not found.
2019-10-05 16:25:28,152 [IPC Server handler 3 on 34754] WARN  block.DeletedBlockLogImpl (DeletedBlockLogImpl.java:incrementCount(141)) - Deleted TXID not found.
2019-10-05 16:25:28,152 [IPC Server handler 3 on 34754] WARN  block.DeletedBlockLogImpl (DeletedBlockLogImpl.java:incrementCount(141)) - Deleted TXID not found.
2019-10-05 16:25:28,152 [IPC Server handler 3 on 34754] WARN  block.DeletedBlockLogImpl (DeletedBlockLogImpl.java:incrementCount(141)) - Deleted TXID not found.
2019-10-05 16:25:28,152 [IPC Server handler 3 on 34754] WARN  block.DeletedBlockLogImpl (DeletedBlockLogImpl.java:incrementCount(141)) - Deleted TXID not found.
2019-10-05 16:25:28,153 [IPC Server handler 3 on 34754] WARN  block.DeletedBlockLogImpl (DeletedBlockLogImpl.java:incrementCount(141)) - Deleted TXID not found.
2019-10-05 16:25:28,153 [IPC Server handler 3 on 34754] WARN  block.DeletedBlockLogImpl (DeletedBlockLogImpl.java:incrementCount(141)) - Deleted TXID not found.
2019-10-05 16:25:28,153 [IPC Server handler 3 on 34754] WARN  block.DeletedBlockLogImpl (DeletedBlockLogImpl.java:incrementCount(141)) - Deleted TXID not found.
2019-10-05 16:25:28,153 [IPC Server handler 3 on 34754] WARN  block.DeletedBlockLogImpl (DeletedBlockLogImpl.java:incrementCount(141)) - Deleted TXID not found.
2019-10-05 16:25:28,153 [IPC Server handler 3 on 34754] WARN  block.DeletedBlockLogImpl (DeletedBlockLogImpl.java:incrementCount(141)) - Deleted TXID not found.
2019-10-05 16:25:28,153 [IPC Server handler 3 on 34754] WARN  block.DeletedBlockLogImpl (DeletedBlockLogImpl.java:incrementCount(141)) - Deleted TXID not found.
2019-10-05 16:25:28,153 [IPC Server handler 3 on 34754] WARN  block.DeletedBlockLogImpl (DeletedBlockLogImpl.java:incrementCount(141)) - Deleted TXID not found.
2019-10-05 16:25:28,153 [IPC Server handler 3 on 34754] WARN  block.DeletedBlockLogImpl (DeletedBlockLogImpl.java:incrementCount(141)) - Deleted TXID not found.
2019-10-05 16:25:28,153 [IPC Server handler 3 on 34754] WARN  block.DeletedBlockLogImpl (DeletedBlockLogImpl.java:incrementCount(141)) - Deleted TXID not found.
2019-10-05 16:25:28,153 [IPC Server handler 3 on 34754] WARN  block.DeletedBlockLogImpl (DeletedBlockLogImpl.java:incrementCount(141)) - Deleted TXID not found.
2019-10-05 16:25:28,153 [IPC Server handler 3 on 34754] WARN  block.DeletedBlockLogImpl (DeletedBlockLogImpl.java:incrementCount(141)) - Deleted TXID not found.
2019-10-05 16:25:28,153 [IPC Server handler 3 on 34754] WARN  block.DeletedBlockLogImpl (DeletedBlockLogImpl.java:incrementCount(141)) - Deleted TXID not found.
2019-10-05 16:25:28,153 [IPC Server handler 3 on 34754] WARN  block.DeletedBlockLogImpl (DeletedBlockLogImpl.java:incrementCount(141)) - Deleted TXID not found.
2019-10-05 16:25:28,154 [IPC Server handler 3 on 34754] WARN  block.DeletedBlockLogImpl (DeletedBlockLogImpl.java:incrementCount(141)) - Deleted TXID not found.
2019-10-05 16:25:28,154 [IPC Server handler 3 on 34754] WARN  block.DeletedBlockLogImpl (DeletedBlockLogImpl.java:incrementCount(141)) - Deleted TXID not found.
2019-10-05 16:25:28,154 [IPC Server handler 3 on 34754] WARN  block.DeletedBlockLogImpl (DeletedBlockLogImpl.java:incrementCount(141)) - Deleted TXID not found.
2019-10-05 16:25:28,154 [IPC Server handler 3 on 34754] WARN  block.DeletedBlockLogImpl (DeletedBlockLogImpl.java:incrementCount(141)) - Deleted TXID not found.
2019-10-05 16:25:28,154 [IPC Server handler 3 on 34754] WARN  block.DeletedBlockLogImpl (DeletedBlockLogImpl.java:incrementCount(141)) - Deleted TXID not found.
2019-10-05 16:25:28,154 [IPC Server handler 3 on 34754] WARN  block.DeletedBlockLogImpl (DeletedBlockLogImpl.java:incrementCount(141)) - Deleted TXID not found.
2019-10-05 16:25:28,154 [IPC Server handler 3 on 34754] WARN  block.DeletedBlockLogImpl (DeletedBlockLogImpl.java:incrementCount(141)) - Deleted TXID not found.
2019-10-05 16:25:28,154 [IPC Server handler 3 on 34754] WARN  block.DeletedBlockLogImpl (DeletedBlockLogImpl.java:incrementCount(141)) - Deleted TXID not found.
2019-10-05 16:25:28,154 [IPC Server handler 3 on 34754] WARN  block.DeletedBlockLogImpl (DeletedBlockLogImpl.java:incrementCount(141)) - Deleted TXID not found.
2019-10-05 16:25:28,154 [IPC Server handler 3 on 34754] WARN  block.DeletedBlockLogImpl (DeletedBlockLogImpl.java:incrementCount(141)) - Deleted TXID not found.
2019-10-05 16:25:28,154 [IPC Server handler 3 on 34754] WARN  block.DeletedBlockLogImpl (DeletedBlockLogImpl.java:incrementCount(141)) - Deleted TXID not found.
2019-10-05 16:25:28,154 [IPC Server handler 3 on 34754] WARN  block.DeletedBlockLogImpl (DeletedBlockLogImpl.java:incrementCount(141)) - Deleted TXID not found.
2019-10-05 16:25:28,155 [IPC Server handler 3 on 34754] WARN  block.DeletedBlockLogImpl (DeletedBlockLogImpl.java:incrementCount(141)) - Deleted TXID not found.
2019-10-05 16:25:28,155 [IPC Server handler 3 on 34754] WARN  block.DeletedBlockLogImpl (DeletedBlockLogImpl.java:incrementCount(141)) - Deleted TXID not found.
2019-10-05 16:25:28,155 [IPC Server handler 3 on 34754] WARN  block.DeletedBlockLogImpl (DeletedBlockLogImpl.java:incrementCount(141)) - Deleted TXID not found.
2019-10-05 16:25:28,155 [IPC Server handler 3 on 34754] WARN  block.DeletedBlockLogImpl (DeletedBlockLogImpl.java:incrementCount(141)) - Deleted TXID not found.
2019-10-05 16:25:28,155 [IPC Server handler 3 on 34754] WARN  block.DeletedBlockLogImpl (DeletedBlockLogImpl.java:incrementCount(141)) - Deleted TXID not found.
2019-10-05 16:25:28,155 [IPC Server handler 3 on 34754] WARN  block.DeletedBlockLogImpl (DeletedBlockLogImpl.java:incrementCount(141)) - Deleted TXID not found.
2019-10-05 16:25:28,155 [IPC Server handler 3 on 34754] WARN  block.DeletedBlockLogImpl (DeletedBlockLogImpl.java:incrementCount(141)) - Deleted TXID not found.
2019-10-05 16:25:28,155 [IPC Server handler 3 on 34754] WARN  block.DeletedBlockLogImpl (DeletedBlockLogImpl.java:incrementCount(141)) - Deleted TXID not found.
2019-10-05 16:25:28,155 [IPC Server handler 3 on 34754] WARN  block.DeletedBlockLogImpl (DeletedBlockLogImpl.java:incrementCount(141)) - Deleted TXID not found.
2019-10-05 16:25:28,155 [IPC Server handler 3 on 34754] WARN  block.DeletedBlockLogImpl (DeletedBlockLogImpl.java:incrementCount(141)) - Deleted TXID not found.
2019-10-05 16:25:28,155 [IPC Server handler 3 on 34754] WARN  block.DeletedBlockLogImpl (DeletedBlockLogImpl.java:incrementCount(141)) - Deleted TXID not found.
2019-10-05 16:25:28,155 [IPC Server handler 3 on 34754] WARN  block.DeletedBlockLogImpl (DeletedBlockLogImpl.java:incrementCount(141)) - Deleted TXID not found.
2019-10-05 16:25:28,156 [IPC Server handler 3 on 34754] WARN  block.DeletedBlockLogImpl (DeletedBlockLogImpl.java:incrementCount(141)) - Deleted TXID not found.
2019-10-05 16:25:28,156 [IPC Server handler 3 on 34754] WARN  block.DeletedBlockLogImpl (DeletedBlockLogImpl.java:incrementCount(141)) - Deleted TXID not found.
2019-10-05 16:25:28,156 [IPC Server handler 3 on 34754] WARN  block.DeletedBlockLogImpl (DeletedBlockLogImpl.java:incrementCount(141)) - Deleted TXID not found.
2019-10-05 16:25:28,156 [IPC Server handler 3 on 34754] WARN  block.DeletedBlockLogImpl (DeletedBlockLogImpl.java:incrementCount(141)) - Deleted TXID not found.
2019-10-05 16:25:28,156 [IPC Server handler 3 on 34754] WARN  block.DeletedBlockLogImpl (DeletedBlockLogImpl.java:incrementCount(141)) - Deleted TXID not found.
2019-10-05 16:25:28,156 [IPC Server handler 3 on 34754] WARN  block.DeletedBlockLogImpl (DeletedBlockLogImpl.java:incrementCount(141)) - Deleted TXID not found.
2019-10-05 16:25:28,156 [IPC Server handler 3 on 34754] WARN  block.DeletedBlockLogImpl (DeletedBlockLogImpl.java:incrementCount(141)) - Deleted TXID not found.
2019-10-05 16:25:28,156 [IPC Server handler 3 on 34754] WARN  block.DeletedBlockLogImpl (DeletedBlockLogImpl.java:incrementCount(141)) - Deleted TXID not found.
2019-10-05 16:25:28,156 [IPC Server handler 3 on 34754] WARN  block.DeletedBlockLogImpl (DeletedBlockLogImpl.java:incrementCount(141)) - Deleted TXID not found.
2019-10-05 16:25:28,156 [SCMBlockDeletingService#1] DEBUG block.SCMBlockDeletingService (SCMBlockDeletingService.java:call(138)) - Running DeletedBlockTransactionScanner
2019-10-05 16:25:28,156 [IPC Server handler 3 on 34754] WARN  block.DeletedBlockLogImpl (DeletedBlockLogImpl.java:incrementCount(141)) - Deleted TXID not found.
2019-10-05 16:25:28,157 [IPC Server handler 3 on 34754] WARN  block.DeletedBlockLogImpl (DeletedBlockLogImpl.java:incrementCount(141)) - Deleted TXID not found.
2019-10-05 16:25:28,157 [IPC Server handler 3 on 34754] WARN  block.DeletedBlockLogImpl (DeletedBlockLogImpl.java:incrementCount(141)) - Deleted TXID not found.
2019-10-05 16:25:28,157 [SCMBlockDeletingService#1] DEBUG block.SCMBlockDeletingService (SCMBlockDeletingService.java:call(155)) - Scanned deleted blocks log and got 0 delTX to process.
2019-10-05 16:25:28,157 [IPC Server handler 3 on 34754] WARN  block.DeletedBlockLogImpl (DeletedBlockLogImpl.java:incrementCount(141)) - Deleted TXID not found.
2019-10-05 16:25:28,157 [IPC Server handler 3 on 34754] WARN  block.DeletedBlockLogImpl (DeletedBlockLogImpl.java:incrementCount(141)) - Deleted TXID not found.
2019-10-05 16:25:28,157 [IPC Server handler 3 on 34754] WARN  block.DeletedBlockLogImpl (DeletedBlockLogImpl.java:incrementCount(141)) - Deleted TXID not found.
2019-10-05 16:25:28,157 [IPC Server handler 3 on 34754] WARN  block.DeletedBlockLogImpl (DeletedBlockLogImpl.java:incrementCount(141)) - Deleted TXID not found.
2019-10-05 16:25:28,157 [IPC Server handler 3 on 34754] WARN  block.DeletedBlockLogImpl (DeletedBlockLogImpl.java:incrementCount(141)) - Deleted TXID not found.
2019-10-05 16:25:28,157 [IPC Server handler 3 on 34754] WARN  block.DeletedBlockLogImpl (DeletedBlockLogImpl.java:incrementCount(141)) - Deleted TXID not found.
2019-10-05 16:25:28,157 [IPC Server handler 3 on 34754] WARN  block.DeletedBlockLogImpl (DeletedBlockLogImpl.java:incrementCount(141)) - Deleted TXID not found.
2019-10-05 16:25:28,158 [IPC Server handler 3 on 34754] WARN  block.DeletedBlockLogImpl (DeletedBlockLogImpl.java:incrementCount(141)) - Deleted TXID not found.
2019-10-05 16:25:28,158 [IPC Server handler 3 on 34754] WARN  block.DeletedBlockLogImpl (DeletedBlockLogImpl.java:incrementCount(141)) - Deleted TXID not found.
2019-10-05 16:25:28,158 [IPC Server handler 3 on 34754] WARN  block.DeletedBlockLogImpl (DeletedBlockLogImpl.java:incrementCount(141)) - Deleted TXID not found.
2019-10-05 16:25:28,158 [IPC Server handler 3 on 34754] WARN  block.DeletedBlockLogImpl (DeletedBlockLogImpl.java:incrementCount(141)) - Deleted TXID not found.
2019-10-05 16:25:28,158 [IPC Server handler 3 on 34754] WARN  block.DeletedBlockLogImpl (DeletedBlockLogImpl.java:incrementCount(141)) - Deleted TXID not found.
2019-10-05 16:25:28,158 [IPC Server handler 3 on 34754] WARN  block.DeletedBlockLogImpl (DeletedBlockLogImpl.java:incrementCount(141)) - Deleted TXID not found.
2019-10-05 16:25:28,158 [IPC Server handler 3 on 34754] WARN  block.DeletedBlockLogImpl (DeletedBlockLogImpl.java:incrementCount(141)) - Deleted TXID not found.
2019-10-05 16:25:28,158 [IPC Server handler 3 on 34754] WARN  block.DeletedBlockLogImpl (DeletedBlockLogImpl.java:incrementCount(141)) - Deleted TXID not found.
2019-10-05 16:25:28,158 [IPC Server handler 3 on 34754] WARN  block.DeletedBlockLogImpl (DeletedBlockLogImpl.java:incrementCount(141)) - Deleted TXID not found.
2019-10-05 16:25:28,158 [IPC Server handler 3 on 34754] WARN  block.DeletedBlockLogImpl (DeletedBlockLogImpl.java:incrementCount(141)) - Deleted TXID not found.
2019-10-05 16:25:28,158 [IPC Server handler 3 on 34754] WARN  block.DeletedBlockLogImpl (DeletedBlockLogImpl.java:incrementCount(141)) - Deleted TXID not found.
2019-10-05 16:25:28,244 [pool-7-thread-9] INFO  commands.RetriableDatanodeEventWatcher (RetriableDatanodeEventWatcher.java:onTimeout(47)) - RetriableDatanodeCommand type=deleteBlocksCommand with id=1570292713987 timed out. Retrying.
2019-10-05 16:25:28,257 [SCMBlockDeletingService#1] DEBUG block.SCMBlockDeletingService (SCMBlockDeletingService.java:call(138)) - Running DeletedBlockTransactionScanner
2019-10-05 16:25:28,257 [SCMBlockDeletingService#1] DEBUG block.SCMBlockDeletingService (SCMBlockDeletingService.java:call(155)) - Scanned deleted blocks log and got 0 delTX to process.
2019-10-05 16:25:28,330 [IPC Server handler 9 on 34754] WARN  block.DeletedBlockLogImpl (DeletedBlockLogImpl.java:incrementCount(141)) - Deleted TXID not found.
2019-10-05 16:25:28,330 [IPC Server handler 9 on 34754] WARN  block.DeletedBlockLogImpl (DeletedBlockLogImpl.java:incrementCount(141)) - Deleted TXID not found.
2019-10-05 16:25:28,330 [IPC Server handler 9 on 34754] WARN  block.DeletedBlockLogImpl (DeletedBlockLogImpl.java:incrementCount(141)) - Deleted TXID not found.
2019-10-05 16:25:28,330 [IPC Server handler 9 on 34754] WARN  block.DeletedBlockLogImpl (DeletedBlockLogImpl.java:incrementCount(141)) - Deleted TXID not found.
2019-10-05 16:25:28,330 [IPC Server handler 9 on 34754] WARN  block.DeletedBlockLogImpl (DeletedBlockLogImpl.java:incrementCount(141)) - Deleted TXID not found.
2019-10-05 16:25:28,330 [IPC Server handler 9 on 34754] WARN  block.DeletedBlockLogImpl (DeletedBlockLogImpl.java:incrementCount(141)) - Deleted TXID not found.
2019-10-05 16:25:28,331 [pool-7-thread-9] INFO  commands.RetriableDatanodeEventWatcher (RetriableDatanodeEventWatcher.java:onTimeout(47)) - RetriableDatanodeCommand type=deleteBlocksCommand with id=1570292713958 timed out. Retrying.
2019-10-05 16:25:28,334 [pool-7-thread-9] INFO  commands.RetriableDatanodeEventWatcher (RetriableDatanodeEventWatcher.java:onTimeout(47)) - RetriableDatanodeCommand type=deleteBlocksCommand with id=1570292713939 timed out. Retrying.
2019-10-05 16:25:28,334 [pool-7-thread-1] INFO  commands.RetriableDatanodeEventWatcher (RetriableDatanodeEventWatcher.java:onTimeout(47)) - RetriableDatanodeCommand type=deleteBlocksCommand with id=1570292713900 timed out. Retrying.
2019-10-05 16:25:28,334 [pool-7-thread-2] INFO  commands.RetriableDatanodeEventWatcher (RetriableDatanodeEventWatcher.java:onTimeout(47)) - RetriableDatanodeCommand type=deleteBlocksCommand with id=1570292713899 timed out. Retrying.
2019-10-05 16:25:28,334 [pool-7-thread-3] INFO  commands.RetriableDatanodeEventWatcher (RetriableDatanodeEventWatcher.java:onTimeout(47)) - RetriableDatanodeCommand type=deleteBlocksCommand with id=1570292713949 timed out. Retrying.
2019-10-05 16:25:28,335 [pool-7-thread-12] INFO  commands.RetriableDatanodeEventWatcher (RetriableDatanodeEventWatcher.java:onTimeout(47)) - RetriableDatanodeCommand type=deleteBlocksCommand with id=1570292713890 timed out. Retrying.
2019-10-05 16:25:28,335 [pool-7-thread-8] INFO  commands.RetriableDatanodeEventWatcher (RetriableDatanodeEventWatcher.java:onTimeout(47)) - RetriableDatanodeCommand type=deleteBlocksCommand with id=1570292713889 timed out. Retrying.
2019-10-05 16:25:28,335 [pool-7-thread-13] INFO  commands.RetriableDatanodeEventWatcher (RetriableDatanodeEventWatcher.java:onTimeout(47)) - RetriableDatanodeCommand type=deleteBlocksCommand with id=1570292713969 timed out. Retrying.
2019-10-05 16:25:28,335 [pool-7-thread-7] INFO  commands.RetriableDatanodeEventWatcher (RetriableDatanodeEventWatcher.java:onTimeout(47)) - RetriableDatanodeCommand type=deleteBlocksCommand with id=1570292713880 timed out. Retrying.
2019-10-05 16:25:28,335 [pool-7-thread-11] INFO  commands.RetriableDatanodeEventWatcher (RetriableDatanodeEventWatcher.java:onTimeout(47)) - RetriableDatanodeCommand type=deleteBlocksCommand with id=1570292713959 timed out. Retrying.
2019-10-05 16:25:28,345 [pool-7-thread-11] INFO  commands.RetriableDatanodeEventWatcher (RetriableDatanodeEventWatcher.java:onTimeout(47)) - RetriableDatanodeCommand type=deleteBlocksCommand with id=1570292713988 timed out. Retrying.
2019-10-05 16:25:28,347 [pool-7-thread-11] INFO  commands.RetriableDatanodeEventWatcher (RetriableDatanodeEventWatcher.java:onTimeout(47)) - RetriableDatanodeCommand type=deleteBlocksCommand with id=1570292713910 timed out. Retrying.
2019-10-05 16:25:28,358 [SCMBlockDeletingService#1] DEBUG block.SCMBlockDeletingService (SCMBlockDeletingService.java:call(138)) - Running DeletedBlockTransactionScanner
2019-10-05 16:25:28,358 [SCMBlockDeletingService#1] DEBUG block.SCMBlockDeletingService (SCMBlockDeletingService.java:call(155)) - Scanned deleted blocks log and got 0 delTX to process.
2019-10-05 16:25:28,361 [pool-7-thread-11] INFO  commands.RetriableDatanodeEventWatcher (RetriableDatanodeEventWatcher.java:onTimeout(47)) - RetriableDatanodeCommand type=deleteBlocksCommand with id=1570292713920 timed out. Retrying.
2019-10-05 16:25:28,374 [pool-7-thread-7] INFO  commands.RetriableDatanodeEventWatcher (RetriableDatanodeEventWatcher.java:onTimeout(47)) - RetriableDatanodeCommand type=deleteBlocksCommand with id=1570292713861 timed out. Retrying.
2019-10-05 16:25:28,374 [pool-7-thread-11] INFO  commands.RetriableDatanodeEventWatcher (RetriableDatanodeEventWatcher.java:onTimeout(47)) - RetriableDatanodeCommand type=deleteBlocksCommand with id=1570292713930 timed out. Retrying.
2019-10-05 16:25:28,388 [pool-7-thread-11] INFO  commands.RetriableDatanodeEventWatcher (RetriableDatanodeEventWatcher.java:onTimeout(47)) - RetriableDatanodeCommand type=deleteBlocksCommand with id=1570292713871 timed out. Retrying.
2019-10-05 16:25:28,390 [pool-7-thread-11] INFO  commands.RetriableDatanodeEventWatcher (RetriableDatanodeEventWatcher.java:onTimeout(47)) - RetriableDatanodeCommand type=deleteBlocksCommand with id=1570292713940 timed out. Retrying.
2019-10-05 16:25:28,403 [pool-7-thread-11] INFO  commands.RetriableDatanodeEventWatcher (RetriableDatanodeEventWatcher.java:onTimeout(47)) - RetriableDatanodeCommand type=deleteBlocksCommand with id=1570292713881 timed out. Retrying.
2019-10-05 16:25:28,405 [pool-7-thread-11] INFO  commands.RetriableDatanodeEventWatcher (RetriableDatanodeEventWatcher.java:onTimeout(47)) - RetriableDatanodeCommand type=deleteBlocksCommand with id=1570292713950 timed out. Retrying.
2019-10-05 16:25:28,416 [pool-7-thread-11] INFO  commands.RetriableDatanodeEventWatcher (RetriableDatanodeEventWatcher.java:onTimeout(47)) - RetriableDatanodeCommand type=deleteBlocksCommand with id=1570292713891 timed out. Retrying.
2019-10-05 16:25:28,419 [pool-7-thread-11] INFO  commands.RetriableDatanodeEventWatcher (RetriableDatanodeEventWatcher.java:onTimeout(47)) - RetriableDatanodeCommand type=deleteBlocksCommand with id=1570292713960 timed out. Retrying.
2019-10-05 16:25:28,430 [pool-7-thread-11] INFO  commands.RetriableDatanodeEventWatcher (RetriableDatanodeEventWatcher.java:onTimeout(47)) - RetriableDatanodeCommand type=deleteBlocksCommand with id=1570292713970 timed out. Retrying.
2019-10-05 16:25:28,430 [pool-7-thread-7] INFO  commands.RetriableDatanodeEventWatcher (RetriableDatanodeEventWatcher.java:onTimeout(47)) - RetriableDatanodeCommand type=deleteBlocksCommand with id=1570292713979 timed out. Retrying.
2019-10-05 16:25:28,433 [pool-7-thread-7] INFO  commands.RetriableDatanodeEventWatcher (RetriableDatanodeEventWatcher.java:onTimeout(47)) - RetriableDatanodeCommand type=deleteBlocksCommand with id=1570292713901 timed out. Retrying.
2019-10-05 16:25:28,446 [pool-7-thread-7] INFO  commands.RetriableDatanodeEventWatcher (RetriableDatanodeEventWatcher.java:onTimeout(47)) - RetriableDatanodeCommand type=deleteBlocksCommand with id=1570292713989 timed out. Retrying.
2019-10-05 16:25:28,448 [pool-7-thread-7] INFO  commands.RetriableDatanodeEventWatcher (RetriableDatanodeEventWatcher.java:onTimeout(47)) - RetriableDatanodeCommand type=deleteBlocksCommand with id=1570292713911 timed out. Retrying.
2019-10-05 16:25:28,458 [SCMBlockDeletingService#1] DEBUG block.SCMBlockDeletingService (SCMBlockDeletingService.java:call(138)) - Running DeletedBlockTransactionScanner
2019-10-05 16:25:28,458 [SCMBlockDeletingService#1] DEBUG block.SCMBlockDeletingService (SCMBlockDeletingService.java:call(155)) - Scanned deleted blocks log and got 0 delTX to process.
2019-10-05 16:25:28,462 [pool-7-thread-7] INFO  commands.RetriableDatanodeEventWatcher (RetriableDatanodeEventWatcher.java:onTimeout(47)) - RetriableDatanodeCommand type=deleteBlocksCommand with id=1570292713921 timed out. Retrying.
2019-10-05 16:25:28,475 [pool-7-thread-7] INFO  commands.RetriableDatanodeEventWatcher (RetriableDatanodeEventWatcher.java:onTimeout(47)) - RetriableDatanodeCommand type=deleteBlocksCommand with id=1570292713931 timed out. Retrying.
2019-10-05 16:25:28,475 [pool-7-thread-11] INFO  commands.RetriableDatanodeEventWatcher (RetriableDatanodeEventWatcher.java:onTimeout(47)) - RetriableDatanodeCommand type=deleteBlocksCommand with id=1570292713862 timed out. Retrying.
2019-10-05 16:25:28,489 [pool-7-thread-11] INFO  commands.RetriableDatanodeEventWatcher (RetriableDatanodeEventWatcher.java:onTimeout(47)) - RetriableDatanodeCommand type=deleteBlocksCommand with id=1570292713872 timed out. Retrying.
2019-10-05 16:25:28,491 [pool-7-thread-11] INFO  commands.RetriableDatanodeEventWatcher (RetriableDatanodeEventWatcher.java:onTimeout(47)) - RetriableDatanodeCommand type=deleteBlocksCommand with id=1570292713941 timed out. Retrying.
2019-10-05 16:25:28,506 [pool-7-thread-11] INFO  commands.RetriableDatanodeEventWatcher (RetriableDatanodeEventWatcher.java:onTimeout(47)) - RetriableDatanodeCommand type=deleteBlocksCommand with id=1570292713951 timed out. Retrying.
2019-10-05 16:25:28,506 [pool-7-thread-7] INFO  commands.RetriableDatanodeEventWatcher (RetriableDatanodeEventWatcher.java:onTimeout(47)) - RetriableDatanodeCommand type=deleteBlocksCommand with id=1570292713882 timed out. Retrying.
2019-10-05 16:25:28,519 [pool-7-thread-7] INFO  commands.RetriableDatanodeEventWatcher (RetriableDatanodeEventWatcher.java:onTimeout(47)) - RetriableDatanodeCommand type=deleteBlocksCommand with id=1570292713961 timed out. Retrying.
2019-10-05 16:25:28,522 [pool-7-thread-7] INFO  commands.RetriableDatanodeEventWatcher (RetriableDatanodeEventWatcher.java:onTimeout(47)) - RetriableDatanodeCommand type=deleteBlocksCommand with id=1570292713892 timed out. Retrying.
2019-10-05 16:25:28,530 [IPC Server handler 5 on 34754] WARN  block.DeletedBlockLogImpl (DeletedBlockLogImpl.java:incrementCount(141)) - Deleted TXID not found.
2019-10-05 16:25:28,530 [IPC Server handler 5 on 34754] WARN  block.DeletedBlockLogImpl (DeletedBlockLogImpl.java:incrementCount(141)) - Deleted TXID not found.
2019-10-05 16:25:28,530 [IPC Server handler 5 on 34754] WARN  block.DeletedBlockLogImpl (DeletedBlockLogImpl.java:incrementCount(141)) - Deleted TXID not found.
2019-10-05 16:25:28,530 [IPC Server handler 5 on 34754] WARN  block.DeletedBlockLogImpl (DeletedBlockLogImpl.java:incrementCount(141)) - Deleted TXID not found.
2019-10-05 16:25:28,530 [IPC Server handler 5 on 34754] WARN  block.DeletedBlockLogImpl (DeletedBlockLogImpl.java:incrementCount(141)) - Deleted TXID not found.
2019-10-05 16:25:28,531 [IPC Server handler 5 on 34754] WARN  block.DeletedBlockLogImpl (DeletedBlockLogImpl.java:incrementCount(141)) - Deleted TXID not found.
2019-10-05 16:25:28,531 [IPC Server handler 5 on 34754] WARN  block.DeletedBlockLogImpl (DeletedBlockLogImpl.java:incrementCount(141)) - Deleted TXID not found.
2019-10-05 16:25:28,531 [IPC Server handler 5 on 34754] WARN  block.DeletedBlockLogImpl (DeletedBlockLogImpl.java:incrementCount(141)) - Deleted TXID not found.
2019-10-05 16:25:28,531 [IPC Server handler 5 on 34754] WARN  block.DeletedBlockLogImpl (DeletedBlockLogImpl.java:incrementCount(141)) - Deleted TXID not found.
2019-10-05 16:25:28,531 [IPC Server handler 5 on 34754] WARN  block.DeletedBlockLogImpl (DeletedBlockLogImpl.java:incrementCount(141)) - Deleted TXID not found.
2019-10-05 16:25:28,531 [IPC Server handler 5 on 34754] WARN  block.DeletedBlockLogImpl (DeletedBlockLogImpl.java:incrementCount(141)) - Deleted TXID not found.
2019-10-05 16:25:28,531 [IPC Server handler 5 on 34754] WARN  block.DeletedBlockLogImpl (DeletedBlockLogImpl.java:incrementCount(141)) - Deleted TXID not found.
2019-10-05 16:25:28,531 [IPC Server handler 5 on 34754] WARN  block.DeletedBlockLogImpl (DeletedBlockLogImpl.java:incrementCount(141)) - Deleted TXID not found.
2019-10-05 16:25:28,532 [IPC Server handler 5 on 34754] WARN  block.DeletedBlockLogImpl (DeletedBlockLogImpl.java:incrementCount(141)) - Deleted TXID not found.
2019-10-05 16:25:28,532 [IPC Server handler 5 on 34754] WARN  block.DeletedBlockLogImpl (DeletedBlockLogImpl.java:incrementCount(141)) - Deleted TXID not found.
2019-10-05 16:25:28,532 [IPC Server handler 5 on 34754] WARN  block.DeletedBlockLogImpl (DeletedBlockLogImpl.java:incrementCount(141)) - Deleted TXID not found.
2019-10-05 16:25:28,532 [IPC Server handler 5 on 34754] WARN  block.DeletedBlockLogImpl (DeletedBlockLogImpl.java:incrementCount(141)) - Deleted TXID not found.
2019-10-05 16:25:28,532 [IPC Server handler 5 on 34754] WARN  block.DeletedBlockLogImpl (DeletedBlockLogImpl.java:incrementCount(141)) - Deleted TXID not found.
2019-10-05 16:25:28,532 [pool-7-thread-11] INFO  commands.RetriableDatanodeEventWatcher (RetriableDatanodeEventWatcher.java:onTimeout(47)) - RetriableDatanodeCommand type=deleteBlocksCommand with id=1570292713980 timed out. Retrying.
DeletedBlockLogImpl.java:incrementCount(141)) - Deleted TXID not found.
2019-10-05 16:25:28,532 [pool-7-thread-11] INFO  commands.RetriableDatanodeEventWatcher (RetriableDatanodeEventWatcher.java:onTimeout(47)) - RetriableDatanodeCommand type=deleteBlocksCommand with id=1570292713980 timed out. Retrying.
2019-10-05 16:25:28,532 [pool-7-thread-7] INFO  commands.RetriableDatanodeEventWatcher (DeletedBlockLogImpl.java:incrementCount(141)) - Deleted TXID not found.
2019-10-05 16:25:28,532 [IPC Server handler 5 on 34754] WARN  block.DeletedBlockLogImpl (RetriableDatanodeEventWatcher.java:onTimeout(47)) - RetriableDatanodeCommand type=deleteBlocksCommand with id=1570292713971 timed out. Retrying.
DeletedBlockLogImpl.java:incrementCount(141)) - Deleted TXID not found.
2019-10-05 16:25:28,532 [pool-7-thread-7] INFO  commands.RetriableDatanodeEventWatcher (RetriableDatanodeEventWatcher.java:onTimeout(47)) - RetriableDatanodeCommand type=deleteBlocksCommand with id=1570292713971 timed out. Retrying.
2019-10-05 16:25:28,533 [IPC Server handler 5 on 34754] WARN  block.DeletedBlockLogImpl (DeletedBlockLogImpl.java:incrementCount(141)) - Deleted TXID not found.
2019-10-05 16:25:28,533 [IPC Server handler 5 on 34754] WARN  block.DeletedBlockLogImpl (DeletedBlockLogImpl.java:incrementCount(141)) - Deleted TXID not found.
2019-10-05 16:25:28,533 [IPC Server handler 5 on 34754] WARN  block.DeletedBlockLogImpl (DeletedBlockLogImpl.java:incrementCount(141)) - Deleted TXID not found.
2019-10-05 16:25:28,533 [IPC Server handler 5 on 34754] WARN  block.DeletedBlockLogImpl (DeletedBlockLogImpl.java:incrementCount(141)) - Deleted TXID not found.
2019-10-05 16:25:28,533 [IPC Server handler 5 on 34754] WARN  block.DeletedBlockLogImpl (DeletedBlockLogImpl.java:incrementCount(141)) - Deleted TXID not found.
2019-10-05 16:25:28,533 [IPC Server handler 5 on 34754] WARN  block.DeletedBlockLogImpl (DeletedBlockLogImpl.java:incrementCount(141)) - Deleted TXID not found.
2019-10-05 16:25:28,533 [IPC Server handler 5 on 34754] WARN  block.DeletedBlockLogImpl (DeletedBlockLogImpl.java:incrementCount(141)) - Deleted TXID not found.
2019-10-05 16:25:28,534 [IPC Server handler 5 on 34754] WARN  block.DeletedBlockLogImpl (DeletedBlockLogImpl.java:incrementCount(141)) - Deleted TXID not found.
2019-10-05 16:25:28,534 [IPC Server handler 5 on 34754] WARN  block.DeletedBlockLogImpl (DeletedBlockLogImpl.java:incrementCount(141)) - Deleted TXID not found.
2019-10-05 16:25:28,534 [IPC Server handler 5 on 34754] WARN  block.DeletedBlockLogImpl (DeletedBlockLogImpl.java:incrementCount(141)) - Deleted TXID not found.
2019-10-05 16:25:28,534 [IPC Server handler 5 on 34754] WARN  block.DeletedBlockLogImpl (DeletedBlockLogImpl.java:incrementCount(141)) - Deleted TXID not found.
2019-10-05 16:25:28,534 [IPC Server handler 5 on 34754] WARN  block.DeletedBlockLogImpl (DeletedBlockLogImpl.java:incrementCount(141)) - Deleted TXID not found.
2019-10-05 16:25:28,534 [pool-7-thread-7] INFO  commands.RetriableDatanodeEventWatcher (RetriableDatanodeEventWatcher.java:onTimeout(47)) - RetriableDatanodeCommand type=deleteBlocksCommand with id=1570292713902 timed out. Retrying.
2019-10-05 16:25:28,534 [IPC Server handler 5 on 34754] WARN  block.DeletedBlockLogImpl (DeletedBlockLogImpl.java:incrementCount(141)) - Deleted TXID not found.
2019-10-05 16:25:28,534 [IPC Server handler 5 on 34754] WARN  block.DeletedBlockLogImpl (DeletedBlockLogImpl.java:incrementCount(141)) - Deleted TXID not found.
2019-10-05 16:25:28,534 [IPC Server handler 5 on 34754] WARN  block.DeletedBlockLogImpl (DeletedBlockLogImpl.java:incrementCount(141)) - Deleted TXID not found.
2019-10-05 16:25:28,535 [IPC Server handler 5 on 34754] WARN  block.DeletedBlockLogImpl (DeletedBlockLogImpl.java:incrementCount(141)) - Deleted TXID not found.
2019-10-05 16:25:28,535 [IPC Server handler 5 on 34754] WARN  block.DeletedBlockLogImpl (DeletedBlockLogImpl.java:incrementCount(141)) - Deleted TXID not found.
2019-10-05 16:25:28,535 [IPC Server handler 5 on 34754] WARN  block.DeletedBlockLogImpl (DeletedBlockLogImpl.java:incrementCount(141)) - Deleted TXID not found.
2019-10-05 16:25:28,535 [IPC Server handler 5 on 34754] WARN  block.DeletedBlockLogImpl (DeletedBlockLogImpl.java:incrementCount(141)) - Deleted TXID not found.
2019-10-05 16:25:28,535 [IPC Server handler 5 on 34754] WARN  block.DeletedBlockLogImpl (DeletedBlockLogImpl.java:incrementCount(141)) - Deleted TXID not found.
2019-10-05 16:25:28,535 [IPC Server handler 5 on 34754] WARN  block.DeletedBlockLogImpl (DeletedBlockLogImpl.java:incrementCount(141)) - Deleted TXID not found.
2019-10-05 16:25:28,535 [IPC Server handler 5 on 34754] WARN  block.DeletedBlockLogImpl (DeletedBlockLogImpl.java:incrementCount(141)) - Deleted TXID not found.
2019-10-05 16:25:28,535 [IPC Server handler 5 on 34754] WARN  block.DeletedBlockLogImpl (DeletedBlockLogImpl.java:incrementCount(141)) - Deleted TXID not found.
2019-10-05 16:25:28,536 [IPC Server handler 5 on 34754] WARN  block.DeletedBlockLogImpl (DeletedBlockLogImpl.java:incrementCount(141)) - Deleted TXID not found.
2019-10-05 16:25:28,536 [IPC Server handler 5 on 34754] WARN  block.DeletedBlockLogImpl (DeletedBlockLogImpl.java:incrementCount(141)) - Deleted TXID not found.
2019-10-05 16:25:28,536 [IPC Server handler 5 on 34754] WARN  block.DeletedBlockLogImpl (DeletedBlockLogImpl.java:incrementCount(141)) - Deleted TXID not found.
2019-10-05 16:25:28,536 [IPC Server handler 5 on 34754] WARN  block.DeletedBlockLogImpl (DeletedBlockLogImpl.java:incrementCount(141)) - Deleted TXID not found.
2019-10-05 16:25:28,536 [IPC Server handler 5 on 34754] WARN  block.DeletedBlockLogImpl (DeletedBlockLogImpl.java:incrementCount(141)) - Deleted TXID not found.
2019-10-05 16:25:28,536 [IPC Server handler 5 on 34754] WARN  block.DeletedBlockLogImpl (DeletedBlockLogImpl.java:incrementCount(141)) - Deleted TXID not found.
2019-10-05 16:25:28,536 [IPC Server handler 5 on 34754] WARN  block.DeletedBlockLogImpl (DeletedBlockLogImpl.java:incrementCount(141)) - Deleted TXID not found.
2019-10-05 16:25:28,536 [IPC Server handler 5 on 34754] WARN  block.DeletedBlockLogImpl (DeletedBlockLogImpl.java:incrementCount(141)) - Deleted TXID not found.
2019-10-05 16:25:28,536 [IPC Server handler 5 on 34754] WARN  block.DeletedBlockLogImpl (DeletedBlockLogImpl.java:incrementCount(141)) - Deleted TXID not found.
2019-10-05 16:25:28,537 [IPC Server handler 5 on 34754] WARN  block.DeletedBlockLogImpl (DeletedBlockLogImpl.java:incrementCount(141)) - Deleted TXID not found.
2019-10-05 16:25:28,537 [IPC Server handler 5 on 34754] WARN  block.DeletedBlockLogImpl (DeletedBlockLogImpl.java:incrementCount(141)) - Deleted TXID not found.
2019-10-05 16:25:28,537 [IPC Server handler 5 on 34754] WARN  block.DeletedBlockLogImpl (DeletedBlockLogImpl.java:incrementCount(141)) - Deleted TXID not found.
2019-10-05 16:25:28,537 [IPC Server handler 5 on 34754] WARN  block.DeletedBlockLogImpl (DeletedBlockLogImpl.java:incrementCount(141)) - Deleted TXID not found.
2019-10-05 16:25:28,537 [IPC Server handler 5 on 34754] WARN  block.DeletedBlockLogImpl (DeletedBlockLogImpl.java:incrementCount(141)) - Deleted TXID not found.
2019-10-05 16:25:28,537 [IPC Server handler 5 on 34754] WARN  block.DeletedBlockLogImpl (DeletedBlockLogImpl.java:incrementCount(141)) - Deleted TXID not found.
2019-10-05 16:25:28,537 [IPC Server handler 5 on 34754] WARN  block.DeletedBlockLogImpl (DeletedBlockLogImpl.java:incrementCount(141)) - Deleted TXID not found.
2019-10-05 16:25:28,538 [IPC Server handler 5 on 34754] WARN  block.DeletedBlockLogImpl (DeletedBlockLogImpl.java:incrementCount(141)) - Deleted TXID not found.
2019-10-05 16:25:28,538 [IPC Server handler 5 on 34754] WARN  block.DeletedBlockLogImpl (DeletedBlockLogImpl.java:incrementCount(141)) - Deleted TXID not found.
2019-10-05 16:25:28,538 [IPC Server handler 5 on 34754] WARN  block.DeletedBlockLogImpl (DeletedBlockLogImpl.java:incrementCount(141)) - Deleted TXID not found.
2019-10-05 16:25:28,538 [IPC Server handler 5 on 34754] WARN  block.DeletedBlockLogImpl (DeletedBlockLogImpl.java:incrementCount(141)) - Deleted TXID not found.
2019-10-05 16:25:28,538 [IPC Server handler 5 on 34754] WARN  block.DeletedBlockLogImpl (DeletedBlockLogImpl.java:incrementCount(141)) - Deleted TXID not found.
2019-10-05 16:25:28,538 [IPC Server handler 5 on 34754] WARN  block.DeletedBlockLogImpl (DeletedBlockLogImpl.java:incrementCount(141)) - Deleted TXID not found.
2019-10-05 16:25:28,538 [IPC Server handler 5 on 34754] WARN  block.DeletedBlockLogImpl (DeletedBlockLogImpl.java:incrementCount(141)) - Deleted TXID not found.
2019-10-05 16:25:28,538 [IPC Server handler 5 on 34754] WARN  block.DeletedBlockLogImpl (DeletedBlockLogImpl.java:incrementCount(141)) - Deleted TXID not found.
2019-10-05 16:25:28,538 [IPC Server handler 5 on 34754] WARN  block.DeletedBlockLogImpl (DeletedBlockLogImpl.java:incrementCount(141)) - Deleted TXID not found.
2019-10-05 16:25:28,539 [IPC Server handler 5 on 34754] WARN  block.DeletedBlockLogImpl (DeletedBlockLogImpl.java:incrementCount(141)) - Deleted TXID not found.
2019-10-05 16:25:28,539 [IPC Server handler 5 on 34754] WARN  block.DeletedBlockLogImpl (DeletedBlockLogImpl.java:incrementCount(141)) - Deleted TXID not found.
2019-10-05 16:25:28,539 [IPC Server handler 5 on 34754] WARN  block.DeletedBlockLogImpl (DeletedBlockLogImpl.java:incrementCount(141)) - Deleted TXID not found.
2019-10-05 16:25:28,539 [IPC Server handler 5 on 34754] WARN  block.DeletedBlockLogImpl (DeletedBlockLogImpl.java:incrementCount(141)) - Deleted TXID not found.
2019-10-05 16:25:28,539 [IPC Server handler 5 on 34754] WARN  block.DeletedBlockLogImpl (DeletedBlockLogImpl.java:incrementCount(141)) - Deleted TXID not found.
2019-10-05 16:25:28,539 [IPC Server handler 5 on 34754] WARN  block.DeletedBlockLogImpl (DeletedBlockLogImpl.java:incrementCount(141)) - Deleted TXID not found.
2019-10-05 16:25:28,539 [IPC Server handler 5 on 34754] WARN  block.DeletedBlockLogImpl (DeletedBlockLogImpl.java:incrementCount(141)) - Deleted TXID not found.
2019-10-05 16:25:28,539 [IPC Server handler 5 on 34754] WARN  block.DeletedBlockLogImpl (DeletedBlockLogImpl.java:incrementCount(141)) - Deleted TXID not found.
2019-10-05 16:25:28,540 [IPC Server handler 5 on 34754] WARN  block.DeletedBlockLogImpl (DeletedBlockLogImpl.java:incrementCount(141)) - Deleted TXID not found.
2019-10-05 16:25:28,540 [IPC Server handler 5 on 34754] WARN  block.DeletedBlockLogImpl (DeletedBlockLogImpl.java:incrementCount(141)) - Deleted TXID not found.
2019-10-05 16:25:28,540 [IPC Server handler 5 on 34754] WARN  block.DeletedBlockLogImpl (DeletedBlockLogImpl.java:incrementCount(141)) - Deleted TXID not found.
2019-10-05 16:25:28,540 [IPC Server handler 5 on 34754] WARN  block.DeletedBlockLogImpl (DeletedBlockLogImpl.java:incrementCount(141)) - Deleted TXID not found.
2019-10-05 16:25:28,540 [IPC Server handler 5 on 34754] WARN  block.DeletedBlockLogImpl (DeletedBlockLogImpl.java:incrementCount(141)) - Deleted TXID not found.
2019-10-05 16:25:28,540 [IPC Server handler 5 on 34754] WARN  block.DeletedBlockLogImpl (DeletedBlockLogImpl.java:incrementCount(141)) - Deleted TXID not found.
2019-10-05 16:25:28,540 [IPC Server handler 5 on 34754] WARN  block.DeletedBlockLogImpl (DeletedBlockLogImpl.java:incrementCount(141)) - Deleted TXID not found.
2019-10-05 16:25:28,540 [IPC Server handler 5 on 34754] WARN  block.DeletedBlockLogImpl (DeletedBlockLogImpl.java:incrementCount(141)) - Deleted TXID not found.
2019-10-05 16:25:28,541 [IPC Server handler 5 on 34754] WARN  block.DeletedBlockLogImpl (DeletedBlockLogImpl.java:incrementCount(141)) - Deleted TXID not found.
2019-10-05 16:25:28,541 [IPC Server handler 5 on 34754] WARN  block.DeletedBlockLogImpl (DeletedBlockLogImpl.java:incrementCount(141)) - Deleted TXID not found.
2019-10-05 16:25:28,541 [IPC Server handler 5 on 34754] WARN  block.DeletedBlockLogImpl (DeletedBlockLogImpl.java:incrementCount(141)) - Deleted TXID not found.
2019-10-05 16:25:28,541 [IPC Server handler 5 on 34754] WARN  block.DeletedBlockLogImpl (DeletedBlockLogImpl.java:incrementCount(141)) - Deleted TXID not found.
2019-10-05 16:25:28,541 [IPC Server handler 5 on 34754] WARN  block.DeletedBlockLogImpl (DeletedBlockLogImpl.java:incrementCount(141)) - Deleted TXID not found.
2019-10-05 16:25:28,541 [IPC Server handler 5 on 34754] WARN  block.DeletedBlockLogImpl (DeletedBlockLogImpl.java:incrementCount(141)) - Deleted TXID not found.
2019-10-05 16:25:28,541 [IPC Server handler 5 on 34754] WARN  block.DeletedBlockLogImpl (DeletedBlockLogImpl.java:incrementCount(141)) - Deleted TXID not found.
2019-10-05 16:25:28,541 [IPC Server handler 5 on 34754] WARN  block.DeletedBlockLogImpl (DeletedBlockLogImpl.java:incrementCount(141)) - Deleted TXID not found.
2019-10-05 16:25:28,542 [IPC Server handler 5 on 34754] WARN  block.DeletedBlockLogImpl (DeletedBlockLogImpl.java:incrementCount(141)) - Deleted TXID not found.
2019-10-05 16:25:28,542 [IPC Server handler 5 on 34754] WARN  block.DeletedBlockLogImpl (DeletedBlockLogImpl.java:incrementCount(141)) - Deleted TXID not found.
2019-10-05 16:25:28,542 [IPC Server handler 5 on 34754] WARN  block.DeletedBlockLogImpl (DeletedBlockLogImpl.java:incrementCount(141)) - Deleted TXID not found.
2019-10-05 16:25:28,542 [IPC Server handler 5 on 34754] WARN  block.DeletedBlockLogImpl (DeletedBlockLogImpl.java:incrementCount(141)) - Deleted TXID not found.
2019-10-05 16:25:28,542 [IPC Server handler 5 on 34754] WARN  block.DeletedBlockLogImpl (DeletedBlockLogImpl.java:incrementCount(141)) - Deleted TXID not found.
2019-10-05 16:25:28,542 [IPC Server handler 5 on 34754] WARN  block.DeletedBlockLogImpl (DeletedBlockLogImpl.java:incrementCount(141)) - Deleted TXID not found.
2019-10-05 16:25:28,542 [IPC Server handler 5 on 34754] WARN  block.DeletedBlockLogImpl (DeletedBlockLogImpl.java:incrementCount(141)) - Deleted TXID not found.
2019-10-05 16:25:28,542 [IPC Server handler 5 on 34754] WARN  block.DeletedBlockLogImpl (DeletedBlockLogImpl.java:incrementCount(141)) - Deleted TXID not found.
2019-10-05 16:25:28,542 [IPC Server handler 5 on 34754] WARN  block.DeletedBlockLogImpl (DeletedBlockLogImpl.java:incrementCount(141)) - Deleted TXID not found.
2019-10-05 16:25:28,543 [IPC Server handler 5 on 34754] WARN  block.DeletedBlockLogImpl (DeletedBlockLogImpl.java:incrementCount(141)) - Deleted TXID not found.
2019-10-05 16:25:28,543 [IPC Server handler 5 on 34754] WARN  block.DeletedBlockLogImpl (DeletedBlockLogImpl.java:incrementCount(141)) - Deleted TXID not found.
2019-10-05 16:25:28,543 [IPC Server handler 5 on 34754] WARN  block.DeletedBlockLogImpl (DeletedBlockLogImpl.java:incrementCount(141)) - Deleted TXID not found.
2019-10-05 16:25:28,547 [pool-7-thread-7] INFO  commands.RetriableDatanodeEventWatcher (RetriableDatanodeEventWatcher.java:onTimeout(47)) - RetriableDatanodeCommand type=deleteBlocksCommand with id=1570292713990 timed out. Retrying.
2019-10-05 16:25:28,552 [pool-7-thread-7] INFO  commands.RetriableDatanodeEventWatcher (RetriableDatanodeEventWatcher.java:onTimeout(47)) - RetriableDatanodeCommand type=deleteBlocksCommand with id=1570292713912 timed out. Retrying.
2019-10-05 16:25:28,559 [SCMBlockDeletingService#1] DEBUG block.SCMBlockDeletingService (SCMBlockDeletingService.java:call(138)) - Running DeletedBlockTransactionScanner
2019-10-05 16:25:28,559 [SCMBlockDeletingService#1] DEBUG block.SCMBlockDeletingService (SCMBlockDeletingService.java:call(155)) - Scanned deleted blocks log and got 0 delTX to process.
2019-10-05 16:25:28,561 [pool-7-thread-7] INFO  commands.RetriableDatanodeEventWatcher (RetriableDatanodeEventWatcher.java:onTimeout(47)) - RetriableDatanodeCommand type=deleteBlocksCommand with id=1570292713922 timed out. Retrying.
2019-10-05 16:25:28,578 [pool-7-thread-7] INFO  commands.RetriableDatanodeEventWatcher (RetriableDatanodeEventWatcher.java:onTimeout(47)) - RetriableDatanodeCommand type=deleteBlocksCommand with id=1570292713932 timed out. Retrying.
2019-10-05 16:25:28,578 [pool-7-thread-11] INFO  commands.RetriableDatanodeEventWatcher (RetriableDatanodeEventWatcher.java:onTimeout(47)) - RetriableDatanodeCommand type=deleteBlocksCommand with id=1570292713863 timed out. Retrying.
2019-10-05 16:25:28,591 [pool-7-thread-11] INFO  commands.RetriableDatanodeEventWatcher (RetriableDatanodeEventWatcher.java:onTimeout(47)) - RetriableDatanodeCommand type=deleteBlocksCommand with id=1570292713873 timed out. Retrying.
2019-10-05 16:25:28,593 [pool-7-thread-11] INFO  commands.RetriableDatanodeEventWatcher (RetriableDatanodeEventWatcher.java:onTimeout(47)) - RetriableDatanodeCommand type=deleteBlocksCommand with id=1570292713942 timed out. Retrying.
2019-10-05 16:25:28,641 [pool-7-thread-11] INFO  commands.RetriableDatanodeEventWatcher (RetriableDatanodeEventWatcher.java:onTimeout(47)) - RetriableDatanodeCommand type=deleteBlocksCommand with id=1570292713981 timed out. Retrying.
2019-10-05 16:25:28,641 [pool-7-thread-11] INFO  commands.RetriableDatanodeEventWatcher (RetriableDatanodeEventWatcher.java:onTimeout(47)) - RetriableDatanodeCommand type=deleteBlocksCommand with id=1570292713972 timed out. Retrying.
2019-10-05 16:25:28,642 [pool-7-thread-12] INFO  commands.RetriableDatanodeEventWatcher (RetriableDatanodeEventWatcher.java:onTimeout(47)) - RetriableDatanodeCommand type=deleteBlocksCommand with id=1570292713893 timed out. Retrying.
2019-10-05 16:25:28,642 [pool-7-thread-8] INFO  commands.RetriableDatanodeEventWatcher (RetriableDatanodeEventWatcher.java:onTimeout(47)) - RetriableDatanodeCommand type=deleteBlocksCommand with id=1570292713883 timed out. Retrying.
2019-10-05 16:25:28,642 [pool-7-thread-3] INFO  commands.RetriableDatanodeEventWatcher (RetriableDatanodeEventWatcher.java:onTimeout(47)) - RetriableDatanodeCommand type=deleteBlocksCommand with id=1570292713903 timed out. Retrying.
2019-10-05 16:25:28,642 [pool-7-thread-13] INFO  commands.RetriableDatanodeEventWatcher (RetriableDatanodeEventWatcher.java:onTimeout(47)) - RetriableDatanodeCommand type=deleteBlocksCommand with id=1570292713962 timed out. Retrying.
2019-10-05 16:25:28,643 [pool-7-thread-7] INFO  commands.RetriableDatanodeEventWatcher (RetriableDatanodeEventWatcher.java:onTimeout(47)) - RetriableDatanodeCommand type=deleteBlocksCommand with id=1570292713952 timed out. Retrying.
2019-10-05 16:25:28,648 [pool-7-thread-7] INFO  commands.RetriableDatanodeEventWatcher (RetriableDatanodeEventWatcher.java:onTimeout(47)) - RetriableDatanodeCommand type=deleteBlocksCommand with id=1570292713991 timed out. Retrying.
2019-10-05 16:25:28,650 [pool-7-thread-7] INFO  commands.RetriableDatanodeEventWatcher (RetriableDatanodeEventWatcher.java:onTimeout(47)) - RetriableDatanodeCommand type=deleteBlocksCommand with id=1570292713913 timed out. Retrying.
2019-10-05 16:25:28,659 [SCMBlockDeletingService#1] DEBUG block.SCMBlockDeletingService (SCMBlockDeletingService.java:call(138)) - Running DeletedBlockTransactionScanner
2019-10-05 16:25:28,659 [SCMBlockDeletingService#1] DEBUG block.SCMBlockDeletingService (SCMBlockDeletingService.java:call(155)) - Scanned deleted blocks log and got 0 delTX to process.
2019-10-05 16:25:28,663 [pool-7-thread-7] INFO  commands.RetriableDatanodeEventWatcher (RetriableDatanodeEventWatcher.java:onTimeout(47)) - RetriableDatanodeCommand type=deleteBlocksCommand with id=1570292713923 timed out. Retrying.
2019-10-05 16:25:28,682 [pool-7-thread-13] INFO  commands.RetriableDatanodeEventWatcher (RetriableDatanodeEventWatcher.java:onTimeout(47)) - RetriableDatanodeCommand type=deleteBlocksCommand with id=1570292713864 timed out. Retrying.
2019-10-05 16:25:28,682 [pool-7-thread-7] INFO  commands.RetriableDatanodeEventWatcher (RetriableDatanodeEventWatcher.java:onTimeout(47)) - RetriableDatanodeCommand type=deleteBlocksCommand with id=1570292713933 timed out. Retrying.
2019-10-05 16:25:28,693 [pool-7-thread-7] INFO  commands.RetriableDatanodeEventWatcher (RetriableDatanodeEventWatcher.java:onTimeout(47)) - RetriableDatanodeCommand type=deleteBlocksCommand with id=1570292713874 timed out. Retrying.
2019-10-05 16:25:28,697 [pool-7-thread-7] INFO  commands.RetriableDatanodeEventWatcher (RetriableDatanodeEventWatcher.java:onTimeout(47)) - RetriableDatanodeCommand type=deleteBlocksCommand with id=1570292713943 timed out. Retrying.
2019-10-05 16:25:28,707 [pool-7-thread-7] INFO  commands.RetriableDatanodeEventWatcher (RetriableDatanodeEventWatcher.java:onTimeout(47)) - RetriableDatanodeCommand type=deleteBlocksCommand with id=1570292713953 timed out. Retrying.
2019-10-05 16:25:28,707 [pool-7-thread-13] INFO  commands.RetriableDatanodeEventWatcher (RetriableDatanodeEventWatcher.java:onTimeout(47)) - RetriableDatanodeCommand type=deleteBlocksCommand with id=1570292713884 timed out. Retrying.
2019-10-05 16:25:28,723 [pool-7-thread-13] INFO  commands.RetriableDatanodeEventWatcher (RetriableDatanodeEventWatcher.java:onTimeout(47)) - RetriableDatanodeCommand type=deleteBlocksCommand with id=1570292713963 timed out. Retrying.
2019-10-05 16:25:28,723 [pool-7-thread-7] INFO  commands.RetriableDatanodeEventWatcher (RetriableDatanodeEventWatcher.java:onTimeout(47)) - RetriableDatanodeCommand type=deleteBlocksCommand with id=1570292713894 timed out. Retrying.
2019-10-05 16:25:28,730 [IPC Server handler 8 on 34754] WARN  block.DeletedBlockLogImpl (DeletedBlockLogImpl.java:incrementCount(141)) - Deleted TXID not found.
2019-10-05 16:25:28,730 [IPC Server handler 8 on 34754] WARN  block.DeletedBlockLogImpl (DeletedBlockLogImpl.java:incrementCount(141)) - Deleted TXID not found.
2019-10-05 16:25:28,730 [IPC Server handler 8 on 34754] WARN  block.DeletedBlockLogImpl (DeletedBlockLogImpl.java:incrementCount(141)) - Deleted TXID not found.
2019-10-05 16:25:28,730 [IPC Server handler 8 on 34754] WARN  block.DeletedBlockLogImpl (DeletedBlockLogImpl.java:incrementCount(141)) - Deleted TXID not found.
2019-10-05 16:25:28,730 [IPC Server handler 8 on 34754] WARN  block.DeletedBlockLogImpl (DeletedBlockLogImpl.java:incrementCount(141)) - Deleted TXID not found.
2019-10-05 16:25:28,730 [IPC Server handler 8 on 34754] WARN  block.DeletedBlockLogImpl (DeletedBlockLogImpl.java:incrementCount(141)) - Deleted TXID not found.
2019-10-05 16:25:28,731 [IPC Server handler 8 on 34754] WARN  block.DeletedBlockLogImpl (DeletedBlockLogImpl.java:incrementCount(141)) - Deleted TXID not found.
2019-10-05 16:25:28,731 [IPC Server handler 8 on 34754] WARN  block.DeletedBlockLogImpl (DeletedBlockLogImpl.java:incrementCount(141)) - Deleted TXID not found.
2019-10-05 16:25:28,731 [IPC Server handler 8 on 34754] WARN  block.DeletedBlockLogImpl (DeletedBlockLogImpl.java:incrementCount(141)) - Deleted TXID not found.
2019-10-05 16:25:28,731 [IPC Server handler 8 on 34754] WARN  block.DeletedBlockLogImpl (DeletedBlockLogImpl.java:incrementCount(141)) - Deleted TXID not found.
2019-10-05 16:25:28,731 [IPC Server handler 8 on 34754] WARN  block.DeletedBlockLogImpl (DeletedBlockLogImpl.java:incrementCount(141)) - Deleted TXID not found.
2019-10-05 16:25:28,731 [IPC Server handler 8 on 34754] WARN  block.DeletedBlockLogImpl (DeletedBlockLogImpl.java:incrementCount(141)) - Deleted TXID not found.
2019-10-05 16:25:28,731 [IPC Server handler 8 on 34754] WARN  block.DeletedBlockLogImpl (DeletedBlockLogImpl.java:incrementCount(141)) - Deleted TXID not found.
2019-10-05 16:25:28,731 [IPC Server handler 8 on 34754] WARN  block.DeletedBlockLogImpl (DeletedBlockLogImpl.java:incrementCount(141)) - Deleted TXID not found.
2019-10-05 16:25:28,732 [IPC Server handler 8 on 34754] WARN  block.DeletedBlockLogImpl (DeletedBlockLogImpl.java:incrementCount(141)) - Deleted TXID not found.
2019-10-05 16:25:28,732 [IPC Server handler 8 on 34754] WARN  block.DeletedBlockLogImpl (DeletedBlockLogImpl.java:incrementCount(141)) - Deleted TXID not found.
2019-10-05 16:25:28,732 [IPC Server handler 8 on 34754] WARN  block.DeletedBlockLogImpl (DeletedBlockLogImpl.java:incrementCount(141)) - Deleted TXID not found.
2019-10-05 16:25:28,732 [IPC Server handler 8 on 34754] WARN  block.DeletedBlockLogImpl (DeletedBlockLogImpl.java:incrementCount(141)) - Deleted TXID not found.
2019-10-05 16:25:28,733 [IPC Server handler 8 on 34754] WARN  block.DeletedBlockLogImpl (DeletedBlockLogImpl.java:incrementCount(141)) - Deleted TXID not found.
2019-10-05 16:25:28,733 [IPC Server handler 8 on 34754] WARN  block.DeletedBlockLogImpl (DeletedBlockLogImpl.java:incrementCount(141)) - Deleted TXID not found.
2019-10-05 16:25:28,733 [IPC Server handler 8 on 34754] WARN  block.DeletedBlockLogImpl (DeletedBlockLogImpl.java:incrementCount(141)) - Deleted TXID not found.
2019-10-05 16:25:28,733 [IPC Server handler 8 on 34754] WARN  block.DeletedBlockLogImpl (DeletedBlockLogImpl.java:incrementCount(141)) - Deleted TXID not found.
2019-10-05 16:25:28,734 [IPC Server handler 8 on 34754] WARN  block.DeletedBlockLogImpl (DeletedBlockLogImpl.java:incrementCount(141)) - Deleted TXID not found.
2019-10-05 16:25:28,734 [IPC Server handler 8 on 34754] WARN  block.DeletedBlockLogImpl (DeletedBlockLogImpl.java:incrementCount(141)) - Deleted TXID not found.
2019-10-05 16:25:28,734 [IPC Server handler 8 on 34754] WARN  block.DeletedBlockLogImpl (DeletedBlockLogImpl.java:incrementCount(141)) - Deleted TXID not found.
2019-10-05 16:25:28,734 [IPC Server handler 8 on 34754] WARN  block.DeletedBlockLogImpl (DeletedBlockLogImpl.java:incrementCount(141)) - Deleted TXID not found.
2019-10-05 16:25:28,734 [IPC Server handler 8 on 34754] WARN  block.DeletedBlockLogImpl (DeletedBlockLogImpl.java:incrementCount(141)) - Deleted TXID not found.
2019-10-05 16:25:28,735 [IPC Server handler 8 on 34754] WARN  block.DeletedBlockLogImpl (DeletedBlockLogImpl.java:incrementCount(141)) - Deleted TXID not found.
2019-10-05 16:25:28,735 [IPC Server handler 8 on 34754] WARN  block.DeletedBlockLogImpl (DeletedBlockLogImpl.java:incrementCount(141)) - Deleted TXID not found.
2019-10-05 16:25:28,735 [IPC Server handler 8 on 34754] WARN  block.DeletedBlockLogImpl (DeletedBlockLogImpl.java:incrementCount(141)) - Deleted TXID not found.
2019-10-05 16:25:28,735 [IPC Server handler 8 on 34754] WARN  block.DeletedBlockLogImpl (DeletedBlockLogImpl.java:incrementCount(141)) - Deleted TXID not found.
2019-10-05 16:25:28,735 [pool-7-thread-7] INFODeletedBlockLogImpl.java:incrementCount(141)) - Deleted TXID not found.
2019-10-05 16:25:28,735 [IPC Server handler 8 on 34754] WARN  block.DeletedBlockLogImpl (RetriableDatanodeEventWatcher.java:onTimeout(47)) - RetriableDatanodeCommand type=deleteBlocksCommand with id=1570292713982 timed out. Retrying.
DeletedBlockLogImpl.java:incrementCount(141)) - Deleted TXID not found.
2019-10-05 16:25:28,735 [pool-7-thread-7] INFO  commands.RetriableDatanodeEventWatcher (RetriableDatanodeEventWatcher.java:onTimeout(47)) - RetriableDatanodeCommand type=deleteBlocksCommand with id=1570292713982 timed out. Retrying.
2019-10-05 16:25:28,736 [IPC Server handler 8 on 34754] WARN  block.DeletedBlockLogImpl (DeletedBlockLogImpl.java:incrementCount(141)) - Deleted TXID not found.
2019-10-05 16:25:28,736 [IPC Server handler 8 on 34754] WARN  block.DeletedBlockLogImpl (DeletedBlockLogImpl.java:incrementCount(141)) - Deleted TXID not found.
2019-10-05 16:25:28,736 [IPC Server handler 8 on 34754] WARN  block.DeletedBlockLogImpl (DeletedBlockLogImpl.java:incrementCount(141)) - Deleted TXID not found.
2019-10-05 16:25:28,736 [IPC Server handler 8 on 34754] WARN  block.DeletedBlockLogImpl (DeletedBlockLogImpl.java:incrementCount(141)) - Deleted TXID not found.
2019-10-05 16:25:28,736 [IPC Server handler 8 on 34754] WARN  block.DeletedBlockLogImpl (DeletedBlockLogImpl.java:incrementCount(141)) - Deleted TXID not found.
2019-10-05 16:25:28,736 [IPC Server handler 8 on 34754] WARN  block.DeletedBlockLogImpl (DeletedBlockLogImpl.java:incrementCount(141)) - Deleted TXID not found.
2019-10-05 16:25:28,736 [IPC Server handler 8 on 34754] WARN  block.DeletedBlockLogImpl (DeletedBlockLogImpl.java:incrementCount(141)) - Deleted TXID not found.
2019-10-05 16:25:28,736 [IPC Server handler 8 on 34754] WARN  block.DeletedBlockLogImpl (DeletedBlockLogImpl.java:incrementCount(141)) - Deleted TXID not found.
2019-10-05 16:25:28,737 [IPC Server handler 8 on 34754] WARN  block.DeletedBlockLogImpl (DeletedBlockLogImpl.java:incrementCount(141)) - Deleted TXID not found.
2019-10-05 16:25:28,737 [IPC Server handler 8 on 34754] WARN  block.DeletedBlockLogImpl (DeletedBlockLogImpl.java:incrementCount(141)) - Deleted TXID not found.
2019-10-05 16:25:28,737 [IPC Server handler 8 on 34754] WARN  block.DeletedBlockLogImpl (DeletedBlockLogImpl.java:incrementCount(141)) - Deleted TXID not found.
2019-10-05 16:25:28,737 [IPC Server handler 8 on 34754] WARN  block.DeletedBlockLogImpl (DeletedBlockLogImpl.java:incrementCount(141)) - Deleted TXID not found.
2019-10-05 16:25:28,737 [IPC Server handler 8 on 34754] WARN  block.DeletedBlockLogImpl (DeletedBlockLogImpl.java:incrementCount(141)) - Deleted TXID not found.
2019-10-05 16:25:28,737 [IPC Server handler 8 on 34754] WARN  block.DeletedBlockLogImpl (DeletedBlockLogImpl.java:incrementCount(141)) - Deleted TXID not found.
2019-10-05 16:25:28,737 [IPC Server handler 8 on 34754] WARN  block.DeletedBlockLogImpl (DeletedBlockLogImpl.java:incrementCount(141)) - Deleted TXID not found.
2019-10-05 16:25:28,737 [IPC Server handler 8 on 34754] WARN  block.DeletedBlockLogImpl (DeletedBlockLogImpl.java:incrementCount(141)) - Deleted TXID not found.
2019-10-05 16:25:28,737 [IPC Server handler 8 on 34754] WARN  block.DeletedBlockLogImpl (DeletedBlockLogImpl.java:incrementCount(141)) - Deleted TXID not found.
2019-10-05 16:25:28,738 [IPC Server handler 8 on 34754] WARN  block.DeletedBlockLogImpl (DeletedBlockLogImpl.java:incrementCount(141)) - Deleted TXID not found.
2019-10-05 16:25:28,738 [IPC Server handler 8 on 34754] WARN  block.DeletedBlockLogImpl (DeletedBlockLogImpl.java:incrementCount(141)) - Deleted TXID not found.
2019-10-05 16:25:28,738 [IPC Server handler 8 on 34754] WARN  block.DeletedBlockLogImpl (DeletedBlockLogImpl.java:incrementCount(141)) - Deleted TXID not found.
2019-10-05 16:25:28,738 [IPC Server handler 8 on 34754] WARN  block.DeletedBlockLogImpl (DeletedBlockLogImpl.java:incrementCount(141)) - Deleted TXID not found.
2019-10-05 16:25:28,738 [IPC Server handler 8 on 34754] WARN  block.DeletedBlockLogImpl (DeletedBlockLogImpl.java:incrementCount(141)) - Deleted TXID not found.
2019-10-05 16:25:28,738 [IPC Server handler 8 on 34754] WARN  block.DeletedBlockLogImpl (DeletedBlockLogImpl.java:incrementCount(141)) - Deleted TXID not found.
2019-10-05 16:25:28,738 [IPC Server handler 8 on 34754] WARN  block.DeletedBlockLogImpl (DeletedBlockLogImpl.java:incrementCount(141)) - Deleted TXID not found.
2019-10-05 16:25:28,738 [IPC Server handler 8 on 34754] WARN  block.DeletedBlockLogImpl (DeletedBlockLogImpl.java:incrementCount(141)) - Deleted TXID not found.
2019-10-05 16:25:28,739 [IPC Server handler 8 on 34754] WARN  block.DeletedBlockLogImpl (DeletedBlockLogImpl.java:incrementCount(141)) - Deleted TXID not found.
2019-10-05 16:25:28,739 [IPC Server handler 8 on 34754] WARN  block.DeletedBlockLogImpl (DeletedBlockLogImpl.java:incrementCount(141)) - Deleted TXID not found.
2019-10-05 16:25:28,739 [IPC Server handler 8 on 34754] WARN  block.DeletedBlockLogImpl (DeletedBlockLogImpl.java:incrementCount(141)) - Deleted TXID not found.
2019-10-05 16:25:28,739 [IPC Server handler 8 on 34754] WARN  block.DeletedBlockLogImpl (DeletedBlockLogImpl.java:incrementCount(141)) - Deleted TXID not found.
2019-10-05 16:25:28,739 [IPC Server handler 8 on 34754] WARN  block.DeletedBlockLogImpl (DeletedBlockLogImpl.java:incrementCount(141)) - Deleted TXID not found.
2019-10-05 16:25:28,739 [IPC Server handler 8 on 34754] WARN  block.DeletedBlockLogImpl (DeletedBlockLogImpl.java:incrementCount(141)) - Deleted TXID not found.
2019-10-05 16:25:28,739 [IPC Server handler 8 on 34754] WARN  block.DeletedBlockLogImpl (DeletedBlockLogImpl.java:incrementCount(141)) - Deleted TXID not found.
2019-10-05 16:25:28,739 [IPC Server handler 8 on 34754] WARN  block.DeletedBlockLogImpl (DeletedBlockLogImpl.java:incrementCount(141)) - Deleted TXID not found.
2019-10-05 16:25:28,739 [IPC Server handler 8 on 34754] WARN  block.DeletedBlockLogImpl (DeletedBlockLogImpl.java:incrementCount(141)) - Deleted TXID not found.
2019-10-05 16:25:28,740 [IPC Server handler 8 on 34754] WARN  block.DeletedBlockLogImpl (DeletedBlockLogImpl.java:incrementCount(141)) - Deleted TXID not found.
2019-10-05 16:25:28,740 [IPC Server handler 8 on 34754] WARN  block.DeletedBlockLogImpl (DeletedBlockLogImpl.java:incrementCount(141)) - Deleted TXID not found.
2019-10-05 16:25:28,740 [IPC Server handler 8 on 34754] WARN  block.DeletedBlockLogImpl (DeletedBlockLogImpl.java:incrementCount(141)) - Deleted TXID not found.
2019-10-05 16:25:28,740 [IPC Server handler 8 on 34754] WARN  block.DeletedBlockLogImpl (DeletedBlockLogImpl.java:incrementCount(141)) - Deleted TXID not found.
2019-10-05 16:25:28,740 [IPC Server handler 8 on 34754] WARN  block.DeletedBlockLogImpl (DeletedBlockLogImpl.java:incrementCount(141)) - Deleted TXID not found.
2019-10-05 16:25:28,740 [IPC Server handler 8 on 34754] WARN  block.DeletedBlockLogImpl (DeletedBlockLogImpl.java:incrementCount(141)) - Deleted TXID not found.
2019-10-05 16:25:28,740 [IPC Server handler 8 on 34754] WARN  block.DeletedBlockLogImpl (DeletedBlockLogImpl.java:incrementCount(141)) - Deleted TXID not found.
2019-10-05 16:25:28,740 [IPC Server handler 8 on 34754] WARN  block.DeletedBlockLogImpl (DeletedBlockLogImpl.java:incrementCount(141)) - Deleted TXID not found.
2019-10-05 16:25:28,740 [IPC Server handler 8 on 34754] WARN  block.DeletedBlockLogImpl (DeletedBlockLogImpl.java:incrementCount(141)) - Deleted TXID not found.
2019-10-05 16:25:28,741 [IPC Server handler 8 on 34754] WARN  block.DeletedBlockLogImpl (DeletedBlockLogImpl.java:incrementCount(141)) - Deleted TXID not found.
2019-10-05 16:25:28,741 [IPC Server handler 8 on 34754] WARN  block.DeletedBlockLogImpl (DeletedBlockLogImpl.java:incrementCount(141)) - Deleted TXID not found.
2019-10-05 16:25:28,741 [IPC Server handler 8 on 34754] WARN  block.DeletedBlockLogImpl (DeletedBlockLogImpl.java:incrementCount(141)) - Deleted TXID not found.
2019-10-05 16:25:28,741 [IPC Server handler 8 on 34754] WARN  block.DeletedBlockLogImpl (DeletedBlockLogImpl.java:incrementCount(141)) - Deleted TXID not found.
2019-10-05 16:25:28,741 [IPC Server handler 8 on 34754] WARN  block.DeletedBlockLogImpl (DeletedBlockLogImpl.java:incrementCount(141)) - Deleted TXID not found.
2019-10-05 16:25:28,741 [IPC Server handler 8 on 34754] WARN  block.DeletedBlockLogImpl (DeletedBlockLogImpl.java:incrementCount(141)) - Deleted TXID not found.
2019-10-05 16:25:28,741 [IPC Server handler 8 on 34754] WARN  block.DeletedBlockLogImpl (DeletedBlockLogImpl.java:incrementCount(141)) - Deleted TXID not found.
2019-10-05 16:25:28,741 [IPC Server handler 8 on 34754] WARN  block.DeletedBlockLogImpl (DeletedBlockLogImpl.java:incrementCount(141)) - Deleted TXID not found.
2019-10-05 16:25:28,749 [pool-7-thread-7] INFO  commands.RetriableDatanodeEventWatcher (RetriableDatanodeEventWatcher.java:onTimeout(47)) - RetriableDatanodeCommand type=deleteBlocksCommand with id=1570292713992 timed out. Retrying.
2019-10-05 16:25:28,760 [SCMBlockDeletingService#1] DEBUG block.SCMBlockDeletingService (SCMBlockDeletingService.java:call(138)) - Running DeletedBlockTransactionScanner
2019-10-05 16:25:28,760 [SCMBlockDeletingService#1] DEBUG block.SCMBlockDeletingService (SCMBlockDeletingService.java:call(155)) - Scanned deleted blocks log and got 0 delTX to process.
2019-10-05 16:25:28,836 [pool-7-thread-7] INFO  commands.RetriableDatanodeEventWatcher (RetriableDatanodeEventWatcher.java:onTimeout(47)) - RetriableDatanodeCommand type=deleteBlocksCommand with id=1570292713983 timed out. Retrying.
2019-10-05 16:25:28,851 [pool-7-thread-7] INFO  commands.RetriableDatanodeEventWatcher (RetriableDatanodeEventWatcher.java:onTimeout(47)) - RetriableDatanodeCommand type=deleteBlocksCommand with id=1570292713993 timed out. Retrying.
2019-10-05 16:25:28,861 [SCMBlockDeletingService#1] DEBUG block.SCMBlockDeletingService (SCMBlockDeletingService.java:call(138)) - Running DeletedBlockTransactionScanner
2019-10-05 16:25:28,861 [SCMBlockDeletingService#1] DEBUG block.SCMBlockDeletingService (SCMBlockDeletingService.java:call(155)) - Scanned deleted blocks log and got 0 delTX to process.
2019-10-05 16:25:28,930 [IPC Server handler 1 on 34754] WARN  block.DeletedBlockLogImpl (DeletedBlockLogImpl.java:incrementCount(141)) - Deleted TXID not found.
2019-10-05 16:25:28,930 [IPC Server handler 1 on 34754] WARN  block.DeletedBlockLogImpl (DeletedBlockLogImpl.java:incrementCount(141)) - Deleted TXID not found.
2019-10-05 16:25:28,930 [IPC Server handler 1 on 34754] WARN  block.DeletedBlockLogImpl (DeletedBlockLogImpl.java:incrementCount(141)) - Deleted TXID not found.
2019-10-05 16:25:28,930 [IPC Server handler 1 on 34754] WARN  block.DeletedBlockLogImpl (DeletedBlockLogImpl.java:incrementCount(141)) - Deleted TXID not found.
2019-10-05 16:25:28,931 [IPC Server handler 1 on 34754] WARN  block.DeletedBlockLogImpl (DeletedBlockLogImpl.java:incrementCount(141)) - Deleted TXID not found.
2019-10-05 16:25:28,931 [IPC Server handler 1 on 34754] WARN  block.DeletedBlockLogImpl (DeletedBlockLogImpl.java:incrementCount(141)) - Deleted TXID not found.
2019-10-05 16:25:28,931 [IPC Server handler 1 on 34754] WARN  block.DeletedBlockLogImpl (DeletedBlockLogImpl.java:incrementCount(141)) - Deleted TXID not found.
2019-10-05 16:25:28,931 [IPC Server handler 1 on 34754] WARN  block.DeletedBlockLogImpl (DeletedBlockLogImpl.java:incrementCount(141)) - Deleted TXID not found.
2019-10-05 16:25:28,931 [IPC Server handler 1 on 34754] WARN  block.DeletedBlockLogImpl (DeletedBlockLogImpl.java:incrementCount(141)) - Deleted TXID not found.
2019-10-05 16:25:28,932 [IPC Server handler 1 on 34754] WARN  block.DeletedBlockLogImpl (DeletedBlockLogImpl.java:incrementCount(141)) - Deleted TXID not found.
2019-10-05 16:25:28,932 [IPC Server handler 1 on 34754] WARN  block.DeletedBlockLogImpl (DeletedBlockLogImpl.java:incrementCount(141)) - Deleted TXID not found.
2019-10-05 16:25:28,932 [IPC Server handler 1 on 34754] WARN  block.DeletedBlockLogImpl (DeletedBlockLogImpl.java:incrementCount(141)) - Deleted TXID not found.
2019-10-05 16:25:28,938 [pool-7-thread-7] INFO  commands.RetriableDatanodeEventWatcher (RetriableDatanodeEventWatcher.java:onTimeout(47)) - RetriableDatanodeCommand type=deleteBlocksCommand with id=1570292713984 timed out. Retrying.
2019-10-05 16:25:28,955 [pool-7-thread-7] INFO  commands.RetriableDatanodeEventWatcher (RetriableDatanodeEventWatcher.java:onTimeout(47)) - RetriableDatanodeCommand type=deleteBlocksCommand with id=1570292713994 timed out. Retrying.
2019-10-05 16:25:28,961 [SCMBlockDeletingService#1] DEBUG block.SCMBlockDeletingService (SCMBlockDeletingService.java:call(138)) - Running DeletedBlockTransactionScanner
2019-10-05 16:25:28,961 [SCMBlockDeletingService#1] DEBUG block.SCMBlockDeletingService (SCMBlockDeletingService.java:call(155)) - Scanned deleted blocks log and got 0 delTX to process.
2019-10-05 16:25:29,039 [pool-7-thread-7] INFO  commands.RetriableDatanodeEventWatcher (RetriableDatanodeEventWatcher.java:onTimeout(47)) - RetriableDatanodeCommand type=deleteBlocksCommand with id=1570292713985 timed out. Retrying.
2019-10-05 16:25:29,056 [pool-7-thread-7] INFO  commands.RetriableDatanodeEventWatcher (RetriableDatanodeEventWatcher.java:onTimeout(47)) - RetriableDatanodeCommand type=deleteBlocksCommand with id=1570292713995 timed out. Retrying.
2019-10-05 16:25:29,062 [SCMBlockDeletingService#1] DEBUG block.SCMBlockDeletingService (SCMBlockDeletingService.java:call(138)) - Running DeletedBlockTransactionScanner
2019-10-05 16:25:29,062 [SCMBlockDeletingService#1] DEBUG block.SCMBlockDeletingService (SCMBlockDeletingService.java:call(155)) - Scanned deleted blocks log and got 0 delTX to process.
2019-10-05 16:25:29,130 [IPC Server handler 3 on 34754] WARN  block.DeletedBlockLogImpl (DeletedBlockLogImpl.java:incrementCount(141)) - Deleted TXID not found.
2019-10-05 16:25:29,130 [IPC Server handler 3 on 34754] WARN  block.DeletedBlockLogImpl (DeletedBlockLogImpl.java:incrementCount(141)) - Deleted TXID not found.
2019-10-05 16:25:29,130 [IPC Server handler 3 on 34754] WARN  block.DeletedBlockLogImpl (DeletedBlockLogImpl.java:incrementCount(141)) - Deleted TXID not found.
2019-10-05 16:25:29,130 [IPC Server handler 3 on 34754] WARN  block.DeletedBlockLogImpl (DeletedBlockLogImpl.java:incrementCount(141)) - Deleted TXID not found.
2019-10-05 16:25:29,130 [IPC Server handler 3 on 34754] WARN  block.DeletedBlockLogImpl (DeletedBlockLogImpl.java:incrementCount(141)) - Deleted TXID not found.
2019-10-05 16:25:29,131 [IPC Server handler 3 on 34754] WARN  block.DeletedBlockLogImpl (DeletedBlockLogImpl.java:incrementCount(141)) - Deleted TXID not found.
2019-10-05 16:25:29,131 [IPC Server handler 3 on 34754] WARN  block.DeletedBlockLogImpl (DeletedBlockLogImpl.java:incrementCount(141)) - Deleted TXID not found.
2019-10-05 16:25:29,131 [IPC Server handler 3 on 34754] WARN  block.DeletedBlockLogImpl (DeletedBlockLogImpl.java:incrementCount(141)) - Deleted TXID not found.
2019-10-05 16:25:29,131 [IPC Server handler 3 on 34754] WARN  block.DeletedBlockLogImpl (DeletedBlockLogImpl.java:incrementCount(141)) - Deleted TXID not found.
2019-10-05 16:25:29,131 [IPC Server handler 3 on 34754] WARN  block.DeletedBlockLogImpl (DeletedBlockLogImpl.java:incrementCount(141)) - Deleted TXID not found.
2019-10-05 16:25:29,131 [IPC Server handler 3 on 34754] WARN  block.DeletedBlockLogImpl (DeletedBlockLogImpl.java:incrementCount(141)) - Deleted TXID not found.
2019-10-05 16:25:29,131 [IPC Server handler 3 on 34754] WARN  block.DeletedBlockLogImpl (DeletedBlockLogImpl.java:incrementCount(141)) - Deleted TXID not found.
2019-10-05 16:25:29,143 [pool-7-thread-7] INFO  commands.RetriableDatanodeEventWatcher (RetriableDatanodeEventWatcher.java:onTimeout(47)) - RetriableDatanodeCommand type=deleteBlocksCommand with id=1570292713986 timed out. Retrying.
2019-10-05 16:25:29,163 [SCMBlockDeletingService#1] DEBUG block.SCMBlockDeletingService (SCMBlockDeletingService.java:call(138)) - Running DeletedBlockTransactionScanner
2019-10-05 16:25:29,163 [SCMBlockDeletingService#1] DEBUG block.SCMBlockDeletingService (SCMBlockDeletingService.java:call(155)) - Scanned deleted blocks log and got 0 delTX to process.
]]></system-out>
    <system-err><![CDATA[ERROR StatusLogger No Log4j 2 configuration file found. Using default configuration (logging only errors to the console), or user programmatically provided configurations. Set system property 'log4j2.debug' to show Log4j 2 internal initialization logging. See https://logging.apache.org/log4j/2.x/manual/configuration.html for instructions on how to configure Log4j 2
]]></system-err>
  </testcase>
</testsuite>