<?xml version="1.0" encoding="UTF-8"?>
<testsuite xmlns:xsi="http://www.w3.org/2001/XMLSchema-instance" xsi:noNamespaceSchemaLocation="https://maven.apache.org/surefire/maven-surefire-plugin/xsd/surefire-test-report.xsd" name="org.apache.hadoop.ozone.client.rpc.TestWatchForCommit" time="283.611" tests="5" errors="2" skipped="0" failures="1">
  <properties>
    <property name="awt.toolkit" value="sun.awt.X11.XToolkit"/>
    <property name="file.encoding.pkg" value="sun.io"/>
    <property name="java.specification.version" value="1.8"/>
    <property name="sun.cpu.isalist" value=""/>
    <property name="sun.jnu.encoding" value="UTF-8"/>
    <property name="java.class.path" value="/workdir/hadoop-ozone/integration-test/target/test-classes:/workdir/hadoop-ozone/integration-test/target/classes:/home/user/.m2/repository/org/apache/hadoop/hadoop-ozone-common/0.5.0-SNAPSHOT/hadoop-ozone-common-0.5.0-SNAPSHOT.jar:/home/user/.m2/repository/org/apache/commons/commons-compress/1.4.1/commons-compress-1.4.1.jar:/home/user/.m2/repository/org/tukaani/xz/1.0/xz-1.0.jar:/home/user/.m2/repository/org/apache/hadoop/hadoop-common/3.2.0/hadoop-common-3.2.0.jar:/home/user/.m2/repository/org/apache/hadoop/hadoop-hdfs/3.2.0/hadoop-hdfs-3.2.0.jar:/home/user/.m2/repository/org/apache/hadoop/hadoop-hdfs-client/3.2.0/hadoop-hdfs-client-3.2.0.jar:/home/user/.m2/repository/com/fasterxml/jackson/core/jackson-annotations/2.9.9/jackson-annotations-2.9.9.jar:/home/user/.m2/repository/org/apache/hadoop/hadoop-hdds-common/0.5.0-SNAPSHOT/hadoop-hdds-common-0.5.0-SNAPSHOT.jar:/home/user/.m2/repository/javax/annotation/javax.annotation-api/1.2/javax.annotation-api-1.2.jar:/home/user/.m2/repository/org/apache/ratis/ratis-server/0.5.0-201fc85-SNAPSHOT/ratis-server-0.5.0-201fc85-SNAPSHOT.jar:/home/user/.m2/repository/org/apache/ratis/ratis-thirdparty-misc/0.2.0/ratis-thirdparty-misc-0.2.0.jar:/home/user/.m2/repository/org/apache/ratis/ratis-proto/0.5.0-201fc85-SNAPSHOT/ratis-proto-0.5.0-201fc85-SNAPSHOT.jar:/home/user/.m2/repository/org/apache/ratis/ratis-common/0.5.0-201fc85-SNAPSHOT/ratis-common-0.5.0-201fc85-SNAPSHOT.jar:/home/user/.m2/repository/org/apache/ratis/ratis-client/0.5.0-201fc85-SNAPSHOT/ratis-client-0.5.0-201fc85-SNAPSHOT.jar:/home/user/.m2/repository/org/apache/ratis/ratis-metrics/0.5.0-201fc85-SNAPSHOT/ratis-metrics-0.5.0-201fc85-SNAPSHOT.jar:/home/user/.m2/repository/com/github/joshelser/dropwizard-metrics-hadoop-metrics2-reporter/0.1.2/dropwizard-metrics-hadoop-metrics2-reporter-0.1.2.jar:/home/user/.m2/repository/io/dropwizard/metrics/metrics-jvm/3.2.5/metrics-jvm-3.2.5.jar:/home/user/.m2/repository/io/dropwizard/metrics/metrics-ganglia/3.2.5/metrics-ganglia-3.2.5.jar:/home/user/.m2/repository/info/ganglia/gmetric4j/gmetric4j/1.0.7/gmetric4j-1.0.7.jar:/home/user/.m2/repository/org/apache/ratis/ratis-netty/0.5.0-201fc85-SNAPSHOT/ratis-netty-0.5.0-201fc85-SNAPSHOT.jar:/home/user/.m2/repository/org/apache/ratis/ratis-grpc/0.5.0-201fc85-SNAPSHOT/ratis-grpc-0.5.0-201fc85-SNAPSHOT.jar:/home/user/.m2/repository/org/rocksdb/rocksdbjni/6.0.1/rocksdbjni-6.0.1.jar:/home/user/.m2/repository/org/apache/logging/log4j/log4j-api/2.11.0/log4j-api-2.11.0.jar:/home/user/.m2/repository/org/apache/logging/log4j/log4j-core/2.11.0/log4j-core-2.11.0.jar:/home/user/.m2/repository/com/lmax/disruptor/3.4.2/disruptor-3.4.2.jar:/home/user/.m2/repository/org/apache/commons/commons-pool2/2.6.0/commons-pool2-2.6.0.jar:/home/user/.m2/repository/org/bouncycastle/bcpkix-jdk15on/1.60/bcpkix-jdk15on-1.60.jar:/home/user/.m2/repository/commons-validator/commons-validator/1.6/commons-validator-1.6.jar:/home/user/.m2/repository/commons-digester/commons-digester/1.8.1/commons-digester-1.8.1.jar:/home/user/.m2/repository/io/jaegertracing/jaeger-client/0.34.0/jaeger-client-0.34.0.jar:/home/user/.m2/repository/io/jaegertracing/jaeger-thrift/0.34.0/jaeger-thrift-0.34.0.jar:/home/user/.m2/repository/org/apache/thrift/libthrift/0.12.0/libthrift-0.12.0.jar:/home/user/.m2/repository/com/squareup/okhttp3/okhttp/3.9.0/okhttp-3.9.0.jar:/home/user/.m2/repository/com/squareup/okio/okio/1.13.0/okio-1.13.0.jar:/home/user/.m2/repository/io/jaegertracing/jaeger-core/0.34.0/jaeger-core-0.34.0.jar:/home/user/.m2/repository/io/jaegertracing/jaeger-tracerresolver/0.34.0/jaeger-tracerresolver-0.34.0.jar:/home/user/.m2/repository/io/opentracing/contrib/opentracing-tracerresolver/0.1.5/opentracing-tracerresolver-0.1.5.jar:/home/user/.m2/repository/io/opentracing/opentracing-util/0.31.0/opentracing-util-0.31.0.jar:/home/user/.m2/repository/io/opentracing/opentracing-api/0.31.0/opentracing-api-0.31.0.jar:/home/user/.m2/repository/io/opentracing/opentracing-noop/0.31.0/opentracing-noop-0.31.0.jar:/home/user/.m2/repository/org/apache/hadoop/hadoop-hdds-server-framework/0.5.0-SNAPSHOT/hadoop-hdds-server-framework-0.5.0-SNAPSHOT.jar:/home/user/.m2/repository/org/apache/hadoop/hadoop-hdds-container-service/0.5.0-SNAPSHOT/hadoop-hdds-container-service-0.5.0-SNAPSHOT.jar:/home/user/.m2/repository/org/apache/hadoop/hadoop-hdds-client/0.5.0-SNAPSHOT/hadoop-hdds-client-0.5.0-SNAPSHOT.jar:/home/user/.m2/repository/org/apache/hadoop/hadoop-hdds-tools/0.5.0-SNAPSHOT/hadoop-hdds-tools-0.5.0-SNAPSHOT.jar:/home/user/.m2/repository/org/apache/hadoop/hadoop-hdds-server-scm/0.5.0-SNAPSHOT/hadoop-hdds-server-scm-0.5.0-SNAPSHOT.jar:/home/user/.m2/repository/org/apache/hadoop/hadoop-hdds-docs/0.5.0-SNAPSHOT/hadoop-hdds-docs-0.5.0-SNAPSHOT.jar:/home/user/.m2/repository/io/dropwizard/metrics/metrics-core/3.2.4/metrics-core-3.2.4.jar:/home/user/.m2/repository/org/hamcrest/hamcrest-all/1.3/hamcrest-all-1.3.jar:/home/user/.m2/repository/org/bouncycastle/bcprov-jdk15on/1.60/bcprov-jdk15on-1.60.jar:/home/user/.m2/repository/info/picocli/picocli/3.9.6/picocli-3.9.6.jar:/home/user/.m2/repository/com/google/protobuf/protobuf-java/2.5.0/protobuf-java-2.5.0.jar:/home/user/.m2/repository/com/google/guava/guava/11.0.2/guava-11.0.2.jar:/home/user/.m2/repository/org/apache/hadoop/hadoop-ozone-ozone-manager/0.5.0-SNAPSHOT/hadoop-ozone-ozone-manager-0.5.0-SNAPSHOT.jar:/home/user/.m2/repository/org/apache/hadoop/hadoop-minikdc/3.2.0/hadoop-minikdc-3.2.0.jar:/home/user/.m2/repository/commons-io/commons-io/2.5/commons-io-2.5.jar:/home/user/.m2/repository/org/apache/kerby/kerb-simplekdc/1.0.1/kerb-simplekdc-1.0.1.jar:/home/user/.m2/repository/org/apache/kerby/kerb-client/1.0.1/kerb-client-1.0.1.jar:/home/user/.m2/repository/org/apache/kerby/kerby-config/1.0.1/kerby-config-1.0.1.jar:/home/user/.m2/repository/org/apache/kerby/kerb-core/1.0.1/kerb-core-1.0.1.jar:/home/user/.m2/repository/org/apache/kerby/kerby-pkix/1.0.1/kerby-pkix-1.0.1.jar:/home/user/.m2/repository/org/apache/kerby/kerby-asn1/1.0.1/kerby-asn1-1.0.1.jar:/home/user/.m2/repository/org/apache/kerby/kerby-util/1.0.1/kerby-util-1.0.1.jar:/home/user/.m2/repository/org/apache/kerby/kerb-common/1.0.1/kerb-common-1.0.1.jar:/home/user/.m2/repository/org/apache/kerby/kerb-crypto/1.0.1/kerb-crypto-1.0.1.jar:/home/user/.m2/repository/org/apache/kerby/kerb-util/1.0.1/kerb-util-1.0.1.jar:/home/user/.m2/repository/org/apache/kerby/token-provider/1.0.1/token-provider-1.0.1.jar:/home/user/.m2/repository/org/apache/kerby/kerb-admin/1.0.1/kerb-admin-1.0.1.jar:/home/user/.m2/repository/org/apache/kerby/kerb-server/1.0.1/kerb-server-1.0.1.jar:/home/user/.m2/repository/org/apache/kerby/kerb-identity/1.0.1/kerb-identity-1.0.1.jar:/home/user/.m2/repository/org/apache/kerby/kerby-xdr/1.0.1/kerby-xdr-1.0.1.jar:/home/user/.m2/repository/org/slf4j/slf4j-log4j12/1.7.25/slf4j-log4j12-1.7.25.jar:/home/user/.m2/repository/org/apache/hadoop/hadoop-ozone-s3gateway/0.5.0-SNAPSHOT/hadoop-ozone-s3gateway-0.5.0-SNAPSHOT.jar:/home/user/.m2/repository/org/jboss/weld/servlet/weld-servlet/2.4.7.Final/weld-servlet-2.4.7.Final.jar:/home/user/.m2/repository/org/glassfish/jersey/containers/jersey-container-servlet-core/2.27/jersey-container-servlet-core-2.27.jar:/home/user/.m2/repository/org/glassfish/hk2/external/javax.inject/2.5.0-b42/javax.inject-2.5.0-b42.jar:/home/user/.m2/repository/org/glassfish/jersey/core/jersey-common/2.27/jersey-common-2.27.jar:/home/user/.m2/repository/org/glassfish/hk2/osgi-resource-locator/1.0.1/osgi-resource-locator-1.0.1.jar:/home/user/.m2/repository/javax/ws/rs/javax.ws.rs-api/2.1/javax.ws.rs-api-2.1.jar:/home/user/.m2/repository/org/glassfish/jersey/ext/cdi/jersey-cdi1x/2.27/jersey-cdi1x-2.27.jar:/home/user/.m2/repository/org/glassfish/jersey/inject/jersey-hk2/2.27/jersey-hk2-2.27.jar:/home/user/.m2/repository/org/glassfish/hk2/hk2-locator/2.5.0-b42/hk2-locator-2.5.0-b42.jar:/home/user/.m2/repository/org/javassist/javassist/3.22.0-CR2/javassist-3.22.0-CR2.jar:/home/user/.m2/repository/org/glassfish/hk2/hk2-api/2.5.0/hk2-api-2.5.0.jar:/home/user/.m2/repository/org/glassfish/hk2/external/jakarta.inject/2.5.0/jakarta.inject-2.5.0.jar:/home/user/.m2/repository/org/glassfish/hk2/hk2-utils/2.5.0/hk2-utils-2.5.0.jar:/home/user/.m2/repository/jakarta/annotation/jakarta.annotation-api/1.3.4/jakarta.annotation-api-1.3.4.jar:/home/user/.m2/repository/org/glassfish/hk2/external/aopalliance-repackaged/2.5.0/aopalliance-repackaged-2.5.0.jar:/home/user/.m2/repository/com/fasterxml/jackson/dataformat/jackson-dataformat-xml/2.9.0/jackson-dataformat-xml-2.9.0.jar:/home/user/.m2/repository/com/fasterxml/jackson/core/jackson-core/2.9.9/jackson-core-2.9.9.jar:/home/user/.m2/repository/com/fasterxml/jackson/module/jackson-module-jaxb-annotations/2.9.9/jackson-module-jaxb-annotations-2.9.9.jar:/home/user/.m2/repository/javax/enterprise/cdi-api/1.2/cdi-api-1.2.jar:/home/user/.m2/repository/javax/el/javax.el-api/3.0.0/javax.el-api-3.0.0.jar:/home/user/.m2/repository/javax/interceptor/javax.interceptor-api/1.2/javax.interceptor-api-1.2.jar:/home/user/.m2/repository/javax/inject/javax.inject/1/javax.inject-1.jar:/home/user/.m2/repository/com/sun/xml/bind/jaxb-impl/2.3.0.1/jaxb-impl-2.3.0.1.jar:/home/user/.m2/repository/com/sun/xml/bind/jaxb-core/2.3.0.1/jaxb-core-2.3.0.1.jar:/home/user/.m2/repository/javax/xml/bind/jaxb-api/2.3.0/jaxb-api-2.3.0.jar:/home/user/.m2/repository/javax/activation/activation/1.1.1/activation-1.1.1.jar:/home/user/.m2/repository/org/apache/hadoop/hadoop-ozone-csi/0.5.0-SNAPSHOT/hadoop-ozone-csi-0.5.0-SNAPSHOT.jar:/home/user/.m2/repository/com/google/protobuf/protobuf-java-util/3.5.1/protobuf-java-util-3.5.1.jar:/home/user/.m2/repository/org/apache/hadoop/hadoop-hdds-config/0.5.0-SNAPSHOT/hadoop-hdds-config-0.5.0-SNAPSHOT.jar:/home/user/.m2/repository/io/grpc/grpc-netty/1.17.1/grpc-netty-1.17.1.jar:/home/user/.m2/repository/io/grpc/grpc-core/1.17.1/grpc-core-1.17.1.jar:/home/user/.m2/repository/io/grpc/grpc-context/1.17.1/grpc-context-1.17.1.jar:/home/user/.m2/repository/com/google/errorprone/error_prone_annotations/2.2.0/error_prone_annotations-2.2.0.jar:/home/user/.m2/repository/org/codehaus/mojo/animal-sniffer-annotations/1.17/animal-sniffer-annotations-1.17.jar:/home/user/.m2/repository/io/opencensus/opencensus-api/0.17.0/opencensus-api-0.17.0.jar:/home/user/.m2/repository/io/opencensus/opencensus-contrib-grpc-metrics/0.17.0/opencensus-contrib-grpc-metrics-0.17.0.jar:/home/user/.m2/repository/io/netty/netty-codec-http2/4.1.30.Final/netty-codec-http2-4.1.30.Final.jar:/home/user/.m2/repository/io/netty/netty-codec-http/4.1.30.Final/netty-codec-http-4.1.30.Final.jar:/home/user/.m2/repository/io/netty/netty-codec/4.1.30.Final/netty-codec-4.1.30.Final.jar:/home/user/.m2/repository/io/netty/netty-handler/4.1.30.Final/netty-handler-4.1.30.Final.jar:/home/user/.m2/repository/io/netty/netty-handler-proxy/4.1.30.Final/netty-handler-proxy-4.1.30.Final.jar:/home/user/.m2/repository/io/netty/netty-codec-socks/4.1.30.Final/netty-codec-socks-4.1.30.Final.jar:/home/user/.m2/repository/io/netty/netty-transport-native-epoll/4.1.30.Final/netty-transport-native-epoll-4.1.30.Final.jar:/home/user/.m2/repository/io/netty/netty-common/4.1.30.Final/netty-common-4.1.30.Final.jar:/home/user/.m2/repository/io/netty/netty-buffer/4.1.30.Final/netty-buffer-4.1.30.Final.jar:/home/user/.m2/repository/io/netty/netty-transport/4.1.30.Final/netty-transport-4.1.30.Final.jar:/home/user/.m2/repository/io/netty/netty-resolver/4.1.30.Final/netty-resolver-4.1.30.Final.jar:/home/user/.m2/repository/io/netty/netty-transport-native-unix-common/4.1.30.Final/netty-transport-native-unix-common-4.1.30.Final.jar:/home/user/.m2/repository/io/grpc/grpc-protobuf/1.17.1/grpc-protobuf-1.17.1.jar:/home/user/.m2/repository/com/google/api/grpc/proto-google-common-protos/1.0.0/proto-google-common-protos-1.0.0.jar:/home/user/.m2/repository/io/grpc/grpc-protobuf-lite/1.17.1/grpc-protobuf-lite-1.17.1.jar:/home/user/.m2/repository/io/grpc/grpc-stub/1.17.1/grpc-stub-1.17.1.jar:/home/user/.m2/repository/org/apache/hadoop/hadoop-ozone-recon/0.5.0-SNAPSHOT/hadoop-ozone-recon-0.5.0-SNAPSHOT.jar:/home/user/.m2/repository/org/apache/hadoop/hadoop-ozone-reconcodegen/0.5.0-SNAPSHOT/hadoop-ozone-reconcodegen-0.5.0-SNAPSHOT.jar:/home/user/.m2/repository/com/google/inject/extensions/guice-multibindings/4.0/guice-multibindings-4.0.jar:/home/user/.m2/repository/com/google/inject/guice/4.0/guice-4.0.jar:/home/user/.m2/repository/aopalliance/aopalliance/1.0/aopalliance-1.0.jar:/home/user/.m2/repository/com/google/inject/extensions/guice-servlet/4.0/guice-servlet-4.0.jar:/home/user/.m2/repository/org/glassfish/jersey/containers/jersey-container-servlet/2.27/jersey-container-servlet-2.27.jar:/home/user/.m2/repository/org/glassfish/hk2/guice-bridge/2.5.0/guice-bridge-2.5.0.jar:/home/user/.m2/repository/org/glassfish/jersey/core/jersey-server/2.27/jersey-server-2.27.jar:/home/user/.m2/repository/org/glassfish/jersey/core/jersey-client/2.27/jersey-client-2.27.jar:/home/user/.m2/repository/org/glassfish/jersey/media/jersey-media-jaxb/2.27/jersey-media-jaxb-2.27.jar:/home/user/.m2/repository/javax/validation/validation-api/1.1.0.Final/validation-api-1.1.0.Final.jar:/home/user/.m2/repository/org/glassfish/jersey/media/jersey-media-json-jackson/2.27/jersey-media-json-jackson-2.27.jar:/home/user/.m2/repository/org/glassfish/jersey/ext/jersey-entity-filtering/2.27/jersey-entity-filtering-2.27.jar:/home/user/.m2/repository/com/google/inject/extensions/guice-assistedinject/4.0/guice-assistedinject-4.0.jar:/home/user/.m2/repository/org/jooq/jooq/3.11.10/jooq-3.11.10.jar:/home/user/.m2/repository/org/jooq/jooq-meta/3.11.10/jooq-meta-3.11.10.jar:/home/user/.m2/repository/org/jooq/jooq-codegen/3.11.10/jooq-codegen-3.11.10.jar:/home/user/.m2/repository/com/jolbox/bonecp/0.8.0.RELEASE/bonecp-0.8.0.RELEASE.jar:/home/user/.m2/repository/org/xerial/sqlite-jdbc/3.25.2/sqlite-jdbc-3.25.2.jar:/home/user/.m2/repository/org/springframework/spring-jdbc/5.1.3.RELEASE/spring-jdbc-5.1.3.RELEASE.jar:/home/user/.m2/repository/org/springframework/spring-beans/5.1.3.RELEASE/spring-beans-5.1.3.RELEASE.jar:/home/user/.m2/repository/org/springframework/spring-core/5.1.3.RELEASE/spring-core-5.1.3.RELEASE.jar:/home/user/.m2/repository/org/springframework/spring-jcl/5.1.3.RELEASE/spring-jcl-5.1.3.RELEASE.jar:/home/user/.m2/repository/org/springframework/spring-tx/5.1.3.RELEASE/spring-tx-5.1.3.RELEASE.jar:/home/user/.m2/repository/org/apache/hadoop/hadoop-ozone-client/0.5.0-SNAPSHOT/hadoop-ozone-client-0.5.0-SNAPSHOT.jar:/home/user/.m2/repository/commons-lang/commons-lang/2.6/commons-lang-2.6.jar:/home/user/.m2/repository/org/apache/hadoop/hadoop-ozone-ozone-manager/0.5.0-SNAPSHOT/hadoop-ozone-ozone-manager-0.5.0-SNAPSHOT-tests.jar:/home/user/.m2/repository/junit/junit/4.11/junit-4.11.jar:/home/user/.m2/repository/org/hamcrest/hamcrest-core/1.3/hamcrest-core-1.3.jar:/home/user/.m2/repository/org/openjdk/jmh/jmh-core/1.19/jmh-core-1.19.jar:/home/user/.m2/repository/net/sf/jopt-simple/jopt-simple/4.6/jopt-simple-4.6.jar:/home/user/.m2/repository/org/apache/commons/commons-math3/3.1.1/commons-math3-3.1.1.jar:/home/user/.m2/repository/org/openjdk/jmh/jmh-generator-annprocess/1.19/jmh-generator-annprocess-1.19.jar:/home/user/.m2/repository/org/mockito/mockito-all/1.8.5/mockito-all-1.8.5.jar:/home/user/.m2/repository/org/apache/hadoop/hadoop-kms/3.2.0/hadoop-kms-3.2.0.jar:/home/user/.m2/repository/org/apache/hadoop/hadoop-auth/3.2.0/hadoop-auth-3.2.0.jar:/home/user/.m2/repository/com/nimbusds/nimbus-jose-jwt/4.41.1/nimbus-jose-jwt-4.41.1.jar:/home/user/.m2/repository/com/github/stephenc/jcip/jcip-annotations/1.0-1/jcip-annotations-1.0-1.jar:/home/user/.m2/repository/net/minidev/json-smart/2.3/json-smart-2.3.jar:/home/user/.m2/repository/net/minidev/accessors-smart/1.2/accessors-smart-1.2.jar:/home/user/.m2/repository/org/ow2/asm/asm/5.0.4/asm-5.0.4.jar:/home/user/.m2/repository/org/apache/curator/curator-framework/2.12.0/curator-framework-2.12.0.jar:/home/user/.m2/repository/com/sun/jersey/jersey-core/1.19/jersey-core-1.19.jar:/home/user/.m2/repository/javax/ws/rs/jsr311-api/1.1.1/jsr311-api-1.1.1.jar:/home/user/.m2/repository/com/sun/jersey/jersey-server/1.19/jersey-server-1.19.jar:/home/user/.m2/repository/javax/servlet/javax.servlet-api/3.1.0/javax.servlet-api-3.1.0.jar:/home/user/.m2/repository/org/eclipse/jetty/jetty-server/9.3.25.v20180904/jetty-server-9.3.25.v20180904.jar:/home/user/.m2/repository/org/eclipse/jetty/jetty-http/9.3.25.v20180904/jetty-http-9.3.25.v20180904.jar:/home/user/.m2/repository/org/eclipse/jetty/jetty-io/9.3.25.v20180904/jetty-io-9.3.25.v20180904.jar:/home/user/.m2/repository/org/eclipse/jetty/jetty-webapp/9.3.25.v20180904/jetty-webapp-9.3.25.v20180904.jar:/home/user/.m2/repository/org/eclipse/jetty/jetty-xml/9.3.25.v20180904/jetty-xml-9.3.25.v20180904.jar:/home/user/.m2/repository/log4j/log4j/1.2.17/log4j-1.2.17.jar:/home/user/.m2/repository/org/slf4j/slf4j-api/1.7.25/slf4j-api-1.7.25.jar:/home/user/.m2/repository/org/slf4j/jul-to-slf4j/1.7.25/jul-to-slf4j-1.7.25.jar:/home/user/.m2/repository/org/eclipse/jetty/jetty-util/9.3.25.v20180904/jetty-util-9.3.25.v20180904.jar:/home/user/.m2/repository/com/fasterxml/jackson/core/jackson-databind/2.9.9/jackson-databind-2.9.9.jar:/home/user/.m2/repository/org/apache/hadoop/hadoop-kms/3.2.0/hadoop-kms-3.2.0-tests.jar:/home/user/.m2/repository/org/apache/hadoop/hadoop-hdds-server-scm/0.5.0-SNAPSHOT/hadoop-hdds-server-scm-0.5.0-SNAPSHOT-tests.jar:/home/user/.m2/repository/org/apache/hadoop/hadoop-hdds-container-service/0.5.0-SNAPSHOT/hadoop-hdds-container-service-0.5.0-SNAPSHOT-tests.jar:/home/user/.m2/repository/org/yaml/snakeyaml/1.16/snakeyaml-1.16.jar:/home/user/.m2/repository/org/apache/hadoop/hadoop-common/3.2.0/hadoop-common-3.2.0-tests.jar:/home/user/.m2/repository/org/apache/hadoop/hadoop-annotations/3.2.0/hadoop-annotations-3.2.0.jar:/usr/lib/jvm/java-1.8-openjdk/jre/../lib/tools.jar:/home/user/.m2/repository/commons-cli/commons-cli/1.2/commons-cli-1.2.jar:/home/user/.m2/repository/org/apache/httpcomponents/httpclient/4.5.2/httpclient-4.5.2.jar:/home/user/.m2/repository/org/apache/httpcomponents/httpcore/4.4.4/httpcore-4.4.4.jar:/home/user/.m2/repository/commons-codec/commons-codec/1.11/commons-codec-1.11.jar:/home/user/.m2/repository/commons-net/commons-net/3.6/commons-net-3.6.jar:/home/user/.m2/repository/commons-collections/commons-collections/3.2.2/commons-collections-3.2.2.jar:/home/user/.m2/repository/org/eclipse/jetty/jetty-servlet/9.3.25.v20180904/jetty-servlet-9.3.25.v20180904.jar:/home/user/.m2/repository/org/eclipse/jetty/jetty-security/9.3.25.v20180904/jetty-security-9.3.25.v20180904.jar:/home/user/.m2/repository/javax/servlet/jsp/jsp-api/2.1/jsp-api-2.1.jar:/home/user/.m2/repository/com/sun/jersey/jersey-servlet/1.19/jersey-servlet-1.19.jar:/home/user/.m2/repository/com/sun/jersey/jersey-json/1.19/jersey-json-1.19.jar:/home/user/.m2/repository/org/codehaus/jettison/jettison/1.1/jettison-1.1.jar:/home/user/.m2/repository/org/codehaus/jackson/jackson-core-asl/1.9.13/jackson-core-asl-1.9.13.jar:/home/user/.m2/repository/org/codehaus/jackson/jackson-mapper-asl/1.9.13/jackson-mapper-asl-1.9.13.jar:/home/user/.m2/repository/org/codehaus/jackson/jackson-jaxrs/1.9.13/jackson-jaxrs-1.9.13.jar:/home/user/.m2/repository/org/codehaus/jackson/jackson-xc/1.9.13/jackson-xc-1.9.13.jar:/home/user/.m2/repository/commons-logging/commons-logging/1.1.3/commons-logging-1.1.3.jar:/home/user/.m2/repository/commons-beanutils/commons-beanutils/1.9.4/commons-beanutils-1.9.4.jar:/home/user/.m2/repository/org/apache/commons/commons-configuration2/2.1.1/commons-configuration2-2.1.1.jar:/home/user/.m2/repository/org/apache/commons/commons-lang3/3.7/commons-lang3-3.7.jar:/home/user/.m2/repository/org/apache/commons/commons-text/1.4/commons-text-1.4.jar:/home/user/.m2/repository/org/apache/avro/avro/1.7.7/avro-1.7.7.jar:/home/user/.m2/repository/com/thoughtworks/paranamer/paranamer/2.3/paranamer-2.3.jar:/home/user/.m2/repository/org/xerial/snappy/snappy-java/1.0.5/snappy-java-1.0.5.jar:/home/user/.m2/repository/com/google/re2j/re2j/1.1/re2j-1.1.jar:/home/user/.m2/repository/com/google/code/gson/gson/2.2.4/gson-2.2.4.jar:/home/user/.m2/repository/com/jcraft/jsch/0.1.54/jsch-0.1.54.jar:/home/user/.m2/repository/org/apache/curator/curator-client/2.12.0/curator-client-2.12.0.jar:/home/user/.m2/repository/org/apache/curator/curator-recipes/2.12.0/curator-recipes-2.12.0.jar:/home/user/.m2/repository/com/google/code/findbugs/jsr305/3.0.0/jsr305-3.0.0.jar:/home/user/.m2/repository/org/apache/htrace/htrace-core4/4.1.0-incubating/htrace-core4-4.1.0-incubating.jar:/home/user/.m2/repository/org/apache/zookeeper/zookeeper/3.4.13/zookeeper-3.4.13.jar:/home/user/.m2/repository/jline/jline/0.9.94/jline-0.9.94.jar:/home/user/.m2/repository/org/apache/yetus/audience-annotations/0.5.0/audience-annotations-0.5.0.jar:/home/user/.m2/repository/org/codehaus/woodstox/stax2-api/3.1.4/stax2-api-3.1.4.jar:/home/user/.m2/repository/com/fasterxml/woodstox/woodstox-core/5.0.3/woodstox-core-5.0.3.jar:/home/user/.m2/repository/dnsjava/dnsjava/2.1.7/dnsjava-2.1.7.jar:/home/user/.m2/repository/org/apache/hadoop/hadoop-hdfs/3.2.0/hadoop-hdfs-3.2.0-tests.jar:/home/user/.m2/repository/org/eclipse/jetty/jetty-util-ajax/9.3.25.v20180904/jetty-util-ajax-9.3.25.v20180904.jar:/home/user/.m2/repository/commons-daemon/commons-daemon/1.0.13/commons-daemon-1.0.13.jar:/home/user/.m2/repository/io/netty/netty/3.10.5.Final/netty-3.10.5.Final.jar:/home/user/.m2/repository/io/netty/netty-all/4.0.52.Final/netty-all-4.0.52.Final.jar:/home/user/.m2/repository/org/fusesource/leveldbjni/leveldbjni-all/1.8/leveldbjni-all-1.8.jar:"/>
    <property name="java.vm.vendor" value="IcedTea"/>
    <property name="sun.arch.data.model" value="64"/>
    <property name="test.build.dir" value="/workdir/hadoop-ozone/integration-test/target/test-dir"/>
    <property name="test.cache.data" value=""/>
    <property name="java.vendor.url" value="https://icedtea.classpath.org"/>
    <property name="user.timezone" value=""/>
    <property name="java.vm.specification.version" value="1.8"/>
    <property name="os.name" value="Linux"/>
    <property name="test.build.data" value="/workdir/hadoop-ozone/integration-test/target/test-dir"/>
    <property name="user.country" value="US"/>
    <property name="sun.java.launcher" value="SUN_STANDARD"/>
    <property name="sun.boot.library.path" value="/usr/lib/jvm/java-1.8-openjdk/jre/lib/amd64"/>
    <property name="sun.java.command" value="/workdir/hadoop-ozone/integration-test/target/surefire/surefirebooter1573823105496267651.jar /workdir/hadoop-ozone/integration-test/target/surefire 2019-10-01T05-11-05_251-jvmRun1 surefire6997291843991034520tmp surefire_615282964628473191610tmp"/>
    <property name="test" value="!TestMiniChaosOzoneCluster"/>
    <property name="surefire.test.class.path" value="/workdir/hadoop-ozone/integration-test/target/test-classes:/workdir/hadoop-ozone/integration-test/target/classes:/home/user/.m2/repository/org/apache/hadoop/hadoop-ozone-common/0.5.0-SNAPSHOT/hadoop-ozone-common-0.5.0-SNAPSHOT.jar:/home/user/.m2/repository/org/apache/commons/commons-compress/1.4.1/commons-compress-1.4.1.jar:/home/user/.m2/repository/org/tukaani/xz/1.0/xz-1.0.jar:/home/user/.m2/repository/org/apache/hadoop/hadoop-common/3.2.0/hadoop-common-3.2.0.jar:/home/user/.m2/repository/org/apache/hadoop/hadoop-hdfs/3.2.0/hadoop-hdfs-3.2.0.jar:/home/user/.m2/repository/org/apache/hadoop/hadoop-hdfs-client/3.2.0/hadoop-hdfs-client-3.2.0.jar:/home/user/.m2/repository/com/fasterxml/jackson/core/jackson-annotations/2.9.9/jackson-annotations-2.9.9.jar:/home/user/.m2/repository/org/apache/hadoop/hadoop-hdds-common/0.5.0-SNAPSHOT/hadoop-hdds-common-0.5.0-SNAPSHOT.jar:/home/user/.m2/repository/javax/annotation/javax.annotation-api/1.2/javax.annotation-api-1.2.jar:/home/user/.m2/repository/org/apache/ratis/ratis-server/0.5.0-201fc85-SNAPSHOT/ratis-server-0.5.0-201fc85-SNAPSHOT.jar:/home/user/.m2/repository/org/apache/ratis/ratis-thirdparty-misc/0.2.0/ratis-thirdparty-misc-0.2.0.jar:/home/user/.m2/repository/org/apache/ratis/ratis-proto/0.5.0-201fc85-SNAPSHOT/ratis-proto-0.5.0-201fc85-SNAPSHOT.jar:/home/user/.m2/repository/org/apache/ratis/ratis-common/0.5.0-201fc85-SNAPSHOT/ratis-common-0.5.0-201fc85-SNAPSHOT.jar:/home/user/.m2/repository/org/apache/ratis/ratis-client/0.5.0-201fc85-SNAPSHOT/ratis-client-0.5.0-201fc85-SNAPSHOT.jar:/home/user/.m2/repository/org/apache/ratis/ratis-metrics/0.5.0-201fc85-SNAPSHOT/ratis-metrics-0.5.0-201fc85-SNAPSHOT.jar:/home/user/.m2/repository/com/github/joshelser/dropwizard-metrics-hadoop-metrics2-reporter/0.1.2/dropwizard-metrics-hadoop-metrics2-reporter-0.1.2.jar:/home/user/.m2/repository/io/dropwizard/metrics/metrics-jvm/3.2.5/metrics-jvm-3.2.5.jar:/home/user/.m2/repository/io/dropwizard/metrics/metrics-ganglia/3.2.5/metrics-ganglia-3.2.5.jar:/home/user/.m2/repository/info/ganglia/gmetric4j/gmetric4j/1.0.7/gmetric4j-1.0.7.jar:/home/user/.m2/repository/org/apache/ratis/ratis-netty/0.5.0-201fc85-SNAPSHOT/ratis-netty-0.5.0-201fc85-SNAPSHOT.jar:/home/user/.m2/repository/org/apache/ratis/ratis-grpc/0.5.0-201fc85-SNAPSHOT/ratis-grpc-0.5.0-201fc85-SNAPSHOT.jar:/home/user/.m2/repository/org/rocksdb/rocksdbjni/6.0.1/rocksdbjni-6.0.1.jar:/home/user/.m2/repository/org/apache/logging/log4j/log4j-api/2.11.0/log4j-api-2.11.0.jar:/home/user/.m2/repository/org/apache/logging/log4j/log4j-core/2.11.0/log4j-core-2.11.0.jar:/home/user/.m2/repository/com/lmax/disruptor/3.4.2/disruptor-3.4.2.jar:/home/user/.m2/repository/org/apache/commons/commons-pool2/2.6.0/commons-pool2-2.6.0.jar:/home/user/.m2/repository/org/bouncycastle/bcpkix-jdk15on/1.60/bcpkix-jdk15on-1.60.jar:/home/user/.m2/repository/commons-validator/commons-validator/1.6/commons-validator-1.6.jar:/home/user/.m2/repository/commons-digester/commons-digester/1.8.1/commons-digester-1.8.1.jar:/home/user/.m2/repository/io/jaegertracing/jaeger-client/0.34.0/jaeger-client-0.34.0.jar:/home/user/.m2/repository/io/jaegertracing/jaeger-thrift/0.34.0/jaeger-thrift-0.34.0.jar:/home/user/.m2/repository/org/apache/thrift/libthrift/0.12.0/libthrift-0.12.0.jar:/home/user/.m2/repository/com/squareup/okhttp3/okhttp/3.9.0/okhttp-3.9.0.jar:/home/user/.m2/repository/com/squareup/okio/okio/1.13.0/okio-1.13.0.jar:/home/user/.m2/repository/io/jaegertracing/jaeger-core/0.34.0/jaeger-core-0.34.0.jar:/home/user/.m2/repository/io/jaegertracing/jaeger-tracerresolver/0.34.0/jaeger-tracerresolver-0.34.0.jar:/home/user/.m2/repository/io/opentracing/contrib/opentracing-tracerresolver/0.1.5/opentracing-tracerresolver-0.1.5.jar:/home/user/.m2/repository/io/opentracing/opentracing-util/0.31.0/opentracing-util-0.31.0.jar:/home/user/.m2/repository/io/opentracing/opentracing-api/0.31.0/opentracing-api-0.31.0.jar:/home/user/.m2/repository/io/opentracing/opentracing-noop/0.31.0/opentracing-noop-0.31.0.jar:/home/user/.m2/repository/org/apache/hadoop/hadoop-hdds-server-framework/0.5.0-SNAPSHOT/hadoop-hdds-server-framework-0.5.0-SNAPSHOT.jar:/home/user/.m2/repository/org/apache/hadoop/hadoop-hdds-container-service/0.5.0-SNAPSHOT/hadoop-hdds-container-service-0.5.0-SNAPSHOT.jar:/home/user/.m2/repository/org/apache/hadoop/hadoop-hdds-client/0.5.0-SNAPSHOT/hadoop-hdds-client-0.5.0-SNAPSHOT.jar:/home/user/.m2/repository/org/apache/hadoop/hadoop-hdds-tools/0.5.0-SNAPSHOT/hadoop-hdds-tools-0.5.0-SNAPSHOT.jar:/home/user/.m2/repository/org/apache/hadoop/hadoop-hdds-server-scm/0.5.0-SNAPSHOT/hadoop-hdds-server-scm-0.5.0-SNAPSHOT.jar:/home/user/.m2/repository/org/apache/hadoop/hadoop-hdds-docs/0.5.0-SNAPSHOT/hadoop-hdds-docs-0.5.0-SNAPSHOT.jar:/home/user/.m2/repository/io/dropwizard/metrics/metrics-core/3.2.4/metrics-core-3.2.4.jar:/home/user/.m2/repository/org/hamcrest/hamcrest-all/1.3/hamcrest-all-1.3.jar:/home/user/.m2/repository/org/bouncycastle/bcprov-jdk15on/1.60/bcprov-jdk15on-1.60.jar:/home/user/.m2/repository/info/picocli/picocli/3.9.6/picocli-3.9.6.jar:/home/user/.m2/repository/com/google/protobuf/protobuf-java/2.5.0/protobuf-java-2.5.0.jar:/home/user/.m2/repository/com/google/guava/guava/11.0.2/guava-11.0.2.jar:/home/user/.m2/repository/org/apache/hadoop/hadoop-ozone-ozone-manager/0.5.0-SNAPSHOT/hadoop-ozone-ozone-manager-0.5.0-SNAPSHOT.jar:/home/user/.m2/repository/org/apache/hadoop/hadoop-minikdc/3.2.0/hadoop-minikdc-3.2.0.jar:/home/user/.m2/repository/commons-io/commons-io/2.5/commons-io-2.5.jar:/home/user/.m2/repository/org/apache/kerby/kerb-simplekdc/1.0.1/kerb-simplekdc-1.0.1.jar:/home/user/.m2/repository/org/apache/kerby/kerb-client/1.0.1/kerb-client-1.0.1.jar:/home/user/.m2/repository/org/apache/kerby/kerby-config/1.0.1/kerby-config-1.0.1.jar:/home/user/.m2/repository/org/apache/kerby/kerb-core/1.0.1/kerb-core-1.0.1.jar:/home/user/.m2/repository/org/apache/kerby/kerby-pkix/1.0.1/kerby-pkix-1.0.1.jar:/home/user/.m2/repository/org/apache/kerby/kerby-asn1/1.0.1/kerby-asn1-1.0.1.jar:/home/user/.m2/repository/org/apache/kerby/kerby-util/1.0.1/kerby-util-1.0.1.jar:/home/user/.m2/repository/org/apache/kerby/kerb-common/1.0.1/kerb-common-1.0.1.jar:/home/user/.m2/repository/org/apache/kerby/kerb-crypto/1.0.1/kerb-crypto-1.0.1.jar:/home/user/.m2/repository/org/apache/kerby/kerb-util/1.0.1/kerb-util-1.0.1.jar:/home/user/.m2/repository/org/apache/kerby/token-provider/1.0.1/token-provider-1.0.1.jar:/home/user/.m2/repository/org/apache/kerby/kerb-admin/1.0.1/kerb-admin-1.0.1.jar:/home/user/.m2/repository/org/apache/kerby/kerb-server/1.0.1/kerb-server-1.0.1.jar:/home/user/.m2/repository/org/apache/kerby/kerb-identity/1.0.1/kerb-identity-1.0.1.jar:/home/user/.m2/repository/org/apache/kerby/kerby-xdr/1.0.1/kerby-xdr-1.0.1.jar:/home/user/.m2/repository/org/slf4j/slf4j-log4j12/1.7.25/slf4j-log4j12-1.7.25.jar:/home/user/.m2/repository/org/apache/hadoop/hadoop-ozone-s3gateway/0.5.0-SNAPSHOT/hadoop-ozone-s3gateway-0.5.0-SNAPSHOT.jar:/home/user/.m2/repository/org/jboss/weld/servlet/weld-servlet/2.4.7.Final/weld-servlet-2.4.7.Final.jar:/home/user/.m2/repository/org/glassfish/jersey/containers/jersey-container-servlet-core/2.27/jersey-container-servlet-core-2.27.jar:/home/user/.m2/repository/org/glassfish/hk2/external/javax.inject/2.5.0-b42/javax.inject-2.5.0-b42.jar:/home/user/.m2/repository/org/glassfish/jersey/core/jersey-common/2.27/jersey-common-2.27.jar:/home/user/.m2/repository/org/glassfish/hk2/osgi-resource-locator/1.0.1/osgi-resource-locator-1.0.1.jar:/home/user/.m2/repository/javax/ws/rs/javax.ws.rs-api/2.1/javax.ws.rs-api-2.1.jar:/home/user/.m2/repository/org/glassfish/jersey/ext/cdi/jersey-cdi1x/2.27/jersey-cdi1x-2.27.jar:/home/user/.m2/repository/org/glassfish/jersey/inject/jersey-hk2/2.27/jersey-hk2-2.27.jar:/home/user/.m2/repository/org/glassfish/hk2/hk2-locator/2.5.0-b42/hk2-locator-2.5.0-b42.jar:/home/user/.m2/repository/org/javassist/javassist/3.22.0-CR2/javassist-3.22.0-CR2.jar:/home/user/.m2/repository/org/glassfish/hk2/hk2-api/2.5.0/hk2-api-2.5.0.jar:/home/user/.m2/repository/org/glassfish/hk2/external/jakarta.inject/2.5.0/jakarta.inject-2.5.0.jar:/home/user/.m2/repository/org/glassfish/hk2/hk2-utils/2.5.0/hk2-utils-2.5.0.jar:/home/user/.m2/repository/jakarta/annotation/jakarta.annotation-api/1.3.4/jakarta.annotation-api-1.3.4.jar:/home/user/.m2/repository/org/glassfish/hk2/external/aopalliance-repackaged/2.5.0/aopalliance-repackaged-2.5.0.jar:/home/user/.m2/repository/com/fasterxml/jackson/dataformat/jackson-dataformat-xml/2.9.0/jackson-dataformat-xml-2.9.0.jar:/home/user/.m2/repository/com/fasterxml/jackson/core/jackson-core/2.9.9/jackson-core-2.9.9.jar:/home/user/.m2/repository/com/fasterxml/jackson/module/jackson-module-jaxb-annotations/2.9.9/jackson-module-jaxb-annotations-2.9.9.jar:/home/user/.m2/repository/javax/enterprise/cdi-api/1.2/cdi-api-1.2.jar:/home/user/.m2/repository/javax/el/javax.el-api/3.0.0/javax.el-api-3.0.0.jar:/home/user/.m2/repository/javax/interceptor/javax.interceptor-api/1.2/javax.interceptor-api-1.2.jar:/home/user/.m2/repository/javax/inject/javax.inject/1/javax.inject-1.jar:/home/user/.m2/repository/com/sun/xml/bind/jaxb-impl/2.3.0.1/jaxb-impl-2.3.0.1.jar:/home/user/.m2/repository/com/sun/xml/bind/jaxb-core/2.3.0.1/jaxb-core-2.3.0.1.jar:/home/user/.m2/repository/javax/xml/bind/jaxb-api/2.3.0/jaxb-api-2.3.0.jar:/home/user/.m2/repository/javax/activation/activation/1.1.1/activation-1.1.1.jar:/home/user/.m2/repository/org/apache/hadoop/hadoop-ozone-csi/0.5.0-SNAPSHOT/hadoop-ozone-csi-0.5.0-SNAPSHOT.jar:/home/user/.m2/repository/com/google/protobuf/protobuf-java-util/3.5.1/protobuf-java-util-3.5.1.jar:/home/user/.m2/repository/org/apache/hadoop/hadoop-hdds-config/0.5.0-SNAPSHOT/hadoop-hdds-config-0.5.0-SNAPSHOT.jar:/home/user/.m2/repository/io/grpc/grpc-netty/1.17.1/grpc-netty-1.17.1.jar:/home/user/.m2/repository/io/grpc/grpc-core/1.17.1/grpc-core-1.17.1.jar:/home/user/.m2/repository/io/grpc/grpc-context/1.17.1/grpc-context-1.17.1.jar:/home/user/.m2/repository/com/google/errorprone/error_prone_annotations/2.2.0/error_prone_annotations-2.2.0.jar:/home/user/.m2/repository/org/codehaus/mojo/animal-sniffer-annotations/1.17/animal-sniffer-annotations-1.17.jar:/home/user/.m2/repository/io/opencensus/opencensus-api/0.17.0/opencensus-api-0.17.0.jar:/home/user/.m2/repository/io/opencensus/opencensus-contrib-grpc-metrics/0.17.0/opencensus-contrib-grpc-metrics-0.17.0.jar:/home/user/.m2/repository/io/netty/netty-codec-http2/4.1.30.Final/netty-codec-http2-4.1.30.Final.jar:/home/user/.m2/repository/io/netty/netty-codec-http/4.1.30.Final/netty-codec-http-4.1.30.Final.jar:/home/user/.m2/repository/io/netty/netty-codec/4.1.30.Final/netty-codec-4.1.30.Final.jar:/home/user/.m2/repository/io/netty/netty-handler/4.1.30.Final/netty-handler-4.1.30.Final.jar:/home/user/.m2/repository/io/netty/netty-handler-proxy/4.1.30.Final/netty-handler-proxy-4.1.30.Final.jar:/home/user/.m2/repository/io/netty/netty-codec-socks/4.1.30.Final/netty-codec-socks-4.1.30.Final.jar:/home/user/.m2/repository/io/netty/netty-transport-native-epoll/4.1.30.Final/netty-transport-native-epoll-4.1.30.Final.jar:/home/user/.m2/repository/io/netty/netty-common/4.1.30.Final/netty-common-4.1.30.Final.jar:/home/user/.m2/repository/io/netty/netty-buffer/4.1.30.Final/netty-buffer-4.1.30.Final.jar:/home/user/.m2/repository/io/netty/netty-transport/4.1.30.Final/netty-transport-4.1.30.Final.jar:/home/user/.m2/repository/io/netty/netty-resolver/4.1.30.Final/netty-resolver-4.1.30.Final.jar:/home/user/.m2/repository/io/netty/netty-transport-native-unix-common/4.1.30.Final/netty-transport-native-unix-common-4.1.30.Final.jar:/home/user/.m2/repository/io/grpc/grpc-protobuf/1.17.1/grpc-protobuf-1.17.1.jar:/home/user/.m2/repository/com/google/api/grpc/proto-google-common-protos/1.0.0/proto-google-common-protos-1.0.0.jar:/home/user/.m2/repository/io/grpc/grpc-protobuf-lite/1.17.1/grpc-protobuf-lite-1.17.1.jar:/home/user/.m2/repository/io/grpc/grpc-stub/1.17.1/grpc-stub-1.17.1.jar:/home/user/.m2/repository/org/apache/hadoop/hadoop-ozone-recon/0.5.0-SNAPSHOT/hadoop-ozone-recon-0.5.0-SNAPSHOT.jar:/home/user/.m2/repository/org/apache/hadoop/hadoop-ozone-reconcodegen/0.5.0-SNAPSHOT/hadoop-ozone-reconcodegen-0.5.0-SNAPSHOT.jar:/home/user/.m2/repository/com/google/inject/extensions/guice-multibindings/4.0/guice-multibindings-4.0.jar:/home/user/.m2/repository/com/google/inject/guice/4.0/guice-4.0.jar:/home/user/.m2/repository/aopalliance/aopalliance/1.0/aopalliance-1.0.jar:/home/user/.m2/repository/com/google/inject/extensions/guice-servlet/4.0/guice-servlet-4.0.jar:/home/user/.m2/repository/org/glassfish/jersey/containers/jersey-container-servlet/2.27/jersey-container-servlet-2.27.jar:/home/user/.m2/repository/org/glassfish/hk2/guice-bridge/2.5.0/guice-bridge-2.5.0.jar:/home/user/.m2/repository/org/glassfish/jersey/core/jersey-server/2.27/jersey-server-2.27.jar:/home/user/.m2/repository/org/glassfish/jersey/core/jersey-client/2.27/jersey-client-2.27.jar:/home/user/.m2/repository/org/glassfish/jersey/media/jersey-media-jaxb/2.27/jersey-media-jaxb-2.27.jar:/home/user/.m2/repository/javax/validation/validation-api/1.1.0.Final/validation-api-1.1.0.Final.jar:/home/user/.m2/repository/org/glassfish/jersey/media/jersey-media-json-jackson/2.27/jersey-media-json-jackson-2.27.jar:/home/user/.m2/repository/org/glassfish/jersey/ext/jersey-entity-filtering/2.27/jersey-entity-filtering-2.27.jar:/home/user/.m2/repository/com/google/inject/extensions/guice-assistedinject/4.0/guice-assistedinject-4.0.jar:/home/user/.m2/repository/org/jooq/jooq/3.11.10/jooq-3.11.10.jar:/home/user/.m2/repository/org/jooq/jooq-meta/3.11.10/jooq-meta-3.11.10.jar:/home/user/.m2/repository/org/jooq/jooq-codegen/3.11.10/jooq-codegen-3.11.10.jar:/home/user/.m2/repository/com/jolbox/bonecp/0.8.0.RELEASE/bonecp-0.8.0.RELEASE.jar:/home/user/.m2/repository/org/xerial/sqlite-jdbc/3.25.2/sqlite-jdbc-3.25.2.jar:/home/user/.m2/repository/org/springframework/spring-jdbc/5.1.3.RELEASE/spring-jdbc-5.1.3.RELEASE.jar:/home/user/.m2/repository/org/springframework/spring-beans/5.1.3.RELEASE/spring-beans-5.1.3.RELEASE.jar:/home/user/.m2/repository/org/springframework/spring-core/5.1.3.RELEASE/spring-core-5.1.3.RELEASE.jar:/home/user/.m2/repository/org/springframework/spring-jcl/5.1.3.RELEASE/spring-jcl-5.1.3.RELEASE.jar:/home/user/.m2/repository/org/springframework/spring-tx/5.1.3.RELEASE/spring-tx-5.1.3.RELEASE.jar:/home/user/.m2/repository/org/apache/hadoop/hadoop-ozone-client/0.5.0-SNAPSHOT/hadoop-ozone-client-0.5.0-SNAPSHOT.jar:/home/user/.m2/repository/commons-lang/commons-lang/2.6/commons-lang-2.6.jar:/home/user/.m2/repository/org/apache/hadoop/hadoop-ozone-ozone-manager/0.5.0-SNAPSHOT/hadoop-ozone-ozone-manager-0.5.0-SNAPSHOT-tests.jar:/home/user/.m2/repository/junit/junit/4.11/junit-4.11.jar:/home/user/.m2/repository/org/hamcrest/hamcrest-core/1.3/hamcrest-core-1.3.jar:/home/user/.m2/repository/org/openjdk/jmh/jmh-core/1.19/jmh-core-1.19.jar:/home/user/.m2/repository/net/sf/jopt-simple/jopt-simple/4.6/jopt-simple-4.6.jar:/home/user/.m2/repository/org/apache/commons/commons-math3/3.1.1/commons-math3-3.1.1.jar:/home/user/.m2/repository/org/openjdk/jmh/jmh-generator-annprocess/1.19/jmh-generator-annprocess-1.19.jar:/home/user/.m2/repository/org/mockito/mockito-all/1.8.5/mockito-all-1.8.5.jar:/home/user/.m2/repository/org/apache/hadoop/hadoop-kms/3.2.0/hadoop-kms-3.2.0.jar:/home/user/.m2/repository/org/apache/hadoop/hadoop-auth/3.2.0/hadoop-auth-3.2.0.jar:/home/user/.m2/repository/com/nimbusds/nimbus-jose-jwt/4.41.1/nimbus-jose-jwt-4.41.1.jar:/home/user/.m2/repository/com/github/stephenc/jcip/jcip-annotations/1.0-1/jcip-annotations-1.0-1.jar:/home/user/.m2/repository/net/minidev/json-smart/2.3/json-smart-2.3.jar:/home/user/.m2/repository/net/minidev/accessors-smart/1.2/accessors-smart-1.2.jar:/home/user/.m2/repository/org/ow2/asm/asm/5.0.4/asm-5.0.4.jar:/home/user/.m2/repository/org/apache/curator/curator-framework/2.12.0/curator-framework-2.12.0.jar:/home/user/.m2/repository/com/sun/jersey/jersey-core/1.19/jersey-core-1.19.jar:/home/user/.m2/repository/javax/ws/rs/jsr311-api/1.1.1/jsr311-api-1.1.1.jar:/home/user/.m2/repository/com/sun/jersey/jersey-server/1.19/jersey-server-1.19.jar:/home/user/.m2/repository/javax/servlet/javax.servlet-api/3.1.0/javax.servlet-api-3.1.0.jar:/home/user/.m2/repository/org/eclipse/jetty/jetty-server/9.3.25.v20180904/jetty-server-9.3.25.v20180904.jar:/home/user/.m2/repository/org/eclipse/jetty/jetty-http/9.3.25.v20180904/jetty-http-9.3.25.v20180904.jar:/home/user/.m2/repository/org/eclipse/jetty/jetty-io/9.3.25.v20180904/jetty-io-9.3.25.v20180904.jar:/home/user/.m2/repository/org/eclipse/jetty/jetty-webapp/9.3.25.v20180904/jetty-webapp-9.3.25.v20180904.jar:/home/user/.m2/repository/org/eclipse/jetty/jetty-xml/9.3.25.v20180904/jetty-xml-9.3.25.v20180904.jar:/home/user/.m2/repository/log4j/log4j/1.2.17/log4j-1.2.17.jar:/home/user/.m2/repository/org/slf4j/slf4j-api/1.7.25/slf4j-api-1.7.25.jar:/home/user/.m2/repository/org/slf4j/jul-to-slf4j/1.7.25/jul-to-slf4j-1.7.25.jar:/home/user/.m2/repository/org/eclipse/jetty/jetty-util/9.3.25.v20180904/jetty-util-9.3.25.v20180904.jar:/home/user/.m2/repository/com/fasterxml/jackson/core/jackson-databind/2.9.9/jackson-databind-2.9.9.jar:/home/user/.m2/repository/org/apache/hadoop/hadoop-kms/3.2.0/hadoop-kms-3.2.0-tests.jar:/home/user/.m2/repository/org/apache/hadoop/hadoop-hdds-server-scm/0.5.0-SNAPSHOT/hadoop-hdds-server-scm-0.5.0-SNAPSHOT-tests.jar:/home/user/.m2/repository/org/apache/hadoop/hadoop-hdds-container-service/0.5.0-SNAPSHOT/hadoop-hdds-container-service-0.5.0-SNAPSHOT-tests.jar:/home/user/.m2/repository/org/yaml/snakeyaml/1.16/snakeyaml-1.16.jar:/home/user/.m2/repository/org/apache/hadoop/hadoop-common/3.2.0/hadoop-common-3.2.0-tests.jar:/home/user/.m2/repository/org/apache/hadoop/hadoop-annotations/3.2.0/hadoop-annotations-3.2.0.jar:/usr/lib/jvm/java-1.8-openjdk/jre/../lib/tools.jar:/home/user/.m2/repository/commons-cli/commons-cli/1.2/commons-cli-1.2.jar:/home/user/.m2/repository/org/apache/httpcomponents/httpclient/4.5.2/httpclient-4.5.2.jar:/home/user/.m2/repository/org/apache/httpcomponents/httpcore/4.4.4/httpcore-4.4.4.jar:/home/user/.m2/repository/commons-codec/commons-codec/1.11/commons-codec-1.11.jar:/home/user/.m2/repository/commons-net/commons-net/3.6/commons-net-3.6.jar:/home/user/.m2/repository/commons-collections/commons-collections/3.2.2/commons-collections-3.2.2.jar:/home/user/.m2/repository/org/eclipse/jetty/jetty-servlet/9.3.25.v20180904/jetty-servlet-9.3.25.v20180904.jar:/home/user/.m2/repository/org/eclipse/jetty/jetty-security/9.3.25.v20180904/jetty-security-9.3.25.v20180904.jar:/home/user/.m2/repository/javax/servlet/jsp/jsp-api/2.1/jsp-api-2.1.jar:/home/user/.m2/repository/com/sun/jersey/jersey-servlet/1.19/jersey-servlet-1.19.jar:/home/user/.m2/repository/com/sun/jersey/jersey-json/1.19/jersey-json-1.19.jar:/home/user/.m2/repository/org/codehaus/jettison/jettison/1.1/jettison-1.1.jar:/home/user/.m2/repository/org/codehaus/jackson/jackson-core-asl/1.9.13/jackson-core-asl-1.9.13.jar:/home/user/.m2/repository/org/codehaus/jackson/jackson-mapper-asl/1.9.13/jackson-mapper-asl-1.9.13.jar:/home/user/.m2/repository/org/codehaus/jackson/jackson-jaxrs/1.9.13/jackson-jaxrs-1.9.13.jar:/home/user/.m2/repository/org/codehaus/jackson/jackson-xc/1.9.13/jackson-xc-1.9.13.jar:/home/user/.m2/repository/commons-logging/commons-logging/1.1.3/commons-logging-1.1.3.jar:/home/user/.m2/repository/commons-beanutils/commons-beanutils/1.9.4/commons-beanutils-1.9.4.jar:/home/user/.m2/repository/org/apache/commons/commons-configuration2/2.1.1/commons-configuration2-2.1.1.jar:/home/user/.m2/repository/org/apache/commons/commons-lang3/3.7/commons-lang3-3.7.jar:/home/user/.m2/repository/org/apache/commons/commons-text/1.4/commons-text-1.4.jar:/home/user/.m2/repository/org/apache/avro/avro/1.7.7/avro-1.7.7.jar:/home/user/.m2/repository/com/thoughtworks/paranamer/paranamer/2.3/paranamer-2.3.jar:/home/user/.m2/repository/org/xerial/snappy/snappy-java/1.0.5/snappy-java-1.0.5.jar:/home/user/.m2/repository/com/google/re2j/re2j/1.1/re2j-1.1.jar:/home/user/.m2/repository/com/google/code/gson/gson/2.2.4/gson-2.2.4.jar:/home/user/.m2/repository/com/jcraft/jsch/0.1.54/jsch-0.1.54.jar:/home/user/.m2/repository/org/apache/curator/curator-client/2.12.0/curator-client-2.12.0.jar:/home/user/.m2/repository/org/apache/curator/curator-recipes/2.12.0/curator-recipes-2.12.0.jar:/home/user/.m2/repository/com/google/code/findbugs/jsr305/3.0.0/jsr305-3.0.0.jar:/home/user/.m2/repository/org/apache/htrace/htrace-core4/4.1.0-incubating/htrace-core4-4.1.0-incubating.jar:/home/user/.m2/repository/org/apache/zookeeper/zookeeper/3.4.13/zookeeper-3.4.13.jar:/home/user/.m2/repository/jline/jline/0.9.94/jline-0.9.94.jar:/home/user/.m2/repository/org/apache/yetus/audience-annotations/0.5.0/audience-annotations-0.5.0.jar:/home/user/.m2/repository/org/codehaus/woodstox/stax2-api/3.1.4/stax2-api-3.1.4.jar:/home/user/.m2/repository/com/fasterxml/woodstox/woodstox-core/5.0.3/woodstox-core-5.0.3.jar:/home/user/.m2/repository/dnsjava/dnsjava/2.1.7/dnsjava-2.1.7.jar:/home/user/.m2/repository/org/apache/hadoop/hadoop-hdfs/3.2.0/hadoop-hdfs-3.2.0-tests.jar:/home/user/.m2/repository/org/eclipse/jetty/jetty-util-ajax/9.3.25.v20180904/jetty-util-ajax-9.3.25.v20180904.jar:/home/user/.m2/repository/commons-daemon/commons-daemon/1.0.13/commons-daemon-1.0.13.jar:/home/user/.m2/repository/io/netty/netty/3.10.5.Final/netty-3.10.5.Final.jar:/home/user/.m2/repository/io/netty/netty-all/4.0.52.Final/netty-all-4.0.52.Final.jar:/home/user/.m2/repository/org/fusesource/leveldbjni/leveldbjni-all/1.8/leveldbjni-all-1.8.jar:"/>
    <property name="sun.cpu.endian" value="little"/>
    <property name="user.home" value="/home/user"/>
    <property name="user.language" value="en"/>
    <property name="java.specification.vendor" value="Oracle Corporation"/>
    <property name="java.home" value="/usr/lib/jvm/java-1.8-openjdk/jre"/>
    <property name="java.security.krb5.conf" value="/workdir/hadoop-ozone/integration-test/target/test-classes/krb5.conf"/>
    <property name="basedir" value="/workdir/hadoop-ozone/integration-test"/>
    <property name="file.separator" value="/"/>
    <property name="line.separator" value="&#10;"/>
    <property name="java.vm.specification.vendor" value="Oracle Corporation"/>
    <property name="java.specification.name" value="Java Platform API Specification"/>
    <property name="java.awt.graphicsenv" value="sun.awt.X11GraphicsEnvironment"/>
    <property name="surefire.real.class.path" value="/workdir/hadoop-ozone/integration-test/target/surefire/surefirebooter1573823105496267651.jar"/>
    <property name="hadoop.log.dir" value="/workdir/hadoop-ozone/integration-test/target/log"/>
    <property name="sun.boot.class.path" value="/usr/lib/jvm/java-1.8-openjdk/jre/lib/resources.jar:/usr/lib/jvm/java-1.8-openjdk/jre/lib/rt.jar:/usr/lib/jvm/java-1.8-openjdk/jre/lib/sunrsasign.jar:/usr/lib/jvm/java-1.8-openjdk/jre/lib/jsse.jar:/usr/lib/jvm/java-1.8-openjdk/jre/lib/jce.jar:/usr/lib/jvm/java-1.8-openjdk/jre/lib/charsets.jar:/usr/lib/jvm/java-1.8-openjdk/jre/lib/jfr.jar:/usr/lib/jvm/java-1.8-openjdk/jre/classes"/>
    <property name="sun.management.compiler" value="HotSpot 64-Bit Tiered Compilers"/>
    <property name="java.runtime.version" value="1.8.0_212-b04"/>
    <property name="java.net.preferIPv4Stack" value="true"/>
    <property name="user.name" value="jenkins1000"/>
    <property name="path.separator" value=":"/>
    <property name="java.security.egd" value="file:///dev/urandom"/>
    <property name="os.version" value="3.10.0-957.12.2.el7.x86_64"/>
    <property name="java.endorsed.dirs" value="/usr/lib/jvm/java-1.8-openjdk/jre/lib/endorsed"/>
    <property name="java.runtime.name" value="OpenJDK Runtime Environment"/>
    <property name="file.encoding" value="UTF-8"/>
    <property name="java.vm.name" value="OpenJDK 64-Bit Server VM"/>
    <property name="test.build.webapps" value=""/>
    <property name="localRepository" value="/home/user/.m2/repository"/>
    <property name="java.vendor.url.bug" value="https://icedtea.classpath.org/bugzilla"/>
    <property name="java.io.tmpdir" value="/tmp"/>
    <property name="require.test.libhadoop" value=""/>
    <property name="java.version" value="1.8.0_212"/>
    <property name="user.dir" value="/workdir/hadoop-ozone/integration-test"/>
    <property name="os.arch" value="amd64"/>
    <property name="java.vm.specification.name" value="Java Virtual Machine Specification"/>
    <property name="test.build.classes" value="/workdir/hadoop-ozone/integration-test/target/test-classes"/>
    <property name="java.awt.printerjob" value="sun.print.PSPrinterJob"/>
    <property name="sun.os.patch.level" value="unknown"/>
    <property name="hadoop.tmp.dir" value="/workdir/hadoop-ozone/integration-test/target/tmp"/>
    <property name="java.library.path" value="/usr/lib/jvm/java-1.8-openjdk/jre/lib/amd64/server:/usr/lib/jvm/java-1.8-openjdk/jre/lib/amd64:/usr/lib/jvm/java-1.8-openjdk/jre/../lib/amd64:/workdir/hadoop-ozone/integration-test/target/native/target/usr/local/lib:/workdir/hadoop-ozone/integration-test/../../hadoop-common-project/hadoop-common/target/native/target/usr/local/lib:/usr/java/packages/lib/amd64:/usr/lib64:/lib64:/lib:/usr/lib"/>
    <property name="java.vm.info" value="mixed mode"/>
    <property name="java.vendor" value="IcedTea"/>
    <property name="java.vm.version" value="25.212-b04"/>
    <property name="java.ext.dirs" value="/usr/lib/jvm/java-1.8-openjdk/jre/lib/ext:/usr/java/packages/lib/ext"/>
    <property name="sun.io.unicode.encoding" value="UnicodeLittle"/>
    <property name="java.class.version" value="52.0"/>
  </properties>
  <testcase name="testWatchForCommitWithKeyWrite" classname="org.apache.hadoop.ozone.client.rpc.TestWatchForCommit" time="71.734"/>
  <testcase name="testWatchForCommitWithSmallerTimeoutValue" classname="org.apache.hadoop.ozone.client.rpc.TestWatchForCommit" time="27.81">
    <error message="org.apache.ratis.protocol.RaftRetryFailureException: Failed RaftClientRequest:client-CEA9CE8AA178-&gt;9de54f0b-d70e-4752-94be-cce4a2ae2c62@group-341A1F6D08EB, cid=50, seq=1*, RW, org.apache.hadoop.hdds.scm.XceiverClientRatis$$Lambda$470/1177206467@35d257e4 for 20 attempts with RetryLimited(maxAttempts=20, sleepTime=1000ms)" type="java.util.concurrent.ExecutionException">java.util.concurrent.ExecutionException: org.apache.ratis.protocol.RaftRetryFailureException: Failed RaftClientRequest:client-CEA9CE8AA178->9de54f0b-d70e-4752-94be-cce4a2ae2c62@group-341A1F6D08EB, cid=50, seq=1*, RW, org.apache.hadoop.hdds.scm.XceiverClientRatis$$Lambda$470/1177206467@35d257e4 for 20 attempts with RetryLimited(maxAttempts=20, sleepTime=1000ms)
	at java.util.concurrent.CompletableFuture.reportGet(CompletableFuture.java:357)
	at java.util.concurrent.CompletableFuture.get(CompletableFuture.java:1895)
	at org.apache.hadoop.ozone.client.rpc.TestWatchForCommit.testWatchForCommitWithSmallerTimeoutValue(TestWatchForCommit.java:293)
	at sun.reflect.NativeMethodAccessorImpl.invoke0(Native Method)
	at sun.reflect.NativeMethodAccessorImpl.invoke(NativeMethodAccessorImpl.java:62)
	at sun.reflect.DelegatingMethodAccessorImpl.invoke(DelegatingMethodAccessorImpl.java:43)
	at java.lang.reflect.Method.invoke(Method.java:498)
	at org.junit.runners.model.FrameworkMethod$1.runReflectiveCall(FrameworkMethod.java:47)
	at org.junit.internal.runners.model.ReflectiveCallable.run(ReflectiveCallable.java:12)
	at org.junit.runners.model.FrameworkMethod.invokeExplosively(FrameworkMethod.java:44)
	at org.junit.internal.runners.statements.InvokeMethod.evaluate(InvokeMethod.java:17)
	at org.junit.runners.ParentRunner.runLeaf(ParentRunner.java:271)
	at org.junit.runners.BlockJUnit4ClassRunner.runChild(BlockJUnit4ClassRunner.java:70)
	at org.junit.runners.BlockJUnit4ClassRunner.runChild(BlockJUnit4ClassRunner.java:50)
	at org.junit.runners.ParentRunner$3.run(ParentRunner.java:238)
	at org.junit.runners.ParentRunner$1.schedule(ParentRunner.java:63)
	at org.junit.runners.ParentRunner.runChildren(ParentRunner.java:236)
	at org.junit.runners.ParentRunner.access$000(ParentRunner.java:53)
	at org.junit.runners.ParentRunner$2.evaluate(ParentRunner.java:229)
	at org.junit.runners.ParentRunner.run(ParentRunner.java:309)
	at org.apache.maven.surefire.junit4.JUnit4Provider.execute(JUnit4Provider.java:365)
	at org.apache.maven.surefire.junit4.JUnit4Provider.executeWithRerun(JUnit4Provider.java:273)
	at org.apache.maven.surefire.junit4.JUnit4Provider.executeTestSet(JUnit4Provider.java:238)
	at org.apache.maven.surefire.junit4.JUnit4Provider.invoke(JUnit4Provider.java:159)
	at org.apache.maven.surefire.booter.ForkedBooter.invokeProviderInSameClassLoader(ForkedBooter.java:384)
	at org.apache.maven.surefire.booter.ForkedBooter.runSuitesInProcess(ForkedBooter.java:345)
	at org.apache.maven.surefire.booter.ForkedBooter.execute(ForkedBooter.java:126)
	at org.apache.maven.surefire.booter.ForkedBooter.main(ForkedBooter.java:418)
Caused by: org.apache.ratis.protocol.RaftRetryFailureException: Failed RaftClientRequest:client-CEA9CE8AA178->9de54f0b-d70e-4752-94be-cce4a2ae2c62@group-341A1F6D08EB, cid=50, seq=1*, RW, org.apache.hadoop.hdds.scm.XceiverClientRatis$$Lambda$470/1177206467@35d257e4 for 20 attempts with RetryLimited(maxAttempts=20, sleepTime=1000ms)
	at org.apache.ratis.client.impl.RaftClientImpl.noMoreRetries(RaftClientImpl.java:271)
	at org.apache.ratis.client.impl.OrderedAsync.handleAsyncRetryFailure(OrderedAsync.java:138)
	at org.apache.ratis.client.impl.OrderedAsync.lambda$sendRequest$10(OrderedAsync.java:230)
	at java.util.concurrent.CompletableFuture.uniExceptionally(CompletableFuture.java:870)
	at java.util.concurrent.CompletableFuture$UniExceptionally.tryFire(CompletableFuture.java:852)
	at java.util.concurrent.CompletableFuture.postComplete(CompletableFuture.java:474)
	at java.util.concurrent.CompletableFuture.completeExceptionally(CompletableFuture.java:1977)
	at org.apache.ratis.grpc.client.GrpcClientProtocolClient$AsyncStreamObservers.completeReplyExceptionally(GrpcClientProtocolClient.java:345)
	at org.apache.ratis.grpc.client.GrpcClientProtocolClient$AsyncStreamObservers.access$000(GrpcClientProtocolClient.java:261)
	at org.apache.ratis.grpc.client.GrpcClientProtocolClient$AsyncStreamObservers$1.onNext(GrpcClientProtocolClient.java:273)
	at org.apache.ratis.grpc.client.GrpcClientProtocolClient$AsyncStreamObservers$1.onNext(GrpcClientProtocolClient.java:264)
	at org.apache.ratis.thirdparty.io.grpc.stub.ClientCalls$StreamObserverToCallListenerAdapter.onMessage(ClientCalls.java:421)
	at org.apache.ratis.thirdparty.io.grpc.ForwardingClientCallListener.onMessage(ForwardingClientCallListener.java:33)
	at org.apache.ratis.thirdparty.io.grpc.ForwardingClientCallListener.onMessage(ForwardingClientCallListener.java:33)
	at org.apache.ratis.thirdparty.io.grpc.internal.ClientCallImpl$ClientStreamListenerImpl$1MessagesAvailable.runInContext(ClientCallImpl.java:519)
	at org.apache.ratis.thirdparty.io.grpc.internal.ContextRunnable.run(ContextRunnable.java:37)
	at org.apache.ratis.thirdparty.io.grpc.internal.SerializingExecutor.run(SerializingExecutor.java:123)
	at java.util.concurrent.ThreadPoolExecutor.runWorker(ThreadPoolExecutor.java:1149)
	at java.util.concurrent.ThreadPoolExecutor$Worker.run(ThreadPoolExecutor.java:624)
	at java.lang.Thread.run(Thread.java:748)
Caused by: org.apache.ratis.protocol.NotLeaderException: Server 9de54f0b-d70e-4752-94be-cce4a2ae2c62@group-341A1F6D08EB is not the leader
	at org.apache.ratis.client.impl.ClientProtoUtils.toRaftClientReply(ClientProtoUtils.java:243)
	at org.apache.ratis.grpc.client.GrpcClientProtocolClient$AsyncStreamObservers$1.onNext(GrpcClientProtocolClient.java:269)
	... 10 more
</error>
    <system-out><![CDATA[2019-10-01 06:20:01,834 [main] WARN  server.ServerUtils (ServerUtils.java:getScmDbDir(145)) - ozone.scm.db.dirs is not configured. We recommend adding this setting. Falling back to ozone.metadata.dirs instead.
2019-10-01 06:20:01,882 [main] WARN  server.ServerUtils (ServerUtils.java:getScmDbDir(145)) - ozone.scm.db.dirs is not configured. We recommend adding this setting. Falling back to ozone.metadata.dirs instead.
2019-10-01 06:20:01,882 [main] WARN  server.ServerUtils (ServerUtils.java:getScmDbDir(145)) - ozone.scm.db.dirs is not configured. We recommend adding this setting. Falling back to ozone.metadata.dirs instead.
2019-10-01 06:20:01,883 [main] INFO  db.DBStoreBuilder (DBStoreBuilder.java:addTable(110)) - using custom profile for table: deletedBlocks
2019-10-01 06:20:01,883 [main] INFO  db.DBStoreBuilder (DBStoreBuilder.java:processTables(161)) - Using default column profile:DBProfile.DISK for Table:deletedBlocks
2019-10-01 06:20:01,884 [main] INFO  db.DBStoreBuilder (DBStoreBuilder.java:addTable(110)) - using custom profile for table: validCerts
2019-10-01 06:20:01,884 [main] INFO  db.DBStoreBuilder (DBStoreBuilder.java:processTables(161)) - Using default column profile:DBProfile.DISK for Table:validCerts
2019-10-01 06:20:01,884 [main] INFO  db.DBStoreBuilder (DBStoreBuilder.java:addTable(110)) - using custom profile for table: revokedCerts
2019-10-01 06:20:01,885 [main] INFO  db.DBStoreBuilder (DBStoreBuilder.java:processTables(161)) - Using default column profile:DBProfile.DISK for Table:revokedCerts
2019-10-01 06:20:01,885 [main] INFO  db.DBStoreBuilder (DBStoreBuilder.java:addTable(110)) - using custom profile for table: default
2019-10-01 06:20:01,885 [main] INFO  db.DBStoreBuilder (DBStoreBuilder.java:processTables(167)) - Using default column profile:DBProfile.DISK for Table:default
2019-10-01 06:20:01,886 [main] INFO  db.DBStoreBuilder (DBStoreBuilder.java:getDbProfile(198)) - Using default options. DBProfile.DISK
2019-10-01 06:20:02,243 [main] INFO  net.NodeSchemaLoader (NodeSchemaLoader.java:loadSchemaFromFile(125)) - Loading file from sun.misc.CompoundEnumeration@6587305a
2019-10-01 06:20:02,244 [main] INFO  net.NodeSchemaLoader (NodeSchemaLoader.java:loadSchema(171)) - Loading network topology layer schema file
2019-10-01 06:20:02,249 [main] WARN  server.ServerUtils (ServerUtils.java:sanitizeUserArgs(70)) - ozone.scm.stale.node.interval value = 300000 is larger than max = 100000 based on the key value of ozone.scm.heartbeat.thread.interval, reset to the max value 100000.
2019-10-01 06:20:02,249 [main] WARN  server.ServerUtils (ServerUtils.java:sanitizeUserArgs(70)) - ozone.scm.stale.node.interval value = 300000 is larger than max = 100000 based on the key value of ozone.scm.heartbeat.thread.interval, reset to the max value 100000.
2019-10-01 06:20:02,249 [main] INFO  node.SCMNodeManager (SCMNodeManager.java:<init>(114)) - Entering startup safe mode.
2019-10-01 06:20:02,250 [main] INFO  algorithms.ContainerPlacementPolicyFactory (ContainerPlacementPolicyFactory.java:getPolicy(57)) - Create container placement policy of type org.apache.hadoop.hdds.scm.container.placement.algorithms.SCMContainerPlacementRandom
2019-10-01 06:20:02,251 [main] WARN  server.ServerUtils (ServerUtils.java:getScmDbDir(145)) - ozone.scm.db.dirs is not configured. We recommend adding this setting. Falling back to ozone.metadata.dirs instead.
2019-10-01 06:20:02,436 [main] INFO  pipeline.SCMPipelineManager (SCMPipelineManager.java:initializePipelineState(132)) - No pipeline exists in current db
2019-10-01 06:20:02,436 [main] WARN  server.ServerUtils (ServerUtils.java:getScmDbDir(145)) - ozone.scm.db.dirs is not configured. We recommend adding this setting. Falling back to ozone.metadata.dirs instead.
2019-10-01 06:20:02,574 [main] WARN  events.EventQueue (EventQueue.java:fireEvent(183)) - No event handler registered for event TypedEvent{payloadType=SafeModeStatus, name='SafeModeStatus'}
2019-10-01 06:20:02,575 [main] INFO  ipc.CallQueueManager (CallQueueManager.java:<init>(84)) - Using callQueue: class java.util.concurrent.LinkedBlockingQueue, queueCapacity: 2000, scheduler: class org.apache.hadoop.ipc.DefaultRpcScheduler, ipcBackoff: false.
2019-10-01 06:20:02,576 [Socket Reader #1 for port 39625] INFO  ipc.Server (Server.java:run(1074)) - Starting Socket Reader #1 for port 39625
2019-10-01 06:20:02,578 [main] INFO  ipc.CallQueueManager (CallQueueManager.java:<init>(84)) - Using callQueue: class java.util.concurrent.LinkedBlockingQueue, queueCapacity: 2000, scheduler: class org.apache.hadoop.ipc.DefaultRpcScheduler, ipcBackoff: false.
2019-10-01 06:20:02,579 [Socket Reader #1 for port 39121] INFO  ipc.Server (Server.java:run(1074)) - Starting Socket Reader #1 for port 39121
2019-10-01 06:20:02,581 [main] INFO  ipc.CallQueueManager (CallQueueManager.java:<init>(84)) - Using callQueue: class java.util.concurrent.LinkedBlockingQueue, queueCapacity: 2000, scheduler: class org.apache.hadoop.ipc.DefaultRpcScheduler, ipcBackoff: false.
2019-10-01 06:20:02,582 [Socket Reader #1 for port 36478] INFO  ipc.Server (Server.java:run(1074)) - Starting Socket Reader #1 for port 36478
2019-10-01 06:20:02,586 [main] INFO  hdfs.DFSUtil (DFSUtil.java:httpServerTemplateForNNAndJN(1641)) - Starting Web-server for scm at: http://0.0.0.0:0
2019-10-01 06:20:02,589 [main] INFO  server.AuthenticationFilter (AuthenticationFilter.java:constructSecretProvider(240)) - Unable to initialize FileSignerSecretProvider, falling back to use random secrets.
2019-10-01 06:20:02,590 [main] WARN  http.HttpRequestLog (HttpRequestLog.java:getRequestLog(97)) - Jetty request log can only be enabled using Log4j
2019-10-01 06:20:02,593 [main] INFO  http.HttpServer2 (HttpServer2.java:addGlobalFilter(975)) - Added global filter 'safety' (class=org.apache.hadoop.http.HttpServer2$QuotingInputFilter)
2019-10-01 06:20:02,594 [main] INFO  http.HttpServer2 (HttpServer2.java:addFilter(948)) - Added filter static_user_filter (class=org.apache.hadoop.http.lib.StaticUserWebFilter$StaticUserFilter) to context scm
2019-10-01 06:20:02,594 [main] INFO  http.HttpServer2 (HttpServer2.java:addFilter(958)) - Added filter static_user_filter (class=org.apache.hadoop.http.lib.StaticUserWebFilter$StaticUserFilter) to context static
2019-10-01 06:20:02,594 [main] INFO  http.HttpServer2 (HttpServer2.java:addFilter(958)) - Added filter static_user_filter (class=org.apache.hadoop.http.lib.StaticUserWebFilter$StaticUserFilter) to context logs
2019-10-01 06:20:02,598 [main] INFO  server.StorageContainerManager (StorageContainerManager.java:start(770)) - StorageContainerLocationProtocol RPC server is listening at /0.0.0.0:36478
2019-10-01 06:20:02,601 [main] WARN  impl.MetricsConfig (MetricsConfig.java:loadFirst(134)) - Cannot locate configuration: tried hadoop-metrics2-storagecontainermanager.properties,hadoop-metrics2.properties
2019-10-01 06:20:02,603 [main] INFO  impl.MetricsSystemImpl (MetricsSystemImpl.java:startTimer(374)) - Scheduled Metric snapshot period at 10 second(s).
2019-10-01 06:20:02,603 [main] INFO  impl.MetricsSystemImpl (MetricsSystemImpl.java:start(191)) - StorageContainerManager metrics system started
2019-10-01 06:20:02,666 [main] WARN  impl.MetricsSystemImpl (MetricsSystemImpl.java:register(276)) - Sink prometheus already exists!
2019-10-01 06:20:02,673 [main] INFO  server.SCMClientProtocolServer (SCMClientProtocolServer.java:start(150)) - RPC server for Client  is listening at /0.0.0.0:36478
2019-10-01 06:20:02,674 [IPC Server Responder] INFO  ipc.Server (Server.java:run(1314)) - IPC Server Responder: starting
2019-10-01 06:20:02,674 [IPC Server listener on 36478] INFO  ipc.Server (Server.java:run(1153)) - IPC Server listener on 36478: starting
2019-10-01 06:20:02,677 [main] INFO  server.StorageContainerManager (StorageContainerManager.java:start(780)) - ScmBlockLocationProtocol RPC server is listening at /0.0.0.0:39121
2019-10-01 06:20:02,677 [main] INFO  server.SCMBlockProtocolServer (SCMBlockProtocolServer.java:start(146)) - RPC server for Block Protocol is listening at /0.0.0.0:39121
2019-10-01 06:20:02,677 [IPC Server Responder] INFO  ipc.Server (Server.java:run(1314)) - IPC Server Responder: starting
2019-10-01 06:20:02,678 [IPC Server listener on 39121] INFO  ipc.Server (Server.java:run(1153)) - IPC Server listener on 39121: starting
2019-10-01 06:20:02,681 [main] INFO  server.StorageContainerManager (StorageContainerManager.java:start(784)) - ScmDatanodeProtocl RPC server is listening at /0.0.0.0:39625
2019-10-01 06:20:02,681 [main] INFO  server.SCMDatanodeProtocolServer (SCMDatanodeProtocolServer.java:start(191)) - RPC server for DataNodes is listening at /0.0.0.0:39625
2019-10-01 06:20:02,682 [IPC Server Responder] INFO  ipc.Server (Server.java:run(1314)) - IPC Server Responder: starting
2019-10-01 06:20:02,682 [IPC Server listener on 39625] INFO  ipc.Server (Server.java:run(1153)) - IPC Server listener on 39625: starting
2019-10-01 06:20:02,685 [main] INFO  http.HttpServer2 (HttpServer2.java:bindListener(1191)) - Jetty bound to port 39472
2019-10-01 06:20:02,685 [main] INFO  server.Server (Server.java:doStart(351)) - jetty-9.3.25.v20180904, build timestamp: 2018-09-04T21:11:46Z, git hash: 3ce520221d0240229c862b122d2b06c12a625732
2019-10-01 06:20:02,687 [main] INFO  handler.ContextHandler (ContextHandler.java:doStart(781)) - Started o.e.j.s.ServletContextHandler@34c70b5e{/logs,file:///workdir/hadoop-ozone/integration-test/target/log,AVAILABLE}
2019-10-01 06:20:02,687 [main] INFO  handler.ContextHandler (ContextHandler.java:doStart(781)) - Started o.e.j.s.ServletContextHandler@75156240{/static,file:///workdir/hadoop-ozone/integration-test/target/test-classes/webapps/static,AVAILABLE}
2019-10-01 06:20:02,692 [main] INFO  handler.ContextHandler (ContextHandler.java:doStart(781)) - Started o.e.j.w.WebAppContext@38cedb7d{/,file:///workdir/hadoop-ozone/integration-test/target/test-classes/webapps/scm/,AVAILABLE}{/scm}
2019-10-01 06:20:02,692 [main] INFO  server.AbstractConnector (AbstractConnector.java:doStart(278)) - Started ServerConnector@772caabe{HTTP/1.1,[http/1.1]}{0.0.0.0:39472}
2019-10-01 06:20:02,693 [main] INFO  server.Server (Server.java:doStart(419)) - Started @73016ms
2019-10-01 06:20:02,693 [main] WARN  impl.MetricsSystemImpl (MetricsSystemImpl.java:register(276)) - Sink prometheus already exists!
2019-10-01 06:20:02,693 [main] INFO  server.BaseHttpServer (BaseHttpServer.java:updateConnectorAddress(215)) - HTTP server of SCM is listening at http://0.0.0.0:39472
2019-10-01 06:20:02,694 [main] WARN  server.ServerUtils (ServerUtils.java:getDBPath(222)) - ozone.om.db.dirs is not configured. We recommend adding this setting. Falling back to ozone.metadata.dirs instead.
2019-10-01 06:20:02,694 [org.apache.hadoop.util.JvmPauseMonitor$Monitor@7102ac3e] INFO  util.JvmPauseMonitor (JvmPauseMonitor.java:run(188)) - Starting JVM pause monitor
2019-10-01 06:20:02,728 [main] WARN  server.ServerUtils (ServerUtils.java:getDBPath(222)) - ozone.om.db.dirs is not configured. We recommend adding this setting. Falling back to ozone.metadata.dirs instead.
2019-10-01 06:20:02,728 [main] WARN  server.ServerUtils (ServerUtils.java:getDBPath(222)) - ozone.om.db.dirs is not configured. We recommend adding this setting. Falling back to ozone.metadata.dirs instead.
2019-10-01 06:20:02,729 [main] INFO  om.OzoneManager (OzoneManager.java:setOMNodeDetails(652)) - OM Service ID is not set. Setting it to the default ID: omServiceIdDefault
2019-10-01 06:20:02,729 [main] INFO  om.OzoneManager (OzoneManager.java:setOMNodeDetails(658)) - OM Node ID is not set. Setting it to the OmStorage's OmID: c8a73658-568e-4449-a3bf-e972209d2c3c
2019-10-01 06:20:02,729 [main] INFO  om.OzoneManager (OzoneManager.java:loadOMHAConfigs(609)) - Found matching OM address with OMServiceId: null, OMNodeId: null, RPC Address: localhost:0 and Ratis port: 9872
2019-10-01 06:20:02,738 [main] WARN  server.ServerUtils (ServerUtils.java:getDBPath(222)) - ozone.om.db.dirs is not configured. We recommend adding this setting. Falling back to ozone.metadata.dirs instead.
2019-10-01 06:20:02,738 [main] INFO  db.DBStoreBuilder (DBStoreBuilder.java:addTable(110)) - using custom profile for table: userTable
2019-10-01 06:20:02,738 [main] INFO  db.DBStoreBuilder (DBStoreBuilder.java:processTables(161)) - Using default column profile:DBProfile.DISK for Table:userTable
2019-10-01 06:20:02,739 [main] INFO  db.DBStoreBuilder (DBStoreBuilder.java:addTable(110)) - using custom profile for table: volumeTable
2019-10-01 06:20:02,739 [main] INFO  db.DBStoreBuilder (DBStoreBuilder.java:processTables(161)) - Using default column profile:DBProfile.DISK for Table:volumeTable
2019-10-01 06:20:02,739 [main] INFO  db.DBStoreBuilder (DBStoreBuilder.java:addTable(110)) - using custom profile for table: bucketTable
2019-10-01 06:20:02,739 [main] INFO  db.DBStoreBuilder (DBStoreBuilder.java:processTables(161)) - Using default column profile:DBProfile.DISK for Table:bucketTable
2019-10-01 06:20:02,739 [main] INFO  db.DBStoreBuilder (DBStoreBuilder.java:addTable(110)) - using custom profile for table: keyTable
2019-10-01 06:20:02,739 [main] INFO  db.DBStoreBuilder (DBStoreBuilder.java:processTables(161)) - Using default column profile:DBProfile.DISK for Table:keyTable
2019-10-01 06:20:02,740 [main] INFO  db.DBStoreBuilder (DBStoreBuilder.java:addTable(110)) - using custom profile for table: deletedTable
2019-10-01 06:20:02,740 [main] INFO  db.DBStoreBuilder (DBStoreBuilder.java:processTables(161)) - Using default column profile:DBProfile.DISK for Table:deletedTable
2019-10-01 06:20:02,740 [main] INFO  db.DBStoreBuilder (DBStoreBuilder.java:addTable(110)) - using custom profile for table: openKeyTable
2019-10-01 06:20:02,740 [main] INFO  db.DBStoreBuilder (DBStoreBuilder.java:processTables(161)) - Using default column profile:DBProfile.DISK for Table:openKeyTable
2019-10-01 06:20:02,740 [main] INFO  db.DBStoreBuilder (DBStoreBuilder.java:addTable(110)) - using custom profile for table: s3Table
2019-10-01 06:20:02,740 [main] INFO  db.DBStoreBuilder (DBStoreBuilder.java:processTables(161)) - Using default column profile:DBProfile.DISK for Table:s3Table
2019-10-01 06:20:02,741 [main] INFO  db.DBStoreBuilder (DBStoreBuilder.java:addTable(110)) - using custom profile for table: multipartInfoTable
2019-10-01 06:20:02,741 [main] INFO  db.DBStoreBuilder (DBStoreBuilder.java:processTables(161)) - Using default column profile:DBProfile.DISK for Table:multipartInfoTable
2019-10-01 06:20:02,741 [main] INFO  db.DBStoreBuilder (DBStoreBuilder.java:addTable(110)) - using custom profile for table: dTokenTable
2019-10-01 06:20:02,741 [main] INFO  db.DBStoreBuilder (DBStoreBuilder.java:processTables(161)) - Using default column profile:DBProfile.DISK for Table:dTokenTable
2019-10-01 06:20:02,741 [main] INFO  db.DBStoreBuilder (DBStoreBuilder.java:addTable(110)) - using custom profile for table: s3SecretTable
2019-10-01 06:20:02,741 [main] INFO  db.DBStoreBuilder (DBStoreBuilder.java:processTables(161)) - Using default column profile:DBProfile.DISK for Table:s3SecretTable
2019-10-01 06:20:02,742 [main] INFO  db.DBStoreBuilder (DBStoreBuilder.java:addTable(110)) - using custom profile for table: prefixTable
2019-10-01 06:20:02,742 [main] INFO  db.DBStoreBuilder (DBStoreBuilder.java:processTables(161)) - Using default column profile:DBProfile.DISK for Table:prefixTable
2019-10-01 06:20:02,742 [main] INFO  db.DBStoreBuilder (DBStoreBuilder.java:addTable(110)) - using custom profile for table: default
2019-10-01 06:20:02,742 [main] INFO  db.DBStoreBuilder (DBStoreBuilder.java:processTables(167)) - Using default column profile:DBProfile.DISK for Table:default
2019-10-01 06:20:02,742 [main] INFO  db.DBStoreBuilder (DBStoreBuilder.java:getDbProfile(198)) - Using default options. DBProfile.DISK
2019-10-01 06:20:03,643 [main] INFO  ipc.CallQueueManager (CallQueueManager.java:<init>(84)) - Using callQueue: class java.util.concurrent.LinkedBlockingQueue, queueCapacity: 2000, scheduler: class org.apache.hadoop.ipc.DefaultRpcScheduler, ipcBackoff: false.
2019-10-01 06:20:03,645 [Socket Reader #1 for port 34489] INFO  ipc.Server (Server.java:run(1074)) - Starting Socket Reader #1 for port 34489
2019-10-01 06:20:03,665 [main] INFO  om.OzoneManager (OzoneManager.java:start(1243)) - OzoneManager RPC server is listening at localhost/127.0.0.1:34489
2019-10-01 06:20:03,665 [main] INFO  impl.MetricsSystemImpl (MetricsSystemImpl.java:init(158)) - OzoneManager metrics system started (again)
2019-10-01 06:20:03,667 [IPC Server Responder] INFO  ipc.Server (Server.java:run(1314)) - IPC Server Responder: starting
2019-10-01 06:20:03,667 [IPC Server listener on 34489] INFO  ipc.Server (Server.java:run(1153)) - IPC Server listener on 34489: starting
2019-10-01 06:20:03,671 [main] INFO  hdfs.DFSUtil (DFSUtil.java:httpServerTemplateForNNAndJN(1641)) - Starting Web-server for ozoneManager at: http://0.0.0.0:0
2019-10-01 06:20:03,673 [main] INFO  server.AuthenticationFilter (AuthenticationFilter.java:constructSecretProvider(240)) - Unable to initialize FileSignerSecretProvider, falling back to use random secrets.
2019-10-01 06:20:03,674 [main] WARN  http.HttpRequestLog (HttpRequestLog.java:getRequestLog(97)) - Jetty request log can only be enabled using Log4j
2019-10-01 06:20:03,676 [main] INFO  http.HttpServer2 (HttpServer2.java:addGlobalFilter(975)) - Added global filter 'safety' (class=org.apache.hadoop.http.HttpServer2$QuotingInputFilter)
2019-10-01 06:20:03,676 [main] INFO  http.HttpServer2 (HttpServer2.java:addFilter(948)) - Added filter static_user_filter (class=org.apache.hadoop.http.lib.StaticUserWebFilter$StaticUserFilter) to context ozoneManager
2019-10-01 06:20:03,676 [main] INFO  http.HttpServer2 (HttpServer2.java:addFilter(958)) - Added filter static_user_filter (class=org.apache.hadoop.http.lib.StaticUserWebFilter$StaticUserFilter) to context static
2019-10-01 06:20:03,677 [main] INFO  http.HttpServer2 (HttpServer2.java:addFilter(958)) - Added filter static_user_filter (class=org.apache.hadoop.http.lib.StaticUserWebFilter$StaticUserFilter) to context logs
2019-10-01 06:20:03,677 [main] INFO  http.HttpServer2 (HttpServer2.java:bindListener(1191)) - Jetty bound to port 34485
2019-10-01 06:20:03,677 [main] INFO  server.Server (Server.java:doStart(351)) - jetty-9.3.25.v20180904, build timestamp: 2018-09-04T21:11:46Z, git hash: 3ce520221d0240229c862b122d2b06c12a625732
2019-10-01 06:20:03,679 [main] INFO  handler.ContextHandler (ContextHandler.java:doStart(781)) - Started o.e.j.s.ServletContextHandler@479b5066{/logs,file:///workdir/hadoop-ozone/integration-test/target/log,AVAILABLE}
2019-10-01 06:20:03,680 [main] INFO  handler.ContextHandler (ContextHandler.java:doStart(781)) - Started o.e.j.s.ServletContextHandler@2b1cd7bc{/static,file:///workdir/hadoop-ozone/integration-test/target/test-classes/webapps/static,AVAILABLE}
2019-10-01 06:20:03,683 [main] INFO  handler.ContextHandler (ContextHandler.java:doStart(781)) - Started o.e.j.w.WebAppContext@65fe2691{/,file:///workdir/hadoop-ozone/integration-test/target/test-classes/webapps/ozoneManager/,AVAILABLE}{/ozoneManager}
2019-10-01 06:20:03,684 [main] INFO  server.AbstractConnector (AbstractConnector.java:doStart(278)) - Started ServerConnector@479111ba{HTTP/1.1,[http/1.1]}{0.0.0.0:34485}
2019-10-01 06:20:03,685 [main] INFO  server.Server (Server.java:doStart(419)) - Started @74008ms
2019-10-01 06:20:03,685 [main] WARN  impl.MetricsSystemImpl (MetricsSystemImpl.java:register(276)) - Sink prometheus already exists!
2019-10-01 06:20:03,687 [main] INFO  server.BaseHttpServer (BaseHttpServer.java:updateConnectorAddress(215)) - HTTP server of OZONEMANAGER is listening at http://0.0.0.0:34485
2019-10-01 06:20:03,711 [main] INFO  impl.MetricsSystemImpl (MetricsSystemImpl.java:init(158)) - HddsDatanode metrics system started (again)
2019-10-01 06:20:03,714 [main] INFO  ozone.HddsDatanodeService (HddsDatanodeService.java:start(184)) - HddsDatanodeService host:trunk-nightly-20191001-qpwks-271313263 ip:192.168.30.6
2019-10-01 06:20:03,721 [main] INFO  volume.HddsVolume (HddsVolume.java:<init>(176)) - Creating Volume: /workdir/hadoop-ozone/integration-test/target/test-dir/MiniOzoneClusterImpl-ce5315ad-6793-4ee7-a934-7ca72faf8a61/datanode-0/data/containers/hdds of  storage type : DISK and capacity : 1482555576320
2019-10-01 06:20:03,721 [main] INFO  volume.VolumeSet (VolumeSet.java:initializeVolumeSet(170)) - Added Volume : /workdir/hadoop-ozone/integration-test/target/test-dir/MiniOzoneClusterImpl-ce5315ad-6793-4ee7-a934-7ca72faf8a61/datanode-0/data/containers/hdds to VolumeSet
2019-10-01 06:20:03,722 [main] INFO  volume.ThrottledAsyncChecker (ThrottledAsyncChecker.java:schedule(139)) - Scheduling a check for org.apache.hadoop.ozone.container.common.volume.HddsVolume@32a2a6be
2019-10-01 06:20:03,722 [main] INFO  volume.HddsVolumeChecker (HddsVolumeChecker.java:checkAllVolumes(202)) - Scheduled health check for volume org.apache.hadoop.ozone.container.common.volume.HddsVolume@32a2a6be
2019-10-01 06:20:03,741 [main] INFO  impl.RaftServerProxy (ConfUtils.java:logGet(43)) - raft.rpc.type = GRPC (default)
2019-10-01 06:20:03,742 [main] INFO  grpc.GrpcFactory (GrpcFactory.java:checkPooledByteBufAllocatorUseCacheForAllThreads(45)) - PERFORMANCE WARNING: useCacheForAllThreads is true that may cause Netty to create a lot garbage objects and, as a result, trigger GC.
	It is recommended to disable useCacheForAllThreads by setting -Dorg.apache.ratis.thirdparty.io.netty.allocator.useCacheForAllThreads=false in command line.
2019-10-01 06:20:03,742 [main] INFO  grpc.GrpcConfigKeys$Server (ConfUtils.java:logGet(43)) - raft.grpc.server.port = 0 (default)
2019-10-01 06:20:03,742 [main] INFO  server.GrpcService (ConfUtils.java:logGet(43)) - raft.grpc.message.size.max = 33570816 (custom)
2019-10-01 06:20:03,742 [main] INFO  server.RaftServerConfigKeys (ConfUtils.java:logGet(43)) - raft.server.log.appender.buffer.byte-limit = 33554432 (custom)
2019-10-01 06:20:03,743 [main] INFO  server.GrpcService (ConfUtils.java:logGet(43)) - raft.grpc.flow.control.window = 1MB (=1048576) (default)
2019-10-01 06:20:03,743 [main] INFO  server.RaftServerConfigKeys (ConfUtils.java:logGet(43)) - raft.server.rpc.request.timeout = 3000ms (default)
2019-10-01 06:20:03,744 [main] INFO  server.RaftServerConfigKeys (ConfUtils.java:logGet(43)) - raft.server.storage.dir = [/workdir/hadoop-ozone/integration-test/target/test-dir/MiniOzoneClusterImpl-ce5315ad-6793-4ee7-a934-7ca72faf8a61/datanode-0/data/ratis] (custom)
2019-10-01 06:20:03,746 [main] INFO  hdfs.DFSUtil (DFSUtil.java:httpServerTemplateForNNAndJN(1641)) - Starting Web-server for hddsDatanode at: http://0.0.0.0:0
2019-10-01 06:20:03,748 [main] INFO  server.AuthenticationFilter (AuthenticationFilter.java:constructSecretProvider(240)) - Unable to initialize FileSignerSecretProvider, falling back to use random secrets.
2019-10-01 06:20:03,748 [main] WARN  http.HttpRequestLog (HttpRequestLog.java:getRequestLog(97)) - Jetty request log can only be enabled using Log4j
2019-10-01 06:20:03,750 [main] INFO  http.HttpServer2 (HttpServer2.java:addGlobalFilter(975)) - Added global filter 'safety' (class=org.apache.hadoop.http.HttpServer2$QuotingInputFilter)
2019-10-01 06:20:03,751 [main] INFO  http.HttpServer2 (HttpServer2.java:addFilter(948)) - Added filter static_user_filter (class=org.apache.hadoop.http.lib.StaticUserWebFilter$StaticUserFilter) to context hddsDatanode
2019-10-01 06:20:03,751 [main] INFO  http.HttpServer2 (HttpServer2.java:addFilter(958)) - Added filter static_user_filter (class=org.apache.hadoop.http.lib.StaticUserWebFilter$StaticUserFilter) to context static
2019-10-01 06:20:03,751 [main] INFO  http.HttpServer2 (HttpServer2.java:addFilter(958)) - Added filter static_user_filter (class=org.apache.hadoop.http.lib.StaticUserWebFilter$StaticUserFilter) to context logs
2019-10-01 06:20:03,752 [main] INFO  http.HttpServer2 (HttpServer2.java:bindListener(1191)) - Jetty bound to port 33332
2019-10-01 06:20:03,752 [main] INFO  server.Server (Server.java:doStart(351)) - jetty-9.3.25.v20180904, build timestamp: 2018-09-04T21:11:46Z, git hash: 3ce520221d0240229c862b122d2b06c12a625732
2019-10-01 06:20:03,754 [main] INFO  handler.ContextHandler (ContextHandler.java:doStart(781)) - Started o.e.j.s.ServletContextHandler@2bfaba70{/logs,file:///workdir/hadoop-ozone/integration-test/target/log,AVAILABLE}
2019-10-01 06:20:03,755 [main] INFO  handler.ContextHandler (ContextHandler.java:doStart(781)) - Started o.e.j.s.ServletContextHandler@9301672{/static,jar:file:/home/user/.m2/repository/org/apache/hadoop/hadoop-hdds-container-service/0.5.0-SNAPSHOT/hadoop-hdds-container-service-0.5.0-SNAPSHOT.jar!/webapps/static,AVAILABLE}
2019-10-01 06:20:03,794 [main] INFO  handler.ContextHandler (ContextHandler.java:doStart(781)) - Started o.e.j.w.WebAppContext@7ddd84b5{/,file:///tmp/jetty-0.0.0.0-33332-hddsDatanode-_-any-4107945908544299762.dir/webapp/,AVAILABLE}{/hddsDatanode}
2019-10-01 06:20:03,794 [main] INFO  server.AbstractConnector (AbstractConnector.java:doStart(278)) - Started ServerConnector@73aeef7d{HTTP/1.1,[http/1.1]}{0.0.0.0:33332}
2019-10-01 06:20:03,796 [main] INFO  server.Server (Server.java:doStart(419)) - Started @74119ms
2019-10-01 06:20:03,796 [main] WARN  impl.MetricsSystemImpl (MetricsSystemImpl.java:register(276)) - Sink prometheus already exists!
2019-10-01 06:20:03,797 [main] INFO  server.BaseHttpServer (BaseHttpServer.java:updateConnectorAddress(215)) - HTTP server of HDDSDATANODE is listening at http://0.0.0.0:33332
2019-10-01 06:20:03,797 [main] INFO  impl.MetricsSystemImpl (MetricsSystemImpl.java:init(158)) - HddsDatanode metrics system started (again)
2019-10-01 06:20:03,801 [org.apache.hadoop.util.JvmPauseMonitor$Monitor@1146c217] INFO  util.JvmPauseMonitor (JvmPauseMonitor.java:run(188)) - Starting JVM pause monitor
2019-10-01 06:20:03,802 [main] INFO  ozone.HddsDatanodeService (HddsDatanodeService.java:start(184)) - HddsDatanodeService host:trunk-nightly-20191001-qpwks-271313263 ip:192.168.30.6
2019-10-01 06:20:03,804 [Datanode State Machine Thread - 0] INFO  datanode.InitDatanodeState (InitDatanodeState.java:persistContainerDatanodeDetails(140)) - DatanodeDetails is persisted to /workdir/hadoop-ozone/integration-test/target/test-dir/MiniOzoneClusterImpl-ce5315ad-6793-4ee7-a934-7ca72faf8a61/datanode-0/meta/datanode.id
2019-10-01 06:20:03,808 [main] INFO  volume.HddsVolume (HddsVolume.java:<init>(176)) - Creating Volume: /workdir/hadoop-ozone/integration-test/target/test-dir/MiniOzoneClusterImpl-ce5315ad-6793-4ee7-a934-7ca72faf8a61/datanode-1/data/containers/hdds of  storage type : DISK and capacity : 1482555576320
2019-10-01 06:20:03,808 [main] INFO  volume.VolumeSet (VolumeSet.java:initializeVolumeSet(170)) - Added Volume : /workdir/hadoop-ozone/integration-test/target/test-dir/MiniOzoneClusterImpl-ce5315ad-6793-4ee7-a934-7ca72faf8a61/datanode-1/data/containers/hdds to VolumeSet
2019-10-01 06:20:03,808 [main] INFO  volume.ThrottledAsyncChecker (ThrottledAsyncChecker.java:schedule(139)) - Scheduling a check for org.apache.hadoop.ozone.container.common.volume.HddsVolume@1fbf088b
2019-10-01 06:20:03,809 [main] INFO  volume.HddsVolumeChecker (HddsVolumeChecker.java:checkAllVolumes(202)) - Scheduled health check for volume org.apache.hadoop.ozone.container.common.volume.HddsVolume@1fbf088b
2019-10-01 06:20:03,824 [main] INFO  impl.RaftServerProxy (ConfUtils.java:logGet(43)) - raft.rpc.type = GRPC (default)
2019-10-01 06:20:03,825 [main] INFO  grpc.GrpcFactory (GrpcFactory.java:checkPooledByteBufAllocatorUseCacheForAllThreads(45)) - PERFORMANCE WARNING: useCacheForAllThreads is true that may cause Netty to create a lot garbage objects and, as a result, trigger GC.
	It is recommended to disable useCacheForAllThreads by setting -Dorg.apache.ratis.thirdparty.io.netty.allocator.useCacheForAllThreads=false in command line.
2019-10-01 06:20:03,825 [main] INFO  grpc.GrpcConfigKeys$Server (ConfUtils.java:logGet(43)) - raft.grpc.server.port = 0 (default)
2019-10-01 06:20:03,825 [main] INFO  server.GrpcService (ConfUtils.java:logGet(43)) - raft.grpc.message.size.max = 33570816 (custom)
2019-10-01 06:20:03,825 [main] INFO  server.RaftServerConfigKeys (ConfUtils.java:logGet(43)) - raft.server.log.appender.buffer.byte-limit = 33554432 (custom)
2019-10-01 06:20:03,826 [main] INFO  server.GrpcService (ConfUtils.java:logGet(43)) - raft.grpc.flow.control.window = 1MB (=1048576) (default)
2019-10-01 06:20:03,826 [main] INFO  server.RaftServerConfigKeys (ConfUtils.java:logGet(43)) - raft.server.rpc.request.timeout = 3000ms (default)
2019-10-01 06:20:03,826 [main] INFO  server.RaftServerConfigKeys (ConfUtils.java:logGet(43)) - raft.server.storage.dir = [/workdir/hadoop-ozone/integration-test/target/test-dir/MiniOzoneClusterImpl-ce5315ad-6793-4ee7-a934-7ca72faf8a61/datanode-1/data/ratis] (custom)
2019-10-01 06:20:03,828 [main] INFO  hdfs.DFSUtil (DFSUtil.java:httpServerTemplateForNNAndJN(1641)) - Starting Web-server for hddsDatanode at: http://0.0.0.0:0
2019-10-01 06:20:03,829 [main] INFO  server.AuthenticationFilter (AuthenticationFilter.java:constructSecretProvider(240)) - Unable to initialize FileSignerSecretProvider, falling back to use random secrets.
2019-10-01 06:20:03,830 [main] WARN  http.HttpRequestLog (HttpRequestLog.java:getRequestLog(97)) - Jetty request log can only be enabled using Log4j
2019-10-01 06:20:03,832 [main] INFO  http.HttpServer2 (HttpServer2.java:addGlobalFilter(975)) - Added global filter 'safety' (class=org.apache.hadoop.http.HttpServer2$QuotingInputFilter)
2019-10-01 06:20:03,833 [main] INFO  http.HttpServer2 (HttpServer2.java:addFilter(948)) - Added filter static_user_filter (class=org.apache.hadoop.http.lib.StaticUserWebFilter$StaticUserFilter) to context hddsDatanode
2019-10-01 06:20:03,833 [main] INFO  http.HttpServer2 (HttpServer2.java:addFilter(958)) - Added filter static_user_filter (class=org.apache.hadoop.http.lib.StaticUserWebFilter$StaticUserFilter) to context static
2019-10-01 06:20:03,833 [main] INFO  http.HttpServer2 (HttpServer2.java:addFilter(958)) - Added filter static_user_filter (class=org.apache.hadoop.http.lib.StaticUserWebFilter$StaticUserFilter) to context logs
2019-10-01 06:20:03,834 [main] INFO  http.HttpServer2 (HttpServer2.java:bindListener(1191)) - Jetty bound to port 36859
2019-10-01 06:20:03,834 [main] INFO  server.Server (Server.java:doStart(351)) - jetty-9.3.25.v20180904, build timestamp: 2018-09-04T21:11:46Z, git hash: 3ce520221d0240229c862b122d2b06c12a625732
2019-10-01 06:20:03,836 [main] INFO  handler.ContextHandler (ContextHandler.java:doStart(781)) - Started o.e.j.s.ServletContextHandler@2db1b657{/logs,file:///workdir/hadoop-ozone/integration-test/target/log,AVAILABLE}
2019-10-01 06:20:03,836 [main] INFO  handler.ContextHandler (ContextHandler.java:doStart(781)) - Started o.e.j.s.ServletContextHandler@43c57161{/static,jar:file:/home/user/.m2/repository/org/apache/hadoop/hadoop-hdds-container-service/0.5.0-SNAPSHOT/hadoop-hdds-container-service-0.5.0-SNAPSHOT.jar!/webapps/static,AVAILABLE}
2019-10-01 06:20:03,866 [main] INFO  handler.ContextHandler (ContextHandler.java:doStart(781)) - Started o.e.j.w.WebAppContext@14c93774{/,file:///tmp/jetty-0.0.0.0-36859-hddsDatanode-_-any-4045879359269219217.dir/webapp/,AVAILABLE}{/hddsDatanode}
2019-10-01 06:20:03,866 [main] INFO  server.AbstractConnector (AbstractConnector.java:doStart(278)) - Started ServerConnector@62a68bcb{HTTP/1.1,[http/1.1]}{0.0.0.0:36859}
2019-10-01 06:20:03,867 [main] INFO  server.Server (Server.java:doStart(419)) - Started @74190ms
2019-10-01 06:20:03,868 [main] WARN  impl.MetricsSystemImpl (MetricsSystemImpl.java:register(276)) - Sink prometheus already exists!
2019-10-01 06:20:03,868 [main] INFO  server.BaseHttpServer (BaseHttpServer.java:updateConnectorAddress(215)) - HTTP server of HDDSDATANODE is listening at http://0.0.0.0:36859
2019-10-01 06:20:03,868 [main] INFO  impl.MetricsSystemImpl (MetricsSystemImpl.java:init(158)) - HddsDatanode metrics system started (again)
2019-10-01 06:20:03,872 [org.apache.hadoop.util.JvmPauseMonitor$Monitor@79ccd582] INFO  util.JvmPauseMonitor (JvmPauseMonitor.java:run(188)) - Starting JVM pause monitor
2019-10-01 06:20:03,873 [main] INFO  ozone.HddsDatanodeService (HddsDatanodeService.java:start(184)) - HddsDatanodeService host:trunk-nightly-20191001-qpwks-271313263 ip:192.168.30.6
2019-10-01 06:20:03,874 [Datanode State Machine Thread - 0] INFO  datanode.InitDatanodeState (InitDatanodeState.java:persistContainerDatanodeDetails(140)) - DatanodeDetails is persisted to /workdir/hadoop-ozone/integration-test/target/test-dir/MiniOzoneClusterImpl-ce5315ad-6793-4ee7-a934-7ca72faf8a61/datanode-1/meta/datanode.id
2019-10-01 06:20:03,879 [main] INFO  volume.HddsVolume (HddsVolume.java:<init>(176)) - Creating Volume: /workdir/hadoop-ozone/integration-test/target/test-dir/MiniOzoneClusterImpl-ce5315ad-6793-4ee7-a934-7ca72faf8a61/datanode-2/data/containers/hdds of  storage type : DISK and capacity : 1482555576320
2019-10-01 06:20:03,879 [main] INFO  volume.VolumeSet (VolumeSet.java:initializeVolumeSet(170)) - Added Volume : /workdir/hadoop-ozone/integration-test/target/test-dir/MiniOzoneClusterImpl-ce5315ad-6793-4ee7-a934-7ca72faf8a61/datanode-2/data/containers/hdds to VolumeSet
2019-10-01 06:20:03,879 [main] INFO  volume.ThrottledAsyncChecker (ThrottledAsyncChecker.java:schedule(139)) - Scheduling a check for org.apache.hadoop.ozone.container.common.volume.HddsVolume@6d67f5eb
2019-10-01 06:20:03,880 [main] INFO  volume.HddsVolumeChecker (HddsVolumeChecker.java:checkAllVolumes(202)) - Scheduled health check for volume org.apache.hadoop.ozone.container.common.volume.HddsVolume@6d67f5eb
2019-10-01 06:20:03,893 [main] INFO  impl.RaftServerProxy (ConfUtils.java:logGet(43)) - raft.rpc.type = GRPC (default)
2019-10-01 06:20:03,893 [main] INFO  grpc.GrpcFactory (GrpcFactory.java:checkPooledByteBufAllocatorUseCacheForAllThreads(45)) - PERFORMANCE WARNING: useCacheForAllThreads is true that may cause Netty to create a lot garbage objects and, as a result, trigger GC.
	It is recommended to disable useCacheForAllThreads by setting -Dorg.apache.ratis.thirdparty.io.netty.allocator.useCacheForAllThreads=false in command line.
2019-10-01 06:20:03,894 [main] INFO  grpc.GrpcConfigKeys$Server (ConfUtils.java:logGet(43)) - raft.grpc.server.port = 0 (default)
2019-10-01 06:20:03,894 [main] INFO  server.GrpcService (ConfUtils.java:logGet(43)) - raft.grpc.message.size.max = 33570816 (custom)
2019-10-01 06:20:03,894 [main] INFO  server.RaftServerConfigKeys (ConfUtils.java:logGet(43)) - raft.server.log.appender.buffer.byte-limit = 33554432 (custom)
2019-10-01 06:20:03,894 [main] INFO  server.GrpcService (ConfUtils.java:logGet(43)) - raft.grpc.flow.control.window = 1MB (=1048576) (default)
2019-10-01 06:20:03,894 [main] INFO  server.RaftServerConfigKeys (ConfUtils.java:logGet(43)) - raft.server.rpc.request.timeout = 3000ms (default)
2019-10-01 06:20:03,895 [main] INFO  server.RaftServerConfigKeys (ConfUtils.java:logGet(43)) - raft.server.storage.dir = [/workdir/hadoop-ozone/integration-test/target/test-dir/MiniOzoneClusterImpl-ce5315ad-6793-4ee7-a934-7ca72faf8a61/datanode-2/data/ratis] (custom)
2019-10-01 06:20:03,896 [main] INFO  hdfs.DFSUtil (DFSUtil.java:httpServerTemplateForNNAndJN(1641)) - Starting Web-server for hddsDatanode at: http://0.0.0.0:0
2019-10-01 06:20:03,898 [main] INFO  server.AuthenticationFilter (AuthenticationFilter.java:constructSecretProvider(240)) - Unable to initialize FileSignerSecretProvider, falling back to use random secrets.
2019-10-01 06:20:03,898 [main] WARN  http.HttpRequestLog (HttpRequestLog.java:getRequestLog(97)) - Jetty request log can only be enabled using Log4j
2019-10-01 06:20:03,899 [main] INFO  http.HttpServer2 (HttpServer2.java:addGlobalFilter(975)) - Added global filter 'safety' (class=org.apache.hadoop.http.HttpServer2$QuotingInputFilter)
2019-10-01 06:20:03,901 [main] INFO  http.HttpServer2 (HttpServer2.java:addFilter(948)) - Added filter static_user_filter (class=org.apache.hadoop.http.lib.StaticUserWebFilter$StaticUserFilter) to context hddsDatanode
2019-10-01 06:20:03,901 [main] INFO  http.HttpServer2 (HttpServer2.java:addFilter(958)) - Added filter static_user_filter (class=org.apache.hadoop.http.lib.StaticUserWebFilter$StaticUserFilter) to context static
2019-10-01 06:20:03,901 [main] INFO  http.HttpServer2 (HttpServer2.java:addFilter(958)) - Added filter static_user_filter (class=org.apache.hadoop.http.lib.StaticUserWebFilter$StaticUserFilter) to context logs
2019-10-01 06:20:03,902 [main] INFO  http.HttpServer2 (HttpServer2.java:bindListener(1191)) - Jetty bound to port 39023
2019-10-01 06:20:03,902 [main] INFO  server.Server (Server.java:doStart(351)) - jetty-9.3.25.v20180904, build timestamp: 2018-09-04T21:11:46Z, git hash: 3ce520221d0240229c862b122d2b06c12a625732
2019-10-01 06:20:03,904 [main] INFO  handler.ContextHandler (ContextHandler.java:doStart(781)) - Started o.e.j.s.ServletContextHandler@1642eeae{/logs,file:///workdir/hadoop-ozone/integration-test/target/log,AVAILABLE}
2019-10-01 06:20:03,904 [main] INFO  handler.ContextHandler (ContextHandler.java:doStart(781)) - Started o.e.j.s.ServletContextHandler@28a9494b{/static,jar:file:/home/user/.m2/repository/org/apache/hadoop/hadoop-hdds-container-service/0.5.0-SNAPSHOT/hadoop-hdds-container-service-0.5.0-SNAPSHOT.jar!/webapps/static,AVAILABLE}
2019-10-01 06:20:03,931 [main] INFO  handler.ContextHandler (ContextHandler.java:doStart(781)) - Started o.e.j.w.WebAppContext@4cad79bc{/,file:///tmp/jetty-0.0.0.0-39023-hddsDatanode-_-any-5417198184436653464.dir/webapp/,AVAILABLE}{/hddsDatanode}
2019-10-01 06:20:03,931 [main] INFO  server.AbstractConnector (AbstractConnector.java:doStart(278)) - Started ServerConnector@2c63762b{HTTP/1.1,[http/1.1]}{0.0.0.0:39023}
2019-10-01 06:20:03,933 [main] INFO  server.Server (Server.java:doStart(419)) - Started @74256ms
2019-10-01 06:20:03,933 [main] WARN  impl.MetricsSystemImpl (MetricsSystemImpl.java:register(276)) - Sink prometheus already exists!
2019-10-01 06:20:03,933 [main] INFO  server.BaseHttpServer (BaseHttpServer.java:updateConnectorAddress(215)) - HTTP server of HDDSDATANODE is listening at http://0.0.0.0:39023
2019-10-01 06:20:03,934 [main] INFO  impl.MetricsSystemImpl (MetricsSystemImpl.java:init(158)) - HddsDatanode metrics system started (again)
2019-10-01 06:20:03,936 [org.apache.hadoop.util.JvmPauseMonitor$Monitor@41e6af42] INFO  util.JvmPauseMonitor (JvmPauseMonitor.java:run(188)) - Starting JVM pause monitor
2019-10-01 06:20:03,938 [main] INFO  ozone.HddsDatanodeService (HddsDatanodeService.java:start(184)) - HddsDatanodeService host:trunk-nightly-20191001-qpwks-271313263 ip:192.168.30.6
2019-10-01 06:20:03,938 [Datanode State Machine Thread - 0] INFO  datanode.InitDatanodeState (InitDatanodeState.java:persistContainerDatanodeDetails(140)) - DatanodeDetails is persisted to /workdir/hadoop-ozone/integration-test/target/test-dir/MiniOzoneClusterImpl-ce5315ad-6793-4ee7-a934-7ca72faf8a61/datanode-2/meta/datanode.id
2019-10-01 06:20:03,943 [main] INFO  volume.HddsVolume (HddsVolume.java:<init>(176)) - Creating Volume: /workdir/hadoop-ozone/integration-test/target/test-dir/MiniOzoneClusterImpl-ce5315ad-6793-4ee7-a934-7ca72faf8a61/datanode-3/data/containers/hdds of  storage type : DISK and capacity : 1482555576320
2019-10-01 06:20:03,943 [main] INFO  volume.VolumeSet (VolumeSet.java:initializeVolumeSet(170)) - Added Volume : /workdir/hadoop-ozone/integration-test/target/test-dir/MiniOzoneClusterImpl-ce5315ad-6793-4ee7-a934-7ca72faf8a61/datanode-3/data/containers/hdds to VolumeSet
2019-10-01 06:20:03,944 [main] INFO  volume.ThrottledAsyncChecker (ThrottledAsyncChecker.java:schedule(139)) - Scheduling a check for org.apache.hadoop.ozone.container.common.volume.HddsVolume@69d3cf7e
2019-10-01 06:20:03,944 [main] INFO  volume.HddsVolumeChecker (HddsVolumeChecker.java:checkAllVolumes(202)) - Scheduled health check for volume org.apache.hadoop.ozone.container.common.volume.HddsVolume@69d3cf7e
2019-10-01 06:20:04,173 [main] INFO  impl.RaftServerProxy (ConfUtils.java:logGet(43)) - raft.rpc.type = GRPC (default)
2019-10-01 06:20:04,173 [main] INFO  grpc.GrpcFactory (GrpcFactory.java:checkPooledByteBufAllocatorUseCacheForAllThreads(45)) - PERFORMANCE WARNING: useCacheForAllThreads is true that may cause Netty to create a lot garbage objects and, as a result, trigger GC.
	It is recommended to disable useCacheForAllThreads by setting -Dorg.apache.ratis.thirdparty.io.netty.allocator.useCacheForAllThreads=false in command line.
2019-10-01 06:20:04,174 [main] INFO  grpc.GrpcConfigKeys$Server (ConfUtils.java:logGet(43)) - raft.grpc.server.port = 0 (default)
2019-10-01 06:20:04,174 [main] INFO  server.GrpcService (ConfUtils.java:logGet(43)) - raft.grpc.message.size.max = 33570816 (custom)
2019-10-01 06:20:04,174 [main] INFO  server.RaftServerConfigKeys (ConfUtils.java:logGet(43)) - raft.server.log.appender.buffer.byte-limit = 33554432 (custom)
2019-10-01 06:20:04,175 [main] INFO  server.GrpcService (ConfUtils.java:logGet(43)) - raft.grpc.flow.control.window = 1MB (=1048576) (default)
2019-10-01 06:20:04,175 [main] INFO  server.RaftServerConfigKeys (ConfUtils.java:logGet(43)) - raft.server.rpc.request.timeout = 3000ms (default)
2019-10-01 06:20:04,197 [main] INFO  server.RaftServerConfigKeys (ConfUtils.java:logGet(43)) - raft.server.storage.dir = [/workdir/hadoop-ozone/integration-test/target/test-dir/MiniOzoneClusterImpl-ce5315ad-6793-4ee7-a934-7ca72faf8a61/datanode-3/data/ratis] (custom)
2019-10-01 06:20:04,199 [main] INFO  hdfs.DFSUtil (DFSUtil.java:httpServerTemplateForNNAndJN(1641)) - Starting Web-server for hddsDatanode at: http://0.0.0.0:0
2019-10-01 06:20:04,201 [main] INFO  server.AuthenticationFilter (AuthenticationFilter.java:constructSecretProvider(240)) - Unable to initialize FileSignerSecretProvider, falling back to use random secrets.
2019-10-01 06:20:04,201 [main] WARN  http.HttpRequestLog (HttpRequestLog.java:getRequestLog(97)) - Jetty request log can only be enabled using Log4j
2019-10-01 06:20:04,203 [main] INFO  http.HttpServer2 (HttpServer2.java:addGlobalFilter(975)) - Added global filter 'safety' (class=org.apache.hadoop.http.HttpServer2$QuotingInputFilter)
2019-10-01 06:20:04,203 [main] INFO  http.HttpServer2 (HttpServer2.java:addFilter(948)) - Added filter static_user_filter (class=org.apache.hadoop.http.lib.StaticUserWebFilter$StaticUserFilter) to context hddsDatanode
2019-10-01 06:20:04,203 [main] INFO  http.HttpServer2 (HttpServer2.java:addFilter(958)) - Added filter static_user_filter (class=org.apache.hadoop.http.lib.StaticUserWebFilter$StaticUserFilter) to context static
2019-10-01 06:20:04,203 [main] INFO  http.HttpServer2 (HttpServer2.java:addFilter(958)) - Added filter static_user_filter (class=org.apache.hadoop.http.lib.StaticUserWebFilter$StaticUserFilter) to context logs
2019-10-01 06:20:04,204 [main] INFO  http.HttpServer2 (HttpServer2.java:bindListener(1191)) - Jetty bound to port 45768
2019-10-01 06:20:04,204 [main] INFO  server.Server (Server.java:doStart(351)) - jetty-9.3.25.v20180904, build timestamp: 2018-09-04T21:11:46Z, git hash: 3ce520221d0240229c862b122d2b06c12a625732
2019-10-01 06:20:04,206 [main] INFO  handler.ContextHandler (ContextHandler.java:doStart(781)) - Started o.e.j.s.ServletContextHandler@68dd39d2{/logs,file:///workdir/hadoop-ozone/integration-test/target/log,AVAILABLE}
2019-10-01 06:20:04,206 [main] INFO  handler.ContextHandler (ContextHandler.java:doStart(781)) - Started o.e.j.s.ServletContextHandler@60e3c26e{/static,jar:file:/home/user/.m2/repository/org/apache/hadoop/hadoop-hdds-container-service/0.5.0-SNAPSHOT/hadoop-hdds-container-service-0.5.0-SNAPSHOT.jar!/webapps/static,AVAILABLE}
2019-10-01 06:20:04,232 [main] INFO  handler.ContextHandler (ContextHandler.java:doStart(781)) - Started o.e.j.w.WebAppContext@e95595b{/,file:///tmp/jetty-0.0.0.0-45768-hddsDatanode-_-any-3734666591934297345.dir/webapp/,AVAILABLE}{/hddsDatanode}
2019-10-01 06:20:04,232 [main] INFO  server.AbstractConnector (AbstractConnector.java:doStart(278)) - Started ServerConnector@5a917723{HTTP/1.1,[http/1.1]}{0.0.0.0:45768}
2019-10-01 06:20:04,234 [main] INFO  server.Server (Server.java:doStart(419)) - Started @74557ms
2019-10-01 06:20:04,234 [main] WARN  impl.MetricsSystemImpl (MetricsSystemImpl.java:register(276)) - Sink prometheus already exists!
2019-10-01 06:20:04,235 [main] INFO  server.BaseHttpServer (BaseHttpServer.java:updateConnectorAddress(215)) - HTTP server of HDDSDATANODE is listening at http://0.0.0.0:45768
2019-10-01 06:20:04,235 [main] INFO  impl.MetricsSystemImpl (MetricsSystemImpl.java:init(158)) - HddsDatanode metrics system started (again)
2019-10-01 06:20:04,239 [org.apache.hadoop.util.JvmPauseMonitor$Monitor@7638db4f] INFO  util.JvmPauseMonitor (JvmPauseMonitor.java:run(188)) - Starting JVM pause monitor
2019-10-01 06:20:04,242 [main] INFO  ozone.HddsDatanodeService (HddsDatanodeService.java:start(184)) - HddsDatanodeService host:trunk-nightly-20191001-qpwks-271313263 ip:192.168.30.6
2019-10-01 06:20:04,243 [Datanode State Machine Thread - 0] INFO  datanode.InitDatanodeState (InitDatanodeState.java:persistContainerDatanodeDetails(140)) - DatanodeDetails is persisted to /workdir/hadoop-ozone/integration-test/target/test-dir/MiniOzoneClusterImpl-ce5315ad-6793-4ee7-a934-7ca72faf8a61/datanode-3/meta/datanode.id
2019-10-01 06:20:04,249 [main] INFO  volume.HddsVolume (HddsVolume.java:<init>(176)) - Creating Volume: /workdir/hadoop-ozone/integration-test/target/test-dir/MiniOzoneClusterImpl-ce5315ad-6793-4ee7-a934-7ca72faf8a61/datanode-4/data/containers/hdds of  storage type : DISK and capacity : 1482555576320
2019-10-01 06:20:04,250 [main] INFO  volume.VolumeSet (VolumeSet.java:initializeVolumeSet(170)) - Added Volume : /workdir/hadoop-ozone/integration-test/target/test-dir/MiniOzoneClusterImpl-ce5315ad-6793-4ee7-a934-7ca72faf8a61/datanode-4/data/containers/hdds to VolumeSet
2019-10-01 06:20:04,250 [main] INFO  volume.ThrottledAsyncChecker (ThrottledAsyncChecker.java:schedule(139)) - Scheduling a check for org.apache.hadoop.ozone.container.common.volume.HddsVolume@1c067c0d
2019-10-01 06:20:04,251 [main] INFO  volume.HddsVolumeChecker (HddsVolumeChecker.java:checkAllVolumes(202)) - Scheduled health check for volume org.apache.hadoop.ozone.container.common.volume.HddsVolume@1c067c0d
2019-10-01 06:20:04,273 [main] INFO  impl.RaftServerProxy (ConfUtils.java:logGet(43)) - raft.rpc.type = GRPC (default)
2019-10-01 06:20:04,274 [main] INFO  grpc.GrpcFactory (GrpcFactory.java:checkPooledByteBufAllocatorUseCacheForAllThreads(45)) - PERFORMANCE WARNING: useCacheForAllThreads is true that may cause Netty to create a lot garbage objects and, as a result, trigger GC.
	It is recommended to disable useCacheForAllThreads by setting -Dorg.apache.ratis.thirdparty.io.netty.allocator.useCacheForAllThreads=false in command line.
2019-10-01 06:20:04,274 [main] INFO  grpc.GrpcConfigKeys$Server (ConfUtils.java:logGet(43)) - raft.grpc.server.port = 0 (default)
2019-10-01 06:20:04,274 [main] INFO  server.GrpcService (ConfUtils.java:logGet(43)) - raft.grpc.message.size.max = 33570816 (custom)
2019-10-01 06:20:04,274 [main] INFO  server.RaftServerConfigKeys (ConfUtils.java:logGet(43)) - raft.server.log.appender.buffer.byte-limit = 33554432 (custom)
2019-10-01 06:20:04,275 [main] INFO  server.GrpcService (ConfUtils.java:logGet(43)) - raft.grpc.flow.control.window = 1MB (=1048576) (default)
2019-10-01 06:20:04,275 [main] INFO  server.RaftServerConfigKeys (ConfUtils.java:logGet(43)) - raft.server.rpc.request.timeout = 3000ms (default)
2019-10-01 06:20:04,276 [main] INFO  server.RaftServerConfigKeys (ConfUtils.java:logGet(43)) - raft.server.storage.dir = [/workdir/hadoop-ozone/integration-test/target/test-dir/MiniOzoneClusterImpl-ce5315ad-6793-4ee7-a934-7ca72faf8a61/datanode-4/data/ratis] (custom)
2019-10-01 06:20:04,277 [main] INFO  hdfs.DFSUtil (DFSUtil.java:httpServerTemplateForNNAndJN(1641)) - Starting Web-server for hddsDatanode at: http://0.0.0.0:0
2019-10-01 06:20:04,279 [main] INFO  server.AuthenticationFilter (AuthenticationFilter.java:constructSecretProvider(240)) - Unable to initialize FileSignerSecretProvider, falling back to use random secrets.
2019-10-01 06:20:04,279 [main] WARN  http.HttpRequestLog (HttpRequestLog.java:getRequestLog(97)) - Jetty request log can only be enabled using Log4j
2019-10-01 06:20:04,281 [main] INFO  http.HttpServer2 (HttpServer2.java:addGlobalFilter(975)) - Added global filter 'safety' (class=org.apache.hadoop.http.HttpServer2$QuotingInputFilter)
2019-10-01 06:20:04,281 [main] INFO  http.HttpServer2 (HttpServer2.java:addFilter(948)) - Added filter static_user_filter (class=org.apache.hadoop.http.lib.StaticUserWebFilter$StaticUserFilter) to context hddsDatanode
2019-10-01 06:20:04,282 [main] INFO  http.HttpServer2 (HttpServer2.java:addFilter(958)) - Added filter static_user_filter (class=org.apache.hadoop.http.lib.StaticUserWebFilter$StaticUserFilter) to context static
2019-10-01 06:20:04,282 [main] INFO  http.HttpServer2 (HttpServer2.java:addFilter(958)) - Added filter static_user_filter (class=org.apache.hadoop.http.lib.StaticUserWebFilter$StaticUserFilter) to context logs
2019-10-01 06:20:04,283 [main] INFO  http.HttpServer2 (HttpServer2.java:bindListener(1191)) - Jetty bound to port 44155
2019-10-01 06:20:04,283 [main] INFO  server.Server (Server.java:doStart(351)) - jetty-9.3.25.v20180904, build timestamp: 2018-09-04T21:11:46Z, git hash: 3ce520221d0240229c862b122d2b06c12a625732
2019-10-01 06:20:04,285 [main] INFO  handler.ContextHandler (ContextHandler.java:doStart(781)) - Started o.e.j.s.ServletContextHandler@3ddb774f{/logs,file:///workdir/hadoop-ozone/integration-test/target/log,AVAILABLE}
2019-10-01 06:20:04,286 [main] INFO  handler.ContextHandler (ContextHandler.java:doStart(781)) - Started o.e.j.s.ServletContextHandler@70721c12{/static,jar:file:/home/user/.m2/repository/org/apache/hadoop/hadoop-hdds-container-service/0.5.0-SNAPSHOT/hadoop-hdds-container-service-0.5.0-SNAPSHOT.jar!/webapps/static,AVAILABLE}
2019-10-01 06:20:04,319 [main] INFO  handler.ContextHandler (ContextHandler.java:doStart(781)) - Started o.e.j.w.WebAppContext@32bb0072{/,file:///tmp/jetty-0.0.0.0-44155-hddsDatanode-_-any-1094791202008596699.dir/webapp/,AVAILABLE}{/hddsDatanode}
2019-10-01 06:20:04,320 [main] INFO  server.AbstractConnector (AbstractConnector.java:doStart(278)) - Started ServerConnector@467233e4{HTTP/1.1,[http/1.1]}{0.0.0.0:44155}
2019-10-01 06:20:04,321 [main] INFO  server.Server (Server.java:doStart(419)) - Started @74644ms
2019-10-01 06:20:04,321 [main] WARN  impl.MetricsSystemImpl (MetricsSystemImpl.java:register(276)) - Sink prometheus already exists!
2019-10-01 06:20:04,322 [main] INFO  server.BaseHttpServer (BaseHttpServer.java:updateConnectorAddress(215)) - HTTP server of HDDSDATANODE is listening at http://0.0.0.0:44155
2019-10-01 06:20:04,322 [main] INFO  impl.MetricsSystemImpl (MetricsSystemImpl.java:init(158)) - HddsDatanode metrics system started (again)
2019-10-01 06:20:04,325 [org.apache.hadoop.util.JvmPauseMonitor$Monitor@6497a67b] INFO  util.JvmPauseMonitor (JvmPauseMonitor.java:run(188)) - Starting JVM pause monitor
2019-10-01 06:20:04,327 [Datanode State Machine Thread - 0] INFO  datanode.InitDatanodeState (InitDatanodeState.java:persistContainerDatanodeDetails(140)) - DatanodeDetails is persisted to /workdir/hadoop-ozone/integration-test/target/test-dir/MiniOzoneClusterImpl-ce5315ad-6793-4ee7-a934-7ca72faf8a61/datanode-4/meta/datanode.id
2019-10-01 06:20:04,328 [main] INFO  ozone.HddsDatanodeService (HddsDatanodeService.java:start(184)) - HddsDatanodeService host:trunk-nightly-20191001-qpwks-271313263 ip:192.168.30.6
2019-10-01 06:20:04,335 [main] INFO  volume.HddsVolume (HddsVolume.java:<init>(176)) - Creating Volume: /workdir/hadoop-ozone/integration-test/target/test-dir/MiniOzoneClusterImpl-ce5315ad-6793-4ee7-a934-7ca72faf8a61/datanode-5/data/containers/hdds of  storage type : DISK and capacity : 1482555576320
2019-10-01 06:20:04,335 [main] INFO  volume.VolumeSet (VolumeSet.java:initializeVolumeSet(170)) - Added Volume : /workdir/hadoop-ozone/integration-test/target/test-dir/MiniOzoneClusterImpl-ce5315ad-6793-4ee7-a934-7ca72faf8a61/datanode-5/data/containers/hdds to VolumeSet
2019-10-01 06:20:04,335 [main] INFO  volume.ThrottledAsyncChecker (ThrottledAsyncChecker.java:schedule(139)) - Scheduling a check for org.apache.hadoop.ozone.container.common.volume.HddsVolume@60aec68a
2019-10-01 06:20:04,336 [main] INFO  volume.HddsVolumeChecker (HddsVolumeChecker.java:checkAllVolumes(202)) - Scheduled health check for volume org.apache.hadoop.ozone.container.common.volume.HddsVolume@60aec68a
2019-10-01 06:20:04,351 [main] INFO  impl.RaftServerProxy (ConfUtils.java:logGet(43)) - raft.rpc.type = GRPC (default)
2019-10-01 06:20:04,351 [main] INFO  grpc.GrpcFactory (GrpcFactory.java:checkPooledByteBufAllocatorUseCacheForAllThreads(45)) - PERFORMANCE WARNING: useCacheForAllThreads is true that may cause Netty to create a lot garbage objects and, as a result, trigger GC.
	It is recommended to disable useCacheForAllThreads by setting -Dorg.apache.ratis.thirdparty.io.netty.allocator.useCacheForAllThreads=false in command line.
2019-10-01 06:20:04,351 [main] INFO  grpc.GrpcConfigKeys$Server (ConfUtils.java:logGet(43)) - raft.grpc.server.port = 0 (default)
2019-10-01 06:20:04,351 [main] INFO  server.GrpcService (ConfUtils.java:logGet(43)) - raft.grpc.message.size.max = 33570816 (custom)
2019-10-01 06:20:04,352 [main] INFO  server.RaftServerConfigKeys (ConfUtils.java:logGet(43)) - raft.server.log.appender.buffer.byte-limit = 33554432 (custom)
2019-10-01 06:20:04,352 [main] INFO  server.GrpcService (ConfUtils.java:logGet(43)) - raft.grpc.flow.control.window = 1MB (=1048576) (default)
2019-10-01 06:20:04,352 [main] INFO  server.RaftServerConfigKeys (ConfUtils.java:logGet(43)) - raft.server.rpc.request.timeout = 3000ms (default)
2019-10-01 06:20:04,353 [main] INFO  server.RaftServerConfigKeys (ConfUtils.java:logGet(43)) - raft.server.storage.dir = [/workdir/hadoop-ozone/integration-test/target/test-dir/MiniOzoneClusterImpl-ce5315ad-6793-4ee7-a934-7ca72faf8a61/datanode-5/data/ratis] (custom)
2019-10-01 06:20:04,354 [main] INFO  hdfs.DFSUtil (DFSUtil.java:httpServerTemplateForNNAndJN(1641)) - Starting Web-server for hddsDatanode at: http://0.0.0.0:0
2019-10-01 06:20:04,355 [main] INFO  server.AuthenticationFilter (AuthenticationFilter.java:constructSecretProvider(240)) - Unable to initialize FileSignerSecretProvider, falling back to use random secrets.
2019-10-01 06:20:04,355 [main] WARN  http.HttpRequestLog (HttpRequestLog.java:getRequestLog(97)) - Jetty request log can only be enabled using Log4j
2019-10-01 06:20:04,357 [main] INFO  http.HttpServer2 (HttpServer2.java:addGlobalFilter(975)) - Added global filter 'safety' (class=org.apache.hadoop.http.HttpServer2$QuotingInputFilter)
2019-10-01 06:20:04,357 [main] INFO  http.HttpServer2 (HttpServer2.java:addFilter(948)) - Added filter static_user_filter (class=org.apache.hadoop.http.lib.StaticUserWebFilter$StaticUserFilter) to context hddsDatanode
2019-10-01 06:20:04,357 [main] INFO  http.HttpServer2 (HttpServer2.java:addFilter(958)) - Added filter static_user_filter (class=org.apache.hadoop.http.lib.StaticUserWebFilter$StaticUserFilter) to context logs
2019-10-01 06:20:04,357 [main] INFO  http.HttpServer2 (HttpServer2.java:addFilter(958)) - Added filter static_user_filter (class=org.apache.hadoop.http.lib.StaticUserWebFilter$StaticUserFilter) to context static
2019-10-01 06:20:04,358 [main] INFO  http.HttpServer2 (HttpServer2.java:bindListener(1191)) - Jetty bound to port 35193
2019-10-01 06:20:04,358 [main] INFO  server.Server (Server.java:doStart(351)) - jetty-9.3.25.v20180904, build timestamp: 2018-09-04T21:11:46Z, git hash: 3ce520221d0240229c862b122d2b06c12a625732
2019-10-01 06:20:04,360 [main] INFO  handler.ContextHandler (ContextHandler.java:doStart(781)) - Started o.e.j.s.ServletContextHandler@3e05586b{/logs,file:///workdir/hadoop-ozone/integration-test/target/log,AVAILABLE}
2019-10-01 06:20:04,360 [main] INFO  handler.ContextHandler (ContextHandler.java:doStart(781)) - Started o.e.j.s.ServletContextHandler@45545e7a{/static,jar:file:/home/user/.m2/repository/org/apache/hadoop/hadoop-hdds-container-service/0.5.0-SNAPSHOT/hadoop-hdds-container-service-0.5.0-SNAPSHOT.jar!/webapps/static,AVAILABLE}
2019-10-01 06:20:04,386 [main] INFO  handler.ContextHandler (ContextHandler.java:doStart(781)) - Started o.e.j.w.WebAppContext@65afeb6d{/,file:///tmp/jetty-0.0.0.0-35193-hddsDatanode-_-any-364670737838265004.dir/webapp/,AVAILABLE}{/hddsDatanode}
2019-10-01 06:20:04,387 [main] INFO  server.AbstractConnector (AbstractConnector.java:doStart(278)) - Started ServerConnector@6723610b{HTTP/1.1,[http/1.1]}{0.0.0.0:35193}
2019-10-01 06:20:04,388 [main] INFO  server.Server (Server.java:doStart(419)) - Started @74711ms
2019-10-01 06:20:04,388 [main] WARN  impl.MetricsSystemImpl (MetricsSystemImpl.java:register(276)) - Sink prometheus already exists!
2019-10-01 06:20:04,388 [main] INFO  server.BaseHttpServer (BaseHttpServer.java:updateConnectorAddress(215)) - HTTP server of HDDSDATANODE is listening at http://0.0.0.0:35193
2019-10-01 06:20:04,388 [main] INFO  impl.MetricsSystemImpl (MetricsSystemImpl.java:init(158)) - HddsDatanode metrics system started (again)
2019-10-01 06:20:04,393 [org.apache.hadoop.util.JvmPauseMonitor$Monitor@6babbe42] INFO  util.JvmPauseMonitor (JvmPauseMonitor.java:run(188)) - Starting JVM pause monitor
2019-10-01 06:20:04,394 [main] INFO  ozone.HddsDatanodeService (HddsDatanodeService.java:start(184)) - HddsDatanodeService host:trunk-nightly-20191001-qpwks-271313263 ip:192.168.30.6
2019-10-01 06:20:04,394 [Datanode State Machine Thread - 0] INFO  datanode.InitDatanodeState (InitDatanodeState.java:persistContainerDatanodeDetails(140)) - DatanodeDetails is persisted to /workdir/hadoop-ozone/integration-test/target/test-dir/MiniOzoneClusterImpl-ce5315ad-6793-4ee7-a934-7ca72faf8a61/datanode-5/meta/datanode.id
2019-10-01 06:20:04,400 [main] INFO  volume.HddsVolume (HddsVolume.java:<init>(176)) - Creating Volume: /workdir/hadoop-ozone/integration-test/target/test-dir/MiniOzoneClusterImpl-ce5315ad-6793-4ee7-a934-7ca72faf8a61/datanode-6/data/containers/hdds of  storage type : DISK and capacity : 1482555576320
2019-10-01 06:20:04,400 [main] INFO  volume.VolumeSet (VolumeSet.java:initializeVolumeSet(170)) - Added Volume : /workdir/hadoop-ozone/integration-test/target/test-dir/MiniOzoneClusterImpl-ce5315ad-6793-4ee7-a934-7ca72faf8a61/datanode-6/data/containers/hdds to VolumeSet
2019-10-01 06:20:04,400 [main] INFO  volume.ThrottledAsyncChecker (ThrottledAsyncChecker.java:schedule(139)) - Scheduling a check for org.apache.hadoop.ozone.container.common.volume.HddsVolume@2dbc408c
2019-10-01 06:20:04,402 [main] INFO  volume.HddsVolumeChecker (HddsVolumeChecker.java:checkAllVolumes(202)) - Scheduled health check for volume org.apache.hadoop.ozone.container.common.volume.HddsVolume@2dbc408c
2019-10-01 06:20:04,417 [main] INFO  impl.RaftServerProxy (ConfUtils.java:logGet(43)) - raft.rpc.type = GRPC (default)
2019-10-01 06:20:04,417 [main] INFO  grpc.GrpcFactory (GrpcFactory.java:checkPooledByteBufAllocatorUseCacheForAllThreads(45)) - PERFORMANCE WARNING: useCacheForAllThreads is true that may cause Netty to create a lot garbage objects and, as a result, trigger GC.
	It is recommended to disable useCacheForAllThreads by setting -Dorg.apache.ratis.thirdparty.io.netty.allocator.useCacheForAllThreads=false in command line.
2019-10-01 06:20:04,417 [main] INFO  grpc.GrpcConfigKeys$Server (ConfUtils.java:logGet(43)) - raft.grpc.server.port = 0 (default)
2019-10-01 06:20:04,418 [main] INFO  server.GrpcService (ConfUtils.java:logGet(43)) - raft.grpc.message.size.max = 33570816 (custom)
2019-10-01 06:20:04,418 [main] INFO  server.RaftServerConfigKeys (ConfUtils.java:logGet(43)) - raft.server.log.appender.buffer.byte-limit = 33554432 (custom)
2019-10-01 06:20:04,418 [main] INFO  server.GrpcService (ConfUtils.java:logGet(43)) - raft.grpc.flow.control.window = 1MB (=1048576) (default)
2019-10-01 06:20:04,419 [main] INFO  server.RaftServerConfigKeys (ConfUtils.java:logGet(43)) - raft.server.rpc.request.timeout = 3000ms (default)
2019-10-01 06:20:04,419 [main] INFO  server.RaftServerConfigKeys (ConfUtils.java:logGet(43)) - raft.server.storage.dir = [/workdir/hadoop-ozone/integration-test/target/test-dir/MiniOzoneClusterImpl-ce5315ad-6793-4ee7-a934-7ca72faf8a61/datanode-6/data/ratis] (custom)
2019-10-01 06:20:04,420 [main] INFO  hdfs.DFSUtil (DFSUtil.java:httpServerTemplateForNNAndJN(1641)) - Starting Web-server for hddsDatanode at: http://0.0.0.0:0
2019-10-01 06:20:04,422 [main] INFO  server.AuthenticationFilter (AuthenticationFilter.java:constructSecretProvider(240)) - Unable to initialize FileSignerSecretProvider, falling back to use random secrets.
2019-10-01 06:20:04,423 [main] WARN  http.HttpRequestLog (HttpRequestLog.java:getRequestLog(97)) - Jetty request log can only be enabled using Log4j
2019-10-01 06:20:04,424 [main] INFO  http.HttpServer2 (HttpServer2.java:addGlobalFilter(975)) - Added global filter 'safety' (class=org.apache.hadoop.http.HttpServer2$QuotingInputFilter)
2019-10-01 06:20:04,425 [main] INFO  http.HttpServer2 (HttpServer2.java:addFilter(948)) - Added filter static_user_filter (class=org.apache.hadoop.http.lib.StaticUserWebFilter$StaticUserFilter) to context hddsDatanode
2019-10-01 06:20:04,425 [main] INFO  http.HttpServer2 (HttpServer2.java:addFilter(958)) - Added filter static_user_filter (class=org.apache.hadoop.http.lib.StaticUserWebFilter$StaticUserFilter) to context logs
2019-10-01 06:20:04,425 [main] INFO  http.HttpServer2 (HttpServer2.java:addFilter(958)) - Added filter static_user_filter (class=org.apache.hadoop.http.lib.StaticUserWebFilter$StaticUserFilter) to context static
2019-10-01 06:20:04,426 [main] INFO  http.HttpServer2 (HttpServer2.java:bindListener(1191)) - Jetty bound to port 43008
2019-10-01 06:20:04,426 [main] INFO  server.Server (Server.java:doStart(351)) - jetty-9.3.25.v20180904, build timestamp: 2018-09-04T21:11:46Z, git hash: 3ce520221d0240229c862b122d2b06c12a625732
2019-10-01 06:20:04,428 [main] INFO  handler.ContextHandler (ContextHandler.java:doStart(781)) - Started o.e.j.s.ServletContextHandler@781711b7{/logs,file:///workdir/hadoop-ozone/integration-test/target/log,AVAILABLE}
2019-10-01 06:20:04,428 [main] INFO  handler.ContextHandler (ContextHandler.java:doStart(781)) - Started o.e.j.s.ServletContextHandler@642ee49c{/static,jar:file:/home/user/.m2/repository/org/apache/hadoop/hadoop-hdds-container-service/0.5.0-SNAPSHOT/hadoop-hdds-container-service-0.5.0-SNAPSHOT.jar!/webapps/static,AVAILABLE}
2019-10-01 06:20:04,461 [main] INFO  handler.ContextHandler (ContextHandler.java:doStart(781)) - Started o.e.j.w.WebAppContext@3b83459e{/,file:///tmp/jetty-0.0.0.0-43008-hddsDatanode-_-any-8577040957735287628.dir/webapp/,AVAILABLE}{/hddsDatanode}
2019-10-01 06:20:04,461 [main] INFO  server.AbstractConnector (AbstractConnector.java:doStart(278)) - Started ServerConnector@32118208{HTTP/1.1,[http/1.1]}{0.0.0.0:43008}
2019-10-01 06:20:04,463 [main] INFO  server.Server (Server.java:doStart(419)) - Started @74786ms
2019-10-01 06:20:04,463 [main] WARN  impl.MetricsSystemImpl (MetricsSystemImpl.java:register(276)) - Sink prometheus already exists!
2019-10-01 06:20:04,463 [main] INFO  server.BaseHttpServer (BaseHttpServer.java:updateConnectorAddress(215)) - HTTP server of HDDSDATANODE is listening at http://0.0.0.0:43008
2019-10-01 06:20:04,464 [main] INFO  ozone.MiniOzoneClusterImpl (MiniOzoneClusterImpl.java:lambda$waitForClusterToBeReady$0(147)) - Waiting for cluster to be ready. Got 0 of 7 DN Heartbeats.
2019-10-01 06:20:04,467 [org.apache.hadoop.util.JvmPauseMonitor$Monitor@1d549ec7] INFO  util.JvmPauseMonitor (JvmPauseMonitor.java:run(188)) - Starting JVM pause monitor
2019-10-01 06:20:04,468 [Datanode State Machine Thread - 0] INFO  datanode.InitDatanodeState (InitDatanodeState.java:persistContainerDatanodeDetails(140)) - DatanodeDetails is persisted to /workdir/hadoop-ozone/integration-test/target/test-dir/MiniOzoneClusterImpl-ce5315ad-6793-4ee7-a934-7ca72faf8a61/datanode-6/meta/datanode.id
2019-10-01 06:20:05,464 [main] INFO  ozone.MiniOzoneClusterImpl (MiniOzoneClusterImpl.java:lambda$waitForClusterToBeReady$0(147)) - Waiting for cluster to be ready. Got 0 of 7 DN Heartbeats.
2019-10-01 06:20:05,936 [Datanode State Machine Thread - 0] INFO  ozoneimpl.OzoneContainer (OzoneContainer.java:start(217)) - Attempting to start container services.
2019-10-01 06:20:05,936 [Datanode State Machine Thread - 0] INFO  ozoneimpl.OzoneContainer (OzoneContainer.java:start(217)) - Attempting to start container services.
2019-10-01 06:20:05,938 [Datanode State Machine Thread - 0] INFO  ozoneimpl.OzoneContainer (OzoneContainer.java:startContainerScrub(179)) - Background container scanner has been disabled.
2019-10-01 06:20:05,939 [Datanode State Machine Thread - 0] INFO  ratis.XceiverServerRatis (XceiverServerRatis.java:start(417)) - Starting XceiverServerRatis 86efe969-c6da-4419-ba3d-b5528c33cccc at port 0
2019-10-01 06:20:05,944 [Datanode State Machine Thread - 0] INFO  ozoneimpl.OzoneContainer (OzoneContainer.java:startContainerScrub(179)) - Background container scanner has been disabled.
2019-10-01 06:20:05,945 [Datanode State Machine Thread - 0] INFO  ratis.XceiverServerRatis (XceiverServerRatis.java:start(417)) - Starting XceiverServerRatis 9de54f0b-d70e-4752-94be-cce4a2ae2c62 at port 0
2019-10-01 06:20:05,956 [Datanode State Machine Thread - 0] INFO  impl.RaftServerProxy (RaftServerProxy.java:lambda$start$3(299)) - 86efe969-c6da-4419-ba3d-b5528c33cccc: start RPC server
2019-10-01 06:20:05,956 [Datanode State Machine Thread - 0] INFO  impl.RaftServerProxy (RaftServerProxy.java:lambda$start$3(299)) - 9de54f0b-d70e-4752-94be-cce4a2ae2c62: start RPC server
2019-10-01 06:20:05,957 [Datanode State Machine Thread - 0] INFO  server.GrpcService (GrpcService.java:startImpl(158)) - 9de54f0b-d70e-4752-94be-cce4a2ae2c62: GrpcService started, listening on 0.0.0.0/0.0.0.0:36854
2019-10-01 06:20:05,957 [Datanode State Machine Thread - 0] INFO  server.GrpcService (GrpcService.java:startImpl(158)) - 86efe969-c6da-4419-ba3d-b5528c33cccc: GrpcService started, listening on 0.0.0.0/0.0.0.0:45298
2019-10-01 06:20:05,957 [Datanode State Machine Thread - 0] INFO  ratis.XceiverServerRatis (XceiverServerRatis.java:start(427)) - XceiverServerRatis 9de54f0b-d70e-4752-94be-cce4a2ae2c62 is started using port 36854
2019-10-01 06:20:05,958 [Datanode State Machine Thread - 0] INFO  ratis.XceiverServerRatis (XceiverServerRatis.java:start(427)) - XceiverServerRatis 86efe969-c6da-4419-ba3d-b5528c33cccc is started using port 45298
2019-10-01 06:20:05,958 [Datanode State Machine Thread - 0] INFO  server.XceiverServerGrpc (XceiverServerGrpc.java:start(149)) - XceiverServerGrpc 9de54f0b-d70e-4752-94be-cce4a2ae2c62 is started using port 35370
2019-10-01 06:20:05,965 [Datanode State Machine Thread - 0] INFO  ozoneimpl.OzoneContainer (OzoneContainer.java:start(217)) - Attempting to start container services.
2019-10-01 06:20:05,965 [Datanode State Machine Thread - 0] INFO  server.XceiverServerGrpc (XceiverServerGrpc.java:start(149)) - XceiverServerGrpc 86efe969-c6da-4419-ba3d-b5528c33cccc is started using port 40030
2019-10-01 06:20:05,965 [Datanode State Machine Thread - 0] INFO  ozoneimpl.OzoneContainer (OzoneContainer.java:startContainerScrub(179)) - Background container scanner has been disabled.
2019-10-01 06:20:05,965 [Datanode State Machine Thread - 0] INFO  ratis.XceiverServerRatis (XceiverServerRatis.java:start(417)) - Starting XceiverServerRatis 57378343-3ed6-4039-b787-fde917e7fae3 at port 0
2019-10-01 06:20:05,974 [Datanode State Machine Thread - 0] INFO  impl.RaftServerProxy (RaftServerProxy.java:lambda$start$3(299)) - 57378343-3ed6-4039-b787-fde917e7fae3: start RPC server
2019-10-01 06:20:05,975 [Datanode State Machine Thread - 0] INFO  server.GrpcService (GrpcService.java:startImpl(158)) - 57378343-3ed6-4039-b787-fde917e7fae3: GrpcService started, listening on 0.0.0.0/0.0.0.0:35146
2019-10-01 06:20:05,975 [Datanode State Machine Thread - 0] INFO  ratis.XceiverServerRatis (XceiverServerRatis.java:start(427)) - XceiverServerRatis 57378343-3ed6-4039-b787-fde917e7fae3 is started using port 35146
2019-10-01 06:20:05,982 [Datanode State Machine Thread - 0] INFO  server.XceiverServerGrpc (XceiverServerGrpc.java:start(149)) - XceiverServerGrpc 57378343-3ed6-4039-b787-fde917e7fae3 is started using port 46825
2019-10-01 06:20:06,263 [Datanode State Machine Thread - 0] INFO  ozoneimpl.OzoneContainer (OzoneContainer.java:start(217)) - Attempting to start container services.
2019-10-01 06:20:06,264 [Datanode State Machine Thread - 0] INFO  ozoneimpl.OzoneContainer (OzoneContainer.java:startContainerScrub(179)) - Background container scanner has been disabled.
2019-10-01 06:20:06,264 [Datanode State Machine Thread - 0] INFO  ratis.XceiverServerRatis (XceiverServerRatis.java:start(417)) - Starting XceiverServerRatis 11f64b2c-99f5-49b2-9b46-7b6752e7b6a9 at port 0
2019-10-01 06:20:06,271 [Datanode State Machine Thread - 0] INFO  impl.RaftServerProxy (RaftServerProxy.java:lambda$start$3(299)) - 11f64b2c-99f5-49b2-9b46-7b6752e7b6a9: start RPC server
2019-10-01 06:20:06,271 [Datanode State Machine Thread - 0] INFO  server.GrpcService (GrpcService.java:startImpl(158)) - 11f64b2c-99f5-49b2-9b46-7b6752e7b6a9: GrpcService started, listening on 0.0.0.0/0.0.0.0:33500
2019-10-01 06:20:06,272 [Datanode State Machine Thread - 0] INFO  ratis.XceiverServerRatis (XceiverServerRatis.java:start(427)) - XceiverServerRatis 11f64b2c-99f5-49b2-9b46-7b6752e7b6a9 is started using port 33500
2019-10-01 06:20:06,274 [Datanode State Machine Thread - 0] INFO  server.XceiverServerGrpc (XceiverServerGrpc.java:start(149)) - XceiverServerGrpc 11f64b2c-99f5-49b2-9b46-7b6752e7b6a9 is started using port 45613
2019-10-01 06:20:06,358 [Datanode State Machine Thread - 0] INFO  ozoneimpl.OzoneContainer (OzoneContainer.java:start(217)) - Attempting to start container services.
2019-10-01 06:20:06,359 [Datanode State Machine Thread - 0] INFO  ozoneimpl.OzoneContainer (OzoneContainer.java:startContainerScrub(179)) - Background container scanner has been disabled.
2019-10-01 06:20:06,359 [Datanode State Machine Thread - 0] INFO  ratis.XceiverServerRatis (XceiverServerRatis.java:start(417)) - Starting XceiverServerRatis 60795f62-fbba-4768-929c-d7591d2b118e at port 0
2019-10-01 06:20:06,365 [Datanode State Machine Thread - 0] INFO  impl.RaftServerProxy (RaftServerProxy.java:lambda$start$3(299)) - 60795f62-fbba-4768-929c-d7591d2b118e: start RPC server
2019-10-01 06:20:06,367 [Datanode State Machine Thread - 0] INFO  server.GrpcService (GrpcService.java:startImpl(158)) - 60795f62-fbba-4768-929c-d7591d2b118e: GrpcService started, listening on 0.0.0.0/0.0.0.0:38036
2019-10-01 06:20:06,368 [Datanode State Machine Thread - 0] INFO  ratis.XceiverServerRatis (XceiverServerRatis.java:start(427)) - XceiverServerRatis 60795f62-fbba-4768-929c-d7591d2b118e is started using port 38036
2019-10-01 06:20:06,370 [Datanode State Machine Thread - 0] INFO  server.XceiverServerGrpc (XceiverServerGrpc.java:start(149)) - XceiverServerGrpc 60795f62-fbba-4768-929c-d7591d2b118e is started using port 44685
2019-10-01 06:20:06,426 [Datanode State Machine Thread - 0] INFO  ozoneimpl.OzoneContainer (OzoneContainer.java:start(217)) - Attempting to start container services.
2019-10-01 06:20:06,426 [Datanode State Machine Thread - 0] INFO  ozoneimpl.OzoneContainer (OzoneContainer.java:startContainerScrub(179)) - Background container scanner has been disabled.
2019-10-01 06:20:06,426 [Datanode State Machine Thread - 0] INFO  ratis.XceiverServerRatis (XceiverServerRatis.java:start(417)) - Starting XceiverServerRatis e84c731b-f6d2-414b-8390-142f304c567a at port 0
2019-10-01 06:20:06,432 [Datanode State Machine Thread - 0] INFO  impl.RaftServerProxy (RaftServerProxy.java:lambda$start$3(299)) - e84c731b-f6d2-414b-8390-142f304c567a: start RPC server
2019-10-01 06:20:06,433 [Datanode State Machine Thread - 0] INFO  server.GrpcService (GrpcService.java:startImpl(158)) - e84c731b-f6d2-414b-8390-142f304c567a: GrpcService started, listening on 0.0.0.0/0.0.0.0:34691
2019-10-01 06:20:06,433 [Datanode State Machine Thread - 0] INFO  ratis.XceiverServerRatis (XceiverServerRatis.java:start(427)) - XceiverServerRatis e84c731b-f6d2-414b-8390-142f304c567a is started using port 34691
2019-10-01 06:20:06,433 [Datanode State Machine Thread - 0] INFO  server.XceiverServerGrpc (XceiverServerGrpc.java:start(149)) - XceiverServerGrpc e84c731b-f6d2-414b-8390-142f304c567a is started using port 35597
2019-10-01 06:20:06,464 [main] INFO  ozone.MiniOzoneClusterImpl (MiniOzoneClusterImpl.java:lambda$waitForClusterToBeReady$0(147)) - Waiting for cluster to be ready. Got 0 of 7 DN Heartbeats.
2019-10-01 06:20:06,493 [Datanode State Machine Thread - 0] INFO  ozoneimpl.OzoneContainer (OzoneContainer.java:start(217)) - Attempting to start container services.
2019-10-01 06:20:06,493 [Datanode State Machine Thread - 0] INFO  ozoneimpl.OzoneContainer (OzoneContainer.java:startContainerScrub(179)) - Background container scanner has been disabled.
2019-10-01 06:20:06,493 [Datanode State Machine Thread - 0] INFO  ratis.XceiverServerRatis (XceiverServerRatis.java:start(417)) - Starting XceiverServerRatis 7735a92a-bb01-4e99-9b66-6d2afd65688b at port 0
2019-10-01 06:20:06,499 [Datanode State Machine Thread - 0] INFO  impl.RaftServerProxy (RaftServerProxy.java:lambda$start$3(299)) - 7735a92a-bb01-4e99-9b66-6d2afd65688b: start RPC server
2019-10-01 06:20:06,502 [Datanode State Machine Thread - 0] INFO  server.GrpcService (GrpcService.java:startImpl(158)) - 7735a92a-bb01-4e99-9b66-6d2afd65688b: GrpcService started, listening on 0.0.0.0/0.0.0.0:36098
2019-10-01 06:20:06,503 [Datanode State Machine Thread - 0] INFO  ratis.XceiverServerRatis (XceiverServerRatis.java:start(427)) - XceiverServerRatis 7735a92a-bb01-4e99-9b66-6d2afd65688b is started using port 36098
2019-10-01 06:20:06,505 [Datanode State Machine Thread - 0] INFO  server.XceiverServerGrpc (XceiverServerGrpc.java:start(149)) - XceiverServerGrpc 7735a92a-bb01-4e99-9b66-6d2afd65688b is started using port 45879
2019-10-01 06:20:07,465 [main] INFO  ozone.MiniOzoneClusterImpl (MiniOzoneClusterImpl.java:lambda$waitForClusterToBeReady$0(147)) - Waiting for cluster to be ready. Got 0 of 7 DN Heartbeats.
2019-10-01 06:20:07,806 [IPC Server handler 1 on 39625] INFO  net.NetworkTopology (NetworkTopologyImpl.java:add(111)) - Added a new node: /default-rack/86efe969-c6da-4419-ba3d-b5528c33cccc
2019-10-01 06:20:07,808 [IPC Server handler 1 on 39625] INFO  node.SCMNodeManager (SCMNodeManager.java:register(266)) - Registered Data node : 86efe969-c6da-4419-ba3d-b5528c33cccc{ip: 192.168.30.6, host: trunk-nightly-20191001-qpwks-271313263, networkLocation: /default-rack, certSerialId: null}
2019-10-01 06:20:07,808 [EventQueue-NodeRegistrationContainerReportForDataNodeSafeModeRule] INFO  safemode.SCMSafeModeManager (DataNodeSafeModeRule.java:process(71)) - SCM in safe mode. 1 DataNodes registered, 1 required.
2019-10-01 06:20:07,811 [EventQueue-NodeRegistrationContainerReportForContainerSafeModeRule] INFO  safemode.SCMSafeModeManager (SCMSafeModeManager.java:validateSafeModeExitRules(177)) - ScmSafeModeManager, all rules are successfully validated
2019-10-01 06:20:07,811 [EventQueue-NodeRegistrationContainerReportForContainerSafeModeRule] INFO  safemode.SCMSafeModeManager (SCMSafeModeManager.java:exitSafeMode(193)) - SCM exiting safe mode.
2019-10-01 06:20:07,824 [grpc-default-executor-4] INFO  impl.RaftServerProxy (RaftServerProxy.java:addNew(89)) - 86efe969-c6da-4419-ba3d-b5528c33cccc: addNew group-2CF5903C08D6:[86efe969-c6da-4419-ba3d-b5528c33cccc:192.168.30.6:45298] returns group-2CF5903C08D6:java.util.concurrent.CompletableFuture@60c7668d[Not completed]
2019-10-01 06:20:07,825 [pool-119-thread-1] INFO  impl.RaftServerImpl (RaftServerImpl.java:<init>(95)) - 86efe969-c6da-4419-ba3d-b5528c33cccc: new RaftServerImpl for group-2CF5903C08D6:[86efe969-c6da-4419-ba3d-b5528c33cccc:192.168.30.6:45298] with ContainerStateMachine:uninitialized
2019-10-01 06:20:07,825 [pool-119-thread-1] INFO  server.RaftServerConfigKeys (ConfUtils.java:logGet(43)) - raft.server.rpc.timeout.min = 5s (custom)
2019-10-01 06:20:07,826 [pool-119-thread-1] INFO  server.RaftServerConfigKeys (ConfUtils.java:logGet(43)) - raft.server.rpc.timeout.max = 5200ms (custom)
2019-10-01 06:20:07,826 [pool-119-thread-1] INFO  server.RaftServerConfigKeys (ConfUtils.java:logGet(43)) - raft.server.rpcslowness.timeout = 120s (custom)
2019-10-01 06:20:07,826 [pool-119-thread-1] INFO  server.RaftServerConfigKeys (ConfUtils.java:logGet(43)) - raft.server.sleep.deviation.threshold = 300 (default)
2019-10-01 06:20:07,826 [pool-119-thread-1] INFO  server.RaftServerConfigKeys (ConfUtils.java:logGet(43)) - raft.server.log.appender.install.snapshot.enabled = false (custom)
2019-10-01 06:20:07,826 [pool-119-thread-1] INFO  impl.RaftServerImpl (ServerState.java:<init>(103)) - 86efe969-c6da-4419-ba3d-b5528c33cccc@group-2CF5903C08D6: ConfigurationManager, init=-1: [86efe969-c6da-4419-ba3d-b5528c33cccc:192.168.30.6:45298], old=null, confs=<EMPTY_MAP>
2019-10-01 06:20:07,826 [pool-119-thread-1] INFO  server.RaftServerConfigKeys (ConfUtils.java:logGet(43)) - raft.server.storage.dir = [/workdir/hadoop-ozone/integration-test/target/test-dir/MiniOzoneClusterImpl-ce5315ad-6793-4ee7-a934-7ca72faf8a61/datanode-0/data/ratis] (custom)
2019-10-01 06:20:07,827 [pool-119-thread-1] INFO  server.RaftServerConfigKeys (ConfUtils.java:logGet(43)) - raft.server.log.corruption.policy = EXCEPTION (default)
2019-10-01 06:20:07,827 [pool-119-thread-1] INFO  storage.RaftStorageDirectory (RaftStorageDirectory.java:analyzeStorage(246)) - The storage directory /workdir/hadoop-ozone/integration-test/target/test-dir/MiniOzoneClusterImpl-ce5315ad-6793-4ee7-a934-7ca72faf8a61/datanode-0/data/ratis/89c698b3-c104-4776-b23d-2cf5903c08d6 does not exist. Creating ...
2019-10-01 06:20:07,848 [pool-119-thread-1] INFO  storage.RaftStorageDirectory (RaftStorageDirectory.java:tryLock(328)) - Lock on /workdir/hadoop-ozone/integration-test/target/test-dir/MiniOzoneClusterImpl-ce5315ad-6793-4ee7-a934-7ca72faf8a61/datanode-0/data/ratis/89c698b3-c104-4776-b23d-2cf5903c08d6/in_use.lock acquired by nodename 11602@trunk-nightly-20191001-qpwks-271313263
2019-10-01 06:20:07,873 [IPC Server handler 0 on 39625] INFO  net.NetworkTopology (NetworkTopologyImpl.java:add(111)) - Added a new node: /default-rack/9de54f0b-d70e-4752-94be-cce4a2ae2c62
2019-10-01 06:20:07,873 [IPC Server handler 0 on 39625] INFO  node.SCMNodeManager (SCMNodeManager.java:register(266)) - Registered Data node : 9de54f0b-d70e-4752-94be-cce4a2ae2c62{ip: 192.168.30.6, host: trunk-nightly-20191001-qpwks-271313263, networkLocation: /default-rack, certSerialId: null}
2019-10-01 06:20:07,887 [pool-119-thread-1] INFO  storage.RaftStorage (RaftStorage.java:format(84)) - Storage directory /workdir/hadoop-ozone/integration-test/target/test-dir/MiniOzoneClusterImpl-ce5315ad-6793-4ee7-a934-7ca72faf8a61/datanode-0/data/ratis/89c698b3-c104-4776-b23d-2cf5903c08d6 has been successfully formatted.
2019-10-01 06:20:07,888 [pool-119-thread-1] INFO  ratis.ContainerStateMachine (ContainerStateMachine.java:loadSnapshot(230)) - group-2CF5903C08D6: The snapshot info is null. Setting the last applied indexto:(t:0, i:~)
2019-10-01 06:20:07,888 [pool-119-thread-1] INFO  server.RaftServerConfigKeys (ConfUtils.java:logGet(43)) - raft.server.notification.no-leader.timeout = 120s (custom)
2019-10-01 06:20:07,888 [pool-119-thread-1] INFO  server.RaftServerConfigKeys (ConfUtils.java:logGet(43)) - raft.server.log.use.memory = false (default)
2019-10-01 06:20:07,888 [pool-119-thread-1] INFO  server.RaftServerConfigKeys (ConfUtils.java:logGet(43)) - raft.server.log.purge.gap = 1000000 (custom)
2019-10-01 06:20:07,888 [pool-119-thread-1] INFO  server.RaftServerConfigKeys (ConfUtils.java:logGet(43)) - raft.server.log.appender.buffer.byte-limit = 33554432 (custom)
2019-10-01 06:20:07,889 [pool-119-thread-1] INFO  server.RaftServerConfigKeys (ConfUtils.java:logGet(43)) - raft.server.log.segment.size.max = 1048576 (custom)
2019-10-01 06:20:07,892 [pool-119-thread-1] INFO  server.RaftServerConfigKeys (ConfUtils.java:logGet(43)) - raft.server.log.segment.cache.num.max = 2 (custom)
2019-10-01 06:20:07,892 [pool-119-thread-1] INFO  segmented.SegmentedRaftLogWorker (SegmentedRaftLogWorker.java:<init>(173)) - new 86efe969-c6da-4419-ba3d-b5528c33cccc@group-2CF5903C08D6-SegmentedRaftLogWorker for RaftStorage:Storage Directory /workdir/hadoop-ozone/integration-test/target/test-dir/MiniOzoneClusterImpl-ce5315ad-6793-4ee7-a934-7ca72faf8a61/datanode-0/data/ratis/89c698b3-c104-4776-b23d-2cf5903c08d6
2019-10-01 06:20:07,892 [pool-119-thread-1] INFO  server.RaftServerConfigKeys (ConfUtils.java:logGet(43)) - raft.server.log.queue.byte-limit = 2147483647 (custom)
2019-10-01 06:20:07,893 [pool-119-thread-1] INFO  server.RaftServerConfigKeys (ConfUtils.java:logGet(43)) - raft.server.log.queue.element-limit = 1024 (custom)
2019-10-01 06:20:07,893 [pool-119-thread-1] INFO  server.RaftServerConfigKeys (ConfUtils.java:logGet(43)) - raft.server.log.segment.size.max = 1048576 (custom)
2019-10-01 06:20:07,893 [pool-119-thread-1] INFO  server.RaftServerConfigKeys (ConfUtils.java:logGet(43)) - raft.server.log.preallocated.size = 16384 (custom)
2019-10-01 06:20:07,893 [pool-119-thread-1] INFO  server.RaftServerConfigKeys (ConfUtils.java:logGet(43)) - raft.server.log.write.buffer.size = 33554432 (custom)
2019-10-01 06:20:07,893 [pool-119-thread-1] INFO  server.RaftServerConfigKeys (ConfUtils.java:logGet(43)) - raft.server.log.force.sync.num = 128 (default)
2019-10-01 06:20:07,894 [pool-119-thread-1] INFO  server.RaftServerConfigKeys (ConfUtils.java:logGet(43)) - raft.server.log.statemachine.data.sync = true (default)
2019-10-01 06:20:07,894 [pool-119-thread-1] INFO  server.RaftServerConfigKeys (ConfUtils.java:logGet(43)) - raft.server.log.statemachine.data.sync.timeout = 10s (default)
2019-10-01 06:20:07,894 [pool-119-thread-1] INFO  server.RaftServerConfigKeys (ConfUtils.java:logGet(43)) - raft.server.log.statemachine.data.sync.timeout.retry = -1 (default)
2019-10-01 06:20:07,895 [pool-119-thread-1] INFO  server.RaftServerConfigKeys (ConfUtils.java:logGet(43)) - raft.server.log.statemachine.data.caching.enabled = true (custom)
2019-10-01 06:20:07,895 [pool-119-thread-1] INFO  segmented.SegmentedRaftLogWorker (SegmentedRaftLogWorker.java:lambda$new$0(128)) - 86efe969-c6da-4419-ba3d-b5528c33cccc@group-2CF5903C08D6-SegmentedRaftLogWorker: flushIndex: setUnconditionally 0 -> -1
2019-10-01 06:20:07,896 [pool-119-thread-1] INFO  server.RaftServerConfigKeys (ConfUtils.java:logGet(43)) - raft.server.snapshot.auto.trigger.enabled = true (custom)
2019-10-01 06:20:07,896 [pool-119-thread-1] INFO  server.RaftServerConfigKeys (ConfUtils.java:logGet(43)) - raft.server.snapshot.auto.trigger.threshold = 10000 (custom)
2019-10-01 06:20:07,896 [pool-119-thread-1] INFO  server.RaftServerConfigKeys (ConfUtils.java:logGet(43)) - raft.server.snapshot.retention.file.num = 5 (custom)
2019-10-01 06:20:07,896 [pool-119-thread-1] INFO  server.RaftServerConfigKeys (ConfUtils.java:logGet(43)) - raft.server.retrycache.expirytime = 600000ms (custom)
2019-10-01 06:20:07,899 [pool-119-thread-1] INFO  impl.RaftServerImpl (RaftServerImpl.java:start(181)) - 86efe969-c6da-4419-ba3d-b5528c33cccc@group-2CF5903C08D6: start as a follower, conf=-1: [86efe969-c6da-4419-ba3d-b5528c33cccc:192.168.30.6:45298], old=null
2019-10-01 06:20:07,899 [pool-119-thread-1] INFO  impl.RaftServerImpl (RaftServerImpl.java:setRole(170)) - 86efe969-c6da-4419-ba3d-b5528c33cccc@group-2CF5903C08D6: changes role from      null to FOLLOWER at term 0 for startAsFollower
2019-10-01 06:20:07,900 [pool-119-thread-1] INFO  impl.RoleInfo (RoleInfo.java:updateAndGet(143)) - 86efe969-c6da-4419-ba3d-b5528c33cccc: start FollowerState
2019-10-01 06:20:07,900 [pool-119-thread-1] INFO  util.JmxRegister (JmxRegister.java:tryRegister(44)) - Successfully registered JMX Bean with object name Ratis:service=RaftServer,group=group-2CF5903C08D6,id=86efe969-c6da-4419-ba3d-b5528c33cccc
2019-10-01 06:20:07,909 [RatisPipelineUtilsThread] INFO  pipeline.PipelineStateManager (PipelineStateManager.java:addPipeline(56)) - Created pipeline Pipeline[ Id: 89c698b3-c104-4776-b23d-2cf5903c08d6, Nodes: 86efe969-c6da-4419-ba3d-b5528c33cccc{ip: 192.168.30.6, host: trunk-nightly-20191001-qpwks-271313263, networkLocation: /default-rack, certSerialId: null}, Type:RATIS, Factor:ONE, State:OPEN]
2019-10-01 06:20:07,918 [grpc-default-executor-4] INFO  impl.RaftServerProxy (RaftServerProxy.java:addNew(89)) - 9de54f0b-d70e-4752-94be-cce4a2ae2c62: addNew group-5A952ECDE3A4:[9de54f0b-d70e-4752-94be-cce4a2ae2c62:192.168.30.6:36854] returns group-5A952ECDE3A4:java.util.concurrent.CompletableFuture@72c72ec2[Not completed]
2019-10-01 06:20:07,923 [pool-129-thread-1] INFO  impl.RaftServerImpl (RaftServerImpl.java:<init>(95)) - 9de54f0b-d70e-4752-94be-cce4a2ae2c62: new RaftServerImpl for group-5A952ECDE3A4:[9de54f0b-d70e-4752-94be-cce4a2ae2c62:192.168.30.6:36854] with ContainerStateMachine:uninitialized
2019-10-01 06:20:07,923 [pool-129-thread-1] INFO  server.RaftServerConfigKeys (ConfUtils.java:logGet(43)) - raft.server.rpc.timeout.min = 5s (custom)
2019-10-01 06:20:07,923 [pool-129-thread-1] INFO  server.RaftServerConfigKeys (ConfUtils.java:logGet(43)) - raft.server.rpc.timeout.max = 5200ms (custom)
2019-10-01 06:20:07,923 [pool-129-thread-1] INFO  server.RaftServerConfigKeys (ConfUtils.java:logGet(43)) - raft.server.rpcslowness.timeout = 120s (custom)
2019-10-01 06:20:07,923 [pool-129-thread-1] INFO  server.RaftServerConfigKeys (ConfUtils.java:logGet(43)) - raft.server.sleep.deviation.threshold = 300 (default)
2019-10-01 06:20:07,923 [pool-129-thread-1] INFO  server.RaftServerConfigKeys (ConfUtils.java:logGet(43)) - raft.server.log.appender.install.snapshot.enabled = false (custom)
2019-10-01 06:20:07,923 [pool-129-thread-1] INFO  impl.RaftServerImpl (ServerState.java:<init>(103)) - 9de54f0b-d70e-4752-94be-cce4a2ae2c62@group-5A952ECDE3A4: ConfigurationManager, init=-1: [9de54f0b-d70e-4752-94be-cce4a2ae2c62:192.168.30.6:36854], old=null, confs=<EMPTY_MAP>
2019-10-01 06:20:07,923 [pool-129-thread-1] INFO  server.RaftServerConfigKeys (ConfUtils.java:logGet(43)) - raft.server.storage.dir = [/workdir/hadoop-ozone/integration-test/target/test-dir/MiniOzoneClusterImpl-ce5315ad-6793-4ee7-a934-7ca72faf8a61/datanode-1/data/ratis] (custom)
2019-10-01 06:20:07,924 [pool-129-thread-1] INFO  server.RaftServerConfigKeys (ConfUtils.java:logGet(43)) - raft.server.log.corruption.policy = EXCEPTION (default)
2019-10-01 06:20:07,924 [pool-129-thread-1] INFO  storage.RaftStorageDirectory (RaftStorageDirectory.java:analyzeStorage(246)) - The storage directory /workdir/hadoop-ozone/integration-test/target/test-dir/MiniOzoneClusterImpl-ce5315ad-6793-4ee7-a934-7ca72faf8a61/datanode-1/data/ratis/d04b209c-31f3-4eaa-9389-5a952ecde3a4 does not exist. Creating ...
2019-10-01 06:20:07,938 [IPC Server handler 5 on 39625] INFO  net.NetworkTopology (NetworkTopologyImpl.java:add(111)) - Added a new node: /default-rack/57378343-3ed6-4039-b787-fde917e7fae3
2019-10-01 06:20:07,938 [IPC Server handler 5 on 39625] INFO  node.SCMNodeManager (SCMNodeManager.java:register(266)) - Registered Data node : 57378343-3ed6-4039-b787-fde917e7fae3{ip: 192.168.30.6, host: trunk-nightly-20191001-qpwks-271313263, networkLocation: /default-rack, certSerialId: null}
2019-10-01 06:20:07,948 [pool-129-thread-1] INFO  storage.RaftStorageDirectory (RaftStorageDirectory.java:tryLock(328)) - Lock on /workdir/hadoop-ozone/integration-test/target/test-dir/MiniOzoneClusterImpl-ce5315ad-6793-4ee7-a934-7ca72faf8a61/datanode-1/data/ratis/d04b209c-31f3-4eaa-9389-5a952ecde3a4/in_use.lock acquired by nodename 11602@trunk-nightly-20191001-qpwks-271313263
2019-10-01 06:20:07,970 [pool-129-thread-1] INFO  storage.RaftStorage (RaftStorage.java:format(84)) - Storage directory /workdir/hadoop-ozone/integration-test/target/test-dir/MiniOzoneClusterImpl-ce5315ad-6793-4ee7-a934-7ca72faf8a61/datanode-1/data/ratis/d04b209c-31f3-4eaa-9389-5a952ecde3a4 has been successfully formatted.
2019-10-01 06:20:07,970 [pool-129-thread-1] INFO  ratis.ContainerStateMachine (ContainerStateMachine.java:loadSnapshot(230)) - group-5A952ECDE3A4: The snapshot info is null. Setting the last applied indexto:(t:0, i:~)
2019-10-01 06:20:07,971 [pool-129-thread-1] INFO  server.RaftServerConfigKeys (ConfUtils.java:logGet(43)) - raft.server.notification.no-leader.timeout = 120s (custom)
2019-10-01 06:20:07,971 [pool-129-thread-1] INFO  server.RaftServerConfigKeys (ConfUtils.java:logGet(43)) - raft.server.log.use.memory = false (default)
2019-10-01 06:20:07,971 [pool-129-thread-1] INFO  server.RaftServerConfigKeys (ConfUtils.java:logGet(43)) - raft.server.log.purge.gap = 1000000 (custom)
2019-10-01 06:20:07,971 [pool-129-thread-1] INFO  server.RaftServerConfigKeys (ConfUtils.java:logGet(43)) - raft.server.log.appender.buffer.byte-limit = 33554432 (custom)
2019-10-01 06:20:07,971 [pool-129-thread-1] INFO  server.RaftServerConfigKeys (ConfUtils.java:logGet(43)) - raft.server.log.segment.size.max = 1048576 (custom)
2019-10-01 06:20:07,974 [pool-129-thread-1] INFO  server.RaftServerConfigKeys (ConfUtils.java:logGet(43)) - raft.server.log.segment.cache.num.max = 2 (custom)
2019-10-01 06:20:07,974 [pool-129-thread-1] INFO  segmented.SegmentedRaftLogWorker (SegmentedRaftLogWorker.java:<init>(173)) - new 9de54f0b-d70e-4752-94be-cce4a2ae2c62@group-5A952ECDE3A4-SegmentedRaftLogWorker for RaftStorage:Storage Directory /workdir/hadoop-ozone/integration-test/target/test-dir/MiniOzoneClusterImpl-ce5315ad-6793-4ee7-a934-7ca72faf8a61/datanode-1/data/ratis/d04b209c-31f3-4eaa-9389-5a952ecde3a4
2019-10-01 06:20:07,974 [pool-129-thread-1] INFO  server.RaftServerConfigKeys (ConfUtils.java:logGet(43)) - raft.server.log.queue.byte-limit = 2147483647 (custom)
2019-10-01 06:20:07,974 [pool-129-thread-1] INFO  server.RaftServerConfigKeys (ConfUtils.java:logGet(43)) - raft.server.log.queue.element-limit = 1024 (custom)
2019-10-01 06:20:07,974 [pool-129-thread-1] INFO  server.RaftServerConfigKeys (ConfUtils.java:logGet(43)) - raft.server.log.segment.size.max = 1048576 (custom)
2019-10-01 06:20:07,975 [pool-129-thread-1] INFO  server.RaftServerConfigKeys (ConfUtils.java:logGet(43)) - raft.server.log.preallocated.size = 16384 (custom)
2019-10-01 06:20:07,975 [pool-129-thread-1] INFO  server.RaftServerConfigKeys (ConfUtils.java:logGet(43)) - raft.server.log.write.buffer.size = 33554432 (custom)
2019-10-01 06:20:07,975 [pool-129-thread-1] INFO  server.RaftServerConfigKeys (ConfUtils.java:logGet(43)) - raft.server.log.force.sync.num = 128 (default)
2019-10-01 06:20:07,975 [pool-129-thread-1] INFO  server.RaftServerConfigKeys (ConfUtils.java:logGet(43)) - raft.server.log.statemachine.data.sync = true (default)
2019-10-01 06:20:07,975 [pool-129-thread-1] INFO  server.RaftServerConfigKeys (ConfUtils.java:logGet(43)) - raft.server.log.statemachine.data.sync.timeout = 10s (default)
2019-10-01 06:20:07,975 [pool-129-thread-1] INFO  server.RaftServerConfigKeys (ConfUtils.java:logGet(43)) - raft.server.log.statemachine.data.sync.timeout.retry = -1 (default)
2019-10-01 06:20:07,976 [pool-129-thread-1] INFO  server.RaftServerConfigKeys (ConfUtils.java:logGet(43)) - raft.server.log.statemachine.data.caching.enabled = true (custom)
2019-10-01 06:20:07,976 [pool-129-thread-1] INFO  segmented.SegmentedRaftLogWorker (SegmentedRaftLogWorker.java:lambda$new$0(128)) - 9de54f0b-d70e-4752-94be-cce4a2ae2c62@group-5A952ECDE3A4-SegmentedRaftLogWorker: flushIndex: setUnconditionally 0 -> -1
2019-10-01 06:20:07,976 [pool-129-thread-1] INFO  server.RaftServerConfigKeys (ConfUtils.java:logGet(43)) - raft.server.snapshot.auto.trigger.enabled = true (custom)
2019-10-01 06:20:07,977 [pool-129-thread-1] INFO  server.RaftServerConfigKeys (ConfUtils.java:logGet(43)) - raft.server.snapshot.auto.trigger.threshold = 10000 (custom)
2019-10-01 06:20:07,977 [pool-129-thread-1] INFO  server.RaftServerConfigKeys (ConfUtils.java:logGet(43)) - raft.server.snapshot.retention.file.num = 5 (custom)
2019-10-01 06:20:07,977 [pool-129-thread-1] INFO  server.RaftServerConfigKeys (ConfUtils.java:logGet(43)) - raft.server.retrycache.expirytime = 600000ms (custom)
2019-10-01 06:20:07,980 [pool-129-thread-1] INFO  impl.RaftServerImpl (RaftServerImpl.java:start(181)) - 9de54f0b-d70e-4752-94be-cce4a2ae2c62@group-5A952ECDE3A4: start as a follower, conf=-1: [9de54f0b-d70e-4752-94be-cce4a2ae2c62:192.168.30.6:36854], old=null
2019-10-01 06:20:07,980 [pool-129-thread-1] INFO  impl.RaftServerImpl (RaftServerImpl.java:setRole(170)) - 9de54f0b-d70e-4752-94be-cce4a2ae2c62@group-5A952ECDE3A4: changes role from      null to FOLLOWER at term 0 for startAsFollower
2019-10-01 06:20:07,980 [pool-129-thread-1] INFO  impl.RoleInfo (RoleInfo.java:updateAndGet(143)) - 9de54f0b-d70e-4752-94be-cce4a2ae2c62: start FollowerState
2019-10-01 06:20:07,980 [pool-129-thread-1] INFO  util.JmxRegister (JmxRegister.java:tryRegister(44)) - Successfully registered JMX Bean with object name Ratis:service=RaftServer,group=group-5A952ECDE3A4,id=9de54f0b-d70e-4752-94be-cce4a2ae2c62
2019-10-01 06:20:07,990 [RatisPipelineUtilsThread] INFO  pipeline.PipelineStateManager (PipelineStateManager.java:addPipeline(56)) - Created pipeline Pipeline[ Id: d04b209c-31f3-4eaa-9389-5a952ecde3a4, Nodes: 9de54f0b-d70e-4752-94be-cce4a2ae2c62{ip: 192.168.30.6, host: trunk-nightly-20191001-qpwks-271313263, networkLocation: /default-rack, certSerialId: null}, Type:RATIS, Factor:ONE, State:OPEN]
2019-10-01 06:20:08,002 [grpc-default-executor-4] INFO  impl.RaftServerProxy (RaftServerProxy.java:addNew(89)) - 57378343-3ed6-4039-b787-fde917e7fae3: addNew group-77782470B68C:[57378343-3ed6-4039-b787-fde917e7fae3:192.168.30.6:35146] returns group-77782470B68C:java.util.concurrent.CompletableFuture@6e90a2bb[Not completed]
2019-10-01 06:20:08,006 [pool-139-thread-1] INFO  impl.RaftServerImpl (RaftServerImpl.java:<init>(95)) - 57378343-3ed6-4039-b787-fde917e7fae3: new RaftServerImpl for group-77782470B68C:[57378343-3ed6-4039-b787-fde917e7fae3:192.168.30.6:35146] with ContainerStateMachine:uninitialized
2019-10-01 06:20:08,007 [pool-139-thread-1] INFO  server.RaftServerConfigKeys (ConfUtils.java:logGet(43)) - raft.server.rpc.timeout.min = 5s (custom)
2019-10-01 06:20:08,007 [pool-139-thread-1] INFO  server.RaftServerConfigKeys (ConfUtils.java:logGet(43)) - raft.server.rpc.timeout.max = 5200ms (custom)
2019-10-01 06:20:08,007 [pool-139-thread-1] INFO  server.RaftServerConfigKeys (ConfUtils.java:logGet(43)) - raft.server.rpcslowness.timeout = 120s (custom)
2019-10-01 06:20:08,007 [pool-139-thread-1] INFO  server.RaftServerConfigKeys (ConfUtils.java:logGet(43)) - raft.server.sleep.deviation.threshold = 300 (default)
2019-10-01 06:20:08,007 [pool-139-thread-1] INFO  server.RaftServerConfigKeys (ConfUtils.java:logGet(43)) - raft.server.log.appender.install.snapshot.enabled = false (custom)
2019-10-01 06:20:08,007 [pool-139-thread-1] INFO  impl.RaftServerImpl (ServerState.java:<init>(103)) - 57378343-3ed6-4039-b787-fde917e7fae3@group-77782470B68C: ConfigurationManager, init=-1: [57378343-3ed6-4039-b787-fde917e7fae3:192.168.30.6:35146], old=null, confs=<EMPTY_MAP>
2019-10-01 06:20:08,007 [pool-139-thread-1] INFO  server.RaftServerConfigKeys (ConfUtils.java:logGet(43)) - raft.server.storage.dir = [/workdir/hadoop-ozone/integration-test/target/test-dir/MiniOzoneClusterImpl-ce5315ad-6793-4ee7-a934-7ca72faf8a61/datanode-2/data/ratis] (custom)
2019-10-01 06:20:08,008 [pool-139-thread-1] INFO  server.RaftServerConfigKeys (ConfUtils.java:logGet(43)) - raft.server.log.corruption.policy = EXCEPTION (default)
2019-10-01 06:20:08,008 [pool-139-thread-1] INFO  storage.RaftStorageDirectory (RaftStorageDirectory.java:analyzeStorage(246)) - The storage directory /workdir/hadoop-ozone/integration-test/target/test-dir/MiniOzoneClusterImpl-ce5315ad-6793-4ee7-a934-7ca72faf8a61/datanode-2/data/ratis/b4f1c103-0198-4db1-9daa-77782470b68c does not exist. Creating ...
2019-10-01 06:20:08,026 [pool-139-thread-1] INFO  storage.RaftStorageDirectory (RaftStorageDirectory.java:tryLock(328)) - Lock on /workdir/hadoop-ozone/integration-test/target/test-dir/MiniOzoneClusterImpl-ce5315ad-6793-4ee7-a934-7ca72faf8a61/datanode-2/data/ratis/b4f1c103-0198-4db1-9daa-77782470b68c/in_use.lock acquired by nodename 11602@trunk-nightly-20191001-qpwks-271313263
2019-10-01 06:20:08,050 [pool-139-thread-1] INFO  storage.RaftStorage (RaftStorage.java:format(84)) - Storage directory /workdir/hadoop-ozone/integration-test/target/test-dir/MiniOzoneClusterImpl-ce5315ad-6793-4ee7-a934-7ca72faf8a61/datanode-2/data/ratis/b4f1c103-0198-4db1-9daa-77782470b68c has been successfully formatted.
2019-10-01 06:20:08,050 [pool-139-thread-1] INFO  ratis.ContainerStateMachine (ContainerStateMachine.java:loadSnapshot(230)) - group-77782470B68C: The snapshot info is null. Setting the last applied indexto:(t:0, i:~)
2019-10-01 06:20:08,050 [pool-139-thread-1] INFO  server.RaftServerConfigKeys (ConfUtils.java:logGet(43)) - raft.server.notification.no-leader.timeout = 120s (custom)
2019-10-01 06:20:08,050 [pool-139-thread-1] INFO  server.RaftServerConfigKeys (ConfUtils.java:logGet(43)) - raft.server.log.use.memory = false (default)
2019-10-01 06:20:08,050 [pool-139-thread-1] INFO  server.RaftServerConfigKeys (ConfUtils.java:logGet(43)) - raft.server.log.purge.gap = 1000000 (custom)
2019-10-01 06:20:08,050 [pool-139-thread-1] INFO  server.RaftServerConfigKeys (ConfUtils.java:logGet(43)) - raft.server.log.appender.buffer.byte-limit = 33554432 (custom)
2019-10-01 06:20:08,050 [pool-139-thread-1] INFO  server.RaftServerConfigKeys (ConfUtils.java:logGet(43)) - raft.server.log.segment.size.max = 1048576 (custom)
2019-10-01 06:20:08,052 [pool-139-thread-1] INFO  server.RaftServerConfigKeys (ConfUtils.java:logGet(43)) - raft.server.log.segment.cache.num.max = 2 (custom)
2019-10-01 06:20:08,052 [pool-139-thread-1] INFO  segmented.SegmentedRaftLogWorker (SegmentedRaftLogWorker.java:<init>(173)) - new 57378343-3ed6-4039-b787-fde917e7fae3@group-77782470B68C-SegmentedRaftLogWorker for RaftStorage:Storage Directory /workdir/hadoop-ozone/integration-test/target/test-dir/MiniOzoneClusterImpl-ce5315ad-6793-4ee7-a934-7ca72faf8a61/datanode-2/data/ratis/b4f1c103-0198-4db1-9daa-77782470b68c
2019-10-01 06:20:08,053 [pool-139-thread-1] INFO  server.RaftServerConfigKeys (ConfUtils.java:logGet(43)) - raft.server.log.queue.byte-limit = 2147483647 (custom)
2019-10-01 06:20:08,053 [pool-139-thread-1] INFO  server.RaftServerConfigKeys (ConfUtils.java:logGet(43)) - raft.server.log.queue.element-limit = 1024 (custom)
2019-10-01 06:20:08,053 [pool-139-thread-1] INFO  server.RaftServerConfigKeys (ConfUtils.java:logGet(43)) - raft.server.log.segment.size.max = 1048576 (custom)
2019-10-01 06:20:08,053 [pool-139-thread-1] INFO  server.RaftServerConfigKeys (ConfUtils.java:logGet(43)) - raft.server.log.preallocated.size = 16384 (custom)
2019-10-01 06:20:08,053 [pool-139-thread-1] INFO  server.RaftServerConfigKeys (ConfUtils.java:logGet(43)) - raft.server.log.write.buffer.size = 33554432 (custom)
2019-10-01 06:20:08,053 [pool-139-thread-1] INFO  server.RaftServerConfigKeys (ConfUtils.java:logGet(43)) - raft.server.log.force.sync.num = 128 (default)
2019-10-01 06:20:08,053 [pool-139-thread-1] INFO  server.RaftServerConfigKeys (ConfUtils.java:logGet(43)) - raft.server.log.statemachine.data.sync = true (default)
2019-10-01 06:20:08,053 [pool-139-thread-1] INFO  server.RaftServerConfigKeys (ConfUtils.java:logGet(43)) - raft.server.log.statemachine.data.sync.timeout = 10s (default)
2019-10-01 06:20:08,053 [pool-139-thread-1] INFO  server.RaftServerConfigKeys (ConfUtils.java:logGet(43)) - raft.server.log.statemachine.data.sync.timeout.retry = -1 (default)
2019-10-01 06:20:08,054 [pool-139-thread-1] INFO  server.RaftServerConfigKeys (ConfUtils.java:logGet(43)) - raft.server.log.statemachine.data.caching.enabled = true (custom)
2019-10-01 06:20:08,054 [pool-139-thread-1] INFO  segmented.SegmentedRaftLogWorker (SegmentedRaftLogWorker.java:lambda$new$0(128)) - 57378343-3ed6-4039-b787-fde917e7fae3@group-77782470B68C-SegmentedRaftLogWorker: flushIndex: setUnconditionally 0 -> -1
2019-10-01 06:20:08,054 [pool-139-thread-1] INFO  server.RaftServerConfigKeys (ConfUtils.java:logGet(43)) - raft.server.snapshot.auto.trigger.enabled = true (custom)
2019-10-01 06:20:08,055 [pool-139-thread-1] INFO  server.RaftServerConfigKeys (ConfUtils.java:logGet(43)) - raft.server.snapshot.auto.trigger.threshold = 10000 (custom)
2019-10-01 06:20:08,055 [pool-139-thread-1] INFO  server.RaftServerConfigKeys (ConfUtils.java:logGet(43)) - raft.server.snapshot.retention.file.num = 5 (custom)
2019-10-01 06:20:08,055 [pool-139-thread-1] INFO  server.RaftServerConfigKeys (ConfUtils.java:logGet(43)) - raft.server.retrycache.expirytime = 600000ms (custom)
2019-10-01 06:20:08,056 [pool-139-thread-1] INFO  impl.RaftServerImpl (RaftServerImpl.java:start(181)) - 57378343-3ed6-4039-b787-fde917e7fae3@group-77782470B68C: start as a follower, conf=-1: [57378343-3ed6-4039-b787-fde917e7fae3:192.168.30.6:35146], old=null
2019-10-01 06:20:08,056 [pool-139-thread-1] INFO  impl.RaftServerImpl (RaftServerImpl.java:setRole(170)) - 57378343-3ed6-4039-b787-fde917e7fae3@group-77782470B68C: changes role from      null to FOLLOWER at term 0 for startAsFollower
2019-10-01 06:20:08,056 [pool-139-thread-1] INFO  impl.RoleInfo (RoleInfo.java:updateAndGet(143)) - 57378343-3ed6-4039-b787-fde917e7fae3: start FollowerState
2019-10-01 06:20:08,057 [pool-139-thread-1] INFO  util.JmxRegister (JmxRegister.java:tryRegister(44)) - Successfully registered JMX Bean with object name Ratis:service=RaftServer,group=group-77782470B68C,id=57378343-3ed6-4039-b787-fde917e7fae3
2019-10-01 06:20:08,063 [RatisPipelineUtilsThread] INFO  pipeline.PipelineStateManager (PipelineStateManager.java:addPipeline(56)) - Created pipeline Pipeline[ Id: b4f1c103-0198-4db1-9daa-77782470b68c, Nodes: 57378343-3ed6-4039-b787-fde917e7fae3{ip: 192.168.30.6, host: trunk-nightly-20191001-qpwks-271313263, networkLocation: /default-rack, certSerialId: null}, Type:RATIS, Factor:ONE, State:OPEN]
2019-10-01 06:20:08,078 [grpc-default-executor-0] INFO  impl.RaftServerProxy (RaftServerProxy.java:addNew(89)) - 57378343-3ed6-4039-b787-fde917e7fae3: addNew group-341A1F6D08EB:[9de54f0b-d70e-4752-94be-cce4a2ae2c62:192.168.30.6:36854, 86efe969-c6da-4419-ba3d-b5528c33cccc:192.168.30.6:45298, 57378343-3ed6-4039-b787-fde917e7fae3:192.168.30.6:35146] returns group-341A1F6D08EB:java.util.concurrent.CompletableFuture@36799f7c[Not completed]
2019-10-01 06:20:08,078 [grpc-default-executor-2] INFO  impl.RaftServerProxy (RaftServerProxy.java:addNew(89)) - 86efe969-c6da-4419-ba3d-b5528c33cccc: addNew group-341A1F6D08EB:[9de54f0b-d70e-4752-94be-cce4a2ae2c62:192.168.30.6:36854, 86efe969-c6da-4419-ba3d-b5528c33cccc:192.168.30.6:45298, 57378343-3ed6-4039-b787-fde917e7fae3:192.168.30.6:35146] returns group-341A1F6D08EB:java.util.concurrent.CompletableFuture@19c95790[Not completed]
2019-10-01 06:20:08,078 [grpc-default-executor-4] INFO  impl.RaftServerProxy (RaftServerProxy.java:addNew(89)) - 9de54f0b-d70e-4752-94be-cce4a2ae2c62: addNew group-341A1F6D08EB:[9de54f0b-d70e-4752-94be-cce4a2ae2c62:192.168.30.6:36854, 86efe969-c6da-4419-ba3d-b5528c33cccc:192.168.30.6:45298, 57378343-3ed6-4039-b787-fde917e7fae3:192.168.30.6:35146] returns group-341A1F6D08EB:java.util.concurrent.CompletableFuture@723a3634[Not completed]
2019-10-01 06:20:08,080 [pool-119-thread-1] INFO  impl.RaftServerImpl (RaftServerImpl.java:<init>(95)) - 86efe969-c6da-4419-ba3d-b5528c33cccc: new RaftServerImpl for group-341A1F6D08EB:[9de54f0b-d70e-4752-94be-cce4a2ae2c62:192.168.30.6:36854, 86efe969-c6da-4419-ba3d-b5528c33cccc:192.168.30.6:45298, 57378343-3ed6-4039-b787-fde917e7fae3:192.168.30.6:35146] with ContainerStateMachine:uninitialized
2019-10-01 06:20:08,080 [pool-119-thread-1] INFO  server.RaftServerConfigKeys (ConfUtils.java:logGet(43)) - raft.server.rpc.timeout.min = 5s (custom)
2019-10-01 06:20:08,080 [pool-119-thread-1] INFO  server.RaftServerConfigKeys (ConfUtils.java:logGet(43)) - raft.server.rpc.timeout.max = 5200ms (custom)
2019-10-01 06:20:08,080 [pool-119-thread-1] INFO  server.RaftServerConfigKeys (ConfUtils.java:logGet(43)) - raft.server.rpcslowness.timeout = 120s (custom)
2019-10-01 06:20:08,080 [pool-119-thread-1] INFO  server.RaftServerConfigKeys (ConfUtils.java:logGet(43)) - raft.server.sleep.deviation.threshold = 300 (default)
2019-10-01 06:20:08,080 [pool-119-thread-1] INFO  server.RaftServerConfigKeys (ConfUtils.java:logGet(43)) - raft.server.log.appender.install.snapshot.enabled = false (custom)
2019-10-01 06:20:08,081 [pool-119-thread-1] INFO  impl.RaftServerImpl (ServerState.java:<init>(103)) - 86efe969-c6da-4419-ba3d-b5528c33cccc@group-341A1F6D08EB: ConfigurationManager, init=-1: [9de54f0b-d70e-4752-94be-cce4a2ae2c62:192.168.30.6:36854, 86efe969-c6da-4419-ba3d-b5528c33cccc:192.168.30.6:45298, 57378343-3ed6-4039-b787-fde917e7fae3:192.168.30.6:35146], old=null, confs=<EMPTY_MAP>
2019-10-01 06:20:08,081 [pool-119-thread-1] INFO  server.RaftServerConfigKeys (ConfUtils.java:logGet(43)) - raft.server.storage.dir = [/workdir/hadoop-ozone/integration-test/target/test-dir/MiniOzoneClusterImpl-ce5315ad-6793-4ee7-a934-7ca72faf8a61/datanode-0/data/ratis] (custom)
2019-10-01 06:20:08,081 [pool-129-thread-1] INFO  impl.RaftServerImpl (RaftServerImpl.java:<init>(95)) - 9de54f0b-d70e-4752-94be-cce4a2ae2c62: new RaftServerImpl for group-341A1F6D08EB:[9de54f0b-d70e-4752-94be-cce4a2ae2c62:192.168.30.6:36854, 86efe969-c6da-4419-ba3d-b5528c33cccc:192.168.30.6:45298, 57378343-3ed6-4039-b787-fde917e7fae3:192.168.30.6:35146] with ContainerStateMachine:uninitialized
2019-10-01 06:20:08,081 [pool-119-thread-1] INFO  server.RaftServerConfigKeys (ConfUtils.java:logGet(43)) - raft.server.log.corruption.policy = EXCEPTION (default)
2019-10-01 06:20:08,081 [pool-129-thread-1] INFO  server.RaftServerConfigKeys (ConfUtils.java:logGet(43)) - raft.server.rpc.timeout.min = 5s (custom)
2019-10-01 06:20:08,081 [pool-119-thread-1] INFO  storage.RaftStorageDirectory (RaftStorageDirectory.java:analyzeStorage(246)) - The storage directory /workdir/hadoop-ozone/integration-test/target/test-dir/MiniOzoneClusterImpl-ce5315ad-6793-4ee7-a934-7ca72faf8a61/datanode-0/data/ratis/0d1eb5f0-0fd3-4bd6-b664-341a1f6d08eb does not exist. Creating ...
2019-10-01 06:20:08,081 [pool-129-thread-1] INFO  server.RaftServerConfigKeys (ConfUtils.java:logGet(43)) - raft.server.rpc.timeout.max = 5200ms (custom)
2019-10-01 06:20:08,082 [pool-129-thread-1] INFO  server.RaftServerConfigKeys (ConfUtils.java:logGet(43)) - raft.server.rpcslowness.timeout = 120s (custom)
2019-10-01 06:20:08,082 [pool-129-thread-1] INFO  server.RaftServerConfigKeys (ConfUtils.java:logGet(43)) - raft.server.sleep.deviation.threshold = 300 (default)
2019-10-01 06:20:08,082 [pool-129-thread-1] INFO  server.RaftServerConfigKeys (ConfUtils.java:logGet(43)) - raft.server.log.appender.install.snapshot.enabled = false (custom)
2019-10-01 06:20:08,082 [pool-129-thread-1] INFO  impl.RaftServerImpl (ServerState.java:<init>(103)) - 9de54f0b-d70e-4752-94be-cce4a2ae2c62@group-341A1F6D08EB: ConfigurationManager, init=-1: [9de54f0b-d70e-4752-94be-cce4a2ae2c62:192.168.30.6:36854, 86efe969-c6da-4419-ba3d-b5528c33cccc:192.168.30.6:45298, 57378343-3ed6-4039-b787-fde917e7fae3:192.168.30.6:35146], old=null, confs=<EMPTY_MAP>
2019-10-01 06:20:08,082 [pool-139-thread-1] INFO  impl.RaftServerImpl (RaftServerImpl.java:<init>(95)) - 57378343-3ed6-4039-b787-fde917e7fae3: new RaftServerImpl for group-341A1F6D08EB:[9de54f0b-d70e-4752-94be-cce4a2ae2c62:192.168.30.6:36854, 86efe969-c6da-4419-ba3d-b5528c33cccc:192.168.30.6:45298, 57378343-3ed6-4039-b787-fde917e7fae3:192.168.30.6:35146] with ContainerStateMachine:uninitialized
2019-10-01 06:20:08,082 [pool-129-thread-1] INFO  server.RaftServerConfigKeys (ConfUtils.java:logGet(43)) - raft.server.storage.dir = [/workdir/hadoop-ozone/integration-test/target/test-dir/MiniOzoneClusterImpl-ce5315ad-6793-4ee7-a934-7ca72faf8a61/datanode-1/data/ratis] (custom)
2019-10-01 06:20:08,082 [pool-139-thread-1] INFO  server.RaftServerConfigKeys (ConfUtils.java:logGet(43)) - raft.server.rpc.timeout.min = 5s (custom)
2019-10-01 06:20:08,082 [pool-139-thread-1] INFO  server.RaftServerConfigKeys (ConfUtils.java:logGet(43)) - raft.server.rpc.timeout.max = 5200ms (custom)
2019-10-01 06:20:08,082 [pool-129-thread-1] INFO  server.RaftServerConfigKeys (ConfUtils.java:logGet(43)) - raft.server.log.corruption.policy = EXCEPTION (default)
2019-10-01 06:20:08,083 [pool-139-thread-1] INFO  server.RaftServerConfigKeys (ConfUtils.java:logGet(43)) - raft.server.rpcslowness.timeout = 120s (custom)
2019-10-01 06:20:08,083 [pool-129-thread-1] INFO  storage.RaftStorageDirectory (RaftStorageDirectory.java:analyzeStorage(246)) - The storage directory /workdir/hadoop-ozone/integration-test/target/test-dir/MiniOzoneClusterImpl-ce5315ad-6793-4ee7-a934-7ca72faf8a61/datanode-1/data/ratis/0d1eb5f0-0fd3-4bd6-b664-341a1f6d08eb does not exist. Creating ...
2019-10-01 06:20:08,083 [pool-139-thread-1] INFO  server.RaftServerConfigKeys (ConfUtils.java:logGet(43)) - raft.server.sleep.deviation.threshold = 300 (default)
2019-10-01 06:20:08,083 [pool-139-thread-1] INFO  server.RaftServerConfigKeys (ConfUtils.java:logGet(43)) - raft.server.log.appender.install.snapshot.enabled = false (custom)
2019-10-01 06:20:08,083 [pool-139-thread-1] INFO  impl.RaftServerImpl (ServerState.java:<init>(103)) - 57378343-3ed6-4039-b787-fde917e7fae3@group-341A1F6D08EB: ConfigurationManager, init=-1: [9de54f0b-d70e-4752-94be-cce4a2ae2c62:192.168.30.6:36854, 86efe969-c6da-4419-ba3d-b5528c33cccc:192.168.30.6:45298, 57378343-3ed6-4039-b787-fde917e7fae3:192.168.30.6:35146], old=null, confs=<EMPTY_MAP>
2019-10-01 06:20:08,083 [pool-139-thread-1] INFO  server.RaftServerConfigKeys (ConfUtils.java:logGet(43)) - raft.server.storage.dir = [/workdir/hadoop-ozone/integration-test/target/test-dir/MiniOzoneClusterImpl-ce5315ad-6793-4ee7-a934-7ca72faf8a61/datanode-2/data/ratis] (custom)
2019-10-01 06:20:08,083 [pool-139-thread-1] INFO  server.RaftServerConfigKeys (ConfUtils.java:logGet(43)) - raft.server.log.corruption.policy = EXCEPTION (default)
2019-10-01 06:20:08,084 [pool-139-thread-1] INFO  storage.RaftStorageDirectory (RaftStorageDirectory.java:analyzeStorage(246)) - The storage directory /workdir/hadoop-ozone/integration-test/target/test-dir/MiniOzoneClusterImpl-ce5315ad-6793-4ee7-a934-7ca72faf8a61/datanode-2/data/ratis/0d1eb5f0-0fd3-4bd6-b664-341a1f6d08eb does not exist. Creating ...
2019-10-01 06:20:08,097 [pool-139-thread-1] INFO  storage.RaftStorageDirectory (RaftStorageDirectory.java:tryLock(328)) - Lock on /workdir/hadoop-ozone/integration-test/target/test-dir/MiniOzoneClusterImpl-ce5315ad-6793-4ee7-a934-7ca72faf8a61/datanode-2/data/ratis/0d1eb5f0-0fd3-4bd6-b664-341a1f6d08eb/in_use.lock acquired by nodename 11602@trunk-nightly-20191001-qpwks-271313263
2019-10-01 06:20:08,097 [pool-119-thread-1] INFO  storage.RaftStorageDirectory (RaftStorageDirectory.java:tryLock(328)) - Lock on /workdir/hadoop-ozone/integration-test/target/test-dir/MiniOzoneClusterImpl-ce5315ad-6793-4ee7-a934-7ca72faf8a61/datanode-0/data/ratis/0d1eb5f0-0fd3-4bd6-b664-341a1f6d08eb/in_use.lock acquired by nodename 11602@trunk-nightly-20191001-qpwks-271313263
2019-10-01 06:20:08,097 [pool-129-thread-1] INFO  storage.RaftStorageDirectory (RaftStorageDirectory.java:tryLock(328)) - Lock on /workdir/hadoop-ozone/integration-test/target/test-dir/MiniOzoneClusterImpl-ce5315ad-6793-4ee7-a934-7ca72faf8a61/datanode-1/data/ratis/0d1eb5f0-0fd3-4bd6-b664-341a1f6d08eb/in_use.lock acquired by nodename 11602@trunk-nightly-20191001-qpwks-271313263
2019-10-01 06:20:08,135 [pool-129-thread-1] INFO  storage.RaftStorage (RaftStorage.java:format(84)) - Storage directory /workdir/hadoop-ozone/integration-test/target/test-dir/MiniOzoneClusterImpl-ce5315ad-6793-4ee7-a934-7ca72faf8a61/datanode-1/data/ratis/0d1eb5f0-0fd3-4bd6-b664-341a1f6d08eb has been successfully formatted.
2019-10-01 06:20:08,135 [pool-119-thread-1] INFO  storage.RaftStorage (RaftStorage.java:format(84)) - Storage directory /workdir/hadoop-ozone/integration-test/target/test-dir/MiniOzoneClusterImpl-ce5315ad-6793-4ee7-a934-7ca72faf8a61/datanode-0/data/ratis/0d1eb5f0-0fd3-4bd6-b664-341a1f6d08eb has been successfully formatted.
2019-10-01 06:20:08,135 [pool-139-thread-1] INFO  storage.RaftStorage (RaftStorage.java:format(84)) - Storage directory /workdir/hadoop-ozone/integration-test/target/test-dir/MiniOzoneClusterImpl-ce5315ad-6793-4ee7-a934-7ca72faf8a61/datanode-2/data/ratis/0d1eb5f0-0fd3-4bd6-b664-341a1f6d08eb has been successfully formatted.
2019-10-01 06:20:08,135 [pool-119-thread-1] INFO  ratis.ContainerStateMachine (ContainerStateMachine.java:loadSnapshot(230)) - group-341A1F6D08EB: The snapshot info is null. Setting the last applied indexto:(t:0, i:~)
2019-10-01 06:20:08,135 [pool-129-thread-1] INFO  ratis.ContainerStateMachine (ContainerStateMachine.java:loadSnapshot(230)) - group-341A1F6D08EB: The snapshot info is null. Setting the last applied indexto:(t:0, i:~)
2019-10-01 06:20:08,135 [pool-119-thread-1] INFO  server.RaftServerConfigKeys (ConfUtils.java:logGet(43)) - raft.server.notification.no-leader.timeout = 120s (custom)
2019-10-01 06:20:08,135 [pool-139-thread-1] INFO  ratis.ContainerStateMachine (ContainerStateMachine.java:loadSnapshot(230)) - group-341A1F6D08EB: The snapshot info is null. Setting the last applied indexto:(t:0, i:~)
2019-10-01 06:20:08,136 [pool-119-thread-1] INFO  server.RaftServerConfigKeys (ConfUtils.java:logGet(43)) - raft.server.log.use.memory = false (default)
2019-10-01 06:20:08,136 [pool-129-thread-1] INFO  server.RaftServerConfigKeys (ConfUtils.java:logGet(43)) - raft.server.notification.no-leader.timeout = 120s (custom)
2019-10-01 06:20:08,136 [pool-119-thread-1] INFO  server.RaftServerConfigKeys (ConfUtils.java:logGet(43)) - raft.server.log.purge.gap = 1000000 (custom)
2019-10-01 06:20:08,136 [pool-139-thread-1] INFO  server.RaftServerConfigKeys (ConfUtils.java:logGet(43)) - raft.server.notification.no-leader.timeout = 120s (custom)
2019-10-01 06:20:08,137 [pool-119-thread-1] INFO  server.RaftServerConfigKeys (ConfUtils.java:logGet(43)) - raft.server.log.appender.buffer.byte-limit = 33554432 (custom)
2019-10-01 06:20:08,136 [pool-129-thread-1] INFO  server.RaftServerConfigKeys (ConfUtils.java:logGet(43)) - raft.server.log.use.memory = false (default)
2019-10-01 06:20:08,137 [pool-119-thread-1] INFO  server.RaftServerConfigKeys (ConfUtils.java:logGet(43)) - raft.server.log.segment.size.max = 1048576 (custom)
2019-10-01 06:20:08,137 [pool-139-thread-1] INFO  server.RaftServerConfigKeys (ConfUtils.java:logGet(43)) - raft.server.log.use.memory = false (default)
2019-10-01 06:20:08,137 [pool-119-thread-1] INFO  server.RaftServerConfigKeys (ConfUtils.java:logGet(43)) - raft.server.log.segment.cache.num.max = 2 (custom)
2019-10-01 06:20:08,137 [pool-129-thread-1] INFO  server.RaftServerConfigKeys (ConfUtils.java:logGet(43)) - raft.server.log.purge.gap = 1000000 (custom)
2019-10-01 06:20:08,138 [pool-119-thread-1] INFO  segmented.SegmentedRaftLogWorker (SegmentedRaftLogWorker.java:<init>(173)) - new 86efe969-c6da-4419-ba3d-b5528c33cccc@group-341A1F6D08EB-SegmentedRaftLogWorker for RaftStorage:Storage Directory /workdir/hadoop-ozone/integration-test/target/test-dir/MiniOzoneClusterImpl-ce5315ad-6793-4ee7-a934-7ca72faf8a61/datanode-0/data/ratis/0d1eb5f0-0fd3-4bd6-b664-341a1f6d08eb
2019-10-01 06:20:08,137 [pool-139-thread-1] INFO  server.RaftServerConfigKeys (ConfUtils.java:logGet(43)) - raft.server.log.purge.gap = 1000000 (custom)
2019-10-01 06:20:08,138 [pool-119-thread-1] INFO  server.RaftServerConfigKeys (ConfUtils.java:logGet(43)) - raft.server.log.queue.byte-limit = 2147483647 (custom)
2019-10-01 06:20:08,138 [pool-129-thread-1] INFO  server.RaftServerConfigKeys (ConfUtils.java:logGet(43)) - raft.server.log.appender.buffer.byte-limit = 33554432 (custom)
2019-10-01 06:20:08,138 [pool-119-thread-1] INFO  server.RaftServerConfigKeys (ConfUtils.java:logGet(43)) - raft.server.log.queue.element-limit = 1024 (custom)
2019-10-01 06:20:08,138 [pool-139-thread-1] INFO  server.RaftServerConfigKeys (ConfUtils.java:logGet(43)) - raft.server.log.appender.buffer.byte-limit = 33554432 (custom)
2019-10-01 06:20:08,139 [pool-119-thread-1] INFO  server.RaftServerConfigKeys (ConfUtils.java:logGet(43)) - raft.server.log.segment.size.max = 1048576 (custom)
2019-10-01 06:20:08,139 [pool-129-thread-1] INFO  server.RaftServerConfigKeys (ConfUtils.java:logGet(43)) - raft.server.log.segment.size.max = 1048576 (custom)
2019-10-01 06:20:08,139 [pool-119-thread-1] INFO  server.RaftServerConfigKeys (ConfUtils.java:logGet(43)) - raft.server.log.preallocated.size = 16384 (custom)
2019-10-01 06:20:08,139 [pool-139-thread-1] INFO  server.RaftServerConfigKeys (ConfUtils.java:logGet(43)) - raft.server.log.segment.size.max = 1048576 (custom)
2019-10-01 06:20:08,140 [pool-119-thread-1] INFO  server.RaftServerConfigKeys (ConfUtils.java:logGet(43)) - raft.server.log.write.buffer.size = 33554432 (custom)
2019-10-01 06:20:08,140 [pool-129-thread-1] INFO  server.RaftServerConfigKeys (ConfUtils.java:logGet(43)) - raft.server.log.segment.cache.num.max = 2 (custom)
2019-10-01 06:20:08,140 [pool-119-thread-1] INFO  server.RaftServerConfigKeys (ConfUtils.java:logGet(43)) - raft.server.log.force.sync.num = 128 (default)
2019-10-01 06:20:08,140 [pool-139-thread-1] INFO  server.RaftServerConfigKeys (ConfUtils.java:logGet(43)) - raft.server.log.segment.cache.num.max = 2 (custom)
2019-10-01 06:20:08,141 [pool-119-thread-1] INFO  server.RaftServerConfigKeys (ConfUtils.java:logGet(43)) - raft.server.log.statemachine.data.sync = true (default)
2019-10-01 06:20:08,140 [pool-129-thread-1] INFO  segmented.SegmentedRaftLogWorker (SegmentedRaftLogWorker.java:<init>(173)) - new 9de54f0b-d70e-4752-94be-cce4a2ae2c62@group-341A1F6D08EB-SegmentedRaftLogWorker for RaftStorage:Storage Directory /workdir/hadoop-ozone/integration-test/target/test-dir/MiniOzoneClusterImpl-ce5315ad-6793-4ee7-a934-7ca72faf8a61/datanode-1/data/ratis/0d1eb5f0-0fd3-4bd6-b664-341a1f6d08eb
2019-10-01 06:20:08,141 [pool-119-thread-1] INFO  server.RaftServerConfigKeys (ConfUtils.java:logGet(43)) - raft.server.log.statemachine.data.sync.timeout = 10s (default)
2019-10-01 06:20:08,141 [pool-139-thread-1] INFO  segmented.SegmentedRaftLogWorker (SegmentedRaftLogWorker.java:<init>(173)) - new 57378343-3ed6-4039-b787-fde917e7fae3@group-341A1F6D08EB-SegmentedRaftLogWorker for RaftStorage:Storage Directory /workdir/hadoop-ozone/integration-test/target/test-dir/MiniOzoneClusterImpl-ce5315ad-6793-4ee7-a934-7ca72faf8a61/datanode-2/data/ratis/0d1eb5f0-0fd3-4bd6-b664-341a1f6d08eb
2019-10-01 06:20:08,141 [pool-119-thread-1] INFO  server.RaftServerConfigKeys (ConfUtils.java:logGet(43)) - raft.server.log.statemachine.data.sync.timeout.retry = -1 (default)
2019-10-01 06:20:08,141 [pool-129-thread-1] INFO  server.RaftServerConfigKeys (ConfUtils.java:logGet(43)) - raft.server.log.queue.byte-limit = 2147483647 (custom)
2019-10-01 06:20:08,142 [pool-119-thread-1] INFO  server.RaftServerConfigKeys (ConfUtils.java:logGet(43)) - raft.server.log.statemachine.data.caching.enabled = true (custom)
2019-10-01 06:20:08,141 [pool-139-thread-1] INFO  server.RaftServerConfigKeys (ConfUtils.java:logGet(43)) - raft.server.log.queue.byte-limit = 2147483647 (custom)
2019-10-01 06:20:08,142 [pool-119-thread-1] INFO  segmented.SegmentedRaftLogWorker (SegmentedRaftLogWorker.java:lambda$new$0(128)) - 86efe969-c6da-4419-ba3d-b5528c33cccc@group-341A1F6D08EB-SegmentedRaftLogWorker: flushIndex: setUnconditionally 0 -> -1
2019-10-01 06:20:08,142 [pool-129-thread-1] INFO  server.RaftServerConfigKeys (ConfUtils.java:logGet(43)) - raft.server.log.queue.element-limit = 1024 (custom)
2019-10-01 06:20:08,142 [pool-139-thread-1] INFO  server.RaftServerConfigKeys (ConfUtils.java:logGet(43)) - raft.server.log.queue.element-limit = 1024 (custom)
2019-10-01 06:20:08,143 [pool-129-thread-1] INFO  server.RaftServerConfigKeys (ConfUtils.java:logGet(43)) - raft.server.log.segment.size.max = 1048576 (custom)
2019-10-01 06:20:08,143 [pool-119-thread-1] INFO  server.RaftServerConfigKeys (ConfUtils.java:logGet(43)) - raft.server.snapshot.auto.trigger.enabled = true (custom)
2019-10-01 06:20:08,143 [pool-129-thread-1] INFO  server.RaftServerConfigKeys (ConfUtils.java:logGet(43)) - raft.server.log.preallocated.size = 16384 (custom)
2019-10-01 06:20:08,143 [pool-139-thread-1] INFO  server.RaftServerConfigKeys (ConfUtils.java:logGet(43)) - raft.server.log.segment.size.max = 1048576 (custom)
2019-10-01 06:20:08,143 [pool-129-thread-1] INFO  server.RaftServerConfigKeys (ConfUtils.java:logGet(43)) - raft.server.log.write.buffer.size = 33554432 (custom)
2019-10-01 06:20:08,143 [pool-119-thread-1] INFO  server.RaftServerConfigKeys (ConfUtils.java:logGet(43)) - raft.server.snapshot.auto.trigger.threshold = 10000 (custom)
2019-10-01 06:20:08,143 [pool-129-thread-1] INFO  server.RaftServerConfigKeys (ConfUtils.java:logGet(43)) - raft.server.log.force.sync.num = 128 (default)
2019-10-01 06:20:08,143 [pool-139-thread-1] INFO  server.RaftServerConfigKeys (ConfUtils.java:logGet(43)) - raft.server.log.preallocated.size = 16384 (custom)
2019-10-01 06:20:08,144 [pool-129-thread-1] INFO  server.RaftServerConfigKeys (ConfUtils.java:logGet(43)) - raft.server.log.statemachine.data.sync = true (default)
2019-10-01 06:20:08,144 [pool-119-thread-1] INFO  server.RaftServerConfigKeys (ConfUtils.java:logGet(43)) - raft.server.snapshot.retention.file.num = 5 (custom)
2019-10-01 06:20:08,144 [pool-129-thread-1] INFO  server.RaftServerConfigKeys (ConfUtils.java:logGet(43)) - raft.server.log.statemachine.data.sync.timeout = 10s (default)
2019-10-01 06:20:08,144 [pool-139-thread-1] INFO  server.RaftServerConfigKeys (ConfUtils.java:logGet(43)) - raft.server.log.write.buffer.size = 33554432 (custom)
2019-10-01 06:20:08,144 [pool-129-thread-1] INFO  server.RaftServerConfigKeys (ConfUtils.java:logGet(43)) - raft.server.log.statemachine.data.sync.timeout.retry = -1 (default)
2019-10-01 06:20:08,144 [pool-119-thread-1] INFO  server.RaftServerConfigKeys (ConfUtils.java:logGet(43)) - raft.server.retrycache.expirytime = 600000ms (custom)
2019-10-01 06:20:08,144 [pool-139-thread-1] INFO  server.RaftServerConfigKeys (ConfUtils.java:logGet(43)) - raft.server.log.force.sync.num = 128 (default)
2019-10-01 06:20:08,145 [pool-129-thread-1] INFO  server.RaftServerConfigKeys (ConfUtils.java:logGet(43)) - raft.server.log.statemachine.data.caching.enabled = true (custom)
2019-10-01 06:20:08,145 [pool-139-thread-1] INFO  server.RaftServerConfigKeys (ConfUtils.java:logGet(43)) - raft.server.log.statemachine.data.sync = true (default)
2019-10-01 06:20:08,145 [pool-139-thread-1] INFO  server.RaftServerConfigKeys (ConfUtils.java:logGet(43)) - raft.server.log.statemachine.data.sync.timeout = 10s (default)
2019-10-01 06:20:08,145 [pool-129-thread-1] INFO  segmented.SegmentedRaftLogWorker (SegmentedRaftLogWorker.java:lambda$new$0(128)) - 9de54f0b-d70e-4752-94be-cce4a2ae2c62@group-341A1F6D08EB-SegmentedRaftLogWorker: flushIndex: setUnconditionally 0 -> -1
2019-10-01 06:20:08,145 [pool-139-thread-1] INFO  server.RaftServerConfigKeys (ConfUtils.java:logGet(43)) - raft.server.log.statemachine.data.sync.timeout.retry = -1 (default)
2019-10-01 06:20:08,146 [pool-129-thread-1] INFO  server.RaftServerConfigKeys (ConfUtils.java:logGet(43)) - raft.server.snapshot.auto.trigger.enabled = true (custom)
2019-10-01 06:20:08,146 [pool-139-thread-1] INFO  server.RaftServerConfigKeys (ConfUtils.java:logGet(43)) - raft.server.log.statemachine.data.caching.enabled = true (custom)
2019-10-01 06:20:08,146 [pool-129-thread-1] INFO  server.RaftServerConfigKeys (ConfUtils.java:logGet(43)) - raft.server.snapshot.auto.trigger.threshold = 10000 (custom)
2019-10-01 06:20:08,146 [pool-129-thread-1] INFO  server.RaftServerConfigKeys (ConfUtils.java:logGet(43)) - raft.server.snapshot.retention.file.num = 5 (custom)
2019-10-01 06:20:08,146 [pool-139-thread-1] INFO  segmented.SegmentedRaftLogWorker (SegmentedRaftLogWorker.java:lambda$new$0(128)) - 57378343-3ed6-4039-b787-fde917e7fae3@group-341A1F6D08EB-SegmentedRaftLogWorker: flushIndex: setUnconditionally 0 -> -1
2019-10-01 06:20:08,146 [pool-129-thread-1] INFO  server.RaftServerConfigKeys (ConfUtils.java:logGet(43)) - raft.server.retrycache.expirytime = 600000ms (custom)
2019-10-01 06:20:08,146 [pool-139-thread-1] INFO  server.RaftServerConfigKeys (ConfUtils.java:logGet(43)) - raft.server.snapshot.auto.trigger.enabled = true (custom)
2019-10-01 06:20:08,147 [pool-139-thread-1] INFO  server.RaftServerConfigKeys (ConfUtils.java:logGet(43)) - raft.server.snapshot.auto.trigger.threshold = 10000 (custom)
2019-10-01 06:20:08,147 [pool-139-thread-1] INFO  server.RaftServerConfigKeys (ConfUtils.java:logGet(43)) - raft.server.snapshot.retention.file.num = 5 (custom)
2019-10-01 06:20:08,147 [pool-139-thread-1] INFO  server.RaftServerConfigKeys (ConfUtils.java:logGet(43)) - raft.server.retrycache.expirytime = 600000ms (custom)
2019-10-01 06:20:08,150 [pool-119-thread-1] INFO  impl.RaftServerImpl (RaftServerImpl.java:start(181)) - 86efe969-c6da-4419-ba3d-b5528c33cccc@group-341A1F6D08EB: start as a follower, conf=-1: [9de54f0b-d70e-4752-94be-cce4a2ae2c62:192.168.30.6:36854, 86efe969-c6da-4419-ba3d-b5528c33cccc:192.168.30.6:45298, 57378343-3ed6-4039-b787-fde917e7fae3:192.168.30.6:35146], old=null
2019-10-01 06:20:08,150 [pool-119-thread-1] INFO  impl.RaftServerImpl (RaftServerImpl.java:setRole(170)) - 86efe969-c6da-4419-ba3d-b5528c33cccc@group-341A1F6D08EB: changes role from      null to FOLLOWER at term 0 for startAsFollower
2019-10-01 06:20:08,150 [pool-119-thread-1] INFO  impl.RoleInfo (RoleInfo.java:updateAndGet(143)) - 86efe969-c6da-4419-ba3d-b5528c33cccc: start FollowerState
2019-10-01 06:20:08,151 [pool-119-thread-1] INFO  util.JmxRegister (JmxRegister.java:tryRegister(44)) - Successfully registered JMX Bean with object name Ratis:service=RaftServer,group=group-341A1F6D08EB,id=86efe969-c6da-4419-ba3d-b5528c33cccc
2019-10-01 06:20:08,152 [pool-139-thread-1] INFO  impl.RaftServerImpl (RaftServerImpl.java:start(181)) - 57378343-3ed6-4039-b787-fde917e7fae3@group-341A1F6D08EB: start as a follower, conf=-1: [9de54f0b-d70e-4752-94be-cce4a2ae2c62:192.168.30.6:36854, 86efe969-c6da-4419-ba3d-b5528c33cccc:192.168.30.6:45298, 57378343-3ed6-4039-b787-fde917e7fae3:192.168.30.6:35146], old=null
2019-10-01 06:20:08,152 [pool-129-thread-1] INFO  impl.RaftServerImpl (RaftServerImpl.java:start(181)) - 9de54f0b-d70e-4752-94be-cce4a2ae2c62@group-341A1F6D08EB: start as a follower, conf=-1: [9de54f0b-d70e-4752-94be-cce4a2ae2c62:192.168.30.6:36854, 86efe969-c6da-4419-ba3d-b5528c33cccc:192.168.30.6:45298, 57378343-3ed6-4039-b787-fde917e7fae3:192.168.30.6:35146], old=null
2019-10-01 06:20:08,152 [pool-139-thread-1] INFO  impl.RaftServerImpl (RaftServerImpl.java:setRole(170)) - 57378343-3ed6-4039-b787-fde917e7fae3@group-341A1F6D08EB: changes role from      null to FOLLOWER at term 0 for startAsFollower
2019-10-01 06:20:08,152 [pool-129-thread-1] INFO  impl.RaftServerImpl (RaftServerImpl.java:setRole(170)) - 9de54f0b-d70e-4752-94be-cce4a2ae2c62@group-341A1F6D08EB: changes role from      null to FOLLOWER at term 0 for startAsFollower
2019-10-01 06:20:08,152 [pool-139-thread-1] INFO  impl.RoleInfo (RoleInfo.java:updateAndGet(143)) - 57378343-3ed6-4039-b787-fde917e7fae3: start FollowerState
2019-10-01 06:20:08,152 [pool-129-thread-1] INFO  impl.RoleInfo (RoleInfo.java:updateAndGet(143)) - 9de54f0b-d70e-4752-94be-cce4a2ae2c62: start FollowerState
2019-10-01 06:20:08,153 [pool-139-thread-1] INFO  util.JmxRegister (JmxRegister.java:tryRegister(44)) - Successfully registered JMX Bean with object name Ratis:service=RaftServer,group=group-341A1F6D08EB,id=57378343-3ed6-4039-b787-fde917e7fae3
2019-10-01 06:20:08,153 [pool-129-thread-1] INFO  util.JmxRegister (JmxRegister.java:tryRegister(44)) - Successfully registered JMX Bean with object name Ratis:service=RaftServer,group=group-341A1F6D08EB,id=9de54f0b-d70e-4752-94be-cce4a2ae2c62
2019-10-01 06:20:08,170 [RatisPipelineUtilsThread] INFO  pipeline.PipelineStateManager (PipelineStateManager.java:addPipeline(56)) - Created pipeline Pipeline[ Id: 0d1eb5f0-0fd3-4bd6-b664-341a1f6d08eb, Nodes: 57378343-3ed6-4039-b787-fde917e7fae3{ip: 192.168.30.6, host: trunk-nightly-20191001-qpwks-271313263, networkLocation: /default-rack, certSerialId: null}9de54f0b-d70e-4752-94be-cce4a2ae2c62{ip: 192.168.30.6, host: trunk-nightly-20191001-qpwks-271313263, networkLocation: /default-rack, certSerialId: null}86efe969-c6da-4419-ba3d-b5528c33cccc{ip: 192.168.30.6, host: trunk-nightly-20191001-qpwks-271313263, networkLocation: /default-rack, certSerialId: null}, Type:RATIS, Factor:THREE, State:OPEN]
2019-10-01 06:20:08,239 [IPC Server handler 8 on 39625] INFO  net.NetworkTopology (NetworkTopologyImpl.java:add(111)) - Added a new node: /default-rack/11f64b2c-99f5-49b2-9b46-7b6752e7b6a9
2019-10-01 06:20:08,240 [IPC Server handler 8 on 39625] INFO  node.SCMNodeManager (SCMNodeManager.java:register(266)) - Registered Data node : 11f64b2c-99f5-49b2-9b46-7b6752e7b6a9{ip: 192.168.30.6, host: trunk-nightly-20191001-qpwks-271313263, networkLocation: /default-rack, certSerialId: null}
2019-10-01 06:20:08,251 [grpc-default-executor-2] INFO  impl.RaftServerProxy (RaftServerProxy.java:addNew(89)) - 11f64b2c-99f5-49b2-9b46-7b6752e7b6a9: addNew group-C88669732FF3:[11f64b2c-99f5-49b2-9b46-7b6752e7b6a9:192.168.30.6:33500] returns group-C88669732FF3:java.util.concurrent.CompletableFuture@700ae5e1[Not completed]
2019-10-01 06:20:08,258 [pool-149-thread-1] INFO  impl.RaftServerImpl (RaftServerImpl.java:<init>(95)) - 11f64b2c-99f5-49b2-9b46-7b6752e7b6a9: new RaftServerImpl for group-C88669732FF3:[11f64b2c-99f5-49b2-9b46-7b6752e7b6a9:192.168.30.6:33500] with ContainerStateMachine:uninitialized
2019-10-01 06:20:08,258 [pool-149-thread-1] INFO  server.RaftServerConfigKeys (ConfUtils.java:logGet(43)) - raft.server.rpc.timeout.min = 5s (custom)
2019-10-01 06:20:08,258 [pool-149-thread-1] INFO  server.RaftServerConfigKeys (ConfUtils.java:logGet(43)) - raft.server.rpc.timeout.max = 5200ms (custom)
2019-10-01 06:20:08,258 [pool-149-thread-1] INFO  server.RaftServerConfigKeys (ConfUtils.java:logGet(43)) - raft.server.rpcslowness.timeout = 120s (custom)
2019-10-01 06:20:08,258 [pool-149-thread-1] INFO  server.RaftServerConfigKeys (ConfUtils.java:logGet(43)) - raft.server.sleep.deviation.threshold = 300 (default)
2019-10-01 06:20:08,258 [pool-149-thread-1] INFO  server.RaftServerConfigKeys (ConfUtils.java:logGet(43)) - raft.server.log.appender.install.snapshot.enabled = false (custom)
2019-10-01 06:20:08,259 [pool-149-thread-1] INFO  impl.RaftServerImpl (ServerState.java:<init>(103)) - 11f64b2c-99f5-49b2-9b46-7b6752e7b6a9@group-C88669732FF3: ConfigurationManager, init=-1: [11f64b2c-99f5-49b2-9b46-7b6752e7b6a9:192.168.30.6:33500], old=null, confs=<EMPTY_MAP>
2019-10-01 06:20:08,259 [pool-149-thread-1] INFO  server.RaftServerConfigKeys (ConfUtils.java:logGet(43)) - raft.server.storage.dir = [/workdir/hadoop-ozone/integration-test/target/test-dir/MiniOzoneClusterImpl-ce5315ad-6793-4ee7-a934-7ca72faf8a61/datanode-3/data/ratis] (custom)
2019-10-01 06:20:08,259 [pool-149-thread-1] INFO  server.RaftServerConfigKeys (ConfUtils.java:logGet(43)) - raft.server.log.corruption.policy = EXCEPTION (default)
2019-10-01 06:20:08,259 [pool-149-thread-1] INFO  storage.RaftStorageDirectory (RaftStorageDirectory.java:analyzeStorage(246)) - The storage directory /workdir/hadoop-ozone/integration-test/target/test-dir/MiniOzoneClusterImpl-ce5315ad-6793-4ee7-a934-7ca72faf8a61/datanode-3/data/ratis/2f454d6f-b14b-4df5-916e-c88669732ff3 does not exist. Creating ...
2019-10-01 06:20:08,308 [pool-149-thread-1] INFO  storage.RaftStorageDirectory (RaftStorageDirectory.java:tryLock(328)) - Lock on /workdir/hadoop-ozone/integration-test/target/test-dir/MiniOzoneClusterImpl-ce5315ad-6793-4ee7-a934-7ca72faf8a61/datanode-3/data/ratis/2f454d6f-b14b-4df5-916e-c88669732ff3/in_use.lock acquired by nodename 11602@trunk-nightly-20191001-qpwks-271313263
2019-10-01 06:20:08,327 [IPC Server handler 9 on 39625] INFO  net.NetworkTopology (NetworkTopologyImpl.java:add(111)) - Added a new node: /default-rack/60795f62-fbba-4768-929c-d7591d2b118e
2019-10-01 06:20:08,327 [IPC Server handler 9 on 39625] INFO  node.SCMNodeManager (SCMNodeManager.java:register(266)) - Registered Data node : 60795f62-fbba-4768-929c-d7591d2b118e{ip: 192.168.30.6, host: trunk-nightly-20191001-qpwks-271313263, networkLocation: /default-rack, certSerialId: null}
2019-10-01 06:20:08,354 [pool-149-thread-1] INFO  storage.RaftStorage (RaftStorage.java:format(84)) - Storage directory /workdir/hadoop-ozone/integration-test/target/test-dir/MiniOzoneClusterImpl-ce5315ad-6793-4ee7-a934-7ca72faf8a61/datanode-3/data/ratis/2f454d6f-b14b-4df5-916e-c88669732ff3 has been successfully formatted.
2019-10-01 06:20:08,354 [pool-149-thread-1] INFO  ratis.ContainerStateMachine (ContainerStateMachine.java:loadSnapshot(230)) - group-C88669732FF3: The snapshot info is null. Setting the last applied indexto:(t:0, i:~)
2019-10-01 06:20:08,355 [pool-149-thread-1] INFO  server.RaftServerConfigKeys (ConfUtils.java:logGet(43)) - raft.server.notification.no-leader.timeout = 120s (custom)
2019-10-01 06:20:08,355 [pool-149-thread-1] INFO  server.RaftServerConfigKeys (ConfUtils.java:logGet(43)) - raft.server.log.use.memory = false (default)
2019-10-01 06:20:08,355 [pool-149-thread-1] INFO  server.RaftServerConfigKeys (ConfUtils.java:logGet(43)) - raft.server.log.purge.gap = 1000000 (custom)
2019-10-01 06:20:08,355 [pool-149-thread-1] INFO  server.RaftServerConfigKeys (ConfUtils.java:logGet(43)) - raft.server.log.appender.buffer.byte-limit = 33554432 (custom)
2019-10-01 06:20:08,356 [pool-149-thread-1] INFO  server.RaftServerConfigKeys (ConfUtils.java:logGet(43)) - raft.server.log.segment.size.max = 1048576 (custom)
2019-10-01 06:20:08,360 [pool-149-thread-1] INFO  server.RaftServerConfigKeys (ConfUtils.java:logGet(43)) - raft.server.log.segment.cache.num.max = 2 (custom)
2019-10-01 06:20:08,360 [pool-149-thread-1] INFO  segmented.SegmentedRaftLogWorker (SegmentedRaftLogWorker.java:<init>(173)) - new 11f64b2c-99f5-49b2-9b46-7b6752e7b6a9@group-C88669732FF3-SegmentedRaftLogWorker for RaftStorage:Storage Directory /workdir/hadoop-ozone/integration-test/target/test-dir/MiniOzoneClusterImpl-ce5315ad-6793-4ee7-a934-7ca72faf8a61/datanode-3/data/ratis/2f454d6f-b14b-4df5-916e-c88669732ff3
2019-10-01 06:20:08,360 [pool-149-thread-1] INFO  server.RaftServerConfigKeys (ConfUtils.java:logGet(43)) - raft.server.log.queue.byte-limit = 2147483647 (custom)
2019-10-01 06:20:08,360 [pool-149-thread-1] INFO  server.RaftServerConfigKeys (ConfUtils.java:logGet(43)) - raft.server.log.queue.element-limit = 1024 (custom)
2019-10-01 06:20:08,360 [pool-149-thread-1] INFO  server.RaftServerConfigKeys (ConfUtils.java:logGet(43)) - raft.server.log.segment.size.max = 1048576 (custom)
2019-10-01 06:20:08,361 [pool-149-thread-1] INFO  server.RaftServerConfigKeys (ConfUtils.java:logGet(43)) - raft.server.log.preallocated.size = 16384 (custom)
2019-10-01 06:20:08,361 [pool-149-thread-1] INFO  server.RaftServerConfigKeys (ConfUtils.java:logGet(43)) - raft.server.log.write.buffer.size = 33554432 (custom)
2019-10-01 06:20:08,361 [pool-149-thread-1] INFO  server.RaftServerConfigKeys (ConfUtils.java:logGet(43)) - raft.server.log.force.sync.num = 128 (default)
2019-10-01 06:20:08,361 [pool-149-thread-1] INFO  server.RaftServerConfigKeys (ConfUtils.java:logGet(43)) - raft.server.log.statemachine.data.sync = true (default)
2019-10-01 06:20:08,361 [pool-149-thread-1] INFO  server.RaftServerConfigKeys (ConfUtils.java:logGet(43)) - raft.server.log.statemachine.data.sync.timeout = 10s (default)
2019-10-01 06:20:08,362 [pool-149-thread-1] INFO  server.RaftServerConfigKeys (ConfUtils.java:logGet(43)) - raft.server.log.statemachine.data.sync.timeout.retry = -1 (default)
2019-10-01 06:20:08,363 [pool-149-thread-1] INFO  server.RaftServerConfigKeys (ConfUtils.java:logGet(43)) - raft.server.log.statemachine.data.caching.enabled = true (custom)
2019-10-01 06:20:08,363 [pool-149-thread-1] INFO  segmented.SegmentedRaftLogWorker (SegmentedRaftLogWorker.java:lambda$new$0(128)) - 11f64b2c-99f5-49b2-9b46-7b6752e7b6a9@group-C88669732FF3-SegmentedRaftLogWorker: flushIndex: setUnconditionally 0 -> -1
2019-10-01 06:20:08,363 [pool-149-thread-1] INFO  server.RaftServerConfigKeys (ConfUtils.java:logGet(43)) - raft.server.snapshot.auto.trigger.enabled = true (custom)
2019-10-01 06:20:08,364 [pool-149-thread-1] INFO  server.RaftServerConfigKeys (ConfUtils.java:logGet(43)) - raft.server.snapshot.auto.trigger.threshold = 10000 (custom)
2019-10-01 06:20:08,364 [pool-149-thread-1] INFO  server.RaftServerConfigKeys (ConfUtils.java:logGet(43)) - raft.server.snapshot.retention.file.num = 5 (custom)
2019-10-01 06:20:08,364 [pool-149-thread-1] INFO  server.RaftServerConfigKeys (ConfUtils.java:logGet(43)) - raft.server.retrycache.expirytime = 600000ms (custom)
2019-10-01 06:20:08,368 [pool-149-thread-1] INFO  impl.RaftServerImpl (RaftServerImpl.java:start(181)) - 11f64b2c-99f5-49b2-9b46-7b6752e7b6a9@group-C88669732FF3: start as a follower, conf=-1: [11f64b2c-99f5-49b2-9b46-7b6752e7b6a9:192.168.30.6:33500], old=null
2019-10-01 06:20:08,368 [pool-149-thread-1] INFO  impl.RaftServerImpl (RaftServerImpl.java:setRole(170)) - 11f64b2c-99f5-49b2-9b46-7b6752e7b6a9@group-C88669732FF3: changes role from      null to FOLLOWER at term 0 for startAsFollower
2019-10-01 06:20:08,368 [pool-149-thread-1] INFO  impl.RoleInfo (RoleInfo.java:updateAndGet(143)) - 11f64b2c-99f5-49b2-9b46-7b6752e7b6a9: start FollowerState
2019-10-01 06:20:08,382 [pool-149-thread-1] INFO  util.JmxRegister (JmxRegister.java:tryRegister(44)) - Successfully registered JMX Bean with object name Ratis:service=RaftServer,group=group-C88669732FF3,id=11f64b2c-99f5-49b2-9b46-7b6752e7b6a9
2019-10-01 06:20:08,400 [IPC Server handler 3 on 39625] INFO  net.NetworkTopology (NetworkTopologyImpl.java:add(111)) - Added a new node: /default-rack/e84c731b-f6d2-414b-8390-142f304c567a
2019-10-01 06:20:08,400 [IPC Server handler 3 on 39625] INFO  node.SCMNodeManager (SCMNodeManager.java:register(266)) - Registered Data node : e84c731b-f6d2-414b-8390-142f304c567a{ip: 192.168.30.6, host: trunk-nightly-20191001-qpwks-271313263, networkLocation: /default-rack, certSerialId: null}
2019-10-01 06:20:08,401 [RatisPipelineUtilsThread] INFO  pipeline.PipelineStateManager (PipelineStateManager.java:addPipeline(56)) - Created pipeline Pipeline[ Id: 2f454d6f-b14b-4df5-916e-c88669732ff3, Nodes: 11f64b2c-99f5-49b2-9b46-7b6752e7b6a9{ip: 192.168.30.6, host: trunk-nightly-20191001-qpwks-271313263, networkLocation: /default-rack, certSerialId: null}, Type:RATIS, Factor:ONE, State:OPEN]
2019-10-01 06:20:08,411 [grpc-default-executor-2] INFO  impl.RaftServerProxy (RaftServerProxy.java:addNew(89)) - e84c731b-f6d2-414b-8390-142f304c567a: addNew group-D77143095242:[e84c731b-f6d2-414b-8390-142f304c567a:192.168.30.6:34691] returns group-D77143095242:java.util.concurrent.CompletableFuture@fa1f889[Not completed]
2019-10-01 06:20:08,416 [pool-169-thread-1] INFO  impl.RaftServerImpl (RaftServerImpl.java:<init>(95)) - e84c731b-f6d2-414b-8390-142f304c567a: new RaftServerImpl for group-D77143095242:[e84c731b-f6d2-414b-8390-142f304c567a:192.168.30.6:34691] with ContainerStateMachine:uninitialized
2019-10-01 06:20:08,416 [pool-169-thread-1] INFO  server.RaftServerConfigKeys (ConfUtils.java:logGet(43)) - raft.server.rpc.timeout.min = 5s (custom)
2019-10-01 06:20:08,416 [pool-169-thread-1] INFO  server.RaftServerConfigKeys (ConfUtils.java:logGet(43)) - raft.server.rpc.timeout.max = 5200ms (custom)
2019-10-01 06:20:08,416 [pool-169-thread-1] INFO  server.RaftServerConfigKeys (ConfUtils.java:logGet(43)) - raft.server.rpcslowness.timeout = 120s (custom)
2019-10-01 06:20:08,416 [pool-169-thread-1] INFO  server.RaftServerConfigKeys (ConfUtils.java:logGet(43)) - raft.server.sleep.deviation.threshold = 300 (default)
2019-10-01 06:20:08,416 [pool-169-thread-1] INFO  server.RaftServerConfigKeys (ConfUtils.java:logGet(43)) - raft.server.log.appender.install.snapshot.enabled = false (custom)
2019-10-01 06:20:08,417 [pool-169-thread-1] INFO  impl.RaftServerImpl (ServerState.java:<init>(103)) - e84c731b-f6d2-414b-8390-142f304c567a@group-D77143095242: ConfigurationManager, init=-1: [e84c731b-f6d2-414b-8390-142f304c567a:192.168.30.6:34691], old=null, confs=<EMPTY_MAP>
2019-10-01 06:20:08,417 [pool-169-thread-1] INFO  server.RaftServerConfigKeys (ConfUtils.java:logGet(43)) - raft.server.storage.dir = [/workdir/hadoop-ozone/integration-test/target/test-dir/MiniOzoneClusterImpl-ce5315ad-6793-4ee7-a934-7ca72faf8a61/datanode-5/data/ratis] (custom)
2019-10-01 06:20:08,417 [pool-169-thread-1] INFO  server.RaftServerConfigKeys (ConfUtils.java:logGet(43)) - raft.server.log.corruption.policy = EXCEPTION (default)
2019-10-01 06:20:08,417 [pool-169-thread-1] INFO  storage.RaftStorageDirectory (RaftStorageDirectory.java:analyzeStorage(246)) - The storage directory /workdir/hadoop-ozone/integration-test/target/test-dir/MiniOzoneClusterImpl-ce5315ad-6793-4ee7-a934-7ca72faf8a61/datanode-5/data/ratis/383b218f-dc8f-4d49-9a4a-d77143095242 does not exist. Creating ...
2019-10-01 06:20:08,442 [pool-169-thread-1] INFO  storage.RaftStorageDirectory (RaftStorageDirectory.java:tryLock(328)) - Lock on /workdir/hadoop-ozone/integration-test/target/test-dir/MiniOzoneClusterImpl-ce5315ad-6793-4ee7-a934-7ca72faf8a61/datanode-5/data/ratis/383b218f-dc8f-4d49-9a4a-d77143095242/in_use.lock acquired by nodename 11602@trunk-nightly-20191001-qpwks-271313263
2019-10-01 06:20:08,465 [main] INFO  ozone.MiniOzoneClusterImpl (MiniOzoneClusterImpl.java:lambda$waitForClusterToBeReady$0(147)) - Waiting for cluster to be ready. Got 6 of 7 DN Heartbeats.
2019-10-01 06:20:08,468 [IPC Server handler 2 on 39625] INFO  net.NetworkTopology (NetworkTopologyImpl.java:add(111)) - Added a new node: /default-rack/7735a92a-bb01-4e99-9b66-6d2afd65688b
2019-10-01 06:20:08,469 [IPC Server handler 2 on 39625] INFO  node.SCMNodeManager (SCMNodeManager.java:register(266)) - Registered Data node : 7735a92a-bb01-4e99-9b66-6d2afd65688b{ip: 192.168.30.6, host: trunk-nightly-20191001-qpwks-271313263, networkLocation: /default-rack, certSerialId: null}
2019-10-01 06:20:08,471 [pool-169-thread-1] INFO  storage.RaftStorage (RaftStorage.java:format(84)) - Storage directory /workdir/hadoop-ozone/integration-test/target/test-dir/MiniOzoneClusterImpl-ce5315ad-6793-4ee7-a934-7ca72faf8a61/datanode-5/data/ratis/383b218f-dc8f-4d49-9a4a-d77143095242 has been successfully formatted.
2019-10-01 06:20:08,471 [pool-169-thread-1] INFO  ratis.ContainerStateMachine (ContainerStateMachine.java:loadSnapshot(230)) - group-D77143095242: The snapshot info is null. Setting the last applied indexto:(t:0, i:~)
2019-10-01 06:20:08,472 [pool-169-thread-1] INFO  server.RaftServerConfigKeys (ConfUtils.java:logGet(43)) - raft.server.notification.no-leader.timeout = 120s (custom)
2019-10-01 06:20:08,472 [pool-169-thread-1] INFO  server.RaftServerConfigKeys (ConfUtils.java:logGet(43)) - raft.server.log.use.memory = false (default)
2019-10-01 06:20:08,472 [pool-169-thread-1] INFO  server.RaftServerConfigKeys (ConfUtils.java:logGet(43)) - raft.server.log.purge.gap = 1000000 (custom)
2019-10-01 06:20:08,472 [pool-169-thread-1] INFO  server.RaftServerConfigKeys (ConfUtils.java:logGet(43)) - raft.server.log.appender.buffer.byte-limit = 33554432 (custom)
2019-10-01 06:20:08,472 [pool-169-thread-1] INFO  server.RaftServerConfigKeys (ConfUtils.java:logGet(43)) - raft.server.log.segment.size.max = 1048576 (custom)
2019-10-01 06:20:08,475 [pool-169-thread-1] INFO  server.RaftServerConfigKeys (ConfUtils.java:logGet(43)) - raft.server.log.segment.cache.num.max = 2 (custom)
2019-10-01 06:20:08,475 [pool-169-thread-1] INFO  segmented.SegmentedRaftLogWorker (SegmentedRaftLogWorker.java:<init>(173)) - new e84c731b-f6d2-414b-8390-142f304c567a@group-D77143095242-SegmentedRaftLogWorker for RaftStorage:Storage Directory /workdir/hadoop-ozone/integration-test/target/test-dir/MiniOzoneClusterImpl-ce5315ad-6793-4ee7-a934-7ca72faf8a61/datanode-5/data/ratis/383b218f-dc8f-4d49-9a4a-d77143095242
2019-10-01 06:20:08,475 [pool-169-thread-1] INFO  server.RaftServerConfigKeys (ConfUtils.java:logGet(43)) - raft.server.log.queue.byte-limit = 2147483647 (custom)
2019-10-01 06:20:08,475 [pool-169-thread-1] INFO  server.RaftServerConfigKeys (ConfUtils.java:logGet(43)) - raft.server.log.queue.element-limit = 1024 (custom)
2019-10-01 06:20:08,476 [pool-169-thread-1] INFO  server.RaftServerConfigKeys (ConfUtils.java:logGet(43)) - raft.server.log.segment.size.max = 1048576 (custom)
2019-10-01 06:20:08,476 [pool-169-thread-1] INFO  server.RaftServerConfigKeys (ConfUtils.java:logGet(43)) - raft.server.log.preallocated.size = 16384 (custom)
2019-10-01 06:20:08,476 [pool-169-thread-1] INFO  server.RaftServerConfigKeys (ConfUtils.java:logGet(43)) - raft.server.log.write.buffer.size = 33554432 (custom)
2019-10-01 06:20:08,476 [pool-169-thread-1] INFO  server.RaftServerConfigKeys (ConfUtils.java:logGet(43)) - raft.server.log.force.sync.num = 128 (default)
2019-10-01 06:20:08,476 [pool-169-thread-1] INFO  server.RaftServerConfigKeys (ConfUtils.java:logGet(43)) - raft.server.log.statemachine.data.sync = true (default)
2019-10-01 06:20:08,476 [pool-169-thread-1] INFO  server.RaftServerConfigKeys (ConfUtils.java:logGet(43)) - raft.server.log.statemachine.data.sync.timeout = 10s (default)
2019-10-01 06:20:08,477 [pool-169-thread-1] INFO  server.RaftServerConfigKeys (ConfUtils.java:logGet(43)) - raft.server.log.statemachine.data.sync.timeout.retry = -1 (default)
2019-10-01 06:20:08,477 [pool-169-thread-1] INFO  server.RaftServerConfigKeys (ConfUtils.java:logGet(43)) - raft.server.log.statemachine.data.caching.enabled = true (custom)
2019-10-01 06:20:08,477 [pool-169-thread-1] INFO  segmented.SegmentedRaftLogWorker (SegmentedRaftLogWorker.java:lambda$new$0(128)) - e84c731b-f6d2-414b-8390-142f304c567a@group-D77143095242-SegmentedRaftLogWorker: flushIndex: setUnconditionally 0 -> -1
2019-10-01 06:20:08,478 [pool-169-thread-1] INFO  server.RaftServerConfigKeys (ConfUtils.java:logGet(43)) - raft.server.snapshot.auto.trigger.enabled = true (custom)
2019-10-01 06:20:08,478 [pool-169-thread-1] INFO  server.RaftServerConfigKeys (ConfUtils.java:logGet(43)) - raft.server.snapshot.auto.trigger.threshold = 10000 (custom)
2019-10-01 06:20:08,478 [pool-169-thread-1] INFO  server.RaftServerConfigKeys (ConfUtils.java:logGet(43)) - raft.server.snapshot.retention.file.num = 5 (custom)
2019-10-01 06:20:08,478 [pool-169-thread-1] INFO  server.RaftServerConfigKeys (ConfUtils.java:logGet(43)) - raft.server.retrycache.expirytime = 600000ms (custom)
2019-10-01 06:20:08,481 [pool-169-thread-1] INFO  impl.RaftServerImpl (RaftServerImpl.java:start(181)) - e84c731b-f6d2-414b-8390-142f304c567a@group-D77143095242: start as a follower, conf=-1: [e84c731b-f6d2-414b-8390-142f304c567a:192.168.30.6:34691], old=null
2019-10-01 06:20:08,481 [pool-169-thread-1] INFO  impl.RaftServerImpl (RaftServerImpl.java:setRole(170)) - e84c731b-f6d2-414b-8390-142f304c567a@group-D77143095242: changes role from      null to FOLLOWER at term 0 for startAsFollower
2019-10-01 06:20:08,481 [pool-169-thread-1] INFO  impl.RoleInfo (RoleInfo.java:updateAndGet(143)) - e84c731b-f6d2-414b-8390-142f304c567a: start FollowerState
2019-10-01 06:20:08,481 [pool-169-thread-1] INFO  util.JmxRegister (JmxRegister.java:tryRegister(44)) - Successfully registered JMX Bean with object name Ratis:service=RaftServer,group=group-D77143095242,id=e84c731b-f6d2-414b-8390-142f304c567a
2019-10-01 06:20:08,489 [RatisPipelineUtilsThread] INFO  pipeline.PipelineStateManager (PipelineStateManager.java:addPipeline(56)) - Created pipeline Pipeline[ Id: 383b218f-dc8f-4d49-9a4a-d77143095242, Nodes: e84c731b-f6d2-414b-8390-142f304c567a{ip: 192.168.30.6, host: trunk-nightly-20191001-qpwks-271313263, networkLocation: /default-rack, certSerialId: null}, Type:RATIS, Factor:ONE, State:OPEN]
2019-10-01 06:20:08,509 [grpc-default-executor-2] INFO  impl.RaftServerProxy (RaftServerProxy.java:addNew(89)) - 7735a92a-bb01-4e99-9b66-6d2afd65688b: addNew group-FF47F10C085C:[7735a92a-bb01-4e99-9b66-6d2afd65688b:192.168.30.6:36098] returns group-FF47F10C085C:java.util.concurrent.CompletableFuture@5c7615da[Not completed]
2019-10-01 06:20:08,513 [pool-179-thread-1] INFO  impl.RaftServerImpl (RaftServerImpl.java:<init>(95)) - 7735a92a-bb01-4e99-9b66-6d2afd65688b: new RaftServerImpl for group-FF47F10C085C:[7735a92a-bb01-4e99-9b66-6d2afd65688b:192.168.30.6:36098] with ContainerStateMachine:uninitialized
2019-10-01 06:20:08,513 [pool-179-thread-1] INFO  server.RaftServerConfigKeys (ConfUtils.java:logGet(43)) - raft.server.rpc.timeout.min = 5s (custom)
2019-10-01 06:20:08,513 [pool-179-thread-1] INFO  server.RaftServerConfigKeys (ConfUtils.java:logGet(43)) - raft.server.rpc.timeout.max = 5200ms (custom)
2019-10-01 06:20:08,513 [pool-179-thread-1] INFO  server.RaftServerConfigKeys (ConfUtils.java:logGet(43)) - raft.server.rpcslowness.timeout = 120s (custom)
2019-10-01 06:20:08,513 [pool-179-thread-1] INFO  server.RaftServerConfigKeys (ConfUtils.java:logGet(43)) - raft.server.sleep.deviation.threshold = 300 (default)
2019-10-01 06:20:08,513 [pool-179-thread-1] INFO  server.RaftServerConfigKeys (ConfUtils.java:logGet(43)) - raft.server.log.appender.install.snapshot.enabled = false (custom)
2019-10-01 06:20:08,513 [pool-179-thread-1] INFO  impl.RaftServerImpl (ServerState.java:<init>(103)) - 7735a92a-bb01-4e99-9b66-6d2afd65688b@group-FF47F10C085C: ConfigurationManager, init=-1: [7735a92a-bb01-4e99-9b66-6d2afd65688b:192.168.30.6:36098], old=null, confs=<EMPTY_MAP>
2019-10-01 06:20:08,514 [pool-179-thread-1] INFO  server.RaftServerConfigKeys (ConfUtils.java:logGet(43)) - raft.server.storage.dir = [/workdir/hadoop-ozone/integration-test/target/test-dir/MiniOzoneClusterImpl-ce5315ad-6793-4ee7-a934-7ca72faf8a61/datanode-6/data/ratis] (custom)
2019-10-01 06:20:08,514 [pool-179-thread-1] INFO  server.RaftServerConfigKeys (ConfUtils.java:logGet(43)) - raft.server.log.corruption.policy = EXCEPTION (default)
2019-10-01 06:20:08,514 [pool-179-thread-1] INFO  storage.RaftStorageDirectory (RaftStorageDirectory.java:analyzeStorage(246)) - The storage directory /workdir/hadoop-ozone/integration-test/target/test-dir/MiniOzoneClusterImpl-ce5315ad-6793-4ee7-a934-7ca72faf8a61/datanode-6/data/ratis/f65e3e2e-7054-47ac-a781-ff47f10c085c does not exist. Creating ...
2019-10-01 06:20:08,562 [pool-179-thread-1] INFO  storage.RaftStorageDirectory (RaftStorageDirectory.java:tryLock(328)) - Lock on /workdir/hadoop-ozone/integration-test/target/test-dir/MiniOzoneClusterImpl-ce5315ad-6793-4ee7-a934-7ca72faf8a61/datanode-6/data/ratis/f65e3e2e-7054-47ac-a781-ff47f10c085c/in_use.lock acquired by nodename 11602@trunk-nightly-20191001-qpwks-271313263
2019-10-01 06:20:08,612 [pool-179-thread-1] INFO  storage.RaftStorage (RaftStorage.java:format(84)) - Storage directory /workdir/hadoop-ozone/integration-test/target/test-dir/MiniOzoneClusterImpl-ce5315ad-6793-4ee7-a934-7ca72faf8a61/datanode-6/data/ratis/f65e3e2e-7054-47ac-a781-ff47f10c085c has been successfully formatted.
2019-10-01 06:20:08,612 [pool-179-thread-1] INFO  ratis.ContainerStateMachine (ContainerStateMachine.java:loadSnapshot(230)) - group-FF47F10C085C: The snapshot info is null. Setting the last applied indexto:(t:0, i:~)
2019-10-01 06:20:08,612 [pool-179-thread-1] INFO  server.RaftServerConfigKeys (ConfUtils.java:logGet(43)) - raft.server.notification.no-leader.timeout = 120s (custom)
2019-10-01 06:20:08,612 [pool-179-thread-1] INFO  server.RaftServerConfigKeys (ConfUtils.java:logGet(43)) - raft.server.log.use.memory = false (default)
2019-10-01 06:20:08,612 [pool-179-thread-1] INFO  server.RaftServerConfigKeys (ConfUtils.java:logGet(43)) - raft.server.log.purge.gap = 1000000 (custom)
2019-10-01 06:20:08,613 [pool-179-thread-1] INFO  server.RaftServerConfigKeys (ConfUtils.java:logGet(43)) - raft.server.log.appender.buffer.byte-limit = 33554432 (custom)
2019-10-01 06:20:08,613 [pool-179-thread-1] INFO  server.RaftServerConfigKeys (ConfUtils.java:logGet(43)) - raft.server.log.segment.size.max = 1048576 (custom)
2019-10-01 06:20:08,614 [pool-179-thread-1] INFO  server.RaftServerConfigKeys (ConfUtils.java:logGet(43)) - raft.server.log.segment.cache.num.max = 2 (custom)
2019-10-01 06:20:08,614 [pool-179-thread-1] INFO  segmented.SegmentedRaftLogWorker (SegmentedRaftLogWorker.java:<init>(173)) - new 7735a92a-bb01-4e99-9b66-6d2afd65688b@group-FF47F10C085C-SegmentedRaftLogWorker for RaftStorage:Storage Directory /workdir/hadoop-ozone/integration-test/target/test-dir/MiniOzoneClusterImpl-ce5315ad-6793-4ee7-a934-7ca72faf8a61/datanode-6/data/ratis/f65e3e2e-7054-47ac-a781-ff47f10c085c
2019-10-01 06:20:08,615 [pool-179-thread-1] INFO  server.RaftServerConfigKeys (ConfUtils.java:logGet(43)) - raft.server.log.queue.byte-limit = 2147483647 (custom)
2019-10-01 06:20:08,615 [pool-179-thread-1] INFO  server.RaftServerConfigKeys (ConfUtils.java:logGet(43)) - raft.server.log.queue.element-limit = 1024 (custom)
2019-10-01 06:20:08,615 [pool-179-thread-1] INFO  server.RaftServerConfigKeys (ConfUtils.java:logGet(43)) - raft.server.log.segment.size.max = 1048576 (custom)
2019-10-01 06:20:08,615 [pool-179-thread-1] INFO  server.RaftServerConfigKeys (ConfUtils.java:logGet(43)) - raft.server.log.preallocated.size = 16384 (custom)
2019-10-01 06:20:08,615 [pool-179-thread-1] INFO  server.RaftServerConfigKeys (ConfUtils.java:logGet(43)) - raft.server.log.write.buffer.size = 33554432 (custom)
2019-10-01 06:20:08,615 [pool-179-thread-1] INFO  server.RaftServerConfigKeys (ConfUtils.java:logGet(43)) - raft.server.log.force.sync.num = 128 (default)
2019-10-01 06:20:08,615 [pool-179-thread-1] INFO  server.RaftServerConfigKeys (ConfUtils.java:logGet(43)) - raft.server.log.statemachine.data.sync = true (default)
2019-10-01 06:20:08,615 [pool-179-thread-1] INFO  server.RaftServerConfigKeys (ConfUtils.java:logGet(43)) - raft.server.log.statemachine.data.sync.timeout = 10s (default)
2019-10-01 06:20:08,615 [pool-179-thread-1] INFO  server.RaftServerConfigKeys (ConfUtils.java:logGet(43)) - raft.server.log.statemachine.data.sync.timeout.retry = -1 (default)
2019-10-01 06:20:08,616 [pool-179-thread-1] INFO  server.RaftServerConfigKeys (ConfUtils.java:logGet(43)) - raft.server.log.statemachine.data.caching.enabled = true (custom)
2019-10-01 06:20:08,616 [pool-179-thread-1] INFO  segmented.SegmentedRaftLogWorker (SegmentedRaftLogWorker.java:lambda$new$0(128)) - 7735a92a-bb01-4e99-9b66-6d2afd65688b@group-FF47F10C085C-SegmentedRaftLogWorker: flushIndex: setUnconditionally 0 -> -1
2019-10-01 06:20:08,616 [pool-179-thread-1] INFO  server.RaftServerConfigKeys (ConfUtils.java:logGet(43)) - raft.server.snapshot.auto.trigger.enabled = true (custom)
2019-10-01 06:20:08,616 [pool-179-thread-1] INFO  server.RaftServerConfigKeys (ConfUtils.java:logGet(43)) - raft.server.snapshot.auto.trigger.threshold = 10000 (custom)
2019-10-01 06:20:08,616 [pool-179-thread-1] INFO  server.RaftServerConfigKeys (ConfUtils.java:logGet(43)) - raft.server.snapshot.retention.file.num = 5 (custom)
2019-10-01 06:20:08,616 [pool-179-thread-1] INFO  server.RaftServerConfigKeys (ConfUtils.java:logGet(43)) - raft.server.retrycache.expirytime = 600000ms (custom)
2019-10-01 06:20:08,618 [pool-179-thread-1] INFO  impl.RaftServerImpl (RaftServerImpl.java:start(181)) - 7735a92a-bb01-4e99-9b66-6d2afd65688b@group-FF47F10C085C: start as a follower, conf=-1: [7735a92a-bb01-4e99-9b66-6d2afd65688b:192.168.30.6:36098], old=null
2019-10-01 06:20:08,618 [pool-179-thread-1] INFO  impl.RaftServerImpl (RaftServerImpl.java:setRole(170)) - 7735a92a-bb01-4e99-9b66-6d2afd65688b@group-FF47F10C085C: changes role from      null to FOLLOWER at term 0 for startAsFollower
2019-10-01 06:20:08,618 [pool-179-thread-1] INFO  impl.RoleInfo (RoleInfo.java:updateAndGet(143)) - 7735a92a-bb01-4e99-9b66-6d2afd65688b: start FollowerState
2019-10-01 06:20:08,618 [pool-179-thread-1] INFO  util.JmxRegister (JmxRegister.java:tryRegister(44)) - Successfully registered JMX Bean with object name Ratis:service=RaftServer,group=group-FF47F10C085C,id=7735a92a-bb01-4e99-9b66-6d2afd65688b
2019-10-01 06:20:08,626 [RatisPipelineUtilsThread] INFO  pipeline.PipelineStateManager (PipelineStateManager.java:addPipeline(56)) - Created pipeline Pipeline[ Id: f65e3e2e-7054-47ac-a781-ff47f10c085c, Nodes: 7735a92a-bb01-4e99-9b66-6d2afd65688b{ip: 192.168.30.6, host: trunk-nightly-20191001-qpwks-271313263, networkLocation: /default-rack, certSerialId: null}, Type:RATIS, Factor:ONE, State:OPEN]
2019-10-01 06:20:08,636 [grpc-default-executor-2] INFO  impl.RaftServerProxy (RaftServerProxy.java:addNew(89)) - 60795f62-fbba-4768-929c-d7591d2b118e: addNew group-3F7E4EEFA09B:[60795f62-fbba-4768-929c-d7591d2b118e:192.168.30.6:38036] returns group-3F7E4EEFA09B:java.util.concurrent.CompletableFuture@1ddcd699[Not completed]
2019-10-01 06:20:08,641 [pool-159-thread-1] INFO  impl.RaftServerImpl (RaftServerImpl.java:<init>(95)) - 60795f62-fbba-4768-929c-d7591d2b118e: new RaftServerImpl for group-3F7E4EEFA09B:[60795f62-fbba-4768-929c-d7591d2b118e:192.168.30.6:38036] with ContainerStateMachine:uninitialized
2019-10-01 06:20:08,641 [pool-159-thread-1] INFO  server.RaftServerConfigKeys (ConfUtils.java:logGet(43)) - raft.server.rpc.timeout.min = 5s (custom)
2019-10-01 06:20:08,641 [pool-159-thread-1] INFO  server.RaftServerConfigKeys (ConfUtils.java:logGet(43)) - raft.server.rpc.timeout.max = 5200ms (custom)
2019-10-01 06:20:08,641 [pool-159-thread-1] INFO  server.RaftServerConfigKeys (ConfUtils.java:logGet(43)) - raft.server.rpcslowness.timeout = 120s (custom)
2019-10-01 06:20:08,641 [pool-159-thread-1] INFO  server.RaftServerConfigKeys (ConfUtils.java:logGet(43)) - raft.server.sleep.deviation.threshold = 300 (default)
2019-10-01 06:20:08,641 [pool-159-thread-1] INFO  server.RaftServerConfigKeys (ConfUtils.java:logGet(43)) - raft.server.log.appender.install.snapshot.enabled = false (custom)
2019-10-01 06:20:08,641 [pool-159-thread-1] INFO  impl.RaftServerImpl (ServerState.java:<init>(103)) - 60795f62-fbba-4768-929c-d7591d2b118e@group-3F7E4EEFA09B: ConfigurationManager, init=-1: [60795f62-fbba-4768-929c-d7591d2b118e:192.168.30.6:38036], old=null, confs=<EMPTY_MAP>
2019-10-01 06:20:08,642 [pool-159-thread-1] INFO  server.RaftServerConfigKeys (ConfUtils.java:logGet(43)) - raft.server.storage.dir = [/workdir/hadoop-ozone/integration-test/target/test-dir/MiniOzoneClusterImpl-ce5315ad-6793-4ee7-a934-7ca72faf8a61/datanode-4/data/ratis] (custom)
2019-10-01 06:20:08,642 [pool-159-thread-1] INFO  server.RaftServerConfigKeys (ConfUtils.java:logGet(43)) - raft.server.log.corruption.policy = EXCEPTION (default)
2019-10-01 06:20:08,642 [pool-159-thread-1] INFO  storage.RaftStorageDirectory (RaftStorageDirectory.java:analyzeStorage(246)) - The storage directory /workdir/hadoop-ozone/integration-test/target/test-dir/MiniOzoneClusterImpl-ce5315ad-6793-4ee7-a934-7ca72faf8a61/datanode-4/data/ratis/dab290f3-3eea-496a-8679-3f7e4eefa09b does not exist. Creating ...
2019-10-01 06:20:08,667 [pool-159-thread-1] INFO  storage.RaftStorageDirectory (RaftStorageDirectory.java:tryLock(328)) - Lock on /workdir/hadoop-ozone/integration-test/target/test-dir/MiniOzoneClusterImpl-ce5315ad-6793-4ee7-a934-7ca72faf8a61/datanode-4/data/ratis/dab290f3-3eea-496a-8679-3f7e4eefa09b/in_use.lock acquired by nodename 11602@trunk-nightly-20191001-qpwks-271313263
2019-10-01 06:20:08,691 [pool-159-thread-1] INFO  storage.RaftStorage (RaftStorage.java:format(84)) - Storage directory /workdir/hadoop-ozone/integration-test/target/test-dir/MiniOzoneClusterImpl-ce5315ad-6793-4ee7-a934-7ca72faf8a61/datanode-4/data/ratis/dab290f3-3eea-496a-8679-3f7e4eefa09b has been successfully formatted.
2019-10-01 06:20:08,691 [pool-159-thread-1] INFO  ratis.ContainerStateMachine (ContainerStateMachine.java:loadSnapshot(230)) - group-3F7E4EEFA09B: The snapshot info is null. Setting the last applied indexto:(t:0, i:~)
2019-10-01 06:20:08,692 [pool-159-thread-1] INFO  server.RaftServerConfigKeys (ConfUtils.java:logGet(43)) - raft.server.notification.no-leader.timeout = 120s (custom)
2019-10-01 06:20:08,692 [pool-159-thread-1] INFO  server.RaftServerConfigKeys (ConfUtils.java:logGet(43)) - raft.server.log.use.memory = false (default)
2019-10-01 06:20:08,692 [pool-159-thread-1] INFO  server.RaftServerConfigKeys (ConfUtils.java:logGet(43)) - raft.server.log.purge.gap = 1000000 (custom)
2019-10-01 06:20:08,692 [pool-159-thread-1] INFO  server.RaftServerConfigKeys (ConfUtils.java:logGet(43)) - raft.server.log.appender.buffer.byte-limit = 33554432 (custom)
2019-10-01 06:20:08,692 [pool-159-thread-1] INFO  server.RaftServerConfigKeys (ConfUtils.java:logGet(43)) - raft.server.log.segment.size.max = 1048576 (custom)
2019-10-01 06:20:08,694 [pool-159-thread-1] INFO  server.RaftServerConfigKeys (ConfUtils.java:logGet(43)) - raft.server.log.segment.cache.num.max = 2 (custom)
2019-10-01 06:20:08,694 [pool-159-thread-1] INFO  segmented.SegmentedRaftLogWorker (SegmentedRaftLogWorker.java:<init>(173)) - new 60795f62-fbba-4768-929c-d7591d2b118e@group-3F7E4EEFA09B-SegmentedRaftLogWorker for RaftStorage:Storage Directory /workdir/hadoop-ozone/integration-test/target/test-dir/MiniOzoneClusterImpl-ce5315ad-6793-4ee7-a934-7ca72faf8a61/datanode-4/data/ratis/dab290f3-3eea-496a-8679-3f7e4eefa09b
2019-10-01 06:20:08,695 [pool-159-thread-1] INFO  server.RaftServerConfigKeys (ConfUtils.java:logGet(43)) - raft.server.log.queue.byte-limit = 2147483647 (custom)
2019-10-01 06:20:08,695 [pool-159-thread-1] INFO  server.RaftServerConfigKeys (ConfUtils.java:logGet(43)) - raft.server.log.queue.element-limit = 1024 (custom)
2019-10-01 06:20:08,695 [pool-159-thread-1] INFO  server.RaftServerConfigKeys (ConfUtils.java:logGet(43)) - raft.server.log.segment.size.max = 1048576 (custom)
2019-10-01 06:20:08,695 [pool-159-thread-1] INFO  server.RaftServerConfigKeys (ConfUtils.java:logGet(43)) - raft.server.log.preallocated.size = 16384 (custom)
2019-10-01 06:20:08,695 [pool-159-thread-1] INFO  server.RaftServerConfigKeys (ConfUtils.java:logGet(43)) - raft.server.log.write.buffer.size = 33554432 (custom)
2019-10-01 06:20:08,695 [pool-159-thread-1] INFO  server.RaftServerConfigKeys (ConfUtils.java:logGet(43)) - raft.server.log.force.sync.num = 128 (default)
2019-10-01 06:20:08,695 [pool-159-thread-1] INFO  server.RaftServerConfigKeys (ConfUtils.java:logGet(43)) - raft.server.log.statemachine.data.sync = true (default)
2019-10-01 06:20:08,695 [pool-159-thread-1] INFO  server.RaftServerConfigKeys (ConfUtils.java:logGet(43)) - raft.server.log.statemachine.data.sync.timeout = 10s (default)
2019-10-01 06:20:08,696 [pool-159-thread-1] INFO  server.RaftServerConfigKeys (ConfUtils.java:logGet(43)) - raft.server.log.statemachine.data.sync.timeout.retry = -1 (default)
2019-10-01 06:20:08,696 [pool-159-thread-1] INFO  server.RaftServerConfigKeys (ConfUtils.java:logGet(43)) - raft.server.log.statemachine.data.caching.enabled = true (custom)
2019-10-01 06:20:08,696 [pool-159-thread-1] INFO  segmented.SegmentedRaftLogWorker (SegmentedRaftLogWorker.java:lambda$new$0(128)) - 60795f62-fbba-4768-929c-d7591d2b118e@group-3F7E4EEFA09B-SegmentedRaftLogWorker: flushIndex: setUnconditionally 0 -> -1
2019-10-01 06:20:08,697 [pool-159-thread-1] INFO  server.RaftServerConfigKeys (ConfUtils.java:logGet(43)) - raft.server.snapshot.auto.trigger.enabled = true (custom)
2019-10-01 06:20:08,697 [pool-159-thread-1] INFO  server.RaftServerConfigKeys (ConfUtils.java:logGet(43)) - raft.server.snapshot.auto.trigger.threshold = 10000 (custom)
2019-10-01 06:20:08,697 [pool-159-thread-1] INFO  server.RaftServerConfigKeys (ConfUtils.java:logGet(43)) - raft.server.snapshot.retention.file.num = 5 (custom)
2019-10-01 06:20:08,697 [pool-159-thread-1] INFO  server.RaftServerConfigKeys (ConfUtils.java:logGet(43)) - raft.server.retrycache.expirytime = 600000ms (custom)
2019-10-01 06:20:08,699 [pool-159-thread-1] INFO  impl.RaftServerImpl (RaftServerImpl.java:start(181)) - 60795f62-fbba-4768-929c-d7591d2b118e@group-3F7E4EEFA09B: start as a follower, conf=-1: [60795f62-fbba-4768-929c-d7591d2b118e:192.168.30.6:38036], old=null
2019-10-01 06:20:08,699 [pool-159-thread-1] INFO  impl.RaftServerImpl (RaftServerImpl.java:setRole(170)) - 60795f62-fbba-4768-929c-d7591d2b118e@group-3F7E4EEFA09B: changes role from      null to FOLLOWER at term 0 for startAsFollower
2019-10-01 06:20:08,699 [pool-159-thread-1] INFO  impl.RoleInfo (RoleInfo.java:updateAndGet(143)) - 60795f62-fbba-4768-929c-d7591d2b118e: start FollowerState
2019-10-01 06:20:08,699 [pool-159-thread-1] INFO  util.JmxRegister (JmxRegister.java:tryRegister(44)) - Successfully registered JMX Bean with object name Ratis:service=RaftServer,group=group-3F7E4EEFA09B,id=60795f62-fbba-4768-929c-d7591d2b118e
2019-10-01 06:20:08,708 [RatisPipelineUtilsThread] INFO  pipeline.PipelineStateManager (PipelineStateManager.java:addPipeline(56)) - Created pipeline Pipeline[ Id: dab290f3-3eea-496a-8679-3f7e4eefa09b, Nodes: 60795f62-fbba-4768-929c-d7591d2b118e{ip: 192.168.30.6, host: trunk-nightly-20191001-qpwks-271313263, networkLocation: /default-rack, certSerialId: null}, Type:RATIS, Factor:ONE, State:OPEN]
2019-10-01 06:20:08,729 [grpc-default-executor-0] INFO  impl.RaftServerProxy (RaftServerProxy.java:addNew(89)) - 7735a92a-bb01-4e99-9b66-6d2afd65688b: addNew group-8269D8CF66BB:[11f64b2c-99f5-49b2-9b46-7b6752e7b6a9:192.168.30.6:33500, 7735a92a-bb01-4e99-9b66-6d2afd65688b:192.168.30.6:36098, e84c731b-f6d2-414b-8390-142f304c567a:192.168.30.6:34691] returns group-8269D8CF66BB:java.util.concurrent.CompletableFuture@5b31bc54[Not completed]
2019-10-01 06:20:08,729 [grpc-default-executor-4] INFO  impl.RaftServerProxy (RaftServerProxy.java:addNew(89)) - 11f64b2c-99f5-49b2-9b46-7b6752e7b6a9: addNew group-8269D8CF66BB:[11f64b2c-99f5-49b2-9b46-7b6752e7b6a9:192.168.30.6:33500, 7735a92a-bb01-4e99-9b66-6d2afd65688b:192.168.30.6:36098, e84c731b-f6d2-414b-8390-142f304c567a:192.168.30.6:34691] returns group-8269D8CF66BB:java.util.concurrent.CompletableFuture@5ab46b36[Not completed]
2019-10-01 06:20:08,732 [grpc-default-executor-4] INFO  impl.RaftServerProxy (RaftServerProxy.java:addNew(89)) - e84c731b-f6d2-414b-8390-142f304c567a: addNew group-8269D8CF66BB:[11f64b2c-99f5-49b2-9b46-7b6752e7b6a9:192.168.30.6:33500, 7735a92a-bb01-4e99-9b66-6d2afd65688b:192.168.30.6:36098, e84c731b-f6d2-414b-8390-142f304c567a:192.168.30.6:34691] returns group-8269D8CF66BB:java.util.concurrent.CompletableFuture@2eae067d[Not completed]
2019-10-01 06:20:08,733 [pool-179-thread-1] INFO  impl.RaftServerImpl (RaftServerImpl.java:<init>(95)) - 7735a92a-bb01-4e99-9b66-6d2afd65688b: new RaftServerImpl for group-8269D8CF66BB:[11f64b2c-99f5-49b2-9b46-7b6752e7b6a9:192.168.30.6:33500, 7735a92a-bb01-4e99-9b66-6d2afd65688b:192.168.30.6:36098, e84c731b-f6d2-414b-8390-142f304c567a:192.168.30.6:34691] with ContainerStateMachine:uninitialized
2019-10-01 06:20:08,733 [pool-179-thread-1] INFO  server.RaftServerConfigKeys (ConfUtils.java:logGet(43)) - raft.server.rpc.timeout.min = 5s (custom)
2019-10-01 06:20:08,733 [pool-179-thread-1] INFO  server.RaftServerConfigKeys (ConfUtils.java:logGet(43)) - raft.server.rpc.timeout.max = 5200ms (custom)
2019-10-01 06:20:08,733 [pool-179-thread-1] INFO  server.RaftServerConfigKeys (ConfUtils.java:logGet(43)) - raft.server.rpcslowness.timeout = 120s (custom)
2019-10-01 06:20:08,733 [pool-179-thread-1] INFO  server.RaftServerConfigKeys (ConfUtils.java:logGet(43)) - raft.server.sleep.deviation.threshold = 300 (default)
2019-10-01 06:20:08,733 [pool-179-thread-1] INFO  server.RaftServerConfigKeys (ConfUtils.java:logGet(43)) - raft.server.log.appender.install.snapshot.enabled = false (custom)
2019-10-01 06:20:08,733 [pool-179-thread-1] INFO  impl.RaftServerImpl (ServerState.java:<init>(103)) - 7735a92a-bb01-4e99-9b66-6d2afd65688b@group-8269D8CF66BB: ConfigurationManager, init=-1: [11f64b2c-99f5-49b2-9b46-7b6752e7b6a9:192.168.30.6:33500, 7735a92a-bb01-4e99-9b66-6d2afd65688b:192.168.30.6:36098, e84c731b-f6d2-414b-8390-142f304c567a:192.168.30.6:34691], old=null, confs=<EMPTY_MAP>
2019-10-01 06:20:08,733 [pool-179-thread-1] INFO  server.RaftServerConfigKeys (ConfUtils.java:logGet(43)) - raft.server.storage.dir = [/workdir/hadoop-ozone/integration-test/target/test-dir/MiniOzoneClusterImpl-ce5315ad-6793-4ee7-a934-7ca72faf8a61/datanode-6/data/ratis] (custom)
2019-10-01 06:20:08,734 [pool-149-thread-1] INFO  impl.RaftServerImpl (RaftServerImpl.java:<init>(95)) - 11f64b2c-99f5-49b2-9b46-7b6752e7b6a9: new RaftServerImpl for group-8269D8CF66BB:[11f64b2c-99f5-49b2-9b46-7b6752e7b6a9:192.168.30.6:33500, 7735a92a-bb01-4e99-9b66-6d2afd65688b:192.168.30.6:36098, e84c731b-f6d2-414b-8390-142f304c567a:192.168.30.6:34691] with ContainerStateMachine:uninitialized
2019-10-01 06:20:08,734 [pool-179-thread-1] INFO  server.RaftServerConfigKeys (ConfUtils.java:logGet(43)) - raft.server.log.corruption.policy = EXCEPTION (default)
2019-10-01 06:20:08,734 [pool-149-thread-1] INFO  server.RaftServerConfigKeys (ConfUtils.java:logGet(43)) - raft.server.rpc.timeout.min = 5s (custom)
2019-10-01 06:20:08,734 [pool-179-thread-1] INFO  storage.RaftStorageDirectory (RaftStorageDirectory.java:analyzeStorage(246)) - The storage directory /workdir/hadoop-ozone/integration-test/target/test-dir/MiniOzoneClusterImpl-ce5315ad-6793-4ee7-a934-7ca72faf8a61/datanode-6/data/ratis/7a813201-677b-4818-81b3-8269d8cf66bb does not exist. Creating ...
2019-10-01 06:20:08,734 [pool-149-thread-1] INFO  server.RaftServerConfigKeys (ConfUtils.java:logGet(43)) - raft.server.rpc.timeout.max = 5200ms (custom)
2019-10-01 06:20:08,734 [pool-149-thread-1] INFO  server.RaftServerConfigKeys (ConfUtils.java:logGet(43)) - raft.server.rpcslowness.timeout = 120s (custom)
2019-10-01 06:20:08,734 [pool-149-thread-1] INFO  server.RaftServerConfigKeys (ConfUtils.java:logGet(43)) - raft.server.sleep.deviation.threshold = 300 (default)
2019-10-01 06:20:08,734 [pool-149-thread-1] INFO  server.RaftServerConfigKeys (ConfUtils.java:logGet(43)) - raft.server.log.appender.install.snapshot.enabled = false (custom)
2019-10-01 06:20:08,734 [pool-149-thread-1] INFO  impl.RaftServerImpl (ServerState.java:<init>(103)) - 11f64b2c-99f5-49b2-9b46-7b6752e7b6a9@group-8269D8CF66BB: ConfigurationManager, init=-1: [11f64b2c-99f5-49b2-9b46-7b6752e7b6a9:192.168.30.6:33500, 7735a92a-bb01-4e99-9b66-6d2afd65688b:192.168.30.6:36098, e84c731b-f6d2-414b-8390-142f304c567a:192.168.30.6:34691], old=null, confs=<EMPTY_MAP>
2019-10-01 06:20:08,735 [pool-149-thread-1] INFO  server.RaftServerConfigKeys (ConfUtils.java:logGet(43)) - raft.server.storage.dir = [/workdir/hadoop-ozone/integration-test/target/test-dir/MiniOzoneClusterImpl-ce5315ad-6793-4ee7-a934-7ca72faf8a61/datanode-3/data/ratis] (custom)
2019-10-01 06:20:08,735 [pool-169-thread-1] INFO  impl.RaftServerImpl (RaftServerImpl.java:<init>(95)) - e84c731b-f6d2-414b-8390-142f304c567a: new RaftServerImpl for group-8269D8CF66BB:[11f64b2c-99f5-49b2-9b46-7b6752e7b6a9:192.168.30.6:33500, 7735a92a-bb01-4e99-9b66-6d2afd65688b:192.168.30.6:36098, e84c731b-f6d2-414b-8390-142f304c567a:192.168.30.6:34691] with ContainerStateMachine:uninitialized
2019-10-01 06:20:08,735 [pool-149-thread-1] INFO  server.RaftServerConfigKeys (ConfUtils.java:logGet(43)) - raft.server.log.corruption.policy = EXCEPTION (default)
2019-10-01 06:20:08,735 [pool-169-thread-1] INFO  server.RaftServerConfigKeys (ConfUtils.java:logGet(43)) - raft.server.rpc.timeout.min = 5s (custom)
2019-10-01 06:20:08,735 [pool-149-thread-1] INFO  storage.RaftStorageDirectory (RaftStorageDirectory.java:analyzeStorage(246)) - The storage directory /workdir/hadoop-ozone/integration-test/target/test-dir/MiniOzoneClusterImpl-ce5315ad-6793-4ee7-a934-7ca72faf8a61/datanode-3/data/ratis/7a813201-677b-4818-81b3-8269d8cf66bb does not exist. Creating ...
2019-10-01 06:20:08,735 [pool-169-thread-1] INFO  server.RaftServerConfigKeys (ConfUtils.java:logGet(43)) - raft.server.rpc.timeout.max = 5200ms (custom)
2019-10-01 06:20:08,735 [pool-169-thread-1] INFO  server.RaftServerConfigKeys (ConfUtils.java:logGet(43)) - raft.server.rpcslowness.timeout = 120s (custom)
2019-10-01 06:20:08,735 [pool-169-thread-1] INFO  server.RaftServerConfigKeys (ConfUtils.java:logGet(43)) - raft.server.sleep.deviation.threshold = 300 (default)
2019-10-01 06:20:08,736 [pool-169-thread-1] INFO  server.RaftServerConfigKeys (ConfUtils.java:logGet(43)) - raft.server.log.appender.install.snapshot.enabled = false (custom)
2019-10-01 06:20:08,736 [pool-169-thread-1] INFO  impl.RaftServerImpl (ServerState.java:<init>(103)) - e84c731b-f6d2-414b-8390-142f304c567a@group-8269D8CF66BB: ConfigurationManager, init=-1: [11f64b2c-99f5-49b2-9b46-7b6752e7b6a9:192.168.30.6:33500, 7735a92a-bb01-4e99-9b66-6d2afd65688b:192.168.30.6:36098, e84c731b-f6d2-414b-8390-142f304c567a:192.168.30.6:34691], old=null, confs=<EMPTY_MAP>
2019-10-01 06:20:08,736 [pool-169-thread-1] INFO  server.RaftServerConfigKeys (ConfUtils.java:logGet(43)) - raft.server.storage.dir = [/workdir/hadoop-ozone/integration-test/target/test-dir/MiniOzoneClusterImpl-ce5315ad-6793-4ee7-a934-7ca72faf8a61/datanode-5/data/ratis] (custom)
2019-10-01 06:20:08,736 [pool-169-thread-1] INFO  server.RaftServerConfigKeys (ConfUtils.java:logGet(43)) - raft.server.log.corruption.policy = EXCEPTION (default)
2019-10-01 06:20:08,737 [pool-169-thread-1] INFO  storage.RaftStorageDirectory (RaftStorageDirectory.java:analyzeStorage(246)) - The storage directory /workdir/hadoop-ozone/integration-test/target/test-dir/MiniOzoneClusterImpl-ce5315ad-6793-4ee7-a934-7ca72faf8a61/datanode-5/data/ratis/7a813201-677b-4818-81b3-8269d8cf66bb does not exist. Creating ...
2019-10-01 06:20:08,758 [pool-169-thread-1] INFO  storage.RaftStorageDirectory (RaftStorageDirectory.java:tryLock(328)) - Lock on /workdir/hadoop-ozone/integration-test/target/test-dir/MiniOzoneClusterImpl-ce5315ad-6793-4ee7-a934-7ca72faf8a61/datanode-5/data/ratis/7a813201-677b-4818-81b3-8269d8cf66bb/in_use.lock acquired by nodename 11602@trunk-nightly-20191001-qpwks-271313263
2019-10-01 06:20:08,758 [pool-179-thread-1] INFO  storage.RaftStorageDirectory (RaftStorageDirectory.java:tryLock(328)) - Lock on /workdir/hadoop-ozone/integration-test/target/test-dir/MiniOzoneClusterImpl-ce5315ad-6793-4ee7-a934-7ca72faf8a61/datanode-6/data/ratis/7a813201-677b-4818-81b3-8269d8cf66bb/in_use.lock acquired by nodename 11602@trunk-nightly-20191001-qpwks-271313263
2019-10-01 06:20:08,758 [pool-149-thread-1] INFO  storage.RaftStorageDirectory (RaftStorageDirectory.java:tryLock(328)) - Lock on /workdir/hadoop-ozone/integration-test/target/test-dir/MiniOzoneClusterImpl-ce5315ad-6793-4ee7-a934-7ca72faf8a61/datanode-3/data/ratis/7a813201-677b-4818-81b3-8269d8cf66bb/in_use.lock acquired by nodename 11602@trunk-nightly-20191001-qpwks-271313263
2019-10-01 06:20:08,775 [pool-179-thread-1] INFO  storage.RaftStorage (RaftStorage.java:format(84)) - Storage directory /workdir/hadoop-ozone/integration-test/target/test-dir/MiniOzoneClusterImpl-ce5315ad-6793-4ee7-a934-7ca72faf8a61/datanode-6/data/ratis/7a813201-677b-4818-81b3-8269d8cf66bb has been successfully formatted.
2019-10-01 06:20:08,775 [pool-149-thread-1] INFO  storage.RaftStorage (RaftStorage.java:format(84)) - Storage directory /workdir/hadoop-ozone/integration-test/target/test-dir/MiniOzoneClusterImpl-ce5315ad-6793-4ee7-a934-7ca72faf8a61/datanode-3/data/ratis/7a813201-677b-4818-81b3-8269d8cf66bb has been successfully formatted.
2019-10-01 06:20:08,775 [pool-169-thread-1] INFO  storage.RaftStorage (RaftStorage.java:format(84)) - Storage directory /workdir/hadoop-ozone/integration-test/target/test-dir/MiniOzoneClusterImpl-ce5315ad-6793-4ee7-a934-7ca72faf8a61/datanode-5/data/ratis/7a813201-677b-4818-81b3-8269d8cf66bb has been successfully formatted.
2019-10-01 06:20:08,775 [pool-179-thread-1] INFO  ratis.ContainerStateMachine (ContainerStateMachine.java:loadSnapshot(230)) - group-8269D8CF66BB: The snapshot info is null. Setting the last applied indexto:(t:0, i:~)
2019-10-01 06:20:08,775 [pool-169-thread-1] INFO  ratis.ContainerStateMachine (ContainerStateMachine.java:loadSnapshot(230)) - group-8269D8CF66BB: The snapshot info is null. Setting the last applied indexto:(t:0, i:~)
2019-10-01 06:20:08,775 [pool-179-thread-1] INFO  server.RaftServerConfigKeys (ConfUtils.java:logGet(43)) - raft.server.notification.no-leader.timeout = 120s (custom)
2019-10-01 06:20:08,775 [pool-149-thread-1] INFO  ratis.ContainerStateMachine (ContainerStateMachine.java:loadSnapshot(230)) - group-8269D8CF66BB: The snapshot info is null. Setting the last applied indexto:(t:0, i:~)
2019-10-01 06:20:08,776 [pool-179-thread-1] INFO  server.RaftServerConfigKeys (ConfUtils.java:logGet(43)) - raft.server.log.use.memory = false (default)
2019-10-01 06:20:08,775 [pool-169-thread-1] INFO  server.RaftServerConfigKeys (ConfUtils.java:logGet(43)) - raft.server.notification.no-leader.timeout = 120s (custom)
2019-10-01 06:20:08,776 [pool-179-thread-1] INFO  server.RaftServerConfigKeys (ConfUtils.java:logGet(43)) - raft.server.log.purge.gap = 1000000 (custom)
2019-10-01 06:20:08,776 [pool-149-thread-1] INFO  server.RaftServerConfigKeys (ConfUtils.java:logGet(43)) - raft.server.notification.no-leader.timeout = 120s (custom)
2019-10-01 06:20:08,776 [pool-179-thread-1] INFO  server.RaftServerConfigKeys (ConfUtils.java:logGet(43)) - raft.server.log.appender.buffer.byte-limit = 33554432 (custom)
2019-10-01 06:20:08,776 [pool-169-thread-1] INFO  server.RaftServerConfigKeys (ConfUtils.java:logGet(43)) - raft.server.log.use.memory = false (default)
2019-10-01 06:20:08,776 [pool-179-thread-1] INFO  server.RaftServerConfigKeys (ConfUtils.java:logGet(43)) - raft.server.log.segment.size.max = 1048576 (custom)
2019-10-01 06:20:08,776 [pool-149-thread-1] INFO  server.RaftServerConfigKeys (ConfUtils.java:logGet(43)) - raft.server.log.use.memory = false (default)
2019-10-01 06:20:08,777 [pool-179-thread-1] INFO  server.RaftServerConfigKeys (ConfUtils.java:logGet(43)) - raft.server.log.segment.cache.num.max = 2 (custom)
2019-10-01 06:20:08,776 [pool-169-thread-1] INFO  server.RaftServerConfigKeys (ConfUtils.java:logGet(43)) - raft.server.log.purge.gap = 1000000 (custom)
2019-10-01 06:20:08,777 [pool-179-thread-1] INFO  segmented.SegmentedRaftLogWorker (SegmentedRaftLogWorker.java:<init>(173)) - new 7735a92a-bb01-4e99-9b66-6d2afd65688b@group-8269D8CF66BB-SegmentedRaftLogWorker for RaftStorage:Storage Directory /workdir/hadoop-ozone/integration-test/target/test-dir/MiniOzoneClusterImpl-ce5315ad-6793-4ee7-a934-7ca72faf8a61/datanode-6/data/ratis/7a813201-677b-4818-81b3-8269d8cf66bb
2019-10-01 06:20:08,777 [pool-149-thread-1] INFO  server.RaftServerConfigKeys (ConfUtils.java:logGet(43)) - raft.server.log.purge.gap = 1000000 (custom)
2019-10-01 06:20:08,777 [pool-179-thread-1] INFO  server.RaftServerConfigKeys (ConfUtils.java:logGet(43)) - raft.server.log.queue.byte-limit = 2147483647 (custom)
2019-10-01 06:20:08,777 [pool-169-thread-1] INFO  server.RaftServerConfigKeys (ConfUtils.java:logGet(43)) - raft.server.log.appender.buffer.byte-limit = 33554432 (custom)
2019-10-01 06:20:08,777 [pool-179-thread-1] INFO  server.RaftServerConfigKeys (ConfUtils.java:logGet(43)) - raft.server.log.queue.element-limit = 1024 (custom)
2019-10-01 06:20:08,777 [pool-149-thread-1] INFO  server.RaftServerConfigKeys (ConfUtils.java:logGet(43)) - raft.server.log.appender.buffer.byte-limit = 33554432 (custom)
2019-10-01 06:20:08,778 [pool-179-thread-1] INFO  server.RaftServerConfigKeys (ConfUtils.java:logGet(43)) - raft.server.log.segment.size.max = 1048576 (custom)
2019-10-01 06:20:08,777 [pool-169-thread-1] INFO  server.RaftServerConfigKeys (ConfUtils.java:logGet(43)) - raft.server.log.segment.size.max = 1048576 (custom)
2019-10-01 06:20:08,778 [pool-179-thread-1] INFO  server.RaftServerConfigKeys (ConfUtils.java:logGet(43)) - raft.server.log.preallocated.size = 16384 (custom)
2019-10-01 06:20:08,778 [pool-149-thread-1] INFO  server.RaftServerConfigKeys (ConfUtils.java:logGet(43)) - raft.server.log.segment.size.max = 1048576 (custom)
2019-10-01 06:20:08,778 [pool-179-thread-1] INFO  server.RaftServerConfigKeys (ConfUtils.java:logGet(43)) - raft.server.log.write.buffer.size = 33554432 (custom)
2019-10-01 06:20:08,778 [pool-169-thread-1] INFO  server.RaftServerConfigKeys (ConfUtils.java:logGet(43)) - raft.server.log.segment.cache.num.max = 2 (custom)
2019-10-01 06:20:08,778 [pool-179-thread-1] INFO  server.RaftServerConfigKeys (ConfUtils.java:logGet(43)) - raft.server.log.force.sync.num = 128 (default)
2019-10-01 06:20:08,778 [pool-149-thread-1] INFO  server.RaftServerConfigKeys (ConfUtils.java:logGet(43)) - raft.server.log.segment.cache.num.max = 2 (custom)
2019-10-01 06:20:08,779 [pool-179-thread-1] INFO  server.RaftServerConfigKeys (ConfUtils.java:logGet(43)) - raft.server.log.statemachine.data.sync = true (default)
2019-10-01 06:20:08,778 [pool-169-thread-1] INFO  segmented.SegmentedRaftLogWorker (SegmentedRaftLogWorker.java:<init>(173)) - new e84c731b-f6d2-414b-8390-142f304c567a@group-8269D8CF66BB-SegmentedRaftLogWorker for RaftStorage:Storage Directory /workdir/hadoop-ozone/integration-test/target/test-dir/MiniOzoneClusterImpl-ce5315ad-6793-4ee7-a934-7ca72faf8a61/datanode-5/data/ratis/7a813201-677b-4818-81b3-8269d8cf66bb
2019-10-01 06:20:08,779 [pool-179-thread-1] INFO  server.RaftServerConfigKeys (ConfUtils.java:logGet(43)) - raft.server.log.statemachine.data.sync.timeout = 10s (default)
2019-10-01 06:20:08,779 [pool-149-thread-1] INFO  segmented.SegmentedRaftLogWorker (SegmentedRaftLogWorker.java:<init>(173)) - new 11f64b2c-99f5-49b2-9b46-7b6752e7b6a9@group-8269D8CF66BB-SegmentedRaftLogWorker for RaftStorage:Storage Directory /workdir/hadoop-ozone/integration-test/target/test-dir/MiniOzoneClusterImpl-ce5315ad-6793-4ee7-a934-7ca72faf8a61/datanode-3/data/ratis/7a813201-677b-4818-81b3-8269d8cf66bb
2019-10-01 06:20:08,779 [pool-179-thread-1] INFO  server.RaftServerConfigKeys (ConfUtils.java:logGet(43)) - raft.server.log.statemachine.data.sync.timeout.retry = -1 (default)
2019-10-01 06:20:08,779 [pool-169-thread-1] INFO  server.RaftServerConfigKeys (ConfUtils.java:logGet(43)) - raft.server.log.queue.byte-limit = 2147483647 (custom)
2019-10-01 06:20:08,779 [pool-149-thread-1] INFO  server.RaftServerConfigKeys (ConfUtils.java:logGet(43)) - raft.server.log.queue.byte-limit = 2147483647 (custom)
2019-10-01 06:20:08,780 [pool-169-thread-1] INFO  server.RaftServerConfigKeys (ConfUtils.java:logGet(43)) - raft.server.log.queue.element-limit = 1024 (custom)
2019-10-01 06:20:08,780 [pool-179-thread-1] INFO  server.RaftServerConfigKeys (ConfUtils.java:logGet(43)) - raft.server.log.statemachine.data.caching.enabled = true (custom)
2019-10-01 06:20:08,780 [pool-169-thread-1] INFO  server.RaftServerConfigKeys (ConfUtils.java:logGet(43)) - raft.server.log.segment.size.max = 1048576 (custom)
2019-10-01 06:20:08,780 [pool-149-thread-1] INFO  server.RaftServerConfigKeys (ConfUtils.java:logGet(43)) - raft.server.log.queue.element-limit = 1024 (custom)
2019-10-01 06:20:08,780 [pool-179-thread-1] INFO  segmented.SegmentedRaftLogWorker (SegmentedRaftLogWorker.java:lambda$new$0(128)) - 7735a92a-bb01-4e99-9b66-6d2afd65688b@group-8269D8CF66BB-SegmentedRaftLogWorker: flushIndex: setUnconditionally 0 -> -1
2019-10-01 06:20:08,780 [pool-169-thread-1] INFO  server.RaftServerConfigKeys (ConfUtils.java:logGet(43)) - raft.server.log.preallocated.size = 16384 (custom)
2019-10-01 06:20:08,780 [pool-149-thread-1] INFO  server.RaftServerConfigKeys (ConfUtils.java:logGet(43)) - raft.server.log.segment.size.max = 1048576 (custom)
2019-10-01 06:20:08,780 [pool-179-thread-1] INFO  server.RaftServerConfigKeys (ConfUtils.java:logGet(43)) - raft.server.snapshot.auto.trigger.enabled = true (custom)
2019-10-01 06:20:08,780 [pool-169-thread-1] INFO  server.RaftServerConfigKeys (ConfUtils.java:logGet(43)) - raft.server.log.write.buffer.size = 33554432 (custom)
2019-10-01 06:20:08,781 [pool-179-thread-1] INFO  server.RaftServerConfigKeys (ConfUtils.java:logGet(43)) - raft.server.snapshot.auto.trigger.threshold = 10000 (custom)
2019-10-01 06:20:08,781 [pool-149-thread-1] INFO  server.RaftServerConfigKeys (ConfUtils.java:logGet(43)) - raft.server.log.preallocated.size = 16384 (custom)
2019-10-01 06:20:08,781 [pool-179-thread-1] INFO  server.RaftServerConfigKeys (ConfUtils.java:logGet(43)) - raft.server.snapshot.retention.file.num = 5 (custom)
2019-10-01 06:20:08,781 [pool-169-thread-1] INFO  server.RaftServerConfigKeys (ConfUtils.java:logGet(43)) - raft.server.log.force.sync.num = 128 (default)
2019-10-01 06:20:08,781 [pool-179-thread-1] INFO  server.RaftServerConfigKeys (ConfUtils.java:logGet(43)) - raft.server.retrycache.expirytime = 600000ms (custom)
2019-10-01 06:20:08,781 [pool-149-thread-1] INFO  server.RaftServerConfigKeys (ConfUtils.java:logGet(43)) - raft.server.log.write.buffer.size = 33554432 (custom)
2019-10-01 06:20:08,781 [pool-169-thread-1] INFO  server.RaftServerConfigKeys (ConfUtils.java:logGet(43)) - raft.server.log.statemachine.data.sync = true (default)
2019-10-01 06:20:08,782 [pool-149-thread-1] INFO  server.RaftServerConfigKeys (ConfUtils.java:logGet(43)) - raft.server.log.force.sync.num = 128 (default)
2019-10-01 06:20:08,782 [pool-169-thread-1] INFO  server.RaftServerConfigKeys (ConfUtils.java:logGet(43)) - raft.server.log.statemachine.data.sync.timeout = 10s (default)
2019-10-01 06:20:08,782 [pool-149-thread-1] INFO  server.RaftServerConfigKeys (ConfUtils.java:logGet(43)) - raft.server.log.statemachine.data.sync = true (default)
2019-10-01 06:20:08,782 [pool-169-thread-1] INFO  server.RaftServerConfigKeys (ConfUtils.java:logGet(43)) - raft.server.log.statemachine.data.sync.timeout.retry = -1 (default)
2019-10-01 06:20:08,782 [pool-149-thread-1] INFO  server.RaftServerConfigKeys (ConfUtils.java:logGet(43)) - raft.server.log.statemachine.data.sync.timeout = 10s (default)
2019-10-01 06:20:08,782 [pool-169-thread-1] INFO  server.RaftServerConfigKeys (ConfUtils.java:logGet(43)) - raft.server.log.statemachine.data.caching.enabled = true (custom)
2019-10-01 06:20:08,782 [pool-149-thread-1] INFO  server.RaftServerConfigKeys (ConfUtils.java:logGet(43)) - raft.server.log.statemachine.data.sync.timeout.retry = -1 (default)
2019-10-01 06:20:08,782 [pool-169-thread-1] INFO  segmented.SegmentedRaftLogWorker (SegmentedRaftLogWorker.java:lambda$new$0(128)) - e84c731b-f6d2-414b-8390-142f304c567a@group-8269D8CF66BB-SegmentedRaftLogWorker: flushIndex: setUnconditionally 0 -> -1
2019-10-01 06:20:08,783 [pool-149-thread-1] INFO  server.RaftServerConfigKeys (ConfUtils.java:logGet(43)) - raft.server.log.statemachine.data.caching.enabled = true (custom)
2019-10-01 06:20:08,783 [pool-169-thread-1] INFO  server.RaftServerConfigKeys (ConfUtils.java:logGet(43)) - raft.server.snapshot.auto.trigger.enabled = true (custom)
2019-10-01 06:20:08,783 [pool-169-thread-1] INFO  server.RaftServerConfigKeys (ConfUtils.java:logGet(43)) - raft.server.snapshot.auto.trigger.threshold = 10000 (custom)
2019-10-01 06:20:08,783 [pool-169-thread-1] INFO  server.RaftServerConfigKeys (ConfUtils.java:logGet(43)) - raft.server.snapshot.retention.file.num = 5 (custom)
2019-10-01 06:20:08,783 [pool-149-thread-1] INFO  segmented.SegmentedRaftLogWorker (SegmentedRaftLogWorker.java:lambda$new$0(128)) - 11f64b2c-99f5-49b2-9b46-7b6752e7b6a9@group-8269D8CF66BB-SegmentedRaftLogWorker: flushIndex: setUnconditionally 0 -> -1
2019-10-01 06:20:08,783 [pool-169-thread-1] INFO  server.RaftServerConfigKeys (ConfUtils.java:logGet(43)) - raft.server.retrycache.expirytime = 600000ms (custom)
2019-10-01 06:20:08,783 [pool-149-thread-1] INFO  server.RaftServerConfigKeys (ConfUtils.java:logGet(43)) - raft.server.snapshot.auto.trigger.enabled = true (custom)
2019-10-01 06:20:08,783 [pool-149-thread-1] INFO  server.RaftServerConfigKeys (ConfUtils.java:logGet(43)) - raft.server.snapshot.auto.trigger.threshold = 10000 (custom)
2019-10-01 06:20:08,784 [pool-149-thread-1] INFO  server.RaftServerConfigKeys (ConfUtils.java:logGet(43)) - raft.server.snapshot.retention.file.num = 5 (custom)
2019-10-01 06:20:08,784 [pool-149-thread-1] INFO  server.RaftServerConfigKeys (ConfUtils.java:logGet(43)) - raft.server.retrycache.expirytime = 600000ms (custom)
2019-10-01 06:20:08,784 [pool-179-thread-1] INFO  impl.RaftServerImpl (RaftServerImpl.java:start(181)) - 7735a92a-bb01-4e99-9b66-6d2afd65688b@group-8269D8CF66BB: start as a follower, conf=-1: [11f64b2c-99f5-49b2-9b46-7b6752e7b6a9:192.168.30.6:33500, 7735a92a-bb01-4e99-9b66-6d2afd65688b:192.168.30.6:36098, e84c731b-f6d2-414b-8390-142f304c567a:192.168.30.6:34691], old=null
2019-10-01 06:20:08,784 [pool-179-thread-1] INFO  impl.RaftServerImpl (RaftServerImpl.java:setRole(170)) - 7735a92a-bb01-4e99-9b66-6d2afd65688b@group-8269D8CF66BB: changes role from      null to FOLLOWER at term 0 for startAsFollower
2019-10-01 06:20:08,784 [pool-179-thread-1] INFO  impl.RoleInfo (RoleInfo.java:updateAndGet(143)) - 7735a92a-bb01-4e99-9b66-6d2afd65688b: start FollowerState
2019-10-01 06:20:08,785 [pool-179-thread-1] INFO  util.JmxRegister (JmxRegister.java:tryRegister(44)) - Successfully registered JMX Bean with object name Ratis:service=RaftServer,group=group-8269D8CF66BB,id=7735a92a-bb01-4e99-9b66-6d2afd65688b
2019-10-01 06:20:08,785 [pool-169-thread-1] INFO  impl.RaftServerImpl (RaftServerImpl.java:start(181)) - e84c731b-f6d2-414b-8390-142f304c567a@group-8269D8CF66BB: start as a follower, conf=-1: [11f64b2c-99f5-49b2-9b46-7b6752e7b6a9:192.168.30.6:33500, 7735a92a-bb01-4e99-9b66-6d2afd65688b:192.168.30.6:36098, e84c731b-f6d2-414b-8390-142f304c567a:192.168.30.6:34691], old=null
2019-10-01 06:20:08,785 [pool-169-thread-1] INFO  impl.RaftServerImpl (RaftServerImpl.java:setRole(170)) - e84c731b-f6d2-414b-8390-142f304c567a@group-8269D8CF66BB: changes role from      null to FOLLOWER at term 0 for startAsFollower
2019-10-01 06:20:08,785 [pool-169-thread-1] INFO  impl.RoleInfo (RoleInfo.java:updateAndGet(143)) - e84c731b-f6d2-414b-8390-142f304c567a: start FollowerState
2019-10-01 06:20:08,786 [pool-169-thread-1] INFO  util.JmxRegister (JmxRegister.java:tryRegister(44)) - Successfully registered JMX Bean with object name Ratis:service=RaftServer,group=group-8269D8CF66BB,id=e84c731b-f6d2-414b-8390-142f304c567a
2019-10-01 06:20:08,787 [pool-149-thread-1] INFO  impl.RaftServerImpl (RaftServerImpl.java:start(181)) - 11f64b2c-99f5-49b2-9b46-7b6752e7b6a9@group-8269D8CF66BB: start as a follower, conf=-1: [11f64b2c-99f5-49b2-9b46-7b6752e7b6a9:192.168.30.6:33500, 7735a92a-bb01-4e99-9b66-6d2afd65688b:192.168.30.6:36098, e84c731b-f6d2-414b-8390-142f304c567a:192.168.30.6:34691], old=null
2019-10-01 06:20:08,787 [pool-149-thread-1] INFO  impl.RaftServerImpl (RaftServerImpl.java:setRole(170)) - 11f64b2c-99f5-49b2-9b46-7b6752e7b6a9@group-8269D8CF66BB: changes role from      null to FOLLOWER at term 0 for startAsFollower
2019-10-01 06:20:08,787 [pool-149-thread-1] INFO  impl.RoleInfo (RoleInfo.java:updateAndGet(143)) - 11f64b2c-99f5-49b2-9b46-7b6752e7b6a9: start FollowerState
2019-10-01 06:20:08,788 [pool-149-thread-1] INFO  util.JmxRegister (JmxRegister.java:tryRegister(44)) - Successfully registered JMX Bean with object name Ratis:service=RaftServer,group=group-8269D8CF66BB,id=11f64b2c-99f5-49b2-9b46-7b6752e7b6a9
2019-10-01 06:20:08,798 [RatisPipelineUtilsThread] INFO  pipeline.PipelineStateManager (PipelineStateManager.java:addPipeline(56)) - Created pipeline Pipeline[ Id: 7a813201-677b-4818-81b3-8269d8cf66bb, Nodes: 11f64b2c-99f5-49b2-9b46-7b6752e7b6a9{ip: 192.168.30.6, host: trunk-nightly-20191001-qpwks-271313263, networkLocation: /default-rack, certSerialId: null}7735a92a-bb01-4e99-9b66-6d2afd65688b{ip: 192.168.30.6, host: trunk-nightly-20191001-qpwks-271313263, networkLocation: /default-rack, certSerialId: null}e84c731b-f6d2-414b-8390-142f304c567a{ip: 192.168.30.6, host: trunk-nightly-20191001-qpwks-271313263, networkLocation: /default-rack, certSerialId: null}, Type:RATIS, Factor:THREE, State:OPEN]
2019-10-01 06:20:09,466 [main] INFO  ozone.MiniOzoneClusterImpl (MiniOzoneClusterImpl.java:lambda$waitForClusterToBeReady$0(147)) - Cluster is ready. Got 7 of 7 DN Heartbeats.
2019-10-01 06:20:09,507 [main] INFO  rpc.RpcClient (RpcClient.java:createVolume(276)) - Creating Volume: watchforcommithandlingtest, with jenkins1000 as owner.
2019-10-01 06:20:09,510 [IPC Server handler 1 on 34489] INFO  volume.OMVolumeCreateRequest (OMVolumeCreateRequest.java:validateAndUpdateCache(194)) - created volume:watchforcommithandlingtest for user:jenkins1000
2019-10-01 06:20:09,525 [main] INFO  rpc.RpcClient (RpcClient.java:createBucket(415)) - Creating Bucket: watchforcommithandlingtest/watchforcommithandlingtest, with Versioning false and Storage Type set to DISK and Encryption set to false 
2019-10-01 06:20:09,949 [main] INFO  ozone.MiniOzoneClusterImpl (MiniOzoneClusterImpl.java:getStorageContainerLocationClient(234)) - Creating StorageContainerLocationProtocol RPC client with address /0.0.0.0:36478
2019-10-01 06:20:10,815 [Thread-959] INFO  container.ReplicationManager (ReplicationManager.java:start(162)) - Starting Replication Monitor Thread.
2019-10-01 06:20:10,819 [ReplicationMonitor] INFO  container.ReplicationManager (ReplicationManager.java:run(225)) - Replication Monitor Thread took 0 milliseconds for processing 1 containers.
2019-10-01 06:20:13,017 [Thread-961] INFO  impl.FollowerState (FollowerState.java:run(108)) - 86efe969-c6da-4419-ba3d-b5528c33cccc@group-2CF5903C08D6-FollowerState: change to CANDIDATE, lastRpcTime:5117ms, electionTimeout:5117ms
2019-10-01 06:20:13,018 [Thread-961] INFO  impl.RoleInfo (RoleInfo.java:shutdownFollowerState(121)) - 86efe969-c6da-4419-ba3d-b5528c33cccc: shutdown FollowerState
2019-10-01 06:20:13,018 [Thread-961] INFO  impl.RaftServerImpl (RaftServerImpl.java:setRole(170)) - 86efe969-c6da-4419-ba3d-b5528c33cccc@group-2CF5903C08D6: changes role from  FOLLOWER to CANDIDATE at term 0 for changeToCandidate
2019-10-01 06:20:13,019 [Thread-961] INFO  impl.RoleInfo (RoleInfo.java:updateAndGet(143)) - 86efe969-c6da-4419-ba3d-b5528c33cccc: start LeaderElection
2019-10-01 06:20:13,047 [86efe969-c6da-4419-ba3d-b5528c33cccc@group-2CF5903C08D6-LeaderElection29] INFO  impl.LeaderElection (LeaderElection.java:askForVotes(178)) - 86efe969-c6da-4419-ba3d-b5528c33cccc@group-2CF5903C08D6-LeaderElection29: begin an election at term 1 for -1: [86efe969-c6da-4419-ba3d-b5528c33cccc:192.168.30.6:45298], old=null
2019-10-01 06:20:13,047 [86efe969-c6da-4419-ba3d-b5528c33cccc@group-2CF5903C08D6-LeaderElection29] INFO  impl.RoleInfo (RoleInfo.java:shutdownLeaderElection(134)) - 86efe969-c6da-4419-ba3d-b5528c33cccc: shutdown LeaderElection
2019-10-01 06:20:13,047 [86efe969-c6da-4419-ba3d-b5528c33cccc@group-2CF5903C08D6-LeaderElection29] INFO  impl.RaftServerImpl (RaftServerImpl.java:setRole(170)) - 86efe969-c6da-4419-ba3d-b5528c33cccc@group-2CF5903C08D6: changes role from CANDIDATE to LEADER at term 1 for changeToLeader
2019-10-01 06:20:13,048 [86efe969-c6da-4419-ba3d-b5528c33cccc@group-2CF5903C08D6-LeaderElection29] INFO  impl.RaftServerImpl (ServerState.java:setLeader(255)) - 86efe969-c6da-4419-ba3d-b5528c33cccc@group-2CF5903C08D6: change Leader from null to 86efe969-c6da-4419-ba3d-b5528c33cccc at term 1 for becomeLeader, leader elected after 5159ms
2019-10-01 06:20:13,050 [86efe969-c6da-4419-ba3d-b5528c33cccc@group-2CF5903C08D6-LeaderElection29] INFO  server.RaftServerConfigKeys (ConfUtils.java:logGet(43)) - raft.server.staging.catchup.gap = 1000 (default)
2019-10-01 06:20:13,051 [86efe969-c6da-4419-ba3d-b5528c33cccc@group-2CF5903C08D6-LeaderElection29] INFO  server.RaftServerConfigKeys (ConfUtils.java:logGet(43)) - raft.server.rpc.sleep.time = 25ms (default)
2019-10-01 06:20:13,051 [86efe969-c6da-4419-ba3d-b5528c33cccc@group-2CF5903C08D6-LeaderElection29] INFO  server.RaftServerConfigKeys (ConfUtils.java:logGet(43)) - raft.server.write.element-limit = 4096 (default)
2019-10-01 06:20:13,051 [86efe969-c6da-4419-ba3d-b5528c33cccc@group-2CF5903C08D6-LeaderElection29] INFO  server.RaftServerConfigKeys (ConfUtils.java:logGet(43)) - raft.server.watch.timeout = 10s (default)
2019-10-01 06:20:13,051 [86efe969-c6da-4419-ba3d-b5528c33cccc@group-2CF5903C08D6-LeaderElection29] INFO  server.RaftServerConfigKeys (ConfUtils.java:logGet(43)) - raft.server.watch.timeout.denomination = 1s (default)
2019-10-01 06:20:13,051 [86efe969-c6da-4419-ba3d-b5528c33cccc@group-2CF5903C08D6-LeaderElection29] INFO  server.RaftServerConfigKeys (ConfUtils.java:logGet(43)) - raft.server.watch.element-limit = 65536 (default)
2019-10-01 06:20:13,053 [86efe969-c6da-4419-ba3d-b5528c33cccc@group-2CF5903C08D6-LeaderElection29] INFO  impl.RoleInfo (RoleInfo.java:updateAndGet(143)) - 86efe969-c6da-4419-ba3d-b5528c33cccc: start LeaderState
2019-10-01 06:20:13,054 [86efe969-c6da-4419-ba3d-b5528c33cccc@group-2CF5903C08D6-LeaderElection29] INFO  segmented.SegmentedRaftLogWorker (SegmentedRaftLogWorker.java:startLogSegment(385)) - 86efe969-c6da-4419-ba3d-b5528c33cccc@group-2CF5903C08D6-SegmentedRaftLogWorker: Starting segment from index:0
2019-10-01 06:20:13,054 [86efe969-c6da-4419-ba3d-b5528c33cccc@group-2CF5903C08D6-LeaderElection29] INFO  impl.RaftServerImpl (ServerState.java:setRaftConf(356)) - 86efe969-c6da-4419-ba3d-b5528c33cccc@group-2CF5903C08D6: set configuration 0: [86efe969-c6da-4419-ba3d-b5528c33cccc:192.168.30.6:45298], old=null at 0
2019-10-01 06:20:13,073 [Thread-964] INFO  impl.FollowerState (FollowerState.java:run(108)) - 9de54f0b-d70e-4752-94be-cce4a2ae2c62@group-5A952ECDE3A4-FollowerState: change to CANDIDATE, lastRpcTime:5093ms, electionTimeout:5093ms
2019-10-01 06:20:13,074 [Thread-964] INFO  impl.RoleInfo (RoleInfo.java:shutdownFollowerState(121)) - 9de54f0b-d70e-4752-94be-cce4a2ae2c62: shutdown FollowerState
2019-10-01 06:20:13,074 [Thread-964] INFO  impl.RaftServerImpl (RaftServerImpl.java:setRole(170)) - 9de54f0b-d70e-4752-94be-cce4a2ae2c62@group-5A952ECDE3A4: changes role from  FOLLOWER to CANDIDATE at term 0 for changeToCandidate
2019-10-01 06:20:13,074 [Thread-964] INFO  impl.RoleInfo (RoleInfo.java:updateAndGet(143)) - 9de54f0b-d70e-4752-94be-cce4a2ae2c62: start LeaderElection
2019-10-01 06:20:13,113 [86efe969-c6da-4419-ba3d-b5528c33cccc@group-2CF5903C08D6-SegmentedRaftLogWorker] INFO  segmented.SegmentedRaftLogWorker (SegmentedRaftLogWorker.java:execute(574)) - 86efe969-c6da-4419-ba3d-b5528c33cccc@group-2CF5903C08D6-SegmentedRaftLogWorker: created new log segment /workdir/hadoop-ozone/integration-test/target/test-dir/MiniOzoneClusterImpl-ce5315ad-6793-4ee7-a934-7ca72faf8a61/datanode-0/data/ratis/89c698b3-c104-4776-b23d-2cf5903c08d6/current/log_inprogress_0
2019-10-01 06:20:13,113 [9de54f0b-d70e-4752-94be-cce4a2ae2c62@group-5A952ECDE3A4-LeaderElection30] INFO  impl.LeaderElection (LeaderElection.java:askForVotes(178)) - 9de54f0b-d70e-4752-94be-cce4a2ae2c62@group-5A952ECDE3A4-LeaderElection30: begin an election at term 1 for -1: [9de54f0b-d70e-4752-94be-cce4a2ae2c62:192.168.30.6:36854], old=null
2019-10-01 06:20:13,113 [9de54f0b-d70e-4752-94be-cce4a2ae2c62@group-5A952ECDE3A4-LeaderElection30] INFO  impl.RoleInfo (RoleInfo.java:shutdownLeaderElection(134)) - 9de54f0b-d70e-4752-94be-cce4a2ae2c62: shutdown LeaderElection
2019-10-01 06:20:13,113 [9de54f0b-d70e-4752-94be-cce4a2ae2c62@group-5A952ECDE3A4-LeaderElection30] INFO  impl.RaftServerImpl (RaftServerImpl.java:setRole(170)) - 9de54f0b-d70e-4752-94be-cce4a2ae2c62@group-5A952ECDE3A4: changes role from CANDIDATE to LEADER at term 1 for changeToLeader
2019-10-01 06:20:13,114 [9de54f0b-d70e-4752-94be-cce4a2ae2c62@group-5A952ECDE3A4-LeaderElection30] INFO  impl.RaftServerImpl (ServerState.java:setLeader(255)) - 9de54f0b-d70e-4752-94be-cce4a2ae2c62@group-5A952ECDE3A4: change Leader from null to 9de54f0b-d70e-4752-94be-cce4a2ae2c62 at term 1 for becomeLeader, leader elected after 5143ms
2019-10-01 06:20:13,115 [9de54f0b-d70e-4752-94be-cce4a2ae2c62@group-5A952ECDE3A4-LeaderElection30] INFO  server.RaftServerConfigKeys (ConfUtils.java:logGet(43)) - raft.server.staging.catchup.gap = 1000 (default)
2019-10-01 06:20:13,115 [9de54f0b-d70e-4752-94be-cce4a2ae2c62@group-5A952ECDE3A4-LeaderElection30] INFO  server.RaftServerConfigKeys (ConfUtils.java:logGet(43)) - raft.server.rpc.sleep.time = 25ms (default)
2019-10-01 06:20:13,115 [9de54f0b-d70e-4752-94be-cce4a2ae2c62@group-5A952ECDE3A4-LeaderElection30] INFO  server.RaftServerConfigKeys (ConfUtils.java:logGet(43)) - raft.server.write.element-limit = 4096 (default)
2019-10-01 06:20:13,116 [9de54f0b-d70e-4752-94be-cce4a2ae2c62@group-5A952ECDE3A4-LeaderElection30] INFO  server.RaftServerConfigKeys (ConfUtils.java:logGet(43)) - raft.server.watch.timeout = 10s (default)
2019-10-01 06:20:13,116 [9de54f0b-d70e-4752-94be-cce4a2ae2c62@group-5A952ECDE3A4-LeaderElection30] INFO  server.RaftServerConfigKeys (ConfUtils.java:logGet(43)) - raft.server.watch.timeout.denomination = 1s (default)
2019-10-01 06:20:13,116 [9de54f0b-d70e-4752-94be-cce4a2ae2c62@group-5A952ECDE3A4-LeaderElection30] INFO  server.RaftServerConfigKeys (ConfUtils.java:logGet(43)) - raft.server.watch.element-limit = 65536 (default)
2019-10-01 06:20:13,118 [9de54f0b-d70e-4752-94be-cce4a2ae2c62@group-5A952ECDE3A4-LeaderElection30] INFO  impl.RoleInfo (RoleInfo.java:updateAndGet(143)) - 9de54f0b-d70e-4752-94be-cce4a2ae2c62: start LeaderState
2019-10-01 06:20:13,118 [9de54f0b-d70e-4752-94be-cce4a2ae2c62@group-5A952ECDE3A4-LeaderElection30] INFO  segmented.SegmentedRaftLogWorker (SegmentedRaftLogWorker.java:startLogSegment(385)) - 9de54f0b-d70e-4752-94be-cce4a2ae2c62@group-5A952ECDE3A4-SegmentedRaftLogWorker: Starting segment from index:0
2019-10-01 06:20:13,119 [9de54f0b-d70e-4752-94be-cce4a2ae2c62@group-5A952ECDE3A4-LeaderElection30] INFO  impl.RaftServerImpl (ServerState.java:setRaftConf(356)) - 9de54f0b-d70e-4752-94be-cce4a2ae2c62@group-5A952ECDE3A4: set configuration 0: [9de54f0b-d70e-4752-94be-cce4a2ae2c62:192.168.30.6:36854], old=null at 0
2019-10-01 06:20:13,159 [9de54f0b-d70e-4752-94be-cce4a2ae2c62@group-5A952ECDE3A4-SegmentedRaftLogWorker] INFO  segmented.SegmentedRaftLogWorker (SegmentedRaftLogWorker.java:execute(574)) - 9de54f0b-d70e-4752-94be-cce4a2ae2c62@group-5A952ECDE3A4-SegmentedRaftLogWorker: created new log segment /workdir/hadoop-ozone/integration-test/target/test-dir/MiniOzoneClusterImpl-ce5315ad-6793-4ee7-a934-7ca72faf8a61/datanode-1/data/ratis/d04b209c-31f3-4eaa-9389-5a952ecde3a4/current/log_inprogress_0
2019-10-01 06:20:13,163 [Thread-967] INFO  impl.FollowerState (FollowerState.java:run(108)) - 57378343-3ed6-4039-b787-fde917e7fae3@group-77782470B68C-FollowerState: change to CANDIDATE, lastRpcTime:5106ms, electionTimeout:5106ms
2019-10-01 06:20:13,163 [Thread-967] INFO  impl.RoleInfo (RoleInfo.java:shutdownFollowerState(121)) - 57378343-3ed6-4039-b787-fde917e7fae3: shutdown FollowerState
2019-10-01 06:20:13,163 [Thread-967] INFO  impl.RaftServerImpl (RaftServerImpl.java:setRole(170)) - 57378343-3ed6-4039-b787-fde917e7fae3@group-77782470B68C: changes role from  FOLLOWER to CANDIDATE at term 0 for changeToCandidate
2019-10-01 06:20:13,163 [Thread-967] INFO  impl.RoleInfo (RoleInfo.java:updateAndGet(143)) - 57378343-3ed6-4039-b787-fde917e7fae3: start LeaderElection
2019-10-01 06:20:13,184 [57378343-3ed6-4039-b787-fde917e7fae3@group-77782470B68C-LeaderElection31] INFO  impl.LeaderElection (LeaderElection.java:askForVotes(178)) - 57378343-3ed6-4039-b787-fde917e7fae3@group-77782470B68C-LeaderElection31: begin an election at term 1 for -1: [57378343-3ed6-4039-b787-fde917e7fae3:192.168.30.6:35146], old=null
2019-10-01 06:20:13,184 [57378343-3ed6-4039-b787-fde917e7fae3@group-77782470B68C-LeaderElection31] INFO  impl.RoleInfo (RoleInfo.java:shutdownLeaderElection(134)) - 57378343-3ed6-4039-b787-fde917e7fae3: shutdown LeaderElection
2019-10-01 06:20:13,184 [57378343-3ed6-4039-b787-fde917e7fae3@group-77782470B68C-LeaderElection31] INFO  impl.RaftServerImpl (RaftServerImpl.java:setRole(170)) - 57378343-3ed6-4039-b787-fde917e7fae3@group-77782470B68C: changes role from CANDIDATE to LEADER at term 1 for changeToLeader
2019-10-01 06:20:13,184 [57378343-3ed6-4039-b787-fde917e7fae3@group-77782470B68C-LeaderElection31] INFO  impl.RaftServerImpl (ServerState.java:setLeader(255)) - 57378343-3ed6-4039-b787-fde917e7fae3@group-77782470B68C: change Leader from null to 57378343-3ed6-4039-b787-fde917e7fae3 at term 1 for becomeLeader, leader elected after 5134ms
2019-10-01 06:20:13,187 [57378343-3ed6-4039-b787-fde917e7fae3@group-77782470B68C-LeaderElection31] INFO  server.RaftServerConfigKeys (ConfUtils.java:logGet(43)) - raft.server.staging.catchup.gap = 1000 (default)
2019-10-01 06:20:13,187 [57378343-3ed6-4039-b787-fde917e7fae3@group-77782470B68C-LeaderElection31] INFO  server.RaftServerConfigKeys (ConfUtils.java:logGet(43)) - raft.server.rpc.sleep.time = 25ms (default)
2019-10-01 06:20:13,188 [57378343-3ed6-4039-b787-fde917e7fae3@group-77782470B68C-LeaderElection31] INFO  server.RaftServerConfigKeys (ConfUtils.java:logGet(43)) - raft.server.write.element-limit = 4096 (default)
2019-10-01 06:20:13,188 [57378343-3ed6-4039-b787-fde917e7fae3@group-77782470B68C-LeaderElection31] INFO  server.RaftServerConfigKeys (ConfUtils.java:logGet(43)) - raft.server.watch.timeout = 10s (default)
2019-10-01 06:20:13,188 [57378343-3ed6-4039-b787-fde917e7fae3@group-77782470B68C-LeaderElection31] INFO  server.RaftServerConfigKeys (ConfUtils.java:logGet(43)) - raft.server.watch.timeout.denomination = 1s (default)
2019-10-01 06:20:13,188 [57378343-3ed6-4039-b787-fde917e7fae3@group-77782470B68C-LeaderElection31] INFO  server.RaftServerConfigKeys (ConfUtils.java:logGet(43)) - raft.server.watch.element-limit = 65536 (default)
2019-10-01 06:20:13,191 [57378343-3ed6-4039-b787-fde917e7fae3@group-77782470B68C-LeaderElection31] INFO  impl.RoleInfo (RoleInfo.java:updateAndGet(143)) - 57378343-3ed6-4039-b787-fde917e7fae3: start LeaderState
2019-10-01 06:20:13,192 [57378343-3ed6-4039-b787-fde917e7fae3@group-77782470B68C-LeaderElection31] INFO  segmented.SegmentedRaftLogWorker (SegmentedRaftLogWorker.java:startLogSegment(385)) - 57378343-3ed6-4039-b787-fde917e7fae3@group-77782470B68C-SegmentedRaftLogWorker: Starting segment from index:0
2019-10-01 06:20:13,192 [57378343-3ed6-4039-b787-fde917e7fae3@group-77782470B68C-LeaderElection31] INFO  impl.RaftServerImpl (ServerState.java:setRaftConf(356)) - 57378343-3ed6-4039-b787-fde917e7fae3@group-77782470B68C: set configuration 0: [57378343-3ed6-4039-b787-fde917e7fae3:192.168.30.6:35146], old=null at 0
2019-10-01 06:20:13,203 [Thread-972] INFO  impl.FollowerState (FollowerState.java:run(108)) - 86efe969-c6da-4419-ba3d-b5528c33cccc@group-341A1F6D08EB-FollowerState: change to CANDIDATE, lastRpcTime:5052ms, electionTimeout:5052ms
2019-10-01 06:20:13,203 [Thread-972] INFO  impl.RoleInfo (RoleInfo.java:shutdownFollowerState(121)) - 86efe969-c6da-4419-ba3d-b5528c33cccc: shutdown FollowerState
2019-10-01 06:20:13,203 [Thread-972] INFO  impl.RaftServerImpl (RaftServerImpl.java:setRole(170)) - 86efe969-c6da-4419-ba3d-b5528c33cccc@group-341A1F6D08EB: changes role from  FOLLOWER to CANDIDATE at term 0 for changeToCandidate
2019-10-01 06:20:13,203 [Thread-972] INFO  impl.RoleInfo (RoleInfo.java:updateAndGet(143)) - 86efe969-c6da-4419-ba3d-b5528c33cccc: start LeaderElection
2019-10-01 06:20:13,245 [Thread-973] INFO  impl.FollowerState (FollowerState.java:run(108)) - 57378343-3ed6-4039-b787-fde917e7fae3@group-341A1F6D08EB-FollowerState: change to CANDIDATE, lastRpcTime:5092ms, electionTimeout:5092ms
2019-10-01 06:20:13,245 [Thread-973] INFO  impl.RoleInfo (RoleInfo.java:shutdownFollowerState(121)) - 57378343-3ed6-4039-b787-fde917e7fae3: shutdown FollowerState
2019-10-01 06:20:13,245 [Thread-973] INFO  impl.RaftServerImpl (RaftServerImpl.java:setRole(170)) - 57378343-3ed6-4039-b787-fde917e7fae3@group-341A1F6D08EB: changes role from  FOLLOWER to CANDIDATE at term 0 for changeToCandidate
2019-10-01 06:20:13,245 [Thread-973] INFO  impl.RoleInfo (RoleInfo.java:updateAndGet(143)) - 57378343-3ed6-4039-b787-fde917e7fae3: start LeaderElection
2019-10-01 06:20:13,251 [Thread-974] INFO  impl.FollowerState (FollowerState.java:run(108)) - 9de54f0b-d70e-4752-94be-cce4a2ae2c62@group-341A1F6D08EB-FollowerState: change to CANDIDATE, lastRpcTime:5098ms, electionTimeout:5098ms
2019-10-01 06:20:13,251 [Thread-974] INFO  impl.RoleInfo (RoleInfo.java:shutdownFollowerState(121)) - 9de54f0b-d70e-4752-94be-cce4a2ae2c62: shutdown FollowerState
2019-10-01 06:20:13,251 [Thread-974] INFO  impl.RaftServerImpl (RaftServerImpl.java:setRole(170)) - 9de54f0b-d70e-4752-94be-cce4a2ae2c62@group-341A1F6D08EB: changes role from  FOLLOWER to CANDIDATE at term 0 for changeToCandidate
2019-10-01 06:20:13,252 [Thread-974] INFO  impl.RoleInfo (RoleInfo.java:updateAndGet(143)) - 9de54f0b-d70e-4752-94be-cce4a2ae2c62: start LeaderElection
2019-10-01 06:20:13,253 [57378343-3ed6-4039-b787-fde917e7fae3@group-77782470B68C-SegmentedRaftLogWorker] INFO  segmented.SegmentedRaftLogWorker (SegmentedRaftLogWorker.java:execute(574)) - 57378343-3ed6-4039-b787-fde917e7fae3@group-77782470B68C-SegmentedRaftLogWorker: created new log segment /workdir/hadoop-ozone/integration-test/target/test-dir/MiniOzoneClusterImpl-ce5315ad-6793-4ee7-a934-7ca72faf8a61/datanode-2/data/ratis/b4f1c103-0198-4db1-9daa-77782470b68c/current/log_inprogress_0
2019-10-01 06:20:13,255 [86efe969-c6da-4419-ba3d-b5528c33cccc@group-341A1F6D08EB-LeaderElection32] INFO  impl.LeaderElection (LeaderElection.java:askForVotes(178)) - 86efe969-c6da-4419-ba3d-b5528c33cccc@group-341A1F6D08EB-LeaderElection32: begin an election at term 1 for -1: [9de54f0b-d70e-4752-94be-cce4a2ae2c62:192.168.30.6:36854, 86efe969-c6da-4419-ba3d-b5528c33cccc:192.168.30.6:45298, 57378343-3ed6-4039-b787-fde917e7fae3:192.168.30.6:35146], old=null
2019-10-01 06:20:13,294 [9de54f0b-d70e-4752-94be-cce4a2ae2c62@group-341A1F6D08EB-LeaderElection34] INFO  impl.LeaderElection (LeaderElection.java:askForVotes(178)) - 9de54f0b-d70e-4752-94be-cce4a2ae2c62@group-341A1F6D08EB-LeaderElection34: begin an election at term 1 for -1: [9de54f0b-d70e-4752-94be-cce4a2ae2c62:192.168.30.6:36854, 86efe969-c6da-4419-ba3d-b5528c33cccc:192.168.30.6:45298, 57378343-3ed6-4039-b787-fde917e7fae3:192.168.30.6:35146], old=null
2019-10-01 06:20:13,294 [57378343-3ed6-4039-b787-fde917e7fae3@group-341A1F6D08EB-LeaderElection33] INFO  impl.LeaderElection (LeaderElection.java:askForVotes(178)) - 57378343-3ed6-4039-b787-fde917e7fae3@group-341A1F6D08EB-LeaderElection33: begin an election at term 1 for -1: [9de54f0b-d70e-4752-94be-cce4a2ae2c62:192.168.30.6:36854, 86efe969-c6da-4419-ba3d-b5528c33cccc:192.168.30.6:45298, 57378343-3ed6-4039-b787-fde917e7fae3:192.168.30.6:35146], old=null
2019-10-01 06:20:13,299 [86efe969-c6da-4419-ba3d-b5528c33cccc@group-341A1F6D08EB-LeaderElection32] INFO  impl.LeaderElection (LeaderElection.java:logAndReturn(56)) - 86efe969-c6da-4419-ba3d-b5528c33cccc@group-341A1F6D08EB-LeaderElection32: Election REJECTED; received 2 response(s) [86efe969-c6da-4419-ba3d-b5528c33cccc<-9de54f0b-d70e-4752-94be-cce4a2ae2c62#0:FAIL-t1, 86efe969-c6da-4419-ba3d-b5528c33cccc<-57378343-3ed6-4039-b787-fde917e7fae3#0:FAIL-t1] and 0 exception(s); 86efe969-c6da-4419-ba3d-b5528c33cccc@group-341A1F6D08EB:t1, leader=null, voted=86efe969-c6da-4419-ba3d-b5528c33cccc, raftlog=86efe969-c6da-4419-ba3d-b5528c33cccc@group-341A1F6D08EB-SegmentedRaftLog:OPENED:c-1,f-1,i0, conf=-1: [9de54f0b-d70e-4752-94be-cce4a2ae2c62:192.168.30.6:36854, 86efe969-c6da-4419-ba3d-b5528c33cccc:192.168.30.6:45298, 57378343-3ed6-4039-b787-fde917e7fae3:192.168.30.6:35146], old=null
2019-10-01 06:20:13,299 [86efe969-c6da-4419-ba3d-b5528c33cccc@group-341A1F6D08EB-LeaderElection32] INFO  impl.RaftServerImpl (RaftServerImpl.java:setRole(170)) - 86efe969-c6da-4419-ba3d-b5528c33cccc@group-341A1F6D08EB: changes role from CANDIDATE to FOLLOWER at term 1 for DISCOVERED_A_NEW_TERM
2019-10-01 06:20:13,299 [86efe969-c6da-4419-ba3d-b5528c33cccc@group-341A1F6D08EB-LeaderElection32] INFO  impl.RoleInfo (RoleInfo.java:shutdownLeaderElection(134)) - 86efe969-c6da-4419-ba3d-b5528c33cccc: shutdown LeaderElection
2019-10-01 06:20:13,299 [86efe969-c6da-4419-ba3d-b5528c33cccc@group-341A1F6D08EB-LeaderElection32] INFO  impl.RoleInfo (RoleInfo.java:updateAndGet(143)) - 86efe969-c6da-4419-ba3d-b5528c33cccc: start FollowerState
2019-10-01 06:20:13,315 [57378343-3ed6-4039-b787-fde917e7fae3@group-341A1F6D08EB-LeaderElection33] INFO  impl.LeaderElection (LeaderElection.java:logAndReturn(56)) - 57378343-3ed6-4039-b787-fde917e7fae3@group-341A1F6D08EB-LeaderElection33: Election REJECTED; received 2 response(s) [57378343-3ed6-4039-b787-fde917e7fae3<-9de54f0b-d70e-4752-94be-cce4a2ae2c62#0:FAIL-t1, 57378343-3ed6-4039-b787-fde917e7fae3<-86efe969-c6da-4419-ba3d-b5528c33cccc#0:FAIL-t1] and 0 exception(s); 57378343-3ed6-4039-b787-fde917e7fae3@group-341A1F6D08EB:t1, leader=null, voted=57378343-3ed6-4039-b787-fde917e7fae3, raftlog=57378343-3ed6-4039-b787-fde917e7fae3@group-341A1F6D08EB-SegmentedRaftLog:OPENED:c-1,f-1,i0, conf=-1: [9de54f0b-d70e-4752-94be-cce4a2ae2c62:192.168.30.6:36854, 86efe969-c6da-4419-ba3d-b5528c33cccc:192.168.30.6:45298, 57378343-3ed6-4039-b787-fde917e7fae3:192.168.30.6:35146], old=null
2019-10-01 06:20:13,318 [57378343-3ed6-4039-b787-fde917e7fae3@group-341A1F6D08EB-LeaderElection33] INFO  impl.RaftServerImpl (RaftServerImpl.java:setRole(170)) - 57378343-3ed6-4039-b787-fde917e7fae3@group-341A1F6D08EB: changes role from CANDIDATE to FOLLOWER at term 1 for DISCOVERED_A_NEW_TERM
2019-10-01 06:20:13,318 [9de54f0b-d70e-4752-94be-cce4a2ae2c62@group-341A1F6D08EB-LeaderElection34] INFO  impl.LeaderElection (LeaderElection.java:logAndReturn(56)) - 9de54f0b-d70e-4752-94be-cce4a2ae2c62@group-341A1F6D08EB-LeaderElection34: Election REJECTED; received 2 response(s) [9de54f0b-d70e-4752-94be-cce4a2ae2c62<-86efe969-c6da-4419-ba3d-b5528c33cccc#0:FAIL-t1, 9de54f0b-d70e-4752-94be-cce4a2ae2c62<-57378343-3ed6-4039-b787-fde917e7fae3#0:FAIL-t1] and 0 exception(s); 9de54f0b-d70e-4752-94be-cce4a2ae2c62@group-341A1F6D08EB:t1, leader=null, voted=9de54f0b-d70e-4752-94be-cce4a2ae2c62, raftlog=9de54f0b-d70e-4752-94be-cce4a2ae2c62@group-341A1F6D08EB-SegmentedRaftLog:OPENED:c-1,f-1,i0, conf=-1: [9de54f0b-d70e-4752-94be-cce4a2ae2c62:192.168.30.6:36854, 86efe969-c6da-4419-ba3d-b5528c33cccc:192.168.30.6:45298, 57378343-3ed6-4039-b787-fde917e7fae3:192.168.30.6:35146], old=null
2019-10-01 06:20:13,318 [57378343-3ed6-4039-b787-fde917e7fae3@group-341A1F6D08EB-LeaderElection33] INFO  impl.RoleInfo (RoleInfo.java:shutdownLeaderElection(134)) - 57378343-3ed6-4039-b787-fde917e7fae3: shutdown LeaderElection
2019-10-01 06:20:13,320 [9de54f0b-d70e-4752-94be-cce4a2ae2c62@group-341A1F6D08EB-LeaderElection34] INFO  impl.RaftServerImpl (RaftServerImpl.java:setRole(170)) - 9de54f0b-d70e-4752-94be-cce4a2ae2c62@group-341A1F6D08EB: changes role from CANDIDATE to FOLLOWER at term 1 for DISCOVERED_A_NEW_TERM
2019-10-01 06:20:13,323 [57378343-3ed6-4039-b787-fde917e7fae3@group-341A1F6D08EB-LeaderElection33] INFO  impl.RoleInfo (RoleInfo.java:updateAndGet(143)) - 57378343-3ed6-4039-b787-fde917e7fae3: start FollowerState
2019-10-01 06:20:13,323 [9de54f0b-d70e-4752-94be-cce4a2ae2c62@group-341A1F6D08EB-LeaderElection34] INFO  impl.RoleInfo (RoleInfo.java:shutdownLeaderElection(134)) - 9de54f0b-d70e-4752-94be-cce4a2ae2c62: shutdown LeaderElection
2019-10-01 06:20:13,323 [9de54f0b-d70e-4752-94be-cce4a2ae2c62@group-341A1F6D08EB-LeaderElection34] INFO  impl.RoleInfo (RoleInfo.java:updateAndGet(143)) - 9de54f0b-d70e-4752-94be-cce4a2ae2c62: start FollowerState
2019-10-01 06:20:13,416 [Thread-979] INFO  impl.FollowerState (FollowerState.java:run(108)) - 11f64b2c-99f5-49b2-9b46-7b6752e7b6a9@group-C88669732FF3-FollowerState: change to CANDIDATE, lastRpcTime:5047ms, electionTimeout:5047ms
2019-10-01 06:20:13,416 [Thread-979] INFO  impl.RoleInfo (RoleInfo.java:shutdownFollowerState(121)) - 11f64b2c-99f5-49b2-9b46-7b6752e7b6a9: shutdown FollowerState
2019-10-01 06:20:13,416 [Thread-979] INFO  impl.RaftServerImpl (RaftServerImpl.java:setRole(170)) - 11f64b2c-99f5-49b2-9b46-7b6752e7b6a9@group-C88669732FF3: changes role from  FOLLOWER to CANDIDATE at term 0 for changeToCandidate
2019-10-01 06:20:13,416 [Thread-979] INFO  impl.RoleInfo (RoleInfo.java:updateAndGet(143)) - 11f64b2c-99f5-49b2-9b46-7b6752e7b6a9: start LeaderElection
2019-10-01 06:20:13,454 [11f64b2c-99f5-49b2-9b46-7b6752e7b6a9@group-C88669732FF3-LeaderElection35] INFO  impl.LeaderElection (LeaderElection.java:askForVotes(178)) - 11f64b2c-99f5-49b2-9b46-7b6752e7b6a9@group-C88669732FF3-LeaderElection35: begin an election at term 1 for -1: [11f64b2c-99f5-49b2-9b46-7b6752e7b6a9:192.168.30.6:33500], old=null
2019-10-01 06:20:13,454 [11f64b2c-99f5-49b2-9b46-7b6752e7b6a9@group-C88669732FF3-LeaderElection35] INFO  impl.RoleInfo (RoleInfo.java:shutdownLeaderElection(134)) - 11f64b2c-99f5-49b2-9b46-7b6752e7b6a9: shutdown LeaderElection
2019-10-01 06:20:13,454 [11f64b2c-99f5-49b2-9b46-7b6752e7b6a9@group-C88669732FF3-LeaderElection35] INFO  impl.RaftServerImpl (RaftServerImpl.java:setRole(170)) - 11f64b2c-99f5-49b2-9b46-7b6752e7b6a9@group-C88669732FF3: changes role from CANDIDATE to LEADER at term 1 for changeToLeader
2019-10-01 06:20:13,455 [11f64b2c-99f5-49b2-9b46-7b6752e7b6a9@group-C88669732FF3-LeaderElection35] INFO  impl.RaftServerImpl (ServerState.java:setLeader(255)) - 11f64b2c-99f5-49b2-9b46-7b6752e7b6a9@group-C88669732FF3: change Leader from null to 11f64b2c-99f5-49b2-9b46-7b6752e7b6a9 at term 1 for becomeLeader, leader elected after 5099ms
2019-10-01 06:20:13,457 [11f64b2c-99f5-49b2-9b46-7b6752e7b6a9@group-C88669732FF3-LeaderElection35] INFO  server.RaftServerConfigKeys (ConfUtils.java:logGet(43)) - raft.server.staging.catchup.gap = 1000 (default)
2019-10-01 06:20:13,458 [11f64b2c-99f5-49b2-9b46-7b6752e7b6a9@group-C88669732FF3-LeaderElection35] INFO  server.RaftServerConfigKeys (ConfUtils.java:logGet(43)) - raft.server.rpc.sleep.time = 25ms (default)
2019-10-01 06:20:13,458 [11f64b2c-99f5-49b2-9b46-7b6752e7b6a9@group-C88669732FF3-LeaderElection35] INFO  server.RaftServerConfigKeys (ConfUtils.java:logGet(43)) - raft.server.write.element-limit = 4096 (default)
2019-10-01 06:20:13,458 [11f64b2c-99f5-49b2-9b46-7b6752e7b6a9@group-C88669732FF3-LeaderElection35] INFO  server.RaftServerConfigKeys (ConfUtils.java:logGet(43)) - raft.server.watch.timeout = 10s (default)
2019-10-01 06:20:13,458 [11f64b2c-99f5-49b2-9b46-7b6752e7b6a9@group-C88669732FF3-LeaderElection35] INFO  server.RaftServerConfigKeys (ConfUtils.java:logGet(43)) - raft.server.watch.timeout.denomination = 1s (default)
2019-10-01 06:20:13,458 [11f64b2c-99f5-49b2-9b46-7b6752e7b6a9@group-C88669732FF3-LeaderElection35] INFO  server.RaftServerConfigKeys (ConfUtils.java:logGet(43)) - raft.server.watch.element-limit = 65536 (default)
2019-10-01 06:20:13,460 [11f64b2c-99f5-49b2-9b46-7b6752e7b6a9@group-C88669732FF3-LeaderElection35] INFO  impl.RoleInfo (RoleInfo.java:updateAndGet(143)) - 11f64b2c-99f5-49b2-9b46-7b6752e7b6a9: start LeaderState
2019-10-01 06:20:13,460 [11f64b2c-99f5-49b2-9b46-7b6752e7b6a9@group-C88669732FF3-LeaderElection35] INFO  segmented.SegmentedRaftLogWorker (SegmentedRaftLogWorker.java:startLogSegment(385)) - 11f64b2c-99f5-49b2-9b46-7b6752e7b6a9@group-C88669732FF3-SegmentedRaftLogWorker: Starting segment from index:0
2019-10-01 06:20:13,461 [11f64b2c-99f5-49b2-9b46-7b6752e7b6a9@group-C88669732FF3-LeaderElection35] INFO  impl.RaftServerImpl (ServerState.java:setRaftConf(356)) - 11f64b2c-99f5-49b2-9b46-7b6752e7b6a9@group-C88669732FF3: set configuration 0: [11f64b2c-99f5-49b2-9b46-7b6752e7b6a9:192.168.30.6:33500], old=null at 0
2019-10-01 06:20:13,522 [11f64b2c-99f5-49b2-9b46-7b6752e7b6a9@group-C88669732FF3-SegmentedRaftLogWorker] INFO  segmented.SegmentedRaftLogWorker (SegmentedRaftLogWorker.java:execute(574)) - 11f64b2c-99f5-49b2-9b46-7b6752e7b6a9@group-C88669732FF3-SegmentedRaftLogWorker: created new log segment /workdir/hadoop-ozone/integration-test/target/test-dir/MiniOzoneClusterImpl-ce5315ad-6793-4ee7-a934-7ca72faf8a61/datanode-3/data/ratis/2f454d6f-b14b-4df5-916e-c88669732ff3/current/log_inprogress_0
2019-10-01 06:20:13,565 [Thread-982] INFO  impl.FollowerState (FollowerState.java:run(108)) - e84c731b-f6d2-414b-8390-142f304c567a@group-D77143095242-FollowerState: change to CANDIDATE, lastRpcTime:5084ms, electionTimeout:5084ms
2019-10-01 06:20:13,566 [Thread-982] INFO  impl.RoleInfo (RoleInfo.java:shutdownFollowerState(121)) - e84c731b-f6d2-414b-8390-142f304c567a: shutdown FollowerState
2019-10-01 06:20:13,566 [Thread-982] INFO  impl.RaftServerImpl (RaftServerImpl.java:setRole(170)) - e84c731b-f6d2-414b-8390-142f304c567a@group-D77143095242: changes role from  FOLLOWER to CANDIDATE at term 0 for changeToCandidate
2019-10-01 06:20:13,566 [Thread-982] INFO  impl.RoleInfo (RoleInfo.java:updateAndGet(143)) - e84c731b-f6d2-414b-8390-142f304c567a: start LeaderElection
2019-10-01 06:20:13,597 [e84c731b-f6d2-414b-8390-142f304c567a@group-D77143095242-LeaderElection36] INFO  impl.LeaderElection (LeaderElection.java:askForVotes(178)) - e84c731b-f6d2-414b-8390-142f304c567a@group-D77143095242-LeaderElection36: begin an election at term 1 for -1: [e84c731b-f6d2-414b-8390-142f304c567a:192.168.30.6:34691], old=null
2019-10-01 06:20:13,597 [e84c731b-f6d2-414b-8390-142f304c567a@group-D77143095242-LeaderElection36] INFO  impl.RoleInfo (RoleInfo.java:shutdownLeaderElection(134)) - e84c731b-f6d2-414b-8390-142f304c567a: shutdown LeaderElection
2019-10-01 06:20:13,597 [e84c731b-f6d2-414b-8390-142f304c567a@group-D77143095242-LeaderElection36] INFO  impl.RaftServerImpl (RaftServerImpl.java:setRole(170)) - e84c731b-f6d2-414b-8390-142f304c567a@group-D77143095242: changes role from CANDIDATE to LEADER at term 1 for changeToLeader
2019-10-01 06:20:13,597 [e84c731b-f6d2-414b-8390-142f304c567a@group-D77143095242-LeaderElection36] INFO  impl.RaftServerImpl (ServerState.java:setLeader(255)) - e84c731b-f6d2-414b-8390-142f304c567a@group-D77143095242: change Leader from null to e84c731b-f6d2-414b-8390-142f304c567a at term 1 for becomeLeader, leader elected after 5125ms
2019-10-01 06:20:13,600 [e84c731b-f6d2-414b-8390-142f304c567a@group-D77143095242-LeaderElection36] INFO  server.RaftServerConfigKeys (ConfUtils.java:logGet(43)) - raft.server.staging.catchup.gap = 1000 (default)
2019-10-01 06:20:13,600 [e84c731b-f6d2-414b-8390-142f304c567a@group-D77143095242-LeaderElection36] INFO  server.RaftServerConfigKeys (ConfUtils.java:logGet(43)) - raft.server.rpc.sleep.time = 25ms (default)
2019-10-01 06:20:13,601 [e84c731b-f6d2-414b-8390-142f304c567a@group-D77143095242-LeaderElection36] INFO  server.RaftServerConfigKeys (ConfUtils.java:logGet(43)) - raft.server.write.element-limit = 4096 (default)
2019-10-01 06:20:13,601 [e84c731b-f6d2-414b-8390-142f304c567a@group-D77143095242-LeaderElection36] INFO  server.RaftServerConfigKeys (ConfUtils.java:logGet(43)) - raft.server.watch.timeout = 10s (default)
2019-10-01 06:20:13,601 [e84c731b-f6d2-414b-8390-142f304c567a@group-D77143095242-LeaderElection36] INFO  server.RaftServerConfigKeys (ConfUtils.java:logGet(43)) - raft.server.watch.timeout.denomination = 1s (default)
2019-10-01 06:20:13,601 [e84c731b-f6d2-414b-8390-142f304c567a@group-D77143095242-LeaderElection36] INFO  server.RaftServerConfigKeys (ConfUtils.java:logGet(43)) - raft.server.watch.element-limit = 65536 (default)
2019-10-01 06:20:13,602 [e84c731b-f6d2-414b-8390-142f304c567a@group-D77143095242-LeaderElection36] INFO  impl.RoleInfo (RoleInfo.java:updateAndGet(143)) - e84c731b-f6d2-414b-8390-142f304c567a: start LeaderState
2019-10-01 06:20:13,603 [e84c731b-f6d2-414b-8390-142f304c567a@group-D77143095242-LeaderElection36] INFO  segmented.SegmentedRaftLogWorker (SegmentedRaftLogWorker.java:startLogSegment(385)) - e84c731b-f6d2-414b-8390-142f304c567a@group-D77143095242-SegmentedRaftLogWorker: Starting segment from index:0
2019-10-01 06:20:13,603 [e84c731b-f6d2-414b-8390-142f304c567a@group-D77143095242-LeaderElection36] INFO  impl.RaftServerImpl (ServerState.java:setRaftConf(356)) - e84c731b-f6d2-414b-8390-142f304c567a@group-D77143095242: set configuration 0: [e84c731b-f6d2-414b-8390-142f304c567a:192.168.30.6:34691], old=null at 0
2019-10-01 06:20:13,689 [e84c731b-f6d2-414b-8390-142f304c567a@group-D77143095242-SegmentedRaftLogWorker] INFO  segmented.SegmentedRaftLogWorker (SegmentedRaftLogWorker.java:execute(574)) - e84c731b-f6d2-414b-8390-142f304c567a@group-D77143095242-SegmentedRaftLogWorker: created new log segment /workdir/hadoop-ozone/integration-test/target/test-dir/MiniOzoneClusterImpl-ce5315ad-6793-4ee7-a934-7ca72faf8a61/datanode-5/data/ratis/383b218f-dc8f-4d49-9a4a-d77143095242/current/log_inprogress_0
2019-10-01 06:20:13,772 [Thread-988] INFO  impl.FollowerState (FollowerState.java:run(108)) - 60795f62-fbba-4768-929c-d7591d2b118e@group-3F7E4EEFA09B-FollowerState: change to CANDIDATE, lastRpcTime:5072ms, electionTimeout:5072ms
2019-10-01 06:20:13,772 [Thread-988] INFO  impl.RoleInfo (RoleInfo.java:shutdownFollowerState(121)) - 60795f62-fbba-4768-929c-d7591d2b118e: shutdown FollowerState
2019-10-01 06:20:13,772 [Thread-988] INFO  impl.RaftServerImpl (RaftServerImpl.java:setRole(170)) - 60795f62-fbba-4768-929c-d7591d2b118e@group-3F7E4EEFA09B: changes role from  FOLLOWER to CANDIDATE at term 0 for changeToCandidate
2019-10-01 06:20:13,772 [Thread-988] INFO  impl.RoleInfo (RoleInfo.java:updateAndGet(143)) - 60795f62-fbba-4768-929c-d7591d2b118e: start LeaderElection
2019-10-01 06:20:13,790 [60795f62-fbba-4768-929c-d7591d2b118e@group-3F7E4EEFA09B-LeaderElection37] INFO  impl.LeaderElection (LeaderElection.java:askForVotes(178)) - 60795f62-fbba-4768-929c-d7591d2b118e@group-3F7E4EEFA09B-LeaderElection37: begin an election at term 1 for -1: [60795f62-fbba-4768-929c-d7591d2b118e:192.168.30.6:38036], old=null
2019-10-01 06:20:13,791 [60795f62-fbba-4768-929c-d7591d2b118e@group-3F7E4EEFA09B-LeaderElection37] INFO  impl.RoleInfo (RoleInfo.java:shutdownLeaderElection(134)) - 60795f62-fbba-4768-929c-d7591d2b118e: shutdown LeaderElection
2019-10-01 06:20:13,791 [60795f62-fbba-4768-929c-d7591d2b118e@group-3F7E4EEFA09B-LeaderElection37] INFO  impl.RaftServerImpl (RaftServerImpl.java:setRole(170)) - 60795f62-fbba-4768-929c-d7591d2b118e@group-3F7E4EEFA09B: changes role from CANDIDATE to LEADER at term 1 for changeToLeader
2019-10-01 06:20:13,791 [60795f62-fbba-4768-929c-d7591d2b118e@group-3F7E4EEFA09B-LeaderElection37] INFO  impl.RaftServerImpl (ServerState.java:setLeader(255)) - 60795f62-fbba-4768-929c-d7591d2b118e@group-3F7E4EEFA09B: change Leader from null to 60795f62-fbba-4768-929c-d7591d2b118e at term 1 for becomeLeader, leader elected after 5099ms
2019-10-01 06:20:13,797 [60795f62-fbba-4768-929c-d7591d2b118e@group-3F7E4EEFA09B-LeaderElection37] INFO  server.RaftServerConfigKeys (ConfUtils.java:logGet(43)) - raft.server.staging.catchup.gap = 1000 (default)
2019-10-01 06:20:13,798 [60795f62-fbba-4768-929c-d7591d2b118e@group-3F7E4EEFA09B-LeaderElection37] INFO  server.RaftServerConfigKeys (ConfUtils.java:logGet(43)) - raft.server.rpc.sleep.time = 25ms (default)
2019-10-01 06:20:13,798 [60795f62-fbba-4768-929c-d7591d2b118e@group-3F7E4EEFA09B-LeaderElection37] INFO  server.RaftServerConfigKeys (ConfUtils.java:logGet(43)) - raft.server.write.element-limit = 4096 (default)
2019-10-01 06:20:13,798 [60795f62-fbba-4768-929c-d7591d2b118e@group-3F7E4EEFA09B-LeaderElection37] INFO  server.RaftServerConfigKeys (ConfUtils.java:logGet(43)) - raft.server.watch.timeout = 10s (default)
2019-10-01 06:20:13,798 [60795f62-fbba-4768-929c-d7591d2b118e@group-3F7E4EEFA09B-LeaderElection37] INFO  server.RaftServerConfigKeys (ConfUtils.java:logGet(43)) - raft.server.watch.timeout.denomination = 1s (default)
2019-10-01 06:20:13,798 [60795f62-fbba-4768-929c-d7591d2b118e@group-3F7E4EEFA09B-LeaderElection37] INFO  server.RaftServerConfigKeys (ConfUtils.java:logGet(43)) - raft.server.watch.element-limit = 65536 (default)
2019-10-01 06:20:13,800 [60795f62-fbba-4768-929c-d7591d2b118e@group-3F7E4EEFA09B-LeaderElection37] INFO  impl.RoleInfo (RoleInfo.java:updateAndGet(143)) - 60795f62-fbba-4768-929c-d7591d2b118e: start LeaderState
2019-10-01 06:20:13,800 [60795f62-fbba-4768-929c-d7591d2b118e@group-3F7E4EEFA09B-LeaderElection37] INFO  segmented.SegmentedRaftLogWorker (SegmentedRaftLogWorker.java:startLogSegment(385)) - 60795f62-fbba-4768-929c-d7591d2b118e@group-3F7E4EEFA09B-SegmentedRaftLogWorker: Starting segment from index:0
2019-10-01 06:20:13,801 [60795f62-fbba-4768-929c-d7591d2b118e@group-3F7E4EEFA09B-LeaderElection37] INFO  impl.RaftServerImpl (ServerState.java:setRaftConf(356)) - 60795f62-fbba-4768-929c-d7591d2b118e@group-3F7E4EEFA09B: set configuration 0: [60795f62-fbba-4768-929c-d7591d2b118e:192.168.30.6:38036], old=null at 0
2019-10-01 06:20:13,826 [Thread-985] INFO  impl.FollowerState (FollowerState.java:run(108)) - 7735a92a-bb01-4e99-9b66-6d2afd65688b@group-FF47F10C085C-FollowerState: change to CANDIDATE, lastRpcTime:5208ms, electionTimeout:5185ms
2019-10-01 06:20:13,827 [Thread-985] INFO  impl.RoleInfo (RoleInfo.java:shutdownFollowerState(121)) - 7735a92a-bb01-4e99-9b66-6d2afd65688b: shutdown FollowerState
2019-10-01 06:20:13,827 [Thread-985] INFO  impl.RaftServerImpl (RaftServerImpl.java:setRole(170)) - 7735a92a-bb01-4e99-9b66-6d2afd65688b@group-FF47F10C085C: changes role from  FOLLOWER to CANDIDATE at term 0 for changeToCandidate
2019-10-01 06:20:13,827 [Thread-985] INFO  impl.RoleInfo (RoleInfo.java:updateAndGet(143)) - 7735a92a-bb01-4e99-9b66-6d2afd65688b: start LeaderElection
2019-10-01 06:20:13,849 [60795f62-fbba-4768-929c-d7591d2b118e@group-3F7E4EEFA09B-SegmentedRaftLogWorker] INFO  segmented.SegmentedRaftLogWorker (SegmentedRaftLogWorker.java:execute(574)) - 60795f62-fbba-4768-929c-d7591d2b118e@group-3F7E4EEFA09B-SegmentedRaftLogWorker: created new log segment /workdir/hadoop-ozone/integration-test/target/test-dir/MiniOzoneClusterImpl-ce5315ad-6793-4ee7-a934-7ca72faf8a61/datanode-4/data/ratis/dab290f3-3eea-496a-8679-3f7e4eefa09b/current/log_inprogress_0
2019-10-01 06:20:13,849 [7735a92a-bb01-4e99-9b66-6d2afd65688b@group-FF47F10C085C-LeaderElection38] INFO  impl.LeaderElection (LeaderElection.java:askForVotes(178)) - 7735a92a-bb01-4e99-9b66-6d2afd65688b@group-FF47F10C085C-LeaderElection38: begin an election at term 1 for -1: [7735a92a-bb01-4e99-9b66-6d2afd65688b:192.168.30.6:36098], old=null
2019-10-01 06:20:13,850 [7735a92a-bb01-4e99-9b66-6d2afd65688b@group-FF47F10C085C-LeaderElection38] INFO  impl.RoleInfo (RoleInfo.java:shutdownLeaderElection(134)) - 7735a92a-bb01-4e99-9b66-6d2afd65688b: shutdown LeaderElection
2019-10-01 06:20:13,850 [7735a92a-bb01-4e99-9b66-6d2afd65688b@group-FF47F10C085C-LeaderElection38] INFO  impl.RaftServerImpl (RaftServerImpl.java:setRole(170)) - 7735a92a-bb01-4e99-9b66-6d2afd65688b@group-FF47F10C085C: changes role from CANDIDATE to LEADER at term 1 for changeToLeader
2019-10-01 06:20:13,850 [7735a92a-bb01-4e99-9b66-6d2afd65688b@group-FF47F10C085C-LeaderElection38] INFO  impl.RaftServerImpl (ServerState.java:setLeader(255)) - 7735a92a-bb01-4e99-9b66-6d2afd65688b@group-FF47F10C085C: change Leader from null to 7735a92a-bb01-4e99-9b66-6d2afd65688b at term 1 for becomeLeader, leader elected after 5237ms
2019-10-01 06:20:13,850 [7735a92a-bb01-4e99-9b66-6d2afd65688b@group-FF47F10C085C-LeaderElection38] INFO  server.RaftServerConfigKeys (ConfUtils.java:logGet(43)) - raft.server.staging.catchup.gap = 1000 (default)
2019-10-01 06:20:13,850 [7735a92a-bb01-4e99-9b66-6d2afd65688b@group-FF47F10C085C-LeaderElection38] INFO  server.RaftServerConfigKeys (ConfUtils.java:logGet(43)) - raft.server.rpc.sleep.time = 25ms (default)
2019-10-01 06:20:13,850 [7735a92a-bb01-4e99-9b66-6d2afd65688b@group-FF47F10C085C-LeaderElection38] INFO  server.RaftServerConfigKeys (ConfUtils.java:logGet(43)) - raft.server.write.element-limit = 4096 (default)
2019-10-01 06:20:13,850 [7735a92a-bb01-4e99-9b66-6d2afd65688b@group-FF47F10C085C-LeaderElection38] INFO  server.RaftServerConfigKeys (ConfUtils.java:logGet(43)) - raft.server.watch.timeout = 10s (default)
2019-10-01 06:20:13,850 [7735a92a-bb01-4e99-9b66-6d2afd65688b@group-FF47F10C085C-LeaderElection38] INFO  server.RaftServerConfigKeys (ConfUtils.java:logGet(43)) - raft.server.watch.timeout.denomination = 1s (default)
2019-10-01 06:20:13,850 [7735a92a-bb01-4e99-9b66-6d2afd65688b@group-FF47F10C085C-LeaderElection38] INFO  server.RaftServerConfigKeys (ConfUtils.java:logGet(43)) - raft.server.watch.element-limit = 65536 (default)
2019-10-01 06:20:13,852 [7735a92a-bb01-4e99-9b66-6d2afd65688b@group-FF47F10C085C-LeaderElection38] INFO  impl.RoleInfo (RoleInfo.java:updateAndGet(143)) - 7735a92a-bb01-4e99-9b66-6d2afd65688b: start LeaderState
2019-10-01 06:20:13,852 [7735a92a-bb01-4e99-9b66-6d2afd65688b@group-FF47F10C085C-LeaderElection38] INFO  segmented.SegmentedRaftLogWorker (SegmentedRaftLogWorker.java:startLogSegment(385)) - 7735a92a-bb01-4e99-9b66-6d2afd65688b@group-FF47F10C085C-SegmentedRaftLogWorker: Starting segment from index:0
2019-10-01 06:20:13,853 [7735a92a-bb01-4e99-9b66-6d2afd65688b@group-FF47F10C085C-LeaderElection38] INFO  impl.RaftServerImpl (ServerState.java:setRaftConf(356)) - 7735a92a-bb01-4e99-9b66-6d2afd65688b@group-FF47F10C085C: set configuration 0: [7735a92a-bb01-4e99-9b66-6d2afd65688b:192.168.30.6:36098], old=null at 0
2019-10-01 06:20:13,881 [Thread-995] INFO  impl.FollowerState (FollowerState.java:run(108)) - 11f64b2c-99f5-49b2-9b46-7b6752e7b6a9@group-8269D8CF66BB-FollowerState: change to CANDIDATE, lastRpcTime:5093ms, electionTimeout:5093ms
2019-10-01 06:20:13,881 [Thread-995] INFO  impl.RoleInfo (RoleInfo.java:shutdownFollowerState(121)) - 11f64b2c-99f5-49b2-9b46-7b6752e7b6a9: shutdown FollowerState
2019-10-01 06:20:13,881 [Thread-995] INFO  impl.RaftServerImpl (RaftServerImpl.java:setRole(170)) - 11f64b2c-99f5-49b2-9b46-7b6752e7b6a9@group-8269D8CF66BB: changes role from  FOLLOWER to CANDIDATE at term 0 for changeToCandidate
2019-10-01 06:20:13,882 [Thread-995] INFO  impl.RoleInfo (RoleInfo.java:updateAndGet(143)) - 11f64b2c-99f5-49b2-9b46-7b6752e7b6a9: start LeaderElection
2019-10-01 06:20:13,882 [Thread-994] INFO  impl.FollowerState (FollowerState.java:run(108)) - e84c731b-f6d2-414b-8390-142f304c567a@group-8269D8CF66BB-FollowerState: change to CANDIDATE, lastRpcTime:5096ms, electionTimeout:5096ms
2019-10-01 06:20:13,882 [Thread-994] INFO  impl.RoleInfo (RoleInfo.java:shutdownFollowerState(121)) - e84c731b-f6d2-414b-8390-142f304c567a: shutdown FollowerState
2019-10-01 06:20:13,885 [Thread-994] INFO  impl.RaftServerImpl (RaftServerImpl.java:setRole(170)) - e84c731b-f6d2-414b-8390-142f304c567a@group-8269D8CF66BB: changes role from  FOLLOWER to CANDIDATE at term 0 for changeToCandidate
2019-10-01 06:20:13,885 [Thread-994] INFO  impl.RoleInfo (RoleInfo.java:updateAndGet(143)) - e84c731b-f6d2-414b-8390-142f304c567a: start LeaderElection
2019-10-01 06:20:13,917 [7735a92a-bb01-4e99-9b66-6d2afd65688b@group-FF47F10C085C-SegmentedRaftLogWorker] INFO  segmented.SegmentedRaftLogWorker (SegmentedRaftLogWorker.java:execute(574)) - 7735a92a-bb01-4e99-9b66-6d2afd65688b@group-FF47F10C085C-SegmentedRaftLogWorker: created new log segment /workdir/hadoop-ozone/integration-test/target/test-dir/MiniOzoneClusterImpl-ce5315ad-6793-4ee7-a934-7ca72faf8a61/datanode-6/data/ratis/f65e3e2e-7054-47ac-a781-ff47f10c085c/current/log_inprogress_0
2019-10-01 06:20:13,925 [Thread-993] INFO  impl.FollowerState (FollowerState.java:run(108)) - 7735a92a-bb01-4e99-9b66-6d2afd65688b@group-8269D8CF66BB-FollowerState: change to CANDIDATE, lastRpcTime:5140ms, electionTimeout:5139ms
2019-10-01 06:20:13,925 [Thread-993] INFO  impl.RoleInfo (RoleInfo.java:shutdownFollowerState(121)) - 7735a92a-bb01-4e99-9b66-6d2afd65688b: shutdown FollowerState
2019-10-01 06:20:13,925 [Thread-993] INFO  impl.RaftServerImpl (RaftServerImpl.java:setRole(170)) - 7735a92a-bb01-4e99-9b66-6d2afd65688b@group-8269D8CF66BB: changes role from  FOLLOWER to CANDIDATE at term 0 for changeToCandidate
2019-10-01 06:20:13,925 [Thread-993] INFO  impl.RoleInfo (RoleInfo.java:updateAndGet(143)) - 7735a92a-bb01-4e99-9b66-6d2afd65688b: start LeaderElection
2019-10-01 06:20:13,925 [11f64b2c-99f5-49b2-9b46-7b6752e7b6a9@group-8269D8CF66BB-LeaderElection39] INFO  impl.LeaderElection (LeaderElection.java:askForVotes(178)) - 11f64b2c-99f5-49b2-9b46-7b6752e7b6a9@group-8269D8CF66BB-LeaderElection39: begin an election at term 1 for -1: [11f64b2c-99f5-49b2-9b46-7b6752e7b6a9:192.168.30.6:33500, 7735a92a-bb01-4e99-9b66-6d2afd65688b:192.168.30.6:36098, e84c731b-f6d2-414b-8390-142f304c567a:192.168.30.6:34691], old=null
2019-10-01 06:20:13,934 [e84c731b-f6d2-414b-8390-142f304c567a@group-8269D8CF66BB-LeaderElection40] INFO  impl.LeaderElection (LeaderElection.java:askForVotes(178)) - e84c731b-f6d2-414b-8390-142f304c567a@group-8269D8CF66BB-LeaderElection40: begin an election at term 1 for -1: [11f64b2c-99f5-49b2-9b46-7b6752e7b6a9:192.168.30.6:33500, 7735a92a-bb01-4e99-9b66-6d2afd65688b:192.168.30.6:36098, e84c731b-f6d2-414b-8390-142f304c567a:192.168.30.6:34691], old=null
2019-10-01 06:20:13,951 [7735a92a-bb01-4e99-9b66-6d2afd65688b@group-8269D8CF66BB-LeaderElection41] INFO  impl.LeaderElection (LeaderElection.java:askForVotes(178)) - 7735a92a-bb01-4e99-9b66-6d2afd65688b@group-8269D8CF66BB-LeaderElection41: begin an election at term 1 for -1: [11f64b2c-99f5-49b2-9b46-7b6752e7b6a9:192.168.30.6:33500, 7735a92a-bb01-4e99-9b66-6d2afd65688b:192.168.30.6:36098, e84c731b-f6d2-414b-8390-142f304c567a:192.168.30.6:34691], old=null
2019-10-01 06:20:13,955 [e84c731b-f6d2-414b-8390-142f304c567a@group-8269D8CF66BB-LeaderElection40] INFO  impl.LeaderElection (LeaderElection.java:logAndReturn(56)) - e84c731b-f6d2-414b-8390-142f304c567a@group-8269D8CF66BB-LeaderElection40: Election REJECTED; received 2 response(s) [e84c731b-f6d2-414b-8390-142f304c567a<-11f64b2c-99f5-49b2-9b46-7b6752e7b6a9#0:FAIL-t1, e84c731b-f6d2-414b-8390-142f304c567a<-7735a92a-bb01-4e99-9b66-6d2afd65688b#0:FAIL-t1] and 0 exception(s); e84c731b-f6d2-414b-8390-142f304c567a@group-8269D8CF66BB:t1, leader=null, voted=e84c731b-f6d2-414b-8390-142f304c567a, raftlog=e84c731b-f6d2-414b-8390-142f304c567a@group-8269D8CF66BB-SegmentedRaftLog:OPENED:c-1,f-1,i0, conf=-1: [11f64b2c-99f5-49b2-9b46-7b6752e7b6a9:192.168.30.6:33500, 7735a92a-bb01-4e99-9b66-6d2afd65688b:192.168.30.6:36098, e84c731b-f6d2-414b-8390-142f304c567a:192.168.30.6:34691], old=null
2019-10-01 06:20:13,956 [e84c731b-f6d2-414b-8390-142f304c567a@group-8269D8CF66BB-LeaderElection40] INFO  impl.RaftServerImpl (RaftServerImpl.java:setRole(170)) - e84c731b-f6d2-414b-8390-142f304c567a@group-8269D8CF66BB: changes role from CANDIDATE to FOLLOWER at term 1 for DISCOVERED_A_NEW_TERM
2019-10-01 06:20:13,956 [e84c731b-f6d2-414b-8390-142f304c567a@group-8269D8CF66BB-LeaderElection40] INFO  impl.RoleInfo (RoleInfo.java:shutdownLeaderElection(134)) - e84c731b-f6d2-414b-8390-142f304c567a: shutdown LeaderElection
2019-10-01 06:20:13,957 [e84c731b-f6d2-414b-8390-142f304c567a@group-8269D8CF66BB-LeaderElection40] INFO  impl.RoleInfo (RoleInfo.java:updateAndGet(143)) - e84c731b-f6d2-414b-8390-142f304c567a: start FollowerState
2019-10-01 06:20:13,957 [11f64b2c-99f5-49b2-9b46-7b6752e7b6a9@group-8269D8CF66BB-LeaderElection39] INFO  impl.LeaderElection (LeaderElection.java:logAndReturn(56)) - 11f64b2c-99f5-49b2-9b46-7b6752e7b6a9@group-8269D8CF66BB-LeaderElection39: Election REJECTED; received 2 response(s) [11f64b2c-99f5-49b2-9b46-7b6752e7b6a9<-7735a92a-bb01-4e99-9b66-6d2afd65688b#0:FAIL-t1, 11f64b2c-99f5-49b2-9b46-7b6752e7b6a9<-e84c731b-f6d2-414b-8390-142f304c567a#0:FAIL-t1] and 0 exception(s); 11f64b2c-99f5-49b2-9b46-7b6752e7b6a9@group-8269D8CF66BB:t1, leader=null, voted=11f64b2c-99f5-49b2-9b46-7b6752e7b6a9, raftlog=11f64b2c-99f5-49b2-9b46-7b6752e7b6a9@group-8269D8CF66BB-SegmentedRaftLog:OPENED:c-1,f-1,i0, conf=-1: [11f64b2c-99f5-49b2-9b46-7b6752e7b6a9:192.168.30.6:33500, 7735a92a-bb01-4e99-9b66-6d2afd65688b:192.168.30.6:36098, e84c731b-f6d2-414b-8390-142f304c567a:192.168.30.6:34691], old=null
2019-10-01 06:20:13,958 [11f64b2c-99f5-49b2-9b46-7b6752e7b6a9@group-8269D8CF66BB-LeaderElection39] INFO  impl.RaftServerImpl (RaftServerImpl.java:setRole(170)) - 11f64b2c-99f5-49b2-9b46-7b6752e7b6a9@group-8269D8CF66BB: changes role from CANDIDATE to FOLLOWER at term 1 for DISCOVERED_A_NEW_TERM
2019-10-01 06:20:13,959 [11f64b2c-99f5-49b2-9b46-7b6752e7b6a9@group-8269D8CF66BB-LeaderElection39] INFO  impl.RoleInfo (RoleInfo.java:shutdownLeaderElection(134)) - 11f64b2c-99f5-49b2-9b46-7b6752e7b6a9: shutdown LeaderElection
2019-10-01 06:20:13,959 [11f64b2c-99f5-49b2-9b46-7b6752e7b6a9@group-8269D8CF66BB-LeaderElection39] INFO  impl.RoleInfo (RoleInfo.java:updateAndGet(143)) - 11f64b2c-99f5-49b2-9b46-7b6752e7b6a9: start FollowerState
2019-10-01 06:20:13,964 [7735a92a-bb01-4e99-9b66-6d2afd65688b@group-8269D8CF66BB-LeaderElection41] INFO  impl.LeaderElection (LeaderElection.java:logAndReturn(56)) - 7735a92a-bb01-4e99-9b66-6d2afd65688b@group-8269D8CF66BB-LeaderElection41: Election REJECTED; received 2 response(s) [7735a92a-bb01-4e99-9b66-6d2afd65688b<-11f64b2c-99f5-49b2-9b46-7b6752e7b6a9#0:FAIL-t1, 7735a92a-bb01-4e99-9b66-6d2afd65688b<-e84c731b-f6d2-414b-8390-142f304c567a#0:FAIL-t1] and 0 exception(s); 7735a92a-bb01-4e99-9b66-6d2afd65688b@group-8269D8CF66BB:t1, leader=null, voted=7735a92a-bb01-4e99-9b66-6d2afd65688b, raftlog=7735a92a-bb01-4e99-9b66-6d2afd65688b@group-8269D8CF66BB-SegmentedRaftLog:OPENED:c-1,f-1,i0, conf=-1: [11f64b2c-99f5-49b2-9b46-7b6752e7b6a9:192.168.30.6:33500, 7735a92a-bb01-4e99-9b66-6d2afd65688b:192.168.30.6:36098, e84c731b-f6d2-414b-8390-142f304c567a:192.168.30.6:34691], old=null
2019-10-01 06:20:13,965 [7735a92a-bb01-4e99-9b66-6d2afd65688b@group-8269D8CF66BB-LeaderElection41] INFO  impl.RaftServerImpl (RaftServerImpl.java:setRole(170)) - 7735a92a-bb01-4e99-9b66-6d2afd65688b@group-8269D8CF66BB: changes role from CANDIDATE to FOLLOWER at term 1 for DISCOVERED_A_NEW_TERM
2019-10-01 06:20:13,965 [7735a92a-bb01-4e99-9b66-6d2afd65688b@group-8269D8CF66BB-LeaderElection41] INFO  impl.RoleInfo (RoleInfo.java:shutdownLeaderElection(134)) - 7735a92a-bb01-4e99-9b66-6d2afd65688b: shutdown LeaderElection
2019-10-01 06:20:13,965 [7735a92a-bb01-4e99-9b66-6d2afd65688b@group-8269D8CF66BB-LeaderElection41] INFO  impl.RoleInfo (RoleInfo.java:updateAndGet(143)) - 7735a92a-bb01-4e99-9b66-6d2afd65688b: start FollowerState
2019-10-01 06:20:18,366 [Thread-1026] INFO  impl.FollowerState (FollowerState.java:run(108)) - 86efe969-c6da-4419-ba3d-b5528c33cccc@group-341A1F6D08EB-FollowerState: change to CANDIDATE, lastRpcTime:5066ms, electionTimeout:5066ms
2019-10-01 06:20:18,366 [Thread-1028] INFO  impl.FollowerState (FollowerState.java:run(108)) - 9de54f0b-d70e-4752-94be-cce4a2ae2c62@group-341A1F6D08EB-FollowerState: change to CANDIDATE, lastRpcTime:5042ms, electionTimeout:5042ms
2019-10-01 06:20:18,369 [Thread-1026] INFO  impl.RoleInfo (RoleInfo.java:shutdownFollowerState(121)) - 86efe969-c6da-4419-ba3d-b5528c33cccc: shutdown FollowerState
2019-10-01 06:20:18,369 [Thread-1028] INFO  impl.RoleInfo (RoleInfo.java:shutdownFollowerState(121)) - 9de54f0b-d70e-4752-94be-cce4a2ae2c62: shutdown FollowerState
2019-10-01 06:20:18,369 [Thread-1026] INFO  impl.RaftServerImpl (RaftServerImpl.java:setRole(170)) - 86efe969-c6da-4419-ba3d-b5528c33cccc@group-341A1F6D08EB: changes role from  FOLLOWER to CANDIDATE at term 1 for changeToCandidate
2019-10-01 06:20:18,369 [Thread-1028] INFO  impl.RaftServerImpl (RaftServerImpl.java:setRole(170)) - 9de54f0b-d70e-4752-94be-cce4a2ae2c62@group-341A1F6D08EB: changes role from  FOLLOWER to CANDIDATE at term 1 for changeToCandidate
2019-10-01 06:20:18,369 [Thread-1026] INFO  impl.RoleInfo (RoleInfo.java:updateAndGet(143)) - 86efe969-c6da-4419-ba3d-b5528c33cccc: start LeaderElection
2019-10-01 06:20:18,369 [Thread-1028] INFO  impl.RoleInfo (RoleInfo.java:updateAndGet(143)) - 9de54f0b-d70e-4752-94be-cce4a2ae2c62: start LeaderElection
2019-10-01 06:20:18,395 [Thread-1027] INFO  impl.FollowerState (FollowerState.java:run(108)) - 57378343-3ed6-4039-b787-fde917e7fae3@group-341A1F6D08EB-FollowerState: change to CANDIDATE, lastRpcTime:5072ms, electionTimeout:5072ms
2019-10-01 06:20:18,396 [Thread-1027] INFO  impl.RoleInfo (RoleInfo.java:shutdownFollowerState(121)) - 57378343-3ed6-4039-b787-fde917e7fae3: shutdown FollowerState
2019-10-01 06:20:18,396 [Thread-1027] INFO  impl.RaftServerImpl (RaftServerImpl.java:setRole(170)) - 57378343-3ed6-4039-b787-fde917e7fae3@group-341A1F6D08EB: changes role from  FOLLOWER to CANDIDATE at term 1 for changeToCandidate
2019-10-01 06:20:18,396 [Thread-1027] INFO  impl.RoleInfo (RoleInfo.java:updateAndGet(143)) - 57378343-3ed6-4039-b787-fde917e7fae3: start LeaderElection
2019-10-01 06:20:18,981 [Thread-1048] INFO  impl.FollowerState (FollowerState.java:run(108)) - 7735a92a-bb01-4e99-9b66-6d2afd65688b@group-8269D8CF66BB-FollowerState: change to CANDIDATE, lastRpcTime:5015ms, electionTimeout:5015ms
2019-10-01 06:20:18,981 [Thread-1048] INFO  impl.RoleInfo (RoleInfo.java:shutdownFollowerState(121)) - 7735a92a-bb01-4e99-9b66-6d2afd65688b: shutdown FollowerState
2019-10-01 06:20:18,981 [Thread-1048] INFO  impl.RaftServerImpl (RaftServerImpl.java:setRole(170)) - 7735a92a-bb01-4e99-9b66-6d2afd65688b@group-8269D8CF66BB: changes role from  FOLLOWER to CANDIDATE at term 1 for changeToCandidate
2019-10-01 06:20:18,981 [Thread-1048] INFO  impl.RoleInfo (RoleInfo.java:updateAndGet(143)) - 7735a92a-bb01-4e99-9b66-6d2afd65688b: start LeaderElection
2019-10-01 06:20:19,078 [Thread-1047] INFO  impl.FollowerState (FollowerState.java:run(108)) - 11f64b2c-99f5-49b2-9b46-7b6752e7b6a9@group-8269D8CF66BB-FollowerState: change to CANDIDATE, lastRpcTime:5119ms, electionTimeout:5119ms
2019-10-01 06:20:19,078 [Thread-1047] INFO  impl.RoleInfo (RoleInfo.java:shutdownFollowerState(121)) - 11f64b2c-99f5-49b2-9b46-7b6752e7b6a9: shutdown FollowerState
2019-10-01 06:20:19,078 [Thread-1047] INFO  impl.RaftServerImpl (RaftServerImpl.java:setRole(170)) - 11f64b2c-99f5-49b2-9b46-7b6752e7b6a9@group-8269D8CF66BB: changes role from  FOLLOWER to CANDIDATE at term 1 for changeToCandidate
2019-10-01 06:20:19,079 [Thread-1047] INFO  impl.RoleInfo (RoleInfo.java:updateAndGet(143)) - 11f64b2c-99f5-49b2-9b46-7b6752e7b6a9: start LeaderElection
2019-10-01 06:20:19,120 [Thread-1046] INFO  impl.FollowerState (FollowerState.java:run(108)) - e84c731b-f6d2-414b-8390-142f304c567a@group-8269D8CF66BB-FollowerState: change to CANDIDATE, lastRpcTime:5163ms, electionTimeout:5161ms
2019-10-01 06:20:19,120 [Thread-1046] INFO  impl.RoleInfo (RoleInfo.java:shutdownFollowerState(121)) - e84c731b-f6d2-414b-8390-142f304c567a: shutdown FollowerState
2019-10-01 06:20:19,120 [Thread-1046] INFO  impl.RaftServerImpl (RaftServerImpl.java:setRole(170)) - e84c731b-f6d2-414b-8390-142f304c567a@group-8269D8CF66BB: changes role from  FOLLOWER to CANDIDATE at term 1 for changeToCandidate
2019-10-01 06:20:19,120 [Thread-1046] INFO  impl.RoleInfo (RoleInfo.java:updateAndGet(143)) - e84c731b-f6d2-414b-8390-142f304c567a: start LeaderElection
2019-10-01 06:20:29,585 [7735a92a-bb01-4e99-9b66-6d2afd65688b@group-8269D8CF66BB-LeaderElection45] INFO  impl.LeaderElection (LeaderElection.java:askForVotes(178)) - 7735a92a-bb01-4e99-9b66-6d2afd65688b@group-8269D8CF66BB-LeaderElection45: begin an election at term 2 for -1: [11f64b2c-99f5-49b2-9b46-7b6752e7b6a9:192.168.30.6:33500, 7735a92a-bb01-4e99-9b66-6d2afd65688b:192.168.30.6:36098, e84c731b-f6d2-414b-8390-142f304c567a:192.168.30.6:34691], old=null
2019-10-01 06:20:29,588 [57378343-3ed6-4039-b787-fde917e7fae3@group-341A1F6D08EB-LeaderElection44] INFO  impl.LeaderElection (LeaderElection.java:askForVotes(178)) - 57378343-3ed6-4039-b787-fde917e7fae3@group-341A1F6D08EB-LeaderElection44: begin an election at term 2 for -1: [9de54f0b-d70e-4752-94be-cce4a2ae2c62:192.168.30.6:36854, 86efe969-c6da-4419-ba3d-b5528c33cccc:192.168.30.6:45298, 57378343-3ed6-4039-b787-fde917e7fae3:192.168.30.6:35146], old=null
2019-10-01 06:20:29,588 [11f64b2c-99f5-49b2-9b46-7b6752e7b6a9@group-8269D8CF66BB-LeaderElection46] INFO  impl.LeaderElection (LeaderElection.java:askForVotes(178)) - 11f64b2c-99f5-49b2-9b46-7b6752e7b6a9@group-8269D8CF66BB-LeaderElection46: begin an election at term 2 for -1: [11f64b2c-99f5-49b2-9b46-7b6752e7b6a9:192.168.30.6:33500, 7735a92a-bb01-4e99-9b66-6d2afd65688b:192.168.30.6:36098, e84c731b-f6d2-414b-8390-142f304c567a:192.168.30.6:34691], old=null
2019-10-01 06:20:29,583 [86efe969-c6da-4419-ba3d-b5528c33cccc@group-341A1F6D08EB-LeaderElection42] INFO  impl.LeaderElection (LeaderElection.java:askForVotes(178)) - 86efe969-c6da-4419-ba3d-b5528c33cccc@group-341A1F6D08EB-LeaderElection42: begin an election at term 2 for -1: [9de54f0b-d70e-4752-94be-cce4a2ae2c62:192.168.30.6:36854, 86efe969-c6da-4419-ba3d-b5528c33cccc:192.168.30.6:45298, 57378343-3ed6-4039-b787-fde917e7fae3:192.168.30.6:35146], old=null
2019-10-01 06:20:29,588 [9de54f0b-d70e-4752-94be-cce4a2ae2c62@group-341A1F6D08EB-LeaderElection43] INFO  impl.LeaderElection (LeaderElection.java:askForVotes(178)) - 9de54f0b-d70e-4752-94be-cce4a2ae2c62@group-341A1F6D08EB-LeaderElection43: begin an election at term 2 for -1: [9de54f0b-d70e-4752-94be-cce4a2ae2c62:192.168.30.6:36854, 86efe969-c6da-4419-ba3d-b5528c33cccc:192.168.30.6:45298, 57378343-3ed6-4039-b787-fde917e7fae3:192.168.30.6:35146], old=null
2019-10-01 06:20:29,585 [e84c731b-f6d2-414b-8390-142f304c567a@group-8269D8CF66BB-LeaderElection47] INFO  impl.LeaderElection (LeaderElection.java:askForVotes(178)) - e84c731b-f6d2-414b-8390-142f304c567a@group-8269D8CF66BB-LeaderElection47: begin an election at term 2 for -1: [11f64b2c-99f5-49b2-9b46-7b6752e7b6a9:192.168.30.6:33500, 7735a92a-bb01-4e99-9b66-6d2afd65688b:192.168.30.6:36098, e84c731b-f6d2-414b-8390-142f304c567a:192.168.30.6:34691], old=null
2019-10-01 06:20:29,596 [7735a92a-bb01-4e99-9b66-6d2afd65688b@group-8269D8CF66BB-LeaderElection45] INFO  impl.LeaderElection (LeaderElection.java:logAndReturn(56)) - 7735a92a-bb01-4e99-9b66-6d2afd65688b@group-8269D8CF66BB-LeaderElection45: Election REJECTED; received 2 response(s) [7735a92a-bb01-4e99-9b66-6d2afd65688b<-11f64b2c-99f5-49b2-9b46-7b6752e7b6a9#0:FAIL-t2, 7735a92a-bb01-4e99-9b66-6d2afd65688b<-e84c731b-f6d2-414b-8390-142f304c567a#0:FAIL-t2] and 0 exception(s); 7735a92a-bb01-4e99-9b66-6d2afd65688b@group-8269D8CF66BB:t2, leader=null, voted=7735a92a-bb01-4e99-9b66-6d2afd65688b, raftlog=7735a92a-bb01-4e99-9b66-6d2afd65688b@group-8269D8CF66BB-SegmentedRaftLog:OPENED:c-1,f-1,i0, conf=-1: [11f64b2c-99f5-49b2-9b46-7b6752e7b6a9:192.168.30.6:33500, 7735a92a-bb01-4e99-9b66-6d2afd65688b:192.168.30.6:36098, e84c731b-f6d2-414b-8390-142f304c567a:192.168.30.6:34691], old=null
2019-10-01 06:20:29,597 [7735a92a-bb01-4e99-9b66-6d2afd65688b@group-8269D8CF66BB-LeaderElection45] INFO  impl.RaftServerImpl (RaftServerImpl.java:setRole(170)) - 7735a92a-bb01-4e99-9b66-6d2afd65688b@group-8269D8CF66BB: changes role from CANDIDATE to FOLLOWER at term 2 for DISCOVERED_A_NEW_TERM
2019-10-01 06:20:29,597 [7735a92a-bb01-4e99-9b66-6d2afd65688b@group-8269D8CF66BB-LeaderElection45] INFO  impl.RoleInfo (RoleInfo.java:shutdownLeaderElection(134)) - 7735a92a-bb01-4e99-9b66-6d2afd65688b: shutdown LeaderElection
2019-10-01 06:20:29,597 [7735a92a-bb01-4e99-9b66-6d2afd65688b@group-8269D8CF66BB-LeaderElection45] INFO  impl.RoleInfo (RoleInfo.java:updateAndGet(143)) - 7735a92a-bb01-4e99-9b66-6d2afd65688b: start FollowerState
2019-10-01 06:20:29,598 [86efe969-c6da-4419-ba3d-b5528c33cccc@group-341A1F6D08EB-LeaderElection42] INFO  impl.LeaderElection (LeaderElection.java:logAndReturn(56)) - 86efe969-c6da-4419-ba3d-b5528c33cccc@group-341A1F6D08EB-LeaderElection42: Election REJECTED; received 2 response(s) [86efe969-c6da-4419-ba3d-b5528c33cccc<-9de54f0b-d70e-4752-94be-cce4a2ae2c62#0:FAIL-t2, 86efe969-c6da-4419-ba3d-b5528c33cccc<-57378343-3ed6-4039-b787-fde917e7fae3#0:FAIL-t2] and 0 exception(s); 86efe969-c6da-4419-ba3d-b5528c33cccc@group-341A1F6D08EB:t2, leader=null, voted=86efe969-c6da-4419-ba3d-b5528c33cccc, raftlog=86efe969-c6da-4419-ba3d-b5528c33cccc@group-341A1F6D08EB-SegmentedRaftLog:OPENED:c-1,f-1,i0, conf=-1: [9de54f0b-d70e-4752-94be-cce4a2ae2c62:192.168.30.6:36854, 86efe969-c6da-4419-ba3d-b5528c33cccc:192.168.30.6:45298, 57378343-3ed6-4039-b787-fde917e7fae3:192.168.30.6:35146], old=null
2019-10-01 06:20:29,598 [57378343-3ed6-4039-b787-fde917e7fae3@group-341A1F6D08EB-LeaderElection44] INFO  impl.LeaderElection (LeaderElection.java:logAndReturn(56)) - 57378343-3ed6-4039-b787-fde917e7fae3@group-341A1F6D08EB-LeaderElection44: Election REJECTED; received 2 response(s) [57378343-3ed6-4039-b787-fde917e7fae3<-9de54f0b-d70e-4752-94be-cce4a2ae2c62#0:FAIL-t2, 57378343-3ed6-4039-b787-fde917e7fae3<-86efe969-c6da-4419-ba3d-b5528c33cccc#0:FAIL-t2] and 0 exception(s); 57378343-3ed6-4039-b787-fde917e7fae3@group-341A1F6D08EB:t2, leader=null, voted=57378343-3ed6-4039-b787-fde917e7fae3, raftlog=57378343-3ed6-4039-b787-fde917e7fae3@group-341A1F6D08EB-SegmentedRaftLog:OPENED:c-1,f-1,i0, conf=-1: [9de54f0b-d70e-4752-94be-cce4a2ae2c62:192.168.30.6:36854, 86efe969-c6da-4419-ba3d-b5528c33cccc:192.168.30.6:45298, 57378343-3ed6-4039-b787-fde917e7fae3:192.168.30.6:35146], old=null
2019-10-01 06:20:29,601 [86efe969-c6da-4419-ba3d-b5528c33cccc@group-341A1F6D08EB-LeaderElection42] INFO  impl.RaftServerImpl (RaftServerImpl.java:setRole(170)) - 86efe969-c6da-4419-ba3d-b5528c33cccc@group-341A1F6D08EB: changes role from CANDIDATE to FOLLOWER at term 2 for DISCOVERED_A_NEW_TERM
2019-10-01 06:20:29,603 [86efe969-c6da-4419-ba3d-b5528c33cccc@group-341A1F6D08EB-LeaderElection42] INFO  impl.RoleInfo (RoleInfo.java:shutdownLeaderElection(134)) - 86efe969-c6da-4419-ba3d-b5528c33cccc: shutdown LeaderElection
2019-10-01 06:20:29,604 [11f64b2c-99f5-49b2-9b46-7b6752e7b6a9@group-8269D8CF66BB-LeaderElection46] INFO  impl.LeaderElection (LeaderElection.java:logAndReturn(56)) - 11f64b2c-99f5-49b2-9b46-7b6752e7b6a9@group-8269D8CF66BB-LeaderElection46: Election REJECTED; received 2 response(s) [11f64b2c-99f5-49b2-9b46-7b6752e7b6a9<-7735a92a-bb01-4e99-9b66-6d2afd65688b#0:FAIL-t2, 11f64b2c-99f5-49b2-9b46-7b6752e7b6a9<-e84c731b-f6d2-414b-8390-142f304c567a#0:FAIL-t2] and 0 exception(s); 11f64b2c-99f5-49b2-9b46-7b6752e7b6a9@group-8269D8CF66BB:t2, leader=null, voted=11f64b2c-99f5-49b2-9b46-7b6752e7b6a9, raftlog=11f64b2c-99f5-49b2-9b46-7b6752e7b6a9@group-8269D8CF66BB-SegmentedRaftLog:OPENED:c-1,f-1,i0, conf=-1: [11f64b2c-99f5-49b2-9b46-7b6752e7b6a9:192.168.30.6:33500, 7735a92a-bb01-4e99-9b66-6d2afd65688b:192.168.30.6:36098, e84c731b-f6d2-414b-8390-142f304c567a:192.168.30.6:34691], old=null
2019-10-01 06:20:29,604 [57378343-3ed6-4039-b787-fde917e7fae3@group-341A1F6D08EB-LeaderElection44] INFO  impl.RaftServerImpl (RaftServerImpl.java:setRole(170)) - 57378343-3ed6-4039-b787-fde917e7fae3@group-341A1F6D08EB: changes role from CANDIDATE to FOLLOWER at term 2 for DISCOVERED_A_NEW_TERM
2019-10-01 06:20:29,606 [e84c731b-f6d2-414b-8390-142f304c567a@group-8269D8CF66BB-LeaderElection47] INFO  impl.LeaderElection (LeaderElection.java:logAndReturn(56)) - e84c731b-f6d2-414b-8390-142f304c567a@group-8269D8CF66BB-LeaderElection47: Election REJECTED; received 2 response(s) [e84c731b-f6d2-414b-8390-142f304c567a<-11f64b2c-99f5-49b2-9b46-7b6752e7b6a9#0:FAIL-t2, e84c731b-f6d2-414b-8390-142f304c567a<-7735a92a-bb01-4e99-9b66-6d2afd65688b#0:FAIL-t2] and 0 exception(s); e84c731b-f6d2-414b-8390-142f304c567a@group-8269D8CF66BB:t2, leader=null, voted=e84c731b-f6d2-414b-8390-142f304c567a, raftlog=e84c731b-f6d2-414b-8390-142f304c567a@group-8269D8CF66BB-SegmentedRaftLog:OPENED:c-1,f-1,i0, conf=-1: [11f64b2c-99f5-49b2-9b46-7b6752e7b6a9:192.168.30.6:33500, 7735a92a-bb01-4e99-9b66-6d2afd65688b:192.168.30.6:36098, e84c731b-f6d2-414b-8390-142f304c567a:192.168.30.6:34691], old=null
2019-10-01 06:20:29,604 [86efe969-c6da-4419-ba3d-b5528c33cccc@group-341A1F6D08EB-LeaderElection42] INFO  impl.RoleInfo (RoleInfo.java:updateAndGet(143)) - 86efe969-c6da-4419-ba3d-b5528c33cccc: start FollowerState
2019-10-01 06:20:29,609 [9de54f0b-d70e-4752-94be-cce4a2ae2c62@group-341A1F6D08EB-LeaderElection43] INFO  impl.LeaderElection (LeaderElection.java:logAndReturn(56)) - 9de54f0b-d70e-4752-94be-cce4a2ae2c62@group-341A1F6D08EB-LeaderElection43: Election REJECTED; received 2 response(s) [9de54f0b-d70e-4752-94be-cce4a2ae2c62<-86efe969-c6da-4419-ba3d-b5528c33cccc#0:FAIL-t2, 9de54f0b-d70e-4752-94be-cce4a2ae2c62<-57378343-3ed6-4039-b787-fde917e7fae3#0:FAIL-t2] and 0 exception(s); 9de54f0b-d70e-4752-94be-cce4a2ae2c62@group-341A1F6D08EB:t2, leader=null, voted=9de54f0b-d70e-4752-94be-cce4a2ae2c62, raftlog=9de54f0b-d70e-4752-94be-cce4a2ae2c62@group-341A1F6D08EB-SegmentedRaftLog:OPENED:c-1,f-1,i0, conf=-1: [9de54f0b-d70e-4752-94be-cce4a2ae2c62:192.168.30.6:36854, 86efe969-c6da-4419-ba3d-b5528c33cccc:192.168.30.6:45298, 57378343-3ed6-4039-b787-fde917e7fae3:192.168.30.6:35146], old=null
2019-10-01 06:20:29,609 [e84c731b-f6d2-414b-8390-142f304c567a@group-8269D8CF66BB-LeaderElection47] INFO  impl.RaftServerImpl (RaftServerImpl.java:setRole(170)) - e84c731b-f6d2-414b-8390-142f304c567a@group-8269D8CF66BB: changes role from CANDIDATE to FOLLOWER at term 2 for DISCOVERED_A_NEW_TERM
2019-10-01 06:20:29,606 [57378343-3ed6-4039-b787-fde917e7fae3@group-341A1F6D08EB-LeaderElection44] INFO  impl.RoleInfo (RoleInfo.java:shutdownLeaderElection(134)) - 57378343-3ed6-4039-b787-fde917e7fae3: shutdown LeaderElection
2019-10-01 06:20:29,606 [11f64b2c-99f5-49b2-9b46-7b6752e7b6a9@group-8269D8CF66BB-LeaderElection46] INFO  impl.RaftServerImpl (RaftServerImpl.java:setRole(170)) - 11f64b2c-99f5-49b2-9b46-7b6752e7b6a9@group-8269D8CF66BB: changes role from CANDIDATE to FOLLOWER at term 2 for DISCOVERED_A_NEW_TERM
2019-10-01 06:20:29,614 [57378343-3ed6-4039-b787-fde917e7fae3@group-341A1F6D08EB-LeaderElection44] INFO  impl.RoleInfo (RoleInfo.java:updateAndGet(143)) - 57378343-3ed6-4039-b787-fde917e7fae3: start FollowerState
2019-10-01 06:20:29,611 [e84c731b-f6d2-414b-8390-142f304c567a@group-8269D8CF66BB-LeaderElection47] INFO  impl.RoleInfo (RoleInfo.java:shutdownLeaderElection(134)) - e84c731b-f6d2-414b-8390-142f304c567a: shutdown LeaderElection
2019-10-01 06:20:29,611 [9de54f0b-d70e-4752-94be-cce4a2ae2c62@group-341A1F6D08EB-LeaderElection43] INFO  impl.RaftServerImpl (RaftServerImpl.java:setRole(170)) - 9de54f0b-d70e-4752-94be-cce4a2ae2c62@group-341A1F6D08EB: changes role from CANDIDATE to FOLLOWER at term 2 for DISCOVERED_A_NEW_TERM
2019-10-01 06:20:29,614 [e84c731b-f6d2-414b-8390-142f304c567a@group-8269D8CF66BB-LeaderElection47] INFO  impl.RoleInfo (RoleInfo.java:updateAndGet(143)) - e84c731b-f6d2-414b-8390-142f304c567a: start FollowerState
2019-10-01 06:20:29,614 [11f64b2c-99f5-49b2-9b46-7b6752e7b6a9@group-8269D8CF66BB-LeaderElection46] INFO  impl.RoleInfo (RoleInfo.java:shutdownLeaderElection(134)) - 11f64b2c-99f5-49b2-9b46-7b6752e7b6a9: shutdown LeaderElection
2019-10-01 06:20:29,614 [9de54f0b-d70e-4752-94be-cce4a2ae2c62@group-341A1F6D08EB-LeaderElection43] INFO  impl.RoleInfo (RoleInfo.java:shutdownLeaderElection(134)) - 9de54f0b-d70e-4752-94be-cce4a2ae2c62: shutdown LeaderElection
2019-10-01 06:20:29,615 [11f64b2c-99f5-49b2-9b46-7b6752e7b6a9@group-8269D8CF66BB-LeaderElection46] INFO  impl.RoleInfo (RoleInfo.java:updateAndGet(143)) - 11f64b2c-99f5-49b2-9b46-7b6752e7b6a9: start FollowerState
2019-10-01 06:20:29,615 [9de54f0b-d70e-4752-94be-cce4a2ae2c62@group-341A1F6D08EB-LeaderElection43] INFO  impl.RoleInfo (RoleInfo.java:updateAndGet(143)) - 9de54f0b-d70e-4752-94be-cce4a2ae2c62: start FollowerState
]]></system-out>
  </testcase>
  <testcase name="testWatchForCommitForRetryfailure" classname="org.apache.hadoop.ozone.client.rpc.TestWatchForCommit" time="101.591">
    <failure type="java.lang.AssertionError">java.lang.AssertionError
	at org.junit.Assert.fail(Assert.java:86)
	at org.junit.Assert.assertTrue(Assert.java:41)
	at org.junit.Assert.assertTrue(Assert.java:52)
	at org.apache.hadoop.ozone.client.rpc.TestWatchForCommit.testWatchForCommitForRetryfailure(TestWatchForCommit.java:348)
	at sun.reflect.NativeMethodAccessorImpl.invoke0(Native Method)
	at sun.reflect.NativeMethodAccessorImpl.invoke(NativeMethodAccessorImpl.java:62)
	at sun.reflect.DelegatingMethodAccessorImpl.invoke(DelegatingMethodAccessorImpl.java:43)
	at java.lang.reflect.Method.invoke(Method.java:498)
	at org.junit.runners.model.FrameworkMethod$1.runReflectiveCall(FrameworkMethod.java:47)
	at org.junit.internal.runners.model.ReflectiveCallable.run(ReflectiveCallable.java:12)
	at org.junit.runners.model.FrameworkMethod.invokeExplosively(FrameworkMethod.java:44)
	at org.junit.internal.runners.statements.InvokeMethod.evaluate(InvokeMethod.java:17)
	at org.junit.runners.ParentRunner.runLeaf(ParentRunner.java:271)
	at org.junit.runners.BlockJUnit4ClassRunner.runChild(BlockJUnit4ClassRunner.java:70)
	at org.junit.runners.BlockJUnit4ClassRunner.runChild(BlockJUnit4ClassRunner.java:50)
	at org.junit.runners.ParentRunner$3.run(ParentRunner.java:238)
	at org.junit.runners.ParentRunner$1.schedule(ParentRunner.java:63)
	at org.junit.runners.ParentRunner.runChildren(ParentRunner.java:236)
	at org.junit.runners.ParentRunner.access$000(ParentRunner.java:53)
	at org.junit.runners.ParentRunner$2.evaluate(ParentRunner.java:229)
	at org.junit.runners.ParentRunner.run(ParentRunner.java:309)
	at org.apache.maven.surefire.junit4.JUnit4Provider.execute(JUnit4Provider.java:365)
	at org.apache.maven.surefire.junit4.JUnit4Provider.executeWithRerun(JUnit4Provider.java:273)
	at org.apache.maven.surefire.junit4.JUnit4Provider.executeTestSet(JUnit4Provider.java:238)
	at org.apache.maven.surefire.junit4.JUnit4Provider.invoke(JUnit4Provider.java:159)
	at org.apache.maven.surefire.booter.ForkedBooter.invokeProviderInSameClassLoader(ForkedBooter.java:384)
	at org.apache.maven.surefire.booter.ForkedBooter.runSuitesInProcess(ForkedBooter.java:345)
	at org.apache.maven.surefire.booter.ForkedBooter.execute(ForkedBooter.java:126)
	at org.apache.maven.surefire.booter.ForkedBooter.main(ForkedBooter.java:418)
</failure>
    <system-out><![CDATA[2019-10-01 06:20:29,643 [main] WARN  server.ServerUtils (ServerUtils.java:getScmDbDir(145)) - ozone.scm.db.dirs is not configured. We recommend adding this setting. Falling back to ozone.metadata.dirs instead.
2019-10-01 06:20:34,616 [Thread-1099] INFO  impl.FollowerState (FollowerState.java:run(108)) - 7735a92a-bb01-4e99-9b66-6d2afd65688b@group-8269D8CF66BB-FollowerState: change to CANDIDATE, lastRpcTime:5018ms, electionTimeout:5018ms
2019-10-01 06:20:34,617 [Thread-1099] INFO  impl.RoleInfo (RoleInfo.java:shutdownFollowerState(121)) - 7735a92a-bb01-4e99-9b66-6d2afd65688b: shutdown FollowerState
2019-10-01 06:20:34,617 [Thread-1099] INFO  impl.RaftServerImpl (RaftServerImpl.java:setRole(170)) - 7735a92a-bb01-4e99-9b66-6d2afd65688b@group-8269D8CF66BB: changes role from  FOLLOWER to CANDIDATE at term 2 for changeToCandidate
2019-10-01 06:20:34,617 [Thread-1099] INFO  impl.RoleInfo (RoleInfo.java:updateAndGet(143)) - 7735a92a-bb01-4e99-9b66-6d2afd65688b: start LeaderElection
2019-10-01 06:20:34,632 [Thread-1101] INFO  impl.FollowerState (FollowerState.java:run(108)) - 57378343-3ed6-4039-b787-fde917e7fae3@group-341A1F6D08EB-FollowerState: change to CANDIDATE, lastRpcTime:5018ms, electionTimeout:5018ms
2019-10-01 06:20:34,632 [Thread-1101] INFO  impl.RoleInfo (RoleInfo.java:shutdownFollowerState(121)) - 57378343-3ed6-4039-b787-fde917e7fae3: shutdown FollowerState
2019-10-01 06:20:34,632 [Thread-1101] INFO  impl.RaftServerImpl (RaftServerImpl.java:setRole(170)) - 57378343-3ed6-4039-b787-fde917e7fae3@group-341A1F6D08EB: changes role from  FOLLOWER to CANDIDATE at term 2 for changeToCandidate
2019-10-01 06:20:34,633 [Thread-1101] INFO  impl.RoleInfo (RoleInfo.java:updateAndGet(143)) - 57378343-3ed6-4039-b787-fde917e7fae3: start LeaderElection
2019-10-01 06:20:34,637 [Thread-1104] INFO  impl.FollowerState (FollowerState.java:run(108)) - 9de54f0b-d70e-4752-94be-cce4a2ae2c62@group-341A1F6D08EB-FollowerState: change to CANDIDATE, lastRpcTime:5022ms, electionTimeout:5022ms
2019-10-01 06:20:34,638 [Thread-1104] INFO  impl.RoleInfo (RoleInfo.java:shutdownFollowerState(121)) - 9de54f0b-d70e-4752-94be-cce4a2ae2c62: shutdown FollowerState
2019-10-01 06:20:34,638 [Thread-1104] INFO  impl.RaftServerImpl (RaftServerImpl.java:setRole(170)) - 9de54f0b-d70e-4752-94be-cce4a2ae2c62@group-341A1F6D08EB: changes role from  FOLLOWER to CANDIDATE at term 2 for changeToCandidate
2019-10-01 06:20:34,638 [Thread-1104] INFO  impl.RoleInfo (RoleInfo.java:updateAndGet(143)) - 9de54f0b-d70e-4752-94be-cce4a2ae2c62: start LeaderElection
2019-10-01 06:20:34,641 [Thread-1100] INFO  impl.FollowerState (FollowerState.java:run(108)) - 86efe969-c6da-4419-ba3d-b5528c33cccc@group-341A1F6D08EB-FollowerState: change to CANDIDATE, lastRpcTime:5037ms, electionTimeout:5027ms
2019-10-01 06:20:34,641 [Thread-1100] INFO  impl.RoleInfo (RoleInfo.java:shutdownFollowerState(121)) - 86efe969-c6da-4419-ba3d-b5528c33cccc: shutdown FollowerState
2019-10-01 06:20:34,641 [Thread-1100] INFO  impl.RaftServerImpl (RaftServerImpl.java:setRole(170)) - 86efe969-c6da-4419-ba3d-b5528c33cccc@group-341A1F6D08EB: changes role from  FOLLOWER to CANDIDATE at term 2 for changeToCandidate
2019-10-01 06:20:34,641 [Thread-1100] INFO  impl.RoleInfo (RoleInfo.java:updateAndGet(143)) - 86efe969-c6da-4419-ba3d-b5528c33cccc: start LeaderElection
2019-10-01 06:20:34,685 [Thread-1103] INFO  impl.FollowerState (FollowerState.java:run(108)) - 11f64b2c-99f5-49b2-9b46-7b6752e7b6a9@group-8269D8CF66BB-FollowerState: change to CANDIDATE, lastRpcTime:5070ms, electionTimeout:5070ms
2019-10-01 06:20:34,685 [Thread-1103] INFO  impl.RoleInfo (RoleInfo.java:shutdownFollowerState(121)) - 11f64b2c-99f5-49b2-9b46-7b6752e7b6a9: shutdown FollowerState
2019-10-01 06:20:34,685 [Thread-1103] INFO  impl.RaftServerImpl (RaftServerImpl.java:setRole(170)) - 11f64b2c-99f5-49b2-9b46-7b6752e7b6a9@group-8269D8CF66BB: changes role from  FOLLOWER to CANDIDATE at term 2 for changeToCandidate
2019-10-01 06:20:34,686 [Thread-1103] INFO  impl.RoleInfo (RoleInfo.java:updateAndGet(143)) - 11f64b2c-99f5-49b2-9b46-7b6752e7b6a9: start LeaderElection
2019-10-01 06:20:34,752 [Thread-1102] INFO  impl.FollowerState (FollowerState.java:run(108)) - e84c731b-f6d2-414b-8390-142f304c567a@group-8269D8CF66BB-FollowerState: change to CANDIDATE, lastRpcTime:5137ms, electionTimeout:5137ms
2019-10-01 06:20:34,752 [Thread-1102] INFO  impl.RoleInfo (RoleInfo.java:shutdownFollowerState(121)) - e84c731b-f6d2-414b-8390-142f304c567a: shutdown FollowerState
2019-10-01 06:20:34,752 [Thread-1102] INFO  impl.RaftServerImpl (RaftServerImpl.java:setRole(170)) - e84c731b-f6d2-414b-8390-142f304c567a@group-8269D8CF66BB: changes role from  FOLLOWER to CANDIDATE at term 2 for changeToCandidate
2019-10-01 06:20:34,752 [Thread-1102] INFO  impl.RoleInfo (RoleInfo.java:updateAndGet(143)) - e84c731b-f6d2-414b-8390-142f304c567a: start LeaderElection
2019-10-01 06:20:35,861 [main] WARN  server.ServerUtils (ServerUtils.java:getScmDbDir(145)) - ozone.scm.db.dirs is not configured. We recommend adding this setting. Falling back to ozone.metadata.dirs instead.
2019-10-01 06:20:35,862 [main] WARN  server.ServerUtils (ServerUtils.java:getScmDbDir(145)) - ozone.scm.db.dirs is not configured. We recommend adding this setting. Falling back to ozone.metadata.dirs instead.
2019-10-01 06:20:35,863 [main] INFO  db.DBStoreBuilder (DBStoreBuilder.java:addTable(110)) - using custom profile for table: deletedBlocks
2019-10-01 06:20:35,863 [main] INFO  db.DBStoreBuilder (DBStoreBuilder.java:processTables(161)) - Using default column profile:DBProfile.DISK for Table:deletedBlocks
2019-10-01 06:20:35,863 [main] INFO  db.DBStoreBuilder (DBStoreBuilder.java:addTable(110)) - using custom profile for table: validCerts
2019-10-01 06:20:35,864 [main] INFO  db.DBStoreBuilder (DBStoreBuilder.java:processTables(161)) - Using default column profile:DBProfile.DISK for Table:validCerts
2019-10-01 06:20:35,864 [main] INFO  db.DBStoreBuilder (DBStoreBuilder.java:addTable(110)) - using custom profile for table: revokedCerts
2019-10-01 06:20:35,864 [main] INFO  db.DBStoreBuilder (DBStoreBuilder.java:processTables(161)) - Using default column profile:DBProfile.DISK for Table:revokedCerts
2019-10-01 06:20:35,864 [main] INFO  db.DBStoreBuilder (DBStoreBuilder.java:addTable(110)) - using custom profile for table: default
2019-10-01 06:20:35,864 [main] INFO  db.DBStoreBuilder (DBStoreBuilder.java:processTables(167)) - Using default column profile:DBProfile.DISK for Table:default
2019-10-01 06:20:35,865 [main] INFO  db.DBStoreBuilder (DBStoreBuilder.java:getDbProfile(198)) - Using default options. DBProfile.DISK
2019-10-01 06:20:35,903 [e84c731b-f6d2-414b-8390-142f304c567a@group-8269D8CF66BB-LeaderElection53] INFO  impl.LeaderElection (LeaderElection.java:askForVotes(178)) - e84c731b-f6d2-414b-8390-142f304c567a@group-8269D8CF66BB-LeaderElection53: begin an election at term 3 for -1: [11f64b2c-99f5-49b2-9b46-7b6752e7b6a9:192.168.30.6:33500, 7735a92a-bb01-4e99-9b66-6d2afd65688b:192.168.30.6:36098, e84c731b-f6d2-414b-8390-142f304c567a:192.168.30.6:34691], old=null
2019-10-01 06:20:35,903 [86efe969-c6da-4419-ba3d-b5528c33cccc@group-341A1F6D08EB-LeaderElection51] INFO  impl.LeaderElection (LeaderElection.java:askForVotes(178)) - 86efe969-c6da-4419-ba3d-b5528c33cccc@group-341A1F6D08EB-LeaderElection51: begin an election at term 3 for -1: [9de54f0b-d70e-4752-94be-cce4a2ae2c62:192.168.30.6:36854, 86efe969-c6da-4419-ba3d-b5528c33cccc:192.168.30.6:45298, 57378343-3ed6-4039-b787-fde917e7fae3:192.168.30.6:35146], old=null
2019-10-01 06:20:35,903 [57378343-3ed6-4039-b787-fde917e7fae3@group-341A1F6D08EB-LeaderElection49] INFO  impl.LeaderElection (LeaderElection.java:askForVotes(178)) - 57378343-3ed6-4039-b787-fde917e7fae3@group-341A1F6D08EB-LeaderElection49: begin an election at term 3 for -1: [9de54f0b-d70e-4752-94be-cce4a2ae2c62:192.168.30.6:36854, 86efe969-c6da-4419-ba3d-b5528c33cccc:192.168.30.6:45298, 57378343-3ed6-4039-b787-fde917e7fae3:192.168.30.6:35146], old=null
2019-10-01 06:20:35,903 [9de54f0b-d70e-4752-94be-cce4a2ae2c62@group-341A1F6D08EB-LeaderElection50] INFO  impl.LeaderElection (LeaderElection.java:askForVotes(178)) - 9de54f0b-d70e-4752-94be-cce4a2ae2c62@group-341A1F6D08EB-LeaderElection50: begin an election at term 3 for -1: [9de54f0b-d70e-4752-94be-cce4a2ae2c62:192.168.30.6:36854, 86efe969-c6da-4419-ba3d-b5528c33cccc:192.168.30.6:45298, 57378343-3ed6-4039-b787-fde917e7fae3:192.168.30.6:35146], old=null
2019-10-01 06:20:35,903 [7735a92a-bb01-4e99-9b66-6d2afd65688b@group-8269D8CF66BB-LeaderElection48] INFO  impl.LeaderElection (LeaderElection.java:askForVotes(178)) - 7735a92a-bb01-4e99-9b66-6d2afd65688b@group-8269D8CF66BB-LeaderElection48: begin an election at term 3 for -1: [11f64b2c-99f5-49b2-9b46-7b6752e7b6a9:192.168.30.6:33500, 7735a92a-bb01-4e99-9b66-6d2afd65688b:192.168.30.6:36098, e84c731b-f6d2-414b-8390-142f304c567a:192.168.30.6:34691], old=null
2019-10-01 06:20:35,903 [11f64b2c-99f5-49b2-9b46-7b6752e7b6a9@group-8269D8CF66BB-LeaderElection52] INFO  impl.LeaderElection (LeaderElection.java:askForVotes(178)) - 11f64b2c-99f5-49b2-9b46-7b6752e7b6a9@group-8269D8CF66BB-LeaderElection52: begin an election at term 3 for -1: [11f64b2c-99f5-49b2-9b46-7b6752e7b6a9:192.168.30.6:33500, 7735a92a-bb01-4e99-9b66-6d2afd65688b:192.168.30.6:36098, e84c731b-f6d2-414b-8390-142f304c567a:192.168.30.6:34691], old=null
2019-10-01 06:20:35,913 [9de54f0b-d70e-4752-94be-cce4a2ae2c62@group-341A1F6D08EB-LeaderElection50] INFO  impl.LeaderElection (LeaderElection.java:logAndReturn(56)) - 9de54f0b-d70e-4752-94be-cce4a2ae2c62@group-341A1F6D08EB-LeaderElection50: Election REJECTED; received 2 response(s) [9de54f0b-d70e-4752-94be-cce4a2ae2c62<-86efe969-c6da-4419-ba3d-b5528c33cccc#0:FAIL-t3, 9de54f0b-d70e-4752-94be-cce4a2ae2c62<-57378343-3ed6-4039-b787-fde917e7fae3#0:FAIL-t3] and 0 exception(s); 9de54f0b-d70e-4752-94be-cce4a2ae2c62@group-341A1F6D08EB:t3, leader=null, voted=9de54f0b-d70e-4752-94be-cce4a2ae2c62, raftlog=9de54f0b-d70e-4752-94be-cce4a2ae2c62@group-341A1F6D08EB-SegmentedRaftLog:OPENED:c-1,f-1,i0, conf=-1: [9de54f0b-d70e-4752-94be-cce4a2ae2c62:192.168.30.6:36854, 86efe969-c6da-4419-ba3d-b5528c33cccc:192.168.30.6:45298, 57378343-3ed6-4039-b787-fde917e7fae3:192.168.30.6:35146], old=null
2019-10-01 06:20:35,913 [9de54f0b-d70e-4752-94be-cce4a2ae2c62@group-341A1F6D08EB-LeaderElection50] INFO  impl.RaftServerImpl (RaftServerImpl.java:setRole(170)) - 9de54f0b-d70e-4752-94be-cce4a2ae2c62@group-341A1F6D08EB: changes role from CANDIDATE to FOLLOWER at term 3 for DISCOVERED_A_NEW_TERM
2019-10-01 06:20:35,914 [9de54f0b-d70e-4752-94be-cce4a2ae2c62@group-341A1F6D08EB-LeaderElection50] INFO  impl.RoleInfo (RoleInfo.java:shutdownLeaderElection(134)) - 9de54f0b-d70e-4752-94be-cce4a2ae2c62: shutdown LeaderElection
2019-10-01 06:20:35,914 [e84c731b-f6d2-414b-8390-142f304c567a@group-8269D8CF66BB-LeaderElection53] INFO  impl.LeaderElection (LeaderElection.java:logAndReturn(56)) - e84c731b-f6d2-414b-8390-142f304c567a@group-8269D8CF66BB-LeaderElection53: Election REJECTED; received 2 response(s) [e84c731b-f6d2-414b-8390-142f304c567a<-11f64b2c-99f5-49b2-9b46-7b6752e7b6a9#0:FAIL-t3, e84c731b-f6d2-414b-8390-142f304c567a<-7735a92a-bb01-4e99-9b66-6d2afd65688b#0:FAIL-t3] and 0 exception(s); e84c731b-f6d2-414b-8390-142f304c567a@group-8269D8CF66BB:t3, leader=null, voted=e84c731b-f6d2-414b-8390-142f304c567a, raftlog=e84c731b-f6d2-414b-8390-142f304c567a@group-8269D8CF66BB-SegmentedRaftLog:OPENED:c-1,f-1,i0, conf=-1: [11f64b2c-99f5-49b2-9b46-7b6752e7b6a9:192.168.30.6:33500, 7735a92a-bb01-4e99-9b66-6d2afd65688b:192.168.30.6:36098, e84c731b-f6d2-414b-8390-142f304c567a:192.168.30.6:34691], old=null
2019-10-01 06:20:35,917 [9de54f0b-d70e-4752-94be-cce4a2ae2c62@group-341A1F6D08EB-LeaderElection50] INFO  impl.RoleInfo (RoleInfo.java:updateAndGet(143)) - 9de54f0b-d70e-4752-94be-cce4a2ae2c62: start FollowerState
2019-10-01 06:20:35,917 [e84c731b-f6d2-414b-8390-142f304c567a@group-8269D8CF66BB-LeaderElection53] INFO  impl.RaftServerImpl (RaftServerImpl.java:setRole(170)) - e84c731b-f6d2-414b-8390-142f304c567a@group-8269D8CF66BB: changes role from CANDIDATE to FOLLOWER at term 3 for DISCOVERED_A_NEW_TERM
2019-10-01 06:20:35,920 [e84c731b-f6d2-414b-8390-142f304c567a@group-8269D8CF66BB-LeaderElection53] INFO  impl.RoleInfo (RoleInfo.java:shutdownLeaderElection(134)) - e84c731b-f6d2-414b-8390-142f304c567a: shutdown LeaderElection
2019-10-01 06:20:35,920 [e84c731b-f6d2-414b-8390-142f304c567a@group-8269D8CF66BB-LeaderElection53] INFO  impl.RoleInfo (RoleInfo.java:updateAndGet(143)) - e84c731b-f6d2-414b-8390-142f304c567a: start FollowerState
2019-10-01 06:20:35,921 [7735a92a-bb01-4e99-9b66-6d2afd65688b@group-8269D8CF66BB-LeaderElection48] INFO  impl.LeaderElection (LeaderElection.java:logAndReturn(56)) - 7735a92a-bb01-4e99-9b66-6d2afd65688b@group-8269D8CF66BB-LeaderElection48: Election REJECTED; received 2 response(s) [7735a92a-bb01-4e99-9b66-6d2afd65688b<-11f64b2c-99f5-49b2-9b46-7b6752e7b6a9#0:FAIL-t3, 7735a92a-bb01-4e99-9b66-6d2afd65688b<-e84c731b-f6d2-414b-8390-142f304c567a#0:FAIL-t3] and 0 exception(s); 7735a92a-bb01-4e99-9b66-6d2afd65688b@group-8269D8CF66BB:t3, leader=null, voted=7735a92a-bb01-4e99-9b66-6d2afd65688b, raftlog=7735a92a-bb01-4e99-9b66-6d2afd65688b@group-8269D8CF66BB-SegmentedRaftLog:OPENED:c-1,f-1,i0, conf=-1: [11f64b2c-99f5-49b2-9b46-7b6752e7b6a9:192.168.30.6:33500, 7735a92a-bb01-4e99-9b66-6d2afd65688b:192.168.30.6:36098, e84c731b-f6d2-414b-8390-142f304c567a:192.168.30.6:34691], old=null
2019-10-01 06:20:35,921 [7735a92a-bb01-4e99-9b66-6d2afd65688b@group-8269D8CF66BB-LeaderElection48] INFO  impl.RaftServerImpl (RaftServerImpl.java:setRole(170)) - 7735a92a-bb01-4e99-9b66-6d2afd65688b@group-8269D8CF66BB: changes role from CANDIDATE to FOLLOWER at term 3 for DISCOVERED_A_NEW_TERM
2019-10-01 06:20:35,921 [7735a92a-bb01-4e99-9b66-6d2afd65688b@group-8269D8CF66BB-LeaderElection48] INFO  impl.RoleInfo (RoleInfo.java:shutdownLeaderElection(134)) - 7735a92a-bb01-4e99-9b66-6d2afd65688b: shutdown LeaderElection
2019-10-01 06:20:35,921 [11f64b2c-99f5-49b2-9b46-7b6752e7b6a9@group-8269D8CF66BB-LeaderElection52] INFO  impl.LeaderElection (LeaderElection.java:logAndReturn(56)) - 11f64b2c-99f5-49b2-9b46-7b6752e7b6a9@group-8269D8CF66BB-LeaderElection52: Election REJECTED; received 2 response(s) [11f64b2c-99f5-49b2-9b46-7b6752e7b6a9<-7735a92a-bb01-4e99-9b66-6d2afd65688b#0:FAIL-t3, 11f64b2c-99f5-49b2-9b46-7b6752e7b6a9<-e84c731b-f6d2-414b-8390-142f304c567a#0:FAIL-t3] and 0 exception(s); 11f64b2c-99f5-49b2-9b46-7b6752e7b6a9@group-8269D8CF66BB:t3, leader=null, voted=11f64b2c-99f5-49b2-9b46-7b6752e7b6a9, raftlog=11f64b2c-99f5-49b2-9b46-7b6752e7b6a9@group-8269D8CF66BB-SegmentedRaftLog:OPENED:c-1,f-1,i0, conf=-1: [11f64b2c-99f5-49b2-9b46-7b6752e7b6a9:192.168.30.6:33500, 7735a92a-bb01-4e99-9b66-6d2afd65688b:192.168.30.6:36098, e84c731b-f6d2-414b-8390-142f304c567a:192.168.30.6:34691], old=null
2019-10-01 06:20:35,924 [7735a92a-bb01-4e99-9b66-6d2afd65688b@group-8269D8CF66BB-LeaderElection48] INFO  impl.RoleInfo (RoleInfo.java:updateAndGet(143)) - 7735a92a-bb01-4e99-9b66-6d2afd65688b: start FollowerState
2019-10-01 06:20:35,924 [11f64b2c-99f5-49b2-9b46-7b6752e7b6a9@group-8269D8CF66BB-LeaderElection52] INFO  impl.RaftServerImpl (RaftServerImpl.java:setRole(170)) - 11f64b2c-99f5-49b2-9b46-7b6752e7b6a9@group-8269D8CF66BB: changes role from CANDIDATE to FOLLOWER at term 3 for DISCOVERED_A_NEW_TERM
2019-10-01 06:20:35,926 [86efe969-c6da-4419-ba3d-b5528c33cccc@group-341A1F6D08EB-LeaderElection51] INFO  impl.LeaderElection (LeaderElection.java:logAndReturn(56)) - 86efe969-c6da-4419-ba3d-b5528c33cccc@group-341A1F6D08EB-LeaderElection51: Election REJECTED; received 2 response(s) [86efe969-c6da-4419-ba3d-b5528c33cccc<-9de54f0b-d70e-4752-94be-cce4a2ae2c62#0:FAIL-t3, 86efe969-c6da-4419-ba3d-b5528c33cccc<-57378343-3ed6-4039-b787-fde917e7fae3#0:FAIL-t3] and 0 exception(s); 86efe969-c6da-4419-ba3d-b5528c33cccc@group-341A1F6D08EB:t3, leader=null, voted=86efe969-c6da-4419-ba3d-b5528c33cccc, raftlog=86efe969-c6da-4419-ba3d-b5528c33cccc@group-341A1F6D08EB-SegmentedRaftLog:OPENED:c-1,f-1,i0, conf=-1: [9de54f0b-d70e-4752-94be-cce4a2ae2c62:192.168.30.6:36854, 86efe969-c6da-4419-ba3d-b5528c33cccc:192.168.30.6:45298, 57378343-3ed6-4039-b787-fde917e7fae3:192.168.30.6:35146], old=null
2019-10-01 06:20:35,924 [57378343-3ed6-4039-b787-fde917e7fae3@group-341A1F6D08EB-LeaderElection49] INFO  impl.LeaderElection (LeaderElection.java:logAndReturn(56)) - 57378343-3ed6-4039-b787-fde917e7fae3@group-341A1F6D08EB-LeaderElection49: Election REJECTED; received 2 response(s) [57378343-3ed6-4039-b787-fde917e7fae3<-9de54f0b-d70e-4752-94be-cce4a2ae2c62#0:FAIL-t3, 57378343-3ed6-4039-b787-fde917e7fae3<-86efe969-c6da-4419-ba3d-b5528c33cccc#0:FAIL-t3] and 0 exception(s); 57378343-3ed6-4039-b787-fde917e7fae3@group-341A1F6D08EB:t3, leader=null, voted=57378343-3ed6-4039-b787-fde917e7fae3, raftlog=57378343-3ed6-4039-b787-fde917e7fae3@group-341A1F6D08EB-SegmentedRaftLog:OPENED:c-1,f-1,i0, conf=-1: [9de54f0b-d70e-4752-94be-cce4a2ae2c62:192.168.30.6:36854, 86efe969-c6da-4419-ba3d-b5528c33cccc:192.168.30.6:45298, 57378343-3ed6-4039-b787-fde917e7fae3:192.168.30.6:35146], old=null
2019-10-01 06:20:35,926 [86efe969-c6da-4419-ba3d-b5528c33cccc@group-341A1F6D08EB-LeaderElection51] INFO  impl.RaftServerImpl (RaftServerImpl.java:setRole(170)) - 86efe969-c6da-4419-ba3d-b5528c33cccc@group-341A1F6D08EB: changes role from CANDIDATE to FOLLOWER at term 3 for DISCOVERED_A_NEW_TERM
2019-10-01 06:20:35,928 [86efe969-c6da-4419-ba3d-b5528c33cccc@group-341A1F6D08EB-LeaderElection51] INFO  impl.RoleInfo (RoleInfo.java:shutdownLeaderElection(134)) - 86efe969-c6da-4419-ba3d-b5528c33cccc: shutdown LeaderElection
2019-10-01 06:20:35,926 [11f64b2c-99f5-49b2-9b46-7b6752e7b6a9@group-8269D8CF66BB-LeaderElection52] INFO  impl.RoleInfo (RoleInfo.java:shutdownLeaderElection(134)) - 11f64b2c-99f5-49b2-9b46-7b6752e7b6a9: shutdown LeaderElection
2019-10-01 06:20:35,930 [86efe969-c6da-4419-ba3d-b5528c33cccc@group-341A1F6D08EB-LeaderElection51] INFO  impl.RoleInfo (RoleInfo.java:updateAndGet(143)) - 86efe969-c6da-4419-ba3d-b5528c33cccc: start FollowerState
2019-10-01 06:20:35,926 [57378343-3ed6-4039-b787-fde917e7fae3@group-341A1F6D08EB-LeaderElection49] INFO  impl.RaftServerImpl (RaftServerImpl.java:setRole(170)) - 57378343-3ed6-4039-b787-fde917e7fae3@group-341A1F6D08EB: changes role from CANDIDATE to FOLLOWER at term 3 for DISCOVERED_A_NEW_TERM
2019-10-01 06:20:35,930 [11f64b2c-99f5-49b2-9b46-7b6752e7b6a9@group-8269D8CF66BB-LeaderElection52] INFO  impl.RoleInfo (RoleInfo.java:updateAndGet(143)) - 11f64b2c-99f5-49b2-9b46-7b6752e7b6a9: start FollowerState
2019-10-01 06:20:35,931 [57378343-3ed6-4039-b787-fde917e7fae3@group-341A1F6D08EB-LeaderElection49] INFO  impl.RoleInfo (RoleInfo.java:shutdownLeaderElection(134)) - 57378343-3ed6-4039-b787-fde917e7fae3: shutdown LeaderElection
2019-10-01 06:20:35,931 [57378343-3ed6-4039-b787-fde917e7fae3@group-341A1F6D08EB-LeaderElection49] INFO  impl.RoleInfo (RoleInfo.java:updateAndGet(143)) - 57378343-3ed6-4039-b787-fde917e7fae3: start FollowerState
2019-10-01 06:20:36,406 [main] INFO  net.NodeSchemaLoader (NodeSchemaLoader.java:loadSchemaFromFile(125)) - Loading file from sun.misc.CompoundEnumeration@5489b1f7
2019-10-01 06:20:36,407 [main] INFO  net.NodeSchemaLoader (NodeSchemaLoader.java:loadSchema(171)) - Loading network topology layer schema file
2019-10-01 06:20:36,413 [main] WARN  server.ServerUtils (ServerUtils.java:sanitizeUserArgs(70)) - ozone.scm.stale.node.interval value = 300000 is larger than max = 100000 based on the key value of ozone.scm.heartbeat.thread.interval, reset to the max value 100000.
2019-10-01 06:20:36,413 [main] WARN  server.ServerUtils (ServerUtils.java:sanitizeUserArgs(70)) - ozone.scm.stale.node.interval value = 300000 is larger than max = 100000 based on the key value of ozone.scm.heartbeat.thread.interval, reset to the max value 100000.
2019-10-01 06:20:36,414 [main] INFO  node.SCMNodeManager (SCMNodeManager.java:<init>(114)) - Entering startup safe mode.
2019-10-01 06:20:36,416 [main] INFO  algorithms.ContainerPlacementPolicyFactory (ContainerPlacementPolicyFactory.java:getPolicy(57)) - Create container placement policy of type org.apache.hadoop.hdds.scm.container.placement.algorithms.SCMContainerPlacementRandom
2019-10-01 06:20:36,416 [main] WARN  server.ServerUtils (ServerUtils.java:getScmDbDir(145)) - ozone.scm.db.dirs is not configured. We recommend adding this setting. Falling back to ozone.metadata.dirs instead.
2019-10-01 06:20:36,520 [main] INFO  pipeline.SCMPipelineManager (SCMPipelineManager.java:initializePipelineState(132)) - No pipeline exists in current db
2019-10-01 06:20:36,520 [main] WARN  server.ServerUtils (ServerUtils.java:getScmDbDir(145)) - ozone.scm.db.dirs is not configured. We recommend adding this setting. Falling back to ozone.metadata.dirs instead.
2019-10-01 06:20:38,049 [main] WARN  events.EventQueue (EventQueue.java:fireEvent(183)) - No event handler registered for event TypedEvent{payloadType=SafeModeStatus, name='SafeModeStatus'}
2019-10-01 06:20:38,051 [main] INFO  ipc.CallQueueManager (CallQueueManager.java:<init>(84)) - Using callQueue: class java.util.concurrent.LinkedBlockingQueue, queueCapacity: 2000, scheduler: class org.apache.hadoop.ipc.DefaultRpcScheduler, ipcBackoff: false.
2019-10-01 06:20:38,053 [Socket Reader #1 for port 36819] INFO  ipc.Server (Server.java:run(1074)) - Starting Socket Reader #1 for port 36819
2019-10-01 06:20:38,060 [main] INFO  ipc.CallQueueManager (CallQueueManager.java:<init>(84)) - Using callQueue: class java.util.concurrent.LinkedBlockingQueue, queueCapacity: 2000, scheduler: class org.apache.hadoop.ipc.DefaultRpcScheduler, ipcBackoff: false.
2019-10-01 06:20:38,061 [Socket Reader #1 for port 34282] INFO  ipc.Server (Server.java:run(1074)) - Starting Socket Reader #1 for port 34282
2019-10-01 06:20:38,066 [main] INFO  ipc.CallQueueManager (CallQueueManager.java:<init>(84)) - Using callQueue: class java.util.concurrent.LinkedBlockingQueue, queueCapacity: 2000, scheduler: class org.apache.hadoop.ipc.DefaultRpcScheduler, ipcBackoff: false.
2019-10-01 06:20:38,067 [Socket Reader #1 for port 39845] INFO  ipc.Server (Server.java:run(1074)) - Starting Socket Reader #1 for port 39845
2019-10-01 06:20:38,085 [main] INFO  hdfs.DFSUtil (DFSUtil.java:httpServerTemplateForNNAndJN(1641)) - Starting Web-server for scm at: http://0.0.0.0:0
2019-10-01 06:20:38,088 [main] INFO  server.AuthenticationFilter (AuthenticationFilter.java:constructSecretProvider(240)) - Unable to initialize FileSignerSecretProvider, falling back to use random secrets.
2019-10-01 06:20:38,089 [main] WARN  http.HttpRequestLog (HttpRequestLog.java:getRequestLog(97)) - Jetty request log can only be enabled using Log4j
2019-10-01 06:20:38,093 [main] INFO  http.HttpServer2 (HttpServer2.java:addGlobalFilter(975)) - Added global filter 'safety' (class=org.apache.hadoop.http.HttpServer2$QuotingInputFilter)
2019-10-01 06:20:38,094 [main] INFO  http.HttpServer2 (HttpServer2.java:addFilter(948)) - Added filter static_user_filter (class=org.apache.hadoop.http.lib.StaticUserWebFilter$StaticUserFilter) to context scm
2019-10-01 06:20:38,094 [main] INFO  http.HttpServer2 (HttpServer2.java:addFilter(958)) - Added filter static_user_filter (class=org.apache.hadoop.http.lib.StaticUserWebFilter$StaticUserFilter) to context logs
2019-10-01 06:20:38,094 [main] INFO  http.HttpServer2 (HttpServer2.java:addFilter(958)) - Added filter static_user_filter (class=org.apache.hadoop.http.lib.StaticUserWebFilter$StaticUserFilter) to context static
2019-10-01 06:20:38,102 [main] INFO  server.StorageContainerManager (StorageContainerManager.java:start(770)) - StorageContainerLocationProtocol RPC server is listening at /0.0.0.0:39845
2019-10-01 06:20:38,103 [main] INFO  impl.MetricsSystemImpl (MetricsSystemImpl.java:init(158)) - StorageContainerManager metrics system started (again)
2019-10-01 06:20:38,126 [main] INFO  server.SCMClientProtocolServer (SCMClientProtocolServer.java:start(150)) - RPC server for Client  is listening at /0.0.0.0:39845
2019-10-01 06:20:38,127 [IPC Server Responder] INFO  ipc.Server (Server.java:run(1314)) - IPC Server Responder: starting
2019-10-01 06:20:38,127 [IPC Server listener on 39845] INFO  ipc.Server (Server.java:run(1153)) - IPC Server listener on 39845: starting
2019-10-01 06:20:38,135 [main] INFO  server.StorageContainerManager (StorageContainerManager.java:start(780)) - ScmBlockLocationProtocol RPC server is listening at /0.0.0.0:34282
2019-10-01 06:20:38,135 [main] INFO  server.SCMBlockProtocolServer (SCMBlockProtocolServer.java:start(146)) - RPC server for Block Protocol is listening at /0.0.0.0:34282
2019-10-01 06:20:38,136 [IPC Server Responder] INFO  ipc.Server (Server.java:run(1314)) - IPC Server Responder: starting
2019-10-01 06:20:38,138 [IPC Server listener on 34282] INFO  ipc.Server (Server.java:run(1153)) - IPC Server listener on 34282: starting
2019-10-01 06:20:38,145 [main] INFO  server.StorageContainerManager (StorageContainerManager.java:start(784)) - ScmDatanodeProtocl RPC server is listening at /0.0.0.0:36819
2019-10-01 06:20:38,145 [main] INFO  server.SCMDatanodeProtocolServer (SCMDatanodeProtocolServer.java:start(191)) - RPC server for DataNodes is listening at /0.0.0.0:36819
2019-10-01 06:20:38,146 [IPC Server Responder] INFO  ipc.Server (Server.java:run(1314)) - IPC Server Responder: starting
2019-10-01 06:20:38,146 [IPC Server listener on 36819] INFO  ipc.Server (Server.java:run(1153)) - IPC Server listener on 36819: starting
2019-10-01 06:20:38,156 [main] INFO  http.HttpServer2 (HttpServer2.java:bindListener(1191)) - Jetty bound to port 42073
2019-10-01 06:20:38,157 [main] INFO  server.Server (Server.java:doStart(351)) - jetty-9.3.25.v20180904, build timestamp: 2018-09-04T21:11:46Z, git hash: 3ce520221d0240229c862b122d2b06c12a625732
2019-10-01 06:20:38,159 [main] INFO  handler.ContextHandler (ContextHandler.java:doStart(781)) - Started o.e.j.s.ServletContextHandler@2fbe26da{/logs,file:///workdir/hadoop-ozone/integration-test/target/log,AVAILABLE}
2019-10-01 06:20:38,159 [main] INFO  handler.ContextHandler (ContextHandler.java:doStart(781)) - Started o.e.j.s.ServletContextHandler@6963b88c{/static,file:///workdir/hadoop-ozone/integration-test/target/test-classes/webapps/static,AVAILABLE}
2019-10-01 06:20:38,164 [main] INFO  handler.ContextHandler (ContextHandler.java:doStart(781)) - Started o.e.j.w.WebAppContext@474179fa{/,file:///workdir/hadoop-ozone/integration-test/target/test-classes/webapps/scm/,AVAILABLE}{/scm}
2019-10-01 06:20:38,167 [main] INFO  server.AbstractConnector (AbstractConnector.java:doStart(278)) - Started ServerConnector@420cd102{HTTP/1.1,[http/1.1]}{0.0.0.0:42073}
2019-10-01 06:20:38,167 [main] INFO  server.Server (Server.java:doStart(419)) - Started @108490ms
2019-10-01 06:20:38,167 [main] WARN  impl.MetricsSystemImpl (MetricsSystemImpl.java:register(276)) - Sink prometheus already exists!
2019-10-01 06:20:38,169 [main] INFO  server.BaseHttpServer (BaseHttpServer.java:updateConnectorAddress(215)) - HTTP server of SCM is listening at http://0.0.0.0:42073
2019-10-01 06:20:38,172 [main] WARN  server.ServerUtils (ServerUtils.java:getDBPath(222)) - ozone.om.db.dirs is not configured. We recommend adding this setting. Falling back to ozone.metadata.dirs instead.
2019-10-01 06:20:38,172 [org.apache.hadoop.util.JvmPauseMonitor$Monitor@12e12ac9] INFO  util.JvmPauseMonitor (JvmPauseMonitor.java:run(188)) - Starting JVM pause monitor
2019-10-01 06:20:39,181 [main] WARN  server.ServerUtils (ServerUtils.java:getDBPath(222)) - ozone.om.db.dirs is not configured. We recommend adding this setting. Falling back to ozone.metadata.dirs instead.
2019-10-01 06:20:39,181 [main] WARN  server.ServerUtils (ServerUtils.java:getDBPath(222)) - ozone.om.db.dirs is not configured. We recommend adding this setting. Falling back to ozone.metadata.dirs instead.
2019-10-01 06:20:39,182 [main] INFO  om.OzoneManager (OzoneManager.java:setOMNodeDetails(652)) - OM Service ID is not set. Setting it to the default ID: omServiceIdDefault
2019-10-01 06:20:39,182 [main] INFO  om.OzoneManager (OzoneManager.java:setOMNodeDetails(658)) - OM Node ID is not set. Setting it to the OmStorage's OmID: 56a8e295-6826-440e-9ee4-23c13ee8ac9c
2019-10-01 06:20:39,182 [main] INFO  om.OzoneManager (OzoneManager.java:loadOMHAConfigs(609)) - Found matching OM address with OMServiceId: null, OMNodeId: null, RPC Address: localhost:0 and Ratis port: 9872
2019-10-01 06:20:39,198 [main] WARN  server.ServerUtils (ServerUtils.java:getDBPath(222)) - ozone.om.db.dirs is not configured. We recommend adding this setting. Falling back to ozone.metadata.dirs instead.
2019-10-01 06:20:39,198 [main] INFO  db.DBStoreBuilder (DBStoreBuilder.java:addTable(110)) - using custom profile for table: userTable
2019-10-01 06:20:39,198 [main] INFO  db.DBStoreBuilder (DBStoreBuilder.java:processTables(161)) - Using default column profile:DBProfile.DISK for Table:userTable
2019-10-01 06:20:39,198 [main] INFO  db.DBStoreBuilder (DBStoreBuilder.java:addTable(110)) - using custom profile for table: volumeTable
2019-10-01 06:20:39,199 [main] INFO  db.DBStoreBuilder (DBStoreBuilder.java:processTables(161)) - Using default column profile:DBProfile.DISK for Table:volumeTable
2019-10-01 06:20:39,199 [main] INFO  db.DBStoreBuilder (DBStoreBuilder.java:addTable(110)) - using custom profile for table: bucketTable
2019-10-01 06:20:39,199 [main] INFO  db.DBStoreBuilder (DBStoreBuilder.java:processTables(161)) - Using default column profile:DBProfile.DISK for Table:bucketTable
2019-10-01 06:20:39,199 [main] INFO  db.DBStoreBuilder (DBStoreBuilder.java:addTable(110)) - using custom profile for table: keyTable
2019-10-01 06:20:39,199 [main] INFO  db.DBStoreBuilder (DBStoreBuilder.java:processTables(161)) - Using default column profile:DBProfile.DISK for Table:keyTable
2019-10-01 06:20:39,199 [main] INFO  db.DBStoreBuilder (DBStoreBuilder.java:addTable(110)) - using custom profile for table: deletedTable
2019-10-01 06:20:39,199 [main] INFO  db.DBStoreBuilder (DBStoreBuilder.java:processTables(161)) - Using default column profile:DBProfile.DISK for Table:deletedTable
2019-10-01 06:20:39,200 [main] INFO  db.DBStoreBuilder (DBStoreBuilder.java:addTable(110)) - using custom profile for table: openKeyTable
2019-10-01 06:20:39,200 [main] INFO  db.DBStoreBuilder (DBStoreBuilder.java:processTables(161)) - Using default column profile:DBProfile.DISK for Table:openKeyTable
2019-10-01 06:20:39,200 [main] INFO  db.DBStoreBuilder (DBStoreBuilder.java:addTable(110)) - using custom profile for table: s3Table
2019-10-01 06:20:39,200 [main] INFO  db.DBStoreBuilder (DBStoreBuilder.java:processTables(161)) - Using default column profile:DBProfile.DISK for Table:s3Table
2019-10-01 06:20:39,200 [main] INFO  db.DBStoreBuilder (DBStoreBuilder.java:addTable(110)) - using custom profile for table: multipartInfoTable
2019-10-01 06:20:39,200 [main] INFO  db.DBStoreBuilder (DBStoreBuilder.java:processTables(161)) - Using default column profile:DBProfile.DISK for Table:multipartInfoTable
2019-10-01 06:20:39,200 [main] INFO  db.DBStoreBuilder (DBStoreBuilder.java:addTable(110)) - using custom profile for table: dTokenTable
2019-10-01 06:20:39,201 [main] INFO  db.DBStoreBuilder (DBStoreBuilder.java:processTables(161)) - Using default column profile:DBProfile.DISK for Table:dTokenTable
2019-10-01 06:20:39,201 [main] INFO  db.DBStoreBuilder (DBStoreBuilder.java:addTable(110)) - using custom profile for table: s3SecretTable
2019-10-01 06:20:39,201 [main] INFO  db.DBStoreBuilder (DBStoreBuilder.java:processTables(161)) - Using default column profile:DBProfile.DISK for Table:s3SecretTable
2019-10-01 06:20:39,201 [main] INFO  db.DBStoreBuilder (DBStoreBuilder.java:addTable(110)) - using custom profile for table: prefixTable
2019-10-01 06:20:39,201 [main] INFO  db.DBStoreBuilder (DBStoreBuilder.java:processTables(161)) - Using default column profile:DBProfile.DISK for Table:prefixTable
2019-10-01 06:20:39,201 [main] INFO  db.DBStoreBuilder (DBStoreBuilder.java:addTable(110)) - using custom profile for table: default
2019-10-01 06:20:39,202 [main] INFO  db.DBStoreBuilder (DBStoreBuilder.java:processTables(167)) - Using default column profile:DBProfile.DISK for Table:default
2019-10-01 06:20:39,202 [main] INFO  db.DBStoreBuilder (DBStoreBuilder.java:getDbProfile(198)) - Using default options. DBProfile.DISK
2019-10-01 06:20:39,951 [main] INFO  ipc.CallQueueManager (CallQueueManager.java:<init>(84)) - Using callQueue: class java.util.concurrent.LinkedBlockingQueue, queueCapacity: 2000, scheduler: class org.apache.hadoop.ipc.DefaultRpcScheduler, ipcBackoff: false.
2019-10-01 06:20:39,952 [Socket Reader #1 for port 35852] INFO  ipc.Server (Server.java:run(1074)) - Starting Socket Reader #1 for port 35852
2019-10-01 06:20:39,973 [main] INFO  om.OzoneManager (OzoneManager.java:start(1243)) - OzoneManager RPC server is listening at localhost/127.0.0.1:35852
2019-10-01 06:20:39,973 [main] INFO  impl.MetricsSystemImpl (MetricsSystemImpl.java:init(158)) - OzoneManager metrics system started (again)
2019-10-01 06:20:39,974 [IPC Server listener on 35852] INFO  ipc.Server (Server.java:run(1153)) - IPC Server listener on 35852: starting
2019-10-01 06:20:39,974 [IPC Server Responder] INFO  ipc.Server (Server.java:run(1314)) - IPC Server Responder: starting
2019-10-01 06:20:39,985 [main] INFO  hdfs.DFSUtil (DFSUtil.java:httpServerTemplateForNNAndJN(1641)) - Starting Web-server for ozoneManager at: http://0.0.0.0:0
2019-10-01 06:20:39,986 [main] INFO  server.AuthenticationFilter (AuthenticationFilter.java:constructSecretProvider(240)) - Unable to initialize FileSignerSecretProvider, falling back to use random secrets.
2019-10-01 06:20:39,987 [main] WARN  http.HttpRequestLog (HttpRequestLog.java:getRequestLog(97)) - Jetty request log can only be enabled using Log4j
2019-10-01 06:20:39,988 [main] INFO  http.HttpServer2 (HttpServer2.java:addGlobalFilter(975)) - Added global filter 'safety' (class=org.apache.hadoop.http.HttpServer2$QuotingInputFilter)
2019-10-01 06:20:39,989 [main] INFO  http.HttpServer2 (HttpServer2.java:addFilter(948)) - Added filter static_user_filter (class=org.apache.hadoop.http.lib.StaticUserWebFilter$StaticUserFilter) to context ozoneManager
2019-10-01 06:20:39,989 [main] INFO  http.HttpServer2 (HttpServer2.java:addFilter(958)) - Added filter static_user_filter (class=org.apache.hadoop.http.lib.StaticUserWebFilter$StaticUserFilter) to context logs
2019-10-01 06:20:39,989 [main] INFO  http.HttpServer2 (HttpServer2.java:addFilter(958)) - Added filter static_user_filter (class=org.apache.hadoop.http.lib.StaticUserWebFilter$StaticUserFilter) to context static
2019-10-01 06:20:39,990 [main] INFO  http.HttpServer2 (HttpServer2.java:bindListener(1191)) - Jetty bound to port 39094
2019-10-01 06:20:39,990 [main] INFO  server.Server (Server.java:doStart(351)) - jetty-9.3.25.v20180904, build timestamp: 2018-09-04T21:11:46Z, git hash: 3ce520221d0240229c862b122d2b06c12a625732
2019-10-01 06:20:39,992 [main] INFO  handler.ContextHandler (ContextHandler.java:doStart(781)) - Started o.e.j.s.ServletContextHandler@25be445f{/logs,file:///workdir/hadoop-ozone/integration-test/target/log,AVAILABLE}
2019-10-01 06:20:39,993 [main] INFO  handler.ContextHandler (ContextHandler.java:doStart(781)) - Started o.e.j.s.ServletContextHandler@6397248c{/static,file:///workdir/hadoop-ozone/integration-test/target/test-classes/webapps/static,AVAILABLE}
2019-10-01 06:20:40,000 [main] INFO  handler.ContextHandler (ContextHandler.java:doStart(781)) - Started o.e.j.w.WebAppContext@73fbdf68{/,file:///workdir/hadoop-ozone/integration-test/target/test-classes/webapps/ozoneManager/,AVAILABLE}{/ozoneManager}
2019-10-01 06:20:40,000 [main] INFO  server.AbstractConnector (AbstractConnector.java:doStart(278)) - Started ServerConnector@32f1fafe{HTTP/1.1,[http/1.1]}{0.0.0.0:39094}
2019-10-01 06:20:40,003 [main] INFO  server.Server (Server.java:doStart(419)) - Started @110326ms
2019-10-01 06:20:40,003 [main] WARN  impl.MetricsSystemImpl (MetricsSystemImpl.java:register(276)) - Sink prometheus already exists!
2019-10-01 06:20:40,004 [main] INFO  server.BaseHttpServer (BaseHttpServer.java:updateConnectorAddress(215)) - HTTP server of OZONEMANAGER is listening at http://0.0.0.0:39094
2019-10-01 06:20:40,026 [main] INFO  impl.MetricsSystemImpl (MetricsSystemImpl.java:init(158)) - HddsDatanode metrics system started (again)
2019-10-01 06:20:40,046 [main] INFO  ozone.HddsDatanodeService (HddsDatanodeService.java:start(184)) - HddsDatanodeService host:trunk-nightly-20191001-qpwks-271313263 ip:192.168.30.6
2019-10-01 06:20:40,058 [main] INFO  volume.HddsVolume (HddsVolume.java:<init>(176)) - Creating Volume: /workdir/hadoop-ozone/integration-test/target/test-dir/MiniOzoneClusterImpl-9628f6ce-4133-4238-8eb2-672141be2bf9/datanode-0/data/containers/hdds of  storage type : DISK and capacity : 1482555576320
2019-10-01 06:20:40,058 [main] INFO  volume.VolumeSet (VolumeSet.java:initializeVolumeSet(170)) - Added Volume : /workdir/hadoop-ozone/integration-test/target/test-dir/MiniOzoneClusterImpl-9628f6ce-4133-4238-8eb2-672141be2bf9/datanode-0/data/containers/hdds to VolumeSet
2019-10-01 06:20:40,058 [main] INFO  volume.ThrottledAsyncChecker (ThrottledAsyncChecker.java:schedule(139)) - Scheduling a check for org.apache.hadoop.ozone.container.common.volume.HddsVolume@52ea0269
2019-10-01 06:20:40,059 [main] INFO  volume.HddsVolumeChecker (HddsVolumeChecker.java:checkAllVolumes(202)) - Scheduled health check for volume org.apache.hadoop.ozone.container.common.volume.HddsVolume@52ea0269
2019-10-01 06:20:40,077 [main] INFO  impl.RaftServerProxy (ConfUtils.java:logGet(43)) - raft.rpc.type = GRPC (default)
2019-10-01 06:20:40,077 [main] INFO  grpc.GrpcFactory (GrpcFactory.java:checkPooledByteBufAllocatorUseCacheForAllThreads(45)) - PERFORMANCE WARNING: useCacheForAllThreads is true that may cause Netty to create a lot garbage objects and, as a result, trigger GC.
	It is recommended to disable useCacheForAllThreads by setting -Dorg.apache.ratis.thirdparty.io.netty.allocator.useCacheForAllThreads=false in command line.
2019-10-01 06:20:40,078 [main] INFO  grpc.GrpcConfigKeys$Server (ConfUtils.java:logGet(43)) - raft.grpc.server.port = 0 (default)
2019-10-01 06:20:40,078 [main] INFO  server.GrpcService (ConfUtils.java:logGet(43)) - raft.grpc.message.size.max = 33570816 (custom)
2019-10-01 06:20:40,078 [main] INFO  server.RaftServerConfigKeys (ConfUtils.java:logGet(43)) - raft.server.log.appender.buffer.byte-limit = 33554432 (custom)
2019-10-01 06:20:40,078 [main] INFO  server.GrpcService (ConfUtils.java:logGet(43)) - raft.grpc.flow.control.window = 1MB (=1048576) (default)
2019-10-01 06:20:40,078 [main] INFO  server.RaftServerConfigKeys (ConfUtils.java:logGet(43)) - raft.server.rpc.request.timeout = 3000ms (default)
2019-10-01 06:20:40,079 [main] INFO  server.RaftServerConfigKeys (ConfUtils.java:logGet(43)) - raft.server.storage.dir = [/workdir/hadoop-ozone/integration-test/target/test-dir/MiniOzoneClusterImpl-9628f6ce-4133-4238-8eb2-672141be2bf9/datanode-0/data/ratis] (custom)
2019-10-01 06:20:40,080 [main] INFO  hdfs.DFSUtil (DFSUtil.java:httpServerTemplateForNNAndJN(1641)) - Starting Web-server for hddsDatanode at: http://0.0.0.0:0
2019-10-01 06:20:40,098 [main] INFO  server.AuthenticationFilter (AuthenticationFilter.java:constructSecretProvider(240)) - Unable to initialize FileSignerSecretProvider, falling back to use random secrets.
2019-10-01 06:20:40,099 [main] WARN  http.HttpRequestLog (HttpRequestLog.java:getRequestLog(97)) - Jetty request log can only be enabled using Log4j
2019-10-01 06:20:40,100 [main] INFO  http.HttpServer2 (HttpServer2.java:addGlobalFilter(975)) - Added global filter 'safety' (class=org.apache.hadoop.http.HttpServer2$QuotingInputFilter)
2019-10-01 06:20:40,100 [main] INFO  http.HttpServer2 (HttpServer2.java:addFilter(948)) - Added filter static_user_filter (class=org.apache.hadoop.http.lib.StaticUserWebFilter$StaticUserFilter) to context hddsDatanode
2019-10-01 06:20:40,101 [main] INFO  http.HttpServer2 (HttpServer2.java:addFilter(958)) - Added filter static_user_filter (class=org.apache.hadoop.http.lib.StaticUserWebFilter$StaticUserFilter) to context logs
2019-10-01 06:20:40,101 [main] INFO  http.HttpServer2 (HttpServer2.java:addFilter(958)) - Added filter static_user_filter (class=org.apache.hadoop.http.lib.StaticUserWebFilter$StaticUserFilter) to context static
2019-10-01 06:20:40,101 [main] INFO  http.HttpServer2 (HttpServer2.java:bindListener(1191)) - Jetty bound to port 38427
2019-10-01 06:20:40,102 [main] INFO  server.Server (Server.java:doStart(351)) - jetty-9.3.25.v20180904, build timestamp: 2018-09-04T21:11:46Z, git hash: 3ce520221d0240229c862b122d2b06c12a625732
2019-10-01 06:20:40,103 [main] INFO  handler.ContextHandler (ContextHandler.java:doStart(781)) - Started o.e.j.s.ServletContextHandler@7b25ab31{/logs,file:///workdir/hadoop-ozone/integration-test/target/log,AVAILABLE}
2019-10-01 06:20:40,104 [main] INFO  handler.ContextHandler (ContextHandler.java:doStart(781)) - Started o.e.j.s.ServletContextHandler@68ddd415{/static,jar:file:/home/user/.m2/repository/org/apache/hadoop/hadoop-hdds-container-service/0.5.0-SNAPSHOT/hadoop-hdds-container-service-0.5.0-SNAPSHOT.jar!/webapps/static,AVAILABLE}
2019-10-01 06:20:40,128 [main] INFO  handler.ContextHandler (ContextHandler.java:doStart(781)) - Started o.e.j.w.WebAppContext@3a479fda{/,file:///tmp/jetty-0.0.0.0-38427-hddsDatanode-_-any-5213409634646868728.dir/webapp/,AVAILABLE}{/hddsDatanode}
2019-10-01 06:20:40,129 [main] INFO  server.AbstractConnector (AbstractConnector.java:doStart(278)) - Started ServerConnector@8a6631b{HTTP/1.1,[http/1.1]}{0.0.0.0:38427}
2019-10-01 06:20:40,138 [main] INFO  server.Server (Server.java:doStart(419)) - Started @110461ms
2019-10-01 06:20:40,139 [main] WARN  impl.MetricsSystemImpl (MetricsSystemImpl.java:register(276)) - Sink prometheus already exists!
2019-10-01 06:20:40,140 [main] INFO  server.BaseHttpServer (BaseHttpServer.java:updateConnectorAddress(215)) - HTTP server of HDDSDATANODE is listening at http://0.0.0.0:38427
2019-10-01 06:20:40,140 [main] INFO  impl.MetricsSystemImpl (MetricsSystemImpl.java:init(158)) - HddsDatanode metrics system started (again)
2019-10-01 06:20:40,158 [org.apache.hadoop.util.JvmPauseMonitor$Monitor@5fc0f6ca] INFO  util.JvmPauseMonitor (JvmPauseMonitor.java:run(188)) - Starting JVM pause monitor
2019-10-01 06:20:40,160 [Datanode State Machine Thread - 0] INFO  datanode.InitDatanodeState (InitDatanodeState.java:persistContainerDatanodeDetails(140)) - DatanodeDetails is persisted to /workdir/hadoop-ozone/integration-test/target/test-dir/MiniOzoneClusterImpl-9628f6ce-4133-4238-8eb2-672141be2bf9/datanode-0/meta/datanode.id
2019-10-01 06:20:40,160 [main] INFO  ozone.HddsDatanodeService (HddsDatanodeService.java:start(184)) - HddsDatanodeService host:trunk-nightly-20191001-qpwks-271313263 ip:192.168.30.6
2019-10-01 06:20:40,169 [main] INFO  volume.HddsVolume (HddsVolume.java:<init>(176)) - Creating Volume: /workdir/hadoop-ozone/integration-test/target/test-dir/MiniOzoneClusterImpl-9628f6ce-4133-4238-8eb2-672141be2bf9/datanode-1/data/containers/hdds of  storage type : DISK and capacity : 1482555576320
2019-10-01 06:20:40,170 [main] INFO  volume.VolumeSet (VolumeSet.java:initializeVolumeSet(170)) - Added Volume : /workdir/hadoop-ozone/integration-test/target/test-dir/MiniOzoneClusterImpl-9628f6ce-4133-4238-8eb2-672141be2bf9/datanode-1/data/containers/hdds to VolumeSet
2019-10-01 06:20:40,170 [main] INFO  volume.ThrottledAsyncChecker (ThrottledAsyncChecker.java:schedule(139)) - Scheduling a check for org.apache.hadoop.ozone.container.common.volume.HddsVolume@40709f9
2019-10-01 06:20:40,171 [main] INFO  volume.HddsVolumeChecker (HddsVolumeChecker.java:checkAllVolumes(202)) - Scheduled health check for volume org.apache.hadoop.ozone.container.common.volume.HddsVolume@40709f9
2019-10-01 06:20:40,185 [main] INFO  impl.RaftServerProxy (ConfUtils.java:logGet(43)) - raft.rpc.type = GRPC (default)
2019-10-01 06:20:40,185 [main] INFO  grpc.GrpcFactory (GrpcFactory.java:checkPooledByteBufAllocatorUseCacheForAllThreads(45)) - PERFORMANCE WARNING: useCacheForAllThreads is true that may cause Netty to create a lot garbage objects and, as a result, trigger GC.
	It is recommended to disable useCacheForAllThreads by setting -Dorg.apache.ratis.thirdparty.io.netty.allocator.useCacheForAllThreads=false in command line.
2019-10-01 06:20:40,185 [main] INFO  grpc.GrpcConfigKeys$Server (ConfUtils.java:logGet(43)) - raft.grpc.server.port = 0 (default)
2019-10-01 06:20:40,185 [main] INFO  server.GrpcService (ConfUtils.java:logGet(43)) - raft.grpc.message.size.max = 33570816 (custom)
2019-10-01 06:20:40,186 [main] INFO  server.RaftServerConfigKeys (ConfUtils.java:logGet(43)) - raft.server.log.appender.buffer.byte-limit = 33554432 (custom)
2019-10-01 06:20:40,186 [main] INFO  server.GrpcService (ConfUtils.java:logGet(43)) - raft.grpc.flow.control.window = 1MB (=1048576) (default)
2019-10-01 06:20:40,186 [main] INFO  server.RaftServerConfigKeys (ConfUtils.java:logGet(43)) - raft.server.rpc.request.timeout = 3000ms (default)
2019-10-01 06:20:40,186 [main] INFO  server.RaftServerConfigKeys (ConfUtils.java:logGet(43)) - raft.server.storage.dir = [/workdir/hadoop-ozone/integration-test/target/test-dir/MiniOzoneClusterImpl-9628f6ce-4133-4238-8eb2-672141be2bf9/datanode-1/data/ratis] (custom)
2019-10-01 06:20:40,189 [main] INFO  hdfs.DFSUtil (DFSUtil.java:httpServerTemplateForNNAndJN(1641)) - Starting Web-server for hddsDatanode at: http://0.0.0.0:0
2019-10-01 06:20:40,190 [main] INFO  server.AuthenticationFilter (AuthenticationFilter.java:constructSecretProvider(240)) - Unable to initialize FileSignerSecretProvider, falling back to use random secrets.
2019-10-01 06:20:40,191 [main] WARN  http.HttpRequestLog (HttpRequestLog.java:getRequestLog(97)) - Jetty request log can only be enabled using Log4j
2019-10-01 06:20:40,193 [main] INFO  http.HttpServer2 (HttpServer2.java:addGlobalFilter(975)) - Added global filter 'safety' (class=org.apache.hadoop.http.HttpServer2$QuotingInputFilter)
2019-10-01 06:20:40,193 [main] INFO  http.HttpServer2 (HttpServer2.java:addFilter(948)) - Added filter static_user_filter (class=org.apache.hadoop.http.lib.StaticUserWebFilter$StaticUserFilter) to context hddsDatanode
2019-10-01 06:20:40,193 [main] INFO  http.HttpServer2 (HttpServer2.java:addFilter(958)) - Added filter static_user_filter (class=org.apache.hadoop.http.lib.StaticUserWebFilter$StaticUserFilter) to context static
2019-10-01 06:20:40,194 [main] INFO  http.HttpServer2 (HttpServer2.java:addFilter(958)) - Added filter static_user_filter (class=org.apache.hadoop.http.lib.StaticUserWebFilter$StaticUserFilter) to context logs
2019-10-01 06:20:40,194 [main] INFO  http.HttpServer2 (HttpServer2.java:bindListener(1191)) - Jetty bound to port 35141
2019-10-01 06:20:40,195 [main] INFO  server.Server (Server.java:doStart(351)) - jetty-9.3.25.v20180904, build timestamp: 2018-09-04T21:11:46Z, git hash: 3ce520221d0240229c862b122d2b06c12a625732
2019-10-01 06:20:40,196 [main] INFO  handler.ContextHandler (ContextHandler.java:doStart(781)) - Started o.e.j.s.ServletContextHandler@7412a438{/logs,file:///workdir/hadoop-ozone/integration-test/target/log,AVAILABLE}
2019-10-01 06:20:40,197 [main] INFO  handler.ContextHandler (ContextHandler.java:doStart(781)) - Started o.e.j.s.ServletContextHandler@3c952a33{/static,jar:file:/home/user/.m2/repository/org/apache/hadoop/hadoop-hdds-container-service/0.5.0-SNAPSHOT/hadoop-hdds-container-service-0.5.0-SNAPSHOT.jar!/webapps/static,AVAILABLE}
2019-10-01 06:20:40,233 [main] INFO  handler.ContextHandler (ContextHandler.java:doStart(781)) - Started o.e.j.w.WebAppContext@1903b5d{/,file:///tmp/jetty-0.0.0.0-35141-hddsDatanode-_-any-1241266213094567713.dir/webapp/,AVAILABLE}{/hddsDatanode}
2019-10-01 06:20:40,233 [main] INFO  server.AbstractConnector (AbstractConnector.java:doStart(278)) - Started ServerConnector@4041739c{HTTP/1.1,[http/1.1]}{0.0.0.0:35141}
2019-10-01 06:20:40,236 [main] INFO  server.Server (Server.java:doStart(419)) - Started @110559ms
2019-10-01 06:20:40,236 [main] WARN  impl.MetricsSystemImpl (MetricsSystemImpl.java:register(276)) - Sink prometheus already exists!
2019-10-01 06:20:40,237 [main] INFO  server.BaseHttpServer (BaseHttpServer.java:updateConnectorAddress(215)) - HTTP server of HDDSDATANODE is listening at http://0.0.0.0:35141
2019-10-01 06:20:40,237 [main] INFO  impl.MetricsSystemImpl (MetricsSystemImpl.java:init(158)) - HddsDatanode metrics system started (again)
2019-10-01 06:20:40,257 [org.apache.hadoop.util.JvmPauseMonitor$Monitor@323fee9f] INFO  util.JvmPauseMonitor (JvmPauseMonitor.java:run(188)) - Starting JVM pause monitor
2019-10-01 06:20:40,259 [Datanode State Machine Thread - 0] INFO  datanode.InitDatanodeState (InitDatanodeState.java:persistContainerDatanodeDetails(140)) - DatanodeDetails is persisted to /workdir/hadoop-ozone/integration-test/target/test-dir/MiniOzoneClusterImpl-9628f6ce-4133-4238-8eb2-672141be2bf9/datanode-1/meta/datanode.id
2019-10-01 06:20:40,259 [main] INFO  ozone.HddsDatanodeService (HddsDatanodeService.java:start(184)) - HddsDatanodeService host:trunk-nightly-20191001-qpwks-271313263 ip:192.168.30.6
2019-10-01 06:20:40,268 [main] INFO  volume.HddsVolume (HddsVolume.java:<init>(176)) - Creating Volume: /workdir/hadoop-ozone/integration-test/target/test-dir/MiniOzoneClusterImpl-9628f6ce-4133-4238-8eb2-672141be2bf9/datanode-2/data/containers/hdds of  storage type : DISK and capacity : 1482555576320
2019-10-01 06:20:40,268 [main] INFO  volume.VolumeSet (VolumeSet.java:initializeVolumeSet(170)) - Added Volume : /workdir/hadoop-ozone/integration-test/target/test-dir/MiniOzoneClusterImpl-9628f6ce-4133-4238-8eb2-672141be2bf9/datanode-2/data/containers/hdds to VolumeSet
2019-10-01 06:20:40,268 [main] INFO  volume.ThrottledAsyncChecker (ThrottledAsyncChecker.java:schedule(139)) - Scheduling a check for org.apache.hadoop.ozone.container.common.volume.HddsVolume@e700eba
2019-10-01 06:20:40,269 [main] INFO  volume.HddsVolumeChecker (HddsVolumeChecker.java:checkAllVolumes(202)) - Scheduled health check for volume org.apache.hadoop.ozone.container.common.volume.HddsVolume@e700eba
2019-10-01 06:20:40,285 [main] INFO  impl.RaftServerProxy (ConfUtils.java:logGet(43)) - raft.rpc.type = GRPC (default)
2019-10-01 06:20:40,286 [main] INFO  grpc.GrpcFactory (GrpcFactory.java:checkPooledByteBufAllocatorUseCacheForAllThreads(45)) - PERFORMANCE WARNING: useCacheForAllThreads is true that may cause Netty to create a lot garbage objects and, as a result, trigger GC.
	It is recommended to disable useCacheForAllThreads by setting -Dorg.apache.ratis.thirdparty.io.netty.allocator.useCacheForAllThreads=false in command line.
2019-10-01 06:20:40,286 [main] INFO  grpc.GrpcConfigKeys$Server (ConfUtils.java:logGet(43)) - raft.grpc.server.port = 0 (default)
2019-10-01 06:20:40,286 [main] INFO  server.GrpcService (ConfUtils.java:logGet(43)) - raft.grpc.message.size.max = 33570816 (custom)
2019-10-01 06:20:40,286 [main] INFO  server.RaftServerConfigKeys (ConfUtils.java:logGet(43)) - raft.server.log.appender.buffer.byte-limit = 33554432 (custom)
2019-10-01 06:20:40,286 [main] INFO  server.GrpcService (ConfUtils.java:logGet(43)) - raft.grpc.flow.control.window = 1MB (=1048576) (default)
2019-10-01 06:20:40,287 [main] INFO  server.RaftServerConfigKeys (ConfUtils.java:logGet(43)) - raft.server.rpc.request.timeout = 3000ms (default)
2019-10-01 06:20:40,287 [main] INFO  server.RaftServerConfigKeys (ConfUtils.java:logGet(43)) - raft.server.storage.dir = [/workdir/hadoop-ozone/integration-test/target/test-dir/MiniOzoneClusterImpl-9628f6ce-4133-4238-8eb2-672141be2bf9/datanode-2/data/ratis] (custom)
2019-10-01 06:20:40,289 [main] INFO  hdfs.DFSUtil (DFSUtil.java:httpServerTemplateForNNAndJN(1641)) - Starting Web-server for hddsDatanode at: http://0.0.0.0:0
2019-10-01 06:20:40,290 [main] INFO  server.AuthenticationFilter (AuthenticationFilter.java:constructSecretProvider(240)) - Unable to initialize FileSignerSecretProvider, falling back to use random secrets.
2019-10-01 06:20:40,290 [main] WARN  http.HttpRequestLog (HttpRequestLog.java:getRequestLog(97)) - Jetty request log can only be enabled using Log4j
2019-10-01 06:20:40,291 [main] INFO  http.HttpServer2 (HttpServer2.java:addGlobalFilter(975)) - Added global filter 'safety' (class=org.apache.hadoop.http.HttpServer2$QuotingInputFilter)
2019-10-01 06:20:40,292 [main] INFO  http.HttpServer2 (HttpServer2.java:addFilter(948)) - Added filter static_user_filter (class=org.apache.hadoop.http.lib.StaticUserWebFilter$StaticUserFilter) to context hddsDatanode
2019-10-01 06:20:40,292 [main] INFO  http.HttpServer2 (HttpServer2.java:addFilter(958)) - Added filter static_user_filter (class=org.apache.hadoop.http.lib.StaticUserWebFilter$StaticUserFilter) to context static
2019-10-01 06:20:40,292 [main] INFO  http.HttpServer2 (HttpServer2.java:addFilter(958)) - Added filter static_user_filter (class=org.apache.hadoop.http.lib.StaticUserWebFilter$StaticUserFilter) to context logs
2019-10-01 06:20:40,293 [main] INFO  http.HttpServer2 (HttpServer2.java:bindListener(1191)) - Jetty bound to port 44346
2019-10-01 06:20:40,293 [main] INFO  server.Server (Server.java:doStart(351)) - jetty-9.3.25.v20180904, build timestamp: 2018-09-04T21:11:46Z, git hash: 3ce520221d0240229c862b122d2b06c12a625732
2019-10-01 06:20:40,295 [main] INFO  handler.ContextHandler (ContextHandler.java:doStart(781)) - Started o.e.j.s.ServletContextHandler@606a1bc4{/logs,file:///workdir/hadoop-ozone/integration-test/target/log,AVAILABLE}
2019-10-01 06:20:40,295 [main] INFO  handler.ContextHandler (ContextHandler.java:doStart(781)) - Started o.e.j.s.ServletContextHandler@44dc7b7d{/static,jar:file:/home/user/.m2/repository/org/apache/hadoop/hadoop-hdds-container-service/0.5.0-SNAPSHOT/hadoop-hdds-container-service-0.5.0-SNAPSHOT.jar!/webapps/static,AVAILABLE}
2019-10-01 06:20:40,323 [main] INFO  handler.ContextHandler (ContextHandler.java:doStart(781)) - Started o.e.j.w.WebAppContext@46fb0c33{/,file:///tmp/jetty-0.0.0.0-44346-hddsDatanode-_-any-4417825835795549228.dir/webapp/,AVAILABLE}{/hddsDatanode}
2019-10-01 06:20:40,323 [main] INFO  server.AbstractConnector (AbstractConnector.java:doStart(278)) - Started ServerConnector@3b009e7b{HTTP/1.1,[http/1.1]}{0.0.0.0:44346}
2019-10-01 06:20:40,326 [main] INFO  server.Server (Server.java:doStart(419)) - Started @110649ms
2019-10-01 06:20:40,327 [main] WARN  impl.MetricsSystemImpl (MetricsSystemImpl.java:register(276)) - Sink prometheus already exists!
2019-10-01 06:20:40,327 [main] INFO  server.BaseHttpServer (BaseHttpServer.java:updateConnectorAddress(215)) - HTTP server of HDDSDATANODE is listening at http://0.0.0.0:44346
2019-10-01 06:20:40,328 [main] INFO  impl.MetricsSystemImpl (MetricsSystemImpl.java:init(158)) - HddsDatanode metrics system started (again)
2019-10-01 06:20:40,347 [org.apache.hadoop.util.JvmPauseMonitor$Monitor@3b23ab92] INFO  util.JvmPauseMonitor (JvmPauseMonitor.java:run(188)) - Starting JVM pause monitor
2019-10-01 06:20:40,349 [main] INFO  ozone.HddsDatanodeService (HddsDatanodeService.java:start(184)) - HddsDatanodeService host:trunk-nightly-20191001-qpwks-271313263 ip:192.168.30.6
2019-10-01 06:20:40,350 [Datanode State Machine Thread - 0] INFO  datanode.InitDatanodeState (InitDatanodeState.java:persistContainerDatanodeDetails(140)) - DatanodeDetails is persisted to /workdir/hadoop-ozone/integration-test/target/test-dir/MiniOzoneClusterImpl-9628f6ce-4133-4238-8eb2-672141be2bf9/datanode-2/meta/datanode.id
2019-10-01 06:20:40,356 [main] INFO  volume.HddsVolume (HddsVolume.java:<init>(176)) - Creating Volume: /workdir/hadoop-ozone/integration-test/target/test-dir/MiniOzoneClusterImpl-9628f6ce-4133-4238-8eb2-672141be2bf9/datanode-3/data/containers/hdds of  storage type : DISK and capacity : 1482555576320
2019-10-01 06:20:40,357 [main] INFO  volume.VolumeSet (VolumeSet.java:initializeVolumeSet(170)) - Added Volume : /workdir/hadoop-ozone/integration-test/target/test-dir/MiniOzoneClusterImpl-9628f6ce-4133-4238-8eb2-672141be2bf9/datanode-3/data/containers/hdds to VolumeSet
2019-10-01 06:20:40,357 [main] INFO  volume.ThrottledAsyncChecker (ThrottledAsyncChecker.java:schedule(139)) - Scheduling a check for org.apache.hadoop.ozone.container.common.volume.HddsVolume@22d7fd41
2019-10-01 06:20:40,359 [main] INFO  volume.HddsVolumeChecker (HddsVolumeChecker.java:checkAllVolumes(202)) - Scheduled health check for volume org.apache.hadoop.ozone.container.common.volume.HddsVolume@22d7fd41
2019-10-01 06:20:40,373 [main] INFO  impl.RaftServerProxy (ConfUtils.java:logGet(43)) - raft.rpc.type = GRPC (default)
2019-10-01 06:20:40,373 [main] INFO  grpc.GrpcFactory (GrpcFactory.java:checkPooledByteBufAllocatorUseCacheForAllThreads(45)) - PERFORMANCE WARNING: useCacheForAllThreads is true that may cause Netty to create a lot garbage objects and, as a result, trigger GC.
	It is recommended to disable useCacheForAllThreads by setting -Dorg.apache.ratis.thirdparty.io.netty.allocator.useCacheForAllThreads=false in command line.
2019-10-01 06:20:40,374 [main] INFO  grpc.GrpcConfigKeys$Server (ConfUtils.java:logGet(43)) - raft.grpc.server.port = 0 (default)
2019-10-01 06:20:40,374 [main] INFO  server.GrpcService (ConfUtils.java:logGet(43)) - raft.grpc.message.size.max = 33570816 (custom)
2019-10-01 06:20:40,374 [main] INFO  server.RaftServerConfigKeys (ConfUtils.java:logGet(43)) - raft.server.log.appender.buffer.byte-limit = 33554432 (custom)
2019-10-01 06:20:40,374 [main] INFO  server.GrpcService (ConfUtils.java:logGet(43)) - raft.grpc.flow.control.window = 1MB (=1048576) (default)
2019-10-01 06:20:40,375 [main] INFO  server.RaftServerConfigKeys (ConfUtils.java:logGet(43)) - raft.server.rpc.request.timeout = 3000ms (default)
2019-10-01 06:20:40,375 [main] INFO  server.RaftServerConfigKeys (ConfUtils.java:logGet(43)) - raft.server.storage.dir = [/workdir/hadoop-ozone/integration-test/target/test-dir/MiniOzoneClusterImpl-9628f6ce-4133-4238-8eb2-672141be2bf9/datanode-3/data/ratis] (custom)
2019-10-01 06:20:40,377 [main] INFO  hdfs.DFSUtil (DFSUtil.java:httpServerTemplateForNNAndJN(1641)) - Starting Web-server for hddsDatanode at: http://0.0.0.0:0
2019-10-01 06:20:40,378 [main] INFO  server.AuthenticationFilter (AuthenticationFilter.java:constructSecretProvider(240)) - Unable to initialize FileSignerSecretProvider, falling back to use random secrets.
2019-10-01 06:20:40,379 [main] WARN  http.HttpRequestLog (HttpRequestLog.java:getRequestLog(97)) - Jetty request log can only be enabled using Log4j
2019-10-01 06:20:40,380 [main] INFO  http.HttpServer2 (HttpServer2.java:addGlobalFilter(975)) - Added global filter 'safety' (class=org.apache.hadoop.http.HttpServer2$QuotingInputFilter)
2019-10-01 06:20:40,381 [main] INFO  http.HttpServer2 (HttpServer2.java:addFilter(948)) - Added filter static_user_filter (class=org.apache.hadoop.http.lib.StaticUserWebFilter$StaticUserFilter) to context hddsDatanode
2019-10-01 06:20:40,381 [main] INFO  http.HttpServer2 (HttpServer2.java:addFilter(958)) - Added filter static_user_filter (class=org.apache.hadoop.http.lib.StaticUserWebFilter$StaticUserFilter) to context logs
2019-10-01 06:20:40,381 [main] INFO  http.HttpServer2 (HttpServer2.java:addFilter(958)) - Added filter static_user_filter (class=org.apache.hadoop.http.lib.StaticUserWebFilter$StaticUserFilter) to context static
2019-10-01 06:20:40,382 [main] INFO  http.HttpServer2 (HttpServer2.java:bindListener(1191)) - Jetty bound to port 34241
2019-10-01 06:20:40,382 [main] INFO  server.Server (Server.java:doStart(351)) - jetty-9.3.25.v20180904, build timestamp: 2018-09-04T21:11:46Z, git hash: 3ce520221d0240229c862b122d2b06c12a625732
2019-10-01 06:20:40,384 [main] INFO  handler.ContextHandler (ContextHandler.java:doStart(781)) - Started o.e.j.s.ServletContextHandler@6eb089e6{/logs,file:///workdir/hadoop-ozone/integration-test/target/log,AVAILABLE}
2019-10-01 06:20:40,385 [main] INFO  handler.ContextHandler (ContextHandler.java:doStart(781)) - Started o.e.j.s.ServletContextHandler@3bc69ce9{/static,jar:file:/home/user/.m2/repository/org/apache/hadoop/hadoop-hdds-container-service/0.5.0-SNAPSHOT/hadoop-hdds-container-service-0.5.0-SNAPSHOT.jar!/webapps/static,AVAILABLE}
2019-10-01 06:20:40,416 [main] INFO  handler.ContextHandler (ContextHandler.java:doStart(781)) - Started o.e.j.w.WebAppContext@7741d346{/,file:///tmp/jetty-0.0.0.0-34241-hddsDatanode-_-any-8113003946591348985.dir/webapp/,AVAILABLE}{/hddsDatanode}
2019-10-01 06:20:40,416 [main] INFO  server.AbstractConnector (AbstractConnector.java:doStart(278)) - Started ServerConnector@52454457{HTTP/1.1,[http/1.1]}{0.0.0.0:34241}
2019-10-01 06:20:40,419 [main] INFO  server.Server (Server.java:doStart(419)) - Started @110742ms
2019-10-01 06:20:40,419 [main] WARN  impl.MetricsSystemImpl (MetricsSystemImpl.java:register(276)) - Sink prometheus already exists!
2019-10-01 06:20:40,420 [main] INFO  server.BaseHttpServer (BaseHttpServer.java:updateConnectorAddress(215)) - HTTP server of HDDSDATANODE is listening at http://0.0.0.0:34241
2019-10-01 06:20:40,420 [main] INFO  impl.MetricsSystemImpl (MetricsSystemImpl.java:init(158)) - HddsDatanode metrics system started (again)
2019-10-01 06:20:40,440 [org.apache.hadoop.util.JvmPauseMonitor$Monitor@5b736116] INFO  util.JvmPauseMonitor (JvmPauseMonitor.java:run(188)) - Starting JVM pause monitor
2019-10-01 06:20:40,441 [Datanode State Machine Thread - 0] INFO  datanode.InitDatanodeState (InitDatanodeState.java:persistContainerDatanodeDetails(140)) - DatanodeDetails is persisted to /workdir/hadoop-ozone/integration-test/target/test-dir/MiniOzoneClusterImpl-9628f6ce-4133-4238-8eb2-672141be2bf9/datanode-3/meta/datanode.id
2019-10-01 06:20:40,443 [main] INFO  ozone.HddsDatanodeService (HddsDatanodeService.java:start(184)) - HddsDatanodeService host:trunk-nightly-20191001-qpwks-271313263 ip:192.168.30.6
2019-10-01 06:20:40,464 [main] INFO  volume.HddsVolume (HddsVolume.java:<init>(176)) - Creating Volume: /workdir/hadoop-ozone/integration-test/target/test-dir/MiniOzoneClusterImpl-9628f6ce-4133-4238-8eb2-672141be2bf9/datanode-4/data/containers/hdds of  storage type : DISK and capacity : 1482555576320
2019-10-01 06:20:40,464 [main] INFO  volume.VolumeSet (VolumeSet.java:initializeVolumeSet(170)) - Added Volume : /workdir/hadoop-ozone/integration-test/target/test-dir/MiniOzoneClusterImpl-9628f6ce-4133-4238-8eb2-672141be2bf9/datanode-4/data/containers/hdds to VolumeSet
2019-10-01 06:20:40,464 [main] INFO  volume.ThrottledAsyncChecker (ThrottledAsyncChecker.java:schedule(139)) - Scheduling a check for org.apache.hadoop.ozone.container.common.volume.HddsVolume@7a682d35
2019-10-01 06:20:40,465 [main] INFO  volume.HddsVolumeChecker (HddsVolumeChecker.java:checkAllVolumes(202)) - Scheduled health check for volume org.apache.hadoop.ozone.container.common.volume.HddsVolume@7a682d35
2019-10-01 06:20:40,478 [main] INFO  impl.RaftServerProxy (ConfUtils.java:logGet(43)) - raft.rpc.type = GRPC (default)
2019-10-01 06:20:40,478 [main] INFO  grpc.GrpcFactory (GrpcFactory.java:checkPooledByteBufAllocatorUseCacheForAllThreads(45)) - PERFORMANCE WARNING: useCacheForAllThreads is true that may cause Netty to create a lot garbage objects and, as a result, trigger GC.
	It is recommended to disable useCacheForAllThreads by setting -Dorg.apache.ratis.thirdparty.io.netty.allocator.useCacheForAllThreads=false in command line.
2019-10-01 06:20:40,478 [main] INFO  grpc.GrpcConfigKeys$Server (ConfUtils.java:logGet(43)) - raft.grpc.server.port = 0 (default)
2019-10-01 06:20:40,479 [main] INFO  server.GrpcService (ConfUtils.java:logGet(43)) - raft.grpc.message.size.max = 33570816 (custom)
2019-10-01 06:20:40,479 [main] INFO  server.RaftServerConfigKeys (ConfUtils.java:logGet(43)) - raft.server.log.appender.buffer.byte-limit = 33554432 (custom)
2019-10-01 06:20:40,479 [main] INFO  server.GrpcService (ConfUtils.java:logGet(43)) - raft.grpc.flow.control.window = 1MB (=1048576) (default)
2019-10-01 06:20:40,479 [main] INFO  server.RaftServerConfigKeys (ConfUtils.java:logGet(43)) - raft.server.rpc.request.timeout = 3000ms (default)
2019-10-01 06:20:40,480 [main] INFO  server.RaftServerConfigKeys (ConfUtils.java:logGet(43)) - raft.server.storage.dir = [/workdir/hadoop-ozone/integration-test/target/test-dir/MiniOzoneClusterImpl-9628f6ce-4133-4238-8eb2-672141be2bf9/datanode-4/data/ratis] (custom)
2019-10-01 06:20:40,481 [main] INFO  hdfs.DFSUtil (DFSUtil.java:httpServerTemplateForNNAndJN(1641)) - Starting Web-server for hddsDatanode at: http://0.0.0.0:0
2019-10-01 06:20:40,482 [main] INFO  server.AuthenticationFilter (AuthenticationFilter.java:constructSecretProvider(240)) - Unable to initialize FileSignerSecretProvider, falling back to use random secrets.
2019-10-01 06:20:40,482 [main] WARN  http.HttpRequestLog (HttpRequestLog.java:getRequestLog(97)) - Jetty request log can only be enabled using Log4j
2019-10-01 06:20:40,483 [main] INFO  http.HttpServer2 (HttpServer2.java:addGlobalFilter(975)) - Added global filter 'safety' (class=org.apache.hadoop.http.HttpServer2$QuotingInputFilter)
2019-10-01 06:20:40,484 [main] INFO  http.HttpServer2 (HttpServer2.java:addFilter(948)) - Added filter static_user_filter (class=org.apache.hadoop.http.lib.StaticUserWebFilter$StaticUserFilter) to context hddsDatanode
2019-10-01 06:20:40,484 [main] INFO  http.HttpServer2 (HttpServer2.java:addFilter(958)) - Added filter static_user_filter (class=org.apache.hadoop.http.lib.StaticUserWebFilter$StaticUserFilter) to context logs
2019-10-01 06:20:40,484 [main] INFO  http.HttpServer2 (HttpServer2.java:addFilter(958)) - Added filter static_user_filter (class=org.apache.hadoop.http.lib.StaticUserWebFilter$StaticUserFilter) to context static
2019-10-01 06:20:40,485 [main] INFO  http.HttpServer2 (HttpServer2.java:bindListener(1191)) - Jetty bound to port 38070
2019-10-01 06:20:40,485 [main] INFO  server.Server (Server.java:doStart(351)) - jetty-9.3.25.v20180904, build timestamp: 2018-09-04T21:11:46Z, git hash: 3ce520221d0240229c862b122d2b06c12a625732
2019-10-01 06:20:40,486 [main] INFO  handler.ContextHandler (ContextHandler.java:doStart(781)) - Started o.e.j.s.ServletContextHandler@4538856f{/logs,file:///workdir/hadoop-ozone/integration-test/target/log,AVAILABLE}
2019-10-01 06:20:40,487 [main] INFO  handler.ContextHandler (ContextHandler.java:doStart(781)) - Started o.e.j.s.ServletContextHandler@74b86971{/static,jar:file:/home/user/.m2/repository/org/apache/hadoop/hadoop-hdds-container-service/0.5.0-SNAPSHOT/hadoop-hdds-container-service-0.5.0-SNAPSHOT.jar!/webapps/static,AVAILABLE}
2019-10-01 06:20:40,513 [main] INFO  handler.ContextHandler (ContextHandler.java:doStart(781)) - Started o.e.j.w.WebAppContext@286855ea{/,file:///tmp/jetty-0.0.0.0-38070-hddsDatanode-_-any-5843959246299071699.dir/webapp/,AVAILABLE}{/hddsDatanode}
2019-10-01 06:20:40,513 [main] INFO  server.AbstractConnector (AbstractConnector.java:doStart(278)) - Started ServerConnector@64aeaf29{HTTP/1.1,[http/1.1]}{0.0.0.0:38070}
2019-10-01 06:20:40,516 [main] INFO  server.Server (Server.java:doStart(419)) - Started @110839ms
2019-10-01 06:20:40,517 [main] WARN  impl.MetricsSystemImpl (MetricsSystemImpl.java:register(276)) - Sink prometheus already exists!
2019-10-01 06:20:40,517 [main] INFO  server.BaseHttpServer (BaseHttpServer.java:updateConnectorAddress(215)) - HTTP server of HDDSDATANODE is listening at http://0.0.0.0:38070
2019-10-01 06:20:40,518 [main] INFO  impl.MetricsSystemImpl (MetricsSystemImpl.java:init(158)) - HddsDatanode metrics system started (again)
2019-10-01 06:20:40,538 [org.apache.hadoop.util.JvmPauseMonitor$Monitor@75bdde22] INFO  util.JvmPauseMonitor (JvmPauseMonitor.java:run(188)) - Starting JVM pause monitor
2019-10-01 06:20:40,539 [Datanode State Machine Thread - 0] INFO  datanode.InitDatanodeState (InitDatanodeState.java:persistContainerDatanodeDetails(140)) - DatanodeDetails is persisted to /workdir/hadoop-ozone/integration-test/target/test-dir/MiniOzoneClusterImpl-9628f6ce-4133-4238-8eb2-672141be2bf9/datanode-4/meta/datanode.id
2019-10-01 06:20:40,541 [main] INFO  ozone.HddsDatanodeService (HddsDatanodeService.java:start(184)) - HddsDatanodeService host:trunk-nightly-20191001-qpwks-271313263 ip:192.168.30.6
2019-10-01 06:20:40,552 [main] INFO  volume.HddsVolume (HddsVolume.java:<init>(176)) - Creating Volume: /workdir/hadoop-ozone/integration-test/target/test-dir/MiniOzoneClusterImpl-9628f6ce-4133-4238-8eb2-672141be2bf9/datanode-5/data/containers/hdds of  storage type : DISK and capacity : 1482555576320
2019-10-01 06:20:40,552 [main] INFO  volume.VolumeSet (VolumeSet.java:initializeVolumeSet(170)) - Added Volume : /workdir/hadoop-ozone/integration-test/target/test-dir/MiniOzoneClusterImpl-9628f6ce-4133-4238-8eb2-672141be2bf9/datanode-5/data/containers/hdds to VolumeSet
2019-10-01 06:20:40,552 [main] INFO  volume.ThrottledAsyncChecker (ThrottledAsyncChecker.java:schedule(139)) - Scheduling a check for org.apache.hadoop.ozone.container.common.volume.HddsVolume@45843650
2019-10-01 06:20:40,553 [main] INFO  volume.HddsVolumeChecker (HddsVolumeChecker.java:checkAllVolumes(202)) - Scheduled health check for volume org.apache.hadoop.ozone.container.common.volume.HddsVolume@45843650
2019-10-01 06:20:40,574 [main] INFO  impl.RaftServerProxy (ConfUtils.java:logGet(43)) - raft.rpc.type = GRPC (default)
2019-10-01 06:20:40,574 [main] INFO  grpc.GrpcFactory (GrpcFactory.java:checkPooledByteBufAllocatorUseCacheForAllThreads(45)) - PERFORMANCE WARNING: useCacheForAllThreads is true that may cause Netty to create a lot garbage objects and, as a result, trigger GC.
	It is recommended to disable useCacheForAllThreads by setting -Dorg.apache.ratis.thirdparty.io.netty.allocator.useCacheForAllThreads=false in command line.
2019-10-01 06:20:40,575 [main] INFO  grpc.GrpcConfigKeys$Server (ConfUtils.java:logGet(43)) - raft.grpc.server.port = 0 (default)
2019-10-01 06:20:40,575 [main] INFO  server.GrpcService (ConfUtils.java:logGet(43)) - raft.grpc.message.size.max = 33570816 (custom)
2019-10-01 06:20:40,575 [main] INFO  server.RaftServerConfigKeys (ConfUtils.java:logGet(43)) - raft.server.log.appender.buffer.byte-limit = 33554432 (custom)
2019-10-01 06:20:40,575 [main] INFO  server.GrpcService (ConfUtils.java:logGet(43)) - raft.grpc.flow.control.window = 1MB (=1048576) (default)
2019-10-01 06:20:40,575 [main] INFO  server.RaftServerConfigKeys (ConfUtils.java:logGet(43)) - raft.server.rpc.request.timeout = 3000ms (default)
2019-10-01 06:20:40,576 [main] INFO  server.RaftServerConfigKeys (ConfUtils.java:logGet(43)) - raft.server.storage.dir = [/workdir/hadoop-ozone/integration-test/target/test-dir/MiniOzoneClusterImpl-9628f6ce-4133-4238-8eb2-672141be2bf9/datanode-5/data/ratis] (custom)
2019-10-01 06:20:40,578 [main] INFO  hdfs.DFSUtil (DFSUtil.java:httpServerTemplateForNNAndJN(1641)) - Starting Web-server for hddsDatanode at: http://0.0.0.0:0
2019-10-01 06:20:40,580 [main] INFO  server.AuthenticationFilter (AuthenticationFilter.java:constructSecretProvider(240)) - Unable to initialize FileSignerSecretProvider, falling back to use random secrets.
2019-10-01 06:20:40,581 [main] WARN  http.HttpRequestLog (HttpRequestLog.java:getRequestLog(97)) - Jetty request log can only be enabled using Log4j
2019-10-01 06:20:40,583 [main] INFO  http.HttpServer2 (HttpServer2.java:addGlobalFilter(975)) - Added global filter 'safety' (class=org.apache.hadoop.http.HttpServer2$QuotingInputFilter)
2019-10-01 06:20:40,584 [main] INFO  http.HttpServer2 (HttpServer2.java:addFilter(948)) - Added filter static_user_filter (class=org.apache.hadoop.http.lib.StaticUserWebFilter$StaticUserFilter) to context hddsDatanode
2019-10-01 06:20:40,584 [main] INFO  http.HttpServer2 (HttpServer2.java:addFilter(958)) - Added filter static_user_filter (class=org.apache.hadoop.http.lib.StaticUserWebFilter$StaticUserFilter) to context static
2019-10-01 06:20:40,584 [main] INFO  http.HttpServer2 (HttpServer2.java:addFilter(958)) - Added filter static_user_filter (class=org.apache.hadoop.http.lib.StaticUserWebFilter$StaticUserFilter) to context logs
2019-10-01 06:20:40,585 [main] INFO  http.HttpServer2 (HttpServer2.java:bindListener(1191)) - Jetty bound to port 40580
2019-10-01 06:20:40,585 [main] INFO  server.Server (Server.java:doStart(351)) - jetty-9.3.25.v20180904, build timestamp: 2018-09-04T21:11:46Z, git hash: 3ce520221d0240229c862b122d2b06c12a625732
2019-10-01 06:20:40,587 [main] INFO  handler.ContextHandler (ContextHandler.java:doStart(781)) - Started o.e.j.s.ServletContextHandler@2ba1209b{/logs,file:///workdir/hadoop-ozone/integration-test/target/log,AVAILABLE}
2019-10-01 06:20:40,588 [main] INFO  handler.ContextHandler (ContextHandler.java:doStart(781)) - Started o.e.j.s.ServletContextHandler@58fd1214{/static,jar:file:/home/user/.m2/repository/org/apache/hadoop/hadoop-hdds-container-service/0.5.0-SNAPSHOT/hadoop-hdds-container-service-0.5.0-SNAPSHOT.jar!/webapps/static,AVAILABLE}
2019-10-01 06:20:40,615 [main] INFO  handler.ContextHandler (ContextHandler.java:doStart(781)) - Started o.e.j.w.WebAppContext@588545ac{/,file:///tmp/jetty-0.0.0.0-40580-hddsDatanode-_-any-7889745163072601260.dir/webapp/,AVAILABLE}{/hddsDatanode}
2019-10-01 06:20:40,615 [main] INFO  server.AbstractConnector (AbstractConnector.java:doStart(278)) - Started ServerConnector@2b08772d{HTTP/1.1,[http/1.1]}{0.0.0.0:40580}
2019-10-01 06:20:40,620 [main] INFO  server.Server (Server.java:doStart(419)) - Started @110943ms
2019-10-01 06:20:40,620 [main] WARN  impl.MetricsSystemImpl (MetricsSystemImpl.java:register(276)) - Sink prometheus already exists!
2019-10-01 06:20:40,621 [main] INFO  server.BaseHttpServer (BaseHttpServer.java:updateConnectorAddress(215)) - HTTP server of HDDSDATANODE is listening at http://0.0.0.0:40580
2019-10-01 06:20:40,621 [main] INFO  impl.MetricsSystemImpl (MetricsSystemImpl.java:init(158)) - HddsDatanode metrics system started (again)
2019-10-01 06:20:40,622 [org.apache.hadoop.util.JvmPauseMonitor$Monitor@26ef2fe2] INFO  util.JvmPauseMonitor (JvmPauseMonitor.java:run(188)) - Starting JVM pause monitor
2019-10-01 06:20:40,624 [Datanode State Machine Thread - 0] INFO  datanode.InitDatanodeState (InitDatanodeState.java:persistContainerDatanodeDetails(140)) - DatanodeDetails is persisted to /workdir/hadoop-ozone/integration-test/target/test-dir/MiniOzoneClusterImpl-9628f6ce-4133-4238-8eb2-672141be2bf9/datanode-5/meta/datanode.id
2019-10-01 06:20:40,647 [main] INFO  ozone.HddsDatanodeService (HddsDatanodeService.java:start(184)) - HddsDatanodeService host:trunk-nightly-20191001-qpwks-271313263 ip:192.168.30.6
2019-10-01 06:20:40,656 [main] INFO  volume.HddsVolume (HddsVolume.java:<init>(176)) - Creating Volume: /workdir/hadoop-ozone/integration-test/target/test-dir/MiniOzoneClusterImpl-9628f6ce-4133-4238-8eb2-672141be2bf9/datanode-6/data/containers/hdds of  storage type : DISK and capacity : 1482555576320
2019-10-01 06:20:40,657 [main] INFO  volume.VolumeSet (VolumeSet.java:initializeVolumeSet(170)) - Added Volume : /workdir/hadoop-ozone/integration-test/target/test-dir/MiniOzoneClusterImpl-9628f6ce-4133-4238-8eb2-672141be2bf9/datanode-6/data/containers/hdds to VolumeSet
2019-10-01 06:20:40,657 [main] INFO  volume.ThrottledAsyncChecker (ThrottledAsyncChecker.java:schedule(139)) - Scheduling a check for org.apache.hadoop.ozone.container.common.volume.HddsVolume@5042e3d0
2019-10-01 06:20:40,658 [main] INFO  volume.HddsVolumeChecker (HddsVolumeChecker.java:checkAllVolumes(202)) - Scheduled health check for volume org.apache.hadoop.ozone.container.common.volume.HddsVolume@5042e3d0
2019-10-01 06:20:40,673 [main] INFO  impl.RaftServerProxy (ConfUtils.java:logGet(43)) - raft.rpc.type = GRPC (default)
2019-10-01 06:20:40,673 [main] INFO  grpc.GrpcFactory (GrpcFactory.java:checkPooledByteBufAllocatorUseCacheForAllThreads(45)) - PERFORMANCE WARNING: useCacheForAllThreads is true that may cause Netty to create a lot garbage objects and, as a result, trigger GC.
	It is recommended to disable useCacheForAllThreads by setting -Dorg.apache.ratis.thirdparty.io.netty.allocator.useCacheForAllThreads=false in command line.
2019-10-01 06:20:40,673 [main] INFO  grpc.GrpcConfigKeys$Server (ConfUtils.java:logGet(43)) - raft.grpc.server.port = 0 (default)
2019-10-01 06:20:40,674 [main] INFO  server.GrpcService (ConfUtils.java:logGet(43)) - raft.grpc.message.size.max = 33570816 (custom)
2019-10-01 06:20:40,674 [main] INFO  server.RaftServerConfigKeys (ConfUtils.java:logGet(43)) - raft.server.log.appender.buffer.byte-limit = 33554432 (custom)
2019-10-01 06:20:40,674 [main] INFO  server.GrpcService (ConfUtils.java:logGet(43)) - raft.grpc.flow.control.window = 1MB (=1048576) (default)
2019-10-01 06:20:40,674 [main] INFO  server.RaftServerConfigKeys (ConfUtils.java:logGet(43)) - raft.server.rpc.request.timeout = 3000ms (default)
2019-10-01 06:20:40,675 [main] INFO  server.RaftServerConfigKeys (ConfUtils.java:logGet(43)) - raft.server.storage.dir = [/workdir/hadoop-ozone/integration-test/target/test-dir/MiniOzoneClusterImpl-9628f6ce-4133-4238-8eb2-672141be2bf9/datanode-6/data/ratis] (custom)
2019-10-01 06:20:40,676 [main] INFO  hdfs.DFSUtil (DFSUtil.java:httpServerTemplateForNNAndJN(1641)) - Starting Web-server for hddsDatanode at: http://0.0.0.0:0
2019-10-01 06:20:40,678 [main] INFO  server.AuthenticationFilter (AuthenticationFilter.java:constructSecretProvider(240)) - Unable to initialize FileSignerSecretProvider, falling back to use random secrets.
2019-10-01 06:20:40,679 [main] WARN  http.HttpRequestLog (HttpRequestLog.java:getRequestLog(97)) - Jetty request log can only be enabled using Log4j
2019-10-01 06:20:40,681 [main] INFO  http.HttpServer2 (HttpServer2.java:addGlobalFilter(975)) - Added global filter 'safety' (class=org.apache.hadoop.http.HttpServer2$QuotingInputFilter)
2019-10-01 06:20:40,682 [main] INFO  http.HttpServer2 (HttpServer2.java:addFilter(948)) - Added filter static_user_filter (class=org.apache.hadoop.http.lib.StaticUserWebFilter$StaticUserFilter) to context hddsDatanode
2019-10-01 06:20:40,682 [main] INFO  http.HttpServer2 (HttpServer2.java:addFilter(958)) - Added filter static_user_filter (class=org.apache.hadoop.http.lib.StaticUserWebFilter$StaticUserFilter) to context static
2019-10-01 06:20:40,682 [main] INFO  http.HttpServer2 (HttpServer2.java:addFilter(958)) - Added filter static_user_filter (class=org.apache.hadoop.http.lib.StaticUserWebFilter$StaticUserFilter) to context logs
2019-10-01 06:20:40,683 [main] INFO  http.HttpServer2 (HttpServer2.java:bindListener(1191)) - Jetty bound to port 40264
2019-10-01 06:20:40,683 [main] INFO  server.Server (Server.java:doStart(351)) - jetty-9.3.25.v20180904, build timestamp: 2018-09-04T21:11:46Z, git hash: 3ce520221d0240229c862b122d2b06c12a625732
2019-10-01 06:20:40,685 [main] INFO  handler.ContextHandler (ContextHandler.java:doStart(781)) - Started o.e.j.s.ServletContextHandler@5a0e0886{/logs,file:///workdir/hadoop-ozone/integration-test/target/log,AVAILABLE}
2019-10-01 06:20:40,685 [main] INFO  handler.ContextHandler (ContextHandler.java:doStart(781)) - Started o.e.j.s.ServletContextHandler@4293e066{/static,jar:file:/home/user/.m2/repository/org/apache/hadoop/hadoop-hdds-container-service/0.5.0-SNAPSHOT/hadoop-hdds-container-service-0.5.0-SNAPSHOT.jar!/webapps/static,AVAILABLE}
2019-10-01 06:20:40,945 [Thread-1125] INFO  impl.FollowerState (FollowerState.java:run(108)) - 7735a92a-bb01-4e99-9b66-6d2afd65688b@group-8269D8CF66BB-FollowerState: change to CANDIDATE, lastRpcTime:5023ms, electionTimeout:5019ms
2019-10-01 06:20:40,946 [Thread-1125] INFO  impl.RoleInfo (RoleInfo.java:shutdownFollowerState(121)) - 7735a92a-bb01-4e99-9b66-6d2afd65688b: shutdown FollowerState
2019-10-01 06:20:40,946 [Thread-1125] INFO  impl.RaftServerImpl (RaftServerImpl.java:setRole(170)) - 7735a92a-bb01-4e99-9b66-6d2afd65688b@group-8269D8CF66BB: changes role from  FOLLOWER to CANDIDATE at term 3 for changeToCandidate
2019-10-01 06:20:40,946 [Thread-1125] INFO  impl.RoleInfo (RoleInfo.java:updateAndGet(143)) - 7735a92a-bb01-4e99-9b66-6d2afd65688b: start LeaderElection
2019-10-01 06:20:40,971 [Thread-1124] INFO  impl.FollowerState (FollowerState.java:run(108)) - e84c731b-f6d2-414b-8390-142f304c567a@group-8269D8CF66BB-FollowerState: change to CANDIDATE, lastRpcTime:5050ms, electionTimeout:5050ms
2019-10-01 06:20:40,971 [Thread-1124] INFO  impl.RoleInfo (RoleInfo.java:shutdownFollowerState(121)) - e84c731b-f6d2-414b-8390-142f304c567a: shutdown FollowerState
2019-10-01 06:20:40,971 [Thread-1124] INFO  impl.RaftServerImpl (RaftServerImpl.java:setRole(170)) - e84c731b-f6d2-414b-8390-142f304c567a@group-8269D8CF66BB: changes role from  FOLLOWER to CANDIDATE at term 3 for changeToCandidate
2019-10-01 06:20:40,971 [Thread-1124] INFO  impl.RoleInfo (RoleInfo.java:updateAndGet(143)) - e84c731b-f6d2-414b-8390-142f304c567a: start LeaderElection
2019-10-01 06:20:40,975 [main] INFO  handler.ContextHandler (ContextHandler.java:doStart(781)) - Started o.e.j.w.WebAppContext@11d2dd2d{/,file:///tmp/jetty-0.0.0.0-40264-hddsDatanode-_-any-5038032844112943749.dir/webapp/,AVAILABLE}{/hddsDatanode}
2019-10-01 06:20:40,975 [main] INFO  server.AbstractConnector (AbstractConnector.java:doStart(278)) - Started ServerConnector@cde8c6c{HTTP/1.1,[http/1.1]}{0.0.0.0:40264}
2019-10-01 06:20:40,977 [7735a92a-bb01-4e99-9b66-6d2afd65688b@group-8269D8CF66BB-LeaderElection54] INFO  impl.LeaderElection (LeaderElection.java:askForVotes(178)) - 7735a92a-bb01-4e99-9b66-6d2afd65688b@group-8269D8CF66BB-LeaderElection54: begin an election at term 4 for -1: [11f64b2c-99f5-49b2-9b46-7b6752e7b6a9:192.168.30.6:33500, 7735a92a-bb01-4e99-9b66-6d2afd65688b:192.168.30.6:36098, e84c731b-f6d2-414b-8390-142f304c567a:192.168.30.6:34691], old=null
2019-10-01 06:20:40,978 [main] INFO  server.Server (Server.java:doStart(419)) - Started @111300ms
2019-10-01 06:20:40,978 [main] WARN  impl.MetricsSystemImpl (MetricsSystemImpl.java:register(276)) - Sink prometheus already exists!
2019-10-01 06:20:40,979 [main] INFO  server.BaseHttpServer (BaseHttpServer.java:updateConnectorAddress(215)) - HTTP server of HDDSDATANODE is listening at http://0.0.0.0:40264
2019-10-01 06:20:40,980 [main] INFO  ozone.MiniOzoneClusterImpl (MiniOzoneClusterImpl.java:lambda$waitForClusterToBeReady$0(147)) - Waiting for cluster to be ready. Got 0 of 7 DN Heartbeats.
2019-10-01 06:20:40,981 [org.apache.hadoop.util.JvmPauseMonitor$Monitor@4e5fc964] INFO  util.JvmPauseMonitor (JvmPauseMonitor.java:run(188)) - Starting JVM pause monitor
2019-10-01 06:20:40,984 [Datanode State Machine Thread - 0] INFO  datanode.InitDatanodeState (InitDatanodeState.java:persistContainerDatanodeDetails(140)) - DatanodeDetails is persisted to /workdir/hadoop-ozone/integration-test/target/test-dir/MiniOzoneClusterImpl-9628f6ce-4133-4238-8eb2-672141be2bf9/datanode-6/meta/datanode.id
2019-10-01 06:20:40,984 [grpc-default-executor-6] INFO  impl.RaftServerImpl (RaftServerImpl.java:setRole(170)) - 11f64b2c-99f5-49b2-9b46-7b6752e7b6a9@group-8269D8CF66BB: changes role from  FOLLOWER to FOLLOWER at term 4 for recognizeCandidate:7735a92a-bb01-4e99-9b66-6d2afd65688b
2019-10-01 06:20:40,985 [grpc-default-executor-6] INFO  impl.RoleInfo (RoleInfo.java:shutdownFollowerState(121)) - 11f64b2c-99f5-49b2-9b46-7b6752e7b6a9: shutdown FollowerState
2019-10-01 06:20:40,985 [grpc-default-executor-6] INFO  impl.RoleInfo (RoleInfo.java:updateAndGet(143)) - 11f64b2c-99f5-49b2-9b46-7b6752e7b6a9: start FollowerState
2019-10-01 06:20:40,985 [Thread-1127] INFO  impl.FollowerState (FollowerState.java:run(117)) - 11f64b2c-99f5-49b2-9b46-7b6752e7b6a9@group-8269D8CF66BB-FollowerState was interrupted: java.lang.InterruptedException: sleep interrupted
2019-10-01 06:20:41,003 [Thread-1128] INFO  impl.FollowerState (FollowerState.java:run(108)) - 57378343-3ed6-4039-b787-fde917e7fae3@group-341A1F6D08EB-FollowerState: change to CANDIDATE, lastRpcTime:5071ms, electionTimeout:5071ms
2019-10-01 06:20:41,003 [Thread-1128] INFO  impl.RoleInfo (RoleInfo.java:shutdownFollowerState(121)) - 57378343-3ed6-4039-b787-fde917e7fae3: shutdown FollowerState
2019-10-01 06:20:41,003 [Thread-1128] INFO  impl.RaftServerImpl (RaftServerImpl.java:setRole(170)) - 57378343-3ed6-4039-b787-fde917e7fae3@group-341A1F6D08EB: changes role from  FOLLOWER to CANDIDATE at term 3 for changeToCandidate
2019-10-01 06:20:41,003 [Thread-1128] INFO  impl.RoleInfo (RoleInfo.java:updateAndGet(143)) - 57378343-3ed6-4039-b787-fde917e7fae3: start LeaderElection
2019-10-01 06:20:41,009 [e84c731b-f6d2-414b-8390-142f304c567a@group-8269D8CF66BB-LeaderElection55] INFO  impl.LeaderElection (LeaderElection.java:askForVotes(178)) - e84c731b-f6d2-414b-8390-142f304c567a@group-8269D8CF66BB-LeaderElection55: begin an election at term 4 for -1: [11f64b2c-99f5-49b2-9b46-7b6752e7b6a9:192.168.30.6:33500, 7735a92a-bb01-4e99-9b66-6d2afd65688b:192.168.30.6:36098, e84c731b-f6d2-414b-8390-142f304c567a:192.168.30.6:34691], old=null
2019-10-01 06:20:41,010 [7735a92a-bb01-4e99-9b66-6d2afd65688b@group-8269D8CF66BB-LeaderElection54] INFO  impl.LeaderElection (LeaderElection.java:logAndReturn(56)) - 7735a92a-bb01-4e99-9b66-6d2afd65688b@group-8269D8CF66BB-LeaderElection54: Election PASSED; received 2 response(s) [7735a92a-bb01-4e99-9b66-6d2afd65688b<-11f64b2c-99f5-49b2-9b46-7b6752e7b6a9#0:OK-t4, 7735a92a-bb01-4e99-9b66-6d2afd65688b<-e84c731b-f6d2-414b-8390-142f304c567a#0:FAIL-t4] and 0 exception(s); 7735a92a-bb01-4e99-9b66-6d2afd65688b@group-8269D8CF66BB:t4, leader=null, voted=7735a92a-bb01-4e99-9b66-6d2afd65688b, raftlog=7735a92a-bb01-4e99-9b66-6d2afd65688b@group-8269D8CF66BB-SegmentedRaftLog:OPENED:c-1,f-1,i0, conf=-1: [11f64b2c-99f5-49b2-9b46-7b6752e7b6a9:192.168.30.6:33500, 7735a92a-bb01-4e99-9b66-6d2afd65688b:192.168.30.6:36098, e84c731b-f6d2-414b-8390-142f304c567a:192.168.30.6:34691], old=null
2019-10-01 06:20:41,010 [7735a92a-bb01-4e99-9b66-6d2afd65688b@group-8269D8CF66BB-LeaderElection54] INFO  impl.RoleInfo (RoleInfo.java:shutdownLeaderElection(134)) - 7735a92a-bb01-4e99-9b66-6d2afd65688b: shutdown LeaderElection
2019-10-01 06:20:41,010 [7735a92a-bb01-4e99-9b66-6d2afd65688b@group-8269D8CF66BB-LeaderElection54] INFO  impl.RaftServerImpl (RaftServerImpl.java:setRole(170)) - 7735a92a-bb01-4e99-9b66-6d2afd65688b@group-8269D8CF66BB: changes role from CANDIDATE to LEADER at term 4 for changeToLeader
2019-10-01 06:20:41,011 [7735a92a-bb01-4e99-9b66-6d2afd65688b@group-8269D8CF66BB-LeaderElection54] INFO  impl.RaftServerImpl (ServerState.java:setLeader(255)) - 7735a92a-bb01-4e99-9b66-6d2afd65688b@group-8269D8CF66BB: change Leader from null to 7735a92a-bb01-4e99-9b66-6d2afd65688b at term 4 for becomeLeader, leader elected after 32235ms
2019-10-01 06:20:41,011 [7735a92a-bb01-4e99-9b66-6d2afd65688b@group-8269D8CF66BB-LeaderElection54] INFO  server.RaftServerConfigKeys (ConfUtils.java:logGet(43)) - raft.server.staging.catchup.gap = 1000 (default)
2019-10-01 06:20:41,011 [7735a92a-bb01-4e99-9b66-6d2afd65688b@group-8269D8CF66BB-LeaderElection54] INFO  server.RaftServerConfigKeys (ConfUtils.java:logGet(43)) - raft.server.rpc.sleep.time = 25ms (default)
2019-10-01 06:20:41,011 [7735a92a-bb01-4e99-9b66-6d2afd65688b@group-8269D8CF66BB-LeaderElection54] INFO  server.RaftServerConfigKeys (ConfUtils.java:logGet(43)) - raft.server.write.element-limit = 4096 (default)
2019-10-01 06:20:41,012 [7735a92a-bb01-4e99-9b66-6d2afd65688b@group-8269D8CF66BB-LeaderElection54] INFO  server.RaftServerConfigKeys (ConfUtils.java:logGet(43)) - raft.server.watch.timeout = 10s (default)
2019-10-01 06:20:41,012 [7735a92a-bb01-4e99-9b66-6d2afd65688b@group-8269D8CF66BB-LeaderElection54] INFO  server.RaftServerConfigKeys (ConfUtils.java:logGet(43)) - raft.server.watch.timeout.denomination = 1s (default)
2019-10-01 06:20:41,012 [7735a92a-bb01-4e99-9b66-6d2afd65688b@group-8269D8CF66BB-LeaderElection54] INFO  server.RaftServerConfigKeys (ConfUtils.java:logGet(43)) - raft.server.watch.element-limit = 65536 (default)
2019-10-01 06:20:41,014 [7735a92a-bb01-4e99-9b66-6d2afd65688b@group-8269D8CF66BB-LeaderElection54] INFO  server.RaftServerConfigKeys (ConfUtils.java:logGet(43)) - raft.server.log.appender.snapshot.chunk.size.max = 16MB (=16777216) (default)
2019-10-01 06:20:41,015 [7735a92a-bb01-4e99-9b66-6d2afd65688b@group-8269D8CF66BB-LeaderElection54] INFO  server.RaftServerConfigKeys (ConfUtils.java:logGet(43)) - raft.server.log.appender.buffer.byte-limit = 33554432 (custom)
2019-10-01 06:20:41,015 [7735a92a-bb01-4e99-9b66-6d2afd65688b@group-8269D8CF66BB-LeaderElection54] INFO  server.RaftServerConfigKeys (ConfUtils.java:logGet(43)) - raft.server.log.appender.buffer.element-limit = 1 (custom)
2019-10-01 06:20:41,015 [7735a92a-bb01-4e99-9b66-6d2afd65688b@group-8269D8CF66BB-LeaderElection54] INFO  grpc.GrpcConfigKeys$Server (ConfUtils.java:logGet(43)) - raft.grpc.server.leader.outstanding.appends.max = 128 (default)
2019-10-01 06:20:41,015 [7735a92a-bb01-4e99-9b66-6d2afd65688b@group-8269D8CF66BB-LeaderElection54] INFO  server.RaftServerConfigKeys (ConfUtils.java:logGet(43)) - raft.server.rpc.request.timeout = 3000ms (default)
2019-10-01 06:20:41,015 [7735a92a-bb01-4e99-9b66-6d2afd65688b@group-8269D8CF66BB-LeaderElection54] INFO  server.RaftServerConfigKeys (ConfUtils.java:logGet(43)) - raft.server.log.appender.install.snapshot.enabled = false (custom)
2019-10-01 06:20:41,015 [7735a92a-bb01-4e99-9b66-6d2afd65688b@group-8269D8CF66BB-LeaderElection54] INFO  server.RaftServerConfigKeys (ConfUtils.java:logGet(43)) - raft.server.log.appender.snapshot.chunk.size.max = 16MB (=16777216) (default)
2019-10-01 06:20:41,016 [7735a92a-bb01-4e99-9b66-6d2afd65688b@group-8269D8CF66BB-LeaderElection54] INFO  server.RaftServerConfigKeys (ConfUtils.java:logGet(43)) - raft.server.log.appender.buffer.byte-limit = 33554432 (custom)
2019-10-01 06:20:41,016 [7735a92a-bb01-4e99-9b66-6d2afd65688b@group-8269D8CF66BB-LeaderElection54] INFO  server.RaftServerConfigKeys (ConfUtils.java:logGet(43)) - raft.server.log.appender.buffer.element-limit = 1 (custom)
2019-10-01 06:20:41,016 [7735a92a-bb01-4e99-9b66-6d2afd65688b@group-8269D8CF66BB-LeaderElection54] INFO  grpc.GrpcConfigKeys$Server (ConfUtils.java:logGet(43)) - raft.grpc.server.leader.outstanding.appends.max = 128 (default)
2019-10-01 06:20:41,016 [7735a92a-bb01-4e99-9b66-6d2afd65688b@group-8269D8CF66BB-LeaderElection54] INFO  server.RaftServerConfigKeys (ConfUtils.java:logGet(43)) - raft.server.rpc.request.timeout = 3000ms (default)
2019-10-01 06:20:41,016 [7735a92a-bb01-4e99-9b66-6d2afd65688b@group-8269D8CF66BB-LeaderElection54] INFO  server.RaftServerConfigKeys (ConfUtils.java:logGet(43)) - raft.server.log.appender.install.snapshot.enabled = false (custom)
2019-10-01 06:20:41,016 [7735a92a-bb01-4e99-9b66-6d2afd65688b@group-8269D8CF66BB-LeaderElection54] INFO  impl.RoleInfo (RoleInfo.java:updateAndGet(143)) - 7735a92a-bb01-4e99-9b66-6d2afd65688b: start LeaderState
2019-10-01 06:20:41,017 [7735a92a-bb01-4e99-9b66-6d2afd65688b@group-8269D8CF66BB-LeaderElection54] INFO  segmented.SegmentedRaftLogWorker (SegmentedRaftLogWorker.java:startLogSegment(385)) - 7735a92a-bb01-4e99-9b66-6d2afd65688b@group-8269D8CF66BB-SegmentedRaftLogWorker: Starting segment from index:0
2019-10-01 06:20:41,018 [7735a92a-bb01-4e99-9b66-6d2afd65688b@group-8269D8CF66BB-LeaderElection54] INFO  impl.RaftServerImpl (ServerState.java:setRaftConf(356)) - 7735a92a-bb01-4e99-9b66-6d2afd65688b@group-8269D8CF66BB: set configuration 0: [11f64b2c-99f5-49b2-9b46-7b6752e7b6a9:192.168.30.6:33500, 7735a92a-bb01-4e99-9b66-6d2afd65688b:192.168.30.6:36098, e84c731b-f6d2-414b-8390-142f304c567a:192.168.30.6:34691], old=null at 0
2019-10-01 06:20:41,018 [grpc-default-executor-6] INFO  impl.RaftServerImpl (RaftServerImpl.java:requestVote(754)) - 7735a92a-bb01-4e99-9b66-6d2afd65688b@group-8269D8CF66BB-   LEADER: Withhold vote from candidate e84c731b-f6d2-414b-8390-142f304c567a with term 4. State: leader=7735a92a-bb01-4e99-9b66-6d2afd65688b, term=4, lastRpcElapsed=null
2019-10-01 06:20:41,043 [57378343-3ed6-4039-b787-fde917e7fae3@group-341A1F6D08EB-LeaderElection56] INFO  impl.LeaderElection (LeaderElection.java:askForVotes(178)) - 57378343-3ed6-4039-b787-fde917e7fae3@group-341A1F6D08EB-LeaderElection56: begin an election at term 4 for -1: [9de54f0b-d70e-4752-94be-cce4a2ae2c62:192.168.30.6:36854, 86efe969-c6da-4419-ba3d-b5528c33cccc:192.168.30.6:45298, 57378343-3ed6-4039-b787-fde917e7fae3:192.168.30.6:35146], old=null
2019-10-01 06:20:41,042 [Thread-1123] INFO  impl.FollowerState (FollowerState.java:run(108)) - 9de54f0b-d70e-4752-94be-cce4a2ae2c62@group-341A1F6D08EB-FollowerState: change to CANDIDATE, lastRpcTime:5125ms, electionTimeout:5113ms
2019-10-01 06:20:41,043 [Thread-1123] INFO  impl.RoleInfo (RoleInfo.java:shutdownFollowerState(121)) - 9de54f0b-d70e-4752-94be-cce4a2ae2c62: shutdown FollowerState
2019-10-01 06:20:41,043 [Thread-1123] INFO  impl.RaftServerImpl (RaftServerImpl.java:setRole(170)) - 9de54f0b-d70e-4752-94be-cce4a2ae2c62@group-341A1F6D08EB: changes role from  FOLLOWER to CANDIDATE at term 3 for changeToCandidate
2019-10-01 06:20:41,043 [Thread-1123] INFO  impl.RoleInfo (RoleInfo.java:updateAndGet(143)) - 9de54f0b-d70e-4752-94be-cce4a2ae2c62: start LeaderElection
2019-10-01 06:20:41,047 [grpc-default-executor-6] INFO  impl.RaftServerImpl (ServerState.java:setLeader(255)) - 11f64b2c-99f5-49b2-9b46-7b6752e7b6a9@group-8269D8CF66BB: change Leader from null to 7735a92a-bb01-4e99-9b66-6d2afd65688b at term 4 for appendEntries, leader elected after 32270ms
2019-10-01 06:20:41,047 [e84c731b-f6d2-414b-8390-142f304c567a@group-8269D8CF66BB-LeaderElection55] INFO  impl.LeaderElection (LeaderElection.java:logAndReturn(56)) - e84c731b-f6d2-414b-8390-142f304c567a@group-8269D8CF66BB-LeaderElection55: Election REJECTED; received 2 response(s) [e84c731b-f6d2-414b-8390-142f304c567a<-11f64b2c-99f5-49b2-9b46-7b6752e7b6a9#0:FAIL-t4, e84c731b-f6d2-414b-8390-142f304c567a<-7735a92a-bb01-4e99-9b66-6d2afd65688b#0:FAIL-t4] and 0 exception(s); e84c731b-f6d2-414b-8390-142f304c567a@group-8269D8CF66BB:t4, leader=null, voted=e84c731b-f6d2-414b-8390-142f304c567a, raftlog=e84c731b-f6d2-414b-8390-142f304c567a@group-8269D8CF66BB-SegmentedRaftLog:OPENED:c-1,f-1,i0, conf=-1: [11f64b2c-99f5-49b2-9b46-7b6752e7b6a9:192.168.30.6:33500, 7735a92a-bb01-4e99-9b66-6d2afd65688b:192.168.30.6:36098, e84c731b-f6d2-414b-8390-142f304c567a:192.168.30.6:34691], old=null
2019-10-01 06:20:41,047 [e84c731b-f6d2-414b-8390-142f304c567a@group-8269D8CF66BB-LeaderElection55] INFO  impl.RaftServerImpl (RaftServerImpl.java:setRole(170)) - e84c731b-f6d2-414b-8390-142f304c567a@group-8269D8CF66BB: changes role from CANDIDATE to FOLLOWER at term 4 for DISCOVERED_A_NEW_TERM
2019-10-01 06:20:41,047 [e84c731b-f6d2-414b-8390-142f304c567a@group-8269D8CF66BB-LeaderElection55] INFO  impl.RoleInfo (RoleInfo.java:shutdownLeaderElection(134)) - e84c731b-f6d2-414b-8390-142f304c567a: shutdown LeaderElection
2019-10-01 06:20:41,047 [e84c731b-f6d2-414b-8390-142f304c567a@group-8269D8CF66BB-LeaderElection55] INFO  impl.RoleInfo (RoleInfo.java:updateAndGet(143)) - e84c731b-f6d2-414b-8390-142f304c567a: start FollowerState
2019-10-01 06:20:41,048 [grpc-default-executor-5] INFO  impl.RaftServerImpl (ServerState.java:setLeader(255)) - e84c731b-f6d2-414b-8390-142f304c567a@group-8269D8CF66BB: change Leader from null to 7735a92a-bb01-4e99-9b66-6d2afd65688b at term 4 for appendEntries, leader elected after 32272ms
2019-10-01 06:20:41,051 [grpc-default-executor-6] INFO  impl.RaftServerImpl (RaftServerImpl.java:setRole(170)) - 86efe969-c6da-4419-ba3d-b5528c33cccc@group-341A1F6D08EB: changes role from  FOLLOWER to FOLLOWER at term 4 for recognizeCandidate:57378343-3ed6-4039-b787-fde917e7fae3
2019-10-01 06:20:41,051 [grpc-default-executor-6] INFO  impl.RoleInfo (RoleInfo.java:shutdownFollowerState(121)) - 86efe969-c6da-4419-ba3d-b5528c33cccc: shutdown FollowerState
2019-10-01 06:20:41,051 [grpc-default-executor-6] INFO  impl.RoleInfo (RoleInfo.java:updateAndGet(143)) - 86efe969-c6da-4419-ba3d-b5528c33cccc: start FollowerState
2019-10-01 06:20:41,051 [Thread-1126] INFO  impl.FollowerState (FollowerState.java:run(117)) - 86efe969-c6da-4419-ba3d-b5528c33cccc@group-341A1F6D08EB-FollowerState was interrupted: java.lang.InterruptedException: sleep interrupted
2019-10-01 06:20:41,055 [grpc-default-executor-0] INFO  impl.RaftServerImpl (ServerState.java:setRaftConf(356)) - 11f64b2c-99f5-49b2-9b46-7b6752e7b6a9@group-8269D8CF66BB: set configuration 0: [11f64b2c-99f5-49b2-9b46-7b6752e7b6a9:192.168.30.6:33500, 7735a92a-bb01-4e99-9b66-6d2afd65688b:192.168.30.6:36098, e84c731b-f6d2-414b-8390-142f304c567a:192.168.30.6:34691], old=null at 0
2019-10-01 06:20:41,055 [grpc-default-executor-3] INFO  impl.RaftServerImpl (ServerState.java:setRaftConf(356)) - e84c731b-f6d2-414b-8390-142f304c567a@group-8269D8CF66BB: set configuration 0: [11f64b2c-99f5-49b2-9b46-7b6752e7b6a9:192.168.30.6:33500, 7735a92a-bb01-4e99-9b66-6d2afd65688b:192.168.30.6:36098, e84c731b-f6d2-414b-8390-142f304c567a:192.168.30.6:34691], old=null at 0
2019-10-01 06:20:41,055 [grpc-default-executor-0] INFO  segmented.SegmentedRaftLogWorker (SegmentedRaftLogWorker.java:startLogSegment(385)) - 11f64b2c-99f5-49b2-9b46-7b6752e7b6a9@group-8269D8CF66BB-SegmentedRaftLogWorker: Starting segment from index:0
2019-10-01 06:20:41,055 [grpc-default-executor-3] INFO  segmented.SegmentedRaftLogWorker (SegmentedRaftLogWorker.java:startLogSegment(385)) - e84c731b-f6d2-414b-8390-142f304c567a@group-8269D8CF66BB-SegmentedRaftLogWorker: Starting segment from index:0
2019-10-01 06:20:41,084 [9de54f0b-d70e-4752-94be-cce4a2ae2c62@group-341A1F6D08EB-LeaderElection57] INFO  impl.LeaderElection (LeaderElection.java:askForVotes(178)) - 9de54f0b-d70e-4752-94be-cce4a2ae2c62@group-341A1F6D08EB-LeaderElection57: begin an election at term 4 for -1: [9de54f0b-d70e-4752-94be-cce4a2ae2c62:192.168.30.6:36854, 86efe969-c6da-4419-ba3d-b5528c33cccc:192.168.30.6:45298, 57378343-3ed6-4039-b787-fde917e7fae3:192.168.30.6:35146], old=null
2019-10-01 06:20:41,084 [7735a92a-bb01-4e99-9b66-6d2afd65688b@group-8269D8CF66BB-SegmentedRaftLogWorker] INFO  segmented.SegmentedRaftLogWorker (SegmentedRaftLogWorker.java:execute(574)) - 7735a92a-bb01-4e99-9b66-6d2afd65688b@group-8269D8CF66BB-SegmentedRaftLogWorker: created new log segment /workdir/hadoop-ozone/integration-test/target/test-dir/MiniOzoneClusterImpl-ce5315ad-6793-4ee7-a934-7ca72faf8a61/datanode-6/data/ratis/7a813201-677b-4818-81b3-8269d8cf66bb/current/log_inprogress_0
2019-10-01 06:20:41,118 [57378343-3ed6-4039-b787-fde917e7fae3@group-341A1F6D08EB-LeaderElection56] INFO  impl.LeaderElection (LeaderElection.java:logAndReturn(56)) - 57378343-3ed6-4039-b787-fde917e7fae3@group-341A1F6D08EB-LeaderElection56: Election PASSED; received 2 response(s) [57378343-3ed6-4039-b787-fde917e7fae3<-9de54f0b-d70e-4752-94be-cce4a2ae2c62#0:FAIL-t4, 57378343-3ed6-4039-b787-fde917e7fae3<-86efe969-c6da-4419-ba3d-b5528c33cccc#0:OK-t4] and 0 exception(s); 57378343-3ed6-4039-b787-fde917e7fae3@group-341A1F6D08EB:t4, leader=null, voted=57378343-3ed6-4039-b787-fde917e7fae3, raftlog=57378343-3ed6-4039-b787-fde917e7fae3@group-341A1F6D08EB-SegmentedRaftLog:OPENED:c-1,f-1,i0, conf=-1: [9de54f0b-d70e-4752-94be-cce4a2ae2c62:192.168.30.6:36854, 86efe969-c6da-4419-ba3d-b5528c33cccc:192.168.30.6:45298, 57378343-3ed6-4039-b787-fde917e7fae3:192.168.30.6:35146], old=null
2019-10-01 06:20:41,119 [57378343-3ed6-4039-b787-fde917e7fae3@group-341A1F6D08EB-LeaderElection56] INFO  impl.RoleInfo (RoleInfo.java:shutdownLeaderElection(134)) - 57378343-3ed6-4039-b787-fde917e7fae3: shutdown LeaderElection
2019-10-01 06:20:41,119 [9de54f0b-d70e-4752-94be-cce4a2ae2c62@group-341A1F6D08EB-LeaderElection57] INFO  impl.LeaderElection (LeaderElection.java:logAndReturn(56)) - 9de54f0b-d70e-4752-94be-cce4a2ae2c62@group-341A1F6D08EB-LeaderElection57: Election REJECTED; received 2 response(s) [9de54f0b-d70e-4752-94be-cce4a2ae2c62<-86efe969-c6da-4419-ba3d-b5528c33cccc#0:FAIL-t4, 9de54f0b-d70e-4752-94be-cce4a2ae2c62<-57378343-3ed6-4039-b787-fde917e7fae3#0:FAIL-t4] and 0 exception(s); 9de54f0b-d70e-4752-94be-cce4a2ae2c62@group-341A1F6D08EB:t4, leader=null, voted=9de54f0b-d70e-4752-94be-cce4a2ae2c62, raftlog=9de54f0b-d70e-4752-94be-cce4a2ae2c62@group-341A1F6D08EB-SegmentedRaftLog:OPENED:c-1,f-1,i0, conf=-1: [9de54f0b-d70e-4752-94be-cce4a2ae2c62:192.168.30.6:36854, 86efe969-c6da-4419-ba3d-b5528c33cccc:192.168.30.6:45298, 57378343-3ed6-4039-b787-fde917e7fae3:192.168.30.6:35146], old=null
2019-10-01 06:20:41,123 [57378343-3ed6-4039-b787-fde917e7fae3@group-341A1F6D08EB-LeaderElection56] INFO  impl.RaftServerImpl (RaftServerImpl.java:setRole(170)) - 57378343-3ed6-4039-b787-fde917e7fae3@group-341A1F6D08EB: changes role from CANDIDATE to LEADER at term 4 for changeToLeader
2019-10-01 06:20:41,123 [9de54f0b-d70e-4752-94be-cce4a2ae2c62@group-341A1F6D08EB-LeaderElection57] INFO  impl.RaftServerImpl (RaftServerImpl.java:setRole(170)) - 9de54f0b-d70e-4752-94be-cce4a2ae2c62@group-341A1F6D08EB: changes role from CANDIDATE to FOLLOWER at term 4 for DISCOVERED_A_NEW_TERM
2019-10-01 06:20:41,123 [57378343-3ed6-4039-b787-fde917e7fae3@group-341A1F6D08EB-LeaderElection56] INFO  impl.RaftServerImpl (ServerState.java:setLeader(255)) - 57378343-3ed6-4039-b787-fde917e7fae3@group-341A1F6D08EB: change Leader from null to 57378343-3ed6-4039-b787-fde917e7fae3 at term 4 for becomeLeader, leader elected after 32987ms
2019-10-01 06:20:41,125 [9de54f0b-d70e-4752-94be-cce4a2ae2c62@group-341A1F6D08EB-LeaderElection57] INFO  impl.RoleInfo (RoleInfo.java:shutdownLeaderElection(134)) - 9de54f0b-d70e-4752-94be-cce4a2ae2c62: shutdown LeaderElection
2019-10-01 06:20:41,126 [57378343-3ed6-4039-b787-fde917e7fae3@group-341A1F6D08EB-LeaderElection56] INFO  server.RaftServerConfigKeys (ConfUtils.java:logGet(43)) - raft.server.staging.catchup.gap = 1000 (default)
2019-10-01 06:20:41,126 [9de54f0b-d70e-4752-94be-cce4a2ae2c62@group-341A1F6D08EB-LeaderElection57] INFO  impl.RoleInfo (RoleInfo.java:updateAndGet(143)) - 9de54f0b-d70e-4752-94be-cce4a2ae2c62: start FollowerState
2019-10-01 06:20:41,126 [57378343-3ed6-4039-b787-fde917e7fae3@group-341A1F6D08EB-LeaderElection56] INFO  server.RaftServerConfigKeys (ConfUtils.java:logGet(43)) - raft.server.rpc.sleep.time = 25ms (default)
2019-10-01 06:20:41,126 [57378343-3ed6-4039-b787-fde917e7fae3@group-341A1F6D08EB-LeaderElection56] INFO  server.RaftServerConfigKeys (ConfUtils.java:logGet(43)) - raft.server.write.element-limit = 4096 (default)
2019-10-01 06:20:41,126 [57378343-3ed6-4039-b787-fde917e7fae3@group-341A1F6D08EB-LeaderElection56] INFO  server.RaftServerConfigKeys (ConfUtils.java:logGet(43)) - raft.server.watch.timeout = 10s (default)
2019-10-01 06:20:41,126 [57378343-3ed6-4039-b787-fde917e7fae3@group-341A1F6D08EB-LeaderElection56] INFO  server.RaftServerConfigKeys (ConfUtils.java:logGet(43)) - raft.server.watch.timeout.denomination = 1s (default)
2019-10-01 06:20:41,126 [57378343-3ed6-4039-b787-fde917e7fae3@group-341A1F6D08EB-LeaderElection56] INFO  server.RaftServerConfigKeys (ConfUtils.java:logGet(43)) - raft.server.watch.element-limit = 65536 (default)
2019-10-01 06:20:41,128 [57378343-3ed6-4039-b787-fde917e7fae3@group-341A1F6D08EB-LeaderElection56] INFO  server.RaftServerConfigKeys (ConfUtils.java:logGet(43)) - raft.server.log.appender.snapshot.chunk.size.max = 16MB (=16777216) (default)
2019-10-01 06:20:41,128 [57378343-3ed6-4039-b787-fde917e7fae3@group-341A1F6D08EB-LeaderElection56] INFO  server.RaftServerConfigKeys (ConfUtils.java:logGet(43)) - raft.server.log.appender.buffer.byte-limit = 33554432 (custom)
2019-10-01 06:20:41,128 [57378343-3ed6-4039-b787-fde917e7fae3@group-341A1F6D08EB-LeaderElection56] INFO  server.RaftServerConfigKeys (ConfUtils.java:logGet(43)) - raft.server.log.appender.buffer.element-limit = 1 (custom)
2019-10-01 06:20:41,128 [57378343-3ed6-4039-b787-fde917e7fae3@group-341A1F6D08EB-LeaderElection56] INFO  grpc.GrpcConfigKeys$Server (ConfUtils.java:logGet(43)) - raft.grpc.server.leader.outstanding.appends.max = 128 (default)
2019-10-01 06:20:41,129 [57378343-3ed6-4039-b787-fde917e7fae3@group-341A1F6D08EB-LeaderElection56] INFO  server.RaftServerConfigKeys (ConfUtils.java:logGet(43)) - raft.server.rpc.request.timeout = 3000ms (default)
2019-10-01 06:20:41,129 [57378343-3ed6-4039-b787-fde917e7fae3@group-341A1F6D08EB-LeaderElection56] INFO  server.RaftServerConfigKeys (ConfUtils.java:logGet(43)) - raft.server.log.appender.install.snapshot.enabled = false (custom)
2019-10-01 06:20:41,129 [57378343-3ed6-4039-b787-fde917e7fae3@group-341A1F6D08EB-LeaderElection56] INFO  server.RaftServerConfigKeys (ConfUtils.java:logGet(43)) - raft.server.log.appender.snapshot.chunk.size.max = 16MB (=16777216) (default)
2019-10-01 06:20:41,129 [57378343-3ed6-4039-b787-fde917e7fae3@group-341A1F6D08EB-LeaderElection56] INFO  server.RaftServerConfigKeys (ConfUtils.java:logGet(43)) - raft.server.log.appender.buffer.byte-limit = 33554432 (custom)
2019-10-01 06:20:41,129 [57378343-3ed6-4039-b787-fde917e7fae3@group-341A1F6D08EB-LeaderElection56] INFO  server.RaftServerConfigKeys (ConfUtils.java:logGet(43)) - raft.server.log.appender.buffer.element-limit = 1 (custom)
2019-10-01 06:20:41,129 [57378343-3ed6-4039-b787-fde917e7fae3@group-341A1F6D08EB-LeaderElection56] INFO  grpc.GrpcConfigKeys$Server (ConfUtils.java:logGet(43)) - raft.grpc.server.leader.outstanding.appends.max = 128 (default)
2019-10-01 06:20:41,129 [57378343-3ed6-4039-b787-fde917e7fae3@group-341A1F6D08EB-LeaderElection56] INFO  server.RaftServerConfigKeys (ConfUtils.java:logGet(43)) - raft.server.rpc.request.timeout = 3000ms (default)
2019-10-01 06:20:41,129 [57378343-3ed6-4039-b787-fde917e7fae3@group-341A1F6D08EB-LeaderElection56] INFO  server.RaftServerConfigKeys (ConfUtils.java:logGet(43)) - raft.server.log.appender.install.snapshot.enabled = false (custom)
2019-10-01 06:20:41,130 [57378343-3ed6-4039-b787-fde917e7fae3@group-341A1F6D08EB-LeaderElection56] INFO  impl.RoleInfo (RoleInfo.java:updateAndGet(143)) - 57378343-3ed6-4039-b787-fde917e7fae3: start LeaderState
2019-10-01 06:20:41,130 [57378343-3ed6-4039-b787-fde917e7fae3@group-341A1F6D08EB-LeaderElection56] INFO  segmented.SegmentedRaftLogWorker (SegmentedRaftLogWorker.java:startLogSegment(385)) - 57378343-3ed6-4039-b787-fde917e7fae3@group-341A1F6D08EB-SegmentedRaftLogWorker: Starting segment from index:0
2019-10-01 06:20:41,130 [57378343-3ed6-4039-b787-fde917e7fae3@group-341A1F6D08EB-LeaderElection56] INFO  impl.RaftServerImpl (ServerState.java:setRaftConf(356)) - 57378343-3ed6-4039-b787-fde917e7fae3@group-341A1F6D08EB: set configuration 0: [9de54f0b-d70e-4752-94be-cce4a2ae2c62:192.168.30.6:36854, 86efe969-c6da-4419-ba3d-b5528c33cccc:192.168.30.6:45298, 57378343-3ed6-4039-b787-fde917e7fae3:192.168.30.6:35146], old=null at 0
2019-10-01 06:20:41,132 [grpc-default-executor-6] INFO  impl.RaftServerImpl (ServerState.java:setLeader(255)) - 9de54f0b-d70e-4752-94be-cce4a2ae2c62@group-341A1F6D08EB: change Leader from null to 57378343-3ed6-4039-b787-fde917e7fae3 at term 4 for appendEntries, leader elected after 32995ms
2019-10-01 06:20:41,132 [grpc-default-executor-3] INFO  impl.RaftServerImpl (ServerState.java:setLeader(255)) - 86efe969-c6da-4419-ba3d-b5528c33cccc@group-341A1F6D08EB: change Leader from null to 57378343-3ed6-4039-b787-fde917e7fae3 at term 4 for appendEntries, leader elected after 32996ms
2019-10-01 06:20:41,133 [grpc-default-executor-3] INFO  impl.RaftServerImpl (ServerState.java:setRaftConf(356)) - 9de54f0b-d70e-4752-94be-cce4a2ae2c62@group-341A1F6D08EB: set configuration 0: [9de54f0b-d70e-4752-94be-cce4a2ae2c62:192.168.30.6:36854, 86efe969-c6da-4419-ba3d-b5528c33cccc:192.168.30.6:45298, 57378343-3ed6-4039-b787-fde917e7fae3:192.168.30.6:35146], old=null at 0
2019-10-01 06:20:41,133 [grpc-default-executor-6] INFO  impl.RaftServerImpl (ServerState.java:setRaftConf(356)) - 86efe969-c6da-4419-ba3d-b5528c33cccc@group-341A1F6D08EB: set configuration 0: [9de54f0b-d70e-4752-94be-cce4a2ae2c62:192.168.30.6:36854, 86efe969-c6da-4419-ba3d-b5528c33cccc:192.168.30.6:45298, 57378343-3ed6-4039-b787-fde917e7fae3:192.168.30.6:35146], old=null at 0
2019-10-01 06:20:41,134 [grpc-default-executor-3] INFO  segmented.SegmentedRaftLogWorker (SegmentedRaftLogWorker.java:startLogSegment(385)) - 9de54f0b-d70e-4752-94be-cce4a2ae2c62@group-341A1F6D08EB-SegmentedRaftLogWorker: Starting segment from index:0
2019-10-01 06:20:41,134 [grpc-default-executor-6] INFO  segmented.SegmentedRaftLogWorker (SegmentedRaftLogWorker.java:startLogSegment(385)) - 86efe969-c6da-4419-ba3d-b5528c33cccc@group-341A1F6D08EB-SegmentedRaftLogWorker: Starting segment from index:0
2019-10-01 06:20:41,168 [e84c731b-f6d2-414b-8390-142f304c567a@group-8269D8CF66BB-SegmentedRaftLogWorker] INFO  segmented.SegmentedRaftLogWorker (SegmentedRaftLogWorker.java:execute(574)) - e84c731b-f6d2-414b-8390-142f304c567a@group-8269D8CF66BB-SegmentedRaftLogWorker: created new log segment /workdir/hadoop-ozone/integration-test/target/test-dir/MiniOzoneClusterImpl-ce5315ad-6793-4ee7-a934-7ca72faf8a61/datanode-5/data/ratis/7a813201-677b-4818-81b3-8269d8cf66bb/current/log_inprogress_0
2019-10-01 06:20:41,168 [11f64b2c-99f5-49b2-9b46-7b6752e7b6a9@group-8269D8CF66BB-SegmentedRaftLogWorker] INFO  segmented.SegmentedRaftLogWorker (SegmentedRaftLogWorker.java:execute(574)) - 11f64b2c-99f5-49b2-9b46-7b6752e7b6a9@group-8269D8CF66BB-SegmentedRaftLogWorker: created new log segment /workdir/hadoop-ozone/integration-test/target/test-dir/MiniOzoneClusterImpl-ce5315ad-6793-4ee7-a934-7ca72faf8a61/datanode-3/data/ratis/7a813201-677b-4818-81b3-8269d8cf66bb/current/log_inprogress_0
2019-10-01 06:20:41,227 [86efe969-c6da-4419-ba3d-b5528c33cccc@group-341A1F6D08EB-SegmentedRaftLogWorker] INFO  segmented.SegmentedRaftLogWorker (SegmentedRaftLogWorker.java:execute(574)) - 86efe969-c6da-4419-ba3d-b5528c33cccc@group-341A1F6D08EB-SegmentedRaftLogWorker: created new log segment /workdir/hadoop-ozone/integration-test/target/test-dir/MiniOzoneClusterImpl-ce5315ad-6793-4ee7-a934-7ca72faf8a61/datanode-0/data/ratis/0d1eb5f0-0fd3-4bd6-b664-341a1f6d08eb/current/log_inprogress_0
2019-10-01 06:20:41,227 [9de54f0b-d70e-4752-94be-cce4a2ae2c62@group-341A1F6D08EB-SegmentedRaftLogWorker] INFO  segmented.SegmentedRaftLogWorker (SegmentedRaftLogWorker.java:execute(574)) - 9de54f0b-d70e-4752-94be-cce4a2ae2c62@group-341A1F6D08EB-SegmentedRaftLogWorker: created new log segment /workdir/hadoop-ozone/integration-test/target/test-dir/MiniOzoneClusterImpl-ce5315ad-6793-4ee7-a934-7ca72faf8a61/datanode-1/data/ratis/0d1eb5f0-0fd3-4bd6-b664-341a1f6d08eb/current/log_inprogress_0
2019-10-01 06:20:41,227 [57378343-3ed6-4039-b787-fde917e7fae3@group-341A1F6D08EB-SegmentedRaftLogWorker] INFO  segmented.SegmentedRaftLogWorker (SegmentedRaftLogWorker.java:execute(574)) - 57378343-3ed6-4039-b787-fde917e7fae3@group-341A1F6D08EB-SegmentedRaftLogWorker: created new log segment /workdir/hadoop-ozone/integration-test/target/test-dir/MiniOzoneClusterImpl-ce5315ad-6793-4ee7-a934-7ca72faf8a61/datanode-2/data/ratis/0d1eb5f0-0fd3-4bd6-b664-341a1f6d08eb/current/log_inprogress_0
2019-10-01 06:20:41,980 [main] INFO  ozone.MiniOzoneClusterImpl (MiniOzoneClusterImpl.java:lambda$waitForClusterToBeReady$0(147)) - Waiting for cluster to be ready. Got 0 of 7 DN Heartbeats.
2019-10-01 06:20:42,196 [Datanode State Machine Thread - 0] INFO  ozoneimpl.OzoneContainer (OzoneContainer.java:start(217)) - Attempting to start container services.
2019-10-01 06:20:42,196 [Datanode State Machine Thread - 0] INFO  ozoneimpl.OzoneContainer (OzoneContainer.java:startContainerScrub(179)) - Background container scanner has been disabled.
2019-10-01 06:20:42,196 [Datanode State Machine Thread - 0] INFO  ratis.XceiverServerRatis (XceiverServerRatis.java:start(417)) - Starting XceiverServerRatis 0dfc571b-8a85-45e9-adb3-f42ff3a447fb at port 0
2019-10-01 06:20:42,202 [Datanode State Machine Thread - 0] INFO  impl.RaftServerProxy (RaftServerProxy.java:lambda$start$3(299)) - 0dfc571b-8a85-45e9-adb3-f42ff3a447fb: start RPC server
2019-10-01 06:20:42,203 [Datanode State Machine Thread - 0] INFO  server.GrpcService (GrpcService.java:startImpl(158)) - 0dfc571b-8a85-45e9-adb3-f42ff3a447fb: GrpcService started, listening on 0.0.0.0/0.0.0.0:43200
2019-10-01 06:20:42,203 [Datanode State Machine Thread - 0] INFO  ratis.XceiverServerRatis (XceiverServerRatis.java:start(427)) - XceiverServerRatis 0dfc571b-8a85-45e9-adb3-f42ff3a447fb is started using port 43200
2019-10-01 06:20:42,203 [Datanode State Machine Thread - 0] INFO  server.XceiverServerGrpc (XceiverServerGrpc.java:start(149)) - XceiverServerGrpc 0dfc571b-8a85-45e9-adb3-f42ff3a447fb is started using port 46139
2019-10-01 06:20:42,286 [Datanode State Machine Thread - 0] INFO  ozoneimpl.OzoneContainer (OzoneContainer.java:start(217)) - Attempting to start container services.
2019-10-01 06:20:42,288 [Datanode State Machine Thread - 0] INFO  ozoneimpl.OzoneContainer (OzoneContainer.java:startContainerScrub(179)) - Background container scanner has been disabled.
2019-10-01 06:20:42,288 [Datanode State Machine Thread - 0] INFO  ratis.XceiverServerRatis (XceiverServerRatis.java:start(417)) - Starting XceiverServerRatis 33dfb9e4-5af7-48c0-aed2-49a098141a6c at port 0
2019-10-01 06:20:42,293 [Datanode State Machine Thread - 0] INFO  impl.RaftServerProxy (RaftServerProxy.java:lambda$start$3(299)) - 33dfb9e4-5af7-48c0-aed2-49a098141a6c: start RPC server
2019-10-01 06:20:42,294 [Datanode State Machine Thread - 0] INFO  server.GrpcService (GrpcService.java:startImpl(158)) - 33dfb9e4-5af7-48c0-aed2-49a098141a6c: GrpcService started, listening on 0.0.0.0/0.0.0.0:41425
2019-10-01 06:20:42,294 [Datanode State Machine Thread - 0] INFO  ratis.XceiverServerRatis (XceiverServerRatis.java:start(427)) - XceiverServerRatis 33dfb9e4-5af7-48c0-aed2-49a098141a6c is started using port 41425
2019-10-01 06:20:42,295 [Datanode State Machine Thread - 0] INFO  server.XceiverServerGrpc (XceiverServerGrpc.java:start(149)) - XceiverServerGrpc 33dfb9e4-5af7-48c0-aed2-49a098141a6c is started using port 44105
2019-10-01 06:20:42,390 [Datanode State Machine Thread - 0] INFO  ozoneimpl.OzoneContainer (OzoneContainer.java:start(217)) - Attempting to start container services.
2019-10-01 06:20:42,390 [Datanode State Machine Thread - 0] INFO  ozoneimpl.OzoneContainer (OzoneContainer.java:startContainerScrub(179)) - Background container scanner has been disabled.
2019-10-01 06:20:42,391 [Datanode State Machine Thread - 0] INFO  ratis.XceiverServerRatis (XceiverServerRatis.java:start(417)) - Starting XceiverServerRatis 16456ff1-4706-4be0-9304-666051378146 at port 0
2019-10-01 06:20:42,397 [Datanode State Machine Thread - 0] INFO  impl.RaftServerProxy (RaftServerProxy.java:lambda$start$3(299)) - 16456ff1-4706-4be0-9304-666051378146: start RPC server
2019-10-01 06:20:42,398 [Datanode State Machine Thread - 0] INFO  server.GrpcService (GrpcService.java:startImpl(158)) - 16456ff1-4706-4be0-9304-666051378146: GrpcService started, listening on 0.0.0.0/0.0.0.0:38167
2019-10-01 06:20:42,398 [Datanode State Machine Thread - 0] INFO  ratis.XceiverServerRatis (XceiverServerRatis.java:start(427)) - XceiverServerRatis 16456ff1-4706-4be0-9304-666051378146 is started using port 38167
2019-10-01 06:20:42,403 [Datanode State Machine Thread - 0] INFO  server.XceiverServerGrpc (XceiverServerGrpc.java:start(149)) - XceiverServerGrpc 16456ff1-4706-4be0-9304-666051378146 is started using port 41964
2019-10-01 06:20:42,470 [Datanode State Machine Thread - 0] INFO  ozoneimpl.OzoneContainer (OzoneContainer.java:start(217)) - Attempting to start container services.
2019-10-01 06:20:42,470 [Datanode State Machine Thread - 0] INFO  ozoneimpl.OzoneContainer (OzoneContainer.java:startContainerScrub(179)) - Background container scanner has been disabled.
2019-10-01 06:20:42,470 [Datanode State Machine Thread - 0] INFO  ratis.XceiverServerRatis (XceiverServerRatis.java:start(417)) - Starting XceiverServerRatis 12b52986-f812-4a0e-b5ca-19605aac5ce5 at port 0
2019-10-01 06:20:42,476 [Datanode State Machine Thread - 0] INFO  impl.RaftServerProxy (RaftServerProxy.java:lambda$start$3(299)) - 12b52986-f812-4a0e-b5ca-19605aac5ce5: start RPC server
2019-10-01 06:20:42,477 [Datanode State Machine Thread - 0] INFO  server.GrpcService (GrpcService.java:startImpl(158)) - 12b52986-f812-4a0e-b5ca-19605aac5ce5: GrpcService started, listening on 0.0.0.0/0.0.0.0:35515
2019-10-01 06:20:42,477 [Datanode State Machine Thread - 0] INFO  ratis.XceiverServerRatis (XceiverServerRatis.java:start(427)) - XceiverServerRatis 12b52986-f812-4a0e-b5ca-19605aac5ce5 is started using port 35515
2019-10-01 06:20:42,481 [Datanode State Machine Thread - 0] INFO  server.XceiverServerGrpc (XceiverServerGrpc.java:start(149)) - XceiverServerGrpc 12b52986-f812-4a0e-b5ca-19605aac5ce5 is started using port 36077
2019-10-01 06:20:42,564 [Datanode State Machine Thread - 0] INFO  ozoneimpl.OzoneContainer (OzoneContainer.java:start(217)) - Attempting to start container services.
2019-10-01 06:20:42,564 [Datanode State Machine Thread - 0] INFO  ozoneimpl.OzoneContainer (OzoneContainer.java:startContainerScrub(179)) - Background container scanner has been disabled.
2019-10-01 06:20:42,564 [Datanode State Machine Thread - 0] INFO  ratis.XceiverServerRatis (XceiverServerRatis.java:start(417)) - Starting XceiverServerRatis b13a3cc5-7860-43cb-88ea-b527511dabf1 at port 0
2019-10-01 06:20:42,569 [Datanode State Machine Thread - 0] INFO  impl.RaftServerProxy (RaftServerProxy.java:lambda$start$3(299)) - b13a3cc5-7860-43cb-88ea-b527511dabf1: start RPC server
2019-10-01 06:20:42,574 [Datanode State Machine Thread - 0] INFO  server.GrpcService (GrpcService.java:startImpl(158)) - b13a3cc5-7860-43cb-88ea-b527511dabf1: GrpcService started, listening on 0.0.0.0/0.0.0.0:44781
2019-10-01 06:20:42,575 [Datanode State Machine Thread - 0] INFO  ratis.XceiverServerRatis (XceiverServerRatis.java:start(427)) - XceiverServerRatis b13a3cc5-7860-43cb-88ea-b527511dabf1 is started using port 44781
2019-10-01 06:20:42,575 [Datanode State Machine Thread - 0] INFO  server.XceiverServerGrpc (XceiverServerGrpc.java:start(149)) - XceiverServerGrpc b13a3cc5-7860-43cb-88ea-b527511dabf1 is started using port 44026
2019-10-01 06:20:42,647 [Datanode State Machine Thread - 0] INFO  ozoneimpl.OzoneContainer (OzoneContainer.java:start(217)) - Attempting to start container services.
2019-10-01 06:20:42,647 [Datanode State Machine Thread - 0] INFO  ozoneimpl.OzoneContainer (OzoneContainer.java:startContainerScrub(179)) - Background container scanner has been disabled.
2019-10-01 06:20:42,648 [Datanode State Machine Thread - 0] INFO  ratis.XceiverServerRatis (XceiverServerRatis.java:start(417)) - Starting XceiverServerRatis bc1318ca-f5f6-4141-bad7-95947e4e64a4 at port 0
2019-10-01 06:20:42,652 [Datanode State Machine Thread - 0] INFO  impl.RaftServerProxy (RaftServerProxy.java:lambda$start$3(299)) - bc1318ca-f5f6-4141-bad7-95947e4e64a4: start RPC server
2019-10-01 06:20:42,653 [Datanode State Machine Thread - 0] INFO  server.GrpcService (GrpcService.java:startImpl(158)) - bc1318ca-f5f6-4141-bad7-95947e4e64a4: GrpcService started, listening on 0.0.0.0/0.0.0.0:36815
2019-10-01 06:20:42,653 [Datanode State Machine Thread - 0] INFO  ratis.XceiverServerRatis (XceiverServerRatis.java:start(427)) - XceiverServerRatis bc1318ca-f5f6-4141-bad7-95947e4e64a4 is started using port 36815
2019-10-01 06:20:42,659 [Datanode State Machine Thread - 0] INFO  server.XceiverServerGrpc (XceiverServerGrpc.java:start(149)) - XceiverServerGrpc bc1318ca-f5f6-4141-bad7-95947e4e64a4 is started using port 46519
2019-10-01 06:20:42,981 [main] INFO  ozone.MiniOzoneClusterImpl (MiniOzoneClusterImpl.java:lambda$waitForClusterToBeReady$0(147)) - Waiting for cluster to be ready. Got 0 of 7 DN Heartbeats.
2019-10-01 06:20:43,016 [Datanode State Machine Thread - 0] INFO  ozoneimpl.OzoneContainer (OzoneContainer.java:start(217)) - Attempting to start container services.
2019-10-01 06:20:43,016 [Datanode State Machine Thread - 0] INFO  ozoneimpl.OzoneContainer (OzoneContainer.java:startContainerScrub(179)) - Background container scanner has been disabled.
2019-10-01 06:20:43,017 [Datanode State Machine Thread - 0] INFO  ratis.XceiverServerRatis (XceiverServerRatis.java:start(417)) - Starting XceiverServerRatis 25f8cd60-600d-4c27-9835-e918e1f0a30b at port 0
2019-10-01 06:20:43,022 [Datanode State Machine Thread - 0] INFO  impl.RaftServerProxy (RaftServerProxy.java:lambda$start$3(299)) - 25f8cd60-600d-4c27-9835-e918e1f0a30b: start RPC server
2019-10-01 06:20:43,023 [Datanode State Machine Thread - 0] INFO  server.GrpcService (GrpcService.java:startImpl(158)) - 25f8cd60-600d-4c27-9835-e918e1f0a30b: GrpcService started, listening on 0.0.0.0/0.0.0.0:33755
2019-10-01 06:20:43,023 [Datanode State Machine Thread - 0] INFO  ratis.XceiverServerRatis (XceiverServerRatis.java:start(427)) - XceiverServerRatis 25f8cd60-600d-4c27-9835-e918e1f0a30b is started using port 33755
2019-10-01 06:20:43,028 [Datanode State Machine Thread - 0] INFO  server.XceiverServerGrpc (XceiverServerGrpc.java:start(149)) - XceiverServerGrpc 25f8cd60-600d-4c27-9835-e918e1f0a30b is started using port 41351
2019-10-01 06:20:43,981 [main] INFO  ozone.MiniOzoneClusterImpl (MiniOzoneClusterImpl.java:lambda$waitForClusterToBeReady$0(147)) - Waiting for cluster to be ready. Got 0 of 7 DN Heartbeats.
2019-10-01 06:20:44,163 [IPC Server handler 0 on 36819] INFO  net.NetworkTopology (NetworkTopologyImpl.java:add(111)) - Added a new node: /default-rack/0dfc571b-8a85-45e9-adb3-f42ff3a447fb
2019-10-01 06:20:44,167 [IPC Server handler 0 on 36819] INFO  node.SCMNodeManager (SCMNodeManager.java:register(266)) - Registered Data node : 0dfc571b-8a85-45e9-adb3-f42ff3a447fb{ip: 192.168.30.6, host: trunk-nightly-20191001-qpwks-271313263, networkLocation: /default-rack, certSerialId: null}
2019-10-01 06:20:44,168 [EventQueue-NodeRegistrationContainerReportForDataNodeSafeModeRule] INFO  safemode.SCMSafeModeManager (DataNodeSafeModeRule.java:process(71)) - SCM in safe mode. 1 DataNodes registered, 1 required.
2019-10-01 06:20:44,172 [EventQueue-NodeRegistrationContainerReportForContainerSafeModeRule] INFO  safemode.SCMSafeModeManager (SCMSafeModeManager.java:validateSafeModeExitRules(177)) - ScmSafeModeManager, all rules are successfully validated
2019-10-01 06:20:44,172 [EventQueue-NodeRegistrationContainerReportForContainerSafeModeRule] INFO  safemode.SCMSafeModeManager (SCMSafeModeManager.java:exitSafeMode(193)) - SCM exiting safe mode.
2019-10-01 06:20:44,183 [grpc-default-executor-3] INFO  impl.RaftServerProxy (RaftServerProxy.java:addNew(89)) - 0dfc571b-8a85-45e9-adb3-f42ff3a447fb: addNew group-2102BF9A21D2:[0dfc571b-8a85-45e9-adb3-f42ff3a447fb:192.168.30.6:43200] returns group-2102BF9A21D2:java.util.concurrent.CompletableFuture@677fdfbe[Not completed]
2019-10-01 06:20:44,184 [pool-207-thread-1] INFO  impl.RaftServerImpl (RaftServerImpl.java:<init>(95)) - 0dfc571b-8a85-45e9-adb3-f42ff3a447fb: new RaftServerImpl for group-2102BF9A21D2:[0dfc571b-8a85-45e9-adb3-f42ff3a447fb:192.168.30.6:43200] with ContainerStateMachine:uninitialized
2019-10-01 06:20:44,184 [pool-207-thread-1] INFO  server.RaftServerConfigKeys (ConfUtils.java:logGet(43)) - raft.server.rpc.timeout.min = 5s (custom)
2019-10-01 06:20:44,185 [pool-207-thread-1] INFO  server.RaftServerConfigKeys (ConfUtils.java:logGet(43)) - raft.server.rpc.timeout.max = 5200ms (custom)
2019-10-01 06:20:44,185 [pool-207-thread-1] INFO  server.RaftServerConfigKeys (ConfUtils.java:logGet(43)) - raft.server.rpcslowness.timeout = 120s (custom)
2019-10-01 06:20:44,185 [pool-207-thread-1] INFO  server.RaftServerConfigKeys (ConfUtils.java:logGet(43)) - raft.server.sleep.deviation.threshold = 300 (default)
2019-10-01 06:20:44,185 [pool-207-thread-1] INFO  server.RaftServerConfigKeys (ConfUtils.java:logGet(43)) - raft.server.log.appender.install.snapshot.enabled = false (custom)
2019-10-01 06:20:44,185 [pool-207-thread-1] INFO  impl.RaftServerImpl (ServerState.java:<init>(103)) - 0dfc571b-8a85-45e9-adb3-f42ff3a447fb@group-2102BF9A21D2: ConfigurationManager, init=-1: [0dfc571b-8a85-45e9-adb3-f42ff3a447fb:192.168.30.6:43200], old=null, confs=<EMPTY_MAP>
2019-10-01 06:20:44,185 [pool-207-thread-1] INFO  server.RaftServerConfigKeys (ConfUtils.java:logGet(43)) - raft.server.storage.dir = [/workdir/hadoop-ozone/integration-test/target/test-dir/MiniOzoneClusterImpl-9628f6ce-4133-4238-8eb2-672141be2bf9/datanode-0/data/ratis] (custom)
2019-10-01 06:20:44,186 [pool-207-thread-1] INFO  server.RaftServerConfigKeys (ConfUtils.java:logGet(43)) - raft.server.log.corruption.policy = EXCEPTION (default)
2019-10-01 06:20:44,186 [pool-207-thread-1] INFO  storage.RaftStorageDirectory (RaftStorageDirectory.java:analyzeStorage(246)) - The storage directory /workdir/hadoop-ozone/integration-test/target/test-dir/MiniOzoneClusterImpl-9628f6ce-4133-4238-8eb2-672141be2bf9/datanode-0/data/ratis/d46362bc-6f75-47de-8b68-2102bf9a21d2 does not exist. Creating ...
2019-10-01 06:20:44,258 [IPC Server handler 2 on 36819] INFO  net.NetworkTopology (NetworkTopologyImpl.java:add(111)) - Added a new node: /default-rack/33dfb9e4-5af7-48c0-aed2-49a098141a6c
2019-10-01 06:20:44,259 [IPC Server handler 2 on 36819] INFO  node.SCMNodeManager (SCMNodeManager.java:register(266)) - Registered Data node : 33dfb9e4-5af7-48c0-aed2-49a098141a6c{ip: 192.168.30.6, host: trunk-nightly-20191001-qpwks-271313263, networkLocation: /default-rack, certSerialId: null}
2019-10-01 06:20:44,348 [IPC Server handler 3 on 36819] INFO  net.NetworkTopology (NetworkTopologyImpl.java:add(111)) - Added a new node: /default-rack/16456ff1-4706-4be0-9304-666051378146
2019-10-01 06:20:44,348 [IPC Server handler 3 on 36819] INFO  node.SCMNodeManager (SCMNodeManager.java:register(266)) - Registered Data node : 16456ff1-4706-4be0-9304-666051378146{ip: 192.168.30.6, host: trunk-nightly-20191001-qpwks-271313263, networkLocation: /default-rack, certSerialId: null}
2019-10-01 06:20:44,441 [IPC Server handler 4 on 36819] INFO  net.NetworkTopology (NetworkTopologyImpl.java:add(111)) - Added a new node: /default-rack/12b52986-f812-4a0e-b5ca-19605aac5ce5
2019-10-01 06:20:44,441 [IPC Server handler 4 on 36819] INFO  node.SCMNodeManager (SCMNodeManager.java:register(266)) - Registered Data node : 12b52986-f812-4a0e-b5ca-19605aac5ce5{ip: 192.168.30.6, host: trunk-nightly-20191001-qpwks-271313263, networkLocation: /default-rack, certSerialId: null}
2019-10-01 06:20:44,540 [IPC Server handler 6 on 36819] INFO  net.NetworkTopology (NetworkTopologyImpl.java:add(111)) - Added a new node: /default-rack/b13a3cc5-7860-43cb-88ea-b527511dabf1
2019-10-01 06:20:44,541 [IPC Server handler 6 on 36819] INFO  node.SCMNodeManager (SCMNodeManager.java:register(266)) - Registered Data node : b13a3cc5-7860-43cb-88ea-b527511dabf1{ip: 192.168.30.6, host: trunk-nightly-20191001-qpwks-271313263, networkLocation: /default-rack, certSerialId: null}
2019-10-01 06:20:44,623 [IPC Server handler 1 on 36819] INFO  net.NetworkTopology (NetworkTopologyImpl.java:add(111)) - Added a new node: /default-rack/bc1318ca-f5f6-4141-bad7-95947e4e64a4
2019-10-01 06:20:44,624 [IPC Server handler 1 on 36819] INFO  node.SCMNodeManager (SCMNodeManager.java:register(266)) - Registered Data node : bc1318ca-f5f6-4141-bad7-95947e4e64a4{ip: 192.168.30.6, host: trunk-nightly-20191001-qpwks-271313263, networkLocation: /default-rack, certSerialId: null}
2019-10-01 06:20:44,981 [main] INFO  ozone.MiniOzoneClusterImpl (MiniOzoneClusterImpl.java:lambda$waitForClusterToBeReady$0(147)) - Waiting for cluster to be ready. Got 6 of 7 DN Heartbeats.
2019-10-01 06:20:44,982 [IPC Server handler 7 on 36819] INFO  net.NetworkTopology (NetworkTopologyImpl.java:add(111)) - Added a new node: /default-rack/25f8cd60-600d-4c27-9835-e918e1f0a30b
2019-10-01 06:20:44,982 [IPC Server handler 7 on 36819] INFO  node.SCMNodeManager (SCMNodeManager.java:register(266)) - Registered Data node : 25f8cd60-600d-4c27-9835-e918e1f0a30b{ip: 192.168.30.6, host: trunk-nightly-20191001-qpwks-271313263, networkLocation: /default-rack, certSerialId: null}
2019-10-01 06:20:45,982 [main] INFO  ozone.MiniOzoneClusterImpl (MiniOzoneClusterImpl.java:lambda$waitForClusterToBeReady$0(147)) - Cluster is ready. Got 7 of 7 DN Heartbeats.
2019-10-01 06:20:46,038 [main] INFO  rpc.RpcClient (RpcClient.java:createVolume(276)) - Creating Volume: watchforcommithandlingtest, with jenkins1000 as owner.
2019-10-01 06:20:46,042 [IPC Server handler 2 on 35852] INFO  volume.OMVolumeCreateRequest (OMVolumeCreateRequest.java:validateAndUpdateCache(194)) - created volume:watchforcommithandlingtest for user:jenkins1000
2019-10-01 06:20:47,174 [Thread-1397] INFO  container.ReplicationManager (ReplicationManager.java:start(162)) - Starting Replication Monitor Thread.
2019-10-01 06:20:47,178 [ReplicationMonitor] INFO  container.ReplicationManager (ReplicationManager.java:run(225)) - Replication Monitor Thread took 0 milliseconds for processing 0 containers.
2019-10-01 06:20:47,181 [RATISCREATEPIPELINE1] ERROR pipeline.RatisPipelineProvider (RatisPipelineProvider.java:lambda$null$5(235)) - Failed invoke Ratis rpc org.apache.hadoop.hdds.scm.pipeline.RatisPipelineProvider$$Lambda$180/1098712433@76224971 for 0dfc571b-8a85-45e9-adb3-f42ff3a447fb
org.apache.ratis.protocol.TimeoutIOException: deadline exceeded after 2999728169ns
	at org.apache.ratis.grpc.GrpcUtil.tryUnwrapException(GrpcUtil.java:82)
	at org.apache.ratis.grpc.GrpcUtil.unwrapException(GrpcUtil.java:75)
	at org.apache.ratis.grpc.client.GrpcClientProtocolClient.blockingCall(GrpcClientProtocolClient.java:184)
	at org.apache.ratis.grpc.client.GrpcClientProtocolClient.groupAdd(GrpcClientProtocolClient.java:153)
	at org.apache.ratis.grpc.client.GrpcClientRpc.sendRequest(GrpcClientRpc.java:94)
	at org.apache.ratis.client.impl.RaftClientImpl.sendRequest(RaftClientImpl.java:278)
	at org.apache.ratis.client.impl.RaftClientImpl.groupAdd(RaftClientImpl.java:205)
	at org.apache.hadoop.hdds.scm.pipeline.RatisPipelineProvider.lambda$initializePipeline$4(RatisPipelineProvider.java:196)
	at org.apache.hadoop.hdds.scm.pipeline.RatisPipelineProvider.lambda$null$5(RatisPipelineProvider.java:231)
	at java.util.stream.ForEachOps$ForEachOp$OfRef.accept(ForEachOps.java:184)
	at java.util.ArrayList$ArrayListSpliterator.forEachRemaining(ArrayList.java:1382)
	at java.util.stream.AbstractPipeline.copyInto(AbstractPipeline.java:482)
	at java.util.stream.ForEachOps$ForEachTask.compute(ForEachOps.java:291)
	at java.util.concurrent.CountedCompleter.exec(CountedCompleter.java:731)
	at java.util.concurrent.ForkJoinTask.doExec(ForkJoinTask.java:289)
	at java.util.concurrent.ForkJoinTask.doInvoke(ForkJoinTask.java:401)
	at java.util.concurrent.ForkJoinTask.invoke(ForkJoinTask.java:734)
	at java.util.stream.ForEachOps$ForEachOp.evaluateParallel(ForEachOps.java:160)
	at java.util.stream.ForEachOps$ForEachOp$OfRef.evaluateParallel(ForEachOps.java:174)
	at java.util.stream.AbstractPipeline.evaluate(AbstractPipeline.java:233)
	at java.util.stream.ReferencePipeline.forEach(ReferencePipeline.java:418)
	at java.util.stream.ReferencePipeline$Head.forEach(ReferencePipeline.java:583)
	at org.apache.hadoop.hdds.scm.pipeline.RatisPipelineProvider.lambda$callRatisRpc$6(RatisPipelineProvider.java:225)
	at java.util.concurrent.ForkJoinTask$AdaptedRunnableAction.exec(ForkJoinTask.java:1386)
	at java.util.concurrent.ForkJoinTask.doExec(ForkJoinTask.java:289)
	at java.util.concurrent.ForkJoinPool$WorkQueue.runTask(ForkJoinPool.java:1056)
	at java.util.concurrent.ForkJoinPool.runWorker(ForkJoinPool.java:1692)
	at java.util.concurrent.ForkJoinWorkerThread.run(ForkJoinWorkerThread.java:157)
Caused by: org.apache.ratis.thirdparty.io.grpc.StatusRuntimeException: DEADLINE_EXCEEDED: deadline exceeded after 2999728169ns
	at org.apache.ratis.thirdparty.io.grpc.stub.ClientCalls.toStatusRuntimeException(ClientCalls.java:233)
	at org.apache.ratis.thirdparty.io.grpc.stub.ClientCalls.getUnchecked(ClientCalls.java:214)
	at org.apache.ratis.thirdparty.io.grpc.stub.ClientCalls.blockingUnaryCall(ClientCalls.java:139)
	at org.apache.ratis.proto.grpc.AdminProtocolServiceGrpc$AdminProtocolServiceBlockingStub.groupManagement(AdminProtocolServiceGrpc.java:274)
	at org.apache.ratis.grpc.client.GrpcClientProtocolClient.lambda$groupAdd$3(GrpcClientProtocolClient.java:155)
	at org.apache.ratis.grpc.client.GrpcClientProtocolClient.blockingCall(GrpcClientProtocolClient.java:182)
	... 25 more
2019-10-01 06:20:47,225 [main] INFO  rpc.RpcClient (RpcClient.java:createBucket(415)) - Creating Bucket: watchforcommithandlingtest/watchforcommithandlingtest, with Versioning false and Storage Type set to DISK and Encryption set to false 
2019-10-01 06:20:47,227 [grpc-default-executor-3] INFO  impl.RaftServerProxy (RaftServerProxy.java:addNew(89)) - 33dfb9e4-5af7-48c0-aed2-49a098141a6c: addNew group-3AEA3A3A61FF:[25f8cd60-600d-4c27-9835-e918e1f0a30b:192.168.30.6:33755, b13a3cc5-7860-43cb-88ea-b527511dabf1:192.168.30.6:44781, 33dfb9e4-5af7-48c0-aed2-49a098141a6c:192.168.30.6:41425] returns group-3AEA3A3A61FF:java.util.concurrent.CompletableFuture@4c492744[Not completed]
2019-10-01 06:20:47,231 [grpc-default-executor-3] INFO  impl.RaftServerProxy (RaftServerProxy.java:addNew(89)) - 25f8cd60-600d-4c27-9835-e918e1f0a30b: addNew group-3AEA3A3A61FF:[25f8cd60-600d-4c27-9835-e918e1f0a30b:192.168.30.6:33755, b13a3cc5-7860-43cb-88ea-b527511dabf1:192.168.30.6:44781, 33dfb9e4-5af7-48c0-aed2-49a098141a6c:192.168.30.6:41425] returns group-3AEA3A3A61FF:java.util.concurrent.CompletableFuture@530e2043[Not completed]
2019-10-01 06:20:47,236 [grpc-default-executor-5] INFO  impl.RaftServerProxy (RaftServerProxy.java:addNew(89)) - b13a3cc5-7860-43cb-88ea-b527511dabf1: addNew group-3AEA3A3A61FF:[25f8cd60-600d-4c27-9835-e918e1f0a30b:192.168.30.6:33755, b13a3cc5-7860-43cb-88ea-b527511dabf1:192.168.30.6:44781, 33dfb9e4-5af7-48c0-aed2-49a098141a6c:192.168.30.6:41425] returns group-3AEA3A3A61FF:java.util.concurrent.CompletableFuture@196d0043[Not completed]
2019-10-01 06:20:47,236 [pool-217-thread-1] INFO  impl.RaftServerImpl (RaftServerImpl.java:<init>(95)) - 33dfb9e4-5af7-48c0-aed2-49a098141a6c: new RaftServerImpl for group-3AEA3A3A61FF:[25f8cd60-600d-4c27-9835-e918e1f0a30b:192.168.30.6:33755, b13a3cc5-7860-43cb-88ea-b527511dabf1:192.168.30.6:44781, 33dfb9e4-5af7-48c0-aed2-49a098141a6c:192.168.30.6:41425] with ContainerStateMachine:uninitialized
2019-10-01 06:20:47,236 [pool-217-thread-1] INFO  server.RaftServerConfigKeys (ConfUtils.java:logGet(43)) - raft.server.rpc.timeout.min = 5s (custom)
2019-10-01 06:20:47,237 [pool-217-thread-1] INFO  server.RaftServerConfigKeys (ConfUtils.java:logGet(43)) - raft.server.rpc.timeout.max = 5200ms (custom)
2019-10-01 06:20:47,237 [pool-217-thread-1] INFO  server.RaftServerConfigKeys (ConfUtils.java:logGet(43)) - raft.server.rpcslowness.timeout = 120s (custom)
2019-10-01 06:20:47,237 [pool-217-thread-1] INFO  server.RaftServerConfigKeys (ConfUtils.java:logGet(43)) - raft.server.sleep.deviation.threshold = 300 (default)
2019-10-01 06:20:47,237 [pool-267-thread-1] INFO  impl.RaftServerImpl (RaftServerImpl.java:<init>(95)) - 25f8cd60-600d-4c27-9835-e918e1f0a30b: new RaftServerImpl for group-3AEA3A3A61FF:[25f8cd60-600d-4c27-9835-e918e1f0a30b:192.168.30.6:33755, b13a3cc5-7860-43cb-88ea-b527511dabf1:192.168.30.6:44781, 33dfb9e4-5af7-48c0-aed2-49a098141a6c:192.168.30.6:41425] with ContainerStateMachine:uninitialized
2019-10-01 06:20:47,237 [pool-217-thread-1] INFO  server.RaftServerConfigKeys (ConfUtils.java:logGet(43)) - raft.server.log.appender.install.snapshot.enabled = false (custom)
2019-10-01 06:20:47,237 [pool-267-thread-1] INFO  server.RaftServerConfigKeys (ConfUtils.java:logGet(43)) - raft.server.rpc.timeout.min = 5s (custom)
2019-10-01 06:20:47,237 [pool-217-thread-1] INFO  impl.RaftServerImpl (ServerState.java:<init>(103)) - 33dfb9e4-5af7-48c0-aed2-49a098141a6c@group-3AEA3A3A61FF: ConfigurationManager, init=-1: [25f8cd60-600d-4c27-9835-e918e1f0a30b:192.168.30.6:33755, b13a3cc5-7860-43cb-88ea-b527511dabf1:192.168.30.6:44781, 33dfb9e4-5af7-48c0-aed2-49a098141a6c:192.168.30.6:41425], old=null, confs=<EMPTY_MAP>
2019-10-01 06:20:47,237 [pool-267-thread-1] INFO  server.RaftServerConfigKeys (ConfUtils.java:logGet(43)) - raft.server.rpc.timeout.max = 5200ms (custom)
2019-10-01 06:20:47,237 [pool-247-thread-1] INFO  impl.RaftServerImpl (RaftServerImpl.java:<init>(95)) - b13a3cc5-7860-43cb-88ea-b527511dabf1: new RaftServerImpl for group-3AEA3A3A61FF:[25f8cd60-600d-4c27-9835-e918e1f0a30b:192.168.30.6:33755, b13a3cc5-7860-43cb-88ea-b527511dabf1:192.168.30.6:44781, 33dfb9e4-5af7-48c0-aed2-49a098141a6c:192.168.30.6:41425] with ContainerStateMachine:uninitialized
2019-10-01 06:20:47,238 [pool-267-thread-1] INFO  server.RaftServerConfigKeys (ConfUtils.java:logGet(43)) - raft.server.rpcslowness.timeout = 120s (custom)
2019-10-01 06:20:47,238 [pool-217-thread-1] INFO  server.RaftServerConfigKeys (ConfUtils.java:logGet(43)) - raft.server.storage.dir = [/workdir/hadoop-ozone/integration-test/target/test-dir/MiniOzoneClusterImpl-9628f6ce-4133-4238-8eb2-672141be2bf9/datanode-1/data/ratis] (custom)
2019-10-01 06:20:47,238 [pool-267-thread-1] INFO  server.RaftServerConfigKeys (ConfUtils.java:logGet(43)) - raft.server.sleep.deviation.threshold = 300 (default)
2019-10-01 06:20:47,238 [pool-247-thread-1] INFO  server.RaftServerConfigKeys (ConfUtils.java:logGet(43)) - raft.server.rpc.timeout.min = 5s (custom)
2019-10-01 06:20:47,238 [pool-267-thread-1] INFO  server.RaftServerConfigKeys (ConfUtils.java:logGet(43)) - raft.server.log.appender.install.snapshot.enabled = false (custom)
2019-10-01 06:20:47,238 [pool-217-thread-1] INFO  server.RaftServerConfigKeys (ConfUtils.java:logGet(43)) - raft.server.log.corruption.policy = EXCEPTION (default)
2019-10-01 06:20:47,239 [pool-267-thread-1] INFO  impl.RaftServerImpl (ServerState.java:<init>(103)) - 25f8cd60-600d-4c27-9835-e918e1f0a30b@group-3AEA3A3A61FF: ConfigurationManager, init=-1: [25f8cd60-600d-4c27-9835-e918e1f0a30b:192.168.30.6:33755, b13a3cc5-7860-43cb-88ea-b527511dabf1:192.168.30.6:44781, 33dfb9e4-5af7-48c0-aed2-49a098141a6c:192.168.30.6:41425], old=null, confs=<EMPTY_MAP>
2019-10-01 06:20:47,239 [pool-217-thread-1] INFO  storage.RaftStorageDirectory (RaftStorageDirectory.java:analyzeStorage(246)) - The storage directory /workdir/hadoop-ozone/integration-test/target/test-dir/MiniOzoneClusterImpl-9628f6ce-4133-4238-8eb2-672141be2bf9/datanode-1/data/ratis/fed2a675-0c8a-4eed-922b-3aea3a3a61ff does not exist. Creating ...
2019-10-01 06:20:47,238 [pool-247-thread-1] INFO  server.RaftServerConfigKeys (ConfUtils.java:logGet(43)) - raft.server.rpc.timeout.max = 5200ms (custom)
2019-10-01 06:20:47,239 [pool-267-thread-1] INFO  server.RaftServerConfigKeys (ConfUtils.java:logGet(43)) - raft.server.storage.dir = [/workdir/hadoop-ozone/integration-test/target/test-dir/MiniOzoneClusterImpl-9628f6ce-4133-4238-8eb2-672141be2bf9/datanode-6/data/ratis] (custom)
2019-10-01 06:20:47,239 [pool-247-thread-1] INFO  server.RaftServerConfigKeys (ConfUtils.java:logGet(43)) - raft.server.rpcslowness.timeout = 120s (custom)
2019-10-01 06:20:47,239 [pool-247-thread-1] INFO  server.RaftServerConfigKeys (ConfUtils.java:logGet(43)) - raft.server.sleep.deviation.threshold = 300 (default)
2019-10-01 06:20:47,239 [pool-267-thread-1] INFO  server.RaftServerConfigKeys (ConfUtils.java:logGet(43)) - raft.server.log.corruption.policy = EXCEPTION (default)
2019-10-01 06:20:47,239 [pool-247-thread-1] INFO  server.RaftServerConfigKeys (ConfUtils.java:logGet(43)) - raft.server.log.appender.install.snapshot.enabled = false (custom)
2019-10-01 06:20:47,240 [pool-267-thread-1] INFO  storage.RaftStorageDirectory (RaftStorageDirectory.java:analyzeStorage(246)) - The storage directory /workdir/hadoop-ozone/integration-test/target/test-dir/MiniOzoneClusterImpl-9628f6ce-4133-4238-8eb2-672141be2bf9/datanode-6/data/ratis/fed2a675-0c8a-4eed-922b-3aea3a3a61ff does not exist. Creating ...
2019-10-01 06:20:47,240 [pool-247-thread-1] INFO  impl.RaftServerImpl (ServerState.java:<init>(103)) - b13a3cc5-7860-43cb-88ea-b527511dabf1@group-3AEA3A3A61FF: ConfigurationManager, init=-1: [25f8cd60-600d-4c27-9835-e918e1f0a30b:192.168.30.6:33755, b13a3cc5-7860-43cb-88ea-b527511dabf1:192.168.30.6:44781, 33dfb9e4-5af7-48c0-aed2-49a098141a6c:192.168.30.6:41425], old=null, confs=<EMPTY_MAP>
2019-10-01 06:20:47,240 [pool-247-thread-1] INFO  server.RaftServerConfigKeys (ConfUtils.java:logGet(43)) - raft.server.storage.dir = [/workdir/hadoop-ozone/integration-test/target/test-dir/MiniOzoneClusterImpl-9628f6ce-4133-4238-8eb2-672141be2bf9/datanode-4/data/ratis] (custom)
2019-10-01 06:20:47,240 [pool-247-thread-1] INFO  server.RaftServerConfigKeys (ConfUtils.java:logGet(43)) - raft.server.log.corruption.policy = EXCEPTION (default)
2019-10-01 06:20:47,240 [pool-247-thread-1] INFO  storage.RaftStorageDirectory (RaftStorageDirectory.java:analyzeStorage(246)) - The storage directory /workdir/hadoop-ozone/integration-test/target/test-dir/MiniOzoneClusterImpl-9628f6ce-4133-4238-8eb2-672141be2bf9/datanode-4/data/ratis/fed2a675-0c8a-4eed-922b-3aea3a3a61ff does not exist. Creating ...
2019-10-01 06:20:48,601 [main] INFO  ozone.MiniOzoneClusterImpl (MiniOzoneClusterImpl.java:getStorageContainerLocationClient(234)) - Creating StorageContainerLocationProtocol RPC client with address /0.0.0.0:39845
2019-10-01 06:20:48,601 [pool-207-thread-1] INFO  storage.RaftStorageDirectory (RaftStorageDirectory.java:tryLock(328)) - Lock on /workdir/hadoop-ozone/integration-test/target/test-dir/MiniOzoneClusterImpl-9628f6ce-4133-4238-8eb2-672141be2bf9/datanode-0/data/ratis/d46362bc-6f75-47de-8b68-2102bf9a21d2/in_use.lock acquired by nodename 11602@trunk-nightly-20191001-qpwks-271313263
2019-10-01 06:20:48,644 [pool-217-thread-1] INFO  storage.RaftStorageDirectory (RaftStorageDirectory.java:tryLock(328)) - Lock on /workdir/hadoop-ozone/integration-test/target/test-dir/MiniOzoneClusterImpl-9628f6ce-4133-4238-8eb2-672141be2bf9/datanode-1/data/ratis/fed2a675-0c8a-4eed-922b-3aea3a3a61ff/in_use.lock acquired by nodename 11602@trunk-nightly-20191001-qpwks-271313263
2019-10-01 06:20:48,644 [pool-247-thread-1] INFO  storage.RaftStorageDirectory (RaftStorageDirectory.java:tryLock(328)) - Lock on /workdir/hadoop-ozone/integration-test/target/test-dir/MiniOzoneClusterImpl-9628f6ce-4133-4238-8eb2-672141be2bf9/datanode-4/data/ratis/fed2a675-0c8a-4eed-922b-3aea3a3a61ff/in_use.lock acquired by nodename 11602@trunk-nightly-20191001-qpwks-271313263
2019-10-01 06:20:48,644 [pool-267-thread-1] INFO  storage.RaftStorageDirectory (RaftStorageDirectory.java:tryLock(328)) - Lock on /workdir/hadoop-ozone/integration-test/target/test-dir/MiniOzoneClusterImpl-9628f6ce-4133-4238-8eb2-672141be2bf9/datanode-6/data/ratis/fed2a675-0c8a-4eed-922b-3aea3a3a61ff/in_use.lock acquired by nodename 11602@trunk-nightly-20191001-qpwks-271313263
2019-10-01 06:20:48,644 [pool-207-thread-1] INFO  storage.RaftStorage (RaftStorage.java:format(84)) - Storage directory /workdir/hadoop-ozone/integration-test/target/test-dir/MiniOzoneClusterImpl-9628f6ce-4133-4238-8eb2-672141be2bf9/datanode-0/data/ratis/d46362bc-6f75-47de-8b68-2102bf9a21d2 has been successfully formatted.
2019-10-01 06:20:48,646 [pool-207-thread-1] INFO  ratis.ContainerStateMachine (ContainerStateMachine.java:loadSnapshot(230)) - group-2102BF9A21D2: The snapshot info is null. Setting the last applied indexto:(t:0, i:~)
2019-10-01 06:20:48,646 [pool-207-thread-1] INFO  server.RaftServerConfigKeys (ConfUtils.java:logGet(43)) - raft.server.notification.no-leader.timeout = 120s (custom)
2019-10-01 06:20:48,646 [pool-207-thread-1] INFO  server.RaftServerConfigKeys (ConfUtils.java:logGet(43)) - raft.server.log.use.memory = false (default)
2019-10-01 06:20:48,646 [pool-207-thread-1] INFO  server.RaftServerConfigKeys (ConfUtils.java:logGet(43)) - raft.server.log.purge.gap = 1000000 (custom)
2019-10-01 06:20:48,647 [pool-207-thread-1] INFO  server.RaftServerConfigKeys (ConfUtils.java:logGet(43)) - raft.server.log.appender.buffer.byte-limit = 33554432 (custom)
2019-10-01 06:20:48,647 [pool-207-thread-1] INFO  server.RaftServerConfigKeys (ConfUtils.java:logGet(43)) - raft.server.log.segment.size.max = 1048576 (custom)
2019-10-01 06:20:48,650 [pool-207-thread-1] INFO  server.RaftServerConfigKeys (ConfUtils.java:logGet(43)) - raft.server.log.segment.cache.num.max = 2 (custom)
2019-10-01 06:20:48,650 [pool-207-thread-1] INFO  segmented.SegmentedRaftLogWorker (SegmentedRaftLogWorker.java:<init>(173)) - new 0dfc571b-8a85-45e9-adb3-f42ff3a447fb@group-2102BF9A21D2-SegmentedRaftLogWorker for RaftStorage:Storage Directory /workdir/hadoop-ozone/integration-test/target/test-dir/MiniOzoneClusterImpl-9628f6ce-4133-4238-8eb2-672141be2bf9/datanode-0/data/ratis/d46362bc-6f75-47de-8b68-2102bf9a21d2
2019-10-01 06:20:48,650 [pool-207-thread-1] INFO  server.RaftServerConfigKeys (ConfUtils.java:logGet(43)) - raft.server.log.queue.byte-limit = 2147483647 (custom)
2019-10-01 06:20:48,650 [pool-207-thread-1] INFO  server.RaftServerConfigKeys (ConfUtils.java:logGet(43)) - raft.server.log.queue.element-limit = 1024 (custom)
2019-10-01 06:20:48,650 [pool-207-thread-1] INFO  server.RaftServerConfigKeys (ConfUtils.java:logGet(43)) - raft.server.log.segment.size.max = 1048576 (custom)
2019-10-01 06:20:48,651 [pool-207-thread-1] INFO  server.RaftServerConfigKeys (ConfUtils.java:logGet(43)) - raft.server.log.preallocated.size = 16384 (custom)
2019-10-01 06:20:48,651 [pool-207-thread-1] INFO  server.RaftServerConfigKeys (ConfUtils.java:logGet(43)) - raft.server.log.write.buffer.size = 33554432 (custom)
2019-10-01 06:20:48,651 [pool-207-thread-1] INFO  server.RaftServerConfigKeys (ConfUtils.java:logGet(43)) - raft.server.log.force.sync.num = 128 (default)
2019-10-01 06:20:48,651 [pool-207-thread-1] INFO  server.RaftServerConfigKeys (ConfUtils.java:logGet(43)) - raft.server.log.statemachine.data.sync = true (default)
2019-10-01 06:20:48,651 [pool-207-thread-1] INFO  server.RaftServerConfigKeys (ConfUtils.java:logGet(43)) - raft.server.log.statemachine.data.sync.timeout = 10s (default)
2019-10-01 06:20:48,651 [pool-207-thread-1] INFO  server.RaftServerConfigKeys (ConfUtils.java:logGet(43)) - raft.server.log.statemachine.data.sync.timeout.retry = -1 (default)
2019-10-01 06:20:48,652 [pool-207-thread-1] INFO  server.RaftServerConfigKeys (ConfUtils.java:logGet(43)) - raft.server.log.statemachine.data.caching.enabled = true (custom)
2019-10-01 06:20:48,652 [pool-207-thread-1] INFO  segmented.SegmentedRaftLogWorker (SegmentedRaftLogWorker.java:lambda$new$0(128)) - 0dfc571b-8a85-45e9-adb3-f42ff3a447fb@group-2102BF9A21D2-SegmentedRaftLogWorker: flushIndex: setUnconditionally 0 -> -1
2019-10-01 06:20:48,653 [pool-207-thread-1] INFO  server.RaftServerConfigKeys (ConfUtils.java:logGet(43)) - raft.server.snapshot.auto.trigger.enabled = true (custom)
2019-10-01 06:20:48,653 [pool-207-thread-1] INFO  server.RaftServerConfigKeys (ConfUtils.java:logGet(43)) - raft.server.snapshot.auto.trigger.threshold = 10000 (custom)
2019-10-01 06:20:48,653 [pool-207-thread-1] INFO  server.RaftServerConfigKeys (ConfUtils.java:logGet(43)) - raft.server.snapshot.retention.file.num = 5 (custom)
2019-10-01 06:20:48,653 [pool-207-thread-1] INFO  server.RaftServerConfigKeys (ConfUtils.java:logGet(43)) - raft.server.retrycache.expirytime = 600000ms (custom)
2019-10-01 06:20:48,656 [pool-207-thread-1] INFO  impl.RaftServerImpl (RaftServerImpl.java:start(181)) - 0dfc571b-8a85-45e9-adb3-f42ff3a447fb@group-2102BF9A21D2: start as a follower, conf=-1: [0dfc571b-8a85-45e9-adb3-f42ff3a447fb:192.168.30.6:43200], old=null
2019-10-01 06:20:48,656 [pool-207-thread-1] INFO  impl.RaftServerImpl (RaftServerImpl.java:setRole(170)) - 0dfc571b-8a85-45e9-adb3-f42ff3a447fb@group-2102BF9A21D2: changes role from      null to FOLLOWER at term 0 for startAsFollower
2019-10-01 06:20:48,656 [pool-207-thread-1] INFO  impl.RoleInfo (RoleInfo.java:updateAndGet(143)) - 0dfc571b-8a85-45e9-adb3-f42ff3a447fb: start FollowerState
2019-10-01 06:20:48,656 [pool-207-thread-1] INFO  util.JmxRegister (JmxRegister.java:tryRegister(44)) - Successfully registered JMX Bean with object name Ratis:service=RaftServer,group=group-2102BF9A21D2,id=0dfc571b-8a85-45e9-adb3-f42ff3a447fb
2019-10-01 06:20:48,666 [pool-267-thread-1] INFO  storage.RaftStorage (RaftStorage.java:format(84)) - Storage directory /workdir/hadoop-ozone/integration-test/target/test-dir/MiniOzoneClusterImpl-9628f6ce-4133-4238-8eb2-672141be2bf9/datanode-6/data/ratis/fed2a675-0c8a-4eed-922b-3aea3a3a61ff has been successfully formatted.
2019-10-01 06:20:48,666 [pool-247-thread-1] INFO  storage.RaftStorage (RaftStorage.java:format(84)) - Storage directory /workdir/hadoop-ozone/integration-test/target/test-dir/MiniOzoneClusterImpl-9628f6ce-4133-4238-8eb2-672141be2bf9/datanode-4/data/ratis/fed2a675-0c8a-4eed-922b-3aea3a3a61ff has been successfully formatted.
2019-10-01 06:20:48,667 [pool-267-thread-1] INFO  ratis.ContainerStateMachine (ContainerStateMachine.java:loadSnapshot(230)) - group-3AEA3A3A61FF: The snapshot info is null. Setting the last applied indexto:(t:0, i:~)
2019-10-01 06:20:48,666 [pool-217-thread-1] INFO  storage.RaftStorage (RaftStorage.java:format(84)) - Storage directory /workdir/hadoop-ozone/integration-test/target/test-dir/MiniOzoneClusterImpl-9628f6ce-4133-4238-8eb2-672141be2bf9/datanode-1/data/ratis/fed2a675-0c8a-4eed-922b-3aea3a3a61ff has been successfully formatted.
2019-10-01 06:20:48,667 [pool-267-thread-1] INFO  server.RaftServerConfigKeys (ConfUtils.java:logGet(43)) - raft.server.notification.no-leader.timeout = 120s (custom)
2019-10-01 06:20:48,667 [pool-247-thread-1] INFO  ratis.ContainerStateMachine (ContainerStateMachine.java:loadSnapshot(230)) - group-3AEA3A3A61FF: The snapshot info is null. Setting the last applied indexto:(t:0, i:~)
2019-10-01 06:20:48,667 [pool-267-thread-1] INFO  server.RaftServerConfigKeys (ConfUtils.java:logGet(43)) - raft.server.log.use.memory = false (default)
2019-10-01 06:20:48,667 [pool-217-thread-1] INFO  ratis.ContainerStateMachine (ContainerStateMachine.java:loadSnapshot(230)) - group-3AEA3A3A61FF: The snapshot info is null. Setting the last applied indexto:(t:0, i:~)
2019-10-01 06:20:48,668 [pool-267-thread-1] INFO  server.RaftServerConfigKeys (ConfUtils.java:logGet(43)) - raft.server.log.purge.gap = 1000000 (custom)
2019-10-01 06:20:48,667 [pool-247-thread-1] INFO  server.RaftServerConfigKeys (ConfUtils.java:logGet(43)) - raft.server.notification.no-leader.timeout = 120s (custom)
2019-10-01 06:20:48,668 [pool-267-thread-1] INFO  server.RaftServerConfigKeys (ConfUtils.java:logGet(43)) - raft.server.log.appender.buffer.byte-limit = 33554432 (custom)
2019-10-01 06:20:48,668 [pool-217-thread-1] INFO  server.RaftServerConfigKeys (ConfUtils.java:logGet(43)) - raft.server.notification.no-leader.timeout = 120s (custom)
2019-10-01 06:20:48,668 [pool-267-thread-1] INFO  server.RaftServerConfigKeys (ConfUtils.java:logGet(43)) - raft.server.log.segment.size.max = 1048576 (custom)
2019-10-01 06:20:48,668 [pool-247-thread-1] INFO  server.RaftServerConfigKeys (ConfUtils.java:logGet(43)) - raft.server.log.use.memory = false (default)
2019-10-01 06:20:48,668 [pool-217-thread-1] INFO  server.RaftServerConfigKeys (ConfUtils.java:logGet(43)) - raft.server.log.use.memory = false (default)
2019-10-01 06:20:48,669 [pool-247-thread-1] INFO  server.RaftServerConfigKeys (ConfUtils.java:logGet(43)) - raft.server.log.purge.gap = 1000000 (custom)
2019-10-01 06:20:48,669 [pool-217-thread-1] INFO  server.RaftServerConfigKeys (ConfUtils.java:logGet(43)) - raft.server.log.purge.gap = 1000000 (custom)
2019-10-01 06:20:48,669 [pool-247-thread-1] INFO  server.RaftServerConfigKeys (ConfUtils.java:logGet(43)) - raft.server.log.appender.buffer.byte-limit = 33554432 (custom)
2019-10-01 06:20:48,669 [pool-217-thread-1] INFO  server.RaftServerConfigKeys (ConfUtils.java:logGet(43)) - raft.server.log.appender.buffer.byte-limit = 33554432 (custom)
2019-10-01 06:20:48,669 [pool-247-thread-1] INFO  server.RaftServerConfigKeys (ConfUtils.java:logGet(43)) - raft.server.log.segment.size.max = 1048576 (custom)
2019-10-01 06:20:48,669 [pool-217-thread-1] INFO  server.RaftServerConfigKeys (ConfUtils.java:logGet(43)) - raft.server.log.segment.size.max = 1048576 (custom)
2019-10-01 06:20:48,671 [pool-267-thread-1] INFO  server.RaftServerConfigKeys (ConfUtils.java:logGet(43)) - raft.server.log.segment.cache.num.max = 2 (custom)
2019-10-01 06:20:48,671 [pool-267-thread-1] INFO  segmented.SegmentedRaftLogWorker (SegmentedRaftLogWorker.java:<init>(173)) - new 25f8cd60-600d-4c27-9835-e918e1f0a30b@group-3AEA3A3A61FF-SegmentedRaftLogWorker for RaftStorage:Storage Directory /workdir/hadoop-ozone/integration-test/target/test-dir/MiniOzoneClusterImpl-9628f6ce-4133-4238-8eb2-672141be2bf9/datanode-6/data/ratis/fed2a675-0c8a-4eed-922b-3aea3a3a61ff
2019-10-01 06:20:48,671 [pool-267-thread-1] INFO  server.RaftServerConfigKeys (ConfUtils.java:logGet(43)) - raft.server.log.queue.byte-limit = 2147483647 (custom)
2019-10-01 06:20:48,671 [pool-267-thread-1] INFO  server.RaftServerConfigKeys (ConfUtils.java:logGet(43)) - raft.server.log.queue.element-limit = 1024 (custom)
2019-10-01 06:20:48,672 [pool-267-thread-1] INFO  server.RaftServerConfigKeys (ConfUtils.java:logGet(43)) - raft.server.log.segment.size.max = 1048576 (custom)
2019-10-01 06:20:48,672 [pool-267-thread-1] INFO  server.RaftServerConfigKeys (ConfUtils.java:logGet(43)) - raft.server.log.preallocated.size = 16384 (custom)
2019-10-01 06:20:48,672 [pool-267-thread-1] INFO  server.RaftServerConfigKeys (ConfUtils.java:logGet(43)) - raft.server.log.write.buffer.size = 33554432 (custom)
2019-10-01 06:20:48,672 [pool-267-thread-1] INFO  server.RaftServerConfigKeys (ConfUtils.java:logGet(43)) - raft.server.log.force.sync.num = 128 (default)
2019-10-01 06:20:48,672 [pool-267-thread-1] INFO  server.RaftServerConfigKeys (ConfUtils.java:logGet(43)) - raft.server.log.statemachine.data.sync = true (default)
2019-10-01 06:20:48,672 [pool-267-thread-1] INFO  server.RaftServerConfigKeys (ConfUtils.java:logGet(43)) - raft.server.log.statemachine.data.sync.timeout = 10s (default)
2019-10-01 06:20:48,672 [pool-267-thread-1] INFO  server.RaftServerConfigKeys (ConfUtils.java:logGet(43)) - raft.server.log.statemachine.data.sync.timeout.retry = -1 (default)
2019-10-01 06:20:48,673 [pool-217-thread-1] INFO  server.RaftServerConfigKeys (ConfUtils.java:logGet(43)) - raft.server.log.segment.cache.num.max = 2 (custom)
2019-10-01 06:20:48,672 [pool-247-thread-1] INFO  server.RaftServerConfigKeys (ConfUtils.java:logGet(43)) - raft.server.log.segment.cache.num.max = 2 (custom)
2019-10-01 06:20:48,673 [pool-217-thread-1] INFO  segmented.SegmentedRaftLogWorker (SegmentedRaftLogWorker.java:<init>(173)) - new 33dfb9e4-5af7-48c0-aed2-49a098141a6c@group-3AEA3A3A61FF-SegmentedRaftLogWorker for RaftStorage:Storage Directory /workdir/hadoop-ozone/integration-test/target/test-dir/MiniOzoneClusterImpl-9628f6ce-4133-4238-8eb2-672141be2bf9/datanode-1/data/ratis/fed2a675-0c8a-4eed-922b-3aea3a3a61ff
2019-10-01 06:20:48,673 [pool-247-thread-1] INFO  segmented.SegmentedRaftLogWorker (SegmentedRaftLogWorker.java:<init>(173)) - new b13a3cc5-7860-43cb-88ea-b527511dabf1@group-3AEA3A3A61FF-SegmentedRaftLogWorker for RaftStorage:Storage Directory /workdir/hadoop-ozone/integration-test/target/test-dir/MiniOzoneClusterImpl-9628f6ce-4133-4238-8eb2-672141be2bf9/datanode-4/data/ratis/fed2a675-0c8a-4eed-922b-3aea3a3a61ff
2019-10-01 06:20:48,673 [pool-267-thread-1] INFO  server.RaftServerConfigKeys (ConfUtils.java:logGet(43)) - raft.server.log.statemachine.data.caching.enabled = true (custom)
2019-10-01 06:20:48,673 [pool-247-thread-1] INFO  server.RaftServerConfigKeys (ConfUtils.java:logGet(43)) - raft.server.log.queue.byte-limit = 2147483647 (custom)
2019-10-01 06:20:48,673 [pool-217-thread-1] INFO  server.RaftServerConfigKeys (ConfUtils.java:logGet(43)) - raft.server.log.queue.byte-limit = 2147483647 (custom)
2019-10-01 06:20:48,673 [pool-267-thread-1] INFO  segmented.SegmentedRaftLogWorker (SegmentedRaftLogWorker.java:lambda$new$0(128)) - 25f8cd60-600d-4c27-9835-e918e1f0a30b@group-3AEA3A3A61FF-SegmentedRaftLogWorker: flushIndex: setUnconditionally 0 -> -1
2019-10-01 06:20:48,673 [pool-247-thread-1] INFO  server.RaftServerConfigKeys (ConfUtils.java:logGet(43)) - raft.server.log.queue.element-limit = 1024 (custom)
2019-10-01 06:20:48,674 [pool-217-thread-1] INFO  server.RaftServerConfigKeys (ConfUtils.java:logGet(43)) - raft.server.log.queue.element-limit = 1024 (custom)
2019-10-01 06:20:48,674 [pool-267-thread-1] INFO  server.RaftServerConfigKeys (ConfUtils.java:logGet(43)) - raft.server.snapshot.auto.trigger.enabled = true (custom)
2019-10-01 06:20:48,674 [pool-217-thread-1] INFO  server.RaftServerConfigKeys (ConfUtils.java:logGet(43)) - raft.server.log.segment.size.max = 1048576 (custom)
2019-10-01 06:20:48,674 [pool-247-thread-1] INFO  server.RaftServerConfigKeys (ConfUtils.java:logGet(43)) - raft.server.log.segment.size.max = 1048576 (custom)
2019-10-01 06:20:48,674 [pool-247-thread-1] INFO  server.RaftServerConfigKeys (ConfUtils.java:logGet(43)) - raft.server.log.preallocated.size = 16384 (custom)
2019-10-01 06:20:48,674 [pool-217-thread-1] INFO  server.RaftServerConfigKeys (ConfUtils.java:logGet(43)) - raft.server.log.preallocated.size = 16384 (custom)
2019-10-01 06:20:48,674 [pool-267-thread-1] INFO  server.RaftServerConfigKeys (ConfUtils.java:logGet(43)) - raft.server.snapshot.auto.trigger.threshold = 10000 (custom)
2019-10-01 06:20:48,675 [pool-217-thread-1] INFO  server.RaftServerConfigKeys (ConfUtils.java:logGet(43)) - raft.server.log.write.buffer.size = 33554432 (custom)
2019-10-01 06:20:48,675 [pool-217-thread-1] INFO  server.RaftServerConfigKeys (ConfUtils.java:logGet(43)) - raft.server.log.force.sync.num = 128 (default)
2019-10-01 06:20:48,674 [pool-247-thread-1] INFO  server.RaftServerConfigKeys (ConfUtils.java:logGet(43)) - raft.server.log.write.buffer.size = 33554432 (custom)
2019-10-01 06:20:48,675 [pool-217-thread-1] INFO  server.RaftServerConfigKeys (ConfUtils.java:logGet(43)) - raft.server.log.statemachine.data.sync = true (default)
2019-10-01 06:20:48,675 [pool-267-thread-1] INFO  server.RaftServerConfigKeys (ConfUtils.java:logGet(43)) - raft.server.snapshot.retention.file.num = 5 (custom)
2019-10-01 06:20:48,675 [pool-217-thread-1] INFO  server.RaftServerConfigKeys (ConfUtils.java:logGet(43)) - raft.server.log.statemachine.data.sync.timeout = 10s (default)
2019-10-01 06:20:48,675 [pool-217-thread-1] INFO  server.RaftServerConfigKeys (ConfUtils.java:logGet(43)) - raft.server.log.statemachine.data.sync.timeout.retry = -1 (default)
2019-10-01 06:20:48,675 [pool-247-thread-1] INFO  server.RaftServerConfigKeys (ConfUtils.java:logGet(43)) - raft.server.log.force.sync.num = 128 (default)
2019-10-01 06:20:48,675 [pool-267-thread-1] INFO  server.RaftServerConfigKeys (ConfUtils.java:logGet(43)) - raft.server.retrycache.expirytime = 600000ms (custom)
2019-10-01 06:20:48,676 [pool-247-thread-1] INFO  server.RaftServerConfigKeys (ConfUtils.java:logGet(43)) - raft.server.log.statemachine.data.sync = true (default)
2019-10-01 06:20:48,676 [pool-217-thread-1] INFO  server.RaftServerConfigKeys (ConfUtils.java:logGet(43)) - raft.server.log.statemachine.data.caching.enabled = true (custom)
2019-10-01 06:20:48,676 [pool-247-thread-1] INFO  server.RaftServerConfigKeys (ConfUtils.java:logGet(43)) - raft.server.log.statemachine.data.sync.timeout = 10s (default)
2019-10-01 06:20:48,676 [pool-247-thread-1] INFO  server.RaftServerConfigKeys (ConfUtils.java:logGet(43)) - raft.server.log.statemachine.data.sync.timeout.retry = -1 (default)
2019-10-01 06:20:48,676 [pool-217-thread-1] INFO  segmented.SegmentedRaftLogWorker (SegmentedRaftLogWorker.java:lambda$new$0(128)) - 33dfb9e4-5af7-48c0-aed2-49a098141a6c@group-3AEA3A3A61FF-SegmentedRaftLogWorker: flushIndex: setUnconditionally 0 -> -1
2019-10-01 06:20:48,676 [pool-247-thread-1] INFO  server.RaftServerConfigKeys (ConfUtils.java:logGet(43)) - raft.server.log.statemachine.data.caching.enabled = true (custom)
2019-10-01 06:20:48,677 [pool-247-thread-1] INFO  segmented.SegmentedRaftLogWorker (SegmentedRaftLogWorker.java:lambda$new$0(128)) - b13a3cc5-7860-43cb-88ea-b527511dabf1@group-3AEA3A3A61FF-SegmentedRaftLogWorker: flushIndex: setUnconditionally 0 -> -1
2019-10-01 06:20:48,677 [pool-217-thread-1] INFO  server.RaftServerConfigKeys (ConfUtils.java:logGet(43)) - raft.server.snapshot.auto.trigger.enabled = true (custom)
2019-10-01 06:20:48,677 [pool-247-thread-1] INFO  server.RaftServerConfigKeys (ConfUtils.java:logGet(43)) - raft.server.snapshot.auto.trigger.enabled = true (custom)
2019-10-01 06:20:48,677 [pool-247-thread-1] INFO  server.RaftServerConfigKeys (ConfUtils.java:logGet(43)) - raft.server.snapshot.auto.trigger.threshold = 10000 (custom)
2019-10-01 06:20:48,677 [pool-217-thread-1] INFO  server.RaftServerConfigKeys (ConfUtils.java:logGet(43)) - raft.server.snapshot.auto.trigger.threshold = 10000 (custom)
2019-10-01 06:20:48,677 [pool-247-thread-1] INFO  server.RaftServerConfigKeys (ConfUtils.java:logGet(43)) - raft.server.snapshot.retention.file.num = 5 (custom)
2019-10-01 06:20:48,677 [pool-217-thread-1] INFO  server.RaftServerConfigKeys (ConfUtils.java:logGet(43)) - raft.server.snapshot.retention.file.num = 5 (custom)
2019-10-01 06:20:48,677 [pool-247-thread-1] INFO  server.RaftServerConfigKeys (ConfUtils.java:logGet(43)) - raft.server.retrycache.expirytime = 600000ms (custom)
2019-10-01 06:20:48,677 [pool-217-thread-1] INFO  server.RaftServerConfigKeys (ConfUtils.java:logGet(43)) - raft.server.retrycache.expirytime = 600000ms (custom)
2019-10-01 06:20:48,678 [pool-267-thread-1] INFO  impl.RaftServerImpl (RaftServerImpl.java:start(181)) - 25f8cd60-600d-4c27-9835-e918e1f0a30b@group-3AEA3A3A61FF: start as a follower, conf=-1: [25f8cd60-600d-4c27-9835-e918e1f0a30b:192.168.30.6:33755, b13a3cc5-7860-43cb-88ea-b527511dabf1:192.168.30.6:44781, 33dfb9e4-5af7-48c0-aed2-49a098141a6c:192.168.30.6:41425], old=null
2019-10-01 06:20:48,678 [pool-267-thread-1] INFO  impl.RaftServerImpl (RaftServerImpl.java:setRole(170)) - 25f8cd60-600d-4c27-9835-e918e1f0a30b@group-3AEA3A3A61FF: changes role from      null to FOLLOWER at term 0 for startAsFollower
2019-10-01 06:20:48,678 [pool-267-thread-1] INFO  impl.RoleInfo (RoleInfo.java:updateAndGet(143)) - 25f8cd60-600d-4c27-9835-e918e1f0a30b: start FollowerState
2019-10-01 06:20:48,679 [pool-267-thread-1] INFO  util.JmxRegister (JmxRegister.java:tryRegister(44)) - Successfully registered JMX Bean with object name Ratis:service=RaftServer,group=group-3AEA3A3A61FF,id=25f8cd60-600d-4c27-9835-e918e1f0a30b
2019-10-01 06:20:48,682 [pool-247-thread-1] INFO  impl.RaftServerImpl (RaftServerImpl.java:start(181)) - b13a3cc5-7860-43cb-88ea-b527511dabf1@group-3AEA3A3A61FF: start as a follower, conf=-1: [25f8cd60-600d-4c27-9835-e918e1f0a30b:192.168.30.6:33755, b13a3cc5-7860-43cb-88ea-b527511dabf1:192.168.30.6:44781, 33dfb9e4-5af7-48c0-aed2-49a098141a6c:192.168.30.6:41425], old=null
2019-10-01 06:20:48,682 [pool-247-thread-1] INFO  impl.RaftServerImpl (RaftServerImpl.java:setRole(170)) - b13a3cc5-7860-43cb-88ea-b527511dabf1@group-3AEA3A3A61FF: changes role from      null to FOLLOWER at term 0 for startAsFollower
2019-10-01 06:20:48,682 [pool-217-thread-1] INFO  impl.RaftServerImpl (RaftServerImpl.java:start(181)) - 33dfb9e4-5af7-48c0-aed2-49a098141a6c@group-3AEA3A3A61FF: start as a follower, conf=-1: [25f8cd60-600d-4c27-9835-e918e1f0a30b:192.168.30.6:33755, b13a3cc5-7860-43cb-88ea-b527511dabf1:192.168.30.6:44781, 33dfb9e4-5af7-48c0-aed2-49a098141a6c:192.168.30.6:41425], old=null
2019-10-01 06:20:48,682 [pool-247-thread-1] INFO  impl.RoleInfo (RoleInfo.java:updateAndGet(143)) - b13a3cc5-7860-43cb-88ea-b527511dabf1: start FollowerState
2019-10-01 06:20:48,682 [pool-217-thread-1] INFO  impl.RaftServerImpl (RaftServerImpl.java:setRole(170)) - 33dfb9e4-5af7-48c0-aed2-49a098141a6c@group-3AEA3A3A61FF: changes role from      null to FOLLOWER at term 0 for startAsFollower
2019-10-01 06:20:48,682 [pool-217-thread-1] INFO  impl.RoleInfo (RoleInfo.java:updateAndGet(143)) - 33dfb9e4-5af7-48c0-aed2-49a098141a6c: start FollowerState
2019-10-01 06:20:48,682 [pool-247-thread-1] INFO  util.JmxRegister (JmxRegister.java:tryRegister(44)) - Successfully registered JMX Bean with object name Ratis:service=RaftServer,group=group-3AEA3A3A61FF,id=b13a3cc5-7860-43cb-88ea-b527511dabf1
2019-10-01 06:20:48,683 [pool-217-thread-1] INFO  util.JmxRegister (JmxRegister.java:tryRegister(44)) - Successfully registered JMX Bean with object name Ratis:service=RaftServer,group=group-3AEA3A3A61FF,id=33dfb9e4-5af7-48c0-aed2-49a098141a6c
2019-10-01 06:20:48,690 [RatisPipelineUtilsThread] INFO  pipeline.PipelineStateManager (PipelineStateManager.java:addPipeline(56)) - Created pipeline Pipeline[ Id: fed2a675-0c8a-4eed-922b-3aea3a3a61ff, Nodes: 25f8cd60-600d-4c27-9835-e918e1f0a30b{ip: 192.168.30.6, host: trunk-nightly-20191001-qpwks-271313263, networkLocation: /default-rack, certSerialId: null}b13a3cc5-7860-43cb-88ea-b527511dabf1{ip: 192.168.30.6, host: trunk-nightly-20191001-qpwks-271313263, networkLocation: /default-rack, certSerialId: null}33dfb9e4-5af7-48c0-aed2-49a098141a6c{ip: 192.168.30.6, host: trunk-nightly-20191001-qpwks-271313263, networkLocation: /default-rack, certSerialId: null}, Type:RATIS, Factor:THREE, State:OPEN]
2019-10-01 06:20:48,707 [grpc-default-executor-5] INFO  impl.RaftServerProxy (RaftServerProxy.java:addNew(89)) - bc1318ca-f5f6-4141-bad7-95947e4e64a4: addNew group-C08BDA833E64:[16456ff1-4706-4be0-9304-666051378146:192.168.30.6:38167, 0dfc571b-8a85-45e9-adb3-f42ff3a447fb:192.168.30.6:43200, bc1318ca-f5f6-4141-bad7-95947e4e64a4:192.168.30.6:36815] returns group-C08BDA833E64:java.util.concurrent.CompletableFuture@6d79d1ea[Not completed]
2019-10-01 06:20:48,707 [grpc-default-executor-6] INFO  impl.RaftServerProxy (RaftServerProxy.java:addNew(89)) - 0dfc571b-8a85-45e9-adb3-f42ff3a447fb: addNew group-C08BDA833E64:[16456ff1-4706-4be0-9304-666051378146:192.168.30.6:38167, 0dfc571b-8a85-45e9-adb3-f42ff3a447fb:192.168.30.6:43200, bc1318ca-f5f6-4141-bad7-95947e4e64a4:192.168.30.6:36815] returns group-C08BDA833E64:java.util.concurrent.CompletableFuture@408ba631[Not completed]
2019-10-01 06:20:48,725 [grpc-default-executor-3] INFO  impl.RaftServerProxy (RaftServerProxy.java:addNew(89)) - 16456ff1-4706-4be0-9304-666051378146: addNew group-C08BDA833E64:[16456ff1-4706-4be0-9304-666051378146:192.168.30.6:38167, 0dfc571b-8a85-45e9-adb3-f42ff3a447fb:192.168.30.6:43200, bc1318ca-f5f6-4141-bad7-95947e4e64a4:192.168.30.6:36815] returns group-C08BDA833E64:java.util.concurrent.CompletableFuture@4bfa1254[Not completed]
2019-10-01 06:20:48,727 [pool-257-thread-1] INFO  impl.RaftServerImpl (RaftServerImpl.java:<init>(95)) - bc1318ca-f5f6-4141-bad7-95947e4e64a4: new RaftServerImpl for group-C08BDA833E64:[16456ff1-4706-4be0-9304-666051378146:192.168.30.6:38167, 0dfc571b-8a85-45e9-adb3-f42ff3a447fb:192.168.30.6:43200, bc1318ca-f5f6-4141-bad7-95947e4e64a4:192.168.30.6:36815] with ContainerStateMachine:uninitialized
2019-10-01 06:20:48,727 [pool-257-thread-1] INFO  server.RaftServerConfigKeys (ConfUtils.java:logGet(43)) - raft.server.rpc.timeout.min = 5s (custom)
2019-10-01 06:20:48,727 [pool-257-thread-1] INFO  server.RaftServerConfigKeys (ConfUtils.java:logGet(43)) - raft.server.rpc.timeout.max = 5200ms (custom)
2019-10-01 06:20:48,727 [pool-257-thread-1] INFO  server.RaftServerConfigKeys (ConfUtils.java:logGet(43)) - raft.server.rpcslowness.timeout = 120s (custom)
2019-10-01 06:20:48,727 [pool-257-thread-1] INFO  server.RaftServerConfigKeys (ConfUtils.java:logGet(43)) - raft.server.sleep.deviation.threshold = 300 (default)
2019-10-01 06:20:48,727 [pool-227-thread-1] INFO  impl.RaftServerImpl (RaftServerImpl.java:<init>(95)) - 16456ff1-4706-4be0-9304-666051378146: new RaftServerImpl for group-C08BDA833E64:[16456ff1-4706-4be0-9304-666051378146:192.168.30.6:38167, 0dfc571b-8a85-45e9-adb3-f42ff3a447fb:192.168.30.6:43200, bc1318ca-f5f6-4141-bad7-95947e4e64a4:192.168.30.6:36815] with ContainerStateMachine:uninitialized
2019-10-01 06:20:48,727 [pool-257-thread-1] INFO  server.RaftServerConfigKeys (ConfUtils.java:logGet(43)) - raft.server.log.appender.install.snapshot.enabled = false (custom)
2019-10-01 06:20:48,728 [pool-227-thread-1] INFO  server.RaftServerConfigKeys (ConfUtils.java:logGet(43)) - raft.server.rpc.timeout.min = 5s (custom)
2019-10-01 06:20:48,728 [pool-257-thread-1] INFO  impl.RaftServerImpl (ServerState.java:<init>(103)) - bc1318ca-f5f6-4141-bad7-95947e4e64a4@group-C08BDA833E64: ConfigurationManager, init=-1: [16456ff1-4706-4be0-9304-666051378146:192.168.30.6:38167, 0dfc571b-8a85-45e9-adb3-f42ff3a447fb:192.168.30.6:43200, bc1318ca-f5f6-4141-bad7-95947e4e64a4:192.168.30.6:36815], old=null, confs=<EMPTY_MAP>
2019-10-01 06:20:48,728 [pool-227-thread-1] INFO  server.RaftServerConfigKeys (ConfUtils.java:logGet(43)) - raft.server.rpc.timeout.max = 5200ms (custom)
2019-10-01 06:20:48,728 [pool-257-thread-1] INFO  server.RaftServerConfigKeys (ConfUtils.java:logGet(43)) - raft.server.storage.dir = [/workdir/hadoop-ozone/integration-test/target/test-dir/MiniOzoneClusterImpl-9628f6ce-4133-4238-8eb2-672141be2bf9/datanode-5/data/ratis] (custom)
2019-10-01 06:20:48,728 [pool-227-thread-1] INFO  server.RaftServerConfigKeys (ConfUtils.java:logGet(43)) - raft.server.rpcslowness.timeout = 120s (custom)
2019-10-01 06:20:48,728 [pool-227-thread-1] INFO  server.RaftServerConfigKeys (ConfUtils.java:logGet(43)) - raft.server.sleep.deviation.threshold = 300 (default)
2019-10-01 06:20:48,728 [pool-207-thread-1] INFO  impl.RaftServerImpl (RaftServerImpl.java:<init>(95)) - 0dfc571b-8a85-45e9-adb3-f42ff3a447fb: new RaftServerImpl for group-C08BDA833E64:[16456ff1-4706-4be0-9304-666051378146:192.168.30.6:38167, 0dfc571b-8a85-45e9-adb3-f42ff3a447fb:192.168.30.6:43200, bc1318ca-f5f6-4141-bad7-95947e4e64a4:192.168.30.6:36815] with ContainerStateMachine:uninitialized
2019-10-01 06:20:48,728 [pool-257-thread-1] INFO  server.RaftServerConfigKeys (ConfUtils.java:logGet(43)) - raft.server.log.corruption.policy = EXCEPTION (default)
2019-10-01 06:20:48,728 [pool-207-thread-1] INFO  server.RaftServerConfigKeys (ConfUtils.java:logGet(43)) - raft.server.rpc.timeout.min = 5s (custom)
2019-10-01 06:20:48,728 [pool-227-thread-1] INFO  server.RaftServerConfigKeys (ConfUtils.java:logGet(43)) - raft.server.log.appender.install.snapshot.enabled = false (custom)
2019-10-01 06:20:48,729 [pool-207-thread-1] INFO  server.RaftServerConfigKeys (ConfUtils.java:logGet(43)) - raft.server.rpc.timeout.max = 5200ms (custom)
2019-10-01 06:20:48,729 [pool-257-thread-1] INFO  storage.RaftStorageDirectory (RaftStorageDirectory.java:analyzeStorage(246)) - The storage directory /workdir/hadoop-ozone/integration-test/target/test-dir/MiniOzoneClusterImpl-9628f6ce-4133-4238-8eb2-672141be2bf9/datanode-5/data/ratis/5fe4db98-acb9-4455-92ea-c08bda833e64 does not exist. Creating ...
2019-10-01 06:20:48,729 [pool-207-thread-1] INFO  server.RaftServerConfigKeys (ConfUtils.java:logGet(43)) - raft.server.rpcslowness.timeout = 120s (custom)
2019-10-01 06:20:48,729 [pool-227-thread-1] INFO  impl.RaftServerImpl (ServerState.java:<init>(103)) - 16456ff1-4706-4be0-9304-666051378146@group-C08BDA833E64: ConfigurationManager, init=-1: [16456ff1-4706-4be0-9304-666051378146:192.168.30.6:38167, 0dfc571b-8a85-45e9-adb3-f42ff3a447fb:192.168.30.6:43200, bc1318ca-f5f6-4141-bad7-95947e4e64a4:192.168.30.6:36815], old=null, confs=<EMPTY_MAP>
2019-10-01 06:20:48,729 [pool-207-thread-1] INFO  server.RaftServerConfigKeys (ConfUtils.java:logGet(43)) - raft.server.sleep.deviation.threshold = 300 (default)
2019-10-01 06:20:48,729 [pool-227-thread-1] INFO  server.RaftServerConfigKeys (ConfUtils.java:logGet(43)) - raft.server.storage.dir = [/workdir/hadoop-ozone/integration-test/target/test-dir/MiniOzoneClusterImpl-9628f6ce-4133-4238-8eb2-672141be2bf9/datanode-2/data/ratis] (custom)
2019-10-01 06:20:48,729 [pool-207-thread-1] INFO  server.RaftServerConfigKeys (ConfUtils.java:logGet(43)) - raft.server.log.appender.install.snapshot.enabled = false (custom)
2019-10-01 06:20:48,730 [pool-227-thread-1] INFO  server.RaftServerConfigKeys (ConfUtils.java:logGet(43)) - raft.server.log.corruption.policy = EXCEPTION (default)
2019-10-01 06:20:48,730 [pool-207-thread-1] INFO  impl.RaftServerImpl (ServerState.java:<init>(103)) - 0dfc571b-8a85-45e9-adb3-f42ff3a447fb@group-C08BDA833E64: ConfigurationManager, init=-1: [16456ff1-4706-4be0-9304-666051378146:192.168.30.6:38167, 0dfc571b-8a85-45e9-adb3-f42ff3a447fb:192.168.30.6:43200, bc1318ca-f5f6-4141-bad7-95947e4e64a4:192.168.30.6:36815], old=null, confs=<EMPTY_MAP>
2019-10-01 06:20:48,730 [pool-227-thread-1] INFO  storage.RaftStorageDirectory (RaftStorageDirectory.java:analyzeStorage(246)) - The storage directory /workdir/hadoop-ozone/integration-test/target/test-dir/MiniOzoneClusterImpl-9628f6ce-4133-4238-8eb2-672141be2bf9/datanode-2/data/ratis/5fe4db98-acb9-4455-92ea-c08bda833e64 does not exist. Creating ...
2019-10-01 06:20:48,730 [pool-207-thread-1] INFO  server.RaftServerConfigKeys (ConfUtils.java:logGet(43)) - raft.server.storage.dir = [/workdir/hadoop-ozone/integration-test/target/test-dir/MiniOzoneClusterImpl-9628f6ce-4133-4238-8eb2-672141be2bf9/datanode-0/data/ratis] (custom)
2019-10-01 06:20:48,730 [pool-207-thread-1] INFO  server.RaftServerConfigKeys (ConfUtils.java:logGet(43)) - raft.server.log.corruption.policy = EXCEPTION (default)
2019-10-01 06:20:48,731 [pool-207-thread-1] INFO  storage.RaftStorageDirectory (RaftStorageDirectory.java:analyzeStorage(246)) - The storage directory /workdir/hadoop-ozone/integration-test/target/test-dir/MiniOzoneClusterImpl-9628f6ce-4133-4238-8eb2-672141be2bf9/datanode-0/data/ratis/5fe4db98-acb9-4455-92ea-c08bda833e64 does not exist. Creating ...
2019-10-01 06:20:48,805 [pool-257-thread-1] INFO  storage.RaftStorageDirectory (RaftStorageDirectory.java:tryLock(328)) - Lock on /workdir/hadoop-ozone/integration-test/target/test-dir/MiniOzoneClusterImpl-9628f6ce-4133-4238-8eb2-672141be2bf9/datanode-5/data/ratis/5fe4db98-acb9-4455-92ea-c08bda833e64/in_use.lock acquired by nodename 11602@trunk-nightly-20191001-qpwks-271313263
2019-10-01 06:20:48,805 [pool-227-thread-1] INFO  storage.RaftStorageDirectory (RaftStorageDirectory.java:tryLock(328)) - Lock on /workdir/hadoop-ozone/integration-test/target/test-dir/MiniOzoneClusterImpl-9628f6ce-4133-4238-8eb2-672141be2bf9/datanode-2/data/ratis/5fe4db98-acb9-4455-92ea-c08bda833e64/in_use.lock acquired by nodename 11602@trunk-nightly-20191001-qpwks-271313263
2019-10-01 06:20:48,805 [pool-207-thread-1] INFO  storage.RaftStorageDirectory (RaftStorageDirectory.java:tryLock(328)) - Lock on /workdir/hadoop-ozone/integration-test/target/test-dir/MiniOzoneClusterImpl-9628f6ce-4133-4238-8eb2-672141be2bf9/datanode-0/data/ratis/5fe4db98-acb9-4455-92ea-c08bda833e64/in_use.lock acquired by nodename 11602@trunk-nightly-20191001-qpwks-271313263
2019-10-01 06:20:48,881 [pool-257-thread-1] INFO  storage.RaftStorage (RaftStorage.java:format(84)) - Storage directory /workdir/hadoop-ozone/integration-test/target/test-dir/MiniOzoneClusterImpl-9628f6ce-4133-4238-8eb2-672141be2bf9/datanode-5/data/ratis/5fe4db98-acb9-4455-92ea-c08bda833e64 has been successfully formatted.
2019-10-01 06:20:48,881 [pool-227-thread-1] INFO  storage.RaftStorage (RaftStorage.java:format(84)) - Storage directory /workdir/hadoop-ozone/integration-test/target/test-dir/MiniOzoneClusterImpl-9628f6ce-4133-4238-8eb2-672141be2bf9/datanode-2/data/ratis/5fe4db98-acb9-4455-92ea-c08bda833e64 has been successfully formatted.
2019-10-01 06:20:48,881 [pool-207-thread-1] INFO  storage.RaftStorage (RaftStorage.java:format(84)) - Storage directory /workdir/hadoop-ozone/integration-test/target/test-dir/MiniOzoneClusterImpl-9628f6ce-4133-4238-8eb2-672141be2bf9/datanode-0/data/ratis/5fe4db98-acb9-4455-92ea-c08bda833e64 has been successfully formatted.
2019-10-01 06:20:48,881 [pool-227-thread-1] INFO  ratis.ContainerStateMachine (ContainerStateMachine.java:loadSnapshot(230)) - group-C08BDA833E64: The snapshot info is null. Setting the last applied indexto:(t:0, i:~)
2019-10-01 06:20:48,881 [pool-257-thread-1] INFO  ratis.ContainerStateMachine (ContainerStateMachine.java:loadSnapshot(230)) - group-C08BDA833E64: The snapshot info is null. Setting the last applied indexto:(t:0, i:~)
2019-10-01 06:20:48,881 [pool-227-thread-1] INFO  server.RaftServerConfigKeys (ConfUtils.java:logGet(43)) - raft.server.notification.no-leader.timeout = 120s (custom)
2019-10-01 06:20:48,881 [pool-207-thread-1] INFO  ratis.ContainerStateMachine (ContainerStateMachine.java:loadSnapshot(230)) - group-C08BDA833E64: The snapshot info is null. Setting the last applied indexto:(t:0, i:~)
2019-10-01 06:20:48,882 [pool-227-thread-1] INFO  server.RaftServerConfigKeys (ConfUtils.java:logGet(43)) - raft.server.log.use.memory = false (default)
2019-10-01 06:20:48,881 [pool-257-thread-1] INFO  server.RaftServerConfigKeys (ConfUtils.java:logGet(43)) - raft.server.notification.no-leader.timeout = 120s (custom)
2019-10-01 06:20:48,882 [pool-227-thread-1] INFO  server.RaftServerConfigKeys (ConfUtils.java:logGet(43)) - raft.server.log.purge.gap = 1000000 (custom)
2019-10-01 06:20:48,882 [pool-207-thread-1] INFO  server.RaftServerConfigKeys (ConfUtils.java:logGet(43)) - raft.server.notification.no-leader.timeout = 120s (custom)
2019-10-01 06:20:48,882 [pool-227-thread-1] INFO  server.RaftServerConfigKeys (ConfUtils.java:logGet(43)) - raft.server.log.appender.buffer.byte-limit = 33554432 (custom)
2019-10-01 06:20:48,882 [pool-257-thread-1] INFO  server.RaftServerConfigKeys (ConfUtils.java:logGet(43)) - raft.server.log.use.memory = false (default)
2019-10-01 06:20:48,883 [pool-227-thread-1] INFO  server.RaftServerConfigKeys (ConfUtils.java:logGet(43)) - raft.server.log.segment.size.max = 1048576 (custom)
2019-10-01 06:20:48,882 [pool-207-thread-1] INFO  server.RaftServerConfigKeys (ConfUtils.java:logGet(43)) - raft.server.log.use.memory = false (default)
2019-10-01 06:20:48,883 [pool-257-thread-1] INFO  server.RaftServerConfigKeys (ConfUtils.java:logGet(43)) - raft.server.log.purge.gap = 1000000 (custom)
2019-10-01 06:20:48,883 [pool-207-thread-1] INFO  server.RaftServerConfigKeys (ConfUtils.java:logGet(43)) - raft.server.log.purge.gap = 1000000 (custom)
2019-10-01 06:20:48,883 [pool-257-thread-1] INFO  server.RaftServerConfigKeys (ConfUtils.java:logGet(43)) - raft.server.log.appender.buffer.byte-limit = 33554432 (custom)
2019-10-01 06:20:48,883 [pool-207-thread-1] INFO  server.RaftServerConfigKeys (ConfUtils.java:logGet(43)) - raft.server.log.appender.buffer.byte-limit = 33554432 (custom)
2019-10-01 06:20:48,883 [pool-257-thread-1] INFO  server.RaftServerConfigKeys (ConfUtils.java:logGet(43)) - raft.server.log.segment.size.max = 1048576 (custom)
2019-10-01 06:20:48,884 [pool-207-thread-1] INFO  server.RaftServerConfigKeys (ConfUtils.java:logGet(43)) - raft.server.log.segment.size.max = 1048576 (custom)
2019-10-01 06:20:48,884 [pool-207-thread-1] INFO  server.RaftServerConfigKeys (ConfUtils.java:logGet(43)) - raft.server.log.segment.cache.num.max = 2 (custom)
2019-10-01 06:20:48,884 [pool-207-thread-1] INFO  segmented.SegmentedRaftLogWorker (SegmentedRaftLogWorker.java:<init>(173)) - new 0dfc571b-8a85-45e9-adb3-f42ff3a447fb@group-C08BDA833E64-SegmentedRaftLogWorker for RaftStorage:Storage Directory /workdir/hadoop-ozone/integration-test/target/test-dir/MiniOzoneClusterImpl-9628f6ce-4133-4238-8eb2-672141be2bf9/datanode-0/data/ratis/5fe4db98-acb9-4455-92ea-c08bda833e64
2019-10-01 06:20:48,884 [pool-207-thread-1] INFO  server.RaftServerConfigKeys (ConfUtils.java:logGet(43)) - raft.server.log.queue.byte-limit = 2147483647 (custom)
2019-10-01 06:20:48,884 [pool-207-thread-1] INFO  server.RaftServerConfigKeys (ConfUtils.java:logGet(43)) - raft.server.log.queue.element-limit = 1024 (custom)
2019-10-01 06:20:48,885 [pool-207-thread-1] INFO  server.RaftServerConfigKeys (ConfUtils.java:logGet(43)) - raft.server.log.segment.size.max = 1048576 (custom)
2019-10-01 06:20:48,885 [pool-207-thread-1] INFO  server.RaftServerConfigKeys (ConfUtils.java:logGet(43)) - raft.server.log.preallocated.size = 16384 (custom)
2019-10-01 06:20:48,885 [pool-207-thread-1] INFO  server.RaftServerConfigKeys (ConfUtils.java:logGet(43)) - raft.server.log.write.buffer.size = 33554432 (custom)
2019-10-01 06:20:48,885 [pool-207-thread-1] INFO  server.RaftServerConfigKeys (ConfUtils.java:logGet(43)) - raft.server.log.force.sync.num = 128 (default)
2019-10-01 06:20:48,885 [pool-207-thread-1] INFO  server.RaftServerConfigKeys (ConfUtils.java:logGet(43)) - raft.server.log.statemachine.data.sync = true (default)
2019-10-01 06:20:48,885 [pool-207-thread-1] INFO  server.RaftServerConfigKeys (ConfUtils.java:logGet(43)) - raft.server.log.statemachine.data.sync.timeout = 10s (default)
2019-10-01 06:20:48,885 [pool-207-thread-1] INFO  server.RaftServerConfigKeys (ConfUtils.java:logGet(43)) - raft.server.log.statemachine.data.sync.timeout.retry = -1 (default)
2019-10-01 06:20:48,886 [pool-207-thread-1] INFO  server.RaftServerConfigKeys (ConfUtils.java:logGet(43)) - raft.server.log.statemachine.data.caching.enabled = true (custom)
2019-10-01 06:20:48,886 [pool-227-thread-1] INFO  server.RaftServerConfigKeys (ConfUtils.java:logGet(43)) - raft.server.log.segment.cache.num.max = 2 (custom)
2019-10-01 06:20:48,886 [pool-207-thread-1] INFO  segmented.SegmentedRaftLogWorker (SegmentedRaftLogWorker.java:lambda$new$0(128)) - 0dfc571b-8a85-45e9-adb3-f42ff3a447fb@group-C08BDA833E64-SegmentedRaftLogWorker: flushIndex: setUnconditionally 0 -> -1
2019-10-01 06:20:48,886 [pool-227-thread-1] INFO  segmented.SegmentedRaftLogWorker (SegmentedRaftLogWorker.java:<init>(173)) - new 16456ff1-4706-4be0-9304-666051378146@group-C08BDA833E64-SegmentedRaftLogWorker for RaftStorage:Storage Directory /workdir/hadoop-ozone/integration-test/target/test-dir/MiniOzoneClusterImpl-9628f6ce-4133-4238-8eb2-672141be2bf9/datanode-2/data/ratis/5fe4db98-acb9-4455-92ea-c08bda833e64
2019-10-01 06:20:48,886 [pool-257-thread-1] INFO  server.RaftServerConfigKeys (ConfUtils.java:logGet(43)) - raft.server.log.segment.cache.num.max = 2 (custom)
2019-10-01 06:20:48,886 [pool-227-thread-1] INFO  server.RaftServerConfigKeys (ConfUtils.java:logGet(43)) - raft.server.log.queue.byte-limit = 2147483647 (custom)
2019-10-01 06:20:48,886 [pool-207-thread-1] INFO  server.RaftServerConfigKeys (ConfUtils.java:logGet(43)) - raft.server.snapshot.auto.trigger.enabled = true (custom)
2019-10-01 06:20:48,887 [pool-227-thread-1] INFO  server.RaftServerConfigKeys (ConfUtils.java:logGet(43)) - raft.server.log.queue.element-limit = 1024 (custom)
2019-10-01 06:20:48,887 [pool-257-thread-1] INFO  segmented.SegmentedRaftLogWorker (SegmentedRaftLogWorker.java:<init>(173)) - new bc1318ca-f5f6-4141-bad7-95947e4e64a4@group-C08BDA833E64-SegmentedRaftLogWorker for RaftStorage:Storage Directory /workdir/hadoop-ozone/integration-test/target/test-dir/MiniOzoneClusterImpl-9628f6ce-4133-4238-8eb2-672141be2bf9/datanode-5/data/ratis/5fe4db98-acb9-4455-92ea-c08bda833e64
2019-10-01 06:20:48,887 [pool-227-thread-1] INFO  server.RaftServerConfigKeys (ConfUtils.java:logGet(43)) - raft.server.log.segment.size.max = 1048576 (custom)
2019-10-01 06:20:48,887 [pool-207-thread-1] INFO  server.RaftServerConfigKeys (ConfUtils.java:logGet(43)) - raft.server.snapshot.auto.trigger.threshold = 10000 (custom)
2019-10-01 06:20:48,887 [pool-227-thread-1] INFO  server.RaftServerConfigKeys (ConfUtils.java:logGet(43)) - raft.server.log.preallocated.size = 16384 (custom)
2019-10-01 06:20:48,887 [pool-257-thread-1] INFO  server.RaftServerConfigKeys (ConfUtils.java:logGet(43)) - raft.server.log.queue.byte-limit = 2147483647 (custom)
2019-10-01 06:20:48,888 [pool-227-thread-1] INFO  server.RaftServerConfigKeys (ConfUtils.java:logGet(43)) - raft.server.log.write.buffer.size = 33554432 (custom)
2019-10-01 06:20:48,888 [pool-207-thread-1] INFO  server.RaftServerConfigKeys (ConfUtils.java:logGet(43)) - raft.server.snapshot.retention.file.num = 5 (custom)
2019-10-01 06:20:48,888 [pool-227-thread-1] INFO  server.RaftServerConfigKeys (ConfUtils.java:logGet(43)) - raft.server.log.force.sync.num = 128 (default)
2019-10-01 06:20:48,888 [pool-257-thread-1] INFO  server.RaftServerConfigKeys (ConfUtils.java:logGet(43)) - raft.server.log.queue.element-limit = 1024 (custom)
2019-10-01 06:20:48,888 [pool-227-thread-1] INFO  server.RaftServerConfigKeys (ConfUtils.java:logGet(43)) - raft.server.log.statemachine.data.sync = true (default)
2019-10-01 06:20:48,888 [pool-207-thread-1] INFO  server.RaftServerConfigKeys (ConfUtils.java:logGet(43)) - raft.server.retrycache.expirytime = 600000ms (custom)
2019-10-01 06:20:48,889 [pool-227-thread-1] INFO  server.RaftServerConfigKeys (ConfUtils.java:logGet(43)) - raft.server.log.statemachine.data.sync.timeout = 10s (default)
2019-10-01 06:20:48,888 [pool-257-thread-1] INFO  server.RaftServerConfigKeys (ConfUtils.java:logGet(43)) - raft.server.log.segment.size.max = 1048576 (custom)
2019-10-01 06:20:48,889 [pool-227-thread-1] INFO  server.RaftServerConfigKeys (ConfUtils.java:logGet(43)) - raft.server.log.statemachine.data.sync.timeout.retry = -1 (default)
2019-10-01 06:20:48,889 [pool-257-thread-1] INFO  server.RaftServerConfigKeys (ConfUtils.java:logGet(43)) - raft.server.log.preallocated.size = 16384 (custom)
2019-10-01 06:20:48,889 [pool-257-thread-1] INFO  server.RaftServerConfigKeys (ConfUtils.java:logGet(43)) - raft.server.log.write.buffer.size = 33554432 (custom)
2019-10-01 06:20:48,890 [pool-257-thread-1] INFO  server.RaftServerConfigKeys (ConfUtils.java:logGet(43)) - raft.server.log.force.sync.num = 128 (default)
2019-10-01 06:20:48,890 [pool-257-thread-1] INFO  server.RaftServerConfigKeys (ConfUtils.java:logGet(43)) - raft.server.log.statemachine.data.sync = true (default)
2019-10-01 06:20:48,890 [pool-257-thread-1] INFO  server.RaftServerConfigKeys (ConfUtils.java:logGet(43)) - raft.server.log.statemachine.data.sync.timeout = 10s (default)
2019-10-01 06:20:48,890 [pool-227-thread-1] INFO  server.RaftServerConfigKeys (ConfUtils.java:logGet(43)) - raft.server.log.statemachine.data.caching.enabled = true (custom)
2019-10-01 06:20:48,890 [pool-257-thread-1] INFO  server.RaftServerConfigKeys (ConfUtils.java:logGet(43)) - raft.server.log.statemachine.data.sync.timeout.retry = -1 (default)
2019-10-01 06:20:48,890 [pool-227-thread-1] INFO  segmented.SegmentedRaftLogWorker (SegmentedRaftLogWorker.java:lambda$new$0(128)) - 16456ff1-4706-4be0-9304-666051378146@group-C08BDA833E64-SegmentedRaftLogWorker: flushIndex: setUnconditionally 0 -> -1
2019-10-01 06:20:48,890 [pool-257-thread-1] INFO  server.RaftServerConfigKeys (ConfUtils.java:logGet(43)) - raft.server.log.statemachine.data.caching.enabled = true (custom)
2019-10-01 06:20:48,891 [pool-227-thread-1] INFO  server.RaftServerConfigKeys (ConfUtils.java:logGet(43)) - raft.server.snapshot.auto.trigger.enabled = true (custom)
2019-10-01 06:20:48,891 [pool-257-thread-1] INFO  segmented.SegmentedRaftLogWorker (SegmentedRaftLogWorker.java:lambda$new$0(128)) - bc1318ca-f5f6-4141-bad7-95947e4e64a4@group-C08BDA833E64-SegmentedRaftLogWorker: flushIndex: setUnconditionally 0 -> -1
2019-10-01 06:20:48,891 [pool-207-thread-1] INFO  impl.RaftServerImpl (RaftServerImpl.java:start(181)) - 0dfc571b-8a85-45e9-adb3-f42ff3a447fb@group-C08BDA833E64: start as a follower, conf=-1: [16456ff1-4706-4be0-9304-666051378146:192.168.30.6:38167, 0dfc571b-8a85-45e9-adb3-f42ff3a447fb:192.168.30.6:43200, bc1318ca-f5f6-4141-bad7-95947e4e64a4:192.168.30.6:36815], old=null
2019-10-01 06:20:48,891 [pool-227-thread-1] INFO  server.RaftServerConfigKeys (ConfUtils.java:logGet(43)) - raft.server.snapshot.auto.trigger.threshold = 10000 (custom)
2019-10-01 06:20:48,891 [pool-207-thread-1] INFO  impl.RaftServerImpl (RaftServerImpl.java:setRole(170)) - 0dfc571b-8a85-45e9-adb3-f42ff3a447fb@group-C08BDA833E64: changes role from      null to FOLLOWER at term 0 for startAsFollower
2019-10-01 06:20:48,891 [pool-257-thread-1] INFO  server.RaftServerConfigKeys (ConfUtils.java:logGet(43)) - raft.server.snapshot.auto.trigger.enabled = true (custom)
2019-10-01 06:20:48,891 [pool-207-thread-1] INFO  impl.RoleInfo (RoleInfo.java:updateAndGet(143)) - 0dfc571b-8a85-45e9-adb3-f42ff3a447fb: start FollowerState
2019-10-01 06:20:48,891 [pool-227-thread-1] INFO  server.RaftServerConfigKeys (ConfUtils.java:logGet(43)) - raft.server.snapshot.retention.file.num = 5 (custom)
2019-10-01 06:20:48,891 [pool-257-thread-1] INFO  server.RaftServerConfigKeys (ConfUtils.java:logGet(43)) - raft.server.snapshot.auto.trigger.threshold = 10000 (custom)
2019-10-01 06:20:48,892 [pool-227-thread-1] INFO  server.RaftServerConfigKeys (ConfUtils.java:logGet(43)) - raft.server.retrycache.expirytime = 600000ms (custom)
2019-10-01 06:20:48,892 [pool-207-thread-1] INFO  util.JmxRegister (JmxRegister.java:tryRegister(44)) - Successfully registered JMX Bean with object name Ratis:service=RaftServer,group=group-C08BDA833E64,id=0dfc571b-8a85-45e9-adb3-f42ff3a447fb
2019-10-01 06:20:48,892 [pool-257-thread-1] INFO  server.RaftServerConfigKeys (ConfUtils.java:logGet(43)) - raft.server.snapshot.retention.file.num = 5 (custom)
2019-10-01 06:20:48,892 [pool-257-thread-1] INFO  server.RaftServerConfigKeys (ConfUtils.java:logGet(43)) - raft.server.retrycache.expirytime = 600000ms (custom)
2019-10-01 06:20:48,896 [pool-227-thread-1] INFO  impl.RaftServerImpl (RaftServerImpl.java:start(181)) - 16456ff1-4706-4be0-9304-666051378146@group-C08BDA833E64: start as a follower, conf=-1: [16456ff1-4706-4be0-9304-666051378146:192.168.30.6:38167, 0dfc571b-8a85-45e9-adb3-f42ff3a447fb:192.168.30.6:43200, bc1318ca-f5f6-4141-bad7-95947e4e64a4:192.168.30.6:36815], old=null
2019-10-01 06:20:48,896 [pool-227-thread-1] INFO  impl.RaftServerImpl (RaftServerImpl.java:setRole(170)) - 16456ff1-4706-4be0-9304-666051378146@group-C08BDA833E64: changes role from      null to FOLLOWER at term 0 for startAsFollower
2019-10-01 06:20:48,896 [pool-257-thread-1] INFO  impl.RaftServerImpl (RaftServerImpl.java:start(181)) - bc1318ca-f5f6-4141-bad7-95947e4e64a4@group-C08BDA833E64: start as a follower, conf=-1: [16456ff1-4706-4be0-9304-666051378146:192.168.30.6:38167, 0dfc571b-8a85-45e9-adb3-f42ff3a447fb:192.168.30.6:43200, bc1318ca-f5f6-4141-bad7-95947e4e64a4:192.168.30.6:36815], old=null
2019-10-01 06:20:48,896 [pool-227-thread-1] INFO  impl.RoleInfo (RoleInfo.java:updateAndGet(143)) - 16456ff1-4706-4be0-9304-666051378146: start FollowerState
2019-10-01 06:20:48,897 [pool-257-thread-1] INFO  impl.RaftServerImpl (RaftServerImpl.java:setRole(170)) - bc1318ca-f5f6-4141-bad7-95947e4e64a4@group-C08BDA833E64: changes role from      null to FOLLOWER at term 0 for startAsFollower
2019-10-01 06:20:48,897 [pool-257-thread-1] INFO  impl.RoleInfo (RoleInfo.java:updateAndGet(143)) - bc1318ca-f5f6-4141-bad7-95947e4e64a4: start FollowerState
2019-10-01 06:20:48,897 [pool-227-thread-1] INFO  util.JmxRegister (JmxRegister.java:tryRegister(44)) - Successfully registered JMX Bean with object name Ratis:service=RaftServer,group=group-C08BDA833E64,id=16456ff1-4706-4be0-9304-666051378146
2019-10-01 06:20:48,897 [pool-257-thread-1] INFO  util.JmxRegister (JmxRegister.java:tryRegister(44)) - Successfully registered JMX Bean with object name Ratis:service=RaftServer,group=group-C08BDA833E64,id=bc1318ca-f5f6-4141-bad7-95947e4e64a4
2019-10-01 06:20:48,903 [RatisPipelineUtilsThread] INFO  pipeline.PipelineStateManager (PipelineStateManager.java:addPipeline(56)) - Created pipeline Pipeline[ Id: 5fe4db98-acb9-4455-92ea-c08bda833e64, Nodes: 16456ff1-4706-4be0-9304-666051378146{ip: 192.168.30.6, host: trunk-nightly-20191001-qpwks-271313263, networkLocation: /default-rack, certSerialId: null}bc1318ca-f5f6-4141-bad7-95947e4e64a4{ip: 192.168.30.6, host: trunk-nightly-20191001-qpwks-271313263, networkLocation: /default-rack, certSerialId: null}0dfc571b-8a85-45e9-adb3-f42ff3a447fb{ip: 192.168.30.6, host: trunk-nightly-20191001-qpwks-271313263, networkLocation: /default-rack, certSerialId: null}, Type:RATIS, Factor:THREE, State:OPEN]
2019-10-01 06:20:48,914 [grpc-default-executor-3] INFO  impl.RaftServerProxy (RaftServerProxy.java:addNew(89)) - 25f8cd60-600d-4c27-9835-e918e1f0a30b: addNew group-3E88DD30CC33:[25f8cd60-600d-4c27-9835-e918e1f0a30b:192.168.30.6:33755] returns group-3E88DD30CC33:java.util.concurrent.CompletableFuture@489c3611[Not completed]
2019-10-01 06:20:48,915 [pool-267-thread-1] INFO  impl.RaftServerImpl (RaftServerImpl.java:<init>(95)) - 25f8cd60-600d-4c27-9835-e918e1f0a30b: new RaftServerImpl for group-3E88DD30CC33:[25f8cd60-600d-4c27-9835-e918e1f0a30b:192.168.30.6:33755] with ContainerStateMachine:uninitialized
2019-10-01 06:20:48,920 [pool-267-thread-1] INFO  server.RaftServerConfigKeys (ConfUtils.java:logGet(43)) - raft.server.rpc.timeout.min = 5s (custom)
2019-10-01 06:20:48,920 [pool-267-thread-1] INFO  server.RaftServerConfigKeys (ConfUtils.java:logGet(43)) - raft.server.rpc.timeout.max = 5200ms (custom)
2019-10-01 06:20:48,920 [pool-267-thread-1] INFO  server.RaftServerConfigKeys (ConfUtils.java:logGet(43)) - raft.server.rpcslowness.timeout = 120s (custom)
2019-10-01 06:20:48,920 [pool-267-thread-1] INFO  server.RaftServerConfigKeys (ConfUtils.java:logGet(43)) - raft.server.sleep.deviation.threshold = 300 (default)
2019-10-01 06:20:48,920 [pool-267-thread-1] INFO  server.RaftServerConfigKeys (ConfUtils.java:logGet(43)) - raft.server.log.appender.install.snapshot.enabled = false (custom)
2019-10-01 06:20:48,920 [pool-267-thread-1] INFO  impl.RaftServerImpl (ServerState.java:<init>(103)) - 25f8cd60-600d-4c27-9835-e918e1f0a30b@group-3E88DD30CC33: ConfigurationManager, init=-1: [25f8cd60-600d-4c27-9835-e918e1f0a30b:192.168.30.6:33755], old=null, confs=<EMPTY_MAP>
2019-10-01 06:20:48,921 [pool-267-thread-1] INFO  server.RaftServerConfigKeys (ConfUtils.java:logGet(43)) - raft.server.storage.dir = [/workdir/hadoop-ozone/integration-test/target/test-dir/MiniOzoneClusterImpl-9628f6ce-4133-4238-8eb2-672141be2bf9/datanode-6/data/ratis] (custom)
2019-10-01 06:20:48,921 [pool-267-thread-1] INFO  server.RaftServerConfigKeys (ConfUtils.java:logGet(43)) - raft.server.log.corruption.policy = EXCEPTION (default)
2019-10-01 06:20:48,921 [pool-267-thread-1] INFO  storage.RaftStorageDirectory (RaftStorageDirectory.java:analyzeStorage(246)) - The storage directory /workdir/hadoop-ozone/integration-test/target/test-dir/MiniOzoneClusterImpl-9628f6ce-4133-4238-8eb2-672141be2bf9/datanode-6/data/ratis/97958d5f-e703-4176-87e7-3e88dd30cc33 does not exist. Creating ...
2019-10-01 06:20:48,998 [pool-267-thread-1] INFO  storage.RaftStorageDirectory (RaftStorageDirectory.java:tryLock(328)) - Lock on /workdir/hadoop-ozone/integration-test/target/test-dir/MiniOzoneClusterImpl-9628f6ce-4133-4238-8eb2-672141be2bf9/datanode-6/data/ratis/97958d5f-e703-4176-87e7-3e88dd30cc33/in_use.lock acquired by nodename 11602@trunk-nightly-20191001-qpwks-271313263
2019-10-01 06:20:49,107 [pool-267-thread-1] INFO  storage.RaftStorage (RaftStorage.java:format(84)) - Storage directory /workdir/hadoop-ozone/integration-test/target/test-dir/MiniOzoneClusterImpl-9628f6ce-4133-4238-8eb2-672141be2bf9/datanode-6/data/ratis/97958d5f-e703-4176-87e7-3e88dd30cc33 has been successfully formatted.
2019-10-01 06:20:49,107 [pool-267-thread-1] INFO  ratis.ContainerStateMachine (ContainerStateMachine.java:loadSnapshot(230)) - group-3E88DD30CC33: The snapshot info is null. Setting the last applied indexto:(t:0, i:~)
2019-10-01 06:20:49,107 [pool-267-thread-1] INFO  server.RaftServerConfigKeys (ConfUtils.java:logGet(43)) - raft.server.notification.no-leader.timeout = 120s (custom)
2019-10-01 06:20:49,108 [pool-267-thread-1] INFO  server.RaftServerConfigKeys (ConfUtils.java:logGet(43)) - raft.server.log.use.memory = false (default)
2019-10-01 06:20:49,108 [pool-267-thread-1] INFO  server.RaftServerConfigKeys (ConfUtils.java:logGet(43)) - raft.server.log.purge.gap = 1000000 (custom)
2019-10-01 06:20:49,108 [pool-267-thread-1] INFO  server.RaftServerConfigKeys (ConfUtils.java:logGet(43)) - raft.server.log.appender.buffer.byte-limit = 33554432 (custom)
2019-10-01 06:20:49,108 [pool-267-thread-1] INFO  server.RaftServerConfigKeys (ConfUtils.java:logGet(43)) - raft.server.log.segment.size.max = 1048576 (custom)
2019-10-01 06:20:49,108 [pool-267-thread-1] INFO  server.RaftServerConfigKeys (ConfUtils.java:logGet(43)) - raft.server.log.segment.cache.num.max = 2 (custom)
2019-10-01 06:20:49,108 [pool-267-thread-1] INFO  segmented.SegmentedRaftLogWorker (SegmentedRaftLogWorker.java:<init>(173)) - new 25f8cd60-600d-4c27-9835-e918e1f0a30b@group-3E88DD30CC33-SegmentedRaftLogWorker for RaftStorage:Storage Directory /workdir/hadoop-ozone/integration-test/target/test-dir/MiniOzoneClusterImpl-9628f6ce-4133-4238-8eb2-672141be2bf9/datanode-6/data/ratis/97958d5f-e703-4176-87e7-3e88dd30cc33
2019-10-01 06:20:49,109 [pool-267-thread-1] INFO  server.RaftServerConfigKeys (ConfUtils.java:logGet(43)) - raft.server.log.queue.byte-limit = 2147483647 (custom)
2019-10-01 06:20:49,109 [pool-267-thread-1] INFO  server.RaftServerConfigKeys (ConfUtils.java:logGet(43)) - raft.server.log.queue.element-limit = 1024 (custom)
2019-10-01 06:20:49,109 [pool-267-thread-1] INFO  server.RaftServerConfigKeys (ConfUtils.java:logGet(43)) - raft.server.log.segment.size.max = 1048576 (custom)
2019-10-01 06:20:49,109 [pool-267-thread-1] INFO  server.RaftServerConfigKeys (ConfUtils.java:logGet(43)) - raft.server.log.preallocated.size = 16384 (custom)
2019-10-01 06:20:49,109 [pool-267-thread-1] INFO  server.RaftServerConfigKeys (ConfUtils.java:logGet(43)) - raft.server.log.write.buffer.size = 33554432 (custom)
2019-10-01 06:20:49,109 [pool-267-thread-1] INFO  server.RaftServerConfigKeys (ConfUtils.java:logGet(43)) - raft.server.log.force.sync.num = 128 (default)
2019-10-01 06:20:49,109 [pool-267-thread-1] INFO  server.RaftServerConfigKeys (ConfUtils.java:logGet(43)) - raft.server.log.statemachine.data.sync = true (default)
2019-10-01 06:20:49,110 [pool-267-thread-1] INFO  server.RaftServerConfigKeys (ConfUtils.java:logGet(43)) - raft.server.log.statemachine.data.sync.timeout = 10s (default)
2019-10-01 06:20:49,110 [pool-267-thread-1] INFO  server.RaftServerConfigKeys (ConfUtils.java:logGet(43)) - raft.server.log.statemachine.data.sync.timeout.retry = -1 (default)
2019-10-01 06:20:49,110 [pool-267-thread-1] INFO  server.RaftServerConfigKeys (ConfUtils.java:logGet(43)) - raft.server.log.statemachine.data.caching.enabled = true (custom)
2019-10-01 06:20:49,110 [pool-267-thread-1] INFO  segmented.SegmentedRaftLogWorker (SegmentedRaftLogWorker.java:lambda$new$0(128)) - 25f8cd60-600d-4c27-9835-e918e1f0a30b@group-3E88DD30CC33-SegmentedRaftLogWorker: flushIndex: setUnconditionally 0 -> -1
2019-10-01 06:20:49,111 [pool-267-thread-1] INFO  server.RaftServerConfigKeys (ConfUtils.java:logGet(43)) - raft.server.snapshot.auto.trigger.enabled = true (custom)
2019-10-01 06:20:49,111 [pool-267-thread-1] INFO  server.RaftServerConfigKeys (ConfUtils.java:logGet(43)) - raft.server.snapshot.auto.trigger.threshold = 10000 (custom)
2019-10-01 06:20:49,111 [pool-267-thread-1] INFO  server.RaftServerConfigKeys (ConfUtils.java:logGet(43)) - raft.server.snapshot.retention.file.num = 5 (custom)
2019-10-01 06:20:49,111 [pool-267-thread-1] INFO  server.RaftServerConfigKeys (ConfUtils.java:logGet(43)) - raft.server.retrycache.expirytime = 600000ms (custom)
2019-10-01 06:20:49,114 [pool-267-thread-1] INFO  impl.RaftServerImpl (RaftServerImpl.java:start(181)) - 25f8cd60-600d-4c27-9835-e918e1f0a30b@group-3E88DD30CC33: start as a follower, conf=-1: [25f8cd60-600d-4c27-9835-e918e1f0a30b:192.168.30.6:33755], old=null
2019-10-01 06:20:49,114 [pool-267-thread-1] INFO  impl.RaftServerImpl (RaftServerImpl.java:setRole(170)) - 25f8cd60-600d-4c27-9835-e918e1f0a30b@group-3E88DD30CC33: changes role from      null to FOLLOWER at term 0 for startAsFollower
2019-10-01 06:20:49,114 [pool-267-thread-1] INFO  impl.RoleInfo (RoleInfo.java:updateAndGet(143)) - 25f8cd60-600d-4c27-9835-e918e1f0a30b: start FollowerState
2019-10-01 06:20:49,114 [pool-267-thread-1] INFO  util.JmxRegister (JmxRegister.java:tryRegister(44)) - Successfully registered JMX Bean with object name Ratis:service=RaftServer,group=group-3E88DD30CC33,id=25f8cd60-600d-4c27-9835-e918e1f0a30b
2019-10-01 06:20:49,119 [RatisPipelineUtilsThread] INFO  pipeline.PipelineStateManager (PipelineStateManager.java:addPipeline(56)) - Created pipeline Pipeline[ Id: 97958d5f-e703-4176-87e7-3e88dd30cc33, Nodes: 25f8cd60-600d-4c27-9835-e918e1f0a30b{ip: 192.168.30.6, host: trunk-nightly-20191001-qpwks-271313263, networkLocation: /default-rack, certSerialId: null}, Type:RATIS, Factor:ONE, State:OPEN]
2019-10-01 06:20:49,125 [grpc-default-executor-3] INFO  impl.RaftServerProxy (RaftServerProxy.java:addNew(89)) - b13a3cc5-7860-43cb-88ea-b527511dabf1: addNew group-269C1CD02A6F:[b13a3cc5-7860-43cb-88ea-b527511dabf1:192.168.30.6:44781] returns group-269C1CD02A6F:java.util.concurrent.CompletableFuture@44ca5c36[Not completed]
2019-10-01 06:20:49,126 [pool-247-thread-1] INFO  impl.RaftServerImpl (RaftServerImpl.java:<init>(95)) - b13a3cc5-7860-43cb-88ea-b527511dabf1: new RaftServerImpl for group-269C1CD02A6F:[b13a3cc5-7860-43cb-88ea-b527511dabf1:192.168.30.6:44781] with ContainerStateMachine:uninitialized
2019-10-01 06:20:49,127 [pool-247-thread-1] INFO  server.RaftServerConfigKeys (ConfUtils.java:logGet(43)) - raft.server.rpc.timeout.min = 5s (custom)
2019-10-01 06:20:49,127 [pool-247-thread-1] INFO  server.RaftServerConfigKeys (ConfUtils.java:logGet(43)) - raft.server.rpc.timeout.max = 5200ms (custom)
2019-10-01 06:20:49,127 [pool-247-thread-1] INFO  server.RaftServerConfigKeys (ConfUtils.java:logGet(43)) - raft.server.rpcslowness.timeout = 120s (custom)
2019-10-01 06:20:49,127 [pool-247-thread-1] INFO  server.RaftServerConfigKeys (ConfUtils.java:logGet(43)) - raft.server.sleep.deviation.threshold = 300 (default)
2019-10-01 06:20:49,127 [pool-247-thread-1] INFO  server.RaftServerConfigKeys (ConfUtils.java:logGet(43)) - raft.server.log.appender.install.snapshot.enabled = false (custom)
2019-10-01 06:20:49,127 [pool-247-thread-1] INFO  impl.RaftServerImpl (ServerState.java:<init>(103)) - b13a3cc5-7860-43cb-88ea-b527511dabf1@group-269C1CD02A6F: ConfigurationManager, init=-1: [b13a3cc5-7860-43cb-88ea-b527511dabf1:192.168.30.6:44781], old=null, confs=<EMPTY_MAP>
2019-10-01 06:20:49,128 [pool-247-thread-1] INFO  server.RaftServerConfigKeys (ConfUtils.java:logGet(43)) - raft.server.storage.dir = [/workdir/hadoop-ozone/integration-test/target/test-dir/MiniOzoneClusterImpl-9628f6ce-4133-4238-8eb2-672141be2bf9/datanode-4/data/ratis] (custom)
2019-10-01 06:20:49,128 [pool-247-thread-1] INFO  server.RaftServerConfigKeys (ConfUtils.java:logGet(43)) - raft.server.log.corruption.policy = EXCEPTION (default)
2019-10-01 06:20:49,128 [pool-247-thread-1] INFO  storage.RaftStorageDirectory (RaftStorageDirectory.java:analyzeStorage(246)) - The storage directory /workdir/hadoop-ozone/integration-test/target/test-dir/MiniOzoneClusterImpl-9628f6ce-4133-4238-8eb2-672141be2bf9/datanode-4/data/ratis/5b3856cf-a0e6-47c5-8e07-269c1cd02a6f does not exist. Creating ...
2019-10-01 06:20:49,190 [pool-247-thread-1] INFO  storage.RaftStorageDirectory (RaftStorageDirectory.java:tryLock(328)) - Lock on /workdir/hadoop-ozone/integration-test/target/test-dir/MiniOzoneClusterImpl-9628f6ce-4133-4238-8eb2-672141be2bf9/datanode-4/data/ratis/5b3856cf-a0e6-47c5-8e07-269c1cd02a6f/in_use.lock acquired by nodename 11602@trunk-nightly-20191001-qpwks-271313263
2019-10-01 06:20:49,266 [pool-247-thread-1] INFO  storage.RaftStorage (RaftStorage.java:format(84)) - Storage directory /workdir/hadoop-ozone/integration-test/target/test-dir/MiniOzoneClusterImpl-9628f6ce-4133-4238-8eb2-672141be2bf9/datanode-4/data/ratis/5b3856cf-a0e6-47c5-8e07-269c1cd02a6f has been successfully formatted.
2019-10-01 06:20:49,267 [pool-247-thread-1] INFO  ratis.ContainerStateMachine (ContainerStateMachine.java:loadSnapshot(230)) - group-269C1CD02A6F: The snapshot info is null. Setting the last applied indexto:(t:0, i:~)
2019-10-01 06:20:49,267 [pool-247-thread-1] INFO  server.RaftServerConfigKeys (ConfUtils.java:logGet(43)) - raft.server.notification.no-leader.timeout = 120s (custom)
2019-10-01 06:20:49,267 [pool-247-thread-1] INFO  server.RaftServerConfigKeys (ConfUtils.java:logGet(43)) - raft.server.log.use.memory = false (default)
2019-10-01 06:20:49,267 [pool-247-thread-1] INFO  server.RaftServerConfigKeys (ConfUtils.java:logGet(43)) - raft.server.log.purge.gap = 1000000 (custom)
2019-10-01 06:20:49,267 [pool-247-thread-1] INFO  server.RaftServerConfigKeys (ConfUtils.java:logGet(43)) - raft.server.log.appender.buffer.byte-limit = 33554432 (custom)
2019-10-01 06:20:49,267 [pool-247-thread-1] INFO  server.RaftServerConfigKeys (ConfUtils.java:logGet(43)) - raft.server.log.segment.size.max = 1048576 (custom)
2019-10-01 06:20:49,268 [pool-247-thread-1] INFO  server.RaftServerConfigKeys (ConfUtils.java:logGet(43)) - raft.server.log.segment.cache.num.max = 2 (custom)
2019-10-01 06:20:49,268 [pool-247-thread-1] INFO  segmented.SegmentedRaftLogWorker (SegmentedRaftLogWorker.java:<init>(173)) - new b13a3cc5-7860-43cb-88ea-b527511dabf1@group-269C1CD02A6F-SegmentedRaftLogWorker for RaftStorage:Storage Directory /workdir/hadoop-ozone/integration-test/target/test-dir/MiniOzoneClusterImpl-9628f6ce-4133-4238-8eb2-672141be2bf9/datanode-4/data/ratis/5b3856cf-a0e6-47c5-8e07-269c1cd02a6f
2019-10-01 06:20:49,268 [pool-247-thread-1] INFO  server.RaftServerConfigKeys (ConfUtils.java:logGet(43)) - raft.server.log.queue.byte-limit = 2147483647 (custom)
2019-10-01 06:20:49,268 [pool-247-thread-1] INFO  server.RaftServerConfigKeys (ConfUtils.java:logGet(43)) - raft.server.log.queue.element-limit = 1024 (custom)
2019-10-01 06:20:49,268 [pool-247-thread-1] INFO  server.RaftServerConfigKeys (ConfUtils.java:logGet(43)) - raft.server.log.segment.size.max = 1048576 (custom)
2019-10-01 06:20:49,268 [pool-247-thread-1] INFO  server.RaftServerConfigKeys (ConfUtils.java:logGet(43)) - raft.server.log.preallocated.size = 16384 (custom)
2019-10-01 06:20:49,268 [pool-247-thread-1] INFO  server.RaftServerConfigKeys (ConfUtils.java:logGet(43)) - raft.server.log.write.buffer.size = 33554432 (custom)
2019-10-01 06:20:49,269 [pool-247-thread-1] INFO  server.RaftServerConfigKeys (ConfUtils.java:logGet(43)) - raft.server.log.force.sync.num = 128 (default)
2019-10-01 06:20:49,269 [pool-247-thread-1] INFO  server.RaftServerConfigKeys (ConfUtils.java:logGet(43)) - raft.server.log.statemachine.data.sync = true (default)
2019-10-01 06:20:49,269 [pool-247-thread-1] INFO  server.RaftServerConfigKeys (ConfUtils.java:logGet(43)) - raft.server.log.statemachine.data.sync.timeout = 10s (default)
2019-10-01 06:20:49,269 [pool-247-thread-1] INFO  server.RaftServerConfigKeys (ConfUtils.java:logGet(43)) - raft.server.log.statemachine.data.sync.timeout.retry = -1 (default)
2019-10-01 06:20:49,269 [pool-247-thread-1] INFO  server.RaftServerConfigKeys (ConfUtils.java:logGet(43)) - raft.server.log.statemachine.data.caching.enabled = true (custom)
2019-10-01 06:20:49,270 [pool-247-thread-1] INFO  segmented.SegmentedRaftLogWorker (SegmentedRaftLogWorker.java:lambda$new$0(128)) - b13a3cc5-7860-43cb-88ea-b527511dabf1@group-269C1CD02A6F-SegmentedRaftLogWorker: flushIndex: setUnconditionally 0 -> -1
2019-10-01 06:20:49,270 [pool-247-thread-1] INFO  server.RaftServerConfigKeys (ConfUtils.java:logGet(43)) - raft.server.snapshot.auto.trigger.enabled = true (custom)
2019-10-01 06:20:49,270 [pool-247-thread-1] INFO  server.RaftServerConfigKeys (ConfUtils.java:logGet(43)) - raft.server.snapshot.auto.trigger.threshold = 10000 (custom)
2019-10-01 06:20:49,270 [pool-247-thread-1] INFO  server.RaftServerConfigKeys (ConfUtils.java:logGet(43)) - raft.server.snapshot.retention.file.num = 5 (custom)
2019-10-01 06:20:49,271 [pool-247-thread-1] INFO  server.RaftServerConfigKeys (ConfUtils.java:logGet(43)) - raft.server.retrycache.expirytime = 600000ms (custom)
2019-10-01 06:20:49,273 [pool-247-thread-1] INFO  impl.RaftServerImpl (RaftServerImpl.java:start(181)) - b13a3cc5-7860-43cb-88ea-b527511dabf1@group-269C1CD02A6F: start as a follower, conf=-1: [b13a3cc5-7860-43cb-88ea-b527511dabf1:192.168.30.6:44781], old=null
2019-10-01 06:20:49,273 [pool-247-thread-1] INFO  impl.RaftServerImpl (RaftServerImpl.java:setRole(170)) - b13a3cc5-7860-43cb-88ea-b527511dabf1@group-269C1CD02A6F: changes role from      null to FOLLOWER at term 0 for startAsFollower
2019-10-01 06:20:49,273 [pool-247-thread-1] INFO  impl.RoleInfo (RoleInfo.java:updateAndGet(143)) - b13a3cc5-7860-43cb-88ea-b527511dabf1: start FollowerState
2019-10-01 06:20:49,273 [pool-247-thread-1] INFO  util.JmxRegister (JmxRegister.java:tryRegister(44)) - Successfully registered JMX Bean with object name Ratis:service=RaftServer,group=group-269C1CD02A6F,id=b13a3cc5-7860-43cb-88ea-b527511dabf1
2019-10-01 06:20:49,280 [RatisPipelineUtilsThread] INFO  pipeline.PipelineStateManager (PipelineStateManager.java:addPipeline(56)) - Created pipeline Pipeline[ Id: 5b3856cf-a0e6-47c5-8e07-269c1cd02a6f, Nodes: b13a3cc5-7860-43cb-88ea-b527511dabf1{ip: 192.168.30.6, host: trunk-nightly-20191001-qpwks-271313263, networkLocation: /default-rack, certSerialId: null}, Type:RATIS, Factor:ONE, State:OPEN]
2019-10-01 06:20:49,290 [grpc-default-executor-3] INFO  impl.RaftServerProxy (RaftServerProxy.java:addNew(89)) - 33dfb9e4-5af7-48c0-aed2-49a098141a6c: addNew group-9B719B475378:[33dfb9e4-5af7-48c0-aed2-49a098141a6c:192.168.30.6:41425] returns group-9B719B475378:java.util.concurrent.CompletableFuture@25a9d66a[Not completed]
2019-10-01 06:20:49,291 [pool-217-thread-1] INFO  impl.RaftServerImpl (RaftServerImpl.java:<init>(95)) - 33dfb9e4-5af7-48c0-aed2-49a098141a6c: new RaftServerImpl for group-9B719B475378:[33dfb9e4-5af7-48c0-aed2-49a098141a6c:192.168.30.6:41425] with ContainerStateMachine:uninitialized
2019-10-01 06:20:49,292 [pool-217-thread-1] INFO  server.RaftServerConfigKeys (ConfUtils.java:logGet(43)) - raft.server.rpc.timeout.min = 5s (custom)
2019-10-01 06:20:49,292 [pool-217-thread-1] INFO  server.RaftServerConfigKeys (ConfUtils.java:logGet(43)) - raft.server.rpc.timeout.max = 5200ms (custom)
2019-10-01 06:20:49,292 [pool-217-thread-1] INFO  server.RaftServerConfigKeys (ConfUtils.java:logGet(43)) - raft.server.rpcslowness.timeout = 120s (custom)
2019-10-01 06:20:49,292 [pool-217-thread-1] INFO  server.RaftServerConfigKeys (ConfUtils.java:logGet(43)) - raft.server.sleep.deviation.threshold = 300 (default)
2019-10-01 06:20:49,292 [pool-217-thread-1] INFO  server.RaftServerConfigKeys (ConfUtils.java:logGet(43)) - raft.server.log.appender.install.snapshot.enabled = false (custom)
2019-10-01 06:20:49,292 [pool-217-thread-1] INFO  impl.RaftServerImpl (ServerState.java:<init>(103)) - 33dfb9e4-5af7-48c0-aed2-49a098141a6c@group-9B719B475378: ConfigurationManager, init=-1: [33dfb9e4-5af7-48c0-aed2-49a098141a6c:192.168.30.6:41425], old=null, confs=<EMPTY_MAP>
2019-10-01 06:20:49,293 [pool-217-thread-1] INFO  server.RaftServerConfigKeys (ConfUtils.java:logGet(43)) - raft.server.storage.dir = [/workdir/hadoop-ozone/integration-test/target/test-dir/MiniOzoneClusterImpl-9628f6ce-4133-4238-8eb2-672141be2bf9/datanode-1/data/ratis] (custom)
2019-10-01 06:20:49,293 [pool-217-thread-1] INFO  server.RaftServerConfigKeys (ConfUtils.java:logGet(43)) - raft.server.log.corruption.policy = EXCEPTION (default)
2019-10-01 06:20:49,293 [pool-217-thread-1] INFO  storage.RaftStorageDirectory (RaftStorageDirectory.java:analyzeStorage(246)) - The storage directory /workdir/hadoop-ozone/integration-test/target/test-dir/MiniOzoneClusterImpl-9628f6ce-4133-4238-8eb2-672141be2bf9/datanode-1/data/ratis/8a0e1a62-7c42-4f1e-9e4e-9b719b475378 does not exist. Creating ...
2019-10-01 06:20:49,341 [pool-217-thread-1] INFO  storage.RaftStorageDirectory (RaftStorageDirectory.java:tryLock(328)) - Lock on /workdir/hadoop-ozone/integration-test/target/test-dir/MiniOzoneClusterImpl-9628f6ce-4133-4238-8eb2-672141be2bf9/datanode-1/data/ratis/8a0e1a62-7c42-4f1e-9e4e-9b719b475378/in_use.lock acquired by nodename 11602@trunk-nightly-20191001-qpwks-271313263
2019-10-01 06:20:49,400 [pool-217-thread-1] INFO  storage.RaftStorage (RaftStorage.java:format(84)) - Storage directory /workdir/hadoop-ozone/integration-test/target/test-dir/MiniOzoneClusterImpl-9628f6ce-4133-4238-8eb2-672141be2bf9/datanode-1/data/ratis/8a0e1a62-7c42-4f1e-9e4e-9b719b475378 has been successfully formatted.
2019-10-01 06:20:49,401 [pool-217-thread-1] INFO  ratis.ContainerStateMachine (ContainerStateMachine.java:loadSnapshot(230)) - group-9B719B475378: The snapshot info is null. Setting the last applied indexto:(t:0, i:~)
2019-10-01 06:20:49,401 [pool-217-thread-1] INFO  server.RaftServerConfigKeys (ConfUtils.java:logGet(43)) - raft.server.notification.no-leader.timeout = 120s (custom)
2019-10-01 06:20:49,401 [pool-217-thread-1] INFO  server.RaftServerConfigKeys (ConfUtils.java:logGet(43)) - raft.server.log.use.memory = false (default)
2019-10-01 06:20:49,401 [pool-217-thread-1] INFO  server.RaftServerConfigKeys (ConfUtils.java:logGet(43)) - raft.server.log.purge.gap = 1000000 (custom)
2019-10-01 06:20:49,401 [pool-217-thread-1] INFO  server.RaftServerConfigKeys (ConfUtils.java:logGet(43)) - raft.server.log.appender.buffer.byte-limit = 33554432 (custom)
2019-10-01 06:20:49,402 [pool-217-thread-1] INFO  server.RaftServerConfigKeys (ConfUtils.java:logGet(43)) - raft.server.log.segment.size.max = 1048576 (custom)
2019-10-01 06:20:49,402 [pool-217-thread-1] INFO  server.RaftServerConfigKeys (ConfUtils.java:logGet(43)) - raft.server.log.segment.cache.num.max = 2 (custom)
2019-10-01 06:20:49,402 [pool-217-thread-1] INFO  segmented.SegmentedRaftLogWorker (SegmentedRaftLogWorker.java:<init>(173)) - new 33dfb9e4-5af7-48c0-aed2-49a098141a6c@group-9B719B475378-SegmentedRaftLogWorker for RaftStorage:Storage Directory /workdir/hadoop-ozone/integration-test/target/test-dir/MiniOzoneClusterImpl-9628f6ce-4133-4238-8eb2-672141be2bf9/datanode-1/data/ratis/8a0e1a62-7c42-4f1e-9e4e-9b719b475378
2019-10-01 06:20:49,402 [pool-217-thread-1] INFO  server.RaftServerConfigKeys (ConfUtils.java:logGet(43)) - raft.server.log.queue.byte-limit = 2147483647 (custom)
2019-10-01 06:20:49,402 [pool-217-thread-1] INFO  server.RaftServerConfigKeys (ConfUtils.java:logGet(43)) - raft.server.log.queue.element-limit = 1024 (custom)
2019-10-01 06:20:49,402 [pool-217-thread-1] INFO  server.RaftServerConfigKeys (ConfUtils.java:logGet(43)) - raft.server.log.segment.size.max = 1048576 (custom)
2019-10-01 06:20:49,403 [pool-217-thread-1] INFO  server.RaftServerConfigKeys (ConfUtils.java:logGet(43)) - raft.server.log.preallocated.size = 16384 (custom)
2019-10-01 06:20:49,403 [pool-217-thread-1] INFO  server.RaftServerConfigKeys (ConfUtils.java:logGet(43)) - raft.server.log.write.buffer.size = 33554432 (custom)
2019-10-01 06:20:49,403 [pool-217-thread-1] INFO  server.RaftServerConfigKeys (ConfUtils.java:logGet(43)) - raft.server.log.force.sync.num = 128 (default)
2019-10-01 06:20:49,403 [pool-217-thread-1] INFO  server.RaftServerConfigKeys (ConfUtils.java:logGet(43)) - raft.server.log.statemachine.data.sync = true (default)
2019-10-01 06:20:49,403 [pool-217-thread-1] INFO  server.RaftServerConfigKeys (ConfUtils.java:logGet(43)) - raft.server.log.statemachine.data.sync.timeout = 10s (default)
2019-10-01 06:20:49,403 [pool-217-thread-1] INFO  server.RaftServerConfigKeys (ConfUtils.java:logGet(43)) - raft.server.log.statemachine.data.sync.timeout.retry = -1 (default)
2019-10-01 06:20:49,404 [pool-217-thread-1] INFO  server.RaftServerConfigKeys (ConfUtils.java:logGet(43)) - raft.server.log.statemachine.data.caching.enabled = true (custom)
2019-10-01 06:20:49,404 [pool-217-thread-1] INFO  segmented.SegmentedRaftLogWorker (SegmentedRaftLogWorker.java:lambda$new$0(128)) - 33dfb9e4-5af7-48c0-aed2-49a098141a6c@group-9B719B475378-SegmentedRaftLogWorker: flushIndex: setUnconditionally 0 -> -1
2019-10-01 06:20:49,405 [pool-217-thread-1] INFO  server.RaftServerConfigKeys (ConfUtils.java:logGet(43)) - raft.server.snapshot.auto.trigger.enabled = true (custom)
2019-10-01 06:20:49,405 [pool-217-thread-1] INFO  server.RaftServerConfigKeys (ConfUtils.java:logGet(43)) - raft.server.snapshot.auto.trigger.threshold = 10000 (custom)
2019-10-01 06:20:49,405 [pool-217-thread-1] INFO  server.RaftServerConfigKeys (ConfUtils.java:logGet(43)) - raft.server.snapshot.retention.file.num = 5 (custom)
2019-10-01 06:20:49,405 [pool-217-thread-1] INFO  server.RaftServerConfigKeys (ConfUtils.java:logGet(43)) - raft.server.retrycache.expirytime = 600000ms (custom)
2019-10-01 06:20:49,408 [pool-217-thread-1] INFO  impl.RaftServerImpl (RaftServerImpl.java:start(181)) - 33dfb9e4-5af7-48c0-aed2-49a098141a6c@group-9B719B475378: start as a follower, conf=-1: [33dfb9e4-5af7-48c0-aed2-49a098141a6c:192.168.30.6:41425], old=null
2019-10-01 06:20:49,408 [pool-217-thread-1] INFO  impl.RaftServerImpl (RaftServerImpl.java:setRole(170)) - 33dfb9e4-5af7-48c0-aed2-49a098141a6c@group-9B719B475378: changes role from      null to FOLLOWER at term 0 for startAsFollower
2019-10-01 06:20:49,408 [pool-217-thread-1] INFO  impl.RoleInfo (RoleInfo.java:updateAndGet(143)) - 33dfb9e4-5af7-48c0-aed2-49a098141a6c: start FollowerState
2019-10-01 06:20:49,408 [pool-217-thread-1] INFO  util.JmxRegister (JmxRegister.java:tryRegister(44)) - Successfully registered JMX Bean with object name Ratis:service=RaftServer,group=group-9B719B475378,id=33dfb9e4-5af7-48c0-aed2-49a098141a6c
2019-10-01 06:20:49,414 [RatisPipelineUtilsThread] INFO  pipeline.PipelineStateManager (PipelineStateManager.java:addPipeline(56)) - Created pipeline Pipeline[ Id: 8a0e1a62-7c42-4f1e-9e4e-9b719b475378, Nodes: 33dfb9e4-5af7-48c0-aed2-49a098141a6c{ip: 192.168.30.6, host: trunk-nightly-20191001-qpwks-271313263, networkLocation: /default-rack, certSerialId: null}, Type:RATIS, Factor:ONE, State:OPEN]
2019-10-01 06:20:49,425 [grpc-default-executor-3] INFO  impl.RaftServerProxy (RaftServerProxy.java:addNew(89)) - 16456ff1-4706-4be0-9304-666051378146: addNew group-97F4D2865E0A:[16456ff1-4706-4be0-9304-666051378146:192.168.30.6:38167] returns group-97F4D2865E0A:java.util.concurrent.CompletableFuture@2057e6da[Not completed]
2019-10-01 06:20:49,426 [pool-227-thread-1] INFO  impl.RaftServerImpl (RaftServerImpl.java:<init>(95)) - 16456ff1-4706-4be0-9304-666051378146: new RaftServerImpl for group-97F4D2865E0A:[16456ff1-4706-4be0-9304-666051378146:192.168.30.6:38167] with ContainerStateMachine:uninitialized
2019-10-01 06:20:49,426 [pool-227-thread-1] INFO  server.RaftServerConfigKeys (ConfUtils.java:logGet(43)) - raft.server.rpc.timeout.min = 5s (custom)
2019-10-01 06:20:49,426 [pool-227-thread-1] INFO  server.RaftServerConfigKeys (ConfUtils.java:logGet(43)) - raft.server.rpc.timeout.max = 5200ms (custom)
2019-10-01 06:20:49,427 [pool-227-thread-1] INFO  server.RaftServerConfigKeys (ConfUtils.java:logGet(43)) - raft.server.rpcslowness.timeout = 120s (custom)
2019-10-01 06:20:49,427 [pool-227-thread-1] INFO  server.RaftServerConfigKeys (ConfUtils.java:logGet(43)) - raft.server.sleep.deviation.threshold = 300 (default)
2019-10-01 06:20:49,427 [pool-227-thread-1] INFO  server.RaftServerConfigKeys (ConfUtils.java:logGet(43)) - raft.server.log.appender.install.snapshot.enabled = false (custom)
2019-10-01 06:20:49,427 [pool-227-thread-1] INFO  impl.RaftServerImpl (ServerState.java:<init>(103)) - 16456ff1-4706-4be0-9304-666051378146@group-97F4D2865E0A: ConfigurationManager, init=-1: [16456ff1-4706-4be0-9304-666051378146:192.168.30.6:38167], old=null, confs=<EMPTY_MAP>
2019-10-01 06:20:49,427 [pool-227-thread-1] INFO  server.RaftServerConfigKeys (ConfUtils.java:logGet(43)) - raft.server.storage.dir = [/workdir/hadoop-ozone/integration-test/target/test-dir/MiniOzoneClusterImpl-9628f6ce-4133-4238-8eb2-672141be2bf9/datanode-2/data/ratis] (custom)
2019-10-01 06:20:49,427 [pool-227-thread-1] INFO  server.RaftServerConfigKeys (ConfUtils.java:logGet(43)) - raft.server.log.corruption.policy = EXCEPTION (default)
2019-10-01 06:20:49,428 [pool-227-thread-1] INFO  storage.RaftStorageDirectory (RaftStorageDirectory.java:analyzeStorage(246)) - The storage directory /workdir/hadoop-ozone/integration-test/target/test-dir/MiniOzoneClusterImpl-9628f6ce-4133-4238-8eb2-672141be2bf9/datanode-2/data/ratis/79c710ef-fdf6-4435-8273-97f4d2865e0a does not exist. Creating ...
2019-10-01 06:20:49,476 [pool-227-thread-1] INFO  storage.RaftStorageDirectory (RaftStorageDirectory.java:tryLock(328)) - Lock on /workdir/hadoop-ozone/integration-test/target/test-dir/MiniOzoneClusterImpl-9628f6ce-4133-4238-8eb2-672141be2bf9/datanode-2/data/ratis/79c710ef-fdf6-4435-8273-97f4d2865e0a/in_use.lock acquired by nodename 11602@trunk-nightly-20191001-qpwks-271313263
2019-10-01 06:20:49,534 [pool-227-thread-1] INFO  storage.RaftStorage (RaftStorage.java:format(84)) - Storage directory /workdir/hadoop-ozone/integration-test/target/test-dir/MiniOzoneClusterImpl-9628f6ce-4133-4238-8eb2-672141be2bf9/datanode-2/data/ratis/79c710ef-fdf6-4435-8273-97f4d2865e0a has been successfully formatted.
2019-10-01 06:20:49,535 [pool-227-thread-1] INFO  ratis.ContainerStateMachine (ContainerStateMachine.java:loadSnapshot(230)) - group-97F4D2865E0A: The snapshot info is null. Setting the last applied indexto:(t:0, i:~)
2019-10-01 06:20:49,535 [pool-227-thread-1] INFO  server.RaftServerConfigKeys (ConfUtils.java:logGet(43)) - raft.server.notification.no-leader.timeout = 120s (custom)
2019-10-01 06:20:49,535 [pool-227-thread-1] INFO  server.RaftServerConfigKeys (ConfUtils.java:logGet(43)) - raft.server.log.use.memory = false (default)
2019-10-01 06:20:49,535 [pool-227-thread-1] INFO  server.RaftServerConfigKeys (ConfUtils.java:logGet(43)) - raft.server.log.purge.gap = 1000000 (custom)
2019-10-01 06:20:49,535 [pool-227-thread-1] INFO  server.RaftServerConfigKeys (ConfUtils.java:logGet(43)) - raft.server.log.appender.buffer.byte-limit = 33554432 (custom)
2019-10-01 06:20:49,536 [pool-227-thread-1] INFO  server.RaftServerConfigKeys (ConfUtils.java:logGet(43)) - raft.server.log.segment.size.max = 1048576 (custom)
2019-10-01 06:20:49,536 [pool-227-thread-1] INFO  server.RaftServerConfigKeys (ConfUtils.java:logGet(43)) - raft.server.log.segment.cache.num.max = 2 (custom)
2019-10-01 06:20:49,536 [pool-227-thread-1] INFO  segmented.SegmentedRaftLogWorker (SegmentedRaftLogWorker.java:<init>(173)) - new 16456ff1-4706-4be0-9304-666051378146@group-97F4D2865E0A-SegmentedRaftLogWorker for RaftStorage:Storage Directory /workdir/hadoop-ozone/integration-test/target/test-dir/MiniOzoneClusterImpl-9628f6ce-4133-4238-8eb2-672141be2bf9/datanode-2/data/ratis/79c710ef-fdf6-4435-8273-97f4d2865e0a
2019-10-01 06:20:49,536 [pool-227-thread-1] INFO  server.RaftServerConfigKeys (ConfUtils.java:logGet(43)) - raft.server.log.queue.byte-limit = 2147483647 (custom)
2019-10-01 06:20:49,536 [pool-227-thread-1] INFO  server.RaftServerConfigKeys (ConfUtils.java:logGet(43)) - raft.server.log.queue.element-limit = 1024 (custom)
2019-10-01 06:20:49,537 [pool-227-thread-1] INFO  server.RaftServerConfigKeys (ConfUtils.java:logGet(43)) - raft.server.log.segment.size.max = 1048576 (custom)
2019-10-01 06:20:49,537 [pool-227-thread-1] INFO  server.RaftServerConfigKeys (ConfUtils.java:logGet(43)) - raft.server.log.preallocated.size = 16384 (custom)
2019-10-01 06:20:49,537 [pool-227-thread-1] INFO  server.RaftServerConfigKeys (ConfUtils.java:logGet(43)) - raft.server.log.write.buffer.size = 33554432 (custom)
2019-10-01 06:20:49,537 [pool-227-thread-1] INFO  server.RaftServerConfigKeys (ConfUtils.java:logGet(43)) - raft.server.log.force.sync.num = 128 (default)
2019-10-01 06:20:49,537 [pool-227-thread-1] INFO  server.RaftServerConfigKeys (ConfUtils.java:logGet(43)) - raft.server.log.statemachine.data.sync = true (default)
2019-10-01 06:20:49,537 [pool-227-thread-1] INFO  server.RaftServerConfigKeys (ConfUtils.java:logGet(43)) - raft.server.log.statemachine.data.sync.timeout = 10s (default)
2019-10-01 06:20:49,538 [pool-227-thread-1] INFO  server.RaftServerConfigKeys (ConfUtils.java:logGet(43)) - raft.server.log.statemachine.data.sync.timeout.retry = -1 (default)
2019-10-01 06:20:49,538 [pool-227-thread-1] INFO  server.RaftServerConfigKeys (ConfUtils.java:logGet(43)) - raft.server.log.statemachine.data.caching.enabled = true (custom)
2019-10-01 06:20:49,538 [pool-227-thread-1] INFO  segmented.SegmentedRaftLogWorker (SegmentedRaftLogWorker.java:lambda$new$0(128)) - 16456ff1-4706-4be0-9304-666051378146@group-97F4D2865E0A-SegmentedRaftLogWorker: flushIndex: setUnconditionally 0 -> -1
2019-10-01 06:20:49,539 [pool-227-thread-1] INFO  server.RaftServerConfigKeys (ConfUtils.java:logGet(43)) - raft.server.snapshot.auto.trigger.enabled = true (custom)
2019-10-01 06:20:49,539 [pool-227-thread-1] INFO  server.RaftServerConfigKeys (ConfUtils.java:logGet(43)) - raft.server.snapshot.auto.trigger.threshold = 10000 (custom)
2019-10-01 06:20:49,539 [pool-227-thread-1] INFO  server.RaftServerConfigKeys (ConfUtils.java:logGet(43)) - raft.server.snapshot.retention.file.num = 5 (custom)
2019-10-01 06:20:49,539 [pool-227-thread-1] INFO  server.RaftServerConfigKeys (ConfUtils.java:logGet(43)) - raft.server.retrycache.expirytime = 600000ms (custom)
2019-10-01 06:20:49,541 [pool-227-thread-1] INFO  impl.RaftServerImpl (RaftServerImpl.java:start(181)) - 16456ff1-4706-4be0-9304-666051378146@group-97F4D2865E0A: start as a follower, conf=-1: [16456ff1-4706-4be0-9304-666051378146:192.168.30.6:38167], old=null
2019-10-01 06:20:49,541 [pool-227-thread-1] INFO  impl.RaftServerImpl (RaftServerImpl.java:setRole(170)) - 16456ff1-4706-4be0-9304-666051378146@group-97F4D2865E0A: changes role from      null to FOLLOWER at term 0 for startAsFollower
2019-10-01 06:20:49,542 [pool-227-thread-1] INFO  impl.RoleInfo (RoleInfo.java:updateAndGet(143)) - 16456ff1-4706-4be0-9304-666051378146: start FollowerState
2019-10-01 06:20:49,542 [pool-227-thread-1] INFO  util.JmxRegister (JmxRegister.java:tryRegister(44)) - Successfully registered JMX Bean with object name Ratis:service=RaftServer,group=group-97F4D2865E0A,id=16456ff1-4706-4be0-9304-666051378146
2019-10-01 06:20:49,547 [RatisPipelineUtilsThread] INFO  pipeline.PipelineStateManager (PipelineStateManager.java:addPipeline(56)) - Created pipeline Pipeline[ Id: 79c710ef-fdf6-4435-8273-97f4d2865e0a, Nodes: 16456ff1-4706-4be0-9304-666051378146{ip: 192.168.30.6, host: trunk-nightly-20191001-qpwks-271313263, networkLocation: /default-rack, certSerialId: null}, Type:RATIS, Factor:ONE, State:OPEN]
2019-10-01 06:20:49,562 [grpc-default-executor-3] INFO  impl.RaftServerProxy (RaftServerProxy.java:addNew(89)) - bc1318ca-f5f6-4141-bad7-95947e4e64a4: addNew group-B25FD11C9C75:[bc1318ca-f5f6-4141-bad7-95947e4e64a4:192.168.30.6:36815] returns group-B25FD11C9C75:java.util.concurrent.CompletableFuture@254eb46e[Not completed]
2019-10-01 06:20:49,563 [pool-257-thread-1] INFO  impl.RaftServerImpl (RaftServerImpl.java:<init>(95)) - bc1318ca-f5f6-4141-bad7-95947e4e64a4: new RaftServerImpl for group-B25FD11C9C75:[bc1318ca-f5f6-4141-bad7-95947e4e64a4:192.168.30.6:36815] with ContainerStateMachine:uninitialized
2019-10-01 06:20:49,563 [pool-257-thread-1] INFO  server.RaftServerConfigKeys (ConfUtils.java:logGet(43)) - raft.server.rpc.timeout.min = 5s (custom)
2019-10-01 06:20:49,563 [pool-257-thread-1] INFO  server.RaftServerConfigKeys (ConfUtils.java:logGet(43)) - raft.server.rpc.timeout.max = 5200ms (custom)
2019-10-01 06:20:49,564 [pool-257-thread-1] INFO  server.RaftServerConfigKeys (ConfUtils.java:logGet(43)) - raft.server.rpcslowness.timeout = 120s (custom)
2019-10-01 06:20:49,564 [pool-257-thread-1] INFO  server.RaftServerConfigKeys (ConfUtils.java:logGet(43)) - raft.server.sleep.deviation.threshold = 300 (default)
2019-10-01 06:20:49,564 [pool-257-thread-1] INFO  server.RaftServerConfigKeys (ConfUtils.java:logGet(43)) - raft.server.log.appender.install.snapshot.enabled = false (custom)
2019-10-01 06:20:49,564 [pool-257-thread-1] INFO  impl.RaftServerImpl (ServerState.java:<init>(103)) - bc1318ca-f5f6-4141-bad7-95947e4e64a4@group-B25FD11C9C75: ConfigurationManager, init=-1: [bc1318ca-f5f6-4141-bad7-95947e4e64a4:192.168.30.6:36815], old=null, confs=<EMPTY_MAP>
2019-10-01 06:20:49,564 [pool-257-thread-1] INFO  server.RaftServerConfigKeys (ConfUtils.java:logGet(43)) - raft.server.storage.dir = [/workdir/hadoop-ozone/integration-test/target/test-dir/MiniOzoneClusterImpl-9628f6ce-4133-4238-8eb2-672141be2bf9/datanode-5/data/ratis] (custom)
2019-10-01 06:20:49,564 [pool-257-thread-1] INFO  server.RaftServerConfigKeys (ConfUtils.java:logGet(43)) - raft.server.log.corruption.policy = EXCEPTION (default)
2019-10-01 06:20:49,565 [pool-257-thread-1] INFO  storage.RaftStorageDirectory (RaftStorageDirectory.java:analyzeStorage(246)) - The storage directory /workdir/hadoop-ozone/integration-test/target/test-dir/MiniOzoneClusterImpl-9628f6ce-4133-4238-8eb2-672141be2bf9/datanode-5/data/ratis/7893e2ad-bbea-48a1-a7cd-b25fd11c9c75 does not exist. Creating ...
2019-10-01 06:20:49,626 [pool-257-thread-1] INFO  storage.RaftStorageDirectory (RaftStorageDirectory.java:tryLock(328)) - Lock on /workdir/hadoop-ozone/integration-test/target/test-dir/MiniOzoneClusterImpl-9628f6ce-4133-4238-8eb2-672141be2bf9/datanode-5/data/ratis/7893e2ad-bbea-48a1-a7cd-b25fd11c9c75/in_use.lock acquired by nodename 11602@trunk-nightly-20191001-qpwks-271313263
2019-10-01 06:20:49,677 [pool-257-thread-1] INFO  storage.RaftStorage (RaftStorage.java:format(84)) - Storage directory /workdir/hadoop-ozone/integration-test/target/test-dir/MiniOzoneClusterImpl-9628f6ce-4133-4238-8eb2-672141be2bf9/datanode-5/data/ratis/7893e2ad-bbea-48a1-a7cd-b25fd11c9c75 has been successfully formatted.
2019-10-01 06:20:49,677 [pool-257-thread-1] INFO  ratis.ContainerStateMachine (ContainerStateMachine.java:loadSnapshot(230)) - group-B25FD11C9C75: The snapshot info is null. Setting the last applied indexto:(t:0, i:~)
2019-10-01 06:20:49,678 [pool-257-thread-1] INFO  server.RaftServerConfigKeys (ConfUtils.java:logGet(43)) - raft.server.notification.no-leader.timeout = 120s (custom)
2019-10-01 06:20:49,678 [pool-257-thread-1] INFO  server.RaftServerConfigKeys (ConfUtils.java:logGet(43)) - raft.server.log.use.memory = false (default)
2019-10-01 06:20:49,678 [pool-257-thread-1] INFO  server.RaftServerConfigKeys (ConfUtils.java:logGet(43)) - raft.server.log.purge.gap = 1000000 (custom)
2019-10-01 06:20:49,678 [pool-257-thread-1] INFO  server.RaftServerConfigKeys (ConfUtils.java:logGet(43)) - raft.server.log.appender.buffer.byte-limit = 33554432 (custom)
2019-10-01 06:20:49,678 [pool-257-thread-1] INFO  server.RaftServerConfigKeys (ConfUtils.java:logGet(43)) - raft.server.log.segment.size.max = 1048576 (custom)
2019-10-01 06:20:49,678 [pool-257-thread-1] INFO  server.RaftServerConfigKeys (ConfUtils.java:logGet(43)) - raft.server.log.segment.cache.num.max = 2 (custom)
2019-10-01 06:20:49,679 [pool-257-thread-1] INFO  segmented.SegmentedRaftLogWorker (SegmentedRaftLogWorker.java:<init>(173)) - new bc1318ca-f5f6-4141-bad7-95947e4e64a4@group-B25FD11C9C75-SegmentedRaftLogWorker for RaftStorage:Storage Directory /workdir/hadoop-ozone/integration-test/target/test-dir/MiniOzoneClusterImpl-9628f6ce-4133-4238-8eb2-672141be2bf9/datanode-5/data/ratis/7893e2ad-bbea-48a1-a7cd-b25fd11c9c75
2019-10-01 06:20:49,679 [pool-257-thread-1] INFO  server.RaftServerConfigKeys (ConfUtils.java:logGet(43)) - raft.server.log.queue.byte-limit = 2147483647 (custom)
2019-10-01 06:20:49,679 [pool-257-thread-1] INFO  server.RaftServerConfigKeys (ConfUtils.java:logGet(43)) - raft.server.log.queue.element-limit = 1024 (custom)
2019-10-01 06:20:49,679 [pool-257-thread-1] INFO  server.RaftServerConfigKeys (ConfUtils.java:logGet(43)) - raft.server.log.segment.size.max = 1048576 (custom)
2019-10-01 06:20:49,679 [pool-257-thread-1] INFO  server.RaftServerConfigKeys (ConfUtils.java:logGet(43)) - raft.server.log.preallocated.size = 16384 (custom)
2019-10-01 06:20:49,679 [pool-257-thread-1] INFO  server.RaftServerConfigKeys (ConfUtils.java:logGet(43)) - raft.server.log.write.buffer.size = 33554432 (custom)
2019-10-01 06:20:49,679 [pool-257-thread-1] INFO  server.RaftServerConfigKeys (ConfUtils.java:logGet(43)) - raft.server.log.force.sync.num = 128 (default)
2019-10-01 06:20:49,679 [pool-257-thread-1] INFO  server.RaftServerConfigKeys (ConfUtils.java:logGet(43)) - raft.server.log.statemachine.data.sync = true (default)
2019-10-01 06:20:49,680 [pool-257-thread-1] INFO  server.RaftServerConfigKeys (ConfUtils.java:logGet(43)) - raft.server.log.statemachine.data.sync.timeout = 10s (default)
2019-10-01 06:20:49,680 [pool-257-thread-1] INFO  server.RaftServerConfigKeys (ConfUtils.java:logGet(43)) - raft.server.log.statemachine.data.sync.timeout.retry = -1 (default)
2019-10-01 06:20:49,680 [pool-257-thread-1] INFO  server.RaftServerConfigKeys (ConfUtils.java:logGet(43)) - raft.server.log.statemachine.data.caching.enabled = true (custom)
2019-10-01 06:20:49,680 [pool-257-thread-1] INFO  segmented.SegmentedRaftLogWorker (SegmentedRaftLogWorker.java:lambda$new$0(128)) - bc1318ca-f5f6-4141-bad7-95947e4e64a4@group-B25FD11C9C75-SegmentedRaftLogWorker: flushIndex: setUnconditionally 0 -> -1
2019-10-01 06:20:49,680 [pool-257-thread-1] INFO  server.RaftServerConfigKeys (ConfUtils.java:logGet(43)) - raft.server.snapshot.auto.trigger.enabled = true (custom)
2019-10-01 06:20:49,681 [pool-257-thread-1] INFO  server.RaftServerConfigKeys (ConfUtils.java:logGet(43)) - raft.server.snapshot.auto.trigger.threshold = 10000 (custom)
2019-10-01 06:20:49,681 [pool-257-thread-1] INFO  server.RaftServerConfigKeys (ConfUtils.java:logGet(43)) - raft.server.snapshot.retention.file.num = 5 (custom)
2019-10-01 06:20:49,681 [pool-257-thread-1] INFO  server.RaftServerConfigKeys (ConfUtils.java:logGet(43)) - raft.server.retrycache.expirytime = 600000ms (custom)
2019-10-01 06:20:49,683 [pool-257-thread-1] INFO  impl.RaftServerImpl (RaftServerImpl.java:start(181)) - bc1318ca-f5f6-4141-bad7-95947e4e64a4@group-B25FD11C9C75: start as a follower, conf=-1: [bc1318ca-f5f6-4141-bad7-95947e4e64a4:192.168.30.6:36815], old=null
2019-10-01 06:20:49,683 [pool-257-thread-1] INFO  impl.RaftServerImpl (RaftServerImpl.java:setRole(170)) - bc1318ca-f5f6-4141-bad7-95947e4e64a4@group-B25FD11C9C75: changes role from      null to FOLLOWER at term 0 for startAsFollower
2019-10-01 06:20:49,683 [pool-257-thread-1] INFO  impl.RoleInfo (RoleInfo.java:updateAndGet(143)) - bc1318ca-f5f6-4141-bad7-95947e4e64a4: start FollowerState
2019-10-01 06:20:49,683 [pool-257-thread-1] INFO  util.JmxRegister (JmxRegister.java:tryRegister(44)) - Successfully registered JMX Bean with object name Ratis:service=RaftServer,group=group-B25FD11C9C75,id=bc1318ca-f5f6-4141-bad7-95947e4e64a4
2019-10-01 06:20:49,688 [RatisPipelineUtilsThread] INFO  pipeline.PipelineStateManager (PipelineStateManager.java:addPipeline(56)) - Created pipeline Pipeline[ Id: 7893e2ad-bbea-48a1-a7cd-b25fd11c9c75, Nodes: bc1318ca-f5f6-4141-bad7-95947e4e64a4{ip: 192.168.30.6, host: trunk-nightly-20191001-qpwks-271313263, networkLocation: /default-rack, certSerialId: null}, Type:RATIS, Factor:ONE, State:OPEN]
2019-10-01 06:20:49,693 [grpc-default-executor-3] INFO  impl.RaftServerProxy (RaftServerProxy.java:addNew(89)) - 0dfc571b-8a85-45e9-adb3-f42ff3a447fb: addNew group-337D875EDCCC:[0dfc571b-8a85-45e9-adb3-f42ff3a447fb:192.168.30.6:43200] returns group-337D875EDCCC:java.util.concurrent.CompletableFuture@5d0374f6[Not completed]
2019-10-01 06:20:49,694 [pool-207-thread-1] INFO  impl.RaftServerImpl (RaftServerImpl.java:<init>(95)) - 0dfc571b-8a85-45e9-adb3-f42ff3a447fb: new RaftServerImpl for group-337D875EDCCC:[0dfc571b-8a85-45e9-adb3-f42ff3a447fb:192.168.30.6:43200] with ContainerStateMachine:uninitialized
2019-10-01 06:20:49,695 [pool-207-thread-1] INFO  server.RaftServerConfigKeys (ConfUtils.java:logGet(43)) - raft.server.rpc.timeout.min = 5s (custom)
2019-10-01 06:20:49,695 [pool-207-thread-1] INFO  server.RaftServerConfigKeys (ConfUtils.java:logGet(43)) - raft.server.rpc.timeout.max = 5200ms (custom)
2019-10-01 06:20:49,695 [pool-207-thread-1] INFO  server.RaftServerConfigKeys (ConfUtils.java:logGet(43)) - raft.server.rpcslowness.timeout = 120s (custom)
2019-10-01 06:20:49,695 [pool-207-thread-1] INFO  server.RaftServerConfigKeys (ConfUtils.java:logGet(43)) - raft.server.sleep.deviation.threshold = 300 (default)
2019-10-01 06:20:49,695 [pool-207-thread-1] INFO  server.RaftServerConfigKeys (ConfUtils.java:logGet(43)) - raft.server.log.appender.install.snapshot.enabled = false (custom)
2019-10-01 06:20:49,695 [pool-207-thread-1] INFO  impl.RaftServerImpl (ServerState.java:<init>(103)) - 0dfc571b-8a85-45e9-adb3-f42ff3a447fb@group-337D875EDCCC: ConfigurationManager, init=-1: [0dfc571b-8a85-45e9-adb3-f42ff3a447fb:192.168.30.6:43200], old=null, confs=<EMPTY_MAP>
2019-10-01 06:20:49,695 [pool-207-thread-1] INFO  server.RaftServerConfigKeys (ConfUtils.java:logGet(43)) - raft.server.storage.dir = [/workdir/hadoop-ozone/integration-test/target/test-dir/MiniOzoneClusterImpl-9628f6ce-4133-4238-8eb2-672141be2bf9/datanode-0/data/ratis] (custom)
2019-10-01 06:20:49,696 [pool-207-thread-1] INFO  server.RaftServerConfigKeys (ConfUtils.java:logGet(43)) - raft.server.log.corruption.policy = EXCEPTION (default)
2019-10-01 06:20:49,696 [pool-207-thread-1] INFO  storage.RaftStorageDirectory (RaftStorageDirectory.java:analyzeStorage(246)) - The storage directory /workdir/hadoop-ozone/integration-test/target/test-dir/MiniOzoneClusterImpl-9628f6ce-4133-4238-8eb2-672141be2bf9/datanode-0/data/ratis/4a31e97c-fa27-49ad-94b9-337d875edccc does not exist. Creating ...
2019-10-01 06:20:49,986 [pool-207-thread-1] INFO  storage.RaftStorageDirectory (RaftStorageDirectory.java:tryLock(328)) - Lock on /workdir/hadoop-ozone/integration-test/target/test-dir/MiniOzoneClusterImpl-9628f6ce-4133-4238-8eb2-672141be2bf9/datanode-0/data/ratis/4a31e97c-fa27-49ad-94b9-337d875edccc/in_use.lock acquired by nodename 11602@trunk-nightly-20191001-qpwks-271313263
2019-10-01 06:20:50,945 [pool-207-thread-1] INFO  storage.RaftStorage (RaftStorage.java:format(84)) - Storage directory /workdir/hadoop-ozone/integration-test/target/test-dir/MiniOzoneClusterImpl-9628f6ce-4133-4238-8eb2-672141be2bf9/datanode-0/data/ratis/4a31e97c-fa27-49ad-94b9-337d875edccc has been successfully formatted.
2019-10-01 06:20:50,946 [pool-207-thread-1] INFO  ratis.ContainerStateMachine (ContainerStateMachine.java:loadSnapshot(230)) - group-337D875EDCCC: The snapshot info is null. Setting the last applied indexto:(t:0, i:~)
2019-10-01 06:20:50,946 [pool-207-thread-1] INFO  server.RaftServerConfigKeys (ConfUtils.java:logGet(43)) - raft.server.notification.no-leader.timeout = 120s (custom)
2019-10-01 06:20:50,946 [pool-207-thread-1] INFO  server.RaftServerConfigKeys (ConfUtils.java:logGet(43)) - raft.server.log.use.memory = false (default)
2019-10-01 06:20:50,946 [pool-207-thread-1] INFO  server.RaftServerConfigKeys (ConfUtils.java:logGet(43)) - raft.server.log.purge.gap = 1000000 (custom)
2019-10-01 06:20:50,946 [pool-207-thread-1] INFO  server.RaftServerConfigKeys (ConfUtils.java:logGet(43)) - raft.server.log.appender.buffer.byte-limit = 33554432 (custom)
2019-10-01 06:20:50,946 [pool-207-thread-1] INFO  server.RaftServerConfigKeys (ConfUtils.java:logGet(43)) - raft.server.log.segment.size.max = 1048576 (custom)
2019-10-01 06:20:50,946 [pool-207-thread-1] INFO  server.RaftServerConfigKeys (ConfUtils.java:logGet(43)) - raft.server.log.segment.cache.num.max = 2 (custom)
2019-10-01 06:20:50,946 [pool-207-thread-1] INFO  segmented.SegmentedRaftLogWorker (SegmentedRaftLogWorker.java:<init>(173)) - new 0dfc571b-8a85-45e9-adb3-f42ff3a447fb@group-337D875EDCCC-SegmentedRaftLogWorker for RaftStorage:Storage Directory /workdir/hadoop-ozone/integration-test/target/test-dir/MiniOzoneClusterImpl-9628f6ce-4133-4238-8eb2-672141be2bf9/datanode-0/data/ratis/4a31e97c-fa27-49ad-94b9-337d875edccc
2019-10-01 06:20:50,947 [pool-207-thread-1] INFO  server.RaftServerConfigKeys (ConfUtils.java:logGet(43)) - raft.server.log.queue.byte-limit = 2147483647 (custom)
2019-10-01 06:20:50,947 [pool-207-thread-1] INFO  server.RaftServerConfigKeys (ConfUtils.java:logGet(43)) - raft.server.log.queue.element-limit = 1024 (custom)
2019-10-01 06:20:50,947 [pool-207-thread-1] INFO  server.RaftServerConfigKeys (ConfUtils.java:logGet(43)) - raft.server.log.segment.size.max = 1048576 (custom)
2019-10-01 06:20:50,947 [pool-207-thread-1] INFO  server.RaftServerConfigKeys (ConfUtils.java:logGet(43)) - raft.server.log.preallocated.size = 16384 (custom)
2019-10-01 06:20:50,947 [pool-207-thread-1] INFO  server.RaftServerConfigKeys (ConfUtils.java:logGet(43)) - raft.server.log.write.buffer.size = 33554432 (custom)
2019-10-01 06:20:50,947 [pool-207-thread-1] INFO  server.RaftServerConfigKeys (ConfUtils.java:logGet(43)) - raft.server.log.force.sync.num = 128 (default)
2019-10-01 06:20:50,947 [pool-207-thread-1] INFO  server.RaftServerConfigKeys (ConfUtils.java:logGet(43)) - raft.server.log.statemachine.data.sync = true (default)
2019-10-01 06:20:50,947 [pool-207-thread-1] INFO  server.RaftServerConfigKeys (ConfUtils.java:logGet(43)) - raft.server.log.statemachine.data.sync.timeout = 10s (default)
2019-10-01 06:20:50,947 [pool-207-thread-1] INFO  server.RaftServerConfigKeys (ConfUtils.java:logGet(43)) - raft.server.log.statemachine.data.sync.timeout.retry = -1 (default)
2019-10-01 06:20:50,947 [pool-207-thread-1] INFO  server.RaftServerConfigKeys (ConfUtils.java:logGet(43)) - raft.server.log.statemachine.data.caching.enabled = true (custom)
2019-10-01 06:20:50,948 [pool-207-thread-1] INFO  segmented.SegmentedRaftLogWorker (SegmentedRaftLogWorker.java:lambda$new$0(128)) - 0dfc571b-8a85-45e9-adb3-f42ff3a447fb@group-337D875EDCCC-SegmentedRaftLogWorker: flushIndex: setUnconditionally 0 -> -1
2019-10-01 06:20:50,948 [pool-207-thread-1] INFO  server.RaftServerConfigKeys (ConfUtils.java:logGet(43)) - raft.server.snapshot.auto.trigger.enabled = true (custom)
2019-10-01 06:20:50,948 [pool-207-thread-1] INFO  server.RaftServerConfigKeys (ConfUtils.java:logGet(43)) - raft.server.snapshot.auto.trigger.threshold = 10000 (custom)
2019-10-01 06:20:50,948 [pool-207-thread-1] INFO  server.RaftServerConfigKeys (ConfUtils.java:logGet(43)) - raft.server.snapshot.retention.file.num = 5 (custom)
2019-10-01 06:20:50,948 [pool-207-thread-1] INFO  server.RaftServerConfigKeys (ConfUtils.java:logGet(43)) - raft.server.retrycache.expirytime = 600000ms (custom)
2019-10-01 06:20:50,949 [pool-207-thread-1] INFO  impl.RaftServerImpl (RaftServerImpl.java:start(181)) - 0dfc571b-8a85-45e9-adb3-f42ff3a447fb@group-337D875EDCCC: start as a follower, conf=-1: [0dfc571b-8a85-45e9-adb3-f42ff3a447fb:192.168.30.6:43200], old=null
2019-10-01 06:20:50,950 [pool-207-thread-1] INFO  impl.RaftServerImpl (RaftServerImpl.java:setRole(170)) - 0dfc571b-8a85-45e9-adb3-f42ff3a447fb@group-337D875EDCCC: changes role from      null to FOLLOWER at term 0 for startAsFollower
2019-10-01 06:20:50,950 [pool-207-thread-1] INFO  impl.RoleInfo (RoleInfo.java:updateAndGet(143)) - 0dfc571b-8a85-45e9-adb3-f42ff3a447fb: start FollowerState
2019-10-01 06:20:50,950 [pool-207-thread-1] INFO  util.JmxRegister (JmxRegister.java:tryRegister(44)) - Successfully registered JMX Bean with object name Ratis:service=RaftServer,group=group-337D875EDCCC,id=0dfc571b-8a85-45e9-adb3-f42ff3a447fb
2019-10-01 06:20:50,954 [RatisPipelineUtilsThread] INFO  pipeline.PipelineStateManager (PipelineStateManager.java:addPipeline(56)) - Created pipeline Pipeline[ Id: 4a31e97c-fa27-49ad-94b9-337d875edccc, Nodes: 0dfc571b-8a85-45e9-adb3-f42ff3a447fb{ip: 192.168.30.6, host: trunk-nightly-20191001-qpwks-271313263, networkLocation: /default-rack, certSerialId: null}, Type:RATIS, Factor:ONE, State:OPEN]
2019-10-01 06:20:50,964 [grpc-default-executor-3] INFO  impl.RaftServerProxy (RaftServerProxy.java:addNew(89)) - 12b52986-f812-4a0e-b5ca-19605aac5ce5: addNew group-5E182C0C5C4F:[12b52986-f812-4a0e-b5ca-19605aac5ce5:192.168.30.6:35515] returns group-5E182C0C5C4F:java.util.concurrent.CompletableFuture@11b0d4f1[Not completed]
2019-10-01 06:20:50,965 [pool-237-thread-1] INFO  impl.RaftServerImpl (RaftServerImpl.java:<init>(95)) - 12b52986-f812-4a0e-b5ca-19605aac5ce5: new RaftServerImpl for group-5E182C0C5C4F:[12b52986-f812-4a0e-b5ca-19605aac5ce5:192.168.30.6:35515] with ContainerStateMachine:uninitialized
2019-10-01 06:20:50,965 [pool-237-thread-1] INFO  server.RaftServerConfigKeys (ConfUtils.java:logGet(43)) - raft.server.rpc.timeout.min = 5s (custom)
2019-10-01 06:20:50,965 [pool-237-thread-1] INFO  server.RaftServerConfigKeys (ConfUtils.java:logGet(43)) - raft.server.rpc.timeout.max = 5200ms (custom)
2019-10-01 06:20:50,965 [pool-237-thread-1] INFO  server.RaftServerConfigKeys (ConfUtils.java:logGet(43)) - raft.server.rpcslowness.timeout = 120s (custom)
2019-10-01 06:20:50,965 [pool-237-thread-1] INFO  server.RaftServerConfigKeys (ConfUtils.java:logGet(43)) - raft.server.sleep.deviation.threshold = 300 (default)
2019-10-01 06:20:50,965 [pool-237-thread-1] INFO  server.RaftServerConfigKeys (ConfUtils.java:logGet(43)) - raft.server.log.appender.install.snapshot.enabled = false (custom)
2019-10-01 06:20:50,965 [pool-237-thread-1] INFO  impl.RaftServerImpl (ServerState.java:<init>(103)) - 12b52986-f812-4a0e-b5ca-19605aac5ce5@group-5E182C0C5C4F: ConfigurationManager, init=-1: [12b52986-f812-4a0e-b5ca-19605aac5ce5:192.168.30.6:35515], old=null, confs=<EMPTY_MAP>
2019-10-01 06:20:50,965 [pool-237-thread-1] INFO  server.RaftServerConfigKeys (ConfUtils.java:logGet(43)) - raft.server.storage.dir = [/workdir/hadoop-ozone/integration-test/target/test-dir/MiniOzoneClusterImpl-9628f6ce-4133-4238-8eb2-672141be2bf9/datanode-3/data/ratis] (custom)
2019-10-01 06:20:50,966 [pool-237-thread-1] INFO  server.RaftServerConfigKeys (ConfUtils.java:logGet(43)) - raft.server.log.corruption.policy = EXCEPTION (default)
2019-10-01 06:20:50,966 [pool-237-thread-1] INFO  storage.RaftStorageDirectory (RaftStorageDirectory.java:analyzeStorage(246)) - The storage directory /workdir/hadoop-ozone/integration-test/target/test-dir/MiniOzoneClusterImpl-9628f6ce-4133-4238-8eb2-672141be2bf9/datanode-3/data/ratis/aa582110-eda5-4168-8b0c-5e182c0c5c4f does not exist. Creating ...
2019-10-01 06:20:50,984 [pool-237-thread-1] INFO  storage.RaftStorageDirectory (RaftStorageDirectory.java:tryLock(328)) - Lock on /workdir/hadoop-ozone/integration-test/target/test-dir/MiniOzoneClusterImpl-9628f6ce-4133-4238-8eb2-672141be2bf9/datanode-3/data/ratis/aa582110-eda5-4168-8b0c-5e182c0c5c4f/in_use.lock acquired by nodename 11602@trunk-nightly-20191001-qpwks-271313263
2019-10-01 06:20:51,004 [pool-237-thread-1] INFO  storage.RaftStorage (RaftStorage.java:format(84)) - Storage directory /workdir/hadoop-ozone/integration-test/target/test-dir/MiniOzoneClusterImpl-9628f6ce-4133-4238-8eb2-672141be2bf9/datanode-3/data/ratis/aa582110-eda5-4168-8b0c-5e182c0c5c4f has been successfully formatted.
2019-10-01 06:20:51,004 [pool-237-thread-1] INFO  ratis.ContainerStateMachine (ContainerStateMachine.java:loadSnapshot(230)) - group-5E182C0C5C4F: The snapshot info is null. Setting the last applied indexto:(t:0, i:~)
2019-10-01 06:20:51,004 [pool-237-thread-1] INFO  server.RaftServerConfigKeys (ConfUtils.java:logGet(43)) - raft.server.notification.no-leader.timeout = 120s (custom)
2019-10-01 06:20:51,004 [pool-237-thread-1] INFO  server.RaftServerConfigKeys (ConfUtils.java:logGet(43)) - raft.server.log.use.memory = false (default)
2019-10-01 06:20:51,004 [pool-237-thread-1] INFO  server.RaftServerConfigKeys (ConfUtils.java:logGet(43)) - raft.server.log.purge.gap = 1000000 (custom)
2019-10-01 06:20:51,005 [pool-237-thread-1] INFO  server.RaftServerConfigKeys (ConfUtils.java:logGet(43)) - raft.server.log.appender.buffer.byte-limit = 33554432 (custom)
2019-10-01 06:20:51,005 [pool-237-thread-1] INFO  server.RaftServerConfigKeys (ConfUtils.java:logGet(43)) - raft.server.log.segment.size.max = 1048576 (custom)
2019-10-01 06:20:51,006 [pool-237-thread-1] INFO  server.RaftServerConfigKeys (ConfUtils.java:logGet(43)) - raft.server.log.segment.cache.num.max = 2 (custom)
2019-10-01 06:20:51,006 [pool-237-thread-1] INFO  segmented.SegmentedRaftLogWorker (SegmentedRaftLogWorker.java:<init>(173)) - new 12b52986-f812-4a0e-b5ca-19605aac5ce5@group-5E182C0C5C4F-SegmentedRaftLogWorker for RaftStorage:Storage Directory /workdir/hadoop-ozone/integration-test/target/test-dir/MiniOzoneClusterImpl-9628f6ce-4133-4238-8eb2-672141be2bf9/datanode-3/data/ratis/aa582110-eda5-4168-8b0c-5e182c0c5c4f
2019-10-01 06:20:51,007 [pool-237-thread-1] INFO  server.RaftServerConfigKeys (ConfUtils.java:logGet(43)) - raft.server.log.queue.byte-limit = 2147483647 (custom)
2019-10-01 06:20:51,007 [pool-237-thread-1] INFO  server.RaftServerConfigKeys (ConfUtils.java:logGet(43)) - raft.server.log.queue.element-limit = 1024 (custom)
2019-10-01 06:20:51,007 [pool-237-thread-1] INFO  server.RaftServerConfigKeys (ConfUtils.java:logGet(43)) - raft.server.log.segment.size.max = 1048576 (custom)
2019-10-01 06:20:51,007 [pool-237-thread-1] INFO  server.RaftServerConfigKeys (ConfUtils.java:logGet(43)) - raft.server.log.preallocated.size = 16384 (custom)
2019-10-01 06:20:51,007 [pool-237-thread-1] INFO  server.RaftServerConfigKeys (ConfUtils.java:logGet(43)) - raft.server.log.write.buffer.size = 33554432 (custom)
2019-10-01 06:20:51,007 [pool-237-thread-1] INFO  server.RaftServerConfigKeys (ConfUtils.java:logGet(43)) - raft.server.log.force.sync.num = 128 (default)
2019-10-01 06:20:51,007 [pool-237-thread-1] INFO  server.RaftServerConfigKeys (ConfUtils.java:logGet(43)) - raft.server.log.statemachine.data.sync = true (default)
2019-10-01 06:20:51,007 [pool-237-thread-1] INFO  server.RaftServerConfigKeys (ConfUtils.java:logGet(43)) - raft.server.log.statemachine.data.sync.timeout = 10s (default)
2019-10-01 06:20:51,007 [pool-237-thread-1] INFO  server.RaftServerConfigKeys (ConfUtils.java:logGet(43)) - raft.server.log.statemachine.data.sync.timeout.retry = -1 (default)
2019-10-01 06:20:51,008 [pool-237-thread-1] INFO  server.RaftServerConfigKeys (ConfUtils.java:logGet(43)) - raft.server.log.statemachine.data.caching.enabled = true (custom)
2019-10-01 06:20:51,009 [pool-237-thread-1] INFO  segmented.SegmentedRaftLogWorker (SegmentedRaftLogWorker.java:lambda$new$0(128)) - 12b52986-f812-4a0e-b5ca-19605aac5ce5@group-5E182C0C5C4F-SegmentedRaftLogWorker: flushIndex: setUnconditionally 0 -> -1
2019-10-01 06:20:51,009 [pool-237-thread-1] INFO  server.RaftServerConfigKeys (ConfUtils.java:logGet(43)) - raft.server.snapshot.auto.trigger.enabled = true (custom)
2019-10-01 06:20:51,009 [pool-237-thread-1] INFO  server.RaftServerConfigKeys (ConfUtils.java:logGet(43)) - raft.server.snapshot.auto.trigger.threshold = 10000 (custom)
2019-10-01 06:20:51,009 [pool-237-thread-1] INFO  server.RaftServerConfigKeys (ConfUtils.java:logGet(43)) - raft.server.snapshot.retention.file.num = 5 (custom)
2019-10-01 06:20:51,009 [pool-237-thread-1] INFO  server.RaftServerConfigKeys (ConfUtils.java:logGet(43)) - raft.server.retrycache.expirytime = 600000ms (custom)
2019-10-01 06:20:51,011 [pool-237-thread-1] INFO  impl.RaftServerImpl (RaftServerImpl.java:start(181)) - 12b52986-f812-4a0e-b5ca-19605aac5ce5@group-5E182C0C5C4F: start as a follower, conf=-1: [12b52986-f812-4a0e-b5ca-19605aac5ce5:192.168.30.6:35515], old=null
2019-10-01 06:20:51,011 [pool-237-thread-1] INFO  impl.RaftServerImpl (RaftServerImpl.java:setRole(170)) - 12b52986-f812-4a0e-b5ca-19605aac5ce5@group-5E182C0C5C4F: changes role from      null to FOLLOWER at term 0 for startAsFollower
2019-10-01 06:20:51,011 [pool-237-thread-1] INFO  impl.RoleInfo (RoleInfo.java:updateAndGet(143)) - 12b52986-f812-4a0e-b5ca-19605aac5ce5: start FollowerState
2019-10-01 06:20:51,011 [pool-237-thread-1] INFO  util.JmxRegister (JmxRegister.java:tryRegister(44)) - Successfully registered JMX Bean with object name Ratis:service=RaftServer,group=group-5E182C0C5C4F,id=12b52986-f812-4a0e-b5ca-19605aac5ce5
2019-10-01 06:20:51,015 [RatisPipelineUtilsThread] INFO  pipeline.PipelineStateManager (PipelineStateManager.java:addPipeline(56)) - Created pipeline Pipeline[ Id: aa582110-eda5-4168-8b0c-5e182c0c5c4f, Nodes: 12b52986-f812-4a0e-b5ca-19605aac5ce5{ip: 192.168.30.6, host: trunk-nightly-20191001-qpwks-271313263, networkLocation: /default-rack, certSerialId: null}, Type:RATIS, Factor:ONE, State:OPEN]
2019-10-01 06:20:53,730 [Thread-1412] INFO  impl.FollowerState (FollowerState.java:run(108)) - b13a3cc5-7860-43cb-88ea-b527511dabf1@group-3AEA3A3A61FF-FollowerState: change to CANDIDATE, lastRpcTime:5047ms, electionTimeout:5047ms
2019-10-01 06:20:53,730 [Thread-1412] INFO  impl.RoleInfo (RoleInfo.java:shutdownFollowerState(121)) - b13a3cc5-7860-43cb-88ea-b527511dabf1: shutdown FollowerState
2019-10-01 06:20:53,730 [Thread-1412] INFO  impl.RaftServerImpl (RaftServerImpl.java:setRole(170)) - b13a3cc5-7860-43cb-88ea-b527511dabf1@group-3AEA3A3A61FF: changes role from  FOLLOWER to CANDIDATE at term 0 for changeToCandidate
2019-10-01 06:20:53,730 [Thread-1412] INFO  impl.RoleInfo (RoleInfo.java:updateAndGet(143)) - b13a3cc5-7860-43cb-88ea-b527511dabf1: start LeaderElection
2019-10-01 06:20:53,751 [Thread-1411] INFO  impl.FollowerState (FollowerState.java:run(108)) - 25f8cd60-600d-4c27-9835-e918e1f0a30b@group-3AEA3A3A61FF-FollowerState: change to CANDIDATE, lastRpcTime:5072ms, electionTimeout:5072ms
2019-10-01 06:20:53,751 [Thread-1411] INFO  impl.RoleInfo (RoleInfo.java:shutdownFollowerState(121)) - 25f8cd60-600d-4c27-9835-e918e1f0a30b: shutdown FollowerState
2019-10-01 06:20:53,751 [Thread-1411] INFO  impl.RaftServerImpl (RaftServerImpl.java:setRole(170)) - 25f8cd60-600d-4c27-9835-e918e1f0a30b@group-3AEA3A3A61FF: changes role from  FOLLOWER to CANDIDATE at term 0 for changeToCandidate
2019-10-01 06:20:53,751 [Thread-1411] INFO  impl.RoleInfo (RoleInfo.java:updateAndGet(143)) - 25f8cd60-600d-4c27-9835-e918e1f0a30b: start LeaderElection
2019-10-01 06:20:53,758 [Thread-1414] INFO  impl.FollowerState (FollowerState.java:run(108)) - 33dfb9e4-5af7-48c0-aed2-49a098141a6c@group-3AEA3A3A61FF-FollowerState: change to CANDIDATE, lastRpcTime:5072ms, electionTimeout:5070ms
2019-10-01 06:20:53,758 [b13a3cc5-7860-43cb-88ea-b527511dabf1@group-3AEA3A3A61FF-LeaderElection58] INFO  impl.LeaderElection (LeaderElection.java:askForVotes(178)) - b13a3cc5-7860-43cb-88ea-b527511dabf1@group-3AEA3A3A61FF-LeaderElection58: begin an election at term 1 for -1: [25f8cd60-600d-4c27-9835-e918e1f0a30b:192.168.30.6:33755, b13a3cc5-7860-43cb-88ea-b527511dabf1:192.168.30.6:44781, 33dfb9e4-5af7-48c0-aed2-49a098141a6c:192.168.30.6:41425], old=null
2019-10-01 06:20:53,758 [Thread-1414] INFO  impl.RoleInfo (RoleInfo.java:shutdownFollowerState(121)) - 33dfb9e4-5af7-48c0-aed2-49a098141a6c: shutdown FollowerState
2019-10-01 06:20:53,758 [Thread-1414] INFO  impl.RaftServerImpl (RaftServerImpl.java:setRole(170)) - 33dfb9e4-5af7-48c0-aed2-49a098141a6c@group-3AEA3A3A61FF: changes role from  FOLLOWER to CANDIDATE at term 0 for changeToCandidate
2019-10-01 06:20:53,759 [Thread-1414] INFO  impl.RoleInfo (RoleInfo.java:updateAndGet(143)) - 33dfb9e4-5af7-48c0-aed2-49a098141a6c: start LeaderElection
2019-10-01 06:20:53,788 [25f8cd60-600d-4c27-9835-e918e1f0a30b@group-3AEA3A3A61FF-LeaderElection59] INFO  impl.LeaderElection (LeaderElection.java:askForVotes(178)) - 25f8cd60-600d-4c27-9835-e918e1f0a30b@group-3AEA3A3A61FF-LeaderElection59: begin an election at term 1 for -1: [25f8cd60-600d-4c27-9835-e918e1f0a30b:192.168.30.6:33755, b13a3cc5-7860-43cb-88ea-b527511dabf1:192.168.30.6:44781, 33dfb9e4-5af7-48c0-aed2-49a098141a6c:192.168.30.6:41425], old=null
2019-10-01 06:20:53,796 [33dfb9e4-5af7-48c0-aed2-49a098141a6c@group-3AEA3A3A61FF-LeaderElection60] INFO  impl.LeaderElection (LeaderElection.java:askForVotes(178)) - 33dfb9e4-5af7-48c0-aed2-49a098141a6c@group-3AEA3A3A61FF-LeaderElection60: begin an election at term 1 for -1: [25f8cd60-600d-4c27-9835-e918e1f0a30b:192.168.30.6:33755, b13a3cc5-7860-43cb-88ea-b527511dabf1:192.168.30.6:44781, 33dfb9e4-5af7-48c0-aed2-49a098141a6c:192.168.30.6:41425], old=null
2019-10-01 06:20:53,797 [25f8cd60-600d-4c27-9835-e918e1f0a30b@group-3AEA3A3A61FF-LeaderElection59] INFO  impl.LeaderElection (LeaderElection.java:logAndReturn(56)) - 25f8cd60-600d-4c27-9835-e918e1f0a30b@group-3AEA3A3A61FF-LeaderElection59: Election REJECTED; received 2 response(s) [25f8cd60-600d-4c27-9835-e918e1f0a30b<-b13a3cc5-7860-43cb-88ea-b527511dabf1#0:FAIL-t1, 25f8cd60-600d-4c27-9835-e918e1f0a30b<-33dfb9e4-5af7-48c0-aed2-49a098141a6c#0:FAIL-t1] and 0 exception(s); 25f8cd60-600d-4c27-9835-e918e1f0a30b@group-3AEA3A3A61FF:t1, leader=null, voted=25f8cd60-600d-4c27-9835-e918e1f0a30b, raftlog=25f8cd60-600d-4c27-9835-e918e1f0a30b@group-3AEA3A3A61FF-SegmentedRaftLog:OPENED:c-1,f-1,i0, conf=-1: [25f8cd60-600d-4c27-9835-e918e1f0a30b:192.168.30.6:33755, b13a3cc5-7860-43cb-88ea-b527511dabf1:192.168.30.6:44781, 33dfb9e4-5af7-48c0-aed2-49a098141a6c:192.168.30.6:41425], old=null
2019-10-01 06:20:53,797 [25f8cd60-600d-4c27-9835-e918e1f0a30b@group-3AEA3A3A61FF-LeaderElection59] INFO  impl.RaftServerImpl (RaftServerImpl.java:setRole(170)) - 25f8cd60-600d-4c27-9835-e918e1f0a30b@group-3AEA3A3A61FF: changes role from CANDIDATE to FOLLOWER at term 1 for DISCOVERED_A_NEW_TERM
2019-10-01 06:20:53,798 [25f8cd60-600d-4c27-9835-e918e1f0a30b@group-3AEA3A3A61FF-LeaderElection59] INFO  impl.RoleInfo (RoleInfo.java:shutdownLeaderElection(134)) - 25f8cd60-600d-4c27-9835-e918e1f0a30b: shutdown LeaderElection
2019-10-01 06:20:53,798 [b13a3cc5-7860-43cb-88ea-b527511dabf1@group-3AEA3A3A61FF-LeaderElection58] INFO  impl.LeaderElection (LeaderElection.java:logAndReturn(56)) - b13a3cc5-7860-43cb-88ea-b527511dabf1@group-3AEA3A3A61FF-LeaderElection58: Election REJECTED; received 2 response(s) [b13a3cc5-7860-43cb-88ea-b527511dabf1<-25f8cd60-600d-4c27-9835-e918e1f0a30b#0:FAIL-t1, b13a3cc5-7860-43cb-88ea-b527511dabf1<-33dfb9e4-5af7-48c0-aed2-49a098141a6c#0:FAIL-t1] and 0 exception(s); b13a3cc5-7860-43cb-88ea-b527511dabf1@group-3AEA3A3A61FF:t1, leader=null, voted=b13a3cc5-7860-43cb-88ea-b527511dabf1, raftlog=b13a3cc5-7860-43cb-88ea-b527511dabf1@group-3AEA3A3A61FF-SegmentedRaftLog:OPENED:c-1,f-1,i0, conf=-1: [25f8cd60-600d-4c27-9835-e918e1f0a30b:192.168.30.6:33755, b13a3cc5-7860-43cb-88ea-b527511dabf1:192.168.30.6:44781, 33dfb9e4-5af7-48c0-aed2-49a098141a6c:192.168.30.6:41425], old=null
2019-10-01 06:20:53,819 [Thread-1406] INFO  impl.FollowerState (FollowerState.java:run(108)) - 0dfc571b-8a85-45e9-adb3-f42ff3a447fb@group-2102BF9A21D2-FollowerState: change to CANDIDATE, lastRpcTime:5162ms, electionTimeout:5156ms
2019-10-01 06:20:53,822 [25f8cd60-600d-4c27-9835-e918e1f0a30b@group-3AEA3A3A61FF-LeaderElection59] INFO  impl.RoleInfo (RoleInfo.java:updateAndGet(143)) - 25f8cd60-600d-4c27-9835-e918e1f0a30b: start FollowerState
2019-10-01 06:20:53,826 [Thread-1406] INFO  impl.RoleInfo (RoleInfo.java:shutdownFollowerState(121)) - 0dfc571b-8a85-45e9-adb3-f42ff3a447fb: shutdown FollowerState
2019-10-01 06:20:53,826 [b13a3cc5-7860-43cb-88ea-b527511dabf1@group-3AEA3A3A61FF-LeaderElection58] INFO  impl.RaftServerImpl (RaftServerImpl.java:setRole(170)) - b13a3cc5-7860-43cb-88ea-b527511dabf1@group-3AEA3A3A61FF: changes role from CANDIDATE to FOLLOWER at term 1 for DISCOVERED_A_NEW_TERM
2019-10-01 06:20:53,826 [Thread-1406] INFO  impl.RaftServerImpl (RaftServerImpl.java:setRole(170)) - 0dfc571b-8a85-45e9-adb3-f42ff3a447fb@group-2102BF9A21D2: changes role from  FOLLOWER to CANDIDATE at term 0 for changeToCandidate
2019-10-01 06:20:53,826 [b13a3cc5-7860-43cb-88ea-b527511dabf1@group-3AEA3A3A61FF-LeaderElection58] INFO  impl.RoleInfo (RoleInfo.java:shutdownLeaderElection(134)) - b13a3cc5-7860-43cb-88ea-b527511dabf1: shutdown LeaderElection
2019-10-01 06:20:53,826 [Thread-1406] INFO  impl.RoleInfo (RoleInfo.java:updateAndGet(143)) - 0dfc571b-8a85-45e9-adb3-f42ff3a447fb: start LeaderElection
2019-10-01 06:20:53,827 [b13a3cc5-7860-43cb-88ea-b527511dabf1@group-3AEA3A3A61FF-LeaderElection58] INFO  impl.RoleInfo (RoleInfo.java:updateAndGet(143)) - b13a3cc5-7860-43cb-88ea-b527511dabf1: start FollowerState
2019-10-01 06:20:53,835 [33dfb9e4-5af7-48c0-aed2-49a098141a6c@group-3AEA3A3A61FF-LeaderElection60] INFO  impl.LeaderElection (LeaderElection.java:logAndReturn(56)) - 33dfb9e4-5af7-48c0-aed2-49a098141a6c@group-3AEA3A3A61FF-LeaderElection60: Election REJECTED; received 2 response(s) [33dfb9e4-5af7-48c0-aed2-49a098141a6c<-25f8cd60-600d-4c27-9835-e918e1f0a30b#0:FAIL-t1, 33dfb9e4-5af7-48c0-aed2-49a098141a6c<-b13a3cc5-7860-43cb-88ea-b527511dabf1#0:FAIL-t1] and 0 exception(s); 33dfb9e4-5af7-48c0-aed2-49a098141a6c@group-3AEA3A3A61FF:t1, leader=null, voted=33dfb9e4-5af7-48c0-aed2-49a098141a6c, raftlog=33dfb9e4-5af7-48c0-aed2-49a098141a6c@group-3AEA3A3A61FF-SegmentedRaftLog:OPENED:c-1,f-1,i0, conf=-1: [25f8cd60-600d-4c27-9835-e918e1f0a30b:192.168.30.6:33755, b13a3cc5-7860-43cb-88ea-b527511dabf1:192.168.30.6:44781, 33dfb9e4-5af7-48c0-aed2-49a098141a6c:192.168.30.6:41425], old=null
2019-10-01 06:20:53,836 [33dfb9e4-5af7-48c0-aed2-49a098141a6c@group-3AEA3A3A61FF-LeaderElection60] INFO  impl.RaftServerImpl (RaftServerImpl.java:setRole(170)) - 33dfb9e4-5af7-48c0-aed2-49a098141a6c@group-3AEA3A3A61FF: changes role from CANDIDATE to FOLLOWER at term 1 for DISCOVERED_A_NEW_TERM
2019-10-01 06:20:53,836 [33dfb9e4-5af7-48c0-aed2-49a098141a6c@group-3AEA3A3A61FF-LeaderElection60] INFO  impl.RoleInfo (RoleInfo.java:shutdownLeaderElection(134)) - 33dfb9e4-5af7-48c0-aed2-49a098141a6c: shutdown LeaderElection
2019-10-01 06:20:53,836 [33dfb9e4-5af7-48c0-aed2-49a098141a6c@group-3AEA3A3A61FF-LeaderElection60] INFO  impl.RoleInfo (RoleInfo.java:updateAndGet(143)) - 33dfb9e4-5af7-48c0-aed2-49a098141a6c: start FollowerState
2019-10-01 06:20:53,881 [0dfc571b-8a85-45e9-adb3-f42ff3a447fb@group-2102BF9A21D2-LeaderElection61] INFO  impl.LeaderElection (LeaderElection.java:askForVotes(178)) - 0dfc571b-8a85-45e9-adb3-f42ff3a447fb@group-2102BF9A21D2-LeaderElection61: begin an election at term 1 for -1: [0dfc571b-8a85-45e9-adb3-f42ff3a447fb:192.168.30.6:43200], old=null
2019-10-01 06:20:53,886 [0dfc571b-8a85-45e9-adb3-f42ff3a447fb@group-2102BF9A21D2-LeaderElection61] INFO  impl.RoleInfo (RoleInfo.java:shutdownLeaderElection(134)) - 0dfc571b-8a85-45e9-adb3-f42ff3a447fb: shutdown LeaderElection
2019-10-01 06:20:53,886 [0dfc571b-8a85-45e9-adb3-f42ff3a447fb@group-2102BF9A21D2-LeaderElection61] INFO  impl.RaftServerImpl (RaftServerImpl.java:setRole(170)) - 0dfc571b-8a85-45e9-adb3-f42ff3a447fb@group-2102BF9A21D2: changes role from CANDIDATE to LEADER at term 1 for changeToLeader
2019-10-01 06:20:53,886 [0dfc571b-8a85-45e9-adb3-f42ff3a447fb@group-2102BF9A21D2-LeaderElection61] INFO  impl.RaftServerImpl (ServerState.java:setLeader(255)) - 0dfc571b-8a85-45e9-adb3-f42ff3a447fb@group-2102BF9A21D2: change Leader from null to 0dfc571b-8a85-45e9-adb3-f42ff3a447fb at term 1 for becomeLeader, leader elected after 5240ms
2019-10-01 06:20:53,886 [0dfc571b-8a85-45e9-adb3-f42ff3a447fb@group-2102BF9A21D2-LeaderElection61] INFO  server.RaftServerConfigKeys (ConfUtils.java:logGet(43)) - raft.server.staging.catchup.gap = 1000 (default)
2019-10-01 06:20:53,887 [0dfc571b-8a85-45e9-adb3-f42ff3a447fb@group-2102BF9A21D2-LeaderElection61] INFO  server.RaftServerConfigKeys (ConfUtils.java:logGet(43)) - raft.server.rpc.sleep.time = 25ms (default)
2019-10-01 06:20:53,887 [0dfc571b-8a85-45e9-adb3-f42ff3a447fb@group-2102BF9A21D2-LeaderElection61] INFO  server.RaftServerConfigKeys (ConfUtils.java:logGet(43)) - raft.server.write.element-limit = 4096 (default)
2019-10-01 06:20:53,887 [0dfc571b-8a85-45e9-adb3-f42ff3a447fb@group-2102BF9A21D2-LeaderElection61] INFO  server.RaftServerConfigKeys (ConfUtils.java:logGet(43)) - raft.server.watch.timeout = 10s (default)
2019-10-01 06:20:53,887 [0dfc571b-8a85-45e9-adb3-f42ff3a447fb@group-2102BF9A21D2-LeaderElection61] INFO  server.RaftServerConfigKeys (ConfUtils.java:logGet(43)) - raft.server.watch.timeout.denomination = 1s (default)
2019-10-01 06:20:53,888 [0dfc571b-8a85-45e9-adb3-f42ff3a447fb@group-2102BF9A21D2-LeaderElection61] INFO  server.RaftServerConfigKeys (ConfUtils.java:logGet(43)) - raft.server.watch.element-limit = 65536 (default)
2019-10-01 06:20:53,891 [0dfc571b-8a85-45e9-adb3-f42ff3a447fb@group-2102BF9A21D2-LeaderElection61] INFO  impl.RoleInfo (RoleInfo.java:updateAndGet(143)) - 0dfc571b-8a85-45e9-adb3-f42ff3a447fb: start LeaderState
2019-10-01 06:20:53,891 [0dfc571b-8a85-45e9-adb3-f42ff3a447fb@group-2102BF9A21D2-LeaderElection61] INFO  segmented.SegmentedRaftLogWorker (SegmentedRaftLogWorker.java:startLogSegment(385)) - 0dfc571b-8a85-45e9-adb3-f42ff3a447fb@group-2102BF9A21D2-SegmentedRaftLogWorker: Starting segment from index:0
2019-10-01 06:20:53,892 [0dfc571b-8a85-45e9-adb3-f42ff3a447fb@group-2102BF9A21D2-LeaderElection61] INFO  impl.RaftServerImpl (ServerState.java:setRaftConf(356)) - 0dfc571b-8a85-45e9-adb3-f42ff3a447fb@group-2102BF9A21D2: set configuration 0: [0dfc571b-8a85-45e9-adb3-f42ff3a447fb:192.168.30.6:43200], old=null at 0
2019-10-01 06:20:53,904 [Thread-1427] INFO  impl.FollowerState (FollowerState.java:run(108)) - bc1318ca-f5f6-4141-bad7-95947e4e64a4@group-C08BDA833E64-FollowerState: change to CANDIDATE, lastRpcTime:5007ms, electionTimeout:5007ms
2019-10-01 06:20:53,905 [Thread-1427] INFO  impl.RoleInfo (RoleInfo.java:shutdownFollowerState(121)) - bc1318ca-f5f6-4141-bad7-95947e4e64a4: shutdown FollowerState
2019-10-01 06:20:53,905 [Thread-1427] INFO  impl.RaftServerImpl (RaftServerImpl.java:setRole(170)) - bc1318ca-f5f6-4141-bad7-95947e4e64a4@group-C08BDA833E64: changes role from  FOLLOWER to CANDIDATE at term 0 for changeToCandidate
2019-10-01 06:20:53,905 [Thread-1427] INFO  impl.RoleInfo (RoleInfo.java:updateAndGet(143)) - bc1318ca-f5f6-4141-bad7-95947e4e64a4: start LeaderElection
2019-10-01 06:20:53,925 [Thread-1425] INFO  impl.FollowerState (FollowerState.java:run(108)) - 16456ff1-4706-4be0-9304-666051378146@group-C08BDA833E64-FollowerState: change to CANDIDATE, lastRpcTime:5028ms, electionTimeout:5028ms
2019-10-01 06:20:53,925 [Thread-1425] INFO  impl.RoleInfo (RoleInfo.java:shutdownFollowerState(121)) - 16456ff1-4706-4be0-9304-666051378146: shutdown FollowerState
2019-10-01 06:20:53,925 [Thread-1425] INFO  impl.RaftServerImpl (RaftServerImpl.java:setRole(170)) - 16456ff1-4706-4be0-9304-666051378146@group-C08BDA833E64: changes role from  FOLLOWER to CANDIDATE at term 0 for changeToCandidate
2019-10-01 06:20:53,926 [Thread-1425] INFO  impl.RoleInfo (RoleInfo.java:updateAndGet(143)) - 16456ff1-4706-4be0-9304-666051378146: start LeaderElection
2019-10-01 06:20:53,973 [0dfc571b-8a85-45e9-adb3-f42ff3a447fb@group-2102BF9A21D2-SegmentedRaftLogWorker] INFO  segmented.SegmentedRaftLogWorker (SegmentedRaftLogWorker.java:execute(574)) - 0dfc571b-8a85-45e9-adb3-f42ff3a447fb@group-2102BF9A21D2-SegmentedRaftLogWorker: created new log segment /workdir/hadoop-ozone/integration-test/target/test-dir/MiniOzoneClusterImpl-9628f6ce-4133-4238-8eb2-672141be2bf9/datanode-0/data/ratis/d46362bc-6f75-47de-8b68-2102bf9a21d2/current/log_inprogress_0
2019-10-01 06:20:53,973 [bc1318ca-f5f6-4141-bad7-95947e4e64a4@group-C08BDA833E64-LeaderElection62] INFO  impl.LeaderElection (LeaderElection.java:askForVotes(178)) - bc1318ca-f5f6-4141-bad7-95947e4e64a4@group-C08BDA833E64-LeaderElection62: begin an election at term 1 for -1: [16456ff1-4706-4be0-9304-666051378146:192.168.30.6:38167, 0dfc571b-8a85-45e9-adb3-f42ff3a447fb:192.168.30.6:43200, bc1318ca-f5f6-4141-bad7-95947e4e64a4:192.168.30.6:36815], old=null
2019-10-01 06:20:53,993 [grpc-default-executor-6] INFO  impl.RaftServerImpl (RaftServerImpl.java:setRole(170)) - 0dfc571b-8a85-45e9-adb3-f42ff3a447fb@group-C08BDA833E64: changes role from  FOLLOWER to FOLLOWER at term 1 for recognizeCandidate:bc1318ca-f5f6-4141-bad7-95947e4e64a4
2019-10-01 06:20:53,993 [grpc-default-executor-6] INFO  impl.RoleInfo (RoleInfo.java:shutdownFollowerState(121)) - 0dfc571b-8a85-45e9-adb3-f42ff3a447fb: shutdown FollowerState
2019-10-01 06:20:53,993 [grpc-default-executor-6] INFO  impl.RoleInfo (RoleInfo.java:updateAndGet(143)) - 0dfc571b-8a85-45e9-adb3-f42ff3a447fb: start FollowerState
2019-10-01 06:20:53,993 [Thread-1422] INFO  impl.FollowerState (FollowerState.java:run(117)) - 0dfc571b-8a85-45e9-adb3-f42ff3a447fb@group-C08BDA833E64-FollowerState was interrupted: java.lang.InterruptedException: sleep interrupted
2019-10-01 06:20:54,007 [16456ff1-4706-4be0-9304-666051378146@group-C08BDA833E64-LeaderElection63] INFO  impl.LeaderElection (LeaderElection.java:askForVotes(178)) - 16456ff1-4706-4be0-9304-666051378146@group-C08BDA833E64-LeaderElection63: begin an election at term 1 for -1: [16456ff1-4706-4be0-9304-666051378146:192.168.30.6:38167, 0dfc571b-8a85-45e9-adb3-f42ff3a447fb:192.168.30.6:43200, bc1318ca-f5f6-4141-bad7-95947e4e64a4:192.168.30.6:36815], old=null
2019-10-01 06:20:54,050 [bc1318ca-f5f6-4141-bad7-95947e4e64a4@group-C08BDA833E64-LeaderElection62] INFO  impl.LeaderElection (LeaderElection.java:logAndReturn(56)) - bc1318ca-f5f6-4141-bad7-95947e4e64a4@group-C08BDA833E64-LeaderElection62: Election PASSED; received 2 response(s) [bc1318ca-f5f6-4141-bad7-95947e4e64a4<-16456ff1-4706-4be0-9304-666051378146#0:FAIL-t1, bc1318ca-f5f6-4141-bad7-95947e4e64a4<-0dfc571b-8a85-45e9-adb3-f42ff3a447fb#0:OK-t1] and 0 exception(s); bc1318ca-f5f6-4141-bad7-95947e4e64a4@group-C08BDA833E64:t1, leader=null, voted=bc1318ca-f5f6-4141-bad7-95947e4e64a4, raftlog=bc1318ca-f5f6-4141-bad7-95947e4e64a4@group-C08BDA833E64-SegmentedRaftLog:OPENED:c-1,f-1,i0, conf=-1: [16456ff1-4706-4be0-9304-666051378146:192.168.30.6:38167, 0dfc571b-8a85-45e9-adb3-f42ff3a447fb:192.168.30.6:43200, bc1318ca-f5f6-4141-bad7-95947e4e64a4:192.168.30.6:36815], old=null
2019-10-01 06:20:54,050 [16456ff1-4706-4be0-9304-666051378146@group-C08BDA833E64-LeaderElection63] INFO  impl.LeaderElection (LeaderElection.java:logAndReturn(56)) - 16456ff1-4706-4be0-9304-666051378146@group-C08BDA833E64-LeaderElection63: Election REJECTED; received 2 response(s) [16456ff1-4706-4be0-9304-666051378146<-0dfc571b-8a85-45e9-adb3-f42ff3a447fb#0:FAIL-t1, 16456ff1-4706-4be0-9304-666051378146<-bc1318ca-f5f6-4141-bad7-95947e4e64a4#0:FAIL-t1] and 0 exception(s); 16456ff1-4706-4be0-9304-666051378146@group-C08BDA833E64:t1, leader=null, voted=16456ff1-4706-4be0-9304-666051378146, raftlog=16456ff1-4706-4be0-9304-666051378146@group-C08BDA833E64-SegmentedRaftLog:OPENED:c-1,f-1,i0, conf=-1: [16456ff1-4706-4be0-9304-666051378146:192.168.30.6:38167, 0dfc571b-8a85-45e9-adb3-f42ff3a447fb:192.168.30.6:43200, bc1318ca-f5f6-4141-bad7-95947e4e64a4:192.168.30.6:36815], old=null
2019-10-01 06:20:54,051 [bc1318ca-f5f6-4141-bad7-95947e4e64a4@group-C08BDA833E64-LeaderElection62] INFO  impl.RoleInfo (RoleInfo.java:shutdownLeaderElection(134)) - bc1318ca-f5f6-4141-bad7-95947e4e64a4: shutdown LeaderElection
2019-10-01 06:20:54,055 [bc1318ca-f5f6-4141-bad7-95947e4e64a4@group-C08BDA833E64-LeaderElection62] INFO  impl.RaftServerImpl (RaftServerImpl.java:setRole(170)) - bc1318ca-f5f6-4141-bad7-95947e4e64a4@group-C08BDA833E64: changes role from CANDIDATE to LEADER at term 1 for changeToLeader
2019-10-01 06:20:54,055 [16456ff1-4706-4be0-9304-666051378146@group-C08BDA833E64-LeaderElection63] INFO  impl.RaftServerImpl (RaftServerImpl.java:setRole(170)) - 16456ff1-4706-4be0-9304-666051378146@group-C08BDA833E64: changes role from CANDIDATE to FOLLOWER at term 1 for DISCOVERED_A_NEW_TERM
2019-10-01 06:20:54,058 [bc1318ca-f5f6-4141-bad7-95947e4e64a4@group-C08BDA833E64-LeaderElection62] INFO  impl.RaftServerImpl (ServerState.java:setLeader(255)) - bc1318ca-f5f6-4141-bad7-95947e4e64a4@group-C08BDA833E64: change Leader from null to bc1318ca-f5f6-4141-bad7-95947e4e64a4 at term 1 for becomeLeader, leader elected after 5173ms
2019-10-01 06:20:54,058 [16456ff1-4706-4be0-9304-666051378146@group-C08BDA833E64-LeaderElection63] INFO  impl.RoleInfo (RoleInfo.java:shutdownLeaderElection(134)) - 16456ff1-4706-4be0-9304-666051378146: shutdown LeaderElection
2019-10-01 06:20:54,058 [bc1318ca-f5f6-4141-bad7-95947e4e64a4@group-C08BDA833E64-LeaderElection62] INFO  server.RaftServerConfigKeys (ConfUtils.java:logGet(43)) - raft.server.staging.catchup.gap = 1000 (default)
2019-10-01 06:20:54,058 [16456ff1-4706-4be0-9304-666051378146@group-C08BDA833E64-LeaderElection63] INFO  impl.RoleInfo (RoleInfo.java:updateAndGet(143)) - 16456ff1-4706-4be0-9304-666051378146: start FollowerState
2019-10-01 06:20:54,058 [bc1318ca-f5f6-4141-bad7-95947e4e64a4@group-C08BDA833E64-LeaderElection62] INFO  server.RaftServerConfigKeys (ConfUtils.java:logGet(43)) - raft.server.rpc.sleep.time = 25ms (default)
2019-10-01 06:20:54,059 [bc1318ca-f5f6-4141-bad7-95947e4e64a4@group-C08BDA833E64-LeaderElection62] INFO  server.RaftServerConfigKeys (ConfUtils.java:logGet(43)) - raft.server.write.element-limit = 4096 (default)
2019-10-01 06:20:54,059 [bc1318ca-f5f6-4141-bad7-95947e4e64a4@group-C08BDA833E64-LeaderElection62] INFO  server.RaftServerConfigKeys (ConfUtils.java:logGet(43)) - raft.server.watch.timeout = 10s (default)
2019-10-01 06:20:54,059 [bc1318ca-f5f6-4141-bad7-95947e4e64a4@group-C08BDA833E64-LeaderElection62] INFO  server.RaftServerConfigKeys (ConfUtils.java:logGet(43)) - raft.server.watch.timeout.denomination = 1s (default)
2019-10-01 06:20:54,059 [bc1318ca-f5f6-4141-bad7-95947e4e64a4@group-C08BDA833E64-LeaderElection62] INFO  server.RaftServerConfigKeys (ConfUtils.java:logGet(43)) - raft.server.watch.element-limit = 65536 (default)
2019-10-01 06:20:54,061 [bc1318ca-f5f6-4141-bad7-95947e4e64a4@group-C08BDA833E64-LeaderElection62] INFO  server.RaftServerConfigKeys (ConfUtils.java:logGet(43)) - raft.server.log.appender.snapshot.chunk.size.max = 16MB (=16777216) (default)
2019-10-01 06:20:54,061 [bc1318ca-f5f6-4141-bad7-95947e4e64a4@group-C08BDA833E64-LeaderElection62] INFO  server.RaftServerConfigKeys (ConfUtils.java:logGet(43)) - raft.server.log.appender.buffer.byte-limit = 33554432 (custom)
2019-10-01 06:20:54,061 [bc1318ca-f5f6-4141-bad7-95947e4e64a4@group-C08BDA833E64-LeaderElection62] INFO  server.RaftServerConfigKeys (ConfUtils.java:logGet(43)) - raft.server.log.appender.buffer.element-limit = 1 (custom)
2019-10-01 06:20:54,062 [bc1318ca-f5f6-4141-bad7-95947e4e64a4@group-C08BDA833E64-LeaderElection62] INFO  grpc.GrpcConfigKeys$Server (ConfUtils.java:logGet(43)) - raft.grpc.server.leader.outstanding.appends.max = 128 (default)
2019-10-01 06:20:54,062 [bc1318ca-f5f6-4141-bad7-95947e4e64a4@group-C08BDA833E64-LeaderElection62] INFO  server.RaftServerConfigKeys (ConfUtils.java:logGet(43)) - raft.server.rpc.request.timeout = 3000ms (default)
2019-10-01 06:20:54,062 [bc1318ca-f5f6-4141-bad7-95947e4e64a4@group-C08BDA833E64-LeaderElection62] INFO  server.RaftServerConfigKeys (ConfUtils.java:logGet(43)) - raft.server.log.appender.install.snapshot.enabled = false (custom)
2019-10-01 06:20:54,062 [bc1318ca-f5f6-4141-bad7-95947e4e64a4@group-C08BDA833E64-LeaderElection62] INFO  server.RaftServerConfigKeys (ConfUtils.java:logGet(43)) - raft.server.log.appender.snapshot.chunk.size.max = 16MB (=16777216) (default)
2019-10-01 06:20:54,062 [bc1318ca-f5f6-4141-bad7-95947e4e64a4@group-C08BDA833E64-LeaderElection62] INFO  server.RaftServerConfigKeys (ConfUtils.java:logGet(43)) - raft.server.log.appender.buffer.byte-limit = 33554432 (custom)
2019-10-01 06:20:54,063 [bc1318ca-f5f6-4141-bad7-95947e4e64a4@group-C08BDA833E64-LeaderElection62] INFO  server.RaftServerConfigKeys (ConfUtils.java:logGet(43)) - raft.server.log.appender.buffer.element-limit = 1 (custom)
2019-10-01 06:20:54,063 [bc1318ca-f5f6-4141-bad7-95947e4e64a4@group-C08BDA833E64-LeaderElection62] INFO  grpc.GrpcConfigKeys$Server (ConfUtils.java:logGet(43)) - raft.grpc.server.leader.outstanding.appends.max = 128 (default)
2019-10-01 06:20:54,063 [bc1318ca-f5f6-4141-bad7-95947e4e64a4@group-C08BDA833E64-LeaderElection62] INFO  server.RaftServerConfigKeys (ConfUtils.java:logGet(43)) - raft.server.rpc.request.timeout = 3000ms (default)
2019-10-01 06:20:54,063 [bc1318ca-f5f6-4141-bad7-95947e4e64a4@group-C08BDA833E64-LeaderElection62] INFO  server.RaftServerConfigKeys (ConfUtils.java:logGet(43)) - raft.server.log.appender.install.snapshot.enabled = false (custom)
2019-10-01 06:20:54,063 [bc1318ca-f5f6-4141-bad7-95947e4e64a4@group-C08BDA833E64-LeaderElection62] INFO  impl.RoleInfo (RoleInfo.java:updateAndGet(143)) - bc1318ca-f5f6-4141-bad7-95947e4e64a4: start LeaderState
2019-10-01 06:20:54,064 [bc1318ca-f5f6-4141-bad7-95947e4e64a4@group-C08BDA833E64-LeaderElection62] INFO  segmented.SegmentedRaftLogWorker (SegmentedRaftLogWorker.java:startLogSegment(385)) - bc1318ca-f5f6-4141-bad7-95947e4e64a4@group-C08BDA833E64-SegmentedRaftLogWorker: Starting segment from index:0
2019-10-01 06:20:54,064 [bc1318ca-f5f6-4141-bad7-95947e4e64a4@group-C08BDA833E64-LeaderElection62] INFO  impl.RaftServerImpl (ServerState.java:setRaftConf(356)) - bc1318ca-f5f6-4141-bad7-95947e4e64a4@group-C08BDA833E64: set configuration 0: [16456ff1-4706-4be0-9304-666051378146:192.168.30.6:38167, 0dfc571b-8a85-45e9-adb3-f42ff3a447fb:192.168.30.6:43200, bc1318ca-f5f6-4141-bad7-95947e4e64a4:192.168.30.6:36815], old=null at 0
2019-10-01 06:20:54,097 [grpc-default-executor-5] INFO  impl.RaftServerImpl (ServerState.java:setLeader(255)) - 16456ff1-4706-4be0-9304-666051378146@group-C08BDA833E64: change Leader from null to bc1318ca-f5f6-4141-bad7-95947e4e64a4 at term 1 for appendEntries, leader elected after 5215ms
2019-10-01 06:20:54,097 [grpc-default-executor-6] INFO  impl.RaftServerImpl (ServerState.java:setLeader(255)) - 0dfc571b-8a85-45e9-adb3-f42ff3a447fb@group-C08BDA833E64: change Leader from null to bc1318ca-f5f6-4141-bad7-95947e4e64a4 at term 1 for appendEntries, leader elected after 5215ms
2019-10-01 06:20:54,099 [grpc-default-executor-6] INFO  impl.RaftServerImpl (ServerState.java:setRaftConf(356)) - 0dfc571b-8a85-45e9-adb3-f42ff3a447fb@group-C08BDA833E64: set configuration 0: [16456ff1-4706-4be0-9304-666051378146:192.168.30.6:38167, 0dfc571b-8a85-45e9-adb3-f42ff3a447fb:192.168.30.6:43200, bc1318ca-f5f6-4141-bad7-95947e4e64a4:192.168.30.6:36815], old=null at 0
2019-10-01 06:20:54,099 [grpc-default-executor-5] INFO  impl.RaftServerImpl (ServerState.java:setRaftConf(356)) - 16456ff1-4706-4be0-9304-666051378146@group-C08BDA833E64: set configuration 0: [16456ff1-4706-4be0-9304-666051378146:192.168.30.6:38167, 0dfc571b-8a85-45e9-adb3-f42ff3a447fb:192.168.30.6:43200, bc1318ca-f5f6-4141-bad7-95947e4e64a4:192.168.30.6:36815], old=null at 0
2019-10-01 06:20:54,099 [grpc-default-executor-6] INFO  segmented.SegmentedRaftLogWorker (SegmentedRaftLogWorker.java:startLogSegment(385)) - 0dfc571b-8a85-45e9-adb3-f42ff3a447fb@group-C08BDA833E64-SegmentedRaftLogWorker: Starting segment from index:0
2019-10-01 06:20:54,099 [grpc-default-executor-5] INFO  segmented.SegmentedRaftLogWorker (SegmentedRaftLogWorker.java:startLogSegment(385)) - 16456ff1-4706-4be0-9304-666051378146@group-C08BDA833E64-SegmentedRaftLogWorker: Starting segment from index:0
2019-10-01 06:20:54,142 [bc1318ca-f5f6-4141-bad7-95947e4e64a4@group-C08BDA833E64-SegmentedRaftLogWorker] INFO  segmented.SegmentedRaftLogWorker (SegmentedRaftLogWorker.java:execute(574)) - bc1318ca-f5f6-4141-bad7-95947e4e64a4@group-C08BDA833E64-SegmentedRaftLogWorker: created new log segment /workdir/hadoop-ozone/integration-test/target/test-dir/MiniOzoneClusterImpl-9628f6ce-4133-4238-8eb2-672141be2bf9/datanode-5/data/ratis/5fe4db98-acb9-4455-92ea-c08bda833e64/current/log_inprogress_0
2019-10-01 06:20:54,172 [Thread-1431] INFO  impl.FollowerState (FollowerState.java:run(108)) - 25f8cd60-600d-4c27-9835-e918e1f0a30b@group-3E88DD30CC33-FollowerState: change to CANDIDATE, lastRpcTime:5058ms, electionTimeout:5057ms
2019-10-01 06:20:54,172 [Thread-1431] INFO  impl.RoleInfo (RoleInfo.java:shutdownFollowerState(121)) - 25f8cd60-600d-4c27-9835-e918e1f0a30b: shutdown FollowerState
2019-10-01 06:20:54,172 [Thread-1431] INFO  impl.RaftServerImpl (RaftServerImpl.java:setRole(170)) - 25f8cd60-600d-4c27-9835-e918e1f0a30b@group-3E88DD30CC33: changes role from  FOLLOWER to CANDIDATE at term 0 for changeToCandidate
2019-10-01 06:20:54,172 [Thread-1431] INFO  impl.RoleInfo (RoleInfo.java:updateAndGet(143)) - 25f8cd60-600d-4c27-9835-e918e1f0a30b: start LeaderElection
2019-10-01 06:20:54,193 [16456ff1-4706-4be0-9304-666051378146@group-C08BDA833E64-SegmentedRaftLogWorker] INFO  segmented.SegmentedRaftLogWorker (SegmentedRaftLogWorker.java:execute(574)) - 16456ff1-4706-4be0-9304-666051378146@group-C08BDA833E64-SegmentedRaftLogWorker: created new log segment /workdir/hadoop-ozone/integration-test/target/test-dir/MiniOzoneClusterImpl-9628f6ce-4133-4238-8eb2-672141be2bf9/datanode-2/data/ratis/5fe4db98-acb9-4455-92ea-c08bda833e64/current/log_inprogress_0
2019-10-01 06:20:54,193 [0dfc571b-8a85-45e9-adb3-f42ff3a447fb@group-C08BDA833E64-SegmentedRaftLogWorker] INFO  segmented.SegmentedRaftLogWorker (SegmentedRaftLogWorker.java:execute(574)) - 0dfc571b-8a85-45e9-adb3-f42ff3a447fb@group-C08BDA833E64-SegmentedRaftLogWorker: created new log segment /workdir/hadoop-ozone/integration-test/target/test-dir/MiniOzoneClusterImpl-9628f6ce-4133-4238-8eb2-672141be2bf9/datanode-0/data/ratis/5fe4db98-acb9-4455-92ea-c08bda833e64/current/log_inprogress_0
2019-10-01 06:20:54,218 [25f8cd60-600d-4c27-9835-e918e1f0a30b@group-3E88DD30CC33-LeaderElection64] INFO  impl.LeaderElection (LeaderElection.java:askForVotes(178)) - 25f8cd60-600d-4c27-9835-e918e1f0a30b@group-3E88DD30CC33-LeaderElection64: begin an election at term 1 for -1: [25f8cd60-600d-4c27-9835-e918e1f0a30b:192.168.30.6:33755], old=null
2019-10-01 06:20:54,219 [25f8cd60-600d-4c27-9835-e918e1f0a30b@group-3E88DD30CC33-LeaderElection64] INFO  impl.RoleInfo (RoleInfo.java:shutdownLeaderElection(134)) - 25f8cd60-600d-4c27-9835-e918e1f0a30b: shutdown LeaderElection
2019-10-01 06:20:54,219 [25f8cd60-600d-4c27-9835-e918e1f0a30b@group-3E88DD30CC33-LeaderElection64] INFO  impl.RaftServerImpl (RaftServerImpl.java:setRole(170)) - 25f8cd60-600d-4c27-9835-e918e1f0a30b@group-3E88DD30CC33: changes role from CANDIDATE to LEADER at term 1 for changeToLeader
2019-10-01 06:20:54,219 [25f8cd60-600d-4c27-9835-e918e1f0a30b@group-3E88DD30CC33-LeaderElection64] INFO  impl.RaftServerImpl (ServerState.java:setLeader(255)) - 25f8cd60-600d-4c27-9835-e918e1f0a30b@group-3E88DD30CC33: change Leader from null to 25f8cd60-600d-4c27-9835-e918e1f0a30b at term 1 for becomeLeader, leader elected after 5111ms
2019-10-01 06:20:54,219 [25f8cd60-600d-4c27-9835-e918e1f0a30b@group-3E88DD30CC33-LeaderElection64] INFO  server.RaftServerConfigKeys (ConfUtils.java:logGet(43)) - raft.server.staging.catchup.gap = 1000 (default)
2019-10-01 06:20:54,219 [25f8cd60-600d-4c27-9835-e918e1f0a30b@group-3E88DD30CC33-LeaderElection64] INFO  server.RaftServerConfigKeys (ConfUtils.java:logGet(43)) - raft.server.rpc.sleep.time = 25ms (default)
2019-10-01 06:20:54,219 [25f8cd60-600d-4c27-9835-e918e1f0a30b@group-3E88DD30CC33-LeaderElection64] INFO  server.RaftServerConfigKeys (ConfUtils.java:logGet(43)) - raft.server.write.element-limit = 4096 (default)
2019-10-01 06:20:54,219 [25f8cd60-600d-4c27-9835-e918e1f0a30b@group-3E88DD30CC33-LeaderElection64] INFO  server.RaftServerConfigKeys (ConfUtils.java:logGet(43)) - raft.server.watch.timeout = 10s (default)
2019-10-01 06:20:54,219 [25f8cd60-600d-4c27-9835-e918e1f0a30b@group-3E88DD30CC33-LeaderElection64] INFO  server.RaftServerConfigKeys (ConfUtils.java:logGet(43)) - raft.server.watch.timeout.denomination = 1s (default)
2019-10-01 06:20:54,220 [25f8cd60-600d-4c27-9835-e918e1f0a30b@group-3E88DD30CC33-LeaderElection64] INFO  server.RaftServerConfigKeys (ConfUtils.java:logGet(43)) - raft.server.watch.element-limit = 65536 (default)
2019-10-01 06:20:54,221 [25f8cd60-600d-4c27-9835-e918e1f0a30b@group-3E88DD30CC33-LeaderElection64] INFO  impl.RoleInfo (RoleInfo.java:updateAndGet(143)) - 25f8cd60-600d-4c27-9835-e918e1f0a30b: start LeaderState
2019-10-01 06:20:54,221 [25f8cd60-600d-4c27-9835-e918e1f0a30b@group-3E88DD30CC33-LeaderElection64] INFO  segmented.SegmentedRaftLogWorker (SegmentedRaftLogWorker.java:startLogSegment(385)) - 25f8cd60-600d-4c27-9835-e918e1f0a30b@group-3E88DD30CC33-SegmentedRaftLogWorker: Starting segment from index:0
2019-10-01 06:20:54,222 [25f8cd60-600d-4c27-9835-e918e1f0a30b@group-3E88DD30CC33-LeaderElection64] INFO  impl.RaftServerImpl (ServerState.java:setRaftConf(356)) - 25f8cd60-600d-4c27-9835-e918e1f0a30b@group-3E88DD30CC33: set configuration 0: [25f8cd60-600d-4c27-9835-e918e1f0a30b:192.168.30.6:33755], old=null at 0
2019-10-01 06:20:54,294 [25f8cd60-600d-4c27-9835-e918e1f0a30b@group-3E88DD30CC33-SegmentedRaftLogWorker] INFO  segmented.SegmentedRaftLogWorker (SegmentedRaftLogWorker.java:execute(574)) - 25f8cd60-600d-4c27-9835-e918e1f0a30b@group-3E88DD30CC33-SegmentedRaftLogWorker: created new log segment /workdir/hadoop-ozone/integration-test/target/test-dir/MiniOzoneClusterImpl-9628f6ce-4133-4238-8eb2-672141be2bf9/datanode-6/data/ratis/97958d5f-e703-4176-87e7-3e88dd30cc33/current/log_inprogress_0
2019-10-01 06:20:54,455 [Thread-1434] INFO  impl.FollowerState (FollowerState.java:run(108)) - b13a3cc5-7860-43cb-88ea-b527511dabf1@group-269C1CD02A6F-FollowerState: change to CANDIDATE, lastRpcTime:5181ms, electionTimeout:5181ms
2019-10-01 06:20:54,455 [Thread-1434] INFO  impl.RoleInfo (RoleInfo.java:shutdownFollowerState(121)) - b13a3cc5-7860-43cb-88ea-b527511dabf1: shutdown FollowerState
2019-10-01 06:20:54,455 [Thread-1434] INFO  impl.RaftServerImpl (RaftServerImpl.java:setRole(170)) - b13a3cc5-7860-43cb-88ea-b527511dabf1@group-269C1CD02A6F: changes role from  FOLLOWER to CANDIDATE at term 0 for changeToCandidate
2019-10-01 06:20:54,455 [Thread-1434] INFO  impl.RoleInfo (RoleInfo.java:updateAndGet(143)) - b13a3cc5-7860-43cb-88ea-b527511dabf1: start LeaderElection
2019-10-01 06:20:54,473 [Thread-1437] INFO  impl.FollowerState (FollowerState.java:run(108)) - 33dfb9e4-5af7-48c0-aed2-49a098141a6c@group-9B719B475378-FollowerState: change to CANDIDATE, lastRpcTime:5064ms, electionTimeout:5064ms
2019-10-01 06:20:54,473 [Thread-1437] INFO  impl.RoleInfo (RoleInfo.java:shutdownFollowerState(121)) - 33dfb9e4-5af7-48c0-aed2-49a098141a6c: shutdown FollowerState
2019-10-01 06:20:54,473 [Thread-1437] INFO  impl.RaftServerImpl (RaftServerImpl.java:setRole(170)) - 33dfb9e4-5af7-48c0-aed2-49a098141a6c@group-9B719B475378: changes role from  FOLLOWER to CANDIDATE at term 0 for changeToCandidate
2019-10-01 06:20:54,473 [Thread-1437] INFO  impl.RoleInfo (RoleInfo.java:updateAndGet(143)) - 33dfb9e4-5af7-48c0-aed2-49a098141a6c: start LeaderElection
2019-10-01 06:20:54,496 [b13a3cc5-7860-43cb-88ea-b527511dabf1@group-269C1CD02A6F-LeaderElection65] INFO  impl.LeaderElection (LeaderElection.java:askForVotes(178)) - b13a3cc5-7860-43cb-88ea-b527511dabf1@group-269C1CD02A6F-LeaderElection65: begin an election at term 1 for -1: [b13a3cc5-7860-43cb-88ea-b527511dabf1:192.168.30.6:44781], old=null
2019-10-01 06:20:54,496 [b13a3cc5-7860-43cb-88ea-b527511dabf1@group-269C1CD02A6F-LeaderElection65] INFO  impl.RoleInfo (RoleInfo.java:shutdownLeaderElection(134)) - b13a3cc5-7860-43cb-88ea-b527511dabf1: shutdown LeaderElection
2019-10-01 06:20:54,496 [b13a3cc5-7860-43cb-88ea-b527511dabf1@group-269C1CD02A6F-LeaderElection65] INFO  impl.RaftServerImpl (RaftServerImpl.java:setRole(170)) - b13a3cc5-7860-43cb-88ea-b527511dabf1@group-269C1CD02A6F: changes role from CANDIDATE to LEADER at term 1 for changeToLeader
2019-10-01 06:20:54,496 [b13a3cc5-7860-43cb-88ea-b527511dabf1@group-269C1CD02A6F-LeaderElection65] INFO  impl.RaftServerImpl (ServerState.java:setLeader(255)) - b13a3cc5-7860-43cb-88ea-b527511dabf1@group-269C1CD02A6F: change Leader from null to b13a3cc5-7860-43cb-88ea-b527511dabf1 at term 1 for becomeLeader, leader elected after 5229ms
2019-10-01 06:20:54,497 [b13a3cc5-7860-43cb-88ea-b527511dabf1@group-269C1CD02A6F-LeaderElection65] INFO  server.RaftServerConfigKeys (ConfUtils.java:logGet(43)) - raft.server.staging.catchup.gap = 1000 (default)
2019-10-01 06:20:54,497 [b13a3cc5-7860-43cb-88ea-b527511dabf1@group-269C1CD02A6F-LeaderElection65] INFO  server.RaftServerConfigKeys (ConfUtils.java:logGet(43)) - raft.server.rpc.sleep.time = 25ms (default)
2019-10-01 06:20:54,497 [b13a3cc5-7860-43cb-88ea-b527511dabf1@group-269C1CD02A6F-LeaderElection65] INFO  server.RaftServerConfigKeys (ConfUtils.java:logGet(43)) - raft.server.write.element-limit = 4096 (default)
2019-10-01 06:20:54,497 [b13a3cc5-7860-43cb-88ea-b527511dabf1@group-269C1CD02A6F-LeaderElection65] INFO  server.RaftServerConfigKeys (ConfUtils.java:logGet(43)) - raft.server.watch.timeout = 10s (default)
2019-10-01 06:20:54,497 [b13a3cc5-7860-43cb-88ea-b527511dabf1@group-269C1CD02A6F-LeaderElection65] INFO  server.RaftServerConfigKeys (ConfUtils.java:logGet(43)) - raft.server.watch.timeout.denomination = 1s (default)
2019-10-01 06:20:54,497 [b13a3cc5-7860-43cb-88ea-b527511dabf1@group-269C1CD02A6F-LeaderElection65] INFO  server.RaftServerConfigKeys (ConfUtils.java:logGet(43)) - raft.server.watch.element-limit = 65536 (default)
2019-10-01 06:20:54,499 [b13a3cc5-7860-43cb-88ea-b527511dabf1@group-269C1CD02A6F-LeaderElection65] INFO  impl.RoleInfo (RoleInfo.java:updateAndGet(143)) - b13a3cc5-7860-43cb-88ea-b527511dabf1: start LeaderState
2019-10-01 06:20:54,499 [b13a3cc5-7860-43cb-88ea-b527511dabf1@group-269C1CD02A6F-LeaderElection65] INFO  segmented.SegmentedRaftLogWorker (SegmentedRaftLogWorker.java:startLogSegment(385)) - b13a3cc5-7860-43cb-88ea-b527511dabf1@group-269C1CD02A6F-SegmentedRaftLogWorker: Starting segment from index:0
2019-10-01 06:20:54,500 [b13a3cc5-7860-43cb-88ea-b527511dabf1@group-269C1CD02A6F-LeaderElection65] INFO  impl.RaftServerImpl (ServerState.java:setRaftConf(356)) - b13a3cc5-7860-43cb-88ea-b527511dabf1@group-269C1CD02A6F: set configuration 0: [b13a3cc5-7860-43cb-88ea-b527511dabf1:192.168.30.6:44781], old=null at 0
2019-10-01 06:20:54,513 [33dfb9e4-5af7-48c0-aed2-49a098141a6c@group-9B719B475378-LeaderElection66] INFO  impl.LeaderElection (LeaderElection.java:askForVotes(178)) - 33dfb9e4-5af7-48c0-aed2-49a098141a6c@group-9B719B475378-LeaderElection66: begin an election at term 1 for -1: [33dfb9e4-5af7-48c0-aed2-49a098141a6c:192.168.30.6:41425], old=null
2019-10-01 06:20:54,513 [33dfb9e4-5af7-48c0-aed2-49a098141a6c@group-9B719B475378-LeaderElection66] INFO  impl.RoleInfo (RoleInfo.java:shutdownLeaderElection(134)) - 33dfb9e4-5af7-48c0-aed2-49a098141a6c: shutdown LeaderElection
2019-10-01 06:20:54,513 [33dfb9e4-5af7-48c0-aed2-49a098141a6c@group-9B719B475378-LeaderElection66] INFO  impl.RaftServerImpl (RaftServerImpl.java:setRole(170)) - 33dfb9e4-5af7-48c0-aed2-49a098141a6c@group-9B719B475378: changes role from CANDIDATE to LEADER at term 1 for changeToLeader
2019-10-01 06:20:54,513 [33dfb9e4-5af7-48c0-aed2-49a098141a6c@group-9B719B475378-LeaderElection66] INFO  impl.RaftServerImpl (ServerState.java:setLeader(255)) - 33dfb9e4-5af7-48c0-aed2-49a098141a6c@group-9B719B475378: change Leader from null to 33dfb9e4-5af7-48c0-aed2-49a098141a6c at term 1 for becomeLeader, leader elected after 5112ms
2019-10-01 06:20:54,513 [33dfb9e4-5af7-48c0-aed2-49a098141a6c@group-9B719B475378-LeaderElection66] INFO  server.RaftServerConfigKeys (ConfUtils.java:logGet(43)) - raft.server.staging.catchup.gap = 1000 (default)
2019-10-01 06:20:54,514 [33dfb9e4-5af7-48c0-aed2-49a098141a6c@group-9B719B475378-LeaderElection66] INFO  server.RaftServerConfigKeys (ConfUtils.java:logGet(43)) - raft.server.rpc.sleep.time = 25ms (default)
2019-10-01 06:20:54,514 [33dfb9e4-5af7-48c0-aed2-49a098141a6c@group-9B719B475378-LeaderElection66] INFO  server.RaftServerConfigKeys (ConfUtils.java:logGet(43)) - raft.server.write.element-limit = 4096 (default)
2019-10-01 06:20:54,514 [33dfb9e4-5af7-48c0-aed2-49a098141a6c@group-9B719B475378-LeaderElection66] INFO  server.RaftServerConfigKeys (ConfUtils.java:logGet(43)) - raft.server.watch.timeout = 10s (default)
2019-10-01 06:20:54,514 [33dfb9e4-5af7-48c0-aed2-49a098141a6c@group-9B719B475378-LeaderElection66] INFO  server.RaftServerConfigKeys (ConfUtils.java:logGet(43)) - raft.server.watch.timeout.denomination = 1s (default)
2019-10-01 06:20:54,514 [33dfb9e4-5af7-48c0-aed2-49a098141a6c@group-9B719B475378-LeaderElection66] INFO  server.RaftServerConfigKeys (ConfUtils.java:logGet(43)) - raft.server.watch.element-limit = 65536 (default)
2019-10-01 06:20:54,516 [33dfb9e4-5af7-48c0-aed2-49a098141a6c@group-9B719B475378-LeaderElection66] INFO  impl.RoleInfo (RoleInfo.java:updateAndGet(143)) - 33dfb9e4-5af7-48c0-aed2-49a098141a6c: start LeaderState
2019-10-01 06:20:54,516 [33dfb9e4-5af7-48c0-aed2-49a098141a6c@group-9B719B475378-LeaderElection66] INFO  segmented.SegmentedRaftLogWorker (SegmentedRaftLogWorker.java:startLogSegment(385)) - 33dfb9e4-5af7-48c0-aed2-49a098141a6c@group-9B719B475378-SegmentedRaftLogWorker: Starting segment from index:0
2019-10-01 06:20:54,517 [33dfb9e4-5af7-48c0-aed2-49a098141a6c@group-9B719B475378-LeaderElection66] INFO  impl.RaftServerImpl (ServerState.java:setRaftConf(356)) - 33dfb9e4-5af7-48c0-aed2-49a098141a6c@group-9B719B475378: set configuration 0: [33dfb9e4-5af7-48c0-aed2-49a098141a6c:192.168.30.6:41425], old=null at 0
2019-10-01 06:20:54,556 [b13a3cc5-7860-43cb-88ea-b527511dabf1@group-269C1CD02A6F-SegmentedRaftLogWorker] INFO  segmented.SegmentedRaftLogWorker (SegmentedRaftLogWorker.java:execute(574)) - b13a3cc5-7860-43cb-88ea-b527511dabf1@group-269C1CD02A6F-SegmentedRaftLogWorker: created new log segment /workdir/hadoop-ozone/integration-test/target/test-dir/MiniOzoneClusterImpl-9628f6ce-4133-4238-8eb2-672141be2bf9/datanode-4/data/ratis/5b3856cf-a0e6-47c5-8e07-269c1cd02a6f/current/log_inprogress_0
2019-10-01 06:20:54,566 [Thread-1440] INFO  impl.FollowerState (FollowerState.java:run(108)) - 16456ff1-4706-4be0-9304-666051378146@group-97F4D2865E0A-FollowerState: change to CANDIDATE, lastRpcTime:5024ms, electionTimeout:5024ms
2019-10-01 06:20:54,566 [Thread-1440] INFO  impl.RoleInfo (RoleInfo.java:shutdownFollowerState(121)) - 16456ff1-4706-4be0-9304-666051378146: shutdown FollowerState
2019-10-01 06:20:54,567 [Thread-1440] INFO  impl.RaftServerImpl (RaftServerImpl.java:setRole(170)) - 16456ff1-4706-4be0-9304-666051378146@group-97F4D2865E0A: changes role from  FOLLOWER to CANDIDATE at term 0 for changeToCandidate
2019-10-01 06:20:54,567 [Thread-1440] INFO  impl.RoleInfo (RoleInfo.java:updateAndGet(143)) - 16456ff1-4706-4be0-9304-666051378146: start LeaderElection
2019-10-01 06:20:54,575 [33dfb9e4-5af7-48c0-aed2-49a098141a6c@group-9B719B475378-SegmentedRaftLogWorker] INFO  segmented.SegmentedRaftLogWorker (SegmentedRaftLogWorker.java:execute(574)) - 33dfb9e4-5af7-48c0-aed2-49a098141a6c@group-9B719B475378-SegmentedRaftLogWorker: created new log segment /workdir/hadoop-ozone/integration-test/target/test-dir/MiniOzoneClusterImpl-9628f6ce-4133-4238-8eb2-672141be2bf9/datanode-1/data/ratis/8a0e1a62-7c42-4f1e-9e4e-9b719b475378/current/log_inprogress_0
2019-10-01 06:20:54,598 [16456ff1-4706-4be0-9304-666051378146@group-97F4D2865E0A-LeaderElection67] INFO  impl.LeaderElection (LeaderElection.java:askForVotes(178)) - 16456ff1-4706-4be0-9304-666051378146@group-97F4D2865E0A-LeaderElection67: begin an election at term 1 for -1: [16456ff1-4706-4be0-9304-666051378146:192.168.30.6:38167], old=null
2019-10-01 06:20:54,598 [16456ff1-4706-4be0-9304-666051378146@group-97F4D2865E0A-LeaderElection67] INFO  impl.RoleInfo (RoleInfo.java:shutdownLeaderElection(134)) - 16456ff1-4706-4be0-9304-666051378146: shutdown LeaderElection
2019-10-01 06:20:54,598 [16456ff1-4706-4be0-9304-666051378146@group-97F4D2865E0A-LeaderElection67] INFO  impl.RaftServerImpl (RaftServerImpl.java:setRole(170)) - 16456ff1-4706-4be0-9304-666051378146@group-97F4D2865E0A: changes role from CANDIDATE to LEADER at term 1 for changeToLeader
2019-10-01 06:20:54,599 [16456ff1-4706-4be0-9304-666051378146@group-97F4D2865E0A-LeaderElection67] INFO  impl.RaftServerImpl (ServerState.java:setLeader(255)) - 16456ff1-4706-4be0-9304-666051378146@group-97F4D2865E0A: change Leader from null to 16456ff1-4706-4be0-9304-666051378146 at term 1 for becomeLeader, leader elected after 5063ms
2019-10-01 06:20:54,599 [16456ff1-4706-4be0-9304-666051378146@group-97F4D2865E0A-LeaderElection67] INFO  server.RaftServerConfigKeys (ConfUtils.java:logGet(43)) - raft.server.staging.catchup.gap = 1000 (default)
2019-10-01 06:20:54,599 [16456ff1-4706-4be0-9304-666051378146@group-97F4D2865E0A-LeaderElection67] INFO  server.RaftServerConfigKeys (ConfUtils.java:logGet(43)) - raft.server.rpc.sleep.time = 25ms (default)
2019-10-01 06:20:54,599 [16456ff1-4706-4be0-9304-666051378146@group-97F4D2865E0A-LeaderElection67] INFO  server.RaftServerConfigKeys (ConfUtils.java:logGet(43)) - raft.server.write.element-limit = 4096 (default)
2019-10-01 06:20:54,599 [16456ff1-4706-4be0-9304-666051378146@group-97F4D2865E0A-LeaderElection67] INFO  server.RaftServerConfigKeys (ConfUtils.java:logGet(43)) - raft.server.watch.timeout = 10s (default)
2019-10-01 06:20:54,599 [16456ff1-4706-4be0-9304-666051378146@group-97F4D2865E0A-LeaderElection67] INFO  server.RaftServerConfigKeys (ConfUtils.java:logGet(43)) - raft.server.watch.timeout.denomination = 1s (default)
2019-10-01 06:20:54,599 [16456ff1-4706-4be0-9304-666051378146@group-97F4D2865E0A-LeaderElection67] INFO  server.RaftServerConfigKeys (ConfUtils.java:logGet(43)) - raft.server.watch.element-limit = 65536 (default)
2019-10-01 06:20:54,601 [16456ff1-4706-4be0-9304-666051378146@group-97F4D2865E0A-LeaderElection67] INFO  impl.RoleInfo (RoleInfo.java:updateAndGet(143)) - 16456ff1-4706-4be0-9304-666051378146: start LeaderState
2019-10-01 06:20:54,601 [16456ff1-4706-4be0-9304-666051378146@group-97F4D2865E0A-LeaderElection67] INFO  segmented.SegmentedRaftLogWorker (SegmentedRaftLogWorker.java:startLogSegment(385)) - 16456ff1-4706-4be0-9304-666051378146@group-97F4D2865E0A-SegmentedRaftLogWorker: Starting segment from index:0
2019-10-01 06:20:54,602 [16456ff1-4706-4be0-9304-666051378146@group-97F4D2865E0A-LeaderElection67] INFO  impl.RaftServerImpl (ServerState.java:setRaftConf(356)) - 16456ff1-4706-4be0-9304-666051378146@group-97F4D2865E0A: set configuration 0: [16456ff1-4706-4be0-9304-666051378146:192.168.30.6:38167], old=null at 0
2019-10-01 06:20:54,649 [16456ff1-4706-4be0-9304-666051378146@group-97F4D2865E0A-SegmentedRaftLogWorker] INFO  segmented.SegmentedRaftLogWorker (SegmentedRaftLogWorker.java:execute(574)) - 16456ff1-4706-4be0-9304-666051378146@group-97F4D2865E0A-SegmentedRaftLogWorker: created new log segment /workdir/hadoop-ozone/integration-test/target/test-dir/MiniOzoneClusterImpl-9628f6ce-4133-4238-8eb2-672141be2bf9/datanode-2/data/ratis/79c710ef-fdf6-4435-8273-97f4d2865e0a/current/log_inprogress_0
2019-10-01 06:20:54,702 [Thread-1443] INFO  impl.FollowerState (FollowerState.java:run(108)) - bc1318ca-f5f6-4141-bad7-95947e4e64a4@group-B25FD11C9C75-FollowerState: change to CANDIDATE, lastRpcTime:5018ms, electionTimeout:5018ms
2019-10-01 06:20:54,702 [Thread-1443] INFO  impl.RoleInfo (RoleInfo.java:shutdownFollowerState(121)) - bc1318ca-f5f6-4141-bad7-95947e4e64a4: shutdown FollowerState
2019-10-01 06:20:54,702 [Thread-1443] INFO  impl.RaftServerImpl (RaftServerImpl.java:setRole(170)) - bc1318ca-f5f6-4141-bad7-95947e4e64a4@group-B25FD11C9C75: changes role from  FOLLOWER to CANDIDATE at term 0 for changeToCandidate
2019-10-01 06:20:54,702 [Thread-1443] INFO  impl.RoleInfo (RoleInfo.java:updateAndGet(143)) - bc1318ca-f5f6-4141-bad7-95947e4e64a4: start LeaderElection
2019-10-01 06:20:54,741 [bc1318ca-f5f6-4141-bad7-95947e4e64a4@group-B25FD11C9C75-LeaderElection68] INFO  impl.LeaderElection (LeaderElection.java:askForVotes(178)) - bc1318ca-f5f6-4141-bad7-95947e4e64a4@group-B25FD11C9C75-LeaderElection68: begin an election at term 1 for -1: [bc1318ca-f5f6-4141-bad7-95947e4e64a4:192.168.30.6:36815], old=null
2019-10-01 06:20:54,741 [bc1318ca-f5f6-4141-bad7-95947e4e64a4@group-B25FD11C9C75-LeaderElection68] INFO  impl.RoleInfo (RoleInfo.java:shutdownLeaderElection(134)) - bc1318ca-f5f6-4141-bad7-95947e4e64a4: shutdown LeaderElection
2019-10-01 06:20:54,741 [bc1318ca-f5f6-4141-bad7-95947e4e64a4@group-B25FD11C9C75-LeaderElection68] INFO  impl.RaftServerImpl (RaftServerImpl.java:setRole(170)) - bc1318ca-f5f6-4141-bad7-95947e4e64a4@group-B25FD11C9C75: changes role from CANDIDATE to LEADER at term 1 for changeToLeader
2019-10-01 06:20:54,741 [bc1318ca-f5f6-4141-bad7-95947e4e64a4@group-B25FD11C9C75-LeaderElection68] INFO  impl.RaftServerImpl (ServerState.java:setLeader(255)) - bc1318ca-f5f6-4141-bad7-95947e4e64a4@group-B25FD11C9C75: change Leader from null to bc1318ca-f5f6-4141-bad7-95947e4e64a4 at term 1 for becomeLeader, leader elected after 5063ms
2019-10-01 06:20:54,742 [bc1318ca-f5f6-4141-bad7-95947e4e64a4@group-B25FD11C9C75-LeaderElection68] INFO  server.RaftServerConfigKeys (ConfUtils.java:logGet(43)) - raft.server.staging.catchup.gap = 1000 (default)
2019-10-01 06:20:54,742 [bc1318ca-f5f6-4141-bad7-95947e4e64a4@group-B25FD11C9C75-LeaderElection68] INFO  server.RaftServerConfigKeys (ConfUtils.java:logGet(43)) - raft.server.rpc.sleep.time = 25ms (default)
2019-10-01 06:20:54,742 [bc1318ca-f5f6-4141-bad7-95947e4e64a4@group-B25FD11C9C75-LeaderElection68] INFO  server.RaftServerConfigKeys (ConfUtils.java:logGet(43)) - raft.server.write.element-limit = 4096 (default)
2019-10-01 06:20:54,742 [bc1318ca-f5f6-4141-bad7-95947e4e64a4@group-B25FD11C9C75-LeaderElection68] INFO  server.RaftServerConfigKeys (ConfUtils.java:logGet(43)) - raft.server.watch.timeout = 10s (default)
2019-10-01 06:20:54,742 [bc1318ca-f5f6-4141-bad7-95947e4e64a4@group-B25FD11C9C75-LeaderElection68] INFO  server.RaftServerConfigKeys (ConfUtils.java:logGet(43)) - raft.server.watch.timeout.denomination = 1s (default)
2019-10-01 06:20:54,742 [bc1318ca-f5f6-4141-bad7-95947e4e64a4@group-B25FD11C9C75-LeaderElection68] INFO  server.RaftServerConfigKeys (ConfUtils.java:logGet(43)) - raft.server.watch.element-limit = 65536 (default)
2019-10-01 06:20:54,744 [bc1318ca-f5f6-4141-bad7-95947e4e64a4@group-B25FD11C9C75-LeaderElection68] INFO  impl.RoleInfo (RoleInfo.java:updateAndGet(143)) - bc1318ca-f5f6-4141-bad7-95947e4e64a4: start LeaderState
2019-10-01 06:20:54,744 [bc1318ca-f5f6-4141-bad7-95947e4e64a4@group-B25FD11C9C75-LeaderElection68] INFO  segmented.SegmentedRaftLogWorker (SegmentedRaftLogWorker.java:startLogSegment(385)) - bc1318ca-f5f6-4141-bad7-95947e4e64a4@group-B25FD11C9C75-SegmentedRaftLogWorker: Starting segment from index:0
2019-10-01 06:20:54,744 [bc1318ca-f5f6-4141-bad7-95947e4e64a4@group-B25FD11C9C75-LeaderElection68] INFO  impl.RaftServerImpl (ServerState.java:setRaftConf(356)) - bc1318ca-f5f6-4141-bad7-95947e4e64a4@group-B25FD11C9C75: set configuration 0: [bc1318ca-f5f6-4141-bad7-95947e4e64a4:192.168.30.6:36815], old=null at 0
2019-10-01 06:20:54,800 [bc1318ca-f5f6-4141-bad7-95947e4e64a4@group-B25FD11C9C75-SegmentedRaftLogWorker] INFO  segmented.SegmentedRaftLogWorker (SegmentedRaftLogWorker.java:execute(574)) - bc1318ca-f5f6-4141-bad7-95947e4e64a4@group-B25FD11C9C75-SegmentedRaftLogWorker: created new log segment /workdir/hadoop-ozone/integration-test/target/test-dir/MiniOzoneClusterImpl-9628f6ce-4133-4238-8eb2-672141be2bf9/datanode-5/data/ratis/7893e2ad-bbea-48a1-a7cd-b25fd11c9c75/current/log_inprogress_0
2019-10-01 06:20:55,996 [Thread-1446] INFO  impl.FollowerState (FollowerState.java:run(108)) - 0dfc571b-8a85-45e9-adb3-f42ff3a447fb@group-337D875EDCCC-FollowerState: change to CANDIDATE, lastRpcTime:5046ms, electionTimeout:5046ms
2019-10-01 06:20:55,996 [Thread-1446] INFO  impl.RoleInfo (RoleInfo.java:shutdownFollowerState(121)) - 0dfc571b-8a85-45e9-adb3-f42ff3a447fb: shutdown FollowerState
2019-10-01 06:20:55,996 [Thread-1446] INFO  impl.RaftServerImpl (RaftServerImpl.java:setRole(170)) - 0dfc571b-8a85-45e9-adb3-f42ff3a447fb@group-337D875EDCCC: changes role from  FOLLOWER to CANDIDATE at term 0 for changeToCandidate
2019-10-01 06:20:55,997 [Thread-1446] INFO  impl.RoleInfo (RoleInfo.java:updateAndGet(143)) - 0dfc571b-8a85-45e9-adb3-f42ff3a447fb: start LeaderElection
2019-10-01 06:20:56,027 [Thread-1449] INFO  impl.FollowerState (FollowerState.java:run(108)) - 12b52986-f812-4a0e-b5ca-19605aac5ce5@group-5E182C0C5C4F-FollowerState: change to CANDIDATE, lastRpcTime:5016ms, electionTimeout:5016ms
2019-10-01 06:20:56,028 [Thread-1449] INFO  impl.RoleInfo (RoleInfo.java:shutdownFollowerState(121)) - 12b52986-f812-4a0e-b5ca-19605aac5ce5: shutdown FollowerState
2019-10-01 06:20:56,028 [Thread-1449] INFO  impl.RaftServerImpl (RaftServerImpl.java:setRole(170)) - 12b52986-f812-4a0e-b5ca-19605aac5ce5@group-5E182C0C5C4F: changes role from  FOLLOWER to CANDIDATE at term 0 for changeToCandidate
2019-10-01 06:20:56,028 [Thread-1449] INFO  impl.RoleInfo (RoleInfo.java:updateAndGet(143)) - 12b52986-f812-4a0e-b5ca-19605aac5ce5: start LeaderElection
2019-10-01 06:20:56,037 [0dfc571b-8a85-45e9-adb3-f42ff3a447fb@group-337D875EDCCC-LeaderElection69] INFO  impl.LeaderElection (LeaderElection.java:askForVotes(178)) - 0dfc571b-8a85-45e9-adb3-f42ff3a447fb@group-337D875EDCCC-LeaderElection69: begin an election at term 1 for -1: [0dfc571b-8a85-45e9-adb3-f42ff3a447fb:192.168.30.6:43200], old=null
2019-10-01 06:20:56,038 [0dfc571b-8a85-45e9-adb3-f42ff3a447fb@group-337D875EDCCC-LeaderElection69] INFO  impl.RoleInfo (RoleInfo.java:shutdownLeaderElection(134)) - 0dfc571b-8a85-45e9-adb3-f42ff3a447fb: shutdown LeaderElection
2019-10-01 06:20:56,038 [0dfc571b-8a85-45e9-adb3-f42ff3a447fb@group-337D875EDCCC-LeaderElection69] INFO  impl.RaftServerImpl (RaftServerImpl.java:setRole(170)) - 0dfc571b-8a85-45e9-adb3-f42ff3a447fb@group-337D875EDCCC: changes role from CANDIDATE to LEADER at term 1 for changeToLeader
2019-10-01 06:20:56,038 [0dfc571b-8a85-45e9-adb3-f42ff3a447fb@group-337D875EDCCC-LeaderElection69] INFO  impl.RaftServerImpl (ServerState.java:setLeader(255)) - 0dfc571b-8a85-45e9-adb3-f42ff3a447fb@group-337D875EDCCC: change Leader from null to 0dfc571b-8a85-45e9-adb3-f42ff3a447fb at term 1 for becomeLeader, leader elected after 5092ms
2019-10-01 06:20:56,038 [0dfc571b-8a85-45e9-adb3-f42ff3a447fb@group-337D875EDCCC-LeaderElection69] INFO  server.RaftServerConfigKeys (ConfUtils.java:logGet(43)) - raft.server.staging.catchup.gap = 1000 (default)
2019-10-01 06:20:56,038 [0dfc571b-8a85-45e9-adb3-f42ff3a447fb@group-337D875EDCCC-LeaderElection69] INFO  server.RaftServerConfigKeys (ConfUtils.java:logGet(43)) - raft.server.rpc.sleep.time = 25ms (default)
2019-10-01 06:20:56,039 [0dfc571b-8a85-45e9-adb3-f42ff3a447fb@group-337D875EDCCC-LeaderElection69] INFO  server.RaftServerConfigKeys (ConfUtils.java:logGet(43)) - raft.server.write.element-limit = 4096 (default)
2019-10-01 06:20:56,039 [0dfc571b-8a85-45e9-adb3-f42ff3a447fb@group-337D875EDCCC-LeaderElection69] INFO  server.RaftServerConfigKeys (ConfUtils.java:logGet(43)) - raft.server.watch.timeout = 10s (default)
2019-10-01 06:20:56,039 [0dfc571b-8a85-45e9-adb3-f42ff3a447fb@group-337D875EDCCC-LeaderElection69] INFO  server.RaftServerConfigKeys (ConfUtils.java:logGet(43)) - raft.server.watch.timeout.denomination = 1s (default)
2019-10-01 06:20:56,039 [0dfc571b-8a85-45e9-adb3-f42ff3a447fb@group-337D875EDCCC-LeaderElection69] INFO  server.RaftServerConfigKeys (ConfUtils.java:logGet(43)) - raft.server.watch.element-limit = 65536 (default)
2019-10-01 06:20:56,041 [0dfc571b-8a85-45e9-adb3-f42ff3a447fb@group-337D875EDCCC-LeaderElection69] INFO  impl.RoleInfo (RoleInfo.java:updateAndGet(143)) - 0dfc571b-8a85-45e9-adb3-f42ff3a447fb: start LeaderState
2019-10-01 06:20:56,041 [0dfc571b-8a85-45e9-adb3-f42ff3a447fb@group-337D875EDCCC-LeaderElection69] INFO  segmented.SegmentedRaftLogWorker (SegmentedRaftLogWorker.java:startLogSegment(385)) - 0dfc571b-8a85-45e9-adb3-f42ff3a447fb@group-337D875EDCCC-SegmentedRaftLogWorker: Starting segment from index:0
2019-10-01 06:20:56,042 [0dfc571b-8a85-45e9-adb3-f42ff3a447fb@group-337D875EDCCC-LeaderElection69] INFO  impl.RaftServerImpl (ServerState.java:setRaftConf(356)) - 0dfc571b-8a85-45e9-adb3-f42ff3a447fb@group-337D875EDCCC: set configuration 0: [0dfc571b-8a85-45e9-adb3-f42ff3a447fb:192.168.30.6:43200], old=null at 0
2019-10-01 06:20:56,054 [12b52986-f812-4a0e-b5ca-19605aac5ce5@group-5E182C0C5C4F-LeaderElection70] INFO  impl.LeaderElection (LeaderElection.java:askForVotes(178)) - 12b52986-f812-4a0e-b5ca-19605aac5ce5@group-5E182C0C5C4F-LeaderElection70: begin an election at term 1 for -1: [12b52986-f812-4a0e-b5ca-19605aac5ce5:192.168.30.6:35515], old=null
2019-10-01 06:20:56,054 [12b52986-f812-4a0e-b5ca-19605aac5ce5@group-5E182C0C5C4F-LeaderElection70] INFO  impl.RoleInfo (RoleInfo.java:shutdownLeaderElection(134)) - 12b52986-f812-4a0e-b5ca-19605aac5ce5: shutdown LeaderElection
2019-10-01 06:20:56,054 [12b52986-f812-4a0e-b5ca-19605aac5ce5@group-5E182C0C5C4F-LeaderElection70] INFO  impl.RaftServerImpl (RaftServerImpl.java:setRole(170)) - 12b52986-f812-4a0e-b5ca-19605aac5ce5@group-5E182C0C5C4F: changes role from CANDIDATE to LEADER at term 1 for changeToLeader
2019-10-01 06:20:56,055 [12b52986-f812-4a0e-b5ca-19605aac5ce5@group-5E182C0C5C4F-LeaderElection70] INFO  impl.RaftServerImpl (ServerState.java:setLeader(255)) - 12b52986-f812-4a0e-b5ca-19605aac5ce5@group-5E182C0C5C4F: change Leader from null to 12b52986-f812-4a0e-b5ca-19605aac5ce5 at term 1 for becomeLeader, leader elected after 5050ms
2019-10-01 06:20:56,055 [12b52986-f812-4a0e-b5ca-19605aac5ce5@group-5E182C0C5C4F-LeaderElection70] INFO  server.RaftServerConfigKeys (ConfUtils.java:logGet(43)) - raft.server.staging.catchup.gap = 1000 (default)
2019-10-01 06:20:56,055 [12b52986-f812-4a0e-b5ca-19605aac5ce5@group-5E182C0C5C4F-LeaderElection70] INFO  server.RaftServerConfigKeys (ConfUtils.java:logGet(43)) - raft.server.rpc.sleep.time = 25ms (default)
2019-10-01 06:20:56,055 [12b52986-f812-4a0e-b5ca-19605aac5ce5@group-5E182C0C5C4F-LeaderElection70] INFO  server.RaftServerConfigKeys (ConfUtils.java:logGet(43)) - raft.server.write.element-limit = 4096 (default)
2019-10-01 06:20:56,055 [12b52986-f812-4a0e-b5ca-19605aac5ce5@group-5E182C0C5C4F-LeaderElection70] INFO  server.RaftServerConfigKeys (ConfUtils.java:logGet(43)) - raft.server.watch.timeout = 10s (default)
2019-10-01 06:20:56,055 [12b52986-f812-4a0e-b5ca-19605aac5ce5@group-5E182C0C5C4F-LeaderElection70] INFO  server.RaftServerConfigKeys (ConfUtils.java:logGet(43)) - raft.server.watch.timeout.denomination = 1s (default)
2019-10-01 06:20:56,055 [12b52986-f812-4a0e-b5ca-19605aac5ce5@group-5E182C0C5C4F-LeaderElection70] INFO  server.RaftServerConfigKeys (ConfUtils.java:logGet(43)) - raft.server.watch.element-limit = 65536 (default)
2019-10-01 06:20:56,058 [12b52986-f812-4a0e-b5ca-19605aac5ce5@group-5E182C0C5C4F-LeaderElection70] INFO  impl.RoleInfo (RoleInfo.java:updateAndGet(143)) - 12b52986-f812-4a0e-b5ca-19605aac5ce5: start LeaderState
2019-10-01 06:20:56,058 [12b52986-f812-4a0e-b5ca-19605aac5ce5@group-5E182C0C5C4F-LeaderElection70] INFO  segmented.SegmentedRaftLogWorker (SegmentedRaftLogWorker.java:startLogSegment(385)) - 12b52986-f812-4a0e-b5ca-19605aac5ce5@group-5E182C0C5C4F-SegmentedRaftLogWorker: Starting segment from index:0
2019-10-01 06:20:56,059 [12b52986-f812-4a0e-b5ca-19605aac5ce5@group-5E182C0C5C4F-LeaderElection70] INFO  impl.RaftServerImpl (ServerState.java:setRaftConf(356)) - 12b52986-f812-4a0e-b5ca-19605aac5ce5@group-5E182C0C5C4F: set configuration 0: [12b52986-f812-4a0e-b5ca-19605aac5ce5:192.168.30.6:35515], old=null at 0
2019-10-01 06:20:56,097 [12b52986-f812-4a0e-b5ca-19605aac5ce5@group-5E182C0C5C4F-SegmentedRaftLogWorker] INFO  segmented.SegmentedRaftLogWorker (SegmentedRaftLogWorker.java:execute(574)) - 12b52986-f812-4a0e-b5ca-19605aac5ce5@group-5E182C0C5C4F-SegmentedRaftLogWorker: created new log segment /workdir/hadoop-ozone/integration-test/target/test-dir/MiniOzoneClusterImpl-9628f6ce-4133-4238-8eb2-672141be2bf9/datanode-3/data/ratis/aa582110-eda5-4168-8b0c-5e182c0c5c4f/current/log_inprogress_0
2019-10-01 06:20:56,097 [0dfc571b-8a85-45e9-adb3-f42ff3a447fb@group-337D875EDCCC-SegmentedRaftLogWorker] INFO  segmented.SegmentedRaftLogWorker (SegmentedRaftLogWorker.java:execute(574)) - 0dfc571b-8a85-45e9-adb3-f42ff3a447fb@group-337D875EDCCC-SegmentedRaftLogWorker: created new log segment /workdir/hadoop-ozone/integration-test/target/test-dir/MiniOzoneClusterImpl-9628f6ce-4133-4238-8eb2-672141be2bf9/datanode-0/data/ratis/4a31e97c-fa27-49ad-94b9-337d875edccc/current/log_inprogress_0
2019-10-01 06:20:58,833 [Thread-1477] INFO  impl.FollowerState (FollowerState.java:run(108)) - b13a3cc5-7860-43cb-88ea-b527511dabf1@group-3AEA3A3A61FF-FollowerState: change to CANDIDATE, lastRpcTime:5006ms, electionTimeout:5006ms
2019-10-01 06:20:58,833 [Thread-1477] INFO  impl.RoleInfo (RoleInfo.java:shutdownFollowerState(121)) - b13a3cc5-7860-43cb-88ea-b527511dabf1: shutdown FollowerState
2019-10-01 06:20:58,834 [Thread-1477] INFO  impl.RaftServerImpl (RaftServerImpl.java:setRole(170)) - b13a3cc5-7860-43cb-88ea-b527511dabf1@group-3AEA3A3A61FF: changes role from  FOLLOWER to CANDIDATE at term 1 for changeToCandidate
2019-10-01 06:20:58,834 [Thread-1477] INFO  impl.RoleInfo (RoleInfo.java:updateAndGet(143)) - b13a3cc5-7860-43cb-88ea-b527511dabf1: start LeaderElection
2019-10-01 06:20:58,863 [Thread-1475] INFO  impl.FollowerState (FollowerState.java:run(108)) - 25f8cd60-600d-4c27-9835-e918e1f0a30b@group-3AEA3A3A61FF-FollowerState: change to CANDIDATE, lastRpcTime:5064ms, electionTimeout:5036ms
2019-10-01 06:20:58,863 [Thread-1475] INFO  impl.RoleInfo (RoleInfo.java:shutdownFollowerState(121)) - 25f8cd60-600d-4c27-9835-e918e1f0a30b: shutdown FollowerState
2019-10-01 06:20:58,863 [Thread-1475] INFO  impl.RaftServerImpl (RaftServerImpl.java:setRole(170)) - 25f8cd60-600d-4c27-9835-e918e1f0a30b@group-3AEA3A3A61FF: changes role from  FOLLOWER to CANDIDATE at term 1 for changeToCandidate
2019-10-01 06:20:58,863 [Thread-1475] INFO  impl.RoleInfo (RoleInfo.java:updateAndGet(143)) - 25f8cd60-600d-4c27-9835-e918e1f0a30b: start LeaderElection
2019-10-01 06:20:59,002 [Thread-1478] INFO  impl.FollowerState (FollowerState.java:run(108)) - 33dfb9e4-5af7-48c0-aed2-49a098141a6c@group-3AEA3A3A61FF-FollowerState: change to CANDIDATE, lastRpcTime:5166ms, electionTimeout:5166ms
2019-10-01 06:20:59,003 [Thread-1478] INFO  impl.RoleInfo (RoleInfo.java:shutdownFollowerState(121)) - 33dfb9e4-5af7-48c0-aed2-49a098141a6c: shutdown FollowerState
2019-10-01 06:20:59,003 [Thread-1478] INFO  impl.RaftServerImpl (RaftServerImpl.java:setRole(170)) - 33dfb9e4-5af7-48c0-aed2-49a098141a6c@group-3AEA3A3A61FF: changes role from  FOLLOWER to CANDIDATE at term 1 for changeToCandidate
2019-10-01 06:20:59,003 [Thread-1478] INFO  impl.RoleInfo (RoleInfo.java:updateAndGet(143)) - 33dfb9e4-5af7-48c0-aed2-49a098141a6c: start LeaderElection
2019-10-01 06:21:00,200 [33dfb9e4-5af7-48c0-aed2-49a098141a6c@group-3AEA3A3A61FF-LeaderElection73] INFO  impl.LeaderElection (LeaderElection.java:askForVotes(178)) - 33dfb9e4-5af7-48c0-aed2-49a098141a6c@group-3AEA3A3A61FF-LeaderElection73: begin an election at term 2 for -1: [25f8cd60-600d-4c27-9835-e918e1f0a30b:192.168.30.6:33755, b13a3cc5-7860-43cb-88ea-b527511dabf1:192.168.30.6:44781, 33dfb9e4-5af7-48c0-aed2-49a098141a6c:192.168.30.6:41425], old=null
2019-10-01 06:21:00,200 [b13a3cc5-7860-43cb-88ea-b527511dabf1@group-3AEA3A3A61FF-LeaderElection71] INFO  impl.LeaderElection (LeaderElection.java:askForVotes(178)) - b13a3cc5-7860-43cb-88ea-b527511dabf1@group-3AEA3A3A61FF-LeaderElection71: begin an election at term 2 for -1: [25f8cd60-600d-4c27-9835-e918e1f0a30b:192.168.30.6:33755, b13a3cc5-7860-43cb-88ea-b527511dabf1:192.168.30.6:44781, 33dfb9e4-5af7-48c0-aed2-49a098141a6c:192.168.30.6:41425], old=null
2019-10-01 06:21:00,200 [25f8cd60-600d-4c27-9835-e918e1f0a30b@group-3AEA3A3A61FF-LeaderElection72] INFO  impl.LeaderElection (LeaderElection.java:askForVotes(178)) - 25f8cd60-600d-4c27-9835-e918e1f0a30b@group-3AEA3A3A61FF-LeaderElection72: begin an election at term 2 for -1: [25f8cd60-600d-4c27-9835-e918e1f0a30b:192.168.30.6:33755, b13a3cc5-7860-43cb-88ea-b527511dabf1:192.168.30.6:44781, 33dfb9e4-5af7-48c0-aed2-49a098141a6c:192.168.30.6:41425], old=null
2019-10-01 06:21:00,211 [33dfb9e4-5af7-48c0-aed2-49a098141a6c@group-3AEA3A3A61FF-LeaderElection73] INFO  impl.LeaderElection (LeaderElection.java:logAndReturn(56)) - 33dfb9e4-5af7-48c0-aed2-49a098141a6c@group-3AEA3A3A61FF-LeaderElection73: Election REJECTED; received 2 response(s) [33dfb9e4-5af7-48c0-aed2-49a098141a6c<-25f8cd60-600d-4c27-9835-e918e1f0a30b#0:FAIL-t2, 33dfb9e4-5af7-48c0-aed2-49a098141a6c<-b13a3cc5-7860-43cb-88ea-b527511dabf1#0:FAIL-t2] and 0 exception(s); 33dfb9e4-5af7-48c0-aed2-49a098141a6c@group-3AEA3A3A61FF:t2, leader=null, voted=33dfb9e4-5af7-48c0-aed2-49a098141a6c, raftlog=33dfb9e4-5af7-48c0-aed2-49a098141a6c@group-3AEA3A3A61FF-SegmentedRaftLog:OPENED:c-1,f-1,i0, conf=-1: [25f8cd60-600d-4c27-9835-e918e1f0a30b:192.168.30.6:33755, b13a3cc5-7860-43cb-88ea-b527511dabf1:192.168.30.6:44781, 33dfb9e4-5af7-48c0-aed2-49a098141a6c:192.168.30.6:41425], old=null
2019-10-01 06:21:00,211 [b13a3cc5-7860-43cb-88ea-b527511dabf1@group-3AEA3A3A61FF-LeaderElection71] INFO  impl.LeaderElection (LeaderElection.java:logAndReturn(56)) - b13a3cc5-7860-43cb-88ea-b527511dabf1@group-3AEA3A3A61FF-LeaderElection71: Election REJECTED; received 2 response(s) [b13a3cc5-7860-43cb-88ea-b527511dabf1<-25f8cd60-600d-4c27-9835-e918e1f0a30b#0:FAIL-t2, b13a3cc5-7860-43cb-88ea-b527511dabf1<-33dfb9e4-5af7-48c0-aed2-49a098141a6c#0:FAIL-t2] and 0 exception(s); b13a3cc5-7860-43cb-88ea-b527511dabf1@group-3AEA3A3A61FF:t2, leader=null, voted=b13a3cc5-7860-43cb-88ea-b527511dabf1, raftlog=b13a3cc5-7860-43cb-88ea-b527511dabf1@group-3AEA3A3A61FF-SegmentedRaftLog:OPENED:c-1,f-1,i0, conf=-1: [25f8cd60-600d-4c27-9835-e918e1f0a30b:192.168.30.6:33755, b13a3cc5-7860-43cb-88ea-b527511dabf1:192.168.30.6:44781, 33dfb9e4-5af7-48c0-aed2-49a098141a6c:192.168.30.6:41425], old=null
2019-10-01 06:21:00,212 [25f8cd60-600d-4c27-9835-e918e1f0a30b@group-3AEA3A3A61FF-LeaderElection72] INFO  impl.LeaderElection (LeaderElection.java:logAndReturn(56)) - 25f8cd60-600d-4c27-9835-e918e1f0a30b@group-3AEA3A3A61FF-LeaderElection72: Election REJECTED; received 2 response(s) [25f8cd60-600d-4c27-9835-e918e1f0a30b<-b13a3cc5-7860-43cb-88ea-b527511dabf1#0:FAIL-t2, 25f8cd60-600d-4c27-9835-e918e1f0a30b<-33dfb9e4-5af7-48c0-aed2-49a098141a6c#0:FAIL-t2] and 0 exception(s); 25f8cd60-600d-4c27-9835-e918e1f0a30b@group-3AEA3A3A61FF:t2, leader=null, voted=25f8cd60-600d-4c27-9835-e918e1f0a30b, raftlog=25f8cd60-600d-4c27-9835-e918e1f0a30b@group-3AEA3A3A61FF-SegmentedRaftLog:OPENED:c-1,f-1,i0, conf=-1: [25f8cd60-600d-4c27-9835-e918e1f0a30b:192.168.30.6:33755, b13a3cc5-7860-43cb-88ea-b527511dabf1:192.168.30.6:44781, 33dfb9e4-5af7-48c0-aed2-49a098141a6c:192.168.30.6:41425], old=null
2019-10-01 06:21:00,212 [b13a3cc5-7860-43cb-88ea-b527511dabf1@group-3AEA3A3A61FF-LeaderElection71] INFO  impl.RaftServerImpl (RaftServerImpl.java:setRole(170)) - b13a3cc5-7860-43cb-88ea-b527511dabf1@group-3AEA3A3A61FF: changes role from CANDIDATE to FOLLOWER at term 2 for DISCOVERED_A_NEW_TERM
2019-10-01 06:21:00,212 [33dfb9e4-5af7-48c0-aed2-49a098141a6c@group-3AEA3A3A61FF-LeaderElection73] INFO  impl.RaftServerImpl (RaftServerImpl.java:setRole(170)) - 33dfb9e4-5af7-48c0-aed2-49a098141a6c@group-3AEA3A3A61FF: changes role from CANDIDATE to FOLLOWER at term 2 for DISCOVERED_A_NEW_TERM
2019-10-01 06:21:00,222 [25f8cd60-600d-4c27-9835-e918e1f0a30b@group-3AEA3A3A61FF-LeaderElection72] INFO  impl.RaftServerImpl (RaftServerImpl.java:setRole(170)) - 25f8cd60-600d-4c27-9835-e918e1f0a30b@group-3AEA3A3A61FF: changes role from CANDIDATE to FOLLOWER at term 2 for DISCOVERED_A_NEW_TERM
2019-10-01 06:21:00,226 [25f8cd60-600d-4c27-9835-e918e1f0a30b@group-3AEA3A3A61FF-LeaderElection72] INFO  impl.RoleInfo (RoleInfo.java:shutdownLeaderElection(134)) - 25f8cd60-600d-4c27-9835-e918e1f0a30b: shutdown LeaderElection
2019-10-01 06:21:00,226 [b13a3cc5-7860-43cb-88ea-b527511dabf1@group-3AEA3A3A61FF-LeaderElection71] INFO  impl.RoleInfo (RoleInfo.java:shutdownLeaderElection(134)) - b13a3cc5-7860-43cb-88ea-b527511dabf1: shutdown LeaderElection
2019-10-01 06:21:00,226 [33dfb9e4-5af7-48c0-aed2-49a098141a6c@group-3AEA3A3A61FF-LeaderElection73] INFO  impl.RoleInfo (RoleInfo.java:shutdownLeaderElection(134)) - 33dfb9e4-5af7-48c0-aed2-49a098141a6c: shutdown LeaderElection
2019-10-01 06:21:00,227 [25f8cd60-600d-4c27-9835-e918e1f0a30b@group-3AEA3A3A61FF-LeaderElection72] INFO  impl.RoleInfo (RoleInfo.java:updateAndGet(143)) - 25f8cd60-600d-4c27-9835-e918e1f0a30b: start FollowerState
2019-10-01 06:21:00,227 [b13a3cc5-7860-43cb-88ea-b527511dabf1@group-3AEA3A3A61FF-LeaderElection71] INFO  impl.RoleInfo (RoleInfo.java:updateAndGet(143)) - b13a3cc5-7860-43cb-88ea-b527511dabf1: start FollowerState
2019-10-01 06:21:00,227 [33dfb9e4-5af7-48c0-aed2-49a098141a6c@group-3AEA3A3A61FF-LeaderElection73] INFO  impl.RoleInfo (RoleInfo.java:updateAndGet(143)) - 33dfb9e4-5af7-48c0-aed2-49a098141a6c: start FollowerState
2019-10-01 06:21:05,374 [Thread-1546] INFO  impl.FollowerState (FollowerState.java:run(108)) - 33dfb9e4-5af7-48c0-aed2-49a098141a6c@group-3AEA3A3A61FF-FollowerState: change to CANDIDATE, lastRpcTime:5146ms, electionTimeout:5146ms
2019-10-01 06:21:05,374 [Thread-1546] INFO  impl.RoleInfo (RoleInfo.java:shutdownFollowerState(121)) - 33dfb9e4-5af7-48c0-aed2-49a098141a6c: shutdown FollowerState
2019-10-01 06:21:05,374 [Thread-1546] INFO  impl.RaftServerImpl (RaftServerImpl.java:setRole(170)) - 33dfb9e4-5af7-48c0-aed2-49a098141a6c@group-3AEA3A3A61FF: changes role from  FOLLOWER to CANDIDATE at term 2 for changeToCandidate
2019-10-01 06:21:05,374 [Thread-1546] INFO  impl.RoleInfo (RoleInfo.java:updateAndGet(143)) - 33dfb9e4-5af7-48c0-aed2-49a098141a6c: start LeaderElection
2019-10-01 06:21:05,379 [Thread-1545] INFO  impl.FollowerState (FollowerState.java:run(108)) - b13a3cc5-7860-43cb-88ea-b527511dabf1@group-3AEA3A3A61FF-FollowerState: change to CANDIDATE, lastRpcTime:5152ms, electionTimeout:5148ms
2019-10-01 06:21:05,379 [Thread-1545] INFO  impl.RoleInfo (RoleInfo.java:shutdownFollowerState(121)) - b13a3cc5-7860-43cb-88ea-b527511dabf1: shutdown FollowerState
2019-10-01 06:21:05,379 [Thread-1545] INFO  impl.RaftServerImpl (RaftServerImpl.java:setRole(170)) - b13a3cc5-7860-43cb-88ea-b527511dabf1@group-3AEA3A3A61FF: changes role from  FOLLOWER to CANDIDATE at term 2 for changeToCandidate
2019-10-01 06:21:05,379 [Thread-1545] INFO  impl.RoleInfo (RoleInfo.java:updateAndGet(143)) - b13a3cc5-7860-43cb-88ea-b527511dabf1: start LeaderElection
2019-10-01 06:21:05,408 [33dfb9e4-5af7-48c0-aed2-49a098141a6c@group-3AEA3A3A61FF-LeaderElection74] INFO  impl.LeaderElection (LeaderElection.java:askForVotes(178)) - 33dfb9e4-5af7-48c0-aed2-49a098141a6c@group-3AEA3A3A61FF-LeaderElection74: begin an election at term 3 for -1: [25f8cd60-600d-4c27-9835-e918e1f0a30b:192.168.30.6:33755, b13a3cc5-7860-43cb-88ea-b527511dabf1:192.168.30.6:44781, 33dfb9e4-5af7-48c0-aed2-49a098141a6c:192.168.30.6:41425], old=null
2019-10-01 06:21:05,408 [b13a3cc5-7860-43cb-88ea-b527511dabf1@group-3AEA3A3A61FF-LeaderElection75] INFO  impl.LeaderElection (LeaderElection.java:askForVotes(178)) - b13a3cc5-7860-43cb-88ea-b527511dabf1@group-3AEA3A3A61FF-LeaderElection75: begin an election at term 3 for -1: [25f8cd60-600d-4c27-9835-e918e1f0a30b:192.168.30.6:33755, b13a3cc5-7860-43cb-88ea-b527511dabf1:192.168.30.6:44781, 33dfb9e4-5af7-48c0-aed2-49a098141a6c:192.168.30.6:41425], old=null
2019-10-01 06:21:05,411 [grpc-default-executor-5] INFO  impl.RaftServerImpl (RaftServerImpl.java:setRole(170)) - 25f8cd60-600d-4c27-9835-e918e1f0a30b@group-3AEA3A3A61FF: changes role from  FOLLOWER to FOLLOWER at term 3 for recognizeCandidate:33dfb9e4-5af7-48c0-aed2-49a098141a6c
2019-10-01 06:21:05,411 [grpc-default-executor-5] INFO  impl.RoleInfo (RoleInfo.java:shutdownFollowerState(121)) - 25f8cd60-600d-4c27-9835-e918e1f0a30b: shutdown FollowerState
2019-10-01 06:21:05,411 [grpc-default-executor-5] INFO  impl.RoleInfo (RoleInfo.java:updateAndGet(143)) - 25f8cd60-600d-4c27-9835-e918e1f0a30b: start FollowerState
2019-10-01 06:21:05,411 [Thread-1544] INFO  impl.FollowerState (FollowerState.java:run(117)) - 25f8cd60-600d-4c27-9835-e918e1f0a30b@group-3AEA3A3A61FF-FollowerState was interrupted: java.lang.InterruptedException: sleep interrupted
2019-10-01 06:21:05,452 [33dfb9e4-5af7-48c0-aed2-49a098141a6c@group-3AEA3A3A61FF-LeaderElection74] INFO  impl.LeaderElection (LeaderElection.java:logAndReturn(56)) - 33dfb9e4-5af7-48c0-aed2-49a098141a6c@group-3AEA3A3A61FF-LeaderElection74: Election PASSED; received 2 response(s) [33dfb9e4-5af7-48c0-aed2-49a098141a6c<-25f8cd60-600d-4c27-9835-e918e1f0a30b#0:OK-t3, 33dfb9e4-5af7-48c0-aed2-49a098141a6c<-b13a3cc5-7860-43cb-88ea-b527511dabf1#0:FAIL-t3] and 0 exception(s); 33dfb9e4-5af7-48c0-aed2-49a098141a6c@group-3AEA3A3A61FF:t3, leader=null, voted=33dfb9e4-5af7-48c0-aed2-49a098141a6c, raftlog=33dfb9e4-5af7-48c0-aed2-49a098141a6c@group-3AEA3A3A61FF-SegmentedRaftLog:OPENED:c-1,f-1,i0, conf=-1: [25f8cd60-600d-4c27-9835-e918e1f0a30b:192.168.30.6:33755, b13a3cc5-7860-43cb-88ea-b527511dabf1:192.168.30.6:44781, 33dfb9e4-5af7-48c0-aed2-49a098141a6c:192.168.30.6:41425], old=null
2019-10-01 06:21:05,452 [b13a3cc5-7860-43cb-88ea-b527511dabf1@group-3AEA3A3A61FF-LeaderElection75] INFO  impl.LeaderElection (LeaderElection.java:logAndReturn(56)) - b13a3cc5-7860-43cb-88ea-b527511dabf1@group-3AEA3A3A61FF-LeaderElection75: Election REJECTED; received 2 response(s) [b13a3cc5-7860-43cb-88ea-b527511dabf1<-25f8cd60-600d-4c27-9835-e918e1f0a30b#0:FAIL-t3, b13a3cc5-7860-43cb-88ea-b527511dabf1<-33dfb9e4-5af7-48c0-aed2-49a098141a6c#0:FAIL-t3] and 0 exception(s); b13a3cc5-7860-43cb-88ea-b527511dabf1@group-3AEA3A3A61FF:t3, leader=null, voted=b13a3cc5-7860-43cb-88ea-b527511dabf1, raftlog=b13a3cc5-7860-43cb-88ea-b527511dabf1@group-3AEA3A3A61FF-SegmentedRaftLog:OPENED:c-1,f-1,i0, conf=-1: [25f8cd60-600d-4c27-9835-e918e1f0a30b:192.168.30.6:33755, b13a3cc5-7860-43cb-88ea-b527511dabf1:192.168.30.6:44781, 33dfb9e4-5af7-48c0-aed2-49a098141a6c:192.168.30.6:41425], old=null
2019-10-01 06:21:05,453 [33dfb9e4-5af7-48c0-aed2-49a098141a6c@group-3AEA3A3A61FF-LeaderElection74] INFO  impl.RoleInfo (RoleInfo.java:shutdownLeaderElection(134)) - 33dfb9e4-5af7-48c0-aed2-49a098141a6c: shutdown LeaderElection
2019-10-01 06:21:05,458 [b13a3cc5-7860-43cb-88ea-b527511dabf1@group-3AEA3A3A61FF-LeaderElection75] INFO  impl.RaftServerImpl (RaftServerImpl.java:setRole(170)) - b13a3cc5-7860-43cb-88ea-b527511dabf1@group-3AEA3A3A61FF: changes role from CANDIDATE to FOLLOWER at term 3 for DISCOVERED_A_NEW_TERM
2019-10-01 06:21:05,461 [b13a3cc5-7860-43cb-88ea-b527511dabf1@group-3AEA3A3A61FF-LeaderElection75] INFO  impl.RoleInfo (RoleInfo.java:shutdownLeaderElection(134)) - b13a3cc5-7860-43cb-88ea-b527511dabf1: shutdown LeaderElection
2019-10-01 06:21:05,461 [b13a3cc5-7860-43cb-88ea-b527511dabf1@group-3AEA3A3A61FF-LeaderElection75] INFO  impl.RoleInfo (RoleInfo.java:updateAndGet(143)) - b13a3cc5-7860-43cb-88ea-b527511dabf1: start FollowerState
2019-10-01 06:21:05,461 [33dfb9e4-5af7-48c0-aed2-49a098141a6c@group-3AEA3A3A61FF-LeaderElection74] INFO  impl.RaftServerImpl (RaftServerImpl.java:setRole(170)) - 33dfb9e4-5af7-48c0-aed2-49a098141a6c@group-3AEA3A3A61FF: changes role from CANDIDATE to LEADER at term 3 for changeToLeader
2019-10-01 06:21:05,461 [33dfb9e4-5af7-48c0-aed2-49a098141a6c@group-3AEA3A3A61FF-LeaderElection74] INFO  impl.RaftServerImpl (ServerState.java:setLeader(255)) - 33dfb9e4-5af7-48c0-aed2-49a098141a6c@group-3AEA3A3A61FF: change Leader from null to 33dfb9e4-5af7-48c0-aed2-49a098141a6c at term 3 for becomeLeader, leader elected after 16793ms
2019-10-01 06:21:05,461 [33dfb9e4-5af7-48c0-aed2-49a098141a6c@group-3AEA3A3A61FF-LeaderElection74] INFO  server.RaftServerConfigKeys (ConfUtils.java:logGet(43)) - raft.server.staging.catchup.gap = 1000 (default)
2019-10-01 06:21:05,462 [33dfb9e4-5af7-48c0-aed2-49a098141a6c@group-3AEA3A3A61FF-LeaderElection74] INFO  server.RaftServerConfigKeys (ConfUtils.java:logGet(43)) - raft.server.rpc.sleep.time = 25ms (default)
2019-10-01 06:21:05,462 [33dfb9e4-5af7-48c0-aed2-49a098141a6c@group-3AEA3A3A61FF-LeaderElection74] INFO  server.RaftServerConfigKeys (ConfUtils.java:logGet(43)) - raft.server.write.element-limit = 4096 (default)
2019-10-01 06:21:05,462 [33dfb9e4-5af7-48c0-aed2-49a098141a6c@group-3AEA3A3A61FF-LeaderElection74] INFO  server.RaftServerConfigKeys (ConfUtils.java:logGet(43)) - raft.server.watch.timeout = 10s (default)
2019-10-01 06:21:05,462 [33dfb9e4-5af7-48c0-aed2-49a098141a6c@group-3AEA3A3A61FF-LeaderElection74] INFO  server.RaftServerConfigKeys (ConfUtils.java:logGet(43)) - raft.server.watch.timeout.denomination = 1s (default)
2019-10-01 06:21:05,462 [33dfb9e4-5af7-48c0-aed2-49a098141a6c@group-3AEA3A3A61FF-LeaderElection74] INFO  server.RaftServerConfigKeys (ConfUtils.java:logGet(43)) - raft.server.watch.element-limit = 65536 (default)
2019-10-01 06:21:05,464 [33dfb9e4-5af7-48c0-aed2-49a098141a6c@group-3AEA3A3A61FF-LeaderElection74] INFO  server.RaftServerConfigKeys (ConfUtils.java:logGet(43)) - raft.server.log.appender.snapshot.chunk.size.max = 16MB (=16777216) (default)
2019-10-01 06:21:05,464 [33dfb9e4-5af7-48c0-aed2-49a098141a6c@group-3AEA3A3A61FF-LeaderElection74] INFO  server.RaftServerConfigKeys (ConfUtils.java:logGet(43)) - raft.server.log.appender.buffer.byte-limit = 33554432 (custom)
2019-10-01 06:21:05,464 [33dfb9e4-5af7-48c0-aed2-49a098141a6c@group-3AEA3A3A61FF-LeaderElection74] INFO  server.RaftServerConfigKeys (ConfUtils.java:logGet(43)) - raft.server.log.appender.buffer.element-limit = 1 (custom)
2019-10-01 06:21:05,464 [33dfb9e4-5af7-48c0-aed2-49a098141a6c@group-3AEA3A3A61FF-LeaderElection74] INFO  grpc.GrpcConfigKeys$Server (ConfUtils.java:logGet(43)) - raft.grpc.server.leader.outstanding.appends.max = 128 (default)
2019-10-01 06:21:05,465 [33dfb9e4-5af7-48c0-aed2-49a098141a6c@group-3AEA3A3A61FF-LeaderElection74] INFO  server.RaftServerConfigKeys (ConfUtils.java:logGet(43)) - raft.server.rpc.request.timeout = 3000ms (default)
2019-10-01 06:21:05,465 [33dfb9e4-5af7-48c0-aed2-49a098141a6c@group-3AEA3A3A61FF-LeaderElection74] INFO  server.RaftServerConfigKeys (ConfUtils.java:logGet(43)) - raft.server.log.appender.install.snapshot.enabled = false (custom)
2019-10-01 06:21:05,465 [33dfb9e4-5af7-48c0-aed2-49a098141a6c@group-3AEA3A3A61FF-LeaderElection74] INFO  server.RaftServerConfigKeys (ConfUtils.java:logGet(43)) - raft.server.log.appender.snapshot.chunk.size.max = 16MB (=16777216) (default)
2019-10-01 06:21:05,465 [33dfb9e4-5af7-48c0-aed2-49a098141a6c@group-3AEA3A3A61FF-LeaderElection74] INFO  server.RaftServerConfigKeys (ConfUtils.java:logGet(43)) - raft.server.log.appender.buffer.byte-limit = 33554432 (custom)
2019-10-01 06:21:05,465 [33dfb9e4-5af7-48c0-aed2-49a098141a6c@group-3AEA3A3A61FF-LeaderElection74] INFO  server.RaftServerConfigKeys (ConfUtils.java:logGet(43)) - raft.server.log.appender.buffer.element-limit = 1 (custom)
2019-10-01 06:21:05,465 [33dfb9e4-5af7-48c0-aed2-49a098141a6c@group-3AEA3A3A61FF-LeaderElection74] INFO  grpc.GrpcConfigKeys$Server (ConfUtils.java:logGet(43)) - raft.grpc.server.leader.outstanding.appends.max = 128 (default)
2019-10-01 06:21:05,465 [33dfb9e4-5af7-48c0-aed2-49a098141a6c@group-3AEA3A3A61FF-LeaderElection74] INFO  server.RaftServerConfigKeys (ConfUtils.java:logGet(43)) - raft.server.rpc.request.timeout = 3000ms (default)
2019-10-01 06:21:05,465 [33dfb9e4-5af7-48c0-aed2-49a098141a6c@group-3AEA3A3A61FF-LeaderElection74] INFO  server.RaftServerConfigKeys (ConfUtils.java:logGet(43)) - raft.server.log.appender.install.snapshot.enabled = false (custom)
2019-10-01 06:21:05,466 [33dfb9e4-5af7-48c0-aed2-49a098141a6c@group-3AEA3A3A61FF-LeaderElection74] INFO  impl.RoleInfo (RoleInfo.java:updateAndGet(143)) - 33dfb9e4-5af7-48c0-aed2-49a098141a6c: start LeaderState
2019-10-01 06:21:05,466 [33dfb9e4-5af7-48c0-aed2-49a098141a6c@group-3AEA3A3A61FF-LeaderElection74] INFO  segmented.SegmentedRaftLogWorker (SegmentedRaftLogWorker.java:startLogSegment(385)) - 33dfb9e4-5af7-48c0-aed2-49a098141a6c@group-3AEA3A3A61FF-SegmentedRaftLogWorker: Starting segment from index:0
2019-10-01 06:21:05,467 [33dfb9e4-5af7-48c0-aed2-49a098141a6c@group-3AEA3A3A61FF-LeaderElection74] INFO  impl.RaftServerImpl (ServerState.java:setRaftConf(356)) - 33dfb9e4-5af7-48c0-aed2-49a098141a6c@group-3AEA3A3A61FF: set configuration 0: [25f8cd60-600d-4c27-9835-e918e1f0a30b:192.168.30.6:33755, b13a3cc5-7860-43cb-88ea-b527511dabf1:192.168.30.6:44781, 33dfb9e4-5af7-48c0-aed2-49a098141a6c:192.168.30.6:41425], old=null at 0
2019-10-01 06:21:05,468 [grpc-default-executor-0] INFO  impl.RaftServerImpl (ServerState.java:setLeader(255)) - b13a3cc5-7860-43cb-88ea-b527511dabf1@group-3AEA3A3A61FF: change Leader from null to 33dfb9e4-5af7-48c0-aed2-49a098141a6c at term 3 for appendEntries, leader elected after 16800ms
2019-10-01 06:21:05,468 [grpc-default-executor-5] INFO  impl.RaftServerImpl (ServerState.java:setLeader(255)) - 25f8cd60-600d-4c27-9835-e918e1f0a30b@group-3AEA3A3A61FF: change Leader from null to 33dfb9e4-5af7-48c0-aed2-49a098141a6c at term 3 for appendEntries, leader elected after 16801ms
2019-10-01 06:21:05,470 [grpc-default-executor-0] INFO  impl.RaftServerImpl (ServerState.java:setRaftConf(356)) - 25f8cd60-600d-4c27-9835-e918e1f0a30b@group-3AEA3A3A61FF: set configuration 0: [25f8cd60-600d-4c27-9835-e918e1f0a30b:192.168.30.6:33755, b13a3cc5-7860-43cb-88ea-b527511dabf1:192.168.30.6:44781, 33dfb9e4-5af7-48c0-aed2-49a098141a6c:192.168.30.6:41425], old=null at 0
2019-10-01 06:21:05,470 [grpc-default-executor-5] INFO  impl.RaftServerImpl (ServerState.java:setRaftConf(356)) - b13a3cc5-7860-43cb-88ea-b527511dabf1@group-3AEA3A3A61FF: set configuration 0: [25f8cd60-600d-4c27-9835-e918e1f0a30b:192.168.30.6:33755, b13a3cc5-7860-43cb-88ea-b527511dabf1:192.168.30.6:44781, 33dfb9e4-5af7-48c0-aed2-49a098141a6c:192.168.30.6:41425], old=null at 0
2019-10-01 06:21:05,470 [grpc-default-executor-0] INFO  segmented.SegmentedRaftLogWorker (SegmentedRaftLogWorker.java:startLogSegment(385)) - 25f8cd60-600d-4c27-9835-e918e1f0a30b@group-3AEA3A3A61FF-SegmentedRaftLogWorker: Starting segment from index:0
2019-10-01 06:21:05,471 [grpc-default-executor-5] INFO  segmented.SegmentedRaftLogWorker (SegmentedRaftLogWorker.java:startLogSegment(385)) - b13a3cc5-7860-43cb-88ea-b527511dabf1@group-3AEA3A3A61FF-SegmentedRaftLogWorker: Starting segment from index:0
2019-10-01 06:21:05,532 [25f8cd60-600d-4c27-9835-e918e1f0a30b@group-3AEA3A3A61FF-SegmentedRaftLogWorker] INFO  segmented.SegmentedRaftLogWorker (SegmentedRaftLogWorker.java:execute(574)) - 25f8cd60-600d-4c27-9835-e918e1f0a30b@group-3AEA3A3A61FF-SegmentedRaftLogWorker: created new log segment /workdir/hadoop-ozone/integration-test/target/test-dir/MiniOzoneClusterImpl-9628f6ce-4133-4238-8eb2-672141be2bf9/datanode-6/data/ratis/fed2a675-0c8a-4eed-922b-3aea3a3a61ff/current/log_inprogress_0
2019-10-01 06:21:05,532 [b13a3cc5-7860-43cb-88ea-b527511dabf1@group-3AEA3A3A61FF-SegmentedRaftLogWorker] INFO  segmented.SegmentedRaftLogWorker (SegmentedRaftLogWorker.java:execute(574)) - b13a3cc5-7860-43cb-88ea-b527511dabf1@group-3AEA3A3A61FF-SegmentedRaftLogWorker: created new log segment /workdir/hadoop-ozone/integration-test/target/test-dir/MiniOzoneClusterImpl-9628f6ce-4133-4238-8eb2-672141be2bf9/datanode-4/data/ratis/fed2a675-0c8a-4eed-922b-3aea3a3a61ff/current/log_inprogress_0
2019-10-01 06:21:05,532 [33dfb9e4-5af7-48c0-aed2-49a098141a6c@group-3AEA3A3A61FF-SegmentedRaftLogWorker] INFO  segmented.SegmentedRaftLogWorker (SegmentedRaftLogWorker.java:execute(574)) - 33dfb9e4-5af7-48c0-aed2-49a098141a6c@group-3AEA3A3A61FF-SegmentedRaftLogWorker: created new log segment /workdir/hadoop-ozone/integration-test/target/test-dir/MiniOzoneClusterImpl-9628f6ce-4133-4238-8eb2-672141be2bf9/datanode-1/data/ratis/fed2a675-0c8a-4eed-922b-3aea3a3a61ff/current/log_inprogress_0
2019-10-01 06:21:08,830 [Datanode State Machine Thread - 0] INFO  statemachine.DatanodeStateMachine (DatanodeStateMachine.java:lambda$startDaemon$0(350)) - Ozone container server started.
2019-10-01 06:21:12,836 [main] INFO  ozoneimpl.OzoneContainer (OzoneContainer.java:stop(231)) - Attempting to stop container services.
2019-10-01 06:21:12,837 [main] INFO  impl.RaftServerProxy (RaftServerProxy.java:lambda$close$4(314)) - 25f8cd60-600d-4c27-9835-e918e1f0a30b: close
2019-10-01 06:21:12,838 [main] INFO  impl.RaftServerImpl (RaftServerImpl.java:lambda$shutdown$3(247)) - 25f8cd60-600d-4c27-9835-e918e1f0a30b@group-3E88DD30CC33: shutdown
2019-10-01 06:21:12,838 [main] INFO  util.JmxRegister (JmxRegister.java:unregister(73)) - Successfully un-registered JMX Bean with object name Ratis:service=RaftServer,group=group-3E88DD30CC33,id=25f8cd60-600d-4c27-9835-e918e1f0a30b
2019-10-01 06:21:12,839 [main] INFO  impl.RoleInfo (RoleInfo.java:shutdownLeaderState(104)) - 25f8cd60-600d-4c27-9835-e918e1f0a30b: shutdown LeaderState
2019-10-01 06:21:12,839 [main] INFO  impl.PendingRequests (PendingRequests.java:sendNotLeaderResponses(202)) - 25f8cd60-600d-4c27-9835-e918e1f0a30b@group-3E88DD30CC33-PendingRequests: sendNotLeaderResponses
2019-10-01 06:21:12,840 [main] INFO  impl.StateMachineUpdater (StateMachineUpdater.java:stopAndJoin(136)) - 25f8cd60-600d-4c27-9835-e918e1f0a30b@group-3E88DD30CC33-StateMachineUpdater: set stopIndex = 0
2019-10-01 06:21:12,840 [main] INFO  impl.RaftServerImpl (ServerState.java:close(387)) - 25f8cd60-600d-4c27-9835-e918e1f0a30b@group-3E88DD30CC33: closes. applyIndex: 0
2019-10-01 06:21:12,841 [25f8cd60-600d-4c27-9835-e918e1f0a30b@group-3E88DD30CC33-SegmentedRaftLogWorker] INFO  segmented.SegmentedRaftLogWorker (SegmentedRaftLogWorker.java:run(316)) - 25f8cd60-600d-4c27-9835-e918e1f0a30b@group-3E88DD30CC33-SegmentedRaftLogWorker was interrupted, exiting. There are 0 tasks remaining in the queue.
2019-10-01 06:21:12,847 [main] INFO  segmented.SegmentedRaftLogWorker (SegmentedRaftLogWorker.java:close(224)) - 25f8cd60-600d-4c27-9835-e918e1f0a30b@group-3E88DD30CC33-SegmentedRaftLogWorker close()
2019-10-01 06:21:12,856 [main] INFO  impl.RaftServerImpl (RaftServerImpl.java:lambda$shutdown$3(247)) - 25f8cd60-600d-4c27-9835-e918e1f0a30b@group-3AEA3A3A61FF: shutdown
2019-10-01 06:21:12,856 [main] INFO  util.JmxRegister (JmxRegister.java:unregister(73)) - Successfully un-registered JMX Bean with object name Ratis:service=RaftServer,group=group-3AEA3A3A61FF,id=25f8cd60-600d-4c27-9835-e918e1f0a30b
2019-10-01 06:21:12,857 [main] INFO  impl.RoleInfo (RoleInfo.java:shutdownFollowerState(121)) - 25f8cd60-600d-4c27-9835-e918e1f0a30b: shutdown FollowerState
2019-10-01 06:21:12,857 [main] INFO  impl.StateMachineUpdater (StateMachineUpdater.java:stopAndJoin(136)) - 25f8cd60-600d-4c27-9835-e918e1f0a30b@group-3AEA3A3A61FF-StateMachineUpdater: set stopIndex = 2
2019-10-01 06:21:12,857 [Thread-1576] INFO  impl.FollowerState (FollowerState.java:run(117)) - 25f8cd60-600d-4c27-9835-e918e1f0a30b@group-3AEA3A3A61FF-FollowerState was interrupted: java.lang.InterruptedException: sleep interrupted
2019-10-01 06:21:12,857 [25f8cd60-600d-4c27-9835-e918e1f0a30b@group-3AEA3A3A61FF-StateMachineUpdater] INFO  ratis.ContainerStateMachine (ContainerStateMachine.java:takeSnapshot(289)) - group-3AEA3A3A61FF: Taking a snapshot at:(t:3, i:1) file /workdir/hadoop-ozone/integration-test/target/test-dir/MiniOzoneClusterImpl-9628f6ce-4133-4238-8eb2-672141be2bf9/datanode-6/data/ratis/fed2a675-0c8a-4eed-922b-3aea3a3a61ff/sm/snapshot.3_1
2019-10-01 06:21:18,106 [java.util.concurrent.ThreadPoolExecutor$Worker@2d9c8c0c[State = -1, empty queue]] WARN  server.GrpcLogAppender (GrpcLogAppender.java:timeoutAppendRequest(200)) - 33dfb9e4-5af7-48c0-aed2-49a098141a6c@group-3AEA3A3A61FF->25f8cd60-600d-4c27-9835-e918e1f0a30b-GrpcLogAppender: appendEntries Timeout, request=33dfb9e4-5af7-48c0-aed2-49a098141a6c->25f8cd60-600d-4c27-9835-e918e1f0a30b#6-t3, previous=(t:3, i:2), leaderCommit=2, initializing? false, entries: <empty>
2019-10-01 06:21:20,607 [java.util.concurrent.ThreadPoolExecutor$Worker@2d9c8c0c[State = -1, empty queue]] WARN  server.GrpcLogAppender (GrpcLogAppender.java:timeoutAppendRequest(200)) - 33dfb9e4-5af7-48c0-aed2-49a098141a6c@group-3AEA3A3A61FF->25f8cd60-600d-4c27-9835-e918e1f0a30b-GrpcLogAppender: appendEntries Timeout, request=33dfb9e4-5af7-48c0-aed2-49a098141a6c->25f8cd60-600d-4c27-9835-e918e1f0a30b#7-t3, previous=(t:3, i:2), leaderCommit=2, initializing? false, entries: <empty>
2019-10-01 06:21:23,107 [java.util.concurrent.ThreadPoolExecutor$Worker@2d9c8c0c[State = -1, empty queue]] WARN  server.GrpcLogAppender (GrpcLogAppender.java:timeoutAppendRequest(200)) - 33dfb9e4-5af7-48c0-aed2-49a098141a6c@group-3AEA3A3A61FF->25f8cd60-600d-4c27-9835-e918e1f0a30b-GrpcLogAppender: appendEntries Timeout, request=33dfb9e4-5af7-48c0-aed2-49a098141a6c->25f8cd60-600d-4c27-9835-e918e1f0a30b#8-t3, previous=(t:3, i:2), leaderCommit=2, initializing? false, entries: <empty>
2019-10-01 06:21:25,608 [java.util.concurrent.ThreadPoolExecutor$Worker@2d9c8c0c[State = -1, empty queue]] WARN  server.GrpcLogAppender (GrpcLogAppender.java:timeoutAppendRequest(200)) - 33dfb9e4-5af7-48c0-aed2-49a098141a6c@group-3AEA3A3A61FF->25f8cd60-600d-4c27-9835-e918e1f0a30b-GrpcLogAppender: appendEntries Timeout, request=33dfb9e4-5af7-48c0-aed2-49a098141a6c->25f8cd60-600d-4c27-9835-e918e1f0a30b#9-t3, previous=(t:3, i:2), leaderCommit=2, initializing? false, entries: <empty>
2019-10-01 06:21:25,916 [25f8cd60-600d-4c27-9835-e918e1f0a30b@group-3AEA3A3A61FF-StateMachineUpdater] INFO  ratis.ContainerStateMachine (ContainerStateMachine.java:takeSnapshot(300)) - group-3AEA3A3A61FF: Finished taking a snapshot at:(t:3, i:1) file:/workdir/hadoop-ozone/integration-test/target/test-dir/MiniOzoneClusterImpl-9628f6ce-4133-4238-8eb2-672141be2bf9/datanode-6/data/ratis/fed2a675-0c8a-4eed-922b-3aea3a3a61ff/sm/snapshot.3_1 time:13059
2019-10-01 06:21:25,917 [25f8cd60-600d-4c27-9835-e918e1f0a30b@group-3AEA3A3A61FF-StateMachineUpdater] INFO  impl.StateMachineUpdater (StateMachineUpdater.java:takeSnapshot(269)) - 25f8cd60-600d-4c27-9835-e918e1f0a30b@group-3AEA3A3A61FF-StateMachineUpdater: Took a snapshot at index 1
2019-10-01 06:21:25,917 [25f8cd60-600d-4c27-9835-e918e1f0a30b@group-3AEA3A3A61FF-StateMachineUpdater] INFO  impl.StateMachineUpdater (StateMachineUpdater.java:lambda$new$0(84)) - 25f8cd60-600d-4c27-9835-e918e1f0a30b@group-3AEA3A3A61FF-StateMachineUpdater: snapshotIndex: updateIncreasingly -1 -> 1
2019-10-01 06:21:25,918 [25f8cd60-600d-4c27-9835-e918e1f0a30b@group-3AEA3A3A61FF-StateMachineUpdater] INFO  ratis.ContainerStateMachine (ContainerStateMachine.java:takeSnapshot(289)) - group-3AEA3A3A61FF: Taking a snapshot at:(t:3, i:1) file /workdir/hadoop-ozone/integration-test/target/test-dir/MiniOzoneClusterImpl-9628f6ce-4133-4238-8eb2-672141be2bf9/datanode-6/data/ratis/fed2a675-0c8a-4eed-922b-3aea3a3a61ff/sm/snapshot.3_1
2019-10-01 06:21:25,968 [25f8cd60-600d-4c27-9835-e918e1f0a30b@group-3AEA3A3A61FF-StateMachineUpdater] INFO  ratis.ContainerStateMachine (ContainerStateMachine.java:takeSnapshot(300)) - group-3AEA3A3A61FF: Finished taking a snapshot at:(t:3, i:1) file:/workdir/hadoop-ozone/integration-test/target/test-dir/MiniOzoneClusterImpl-9628f6ce-4133-4238-8eb2-672141be2bf9/datanode-6/data/ratis/fed2a675-0c8a-4eed-922b-3aea3a3a61ff/sm/snapshot.3_1 time:50
2019-10-01 06:21:25,969 [25f8cd60-600d-4c27-9835-e918e1f0a30b@group-3AEA3A3A61FF-StateMachineUpdater] INFO  impl.StateMachineUpdater (StateMachineUpdater.java:takeSnapshot(269)) - 25f8cd60-600d-4c27-9835-e918e1f0a30b@group-3AEA3A3A61FF-StateMachineUpdater: Took a snapshot at index 1
2019-10-01 06:21:25,969 [25f8cd60-600d-4c27-9835-e918e1f0a30b@group-3AEA3A3A61FF-StateMachineUpdater] INFO  impl.StateMachineUpdater (StateMachineUpdater.java:lambda$new$0(84)) - 25f8cd60-600d-4c27-9835-e918e1f0a30b@group-3AEA3A3A61FF-StateMachineUpdater: snapshotIndex: updateIncreasingly 1 -> 1
2019-10-01 06:21:25,970 [main] INFO  impl.RaftServerImpl (ServerState.java:close(387)) - 25f8cd60-600d-4c27-9835-e918e1f0a30b@group-3AEA3A3A61FF: closes. applyIndex: 2
2019-10-01 06:21:25,972 [25f8cd60-600d-4c27-9835-e918e1f0a30b@group-3AEA3A3A61FF-SegmentedRaftLogWorker] INFO  segmented.SegmentedRaftLogWorker (SegmentedRaftLogWorker.java:run(316)) - 25f8cd60-600d-4c27-9835-e918e1f0a30b@group-3AEA3A3A61FF-SegmentedRaftLogWorker was interrupted, exiting. There are 0 tasks remaining in the queue.
2019-10-01 06:21:25,979 [main] INFO  segmented.SegmentedRaftLogWorker (SegmentedRaftLogWorker.java:close(224)) - 25f8cd60-600d-4c27-9835-e918e1f0a30b@group-3AEA3A3A61FF-SegmentedRaftLogWorker close()
2019-10-01 06:21:25,987 [main] INFO  server.GrpcService (GrpcService.java:closeImpl(164)) - 25f8cd60-600d-4c27-9835-e918e1f0a30b: shutdown server with port 33755 now
2019-10-01 06:21:25,992 [grpc-default-executor-5] WARN  server.GrpcLogAppender (LogUtils.java:warn(134)) - 33dfb9e4-5af7-48c0-aed2-49a098141a6c@group-3AEA3A3A61FF->25f8cd60-600d-4c27-9835-e918e1f0a30b-AppendLogResponseHandler: Failed appendEntries: org.apache.ratis.thirdparty.io.grpc.StatusRuntimeException: CANCELLED: HTTP/2 error code: CANCEL
Received Rst Stream
2019-10-01 06:21:25,992 [grpc-default-executor-6] WARN  server.GrpcServerProtocolService (LogUtils.java:warn(134)) - 25f8cd60-600d-4c27-9835-e918e1f0a30b: installSnapshot onError, lastRequest: 33dfb9e4-5af7-48c0-aed2-49a098141a6c->25f8cd60-600d-4c27-9835-e918e1f0a30b#10-t3, previous=(t:3, i:2), leaderCommit=2, initializing? false, entries: <empty>: org.apache.ratis.thirdparty.io.grpc.StatusRuntimeException: CANCELLED: cancelled before receiving half close
2019-10-01 06:21:25,999 [main] INFO  server.GrpcService (GrpcService.java:closeImpl(172)) - 25f8cd60-600d-4c27-9835-e918e1f0a30b: shutdown server with port 33755 successfully
2019-10-01 06:21:25,998 [grpc-default-executor-5] INFO  impl.FollowerInfo (FollowerInfo.java:lambda$new$0(51)) - 33dfb9e4-5af7-48c0-aed2-49a098141a6c@group-3AEA3A3A61FF->25f8cd60-600d-4c27-9835-e918e1f0a30b: nextIndex: updateUnconditionally 3 -> 2
2019-10-01 06:21:26,012 [refreshUsed-/workdir/hadoop-ozone/integration-test/target/test-dir/MiniOzoneClusterImpl-9628f6ce-4133-4238-8eb2-672141be2bf9/datanode-6/data/containers] WARN  fs.CachingGetSpaceUsed (CachingGetSpaceUsed.java:run(183)) - Thread Interrupted waiting to refresh disk information: sleep interrupted
2019-10-01 06:21:26,028 [main] INFO  utils.BackgroundService (BackgroundService.java:shutdown(148)) - Shutting down service BlockDeletingService
2019-10-01 06:21:26,036 [main] INFO  statemachine.DatanodeStateMachine (DatanodeStateMachine.java:stopDaemon(395)) - Ozone container server stopped.
2019-10-01 06:21:26,038 [main] INFO  handler.ContextHandler (ContextHandler.java:doStop(910)) - Stopped o.e.j.w.WebAppContext@11d2dd2d{/,null,UNAVAILABLE}{/hddsDatanode}
2019-10-01 06:21:26,039 [main] INFO  server.AbstractConnector (AbstractConnector.java:doStop(318)) - Stopped ServerConnector@cde8c6c{HTTP/1.1,[http/1.1]}{0.0.0.0:0}
2019-10-01 06:21:26,039 [main] INFO  handler.ContextHandler (ContextHandler.java:doStop(910)) - Stopped o.e.j.s.ServletContextHandler@4293e066{/static,jar:file:/home/user/.m2/repository/org/apache/hadoop/hadoop-hdds-container-service/0.5.0-SNAPSHOT/hadoop-hdds-container-service-0.5.0-SNAPSHOT.jar!/webapps/static,UNAVAILABLE}
2019-10-01 06:21:26,040 [main] INFO  handler.ContextHandler (ContextHandler.java:doStop(910)) - Stopped o.e.j.s.ServletContextHandler@5a0e0886{/logs,file:///workdir/hadoop-ozone/integration-test/target/log,UNAVAILABLE}
2019-10-01 06:21:26,900 [Datanode State Machine Thread - 0] INFO  statemachine.DatanodeStateMachine (DatanodeStateMachine.java:lambda$startDaemon$0(350)) - Ozone container server started.
2019-10-01 06:21:27,612 [grpc-default-executor-3] WARN  server.GrpcLogAppender (LogUtils.java:warn(134)) - 33dfb9e4-5af7-48c0-aed2-49a098141a6c@group-3AEA3A3A61FF->25f8cd60-600d-4c27-9835-e918e1f0a30b-AppendLogResponseHandler: Failed appendEntries: org.apache.ratis.thirdparty.io.grpc.StatusRuntimeException: UNAVAILABLE: io exception
2019-10-01 06:21:27,616 [grpc-default-executor-3] INFO  impl.FollowerInfo (FollowerInfo.java:lambda$new$0(51)) - 33dfb9e4-5af7-48c0-aed2-49a098141a6c@group-3AEA3A3A61FF->25f8cd60-600d-4c27-9835-e918e1f0a30b: nextIndex: updateUnconditionally 2 -> 1
2019-10-01 06:21:30,118 [grpc-default-executor-5] WARN  server.GrpcLogAppender (LogUtils.java:warn(134)) - 33dfb9e4-5af7-48c0-aed2-49a098141a6c@group-3AEA3A3A61FF->25f8cd60-600d-4c27-9835-e918e1f0a30b-AppendLogResponseHandler: Failed appendEntries: org.apache.ratis.thirdparty.io.grpc.StatusRuntimeException: UNAVAILABLE: io exception
2019-10-01 06:21:30,133 [grpc-default-executor-5] INFO  impl.FollowerInfo (FollowerInfo.java:lambda$new$0(51)) - 33dfb9e4-5af7-48c0-aed2-49a098141a6c@group-3AEA3A3A61FF->25f8cd60-600d-4c27-9835-e918e1f0a30b: nextIndex: updateUnconditionally 1 -> 0
2019-10-01 06:21:31,042 [main] INFO  ozoneimpl.OzoneContainer (OzoneContainer.java:stop(231)) - Attempting to stop container services.
2019-10-01 06:21:31,043 [main] INFO  impl.RaftServerProxy (RaftServerProxy.java:lambda$close$4(314)) - b13a3cc5-7860-43cb-88ea-b527511dabf1: close
2019-10-01 06:21:31,044 [main] INFO  impl.RaftServerImpl (RaftServerImpl.java:lambda$shutdown$3(247)) - b13a3cc5-7860-43cb-88ea-b527511dabf1@group-269C1CD02A6F: shutdown
2019-10-01 06:21:31,044 [main] INFO  util.JmxRegister (JmxRegister.java:unregister(73)) - Successfully un-registered JMX Bean with object name Ratis:service=RaftServer,group=group-269C1CD02A6F,id=b13a3cc5-7860-43cb-88ea-b527511dabf1
2019-10-01 06:21:31,045 [main] INFO  impl.RoleInfo (RoleInfo.java:shutdownLeaderState(104)) - b13a3cc5-7860-43cb-88ea-b527511dabf1: shutdown LeaderState
2019-10-01 06:21:31,045 [main] INFO  impl.PendingRequests (PendingRequests.java:sendNotLeaderResponses(202)) - b13a3cc5-7860-43cb-88ea-b527511dabf1@group-269C1CD02A6F-PendingRequests: sendNotLeaderResponses
2019-10-01 06:21:31,045 [main] INFO  impl.StateMachineUpdater (StateMachineUpdater.java:stopAndJoin(136)) - b13a3cc5-7860-43cb-88ea-b527511dabf1@group-269C1CD02A6F-StateMachineUpdater: set stopIndex = 0
2019-10-01 06:21:31,046 [main] INFO  impl.RaftServerImpl (ServerState.java:close(387)) - b13a3cc5-7860-43cb-88ea-b527511dabf1@group-269C1CD02A6F: closes. applyIndex: 0
2019-10-01 06:21:31,047 [b13a3cc5-7860-43cb-88ea-b527511dabf1@group-269C1CD02A6F-SegmentedRaftLogWorker] INFO  segmented.SegmentedRaftLogWorker (SegmentedRaftLogWorker.java:run(316)) - b13a3cc5-7860-43cb-88ea-b527511dabf1@group-269C1CD02A6F-SegmentedRaftLogWorker was interrupted, exiting. There are 0 tasks remaining in the queue.
2019-10-01 06:21:31,055 [main] INFO  segmented.SegmentedRaftLogWorker (SegmentedRaftLogWorker.java:close(224)) - b13a3cc5-7860-43cb-88ea-b527511dabf1@group-269C1CD02A6F-SegmentedRaftLogWorker close()
2019-10-01 06:21:31,063 [main] INFO  impl.RaftServerImpl (RaftServerImpl.java:lambda$shutdown$3(247)) - b13a3cc5-7860-43cb-88ea-b527511dabf1@group-3AEA3A3A61FF: shutdown
2019-10-01 06:21:31,064 [main] INFO  util.JmxRegister (JmxRegister.java:unregister(73)) - Successfully un-registered JMX Bean with object name Ratis:service=RaftServer,group=group-3AEA3A3A61FF,id=b13a3cc5-7860-43cb-88ea-b527511dabf1
2019-10-01 06:21:31,064 [main] INFO  impl.RoleInfo (RoleInfo.java:shutdownFollowerState(121)) - b13a3cc5-7860-43cb-88ea-b527511dabf1: shutdown FollowerState
2019-10-01 06:21:31,064 [main] INFO  impl.StateMachineUpdater (StateMachineUpdater.java:stopAndJoin(136)) - b13a3cc5-7860-43cb-88ea-b527511dabf1@group-3AEA3A3A61FF-StateMachineUpdater: set stopIndex = 2
2019-10-01 06:21:31,064 [b13a3cc5-7860-43cb-88ea-b527511dabf1@group-3AEA3A3A61FF-StateMachineUpdater] INFO  ratis.ContainerStateMachine (ContainerStateMachine.java:takeSnapshot(289)) - group-3AEA3A3A61FF: Taking a snapshot at:(t:3, i:1) file /workdir/hadoop-ozone/integration-test/target/test-dir/MiniOzoneClusterImpl-9628f6ce-4133-4238-8eb2-672141be2bf9/datanode-4/data/ratis/fed2a675-0c8a-4eed-922b-3aea3a3a61ff/sm/snapshot.3_1
2019-10-01 06:21:31,064 [Thread-1577] INFO  impl.FollowerState (FollowerState.java:run(117)) - b13a3cc5-7860-43cb-88ea-b527511dabf1@group-3AEA3A3A61FF-FollowerState was interrupted: java.lang.InterruptedException: sleep interrupted
2019-10-01 06:21:31,092 [b13a3cc5-7860-43cb-88ea-b527511dabf1@group-3AEA3A3A61FF-StateMachineUpdater] INFO  ratis.ContainerStateMachine (ContainerStateMachine.java:takeSnapshot(300)) - group-3AEA3A3A61FF: Finished taking a snapshot at:(t:3, i:1) file:/workdir/hadoop-ozone/integration-test/target/test-dir/MiniOzoneClusterImpl-9628f6ce-4133-4238-8eb2-672141be2bf9/datanode-4/data/ratis/fed2a675-0c8a-4eed-922b-3aea3a3a61ff/sm/snapshot.3_1 time:28
2019-10-01 06:21:31,092 [b13a3cc5-7860-43cb-88ea-b527511dabf1@group-3AEA3A3A61FF-StateMachineUpdater] INFO  impl.StateMachineUpdater (StateMachineUpdater.java:takeSnapshot(269)) - b13a3cc5-7860-43cb-88ea-b527511dabf1@group-3AEA3A3A61FF-StateMachineUpdater: Took a snapshot at index 1
2019-10-01 06:21:31,092 [b13a3cc5-7860-43cb-88ea-b527511dabf1@group-3AEA3A3A61FF-StateMachineUpdater] INFO  impl.StateMachineUpdater (StateMachineUpdater.java:lambda$new$0(84)) - b13a3cc5-7860-43cb-88ea-b527511dabf1@group-3AEA3A3A61FF-StateMachineUpdater: snapshotIndex: updateIncreasingly -1 -> 1
2019-10-01 06:21:31,093 [b13a3cc5-7860-43cb-88ea-b527511dabf1@group-3AEA3A3A61FF-StateMachineUpdater] INFO  ratis.ContainerStateMachine (ContainerStateMachine.java:takeSnapshot(289)) - group-3AEA3A3A61FF: Taking a snapshot at:(t:3, i:1) file /workdir/hadoop-ozone/integration-test/target/test-dir/MiniOzoneClusterImpl-9628f6ce-4133-4238-8eb2-672141be2bf9/datanode-4/data/ratis/fed2a675-0c8a-4eed-922b-3aea3a3a61ff/sm/snapshot.3_1
2019-10-01 06:21:31,116 [b13a3cc5-7860-43cb-88ea-b527511dabf1@group-3AEA3A3A61FF-StateMachineUpdater] INFO  ratis.ContainerStateMachine (ContainerStateMachine.java:takeSnapshot(300)) - group-3AEA3A3A61FF: Finished taking a snapshot at:(t:3, i:1) file:/workdir/hadoop-ozone/integration-test/target/test-dir/MiniOzoneClusterImpl-9628f6ce-4133-4238-8eb2-672141be2bf9/datanode-4/data/ratis/fed2a675-0c8a-4eed-922b-3aea3a3a61ff/sm/snapshot.3_1 time:23
2019-10-01 06:21:31,117 [b13a3cc5-7860-43cb-88ea-b527511dabf1@group-3AEA3A3A61FF-StateMachineUpdater] INFO  impl.StateMachineUpdater (StateMachineUpdater.java:takeSnapshot(269)) - b13a3cc5-7860-43cb-88ea-b527511dabf1@group-3AEA3A3A61FF-StateMachineUpdater: Took a snapshot at index 1
2019-10-01 06:21:31,117 [b13a3cc5-7860-43cb-88ea-b527511dabf1@group-3AEA3A3A61FF-StateMachineUpdater] INFO  impl.StateMachineUpdater (StateMachineUpdater.java:lambda$new$0(84)) - b13a3cc5-7860-43cb-88ea-b527511dabf1@group-3AEA3A3A61FF-StateMachineUpdater: snapshotIndex: updateIncreasingly 1 -> 1
2019-10-01 06:21:31,117 [main] INFO  impl.RaftServerImpl (ServerState.java:close(387)) - b13a3cc5-7860-43cb-88ea-b527511dabf1@group-3AEA3A3A61FF: closes. applyIndex: 2
2019-10-01 06:21:31,117 [b13a3cc5-7860-43cb-88ea-b527511dabf1@group-3AEA3A3A61FF-SegmentedRaftLogWorker] INFO  segmented.SegmentedRaftLogWorker (SegmentedRaftLogWorker.java:run(316)) - b13a3cc5-7860-43cb-88ea-b527511dabf1@group-3AEA3A3A61FF-SegmentedRaftLogWorker was interrupted, exiting. There are 0 tasks remaining in the queue.
2019-10-01 06:21:31,122 [main] INFO  segmented.SegmentedRaftLogWorker (SegmentedRaftLogWorker.java:close(224)) - b13a3cc5-7860-43cb-88ea-b527511dabf1@group-3AEA3A3A61FF-SegmentedRaftLogWorker close()
2019-10-01 06:21:31,132 [main] INFO  server.GrpcService (GrpcService.java:closeImpl(164)) - b13a3cc5-7860-43cb-88ea-b527511dabf1: shutdown server with port 44781 now
2019-10-01 06:21:31,171 [grpc-default-executor-5] WARN  server.GrpcServerProtocolService (LogUtils.java:warn(134)) - b13a3cc5-7860-43cb-88ea-b527511dabf1: installSnapshot onError, lastRequest: 33dfb9e4-5af7-48c0-aed2-49a098141a6c->b13a3cc5-7860-43cb-88ea-b527511dabf1#12-t3, previous=(t:3, i:2), leaderCommit=2, initializing? false, entries: <empty>: org.apache.ratis.thirdparty.io.grpc.StatusRuntimeException: CANCELLED: cancelled before receiving half close
2019-10-01 06:21:31,171 [grpc-default-executor-3] WARN  server.GrpcLogAppender (LogUtils.java:warn(134)) - 33dfb9e4-5af7-48c0-aed2-49a098141a6c@group-3AEA3A3A61FF->b13a3cc5-7860-43cb-88ea-b527511dabf1-AppendLogResponseHandler: Failed appendEntries: org.apache.ratis.thirdparty.io.grpc.StatusRuntimeException: CANCELLED: HTTP/2 error code: CANCEL
Received Rst Stream
2019-10-01 06:21:31,171 [main] INFO  server.GrpcService (GrpcService.java:closeImpl(172)) - b13a3cc5-7860-43cb-88ea-b527511dabf1: shutdown server with port 44781 successfully
2019-10-01 06:21:31,171 [grpc-default-executor-3] INFO  impl.FollowerInfo (FollowerInfo.java:lambda$new$0(51)) - 33dfb9e4-5af7-48c0-aed2-49a098141a6c@group-3AEA3A3A61FF->b13a3cc5-7860-43cb-88ea-b527511dabf1: nextIndex: updateUnconditionally 3 -> 2
2019-10-01 06:21:31,174 [refreshUsed-/workdir/hadoop-ozone/integration-test/target/test-dir/MiniOzoneClusterImpl-9628f6ce-4133-4238-8eb2-672141be2bf9/datanode-4/data/containers] WARN  fs.CachingGetSpaceUsed (CachingGetSpaceUsed.java:run(183)) - Thread Interrupted waiting to refresh disk information: sleep interrupted
2019-10-01 06:21:31,193 [main] INFO  utils.BackgroundService (BackgroundService.java:shutdown(148)) - Shutting down service BlockDeletingService
2019-10-01 06:21:31,204 [main] INFO  statemachine.DatanodeStateMachine (DatanodeStateMachine.java:stopDaemon(395)) - Ozone container server stopped.
2019-10-01 06:21:31,206 [main] INFO  handler.ContextHandler (ContextHandler.java:doStop(910)) - Stopped o.e.j.w.WebAppContext@286855ea{/,null,UNAVAILABLE}{/hddsDatanode}
2019-10-01 06:21:31,207 [main] INFO  server.AbstractConnector (AbstractConnector.java:doStop(318)) - Stopped ServerConnector@64aeaf29{HTTP/1.1,[http/1.1]}{0.0.0.0:0}
2019-10-01 06:21:31,207 [main] INFO  handler.ContextHandler (ContextHandler.java:doStop(910)) - Stopped o.e.j.s.ServletContextHandler@74b86971{/static,jar:file:/home/user/.m2/repository/org/apache/hadoop/hadoop-hdds-container-service/0.5.0-SNAPSHOT/hadoop-hdds-container-service-0.5.0-SNAPSHOT.jar!/webapps/static,UNAVAILABLE}
2019-10-01 06:21:31,207 [main] INFO  handler.ContextHandler (ContextHandler.java:doStop(910)) - Stopped o.e.j.s.ServletContextHandler@4538856f{/logs,file:///workdir/hadoop-ozone/integration-test/target/log,UNAVAILABLE}
2019-10-01 06:21:32,616 [grpc-default-executor-6] WARN  server.GrpcLogAppender (LogUtils.java:warn(134)) - 33dfb9e4-5af7-48c0-aed2-49a098141a6c@group-3AEA3A3A61FF->25f8cd60-600d-4c27-9835-e918e1f0a30b-AppendLogResponseHandler: Failed appendEntries: org.apache.ratis.thirdparty.io.grpc.StatusRuntimeException: UNAVAILABLE: io exception
2019-10-01 06:21:32,621 [grpc-default-executor-6] INFO  impl.FollowerInfo (FollowerInfo.java:lambda$new$0(51)) - 33dfb9e4-5af7-48c0-aed2-49a098141a6c@group-3AEA3A3A61FF->25f8cd60-600d-4c27-9835-e918e1f0a30b: nextIndex: updateUnconditionally 0 -> 0
2019-10-01 06:21:32,639 [grpc-default-executor-5] WARN  server.GrpcLogAppender (LogUtils.java:warn(134)) - 33dfb9e4-5af7-48c0-aed2-49a098141a6c@group-3AEA3A3A61FF->b13a3cc5-7860-43cb-88ea-b527511dabf1-AppendLogResponseHandler: Failed appendEntries: org.apache.ratis.thirdparty.io.grpc.StatusRuntimeException: UNAVAILABLE: io exception
2019-10-01 06:21:32,643 [grpc-default-executor-5] INFO  impl.FollowerInfo (FollowerInfo.java:lambda$new$0(51)) - 33dfb9e4-5af7-48c0-aed2-49a098141a6c@group-3AEA3A3A61FF->b13a3cc5-7860-43cb-88ea-b527511dabf1: nextIndex: updateUnconditionally 2 -> 1
2019-10-01 06:21:35,122 [grpc-default-executor-6] WARN  server.GrpcLogAppender (LogUtils.java:warn(134)) - 33dfb9e4-5af7-48c0-aed2-49a098141a6c@group-3AEA3A3A61FF->25f8cd60-600d-4c27-9835-e918e1f0a30b-AppendLogResponseHandler: Failed appendEntries: org.apache.ratis.thirdparty.io.grpc.StatusRuntimeException: UNAVAILABLE: io exception
2019-10-01 06:21:35,130 [grpc-default-executor-6] INFO  impl.FollowerInfo (FollowerInfo.java:lambda$new$0(51)) - 33dfb9e4-5af7-48c0-aed2-49a098141a6c@group-3AEA3A3A61FF->25f8cd60-600d-4c27-9835-e918e1f0a30b: nextIndex: updateUnconditionally 0 -> 0
2019-10-01 06:21:35,139 [grpc-default-executor-3] WARN  server.GrpcLogAppender (LogUtils.java:warn(134)) - 33dfb9e4-5af7-48c0-aed2-49a098141a6c@group-3AEA3A3A61FF->b13a3cc5-7860-43cb-88ea-b527511dabf1-AppendLogResponseHandler: Failed appendEntries: org.apache.ratis.thirdparty.io.grpc.StatusRuntimeException: UNAVAILABLE: io exception
2019-10-01 06:21:35,144 [grpc-default-executor-3] INFO  impl.FollowerInfo (FollowerInfo.java:lambda$new$0(51)) - 33dfb9e4-5af7-48c0-aed2-49a098141a6c@group-3AEA3A3A61FF->b13a3cc5-7860-43cb-88ea-b527511dabf1: nextIndex: updateUnconditionally 1 -> 0
2019-10-01 06:21:37,623 [grpc-default-executor-6] WARN  server.GrpcLogAppender (LogUtils.java:warn(134)) - 33dfb9e4-5af7-48c0-aed2-49a098141a6c@group-3AEA3A3A61FF->25f8cd60-600d-4c27-9835-e918e1f0a30b-AppendLogResponseHandler: Failed appendEntries: org.apache.ratis.thirdparty.io.grpc.StatusRuntimeException: UNAVAILABLE: io exception
2019-10-01 06:21:37,630 [grpc-default-executor-6] INFO  impl.FollowerInfo (FollowerInfo.java:lambda$new$0(51)) - 33dfb9e4-5af7-48c0-aed2-49a098141a6c@group-3AEA3A3A61FF->25f8cd60-600d-4c27-9835-e918e1f0a30b: nextIndex: updateUnconditionally 0 -> 0
2019-10-01 06:21:37,640 [grpc-default-executor-5] WARN  server.GrpcLogAppender (LogUtils.java:warn(134)) - 33dfb9e4-5af7-48c0-aed2-49a098141a6c@group-3AEA3A3A61FF->b13a3cc5-7860-43cb-88ea-b527511dabf1-AppendLogResponseHandler: Failed appendEntries: org.apache.ratis.thirdparty.io.grpc.StatusRuntimeException: UNAVAILABLE: io exception
2019-10-01 06:21:37,644 [grpc-default-executor-5] INFO  impl.FollowerInfo (FollowerInfo.java:lambda$new$0(51)) - 33dfb9e4-5af7-48c0-aed2-49a098141a6c@group-3AEA3A3A61FF->b13a3cc5-7860-43cb-88ea-b527511dabf1: nextIndex: updateUnconditionally 0 -> 0
2019-10-01 06:21:40,122 [grpc-default-executor-3] WARN  server.GrpcLogAppender (LogUtils.java:warn(134)) - 33dfb9e4-5af7-48c0-aed2-49a098141a6c@group-3AEA3A3A61FF->25f8cd60-600d-4c27-9835-e918e1f0a30b-AppendLogResponseHandler: Failed appendEntries: org.apache.ratis.thirdparty.io.grpc.StatusRuntimeException: UNAVAILABLE: io exception
2019-10-01 06:21:40,128 [grpc-default-executor-3] INFO  impl.FollowerInfo (FollowerInfo.java:lambda$new$0(51)) - 33dfb9e4-5af7-48c0-aed2-49a098141a6c@group-3AEA3A3A61FF->25f8cd60-600d-4c27-9835-e918e1f0a30b: nextIndex: updateUnconditionally 0 -> 0
2019-10-01 06:21:40,141 [grpc-default-executor-5] WARN  server.GrpcLogAppender (LogUtils.java:warn(134)) - 33dfb9e4-5af7-48c0-aed2-49a098141a6c@group-3AEA3A3A61FF->b13a3cc5-7860-43cb-88ea-b527511dabf1-AppendLogResponseHandler: Failed appendEntries: org.apache.ratis.thirdparty.io.grpc.StatusRuntimeException: UNAVAILABLE: io exception
2019-10-01 06:21:40,145 [grpc-default-executor-5] INFO  impl.FollowerInfo (FollowerInfo.java:lambda$new$0(51)) - 33dfb9e4-5af7-48c0-aed2-49a098141a6c@group-3AEA3A3A61FF->b13a3cc5-7860-43cb-88ea-b527511dabf1: nextIndex: updateUnconditionally 0 -> 0
2019-10-01 06:21:41,567 [Thread-1713] INFO  client.GrpcClientProtocolService (GrpcClientProtocolService.java:lambda$processClientRequest$0(278)) - Failed RaftClientRequest:client-3187BC20E0BA->33dfb9e4-5af7-48c0-aed2-49a098141a6c@group-3AEA3A3A61FF, cid=66, seq=0, Watch-ALL_COMMITTED(56), Message:<EMPTY>, reply=RaftClientReply:client-3187BC20E0BA->33dfb9e4-5af7-48c0-aed2-49a098141a6c@group-3AEA3A3A61FF, cid=66, FAILED org.apache.ratis.protocol.NotReplicatedException: Request with call Id 66 and log index 56 is not yet replicated to ALL_COMMITTED, logIndex=56, commits[33dfb9e4-5af7-48c0-aed2-49a098141a6c:c2, 25f8cd60-600d-4c27-9835-e918e1f0a30b:c2, b13a3cc5-7860-43cb-88ea-b527511dabf1:c2]
2019-10-01 06:21:42,623 [grpc-default-executor-3] WARN  server.GrpcLogAppender (LogUtils.java:warn(134)) - 33dfb9e4-5af7-48c0-aed2-49a098141a6c@group-3AEA3A3A61FF->25f8cd60-600d-4c27-9835-e918e1f0a30b-AppendLogResponseHandler: Failed appendEntries: org.apache.ratis.thirdparty.io.grpc.StatusRuntimeException: UNAVAILABLE: io exception
2019-10-01 06:21:42,627 [grpc-default-executor-3] INFO  impl.FollowerInfo (FollowerInfo.java:lambda$new$0(51)) - 33dfb9e4-5af7-48c0-aed2-49a098141a6c@group-3AEA3A3A61FF->25f8cd60-600d-4c27-9835-e918e1f0a30b: nextIndex: updateUnconditionally 0 -> 0
2019-10-01 06:21:42,643 [grpc-default-executor-5] WARN  server.GrpcLogAppender (LogUtils.java:warn(134)) - 33dfb9e4-5af7-48c0-aed2-49a098141a6c@group-3AEA3A3A61FF->b13a3cc5-7860-43cb-88ea-b527511dabf1-AppendLogResponseHandler: Failed appendEntries: org.apache.ratis.thirdparty.io.grpc.StatusRuntimeException: UNAVAILABLE: io exception
2019-10-01 06:21:42,654 [grpc-default-executor-5] INFO  impl.FollowerInfo (FollowerInfo.java:lambda$new$0(51)) - 33dfb9e4-5af7-48c0-aed2-49a098141a6c@group-3AEA3A3A61FF->b13a3cc5-7860-43cb-88ea-b527511dabf1: nextIndex: updateUnconditionally 0 -> 0
2019-10-01 06:21:45,124 [grpc-default-executor-5] WARN  server.GrpcLogAppender (LogUtils.java:warn(134)) - 33dfb9e4-5af7-48c0-aed2-49a098141a6c@group-3AEA3A3A61FF->25f8cd60-600d-4c27-9835-e918e1f0a30b-AppendLogResponseHandler: Failed appendEntries: org.apache.ratis.thirdparty.io.grpc.StatusRuntimeException: UNAVAILABLE: io exception
2019-10-01 06:21:45,136 [grpc-default-executor-5] INFO  impl.FollowerInfo (FollowerInfo.java:lambda$new$0(51)) - 33dfb9e4-5af7-48c0-aed2-49a098141a6c@group-3AEA3A3A61FF->25f8cd60-600d-4c27-9835-e918e1f0a30b: nextIndex: updateUnconditionally 0 -> 0
2019-10-01 06:21:45,143 [grpc-default-executor-6] WARN  server.GrpcLogAppender (LogUtils.java:warn(134)) - 33dfb9e4-5af7-48c0-aed2-49a098141a6c@group-3AEA3A3A61FF->b13a3cc5-7860-43cb-88ea-b527511dabf1-AppendLogResponseHandler: Failed appendEntries: org.apache.ratis.thirdparty.io.grpc.StatusRuntimeException: UNAVAILABLE: io exception
2019-10-01 06:21:45,147 [grpc-default-executor-6] INFO  impl.FollowerInfo (FollowerInfo.java:lambda$new$0(51)) - 33dfb9e4-5af7-48c0-aed2-49a098141a6c@group-3AEA3A3A61FF->b13a3cc5-7860-43cb-88ea-b527511dabf1: nextIndex: updateUnconditionally 0 -> 0
2019-10-01 06:21:47,626 [grpc-default-executor-6] WARN  server.GrpcLogAppender (LogUtils.java:warn(134)) - 33dfb9e4-5af7-48c0-aed2-49a098141a6c@group-3AEA3A3A61FF->25f8cd60-600d-4c27-9835-e918e1f0a30b-AppendLogResponseHandler: Failed appendEntries: org.apache.ratis.thirdparty.io.grpc.StatusRuntimeException: UNAVAILABLE: io exception
2019-10-01 06:21:47,634 [grpc-default-executor-6] INFO  impl.FollowerInfo (FollowerInfo.java:lambda$new$0(51)) - 33dfb9e4-5af7-48c0-aed2-49a098141a6c@group-3AEA3A3A61FF->25f8cd60-600d-4c27-9835-e918e1f0a30b: nextIndex: updateUnconditionally 0 -> 0
2019-10-01 06:21:47,644 [grpc-default-executor-3] WARN  server.GrpcLogAppender (LogUtils.java:warn(134)) - 33dfb9e4-5af7-48c0-aed2-49a098141a6c@group-3AEA3A3A61FF->b13a3cc5-7860-43cb-88ea-b527511dabf1-AppendLogResponseHandler: Failed appendEntries: org.apache.ratis.thirdparty.io.grpc.StatusRuntimeException: UNAVAILABLE: io exception
2019-10-01 06:21:47,647 [grpc-default-executor-3] INFO  impl.FollowerInfo (FollowerInfo.java:lambda$new$0(51)) - 33dfb9e4-5af7-48c0-aed2-49a098141a6c@group-3AEA3A3A61FF->b13a3cc5-7860-43cb-88ea-b527511dabf1: nextIndex: updateUnconditionally 0 -> 0
2019-10-01 06:21:50,129 [grpc-default-executor-3] WARN  server.GrpcLogAppender (LogUtils.java:warn(134)) - 33dfb9e4-5af7-48c0-aed2-49a098141a6c@group-3AEA3A3A61FF->25f8cd60-600d-4c27-9835-e918e1f0a30b-AppendLogResponseHandler: Failed appendEntries: org.apache.ratis.thirdparty.io.grpc.StatusRuntimeException: UNAVAILABLE: io exception
2019-10-01 06:21:50,136 [grpc-default-executor-3] INFO  impl.FollowerInfo (FollowerInfo.java:lambda$new$0(51)) - 33dfb9e4-5af7-48c0-aed2-49a098141a6c@group-3AEA3A3A61FF->25f8cd60-600d-4c27-9835-e918e1f0a30b: nextIndex: updateUnconditionally 0 -> 0
2019-10-01 06:21:50,145 [grpc-default-executor-5] WARN  server.GrpcLogAppender (LogUtils.java:warn(134)) - 33dfb9e4-5af7-48c0-aed2-49a098141a6c@group-3AEA3A3A61FF->b13a3cc5-7860-43cb-88ea-b527511dabf1-AppendLogResponseHandler: Failed appendEntries: org.apache.ratis.thirdparty.io.grpc.StatusRuntimeException: UNAVAILABLE: io exception
2019-10-01 06:21:50,149 [grpc-default-executor-5] INFO  impl.FollowerInfo (FollowerInfo.java:lambda$new$0(51)) - 33dfb9e4-5af7-48c0-aed2-49a098141a6c@group-3AEA3A3A61FF->b13a3cc5-7860-43cb-88ea-b527511dabf1: nextIndex: updateUnconditionally 0 -> 0
2019-10-01 06:21:51,210 [main] WARN  scm.XceiverClientRatis (XceiverClientRatis.java:watchForCommit(292)) - 3 way commit failed on pipeline Pipeline[ Id: fed2a675-0c8a-4eed-922b-3aea3a3a61ff, Nodes: 25f8cd60-600d-4c27-9835-e918e1f0a30b{ip: 192.168.30.6, host: trunk-nightly-20191001-qpwks-271313263, networkLocation: /default-rack, certSerialId: null}b13a3cc5-7860-43cb-88ea-b527511dabf1{ip: 192.168.30.6, host: trunk-nightly-20191001-qpwks-271313263, networkLocation: /default-rack, certSerialId: null}33dfb9e4-5af7-48c0-aed2-49a098141a6c{ip: 192.168.30.6, host: trunk-nightly-20191001-qpwks-271313263, networkLocation: /default-rack, certSerialId: null}, Type:RATIS, Factor:THREE, State:OPEN]
java.util.concurrent.TimeoutException
	at java.util.concurrent.CompletableFuture.timedGet(CompletableFuture.java:1771)
	at java.util.concurrent.CompletableFuture.get(CompletableFuture.java:1915)
	at org.apache.hadoop.hdds.scm.XceiverClientRatis.watchForCommit(XceiverClientRatis.java:289)
	at org.apache.hadoop.ozone.client.rpc.TestWatchForCommit.testWatchForCommitForRetryfailure(TestWatchForCommit.java:345)
	at sun.reflect.NativeMethodAccessorImpl.invoke0(Native Method)
	at sun.reflect.NativeMethodAccessorImpl.invoke(NativeMethodAccessorImpl.java:62)
	at sun.reflect.DelegatingMethodAccessorImpl.invoke(DelegatingMethodAccessorImpl.java:43)
	at java.lang.reflect.Method.invoke(Method.java:498)
	at org.junit.runners.model.FrameworkMethod$1.runReflectiveCall(FrameworkMethod.java:47)
	at org.junit.internal.runners.model.ReflectiveCallable.run(ReflectiveCallable.java:12)
	at org.junit.runners.model.FrameworkMethod.invokeExplosively(FrameworkMethod.java:44)
	at org.junit.internal.runners.statements.InvokeMethod.evaluate(InvokeMethod.java:17)
	at org.junit.runners.ParentRunner.runLeaf(ParentRunner.java:271)
	at org.junit.runners.BlockJUnit4ClassRunner.runChild(BlockJUnit4ClassRunner.java:70)
	at org.junit.runners.BlockJUnit4ClassRunner.runChild(BlockJUnit4ClassRunner.java:50)
	at org.junit.runners.ParentRunner$3.run(ParentRunner.java:238)
	at org.junit.runners.ParentRunner$1.schedule(ParentRunner.java:63)
	at org.junit.runners.ParentRunner.runChildren(ParentRunner.java:236)
	at org.junit.runners.ParentRunner.access$000(ParentRunner.java:53)
	at org.junit.runners.ParentRunner$2.evaluate(ParentRunner.java:229)
	at org.junit.runners.ParentRunner.run(ParentRunner.java:309)
	at org.apache.maven.surefire.junit4.JUnit4Provider.execute(JUnit4Provider.java:365)
	at org.apache.maven.surefire.junit4.JUnit4Provider.executeWithRerun(JUnit4Provider.java:273)
	at org.apache.maven.surefire.junit4.JUnit4Provider.executeTestSet(JUnit4Provider.java:238)
	at org.apache.maven.surefire.junit4.JUnit4Provider.invoke(JUnit4Provider.java:159)
	at org.apache.maven.surefire.booter.ForkedBooter.invokeProviderInSameClassLoader(ForkedBooter.java:384)
	at org.apache.maven.surefire.booter.ForkedBooter.runSuitesInProcess(ForkedBooter.java:345)
	at org.apache.maven.surefire.booter.ForkedBooter.execute(ForkedBooter.java:126)
	at org.apache.maven.surefire.booter.ForkedBooter.main(ForkedBooter.java:418)
2019-10-01 06:21:51,567 [Thread-1750] INFO  client.GrpcClientProtocolService (GrpcClientProtocolService.java:lambda$processClientRequest$0(278)) - Failed RaftClientRequest:client-3187BC20E0BA->33dfb9e4-5af7-48c0-aed2-49a098141a6c@group-3AEA3A3A61FF, cid=66, seq=0, Watch-ALL_COMMITTED(56), Message:<EMPTY>, reply=RaftClientReply:client-3187BC20E0BA->33dfb9e4-5af7-48c0-aed2-49a098141a6c@group-3AEA3A3A61FF, cid=66, FAILED org.apache.ratis.protocol.NotReplicatedException: Request with call Id 66 and log index 56 is not yet replicated to ALL_COMMITTED, logIndex=56, commits[33dfb9e4-5af7-48c0-aed2-49a098141a6c:c2, 25f8cd60-600d-4c27-9835-e918e1f0a30b:c2, b13a3cc5-7860-43cb-88ea-b527511dabf1:c2]
2019-10-01 06:21:52,630 [grpc-default-executor-3] WARN  server.GrpcLogAppender (LogUtils.java:warn(134)) - 33dfb9e4-5af7-48c0-aed2-49a098141a6c@group-3AEA3A3A61FF->25f8cd60-600d-4c27-9835-e918e1f0a30b-AppendLogResponseHandler: Failed appendEntries: org.apache.ratis.thirdparty.io.grpc.StatusRuntimeException: UNAVAILABLE: io exception
2019-10-01 06:21:52,644 [grpc-default-executor-3] INFO  impl.FollowerInfo (FollowerInfo.java:lambda$new$0(51)) - 33dfb9e4-5af7-48c0-aed2-49a098141a6c@group-3AEA3A3A61FF->25f8cd60-600d-4c27-9835-e918e1f0a30b: nextIndex: updateUnconditionally 0 -> 0
2019-10-01 06:21:52,646 [grpc-default-executor-6] WARN  server.GrpcLogAppender (LogUtils.java:warn(134)) - 33dfb9e4-5af7-48c0-aed2-49a098141a6c@group-3AEA3A3A61FF->b13a3cc5-7860-43cb-88ea-b527511dabf1-AppendLogResponseHandler: Failed appendEntries: org.apache.ratis.thirdparty.io.grpc.StatusRuntimeException: UNAVAILABLE: io exception
2019-10-01 06:21:52,651 [grpc-default-executor-6] INFO  impl.FollowerInfo (FollowerInfo.java:lambda$new$0(51)) - 33dfb9e4-5af7-48c0-aed2-49a098141a6c@group-3AEA3A3A61FF->b13a3cc5-7860-43cb-88ea-b527511dabf1: nextIndex: updateUnconditionally 0 -> 0
2019-10-01 06:21:55,132 [grpc-default-executor-5] WARN  server.GrpcLogAppender (LogUtils.java:warn(134)) - 33dfb9e4-5af7-48c0-aed2-49a098141a6c@group-3AEA3A3A61FF->25f8cd60-600d-4c27-9835-e918e1f0a30b-AppendLogResponseHandler: Failed appendEntries: org.apache.ratis.thirdparty.io.grpc.StatusRuntimeException: UNAVAILABLE: io exception
2019-10-01 06:21:55,133 [grpc-default-executor-5] INFO  impl.FollowerInfo (FollowerInfo.java:lambda$new$0(51)) - 33dfb9e4-5af7-48c0-aed2-49a098141a6c@group-3AEA3A3A61FF->25f8cd60-600d-4c27-9835-e918e1f0a30b: nextIndex: updateUnconditionally 0 -> 0
2019-10-01 06:21:55,146 [grpc-default-executor-6] WARN  server.GrpcLogAppender (LogUtils.java:warn(134)) - 33dfb9e4-5af7-48c0-aed2-49a098141a6c@group-3AEA3A3A61FF->b13a3cc5-7860-43cb-88ea-b527511dabf1-AppendLogResponseHandler: Failed appendEntries: org.apache.ratis.thirdparty.io.grpc.StatusRuntimeException: UNAVAILABLE: io exception
2019-10-01 06:21:55,146 [grpc-default-executor-6] INFO  impl.FollowerInfo (FollowerInfo.java:lambda$new$0(51)) - 33dfb9e4-5af7-48c0-aed2-49a098141a6c@group-3AEA3A3A61FF->b13a3cc5-7860-43cb-88ea-b527511dabf1: nextIndex: updateUnconditionally 0 -> 0
2019-10-01 06:21:57,634 [grpc-default-executor-3] WARN  server.GrpcLogAppender (LogUtils.java:warn(134)) - 33dfb9e4-5af7-48c0-aed2-49a098141a6c@group-3AEA3A3A61FF->25f8cd60-600d-4c27-9835-e918e1f0a30b-AppendLogResponseHandler: Failed appendEntries: org.apache.ratis.thirdparty.io.grpc.StatusRuntimeException: UNAVAILABLE: io exception
2019-10-01 06:21:57,635 [grpc-default-executor-3] INFO  impl.FollowerInfo (FollowerInfo.java:lambda$new$0(51)) - 33dfb9e4-5af7-48c0-aed2-49a098141a6c@group-3AEA3A3A61FF->25f8cd60-600d-4c27-9835-e918e1f0a30b: nextIndex: updateUnconditionally 0 -> 0
2019-10-01 06:21:57,647 [grpc-default-executor-5] WARN  server.GrpcLogAppender (LogUtils.java:warn(134)) - 33dfb9e4-5af7-48c0-aed2-49a098141a6c@group-3AEA3A3A61FF->b13a3cc5-7860-43cb-88ea-b527511dabf1-AppendLogResponseHandler: Failed appendEntries: org.apache.ratis.thirdparty.io.grpc.StatusRuntimeException: UNAVAILABLE: io exception
2019-10-01 06:21:57,647 [grpc-default-executor-5] INFO  impl.FollowerInfo (FollowerInfo.java:lambda$new$0(51)) - 33dfb9e4-5af7-48c0-aed2-49a098141a6c@group-3AEA3A3A61FF->b13a3cc5-7860-43cb-88ea-b527511dabf1: nextIndex: updateUnconditionally 0 -> 0
2019-10-01 06:22:00,140 [grpc-default-executor-3] WARN  server.GrpcLogAppender (LogUtils.java:warn(134)) - 33dfb9e4-5af7-48c0-aed2-49a098141a6c@group-3AEA3A3A61FF->25f8cd60-600d-4c27-9835-e918e1f0a30b-AppendLogResponseHandler: Failed appendEntries: org.apache.ratis.thirdparty.io.grpc.StatusRuntimeException: UNAVAILABLE: io exception
2019-10-01 06:22:00,142 [grpc-default-executor-3] INFO  impl.FollowerInfo (FollowerInfo.java:lambda$new$0(51)) - 33dfb9e4-5af7-48c0-aed2-49a098141a6c@group-3AEA3A3A61FF->25f8cd60-600d-4c27-9835-e918e1f0a30b: nextIndex: updateUnconditionally 0 -> 0
2019-10-01 06:22:00,147 [grpc-default-executor-6] WARN  server.GrpcLogAppender (LogUtils.java:warn(134)) - 33dfb9e4-5af7-48c0-aed2-49a098141a6c@group-3AEA3A3A61FF->b13a3cc5-7860-43cb-88ea-b527511dabf1-AppendLogResponseHandler: Failed appendEntries: org.apache.ratis.thirdparty.io.grpc.StatusRuntimeException: UNAVAILABLE: io exception
2019-10-01 06:22:00,148 [grpc-default-executor-6] INFO  impl.FollowerInfo (FollowerInfo.java:lambda$new$0(51)) - 33dfb9e4-5af7-48c0-aed2-49a098141a6c@group-3AEA3A3A61FF->b13a3cc5-7860-43cb-88ea-b527511dabf1: nextIndex: updateUnconditionally 0 -> 0
2019-10-01 06:22:02,562 [Thread-1784] INFO  client.GrpcClientProtocolService (GrpcClientProtocolService.java:lambda$processClientRequest$0(278)) - Failed RaftClientRequest:client-3187BC20E0BA->33dfb9e4-5af7-48c0-aed2-49a098141a6c@group-3AEA3A3A61FF, cid=66, seq=0, Watch-ALL_COMMITTED(56), Message:<EMPTY>, reply=RaftClientReply:client-3187BC20E0BA->33dfb9e4-5af7-48c0-aed2-49a098141a6c@group-3AEA3A3A61FF, cid=66, FAILED org.apache.ratis.protocol.NotReplicatedException: Request with call Id 66 and log index 56 is not yet replicated to ALL_COMMITTED, logIndex=56, commits[33dfb9e4-5af7-48c0-aed2-49a098141a6c:c2, 25f8cd60-600d-4c27-9835-e918e1f0a30b:c2, b13a3cc5-7860-43cb-88ea-b527511dabf1:c2]
2019-10-01 06:22:02,566 [Thread-1785] INFO  client.GrpcClientProtocolService (GrpcClientProtocolService.java:lambda$processClientRequest$0(278)) - Failed RaftClientRequest:client-3187BC20E0BA->33dfb9e4-5af7-48c0-aed2-49a098141a6c@group-3AEA3A3A61FF, cid=67, seq=0, Watch-MAJORITY_COMMITTED(56), Message:<EMPTY>, reply=RaftClientReply:client-3187BC20E0BA->33dfb9e4-5af7-48c0-aed2-49a098141a6c@group-3AEA3A3A61FF, cid=67, FAILED org.apache.ratis.protocol.NotReplicatedException: Request with call Id 67 and log index 56 is not yet replicated to MAJORITY_COMMITTED, logIndex=56, commits[33dfb9e4-5af7-48c0-aed2-49a098141a6c:c2, 25f8cd60-600d-4c27-9835-e918e1f0a30b:c2, b13a3cc5-7860-43cb-88ea-b527511dabf1:c2]
2019-10-01 06:22:02,638 [grpc-default-executor-3] WARN  server.GrpcLogAppender (LogUtils.java:warn(134)) - 33dfb9e4-5af7-48c0-aed2-49a098141a6c@group-3AEA3A3A61FF->25f8cd60-600d-4c27-9835-e918e1f0a30b-AppendLogResponseHandler: Failed appendEntries: org.apache.ratis.thirdparty.io.grpc.StatusRuntimeException: UNAVAILABLE: io exception
2019-10-01 06:22:02,643 [grpc-default-executor-3] INFO  impl.FollowerInfo (FollowerInfo.java:lambda$new$0(51)) - 33dfb9e4-5af7-48c0-aed2-49a098141a6c@group-3AEA3A3A61FF->25f8cd60-600d-4c27-9835-e918e1f0a30b: nextIndex: updateUnconditionally 0 -> 0
2019-10-01 06:22:02,648 [grpc-default-executor-6] WARN  server.GrpcLogAppender (LogUtils.java:warn(134)) - 33dfb9e4-5af7-48c0-aed2-49a098141a6c@group-3AEA3A3A61FF->b13a3cc5-7860-43cb-88ea-b527511dabf1-AppendLogResponseHandler: Failed appendEntries: org.apache.ratis.thirdparty.io.grpc.StatusRuntimeException: UNAVAILABLE: io exception
2019-10-01 06:22:02,653 [grpc-default-executor-6] INFO  impl.FollowerInfo (FollowerInfo.java:lambda$new$0(51)) - 33dfb9e4-5af7-48c0-aed2-49a098141a6c@group-3AEA3A3A61FF->b13a3cc5-7860-43cb-88ea-b527511dabf1: nextIndex: updateUnconditionally 0 -> 0
2019-10-01 06:22:05,139 [grpc-default-executor-5] WARN  server.GrpcLogAppender (LogUtils.java:warn(134)) - 33dfb9e4-5af7-48c0-aed2-49a098141a6c@group-3AEA3A3A61FF->25f8cd60-600d-4c27-9835-e918e1f0a30b-AppendLogResponseHandler: Failed appendEntries: org.apache.ratis.thirdparty.io.grpc.StatusRuntimeException: UNAVAILABLE: io exception
2019-10-01 06:22:05,139 [grpc-default-executor-5] INFO  impl.FollowerInfo (FollowerInfo.java:lambda$new$0(51)) - 33dfb9e4-5af7-48c0-aed2-49a098141a6c@group-3AEA3A3A61FF->25f8cd60-600d-4c27-9835-e918e1f0a30b: nextIndex: updateUnconditionally 0 -> 0
2019-10-01 06:22:05,148 [grpc-default-executor-6] WARN  server.GrpcLogAppender (LogUtils.java:warn(134)) - 33dfb9e4-5af7-48c0-aed2-49a098141a6c@group-3AEA3A3A61FF->b13a3cc5-7860-43cb-88ea-b527511dabf1-AppendLogResponseHandler: Failed appendEntries: org.apache.ratis.thirdparty.io.grpc.StatusRuntimeException: UNAVAILABLE: io exception
2019-10-01 06:22:05,149 [grpc-default-executor-6] INFO  impl.FollowerInfo (FollowerInfo.java:lambda$new$0(51)) - 33dfb9e4-5af7-48c0-aed2-49a098141a6c@group-3AEA3A3A61FF->b13a3cc5-7860-43cb-88ea-b527511dabf1: nextIndex: updateUnconditionally 0 -> 0
2019-10-01 06:22:07,639 [grpc-default-executor-6] WARN  server.GrpcLogAppender (LogUtils.java:warn(134)) - 33dfb9e4-5af7-48c0-aed2-49a098141a6c@group-3AEA3A3A61FF->25f8cd60-600d-4c27-9835-e918e1f0a30b-AppendLogResponseHandler: Failed appendEntries: org.apache.ratis.thirdparty.io.grpc.StatusRuntimeException: UNAVAILABLE: io exception
2019-10-01 06:22:07,639 [grpc-default-executor-6] INFO  impl.FollowerInfo (FollowerInfo.java:lambda$new$0(51)) - 33dfb9e4-5af7-48c0-aed2-49a098141a6c@group-3AEA3A3A61FF->25f8cd60-600d-4c27-9835-e918e1f0a30b: nextIndex: updateUnconditionally 0 -> 0
2019-10-01 06:22:07,649 [grpc-default-executor-3] WARN  server.GrpcLogAppender (LogUtils.java:warn(134)) - 33dfb9e4-5af7-48c0-aed2-49a098141a6c@group-3AEA3A3A61FF->b13a3cc5-7860-43cb-88ea-b527511dabf1-AppendLogResponseHandler: Failed appendEntries: org.apache.ratis.thirdparty.io.grpc.StatusRuntimeException: UNAVAILABLE: io exception
2019-10-01 06:22:07,649 [grpc-default-executor-3] INFO  impl.FollowerInfo (FollowerInfo.java:lambda$new$0(51)) - 33dfb9e4-5af7-48c0-aed2-49a098141a6c@group-3AEA3A3A61FF->b13a3cc5-7860-43cb-88ea-b527511dabf1: nextIndex: updateUnconditionally 0 -> 0
2019-10-01 06:22:10,141 [grpc-default-executor-6] WARN  server.GrpcLogAppender (LogUtils.java:warn(134)) - 33dfb9e4-5af7-48c0-aed2-49a098141a6c@group-3AEA3A3A61FF->25f8cd60-600d-4c27-9835-e918e1f0a30b-AppendLogResponseHandler: Failed appendEntries: org.apache.ratis.thirdparty.io.grpc.StatusRuntimeException: UNAVAILABLE: io exception
2019-10-01 06:22:10,142 [grpc-default-executor-6] INFO  impl.FollowerInfo (FollowerInfo.java:lambda$new$0(51)) - 33dfb9e4-5af7-48c0-aed2-49a098141a6c@group-3AEA3A3A61FF->25f8cd60-600d-4c27-9835-e918e1f0a30b: nextIndex: updateUnconditionally 0 -> 0
2019-10-01 06:22:10,149 [grpc-default-executor-5] WARN  server.GrpcLogAppender (LogUtils.java:warn(134)) - 33dfb9e4-5af7-48c0-aed2-49a098141a6c@group-3AEA3A3A61FF->b13a3cc5-7860-43cb-88ea-b527511dabf1-AppendLogResponseHandler: Failed appendEntries: org.apache.ratis.thirdparty.io.grpc.StatusRuntimeException: UNAVAILABLE: io exception
2019-10-01 06:22:10,150 [grpc-default-executor-5] INFO  impl.FollowerInfo (FollowerInfo.java:lambda$new$0(51)) - 33dfb9e4-5af7-48c0-aed2-49a098141a6c@group-3AEA3A3A61FF->b13a3cc5-7860-43cb-88ea-b527511dabf1: nextIndex: updateUnconditionally 0 -> 0
]]></system-out>
    <system-err><![CDATA[Oct 01, 2019 6:21:25 AM org.apache.ratis.thirdparty.io.grpc.internal.SerializingExecutor run
SEVERE: Exception while executing runnable org.apache.ratis.thirdparty.io.grpc.internal.ServerImpl$JumpToApplicationThreadServerStreamListener$1Closed@43e7a1a
org.apache.ratis.thirdparty.io.grpc.StatusRuntimeException: CANCELLED: call already cancelled
	at org.apache.ratis.thirdparty.io.grpc.Status.asRuntimeException(Status.java:517)
	at org.apache.ratis.thirdparty.io.grpc.stub.ServerCalls$ServerCallStreamObserverImpl.onCompleted(ServerCalls.java:356)
	at org.apache.ratis.grpc.server.GrpcServerProtocolService$ServerRequestStreamObserver.onError(GrpcServerProtocolService.java:121)
	at org.apache.ratis.thirdparty.io.grpc.stub.ServerCalls$StreamingServerCallHandler$StreamingServerCallListener.onCancel(ServerCalls.java:269)
	at org.apache.ratis.thirdparty.io.grpc.internal.ServerCallImpl$ServerStreamListenerImpl.closed(ServerCallImpl.java:293)
	at org.apache.ratis.thirdparty.io.grpc.internal.ServerImpl$JumpToApplicationThreadServerStreamListener$1Closed.runInContext(ServerImpl.java:741)
	at org.apache.ratis.thirdparty.io.grpc.internal.ContextRunnable.run(ContextRunnable.java:37)
	at org.apache.ratis.thirdparty.io.grpc.internal.SerializingExecutor.run(SerializingExecutor.java:123)
	at java.util.concurrent.ThreadPoolExecutor.runWorker(ThreadPoolExecutor.java:1149)
	at java.util.concurrent.ThreadPoolExecutor$Worker.run(ThreadPoolExecutor.java:624)
	at java.lang.Thread.run(Thread.java:748)

Oct 01, 2019 6:21:31 AM org.apache.ratis.thirdparty.io.grpc.internal.SerializingExecutor run
SEVERE: Exception while executing runnable org.apache.ratis.thirdparty.io.grpc.internal.ServerImpl$JumpToApplicationThreadServerStreamListener$1Closed@36899523
org.apache.ratis.thirdparty.io.grpc.StatusRuntimeException: CANCELLED: call already cancelled
	at org.apache.ratis.thirdparty.io.grpc.Status.asRuntimeException(Status.java:517)
	at org.apache.ratis.thirdparty.io.grpc.stub.ServerCalls$ServerCallStreamObserverImpl.onCompleted(ServerCalls.java:356)
	at org.apache.ratis.grpc.server.GrpcServerProtocolService$ServerRequestStreamObserver.onError(GrpcServerProtocolService.java:121)
	at org.apache.ratis.thirdparty.io.grpc.stub.ServerCalls$StreamingServerCallHandler$StreamingServerCallListener.onCancel(ServerCalls.java:269)
	at org.apache.ratis.thirdparty.io.grpc.internal.ServerCallImpl$ServerStreamListenerImpl.closed(ServerCallImpl.java:293)
	at org.apache.ratis.thirdparty.io.grpc.internal.ServerImpl$JumpToApplicationThreadServerStreamListener$1Closed.runInContext(ServerImpl.java:741)
	at org.apache.ratis.thirdparty.io.grpc.internal.ContextRunnable.run(ContextRunnable.java:37)
	at org.apache.ratis.thirdparty.io.grpc.internal.SerializingExecutor.run(SerializingExecutor.java:123)
	at java.util.concurrent.ThreadPoolExecutor.runWorker(ThreadPoolExecutor.java:1149)
	at java.util.concurrent.ThreadPoolExecutor$Worker.run(ThreadPoolExecutor.java:624)
	at java.lang.Thread.run(Thread.java:748)

]]></system-err>
  </testcase>
  <testcase name="testWatchForCommitForGroupMismatchException" classname="org.apache.hadoop.ozone.client.rpc.TestWatchForCommit" time="50.735"/>
  <testcase name="test2WayCommitForTimeoutException" classname="org.apache.hadoop.ozone.client.rpc.TestWatchForCommit" time="31.726">
    <error message="org.apache.ratis.protocol.RaftRetryFailureException: Failed RaftClientRequest:client-A113FA80BCCC-&gt;efd9ac6f-ff5e-4968-a08a-87ccf28a484c@group-19B9CE210203, cid=107, seq=2*, RW, org.apache.hadoop.hdds.scm.XceiverClientRatis$$Lambda$470/1177206467@2c61ad6a for 20 attempts with RetryLimited(maxAttempts=20, sleepTime=1000ms)" type="java.util.concurrent.ExecutionException">java.util.concurrent.ExecutionException: org.apache.ratis.protocol.RaftRetryFailureException: Failed RaftClientRequest:client-A113FA80BCCC->efd9ac6f-ff5e-4968-a08a-87ccf28a484c@group-19B9CE210203, cid=107, seq=2*, RW, org.apache.hadoop.hdds.scm.XceiverClientRatis$$Lambda$470/1177206467@2c61ad6a for 20 attempts with RetryLimited(maxAttempts=20, sleepTime=1000ms)
	at java.util.concurrent.CompletableFuture.reportGet(CompletableFuture.java:357)
	at java.util.concurrent.CompletableFuture.get(CompletableFuture.java:1895)
	at org.apache.hadoop.ozone.client.rpc.TestWatchForCommit.test2WayCommitForTimeoutException(TestWatchForCommit.java:390)
	at sun.reflect.NativeMethodAccessorImpl.invoke0(Native Method)
	at sun.reflect.NativeMethodAccessorImpl.invoke(NativeMethodAccessorImpl.java:62)
	at sun.reflect.DelegatingMethodAccessorImpl.invoke(DelegatingMethodAccessorImpl.java:43)
	at java.lang.reflect.Method.invoke(Method.java:498)
	at org.junit.runners.model.FrameworkMethod$1.runReflectiveCall(FrameworkMethod.java:47)
	at org.junit.internal.runners.model.ReflectiveCallable.run(ReflectiveCallable.java:12)
	at org.junit.runners.model.FrameworkMethod.invokeExplosively(FrameworkMethod.java:44)
	at org.junit.internal.runners.statements.InvokeMethod.evaluate(InvokeMethod.java:17)
	at org.junit.runners.ParentRunner.runLeaf(ParentRunner.java:271)
	at org.junit.runners.BlockJUnit4ClassRunner.runChild(BlockJUnit4ClassRunner.java:70)
	at org.junit.runners.BlockJUnit4ClassRunner.runChild(BlockJUnit4ClassRunner.java:50)
	at org.junit.runners.ParentRunner$3.run(ParentRunner.java:238)
	at org.junit.runners.ParentRunner$1.schedule(ParentRunner.java:63)
	at org.junit.runners.ParentRunner.runChildren(ParentRunner.java:236)
	at org.junit.runners.ParentRunner.access$000(ParentRunner.java:53)
	at org.junit.runners.ParentRunner$2.evaluate(ParentRunner.java:229)
	at org.junit.runners.ParentRunner.run(ParentRunner.java:309)
	at org.apache.maven.surefire.junit4.JUnit4Provider.execute(JUnit4Provider.java:365)
	at org.apache.maven.surefire.junit4.JUnit4Provider.executeWithRerun(JUnit4Provider.java:273)
	at org.apache.maven.surefire.junit4.JUnit4Provider.executeTestSet(JUnit4Provider.java:238)
	at org.apache.maven.surefire.junit4.JUnit4Provider.invoke(JUnit4Provider.java:159)
	at org.apache.maven.surefire.booter.ForkedBooter.invokeProviderInSameClassLoader(ForkedBooter.java:384)
	at org.apache.maven.surefire.booter.ForkedBooter.runSuitesInProcess(ForkedBooter.java:345)
	at org.apache.maven.surefire.booter.ForkedBooter.execute(ForkedBooter.java:126)
	at org.apache.maven.surefire.booter.ForkedBooter.main(ForkedBooter.java:418)
Caused by: org.apache.ratis.protocol.RaftRetryFailureException: Failed RaftClientRequest:client-A113FA80BCCC->efd9ac6f-ff5e-4968-a08a-87ccf28a484c@group-19B9CE210203, cid=107, seq=2*, RW, org.apache.hadoop.hdds.scm.XceiverClientRatis$$Lambda$470/1177206467@2c61ad6a for 20 attempts with RetryLimited(maxAttempts=20, sleepTime=1000ms)
	at org.apache.ratis.client.impl.RaftClientImpl.noMoreRetries(RaftClientImpl.java:271)
	at org.apache.ratis.client.impl.OrderedAsync.handleAsyncRetryFailure(OrderedAsync.java:138)
	at org.apache.ratis.client.impl.OrderedAsync.lambda$sendRequest$10(OrderedAsync.java:230)
	at java.util.concurrent.CompletableFuture.uniExceptionally(CompletableFuture.java:870)
	at java.util.concurrent.CompletableFuture$UniExceptionally.tryFire(CompletableFuture.java:852)
	at java.util.concurrent.CompletableFuture.postComplete(CompletableFuture.java:474)
	at java.util.concurrent.CompletableFuture.completeExceptionally(CompletableFuture.java:1977)
	at org.apache.ratis.grpc.client.GrpcClientProtocolClient$AsyncStreamObservers.completeReplyExceptionally(GrpcClientProtocolClient.java:345)
	at org.apache.ratis.grpc.client.GrpcClientProtocolClient$AsyncStreamObservers.access$000(GrpcClientProtocolClient.java:261)
	at org.apache.ratis.grpc.client.GrpcClientProtocolClient$AsyncStreamObservers$1.onError(GrpcClientProtocolClient.java:290)
	at org.apache.ratis.thirdparty.io.grpc.stub.ClientCalls$StreamObserverToCallListenerAdapter.onClose(ClientCalls.java:434)
	at org.apache.ratis.thirdparty.io.grpc.PartialForwardingClientCallListener.onClose(PartialForwardingClientCallListener.java:39)
	at org.apache.ratis.thirdparty.io.grpc.ForwardingClientCallListener.onClose(ForwardingClientCallListener.java:23)
	at org.apache.ratis.thirdparty.io.grpc.ForwardingClientCallListener$SimpleForwardingClientCallListener.onClose(ForwardingClientCallListener.java:40)
	at org.apache.ratis.thirdparty.io.grpc.internal.CensusStatsModule$StatsClientInterceptor$1$1.onClose(CensusStatsModule.java:678)
	at org.apache.ratis.thirdparty.io.grpc.PartialForwardingClientCallListener.onClose(PartialForwardingClientCallListener.java:39)
	at org.apache.ratis.thirdparty.io.grpc.ForwardingClientCallListener.onClose(ForwardingClientCallListener.java:23)
	at org.apache.ratis.thirdparty.io.grpc.ForwardingClientCallListener$SimpleForwardingClientCallListener.onClose(ForwardingClientCallListener.java:40)
	at org.apache.ratis.thirdparty.io.grpc.internal.CensusTracingModule$TracingClientInterceptor$1$1.onClose(CensusTracingModule.java:397)
	at org.apache.ratis.thirdparty.io.grpc.internal.ClientCallImpl.closeObserver(ClientCallImpl.java:459)
	at org.apache.ratis.thirdparty.io.grpc.internal.ClientCallImpl.access$300(ClientCallImpl.java:63)
	at org.apache.ratis.thirdparty.io.grpc.internal.ClientCallImpl$ClientStreamListenerImpl.close(ClientCallImpl.java:546)
	at org.apache.ratis.thirdparty.io.grpc.internal.ClientCallImpl$ClientStreamListenerImpl.access$600(ClientCallImpl.java:467)
	at org.apache.ratis.thirdparty.io.grpc.internal.ClientCallImpl$ClientStreamListenerImpl$1StreamClosed.runInContext(ClientCallImpl.java:584)
	at org.apache.ratis.thirdparty.io.grpc.internal.ContextRunnable.run(ContextRunnable.java:37)
	at org.apache.ratis.thirdparty.io.grpc.internal.SerializingExecutor.run(SerializingExecutor.java:123)
	at java.util.concurrent.ThreadPoolExecutor.runWorker(ThreadPoolExecutor.java:1149)
	at java.util.concurrent.ThreadPoolExecutor$Worker.run(ThreadPoolExecutor.java:624)
	at java.lang.Thread.run(Thread.java:748)
Caused by: java.io.IOException: org.apache.ratis.thirdparty.io.grpc.StatusRuntimeException: UNAVAILABLE: io exception
	at org.apache.ratis.grpc.GrpcUtil.unwrapException(GrpcUtil.java:76)
	at org.apache.ratis.grpc.GrpcUtil.unwrapIOException(GrpcUtil.java:128)
	at org.apache.ratis.grpc.client.GrpcClientProtocolClient$AsyncStreamObservers$1.onError(GrpcClientProtocolClient.java:289)
	... 19 more
Caused by: org.apache.ratis.thirdparty.io.grpc.StatusRuntimeException: UNAVAILABLE: io exception
	at org.apache.ratis.thirdparty.io.grpc.Status.asRuntimeException(Status.java:526)
	... 19 more
Caused by: org.apache.ratis.thirdparty.io.netty.channel.AbstractChannel$AnnotatedConnectException: Connection refused: /192.168.30.6:32768
	at sun.nio.ch.SocketChannelImpl.checkConnect(Native Method)
	at sun.nio.ch.SocketChannelImpl.finishConnect(SocketChannelImpl.java:717)
	at org.apache.ratis.thirdparty.io.netty.channel.socket.nio.NioSocketChannel.doFinishConnect(NioSocketChannel.java:327)
	at org.apache.ratis.thirdparty.io.netty.channel.nio.AbstractNioChannel$AbstractNioUnsafe.finishConnect(AbstractNioChannel.java:340)
	at org.apache.ratis.thirdparty.io.netty.channel.nio.NioEventLoop.processSelectedKey(NioEventLoop.java:632)
	at org.apache.ratis.thirdparty.io.netty.channel.nio.NioEventLoop.processSelectedKeysOptimized(NioEventLoop.java:579)
	at org.apache.ratis.thirdparty.io.netty.channel.nio.NioEventLoop.processSelectedKeys(NioEventLoop.java:496)
	at org.apache.ratis.thirdparty.io.netty.channel.nio.NioEventLoop.run(NioEventLoop.java:458)
	at org.apache.ratis.thirdparty.io.netty.util.concurrent.SingleThreadEventExecutor$5.run(SingleThreadEventExecutor.java:897)
	at org.apache.ratis.thirdparty.io.netty.util.concurrent.FastThreadLocalRunnable.run(FastThreadLocalRunnable.java:30)
	... 1 more
Caused by: java.net.ConnectException: Connection refused
	... 11 more
</error>
    <system-out><![CDATA[2019-10-01 06:23:01,975 [main] WARN  server.ServerUtils (ServerUtils.java:getScmDbDir(145)) - ozone.scm.db.dirs is not configured. We recommend adding this setting. Falling back to ozone.metadata.dirs instead.
2019-10-01 06:23:02,011 [main] WARN  server.ServerUtils (ServerUtils.java:getScmDbDir(145)) - ozone.scm.db.dirs is not configured. We recommend adding this setting. Falling back to ozone.metadata.dirs instead.
2019-10-01 06:23:02,012 [main] WARN  server.ServerUtils (ServerUtils.java:getScmDbDir(145)) - ozone.scm.db.dirs is not configured. We recommend adding this setting. Falling back to ozone.metadata.dirs instead.
2019-10-01 06:23:02,012 [main] INFO  db.DBStoreBuilder (DBStoreBuilder.java:addTable(110)) - using custom profile for table: deletedBlocks
2019-10-01 06:23:02,013 [main] INFO  db.DBStoreBuilder (DBStoreBuilder.java:processTables(161)) - Using default column profile:DBProfile.DISK for Table:deletedBlocks
2019-10-01 06:23:02,013 [main] INFO  db.DBStoreBuilder (DBStoreBuilder.java:addTable(110)) - using custom profile for table: validCerts
2019-10-01 06:23:02,013 [main] INFO  db.DBStoreBuilder (DBStoreBuilder.java:processTables(161)) - Using default column profile:DBProfile.DISK for Table:validCerts
2019-10-01 06:23:02,014 [main] INFO  db.DBStoreBuilder (DBStoreBuilder.java:addTable(110)) - using custom profile for table: revokedCerts
2019-10-01 06:23:02,014 [main] INFO  db.DBStoreBuilder (DBStoreBuilder.java:processTables(161)) - Using default column profile:DBProfile.DISK for Table:revokedCerts
2019-10-01 06:23:02,014 [main] INFO  db.DBStoreBuilder (DBStoreBuilder.java:addTable(110)) - using custom profile for table: default
2019-10-01 06:23:02,014 [main] INFO  db.DBStoreBuilder (DBStoreBuilder.java:processTables(167)) - Using default column profile:DBProfile.DISK for Table:default
2019-10-01 06:23:02,015 [main] INFO  db.DBStoreBuilder (DBStoreBuilder.java:getDbProfile(198)) - Using default options. DBProfile.DISK
2019-10-01 06:23:02,509 [main] INFO  net.NodeSchemaLoader (NodeSchemaLoader.java:loadSchemaFromFile(125)) - Loading file from sun.misc.CompoundEnumeration@7ab2a07e
2019-10-01 06:23:02,510 [main] INFO  net.NodeSchemaLoader (NodeSchemaLoader.java:loadSchema(171)) - Loading network topology layer schema file
2019-10-01 06:23:02,516 [main] WARN  server.ServerUtils (ServerUtils.java:sanitizeUserArgs(70)) - ozone.scm.stale.node.interval value = 300000 is larger than max = 100000 based on the key value of ozone.scm.heartbeat.thread.interval, reset to the max value 100000.
2019-10-01 06:23:02,516 [main] WARN  server.ServerUtils (ServerUtils.java:sanitizeUserArgs(70)) - ozone.scm.stale.node.interval value = 300000 is larger than max = 100000 based on the key value of ozone.scm.heartbeat.thread.interval, reset to the max value 100000.
2019-10-01 06:23:02,517 [main] INFO  node.SCMNodeManager (SCMNodeManager.java:<init>(114)) - Entering startup safe mode.
2019-10-01 06:23:02,518 [main] INFO  algorithms.ContainerPlacementPolicyFactory (ContainerPlacementPolicyFactory.java:getPolicy(57)) - Create container placement policy of type org.apache.hadoop.hdds.scm.container.placement.algorithms.SCMContainerPlacementRandom
2019-10-01 06:23:02,518 [main] WARN  server.ServerUtils (ServerUtils.java:getScmDbDir(145)) - ozone.scm.db.dirs is not configured. We recommend adding this setting. Falling back to ozone.metadata.dirs instead.
2019-10-01 06:23:02,710 [grpc-default-executor-3] WARN  server.GrpcLogAppender (LogUtils.java:warn(134)) - 33dfb9e4-5af7-48c0-aed2-49a098141a6c@group-3AEA3A3A61FF->b13a3cc5-7860-43cb-88ea-b527511dabf1-AppendLogResponseHandler: Failed appendEntries: org.apache.ratis.thirdparty.io.grpc.StatusRuntimeException: UNAVAILABLE: io exception
2019-10-01 06:23:02,710 [grpc-default-executor-6] WARN  server.GrpcLogAppender (LogUtils.java:warn(134)) - 33dfb9e4-5af7-48c0-aed2-49a098141a6c@group-3AEA3A3A61FF->25f8cd60-600d-4c27-9835-e918e1f0a30b-AppendLogResponseHandler: Failed appendEntries: org.apache.ratis.thirdparty.io.grpc.StatusRuntimeException: UNAVAILABLE: io exception
2019-10-01 06:23:02,710 [grpc-default-executor-3] INFO  impl.FollowerInfo (FollowerInfo.java:lambda$new$0(51)) - 33dfb9e4-5af7-48c0-aed2-49a098141a6c@group-3AEA3A3A61FF->b13a3cc5-7860-43cb-88ea-b527511dabf1: nextIndex: updateUnconditionally 0 -> 0
2019-10-01 06:23:02,710 [grpc-default-executor-6] INFO  impl.FollowerInfo (FollowerInfo.java:lambda$new$0(51)) - 33dfb9e4-5af7-48c0-aed2-49a098141a6c@group-3AEA3A3A61FF->25f8cd60-600d-4c27-9835-e918e1f0a30b: nextIndex: updateUnconditionally 0 -> 0
2019-10-01 06:23:02,798 [main] INFO  pipeline.SCMPipelineManager (SCMPipelineManager.java:initializePipelineState(132)) - No pipeline exists in current db
2019-10-01 06:23:02,799 [main] WARN  server.ServerUtils (ServerUtils.java:getScmDbDir(145)) - ozone.scm.db.dirs is not configured. We recommend adding this setting. Falling back to ozone.metadata.dirs instead.
2019-10-01 06:23:02,899 [main] WARN  events.EventQueue (EventQueue.java:fireEvent(183)) - No event handler registered for event TypedEvent{payloadType=SafeModeStatus, name='SafeModeStatus'}
2019-10-01 06:23:02,900 [main] INFO  ipc.CallQueueManager (CallQueueManager.java:<init>(84)) - Using callQueue: class java.util.concurrent.LinkedBlockingQueue, queueCapacity: 2000, scheduler: class org.apache.hadoop.ipc.DefaultRpcScheduler, ipcBackoff: false.
2019-10-01 06:23:02,901 [Socket Reader #1 for port 43143] INFO  ipc.Server (Server.java:run(1074)) - Starting Socket Reader #1 for port 43143
2019-10-01 06:23:02,907 [main] INFO  ipc.CallQueueManager (CallQueueManager.java:<init>(84)) - Using callQueue: class java.util.concurrent.LinkedBlockingQueue, queueCapacity: 2000, scheduler: class org.apache.hadoop.ipc.DefaultRpcScheduler, ipcBackoff: false.
2019-10-01 06:23:02,908 [Socket Reader #1 for port 38658] INFO  ipc.Server (Server.java:run(1074)) - Starting Socket Reader #1 for port 38658
2019-10-01 06:23:02,913 [main] INFO  ipc.CallQueueManager (CallQueueManager.java:<init>(84)) - Using callQueue: class java.util.concurrent.LinkedBlockingQueue, queueCapacity: 2000, scheduler: class org.apache.hadoop.ipc.DefaultRpcScheduler, ipcBackoff: false.
2019-10-01 06:23:02,914 [Socket Reader #1 for port 39941] INFO  ipc.Server (Server.java:run(1074)) - Starting Socket Reader #1 for port 39941
2019-10-01 06:23:02,919 [main] INFO  hdfs.DFSUtil (DFSUtil.java:httpServerTemplateForNNAndJN(1641)) - Starting Web-server for scm at: http://0.0.0.0:0
2019-10-01 06:23:02,921 [main] INFO  server.AuthenticationFilter (AuthenticationFilter.java:constructSecretProvider(240)) - Unable to initialize FileSignerSecretProvider, falling back to use random secrets.
2019-10-01 06:23:02,922 [main] WARN  http.HttpRequestLog (HttpRequestLog.java:getRequestLog(97)) - Jetty request log can only be enabled using Log4j
2019-10-01 06:23:02,924 [main] INFO  http.HttpServer2 (HttpServer2.java:addGlobalFilter(975)) - Added global filter 'safety' (class=org.apache.hadoop.http.HttpServer2$QuotingInputFilter)
2019-10-01 06:23:02,924 [main] INFO  http.HttpServer2 (HttpServer2.java:addFilter(948)) - Added filter static_user_filter (class=org.apache.hadoop.http.lib.StaticUserWebFilter$StaticUserFilter) to context scm
2019-10-01 06:23:02,925 [main] INFO  http.HttpServer2 (HttpServer2.java:addFilter(958)) - Added filter static_user_filter (class=org.apache.hadoop.http.lib.StaticUserWebFilter$StaticUserFilter) to context logs
2019-10-01 06:23:02,925 [main] INFO  http.HttpServer2 (HttpServer2.java:addFilter(958)) - Added filter static_user_filter (class=org.apache.hadoop.http.lib.StaticUserWebFilter$StaticUserFilter) to context static
2019-10-01 06:23:02,927 [main] INFO  server.StorageContainerManager (StorageContainerManager.java:start(770)) - StorageContainerLocationProtocol RPC server is listening at /0.0.0.0:39941
2019-10-01 06:23:02,930 [main] WARN  impl.MetricsConfig (MetricsConfig.java:loadFirst(134)) - Cannot locate configuration: tried hadoop-metrics2-storagecontainermanager.properties,hadoop-metrics2.properties
2019-10-01 06:23:02,931 [main] INFO  impl.MetricsSystemImpl (MetricsSystemImpl.java:startTimer(374)) - Scheduled Metric snapshot period at 10 second(s).
2019-10-01 06:23:02,931 [main] INFO  impl.MetricsSystemImpl (MetricsSystemImpl.java:start(191)) - StorageContainerManager metrics system started
2019-10-01 06:23:03,047 [main] INFO  lib.Interns (Interns.java:removeEldestEntry(50)) - Metrics intern cache overflow at 2011 for MetricsSystem={MetricsSystem=MetricsInfoImpl{name=MetricsSystem, description=MetricsSystem}, MetricsSystem record=MetricsInfoImpl{name=MetricsSystem, description=MetricsSystem record}}
2019-10-01 06:23:03,824 [main] WARN  impl.MetricsSystemImpl (MetricsSystemImpl.java:register(276)) - Sink prometheus already exists!
2019-10-01 06:23:04,840 [main] INFO  server.SCMClientProtocolServer (SCMClientProtocolServer.java:start(150)) - RPC server for Client  is listening at /0.0.0.0:39941
2019-10-01 06:23:04,840 [IPC Server listener on 39941] INFO  ipc.Server (Server.java:run(1153)) - IPC Server listener on 39941: starting
2019-10-01 06:23:04,840 [IPC Server Responder] INFO  ipc.Server (Server.java:run(1314)) - IPC Server Responder: starting
2019-10-01 06:23:04,856 [main] INFO  server.StorageContainerManager (StorageContainerManager.java:start(780)) - ScmBlockLocationProtocol RPC server is listening at /0.0.0.0:38658
2019-10-01 06:23:04,857 [main] INFO  server.SCMBlockProtocolServer (SCMBlockProtocolServer.java:start(146)) - RPC server for Block Protocol is listening at /0.0.0.0:38658
2019-10-01 06:23:04,857 [IPC Server Responder] INFO  ipc.Server (Server.java:run(1314)) - IPC Server Responder: starting
2019-10-01 06:23:04,857 [IPC Server listener on 38658] INFO  ipc.Server (Server.java:run(1153)) - IPC Server listener on 38658: starting
2019-10-01 06:23:04,875 [main] INFO  server.StorageContainerManager (StorageContainerManager.java:start(784)) - ScmDatanodeProtocl RPC server is listening at /0.0.0.0:43143
2019-10-01 06:23:04,875 [main] INFO  server.SCMDatanodeProtocolServer (SCMDatanodeProtocolServer.java:start(191)) - RPC server for DataNodes is listening at /0.0.0.0:43143
2019-10-01 06:23:04,876 [IPC Server Responder] INFO  ipc.Server (Server.java:run(1314)) - IPC Server Responder: starting
2019-10-01 06:23:04,876 [IPC Server listener on 43143] INFO  ipc.Server (Server.java:run(1153)) - IPC Server listener on 43143: starting
2019-10-01 06:23:04,891 [main] INFO  http.HttpServer2 (HttpServer2.java:bindListener(1191)) - Jetty bound to port 33760
2019-10-01 06:23:04,892 [main] INFO  server.Server (Server.java:doStart(351)) - jetty-9.3.25.v20180904, build timestamp: 2018-09-04T21:11:46Z, git hash: 3ce520221d0240229c862b122d2b06c12a625732
2019-10-01 06:23:04,894 [main] INFO  handler.ContextHandler (ContextHandler.java:doStart(781)) - Started o.e.j.s.ServletContextHandler@58aa1d72{/logs,file:///workdir/hadoop-ozone/integration-test/target/log,AVAILABLE}
2019-10-01 06:23:04,894 [main] INFO  handler.ContextHandler (ContextHandler.java:doStart(781)) - Started o.e.j.s.ServletContextHandler@69ed5ea2{/static,file:///workdir/hadoop-ozone/integration-test/target/test-classes/webapps/static,AVAILABLE}
2019-10-01 06:23:04,898 [main] INFO  handler.ContextHandler (ContextHandler.java:doStart(781)) - Started o.e.j.w.WebAppContext@284bdeed{/,file:///workdir/hadoop-ozone/integration-test/target/test-classes/webapps/scm/,AVAILABLE}{/scm}
2019-10-01 06:23:04,898 [main] INFO  server.AbstractConnector (AbstractConnector.java:doStart(278)) - Started ServerConnector@58b311ba{HTTP/1.1,[http/1.1]}{0.0.0.0:33760}
2019-10-01 06:23:04,904 [main] INFO  server.Server (Server.java:doStart(419)) - Started @255227ms
2019-10-01 06:23:04,904 [main] WARN  impl.MetricsSystemImpl (MetricsSystemImpl.java:register(276)) - Sink prometheus already exists!
2019-10-01 06:23:04,905 [main] INFO  server.BaseHttpServer (BaseHttpServer.java:updateConnectorAddress(215)) - HTTP server of SCM is listening at http://0.0.0.0:33760
2019-10-01 06:23:04,910 [main] WARN  server.ServerUtils (ServerUtils.java:getDBPath(222)) - ozone.om.db.dirs is not configured. We recommend adding this setting. Falling back to ozone.metadata.dirs instead.
2019-10-01 06:23:04,910 [org.apache.hadoop.util.JvmPauseMonitor$Monitor@75eaba95] INFO  util.JvmPauseMonitor (JvmPauseMonitor.java:run(188)) - Starting JVM pause monitor
2019-10-01 06:23:04,955 [main] WARN  server.ServerUtils (ServerUtils.java:getDBPath(222)) - ozone.om.db.dirs is not configured. We recommend adding this setting. Falling back to ozone.metadata.dirs instead.
2019-10-01 06:23:04,955 [main] WARN  server.ServerUtils (ServerUtils.java:getDBPath(222)) - ozone.om.db.dirs is not configured. We recommend adding this setting. Falling back to ozone.metadata.dirs instead.
2019-10-01 06:23:04,956 [main] INFO  om.OzoneManager (OzoneManager.java:setOMNodeDetails(652)) - OM Service ID is not set. Setting it to the default ID: omServiceIdDefault
2019-10-01 06:23:04,956 [main] INFO  om.OzoneManager (OzoneManager.java:setOMNodeDetails(658)) - OM Node ID is not set. Setting it to the OmStorage's OmID: fd471d58-bc3d-496a-9556-2daac2e369cc
2019-10-01 06:23:04,956 [main] INFO  om.OzoneManager (OzoneManager.java:loadOMHAConfigs(609)) - Found matching OM address with OMServiceId: null, OMNodeId: null, RPC Address: localhost:0 and Ratis port: 9872
2019-10-01 06:23:05,000 [main] WARN  server.ServerUtils (ServerUtils.java:getDBPath(222)) - ozone.om.db.dirs is not configured. We recommend adding this setting. Falling back to ozone.metadata.dirs instead.
2019-10-01 06:23:05,001 [main] INFO  db.DBStoreBuilder (DBStoreBuilder.java:addTable(110)) - using custom profile for table: userTable
2019-10-01 06:23:05,001 [main] INFO  db.DBStoreBuilder (DBStoreBuilder.java:processTables(161)) - Using default column profile:DBProfile.DISK for Table:userTable
2019-10-01 06:23:05,001 [main] INFO  db.DBStoreBuilder (DBStoreBuilder.java:addTable(110)) - using custom profile for table: volumeTable
2019-10-01 06:23:05,002 [main] INFO  db.DBStoreBuilder (DBStoreBuilder.java:processTables(161)) - Using default column profile:DBProfile.DISK for Table:volumeTable
2019-10-01 06:23:05,002 [main] INFO  db.DBStoreBuilder (DBStoreBuilder.java:addTable(110)) - using custom profile for table: bucketTable
2019-10-01 06:23:05,002 [main] INFO  db.DBStoreBuilder (DBStoreBuilder.java:processTables(161)) - Using default column profile:DBProfile.DISK for Table:bucketTable
2019-10-01 06:23:05,003 [main] INFO  db.DBStoreBuilder (DBStoreBuilder.java:addTable(110)) - using custom profile for table: keyTable
2019-10-01 06:23:05,003 [main] INFO  db.DBStoreBuilder (DBStoreBuilder.java:processTables(161)) - Using default column profile:DBProfile.DISK for Table:keyTable
2019-10-01 06:23:05,003 [main] INFO  db.DBStoreBuilder (DBStoreBuilder.java:addTable(110)) - using custom profile for table: deletedTable
2019-10-01 06:23:05,003 [main] INFO  db.DBStoreBuilder (DBStoreBuilder.java:processTables(161)) - Using default column profile:DBProfile.DISK for Table:deletedTable
2019-10-01 06:23:05,004 [main] INFO  db.DBStoreBuilder (DBStoreBuilder.java:addTable(110)) - using custom profile for table: openKeyTable
2019-10-01 06:23:05,004 [main] INFO  db.DBStoreBuilder (DBStoreBuilder.java:processTables(161)) - Using default column profile:DBProfile.DISK for Table:openKeyTable
2019-10-01 06:23:05,004 [main] INFO  db.DBStoreBuilder (DBStoreBuilder.java:addTable(110)) - using custom profile for table: s3Table
2019-10-01 06:23:05,004 [main] INFO  db.DBStoreBuilder (DBStoreBuilder.java:processTables(161)) - Using default column profile:DBProfile.DISK for Table:s3Table
2019-10-01 06:23:05,005 [main] INFO  db.DBStoreBuilder (DBStoreBuilder.java:addTable(110)) - using custom profile for table: multipartInfoTable
2019-10-01 06:23:05,005 [main] INFO  db.DBStoreBuilder (DBStoreBuilder.java:processTables(161)) - Using default column profile:DBProfile.DISK for Table:multipartInfoTable
2019-10-01 06:23:05,005 [main] INFO  db.DBStoreBuilder (DBStoreBuilder.java:addTable(110)) - using custom profile for table: dTokenTable
2019-10-01 06:23:05,005 [main] INFO  db.DBStoreBuilder (DBStoreBuilder.java:processTables(161)) - Using default column profile:DBProfile.DISK for Table:dTokenTable
2019-10-01 06:23:05,005 [main] INFO  db.DBStoreBuilder (DBStoreBuilder.java:addTable(110)) - using custom profile for table: s3SecretTable
2019-10-01 06:23:05,006 [main] INFO  db.DBStoreBuilder (DBStoreBuilder.java:processTables(161)) - Using default column profile:DBProfile.DISK for Table:s3SecretTable
2019-10-01 06:23:05,006 [main] INFO  db.DBStoreBuilder (DBStoreBuilder.java:addTable(110)) - using custom profile for table: prefixTable
2019-10-01 06:23:05,006 [main] INFO  db.DBStoreBuilder (DBStoreBuilder.java:processTables(161)) - Using default column profile:DBProfile.DISK for Table:prefixTable
2019-10-01 06:23:05,006 [main] INFO  db.DBStoreBuilder (DBStoreBuilder.java:addTable(110)) - using custom profile for table: default
2019-10-01 06:23:05,006 [main] INFO  db.DBStoreBuilder (DBStoreBuilder.java:processTables(167)) - Using default column profile:DBProfile.DISK for Table:default
2019-10-01 06:23:05,007 [main] INFO  db.DBStoreBuilder (DBStoreBuilder.java:getDbProfile(198)) - Using default options. DBProfile.DISK
2019-10-01 06:23:05,211 [grpc-default-executor-8] WARN  server.GrpcLogAppender (LogUtils.java:warn(134)) - 33dfb9e4-5af7-48c0-aed2-49a098141a6c@group-3AEA3A3A61FF->25f8cd60-600d-4c27-9835-e918e1f0a30b-AppendLogResponseHandler: Failed appendEntries: org.apache.ratis.thirdparty.io.grpc.StatusRuntimeException: UNAVAILABLE: io exception
2019-10-01 06:23:05,212 [grpc-default-executor-9] WARN  server.GrpcLogAppender (LogUtils.java:warn(134)) - 33dfb9e4-5af7-48c0-aed2-49a098141a6c@group-3AEA3A3A61FF->b13a3cc5-7860-43cb-88ea-b527511dabf1-AppendLogResponseHandler: Failed appendEntries: org.apache.ratis.thirdparty.io.grpc.StatusRuntimeException: UNAVAILABLE: io exception
2019-10-01 06:23:05,212 [grpc-default-executor-8] INFO  impl.FollowerInfo (FollowerInfo.java:lambda$new$0(51)) - 33dfb9e4-5af7-48c0-aed2-49a098141a6c@group-3AEA3A3A61FF->25f8cd60-600d-4c27-9835-e918e1f0a30b: nextIndex: updateUnconditionally 0 -> 0
2019-10-01 06:23:05,212 [grpc-default-executor-9] INFO  impl.FollowerInfo (FollowerInfo.java:lambda$new$0(51)) - 33dfb9e4-5af7-48c0-aed2-49a098141a6c@group-3AEA3A3A61FF->b13a3cc5-7860-43cb-88ea-b527511dabf1: nextIndex: updateUnconditionally 0 -> 0
2019-10-01 06:23:05,429 [Thread-2407] INFO  impl.FollowerState (FollowerState.java:run(108)) - 12b52986-f812-4a0e-b5ca-19605aac5ce5@group-DF7814A3CEC0-FollowerState: change to CANDIDATE, lastRpcTime:5171ms, electionTimeout:5171ms
2019-10-01 06:23:05,429 [Thread-2407] INFO  impl.RoleInfo (RoleInfo.java:shutdownFollowerState(121)) - 12b52986-f812-4a0e-b5ca-19605aac5ce5: shutdown FollowerState
2019-10-01 06:23:05,429 [Thread-2407] INFO  impl.RaftServerImpl (RaftServerImpl.java:setRole(170)) - 12b52986-f812-4a0e-b5ca-19605aac5ce5@group-DF7814A3CEC0: changes role from  FOLLOWER to CANDIDATE at term 0 for changeToCandidate
2019-10-01 06:23:05,429 [Thread-2407] INFO  impl.RoleInfo (RoleInfo.java:updateAndGet(143)) - 12b52986-f812-4a0e-b5ca-19605aac5ce5: start LeaderElection
2019-10-01 06:23:05,450 [Thread-2408] INFO  impl.FollowerState (FollowerState.java:run(108)) - 33dfb9e4-5af7-48c0-aed2-49a098141a6c@group-DF7814A3CEC0-FollowerState: change to CANDIDATE, lastRpcTime:5192ms, electionTimeout:5192ms
2019-10-01 06:23:05,450 [Thread-2408] INFO  impl.RoleInfo (RoleInfo.java:shutdownFollowerState(121)) - 33dfb9e4-5af7-48c0-aed2-49a098141a6c: shutdown FollowerState
2019-10-01 06:23:05,450 [Thread-2408] INFO  impl.RaftServerImpl (RaftServerImpl.java:setRole(170)) - 33dfb9e4-5af7-48c0-aed2-49a098141a6c@group-DF7814A3CEC0: changes role from  FOLLOWER to CANDIDATE at term 0 for changeToCandidate
2019-10-01 06:23:05,450 [Thread-2408] INFO  impl.RoleInfo (RoleInfo.java:updateAndGet(143)) - 33dfb9e4-5af7-48c0-aed2-49a098141a6c: start LeaderElection
2019-10-01 06:23:05,473 [12b52986-f812-4a0e-b5ca-19605aac5ce5@group-DF7814A3CEC0-LeaderElection91] INFO  impl.LeaderElection (LeaderElection.java:askForVotes(178)) - 12b52986-f812-4a0e-b5ca-19605aac5ce5@group-DF7814A3CEC0-LeaderElection91: begin an election at term 1 for -1: [b13a3cc5-7860-43cb-88ea-b527511dabf1:192.168.30.6:44781, 12b52986-f812-4a0e-b5ca-19605aac5ce5:192.168.30.6:35515, 33dfb9e4-5af7-48c0-aed2-49a098141a6c:192.168.30.6:41425], old=null
2019-10-01 06:23:05,476 [12b52986-f812-4a0e-b5ca-19605aac5ce5@group-DF7814A3CEC0-LeaderElection91] INFO  impl.LeaderElection (LogUtils.java:infoOrTrace(149)) - 12b52986-f812-4a0e-b5ca-19605aac5ce5@group-DF7814A3CEC0-LeaderElection91 got exception when requesting votes: {}
java.util.concurrent.ExecutionException: org.apache.ratis.thirdparty.io.grpc.StatusRuntimeException: UNAVAILABLE: io exception
	at java.util.concurrent.FutureTask.report(FutureTask.java:122)
	at java.util.concurrent.FutureTask.get(FutureTask.java:192)
	at org.apache.ratis.server.impl.LeaderElection.waitForResults(LeaderElection.java:259)
	at org.apache.ratis.server.impl.LeaderElection.askForVotes(LeaderElection.java:197)
	at org.apache.ratis.server.impl.LeaderElection.run(LeaderElection.java:133)
	at java.lang.Thread.run(Thread.java:748)
Caused by: org.apache.ratis.thirdparty.io.grpc.StatusRuntimeException: UNAVAILABLE: io exception
	at org.apache.ratis.thirdparty.io.grpc.stub.ClientCalls.toStatusRuntimeException(ClientCalls.java:233)
	at org.apache.ratis.thirdparty.io.grpc.stub.ClientCalls.getUnchecked(ClientCalls.java:214)
	at org.apache.ratis.thirdparty.io.grpc.stub.ClientCalls.blockingUnaryCall(ClientCalls.java:139)
	at org.apache.ratis.proto.grpc.RaftServerProtocolServiceGrpc$RaftServerProtocolServiceBlockingStub.requestVote(RaftServerProtocolServiceGrpc.java:265)
	at org.apache.ratis.grpc.server.GrpcServerProtocolClient.requestVote(GrpcServerProtocolClient.java:99)
	at org.apache.ratis.grpc.server.GrpcService.requestVote(GrpcService.java:204)
	at org.apache.ratis.server.impl.LeaderElection.lambda$submitRequests$1(LeaderElection.java:234)
	at java.util.concurrent.FutureTask.run(FutureTask.java:266)
	at java.util.concurrent.Executors$RunnableAdapter.call(Executors.java:511)
	at java.util.concurrent.FutureTask.run(FutureTask.java:266)
	at java.util.concurrent.ThreadPoolExecutor.runWorker(ThreadPoolExecutor.java:1149)
	at java.util.concurrent.ThreadPoolExecutor$Worker.run(ThreadPoolExecutor.java:624)
	... 1 more
Caused by: org.apache.ratis.thirdparty.io.netty.channel.AbstractChannel$AnnotatedConnectException: Connection refused: /192.168.30.6:44781
	at sun.nio.ch.SocketChannelImpl.checkConnect(Native Method)
	at sun.nio.ch.SocketChannelImpl.finishConnect(SocketChannelImpl.java:717)
	at org.apache.ratis.thirdparty.io.netty.channel.socket.nio.NioSocketChannel.doFinishConnect(NioSocketChannel.java:327)
	at org.apache.ratis.thirdparty.io.netty.channel.nio.AbstractNioChannel$AbstractNioUnsafe.finishConnect(AbstractNioChannel.java:340)
	at org.apache.ratis.thirdparty.io.netty.channel.nio.NioEventLoop.processSelectedKey(NioEventLoop.java:632)
	at org.apache.ratis.thirdparty.io.netty.channel.nio.NioEventLoop.processSelectedKeysOptimized(NioEventLoop.java:579)
	at org.apache.ratis.thirdparty.io.netty.channel.nio.NioEventLoop.processSelectedKeys(NioEventLoop.java:496)
	at org.apache.ratis.thirdparty.io.netty.channel.nio.NioEventLoop.run(NioEventLoop.java:458)
	at org.apache.ratis.thirdparty.io.netty.util.concurrent.SingleThreadEventExecutor$5.run(SingleThreadEventExecutor.java:897)
	at org.apache.ratis.thirdparty.io.netty.util.concurrent.FastThreadLocalRunnable.run(FastThreadLocalRunnable.java:30)
	... 1 more
Caused by: java.net.ConnectException: Connection refused
	... 11 more
2019-10-01 06:23:05,487 [33dfb9e4-5af7-48c0-aed2-49a098141a6c@group-DF7814A3CEC0-LeaderElection92] INFO  impl.LeaderElection (LeaderElection.java:askForVotes(178)) - 33dfb9e4-5af7-48c0-aed2-49a098141a6c@group-DF7814A3CEC0-LeaderElection92: begin an election at term 1 for -1: [b13a3cc5-7860-43cb-88ea-b527511dabf1:192.168.30.6:44781, 12b52986-f812-4a0e-b5ca-19605aac5ce5:192.168.30.6:35515, 33dfb9e4-5af7-48c0-aed2-49a098141a6c:192.168.30.6:41425], old=null
2019-10-01 06:23:05,489 [12b52986-f812-4a0e-b5ca-19605aac5ce5@group-DF7814A3CEC0-LeaderElection91] INFO  impl.LeaderElection (LeaderElection.java:logAndReturn(56)) - 12b52986-f812-4a0e-b5ca-19605aac5ce5@group-DF7814A3CEC0-LeaderElection91: Election REJECTED; received 1 response(s) [12b52986-f812-4a0e-b5ca-19605aac5ce5<-33dfb9e4-5af7-48c0-aed2-49a098141a6c#0:FAIL-t1] and 1 exception(s); 12b52986-f812-4a0e-b5ca-19605aac5ce5@group-DF7814A3CEC0:t1, leader=null, voted=12b52986-f812-4a0e-b5ca-19605aac5ce5, raftlog=12b52986-f812-4a0e-b5ca-19605aac5ce5@group-DF7814A3CEC0-SegmentedRaftLog:OPENED:c-1,f-1,i0, conf=-1: [b13a3cc5-7860-43cb-88ea-b527511dabf1:192.168.30.6:44781, 12b52986-f812-4a0e-b5ca-19605aac5ce5:192.168.30.6:35515, 33dfb9e4-5af7-48c0-aed2-49a098141a6c:192.168.30.6:41425], old=null
2019-10-01 06:23:05,489 [12b52986-f812-4a0e-b5ca-19605aac5ce5@group-DF7814A3CEC0-LeaderElection91] INFO  impl.LeaderElection (LogUtils.java:infoOrTrace(149)) -   Exception 0: {}
java.util.concurrent.ExecutionException: org.apache.ratis.thirdparty.io.grpc.StatusRuntimeException: UNAVAILABLE: io exception
	at java.util.concurrent.FutureTask.report(FutureTask.java:122)
	at java.util.concurrent.FutureTask.get(FutureTask.java:192)
	at org.apache.ratis.server.impl.LeaderElection.waitForResults(LeaderElection.java:259)
	at org.apache.ratis.server.impl.LeaderElection.askForVotes(LeaderElection.java:197)
	at org.apache.ratis.server.impl.LeaderElection.run(LeaderElection.java:133)
	at java.lang.Thread.run(Thread.java:748)
Caused by: org.apache.ratis.thirdparty.io.grpc.StatusRuntimeException: UNAVAILABLE: io exception
	at org.apache.ratis.thirdparty.io.grpc.stub.ClientCalls.toStatusRuntimeException(ClientCalls.java:233)
	at org.apache.ratis.thirdparty.io.grpc.stub.ClientCalls.getUnchecked(ClientCalls.java:214)
	at org.apache.ratis.thirdparty.io.grpc.stub.ClientCalls.blockingUnaryCall(ClientCalls.java:139)
	at org.apache.ratis.proto.grpc.RaftServerProtocolServiceGrpc$RaftServerProtocolServiceBlockingStub.requestVote(RaftServerProtocolServiceGrpc.java:265)
	at org.apache.ratis.grpc.server.GrpcServerProtocolClient.requestVote(GrpcServerProtocolClient.java:99)
	at org.apache.ratis.grpc.server.GrpcService.requestVote(GrpcService.java:204)
	at org.apache.ratis.server.impl.LeaderElection.lambda$submitRequests$1(LeaderElection.java:234)
	at java.util.concurrent.FutureTask.run(FutureTask.java:266)
	at java.util.concurrent.Executors$RunnableAdapter.call(Executors.java:511)
	at java.util.concurrent.FutureTask.run(FutureTask.java:266)
	at java.util.concurrent.ThreadPoolExecutor.runWorker(ThreadPoolExecutor.java:1149)
	at java.util.concurrent.ThreadPoolExecutor$Worker.run(ThreadPoolExecutor.java:624)
	... 1 more
Caused by: org.apache.ratis.thirdparty.io.netty.channel.AbstractChannel$AnnotatedConnectException: Connection refused: /192.168.30.6:44781
	at sun.nio.ch.SocketChannelImpl.checkConnect(Native Method)
	at sun.nio.ch.SocketChannelImpl.finishConnect(SocketChannelImpl.java:717)
	at org.apache.ratis.thirdparty.io.netty.channel.socket.nio.NioSocketChannel.doFinishConnect(NioSocketChannel.java:327)
	at org.apache.ratis.thirdparty.io.netty.channel.nio.AbstractNioChannel$AbstractNioUnsafe.finishConnect(AbstractNioChannel.java:340)
	at org.apache.ratis.thirdparty.io.netty.channel.nio.NioEventLoop.processSelectedKey(NioEventLoop.java:632)
	at org.apache.ratis.thirdparty.io.netty.channel.nio.NioEventLoop.processSelectedKeysOptimized(NioEventLoop.java:579)
	at org.apache.ratis.thirdparty.io.netty.channel.nio.NioEventLoop.processSelectedKeys(NioEventLoop.java:496)
	at org.apache.ratis.thirdparty.io.netty.channel.nio.NioEventLoop.run(NioEventLoop.java:458)
	at org.apache.ratis.thirdparty.io.netty.util.concurrent.SingleThreadEventExecutor$5.run(SingleThreadEventExecutor.java:897)
	at org.apache.ratis.thirdparty.io.netty.util.concurrent.FastThreadLocalRunnable.run(FastThreadLocalRunnable.java:30)
	... 1 more
Caused by: java.net.ConnectException: Connection refused
	... 11 more
2019-10-01 06:23:05,489 [12b52986-f812-4a0e-b5ca-19605aac5ce5@group-DF7814A3CEC0-LeaderElection91] INFO  impl.RaftServerImpl (RaftServerImpl.java:setRole(170)) - 12b52986-f812-4a0e-b5ca-19605aac5ce5@group-DF7814A3CEC0: changes role from CANDIDATE to FOLLOWER at term 1 for DISCOVERED_A_NEW_TERM
2019-10-01 06:23:05,491 [12b52986-f812-4a0e-b5ca-19605aac5ce5@group-DF7814A3CEC0-LeaderElection91] INFO  impl.RoleInfo (RoleInfo.java:shutdownLeaderElection(134)) - 12b52986-f812-4a0e-b5ca-19605aac5ce5: shutdown LeaderElection
2019-10-01 06:23:05,491 [12b52986-f812-4a0e-b5ca-19605aac5ce5@group-DF7814A3CEC0-LeaderElection91] INFO  impl.RoleInfo (RoleInfo.java:updateAndGet(143)) - 12b52986-f812-4a0e-b5ca-19605aac5ce5: start FollowerState
2019-10-01 06:23:05,489 [33dfb9e4-5af7-48c0-aed2-49a098141a6c@group-DF7814A3CEC0-LeaderElection92] INFO  impl.LeaderElection (LogUtils.java:infoOrTrace(149)) - 33dfb9e4-5af7-48c0-aed2-49a098141a6c@group-DF7814A3CEC0-LeaderElection92 got exception when requesting votes: {}
java.util.concurrent.ExecutionException: org.apache.ratis.thirdparty.io.grpc.StatusRuntimeException: UNAVAILABLE: io exception
	at java.util.concurrent.FutureTask.report(FutureTask.java:122)
	at java.util.concurrent.FutureTask.get(FutureTask.java:192)
	at org.apache.ratis.server.impl.LeaderElection.waitForResults(LeaderElection.java:259)
	at org.apache.ratis.server.impl.LeaderElection.askForVotes(LeaderElection.java:197)
	at org.apache.ratis.server.impl.LeaderElection.run(LeaderElection.java:133)
	at java.lang.Thread.run(Thread.java:748)
Caused by: org.apache.ratis.thirdparty.io.grpc.StatusRuntimeException: UNAVAILABLE: io exception
	at org.apache.ratis.thirdparty.io.grpc.stub.ClientCalls.toStatusRuntimeException(ClientCalls.java:233)
	at org.apache.ratis.thirdparty.io.grpc.stub.ClientCalls.getUnchecked(ClientCalls.java:214)
	at org.apache.ratis.thirdparty.io.grpc.stub.ClientCalls.blockingUnaryCall(ClientCalls.java:139)
	at org.apache.ratis.proto.grpc.RaftServerProtocolServiceGrpc$RaftServerProtocolServiceBlockingStub.requestVote(RaftServerProtocolServiceGrpc.java:265)
	at org.apache.ratis.grpc.server.GrpcServerProtocolClient.requestVote(GrpcServerProtocolClient.java:99)
	at org.apache.ratis.grpc.server.GrpcService.requestVote(GrpcService.java:204)
	at org.apache.ratis.server.impl.LeaderElection.lambda$submitRequests$1(LeaderElection.java:234)
	at java.util.concurrent.FutureTask.run(FutureTask.java:266)
	at java.util.concurrent.Executors$RunnableAdapter.call(Executors.java:511)
	at java.util.concurrent.FutureTask.run(FutureTask.java:266)
	at java.util.concurrent.ThreadPoolExecutor.runWorker(ThreadPoolExecutor.java:1149)
	at java.util.concurrent.ThreadPoolExecutor$Worker.run(ThreadPoolExecutor.java:624)
	... 1 more
Caused by: org.apache.ratis.thirdparty.io.netty.channel.AbstractChannel$AnnotatedConnectException: Connection refused: /192.168.30.6:44781
	at sun.nio.ch.SocketChannelImpl.checkConnect(Native Method)
	at sun.nio.ch.SocketChannelImpl.finishConnect(SocketChannelImpl.java:717)
	at org.apache.ratis.thirdparty.io.netty.channel.socket.nio.NioSocketChannel.doFinishConnect(NioSocketChannel.java:327)
	at org.apache.ratis.thirdparty.io.netty.channel.nio.AbstractNioChannel$AbstractNioUnsafe.finishConnect(AbstractNioChannel.java:340)
	at org.apache.ratis.thirdparty.io.netty.channel.nio.NioEventLoop.processSelectedKey(NioEventLoop.java:632)
	at org.apache.ratis.thirdparty.io.netty.channel.nio.NioEventLoop.processSelectedKeysOptimized(NioEventLoop.java:579)
	at org.apache.ratis.thirdparty.io.netty.channel.nio.NioEventLoop.processSelectedKeys(NioEventLoop.java:496)
	at org.apache.ratis.thirdparty.io.netty.channel.nio.NioEventLoop.run(NioEventLoop.java:458)
	at org.apache.ratis.thirdparty.io.netty.util.concurrent.SingleThreadEventExecutor$5.run(SingleThreadEventExecutor.java:897)
	at org.apache.ratis.thirdparty.io.netty.util.concurrent.FastThreadLocalRunnable.run(FastThreadLocalRunnable.java:30)
	... 1 more
Caused by: java.net.ConnectException: Connection refused
	... 11 more
2019-10-01 06:23:05,501 [33dfb9e4-5af7-48c0-aed2-49a098141a6c@group-DF7814A3CEC0-LeaderElection92] INFO  impl.LeaderElection (LeaderElection.java:logAndReturn(56)) - 33dfb9e4-5af7-48c0-aed2-49a098141a6c@group-DF7814A3CEC0-LeaderElection92: Election REJECTED; received 1 response(s) [33dfb9e4-5af7-48c0-aed2-49a098141a6c<-12b52986-f812-4a0e-b5ca-19605aac5ce5#0:FAIL-t1] and 1 exception(s); 33dfb9e4-5af7-48c0-aed2-49a098141a6c@group-DF7814A3CEC0:t1, leader=null, voted=33dfb9e4-5af7-48c0-aed2-49a098141a6c, raftlog=33dfb9e4-5af7-48c0-aed2-49a098141a6c@group-DF7814A3CEC0-SegmentedRaftLog:OPENED:c-1,f-1,i0, conf=-1: [b13a3cc5-7860-43cb-88ea-b527511dabf1:192.168.30.6:44781, 12b52986-f812-4a0e-b5ca-19605aac5ce5:192.168.30.6:35515, 33dfb9e4-5af7-48c0-aed2-49a098141a6c:192.168.30.6:41425], old=null
2019-10-01 06:23:05,501 [33dfb9e4-5af7-48c0-aed2-49a098141a6c@group-DF7814A3CEC0-LeaderElection92] INFO  impl.LeaderElection (LogUtils.java:infoOrTrace(149)) -   Exception 0: {}
java.util.concurrent.ExecutionException: org.apache.ratis.thirdparty.io.grpc.StatusRuntimeException: UNAVAILABLE: io exception
	at java.util.concurrent.FutureTask.report(FutureTask.java:122)
	at java.util.concurrent.FutureTask.get(FutureTask.java:192)
	at org.apache.ratis.server.impl.LeaderElection.waitForResults(LeaderElection.java:259)
	at org.apache.ratis.server.impl.LeaderElection.askForVotes(LeaderElection.java:197)
	at org.apache.ratis.server.impl.LeaderElection.run(LeaderElection.java:133)
	at java.lang.Thread.run(Thread.java:748)
Caused by: org.apache.ratis.thirdparty.io.grpc.StatusRuntimeException: UNAVAILABLE: io exception
	at org.apache.ratis.thirdparty.io.grpc.stub.ClientCalls.toStatusRuntimeException(ClientCalls.java:233)
	at org.apache.ratis.thirdparty.io.grpc.stub.ClientCalls.getUnchecked(ClientCalls.java:214)
	at org.apache.ratis.thirdparty.io.grpc.stub.ClientCalls.blockingUnaryCall(ClientCalls.java:139)
	at org.apache.ratis.proto.grpc.RaftServerProtocolServiceGrpc$RaftServerProtocolServiceBlockingStub.requestVote(RaftServerProtocolServiceGrpc.java:265)
	at org.apache.ratis.grpc.server.GrpcServerProtocolClient.requestVote(GrpcServerProtocolClient.java:99)
	at org.apache.ratis.grpc.server.GrpcService.requestVote(GrpcService.java:204)
	at org.apache.ratis.server.impl.LeaderElection.lambda$submitRequests$1(LeaderElection.java:234)
	at java.util.concurrent.FutureTask.run(FutureTask.java:266)
	at java.util.concurrent.Executors$RunnableAdapter.call(Executors.java:511)
	at java.util.concurrent.FutureTask.run(FutureTask.java:266)
	at java.util.concurrent.ThreadPoolExecutor.runWorker(ThreadPoolExecutor.java:1149)
	at java.util.concurrent.ThreadPoolExecutor$Worker.run(ThreadPoolExecutor.java:624)
	... 1 more
Caused by: org.apache.ratis.thirdparty.io.netty.channel.AbstractChannel$AnnotatedConnectException: Connection refused: /192.168.30.6:44781
	at sun.nio.ch.SocketChannelImpl.checkConnect(Native Method)
	at sun.nio.ch.SocketChannelImpl.finishConnect(SocketChannelImpl.java:717)
	at org.apache.ratis.thirdparty.io.netty.channel.socket.nio.NioSocketChannel.doFinishConnect(NioSocketChannel.java:327)
	at org.apache.ratis.thirdparty.io.netty.channel.nio.AbstractNioChannel$AbstractNioUnsafe.finishConnect(AbstractNioChannel.java:340)
	at org.apache.ratis.thirdparty.io.netty.channel.nio.NioEventLoop.processSelectedKey(NioEventLoop.java:632)
	at org.apache.ratis.thirdparty.io.netty.channel.nio.NioEventLoop.processSelectedKeysOptimized(NioEventLoop.java:579)
	at org.apache.ratis.thirdparty.io.netty.channel.nio.NioEventLoop.processSelectedKeys(NioEventLoop.java:496)
	at org.apache.ratis.thirdparty.io.netty.channel.nio.NioEventLoop.run(NioEventLoop.java:458)
	at org.apache.ratis.thirdparty.io.netty.util.concurrent.SingleThreadEventExecutor$5.run(SingleThreadEventExecutor.java:897)
	at org.apache.ratis.thirdparty.io.netty.util.concurrent.FastThreadLocalRunnable.run(FastThreadLocalRunnable.java:30)
	... 1 more
Caused by: java.net.ConnectException: Connection refused
	... 11 more
2019-10-01 06:23:05,501 [33dfb9e4-5af7-48c0-aed2-49a098141a6c@group-DF7814A3CEC0-LeaderElection92] INFO  impl.RaftServerImpl (RaftServerImpl.java:setRole(170)) - 33dfb9e4-5af7-48c0-aed2-49a098141a6c@group-DF7814A3CEC0: changes role from CANDIDATE to FOLLOWER at term 1 for DISCOVERED_A_NEW_TERM
2019-10-01 06:23:05,502 [33dfb9e4-5af7-48c0-aed2-49a098141a6c@group-DF7814A3CEC0-LeaderElection92] INFO  impl.RoleInfo (RoleInfo.java:shutdownLeaderElection(134)) - 33dfb9e4-5af7-48c0-aed2-49a098141a6c: shutdown LeaderElection
2019-10-01 06:23:05,502 [33dfb9e4-5af7-48c0-aed2-49a098141a6c@group-DF7814A3CEC0-LeaderElection92] INFO  impl.RoleInfo (RoleInfo.java:updateAndGet(143)) - 33dfb9e4-5af7-48c0-aed2-49a098141a6c: start FollowerState
2019-10-01 06:23:05,563 [Thread-2517] INFO  client.GrpcClientProtocolService (GrpcClientProtocolService.java:lambda$processClientRequest$0(278)) - Failed RaftClientRequest:client-3187BC20E0BA->33dfb9e4-5af7-48c0-aed2-49a098141a6c@group-3AEA3A3A61FF, cid=67, seq=0, Watch-MAJORITY_COMMITTED(56), Message:<EMPTY>, reply=RaftClientReply:client-3187BC20E0BA->33dfb9e4-5af7-48c0-aed2-49a098141a6c@group-3AEA3A3A61FF, cid=67, FAILED org.apache.ratis.protocol.NotReplicatedException: Request with call Id 67 and log index 56 is not yet replicated to MAJORITY_COMMITTED, logIndex=56, commits[33dfb9e4-5af7-48c0-aed2-49a098141a6c:c2, 25f8cd60-600d-4c27-9835-e918e1f0a30b:c2, b13a3cc5-7860-43cb-88ea-b527511dabf1:c2]
2019-10-01 06:23:05,923 [EventQueue-StaleNodeForStaleNodeHandler] INFO  node.StaleNodeHandler (StaleNodeHandler.java:onMessage(58)) - Datanode b13a3cc5-7860-43cb-88ea-b527511dabf1{ip: 192.168.30.6, host: trunk-nightly-20191001-qpwks-271313263, networkLocation: /default-rack, certSerialId: null} moved to stale state. Finalizing its pipelines [PipelineID=5b3856cf-a0e6-47c5-8e07-269c1cd02a6f, PipelineID=fed2a675-0c8a-4eed-922b-3aea3a3a61ff]
2019-10-01 06:23:05,923 [EventQueue-StaleNodeForStaleNodeHandler] INFO  pipeline.SCMPipelineManager (SCMPipelineManager.java:finalizeAndDestroyPipeline(315)) - destroying pipeline:Pipeline[ Id: 5b3856cf-a0e6-47c5-8e07-269c1cd02a6f, Nodes: b13a3cc5-7860-43cb-88ea-b527511dabf1{ip: 192.168.30.6, host: trunk-nightly-20191001-qpwks-271313263, networkLocation: /default-rack, certSerialId: null}, Type:RATIS, Factor:ONE, State:OPEN]
2019-10-01 06:23:05,923 [EventQueue-StaleNodeForStaleNodeHandler] INFO  pipeline.PipelineStateManager (PipelineStateManager.java:finalizePipeline(123)) - Pipeline Pipeline[ Id: 5b3856cf-a0e6-47c5-8e07-269c1cd02a6f, Nodes: b13a3cc5-7860-43cb-88ea-b527511dabf1{ip: 192.168.30.6, host: trunk-nightly-20191001-qpwks-271313263, networkLocation: /default-rack, certSerialId: null}, Type:RATIS, Factor:ONE, State:CLOSED] moved to CLOSED state
2019-10-01 06:23:05,923 [EventQueue-StaleNodeForStaleNodeHandler] INFO  pipeline.SCMPipelineManager (SCMPipelineManager.java:finalizeAndDestroyPipeline(315)) - destroying pipeline:Pipeline[ Id: fed2a675-0c8a-4eed-922b-3aea3a3a61ff, Nodes: 25f8cd60-600d-4c27-9835-e918e1f0a30b{ip: 192.168.30.6, host: trunk-nightly-20191001-qpwks-271313263, networkLocation: /default-rack, certSerialId: null}b13a3cc5-7860-43cb-88ea-b527511dabf1{ip: 192.168.30.6, host: trunk-nightly-20191001-qpwks-271313263, networkLocation: /default-rack, certSerialId: null}33dfb9e4-5af7-48c0-aed2-49a098141a6c{ip: 192.168.30.6, host: trunk-nightly-20191001-qpwks-271313263, networkLocation: /default-rack, certSerialId: null}, Type:RATIS, Factor:THREE, State:CLOSED]
2019-10-01 06:23:06,109 [main] INFO  ipc.CallQueueManager (CallQueueManager.java:<init>(84)) - Using callQueue: class java.util.concurrent.LinkedBlockingQueue, queueCapacity: 2000, scheduler: class org.apache.hadoop.ipc.DefaultRpcScheduler, ipcBackoff: false.
2019-10-01 06:23:06,113 [Socket Reader #1 for port 34049] INFO  ipc.Server (Server.java:run(1074)) - Starting Socket Reader #1 for port 34049
2019-10-01 06:23:06,138 [main] INFO  om.OzoneManager (OzoneManager.java:start(1243)) - OzoneManager RPC server is listening at localhost/127.0.0.1:34049
2019-10-01 06:23:06,139 [main] INFO  impl.MetricsSystemImpl (MetricsSystemImpl.java:init(158)) - OzoneManager metrics system started (again)
2019-10-01 06:23:06,139 [IPC Server Responder] INFO  ipc.Server (Server.java:run(1314)) - IPC Server Responder: starting
2019-10-01 06:23:06,145 [IPC Server listener on 34049] INFO  ipc.Server (Server.java:run(1153)) - IPC Server listener on 34049: starting
2019-10-01 06:23:06,155 [main] INFO  hdfs.DFSUtil (DFSUtil.java:httpServerTemplateForNNAndJN(1641)) - Starting Web-server for ozoneManager at: http://0.0.0.0:0
2019-10-01 06:23:06,157 [main] INFO  server.AuthenticationFilter (AuthenticationFilter.java:constructSecretProvider(240)) - Unable to initialize FileSignerSecretProvider, falling back to use random secrets.
2019-10-01 06:23:06,157 [main] WARN  http.HttpRequestLog (HttpRequestLog.java:getRequestLog(97)) - Jetty request log can only be enabled using Log4j
2019-10-01 06:23:06,159 [main] INFO  http.HttpServer2 (HttpServer2.java:addGlobalFilter(975)) - Added global filter 'safety' (class=org.apache.hadoop.http.HttpServer2$QuotingInputFilter)
2019-10-01 06:23:06,159 [main] INFO  http.HttpServer2 (HttpServer2.java:addFilter(948)) - Added filter static_user_filter (class=org.apache.hadoop.http.lib.StaticUserWebFilter$StaticUserFilter) to context ozoneManager
2019-10-01 06:23:06,159 [main] INFO  http.HttpServer2 (HttpServer2.java:addFilter(958)) - Added filter static_user_filter (class=org.apache.hadoop.http.lib.StaticUserWebFilter$StaticUserFilter) to context static
2019-10-01 06:23:06,159 [main] INFO  http.HttpServer2 (HttpServer2.java:addFilter(958)) - Added filter static_user_filter (class=org.apache.hadoop.http.lib.StaticUserWebFilter$StaticUserFilter) to context logs
2019-10-01 06:23:06,160 [main] INFO  http.HttpServer2 (HttpServer2.java:bindListener(1191)) - Jetty bound to port 43816
2019-10-01 06:23:06,160 [main] INFO  server.Server (Server.java:doStart(351)) - jetty-9.3.25.v20180904, build timestamp: 2018-09-04T21:11:46Z, git hash: 3ce520221d0240229c862b122d2b06c12a625732
2019-10-01 06:23:06,162 [main] INFO  handler.ContextHandler (ContextHandler.java:doStart(781)) - Started o.e.j.s.ServletContextHandler@3d3c886f{/logs,file:///workdir/hadoop-ozone/integration-test/target/log,AVAILABLE}
2019-10-01 06:23:06,162 [main] INFO  handler.ContextHandler (ContextHandler.java:doStart(781)) - Started o.e.j.s.ServletContextHandler@666618d6{/static,file:///workdir/hadoop-ozone/integration-test/target/test-classes/webapps/static,AVAILABLE}
2019-10-01 06:23:06,166 [main] INFO  handler.ContextHandler (ContextHandler.java:doStart(781)) - Started o.e.j.w.WebAppContext@29d25e65{/,file:///workdir/hadoop-ozone/integration-test/target/test-classes/webapps/ozoneManager/,AVAILABLE}{/ozoneManager}
2019-10-01 06:23:06,166 [main] INFO  server.AbstractConnector (AbstractConnector.java:doStart(278)) - Started ServerConnector@19b75b2b{HTTP/1.1,[http/1.1]}{0.0.0.0:43816}
2019-10-01 06:23:06,171 [main] INFO  server.Server (Server.java:doStart(419)) - Started @256494ms
2019-10-01 06:23:06,171 [main] WARN  impl.MetricsSystemImpl (MetricsSystemImpl.java:register(276)) - Sink prometheus already exists!
2019-10-01 06:23:06,172 [main] INFO  server.BaseHttpServer (BaseHttpServer.java:updateConnectorAddress(215)) - HTTP server of OZONEMANAGER is listening at http://0.0.0.0:43816
2019-10-01 06:23:06,184 [main] INFO  impl.MetricsSystemImpl (MetricsSystemImpl.java:init(158)) - HddsDatanode metrics system started (again)
2019-10-01 06:23:06,239 [main] INFO  ozone.HddsDatanodeService (HddsDatanodeService.java:start(184)) - HddsDatanodeService host:trunk-nightly-20191001-qpwks-271313263 ip:192.168.30.6
2019-10-01 06:23:06,255 [main] INFO  volume.HddsVolume (HddsVolume.java:<init>(176)) - Creating Volume: /workdir/hadoop-ozone/integration-test/target/test-dir/MiniOzoneClusterImpl-7b9204ab-7931-4724-b6ae-3e28cc8e7013/datanode-0/data/containers/hdds of  storage type : DISK and capacity : 1482555576320
2019-10-01 06:23:06,255 [main] INFO  volume.VolumeSet (VolumeSet.java:initializeVolumeSet(170)) - Added Volume : /workdir/hadoop-ozone/integration-test/target/test-dir/MiniOzoneClusterImpl-7b9204ab-7931-4724-b6ae-3e28cc8e7013/datanode-0/data/containers/hdds to VolumeSet
2019-10-01 06:23:06,255 [main] INFO  volume.ThrottledAsyncChecker (ThrottledAsyncChecker.java:schedule(139)) - Scheduling a check for org.apache.hadoop.ozone.container.common.volume.HddsVolume@615efd1c
2019-10-01 06:23:06,260 [main] INFO  volume.HddsVolumeChecker (HddsVolumeChecker.java:checkAllVolumes(202)) - Scheduled health check for volume org.apache.hadoop.ozone.container.common.volume.HddsVolume@615efd1c
2019-10-01 06:23:06,272 [main] INFO  impl.RaftServerProxy (ConfUtils.java:logGet(43)) - raft.rpc.type = GRPC (default)
2019-10-01 06:23:06,273 [main] INFO  grpc.GrpcFactory (GrpcFactory.java:checkPooledByteBufAllocatorUseCacheForAllThreads(45)) - PERFORMANCE WARNING: useCacheForAllThreads is true that may cause Netty to create a lot garbage objects and, as a result, trigger GC.
	It is recommended to disable useCacheForAllThreads by setting -Dorg.apache.ratis.thirdparty.io.netty.allocator.useCacheForAllThreads=false in command line.
2019-10-01 06:23:06,273 [main] INFO  grpc.GrpcConfigKeys$Server (ConfUtils.java:logGet(43)) - raft.grpc.server.port = 0 (default)
2019-10-01 06:23:06,273 [main] INFO  server.GrpcService (ConfUtils.java:logGet(43)) - raft.grpc.message.size.max = 33570816 (custom)
2019-10-01 06:23:06,273 [main] INFO  server.RaftServerConfigKeys (ConfUtils.java:logGet(43)) - raft.server.log.appender.buffer.byte-limit = 33554432 (custom)
2019-10-01 06:23:06,273 [main] INFO  server.GrpcService (ConfUtils.java:logGet(43)) - raft.grpc.flow.control.window = 1MB (=1048576) (default)
2019-10-01 06:23:06,274 [main] INFO  server.RaftServerConfigKeys (ConfUtils.java:logGet(43)) - raft.server.rpc.request.timeout = 3000ms (default)
2019-10-01 06:23:06,274 [main] INFO  server.RaftServerConfigKeys (ConfUtils.java:logGet(43)) - raft.server.storage.dir = [/workdir/hadoop-ozone/integration-test/target/test-dir/MiniOzoneClusterImpl-7b9204ab-7931-4724-b6ae-3e28cc8e7013/datanode-0/data/ratis] (custom)
2019-10-01 06:23:06,276 [main] INFO  hdfs.DFSUtil (DFSUtil.java:httpServerTemplateForNNAndJN(1641)) - Starting Web-server for hddsDatanode at: http://0.0.0.0:0
2019-10-01 06:23:06,277 [main] INFO  server.AuthenticationFilter (AuthenticationFilter.java:constructSecretProvider(240)) - Unable to initialize FileSignerSecretProvider, falling back to use random secrets.
2019-10-01 06:23:06,277 [main] WARN  http.HttpRequestLog (HttpRequestLog.java:getRequestLog(97)) - Jetty request log can only be enabled using Log4j
2019-10-01 06:23:06,278 [main] INFO  http.HttpServer2 (HttpServer2.java:addGlobalFilter(975)) - Added global filter 'safety' (class=org.apache.hadoop.http.HttpServer2$QuotingInputFilter)
2019-10-01 06:23:06,279 [main] INFO  http.HttpServer2 (HttpServer2.java:addFilter(948)) - Added filter static_user_filter (class=org.apache.hadoop.http.lib.StaticUserWebFilter$StaticUserFilter) to context hddsDatanode
2019-10-01 06:23:06,279 [main] INFO  http.HttpServer2 (HttpServer2.java:addFilter(958)) - Added filter static_user_filter (class=org.apache.hadoop.http.lib.StaticUserWebFilter$StaticUserFilter) to context logs
2019-10-01 06:23:06,279 [main] INFO  http.HttpServer2 (HttpServer2.java:addFilter(958)) - Added filter static_user_filter (class=org.apache.hadoop.http.lib.StaticUserWebFilter$StaticUserFilter) to context static
2019-10-01 06:23:06,280 [main] INFO  http.HttpServer2 (HttpServer2.java:bindListener(1191)) - Jetty bound to port 43962
2019-10-01 06:23:06,280 [main] INFO  server.Server (Server.java:doStart(351)) - jetty-9.3.25.v20180904, build timestamp: 2018-09-04T21:11:46Z, git hash: 3ce520221d0240229c862b122d2b06c12a625732
2019-10-01 06:23:06,282 [main] INFO  handler.ContextHandler (ContextHandler.java:doStart(781)) - Started o.e.j.s.ServletContextHandler@492521c4{/logs,file:///workdir/hadoop-ozone/integration-test/target/log,AVAILABLE}
2019-10-01 06:23:06,282 [main] INFO  handler.ContextHandler (ContextHandler.java:doStart(781)) - Started o.e.j.s.ServletContextHandler@6ddd1c51{/static,jar:file:/home/user/.m2/repository/org/apache/hadoop/hadoop-hdds-container-service/0.5.0-SNAPSHOT/hadoop-hdds-container-service-0.5.0-SNAPSHOT.jar!/webapps/static,AVAILABLE}
2019-10-01 06:23:06,308 [main] INFO  handler.ContextHandler (ContextHandler.java:doStart(781)) - Started o.e.j.w.WebAppContext@62cbc478{/,file:///tmp/jetty-0.0.0.0-43962-hddsDatanode-_-any-6990964607554431251.dir/webapp/,AVAILABLE}{/hddsDatanode}
2019-10-01 06:23:06,308 [main] INFO  server.AbstractConnector (AbstractConnector.java:doStart(278)) - Started ServerConnector@5438fa43{HTTP/1.1,[http/1.1]}{0.0.0.0:43962}
2019-10-01 06:23:06,314 [main] INFO  server.Server (Server.java:doStart(419)) - Started @256637ms
2019-10-01 06:23:06,314 [main] WARN  impl.MetricsSystemImpl (MetricsSystemImpl.java:register(276)) - Sink prometheus already exists!
2019-10-01 06:23:06,315 [main] INFO  server.BaseHttpServer (BaseHttpServer.java:updateConnectorAddress(215)) - HTTP server of HDDSDATANODE is listening at http://0.0.0.0:43962
2019-10-01 06:23:06,315 [main] INFO  impl.MetricsSystemImpl (MetricsSystemImpl.java:init(158)) - HddsDatanode metrics system started (again)
2019-10-01 06:23:06,369 [org.apache.hadoop.util.JvmPauseMonitor$Monitor@689e31fe] INFO  util.JvmPauseMonitor (JvmPauseMonitor.java:run(188)) - Starting JVM pause monitor
2019-10-01 06:23:06,371 [Datanode State Machine Thread - 0] INFO  datanode.InitDatanodeState (InitDatanodeState.java:persistContainerDatanodeDetails(140)) - DatanodeDetails is persisted to /workdir/hadoop-ozone/integration-test/target/test-dir/MiniOzoneClusterImpl-7b9204ab-7931-4724-b6ae-3e28cc8e7013/datanode-0/meta/datanode.id
2019-10-01 06:23:06,371 [main] INFO  ozone.HddsDatanodeService (HddsDatanodeService.java:start(184)) - HddsDatanodeService host:trunk-nightly-20191001-qpwks-271313263 ip:192.168.30.6
2019-10-01 06:23:06,388 [main] INFO  volume.HddsVolume (HddsVolume.java:<init>(176)) - Creating Volume: /workdir/hadoop-ozone/integration-test/target/test-dir/MiniOzoneClusterImpl-7b9204ab-7931-4724-b6ae-3e28cc8e7013/datanode-1/data/containers/hdds of  storage type : DISK and capacity : 1482555576320
2019-10-01 06:23:06,388 [main] INFO  volume.VolumeSet (VolumeSet.java:initializeVolumeSet(170)) - Added Volume : /workdir/hadoop-ozone/integration-test/target/test-dir/MiniOzoneClusterImpl-7b9204ab-7931-4724-b6ae-3e28cc8e7013/datanode-1/data/containers/hdds to VolumeSet
2019-10-01 06:23:06,388 [main] INFO  volume.ThrottledAsyncChecker (ThrottledAsyncChecker.java:schedule(139)) - Scheduling a check for org.apache.hadoop.ozone.container.common.volume.HddsVolume@2ca54da9
2019-10-01 06:23:06,389 [main] INFO  volume.HddsVolumeChecker (HddsVolumeChecker.java:checkAllVolumes(202)) - Scheduled health check for volume org.apache.hadoop.ozone.container.common.volume.HddsVolume@2ca54da9
2019-10-01 06:23:06,416 [main] INFO  impl.RaftServerProxy (ConfUtils.java:logGet(43)) - raft.rpc.type = GRPC (default)
2019-10-01 06:23:06,416 [main] INFO  grpc.GrpcFactory (GrpcFactory.java:checkPooledByteBufAllocatorUseCacheForAllThreads(45)) - PERFORMANCE WARNING: useCacheForAllThreads is true that may cause Netty to create a lot garbage objects and, as a result, trigger GC.
	It is recommended to disable useCacheForAllThreads by setting -Dorg.apache.ratis.thirdparty.io.netty.allocator.useCacheForAllThreads=false in command line.
2019-10-01 06:23:06,416 [main] INFO  grpc.GrpcConfigKeys$Server (ConfUtils.java:logGet(43)) - raft.grpc.server.port = 0 (default)
2019-10-01 06:23:06,417 [main] INFO  server.GrpcService (ConfUtils.java:logGet(43)) - raft.grpc.message.size.max = 33570816 (custom)
2019-10-01 06:23:06,417 [main] INFO  server.RaftServerConfigKeys (ConfUtils.java:logGet(43)) - raft.server.log.appender.buffer.byte-limit = 33554432 (custom)
2019-10-01 06:23:06,417 [main] INFO  server.GrpcService (ConfUtils.java:logGet(43)) - raft.grpc.flow.control.window = 1MB (=1048576) (default)
2019-10-01 06:23:06,417 [main] INFO  server.RaftServerConfigKeys (ConfUtils.java:logGet(43)) - raft.server.rpc.request.timeout = 3000ms (default)
2019-10-01 06:23:06,418 [main] INFO  server.RaftServerConfigKeys (ConfUtils.java:logGet(43)) - raft.server.storage.dir = [/workdir/hadoop-ozone/integration-test/target/test-dir/MiniOzoneClusterImpl-7b9204ab-7931-4724-b6ae-3e28cc8e7013/datanode-1/data/ratis] (custom)
2019-10-01 06:23:06,419 [main] INFO  hdfs.DFSUtil (DFSUtil.java:httpServerTemplateForNNAndJN(1641)) - Starting Web-server for hddsDatanode at: http://0.0.0.0:0
2019-10-01 06:23:06,421 [main] INFO  server.AuthenticationFilter (AuthenticationFilter.java:constructSecretProvider(240)) - Unable to initialize FileSignerSecretProvider, falling back to use random secrets.
2019-10-01 06:23:06,421 [main] WARN  http.HttpRequestLog (HttpRequestLog.java:getRequestLog(97)) - Jetty request log can only be enabled using Log4j
2019-10-01 06:23:06,423 [main] INFO  http.HttpServer2 (HttpServer2.java:addGlobalFilter(975)) - Added global filter 'safety' (class=org.apache.hadoop.http.HttpServer2$QuotingInputFilter)
2019-10-01 06:23:06,424 [main] INFO  http.HttpServer2 (HttpServer2.java:addFilter(948)) - Added filter static_user_filter (class=org.apache.hadoop.http.lib.StaticUserWebFilter$StaticUserFilter) to context hddsDatanode
2019-10-01 06:23:06,424 [main] INFO  http.HttpServer2 (HttpServer2.java:addFilter(958)) - Added filter static_user_filter (class=org.apache.hadoop.http.lib.StaticUserWebFilter$StaticUserFilter) to context static
2019-10-01 06:23:06,424 [main] INFO  http.HttpServer2 (HttpServer2.java:addFilter(958)) - Added filter static_user_filter (class=org.apache.hadoop.http.lib.StaticUserWebFilter$StaticUserFilter) to context logs
2019-10-01 06:23:06,425 [main] INFO  http.HttpServer2 (HttpServer2.java:bindListener(1191)) - Jetty bound to port 41427
2019-10-01 06:23:06,425 [main] INFO  server.Server (Server.java:doStart(351)) - jetty-9.3.25.v20180904, build timestamp: 2018-09-04T21:11:46Z, git hash: 3ce520221d0240229c862b122d2b06c12a625732
2019-10-01 06:23:06,427 [main] INFO  handler.ContextHandler (ContextHandler.java:doStart(781)) - Started o.e.j.s.ServletContextHandler@26f0141{/logs,file:///workdir/hadoop-ozone/integration-test/target/log,AVAILABLE}
2019-10-01 06:23:06,427 [main] INFO  handler.ContextHandler (ContextHandler.java:doStart(781)) - Started o.e.j.s.ServletContextHandler@6de7778f{/static,jar:file:/home/user/.m2/repository/org/apache/hadoop/hadoop-hdds-container-service/0.5.0-SNAPSHOT/hadoop-hdds-container-service-0.5.0-SNAPSHOT.jar!/webapps/static,AVAILABLE}
2019-10-01 06:23:06,460 [main] INFO  handler.ContextHandler (ContextHandler.java:doStart(781)) - Started o.e.j.w.WebAppContext@538a2f0e{/,file:///tmp/jetty-0.0.0.0-41427-hddsDatanode-_-any-6169548208958642152.dir/webapp/,AVAILABLE}{/hddsDatanode}
2019-10-01 06:23:06,461 [main] INFO  server.AbstractConnector (AbstractConnector.java:doStart(278)) - Started ServerConnector@d2708a7{HTTP/1.1,[http/1.1]}{0.0.0.0:41427}
2019-10-01 06:23:06,467 [main] INFO  server.Server (Server.java:doStart(419)) - Started @256790ms
2019-10-01 06:23:06,467 [main] WARN  impl.MetricsSystemImpl (MetricsSystemImpl.java:register(276)) - Sink prometheus already exists!
2019-10-01 06:23:06,468 [main] INFO  server.BaseHttpServer (BaseHttpServer.java:updateConnectorAddress(215)) - HTTP server of HDDSDATANODE is listening at http://0.0.0.0:41427
2019-10-01 06:23:06,468 [main] INFO  impl.MetricsSystemImpl (MetricsSystemImpl.java:init(158)) - HddsDatanode metrics system started (again)
2019-10-01 06:23:06,528 [org.apache.hadoop.util.JvmPauseMonitor$Monitor@6cfb46ec] INFO  util.JvmPauseMonitor (JvmPauseMonitor.java:run(188)) - Starting JVM pause monitor
2019-10-01 06:23:06,529 [Datanode State Machine Thread - 0] INFO  datanode.InitDatanodeState (InitDatanodeState.java:persistContainerDatanodeDetails(140)) - DatanodeDetails is persisted to /workdir/hadoop-ozone/integration-test/target/test-dir/MiniOzoneClusterImpl-7b9204ab-7931-4724-b6ae-3e28cc8e7013/datanode-1/meta/datanode.id
2019-10-01 06:23:06,532 [main] INFO  ozone.HddsDatanodeService (HddsDatanodeService.java:start(184)) - HddsDatanodeService host:trunk-nightly-20191001-qpwks-271313263 ip:192.168.30.6
2019-10-01 06:23:06,551 [main] INFO  volume.HddsVolume (HddsVolume.java:<init>(176)) - Creating Volume: /workdir/hadoop-ozone/integration-test/target/test-dir/MiniOzoneClusterImpl-7b9204ab-7931-4724-b6ae-3e28cc8e7013/datanode-2/data/containers/hdds of  storage type : DISK and capacity : 1482555576320
2019-10-01 06:23:06,552 [main] INFO  volume.VolumeSet (VolumeSet.java:initializeVolumeSet(170)) - Added Volume : /workdir/hadoop-ozone/integration-test/target/test-dir/MiniOzoneClusterImpl-7b9204ab-7931-4724-b6ae-3e28cc8e7013/datanode-2/data/containers/hdds to VolumeSet
2019-10-01 06:23:06,552 [main] INFO  volume.ThrottledAsyncChecker (ThrottledAsyncChecker.java:schedule(139)) - Scheduling a check for org.apache.hadoop.ozone.container.common.volume.HddsVolume@42c12b3e
2019-10-01 06:23:06,552 [main] INFO  volume.HddsVolumeChecker (HddsVolumeChecker.java:checkAllVolumes(202)) - Scheduled health check for volume org.apache.hadoop.ozone.container.common.volume.HddsVolume@42c12b3e
2019-10-01 06:23:06,601 [main] INFO  impl.RaftServerProxy (ConfUtils.java:logGet(43)) - raft.rpc.type = GRPC (default)
2019-10-01 06:23:06,601 [main] INFO  grpc.GrpcFactory (GrpcFactory.java:checkPooledByteBufAllocatorUseCacheForAllThreads(45)) - PERFORMANCE WARNING: useCacheForAllThreads is true that may cause Netty to create a lot garbage objects and, as a result, trigger GC.
	It is recommended to disable useCacheForAllThreads by setting -Dorg.apache.ratis.thirdparty.io.netty.allocator.useCacheForAllThreads=false in command line.
2019-10-01 06:23:06,601 [main] INFO  grpc.GrpcConfigKeys$Server (ConfUtils.java:logGet(43)) - raft.grpc.server.port = 0 (default)
2019-10-01 06:23:06,602 [main] INFO  server.GrpcService (ConfUtils.java:logGet(43)) - raft.grpc.message.size.max = 33570816 (custom)
2019-10-01 06:23:06,602 [main] INFO  server.RaftServerConfigKeys (ConfUtils.java:logGet(43)) - raft.server.log.appender.buffer.byte-limit = 33554432 (custom)
2019-10-01 06:23:06,602 [main] INFO  server.GrpcService (ConfUtils.java:logGet(43)) - raft.grpc.flow.control.window = 1MB (=1048576) (default)
2019-10-01 06:23:06,602 [main] INFO  server.RaftServerConfigKeys (ConfUtils.java:logGet(43)) - raft.server.rpc.request.timeout = 3000ms (default)
2019-10-01 06:23:06,603 [main] INFO  server.RaftServerConfigKeys (ConfUtils.java:logGet(43)) - raft.server.storage.dir = [/workdir/hadoop-ozone/integration-test/target/test-dir/MiniOzoneClusterImpl-7b9204ab-7931-4724-b6ae-3e28cc8e7013/datanode-2/data/ratis] (custom)
2019-10-01 06:23:06,604 [main] INFO  hdfs.DFSUtil (DFSUtil.java:httpServerTemplateForNNAndJN(1641)) - Starting Web-server for hddsDatanode at: http://0.0.0.0:0
2019-10-01 06:23:06,606 [main] INFO  server.AuthenticationFilter (AuthenticationFilter.java:constructSecretProvider(240)) - Unable to initialize FileSignerSecretProvider, falling back to use random secrets.
2019-10-01 06:23:06,607 [main] WARN  http.HttpRequestLog (HttpRequestLog.java:getRequestLog(97)) - Jetty request log can only be enabled using Log4j
2019-10-01 06:23:06,609 [main] INFO  http.HttpServer2 (HttpServer2.java:addGlobalFilter(975)) - Added global filter 'safety' (class=org.apache.hadoop.http.HttpServer2$QuotingInputFilter)
2019-10-01 06:23:06,610 [main] INFO  http.HttpServer2 (HttpServer2.java:addFilter(948)) - Added filter static_user_filter (class=org.apache.hadoop.http.lib.StaticUserWebFilter$StaticUserFilter) to context hddsDatanode
2019-10-01 06:23:06,611 [main] INFO  http.HttpServer2 (HttpServer2.java:addFilter(958)) - Added filter static_user_filter (class=org.apache.hadoop.http.lib.StaticUserWebFilter$StaticUserFilter) to context static
2019-10-01 06:23:06,611 [main] INFO  http.HttpServer2 (HttpServer2.java:addFilter(958)) - Added filter static_user_filter (class=org.apache.hadoop.http.lib.StaticUserWebFilter$StaticUserFilter) to context logs
2019-10-01 06:23:06,612 [main] INFO  http.HttpServer2 (HttpServer2.java:bindListener(1191)) - Jetty bound to port 34355
2019-10-01 06:23:06,612 [main] INFO  server.Server (Server.java:doStart(351)) - jetty-9.3.25.v20180904, build timestamp: 2018-09-04T21:11:46Z, git hash: 3ce520221d0240229c862b122d2b06c12a625732
2019-10-01 06:23:06,614 [main] INFO  handler.ContextHandler (ContextHandler.java:doStart(781)) - Started o.e.j.s.ServletContextHandler@6094de13{/logs,file:///workdir/hadoop-ozone/integration-test/target/log,AVAILABLE}
2019-10-01 06:23:06,615 [main] INFO  handler.ContextHandler (ContextHandler.java:doStart(781)) - Started o.e.j.s.ServletContextHandler@3e6ec74{/static,jar:file:/home/user/.m2/repository/org/apache/hadoop/hadoop-hdds-container-service/0.5.0-SNAPSHOT/hadoop-hdds-container-service-0.5.0-SNAPSHOT.jar!/webapps/static,AVAILABLE}
2019-10-01 06:23:06,654 [main] INFO  handler.ContextHandler (ContextHandler.java:doStart(781)) - Started o.e.j.w.WebAppContext@17c4dc5b{/,file:///tmp/jetty-0.0.0.0-34355-hddsDatanode-_-any-6652954777219616560.dir/webapp/,AVAILABLE}{/hddsDatanode}
2019-10-01 06:23:06,654 [main] INFO  server.AbstractConnector (AbstractConnector.java:doStart(278)) - Started ServerConnector@6b0f266e{HTTP/1.1,[http/1.1]}{0.0.0.0:34355}
2019-10-01 06:23:06,661 [main] INFO  server.Server (Server.java:doStart(419)) - Started @256984ms
2019-10-01 06:23:06,661 [main] WARN  impl.MetricsSystemImpl (MetricsSystemImpl.java:register(276)) - Sink prometheus already exists!
2019-10-01 06:23:06,662 [main] INFO  server.BaseHttpServer (BaseHttpServer.java:updateConnectorAddress(215)) - HTTP server of HDDSDATANODE is listening at http://0.0.0.0:34355
2019-10-01 06:23:06,662 [main] INFO  impl.MetricsSystemImpl (MetricsSystemImpl.java:init(158)) - HddsDatanode metrics system started (again)
2019-10-01 06:23:06,663 [org.apache.hadoop.util.JvmPauseMonitor$Monitor@55f30f82] INFO  util.JvmPauseMonitor (JvmPauseMonitor.java:run(188)) - Starting JVM pause monitor
2019-10-01 06:23:06,664 [Datanode State Machine Thread - 0] INFO  datanode.InitDatanodeState (InitDatanodeState.java:persistContainerDatanodeDetails(140)) - DatanodeDetails is persisted to /workdir/hadoop-ozone/integration-test/target/test-dir/MiniOzoneClusterImpl-7b9204ab-7931-4724-b6ae-3e28cc8e7013/datanode-2/meta/datanode.id
2019-10-01 06:23:06,730 [main] INFO  ozone.HddsDatanodeService (HddsDatanodeService.java:start(184)) - HddsDatanodeService host:trunk-nightly-20191001-qpwks-271313263 ip:192.168.30.6
2019-10-01 06:23:06,744 [main] INFO  volume.HddsVolume (HddsVolume.java:<init>(176)) - Creating Volume: /workdir/hadoop-ozone/integration-test/target/test-dir/MiniOzoneClusterImpl-7b9204ab-7931-4724-b6ae-3e28cc8e7013/datanode-3/data/containers/hdds of  storage type : DISK and capacity : 1482555576320
2019-10-01 06:23:06,744 [main] INFO  volume.VolumeSet (VolumeSet.java:initializeVolumeSet(170)) - Added Volume : /workdir/hadoop-ozone/integration-test/target/test-dir/MiniOzoneClusterImpl-7b9204ab-7931-4724-b6ae-3e28cc8e7013/datanode-3/data/containers/hdds to VolumeSet
2019-10-01 06:23:06,744 [main] INFO  volume.ThrottledAsyncChecker (ThrottledAsyncChecker.java:schedule(139)) - Scheduling a check for org.apache.hadoop.ozone.container.common.volume.HddsVolume@486bd064
2019-10-01 06:23:06,745 [main] INFO  volume.HddsVolumeChecker (HddsVolumeChecker.java:checkAllVolumes(202)) - Scheduled health check for volume org.apache.hadoop.ozone.container.common.volume.HddsVolume@486bd064
2019-10-01 06:23:06,765 [main] INFO  impl.RaftServerProxy (ConfUtils.java:logGet(43)) - raft.rpc.type = GRPC (default)
2019-10-01 06:23:06,766 [main] INFO  grpc.GrpcFactory (GrpcFactory.java:checkPooledByteBufAllocatorUseCacheForAllThreads(45)) - PERFORMANCE WARNING: useCacheForAllThreads is true that may cause Netty to create a lot garbage objects and, as a result, trigger GC.
	It is recommended to disable useCacheForAllThreads by setting -Dorg.apache.ratis.thirdparty.io.netty.allocator.useCacheForAllThreads=false in command line.
2019-10-01 06:23:06,766 [main] INFO  grpc.GrpcConfigKeys$Server (ConfUtils.java:logGet(43)) - raft.grpc.server.port = 0 (default)
2019-10-01 06:23:06,766 [main] INFO  server.GrpcService (ConfUtils.java:logGet(43)) - raft.grpc.message.size.max = 33570816 (custom)
2019-10-01 06:23:06,767 [main] INFO  server.RaftServerConfigKeys (ConfUtils.java:logGet(43)) - raft.server.log.appender.buffer.byte-limit = 33554432 (custom)
2019-10-01 06:23:06,767 [main] INFO  server.GrpcService (ConfUtils.java:logGet(43)) - raft.grpc.flow.control.window = 1MB (=1048576) (default)
2019-10-01 06:23:06,767 [main] INFO  server.RaftServerConfigKeys (ConfUtils.java:logGet(43)) - raft.server.rpc.request.timeout = 3000ms (default)
2019-10-01 06:23:06,768 [main] INFO  server.RaftServerConfigKeys (ConfUtils.java:logGet(43)) - raft.server.storage.dir = [/workdir/hadoop-ozone/integration-test/target/test-dir/MiniOzoneClusterImpl-7b9204ab-7931-4724-b6ae-3e28cc8e7013/datanode-3/data/ratis] (custom)
2019-10-01 06:23:06,770 [main] INFO  hdfs.DFSUtil (DFSUtil.java:httpServerTemplateForNNAndJN(1641)) - Starting Web-server for hddsDatanode at: http://0.0.0.0:0
2019-10-01 06:23:06,772 [main] INFO  server.AuthenticationFilter (AuthenticationFilter.java:constructSecretProvider(240)) - Unable to initialize FileSignerSecretProvider, falling back to use random secrets.
2019-10-01 06:23:06,774 [main] WARN  http.HttpRequestLog (HttpRequestLog.java:getRequestLog(97)) - Jetty request log can only be enabled using Log4j
2019-10-01 06:23:06,776 [main] INFO  http.HttpServer2 (HttpServer2.java:addGlobalFilter(975)) - Added global filter 'safety' (class=org.apache.hadoop.http.HttpServer2$QuotingInputFilter)
2019-10-01 06:23:06,776 [main] INFO  http.HttpServer2 (HttpServer2.java:addFilter(948)) - Added filter static_user_filter (class=org.apache.hadoop.http.lib.StaticUserWebFilter$StaticUserFilter) to context hddsDatanode
2019-10-01 06:23:06,776 [main] INFO  http.HttpServer2 (HttpServer2.java:addFilter(958)) - Added filter static_user_filter (class=org.apache.hadoop.http.lib.StaticUserWebFilter$StaticUserFilter) to context logs
2019-10-01 06:23:06,777 [main] INFO  http.HttpServer2 (HttpServer2.java:addFilter(958)) - Added filter static_user_filter (class=org.apache.hadoop.http.lib.StaticUserWebFilter$StaticUserFilter) to context static
2019-10-01 06:23:06,777 [main] INFO  http.HttpServer2 (HttpServer2.java:bindListener(1191)) - Jetty bound to port 35936
2019-10-01 06:23:06,777 [main] INFO  server.Server (Server.java:doStart(351)) - jetty-9.3.25.v20180904, build timestamp: 2018-09-04T21:11:46Z, git hash: 3ce520221d0240229c862b122d2b06c12a625732
2019-10-01 06:23:06,779 [main] INFO  handler.ContextHandler (ContextHandler.java:doStart(781)) - Started o.e.j.s.ServletContextHandler@14f060b8{/logs,file:///workdir/hadoop-ozone/integration-test/target/log,AVAILABLE}
2019-10-01 06:23:06,779 [main] INFO  handler.ContextHandler (ContextHandler.java:doStart(781)) - Started o.e.j.s.ServletContextHandler@79df80a4{/static,jar:file:/home/user/.m2/repository/org/apache/hadoop/hadoop-hdds-container-service/0.5.0-SNAPSHOT/hadoop-hdds-container-service-0.5.0-SNAPSHOT.jar!/webapps/static,AVAILABLE}
2019-10-01 06:23:06,807 [main] INFO  handler.ContextHandler (ContextHandler.java:doStart(781)) - Started o.e.j.w.WebAppContext@23bd0c81{/,file:///tmp/jetty-0.0.0.0-35936-hddsDatanode-_-any-4946576128163918552.dir/webapp/,AVAILABLE}{/hddsDatanode}
2019-10-01 06:23:06,807 [main] INFO  server.AbstractConnector (AbstractConnector.java:doStart(278)) - Started ServerConnector@1332dec4{HTTP/1.1,[http/1.1]}{0.0.0.0:35936}
2019-10-01 06:23:06,813 [main] INFO  server.Server (Server.java:doStart(419)) - Started @257136ms
2019-10-01 06:23:06,813 [main] WARN  impl.MetricsSystemImpl (MetricsSystemImpl.java:register(276)) - Sink prometheus already exists!
2019-10-01 06:23:06,813 [main] INFO  server.BaseHttpServer (BaseHttpServer.java:updateConnectorAddress(215)) - HTTP server of HDDSDATANODE is listening at http://0.0.0.0:35936
2019-10-01 06:23:06,814 [main] INFO  impl.MetricsSystemImpl (MetricsSystemImpl.java:init(158)) - HddsDatanode metrics system started (again)
2019-10-01 06:23:06,873 [org.apache.hadoop.util.JvmPauseMonitor$Monitor@9263f24] INFO  util.JvmPauseMonitor (JvmPauseMonitor.java:run(188)) - Starting JVM pause monitor
2019-10-01 06:23:06,874 [Datanode State Machine Thread - 0] INFO  datanode.InitDatanodeState (InitDatanodeState.java:persistContainerDatanodeDetails(140)) - DatanodeDetails is persisted to /workdir/hadoop-ozone/integration-test/target/test-dir/MiniOzoneClusterImpl-7b9204ab-7931-4724-b6ae-3e28cc8e7013/datanode-3/meta/datanode.id
2019-10-01 06:23:06,876 [main] INFO  ozone.HddsDatanodeService (HddsDatanodeService.java:start(184)) - HddsDatanodeService host:trunk-nightly-20191001-qpwks-271313263 ip:192.168.30.6
2019-10-01 06:23:06,890 [main] INFO  volume.HddsVolume (HddsVolume.java:<init>(176)) - Creating Volume: /workdir/hadoop-ozone/integration-test/target/test-dir/MiniOzoneClusterImpl-7b9204ab-7931-4724-b6ae-3e28cc8e7013/datanode-4/data/containers/hdds of  storage type : DISK and capacity : 1482555576320
2019-10-01 06:23:06,890 [main] INFO  volume.VolumeSet (VolumeSet.java:initializeVolumeSet(170)) - Added Volume : /workdir/hadoop-ozone/integration-test/target/test-dir/MiniOzoneClusterImpl-7b9204ab-7931-4724-b6ae-3e28cc8e7013/datanode-4/data/containers/hdds to VolumeSet
2019-10-01 06:23:06,890 [main] INFO  volume.ThrottledAsyncChecker (ThrottledAsyncChecker.java:schedule(139)) - Scheduling a check for org.apache.hadoop.ozone.container.common.volume.HddsVolume@5a7b309b
2019-10-01 06:23:06,891 [main] INFO  volume.HddsVolumeChecker (HddsVolumeChecker.java:checkAllVolumes(202)) - Scheduled health check for volume org.apache.hadoop.ozone.container.common.volume.HddsVolume@5a7b309b
2019-10-01 06:23:06,906 [main] INFO  impl.RaftServerProxy (ConfUtils.java:logGet(43)) - raft.rpc.type = GRPC (default)
2019-10-01 06:23:06,906 [main] INFO  grpc.GrpcFactory (GrpcFactory.java:checkPooledByteBufAllocatorUseCacheForAllThreads(45)) - PERFORMANCE WARNING: useCacheForAllThreads is true that may cause Netty to create a lot garbage objects and, as a result, trigger GC.
	It is recommended to disable useCacheForAllThreads by setting -Dorg.apache.ratis.thirdparty.io.netty.allocator.useCacheForAllThreads=false in command line.
2019-10-01 06:23:06,906 [main] INFO  grpc.GrpcConfigKeys$Server (ConfUtils.java:logGet(43)) - raft.grpc.server.port = 0 (default)
2019-10-01 06:23:06,906 [main] INFO  server.GrpcService (ConfUtils.java:logGet(43)) - raft.grpc.message.size.max = 33570816 (custom)
2019-10-01 06:23:06,906 [main] INFO  server.RaftServerConfigKeys (ConfUtils.java:logGet(43)) - raft.server.log.appender.buffer.byte-limit = 33554432 (custom)
2019-10-01 06:23:06,906 [main] INFO  server.GrpcService (ConfUtils.java:logGet(43)) - raft.grpc.flow.control.window = 1MB (=1048576) (default)
2019-10-01 06:23:06,907 [main] INFO  server.RaftServerConfigKeys (ConfUtils.java:logGet(43)) - raft.server.rpc.request.timeout = 3000ms (default)
2019-10-01 06:23:06,907 [main] INFO  server.RaftServerConfigKeys (ConfUtils.java:logGet(43)) - raft.server.storage.dir = [/workdir/hadoop-ozone/integration-test/target/test-dir/MiniOzoneClusterImpl-7b9204ab-7931-4724-b6ae-3e28cc8e7013/datanode-4/data/ratis] (custom)
2019-10-01 06:23:06,908 [main] INFO  hdfs.DFSUtil (DFSUtil.java:httpServerTemplateForNNAndJN(1641)) - Starting Web-server for hddsDatanode at: http://0.0.0.0:0
2019-10-01 06:23:06,910 [main] INFO  server.AuthenticationFilter (AuthenticationFilter.java:constructSecretProvider(240)) - Unable to initialize FileSignerSecretProvider, falling back to use random secrets.
2019-10-01 06:23:06,910 [main] WARN  http.HttpRequestLog (HttpRequestLog.java:getRequestLog(97)) - Jetty request log can only be enabled using Log4j
2019-10-01 06:23:06,912 [main] INFO  http.HttpServer2 (HttpServer2.java:addGlobalFilter(975)) - Added global filter 'safety' (class=org.apache.hadoop.http.HttpServer2$QuotingInputFilter)
2019-10-01 06:23:06,913 [main] INFO  http.HttpServer2 (HttpServer2.java:addFilter(948)) - Added filter static_user_filter (class=org.apache.hadoop.http.lib.StaticUserWebFilter$StaticUserFilter) to context hddsDatanode
2019-10-01 06:23:06,913 [main] INFO  http.HttpServer2 (HttpServer2.java:addFilter(958)) - Added filter static_user_filter (class=org.apache.hadoop.http.lib.StaticUserWebFilter$StaticUserFilter) to context logs
2019-10-01 06:23:06,914 [main] INFO  http.HttpServer2 (HttpServer2.java:addFilter(958)) - Added filter static_user_filter (class=org.apache.hadoop.http.lib.StaticUserWebFilter$StaticUserFilter) to context static
2019-10-01 06:23:06,915 [main] INFO  http.HttpServer2 (HttpServer2.java:bindListener(1191)) - Jetty bound to port 41609
2019-10-01 06:23:06,915 [main] INFO  server.Server (Server.java:doStart(351)) - jetty-9.3.25.v20180904, build timestamp: 2018-09-04T21:11:46Z, git hash: 3ce520221d0240229c862b122d2b06c12a625732
2019-10-01 06:23:06,917 [main] INFO  handler.ContextHandler (ContextHandler.java:doStart(781)) - Started o.e.j.s.ServletContextHandler@1785d194{/logs,file:///workdir/hadoop-ozone/integration-test/target/log,AVAILABLE}
2019-10-01 06:23:06,918 [main] INFO  handler.ContextHandler (ContextHandler.java:doStart(781)) - Started o.e.j.s.ServletContextHandler@46a8c2b4{/static,jar:file:/home/user/.m2/repository/org/apache/hadoop/hadoop-hdds-container-service/0.5.0-SNAPSHOT/hadoop-hdds-container-service-0.5.0-SNAPSHOT.jar!/webapps/static,AVAILABLE}
2019-10-01 06:23:06,959 [main] INFO  handler.ContextHandler (ContextHandler.java:doStart(781)) - Started o.e.j.w.WebAppContext@19662208{/,file:///tmp/jetty-0.0.0.0-41609-hddsDatanode-_-any-5485440639824012434.dir/webapp/,AVAILABLE}{/hddsDatanode}
2019-10-01 06:23:06,959 [main] INFO  server.AbstractConnector (AbstractConnector.java:doStart(278)) - Started ServerConnector@216c22ce{HTTP/1.1,[http/1.1]}{0.0.0.0:41609}
2019-10-01 06:23:06,970 [main] INFO  server.Server (Server.java:doStart(419)) - Started @257293ms
2019-10-01 06:23:06,970 [main] WARN  impl.MetricsSystemImpl (MetricsSystemImpl.java:register(276)) - Sink prometheus already exists!
2019-10-01 06:23:06,971 [main] INFO  server.BaseHttpServer (BaseHttpServer.java:updateConnectorAddress(215)) - HTTP server of HDDSDATANODE is listening at http://0.0.0.0:41609
2019-10-01 06:23:06,972 [main] INFO  impl.MetricsSystemImpl (MetricsSystemImpl.java:init(158)) - HddsDatanode metrics system started (again)
2019-10-01 06:23:06,973 [org.apache.hadoop.util.JvmPauseMonitor$Monitor@29b25216] INFO  util.JvmPauseMonitor (JvmPauseMonitor.java:run(188)) - Starting JVM pause monitor
2019-10-01 06:23:06,974 [Datanode State Machine Thread - 0] INFO  datanode.InitDatanodeState (InitDatanodeState.java:persistContainerDatanodeDetails(140)) - DatanodeDetails is persisted to /workdir/hadoop-ozone/integration-test/target/test-dir/MiniOzoneClusterImpl-7b9204ab-7931-4724-b6ae-3e28cc8e7013/datanode-4/meta/datanode.id
2019-10-01 06:23:07,059 [main] INFO  ozone.HddsDatanodeService (HddsDatanodeService.java:start(184)) - HddsDatanodeService host:trunk-nightly-20191001-qpwks-271313263 ip:192.168.30.6
2019-10-01 06:23:07,075 [main] INFO  volume.HddsVolume (HddsVolume.java:<init>(176)) - Creating Volume: /workdir/hadoop-ozone/integration-test/target/test-dir/MiniOzoneClusterImpl-7b9204ab-7931-4724-b6ae-3e28cc8e7013/datanode-5/data/containers/hdds of  storage type : DISK and capacity : 1482555576320
2019-10-01 06:23:07,075 [main] INFO  volume.VolumeSet (VolumeSet.java:initializeVolumeSet(170)) - Added Volume : /workdir/hadoop-ozone/integration-test/target/test-dir/MiniOzoneClusterImpl-7b9204ab-7931-4724-b6ae-3e28cc8e7013/datanode-5/data/containers/hdds to VolumeSet
2019-10-01 06:23:07,076 [main] INFO  volume.ThrottledAsyncChecker (ThrottledAsyncChecker.java:schedule(139)) - Scheduling a check for org.apache.hadoop.ozone.container.common.volume.HddsVolume@46468f0
2019-10-01 06:23:07,076 [main] INFO  volume.HddsVolumeChecker (HddsVolumeChecker.java:checkAllVolumes(202)) - Scheduled health check for volume org.apache.hadoop.ozone.container.common.volume.HddsVolume@46468f0
2019-10-01 06:23:07,100 [main] INFO  impl.RaftServerProxy (ConfUtils.java:logGet(43)) - raft.rpc.type = GRPC (default)
2019-10-01 06:23:07,101 [main] INFO  grpc.GrpcFactory (GrpcFactory.java:checkPooledByteBufAllocatorUseCacheForAllThreads(45)) - PERFORMANCE WARNING: useCacheForAllThreads is true that may cause Netty to create a lot garbage objects and, as a result, trigger GC.
	It is recommended to disable useCacheForAllThreads by setting -Dorg.apache.ratis.thirdparty.io.netty.allocator.useCacheForAllThreads=false in command line.
2019-10-01 06:23:07,101 [main] INFO  grpc.GrpcConfigKeys$Server (ConfUtils.java:logGet(43)) - raft.grpc.server.port = 0 (default)
2019-10-01 06:23:07,101 [main] INFO  server.GrpcService (ConfUtils.java:logGet(43)) - raft.grpc.message.size.max = 33570816 (custom)
2019-10-01 06:23:07,102 [main] INFO  server.RaftServerConfigKeys (ConfUtils.java:logGet(43)) - raft.server.log.appender.buffer.byte-limit = 33554432 (custom)
2019-10-01 06:23:07,102 [main] INFO  server.GrpcService (ConfUtils.java:logGet(43)) - raft.grpc.flow.control.window = 1MB (=1048576) (default)
2019-10-01 06:23:07,102 [main] INFO  server.RaftServerConfigKeys (ConfUtils.java:logGet(43)) - raft.server.rpc.request.timeout = 3000ms (default)
2019-10-01 06:23:07,103 [main] INFO  server.RaftServerConfigKeys (ConfUtils.java:logGet(43)) - raft.server.storage.dir = [/workdir/hadoop-ozone/integration-test/target/test-dir/MiniOzoneClusterImpl-7b9204ab-7931-4724-b6ae-3e28cc8e7013/datanode-5/data/ratis] (custom)
2019-10-01 06:23:07,104 [main] INFO  hdfs.DFSUtil (DFSUtil.java:httpServerTemplateForNNAndJN(1641)) - Starting Web-server for hddsDatanode at: http://0.0.0.0:0
2019-10-01 06:23:07,106 [main] INFO  server.AuthenticationFilter (AuthenticationFilter.java:constructSecretProvider(240)) - Unable to initialize FileSignerSecretProvider, falling back to use random secrets.
2019-10-01 06:23:07,107 [main] WARN  http.HttpRequestLog (HttpRequestLog.java:getRequestLog(97)) - Jetty request log can only be enabled using Log4j
2019-10-01 06:23:07,109 [main] INFO  http.HttpServer2 (HttpServer2.java:addGlobalFilter(975)) - Added global filter 'safety' (class=org.apache.hadoop.http.HttpServer2$QuotingInputFilter)
2019-10-01 06:23:07,109 [main] INFO  http.HttpServer2 (HttpServer2.java:addFilter(948)) - Added filter static_user_filter (class=org.apache.hadoop.http.lib.StaticUserWebFilter$StaticUserFilter) to context hddsDatanode
2019-10-01 06:23:07,110 [main] INFO  http.HttpServer2 (HttpServer2.java:addFilter(958)) - Added filter static_user_filter (class=org.apache.hadoop.http.lib.StaticUserWebFilter$StaticUserFilter) to context static
2019-10-01 06:23:07,110 [main] INFO  http.HttpServer2 (HttpServer2.java:addFilter(958)) - Added filter static_user_filter (class=org.apache.hadoop.http.lib.StaticUserWebFilter$StaticUserFilter) to context logs
2019-10-01 06:23:07,111 [main] INFO  http.HttpServer2 (HttpServer2.java:bindListener(1191)) - Jetty bound to port 44647
2019-10-01 06:23:07,111 [main] INFO  server.Server (Server.java:doStart(351)) - jetty-9.3.25.v20180904, build timestamp: 2018-09-04T21:11:46Z, git hash: 3ce520221d0240229c862b122d2b06c12a625732
2019-10-01 06:23:07,113 [main] INFO  handler.ContextHandler (ContextHandler.java:doStart(781)) - Started o.e.j.s.ServletContextHandler@238291d4{/logs,file:///workdir/hadoop-ozone/integration-test/target/log,AVAILABLE}
2019-10-01 06:23:07,113 [main] INFO  handler.ContextHandler (ContextHandler.java:doStart(781)) - Started o.e.j.s.ServletContextHandler@681e913c{/static,jar:file:/home/user/.m2/repository/org/apache/hadoop/hadoop-hdds-container-service/0.5.0-SNAPSHOT/hadoop-hdds-container-service-0.5.0-SNAPSHOT.jar!/webapps/static,AVAILABLE}
2019-10-01 06:23:07,149 [main] INFO  handler.ContextHandler (ContextHandler.java:doStart(781)) - Started o.e.j.w.WebAppContext@68e2d03e{/,file:///tmp/jetty-0.0.0.0-44647-hddsDatanode-_-any-6419119988123793520.dir/webapp/,AVAILABLE}{/hddsDatanode}
2019-10-01 06:23:07,149 [main] INFO  server.AbstractConnector (AbstractConnector.java:doStart(278)) - Started ServerConnector@120aa40b{HTTP/1.1,[http/1.1]}{0.0.0.0:44647}
2019-10-01 06:23:07,157 [main] INFO  server.Server (Server.java:doStart(419)) - Started @257480ms
2019-10-01 06:23:07,157 [main] WARN  impl.MetricsSystemImpl (MetricsSystemImpl.java:register(276)) - Sink prometheus already exists!
2019-10-01 06:23:07,158 [main] INFO  server.BaseHttpServer (BaseHttpServer.java:updateConnectorAddress(215)) - HTTP server of HDDSDATANODE is listening at http://0.0.0.0:44647
2019-10-01 06:23:07,158 [main] INFO  impl.MetricsSystemImpl (MetricsSystemImpl.java:init(158)) - HddsDatanode metrics system started (again)
2019-10-01 06:23:07,232 [org.apache.hadoop.util.JvmPauseMonitor$Monitor@1dc9eb0f] INFO  util.JvmPauseMonitor (JvmPauseMonitor.java:run(188)) - Starting JVM pause monitor
2019-10-01 06:23:07,233 [Datanode State Machine Thread - 0] INFO  datanode.InitDatanodeState (InitDatanodeState.java:persistContainerDatanodeDetails(140)) - DatanodeDetails is persisted to /workdir/hadoop-ozone/integration-test/target/test-dir/MiniOzoneClusterImpl-7b9204ab-7931-4724-b6ae-3e28cc8e7013/datanode-5/meta/datanode.id
2019-10-01 06:23:07,235 [main] INFO  ozone.HddsDatanodeService (HddsDatanodeService.java:start(184)) - HddsDatanodeService host:trunk-nightly-20191001-qpwks-271313263 ip:192.168.30.6
2019-10-01 06:23:07,250 [main] INFO  volume.HddsVolume (HddsVolume.java:<init>(176)) - Creating Volume: /workdir/hadoop-ozone/integration-test/target/test-dir/MiniOzoneClusterImpl-7b9204ab-7931-4724-b6ae-3e28cc8e7013/datanode-6/data/containers/hdds of  storage type : DISK and capacity : 1482555576320
2019-10-01 06:23:07,251 [main] INFO  volume.VolumeSet (VolumeSet.java:initializeVolumeSet(170)) - Added Volume : /workdir/hadoop-ozone/integration-test/target/test-dir/MiniOzoneClusterImpl-7b9204ab-7931-4724-b6ae-3e28cc8e7013/datanode-6/data/containers/hdds to VolumeSet
2019-10-01 06:23:07,251 [main] INFO  volume.ThrottledAsyncChecker (ThrottledAsyncChecker.java:schedule(139)) - Scheduling a check for org.apache.hadoop.ozone.container.common.volume.HddsVolume@70b48eb3
2019-10-01 06:23:07,252 [main] INFO  volume.HddsVolumeChecker (HddsVolumeChecker.java:checkAllVolumes(202)) - Scheduled health check for volume org.apache.hadoop.ozone.container.common.volume.HddsVolume@70b48eb3
2019-10-01 06:23:07,273 [main] INFO  impl.RaftServerProxy (ConfUtils.java:logGet(43)) - raft.rpc.type = GRPC (default)
2019-10-01 06:23:07,273 [main] INFO  grpc.GrpcFactory (GrpcFactory.java:checkPooledByteBufAllocatorUseCacheForAllThreads(45)) - PERFORMANCE WARNING: useCacheForAllThreads is true that may cause Netty to create a lot garbage objects and, as a result, trigger GC.
	It is recommended to disable useCacheForAllThreads by setting -Dorg.apache.ratis.thirdparty.io.netty.allocator.useCacheForAllThreads=false in command line.
2019-10-01 06:23:07,273 [main] INFO  grpc.GrpcConfigKeys$Server (ConfUtils.java:logGet(43)) - raft.grpc.server.port = 0 (default)
2019-10-01 06:23:07,273 [main] INFO  server.GrpcService (ConfUtils.java:logGet(43)) - raft.grpc.message.size.max = 33570816 (custom)
2019-10-01 06:23:07,274 [main] INFO  server.RaftServerConfigKeys (ConfUtils.java:logGet(43)) - raft.server.log.appender.buffer.byte-limit = 33554432 (custom)
2019-10-01 06:23:07,274 [main] INFO  server.GrpcService (ConfUtils.java:logGet(43)) - raft.grpc.flow.control.window = 1MB (=1048576) (default)
2019-10-01 06:23:07,274 [main] INFO  server.RaftServerConfigKeys (ConfUtils.java:logGet(43)) - raft.server.rpc.request.timeout = 3000ms (default)
2019-10-01 06:23:07,275 [main] INFO  server.RaftServerConfigKeys (ConfUtils.java:logGet(43)) - raft.server.storage.dir = [/workdir/hadoop-ozone/integration-test/target/test-dir/MiniOzoneClusterImpl-7b9204ab-7931-4724-b6ae-3e28cc8e7013/datanode-6/data/ratis] (custom)
2019-10-01 06:23:07,277 [main] INFO  hdfs.DFSUtil (DFSUtil.java:httpServerTemplateForNNAndJN(1641)) - Starting Web-server for hddsDatanode at: http://0.0.0.0:0
2019-10-01 06:23:07,278 [main] INFO  server.AuthenticationFilter (AuthenticationFilter.java:constructSecretProvider(240)) - Unable to initialize FileSignerSecretProvider, falling back to use random secrets.
2019-10-01 06:23:07,279 [main] WARN  http.HttpRequestLog (HttpRequestLog.java:getRequestLog(97)) - Jetty request log can only be enabled using Log4j
2019-10-01 06:23:07,281 [main] INFO  http.HttpServer2 (HttpServer2.java:addGlobalFilter(975)) - Added global filter 'safety' (class=org.apache.hadoop.http.HttpServer2$QuotingInputFilter)
2019-10-01 06:23:07,281 [main] INFO  http.HttpServer2 (HttpServer2.java:addFilter(948)) - Added filter static_user_filter (class=org.apache.hadoop.http.lib.StaticUserWebFilter$StaticUserFilter) to context hddsDatanode
2019-10-01 06:23:07,282 [main] INFO  http.HttpServer2 (HttpServer2.java:addFilter(958)) - Added filter static_user_filter (class=org.apache.hadoop.http.lib.StaticUserWebFilter$StaticUserFilter) to context logs
2019-10-01 06:23:07,282 [main] INFO  http.HttpServer2 (HttpServer2.java:addFilter(958)) - Added filter static_user_filter (class=org.apache.hadoop.http.lib.StaticUserWebFilter$StaticUserFilter) to context static
2019-10-01 06:23:07,283 [main] INFO  http.HttpServer2 (HttpServer2.java:bindListener(1191)) - Jetty bound to port 38734
2019-10-01 06:23:07,283 [main] INFO  server.Server (Server.java:doStart(351)) - jetty-9.3.25.v20180904, build timestamp: 2018-09-04T21:11:46Z, git hash: 3ce520221d0240229c862b122d2b06c12a625732
2019-10-01 06:23:07,285 [main] INFO  handler.ContextHandler (ContextHandler.java:doStart(781)) - Started o.e.j.s.ServletContextHandler@111cba40{/logs,file:///workdir/hadoop-ozone/integration-test/target/log,AVAILABLE}
2019-10-01 06:23:07,286 [main] INFO  handler.ContextHandler (ContextHandler.java:doStart(781)) - Started o.e.j.s.ServletContextHandler@51e8d066{/static,jar:file:/home/user/.m2/repository/org/apache/hadoop/hadoop-hdds-container-service/0.5.0-SNAPSHOT/hadoop-hdds-container-service-0.5.0-SNAPSHOT.jar!/webapps/static,AVAILABLE}
2019-10-01 06:23:07,318 [main] INFO  handler.ContextHandler (ContextHandler.java:doStart(781)) - Started o.e.j.w.WebAppContext@7781263c{/,file:///tmp/jetty-0.0.0.0-38734-hddsDatanode-_-any-7771852850233635225.dir/webapp/,AVAILABLE}{/hddsDatanode}
2019-10-01 06:23:07,318 [main] INFO  server.AbstractConnector (AbstractConnector.java:doStart(278)) - Started ServerConnector@5fdd97c1{HTTP/1.1,[http/1.1]}{0.0.0.0:38734}
2019-10-01 06:23:07,323 [main] INFO  server.Server (Server.java:doStart(419)) - Started @257646ms
2019-10-01 06:23:07,324 [main] WARN  impl.MetricsSystemImpl (MetricsSystemImpl.java:register(276)) - Sink prometheus already exists!
2019-10-01 06:23:07,324 [main] INFO  server.BaseHttpServer (BaseHttpServer.java:updateConnectorAddress(215)) - HTTP server of HDDSDATANODE is listening at http://0.0.0.0:38734
2019-10-01 06:23:07,324 [main] INFO  ozone.MiniOzoneClusterImpl (MiniOzoneClusterImpl.java:lambda$waitForClusterToBeReady$0(147)) - Waiting for cluster to be ready. Got 0 of 7 DN Heartbeats.
2019-10-01 06:23:07,325 [org.apache.hadoop.util.JvmPauseMonitor$Monitor@7135d13b] INFO  util.JvmPauseMonitor (JvmPauseMonitor.java:run(188)) - Starting JVM pause monitor
2019-10-01 06:23:07,326 [Datanode State Machine Thread - 0] INFO  datanode.InitDatanodeState (InitDatanodeState.java:persistContainerDatanodeDetails(140)) - DatanodeDetails is persisted to /workdir/hadoop-ozone/integration-test/target/test-dir/MiniOzoneClusterImpl-7b9204ab-7931-4724-b6ae-3e28cc8e7013/datanode-6/meta/datanode.id
2019-10-01 06:23:07,710 [grpc-default-executor-8] WARN  server.GrpcLogAppender (LogUtils.java:warn(134)) - 33dfb9e4-5af7-48c0-aed2-49a098141a6c@group-3AEA3A3A61FF->b13a3cc5-7860-43cb-88ea-b527511dabf1-AppendLogResponseHandler: Failed appendEntries: org.apache.ratis.thirdparty.io.grpc.StatusRuntimeException: UNAVAILABLE: io exception
2019-10-01 06:23:07,711 [grpc-default-executor-8] INFO  impl.FollowerInfo (FollowerInfo.java:lambda$new$0(51)) - 33dfb9e4-5af7-48c0-aed2-49a098141a6c@group-3AEA3A3A61FF->b13a3cc5-7860-43cb-88ea-b527511dabf1: nextIndex: updateUnconditionally 0 -> 0
2019-10-01 06:23:07,712 [grpc-default-executor-9] WARN  server.GrpcLogAppender (LogUtils.java:warn(134)) - 33dfb9e4-5af7-48c0-aed2-49a098141a6c@group-3AEA3A3A61FF->25f8cd60-600d-4c27-9835-e918e1f0a30b-AppendLogResponseHandler: Failed appendEntries: org.apache.ratis.thirdparty.io.grpc.StatusRuntimeException: UNAVAILABLE: io exception
2019-10-01 06:23:07,712 [grpc-default-executor-9] INFO  impl.FollowerInfo (FollowerInfo.java:lambda$new$0(51)) - 33dfb9e4-5af7-48c0-aed2-49a098141a6c@group-3AEA3A3A61FF->25f8cd60-600d-4c27-9835-e918e1f0a30b: nextIndex: updateUnconditionally 0 -> 0
2019-10-01 06:23:08,325 [main] INFO  ozone.MiniOzoneClusterImpl (MiniOzoneClusterImpl.java:lambda$waitForClusterToBeReady$0(147)) - Waiting for cluster to be ready. Got 0 of 7 DN Heartbeats.
2019-10-01 06:23:08,424 [Datanode State Machine Thread - 0] INFO  ozoneimpl.OzoneContainer (OzoneContainer.java:start(217)) - Attempting to start container services.
2019-10-01 06:23:08,425 [Datanode State Machine Thread - 0] INFO  ozoneimpl.OzoneContainer (OzoneContainer.java:startContainerScrub(179)) - Background container scanner has been disabled.
2019-10-01 06:23:08,425 [Datanode State Machine Thread - 0] INFO  ratis.XceiverServerRatis (XceiverServerRatis.java:start(417)) - Starting XceiverServerRatis efd9ac6f-ff5e-4968-a08a-87ccf28a484c at port 0
2019-10-01 06:23:08,432 [Datanode State Machine Thread - 0] INFO  impl.RaftServerProxy (RaftServerProxy.java:lambda$start$3(299)) - efd9ac6f-ff5e-4968-a08a-87ccf28a484c: start RPC server
2019-10-01 06:23:08,432 [Datanode State Machine Thread - 0] INFO  server.GrpcService (GrpcService.java:startImpl(158)) - efd9ac6f-ff5e-4968-a08a-87ccf28a484c: GrpcService started, listening on 0.0.0.0/0.0.0.0:32768
2019-10-01 06:23:08,433 [Datanode State Machine Thread - 0] INFO  ratis.XceiverServerRatis (XceiverServerRatis.java:start(427)) - XceiverServerRatis efd9ac6f-ff5e-4968-a08a-87ccf28a484c is started using port 32768
2019-10-01 06:23:08,437 [Datanode State Machine Thread - 0] INFO  server.XceiverServerGrpc (XceiverServerGrpc.java:start(149)) - XceiverServerGrpc efd9ac6f-ff5e-4968-a08a-87ccf28a484c is started using port 40889
2019-10-01 06:23:08,575 [Datanode State Machine Thread - 0] INFO  ozoneimpl.OzoneContainer (OzoneContainer.java:start(217)) - Attempting to start container services.
2019-10-01 06:23:08,575 [Datanode State Machine Thread - 0] INFO  ozoneimpl.OzoneContainer (OzoneContainer.java:startContainerScrub(179)) - Background container scanner has been disabled.
2019-10-01 06:23:08,575 [Datanode State Machine Thread - 0] INFO  ratis.XceiverServerRatis (XceiverServerRatis.java:start(417)) - Starting XceiverServerRatis aaa00b68-949c-4488-a5cf-23a59052fdec at port 0
2019-10-01 06:23:08,581 [Datanode State Machine Thread - 0] INFO  impl.RaftServerProxy (RaftServerProxy.java:lambda$start$3(299)) - aaa00b68-949c-4488-a5cf-23a59052fdec: start RPC server
2019-10-01 06:23:08,582 [Datanode State Machine Thread - 0] INFO  server.GrpcService (GrpcService.java:startImpl(158)) - aaa00b68-949c-4488-a5cf-23a59052fdec: GrpcService started, listening on 0.0.0.0/0.0.0.0:43034
2019-10-01 06:23:08,582 [Datanode State Machine Thread - 0] INFO  ratis.XceiverServerRatis (XceiverServerRatis.java:start(427)) - XceiverServerRatis aaa00b68-949c-4488-a5cf-23a59052fdec is started using port 43034
2019-10-01 06:23:08,583 [Datanode State Machine Thread - 0] INFO  server.XceiverServerGrpc (XceiverServerGrpc.java:start(149)) - XceiverServerGrpc aaa00b68-949c-4488-a5cf-23a59052fdec is started using port 33944
2019-10-01 06:23:08,692 [Datanode State Machine Thread - 0] INFO  ozoneimpl.OzoneContainer (OzoneContainer.java:start(217)) - Attempting to start container services.
2019-10-01 06:23:08,692 [Datanode State Machine Thread - 0] INFO  ozoneimpl.OzoneContainer (OzoneContainer.java:startContainerScrub(179)) - Background container scanner has been disabled.
2019-10-01 06:23:08,692 [Datanode State Machine Thread - 0] INFO  ratis.XceiverServerRatis (XceiverServerRatis.java:start(417)) - Starting XceiverServerRatis e7934135-fd47-404e-892b-137bed43e7da at port 0
2019-10-01 06:23:08,699 [Datanode State Machine Thread - 0] INFO  impl.RaftServerProxy (RaftServerProxy.java:lambda$start$3(299)) - e7934135-fd47-404e-892b-137bed43e7da: start RPC server
2019-10-01 06:23:08,707 [Datanode State Machine Thread - 0] INFO  server.GrpcService (GrpcService.java:startImpl(158)) - e7934135-fd47-404e-892b-137bed43e7da: GrpcService started, listening on 0.0.0.0/0.0.0.0:45453
2019-10-01 06:23:08,707 [Datanode State Machine Thread - 0] INFO  ratis.XceiverServerRatis (XceiverServerRatis.java:start(427)) - XceiverServerRatis e7934135-fd47-404e-892b-137bed43e7da is started using port 45453
2019-10-01 06:23:08,708 [Datanode State Machine Thread - 0] INFO  server.XceiverServerGrpc (XceiverServerGrpc.java:start(149)) - XceiverServerGrpc e7934135-fd47-404e-892b-137bed43e7da is started using port 42223
2019-10-01 06:23:08,901 [Datanode State Machine Thread - 0] INFO  ozoneimpl.OzoneContainer (OzoneContainer.java:start(217)) - Attempting to start container services.
2019-10-01 06:23:08,901 [Datanode State Machine Thread - 0] INFO  ozoneimpl.OzoneContainer (OzoneContainer.java:startContainerScrub(179)) - Background container scanner has been disabled.
2019-10-01 06:23:08,901 [Datanode State Machine Thread - 0] INFO  ratis.XceiverServerRatis (XceiverServerRatis.java:start(417)) - Starting XceiverServerRatis a8928fd9-7185-4781-af55-fc9b1af75c2e at port 0
2019-10-01 06:23:08,908 [Datanode State Machine Thread - 0] INFO  impl.RaftServerProxy (RaftServerProxy.java:lambda$start$3(299)) - a8928fd9-7185-4781-af55-fc9b1af75c2e: start RPC server
2019-10-01 06:23:08,909 [Datanode State Machine Thread - 0] INFO  server.GrpcService (GrpcService.java:startImpl(158)) - a8928fd9-7185-4781-af55-fc9b1af75c2e: GrpcService started, listening on 0.0.0.0/0.0.0.0:33533
2019-10-01 06:23:08,910 [Datanode State Machine Thread - 0] INFO  ratis.XceiverServerRatis (XceiverServerRatis.java:start(427)) - XceiverServerRatis a8928fd9-7185-4781-af55-fc9b1af75c2e is started using port 33533
2019-10-01 06:23:08,910 [Datanode State Machine Thread - 0] INFO  server.XceiverServerGrpc (XceiverServerGrpc.java:start(149)) - XceiverServerGrpc a8928fd9-7185-4781-af55-fc9b1af75c2e is started using port 33603
2019-10-01 06:23:09,001 [Datanode State Machine Thread - 0] INFO  ozoneimpl.OzoneContainer (OzoneContainer.java:start(217)) - Attempting to start container services.
2019-10-01 06:23:09,001 [Datanode State Machine Thread - 0] INFO  ozoneimpl.OzoneContainer (OzoneContainer.java:startContainerScrub(179)) - Background container scanner has been disabled.
2019-10-01 06:23:09,001 [Datanode State Machine Thread - 0] INFO  ratis.XceiverServerRatis (XceiverServerRatis.java:start(417)) - Starting XceiverServerRatis 122f6aff-2eb5-468d-983a-428122ab2ecb at port 0
2019-10-01 06:23:09,008 [Datanode State Machine Thread - 0] INFO  impl.RaftServerProxy (RaftServerProxy.java:lambda$start$3(299)) - 122f6aff-2eb5-468d-983a-428122ab2ecb: start RPC server
2019-10-01 06:23:09,016 [Datanode State Machine Thread - 0] INFO  server.GrpcService (GrpcService.java:startImpl(158)) - 122f6aff-2eb5-468d-983a-428122ab2ecb: GrpcService started, listening on 0.0.0.0/0.0.0.0:37875
2019-10-01 06:23:09,017 [Datanode State Machine Thread - 0] INFO  ratis.XceiverServerRatis (XceiverServerRatis.java:start(427)) - XceiverServerRatis 122f6aff-2eb5-468d-983a-428122ab2ecb is started using port 37875
2019-10-01 06:23:09,017 [Datanode State Machine Thread - 0] INFO  server.XceiverServerGrpc (XceiverServerGrpc.java:start(149)) - XceiverServerGrpc 122f6aff-2eb5-468d-983a-428122ab2ecb is started using port 34232
2019-10-01 06:23:09,257 [Datanode State Machine Thread - 0] INFO  ozoneimpl.OzoneContainer (OzoneContainer.java:start(217)) - Attempting to start container services.
2019-10-01 06:23:09,257 [Datanode State Machine Thread - 0] INFO  ozoneimpl.OzoneContainer (OzoneContainer.java:startContainerScrub(179)) - Background container scanner has been disabled.
2019-10-01 06:23:09,258 [Datanode State Machine Thread - 0] INFO  ratis.XceiverServerRatis (XceiverServerRatis.java:start(417)) - Starting XceiverServerRatis 559da6ae-3c3f-4b3b-89ff-b3d5b30db03c at port 0
2019-10-01 06:23:09,265 [Datanode State Machine Thread - 0] INFO  impl.RaftServerProxy (RaftServerProxy.java:lambda$start$3(299)) - 559da6ae-3c3f-4b3b-89ff-b3d5b30db03c: start RPC server
2019-10-01 06:23:09,266 [Datanode State Machine Thread - 0] INFO  server.GrpcService (GrpcService.java:startImpl(158)) - 559da6ae-3c3f-4b3b-89ff-b3d5b30db03c: GrpcService started, listening on 0.0.0.0/0.0.0.0:42530
2019-10-01 06:23:09,266 [Datanode State Machine Thread - 0] INFO  ratis.XceiverServerRatis (XceiverServerRatis.java:start(427)) - XceiverServerRatis 559da6ae-3c3f-4b3b-89ff-b3d5b30db03c is started using port 42530
2019-10-01 06:23:09,266 [Datanode State Machine Thread - 0] INFO  server.XceiverServerGrpc (XceiverServerGrpc.java:start(149)) - XceiverServerGrpc 559da6ae-3c3f-4b3b-89ff-b3d5b30db03c is started using port 40942
2019-10-01 06:23:09,325 [main] INFO  ozone.MiniOzoneClusterImpl (MiniOzoneClusterImpl.java:lambda$waitForClusterToBeReady$0(147)) - Waiting for cluster to be ready. Got 0 of 7 DN Heartbeats.
2019-10-01 06:23:09,350 [Datanode State Machine Thread - 0] INFO  ozoneimpl.OzoneContainer (OzoneContainer.java:start(217)) - Attempting to start container services.
2019-10-01 06:23:09,350 [Datanode State Machine Thread - 0] INFO  ozoneimpl.OzoneContainer (OzoneContainer.java:startContainerScrub(179)) - Background container scanner has been disabled.
2019-10-01 06:23:09,350 [Datanode State Machine Thread - 0] INFO  ratis.XceiverServerRatis (XceiverServerRatis.java:start(417)) - Starting XceiverServerRatis a693e269-e89e-4962-824b-589d24eba9f5 at port 0
2019-10-01 06:23:09,357 [Datanode State Machine Thread - 0] INFO  impl.RaftServerProxy (RaftServerProxy.java:lambda$start$3(299)) - a693e269-e89e-4962-824b-589d24eba9f5: start RPC server
2019-10-01 06:23:09,358 [Datanode State Machine Thread - 0] INFO  server.GrpcService (GrpcService.java:startImpl(158)) - a693e269-e89e-4962-824b-589d24eba9f5: GrpcService started, listening on 0.0.0.0/0.0.0.0:33802
2019-10-01 06:23:09,358 [Datanode State Machine Thread - 0] INFO  ratis.XceiverServerRatis (XceiverServerRatis.java:start(427)) - XceiverServerRatis a693e269-e89e-4962-824b-589d24eba9f5 is started using port 33802
2019-10-01 06:23:09,358 [Datanode State Machine Thread - 0] INFO  server.XceiverServerGrpc (XceiverServerGrpc.java:start(149)) - XceiverServerGrpc a693e269-e89e-4962-824b-589d24eba9f5 is started using port 37321
2019-10-01 06:23:09,506 [grpc-default-executor-9] INFO  impl.RaftServerProxy (RaftServerProxy.java:remove(95)) - 12b52986-f812-4a0e-b5ca-19605aac5ce5: remove  FOLLOWER 12b52986-f812-4a0e-b5ca-19605aac5ce5@group-DF7814A3CEC0:t1, leader=null, voted=12b52986-f812-4a0e-b5ca-19605aac5ce5, raftlog=12b52986-f812-4a0e-b5ca-19605aac5ce5@group-DF7814A3CEC0-SegmentedRaftLog:OPENED:c-1,f-1,i0, conf=-1: [b13a3cc5-7860-43cb-88ea-b527511dabf1:192.168.30.6:44781, 12b52986-f812-4a0e-b5ca-19605aac5ce5:192.168.30.6:35515, 33dfb9e4-5af7-48c0-aed2-49a098141a6c:192.168.30.6:41425], old=null RUNNING
2019-10-01 06:23:09,506 [grpc-default-executor-9] INFO  impl.RaftServerImpl (RaftServerImpl.java:lambda$shutdown$3(247)) - 12b52986-f812-4a0e-b5ca-19605aac5ce5@group-DF7814A3CEC0: shutdown
2019-10-01 06:23:09,507 [grpc-default-executor-9] INFO  util.JmxRegister (JmxRegister.java:unregister(73)) - Successfully un-registered JMX Bean with object name Ratis:service=RaftServer,group=group-DF7814A3CEC0,id=12b52986-f812-4a0e-b5ca-19605aac5ce5
2019-10-01 06:23:09,507 [grpc-default-executor-9] INFO  impl.RoleInfo (RoleInfo.java:shutdownFollowerState(121)) - 12b52986-f812-4a0e-b5ca-19605aac5ce5: shutdown FollowerState
2019-10-01 06:23:09,507 [grpc-default-executor-9] INFO  impl.StateMachineUpdater (StateMachineUpdater.java:stopAndJoin(136)) - 12b52986-f812-4a0e-b5ca-19605aac5ce5@group-DF7814A3CEC0-StateMachineUpdater: set stopIndex = -1
2019-10-01 06:23:09,507 [Thread-2515] INFO  impl.FollowerState (FollowerState.java:run(117)) - 12b52986-f812-4a0e-b5ca-19605aac5ce5@group-DF7814A3CEC0-FollowerState was interrupted: java.lang.InterruptedException: sleep interrupted
2019-10-01 06:23:09,519 [grpc-default-executor-9] INFO  impl.RaftServerImpl (ServerState.java:close(387)) - 12b52986-f812-4a0e-b5ca-19605aac5ce5@group-DF7814A3CEC0: closes. applyIndex: -1
2019-10-01 06:23:09,519 [12b52986-f812-4a0e-b5ca-19605aac5ce5@group-DF7814A3CEC0-SegmentedRaftLogWorker] INFO  segmented.SegmentedRaftLogWorker (SegmentedRaftLogWorker.java:run(316)) - 12b52986-f812-4a0e-b5ca-19605aac5ce5@group-DF7814A3CEC0-SegmentedRaftLogWorker was interrupted, exiting. There are 0 tasks remaining in the queue.
2019-10-01 06:23:09,519 [grpc-default-executor-9] INFO  segmented.SegmentedRaftLogWorker (SegmentedRaftLogWorker.java:close(224)) - 12b52986-f812-4a0e-b5ca-19605aac5ce5@group-DF7814A3CEC0-SegmentedRaftLogWorker close()
2019-10-01 06:23:10,213 [grpc-default-executor-9] WARN  server.GrpcLogAppender (LogUtils.java:warn(134)) - 33dfb9e4-5af7-48c0-aed2-49a098141a6c@group-3AEA3A3A61FF->b13a3cc5-7860-43cb-88ea-b527511dabf1-AppendLogResponseHandler: Failed appendEntries: org.apache.ratis.thirdparty.io.grpc.StatusRuntimeException: UNAVAILABLE: io exception
2019-10-01 06:23:10,213 [grpc-default-executor-8] WARN  server.GrpcLogAppender (LogUtils.java:warn(134)) - 33dfb9e4-5af7-48c0-aed2-49a098141a6c@group-3AEA3A3A61FF->25f8cd60-600d-4c27-9835-e918e1f0a30b-AppendLogResponseHandler: Failed appendEntries: org.apache.ratis.thirdparty.io.grpc.StatusRuntimeException: UNAVAILABLE: io exception
2019-10-01 06:23:10,213 [grpc-default-executor-9] INFO  impl.FollowerInfo (FollowerInfo.java:lambda$new$0(51)) - 33dfb9e4-5af7-48c0-aed2-49a098141a6c@group-3AEA3A3A61FF->b13a3cc5-7860-43cb-88ea-b527511dabf1: nextIndex: updateUnconditionally 0 -> 0
2019-10-01 06:23:10,213 [grpc-default-executor-8] INFO  impl.FollowerInfo (FollowerInfo.java:lambda$new$0(51)) - 33dfb9e4-5af7-48c0-aed2-49a098141a6c@group-3AEA3A3A61FF->25f8cd60-600d-4c27-9835-e918e1f0a30b: nextIndex: updateUnconditionally 0 -> 0
2019-10-01 06:23:10,326 [main] INFO  ozone.MiniOzoneClusterImpl (MiniOzoneClusterImpl.java:lambda$waitForClusterToBeReady$0(147)) - Waiting for cluster to be ready. Got 0 of 7 DN Heartbeats.
2019-10-01 06:23:10,381 [IPC Server handler 3 on 43143] INFO  net.NetworkTopology (NetworkTopologyImpl.java:add(111)) - Added a new node: /default-rack/efd9ac6f-ff5e-4968-a08a-87ccf28a484c
2019-10-01 06:23:10,387 [IPC Server handler 3 on 43143] INFO  node.SCMNodeManager (SCMNodeManager.java:register(266)) - Registered Data node : efd9ac6f-ff5e-4968-a08a-87ccf28a484c{ip: 192.168.30.6, host: trunk-nightly-20191001-qpwks-271313263, networkLocation: /default-rack, certSerialId: null}
2019-10-01 06:23:10,388 [EventQueue-NodeRegistrationContainerReportForDataNodeSafeModeRule] INFO  safemode.SCMSafeModeManager (DataNodeSafeModeRule.java:process(71)) - SCM in safe mode. 1 DataNodes registered, 1 required.
2019-10-01 06:23:10,394 [EventQueue-NodeRegistrationContainerReportForDataNodeSafeModeRule] INFO  safemode.SCMSafeModeManager (SCMSafeModeManager.java:validateSafeModeExitRules(177)) - ScmSafeModeManager, all rules are successfully validated
2019-10-01 06:23:10,394 [EventQueue-NodeRegistrationContainerReportForDataNodeSafeModeRule] INFO  safemode.SCMSafeModeManager (SCMSafeModeManager.java:exitSafeMode(193)) - SCM exiting safe mode.
2019-10-01 06:23:10,408 [grpc-default-executor-8] INFO  impl.RaftServerProxy (RaftServerProxy.java:addNew(89)) - efd9ac6f-ff5e-4968-a08a-87ccf28a484c: addNew group-BC6942A48A20:[efd9ac6f-ff5e-4968-a08a-87ccf28a484c:192.168.30.6:32768] returns group-BC6942A48A20:java.util.concurrent.CompletableFuture@3a21ab92[Not completed]
2019-10-01 06:23:10,410 [pool-383-thread-1] INFO  impl.RaftServerImpl (RaftServerImpl.java:<init>(95)) - efd9ac6f-ff5e-4968-a08a-87ccf28a484c: new RaftServerImpl for group-BC6942A48A20:[efd9ac6f-ff5e-4968-a08a-87ccf28a484c:192.168.30.6:32768] with ContainerStateMachine:uninitialized
2019-10-01 06:23:10,410 [pool-383-thread-1] INFO  server.RaftServerConfigKeys (ConfUtils.java:logGet(43)) - raft.server.rpc.timeout.min = 5s (custom)
2019-10-01 06:23:10,411 [pool-383-thread-1] INFO  server.RaftServerConfigKeys (ConfUtils.java:logGet(43)) - raft.server.rpc.timeout.max = 5200ms (custom)
2019-10-01 06:23:10,411 [pool-383-thread-1] INFO  server.RaftServerConfigKeys (ConfUtils.java:logGet(43)) - raft.server.rpcslowness.timeout = 120s (custom)
2019-10-01 06:23:10,411 [pool-383-thread-1] INFO  server.RaftServerConfigKeys (ConfUtils.java:logGet(43)) - raft.server.sleep.deviation.threshold = 300 (default)
2019-10-01 06:23:10,411 [pool-383-thread-1] INFO  server.RaftServerConfigKeys (ConfUtils.java:logGet(43)) - raft.server.log.appender.install.snapshot.enabled = false (custom)
2019-10-01 06:23:10,411 [pool-383-thread-1] INFO  impl.RaftServerImpl (ServerState.java:<init>(103)) - efd9ac6f-ff5e-4968-a08a-87ccf28a484c@group-BC6942A48A20: ConfigurationManager, init=-1: [efd9ac6f-ff5e-4968-a08a-87ccf28a484c:192.168.30.6:32768], old=null, confs=<EMPTY_MAP>
2019-10-01 06:23:10,411 [pool-383-thread-1] INFO  server.RaftServerConfigKeys (ConfUtils.java:logGet(43)) - raft.server.storage.dir = [/workdir/hadoop-ozone/integration-test/target/test-dir/MiniOzoneClusterImpl-7b9204ab-7931-4724-b6ae-3e28cc8e7013/datanode-0/data/ratis] (custom)
2019-10-01 06:23:10,411 [pool-383-thread-1] INFO  server.RaftServerConfigKeys (ConfUtils.java:logGet(43)) - raft.server.log.corruption.policy = EXCEPTION (default)
2019-10-01 06:23:10,412 [pool-383-thread-1] INFO  storage.RaftStorageDirectory (RaftStorageDirectory.java:analyzeStorage(246)) - The storage directory /workdir/hadoop-ozone/integration-test/target/test-dir/MiniOzoneClusterImpl-7b9204ab-7931-4724-b6ae-3e28cc8e7013/datanode-0/data/ratis/509dd36f-0721-4596-ba12-bc6942a48a20 does not exist. Creating ...
2019-10-01 06:23:10,435 [pool-383-thread-1] INFO  storage.RaftStorageDirectory (RaftStorageDirectory.java:tryLock(328)) - Lock on /workdir/hadoop-ozone/integration-test/target/test-dir/MiniOzoneClusterImpl-7b9204ab-7931-4724-b6ae-3e28cc8e7013/datanode-0/data/ratis/509dd36f-0721-4596-ba12-bc6942a48a20/in_use.lock acquired by nodename 11602@trunk-nightly-20191001-qpwks-271313263
2019-10-01 06:23:10,465 [pool-383-thread-1] INFO  storage.RaftStorage (RaftStorage.java:format(84)) - Storage directory /workdir/hadoop-ozone/integration-test/target/test-dir/MiniOzoneClusterImpl-7b9204ab-7931-4724-b6ae-3e28cc8e7013/datanode-0/data/ratis/509dd36f-0721-4596-ba12-bc6942a48a20 has been successfully formatted.
2019-10-01 06:23:10,466 [pool-383-thread-1] INFO  ratis.ContainerStateMachine (ContainerStateMachine.java:loadSnapshot(230)) - group-BC6942A48A20: The snapshot info is null. Setting the last applied indexto:(t:0, i:~)
2019-10-01 06:23:10,466 [pool-383-thread-1] INFO  server.RaftServerConfigKeys (ConfUtils.java:logGet(43)) - raft.server.notification.no-leader.timeout = 120s (custom)
2019-10-01 06:23:10,466 [pool-383-thread-1] INFO  server.RaftServerConfigKeys (ConfUtils.java:logGet(43)) - raft.server.log.use.memory = false (default)
2019-10-01 06:23:10,466 [pool-383-thread-1] INFO  server.RaftServerConfigKeys (ConfUtils.java:logGet(43)) - raft.server.log.purge.gap = 1000000 (custom)
2019-10-01 06:23:10,466 [pool-383-thread-1] INFO  server.RaftServerConfigKeys (ConfUtils.java:logGet(43)) - raft.server.log.appender.buffer.byte-limit = 33554432 (custom)
2019-10-01 06:23:10,467 [pool-383-thread-1] INFO  server.RaftServerConfigKeys (ConfUtils.java:logGet(43)) - raft.server.log.segment.size.max = 1048576 (custom)
2019-10-01 06:23:10,469 [pool-383-thread-1] INFO  server.RaftServerConfigKeys (ConfUtils.java:logGet(43)) - raft.server.log.segment.cache.num.max = 2 (custom)
2019-10-01 06:23:10,469 [pool-383-thread-1] INFO  segmented.SegmentedRaftLogWorker (SegmentedRaftLogWorker.java:<init>(173)) - new efd9ac6f-ff5e-4968-a08a-87ccf28a484c@group-BC6942A48A20-SegmentedRaftLogWorker for RaftStorage:Storage Directory /workdir/hadoop-ozone/integration-test/target/test-dir/MiniOzoneClusterImpl-7b9204ab-7931-4724-b6ae-3e28cc8e7013/datanode-0/data/ratis/509dd36f-0721-4596-ba12-bc6942a48a20
2019-10-01 06:23:10,469 [pool-383-thread-1] INFO  server.RaftServerConfigKeys (ConfUtils.java:logGet(43)) - raft.server.log.queue.byte-limit = 2147483647 (custom)
2019-10-01 06:23:10,470 [pool-383-thread-1] INFO  server.RaftServerConfigKeys (ConfUtils.java:logGet(43)) - raft.server.log.queue.element-limit = 1024 (custom)
2019-10-01 06:23:10,470 [pool-383-thread-1] INFO  server.RaftServerConfigKeys (ConfUtils.java:logGet(43)) - raft.server.log.segment.size.max = 1048576 (custom)
2019-10-01 06:23:10,470 [pool-383-thread-1] INFO  server.RaftServerConfigKeys (ConfUtils.java:logGet(43)) - raft.server.log.preallocated.size = 16384 (custom)
2019-10-01 06:23:10,470 [pool-383-thread-1] INFO  server.RaftServerConfigKeys (ConfUtils.java:logGet(43)) - raft.server.log.write.buffer.size = 33554432 (custom)
2019-10-01 06:23:10,470 [pool-383-thread-1] INFO  server.RaftServerConfigKeys (ConfUtils.java:logGet(43)) - raft.server.log.force.sync.num = 128 (default)
2019-10-01 06:23:10,470 [pool-383-thread-1] INFO  server.RaftServerConfigKeys (ConfUtils.java:logGet(43)) - raft.server.log.statemachine.data.sync = true (default)
2019-10-01 06:23:10,471 [pool-383-thread-1] INFO  server.RaftServerConfigKeys (ConfUtils.java:logGet(43)) - raft.server.log.statemachine.data.sync.timeout = 10s (default)
2019-10-01 06:23:10,471 [pool-383-thread-1] INFO  server.RaftServerConfigKeys (ConfUtils.java:logGet(43)) - raft.server.log.statemachine.data.sync.timeout.retry = -1 (default)
2019-10-01 06:23:10,471 [pool-383-thread-1] INFO  server.RaftServerConfigKeys (ConfUtils.java:logGet(43)) - raft.server.log.statemachine.data.caching.enabled = true (custom)
2019-10-01 06:23:10,472 [pool-383-thread-1] INFO  segmented.SegmentedRaftLogWorker (SegmentedRaftLogWorker.java:lambda$new$0(128)) - efd9ac6f-ff5e-4968-a08a-87ccf28a484c@group-BC6942A48A20-SegmentedRaftLogWorker: flushIndex: setUnconditionally 0 -> -1
2019-10-01 06:23:10,472 [pool-383-thread-1] INFO  server.RaftServerConfigKeys (ConfUtils.java:logGet(43)) - raft.server.snapshot.auto.trigger.enabled = true (custom)
2019-10-01 06:23:10,472 [pool-383-thread-1] INFO  server.RaftServerConfigKeys (ConfUtils.java:logGet(43)) - raft.server.snapshot.auto.trigger.threshold = 10000 (custom)
2019-10-01 06:23:10,472 [pool-383-thread-1] INFO  server.RaftServerConfigKeys (ConfUtils.java:logGet(43)) - raft.server.snapshot.retention.file.num = 5 (custom)
2019-10-01 06:23:10,473 [pool-383-thread-1] INFO  server.RaftServerConfigKeys (ConfUtils.java:logGet(43)) - raft.server.retrycache.expirytime = 600000ms (custom)
2019-10-01 06:23:10,475 [pool-383-thread-1] INFO  impl.RaftServerImpl (RaftServerImpl.java:start(181)) - efd9ac6f-ff5e-4968-a08a-87ccf28a484c@group-BC6942A48A20: start as a follower, conf=-1: [efd9ac6f-ff5e-4968-a08a-87ccf28a484c:192.168.30.6:32768], old=null
2019-10-01 06:23:10,475 [pool-383-thread-1] INFO  impl.RaftServerImpl (RaftServerImpl.java:setRole(170)) - efd9ac6f-ff5e-4968-a08a-87ccf28a484c@group-BC6942A48A20: changes role from      null to FOLLOWER at term 0 for startAsFollower
2019-10-01 06:23:10,475 [pool-383-thread-1] INFO  impl.RoleInfo (RoleInfo.java:updateAndGet(143)) - efd9ac6f-ff5e-4968-a08a-87ccf28a484c: start FollowerState
2019-10-01 06:23:10,475 [pool-383-thread-1] INFO  util.JmxRegister (JmxRegister.java:tryRegister(44)) - Successfully registered JMX Bean with object name Ratis:service=RaftServer,group=group-BC6942A48A20,id=efd9ac6f-ff5e-4968-a08a-87ccf28a484c
2019-10-01 06:23:10,480 [RatisPipelineUtilsThread] INFO  pipeline.PipelineStateManager (PipelineStateManager.java:addPipeline(56)) - Created pipeline Pipeline[ Id: 509dd36f-0721-4596-ba12-bc6942a48a20, Nodes: efd9ac6f-ff5e-4968-a08a-87ccf28a484c{ip: 192.168.30.6, host: trunk-nightly-20191001-qpwks-271313263, networkLocation: /default-rack, certSerialId: null}, Type:RATIS, Factor:ONE, State:OPEN]
2019-10-01 06:23:10,530 [IPC Server handler 5 on 43143] INFO  net.NetworkTopology (NetworkTopologyImpl.java:add(111)) - Added a new node: /default-rack/aaa00b68-949c-4488-a5cf-23a59052fdec
2019-10-01 06:23:10,531 [IPC Server handler 5 on 43143] INFO  node.SCMNodeManager (SCMNodeManager.java:register(266)) - Registered Data node : aaa00b68-949c-4488-a5cf-23a59052fdec{ip: 192.168.30.6, host: trunk-nightly-20191001-qpwks-271313263, networkLocation: /default-rack, certSerialId: null}
2019-10-01 06:23:10,546 [grpc-default-executor-8] INFO  impl.RaftServerProxy (RaftServerProxy.java:addNew(89)) - aaa00b68-949c-4488-a5cf-23a59052fdec: addNew group-1E2D30A67171:[aaa00b68-949c-4488-a5cf-23a59052fdec:192.168.30.6:43034] returns group-1E2D30A67171:java.util.concurrent.CompletableFuture@716baec2[Not completed]
2019-10-01 06:23:10,547 [pool-393-thread-1] INFO  impl.RaftServerImpl (RaftServerImpl.java:<init>(95)) - aaa00b68-949c-4488-a5cf-23a59052fdec: new RaftServerImpl for group-1E2D30A67171:[aaa00b68-949c-4488-a5cf-23a59052fdec:192.168.30.6:43034] with ContainerStateMachine:uninitialized
2019-10-01 06:23:10,548 [pool-393-thread-1] INFO  server.RaftServerConfigKeys (ConfUtils.java:logGet(43)) - raft.server.rpc.timeout.min = 5s (custom)
2019-10-01 06:23:10,548 [pool-393-thread-1] INFO  server.RaftServerConfigKeys (ConfUtils.java:logGet(43)) - raft.server.rpc.timeout.max = 5200ms (custom)
2019-10-01 06:23:10,548 [pool-393-thread-1] INFO  server.RaftServerConfigKeys (ConfUtils.java:logGet(43)) - raft.server.rpcslowness.timeout = 120s (custom)
2019-10-01 06:23:10,548 [pool-393-thread-1] INFO  server.RaftServerConfigKeys (ConfUtils.java:logGet(43)) - raft.server.sleep.deviation.threshold = 300 (default)
2019-10-01 06:23:10,548 [pool-393-thread-1] INFO  server.RaftServerConfigKeys (ConfUtils.java:logGet(43)) - raft.server.log.appender.install.snapshot.enabled = false (custom)
2019-10-01 06:23:10,548 [pool-393-thread-1] INFO  impl.RaftServerImpl (ServerState.java:<init>(103)) - aaa00b68-949c-4488-a5cf-23a59052fdec@group-1E2D30A67171: ConfigurationManager, init=-1: [aaa00b68-949c-4488-a5cf-23a59052fdec:192.168.30.6:43034], old=null, confs=<EMPTY_MAP>
2019-10-01 06:23:10,548 [pool-393-thread-1] INFO  server.RaftServerConfigKeys (ConfUtils.java:logGet(43)) - raft.server.storage.dir = [/workdir/hadoop-ozone/integration-test/target/test-dir/MiniOzoneClusterImpl-7b9204ab-7931-4724-b6ae-3e28cc8e7013/datanode-1/data/ratis] (custom)
2019-10-01 06:23:10,548 [pool-393-thread-1] INFO  server.RaftServerConfigKeys (ConfUtils.java:logGet(43)) - raft.server.log.corruption.policy = EXCEPTION (default)
2019-10-01 06:23:10,549 [pool-393-thread-1] INFO  storage.RaftStorageDirectory (RaftStorageDirectory.java:analyzeStorage(246)) - The storage directory /workdir/hadoop-ozone/integration-test/target/test-dir/MiniOzoneClusterImpl-7b9204ab-7931-4724-b6ae-3e28cc8e7013/datanode-1/data/ratis/2ed0afc9-c645-4a68-a963-1e2d30a67171 does not exist. Creating ...
2019-10-01 06:23:10,589 [pool-393-thread-1] INFO  storage.RaftStorageDirectory (RaftStorageDirectory.java:tryLock(328)) - Lock on /workdir/hadoop-ozone/integration-test/target/test-dir/MiniOzoneClusterImpl-7b9204ab-7931-4724-b6ae-3e28cc8e7013/datanode-1/data/ratis/2ed0afc9-c645-4a68-a963-1e2d30a67171/in_use.lock acquired by nodename 11602@trunk-nightly-20191001-qpwks-271313263
2019-10-01 06:23:10,615 [pool-393-thread-1] INFO  storage.RaftStorage (RaftStorage.java:format(84)) - Storage directory /workdir/hadoop-ozone/integration-test/target/test-dir/MiniOzoneClusterImpl-7b9204ab-7931-4724-b6ae-3e28cc8e7013/datanode-1/data/ratis/2ed0afc9-c645-4a68-a963-1e2d30a67171 has been successfully formatted.
2019-10-01 06:23:10,615 [pool-393-thread-1] INFO  ratis.ContainerStateMachine (ContainerStateMachine.java:loadSnapshot(230)) - group-1E2D30A67171: The snapshot info is null. Setting the last applied indexto:(t:0, i:~)
2019-10-01 06:23:10,615 [pool-393-thread-1] INFO  server.RaftServerConfigKeys (ConfUtils.java:logGet(43)) - raft.server.notification.no-leader.timeout = 120s (custom)
2019-10-01 06:23:10,615 [pool-393-thread-1] INFO  server.RaftServerConfigKeys (ConfUtils.java:logGet(43)) - raft.server.log.use.memory = false (default)
2019-10-01 06:23:10,616 [pool-393-thread-1] INFO  server.RaftServerConfigKeys (ConfUtils.java:logGet(43)) - raft.server.log.purge.gap = 1000000 (custom)
2019-10-01 06:23:10,616 [pool-393-thread-1] INFO  server.RaftServerConfigKeys (ConfUtils.java:logGet(43)) - raft.server.log.appender.buffer.byte-limit = 33554432 (custom)
2019-10-01 06:23:10,616 [pool-393-thread-1] INFO  server.RaftServerConfigKeys (ConfUtils.java:logGet(43)) - raft.server.log.segment.size.max = 1048576 (custom)
2019-10-01 06:23:10,619 [pool-393-thread-1] INFO  server.RaftServerConfigKeys (ConfUtils.java:logGet(43)) - raft.server.log.segment.cache.num.max = 2 (custom)
2019-10-01 06:23:10,619 [pool-393-thread-1] INFO  segmented.SegmentedRaftLogWorker (SegmentedRaftLogWorker.java:<init>(173)) - new aaa00b68-949c-4488-a5cf-23a59052fdec@group-1E2D30A67171-SegmentedRaftLogWorker for RaftStorage:Storage Directory /workdir/hadoop-ozone/integration-test/target/test-dir/MiniOzoneClusterImpl-7b9204ab-7931-4724-b6ae-3e28cc8e7013/datanode-1/data/ratis/2ed0afc9-c645-4a68-a963-1e2d30a67171
2019-10-01 06:23:10,619 [pool-393-thread-1] INFO  server.RaftServerConfigKeys (ConfUtils.java:logGet(43)) - raft.server.log.queue.byte-limit = 2147483647 (custom)
2019-10-01 06:23:10,619 [pool-393-thread-1] INFO  server.RaftServerConfigKeys (ConfUtils.java:logGet(43)) - raft.server.log.queue.element-limit = 1024 (custom)
2019-10-01 06:23:10,619 [pool-393-thread-1] INFO  server.RaftServerConfigKeys (ConfUtils.java:logGet(43)) - raft.server.log.segment.size.max = 1048576 (custom)
2019-10-01 06:23:10,619 [pool-393-thread-1] INFO  server.RaftServerConfigKeys (ConfUtils.java:logGet(43)) - raft.server.log.preallocated.size = 16384 (custom)
2019-10-01 06:23:10,620 [pool-393-thread-1] INFO  server.RaftServerConfigKeys (ConfUtils.java:logGet(43)) - raft.server.log.write.buffer.size = 33554432 (custom)
2019-10-01 06:23:10,620 [pool-393-thread-1] INFO  server.RaftServerConfigKeys (ConfUtils.java:logGet(43)) - raft.server.log.force.sync.num = 128 (default)
2019-10-01 06:23:10,620 [pool-393-thread-1] INFO  server.RaftServerConfigKeys (ConfUtils.java:logGet(43)) - raft.server.log.statemachine.data.sync = true (default)
2019-10-01 06:23:10,620 [pool-393-thread-1] INFO  server.RaftServerConfigKeys (ConfUtils.java:logGet(43)) - raft.server.log.statemachine.data.sync.timeout = 10s (default)
2019-10-01 06:23:10,620 [pool-393-thread-1] INFO  server.RaftServerConfigKeys (ConfUtils.java:logGet(43)) - raft.server.log.statemachine.data.sync.timeout.retry = -1 (default)
2019-10-01 06:23:10,621 [pool-393-thread-1] INFO  server.RaftServerConfigKeys (ConfUtils.java:logGet(43)) - raft.server.log.statemachine.data.caching.enabled = true (custom)
2019-10-01 06:23:10,621 [pool-393-thread-1] INFO  segmented.SegmentedRaftLogWorker (SegmentedRaftLogWorker.java:lambda$new$0(128)) - aaa00b68-949c-4488-a5cf-23a59052fdec@group-1E2D30A67171-SegmentedRaftLogWorker: flushIndex: setUnconditionally 0 -> -1
2019-10-01 06:23:10,622 [pool-393-thread-1] INFO  server.RaftServerConfigKeys (ConfUtils.java:logGet(43)) - raft.server.snapshot.auto.trigger.enabled = true (custom)
2019-10-01 06:23:10,622 [pool-393-thread-1] INFO  server.RaftServerConfigKeys (ConfUtils.java:logGet(43)) - raft.server.snapshot.auto.trigger.threshold = 10000 (custom)
2019-10-01 06:23:10,622 [pool-393-thread-1] INFO  server.RaftServerConfigKeys (ConfUtils.java:logGet(43)) - raft.server.snapshot.retention.file.num = 5 (custom)
2019-10-01 06:23:10,622 [pool-393-thread-1] INFO  server.RaftServerConfigKeys (ConfUtils.java:logGet(43)) - raft.server.retrycache.expirytime = 600000ms (custom)
2019-10-01 06:23:10,623 [pool-393-thread-1] INFO  impl.RaftServerImpl (RaftServerImpl.java:start(181)) - aaa00b68-949c-4488-a5cf-23a59052fdec@group-1E2D30A67171: start as a follower, conf=-1: [aaa00b68-949c-4488-a5cf-23a59052fdec:192.168.30.6:43034], old=null
2019-10-01 06:23:10,623 [pool-393-thread-1] INFO  impl.RaftServerImpl (RaftServerImpl.java:setRole(170)) - aaa00b68-949c-4488-a5cf-23a59052fdec@group-1E2D30A67171: changes role from      null to FOLLOWER at term 0 for startAsFollower
2019-10-01 06:23:10,624 [pool-393-thread-1] INFO  impl.RoleInfo (RoleInfo.java:updateAndGet(143)) - aaa00b68-949c-4488-a5cf-23a59052fdec: start FollowerState
2019-10-01 06:23:10,624 [pool-393-thread-1] INFO  util.JmxRegister (JmxRegister.java:tryRegister(44)) - Successfully registered JMX Bean with object name Ratis:service=RaftServer,group=group-1E2D30A67171,id=aaa00b68-949c-4488-a5cf-23a59052fdec
2019-10-01 06:23:10,628 [RatisPipelineUtilsThread] INFO  pipeline.PipelineStateManager (PipelineStateManager.java:addPipeline(56)) - Created pipeline Pipeline[ Id: 2ed0afc9-c645-4a68-a963-1e2d30a67171, Nodes: aaa00b68-949c-4488-a5cf-23a59052fdec{ip: 192.168.30.6, host: trunk-nightly-20191001-qpwks-271313263, networkLocation: /default-rack, certSerialId: null}, Type:RATIS, Factor:ONE, State:OPEN]
2019-10-01 06:23:10,664 [Thread-2516] INFO  impl.FollowerState (FollowerState.java:run(108)) - 33dfb9e4-5af7-48c0-aed2-49a098141a6c@group-DF7814A3CEC0-FollowerState: change to CANDIDATE, lastRpcTime:5162ms, electionTimeout:5162ms
2019-10-01 06:23:10,664 [Thread-2516] INFO  impl.RoleInfo (RoleInfo.java:shutdownFollowerState(121)) - 33dfb9e4-5af7-48c0-aed2-49a098141a6c: shutdown FollowerState
2019-10-01 06:23:10,665 [Thread-2516] INFO  impl.RaftServerImpl (RaftServerImpl.java:setRole(170)) - 33dfb9e4-5af7-48c0-aed2-49a098141a6c@group-DF7814A3CEC0: changes role from  FOLLOWER to CANDIDATE at term 1 for changeToCandidate
2019-10-01 06:23:10,665 [IPC Server handler 6 on 43143] INFO  net.NetworkTopology (NetworkTopologyImpl.java:add(111)) - Added a new node: /default-rack/e7934135-fd47-404e-892b-137bed43e7da
2019-10-01 06:23:10,665 [Thread-2516] INFO  impl.RoleInfo (RoleInfo.java:updateAndGet(143)) - 33dfb9e4-5af7-48c0-aed2-49a098141a6c: start LeaderElection
2019-10-01 06:23:10,665 [IPC Server handler 6 on 43143] INFO  node.SCMNodeManager (SCMNodeManager.java:register(266)) - Registered Data node : e7934135-fd47-404e-892b-137bed43e7da{ip: 192.168.30.6, host: trunk-nightly-20191001-qpwks-271313263, networkLocation: /default-rack, certSerialId: null}
2019-10-01 06:23:10,682 [grpc-default-executor-8] INFO  impl.RaftServerProxy (RaftServerProxy.java:addNew(89)) - e7934135-fd47-404e-892b-137bed43e7da: addNew group-5579ADD75791:[e7934135-fd47-404e-892b-137bed43e7da:192.168.30.6:45453] returns group-5579ADD75791:java.util.concurrent.CompletableFuture@59140b4e[Not completed]
2019-10-01 06:23:10,684 [pool-403-thread-1] INFO  impl.RaftServerImpl (RaftServerImpl.java:<init>(95)) - e7934135-fd47-404e-892b-137bed43e7da: new RaftServerImpl for group-5579ADD75791:[e7934135-fd47-404e-892b-137bed43e7da:192.168.30.6:45453] with ContainerStateMachine:uninitialized
2019-10-01 06:23:10,684 [pool-403-thread-1] INFO  server.RaftServerConfigKeys (ConfUtils.java:logGet(43)) - raft.server.rpc.timeout.min = 5s (custom)
2019-10-01 06:23:10,685 [pool-403-thread-1] INFO  server.RaftServerConfigKeys (ConfUtils.java:logGet(43)) - raft.server.rpc.timeout.max = 5200ms (custom)
2019-10-01 06:23:10,685 [pool-403-thread-1] INFO  server.RaftServerConfigKeys (ConfUtils.java:logGet(43)) - raft.server.rpcslowness.timeout = 120s (custom)
2019-10-01 06:23:10,685 [pool-403-thread-1] INFO  server.RaftServerConfigKeys (ConfUtils.java:logGet(43)) - raft.server.sleep.deviation.threshold = 300 (default)
2019-10-01 06:23:10,685 [pool-403-thread-1] INFO  server.RaftServerConfigKeys (ConfUtils.java:logGet(43)) - raft.server.log.appender.install.snapshot.enabled = false (custom)
2019-10-01 06:23:10,685 [pool-403-thread-1] INFO  impl.RaftServerImpl (ServerState.java:<init>(103)) - e7934135-fd47-404e-892b-137bed43e7da@group-5579ADD75791: ConfigurationManager, init=-1: [e7934135-fd47-404e-892b-137bed43e7da:192.168.30.6:45453], old=null, confs=<EMPTY_MAP>
2019-10-01 06:23:10,685 [pool-403-thread-1] INFO  server.RaftServerConfigKeys (ConfUtils.java:logGet(43)) - raft.server.storage.dir = [/workdir/hadoop-ozone/integration-test/target/test-dir/MiniOzoneClusterImpl-7b9204ab-7931-4724-b6ae-3e28cc8e7013/datanode-2/data/ratis] (custom)
2019-10-01 06:23:10,685 [pool-403-thread-1] INFO  server.RaftServerConfigKeys (ConfUtils.java:logGet(43)) - raft.server.log.corruption.policy = EXCEPTION (default)
2019-10-01 06:23:10,686 [pool-403-thread-1] INFO  storage.RaftStorageDirectory (RaftStorageDirectory.java:analyzeStorage(246)) - The storage directory /workdir/hadoop-ozone/integration-test/target/test-dir/MiniOzoneClusterImpl-7b9204ab-7931-4724-b6ae-3e28cc8e7013/datanode-2/data/ratis/4e307e00-c5b2-40d5-89bb-5579add75791 does not exist. Creating ...
2019-10-01 06:23:10,698 [33dfb9e4-5af7-48c0-aed2-49a098141a6c@group-DF7814A3CEC0-LeaderElection93] INFO  impl.LeaderElection (LeaderElection.java:askForVotes(178)) - 33dfb9e4-5af7-48c0-aed2-49a098141a6c@group-DF7814A3CEC0-LeaderElection93: begin an election at term 2 for -1: [b13a3cc5-7860-43cb-88ea-b527511dabf1:192.168.30.6:44781, 12b52986-f812-4a0e-b5ca-19605aac5ce5:192.168.30.6:35515, 33dfb9e4-5af7-48c0-aed2-49a098141a6c:192.168.30.6:41425], old=null
2019-10-01 06:23:10,700 [33dfb9e4-5af7-48c0-aed2-49a098141a6c@group-DF7814A3CEC0-LeaderElection93] INFO  impl.LeaderElection (LogUtils.java:infoOrTrace(149)) - 33dfb9e4-5af7-48c0-aed2-49a098141a6c@group-DF7814A3CEC0-LeaderElection93 got exception when requesting votes: {}
java.util.concurrent.ExecutionException: org.apache.ratis.thirdparty.io.grpc.StatusRuntimeException: UNAVAILABLE: io exception
	at java.util.concurrent.FutureTask.report(FutureTask.java:122)
	at java.util.concurrent.FutureTask.get(FutureTask.java:192)
	at org.apache.ratis.server.impl.LeaderElection.waitForResults(LeaderElection.java:259)
	at org.apache.ratis.server.impl.LeaderElection.askForVotes(LeaderElection.java:197)
	at org.apache.ratis.server.impl.LeaderElection.run(LeaderElection.java:133)
	at java.lang.Thread.run(Thread.java:748)
Caused by: org.apache.ratis.thirdparty.io.grpc.StatusRuntimeException: UNAVAILABLE: io exception
	at org.apache.ratis.thirdparty.io.grpc.stub.ClientCalls.toStatusRuntimeException(ClientCalls.java:233)
	at org.apache.ratis.thirdparty.io.grpc.stub.ClientCalls.getUnchecked(ClientCalls.java:214)
	at org.apache.ratis.thirdparty.io.grpc.stub.ClientCalls.blockingUnaryCall(ClientCalls.java:139)
	at org.apache.ratis.proto.grpc.RaftServerProtocolServiceGrpc$RaftServerProtocolServiceBlockingStub.requestVote(RaftServerProtocolServiceGrpc.java:265)
	at org.apache.ratis.grpc.server.GrpcServerProtocolClient.requestVote(GrpcServerProtocolClient.java:99)
	at org.apache.ratis.grpc.server.GrpcService.requestVote(GrpcService.java:204)
	at org.apache.ratis.server.impl.LeaderElection.lambda$submitRequests$1(LeaderElection.java:234)
	at java.util.concurrent.FutureTask.run(FutureTask.java:266)
	at java.util.concurrent.Executors$RunnableAdapter.call(Executors.java:511)
	at java.util.concurrent.FutureTask.run(FutureTask.java:266)
	at java.util.concurrent.ThreadPoolExecutor.runWorker(ThreadPoolExecutor.java:1149)
	at java.util.concurrent.ThreadPoolExecutor$Worker.run(ThreadPoolExecutor.java:624)
	... 1 more
Caused by: org.apache.ratis.thirdparty.io.netty.channel.AbstractChannel$AnnotatedConnectException: Connection refused: /192.168.30.6:44781
	at sun.nio.ch.SocketChannelImpl.checkConnect(Native Method)
	at sun.nio.ch.SocketChannelImpl.finishConnect(SocketChannelImpl.java:717)
	at org.apache.ratis.thirdparty.io.netty.channel.socket.nio.NioSocketChannel.doFinishConnect(NioSocketChannel.java:327)
	at org.apache.ratis.thirdparty.io.netty.channel.nio.AbstractNioChannel$AbstractNioUnsafe.finishConnect(AbstractNioChannel.java:340)
	at org.apache.ratis.thirdparty.io.netty.channel.nio.NioEventLoop.processSelectedKey(NioEventLoop.java:632)
	at org.apache.ratis.thirdparty.io.netty.channel.nio.NioEventLoop.processSelectedKeysOptimized(NioEventLoop.java:579)
	at org.apache.ratis.thirdparty.io.netty.channel.nio.NioEventLoop.processSelectedKeys(NioEventLoop.java:496)
	at org.apache.ratis.thirdparty.io.netty.channel.nio.NioEventLoop.run(NioEventLoop.java:458)
	at org.apache.ratis.thirdparty.io.netty.util.concurrent.SingleThreadEventExecutor$5.run(SingleThreadEventExecutor.java:897)
	at org.apache.ratis.thirdparty.io.netty.util.concurrent.FastThreadLocalRunnable.run(FastThreadLocalRunnable.java:30)
	... 1 more
Caused by: java.net.ConnectException: Connection refused
	... 11 more
2019-10-01 06:23:10,707 [grpc-default-executor-9] WARN  server.GrpcServerProtocolService (LogUtils.java:warn(136)) - 12b52986-f812-4a0e-b5ca-19605aac5ce5: Failed requestVote 33dfb9e4-5af7-48c0-aed2-49a098141a6c->12b52986-f812-4a0e-b5ca-19605aac5ce5#0
org.apache.ratis.protocol.GroupMismatchException: 12b52986-f812-4a0e-b5ca-19605aac5ce5: group-DF7814A3CEC0 not found.
	at org.apache.ratis.server.impl.RaftServerProxy$ImplMap.get(RaftServerProxy.java:122)
	at org.apache.ratis.server.impl.RaftServerProxy.getImplFuture(RaftServerProxy.java:269)
	at org.apache.ratis.server.impl.RaftServerProxy.getImpl(RaftServerProxy.java:278)
	at org.apache.ratis.server.impl.RaftServerProxy.getImpl(RaftServerProxy.java:273)
	at org.apache.ratis.server.impl.RaftServerProxy.requestVote(RaftServerProxy.java:443)
	at org.apache.ratis.grpc.server.GrpcServerProtocolService.requestVote(GrpcServerProtocolService.java:142)
	at org.apache.ratis.proto.grpc.RaftServerProtocolServiceGrpc$MethodHandlers.invoke(RaftServerProtocolServiceGrpc.java:319)
	at org.apache.ratis.thirdparty.io.grpc.stub.ServerCalls$UnaryServerCallHandler$UnaryServerCallListener.onHalfClose(ServerCalls.java:171)
	at org.apache.ratis.thirdparty.io.grpc.internal.ServerCallImpl$ServerStreamListenerImpl.halfClosed(ServerCallImpl.java:283)
	at org.apache.ratis.thirdparty.io.grpc.internal.ServerImpl$JumpToApplicationThreadServerStreamListener$1HalfClosed.runInContext(ServerImpl.java:710)
	at org.apache.ratis.thirdparty.io.grpc.internal.ContextRunnable.run(ContextRunnable.java:37)
	at org.apache.ratis.thirdparty.io.grpc.internal.SerializingExecutor.run(SerializingExecutor.java:123)
	at java.util.concurrent.ThreadPoolExecutor.runWorker(ThreadPoolExecutor.java:1149)
	at java.util.concurrent.ThreadPoolExecutor$Worker.run(ThreadPoolExecutor.java:624)
	at java.lang.Thread.run(Thread.java:748)
2019-10-01 06:23:10,711 [33dfb9e4-5af7-48c0-aed2-49a098141a6c@group-DF7814A3CEC0-LeaderElection93] INFO  impl.LeaderElection (LogUtils.java:infoOrTrace(149)) - 33dfb9e4-5af7-48c0-aed2-49a098141a6c@group-DF7814A3CEC0-LeaderElection93 got exception when requesting votes: {}
java.util.concurrent.ExecutionException: org.apache.ratis.thirdparty.io.grpc.StatusRuntimeException: INTERNAL: 12b52986-f812-4a0e-b5ca-19605aac5ce5: group-DF7814A3CEC0 not found.
	at java.util.concurrent.FutureTask.report(FutureTask.java:122)
	at java.util.concurrent.FutureTask.get(FutureTask.java:192)
	at org.apache.ratis.server.impl.LeaderElection.waitForResults(LeaderElection.java:259)
	at org.apache.ratis.server.impl.LeaderElection.askForVotes(LeaderElection.java:197)
	at org.apache.ratis.server.impl.LeaderElection.run(LeaderElection.java:133)
	at java.lang.Thread.run(Thread.java:748)
Caused by: org.apache.ratis.thirdparty.io.grpc.StatusRuntimeException: INTERNAL: 12b52986-f812-4a0e-b5ca-19605aac5ce5: group-DF7814A3CEC0 not found.
	at org.apache.ratis.thirdparty.io.grpc.stub.ClientCalls.toStatusRuntimeException(ClientCalls.java:233)
	at org.apache.ratis.thirdparty.io.grpc.stub.ClientCalls.getUnchecked(ClientCalls.java:214)
	at org.apache.ratis.thirdparty.io.grpc.stub.ClientCalls.blockingUnaryCall(ClientCalls.java:139)
	at org.apache.ratis.proto.grpc.RaftServerProtocolServiceGrpc$RaftServerProtocolServiceBlockingStub.requestVote(RaftServerProtocolServiceGrpc.java:265)
	at org.apache.ratis.grpc.server.GrpcServerProtocolClient.requestVote(GrpcServerProtocolClient.java:99)
	at org.apache.ratis.grpc.server.GrpcService.requestVote(GrpcService.java:204)
	at org.apache.ratis.server.impl.LeaderElection.lambda$submitRequests$1(LeaderElection.java:234)
	at java.util.concurrent.FutureTask.run(FutureTask.java:266)
	at java.util.concurrent.Executors$RunnableAdapter.call(Executors.java:511)
	at java.util.concurrent.FutureTask.run(FutureTask.java:266)
	at java.util.concurrent.ThreadPoolExecutor.runWorker(ThreadPoolExecutor.java:1149)
	at java.util.concurrent.ThreadPoolExecutor$Worker.run(ThreadPoolExecutor.java:624)
	... 1 more
2019-10-01 06:23:10,716 [pool-403-thread-1] INFO  storage.RaftStorageDirectory (RaftStorageDirectory.java:tryLock(328)) - Lock on /workdir/hadoop-ozone/integration-test/target/test-dir/MiniOzoneClusterImpl-7b9204ab-7931-4724-b6ae-3e28cc8e7013/datanode-2/data/ratis/4e307e00-c5b2-40d5-89bb-5579add75791/in_use.lock acquired by nodename 11602@trunk-nightly-20191001-qpwks-271313263
2019-10-01 06:23:10,716 [33dfb9e4-5af7-48c0-aed2-49a098141a6c@group-DF7814A3CEC0-LeaderElection93] INFO  impl.LeaderElection (LeaderElection.java:logAndReturn(56)) - 33dfb9e4-5af7-48c0-aed2-49a098141a6c@group-DF7814A3CEC0-LeaderElection93: Election REJECTED; received 0 response(s) [] and 2 exception(s); 33dfb9e4-5af7-48c0-aed2-49a098141a6c@group-DF7814A3CEC0:t2, leader=null, voted=33dfb9e4-5af7-48c0-aed2-49a098141a6c, raftlog=33dfb9e4-5af7-48c0-aed2-49a098141a6c@group-DF7814A3CEC0-SegmentedRaftLog:OPENED:c-1,f-1,i0, conf=-1: [b13a3cc5-7860-43cb-88ea-b527511dabf1:192.168.30.6:44781, 12b52986-f812-4a0e-b5ca-19605aac5ce5:192.168.30.6:35515, 33dfb9e4-5af7-48c0-aed2-49a098141a6c:192.168.30.6:41425], old=null
2019-10-01 06:23:10,717 [33dfb9e4-5af7-48c0-aed2-49a098141a6c@group-DF7814A3CEC0-LeaderElection93] INFO  impl.LeaderElection (LogUtils.java:infoOrTrace(149)) -   Exception 0: {}
java.util.concurrent.ExecutionException: org.apache.ratis.thirdparty.io.grpc.StatusRuntimeException: UNAVAILABLE: io exception
	at java.util.concurrent.FutureTask.report(FutureTask.java:122)
	at java.util.concurrent.FutureTask.get(FutureTask.java:192)
	at org.apache.ratis.server.impl.LeaderElection.waitForResults(LeaderElection.java:259)
	at org.apache.ratis.server.impl.LeaderElection.askForVotes(LeaderElection.java:197)
	at org.apache.ratis.server.impl.LeaderElection.run(LeaderElection.java:133)
	at java.lang.Thread.run(Thread.java:748)
Caused by: org.apache.ratis.thirdparty.io.grpc.StatusRuntimeException: UNAVAILABLE: io exception
	at org.apache.ratis.thirdparty.io.grpc.stub.ClientCalls.toStatusRuntimeException(ClientCalls.java:233)
	at org.apache.ratis.thirdparty.io.grpc.stub.ClientCalls.getUnchecked(ClientCalls.java:214)
	at org.apache.ratis.thirdparty.io.grpc.stub.ClientCalls.blockingUnaryCall(ClientCalls.java:139)
	at org.apache.ratis.proto.grpc.RaftServerProtocolServiceGrpc$RaftServerProtocolServiceBlockingStub.requestVote(RaftServerProtocolServiceGrpc.java:265)
	at org.apache.ratis.grpc.server.GrpcServerProtocolClient.requestVote(GrpcServerProtocolClient.java:99)
	at org.apache.ratis.grpc.server.GrpcService.requestVote(GrpcService.java:204)
	at org.apache.ratis.server.impl.LeaderElection.lambda$submitRequests$1(LeaderElection.java:234)
	at java.util.concurrent.FutureTask.run(FutureTask.java:266)
	at java.util.concurrent.Executors$RunnableAdapter.call(Executors.java:511)
	at java.util.concurrent.FutureTask.run(FutureTask.java:266)
	at java.util.concurrent.ThreadPoolExecutor.runWorker(ThreadPoolExecutor.java:1149)
	at java.util.concurrent.ThreadPoolExecutor$Worker.run(ThreadPoolExecutor.java:624)
	... 1 more
Caused by: org.apache.ratis.thirdparty.io.netty.channel.AbstractChannel$AnnotatedConnectException: Connection refused: /192.168.30.6:44781
	at sun.nio.ch.SocketChannelImpl.checkConnect(Native Method)
	at sun.nio.ch.SocketChannelImpl.finishConnect(SocketChannelImpl.java:717)
	at org.apache.ratis.thirdparty.io.netty.channel.socket.nio.NioSocketChannel.doFinishConnect(NioSocketChannel.java:327)
	at org.apache.ratis.thirdparty.io.netty.channel.nio.AbstractNioChannel$AbstractNioUnsafe.finishConnect(AbstractNioChannel.java:340)
	at org.apache.ratis.thirdparty.io.netty.channel.nio.NioEventLoop.processSelectedKey(NioEventLoop.java:632)
	at org.apache.ratis.thirdparty.io.netty.channel.nio.NioEventLoop.processSelectedKeysOptimized(NioEventLoop.java:579)
	at org.apache.ratis.thirdparty.io.netty.channel.nio.NioEventLoop.processSelectedKeys(NioEventLoop.java:496)
	at org.apache.ratis.thirdparty.io.netty.channel.nio.NioEventLoop.run(NioEventLoop.java:458)
	at org.apache.ratis.thirdparty.io.netty.util.concurrent.SingleThreadEventExecutor$5.run(SingleThreadEventExecutor.java:897)
	at org.apache.ratis.thirdparty.io.netty.util.concurrent.FastThreadLocalRunnable.run(FastThreadLocalRunnable.java:30)
	... 1 more
Caused by: java.net.ConnectException: Connection refused
	... 11 more
2019-10-01 06:23:10,717 [33dfb9e4-5af7-48c0-aed2-49a098141a6c@group-DF7814A3CEC0-LeaderElection93] INFO  impl.LeaderElection (LogUtils.java:infoOrTrace(149)) -   Exception 1: {}
java.util.concurrent.ExecutionException: org.apache.ratis.thirdparty.io.grpc.StatusRuntimeException: INTERNAL: 12b52986-f812-4a0e-b5ca-19605aac5ce5: group-DF7814A3CEC0 not found.
	at java.util.concurrent.FutureTask.report(FutureTask.java:122)
	at java.util.concurrent.FutureTask.get(FutureTask.java:192)
	at org.apache.ratis.server.impl.LeaderElection.waitForResults(LeaderElection.java:259)
	at org.apache.ratis.server.impl.LeaderElection.askForVotes(LeaderElection.java:197)
	at org.apache.ratis.server.impl.LeaderElection.run(LeaderElection.java:133)
	at java.lang.Thread.run(Thread.java:748)
Caused by: org.apache.ratis.thirdparty.io.grpc.StatusRuntimeException: INTERNAL: 12b52986-f812-4a0e-b5ca-19605aac5ce5: group-DF7814A3CEC0 not found.
	at org.apache.ratis.thirdparty.io.grpc.stub.ClientCalls.toStatusRuntimeException(ClientCalls.java:233)
	at org.apache.ratis.thirdparty.io.grpc.stub.ClientCalls.getUnchecked(ClientCalls.java:214)
	at org.apache.ratis.thirdparty.io.grpc.stub.ClientCalls.blockingUnaryCall(ClientCalls.java:139)
	at org.apache.ratis.proto.grpc.RaftServerProtocolServiceGrpc$RaftServerProtocolServiceBlockingStub.requestVote(RaftServerProtocolServiceGrpc.java:265)
	at org.apache.ratis.grpc.server.GrpcServerProtocolClient.requestVote(GrpcServerProtocolClient.java:99)
	at org.apache.ratis.grpc.server.GrpcService.requestVote(GrpcService.java:204)
	at org.apache.ratis.server.impl.LeaderElection.lambda$submitRequests$1(LeaderElection.java:234)
	at java.util.concurrent.FutureTask.run(FutureTask.java:266)
	at java.util.concurrent.Executors$RunnableAdapter.call(Executors.java:511)
	at java.util.concurrent.FutureTask.run(FutureTask.java:266)
	at java.util.concurrent.ThreadPoolExecutor.runWorker(ThreadPoolExecutor.java:1149)
	at java.util.concurrent.ThreadPoolExecutor$Worker.run(ThreadPoolExecutor.java:624)
	... 1 more
2019-10-01 06:23:10,717 [33dfb9e4-5af7-48c0-aed2-49a098141a6c@group-DF7814A3CEC0-LeaderElection93] INFO  impl.RaftServerImpl (RaftServerImpl.java:setRole(170)) - 33dfb9e4-5af7-48c0-aed2-49a098141a6c@group-DF7814A3CEC0: changes role from CANDIDATE to FOLLOWER at term 2 for DISCOVERED_A_NEW_TERM
2019-10-01 06:23:10,717 [33dfb9e4-5af7-48c0-aed2-49a098141a6c@group-DF7814A3CEC0-LeaderElection93] INFO  impl.RoleInfo (RoleInfo.java:shutdownLeaderElection(134)) - 33dfb9e4-5af7-48c0-aed2-49a098141a6c: shutdown LeaderElection
2019-10-01 06:23:10,718 [33dfb9e4-5af7-48c0-aed2-49a098141a6c@group-DF7814A3CEC0-LeaderElection93] INFO  impl.RoleInfo (RoleInfo.java:updateAndGet(143)) - 33dfb9e4-5af7-48c0-aed2-49a098141a6c: start FollowerState
2019-10-01 06:23:10,750 [pool-403-thread-1] INFO  storage.RaftStorage (RaftStorage.java:format(84)) - Storage directory /workdir/hadoop-ozone/integration-test/target/test-dir/MiniOzoneClusterImpl-7b9204ab-7931-4724-b6ae-3e28cc8e7013/datanode-2/data/ratis/4e307e00-c5b2-40d5-89bb-5579add75791 has been successfully formatted.
2019-10-01 06:23:10,757 [pool-403-thread-1] INFO  ratis.ContainerStateMachine (ContainerStateMachine.java:loadSnapshot(230)) - group-5579ADD75791: The snapshot info is null. Setting the last applied indexto:(t:0, i:~)
2019-10-01 06:23:10,757 [pool-403-thread-1] INFO  server.RaftServerConfigKeys (ConfUtils.java:logGet(43)) - raft.server.notification.no-leader.timeout = 120s (custom)
2019-10-01 06:23:10,758 [pool-403-thread-1] INFO  server.RaftServerConfigKeys (ConfUtils.java:logGet(43)) - raft.server.log.use.memory = false (default)
2019-10-01 06:23:10,758 [pool-403-thread-1] INFO  server.RaftServerConfigKeys (ConfUtils.java:logGet(43)) - raft.server.log.purge.gap = 1000000 (custom)
2019-10-01 06:23:10,758 [pool-403-thread-1] INFO  server.RaftServerConfigKeys (ConfUtils.java:logGet(43)) - raft.server.log.appender.buffer.byte-limit = 33554432 (custom)
2019-10-01 06:23:10,758 [pool-403-thread-1] INFO  server.RaftServerConfigKeys (ConfUtils.java:logGet(43)) - raft.server.log.segment.size.max = 1048576 (custom)
2019-10-01 06:23:10,761 [pool-403-thread-1] INFO  server.RaftServerConfigKeys (ConfUtils.java:logGet(43)) - raft.server.log.segment.cache.num.max = 2 (custom)
2019-10-01 06:23:10,761 [pool-403-thread-1] INFO  segmented.SegmentedRaftLogWorker (SegmentedRaftLogWorker.java:<init>(173)) - new e7934135-fd47-404e-892b-137bed43e7da@group-5579ADD75791-SegmentedRaftLogWorker for RaftStorage:Storage Directory /workdir/hadoop-ozone/integration-test/target/test-dir/MiniOzoneClusterImpl-7b9204ab-7931-4724-b6ae-3e28cc8e7013/datanode-2/data/ratis/4e307e00-c5b2-40d5-89bb-5579add75791
2019-10-01 06:23:10,761 [pool-403-thread-1] INFO  server.RaftServerConfigKeys (ConfUtils.java:logGet(43)) - raft.server.log.queue.byte-limit = 2147483647 (custom)
2019-10-01 06:23:10,761 [pool-403-thread-1] INFO  server.RaftServerConfigKeys (ConfUtils.java:logGet(43)) - raft.server.log.queue.element-limit = 1024 (custom)
2019-10-01 06:23:10,761 [pool-403-thread-1] INFO  server.RaftServerConfigKeys (ConfUtils.java:logGet(43)) - raft.server.log.segment.size.max = 1048576 (custom)
2019-10-01 06:23:10,762 [pool-403-thread-1] INFO  server.RaftServerConfigKeys (ConfUtils.java:logGet(43)) - raft.server.log.preallocated.size = 16384 (custom)
2019-10-01 06:23:10,762 [pool-403-thread-1] INFO  server.RaftServerConfigKeys (ConfUtils.java:logGet(43)) - raft.server.log.write.buffer.size = 33554432 (custom)
2019-10-01 06:23:10,762 [pool-403-thread-1] INFO  server.RaftServerConfigKeys (ConfUtils.java:logGet(43)) - raft.server.log.force.sync.num = 128 (default)
2019-10-01 06:23:10,762 [pool-403-thread-1] INFO  server.RaftServerConfigKeys (ConfUtils.java:logGet(43)) - raft.server.log.statemachine.data.sync = true (default)
2019-10-01 06:23:10,762 [pool-403-thread-1] INFO  server.RaftServerConfigKeys (ConfUtils.java:logGet(43)) - raft.server.log.statemachine.data.sync.timeout = 10s (default)
2019-10-01 06:23:10,762 [pool-403-thread-1] INFO  server.RaftServerConfigKeys (ConfUtils.java:logGet(43)) - raft.server.log.statemachine.data.sync.timeout.retry = -1 (default)
2019-10-01 06:23:10,763 [pool-403-thread-1] INFO  server.RaftServerConfigKeys (ConfUtils.java:logGet(43)) - raft.server.log.statemachine.data.caching.enabled = true (custom)
2019-10-01 06:23:10,763 [pool-403-thread-1] INFO  segmented.SegmentedRaftLogWorker (SegmentedRaftLogWorker.java:lambda$new$0(128)) - e7934135-fd47-404e-892b-137bed43e7da@group-5579ADD75791-SegmentedRaftLogWorker: flushIndex: setUnconditionally 0 -> -1
2019-10-01 06:23:10,763 [pool-403-thread-1] INFO  server.RaftServerConfigKeys (ConfUtils.java:logGet(43)) - raft.server.snapshot.auto.trigger.enabled = true (custom)
2019-10-01 06:23:10,764 [pool-403-thread-1] INFO  server.RaftServerConfigKeys (ConfUtils.java:logGet(43)) - raft.server.snapshot.auto.trigger.threshold = 10000 (custom)
2019-10-01 06:23:10,764 [pool-403-thread-1] INFO  server.RaftServerConfigKeys (ConfUtils.java:logGet(43)) - raft.server.snapshot.retention.file.num = 5 (custom)
2019-10-01 06:23:10,764 [pool-403-thread-1] INFO  server.RaftServerConfigKeys (ConfUtils.java:logGet(43)) - raft.server.retrycache.expirytime = 600000ms (custom)
2019-10-01 06:23:10,766 [pool-403-thread-1] INFO  impl.RaftServerImpl (RaftServerImpl.java:start(181)) - e7934135-fd47-404e-892b-137bed43e7da@group-5579ADD75791: start as a follower, conf=-1: [e7934135-fd47-404e-892b-137bed43e7da:192.168.30.6:45453], old=null
2019-10-01 06:23:10,766 [pool-403-thread-1] INFO  impl.RaftServerImpl (RaftServerImpl.java:setRole(170)) - e7934135-fd47-404e-892b-137bed43e7da@group-5579ADD75791: changes role from      null to FOLLOWER at term 0 for startAsFollower
2019-10-01 06:23:10,766 [pool-403-thread-1] INFO  impl.RoleInfo (RoleInfo.java:updateAndGet(143)) - e7934135-fd47-404e-892b-137bed43e7da: start FollowerState
2019-10-01 06:23:10,767 [pool-403-thread-1] INFO  util.JmxRegister (JmxRegister.java:tryRegister(44)) - Successfully registered JMX Bean with object name Ratis:service=RaftServer,group=group-5579ADD75791,id=e7934135-fd47-404e-892b-137bed43e7da
2019-10-01 06:23:10,771 [RatisPipelineUtilsThread] INFO  pipeline.PipelineStateManager (PipelineStateManager.java:addPipeline(56)) - Created pipeline Pipeline[ Id: 4e307e00-c5b2-40d5-89bb-5579add75791, Nodes: e7934135-fd47-404e-892b-137bed43e7da{ip: 192.168.30.6, host: trunk-nightly-20191001-qpwks-271313263, networkLocation: /default-rack, certSerialId: null}, Type:RATIS, Factor:ONE, State:OPEN]
2019-10-01 06:23:10,808 [grpc-default-executor-9] INFO  impl.RaftServerProxy (RaftServerProxy.java:addNew(89)) - e7934135-fd47-404e-892b-137bed43e7da: addNew group-19B9CE210203:[efd9ac6f-ff5e-4968-a08a-87ccf28a484c:192.168.30.6:32768, e7934135-fd47-404e-892b-137bed43e7da:192.168.30.6:45453, aaa00b68-949c-4488-a5cf-23a59052fdec:192.168.30.6:43034] returns group-19B9CE210203:java.util.concurrent.CompletableFuture@3614416f[Not completed]
2019-10-01 06:23:10,808 [grpc-default-executor-5] INFO  impl.RaftServerProxy (RaftServerProxy.java:addNew(89)) - aaa00b68-949c-4488-a5cf-23a59052fdec: addNew group-19B9CE210203:[efd9ac6f-ff5e-4968-a08a-87ccf28a484c:192.168.30.6:32768, e7934135-fd47-404e-892b-137bed43e7da:192.168.30.6:45453, aaa00b68-949c-4488-a5cf-23a59052fdec:192.168.30.6:43034] returns group-19B9CE210203:java.util.concurrent.CompletableFuture@33f664d9[Not completed]
2019-10-01 06:23:10,808 [grpc-default-executor-8] INFO  impl.RaftServerProxy (RaftServerProxy.java:addNew(89)) - efd9ac6f-ff5e-4968-a08a-87ccf28a484c: addNew group-19B9CE210203:[efd9ac6f-ff5e-4968-a08a-87ccf28a484c:192.168.30.6:32768, e7934135-fd47-404e-892b-137bed43e7da:192.168.30.6:45453, aaa00b68-949c-4488-a5cf-23a59052fdec:192.168.30.6:43034] returns group-19B9CE210203:java.util.concurrent.CompletableFuture@4bc0f15f[Not completed]
2019-10-01 06:23:10,809 [pool-403-thread-1] INFO  impl.RaftServerImpl (RaftServerImpl.java:<init>(95)) - e7934135-fd47-404e-892b-137bed43e7da: new RaftServerImpl for group-19B9CE210203:[efd9ac6f-ff5e-4968-a08a-87ccf28a484c:192.168.30.6:32768, e7934135-fd47-404e-892b-137bed43e7da:192.168.30.6:45453, aaa00b68-949c-4488-a5cf-23a59052fdec:192.168.30.6:43034] with ContainerStateMachine:uninitialized
2019-10-01 06:23:10,809 [pool-403-thread-1] INFO  server.RaftServerConfigKeys (ConfUtils.java:logGet(43)) - raft.server.rpc.timeout.min = 5s (custom)
2019-10-01 06:23:10,809 [pool-403-thread-1] INFO  server.RaftServerConfigKeys (ConfUtils.java:logGet(43)) - raft.server.rpc.timeout.max = 5200ms (custom)
2019-10-01 06:23:10,809 [pool-403-thread-1] INFO  server.RaftServerConfigKeys (ConfUtils.java:logGet(43)) - raft.server.rpcslowness.timeout = 120s (custom)
2019-10-01 06:23:10,810 [pool-403-thread-1] INFO  server.RaftServerConfigKeys (ConfUtils.java:logGet(43)) - raft.server.sleep.deviation.threshold = 300 (default)
2019-10-01 06:23:10,810 [pool-403-thread-1] INFO  server.RaftServerConfigKeys (ConfUtils.java:logGet(43)) - raft.server.log.appender.install.snapshot.enabled = false (custom)
2019-10-01 06:23:10,810 [pool-383-thread-1] INFO  impl.RaftServerImpl (RaftServerImpl.java:<init>(95)) - efd9ac6f-ff5e-4968-a08a-87ccf28a484c: new RaftServerImpl for group-19B9CE210203:[efd9ac6f-ff5e-4968-a08a-87ccf28a484c:192.168.30.6:32768, e7934135-fd47-404e-892b-137bed43e7da:192.168.30.6:45453, aaa00b68-949c-4488-a5cf-23a59052fdec:192.168.30.6:43034] with ContainerStateMachine:uninitialized
2019-10-01 06:23:10,810 [pool-403-thread-1] INFO  impl.RaftServerImpl (ServerState.java:<init>(103)) - e7934135-fd47-404e-892b-137bed43e7da@group-19B9CE210203: ConfigurationManager, init=-1: [efd9ac6f-ff5e-4968-a08a-87ccf28a484c:192.168.30.6:32768, e7934135-fd47-404e-892b-137bed43e7da:192.168.30.6:45453, aaa00b68-949c-4488-a5cf-23a59052fdec:192.168.30.6:43034], old=null, confs=<EMPTY_MAP>
2019-10-01 06:23:10,810 [pool-383-thread-1] INFO  server.RaftServerConfigKeys (ConfUtils.java:logGet(43)) - raft.server.rpc.timeout.min = 5s (custom)
2019-10-01 06:23:10,810 [pool-403-thread-1] INFO  server.RaftServerConfigKeys (ConfUtils.java:logGet(43)) - raft.server.storage.dir = [/workdir/hadoop-ozone/integration-test/target/test-dir/MiniOzoneClusterImpl-7b9204ab-7931-4724-b6ae-3e28cc8e7013/datanode-2/data/ratis] (custom)
2019-10-01 06:23:10,810 [pool-383-thread-1] INFO  server.RaftServerConfigKeys (ConfUtils.java:logGet(43)) - raft.server.rpc.timeout.max = 5200ms (custom)
2019-10-01 06:23:10,810 [pool-393-thread-1] INFO  impl.RaftServerImpl (RaftServerImpl.java:<init>(95)) - aaa00b68-949c-4488-a5cf-23a59052fdec: new RaftServerImpl for group-19B9CE210203:[efd9ac6f-ff5e-4968-a08a-87ccf28a484c:192.168.30.6:32768, e7934135-fd47-404e-892b-137bed43e7da:192.168.30.6:45453, aaa00b68-949c-4488-a5cf-23a59052fdec:192.168.30.6:43034] with ContainerStateMachine:uninitialized
2019-10-01 06:23:10,810 [pool-383-thread-1] INFO  server.RaftServerConfigKeys (ConfUtils.java:logGet(43)) - raft.server.rpcslowness.timeout = 120s (custom)
2019-10-01 06:23:10,810 [pool-393-thread-1] INFO  server.RaftServerConfigKeys (ConfUtils.java:logGet(43)) - raft.server.rpc.timeout.min = 5s (custom)
2019-10-01 06:23:10,810 [pool-403-thread-1] INFO  server.RaftServerConfigKeys (ConfUtils.java:logGet(43)) - raft.server.log.corruption.policy = EXCEPTION (default)
2019-10-01 06:23:10,811 [pool-393-thread-1] INFO  server.RaftServerConfigKeys (ConfUtils.java:logGet(43)) - raft.server.rpc.timeout.max = 5200ms (custom)
2019-10-01 06:23:10,810 [pool-383-thread-1] INFO  server.RaftServerConfigKeys (ConfUtils.java:logGet(43)) - raft.server.sleep.deviation.threshold = 300 (default)
2019-10-01 06:23:10,811 [pool-393-thread-1] INFO  server.RaftServerConfigKeys (ConfUtils.java:logGet(43)) - raft.server.rpcslowness.timeout = 120s (custom)
2019-10-01 06:23:10,811 [pool-403-thread-1] INFO  storage.RaftStorageDirectory (RaftStorageDirectory.java:analyzeStorage(246)) - The storage directory /workdir/hadoop-ozone/integration-test/target/test-dir/MiniOzoneClusterImpl-7b9204ab-7931-4724-b6ae-3e28cc8e7013/datanode-2/data/ratis/1c9ba707-c601-4044-9cb8-19b9ce210203 does not exist. Creating ...
2019-10-01 06:23:10,811 [pool-393-thread-1] INFO  server.RaftServerConfigKeys (ConfUtils.java:logGet(43)) - raft.server.sleep.deviation.threshold = 300 (default)
2019-10-01 06:23:10,811 [pool-383-thread-1] INFO  server.RaftServerConfigKeys (ConfUtils.java:logGet(43)) - raft.server.log.appender.install.snapshot.enabled = false (custom)
2019-10-01 06:23:10,811 [pool-393-thread-1] INFO  server.RaftServerConfigKeys (ConfUtils.java:logGet(43)) - raft.server.log.appender.install.snapshot.enabled = false (custom)
2019-10-01 06:23:10,811 [pool-383-thread-1] INFO  impl.RaftServerImpl (ServerState.java:<init>(103)) - efd9ac6f-ff5e-4968-a08a-87ccf28a484c@group-19B9CE210203: ConfigurationManager, init=-1: [efd9ac6f-ff5e-4968-a08a-87ccf28a484c:192.168.30.6:32768, e7934135-fd47-404e-892b-137bed43e7da:192.168.30.6:45453, aaa00b68-949c-4488-a5cf-23a59052fdec:192.168.30.6:43034], old=null, confs=<EMPTY_MAP>
2019-10-01 06:23:10,811 [pool-393-thread-1] INFO  impl.RaftServerImpl (ServerState.java:<init>(103)) - aaa00b68-949c-4488-a5cf-23a59052fdec@group-19B9CE210203: ConfigurationManager, init=-1: [efd9ac6f-ff5e-4968-a08a-87ccf28a484c:192.168.30.6:32768, e7934135-fd47-404e-892b-137bed43e7da:192.168.30.6:45453, aaa00b68-949c-4488-a5cf-23a59052fdec:192.168.30.6:43034], old=null, confs=<EMPTY_MAP>
2019-10-01 06:23:10,811 [pool-383-thread-1] INFO  server.RaftServerConfigKeys (ConfUtils.java:logGet(43)) - raft.server.storage.dir = [/workdir/hadoop-ozone/integration-test/target/test-dir/MiniOzoneClusterImpl-7b9204ab-7931-4724-b6ae-3e28cc8e7013/datanode-0/data/ratis] (custom)
2019-10-01 06:23:10,812 [pool-393-thread-1] INFO  server.RaftServerConfigKeys (ConfUtils.java:logGet(43)) - raft.server.storage.dir = [/workdir/hadoop-ozone/integration-test/target/test-dir/MiniOzoneClusterImpl-7b9204ab-7931-4724-b6ae-3e28cc8e7013/datanode-1/data/ratis] (custom)
2019-10-01 06:23:10,812 [pool-383-thread-1] INFO  server.RaftServerConfigKeys (ConfUtils.java:logGet(43)) - raft.server.log.corruption.policy = EXCEPTION (default)
2019-10-01 06:23:10,812 [pool-393-thread-1] INFO  server.RaftServerConfigKeys (ConfUtils.java:logGet(43)) - raft.server.log.corruption.policy = EXCEPTION (default)
2019-10-01 06:23:10,812 [pool-383-thread-1] INFO  storage.RaftStorageDirectory (RaftStorageDirectory.java:analyzeStorage(246)) - The storage directory /workdir/hadoop-ozone/integration-test/target/test-dir/MiniOzoneClusterImpl-7b9204ab-7931-4724-b6ae-3e28cc8e7013/datanode-0/data/ratis/1c9ba707-c601-4044-9cb8-19b9ce210203 does not exist. Creating ...
2019-10-01 06:23:10,812 [pool-393-thread-1] INFO  storage.RaftStorageDirectory (RaftStorageDirectory.java:analyzeStorage(246)) - The storage directory /workdir/hadoop-ozone/integration-test/target/test-dir/MiniOzoneClusterImpl-7b9204ab-7931-4724-b6ae-3e28cc8e7013/datanode-1/data/ratis/1c9ba707-c601-4044-9cb8-19b9ce210203 does not exist. Creating ...
2019-10-01 06:23:10,834 [pool-403-thread-1] INFO  storage.RaftStorageDirectory (RaftStorageDirectory.java:tryLock(328)) - Lock on /workdir/hadoop-ozone/integration-test/target/test-dir/MiniOzoneClusterImpl-7b9204ab-7931-4724-b6ae-3e28cc8e7013/datanode-2/data/ratis/1c9ba707-c601-4044-9cb8-19b9ce210203/in_use.lock acquired by nodename 11602@trunk-nightly-20191001-qpwks-271313263
2019-10-01 06:23:10,834 [pool-383-thread-1] INFO  storage.RaftStorageDirectory (RaftStorageDirectory.java:tryLock(328)) - Lock on /workdir/hadoop-ozone/integration-test/target/test-dir/MiniOzoneClusterImpl-7b9204ab-7931-4724-b6ae-3e28cc8e7013/datanode-0/data/ratis/1c9ba707-c601-4044-9cb8-19b9ce210203/in_use.lock acquired by nodename 11602@trunk-nightly-20191001-qpwks-271313263
2019-10-01 06:23:10,834 [pool-393-thread-1] INFO  storage.RaftStorageDirectory (RaftStorageDirectory.java:tryLock(328)) - Lock on /workdir/hadoop-ozone/integration-test/target/test-dir/MiniOzoneClusterImpl-7b9204ab-7931-4724-b6ae-3e28cc8e7013/datanode-1/data/ratis/1c9ba707-c601-4044-9cb8-19b9ce210203/in_use.lock acquired by nodename 11602@trunk-nightly-20191001-qpwks-271313263
2019-10-01 06:23:10,860 [pool-403-thread-1] INFO  storage.RaftStorage (RaftStorage.java:format(84)) - Storage directory /workdir/hadoop-ozone/integration-test/target/test-dir/MiniOzoneClusterImpl-7b9204ab-7931-4724-b6ae-3e28cc8e7013/datanode-2/data/ratis/1c9ba707-c601-4044-9cb8-19b9ce210203 has been successfully formatted.
2019-10-01 06:23:10,860 [pool-393-thread-1] INFO  storage.RaftStorage (RaftStorage.java:format(84)) - Storage directory /workdir/hadoop-ozone/integration-test/target/test-dir/MiniOzoneClusterImpl-7b9204ab-7931-4724-b6ae-3e28cc8e7013/datanode-1/data/ratis/1c9ba707-c601-4044-9cb8-19b9ce210203 has been successfully formatted.
2019-10-01 06:23:10,860 [pool-383-thread-1] INFO  storage.RaftStorage (RaftStorage.java:format(84)) - Storage directory /workdir/hadoop-ozone/integration-test/target/test-dir/MiniOzoneClusterImpl-7b9204ab-7931-4724-b6ae-3e28cc8e7013/datanode-0/data/ratis/1c9ba707-c601-4044-9cb8-19b9ce210203 has been successfully formatted.
2019-10-01 06:23:10,860 [pool-403-thread-1] INFO  ratis.ContainerStateMachine (ContainerStateMachine.java:loadSnapshot(230)) - group-19B9CE210203: The snapshot info is null. Setting the last applied indexto:(t:0, i:~)
2019-10-01 06:23:10,860 [pool-383-thread-1] INFO  ratis.ContainerStateMachine (ContainerStateMachine.java:loadSnapshot(230)) - group-19B9CE210203: The snapshot info is null. Setting the last applied indexto:(t:0, i:~)
2019-10-01 06:23:10,860 [pool-393-thread-1] INFO  ratis.ContainerStateMachine (ContainerStateMachine.java:loadSnapshot(230)) - group-19B9CE210203: The snapshot info is null. Setting the last applied indexto:(t:0, i:~)
2019-10-01 06:23:10,860 [pool-383-thread-1] INFO  server.RaftServerConfigKeys (ConfUtils.java:logGet(43)) - raft.server.notification.no-leader.timeout = 120s (custom)
2019-10-01 06:23:10,860 [pool-403-thread-1] INFO  server.RaftServerConfigKeys (ConfUtils.java:logGet(43)) - raft.server.notification.no-leader.timeout = 120s (custom)
2019-10-01 06:23:10,861 [pool-383-thread-1] INFO  server.RaftServerConfigKeys (ConfUtils.java:logGet(43)) - raft.server.log.use.memory = false (default)
2019-10-01 06:23:10,860 [pool-393-thread-1] INFO  server.RaftServerConfigKeys (ConfUtils.java:logGet(43)) - raft.server.notification.no-leader.timeout = 120s (custom)
2019-10-01 06:23:10,861 [pool-383-thread-1] INFO  server.RaftServerConfigKeys (ConfUtils.java:logGet(43)) - raft.server.log.purge.gap = 1000000 (custom)
2019-10-01 06:23:10,861 [pool-403-thread-1] INFO  server.RaftServerConfigKeys (ConfUtils.java:logGet(43)) - raft.server.log.use.memory = false (default)
2019-10-01 06:23:10,861 [pool-383-thread-1] INFO  server.RaftServerConfigKeys (ConfUtils.java:logGet(43)) - raft.server.log.appender.buffer.byte-limit = 33554432 (custom)
2019-10-01 06:23:10,861 [pool-393-thread-1] INFO  server.RaftServerConfigKeys (ConfUtils.java:logGet(43)) - raft.server.log.use.memory = false (default)
2019-10-01 06:23:10,861 [pool-383-thread-1] INFO  server.RaftServerConfigKeys (ConfUtils.java:logGet(43)) - raft.server.log.segment.size.max = 1048576 (custom)
2019-10-01 06:23:10,861 [pool-403-thread-1] INFO  server.RaftServerConfigKeys (ConfUtils.java:logGet(43)) - raft.server.log.purge.gap = 1000000 (custom)
2019-10-01 06:23:10,861 [pool-383-thread-1] INFO  server.RaftServerConfigKeys (ConfUtils.java:logGet(43)) - raft.server.log.segment.cache.num.max = 2 (custom)
2019-10-01 06:23:10,861 [pool-393-thread-1] INFO  server.RaftServerConfigKeys (ConfUtils.java:logGet(43)) - raft.server.log.purge.gap = 1000000 (custom)
2019-10-01 06:23:10,862 [pool-383-thread-1] INFO  segmented.SegmentedRaftLogWorker (SegmentedRaftLogWorker.java:<init>(173)) - new efd9ac6f-ff5e-4968-a08a-87ccf28a484c@group-19B9CE210203-SegmentedRaftLogWorker for RaftStorage:Storage Directory /workdir/hadoop-ozone/integration-test/target/test-dir/MiniOzoneClusterImpl-7b9204ab-7931-4724-b6ae-3e28cc8e7013/datanode-0/data/ratis/1c9ba707-c601-4044-9cb8-19b9ce210203
2019-10-01 06:23:10,861 [pool-403-thread-1] INFO  server.RaftServerConfigKeys (ConfUtils.java:logGet(43)) - raft.server.log.appender.buffer.byte-limit = 33554432 (custom)
2019-10-01 06:23:10,862 [pool-383-thread-1] INFO  server.RaftServerConfigKeys (ConfUtils.java:logGet(43)) - raft.server.log.queue.byte-limit = 2147483647 (custom)
2019-10-01 06:23:10,862 [pool-393-thread-1] INFO  server.RaftServerConfigKeys (ConfUtils.java:logGet(43)) - raft.server.log.appender.buffer.byte-limit = 33554432 (custom)
2019-10-01 06:23:10,862 [pool-383-thread-1] INFO  server.RaftServerConfigKeys (ConfUtils.java:logGet(43)) - raft.server.log.queue.element-limit = 1024 (custom)
2019-10-01 06:23:10,862 [pool-403-thread-1] INFO  server.RaftServerConfigKeys (ConfUtils.java:logGet(43)) - raft.server.log.segment.size.max = 1048576 (custom)
2019-10-01 06:23:10,862 [pool-383-thread-1] INFO  server.RaftServerConfigKeys (ConfUtils.java:logGet(43)) - raft.server.log.segment.size.max = 1048576 (custom)
2019-10-01 06:23:10,862 [pool-393-thread-1] INFO  server.RaftServerConfigKeys (ConfUtils.java:logGet(43)) - raft.server.log.segment.size.max = 1048576 (custom)
2019-10-01 06:23:10,862 [pool-383-thread-1] INFO  server.RaftServerConfigKeys (ConfUtils.java:logGet(43)) - raft.server.log.preallocated.size = 16384 (custom)
2019-10-01 06:23:10,862 [pool-403-thread-1] INFO  server.RaftServerConfigKeys (ConfUtils.java:logGet(43)) - raft.server.log.segment.cache.num.max = 2 (custom)
2019-10-01 06:23:10,863 [pool-383-thread-1] INFO  server.RaftServerConfigKeys (ConfUtils.java:logGet(43)) - raft.server.log.write.buffer.size = 33554432 (custom)
2019-10-01 06:23:10,863 [pool-393-thread-1] INFO  server.RaftServerConfigKeys (ConfUtils.java:logGet(43)) - raft.server.log.segment.cache.num.max = 2 (custom)
2019-10-01 06:23:10,863 [pool-383-thread-1] INFO  server.RaftServerConfigKeys (ConfUtils.java:logGet(43)) - raft.server.log.force.sync.num = 128 (default)
2019-10-01 06:23:10,863 [pool-383-thread-1] INFO  server.RaftServerConfigKeys (ConfUtils.java:logGet(43)) - raft.server.log.statemachine.data.sync = true (default)
2019-10-01 06:23:10,863 [pool-403-thread-1] INFO  segmented.SegmentedRaftLogWorker (SegmentedRaftLogWorker.java:<init>(173)) - new e7934135-fd47-404e-892b-137bed43e7da@group-19B9CE210203-SegmentedRaftLogWorker for RaftStorage:Storage Directory /workdir/hadoop-ozone/integration-test/target/test-dir/MiniOzoneClusterImpl-7b9204ab-7931-4724-b6ae-3e28cc8e7013/datanode-2/data/ratis/1c9ba707-c601-4044-9cb8-19b9ce210203
2019-10-01 06:23:10,863 [pool-383-thread-1] INFO  server.RaftServerConfigKeys (ConfUtils.java:logGet(43)) - raft.server.log.statemachine.data.sync.timeout = 10s (default)
2019-10-01 06:23:10,863 [pool-393-thread-1] INFO  segmented.SegmentedRaftLogWorker (SegmentedRaftLogWorker.java:<init>(173)) - new aaa00b68-949c-4488-a5cf-23a59052fdec@group-19B9CE210203-SegmentedRaftLogWorker for RaftStorage:Storage Directory /workdir/hadoop-ozone/integration-test/target/test-dir/MiniOzoneClusterImpl-7b9204ab-7931-4724-b6ae-3e28cc8e7013/datanode-1/data/ratis/1c9ba707-c601-4044-9cb8-19b9ce210203
2019-10-01 06:23:10,863 [pool-383-thread-1] INFO  server.RaftServerConfigKeys (ConfUtils.java:logGet(43)) - raft.server.log.statemachine.data.sync.timeout.retry = -1 (default)
2019-10-01 06:23:10,863 [pool-403-thread-1] INFO  server.RaftServerConfigKeys (ConfUtils.java:logGet(43)) - raft.server.log.queue.byte-limit = 2147483647 (custom)
2019-10-01 06:23:10,864 [pool-383-thread-1] INFO  server.RaftServerConfigKeys (ConfUtils.java:logGet(43)) - raft.server.log.statemachine.data.caching.enabled = true (custom)
2019-10-01 06:23:10,863 [pool-393-thread-1] INFO  server.RaftServerConfigKeys (ConfUtils.java:logGet(43)) - raft.server.log.queue.byte-limit = 2147483647 (custom)
2019-10-01 06:23:10,864 [pool-403-thread-1] INFO  server.RaftServerConfigKeys (ConfUtils.java:logGet(43)) - raft.server.log.queue.element-limit = 1024 (custom)
2019-10-01 06:23:10,864 [pool-383-thread-1] INFO  segmented.SegmentedRaftLogWorker (SegmentedRaftLogWorker.java:lambda$new$0(128)) - efd9ac6f-ff5e-4968-a08a-87ccf28a484c@group-19B9CE210203-SegmentedRaftLogWorker: flushIndex: setUnconditionally 0 -> -1
2019-10-01 06:23:10,864 [pool-393-thread-1] INFO  server.RaftServerConfigKeys (ConfUtils.java:logGet(43)) - raft.server.log.queue.element-limit = 1024 (custom)
2019-10-01 06:23:10,864 [pool-403-thread-1] INFO  server.RaftServerConfigKeys (ConfUtils.java:logGet(43)) - raft.server.log.segment.size.max = 1048576 (custom)
2019-10-01 06:23:10,864 [pool-383-thread-1] INFO  server.RaftServerConfigKeys (ConfUtils.java:logGet(43)) - raft.server.snapshot.auto.trigger.enabled = true (custom)
2019-10-01 06:23:10,864 [pool-393-thread-1] INFO  server.RaftServerConfigKeys (ConfUtils.java:logGet(43)) - raft.server.log.segment.size.max = 1048576 (custom)
2019-10-01 06:23:10,864 [pool-383-thread-1] INFO  server.RaftServerConfigKeys (ConfUtils.java:logGet(43)) - raft.server.snapshot.auto.trigger.threshold = 10000 (custom)
2019-10-01 06:23:10,864 [pool-403-thread-1] INFO  server.RaftServerConfigKeys (ConfUtils.java:logGet(43)) - raft.server.log.preallocated.size = 16384 (custom)
2019-10-01 06:23:10,865 [pool-383-thread-1] INFO  server.RaftServerConfigKeys (ConfUtils.java:logGet(43)) - raft.server.snapshot.retention.file.num = 5 (custom)
2019-10-01 06:23:10,864 [pool-393-thread-1] INFO  server.RaftServerConfigKeys (ConfUtils.java:logGet(43)) - raft.server.log.preallocated.size = 16384 (custom)
2019-10-01 06:23:10,865 [pool-383-thread-1] INFO  server.RaftServerConfigKeys (ConfUtils.java:logGet(43)) - raft.server.retrycache.expirytime = 600000ms (custom)
2019-10-01 06:23:10,865 [pool-403-thread-1] INFO  server.RaftServerConfigKeys (ConfUtils.java:logGet(43)) - raft.server.log.write.buffer.size = 33554432 (custom)
2019-10-01 06:23:10,865 [pool-393-thread-1] INFO  server.RaftServerConfigKeys (ConfUtils.java:logGet(43)) - raft.server.log.write.buffer.size = 33554432 (custom)
2019-10-01 06:23:10,865 [pool-403-thread-1] INFO  server.RaftServerConfigKeys (ConfUtils.java:logGet(43)) - raft.server.log.force.sync.num = 128 (default)
2019-10-01 06:23:10,865 [pool-393-thread-1] INFO  server.RaftServerConfigKeys (ConfUtils.java:logGet(43)) - raft.server.log.force.sync.num = 128 (default)
2019-10-01 06:23:10,865 [pool-403-thread-1] INFO  server.RaftServerConfigKeys (ConfUtils.java:logGet(43)) - raft.server.log.statemachine.data.sync = true (default)
2019-10-01 06:23:10,865 [pool-393-thread-1] INFO  server.RaftServerConfigKeys (ConfUtils.java:logGet(43)) - raft.server.log.statemachine.data.sync = true (default)
2019-10-01 06:23:10,865 [pool-403-thread-1] INFO  server.RaftServerConfigKeys (ConfUtils.java:logGet(43)) - raft.server.log.statemachine.data.sync.timeout = 10s (default)
2019-10-01 06:23:10,866 [pool-393-thread-1] INFO  server.RaftServerConfigKeys (ConfUtils.java:logGet(43)) - raft.server.log.statemachine.data.sync.timeout = 10s (default)
2019-10-01 06:23:10,866 [pool-403-thread-1] INFO  server.RaftServerConfigKeys (ConfUtils.java:logGet(43)) - raft.server.log.statemachine.data.sync.timeout.retry = -1 (default)
2019-10-01 06:23:10,866 [pool-393-thread-1] INFO  server.RaftServerConfigKeys (ConfUtils.java:logGet(43)) - raft.server.log.statemachine.data.sync.timeout.retry = -1 (default)
2019-10-01 06:23:10,866 [pool-403-thread-1] INFO  server.RaftServerConfigKeys (ConfUtils.java:logGet(43)) - raft.server.log.statemachine.data.caching.enabled = true (custom)
2019-10-01 06:23:10,866 [pool-393-thread-1] INFO  server.RaftServerConfigKeys (ConfUtils.java:logGet(43)) - raft.server.log.statemachine.data.caching.enabled = true (custom)
2019-10-01 06:23:10,867 [pool-383-thread-1] INFO  impl.RaftServerImpl (RaftServerImpl.java:start(181)) - efd9ac6f-ff5e-4968-a08a-87ccf28a484c@group-19B9CE210203: start as a follower, conf=-1: [efd9ac6f-ff5e-4968-a08a-87ccf28a484c:192.168.30.6:32768, e7934135-fd47-404e-892b-137bed43e7da:192.168.30.6:45453, aaa00b68-949c-4488-a5cf-23a59052fdec:192.168.30.6:43034], old=null
2019-10-01 06:23:10,867 [pool-383-thread-1] INFO  impl.RaftServerImpl (RaftServerImpl.java:setRole(170)) - efd9ac6f-ff5e-4968-a08a-87ccf28a484c@group-19B9CE210203: changes role from      null to FOLLOWER at term 0 for startAsFollower
2019-10-01 06:23:10,867 [pool-383-thread-1] INFO  impl.RoleInfo (RoleInfo.java:updateAndGet(143)) - efd9ac6f-ff5e-4968-a08a-87ccf28a484c: start FollowerState
2019-10-01 06:23:10,867 [pool-383-thread-1] INFO  util.JmxRegister (JmxRegister.java:tryRegister(44)) - Successfully registered JMX Bean with object name Ratis:service=RaftServer,group=group-19B9CE210203,id=efd9ac6f-ff5e-4968-a08a-87ccf28a484c
2019-10-01 06:23:10,868 [pool-393-thread-1] INFO  segmented.SegmentedRaftLogWorker (SegmentedRaftLogWorker.java:lambda$new$0(128)) - aaa00b68-949c-4488-a5cf-23a59052fdec@group-19B9CE210203-SegmentedRaftLogWorker: flushIndex: setUnconditionally 0 -> -1
2019-10-01 06:23:10,869 [pool-403-thread-1] INFO  segmented.SegmentedRaftLogWorker (SegmentedRaftLogWorker.java:lambda$new$0(128)) - e7934135-fd47-404e-892b-137bed43e7da@group-19B9CE210203-SegmentedRaftLogWorker: flushIndex: setUnconditionally 0 -> -1
2019-10-01 06:23:10,869 [pool-393-thread-1] INFO  server.RaftServerConfigKeys (ConfUtils.java:logGet(43)) - raft.server.snapshot.auto.trigger.enabled = true (custom)
2019-10-01 06:23:10,869 [pool-403-thread-1] INFO  server.RaftServerConfigKeys (ConfUtils.java:logGet(43)) - raft.server.snapshot.auto.trigger.enabled = true (custom)
2019-10-01 06:23:10,869 [pool-393-thread-1] INFO  server.RaftServerConfigKeys (ConfUtils.java:logGet(43)) - raft.server.snapshot.auto.trigger.threshold = 10000 (custom)
2019-10-01 06:23:10,869 [pool-403-thread-1] INFO  server.RaftServerConfigKeys (ConfUtils.java:logGet(43)) - raft.server.snapshot.auto.trigger.threshold = 10000 (custom)
2019-10-01 06:23:10,869 [pool-393-thread-1] INFO  server.RaftServerConfigKeys (ConfUtils.java:logGet(43)) - raft.server.snapshot.retention.file.num = 5 (custom)
2019-10-01 06:23:10,869 [pool-403-thread-1] INFO  server.RaftServerConfigKeys (ConfUtils.java:logGet(43)) - raft.server.snapshot.retention.file.num = 5 (custom)
2019-10-01 06:23:10,870 [pool-393-thread-1] INFO  server.RaftServerConfigKeys (ConfUtils.java:logGet(43)) - raft.server.retrycache.expirytime = 600000ms (custom)
2019-10-01 06:23:10,870 [pool-403-thread-1] INFO  server.RaftServerConfigKeys (ConfUtils.java:logGet(43)) - raft.server.retrycache.expirytime = 600000ms (custom)
2019-10-01 06:23:10,873 [pool-393-thread-1] INFO  impl.RaftServerImpl (RaftServerImpl.java:start(181)) - aaa00b68-949c-4488-a5cf-23a59052fdec@group-19B9CE210203: start as a follower, conf=-1: [efd9ac6f-ff5e-4968-a08a-87ccf28a484c:192.168.30.6:32768, e7934135-fd47-404e-892b-137bed43e7da:192.168.30.6:45453, aaa00b68-949c-4488-a5cf-23a59052fdec:192.168.30.6:43034], old=null
2019-10-01 06:23:10,873 [pool-403-thread-1] INFO  impl.RaftServerImpl (RaftServerImpl.java:start(181)) - e7934135-fd47-404e-892b-137bed43e7da@group-19B9CE210203: start as a follower, conf=-1: [efd9ac6f-ff5e-4968-a08a-87ccf28a484c:192.168.30.6:32768, e7934135-fd47-404e-892b-137bed43e7da:192.168.30.6:45453, aaa00b68-949c-4488-a5cf-23a59052fdec:192.168.30.6:43034], old=null
2019-10-01 06:23:10,873 [pool-393-thread-1] INFO  impl.RaftServerImpl (RaftServerImpl.java:setRole(170)) - aaa00b68-949c-4488-a5cf-23a59052fdec@group-19B9CE210203: changes role from      null to FOLLOWER at term 0 for startAsFollower
2019-10-01 06:23:10,873 [pool-403-thread-1] INFO  impl.RaftServerImpl (RaftServerImpl.java:setRole(170)) - e7934135-fd47-404e-892b-137bed43e7da@group-19B9CE210203: changes role from      null to FOLLOWER at term 0 for startAsFollower
2019-10-01 06:23:10,873 [pool-393-thread-1] INFO  impl.RoleInfo (RoleInfo.java:updateAndGet(143)) - aaa00b68-949c-4488-a5cf-23a59052fdec: start FollowerState
2019-10-01 06:23:10,873 [pool-403-thread-1] INFO  impl.RoleInfo (RoleInfo.java:updateAndGet(143)) - e7934135-fd47-404e-892b-137bed43e7da: start FollowerState
2019-10-01 06:23:10,873 [pool-393-thread-1] INFO  util.JmxRegister (JmxRegister.java:tryRegister(44)) - Successfully registered JMX Bean with object name Ratis:service=RaftServer,group=group-19B9CE210203,id=aaa00b68-949c-4488-a5cf-23a59052fdec
2019-10-01 06:23:10,873 [pool-403-thread-1] INFO  util.JmxRegister (JmxRegister.java:tryRegister(44)) - Successfully registered JMX Bean with object name Ratis:service=RaftServer,group=group-19B9CE210203,id=e7934135-fd47-404e-892b-137bed43e7da
2019-10-01 06:23:10,876 [IPC Server handler 4 on 43143] INFO  net.NetworkTopology (NetworkTopologyImpl.java:add(111)) - Added a new node: /default-rack/a8928fd9-7185-4781-af55-fc9b1af75c2e
2019-10-01 06:23:10,876 [IPC Server handler 4 on 43143] INFO  node.SCMNodeManager (SCMNodeManager.java:register(266)) - Registered Data node : a8928fd9-7185-4781-af55-fc9b1af75c2e{ip: 192.168.30.6, host: trunk-nightly-20191001-qpwks-271313263, networkLocation: /default-rack, certSerialId: null}
2019-10-01 06:23:10,878 [RatisPipelineUtilsThread] INFO  pipeline.PipelineStateManager (PipelineStateManager.java:addPipeline(56)) - Created pipeline Pipeline[ Id: 1c9ba707-c601-4044-9cb8-19b9ce210203, Nodes: efd9ac6f-ff5e-4968-a08a-87ccf28a484c{ip: 192.168.30.6, host: trunk-nightly-20191001-qpwks-271313263, networkLocation: /default-rack, certSerialId: null}e7934135-fd47-404e-892b-137bed43e7da{ip: 192.168.30.6, host: trunk-nightly-20191001-qpwks-271313263, networkLocation: /default-rack, certSerialId: null}aaa00b68-949c-4488-a5cf-23a59052fdec{ip: 192.168.30.6, host: trunk-nightly-20191001-qpwks-271313263, networkLocation: /default-rack, certSerialId: null}, Type:RATIS, Factor:THREE, State:OPEN]
2019-10-01 06:23:10,976 [IPC Server handler 1 on 43143] INFO  net.NetworkTopology (NetworkTopologyImpl.java:add(111)) - Added a new node: /default-rack/122f6aff-2eb5-468d-983a-428122ab2ecb
2019-10-01 06:23:10,976 [IPC Server handler 1 on 43143] INFO  node.SCMNodeManager (SCMNodeManager.java:register(266)) - Registered Data node : 122f6aff-2eb5-468d-983a-428122ab2ecb{ip: 192.168.30.6, host: trunk-nightly-20191001-qpwks-271313263, networkLocation: /default-rack, certSerialId: null}
2019-10-01 06:23:11,021 [grpc-default-executor-8] INFO  impl.RaftServerProxy (RaftServerProxy.java:addNew(89)) - 122f6aff-2eb5-468d-983a-428122ab2ecb: addNew group-C16D3D845DB0:[122f6aff-2eb5-468d-983a-428122ab2ecb:192.168.30.6:37875] returns group-C16D3D845DB0:java.util.concurrent.CompletableFuture@2deb3e51[Not completed]
2019-10-01 06:23:11,027 [pool-423-thread-1] INFO  impl.RaftServerImpl (RaftServerImpl.java:<init>(95)) - 122f6aff-2eb5-468d-983a-428122ab2ecb: new RaftServerImpl for group-C16D3D845DB0:[122f6aff-2eb5-468d-983a-428122ab2ecb:192.168.30.6:37875] with ContainerStateMachine:uninitialized
2019-10-01 06:23:11,027 [pool-423-thread-1] INFO  server.RaftServerConfigKeys (ConfUtils.java:logGet(43)) - raft.server.rpc.timeout.min = 5s (custom)
2019-10-01 06:23:11,027 [pool-423-thread-1] INFO  server.RaftServerConfigKeys (ConfUtils.java:logGet(43)) - raft.server.rpc.timeout.max = 5200ms (custom)
2019-10-01 06:23:11,027 [pool-423-thread-1] INFO  server.RaftServerConfigKeys (ConfUtils.java:logGet(43)) - raft.server.rpcslowness.timeout = 120s (custom)
2019-10-01 06:23:11,027 [pool-423-thread-1] INFO  server.RaftServerConfigKeys (ConfUtils.java:logGet(43)) - raft.server.sleep.deviation.threshold = 300 (default)
2019-10-01 06:23:11,027 [pool-423-thread-1] INFO  server.RaftServerConfigKeys (ConfUtils.java:logGet(43)) - raft.server.log.appender.install.snapshot.enabled = false (custom)
2019-10-01 06:23:11,027 [pool-423-thread-1] INFO  impl.RaftServerImpl (ServerState.java:<init>(103)) - 122f6aff-2eb5-468d-983a-428122ab2ecb@group-C16D3D845DB0: ConfigurationManager, init=-1: [122f6aff-2eb5-468d-983a-428122ab2ecb:192.168.30.6:37875], old=null, confs=<EMPTY_MAP>
2019-10-01 06:23:11,028 [pool-423-thread-1] INFO  server.RaftServerConfigKeys (ConfUtils.java:logGet(43)) - raft.server.storage.dir = [/workdir/hadoop-ozone/integration-test/target/test-dir/MiniOzoneClusterImpl-7b9204ab-7931-4724-b6ae-3e28cc8e7013/datanode-4/data/ratis] (custom)
2019-10-01 06:23:11,028 [pool-423-thread-1] INFO  server.RaftServerConfigKeys (ConfUtils.java:logGet(43)) - raft.server.log.corruption.policy = EXCEPTION (default)
2019-10-01 06:23:11,028 [pool-423-thread-1] INFO  storage.RaftStorageDirectory (RaftStorageDirectory.java:analyzeStorage(246)) - The storage directory /workdir/hadoop-ozone/integration-test/target/test-dir/MiniOzoneClusterImpl-7b9204ab-7931-4724-b6ae-3e28cc8e7013/datanode-4/data/ratis/abe06552-3169-4ff5-b24a-c16d3d845db0 does not exist. Creating ...
2019-10-01 06:23:11,054 [pool-423-thread-1] INFO  storage.RaftStorageDirectory (RaftStorageDirectory.java:tryLock(328)) - Lock on /workdir/hadoop-ozone/integration-test/target/test-dir/MiniOzoneClusterImpl-7b9204ab-7931-4724-b6ae-3e28cc8e7013/datanode-4/data/ratis/abe06552-3169-4ff5-b24a-c16d3d845db0/in_use.lock acquired by nodename 11602@trunk-nightly-20191001-qpwks-271313263
2019-10-01 06:23:11,079 [pool-423-thread-1] INFO  storage.RaftStorage (RaftStorage.java:format(84)) - Storage directory /workdir/hadoop-ozone/integration-test/target/test-dir/MiniOzoneClusterImpl-7b9204ab-7931-4724-b6ae-3e28cc8e7013/datanode-4/data/ratis/abe06552-3169-4ff5-b24a-c16d3d845db0 has been successfully formatted.
2019-10-01 06:23:11,079 [pool-423-thread-1] INFO  ratis.ContainerStateMachine (ContainerStateMachine.java:loadSnapshot(230)) - group-C16D3D845DB0: The snapshot info is null. Setting the last applied indexto:(t:0, i:~)
2019-10-01 06:23:11,079 [pool-423-thread-1] INFO  server.RaftServerConfigKeys (ConfUtils.java:logGet(43)) - raft.server.notification.no-leader.timeout = 120s (custom)
2019-10-01 06:23:11,079 [pool-423-thread-1] INFO  server.RaftServerConfigKeys (ConfUtils.java:logGet(43)) - raft.server.log.use.memory = false (default)
2019-10-01 06:23:11,080 [pool-423-thread-1] INFO  server.RaftServerConfigKeys (ConfUtils.java:logGet(43)) - raft.server.log.purge.gap = 1000000 (custom)
2019-10-01 06:23:11,080 [pool-423-thread-1] INFO  server.RaftServerConfigKeys (ConfUtils.java:logGet(43)) - raft.server.log.appender.buffer.byte-limit = 33554432 (custom)
2019-10-01 06:23:11,080 [pool-423-thread-1] INFO  server.RaftServerConfigKeys (ConfUtils.java:logGet(43)) - raft.server.log.segment.size.max = 1048576 (custom)
2019-10-01 06:23:11,081 [pool-423-thread-1] INFO  server.RaftServerConfigKeys (ConfUtils.java:logGet(43)) - raft.server.log.segment.cache.num.max = 2 (custom)
2019-10-01 06:23:11,081 [pool-423-thread-1] INFO  segmented.SegmentedRaftLogWorker (SegmentedRaftLogWorker.java:<init>(173)) - new 122f6aff-2eb5-468d-983a-428122ab2ecb@group-C16D3D845DB0-SegmentedRaftLogWorker for RaftStorage:Storage Directory /workdir/hadoop-ozone/integration-test/target/test-dir/MiniOzoneClusterImpl-7b9204ab-7931-4724-b6ae-3e28cc8e7013/datanode-4/data/ratis/abe06552-3169-4ff5-b24a-c16d3d845db0
2019-10-01 06:23:11,081 [pool-423-thread-1] INFO  server.RaftServerConfigKeys (ConfUtils.java:logGet(43)) - raft.server.log.queue.byte-limit = 2147483647 (custom)
2019-10-01 06:23:11,081 [pool-423-thread-1] INFO  server.RaftServerConfigKeys (ConfUtils.java:logGet(43)) - raft.server.log.queue.element-limit = 1024 (custom)
2019-10-01 06:23:11,081 [pool-423-thread-1] INFO  server.RaftServerConfigKeys (ConfUtils.java:logGet(43)) - raft.server.log.segment.size.max = 1048576 (custom)
2019-10-01 06:23:11,082 [pool-423-thread-1] INFO  server.RaftServerConfigKeys (ConfUtils.java:logGet(43)) - raft.server.log.preallocated.size = 16384 (custom)
2019-10-01 06:23:11,082 [pool-423-thread-1] INFO  server.RaftServerConfigKeys (ConfUtils.java:logGet(43)) - raft.server.log.write.buffer.size = 33554432 (custom)
2019-10-01 06:23:11,082 [pool-423-thread-1] INFO  server.RaftServerConfigKeys (ConfUtils.java:logGet(43)) - raft.server.log.force.sync.num = 128 (default)
2019-10-01 06:23:11,082 [pool-423-thread-1] INFO  server.RaftServerConfigKeys (ConfUtils.java:logGet(43)) - raft.server.log.statemachine.data.sync = true (default)
2019-10-01 06:23:11,082 [pool-423-thread-1] INFO  server.RaftServerConfigKeys (ConfUtils.java:logGet(43)) - raft.server.log.statemachine.data.sync.timeout = 10s (default)
2019-10-01 06:23:11,082 [pool-423-thread-1] INFO  server.RaftServerConfigKeys (ConfUtils.java:logGet(43)) - raft.server.log.statemachine.data.sync.timeout.retry = -1 (default)
2019-10-01 06:23:11,082 [pool-423-thread-1] INFO  server.RaftServerConfigKeys (ConfUtils.java:logGet(43)) - raft.server.log.statemachine.data.caching.enabled = true (custom)
2019-10-01 06:23:11,082 [pool-423-thread-1] INFO  segmented.SegmentedRaftLogWorker (SegmentedRaftLogWorker.java:lambda$new$0(128)) - 122f6aff-2eb5-468d-983a-428122ab2ecb@group-C16D3D845DB0-SegmentedRaftLogWorker: flushIndex: setUnconditionally 0 -> -1
2019-10-01 06:23:11,083 [pool-423-thread-1] INFO  server.RaftServerConfigKeys (ConfUtils.java:logGet(43)) - raft.server.snapshot.auto.trigger.enabled = true (custom)
2019-10-01 06:23:11,083 [pool-423-thread-1] INFO  server.RaftServerConfigKeys (ConfUtils.java:logGet(43)) - raft.server.snapshot.auto.trigger.threshold = 10000 (custom)
2019-10-01 06:23:11,083 [pool-423-thread-1] INFO  server.RaftServerConfigKeys (ConfUtils.java:logGet(43)) - raft.server.snapshot.retention.file.num = 5 (custom)
2019-10-01 06:23:11,083 [pool-423-thread-1] INFO  server.RaftServerConfigKeys (ConfUtils.java:logGet(43)) - raft.server.retrycache.expirytime = 600000ms (custom)
2019-10-01 06:23:11,084 [pool-423-thread-1] INFO  impl.RaftServerImpl (RaftServerImpl.java:start(181)) - 122f6aff-2eb5-468d-983a-428122ab2ecb@group-C16D3D845DB0: start as a follower, conf=-1: [122f6aff-2eb5-468d-983a-428122ab2ecb:192.168.30.6:37875], old=null
2019-10-01 06:23:11,084 [pool-423-thread-1] INFO  impl.RaftServerImpl (RaftServerImpl.java:setRole(170)) - 122f6aff-2eb5-468d-983a-428122ab2ecb@group-C16D3D845DB0: changes role from      null to FOLLOWER at term 0 for startAsFollower
2019-10-01 06:23:11,084 [pool-423-thread-1] INFO  impl.RoleInfo (RoleInfo.java:updateAndGet(143)) - 122f6aff-2eb5-468d-983a-428122ab2ecb: start FollowerState
2019-10-01 06:23:11,085 [pool-423-thread-1] INFO  util.JmxRegister (JmxRegister.java:tryRegister(44)) - Successfully registered JMX Bean with object name Ratis:service=RaftServer,group=group-C16D3D845DB0,id=122f6aff-2eb5-468d-983a-428122ab2ecb
2019-10-01 06:23:11,089 [RatisPipelineUtilsThread] INFO  pipeline.PipelineStateManager (PipelineStateManager.java:addPipeline(56)) - Created pipeline Pipeline[ Id: abe06552-3169-4ff5-b24a-c16d3d845db0, Nodes: 122f6aff-2eb5-468d-983a-428122ab2ecb{ip: 192.168.30.6, host: trunk-nightly-20191001-qpwks-271313263, networkLocation: /default-rack, certSerialId: null}, Type:RATIS, Factor:ONE, State:OPEN]
2019-10-01 06:23:11,100 [grpc-default-executor-8] INFO  impl.RaftServerProxy (RaftServerProxy.java:addNew(89)) - a8928fd9-7185-4781-af55-fc9b1af75c2e: addNew group-724601E61C05:[a8928fd9-7185-4781-af55-fc9b1af75c2e:192.168.30.6:33533] returns group-724601E61C05:java.util.concurrent.CompletableFuture@153faf35[Not completed]
2019-10-01 06:23:11,101 [pool-413-thread-1] INFO  impl.RaftServerImpl (RaftServerImpl.java:<init>(95)) - a8928fd9-7185-4781-af55-fc9b1af75c2e: new RaftServerImpl for group-724601E61C05:[a8928fd9-7185-4781-af55-fc9b1af75c2e:192.168.30.6:33533] with ContainerStateMachine:uninitialized
2019-10-01 06:23:11,102 [pool-413-thread-1] INFO  server.RaftServerConfigKeys (ConfUtils.java:logGet(43)) - raft.server.rpc.timeout.min = 5s (custom)
2019-10-01 06:23:11,102 [pool-413-thread-1] INFO  server.RaftServerConfigKeys (ConfUtils.java:logGet(43)) - raft.server.rpc.timeout.max = 5200ms (custom)
2019-10-01 06:23:11,102 [pool-413-thread-1] INFO  server.RaftServerConfigKeys (ConfUtils.java:logGet(43)) - raft.server.rpcslowness.timeout = 120s (custom)
2019-10-01 06:23:11,102 [pool-413-thread-1] INFO  server.RaftServerConfigKeys (ConfUtils.java:logGet(43)) - raft.server.sleep.deviation.threshold = 300 (default)
2019-10-01 06:23:11,102 [pool-413-thread-1] INFO  server.RaftServerConfigKeys (ConfUtils.java:logGet(43)) - raft.server.log.appender.install.snapshot.enabled = false (custom)
2019-10-01 06:23:11,102 [pool-413-thread-1] INFO  impl.RaftServerImpl (ServerState.java:<init>(103)) - a8928fd9-7185-4781-af55-fc9b1af75c2e@group-724601E61C05: ConfigurationManager, init=-1: [a8928fd9-7185-4781-af55-fc9b1af75c2e:192.168.30.6:33533], old=null, confs=<EMPTY_MAP>
2019-10-01 06:23:11,102 [pool-413-thread-1] INFO  server.RaftServerConfigKeys (ConfUtils.java:logGet(43)) - raft.server.storage.dir = [/workdir/hadoop-ozone/integration-test/target/test-dir/MiniOzoneClusterImpl-7b9204ab-7931-4724-b6ae-3e28cc8e7013/datanode-3/data/ratis] (custom)
2019-10-01 06:23:11,102 [pool-413-thread-1] INFO  server.RaftServerConfigKeys (ConfUtils.java:logGet(43)) - raft.server.log.corruption.policy = EXCEPTION (default)
2019-10-01 06:23:11,102 [pool-413-thread-1] INFO  storage.RaftStorageDirectory (RaftStorageDirectory.java:analyzeStorage(246)) - The storage directory /workdir/hadoop-ozone/integration-test/target/test-dir/MiniOzoneClusterImpl-7b9204ab-7931-4724-b6ae-3e28cc8e7013/datanode-3/data/ratis/b647206e-7190-44c4-9beb-724601e61c05 does not exist. Creating ...
2019-10-01 06:23:11,130 [pool-413-thread-1] INFO  storage.RaftStorageDirectory (RaftStorageDirectory.java:tryLock(328)) - Lock on /workdir/hadoop-ozone/integration-test/target/test-dir/MiniOzoneClusterImpl-7b9204ab-7931-4724-b6ae-3e28cc8e7013/datanode-3/data/ratis/b647206e-7190-44c4-9beb-724601e61c05/in_use.lock acquired by nodename 11602@trunk-nightly-20191001-qpwks-271313263
2019-10-01 06:23:11,156 [pool-413-thread-1] INFO  storage.RaftStorage (RaftStorage.java:format(84)) - Storage directory /workdir/hadoop-ozone/integration-test/target/test-dir/MiniOzoneClusterImpl-7b9204ab-7931-4724-b6ae-3e28cc8e7013/datanode-3/data/ratis/b647206e-7190-44c4-9beb-724601e61c05 has been successfully formatted.
2019-10-01 06:23:11,156 [pool-413-thread-1] INFO  ratis.ContainerStateMachine (ContainerStateMachine.java:loadSnapshot(230)) - group-724601E61C05: The snapshot info is null. Setting the last applied indexto:(t:0, i:~)
2019-10-01 06:23:11,156 [pool-413-thread-1] INFO  server.RaftServerConfigKeys (ConfUtils.java:logGet(43)) - raft.server.notification.no-leader.timeout = 120s (custom)
2019-10-01 06:23:11,156 [pool-413-thread-1] INFO  server.RaftServerConfigKeys (ConfUtils.java:logGet(43)) - raft.server.log.use.memory = false (default)
2019-10-01 06:23:11,156 [pool-413-thread-1] INFO  server.RaftServerConfigKeys (ConfUtils.java:logGet(43)) - raft.server.log.purge.gap = 1000000 (custom)
2019-10-01 06:23:11,156 [pool-413-thread-1] INFO  server.RaftServerConfigKeys (ConfUtils.java:logGet(43)) - raft.server.log.appender.buffer.byte-limit = 33554432 (custom)
2019-10-01 06:23:11,157 [pool-413-thread-1] INFO  server.RaftServerConfigKeys (ConfUtils.java:logGet(43)) - raft.server.log.segment.size.max = 1048576 (custom)
2019-10-01 06:23:11,158 [pool-413-thread-1] INFO  server.RaftServerConfigKeys (ConfUtils.java:logGet(43)) - raft.server.log.segment.cache.num.max = 2 (custom)
2019-10-01 06:23:11,158 [pool-413-thread-1] INFO  segmented.SegmentedRaftLogWorker (SegmentedRaftLogWorker.java:<init>(173)) - new a8928fd9-7185-4781-af55-fc9b1af75c2e@group-724601E61C05-SegmentedRaftLogWorker for RaftStorage:Storage Directory /workdir/hadoop-ozone/integration-test/target/test-dir/MiniOzoneClusterImpl-7b9204ab-7931-4724-b6ae-3e28cc8e7013/datanode-3/data/ratis/b647206e-7190-44c4-9beb-724601e61c05
2019-10-01 06:23:11,158 [pool-413-thread-1] INFO  server.RaftServerConfigKeys (ConfUtils.java:logGet(43)) - raft.server.log.queue.byte-limit = 2147483647 (custom)
2019-10-01 06:23:11,158 [pool-413-thread-1] INFO  server.RaftServerConfigKeys (ConfUtils.java:logGet(43)) - raft.server.log.queue.element-limit = 1024 (custom)
2019-10-01 06:23:11,158 [pool-413-thread-1] INFO  server.RaftServerConfigKeys (ConfUtils.java:logGet(43)) - raft.server.log.segment.size.max = 1048576 (custom)
2019-10-01 06:23:11,158 [pool-413-thread-1] INFO  server.RaftServerConfigKeys (ConfUtils.java:logGet(43)) - raft.server.log.preallocated.size = 16384 (custom)
2019-10-01 06:23:11,158 [pool-413-thread-1] INFO  server.RaftServerConfigKeys (ConfUtils.java:logGet(43)) - raft.server.log.write.buffer.size = 33554432 (custom)
2019-10-01 06:23:11,159 [pool-413-thread-1] INFO  server.RaftServerConfigKeys (ConfUtils.java:logGet(43)) - raft.server.log.force.sync.num = 128 (default)
2019-10-01 06:23:11,159 [pool-413-thread-1] INFO  server.RaftServerConfigKeys (ConfUtils.java:logGet(43)) - raft.server.log.statemachine.data.sync = true (default)
2019-10-01 06:23:11,159 [pool-413-thread-1] INFO  server.RaftServerConfigKeys (ConfUtils.java:logGet(43)) - raft.server.log.statemachine.data.sync.timeout = 10s (default)
2019-10-01 06:23:11,159 [pool-413-thread-1] INFO  server.RaftServerConfigKeys (ConfUtils.java:logGet(43)) - raft.server.log.statemachine.data.sync.timeout.retry = -1 (default)
2019-10-01 06:23:11,159 [pool-413-thread-1] INFO  server.RaftServerConfigKeys (ConfUtils.java:logGet(43)) - raft.server.log.statemachine.data.caching.enabled = true (custom)
2019-10-01 06:23:11,160 [pool-413-thread-1] INFO  segmented.SegmentedRaftLogWorker (SegmentedRaftLogWorker.java:lambda$new$0(128)) - a8928fd9-7185-4781-af55-fc9b1af75c2e@group-724601E61C05-SegmentedRaftLogWorker: flushIndex: setUnconditionally 0 -> -1
2019-10-01 06:23:11,160 [pool-413-thread-1] INFO  server.RaftServerConfigKeys (ConfUtils.java:logGet(43)) - raft.server.snapshot.auto.trigger.enabled = true (custom)
2019-10-01 06:23:11,160 [pool-413-thread-1] INFO  server.RaftServerConfigKeys (ConfUtils.java:logGet(43)) - raft.server.snapshot.auto.trigger.threshold = 10000 (custom)
2019-10-01 06:23:11,160 [pool-413-thread-1] INFO  server.RaftServerConfigKeys (ConfUtils.java:logGet(43)) - raft.server.snapshot.retention.file.num = 5 (custom)
2019-10-01 06:23:11,160 [pool-413-thread-1] INFO  server.RaftServerConfigKeys (ConfUtils.java:logGet(43)) - raft.server.retrycache.expirytime = 600000ms (custom)
2019-10-01 06:23:11,162 [pool-413-thread-1] INFO  impl.RaftServerImpl (RaftServerImpl.java:start(181)) - a8928fd9-7185-4781-af55-fc9b1af75c2e@group-724601E61C05: start as a follower, conf=-1: [a8928fd9-7185-4781-af55-fc9b1af75c2e:192.168.30.6:33533], old=null
2019-10-01 06:23:11,162 [pool-413-thread-1] INFO  impl.RaftServerImpl (RaftServerImpl.java:setRole(170)) - a8928fd9-7185-4781-af55-fc9b1af75c2e@group-724601E61C05: changes role from      null to FOLLOWER at term 0 for startAsFollower
2019-10-01 06:23:11,162 [pool-413-thread-1] INFO  impl.RoleInfo (RoleInfo.java:updateAndGet(143)) - a8928fd9-7185-4781-af55-fc9b1af75c2e: start FollowerState
2019-10-01 06:23:11,162 [pool-413-thread-1] INFO  util.JmxRegister (JmxRegister.java:tryRegister(44)) - Successfully registered JMX Bean with object name Ratis:service=RaftServer,group=group-724601E61C05,id=a8928fd9-7185-4781-af55-fc9b1af75c2e
2019-10-01 06:23:11,166 [RatisPipelineUtilsThread] INFO  pipeline.PipelineStateManager (PipelineStateManager.java:addPipeline(56)) - Created pipeline Pipeline[ Id: b647206e-7190-44c4-9beb-724601e61c05, Nodes: a8928fd9-7185-4781-af55-fc9b1af75c2e{ip: 192.168.30.6, host: trunk-nightly-20191001-qpwks-271313263, networkLocation: /default-rack, certSerialId: null}, Type:RATIS, Factor:ONE, State:OPEN]
2019-10-01 06:23:11,233 [IPC Server handler 2 on 43143] INFO  net.NetworkTopology (NetworkTopologyImpl.java:add(111)) - Added a new node: /default-rack/559da6ae-3c3f-4b3b-89ff-b3d5b30db03c
2019-10-01 06:23:11,233 [IPC Server handler 2 on 43143] INFO  node.SCMNodeManager (SCMNodeManager.java:register(266)) - Registered Data node : 559da6ae-3c3f-4b3b-89ff-b3d5b30db03c{ip: 192.168.30.6, host: trunk-nightly-20191001-qpwks-271313263, networkLocation: /default-rack, certSerialId: null}
2019-10-01 06:23:11,244 [grpc-default-executor-8] INFO  impl.RaftServerProxy (RaftServerProxy.java:addNew(89)) - 559da6ae-3c3f-4b3b-89ff-b3d5b30db03c: addNew group-CDE1CEA39A95:[559da6ae-3c3f-4b3b-89ff-b3d5b30db03c:192.168.30.6:42530] returns group-CDE1CEA39A95:java.util.concurrent.CompletableFuture@77a4ad9d[Not completed]
2019-10-01 06:23:11,245 [pool-433-thread-1] INFO  impl.RaftServerImpl (RaftServerImpl.java:<init>(95)) - 559da6ae-3c3f-4b3b-89ff-b3d5b30db03c: new RaftServerImpl for group-CDE1CEA39A95:[559da6ae-3c3f-4b3b-89ff-b3d5b30db03c:192.168.30.6:42530] with ContainerStateMachine:uninitialized
2019-10-01 06:23:11,245 [pool-433-thread-1] INFO  server.RaftServerConfigKeys (ConfUtils.java:logGet(43)) - raft.server.rpc.timeout.min = 5s (custom)
2019-10-01 06:23:11,245 [pool-433-thread-1] INFO  server.RaftServerConfigKeys (ConfUtils.java:logGet(43)) - raft.server.rpc.timeout.max = 5200ms (custom)
2019-10-01 06:23:11,245 [pool-433-thread-1] INFO  server.RaftServerConfigKeys (ConfUtils.java:logGet(43)) - raft.server.rpcslowness.timeout = 120s (custom)
2019-10-01 06:23:11,245 [pool-433-thread-1] INFO  server.RaftServerConfigKeys (ConfUtils.java:logGet(43)) - raft.server.sleep.deviation.threshold = 300 (default)
2019-10-01 06:23:11,246 [pool-433-thread-1] INFO  server.RaftServerConfigKeys (ConfUtils.java:logGet(43)) - raft.server.log.appender.install.snapshot.enabled = false (custom)
2019-10-01 06:23:11,246 [pool-433-thread-1] INFO  impl.RaftServerImpl (ServerState.java:<init>(103)) - 559da6ae-3c3f-4b3b-89ff-b3d5b30db03c@group-CDE1CEA39A95: ConfigurationManager, init=-1: [559da6ae-3c3f-4b3b-89ff-b3d5b30db03c:192.168.30.6:42530], old=null, confs=<EMPTY_MAP>
2019-10-01 06:23:11,246 [pool-433-thread-1] INFO  server.RaftServerConfigKeys (ConfUtils.java:logGet(43)) - raft.server.storage.dir = [/workdir/hadoop-ozone/integration-test/target/test-dir/MiniOzoneClusterImpl-7b9204ab-7931-4724-b6ae-3e28cc8e7013/datanode-5/data/ratis] (custom)
2019-10-01 06:23:11,246 [pool-433-thread-1] INFO  server.RaftServerConfigKeys (ConfUtils.java:logGet(43)) - raft.server.log.corruption.policy = EXCEPTION (default)
2019-10-01 06:23:11,246 [pool-433-thread-1] INFO  storage.RaftStorageDirectory (RaftStorageDirectory.java:analyzeStorage(246)) - The storage directory /workdir/hadoop-ozone/integration-test/target/test-dir/MiniOzoneClusterImpl-7b9204ab-7931-4724-b6ae-3e28cc8e7013/datanode-5/data/ratis/d9649b27-678b-4dda-ad87-cde1cea39a95 does not exist. Creating ...
2019-10-01 06:23:11,274 [pool-433-thread-1] INFO  storage.RaftStorageDirectory (RaftStorageDirectory.java:tryLock(328)) - Lock on /workdir/hadoop-ozone/integration-test/target/test-dir/MiniOzoneClusterImpl-7b9204ab-7931-4724-b6ae-3e28cc8e7013/datanode-5/data/ratis/d9649b27-678b-4dda-ad87-cde1cea39a95/in_use.lock acquired by nodename 11602@trunk-nightly-20191001-qpwks-271313263
2019-10-01 06:23:11,299 [pool-433-thread-1] INFO  storage.RaftStorage (RaftStorage.java:format(84)) - Storage directory /workdir/hadoop-ozone/integration-test/target/test-dir/MiniOzoneClusterImpl-7b9204ab-7931-4724-b6ae-3e28cc8e7013/datanode-5/data/ratis/d9649b27-678b-4dda-ad87-cde1cea39a95 has been successfully formatted.
2019-10-01 06:23:11,300 [pool-433-thread-1] INFO  ratis.ContainerStateMachine (ContainerStateMachine.java:loadSnapshot(230)) - group-CDE1CEA39A95: The snapshot info is null. Setting the last applied indexto:(t:0, i:~)
2019-10-01 06:23:11,300 [pool-433-thread-1] INFO  server.RaftServerConfigKeys (ConfUtils.java:logGet(43)) - raft.server.notification.no-leader.timeout = 120s (custom)
2019-10-01 06:23:11,300 [pool-433-thread-1] INFO  server.RaftServerConfigKeys (ConfUtils.java:logGet(43)) - raft.server.log.use.memory = false (default)
2019-10-01 06:23:11,300 [pool-433-thread-1] INFO  server.RaftServerConfigKeys (ConfUtils.java:logGet(43)) - raft.server.log.purge.gap = 1000000 (custom)
2019-10-01 06:23:11,300 [pool-433-thread-1] INFO  server.RaftServerConfigKeys (ConfUtils.java:logGet(43)) - raft.server.log.appender.buffer.byte-limit = 33554432 (custom)
2019-10-01 06:23:11,300 [pool-433-thread-1] INFO  server.RaftServerConfigKeys (ConfUtils.java:logGet(43)) - raft.server.log.segment.size.max = 1048576 (custom)
2019-10-01 06:23:11,302 [pool-433-thread-1] INFO  server.RaftServerConfigKeys (ConfUtils.java:logGet(43)) - raft.server.log.segment.cache.num.max = 2 (custom)
2019-10-01 06:23:11,302 [pool-433-thread-1] INFO  segmented.SegmentedRaftLogWorker (SegmentedRaftLogWorker.java:<init>(173)) - new 559da6ae-3c3f-4b3b-89ff-b3d5b30db03c@group-CDE1CEA39A95-SegmentedRaftLogWorker for RaftStorage:Storage Directory /workdir/hadoop-ozone/integration-test/target/test-dir/MiniOzoneClusterImpl-7b9204ab-7931-4724-b6ae-3e28cc8e7013/datanode-5/data/ratis/d9649b27-678b-4dda-ad87-cde1cea39a95
2019-10-01 06:23:11,302 [pool-433-thread-1] INFO  server.RaftServerConfigKeys (ConfUtils.java:logGet(43)) - raft.server.log.queue.byte-limit = 2147483647 (custom)
2019-10-01 06:23:11,302 [pool-433-thread-1] INFO  server.RaftServerConfigKeys (ConfUtils.java:logGet(43)) - raft.server.log.queue.element-limit = 1024 (custom)
2019-10-01 06:23:11,302 [pool-433-thread-1] INFO  server.RaftServerConfigKeys (ConfUtils.java:logGet(43)) - raft.server.log.segment.size.max = 1048576 (custom)
2019-10-01 06:23:11,302 [pool-433-thread-1] INFO  server.RaftServerConfigKeys (ConfUtils.java:logGet(43)) - raft.server.log.preallocated.size = 16384 (custom)
2019-10-01 06:23:11,302 [pool-433-thread-1] INFO  server.RaftServerConfigKeys (ConfUtils.java:logGet(43)) - raft.server.log.write.buffer.size = 33554432 (custom)
2019-10-01 06:23:11,302 [pool-433-thread-1] INFO  server.RaftServerConfigKeys (ConfUtils.java:logGet(43)) - raft.server.log.force.sync.num = 128 (default)
2019-10-01 06:23:11,302 [pool-433-thread-1] INFO  server.RaftServerConfigKeys (ConfUtils.java:logGet(43)) - raft.server.log.statemachine.data.sync = true (default)
2019-10-01 06:23:11,303 [pool-433-thread-1] INFO  server.RaftServerConfigKeys (ConfUtils.java:logGet(43)) - raft.server.log.statemachine.data.sync.timeout = 10s (default)
2019-10-01 06:23:11,303 [pool-433-thread-1] INFO  server.RaftServerConfigKeys (ConfUtils.java:logGet(43)) - raft.server.log.statemachine.data.sync.timeout.retry = -1 (default)
2019-10-01 06:23:11,303 [pool-433-thread-1] INFO  server.RaftServerConfigKeys (ConfUtils.java:logGet(43)) - raft.server.log.statemachine.data.caching.enabled = true (custom)
2019-10-01 06:23:11,303 [pool-433-thread-1] INFO  segmented.SegmentedRaftLogWorker (SegmentedRaftLogWorker.java:lambda$new$0(128)) - 559da6ae-3c3f-4b3b-89ff-b3d5b30db03c@group-CDE1CEA39A95-SegmentedRaftLogWorker: flushIndex: setUnconditionally 0 -> -1
2019-10-01 06:23:11,303 [pool-433-thread-1] INFO  server.RaftServerConfigKeys (ConfUtils.java:logGet(43)) - raft.server.snapshot.auto.trigger.enabled = true (custom)
2019-10-01 06:23:11,303 [pool-433-thread-1] INFO  server.RaftServerConfigKeys (ConfUtils.java:logGet(43)) - raft.server.snapshot.auto.trigger.threshold = 10000 (custom)
2019-10-01 06:23:11,304 [pool-433-thread-1] INFO  server.RaftServerConfigKeys (ConfUtils.java:logGet(43)) - raft.server.snapshot.retention.file.num = 5 (custom)
2019-10-01 06:23:11,304 [pool-433-thread-1] INFO  server.RaftServerConfigKeys (ConfUtils.java:logGet(43)) - raft.server.retrycache.expirytime = 600000ms (custom)
2019-10-01 06:23:11,305 [pool-433-thread-1] INFO  impl.RaftServerImpl (RaftServerImpl.java:start(181)) - 559da6ae-3c3f-4b3b-89ff-b3d5b30db03c@group-CDE1CEA39A95: start as a follower, conf=-1: [559da6ae-3c3f-4b3b-89ff-b3d5b30db03c:192.168.30.6:42530], old=null
2019-10-01 06:23:11,305 [pool-433-thread-1] INFO  impl.RaftServerImpl (RaftServerImpl.java:setRole(170)) - 559da6ae-3c3f-4b3b-89ff-b3d5b30db03c@group-CDE1CEA39A95: changes role from      null to FOLLOWER at term 0 for startAsFollower
2019-10-01 06:23:11,305 [pool-433-thread-1] INFO  impl.RoleInfo (RoleInfo.java:updateAndGet(143)) - 559da6ae-3c3f-4b3b-89ff-b3d5b30db03c: start FollowerState
2019-10-01 06:23:11,306 [pool-433-thread-1] INFO  util.JmxRegister (JmxRegister.java:tryRegister(44)) - Successfully registered JMX Bean with object name Ratis:service=RaftServer,group=group-CDE1CEA39A95,id=559da6ae-3c3f-4b3b-89ff-b3d5b30db03c
2019-10-01 06:23:11,309 [RatisPipelineUtilsThread] INFO  pipeline.PipelineStateManager (PipelineStateManager.java:addPipeline(56)) - Created pipeline Pipeline[ Id: d9649b27-678b-4dda-ad87-cde1cea39a95, Nodes: 559da6ae-3c3f-4b3b-89ff-b3d5b30db03c{ip: 192.168.30.6, host: trunk-nightly-20191001-qpwks-271313263, networkLocation: /default-rack, certSerialId: null}, Type:RATIS, Factor:ONE, State:OPEN]
2019-10-01 06:23:11,326 [main] INFO  ozone.MiniOzoneClusterImpl (MiniOzoneClusterImpl.java:lambda$waitForClusterToBeReady$0(147)) - Waiting for cluster to be ready. Got 6 of 7 DN Heartbeats.
2019-10-01 06:23:11,334 [IPC Server handler 3 on 43143] INFO  net.NetworkTopology (NetworkTopologyImpl.java:add(111)) - Added a new node: /default-rack/a693e269-e89e-4962-824b-589d24eba9f5
2019-10-01 06:23:11,334 [IPC Server handler 3 on 43143] INFO  node.SCMNodeManager (SCMNodeManager.java:register(266)) - Registered Data node : a693e269-e89e-4962-824b-589d24eba9f5{ip: 192.168.30.6, host: trunk-nightly-20191001-qpwks-271313263, networkLocation: /default-rack, certSerialId: null}
2019-10-01 06:23:11,334 [grpc-default-executor-8] INFO  impl.RaftServerProxy (RaftServerProxy.java:addNew(89)) - a8928fd9-7185-4781-af55-fc9b1af75c2e: addNew group-A244812D2EEE:[559da6ae-3c3f-4b3b-89ff-b3d5b30db03c:192.168.30.6:42530, 122f6aff-2eb5-468d-983a-428122ab2ecb:192.168.30.6:37875, a8928fd9-7185-4781-af55-fc9b1af75c2e:192.168.30.6:33533] returns group-A244812D2EEE:java.util.concurrent.CompletableFuture@6eba1a65[Not completed]
2019-10-01 06:23:11,334 [grpc-default-executor-5] INFO  impl.RaftServerProxy (RaftServerProxy.java:addNew(89)) - 122f6aff-2eb5-468d-983a-428122ab2ecb: addNew group-A244812D2EEE:[559da6ae-3c3f-4b3b-89ff-b3d5b30db03c:192.168.30.6:42530, 122f6aff-2eb5-468d-983a-428122ab2ecb:192.168.30.6:37875, a8928fd9-7185-4781-af55-fc9b1af75c2e:192.168.30.6:33533] returns group-A244812D2EEE:java.util.concurrent.CompletableFuture@654197eb[Not completed]
2019-10-01 06:23:11,334 [grpc-default-executor-9] INFO  impl.RaftServerProxy (RaftServerProxy.java:addNew(89)) - 559da6ae-3c3f-4b3b-89ff-b3d5b30db03c: addNew group-A244812D2EEE:[559da6ae-3c3f-4b3b-89ff-b3d5b30db03c:192.168.30.6:42530, 122f6aff-2eb5-468d-983a-428122ab2ecb:192.168.30.6:37875, a8928fd9-7185-4781-af55-fc9b1af75c2e:192.168.30.6:33533] returns group-A244812D2EEE:java.util.concurrent.CompletableFuture@33da62d3[Not completed]
2019-10-01 06:23:11,336 [pool-423-thread-1] INFO  impl.RaftServerImpl (RaftServerImpl.java:<init>(95)) - 122f6aff-2eb5-468d-983a-428122ab2ecb: new RaftServerImpl for group-A244812D2EEE:[559da6ae-3c3f-4b3b-89ff-b3d5b30db03c:192.168.30.6:42530, 122f6aff-2eb5-468d-983a-428122ab2ecb:192.168.30.6:37875, a8928fd9-7185-4781-af55-fc9b1af75c2e:192.168.30.6:33533] with ContainerStateMachine:uninitialized
2019-10-01 06:23:11,336 [pool-423-thread-1] INFO  server.RaftServerConfigKeys (ConfUtils.java:logGet(43)) - raft.server.rpc.timeout.min = 5s (custom)
2019-10-01 06:23:11,336 [pool-423-thread-1] INFO  server.RaftServerConfigKeys (ConfUtils.java:logGet(43)) - raft.server.rpc.timeout.max = 5200ms (custom)
2019-10-01 06:23:11,336 [pool-423-thread-1] INFO  server.RaftServerConfigKeys (ConfUtils.java:logGet(43)) - raft.server.rpcslowness.timeout = 120s (custom)
2019-10-01 06:23:11,337 [pool-423-thread-1] INFO  server.RaftServerConfigKeys (ConfUtils.java:logGet(43)) - raft.server.sleep.deviation.threshold = 300 (default)
2019-10-01 06:23:11,337 [pool-413-thread-1] INFO  impl.RaftServerImpl (RaftServerImpl.java:<init>(95)) - a8928fd9-7185-4781-af55-fc9b1af75c2e: new RaftServerImpl for group-A244812D2EEE:[559da6ae-3c3f-4b3b-89ff-b3d5b30db03c:192.168.30.6:42530, 122f6aff-2eb5-468d-983a-428122ab2ecb:192.168.30.6:37875, a8928fd9-7185-4781-af55-fc9b1af75c2e:192.168.30.6:33533] with ContainerStateMachine:uninitialized
2019-10-01 06:23:11,337 [pool-423-thread-1] INFO  server.RaftServerConfigKeys (ConfUtils.java:logGet(43)) - raft.server.log.appender.install.snapshot.enabled = false (custom)
2019-10-01 06:23:11,337 [pool-413-thread-1] INFO  server.RaftServerConfigKeys (ConfUtils.java:logGet(43)) - raft.server.rpc.timeout.min = 5s (custom)
2019-10-01 06:23:11,337 [pool-423-thread-1] INFO  impl.RaftServerImpl (ServerState.java:<init>(103)) - 122f6aff-2eb5-468d-983a-428122ab2ecb@group-A244812D2EEE: ConfigurationManager, init=-1: [559da6ae-3c3f-4b3b-89ff-b3d5b30db03c:192.168.30.6:42530, 122f6aff-2eb5-468d-983a-428122ab2ecb:192.168.30.6:37875, a8928fd9-7185-4781-af55-fc9b1af75c2e:192.168.30.6:33533], old=null, confs=<EMPTY_MAP>
2019-10-01 06:23:11,337 [pool-413-thread-1] INFO  server.RaftServerConfigKeys (ConfUtils.java:logGet(43)) - raft.server.rpc.timeout.max = 5200ms (custom)
2019-10-01 06:23:11,337 [pool-423-thread-1] INFO  server.RaftServerConfigKeys (ConfUtils.java:logGet(43)) - raft.server.storage.dir = [/workdir/hadoop-ozone/integration-test/target/test-dir/MiniOzoneClusterImpl-7b9204ab-7931-4724-b6ae-3e28cc8e7013/datanode-4/data/ratis] (custom)
2019-10-01 06:23:11,337 [pool-433-thread-1] INFO  impl.RaftServerImpl (RaftServerImpl.java:<init>(95)) - 559da6ae-3c3f-4b3b-89ff-b3d5b30db03c: new RaftServerImpl for group-A244812D2EEE:[559da6ae-3c3f-4b3b-89ff-b3d5b30db03c:192.168.30.6:42530, 122f6aff-2eb5-468d-983a-428122ab2ecb:192.168.30.6:37875, a8928fd9-7185-4781-af55-fc9b1af75c2e:192.168.30.6:33533] with ContainerStateMachine:uninitialized
2019-10-01 06:23:11,337 [pool-413-thread-1] INFO  server.RaftServerConfigKeys (ConfUtils.java:logGet(43)) - raft.server.rpcslowness.timeout = 120s (custom)
2019-10-01 06:23:11,337 [pool-423-thread-1] INFO  server.RaftServerConfigKeys (ConfUtils.java:logGet(43)) - raft.server.log.corruption.policy = EXCEPTION (default)
2019-10-01 06:23:11,337 [pool-433-thread-1] INFO  server.RaftServerConfigKeys (ConfUtils.java:logGet(43)) - raft.server.rpc.timeout.min = 5s (custom)
2019-10-01 06:23:11,338 [pool-423-thread-1] INFO  storage.RaftStorageDirectory (RaftStorageDirectory.java:analyzeStorage(246)) - The storage directory /workdir/hadoop-ozone/integration-test/target/test-dir/MiniOzoneClusterImpl-7b9204ab-7931-4724-b6ae-3e28cc8e7013/datanode-4/data/ratis/3a6bb618-05e0-4cb4-90c2-a244812d2eee does not exist. Creating ...
2019-10-01 06:23:11,337 [pool-413-thread-1] INFO  server.RaftServerConfigKeys (ConfUtils.java:logGet(43)) - raft.server.sleep.deviation.threshold = 300 (default)
2019-10-01 06:23:11,338 [pool-433-thread-1] INFO  server.RaftServerConfigKeys (ConfUtils.java:logGet(43)) - raft.server.rpc.timeout.max = 5200ms (custom)
2019-10-01 06:23:11,338 [pool-413-thread-1] INFO  server.RaftServerConfigKeys (ConfUtils.java:logGet(43)) - raft.server.log.appender.install.snapshot.enabled = false (custom)
2019-10-01 06:23:11,338 [pool-433-thread-1] INFO  server.RaftServerConfigKeys (ConfUtils.java:logGet(43)) - raft.server.rpcslowness.timeout = 120s (custom)
2019-10-01 06:23:11,338 [pool-413-thread-1] INFO  impl.RaftServerImpl (ServerState.java:<init>(103)) - a8928fd9-7185-4781-af55-fc9b1af75c2e@group-A244812D2EEE: ConfigurationManager, init=-1: [559da6ae-3c3f-4b3b-89ff-b3d5b30db03c:192.168.30.6:42530, 122f6aff-2eb5-468d-983a-428122ab2ecb:192.168.30.6:37875, a8928fd9-7185-4781-af55-fc9b1af75c2e:192.168.30.6:33533], old=null, confs=<EMPTY_MAP>
2019-10-01 06:23:11,338 [pool-433-thread-1] INFO  server.RaftServerConfigKeys (ConfUtils.java:logGet(43)) - raft.server.sleep.deviation.threshold = 300 (default)
2019-10-01 06:23:11,338 [pool-413-thread-1] INFO  server.RaftServerConfigKeys (ConfUtils.java:logGet(43)) - raft.server.storage.dir = [/workdir/hadoop-ozone/integration-test/target/test-dir/MiniOzoneClusterImpl-7b9204ab-7931-4724-b6ae-3e28cc8e7013/datanode-3/data/ratis] (custom)
2019-10-01 06:23:11,338 [pool-433-thread-1] INFO  server.RaftServerConfigKeys (ConfUtils.java:logGet(43)) - raft.server.log.appender.install.snapshot.enabled = false (custom)
2019-10-01 06:23:11,339 [pool-413-thread-1] INFO  server.RaftServerConfigKeys (ConfUtils.java:logGet(43)) - raft.server.log.corruption.policy = EXCEPTION (default)
2019-10-01 06:23:11,339 [pool-433-thread-1] INFO  impl.RaftServerImpl (ServerState.java:<init>(103)) - 559da6ae-3c3f-4b3b-89ff-b3d5b30db03c@group-A244812D2EEE: ConfigurationManager, init=-1: [559da6ae-3c3f-4b3b-89ff-b3d5b30db03c:192.168.30.6:42530, 122f6aff-2eb5-468d-983a-428122ab2ecb:192.168.30.6:37875, a8928fd9-7185-4781-af55-fc9b1af75c2e:192.168.30.6:33533], old=null, confs=<EMPTY_MAP>
2019-10-01 06:23:11,339 [pool-413-thread-1] INFO  storage.RaftStorageDirectory (RaftStorageDirectory.java:analyzeStorage(246)) - The storage directory /workdir/hadoop-ozone/integration-test/target/test-dir/MiniOzoneClusterImpl-7b9204ab-7931-4724-b6ae-3e28cc8e7013/datanode-3/data/ratis/3a6bb618-05e0-4cb4-90c2-a244812d2eee does not exist. Creating ...
2019-10-01 06:23:11,339 [pool-433-thread-1] INFO  server.RaftServerConfigKeys (ConfUtils.java:logGet(43)) - raft.server.storage.dir = [/workdir/hadoop-ozone/integration-test/target/test-dir/MiniOzoneClusterImpl-7b9204ab-7931-4724-b6ae-3e28cc8e7013/datanode-5/data/ratis] (custom)
2019-10-01 06:23:11,339 [pool-433-thread-1] INFO  server.RaftServerConfigKeys (ConfUtils.java:logGet(43)) - raft.server.log.corruption.policy = EXCEPTION (default)
2019-10-01 06:23:11,339 [pool-433-thread-1] INFO  storage.RaftStorageDirectory (RaftStorageDirectory.java:analyzeStorage(246)) - The storage directory /workdir/hadoop-ozone/integration-test/target/test-dir/MiniOzoneClusterImpl-7b9204ab-7931-4724-b6ae-3e28cc8e7013/datanode-5/data/ratis/3a6bb618-05e0-4cb4-90c2-a244812d2eee does not exist. Creating ...
2019-10-01 06:23:11,367 [pool-423-thread-1] INFO  storage.RaftStorageDirectory (RaftStorageDirectory.java:tryLock(328)) - Lock on /workdir/hadoop-ozone/integration-test/target/test-dir/MiniOzoneClusterImpl-7b9204ab-7931-4724-b6ae-3e28cc8e7013/datanode-4/data/ratis/3a6bb618-05e0-4cb4-90c2-a244812d2eee/in_use.lock acquired by nodename 11602@trunk-nightly-20191001-qpwks-271313263
2019-10-01 06:23:11,367 [pool-433-thread-1] INFO  storage.RaftStorageDirectory (RaftStorageDirectory.java:tryLock(328)) - Lock on /workdir/hadoop-ozone/integration-test/target/test-dir/MiniOzoneClusterImpl-7b9204ab-7931-4724-b6ae-3e28cc8e7013/datanode-5/data/ratis/3a6bb618-05e0-4cb4-90c2-a244812d2eee/in_use.lock acquired by nodename 11602@trunk-nightly-20191001-qpwks-271313263
2019-10-01 06:23:11,367 [pool-413-thread-1] INFO  storage.RaftStorageDirectory (RaftStorageDirectory.java:tryLock(328)) - Lock on /workdir/hadoop-ozone/integration-test/target/test-dir/MiniOzoneClusterImpl-7b9204ab-7931-4724-b6ae-3e28cc8e7013/datanode-3/data/ratis/3a6bb618-05e0-4cb4-90c2-a244812d2eee/in_use.lock acquired by nodename 11602@trunk-nightly-20191001-qpwks-271313263
2019-10-01 06:23:11,410 [pool-433-thread-1] INFO  storage.RaftStorage (RaftStorage.java:format(84)) - Storage directory /workdir/hadoop-ozone/integration-test/target/test-dir/MiniOzoneClusterImpl-7b9204ab-7931-4724-b6ae-3e28cc8e7013/datanode-5/data/ratis/3a6bb618-05e0-4cb4-90c2-a244812d2eee has been successfully formatted.
2019-10-01 06:23:11,410 [pool-423-thread-1] INFO  storage.RaftStorage (RaftStorage.java:format(84)) - Storage directory /workdir/hadoop-ozone/integration-test/target/test-dir/MiniOzoneClusterImpl-7b9204ab-7931-4724-b6ae-3e28cc8e7013/datanode-4/data/ratis/3a6bb618-05e0-4cb4-90c2-a244812d2eee has been successfully formatted.
2019-10-01 06:23:11,410 [pool-433-thread-1] INFO  ratis.ContainerStateMachine (ContainerStateMachine.java:loadSnapshot(230)) - group-A244812D2EEE: The snapshot info is null. Setting the last applied indexto:(t:0, i:~)
2019-10-01 06:23:11,410 [pool-413-thread-1] INFO  storage.RaftStorage (RaftStorage.java:format(84)) - Storage directory /workdir/hadoop-ozone/integration-test/target/test-dir/MiniOzoneClusterImpl-7b9204ab-7931-4724-b6ae-3e28cc8e7013/datanode-3/data/ratis/3a6bb618-05e0-4cb4-90c2-a244812d2eee has been successfully formatted.
2019-10-01 06:23:11,410 [pool-433-thread-1] INFO  server.RaftServerConfigKeys (ConfUtils.java:logGet(43)) - raft.server.notification.no-leader.timeout = 120s (custom)
2019-10-01 06:23:11,410 [pool-423-thread-1] INFO  ratis.ContainerStateMachine (ContainerStateMachine.java:loadSnapshot(230)) - group-A244812D2EEE: The snapshot info is null. Setting the last applied indexto:(t:0, i:~)
2019-10-01 06:23:11,411 [pool-433-thread-1] INFO  server.RaftServerConfigKeys (ConfUtils.java:logGet(43)) - raft.server.log.use.memory = false (default)
2019-10-01 06:23:11,411 [pool-413-thread-1] INFO  ratis.ContainerStateMachine (ContainerStateMachine.java:loadSnapshot(230)) - group-A244812D2EEE: The snapshot info is null. Setting the last applied indexto:(t:0, i:~)
2019-10-01 06:23:11,411 [pool-413-thread-1] INFO  server.RaftServerConfigKeys (ConfUtils.java:logGet(43)) - raft.server.notification.no-leader.timeout = 120s (custom)
2019-10-01 06:23:11,411 [pool-433-thread-1] INFO  server.RaftServerConfigKeys (ConfUtils.java:logGet(43)) - raft.server.log.purge.gap = 1000000 (custom)
2019-10-01 06:23:11,411 [pool-423-thread-1] INFO  server.RaftServerConfigKeys (ConfUtils.java:logGet(43)) - raft.server.notification.no-leader.timeout = 120s (custom)
2019-10-01 06:23:11,411 [pool-433-thread-1] INFO  server.RaftServerConfigKeys (ConfUtils.java:logGet(43)) - raft.server.log.appender.buffer.byte-limit = 33554432 (custom)
2019-10-01 06:23:11,411 [pool-413-thread-1] INFO  server.RaftServerConfigKeys (ConfUtils.java:logGet(43)) - raft.server.log.use.memory = false (default)
2019-10-01 06:23:11,411 [pool-433-thread-1] INFO  server.RaftServerConfigKeys (ConfUtils.java:logGet(43)) - raft.server.log.segment.size.max = 1048576 (custom)
2019-10-01 06:23:11,411 [pool-423-thread-1] INFO  server.RaftServerConfigKeys (ConfUtils.java:logGet(43)) - raft.server.log.use.memory = false (default)
2019-10-01 06:23:11,411 [pool-433-thread-1] INFO  server.RaftServerConfigKeys (ConfUtils.java:logGet(43)) - raft.server.log.segment.cache.num.max = 2 (custom)
2019-10-01 06:23:11,411 [pool-413-thread-1] INFO  server.RaftServerConfigKeys (ConfUtils.java:logGet(43)) - raft.server.log.purge.gap = 1000000 (custom)
2019-10-01 06:23:11,412 [pool-433-thread-1] INFO  segmented.SegmentedRaftLogWorker (SegmentedRaftLogWorker.java:<init>(173)) - new 559da6ae-3c3f-4b3b-89ff-b3d5b30db03c@group-A244812D2EEE-SegmentedRaftLogWorker for RaftStorage:Storage Directory /workdir/hadoop-ozone/integration-test/target/test-dir/MiniOzoneClusterImpl-7b9204ab-7931-4724-b6ae-3e28cc8e7013/datanode-5/data/ratis/3a6bb618-05e0-4cb4-90c2-a244812d2eee
2019-10-01 06:23:11,412 [pool-423-thread-1] INFO  server.RaftServerConfigKeys (ConfUtils.java:logGet(43)) - raft.server.log.purge.gap = 1000000 (custom)
2019-10-01 06:23:11,412 [pool-433-thread-1] INFO  server.RaftServerConfigKeys (ConfUtils.java:logGet(43)) - raft.server.log.queue.byte-limit = 2147483647 (custom)
2019-10-01 06:23:11,412 [pool-413-thread-1] INFO  server.RaftServerConfigKeys (ConfUtils.java:logGet(43)) - raft.server.log.appender.buffer.byte-limit = 33554432 (custom)
2019-10-01 06:23:11,412 [pool-433-thread-1] INFO  server.RaftServerConfigKeys (ConfUtils.java:logGet(43)) - raft.server.log.queue.element-limit = 1024 (custom)
2019-10-01 06:23:11,412 [pool-423-thread-1] INFO  server.RaftServerConfigKeys (ConfUtils.java:logGet(43)) - raft.server.log.appender.buffer.byte-limit = 33554432 (custom)
2019-10-01 06:23:11,412 [pool-433-thread-1] INFO  server.RaftServerConfigKeys (ConfUtils.java:logGet(43)) - raft.server.log.segment.size.max = 1048576 (custom)
2019-10-01 06:23:11,412 [pool-413-thread-1] INFO  server.RaftServerConfigKeys (ConfUtils.java:logGet(43)) - raft.server.log.segment.size.max = 1048576 (custom)
2019-10-01 06:23:11,412 [pool-433-thread-1] INFO  server.RaftServerConfigKeys (ConfUtils.java:logGet(43)) - raft.server.log.preallocated.size = 16384 (custom)
2019-10-01 06:23:11,412 [pool-423-thread-1] INFO  server.RaftServerConfigKeys (ConfUtils.java:logGet(43)) - raft.server.log.segment.size.max = 1048576 (custom)
2019-10-01 06:23:11,412 [pool-433-thread-1] INFO  server.RaftServerConfigKeys (ConfUtils.java:logGet(43)) - raft.server.log.write.buffer.size = 33554432 (custom)
2019-10-01 06:23:11,412 [pool-413-thread-1] INFO  server.RaftServerConfigKeys (ConfUtils.java:logGet(43)) - raft.server.log.segment.cache.num.max = 2 (custom)
2019-10-01 06:23:11,413 [pool-433-thread-1] INFO  server.RaftServerConfigKeys (ConfUtils.java:logGet(43)) - raft.server.log.force.sync.num = 128 (default)
2019-10-01 06:23:11,413 [pool-423-thread-1] INFO  server.RaftServerConfigKeys (ConfUtils.java:logGet(43)) - raft.server.log.segment.cache.num.max = 2 (custom)
2019-10-01 06:23:11,413 [pool-433-thread-1] INFO  server.RaftServerConfigKeys (ConfUtils.java:logGet(43)) - raft.server.log.statemachine.data.sync = true (default)
2019-10-01 06:23:11,413 [pool-413-thread-1] INFO  segmented.SegmentedRaftLogWorker (SegmentedRaftLogWorker.java:<init>(173)) - new a8928fd9-7185-4781-af55-fc9b1af75c2e@group-A244812D2EEE-SegmentedRaftLogWorker for RaftStorage:Storage Directory /workdir/hadoop-ozone/integration-test/target/test-dir/MiniOzoneClusterImpl-7b9204ab-7931-4724-b6ae-3e28cc8e7013/datanode-3/data/ratis/3a6bb618-05e0-4cb4-90c2-a244812d2eee
2019-10-01 06:23:11,413 [pool-433-thread-1] INFO  server.RaftServerConfigKeys (ConfUtils.java:logGet(43)) - raft.server.log.statemachine.data.sync.timeout = 10s (default)
2019-10-01 06:23:11,413 [pool-423-thread-1] INFO  segmented.SegmentedRaftLogWorker (SegmentedRaftLogWorker.java:<init>(173)) - new 122f6aff-2eb5-468d-983a-428122ab2ecb@group-A244812D2EEE-SegmentedRaftLogWorker for RaftStorage:Storage Directory /workdir/hadoop-ozone/integration-test/target/test-dir/MiniOzoneClusterImpl-7b9204ab-7931-4724-b6ae-3e28cc8e7013/datanode-4/data/ratis/3a6bb618-05e0-4cb4-90c2-a244812d2eee
2019-10-01 06:23:11,413 [pool-433-thread-1] INFO  server.RaftServerConfigKeys (ConfUtils.java:logGet(43)) - raft.server.log.statemachine.data.sync.timeout.retry = -1 (default)
2019-10-01 06:23:11,413 [pool-413-thread-1] INFO  server.RaftServerConfigKeys (ConfUtils.java:logGet(43)) - raft.server.log.queue.byte-limit = 2147483647 (custom)
2019-10-01 06:23:11,413 [pool-433-thread-1] INFO  server.RaftServerConfigKeys (ConfUtils.java:logGet(43)) - raft.server.log.statemachine.data.caching.enabled = true (custom)
2019-10-01 06:23:11,413 [pool-423-thread-1] INFO  server.RaftServerConfigKeys (ConfUtils.java:logGet(43)) - raft.server.log.queue.byte-limit = 2147483647 (custom)
2019-10-01 06:23:11,413 [pool-413-thread-1] INFO  server.RaftServerConfigKeys (ConfUtils.java:logGet(43)) - raft.server.log.queue.element-limit = 1024 (custom)
2019-10-01 06:23:11,414 [pool-433-thread-1] INFO  segmented.SegmentedRaftLogWorker (SegmentedRaftLogWorker.java:lambda$new$0(128)) - 559da6ae-3c3f-4b3b-89ff-b3d5b30db03c@group-A244812D2EEE-SegmentedRaftLogWorker: flushIndex: setUnconditionally 0 -> -1
2019-10-01 06:23:11,414 [pool-423-thread-1] INFO  server.RaftServerConfigKeys (ConfUtils.java:logGet(43)) - raft.server.log.queue.element-limit = 1024 (custom)
2019-10-01 06:23:11,414 [pool-413-thread-1] INFO  server.RaftServerConfigKeys (ConfUtils.java:logGet(43)) - raft.server.log.segment.size.max = 1048576 (custom)
2019-10-01 06:23:11,414 [pool-423-thread-1] INFO  server.RaftServerConfigKeys (ConfUtils.java:logGet(43)) - raft.server.log.segment.size.max = 1048576 (custom)
2019-10-01 06:23:11,414 [pool-433-thread-1] INFO  server.RaftServerConfigKeys (ConfUtils.java:logGet(43)) - raft.server.snapshot.auto.trigger.enabled = true (custom)
2019-10-01 06:23:11,414 [pool-423-thread-1] INFO  server.RaftServerConfigKeys (ConfUtils.java:logGet(43)) - raft.server.log.preallocated.size = 16384 (custom)
2019-10-01 06:23:11,414 [pool-413-thread-1] INFO  server.RaftServerConfigKeys (ConfUtils.java:logGet(43)) - raft.server.log.preallocated.size = 16384 (custom)
2019-10-01 06:23:11,414 [pool-423-thread-1] INFO  server.RaftServerConfigKeys (ConfUtils.java:logGet(43)) - raft.server.log.write.buffer.size = 33554432 (custom)
2019-10-01 06:23:11,414 [pool-433-thread-1] INFO  server.RaftServerConfigKeys (ConfUtils.java:logGet(43)) - raft.server.snapshot.auto.trigger.threshold = 10000 (custom)
2019-10-01 06:23:11,414 [pool-423-thread-1] INFO  server.RaftServerConfigKeys (ConfUtils.java:logGet(43)) - raft.server.log.force.sync.num = 128 (default)
2019-10-01 06:23:11,414 [pool-413-thread-1] INFO  server.RaftServerConfigKeys (ConfUtils.java:logGet(43)) - raft.server.log.write.buffer.size = 33554432 (custom)
2019-10-01 06:23:11,414 [pool-423-thread-1] INFO  server.RaftServerConfigKeys (ConfUtils.java:logGet(43)) - raft.server.log.statemachine.data.sync = true (default)
2019-10-01 06:23:11,414 [pool-433-thread-1] INFO  server.RaftServerConfigKeys (ConfUtils.java:logGet(43)) - raft.server.snapshot.retention.file.num = 5 (custom)
2019-10-01 06:23:11,415 [pool-423-thread-1] INFO  server.RaftServerConfigKeys (ConfUtils.java:logGet(43)) - raft.server.log.statemachine.data.sync.timeout = 10s (default)
2019-10-01 06:23:11,415 [pool-413-thread-1] INFO  server.RaftServerConfigKeys (ConfUtils.java:logGet(43)) - raft.server.log.force.sync.num = 128 (default)
2019-10-01 06:23:11,415 [pool-423-thread-1] INFO  server.RaftServerConfigKeys (ConfUtils.java:logGet(43)) - raft.server.log.statemachine.data.sync.timeout.retry = -1 (default)
2019-10-01 06:23:11,415 [pool-433-thread-1] INFO  server.RaftServerConfigKeys (ConfUtils.java:logGet(43)) - raft.server.retrycache.expirytime = 600000ms (custom)
2019-10-01 06:23:11,415 [pool-413-thread-1] INFO  server.RaftServerConfigKeys (ConfUtils.java:logGet(43)) - raft.server.log.statemachine.data.sync = true (default)
2019-10-01 06:23:11,415 [pool-423-thread-1] INFO  server.RaftServerConfigKeys (ConfUtils.java:logGet(43)) - raft.server.log.statemachine.data.caching.enabled = true (custom)
2019-10-01 06:23:11,415 [pool-413-thread-1] INFO  server.RaftServerConfigKeys (ConfUtils.java:logGet(43)) - raft.server.log.statemachine.data.sync.timeout = 10s (default)
2019-10-01 06:23:11,415 [pool-413-thread-1] INFO  server.RaftServerConfigKeys (ConfUtils.java:logGet(43)) - raft.server.log.statemachine.data.sync.timeout.retry = -1 (default)
2019-10-01 06:23:11,415 [pool-423-thread-1] INFO  segmented.SegmentedRaftLogWorker (SegmentedRaftLogWorker.java:lambda$new$0(128)) - 122f6aff-2eb5-468d-983a-428122ab2ecb@group-A244812D2EEE-SegmentedRaftLogWorker: flushIndex: setUnconditionally 0 -> -1
2019-10-01 06:23:11,415 [pool-413-thread-1] INFO  server.RaftServerConfigKeys (ConfUtils.java:logGet(43)) - raft.server.log.statemachine.data.caching.enabled = true (custom)
2019-10-01 06:23:11,416 [pool-413-thread-1] INFO  segmented.SegmentedRaftLogWorker (SegmentedRaftLogWorker.java:lambda$new$0(128)) - a8928fd9-7185-4781-af55-fc9b1af75c2e@group-A244812D2EEE-SegmentedRaftLogWorker: flushIndex: setUnconditionally 0 -> -1
2019-10-01 06:23:11,416 [pool-423-thread-1] INFO  server.RaftServerConfigKeys (ConfUtils.java:logGet(43)) - raft.server.snapshot.auto.trigger.enabled = true (custom)
2019-10-01 06:23:11,416 [pool-423-thread-1] INFO  server.RaftServerConfigKeys (ConfUtils.java:logGet(43)) - raft.server.snapshot.auto.trigger.threshold = 10000 (custom)
2019-10-01 06:23:11,416 [pool-413-thread-1] INFO  server.RaftServerConfigKeys (ConfUtils.java:logGet(43)) - raft.server.snapshot.auto.trigger.enabled = true (custom)
2019-10-01 06:23:11,416 [pool-423-thread-1] INFO  server.RaftServerConfigKeys (ConfUtils.java:logGet(43)) - raft.server.snapshot.retention.file.num = 5 (custom)
2019-10-01 06:23:11,416 [pool-413-thread-1] INFO  server.RaftServerConfigKeys (ConfUtils.java:logGet(43)) - raft.server.snapshot.auto.trigger.threshold = 10000 (custom)
2019-10-01 06:23:11,416 [pool-423-thread-1] INFO  server.RaftServerConfigKeys (ConfUtils.java:logGet(43)) - raft.server.retrycache.expirytime = 600000ms (custom)
2019-10-01 06:23:11,416 [pool-413-thread-1] INFO  server.RaftServerConfigKeys (ConfUtils.java:logGet(43)) - raft.server.snapshot.retention.file.num = 5 (custom)
2019-10-01 06:23:11,416 [pool-433-thread-1] INFO  impl.RaftServerImpl (RaftServerImpl.java:start(181)) - 559da6ae-3c3f-4b3b-89ff-b3d5b30db03c@group-A244812D2EEE: start as a follower, conf=-1: [559da6ae-3c3f-4b3b-89ff-b3d5b30db03c:192.168.30.6:42530, 122f6aff-2eb5-468d-983a-428122ab2ecb:192.168.30.6:37875, a8928fd9-7185-4781-af55-fc9b1af75c2e:192.168.30.6:33533], old=null
2019-10-01 06:23:11,417 [pool-413-thread-1] INFO  server.RaftServerConfigKeys (ConfUtils.java:logGet(43)) - raft.server.retrycache.expirytime = 600000ms (custom)
2019-10-01 06:23:11,417 [pool-433-thread-1] INFO  impl.RaftServerImpl (RaftServerImpl.java:setRole(170)) - 559da6ae-3c3f-4b3b-89ff-b3d5b30db03c@group-A244812D2EEE: changes role from      null to FOLLOWER at term 0 for startAsFollower
2019-10-01 06:23:11,417 [pool-433-thread-1] INFO  impl.RoleInfo (RoleInfo.java:updateAndGet(143)) - 559da6ae-3c3f-4b3b-89ff-b3d5b30db03c: start FollowerState
2019-10-01 06:23:11,418 [pool-423-thread-1] INFO  impl.RaftServerImpl (RaftServerImpl.java:start(181)) - 122f6aff-2eb5-468d-983a-428122ab2ecb@group-A244812D2EEE: start as a follower, conf=-1: [559da6ae-3c3f-4b3b-89ff-b3d5b30db03c:192.168.30.6:42530, 122f6aff-2eb5-468d-983a-428122ab2ecb:192.168.30.6:37875, a8928fd9-7185-4781-af55-fc9b1af75c2e:192.168.30.6:33533], old=null
2019-10-01 06:23:11,418 [pool-433-thread-1] INFO  util.JmxRegister (JmxRegister.java:tryRegister(44)) - Successfully registered JMX Bean with object name Ratis:service=RaftServer,group=group-A244812D2EEE,id=559da6ae-3c3f-4b3b-89ff-b3d5b30db03c
2019-10-01 06:23:11,418 [pool-423-thread-1] INFO  impl.RaftServerImpl (RaftServerImpl.java:setRole(170)) - 122f6aff-2eb5-468d-983a-428122ab2ecb@group-A244812D2EEE: changes role from      null to FOLLOWER at term 0 for startAsFollower
2019-10-01 06:23:11,418 [pool-423-thread-1] INFO  impl.RoleInfo (RoleInfo.java:updateAndGet(143)) - 122f6aff-2eb5-468d-983a-428122ab2ecb: start FollowerState
2019-10-01 06:23:11,418 [pool-423-thread-1] INFO  util.JmxRegister (JmxRegister.java:tryRegister(44)) - Successfully registered JMX Bean with object name Ratis:service=RaftServer,group=group-A244812D2EEE,id=122f6aff-2eb5-468d-983a-428122ab2ecb
2019-10-01 06:23:11,420 [pool-413-thread-1] INFO  impl.RaftServerImpl (RaftServerImpl.java:start(181)) - a8928fd9-7185-4781-af55-fc9b1af75c2e@group-A244812D2EEE: start as a follower, conf=-1: [559da6ae-3c3f-4b3b-89ff-b3d5b30db03c:192.168.30.6:42530, 122f6aff-2eb5-468d-983a-428122ab2ecb:192.168.30.6:37875, a8928fd9-7185-4781-af55-fc9b1af75c2e:192.168.30.6:33533], old=null
2019-10-01 06:23:11,421 [pool-413-thread-1] INFO  impl.RaftServerImpl (RaftServerImpl.java:setRole(170)) - a8928fd9-7185-4781-af55-fc9b1af75c2e@group-A244812D2EEE: changes role from      null to FOLLOWER at term 0 for startAsFollower
2019-10-01 06:23:11,421 [pool-413-thread-1] INFO  impl.RoleInfo (RoleInfo.java:updateAndGet(143)) - a8928fd9-7185-4781-af55-fc9b1af75c2e: start FollowerState
2019-10-01 06:23:11,421 [pool-413-thread-1] INFO  util.JmxRegister (JmxRegister.java:tryRegister(44)) - Successfully registered JMX Bean with object name Ratis:service=RaftServer,group=group-A244812D2EEE,id=a8928fd9-7185-4781-af55-fc9b1af75c2e
2019-10-01 06:23:11,424 [RatisPipelineUtilsThread] INFO  pipeline.PipelineStateManager (PipelineStateManager.java:addPipeline(56)) - Created pipeline Pipeline[ Id: 3a6bb618-05e0-4cb4-90c2-a244812d2eee, Nodes: 122f6aff-2eb5-468d-983a-428122ab2ecb{ip: 192.168.30.6, host: trunk-nightly-20191001-qpwks-271313263, networkLocation: /default-rack, certSerialId: null}a8928fd9-7185-4781-af55-fc9b1af75c2e{ip: 192.168.30.6, host: trunk-nightly-20191001-qpwks-271313263, networkLocation: /default-rack, certSerialId: null}559da6ae-3c3f-4b3b-89ff-b3d5b30db03c{ip: 192.168.30.6, host: trunk-nightly-20191001-qpwks-271313263, networkLocation: /default-rack, certSerialId: null}, Type:RATIS, Factor:THREE, State:OPEN]
2019-10-01 06:23:12,327 [main] INFO  ozone.MiniOzoneClusterImpl (MiniOzoneClusterImpl.java:lambda$waitForClusterToBeReady$0(147)) - Cluster is ready. Got 7 of 7 DN Heartbeats.
2019-10-01 06:23:12,420 [main] INFO  rpc.RpcClient (RpcClient.java:createVolume(276)) - Creating Volume: watchforcommithandlingtest, with jenkins1000 as owner.
2019-10-01 06:23:12,424 [IPC Server handler 4 on 34049] INFO  volume.OMVolumeCreateRequest (OMVolumeCreateRequest.java:validateAndUpdateCache(194)) - created volume:watchforcommithandlingtest for user:jenkins1000
2019-10-01 06:23:12,458 [main] INFO  rpc.RpcClient (RpcClient.java:createBucket(415)) - Creating Bucket: watchforcommithandlingtest/watchforcommithandlingtest, with Versioning false and Storage Type set to DISK and Encryption set to false 
2019-10-01 06:23:12,466 [main] INFO  ozone.MiniOzoneClusterImpl (MiniOzoneClusterImpl.java:getStorageContainerLocationClient(234)) - Creating StorageContainerLocationProtocol RPC client with address /0.0.0.0:39941
2019-10-01 06:23:12,712 [grpc-default-executor-8] WARN  server.GrpcLogAppender (LogUtils.java:warn(134)) - 33dfb9e4-5af7-48c0-aed2-49a098141a6c@group-3AEA3A3A61FF->b13a3cc5-7860-43cb-88ea-b527511dabf1-AppendLogResponseHandler: Failed appendEntries: org.apache.ratis.thirdparty.io.grpc.StatusRuntimeException: UNAVAILABLE: io exception
2019-10-01 06:23:12,712 [grpc-default-executor-8] INFO  impl.FollowerInfo (FollowerInfo.java:lambda$new$0(51)) - 33dfb9e4-5af7-48c0-aed2-49a098141a6c@group-3AEA3A3A61FF->b13a3cc5-7860-43cb-88ea-b527511dabf1: nextIndex: updateUnconditionally 0 -> 0
2019-10-01 06:23:12,713 [grpc-default-executor-9] WARN  server.GrpcLogAppender (LogUtils.java:warn(134)) - 33dfb9e4-5af7-48c0-aed2-49a098141a6c@group-3AEA3A3A61FF->25f8cd60-600d-4c27-9835-e918e1f0a30b-AppendLogResponseHandler: Failed appendEntries: org.apache.ratis.thirdparty.io.grpc.StatusRuntimeException: UNAVAILABLE: io exception
2019-10-01 06:23:12,714 [grpc-default-executor-9] INFO  impl.FollowerInfo (FollowerInfo.java:lambda$new$0(51)) - 33dfb9e4-5af7-48c0-aed2-49a098141a6c@group-3AEA3A3A61FF->25f8cd60-600d-4c27-9835-e918e1f0a30b: nextIndex: updateUnconditionally 0 -> 0
2019-10-01 06:23:12,755 [org.apache.ratis.server.impl.LogAppender$AppenderDaemon$$Lambda$468/98105606@504e1670] ERROR ratis.XceiverServerRatis (XceiverServerRatis.java:triggerPipelineClose(581)) - pipeline Action CLOSE  on pipeline PipelineID=fed2a675-0c8a-4eed-922b-3aea3a3a61ff.Reason : 33dfb9e4-5af7-48c0-aed2-49a098141a6c has not seen follower/s 25f8cd60-600d-4c27-9835-e918e1f0a30b for 120130ms
2019-10-01 06:23:12,756 [org.apache.ratis.server.impl.LogAppender$AppenderDaemon$$Lambda$468/98105606@504e1670] ERROR ratis.XceiverServerRatis (XceiverServerRatis.java:triggerPipelineClose(581)) - pipeline Action CLOSE  on pipeline PipelineID=fed2a675-0c8a-4eed-922b-3aea3a3a61ff.Reason : 33dfb9e4-5af7-48c0-aed2-49a098141a6c has not seen follower/s 25f8cd60-600d-4c27-9835-e918e1f0a30b for 120155ms
2019-10-01 06:23:12,757 [grpc-default-executor-9] WARN  server.GrpcLogAppender (LogUtils.java:warn(134)) - 33dfb9e4-5af7-48c0-aed2-49a098141a6c@group-3AEA3A3A61FF->25f8cd60-600d-4c27-9835-e918e1f0a30b-AppendLogResponseHandler: Failed appendEntries: org.apache.ratis.thirdparty.io.grpc.StatusRuntimeException: UNAVAILABLE: io exception
2019-10-01 06:23:12,757 [grpc-default-executor-9] INFO  impl.FollowerInfo (FollowerInfo.java:lambda$new$0(51)) - 33dfb9e4-5af7-48c0-aed2-49a098141a6c@group-3AEA3A3A61FF->25f8cd60-600d-4c27-9835-e918e1f0a30b: nextIndex: updateUnconditionally 1 -> 0
2019-10-01 06:23:13,205 [EventQueue-PipelineActionsForPipelineActionHandler] ERROR pipeline.PipelineActionHandler (PipelineActionHandler.java:onMessage(60)) - Received pipeline action CLOSE for Pipeline[ Id: fed2a675-0c8a-4eed-922b-3aea3a3a61ff, Nodes: 25f8cd60-600d-4c27-9835-e918e1f0a30b{ip: 192.168.30.6, host: trunk-nightly-20191001-qpwks-271313263, networkLocation: /default-rack, certSerialId: null}b13a3cc5-7860-43cb-88ea-b527511dabf1{ip: 192.168.30.6, host: trunk-nightly-20191001-qpwks-271313263, networkLocation: /default-rack, certSerialId: null}33dfb9e4-5af7-48c0-aed2-49a098141a6c{ip: 192.168.30.6, host: trunk-nightly-20191001-qpwks-271313263, networkLocation: /default-rack, certSerialId: null}, Type:RATIS, Factor:THREE, State:CLOSED] from datanode 33dfb9e4-5af7-48c0-aed2-49a098141a6c{ip: 192.168.30.6, host: trunk-nightly-20191001-qpwks-271313263, networkLocation: /default-rack, certSerialId: null}. Reason : 33dfb9e4-5af7-48c0-aed2-49a098141a6c has not seen follower/s 25f8cd60-600d-4c27-9835-e918e1f0a30b for 120130ms
2019-10-01 06:23:13,205 [EventQueue-PipelineActionsForPipelineActionHandler] INFO  pipeline.SCMPipelineManager (SCMPipelineManager.java:finalizeAndDestroyPipeline(315)) - destroying pipeline:Pipeline[ Id: fed2a675-0c8a-4eed-922b-3aea3a3a61ff, Nodes: 25f8cd60-600d-4c27-9835-e918e1f0a30b{ip: 192.168.30.6, host: trunk-nightly-20191001-qpwks-271313263, networkLocation: /default-rack, certSerialId: null}b13a3cc5-7860-43cb-88ea-b527511dabf1{ip: 192.168.30.6, host: trunk-nightly-20191001-qpwks-271313263, networkLocation: /default-rack, certSerialId: null}33dfb9e4-5af7-48c0-aed2-49a098141a6c{ip: 192.168.30.6, host: trunk-nightly-20191001-qpwks-271313263, networkLocation: /default-rack, certSerialId: null}, Type:RATIS, Factor:THREE, State:CLOSED]
2019-10-01 06:23:13,396 [Thread-2687] INFO  container.ReplicationManager (ReplicationManager.java:start(162)) - Starting Replication Monitor Thread.
2019-10-01 06:23:13,408 [ReplicationMonitor] INFO  container.ReplicationManager (ReplicationManager.java:run(225)) - Replication Monitor Thread took 1 milliseconds for processing 1 containers.
2019-10-01 06:23:15,214 [grpc-default-executor-8] WARN  server.GrpcLogAppender (LogUtils.java:warn(134)) - 33dfb9e4-5af7-48c0-aed2-49a098141a6c@group-3AEA3A3A61FF->b13a3cc5-7860-43cb-88ea-b527511dabf1-AppendLogResponseHandler: Failed appendEntries: org.apache.ratis.thirdparty.io.grpc.StatusRuntimeException: UNAVAILABLE: io exception
2019-10-01 06:23:15,214 [grpc-default-executor-8] INFO  impl.FollowerInfo (FollowerInfo.java:lambda$new$0(51)) - 33dfb9e4-5af7-48c0-aed2-49a098141a6c@group-3AEA3A3A61FF->b13a3cc5-7860-43cb-88ea-b527511dabf1: nextIndex: updateUnconditionally 0 -> 0
2019-10-01 06:23:15,256 [org.apache.ratis.server.impl.LogAppender$AppenderDaemon$$Lambda$468/98105606@504e1670] ERROR ratis.XceiverServerRatis (XceiverServerRatis.java:triggerPipelineClose(581)) - pipeline Action CLOSE  on pipeline PipelineID=fed2a675-0c8a-4eed-922b-3aea3a3a61ff.Reason : 33dfb9e4-5af7-48c0-aed2-49a098141a6c has not seen follower/s 25f8cd60-600d-4c27-9835-e918e1f0a30b for 122655ms
2019-10-01 06:23:15,257 [grpc-default-executor-5] WARN  server.GrpcLogAppender (LogUtils.java:warn(134)) - 33dfb9e4-5af7-48c0-aed2-49a098141a6c@group-3AEA3A3A61FF->25f8cd60-600d-4c27-9835-e918e1f0a30b-AppendLogResponseHandler: Failed appendEntries: org.apache.ratis.thirdparty.io.grpc.StatusRuntimeException: UNAVAILABLE: io exception
2019-10-01 06:23:15,258 [grpc-default-executor-5] INFO  impl.FollowerInfo (FollowerInfo.java:lambda$new$0(51)) - 33dfb9e4-5af7-48c0-aed2-49a098141a6c@group-3AEA3A3A61FF->25f8cd60-600d-4c27-9835-e918e1f0a30b: nextIndex: updateUnconditionally 0 -> 0
2019-10-01 06:23:15,505 [Thread-2689] INFO  impl.FollowerState (FollowerState.java:run(108)) - efd9ac6f-ff5e-4968-a08a-87ccf28a484c@group-BC6942A48A20-FollowerState: change to CANDIDATE, lastRpcTime:5030ms, electionTimeout:5030ms
2019-10-01 06:23:15,506 [Thread-2689] INFO  impl.RoleInfo (RoleInfo.java:shutdownFollowerState(121)) - efd9ac6f-ff5e-4968-a08a-87ccf28a484c: shutdown FollowerState
2019-10-01 06:23:15,506 [Thread-2689] INFO  impl.RaftServerImpl (RaftServerImpl.java:setRole(170)) - efd9ac6f-ff5e-4968-a08a-87ccf28a484c@group-BC6942A48A20: changes role from  FOLLOWER to CANDIDATE at term 0 for changeToCandidate
2019-10-01 06:23:15,506 [Thread-2689] INFO  impl.RoleInfo (RoleInfo.java:updateAndGet(143)) - efd9ac6f-ff5e-4968-a08a-87ccf28a484c: start LeaderElection
2019-10-01 06:23:15,550 [efd9ac6f-ff5e-4968-a08a-87ccf28a484c@group-BC6942A48A20-LeaderElection94] INFO  impl.LeaderElection (LeaderElection.java:askForVotes(178)) - efd9ac6f-ff5e-4968-a08a-87ccf28a484c@group-BC6942A48A20-LeaderElection94: begin an election at term 1 for -1: [efd9ac6f-ff5e-4968-a08a-87ccf28a484c:192.168.30.6:32768], old=null
2019-10-01 06:23:15,551 [efd9ac6f-ff5e-4968-a08a-87ccf28a484c@group-BC6942A48A20-LeaderElection94] INFO  impl.RoleInfo (RoleInfo.java:shutdownLeaderElection(134)) - efd9ac6f-ff5e-4968-a08a-87ccf28a484c: shutdown LeaderElection
2019-10-01 06:23:15,551 [efd9ac6f-ff5e-4968-a08a-87ccf28a484c@group-BC6942A48A20-LeaderElection94] INFO  impl.RaftServerImpl (RaftServerImpl.java:setRole(170)) - efd9ac6f-ff5e-4968-a08a-87ccf28a484c@group-BC6942A48A20: changes role from CANDIDATE to LEADER at term 1 for changeToLeader
2019-10-01 06:23:15,551 [efd9ac6f-ff5e-4968-a08a-87ccf28a484c@group-BC6942A48A20-LeaderElection94] INFO  impl.RaftServerImpl (ServerState.java:setLeader(255)) - efd9ac6f-ff5e-4968-a08a-87ccf28a484c@group-BC6942A48A20: change Leader from null to efd9ac6f-ff5e-4968-a08a-87ccf28a484c at term 1 for becomeLeader, leader elected after 5085ms
2019-10-01 06:23:15,551 [efd9ac6f-ff5e-4968-a08a-87ccf28a484c@group-BC6942A48A20-LeaderElection94] INFO  server.RaftServerConfigKeys (ConfUtils.java:logGet(43)) - raft.server.staging.catchup.gap = 1000 (default)
2019-10-01 06:23:15,551 [efd9ac6f-ff5e-4968-a08a-87ccf28a484c@group-BC6942A48A20-LeaderElection94] INFO  server.RaftServerConfigKeys (ConfUtils.java:logGet(43)) - raft.server.rpc.sleep.time = 25ms (default)
2019-10-01 06:23:15,552 [efd9ac6f-ff5e-4968-a08a-87ccf28a484c@group-BC6942A48A20-LeaderElection94] INFO  server.RaftServerConfigKeys (ConfUtils.java:logGet(43)) - raft.server.write.element-limit = 4096 (default)
2019-10-01 06:23:15,552 [efd9ac6f-ff5e-4968-a08a-87ccf28a484c@group-BC6942A48A20-LeaderElection94] INFO  server.RaftServerConfigKeys (ConfUtils.java:logGet(43)) - raft.server.watch.timeout = 10s (default)
2019-10-01 06:23:15,552 [efd9ac6f-ff5e-4968-a08a-87ccf28a484c@group-BC6942A48A20-LeaderElection94] INFO  server.RaftServerConfigKeys (ConfUtils.java:logGet(43)) - raft.server.watch.timeout.denomination = 1s (default)
2019-10-01 06:23:15,552 [efd9ac6f-ff5e-4968-a08a-87ccf28a484c@group-BC6942A48A20-LeaderElection94] INFO  server.RaftServerConfigKeys (ConfUtils.java:logGet(43)) - raft.server.watch.element-limit = 65536 (default)
2019-10-01 06:23:15,554 [efd9ac6f-ff5e-4968-a08a-87ccf28a484c@group-BC6942A48A20-LeaderElection94] INFO  impl.RoleInfo (RoleInfo.java:updateAndGet(143)) - efd9ac6f-ff5e-4968-a08a-87ccf28a484c: start LeaderState
2019-10-01 06:23:15,555 [efd9ac6f-ff5e-4968-a08a-87ccf28a484c@group-BC6942A48A20-LeaderElection94] INFO  segmented.SegmentedRaftLogWorker (SegmentedRaftLogWorker.java:startLogSegment(385)) - efd9ac6f-ff5e-4968-a08a-87ccf28a484c@group-BC6942A48A20-SegmentedRaftLogWorker: Starting segment from index:0
2019-10-01 06:23:15,555 [efd9ac6f-ff5e-4968-a08a-87ccf28a484c@group-BC6942A48A20-LeaderElection94] INFO  impl.RaftServerImpl (ServerState.java:setRaftConf(356)) - efd9ac6f-ff5e-4968-a08a-87ccf28a484c@group-BC6942A48A20: set configuration 0: [efd9ac6f-ff5e-4968-a08a-87ccf28a484c:192.168.30.6:32768], old=null at 0
2019-10-01 06:23:15,563 [Thread-2755] INFO  client.GrpcClientProtocolService (GrpcClientProtocolService.java:lambda$processClientRequest$0(278)) - Failed RaftClientRequest:client-3187BC20E0BA->33dfb9e4-5af7-48c0-aed2-49a098141a6c@group-3AEA3A3A61FF, cid=67, seq=0, Watch-MAJORITY_COMMITTED(56), Message:<EMPTY>, reply=RaftClientReply:client-3187BC20E0BA->33dfb9e4-5af7-48c0-aed2-49a098141a6c@group-3AEA3A3A61FF, cid=67, FAILED org.apache.ratis.protocol.NotReplicatedException: Request with call Id 67 and log index 56 is not yet replicated to MAJORITY_COMMITTED, logIndex=56, commits[33dfb9e4-5af7-48c0-aed2-49a098141a6c:c2, 25f8cd60-600d-4c27-9835-e918e1f0a30b:c2, b13a3cc5-7860-43cb-88ea-b527511dabf1:c2]
2019-10-01 06:23:15,611 [efd9ac6f-ff5e-4968-a08a-87ccf28a484c@group-BC6942A48A20-SegmentedRaftLogWorker] INFO  segmented.SegmentedRaftLogWorker (SegmentedRaftLogWorker.java:execute(574)) - efd9ac6f-ff5e-4968-a08a-87ccf28a484c@group-BC6942A48A20-SegmentedRaftLogWorker: created new log segment /workdir/hadoop-ozone/integration-test/target/test-dir/MiniOzoneClusterImpl-7b9204ab-7931-4724-b6ae-3e28cc8e7013/datanode-0/data/ratis/509dd36f-0721-4596-ba12-bc6942a48a20/current/log_inprogress_0
2019-10-01 06:23:15,685 [Thread-2692] INFO  impl.FollowerState (FollowerState.java:run(108)) - aaa00b68-949c-4488-a5cf-23a59052fdec@group-1E2D30A67171-FollowerState: change to CANDIDATE, lastRpcTime:5061ms, electionTimeout:5061ms
2019-10-01 06:23:15,692 [Thread-2692] INFO  impl.RoleInfo (RoleInfo.java:shutdownFollowerState(121)) - aaa00b68-949c-4488-a5cf-23a59052fdec: shutdown FollowerState
2019-10-01 06:23:15,692 [Thread-2692] INFO  impl.RaftServerImpl (RaftServerImpl.java:setRole(170)) - aaa00b68-949c-4488-a5cf-23a59052fdec@group-1E2D30A67171: changes role from  FOLLOWER to CANDIDATE at term 0 for changeToCandidate
2019-10-01 06:23:15,692 [Thread-2692] INFO  impl.RoleInfo (RoleInfo.java:updateAndGet(143)) - aaa00b68-949c-4488-a5cf-23a59052fdec: start LeaderElection
2019-10-01 06:23:15,732 [aaa00b68-949c-4488-a5cf-23a59052fdec@group-1E2D30A67171-LeaderElection95] INFO  impl.LeaderElection (LeaderElection.java:askForVotes(178)) - aaa00b68-949c-4488-a5cf-23a59052fdec@group-1E2D30A67171-LeaderElection95: begin an election at term 1 for -1: [aaa00b68-949c-4488-a5cf-23a59052fdec:192.168.30.6:43034], old=null
2019-10-01 06:23:15,733 [aaa00b68-949c-4488-a5cf-23a59052fdec@group-1E2D30A67171-LeaderElection95] INFO  impl.RoleInfo (RoleInfo.java:shutdownLeaderElection(134)) - aaa00b68-949c-4488-a5cf-23a59052fdec: shutdown LeaderElection
2019-10-01 06:23:15,733 [aaa00b68-949c-4488-a5cf-23a59052fdec@group-1E2D30A67171-LeaderElection95] INFO  impl.RaftServerImpl (RaftServerImpl.java:setRole(170)) - aaa00b68-949c-4488-a5cf-23a59052fdec@group-1E2D30A67171: changes role from CANDIDATE to LEADER at term 1 for changeToLeader
2019-10-01 06:23:15,733 [aaa00b68-949c-4488-a5cf-23a59052fdec@group-1E2D30A67171-LeaderElection95] INFO  impl.RaftServerImpl (ServerState.java:setLeader(255)) - aaa00b68-949c-4488-a5cf-23a59052fdec@group-1E2D30A67171: change Leader from null to aaa00b68-949c-4488-a5cf-23a59052fdec at term 1 for becomeLeader, leader elected after 5117ms
2019-10-01 06:23:15,733 [aaa00b68-949c-4488-a5cf-23a59052fdec@group-1E2D30A67171-LeaderElection95] INFO  server.RaftServerConfigKeys (ConfUtils.java:logGet(43)) - raft.server.staging.catchup.gap = 1000 (default)
2019-10-01 06:23:15,733 [aaa00b68-949c-4488-a5cf-23a59052fdec@group-1E2D30A67171-LeaderElection95] INFO  server.RaftServerConfigKeys (ConfUtils.java:logGet(43)) - raft.server.rpc.sleep.time = 25ms (default)
2019-10-01 06:23:15,733 [aaa00b68-949c-4488-a5cf-23a59052fdec@group-1E2D30A67171-LeaderElection95] INFO  server.RaftServerConfigKeys (ConfUtils.java:logGet(43)) - raft.server.write.element-limit = 4096 (default)
2019-10-01 06:23:15,733 [aaa00b68-949c-4488-a5cf-23a59052fdec@group-1E2D30A67171-LeaderElection95] INFO  server.RaftServerConfigKeys (ConfUtils.java:logGet(43)) - raft.server.watch.timeout = 10s (default)
2019-10-01 06:23:15,733 [aaa00b68-949c-4488-a5cf-23a59052fdec@group-1E2D30A67171-LeaderElection95] INFO  server.RaftServerConfigKeys (ConfUtils.java:logGet(43)) - raft.server.watch.timeout.denomination = 1s (default)
2019-10-01 06:23:15,733 [aaa00b68-949c-4488-a5cf-23a59052fdec@group-1E2D30A67171-LeaderElection95] INFO  server.RaftServerConfigKeys (ConfUtils.java:logGet(43)) - raft.server.watch.element-limit = 65536 (default)
2019-10-01 06:23:15,735 [aaa00b68-949c-4488-a5cf-23a59052fdec@group-1E2D30A67171-LeaderElection95] INFO  impl.RoleInfo (RoleInfo.java:updateAndGet(143)) - aaa00b68-949c-4488-a5cf-23a59052fdec: start LeaderState
2019-10-01 06:23:15,735 [aaa00b68-949c-4488-a5cf-23a59052fdec@group-1E2D30A67171-LeaderElection95] INFO  segmented.SegmentedRaftLogWorker (SegmentedRaftLogWorker.java:startLogSegment(385)) - aaa00b68-949c-4488-a5cf-23a59052fdec@group-1E2D30A67171-SegmentedRaftLogWorker: Starting segment from index:0
2019-10-01 06:23:15,736 [aaa00b68-949c-4488-a5cf-23a59052fdec@group-1E2D30A67171-LeaderElection95] INFO  impl.RaftServerImpl (ServerState.java:setRaftConf(356)) - aaa00b68-949c-4488-a5cf-23a59052fdec@group-1E2D30A67171: set configuration 0: [aaa00b68-949c-4488-a5cf-23a59052fdec:192.168.30.6:43034], old=null at 0
2019-10-01 06:23:15,790 [aaa00b68-949c-4488-a5cf-23a59052fdec@group-1E2D30A67171-SegmentedRaftLogWorker] INFO  segmented.SegmentedRaftLogWorker (SegmentedRaftLogWorker.java:execute(574)) - aaa00b68-949c-4488-a5cf-23a59052fdec@group-1E2D30A67171-SegmentedRaftLogWorker: created new log segment /workdir/hadoop-ozone/integration-test/target/test-dir/MiniOzoneClusterImpl-7b9204ab-7931-4724-b6ae-3e28cc8e7013/datanode-1/data/ratis/2ed0afc9-c645-4a68-a963-1e2d30a67171/current/log_inprogress_0
2019-10-01 06:23:15,809 [Thread-2697] INFO  impl.FollowerState (FollowerState.java:run(108)) - 33dfb9e4-5af7-48c0-aed2-49a098141a6c@group-DF7814A3CEC0-FollowerState: change to CANDIDATE, lastRpcTime:5091ms, electionTimeout:5091ms
2019-10-01 06:23:15,809 [Thread-2697] INFO  impl.RoleInfo (RoleInfo.java:shutdownFollowerState(121)) - 33dfb9e4-5af7-48c0-aed2-49a098141a6c: shutdown FollowerState
2019-10-01 06:23:15,809 [Thread-2697] INFO  impl.RaftServerImpl (RaftServerImpl.java:setRole(170)) - 33dfb9e4-5af7-48c0-aed2-49a098141a6c@group-DF7814A3CEC0: changes role from  FOLLOWER to CANDIDATE at term 2 for changeToCandidate
2019-10-01 06:23:15,809 [Thread-2697] INFO  impl.RoleInfo (RoleInfo.java:updateAndGet(143)) - 33dfb9e4-5af7-48c0-aed2-49a098141a6c: start LeaderElection
2019-10-01 06:23:15,839 [33dfb9e4-5af7-48c0-aed2-49a098141a6c@group-DF7814A3CEC0-LeaderElection96] INFO  impl.LeaderElection (LeaderElection.java:askForVotes(178)) - 33dfb9e4-5af7-48c0-aed2-49a098141a6c@group-DF7814A3CEC0-LeaderElection96: begin an election at term 3 for -1: [b13a3cc5-7860-43cb-88ea-b527511dabf1:192.168.30.6:44781, 12b52986-f812-4a0e-b5ca-19605aac5ce5:192.168.30.6:35515, 33dfb9e4-5af7-48c0-aed2-49a098141a6c:192.168.30.6:41425], old=null
2019-10-01 06:23:15,842 [grpc-default-executor-5] WARN  server.GrpcServerProtocolService (LogUtils.java:warn(136)) - 12b52986-f812-4a0e-b5ca-19605aac5ce5: Failed requestVote 33dfb9e4-5af7-48c0-aed2-49a098141a6c->12b52986-f812-4a0e-b5ca-19605aac5ce5#0
org.apache.ratis.protocol.GroupMismatchException: 12b52986-f812-4a0e-b5ca-19605aac5ce5: group-DF7814A3CEC0 not found.
	at org.apache.ratis.server.impl.RaftServerProxy$ImplMap.get(RaftServerProxy.java:122)
	at org.apache.ratis.server.impl.RaftServerProxy.getImplFuture(RaftServerProxy.java:269)
	at org.apache.ratis.server.impl.RaftServerProxy.getImpl(RaftServerProxy.java:278)
	at org.apache.ratis.server.impl.RaftServerProxy.getImpl(RaftServerProxy.java:273)
	at org.apache.ratis.server.impl.RaftServerProxy.requestVote(RaftServerProxy.java:443)
	at org.apache.ratis.grpc.server.GrpcServerProtocolService.requestVote(GrpcServerProtocolService.java:142)
	at org.apache.ratis.proto.grpc.RaftServerProtocolServiceGrpc$MethodHandlers.invoke(RaftServerProtocolServiceGrpc.java:319)
	at org.apache.ratis.thirdparty.io.grpc.stub.ServerCalls$UnaryServerCallHandler$UnaryServerCallListener.onHalfClose(ServerCalls.java:171)
	at org.apache.ratis.thirdparty.io.grpc.internal.ServerCallImpl$ServerStreamListenerImpl.halfClosed(ServerCallImpl.java:283)
	at org.apache.ratis.thirdparty.io.grpc.internal.ServerImpl$JumpToApplicationThreadServerStreamListener$1HalfClosed.runInContext(ServerImpl.java:710)
	at org.apache.ratis.thirdparty.io.grpc.internal.ContextRunnable.run(ContextRunnable.java:37)
	at org.apache.ratis.thirdparty.io.grpc.internal.SerializingExecutor.run(SerializingExecutor.java:123)
	at java.util.concurrent.ThreadPoolExecutor.runWorker(ThreadPoolExecutor.java:1149)
	at java.util.concurrent.ThreadPoolExecutor$Worker.run(ThreadPoolExecutor.java:624)
	at java.lang.Thread.run(Thread.java:748)
2019-10-01 06:23:15,842 [33dfb9e4-5af7-48c0-aed2-49a098141a6c@group-DF7814A3CEC0-LeaderElection96] INFO  impl.LeaderElection (LogUtils.java:infoOrTrace(149)) - 33dfb9e4-5af7-48c0-aed2-49a098141a6c@group-DF7814A3CEC0-LeaderElection96 got exception when requesting votes: {}
java.util.concurrent.ExecutionException: org.apache.ratis.thirdparty.io.grpc.StatusRuntimeException: UNAVAILABLE: io exception
	at java.util.concurrent.FutureTask.report(FutureTask.java:122)
	at java.util.concurrent.FutureTask.get(FutureTask.java:192)
	at org.apache.ratis.server.impl.LeaderElection.waitForResults(LeaderElection.java:259)
	at org.apache.ratis.server.impl.LeaderElection.askForVotes(LeaderElection.java:197)
	at org.apache.ratis.server.impl.LeaderElection.run(LeaderElection.java:133)
	at java.lang.Thread.run(Thread.java:748)
Caused by: org.apache.ratis.thirdparty.io.grpc.StatusRuntimeException: UNAVAILABLE: io exception
	at org.apache.ratis.thirdparty.io.grpc.stub.ClientCalls.toStatusRuntimeException(ClientCalls.java:233)
	at org.apache.ratis.thirdparty.io.grpc.stub.ClientCalls.getUnchecked(ClientCalls.java:214)
	at org.apache.ratis.thirdparty.io.grpc.stub.ClientCalls.blockingUnaryCall(ClientCalls.java:139)
	at org.apache.ratis.proto.grpc.RaftServerProtocolServiceGrpc$RaftServerProtocolServiceBlockingStub.requestVote(RaftServerProtocolServiceGrpc.java:265)
	at org.apache.ratis.grpc.server.GrpcServerProtocolClient.requestVote(GrpcServerProtocolClient.java:99)
	at org.apache.ratis.grpc.server.GrpcService.requestVote(GrpcService.java:204)
	at org.apache.ratis.server.impl.LeaderElection.lambda$submitRequests$1(LeaderElection.java:234)
	at java.util.concurrent.FutureTask.run(FutureTask.java:266)
	at java.util.concurrent.Executors$RunnableAdapter.call(Executors.java:511)
	at java.util.concurrent.FutureTask.run(FutureTask.java:266)
	at java.util.concurrent.ThreadPoolExecutor.runWorker(ThreadPoolExecutor.java:1149)
	at java.util.concurrent.ThreadPoolExecutor$Worker.run(ThreadPoolExecutor.java:624)
	... 1 more
Caused by: org.apache.ratis.thirdparty.io.netty.channel.AbstractChannel$AnnotatedConnectException: Connection refused: /192.168.30.6:44781
	at sun.nio.ch.SocketChannelImpl.checkConnect(Native Method)
	at sun.nio.ch.SocketChannelImpl.finishConnect(SocketChannelImpl.java:717)
	at org.apache.ratis.thirdparty.io.netty.channel.socket.nio.NioSocketChannel.doFinishConnect(NioSocketChannel.java:327)
	at org.apache.ratis.thirdparty.io.netty.channel.nio.AbstractNioChannel$AbstractNioUnsafe.finishConnect(AbstractNioChannel.java:340)
	at org.apache.ratis.thirdparty.io.netty.channel.nio.NioEventLoop.processSelectedKey(NioEventLoop.java:632)
	at org.apache.ratis.thirdparty.io.netty.channel.nio.NioEventLoop.processSelectedKeysOptimized(NioEventLoop.java:579)
	at org.apache.ratis.thirdparty.io.netty.channel.nio.NioEventLoop.processSelectedKeys(NioEventLoop.java:496)
	at org.apache.ratis.thirdparty.io.netty.channel.nio.NioEventLoop.run(NioEventLoop.java:458)
	at org.apache.ratis.thirdparty.io.netty.util.concurrent.SingleThreadEventExecutor$5.run(SingleThreadEventExecutor.java:897)
	at org.apache.ratis.thirdparty.io.netty.util.concurrent.FastThreadLocalRunnable.run(FastThreadLocalRunnable.java:30)
	... 1 more
Caused by: java.net.ConnectException: Connection refused
	... 11 more
2019-10-01 06:23:15,854 [33dfb9e4-5af7-48c0-aed2-49a098141a6c@group-DF7814A3CEC0-LeaderElection96] INFO  impl.LeaderElection (LogUtils.java:infoOrTrace(149)) - 33dfb9e4-5af7-48c0-aed2-49a098141a6c@group-DF7814A3CEC0-LeaderElection96 got exception when requesting votes: {}
java.util.concurrent.ExecutionException: org.apache.ratis.thirdparty.io.grpc.StatusRuntimeException: INTERNAL: 12b52986-f812-4a0e-b5ca-19605aac5ce5: group-DF7814A3CEC0 not found.
	at java.util.concurrent.FutureTask.report(FutureTask.java:122)
	at java.util.concurrent.FutureTask.get(FutureTask.java:192)
	at org.apache.ratis.server.impl.LeaderElection.waitForResults(LeaderElection.java:259)
	at org.apache.ratis.server.impl.LeaderElection.askForVotes(LeaderElection.java:197)
	at org.apache.ratis.server.impl.LeaderElection.run(LeaderElection.java:133)
	at java.lang.Thread.run(Thread.java:748)
Caused by: org.apache.ratis.thirdparty.io.grpc.StatusRuntimeException: INTERNAL: 12b52986-f812-4a0e-b5ca-19605aac5ce5: group-DF7814A3CEC0 not found.
	at org.apache.ratis.thirdparty.io.grpc.stub.ClientCalls.toStatusRuntimeException(ClientCalls.java:233)
	at org.apache.ratis.thirdparty.io.grpc.stub.ClientCalls.getUnchecked(ClientCalls.java:214)
	at org.apache.ratis.thirdparty.io.grpc.stub.ClientCalls.blockingUnaryCall(ClientCalls.java:139)
	at org.apache.ratis.proto.grpc.RaftServerProtocolServiceGrpc$RaftServerProtocolServiceBlockingStub.requestVote(RaftServerProtocolServiceGrpc.java:265)
	at org.apache.ratis.grpc.server.GrpcServerProtocolClient.requestVote(GrpcServerProtocolClient.java:99)
	at org.apache.ratis.grpc.server.GrpcService.requestVote(GrpcService.java:204)
	at org.apache.ratis.server.impl.LeaderElection.lambda$submitRequests$1(LeaderElection.java:234)
	at java.util.concurrent.FutureTask.run(FutureTask.java:266)
	at java.util.concurrent.Executors$RunnableAdapter.call(Executors.java:511)
	at java.util.concurrent.FutureTask.run(FutureTask.java:266)
	at java.util.concurrent.ThreadPoolExecutor.runWorker(ThreadPoolExecutor.java:1149)
	at java.util.concurrent.ThreadPoolExecutor$Worker.run(ThreadPoolExecutor.java:624)
	... 1 more
2019-10-01 06:23:15,862 [33dfb9e4-5af7-48c0-aed2-49a098141a6c@group-DF7814A3CEC0-LeaderElection96] INFO  impl.LeaderElection (LeaderElection.java:logAndReturn(56)) - 33dfb9e4-5af7-48c0-aed2-49a098141a6c@group-DF7814A3CEC0-LeaderElection96: Election REJECTED; received 0 response(s) [] and 2 exception(s); 33dfb9e4-5af7-48c0-aed2-49a098141a6c@group-DF7814A3CEC0:t3, leader=null, voted=33dfb9e4-5af7-48c0-aed2-49a098141a6c, raftlog=33dfb9e4-5af7-48c0-aed2-49a098141a6c@group-DF7814A3CEC0-SegmentedRaftLog:OPENED:c-1,f-1,i0, conf=-1: [b13a3cc5-7860-43cb-88ea-b527511dabf1:192.168.30.6:44781, 12b52986-f812-4a0e-b5ca-19605aac5ce5:192.168.30.6:35515, 33dfb9e4-5af7-48c0-aed2-49a098141a6c:192.168.30.6:41425], old=null
2019-10-01 06:23:15,862 [33dfb9e4-5af7-48c0-aed2-49a098141a6c@group-DF7814A3CEC0-LeaderElection96] INFO  impl.LeaderElection (LogUtils.java:infoOrTrace(149)) -   Exception 0: {}
java.util.concurrent.ExecutionException: org.apache.ratis.thirdparty.io.grpc.StatusRuntimeException: UNAVAILABLE: io exception
	at java.util.concurrent.FutureTask.report(FutureTask.java:122)
	at java.util.concurrent.FutureTask.get(FutureTask.java:192)
	at org.apache.ratis.server.impl.LeaderElection.waitForResults(LeaderElection.java:259)
	at org.apache.ratis.server.impl.LeaderElection.askForVotes(LeaderElection.java:197)
	at org.apache.ratis.server.impl.LeaderElection.run(LeaderElection.java:133)
	at java.lang.Thread.run(Thread.java:748)
Caused by: org.apache.ratis.thirdparty.io.grpc.StatusRuntimeException: UNAVAILABLE: io exception
	at org.apache.ratis.thirdparty.io.grpc.stub.ClientCalls.toStatusRuntimeException(ClientCalls.java:233)
	at org.apache.ratis.thirdparty.io.grpc.stub.ClientCalls.getUnchecked(ClientCalls.java:214)
	at org.apache.ratis.thirdparty.io.grpc.stub.ClientCalls.blockingUnaryCall(ClientCalls.java:139)
	at org.apache.ratis.proto.grpc.RaftServerProtocolServiceGrpc$RaftServerProtocolServiceBlockingStub.requestVote(RaftServerProtocolServiceGrpc.java:265)
	at org.apache.ratis.grpc.server.GrpcServerProtocolClient.requestVote(GrpcServerProtocolClient.java:99)
	at org.apache.ratis.grpc.server.GrpcService.requestVote(GrpcService.java:204)
	at org.apache.ratis.server.impl.LeaderElection.lambda$submitRequests$1(LeaderElection.java:234)
	at java.util.concurrent.FutureTask.run(FutureTask.java:266)
	at java.util.concurrent.Executors$RunnableAdapter.call(Executors.java:511)
	at java.util.concurrent.FutureTask.run(FutureTask.java:266)
	at java.util.concurrent.ThreadPoolExecutor.runWorker(ThreadPoolExecutor.java:1149)
	at java.util.concurrent.ThreadPoolExecutor$Worker.run(ThreadPoolExecutor.java:624)
	... 1 more
Caused by: org.apache.ratis.thirdparty.io.netty.channel.AbstractChannel$AnnotatedConnectException: Connection refused: /192.168.30.6:44781
	at sun.nio.ch.SocketChannelImpl.checkConnect(Native Method)
	at sun.nio.ch.SocketChannelImpl.finishConnect(SocketChannelImpl.java:717)
	at org.apache.ratis.thirdparty.io.netty.channel.socket.nio.NioSocketChannel.doFinishConnect(NioSocketChannel.java:327)
	at org.apache.ratis.thirdparty.io.netty.channel.nio.AbstractNioChannel$AbstractNioUnsafe.finishConnect(AbstractNioChannel.java:340)
	at org.apache.ratis.thirdparty.io.netty.channel.nio.NioEventLoop.processSelectedKey(NioEventLoop.java:632)
	at org.apache.ratis.thirdparty.io.netty.channel.nio.NioEventLoop.processSelectedKeysOptimized(NioEventLoop.java:579)
	at org.apache.ratis.thirdparty.io.netty.channel.nio.NioEventLoop.processSelectedKeys(NioEventLoop.java:496)
	at org.apache.ratis.thirdparty.io.netty.channel.nio.NioEventLoop.run(NioEventLoop.java:458)
	at org.apache.ratis.thirdparty.io.netty.util.concurrent.SingleThreadEventExecutor$5.run(SingleThreadEventExecutor.java:897)
	at org.apache.ratis.thirdparty.io.netty.util.concurrent.FastThreadLocalRunnable.run(FastThreadLocalRunnable.java:30)
	... 1 more
Caused by: java.net.ConnectException: Connection refused
	... 11 more
2019-10-01 06:23:15,862 [33dfb9e4-5af7-48c0-aed2-49a098141a6c@group-DF7814A3CEC0-LeaderElection96] INFO  impl.LeaderElection (LogUtils.java:infoOrTrace(149)) -   Exception 1: {}
java.util.concurrent.ExecutionException: org.apache.ratis.thirdparty.io.grpc.StatusRuntimeException: INTERNAL: 12b52986-f812-4a0e-b5ca-19605aac5ce5: group-DF7814A3CEC0 not found.
	at java.util.concurrent.FutureTask.report(FutureTask.java:122)
	at java.util.concurrent.FutureTask.get(FutureTask.java:192)
	at org.apache.ratis.server.impl.LeaderElection.waitForResults(LeaderElection.java:259)
	at org.apache.ratis.server.impl.LeaderElection.askForVotes(LeaderElection.java:197)
	at org.apache.ratis.server.impl.LeaderElection.run(LeaderElection.java:133)
	at java.lang.Thread.run(Thread.java:748)
Caused by: org.apache.ratis.thirdparty.io.grpc.StatusRuntimeException: INTERNAL: 12b52986-f812-4a0e-b5ca-19605aac5ce5: group-DF7814A3CEC0 not found.
	at org.apache.ratis.thirdparty.io.grpc.stub.ClientCalls.toStatusRuntimeException(ClientCalls.java:233)
	at org.apache.ratis.thirdparty.io.grpc.stub.ClientCalls.getUnchecked(ClientCalls.java:214)
	at org.apache.ratis.thirdparty.io.grpc.stub.ClientCalls.blockingUnaryCall(ClientCalls.java:139)
	at org.apache.ratis.proto.grpc.RaftServerProtocolServiceGrpc$RaftServerProtocolServiceBlockingStub.requestVote(RaftServerProtocolServiceGrpc.java:265)
	at org.apache.ratis.grpc.server.GrpcServerProtocolClient.requestVote(GrpcServerProtocolClient.java:99)
	at org.apache.ratis.grpc.server.GrpcService.requestVote(GrpcService.java:204)
	at org.apache.ratis.server.impl.LeaderElection.lambda$submitRequests$1(LeaderElection.java:234)
	at java.util.concurrent.FutureTask.run(FutureTask.java:266)
	at java.util.concurrent.Executors$RunnableAdapter.call(Executors.java:511)
	at java.util.concurrent.FutureTask.run(FutureTask.java:266)
	at java.util.concurrent.ThreadPoolExecutor.runWorker(ThreadPoolExecutor.java:1149)
	at java.util.concurrent.ThreadPoolExecutor$Worker.run(ThreadPoolExecutor.java:624)
	... 1 more
2019-10-01 06:23:15,862 [33dfb9e4-5af7-48c0-aed2-49a098141a6c@group-DF7814A3CEC0-LeaderElection96] INFO  impl.RaftServerImpl (RaftServerImpl.java:setRole(170)) - 33dfb9e4-5af7-48c0-aed2-49a098141a6c@group-DF7814A3CEC0: changes role from CANDIDATE to FOLLOWER at term 3 for DISCOVERED_A_NEW_TERM
2019-10-01 06:23:15,863 [33dfb9e4-5af7-48c0-aed2-49a098141a6c@group-DF7814A3CEC0-LeaderElection96] INFO  impl.RoleInfo (RoleInfo.java:shutdownLeaderElection(134)) - 33dfb9e4-5af7-48c0-aed2-49a098141a6c: shutdown LeaderElection
2019-10-01 06:23:15,863 [33dfb9e4-5af7-48c0-aed2-49a098141a6c@group-DF7814A3CEC0-LeaderElection96] INFO  impl.RoleInfo (RoleInfo.java:updateAndGet(143)) - 33dfb9e4-5af7-48c0-aed2-49a098141a6c: start FollowerState
2019-10-01 06:23:15,929 [Thread-2699] INFO  impl.FollowerState (FollowerState.java:run(108)) - e7934135-fd47-404e-892b-137bed43e7da@group-5579ADD75791-FollowerState: change to CANDIDATE, lastRpcTime:5162ms, electionTimeout:5162ms
2019-10-01 06:23:15,936 [Thread-2702] INFO  impl.FollowerState (FollowerState.java:run(108)) - efd9ac6f-ff5e-4968-a08a-87ccf28a484c@group-19B9CE210203-FollowerState: change to CANDIDATE, lastRpcTime:5069ms, electionTimeout:5063ms
2019-10-01 06:23:15,936 [Thread-2699] INFO  impl.RoleInfo (RoleInfo.java:shutdownFollowerState(121)) - e7934135-fd47-404e-892b-137bed43e7da: shutdown FollowerState
2019-10-01 06:23:15,936 [Thread-2702] INFO  impl.RoleInfo (RoleInfo.java:shutdownFollowerState(121)) - efd9ac6f-ff5e-4968-a08a-87ccf28a484c: shutdown FollowerState
2019-10-01 06:23:15,937 [Thread-2699] INFO  impl.RaftServerImpl (RaftServerImpl.java:setRole(170)) - e7934135-fd47-404e-892b-137bed43e7da@group-5579ADD75791: changes role from  FOLLOWER to CANDIDATE at term 0 for changeToCandidate
2019-10-01 06:23:15,937 [Thread-2702] INFO  impl.RaftServerImpl (RaftServerImpl.java:setRole(170)) - efd9ac6f-ff5e-4968-a08a-87ccf28a484c@group-19B9CE210203: changes role from  FOLLOWER to CANDIDATE at term 0 for changeToCandidate
2019-10-01 06:23:15,937 [Thread-2699] INFO  impl.RoleInfo (RoleInfo.java:updateAndGet(143)) - e7934135-fd47-404e-892b-137bed43e7da: start LeaderElection
2019-10-01 06:23:15,937 [Thread-2702] INFO  impl.RoleInfo (RoleInfo.java:updateAndGet(143)) - efd9ac6f-ff5e-4968-a08a-87ccf28a484c: start LeaderElection
2019-10-01 06:23:15,980 [e7934135-fd47-404e-892b-137bed43e7da@group-5579ADD75791-LeaderElection97] INFO  impl.LeaderElection (LeaderElection.java:askForVotes(178)) - e7934135-fd47-404e-892b-137bed43e7da@group-5579ADD75791-LeaderElection97: begin an election at term 1 for -1: [e7934135-fd47-404e-892b-137bed43e7da:192.168.30.6:45453], old=null
2019-10-01 06:23:15,980 [efd9ac6f-ff5e-4968-a08a-87ccf28a484c@group-19B9CE210203-LeaderElection98] INFO  impl.LeaderElection (LeaderElection.java:askForVotes(178)) - efd9ac6f-ff5e-4968-a08a-87ccf28a484c@group-19B9CE210203-LeaderElection98: begin an election at term 1 for -1: [efd9ac6f-ff5e-4968-a08a-87ccf28a484c:192.168.30.6:32768, e7934135-fd47-404e-892b-137bed43e7da:192.168.30.6:45453, aaa00b68-949c-4488-a5cf-23a59052fdec:192.168.30.6:43034], old=null
2019-10-01 06:23:15,980 [e7934135-fd47-404e-892b-137bed43e7da@group-5579ADD75791-LeaderElection97] INFO  impl.RoleInfo (RoleInfo.java:shutdownLeaderElection(134)) - e7934135-fd47-404e-892b-137bed43e7da: shutdown LeaderElection
2019-10-01 06:23:15,980 [e7934135-fd47-404e-892b-137bed43e7da@group-5579ADD75791-LeaderElection97] INFO  impl.RaftServerImpl (RaftServerImpl.java:setRole(170)) - e7934135-fd47-404e-892b-137bed43e7da@group-5579ADD75791: changes role from CANDIDATE to LEADER at term 1 for changeToLeader
2019-10-01 06:23:15,981 [e7934135-fd47-404e-892b-137bed43e7da@group-5579ADD75791-LeaderElection97] INFO  impl.RaftServerImpl (ServerState.java:setLeader(255)) - e7934135-fd47-404e-892b-137bed43e7da@group-5579ADD75791: change Leader from null to e7934135-fd47-404e-892b-137bed43e7da at term 1 for becomeLeader, leader elected after 5223ms
2019-10-01 06:23:15,981 [e7934135-fd47-404e-892b-137bed43e7da@group-5579ADD75791-LeaderElection97] INFO  server.RaftServerConfigKeys (ConfUtils.java:logGet(43)) - raft.server.staging.catchup.gap = 1000 (default)
2019-10-01 06:23:15,981 [e7934135-fd47-404e-892b-137bed43e7da@group-5579ADD75791-LeaderElection97] INFO  server.RaftServerConfigKeys (ConfUtils.java:logGet(43)) - raft.server.rpc.sleep.time = 25ms (default)
2019-10-01 06:23:15,981 [e7934135-fd47-404e-892b-137bed43e7da@group-5579ADD75791-LeaderElection97] INFO  server.RaftServerConfigKeys (ConfUtils.java:logGet(43)) - raft.server.write.element-limit = 4096 (default)
2019-10-01 06:23:15,981 [e7934135-fd47-404e-892b-137bed43e7da@group-5579ADD75791-LeaderElection97] INFO  server.RaftServerConfigKeys (ConfUtils.java:logGet(43)) - raft.server.watch.timeout = 10s (default)
2019-10-01 06:23:15,981 [e7934135-fd47-404e-892b-137bed43e7da@group-5579ADD75791-LeaderElection97] INFO  server.RaftServerConfigKeys (ConfUtils.java:logGet(43)) - raft.server.watch.timeout.denomination = 1s (default)
2019-10-01 06:23:15,981 [e7934135-fd47-404e-892b-137bed43e7da@group-5579ADD75791-LeaderElection97] INFO  server.RaftServerConfigKeys (ConfUtils.java:logGet(43)) - raft.server.watch.element-limit = 65536 (default)
2019-10-01 06:23:15,983 [e7934135-fd47-404e-892b-137bed43e7da@group-5579ADD75791-LeaderElection97] INFO  impl.RoleInfo (RoleInfo.java:updateAndGet(143)) - e7934135-fd47-404e-892b-137bed43e7da: start LeaderState
2019-10-01 06:23:15,983 [e7934135-fd47-404e-892b-137bed43e7da@group-5579ADD75791-LeaderElection97] INFO  segmented.SegmentedRaftLogWorker (SegmentedRaftLogWorker.java:startLogSegment(385)) - e7934135-fd47-404e-892b-137bed43e7da@group-5579ADD75791-SegmentedRaftLogWorker: Starting segment from index:0
2019-10-01 06:23:15,983 [e7934135-fd47-404e-892b-137bed43e7da@group-5579ADD75791-LeaderElection97] INFO  impl.RaftServerImpl (ServerState.java:setRaftConf(356)) - e7934135-fd47-404e-892b-137bed43e7da@group-5579ADD75791: set configuration 0: [e7934135-fd47-404e-892b-137bed43e7da:192.168.30.6:45453], old=null at 0
2019-10-01 06:23:15,984 [grpc-default-executor-8] INFO  impl.RaftServerImpl (RaftServerImpl.java:setRole(170)) - aaa00b68-949c-4488-a5cf-23a59052fdec@group-19B9CE210203: changes role from  FOLLOWER to FOLLOWER at term 1 for recognizeCandidate:efd9ac6f-ff5e-4968-a08a-87ccf28a484c
2019-10-01 06:23:15,984 [grpc-default-executor-5] INFO  impl.RaftServerImpl (RaftServerImpl.java:setRole(170)) - e7934135-fd47-404e-892b-137bed43e7da@group-19B9CE210203: changes role from  FOLLOWER to FOLLOWER at term 1 for recognizeCandidate:efd9ac6f-ff5e-4968-a08a-87ccf28a484c
2019-10-01 06:23:15,985 [grpc-default-executor-8] INFO  impl.RoleInfo (RoleInfo.java:shutdownFollowerState(121)) - aaa00b68-949c-4488-a5cf-23a59052fdec: shutdown FollowerState
2019-10-01 06:23:15,985 [grpc-default-executor-5] INFO  impl.RoleInfo (RoleInfo.java:shutdownFollowerState(121)) - e7934135-fd47-404e-892b-137bed43e7da: shutdown FollowerState
2019-10-01 06:23:15,985 [Thread-2706] INFO  impl.FollowerState (FollowerState.java:run(117)) - aaa00b68-949c-4488-a5cf-23a59052fdec@group-19B9CE210203-FollowerState was interrupted: java.lang.InterruptedException: sleep interrupted
2019-10-01 06:23:15,985 [grpc-default-executor-8] INFO  impl.RoleInfo (RoleInfo.java:updateAndGet(143)) - aaa00b68-949c-4488-a5cf-23a59052fdec: start FollowerState
2019-10-01 06:23:15,985 [Thread-2707] INFO  impl.FollowerState (FollowerState.java:run(117)) - e7934135-fd47-404e-892b-137bed43e7da@group-19B9CE210203-FollowerState was interrupted: java.lang.InterruptedException: sleep interrupted
2019-10-01 06:23:15,985 [grpc-default-executor-5] INFO  impl.RoleInfo (RoleInfo.java:updateAndGet(143)) - e7934135-fd47-404e-892b-137bed43e7da: start FollowerState
2019-10-01 06:23:16,039 [e7934135-fd47-404e-892b-137bed43e7da@group-5579ADD75791-SegmentedRaftLogWorker] INFO  segmented.SegmentedRaftLogWorker (SegmentedRaftLogWorker.java:execute(574)) - e7934135-fd47-404e-892b-137bed43e7da@group-5579ADD75791-SegmentedRaftLogWorker: created new log segment /workdir/hadoop-ozone/integration-test/target/test-dir/MiniOzoneClusterImpl-7b9204ab-7931-4724-b6ae-3e28cc8e7013/datanode-2/data/ratis/4e307e00-c5b2-40d5-89bb-5579add75791/current/log_inprogress_0
2019-10-01 06:23:16,040 [efd9ac6f-ff5e-4968-a08a-87ccf28a484c@group-19B9CE210203-LeaderElection98] INFO  impl.LeaderElection (LeaderElection.java:logAndReturn(56)) - efd9ac6f-ff5e-4968-a08a-87ccf28a484c@group-19B9CE210203-LeaderElection98: Election PASSED; received 1 response(s) [efd9ac6f-ff5e-4968-a08a-87ccf28a484c<-e7934135-fd47-404e-892b-137bed43e7da#0:OK-t1] and 0 exception(s); efd9ac6f-ff5e-4968-a08a-87ccf28a484c@group-19B9CE210203:t1, leader=null, voted=efd9ac6f-ff5e-4968-a08a-87ccf28a484c, raftlog=efd9ac6f-ff5e-4968-a08a-87ccf28a484c@group-19B9CE210203-SegmentedRaftLog:OPENED:c-1,f-1,i0, conf=-1: [efd9ac6f-ff5e-4968-a08a-87ccf28a484c:192.168.30.6:32768, e7934135-fd47-404e-892b-137bed43e7da:192.168.30.6:45453, aaa00b68-949c-4488-a5cf-23a59052fdec:192.168.30.6:43034], old=null
2019-10-01 06:23:16,040 [efd9ac6f-ff5e-4968-a08a-87ccf28a484c@group-19B9CE210203-LeaderElection98] INFO  impl.RoleInfo (RoleInfo.java:shutdownLeaderElection(134)) - efd9ac6f-ff5e-4968-a08a-87ccf28a484c: shutdown LeaderElection
2019-10-01 06:23:16,040 [efd9ac6f-ff5e-4968-a08a-87ccf28a484c@group-19B9CE210203-LeaderElection98] INFO  impl.RaftServerImpl (RaftServerImpl.java:setRole(170)) - efd9ac6f-ff5e-4968-a08a-87ccf28a484c@group-19B9CE210203: changes role from CANDIDATE to LEADER at term 1 for changeToLeader
2019-10-01 06:23:16,040 [efd9ac6f-ff5e-4968-a08a-87ccf28a484c@group-19B9CE210203-LeaderElection98] INFO  impl.RaftServerImpl (ServerState.java:setLeader(255)) - efd9ac6f-ff5e-4968-a08a-87ccf28a484c@group-19B9CE210203: change Leader from null to efd9ac6f-ff5e-4968-a08a-87ccf28a484c at term 1 for becomeLeader, leader elected after 5179ms
2019-10-01 06:23:16,040 [efd9ac6f-ff5e-4968-a08a-87ccf28a484c@group-19B9CE210203-LeaderElection98] INFO  server.RaftServerConfigKeys (ConfUtils.java:logGet(43)) - raft.server.staging.catchup.gap = 1000 (default)
2019-10-01 06:23:16,040 [efd9ac6f-ff5e-4968-a08a-87ccf28a484c@group-19B9CE210203-LeaderElection98] INFO  server.RaftServerConfigKeys (ConfUtils.java:logGet(43)) - raft.server.rpc.sleep.time = 25ms (default)
2019-10-01 06:23:16,040 [efd9ac6f-ff5e-4968-a08a-87ccf28a484c@group-19B9CE210203-LeaderElection98] INFO  server.RaftServerConfigKeys (ConfUtils.java:logGet(43)) - raft.server.write.element-limit = 4096 (default)
2019-10-01 06:23:16,040 [efd9ac6f-ff5e-4968-a08a-87ccf28a484c@group-19B9CE210203-LeaderElection98] INFO  server.RaftServerConfigKeys (ConfUtils.java:logGet(43)) - raft.server.watch.timeout = 10s (default)
2019-10-01 06:23:16,041 [efd9ac6f-ff5e-4968-a08a-87ccf28a484c@group-19B9CE210203-LeaderElection98] INFO  server.RaftServerConfigKeys (ConfUtils.java:logGet(43)) - raft.server.watch.timeout.denomination = 1s (default)
2019-10-01 06:23:16,041 [efd9ac6f-ff5e-4968-a08a-87ccf28a484c@group-19B9CE210203-LeaderElection98] INFO  server.RaftServerConfigKeys (ConfUtils.java:logGet(43)) - raft.server.watch.element-limit = 65536 (default)
2019-10-01 06:23:16,042 [efd9ac6f-ff5e-4968-a08a-87ccf28a484c@group-19B9CE210203-LeaderElection98] INFO  server.RaftServerConfigKeys (ConfUtils.java:logGet(43)) - raft.server.log.appender.snapshot.chunk.size.max = 16MB (=16777216) (default)
2019-10-01 06:23:16,042 [efd9ac6f-ff5e-4968-a08a-87ccf28a484c@group-19B9CE210203-LeaderElection98] INFO  server.RaftServerConfigKeys (ConfUtils.java:logGet(43)) - raft.server.log.appender.buffer.byte-limit = 33554432 (custom)
2019-10-01 06:23:16,042 [efd9ac6f-ff5e-4968-a08a-87ccf28a484c@group-19B9CE210203-LeaderElection98] INFO  server.RaftServerConfigKeys (ConfUtils.java:logGet(43)) - raft.server.log.appender.buffer.element-limit = 1 (custom)
2019-10-01 06:23:16,042 [efd9ac6f-ff5e-4968-a08a-87ccf28a484c@group-19B9CE210203-LeaderElection98] INFO  grpc.GrpcConfigKeys$Server (ConfUtils.java:logGet(43)) - raft.grpc.server.leader.outstanding.appends.max = 128 (default)
2019-10-01 06:23:16,042 [efd9ac6f-ff5e-4968-a08a-87ccf28a484c@group-19B9CE210203-LeaderElection98] INFO  server.RaftServerConfigKeys (ConfUtils.java:logGet(43)) - raft.server.rpc.request.timeout = 3000ms (default)
2019-10-01 06:23:16,043 [efd9ac6f-ff5e-4968-a08a-87ccf28a484c@group-19B9CE210203-LeaderElection98] INFO  server.RaftServerConfigKeys (ConfUtils.java:logGet(43)) - raft.server.log.appender.install.snapshot.enabled = false (custom)
2019-10-01 06:23:16,043 [efd9ac6f-ff5e-4968-a08a-87ccf28a484c@group-19B9CE210203-LeaderElection98] INFO  server.RaftServerConfigKeys (ConfUtils.java:logGet(43)) - raft.server.log.appender.snapshot.chunk.size.max = 16MB (=16777216) (default)
2019-10-01 06:23:16,043 [efd9ac6f-ff5e-4968-a08a-87ccf28a484c@group-19B9CE210203-LeaderElection98] INFO  server.RaftServerConfigKeys (ConfUtils.java:logGet(43)) - raft.server.log.appender.buffer.byte-limit = 33554432 (custom)
2019-10-01 06:23:16,043 [efd9ac6f-ff5e-4968-a08a-87ccf28a484c@group-19B9CE210203-LeaderElection98] INFO  server.RaftServerConfigKeys (ConfUtils.java:logGet(43)) - raft.server.log.appender.buffer.element-limit = 1 (custom)
2019-10-01 06:23:16,043 [efd9ac6f-ff5e-4968-a08a-87ccf28a484c@group-19B9CE210203-LeaderElection98] INFO  grpc.GrpcConfigKeys$Server (ConfUtils.java:logGet(43)) - raft.grpc.server.leader.outstanding.appends.max = 128 (default)
2019-10-01 06:23:16,043 [efd9ac6f-ff5e-4968-a08a-87ccf28a484c@group-19B9CE210203-LeaderElection98] INFO  server.RaftServerConfigKeys (ConfUtils.java:logGet(43)) - raft.server.rpc.request.timeout = 3000ms (default)
2019-10-01 06:23:16,043 [efd9ac6f-ff5e-4968-a08a-87ccf28a484c@group-19B9CE210203-LeaderElection98] INFO  server.RaftServerConfigKeys (ConfUtils.java:logGet(43)) - raft.server.log.appender.install.snapshot.enabled = false (custom)
2019-10-01 06:23:16,043 [efd9ac6f-ff5e-4968-a08a-87ccf28a484c@group-19B9CE210203-LeaderElection98] INFO  impl.RoleInfo (RoleInfo.java:updateAndGet(143)) - efd9ac6f-ff5e-4968-a08a-87ccf28a484c: start LeaderState
2019-10-01 06:23:16,044 [efd9ac6f-ff5e-4968-a08a-87ccf28a484c@group-19B9CE210203-LeaderElection98] INFO  segmented.SegmentedRaftLogWorker (SegmentedRaftLogWorker.java:startLogSegment(385)) - efd9ac6f-ff5e-4968-a08a-87ccf28a484c@group-19B9CE210203-SegmentedRaftLogWorker: Starting segment from index:0
2019-10-01 06:23:16,044 [efd9ac6f-ff5e-4968-a08a-87ccf28a484c@group-19B9CE210203-LeaderElection98] INFO  impl.RaftServerImpl (ServerState.java:setRaftConf(356)) - efd9ac6f-ff5e-4968-a08a-87ccf28a484c@group-19B9CE210203: set configuration 0: [efd9ac6f-ff5e-4968-a08a-87ccf28a484c:192.168.30.6:32768, e7934135-fd47-404e-892b-137bed43e7da:192.168.30.6:45453, aaa00b68-949c-4488-a5cf-23a59052fdec:192.168.30.6:43034], old=null at 0
2019-10-01 06:23:16,081 [grpc-default-executor-5] INFO  impl.RaftServerImpl (ServerState.java:setLeader(255)) - aaa00b68-949c-4488-a5cf-23a59052fdec@group-19B9CE210203: change Leader from null to efd9ac6f-ff5e-4968-a08a-87ccf28a484c at term 1 for appendEntries, leader elected after 5220ms
2019-10-01 06:23:16,132 [efd9ac6f-ff5e-4968-a08a-87ccf28a484c@group-19B9CE210203-SegmentedRaftLogWorker] INFO  segmented.SegmentedRaftLogWorker (SegmentedRaftLogWorker.java:execute(574)) - efd9ac6f-ff5e-4968-a08a-87ccf28a484c@group-19B9CE210203-SegmentedRaftLogWorker: created new log segment /workdir/hadoop-ozone/integration-test/target/test-dir/MiniOzoneClusterImpl-7b9204ab-7931-4724-b6ae-3e28cc8e7013/datanode-0/data/ratis/1c9ba707-c601-4044-9cb8-19b9ce210203/current/log_inprogress_0
2019-10-01 06:23:16,133 [grpc-default-executor-5] INFO  impl.RaftServerImpl (ServerState.java:setLeader(255)) - e7934135-fd47-404e-892b-137bed43e7da@group-19B9CE210203: change Leader from null to efd9ac6f-ff5e-4968-a08a-87ccf28a484c at term 1 for appendEntries, leader elected after 5272ms
2019-10-01 06:23:16,140 [grpc-default-executor-5] INFO  impl.RaftServerImpl (ServerState.java:setRaftConf(356)) - aaa00b68-949c-4488-a5cf-23a59052fdec@group-19B9CE210203: set configuration 0: [efd9ac6f-ff5e-4968-a08a-87ccf28a484c:192.168.30.6:32768, e7934135-fd47-404e-892b-137bed43e7da:192.168.30.6:45453, aaa00b68-949c-4488-a5cf-23a59052fdec:192.168.30.6:43034], old=null at 0
2019-10-01 06:23:16,140 [grpc-default-executor-5] INFO  segmented.SegmentedRaftLogWorker (SegmentedRaftLogWorker.java:startLogSegment(385)) - aaa00b68-949c-4488-a5cf-23a59052fdec@group-19B9CE210203-SegmentedRaftLogWorker: Starting segment from index:0
2019-10-01 06:23:16,141 [grpc-default-executor-5] INFO  impl.RaftServerImpl (ServerState.java:setRaftConf(356)) - e7934135-fd47-404e-892b-137bed43e7da@group-19B9CE210203: set configuration 0: [efd9ac6f-ff5e-4968-a08a-87ccf28a484c:192.168.30.6:32768, e7934135-fd47-404e-892b-137bed43e7da:192.168.30.6:45453, aaa00b68-949c-4488-a5cf-23a59052fdec:192.168.30.6:43034], old=null at 0
2019-10-01 06:23:16,142 [grpc-default-executor-5] INFO  segmented.SegmentedRaftLogWorker (SegmentedRaftLogWorker.java:startLogSegment(385)) - e7934135-fd47-404e-892b-137bed43e7da@group-19B9CE210203-SegmentedRaftLogWorker: Starting segment from index:0
2019-10-01 06:23:16,187 [aaa00b68-949c-4488-a5cf-23a59052fdec@group-19B9CE210203-SegmentedRaftLogWorker] INFO  segmented.SegmentedRaftLogWorker (SegmentedRaftLogWorker.java:execute(574)) - aaa00b68-949c-4488-a5cf-23a59052fdec@group-19B9CE210203-SegmentedRaftLogWorker: created new log segment /workdir/hadoop-ozone/integration-test/target/test-dir/MiniOzoneClusterImpl-7b9204ab-7931-4724-b6ae-3e28cc8e7013/datanode-1/data/ratis/1c9ba707-c601-4044-9cb8-19b9ce210203/current/log_inprogress_0
2019-10-01 06:23:16,187 [e7934135-fd47-404e-892b-137bed43e7da@group-19B9CE210203-SegmentedRaftLogWorker] INFO  segmented.SegmentedRaftLogWorker (SegmentedRaftLogWorker.java:execute(574)) - e7934135-fd47-404e-892b-137bed43e7da@group-19B9CE210203-SegmentedRaftLogWorker: created new log segment /workdir/hadoop-ozone/integration-test/target/test-dir/MiniOzoneClusterImpl-7b9204ab-7931-4724-b6ae-3e28cc8e7013/datanode-2/data/ratis/1c9ba707-c601-4044-9cb8-19b9ce210203/current/log_inprogress_0
2019-10-01 06:23:16,202 [EventQueue-PipelineActionsForPipelineActionHandler] ERROR pipeline.PipelineActionHandler (PipelineActionHandler.java:onMessage(60)) - Received pipeline action CLOSE for Pipeline[ Id: fed2a675-0c8a-4eed-922b-3aea3a3a61ff, Nodes: 25f8cd60-600d-4c27-9835-e918e1f0a30b{ip: 192.168.30.6, host: trunk-nightly-20191001-qpwks-271313263, networkLocation: /default-rack, certSerialId: null}b13a3cc5-7860-43cb-88ea-b527511dabf1{ip: 192.168.30.6, host: trunk-nightly-20191001-qpwks-271313263, networkLocation: /default-rack, certSerialId: null}33dfb9e4-5af7-48c0-aed2-49a098141a6c{ip: 192.168.30.6, host: trunk-nightly-20191001-qpwks-271313263, networkLocation: /default-rack, certSerialId: null}, Type:RATIS, Factor:THREE, State:CLOSED] from datanode 33dfb9e4-5af7-48c0-aed2-49a098141a6c{ip: 192.168.30.6, host: trunk-nightly-20191001-qpwks-271313263, networkLocation: /default-rack, certSerialId: null}. Reason : 33dfb9e4-5af7-48c0-aed2-49a098141a6c has not seen follower/s 25f8cd60-600d-4c27-9835-e918e1f0a30b for 122655ms
2019-10-01 06:23:16,203 [EventQueue-PipelineActionsForPipelineActionHandler] INFO  pipeline.SCMPipelineManager (SCMPipelineManager.java:finalizeAndDestroyPipeline(315)) - destroying pipeline:Pipeline[ Id: fed2a675-0c8a-4eed-922b-3aea3a3a61ff, Nodes: 25f8cd60-600d-4c27-9835-e918e1f0a30b{ip: 192.168.30.6, host: trunk-nightly-20191001-qpwks-271313263, networkLocation: /default-rack, certSerialId: null}b13a3cc5-7860-43cb-88ea-b527511dabf1{ip: 192.168.30.6, host: trunk-nightly-20191001-qpwks-271313263, networkLocation: /default-rack, certSerialId: null}33dfb9e4-5af7-48c0-aed2-49a098141a6c{ip: 192.168.30.6, host: trunk-nightly-20191001-qpwks-271313263, networkLocation: /default-rack, certSerialId: null}, Type:RATIS, Factor:THREE, State:CLOSED]
2019-10-01 06:23:16,242 [Thread-2714] INFO  impl.FollowerState (FollowerState.java:run(108)) - a8928fd9-7185-4781-af55-fc9b1af75c2e@group-724601E61C05-FollowerState: change to CANDIDATE, lastRpcTime:5079ms, electionTimeout:5079ms
2019-10-01 06:23:16,248 [Thread-2714] INFO  impl.RoleInfo (RoleInfo.java:shutdownFollowerState(121)) - a8928fd9-7185-4781-af55-fc9b1af75c2e: shutdown FollowerState
2019-10-01 06:23:16,248 [Thread-2714] INFO  impl.RaftServerImpl (RaftServerImpl.java:setRole(170)) - a8928fd9-7185-4781-af55-fc9b1af75c2e@group-724601E61C05: changes role from  FOLLOWER to CANDIDATE at term 0 for changeToCandidate
2019-10-01 06:23:16,248 [Thread-2714] INFO  impl.RoleInfo (RoleInfo.java:updateAndGet(143)) - a8928fd9-7185-4781-af55-fc9b1af75c2e: start LeaderElection
2019-10-01 06:23:16,269 [Thread-2711] INFO  impl.FollowerState (FollowerState.java:run(108)) - 122f6aff-2eb5-468d-983a-428122ab2ecb@group-C16D3D845DB0-FollowerState: change to CANDIDATE, lastRpcTime:5184ms, electionTimeout:5184ms
2019-10-01 06:23:16,273 [Thread-2711] INFO  impl.RoleInfo (RoleInfo.java:shutdownFollowerState(121)) - 122f6aff-2eb5-468d-983a-428122ab2ecb: shutdown FollowerState
2019-10-01 06:23:16,273 [Thread-2711] INFO  impl.RaftServerImpl (RaftServerImpl.java:setRole(170)) - 122f6aff-2eb5-468d-983a-428122ab2ecb@group-C16D3D845DB0: changes role from  FOLLOWER to CANDIDATE at term 0 for changeToCandidate
2019-10-01 06:23:16,273 [Thread-2711] INFO  impl.RoleInfo (RoleInfo.java:updateAndGet(143)) - 122f6aff-2eb5-468d-983a-428122ab2ecb: start LeaderElection
2019-10-01 06:23:16,299 [a8928fd9-7185-4781-af55-fc9b1af75c2e@group-724601E61C05-LeaderElection99] INFO  impl.LeaderElection (LeaderElection.java:askForVotes(178)) - a8928fd9-7185-4781-af55-fc9b1af75c2e@group-724601E61C05-LeaderElection99: begin an election at term 1 for -1: [a8928fd9-7185-4781-af55-fc9b1af75c2e:192.168.30.6:33533], old=null
2019-10-01 06:23:16,299 [a8928fd9-7185-4781-af55-fc9b1af75c2e@group-724601E61C05-LeaderElection99] INFO  impl.RoleInfo (RoleInfo.java:shutdownLeaderElection(134)) - a8928fd9-7185-4781-af55-fc9b1af75c2e: shutdown LeaderElection
2019-10-01 06:23:16,299 [a8928fd9-7185-4781-af55-fc9b1af75c2e@group-724601E61C05-LeaderElection99] INFO  impl.RaftServerImpl (RaftServerImpl.java:setRole(170)) - a8928fd9-7185-4781-af55-fc9b1af75c2e@group-724601E61C05: changes role from CANDIDATE to LEADER at term 1 for changeToLeader
2019-10-01 06:23:16,299 [a8928fd9-7185-4781-af55-fc9b1af75c2e@group-724601E61C05-LeaderElection99] INFO  impl.RaftServerImpl (ServerState.java:setLeader(255)) - a8928fd9-7185-4781-af55-fc9b1af75c2e@group-724601E61C05: change Leader from null to a8928fd9-7185-4781-af55-fc9b1af75c2e at term 1 for becomeLeader, leader elected after 5143ms
2019-10-01 06:23:16,299 [a8928fd9-7185-4781-af55-fc9b1af75c2e@group-724601E61C05-LeaderElection99] INFO  server.RaftServerConfigKeys (ConfUtils.java:logGet(43)) - raft.server.staging.catchup.gap = 1000 (default)
2019-10-01 06:23:16,299 [a8928fd9-7185-4781-af55-fc9b1af75c2e@group-724601E61C05-LeaderElection99] INFO  server.RaftServerConfigKeys (ConfUtils.java:logGet(43)) - raft.server.rpc.sleep.time = 25ms (default)
2019-10-01 06:23:16,300 [a8928fd9-7185-4781-af55-fc9b1af75c2e@group-724601E61C05-LeaderElection99] INFO  server.RaftServerConfigKeys (ConfUtils.java:logGet(43)) - raft.server.write.element-limit = 4096 (default)
2019-10-01 06:23:16,300 [a8928fd9-7185-4781-af55-fc9b1af75c2e@group-724601E61C05-LeaderElection99] INFO  server.RaftServerConfigKeys (ConfUtils.java:logGet(43)) - raft.server.watch.timeout = 10s (default)
2019-10-01 06:23:16,300 [a8928fd9-7185-4781-af55-fc9b1af75c2e@group-724601E61C05-LeaderElection99] INFO  server.RaftServerConfigKeys (ConfUtils.java:logGet(43)) - raft.server.watch.timeout.denomination = 1s (default)
2019-10-01 06:23:16,300 [a8928fd9-7185-4781-af55-fc9b1af75c2e@group-724601E61C05-LeaderElection99] INFO  server.RaftServerConfigKeys (ConfUtils.java:logGet(43)) - raft.server.watch.element-limit = 65536 (default)
2019-10-01 06:23:16,301 [a8928fd9-7185-4781-af55-fc9b1af75c2e@group-724601E61C05-LeaderElection99] INFO  impl.RoleInfo (RoleInfo.java:updateAndGet(143)) - a8928fd9-7185-4781-af55-fc9b1af75c2e: start LeaderState
2019-10-01 06:23:16,301 [a8928fd9-7185-4781-af55-fc9b1af75c2e@group-724601E61C05-LeaderElection99] INFO  segmented.SegmentedRaftLogWorker (SegmentedRaftLogWorker.java:startLogSegment(385)) - a8928fd9-7185-4781-af55-fc9b1af75c2e@group-724601E61C05-SegmentedRaftLogWorker: Starting segment from index:0
2019-10-01 06:23:16,302 [a8928fd9-7185-4781-af55-fc9b1af75c2e@group-724601E61C05-LeaderElection99] INFO  impl.RaftServerImpl (ServerState.java:setRaftConf(356)) - a8928fd9-7185-4781-af55-fc9b1af75c2e@group-724601E61C05: set configuration 0: [a8928fd9-7185-4781-af55-fc9b1af75c2e:192.168.30.6:33533], old=null at 0
2019-10-01 06:23:16,325 [122f6aff-2eb5-468d-983a-428122ab2ecb@group-C16D3D845DB0-LeaderElection100] INFO  impl.LeaderElection (LeaderElection.java:askForVotes(178)) - 122f6aff-2eb5-468d-983a-428122ab2ecb@group-C16D3D845DB0-LeaderElection100: begin an election at term 1 for -1: [122f6aff-2eb5-468d-983a-428122ab2ecb:192.168.30.6:37875], old=null
2019-10-01 06:23:16,325 [122f6aff-2eb5-468d-983a-428122ab2ecb@group-C16D3D845DB0-LeaderElection100] INFO  impl.RoleInfo (RoleInfo.java:shutdownLeaderElection(134)) - 122f6aff-2eb5-468d-983a-428122ab2ecb: shutdown LeaderElection
2019-10-01 06:23:16,325 [122f6aff-2eb5-468d-983a-428122ab2ecb@group-C16D3D845DB0-LeaderElection100] INFO  impl.RaftServerImpl (RaftServerImpl.java:setRole(170)) - 122f6aff-2eb5-468d-983a-428122ab2ecb@group-C16D3D845DB0: changes role from CANDIDATE to LEADER at term 1 for changeToLeader
2019-10-01 06:23:16,325 [122f6aff-2eb5-468d-983a-428122ab2ecb@group-C16D3D845DB0-LeaderElection100] INFO  impl.RaftServerImpl (ServerState.java:setLeader(255)) - 122f6aff-2eb5-468d-983a-428122ab2ecb@group-C16D3D845DB0: change Leader from null to 122f6aff-2eb5-468d-983a-428122ab2ecb at term 1 for becomeLeader, leader elected after 5245ms
2019-10-01 06:23:16,325 [122f6aff-2eb5-468d-983a-428122ab2ecb@group-C16D3D845DB0-LeaderElection100] INFO  server.RaftServerConfigKeys (ConfUtils.java:logGet(43)) - raft.server.staging.catchup.gap = 1000 (default)
2019-10-01 06:23:16,325 [122f6aff-2eb5-468d-983a-428122ab2ecb@group-C16D3D845DB0-LeaderElection100] INFO  server.RaftServerConfigKeys (ConfUtils.java:logGet(43)) - raft.server.rpc.sleep.time = 25ms (default)
2019-10-01 06:23:16,326 [122f6aff-2eb5-468d-983a-428122ab2ecb@group-C16D3D845DB0-LeaderElection100] INFO  server.RaftServerConfigKeys (ConfUtils.java:logGet(43)) - raft.server.write.element-limit = 4096 (default)
2019-10-01 06:23:16,326 [122f6aff-2eb5-468d-983a-428122ab2ecb@group-C16D3D845DB0-LeaderElection100] INFO  server.RaftServerConfigKeys (ConfUtils.java:logGet(43)) - raft.server.watch.timeout = 10s (default)
2019-10-01 06:23:16,326 [122f6aff-2eb5-468d-983a-428122ab2ecb@group-C16D3D845DB0-LeaderElection100] INFO  server.RaftServerConfigKeys (ConfUtils.java:logGet(43)) - raft.server.watch.timeout.denomination = 1s (default)
2019-10-01 06:23:16,326 [122f6aff-2eb5-468d-983a-428122ab2ecb@group-C16D3D845DB0-LeaderElection100] INFO  server.RaftServerConfigKeys (ConfUtils.java:logGet(43)) - raft.server.watch.element-limit = 65536 (default)
2019-10-01 06:23:16,328 [122f6aff-2eb5-468d-983a-428122ab2ecb@group-C16D3D845DB0-LeaderElection100] INFO  impl.RoleInfo (RoleInfo.java:updateAndGet(143)) - 122f6aff-2eb5-468d-983a-428122ab2ecb: start LeaderState
2019-10-01 06:23:16,328 [122f6aff-2eb5-468d-983a-428122ab2ecb@group-C16D3D845DB0-LeaderElection100] INFO  segmented.SegmentedRaftLogWorker (SegmentedRaftLogWorker.java:startLogSegment(385)) - 122f6aff-2eb5-468d-983a-428122ab2ecb@group-C16D3D845DB0-SegmentedRaftLogWorker: Starting segment from index:0
2019-10-01 06:23:16,328 [122f6aff-2eb5-468d-983a-428122ab2ecb@group-C16D3D845DB0-LeaderElection100] INFO  impl.RaftServerImpl (ServerState.java:setRaftConf(356)) - 122f6aff-2eb5-468d-983a-428122ab2ecb@group-C16D3D845DB0: set configuration 0: [122f6aff-2eb5-468d-983a-428122ab2ecb:192.168.30.6:37875], old=null at 0
2019-10-01 06:23:16,358 [a8928fd9-7185-4781-af55-fc9b1af75c2e@group-724601E61C05-SegmentedRaftLogWorker] INFO  segmented.SegmentedRaftLogWorker (SegmentedRaftLogWorker.java:execute(574)) - a8928fd9-7185-4781-af55-fc9b1af75c2e@group-724601E61C05-SegmentedRaftLogWorker: created new log segment /workdir/hadoop-ozone/integration-test/target/test-dir/MiniOzoneClusterImpl-7b9204ab-7931-4724-b6ae-3e28cc8e7013/datanode-3/data/ratis/b647206e-7190-44c4-9beb-724601e61c05/current/log_inprogress_0
2019-10-01 06:23:16,384 [122f6aff-2eb5-468d-983a-428122ab2ecb@group-C16D3D845DB0-SegmentedRaftLogWorker] INFO  segmented.SegmentedRaftLogWorker (SegmentedRaftLogWorker.java:execute(574)) - 122f6aff-2eb5-468d-983a-428122ab2ecb@group-C16D3D845DB0-SegmentedRaftLogWorker: created new log segment /workdir/hadoop-ozone/integration-test/target/test-dir/MiniOzoneClusterImpl-7b9204ab-7931-4724-b6ae-3e28cc8e7013/datanode-4/data/ratis/abe06552-3169-4ff5-b24a-c16d3d845db0/current/log_inprogress_0
2019-10-01 06:23:16,439 [Thread-2717] INFO  impl.FollowerState (FollowerState.java:run(108)) - 559da6ae-3c3f-4b3b-89ff-b3d5b30db03c@group-CDE1CEA39A95-FollowerState: change to CANDIDATE, lastRpcTime:5133ms, electionTimeout:5133ms
2019-10-01 06:23:16,439 [Thread-2717] INFO  impl.RoleInfo (RoleInfo.java:shutdownFollowerState(121)) - 559da6ae-3c3f-4b3b-89ff-b3d5b30db03c: shutdown FollowerState
2019-10-01 06:23:16,439 [Thread-2717] INFO  impl.RaftServerImpl (RaftServerImpl.java:setRole(170)) - 559da6ae-3c3f-4b3b-89ff-b3d5b30db03c@group-CDE1CEA39A95: changes role from  FOLLOWER to CANDIDATE at term 0 for changeToCandidate
2019-10-01 06:23:16,439 [Thread-2717] INFO  impl.RoleInfo (RoleInfo.java:updateAndGet(143)) - 559da6ae-3c3f-4b3b-89ff-b3d5b30db03c: start LeaderElection
2019-10-01 06:23:16,457 [Thread-2723] INFO  impl.FollowerState (FollowerState.java:run(108)) - 122f6aff-2eb5-468d-983a-428122ab2ecb@group-A244812D2EEE-FollowerState: change to CANDIDATE, lastRpcTime:5039ms, electionTimeout:5039ms
2019-10-01 06:23:16,458 [Thread-2723] INFO  impl.RoleInfo (RoleInfo.java:shutdownFollowerState(121)) - 122f6aff-2eb5-468d-983a-428122ab2ecb: shutdown FollowerState
2019-10-01 06:23:16,458 [Thread-2723] INFO  impl.RaftServerImpl (RaftServerImpl.java:setRole(170)) - 122f6aff-2eb5-468d-983a-428122ab2ecb@group-A244812D2EEE: changes role from  FOLLOWER to CANDIDATE at term 0 for changeToCandidate
2019-10-01 06:23:16,458 [Thread-2723] INFO  impl.RoleInfo (RoleInfo.java:updateAndGet(143)) - 122f6aff-2eb5-468d-983a-428122ab2ecb: start LeaderElection
2019-10-01 06:23:16,476 [559da6ae-3c3f-4b3b-89ff-b3d5b30db03c@group-CDE1CEA39A95-LeaderElection101] INFO  impl.LeaderElection (LeaderElection.java:askForVotes(178)) - 559da6ae-3c3f-4b3b-89ff-b3d5b30db03c@group-CDE1CEA39A95-LeaderElection101: begin an election at term 1 for -1: [559da6ae-3c3f-4b3b-89ff-b3d5b30db03c:192.168.30.6:42530], old=null
2019-10-01 06:23:16,476 [559da6ae-3c3f-4b3b-89ff-b3d5b30db03c@group-CDE1CEA39A95-LeaderElection101] INFO  impl.RoleInfo (RoleInfo.java:shutdownLeaderElection(134)) - 559da6ae-3c3f-4b3b-89ff-b3d5b30db03c: shutdown LeaderElection
2019-10-01 06:23:16,476 [559da6ae-3c3f-4b3b-89ff-b3d5b30db03c@group-CDE1CEA39A95-LeaderElection101] INFO  impl.RaftServerImpl (RaftServerImpl.java:setRole(170)) - 559da6ae-3c3f-4b3b-89ff-b3d5b30db03c@group-CDE1CEA39A95: changes role from CANDIDATE to LEADER at term 1 for changeToLeader
2019-10-01 06:23:16,476 [559da6ae-3c3f-4b3b-89ff-b3d5b30db03c@group-CDE1CEA39A95-LeaderElection101] INFO  impl.RaftServerImpl (ServerState.java:setLeader(255)) - 559da6ae-3c3f-4b3b-89ff-b3d5b30db03c@group-CDE1CEA39A95: change Leader from null to 559da6ae-3c3f-4b3b-89ff-b3d5b30db03c at term 1 for becomeLeader, leader elected after 5176ms
2019-10-01 06:23:16,476 [559da6ae-3c3f-4b3b-89ff-b3d5b30db03c@group-CDE1CEA39A95-LeaderElection101] INFO  server.RaftServerConfigKeys (ConfUtils.java:logGet(43)) - raft.server.staging.catchup.gap = 1000 (default)
2019-10-01 06:23:16,476 [559da6ae-3c3f-4b3b-89ff-b3d5b30db03c@group-CDE1CEA39A95-LeaderElection101] INFO  server.RaftServerConfigKeys (ConfUtils.java:logGet(43)) - raft.server.rpc.sleep.time = 25ms (default)
2019-10-01 06:23:16,477 [559da6ae-3c3f-4b3b-89ff-b3d5b30db03c@group-CDE1CEA39A95-LeaderElection101] INFO  server.RaftServerConfigKeys (ConfUtils.java:logGet(43)) - raft.server.write.element-limit = 4096 (default)
2019-10-01 06:23:16,477 [559da6ae-3c3f-4b3b-89ff-b3d5b30db03c@group-CDE1CEA39A95-LeaderElection101] INFO  server.RaftServerConfigKeys (ConfUtils.java:logGet(43)) - raft.server.watch.timeout = 10s (default)
2019-10-01 06:23:16,477 [559da6ae-3c3f-4b3b-89ff-b3d5b30db03c@group-CDE1CEA39A95-LeaderElection101] INFO  server.RaftServerConfigKeys (ConfUtils.java:logGet(43)) - raft.server.watch.timeout.denomination = 1s (default)
2019-10-01 06:23:16,477 [559da6ae-3c3f-4b3b-89ff-b3d5b30db03c@group-CDE1CEA39A95-LeaderElection101] INFO  server.RaftServerConfigKeys (ConfUtils.java:logGet(43)) - raft.server.watch.element-limit = 65536 (default)
2019-10-01 06:23:16,478 [559da6ae-3c3f-4b3b-89ff-b3d5b30db03c@group-CDE1CEA39A95-LeaderElection101] INFO  impl.RoleInfo (RoleInfo.java:updateAndGet(143)) - 559da6ae-3c3f-4b3b-89ff-b3d5b30db03c: start LeaderState
2019-10-01 06:23:16,478 [559da6ae-3c3f-4b3b-89ff-b3d5b30db03c@group-CDE1CEA39A95-LeaderElection101] INFO  segmented.SegmentedRaftLogWorker (SegmentedRaftLogWorker.java:startLogSegment(385)) - 559da6ae-3c3f-4b3b-89ff-b3d5b30db03c@group-CDE1CEA39A95-SegmentedRaftLogWorker: Starting segment from index:0
2019-10-01 06:23:16,479 [559da6ae-3c3f-4b3b-89ff-b3d5b30db03c@group-CDE1CEA39A95-LeaderElection101] INFO  impl.RaftServerImpl (ServerState.java:setRaftConf(356)) - 559da6ae-3c3f-4b3b-89ff-b3d5b30db03c@group-CDE1CEA39A95: set configuration 0: [559da6ae-3c3f-4b3b-89ff-b3d5b30db03c:192.168.30.6:42530], old=null at 0
2019-10-01 06:23:16,499 [122f6aff-2eb5-468d-983a-428122ab2ecb@group-A244812D2EEE-LeaderElection102] INFO  impl.LeaderElection (LeaderElection.java:askForVotes(178)) - 122f6aff-2eb5-468d-983a-428122ab2ecb@group-A244812D2EEE-LeaderElection102: begin an election at term 1 for -1: [559da6ae-3c3f-4b3b-89ff-b3d5b30db03c:192.168.30.6:42530, 122f6aff-2eb5-468d-983a-428122ab2ecb:192.168.30.6:37875, a8928fd9-7185-4781-af55-fc9b1af75c2e:192.168.30.6:33533], old=null
2019-10-01 06:23:16,508 [Thread-2722] INFO  impl.FollowerState (FollowerState.java:run(108)) - 559da6ae-3c3f-4b3b-89ff-b3d5b30db03c@group-A244812D2EEE-FollowerState: change to CANDIDATE, lastRpcTime:5091ms, electionTimeout:5088ms
2019-10-01 06:23:16,508 [Thread-2722] INFO  impl.RoleInfo (RoleInfo.java:shutdownFollowerState(121)) - 559da6ae-3c3f-4b3b-89ff-b3d5b30db03c: shutdown FollowerState
2019-10-01 06:23:16,508 [Thread-2722] INFO  impl.RaftServerImpl (RaftServerImpl.java:setRole(170)) - 559da6ae-3c3f-4b3b-89ff-b3d5b30db03c@group-A244812D2EEE: changes role from  FOLLOWER to CANDIDATE at term 0 for changeToCandidate
2019-10-01 06:23:16,509 [Thread-2722] INFO  impl.RoleInfo (RoleInfo.java:updateAndGet(143)) - 559da6ae-3c3f-4b3b-89ff-b3d5b30db03c: start LeaderElection
2019-10-01 06:23:16,526 [grpc-default-executor-8] INFO  impl.RaftServerImpl (RaftServerImpl.java:setRole(170)) - a8928fd9-7185-4781-af55-fc9b1af75c2e@group-A244812D2EEE: changes role from  FOLLOWER to FOLLOWER at term 1 for recognizeCandidate:122f6aff-2eb5-468d-983a-428122ab2ecb
2019-10-01 06:23:16,526 [559da6ae-3c3f-4b3b-89ff-b3d5b30db03c@group-CDE1CEA39A95-SegmentedRaftLogWorker] INFO  segmented.SegmentedRaftLogWorker (SegmentedRaftLogWorker.java:execute(574)) - 559da6ae-3c3f-4b3b-89ff-b3d5b30db03c@group-CDE1CEA39A95-SegmentedRaftLogWorker: created new log segment /workdir/hadoop-ozone/integration-test/target/test-dir/MiniOzoneClusterImpl-7b9204ab-7931-4724-b6ae-3e28cc8e7013/datanode-5/data/ratis/d9649b27-678b-4dda-ad87-cde1cea39a95/current/log_inprogress_0
2019-10-01 06:23:16,526 [grpc-default-executor-8] INFO  impl.RoleInfo (RoleInfo.java:shutdownFollowerState(121)) - a8928fd9-7185-4781-af55-fc9b1af75c2e: shutdown FollowerState
2019-10-01 06:23:16,526 [grpc-default-executor-8] INFO  impl.RoleInfo (RoleInfo.java:updateAndGet(143)) - a8928fd9-7185-4781-af55-fc9b1af75c2e: start FollowerState
2019-10-01 06:23:16,526 [Thread-2724] INFO  impl.FollowerState (FollowerState.java:run(117)) - a8928fd9-7185-4781-af55-fc9b1af75c2e@group-A244812D2EEE-FollowerState was interrupted: java.lang.InterruptedException: sleep interrupted
2019-10-01 06:23:16,550 [559da6ae-3c3f-4b3b-89ff-b3d5b30db03c@group-A244812D2EEE-LeaderElection103] INFO  impl.LeaderElection (LeaderElection.java:askForVotes(178)) - 559da6ae-3c3f-4b3b-89ff-b3d5b30db03c@group-A244812D2EEE-LeaderElection103: begin an election at term 1 for -1: [559da6ae-3c3f-4b3b-89ff-b3d5b30db03c:192.168.30.6:42530, 122f6aff-2eb5-468d-983a-428122ab2ecb:192.168.30.6:37875, a8928fd9-7185-4781-af55-fc9b1af75c2e:192.168.30.6:33533], old=null
2019-10-01 06:23:16,551 [122f6aff-2eb5-468d-983a-428122ab2ecb@group-A244812D2EEE-LeaderElection102] INFO  impl.LeaderElection (LeaderElection.java:logAndReturn(56)) - 122f6aff-2eb5-468d-983a-428122ab2ecb@group-A244812D2EEE-LeaderElection102: Election PASSED; received 2 response(s) [122f6aff-2eb5-468d-983a-428122ab2ecb<-559da6ae-3c3f-4b3b-89ff-b3d5b30db03c#0:FAIL-t1, 122f6aff-2eb5-468d-983a-428122ab2ecb<-a8928fd9-7185-4781-af55-fc9b1af75c2e#0:OK-t1] and 0 exception(s); 122f6aff-2eb5-468d-983a-428122ab2ecb@group-A244812D2EEE:t1, leader=null, voted=122f6aff-2eb5-468d-983a-428122ab2ecb, raftlog=122f6aff-2eb5-468d-983a-428122ab2ecb@group-A244812D2EEE-SegmentedRaftLog:OPENED:c-1,f-1,i0, conf=-1: [559da6ae-3c3f-4b3b-89ff-b3d5b30db03c:192.168.30.6:42530, 122f6aff-2eb5-468d-983a-428122ab2ecb:192.168.30.6:37875, a8928fd9-7185-4781-af55-fc9b1af75c2e:192.168.30.6:33533], old=null
2019-10-01 06:23:16,551 [122f6aff-2eb5-468d-983a-428122ab2ecb@group-A244812D2EEE-LeaderElection102] INFO  impl.RoleInfo (RoleInfo.java:shutdownLeaderElection(134)) - 122f6aff-2eb5-468d-983a-428122ab2ecb: shutdown LeaderElection
2019-10-01 06:23:16,551 [122f6aff-2eb5-468d-983a-428122ab2ecb@group-A244812D2EEE-LeaderElection102] INFO  impl.RaftServerImpl (RaftServerImpl.java:setRole(170)) - 122f6aff-2eb5-468d-983a-428122ab2ecb@group-A244812D2EEE: changes role from CANDIDATE to LEADER at term 1 for changeToLeader
2019-10-01 06:23:16,551 [122f6aff-2eb5-468d-983a-428122ab2ecb@group-A244812D2EEE-LeaderElection102] INFO  impl.RaftServerImpl (ServerState.java:setLeader(255)) - 122f6aff-2eb5-468d-983a-428122ab2ecb@group-A244812D2EEE: change Leader from null to 122f6aff-2eb5-468d-983a-428122ab2ecb at term 1 for becomeLeader, leader elected after 5140ms
2019-10-01 06:23:16,551 [122f6aff-2eb5-468d-983a-428122ab2ecb@group-A244812D2EEE-LeaderElection102] INFO  server.RaftServerConfigKeys (ConfUtils.java:logGet(43)) - raft.server.staging.catchup.gap = 1000 (default)
2019-10-01 06:23:16,551 [122f6aff-2eb5-468d-983a-428122ab2ecb@group-A244812D2EEE-LeaderElection102] INFO  server.RaftServerConfigKeys (ConfUtils.java:logGet(43)) - raft.server.rpc.sleep.time = 25ms (default)
2019-10-01 06:23:16,551 [122f6aff-2eb5-468d-983a-428122ab2ecb@group-A244812D2EEE-LeaderElection102] INFO  server.RaftServerConfigKeys (ConfUtils.java:logGet(43)) - raft.server.write.element-limit = 4096 (default)
2019-10-01 06:23:16,552 [122f6aff-2eb5-468d-983a-428122ab2ecb@group-A244812D2EEE-LeaderElection102] INFO  server.RaftServerConfigKeys (ConfUtils.java:logGet(43)) - raft.server.watch.timeout = 10s (default)
2019-10-01 06:23:16,552 [122f6aff-2eb5-468d-983a-428122ab2ecb@group-A244812D2EEE-LeaderElection102] INFO  server.RaftServerConfigKeys (ConfUtils.java:logGet(43)) - raft.server.watch.timeout.denomination = 1s (default)
2019-10-01 06:23:16,552 [122f6aff-2eb5-468d-983a-428122ab2ecb@group-A244812D2EEE-LeaderElection102] INFO  server.RaftServerConfigKeys (ConfUtils.java:logGet(43)) - raft.server.watch.element-limit = 65536 (default)
2019-10-01 06:23:16,553 [122f6aff-2eb5-468d-983a-428122ab2ecb@group-A244812D2EEE-LeaderElection102] INFO  server.RaftServerConfigKeys (ConfUtils.java:logGet(43)) - raft.server.log.appender.snapshot.chunk.size.max = 16MB (=16777216) (default)
2019-10-01 06:23:16,553 [122f6aff-2eb5-468d-983a-428122ab2ecb@group-A244812D2EEE-LeaderElection102] INFO  server.RaftServerConfigKeys (ConfUtils.java:logGet(43)) - raft.server.log.appender.buffer.byte-limit = 33554432 (custom)
2019-10-01 06:23:16,553 [122f6aff-2eb5-468d-983a-428122ab2ecb@group-A244812D2EEE-LeaderElection102] INFO  server.RaftServerConfigKeys (ConfUtils.java:logGet(43)) - raft.server.log.appender.buffer.element-limit = 1 (custom)
2019-10-01 06:23:16,554 [122f6aff-2eb5-468d-983a-428122ab2ecb@group-A244812D2EEE-LeaderElection102] INFO  grpc.GrpcConfigKeys$Server (ConfUtils.java:logGet(43)) - raft.grpc.server.leader.outstanding.appends.max = 128 (default)
2019-10-01 06:23:16,554 [122f6aff-2eb5-468d-983a-428122ab2ecb@group-A244812D2EEE-LeaderElection102] INFO  server.RaftServerConfigKeys (ConfUtils.java:logGet(43)) - raft.server.rpc.request.timeout = 3000ms (default)
2019-10-01 06:23:16,554 [122f6aff-2eb5-468d-983a-428122ab2ecb@group-A244812D2EEE-LeaderElection102] INFO  server.RaftServerConfigKeys (ConfUtils.java:logGet(43)) - raft.server.log.appender.install.snapshot.enabled = false (custom)
2019-10-01 06:23:16,554 [122f6aff-2eb5-468d-983a-428122ab2ecb@group-A244812D2EEE-LeaderElection102] INFO  server.RaftServerConfigKeys (ConfUtils.java:logGet(43)) - raft.server.log.appender.snapshot.chunk.size.max = 16MB (=16777216) (default)
2019-10-01 06:23:16,554 [122f6aff-2eb5-468d-983a-428122ab2ecb@group-A244812D2EEE-LeaderElection102] INFO  server.RaftServerConfigKeys (ConfUtils.java:logGet(43)) - raft.server.log.appender.buffer.byte-limit = 33554432 (custom)
2019-10-01 06:23:16,559 [122f6aff-2eb5-468d-983a-428122ab2ecb@group-A244812D2EEE-LeaderElection102] INFO  server.RaftServerConfigKeys (ConfUtils.java:logGet(43)) - raft.server.log.appender.buffer.element-limit = 1 (custom)
2019-10-01 06:23:16,560 [122f6aff-2eb5-468d-983a-428122ab2ecb@group-A244812D2EEE-LeaderElection102] INFO  grpc.GrpcConfigKeys$Server (ConfUtils.java:logGet(43)) - raft.grpc.server.leader.outstanding.appends.max = 128 (default)
2019-10-01 06:23:16,560 [122f6aff-2eb5-468d-983a-428122ab2ecb@group-A244812D2EEE-LeaderElection102] INFO  server.RaftServerConfigKeys (ConfUtils.java:logGet(43)) - raft.server.rpc.request.timeout = 3000ms (default)
2019-10-01 06:23:16,560 [122f6aff-2eb5-468d-983a-428122ab2ecb@group-A244812D2EEE-LeaderElection102] INFO  server.RaftServerConfigKeys (ConfUtils.java:logGet(43)) - raft.server.log.appender.install.snapshot.enabled = false (custom)
2019-10-01 06:23:16,560 [122f6aff-2eb5-468d-983a-428122ab2ecb@group-A244812D2EEE-LeaderElection102] INFO  impl.RoleInfo (RoleInfo.java:updateAndGet(143)) - 122f6aff-2eb5-468d-983a-428122ab2ecb: start LeaderState
2019-10-01 06:23:16,560 [122f6aff-2eb5-468d-983a-428122ab2ecb@group-A244812D2EEE-LeaderElection102] INFO  segmented.SegmentedRaftLogWorker (SegmentedRaftLogWorker.java:startLogSegment(385)) - 122f6aff-2eb5-468d-983a-428122ab2ecb@group-A244812D2EEE-SegmentedRaftLogWorker: Starting segment from index:0
2019-10-01 06:23:16,561 [122f6aff-2eb5-468d-983a-428122ab2ecb@group-A244812D2EEE-LeaderElection102] INFO  impl.RaftServerImpl (ServerState.java:setRaftConf(356)) - 122f6aff-2eb5-468d-983a-428122ab2ecb@group-A244812D2EEE: set configuration 0: [559da6ae-3c3f-4b3b-89ff-b3d5b30db03c:192.168.30.6:42530, 122f6aff-2eb5-468d-983a-428122ab2ecb:192.168.30.6:37875, a8928fd9-7185-4781-af55-fc9b1af75c2e:192.168.30.6:33533], old=null at 0
2019-10-01 06:23:16,561 [grpc-default-executor-8] INFO  impl.RaftServerImpl (RaftServerImpl.java:requestVote(754)) - 122f6aff-2eb5-468d-983a-428122ab2ecb@group-A244812D2EEE-   LEADER: Withhold vote from candidate 559da6ae-3c3f-4b3b-89ff-b3d5b30db03c with term 1. State: leader=122f6aff-2eb5-468d-983a-428122ab2ecb, term=1, lastRpcElapsed=null
2019-10-01 06:23:16,601 [grpc-default-executor-5] INFO  impl.RaftServerImpl (RaftServerImpl.java:setRole(170)) - 559da6ae-3c3f-4b3b-89ff-b3d5b30db03c@group-A244812D2EEE: changes role from CANDIDATE to FOLLOWER at term 1 for appendEntries
2019-10-01 06:23:16,601 [grpc-default-executor-5] INFO  impl.RoleInfo (RoleInfo.java:shutdownLeaderElection(134)) - 559da6ae-3c3f-4b3b-89ff-b3d5b30db03c: shutdown LeaderElection
2019-10-01 06:23:16,601 [grpc-default-executor-8] INFO  impl.RaftServerImpl (ServerState.java:setLeader(255)) - a8928fd9-7185-4781-af55-fc9b1af75c2e@group-A244812D2EEE: change Leader from null to 122f6aff-2eb5-468d-983a-428122ab2ecb at term 1 for appendEntries, leader elected after 5190ms
2019-10-01 06:23:16,602 [grpc-default-executor-5] INFO  impl.RoleInfo (RoleInfo.java:updateAndGet(143)) - 559da6ae-3c3f-4b3b-89ff-b3d5b30db03c: start FollowerState
2019-10-01 06:23:16,602 [559da6ae-3c3f-4b3b-89ff-b3d5b30db03c@group-A244812D2EEE-LeaderElection103] INFO  impl.LeaderElection (LeaderElection.java:logAndReturn(56)) - 559da6ae-3c3f-4b3b-89ff-b3d5b30db03c@group-A244812D2EEE-LeaderElection103: Election REJECTED; received 2 response(s) [559da6ae-3c3f-4b3b-89ff-b3d5b30db03c<-a8928fd9-7185-4781-af55-fc9b1af75c2e#0:FAIL-t1, 559da6ae-3c3f-4b3b-89ff-b3d5b30db03c<-122f6aff-2eb5-468d-983a-428122ab2ecb#0:FAIL-t1] and 0 exception(s); 559da6ae-3c3f-4b3b-89ff-b3d5b30db03c@group-A244812D2EEE:t1, leader=null, voted=559da6ae-3c3f-4b3b-89ff-b3d5b30db03c, raftlog=559da6ae-3c3f-4b3b-89ff-b3d5b30db03c@group-A244812D2EEE-SegmentedRaftLog:OPENED:c-1,f-1,i0, conf=-1: [559da6ae-3c3f-4b3b-89ff-b3d5b30db03c:192.168.30.6:42530, 122f6aff-2eb5-468d-983a-428122ab2ecb:192.168.30.6:37875, a8928fd9-7185-4781-af55-fc9b1af75c2e:192.168.30.6:33533], old=null
2019-10-01 06:23:16,602 [grpc-default-executor-5] INFO  impl.RaftServerImpl (ServerState.java:setLeader(255)) - 559da6ae-3c3f-4b3b-89ff-b3d5b30db03c@group-A244812D2EEE: change Leader from null to 122f6aff-2eb5-468d-983a-428122ab2ecb at term 1 for appendEntries, leader elected after 5191ms
2019-10-01 06:23:16,604 [grpc-default-executor-5] INFO  impl.RaftServerImpl (ServerState.java:setRaftConf(356)) - a8928fd9-7185-4781-af55-fc9b1af75c2e@group-A244812D2EEE: set configuration 0: [559da6ae-3c3f-4b3b-89ff-b3d5b30db03c:192.168.30.6:42530, 122f6aff-2eb5-468d-983a-428122ab2ecb:192.168.30.6:37875, a8928fd9-7185-4781-af55-fc9b1af75c2e:192.168.30.6:33533], old=null at 0
2019-10-01 06:23:16,604 [grpc-default-executor-5] INFO  segmented.SegmentedRaftLogWorker (SegmentedRaftLogWorker.java:startLogSegment(385)) - a8928fd9-7185-4781-af55-fc9b1af75c2e@group-A244812D2EEE-SegmentedRaftLogWorker: Starting segment from index:0
2019-10-01 06:23:16,604 [grpc-default-executor-8] INFO  impl.RaftServerImpl (ServerState.java:setRaftConf(356)) - 559da6ae-3c3f-4b3b-89ff-b3d5b30db03c@group-A244812D2EEE: set configuration 0: [559da6ae-3c3f-4b3b-89ff-b3d5b30db03c:192.168.30.6:42530, 122f6aff-2eb5-468d-983a-428122ab2ecb:192.168.30.6:37875, a8928fd9-7185-4781-af55-fc9b1af75c2e:192.168.30.6:33533], old=null at 0
2019-10-01 06:23:16,611 [grpc-default-executor-8] INFO  segmented.SegmentedRaftLogWorker (SegmentedRaftLogWorker.java:startLogSegment(385)) - 559da6ae-3c3f-4b3b-89ff-b3d5b30db03c@group-A244812D2EEE-SegmentedRaftLogWorker: Starting segment from index:0
2019-10-01 06:23:16,623 [122f6aff-2eb5-468d-983a-428122ab2ecb@group-A244812D2EEE-SegmentedRaftLogWorker] INFO  segmented.SegmentedRaftLogWorker (SegmentedRaftLogWorker.java:execute(574)) - 122f6aff-2eb5-468d-983a-428122ab2ecb@group-A244812D2EEE-SegmentedRaftLogWorker: created new log segment /workdir/hadoop-ozone/integration-test/target/test-dir/MiniOzoneClusterImpl-7b9204ab-7931-4724-b6ae-3e28cc8e7013/datanode-4/data/ratis/3a6bb618-05e0-4cb4-90c2-a244812d2eee/current/log_inprogress_0
2019-10-01 06:23:16,681 [559da6ae-3c3f-4b3b-89ff-b3d5b30db03c@group-A244812D2EEE-SegmentedRaftLogWorker] INFO  segmented.SegmentedRaftLogWorker (SegmentedRaftLogWorker.java:execute(574)) - 559da6ae-3c3f-4b3b-89ff-b3d5b30db03c@group-A244812D2EEE-SegmentedRaftLogWorker: created new log segment /workdir/hadoop-ozone/integration-test/target/test-dir/MiniOzoneClusterImpl-7b9204ab-7931-4724-b6ae-3e28cc8e7013/datanode-5/data/ratis/3a6bb618-05e0-4cb4-90c2-a244812d2eee/current/log_inprogress_0
2019-10-01 06:23:16,681 [a8928fd9-7185-4781-af55-fc9b1af75c2e@group-A244812D2EEE-SegmentedRaftLogWorker] INFO  segmented.SegmentedRaftLogWorker (SegmentedRaftLogWorker.java:execute(574)) - a8928fd9-7185-4781-af55-fc9b1af75c2e@group-A244812D2EEE-SegmentedRaftLogWorker: created new log segment /workdir/hadoop-ozone/integration-test/target/test-dir/MiniOzoneClusterImpl-7b9204ab-7931-4724-b6ae-3e28cc8e7013/datanode-3/data/ratis/3a6bb618-05e0-4cb4-90c2-a244812d2eee/current/log_inprogress_0
2019-10-01 06:23:17,713 [grpc-default-executor-5] WARN  server.GrpcLogAppender (LogUtils.java:warn(134)) - 33dfb9e4-5af7-48c0-aed2-49a098141a6c@group-3AEA3A3A61FF->b13a3cc5-7860-43cb-88ea-b527511dabf1-AppendLogResponseHandler: Failed appendEntries: org.apache.ratis.thirdparty.io.grpc.StatusRuntimeException: UNAVAILABLE: io exception
2019-10-01 06:23:17,713 [grpc-default-executor-5] INFO  impl.FollowerInfo (FollowerInfo.java:lambda$new$0(51)) - 33dfb9e4-5af7-48c0-aed2-49a098141a6c@group-3AEA3A3A61FF->b13a3cc5-7860-43cb-88ea-b527511dabf1: nextIndex: updateUnconditionally 0 -> 0
2019-10-01 06:23:17,757 [org.apache.ratis.server.impl.LogAppender$AppenderDaemon$$Lambda$468/98105606@504e1670] ERROR ratis.XceiverServerRatis (XceiverServerRatis.java:triggerPipelineClose(581)) - pipeline Action CLOSE  on pipeline PipelineID=fed2a675-0c8a-4eed-922b-3aea3a3a61ff.Reason : 33dfb9e4-5af7-48c0-aed2-49a098141a6c has not seen follower/s 25f8cd60-600d-4c27-9835-e918e1f0a30b for 125156ms
2019-10-01 06:23:17,759 [grpc-default-executor-5] WARN  server.GrpcLogAppender (LogUtils.java:warn(134)) - 33dfb9e4-5af7-48c0-aed2-49a098141a6c@group-3AEA3A3A61FF->25f8cd60-600d-4c27-9835-e918e1f0a30b-AppendLogResponseHandler: Failed appendEntries: org.apache.ratis.thirdparty.io.grpc.StatusRuntimeException: UNAVAILABLE: io exception
2019-10-01 06:23:17,759 [grpc-default-executor-5] INFO  impl.FollowerInfo (FollowerInfo.java:lambda$new$0(51)) - 33dfb9e4-5af7-48c0-aed2-49a098141a6c@group-3AEA3A3A61FF->25f8cd60-600d-4c27-9835-e918e1f0a30b: nextIndex: updateUnconditionally 0 -> 0
2019-10-01 06:23:17,949 [Datanode State Machine Thread - 0] INFO  statemachine.DatanodeStateMachine (DatanodeStateMachine.java:lambda$startDaemon$0(350)) - Ozone container server started.
2019-10-01 06:23:18,203 [EventQueue-PipelineActionsForPipelineActionHandler] ERROR pipeline.PipelineActionHandler (PipelineActionHandler.java:onMessage(60)) - Received pipeline action CLOSE for Pipeline[ Id: fed2a675-0c8a-4eed-922b-3aea3a3a61ff, Nodes: 25f8cd60-600d-4c27-9835-e918e1f0a30b{ip: 192.168.30.6, host: trunk-nightly-20191001-qpwks-271313263, networkLocation: /default-rack, certSerialId: null}b13a3cc5-7860-43cb-88ea-b527511dabf1{ip: 192.168.30.6, host: trunk-nightly-20191001-qpwks-271313263, networkLocation: /default-rack, certSerialId: null}33dfb9e4-5af7-48c0-aed2-49a098141a6c{ip: 192.168.30.6, host: trunk-nightly-20191001-qpwks-271313263, networkLocation: /default-rack, certSerialId: null}, Type:RATIS, Factor:THREE, State:CLOSED] from datanode 33dfb9e4-5af7-48c0-aed2-49a098141a6c{ip: 192.168.30.6, host: trunk-nightly-20191001-qpwks-271313263, networkLocation: /default-rack, certSerialId: null}. Reason : 33dfb9e4-5af7-48c0-aed2-49a098141a6c has not seen follower/s 25f8cd60-600d-4c27-9835-e918e1f0a30b for 125156ms
2019-10-01 06:23:18,204 [EventQueue-PipelineActionsForPipelineActionHandler] INFO  pipeline.SCMPipelineManager (SCMPipelineManager.java:finalizeAndDestroyPipeline(315)) - destroying pipeline:Pipeline[ Id: fed2a675-0c8a-4eed-922b-3aea3a3a61ff, Nodes: 25f8cd60-600d-4c27-9835-e918e1f0a30b{ip: 192.168.30.6, host: trunk-nightly-20191001-qpwks-271313263, networkLocation: /default-rack, certSerialId: null}b13a3cc5-7860-43cb-88ea-b527511dabf1{ip: 192.168.30.6, host: trunk-nightly-20191001-qpwks-271313263, networkLocation: /default-rack, certSerialId: null}33dfb9e4-5af7-48c0-aed2-49a098141a6c{ip: 192.168.30.6, host: trunk-nightly-20191001-qpwks-271313263, networkLocation: /default-rack, certSerialId: null}, Type:RATIS, Factor:THREE, State:CLOSED]
2019-10-01 06:23:20,214 [grpc-default-executor-5] WARN  server.GrpcLogAppender (LogUtils.java:warn(134)) - 33dfb9e4-5af7-48c0-aed2-49a098141a6c@group-3AEA3A3A61FF->b13a3cc5-7860-43cb-88ea-b527511dabf1-AppendLogResponseHandler: Failed appendEntries: org.apache.ratis.thirdparty.io.grpc.StatusRuntimeException: UNAVAILABLE: io exception
2019-10-01 06:23:20,222 [grpc-default-executor-5] INFO  impl.FollowerInfo (FollowerInfo.java:lambda$new$0(51)) - 33dfb9e4-5af7-48c0-aed2-49a098141a6c@group-3AEA3A3A61FF->b13a3cc5-7860-43cb-88ea-b527511dabf1: nextIndex: updateUnconditionally 0 -> 0
2019-10-01 06:23:20,258 [org.apache.ratis.server.impl.LogAppender$AppenderDaemon$$Lambda$468/98105606@504e1670] ERROR ratis.XceiverServerRatis (XceiverServerRatis.java:triggerPipelineClose(581)) - pipeline Action CLOSE  on pipeline PipelineID=fed2a675-0c8a-4eed-922b-3aea3a3a61ff.Reason : 33dfb9e4-5af7-48c0-aed2-49a098141a6c has not seen follower/s 25f8cd60-600d-4c27-9835-e918e1f0a30b for 127657ms
2019-10-01 06:23:20,288 [grpc-default-executor-3] WARN  server.GrpcLogAppender (LogUtils.java:warn(134)) - 33dfb9e4-5af7-48c0-aed2-49a098141a6c@group-3AEA3A3A61FF->25f8cd60-600d-4c27-9835-e918e1f0a30b-AppendLogResponseHandler: Failed appendEntries: org.apache.ratis.thirdparty.io.grpc.StatusRuntimeException: UNAVAILABLE: io exception
2019-10-01 06:23:20,294 [grpc-default-executor-3] INFO  impl.FollowerInfo (FollowerInfo.java:lambda$new$0(51)) - 33dfb9e4-5af7-48c0-aed2-49a098141a6c@group-3AEA3A3A61FF->25f8cd60-600d-4c27-9835-e918e1f0a30b: nextIndex: updateUnconditionally 0 -> 0
2019-10-01 06:23:20,995 [Thread-2763] INFO  impl.FollowerState (FollowerState.java:run(108)) - 33dfb9e4-5af7-48c0-aed2-49a098141a6c@group-DF7814A3CEC0-FollowerState: change to CANDIDATE, lastRpcTime:5132ms, electionTimeout:5132ms
2019-10-01 06:23:20,995 [Thread-2763] INFO  impl.RoleInfo (RoleInfo.java:shutdownFollowerState(121)) - 33dfb9e4-5af7-48c0-aed2-49a098141a6c: shutdown FollowerState
2019-10-01 06:23:20,996 [Thread-2763] INFO  impl.RaftServerImpl (RaftServerImpl.java:setRole(170)) - 33dfb9e4-5af7-48c0-aed2-49a098141a6c@group-DF7814A3CEC0: changes role from  FOLLOWER to CANDIDATE at term 3 for changeToCandidate
2019-10-01 06:23:20,996 [Thread-2763] INFO  impl.RoleInfo (RoleInfo.java:updateAndGet(143)) - 33dfb9e4-5af7-48c0-aed2-49a098141a6c: start LeaderElection
2019-10-01 06:23:21,026 [33dfb9e4-5af7-48c0-aed2-49a098141a6c@group-DF7814A3CEC0-LeaderElection104] INFO  impl.LeaderElection (LeaderElection.java:askForVotes(178)) - 33dfb9e4-5af7-48c0-aed2-49a098141a6c@group-DF7814A3CEC0-LeaderElection104: begin an election at term 4 for -1: [b13a3cc5-7860-43cb-88ea-b527511dabf1:192.168.30.6:44781, 12b52986-f812-4a0e-b5ca-19605aac5ce5:192.168.30.6:35515, 33dfb9e4-5af7-48c0-aed2-49a098141a6c:192.168.30.6:41425], old=null
2019-10-01 06:23:21,028 [33dfb9e4-5af7-48c0-aed2-49a098141a6c@group-DF7814A3CEC0-LeaderElection104] INFO  impl.LeaderElection (LogUtils.java:infoOrTrace(149)) - 33dfb9e4-5af7-48c0-aed2-49a098141a6c@group-DF7814A3CEC0-LeaderElection104 got exception when requesting votes: {}
java.util.concurrent.ExecutionException: org.apache.ratis.thirdparty.io.grpc.StatusRuntimeException: UNAVAILABLE: io exception
	at java.util.concurrent.FutureTask.report(FutureTask.java:122)
	at java.util.concurrent.FutureTask.get(FutureTask.java:192)
	at org.apache.ratis.server.impl.LeaderElection.waitForResults(LeaderElection.java:259)
	at org.apache.ratis.server.impl.LeaderElection.askForVotes(LeaderElection.java:197)
	at org.apache.ratis.server.impl.LeaderElection.run(LeaderElection.java:133)
	at java.lang.Thread.run(Thread.java:748)
Caused by: org.apache.ratis.thirdparty.io.grpc.StatusRuntimeException: UNAVAILABLE: io exception
	at org.apache.ratis.thirdparty.io.grpc.stub.ClientCalls.toStatusRuntimeException(ClientCalls.java:233)
	at org.apache.ratis.thirdparty.io.grpc.stub.ClientCalls.getUnchecked(ClientCalls.java:214)
	at org.apache.ratis.thirdparty.io.grpc.stub.ClientCalls.blockingUnaryCall(ClientCalls.java:139)
	at org.apache.ratis.proto.grpc.RaftServerProtocolServiceGrpc$RaftServerProtocolServiceBlockingStub.requestVote(RaftServerProtocolServiceGrpc.java:265)
	at org.apache.ratis.grpc.server.GrpcServerProtocolClient.requestVote(GrpcServerProtocolClient.java:99)
	at org.apache.ratis.grpc.server.GrpcService.requestVote(GrpcService.java:204)
	at org.apache.ratis.server.impl.LeaderElection.lambda$submitRequests$1(LeaderElection.java:234)
	at java.util.concurrent.FutureTask.run(FutureTask.java:266)
	at java.util.concurrent.Executors$RunnableAdapter.call(Executors.java:511)
	at java.util.concurrent.FutureTask.run(FutureTask.java:266)
	at java.util.concurrent.ThreadPoolExecutor.runWorker(ThreadPoolExecutor.java:1149)
	at java.util.concurrent.ThreadPoolExecutor$Worker.run(ThreadPoolExecutor.java:624)
	... 1 more
Caused by: org.apache.ratis.thirdparty.io.netty.channel.AbstractChannel$AnnotatedConnectException: Connection refused: /192.168.30.6:44781
	at sun.nio.ch.SocketChannelImpl.checkConnect(Native Method)
	at sun.nio.ch.SocketChannelImpl.finishConnect(SocketChannelImpl.java:717)
	at org.apache.ratis.thirdparty.io.netty.channel.socket.nio.NioSocketChannel.doFinishConnect(NioSocketChannel.java:327)
	at org.apache.ratis.thirdparty.io.netty.channel.nio.AbstractNioChannel$AbstractNioUnsafe.finishConnect(AbstractNioChannel.java:340)
	at org.apache.ratis.thirdparty.io.netty.channel.nio.NioEventLoop.processSelectedKey(NioEventLoop.java:632)
	at org.apache.ratis.thirdparty.io.netty.channel.nio.NioEventLoop.processSelectedKeysOptimized(NioEventLoop.java:579)
	at org.apache.ratis.thirdparty.io.netty.channel.nio.NioEventLoop.processSelectedKeys(NioEventLoop.java:496)
	at org.apache.ratis.thirdparty.io.netty.channel.nio.NioEventLoop.run(NioEventLoop.java:458)
	at org.apache.ratis.thirdparty.io.netty.util.concurrent.SingleThreadEventExecutor$5.run(SingleThreadEventExecutor.java:897)
	at org.apache.ratis.thirdparty.io.netty.util.concurrent.FastThreadLocalRunnable.run(FastThreadLocalRunnable.java:30)
	... 1 more
Caused by: java.net.ConnectException: Connection refused
	... 11 more
2019-10-01 06:23:21,033 [grpc-default-executor-3] WARN  server.GrpcServerProtocolService (LogUtils.java:warn(136)) - 12b52986-f812-4a0e-b5ca-19605aac5ce5: Failed requestVote 33dfb9e4-5af7-48c0-aed2-49a098141a6c->12b52986-f812-4a0e-b5ca-19605aac5ce5#0
org.apache.ratis.protocol.GroupMismatchException: 12b52986-f812-4a0e-b5ca-19605aac5ce5: group-DF7814A3CEC0 not found.
	at org.apache.ratis.server.impl.RaftServerProxy$ImplMap.get(RaftServerProxy.java:122)
	at org.apache.ratis.server.impl.RaftServerProxy.getImplFuture(RaftServerProxy.java:269)
	at org.apache.ratis.server.impl.RaftServerProxy.getImpl(RaftServerProxy.java:278)
	at org.apache.ratis.server.impl.RaftServerProxy.getImpl(RaftServerProxy.java:273)
	at org.apache.ratis.server.impl.RaftServerProxy.requestVote(RaftServerProxy.java:443)
	at org.apache.ratis.grpc.server.GrpcServerProtocolService.requestVote(GrpcServerProtocolService.java:142)
	at org.apache.ratis.proto.grpc.RaftServerProtocolServiceGrpc$MethodHandlers.invoke(RaftServerProtocolServiceGrpc.java:319)
	at org.apache.ratis.thirdparty.io.grpc.stub.ServerCalls$UnaryServerCallHandler$UnaryServerCallListener.onHalfClose(ServerCalls.java:171)
	at org.apache.ratis.thirdparty.io.grpc.internal.ServerCallImpl$ServerStreamListenerImpl.halfClosed(ServerCallImpl.java:283)
	at org.apache.ratis.thirdparty.io.grpc.internal.ServerImpl$JumpToApplicationThreadServerStreamListener$1HalfClosed.runInContext(ServerImpl.java:710)
	at org.apache.ratis.thirdparty.io.grpc.internal.ContextRunnable.run(ContextRunnable.java:37)
	at org.apache.ratis.thirdparty.io.grpc.internal.SerializingExecutor.run(SerializingExecutor.java:123)
	at java.util.concurrent.ThreadPoolExecutor.runWorker(ThreadPoolExecutor.java:1149)
	at java.util.concurrent.ThreadPoolExecutor$Worker.run(ThreadPoolExecutor.java:624)
	at java.lang.Thread.run(Thread.java:748)
2019-10-01 06:23:21,036 [33dfb9e4-5af7-48c0-aed2-49a098141a6c@group-DF7814A3CEC0-LeaderElection104] INFO  impl.LeaderElection (LogUtils.java:infoOrTrace(149)) - 33dfb9e4-5af7-48c0-aed2-49a098141a6c@group-DF7814A3CEC0-LeaderElection104 got exception when requesting votes: {}
java.util.concurrent.ExecutionException: org.apache.ratis.thirdparty.io.grpc.StatusRuntimeException: INTERNAL: 12b52986-f812-4a0e-b5ca-19605aac5ce5: group-DF7814A3CEC0 not found.
	at java.util.concurrent.FutureTask.report(FutureTask.java:122)
	at java.util.concurrent.FutureTask.get(FutureTask.java:192)
	at org.apache.ratis.server.impl.LeaderElection.waitForResults(LeaderElection.java:259)
	at org.apache.ratis.server.impl.LeaderElection.askForVotes(LeaderElection.java:197)
	at org.apache.ratis.server.impl.LeaderElection.run(LeaderElection.java:133)
	at java.lang.Thread.run(Thread.java:748)
Caused by: org.apache.ratis.thirdparty.io.grpc.StatusRuntimeException: INTERNAL: 12b52986-f812-4a0e-b5ca-19605aac5ce5: group-DF7814A3CEC0 not found.
	at org.apache.ratis.thirdparty.io.grpc.stub.ClientCalls.toStatusRuntimeException(ClientCalls.java:233)
	at org.apache.ratis.thirdparty.io.grpc.stub.ClientCalls.getUnchecked(ClientCalls.java:214)
	at org.apache.ratis.thirdparty.io.grpc.stub.ClientCalls.blockingUnaryCall(ClientCalls.java:139)
	at org.apache.ratis.proto.grpc.RaftServerProtocolServiceGrpc$RaftServerProtocolServiceBlockingStub.requestVote(RaftServerProtocolServiceGrpc.java:265)
	at org.apache.ratis.grpc.server.GrpcServerProtocolClient.requestVote(GrpcServerProtocolClient.java:99)
	at org.apache.ratis.grpc.server.GrpcService.requestVote(GrpcService.java:204)
	at org.apache.ratis.server.impl.LeaderElection.lambda$submitRequests$1(LeaderElection.java:234)
	at java.util.concurrent.FutureTask.run(FutureTask.java:266)
	at java.util.concurrent.Executors$RunnableAdapter.call(Executors.java:511)
	at java.util.concurrent.FutureTask.run(FutureTask.java:266)
	at java.util.concurrent.ThreadPoolExecutor.runWorker(ThreadPoolExecutor.java:1149)
	at java.util.concurrent.ThreadPoolExecutor$Worker.run(ThreadPoolExecutor.java:624)
	... 1 more
2019-10-01 06:23:21,041 [33dfb9e4-5af7-48c0-aed2-49a098141a6c@group-DF7814A3CEC0-LeaderElection104] INFO  impl.LeaderElection (LeaderElection.java:logAndReturn(56)) - 33dfb9e4-5af7-48c0-aed2-49a098141a6c@group-DF7814A3CEC0-LeaderElection104: Election REJECTED; received 0 response(s) [] and 2 exception(s); 33dfb9e4-5af7-48c0-aed2-49a098141a6c@group-DF7814A3CEC0:t4, leader=null, voted=33dfb9e4-5af7-48c0-aed2-49a098141a6c, raftlog=33dfb9e4-5af7-48c0-aed2-49a098141a6c@group-DF7814A3CEC0-SegmentedRaftLog:OPENED:c-1,f-1,i0, conf=-1: [b13a3cc5-7860-43cb-88ea-b527511dabf1:192.168.30.6:44781, 12b52986-f812-4a0e-b5ca-19605aac5ce5:192.168.30.6:35515, 33dfb9e4-5af7-48c0-aed2-49a098141a6c:192.168.30.6:41425], old=null
2019-10-01 06:23:21,041 [33dfb9e4-5af7-48c0-aed2-49a098141a6c@group-DF7814A3CEC0-LeaderElection104] INFO  impl.LeaderElection (LogUtils.java:infoOrTrace(149)) -   Exception 0: {}
java.util.concurrent.ExecutionException: org.apache.ratis.thirdparty.io.grpc.StatusRuntimeException: UNAVAILABLE: io exception
	at java.util.concurrent.FutureTask.report(FutureTask.java:122)
	at java.util.concurrent.FutureTask.get(FutureTask.java:192)
	at org.apache.ratis.server.impl.LeaderElection.waitForResults(LeaderElection.java:259)
	at org.apache.ratis.server.impl.LeaderElection.askForVotes(LeaderElection.java:197)
	at org.apache.ratis.server.impl.LeaderElection.run(LeaderElection.java:133)
	at java.lang.Thread.run(Thread.java:748)
Caused by: org.apache.ratis.thirdparty.io.grpc.StatusRuntimeException: UNAVAILABLE: io exception
	at org.apache.ratis.thirdparty.io.grpc.stub.ClientCalls.toStatusRuntimeException(ClientCalls.java:233)
	at org.apache.ratis.thirdparty.io.grpc.stub.ClientCalls.getUnchecked(ClientCalls.java:214)
	at org.apache.ratis.thirdparty.io.grpc.stub.ClientCalls.blockingUnaryCall(ClientCalls.java:139)
	at org.apache.ratis.proto.grpc.RaftServerProtocolServiceGrpc$RaftServerProtocolServiceBlockingStub.requestVote(RaftServerProtocolServiceGrpc.java:265)
	at org.apache.ratis.grpc.server.GrpcServerProtocolClient.requestVote(GrpcServerProtocolClient.java:99)
	at org.apache.ratis.grpc.server.GrpcService.requestVote(GrpcService.java:204)
	at org.apache.ratis.server.impl.LeaderElection.lambda$submitRequests$1(LeaderElection.java:234)
	at java.util.concurrent.FutureTask.run(FutureTask.java:266)
	at java.util.concurrent.Executors$RunnableAdapter.call(Executors.java:511)
	at java.util.concurrent.FutureTask.run(FutureTask.java:266)
	at java.util.concurrent.ThreadPoolExecutor.runWorker(ThreadPoolExecutor.java:1149)
	at java.util.concurrent.ThreadPoolExecutor$Worker.run(ThreadPoolExecutor.java:624)
	... 1 more
Caused by: org.apache.ratis.thirdparty.io.netty.channel.AbstractChannel$AnnotatedConnectException: Connection refused: /192.168.30.6:44781
	at sun.nio.ch.SocketChannelImpl.checkConnect(Native Method)
	at sun.nio.ch.SocketChannelImpl.finishConnect(SocketChannelImpl.java:717)
	at org.apache.ratis.thirdparty.io.netty.channel.socket.nio.NioSocketChannel.doFinishConnect(NioSocketChannel.java:327)
	at org.apache.ratis.thirdparty.io.netty.channel.nio.AbstractNioChannel$AbstractNioUnsafe.finishConnect(AbstractNioChannel.java:340)
	at org.apache.ratis.thirdparty.io.netty.channel.nio.NioEventLoop.processSelectedKey(NioEventLoop.java:632)
	at org.apache.ratis.thirdparty.io.netty.channel.nio.NioEventLoop.processSelectedKeysOptimized(NioEventLoop.java:579)
	at org.apache.ratis.thirdparty.io.netty.channel.nio.NioEventLoop.processSelectedKeys(NioEventLoop.java:496)
	at org.apache.ratis.thirdparty.io.netty.channel.nio.NioEventLoop.run(NioEventLoop.java:458)
	at org.apache.ratis.thirdparty.io.netty.util.concurrent.SingleThreadEventExecutor$5.run(SingleThreadEventExecutor.java:897)
	at org.apache.ratis.thirdparty.io.netty.util.concurrent.FastThreadLocalRunnable.run(FastThreadLocalRunnable.java:30)
	... 1 more
Caused by: java.net.ConnectException: Connection refused
	... 11 more
2019-10-01 06:23:21,042 [33dfb9e4-5af7-48c0-aed2-49a098141a6c@group-DF7814A3CEC0-LeaderElection104] INFO  impl.LeaderElection (LogUtils.java:infoOrTrace(149)) -   Exception 1: {}
java.util.concurrent.ExecutionException: org.apache.ratis.thirdparty.io.grpc.StatusRuntimeException: INTERNAL: 12b52986-f812-4a0e-b5ca-19605aac5ce5: group-DF7814A3CEC0 not found.
	at java.util.concurrent.FutureTask.report(FutureTask.java:122)
	at java.util.concurrent.FutureTask.get(FutureTask.java:192)
	at org.apache.ratis.server.impl.LeaderElection.waitForResults(LeaderElection.java:259)
	at org.apache.ratis.server.impl.LeaderElection.askForVotes(LeaderElection.java:197)
	at org.apache.ratis.server.impl.LeaderElection.run(LeaderElection.java:133)
	at java.lang.Thread.run(Thread.java:748)
Caused by: org.apache.ratis.thirdparty.io.grpc.StatusRuntimeException: INTERNAL: 12b52986-f812-4a0e-b5ca-19605aac5ce5: group-DF7814A3CEC0 not found.
	at org.apache.ratis.thirdparty.io.grpc.stub.ClientCalls.toStatusRuntimeException(ClientCalls.java:233)
	at org.apache.ratis.thirdparty.io.grpc.stub.ClientCalls.getUnchecked(ClientCalls.java:214)
	at org.apache.ratis.thirdparty.io.grpc.stub.ClientCalls.blockingUnaryCall(ClientCalls.java:139)
	at org.apache.ratis.proto.grpc.RaftServerProtocolServiceGrpc$RaftServerProtocolServiceBlockingStub.requestVote(RaftServerProtocolServiceGrpc.java:265)
	at org.apache.ratis.grpc.server.GrpcServerProtocolClient.requestVote(GrpcServerProtocolClient.java:99)
	at org.apache.ratis.grpc.server.GrpcService.requestVote(GrpcService.java:204)
	at org.apache.ratis.server.impl.LeaderElection.lambda$submitRequests$1(LeaderElection.java:234)
	at java.util.concurrent.FutureTask.run(FutureTask.java:266)
	at java.util.concurrent.Executors$RunnableAdapter.call(Executors.java:511)
	at java.util.concurrent.FutureTask.run(FutureTask.java:266)
	at java.util.concurrent.ThreadPoolExecutor.runWorker(ThreadPoolExecutor.java:1149)
	at java.util.concurrent.ThreadPoolExecutor$Worker.run(ThreadPoolExecutor.java:624)
	... 1 more
2019-10-01 06:23:21,042 [33dfb9e4-5af7-48c0-aed2-49a098141a6c@group-DF7814A3CEC0-LeaderElection104] INFO  impl.RaftServerImpl (RaftServerImpl.java:setRole(170)) - 33dfb9e4-5af7-48c0-aed2-49a098141a6c@group-DF7814A3CEC0: changes role from CANDIDATE to FOLLOWER at term 4 for DISCOVERED_A_NEW_TERM
2019-10-01 06:23:21,042 [33dfb9e4-5af7-48c0-aed2-49a098141a6c@group-DF7814A3CEC0-LeaderElection104] INFO  impl.RoleInfo (RoleInfo.java:shutdownLeaderElection(134)) - 33dfb9e4-5af7-48c0-aed2-49a098141a6c: shutdown LeaderElection
2019-10-01 06:23:21,042 [33dfb9e4-5af7-48c0-aed2-49a098141a6c@group-DF7814A3CEC0-LeaderElection104] INFO  impl.RoleInfo (RoleInfo.java:updateAndGet(143)) - 33dfb9e4-5af7-48c0-aed2-49a098141a6c: start FollowerState
2019-10-01 06:23:21,205 [EventQueue-PipelineActionsForPipelineActionHandler] ERROR pipeline.PipelineActionHandler (PipelineActionHandler.java:onMessage(60)) - Received pipeline action CLOSE for Pipeline[ Id: fed2a675-0c8a-4eed-922b-3aea3a3a61ff, Nodes: 25f8cd60-600d-4c27-9835-e918e1f0a30b{ip: 192.168.30.6, host: trunk-nightly-20191001-qpwks-271313263, networkLocation: /default-rack, certSerialId: null}b13a3cc5-7860-43cb-88ea-b527511dabf1{ip: 192.168.30.6, host: trunk-nightly-20191001-qpwks-271313263, networkLocation: /default-rack, certSerialId: null}33dfb9e4-5af7-48c0-aed2-49a098141a6c{ip: 192.168.30.6, host: trunk-nightly-20191001-qpwks-271313263, networkLocation: /default-rack, certSerialId: null}, Type:RATIS, Factor:THREE, State:CLOSED] from datanode 33dfb9e4-5af7-48c0-aed2-49a098141a6c{ip: 192.168.30.6, host: trunk-nightly-20191001-qpwks-271313263, networkLocation: /default-rack, certSerialId: null}. Reason : 33dfb9e4-5af7-48c0-aed2-49a098141a6c has not seen follower/s 25f8cd60-600d-4c27-9835-e918e1f0a30b for 127657ms
2019-10-01 06:23:21,220 [EventQueue-PipelineActionsForPipelineActionHandler] INFO  pipeline.SCMPipelineManager (SCMPipelineManager.java:finalizeAndDestroyPipeline(315)) - destroying pipeline:Pipeline[ Id: fed2a675-0c8a-4eed-922b-3aea3a3a61ff, Nodes: 25f8cd60-600d-4c27-9835-e918e1f0a30b{ip: 192.168.30.6, host: trunk-nightly-20191001-qpwks-271313263, networkLocation: /default-rack, certSerialId: null}b13a3cc5-7860-43cb-88ea-b527511dabf1{ip: 192.168.30.6, host: trunk-nightly-20191001-qpwks-271313263, networkLocation: /default-rack, certSerialId: null}33dfb9e4-5af7-48c0-aed2-49a098141a6c{ip: 192.168.30.6, host: trunk-nightly-20191001-qpwks-271313263, networkLocation: /default-rack, certSerialId: null}, Type:RATIS, Factor:THREE, State:CLOSED]
2019-10-01 06:23:21,966 [main] INFO  ozoneimpl.OzoneContainer (OzoneContainer.java:stop(231)) - Attempting to stop container services.
2019-10-01 06:23:21,973 [main] INFO  impl.RaftServerProxy (RaftServerProxy.java:lambda$close$4(314)) - efd9ac6f-ff5e-4968-a08a-87ccf28a484c: close
2019-10-01 06:23:21,974 [main] INFO  impl.RaftServerImpl (RaftServerImpl.java:lambda$shutdown$3(247)) - efd9ac6f-ff5e-4968-a08a-87ccf28a484c@group-BC6942A48A20: shutdown
2019-10-01 06:23:21,974 [main] INFO  util.JmxRegister (JmxRegister.java:unregister(73)) - Successfully un-registered JMX Bean with object name Ratis:service=RaftServer,group=group-BC6942A48A20,id=efd9ac6f-ff5e-4968-a08a-87ccf28a484c
2019-10-01 06:23:21,974 [main] INFO  impl.RoleInfo (RoleInfo.java:shutdownLeaderState(104)) - efd9ac6f-ff5e-4968-a08a-87ccf28a484c: shutdown LeaderState
2019-10-01 06:23:21,975 [main] INFO  impl.PendingRequests (PendingRequests.java:sendNotLeaderResponses(202)) - efd9ac6f-ff5e-4968-a08a-87ccf28a484c@group-BC6942A48A20-PendingRequests: sendNotLeaderResponses
2019-10-01 06:23:21,975 [main] INFO  impl.StateMachineUpdater (StateMachineUpdater.java:stopAndJoin(136)) - efd9ac6f-ff5e-4968-a08a-87ccf28a484c@group-BC6942A48A20-StateMachineUpdater: set stopIndex = 0
2019-10-01 06:23:21,976 [main] INFO  impl.RaftServerImpl (ServerState.java:close(387)) - efd9ac6f-ff5e-4968-a08a-87ccf28a484c@group-BC6942A48A20: closes. applyIndex: 0
2019-10-01 06:23:21,976 [efd9ac6f-ff5e-4968-a08a-87ccf28a484c@group-BC6942A48A20-SegmentedRaftLogWorker] INFO  segmented.SegmentedRaftLogWorker (SegmentedRaftLogWorker.java:run(316)) - efd9ac6f-ff5e-4968-a08a-87ccf28a484c@group-BC6942A48A20-SegmentedRaftLogWorker was interrupted, exiting. There are 0 tasks remaining in the queue.
2019-10-01 06:23:21,985 [main] INFO  segmented.SegmentedRaftLogWorker (SegmentedRaftLogWorker.java:close(224)) - efd9ac6f-ff5e-4968-a08a-87ccf28a484c@group-BC6942A48A20-SegmentedRaftLogWorker close()
2019-10-01 06:23:21,992 [main] INFO  impl.RaftServerImpl (RaftServerImpl.java:lambda$shutdown$3(247)) - efd9ac6f-ff5e-4968-a08a-87ccf28a484c@group-19B9CE210203: shutdown
2019-10-01 06:23:21,992 [main] INFO  util.JmxRegister (JmxRegister.java:unregister(73)) - Successfully un-registered JMX Bean with object name Ratis:service=RaftServer,group=group-19B9CE210203,id=efd9ac6f-ff5e-4968-a08a-87ccf28a484c
2019-10-01 06:23:21,993 [main] INFO  impl.RoleInfo (RoleInfo.java:shutdownLeaderState(104)) - efd9ac6f-ff5e-4968-a08a-87ccf28a484c: shutdown LeaderState
2019-10-01 06:23:22,000 [main] INFO  impl.PendingRequests (PendingRequests.java:sendNotLeaderResponses(202)) - efd9ac6f-ff5e-4968-a08a-87ccf28a484c@group-19B9CE210203-PendingRequests: sendNotLeaderResponses
2019-10-01 06:23:22,000 [org.apache.ratis.server.impl.LogAppender$AppenderDaemon$$Lambda$468/98105606@cf1248e] WARN  server.GrpcLogAppender (GrpcLogAppender.java:mayWait(143)) - efd9ac6f-ff5e-4968-a08a-87ccf28a484c@group-19B9CE210203->e7934135-fd47-404e-892b-137bed43e7da-GrpcLogAppender: Wait interrupted by java.lang.InterruptedException
2019-10-01 06:23:22,000 [org.apache.ratis.server.impl.LogAppender$AppenderDaemon$$Lambda$468/98105606@1122835c] WARN  server.GrpcLogAppender (GrpcLogAppender.java:mayWait(143)) - efd9ac6f-ff5e-4968-a08a-87ccf28a484c@group-19B9CE210203->aaa00b68-949c-4488-a5cf-23a59052fdec-GrpcLogAppender: Wait interrupted by java.lang.InterruptedException
2019-10-01 06:23:22,014 [grpc-default-executor-5] INFO  server.GrpcServerProtocolService (GrpcServerProtocolService.java:onCompleted(113)) - e7934135-fd47-404e-892b-137bed43e7da: Completed APPEND_ENTRIES, lastRequest: efd9ac6f-ff5e-4968-a08a-87ccf28a484c->e7934135-fd47-404e-892b-137bed43e7da#5-t1, previous=(t:1, i:2), leaderCommit=2, initializing? false, entries: <empty>
2019-10-01 06:23:22,014 [main] INFO  impl.StateMachineUpdater (StateMachineUpdater.java:stopAndJoin(136)) - efd9ac6f-ff5e-4968-a08a-87ccf28a484c@group-19B9CE210203-StateMachineUpdater: set stopIndex = 2
2019-10-01 06:23:22,018 [grpc-default-executor-8] INFO  server.GrpcLogAppender (GrpcLogAppender.java:onCompleted(293)) - efd9ac6f-ff5e-4968-a08a-87ccf28a484c@group-19B9CE210203->e7934135-fd47-404e-892b-137bed43e7da-AppendLogResponseHandler: follower responses appendEntries COMPLETED
2019-10-01 06:23:22,014 [grpc-default-executor-3] INFO  server.GrpcServerProtocolService (GrpcServerProtocolService.java:onCompleted(113)) - aaa00b68-949c-4488-a5cf-23a59052fdec: Completed APPEND_ENTRIES, lastRequest: efd9ac6f-ff5e-4968-a08a-87ccf28a484c->aaa00b68-949c-4488-a5cf-23a59052fdec#5-t1, previous=(t:1, i:2), leaderCommit=2, initializing? false, entries: <empty>
2019-10-01 06:23:22,014 [efd9ac6f-ff5e-4968-a08a-87ccf28a484c@group-19B9CE210203-StateMachineUpdater] INFO  ratis.ContainerStateMachine (ContainerStateMachine.java:takeSnapshot(289)) - group-19B9CE210203: Taking a snapshot at:(t:1, i:2) file /workdir/hadoop-ozone/integration-test/target/test-dir/MiniOzoneClusterImpl-7b9204ab-7931-4724-b6ae-3e28cc8e7013/datanode-0/data/ratis/1c9ba707-c601-4044-9cb8-19b9ce210203/sm/snapshot.1_2
2019-10-01 06:23:22,018 [grpc-default-executor-8] INFO  impl.FollowerInfo (FollowerInfo.java:lambda$new$0(51)) - efd9ac6f-ff5e-4968-a08a-87ccf28a484c@group-19B9CE210203->e7934135-fd47-404e-892b-137bed43e7da: nextIndex: updateUnconditionally 3 -> 2
2019-10-01 06:23:22,018 [grpc-default-executor-3] INFO  server.GrpcLogAppender (GrpcLogAppender.java:onCompleted(293)) - efd9ac6f-ff5e-4968-a08a-87ccf28a484c@group-19B9CE210203->aaa00b68-949c-4488-a5cf-23a59052fdec-AppendLogResponseHandler: follower responses appendEntries COMPLETED
2019-10-01 06:23:22,019 [grpc-default-executor-3] INFO  impl.FollowerInfo (FollowerInfo.java:lambda$new$0(51)) - efd9ac6f-ff5e-4968-a08a-87ccf28a484c@group-19B9CE210203->aaa00b68-949c-4488-a5cf-23a59052fdec: nextIndex: updateUnconditionally 3 -> 2
2019-10-01 06:23:22,042 [efd9ac6f-ff5e-4968-a08a-87ccf28a484c@group-19B9CE210203-StateMachineUpdater] INFO  ratis.ContainerStateMachine (ContainerStateMachine.java:takeSnapshot(300)) - group-19B9CE210203: Finished taking a snapshot at:(t:1, i:2) file:/workdir/hadoop-ozone/integration-test/target/test-dir/MiniOzoneClusterImpl-7b9204ab-7931-4724-b6ae-3e28cc8e7013/datanode-0/data/ratis/1c9ba707-c601-4044-9cb8-19b9ce210203/sm/snapshot.1_2 time:28
2019-10-01 06:23:22,042 [efd9ac6f-ff5e-4968-a08a-87ccf28a484c@group-19B9CE210203-StateMachineUpdater] INFO  impl.StateMachineUpdater (StateMachineUpdater.java:takeSnapshot(269)) - efd9ac6f-ff5e-4968-a08a-87ccf28a484c@group-19B9CE210203-StateMachineUpdater: Took a snapshot at index 2
2019-10-01 06:23:22,042 [efd9ac6f-ff5e-4968-a08a-87ccf28a484c@group-19B9CE210203-StateMachineUpdater] INFO  impl.StateMachineUpdater (StateMachineUpdater.java:lambda$new$0(84)) - efd9ac6f-ff5e-4968-a08a-87ccf28a484c@group-19B9CE210203-StateMachineUpdater: snapshotIndex: updateIncreasingly -1 -> 2
2019-10-01 06:23:22,043 [main] INFO  impl.RaftServerImpl (ServerState.java:close(387)) - efd9ac6f-ff5e-4968-a08a-87ccf28a484c@group-19B9CE210203: closes. applyIndex: 2
2019-10-01 06:23:22,043 [efd9ac6f-ff5e-4968-a08a-87ccf28a484c@group-19B9CE210203-SegmentedRaftLogWorker] INFO  segmented.SegmentedRaftLogWorker (SegmentedRaftLogWorker.java:run(316)) - efd9ac6f-ff5e-4968-a08a-87ccf28a484c@group-19B9CE210203-SegmentedRaftLogWorker was interrupted, exiting. There are 0 tasks remaining in the queue.
2019-10-01 06:23:22,047 [main] INFO  segmented.SegmentedRaftLogWorker (SegmentedRaftLogWorker.java:close(224)) - efd9ac6f-ff5e-4968-a08a-87ccf28a484c@group-19B9CE210203-SegmentedRaftLogWorker close()
2019-10-01 06:23:22,055 [main] INFO  server.GrpcService (GrpcService.java:closeImpl(164)) - efd9ac6f-ff5e-4968-a08a-87ccf28a484c: shutdown server with port 32768 now
2019-10-01 06:23:22,055 [main] INFO  server.GrpcService (GrpcService.java:closeImpl(172)) - efd9ac6f-ff5e-4968-a08a-87ccf28a484c: shutdown server with port 32768 successfully
2019-10-01 06:23:22,057 [refreshUsed-/workdir/hadoop-ozone/integration-test/target/test-dir/MiniOzoneClusterImpl-7b9204ab-7931-4724-b6ae-3e28cc8e7013/datanode-0/data/containers] WARN  fs.CachingGetSpaceUsed (CachingGetSpaceUsed.java:run(183)) - Thread Interrupted waiting to refresh disk information: sleep interrupted
2019-10-01 06:23:22,074 [main] INFO  utils.BackgroundService (BackgroundService.java:shutdown(148)) - Shutting down service BlockDeletingService
2019-10-01 06:23:22,114 [main] INFO  statemachine.DatanodeStateMachine (DatanodeStateMachine.java:stopDaemon(395)) - Ozone container server stopped.
2019-10-01 06:23:22,116 [main] INFO  handler.ContextHandler (ContextHandler.java:doStop(910)) - Stopped o.e.j.w.WebAppContext@62cbc478{/,null,UNAVAILABLE}{/hddsDatanode}
2019-10-01 06:23:22,116 [main] INFO  server.AbstractConnector (AbstractConnector.java:doStop(318)) - Stopped ServerConnector@5438fa43{HTTP/1.1,[http/1.1]}{0.0.0.0:0}
2019-10-01 06:23:22,117 [main] INFO  handler.ContextHandler (ContextHandler.java:doStop(910)) - Stopped o.e.j.s.ServletContextHandler@6ddd1c51{/static,jar:file:/home/user/.m2/repository/org/apache/hadoop/hadoop-hdds-container-service/0.5.0-SNAPSHOT/hadoop-hdds-container-service-0.5.0-SNAPSHOT.jar!/webapps/static,UNAVAILABLE}
2019-10-01 06:23:22,117 [main] INFO  handler.ContextHandler (ContextHandler.java:doStop(910)) - Stopped o.e.j.s.ServletContextHandler@492521c4{/logs,file:///workdir/hadoop-ozone/integration-test/target/log,UNAVAILABLE}
2019-10-01 06:23:22,713 [grpc-default-executor-3] WARN  server.GrpcLogAppender (LogUtils.java:warn(134)) - 33dfb9e4-5af7-48c0-aed2-49a098141a6c@group-3AEA3A3A61FF->b13a3cc5-7860-43cb-88ea-b527511dabf1-AppendLogResponseHandler: Failed appendEntries: org.apache.ratis.thirdparty.io.grpc.StatusRuntimeException: UNAVAILABLE: io exception
2019-10-01 06:23:22,714 [grpc-default-executor-3] INFO  impl.FollowerInfo (FollowerInfo.java:lambda$new$0(51)) - 33dfb9e4-5af7-48c0-aed2-49a098141a6c@group-3AEA3A3A61FF->b13a3cc5-7860-43cb-88ea-b527511dabf1: nextIndex: updateUnconditionally 0 -> 0
2019-10-01 06:23:22,788 [org.apache.ratis.server.impl.LogAppender$AppenderDaemon$$Lambda$468/98105606@504e1670] ERROR ratis.XceiverServerRatis (XceiverServerRatis.java:triggerPipelineClose(581)) - pipeline Action CLOSE  on pipeline PipelineID=fed2a675-0c8a-4eed-922b-3aea3a3a61ff.Reason : 33dfb9e4-5af7-48c0-aed2-49a098141a6c has not seen follower/s 25f8cd60-600d-4c27-9835-e918e1f0a30b for 130187ms
2019-10-01 06:23:22,789 [grpc-default-executor-3] WARN  server.GrpcLogAppender (LogUtils.java:warn(134)) - 33dfb9e4-5af7-48c0-aed2-49a098141a6c@group-3AEA3A3A61FF->25f8cd60-600d-4c27-9835-e918e1f0a30b-AppendLogResponseHandler: Failed appendEntries: org.apache.ratis.thirdparty.io.grpc.StatusRuntimeException: UNAVAILABLE: io exception
2019-10-01 06:23:22,789 [grpc-default-executor-3] INFO  impl.FollowerInfo (FollowerInfo.java:lambda$new$0(51)) - 33dfb9e4-5af7-48c0-aed2-49a098141a6c@group-3AEA3A3A61FF->25f8cd60-600d-4c27-9835-e918e1f0a30b: nextIndex: updateUnconditionally 0 -> 0
2019-10-01 06:23:23,204 [EventQueue-PipelineActionsForPipelineActionHandler] ERROR pipeline.PipelineActionHandler (PipelineActionHandler.java:onMessage(60)) - Received pipeline action CLOSE for Pipeline[ Id: fed2a675-0c8a-4eed-922b-3aea3a3a61ff, Nodes: 25f8cd60-600d-4c27-9835-e918e1f0a30b{ip: 192.168.30.6, host: trunk-nightly-20191001-qpwks-271313263, networkLocation: /default-rack, certSerialId: null}b13a3cc5-7860-43cb-88ea-b527511dabf1{ip: 192.168.30.6, host: trunk-nightly-20191001-qpwks-271313263, networkLocation: /default-rack, certSerialId: null}33dfb9e4-5af7-48c0-aed2-49a098141a6c{ip: 192.168.30.6, host: trunk-nightly-20191001-qpwks-271313263, networkLocation: /default-rack, certSerialId: null}, Type:RATIS, Factor:THREE, State:CLOSED] from datanode 33dfb9e4-5af7-48c0-aed2-49a098141a6c{ip: 192.168.30.6, host: trunk-nightly-20191001-qpwks-271313263, networkLocation: /default-rack, certSerialId: null}. Reason : 33dfb9e4-5af7-48c0-aed2-49a098141a6c has not seen follower/s 25f8cd60-600d-4c27-9835-e918e1f0a30b for 130187ms
2019-10-01 06:23:23,204 [EventQueue-PipelineActionsForPipelineActionHandler] INFO  pipeline.SCMPipelineManager (SCMPipelineManager.java:finalizeAndDestroyPipeline(315)) - destroying pipeline:Pipeline[ Id: fed2a675-0c8a-4eed-922b-3aea3a3a61ff, Nodes: 25f8cd60-600d-4c27-9835-e918e1f0a30b{ip: 192.168.30.6, host: trunk-nightly-20191001-qpwks-271313263, networkLocation: /default-rack, certSerialId: null}b13a3cc5-7860-43cb-88ea-b527511dabf1{ip: 192.168.30.6, host: trunk-nightly-20191001-qpwks-271313263, networkLocation: /default-rack, certSerialId: null}33dfb9e4-5af7-48c0-aed2-49a098141a6c{ip: 192.168.30.6, host: trunk-nightly-20191001-qpwks-271313263, networkLocation: /default-rack, certSerialId: null}, Type:RATIS, Factor:THREE, State:CLOSED]
2019-10-01 06:23:25,226 [grpc-default-executor-3] WARN  server.GrpcLogAppender (LogUtils.java:warn(134)) - 33dfb9e4-5af7-48c0-aed2-49a098141a6c@group-3AEA3A3A61FF->b13a3cc5-7860-43cb-88ea-b527511dabf1-AppendLogResponseHandler: Failed appendEntries: org.apache.ratis.thirdparty.io.grpc.StatusRuntimeException: UNAVAILABLE: io exception
2019-10-01 06:23:25,232 [grpc-default-executor-3] INFO  impl.FollowerInfo (FollowerInfo.java:lambda$new$0(51)) - 33dfb9e4-5af7-48c0-aed2-49a098141a6c@group-3AEA3A3A61FF->b13a3cc5-7860-43cb-88ea-b527511dabf1: nextIndex: updateUnconditionally 0 -> 0
2019-10-01 06:23:25,295 [org.apache.ratis.server.impl.LogAppender$AppenderDaemon$$Lambda$468/98105606@504e1670] ERROR ratis.XceiverServerRatis (XceiverServerRatis.java:triggerPipelineClose(581)) - pipeline Action CLOSE  on pipeline PipelineID=fed2a675-0c8a-4eed-922b-3aea3a3a61ff.Reason : 33dfb9e4-5af7-48c0-aed2-49a098141a6c has not seen follower/s 25f8cd60-600d-4c27-9835-e918e1f0a30b for 132694ms
2019-10-01 06:23:25,301 [grpc-default-executor-8] WARN  server.GrpcLogAppender (LogUtils.java:warn(134)) - 33dfb9e4-5af7-48c0-aed2-49a098141a6c@group-3AEA3A3A61FF->25f8cd60-600d-4c27-9835-e918e1f0a30b-AppendLogResponseHandler: Failed appendEntries: org.apache.ratis.thirdparty.io.grpc.StatusRuntimeException: UNAVAILABLE: io exception
2019-10-01 06:23:25,301 [grpc-default-executor-8] INFO  impl.FollowerInfo (FollowerInfo.java:lambda$new$0(51)) - 33dfb9e4-5af7-48c0-aed2-49a098141a6c@group-3AEA3A3A61FF->25f8cd60-600d-4c27-9835-e918e1f0a30b: nextIndex: updateUnconditionally 0 -> 0
2019-10-01 06:23:26,206 [EventQueue-PipelineActionsForPipelineActionHandler] ERROR pipeline.PipelineActionHandler (PipelineActionHandler.java:onMessage(60)) - Received pipeline action CLOSE for Pipeline[ Id: fed2a675-0c8a-4eed-922b-3aea3a3a61ff, Nodes: 25f8cd60-600d-4c27-9835-e918e1f0a30b{ip: 192.168.30.6, host: trunk-nightly-20191001-qpwks-271313263, networkLocation: /default-rack, certSerialId: null}b13a3cc5-7860-43cb-88ea-b527511dabf1{ip: 192.168.30.6, host: trunk-nightly-20191001-qpwks-271313263, networkLocation: /default-rack, certSerialId: null}33dfb9e4-5af7-48c0-aed2-49a098141a6c{ip: 192.168.30.6, host: trunk-nightly-20191001-qpwks-271313263, networkLocation: /default-rack, certSerialId: null}, Type:RATIS, Factor:THREE, State:CLOSED] from datanode 33dfb9e4-5af7-48c0-aed2-49a098141a6c{ip: 192.168.30.6, host: trunk-nightly-20191001-qpwks-271313263, networkLocation: /default-rack, certSerialId: null}. Reason : 33dfb9e4-5af7-48c0-aed2-49a098141a6c has not seen follower/s 25f8cd60-600d-4c27-9835-e918e1f0a30b for 132694ms
2019-10-01 06:23:26,207 [EventQueue-PipelineActionsForPipelineActionHandler] INFO  pipeline.SCMPipelineManager (SCMPipelineManager.java:finalizeAndDestroyPipeline(315)) - destroying pipeline:Pipeline[ Id: fed2a675-0c8a-4eed-922b-3aea3a3a61ff, Nodes: 25f8cd60-600d-4c27-9835-e918e1f0a30b{ip: 192.168.30.6, host: trunk-nightly-20191001-qpwks-271313263, networkLocation: /default-rack, certSerialId: null}b13a3cc5-7860-43cb-88ea-b527511dabf1{ip: 192.168.30.6, host: trunk-nightly-20191001-qpwks-271313263, networkLocation: /default-rack, certSerialId: null}33dfb9e4-5af7-48c0-aed2-49a098141a6c{ip: 192.168.30.6, host: trunk-nightly-20191001-qpwks-271313263, networkLocation: /default-rack, certSerialId: null}, Type:RATIS, Factor:THREE, State:CLOSED]
2019-10-01 06:23:26,238 [Thread-2832] INFO  impl.FollowerState (FollowerState.java:run(108)) - 33dfb9e4-5af7-48c0-aed2-49a098141a6c@group-DF7814A3CEC0-FollowerState: change to CANDIDATE, lastRpcTime:5195ms, electionTimeout:5195ms
2019-10-01 06:23:26,246 [Thread-2832] INFO  impl.RoleInfo (RoleInfo.java:shutdownFollowerState(121)) - 33dfb9e4-5af7-48c0-aed2-49a098141a6c: shutdown FollowerState
2019-10-01 06:23:26,246 [Thread-2832] INFO  impl.RaftServerImpl (RaftServerImpl.java:setRole(170)) - 33dfb9e4-5af7-48c0-aed2-49a098141a6c@group-DF7814A3CEC0: changes role from  FOLLOWER to CANDIDATE at term 4 for changeToCandidate
2019-10-01 06:23:26,247 [Thread-2832] INFO  impl.RoleInfo (RoleInfo.java:updateAndGet(143)) - 33dfb9e4-5af7-48c0-aed2-49a098141a6c: start LeaderElection
2019-10-01 06:23:27,725 [grpc-default-executor-8] WARN  server.GrpcLogAppender (LogUtils.java:warn(134)) - 33dfb9e4-5af7-48c0-aed2-49a098141a6c@group-3AEA3A3A61FF->b13a3cc5-7860-43cb-88ea-b527511dabf1-AppendLogResponseHandler: Failed appendEntries: org.apache.ratis.thirdparty.io.grpc.StatusRuntimeException: UNAVAILABLE: io exception
2019-10-01 06:23:27,733 [grpc-default-executor-8] INFO  impl.FollowerInfo (FollowerInfo.java:lambda$new$0(51)) - 33dfb9e4-5af7-48c0-aed2-49a098141a6c@group-3AEA3A3A61FF->b13a3cc5-7860-43cb-88ea-b527511dabf1: nextIndex: updateUnconditionally 0 -> 0
2019-10-01 06:23:27,802 [org.apache.ratis.server.impl.LogAppender$AppenderDaemon$$Lambda$468/98105606@504e1670] ERROR ratis.XceiverServerRatis (XceiverServerRatis.java:triggerPipelineClose(581)) - pipeline Action CLOSE  on pipeline PipelineID=fed2a675-0c8a-4eed-922b-3aea3a3a61ff.Reason : 33dfb9e4-5af7-48c0-aed2-49a098141a6c has not seen follower/s 25f8cd60-600d-4c27-9835-e918e1f0a30b for 135200ms
2019-10-01 06:23:27,802 [grpc-default-executor-5] WARN  server.GrpcLogAppender (LogUtils.java:warn(134)) - 33dfb9e4-5af7-48c0-aed2-49a098141a6c@group-3AEA3A3A61FF->25f8cd60-600d-4c27-9835-e918e1f0a30b-AppendLogResponseHandler: Failed appendEntries: org.apache.ratis.thirdparty.io.grpc.StatusRuntimeException: UNAVAILABLE: io exception
2019-10-01 06:23:27,803 [grpc-default-executor-5] INFO  impl.FollowerInfo (FollowerInfo.java:lambda$new$0(51)) - 33dfb9e4-5af7-48c0-aed2-49a098141a6c@group-3AEA3A3A61FF->25f8cd60-600d-4c27-9835-e918e1f0a30b: nextIndex: updateUnconditionally 0 -> 0
2019-10-01 06:23:28,206 [EventQueue-PipelineActionsForPipelineActionHandler] ERROR pipeline.PipelineActionHandler (PipelineActionHandler.java:onMessage(60)) - Received pipeline action CLOSE for Pipeline[ Id: fed2a675-0c8a-4eed-922b-3aea3a3a61ff, Nodes: 25f8cd60-600d-4c27-9835-e918e1f0a30b{ip: 192.168.30.6, host: trunk-nightly-20191001-qpwks-271313263, networkLocation: /default-rack, certSerialId: null}b13a3cc5-7860-43cb-88ea-b527511dabf1{ip: 192.168.30.6, host: trunk-nightly-20191001-qpwks-271313263, networkLocation: /default-rack, certSerialId: null}33dfb9e4-5af7-48c0-aed2-49a098141a6c{ip: 192.168.30.6, host: trunk-nightly-20191001-qpwks-271313263, networkLocation: /default-rack, certSerialId: null}, Type:RATIS, Factor:THREE, State:CLOSED] from datanode 33dfb9e4-5af7-48c0-aed2-49a098141a6c{ip: 192.168.30.6, host: trunk-nightly-20191001-qpwks-271313263, networkLocation: /default-rack, certSerialId: null}. Reason : 33dfb9e4-5af7-48c0-aed2-49a098141a6c has not seen follower/s 25f8cd60-600d-4c27-9835-e918e1f0a30b for 135200ms
2019-10-01 06:23:28,206 [EventQueue-PipelineActionsForPipelineActionHandler] INFO  pipeline.SCMPipelineManager (SCMPipelineManager.java:finalizeAndDestroyPipeline(315)) - destroying pipeline:Pipeline[ Id: fed2a675-0c8a-4eed-922b-3aea3a3a61ff, Nodes: 25f8cd60-600d-4c27-9835-e918e1f0a30b{ip: 192.168.30.6, host: trunk-nightly-20191001-qpwks-271313263, networkLocation: /default-rack, certSerialId: null}b13a3cc5-7860-43cb-88ea-b527511dabf1{ip: 192.168.30.6, host: trunk-nightly-20191001-qpwks-271313263, networkLocation: /default-rack, certSerialId: null}33dfb9e4-5af7-48c0-aed2-49a098141a6c{ip: 192.168.30.6, host: trunk-nightly-20191001-qpwks-271313263, networkLocation: /default-rack, certSerialId: null}, Type:RATIS, Factor:THREE, State:CLOSED]
2019-10-01 06:23:30,227 [org.apache.ratis.server.impl.LogAppender$AppenderDaemon$$Lambda$468/98105606@684c3f3d] ERROR ratis.XceiverServerRatis (XceiverServerRatis.java:triggerPipelineClose(581)) - pipeline Action CLOSE  on pipeline PipelineID=fed2a675-0c8a-4eed-922b-3aea3a3a61ff.Reason : 33dfb9e4-5af7-48c0-aed2-49a098141a6c has not seen follower/s 25f8cd60-600d-4c27-9835-e918e1f0a30b for 137625ms b13a3cc5-7860-43cb-88ea-b527511dabf1 for 120090ms
2019-10-01 06:23:30,236 [grpc-default-executor-8] WARN  server.GrpcLogAppender (LogUtils.java:warn(134)) - 33dfb9e4-5af7-48c0-aed2-49a098141a6c@group-3AEA3A3A61FF->b13a3cc5-7860-43cb-88ea-b527511dabf1-AppendLogResponseHandler: Failed appendEntries: org.apache.ratis.thirdparty.io.grpc.StatusRuntimeException: UNAVAILABLE: io exception
2019-10-01 06:23:30,242 [grpc-default-executor-8] INFO  impl.FollowerInfo (FollowerInfo.java:lambda$new$0(51)) - 33dfb9e4-5af7-48c0-aed2-49a098141a6c@group-3AEA3A3A61FF->b13a3cc5-7860-43cb-88ea-b527511dabf1: nextIndex: updateUnconditionally 0 -> 0
2019-10-01 06:23:30,302 [org.apache.ratis.server.impl.LogAppender$AppenderDaemon$$Lambda$468/98105606@504e1670] ERROR ratis.XceiverServerRatis (XceiverServerRatis.java:triggerPipelineClose(581)) - pipeline Action CLOSE  on pipeline PipelineID=fed2a675-0c8a-4eed-922b-3aea3a3a61ff.Reason : 33dfb9e4-5af7-48c0-aed2-49a098141a6c has not seen follower/s 25f8cd60-600d-4c27-9835-e918e1f0a30b for 137701ms b13a3cc5-7860-43cb-88ea-b527511dabf1 for 120166ms
2019-10-01 06:23:30,303 [grpc-default-executor-5] WARN  server.GrpcLogAppender (LogUtils.java:warn(134)) - 33dfb9e4-5af7-48c0-aed2-49a098141a6c@group-3AEA3A3A61FF->25f8cd60-600d-4c27-9835-e918e1f0a30b-AppendLogResponseHandler: Failed appendEntries: org.apache.ratis.thirdparty.io.grpc.StatusRuntimeException: UNAVAILABLE: io exception
2019-10-01 06:23:30,304 [grpc-default-executor-5] INFO  impl.FollowerInfo (FollowerInfo.java:lambda$new$0(51)) - 33dfb9e4-5af7-48c0-aed2-49a098141a6c@group-3AEA3A3A61FF->25f8cd60-600d-4c27-9835-e918e1f0a30b: nextIndex: updateUnconditionally 0 -> 0
2019-10-01 06:23:31,207 [EventQueue-PipelineActionsForPipelineActionHandler] ERROR pipeline.PipelineActionHandler (PipelineActionHandler.java:onMessage(60)) - Received pipeline action CLOSE for Pipeline[ Id: fed2a675-0c8a-4eed-922b-3aea3a3a61ff, Nodes: 25f8cd60-600d-4c27-9835-e918e1f0a30b{ip: 192.168.30.6, host: trunk-nightly-20191001-qpwks-271313263, networkLocation: /default-rack, certSerialId: null}b13a3cc5-7860-43cb-88ea-b527511dabf1{ip: 192.168.30.6, host: trunk-nightly-20191001-qpwks-271313263, networkLocation: /default-rack, certSerialId: null}33dfb9e4-5af7-48c0-aed2-49a098141a6c{ip: 192.168.30.6, host: trunk-nightly-20191001-qpwks-271313263, networkLocation: /default-rack, certSerialId: null}, Type:RATIS, Factor:THREE, State:CLOSED] from datanode 33dfb9e4-5af7-48c0-aed2-49a098141a6c{ip: 192.168.30.6, host: trunk-nightly-20191001-qpwks-271313263, networkLocation: /default-rack, certSerialId: null}. Reason : 33dfb9e4-5af7-48c0-aed2-49a098141a6c has not seen follower/s 25f8cd60-600d-4c27-9835-e918e1f0a30b for 137625ms b13a3cc5-7860-43cb-88ea-b527511dabf1 for 120090ms
2019-10-01 06:23:31,209 [EventQueue-PipelineActionsForPipelineActionHandler] INFO  pipeline.SCMPipelineManager (SCMPipelineManager.java:finalizeAndDestroyPipeline(315)) - destroying pipeline:Pipeline[ Id: fed2a675-0c8a-4eed-922b-3aea3a3a61ff, Nodes: 25f8cd60-600d-4c27-9835-e918e1f0a30b{ip: 192.168.30.6, host: trunk-nightly-20191001-qpwks-271313263, networkLocation: /default-rack, certSerialId: null}b13a3cc5-7860-43cb-88ea-b527511dabf1{ip: 192.168.30.6, host: trunk-nightly-20191001-qpwks-271313263, networkLocation: /default-rack, certSerialId: null}33dfb9e4-5af7-48c0-aed2-49a098141a6c{ip: 192.168.30.6, host: trunk-nightly-20191001-qpwks-271313263, networkLocation: /default-rack, certSerialId: null}, Type:RATIS, Factor:THREE, State:CLOSED]
2019-10-01 06:23:31,338 [Thread-2770] INFO  impl.FollowerState (FollowerState.java:run(108)) - e7934135-fd47-404e-892b-137bed43e7da@group-19B9CE210203-FollowerState: change to CANDIDATE, lastRpcTime:9678ms, electionTimeout:5092ms
2019-10-01 06:23:31,357 [Thread-2770] INFO  impl.RoleInfo (RoleInfo.java:shutdownFollowerState(121)) - e7934135-fd47-404e-892b-137bed43e7da: shutdown FollowerState
2019-10-01 06:23:31,358 [Thread-2770] INFO  impl.RaftServerImpl (RaftServerImpl.java:setRole(170)) - e7934135-fd47-404e-892b-137bed43e7da@group-19B9CE210203: changes role from  FOLLOWER to CANDIDATE at term 1 for changeToCandidate
2019-10-01 06:23:31,358 [Thread-2770] INFO  impl.RoleInfo (RoleInfo.java:updateAndGet(143)) - e7934135-fd47-404e-892b-137bed43e7da: start LeaderElection
2019-10-01 06:23:31,399 [Thread-2769] INFO  impl.FollowerState (FollowerState.java:run(108)) - aaa00b68-949c-4488-a5cf-23a59052fdec@group-19B9CE210203-FollowerState: change to CANDIDATE, lastRpcTime:9735ms, electionTimeout:5182ms
2019-10-01 06:23:31,405 [Thread-2769] INFO  impl.RoleInfo (RoleInfo.java:shutdownFollowerState(121)) - aaa00b68-949c-4488-a5cf-23a59052fdec: shutdown FollowerState
2019-10-01 06:23:31,405 [Thread-2769] INFO  impl.RaftServerImpl (RaftServerImpl.java:setRole(170)) - aaa00b68-949c-4488-a5cf-23a59052fdec@group-19B9CE210203: changes role from  FOLLOWER to CANDIDATE at term 1 for changeToCandidate
2019-10-01 06:23:31,405 [Thread-2769] INFO  impl.RoleInfo (RoleInfo.java:updateAndGet(143)) - aaa00b68-949c-4488-a5cf-23a59052fdec: start LeaderElection
2019-10-01 06:23:31,405 [e7934135-fd47-404e-892b-137bed43e7da@group-19B9CE210203-LeaderElection106] INFO  impl.RaftServerImpl (ServerState.java:setLeader(255)) - e7934135-fd47-404e-892b-137bed43e7da@group-19B9CE210203: change Leader from efd9ac6f-ff5e-4968-a08a-87ccf28a484c to null at term 1 for initElection
2019-10-01 06:23:31,406 [aaa00b68-949c-4488-a5cf-23a59052fdec@group-19B9CE210203-LeaderElection107] INFO  impl.RaftServerImpl (ServerState.java:setLeader(255)) - aaa00b68-949c-4488-a5cf-23a59052fdec@group-19B9CE210203: change Leader from efd9ac6f-ff5e-4968-a08a-87ccf28a484c to null at term 1 for initElection
2019-10-01 06:23:32,735 [org.apache.ratis.server.impl.LogAppender$AppenderDaemon$$Lambda$468/98105606@684c3f3d] ERROR ratis.XceiverServerRatis (XceiverServerRatis.java:triggerPipelineClose(581)) - pipeline Action CLOSE  on pipeline PipelineID=fed2a675-0c8a-4eed-922b-3aea3a3a61ff.Reason : 33dfb9e4-5af7-48c0-aed2-49a098141a6c has not seen follower/s 25f8cd60-600d-4c27-9835-e918e1f0a30b for 140134ms b13a3cc5-7860-43cb-88ea-b527511dabf1 for 122598ms
2019-10-01 06:23:32,736 [grpc-default-executor-8] WARN  server.GrpcLogAppender (LogUtils.java:warn(134)) - 33dfb9e4-5af7-48c0-aed2-49a098141a6c@group-3AEA3A3A61FF->b13a3cc5-7860-43cb-88ea-b527511dabf1-AppendLogResponseHandler: Failed appendEntries: org.apache.ratis.thirdparty.io.grpc.StatusRuntimeException: UNAVAILABLE: io exception
2019-10-01 06:23:32,736 [grpc-default-executor-8] INFO  impl.FollowerInfo (FollowerInfo.java:lambda$new$0(51)) - 33dfb9e4-5af7-48c0-aed2-49a098141a6c@group-3AEA3A3A61FF->b13a3cc5-7860-43cb-88ea-b527511dabf1: nextIndex: updateUnconditionally 0 -> 0
2019-10-01 06:23:32,804 [org.apache.ratis.server.impl.LogAppender$AppenderDaemon$$Lambda$468/98105606@504e1670] ERROR ratis.XceiverServerRatis (XceiverServerRatis.java:triggerPipelineClose(581)) - pipeline Action CLOSE  on pipeline PipelineID=fed2a675-0c8a-4eed-922b-3aea3a3a61ff.Reason : 33dfb9e4-5af7-48c0-aed2-49a098141a6c has not seen follower/s 25f8cd60-600d-4c27-9835-e918e1f0a30b for 140203ms b13a3cc5-7860-43cb-88ea-b527511dabf1 for 122667ms
2019-10-01 06:23:32,805 [grpc-default-executor-8] WARN  server.GrpcLogAppender (LogUtils.java:warn(134)) - 33dfb9e4-5af7-48c0-aed2-49a098141a6c@group-3AEA3A3A61FF->25f8cd60-600d-4c27-9835-e918e1f0a30b-AppendLogResponseHandler: Failed appendEntries: org.apache.ratis.thirdparty.io.grpc.StatusRuntimeException: UNAVAILABLE: io exception
2019-10-01 06:23:32,805 [grpc-default-executor-8] INFO  impl.FollowerInfo (FollowerInfo.java:lambda$new$0(51)) - 33dfb9e4-5af7-48c0-aed2-49a098141a6c@group-3AEA3A3A61FF->25f8cd60-600d-4c27-9835-e918e1f0a30b: nextIndex: updateUnconditionally 0 -> 0
2019-10-01 06:23:33,206 [EventQueue-PipelineActionsForPipelineActionHandler] ERROR pipeline.PipelineActionHandler (PipelineActionHandler.java:onMessage(60)) - Received pipeline action CLOSE for Pipeline[ Id: fed2a675-0c8a-4eed-922b-3aea3a3a61ff, Nodes: 25f8cd60-600d-4c27-9835-e918e1f0a30b{ip: 192.168.30.6, host: trunk-nightly-20191001-qpwks-271313263, networkLocation: /default-rack, certSerialId: null}b13a3cc5-7860-43cb-88ea-b527511dabf1{ip: 192.168.30.6, host: trunk-nightly-20191001-qpwks-271313263, networkLocation: /default-rack, certSerialId: null}33dfb9e4-5af7-48c0-aed2-49a098141a6c{ip: 192.168.30.6, host: trunk-nightly-20191001-qpwks-271313263, networkLocation: /default-rack, certSerialId: null}, Type:RATIS, Factor:THREE, State:CLOSED] from datanode 33dfb9e4-5af7-48c0-aed2-49a098141a6c{ip: 192.168.30.6, host: trunk-nightly-20191001-qpwks-271313263, networkLocation: /default-rack, certSerialId: null}. Reason : 33dfb9e4-5af7-48c0-aed2-49a098141a6c has not seen follower/s 25f8cd60-600d-4c27-9835-e918e1f0a30b for 140134ms b13a3cc5-7860-43cb-88ea-b527511dabf1 for 122598ms
2019-10-01 06:23:33,206 [EventQueue-PipelineActionsForPipelineActionHandler] INFO  pipeline.SCMPipelineManager (SCMPipelineManager.java:finalizeAndDestroyPipeline(315)) - destroying pipeline:Pipeline[ Id: fed2a675-0c8a-4eed-922b-3aea3a3a61ff, Nodes: 25f8cd60-600d-4c27-9835-e918e1f0a30b{ip: 192.168.30.6, host: trunk-nightly-20191001-qpwks-271313263, networkLocation: /default-rack, certSerialId: null}b13a3cc5-7860-43cb-88ea-b527511dabf1{ip: 192.168.30.6, host: trunk-nightly-20191001-qpwks-271313263, networkLocation: /default-rack, certSerialId: null}33dfb9e4-5af7-48c0-aed2-49a098141a6c{ip: 192.168.30.6, host: trunk-nightly-20191001-qpwks-271313263, networkLocation: /default-rack, certSerialId: null}, Type:RATIS, Factor:THREE, State:CLOSED]
]]></system-out>
  </testcase>
</testsuite>