<?xml version="1.0" encoding="UTF-8"?>
<testsuite xmlns:xsi="http://www.w3.org/2001/XMLSchema-instance" xsi:noNamespaceSchemaLocation="https://maven.apache.org/surefire/maven-surefire-plugin/xsd/surefire-test-report.xsd" name="org.apache.hadoop.ozone.client.rpc.TestWatchForCommit" time="260.682" tests="5" errors="1" skipped="0" failures="0">
  <properties>
    <property name="awt.toolkit" value="sun.awt.X11.XToolkit"/>
    <property name="file.encoding.pkg" value="sun.io"/>
    <property name="java.specification.version" value="1.8"/>
    <property name="sun.cpu.isalist" value=""/>
    <property name="sun.jnu.encoding" value="UTF-8"/>
    <property name="java.class.path" value="/workdir/hadoop-ozone/integration-test/target/test-classes:/workdir/hadoop-ozone/integration-test/target/classes:/home/user/.m2/repository/org/apache/hadoop/hadoop-ozone-common/0.5.0-SNAPSHOT/hadoop-ozone-common-0.5.0-SNAPSHOT.jar:/home/user/.m2/repository/org/apache/commons/commons-compress/1.4.1/commons-compress-1.4.1.jar:/home/user/.m2/repository/org/tukaani/xz/1.0/xz-1.0.jar:/home/user/.m2/repository/org/apache/hadoop/hadoop-common/3.2.0/hadoop-common-3.2.0.jar:/home/user/.m2/repository/org/apache/hadoop/hadoop-hdfs/3.2.0/hadoop-hdfs-3.2.0.jar:/home/user/.m2/repository/org/apache/hadoop/hadoop-hdfs-client/3.2.0/hadoop-hdfs-client-3.2.0.jar:/home/user/.m2/repository/com/fasterxml/jackson/core/jackson-annotations/2.9.9/jackson-annotations-2.9.9.jar:/home/user/.m2/repository/org/apache/hadoop/hadoop-hdds-common/0.5.0-SNAPSHOT/hadoop-hdds-common-0.5.0-SNAPSHOT.jar:/home/user/.m2/repository/javax/annotation/javax.annotation-api/1.2/javax.annotation-api-1.2.jar:/home/user/.m2/repository/org/apache/ratis/ratis-server/0.5.0-201fc85-SNAPSHOT/ratis-server-0.5.0-201fc85-SNAPSHOT.jar:/home/user/.m2/repository/org/apache/ratis/ratis-thirdparty-misc/0.2.0/ratis-thirdparty-misc-0.2.0.jar:/home/user/.m2/repository/org/apache/ratis/ratis-proto/0.5.0-201fc85-SNAPSHOT/ratis-proto-0.5.0-201fc85-SNAPSHOT.jar:/home/user/.m2/repository/org/apache/ratis/ratis-common/0.5.0-201fc85-SNAPSHOT/ratis-common-0.5.0-201fc85-SNAPSHOT.jar:/home/user/.m2/repository/org/apache/ratis/ratis-client/0.5.0-201fc85-SNAPSHOT/ratis-client-0.5.0-201fc85-SNAPSHOT.jar:/home/user/.m2/repository/org/apache/ratis/ratis-metrics/0.5.0-201fc85-SNAPSHOT/ratis-metrics-0.5.0-201fc85-SNAPSHOT.jar:/home/user/.m2/repository/com/github/joshelser/dropwizard-metrics-hadoop-metrics2-reporter/0.1.2/dropwizard-metrics-hadoop-metrics2-reporter-0.1.2.jar:/home/user/.m2/repository/io/dropwizard/metrics/metrics-jvm/3.2.5/metrics-jvm-3.2.5.jar:/home/user/.m2/repository/io/dropwizard/metrics/metrics-ganglia/3.2.5/metrics-ganglia-3.2.5.jar:/home/user/.m2/repository/info/ganglia/gmetric4j/gmetric4j/1.0.7/gmetric4j-1.0.7.jar:/home/user/.m2/repository/org/apache/ratis/ratis-netty/0.5.0-201fc85-SNAPSHOT/ratis-netty-0.5.0-201fc85-SNAPSHOT.jar:/home/user/.m2/repository/org/apache/ratis/ratis-grpc/0.5.0-201fc85-SNAPSHOT/ratis-grpc-0.5.0-201fc85-SNAPSHOT.jar:/home/user/.m2/repository/org/rocksdb/rocksdbjni/6.0.1/rocksdbjni-6.0.1.jar:/home/user/.m2/repository/org/apache/logging/log4j/log4j-api/2.11.0/log4j-api-2.11.0.jar:/home/user/.m2/repository/org/apache/logging/log4j/log4j-core/2.11.0/log4j-core-2.11.0.jar:/home/user/.m2/repository/com/lmax/disruptor/3.4.2/disruptor-3.4.2.jar:/home/user/.m2/repository/org/apache/commons/commons-pool2/2.6.0/commons-pool2-2.6.0.jar:/home/user/.m2/repository/org/bouncycastle/bcpkix-jdk15on/1.60/bcpkix-jdk15on-1.60.jar:/home/user/.m2/repository/commons-validator/commons-validator/1.6/commons-validator-1.6.jar:/home/user/.m2/repository/commons-digester/commons-digester/1.8.1/commons-digester-1.8.1.jar:/home/user/.m2/repository/io/jaegertracing/jaeger-client/0.34.0/jaeger-client-0.34.0.jar:/home/user/.m2/repository/io/jaegertracing/jaeger-thrift/0.34.0/jaeger-thrift-0.34.0.jar:/home/user/.m2/repository/org/apache/thrift/libthrift/0.12.0/libthrift-0.12.0.jar:/home/user/.m2/repository/com/squareup/okhttp3/okhttp/3.9.0/okhttp-3.9.0.jar:/home/user/.m2/repository/com/squareup/okio/okio/1.13.0/okio-1.13.0.jar:/home/user/.m2/repository/io/jaegertracing/jaeger-core/0.34.0/jaeger-core-0.34.0.jar:/home/user/.m2/repository/io/jaegertracing/jaeger-tracerresolver/0.34.0/jaeger-tracerresolver-0.34.0.jar:/home/user/.m2/repository/io/opentracing/contrib/opentracing-tracerresolver/0.1.5/opentracing-tracerresolver-0.1.5.jar:/home/user/.m2/repository/io/opentracing/opentracing-util/0.31.0/opentracing-util-0.31.0.jar:/home/user/.m2/repository/io/opentracing/opentracing-api/0.31.0/opentracing-api-0.31.0.jar:/home/user/.m2/repository/io/opentracing/opentracing-noop/0.31.0/opentracing-noop-0.31.0.jar:/home/user/.m2/repository/org/apache/hadoop/hadoop-hdds-server-framework/0.5.0-SNAPSHOT/hadoop-hdds-server-framework-0.5.0-SNAPSHOT.jar:/home/user/.m2/repository/org/apache/hadoop/hadoop-hdds-container-service/0.5.0-SNAPSHOT/hadoop-hdds-container-service-0.5.0-SNAPSHOT.jar:/home/user/.m2/repository/org/apache/hadoop/hadoop-hdds-client/0.5.0-SNAPSHOT/hadoop-hdds-client-0.5.0-SNAPSHOT.jar:/home/user/.m2/repository/org/apache/hadoop/hadoop-hdds-tools/0.5.0-SNAPSHOT/hadoop-hdds-tools-0.5.0-SNAPSHOT.jar:/home/user/.m2/repository/org/apache/hadoop/hadoop-hdds-server-scm/0.5.0-SNAPSHOT/hadoop-hdds-server-scm-0.5.0-SNAPSHOT.jar:/home/user/.m2/repository/org/apache/hadoop/hadoop-hdds-docs/0.5.0-SNAPSHOT/hadoop-hdds-docs-0.5.0-SNAPSHOT.jar:/home/user/.m2/repository/io/dropwizard/metrics/metrics-core/3.2.4/metrics-core-3.2.4.jar:/home/user/.m2/repository/org/hamcrest/hamcrest-all/1.3/hamcrest-all-1.3.jar:/home/user/.m2/repository/org/bouncycastle/bcprov-jdk15on/1.60/bcprov-jdk15on-1.60.jar:/home/user/.m2/repository/info/picocli/picocli/3.9.6/picocli-3.9.6.jar:/home/user/.m2/repository/com/google/protobuf/protobuf-java/2.5.0/protobuf-java-2.5.0.jar:/home/user/.m2/repository/com/google/guava/guava/11.0.2/guava-11.0.2.jar:/home/user/.m2/repository/org/apache/hadoop/hadoop-ozone-ozone-manager/0.5.0-SNAPSHOT/hadoop-ozone-ozone-manager-0.5.0-SNAPSHOT.jar:/home/user/.m2/repository/org/apache/hadoop/hadoop-minikdc/3.2.0/hadoop-minikdc-3.2.0.jar:/home/user/.m2/repository/commons-io/commons-io/2.5/commons-io-2.5.jar:/home/user/.m2/repository/org/apache/kerby/kerb-simplekdc/1.0.1/kerb-simplekdc-1.0.1.jar:/home/user/.m2/repository/org/apache/kerby/kerb-client/1.0.1/kerb-client-1.0.1.jar:/home/user/.m2/repository/org/apache/kerby/kerby-config/1.0.1/kerby-config-1.0.1.jar:/home/user/.m2/repository/org/apache/kerby/kerb-core/1.0.1/kerb-core-1.0.1.jar:/home/user/.m2/repository/org/apache/kerby/kerby-pkix/1.0.1/kerby-pkix-1.0.1.jar:/home/user/.m2/repository/org/apache/kerby/kerby-asn1/1.0.1/kerby-asn1-1.0.1.jar:/home/user/.m2/repository/org/apache/kerby/kerby-util/1.0.1/kerby-util-1.0.1.jar:/home/user/.m2/repository/org/apache/kerby/kerb-common/1.0.1/kerb-common-1.0.1.jar:/home/user/.m2/repository/org/apache/kerby/kerb-crypto/1.0.1/kerb-crypto-1.0.1.jar:/home/user/.m2/repository/org/apache/kerby/kerb-util/1.0.1/kerb-util-1.0.1.jar:/home/user/.m2/repository/org/apache/kerby/token-provider/1.0.1/token-provider-1.0.1.jar:/home/user/.m2/repository/org/apache/kerby/kerb-admin/1.0.1/kerb-admin-1.0.1.jar:/home/user/.m2/repository/org/apache/kerby/kerb-server/1.0.1/kerb-server-1.0.1.jar:/home/user/.m2/repository/org/apache/kerby/kerb-identity/1.0.1/kerb-identity-1.0.1.jar:/home/user/.m2/repository/org/apache/kerby/kerby-xdr/1.0.1/kerby-xdr-1.0.1.jar:/home/user/.m2/repository/org/slf4j/slf4j-log4j12/1.7.25/slf4j-log4j12-1.7.25.jar:/home/user/.m2/repository/org/apache/hadoop/hadoop-ozone-s3gateway/0.5.0-SNAPSHOT/hadoop-ozone-s3gateway-0.5.0-SNAPSHOT.jar:/home/user/.m2/repository/org/jboss/weld/servlet/weld-servlet/2.4.7.Final/weld-servlet-2.4.7.Final.jar:/home/user/.m2/repository/org/glassfish/jersey/containers/jersey-container-servlet-core/2.27/jersey-container-servlet-core-2.27.jar:/home/user/.m2/repository/org/glassfish/hk2/external/javax.inject/2.5.0-b42/javax.inject-2.5.0-b42.jar:/home/user/.m2/repository/org/glassfish/jersey/core/jersey-common/2.27/jersey-common-2.27.jar:/home/user/.m2/repository/org/glassfish/hk2/osgi-resource-locator/1.0.1/osgi-resource-locator-1.0.1.jar:/home/user/.m2/repository/javax/ws/rs/javax.ws.rs-api/2.1/javax.ws.rs-api-2.1.jar:/home/user/.m2/repository/org/glassfish/jersey/ext/cdi/jersey-cdi1x/2.27/jersey-cdi1x-2.27.jar:/home/user/.m2/repository/org/glassfish/jersey/inject/jersey-hk2/2.27/jersey-hk2-2.27.jar:/home/user/.m2/repository/org/glassfish/hk2/hk2-locator/2.5.0-b42/hk2-locator-2.5.0-b42.jar:/home/user/.m2/repository/org/javassist/javassist/3.22.0-CR2/javassist-3.22.0-CR2.jar:/home/user/.m2/repository/org/glassfish/hk2/hk2-api/2.5.0/hk2-api-2.5.0.jar:/home/user/.m2/repository/org/glassfish/hk2/external/jakarta.inject/2.5.0/jakarta.inject-2.5.0.jar:/home/user/.m2/repository/org/glassfish/hk2/hk2-utils/2.5.0/hk2-utils-2.5.0.jar:/home/user/.m2/repository/jakarta/annotation/jakarta.annotation-api/1.3.4/jakarta.annotation-api-1.3.4.jar:/home/user/.m2/repository/org/glassfish/hk2/external/aopalliance-repackaged/2.5.0/aopalliance-repackaged-2.5.0.jar:/home/user/.m2/repository/com/fasterxml/jackson/dataformat/jackson-dataformat-xml/2.9.0/jackson-dataformat-xml-2.9.0.jar:/home/user/.m2/repository/com/fasterxml/jackson/core/jackson-core/2.9.9/jackson-core-2.9.9.jar:/home/user/.m2/repository/com/fasterxml/jackson/module/jackson-module-jaxb-annotations/2.9.9/jackson-module-jaxb-annotations-2.9.9.jar:/home/user/.m2/repository/javax/enterprise/cdi-api/1.2/cdi-api-1.2.jar:/home/user/.m2/repository/javax/el/javax.el-api/3.0.0/javax.el-api-3.0.0.jar:/home/user/.m2/repository/javax/interceptor/javax.interceptor-api/1.2/javax.interceptor-api-1.2.jar:/home/user/.m2/repository/javax/inject/javax.inject/1/javax.inject-1.jar:/home/user/.m2/repository/com/sun/xml/bind/jaxb-impl/2.3.0.1/jaxb-impl-2.3.0.1.jar:/home/user/.m2/repository/com/sun/xml/bind/jaxb-core/2.3.0.1/jaxb-core-2.3.0.1.jar:/home/user/.m2/repository/javax/xml/bind/jaxb-api/2.3.0/jaxb-api-2.3.0.jar:/home/user/.m2/repository/javax/activation/activation/1.1.1/activation-1.1.1.jar:/home/user/.m2/repository/org/apache/hadoop/hadoop-ozone-csi/0.5.0-SNAPSHOT/hadoop-ozone-csi-0.5.0-SNAPSHOT.jar:/home/user/.m2/repository/com/google/protobuf/protobuf-java-util/3.5.1/protobuf-java-util-3.5.1.jar:/home/user/.m2/repository/org/apache/hadoop/hadoop-hdds-config/0.5.0-SNAPSHOT/hadoop-hdds-config-0.5.0-SNAPSHOT.jar:/home/user/.m2/repository/io/grpc/grpc-netty/1.17.1/grpc-netty-1.17.1.jar:/home/user/.m2/repository/io/grpc/grpc-core/1.17.1/grpc-core-1.17.1.jar:/home/user/.m2/repository/io/grpc/grpc-context/1.17.1/grpc-context-1.17.1.jar:/home/user/.m2/repository/com/google/errorprone/error_prone_annotations/2.2.0/error_prone_annotations-2.2.0.jar:/home/user/.m2/repository/org/codehaus/mojo/animal-sniffer-annotations/1.17/animal-sniffer-annotations-1.17.jar:/home/user/.m2/repository/io/opencensus/opencensus-api/0.17.0/opencensus-api-0.17.0.jar:/home/user/.m2/repository/io/opencensus/opencensus-contrib-grpc-metrics/0.17.0/opencensus-contrib-grpc-metrics-0.17.0.jar:/home/user/.m2/repository/io/netty/netty-codec-http2/4.1.30.Final/netty-codec-http2-4.1.30.Final.jar:/home/user/.m2/repository/io/netty/netty-codec-http/4.1.30.Final/netty-codec-http-4.1.30.Final.jar:/home/user/.m2/repository/io/netty/netty-codec/4.1.30.Final/netty-codec-4.1.30.Final.jar:/home/user/.m2/repository/io/netty/netty-handler/4.1.30.Final/netty-handler-4.1.30.Final.jar:/home/user/.m2/repository/io/netty/netty-handler-proxy/4.1.30.Final/netty-handler-proxy-4.1.30.Final.jar:/home/user/.m2/repository/io/netty/netty-codec-socks/4.1.30.Final/netty-codec-socks-4.1.30.Final.jar:/home/user/.m2/repository/io/netty/netty-transport-native-epoll/4.1.30.Final/netty-transport-native-epoll-4.1.30.Final.jar:/home/user/.m2/repository/io/netty/netty-common/4.1.30.Final/netty-common-4.1.30.Final.jar:/home/user/.m2/repository/io/netty/netty-buffer/4.1.30.Final/netty-buffer-4.1.30.Final.jar:/home/user/.m2/repository/io/netty/netty-transport/4.1.30.Final/netty-transport-4.1.30.Final.jar:/home/user/.m2/repository/io/netty/netty-resolver/4.1.30.Final/netty-resolver-4.1.30.Final.jar:/home/user/.m2/repository/io/netty/netty-transport-native-unix-common/4.1.30.Final/netty-transport-native-unix-common-4.1.30.Final.jar:/home/user/.m2/repository/io/grpc/grpc-protobuf/1.17.1/grpc-protobuf-1.17.1.jar:/home/user/.m2/repository/com/google/api/grpc/proto-google-common-protos/1.0.0/proto-google-common-protos-1.0.0.jar:/home/user/.m2/repository/io/grpc/grpc-protobuf-lite/1.17.1/grpc-protobuf-lite-1.17.1.jar:/home/user/.m2/repository/io/grpc/grpc-stub/1.17.1/grpc-stub-1.17.1.jar:/home/user/.m2/repository/org/apache/hadoop/hadoop-ozone-recon/0.5.0-SNAPSHOT/hadoop-ozone-recon-0.5.0-SNAPSHOT.jar:/home/user/.m2/repository/org/apache/hadoop/hadoop-ozone-reconcodegen/0.5.0-SNAPSHOT/hadoop-ozone-reconcodegen-0.5.0-SNAPSHOT.jar:/home/user/.m2/repository/com/google/inject/extensions/guice-multibindings/4.0/guice-multibindings-4.0.jar:/home/user/.m2/repository/com/google/inject/guice/4.0/guice-4.0.jar:/home/user/.m2/repository/aopalliance/aopalliance/1.0/aopalliance-1.0.jar:/home/user/.m2/repository/com/google/inject/extensions/guice-servlet/4.0/guice-servlet-4.0.jar:/home/user/.m2/repository/org/glassfish/jersey/containers/jersey-container-servlet/2.27/jersey-container-servlet-2.27.jar:/home/user/.m2/repository/org/glassfish/hk2/guice-bridge/2.5.0/guice-bridge-2.5.0.jar:/home/user/.m2/repository/org/glassfish/jersey/core/jersey-server/2.27/jersey-server-2.27.jar:/home/user/.m2/repository/org/glassfish/jersey/core/jersey-client/2.27/jersey-client-2.27.jar:/home/user/.m2/repository/org/glassfish/jersey/media/jersey-media-jaxb/2.27/jersey-media-jaxb-2.27.jar:/home/user/.m2/repository/javax/validation/validation-api/1.1.0.Final/validation-api-1.1.0.Final.jar:/home/user/.m2/repository/org/glassfish/jersey/media/jersey-media-json-jackson/2.27/jersey-media-json-jackson-2.27.jar:/home/user/.m2/repository/org/glassfish/jersey/ext/jersey-entity-filtering/2.27/jersey-entity-filtering-2.27.jar:/home/user/.m2/repository/com/google/inject/extensions/guice-assistedinject/4.0/guice-assistedinject-4.0.jar:/home/user/.m2/repository/org/jooq/jooq/3.11.10/jooq-3.11.10.jar:/home/user/.m2/repository/org/jooq/jooq-meta/3.11.10/jooq-meta-3.11.10.jar:/home/user/.m2/repository/org/jooq/jooq-codegen/3.11.10/jooq-codegen-3.11.10.jar:/home/user/.m2/repository/com/jolbox/bonecp/0.8.0.RELEASE/bonecp-0.8.0.RELEASE.jar:/home/user/.m2/repository/org/xerial/sqlite-jdbc/3.25.2/sqlite-jdbc-3.25.2.jar:/home/user/.m2/repository/org/springframework/spring-jdbc/5.1.3.RELEASE/spring-jdbc-5.1.3.RELEASE.jar:/home/user/.m2/repository/org/springframework/spring-beans/5.1.3.RELEASE/spring-beans-5.1.3.RELEASE.jar:/home/user/.m2/repository/org/springframework/spring-core/5.1.3.RELEASE/spring-core-5.1.3.RELEASE.jar:/home/user/.m2/repository/org/springframework/spring-jcl/5.1.3.RELEASE/spring-jcl-5.1.3.RELEASE.jar:/home/user/.m2/repository/org/springframework/spring-tx/5.1.3.RELEASE/spring-tx-5.1.3.RELEASE.jar:/home/user/.m2/repository/org/apache/hadoop/hadoop-ozone-client/0.5.0-SNAPSHOT/hadoop-ozone-client-0.5.0-SNAPSHOT.jar:/home/user/.m2/repository/commons-lang/commons-lang/2.6/commons-lang-2.6.jar:/home/user/.m2/repository/org/apache/hadoop/hadoop-ozone-ozone-manager/0.5.0-SNAPSHOT/hadoop-ozone-ozone-manager-0.5.0-SNAPSHOT-tests.jar:/home/user/.m2/repository/junit/junit/4.11/junit-4.11.jar:/home/user/.m2/repository/org/hamcrest/hamcrest-core/1.3/hamcrest-core-1.3.jar:/home/user/.m2/repository/org/openjdk/jmh/jmh-core/1.19/jmh-core-1.19.jar:/home/user/.m2/repository/net/sf/jopt-simple/jopt-simple/4.6/jopt-simple-4.6.jar:/home/user/.m2/repository/org/apache/commons/commons-math3/3.1.1/commons-math3-3.1.1.jar:/home/user/.m2/repository/org/openjdk/jmh/jmh-generator-annprocess/1.19/jmh-generator-annprocess-1.19.jar:/home/user/.m2/repository/org/mockito/mockito-all/1.8.5/mockito-all-1.8.5.jar:/home/user/.m2/repository/org/apache/hadoop/hadoop-kms/3.2.0/hadoop-kms-3.2.0.jar:/home/user/.m2/repository/org/apache/hadoop/hadoop-auth/3.2.0/hadoop-auth-3.2.0.jar:/home/user/.m2/repository/com/nimbusds/nimbus-jose-jwt/4.41.1/nimbus-jose-jwt-4.41.1.jar:/home/user/.m2/repository/com/github/stephenc/jcip/jcip-annotations/1.0-1/jcip-annotations-1.0-1.jar:/home/user/.m2/repository/net/minidev/json-smart/2.3/json-smart-2.3.jar:/home/user/.m2/repository/net/minidev/accessors-smart/1.2/accessors-smart-1.2.jar:/home/user/.m2/repository/org/ow2/asm/asm/5.0.4/asm-5.0.4.jar:/home/user/.m2/repository/org/apache/curator/curator-framework/2.12.0/curator-framework-2.12.0.jar:/home/user/.m2/repository/com/sun/jersey/jersey-core/1.19/jersey-core-1.19.jar:/home/user/.m2/repository/javax/ws/rs/jsr311-api/1.1.1/jsr311-api-1.1.1.jar:/home/user/.m2/repository/com/sun/jersey/jersey-server/1.19/jersey-server-1.19.jar:/home/user/.m2/repository/javax/servlet/javax.servlet-api/3.1.0/javax.servlet-api-3.1.0.jar:/home/user/.m2/repository/org/eclipse/jetty/jetty-server/9.3.25.v20180904/jetty-server-9.3.25.v20180904.jar:/home/user/.m2/repository/org/eclipse/jetty/jetty-http/9.3.25.v20180904/jetty-http-9.3.25.v20180904.jar:/home/user/.m2/repository/org/eclipse/jetty/jetty-io/9.3.25.v20180904/jetty-io-9.3.25.v20180904.jar:/home/user/.m2/repository/org/eclipse/jetty/jetty-webapp/9.3.25.v20180904/jetty-webapp-9.3.25.v20180904.jar:/home/user/.m2/repository/org/eclipse/jetty/jetty-xml/9.3.25.v20180904/jetty-xml-9.3.25.v20180904.jar:/home/user/.m2/repository/log4j/log4j/1.2.17/log4j-1.2.17.jar:/home/user/.m2/repository/org/slf4j/slf4j-api/1.7.25/slf4j-api-1.7.25.jar:/home/user/.m2/repository/org/slf4j/jul-to-slf4j/1.7.25/jul-to-slf4j-1.7.25.jar:/home/user/.m2/repository/org/eclipse/jetty/jetty-util/9.3.25.v20180904/jetty-util-9.3.25.v20180904.jar:/home/user/.m2/repository/com/fasterxml/jackson/core/jackson-databind/2.9.9/jackson-databind-2.9.9.jar:/home/user/.m2/repository/org/apache/hadoop/hadoop-kms/3.2.0/hadoop-kms-3.2.0-tests.jar:/home/user/.m2/repository/org/apache/hadoop/hadoop-hdds-server-scm/0.5.0-SNAPSHOT/hadoop-hdds-server-scm-0.5.0-SNAPSHOT-tests.jar:/home/user/.m2/repository/org/apache/hadoop/hadoop-hdds-container-service/0.5.0-SNAPSHOT/hadoop-hdds-container-service-0.5.0-SNAPSHOT-tests.jar:/home/user/.m2/repository/org/yaml/snakeyaml/1.16/snakeyaml-1.16.jar:/home/user/.m2/repository/org/apache/hadoop/hadoop-common/3.2.0/hadoop-common-3.2.0-tests.jar:/home/user/.m2/repository/org/apache/hadoop/hadoop-annotations/3.2.0/hadoop-annotations-3.2.0.jar:/usr/lib/jvm/java-1.8-openjdk/jre/../lib/tools.jar:/home/user/.m2/repository/commons-cli/commons-cli/1.2/commons-cli-1.2.jar:/home/user/.m2/repository/org/apache/httpcomponents/httpclient/4.5.2/httpclient-4.5.2.jar:/home/user/.m2/repository/org/apache/httpcomponents/httpcore/4.4.4/httpcore-4.4.4.jar:/home/user/.m2/repository/commons-codec/commons-codec/1.11/commons-codec-1.11.jar:/home/user/.m2/repository/commons-net/commons-net/3.6/commons-net-3.6.jar:/home/user/.m2/repository/commons-collections/commons-collections/3.2.2/commons-collections-3.2.2.jar:/home/user/.m2/repository/org/eclipse/jetty/jetty-servlet/9.3.25.v20180904/jetty-servlet-9.3.25.v20180904.jar:/home/user/.m2/repository/org/eclipse/jetty/jetty-security/9.3.25.v20180904/jetty-security-9.3.25.v20180904.jar:/home/user/.m2/repository/javax/servlet/jsp/jsp-api/2.1/jsp-api-2.1.jar:/home/user/.m2/repository/com/sun/jersey/jersey-servlet/1.19/jersey-servlet-1.19.jar:/home/user/.m2/repository/com/sun/jersey/jersey-json/1.19/jersey-json-1.19.jar:/home/user/.m2/repository/org/codehaus/jettison/jettison/1.1/jettison-1.1.jar:/home/user/.m2/repository/org/codehaus/jackson/jackson-core-asl/1.9.13/jackson-core-asl-1.9.13.jar:/home/user/.m2/repository/org/codehaus/jackson/jackson-mapper-asl/1.9.13/jackson-mapper-asl-1.9.13.jar:/home/user/.m2/repository/org/codehaus/jackson/jackson-jaxrs/1.9.13/jackson-jaxrs-1.9.13.jar:/home/user/.m2/repository/org/codehaus/jackson/jackson-xc/1.9.13/jackson-xc-1.9.13.jar:/home/user/.m2/repository/commons-logging/commons-logging/1.1.3/commons-logging-1.1.3.jar:/home/user/.m2/repository/commons-beanutils/commons-beanutils/1.9.4/commons-beanutils-1.9.4.jar:/home/user/.m2/repository/org/apache/commons/commons-configuration2/2.1.1/commons-configuration2-2.1.1.jar:/home/user/.m2/repository/org/apache/commons/commons-lang3/3.7/commons-lang3-3.7.jar:/home/user/.m2/repository/org/apache/commons/commons-text/1.4/commons-text-1.4.jar:/home/user/.m2/repository/org/apache/avro/avro/1.7.7/avro-1.7.7.jar:/home/user/.m2/repository/com/thoughtworks/paranamer/paranamer/2.3/paranamer-2.3.jar:/home/user/.m2/repository/org/xerial/snappy/snappy-java/1.0.5/snappy-java-1.0.5.jar:/home/user/.m2/repository/com/google/re2j/re2j/1.1/re2j-1.1.jar:/home/user/.m2/repository/com/google/code/gson/gson/2.2.4/gson-2.2.4.jar:/home/user/.m2/repository/com/jcraft/jsch/0.1.54/jsch-0.1.54.jar:/home/user/.m2/repository/org/apache/curator/curator-client/2.12.0/curator-client-2.12.0.jar:/home/user/.m2/repository/org/apache/curator/curator-recipes/2.12.0/curator-recipes-2.12.0.jar:/home/user/.m2/repository/com/google/code/findbugs/jsr305/3.0.0/jsr305-3.0.0.jar:/home/user/.m2/repository/org/apache/htrace/htrace-core4/4.1.0-incubating/htrace-core4-4.1.0-incubating.jar:/home/user/.m2/repository/org/apache/zookeeper/zookeeper/3.4.13/zookeeper-3.4.13.jar:/home/user/.m2/repository/jline/jline/0.9.94/jline-0.9.94.jar:/home/user/.m2/repository/org/apache/yetus/audience-annotations/0.5.0/audience-annotations-0.5.0.jar:/home/user/.m2/repository/org/codehaus/woodstox/stax2-api/3.1.4/stax2-api-3.1.4.jar:/home/user/.m2/repository/com/fasterxml/woodstox/woodstox-core/5.0.3/woodstox-core-5.0.3.jar:/home/user/.m2/repository/dnsjava/dnsjava/2.1.7/dnsjava-2.1.7.jar:/home/user/.m2/repository/org/apache/hadoop/hadoop-hdfs/3.2.0/hadoop-hdfs-3.2.0-tests.jar:/home/user/.m2/repository/org/eclipse/jetty/jetty-util-ajax/9.3.25.v20180904/jetty-util-ajax-9.3.25.v20180904.jar:/home/user/.m2/repository/commons-daemon/commons-daemon/1.0.13/commons-daemon-1.0.13.jar:/home/user/.m2/repository/io/netty/netty/3.10.5.Final/netty-3.10.5.Final.jar:/home/user/.m2/repository/io/netty/netty-all/4.0.52.Final/netty-all-4.0.52.Final.jar:/home/user/.m2/repository/org/fusesource/leveldbjni/leveldbjni-all/1.8/leveldbjni-all-1.8.jar:"/>
    <property name="java.vm.vendor" value="IcedTea"/>
    <property name="sun.arch.data.model" value="64"/>
    <property name="test.build.dir" value="/workdir/hadoop-ozone/integration-test/target/test-dir"/>
    <property name="test.cache.data" value=""/>
    <property name="java.vendor.url" value="https://icedtea.classpath.org"/>
    <property name="user.timezone" value=""/>
    <property name="java.vm.specification.version" value="1.8"/>
    <property name="os.name" value="Linux"/>
    <property name="test.build.data" value="/workdir/hadoop-ozone/integration-test/target/test-dir"/>
    <property name="user.country" value="US"/>
    <property name="sun.java.launcher" value="SUN_STANDARD"/>
    <property name="sun.boot.library.path" value="/usr/lib/jvm/java-1.8-openjdk/jre/lib/amd64"/>
    <property name="sun.java.command" value="/workdir/hadoop-ozone/integration-test/target/surefire/surefirebooter4041872956113468453.jar /workdir/hadoop-ozone/integration-test/target/surefire 2019-10-11T00-58-54_096-jvmRun1 surefire8472366503716000670tmp surefire_202842521394229558545tmp"/>
    <property name="test" value="!TestMiniChaosOzoneCluster"/>
    <property name="surefire.test.class.path" value="/workdir/hadoop-ozone/integration-test/target/test-classes:/workdir/hadoop-ozone/integration-test/target/classes:/home/user/.m2/repository/org/apache/hadoop/hadoop-ozone-common/0.5.0-SNAPSHOT/hadoop-ozone-common-0.5.0-SNAPSHOT.jar:/home/user/.m2/repository/org/apache/commons/commons-compress/1.4.1/commons-compress-1.4.1.jar:/home/user/.m2/repository/org/tukaani/xz/1.0/xz-1.0.jar:/home/user/.m2/repository/org/apache/hadoop/hadoop-common/3.2.0/hadoop-common-3.2.0.jar:/home/user/.m2/repository/org/apache/hadoop/hadoop-hdfs/3.2.0/hadoop-hdfs-3.2.0.jar:/home/user/.m2/repository/org/apache/hadoop/hadoop-hdfs-client/3.2.0/hadoop-hdfs-client-3.2.0.jar:/home/user/.m2/repository/com/fasterxml/jackson/core/jackson-annotations/2.9.9/jackson-annotations-2.9.9.jar:/home/user/.m2/repository/org/apache/hadoop/hadoop-hdds-common/0.5.0-SNAPSHOT/hadoop-hdds-common-0.5.0-SNAPSHOT.jar:/home/user/.m2/repository/javax/annotation/javax.annotation-api/1.2/javax.annotation-api-1.2.jar:/home/user/.m2/repository/org/apache/ratis/ratis-server/0.5.0-201fc85-SNAPSHOT/ratis-server-0.5.0-201fc85-SNAPSHOT.jar:/home/user/.m2/repository/org/apache/ratis/ratis-thirdparty-misc/0.2.0/ratis-thirdparty-misc-0.2.0.jar:/home/user/.m2/repository/org/apache/ratis/ratis-proto/0.5.0-201fc85-SNAPSHOT/ratis-proto-0.5.0-201fc85-SNAPSHOT.jar:/home/user/.m2/repository/org/apache/ratis/ratis-common/0.5.0-201fc85-SNAPSHOT/ratis-common-0.5.0-201fc85-SNAPSHOT.jar:/home/user/.m2/repository/org/apache/ratis/ratis-client/0.5.0-201fc85-SNAPSHOT/ratis-client-0.5.0-201fc85-SNAPSHOT.jar:/home/user/.m2/repository/org/apache/ratis/ratis-metrics/0.5.0-201fc85-SNAPSHOT/ratis-metrics-0.5.0-201fc85-SNAPSHOT.jar:/home/user/.m2/repository/com/github/joshelser/dropwizard-metrics-hadoop-metrics2-reporter/0.1.2/dropwizard-metrics-hadoop-metrics2-reporter-0.1.2.jar:/home/user/.m2/repository/io/dropwizard/metrics/metrics-jvm/3.2.5/metrics-jvm-3.2.5.jar:/home/user/.m2/repository/io/dropwizard/metrics/metrics-ganglia/3.2.5/metrics-ganglia-3.2.5.jar:/home/user/.m2/repository/info/ganglia/gmetric4j/gmetric4j/1.0.7/gmetric4j-1.0.7.jar:/home/user/.m2/repository/org/apache/ratis/ratis-netty/0.5.0-201fc85-SNAPSHOT/ratis-netty-0.5.0-201fc85-SNAPSHOT.jar:/home/user/.m2/repository/org/apache/ratis/ratis-grpc/0.5.0-201fc85-SNAPSHOT/ratis-grpc-0.5.0-201fc85-SNAPSHOT.jar:/home/user/.m2/repository/org/rocksdb/rocksdbjni/6.0.1/rocksdbjni-6.0.1.jar:/home/user/.m2/repository/org/apache/logging/log4j/log4j-api/2.11.0/log4j-api-2.11.0.jar:/home/user/.m2/repository/org/apache/logging/log4j/log4j-core/2.11.0/log4j-core-2.11.0.jar:/home/user/.m2/repository/com/lmax/disruptor/3.4.2/disruptor-3.4.2.jar:/home/user/.m2/repository/org/apache/commons/commons-pool2/2.6.0/commons-pool2-2.6.0.jar:/home/user/.m2/repository/org/bouncycastle/bcpkix-jdk15on/1.60/bcpkix-jdk15on-1.60.jar:/home/user/.m2/repository/commons-validator/commons-validator/1.6/commons-validator-1.6.jar:/home/user/.m2/repository/commons-digester/commons-digester/1.8.1/commons-digester-1.8.1.jar:/home/user/.m2/repository/io/jaegertracing/jaeger-client/0.34.0/jaeger-client-0.34.0.jar:/home/user/.m2/repository/io/jaegertracing/jaeger-thrift/0.34.0/jaeger-thrift-0.34.0.jar:/home/user/.m2/repository/org/apache/thrift/libthrift/0.12.0/libthrift-0.12.0.jar:/home/user/.m2/repository/com/squareup/okhttp3/okhttp/3.9.0/okhttp-3.9.0.jar:/home/user/.m2/repository/com/squareup/okio/okio/1.13.0/okio-1.13.0.jar:/home/user/.m2/repository/io/jaegertracing/jaeger-core/0.34.0/jaeger-core-0.34.0.jar:/home/user/.m2/repository/io/jaegertracing/jaeger-tracerresolver/0.34.0/jaeger-tracerresolver-0.34.0.jar:/home/user/.m2/repository/io/opentracing/contrib/opentracing-tracerresolver/0.1.5/opentracing-tracerresolver-0.1.5.jar:/home/user/.m2/repository/io/opentracing/opentracing-util/0.31.0/opentracing-util-0.31.0.jar:/home/user/.m2/repository/io/opentracing/opentracing-api/0.31.0/opentracing-api-0.31.0.jar:/home/user/.m2/repository/io/opentracing/opentracing-noop/0.31.0/opentracing-noop-0.31.0.jar:/home/user/.m2/repository/org/apache/hadoop/hadoop-hdds-server-framework/0.5.0-SNAPSHOT/hadoop-hdds-server-framework-0.5.0-SNAPSHOT.jar:/home/user/.m2/repository/org/apache/hadoop/hadoop-hdds-container-service/0.5.0-SNAPSHOT/hadoop-hdds-container-service-0.5.0-SNAPSHOT.jar:/home/user/.m2/repository/org/apache/hadoop/hadoop-hdds-client/0.5.0-SNAPSHOT/hadoop-hdds-client-0.5.0-SNAPSHOT.jar:/home/user/.m2/repository/org/apache/hadoop/hadoop-hdds-tools/0.5.0-SNAPSHOT/hadoop-hdds-tools-0.5.0-SNAPSHOT.jar:/home/user/.m2/repository/org/apache/hadoop/hadoop-hdds-server-scm/0.5.0-SNAPSHOT/hadoop-hdds-server-scm-0.5.0-SNAPSHOT.jar:/home/user/.m2/repository/org/apache/hadoop/hadoop-hdds-docs/0.5.0-SNAPSHOT/hadoop-hdds-docs-0.5.0-SNAPSHOT.jar:/home/user/.m2/repository/io/dropwizard/metrics/metrics-core/3.2.4/metrics-core-3.2.4.jar:/home/user/.m2/repository/org/hamcrest/hamcrest-all/1.3/hamcrest-all-1.3.jar:/home/user/.m2/repository/org/bouncycastle/bcprov-jdk15on/1.60/bcprov-jdk15on-1.60.jar:/home/user/.m2/repository/info/picocli/picocli/3.9.6/picocli-3.9.6.jar:/home/user/.m2/repository/com/google/protobuf/protobuf-java/2.5.0/protobuf-java-2.5.0.jar:/home/user/.m2/repository/com/google/guava/guava/11.0.2/guava-11.0.2.jar:/home/user/.m2/repository/org/apache/hadoop/hadoop-ozone-ozone-manager/0.5.0-SNAPSHOT/hadoop-ozone-ozone-manager-0.5.0-SNAPSHOT.jar:/home/user/.m2/repository/org/apache/hadoop/hadoop-minikdc/3.2.0/hadoop-minikdc-3.2.0.jar:/home/user/.m2/repository/commons-io/commons-io/2.5/commons-io-2.5.jar:/home/user/.m2/repository/org/apache/kerby/kerb-simplekdc/1.0.1/kerb-simplekdc-1.0.1.jar:/home/user/.m2/repository/org/apache/kerby/kerb-client/1.0.1/kerb-client-1.0.1.jar:/home/user/.m2/repository/org/apache/kerby/kerby-config/1.0.1/kerby-config-1.0.1.jar:/home/user/.m2/repository/org/apache/kerby/kerb-core/1.0.1/kerb-core-1.0.1.jar:/home/user/.m2/repository/org/apache/kerby/kerby-pkix/1.0.1/kerby-pkix-1.0.1.jar:/home/user/.m2/repository/org/apache/kerby/kerby-asn1/1.0.1/kerby-asn1-1.0.1.jar:/home/user/.m2/repository/org/apache/kerby/kerby-util/1.0.1/kerby-util-1.0.1.jar:/home/user/.m2/repository/org/apache/kerby/kerb-common/1.0.1/kerb-common-1.0.1.jar:/home/user/.m2/repository/org/apache/kerby/kerb-crypto/1.0.1/kerb-crypto-1.0.1.jar:/home/user/.m2/repository/org/apache/kerby/kerb-util/1.0.1/kerb-util-1.0.1.jar:/home/user/.m2/repository/org/apache/kerby/token-provider/1.0.1/token-provider-1.0.1.jar:/home/user/.m2/repository/org/apache/kerby/kerb-admin/1.0.1/kerb-admin-1.0.1.jar:/home/user/.m2/repository/org/apache/kerby/kerb-server/1.0.1/kerb-server-1.0.1.jar:/home/user/.m2/repository/org/apache/kerby/kerb-identity/1.0.1/kerb-identity-1.0.1.jar:/home/user/.m2/repository/org/apache/kerby/kerby-xdr/1.0.1/kerby-xdr-1.0.1.jar:/home/user/.m2/repository/org/slf4j/slf4j-log4j12/1.7.25/slf4j-log4j12-1.7.25.jar:/home/user/.m2/repository/org/apache/hadoop/hadoop-ozone-s3gateway/0.5.0-SNAPSHOT/hadoop-ozone-s3gateway-0.5.0-SNAPSHOT.jar:/home/user/.m2/repository/org/jboss/weld/servlet/weld-servlet/2.4.7.Final/weld-servlet-2.4.7.Final.jar:/home/user/.m2/repository/org/glassfish/jersey/containers/jersey-container-servlet-core/2.27/jersey-container-servlet-core-2.27.jar:/home/user/.m2/repository/org/glassfish/hk2/external/javax.inject/2.5.0-b42/javax.inject-2.5.0-b42.jar:/home/user/.m2/repository/org/glassfish/jersey/core/jersey-common/2.27/jersey-common-2.27.jar:/home/user/.m2/repository/org/glassfish/hk2/osgi-resource-locator/1.0.1/osgi-resource-locator-1.0.1.jar:/home/user/.m2/repository/javax/ws/rs/javax.ws.rs-api/2.1/javax.ws.rs-api-2.1.jar:/home/user/.m2/repository/org/glassfish/jersey/ext/cdi/jersey-cdi1x/2.27/jersey-cdi1x-2.27.jar:/home/user/.m2/repository/org/glassfish/jersey/inject/jersey-hk2/2.27/jersey-hk2-2.27.jar:/home/user/.m2/repository/org/glassfish/hk2/hk2-locator/2.5.0-b42/hk2-locator-2.5.0-b42.jar:/home/user/.m2/repository/org/javassist/javassist/3.22.0-CR2/javassist-3.22.0-CR2.jar:/home/user/.m2/repository/org/glassfish/hk2/hk2-api/2.5.0/hk2-api-2.5.0.jar:/home/user/.m2/repository/org/glassfish/hk2/external/jakarta.inject/2.5.0/jakarta.inject-2.5.0.jar:/home/user/.m2/repository/org/glassfish/hk2/hk2-utils/2.5.0/hk2-utils-2.5.0.jar:/home/user/.m2/repository/jakarta/annotation/jakarta.annotation-api/1.3.4/jakarta.annotation-api-1.3.4.jar:/home/user/.m2/repository/org/glassfish/hk2/external/aopalliance-repackaged/2.5.0/aopalliance-repackaged-2.5.0.jar:/home/user/.m2/repository/com/fasterxml/jackson/dataformat/jackson-dataformat-xml/2.9.0/jackson-dataformat-xml-2.9.0.jar:/home/user/.m2/repository/com/fasterxml/jackson/core/jackson-core/2.9.9/jackson-core-2.9.9.jar:/home/user/.m2/repository/com/fasterxml/jackson/module/jackson-module-jaxb-annotations/2.9.9/jackson-module-jaxb-annotations-2.9.9.jar:/home/user/.m2/repository/javax/enterprise/cdi-api/1.2/cdi-api-1.2.jar:/home/user/.m2/repository/javax/el/javax.el-api/3.0.0/javax.el-api-3.0.0.jar:/home/user/.m2/repository/javax/interceptor/javax.interceptor-api/1.2/javax.interceptor-api-1.2.jar:/home/user/.m2/repository/javax/inject/javax.inject/1/javax.inject-1.jar:/home/user/.m2/repository/com/sun/xml/bind/jaxb-impl/2.3.0.1/jaxb-impl-2.3.0.1.jar:/home/user/.m2/repository/com/sun/xml/bind/jaxb-core/2.3.0.1/jaxb-core-2.3.0.1.jar:/home/user/.m2/repository/javax/xml/bind/jaxb-api/2.3.0/jaxb-api-2.3.0.jar:/home/user/.m2/repository/javax/activation/activation/1.1.1/activation-1.1.1.jar:/home/user/.m2/repository/org/apache/hadoop/hadoop-ozone-csi/0.5.0-SNAPSHOT/hadoop-ozone-csi-0.5.0-SNAPSHOT.jar:/home/user/.m2/repository/com/google/protobuf/protobuf-java-util/3.5.1/protobuf-java-util-3.5.1.jar:/home/user/.m2/repository/org/apache/hadoop/hadoop-hdds-config/0.5.0-SNAPSHOT/hadoop-hdds-config-0.5.0-SNAPSHOT.jar:/home/user/.m2/repository/io/grpc/grpc-netty/1.17.1/grpc-netty-1.17.1.jar:/home/user/.m2/repository/io/grpc/grpc-core/1.17.1/grpc-core-1.17.1.jar:/home/user/.m2/repository/io/grpc/grpc-context/1.17.1/grpc-context-1.17.1.jar:/home/user/.m2/repository/com/google/errorprone/error_prone_annotations/2.2.0/error_prone_annotations-2.2.0.jar:/home/user/.m2/repository/org/codehaus/mojo/animal-sniffer-annotations/1.17/animal-sniffer-annotations-1.17.jar:/home/user/.m2/repository/io/opencensus/opencensus-api/0.17.0/opencensus-api-0.17.0.jar:/home/user/.m2/repository/io/opencensus/opencensus-contrib-grpc-metrics/0.17.0/opencensus-contrib-grpc-metrics-0.17.0.jar:/home/user/.m2/repository/io/netty/netty-codec-http2/4.1.30.Final/netty-codec-http2-4.1.30.Final.jar:/home/user/.m2/repository/io/netty/netty-codec-http/4.1.30.Final/netty-codec-http-4.1.30.Final.jar:/home/user/.m2/repository/io/netty/netty-codec/4.1.30.Final/netty-codec-4.1.30.Final.jar:/home/user/.m2/repository/io/netty/netty-handler/4.1.30.Final/netty-handler-4.1.30.Final.jar:/home/user/.m2/repository/io/netty/netty-handler-proxy/4.1.30.Final/netty-handler-proxy-4.1.30.Final.jar:/home/user/.m2/repository/io/netty/netty-codec-socks/4.1.30.Final/netty-codec-socks-4.1.30.Final.jar:/home/user/.m2/repository/io/netty/netty-transport-native-epoll/4.1.30.Final/netty-transport-native-epoll-4.1.30.Final.jar:/home/user/.m2/repository/io/netty/netty-common/4.1.30.Final/netty-common-4.1.30.Final.jar:/home/user/.m2/repository/io/netty/netty-buffer/4.1.30.Final/netty-buffer-4.1.30.Final.jar:/home/user/.m2/repository/io/netty/netty-transport/4.1.30.Final/netty-transport-4.1.30.Final.jar:/home/user/.m2/repository/io/netty/netty-resolver/4.1.30.Final/netty-resolver-4.1.30.Final.jar:/home/user/.m2/repository/io/netty/netty-transport-native-unix-common/4.1.30.Final/netty-transport-native-unix-common-4.1.30.Final.jar:/home/user/.m2/repository/io/grpc/grpc-protobuf/1.17.1/grpc-protobuf-1.17.1.jar:/home/user/.m2/repository/com/google/api/grpc/proto-google-common-protos/1.0.0/proto-google-common-protos-1.0.0.jar:/home/user/.m2/repository/io/grpc/grpc-protobuf-lite/1.17.1/grpc-protobuf-lite-1.17.1.jar:/home/user/.m2/repository/io/grpc/grpc-stub/1.17.1/grpc-stub-1.17.1.jar:/home/user/.m2/repository/org/apache/hadoop/hadoop-ozone-recon/0.5.0-SNAPSHOT/hadoop-ozone-recon-0.5.0-SNAPSHOT.jar:/home/user/.m2/repository/org/apache/hadoop/hadoop-ozone-reconcodegen/0.5.0-SNAPSHOT/hadoop-ozone-reconcodegen-0.5.0-SNAPSHOT.jar:/home/user/.m2/repository/com/google/inject/extensions/guice-multibindings/4.0/guice-multibindings-4.0.jar:/home/user/.m2/repository/com/google/inject/guice/4.0/guice-4.0.jar:/home/user/.m2/repository/aopalliance/aopalliance/1.0/aopalliance-1.0.jar:/home/user/.m2/repository/com/google/inject/extensions/guice-servlet/4.0/guice-servlet-4.0.jar:/home/user/.m2/repository/org/glassfish/jersey/containers/jersey-container-servlet/2.27/jersey-container-servlet-2.27.jar:/home/user/.m2/repository/org/glassfish/hk2/guice-bridge/2.5.0/guice-bridge-2.5.0.jar:/home/user/.m2/repository/org/glassfish/jersey/core/jersey-server/2.27/jersey-server-2.27.jar:/home/user/.m2/repository/org/glassfish/jersey/core/jersey-client/2.27/jersey-client-2.27.jar:/home/user/.m2/repository/org/glassfish/jersey/media/jersey-media-jaxb/2.27/jersey-media-jaxb-2.27.jar:/home/user/.m2/repository/javax/validation/validation-api/1.1.0.Final/validation-api-1.1.0.Final.jar:/home/user/.m2/repository/org/glassfish/jersey/media/jersey-media-json-jackson/2.27/jersey-media-json-jackson-2.27.jar:/home/user/.m2/repository/org/glassfish/jersey/ext/jersey-entity-filtering/2.27/jersey-entity-filtering-2.27.jar:/home/user/.m2/repository/com/google/inject/extensions/guice-assistedinject/4.0/guice-assistedinject-4.0.jar:/home/user/.m2/repository/org/jooq/jooq/3.11.10/jooq-3.11.10.jar:/home/user/.m2/repository/org/jooq/jooq-meta/3.11.10/jooq-meta-3.11.10.jar:/home/user/.m2/repository/org/jooq/jooq-codegen/3.11.10/jooq-codegen-3.11.10.jar:/home/user/.m2/repository/com/jolbox/bonecp/0.8.0.RELEASE/bonecp-0.8.0.RELEASE.jar:/home/user/.m2/repository/org/xerial/sqlite-jdbc/3.25.2/sqlite-jdbc-3.25.2.jar:/home/user/.m2/repository/org/springframework/spring-jdbc/5.1.3.RELEASE/spring-jdbc-5.1.3.RELEASE.jar:/home/user/.m2/repository/org/springframework/spring-beans/5.1.3.RELEASE/spring-beans-5.1.3.RELEASE.jar:/home/user/.m2/repository/org/springframework/spring-core/5.1.3.RELEASE/spring-core-5.1.3.RELEASE.jar:/home/user/.m2/repository/org/springframework/spring-jcl/5.1.3.RELEASE/spring-jcl-5.1.3.RELEASE.jar:/home/user/.m2/repository/org/springframework/spring-tx/5.1.3.RELEASE/spring-tx-5.1.3.RELEASE.jar:/home/user/.m2/repository/org/apache/hadoop/hadoop-ozone-client/0.5.0-SNAPSHOT/hadoop-ozone-client-0.5.0-SNAPSHOT.jar:/home/user/.m2/repository/commons-lang/commons-lang/2.6/commons-lang-2.6.jar:/home/user/.m2/repository/org/apache/hadoop/hadoop-ozone-ozone-manager/0.5.0-SNAPSHOT/hadoop-ozone-ozone-manager-0.5.0-SNAPSHOT-tests.jar:/home/user/.m2/repository/junit/junit/4.11/junit-4.11.jar:/home/user/.m2/repository/org/hamcrest/hamcrest-core/1.3/hamcrest-core-1.3.jar:/home/user/.m2/repository/org/openjdk/jmh/jmh-core/1.19/jmh-core-1.19.jar:/home/user/.m2/repository/net/sf/jopt-simple/jopt-simple/4.6/jopt-simple-4.6.jar:/home/user/.m2/repository/org/apache/commons/commons-math3/3.1.1/commons-math3-3.1.1.jar:/home/user/.m2/repository/org/openjdk/jmh/jmh-generator-annprocess/1.19/jmh-generator-annprocess-1.19.jar:/home/user/.m2/repository/org/mockito/mockito-all/1.8.5/mockito-all-1.8.5.jar:/home/user/.m2/repository/org/apache/hadoop/hadoop-kms/3.2.0/hadoop-kms-3.2.0.jar:/home/user/.m2/repository/org/apache/hadoop/hadoop-auth/3.2.0/hadoop-auth-3.2.0.jar:/home/user/.m2/repository/com/nimbusds/nimbus-jose-jwt/4.41.1/nimbus-jose-jwt-4.41.1.jar:/home/user/.m2/repository/com/github/stephenc/jcip/jcip-annotations/1.0-1/jcip-annotations-1.0-1.jar:/home/user/.m2/repository/net/minidev/json-smart/2.3/json-smart-2.3.jar:/home/user/.m2/repository/net/minidev/accessors-smart/1.2/accessors-smart-1.2.jar:/home/user/.m2/repository/org/ow2/asm/asm/5.0.4/asm-5.0.4.jar:/home/user/.m2/repository/org/apache/curator/curator-framework/2.12.0/curator-framework-2.12.0.jar:/home/user/.m2/repository/com/sun/jersey/jersey-core/1.19/jersey-core-1.19.jar:/home/user/.m2/repository/javax/ws/rs/jsr311-api/1.1.1/jsr311-api-1.1.1.jar:/home/user/.m2/repository/com/sun/jersey/jersey-server/1.19/jersey-server-1.19.jar:/home/user/.m2/repository/javax/servlet/javax.servlet-api/3.1.0/javax.servlet-api-3.1.0.jar:/home/user/.m2/repository/org/eclipse/jetty/jetty-server/9.3.25.v20180904/jetty-server-9.3.25.v20180904.jar:/home/user/.m2/repository/org/eclipse/jetty/jetty-http/9.3.25.v20180904/jetty-http-9.3.25.v20180904.jar:/home/user/.m2/repository/org/eclipse/jetty/jetty-io/9.3.25.v20180904/jetty-io-9.3.25.v20180904.jar:/home/user/.m2/repository/org/eclipse/jetty/jetty-webapp/9.3.25.v20180904/jetty-webapp-9.3.25.v20180904.jar:/home/user/.m2/repository/org/eclipse/jetty/jetty-xml/9.3.25.v20180904/jetty-xml-9.3.25.v20180904.jar:/home/user/.m2/repository/log4j/log4j/1.2.17/log4j-1.2.17.jar:/home/user/.m2/repository/org/slf4j/slf4j-api/1.7.25/slf4j-api-1.7.25.jar:/home/user/.m2/repository/org/slf4j/jul-to-slf4j/1.7.25/jul-to-slf4j-1.7.25.jar:/home/user/.m2/repository/org/eclipse/jetty/jetty-util/9.3.25.v20180904/jetty-util-9.3.25.v20180904.jar:/home/user/.m2/repository/com/fasterxml/jackson/core/jackson-databind/2.9.9/jackson-databind-2.9.9.jar:/home/user/.m2/repository/org/apache/hadoop/hadoop-kms/3.2.0/hadoop-kms-3.2.0-tests.jar:/home/user/.m2/repository/org/apache/hadoop/hadoop-hdds-server-scm/0.5.0-SNAPSHOT/hadoop-hdds-server-scm-0.5.0-SNAPSHOT-tests.jar:/home/user/.m2/repository/org/apache/hadoop/hadoop-hdds-container-service/0.5.0-SNAPSHOT/hadoop-hdds-container-service-0.5.0-SNAPSHOT-tests.jar:/home/user/.m2/repository/org/yaml/snakeyaml/1.16/snakeyaml-1.16.jar:/home/user/.m2/repository/org/apache/hadoop/hadoop-common/3.2.0/hadoop-common-3.2.0-tests.jar:/home/user/.m2/repository/org/apache/hadoop/hadoop-annotations/3.2.0/hadoop-annotations-3.2.0.jar:/usr/lib/jvm/java-1.8-openjdk/jre/../lib/tools.jar:/home/user/.m2/repository/commons-cli/commons-cli/1.2/commons-cli-1.2.jar:/home/user/.m2/repository/org/apache/httpcomponents/httpclient/4.5.2/httpclient-4.5.2.jar:/home/user/.m2/repository/org/apache/httpcomponents/httpcore/4.4.4/httpcore-4.4.4.jar:/home/user/.m2/repository/commons-codec/commons-codec/1.11/commons-codec-1.11.jar:/home/user/.m2/repository/commons-net/commons-net/3.6/commons-net-3.6.jar:/home/user/.m2/repository/commons-collections/commons-collections/3.2.2/commons-collections-3.2.2.jar:/home/user/.m2/repository/org/eclipse/jetty/jetty-servlet/9.3.25.v20180904/jetty-servlet-9.3.25.v20180904.jar:/home/user/.m2/repository/org/eclipse/jetty/jetty-security/9.3.25.v20180904/jetty-security-9.3.25.v20180904.jar:/home/user/.m2/repository/javax/servlet/jsp/jsp-api/2.1/jsp-api-2.1.jar:/home/user/.m2/repository/com/sun/jersey/jersey-servlet/1.19/jersey-servlet-1.19.jar:/home/user/.m2/repository/com/sun/jersey/jersey-json/1.19/jersey-json-1.19.jar:/home/user/.m2/repository/org/codehaus/jettison/jettison/1.1/jettison-1.1.jar:/home/user/.m2/repository/org/codehaus/jackson/jackson-core-asl/1.9.13/jackson-core-asl-1.9.13.jar:/home/user/.m2/repository/org/codehaus/jackson/jackson-mapper-asl/1.9.13/jackson-mapper-asl-1.9.13.jar:/home/user/.m2/repository/org/codehaus/jackson/jackson-jaxrs/1.9.13/jackson-jaxrs-1.9.13.jar:/home/user/.m2/repository/org/codehaus/jackson/jackson-xc/1.9.13/jackson-xc-1.9.13.jar:/home/user/.m2/repository/commons-logging/commons-logging/1.1.3/commons-logging-1.1.3.jar:/home/user/.m2/repository/commons-beanutils/commons-beanutils/1.9.4/commons-beanutils-1.9.4.jar:/home/user/.m2/repository/org/apache/commons/commons-configuration2/2.1.1/commons-configuration2-2.1.1.jar:/home/user/.m2/repository/org/apache/commons/commons-lang3/3.7/commons-lang3-3.7.jar:/home/user/.m2/repository/org/apache/commons/commons-text/1.4/commons-text-1.4.jar:/home/user/.m2/repository/org/apache/avro/avro/1.7.7/avro-1.7.7.jar:/home/user/.m2/repository/com/thoughtworks/paranamer/paranamer/2.3/paranamer-2.3.jar:/home/user/.m2/repository/org/xerial/snappy/snappy-java/1.0.5/snappy-java-1.0.5.jar:/home/user/.m2/repository/com/google/re2j/re2j/1.1/re2j-1.1.jar:/home/user/.m2/repository/com/google/code/gson/gson/2.2.4/gson-2.2.4.jar:/home/user/.m2/repository/com/jcraft/jsch/0.1.54/jsch-0.1.54.jar:/home/user/.m2/repository/org/apache/curator/curator-client/2.12.0/curator-client-2.12.0.jar:/home/user/.m2/repository/org/apache/curator/curator-recipes/2.12.0/curator-recipes-2.12.0.jar:/home/user/.m2/repository/com/google/code/findbugs/jsr305/3.0.0/jsr305-3.0.0.jar:/home/user/.m2/repository/org/apache/htrace/htrace-core4/4.1.0-incubating/htrace-core4-4.1.0-incubating.jar:/home/user/.m2/repository/org/apache/zookeeper/zookeeper/3.4.13/zookeeper-3.4.13.jar:/home/user/.m2/repository/jline/jline/0.9.94/jline-0.9.94.jar:/home/user/.m2/repository/org/apache/yetus/audience-annotations/0.5.0/audience-annotations-0.5.0.jar:/home/user/.m2/repository/org/codehaus/woodstox/stax2-api/3.1.4/stax2-api-3.1.4.jar:/home/user/.m2/repository/com/fasterxml/woodstox/woodstox-core/5.0.3/woodstox-core-5.0.3.jar:/home/user/.m2/repository/dnsjava/dnsjava/2.1.7/dnsjava-2.1.7.jar:/home/user/.m2/repository/org/apache/hadoop/hadoop-hdfs/3.2.0/hadoop-hdfs-3.2.0-tests.jar:/home/user/.m2/repository/org/eclipse/jetty/jetty-util-ajax/9.3.25.v20180904/jetty-util-ajax-9.3.25.v20180904.jar:/home/user/.m2/repository/commons-daemon/commons-daemon/1.0.13/commons-daemon-1.0.13.jar:/home/user/.m2/repository/io/netty/netty/3.10.5.Final/netty-3.10.5.Final.jar:/home/user/.m2/repository/io/netty/netty-all/4.0.52.Final/netty-all-4.0.52.Final.jar:/home/user/.m2/repository/org/fusesource/leveldbjni/leveldbjni-all/1.8/leveldbjni-all-1.8.jar:"/>
    <property name="sun.cpu.endian" value="little"/>
    <property name="user.home" value="/home/user"/>
    <property name="user.language" value="en"/>
    <property name="java.specification.vendor" value="Oracle Corporation"/>
    <property name="java.home" value="/usr/lib/jvm/java-1.8-openjdk/jre"/>
    <property name="java.security.krb5.conf" value="/workdir/hadoop-ozone/integration-test/target/test-classes/krb5.conf"/>
    <property name="basedir" value="/workdir/hadoop-ozone/integration-test"/>
    <property name="file.separator" value="/"/>
    <property name="line.separator" value="&#10;"/>
    <property name="java.vm.specification.vendor" value="Oracle Corporation"/>
    <property name="java.specification.name" value="Java Platform API Specification"/>
    <property name="java.awt.graphicsenv" value="sun.awt.X11GraphicsEnvironment"/>
    <property name="surefire.real.class.path" value="/workdir/hadoop-ozone/integration-test/target/surefire/surefirebooter4041872956113468453.jar"/>
    <property name="hadoop.log.dir" value="/workdir/hadoop-ozone/integration-test/target/log"/>
    <property name="sun.boot.class.path" value="/usr/lib/jvm/java-1.8-openjdk/jre/lib/resources.jar:/usr/lib/jvm/java-1.8-openjdk/jre/lib/rt.jar:/usr/lib/jvm/java-1.8-openjdk/jre/lib/sunrsasign.jar:/usr/lib/jvm/java-1.8-openjdk/jre/lib/jsse.jar:/usr/lib/jvm/java-1.8-openjdk/jre/lib/jce.jar:/usr/lib/jvm/java-1.8-openjdk/jre/lib/charsets.jar:/usr/lib/jvm/java-1.8-openjdk/jre/lib/jfr.jar:/usr/lib/jvm/java-1.8-openjdk/jre/classes"/>
    <property name="sun.management.compiler" value="HotSpot 64-Bit Tiered Compilers"/>
    <property name="java.runtime.version" value="1.8.0_212-b04"/>
    <property name="java.net.preferIPv4Stack" value="true"/>
    <property name="user.name" value="jenkins1000"/>
    <property name="path.separator" value=":"/>
    <property name="java.security.egd" value="file:///dev/urandom"/>
    <property name="os.version" value="3.10.0-957.12.2.el7.x86_64"/>
    <property name="java.endorsed.dirs" value="/usr/lib/jvm/java-1.8-openjdk/jre/lib/endorsed"/>
    <property name="java.runtime.name" value="OpenJDK Runtime Environment"/>
    <property name="file.encoding" value="UTF-8"/>
    <property name="java.vm.name" value="OpenJDK 64-Bit Server VM"/>
    <property name="test.build.webapps" value=""/>
    <property name="localRepository" value="/home/user/.m2/repository"/>
    <property name="java.vendor.url.bug" value="https://icedtea.classpath.org/bugzilla"/>
    <property name="java.io.tmpdir" value="/tmp"/>
    <property name="require.test.libhadoop" value=""/>
    <property name="java.version" value="1.8.0_212"/>
    <property name="user.dir" value="/workdir/hadoop-ozone/integration-test"/>
    <property name="os.arch" value="amd64"/>
    <property name="java.vm.specification.name" value="Java Virtual Machine Specification"/>
    <property name="test.build.classes" value="/workdir/hadoop-ozone/integration-test/target/test-classes"/>
    <property name="java.awt.printerjob" value="sun.print.PSPrinterJob"/>
    <property name="sun.os.patch.level" value="unknown"/>
    <property name="hadoop.tmp.dir" value="/workdir/hadoop-ozone/integration-test/target/tmp"/>
    <property name="java.library.path" value="/usr/lib/jvm/java-1.8-openjdk/jre/lib/amd64/server:/usr/lib/jvm/java-1.8-openjdk/jre/lib/amd64:/usr/lib/jvm/java-1.8-openjdk/jre/../lib/amd64:/workdir/hadoop-ozone/integration-test/target/native/target/usr/local/lib:/workdir/hadoop-ozone/integration-test/../../hadoop-common-project/hadoop-common/target/native/target/usr/local/lib:/usr/java/packages/lib/amd64:/usr/lib64:/lib64:/lib:/usr/lib"/>
    <property name="java.vm.info" value="mixed mode"/>
    <property name="java.vendor" value="IcedTea"/>
    <property name="java.vm.version" value="25.212-b04"/>
    <property name="java.ext.dirs" value="/usr/lib/jvm/java-1.8-openjdk/jre/lib/ext:/usr/java/packages/lib/ext"/>
    <property name="sun.io.unicode.encoding" value="UnicodeLittle"/>
    <property name="java.class.version" value="52.0"/>
  </properties>
  <testcase name="testWatchForCommitWithKeyWrite" classname="org.apache.hadoop.ozone.client.rpc.TestWatchForCommit" time="83.815"/>
  <testcase name="testWatchForCommitWithSmallerTimeoutValue" classname="org.apache.hadoop.ozone.client.rpc.TestWatchForCommit" time="42.377"/>
  <testcase name="testWatchForCommitForRetryfailure" classname="org.apache.hadoop.ozone.client.rpc.TestWatchForCommit" time="69.917"/>
  <testcase name="testWatchForCommitForGroupMismatchException" classname="org.apache.hadoop.ozone.client.rpc.TestWatchForCommit" time="37.93"/>
  <testcase name="test2WayCommitForTimeoutException" classname="org.apache.hadoop.ozone.client.rpc.TestWatchForCommit" time="26.588">
    <error message="org.apache.ratis.protocol.RaftRetryFailureException: Failed RaftClientRequest:client-6A08A4CF9899-&gt;57a60f02-ceee-4137-91ce-8a8862269ae4@group-26DC052DCB67, cid=104, seq=2*, RW, cmdType: CloseContainer&#10;traceID: &quot;d722d6600546764f:d722d6600546764f:0:0&quot;&#10;containerID: 1&#10;datanodeUuid: &quot;f7c0873a-f794-43cc-990b-555d216dee39&quot;&#10;closeContainer {&#10;}&#10;, data.size=0 for 20 attempts with RetryLimited(maxAttempts=20, sleepTime=1000ms)" type="java.util.concurrent.ExecutionException">java.util.concurrent.ExecutionException: 
org.apache.ratis.protocol.RaftRetryFailureException: Failed RaftClientRequest:client-6A08A4CF9899->57a60f02-ceee-4137-91ce-8a8862269ae4@group-26DC052DCB67, cid=104, seq=2*, RW, cmdType: CloseContainer
traceID: "d722d6600546764f:d722d6600546764f:0:0"
containerID: 1
datanodeUuid: "f7c0873a-f794-43cc-990b-555d216dee39"
closeContainer {
}
, data.size=0 for 20 attempts with RetryLimited(maxAttempts=20, sleepTime=1000ms)
	at java.util.concurrent.CompletableFuture.reportGet(CompletableFuture.java:357)
	at java.util.concurrent.CompletableFuture.get(CompletableFuture.java:1895)
	at org.apache.hadoop.ozone.client.rpc.TestWatchForCommit.test2WayCommitForTimeoutException(TestWatchForCommit.java:390)
	at sun.reflect.NativeMethodAccessorImpl.invoke0(Native Method)
	at sun.reflect.NativeMethodAccessorImpl.invoke(NativeMethodAccessorImpl.java:62)
	at sun.reflect.DelegatingMethodAccessorImpl.invoke(DelegatingMethodAccessorImpl.java:43)
	at java.lang.reflect.Method.invoke(Method.java:498)
	at org.junit.runners.model.FrameworkMethod$1.runReflectiveCall(FrameworkMethod.java:47)
	at org.junit.internal.runners.model.ReflectiveCallable.run(ReflectiveCallable.java:12)
	at org.junit.runners.model.FrameworkMethod.invokeExplosively(FrameworkMethod.java:44)
	at org.junit.internal.runners.statements.InvokeMethod.evaluate(InvokeMethod.java:17)
	at org.junit.runners.ParentRunner.runLeaf(ParentRunner.java:271)
	at org.junit.runners.BlockJUnit4ClassRunner.runChild(BlockJUnit4ClassRunner.java:70)
	at org.junit.runners.BlockJUnit4ClassRunner.runChild(BlockJUnit4ClassRunner.java:50)
	at org.junit.runners.ParentRunner$3.run(ParentRunner.java:238)
	at org.junit.runners.ParentRunner$1.schedule(ParentRunner.java:63)
	at org.junit.runners.ParentRunner.runChildren(ParentRunner.java:236)
	at org.junit.runners.ParentRunner.access$000(ParentRunner.java:53)
	at org.junit.runners.ParentRunner$2.evaluate(ParentRunner.java:229)
	at org.junit.runners.ParentRunner.run(ParentRunner.java:309)
	at org.apache.maven.surefire.junit4.JUnit4Provider.execute(JUnit4Provider.java:365)
	at org.apache.maven.surefire.junit4.JUnit4Provider.executeWithRerun(JUnit4Provider.java:273)
	at org.apache.maven.surefire.junit4.JUnit4Provider.executeTestSet(JUnit4Provider.java:238)
	at org.apache.maven.surefire.junit4.JUnit4Provider.invoke(JUnit4Provider.java:159)
	at org.apache.maven.surefire.booter.ForkedBooter.invokeProviderInSameClassLoader(ForkedBooter.java:384)
	at org.apache.maven.surefire.booter.ForkedBooter.runSuitesInProcess(ForkedBooter.java:345)
	at org.apache.maven.surefire.booter.ForkedBooter.execute(ForkedBooter.java:126)
	at org.apache.maven.surefire.booter.ForkedBooter.main(ForkedBooter.java:418)
Caused by: org.apache.ratis.protocol.RaftRetryFailureException: Failed RaftClientRequest:client-6A08A4CF9899->57a60f02-ceee-4137-91ce-8a8862269ae4@group-26DC052DCB67, cid=104, seq=2*, RW, cmdType: CloseContainer
traceID: "d722d6600546764f:d722d6600546764f:0:0"
containerID: 1
datanodeUuid: "f7c0873a-f794-43cc-990b-555d216dee39"
closeContainer {
}
, data.size=0 for 20 attempts with RetryLimited(maxAttempts=20, sleepTime=1000ms)
	at org.apache.ratis.client.impl.RaftClientImpl.noMoreRetries(RaftClientImpl.java:271)
	at org.apache.ratis.client.impl.OrderedAsync.handleAsyncRetryFailure(OrderedAsync.java:138)
	at org.apache.ratis.client.impl.OrderedAsync.lambda$sendRequest$10(OrderedAsync.java:230)
	at java.util.concurrent.CompletableFuture.uniExceptionally(CompletableFuture.java:870)
	at java.util.concurrent.CompletableFuture$UniExceptionally.tryFire(CompletableFuture.java:852)
	at java.util.concurrent.CompletableFuture.postComplete(CompletableFuture.java:474)
	at java.util.concurrent.CompletableFuture.completeExceptionally(CompletableFuture.java:1977)
	at org.apache.ratis.grpc.client.GrpcClientProtocolClient$AsyncStreamObservers.completeReplyExceptionally(GrpcClientProtocolClient.java:345)
	at org.apache.ratis.grpc.client.GrpcClientProtocolClient$AsyncStreamObservers.access$000(GrpcClientProtocolClient.java:261)
	at org.apache.ratis.grpc.client.GrpcClientProtocolClient$AsyncStreamObservers$1.onNext(GrpcClientProtocolClient.java:273)
	at org.apache.ratis.grpc.client.GrpcClientProtocolClient$AsyncStreamObservers$1.onNext(GrpcClientProtocolClient.java:264)
	at org.apache.ratis.thirdparty.io.grpc.stub.ClientCalls$StreamObserverToCallListenerAdapter.onMessage(ClientCalls.java:421)
	at org.apache.ratis.thirdparty.io.grpc.ForwardingClientCallListener.onMessage(ForwardingClientCallListener.java:33)
	at org.apache.ratis.thirdparty.io.grpc.ForwardingClientCallListener.onMessage(ForwardingClientCallListener.java:33)
	at org.apache.ratis.thirdparty.io.grpc.internal.ClientCallImpl$ClientStreamListenerImpl$1MessagesAvailable.runInContext(ClientCallImpl.java:519)
	at org.apache.ratis.thirdparty.io.grpc.internal.ContextRunnable.run(ContextRunnable.java:37)
	at org.apache.ratis.thirdparty.io.grpc.internal.SerializingExecutor.run(SerializingExecutor.java:123)
	at java.util.concurrent.ThreadPoolExecutor.runWorker(ThreadPoolExecutor.java:1149)
	at java.util.concurrent.ThreadPoolExecutor$Worker.run(ThreadPoolExecutor.java:624)
	at java.lang.Thread.run(Thread.java:748)
Caused by: org.apache.ratis.protocol.NotLeaderException: Server 57a60f02-ceee-4137-91ce-8a8862269ae4@group-26DC052DCB67 is not the leader f88c062b-7f1e-425d-a2cf-315cf898dee5:192.168.5.158:45117
	at org.apache.ratis.client.impl.ClientProtoUtils.toRaftClientReply(ClientProtoUtils.java:243)
	at org.apache.ratis.grpc.client.GrpcClientProtocolClient$AsyncStreamObservers$1.onNext(GrpcClientProtocolClient.java:269)
	... 10 more
</error>
    <system-out><![CDATA[2019-10-11 01:18:13,833 [main] WARN  server.ServerUtils (ServerUtils.java:getScmDbDir(145)) - ozone.scm.db.dirs is not configured. We recommend adding this setting. Falling back to ozone.metadata.dirs instead.
2019-10-11 01:18:13,849 [main] WARN  server.ServerUtils (ServerUtils.java:getScmDbDir(145)) - ozone.scm.db.dirs is not configured. We recommend adding this setting. Falling back to ozone.metadata.dirs instead.
2019-10-11 01:18:13,849 [main] WARN  server.ServerUtils (ServerUtils.java:getScmDbDir(145)) - ozone.scm.db.dirs is not configured. We recommend adding this setting. Falling back to ozone.metadata.dirs instead.
2019-10-11 01:18:13,850 [main] INFO  db.DBStoreBuilder (DBStoreBuilder.java:addTable(117)) - using custom profile for table: deletedBlocks
2019-10-11 01:18:13,850 [main] INFO  db.DBStoreBuilder (DBStoreBuilder.java:processTables(168)) - Using default column profile:DBProfile.DISK for Table:deletedBlocks
2019-10-11 01:18:13,850 [main] INFO  db.DBStoreBuilder (DBStoreBuilder.java:addTable(117)) - using custom profile for table: validCerts
2019-10-11 01:18:13,850 [main] INFO  db.DBStoreBuilder (DBStoreBuilder.java:processTables(168)) - Using default column profile:DBProfile.DISK for Table:validCerts
2019-10-11 01:18:13,851 [main] INFO  db.DBStoreBuilder (DBStoreBuilder.java:addTable(117)) - using custom profile for table: revokedCerts
2019-10-11 01:18:13,851 [main] INFO  db.DBStoreBuilder (DBStoreBuilder.java:processTables(168)) - Using default column profile:DBProfile.DISK for Table:revokedCerts
2019-10-11 01:18:13,851 [main] INFO  db.DBStoreBuilder (DBStoreBuilder.java:addTable(117)) - using custom profile for table: default
2019-10-11 01:18:13,851 [main] INFO  db.DBStoreBuilder (DBStoreBuilder.java:processTables(174)) - Using default column profile:DBProfile.DISK for Table:default
2019-10-11 01:18:13,852 [main] INFO  db.DBStoreBuilder (DBStoreBuilder.java:getDbProfile(205)) - Using default options. DBProfile.DISK
2019-10-11 01:18:13,998 [main] INFO  net.NodeSchemaLoader (NodeSchemaLoader.java:loadSchemaFromFile(125)) - Loading file from sun.misc.CompoundEnumeration@39e53bef
2019-10-11 01:18:13,999 [main] INFO  net.NodeSchemaLoader (NodeSchemaLoader.java:loadSchema(171)) - Loading network topology layer schema file
2019-10-11 01:18:14,003 [main] WARN  server.ServerUtils (ServerUtils.java:sanitizeUserArgs(70)) - ozone.scm.stale.node.interval value = 300000 is larger than max = 100000 based on the key value of ozone.scm.heartbeat.thread.interval, reset to the max value 100000.
2019-10-11 01:18:14,003 [main] WARN  server.ServerUtils (ServerUtils.java:sanitizeUserArgs(70)) - ozone.scm.stale.node.interval value = 300000 is larger than max = 100000 based on the key value of ozone.scm.heartbeat.thread.interval, reset to the max value 100000.
2019-10-11 01:18:14,003 [main] INFO  node.SCMNodeManager (SCMNodeManager.java:<init>(116)) - Entering startup safe mode.
2019-10-11 01:18:14,004 [main] INFO  algorithms.ContainerPlacementPolicyFactory (ContainerPlacementPolicyFactory.java:getPolicy(57)) - Create container placement policy of type org.apache.hadoop.hdds.scm.container.placement.algorithms.SCMContainerPlacementRandom
2019-10-11 01:18:14,004 [main] WARN  server.ServerUtils (ServerUtils.java:getScmDbDir(145)) - ozone.scm.db.dirs is not configured. We recommend adding this setting. Falling back to ozone.metadata.dirs instead.
2019-10-11 01:18:14,058 [main] INFO  pipeline.SCMPipelineManager (SCMPipelineManager.java:initializePipelineState(132)) - No pipeline exists in current db
2019-10-11 01:18:14,059 [main] WARN  server.ServerUtils (ServerUtils.java:getScmDbDir(145)) - ozone.scm.db.dirs is not configured. We recommend adding this setting. Falling back to ozone.metadata.dirs instead.
2019-10-11 01:18:14,096 [main] WARN  events.EventQueue (EventQueue.java:fireEvent(183)) - No event handler registered for event TypedEvent{payloadType=SafeModeStatus, name='SafeModeStatus'}
2019-10-11 01:18:14,098 [main] INFO  ipc.CallQueueManager (CallQueueManager.java:<init>(84)) - Using callQueue: class java.util.concurrent.LinkedBlockingQueue, queueCapacity: 2000, scheduler: class org.apache.hadoop.ipc.DefaultRpcScheduler, ipcBackoff: false.
2019-10-11 01:18:14,099 [Socket Reader #1 for port 37830] INFO  ipc.Server (Server.java:run(1074)) - Starting Socket Reader #1 for port 37830
2019-10-11 01:18:14,101 [main] INFO  ipc.CallQueueManager (CallQueueManager.java:<init>(84)) - Using callQueue: class java.util.concurrent.LinkedBlockingQueue, queueCapacity: 2000, scheduler: class org.apache.hadoop.ipc.DefaultRpcScheduler, ipcBackoff: false.
2019-10-11 01:18:14,102 [Socket Reader #1 for port 46677] INFO  ipc.Server (Server.java:run(1074)) - Starting Socket Reader #1 for port 46677
2019-10-11 01:18:14,104 [main] INFO  ipc.CallQueueManager (CallQueueManager.java:<init>(84)) - Using callQueue: class java.util.concurrent.LinkedBlockingQueue, queueCapacity: 2000, scheduler: class org.apache.hadoop.ipc.DefaultRpcScheduler, ipcBackoff: false.
2019-10-11 01:18:14,104 [Socket Reader #1 for port 45053] INFO  ipc.Server (Server.java:run(1074)) - Starting Socket Reader #1 for port 45053
2019-10-11 01:18:14,109 [main] INFO  hdfs.DFSUtil (DFSUtil.java:httpServerTemplateForNNAndJN(1641)) - Starting Web-server for scm at: http://0.0.0.0:0
2019-10-11 01:18:14,111 [main] INFO  server.AuthenticationFilter (AuthenticationFilter.java:constructSecretProvider(240)) - Unable to initialize FileSignerSecretProvider, falling back to use random secrets.
2019-10-11 01:18:14,111 [main] WARN  http.HttpRequestLog (HttpRequestLog.java:getRequestLog(97)) - Jetty request log can only be enabled using Log4j
2019-10-11 01:18:14,113 [main] INFO  http.HttpServer2 (HttpServer2.java:addGlobalFilter(975)) - Added global filter 'safety' (class=org.apache.hadoop.http.HttpServer2$QuotingInputFilter)
2019-10-11 01:18:14,114 [main] INFO  http.HttpServer2 (HttpServer2.java:addFilter(948)) - Added filter static_user_filter (class=org.apache.hadoop.http.lib.StaticUserWebFilter$StaticUserFilter) to context scm
2019-10-11 01:18:14,114 [main] INFO  http.HttpServer2 (HttpServer2.java:addFilter(958)) - Added filter static_user_filter (class=org.apache.hadoop.http.lib.StaticUserWebFilter$StaticUserFilter) to context logs
2019-10-11 01:18:14,114 [main] INFO  http.HttpServer2 (HttpServer2.java:addFilter(958)) - Added filter static_user_filter (class=org.apache.hadoop.http.lib.StaticUserWebFilter$StaticUserFilter) to context static
2019-10-11 01:18:14,116 [main] INFO  server.StorageContainerManager (StorageContainerManager.java:start(772)) - StorageContainerLocationProtocol RPC server is listening at /0.0.0.0:45053
2019-10-11 01:18:14,118 [main] WARN  impl.MetricsConfig (MetricsConfig.java:loadFirst(134)) - Cannot locate configuration: tried hadoop-metrics2-storagecontainermanager.properties,hadoop-metrics2.properties
2019-10-11 01:18:14,119 [main] INFO  impl.MetricsSystemImpl (MetricsSystemImpl.java:startTimer(374)) - Scheduled Metric snapshot period at 10 second(s).
2019-10-11 01:18:14,119 [main] INFO  impl.MetricsSystemImpl (MetricsSystemImpl.java:start(191)) - StorageContainerManager metrics system started
2019-10-11 01:18:14,198 [main] WARN  impl.MetricsSystemImpl (MetricsSystemImpl.java:register(276)) - Sink prometheus already exists!
2019-10-11 01:18:14,295 [main] INFO  server.SCMClientProtocolServer (SCMClientProtocolServer.java:start(159)) - RPC server for Client  is listening at /0.0.0.0:45053
2019-10-11 01:18:14,295 [IPC Server Responder] INFO  ipc.Server (Server.java:run(1314)) - IPC Server Responder: starting
2019-10-11 01:18:14,295 [IPC Server listener on 45053] INFO  ipc.Server (Server.java:run(1153)) - IPC Server listener on 45053: starting
2019-10-11 01:18:14,299 [main] INFO  server.StorageContainerManager (StorageContainerManager.java:start(782)) - ScmBlockLocationProtocol RPC server is listening at /0.0.0.0:46677
2019-10-11 01:18:14,299 [main] INFO  server.SCMBlockProtocolServer (SCMBlockProtocolServer.java:start(146)) - RPC server for Block Protocol is listening at /0.0.0.0:46677
2019-10-11 01:18:14,300 [IPC Server Responder] INFO  ipc.Server (Server.java:run(1314)) - IPC Server Responder: starting
2019-10-11 01:18:14,300 [IPC Server listener on 46677] INFO  ipc.Server (Server.java:run(1153)) - IPC Server listener on 46677: starting
2019-10-11 01:18:14,306 [main] INFO  server.StorageContainerManager (StorageContainerManager.java:start(786)) - ScmDatanodeProtocl RPC server is listening at /0.0.0.0:37830
2019-10-11 01:18:14,306 [main] INFO  server.SCMDatanodeProtocolServer (SCMDatanodeProtocolServer.java:start(169)) - RPC server for DataNodes is listening at /0.0.0.0:37830
2019-10-11 01:18:14,307 [IPC Server Responder] INFO  ipc.Server (Server.java:run(1314)) - IPC Server Responder: starting
2019-10-11 01:18:14,307 [IPC Server listener on 37830] INFO  ipc.Server (Server.java:run(1153)) - IPC Server listener on 37830: starting
2019-10-11 01:18:14,311 [main] INFO  http.HttpServer2 (HttpServer2.java:bindListener(1191)) - Jetty bound to port 41375
2019-10-11 01:18:14,311 [main] INFO  server.Server (Server.java:doStart(351)) - jetty-9.3.25.v20180904, build timestamp: 2018-09-04T21:11:46Z, git hash: 3ce520221d0240229c862b122d2b06c12a625732
2019-10-11 01:18:14,313 [main] INFO  handler.ContextHandler (ContextHandler.java:doStart(781)) - Started o.e.j.s.ServletContextHandler@6f85ee02{/logs,file:///workdir/hadoop-ozone/integration-test/target/log,AVAILABLE}
2019-10-11 01:18:14,313 [main] INFO  handler.ContextHandler (ContextHandler.java:doStart(781)) - Started o.e.j.s.ServletContextHandler@6c075e9d{/static,file:///workdir/hadoop-ozone/integration-test/target/test-classes/webapps/static,AVAILABLE}
2019-10-11 01:18:14,318 [main] INFO  handler.ContextHandler (ContextHandler.java:doStart(781)) - Started o.e.j.w.WebAppContext@7971c2a9{/,file:///workdir/hadoop-ozone/integration-test/target/test-classes/webapps/scm/,AVAILABLE}{/scm}
2019-10-11 01:18:14,318 [main] INFO  server.AbstractConnector (AbstractConnector.java:doStart(278)) - Started ServerConnector@2fd39436{HTTP/1.1,[http/1.1]}{0.0.0.0:41375}
2019-10-11 01:18:14,319 [main] INFO  server.Server (Server.java:doStart(419)) - Started @234887ms
2019-10-11 01:18:14,319 [main] WARN  impl.MetricsSystemImpl (MetricsSystemImpl.java:register(276)) - Sink prometheus already exists!
2019-10-11 01:18:14,320 [main] INFO  server.BaseHttpServer (BaseHttpServer.java:updateConnectorAddress(215)) - HTTP server of SCM is listening at http://0.0.0.0:41375
2019-10-11 01:18:14,321 [main] WARN  server.ServerUtils (ServerUtils.java:getDBPath(222)) - ozone.om.db.dirs is not configured. We recommend adding this setting. Falling back to ozone.metadata.dirs instead.
2019-10-11 01:18:14,322 [org.apache.hadoop.util.JvmPauseMonitor$Monitor@46394f65] INFO  util.JvmPauseMonitor (JvmPauseMonitor.java:run(188)) - Starting JVM pause monitor
2019-10-11 01:18:14,335 [main] INFO  ha.OMHANodeDetails (OMHANodeDetails.java:loadOMHAConfig(190)) - Configuration either no ozone.om.address set. Falling back to the default OM address /127.0.0.1:0
2019-10-11 01:18:14,335 [main] INFO  ha.OMHANodeDetails (OMHANodeDetails.java:getOMNodeDetails(220)) - OM Service ID is not set. Setting it to the default ID: omServiceIdDefault
2019-10-11 01:18:14,335 [main] WARN  server.ServerUtils (ServerUtils.java:getDBPath(222)) - ozone.om.db.dirs is not configured. We recommend adding this setting. Falling back to ozone.metadata.dirs instead.
2019-10-11 01:18:14,336 [main] WARN  server.ServerUtils (ServerUtils.java:getDBPath(222)) - ozone.om.db.dirs is not configured. We recommend adding this setting. Falling back to ozone.metadata.dirs instead.
2019-10-11 01:18:14,345 [main] WARN  server.ServerUtils (ServerUtils.java:getDBPath(222)) - ozone.om.db.dirs is not configured. We recommend adding this setting. Falling back to ozone.metadata.dirs instead.
2019-10-11 01:18:14,345 [main] INFO  db.DBStoreBuilder (DBStoreBuilder.java:addTable(117)) - using custom profile for table: userTable
2019-10-11 01:18:14,345 [main] INFO  db.DBStoreBuilder (DBStoreBuilder.java:processTables(168)) - Using default column profile:DBProfile.DISK for Table:userTable
2019-10-11 01:18:14,346 [main] INFO  db.DBStoreBuilder (DBStoreBuilder.java:addTable(117)) - using custom profile for table: volumeTable
2019-10-11 01:18:14,346 [main] INFO  db.DBStoreBuilder (DBStoreBuilder.java:processTables(168)) - Using default column profile:DBProfile.DISK for Table:volumeTable
2019-10-11 01:18:14,346 [main] INFO  db.DBStoreBuilder (DBStoreBuilder.java:addTable(117)) - using custom profile for table: bucketTable
2019-10-11 01:18:14,346 [main] INFO  db.DBStoreBuilder (DBStoreBuilder.java:processTables(168)) - Using default column profile:DBProfile.DISK for Table:bucketTable
2019-10-11 01:18:14,347 [main] INFO  db.DBStoreBuilder (DBStoreBuilder.java:addTable(117)) - using custom profile for table: keyTable
2019-10-11 01:18:14,347 [main] INFO  db.DBStoreBuilder (DBStoreBuilder.java:processTables(168)) - Using default column profile:DBProfile.DISK for Table:keyTable
2019-10-11 01:18:14,347 [main] INFO  db.DBStoreBuilder (DBStoreBuilder.java:addTable(117)) - using custom profile for table: deletedTable
2019-10-11 01:18:14,347 [main] INFO  db.DBStoreBuilder (DBStoreBuilder.java:processTables(168)) - Using default column profile:DBProfile.DISK for Table:deletedTable
2019-10-11 01:18:14,348 [main] INFO  db.DBStoreBuilder (DBStoreBuilder.java:addTable(117)) - using custom profile for table: openKeyTable
2019-10-11 01:18:14,348 [main] INFO  db.DBStoreBuilder (DBStoreBuilder.java:processTables(168)) - Using default column profile:DBProfile.DISK for Table:openKeyTable
2019-10-11 01:18:14,348 [main] INFO  db.DBStoreBuilder (DBStoreBuilder.java:addTable(117)) - using custom profile for table: s3Table
2019-10-11 01:18:14,348 [main] INFO  db.DBStoreBuilder (DBStoreBuilder.java:processTables(168)) - Using default column profile:DBProfile.DISK for Table:s3Table
2019-10-11 01:18:14,348 [main] INFO  db.DBStoreBuilder (DBStoreBuilder.java:addTable(117)) - using custom profile for table: multipartInfoTable
2019-10-11 01:18:14,349 [main] INFO  db.DBStoreBuilder (DBStoreBuilder.java:processTables(168)) - Using default column profile:DBProfile.DISK for Table:multipartInfoTable
2019-10-11 01:18:14,349 [main] INFO  db.DBStoreBuilder (DBStoreBuilder.java:addTable(117)) - using custom profile for table: dTokenTable
2019-10-11 01:18:14,349 [main] INFO  db.DBStoreBuilder (DBStoreBuilder.java:processTables(168)) - Using default column profile:DBProfile.DISK for Table:dTokenTable
2019-10-11 01:18:14,349 [main] INFO  db.DBStoreBuilder (DBStoreBuilder.java:addTable(117)) - using custom profile for table: s3SecretTable
2019-10-11 01:18:14,350 [main] INFO  db.DBStoreBuilder (DBStoreBuilder.java:processTables(168)) - Using default column profile:DBProfile.DISK for Table:s3SecretTable
2019-10-11 01:18:14,350 [main] INFO  db.DBStoreBuilder (DBStoreBuilder.java:addTable(117)) - using custom profile for table: prefixTable
2019-10-11 01:18:14,350 [main] INFO  db.DBStoreBuilder (DBStoreBuilder.java:processTables(168)) - Using default column profile:DBProfile.DISK for Table:prefixTable
2019-10-11 01:18:14,350 [main] INFO  db.DBStoreBuilder (DBStoreBuilder.java:addTable(117)) - using custom profile for table: default
2019-10-11 01:18:14,350 [main] INFO  db.DBStoreBuilder (DBStoreBuilder.java:processTables(174)) - Using default column profile:DBProfile.DISK for Table:default
2019-10-11 01:18:14,351 [main] INFO  db.DBStoreBuilder (DBStoreBuilder.java:getDbProfile(205)) - Using default options. DBProfile.DISK
2019-10-11 01:18:14,802 [main] INFO  ipc.CallQueueManager (CallQueueManager.java:<init>(84)) - Using callQueue: class java.util.concurrent.LinkedBlockingQueue, queueCapacity: 2000, scheduler: class org.apache.hadoop.ipc.DefaultRpcScheduler, ipcBackoff: false.
2019-10-11 01:18:14,803 [Socket Reader #1 for port 43087] INFO  ipc.Server (Server.java:run(1074)) - Starting Socket Reader #1 for port 43087
2019-10-11 01:18:14,823 [main] INFO  om.OzoneManager (OzoneManager.java:start(1071)) - OzoneManager RPC server is listening at localhost/127.0.0.1:43087
2019-10-11 01:18:14,823 [main] INFO  impl.MetricsSystemImpl (MetricsSystemImpl.java:init(158)) - OzoneManager metrics system started (again)
2019-10-11 01:18:14,824 [IPC Server Responder] INFO  ipc.Server (Server.java:run(1314)) - IPC Server Responder: starting
2019-10-11 01:18:14,825 [IPC Server listener on 43087] INFO  ipc.Server (Server.java:run(1153)) - IPC Server listener on 43087: starting
2019-10-11 01:18:14,831 [main] INFO  hdfs.DFSUtil (DFSUtil.java:httpServerTemplateForNNAndJN(1641)) - Starting Web-server for ozoneManager at: http://0.0.0.0:0
2019-10-11 01:18:14,833 [main] INFO  server.AuthenticationFilter (AuthenticationFilter.java:constructSecretProvider(240)) - Unable to initialize FileSignerSecretProvider, falling back to use random secrets.
2019-10-11 01:18:14,833 [main] WARN  http.HttpRequestLog (HttpRequestLog.java:getRequestLog(97)) - Jetty request log can only be enabled using Log4j
2019-10-11 01:18:14,835 [main] INFO  http.HttpServer2 (HttpServer2.java:addGlobalFilter(975)) - Added global filter 'safety' (class=org.apache.hadoop.http.HttpServer2$QuotingInputFilter)
2019-10-11 01:18:14,835 [main] INFO  http.HttpServer2 (HttpServer2.java:addFilter(948)) - Added filter static_user_filter (class=org.apache.hadoop.http.lib.StaticUserWebFilter$StaticUserFilter) to context ozoneManager
2019-10-11 01:18:14,835 [main] INFO  http.HttpServer2 (HttpServer2.java:addFilter(958)) - Added filter static_user_filter (class=org.apache.hadoop.http.lib.StaticUserWebFilter$StaticUserFilter) to context static
2019-10-11 01:18:14,836 [main] INFO  http.HttpServer2 (HttpServer2.java:addFilter(958)) - Added filter static_user_filter (class=org.apache.hadoop.http.lib.StaticUserWebFilter$StaticUserFilter) to context logs
2019-10-11 01:18:14,836 [main] INFO  http.HttpServer2 (HttpServer2.java:bindListener(1191)) - Jetty bound to port 38477
2019-10-11 01:18:14,837 [main] INFO  server.Server (Server.java:doStart(351)) - jetty-9.3.25.v20180904, build timestamp: 2018-09-04T21:11:46Z, git hash: 3ce520221d0240229c862b122d2b06c12a625732
2019-10-11 01:18:14,838 [main] INFO  handler.ContextHandler (ContextHandler.java:doStart(781)) - Started o.e.j.s.ServletContextHandler@e62319f{/logs,file:///workdir/hadoop-ozone/integration-test/target/log,AVAILABLE}
2019-10-11 01:18:14,839 [main] INFO  handler.ContextHandler (ContextHandler.java:doStart(781)) - Started o.e.j.s.ServletContextHandler@24a0c58b{/static,file:///workdir/hadoop-ozone/integration-test/target/test-classes/webapps/static,AVAILABLE}
2019-10-11 01:18:14,843 [main] INFO  handler.ContextHandler (ContextHandler.java:doStart(781)) - Started o.e.j.w.WebAppContext@51ba952e{/,file:///workdir/hadoop-ozone/integration-test/target/test-classes/webapps/ozoneManager/,AVAILABLE}{/ozoneManager}
2019-10-11 01:18:14,843 [main] INFO  server.AbstractConnector (AbstractConnector.java:doStart(278)) - Started ServerConnector@2416c658{HTTP/1.1,[http/1.1]}{0.0.0.0:38477}
2019-10-11 01:18:14,844 [main] INFO  server.Server (Server.java:doStart(419)) - Started @235412ms
2019-10-11 01:18:14,845 [main] WARN  impl.MetricsSystemImpl (MetricsSystemImpl.java:register(276)) - Sink prometheus already exists!
2019-10-11 01:18:14,845 [main] INFO  server.BaseHttpServer (BaseHttpServer.java:updateConnectorAddress(215)) - HTTP server of OZONEMANAGER is listening at http://0.0.0.0:38477
2019-10-11 01:18:14,859 [main] INFO  impl.MetricsSystemImpl (MetricsSystemImpl.java:init(158)) - HddsDatanode metrics system started (again)
2019-10-11 01:18:14,862 [main] INFO  ozone.HddsDatanodeService (HddsDatanodeService.java:start(184)) - HddsDatanodeService host:pr-hdds-2278-9pt7w-4281506013 ip:192.168.5.158
2019-10-11 01:18:14,872 [main] INFO  volume.HddsVolume (HddsVolume.java:<init>(176)) - Creating Volume: /workdir/hadoop-ozone/integration-test/target/test-dir/MiniOzoneClusterImpl-668ac4db-f415-4d3e-ab95-6d503b2973c4/datanode-0/data/containers/hdds of  storage type : DISK and capacity : 1482555576320
2019-10-11 01:18:14,873 [main] INFO  volume.VolumeSet (VolumeSet.java:initializeVolumeSet(170)) - Added Volume : /workdir/hadoop-ozone/integration-test/target/test-dir/MiniOzoneClusterImpl-668ac4db-f415-4d3e-ab95-6d503b2973c4/datanode-0/data/containers/hdds to VolumeSet
2019-10-11 01:18:14,874 [main] INFO  volume.ThrottledAsyncChecker (ThrottledAsyncChecker.java:schedule(141)) - Scheduling a check for org.apache.hadoop.ozone.container.common.volume.HddsVolume@76216830
2019-10-11 01:18:14,876 [main] INFO  volume.HddsVolumeChecker (HddsVolumeChecker.java:checkAllVolumes(204)) - Scheduled health check for volume org.apache.hadoop.ozone.container.common.volume.HddsVolume@76216830
2019-10-11 01:18:14,895 [main] INFO  impl.RaftServerProxy (ConfUtils.java:logGet(43)) - raft.rpc.type = GRPC (default)
2019-10-11 01:18:14,895 [main] INFO  grpc.GrpcFactory (GrpcFactory.java:checkPooledByteBufAllocatorUseCacheForAllThreads(45)) - PERFORMANCE WARNING: useCacheForAllThreads is true that may cause Netty to create a lot garbage objects and, as a result, trigger GC.
	It is recommended to disable useCacheForAllThreads by setting -Dorg.apache.ratis.thirdparty.io.netty.allocator.useCacheForAllThreads=false in command line.
2019-10-11 01:18:14,896 [main] INFO  grpc.GrpcConfigKeys$Server (ConfUtils.java:logGet(43)) - raft.grpc.server.port = 0 (default)
2019-10-11 01:18:14,896 [main] INFO  server.GrpcService (ConfUtils.java:logGet(43)) - raft.grpc.message.size.max = 33570816 (custom)
2019-10-11 01:18:14,896 [main] INFO  server.RaftServerConfigKeys (ConfUtils.java:logGet(43)) - raft.server.log.appender.buffer.byte-limit = 33554432 (custom)
2019-10-11 01:18:14,896 [main] INFO  server.GrpcService (ConfUtils.java:logGet(43)) - raft.grpc.flow.control.window = 1MB (=1048576) (default)
2019-10-11 01:18:14,897 [main] INFO  server.RaftServerConfigKeys (ConfUtils.java:logGet(43)) - raft.server.rpc.request.timeout = 3000ms (default)
2019-10-11 01:18:14,898 [main] INFO  server.RaftServerConfigKeys (ConfUtils.java:logGet(43)) - raft.server.storage.dir = [/workdir/hadoop-ozone/integration-test/target/test-dir/MiniOzoneClusterImpl-668ac4db-f415-4d3e-ab95-6d503b2973c4/datanode-0/data/ratis] (custom)
2019-10-11 01:18:14,899 [main] INFO  hdfs.DFSUtil (DFSUtil.java:httpServerTemplateForNNAndJN(1641)) - Starting Web-server for hddsDatanode at: http://0.0.0.0:0
2019-10-11 01:18:14,901 [main] INFO  server.AuthenticationFilter (AuthenticationFilter.java:constructSecretProvider(240)) - Unable to initialize FileSignerSecretProvider, falling back to use random secrets.
2019-10-11 01:18:14,901 [main] WARN  http.HttpRequestLog (HttpRequestLog.java:getRequestLog(97)) - Jetty request log can only be enabled using Log4j
2019-10-11 01:18:14,903 [main] INFO  http.HttpServer2 (HttpServer2.java:addGlobalFilter(975)) - Added global filter 'safety' (class=org.apache.hadoop.http.HttpServer2$QuotingInputFilter)
2019-10-11 01:18:14,903 [main] INFO  http.HttpServer2 (HttpServer2.java:addFilter(948)) - Added filter static_user_filter (class=org.apache.hadoop.http.lib.StaticUserWebFilter$StaticUserFilter) to context hddsDatanode
2019-10-11 01:18:14,904 [main] INFO  http.HttpServer2 (HttpServer2.java:addFilter(958)) - Added filter static_user_filter (class=org.apache.hadoop.http.lib.StaticUserWebFilter$StaticUserFilter) to context static
2019-10-11 01:18:14,904 [main] INFO  http.HttpServer2 (HttpServer2.java:addFilter(958)) - Added filter static_user_filter (class=org.apache.hadoop.http.lib.StaticUserWebFilter$StaticUserFilter) to context logs
2019-10-11 01:18:14,905 [main] INFO  http.HttpServer2 (HttpServer2.java:bindListener(1191)) - Jetty bound to port 39813
2019-10-11 01:18:14,905 [main] INFO  server.Server (Server.java:doStart(351)) - jetty-9.3.25.v20180904, build timestamp: 2018-09-04T21:11:46Z, git hash: 3ce520221d0240229c862b122d2b06c12a625732
2019-10-11 01:18:14,907 [main] INFO  handler.ContextHandler (ContextHandler.java:doStart(781)) - Started o.e.j.s.ServletContextHandler@1e226bcd{/logs,file:///workdir/hadoop-ozone/integration-test/target/log,AVAILABLE}
2019-10-11 01:18:14,907 [main] INFO  handler.ContextHandler (ContextHandler.java:doStart(781)) - Started o.e.j.s.ServletContextHandler@2322e56f{/static,jar:file:/home/user/.m2/repository/org/apache/hadoop/hadoop-hdds-container-service/0.5.0-SNAPSHOT/hadoop-hdds-container-service-0.5.0-SNAPSHOT.jar!/webapps/static,AVAILABLE}
2019-10-11 01:18:14,942 [main] INFO  handler.ContextHandler (ContextHandler.java:doStart(781)) - Started o.e.j.w.WebAppContext@65da01f4{/,file:///tmp/jetty-0.0.0.0-39813-hddsDatanode-_-any-7514497059234984814.dir/webapp/,AVAILABLE}{/hddsDatanode}
2019-10-11 01:18:14,942 [main] INFO  server.AbstractConnector (AbstractConnector.java:doStart(278)) - Started ServerConnector@22f02996{HTTP/1.1,[http/1.1]}{0.0.0.0:39813}
2019-10-11 01:18:14,944 [main] INFO  server.Server (Server.java:doStart(419)) - Started @235512ms
2019-10-11 01:18:14,945 [main] WARN  impl.MetricsSystemImpl (MetricsSystemImpl.java:register(276)) - Sink prometheus already exists!
2019-10-11 01:18:14,946 [main] INFO  server.BaseHttpServer (BaseHttpServer.java:updateConnectorAddress(215)) - HTTP server of HDDSDATANODE is listening at http://0.0.0.0:39813
2019-10-11 01:18:14,947 [main] INFO  impl.MetricsSystemImpl (MetricsSystemImpl.java:init(158)) - HddsDatanode metrics system started (again)
2019-10-11 01:18:14,950 [org.apache.hadoop.util.JvmPauseMonitor$Monitor@693b2bda] INFO  util.JvmPauseMonitor (JvmPauseMonitor.java:run(188)) - Starting JVM pause monitor
2019-10-11 01:18:14,951 [main] INFO  ozone.HddsDatanodeService (HddsDatanodeService.java:start(184)) - HddsDatanodeService host:pr-hdds-2278-9pt7w-4281506013 ip:192.168.5.158
2019-10-11 01:18:14,952 [Datanode State Machine Thread - 0] INFO  datanode.InitDatanodeState (InitDatanodeState.java:persistContainerDatanodeDetails(140)) - DatanodeDetails is persisted to /workdir/hadoop-ozone/integration-test/target/test-dir/MiniOzoneClusterImpl-668ac4db-f415-4d3e-ab95-6d503b2973c4/datanode-0/meta/datanode.id
2019-10-11 01:18:14,957 [main] INFO  volume.HddsVolume (HddsVolume.java:<init>(176)) - Creating Volume: /workdir/hadoop-ozone/integration-test/target/test-dir/MiniOzoneClusterImpl-668ac4db-f415-4d3e-ab95-6d503b2973c4/datanode-1/data/containers/hdds of  storage type : DISK and capacity : 1482555576320
2019-10-11 01:18:14,957 [main] INFO  volume.VolumeSet (VolumeSet.java:initializeVolumeSet(170)) - Added Volume : /workdir/hadoop-ozone/integration-test/target/test-dir/MiniOzoneClusterImpl-668ac4db-f415-4d3e-ab95-6d503b2973c4/datanode-1/data/containers/hdds to VolumeSet
2019-10-11 01:18:14,958 [main] INFO  volume.ThrottledAsyncChecker (ThrottledAsyncChecker.java:schedule(141)) - Scheduling a check for org.apache.hadoop.ozone.container.common.volume.HddsVolume@5c3d4f05
2019-10-11 01:18:14,958 [main] INFO  volume.HddsVolumeChecker (HddsVolumeChecker.java:checkAllVolumes(204)) - Scheduled health check for volume org.apache.hadoop.ozone.container.common.volume.HddsVolume@5c3d4f05
2019-10-11 01:18:14,980 [main] INFO  impl.RaftServerProxy (ConfUtils.java:logGet(43)) - raft.rpc.type = GRPC (default)
2019-10-11 01:18:14,980 [main] INFO  grpc.GrpcFactory (GrpcFactory.java:checkPooledByteBufAllocatorUseCacheForAllThreads(45)) - PERFORMANCE WARNING: useCacheForAllThreads is true that may cause Netty to create a lot garbage objects and, as a result, trigger GC.
	It is recommended to disable useCacheForAllThreads by setting -Dorg.apache.ratis.thirdparty.io.netty.allocator.useCacheForAllThreads=false in command line.
2019-10-11 01:18:14,980 [main] INFO  grpc.GrpcConfigKeys$Server (ConfUtils.java:logGet(43)) - raft.grpc.server.port = 0 (default)
2019-10-11 01:18:14,981 [main] INFO  server.GrpcService (ConfUtils.java:logGet(43)) - raft.grpc.message.size.max = 33570816 (custom)
2019-10-11 01:18:14,981 [main] INFO  server.RaftServerConfigKeys (ConfUtils.java:logGet(43)) - raft.server.log.appender.buffer.byte-limit = 33554432 (custom)
2019-10-11 01:18:14,981 [main] INFO  server.GrpcService (ConfUtils.java:logGet(43)) - raft.grpc.flow.control.window = 1MB (=1048576) (default)
2019-10-11 01:18:14,981 [main] INFO  server.RaftServerConfigKeys (ConfUtils.java:logGet(43)) - raft.server.rpc.request.timeout = 3000ms (default)
2019-10-11 01:18:14,982 [main] INFO  server.RaftServerConfigKeys (ConfUtils.java:logGet(43)) - raft.server.storage.dir = [/workdir/hadoop-ozone/integration-test/target/test-dir/MiniOzoneClusterImpl-668ac4db-f415-4d3e-ab95-6d503b2973c4/datanode-1/data/ratis] (custom)
2019-10-11 01:18:14,984 [main] INFO  hdfs.DFSUtil (DFSUtil.java:httpServerTemplateForNNAndJN(1641)) - Starting Web-server for hddsDatanode at: http://0.0.0.0:0
2019-10-11 01:18:14,985 [main] INFO  server.AuthenticationFilter (AuthenticationFilter.java:constructSecretProvider(240)) - Unable to initialize FileSignerSecretProvider, falling back to use random secrets.
2019-10-11 01:18:14,986 [main] WARN  http.HttpRequestLog (HttpRequestLog.java:getRequestLog(97)) - Jetty request log can only be enabled using Log4j
2019-10-11 01:18:14,987 [main] INFO  http.HttpServer2 (HttpServer2.java:addGlobalFilter(975)) - Added global filter 'safety' (class=org.apache.hadoop.http.HttpServer2$QuotingInputFilter)
2019-10-11 01:18:14,988 [main] INFO  http.HttpServer2 (HttpServer2.java:addFilter(948)) - Added filter static_user_filter (class=org.apache.hadoop.http.lib.StaticUserWebFilter$StaticUserFilter) to context hddsDatanode
2019-10-11 01:18:14,988 [main] INFO  http.HttpServer2 (HttpServer2.java:addFilter(958)) - Added filter static_user_filter (class=org.apache.hadoop.http.lib.StaticUserWebFilter$StaticUserFilter) to context logs
2019-10-11 01:18:14,988 [main] INFO  http.HttpServer2 (HttpServer2.java:addFilter(958)) - Added filter static_user_filter (class=org.apache.hadoop.http.lib.StaticUserWebFilter$StaticUserFilter) to context static
2019-10-11 01:18:14,989 [main] INFO  http.HttpServer2 (HttpServer2.java:bindListener(1191)) - Jetty bound to port 41174
2019-10-11 01:18:14,989 [main] INFO  server.Server (Server.java:doStart(351)) - jetty-9.3.25.v20180904, build timestamp: 2018-09-04T21:11:46Z, git hash: 3ce520221d0240229c862b122d2b06c12a625732
2019-10-11 01:18:14,991 [main] INFO  handler.ContextHandler (ContextHandler.java:doStart(781)) - Started o.e.j.s.ServletContextHandler@34a20f16{/logs,file:///workdir/hadoop-ozone/integration-test/target/log,AVAILABLE}
2019-10-11 01:18:14,991 [main] INFO  handler.ContextHandler (ContextHandler.java:doStart(781)) - Started o.e.j.s.ServletContextHandler@1a1c21b4{/static,jar:file:/home/user/.m2/repository/org/apache/hadoop/hadoop-hdds-container-service/0.5.0-SNAPSHOT/hadoop-hdds-container-service-0.5.0-SNAPSHOT.jar!/webapps/static,AVAILABLE}
2019-10-11 01:18:15,025 [main] INFO  handler.ContextHandler (ContextHandler.java:doStart(781)) - Started o.e.j.w.WebAppContext@1788cb61{/,file:///tmp/jetty-0.0.0.0-41174-hddsDatanode-_-any-4096136745610012088.dir/webapp/,AVAILABLE}{/hddsDatanode}
2019-10-11 01:18:15,026 [main] INFO  server.AbstractConnector (AbstractConnector.java:doStart(278)) - Started ServerConnector@16d431b4{HTTP/1.1,[http/1.1]}{0.0.0.0:41174}
2019-10-11 01:18:15,028 [main] INFO  server.Server (Server.java:doStart(419)) - Started @235596ms
2019-10-11 01:18:15,028 [main] WARN  impl.MetricsSystemImpl (MetricsSystemImpl.java:register(276)) - Sink prometheus already exists!
2019-10-11 01:18:15,029 [main] INFO  server.BaseHttpServer (BaseHttpServer.java:updateConnectorAddress(215)) - HTTP server of HDDSDATANODE is listening at http://0.0.0.0:41174
2019-10-11 01:18:15,029 [main] INFO  impl.MetricsSystemImpl (MetricsSystemImpl.java:init(158)) - HddsDatanode metrics system started (again)
2019-10-11 01:18:15,033 [org.apache.hadoop.util.JvmPauseMonitor$Monitor@2f27023c] INFO  util.JvmPauseMonitor (JvmPauseMonitor.java:run(188)) - Starting JVM pause monitor
2019-10-11 01:18:15,034 [main] INFO  ozone.HddsDatanodeService (HddsDatanodeService.java:start(184)) - HddsDatanodeService host:pr-hdds-2278-9pt7w-4281506013 ip:192.168.5.158
2019-10-11 01:18:15,034 [Datanode State Machine Thread - 0] INFO  datanode.InitDatanodeState (InitDatanodeState.java:persistContainerDatanodeDetails(140)) - DatanodeDetails is persisted to /workdir/hadoop-ozone/integration-test/target/test-dir/MiniOzoneClusterImpl-668ac4db-f415-4d3e-ab95-6d503b2973c4/datanode-1/meta/datanode.id
2019-10-11 01:18:15,040 [main] INFO  volume.HddsVolume (HddsVolume.java:<init>(176)) - Creating Volume: /workdir/hadoop-ozone/integration-test/target/test-dir/MiniOzoneClusterImpl-668ac4db-f415-4d3e-ab95-6d503b2973c4/datanode-2/data/containers/hdds of  storage type : DISK and capacity : 1482555576320
2019-10-11 01:18:15,040 [main] INFO  volume.VolumeSet (VolumeSet.java:initializeVolumeSet(170)) - Added Volume : /workdir/hadoop-ozone/integration-test/target/test-dir/MiniOzoneClusterImpl-668ac4db-f415-4d3e-ab95-6d503b2973c4/datanode-2/data/containers/hdds to VolumeSet
2019-10-11 01:18:15,041 [main] INFO  volume.ThrottledAsyncChecker (ThrottledAsyncChecker.java:schedule(141)) - Scheduling a check for org.apache.hadoop.ozone.container.common.volume.HddsVolume@2f2e4bde
2019-10-11 01:18:15,041 [main] INFO  volume.HddsVolumeChecker (HddsVolumeChecker.java:checkAllVolumes(204)) - Scheduled health check for volume org.apache.hadoop.ozone.container.common.volume.HddsVolume@2f2e4bde
2019-10-11 01:18:15,061 [main] INFO  impl.RaftServerProxy (ConfUtils.java:logGet(43)) - raft.rpc.type = GRPC (default)
2019-10-11 01:18:15,061 [main] INFO  grpc.GrpcFactory (GrpcFactory.java:checkPooledByteBufAllocatorUseCacheForAllThreads(45)) - PERFORMANCE WARNING: useCacheForAllThreads is true that may cause Netty to create a lot garbage objects and, as a result, trigger GC.
	It is recommended to disable useCacheForAllThreads by setting -Dorg.apache.ratis.thirdparty.io.netty.allocator.useCacheForAllThreads=false in command line.
2019-10-11 01:18:15,061 [main] INFO  grpc.GrpcConfigKeys$Server (ConfUtils.java:logGet(43)) - raft.grpc.server.port = 0 (default)
2019-10-11 01:18:15,062 [main] INFO  server.GrpcService (ConfUtils.java:logGet(43)) - raft.grpc.message.size.max = 33570816 (custom)
2019-10-11 01:18:15,062 [main] INFO  server.RaftServerConfigKeys (ConfUtils.java:logGet(43)) - raft.server.log.appender.buffer.byte-limit = 33554432 (custom)
2019-10-11 01:18:15,062 [main] INFO  server.GrpcService (ConfUtils.java:logGet(43)) - raft.grpc.flow.control.window = 1MB (=1048576) (default)
2019-10-11 01:18:15,062 [main] INFO  server.RaftServerConfigKeys (ConfUtils.java:logGet(43)) - raft.server.rpc.request.timeout = 3000ms (default)
2019-10-11 01:18:15,063 [main] INFO  server.RaftServerConfigKeys (ConfUtils.java:logGet(43)) - raft.server.storage.dir = [/workdir/hadoop-ozone/integration-test/target/test-dir/MiniOzoneClusterImpl-668ac4db-f415-4d3e-ab95-6d503b2973c4/datanode-2/data/ratis] (custom)
2019-10-11 01:18:15,065 [main] INFO  hdfs.DFSUtil (DFSUtil.java:httpServerTemplateForNNAndJN(1641)) - Starting Web-server for hddsDatanode at: http://0.0.0.0:0
2019-10-11 01:18:15,066 [main] INFO  server.AuthenticationFilter (AuthenticationFilter.java:constructSecretProvider(240)) - Unable to initialize FileSignerSecretProvider, falling back to use random secrets.
2019-10-11 01:18:15,066 [main] WARN  http.HttpRequestLog (HttpRequestLog.java:getRequestLog(97)) - Jetty request log can only be enabled using Log4j
2019-10-11 01:18:15,068 [main] INFO  http.HttpServer2 (HttpServer2.java:addGlobalFilter(975)) - Added global filter 'safety' (class=org.apache.hadoop.http.HttpServer2$QuotingInputFilter)
2019-10-11 01:18:15,068 [main] INFO  http.HttpServer2 (HttpServer2.java:addFilter(948)) - Added filter static_user_filter (class=org.apache.hadoop.http.lib.StaticUserWebFilter$StaticUserFilter) to context hddsDatanode
2019-10-11 01:18:15,069 [main] INFO  http.HttpServer2 (HttpServer2.java:addFilter(958)) - Added filter static_user_filter (class=org.apache.hadoop.http.lib.StaticUserWebFilter$StaticUserFilter) to context static
2019-10-11 01:18:15,069 [main] INFO  http.HttpServer2 (HttpServer2.java:addFilter(958)) - Added filter static_user_filter (class=org.apache.hadoop.http.lib.StaticUserWebFilter$StaticUserFilter) to context logs
2019-10-11 01:18:15,069 [main] INFO  http.HttpServer2 (HttpServer2.java:bindListener(1191)) - Jetty bound to port 42942
2019-10-11 01:18:15,070 [main] INFO  server.Server (Server.java:doStart(351)) - jetty-9.3.25.v20180904, build timestamp: 2018-09-04T21:11:46Z, git hash: 3ce520221d0240229c862b122d2b06c12a625732
2019-10-11 01:18:15,071 [main] INFO  handler.ContextHandler (ContextHandler.java:doStart(781)) - Started o.e.j.s.ServletContextHandler@2dbfa972{/logs,file:///workdir/hadoop-ozone/integration-test/target/log,AVAILABLE}
2019-10-11 01:18:15,072 [main] INFO  handler.ContextHandler (ContextHandler.java:doStart(781)) - Started o.e.j.s.ServletContextHandler@41aebbb4{/static,jar:file:/home/user/.m2/repository/org/apache/hadoop/hadoop-hdds-container-service/0.5.0-SNAPSHOT/hadoop-hdds-container-service-0.5.0-SNAPSHOT.jar!/webapps/static,AVAILABLE}
2019-10-11 01:18:15,097 [main] INFO  handler.ContextHandler (ContextHandler.java:doStart(781)) - Started o.e.j.w.WebAppContext@2dd178f3{/,file:///tmp/jetty-0.0.0.0-42942-hddsDatanode-_-any-2882598581862266312.dir/webapp/,AVAILABLE}{/hddsDatanode}
2019-10-11 01:18:15,097 [main] INFO  server.AbstractConnector (AbstractConnector.java:doStart(278)) - Started ServerConnector@64656b9e{HTTP/1.1,[http/1.1]}{0.0.0.0:42942}
2019-10-11 01:18:15,099 [main] INFO  server.Server (Server.java:doStart(419)) - Started @235667ms
2019-10-11 01:18:15,099 [main] WARN  impl.MetricsSystemImpl (MetricsSystemImpl.java:register(276)) - Sink prometheus already exists!
2019-10-11 01:18:15,099 [main] INFO  server.BaseHttpServer (BaseHttpServer.java:updateConnectorAddress(215)) - HTTP server of HDDSDATANODE is listening at http://0.0.0.0:42942
2019-10-11 01:18:15,100 [main] INFO  impl.MetricsSystemImpl (MetricsSystemImpl.java:init(158)) - HddsDatanode metrics system started (again)
2019-10-11 01:18:15,104 [org.apache.hadoop.util.JvmPauseMonitor$Monitor@25e042c5] INFO  util.JvmPauseMonitor (JvmPauseMonitor.java:run(188)) - Starting JVM pause monitor
2019-10-11 01:18:15,104 [main] INFO  ozone.HddsDatanodeService (HddsDatanodeService.java:start(184)) - HddsDatanodeService host:pr-hdds-2278-9pt7w-4281506013 ip:192.168.5.158
2019-10-11 01:18:15,105 [Datanode State Machine Thread - 0] INFO  datanode.InitDatanodeState (InitDatanodeState.java:persistContainerDatanodeDetails(140)) - DatanodeDetails is persisted to /workdir/hadoop-ozone/integration-test/target/test-dir/MiniOzoneClusterImpl-668ac4db-f415-4d3e-ab95-6d503b2973c4/datanode-2/meta/datanode.id
2019-10-11 01:18:15,110 [main] INFO  volume.HddsVolume (HddsVolume.java:<init>(176)) - Creating Volume: /workdir/hadoop-ozone/integration-test/target/test-dir/MiniOzoneClusterImpl-668ac4db-f415-4d3e-ab95-6d503b2973c4/datanode-3/data/containers/hdds of  storage type : DISK and capacity : 1482555576320
2019-10-11 01:18:15,110 [main] INFO  volume.VolumeSet (VolumeSet.java:initializeVolumeSet(170)) - Added Volume : /workdir/hadoop-ozone/integration-test/target/test-dir/MiniOzoneClusterImpl-668ac4db-f415-4d3e-ab95-6d503b2973c4/datanode-3/data/containers/hdds to VolumeSet
2019-10-11 01:18:15,110 [main] INFO  volume.ThrottledAsyncChecker (ThrottledAsyncChecker.java:schedule(141)) - Scheduling a check for org.apache.hadoop.ozone.container.common.volume.HddsVolume@37d28938
2019-10-11 01:18:15,110 [main] INFO  volume.HddsVolumeChecker (HddsVolumeChecker.java:checkAllVolumes(204)) - Scheduled health check for volume org.apache.hadoop.ozone.container.common.volume.HddsVolume@37d28938
2019-10-11 01:18:15,123 [main] INFO  impl.RaftServerProxy (ConfUtils.java:logGet(43)) - raft.rpc.type = GRPC (default)
2019-10-11 01:18:15,123 [main] INFO  grpc.GrpcFactory (GrpcFactory.java:checkPooledByteBufAllocatorUseCacheForAllThreads(45)) - PERFORMANCE WARNING: useCacheForAllThreads is true that may cause Netty to create a lot garbage objects and, as a result, trigger GC.
	It is recommended to disable useCacheForAllThreads by setting -Dorg.apache.ratis.thirdparty.io.netty.allocator.useCacheForAllThreads=false in command line.
2019-10-11 01:18:15,123 [main] INFO  grpc.GrpcConfigKeys$Server (ConfUtils.java:logGet(43)) - raft.grpc.server.port = 0 (default)
2019-10-11 01:18:15,123 [main] INFO  server.GrpcService (ConfUtils.java:logGet(43)) - raft.grpc.message.size.max = 33570816 (custom)
2019-10-11 01:18:15,123 [main] INFO  server.RaftServerConfigKeys (ConfUtils.java:logGet(43)) - raft.server.log.appender.buffer.byte-limit = 33554432 (custom)
2019-10-11 01:18:15,124 [main] INFO  server.GrpcService (ConfUtils.java:logGet(43)) - raft.grpc.flow.control.window = 1MB (=1048576) (default)
2019-10-11 01:18:15,124 [main] INFO  server.RaftServerConfigKeys (ConfUtils.java:logGet(43)) - raft.server.rpc.request.timeout = 3000ms (default)
2019-10-11 01:18:15,124 [main] INFO  server.RaftServerConfigKeys (ConfUtils.java:logGet(43)) - raft.server.storage.dir = [/workdir/hadoop-ozone/integration-test/target/test-dir/MiniOzoneClusterImpl-668ac4db-f415-4d3e-ab95-6d503b2973c4/datanode-3/data/ratis] (custom)
2019-10-11 01:18:15,125 [main] INFO  hdfs.DFSUtil (DFSUtil.java:httpServerTemplateForNNAndJN(1641)) - Starting Web-server for hddsDatanode at: http://0.0.0.0:0
2019-10-11 01:18:15,126 [main] INFO  server.AuthenticationFilter (AuthenticationFilter.java:constructSecretProvider(240)) - Unable to initialize FileSignerSecretProvider, falling back to use random secrets.
2019-10-11 01:18:15,126 [main] WARN  http.HttpRequestLog (HttpRequestLog.java:getRequestLog(97)) - Jetty request log can only be enabled using Log4j
2019-10-11 01:18:15,127 [main] INFO  http.HttpServer2 (HttpServer2.java:addGlobalFilter(975)) - Added global filter 'safety' (class=org.apache.hadoop.http.HttpServer2$QuotingInputFilter)
2019-10-11 01:18:15,128 [main] INFO  http.HttpServer2 (HttpServer2.java:addFilter(948)) - Added filter static_user_filter (class=org.apache.hadoop.http.lib.StaticUserWebFilter$StaticUserFilter) to context hddsDatanode
2019-10-11 01:18:15,128 [main] INFO  http.HttpServer2 (HttpServer2.java:addFilter(958)) - Added filter static_user_filter (class=org.apache.hadoop.http.lib.StaticUserWebFilter$StaticUserFilter) to context static
2019-10-11 01:18:15,128 [main] INFO  http.HttpServer2 (HttpServer2.java:addFilter(958)) - Added filter static_user_filter (class=org.apache.hadoop.http.lib.StaticUserWebFilter$StaticUserFilter) to context logs
2019-10-11 01:18:15,129 [main] INFO  http.HttpServer2 (HttpServer2.java:bindListener(1191)) - Jetty bound to port 43715
2019-10-11 01:18:15,129 [main] INFO  server.Server (Server.java:doStart(351)) - jetty-9.3.25.v20180904, build timestamp: 2018-09-04T21:11:46Z, git hash: 3ce520221d0240229c862b122d2b06c12a625732
2019-10-11 01:18:15,130 [main] INFO  handler.ContextHandler (ContextHandler.java:doStart(781)) - Started o.e.j.s.ServletContextHandler@486bd064{/logs,file:///workdir/hadoop-ozone/integration-test/target/log,AVAILABLE}
2019-10-11 01:18:15,131 [main] INFO  handler.ContextHandler (ContextHandler.java:doStart(781)) - Started o.e.j.s.ServletContextHandler@740b9a50{/static,jar:file:/home/user/.m2/repository/org/apache/hadoop/hadoop-hdds-container-service/0.5.0-SNAPSHOT/hadoop-hdds-container-service-0.5.0-SNAPSHOT.jar!/webapps/static,AVAILABLE}
2019-10-11 01:18:15,155 [main] INFO  handler.ContextHandler (ContextHandler.java:doStart(781)) - Started o.e.j.w.WebAppContext@138f0661{/,file:///tmp/jetty-0.0.0.0-43715-hddsDatanode-_-any-8312798721152820794.dir/webapp/,AVAILABLE}{/hddsDatanode}
2019-10-11 01:18:15,155 [main] INFO  server.AbstractConnector (AbstractConnector.java:doStart(278)) - Started ServerConnector@212fafd1{HTTP/1.1,[http/1.1]}{0.0.0.0:43715}
2019-10-11 01:18:15,157 [main] INFO  server.Server (Server.java:doStart(419)) - Started @235725ms
2019-10-11 01:18:15,157 [main] WARN  impl.MetricsSystemImpl (MetricsSystemImpl.java:register(276)) - Sink prometheus already exists!
2019-10-11 01:18:15,158 [main] INFO  server.BaseHttpServer (BaseHttpServer.java:updateConnectorAddress(215)) - HTTP server of HDDSDATANODE is listening at http://0.0.0.0:43715
2019-10-11 01:18:15,158 [main] INFO  impl.MetricsSystemImpl (MetricsSystemImpl.java:init(158)) - HddsDatanode metrics system started (again)
2019-10-11 01:18:15,162 [org.apache.hadoop.util.JvmPauseMonitor$Monitor@2332b253] INFO  util.JvmPauseMonitor (JvmPauseMonitor.java:run(188)) - Starting JVM pause monitor
2019-10-11 01:18:15,162 [main] INFO  ozone.HddsDatanodeService (HddsDatanodeService.java:start(184)) - HddsDatanodeService host:pr-hdds-2278-9pt7w-4281506013 ip:192.168.5.158
2019-10-11 01:18:15,163 [Datanode State Machine Thread - 0] INFO  datanode.InitDatanodeState (InitDatanodeState.java:persistContainerDatanodeDetails(140)) - DatanodeDetails is persisted to /workdir/hadoop-ozone/integration-test/target/test-dir/MiniOzoneClusterImpl-668ac4db-f415-4d3e-ab95-6d503b2973c4/datanode-3/meta/datanode.id
2019-10-11 01:18:15,169 [main] INFO  volume.HddsVolume (HddsVolume.java:<init>(176)) - Creating Volume: /workdir/hadoop-ozone/integration-test/target/test-dir/MiniOzoneClusterImpl-668ac4db-f415-4d3e-ab95-6d503b2973c4/datanode-4/data/containers/hdds of  storage type : DISK and capacity : 1482555576320
2019-10-11 01:18:15,169 [main] INFO  volume.VolumeSet (VolumeSet.java:initializeVolumeSet(170)) - Added Volume : /workdir/hadoop-ozone/integration-test/target/test-dir/MiniOzoneClusterImpl-668ac4db-f415-4d3e-ab95-6d503b2973c4/datanode-4/data/containers/hdds to VolumeSet
2019-10-11 01:18:15,169 [main] INFO  volume.ThrottledAsyncChecker (ThrottledAsyncChecker.java:schedule(141)) - Scheduling a check for org.apache.hadoop.ozone.container.common.volume.HddsVolume@19b5214b
2019-10-11 01:18:15,170 [main] INFO  volume.HddsVolumeChecker (HddsVolumeChecker.java:checkAllVolumes(204)) - Scheduled health check for volume org.apache.hadoop.ozone.container.common.volume.HddsVolume@19b5214b
2019-10-11 01:18:15,180 [main] INFO  impl.RaftServerProxy (ConfUtils.java:logGet(43)) - raft.rpc.type = GRPC (default)
2019-10-11 01:18:15,181 [main] INFO  grpc.GrpcFactory (GrpcFactory.java:checkPooledByteBufAllocatorUseCacheForAllThreads(45)) - PERFORMANCE WARNING: useCacheForAllThreads is true that may cause Netty to create a lot garbage objects and, as a result, trigger GC.
	It is recommended to disable useCacheForAllThreads by setting -Dorg.apache.ratis.thirdparty.io.netty.allocator.useCacheForAllThreads=false in command line.
2019-10-11 01:18:15,181 [main] INFO  grpc.GrpcConfigKeys$Server (ConfUtils.java:logGet(43)) - raft.grpc.server.port = 0 (default)
2019-10-11 01:18:15,181 [main] INFO  server.GrpcService (ConfUtils.java:logGet(43)) - raft.grpc.message.size.max = 33570816 (custom)
2019-10-11 01:18:15,181 [main] INFO  server.RaftServerConfigKeys (ConfUtils.java:logGet(43)) - raft.server.log.appender.buffer.byte-limit = 33554432 (custom)
2019-10-11 01:18:15,181 [main] INFO  server.GrpcService (ConfUtils.java:logGet(43)) - raft.grpc.flow.control.window = 1MB (=1048576) (default)
2019-10-11 01:18:15,181 [main] INFO  server.RaftServerConfigKeys (ConfUtils.java:logGet(43)) - raft.server.rpc.request.timeout = 3000ms (default)
2019-10-11 01:18:15,182 [main] INFO  server.RaftServerConfigKeys (ConfUtils.java:logGet(43)) - raft.server.storage.dir = [/workdir/hadoop-ozone/integration-test/target/test-dir/MiniOzoneClusterImpl-668ac4db-f415-4d3e-ab95-6d503b2973c4/datanode-4/data/ratis] (custom)
2019-10-11 01:18:15,183 [main] INFO  hdfs.DFSUtil (DFSUtil.java:httpServerTemplateForNNAndJN(1641)) - Starting Web-server for hddsDatanode at: http://0.0.0.0:0
2019-10-11 01:18:15,184 [main] INFO  server.AuthenticationFilter (AuthenticationFilter.java:constructSecretProvider(240)) - Unable to initialize FileSignerSecretProvider, falling back to use random secrets.
2019-10-11 01:18:15,184 [main] WARN  http.HttpRequestLog (HttpRequestLog.java:getRequestLog(97)) - Jetty request log can only be enabled using Log4j
2019-10-11 01:18:15,185 [main] INFO  http.HttpServer2 (HttpServer2.java:addGlobalFilter(975)) - Added global filter 'safety' (class=org.apache.hadoop.http.HttpServer2$QuotingInputFilter)
2019-10-11 01:18:15,185 [main] INFO  http.HttpServer2 (HttpServer2.java:addFilter(948)) - Added filter static_user_filter (class=org.apache.hadoop.http.lib.StaticUserWebFilter$StaticUserFilter) to context hddsDatanode
2019-10-11 01:18:15,186 [main] INFO  http.HttpServer2 (HttpServer2.java:addFilter(958)) - Added filter static_user_filter (class=org.apache.hadoop.http.lib.StaticUserWebFilter$StaticUserFilter) to context logs
2019-10-11 01:18:15,186 [main] INFO  http.HttpServer2 (HttpServer2.java:addFilter(958)) - Added filter static_user_filter (class=org.apache.hadoop.http.lib.StaticUserWebFilter$StaticUserFilter) to context static
2019-10-11 01:18:15,186 [main] INFO  http.HttpServer2 (HttpServer2.java:bindListener(1191)) - Jetty bound to port 45063
2019-10-11 01:18:15,186 [main] INFO  server.Server (Server.java:doStart(351)) - jetty-9.3.25.v20180904, build timestamp: 2018-09-04T21:11:46Z, git hash: 3ce520221d0240229c862b122d2b06c12a625732
2019-10-11 01:18:15,188 [main] INFO  handler.ContextHandler (ContextHandler.java:doStart(781)) - Started o.e.j.s.ServletContextHandler@5a7b309b{/logs,file:///workdir/hadoop-ozone/integration-test/target/log,AVAILABLE}
2019-10-11 01:18:15,188 [main] INFO  handler.ContextHandler (ContextHandler.java:doStart(781)) - Started o.e.j.s.ServletContextHandler@7739aac4{/static,jar:file:/home/user/.m2/repository/org/apache/hadoop/hadoop-hdds-container-service/0.5.0-SNAPSHOT/hadoop-hdds-container-service-0.5.0-SNAPSHOT.jar!/webapps/static,AVAILABLE}
2019-10-11 01:18:15,212 [main] INFO  handler.ContextHandler (ContextHandler.java:doStart(781)) - Started o.e.j.w.WebAppContext@6812c8cc{/,file:///tmp/jetty-0.0.0.0-45063-hddsDatanode-_-any-208599178741964140.dir/webapp/,AVAILABLE}{/hddsDatanode}
2019-10-11 01:18:15,213 [main] INFO  server.AbstractConnector (AbstractConnector.java:doStart(278)) - Started ServerConnector@3457cc8d{HTTP/1.1,[http/1.1]}{0.0.0.0:45063}
2019-10-11 01:18:15,214 [main] INFO  server.Server (Server.java:doStart(419)) - Started @235782ms
2019-10-11 01:18:15,214 [main] WARN  impl.MetricsSystemImpl (MetricsSystemImpl.java:register(276)) - Sink prometheus already exists!
2019-10-11 01:18:15,215 [main] INFO  server.BaseHttpServer (BaseHttpServer.java:updateConnectorAddress(215)) - HTTP server of HDDSDATANODE is listening at http://0.0.0.0:45063
2019-10-11 01:18:15,215 [main] INFO  impl.MetricsSystemImpl (MetricsSystemImpl.java:init(158)) - HddsDatanode metrics system started (again)
2019-10-11 01:18:15,220 [org.apache.hadoop.util.JvmPauseMonitor$Monitor@73ca7e9d] INFO  util.JvmPauseMonitor (JvmPauseMonitor.java:run(188)) - Starting JVM pause monitor
2019-10-11 01:18:15,220 [main] INFO  ozone.HddsDatanodeService (HddsDatanodeService.java:start(184)) - HddsDatanodeService host:pr-hdds-2278-9pt7w-4281506013 ip:192.168.5.158
2019-10-11 01:18:15,221 [Datanode State Machine Thread - 0] INFO  datanode.InitDatanodeState (InitDatanodeState.java:persistContainerDatanodeDetails(140)) - DatanodeDetails is persisted to /workdir/hadoop-ozone/integration-test/target/test-dir/MiniOzoneClusterImpl-668ac4db-f415-4d3e-ab95-6d503b2973c4/datanode-4/meta/datanode.id
2019-10-11 01:18:15,226 [main] INFO  volume.HddsVolume (HddsVolume.java:<init>(176)) - Creating Volume: /workdir/hadoop-ozone/integration-test/target/test-dir/MiniOzoneClusterImpl-668ac4db-f415-4d3e-ab95-6d503b2973c4/datanode-5/data/containers/hdds of  storage type : DISK and capacity : 1482555576320
2019-10-11 01:18:15,226 [main] INFO  volume.VolumeSet (VolumeSet.java:initializeVolumeSet(170)) - Added Volume : /workdir/hadoop-ozone/integration-test/target/test-dir/MiniOzoneClusterImpl-668ac4db-f415-4d3e-ab95-6d503b2973c4/datanode-5/data/containers/hdds to VolumeSet
2019-10-11 01:18:15,226 [main] INFO  volume.ThrottledAsyncChecker (ThrottledAsyncChecker.java:schedule(141)) - Scheduling a check for org.apache.hadoop.ozone.container.common.volume.HddsVolume@5bfc79cb
2019-10-11 01:18:15,226 [main] INFO  volume.HddsVolumeChecker (HddsVolumeChecker.java:checkAllVolumes(204)) - Scheduled health check for volume org.apache.hadoop.ozone.container.common.volume.HddsVolume@5bfc79cb
2019-10-11 01:18:15,237 [main] INFO  impl.RaftServerProxy (ConfUtils.java:logGet(43)) - raft.rpc.type = GRPC (default)
2019-10-11 01:18:15,237 [main] INFO  grpc.GrpcFactory (GrpcFactory.java:checkPooledByteBufAllocatorUseCacheForAllThreads(45)) - PERFORMANCE WARNING: useCacheForAllThreads is true that may cause Netty to create a lot garbage objects and, as a result, trigger GC.
	It is recommended to disable useCacheForAllThreads by setting -Dorg.apache.ratis.thirdparty.io.netty.allocator.useCacheForAllThreads=false in command line.
2019-10-11 01:18:15,237 [main] INFO  grpc.GrpcConfigKeys$Server (ConfUtils.java:logGet(43)) - raft.grpc.server.port = 0 (default)
2019-10-11 01:18:15,237 [main] INFO  server.GrpcService (ConfUtils.java:logGet(43)) - raft.grpc.message.size.max = 33570816 (custom)
2019-10-11 01:18:15,238 [main] INFO  server.RaftServerConfigKeys (ConfUtils.java:logGet(43)) - raft.server.log.appender.buffer.byte-limit = 33554432 (custom)
2019-10-11 01:18:15,238 [main] INFO  server.GrpcService (ConfUtils.java:logGet(43)) - raft.grpc.flow.control.window = 1MB (=1048576) (default)
2019-10-11 01:18:15,238 [main] INFO  server.RaftServerConfigKeys (ConfUtils.java:logGet(43)) - raft.server.rpc.request.timeout = 3000ms (default)
2019-10-11 01:18:15,238 [main] INFO  server.RaftServerConfigKeys (ConfUtils.java:logGet(43)) - raft.server.storage.dir = [/workdir/hadoop-ozone/integration-test/target/test-dir/MiniOzoneClusterImpl-668ac4db-f415-4d3e-ab95-6d503b2973c4/datanode-5/data/ratis] (custom)
2019-10-11 01:18:15,239 [main] INFO  hdfs.DFSUtil (DFSUtil.java:httpServerTemplateForNNAndJN(1641)) - Starting Web-server for hddsDatanode at: http://0.0.0.0:0
2019-10-11 01:18:15,240 [main] INFO  server.AuthenticationFilter (AuthenticationFilter.java:constructSecretProvider(240)) - Unable to initialize FileSignerSecretProvider, falling back to use random secrets.
2019-10-11 01:18:15,240 [main] WARN  http.HttpRequestLog (HttpRequestLog.java:getRequestLog(97)) - Jetty request log can only be enabled using Log4j
2019-10-11 01:18:15,241 [main] INFO  http.HttpServer2 (HttpServer2.java:addGlobalFilter(975)) - Added global filter 'safety' (class=org.apache.hadoop.http.HttpServer2$QuotingInputFilter)
2019-10-11 01:18:15,242 [main] INFO  http.HttpServer2 (HttpServer2.java:addFilter(948)) - Added filter static_user_filter (class=org.apache.hadoop.http.lib.StaticUserWebFilter$StaticUserFilter) to context hddsDatanode
2019-10-11 01:18:15,242 [main] INFO  http.HttpServer2 (HttpServer2.java:addFilter(958)) - Added filter static_user_filter (class=org.apache.hadoop.http.lib.StaticUserWebFilter$StaticUserFilter) to context logs
2019-10-11 01:18:15,242 [main] INFO  http.HttpServer2 (HttpServer2.java:addFilter(958)) - Added filter static_user_filter (class=org.apache.hadoop.http.lib.StaticUserWebFilter$StaticUserFilter) to context static
2019-10-11 01:18:15,243 [main] INFO  http.HttpServer2 (HttpServer2.java:bindListener(1191)) - Jetty bound to port 37444
2019-10-11 01:18:15,243 [main] INFO  server.Server (Server.java:doStart(351)) - jetty-9.3.25.v20180904, build timestamp: 2018-09-04T21:11:46Z, git hash: 3ce520221d0240229c862b122d2b06c12a625732
2019-10-11 01:18:15,244 [main] INFO  handler.ContextHandler (ContextHandler.java:doStart(781)) - Started o.e.j.s.ServletContextHandler@18ffca6c{/logs,file:///workdir/hadoop-ozone/integration-test/target/log,AVAILABLE}
2019-10-11 01:18:15,244 [main] INFO  handler.ContextHandler (ContextHandler.java:doStart(781)) - Started o.e.j.s.ServletContextHandler@5f8f1712{/static,jar:file:/home/user/.m2/repository/org/apache/hadoop/hadoop-hdds-container-service/0.5.0-SNAPSHOT/hadoop-hdds-container-service-0.5.0-SNAPSHOT.jar!/webapps/static,AVAILABLE}
2019-10-11 01:18:15,269 [main] INFO  handler.ContextHandler (ContextHandler.java:doStart(781)) - Started o.e.j.w.WebAppContext@4652c74d{/,file:///tmp/jetty-0.0.0.0-37444-hddsDatanode-_-any-8805480024371866172.dir/webapp/,AVAILABLE}{/hddsDatanode}
2019-10-11 01:18:15,269 [main] INFO  server.AbstractConnector (AbstractConnector.java:doStart(278)) - Started ServerConnector@4cc12db2{HTTP/1.1,[http/1.1]}{0.0.0.0:37444}
2019-10-11 01:18:15,271 [main] INFO  server.Server (Server.java:doStart(419)) - Started @235839ms
2019-10-11 01:18:15,271 [main] WARN  impl.MetricsSystemImpl (MetricsSystemImpl.java:register(276)) - Sink prometheus already exists!
2019-10-11 01:18:15,271 [main] INFO  server.BaseHttpServer (BaseHttpServer.java:updateConnectorAddress(215)) - HTTP server of HDDSDATANODE is listening at http://0.0.0.0:37444
2019-10-11 01:18:15,272 [main] INFO  impl.MetricsSystemImpl (MetricsSystemImpl.java:init(158)) - HddsDatanode metrics system started (again)
2019-10-11 01:18:15,276 [org.apache.hadoop.util.JvmPauseMonitor$Monitor@3f13395b] INFO  util.JvmPauseMonitor (JvmPauseMonitor.java:run(188)) - Starting JVM pause monitor
2019-10-11 01:18:15,276 [main] INFO  ozone.HddsDatanodeService (HddsDatanodeService.java:start(184)) - HddsDatanodeService host:pr-hdds-2278-9pt7w-4281506013 ip:192.168.5.158
2019-10-11 01:18:15,277 [Datanode State Machine Thread - 0] INFO  datanode.InitDatanodeState (InitDatanodeState.java:persistContainerDatanodeDetails(140)) - DatanodeDetails is persisted to /workdir/hadoop-ozone/integration-test/target/test-dir/MiniOzoneClusterImpl-668ac4db-f415-4d3e-ab95-6d503b2973c4/datanode-5/meta/datanode.id
2019-10-11 01:18:15,281 [main] INFO  volume.HddsVolume (HddsVolume.java:<init>(176)) - Creating Volume: /workdir/hadoop-ozone/integration-test/target/test-dir/MiniOzoneClusterImpl-668ac4db-f415-4d3e-ab95-6d503b2973c4/datanode-6/data/containers/hdds of  storage type : DISK and capacity : 1482555576320
2019-10-11 01:18:15,282 [main] INFO  volume.VolumeSet (VolumeSet.java:initializeVolumeSet(170)) - Added Volume : /workdir/hadoop-ozone/integration-test/target/test-dir/MiniOzoneClusterImpl-668ac4db-f415-4d3e-ab95-6d503b2973c4/datanode-6/data/containers/hdds to VolumeSet
2019-10-11 01:18:15,282 [main] INFO  volume.ThrottledAsyncChecker (ThrottledAsyncChecker.java:schedule(141)) - Scheduling a check for org.apache.hadoop.ozone.container.common.volume.HddsVolume@2c48cede
2019-10-11 01:18:15,282 [main] INFO  volume.HddsVolumeChecker (HddsVolumeChecker.java:checkAllVolumes(204)) - Scheduled health check for volume org.apache.hadoop.ozone.container.common.volume.HddsVolume@2c48cede
2019-10-11 01:18:15,293 [main] INFO  impl.RaftServerProxy (ConfUtils.java:logGet(43)) - raft.rpc.type = GRPC (default)
2019-10-11 01:18:15,294 [main] INFO  grpc.GrpcFactory (GrpcFactory.java:checkPooledByteBufAllocatorUseCacheForAllThreads(45)) - PERFORMANCE WARNING: useCacheForAllThreads is true that may cause Netty to create a lot garbage objects and, as a result, trigger GC.
	It is recommended to disable useCacheForAllThreads by setting -Dorg.apache.ratis.thirdparty.io.netty.allocator.useCacheForAllThreads=false in command line.
2019-10-11 01:18:15,294 [main] INFO  grpc.GrpcConfigKeys$Server (ConfUtils.java:logGet(43)) - raft.grpc.server.port = 0 (default)
2019-10-11 01:18:15,294 [main] INFO  server.GrpcService (ConfUtils.java:logGet(43)) - raft.grpc.message.size.max = 33570816 (custom)
2019-10-11 01:18:15,294 [main] INFO  server.RaftServerConfigKeys (ConfUtils.java:logGet(43)) - raft.server.log.appender.buffer.byte-limit = 33554432 (custom)
2019-10-11 01:18:15,294 [main] INFO  server.GrpcService (ConfUtils.java:logGet(43)) - raft.grpc.flow.control.window = 1MB (=1048576) (default)
2019-10-11 01:18:15,294 [main] INFO  server.RaftServerConfigKeys (ConfUtils.java:logGet(43)) - raft.server.rpc.request.timeout = 3000ms (default)
2019-10-11 01:18:15,295 [main] INFO  server.RaftServerConfigKeys (ConfUtils.java:logGet(43)) - raft.server.storage.dir = [/workdir/hadoop-ozone/integration-test/target/test-dir/MiniOzoneClusterImpl-668ac4db-f415-4d3e-ab95-6d503b2973c4/datanode-6/data/ratis] (custom)
2019-10-11 01:18:15,296 [main] INFO  hdfs.DFSUtil (DFSUtil.java:httpServerTemplateForNNAndJN(1641)) - Starting Web-server for hddsDatanode at: http://0.0.0.0:0
2019-10-11 01:18:15,297 [main] INFO  server.AuthenticationFilter (AuthenticationFilter.java:constructSecretProvider(240)) - Unable to initialize FileSignerSecretProvider, falling back to use random secrets.
2019-10-11 01:18:15,297 [main] WARN  http.HttpRequestLog (HttpRequestLog.java:getRequestLog(97)) - Jetty request log can only be enabled using Log4j
2019-10-11 01:18:15,299 [main] INFO  http.HttpServer2 (HttpServer2.java:addGlobalFilter(975)) - Added global filter 'safety' (class=org.apache.hadoop.http.HttpServer2$QuotingInputFilter)
2019-10-11 01:18:15,299 [main] INFO  http.HttpServer2 (HttpServer2.java:addFilter(948)) - Added filter static_user_filter (class=org.apache.hadoop.http.lib.StaticUserWebFilter$StaticUserFilter) to context hddsDatanode
2019-10-11 01:18:15,299 [main] INFO  http.HttpServer2 (HttpServer2.java:addFilter(958)) - Added filter static_user_filter (class=org.apache.hadoop.http.lib.StaticUserWebFilter$StaticUserFilter) to context logs
2019-10-11 01:18:15,300 [main] INFO  http.HttpServer2 (HttpServer2.java:addFilter(958)) - Added filter static_user_filter (class=org.apache.hadoop.http.lib.StaticUserWebFilter$StaticUserFilter) to context static
2019-10-11 01:18:15,300 [main] INFO  http.HttpServer2 (HttpServer2.java:bindListener(1191)) - Jetty bound to port 37947
2019-10-11 01:18:15,300 [main] INFO  server.Server (Server.java:doStart(351)) - jetty-9.3.25.v20180904, build timestamp: 2018-09-04T21:11:46Z, git hash: 3ce520221d0240229c862b122d2b06c12a625732
2019-10-11 01:18:15,302 [main] INFO  handler.ContextHandler (ContextHandler.java:doStart(781)) - Started o.e.j.s.ServletContextHandler@4fb64a52{/logs,file:///workdir/hadoop-ozone/integration-test/target/log,AVAILABLE}
2019-10-11 01:18:15,302 [main] INFO  handler.ContextHandler (ContextHandler.java:doStart(781)) - Started o.e.j.s.ServletContextHandler@7b8ea1db{/static,jar:file:/home/user/.m2/repository/org/apache/hadoop/hadoop-hdds-container-service/0.5.0-SNAPSHOT/hadoop-hdds-container-service-0.5.0-SNAPSHOT.jar!/webapps/static,AVAILABLE}
2019-10-11 01:18:15,329 [main] INFO  handler.ContextHandler (ContextHandler.java:doStart(781)) - Started o.e.j.w.WebAppContext@5fd43e58{/,file:///tmp/jetty-0.0.0.0-37947-hddsDatanode-_-any-6607965732389000857.dir/webapp/,AVAILABLE}{/hddsDatanode}
2019-10-11 01:18:15,329 [main] INFO  server.AbstractConnector (AbstractConnector.java:doStart(278)) - Started ServerConnector@70d4f672{HTTP/1.1,[http/1.1]}{0.0.0.0:37947}
2019-10-11 01:18:15,331 [main] INFO  server.Server (Server.java:doStart(419)) - Started @235899ms
2019-10-11 01:18:15,331 [main] WARN  impl.MetricsSystemImpl (MetricsSystemImpl.java:register(276)) - Sink prometheus already exists!
2019-10-11 01:18:15,332 [main] INFO  server.BaseHttpServer (BaseHttpServer.java:updateConnectorAddress(215)) - HTTP server of HDDSDATANODE is listening at http://0.0.0.0:37947
2019-10-11 01:18:15,332 [main] INFO  ozone.MiniOzoneClusterImpl (MiniOzoneClusterImpl.java:lambda$waitForClusterToBeReady$0(147)) - Waiting for cluster to be ready. Got 0 of 7 DN Heartbeats.
2019-10-11 01:18:15,333 [org.apache.hadoop.util.JvmPauseMonitor$Monitor@188e4120] INFO  util.JvmPauseMonitor (JvmPauseMonitor.java:run(188)) - Starting JVM pause monitor
2019-10-11 01:18:15,334 [Datanode State Machine Thread - 0] INFO  datanode.InitDatanodeState (InitDatanodeState.java:persistContainerDatanodeDetails(140)) - DatanodeDetails is persisted to /workdir/hadoop-ozone/integration-test/target/test-dir/MiniOzoneClusterImpl-668ac4db-f415-4d3e-ab95-6d503b2973c4/datanode-6/meta/datanode.id
2019-10-11 01:18:16,333 [main] INFO  ozone.MiniOzoneClusterImpl (MiniOzoneClusterImpl.java:lambda$waitForClusterToBeReady$0(147)) - Waiting for cluster to be ready. Got 0 of 7 DN Heartbeats.
2019-10-11 01:18:17,001 [Datanode State Machine Thread - 0] INFO  ozoneimpl.OzoneContainer (OzoneContainer.java:start(213)) - Attempting to start container services.
2019-10-11 01:18:17,002 [Datanode State Machine Thread - 0] INFO  ozoneimpl.OzoneContainer (OzoneContainer.java:startContainerScrub(177)) - Background container scanner has been disabled.
2019-10-11 01:18:17,002 [Datanode State Machine Thread - 0] INFO  ratis.XceiverServerRatis (XceiverServerRatis.java:start(418)) - Starting XceiverServerRatis f7c0873a-f794-43cc-990b-555d216dee39 at port 0
2019-10-11 01:18:17,011 [Datanode State Machine Thread - 0] INFO  impl.RaftServerProxy (RaftServerProxy.java:lambda$start$3(299)) - f7c0873a-f794-43cc-990b-555d216dee39: start RPC server
2019-10-11 01:18:17,018 [Datanode State Machine Thread - 0] INFO  server.GrpcService (GrpcService.java:startImpl(158)) - f7c0873a-f794-43cc-990b-555d216dee39: GrpcService started, listening on 0.0.0.0/0.0.0.0:40587
2019-10-11 01:18:17,019 [Datanode State Machine Thread - 0] INFO  ratis.XceiverServerRatis (XceiverServerRatis.java:start(428)) - XceiverServerRatis f7c0873a-f794-43cc-990b-555d216dee39 is started using port 40587
2019-10-11 01:18:17,019 [Datanode State Machine Thread - 0] INFO  server.XceiverServerGrpc (XceiverServerGrpc.java:start(149)) - XceiverServerGrpc f7c0873a-f794-43cc-990b-555d216dee39 is started using port 36591
2019-10-11 01:18:17,051 [Datanode State Machine Thread - 0] INFO  ozoneimpl.OzoneContainer (OzoneContainer.java:start(213)) - Attempting to start container services.
2019-10-11 01:18:17,051 [Datanode State Machine Thread - 0] INFO  ozoneimpl.OzoneContainer (OzoneContainer.java:startContainerScrub(177)) - Background container scanner has been disabled.
2019-10-11 01:18:17,051 [Datanode State Machine Thread - 0] INFO  ratis.XceiverServerRatis (XceiverServerRatis.java:start(418)) - Starting XceiverServerRatis f88c062b-7f1e-425d-a2cf-315cf898dee5 at port 0
2019-10-11 01:18:17,058 [Datanode State Machine Thread - 0] INFO  impl.RaftServerProxy (RaftServerProxy.java:lambda$start$3(299)) - f88c062b-7f1e-425d-a2cf-315cf898dee5: start RPC server
2019-10-11 01:18:17,062 [Datanode State Machine Thread - 0] INFO  server.GrpcService (GrpcService.java:startImpl(158)) - f88c062b-7f1e-425d-a2cf-315cf898dee5: GrpcService started, listening on 0.0.0.0/0.0.0.0:45117
2019-10-11 01:18:17,062 [Datanode State Machine Thread - 0] INFO  ratis.XceiverServerRatis (XceiverServerRatis.java:start(428)) - XceiverServerRatis f88c062b-7f1e-425d-a2cf-315cf898dee5 is started using port 45117
2019-10-11 01:18:17,063 [Datanode State Machine Thread - 0] INFO  server.XceiverServerGrpc (XceiverServerGrpc.java:start(149)) - XceiverServerGrpc f88c062b-7f1e-425d-a2cf-315cf898dee5 is started using port 34311
2019-10-11 01:18:17,117 [Datanode State Machine Thread - 0] INFO  ozoneimpl.OzoneContainer (OzoneContainer.java:start(213)) - Attempting to start container services.
2019-10-11 01:18:17,118 [Datanode State Machine Thread - 0] INFO  ozoneimpl.OzoneContainer (OzoneContainer.java:startContainerScrub(177)) - Background container scanner has been disabled.
2019-10-11 01:18:17,118 [Datanode State Machine Thread - 0] INFO  ratis.XceiverServerRatis (XceiverServerRatis.java:start(418)) - Starting XceiverServerRatis 57a60f02-ceee-4137-91ce-8a8862269ae4 at port 0
2019-10-11 01:18:17,126 [Datanode State Machine Thread - 0] INFO  impl.RaftServerProxy (RaftServerProxy.java:lambda$start$3(299)) - 57a60f02-ceee-4137-91ce-8a8862269ae4: start RPC server
2019-10-11 01:18:17,127 [Datanode State Machine Thread - 0] INFO  server.GrpcService (GrpcService.java:startImpl(158)) - 57a60f02-ceee-4137-91ce-8a8862269ae4: GrpcService started, listening on 0.0.0.0/0.0.0.0:42885
2019-10-11 01:18:17,127 [Datanode State Machine Thread - 0] INFO  ratis.XceiverServerRatis (XceiverServerRatis.java:start(428)) - XceiverServerRatis 57a60f02-ceee-4137-91ce-8a8862269ae4 is started using port 42885
2019-10-11 01:18:17,127 [Datanode State Machine Thread - 0] INFO  server.XceiverServerGrpc (XceiverServerGrpc.java:start(149)) - XceiverServerGrpc 57a60f02-ceee-4137-91ce-8a8862269ae4 is started using port 46193
2019-10-11 01:18:17,176 [Datanode State Machine Thread - 0] INFO  ozoneimpl.OzoneContainer (OzoneContainer.java:start(213)) - Attempting to start container services.
2019-10-11 01:18:17,176 [Datanode State Machine Thread - 0] INFO  ozoneimpl.OzoneContainer (OzoneContainer.java:startContainerScrub(177)) - Background container scanner has been disabled.
2019-10-11 01:18:17,176 [Datanode State Machine Thread - 0] INFO  ratis.XceiverServerRatis (XceiverServerRatis.java:start(418)) - Starting XceiverServerRatis f082d1ec-c3e1-4cbc-841d-ae056025585b at port 0
2019-10-11 01:18:17,184 [Datanode State Machine Thread - 0] INFO  impl.RaftServerProxy (RaftServerProxy.java:lambda$start$3(299)) - f082d1ec-c3e1-4cbc-841d-ae056025585b: start RPC server
2019-10-11 01:18:17,187 [Datanode State Machine Thread - 0] INFO  server.GrpcService (GrpcService.java:startImpl(158)) - f082d1ec-c3e1-4cbc-841d-ae056025585b: GrpcService started, listening on 0.0.0.0/0.0.0.0:37675
2019-10-11 01:18:17,187 [Datanode State Machine Thread - 0] INFO  ratis.XceiverServerRatis (XceiverServerRatis.java:start(428)) - XceiverServerRatis f082d1ec-c3e1-4cbc-841d-ae056025585b is started using port 37675
2019-10-11 01:18:17,190 [Datanode State Machine Thread - 0] INFO  server.XceiverServerGrpc (XceiverServerGrpc.java:start(149)) - XceiverServerGrpc f082d1ec-c3e1-4cbc-841d-ae056025585b is started using port 42471
2019-10-11 01:18:17,236 [Datanode State Machine Thread - 0] INFO  ozoneimpl.OzoneContainer (OzoneContainer.java:start(213)) - Attempting to start container services.
2019-10-11 01:18:17,237 [Datanode State Machine Thread - 0] INFO  ozoneimpl.OzoneContainer (OzoneContainer.java:startContainerScrub(177)) - Background container scanner has been disabled.
2019-10-11 01:18:17,237 [Datanode State Machine Thread - 0] INFO  ratis.XceiverServerRatis (XceiverServerRatis.java:start(418)) - Starting XceiverServerRatis 1fffe24d-dabf-4e59-ba64-631d3758e1f4 at port 0
2019-10-11 01:18:17,246 [Datanode State Machine Thread - 0] INFO  impl.RaftServerProxy (RaftServerProxy.java:lambda$start$3(299)) - 1fffe24d-dabf-4e59-ba64-631d3758e1f4: start RPC server
2019-10-11 01:18:17,248 [Datanode State Machine Thread - 0] INFO  server.GrpcService (GrpcService.java:startImpl(158)) - 1fffe24d-dabf-4e59-ba64-631d3758e1f4: GrpcService started, listening on 0.0.0.0/0.0.0.0:39208
2019-10-11 01:18:17,248 [Datanode State Machine Thread - 0] INFO  ratis.XceiverServerRatis (XceiverServerRatis.java:start(428)) - XceiverServerRatis 1fffe24d-dabf-4e59-ba64-631d3758e1f4 is started using port 39208
2019-10-11 01:18:17,249 [Datanode State Machine Thread - 0] INFO  server.XceiverServerGrpc (XceiverServerGrpc.java:start(149)) - XceiverServerGrpc 1fffe24d-dabf-4e59-ba64-631d3758e1f4 is started using port 34434
2019-10-11 01:18:17,289 [Datanode State Machine Thread - 0] INFO  ozoneimpl.OzoneContainer (OzoneContainer.java:start(213)) - Attempting to start container services.
2019-10-11 01:18:17,290 [Datanode State Machine Thread - 0] INFO  ozoneimpl.OzoneContainer (OzoneContainer.java:startContainerScrub(177)) - Background container scanner has been disabled.
2019-10-11 01:18:17,290 [Datanode State Machine Thread - 0] INFO  ratis.XceiverServerRatis (XceiverServerRatis.java:start(418)) - Starting XceiverServerRatis 150fa93a-804a-42e0-8478-5795d5fc83a1 at port 0
2019-10-11 01:18:17,297 [Datanode State Machine Thread - 0] INFO  impl.RaftServerProxy (RaftServerProxy.java:lambda$start$3(299)) - 150fa93a-804a-42e0-8478-5795d5fc83a1: start RPC server
2019-10-11 01:18:17,300 [Datanode State Machine Thread - 0] INFO  server.GrpcService (GrpcService.java:startImpl(158)) - 150fa93a-804a-42e0-8478-5795d5fc83a1: GrpcService started, listening on 0.0.0.0/0.0.0.0:43579
2019-10-11 01:18:17,300 [Datanode State Machine Thread - 0] INFO  ratis.XceiverServerRatis (XceiverServerRatis.java:start(428)) - XceiverServerRatis 150fa93a-804a-42e0-8478-5795d5fc83a1 is started using port 43579
2019-10-11 01:18:17,302 [Datanode State Machine Thread - 0] INFO  server.XceiverServerGrpc (XceiverServerGrpc.java:start(149)) - XceiverServerGrpc 150fa93a-804a-42e0-8478-5795d5fc83a1 is started using port 43701
2019-10-11 01:18:17,333 [main] INFO  ozone.MiniOzoneClusterImpl (MiniOzoneClusterImpl.java:lambda$waitForClusterToBeReady$0(147)) - Waiting for cluster to be ready. Got 0 of 7 DN Heartbeats.
2019-10-11 01:18:17,348 [Datanode State Machine Thread - 0] INFO  ozoneimpl.OzoneContainer (OzoneContainer.java:start(213)) - Attempting to start container services.
2019-10-11 01:18:17,348 [Datanode State Machine Thread - 0] INFO  ozoneimpl.OzoneContainer (OzoneContainer.java:startContainerScrub(177)) - Background container scanner has been disabled.
2019-10-11 01:18:17,349 [Datanode State Machine Thread - 0] INFO  ratis.XceiverServerRatis (XceiverServerRatis.java:start(418)) - Starting XceiverServerRatis 19415257-ced1-4e70-84f5-d86f0316deaa at port 0
2019-10-11 01:18:17,356 [Datanode State Machine Thread - 0] INFO  impl.RaftServerProxy (RaftServerProxy.java:lambda$start$3(299)) - 19415257-ced1-4e70-84f5-d86f0316deaa: start RPC server
2019-10-11 01:18:17,356 [Datanode State Machine Thread - 0] INFO  server.GrpcService (GrpcService.java:startImpl(158)) - 19415257-ced1-4e70-84f5-d86f0316deaa: GrpcService started, listening on 0.0.0.0/0.0.0.0:45502
2019-10-11 01:18:17,356 [Datanode State Machine Thread - 0] INFO  ratis.XceiverServerRatis (XceiverServerRatis.java:start(428)) - XceiverServerRatis 19415257-ced1-4e70-84f5-d86f0316deaa is started using port 45502
2019-10-11 01:18:17,357 [Datanode State Machine Thread - 0] INFO  server.XceiverServerGrpc (XceiverServerGrpc.java:start(149)) - XceiverServerGrpc 19415257-ced1-4e70-84f5-d86f0316deaa is started using port 41568
2019-10-11 01:18:18,334 [main] INFO  ozone.MiniOzoneClusterImpl (MiniOzoneClusterImpl.java:lambda$waitForClusterToBeReady$0(147)) - Waiting for cluster to be ready. Got 0 of 7 DN Heartbeats.
2019-10-11 01:18:18,963 [IPC Server handler 1 on 37830] INFO  net.NetworkTopology (NetworkTopologyImpl.java:add(111)) - Added a new node: /default-rack/f7c0873a-f794-43cc-990b-555d216dee39
2019-10-11 01:18:18,963 [IPC Server handler 1 on 37830] INFO  node.SCMNodeManager (SCMNodeManager.java:register(268)) - Registered Data node : f7c0873a-f794-43cc-990b-555d216dee39{ip: 192.168.5.158, host: pr-hdds-2278-9pt7w-4281506013, networkLocation: /default-rack, certSerialId: null}
2019-10-11 01:18:18,967 [EventQueue-NodeRegistrationContainerReportForDataNodeSafeModeRule] INFO  safemode.SCMSafeModeManager (DataNodeSafeModeRule.java:process(71)) - SCM in safe mode. 1 DataNodes registered, 1 required.
2019-10-11 01:18:18,970 [EventQueue-NodeRegistrationContainerReportForDataNodeSafeModeRule] INFO  safemode.SCMSafeModeManager (SCMSafeModeManager.java:validateSafeModeExitRules(177)) - ScmSafeModeManager, all rules are successfully validated
2019-10-11 01:18:18,970 [EventQueue-NodeRegistrationContainerReportForDataNodeSafeModeRule] INFO  safemode.SCMSafeModeManager (SCMSafeModeManager.java:exitSafeMode(193)) - SCM exiting safe mode.
2019-10-11 01:18:18,991 [grpc-default-executor-6] INFO  impl.RaftServerProxy (RaftServerProxy.java:addNew(89)) - f7c0873a-f794-43cc-990b-555d216dee39: addNew group-E9E2A452C38E:[f7c0873a-f794-43cc-990b-555d216dee39:192.168.5.158:40587] returns group-E9E2A452C38E:java.util.concurrent.CompletableFuture@4840b063[Not completed]
2019-10-11 01:18:18,997 [pool-383-thread-1] INFO  impl.RaftServerImpl (RaftServerImpl.java:<init>(95)) - f7c0873a-f794-43cc-990b-555d216dee39: new RaftServerImpl for group-E9E2A452C38E:[f7c0873a-f794-43cc-990b-555d216dee39:192.168.5.158:40587] with ContainerStateMachine:uninitialized
2019-10-11 01:18:18,997 [pool-383-thread-1] INFO  server.RaftServerConfigKeys (ConfUtils.java:logGet(43)) - raft.server.rpc.timeout.min = 5s (custom)
2019-10-11 01:18:18,997 [pool-383-thread-1] INFO  server.RaftServerConfigKeys (ConfUtils.java:logGet(43)) - raft.server.rpc.timeout.max = 5200ms (custom)
2019-10-11 01:18:18,998 [pool-383-thread-1] INFO  server.RaftServerConfigKeys (ConfUtils.java:logGet(43)) - raft.server.rpcslowness.timeout = 120s (custom)
2019-10-11 01:18:18,998 [pool-383-thread-1] INFO  server.RaftServerConfigKeys (ConfUtils.java:logGet(43)) - raft.server.sleep.deviation.threshold = 300 (default)
2019-10-11 01:18:18,998 [pool-383-thread-1] INFO  server.RaftServerConfigKeys (ConfUtils.java:logGet(43)) - raft.server.log.appender.install.snapshot.enabled = false (custom)
2019-10-11 01:18:18,999 [pool-383-thread-1] INFO  impl.RaftServerImpl (ServerState.java:<init>(103)) - f7c0873a-f794-43cc-990b-555d216dee39@group-E9E2A452C38E: ConfigurationManager, init=-1: [f7c0873a-f794-43cc-990b-555d216dee39:192.168.5.158:40587], old=null, confs=<EMPTY_MAP>
2019-10-11 01:18:18,999 [pool-383-thread-1] INFO  server.RaftServerConfigKeys (ConfUtils.java:logGet(43)) - raft.server.storage.dir = [/workdir/hadoop-ozone/integration-test/target/test-dir/MiniOzoneClusterImpl-668ac4db-f415-4d3e-ab95-6d503b2973c4/datanode-0/data/ratis] (custom)
2019-10-11 01:18:19,000 [pool-383-thread-1] INFO  server.RaftServerConfigKeys (ConfUtils.java:logGet(43)) - raft.server.log.corruption.policy = EXCEPTION (default)
2019-10-11 01:18:19,001 [pool-383-thread-1] INFO  storage.RaftStorageDirectory (RaftStorageDirectory.java:analyzeStorage(246)) - The storage directory /workdir/hadoop-ozone/integration-test/target/test-dir/MiniOzoneClusterImpl-668ac4db-f415-4d3e-ab95-6d503b2973c4/datanode-0/data/ratis/2b470ef4-712c-4600-922c-e9e2a452c38e does not exist. Creating ...
2019-10-11 01:18:19,014 [pool-383-thread-1] INFO  storage.RaftStorageDirectory (RaftStorageDirectory.java:tryLock(328)) - Lock on /workdir/hadoop-ozone/integration-test/target/test-dir/MiniOzoneClusterImpl-668ac4db-f415-4d3e-ab95-6d503b2973c4/datanode-0/data/ratis/2b470ef4-712c-4600-922c-e9e2a452c38e/in_use.lock acquired by nodename 23902@pr-hdds-2278-9pt7w-4281506013
2019-10-11 01:18:19,028 [pool-383-thread-1] INFO  storage.RaftStorage (RaftStorage.java:format(84)) - Storage directory /workdir/hadoop-ozone/integration-test/target/test-dir/MiniOzoneClusterImpl-668ac4db-f415-4d3e-ab95-6d503b2973c4/datanode-0/data/ratis/2b470ef4-712c-4600-922c-e9e2a452c38e has been successfully formatted.
2019-10-11 01:18:19,028 [pool-383-thread-1] INFO  ratis.ContainerStateMachine (ContainerStateMachine.java:loadSnapshot(231)) - group-E9E2A452C38E: The snapshot info is null. Setting the last applied indexto:(t:0, i:~)
2019-10-11 01:18:19,029 [pool-383-thread-1] INFO  server.RaftServerConfigKeys (ConfUtils.java:logGet(43)) - raft.server.notification.no-leader.timeout = 120s (custom)
2019-10-11 01:18:19,029 [pool-383-thread-1] INFO  server.RaftServerConfigKeys (ConfUtils.java:logGet(43)) - raft.server.log.use.memory = false (default)
2019-10-11 01:18:19,029 [pool-383-thread-1] INFO  server.RaftServerConfigKeys (ConfUtils.java:logGet(43)) - raft.server.log.purge.gap = 1000000 (custom)
2019-10-11 01:18:19,030 [pool-383-thread-1] INFO  server.RaftServerConfigKeys (ConfUtils.java:logGet(43)) - raft.server.log.appender.buffer.byte-limit = 33554432 (custom)
2019-10-11 01:18:19,030 [pool-383-thread-1] INFO  server.RaftServerConfigKeys (ConfUtils.java:logGet(43)) - raft.server.log.segment.size.max = 1048576 (custom)
2019-10-11 01:18:19,034 [pool-383-thread-1] INFO  server.RaftServerConfigKeys (ConfUtils.java:logGet(43)) - raft.server.log.segment.cache.num.max = 2 (custom)
2019-10-11 01:18:19,034 [pool-383-thread-1] INFO  segmented.SegmentedRaftLogWorker (SegmentedRaftLogWorker.java:<init>(173)) - new f7c0873a-f794-43cc-990b-555d216dee39@group-E9E2A452C38E-SegmentedRaftLogWorker for RaftStorage:Storage Directory /workdir/hadoop-ozone/integration-test/target/test-dir/MiniOzoneClusterImpl-668ac4db-f415-4d3e-ab95-6d503b2973c4/datanode-0/data/ratis/2b470ef4-712c-4600-922c-e9e2a452c38e
2019-10-11 01:18:19,034 [IPC Server handler 3 on 37830] INFO  net.NetworkTopology (NetworkTopologyImpl.java:add(111)) - Added a new node: /default-rack/f88c062b-7f1e-425d-a2cf-315cf898dee5
2019-10-11 01:18:19,035 [pool-383-thread-1] INFO  server.RaftServerConfigKeys (ConfUtils.java:logGet(43)) - raft.server.log.queue.byte-limit = 2147483647 (custom)
2019-10-11 01:18:19,035 [IPC Server handler 3 on 37830] INFO  node.SCMNodeManager (SCMNodeManager.java:register(268)) - Registered Data node : f88c062b-7f1e-425d-a2cf-315cf898dee5{ip: 192.168.5.158, host: pr-hdds-2278-9pt7w-4281506013, networkLocation: /default-rack, certSerialId: null}
2019-10-11 01:18:19,035 [pool-383-thread-1] INFO  server.RaftServerConfigKeys (ConfUtils.java:logGet(43)) - raft.server.log.queue.element-limit = 1024 (custom)
2019-10-11 01:18:19,035 [pool-383-thread-1] INFO  server.RaftServerConfigKeys (ConfUtils.java:logGet(43)) - raft.server.log.segment.size.max = 1048576 (custom)
2019-10-11 01:18:19,035 [pool-383-thread-1] INFO  server.RaftServerConfigKeys (ConfUtils.java:logGet(43)) - raft.server.log.preallocated.size = 16384 (custom)
2019-10-11 01:18:19,036 [pool-383-thread-1] INFO  server.RaftServerConfigKeys (ConfUtils.java:logGet(43)) - raft.server.log.write.buffer.size = 33554432 (custom)
2019-10-11 01:18:19,036 [pool-383-thread-1] INFO  server.RaftServerConfigKeys (ConfUtils.java:logGet(43)) - raft.server.log.force.sync.num = 128 (default)
2019-10-11 01:18:19,036 [pool-383-thread-1] INFO  server.RaftServerConfigKeys (ConfUtils.java:logGet(43)) - raft.server.log.statemachine.data.sync = true (default)
2019-10-11 01:18:19,036 [pool-383-thread-1] INFO  server.RaftServerConfigKeys (ConfUtils.java:logGet(43)) - raft.server.log.statemachine.data.sync.timeout = 10s (default)
2019-10-11 01:18:19,037 [pool-383-thread-1] INFO  server.RaftServerConfigKeys (ConfUtils.java:logGet(43)) - raft.server.log.statemachine.data.sync.timeout.retry = -1 (default)
2019-10-11 01:18:19,037 [pool-383-thread-1] INFO  server.RaftServerConfigKeys (ConfUtils.java:logGet(43)) - raft.server.log.statemachine.data.caching.enabled = true (custom)
2019-10-11 01:18:19,038 [pool-383-thread-1] INFO  segmented.SegmentedRaftLogWorker (SegmentedRaftLogWorker.java:lambda$new$0(128)) - f7c0873a-f794-43cc-990b-555d216dee39@group-E9E2A452C38E-SegmentedRaftLogWorker: flushIndex: setUnconditionally 0 -> -1
2019-10-11 01:18:19,038 [pool-383-thread-1] INFO  server.RaftServerConfigKeys (ConfUtils.java:logGet(43)) - raft.server.snapshot.auto.trigger.enabled = true (custom)
2019-10-11 01:18:19,038 [pool-383-thread-1] INFO  server.RaftServerConfigKeys (ConfUtils.java:logGet(43)) - raft.server.snapshot.auto.trigger.threshold = 10000 (custom)
2019-10-11 01:18:19,039 [pool-383-thread-1] INFO  server.RaftServerConfigKeys (ConfUtils.java:logGet(43)) - raft.server.snapshot.retention.file.num = 5 (custom)
2019-10-11 01:18:19,039 [pool-383-thread-1] INFO  server.RaftServerConfigKeys (ConfUtils.java:logGet(43)) - raft.server.retrycache.expirytime = 600000ms (custom)
2019-10-11 01:18:19,043 [pool-383-thread-1] INFO  impl.RaftServerImpl (RaftServerImpl.java:start(181)) - f7c0873a-f794-43cc-990b-555d216dee39@group-E9E2A452C38E: start as a follower, conf=-1: [f7c0873a-f794-43cc-990b-555d216dee39:192.168.5.158:40587], old=null
2019-10-11 01:18:19,044 [pool-383-thread-1] INFO  impl.RaftServerImpl (RaftServerImpl.java:setRole(170)) - f7c0873a-f794-43cc-990b-555d216dee39@group-E9E2A452C38E: changes role from      null to FOLLOWER at term 0 for startAsFollower
2019-10-11 01:18:19,044 [pool-383-thread-1] INFO  impl.RoleInfo (RoleInfo.java:updateAndGet(143)) - f7c0873a-f794-43cc-990b-555d216dee39: start FollowerState
2019-10-11 01:18:19,045 [pool-383-thread-1] INFO  util.JmxRegister (JmxRegister.java:tryRegister(44)) - Successfully registered JMX Bean with object name Ratis:service=RaftServer,group=group-E9E2A452C38E,id=f7c0873a-f794-43cc-990b-555d216dee39
2019-10-11 01:18:19,051 [RatisPipelineUtilsThread] INFO  pipeline.PipelineStateManager (PipelineStateManager.java:addPipeline(56)) - Created pipeline Pipeline[ Id: 2b470ef4-712c-4600-922c-e9e2a452c38e, Nodes: f7c0873a-f794-43cc-990b-555d216dee39{ip: 192.168.5.158, host: pr-hdds-2278-9pt7w-4281506013, networkLocation: /default-rack, certSerialId: null}, Type:RATIS, Factor:ONE, State:OPEN]
2019-10-11 01:18:19,058 [grpc-default-executor-6] INFO  impl.RaftServerProxy (RaftServerProxy.java:addNew(89)) - f88c062b-7f1e-425d-a2cf-315cf898dee5: addNew group-959804664CDD:[f88c062b-7f1e-425d-a2cf-315cf898dee5:192.168.5.158:45117] returns group-959804664CDD:java.util.concurrent.CompletableFuture@7dcafb0f[Not completed]
2019-10-11 01:18:19,059 [pool-393-thread-1] INFO  impl.RaftServerImpl (RaftServerImpl.java:<init>(95)) - f88c062b-7f1e-425d-a2cf-315cf898dee5: new RaftServerImpl for group-959804664CDD:[f88c062b-7f1e-425d-a2cf-315cf898dee5:192.168.5.158:45117] with ContainerStateMachine:uninitialized
2019-10-11 01:18:19,059 [pool-393-thread-1] INFO  server.RaftServerConfigKeys (ConfUtils.java:logGet(43)) - raft.server.rpc.timeout.min = 5s (custom)
2019-10-11 01:18:19,059 [pool-393-thread-1] INFO  server.RaftServerConfigKeys (ConfUtils.java:logGet(43)) - raft.server.rpc.timeout.max = 5200ms (custom)
2019-10-11 01:18:19,059 [pool-393-thread-1] INFO  server.RaftServerConfigKeys (ConfUtils.java:logGet(43)) - raft.server.rpcslowness.timeout = 120s (custom)
2019-10-11 01:18:19,059 [pool-393-thread-1] INFO  server.RaftServerConfigKeys (ConfUtils.java:logGet(43)) - raft.server.sleep.deviation.threshold = 300 (default)
2019-10-11 01:18:19,059 [pool-393-thread-1] INFO  server.RaftServerConfigKeys (ConfUtils.java:logGet(43)) - raft.server.log.appender.install.snapshot.enabled = false (custom)
2019-10-11 01:18:19,059 [pool-393-thread-1] INFO  impl.RaftServerImpl (ServerState.java:<init>(103)) - f88c062b-7f1e-425d-a2cf-315cf898dee5@group-959804664CDD: ConfigurationManager, init=-1: [f88c062b-7f1e-425d-a2cf-315cf898dee5:192.168.5.158:45117], old=null, confs=<EMPTY_MAP>
2019-10-11 01:18:19,059 [pool-393-thread-1] INFO  server.RaftServerConfigKeys (ConfUtils.java:logGet(43)) - raft.server.storage.dir = [/workdir/hadoop-ozone/integration-test/target/test-dir/MiniOzoneClusterImpl-668ac4db-f415-4d3e-ab95-6d503b2973c4/datanode-1/data/ratis] (custom)
2019-10-11 01:18:19,060 [pool-393-thread-1] INFO  server.RaftServerConfigKeys (ConfUtils.java:logGet(43)) - raft.server.log.corruption.policy = EXCEPTION (default)
2019-10-11 01:18:19,060 [pool-393-thread-1] INFO  storage.RaftStorageDirectory (RaftStorageDirectory.java:analyzeStorage(246)) - The storage directory /workdir/hadoop-ozone/integration-test/target/test-dir/MiniOzoneClusterImpl-668ac4db-f415-4d3e-ab95-6d503b2973c4/datanode-1/data/ratis/bdc3662e-6411-4cd9-ba56-959804664cdd does not exist. Creating ...
2019-10-11 01:18:19,072 [pool-393-thread-1] INFO  storage.RaftStorageDirectory (RaftStorageDirectory.java:tryLock(328)) - Lock on /workdir/hadoop-ozone/integration-test/target/test-dir/MiniOzoneClusterImpl-668ac4db-f415-4d3e-ab95-6d503b2973c4/datanode-1/data/ratis/bdc3662e-6411-4cd9-ba56-959804664cdd/in_use.lock acquired by nodename 23902@pr-hdds-2278-9pt7w-4281506013
2019-10-11 01:18:19,085 [pool-393-thread-1] INFO  storage.RaftStorage (RaftStorage.java:format(84)) - Storage directory /workdir/hadoop-ozone/integration-test/target/test-dir/MiniOzoneClusterImpl-668ac4db-f415-4d3e-ab95-6d503b2973c4/datanode-1/data/ratis/bdc3662e-6411-4cd9-ba56-959804664cdd has been successfully formatted.
2019-10-11 01:18:19,085 [pool-393-thread-1] INFO  ratis.ContainerStateMachine (ContainerStateMachine.java:loadSnapshot(231)) - group-959804664CDD: The snapshot info is null. Setting the last applied indexto:(t:0, i:~)
2019-10-11 01:18:19,085 [pool-393-thread-1] INFO  server.RaftServerConfigKeys (ConfUtils.java:logGet(43)) - raft.server.notification.no-leader.timeout = 120s (custom)
2019-10-11 01:18:19,085 [pool-393-thread-1] INFO  server.RaftServerConfigKeys (ConfUtils.java:logGet(43)) - raft.server.log.use.memory = false (default)
2019-10-11 01:18:19,085 [pool-393-thread-1] INFO  server.RaftServerConfigKeys (ConfUtils.java:logGet(43)) - raft.server.log.purge.gap = 1000000 (custom)
2019-10-11 01:18:19,085 [pool-393-thread-1] INFO  server.RaftServerConfigKeys (ConfUtils.java:logGet(43)) - raft.server.log.appender.buffer.byte-limit = 33554432 (custom)
2019-10-11 01:18:19,085 [pool-393-thread-1] INFO  server.RaftServerConfigKeys (ConfUtils.java:logGet(43)) - raft.server.log.segment.size.max = 1048576 (custom)
2019-10-11 01:18:19,086 [pool-393-thread-1] INFO  server.RaftServerConfigKeys (ConfUtils.java:logGet(43)) - raft.server.log.segment.cache.num.max = 2 (custom)
2019-10-11 01:18:19,086 [pool-393-thread-1] INFO  segmented.SegmentedRaftLogWorker (SegmentedRaftLogWorker.java:<init>(173)) - new f88c062b-7f1e-425d-a2cf-315cf898dee5@group-959804664CDD-SegmentedRaftLogWorker for RaftStorage:Storage Directory /workdir/hadoop-ozone/integration-test/target/test-dir/MiniOzoneClusterImpl-668ac4db-f415-4d3e-ab95-6d503b2973c4/datanode-1/data/ratis/bdc3662e-6411-4cd9-ba56-959804664cdd
2019-10-11 01:18:19,087 [pool-393-thread-1] INFO  server.RaftServerConfigKeys (ConfUtils.java:logGet(43)) - raft.server.log.queue.byte-limit = 2147483647 (custom)
2019-10-11 01:18:19,087 [pool-393-thread-1] INFO  server.RaftServerConfigKeys (ConfUtils.java:logGet(43)) - raft.server.log.queue.element-limit = 1024 (custom)
2019-10-11 01:18:19,087 [pool-393-thread-1] INFO  server.RaftServerConfigKeys (ConfUtils.java:logGet(43)) - raft.server.log.segment.size.max = 1048576 (custom)
2019-10-11 01:18:19,087 [pool-393-thread-1] INFO  server.RaftServerConfigKeys (ConfUtils.java:logGet(43)) - raft.server.log.preallocated.size = 16384 (custom)
2019-10-11 01:18:19,087 [pool-393-thread-1] INFO  server.RaftServerConfigKeys (ConfUtils.java:logGet(43)) - raft.server.log.write.buffer.size = 33554432 (custom)
2019-10-11 01:18:19,087 [pool-393-thread-1] INFO  server.RaftServerConfigKeys (ConfUtils.java:logGet(43)) - raft.server.log.force.sync.num = 128 (default)
2019-10-11 01:18:19,087 [pool-393-thread-1] INFO  server.RaftServerConfigKeys (ConfUtils.java:logGet(43)) - raft.server.log.statemachine.data.sync = true (default)
2019-10-11 01:18:19,087 [pool-393-thread-1] INFO  server.RaftServerConfigKeys (ConfUtils.java:logGet(43)) - raft.server.log.statemachine.data.sync.timeout = 10s (default)
2019-10-11 01:18:19,087 [pool-393-thread-1] INFO  server.RaftServerConfigKeys (ConfUtils.java:logGet(43)) - raft.server.log.statemachine.data.sync.timeout.retry = -1 (default)
2019-10-11 01:18:19,087 [pool-393-thread-1] INFO  server.RaftServerConfigKeys (ConfUtils.java:logGet(43)) - raft.server.log.statemachine.data.caching.enabled = true (custom)
2019-10-11 01:18:19,088 [pool-393-thread-1] INFO  segmented.SegmentedRaftLogWorker (SegmentedRaftLogWorker.java:lambda$new$0(128)) - f88c062b-7f1e-425d-a2cf-315cf898dee5@group-959804664CDD-SegmentedRaftLogWorker: flushIndex: setUnconditionally 0 -> -1
2019-10-11 01:18:19,088 [pool-393-thread-1] INFO  server.RaftServerConfigKeys (ConfUtils.java:logGet(43)) - raft.server.snapshot.auto.trigger.enabled = true (custom)
2019-10-11 01:18:19,088 [pool-393-thread-1] INFO  server.RaftServerConfigKeys (ConfUtils.java:logGet(43)) - raft.server.snapshot.auto.trigger.threshold = 10000 (custom)
2019-10-11 01:18:19,088 [pool-393-thread-1] INFO  server.RaftServerConfigKeys (ConfUtils.java:logGet(43)) - raft.server.snapshot.retention.file.num = 5 (custom)
2019-10-11 01:18:19,088 [pool-393-thread-1] INFO  server.RaftServerConfigKeys (ConfUtils.java:logGet(43)) - raft.server.retrycache.expirytime = 600000ms (custom)
2019-10-11 01:18:19,089 [pool-393-thread-1] INFO  impl.RaftServerImpl (RaftServerImpl.java:start(181)) - f88c062b-7f1e-425d-a2cf-315cf898dee5@group-959804664CDD: start as a follower, conf=-1: [f88c062b-7f1e-425d-a2cf-315cf898dee5:192.168.5.158:45117], old=null
2019-10-11 01:18:19,089 [pool-393-thread-1] INFO  impl.RaftServerImpl (RaftServerImpl.java:setRole(170)) - f88c062b-7f1e-425d-a2cf-315cf898dee5@group-959804664CDD: changes role from      null to FOLLOWER at term 0 for startAsFollower
2019-10-11 01:18:19,089 [pool-393-thread-1] INFO  impl.RoleInfo (RoleInfo.java:updateAndGet(143)) - f88c062b-7f1e-425d-a2cf-315cf898dee5: start FollowerState
2019-10-11 01:18:19,090 [pool-393-thread-1] INFO  util.JmxRegister (JmxRegister.java:tryRegister(44)) - Successfully registered JMX Bean with object name Ratis:service=RaftServer,group=group-959804664CDD,id=f88c062b-7f1e-425d-a2cf-315cf898dee5
2019-10-11 01:18:19,093 [RatisPipelineUtilsThread] INFO  pipeline.PipelineStateManager (PipelineStateManager.java:addPipeline(56)) - Created pipeline Pipeline[ Id: bdc3662e-6411-4cd9-ba56-959804664cdd, Nodes: f88c062b-7f1e-425d-a2cf-315cf898dee5{ip: 192.168.5.158, host: pr-hdds-2278-9pt7w-4281506013, networkLocation: /default-rack, certSerialId: null}, Type:RATIS, Factor:ONE, State:OPEN]
2019-10-11 01:18:19,108 [IPC Server handler 2 on 37830] INFO  net.NetworkTopology (NetworkTopologyImpl.java:add(111)) - Added a new node: /default-rack/57a60f02-ceee-4137-91ce-8a8862269ae4
2019-10-11 01:18:19,108 [IPC Server handler 2 on 37830] INFO  node.SCMNodeManager (SCMNodeManager.java:register(268)) - Registered Data node : 57a60f02-ceee-4137-91ce-8a8862269ae4{ip: 192.168.5.158, host: pr-hdds-2278-9pt7w-4281506013, networkLocation: /default-rack, certSerialId: null}
2019-10-11 01:18:19,115 [grpc-default-executor-6] INFO  impl.RaftServerProxy (RaftServerProxy.java:addNew(89)) - 57a60f02-ceee-4137-91ce-8a8862269ae4: addNew group-FF180BFF431C:[57a60f02-ceee-4137-91ce-8a8862269ae4:192.168.5.158:42885] returns group-FF180BFF431C:java.util.concurrent.CompletableFuture@2815d65[Not completed]
2019-10-11 01:18:19,116 [pool-403-thread-1] INFO  impl.RaftServerImpl (RaftServerImpl.java:<init>(95)) - 57a60f02-ceee-4137-91ce-8a8862269ae4: new RaftServerImpl for group-FF180BFF431C:[57a60f02-ceee-4137-91ce-8a8862269ae4:192.168.5.158:42885] with ContainerStateMachine:uninitialized
2019-10-11 01:18:19,116 [pool-403-thread-1] INFO  server.RaftServerConfigKeys (ConfUtils.java:logGet(43)) - raft.server.rpc.timeout.min = 5s (custom)
2019-10-11 01:18:19,117 [pool-403-thread-1] INFO  server.RaftServerConfigKeys (ConfUtils.java:logGet(43)) - raft.server.rpc.timeout.max = 5200ms (custom)
2019-10-11 01:18:19,117 [pool-403-thread-1] INFO  server.RaftServerConfigKeys (ConfUtils.java:logGet(43)) - raft.server.rpcslowness.timeout = 120s (custom)
2019-10-11 01:18:19,117 [pool-403-thread-1] INFO  server.RaftServerConfigKeys (ConfUtils.java:logGet(43)) - raft.server.sleep.deviation.threshold = 300 (default)
2019-10-11 01:18:19,117 [pool-403-thread-1] INFO  server.RaftServerConfigKeys (ConfUtils.java:logGet(43)) - raft.server.log.appender.install.snapshot.enabled = false (custom)
2019-10-11 01:18:19,117 [pool-403-thread-1] INFO  impl.RaftServerImpl (ServerState.java:<init>(103)) - 57a60f02-ceee-4137-91ce-8a8862269ae4@group-FF180BFF431C: ConfigurationManager, init=-1: [57a60f02-ceee-4137-91ce-8a8862269ae4:192.168.5.158:42885], old=null, confs=<EMPTY_MAP>
2019-10-11 01:18:19,118 [pool-403-thread-1] INFO  server.RaftServerConfigKeys (ConfUtils.java:logGet(43)) - raft.server.storage.dir = [/workdir/hadoop-ozone/integration-test/target/test-dir/MiniOzoneClusterImpl-668ac4db-f415-4d3e-ab95-6d503b2973c4/datanode-2/data/ratis] (custom)
2019-10-11 01:18:19,118 [pool-403-thread-1] INFO  server.RaftServerConfigKeys (ConfUtils.java:logGet(43)) - raft.server.log.corruption.policy = EXCEPTION (default)
2019-10-11 01:18:19,118 [pool-403-thread-1] INFO  storage.RaftStorageDirectory (RaftStorageDirectory.java:analyzeStorage(246)) - The storage directory /workdir/hadoop-ozone/integration-test/target/test-dir/MiniOzoneClusterImpl-668ac4db-f415-4d3e-ab95-6d503b2973c4/datanode-2/data/ratis/2c3d26ec-248e-4ba8-aea0-ff180bff431c does not exist. Creating ...
2019-10-11 01:18:19,131 [pool-403-thread-1] INFO  storage.RaftStorageDirectory (RaftStorageDirectory.java:tryLock(328)) - Lock on /workdir/hadoop-ozone/integration-test/target/test-dir/MiniOzoneClusterImpl-668ac4db-f415-4d3e-ab95-6d503b2973c4/datanode-2/data/ratis/2c3d26ec-248e-4ba8-aea0-ff180bff431c/in_use.lock acquired by nodename 23902@pr-hdds-2278-9pt7w-4281506013
2019-10-11 01:18:19,144 [pool-403-thread-1] INFO  storage.RaftStorage (RaftStorage.java:format(84)) - Storage directory /workdir/hadoop-ozone/integration-test/target/test-dir/MiniOzoneClusterImpl-668ac4db-f415-4d3e-ab95-6d503b2973c4/datanode-2/data/ratis/2c3d26ec-248e-4ba8-aea0-ff180bff431c has been successfully formatted.
2019-10-11 01:18:19,144 [pool-403-thread-1] INFO  ratis.ContainerStateMachine (ContainerStateMachine.java:loadSnapshot(231)) - group-FF180BFF431C: The snapshot info is null. Setting the last applied indexto:(t:0, i:~)
2019-10-11 01:18:19,144 [pool-403-thread-1] INFO  server.RaftServerConfigKeys (ConfUtils.java:logGet(43)) - raft.server.notification.no-leader.timeout = 120s (custom)
2019-10-11 01:18:19,145 [pool-403-thread-1] INFO  server.RaftServerConfigKeys (ConfUtils.java:logGet(43)) - raft.server.log.use.memory = false (default)
2019-10-11 01:18:19,145 [pool-403-thread-1] INFO  server.RaftServerConfigKeys (ConfUtils.java:logGet(43)) - raft.server.log.purge.gap = 1000000 (custom)
2019-10-11 01:18:19,145 [pool-403-thread-1] INFO  server.RaftServerConfigKeys (ConfUtils.java:logGet(43)) - raft.server.log.appender.buffer.byte-limit = 33554432 (custom)
2019-10-11 01:18:19,145 [pool-403-thread-1] INFO  server.RaftServerConfigKeys (ConfUtils.java:logGet(43)) - raft.server.log.segment.size.max = 1048576 (custom)
2019-10-11 01:18:19,147 [pool-403-thread-1] INFO  server.RaftServerConfigKeys (ConfUtils.java:logGet(43)) - raft.server.log.segment.cache.num.max = 2 (custom)
2019-10-11 01:18:19,147 [pool-403-thread-1] INFO  segmented.SegmentedRaftLogWorker (SegmentedRaftLogWorker.java:<init>(173)) - new 57a60f02-ceee-4137-91ce-8a8862269ae4@group-FF180BFF431C-SegmentedRaftLogWorker for RaftStorage:Storage Directory /workdir/hadoop-ozone/integration-test/target/test-dir/MiniOzoneClusterImpl-668ac4db-f415-4d3e-ab95-6d503b2973c4/datanode-2/data/ratis/2c3d26ec-248e-4ba8-aea0-ff180bff431c
2019-10-11 01:18:19,147 [pool-403-thread-1] INFO  server.RaftServerConfigKeys (ConfUtils.java:logGet(43)) - raft.server.log.queue.byte-limit = 2147483647 (custom)
2019-10-11 01:18:19,147 [pool-403-thread-1] INFO  server.RaftServerConfigKeys (ConfUtils.java:logGet(43)) - raft.server.log.queue.element-limit = 1024 (custom)
2019-10-11 01:18:19,148 [pool-403-thread-1] INFO  server.RaftServerConfigKeys (ConfUtils.java:logGet(43)) - raft.server.log.segment.size.max = 1048576 (custom)
2019-10-11 01:18:19,148 [pool-403-thread-1] INFO  server.RaftServerConfigKeys (ConfUtils.java:logGet(43)) - raft.server.log.preallocated.size = 16384 (custom)
2019-10-11 01:18:19,148 [pool-403-thread-1] INFO  server.RaftServerConfigKeys (ConfUtils.java:logGet(43)) - raft.server.log.write.buffer.size = 33554432 (custom)
2019-10-11 01:18:19,148 [pool-403-thread-1] INFO  server.RaftServerConfigKeys (ConfUtils.java:logGet(43)) - raft.server.log.force.sync.num = 128 (default)
2019-10-11 01:18:19,148 [pool-403-thread-1] INFO  server.RaftServerConfigKeys (ConfUtils.java:logGet(43)) - raft.server.log.statemachine.data.sync = true (default)
2019-10-11 01:18:19,148 [pool-403-thread-1] INFO  server.RaftServerConfigKeys (ConfUtils.java:logGet(43)) - raft.server.log.statemachine.data.sync.timeout = 10s (default)
2019-10-11 01:18:19,148 [pool-403-thread-1] INFO  server.RaftServerConfigKeys (ConfUtils.java:logGet(43)) - raft.server.log.statemachine.data.sync.timeout.retry = -1 (default)
2019-10-11 01:18:19,149 [pool-403-thread-1] INFO  server.RaftServerConfigKeys (ConfUtils.java:logGet(43)) - raft.server.log.statemachine.data.caching.enabled = true (custom)
2019-10-11 01:18:19,149 [pool-403-thread-1] INFO  segmented.SegmentedRaftLogWorker (SegmentedRaftLogWorker.java:lambda$new$0(128)) - 57a60f02-ceee-4137-91ce-8a8862269ae4@group-FF180BFF431C-SegmentedRaftLogWorker: flushIndex: setUnconditionally 0 -> -1
2019-10-11 01:18:19,149 [pool-403-thread-1] INFO  server.RaftServerConfigKeys (ConfUtils.java:logGet(43)) - raft.server.snapshot.auto.trigger.enabled = true (custom)
2019-10-11 01:18:19,150 [pool-403-thread-1] INFO  server.RaftServerConfigKeys (ConfUtils.java:logGet(43)) - raft.server.snapshot.auto.trigger.threshold = 10000 (custom)
2019-10-11 01:18:19,150 [pool-403-thread-1] INFO  server.RaftServerConfigKeys (ConfUtils.java:logGet(43)) - raft.server.snapshot.retention.file.num = 5 (custom)
2019-10-11 01:18:19,150 [pool-403-thread-1] INFO  server.RaftServerConfigKeys (ConfUtils.java:logGet(43)) - raft.server.retrycache.expirytime = 600000ms (custom)
2019-10-11 01:18:19,151 [pool-403-thread-1] INFO  impl.RaftServerImpl (RaftServerImpl.java:start(181)) - 57a60f02-ceee-4137-91ce-8a8862269ae4@group-FF180BFF431C: start as a follower, conf=-1: [57a60f02-ceee-4137-91ce-8a8862269ae4:192.168.5.158:42885], old=null
2019-10-11 01:18:19,152 [pool-403-thread-1] INFO  impl.RaftServerImpl (RaftServerImpl.java:setRole(170)) - 57a60f02-ceee-4137-91ce-8a8862269ae4@group-FF180BFF431C: changes role from      null to FOLLOWER at term 0 for startAsFollower
2019-10-11 01:18:19,152 [pool-403-thread-1] INFO  impl.RoleInfo (RoleInfo.java:updateAndGet(143)) - 57a60f02-ceee-4137-91ce-8a8862269ae4: start FollowerState
2019-10-11 01:18:19,152 [pool-403-thread-1] INFO  util.JmxRegister (JmxRegister.java:tryRegister(44)) - Successfully registered JMX Bean with object name Ratis:service=RaftServer,group=group-FF180BFF431C,id=57a60f02-ceee-4137-91ce-8a8862269ae4
2019-10-11 01:18:19,156 [RatisPipelineUtilsThread] INFO  pipeline.PipelineStateManager (PipelineStateManager.java:addPipeline(56)) - Created pipeline Pipeline[ Id: 2c3d26ec-248e-4ba8-aea0-ff180bff431c, Nodes: 57a60f02-ceee-4137-91ce-8a8862269ae4{ip: 192.168.5.158, host: pr-hdds-2278-9pt7w-4281506013, networkLocation: /default-rack, certSerialId: null}, Type:RATIS, Factor:ONE, State:OPEN]
2019-10-11 01:18:19,168 [IPC Server handler 4 on 37830] INFO  net.NetworkTopology (NetworkTopologyImpl.java:add(111)) - Added a new node: /default-rack/f082d1ec-c3e1-4cbc-841d-ae056025585b
2019-10-11 01:18:19,168 [IPC Server handler 4 on 37830] INFO  node.SCMNodeManager (SCMNodeManager.java:register(268)) - Registered Data node : f082d1ec-c3e1-4cbc-841d-ae056025585b{ip: 192.168.5.158, host: pr-hdds-2278-9pt7w-4281506013, networkLocation: /default-rack, certSerialId: null}
2019-10-11 01:18:19,168 [grpc-default-executor-9] INFO  impl.RaftServerProxy (RaftServerProxy.java:addNew(89)) - 57a60f02-ceee-4137-91ce-8a8862269ae4: addNew group-26DC052DCB67:[f88c062b-7f1e-425d-a2cf-315cf898dee5:192.168.5.158:45117, 57a60f02-ceee-4137-91ce-8a8862269ae4:192.168.5.158:42885, f7c0873a-f794-43cc-990b-555d216dee39:192.168.5.158:40587] returns group-26DC052DCB67:java.util.concurrent.CompletableFuture@4dc27631[Not completed]
2019-10-11 01:18:19,168 [grpc-default-executor-5] INFO  impl.RaftServerProxy (RaftServerProxy.java:addNew(89)) - f88c062b-7f1e-425d-a2cf-315cf898dee5: addNew group-26DC052DCB67:[f88c062b-7f1e-425d-a2cf-315cf898dee5:192.168.5.158:45117, 57a60f02-ceee-4137-91ce-8a8862269ae4:192.168.5.158:42885, f7c0873a-f794-43cc-990b-555d216dee39:192.168.5.158:40587] returns group-26DC052DCB67:java.util.concurrent.CompletableFuture@467bea7c[Not completed]
2019-10-11 01:18:19,169 [grpc-default-executor-6] INFO  impl.RaftServerProxy (RaftServerProxy.java:addNew(89)) - f7c0873a-f794-43cc-990b-555d216dee39: addNew group-26DC052DCB67:[f88c062b-7f1e-425d-a2cf-315cf898dee5:192.168.5.158:45117, 57a60f02-ceee-4137-91ce-8a8862269ae4:192.168.5.158:42885, f7c0873a-f794-43cc-990b-555d216dee39:192.168.5.158:40587] returns group-26DC052DCB67:java.util.concurrent.CompletableFuture@3c1201a4[Not completed]
2019-10-11 01:18:19,170 [pool-403-thread-1] INFO  impl.RaftServerImpl (RaftServerImpl.java:<init>(95)) - 57a60f02-ceee-4137-91ce-8a8862269ae4: new RaftServerImpl for group-26DC052DCB67:[f88c062b-7f1e-425d-a2cf-315cf898dee5:192.168.5.158:45117, 57a60f02-ceee-4137-91ce-8a8862269ae4:192.168.5.158:42885, f7c0873a-f794-43cc-990b-555d216dee39:192.168.5.158:40587] with ContainerStateMachine:uninitialized
2019-10-11 01:18:19,170 [pool-403-thread-1] INFO  server.RaftServerConfigKeys (ConfUtils.java:logGet(43)) - raft.server.rpc.timeout.min = 5s (custom)
2019-10-11 01:18:19,170 [pool-403-thread-1] INFO  server.RaftServerConfigKeys (ConfUtils.java:logGet(43)) - raft.server.rpc.timeout.max = 5200ms (custom)
2019-10-11 01:18:19,170 [pool-403-thread-1] INFO  server.RaftServerConfigKeys (ConfUtils.java:logGet(43)) - raft.server.rpcslowness.timeout = 120s (custom)
2019-10-11 01:18:19,170 [pool-403-thread-1] INFO  server.RaftServerConfigKeys (ConfUtils.java:logGet(43)) - raft.server.sleep.deviation.threshold = 300 (default)
2019-10-11 01:18:19,170 [pool-403-thread-1] INFO  server.RaftServerConfigKeys (ConfUtils.java:logGet(43)) - raft.server.log.appender.install.snapshot.enabled = false (custom)
2019-10-11 01:18:19,170 [pool-383-thread-1] INFO  impl.RaftServerImpl (RaftServerImpl.java:<init>(95)) - f7c0873a-f794-43cc-990b-555d216dee39: new RaftServerImpl for group-26DC052DCB67:[f88c062b-7f1e-425d-a2cf-315cf898dee5:192.168.5.158:45117, 57a60f02-ceee-4137-91ce-8a8862269ae4:192.168.5.158:42885, f7c0873a-f794-43cc-990b-555d216dee39:192.168.5.158:40587] with ContainerStateMachine:uninitialized
2019-10-11 01:18:19,170 [pool-403-thread-1] INFO  impl.RaftServerImpl (ServerState.java:<init>(103)) - 57a60f02-ceee-4137-91ce-8a8862269ae4@group-26DC052DCB67: ConfigurationManager, init=-1: [f88c062b-7f1e-425d-a2cf-315cf898dee5:192.168.5.158:45117, 57a60f02-ceee-4137-91ce-8a8862269ae4:192.168.5.158:42885, f7c0873a-f794-43cc-990b-555d216dee39:192.168.5.158:40587], old=null, confs=<EMPTY_MAP>
2019-10-11 01:18:19,170 [pool-383-thread-1] INFO  server.RaftServerConfigKeys (ConfUtils.java:logGet(43)) - raft.server.rpc.timeout.min = 5s (custom)
2019-10-11 01:18:19,171 [pool-403-thread-1] INFO  server.RaftServerConfigKeys (ConfUtils.java:logGet(43)) - raft.server.storage.dir = [/workdir/hadoop-ozone/integration-test/target/test-dir/MiniOzoneClusterImpl-668ac4db-f415-4d3e-ab95-6d503b2973c4/datanode-2/data/ratis] (custom)
2019-10-11 01:18:19,171 [pool-393-thread-1] INFO  impl.RaftServerImpl (RaftServerImpl.java:<init>(95)) - f88c062b-7f1e-425d-a2cf-315cf898dee5: new RaftServerImpl for group-26DC052DCB67:[f88c062b-7f1e-425d-a2cf-315cf898dee5:192.168.5.158:45117, 57a60f02-ceee-4137-91ce-8a8862269ae4:192.168.5.158:42885, f7c0873a-f794-43cc-990b-555d216dee39:192.168.5.158:40587] with ContainerStateMachine:uninitialized
2019-10-11 01:18:19,171 [pool-383-thread-1] INFO  server.RaftServerConfigKeys (ConfUtils.java:logGet(43)) - raft.server.rpc.timeout.max = 5200ms (custom)
2019-10-11 01:18:19,171 [pool-403-thread-1] INFO  server.RaftServerConfigKeys (ConfUtils.java:logGet(43)) - raft.server.log.corruption.policy = EXCEPTION (default)
2019-10-11 01:18:19,171 [pool-393-thread-1] INFO  server.RaftServerConfigKeys (ConfUtils.java:logGet(43)) - raft.server.rpc.timeout.min = 5s (custom)
2019-10-11 01:18:19,171 [pool-403-thread-1] INFO  storage.RaftStorageDirectory (RaftStorageDirectory.java:analyzeStorage(246)) - The storage directory /workdir/hadoop-ozone/integration-test/target/test-dir/MiniOzoneClusterImpl-668ac4db-f415-4d3e-ab95-6d503b2973c4/datanode-2/data/ratis/fcd1cd6a-658b-476a-bbae-26dc052dcb67 does not exist. Creating ...
2019-10-11 01:18:19,171 [pool-383-thread-1] INFO  server.RaftServerConfigKeys (ConfUtils.java:logGet(43)) - raft.server.rpcslowness.timeout = 120s (custom)
2019-10-11 01:18:19,171 [pool-393-thread-1] INFO  server.RaftServerConfigKeys (ConfUtils.java:logGet(43)) - raft.server.rpc.timeout.max = 5200ms (custom)
2019-10-11 01:18:19,172 [pool-383-thread-1] INFO  server.RaftServerConfigKeys (ConfUtils.java:logGet(43)) - raft.server.sleep.deviation.threshold = 300 (default)
2019-10-11 01:18:19,172 [pool-393-thread-1] INFO  server.RaftServerConfigKeys (ConfUtils.java:logGet(43)) - raft.server.rpcslowness.timeout = 120s (custom)
2019-10-11 01:18:19,172 [pool-383-thread-1] INFO  server.RaftServerConfigKeys (ConfUtils.java:logGet(43)) - raft.server.log.appender.install.snapshot.enabled = false (custom)
2019-10-11 01:18:19,172 [pool-393-thread-1] INFO  server.RaftServerConfigKeys (ConfUtils.java:logGet(43)) - raft.server.sleep.deviation.threshold = 300 (default)
2019-10-11 01:18:19,172 [pool-383-thread-1] INFO  impl.RaftServerImpl (ServerState.java:<init>(103)) - f7c0873a-f794-43cc-990b-555d216dee39@group-26DC052DCB67: ConfigurationManager, init=-1: [f88c062b-7f1e-425d-a2cf-315cf898dee5:192.168.5.158:45117, 57a60f02-ceee-4137-91ce-8a8862269ae4:192.168.5.158:42885, f7c0873a-f794-43cc-990b-555d216dee39:192.168.5.158:40587], old=null, confs=<EMPTY_MAP>
2019-10-11 01:18:19,172 [pool-393-thread-1] INFO  server.RaftServerConfigKeys (ConfUtils.java:logGet(43)) - raft.server.log.appender.install.snapshot.enabled = false (custom)
2019-10-11 01:18:19,173 [pool-383-thread-1] INFO  server.RaftServerConfigKeys (ConfUtils.java:logGet(43)) - raft.server.storage.dir = [/workdir/hadoop-ozone/integration-test/target/test-dir/MiniOzoneClusterImpl-668ac4db-f415-4d3e-ab95-6d503b2973c4/datanode-0/data/ratis] (custom)
2019-10-11 01:18:19,173 [pool-393-thread-1] INFO  impl.RaftServerImpl (ServerState.java:<init>(103)) - f88c062b-7f1e-425d-a2cf-315cf898dee5@group-26DC052DCB67: ConfigurationManager, init=-1: [f88c062b-7f1e-425d-a2cf-315cf898dee5:192.168.5.158:45117, 57a60f02-ceee-4137-91ce-8a8862269ae4:192.168.5.158:42885, f7c0873a-f794-43cc-990b-555d216dee39:192.168.5.158:40587], old=null, confs=<EMPTY_MAP>
2019-10-11 01:18:19,173 [pool-383-thread-1] INFO  server.RaftServerConfigKeys (ConfUtils.java:logGet(43)) - raft.server.log.corruption.policy = EXCEPTION (default)
2019-10-11 01:18:19,173 [pool-393-thread-1] INFO  server.RaftServerConfigKeys (ConfUtils.java:logGet(43)) - raft.server.storage.dir = [/workdir/hadoop-ozone/integration-test/target/test-dir/MiniOzoneClusterImpl-668ac4db-f415-4d3e-ab95-6d503b2973c4/datanode-1/data/ratis] (custom)
2019-10-11 01:18:19,173 [pool-383-thread-1] INFO  storage.RaftStorageDirectory (RaftStorageDirectory.java:analyzeStorage(246)) - The storage directory /workdir/hadoop-ozone/integration-test/target/test-dir/MiniOzoneClusterImpl-668ac4db-f415-4d3e-ab95-6d503b2973c4/datanode-0/data/ratis/fcd1cd6a-658b-476a-bbae-26dc052dcb67 does not exist. Creating ...
2019-10-11 01:18:19,173 [pool-393-thread-1] INFO  server.RaftServerConfigKeys (ConfUtils.java:logGet(43)) - raft.server.log.corruption.policy = EXCEPTION (default)
2019-10-11 01:18:19,173 [pool-393-thread-1] INFO  storage.RaftStorageDirectory (RaftStorageDirectory.java:analyzeStorage(246)) - The storage directory /workdir/hadoop-ozone/integration-test/target/test-dir/MiniOzoneClusterImpl-668ac4db-f415-4d3e-ab95-6d503b2973c4/datanode-1/data/ratis/fcd1cd6a-658b-476a-bbae-26dc052dcb67 does not exist. Creating ...
2019-10-11 01:18:19,185 [pool-383-thread-1] INFO  storage.RaftStorageDirectory (RaftStorageDirectory.java:tryLock(328)) - Lock on /workdir/hadoop-ozone/integration-test/target/test-dir/MiniOzoneClusterImpl-668ac4db-f415-4d3e-ab95-6d503b2973c4/datanode-0/data/ratis/fcd1cd6a-658b-476a-bbae-26dc052dcb67/in_use.lock acquired by nodename 23902@pr-hdds-2278-9pt7w-4281506013
2019-10-11 01:18:19,185 [pool-393-thread-1] INFO  storage.RaftStorageDirectory (RaftStorageDirectory.java:tryLock(328)) - Lock on /workdir/hadoop-ozone/integration-test/target/test-dir/MiniOzoneClusterImpl-668ac4db-f415-4d3e-ab95-6d503b2973c4/datanode-1/data/ratis/fcd1cd6a-658b-476a-bbae-26dc052dcb67/in_use.lock acquired by nodename 23902@pr-hdds-2278-9pt7w-4281506013
2019-10-11 01:18:19,185 [pool-403-thread-1] INFO  storage.RaftStorageDirectory (RaftStorageDirectory.java:tryLock(328)) - Lock on /workdir/hadoop-ozone/integration-test/target/test-dir/MiniOzoneClusterImpl-668ac4db-f415-4d3e-ab95-6d503b2973c4/datanode-2/data/ratis/fcd1cd6a-658b-476a-bbae-26dc052dcb67/in_use.lock acquired by nodename 23902@pr-hdds-2278-9pt7w-4281506013
2019-10-11 01:18:19,210 [pool-383-thread-1] INFO  storage.RaftStorage (RaftStorage.java:format(84)) - Storage directory /workdir/hadoop-ozone/integration-test/target/test-dir/MiniOzoneClusterImpl-668ac4db-f415-4d3e-ab95-6d503b2973c4/datanode-0/data/ratis/fcd1cd6a-658b-476a-bbae-26dc052dcb67 has been successfully formatted.
2019-10-11 01:18:19,210 [pool-403-thread-1] INFO  storage.RaftStorage (RaftStorage.java:format(84)) - Storage directory /workdir/hadoop-ozone/integration-test/target/test-dir/MiniOzoneClusterImpl-668ac4db-f415-4d3e-ab95-6d503b2973c4/datanode-2/data/ratis/fcd1cd6a-658b-476a-bbae-26dc052dcb67 has been successfully formatted.
2019-10-11 01:18:19,210 [pool-393-thread-1] INFO  storage.RaftStorage (RaftStorage.java:format(84)) - Storage directory /workdir/hadoop-ozone/integration-test/target/test-dir/MiniOzoneClusterImpl-668ac4db-f415-4d3e-ab95-6d503b2973c4/datanode-1/data/ratis/fcd1cd6a-658b-476a-bbae-26dc052dcb67 has been successfully formatted.
2019-10-11 01:18:19,211 [pool-403-thread-1] INFO  ratis.ContainerStateMachine (ContainerStateMachine.java:loadSnapshot(231)) - group-26DC052DCB67: The snapshot info is null. Setting the last applied indexto:(t:0, i:~)
2019-10-11 01:18:19,211 [pool-393-thread-1] INFO  ratis.ContainerStateMachine (ContainerStateMachine.java:loadSnapshot(231)) - group-26DC052DCB67: The snapshot info is null. Setting the last applied indexto:(t:0, i:~)
2019-10-11 01:18:19,211 [pool-383-thread-1] INFO  ratis.ContainerStateMachine (ContainerStateMachine.java:loadSnapshot(231)) - group-26DC052DCB67: The snapshot info is null. Setting the last applied indexto:(t:0, i:~)
2019-10-11 01:18:19,211 [pool-393-thread-1] INFO  server.RaftServerConfigKeys (ConfUtils.java:logGet(43)) - raft.server.notification.no-leader.timeout = 120s (custom)
2019-10-11 01:18:19,211 [pool-403-thread-1] INFO  server.RaftServerConfigKeys (ConfUtils.java:logGet(43)) - raft.server.notification.no-leader.timeout = 120s (custom)
2019-10-11 01:18:19,211 [pool-393-thread-1] INFO  server.RaftServerConfigKeys (ConfUtils.java:logGet(43)) - raft.server.log.use.memory = false (default)
2019-10-11 01:18:19,211 [pool-383-thread-1] INFO  server.RaftServerConfigKeys (ConfUtils.java:logGet(43)) - raft.server.notification.no-leader.timeout = 120s (custom)
2019-10-11 01:18:19,212 [pool-393-thread-1] INFO  server.RaftServerConfigKeys (ConfUtils.java:logGet(43)) - raft.server.log.purge.gap = 1000000 (custom)
2019-10-11 01:18:19,212 [pool-403-thread-1] INFO  server.RaftServerConfigKeys (ConfUtils.java:logGet(43)) - raft.server.log.use.memory = false (default)
2019-10-11 01:18:19,212 [pool-393-thread-1] INFO  server.RaftServerConfigKeys (ConfUtils.java:logGet(43)) - raft.server.log.appender.buffer.byte-limit = 33554432 (custom)
2019-10-11 01:18:19,212 [pool-383-thread-1] INFO  server.RaftServerConfigKeys (ConfUtils.java:logGet(43)) - raft.server.log.use.memory = false (default)
2019-10-11 01:18:19,212 [pool-393-thread-1] INFO  server.RaftServerConfigKeys (ConfUtils.java:logGet(43)) - raft.server.log.segment.size.max = 1048576 (custom)
2019-10-11 01:18:19,212 [pool-403-thread-1] INFO  server.RaftServerConfigKeys (ConfUtils.java:logGet(43)) - raft.server.log.purge.gap = 1000000 (custom)
2019-10-11 01:18:19,213 [pool-393-thread-1] INFO  server.RaftServerConfigKeys (ConfUtils.java:logGet(43)) - raft.server.log.segment.cache.num.max = 2 (custom)
2019-10-11 01:18:19,212 [pool-383-thread-1] INFO  server.RaftServerConfigKeys (ConfUtils.java:logGet(43)) - raft.server.log.purge.gap = 1000000 (custom)
2019-10-11 01:18:19,213 [pool-393-thread-1] INFO  segmented.SegmentedRaftLogWorker (SegmentedRaftLogWorker.java:<init>(173)) - new f88c062b-7f1e-425d-a2cf-315cf898dee5@group-26DC052DCB67-SegmentedRaftLogWorker for RaftStorage:Storage Directory /workdir/hadoop-ozone/integration-test/target/test-dir/MiniOzoneClusterImpl-668ac4db-f415-4d3e-ab95-6d503b2973c4/datanode-1/data/ratis/fcd1cd6a-658b-476a-bbae-26dc052dcb67
2019-10-11 01:18:19,213 [pool-403-thread-1] INFO  server.RaftServerConfigKeys (ConfUtils.java:logGet(43)) - raft.server.log.appender.buffer.byte-limit = 33554432 (custom)
2019-10-11 01:18:19,213 [pool-393-thread-1] INFO  server.RaftServerConfigKeys (ConfUtils.java:logGet(43)) - raft.server.log.queue.byte-limit = 2147483647 (custom)
2019-10-11 01:18:19,213 [pool-393-thread-1] INFO  server.RaftServerConfigKeys (ConfUtils.java:logGet(43)) - raft.server.log.queue.element-limit = 1024 (custom)
2019-10-11 01:18:19,213 [pool-383-thread-1] INFO  server.RaftServerConfigKeys (ConfUtils.java:logGet(43)) - raft.server.log.appender.buffer.byte-limit = 33554432 (custom)
2019-10-11 01:18:19,214 [pool-393-thread-1] INFO  server.RaftServerConfigKeys (ConfUtils.java:logGet(43)) - raft.server.log.segment.size.max = 1048576 (custom)
2019-10-11 01:18:19,213 [pool-403-thread-1] INFO  server.RaftServerConfigKeys (ConfUtils.java:logGet(43)) - raft.server.log.segment.size.max = 1048576 (custom)
2019-10-11 01:18:19,214 [pool-393-thread-1] INFO  server.RaftServerConfigKeys (ConfUtils.java:logGet(43)) - raft.server.log.preallocated.size = 16384 (custom)
2019-10-11 01:18:19,214 [pool-383-thread-1] INFO  server.RaftServerConfigKeys (ConfUtils.java:logGet(43)) - raft.server.log.segment.size.max = 1048576 (custom)
2019-10-11 01:18:19,214 [pool-393-thread-1] INFO  server.RaftServerConfigKeys (ConfUtils.java:logGet(43)) - raft.server.log.write.buffer.size = 33554432 (custom)
2019-10-11 01:18:19,214 [pool-403-thread-1] INFO  server.RaftServerConfigKeys (ConfUtils.java:logGet(43)) - raft.server.log.segment.cache.num.max = 2 (custom)
2019-10-11 01:18:19,214 [pool-393-thread-1] INFO  server.RaftServerConfigKeys (ConfUtils.java:logGet(43)) - raft.server.log.force.sync.num = 128 (default)
2019-10-11 01:18:19,214 [pool-383-thread-1] INFO  server.RaftServerConfigKeys (ConfUtils.java:logGet(43)) - raft.server.log.segment.cache.num.max = 2 (custom)
2019-10-11 01:18:19,215 [pool-393-thread-1] INFO  server.RaftServerConfigKeys (ConfUtils.java:logGet(43)) - raft.server.log.statemachine.data.sync = true (default)
2019-10-11 01:18:19,215 [pool-403-thread-1] INFO  segmented.SegmentedRaftLogWorker (SegmentedRaftLogWorker.java:<init>(173)) - new 57a60f02-ceee-4137-91ce-8a8862269ae4@group-26DC052DCB67-SegmentedRaftLogWorker for RaftStorage:Storage Directory /workdir/hadoop-ozone/integration-test/target/test-dir/MiniOzoneClusterImpl-668ac4db-f415-4d3e-ab95-6d503b2973c4/datanode-2/data/ratis/fcd1cd6a-658b-476a-bbae-26dc052dcb67
2019-10-11 01:18:19,215 [pool-393-thread-1] INFO  server.RaftServerConfigKeys (ConfUtils.java:logGet(43)) - raft.server.log.statemachine.data.sync.timeout = 10s (default)
2019-10-11 01:18:19,215 [pool-383-thread-1] INFO  segmented.SegmentedRaftLogWorker (SegmentedRaftLogWorker.java:<init>(173)) - new f7c0873a-f794-43cc-990b-555d216dee39@group-26DC052DCB67-SegmentedRaftLogWorker for RaftStorage:Storage Directory /workdir/hadoop-ozone/integration-test/target/test-dir/MiniOzoneClusterImpl-668ac4db-f415-4d3e-ab95-6d503b2973c4/datanode-0/data/ratis/fcd1cd6a-658b-476a-bbae-26dc052dcb67
2019-10-11 01:18:19,215 [pool-393-thread-1] INFO  server.RaftServerConfigKeys (ConfUtils.java:logGet(43)) - raft.server.log.statemachine.data.sync.timeout.retry = -1 (default)
2019-10-11 01:18:19,215 [pool-403-thread-1] INFO  server.RaftServerConfigKeys (ConfUtils.java:logGet(43)) - raft.server.log.queue.byte-limit = 2147483647 (custom)
2019-10-11 01:18:19,216 [pool-393-thread-1] INFO  server.RaftServerConfigKeys (ConfUtils.java:logGet(43)) - raft.server.log.statemachine.data.caching.enabled = true (custom)
2019-10-11 01:18:19,215 [pool-383-thread-1] INFO  server.RaftServerConfigKeys (ConfUtils.java:logGet(43)) - raft.server.log.queue.byte-limit = 2147483647 (custom)
2019-10-11 01:18:19,216 [pool-403-thread-1] INFO  server.RaftServerConfigKeys (ConfUtils.java:logGet(43)) - raft.server.log.queue.element-limit = 1024 (custom)
2019-10-11 01:18:19,216 [pool-393-thread-1] INFO  segmented.SegmentedRaftLogWorker (SegmentedRaftLogWorker.java:lambda$new$0(128)) - f88c062b-7f1e-425d-a2cf-315cf898dee5@group-26DC052DCB67-SegmentedRaftLogWorker: flushIndex: setUnconditionally 0 -> -1
2019-10-11 01:18:19,216 [pool-383-thread-1] INFO  server.RaftServerConfigKeys (ConfUtils.java:logGet(43)) - raft.server.log.queue.element-limit = 1024 (custom)
2019-10-11 01:18:19,216 [pool-403-thread-1] INFO  server.RaftServerConfigKeys (ConfUtils.java:logGet(43)) - raft.server.log.segment.size.max = 1048576 (custom)
2019-10-11 01:18:19,216 [pool-383-thread-1] INFO  server.RaftServerConfigKeys (ConfUtils.java:logGet(43)) - raft.server.log.segment.size.max = 1048576 (custom)
2019-10-11 01:18:19,216 [pool-393-thread-1] INFO  server.RaftServerConfigKeys (ConfUtils.java:logGet(43)) - raft.server.snapshot.auto.trigger.enabled = true (custom)
2019-10-11 01:18:19,217 [pool-383-thread-1] INFO  server.RaftServerConfigKeys (ConfUtils.java:logGet(43)) - raft.server.log.preallocated.size = 16384 (custom)
2019-10-11 01:18:19,217 [pool-403-thread-1] INFO  server.RaftServerConfigKeys (ConfUtils.java:logGet(43)) - raft.server.log.preallocated.size = 16384 (custom)
2019-10-11 01:18:19,217 [pool-383-thread-1] INFO  server.RaftServerConfigKeys (ConfUtils.java:logGet(43)) - raft.server.log.write.buffer.size = 33554432 (custom)
2019-10-11 01:18:19,217 [pool-393-thread-1] INFO  server.RaftServerConfigKeys (ConfUtils.java:logGet(43)) - raft.server.snapshot.auto.trigger.threshold = 10000 (custom)
2019-10-11 01:18:19,217 [pool-383-thread-1] INFO  server.RaftServerConfigKeys (ConfUtils.java:logGet(43)) - raft.server.log.force.sync.num = 128 (default)
2019-10-11 01:18:19,217 [pool-383-thread-1] INFO  server.RaftServerConfigKeys (ConfUtils.java:logGet(43)) - raft.server.log.statemachine.data.sync = true (default)
2019-10-11 01:18:19,217 [pool-403-thread-1] INFO  server.RaftServerConfigKeys (ConfUtils.java:logGet(43)) - raft.server.log.write.buffer.size = 33554432 (custom)
2019-10-11 01:18:19,218 [pool-383-thread-1] INFO  server.RaftServerConfigKeys (ConfUtils.java:logGet(43)) - raft.server.log.statemachine.data.sync.timeout = 10s (default)
2019-10-11 01:18:19,217 [pool-393-thread-1] INFO  server.RaftServerConfigKeys (ConfUtils.java:logGet(43)) - raft.server.snapshot.retention.file.num = 5 (custom)
2019-10-11 01:18:19,218 [pool-383-thread-1] INFO  server.RaftServerConfigKeys (ConfUtils.java:logGet(43)) - raft.server.log.statemachine.data.sync.timeout.retry = -1 (default)
2019-10-11 01:18:19,218 [pool-403-thread-1] INFO  server.RaftServerConfigKeys (ConfUtils.java:logGet(43)) - raft.server.log.force.sync.num = 128 (default)
2019-10-11 01:18:19,218 [pool-383-thread-1] INFO  server.RaftServerConfigKeys (ConfUtils.java:logGet(43)) - raft.server.log.statemachine.data.caching.enabled = true (custom)
2019-10-11 01:18:19,218 [pool-393-thread-1] INFO  server.RaftServerConfigKeys (ConfUtils.java:logGet(43)) - raft.server.retrycache.expirytime = 600000ms (custom)
2019-10-11 01:18:19,218 [pool-403-thread-1] INFO  server.RaftServerConfigKeys (ConfUtils.java:logGet(43)) - raft.server.log.statemachine.data.sync = true (default)
2019-10-11 01:18:19,219 [pool-383-thread-1] INFO  segmented.SegmentedRaftLogWorker (SegmentedRaftLogWorker.java:lambda$new$0(128)) - f7c0873a-f794-43cc-990b-555d216dee39@group-26DC052DCB67-SegmentedRaftLogWorker: flushIndex: setUnconditionally 0 -> -1
2019-10-11 01:18:19,219 [pool-403-thread-1] INFO  server.RaftServerConfigKeys (ConfUtils.java:logGet(43)) - raft.server.log.statemachine.data.sync.timeout = 10s (default)
2019-10-11 01:18:19,219 [pool-403-thread-1] INFO  server.RaftServerConfigKeys (ConfUtils.java:logGet(43)) - raft.server.log.statemachine.data.sync.timeout.retry = -1 (default)
2019-10-11 01:18:19,219 [pool-383-thread-1] INFO  server.RaftServerConfigKeys (ConfUtils.java:logGet(43)) - raft.server.snapshot.auto.trigger.enabled = true (custom)
2019-10-11 01:18:19,219 [pool-403-thread-1] INFO  server.RaftServerConfigKeys (ConfUtils.java:logGet(43)) - raft.server.log.statemachine.data.caching.enabled = true (custom)
2019-10-11 01:18:19,219 [pool-383-thread-1] INFO  server.RaftServerConfigKeys (ConfUtils.java:logGet(43)) - raft.server.snapshot.auto.trigger.threshold = 10000 (custom)
2019-10-11 01:18:19,220 [pool-383-thread-1] INFO  server.RaftServerConfigKeys (ConfUtils.java:logGet(43)) - raft.server.snapshot.retention.file.num = 5 (custom)
2019-10-11 01:18:19,220 [pool-403-thread-1] INFO  segmented.SegmentedRaftLogWorker (SegmentedRaftLogWorker.java:lambda$new$0(128)) - 57a60f02-ceee-4137-91ce-8a8862269ae4@group-26DC052DCB67-SegmentedRaftLogWorker: flushIndex: setUnconditionally 0 -> -1
2019-10-11 01:18:19,220 [pool-383-thread-1] INFO  server.RaftServerConfigKeys (ConfUtils.java:logGet(43)) - raft.server.retrycache.expirytime = 600000ms (custom)
2019-10-11 01:18:19,220 [pool-403-thread-1] INFO  server.RaftServerConfigKeys (ConfUtils.java:logGet(43)) - raft.server.snapshot.auto.trigger.enabled = true (custom)
2019-10-11 01:18:19,220 [pool-403-thread-1] INFO  server.RaftServerConfigKeys (ConfUtils.java:logGet(43)) - raft.server.snapshot.auto.trigger.threshold = 10000 (custom)
2019-10-11 01:18:19,220 [pool-403-thread-1] INFO  server.RaftServerConfigKeys (ConfUtils.java:logGet(43)) - raft.server.snapshot.retention.file.num = 5 (custom)
2019-10-11 01:18:19,220 [IPC Server handler 5 on 37830] INFO  net.NetworkTopology (NetworkTopologyImpl.java:add(111)) - Added a new node: /default-rack/1fffe24d-dabf-4e59-ba64-631d3758e1f4
2019-10-11 01:18:19,220 [pool-393-thread-1] INFO  impl.RaftServerImpl (RaftServerImpl.java:start(181)) - f88c062b-7f1e-425d-a2cf-315cf898dee5@group-26DC052DCB67: start as a follower, conf=-1: [f88c062b-7f1e-425d-a2cf-315cf898dee5:192.168.5.158:45117, 57a60f02-ceee-4137-91ce-8a8862269ae4:192.168.5.158:42885, f7c0873a-f794-43cc-990b-555d216dee39:192.168.5.158:40587], old=null
2019-10-11 01:18:19,221 [IPC Server handler 5 on 37830] INFO  node.SCMNodeManager (SCMNodeManager.java:register(268)) - Registered Data node : 1fffe24d-dabf-4e59-ba64-631d3758e1f4{ip: 192.168.5.158, host: pr-hdds-2278-9pt7w-4281506013, networkLocation: /default-rack, certSerialId: null}
2019-10-11 01:18:19,220 [pool-403-thread-1] INFO  server.RaftServerConfigKeys (ConfUtils.java:logGet(43)) - raft.server.retrycache.expirytime = 600000ms (custom)
2019-10-11 01:18:19,221 [pool-393-thread-1] INFO  impl.RaftServerImpl (RaftServerImpl.java:setRole(170)) - f88c062b-7f1e-425d-a2cf-315cf898dee5@group-26DC052DCB67: changes role from      null to FOLLOWER at term 0 for startAsFollower
2019-10-11 01:18:19,221 [pool-393-thread-1] INFO  impl.RoleInfo (RoleInfo.java:updateAndGet(143)) - f88c062b-7f1e-425d-a2cf-315cf898dee5: start FollowerState
2019-10-11 01:18:19,221 [pool-383-thread-1] INFO  impl.RaftServerImpl (RaftServerImpl.java:start(181)) - f7c0873a-f794-43cc-990b-555d216dee39@group-26DC052DCB67: start as a follower, conf=-1: [f88c062b-7f1e-425d-a2cf-315cf898dee5:192.168.5.158:45117, 57a60f02-ceee-4137-91ce-8a8862269ae4:192.168.5.158:42885, f7c0873a-f794-43cc-990b-555d216dee39:192.168.5.158:40587], old=null
2019-10-11 01:18:19,222 [pool-383-thread-1] INFO  impl.RaftServerImpl (RaftServerImpl.java:setRole(170)) - f7c0873a-f794-43cc-990b-555d216dee39@group-26DC052DCB67: changes role from      null to FOLLOWER at term 0 for startAsFollower
2019-10-11 01:18:19,222 [pool-393-thread-1] INFO  util.JmxRegister (JmxRegister.java:tryRegister(44)) - Successfully registered JMX Bean with object name Ratis:service=RaftServer,group=group-26DC052DCB67,id=f88c062b-7f1e-425d-a2cf-315cf898dee5
2019-10-11 01:18:19,222 [pool-383-thread-1] INFO  impl.RoleInfo (RoleInfo.java:updateAndGet(143)) - f7c0873a-f794-43cc-990b-555d216dee39: start FollowerState
2019-10-11 01:18:19,222 [pool-383-thread-1] INFO  util.JmxRegister (JmxRegister.java:tryRegister(44)) - Successfully registered JMX Bean with object name Ratis:service=RaftServer,group=group-26DC052DCB67,id=f7c0873a-f794-43cc-990b-555d216dee39
2019-10-11 01:18:19,224 [pool-403-thread-1] INFO  impl.RaftServerImpl (RaftServerImpl.java:start(181)) - 57a60f02-ceee-4137-91ce-8a8862269ae4@group-26DC052DCB67: start as a follower, conf=-1: [f88c062b-7f1e-425d-a2cf-315cf898dee5:192.168.5.158:45117, 57a60f02-ceee-4137-91ce-8a8862269ae4:192.168.5.158:42885, f7c0873a-f794-43cc-990b-555d216dee39:192.168.5.158:40587], old=null
2019-10-11 01:18:19,224 [pool-403-thread-1] INFO  impl.RaftServerImpl (RaftServerImpl.java:setRole(170)) - 57a60f02-ceee-4137-91ce-8a8862269ae4@group-26DC052DCB67: changes role from      null to FOLLOWER at term 0 for startAsFollower
2019-10-11 01:18:19,224 [pool-403-thread-1] INFO  impl.RoleInfo (RoleInfo.java:updateAndGet(143)) - 57a60f02-ceee-4137-91ce-8a8862269ae4: start FollowerState
2019-10-11 01:18:19,225 [pool-403-thread-1] INFO  util.JmxRegister (JmxRegister.java:tryRegister(44)) - Successfully registered JMX Bean with object name Ratis:service=RaftServer,group=group-26DC052DCB67,id=57a60f02-ceee-4137-91ce-8a8862269ae4
2019-10-11 01:18:19,229 [RatisPipelineUtilsThread] INFO  pipeline.PipelineStateManager (PipelineStateManager.java:addPipeline(56)) - Created pipeline Pipeline[ Id: fcd1cd6a-658b-476a-bbae-26dc052dcb67, Nodes: f7c0873a-f794-43cc-990b-555d216dee39{ip: 192.168.5.158, host: pr-hdds-2278-9pt7w-4281506013, networkLocation: /default-rack, certSerialId: null}57a60f02-ceee-4137-91ce-8a8862269ae4{ip: 192.168.5.158, host: pr-hdds-2278-9pt7w-4281506013, networkLocation: /default-rack, certSerialId: null}f88c062b-7f1e-425d-a2cf-315cf898dee5{ip: 192.168.5.158, host: pr-hdds-2278-9pt7w-4281506013, networkLocation: /default-rack, certSerialId: null}, Type:RATIS, Factor:THREE, State:OPEN]
2019-10-11 01:18:19,277 [IPC Server handler 6 on 37830] INFO  net.NetworkTopology (NetworkTopologyImpl.java:add(111)) - Added a new node: /default-rack/150fa93a-804a-42e0-8478-5795d5fc83a1
2019-10-11 01:18:19,281 [IPC Server handler 6 on 37830] INFO  node.SCMNodeManager (SCMNodeManager.java:register(268)) - Registered Data node : 150fa93a-804a-42e0-8478-5795d5fc83a1{ip: 192.168.5.158, host: pr-hdds-2278-9pt7w-4281506013, networkLocation: /default-rack, certSerialId: null}
2019-10-11 01:18:19,287 [grpc-default-executor-6] INFO  impl.RaftServerProxy (RaftServerProxy.java:addNew(89)) - 1fffe24d-dabf-4e59-ba64-631d3758e1f4: addNew group-9287CF86C140:[1fffe24d-dabf-4e59-ba64-631d3758e1f4:192.168.5.158:39208] returns group-9287CF86C140:java.util.concurrent.CompletableFuture@60c320fb[Not completed]
2019-10-11 01:18:19,292 [pool-423-thread-1] INFO  impl.RaftServerImpl (RaftServerImpl.java:<init>(95)) - 1fffe24d-dabf-4e59-ba64-631d3758e1f4: new RaftServerImpl for group-9287CF86C140:[1fffe24d-dabf-4e59-ba64-631d3758e1f4:192.168.5.158:39208] with ContainerStateMachine:uninitialized
2019-10-11 01:18:19,292 [pool-423-thread-1] INFO  server.RaftServerConfigKeys (ConfUtils.java:logGet(43)) - raft.server.rpc.timeout.min = 5s (custom)
2019-10-11 01:18:19,292 [pool-423-thread-1] INFO  server.RaftServerConfigKeys (ConfUtils.java:logGet(43)) - raft.server.rpc.timeout.max = 5200ms (custom)
2019-10-11 01:18:19,292 [pool-423-thread-1] INFO  server.RaftServerConfigKeys (ConfUtils.java:logGet(43)) - raft.server.rpcslowness.timeout = 120s (custom)
2019-10-11 01:18:19,292 [pool-423-thread-1] INFO  server.RaftServerConfigKeys (ConfUtils.java:logGet(43)) - raft.server.sleep.deviation.threshold = 300 (default)
2019-10-11 01:18:19,292 [pool-423-thread-1] INFO  server.RaftServerConfigKeys (ConfUtils.java:logGet(43)) - raft.server.log.appender.install.snapshot.enabled = false (custom)
2019-10-11 01:18:19,292 [pool-423-thread-1] INFO  impl.RaftServerImpl (ServerState.java:<init>(103)) - 1fffe24d-dabf-4e59-ba64-631d3758e1f4@group-9287CF86C140: ConfigurationManager, init=-1: [1fffe24d-dabf-4e59-ba64-631d3758e1f4:192.168.5.158:39208], old=null, confs=<EMPTY_MAP>
2019-10-11 01:18:19,293 [pool-423-thread-1] INFO  server.RaftServerConfigKeys (ConfUtils.java:logGet(43)) - raft.server.storage.dir = [/workdir/hadoop-ozone/integration-test/target/test-dir/MiniOzoneClusterImpl-668ac4db-f415-4d3e-ab95-6d503b2973c4/datanode-4/data/ratis] (custom)
2019-10-11 01:18:19,293 [pool-423-thread-1] INFO  server.RaftServerConfigKeys (ConfUtils.java:logGet(43)) - raft.server.log.corruption.policy = EXCEPTION (default)
2019-10-11 01:18:19,293 [pool-423-thread-1] INFO  storage.RaftStorageDirectory (RaftStorageDirectory.java:analyzeStorage(246)) - The storage directory /workdir/hadoop-ozone/integration-test/target/test-dir/MiniOzoneClusterImpl-668ac4db-f415-4d3e-ab95-6d503b2973c4/datanode-4/data/ratis/4c6bd47b-2984-4d69-9043-9287cf86c140 does not exist. Creating ...
2019-10-11 01:18:19,324 [pool-423-thread-1] INFO  storage.RaftStorageDirectory (RaftStorageDirectory.java:tryLock(328)) - Lock on /workdir/hadoop-ozone/integration-test/target/test-dir/MiniOzoneClusterImpl-668ac4db-f415-4d3e-ab95-6d503b2973c4/datanode-4/data/ratis/4c6bd47b-2984-4d69-9043-9287cf86c140/in_use.lock acquired by nodename 23902@pr-hdds-2278-9pt7w-4281506013
2019-10-11 01:18:19,334 [IPC Server handler 1 on 37830] INFO  net.NetworkTopology (NetworkTopologyImpl.java:add(111)) - Added a new node: /default-rack/19415257-ced1-4e70-84f5-d86f0316deaa
2019-10-11 01:18:19,335 [IPC Server handler 1 on 37830] INFO  node.SCMNodeManager (SCMNodeManager.java:register(268)) - Registered Data node : 19415257-ced1-4e70-84f5-d86f0316deaa{ip: 192.168.5.158, host: pr-hdds-2278-9pt7w-4281506013, networkLocation: /default-rack, certSerialId: null}
2019-10-11 01:18:19,335 [main] INFO  ozone.MiniOzoneClusterImpl (MiniOzoneClusterImpl.java:lambda$waitForClusterToBeReady$0(147)) - Cluster is ready. Got 7 of 7 DN Heartbeats.
2019-10-11 01:18:19,337 [pool-423-thread-1] INFO  storage.RaftStorage (RaftStorage.java:format(84)) - Storage directory /workdir/hadoop-ozone/integration-test/target/test-dir/MiniOzoneClusterImpl-668ac4db-f415-4d3e-ab95-6d503b2973c4/datanode-4/data/ratis/4c6bd47b-2984-4d69-9043-9287cf86c140 has been successfully formatted.
2019-10-11 01:18:19,337 [pool-423-thread-1] INFO  ratis.ContainerStateMachine (ContainerStateMachine.java:loadSnapshot(231)) - group-9287CF86C140: The snapshot info is null. Setting the last applied indexto:(t:0, i:~)
2019-10-11 01:18:19,337 [pool-423-thread-1] INFO  server.RaftServerConfigKeys (ConfUtils.java:logGet(43)) - raft.server.notification.no-leader.timeout = 120s (custom)
2019-10-11 01:18:19,337 [pool-423-thread-1] INFO  server.RaftServerConfigKeys (ConfUtils.java:logGet(43)) - raft.server.log.use.memory = false (default)
2019-10-11 01:18:19,337 [pool-423-thread-1] INFO  server.RaftServerConfigKeys (ConfUtils.java:logGet(43)) - raft.server.log.purge.gap = 1000000 (custom)
2019-10-11 01:18:19,338 [pool-423-thread-1] INFO  server.RaftServerConfigKeys (ConfUtils.java:logGet(43)) - raft.server.log.appender.buffer.byte-limit = 33554432 (custom)
2019-10-11 01:18:19,338 [pool-423-thread-1] INFO  server.RaftServerConfigKeys (ConfUtils.java:logGet(43)) - raft.server.log.segment.size.max = 1048576 (custom)
2019-10-11 01:18:19,339 [pool-423-thread-1] INFO  server.RaftServerConfigKeys (ConfUtils.java:logGet(43)) - raft.server.log.segment.cache.num.max = 2 (custom)
2019-10-11 01:18:19,340 [pool-423-thread-1] INFO  segmented.SegmentedRaftLogWorker (SegmentedRaftLogWorker.java:<init>(173)) - new 1fffe24d-dabf-4e59-ba64-631d3758e1f4@group-9287CF86C140-SegmentedRaftLogWorker for RaftStorage:Storage Directory /workdir/hadoop-ozone/integration-test/target/test-dir/MiniOzoneClusterImpl-668ac4db-f415-4d3e-ab95-6d503b2973c4/datanode-4/data/ratis/4c6bd47b-2984-4d69-9043-9287cf86c140
2019-10-11 01:18:19,340 [pool-423-thread-1] INFO  server.RaftServerConfigKeys (ConfUtils.java:logGet(43)) - raft.server.log.queue.byte-limit = 2147483647 (custom)
2019-10-11 01:18:19,340 [pool-423-thread-1] INFO  server.RaftServerConfigKeys (ConfUtils.java:logGet(43)) - raft.server.log.queue.element-limit = 1024 (custom)
2019-10-11 01:18:19,346 [pool-423-thread-1] INFO  server.RaftServerConfigKeys (ConfUtils.java:logGet(43)) - raft.server.log.segment.size.max = 1048576 (custom)
2019-10-11 01:18:19,346 [pool-423-thread-1] INFO  server.RaftServerConfigKeys (ConfUtils.java:logGet(43)) - raft.server.log.preallocated.size = 16384 (custom)
2019-10-11 01:18:19,346 [pool-423-thread-1] INFO  server.RaftServerConfigKeys (ConfUtils.java:logGet(43)) - raft.server.log.write.buffer.size = 33554432 (custom)
2019-10-11 01:18:19,347 [pool-423-thread-1] INFO  server.RaftServerConfigKeys (ConfUtils.java:logGet(43)) - raft.server.log.force.sync.num = 128 (default)
2019-10-11 01:18:19,347 [pool-423-thread-1] INFO  server.RaftServerConfigKeys (ConfUtils.java:logGet(43)) - raft.server.log.statemachine.data.sync = true (default)
2019-10-11 01:18:19,347 [pool-423-thread-1] INFO  server.RaftServerConfigKeys (ConfUtils.java:logGet(43)) - raft.server.log.statemachine.data.sync.timeout = 10s (default)
2019-10-11 01:18:19,347 [pool-423-thread-1] INFO  server.RaftServerConfigKeys (ConfUtils.java:logGet(43)) - raft.server.log.statemachine.data.sync.timeout.retry = -1 (default)
2019-10-11 01:18:19,347 [pool-423-thread-1] INFO  server.RaftServerConfigKeys (ConfUtils.java:logGet(43)) - raft.server.log.statemachine.data.caching.enabled = true (custom)
2019-10-11 01:18:19,348 [pool-423-thread-1] INFO  segmented.SegmentedRaftLogWorker (SegmentedRaftLogWorker.java:lambda$new$0(128)) - 1fffe24d-dabf-4e59-ba64-631d3758e1f4@group-9287CF86C140-SegmentedRaftLogWorker: flushIndex: setUnconditionally 0 -> -1
2019-10-11 01:18:19,348 [pool-423-thread-1] INFO  server.RaftServerConfigKeys (ConfUtils.java:logGet(43)) - raft.server.snapshot.auto.trigger.enabled = true (custom)
2019-10-11 01:18:19,348 [pool-423-thread-1] INFO  server.RaftServerConfigKeys (ConfUtils.java:logGet(43)) - raft.server.snapshot.auto.trigger.threshold = 10000 (custom)
2019-10-11 01:18:19,348 [pool-423-thread-1] INFO  server.RaftServerConfigKeys (ConfUtils.java:logGet(43)) - raft.server.snapshot.retention.file.num = 5 (custom)
2019-10-11 01:18:19,348 [pool-423-thread-1] INFO  server.RaftServerConfigKeys (ConfUtils.java:logGet(43)) - raft.server.retrycache.expirytime = 600000ms (custom)
2019-10-11 01:18:19,353 [pool-423-thread-1] INFO  impl.RaftServerImpl (RaftServerImpl.java:start(181)) - 1fffe24d-dabf-4e59-ba64-631d3758e1f4@group-9287CF86C140: start as a follower, conf=-1: [1fffe24d-dabf-4e59-ba64-631d3758e1f4:192.168.5.158:39208], old=null
2019-10-11 01:18:19,353 [pool-423-thread-1] INFO  impl.RaftServerImpl (RaftServerImpl.java:setRole(170)) - 1fffe24d-dabf-4e59-ba64-631d3758e1f4@group-9287CF86C140: changes role from      null to FOLLOWER at term 0 for startAsFollower
2019-10-11 01:18:19,353 [pool-423-thread-1] INFO  impl.RoleInfo (RoleInfo.java:updateAndGet(143)) - 1fffe24d-dabf-4e59-ba64-631d3758e1f4: start FollowerState
2019-10-11 01:18:19,353 [pool-423-thread-1] INFO  util.JmxRegister (JmxRegister.java:tryRegister(44)) - Successfully registered JMX Bean with object name Ratis:service=RaftServer,group=group-9287CF86C140,id=1fffe24d-dabf-4e59-ba64-631d3758e1f4
2019-10-11 01:18:19,373 [RatisPipelineUtilsThread] INFO  pipeline.PipelineStateManager (PipelineStateManager.java:addPipeline(56)) - Created pipeline Pipeline[ Id: 4c6bd47b-2984-4d69-9043-9287cf86c140, Nodes: 1fffe24d-dabf-4e59-ba64-631d3758e1f4{ip: 192.168.5.158, host: pr-hdds-2278-9pt7w-4281506013, networkLocation: /default-rack, certSerialId: null}, Type:RATIS, Factor:ONE, State:OPEN]
2019-10-11 01:18:19,379 [main] INFO  rpc.RpcClient (RpcClient.java:createVolume(272)) - Creating Volume: watchforcommithandlingtest, with jenkins1000 as owner.
2019-10-11 01:18:19,382 [grpc-default-executor-6] INFO  impl.RaftServerProxy (RaftServerProxy.java:addNew(89)) - 19415257-ced1-4e70-84f5-d86f0316deaa: addNew group-F3761D3108A9:[19415257-ced1-4e70-84f5-d86f0316deaa:192.168.5.158:45502] returns group-F3761D3108A9:java.util.concurrent.CompletableFuture@547c1a8c[Not completed]
2019-10-11 01:18:19,383 [pool-443-thread-1] INFO  impl.RaftServerImpl (RaftServerImpl.java:<init>(95)) - 19415257-ced1-4e70-84f5-d86f0316deaa: new RaftServerImpl for group-F3761D3108A9:[19415257-ced1-4e70-84f5-d86f0316deaa:192.168.5.158:45502] with ContainerStateMachine:uninitialized
2019-10-11 01:18:19,383 [pool-443-thread-1] INFO  server.RaftServerConfigKeys (ConfUtils.java:logGet(43)) - raft.server.rpc.timeout.min = 5s (custom)
2019-10-11 01:18:19,384 [pool-443-thread-1] INFO  server.RaftServerConfigKeys (ConfUtils.java:logGet(43)) - raft.server.rpc.timeout.max = 5200ms (custom)
2019-10-11 01:18:19,384 [pool-443-thread-1] INFO  server.RaftServerConfigKeys (ConfUtils.java:logGet(43)) - raft.server.rpcslowness.timeout = 120s (custom)
2019-10-11 01:18:19,384 [pool-443-thread-1] INFO  server.RaftServerConfigKeys (ConfUtils.java:logGet(43)) - raft.server.sleep.deviation.threshold = 300 (default)
2019-10-11 01:18:19,384 [pool-443-thread-1] INFO  server.RaftServerConfigKeys (ConfUtils.java:logGet(43)) - raft.server.log.appender.install.snapshot.enabled = false (custom)
2019-10-11 01:18:19,384 [pool-443-thread-1] INFO  impl.RaftServerImpl (ServerState.java:<init>(103)) - 19415257-ced1-4e70-84f5-d86f0316deaa@group-F3761D3108A9: ConfigurationManager, init=-1: [19415257-ced1-4e70-84f5-d86f0316deaa:192.168.5.158:45502], old=null, confs=<EMPTY_MAP>
2019-10-11 01:18:19,384 [pool-443-thread-1] INFO  server.RaftServerConfigKeys (ConfUtils.java:logGet(43)) - raft.server.storage.dir = [/workdir/hadoop-ozone/integration-test/target/test-dir/MiniOzoneClusterImpl-668ac4db-f415-4d3e-ab95-6d503b2973c4/datanode-6/data/ratis] (custom)
2019-10-11 01:18:19,384 [pool-443-thread-1] INFO  server.RaftServerConfigKeys (ConfUtils.java:logGet(43)) - raft.server.log.corruption.policy = EXCEPTION (default)
2019-10-11 01:18:19,385 [pool-443-thread-1] INFO  storage.RaftStorageDirectory (RaftStorageDirectory.java:analyzeStorage(246)) - The storage directory /workdir/hadoop-ozone/integration-test/target/test-dir/MiniOzoneClusterImpl-668ac4db-f415-4d3e-ab95-6d503b2973c4/datanode-6/data/ratis/56860dc8-d957-4ea1-bfb4-f3761d3108a9 does not exist. Creating ...
2019-10-11 01:18:19,386 [IPC Server handler 1 on 43087] INFO  volume.OMVolumeCreateRequest (OMVolumeCreateRequest.java:validateAndUpdateCache(193)) - created volume:watchforcommithandlingtest for user:jenkins1000
2019-10-11 01:18:19,397 [pool-443-thread-1] INFO  storage.RaftStorageDirectory (RaftStorageDirectory.java:tryLock(328)) - Lock on /workdir/hadoop-ozone/integration-test/target/test-dir/MiniOzoneClusterImpl-668ac4db-f415-4d3e-ab95-6d503b2973c4/datanode-6/data/ratis/56860dc8-d957-4ea1-bfb4-f3761d3108a9/in_use.lock acquired by nodename 23902@pr-hdds-2278-9pt7w-4281506013
2019-10-11 01:18:19,401 [main] INFO  rpc.RpcClient (RpcClient.java:createBucket(411)) - Creating Bucket: watchforcommithandlingtest/watchforcommithandlingtest, with Versioning false and Storage Type set to DISK and Encryption set to false 
2019-10-11 01:18:19,406 [main] INFO  ozone.MiniOzoneClusterImpl (MiniOzoneClusterImpl.java:getStorageContainerLocationClient(234)) - Creating StorageContainerLocationProtocol RPC client with address /0.0.0.0:45053
2019-10-11 01:18:19,413 [pool-443-thread-1] INFO  storage.RaftStorage (RaftStorage.java:format(84)) - Storage directory /workdir/hadoop-ozone/integration-test/target/test-dir/MiniOzoneClusterImpl-668ac4db-f415-4d3e-ab95-6d503b2973c4/datanode-6/data/ratis/56860dc8-d957-4ea1-bfb4-f3761d3108a9 has been successfully formatted.
2019-10-11 01:18:19,413 [pool-443-thread-1] INFO  ratis.ContainerStateMachine (ContainerStateMachine.java:loadSnapshot(231)) - group-F3761D3108A9: The snapshot info is null. Setting the last applied indexto:(t:0, i:~)
2019-10-11 01:18:19,413 [pool-443-thread-1] INFO  server.RaftServerConfigKeys (ConfUtils.java:logGet(43)) - raft.server.notification.no-leader.timeout = 120s (custom)
2019-10-11 01:18:19,413 [pool-443-thread-1] INFO  server.RaftServerConfigKeys (ConfUtils.java:logGet(43)) - raft.server.log.use.memory = false (default)
2019-10-11 01:18:19,413 [pool-443-thread-1] INFO  server.RaftServerConfigKeys (ConfUtils.java:logGet(43)) - raft.server.log.purge.gap = 1000000 (custom)
2019-10-11 01:18:19,413 [pool-443-thread-1] INFO  server.RaftServerConfigKeys (ConfUtils.java:logGet(43)) - raft.server.log.appender.buffer.byte-limit = 33554432 (custom)
2019-10-11 01:18:19,414 [pool-443-thread-1] INFO  server.RaftServerConfigKeys (ConfUtils.java:logGet(43)) - raft.server.log.segment.size.max = 1048576 (custom)
2019-10-11 01:18:19,415 [pool-443-thread-1] INFO  server.RaftServerConfigKeys (ConfUtils.java:logGet(43)) - raft.server.log.segment.cache.num.max = 2 (custom)
2019-10-11 01:18:19,415 [pool-443-thread-1] INFO  segmented.SegmentedRaftLogWorker (SegmentedRaftLogWorker.java:<init>(173)) - new 19415257-ced1-4e70-84f5-d86f0316deaa@group-F3761D3108A9-SegmentedRaftLogWorker for RaftStorage:Storage Directory /workdir/hadoop-ozone/integration-test/target/test-dir/MiniOzoneClusterImpl-668ac4db-f415-4d3e-ab95-6d503b2973c4/datanode-6/data/ratis/56860dc8-d957-4ea1-bfb4-f3761d3108a9
2019-10-11 01:18:19,415 [pool-443-thread-1] INFO  server.RaftServerConfigKeys (ConfUtils.java:logGet(43)) - raft.server.log.queue.byte-limit = 2147483647 (custom)
2019-10-11 01:18:19,415 [pool-443-thread-1] INFO  server.RaftServerConfigKeys (ConfUtils.java:logGet(43)) - raft.server.log.queue.element-limit = 1024 (custom)
2019-10-11 01:18:19,416 [pool-443-thread-1] INFO  server.RaftServerConfigKeys (ConfUtils.java:logGet(43)) - raft.server.log.segment.size.max = 1048576 (custom)
2019-10-11 01:18:19,416 [pool-443-thread-1] INFO  server.RaftServerConfigKeys (ConfUtils.java:logGet(43)) - raft.server.log.preallocated.size = 16384 (custom)
2019-10-11 01:18:19,416 [pool-443-thread-1] INFO  server.RaftServerConfigKeys (ConfUtils.java:logGet(43)) - raft.server.log.write.buffer.size = 33554432 (custom)
2019-10-11 01:18:19,416 [pool-443-thread-1] INFO  server.RaftServerConfigKeys (ConfUtils.java:logGet(43)) - raft.server.log.force.sync.num = 128 (default)
2019-10-11 01:18:19,416 [pool-443-thread-1] INFO  server.RaftServerConfigKeys (ConfUtils.java:logGet(43)) - raft.server.log.statemachine.data.sync = true (default)
2019-10-11 01:18:19,416 [pool-443-thread-1] INFO  server.RaftServerConfigKeys (ConfUtils.java:logGet(43)) - raft.server.log.statemachine.data.sync.timeout = 10s (default)
2019-10-11 01:18:19,416 [pool-443-thread-1] INFO  server.RaftServerConfigKeys (ConfUtils.java:logGet(43)) - raft.server.log.statemachine.data.sync.timeout.retry = -1 (default)
2019-10-11 01:18:19,417 [pool-443-thread-1] INFO  server.RaftServerConfigKeys (ConfUtils.java:logGet(43)) - raft.server.log.statemachine.data.caching.enabled = true (custom)
2019-10-11 01:18:19,417 [pool-443-thread-1] INFO  segmented.SegmentedRaftLogWorker (SegmentedRaftLogWorker.java:lambda$new$0(128)) - 19415257-ced1-4e70-84f5-d86f0316deaa@group-F3761D3108A9-SegmentedRaftLogWorker: flushIndex: setUnconditionally 0 -> -1
2019-10-11 01:18:19,417 [pool-443-thread-1] INFO  server.RaftServerConfigKeys (ConfUtils.java:logGet(43)) - raft.server.snapshot.auto.trigger.enabled = true (custom)
2019-10-11 01:18:19,417 [pool-443-thread-1] INFO  server.RaftServerConfigKeys (ConfUtils.java:logGet(43)) - raft.server.snapshot.auto.trigger.threshold = 10000 (custom)
2019-10-11 01:18:19,417 [pool-443-thread-1] INFO  server.RaftServerConfigKeys (ConfUtils.java:logGet(43)) - raft.server.snapshot.retention.file.num = 5 (custom)
2019-10-11 01:18:19,418 [pool-443-thread-1] INFO  server.RaftServerConfigKeys (ConfUtils.java:logGet(43)) - raft.server.retrycache.expirytime = 600000ms (custom)
2019-10-11 01:18:19,419 [pool-443-thread-1] INFO  impl.RaftServerImpl (RaftServerImpl.java:start(181)) - 19415257-ced1-4e70-84f5-d86f0316deaa@group-F3761D3108A9: start as a follower, conf=-1: [19415257-ced1-4e70-84f5-d86f0316deaa:192.168.5.158:45502], old=null
2019-10-11 01:18:19,419 [pool-443-thread-1] INFO  impl.RaftServerImpl (RaftServerImpl.java:setRole(170)) - 19415257-ced1-4e70-84f5-d86f0316deaa@group-F3761D3108A9: changes role from      null to FOLLOWER at term 0 for startAsFollower
2019-10-11 01:18:19,419 [pool-443-thread-1] INFO  impl.RoleInfo (RoleInfo.java:updateAndGet(143)) - 19415257-ced1-4e70-84f5-d86f0316deaa: start FollowerState
2019-10-11 01:18:19,419 [pool-443-thread-1] INFO  util.JmxRegister (JmxRegister.java:tryRegister(44)) - Successfully registered JMX Bean with object name Ratis:service=RaftServer,group=group-F3761D3108A9,id=19415257-ced1-4e70-84f5-d86f0316deaa
2019-10-11 01:18:19,422 [RatisPipelineUtilsThread] INFO  pipeline.PipelineStateManager (PipelineStateManager.java:addPipeline(56)) - Created pipeline Pipeline[ Id: 56860dc8-d957-4ea1-bfb4-f3761d3108a9, Nodes: 19415257-ced1-4e70-84f5-d86f0316deaa{ip: 192.168.5.158, host: pr-hdds-2278-9pt7w-4281506013, networkLocation: /default-rack, certSerialId: null}, Type:RATIS, Factor:ONE, State:OPEN]
2019-10-11 01:18:19,429 [grpc-default-executor-6] INFO  impl.RaftServerProxy (RaftServerProxy.java:addNew(89)) - f082d1ec-c3e1-4cbc-841d-ae056025585b: addNew group-8BEAA9CAC10D:[f082d1ec-c3e1-4cbc-841d-ae056025585b:192.168.5.158:37675] returns group-8BEAA9CAC10D:java.util.concurrent.CompletableFuture@389b6ce1[Not completed]
2019-10-11 01:18:19,430 [pool-413-thread-1] INFO  impl.RaftServerImpl (RaftServerImpl.java:<init>(95)) - f082d1ec-c3e1-4cbc-841d-ae056025585b: new RaftServerImpl for group-8BEAA9CAC10D:[f082d1ec-c3e1-4cbc-841d-ae056025585b:192.168.5.158:37675] with ContainerStateMachine:uninitialized
2019-10-11 01:18:19,430 [pool-413-thread-1] INFO  server.RaftServerConfigKeys (ConfUtils.java:logGet(43)) - raft.server.rpc.timeout.min = 5s (custom)
2019-10-11 01:18:19,430 [pool-413-thread-1] INFO  server.RaftServerConfigKeys (ConfUtils.java:logGet(43)) - raft.server.rpc.timeout.max = 5200ms (custom)
2019-10-11 01:18:19,430 [pool-413-thread-1] INFO  server.RaftServerConfigKeys (ConfUtils.java:logGet(43)) - raft.server.rpcslowness.timeout = 120s (custom)
2019-10-11 01:18:19,430 [pool-413-thread-1] INFO  server.RaftServerConfigKeys (ConfUtils.java:logGet(43)) - raft.server.sleep.deviation.threshold = 300 (default)
2019-10-11 01:18:19,430 [pool-413-thread-1] INFO  server.RaftServerConfigKeys (ConfUtils.java:logGet(43)) - raft.server.log.appender.install.snapshot.enabled = false (custom)
2019-10-11 01:18:19,430 [pool-413-thread-1] INFO  impl.RaftServerImpl (ServerState.java:<init>(103)) - f082d1ec-c3e1-4cbc-841d-ae056025585b@group-8BEAA9CAC10D: ConfigurationManager, init=-1: [f082d1ec-c3e1-4cbc-841d-ae056025585b:192.168.5.158:37675], old=null, confs=<EMPTY_MAP>
2019-10-11 01:18:19,430 [pool-413-thread-1] INFO  server.RaftServerConfigKeys (ConfUtils.java:logGet(43)) - raft.server.storage.dir = [/workdir/hadoop-ozone/integration-test/target/test-dir/MiniOzoneClusterImpl-668ac4db-f415-4d3e-ab95-6d503b2973c4/datanode-3/data/ratis] (custom)
2019-10-11 01:18:19,431 [pool-413-thread-1] INFO  server.RaftServerConfigKeys (ConfUtils.java:logGet(43)) - raft.server.log.corruption.policy = EXCEPTION (default)
2019-10-11 01:18:19,431 [pool-413-thread-1] INFO  storage.RaftStorageDirectory (RaftStorageDirectory.java:analyzeStorage(246)) - The storage directory /workdir/hadoop-ozone/integration-test/target/test-dir/MiniOzoneClusterImpl-668ac4db-f415-4d3e-ab95-6d503b2973c4/datanode-3/data/ratis/dc497bb9-e21a-47c8-a823-8beaa9cac10d does not exist. Creating ...
2019-10-11 01:18:19,443 [pool-413-thread-1] INFO  storage.RaftStorageDirectory (RaftStorageDirectory.java:tryLock(328)) - Lock on /workdir/hadoop-ozone/integration-test/target/test-dir/MiniOzoneClusterImpl-668ac4db-f415-4d3e-ab95-6d503b2973c4/datanode-3/data/ratis/dc497bb9-e21a-47c8-a823-8beaa9cac10d/in_use.lock acquired by nodename 23902@pr-hdds-2278-9pt7w-4281506013
2019-10-11 01:18:19,455 [pool-413-thread-1] INFO  storage.RaftStorage (RaftStorage.java:format(84)) - Storage directory /workdir/hadoop-ozone/integration-test/target/test-dir/MiniOzoneClusterImpl-668ac4db-f415-4d3e-ab95-6d503b2973c4/datanode-3/data/ratis/dc497bb9-e21a-47c8-a823-8beaa9cac10d has been successfully formatted.
2019-10-11 01:18:19,456 [pool-413-thread-1] INFO  ratis.ContainerStateMachine (ContainerStateMachine.java:loadSnapshot(231)) - group-8BEAA9CAC10D: The snapshot info is null. Setting the last applied indexto:(t:0, i:~)
2019-10-11 01:18:19,456 [pool-413-thread-1] INFO  server.RaftServerConfigKeys (ConfUtils.java:logGet(43)) - raft.server.notification.no-leader.timeout = 120s (custom)
2019-10-11 01:18:19,456 [pool-413-thread-1] INFO  server.RaftServerConfigKeys (ConfUtils.java:logGet(43)) - raft.server.log.use.memory = false (default)
2019-10-11 01:18:19,456 [pool-413-thread-1] INFO  server.RaftServerConfigKeys (ConfUtils.java:logGet(43)) - raft.server.log.purge.gap = 1000000 (custom)
2019-10-11 01:18:19,456 [pool-413-thread-1] INFO  server.RaftServerConfigKeys (ConfUtils.java:logGet(43)) - raft.server.log.appender.buffer.byte-limit = 33554432 (custom)
2019-10-11 01:18:19,456 [pool-413-thread-1] INFO  server.RaftServerConfigKeys (ConfUtils.java:logGet(43)) - raft.server.log.segment.size.max = 1048576 (custom)
2019-10-11 01:18:19,458 [pool-413-thread-1] INFO  server.RaftServerConfigKeys (ConfUtils.java:logGet(43)) - raft.server.log.segment.cache.num.max = 2 (custom)
2019-10-11 01:18:19,458 [pool-413-thread-1] INFO  segmented.SegmentedRaftLogWorker (SegmentedRaftLogWorker.java:<init>(173)) - new f082d1ec-c3e1-4cbc-841d-ae056025585b@group-8BEAA9CAC10D-SegmentedRaftLogWorker for RaftStorage:Storage Directory /workdir/hadoop-ozone/integration-test/target/test-dir/MiniOzoneClusterImpl-668ac4db-f415-4d3e-ab95-6d503b2973c4/datanode-3/data/ratis/dc497bb9-e21a-47c8-a823-8beaa9cac10d
2019-10-11 01:18:19,458 [pool-413-thread-1] INFO  server.RaftServerConfigKeys (ConfUtils.java:logGet(43)) - raft.server.log.queue.byte-limit = 2147483647 (custom)
2019-10-11 01:18:19,458 [pool-413-thread-1] INFO  server.RaftServerConfigKeys (ConfUtils.java:logGet(43)) - raft.server.log.queue.element-limit = 1024 (custom)
2019-10-11 01:18:19,459 [pool-413-thread-1] INFO  server.RaftServerConfigKeys (ConfUtils.java:logGet(43)) - raft.server.log.segment.size.max = 1048576 (custom)
2019-10-11 01:18:19,459 [pool-413-thread-1] INFO  server.RaftServerConfigKeys (ConfUtils.java:logGet(43)) - raft.server.log.preallocated.size = 16384 (custom)
2019-10-11 01:18:19,459 [pool-413-thread-1] INFO  server.RaftServerConfigKeys (ConfUtils.java:logGet(43)) - raft.server.log.write.buffer.size = 33554432 (custom)
2019-10-11 01:18:19,459 [pool-413-thread-1] INFO  server.RaftServerConfigKeys (ConfUtils.java:logGet(43)) - raft.server.log.force.sync.num = 128 (default)
2019-10-11 01:18:19,459 [pool-413-thread-1] INFO  server.RaftServerConfigKeys (ConfUtils.java:logGet(43)) - raft.server.log.statemachine.data.sync = true (default)
2019-10-11 01:18:19,460 [pool-413-thread-1] INFO  server.RaftServerConfigKeys (ConfUtils.java:logGet(43)) - raft.server.log.statemachine.data.sync.timeout = 10s (default)
2019-10-11 01:18:19,460 [pool-413-thread-1] INFO  server.RaftServerConfigKeys (ConfUtils.java:logGet(43)) - raft.server.log.statemachine.data.sync.timeout.retry = -1 (default)
2019-10-11 01:18:19,460 [pool-413-thread-1] INFO  server.RaftServerConfigKeys (ConfUtils.java:logGet(43)) - raft.server.log.statemachine.data.caching.enabled = true (custom)
2019-10-11 01:18:19,460 [pool-413-thread-1] INFO  segmented.SegmentedRaftLogWorker (SegmentedRaftLogWorker.java:lambda$new$0(128)) - f082d1ec-c3e1-4cbc-841d-ae056025585b@group-8BEAA9CAC10D-SegmentedRaftLogWorker: flushIndex: setUnconditionally 0 -> -1
2019-10-11 01:18:19,461 [pool-413-thread-1] INFO  server.RaftServerConfigKeys (ConfUtils.java:logGet(43)) - raft.server.snapshot.auto.trigger.enabled = true (custom)
2019-10-11 01:18:19,461 [pool-413-thread-1] INFO  server.RaftServerConfigKeys (ConfUtils.java:logGet(43)) - raft.server.snapshot.auto.trigger.threshold = 10000 (custom)
2019-10-11 01:18:19,461 [pool-413-thread-1] INFO  server.RaftServerConfigKeys (ConfUtils.java:logGet(43)) - raft.server.snapshot.retention.file.num = 5 (custom)
2019-10-11 01:18:19,461 [pool-413-thread-1] INFO  server.RaftServerConfigKeys (ConfUtils.java:logGet(43)) - raft.server.retrycache.expirytime = 600000ms (custom)
2019-10-11 01:18:19,463 [pool-413-thread-1] INFO  impl.RaftServerImpl (RaftServerImpl.java:start(181)) - f082d1ec-c3e1-4cbc-841d-ae056025585b@group-8BEAA9CAC10D: start as a follower, conf=-1: [f082d1ec-c3e1-4cbc-841d-ae056025585b:192.168.5.158:37675], old=null
2019-10-11 01:18:19,464 [pool-413-thread-1] INFO  impl.RaftServerImpl (RaftServerImpl.java:setRole(170)) - f082d1ec-c3e1-4cbc-841d-ae056025585b@group-8BEAA9CAC10D: changes role from      null to FOLLOWER at term 0 for startAsFollower
2019-10-11 01:18:19,464 [pool-413-thread-1] INFO  impl.RoleInfo (RoleInfo.java:updateAndGet(143)) - f082d1ec-c3e1-4cbc-841d-ae056025585b: start FollowerState
2019-10-11 01:18:19,464 [pool-413-thread-1] INFO  util.JmxRegister (JmxRegister.java:tryRegister(44)) - Successfully registered JMX Bean with object name Ratis:service=RaftServer,group=group-8BEAA9CAC10D,id=f082d1ec-c3e1-4cbc-841d-ae056025585b
2019-10-11 01:18:19,469 [RatisPipelineUtilsThread] INFO  pipeline.PipelineStateManager (PipelineStateManager.java:addPipeline(56)) - Created pipeline Pipeline[ Id: dc497bb9-e21a-47c8-a823-8beaa9cac10d, Nodes: f082d1ec-c3e1-4cbc-841d-ae056025585b{ip: 192.168.5.158, host: pr-hdds-2278-9pt7w-4281506013, networkLocation: /default-rack, certSerialId: null}, Type:RATIS, Factor:ONE, State:OPEN]
2019-10-11 01:18:19,478 [grpc-default-executor-6] INFO  impl.RaftServerProxy (RaftServerProxy.java:addNew(89)) - 150fa93a-804a-42e0-8478-5795d5fc83a1: addNew group-0A8EB774CECF:[150fa93a-804a-42e0-8478-5795d5fc83a1:192.168.5.158:43579] returns group-0A8EB774CECF:java.util.concurrent.CompletableFuture@3e3d915c[Not completed]
2019-10-11 01:18:19,479 [pool-433-thread-1] INFO  impl.RaftServerImpl (RaftServerImpl.java:<init>(95)) - 150fa93a-804a-42e0-8478-5795d5fc83a1: new RaftServerImpl for group-0A8EB774CECF:[150fa93a-804a-42e0-8478-5795d5fc83a1:192.168.5.158:43579] with ContainerStateMachine:uninitialized
2019-10-11 01:18:19,479 [pool-433-thread-1] INFO  server.RaftServerConfigKeys (ConfUtils.java:logGet(43)) - raft.server.rpc.timeout.min = 5s (custom)
2019-10-11 01:18:19,479 [pool-433-thread-1] INFO  server.RaftServerConfigKeys (ConfUtils.java:logGet(43)) - raft.server.rpc.timeout.max = 5200ms (custom)
2019-10-11 01:18:19,479 [pool-433-thread-1] INFO  server.RaftServerConfigKeys (ConfUtils.java:logGet(43)) - raft.server.rpcslowness.timeout = 120s (custom)
2019-10-11 01:18:19,480 [pool-433-thread-1] INFO  server.RaftServerConfigKeys (ConfUtils.java:logGet(43)) - raft.server.sleep.deviation.threshold = 300 (default)
2019-10-11 01:18:19,480 [pool-433-thread-1] INFO  server.RaftServerConfigKeys (ConfUtils.java:logGet(43)) - raft.server.log.appender.install.snapshot.enabled = false (custom)
2019-10-11 01:18:19,480 [pool-433-thread-1] INFO  impl.RaftServerImpl (ServerState.java:<init>(103)) - 150fa93a-804a-42e0-8478-5795d5fc83a1@group-0A8EB774CECF: ConfigurationManager, init=-1: [150fa93a-804a-42e0-8478-5795d5fc83a1:192.168.5.158:43579], old=null, confs=<EMPTY_MAP>
2019-10-11 01:18:19,480 [pool-433-thread-1] INFO  server.RaftServerConfigKeys (ConfUtils.java:logGet(43)) - raft.server.storage.dir = [/workdir/hadoop-ozone/integration-test/target/test-dir/MiniOzoneClusterImpl-668ac4db-f415-4d3e-ab95-6d503b2973c4/datanode-5/data/ratis] (custom)
2019-10-11 01:18:19,480 [pool-433-thread-1] INFO  server.RaftServerConfigKeys (ConfUtils.java:logGet(43)) - raft.server.log.corruption.policy = EXCEPTION (default)
2019-10-11 01:18:19,480 [pool-433-thread-1] INFO  storage.RaftStorageDirectory (RaftStorageDirectory.java:analyzeStorage(246)) - The storage directory /workdir/hadoop-ozone/integration-test/target/test-dir/MiniOzoneClusterImpl-668ac4db-f415-4d3e-ab95-6d503b2973c4/datanode-5/data/ratis/9236e7a5-7e56-498b-a74c-0a8eb774cecf does not exist. Creating ...
2019-10-11 01:18:19,493 [pool-433-thread-1] INFO  storage.RaftStorageDirectory (RaftStorageDirectory.java:tryLock(328)) - Lock on /workdir/hadoop-ozone/integration-test/target/test-dir/MiniOzoneClusterImpl-668ac4db-f415-4d3e-ab95-6d503b2973c4/datanode-5/data/ratis/9236e7a5-7e56-498b-a74c-0a8eb774cecf/in_use.lock acquired by nodename 23902@pr-hdds-2278-9pt7w-4281506013
2019-10-11 01:18:19,505 [pool-433-thread-1] INFO  storage.RaftStorage (RaftStorage.java:format(84)) - Storage directory /workdir/hadoop-ozone/integration-test/target/test-dir/MiniOzoneClusterImpl-668ac4db-f415-4d3e-ab95-6d503b2973c4/datanode-5/data/ratis/9236e7a5-7e56-498b-a74c-0a8eb774cecf has been successfully formatted.
2019-10-11 01:18:19,505 [pool-433-thread-1] INFO  ratis.ContainerStateMachine (ContainerStateMachine.java:loadSnapshot(231)) - group-0A8EB774CECF: The snapshot info is null. Setting the last applied indexto:(t:0, i:~)
2019-10-11 01:18:19,505 [pool-433-thread-1] INFO  server.RaftServerConfigKeys (ConfUtils.java:logGet(43)) - raft.server.notification.no-leader.timeout = 120s (custom)
2019-10-11 01:18:19,505 [pool-433-thread-1] INFO  server.RaftServerConfigKeys (ConfUtils.java:logGet(43)) - raft.server.log.use.memory = false (default)
2019-10-11 01:18:19,506 [pool-433-thread-1] INFO  server.RaftServerConfigKeys (ConfUtils.java:logGet(43)) - raft.server.log.purge.gap = 1000000 (custom)
2019-10-11 01:18:19,506 [pool-433-thread-1] INFO  server.RaftServerConfigKeys (ConfUtils.java:logGet(43)) - raft.server.log.appender.buffer.byte-limit = 33554432 (custom)
2019-10-11 01:18:19,506 [pool-433-thread-1] INFO  server.RaftServerConfigKeys (ConfUtils.java:logGet(43)) - raft.server.log.segment.size.max = 1048576 (custom)
2019-10-11 01:18:19,507 [pool-433-thread-1] INFO  server.RaftServerConfigKeys (ConfUtils.java:logGet(43)) - raft.server.log.segment.cache.num.max = 2 (custom)
2019-10-11 01:18:19,507 [pool-433-thread-1] INFO  segmented.SegmentedRaftLogWorker (SegmentedRaftLogWorker.java:<init>(173)) - new 150fa93a-804a-42e0-8478-5795d5fc83a1@group-0A8EB774CECF-SegmentedRaftLogWorker for RaftStorage:Storage Directory /workdir/hadoop-ozone/integration-test/target/test-dir/MiniOzoneClusterImpl-668ac4db-f415-4d3e-ab95-6d503b2973c4/datanode-5/data/ratis/9236e7a5-7e56-498b-a74c-0a8eb774cecf
2019-10-11 01:18:19,507 [pool-433-thread-1] INFO  server.RaftServerConfigKeys (ConfUtils.java:logGet(43)) - raft.server.log.queue.byte-limit = 2147483647 (custom)
2019-10-11 01:18:19,507 [pool-433-thread-1] INFO  server.RaftServerConfigKeys (ConfUtils.java:logGet(43)) - raft.server.log.queue.element-limit = 1024 (custom)
2019-10-11 01:18:19,507 [pool-433-thread-1] INFO  server.RaftServerConfigKeys (ConfUtils.java:logGet(43)) - raft.server.log.segment.size.max = 1048576 (custom)
2019-10-11 01:18:19,508 [pool-433-thread-1] INFO  server.RaftServerConfigKeys (ConfUtils.java:logGet(43)) - raft.server.log.preallocated.size = 16384 (custom)
2019-10-11 01:18:19,508 [pool-433-thread-1] INFO  server.RaftServerConfigKeys (ConfUtils.java:logGet(43)) - raft.server.log.write.buffer.size = 33554432 (custom)
2019-10-11 01:18:19,508 [pool-433-thread-1] INFO  server.RaftServerConfigKeys (ConfUtils.java:logGet(43)) - raft.server.log.force.sync.num = 128 (default)
2019-10-11 01:18:19,508 [pool-433-thread-1] INFO  server.RaftServerConfigKeys (ConfUtils.java:logGet(43)) - raft.server.log.statemachine.data.sync = true (default)
2019-10-11 01:18:19,508 [pool-433-thread-1] INFO  server.RaftServerConfigKeys (ConfUtils.java:logGet(43)) - raft.server.log.statemachine.data.sync.timeout = 10s (default)
2019-10-11 01:18:19,508 [pool-433-thread-1] INFO  server.RaftServerConfigKeys (ConfUtils.java:logGet(43)) - raft.server.log.statemachine.data.sync.timeout.retry = -1 (default)
2019-10-11 01:18:19,508 [pool-433-thread-1] INFO  server.RaftServerConfigKeys (ConfUtils.java:logGet(43)) - raft.server.log.statemachine.data.caching.enabled = true (custom)
2019-10-11 01:18:19,509 [pool-433-thread-1] INFO  segmented.SegmentedRaftLogWorker (SegmentedRaftLogWorker.java:lambda$new$0(128)) - 150fa93a-804a-42e0-8478-5795d5fc83a1@group-0A8EB774CECF-SegmentedRaftLogWorker: flushIndex: setUnconditionally 0 -> -1
2019-10-11 01:18:19,509 [pool-433-thread-1] INFO  server.RaftServerConfigKeys (ConfUtils.java:logGet(43)) - raft.server.snapshot.auto.trigger.enabled = true (custom)
2019-10-11 01:18:19,509 [pool-433-thread-1] INFO  server.RaftServerConfigKeys (ConfUtils.java:logGet(43)) - raft.server.snapshot.auto.trigger.threshold = 10000 (custom)
2019-10-11 01:18:19,509 [pool-433-thread-1] INFO  server.RaftServerConfigKeys (ConfUtils.java:logGet(43)) - raft.server.snapshot.retention.file.num = 5 (custom)
2019-10-11 01:18:19,509 [pool-433-thread-1] INFO  server.RaftServerConfigKeys (ConfUtils.java:logGet(43)) - raft.server.retrycache.expirytime = 600000ms (custom)
2019-10-11 01:18:19,511 [pool-433-thread-1] INFO  impl.RaftServerImpl (RaftServerImpl.java:start(181)) - 150fa93a-804a-42e0-8478-5795d5fc83a1@group-0A8EB774CECF: start as a follower, conf=-1: [150fa93a-804a-42e0-8478-5795d5fc83a1:192.168.5.158:43579], old=null
2019-10-11 01:18:19,511 [pool-433-thread-1] INFO  impl.RaftServerImpl (RaftServerImpl.java:setRole(170)) - 150fa93a-804a-42e0-8478-5795d5fc83a1@group-0A8EB774CECF: changes role from      null to FOLLOWER at term 0 for startAsFollower
2019-10-11 01:18:19,511 [pool-433-thread-1] INFO  impl.RoleInfo (RoleInfo.java:updateAndGet(143)) - 150fa93a-804a-42e0-8478-5795d5fc83a1: start FollowerState
2019-10-11 01:18:19,511 [pool-433-thread-1] INFO  util.JmxRegister (JmxRegister.java:tryRegister(44)) - Successfully registered JMX Bean with object name Ratis:service=RaftServer,group=group-0A8EB774CECF,id=150fa93a-804a-42e0-8478-5795d5fc83a1
2019-10-11 01:18:19,515 [RatisPipelineUtilsThread] INFO  pipeline.PipelineStateManager (PipelineStateManager.java:addPipeline(56)) - Created pipeline Pipeline[ Id: 9236e7a5-7e56-498b-a74c-0a8eb774cecf, Nodes: 150fa93a-804a-42e0-8478-5795d5fc83a1{ip: 192.168.5.158, host: pr-hdds-2278-9pt7w-4281506013, networkLocation: /default-rack, certSerialId: null}, Type:RATIS, Factor:ONE, State:OPEN]
2019-10-11 01:18:19,536 [grpc-default-executor-6] INFO  impl.RaftServerProxy (RaftServerProxy.java:addNew(89)) - f082d1ec-c3e1-4cbc-841d-ae056025585b: addNew group-FAC7D09FD0E3:[f082d1ec-c3e1-4cbc-841d-ae056025585b:192.168.5.158:37675, 19415257-ced1-4e70-84f5-d86f0316deaa:192.168.5.158:45502, 1fffe24d-dabf-4e59-ba64-631d3758e1f4:192.168.5.158:39208] returns group-FAC7D09FD0E3:java.util.concurrent.CompletableFuture@6cdc4327[Not completed]
2019-10-11 01:18:19,536 [grpc-default-executor-5] INFO  impl.RaftServerProxy (RaftServerProxy.java:addNew(89)) - 1fffe24d-dabf-4e59-ba64-631d3758e1f4: addNew group-FAC7D09FD0E3:[f082d1ec-c3e1-4cbc-841d-ae056025585b:192.168.5.158:37675, 19415257-ced1-4e70-84f5-d86f0316deaa:192.168.5.158:45502, 1fffe24d-dabf-4e59-ba64-631d3758e1f4:192.168.5.158:39208] returns group-FAC7D09FD0E3:java.util.concurrent.CompletableFuture@321b93df[Not completed]
2019-10-11 01:18:19,536 [grpc-default-executor-9] INFO  impl.RaftServerProxy (RaftServerProxy.java:addNew(89)) - 19415257-ced1-4e70-84f5-d86f0316deaa: addNew group-FAC7D09FD0E3:[f082d1ec-c3e1-4cbc-841d-ae056025585b:192.168.5.158:37675, 19415257-ced1-4e70-84f5-d86f0316deaa:192.168.5.158:45502, 1fffe24d-dabf-4e59-ba64-631d3758e1f4:192.168.5.158:39208] returns group-FAC7D09FD0E3:java.util.concurrent.CompletableFuture@4f672d10[Not completed]
2019-10-11 01:18:19,537 [pool-443-thread-1] INFO  impl.RaftServerImpl (RaftServerImpl.java:<init>(95)) - 19415257-ced1-4e70-84f5-d86f0316deaa: new RaftServerImpl for group-FAC7D09FD0E3:[f082d1ec-c3e1-4cbc-841d-ae056025585b:192.168.5.158:37675, 19415257-ced1-4e70-84f5-d86f0316deaa:192.168.5.158:45502, 1fffe24d-dabf-4e59-ba64-631d3758e1f4:192.168.5.158:39208] with ContainerStateMachine:uninitialized
2019-10-11 01:18:19,537 [pool-443-thread-1] INFO  server.RaftServerConfigKeys (ConfUtils.java:logGet(43)) - raft.server.rpc.timeout.min = 5s (custom)
2019-10-11 01:18:19,537 [pool-443-thread-1] INFO  server.RaftServerConfigKeys (ConfUtils.java:logGet(43)) - raft.server.rpc.timeout.max = 5200ms (custom)
2019-10-11 01:18:19,538 [pool-443-thread-1] INFO  server.RaftServerConfigKeys (ConfUtils.java:logGet(43)) - raft.server.rpcslowness.timeout = 120s (custom)
2019-10-11 01:18:19,538 [pool-443-thread-1] INFO  server.RaftServerConfigKeys (ConfUtils.java:logGet(43)) - raft.server.sleep.deviation.threshold = 300 (default)
2019-10-11 01:18:19,538 [pool-443-thread-1] INFO  server.RaftServerConfigKeys (ConfUtils.java:logGet(43)) - raft.server.log.appender.install.snapshot.enabled = false (custom)
2019-10-11 01:18:19,538 [pool-443-thread-1] INFO  impl.RaftServerImpl (ServerState.java:<init>(103)) - 19415257-ced1-4e70-84f5-d86f0316deaa@group-FAC7D09FD0E3: ConfigurationManager, init=-1: [f082d1ec-c3e1-4cbc-841d-ae056025585b:192.168.5.158:37675, 19415257-ced1-4e70-84f5-d86f0316deaa:192.168.5.158:45502, 1fffe24d-dabf-4e59-ba64-631d3758e1f4:192.168.5.158:39208], old=null, confs=<EMPTY_MAP>
2019-10-11 01:18:19,538 [pool-423-thread-1] INFO  impl.RaftServerImpl (RaftServerImpl.java:<init>(95)) - 1fffe24d-dabf-4e59-ba64-631d3758e1f4: new RaftServerImpl for group-FAC7D09FD0E3:[f082d1ec-c3e1-4cbc-841d-ae056025585b:192.168.5.158:37675, 19415257-ced1-4e70-84f5-d86f0316deaa:192.168.5.158:45502, 1fffe24d-dabf-4e59-ba64-631d3758e1f4:192.168.5.158:39208] with ContainerStateMachine:uninitialized
2019-10-11 01:18:19,538 [pool-443-thread-1] INFO  server.RaftServerConfigKeys (ConfUtils.java:logGet(43)) - raft.server.storage.dir = [/workdir/hadoop-ozone/integration-test/target/test-dir/MiniOzoneClusterImpl-668ac4db-f415-4d3e-ab95-6d503b2973c4/datanode-6/data/ratis] (custom)
2019-10-11 01:18:19,538 [pool-423-thread-1] INFO  server.RaftServerConfigKeys (ConfUtils.java:logGet(43)) - raft.server.rpc.timeout.min = 5s (custom)
2019-10-11 01:18:19,539 [pool-443-thread-1] INFO  server.RaftServerConfigKeys (ConfUtils.java:logGet(43)) - raft.server.log.corruption.policy = EXCEPTION (default)
2019-10-11 01:18:19,539 [pool-423-thread-1] INFO  server.RaftServerConfigKeys (ConfUtils.java:logGet(43)) - raft.server.rpc.timeout.max = 5200ms (custom)
2019-10-11 01:18:19,539 [pool-443-thread-1] INFO  storage.RaftStorageDirectory (RaftStorageDirectory.java:analyzeStorage(246)) - The storage directory /workdir/hadoop-ozone/integration-test/target/test-dir/MiniOzoneClusterImpl-668ac4db-f415-4d3e-ab95-6d503b2973c4/datanode-6/data/ratis/8f1ac0fe-8e84-4479-820e-fac7d09fd0e3 does not exist. Creating ...
2019-10-11 01:18:19,539 [pool-413-thread-1] INFO  impl.RaftServerImpl (RaftServerImpl.java:<init>(95)) - f082d1ec-c3e1-4cbc-841d-ae056025585b: new RaftServerImpl for group-FAC7D09FD0E3:[f082d1ec-c3e1-4cbc-841d-ae056025585b:192.168.5.158:37675, 19415257-ced1-4e70-84f5-d86f0316deaa:192.168.5.158:45502, 1fffe24d-dabf-4e59-ba64-631d3758e1f4:192.168.5.158:39208] with ContainerStateMachine:uninitialized
2019-10-11 01:18:19,539 [pool-423-thread-1] INFO  server.RaftServerConfigKeys (ConfUtils.java:logGet(43)) - raft.server.rpcslowness.timeout = 120s (custom)
2019-10-11 01:18:19,539 [pool-413-thread-1] INFO  server.RaftServerConfigKeys (ConfUtils.java:logGet(43)) - raft.server.rpc.timeout.min = 5s (custom)
2019-10-11 01:18:19,539 [pool-423-thread-1] INFO  server.RaftServerConfigKeys (ConfUtils.java:logGet(43)) - raft.server.sleep.deviation.threshold = 300 (default)
2019-10-11 01:18:19,539 [pool-413-thread-1] INFO  server.RaftServerConfigKeys (ConfUtils.java:logGet(43)) - raft.server.rpc.timeout.max = 5200ms (custom)
2019-10-11 01:18:19,540 [pool-423-thread-1] INFO  server.RaftServerConfigKeys (ConfUtils.java:logGet(43)) - raft.server.log.appender.install.snapshot.enabled = false (custom)
2019-10-11 01:18:19,540 [pool-413-thread-1] INFO  server.RaftServerConfigKeys (ConfUtils.java:logGet(43)) - raft.server.rpcslowness.timeout = 120s (custom)
2019-10-11 01:18:19,540 [pool-423-thread-1] INFO  impl.RaftServerImpl (ServerState.java:<init>(103)) - 1fffe24d-dabf-4e59-ba64-631d3758e1f4@group-FAC7D09FD0E3: ConfigurationManager, init=-1: [f082d1ec-c3e1-4cbc-841d-ae056025585b:192.168.5.158:37675, 19415257-ced1-4e70-84f5-d86f0316deaa:192.168.5.158:45502, 1fffe24d-dabf-4e59-ba64-631d3758e1f4:192.168.5.158:39208], old=null, confs=<EMPTY_MAP>
2019-10-11 01:18:19,540 [pool-413-thread-1] INFO  server.RaftServerConfigKeys (ConfUtils.java:logGet(43)) - raft.server.sleep.deviation.threshold = 300 (default)
2019-10-11 01:18:19,540 [pool-423-thread-1] INFO  server.RaftServerConfigKeys (ConfUtils.java:logGet(43)) - raft.server.storage.dir = [/workdir/hadoop-ozone/integration-test/target/test-dir/MiniOzoneClusterImpl-668ac4db-f415-4d3e-ab95-6d503b2973c4/datanode-4/data/ratis] (custom)
2019-10-11 01:18:19,540 [pool-413-thread-1] INFO  server.RaftServerConfigKeys (ConfUtils.java:logGet(43)) - raft.server.log.appender.install.snapshot.enabled = false (custom)
2019-10-11 01:18:19,540 [pool-423-thread-1] INFO  server.RaftServerConfigKeys (ConfUtils.java:logGet(43)) - raft.server.log.corruption.policy = EXCEPTION (default)
2019-10-11 01:18:19,540 [pool-413-thread-1] INFO  impl.RaftServerImpl (ServerState.java:<init>(103)) - f082d1ec-c3e1-4cbc-841d-ae056025585b@group-FAC7D09FD0E3: ConfigurationManager, init=-1: [f082d1ec-c3e1-4cbc-841d-ae056025585b:192.168.5.158:37675, 19415257-ced1-4e70-84f5-d86f0316deaa:192.168.5.158:45502, 1fffe24d-dabf-4e59-ba64-631d3758e1f4:192.168.5.158:39208], old=null, confs=<EMPTY_MAP>
2019-10-11 01:18:19,541 [pool-423-thread-1] INFO  storage.RaftStorageDirectory (RaftStorageDirectory.java:analyzeStorage(246)) - The storage directory /workdir/hadoop-ozone/integration-test/target/test-dir/MiniOzoneClusterImpl-668ac4db-f415-4d3e-ab95-6d503b2973c4/datanode-4/data/ratis/8f1ac0fe-8e84-4479-820e-fac7d09fd0e3 does not exist. Creating ...
2019-10-11 01:18:19,541 [pool-413-thread-1] INFO  server.RaftServerConfigKeys (ConfUtils.java:logGet(43)) - raft.server.storage.dir = [/workdir/hadoop-ozone/integration-test/target/test-dir/MiniOzoneClusterImpl-668ac4db-f415-4d3e-ab95-6d503b2973c4/datanode-3/data/ratis] (custom)
2019-10-11 01:18:19,541 [pool-413-thread-1] INFO  server.RaftServerConfigKeys (ConfUtils.java:logGet(43)) - raft.server.log.corruption.policy = EXCEPTION (default)
2019-10-11 01:18:19,541 [pool-413-thread-1] INFO  storage.RaftStorageDirectory (RaftStorageDirectory.java:analyzeStorage(246)) - The storage directory /workdir/hadoop-ozone/integration-test/target/test-dir/MiniOzoneClusterImpl-668ac4db-f415-4d3e-ab95-6d503b2973c4/datanode-3/data/ratis/8f1ac0fe-8e84-4479-820e-fac7d09fd0e3 does not exist. Creating ...
2019-10-11 01:18:19,605 [pool-443-thread-1] INFO  storage.RaftStorageDirectory (RaftStorageDirectory.java:tryLock(328)) - Lock on /workdir/hadoop-ozone/integration-test/target/test-dir/MiniOzoneClusterImpl-668ac4db-f415-4d3e-ab95-6d503b2973c4/datanode-6/data/ratis/8f1ac0fe-8e84-4479-820e-fac7d09fd0e3/in_use.lock acquired by nodename 23902@pr-hdds-2278-9pt7w-4281506013
2019-10-11 01:18:19,605 [pool-423-thread-1] INFO  storage.RaftStorageDirectory (RaftStorageDirectory.java:tryLock(328)) - Lock on /workdir/hadoop-ozone/integration-test/target/test-dir/MiniOzoneClusterImpl-668ac4db-f415-4d3e-ab95-6d503b2973c4/datanode-4/data/ratis/8f1ac0fe-8e84-4479-820e-fac7d09fd0e3/in_use.lock acquired by nodename 23902@pr-hdds-2278-9pt7w-4281506013
2019-10-11 01:18:19,605 [pool-413-thread-1] INFO  storage.RaftStorageDirectory (RaftStorageDirectory.java:tryLock(328)) - Lock on /workdir/hadoop-ozone/integration-test/target/test-dir/MiniOzoneClusterImpl-668ac4db-f415-4d3e-ab95-6d503b2973c4/datanode-3/data/ratis/8f1ac0fe-8e84-4479-820e-fac7d09fd0e3/in_use.lock acquired by nodename 23902@pr-hdds-2278-9pt7w-4281506013
2019-10-11 01:18:19,628 [pool-423-thread-1] INFO  storage.RaftStorage (RaftStorage.java:format(84)) - Storage directory /workdir/hadoop-ozone/integration-test/target/test-dir/MiniOzoneClusterImpl-668ac4db-f415-4d3e-ab95-6d503b2973c4/datanode-4/data/ratis/8f1ac0fe-8e84-4479-820e-fac7d09fd0e3 has been successfully formatted.
2019-10-11 01:18:19,628 [pool-413-thread-1] INFO  storage.RaftStorage (RaftStorage.java:format(84)) - Storage directory /workdir/hadoop-ozone/integration-test/target/test-dir/MiniOzoneClusterImpl-668ac4db-f415-4d3e-ab95-6d503b2973c4/datanode-3/data/ratis/8f1ac0fe-8e84-4479-820e-fac7d09fd0e3 has been successfully formatted.
2019-10-11 01:18:19,628 [pool-443-thread-1] INFO  storage.RaftStorage (RaftStorage.java:format(84)) - Storage directory /workdir/hadoop-ozone/integration-test/target/test-dir/MiniOzoneClusterImpl-668ac4db-f415-4d3e-ab95-6d503b2973c4/datanode-6/data/ratis/8f1ac0fe-8e84-4479-820e-fac7d09fd0e3 has been successfully formatted.
2019-10-11 01:18:19,628 [pool-413-thread-1] INFO  ratis.ContainerStateMachine (ContainerStateMachine.java:loadSnapshot(231)) - group-FAC7D09FD0E3: The snapshot info is null. Setting the last applied indexto:(t:0, i:~)
2019-10-11 01:18:19,628 [pool-423-thread-1] INFO  ratis.ContainerStateMachine (ContainerStateMachine.java:loadSnapshot(231)) - group-FAC7D09FD0E3: The snapshot info is null. Setting the last applied indexto:(t:0, i:~)
2019-10-11 01:18:19,629 [pool-413-thread-1] INFO  server.RaftServerConfigKeys (ConfUtils.java:logGet(43)) - raft.server.notification.no-leader.timeout = 120s (custom)
2019-10-11 01:18:19,629 [pool-443-thread-1] INFO  ratis.ContainerStateMachine (ContainerStateMachine.java:loadSnapshot(231)) - group-FAC7D09FD0E3: The snapshot info is null. Setting the last applied indexto:(t:0, i:~)
2019-10-11 01:18:19,629 [pool-413-thread-1] INFO  server.RaftServerConfigKeys (ConfUtils.java:logGet(43)) - raft.server.log.use.memory = false (default)
2019-10-11 01:18:19,629 [pool-423-thread-1] INFO  server.RaftServerConfigKeys (ConfUtils.java:logGet(43)) - raft.server.notification.no-leader.timeout = 120s (custom)
2019-10-11 01:18:19,629 [pool-413-thread-1] INFO  server.RaftServerConfigKeys (ConfUtils.java:logGet(43)) - raft.server.log.purge.gap = 1000000 (custom)
2019-10-11 01:18:19,629 [pool-443-thread-1] INFO  server.RaftServerConfigKeys (ConfUtils.java:logGet(43)) - raft.server.notification.no-leader.timeout = 120s (custom)
2019-10-11 01:18:19,630 [pool-413-thread-1] INFO  server.RaftServerConfigKeys (ConfUtils.java:logGet(43)) - raft.server.log.appender.buffer.byte-limit = 33554432 (custom)
2019-10-11 01:18:19,629 [pool-423-thread-1] INFO  server.RaftServerConfigKeys (ConfUtils.java:logGet(43)) - raft.server.log.use.memory = false (default)
2019-10-11 01:18:19,630 [pool-413-thread-1] INFO  server.RaftServerConfigKeys (ConfUtils.java:logGet(43)) - raft.server.log.segment.size.max = 1048576 (custom)
2019-10-11 01:18:19,630 [pool-443-thread-1] INFO  server.RaftServerConfigKeys (ConfUtils.java:logGet(43)) - raft.server.log.use.memory = false (default)
2019-10-11 01:18:19,630 [pool-413-thread-1] INFO  server.RaftServerConfigKeys (ConfUtils.java:logGet(43)) - raft.server.log.segment.cache.num.max = 2 (custom)
2019-10-11 01:18:19,630 [pool-423-thread-1] INFO  server.RaftServerConfigKeys (ConfUtils.java:logGet(43)) - raft.server.log.purge.gap = 1000000 (custom)
2019-10-11 01:18:19,631 [pool-413-thread-1] INFO  segmented.SegmentedRaftLogWorker (SegmentedRaftLogWorker.java:<init>(173)) - new f082d1ec-c3e1-4cbc-841d-ae056025585b@group-FAC7D09FD0E3-SegmentedRaftLogWorker for RaftStorage:Storage Directory /workdir/hadoop-ozone/integration-test/target/test-dir/MiniOzoneClusterImpl-668ac4db-f415-4d3e-ab95-6d503b2973c4/datanode-3/data/ratis/8f1ac0fe-8e84-4479-820e-fac7d09fd0e3
2019-10-11 01:18:19,630 [pool-443-thread-1] INFO  server.RaftServerConfigKeys (ConfUtils.java:logGet(43)) - raft.server.log.purge.gap = 1000000 (custom)
2019-10-11 01:18:19,631 [pool-413-thread-1] INFO  server.RaftServerConfigKeys (ConfUtils.java:logGet(43)) - raft.server.log.queue.byte-limit = 2147483647 (custom)
2019-10-11 01:18:19,631 [pool-423-thread-1] INFO  server.RaftServerConfigKeys (ConfUtils.java:logGet(43)) - raft.server.log.appender.buffer.byte-limit = 33554432 (custom)
2019-10-11 01:18:19,631 [pool-413-thread-1] INFO  server.RaftServerConfigKeys (ConfUtils.java:logGet(43)) - raft.server.log.queue.element-limit = 1024 (custom)
2019-10-11 01:18:19,631 [pool-443-thread-1] INFO  server.RaftServerConfigKeys (ConfUtils.java:logGet(43)) - raft.server.log.appender.buffer.byte-limit = 33554432 (custom)
2019-10-11 01:18:19,631 [pool-413-thread-1] INFO  server.RaftServerConfigKeys (ConfUtils.java:logGet(43)) - raft.server.log.segment.size.max = 1048576 (custom)
2019-10-11 01:18:19,631 [pool-423-thread-1] INFO  server.RaftServerConfigKeys (ConfUtils.java:logGet(43)) - raft.server.log.segment.size.max = 1048576 (custom)
2019-10-11 01:18:19,632 [pool-413-thread-1] INFO  server.RaftServerConfigKeys (ConfUtils.java:logGet(43)) - raft.server.log.preallocated.size = 16384 (custom)
2019-10-11 01:18:19,632 [pool-443-thread-1] INFO  server.RaftServerConfigKeys (ConfUtils.java:logGet(43)) - raft.server.log.segment.size.max = 1048576 (custom)
2019-10-11 01:18:19,632 [pool-413-thread-1] INFO  server.RaftServerConfigKeys (ConfUtils.java:logGet(43)) - raft.server.log.write.buffer.size = 33554432 (custom)
2019-10-11 01:18:19,632 [pool-413-thread-1] INFO  server.RaftServerConfigKeys (ConfUtils.java:logGet(43)) - raft.server.log.force.sync.num = 128 (default)
2019-10-11 01:18:19,632 [pool-423-thread-1] INFO  server.RaftServerConfigKeys (ConfUtils.java:logGet(43)) - raft.server.log.segment.cache.num.max = 2 (custom)
2019-10-11 01:18:19,633 [pool-413-thread-1] INFO  server.RaftServerConfigKeys (ConfUtils.java:logGet(43)) - raft.server.log.statemachine.data.sync = true (default)
2019-10-11 01:18:19,632 [pool-443-thread-1] INFO  server.RaftServerConfigKeys (ConfUtils.java:logGet(43)) - raft.server.log.segment.cache.num.max = 2 (custom)
2019-10-11 01:18:19,633 [pool-413-thread-1] INFO  server.RaftServerConfigKeys (ConfUtils.java:logGet(43)) - raft.server.log.statemachine.data.sync.timeout = 10s (default)
2019-10-11 01:18:19,633 [pool-423-thread-1] INFO  segmented.SegmentedRaftLogWorker (SegmentedRaftLogWorker.java:<init>(173)) - new 1fffe24d-dabf-4e59-ba64-631d3758e1f4@group-FAC7D09FD0E3-SegmentedRaftLogWorker for RaftStorage:Storage Directory /workdir/hadoop-ozone/integration-test/target/test-dir/MiniOzoneClusterImpl-668ac4db-f415-4d3e-ab95-6d503b2973c4/datanode-4/data/ratis/8f1ac0fe-8e84-4479-820e-fac7d09fd0e3
2019-10-11 01:18:19,633 [pool-413-thread-1] INFO  server.RaftServerConfigKeys (ConfUtils.java:logGet(43)) - raft.server.log.statemachine.data.sync.timeout.retry = -1 (default)
2019-10-11 01:18:19,633 [pool-443-thread-1] INFO  segmented.SegmentedRaftLogWorker (SegmentedRaftLogWorker.java:<init>(173)) - new 19415257-ced1-4e70-84f5-d86f0316deaa@group-FAC7D09FD0E3-SegmentedRaftLogWorker for RaftStorage:Storage Directory /workdir/hadoop-ozone/integration-test/target/test-dir/MiniOzoneClusterImpl-668ac4db-f415-4d3e-ab95-6d503b2973c4/datanode-6/data/ratis/8f1ac0fe-8e84-4479-820e-fac7d09fd0e3
2019-10-11 01:18:19,634 [pool-413-thread-1] INFO  server.RaftServerConfigKeys (ConfUtils.java:logGet(43)) - raft.server.log.statemachine.data.caching.enabled = true (custom)
2019-10-11 01:18:19,633 [pool-423-thread-1] INFO  server.RaftServerConfigKeys (ConfUtils.java:logGet(43)) - raft.server.log.queue.byte-limit = 2147483647 (custom)
2019-10-11 01:18:19,634 [pool-443-thread-1] INFO  server.RaftServerConfigKeys (ConfUtils.java:logGet(43)) - raft.server.log.queue.byte-limit = 2147483647 (custom)
2019-10-11 01:18:19,634 [pool-423-thread-1] INFO  server.RaftServerConfigKeys (ConfUtils.java:logGet(43)) - raft.server.log.queue.element-limit = 1024 (custom)
2019-10-11 01:18:19,634 [pool-413-thread-1] INFO  segmented.SegmentedRaftLogWorker (SegmentedRaftLogWorker.java:lambda$new$0(128)) - f082d1ec-c3e1-4cbc-841d-ae056025585b@group-FAC7D09FD0E3-SegmentedRaftLogWorker: flushIndex: setUnconditionally 0 -> -1
2019-10-11 01:18:19,634 [pool-423-thread-1] INFO  server.RaftServerConfigKeys (ConfUtils.java:logGet(43)) - raft.server.log.segment.size.max = 1048576 (custom)
2019-10-11 01:18:19,635 [pool-413-thread-1] INFO  server.RaftServerConfigKeys (ConfUtils.java:logGet(43)) - raft.server.snapshot.auto.trigger.enabled = true (custom)
2019-10-11 01:18:19,634 [pool-443-thread-1] INFO  server.RaftServerConfigKeys (ConfUtils.java:logGet(43)) - raft.server.log.queue.element-limit = 1024 (custom)
2019-10-11 01:18:19,635 [pool-413-thread-1] INFO  server.RaftServerConfigKeys (ConfUtils.java:logGet(43)) - raft.server.snapshot.auto.trigger.threshold = 10000 (custom)
2019-10-11 01:18:19,635 [pool-413-thread-1] INFO  server.RaftServerConfigKeys (ConfUtils.java:logGet(43)) - raft.server.snapshot.retention.file.num = 5 (custom)
2019-10-11 01:18:19,635 [pool-423-thread-1] INFO  server.RaftServerConfigKeys (ConfUtils.java:logGet(43)) - raft.server.log.preallocated.size = 16384 (custom)
2019-10-11 01:18:19,635 [pool-413-thread-1] INFO  server.RaftServerConfigKeys (ConfUtils.java:logGet(43)) - raft.server.retrycache.expirytime = 600000ms (custom)
2019-10-11 01:18:19,635 [pool-443-thread-1] INFO  server.RaftServerConfigKeys (ConfUtils.java:logGet(43)) - raft.server.log.segment.size.max = 1048576 (custom)
2019-10-11 01:18:19,635 [pool-423-thread-1] INFO  server.RaftServerConfigKeys (ConfUtils.java:logGet(43)) - raft.server.log.write.buffer.size = 33554432 (custom)
2019-10-11 01:18:19,636 [pool-443-thread-1] INFO  server.RaftServerConfigKeys (ConfUtils.java:logGet(43)) - raft.server.log.preallocated.size = 16384 (custom)
2019-10-11 01:18:19,636 [pool-423-thread-1] INFO  server.RaftServerConfigKeys (ConfUtils.java:logGet(43)) - raft.server.log.force.sync.num = 128 (default)
2019-10-11 01:18:19,636 [pool-443-thread-1] INFO  server.RaftServerConfigKeys (ConfUtils.java:logGet(43)) - raft.server.log.write.buffer.size = 33554432 (custom)
2019-10-11 01:18:19,636 [pool-423-thread-1] INFO  server.RaftServerConfigKeys (ConfUtils.java:logGet(43)) - raft.server.log.statemachine.data.sync = true (default)
2019-10-11 01:18:19,636 [pool-443-thread-1] INFO  server.RaftServerConfigKeys (ConfUtils.java:logGet(43)) - raft.server.log.force.sync.num = 128 (default)
2019-10-11 01:18:19,637 [pool-423-thread-1] INFO  server.RaftServerConfigKeys (ConfUtils.java:logGet(43)) - raft.server.log.statemachine.data.sync.timeout = 10s (default)
2019-10-11 01:18:19,637 [pool-443-thread-1] INFO  server.RaftServerConfigKeys (ConfUtils.java:logGet(43)) - raft.server.log.statemachine.data.sync = true (default)
2019-10-11 01:18:19,637 [pool-423-thread-1] INFO  server.RaftServerConfigKeys (ConfUtils.java:logGet(43)) - raft.server.log.statemachine.data.sync.timeout.retry = -1 (default)
2019-10-11 01:18:19,637 [pool-443-thread-1] INFO  server.RaftServerConfigKeys (ConfUtils.java:logGet(43)) - raft.server.log.statemachine.data.sync.timeout = 10s (default)
2019-10-11 01:18:19,637 [pool-413-thread-1] INFO  impl.RaftServerImpl (RaftServerImpl.java:start(181)) - f082d1ec-c3e1-4cbc-841d-ae056025585b@group-FAC7D09FD0E3: start as a follower, conf=-1: [f082d1ec-c3e1-4cbc-841d-ae056025585b:192.168.5.158:37675, 19415257-ced1-4e70-84f5-d86f0316deaa:192.168.5.158:45502, 1fffe24d-dabf-4e59-ba64-631d3758e1f4:192.168.5.158:39208], old=null
2019-10-11 01:18:19,637 [pool-423-thread-1] INFO  server.RaftServerConfigKeys (ConfUtils.java:logGet(43)) - raft.server.log.statemachine.data.caching.enabled = true (custom)
2019-10-11 01:18:19,638 [pool-413-thread-1] INFO  impl.RaftServerImpl (RaftServerImpl.java:setRole(170)) - f082d1ec-c3e1-4cbc-841d-ae056025585b@group-FAC7D09FD0E3: changes role from      null to FOLLOWER at term 0 for startAsFollower
2019-10-11 01:18:19,638 [pool-443-thread-1] INFO  server.RaftServerConfigKeys (ConfUtils.java:logGet(43)) - raft.server.log.statemachine.data.sync.timeout.retry = -1 (default)
2019-10-11 01:18:19,638 [pool-423-thread-1] INFO  segmented.SegmentedRaftLogWorker (SegmentedRaftLogWorker.java:lambda$new$0(128)) - 1fffe24d-dabf-4e59-ba64-631d3758e1f4@group-FAC7D09FD0E3-SegmentedRaftLogWorker: flushIndex: setUnconditionally 0 -> -1
2019-10-11 01:18:19,638 [pool-413-thread-1] INFO  impl.RoleInfo (RoleInfo.java:updateAndGet(143)) - f082d1ec-c3e1-4cbc-841d-ae056025585b: start FollowerState
2019-10-11 01:18:19,638 [pool-443-thread-1] INFO  server.RaftServerConfigKeys (ConfUtils.java:logGet(43)) - raft.server.log.statemachine.data.caching.enabled = true (custom)
2019-10-11 01:18:19,638 [pool-423-thread-1] INFO  server.RaftServerConfigKeys (ConfUtils.java:logGet(43)) - raft.server.snapshot.auto.trigger.enabled = true (custom)
2019-10-11 01:18:19,639 [pool-413-thread-1] INFO  util.JmxRegister (JmxRegister.java:tryRegister(44)) - Successfully registered JMX Bean with object name Ratis:service=RaftServer,group=group-FAC7D09FD0E3,id=f082d1ec-c3e1-4cbc-841d-ae056025585b
2019-10-11 01:18:19,639 [pool-443-thread-1] INFO  segmented.SegmentedRaftLogWorker (SegmentedRaftLogWorker.java:lambda$new$0(128)) - 19415257-ced1-4e70-84f5-d86f0316deaa@group-FAC7D09FD0E3-SegmentedRaftLogWorker: flushIndex: setUnconditionally 0 -> -1
2019-10-11 01:18:19,639 [pool-423-thread-1] INFO  server.RaftServerConfigKeys (ConfUtils.java:logGet(43)) - raft.server.snapshot.auto.trigger.threshold = 10000 (custom)
2019-10-11 01:18:19,639 [pool-423-thread-1] INFO  server.RaftServerConfigKeys (ConfUtils.java:logGet(43)) - raft.server.snapshot.retention.file.num = 5 (custom)
2019-10-11 01:18:19,639 [pool-443-thread-1] INFO  server.RaftServerConfigKeys (ConfUtils.java:logGet(43)) - raft.server.snapshot.auto.trigger.enabled = true (custom)
2019-10-11 01:18:19,639 [pool-423-thread-1] INFO  server.RaftServerConfigKeys (ConfUtils.java:logGet(43)) - raft.server.retrycache.expirytime = 600000ms (custom)
2019-10-11 01:18:19,640 [pool-443-thread-1] INFO  server.RaftServerConfigKeys (ConfUtils.java:logGet(43)) - raft.server.snapshot.auto.trigger.threshold = 10000 (custom)
2019-10-11 01:18:19,640 [pool-443-thread-1] INFO  server.RaftServerConfigKeys (ConfUtils.java:logGet(43)) - raft.server.snapshot.retention.file.num = 5 (custom)
2019-10-11 01:18:19,640 [pool-443-thread-1] INFO  server.RaftServerConfigKeys (ConfUtils.java:logGet(43)) - raft.server.retrycache.expirytime = 600000ms (custom)
2019-10-11 01:18:19,643 [pool-423-thread-1] INFO  impl.RaftServerImpl (RaftServerImpl.java:start(181)) - 1fffe24d-dabf-4e59-ba64-631d3758e1f4@group-FAC7D09FD0E3: start as a follower, conf=-1: [f082d1ec-c3e1-4cbc-841d-ae056025585b:192.168.5.158:37675, 19415257-ced1-4e70-84f5-d86f0316deaa:192.168.5.158:45502, 1fffe24d-dabf-4e59-ba64-631d3758e1f4:192.168.5.158:39208], old=null
2019-10-11 01:18:19,643 [pool-423-thread-1] INFO  impl.RaftServerImpl (RaftServerImpl.java:setRole(170)) - 1fffe24d-dabf-4e59-ba64-631d3758e1f4@group-FAC7D09FD0E3: changes role from      null to FOLLOWER at term 0 for startAsFollower
2019-10-11 01:18:19,643 [pool-443-thread-1] INFO  impl.RaftServerImpl (RaftServerImpl.java:start(181)) - 19415257-ced1-4e70-84f5-d86f0316deaa@group-FAC7D09FD0E3: start as a follower, conf=-1: [f082d1ec-c3e1-4cbc-841d-ae056025585b:192.168.5.158:37675, 19415257-ced1-4e70-84f5-d86f0316deaa:192.168.5.158:45502, 1fffe24d-dabf-4e59-ba64-631d3758e1f4:192.168.5.158:39208], old=null
2019-10-11 01:18:19,644 [pool-423-thread-1] INFO  impl.RoleInfo (RoleInfo.java:updateAndGet(143)) - 1fffe24d-dabf-4e59-ba64-631d3758e1f4: start FollowerState
2019-10-11 01:18:19,644 [pool-443-thread-1] INFO  impl.RaftServerImpl (RaftServerImpl.java:setRole(170)) - 19415257-ced1-4e70-84f5-d86f0316deaa@group-FAC7D09FD0E3: changes role from      null to FOLLOWER at term 0 for startAsFollower
2019-10-11 01:18:19,644 [pool-443-thread-1] INFO  impl.RoleInfo (RoleInfo.java:updateAndGet(143)) - 19415257-ced1-4e70-84f5-d86f0316deaa: start FollowerState
2019-10-11 01:18:19,644 [pool-423-thread-1] INFO  util.JmxRegister (JmxRegister.java:tryRegister(44)) - Successfully registered JMX Bean with object name Ratis:service=RaftServer,group=group-FAC7D09FD0E3,id=1fffe24d-dabf-4e59-ba64-631d3758e1f4
2019-10-11 01:18:19,644 [pool-443-thread-1] INFO  util.JmxRegister (JmxRegister.java:tryRegister(44)) - Successfully registered JMX Bean with object name Ratis:service=RaftServer,group=group-FAC7D09FD0E3,id=19415257-ced1-4e70-84f5-d86f0316deaa
2019-10-11 01:18:19,650 [RatisPipelineUtilsThread] INFO  pipeline.PipelineStateManager (PipelineStateManager.java:addPipeline(56)) - Created pipeline Pipeline[ Id: 8f1ac0fe-8e84-4479-820e-fac7d09fd0e3, Nodes: 1fffe24d-dabf-4e59-ba64-631d3758e1f4{ip: 192.168.5.158, host: pr-hdds-2278-9pt7w-4281506013, networkLocation: /default-rack, certSerialId: null}19415257-ced1-4e70-84f5-d86f0316deaa{ip: 192.168.5.158, host: pr-hdds-2278-9pt7w-4281506013, networkLocation: /default-rack, certSerialId: null}f082d1ec-c3e1-4cbc-841d-ae056025585b{ip: 192.168.5.158, host: pr-hdds-2278-9pt7w-4281506013, networkLocation: /default-rack, certSerialId: null}, Type:RATIS, Factor:THREE, State:OPEN]
2019-10-11 01:18:21,972 [Thread-2359] INFO  container.ReplicationManager (ReplicationManager.java:start(162)) - Starting Replication Monitor Thread.
2019-10-11 01:18:21,977 [ReplicationMonitor] INFO  container.ReplicationManager (ReplicationManager.java:run(225)) - Replication Monitor Thread took 0 milliseconds for processing 1 containers.
2019-10-11 01:18:24,146 [Thread-2361] INFO  impl.FollowerState (FollowerState.java:run(108)) - f7c0873a-f794-43cc-990b-555d216dee39@group-E9E2A452C38E-FollowerState: change to CANDIDATE, lastRpcTime:5101ms, electionTimeout:5101ms
2019-10-11 01:18:24,146 [Thread-2361] INFO  impl.RoleInfo (RoleInfo.java:shutdownFollowerState(121)) - f7c0873a-f794-43cc-990b-555d216dee39: shutdown FollowerState
2019-10-11 01:18:24,146 [Thread-2361] INFO  impl.RaftServerImpl (RaftServerImpl.java:setRole(170)) - f7c0873a-f794-43cc-990b-555d216dee39@group-E9E2A452C38E: changes role from  FOLLOWER to CANDIDATE at term 0 for changeToCandidate
2019-10-11 01:18:24,147 [Thread-2361] INFO  impl.RoleInfo (RoleInfo.java:updateAndGet(143)) - f7c0873a-f794-43cc-990b-555d216dee39: start LeaderElection
2019-10-11 01:18:24,172 [f7c0873a-f794-43cc-990b-555d216dee39@group-E9E2A452C38E-LeaderElection66] INFO  impl.LeaderElection (LeaderElection.java:askForVotes(178)) - f7c0873a-f794-43cc-990b-555d216dee39@group-E9E2A452C38E-LeaderElection66: begin an election at term 1 for -1: [f7c0873a-f794-43cc-990b-555d216dee39:192.168.5.158:40587], old=null
2019-10-11 01:18:24,173 [f7c0873a-f794-43cc-990b-555d216dee39@group-E9E2A452C38E-LeaderElection66] INFO  impl.RoleInfo (RoleInfo.java:shutdownLeaderElection(134)) - f7c0873a-f794-43cc-990b-555d216dee39: shutdown LeaderElection
2019-10-11 01:18:24,173 [f7c0873a-f794-43cc-990b-555d216dee39@group-E9E2A452C38E-LeaderElection66] INFO  impl.RaftServerImpl (RaftServerImpl.java:setRole(170)) - f7c0873a-f794-43cc-990b-555d216dee39@group-E9E2A452C38E: changes role from CANDIDATE to LEADER at term 1 for changeToLeader
2019-10-11 01:18:24,173 [f7c0873a-f794-43cc-990b-555d216dee39@group-E9E2A452C38E-LeaderElection66] INFO  impl.RaftServerImpl (ServerState.java:setLeader(255)) - f7c0873a-f794-43cc-990b-555d216dee39@group-E9E2A452C38E: change Leader from null to f7c0873a-f794-43cc-990b-555d216dee39 at term 1 for becomeLeader, leader elected after 5144ms
2019-10-11 01:18:24,173 [f7c0873a-f794-43cc-990b-555d216dee39@group-E9E2A452C38E-LeaderElection66] INFO  server.RaftServerConfigKeys (ConfUtils.java:logGet(43)) - raft.server.staging.catchup.gap = 1000 (default)
2019-10-11 01:18:24,174 [f7c0873a-f794-43cc-990b-555d216dee39@group-E9E2A452C38E-LeaderElection66] INFO  server.RaftServerConfigKeys (ConfUtils.java:logGet(43)) - raft.server.rpc.sleep.time = 25ms (default)
2019-10-11 01:18:24,174 [f7c0873a-f794-43cc-990b-555d216dee39@group-E9E2A452C38E-LeaderElection66] INFO  server.RaftServerConfigKeys (ConfUtils.java:logGet(43)) - raft.server.write.element-limit = 4096 (default)
2019-10-11 01:18:24,175 [f7c0873a-f794-43cc-990b-555d216dee39@group-E9E2A452C38E-LeaderElection66] INFO  server.RaftServerConfigKeys (ConfUtils.java:logGet(43)) - raft.server.watch.timeout = 10s (default)
2019-10-11 01:18:24,175 [f7c0873a-f794-43cc-990b-555d216dee39@group-E9E2A452C38E-LeaderElection66] INFO  server.RaftServerConfigKeys (ConfUtils.java:logGet(43)) - raft.server.watch.timeout.denomination = 1s (default)
2019-10-11 01:18:24,175 [f7c0873a-f794-43cc-990b-555d216dee39@group-E9E2A452C38E-LeaderElection66] INFO  server.RaftServerConfigKeys (ConfUtils.java:logGet(43)) - raft.server.watch.element-limit = 65536 (default)
2019-10-11 01:18:24,179 [f7c0873a-f794-43cc-990b-555d216dee39@group-E9E2A452C38E-LeaderElection66] INFO  impl.RoleInfo (RoleInfo.java:updateAndGet(143)) - f7c0873a-f794-43cc-990b-555d216dee39: start LeaderState
2019-10-11 01:18:24,180 [f7c0873a-f794-43cc-990b-555d216dee39@group-E9E2A452C38E-LeaderElection66] INFO  segmented.SegmentedRaftLogWorker (SegmentedRaftLogWorker.java:startLogSegment(385)) - f7c0873a-f794-43cc-990b-555d216dee39@group-E9E2A452C38E-SegmentedRaftLogWorker: Starting segment from index:0
2019-10-11 01:18:24,181 [f7c0873a-f794-43cc-990b-555d216dee39@group-E9E2A452C38E-LeaderElection66] INFO  impl.RaftServerImpl (ServerState.java:setRaftConf(356)) - f7c0873a-f794-43cc-990b-555d216dee39@group-E9E2A452C38E: set configuration 0: [f7c0873a-f794-43cc-990b-555d216dee39:192.168.5.158:40587], old=null at 0
2019-10-11 01:18:24,242 [f7c0873a-f794-43cc-990b-555d216dee39@group-E9E2A452C38E-SegmentedRaftLogWorker] INFO  segmented.SegmentedRaftLogWorker (SegmentedRaftLogWorker.java:execute(574)) - f7c0873a-f794-43cc-990b-555d216dee39@group-E9E2A452C38E-SegmentedRaftLogWorker: created new log segment /workdir/hadoop-ozone/integration-test/target/test-dir/MiniOzoneClusterImpl-668ac4db-f415-4d3e-ab95-6d503b2973c4/datanode-0/data/ratis/2b470ef4-712c-4600-922c-e9e2a452c38e/current/log_inprogress_0
2019-10-11 01:18:24,280 [Thread-2364] INFO  impl.FollowerState (FollowerState.java:run(108)) - f88c062b-7f1e-425d-a2cf-315cf898dee5@group-959804664CDD-FollowerState: change to CANDIDATE, lastRpcTime:5190ms, electionTimeout:5190ms
2019-10-11 01:18:24,280 [Thread-2364] INFO  impl.RoleInfo (RoleInfo.java:shutdownFollowerState(121)) - f88c062b-7f1e-425d-a2cf-315cf898dee5: shutdown FollowerState
2019-10-11 01:18:24,280 [Thread-2364] INFO  impl.RaftServerImpl (RaftServerImpl.java:setRole(170)) - f88c062b-7f1e-425d-a2cf-315cf898dee5@group-959804664CDD: changes role from  FOLLOWER to CANDIDATE at term 0 for changeToCandidate
2019-10-11 01:18:24,280 [Thread-2364] INFO  impl.RoleInfo (RoleInfo.java:updateAndGet(143)) - f88c062b-7f1e-425d-a2cf-315cf898dee5: start LeaderElection
2019-10-11 01:18:24,300 [Thread-2373] INFO  impl.FollowerState (FollowerState.java:run(108)) - f7c0873a-f794-43cc-990b-555d216dee39@group-26DC052DCB67-FollowerState: change to CANDIDATE, lastRpcTime:5078ms, electionTimeout:5078ms
2019-10-11 01:18:24,301 [Thread-2373] INFO  impl.RoleInfo (RoleInfo.java:shutdownFollowerState(121)) - f7c0873a-f794-43cc-990b-555d216dee39: shutdown FollowerState
2019-10-11 01:18:24,301 [Thread-2373] INFO  impl.RaftServerImpl (RaftServerImpl.java:setRole(170)) - f7c0873a-f794-43cc-990b-555d216dee39@group-26DC052DCB67: changes role from  FOLLOWER to CANDIDATE at term 0 for changeToCandidate
2019-10-11 01:18:24,301 [Thread-2373] INFO  impl.RoleInfo (RoleInfo.java:updateAndGet(143)) - f7c0873a-f794-43cc-990b-555d216dee39: start LeaderElection
2019-10-11 01:18:24,304 [f88c062b-7f1e-425d-a2cf-315cf898dee5@group-959804664CDD-LeaderElection67] INFO  impl.LeaderElection (LeaderElection.java:askForVotes(178)) - f88c062b-7f1e-425d-a2cf-315cf898dee5@group-959804664CDD-LeaderElection67: begin an election at term 1 for -1: [f88c062b-7f1e-425d-a2cf-315cf898dee5:192.168.5.158:45117], old=null
2019-10-11 01:18:24,308 [f88c062b-7f1e-425d-a2cf-315cf898dee5@group-959804664CDD-LeaderElection67] INFO  impl.RoleInfo (RoleInfo.java:shutdownLeaderElection(134)) - f88c062b-7f1e-425d-a2cf-315cf898dee5: shutdown LeaderElection
2019-10-11 01:18:24,308 [f88c062b-7f1e-425d-a2cf-315cf898dee5@group-959804664CDD-LeaderElection67] INFO  impl.RaftServerImpl (RaftServerImpl.java:setRole(170)) - f88c062b-7f1e-425d-a2cf-315cf898dee5@group-959804664CDD: changes role from CANDIDATE to LEADER at term 1 for changeToLeader
2019-10-11 01:18:24,308 [f88c062b-7f1e-425d-a2cf-315cf898dee5@group-959804664CDD-LeaderElection67] INFO  impl.RaftServerImpl (ServerState.java:setLeader(255)) - f88c062b-7f1e-425d-a2cf-315cf898dee5@group-959804664CDD: change Leader from null to f88c062b-7f1e-425d-a2cf-315cf898dee5 at term 1 for becomeLeader, leader elected after 5223ms
2019-10-11 01:18:24,308 [f88c062b-7f1e-425d-a2cf-315cf898dee5@group-959804664CDD-LeaderElection67] INFO  server.RaftServerConfigKeys (ConfUtils.java:logGet(43)) - raft.server.staging.catchup.gap = 1000 (default)
2019-10-11 01:18:24,308 [f88c062b-7f1e-425d-a2cf-315cf898dee5@group-959804664CDD-LeaderElection67] INFO  server.RaftServerConfigKeys (ConfUtils.java:logGet(43)) - raft.server.rpc.sleep.time = 25ms (default)
2019-10-11 01:18:24,309 [f88c062b-7f1e-425d-a2cf-315cf898dee5@group-959804664CDD-LeaderElection67] INFO  server.RaftServerConfigKeys (ConfUtils.java:logGet(43)) - raft.server.write.element-limit = 4096 (default)
2019-10-11 01:18:24,309 [f88c062b-7f1e-425d-a2cf-315cf898dee5@group-959804664CDD-LeaderElection67] INFO  server.RaftServerConfigKeys (ConfUtils.java:logGet(43)) - raft.server.watch.timeout = 10s (default)
2019-10-11 01:18:24,309 [f88c062b-7f1e-425d-a2cf-315cf898dee5@group-959804664CDD-LeaderElection67] INFO  server.RaftServerConfigKeys (ConfUtils.java:logGet(43)) - raft.server.watch.timeout.denomination = 1s (default)
2019-10-11 01:18:24,309 [f88c062b-7f1e-425d-a2cf-315cf898dee5@group-959804664CDD-LeaderElection67] INFO  server.RaftServerConfigKeys (ConfUtils.java:logGet(43)) - raft.server.watch.element-limit = 65536 (default)
2019-10-11 01:18:24,311 [f88c062b-7f1e-425d-a2cf-315cf898dee5@group-959804664CDD-LeaderElection67] INFO  impl.RoleInfo (RoleInfo.java:updateAndGet(143)) - f88c062b-7f1e-425d-a2cf-315cf898dee5: start LeaderState
2019-10-11 01:18:24,311 [f88c062b-7f1e-425d-a2cf-315cf898dee5@group-959804664CDD-LeaderElection67] INFO  segmented.SegmentedRaftLogWorker (SegmentedRaftLogWorker.java:startLogSegment(385)) - f88c062b-7f1e-425d-a2cf-315cf898dee5@group-959804664CDD-SegmentedRaftLogWorker: Starting segment from index:0
2019-10-11 01:18:24,312 [f88c062b-7f1e-425d-a2cf-315cf898dee5@group-959804664CDD-LeaderElection67] INFO  impl.RaftServerImpl (ServerState.java:setRaftConf(356)) - f88c062b-7f1e-425d-a2cf-315cf898dee5@group-959804664CDD: set configuration 0: [f88c062b-7f1e-425d-a2cf-315cf898dee5:192.168.5.158:45117], old=null at 0
2019-10-11 01:18:24,319 [f7c0873a-f794-43cc-990b-555d216dee39@group-26DC052DCB67-LeaderElection68] INFO  impl.LeaderElection (LeaderElection.java:askForVotes(178)) - f7c0873a-f794-43cc-990b-555d216dee39@group-26DC052DCB67-LeaderElection68: begin an election at term 1 for -1: [f88c062b-7f1e-425d-a2cf-315cf898dee5:192.168.5.158:45117, 57a60f02-ceee-4137-91ce-8a8862269ae4:192.168.5.158:42885, f7c0873a-f794-43cc-990b-555d216dee39:192.168.5.158:40587], old=null
2019-10-11 01:18:24,324 [grpc-default-executor-5] INFO  impl.RaftServerImpl (RaftServerImpl.java:setRole(170)) - f88c062b-7f1e-425d-a2cf-315cf898dee5@group-26DC052DCB67: changes role from  FOLLOWER to FOLLOWER at term 1 for recognizeCandidate:f7c0873a-f794-43cc-990b-555d216dee39
2019-10-11 01:18:24,324 [grpc-default-executor-5] INFO  impl.RoleInfo (RoleInfo.java:shutdownFollowerState(121)) - f88c062b-7f1e-425d-a2cf-315cf898dee5: shutdown FollowerState
2019-10-11 01:18:24,324 [grpc-default-executor-5] INFO  impl.RoleInfo (RoleInfo.java:updateAndGet(143)) - f88c062b-7f1e-425d-a2cf-315cf898dee5: start FollowerState
2019-10-11 01:18:24,325 [Thread-2372] INFO  impl.FollowerState (FollowerState.java:run(117)) - f88c062b-7f1e-425d-a2cf-315cf898dee5@group-26DC052DCB67-FollowerState was interrupted: java.lang.InterruptedException: sleep interrupted
2019-10-11 01:18:24,325 [grpc-default-executor-9] INFO  impl.RaftServerImpl (RaftServerImpl.java:setRole(170)) - 57a60f02-ceee-4137-91ce-8a8862269ae4@group-26DC052DCB67: changes role from  FOLLOWER to FOLLOWER at term 1 for recognizeCandidate:f7c0873a-f794-43cc-990b-555d216dee39
2019-10-11 01:18:24,348 [Thread-2367] INFO  impl.FollowerState (FollowerState.java:run(108)) - 57a60f02-ceee-4137-91ce-8a8862269ae4@group-FF180BFF431C-FollowerState: change to CANDIDATE, lastRpcTime:5195ms, electionTimeout:5178ms
2019-10-11 01:18:24,348 [grpc-default-executor-9] INFO  impl.RoleInfo (RoleInfo.java:shutdownFollowerState(121)) - 57a60f02-ceee-4137-91ce-8a8862269ae4: shutdown FollowerState
2019-10-11 01:18:24,348 [Thread-2367] INFO  impl.RoleInfo (RoleInfo.java:shutdownFollowerState(121)) - 57a60f02-ceee-4137-91ce-8a8862269ae4: shutdown FollowerState
2019-10-11 01:18:24,348 [grpc-default-executor-9] INFO  impl.RoleInfo (RoleInfo.java:updateAndGet(143)) - 57a60f02-ceee-4137-91ce-8a8862269ae4: start FollowerState
2019-10-11 01:18:24,348 [Thread-2374] INFO  impl.FollowerState (FollowerState.java:run(117)) - 57a60f02-ceee-4137-91ce-8a8862269ae4@group-26DC052DCB67-FollowerState was interrupted: java.lang.InterruptedException: sleep interrupted
2019-10-11 01:18:24,348 [Thread-2367] INFO  impl.RaftServerImpl (RaftServerImpl.java:setRole(170)) - 57a60f02-ceee-4137-91ce-8a8862269ae4@group-FF180BFF431C: changes role from  FOLLOWER to CANDIDATE at term 0 for changeToCandidate
2019-10-11 01:18:24,351 [Thread-2367] INFO  impl.RoleInfo (RoleInfo.java:updateAndGet(143)) - 57a60f02-ceee-4137-91ce-8a8862269ae4: start LeaderElection
2019-10-11 01:18:24,376 [f88c062b-7f1e-425d-a2cf-315cf898dee5@group-959804664CDD-SegmentedRaftLogWorker] INFO  segmented.SegmentedRaftLogWorker (SegmentedRaftLogWorker.java:execute(574)) - f88c062b-7f1e-425d-a2cf-315cf898dee5@group-959804664CDD-SegmentedRaftLogWorker: created new log segment /workdir/hadoop-ozone/integration-test/target/test-dir/MiniOzoneClusterImpl-668ac4db-f415-4d3e-ab95-6d503b2973c4/datanode-1/data/ratis/bdc3662e-6411-4cd9-ba56-959804664cdd/current/log_inprogress_0
2019-10-11 01:18:24,377 [f7c0873a-f794-43cc-990b-555d216dee39@group-26DC052DCB67-LeaderElection68] INFO  impl.LeaderElection (LeaderElection.java:logAndReturn(56)) - f7c0873a-f794-43cc-990b-555d216dee39@group-26DC052DCB67-LeaderElection68: Election PASSED; received 1 response(s) [f7c0873a-f794-43cc-990b-555d216dee39<-f88c062b-7f1e-425d-a2cf-315cf898dee5#0:OK-t1] and 0 exception(s); f7c0873a-f794-43cc-990b-555d216dee39@group-26DC052DCB67:t1, leader=null, voted=f7c0873a-f794-43cc-990b-555d216dee39, raftlog=f7c0873a-f794-43cc-990b-555d216dee39@group-26DC052DCB67-SegmentedRaftLog:OPENED:c-1,f-1,i0, conf=-1: [f88c062b-7f1e-425d-a2cf-315cf898dee5:192.168.5.158:45117, 57a60f02-ceee-4137-91ce-8a8862269ae4:192.168.5.158:42885, f7c0873a-f794-43cc-990b-555d216dee39:192.168.5.158:40587], old=null
2019-10-11 01:18:24,377 [f7c0873a-f794-43cc-990b-555d216dee39@group-26DC052DCB67-LeaderElection68] INFO  impl.RoleInfo (RoleInfo.java:shutdownLeaderElection(134)) - f7c0873a-f794-43cc-990b-555d216dee39: shutdown LeaderElection
2019-10-11 01:18:24,377 [f7c0873a-f794-43cc-990b-555d216dee39@group-26DC052DCB67-LeaderElection68] INFO  impl.RaftServerImpl (RaftServerImpl.java:setRole(170)) - f7c0873a-f794-43cc-990b-555d216dee39@group-26DC052DCB67: changes role from CANDIDATE to LEADER at term 1 for changeToLeader
2019-10-11 01:18:24,377 [f7c0873a-f794-43cc-990b-555d216dee39@group-26DC052DCB67-LeaderElection68] INFO  impl.RaftServerImpl (ServerState.java:setLeader(255)) - f7c0873a-f794-43cc-990b-555d216dee39@group-26DC052DCB67: change Leader from null to f7c0873a-f794-43cc-990b-555d216dee39 at term 1 for becomeLeader, leader elected after 5166ms
2019-10-11 01:18:24,377 [f7c0873a-f794-43cc-990b-555d216dee39@group-26DC052DCB67-LeaderElection68] INFO  server.RaftServerConfigKeys (ConfUtils.java:logGet(43)) - raft.server.staging.catchup.gap = 1000 (default)
2019-10-11 01:18:24,378 [f7c0873a-f794-43cc-990b-555d216dee39@group-26DC052DCB67-LeaderElection68] INFO  server.RaftServerConfigKeys (ConfUtils.java:logGet(43)) - raft.server.rpc.sleep.time = 25ms (default)
2019-10-11 01:18:24,378 [f7c0873a-f794-43cc-990b-555d216dee39@group-26DC052DCB67-LeaderElection68] INFO  server.RaftServerConfigKeys (ConfUtils.java:logGet(43)) - raft.server.write.element-limit = 4096 (default)
2019-10-11 01:18:24,378 [f7c0873a-f794-43cc-990b-555d216dee39@group-26DC052DCB67-LeaderElection68] INFO  server.RaftServerConfigKeys (ConfUtils.java:logGet(43)) - raft.server.watch.timeout = 10s (default)
2019-10-11 01:18:24,378 [f7c0873a-f794-43cc-990b-555d216dee39@group-26DC052DCB67-LeaderElection68] INFO  server.RaftServerConfigKeys (ConfUtils.java:logGet(43)) - raft.server.watch.timeout.denomination = 1s (default)
2019-10-11 01:18:24,378 [f7c0873a-f794-43cc-990b-555d216dee39@group-26DC052DCB67-LeaderElection68] INFO  server.RaftServerConfigKeys (ConfUtils.java:logGet(43)) - raft.server.watch.element-limit = 65536 (default)
2019-10-11 01:18:24,380 [57a60f02-ceee-4137-91ce-8a8862269ae4@group-FF180BFF431C-LeaderElection69] INFO  impl.LeaderElection (LeaderElection.java:askForVotes(178)) - 57a60f02-ceee-4137-91ce-8a8862269ae4@group-FF180BFF431C-LeaderElection69: begin an election at term 1 for -1: [57a60f02-ceee-4137-91ce-8a8862269ae4:192.168.5.158:42885], old=null
2019-10-11 01:18:24,382 [f7c0873a-f794-43cc-990b-555d216dee39@group-26DC052DCB67-LeaderElection68] INFO  server.RaftServerConfigKeys (ConfUtils.java:logGet(43)) - raft.server.log.appender.snapshot.chunk.size.max = 16MB (=16777216) (default)
2019-10-11 01:18:24,382 [57a60f02-ceee-4137-91ce-8a8862269ae4@group-FF180BFF431C-LeaderElection69] INFO  impl.RoleInfo (RoleInfo.java:shutdownLeaderElection(134)) - 57a60f02-ceee-4137-91ce-8a8862269ae4: shutdown LeaderElection
2019-10-11 01:18:24,383 [f7c0873a-f794-43cc-990b-555d216dee39@group-26DC052DCB67-LeaderElection68] INFO  server.RaftServerConfigKeys (ConfUtils.java:logGet(43)) - raft.server.log.appender.buffer.byte-limit = 33554432 (custom)
2019-10-11 01:18:24,383 [57a60f02-ceee-4137-91ce-8a8862269ae4@group-FF180BFF431C-LeaderElection69] INFO  impl.RaftServerImpl (RaftServerImpl.java:setRole(170)) - 57a60f02-ceee-4137-91ce-8a8862269ae4@group-FF180BFF431C: changes role from CANDIDATE to LEADER at term 1 for changeToLeader
2019-10-11 01:18:24,383 [f7c0873a-f794-43cc-990b-555d216dee39@group-26DC052DCB67-LeaderElection68] INFO  server.RaftServerConfigKeys (ConfUtils.java:logGet(43)) - raft.server.log.appender.buffer.element-limit = 1 (custom)
2019-10-11 01:18:24,383 [57a60f02-ceee-4137-91ce-8a8862269ae4@group-FF180BFF431C-LeaderElection69] INFO  impl.RaftServerImpl (ServerState.java:setLeader(255)) - 57a60f02-ceee-4137-91ce-8a8862269ae4@group-FF180BFF431C: change Leader from null to 57a60f02-ceee-4137-91ce-8a8862269ae4 at term 1 for becomeLeader, leader elected after 5238ms
2019-10-11 01:18:24,383 [57a60f02-ceee-4137-91ce-8a8862269ae4@group-FF180BFF431C-LeaderElection69] INFO  server.RaftServerConfigKeys (ConfUtils.java:logGet(43)) - raft.server.staging.catchup.gap = 1000 (default)
2019-10-11 01:18:24,383 [f7c0873a-f794-43cc-990b-555d216dee39@group-26DC052DCB67-LeaderElection68] INFO  grpc.GrpcConfigKeys$Server (ConfUtils.java:logGet(43)) - raft.grpc.server.leader.outstanding.appends.max = 128 (default)
2019-10-11 01:18:24,383 [57a60f02-ceee-4137-91ce-8a8862269ae4@group-FF180BFF431C-LeaderElection69] INFO  server.RaftServerConfigKeys (ConfUtils.java:logGet(43)) - raft.server.rpc.sleep.time = 25ms (default)
2019-10-11 01:18:24,384 [f7c0873a-f794-43cc-990b-555d216dee39@group-26DC052DCB67-LeaderElection68] INFO  server.RaftServerConfigKeys (ConfUtils.java:logGet(43)) - raft.server.rpc.request.timeout = 3000ms (default)
2019-10-11 01:18:24,384 [57a60f02-ceee-4137-91ce-8a8862269ae4@group-FF180BFF431C-LeaderElection69] INFO  server.RaftServerConfigKeys (ConfUtils.java:logGet(43)) - raft.server.write.element-limit = 4096 (default)
2019-10-11 01:18:24,384 [f7c0873a-f794-43cc-990b-555d216dee39@group-26DC052DCB67-LeaderElection68] INFO  server.RaftServerConfigKeys (ConfUtils.java:logGet(43)) - raft.server.log.appender.install.snapshot.enabled = false (custom)
2019-10-11 01:18:24,384 [57a60f02-ceee-4137-91ce-8a8862269ae4@group-FF180BFF431C-LeaderElection69] INFO  server.RaftServerConfigKeys (ConfUtils.java:logGet(43)) - raft.server.watch.timeout = 10s (default)
2019-10-11 01:18:24,384 [f7c0873a-f794-43cc-990b-555d216dee39@group-26DC052DCB67-LeaderElection68] INFO  server.RaftServerConfigKeys (ConfUtils.java:logGet(43)) - raft.server.log.appender.snapshot.chunk.size.max = 16MB (=16777216) (default)
2019-10-11 01:18:24,384 [57a60f02-ceee-4137-91ce-8a8862269ae4@group-FF180BFF431C-LeaderElection69] INFO  server.RaftServerConfigKeys (ConfUtils.java:logGet(43)) - raft.server.watch.timeout.denomination = 1s (default)
2019-10-11 01:18:24,385 [f7c0873a-f794-43cc-990b-555d216dee39@group-26DC052DCB67-LeaderElection68] INFO  server.RaftServerConfigKeys (ConfUtils.java:logGet(43)) - raft.server.log.appender.buffer.byte-limit = 33554432 (custom)
2019-10-11 01:18:24,385 [57a60f02-ceee-4137-91ce-8a8862269ae4@group-FF180BFF431C-LeaderElection69] INFO  server.RaftServerConfigKeys (ConfUtils.java:logGet(43)) - raft.server.watch.element-limit = 65536 (default)
2019-10-11 01:18:24,385 [f7c0873a-f794-43cc-990b-555d216dee39@group-26DC052DCB67-LeaderElection68] INFO  server.RaftServerConfigKeys (ConfUtils.java:logGet(43)) - raft.server.log.appender.buffer.element-limit = 1 (custom)
2019-10-11 01:18:24,385 [f7c0873a-f794-43cc-990b-555d216dee39@group-26DC052DCB67-LeaderElection68] INFO  grpc.GrpcConfigKeys$Server (ConfUtils.java:logGet(43)) - raft.grpc.server.leader.outstanding.appends.max = 128 (default)
2019-10-11 01:18:24,385 [f7c0873a-f794-43cc-990b-555d216dee39@group-26DC052DCB67-LeaderElection68] INFO  server.RaftServerConfigKeys (ConfUtils.java:logGet(43)) - raft.server.rpc.request.timeout = 3000ms (default)
2019-10-11 01:18:24,386 [f7c0873a-f794-43cc-990b-555d216dee39@group-26DC052DCB67-LeaderElection68] INFO  server.RaftServerConfigKeys (ConfUtils.java:logGet(43)) - raft.server.log.appender.install.snapshot.enabled = false (custom)
2019-10-11 01:18:24,386 [f7c0873a-f794-43cc-990b-555d216dee39@group-26DC052DCB67-LeaderElection68] INFO  impl.RoleInfo (RoleInfo.java:updateAndGet(143)) - f7c0873a-f794-43cc-990b-555d216dee39: start LeaderState
2019-10-11 01:18:24,386 [f7c0873a-f794-43cc-990b-555d216dee39@group-26DC052DCB67-LeaderElection68] INFO  segmented.SegmentedRaftLogWorker (SegmentedRaftLogWorker.java:startLogSegment(385)) - f7c0873a-f794-43cc-990b-555d216dee39@group-26DC052DCB67-SegmentedRaftLogWorker: Starting segment from index:0
2019-10-11 01:18:24,386 [57a60f02-ceee-4137-91ce-8a8862269ae4@group-FF180BFF431C-LeaderElection69] INFO  impl.RoleInfo (RoleInfo.java:updateAndGet(143)) - 57a60f02-ceee-4137-91ce-8a8862269ae4: start LeaderState
2019-10-11 01:18:24,387 [57a60f02-ceee-4137-91ce-8a8862269ae4@group-FF180BFF431C-LeaderElection69] INFO  segmented.SegmentedRaftLogWorker (SegmentedRaftLogWorker.java:startLogSegment(385)) - 57a60f02-ceee-4137-91ce-8a8862269ae4@group-FF180BFF431C-SegmentedRaftLogWorker: Starting segment from index:0
2019-10-11 01:18:24,387 [f7c0873a-f794-43cc-990b-555d216dee39@group-26DC052DCB67-LeaderElection68] INFO  impl.RaftServerImpl (ServerState.java:setRaftConf(356)) - f7c0873a-f794-43cc-990b-555d216dee39@group-26DC052DCB67: set configuration 0: [f88c062b-7f1e-425d-a2cf-315cf898dee5:192.168.5.158:45117, 57a60f02-ceee-4137-91ce-8a8862269ae4:192.168.5.158:42885, f7c0873a-f794-43cc-990b-555d216dee39:192.168.5.158:40587], old=null at 0
2019-10-11 01:18:24,387 [57a60f02-ceee-4137-91ce-8a8862269ae4@group-FF180BFF431C-LeaderElection69] INFO  impl.RaftServerImpl (ServerState.java:setRaftConf(356)) - 57a60f02-ceee-4137-91ce-8a8862269ae4@group-FF180BFF431C: set configuration 0: [57a60f02-ceee-4137-91ce-8a8862269ae4:192.168.5.158:42885], old=null at 0
2019-10-11 01:18:24,388 [grpc-default-executor-5] INFO  impl.RaftServerImpl (ServerState.java:setLeader(255)) - f88c062b-7f1e-425d-a2cf-315cf898dee5@group-26DC052DCB67: change Leader from null to f7c0873a-f794-43cc-990b-555d216dee39 at term 1 for appendEntries, leader elected after 5177ms
2019-10-11 01:18:24,389 [grpc-default-executor-9] INFO  impl.RaftServerImpl (ServerState.java:setLeader(255)) - 57a60f02-ceee-4137-91ce-8a8862269ae4@group-26DC052DCB67: change Leader from null to f7c0873a-f794-43cc-990b-555d216dee39 at term 1 for appendEntries, leader elected after 5178ms
2019-10-11 01:18:24,436 [Thread-2381] INFO  impl.FollowerState (FollowerState.java:run(108)) - 1fffe24d-dabf-4e59-ba64-631d3758e1f4@group-9287CF86C140-FollowerState: change to CANDIDATE, lastRpcTime:5083ms, electionTimeout:5042ms
2019-10-11 01:18:24,439 [Thread-2381] INFO  impl.RoleInfo (RoleInfo.java:shutdownFollowerState(121)) - 1fffe24d-dabf-4e59-ba64-631d3758e1f4: shutdown FollowerState
2019-10-11 01:18:24,441 [Thread-2381] INFO  impl.RaftServerImpl (RaftServerImpl.java:setRole(170)) - 1fffe24d-dabf-4e59-ba64-631d3758e1f4@group-9287CF86C140: changes role from  FOLLOWER to CANDIDATE at term 0 for changeToCandidate
2019-10-11 01:18:24,441 [Thread-2381] INFO  impl.RoleInfo (RoleInfo.java:updateAndGet(143)) - 1fffe24d-dabf-4e59-ba64-631d3758e1f4: start LeaderElection
2019-10-11 01:18:24,448 [grpc-default-executor-5] INFO  impl.RaftServerImpl (ServerState.java:setRaftConf(356)) - f88c062b-7f1e-425d-a2cf-315cf898dee5@group-26DC052DCB67: set configuration 0: [f88c062b-7f1e-425d-a2cf-315cf898dee5:192.168.5.158:45117, 57a60f02-ceee-4137-91ce-8a8862269ae4:192.168.5.158:42885, f7c0873a-f794-43cc-990b-555d216dee39:192.168.5.158:40587], old=null at 0
2019-10-11 01:18:24,448 [grpc-default-executor-9] INFO  impl.RaftServerImpl (ServerState.java:setRaftConf(356)) - 57a60f02-ceee-4137-91ce-8a8862269ae4@group-26DC052DCB67: set configuration 0: [f88c062b-7f1e-425d-a2cf-315cf898dee5:192.168.5.158:45117, 57a60f02-ceee-4137-91ce-8a8862269ae4:192.168.5.158:42885, f7c0873a-f794-43cc-990b-555d216dee39:192.168.5.158:40587], old=null at 0
2019-10-11 01:18:24,448 [grpc-default-executor-5] INFO  segmented.SegmentedRaftLogWorker (SegmentedRaftLogWorker.java:startLogSegment(385)) - f88c062b-7f1e-425d-a2cf-315cf898dee5@group-26DC052DCB67-SegmentedRaftLogWorker: Starting segment from index:0
2019-10-11 01:18:24,448 [grpc-default-executor-9] INFO  segmented.SegmentedRaftLogWorker (SegmentedRaftLogWorker.java:startLogSegment(385)) - 57a60f02-ceee-4137-91ce-8a8862269ae4@group-26DC052DCB67-SegmentedRaftLogWorker: Starting segment from index:0
2019-10-11 01:18:24,448 [f7c0873a-f794-43cc-990b-555d216dee39@group-26DC052DCB67-SegmentedRaftLogWorker] INFO  segmented.SegmentedRaftLogWorker (SegmentedRaftLogWorker.java:execute(574)) - f7c0873a-f794-43cc-990b-555d216dee39@group-26DC052DCB67-SegmentedRaftLogWorker: created new log segment /workdir/hadoop-ozone/integration-test/target/test-dir/MiniOzoneClusterImpl-668ac4db-f415-4d3e-ab95-6d503b2973c4/datanode-0/data/ratis/fcd1cd6a-658b-476a-bbae-26dc052dcb67/current/log_inprogress_0
2019-10-11 01:18:24,448 [57a60f02-ceee-4137-91ce-8a8862269ae4@group-FF180BFF431C-SegmentedRaftLogWorker] INFO  segmented.SegmentedRaftLogWorker (SegmentedRaftLogWorker.java:execute(574)) - 57a60f02-ceee-4137-91ce-8a8862269ae4@group-FF180BFF431C-SegmentedRaftLogWorker: created new log segment /workdir/hadoop-ozone/integration-test/target/test-dir/MiniOzoneClusterImpl-668ac4db-f415-4d3e-ab95-6d503b2973c4/datanode-2/data/ratis/2c3d26ec-248e-4ba8-aea0-ff180bff431c/current/log_inprogress_0
2019-10-11 01:18:24,463 [1fffe24d-dabf-4e59-ba64-631d3758e1f4@group-9287CF86C140-LeaderElection70] INFO  impl.LeaderElection (LeaderElection.java:askForVotes(178)) - 1fffe24d-dabf-4e59-ba64-631d3758e1f4@group-9287CF86C140-LeaderElection70: begin an election at term 1 for -1: [1fffe24d-dabf-4e59-ba64-631d3758e1f4:192.168.5.158:39208], old=null
2019-10-11 01:18:24,463 [1fffe24d-dabf-4e59-ba64-631d3758e1f4@group-9287CF86C140-LeaderElection70] INFO  impl.RoleInfo (RoleInfo.java:shutdownLeaderElection(134)) - 1fffe24d-dabf-4e59-ba64-631d3758e1f4: shutdown LeaderElection
2019-10-11 01:18:24,464 [1fffe24d-dabf-4e59-ba64-631d3758e1f4@group-9287CF86C140-LeaderElection70] INFO  impl.RaftServerImpl (RaftServerImpl.java:setRole(170)) - 1fffe24d-dabf-4e59-ba64-631d3758e1f4@group-9287CF86C140: changes role from CANDIDATE to LEADER at term 1 for changeToLeader
2019-10-11 01:18:24,464 [1fffe24d-dabf-4e59-ba64-631d3758e1f4@group-9287CF86C140-LeaderElection70] INFO  impl.RaftServerImpl (ServerState.java:setLeader(255)) - 1fffe24d-dabf-4e59-ba64-631d3758e1f4@group-9287CF86C140: change Leader from null to 1fffe24d-dabf-4e59-ba64-631d3758e1f4 at term 1 for becomeLeader, leader elected after 5126ms
2019-10-11 01:18:24,464 [1fffe24d-dabf-4e59-ba64-631d3758e1f4@group-9287CF86C140-LeaderElection70] INFO  server.RaftServerConfigKeys (ConfUtils.java:logGet(43)) - raft.server.staging.catchup.gap = 1000 (default)
2019-10-11 01:18:24,464 [1fffe24d-dabf-4e59-ba64-631d3758e1f4@group-9287CF86C140-LeaderElection70] INFO  server.RaftServerConfigKeys (ConfUtils.java:logGet(43)) - raft.server.rpc.sleep.time = 25ms (default)
2019-10-11 01:18:24,464 [1fffe24d-dabf-4e59-ba64-631d3758e1f4@group-9287CF86C140-LeaderElection70] INFO  server.RaftServerConfigKeys (ConfUtils.java:logGet(43)) - raft.server.write.element-limit = 4096 (default)
2019-10-11 01:18:24,465 [1fffe24d-dabf-4e59-ba64-631d3758e1f4@group-9287CF86C140-LeaderElection70] INFO  server.RaftServerConfigKeys (ConfUtils.java:logGet(43)) - raft.server.watch.timeout = 10s (default)
2019-10-11 01:18:24,465 [1fffe24d-dabf-4e59-ba64-631d3758e1f4@group-9287CF86C140-LeaderElection70] INFO  server.RaftServerConfigKeys (ConfUtils.java:logGet(43)) - raft.server.watch.timeout.denomination = 1s (default)
2019-10-11 01:18:24,465 [1fffe24d-dabf-4e59-ba64-631d3758e1f4@group-9287CF86C140-LeaderElection70] INFO  server.RaftServerConfigKeys (ConfUtils.java:logGet(43)) - raft.server.watch.element-limit = 65536 (default)
2019-10-11 01:18:24,468 [1fffe24d-dabf-4e59-ba64-631d3758e1f4@group-9287CF86C140-LeaderElection70] INFO  impl.RoleInfo (RoleInfo.java:updateAndGet(143)) - 1fffe24d-dabf-4e59-ba64-631d3758e1f4: start LeaderState
2019-10-11 01:18:24,468 [1fffe24d-dabf-4e59-ba64-631d3758e1f4@group-9287CF86C140-LeaderElection70] INFO  segmented.SegmentedRaftLogWorker (SegmentedRaftLogWorker.java:startLogSegment(385)) - 1fffe24d-dabf-4e59-ba64-631d3758e1f4@group-9287CF86C140-SegmentedRaftLogWorker: Starting segment from index:0
2019-10-11 01:18:24,469 [1fffe24d-dabf-4e59-ba64-631d3758e1f4@group-9287CF86C140-LeaderElection70] INFO  impl.RaftServerImpl (ServerState.java:setRaftConf(356)) - 1fffe24d-dabf-4e59-ba64-631d3758e1f4@group-9287CF86C140: set configuration 0: [1fffe24d-dabf-4e59-ba64-631d3758e1f4:192.168.5.158:39208], old=null at 0
2019-10-11 01:18:24,493 [Thread-2384] INFO  impl.FollowerState (FollowerState.java:run(108)) - 19415257-ced1-4e70-84f5-d86f0316deaa@group-F3761D3108A9-FollowerState: change to CANDIDATE, lastRpcTime:5073ms, electionTimeout:5073ms
2019-10-11 01:18:24,493 [Thread-2384] INFO  impl.RoleInfo (RoleInfo.java:shutdownFollowerState(121)) - 19415257-ced1-4e70-84f5-d86f0316deaa: shutdown FollowerState
2019-10-11 01:18:24,493 [Thread-2384] INFO  impl.RaftServerImpl (RaftServerImpl.java:setRole(170)) - 19415257-ced1-4e70-84f5-d86f0316deaa@group-F3761D3108A9: changes role from  FOLLOWER to CANDIDATE at term 0 for changeToCandidate
2019-10-11 01:18:24,493 [Thread-2384] INFO  impl.RoleInfo (RoleInfo.java:updateAndGet(143)) - 19415257-ced1-4e70-84f5-d86f0316deaa: start LeaderElection
2019-10-11 01:18:24,507 [f88c062b-7f1e-425d-a2cf-315cf898dee5@group-26DC052DCB67-SegmentedRaftLogWorker] INFO  segmented.SegmentedRaftLogWorker (SegmentedRaftLogWorker.java:execute(574)) - f88c062b-7f1e-425d-a2cf-315cf898dee5@group-26DC052DCB67-SegmentedRaftLogWorker: created new log segment /workdir/hadoop-ozone/integration-test/target/test-dir/MiniOzoneClusterImpl-668ac4db-f415-4d3e-ab95-6d503b2973c4/datanode-1/data/ratis/fcd1cd6a-658b-476a-bbae-26dc052dcb67/current/log_inprogress_0
2019-10-11 01:18:24,507 [57a60f02-ceee-4137-91ce-8a8862269ae4@group-26DC052DCB67-SegmentedRaftLogWorker] INFO  segmented.SegmentedRaftLogWorker (SegmentedRaftLogWorker.java:execute(574)) - 57a60f02-ceee-4137-91ce-8a8862269ae4@group-26DC052DCB67-SegmentedRaftLogWorker: created new log segment /workdir/hadoop-ozone/integration-test/target/test-dir/MiniOzoneClusterImpl-668ac4db-f415-4d3e-ab95-6d503b2973c4/datanode-2/data/ratis/fcd1cd6a-658b-476a-bbae-26dc052dcb67/current/log_inprogress_0
2019-10-11 01:18:24,519 [1fffe24d-dabf-4e59-ba64-631d3758e1f4@group-9287CF86C140-SegmentedRaftLogWorker] INFO  segmented.SegmentedRaftLogWorker (SegmentedRaftLogWorker.java:execute(574)) - 1fffe24d-dabf-4e59-ba64-631d3758e1f4@group-9287CF86C140-SegmentedRaftLogWorker: created new log segment /workdir/hadoop-ozone/integration-test/target/test-dir/MiniOzoneClusterImpl-668ac4db-f415-4d3e-ab95-6d503b2973c4/datanode-4/data/ratis/4c6bd47b-2984-4d69-9043-9287cf86c140/current/log_inprogress_0
2019-10-11 01:18:24,519 [19415257-ced1-4e70-84f5-d86f0316deaa@group-F3761D3108A9-LeaderElection71] INFO  impl.LeaderElection (LeaderElection.java:askForVotes(178)) - 19415257-ced1-4e70-84f5-d86f0316deaa@group-F3761D3108A9-LeaderElection71: begin an election at term 1 for -1: [19415257-ced1-4e70-84f5-d86f0316deaa:192.168.5.158:45502], old=null
2019-10-11 01:18:24,519 [19415257-ced1-4e70-84f5-d86f0316deaa@group-F3761D3108A9-LeaderElection71] INFO  impl.RoleInfo (RoleInfo.java:shutdownLeaderElection(134)) - 19415257-ced1-4e70-84f5-d86f0316deaa: shutdown LeaderElection
2019-10-11 01:18:24,520 [19415257-ced1-4e70-84f5-d86f0316deaa@group-F3761D3108A9-LeaderElection71] INFO  impl.RaftServerImpl (RaftServerImpl.java:setRole(170)) - 19415257-ced1-4e70-84f5-d86f0316deaa@group-F3761D3108A9: changes role from CANDIDATE to LEADER at term 1 for changeToLeader
2019-10-11 01:18:24,520 [19415257-ced1-4e70-84f5-d86f0316deaa@group-F3761D3108A9-LeaderElection71] INFO  impl.RaftServerImpl (ServerState.java:setLeader(255)) - 19415257-ced1-4e70-84f5-d86f0316deaa@group-F3761D3108A9: change Leader from null to 19415257-ced1-4e70-84f5-d86f0316deaa at term 1 for becomeLeader, leader elected after 5106ms
2019-10-11 01:18:24,520 [19415257-ced1-4e70-84f5-d86f0316deaa@group-F3761D3108A9-LeaderElection71] INFO  server.RaftServerConfigKeys (ConfUtils.java:logGet(43)) - raft.server.staging.catchup.gap = 1000 (default)
2019-10-11 01:18:24,520 [19415257-ced1-4e70-84f5-d86f0316deaa@group-F3761D3108A9-LeaderElection71] INFO  server.RaftServerConfigKeys (ConfUtils.java:logGet(43)) - raft.server.rpc.sleep.time = 25ms (default)
2019-10-11 01:18:24,520 [19415257-ced1-4e70-84f5-d86f0316deaa@group-F3761D3108A9-LeaderElection71] INFO  server.RaftServerConfigKeys (ConfUtils.java:logGet(43)) - raft.server.write.element-limit = 4096 (default)
2019-10-11 01:18:24,520 [19415257-ced1-4e70-84f5-d86f0316deaa@group-F3761D3108A9-LeaderElection71] INFO  server.RaftServerConfigKeys (ConfUtils.java:logGet(43)) - raft.server.watch.timeout = 10s (default)
2019-10-11 01:18:24,521 [19415257-ced1-4e70-84f5-d86f0316deaa@group-F3761D3108A9-LeaderElection71] INFO  server.RaftServerConfigKeys (ConfUtils.java:logGet(43)) - raft.server.watch.timeout.denomination = 1s (default)
2019-10-11 01:18:24,521 [19415257-ced1-4e70-84f5-d86f0316deaa@group-F3761D3108A9-LeaderElection71] INFO  server.RaftServerConfigKeys (ConfUtils.java:logGet(43)) - raft.server.watch.element-limit = 65536 (default)
2019-10-11 01:18:24,523 [19415257-ced1-4e70-84f5-d86f0316deaa@group-F3761D3108A9-LeaderElection71] INFO  impl.RoleInfo (RoleInfo.java:updateAndGet(143)) - 19415257-ced1-4e70-84f5-d86f0316deaa: start LeaderState
2019-10-11 01:18:24,523 [19415257-ced1-4e70-84f5-d86f0316deaa@group-F3761D3108A9-LeaderElection71] INFO  segmented.SegmentedRaftLogWorker (SegmentedRaftLogWorker.java:startLogSegment(385)) - 19415257-ced1-4e70-84f5-d86f0316deaa@group-F3761D3108A9-SegmentedRaftLogWorker: Starting segment from index:0
2019-10-11 01:18:24,524 [19415257-ced1-4e70-84f5-d86f0316deaa@group-F3761D3108A9-LeaderElection71] INFO  impl.RaftServerImpl (ServerState.java:setRaftConf(356)) - 19415257-ced1-4e70-84f5-d86f0316deaa@group-F3761D3108A9: set configuration 0: [19415257-ced1-4e70-84f5-d86f0316deaa:192.168.5.158:45502], old=null at 0
2019-10-11 01:18:24,525 [Thread-2390] INFO  impl.FollowerState (FollowerState.java:run(108)) - 150fa93a-804a-42e0-8478-5795d5fc83a1@group-0A8EB774CECF-FollowerState: change to CANDIDATE, lastRpcTime:5014ms, electionTimeout:5014ms
2019-10-11 01:18:24,526 [Thread-2390] INFO  impl.RoleInfo (RoleInfo.java:shutdownFollowerState(121)) - 150fa93a-804a-42e0-8478-5795d5fc83a1: shutdown FollowerState
2019-10-11 01:18:24,526 [Thread-2390] INFO  impl.RaftServerImpl (RaftServerImpl.java:setRole(170)) - 150fa93a-804a-42e0-8478-5795d5fc83a1@group-0A8EB774CECF: changes role from  FOLLOWER to CANDIDATE at term 0 for changeToCandidate
2019-10-11 01:18:24,526 [Thread-2390] INFO  impl.RoleInfo (RoleInfo.java:updateAndGet(143)) - 150fa93a-804a-42e0-8478-5795d5fc83a1: start LeaderElection
2019-10-11 01:18:24,588 [19415257-ced1-4e70-84f5-d86f0316deaa@group-F3761D3108A9-SegmentedRaftLogWorker] INFO  segmented.SegmentedRaftLogWorker (SegmentedRaftLogWorker.java:execute(574)) - 19415257-ced1-4e70-84f5-d86f0316deaa@group-F3761D3108A9-SegmentedRaftLogWorker: created new log segment /workdir/hadoop-ozone/integration-test/target/test-dir/MiniOzoneClusterImpl-668ac4db-f415-4d3e-ab95-6d503b2973c4/datanode-6/data/ratis/56860dc8-d957-4ea1-bfb4-f3761d3108a9/current/log_inprogress_0
2019-10-11 01:18:24,588 [150fa93a-804a-42e0-8478-5795d5fc83a1@group-0A8EB774CECF-LeaderElection72] INFO  impl.LeaderElection (LeaderElection.java:askForVotes(178)) - 150fa93a-804a-42e0-8478-5795d5fc83a1@group-0A8EB774CECF-LeaderElection72: begin an election at term 1 for -1: [150fa93a-804a-42e0-8478-5795d5fc83a1:192.168.5.158:43579], old=null
2019-10-11 01:18:24,588 [150fa93a-804a-42e0-8478-5795d5fc83a1@group-0A8EB774CECF-LeaderElection72] INFO  impl.RoleInfo (RoleInfo.java:shutdownLeaderElection(134)) - 150fa93a-804a-42e0-8478-5795d5fc83a1: shutdown LeaderElection
2019-10-11 01:18:24,588 [150fa93a-804a-42e0-8478-5795d5fc83a1@group-0A8EB774CECF-LeaderElection72] INFO  impl.RaftServerImpl (RaftServerImpl.java:setRole(170)) - 150fa93a-804a-42e0-8478-5795d5fc83a1@group-0A8EB774CECF: changes role from CANDIDATE to LEADER at term 1 for changeToLeader
2019-10-11 01:18:24,588 [150fa93a-804a-42e0-8478-5795d5fc83a1@group-0A8EB774CECF-LeaderElection72] INFO  impl.RaftServerImpl (ServerState.java:setLeader(255)) - 150fa93a-804a-42e0-8478-5795d5fc83a1@group-0A8EB774CECF: change Leader from null to 150fa93a-804a-42e0-8478-5795d5fc83a1 at term 1 for becomeLeader, leader elected after 5082ms
2019-10-11 01:18:24,588 [150fa93a-804a-42e0-8478-5795d5fc83a1@group-0A8EB774CECF-LeaderElection72] INFO  server.RaftServerConfigKeys (ConfUtils.java:logGet(43)) - raft.server.staging.catchup.gap = 1000 (default)
2019-10-11 01:18:24,589 [150fa93a-804a-42e0-8478-5795d5fc83a1@group-0A8EB774CECF-LeaderElection72] INFO  server.RaftServerConfigKeys (ConfUtils.java:logGet(43)) - raft.server.rpc.sleep.time = 25ms (default)
2019-10-11 01:18:24,589 [150fa93a-804a-42e0-8478-5795d5fc83a1@group-0A8EB774CECF-LeaderElection72] INFO  server.RaftServerConfigKeys (ConfUtils.java:logGet(43)) - raft.server.write.element-limit = 4096 (default)
2019-10-11 01:18:24,589 [150fa93a-804a-42e0-8478-5795d5fc83a1@group-0A8EB774CECF-LeaderElection72] INFO  server.RaftServerConfigKeys (ConfUtils.java:logGet(43)) - raft.server.watch.timeout = 10s (default)
2019-10-11 01:18:24,589 [150fa93a-804a-42e0-8478-5795d5fc83a1@group-0A8EB774CECF-LeaderElection72] INFO  server.RaftServerConfigKeys (ConfUtils.java:logGet(43)) - raft.server.watch.timeout.denomination = 1s (default)
2019-10-11 01:18:24,589 [150fa93a-804a-42e0-8478-5795d5fc83a1@group-0A8EB774CECF-LeaderElection72] INFO  server.RaftServerConfigKeys (ConfUtils.java:logGet(43)) - raft.server.watch.element-limit = 65536 (default)
2019-10-11 01:18:24,597 [150fa93a-804a-42e0-8478-5795d5fc83a1@group-0A8EB774CECF-LeaderElection72] INFO  impl.RoleInfo (RoleInfo.java:updateAndGet(143)) - 150fa93a-804a-42e0-8478-5795d5fc83a1: start LeaderState
2019-10-11 01:18:24,597 [150fa93a-804a-42e0-8478-5795d5fc83a1@group-0A8EB774CECF-LeaderElection72] INFO  segmented.SegmentedRaftLogWorker (SegmentedRaftLogWorker.java:startLogSegment(385)) - 150fa93a-804a-42e0-8478-5795d5fc83a1@group-0A8EB774CECF-SegmentedRaftLogWorker: Starting segment from index:0
2019-10-11 01:18:24,598 [150fa93a-804a-42e0-8478-5795d5fc83a1@group-0A8EB774CECF-LeaderElection72] INFO  impl.RaftServerImpl (ServerState.java:setRaftConf(356)) - 150fa93a-804a-42e0-8478-5795d5fc83a1@group-0A8EB774CECF: set configuration 0: [150fa93a-804a-42e0-8478-5795d5fc83a1:192.168.5.158:43579], old=null at 0
2019-10-11 01:18:24,639 [Thread-2387] INFO  impl.FollowerState (FollowerState.java:run(108)) - f082d1ec-c3e1-4cbc-841d-ae056025585b@group-8BEAA9CAC10D-FollowerState: change to CANDIDATE, lastRpcTime:5175ms, electionTimeout:5175ms
2019-10-11 01:18:24,640 [Thread-2387] INFO  impl.RoleInfo (RoleInfo.java:shutdownFollowerState(121)) - f082d1ec-c3e1-4cbc-841d-ae056025585b: shutdown FollowerState
2019-10-11 01:18:24,640 [Thread-2387] INFO  impl.RaftServerImpl (RaftServerImpl.java:setRole(170)) - f082d1ec-c3e1-4cbc-841d-ae056025585b@group-8BEAA9CAC10D: changes role from  FOLLOWER to CANDIDATE at term 0 for changeToCandidate
2019-10-11 01:18:24,640 [Thread-2387] INFO  impl.RoleInfo (RoleInfo.java:updateAndGet(143)) - f082d1ec-c3e1-4cbc-841d-ae056025585b: start LeaderElection
2019-10-11 01:18:24,645 [Thread-2393] INFO  impl.FollowerState (FollowerState.java:run(108)) - f082d1ec-c3e1-4cbc-841d-ae056025585b@group-FAC7D09FD0E3-FollowerState: change to CANDIDATE, lastRpcTime:5006ms, electionTimeout:5006ms
2019-10-11 01:18:24,647 [Thread-2393] INFO  impl.RoleInfo (RoleInfo.java:shutdownFollowerState(121)) - f082d1ec-c3e1-4cbc-841d-ae056025585b: shutdown FollowerState
2019-10-11 01:18:24,647 [Thread-2393] INFO  impl.RaftServerImpl (RaftServerImpl.java:setRole(170)) - f082d1ec-c3e1-4cbc-841d-ae056025585b@group-FAC7D09FD0E3: changes role from  FOLLOWER to CANDIDATE at term 0 for changeToCandidate
2019-10-11 01:18:24,647 [Thread-2393] INFO  impl.RoleInfo (RoleInfo.java:updateAndGet(143)) - f082d1ec-c3e1-4cbc-841d-ae056025585b: start LeaderElection
2019-10-11 01:18:24,660 [150fa93a-804a-42e0-8478-5795d5fc83a1@group-0A8EB774CECF-SegmentedRaftLogWorker] INFO  segmented.SegmentedRaftLogWorker (SegmentedRaftLogWorker.java:execute(574)) - 150fa93a-804a-42e0-8478-5795d5fc83a1@group-0A8EB774CECF-SegmentedRaftLogWorker: created new log segment /workdir/hadoop-ozone/integration-test/target/test-dir/MiniOzoneClusterImpl-668ac4db-f415-4d3e-ab95-6d503b2973c4/datanode-5/data/ratis/9236e7a5-7e56-498b-a74c-0a8eb774cecf/current/log_inprogress_0
2019-10-11 01:18:24,675 [f082d1ec-c3e1-4cbc-841d-ae056025585b@group-8BEAA9CAC10D-LeaderElection73] INFO  impl.LeaderElection (LeaderElection.java:askForVotes(178)) - f082d1ec-c3e1-4cbc-841d-ae056025585b@group-8BEAA9CAC10D-LeaderElection73: begin an election at term 1 for -1: [f082d1ec-c3e1-4cbc-841d-ae056025585b:192.168.5.158:37675], old=null
2019-10-11 01:18:24,675 [f082d1ec-c3e1-4cbc-841d-ae056025585b@group-FAC7D09FD0E3-LeaderElection74] INFO  impl.LeaderElection (LeaderElection.java:askForVotes(178)) - f082d1ec-c3e1-4cbc-841d-ae056025585b@group-FAC7D09FD0E3-LeaderElection74: begin an election at term 1 for -1: [f082d1ec-c3e1-4cbc-841d-ae056025585b:192.168.5.158:37675, 19415257-ced1-4e70-84f5-d86f0316deaa:192.168.5.158:45502, 1fffe24d-dabf-4e59-ba64-631d3758e1f4:192.168.5.158:39208], old=null
2019-10-11 01:18:24,675 [f082d1ec-c3e1-4cbc-841d-ae056025585b@group-8BEAA9CAC10D-LeaderElection73] INFO  impl.RoleInfo (RoleInfo.java:shutdownLeaderElection(134)) - f082d1ec-c3e1-4cbc-841d-ae056025585b: shutdown LeaderElection
2019-10-11 01:18:24,675 [f082d1ec-c3e1-4cbc-841d-ae056025585b@group-8BEAA9CAC10D-LeaderElection73] INFO  impl.RaftServerImpl (RaftServerImpl.java:setRole(170)) - f082d1ec-c3e1-4cbc-841d-ae056025585b@group-8BEAA9CAC10D: changes role from CANDIDATE to LEADER at term 1 for changeToLeader
2019-10-11 01:18:24,675 [f082d1ec-c3e1-4cbc-841d-ae056025585b@group-8BEAA9CAC10D-LeaderElection73] INFO  impl.RaftServerImpl (ServerState.java:setLeader(255)) - f082d1ec-c3e1-4cbc-841d-ae056025585b@group-8BEAA9CAC10D: change Leader from null to f082d1ec-c3e1-4cbc-841d-ae056025585b at term 1 for becomeLeader, leader elected after 5219ms
2019-10-11 01:18:24,675 [f082d1ec-c3e1-4cbc-841d-ae056025585b@group-8BEAA9CAC10D-LeaderElection73] INFO  server.RaftServerConfigKeys (ConfUtils.java:logGet(43)) - raft.server.staging.catchup.gap = 1000 (default)
2019-10-11 01:18:24,675 [f082d1ec-c3e1-4cbc-841d-ae056025585b@group-8BEAA9CAC10D-LeaderElection73] INFO  server.RaftServerConfigKeys (ConfUtils.java:logGet(43)) - raft.server.rpc.sleep.time = 25ms (default)
2019-10-11 01:18:24,675 [f082d1ec-c3e1-4cbc-841d-ae056025585b@group-8BEAA9CAC10D-LeaderElection73] INFO  server.RaftServerConfigKeys (ConfUtils.java:logGet(43)) - raft.server.write.element-limit = 4096 (default)
2019-10-11 01:18:24,676 [f082d1ec-c3e1-4cbc-841d-ae056025585b@group-8BEAA9CAC10D-LeaderElection73] INFO  server.RaftServerConfigKeys (ConfUtils.java:logGet(43)) - raft.server.watch.timeout = 10s (default)
2019-10-11 01:18:24,676 [f082d1ec-c3e1-4cbc-841d-ae056025585b@group-8BEAA9CAC10D-LeaderElection73] INFO  server.RaftServerConfigKeys (ConfUtils.java:logGet(43)) - raft.server.watch.timeout.denomination = 1s (default)
2019-10-11 01:18:24,676 [f082d1ec-c3e1-4cbc-841d-ae056025585b@group-8BEAA9CAC10D-LeaderElection73] INFO  server.RaftServerConfigKeys (ConfUtils.java:logGet(43)) - raft.server.watch.element-limit = 65536 (default)
2019-10-11 01:18:24,680 [f082d1ec-c3e1-4cbc-841d-ae056025585b@group-8BEAA9CAC10D-LeaderElection73] INFO  impl.RoleInfo (RoleInfo.java:updateAndGet(143)) - f082d1ec-c3e1-4cbc-841d-ae056025585b: start LeaderState
2019-10-11 01:18:24,680 [f082d1ec-c3e1-4cbc-841d-ae056025585b@group-8BEAA9CAC10D-LeaderElection73] INFO  segmented.SegmentedRaftLogWorker (SegmentedRaftLogWorker.java:startLogSegment(385)) - f082d1ec-c3e1-4cbc-841d-ae056025585b@group-8BEAA9CAC10D-SegmentedRaftLogWorker: Starting segment from index:0
2019-10-11 01:18:24,682 [grpc-default-executor-5] INFO  impl.RaftServerImpl (RaftServerImpl.java:setRole(170)) - 19415257-ced1-4e70-84f5-d86f0316deaa@group-FAC7D09FD0E3: changes role from  FOLLOWER to FOLLOWER at term 1 for recognizeCandidate:f082d1ec-c3e1-4cbc-841d-ae056025585b
2019-10-11 01:18:24,682 [grpc-default-executor-5] INFO  impl.RoleInfo (RoleInfo.java:shutdownFollowerState(121)) - 19415257-ced1-4e70-84f5-d86f0316deaa: shutdown FollowerState
2019-10-11 01:18:24,682 [f082d1ec-c3e1-4cbc-841d-ae056025585b@group-8BEAA9CAC10D-LeaderElection73] INFO  impl.RaftServerImpl (ServerState.java:setRaftConf(356)) - f082d1ec-c3e1-4cbc-841d-ae056025585b@group-8BEAA9CAC10D: set configuration 0: [f082d1ec-c3e1-4cbc-841d-ae056025585b:192.168.5.158:37675], old=null at 0
2019-10-11 01:18:24,683 [grpc-default-executor-5] INFO  impl.RoleInfo (RoleInfo.java:updateAndGet(143)) - 19415257-ced1-4e70-84f5-d86f0316deaa: start FollowerState
2019-10-11 01:18:24,717 [Thread-2398] INFO  impl.FollowerState (FollowerState.java:run(117)) - 19415257-ced1-4e70-84f5-d86f0316deaa@group-FAC7D09FD0E3-FollowerState was interrupted: java.lang.InterruptedException: sleep interrupted
2019-10-11 01:18:24,715 [grpc-default-executor-9] INFO  impl.RaftServerImpl (RaftServerImpl.java:setRole(170)) - 1fffe24d-dabf-4e59-ba64-631d3758e1f4@group-FAC7D09FD0E3: changes role from  FOLLOWER to FOLLOWER at term 1 for recognizeCandidate:f082d1ec-c3e1-4cbc-841d-ae056025585b
2019-10-11 01:18:24,720 [grpc-default-executor-9] INFO  impl.RoleInfo (RoleInfo.java:shutdownFollowerState(121)) - 1fffe24d-dabf-4e59-ba64-631d3758e1f4: shutdown FollowerState
2019-10-11 01:18:24,720 [grpc-default-executor-9] INFO  impl.RoleInfo (RoleInfo.java:updateAndGet(143)) - 1fffe24d-dabf-4e59-ba64-631d3758e1f4: start FollowerState
2019-10-11 01:18:24,729 [f082d1ec-c3e1-4cbc-841d-ae056025585b@group-8BEAA9CAC10D-SegmentedRaftLogWorker] INFO  segmented.SegmentedRaftLogWorker (SegmentedRaftLogWorker.java:execute(574)) - f082d1ec-c3e1-4cbc-841d-ae056025585b@group-8BEAA9CAC10D-SegmentedRaftLogWorker: created new log segment /workdir/hadoop-ozone/integration-test/target/test-dir/MiniOzoneClusterImpl-668ac4db-f415-4d3e-ab95-6d503b2973c4/datanode-3/data/ratis/dc497bb9-e21a-47c8-a823-8beaa9cac10d/current/log_inprogress_0
2019-10-11 01:18:24,732 [f082d1ec-c3e1-4cbc-841d-ae056025585b@group-FAC7D09FD0E3-LeaderElection74] INFO  impl.LeaderElection (LeaderElection.java:logAndReturn(56)) - f082d1ec-c3e1-4cbc-841d-ae056025585b@group-FAC7D09FD0E3-LeaderElection74: Election PASSED; received 1 response(s) [f082d1ec-c3e1-4cbc-841d-ae056025585b<-19415257-ced1-4e70-84f5-d86f0316deaa#0:OK-t1] and 0 exception(s); f082d1ec-c3e1-4cbc-841d-ae056025585b@group-FAC7D09FD0E3:t1, leader=null, voted=f082d1ec-c3e1-4cbc-841d-ae056025585b, raftlog=f082d1ec-c3e1-4cbc-841d-ae056025585b@group-FAC7D09FD0E3-SegmentedRaftLog:OPENED:c-1,f-1,i0, conf=-1: [f082d1ec-c3e1-4cbc-841d-ae056025585b:192.168.5.158:37675, 19415257-ced1-4e70-84f5-d86f0316deaa:192.168.5.158:45502, 1fffe24d-dabf-4e59-ba64-631d3758e1f4:192.168.5.158:39208], old=null
2019-10-11 01:18:24,732 [f082d1ec-c3e1-4cbc-841d-ae056025585b@group-FAC7D09FD0E3-LeaderElection74] INFO  impl.RoleInfo (RoleInfo.java:shutdownLeaderElection(134)) - f082d1ec-c3e1-4cbc-841d-ae056025585b: shutdown LeaderElection
2019-10-11 01:18:24,732 [f082d1ec-c3e1-4cbc-841d-ae056025585b@group-FAC7D09FD0E3-LeaderElection74] INFO  impl.RaftServerImpl (RaftServerImpl.java:setRole(170)) - f082d1ec-c3e1-4cbc-841d-ae056025585b@group-FAC7D09FD0E3: changes role from CANDIDATE to LEADER at term 1 for changeToLeader
2019-10-11 01:18:24,733 [f082d1ec-c3e1-4cbc-841d-ae056025585b@group-FAC7D09FD0E3-LeaderElection74] INFO  impl.RaftServerImpl (ServerState.java:setLeader(255)) - f082d1ec-c3e1-4cbc-841d-ae056025585b@group-FAC7D09FD0E3: change Leader from null to f082d1ec-c3e1-4cbc-841d-ae056025585b at term 1 for becomeLeader, leader elected after 5103ms
2019-10-11 01:18:24,733 [f082d1ec-c3e1-4cbc-841d-ae056025585b@group-FAC7D09FD0E3-LeaderElection74] INFO  server.RaftServerConfigKeys (ConfUtils.java:logGet(43)) - raft.server.staging.catchup.gap = 1000 (default)
2019-10-11 01:18:24,733 [f082d1ec-c3e1-4cbc-841d-ae056025585b@group-FAC7D09FD0E3-LeaderElection74] INFO  server.RaftServerConfigKeys (ConfUtils.java:logGet(43)) - raft.server.rpc.sleep.time = 25ms (default)
2019-10-11 01:18:24,733 [f082d1ec-c3e1-4cbc-841d-ae056025585b@group-FAC7D09FD0E3-LeaderElection74] INFO  server.RaftServerConfigKeys (ConfUtils.java:logGet(43)) - raft.server.write.element-limit = 4096 (default)
2019-10-11 01:18:24,733 [f082d1ec-c3e1-4cbc-841d-ae056025585b@group-FAC7D09FD0E3-LeaderElection74] INFO  server.RaftServerConfigKeys (ConfUtils.java:logGet(43)) - raft.server.watch.timeout = 10s (default)
2019-10-11 01:18:24,733 [f082d1ec-c3e1-4cbc-841d-ae056025585b@group-FAC7D09FD0E3-LeaderElection74] INFO  server.RaftServerConfigKeys (ConfUtils.java:logGet(43)) - raft.server.watch.timeout.denomination = 1s (default)
2019-10-11 01:18:24,733 [f082d1ec-c3e1-4cbc-841d-ae056025585b@group-FAC7D09FD0E3-LeaderElection74] INFO  server.RaftServerConfigKeys (ConfUtils.java:logGet(43)) - raft.server.watch.element-limit = 65536 (default)
2019-10-11 01:18:24,735 [f082d1ec-c3e1-4cbc-841d-ae056025585b@group-FAC7D09FD0E3-LeaderElection74] INFO  server.RaftServerConfigKeys (ConfUtils.java:logGet(43)) - raft.server.log.appender.snapshot.chunk.size.max = 16MB (=16777216) (default)
2019-10-11 01:18:24,735 [f082d1ec-c3e1-4cbc-841d-ae056025585b@group-FAC7D09FD0E3-LeaderElection74] INFO  server.RaftServerConfigKeys (ConfUtils.java:logGet(43)) - raft.server.log.appender.buffer.byte-limit = 33554432 (custom)
2019-10-11 01:18:24,736 [f082d1ec-c3e1-4cbc-841d-ae056025585b@group-FAC7D09FD0E3-LeaderElection74] INFO  server.RaftServerConfigKeys (ConfUtils.java:logGet(43)) - raft.server.log.appender.buffer.element-limit = 1 (custom)
2019-10-11 01:18:24,736 [f082d1ec-c3e1-4cbc-841d-ae056025585b@group-FAC7D09FD0E3-LeaderElection74] INFO  grpc.GrpcConfigKeys$Server (ConfUtils.java:logGet(43)) - raft.grpc.server.leader.outstanding.appends.max = 128 (default)
2019-10-11 01:18:24,736 [f082d1ec-c3e1-4cbc-841d-ae056025585b@group-FAC7D09FD0E3-LeaderElection74] INFO  server.RaftServerConfigKeys (ConfUtils.java:logGet(43)) - raft.server.rpc.request.timeout = 3000ms (default)
2019-10-11 01:18:24,736 [f082d1ec-c3e1-4cbc-841d-ae056025585b@group-FAC7D09FD0E3-LeaderElection74] INFO  server.RaftServerConfigKeys (ConfUtils.java:logGet(43)) - raft.server.log.appender.install.snapshot.enabled = false (custom)
2019-10-11 01:18:24,736 [f082d1ec-c3e1-4cbc-841d-ae056025585b@group-FAC7D09FD0E3-LeaderElection74] INFO  server.RaftServerConfigKeys (ConfUtils.java:logGet(43)) - raft.server.log.appender.snapshot.chunk.size.max = 16MB (=16777216) (default)
2019-10-11 01:18:24,736 [f082d1ec-c3e1-4cbc-841d-ae056025585b@group-FAC7D09FD0E3-LeaderElection74] INFO  server.RaftServerConfigKeys (ConfUtils.java:logGet(43)) - raft.server.log.appender.buffer.byte-limit = 33554432 (custom)
2019-10-11 01:18:24,737 [f082d1ec-c3e1-4cbc-841d-ae056025585b@group-FAC7D09FD0E3-LeaderElection74] INFO  server.RaftServerConfigKeys (ConfUtils.java:logGet(43)) - raft.server.log.appender.buffer.element-limit = 1 (custom)
2019-10-11 01:18:24,737 [f082d1ec-c3e1-4cbc-841d-ae056025585b@group-FAC7D09FD0E3-LeaderElection74] INFO  grpc.GrpcConfigKeys$Server (ConfUtils.java:logGet(43)) - raft.grpc.server.leader.outstanding.appends.max = 128 (default)
2019-10-11 01:18:24,737 [f082d1ec-c3e1-4cbc-841d-ae056025585b@group-FAC7D09FD0E3-LeaderElection74] INFO  server.RaftServerConfigKeys (ConfUtils.java:logGet(43)) - raft.server.rpc.request.timeout = 3000ms (default)
2019-10-11 01:18:24,737 [f082d1ec-c3e1-4cbc-841d-ae056025585b@group-FAC7D09FD0E3-LeaderElection74] INFO  server.RaftServerConfigKeys (ConfUtils.java:logGet(43)) - raft.server.log.appender.install.snapshot.enabled = false (custom)
2019-10-11 01:18:24,737 [f082d1ec-c3e1-4cbc-841d-ae056025585b@group-FAC7D09FD0E3-LeaderElection74] INFO  impl.RoleInfo (RoleInfo.java:updateAndGet(143)) - f082d1ec-c3e1-4cbc-841d-ae056025585b: start LeaderState
2019-10-11 01:18:24,738 [f082d1ec-c3e1-4cbc-841d-ae056025585b@group-FAC7D09FD0E3-LeaderElection74] INFO  segmented.SegmentedRaftLogWorker (SegmentedRaftLogWorker.java:startLogSegment(385)) - f082d1ec-c3e1-4cbc-841d-ae056025585b@group-FAC7D09FD0E3-SegmentedRaftLogWorker: Starting segment from index:0
2019-10-11 01:18:24,739 [f082d1ec-c3e1-4cbc-841d-ae056025585b@group-FAC7D09FD0E3-LeaderElection74] INFO  impl.RaftServerImpl (ServerState.java:setRaftConf(356)) - f082d1ec-c3e1-4cbc-841d-ae056025585b@group-FAC7D09FD0E3: set configuration 0: [f082d1ec-c3e1-4cbc-841d-ae056025585b:192.168.5.158:37675, 19415257-ced1-4e70-84f5-d86f0316deaa:192.168.5.158:45502, 1fffe24d-dabf-4e59-ba64-631d3758e1f4:192.168.5.158:39208], old=null at 0
2019-10-11 01:18:24,740 [grpc-default-executor-5] INFO  impl.RaftServerImpl (ServerState.java:setLeader(255)) - 19415257-ced1-4e70-84f5-d86f0316deaa@group-FAC7D09FD0E3: change Leader from null to f082d1ec-c3e1-4cbc-841d-ae056025585b at term 1 for appendEntries, leader elected after 5110ms
2019-10-11 01:18:24,778 [grpc-default-executor-9] INFO  impl.RaftServerImpl (ServerState.java:setLeader(255)) - 1fffe24d-dabf-4e59-ba64-631d3758e1f4@group-FAC7D09FD0E3: change Leader from null to f082d1ec-c3e1-4cbc-841d-ae056025585b at term 1 for appendEntries, leader elected after 5149ms
2019-10-11 01:18:24,779 [grpc-default-executor-9] INFO  impl.RaftServerImpl (ServerState.java:setRaftConf(356)) - 19415257-ced1-4e70-84f5-d86f0316deaa@group-FAC7D09FD0E3: set configuration 0: [f082d1ec-c3e1-4cbc-841d-ae056025585b:192.168.5.158:37675, 19415257-ced1-4e70-84f5-d86f0316deaa:192.168.5.158:45502, 1fffe24d-dabf-4e59-ba64-631d3758e1f4:192.168.5.158:39208], old=null at 0
2019-10-11 01:18:24,780 [grpc-default-executor-9] INFO  segmented.SegmentedRaftLogWorker (SegmentedRaftLogWorker.java:startLogSegment(385)) - 19415257-ced1-4e70-84f5-d86f0316deaa@group-FAC7D09FD0E3-SegmentedRaftLogWorker: Starting segment from index:0
2019-10-11 01:18:24,780 [grpc-default-executor-9] INFO  impl.RaftServerImpl (ServerState.java:setRaftConf(356)) - 1fffe24d-dabf-4e59-ba64-631d3758e1f4@group-FAC7D09FD0E3: set configuration 0: [f082d1ec-c3e1-4cbc-841d-ae056025585b:192.168.5.158:37675, 19415257-ced1-4e70-84f5-d86f0316deaa:192.168.5.158:45502, 1fffe24d-dabf-4e59-ba64-631d3758e1f4:192.168.5.158:39208], old=null at 0
2019-10-11 01:18:24,781 [grpc-default-executor-9] INFO  segmented.SegmentedRaftLogWorker (SegmentedRaftLogWorker.java:startLogSegment(385)) - 1fffe24d-dabf-4e59-ba64-631d3758e1f4@group-FAC7D09FD0E3-SegmentedRaftLogWorker: Starting segment from index:0
2019-10-11 01:18:24,819 [f082d1ec-c3e1-4cbc-841d-ae056025585b@group-FAC7D09FD0E3-SegmentedRaftLogWorker] INFO  segmented.SegmentedRaftLogWorker (SegmentedRaftLogWorker.java:execute(574)) - f082d1ec-c3e1-4cbc-841d-ae056025585b@group-FAC7D09FD0E3-SegmentedRaftLogWorker: created new log segment /workdir/hadoop-ozone/integration-test/target/test-dir/MiniOzoneClusterImpl-668ac4db-f415-4d3e-ab95-6d503b2973c4/datanode-3/data/ratis/8f1ac0fe-8e84-4479-820e-fac7d09fd0e3/current/log_inprogress_0
2019-10-11 01:18:24,856 [19415257-ced1-4e70-84f5-d86f0316deaa@group-FAC7D09FD0E3-SegmentedRaftLogWorker] INFO  segmented.SegmentedRaftLogWorker (SegmentedRaftLogWorker.java:execute(574)) - 19415257-ced1-4e70-84f5-d86f0316deaa@group-FAC7D09FD0E3-SegmentedRaftLogWorker: created new log segment /workdir/hadoop-ozone/integration-test/target/test-dir/MiniOzoneClusterImpl-668ac4db-f415-4d3e-ab95-6d503b2973c4/datanode-6/data/ratis/8f1ac0fe-8e84-4479-820e-fac7d09fd0e3/current/log_inprogress_0
2019-10-11 01:18:24,868 [1fffe24d-dabf-4e59-ba64-631d3758e1f4@group-FAC7D09FD0E3-SegmentedRaftLogWorker] INFO  segmented.SegmentedRaftLogWorker (SegmentedRaftLogWorker.java:execute(574)) - 1fffe24d-dabf-4e59-ba64-631d3758e1f4@group-FAC7D09FD0E3-SegmentedRaftLogWorker: created new log segment /workdir/hadoop-ozone/integration-test/target/test-dir/MiniOzoneClusterImpl-668ac4db-f415-4d3e-ab95-6d503b2973c4/datanode-4/data/ratis/8f1ac0fe-8e84-4479-820e-fac7d09fd0e3/current/log_inprogress_0
2019-10-11 01:18:26,011 [Datanode State Machine Thread - 0] INFO  statemachine.DatanodeStateMachine (DatanodeStateMachine.java:lambda$startDaemon$0(350)) - Ozone container server started.
2019-10-11 01:18:30,020 [main] INFO  ozoneimpl.OzoneContainer (OzoneContainer.java:stop(227)) - Attempting to stop container services.
2019-10-11 01:18:30,022 [main] INFO  impl.RaftServerProxy (RaftServerProxy.java:lambda$close$4(314)) - f7c0873a-f794-43cc-990b-555d216dee39: close
2019-10-11 01:18:30,023 [main] INFO  impl.RaftServerImpl (RaftServerImpl.java:lambda$shutdown$3(247)) - f7c0873a-f794-43cc-990b-555d216dee39@group-26DC052DCB67: shutdown
2019-10-11 01:18:30,023 [ForkJoinPool.commonPool-worker-1] INFO  impl.RaftServerImpl (RaftServerImpl.java:lambda$shutdown$3(247)) - f7c0873a-f794-43cc-990b-555d216dee39@group-E9E2A452C38E: shutdown
2019-10-11 01:18:30,023 [main] INFO  util.JmxRegister (JmxRegister.java:unregister(73)) - Successfully un-registered JMX Bean with object name Ratis:service=RaftServer,group=group-26DC052DCB67,id=f7c0873a-f794-43cc-990b-555d216dee39
2019-10-11 01:18:30,023 [ForkJoinPool.commonPool-worker-1] INFO  util.JmxRegister (JmxRegister.java:unregister(73)) - Successfully un-registered JMX Bean with object name Ratis:service=RaftServer,group=group-E9E2A452C38E,id=f7c0873a-f794-43cc-990b-555d216dee39
2019-10-11 01:18:30,024 [main] INFO  impl.RoleInfo (RoleInfo.java:shutdownLeaderState(104)) - f7c0873a-f794-43cc-990b-555d216dee39: shutdown LeaderState
2019-10-11 01:18:30,024 [ForkJoinPool.commonPool-worker-1] INFO  impl.RoleInfo (RoleInfo.java:shutdownLeaderState(104)) - f7c0873a-f794-43cc-990b-555d216dee39: shutdown LeaderState
2019-10-11 01:18:30,054 [org.apache.ratis.server.impl.LogAppender$AppenderDaemon$$Lambda$619/2128066609@2e9dbf3d] WARN  server.GrpcLogAppender (GrpcLogAppender.java:mayWait(143)) - f7c0873a-f794-43cc-990b-555d216dee39@group-26DC052DCB67->57a60f02-ceee-4137-91ce-8a8862269ae4-GrpcLogAppender: Wait interrupted by java.lang.InterruptedException
2019-10-11 01:18:30,054 [ForkJoinPool.commonPool-worker-1] INFO  impl.PendingRequests (PendingRequests.java:sendNotLeaderResponses(202)) - f7c0873a-f794-43cc-990b-555d216dee39@group-E9E2A452C38E-PendingRequests: sendNotLeaderResponses
2019-10-11 01:18:30,054 [main] INFO  impl.PendingRequests (PendingRequests.java:sendNotLeaderResponses(202)) - f7c0873a-f794-43cc-990b-555d216dee39@group-26DC052DCB67-PendingRequests: sendNotLeaderResponses
2019-10-11 01:18:30,054 [org.apache.ratis.server.impl.LogAppender$AppenderDaemon$$Lambda$619/2128066609@7d6d498] WARN  server.GrpcLogAppender (GrpcLogAppender.java:mayWait(143)) - f7c0873a-f794-43cc-990b-555d216dee39@group-26DC052DCB67->f88c062b-7f1e-425d-a2cf-315cf898dee5-GrpcLogAppender: Wait interrupted by java.lang.InterruptedException
2019-10-11 01:18:30,068 [main] INFO  impl.StateMachineUpdater (StateMachineUpdater.java:stopAndJoin(136)) - f7c0873a-f794-43cc-990b-555d216dee39@group-26DC052DCB67-StateMachineUpdater: set stopIndex = 2
2019-10-11 01:18:30,065 [ForkJoinPool.commonPool-worker-1] INFO  impl.StateMachineUpdater (StateMachineUpdater.java:stopAndJoin(136)) - f7c0873a-f794-43cc-990b-555d216dee39@group-E9E2A452C38E-StateMachineUpdater: set stopIndex = 0
2019-10-11 01:18:30,069 [f7c0873a-f794-43cc-990b-555d216dee39@group-26DC052DCB67-StateMachineUpdater] INFO  ratis.ContainerStateMachine (ContainerStateMachine.java:takeSnapshot(294)) - group-26DC052DCB67: Taking a snapshot at:(t:1, i:2) file /workdir/hadoop-ozone/integration-test/target/test-dir/MiniOzoneClusterImpl-668ac4db-f415-4d3e-ab95-6d503b2973c4/datanode-0/data/ratis/fcd1cd6a-658b-476a-bbae-26dc052dcb67/sm/snapshot.1_2
2019-10-11 01:18:30,069 [grpc-default-executor-9] INFO  server.GrpcServerProtocolService (GrpcServerProtocolService.java:onCompleted(113)) - f88c062b-7f1e-425d-a2cf-315cf898dee5: Completed APPEND_ENTRIES, lastRequest: f7c0873a-f794-43cc-990b-555d216dee39->f88c062b-7f1e-425d-a2cf-315cf898dee5#5-t1, previous=(t:1, i:2), leaderCommit=2, initializing? false, entries: <empty>
2019-10-11 01:18:30,069 [grpc-default-executor-5] INFO  server.GrpcServerProtocolService (GrpcServerProtocolService.java:onCompleted(113)) - 57a60f02-ceee-4137-91ce-8a8862269ae4: Completed APPEND_ENTRIES, lastRequest: f7c0873a-f794-43cc-990b-555d216dee39->57a60f02-ceee-4137-91ce-8a8862269ae4#5-t1, previous=(t:1, i:2), leaderCommit=2, initializing? false, entries: <empty>
2019-10-11 01:18:30,070 [ForkJoinPool.commonPool-worker-1] INFO  impl.RaftServerImpl (ServerState.java:close(387)) - f7c0873a-f794-43cc-990b-555d216dee39@group-E9E2A452C38E: closes. applyIndex: 0
2019-10-11 01:18:30,070 [grpc-default-executor-5] INFO  server.GrpcLogAppender (GrpcLogAppender.java:onCompleted(293)) - f7c0873a-f794-43cc-990b-555d216dee39@group-26DC052DCB67->57a60f02-ceee-4137-91ce-8a8862269ae4-AppendLogResponseHandler: follower responses appendEntries COMPLETED
2019-10-11 01:18:30,070 [grpc-default-executor-9] INFO  server.GrpcLogAppender (GrpcLogAppender.java:onCompleted(293)) - f7c0873a-f794-43cc-990b-555d216dee39@group-26DC052DCB67->f88c062b-7f1e-425d-a2cf-315cf898dee5-AppendLogResponseHandler: follower responses appendEntries COMPLETED
2019-10-11 01:18:30,070 [f7c0873a-f794-43cc-990b-555d216dee39@group-E9E2A452C38E-SegmentedRaftLogWorker] INFO  segmented.SegmentedRaftLogWorker (SegmentedRaftLogWorker.java:run(316)) - f7c0873a-f794-43cc-990b-555d216dee39@group-E9E2A452C38E-SegmentedRaftLogWorker was interrupted, exiting. There are 0 tasks remaining in the queue.
2019-10-11 01:18:30,074 [ForkJoinPool.commonPool-worker-1] INFO  segmented.SegmentedRaftLogWorker (SegmentedRaftLogWorker.java:close(224)) - f7c0873a-f794-43cc-990b-555d216dee39@group-E9E2A452C38E-SegmentedRaftLogWorker close()
2019-10-11 01:18:30,081 [grpc-default-executor-5] INFO  impl.FollowerInfo (FollowerInfo.java:lambda$new$0(51)) - f7c0873a-f794-43cc-990b-555d216dee39@group-26DC052DCB67->57a60f02-ceee-4137-91ce-8a8862269ae4: nextIndex: updateUnconditionally 3 -> 2
2019-10-11 01:18:30,081 [grpc-default-executor-9] INFO  impl.FollowerInfo (FollowerInfo.java:lambda$new$0(51)) - f7c0873a-f794-43cc-990b-555d216dee39@group-26DC052DCB67->f88c062b-7f1e-425d-a2cf-315cf898dee5: nextIndex: updateUnconditionally 3 -> 2
2019-10-11 01:18:30,094 [f7c0873a-f794-43cc-990b-555d216dee39@group-26DC052DCB67-StateMachineUpdater] INFO  ratis.ContainerStateMachine (ContainerStateMachine.java:takeSnapshot(305)) - group-26DC052DCB67: Finished taking a snapshot at:(t:1, i:2) file:/workdir/hadoop-ozone/integration-test/target/test-dir/MiniOzoneClusterImpl-668ac4db-f415-4d3e-ab95-6d503b2973c4/datanode-0/data/ratis/fcd1cd6a-658b-476a-bbae-26dc052dcb67/sm/snapshot.1_2 time:26
2019-10-11 01:18:30,095 [f7c0873a-f794-43cc-990b-555d216dee39@group-26DC052DCB67-StateMachineUpdater] INFO  impl.StateMachineUpdater (StateMachineUpdater.java:takeSnapshot(269)) - f7c0873a-f794-43cc-990b-555d216dee39@group-26DC052DCB67-StateMachineUpdater: Took a snapshot at index 2
2019-10-11 01:18:30,095 [f7c0873a-f794-43cc-990b-555d216dee39@group-26DC052DCB67-StateMachineUpdater] INFO  impl.StateMachineUpdater (StateMachineUpdater.java:lambda$new$0(84)) - f7c0873a-f794-43cc-990b-555d216dee39@group-26DC052DCB67-StateMachineUpdater: snapshotIndex: updateIncreasingly -1 -> 2
2019-10-11 01:18:30,095 [main] INFO  impl.RaftServerImpl (ServerState.java:close(387)) - f7c0873a-f794-43cc-990b-555d216dee39@group-26DC052DCB67: closes. applyIndex: 2
2019-10-11 01:18:30,096 [f7c0873a-f794-43cc-990b-555d216dee39@group-26DC052DCB67-SegmentedRaftLogWorker] INFO  segmented.SegmentedRaftLogWorker (SegmentedRaftLogWorker.java:run(316)) - f7c0873a-f794-43cc-990b-555d216dee39@group-26DC052DCB67-SegmentedRaftLogWorker was interrupted, exiting. There are 0 tasks remaining in the queue.
2019-10-11 01:18:30,098 [main] INFO  segmented.SegmentedRaftLogWorker (SegmentedRaftLogWorker.java:close(224)) - f7c0873a-f794-43cc-990b-555d216dee39@group-26DC052DCB67-SegmentedRaftLogWorker close()
2019-10-11 01:18:30,104 [main] INFO  server.GrpcService (GrpcService.java:closeImpl(164)) - f7c0873a-f794-43cc-990b-555d216dee39: shutdown server with port 40587 now
2019-10-11 01:18:30,105 [main] INFO  server.GrpcService (GrpcService.java:closeImpl(172)) - f7c0873a-f794-43cc-990b-555d216dee39: shutdown server with port 40587 successfully
2019-10-11 01:18:30,108 [refreshUsed-/workdir/hadoop-ozone/integration-test/target/test-dir/MiniOzoneClusterImpl-668ac4db-f415-4d3e-ab95-6d503b2973c4/datanode-0/data/containers] WARN  fs.CachingGetSpaceUsed (CachingGetSpaceUsed.java:run(183)) - Thread Interrupted waiting to refresh disk information: sleep interrupted
2019-10-11 01:18:30,127 [main] INFO  utils.BackgroundService (BackgroundService.java:shutdown(151)) - Shutting down service BlockDeletingService
2019-10-11 01:18:30,135 [main] INFO  statemachine.DatanodeStateMachine (DatanodeStateMachine.java:stopDaemon(395)) - Ozone container server stopped.
2019-10-11 01:18:30,136 [main] INFO  handler.ContextHandler (ContextHandler.java:doStop(910)) - Stopped o.e.j.w.WebAppContext@65da01f4{/,null,UNAVAILABLE}{/hddsDatanode}
2019-10-11 01:18:30,137 [main] INFO  server.AbstractConnector (AbstractConnector.java:doStop(318)) - Stopped ServerConnector@22f02996{HTTP/1.1,[http/1.1]}{0.0.0.0:0}
2019-10-11 01:18:30,138 [main] INFO  handler.ContextHandler (ContextHandler.java:doStop(910)) - Stopped o.e.j.s.ServletContextHandler@2322e56f{/static,jar:file:/home/user/.m2/repository/org/apache/hadoop/hadoop-hdds-container-service/0.5.0-SNAPSHOT/hadoop-hdds-container-service-0.5.0-SNAPSHOT.jar!/webapps/static,UNAVAILABLE}
2019-10-11 01:18:30,138 [main] INFO  handler.ContextHandler (ContextHandler.java:doStop(910)) - Stopped o.e.j.s.ServletContextHandler@1e226bcd{/logs,file:///workdir/hadoop-ozone/integration-test/target/log,UNAVAILABLE}
2019-10-11 01:18:39,398 [Thread-2420] INFO  impl.FollowerState (FollowerState.java:run(108)) - f88c062b-7f1e-425d-a2cf-315cf898dee5@group-26DC052DCB67-FollowerState: change to CANDIDATE, lastRpcTime:9511ms, electionTimeout:5023ms
2019-10-11 01:18:39,398 [Thread-2420] INFO  impl.RoleInfo (RoleInfo.java:shutdownFollowerState(121)) - f88c062b-7f1e-425d-a2cf-315cf898dee5: shutdown FollowerState
2019-10-11 01:18:39,398 [Thread-2420] INFO  impl.RaftServerImpl (RaftServerImpl.java:setRole(170)) - f88c062b-7f1e-425d-a2cf-315cf898dee5@group-26DC052DCB67: changes role from  FOLLOWER to CANDIDATE at term 1 for changeToCandidate
2019-10-11 01:18:39,399 [Thread-2420] INFO  impl.RoleInfo (RoleInfo.java:updateAndGet(143)) - f88c062b-7f1e-425d-a2cf-315cf898dee5: start LeaderElection
2019-10-11 01:18:39,402 [f88c062b-7f1e-425d-a2cf-315cf898dee5@group-26DC052DCB67-LeaderElection75] INFO  impl.RaftServerImpl (ServerState.java:setLeader(255)) - f88c062b-7f1e-425d-a2cf-315cf898dee5@group-26DC052DCB67: change Leader from f7c0873a-f794-43cc-990b-555d216dee39 to null at term 1 for initElection
2019-10-11 01:18:39,417 [f88c062b-7f1e-425d-a2cf-315cf898dee5@group-26DC052DCB67-LeaderElection75] INFO  impl.LeaderElection (LeaderElection.java:askForVotes(178)) - f88c062b-7f1e-425d-a2cf-315cf898dee5@group-26DC052DCB67-LeaderElection75: begin an election at term 2 for 0: [f88c062b-7f1e-425d-a2cf-315cf898dee5:192.168.5.158:45117, 57a60f02-ceee-4137-91ce-8a8862269ae4:192.168.5.158:42885, f7c0873a-f794-43cc-990b-555d216dee39:192.168.5.158:40587], old=null
2019-10-11 01:18:39,420 [f88c062b-7f1e-425d-a2cf-315cf898dee5@group-26DC052DCB67-LeaderElection75] INFO  impl.LeaderElection (LogUtils.java:infoOrTrace(149)) - f88c062b-7f1e-425d-a2cf-315cf898dee5@group-26DC052DCB67-LeaderElection75 got exception when requesting votes: {}
java.util.concurrent.ExecutionException: org.apache.ratis.thirdparty.io.grpc.StatusRuntimeException: UNAVAILABLE: io exception
	at java.util.concurrent.FutureTask.report(FutureTask.java:122)
	at java.util.concurrent.FutureTask.get(FutureTask.java:192)
	at org.apache.ratis.server.impl.LeaderElection.waitForResults(LeaderElection.java:259)
	at org.apache.ratis.server.impl.LeaderElection.askForVotes(LeaderElection.java:197)
	at org.apache.ratis.server.impl.LeaderElection.run(LeaderElection.java:133)
	at java.lang.Thread.run(Thread.java:748)
Caused by: org.apache.ratis.thirdparty.io.grpc.StatusRuntimeException: UNAVAILABLE: io exception
	at org.apache.ratis.thirdparty.io.grpc.stub.ClientCalls.toStatusRuntimeException(ClientCalls.java:233)
	at org.apache.ratis.thirdparty.io.grpc.stub.ClientCalls.getUnchecked(ClientCalls.java:214)
	at org.apache.ratis.thirdparty.io.grpc.stub.ClientCalls.blockingUnaryCall(ClientCalls.java:139)
	at org.apache.ratis.proto.grpc.RaftServerProtocolServiceGrpc$RaftServerProtocolServiceBlockingStub.requestVote(RaftServerProtocolServiceGrpc.java:265)
	at org.apache.ratis.grpc.server.GrpcServerProtocolClient.requestVote(GrpcServerProtocolClient.java:99)
	at org.apache.ratis.grpc.server.GrpcService.requestVote(GrpcService.java:204)
	at org.apache.ratis.server.impl.LeaderElection.lambda$submitRequests$1(LeaderElection.java:234)
	at java.util.concurrent.FutureTask.run(FutureTask.java:266)
	at java.util.concurrent.Executors$RunnableAdapter.call(Executors.java:511)
	at java.util.concurrent.FutureTask.run(FutureTask.java:266)
	at java.util.concurrent.ThreadPoolExecutor.runWorker(ThreadPoolExecutor.java:1149)
	at java.util.concurrent.ThreadPoolExecutor$Worker.run(ThreadPoolExecutor.java:624)
	... 1 more
Caused by: org.apache.ratis.thirdparty.io.netty.channel.AbstractChannel$AnnotatedConnectException: Connection refused: /192.168.5.158:40587
	at sun.nio.ch.SocketChannelImpl.checkConnect(Native Method)
	at sun.nio.ch.SocketChannelImpl.finishConnect(SocketChannelImpl.java:717)
	at org.apache.ratis.thirdparty.io.netty.channel.socket.nio.NioSocketChannel.doFinishConnect(NioSocketChannel.java:327)
	at org.apache.ratis.thirdparty.io.netty.channel.nio.AbstractNioChannel$AbstractNioUnsafe.finishConnect(AbstractNioChannel.java:340)
	at org.apache.ratis.thirdparty.io.netty.channel.nio.NioEventLoop.processSelectedKey(NioEventLoop.java:632)
	at org.apache.ratis.thirdparty.io.netty.channel.nio.NioEventLoop.processSelectedKeysOptimized(NioEventLoop.java:579)
	at org.apache.ratis.thirdparty.io.netty.channel.nio.NioEventLoop.processSelectedKeys(NioEventLoop.java:496)
	at org.apache.ratis.thirdparty.io.netty.channel.nio.NioEventLoop.run(NioEventLoop.java:458)
	at org.apache.ratis.thirdparty.io.netty.util.concurrent.SingleThreadEventExecutor$5.run(SingleThreadEventExecutor.java:897)
	at org.apache.ratis.thirdparty.io.netty.util.concurrent.FastThreadLocalRunnable.run(FastThreadLocalRunnable.java:30)
	... 1 more
Caused by: java.net.ConnectException: Connection refused
	... 11 more
2019-10-11 01:18:39,426 [grpc-default-executor-5] INFO  impl.RaftServerImpl (ServerState.java:setLeader(255)) - 57a60f02-ceee-4137-91ce-8a8862269ae4@group-26DC052DCB67: change Leader from f7c0873a-f794-43cc-990b-555d216dee39 to null at term 2 for updateCurrentTerm
2019-10-11 01:18:39,426 [grpc-default-executor-5] INFO  impl.RaftServerImpl (RaftServerImpl.java:setRole(170)) - 57a60f02-ceee-4137-91ce-8a8862269ae4@group-26DC052DCB67: changes role from  FOLLOWER to FOLLOWER at term 2 for recognizeCandidate:f88c062b-7f1e-425d-a2cf-315cf898dee5
2019-10-11 01:18:39,426 [grpc-default-executor-5] INFO  impl.RoleInfo (RoleInfo.java:shutdownFollowerState(121)) - 57a60f02-ceee-4137-91ce-8a8862269ae4: shutdown FollowerState
2019-10-11 01:18:39,427 [grpc-default-executor-5] INFO  impl.RoleInfo (RoleInfo.java:updateAndGet(143)) - 57a60f02-ceee-4137-91ce-8a8862269ae4: start FollowerState
2019-10-11 01:18:39,427 [Thread-2421] INFO  impl.FollowerState (FollowerState.java:run(117)) - 57a60f02-ceee-4137-91ce-8a8862269ae4@group-26DC052DCB67-FollowerState was interrupted: java.lang.InterruptedException: sleep interrupted
2019-10-11 01:18:39,444 [f88c062b-7f1e-425d-a2cf-315cf898dee5@group-26DC052DCB67-LeaderElection75] INFO  impl.LeaderElection (LeaderElection.java:logAndReturn(56)) - f88c062b-7f1e-425d-a2cf-315cf898dee5@group-26DC052DCB67-LeaderElection75: Election PASSED; received 1 response(s) [f88c062b-7f1e-425d-a2cf-315cf898dee5<-57a60f02-ceee-4137-91ce-8a8862269ae4#0:OK-t2] and 1 exception(s); f88c062b-7f1e-425d-a2cf-315cf898dee5@group-26DC052DCB67:t2, leader=null, voted=f88c062b-7f1e-425d-a2cf-315cf898dee5, raftlog=f88c062b-7f1e-425d-a2cf-315cf898dee5@group-26DC052DCB67-SegmentedRaftLog:OPENED:c2,f2,i2, conf=0: [f88c062b-7f1e-425d-a2cf-315cf898dee5:192.168.5.158:45117, 57a60f02-ceee-4137-91ce-8a8862269ae4:192.168.5.158:42885, f7c0873a-f794-43cc-990b-555d216dee39:192.168.5.158:40587], old=null
2019-10-11 01:18:39,444 [f88c062b-7f1e-425d-a2cf-315cf898dee5@group-26DC052DCB67-LeaderElection75] INFO  impl.LeaderElection (LogUtils.java:infoOrTrace(149)) -   Exception 0: {}
java.util.concurrent.ExecutionException: org.apache.ratis.thirdparty.io.grpc.StatusRuntimeException: UNAVAILABLE: io exception
	at java.util.concurrent.FutureTask.report(FutureTask.java:122)
	at java.util.concurrent.FutureTask.get(FutureTask.java:192)
	at org.apache.ratis.server.impl.LeaderElection.waitForResults(LeaderElection.java:259)
	at org.apache.ratis.server.impl.LeaderElection.askForVotes(LeaderElection.java:197)
	at org.apache.ratis.server.impl.LeaderElection.run(LeaderElection.java:133)
	at java.lang.Thread.run(Thread.java:748)
Caused by: org.apache.ratis.thirdparty.io.grpc.StatusRuntimeException: UNAVAILABLE: io exception
	at org.apache.ratis.thirdparty.io.grpc.stub.ClientCalls.toStatusRuntimeException(ClientCalls.java:233)
	at org.apache.ratis.thirdparty.io.grpc.stub.ClientCalls.getUnchecked(ClientCalls.java:214)
	at org.apache.ratis.thirdparty.io.grpc.stub.ClientCalls.blockingUnaryCall(ClientCalls.java:139)
	at org.apache.ratis.proto.grpc.RaftServerProtocolServiceGrpc$RaftServerProtocolServiceBlockingStub.requestVote(RaftServerProtocolServiceGrpc.java:265)
	at org.apache.ratis.grpc.server.GrpcServerProtocolClient.requestVote(GrpcServerProtocolClient.java:99)
	at org.apache.ratis.grpc.server.GrpcService.requestVote(GrpcService.java:204)
	at org.apache.ratis.server.impl.LeaderElection.lambda$submitRequests$1(LeaderElection.java:234)
	at java.util.concurrent.FutureTask.run(FutureTask.java:266)
	at java.util.concurrent.Executors$RunnableAdapter.call(Executors.java:511)
	at java.util.concurrent.FutureTask.run(FutureTask.java:266)
	at java.util.concurrent.ThreadPoolExecutor.runWorker(ThreadPoolExecutor.java:1149)
	at java.util.concurrent.ThreadPoolExecutor$Worker.run(ThreadPoolExecutor.java:624)
	... 1 more
Caused by: org.apache.ratis.thirdparty.io.netty.channel.AbstractChannel$AnnotatedConnectException: Connection refused: /192.168.5.158:40587
	at sun.nio.ch.SocketChannelImpl.checkConnect(Native Method)
	at sun.nio.ch.SocketChannelImpl.finishConnect(SocketChannelImpl.java:717)
	at org.apache.ratis.thirdparty.io.netty.channel.socket.nio.NioSocketChannel.doFinishConnect(NioSocketChannel.java:327)
	at org.apache.ratis.thirdparty.io.netty.channel.nio.AbstractNioChannel$AbstractNioUnsafe.finishConnect(AbstractNioChannel.java:340)
	at org.apache.ratis.thirdparty.io.netty.channel.nio.NioEventLoop.processSelectedKey(NioEventLoop.java:632)
	at org.apache.ratis.thirdparty.io.netty.channel.nio.NioEventLoop.processSelectedKeysOptimized(NioEventLoop.java:579)
	at org.apache.ratis.thirdparty.io.netty.channel.nio.NioEventLoop.processSelectedKeys(NioEventLoop.java:496)
	at org.apache.ratis.thirdparty.io.netty.channel.nio.NioEventLoop.run(NioEventLoop.java:458)
	at org.apache.ratis.thirdparty.io.netty.util.concurrent.SingleThreadEventExecutor$5.run(SingleThreadEventExecutor.java:897)
	at org.apache.ratis.thirdparty.io.netty.util.concurrent.FastThreadLocalRunnable.run(FastThreadLocalRunnable.java:30)
	... 1 more
Caused by: java.net.ConnectException: Connection refused
	... 11 more
2019-10-11 01:18:39,445 [f88c062b-7f1e-425d-a2cf-315cf898dee5@group-26DC052DCB67-LeaderElection75] INFO  impl.RoleInfo (RoleInfo.java:shutdownLeaderElection(134)) - f88c062b-7f1e-425d-a2cf-315cf898dee5: shutdown LeaderElection
2019-10-11 01:18:39,445 [f88c062b-7f1e-425d-a2cf-315cf898dee5@group-26DC052DCB67-LeaderElection75] INFO  impl.RaftServerImpl (RaftServerImpl.java:setRole(170)) - f88c062b-7f1e-425d-a2cf-315cf898dee5@group-26DC052DCB67: changes role from CANDIDATE to LEADER at term 2 for changeToLeader
2019-10-11 01:18:39,445 [f88c062b-7f1e-425d-a2cf-315cf898dee5@group-26DC052DCB67-LeaderElection75] INFO  impl.RaftServerImpl (ServerState.java:setLeader(255)) - f88c062b-7f1e-425d-a2cf-315cf898dee5@group-26DC052DCB67: change Leader from null to f88c062b-7f1e-425d-a2cf-315cf898dee5 at term 2 for becomeLeader, leader elected after 43ms
2019-10-11 01:18:39,446 [f88c062b-7f1e-425d-a2cf-315cf898dee5@group-26DC052DCB67-LeaderElection75] INFO  server.RaftServerConfigKeys (ConfUtils.java:logGet(43)) - raft.server.staging.catchup.gap = 1000 (default)
2019-10-11 01:18:39,446 [f88c062b-7f1e-425d-a2cf-315cf898dee5@group-26DC052DCB67-LeaderElection75] INFO  server.RaftServerConfigKeys (ConfUtils.java:logGet(43)) - raft.server.rpc.sleep.time = 25ms (default)
2019-10-11 01:18:39,447 [f88c062b-7f1e-425d-a2cf-315cf898dee5@group-26DC052DCB67-LeaderElection75] INFO  server.RaftServerConfigKeys (ConfUtils.java:logGet(43)) - raft.server.write.element-limit = 4096 (default)
2019-10-11 01:18:39,447 [f88c062b-7f1e-425d-a2cf-315cf898dee5@group-26DC052DCB67-LeaderElection75] INFO  server.RaftServerConfigKeys (ConfUtils.java:logGet(43)) - raft.server.watch.timeout = 10s (default)
2019-10-11 01:18:39,447 [f88c062b-7f1e-425d-a2cf-315cf898dee5@group-26DC052DCB67-LeaderElection75] INFO  server.RaftServerConfigKeys (ConfUtils.java:logGet(43)) - raft.server.watch.timeout.denomination = 1s (default)
2019-10-11 01:18:39,447 [f88c062b-7f1e-425d-a2cf-315cf898dee5@group-26DC052DCB67-LeaderElection75] INFO  server.RaftServerConfigKeys (ConfUtils.java:logGet(43)) - raft.server.watch.element-limit = 65536 (default)
2019-10-11 01:18:39,452 [f88c062b-7f1e-425d-a2cf-315cf898dee5@group-26DC052DCB67-LeaderElection75] INFO  server.RaftServerConfigKeys (ConfUtils.java:logGet(43)) - raft.server.log.appender.snapshot.chunk.size.max = 16MB (=16777216) (default)
2019-10-11 01:18:39,453 [f88c062b-7f1e-425d-a2cf-315cf898dee5@group-26DC052DCB67-LeaderElection75] INFO  server.RaftServerConfigKeys (ConfUtils.java:logGet(43)) - raft.server.log.appender.buffer.byte-limit = 33554432 (custom)
2019-10-11 01:18:39,453 [f88c062b-7f1e-425d-a2cf-315cf898dee5@group-26DC052DCB67-LeaderElection75] INFO  server.RaftServerConfigKeys (ConfUtils.java:logGet(43)) - raft.server.log.appender.buffer.element-limit = 1 (custom)
2019-10-11 01:18:39,453 [f88c062b-7f1e-425d-a2cf-315cf898dee5@group-26DC052DCB67-LeaderElection75] INFO  grpc.GrpcConfigKeys$Server (ConfUtils.java:logGet(43)) - raft.grpc.server.leader.outstanding.appends.max = 128 (default)
2019-10-11 01:18:39,453 [f88c062b-7f1e-425d-a2cf-315cf898dee5@group-26DC052DCB67-LeaderElection75] INFO  server.RaftServerConfigKeys (ConfUtils.java:logGet(43)) - raft.server.rpc.request.timeout = 3000ms (default)
2019-10-11 01:18:39,454 [f88c062b-7f1e-425d-a2cf-315cf898dee5@group-26DC052DCB67-LeaderElection75] INFO  server.RaftServerConfigKeys (ConfUtils.java:logGet(43)) - raft.server.log.appender.install.snapshot.enabled = false (custom)
2019-10-11 01:18:39,454 [f88c062b-7f1e-425d-a2cf-315cf898dee5@group-26DC052DCB67-LeaderElection75] INFO  server.RaftServerConfigKeys (ConfUtils.java:logGet(43)) - raft.server.log.appender.snapshot.chunk.size.max = 16MB (=16777216) (default)
2019-10-11 01:18:39,454 [f88c062b-7f1e-425d-a2cf-315cf898dee5@group-26DC052DCB67-LeaderElection75] INFO  server.RaftServerConfigKeys (ConfUtils.java:logGet(43)) - raft.server.log.appender.buffer.byte-limit = 33554432 (custom)
2019-10-11 01:18:39,454 [f88c062b-7f1e-425d-a2cf-315cf898dee5@group-26DC052DCB67-LeaderElection75] INFO  server.RaftServerConfigKeys (ConfUtils.java:logGet(43)) - raft.server.log.appender.buffer.element-limit = 1 (custom)
2019-10-11 01:18:39,454 [f88c062b-7f1e-425d-a2cf-315cf898dee5@group-26DC052DCB67-LeaderElection75] INFO  grpc.GrpcConfigKeys$Server (ConfUtils.java:logGet(43)) - raft.grpc.server.leader.outstanding.appends.max = 128 (default)
2019-10-11 01:18:39,454 [f88c062b-7f1e-425d-a2cf-315cf898dee5@group-26DC052DCB67-LeaderElection75] INFO  server.RaftServerConfigKeys (ConfUtils.java:logGet(43)) - raft.server.rpc.request.timeout = 3000ms (default)
2019-10-11 01:18:39,455 [f88c062b-7f1e-425d-a2cf-315cf898dee5@group-26DC052DCB67-LeaderElection75] INFO  server.RaftServerConfigKeys (ConfUtils.java:logGet(43)) - raft.server.log.appender.install.snapshot.enabled = false (custom)
2019-10-11 01:18:39,455 [f88c062b-7f1e-425d-a2cf-315cf898dee5@group-26DC052DCB67-LeaderElection75] INFO  impl.RoleInfo (RoleInfo.java:updateAndGet(143)) - f88c062b-7f1e-425d-a2cf-315cf898dee5: start LeaderState
2019-10-11 01:18:39,456 [f88c062b-7f1e-425d-a2cf-315cf898dee5@group-26DC052DCB67-LeaderElection75] INFO  segmented.SegmentedRaftLogWorker (SegmentedRaftLogWorker.java:rollLogSegment(390)) - f88c062b-7f1e-425d-a2cf-315cf898dee5@group-26DC052DCB67-SegmentedRaftLogWorker: Rolling segment log-0_2 to index:2
2019-10-11 01:18:39,460 [f88c062b-7f1e-425d-a2cf-315cf898dee5@group-26DC052DCB67-LeaderElection75] INFO  impl.RaftServerImpl (ServerState.java:setRaftConf(356)) - f88c062b-7f1e-425d-a2cf-315cf898dee5@group-26DC052DCB67: set configuration 3: [f88c062b-7f1e-425d-a2cf-315cf898dee5:192.168.5.158:45117, 57a60f02-ceee-4137-91ce-8a8862269ae4:192.168.5.158:42885, f7c0873a-f794-43cc-990b-555d216dee39:192.168.5.158:40587], old=null at 3
2019-10-11 01:18:39,460 [grpc-default-executor-5] WARN  server.GrpcLogAppender (LogUtils.java:warn(134)) - f88c062b-7f1e-425d-a2cf-315cf898dee5@group-26DC052DCB67->f7c0873a-f794-43cc-990b-555d216dee39-AppendLogResponseHandler: Failed appendEntries: org.apache.ratis.thirdparty.io.grpc.StatusRuntimeException: UNAVAILABLE: io exception
2019-10-11 01:18:39,464 [f88c062b-7f1e-425d-a2cf-315cf898dee5@group-26DC052DCB67-SegmentedRaftLogWorker] INFO  segmented.SegmentedRaftLogWorker (SegmentedRaftLogWorker.java:execute(531)) - f88c062b-7f1e-425d-a2cf-315cf898dee5@group-26DC052DCB67-SegmentedRaftLogWorker: Rolled log segment from /workdir/hadoop-ozone/integration-test/target/test-dir/MiniOzoneClusterImpl-668ac4db-f415-4d3e-ab95-6d503b2973c4/datanode-1/data/ratis/fcd1cd6a-658b-476a-bbae-26dc052dcb67/current/log_inprogress_0 to /workdir/hadoop-ozone/integration-test/target/test-dir/MiniOzoneClusterImpl-668ac4db-f415-4d3e-ab95-6d503b2973c4/datanode-1/data/ratis/fcd1cd6a-658b-476a-bbae-26dc052dcb67/current/log_0-2
2019-10-11 01:18:39,464 [grpc-default-executor-5] INFO  impl.FollowerInfo (FollowerInfo.java:lambda$new$0(51)) - f88c062b-7f1e-425d-a2cf-315cf898dee5@group-26DC052DCB67->f7c0873a-f794-43cc-990b-555d216dee39: nextIndex: updateUnconditionally 3 -> 1
2019-10-11 01:18:39,465 [grpc-default-executor-6] INFO  impl.RaftServerImpl (ServerState.java:setLeader(255)) - 57a60f02-ceee-4137-91ce-8a8862269ae4@group-26DC052DCB67: change Leader from null to f88c062b-7f1e-425d-a2cf-315cf898dee5 at term 2 for appendEntries, leader elected after 38ms
2019-10-11 01:18:39,471 [grpc-default-executor-6] INFO  impl.RaftServerImpl (ServerState.java:setRaftConf(356)) - 57a60f02-ceee-4137-91ce-8a8862269ae4@group-26DC052DCB67: set configuration 3: [f88c062b-7f1e-425d-a2cf-315cf898dee5:192.168.5.158:45117, 57a60f02-ceee-4137-91ce-8a8862269ae4:192.168.5.158:42885, f7c0873a-f794-43cc-990b-555d216dee39:192.168.5.158:40587], old=null at 3
2019-10-11 01:18:39,471 [grpc-default-executor-6] INFO  segmented.SegmentedRaftLogWorker (SegmentedRaftLogWorker.java:rollLogSegment(390)) - 57a60f02-ceee-4137-91ce-8a8862269ae4@group-26DC052DCB67-SegmentedRaftLogWorker: Rolling segment log-0_2 to index:2
2019-10-11 01:18:39,472 [57a60f02-ceee-4137-91ce-8a8862269ae4@group-26DC052DCB67-SegmentedRaftLogWorker] INFO  segmented.SegmentedRaftLogWorker (SegmentedRaftLogWorker.java:execute(531)) - 57a60f02-ceee-4137-91ce-8a8862269ae4@group-26DC052DCB67-SegmentedRaftLogWorker: Rolled log segment from /workdir/hadoop-ozone/integration-test/target/test-dir/MiniOzoneClusterImpl-668ac4db-f415-4d3e-ab95-6d503b2973c4/datanode-2/data/ratis/fcd1cd6a-658b-476a-bbae-26dc052dcb67/current/log_inprogress_0 to /workdir/hadoop-ozone/integration-test/target/test-dir/MiniOzoneClusterImpl-668ac4db-f415-4d3e-ab95-6d503b2973c4/datanode-2/data/ratis/fcd1cd6a-658b-476a-bbae-26dc052dcb67/current/log_0-2
2019-10-11 01:18:39,514 [f88c062b-7f1e-425d-a2cf-315cf898dee5@group-26DC052DCB67-SegmentedRaftLogWorker] INFO  segmented.SegmentedRaftLogWorker (SegmentedRaftLogWorker.java:execute(574)) - f88c062b-7f1e-425d-a2cf-315cf898dee5@group-26DC052DCB67-SegmentedRaftLogWorker: created new log segment /workdir/hadoop-ozone/integration-test/target/test-dir/MiniOzoneClusterImpl-668ac4db-f415-4d3e-ab95-6d503b2973c4/datanode-1/data/ratis/fcd1cd6a-658b-476a-bbae-26dc052dcb67/current/log_inprogress_3
2019-10-11 01:18:39,514 [57a60f02-ceee-4137-91ce-8a8862269ae4@group-26DC052DCB67-SegmentedRaftLogWorker] INFO  segmented.SegmentedRaftLogWorker (SegmentedRaftLogWorker.java:execute(574)) - 57a60f02-ceee-4137-91ce-8a8862269ae4@group-26DC052DCB67-SegmentedRaftLogWorker: created new log segment /workdir/hadoop-ozone/integration-test/target/test-dir/MiniOzoneClusterImpl-668ac4db-f415-4d3e-ab95-6d503b2973c4/datanode-2/data/ratis/fcd1cd6a-658b-476a-bbae-26dc052dcb67/current/log_inprogress_3
2019-10-11 01:18:39,535 [grpc-default-executor-9] WARN  server.GrpcLogAppender (LogUtils.java:warn(134)) - f88c062b-7f1e-425d-a2cf-315cf898dee5@group-26DC052DCB67->f7c0873a-f794-43cc-990b-555d216dee39-AppendLogResponseHandler: Failed appendEntries: org.apache.ratis.thirdparty.io.grpc.StatusRuntimeException: UNAVAILABLE: io exception
2019-10-11 01:18:39,536 [grpc-default-executor-9] INFO  impl.FollowerInfo (FollowerInfo.java:lambda$new$0(51)) - f88c062b-7f1e-425d-a2cf-315cf898dee5@group-26DC052DCB67->f7c0873a-f794-43cc-990b-555d216dee39: nextIndex: updateUnconditionally 2 -> 1
2019-10-11 01:18:39,551 [grpc-default-executor-5] WARN  server.GrpcLogAppender (LogUtils.java:warn(134)) - f88c062b-7f1e-425d-a2cf-315cf898dee5@group-26DC052DCB67->f7c0873a-f794-43cc-990b-555d216dee39-AppendLogResponseHandler: Failed appendEntries: org.apache.ratis.thirdparty.io.grpc.StatusRuntimeException: UNAVAILABLE: io exception
2019-10-11 01:18:39,552 [grpc-default-executor-5] INFO  impl.FollowerInfo (FollowerInfo.java:lambda$new$0(51)) - f88c062b-7f1e-425d-a2cf-315cf898dee5@group-26DC052DCB67->f7c0873a-f794-43cc-990b-555d216dee39: nextIndex: updateUnconditionally 2 -> 1
]]></system-out>
  </testcase>
</testsuite>