<?xml version="1.0" encoding="UTF-8"?>
<testsuite xmlns:xsi="http://www.w3.org/2001/XMLSchema-instance" xsi:noNamespaceSchemaLocation="https://maven.apache.org/surefire/maven-surefire-plugin/xsd/surefire-test-report.xsd" name="org.apache.hadoop.ozone.client.rpc.TestOzoneClientRetriesOnException" time="162.639" tests="2" errors="1" skipped="0" failures="0">
  <properties>
    <property name="awt.toolkit" value="sun.awt.X11.XToolkit"/>
    <property name="file.encoding.pkg" value="sun.io"/>
    <property name="java.specification.version" value="1.8"/>
    <property name="sun.cpu.isalist" value=""/>
    <property name="sun.jnu.encoding" value="UTF-8"/>
    <property name="java.class.path" value="/workdir/hadoop-ozone/integration-test/target/test-classes:/workdir/hadoop-ozone/integration-test/target/classes:/home/user/.m2/repository/org/apache/hadoop/hadoop-ozone-common/0.5.0-SNAPSHOT/hadoop-ozone-common-0.5.0-SNAPSHOT.jar:/home/user/.m2/repository/org/apache/commons/commons-compress/1.4.1/commons-compress-1.4.1.jar:/home/user/.m2/repository/org/tukaani/xz/1.0/xz-1.0.jar:/home/user/.m2/repository/org/apache/hadoop/hadoop-common/3.2.0/hadoop-common-3.2.0.jar:/home/user/.m2/repository/org/apache/hadoop/hadoop-hdfs/3.2.0/hadoop-hdfs-3.2.0.jar:/home/user/.m2/repository/org/apache/hadoop/hadoop-hdfs-client/3.2.0/hadoop-hdfs-client-3.2.0.jar:/home/user/.m2/repository/com/fasterxml/jackson/core/jackson-annotations/2.9.9/jackson-annotations-2.9.9.jar:/home/user/.m2/repository/org/apache/hadoop/hadoop-hdds-common/0.5.0-SNAPSHOT/hadoop-hdds-common-0.5.0-SNAPSHOT.jar:/home/user/.m2/repository/javax/annotation/javax.annotation-api/1.2/javax.annotation-api-1.2.jar:/home/user/.m2/repository/org/apache/ratis/ratis-server/0.5.0-201fc85-SNAPSHOT/ratis-server-0.5.0-201fc85-SNAPSHOT.jar:/home/user/.m2/repository/org/apache/ratis/ratis-thirdparty-misc/0.2.0/ratis-thirdparty-misc-0.2.0.jar:/home/user/.m2/repository/org/apache/ratis/ratis-proto/0.5.0-201fc85-SNAPSHOT/ratis-proto-0.5.0-201fc85-SNAPSHOT.jar:/home/user/.m2/repository/org/apache/ratis/ratis-common/0.5.0-201fc85-SNAPSHOT/ratis-common-0.5.0-201fc85-SNAPSHOT.jar:/home/user/.m2/repository/org/apache/ratis/ratis-client/0.5.0-201fc85-SNAPSHOT/ratis-client-0.5.0-201fc85-SNAPSHOT.jar:/home/user/.m2/repository/org/apache/ratis/ratis-metrics/0.5.0-201fc85-SNAPSHOT/ratis-metrics-0.5.0-201fc85-SNAPSHOT.jar:/home/user/.m2/repository/com/github/joshelser/dropwizard-metrics-hadoop-metrics2-reporter/0.1.2/dropwizard-metrics-hadoop-metrics2-reporter-0.1.2.jar:/home/user/.m2/repository/io/dropwizard/metrics/metrics-jvm/3.2.5/metrics-jvm-3.2.5.jar:/home/user/.m2/repository/io/dropwizard/metrics/metrics-ganglia/3.2.5/metrics-ganglia-3.2.5.jar:/home/user/.m2/repository/info/ganglia/gmetric4j/gmetric4j/1.0.7/gmetric4j-1.0.7.jar:/home/user/.m2/repository/org/apache/ratis/ratis-netty/0.5.0-201fc85-SNAPSHOT/ratis-netty-0.5.0-201fc85-SNAPSHOT.jar:/home/user/.m2/repository/org/apache/ratis/ratis-grpc/0.5.0-201fc85-SNAPSHOT/ratis-grpc-0.5.0-201fc85-SNAPSHOT.jar:/home/user/.m2/repository/org/rocksdb/rocksdbjni/6.0.1/rocksdbjni-6.0.1.jar:/home/user/.m2/repository/org/apache/logging/log4j/log4j-api/2.11.0/log4j-api-2.11.0.jar:/home/user/.m2/repository/org/apache/logging/log4j/log4j-core/2.11.0/log4j-core-2.11.0.jar:/home/user/.m2/repository/com/lmax/disruptor/3.4.2/disruptor-3.4.2.jar:/home/user/.m2/repository/org/apache/commons/commons-pool2/2.6.0/commons-pool2-2.6.0.jar:/home/user/.m2/repository/org/bouncycastle/bcpkix-jdk15on/1.60/bcpkix-jdk15on-1.60.jar:/home/user/.m2/repository/commons-validator/commons-validator/1.6/commons-validator-1.6.jar:/home/user/.m2/repository/commons-digester/commons-digester/1.8.1/commons-digester-1.8.1.jar:/home/user/.m2/repository/io/jaegertracing/jaeger-client/0.34.0/jaeger-client-0.34.0.jar:/home/user/.m2/repository/io/jaegertracing/jaeger-thrift/0.34.0/jaeger-thrift-0.34.0.jar:/home/user/.m2/repository/org/apache/thrift/libthrift/0.12.0/libthrift-0.12.0.jar:/home/user/.m2/repository/com/squareup/okhttp3/okhttp/3.9.0/okhttp-3.9.0.jar:/home/user/.m2/repository/com/squareup/okio/okio/1.13.0/okio-1.13.0.jar:/home/user/.m2/repository/io/jaegertracing/jaeger-core/0.34.0/jaeger-core-0.34.0.jar:/home/user/.m2/repository/io/jaegertracing/jaeger-tracerresolver/0.34.0/jaeger-tracerresolver-0.34.0.jar:/home/user/.m2/repository/io/opentracing/contrib/opentracing-tracerresolver/0.1.5/opentracing-tracerresolver-0.1.5.jar:/home/user/.m2/repository/io/opentracing/opentracing-util/0.31.0/opentracing-util-0.31.0.jar:/home/user/.m2/repository/io/opentracing/opentracing-api/0.31.0/opentracing-api-0.31.0.jar:/home/user/.m2/repository/io/opentracing/opentracing-noop/0.31.0/opentracing-noop-0.31.0.jar:/home/user/.m2/repository/org/apache/hadoop/hadoop-hdds-server-framework/0.5.0-SNAPSHOT/hadoop-hdds-server-framework-0.5.0-SNAPSHOT.jar:/home/user/.m2/repository/org/apache/hadoop/hadoop-hdds-container-service/0.5.0-SNAPSHOT/hadoop-hdds-container-service-0.5.0-SNAPSHOT.jar:/home/user/.m2/repository/org/apache/hadoop/hadoop-hdds-client/0.5.0-SNAPSHOT/hadoop-hdds-client-0.5.0-SNAPSHOT.jar:/home/user/.m2/repository/org/apache/hadoop/hadoop-hdds-tools/0.5.0-SNAPSHOT/hadoop-hdds-tools-0.5.0-SNAPSHOT.jar:/home/user/.m2/repository/org/apache/hadoop/hadoop-hdds-server-scm/0.5.0-SNAPSHOT/hadoop-hdds-server-scm-0.5.0-SNAPSHOT.jar:/home/user/.m2/repository/org/apache/hadoop/hadoop-hdds-docs/0.5.0-SNAPSHOT/hadoop-hdds-docs-0.5.0-SNAPSHOT.jar:/home/user/.m2/repository/io/dropwizard/metrics/metrics-core/3.2.4/metrics-core-3.2.4.jar:/home/user/.m2/repository/org/hamcrest/hamcrest-all/1.3/hamcrest-all-1.3.jar:/home/user/.m2/repository/org/bouncycastle/bcprov-jdk15on/1.60/bcprov-jdk15on-1.60.jar:/home/user/.m2/repository/info/picocli/picocli/3.9.6/picocli-3.9.6.jar:/home/user/.m2/repository/com/google/protobuf/protobuf-java/2.5.0/protobuf-java-2.5.0.jar:/home/user/.m2/repository/com/google/guava/guava/11.0.2/guava-11.0.2.jar:/home/user/.m2/repository/org/apache/hadoop/hadoop-ozone-ozone-manager/0.5.0-SNAPSHOT/hadoop-ozone-ozone-manager-0.5.0-SNAPSHOT.jar:/home/user/.m2/repository/org/apache/hadoop/hadoop-minikdc/3.2.0/hadoop-minikdc-3.2.0.jar:/home/user/.m2/repository/commons-io/commons-io/2.5/commons-io-2.5.jar:/home/user/.m2/repository/org/apache/kerby/kerb-simplekdc/1.0.1/kerb-simplekdc-1.0.1.jar:/home/user/.m2/repository/org/apache/kerby/kerb-client/1.0.1/kerb-client-1.0.1.jar:/home/user/.m2/repository/org/apache/kerby/kerby-config/1.0.1/kerby-config-1.0.1.jar:/home/user/.m2/repository/org/apache/kerby/kerb-core/1.0.1/kerb-core-1.0.1.jar:/home/user/.m2/repository/org/apache/kerby/kerby-pkix/1.0.1/kerby-pkix-1.0.1.jar:/home/user/.m2/repository/org/apache/kerby/kerby-asn1/1.0.1/kerby-asn1-1.0.1.jar:/home/user/.m2/repository/org/apache/kerby/kerby-util/1.0.1/kerby-util-1.0.1.jar:/home/user/.m2/repository/org/apache/kerby/kerb-common/1.0.1/kerb-common-1.0.1.jar:/home/user/.m2/repository/org/apache/kerby/kerb-crypto/1.0.1/kerb-crypto-1.0.1.jar:/home/user/.m2/repository/org/apache/kerby/kerb-util/1.0.1/kerb-util-1.0.1.jar:/home/user/.m2/repository/org/apache/kerby/token-provider/1.0.1/token-provider-1.0.1.jar:/home/user/.m2/repository/org/apache/kerby/kerb-admin/1.0.1/kerb-admin-1.0.1.jar:/home/user/.m2/repository/org/apache/kerby/kerb-server/1.0.1/kerb-server-1.0.1.jar:/home/user/.m2/repository/org/apache/kerby/kerb-identity/1.0.1/kerb-identity-1.0.1.jar:/home/user/.m2/repository/org/apache/kerby/kerby-xdr/1.0.1/kerby-xdr-1.0.1.jar:/home/user/.m2/repository/org/slf4j/slf4j-log4j12/1.7.25/slf4j-log4j12-1.7.25.jar:/home/user/.m2/repository/org/apache/hadoop/hadoop-ozone-s3gateway/0.5.0-SNAPSHOT/hadoop-ozone-s3gateway-0.5.0-SNAPSHOT.jar:/home/user/.m2/repository/org/jboss/weld/servlet/weld-servlet/2.4.7.Final/weld-servlet-2.4.7.Final.jar:/home/user/.m2/repository/org/glassfish/jersey/containers/jersey-container-servlet-core/2.27/jersey-container-servlet-core-2.27.jar:/home/user/.m2/repository/org/glassfish/hk2/external/javax.inject/2.5.0-b42/javax.inject-2.5.0-b42.jar:/home/user/.m2/repository/org/glassfish/jersey/core/jersey-common/2.27/jersey-common-2.27.jar:/home/user/.m2/repository/org/glassfish/hk2/osgi-resource-locator/1.0.1/osgi-resource-locator-1.0.1.jar:/home/user/.m2/repository/javax/ws/rs/javax.ws.rs-api/2.1/javax.ws.rs-api-2.1.jar:/home/user/.m2/repository/org/glassfish/jersey/ext/cdi/jersey-cdi1x/2.27/jersey-cdi1x-2.27.jar:/home/user/.m2/repository/org/glassfish/jersey/inject/jersey-hk2/2.27/jersey-hk2-2.27.jar:/home/user/.m2/repository/org/glassfish/hk2/hk2-locator/2.5.0-b42/hk2-locator-2.5.0-b42.jar:/home/user/.m2/repository/org/javassist/javassist/3.22.0-CR2/javassist-3.22.0-CR2.jar:/home/user/.m2/repository/org/glassfish/hk2/hk2-api/2.5.0/hk2-api-2.5.0.jar:/home/user/.m2/repository/org/glassfish/hk2/external/jakarta.inject/2.5.0/jakarta.inject-2.5.0.jar:/home/user/.m2/repository/org/glassfish/hk2/hk2-utils/2.5.0/hk2-utils-2.5.0.jar:/home/user/.m2/repository/jakarta/annotation/jakarta.annotation-api/1.3.4/jakarta.annotation-api-1.3.4.jar:/home/user/.m2/repository/org/glassfish/hk2/external/aopalliance-repackaged/2.5.0/aopalliance-repackaged-2.5.0.jar:/home/user/.m2/repository/com/fasterxml/jackson/dataformat/jackson-dataformat-xml/2.9.0/jackson-dataformat-xml-2.9.0.jar:/home/user/.m2/repository/com/fasterxml/jackson/core/jackson-core/2.9.9/jackson-core-2.9.9.jar:/home/user/.m2/repository/com/fasterxml/jackson/module/jackson-module-jaxb-annotations/2.9.9/jackson-module-jaxb-annotations-2.9.9.jar:/home/user/.m2/repository/javax/enterprise/cdi-api/1.2/cdi-api-1.2.jar:/home/user/.m2/repository/javax/el/javax.el-api/3.0.0/javax.el-api-3.0.0.jar:/home/user/.m2/repository/javax/interceptor/javax.interceptor-api/1.2/javax.interceptor-api-1.2.jar:/home/user/.m2/repository/javax/inject/javax.inject/1/javax.inject-1.jar:/home/user/.m2/repository/com/sun/xml/bind/jaxb-impl/2.3.0.1/jaxb-impl-2.3.0.1.jar:/home/user/.m2/repository/com/sun/xml/bind/jaxb-core/2.3.0.1/jaxb-core-2.3.0.1.jar:/home/user/.m2/repository/javax/xml/bind/jaxb-api/2.3.0/jaxb-api-2.3.0.jar:/home/user/.m2/repository/javax/activation/activation/1.1.1/activation-1.1.1.jar:/home/user/.m2/repository/org/apache/hadoop/hadoop-ozone-csi/0.5.0-SNAPSHOT/hadoop-ozone-csi-0.5.0-SNAPSHOT.jar:/home/user/.m2/repository/com/google/protobuf/protobuf-java-util/3.5.1/protobuf-java-util-3.5.1.jar:/home/user/.m2/repository/org/apache/hadoop/hadoop-hdds-config/0.5.0-SNAPSHOT/hadoop-hdds-config-0.5.0-SNAPSHOT.jar:/home/user/.m2/repository/io/grpc/grpc-netty/1.17.1/grpc-netty-1.17.1.jar:/home/user/.m2/repository/io/grpc/grpc-core/1.17.1/grpc-core-1.17.1.jar:/home/user/.m2/repository/io/grpc/grpc-context/1.17.1/grpc-context-1.17.1.jar:/home/user/.m2/repository/com/google/errorprone/error_prone_annotations/2.2.0/error_prone_annotations-2.2.0.jar:/home/user/.m2/repository/org/codehaus/mojo/animal-sniffer-annotations/1.17/animal-sniffer-annotations-1.17.jar:/home/user/.m2/repository/io/opencensus/opencensus-api/0.17.0/opencensus-api-0.17.0.jar:/home/user/.m2/repository/io/opencensus/opencensus-contrib-grpc-metrics/0.17.0/opencensus-contrib-grpc-metrics-0.17.0.jar:/home/user/.m2/repository/io/netty/netty-codec-http2/4.1.30.Final/netty-codec-http2-4.1.30.Final.jar:/home/user/.m2/repository/io/netty/netty-codec-http/4.1.30.Final/netty-codec-http-4.1.30.Final.jar:/home/user/.m2/repository/io/netty/netty-codec/4.1.30.Final/netty-codec-4.1.30.Final.jar:/home/user/.m2/repository/io/netty/netty-handler/4.1.30.Final/netty-handler-4.1.30.Final.jar:/home/user/.m2/repository/io/netty/netty-handler-proxy/4.1.30.Final/netty-handler-proxy-4.1.30.Final.jar:/home/user/.m2/repository/io/netty/netty-codec-socks/4.1.30.Final/netty-codec-socks-4.1.30.Final.jar:/home/user/.m2/repository/io/netty/netty-transport-native-epoll/4.1.30.Final/netty-transport-native-epoll-4.1.30.Final.jar:/home/user/.m2/repository/io/netty/netty-common/4.1.30.Final/netty-common-4.1.30.Final.jar:/home/user/.m2/repository/io/netty/netty-buffer/4.1.30.Final/netty-buffer-4.1.30.Final.jar:/home/user/.m2/repository/io/netty/netty-transport/4.1.30.Final/netty-transport-4.1.30.Final.jar:/home/user/.m2/repository/io/netty/netty-resolver/4.1.30.Final/netty-resolver-4.1.30.Final.jar:/home/user/.m2/repository/io/netty/netty-transport-native-unix-common/4.1.30.Final/netty-transport-native-unix-common-4.1.30.Final.jar:/home/user/.m2/repository/io/grpc/grpc-protobuf/1.17.1/grpc-protobuf-1.17.1.jar:/home/user/.m2/repository/com/google/api/grpc/proto-google-common-protos/1.0.0/proto-google-common-protos-1.0.0.jar:/home/user/.m2/repository/io/grpc/grpc-protobuf-lite/1.17.1/grpc-protobuf-lite-1.17.1.jar:/home/user/.m2/repository/io/grpc/grpc-stub/1.17.1/grpc-stub-1.17.1.jar:/home/user/.m2/repository/org/apache/hadoop/hadoop-ozone-recon/0.5.0-SNAPSHOT/hadoop-ozone-recon-0.5.0-SNAPSHOT.jar:/home/user/.m2/repository/org/apache/hadoop/hadoop-ozone-reconcodegen/0.5.0-SNAPSHOT/hadoop-ozone-reconcodegen-0.5.0-SNAPSHOT.jar:/home/user/.m2/repository/com/google/inject/extensions/guice-multibindings/4.0/guice-multibindings-4.0.jar:/home/user/.m2/repository/com/google/inject/guice/4.0/guice-4.0.jar:/home/user/.m2/repository/aopalliance/aopalliance/1.0/aopalliance-1.0.jar:/home/user/.m2/repository/com/google/inject/extensions/guice-servlet/4.0/guice-servlet-4.0.jar:/home/user/.m2/repository/org/glassfish/jersey/containers/jersey-container-servlet/2.27/jersey-container-servlet-2.27.jar:/home/user/.m2/repository/org/glassfish/hk2/guice-bridge/2.5.0/guice-bridge-2.5.0.jar:/home/user/.m2/repository/org/glassfish/jersey/core/jersey-server/2.27/jersey-server-2.27.jar:/home/user/.m2/repository/org/glassfish/jersey/core/jersey-client/2.27/jersey-client-2.27.jar:/home/user/.m2/repository/org/glassfish/jersey/media/jersey-media-jaxb/2.27/jersey-media-jaxb-2.27.jar:/home/user/.m2/repository/javax/validation/validation-api/1.1.0.Final/validation-api-1.1.0.Final.jar:/home/user/.m2/repository/org/glassfish/jersey/media/jersey-media-json-jackson/2.27/jersey-media-json-jackson-2.27.jar:/home/user/.m2/repository/org/glassfish/jersey/ext/jersey-entity-filtering/2.27/jersey-entity-filtering-2.27.jar:/home/user/.m2/repository/com/google/inject/extensions/guice-assistedinject/4.0/guice-assistedinject-4.0.jar:/home/user/.m2/repository/org/jooq/jooq/3.11.10/jooq-3.11.10.jar:/home/user/.m2/repository/org/jooq/jooq-meta/3.11.10/jooq-meta-3.11.10.jar:/home/user/.m2/repository/org/jooq/jooq-codegen/3.11.10/jooq-codegen-3.11.10.jar:/home/user/.m2/repository/com/jolbox/bonecp/0.8.0.RELEASE/bonecp-0.8.0.RELEASE.jar:/home/user/.m2/repository/org/xerial/sqlite-jdbc/3.25.2/sqlite-jdbc-3.25.2.jar:/home/user/.m2/repository/org/springframework/spring-jdbc/5.1.3.RELEASE/spring-jdbc-5.1.3.RELEASE.jar:/home/user/.m2/repository/org/springframework/spring-beans/5.1.3.RELEASE/spring-beans-5.1.3.RELEASE.jar:/home/user/.m2/repository/org/springframework/spring-core/5.1.3.RELEASE/spring-core-5.1.3.RELEASE.jar:/home/user/.m2/repository/org/springframework/spring-jcl/5.1.3.RELEASE/spring-jcl-5.1.3.RELEASE.jar:/home/user/.m2/repository/org/springframework/spring-tx/5.1.3.RELEASE/spring-tx-5.1.3.RELEASE.jar:/home/user/.m2/repository/org/apache/hadoop/hadoop-ozone-client/0.5.0-SNAPSHOT/hadoop-ozone-client-0.5.0-SNAPSHOT.jar:/home/user/.m2/repository/commons-lang/commons-lang/2.6/commons-lang-2.6.jar:/home/user/.m2/repository/org/apache/hadoop/hadoop-ozone-ozone-manager/0.5.0-SNAPSHOT/hadoop-ozone-ozone-manager-0.5.0-SNAPSHOT-tests.jar:/home/user/.m2/repository/junit/junit/4.11/junit-4.11.jar:/home/user/.m2/repository/org/hamcrest/hamcrest-core/1.3/hamcrest-core-1.3.jar:/home/user/.m2/repository/org/openjdk/jmh/jmh-core/1.19/jmh-core-1.19.jar:/home/user/.m2/repository/net/sf/jopt-simple/jopt-simple/4.6/jopt-simple-4.6.jar:/home/user/.m2/repository/org/apache/commons/commons-math3/3.1.1/commons-math3-3.1.1.jar:/home/user/.m2/repository/org/openjdk/jmh/jmh-generator-annprocess/1.19/jmh-generator-annprocess-1.19.jar:/home/user/.m2/repository/org/mockito/mockito-all/1.8.5/mockito-all-1.8.5.jar:/home/user/.m2/repository/org/apache/hadoop/hadoop-kms/3.2.0/hadoop-kms-3.2.0.jar:/home/user/.m2/repository/org/apache/hadoop/hadoop-auth/3.2.0/hadoop-auth-3.2.0.jar:/home/user/.m2/repository/com/nimbusds/nimbus-jose-jwt/4.41.1/nimbus-jose-jwt-4.41.1.jar:/home/user/.m2/repository/com/github/stephenc/jcip/jcip-annotations/1.0-1/jcip-annotations-1.0-1.jar:/home/user/.m2/repository/net/minidev/json-smart/2.3/json-smart-2.3.jar:/home/user/.m2/repository/net/minidev/accessors-smart/1.2/accessors-smart-1.2.jar:/home/user/.m2/repository/org/ow2/asm/asm/5.0.4/asm-5.0.4.jar:/home/user/.m2/repository/org/apache/curator/curator-framework/2.12.0/curator-framework-2.12.0.jar:/home/user/.m2/repository/com/sun/jersey/jersey-core/1.19/jersey-core-1.19.jar:/home/user/.m2/repository/javax/ws/rs/jsr311-api/1.1.1/jsr311-api-1.1.1.jar:/home/user/.m2/repository/com/sun/jersey/jersey-server/1.19/jersey-server-1.19.jar:/home/user/.m2/repository/javax/servlet/javax.servlet-api/3.1.0/javax.servlet-api-3.1.0.jar:/home/user/.m2/repository/org/eclipse/jetty/jetty-server/9.3.25.v20180904/jetty-server-9.3.25.v20180904.jar:/home/user/.m2/repository/org/eclipse/jetty/jetty-http/9.3.25.v20180904/jetty-http-9.3.25.v20180904.jar:/home/user/.m2/repository/org/eclipse/jetty/jetty-io/9.3.25.v20180904/jetty-io-9.3.25.v20180904.jar:/home/user/.m2/repository/org/eclipse/jetty/jetty-webapp/9.3.25.v20180904/jetty-webapp-9.3.25.v20180904.jar:/home/user/.m2/repository/org/eclipse/jetty/jetty-xml/9.3.25.v20180904/jetty-xml-9.3.25.v20180904.jar:/home/user/.m2/repository/log4j/log4j/1.2.17/log4j-1.2.17.jar:/home/user/.m2/repository/org/slf4j/slf4j-api/1.7.25/slf4j-api-1.7.25.jar:/home/user/.m2/repository/org/slf4j/jul-to-slf4j/1.7.25/jul-to-slf4j-1.7.25.jar:/home/user/.m2/repository/org/eclipse/jetty/jetty-util/9.3.25.v20180904/jetty-util-9.3.25.v20180904.jar:/home/user/.m2/repository/com/fasterxml/jackson/core/jackson-databind/2.9.9/jackson-databind-2.9.9.jar:/home/user/.m2/repository/org/apache/hadoop/hadoop-kms/3.2.0/hadoop-kms-3.2.0-tests.jar:/home/user/.m2/repository/org/apache/hadoop/hadoop-hdds-server-scm/0.5.0-SNAPSHOT/hadoop-hdds-server-scm-0.5.0-SNAPSHOT-tests.jar:/home/user/.m2/repository/org/apache/hadoop/hadoop-hdds-container-service/0.5.0-SNAPSHOT/hadoop-hdds-container-service-0.5.0-SNAPSHOT-tests.jar:/home/user/.m2/repository/org/yaml/snakeyaml/1.16/snakeyaml-1.16.jar:/home/user/.m2/repository/org/apache/hadoop/hadoop-common/3.2.0/hadoop-common-3.2.0-tests.jar:/home/user/.m2/repository/org/apache/hadoop/hadoop-annotations/3.2.0/hadoop-annotations-3.2.0.jar:/usr/lib/jvm/java-1.8-openjdk/jre/../lib/tools.jar:/home/user/.m2/repository/commons-cli/commons-cli/1.2/commons-cli-1.2.jar:/home/user/.m2/repository/org/apache/httpcomponents/httpclient/4.5.2/httpclient-4.5.2.jar:/home/user/.m2/repository/org/apache/httpcomponents/httpcore/4.4.4/httpcore-4.4.4.jar:/home/user/.m2/repository/commons-codec/commons-codec/1.11/commons-codec-1.11.jar:/home/user/.m2/repository/commons-net/commons-net/3.6/commons-net-3.6.jar:/home/user/.m2/repository/commons-collections/commons-collections/3.2.2/commons-collections-3.2.2.jar:/home/user/.m2/repository/org/eclipse/jetty/jetty-servlet/9.3.25.v20180904/jetty-servlet-9.3.25.v20180904.jar:/home/user/.m2/repository/org/eclipse/jetty/jetty-security/9.3.25.v20180904/jetty-security-9.3.25.v20180904.jar:/home/user/.m2/repository/javax/servlet/jsp/jsp-api/2.1/jsp-api-2.1.jar:/home/user/.m2/repository/com/sun/jersey/jersey-servlet/1.19/jersey-servlet-1.19.jar:/home/user/.m2/repository/com/sun/jersey/jersey-json/1.19/jersey-json-1.19.jar:/home/user/.m2/repository/org/codehaus/jettison/jettison/1.1/jettison-1.1.jar:/home/user/.m2/repository/org/codehaus/jackson/jackson-core-asl/1.9.13/jackson-core-asl-1.9.13.jar:/home/user/.m2/repository/org/codehaus/jackson/jackson-mapper-asl/1.9.13/jackson-mapper-asl-1.9.13.jar:/home/user/.m2/repository/org/codehaus/jackson/jackson-jaxrs/1.9.13/jackson-jaxrs-1.9.13.jar:/home/user/.m2/repository/org/codehaus/jackson/jackson-xc/1.9.13/jackson-xc-1.9.13.jar:/home/user/.m2/repository/commons-logging/commons-logging/1.1.3/commons-logging-1.1.3.jar:/home/user/.m2/repository/commons-beanutils/commons-beanutils/1.9.4/commons-beanutils-1.9.4.jar:/home/user/.m2/repository/org/apache/commons/commons-configuration2/2.1.1/commons-configuration2-2.1.1.jar:/home/user/.m2/repository/org/apache/commons/commons-lang3/3.7/commons-lang3-3.7.jar:/home/user/.m2/repository/org/apache/commons/commons-text/1.4/commons-text-1.4.jar:/home/user/.m2/repository/org/apache/avro/avro/1.7.7/avro-1.7.7.jar:/home/user/.m2/repository/com/thoughtworks/paranamer/paranamer/2.3/paranamer-2.3.jar:/home/user/.m2/repository/org/xerial/snappy/snappy-java/1.0.5/snappy-java-1.0.5.jar:/home/user/.m2/repository/com/google/re2j/re2j/1.1/re2j-1.1.jar:/home/user/.m2/repository/com/google/code/gson/gson/2.2.4/gson-2.2.4.jar:/home/user/.m2/repository/com/jcraft/jsch/0.1.54/jsch-0.1.54.jar:/home/user/.m2/repository/org/apache/curator/curator-client/2.12.0/curator-client-2.12.0.jar:/home/user/.m2/repository/org/apache/curator/curator-recipes/2.12.0/curator-recipes-2.12.0.jar:/home/user/.m2/repository/com/google/code/findbugs/jsr305/3.0.0/jsr305-3.0.0.jar:/home/user/.m2/repository/org/apache/htrace/htrace-core4/4.1.0-incubating/htrace-core4-4.1.0-incubating.jar:/home/user/.m2/repository/org/apache/zookeeper/zookeeper/3.4.13/zookeeper-3.4.13.jar:/home/user/.m2/repository/jline/jline/0.9.94/jline-0.9.94.jar:/home/user/.m2/repository/org/apache/yetus/audience-annotations/0.5.0/audience-annotations-0.5.0.jar:/home/user/.m2/repository/org/codehaus/woodstox/stax2-api/3.1.4/stax2-api-3.1.4.jar:/home/user/.m2/repository/com/fasterxml/woodstox/woodstox-core/5.0.3/woodstox-core-5.0.3.jar:/home/user/.m2/repository/dnsjava/dnsjava/2.1.7/dnsjava-2.1.7.jar:/home/user/.m2/repository/org/apache/hadoop/hadoop-hdfs/3.2.0/hadoop-hdfs-3.2.0-tests.jar:/home/user/.m2/repository/org/eclipse/jetty/jetty-util-ajax/9.3.25.v20180904/jetty-util-ajax-9.3.25.v20180904.jar:/home/user/.m2/repository/commons-daemon/commons-daemon/1.0.13/commons-daemon-1.0.13.jar:/home/user/.m2/repository/io/netty/netty/3.10.5.Final/netty-3.10.5.Final.jar:/home/user/.m2/repository/io/netty/netty-all/4.0.52.Final/netty-all-4.0.52.Final.jar:/home/user/.m2/repository/org/fusesource/leveldbjni/leveldbjni-all/1.8/leveldbjni-all-1.8.jar:"/>
    <property name="java.vm.vendor" value="IcedTea"/>
    <property name="sun.arch.data.model" value="64"/>
    <property name="test.build.dir" value="/workdir/hadoop-ozone/integration-test/target/test-dir"/>
    <property name="test.cache.data" value=""/>
    <property name="java.vendor.url" value="https://icedtea.classpath.org"/>
    <property name="user.timezone" value=""/>
    <property name="java.vm.specification.version" value="1.8"/>
    <property name="os.name" value="Linux"/>
    <property name="test.build.data" value="/workdir/hadoop-ozone/integration-test/target/test-dir"/>
    <property name="user.country" value="US"/>
    <property name="sun.java.launcher" value="SUN_STANDARD"/>
    <property name="sun.boot.library.path" value="/usr/lib/jvm/java-1.8-openjdk/jre/lib/amd64"/>
    <property name="sun.java.command" value="/workdir/hadoop-ozone/integration-test/target/surefire/surefirebooter133373391925094765.jar /workdir/hadoop-ozone/integration-test/target/surefire 2019-10-01T16-51-08_921-jvmRun1 surefire4844857784161978970tmp surefire_513538402065729523711tmp"/>
    <property name="test" value="!TestMiniChaosOzoneCluster"/>
    <property name="surefire.test.class.path" value="/workdir/hadoop-ozone/integration-test/target/test-classes:/workdir/hadoop-ozone/integration-test/target/classes:/home/user/.m2/repository/org/apache/hadoop/hadoop-ozone-common/0.5.0-SNAPSHOT/hadoop-ozone-common-0.5.0-SNAPSHOT.jar:/home/user/.m2/repository/org/apache/commons/commons-compress/1.4.1/commons-compress-1.4.1.jar:/home/user/.m2/repository/org/tukaani/xz/1.0/xz-1.0.jar:/home/user/.m2/repository/org/apache/hadoop/hadoop-common/3.2.0/hadoop-common-3.2.0.jar:/home/user/.m2/repository/org/apache/hadoop/hadoop-hdfs/3.2.0/hadoop-hdfs-3.2.0.jar:/home/user/.m2/repository/org/apache/hadoop/hadoop-hdfs-client/3.2.0/hadoop-hdfs-client-3.2.0.jar:/home/user/.m2/repository/com/fasterxml/jackson/core/jackson-annotations/2.9.9/jackson-annotations-2.9.9.jar:/home/user/.m2/repository/org/apache/hadoop/hadoop-hdds-common/0.5.0-SNAPSHOT/hadoop-hdds-common-0.5.0-SNAPSHOT.jar:/home/user/.m2/repository/javax/annotation/javax.annotation-api/1.2/javax.annotation-api-1.2.jar:/home/user/.m2/repository/org/apache/ratis/ratis-server/0.5.0-201fc85-SNAPSHOT/ratis-server-0.5.0-201fc85-SNAPSHOT.jar:/home/user/.m2/repository/org/apache/ratis/ratis-thirdparty-misc/0.2.0/ratis-thirdparty-misc-0.2.0.jar:/home/user/.m2/repository/org/apache/ratis/ratis-proto/0.5.0-201fc85-SNAPSHOT/ratis-proto-0.5.0-201fc85-SNAPSHOT.jar:/home/user/.m2/repository/org/apache/ratis/ratis-common/0.5.0-201fc85-SNAPSHOT/ratis-common-0.5.0-201fc85-SNAPSHOT.jar:/home/user/.m2/repository/org/apache/ratis/ratis-client/0.5.0-201fc85-SNAPSHOT/ratis-client-0.5.0-201fc85-SNAPSHOT.jar:/home/user/.m2/repository/org/apache/ratis/ratis-metrics/0.5.0-201fc85-SNAPSHOT/ratis-metrics-0.5.0-201fc85-SNAPSHOT.jar:/home/user/.m2/repository/com/github/joshelser/dropwizard-metrics-hadoop-metrics2-reporter/0.1.2/dropwizard-metrics-hadoop-metrics2-reporter-0.1.2.jar:/home/user/.m2/repository/io/dropwizard/metrics/metrics-jvm/3.2.5/metrics-jvm-3.2.5.jar:/home/user/.m2/repository/io/dropwizard/metrics/metrics-ganglia/3.2.5/metrics-ganglia-3.2.5.jar:/home/user/.m2/repository/info/ganglia/gmetric4j/gmetric4j/1.0.7/gmetric4j-1.0.7.jar:/home/user/.m2/repository/org/apache/ratis/ratis-netty/0.5.0-201fc85-SNAPSHOT/ratis-netty-0.5.0-201fc85-SNAPSHOT.jar:/home/user/.m2/repository/org/apache/ratis/ratis-grpc/0.5.0-201fc85-SNAPSHOT/ratis-grpc-0.5.0-201fc85-SNAPSHOT.jar:/home/user/.m2/repository/org/rocksdb/rocksdbjni/6.0.1/rocksdbjni-6.0.1.jar:/home/user/.m2/repository/org/apache/logging/log4j/log4j-api/2.11.0/log4j-api-2.11.0.jar:/home/user/.m2/repository/org/apache/logging/log4j/log4j-core/2.11.0/log4j-core-2.11.0.jar:/home/user/.m2/repository/com/lmax/disruptor/3.4.2/disruptor-3.4.2.jar:/home/user/.m2/repository/org/apache/commons/commons-pool2/2.6.0/commons-pool2-2.6.0.jar:/home/user/.m2/repository/org/bouncycastle/bcpkix-jdk15on/1.60/bcpkix-jdk15on-1.60.jar:/home/user/.m2/repository/commons-validator/commons-validator/1.6/commons-validator-1.6.jar:/home/user/.m2/repository/commons-digester/commons-digester/1.8.1/commons-digester-1.8.1.jar:/home/user/.m2/repository/io/jaegertracing/jaeger-client/0.34.0/jaeger-client-0.34.0.jar:/home/user/.m2/repository/io/jaegertracing/jaeger-thrift/0.34.0/jaeger-thrift-0.34.0.jar:/home/user/.m2/repository/org/apache/thrift/libthrift/0.12.0/libthrift-0.12.0.jar:/home/user/.m2/repository/com/squareup/okhttp3/okhttp/3.9.0/okhttp-3.9.0.jar:/home/user/.m2/repository/com/squareup/okio/okio/1.13.0/okio-1.13.0.jar:/home/user/.m2/repository/io/jaegertracing/jaeger-core/0.34.0/jaeger-core-0.34.0.jar:/home/user/.m2/repository/io/jaegertracing/jaeger-tracerresolver/0.34.0/jaeger-tracerresolver-0.34.0.jar:/home/user/.m2/repository/io/opentracing/contrib/opentracing-tracerresolver/0.1.5/opentracing-tracerresolver-0.1.5.jar:/home/user/.m2/repository/io/opentracing/opentracing-util/0.31.0/opentracing-util-0.31.0.jar:/home/user/.m2/repository/io/opentracing/opentracing-api/0.31.0/opentracing-api-0.31.0.jar:/home/user/.m2/repository/io/opentracing/opentracing-noop/0.31.0/opentracing-noop-0.31.0.jar:/home/user/.m2/repository/org/apache/hadoop/hadoop-hdds-server-framework/0.5.0-SNAPSHOT/hadoop-hdds-server-framework-0.5.0-SNAPSHOT.jar:/home/user/.m2/repository/org/apache/hadoop/hadoop-hdds-container-service/0.5.0-SNAPSHOT/hadoop-hdds-container-service-0.5.0-SNAPSHOT.jar:/home/user/.m2/repository/org/apache/hadoop/hadoop-hdds-client/0.5.0-SNAPSHOT/hadoop-hdds-client-0.5.0-SNAPSHOT.jar:/home/user/.m2/repository/org/apache/hadoop/hadoop-hdds-tools/0.5.0-SNAPSHOT/hadoop-hdds-tools-0.5.0-SNAPSHOT.jar:/home/user/.m2/repository/org/apache/hadoop/hadoop-hdds-server-scm/0.5.0-SNAPSHOT/hadoop-hdds-server-scm-0.5.0-SNAPSHOT.jar:/home/user/.m2/repository/org/apache/hadoop/hadoop-hdds-docs/0.5.0-SNAPSHOT/hadoop-hdds-docs-0.5.0-SNAPSHOT.jar:/home/user/.m2/repository/io/dropwizard/metrics/metrics-core/3.2.4/metrics-core-3.2.4.jar:/home/user/.m2/repository/org/hamcrest/hamcrest-all/1.3/hamcrest-all-1.3.jar:/home/user/.m2/repository/org/bouncycastle/bcprov-jdk15on/1.60/bcprov-jdk15on-1.60.jar:/home/user/.m2/repository/info/picocli/picocli/3.9.6/picocli-3.9.6.jar:/home/user/.m2/repository/com/google/protobuf/protobuf-java/2.5.0/protobuf-java-2.5.0.jar:/home/user/.m2/repository/com/google/guava/guava/11.0.2/guava-11.0.2.jar:/home/user/.m2/repository/org/apache/hadoop/hadoop-ozone-ozone-manager/0.5.0-SNAPSHOT/hadoop-ozone-ozone-manager-0.5.0-SNAPSHOT.jar:/home/user/.m2/repository/org/apache/hadoop/hadoop-minikdc/3.2.0/hadoop-minikdc-3.2.0.jar:/home/user/.m2/repository/commons-io/commons-io/2.5/commons-io-2.5.jar:/home/user/.m2/repository/org/apache/kerby/kerb-simplekdc/1.0.1/kerb-simplekdc-1.0.1.jar:/home/user/.m2/repository/org/apache/kerby/kerb-client/1.0.1/kerb-client-1.0.1.jar:/home/user/.m2/repository/org/apache/kerby/kerby-config/1.0.1/kerby-config-1.0.1.jar:/home/user/.m2/repository/org/apache/kerby/kerb-core/1.0.1/kerb-core-1.0.1.jar:/home/user/.m2/repository/org/apache/kerby/kerby-pkix/1.0.1/kerby-pkix-1.0.1.jar:/home/user/.m2/repository/org/apache/kerby/kerby-asn1/1.0.1/kerby-asn1-1.0.1.jar:/home/user/.m2/repository/org/apache/kerby/kerby-util/1.0.1/kerby-util-1.0.1.jar:/home/user/.m2/repository/org/apache/kerby/kerb-common/1.0.1/kerb-common-1.0.1.jar:/home/user/.m2/repository/org/apache/kerby/kerb-crypto/1.0.1/kerb-crypto-1.0.1.jar:/home/user/.m2/repository/org/apache/kerby/kerb-util/1.0.1/kerb-util-1.0.1.jar:/home/user/.m2/repository/org/apache/kerby/token-provider/1.0.1/token-provider-1.0.1.jar:/home/user/.m2/repository/org/apache/kerby/kerb-admin/1.0.1/kerb-admin-1.0.1.jar:/home/user/.m2/repository/org/apache/kerby/kerb-server/1.0.1/kerb-server-1.0.1.jar:/home/user/.m2/repository/org/apache/kerby/kerb-identity/1.0.1/kerb-identity-1.0.1.jar:/home/user/.m2/repository/org/apache/kerby/kerby-xdr/1.0.1/kerby-xdr-1.0.1.jar:/home/user/.m2/repository/org/slf4j/slf4j-log4j12/1.7.25/slf4j-log4j12-1.7.25.jar:/home/user/.m2/repository/org/apache/hadoop/hadoop-ozone-s3gateway/0.5.0-SNAPSHOT/hadoop-ozone-s3gateway-0.5.0-SNAPSHOT.jar:/home/user/.m2/repository/org/jboss/weld/servlet/weld-servlet/2.4.7.Final/weld-servlet-2.4.7.Final.jar:/home/user/.m2/repository/org/glassfish/jersey/containers/jersey-container-servlet-core/2.27/jersey-container-servlet-core-2.27.jar:/home/user/.m2/repository/org/glassfish/hk2/external/javax.inject/2.5.0-b42/javax.inject-2.5.0-b42.jar:/home/user/.m2/repository/org/glassfish/jersey/core/jersey-common/2.27/jersey-common-2.27.jar:/home/user/.m2/repository/org/glassfish/hk2/osgi-resource-locator/1.0.1/osgi-resource-locator-1.0.1.jar:/home/user/.m2/repository/javax/ws/rs/javax.ws.rs-api/2.1/javax.ws.rs-api-2.1.jar:/home/user/.m2/repository/org/glassfish/jersey/ext/cdi/jersey-cdi1x/2.27/jersey-cdi1x-2.27.jar:/home/user/.m2/repository/org/glassfish/jersey/inject/jersey-hk2/2.27/jersey-hk2-2.27.jar:/home/user/.m2/repository/org/glassfish/hk2/hk2-locator/2.5.0-b42/hk2-locator-2.5.0-b42.jar:/home/user/.m2/repository/org/javassist/javassist/3.22.0-CR2/javassist-3.22.0-CR2.jar:/home/user/.m2/repository/org/glassfish/hk2/hk2-api/2.5.0/hk2-api-2.5.0.jar:/home/user/.m2/repository/org/glassfish/hk2/external/jakarta.inject/2.5.0/jakarta.inject-2.5.0.jar:/home/user/.m2/repository/org/glassfish/hk2/hk2-utils/2.5.0/hk2-utils-2.5.0.jar:/home/user/.m2/repository/jakarta/annotation/jakarta.annotation-api/1.3.4/jakarta.annotation-api-1.3.4.jar:/home/user/.m2/repository/org/glassfish/hk2/external/aopalliance-repackaged/2.5.0/aopalliance-repackaged-2.5.0.jar:/home/user/.m2/repository/com/fasterxml/jackson/dataformat/jackson-dataformat-xml/2.9.0/jackson-dataformat-xml-2.9.0.jar:/home/user/.m2/repository/com/fasterxml/jackson/core/jackson-core/2.9.9/jackson-core-2.9.9.jar:/home/user/.m2/repository/com/fasterxml/jackson/module/jackson-module-jaxb-annotations/2.9.9/jackson-module-jaxb-annotations-2.9.9.jar:/home/user/.m2/repository/javax/enterprise/cdi-api/1.2/cdi-api-1.2.jar:/home/user/.m2/repository/javax/el/javax.el-api/3.0.0/javax.el-api-3.0.0.jar:/home/user/.m2/repository/javax/interceptor/javax.interceptor-api/1.2/javax.interceptor-api-1.2.jar:/home/user/.m2/repository/javax/inject/javax.inject/1/javax.inject-1.jar:/home/user/.m2/repository/com/sun/xml/bind/jaxb-impl/2.3.0.1/jaxb-impl-2.3.0.1.jar:/home/user/.m2/repository/com/sun/xml/bind/jaxb-core/2.3.0.1/jaxb-core-2.3.0.1.jar:/home/user/.m2/repository/javax/xml/bind/jaxb-api/2.3.0/jaxb-api-2.3.0.jar:/home/user/.m2/repository/javax/activation/activation/1.1.1/activation-1.1.1.jar:/home/user/.m2/repository/org/apache/hadoop/hadoop-ozone-csi/0.5.0-SNAPSHOT/hadoop-ozone-csi-0.5.0-SNAPSHOT.jar:/home/user/.m2/repository/com/google/protobuf/protobuf-java-util/3.5.1/protobuf-java-util-3.5.1.jar:/home/user/.m2/repository/org/apache/hadoop/hadoop-hdds-config/0.5.0-SNAPSHOT/hadoop-hdds-config-0.5.0-SNAPSHOT.jar:/home/user/.m2/repository/io/grpc/grpc-netty/1.17.1/grpc-netty-1.17.1.jar:/home/user/.m2/repository/io/grpc/grpc-core/1.17.1/grpc-core-1.17.1.jar:/home/user/.m2/repository/io/grpc/grpc-context/1.17.1/grpc-context-1.17.1.jar:/home/user/.m2/repository/com/google/errorprone/error_prone_annotations/2.2.0/error_prone_annotations-2.2.0.jar:/home/user/.m2/repository/org/codehaus/mojo/animal-sniffer-annotations/1.17/animal-sniffer-annotations-1.17.jar:/home/user/.m2/repository/io/opencensus/opencensus-api/0.17.0/opencensus-api-0.17.0.jar:/home/user/.m2/repository/io/opencensus/opencensus-contrib-grpc-metrics/0.17.0/opencensus-contrib-grpc-metrics-0.17.0.jar:/home/user/.m2/repository/io/netty/netty-codec-http2/4.1.30.Final/netty-codec-http2-4.1.30.Final.jar:/home/user/.m2/repository/io/netty/netty-codec-http/4.1.30.Final/netty-codec-http-4.1.30.Final.jar:/home/user/.m2/repository/io/netty/netty-codec/4.1.30.Final/netty-codec-4.1.30.Final.jar:/home/user/.m2/repository/io/netty/netty-handler/4.1.30.Final/netty-handler-4.1.30.Final.jar:/home/user/.m2/repository/io/netty/netty-handler-proxy/4.1.30.Final/netty-handler-proxy-4.1.30.Final.jar:/home/user/.m2/repository/io/netty/netty-codec-socks/4.1.30.Final/netty-codec-socks-4.1.30.Final.jar:/home/user/.m2/repository/io/netty/netty-transport-native-epoll/4.1.30.Final/netty-transport-native-epoll-4.1.30.Final.jar:/home/user/.m2/repository/io/netty/netty-common/4.1.30.Final/netty-common-4.1.30.Final.jar:/home/user/.m2/repository/io/netty/netty-buffer/4.1.30.Final/netty-buffer-4.1.30.Final.jar:/home/user/.m2/repository/io/netty/netty-transport/4.1.30.Final/netty-transport-4.1.30.Final.jar:/home/user/.m2/repository/io/netty/netty-resolver/4.1.30.Final/netty-resolver-4.1.30.Final.jar:/home/user/.m2/repository/io/netty/netty-transport-native-unix-common/4.1.30.Final/netty-transport-native-unix-common-4.1.30.Final.jar:/home/user/.m2/repository/io/grpc/grpc-protobuf/1.17.1/grpc-protobuf-1.17.1.jar:/home/user/.m2/repository/com/google/api/grpc/proto-google-common-protos/1.0.0/proto-google-common-protos-1.0.0.jar:/home/user/.m2/repository/io/grpc/grpc-protobuf-lite/1.17.1/grpc-protobuf-lite-1.17.1.jar:/home/user/.m2/repository/io/grpc/grpc-stub/1.17.1/grpc-stub-1.17.1.jar:/home/user/.m2/repository/org/apache/hadoop/hadoop-ozone-recon/0.5.0-SNAPSHOT/hadoop-ozone-recon-0.5.0-SNAPSHOT.jar:/home/user/.m2/repository/org/apache/hadoop/hadoop-ozone-reconcodegen/0.5.0-SNAPSHOT/hadoop-ozone-reconcodegen-0.5.0-SNAPSHOT.jar:/home/user/.m2/repository/com/google/inject/extensions/guice-multibindings/4.0/guice-multibindings-4.0.jar:/home/user/.m2/repository/com/google/inject/guice/4.0/guice-4.0.jar:/home/user/.m2/repository/aopalliance/aopalliance/1.0/aopalliance-1.0.jar:/home/user/.m2/repository/com/google/inject/extensions/guice-servlet/4.0/guice-servlet-4.0.jar:/home/user/.m2/repository/org/glassfish/jersey/containers/jersey-container-servlet/2.27/jersey-container-servlet-2.27.jar:/home/user/.m2/repository/org/glassfish/hk2/guice-bridge/2.5.0/guice-bridge-2.5.0.jar:/home/user/.m2/repository/org/glassfish/jersey/core/jersey-server/2.27/jersey-server-2.27.jar:/home/user/.m2/repository/org/glassfish/jersey/core/jersey-client/2.27/jersey-client-2.27.jar:/home/user/.m2/repository/org/glassfish/jersey/media/jersey-media-jaxb/2.27/jersey-media-jaxb-2.27.jar:/home/user/.m2/repository/javax/validation/validation-api/1.1.0.Final/validation-api-1.1.0.Final.jar:/home/user/.m2/repository/org/glassfish/jersey/media/jersey-media-json-jackson/2.27/jersey-media-json-jackson-2.27.jar:/home/user/.m2/repository/org/glassfish/jersey/ext/jersey-entity-filtering/2.27/jersey-entity-filtering-2.27.jar:/home/user/.m2/repository/com/google/inject/extensions/guice-assistedinject/4.0/guice-assistedinject-4.0.jar:/home/user/.m2/repository/org/jooq/jooq/3.11.10/jooq-3.11.10.jar:/home/user/.m2/repository/org/jooq/jooq-meta/3.11.10/jooq-meta-3.11.10.jar:/home/user/.m2/repository/org/jooq/jooq-codegen/3.11.10/jooq-codegen-3.11.10.jar:/home/user/.m2/repository/com/jolbox/bonecp/0.8.0.RELEASE/bonecp-0.8.0.RELEASE.jar:/home/user/.m2/repository/org/xerial/sqlite-jdbc/3.25.2/sqlite-jdbc-3.25.2.jar:/home/user/.m2/repository/org/springframework/spring-jdbc/5.1.3.RELEASE/spring-jdbc-5.1.3.RELEASE.jar:/home/user/.m2/repository/org/springframework/spring-beans/5.1.3.RELEASE/spring-beans-5.1.3.RELEASE.jar:/home/user/.m2/repository/org/springframework/spring-core/5.1.3.RELEASE/spring-core-5.1.3.RELEASE.jar:/home/user/.m2/repository/org/springframework/spring-jcl/5.1.3.RELEASE/spring-jcl-5.1.3.RELEASE.jar:/home/user/.m2/repository/org/springframework/spring-tx/5.1.3.RELEASE/spring-tx-5.1.3.RELEASE.jar:/home/user/.m2/repository/org/apache/hadoop/hadoop-ozone-client/0.5.0-SNAPSHOT/hadoop-ozone-client-0.5.0-SNAPSHOT.jar:/home/user/.m2/repository/commons-lang/commons-lang/2.6/commons-lang-2.6.jar:/home/user/.m2/repository/org/apache/hadoop/hadoop-ozone-ozone-manager/0.5.0-SNAPSHOT/hadoop-ozone-ozone-manager-0.5.0-SNAPSHOT-tests.jar:/home/user/.m2/repository/junit/junit/4.11/junit-4.11.jar:/home/user/.m2/repository/org/hamcrest/hamcrest-core/1.3/hamcrest-core-1.3.jar:/home/user/.m2/repository/org/openjdk/jmh/jmh-core/1.19/jmh-core-1.19.jar:/home/user/.m2/repository/net/sf/jopt-simple/jopt-simple/4.6/jopt-simple-4.6.jar:/home/user/.m2/repository/org/apache/commons/commons-math3/3.1.1/commons-math3-3.1.1.jar:/home/user/.m2/repository/org/openjdk/jmh/jmh-generator-annprocess/1.19/jmh-generator-annprocess-1.19.jar:/home/user/.m2/repository/org/mockito/mockito-all/1.8.5/mockito-all-1.8.5.jar:/home/user/.m2/repository/org/apache/hadoop/hadoop-kms/3.2.0/hadoop-kms-3.2.0.jar:/home/user/.m2/repository/org/apache/hadoop/hadoop-auth/3.2.0/hadoop-auth-3.2.0.jar:/home/user/.m2/repository/com/nimbusds/nimbus-jose-jwt/4.41.1/nimbus-jose-jwt-4.41.1.jar:/home/user/.m2/repository/com/github/stephenc/jcip/jcip-annotations/1.0-1/jcip-annotations-1.0-1.jar:/home/user/.m2/repository/net/minidev/json-smart/2.3/json-smart-2.3.jar:/home/user/.m2/repository/net/minidev/accessors-smart/1.2/accessors-smart-1.2.jar:/home/user/.m2/repository/org/ow2/asm/asm/5.0.4/asm-5.0.4.jar:/home/user/.m2/repository/org/apache/curator/curator-framework/2.12.0/curator-framework-2.12.0.jar:/home/user/.m2/repository/com/sun/jersey/jersey-core/1.19/jersey-core-1.19.jar:/home/user/.m2/repository/javax/ws/rs/jsr311-api/1.1.1/jsr311-api-1.1.1.jar:/home/user/.m2/repository/com/sun/jersey/jersey-server/1.19/jersey-server-1.19.jar:/home/user/.m2/repository/javax/servlet/javax.servlet-api/3.1.0/javax.servlet-api-3.1.0.jar:/home/user/.m2/repository/org/eclipse/jetty/jetty-server/9.3.25.v20180904/jetty-server-9.3.25.v20180904.jar:/home/user/.m2/repository/org/eclipse/jetty/jetty-http/9.3.25.v20180904/jetty-http-9.3.25.v20180904.jar:/home/user/.m2/repository/org/eclipse/jetty/jetty-io/9.3.25.v20180904/jetty-io-9.3.25.v20180904.jar:/home/user/.m2/repository/org/eclipse/jetty/jetty-webapp/9.3.25.v20180904/jetty-webapp-9.3.25.v20180904.jar:/home/user/.m2/repository/org/eclipse/jetty/jetty-xml/9.3.25.v20180904/jetty-xml-9.3.25.v20180904.jar:/home/user/.m2/repository/log4j/log4j/1.2.17/log4j-1.2.17.jar:/home/user/.m2/repository/org/slf4j/slf4j-api/1.7.25/slf4j-api-1.7.25.jar:/home/user/.m2/repository/org/slf4j/jul-to-slf4j/1.7.25/jul-to-slf4j-1.7.25.jar:/home/user/.m2/repository/org/eclipse/jetty/jetty-util/9.3.25.v20180904/jetty-util-9.3.25.v20180904.jar:/home/user/.m2/repository/com/fasterxml/jackson/core/jackson-databind/2.9.9/jackson-databind-2.9.9.jar:/home/user/.m2/repository/org/apache/hadoop/hadoop-kms/3.2.0/hadoop-kms-3.2.0-tests.jar:/home/user/.m2/repository/org/apache/hadoop/hadoop-hdds-server-scm/0.5.0-SNAPSHOT/hadoop-hdds-server-scm-0.5.0-SNAPSHOT-tests.jar:/home/user/.m2/repository/org/apache/hadoop/hadoop-hdds-container-service/0.5.0-SNAPSHOT/hadoop-hdds-container-service-0.5.0-SNAPSHOT-tests.jar:/home/user/.m2/repository/org/yaml/snakeyaml/1.16/snakeyaml-1.16.jar:/home/user/.m2/repository/org/apache/hadoop/hadoop-common/3.2.0/hadoop-common-3.2.0-tests.jar:/home/user/.m2/repository/org/apache/hadoop/hadoop-annotations/3.2.0/hadoop-annotations-3.2.0.jar:/usr/lib/jvm/java-1.8-openjdk/jre/../lib/tools.jar:/home/user/.m2/repository/commons-cli/commons-cli/1.2/commons-cli-1.2.jar:/home/user/.m2/repository/org/apache/httpcomponents/httpclient/4.5.2/httpclient-4.5.2.jar:/home/user/.m2/repository/org/apache/httpcomponents/httpcore/4.4.4/httpcore-4.4.4.jar:/home/user/.m2/repository/commons-codec/commons-codec/1.11/commons-codec-1.11.jar:/home/user/.m2/repository/commons-net/commons-net/3.6/commons-net-3.6.jar:/home/user/.m2/repository/commons-collections/commons-collections/3.2.2/commons-collections-3.2.2.jar:/home/user/.m2/repository/org/eclipse/jetty/jetty-servlet/9.3.25.v20180904/jetty-servlet-9.3.25.v20180904.jar:/home/user/.m2/repository/org/eclipse/jetty/jetty-security/9.3.25.v20180904/jetty-security-9.3.25.v20180904.jar:/home/user/.m2/repository/javax/servlet/jsp/jsp-api/2.1/jsp-api-2.1.jar:/home/user/.m2/repository/com/sun/jersey/jersey-servlet/1.19/jersey-servlet-1.19.jar:/home/user/.m2/repository/com/sun/jersey/jersey-json/1.19/jersey-json-1.19.jar:/home/user/.m2/repository/org/codehaus/jettison/jettison/1.1/jettison-1.1.jar:/home/user/.m2/repository/org/codehaus/jackson/jackson-core-asl/1.9.13/jackson-core-asl-1.9.13.jar:/home/user/.m2/repository/org/codehaus/jackson/jackson-mapper-asl/1.9.13/jackson-mapper-asl-1.9.13.jar:/home/user/.m2/repository/org/codehaus/jackson/jackson-jaxrs/1.9.13/jackson-jaxrs-1.9.13.jar:/home/user/.m2/repository/org/codehaus/jackson/jackson-xc/1.9.13/jackson-xc-1.9.13.jar:/home/user/.m2/repository/commons-logging/commons-logging/1.1.3/commons-logging-1.1.3.jar:/home/user/.m2/repository/commons-beanutils/commons-beanutils/1.9.4/commons-beanutils-1.9.4.jar:/home/user/.m2/repository/org/apache/commons/commons-configuration2/2.1.1/commons-configuration2-2.1.1.jar:/home/user/.m2/repository/org/apache/commons/commons-lang3/3.7/commons-lang3-3.7.jar:/home/user/.m2/repository/org/apache/commons/commons-text/1.4/commons-text-1.4.jar:/home/user/.m2/repository/org/apache/avro/avro/1.7.7/avro-1.7.7.jar:/home/user/.m2/repository/com/thoughtworks/paranamer/paranamer/2.3/paranamer-2.3.jar:/home/user/.m2/repository/org/xerial/snappy/snappy-java/1.0.5/snappy-java-1.0.5.jar:/home/user/.m2/repository/com/google/re2j/re2j/1.1/re2j-1.1.jar:/home/user/.m2/repository/com/google/code/gson/gson/2.2.4/gson-2.2.4.jar:/home/user/.m2/repository/com/jcraft/jsch/0.1.54/jsch-0.1.54.jar:/home/user/.m2/repository/org/apache/curator/curator-client/2.12.0/curator-client-2.12.0.jar:/home/user/.m2/repository/org/apache/curator/curator-recipes/2.12.0/curator-recipes-2.12.0.jar:/home/user/.m2/repository/com/google/code/findbugs/jsr305/3.0.0/jsr305-3.0.0.jar:/home/user/.m2/repository/org/apache/htrace/htrace-core4/4.1.0-incubating/htrace-core4-4.1.0-incubating.jar:/home/user/.m2/repository/org/apache/zookeeper/zookeeper/3.4.13/zookeeper-3.4.13.jar:/home/user/.m2/repository/jline/jline/0.9.94/jline-0.9.94.jar:/home/user/.m2/repository/org/apache/yetus/audience-annotations/0.5.0/audience-annotations-0.5.0.jar:/home/user/.m2/repository/org/codehaus/woodstox/stax2-api/3.1.4/stax2-api-3.1.4.jar:/home/user/.m2/repository/com/fasterxml/woodstox/woodstox-core/5.0.3/woodstox-core-5.0.3.jar:/home/user/.m2/repository/dnsjava/dnsjava/2.1.7/dnsjava-2.1.7.jar:/home/user/.m2/repository/org/apache/hadoop/hadoop-hdfs/3.2.0/hadoop-hdfs-3.2.0-tests.jar:/home/user/.m2/repository/org/eclipse/jetty/jetty-util-ajax/9.3.25.v20180904/jetty-util-ajax-9.3.25.v20180904.jar:/home/user/.m2/repository/commons-daemon/commons-daemon/1.0.13/commons-daemon-1.0.13.jar:/home/user/.m2/repository/io/netty/netty/3.10.5.Final/netty-3.10.5.Final.jar:/home/user/.m2/repository/io/netty/netty-all/4.0.52.Final/netty-all-4.0.52.Final.jar:/home/user/.m2/repository/org/fusesource/leveldbjni/leveldbjni-all/1.8/leveldbjni-all-1.8.jar:"/>
    <property name="sun.cpu.endian" value="little"/>
    <property name="user.home" value="/home/user"/>
    <property name="user.language" value="en"/>
    <property name="java.specification.vendor" value="Oracle Corporation"/>
    <property name="java.home" value="/usr/lib/jvm/java-1.8-openjdk/jre"/>
    <property name="java.security.krb5.conf" value="/workdir/hadoop-ozone/integration-test/target/test-classes/krb5.conf"/>
    <property name="basedir" value="/workdir/hadoop-ozone/integration-test"/>
    <property name="file.separator" value="/"/>
    <property name="line.separator" value="&#10;"/>
    <property name="java.vm.specification.vendor" value="Oracle Corporation"/>
    <property name="java.specification.name" value="Java Platform API Specification"/>
    <property name="java.awt.graphicsenv" value="sun.awt.X11GraphicsEnvironment"/>
    <property name="surefire.real.class.path" value="/workdir/hadoop-ozone/integration-test/target/surefire/surefirebooter133373391925094765.jar"/>
    <property name="hadoop.log.dir" value="/workdir/hadoop-ozone/integration-test/target/log"/>
    <property name="sun.boot.class.path" value="/usr/lib/jvm/java-1.8-openjdk/jre/lib/resources.jar:/usr/lib/jvm/java-1.8-openjdk/jre/lib/rt.jar:/usr/lib/jvm/java-1.8-openjdk/jre/lib/sunrsasign.jar:/usr/lib/jvm/java-1.8-openjdk/jre/lib/jsse.jar:/usr/lib/jvm/java-1.8-openjdk/jre/lib/jce.jar:/usr/lib/jvm/java-1.8-openjdk/jre/lib/charsets.jar:/usr/lib/jvm/java-1.8-openjdk/jre/lib/jfr.jar:/usr/lib/jvm/java-1.8-openjdk/jre/classes"/>
    <property name="sun.management.compiler" value="HotSpot 64-Bit Tiered Compilers"/>
    <property name="java.runtime.version" value="1.8.0_212-b04"/>
    <property name="java.net.preferIPv4Stack" value="true"/>
    <property name="user.name" value="jenkins1000"/>
    <property name="path.separator" value=":"/>
    <property name="java.security.egd" value="file:///dev/urandom"/>
    <property name="os.version" value="3.10.0-957.12.2.el7.x86_64"/>
    <property name="java.endorsed.dirs" value="/usr/lib/jvm/java-1.8-openjdk/jre/lib/endorsed"/>
    <property name="java.runtime.name" value="OpenJDK Runtime Environment"/>
    <property name="file.encoding" value="UTF-8"/>
    <property name="java.vm.name" value="OpenJDK 64-Bit Server VM"/>
    <property name="test.build.webapps" value=""/>
    <property name="localRepository" value="/home/user/.m2/repository"/>
    <property name="java.vendor.url.bug" value="https://icedtea.classpath.org/bugzilla"/>
    <property name="java.io.tmpdir" value="/tmp"/>
    <property name="require.test.libhadoop" value=""/>
    <property name="java.version" value="1.8.0_212"/>
    <property name="user.dir" value="/workdir/hadoop-ozone/integration-test"/>
    <property name="os.arch" value="amd64"/>
    <property name="java.vm.specification.name" value="Java Virtual Machine Specification"/>
    <property name="test.build.classes" value="/workdir/hadoop-ozone/integration-test/target/test-classes"/>
    <property name="java.awt.printerjob" value="sun.print.PSPrinterJob"/>
    <property name="sun.os.patch.level" value="unknown"/>
    <property name="hadoop.tmp.dir" value="/workdir/hadoop-ozone/integration-test/target/tmp"/>
    <property name="java.library.path" value="/usr/lib/jvm/java-1.8-openjdk/jre/lib/amd64/server:/usr/lib/jvm/java-1.8-openjdk/jre/lib/amd64:/usr/lib/jvm/java-1.8-openjdk/jre/../lib/amd64:/workdir/hadoop-ozone/integration-test/target/native/target/usr/local/lib:/workdir/hadoop-ozone/integration-test/../../hadoop-common-project/hadoop-common/target/native/target/usr/local/lib:/usr/java/packages/lib/amd64:/usr/lib64:/lib64:/lib:/usr/lib"/>
    <property name="java.vm.info" value="mixed mode"/>
    <property name="java.vendor" value="IcedTea"/>
    <property name="java.vm.version" value="25.212-b04"/>
    <property name="java.ext.dirs" value="/usr/lib/jvm/java-1.8-openjdk/jre/lib/ext:/usr/java/packages/lib/ext"/>
    <property name="sun.io.unicode.encoding" value="UnicodeLittle"/>
    <property name="java.class.version" value="52.0"/>
  </properties>
  <testcase name="testGroupMismatchExceptionHandling" classname="org.apache.hadoop.ozone.client.rpc.TestOzoneClientRetriesOnException" time="38.807"/>
  <testcase name="testMaxRetriesByOzoneClient" classname="org.apache.hadoop.ozone.client.rpc.TestOzoneClientRetriesOnException" time="123.617">
    <error message="Failed to command cmdType: CreateContainer&#10;containerID: 1&#10;datanodeUuid: &quot;4172f4f6-b642-410a-a39e-a8ed25fb1945&quot;&#10;createContainer {&#10;}&#10;" type="java.io.IOException">java.io.IOException: 
Failed to command cmdType: CreateContainer
containerID: 1
datanodeUuid: "4172f4f6-b642-410a-a39e-a8ed25fb1945"
createContainer {
}

	at org.apache.hadoop.hdds.scm.XceiverClientSpi.sendCommand(XceiverClientSpi.java:113)
	at org.apache.hadoop.ozone.client.rpc.TestOzoneClientRetriesOnException.testMaxRetriesByOzoneClient(TestOzoneClientRetriesOnException.java:190)
	at sun.reflect.NativeMethodAccessorImpl.invoke0(Native Method)
	at sun.reflect.NativeMethodAccessorImpl.invoke(NativeMethodAccessorImpl.java:62)
	at sun.reflect.DelegatingMethodAccessorImpl.invoke(DelegatingMethodAccessorImpl.java:43)
	at java.lang.reflect.Method.invoke(Method.java:498)
	at org.junit.runners.model.FrameworkMethod$1.runReflectiveCall(FrameworkMethod.java:47)
	at org.junit.internal.runners.model.ReflectiveCallable.run(ReflectiveCallable.java:12)
	at org.junit.runners.model.FrameworkMethod.invokeExplosively(FrameworkMethod.java:44)
	at org.junit.internal.runners.statements.InvokeMethod.evaluate(InvokeMethod.java:17)
	at org.junit.internal.runners.statements.RunBefores.evaluate(RunBefores.java:26)
	at org.junit.internal.runners.statements.RunAfters.evaluate(RunAfters.java:27)
	at org.junit.runners.ParentRunner.runLeaf(ParentRunner.java:271)
	at org.junit.runners.BlockJUnit4ClassRunner.runChild(BlockJUnit4ClassRunner.java:70)
	at org.junit.runners.BlockJUnit4ClassRunner.runChild(BlockJUnit4ClassRunner.java:50)
	at org.junit.runners.ParentRunner$3.run(ParentRunner.java:238)
	at org.junit.runners.ParentRunner$1.schedule(ParentRunner.java:63)
	at org.junit.runners.ParentRunner.runChildren(ParentRunner.java:236)
	at org.junit.runners.ParentRunner.access$000(ParentRunner.java:53)
	at org.junit.runners.ParentRunner$2.evaluate(ParentRunner.java:229)
	at org.junit.runners.ParentRunner.run(ParentRunner.java:309)
	at org.apache.maven.surefire.junit4.JUnit4Provider.execute(JUnit4Provider.java:365)
	at org.apache.maven.surefire.junit4.JUnit4Provider.executeWithRerun(JUnit4Provider.java:273)
	at org.apache.maven.surefire.junit4.JUnit4Provider.executeTestSet(JUnit4Provider.java:238)
	at org.apache.maven.surefire.junit4.JUnit4Provider.invoke(JUnit4Provider.java:159)
	at org.apache.maven.surefire.booter.ForkedBooter.invokeProviderInSameClassLoader(ForkedBooter.java:384)
	at org.apache.maven.surefire.booter.ForkedBooter.runSuitesInProcess(ForkedBooter.java:345)
	at org.apache.maven.surefire.booter.ForkedBooter.execute(ForkedBooter.java:126)
	at org.apache.maven.surefire.booter.ForkedBooter.main(ForkedBooter.java:418)
Caused by: java.util.concurrent.ExecutionException: org.apache.ratis.protocol.RaftRetryFailureException: Failed RaftClientRequest:client-D27BBBD042CA->7645f436-3f26-44f9-94b6-09645210e85a@group-A8987D387901, cid=45, seq=4*, RW, org.apache.hadoop.hdds.scm.XceiverClientRatis$$Lambda$353/1432687668@3b9ae003 for 180 attempts with RetryLimited(maxAttempts=180, sleepTime=1000ms)
	at java.util.concurrent.CompletableFuture.reportGet(CompletableFuture.java:357)
	at java.util.concurrent.CompletableFuture.get(CompletableFuture.java:1895)
	at org.apache.hadoop.hdds.scm.XceiverClientSpi.sendCommand(XceiverClientSpi.java:110)
	... 28 more
Caused by: org.apache.ratis.protocol.RaftRetryFailureException: Failed RaftClientRequest:client-D27BBBD042CA->7645f436-3f26-44f9-94b6-09645210e85a@group-A8987D387901, cid=45, seq=4*, RW, org.apache.hadoop.hdds.scm.XceiverClientRatis$$Lambda$353/1432687668@3b9ae003 for 180 attempts with RetryLimited(maxAttempts=180, sleepTime=1000ms)
	at org.apache.ratis.client.impl.RaftClientImpl.noMoreRetries(RaftClientImpl.java:271)
	at org.apache.ratis.client.impl.OrderedAsync.handleAsyncRetryFailure(OrderedAsync.java:138)
	at org.apache.ratis.client.impl.OrderedAsync.lambda$sendRequest$10(OrderedAsync.java:230)
	at java.util.concurrent.CompletableFuture.uniExceptionally(CompletableFuture.java:870)
	at java.util.concurrent.CompletableFuture$UniExceptionally.tryFire(CompletableFuture.java:852)
	at java.util.concurrent.CompletableFuture.postComplete(CompletableFuture.java:474)
	at java.util.concurrent.CompletableFuture.completeExceptionally(CompletableFuture.java:1977)
	at org.apache.ratis.grpc.client.GrpcClientProtocolClient$AsyncStreamObservers.completeReplyExceptionally(GrpcClientProtocolClient.java:345)
	at org.apache.ratis.grpc.client.GrpcClientProtocolClient$AsyncStreamObservers.access$000(GrpcClientProtocolClient.java:261)
	at org.apache.ratis.grpc.client.GrpcClientProtocolClient$AsyncStreamObservers$1.onNext(GrpcClientProtocolClient.java:273)
	at org.apache.ratis.grpc.client.GrpcClientProtocolClient$AsyncStreamObservers$1.onNext(GrpcClientProtocolClient.java:264)
	at org.apache.ratis.thirdparty.io.grpc.stub.ClientCalls$StreamObserverToCallListenerAdapter.onMessage(ClientCalls.java:421)
	at org.apache.ratis.thirdparty.io.grpc.ForwardingClientCallListener.onMessage(ForwardingClientCallListener.java:33)
	at org.apache.ratis.thirdparty.io.grpc.ForwardingClientCallListener.onMessage(ForwardingClientCallListener.java:33)
	at org.apache.ratis.thirdparty.io.grpc.internal.ClientCallImpl$ClientStreamListenerImpl$1MessagesAvailable.runInContext(ClientCallImpl.java:519)
	at org.apache.ratis.thirdparty.io.grpc.internal.ContextRunnable.run(ContextRunnable.java:37)
	at org.apache.ratis.thirdparty.io.grpc.internal.SerializingExecutor.run(SerializingExecutor.java:123)
	at java.util.concurrent.ThreadPoolExecutor.runWorker(ThreadPoolExecutor.java:1149)
	at java.util.concurrent.ThreadPoolExecutor$Worker.run(ThreadPoolExecutor.java:624)
	at java.lang.Thread.run(Thread.java:748)
Caused by: org.apache.ratis.protocol.NotLeaderException: Server 7645f436-3f26-44f9-94b6-09645210e85a@group-A8987D387901 is not the leader 4172f4f6-b642-410a-a39e-a8ed25fb1945:192.168.164.197:43673
	at org.apache.ratis.client.impl.ClientProtoUtils.toRaftClientReply(ClientProtoUtils.java:243)
	at org.apache.ratis.grpc.client.GrpcClientProtocolClient$AsyncStreamObservers$1.onNext(GrpcClientProtocolClient.java:269)
	... 10 more
</error>
    <system-out><![CDATA[2019-10-01 17:24:02,064 [main] WARN  server.ServerUtils (ServerUtils.java:getScmDbDir(145)) - ozone.scm.db.dirs is not configured. We recommend adding this setting. Falling back to ozone.metadata.dirs instead.
2019-10-01 17:24:02,090 [main] WARN  server.ServerUtils (ServerUtils.java:getScmDbDir(145)) - ozone.scm.db.dirs is not configured. We recommend adding this setting. Falling back to ozone.metadata.dirs instead.
2019-10-01 17:24:02,090 [main] WARN  server.ServerUtils (ServerUtils.java:getScmDbDir(145)) - ozone.scm.db.dirs is not configured. We recommend adding this setting. Falling back to ozone.metadata.dirs instead.
2019-10-01 17:24:02,091 [main] INFO  db.DBStoreBuilder (DBStoreBuilder.java:addTable(110)) - using custom profile for table: deletedBlocks
2019-10-01 17:24:02,091 [main] INFO  db.DBStoreBuilder (DBStoreBuilder.java:processTables(161)) - Using default column profile:DBProfile.DISK for Table:deletedBlocks
2019-10-01 17:24:02,091 [main] INFO  db.DBStoreBuilder (DBStoreBuilder.java:addTable(110)) - using custom profile for table: validCerts
2019-10-01 17:24:02,091 [main] INFO  db.DBStoreBuilder (DBStoreBuilder.java:processTables(161)) - Using default column profile:DBProfile.DISK for Table:validCerts
2019-10-01 17:24:02,092 [main] INFO  db.DBStoreBuilder (DBStoreBuilder.java:addTable(110)) - using custom profile for table: revokedCerts
2019-10-01 17:24:02,092 [main] INFO  db.DBStoreBuilder (DBStoreBuilder.java:processTables(161)) - Using default column profile:DBProfile.DISK for Table:revokedCerts
2019-10-01 17:24:02,092 [main] INFO  db.DBStoreBuilder (DBStoreBuilder.java:addTable(110)) - using custom profile for table: default
2019-10-01 17:24:02,092 [main] INFO  db.DBStoreBuilder (DBStoreBuilder.java:processTables(167)) - Using default column profile:DBProfile.DISK for Table:default
2019-10-01 17:24:02,092 [main] INFO  db.DBStoreBuilder (DBStoreBuilder.java:getDbProfile(198)) - Using default options. DBProfile.DISK
2019-10-01 17:24:02,253 [main] INFO  net.NodeSchemaLoader (NodeSchemaLoader.java:loadSchemaFromFile(125)) - Loading file from sun.misc.CompoundEnumeration@bc6288b
2019-10-01 17:24:02,253 [main] INFO  net.NodeSchemaLoader (NodeSchemaLoader.java:loadSchema(171)) - Loading network topology layer schema file
2019-10-01 17:24:02,259 [main] WARN  server.ServerUtils (ServerUtils.java:sanitizeUserArgs(70)) - ozone.scm.stale.node.interval value = 300000 is larger than max = 100000 based on the key value of ozone.scm.heartbeat.thread.interval, reset to the max value 100000.
2019-10-01 17:24:02,259 [main] WARN  server.ServerUtils (ServerUtils.java:sanitizeUserArgs(70)) - ozone.scm.stale.node.interval value = 300000 is larger than max = 100000 based on the key value of ozone.scm.heartbeat.thread.interval, reset to the max value 100000.
2019-10-01 17:24:02,260 [main] INFO  node.SCMNodeManager (SCMNodeManager.java:<init>(114)) - Entering startup safe mode.
2019-10-01 17:24:02,261 [main] INFO  algorithms.ContainerPlacementPolicyFactory (ContainerPlacementPolicyFactory.java:getPolicy(57)) - Create container placement policy of type org.apache.hadoop.hdds.scm.container.placement.algorithms.SCMContainerPlacementRandom
2019-10-01 17:24:02,261 [main] WARN  server.ServerUtils (ServerUtils.java:getScmDbDir(145)) - ozone.scm.db.dirs is not configured. We recommend adding this setting. Falling back to ozone.metadata.dirs instead.
2019-10-01 17:24:02,320 [main] INFO  pipeline.SCMPipelineManager (SCMPipelineManager.java:initializePipelineState(132)) - No pipeline exists in current db
2019-10-01 17:24:02,320 [main] WARN  server.ServerUtils (ServerUtils.java:getScmDbDir(145)) - ozone.scm.db.dirs is not configured. We recommend adding this setting. Falling back to ozone.metadata.dirs instead.
2019-10-01 17:24:02,358 [main] WARN  events.EventQueue (EventQueue.java:fireEvent(183)) - No event handler registered for event TypedEvent{payloadType=SafeModeStatus, name='SafeModeStatus'}
2019-10-01 17:24:02,359 [main] INFO  ipc.CallQueueManager (CallQueueManager.java:<init>(84)) - Using callQueue: class java.util.concurrent.LinkedBlockingQueue, queueCapacity: 2000, scheduler: class org.apache.hadoop.ipc.DefaultRpcScheduler, ipcBackoff: false.
2019-10-01 17:24:02,360 [Socket Reader #1 for port 38856] INFO  ipc.Server (Server.java:run(1074)) - Starting Socket Reader #1 for port 38856
2019-10-01 17:24:02,362 [main] INFO  ipc.CallQueueManager (CallQueueManager.java:<init>(84)) - Using callQueue: class java.util.concurrent.LinkedBlockingQueue, queueCapacity: 2000, scheduler: class org.apache.hadoop.ipc.DefaultRpcScheduler, ipcBackoff: false.
2019-10-01 17:24:02,362 [Socket Reader #1 for port 44868] INFO  ipc.Server (Server.java:run(1074)) - Starting Socket Reader #1 for port 44868
2019-10-01 17:24:02,363 [main] INFO  ipc.CallQueueManager (CallQueueManager.java:<init>(84)) - Using callQueue: class java.util.concurrent.LinkedBlockingQueue, queueCapacity: 2000, scheduler: class org.apache.hadoop.ipc.DefaultRpcScheduler, ipcBackoff: false.
2019-10-01 17:24:02,364 [Socket Reader #1 for port 35658] INFO  ipc.Server (Server.java:run(1074)) - Starting Socket Reader #1 for port 35658
2019-10-01 17:24:02,365 [main] INFO  hdfs.DFSUtil (DFSUtil.java:httpServerTemplateForNNAndJN(1641)) - Starting Web-server for scm at: http://0.0.0.0:0
2019-10-01 17:24:02,367 [main] INFO  server.AuthenticationFilter (AuthenticationFilter.java:constructSecretProvider(240)) - Unable to initialize FileSignerSecretProvider, falling back to use random secrets.
2019-10-01 17:24:02,368 [main] WARN  http.HttpRequestLog (HttpRequestLog.java:getRequestLog(97)) - Jetty request log can only be enabled using Log4j
2019-10-01 17:24:02,369 [main] INFO  http.HttpServer2 (HttpServer2.java:addGlobalFilter(975)) - Added global filter 'safety' (class=org.apache.hadoop.http.HttpServer2$QuotingInputFilter)
2019-10-01 17:24:02,370 [main] INFO  http.HttpServer2 (HttpServer2.java:addFilter(948)) - Added filter static_user_filter (class=org.apache.hadoop.http.lib.StaticUserWebFilter$StaticUserFilter) to context scm
2019-10-01 17:24:02,370 [main] INFO  http.HttpServer2 (HttpServer2.java:addFilter(958)) - Added filter static_user_filter (class=org.apache.hadoop.http.lib.StaticUserWebFilter$StaticUserFilter) to context static
2019-10-01 17:24:02,370 [main] INFO  http.HttpServer2 (HttpServer2.java:addFilter(958)) - Added filter static_user_filter (class=org.apache.hadoop.http.lib.StaticUserWebFilter$StaticUserFilter) to context logs
2019-10-01 17:24:02,372 [main] INFO  server.StorageContainerManager (StorageContainerManager.java:start(770)) - StorageContainerLocationProtocol RPC server is listening at /0.0.0.0:35658
2019-10-01 17:24:02,374 [main] WARN  impl.MetricsConfig (MetricsConfig.java:loadFirst(134)) - Cannot locate configuration: tried hadoop-metrics2-storagecontainermanager.properties,hadoop-metrics2.properties
2019-10-01 17:24:02,375 [main] INFO  impl.MetricsSystemImpl (MetricsSystemImpl.java:startTimer(374)) - Scheduled Metric snapshot period at 10 second(s).
2019-10-01 17:24:02,375 [main] INFO  impl.MetricsSystemImpl (MetricsSystemImpl.java:start(191)) - StorageContainerManager metrics system started
2019-10-01 17:24:02,415 [main] WARN  impl.MetricsSystemImpl (MetricsSystemImpl.java:register(276)) - Sink prometheus already exists!
2019-10-01 17:24:02,420 [main] INFO  server.SCMClientProtocolServer (SCMClientProtocolServer.java:start(150)) - RPC server for Client  is listening at /0.0.0.0:35658
2019-10-01 17:24:02,420 [IPC Server Responder] INFO  ipc.Server (Server.java:run(1314)) - IPC Server Responder: starting
2019-10-01 17:24:02,420 [IPC Server listener on 35658] INFO  ipc.Server (Server.java:run(1153)) - IPC Server listener on 35658: starting
2019-10-01 17:24:02,423 [main] INFO  server.StorageContainerManager (StorageContainerManager.java:start(780)) - ScmBlockLocationProtocol RPC server is listening at /0.0.0.0:44868
2019-10-01 17:24:02,424 [main] INFO  server.SCMBlockProtocolServer (SCMBlockProtocolServer.java:start(146)) - RPC server for Block Protocol is listening at /0.0.0.0:44868
2019-10-01 17:24:02,424 [IPC Server Responder] INFO  ipc.Server (Server.java:run(1314)) - IPC Server Responder: starting
2019-10-01 17:24:02,424 [IPC Server listener on 44868] INFO  ipc.Server (Server.java:run(1153)) - IPC Server listener on 44868: starting
2019-10-01 17:24:02,428 [main] INFO  server.StorageContainerManager (StorageContainerManager.java:start(784)) - ScmDatanodeProtocl RPC server is listening at /0.0.0.0:38856
2019-10-01 17:24:02,428 [main] INFO  server.SCMDatanodeProtocolServer (SCMDatanodeProtocolServer.java:start(191)) - RPC server for DataNodes is listening at /0.0.0.0:38856
2019-10-01 17:24:02,428 [IPC Server Responder] INFO  ipc.Server (Server.java:run(1314)) - IPC Server Responder: starting
2019-10-01 17:24:02,428 [IPC Server listener on 38856] INFO  ipc.Server (Server.java:run(1153)) - IPC Server listener on 38856: starting
2019-10-01 17:24:02,432 [main] INFO  http.HttpServer2 (HttpServer2.java:bindListener(1191)) - Jetty bound to port 40273
2019-10-01 17:24:02,432 [main] INFO  server.Server (Server.java:doStart(351)) - jetty-9.3.25.v20180904, build timestamp: 2018-09-04T21:11:46Z, git hash: 3ce520221d0240229c862b122d2b06c12a625732
2019-10-01 17:24:02,434 [main] INFO  handler.ContextHandler (ContextHandler.java:doStart(781)) - Started o.e.j.s.ServletContextHandler@6824b913{/logs,file:///workdir/hadoop-ozone/integration-test/target/log,AVAILABLE}
2019-10-01 17:24:02,434 [main] INFO  handler.ContextHandler (ContextHandler.java:doStart(781)) - Started o.e.j.s.ServletContextHandler@705a8dbc{/static,file:///workdir/hadoop-ozone/integration-test/target/test-classes/webapps/static,AVAILABLE}
2019-10-01 17:24:02,438 [main] INFO  handler.ContextHandler (ContextHandler.java:doStart(781)) - Started o.e.j.w.WebAppContext@6d08b4e6{/,file:///workdir/hadoop-ozone/integration-test/target/test-classes/webapps/scm/,AVAILABLE}{/scm}
2019-10-01 17:24:02,439 [main] INFO  server.AbstractConnector (AbstractConnector.java:doStart(278)) - Started ServerConnector@1015a4b9{HTTP/1.1,[http/1.1]}{0.0.0.0:40273}
2019-10-01 17:24:02,439 [main] INFO  server.Server (Server.java:doStart(419)) - Started @39714ms
2019-10-01 17:24:02,440 [main] WARN  impl.MetricsSystemImpl (MetricsSystemImpl.java:register(276)) - Sink prometheus already exists!
2019-10-01 17:24:02,440 [main] INFO  server.BaseHttpServer (BaseHttpServer.java:updateConnectorAddress(215)) - HTTP server of SCM is listening at http://0.0.0.0:40273
2019-10-01 17:24:02,441 [org.apache.hadoop.util.JvmPauseMonitor$Monitor@7bf01cb] INFO  util.JvmPauseMonitor (JvmPauseMonitor.java:run(188)) - Starting JVM pause monitor
2019-10-01 17:24:02,442 [main] WARN  server.ServerUtils (ServerUtils.java:getDBPath(222)) - ozone.om.db.dirs is not configured. We recommend adding this setting. Falling back to ozone.metadata.dirs instead.
2019-10-01 17:24:02,453 [main] WARN  server.ServerUtils (ServerUtils.java:getDBPath(222)) - ozone.om.db.dirs is not configured. We recommend adding this setting. Falling back to ozone.metadata.dirs instead.
2019-10-01 17:24:02,454 [main] WARN  server.ServerUtils (ServerUtils.java:getDBPath(222)) - ozone.om.db.dirs is not configured. We recommend adding this setting. Falling back to ozone.metadata.dirs instead.
2019-10-01 17:24:02,454 [main] INFO  om.OzoneManager (OzoneManager.java:setOMNodeDetails(652)) - OM Service ID is not set. Setting it to the default ID: omServiceIdDefault
2019-10-01 17:24:02,454 [main] INFO  om.OzoneManager (OzoneManager.java:setOMNodeDetails(658)) - OM Node ID is not set. Setting it to the OmStorage's OmID: 73533d94-e0bc-4d50-b8d5-52a050fd5680
2019-10-01 17:24:02,454 [main] INFO  om.OzoneManager (OzoneManager.java:loadOMHAConfigs(609)) - Found matching OM address with OMServiceId: null, OMNodeId: null, RPC Address: localhost:0 and Ratis port: 9872
2019-10-01 17:24:02,461 [main] WARN  server.ServerUtils (ServerUtils.java:getDBPath(222)) - ozone.om.db.dirs is not configured. We recommend adding this setting. Falling back to ozone.metadata.dirs instead.
2019-10-01 17:24:02,461 [main] INFO  db.DBStoreBuilder (DBStoreBuilder.java:addTable(110)) - using custom profile for table: userTable
2019-10-01 17:24:02,461 [main] INFO  db.DBStoreBuilder (DBStoreBuilder.java:processTables(161)) - Using default column profile:DBProfile.DISK for Table:userTable
2019-10-01 17:24:02,461 [main] INFO  db.DBStoreBuilder (DBStoreBuilder.java:addTable(110)) - using custom profile for table: volumeTable
2019-10-01 17:24:02,462 [main] INFO  db.DBStoreBuilder (DBStoreBuilder.java:processTables(161)) - Using default column profile:DBProfile.DISK for Table:volumeTable
2019-10-01 17:24:02,462 [main] INFO  db.DBStoreBuilder (DBStoreBuilder.java:addTable(110)) - using custom profile for table: bucketTable
2019-10-01 17:24:02,462 [main] INFO  db.DBStoreBuilder (DBStoreBuilder.java:processTables(161)) - Using default column profile:DBProfile.DISK for Table:bucketTable
2019-10-01 17:24:02,462 [main] INFO  db.DBStoreBuilder (DBStoreBuilder.java:addTable(110)) - using custom profile for table: keyTable
2019-10-01 17:24:02,462 [main] INFO  db.DBStoreBuilder (DBStoreBuilder.java:processTables(161)) - Using default column profile:DBProfile.DISK for Table:keyTable
2019-10-01 17:24:02,463 [main] INFO  db.DBStoreBuilder (DBStoreBuilder.java:addTable(110)) - using custom profile for table: deletedTable
2019-10-01 17:24:02,463 [main] INFO  db.DBStoreBuilder (DBStoreBuilder.java:processTables(161)) - Using default column profile:DBProfile.DISK for Table:deletedTable
2019-10-01 17:24:02,463 [main] INFO  db.DBStoreBuilder (DBStoreBuilder.java:addTable(110)) - using custom profile for table: openKeyTable
2019-10-01 17:24:02,463 [main] INFO  db.DBStoreBuilder (DBStoreBuilder.java:processTables(161)) - Using default column profile:DBProfile.DISK for Table:openKeyTable
2019-10-01 17:24:02,463 [main] INFO  db.DBStoreBuilder (DBStoreBuilder.java:addTable(110)) - using custom profile for table: s3Table
2019-10-01 17:24:02,463 [main] INFO  db.DBStoreBuilder (DBStoreBuilder.java:processTables(161)) - Using default column profile:DBProfile.DISK for Table:s3Table
2019-10-01 17:24:02,464 [main] INFO  db.DBStoreBuilder (DBStoreBuilder.java:addTable(110)) - using custom profile for table: multipartInfoTable
2019-10-01 17:24:02,464 [main] INFO  db.DBStoreBuilder (DBStoreBuilder.java:processTables(161)) - Using default column profile:DBProfile.DISK for Table:multipartInfoTable
2019-10-01 17:24:02,464 [main] INFO  db.DBStoreBuilder (DBStoreBuilder.java:addTable(110)) - using custom profile for table: dTokenTable
2019-10-01 17:24:02,464 [main] INFO  db.DBStoreBuilder (DBStoreBuilder.java:processTables(161)) - Using default column profile:DBProfile.DISK for Table:dTokenTable
2019-10-01 17:24:02,465 [main] INFO  db.DBStoreBuilder (DBStoreBuilder.java:addTable(110)) - using custom profile for table: s3SecretTable
2019-10-01 17:24:02,465 [main] INFO  db.DBStoreBuilder (DBStoreBuilder.java:processTables(161)) - Using default column profile:DBProfile.DISK for Table:s3SecretTable
2019-10-01 17:24:02,465 [main] INFO  db.DBStoreBuilder (DBStoreBuilder.java:addTable(110)) - using custom profile for table: prefixTable
2019-10-01 17:24:02,465 [main] INFO  db.DBStoreBuilder (DBStoreBuilder.java:processTables(161)) - Using default column profile:DBProfile.DISK for Table:prefixTable
2019-10-01 17:24:02,466 [main] INFO  db.DBStoreBuilder (DBStoreBuilder.java:addTable(110)) - using custom profile for table: default
2019-10-01 17:24:02,466 [main] INFO  db.DBStoreBuilder (DBStoreBuilder.java:processTables(167)) - Using default column profile:DBProfile.DISK for Table:default
2019-10-01 17:24:02,466 [main] INFO  db.DBStoreBuilder (DBStoreBuilder.java:getDbProfile(198)) - Using default options. DBProfile.DISK
2019-10-01 17:24:02,965 [main] INFO  ipc.CallQueueManager (CallQueueManager.java:<init>(84)) - Using callQueue: class java.util.concurrent.LinkedBlockingQueue, queueCapacity: 2000, scheduler: class org.apache.hadoop.ipc.DefaultRpcScheduler, ipcBackoff: false.
2019-10-01 17:24:02,966 [Socket Reader #1 for port 43174] INFO  ipc.Server (Server.java:run(1074)) - Starting Socket Reader #1 for port 43174
2019-10-01 17:24:02,982 [main] INFO  om.OzoneManager (OzoneManager.java:start(1243)) - OzoneManager RPC server is listening at localhost/127.0.0.1:43174
2019-10-01 17:24:02,982 [main] INFO  impl.MetricsSystemImpl (MetricsSystemImpl.java:init(158)) - OzoneManager metrics system started (again)
2019-10-01 17:24:02,983 [IPC Server Responder] INFO  ipc.Server (Server.java:run(1314)) - IPC Server Responder: starting
2019-10-01 17:24:02,984 [IPC Server listener on 43174] INFO  ipc.Server (Server.java:run(1153)) - IPC Server listener on 43174: starting
2019-10-01 17:24:02,988 [main] INFO  hdfs.DFSUtil (DFSUtil.java:httpServerTemplateForNNAndJN(1641)) - Starting Web-server for ozoneManager at: http://0.0.0.0:0
2019-10-01 17:24:02,990 [main] INFO  server.AuthenticationFilter (AuthenticationFilter.java:constructSecretProvider(240)) - Unable to initialize FileSignerSecretProvider, falling back to use random secrets.
2019-10-01 17:24:02,991 [main] WARN  http.HttpRequestLog (HttpRequestLog.java:getRequestLog(97)) - Jetty request log can only be enabled using Log4j
2019-10-01 17:24:02,994 [main] INFO  http.HttpServer2 (HttpServer2.java:addGlobalFilter(975)) - Added global filter 'safety' (class=org.apache.hadoop.http.HttpServer2$QuotingInputFilter)
2019-10-01 17:24:02,995 [main] INFO  http.HttpServer2 (HttpServer2.java:addFilter(948)) - Added filter static_user_filter (class=org.apache.hadoop.http.lib.StaticUserWebFilter$StaticUserFilter) to context ozoneManager
2019-10-01 17:24:02,995 [main] INFO  http.HttpServer2 (HttpServer2.java:addFilter(958)) - Added filter static_user_filter (class=org.apache.hadoop.http.lib.StaticUserWebFilter$StaticUserFilter) to context logs
2019-10-01 17:24:02,995 [main] INFO  http.HttpServer2 (HttpServer2.java:addFilter(958)) - Added filter static_user_filter (class=org.apache.hadoop.http.lib.StaticUserWebFilter$StaticUserFilter) to context static
2019-10-01 17:24:02,997 [main] INFO  http.HttpServer2 (HttpServer2.java:bindListener(1191)) - Jetty bound to port 41445
2019-10-01 17:24:02,997 [main] INFO  server.Server (Server.java:doStart(351)) - jetty-9.3.25.v20180904, build timestamp: 2018-09-04T21:11:46Z, git hash: 3ce520221d0240229c862b122d2b06c12a625732
2019-10-01 17:24:02,999 [main] INFO  handler.ContextHandler (ContextHandler.java:doStart(781)) - Started o.e.j.s.ServletContextHandler@ffd4cba{/logs,file:///workdir/hadoop-ozone/integration-test/target/log,AVAILABLE}
2019-10-01 17:24:03,000 [main] INFO  handler.ContextHandler (ContextHandler.java:doStart(781)) - Started o.e.j.s.ServletContextHandler@670f2466{/static,file:///workdir/hadoop-ozone/integration-test/target/test-classes/webapps/static,AVAILABLE}
2019-10-01 17:24:03,006 [main] INFO  handler.ContextHandler (ContextHandler.java:doStart(781)) - Started o.e.j.w.WebAppContext@309cedb6{/,file:///workdir/hadoop-ozone/integration-test/target/test-classes/webapps/ozoneManager/,AVAILABLE}{/ozoneManager}
2019-10-01 17:24:03,007 [main] INFO  server.AbstractConnector (AbstractConnector.java:doStart(278)) - Started ServerConnector@3b95a6db{HTTP/1.1,[http/1.1]}{0.0.0.0:41445}
2019-10-01 17:24:03,008 [main] INFO  server.Server (Server.java:doStart(419)) - Started @40283ms
2019-10-01 17:24:03,008 [main] WARN  impl.MetricsSystemImpl (MetricsSystemImpl.java:register(276)) - Sink prometheus already exists!
2019-10-01 17:24:03,009 [main] INFO  server.BaseHttpServer (BaseHttpServer.java:updateConnectorAddress(215)) - HTTP server of OZONEMANAGER is listening at http://0.0.0.0:41445
2019-10-01 17:24:03,042 [main] INFO  impl.MetricsSystemImpl (MetricsSystemImpl.java:init(158)) - HddsDatanode metrics system started (again)
2019-10-01 17:24:03,044 [main] INFO  ozone.HddsDatanodeService (HddsDatanodeService.java:start(184)) - HddsDatanodeService host:pr-hdds-2210-qxppt-2300642653 ip:192.168.164.197
2019-10-01 17:24:03,050 [main] INFO  volume.HddsVolume (HddsVolume.java:<init>(176)) - Creating Volume: /workdir/hadoop-ozone/integration-test/target/test-dir/MiniOzoneClusterImpl-0cbaa30b-01de-466b-a1fd-102ebf986b4c/datanode-0/data/containers/hdds of  storage type : DISK and capacity : 1482555576320
2019-10-01 17:24:03,051 [main] INFO  volume.VolumeSet (VolumeSet.java:initializeVolumeSet(170)) - Added Volume : /workdir/hadoop-ozone/integration-test/target/test-dir/MiniOzoneClusterImpl-0cbaa30b-01de-466b-a1fd-102ebf986b4c/datanode-0/data/containers/hdds to VolumeSet
2019-10-01 17:24:03,051 [main] INFO  volume.ThrottledAsyncChecker (ThrottledAsyncChecker.java:schedule(139)) - Scheduling a check for org.apache.hadoop.ozone.container.common.volume.HddsVolume@36b9cb99
2019-10-01 17:24:03,052 [main] INFO  volume.HddsVolumeChecker (HddsVolumeChecker.java:checkAllVolumes(202)) - Scheduled health check for volume org.apache.hadoop.ozone.container.common.volume.HddsVolume@36b9cb99
2019-10-01 17:24:03,066 [main] INFO  impl.RaftServerProxy (ConfUtils.java:logGet(43)) - raft.rpc.type = GRPC (default)
2019-10-01 17:24:03,066 [main] INFO  grpc.GrpcFactory (GrpcFactory.java:checkPooledByteBufAllocatorUseCacheForAllThreads(45)) - PERFORMANCE WARNING: useCacheForAllThreads is true that may cause Netty to create a lot garbage objects and, as a result, trigger GC.
	It is recommended to disable useCacheForAllThreads by setting -Dorg.apache.ratis.thirdparty.io.netty.allocator.useCacheForAllThreads=false in command line.
2019-10-01 17:24:03,066 [main] INFO  grpc.GrpcConfigKeys$Server (ConfUtils.java:logGet(43)) - raft.grpc.server.port = 0 (default)
2019-10-01 17:24:03,067 [main] INFO  server.GrpcService (ConfUtils.java:logGet(43)) - raft.grpc.message.size.max = 33570816 (custom)
2019-10-01 17:24:03,067 [main] INFO  server.RaftServerConfigKeys (ConfUtils.java:logGet(43)) - raft.server.log.appender.buffer.byte-limit = 33554432 (custom)
2019-10-01 17:24:03,067 [main] INFO  server.GrpcService (ConfUtils.java:logGet(43)) - raft.grpc.flow.control.window = 1MB (=1048576) (default)
2019-10-01 17:24:03,067 [main] INFO  server.RaftServerConfigKeys (ConfUtils.java:logGet(43)) - raft.server.rpc.request.timeout = 3000ms (default)
2019-10-01 17:24:03,068 [main] INFO  server.RaftServerConfigKeys (ConfUtils.java:logGet(43)) - raft.server.storage.dir = [/workdir/hadoop-ozone/integration-test/target/test-dir/MiniOzoneClusterImpl-0cbaa30b-01de-466b-a1fd-102ebf986b4c/datanode-0/data/ratis] (custom)
2019-10-01 17:24:03,069 [main] INFO  hdfs.DFSUtil (DFSUtil.java:httpServerTemplateForNNAndJN(1641)) - Starting Web-server for hddsDatanode at: http://0.0.0.0:0
2019-10-01 17:24:03,071 [main] INFO  server.AuthenticationFilter (AuthenticationFilter.java:constructSecretProvider(240)) - Unable to initialize FileSignerSecretProvider, falling back to use random secrets.
2019-10-01 17:24:03,072 [main] WARN  http.HttpRequestLog (HttpRequestLog.java:getRequestLog(97)) - Jetty request log can only be enabled using Log4j
2019-10-01 17:24:03,074 [main] INFO  http.HttpServer2 (HttpServer2.java:addGlobalFilter(975)) - Added global filter 'safety' (class=org.apache.hadoop.http.HttpServer2$QuotingInputFilter)
2019-10-01 17:24:03,076 [main] INFO  http.HttpServer2 (HttpServer2.java:addFilter(948)) - Added filter static_user_filter (class=org.apache.hadoop.http.lib.StaticUserWebFilter$StaticUserFilter) to context hddsDatanode
2019-10-01 17:24:03,076 [main] INFO  http.HttpServer2 (HttpServer2.java:addFilter(958)) - Added filter static_user_filter (class=org.apache.hadoop.http.lib.StaticUserWebFilter$StaticUserFilter) to context logs
2019-10-01 17:24:03,076 [main] INFO  http.HttpServer2 (HttpServer2.java:addFilter(958)) - Added filter static_user_filter (class=org.apache.hadoop.http.lib.StaticUserWebFilter$StaticUserFilter) to context static
2019-10-01 17:24:03,077 [main] INFO  http.HttpServer2 (HttpServer2.java:bindListener(1191)) - Jetty bound to port 41600
2019-10-01 17:24:03,077 [main] INFO  server.Server (Server.java:doStart(351)) - jetty-9.3.25.v20180904, build timestamp: 2018-09-04T21:11:46Z, git hash: 3ce520221d0240229c862b122d2b06c12a625732
2019-10-01 17:24:03,079 [main] INFO  handler.ContextHandler (ContextHandler.java:doStart(781)) - Started o.e.j.s.ServletContextHandler@5a936e64{/logs,file:///workdir/hadoop-ozone/integration-test/target/log,AVAILABLE}
2019-10-01 17:24:03,080 [main] INFO  handler.ContextHandler (ContextHandler.java:doStart(781)) - Started o.e.j.s.ServletContextHandler@65bad087{/static,jar:file:/home/user/.m2/repository/org/apache/hadoop/hadoop-hdds-container-service/0.5.0-SNAPSHOT/hadoop-hdds-container-service-0.5.0-SNAPSHOT.jar!/webapps/static,AVAILABLE}
2019-10-01 17:24:03,129 [main] INFO  handler.ContextHandler (ContextHandler.java:doStart(781)) - Started o.e.j.w.WebAppContext@d70f722{/,file:///tmp/jetty-0.0.0.0-41600-hddsDatanode-_-any-6543778425549182823.dir/webapp/,AVAILABLE}{/hddsDatanode}
2019-10-01 17:24:03,131 [main] INFO  server.AbstractConnector (AbstractConnector.java:doStart(278)) - Started ServerConnector@1e1eeedd{HTTP/1.1,[http/1.1]}{0.0.0.0:41600}
2019-10-01 17:24:03,131 [main] INFO  server.Server (Server.java:doStart(419)) - Started @40405ms
2019-10-01 17:24:03,131 [main] WARN  impl.MetricsSystemImpl (MetricsSystemImpl.java:register(276)) - Sink prometheus already exists!
2019-10-01 17:24:03,132 [main] INFO  server.BaseHttpServer (BaseHttpServer.java:updateConnectorAddress(215)) - HTTP server of HDDSDATANODE is listening at http://0.0.0.0:41600
2019-10-01 17:24:03,132 [main] INFO  impl.MetricsSystemImpl (MetricsSystemImpl.java:init(158)) - HddsDatanode metrics system started (again)
2019-10-01 17:24:03,136 [org.apache.hadoop.util.JvmPauseMonitor$Monitor@5be43304] INFO  util.JvmPauseMonitor (JvmPauseMonitor.java:run(188)) - Starting JVM pause monitor
2019-10-01 17:24:03,137 [main] INFO  ozone.HddsDatanodeService (HddsDatanodeService.java:start(184)) - HddsDatanodeService host:pr-hdds-2210-qxppt-2300642653 ip:192.168.164.197
2019-10-01 17:24:03,138 [Datanode State Machine Thread - 0] INFO  datanode.InitDatanodeState (InitDatanodeState.java:persistContainerDatanodeDetails(140)) - DatanodeDetails is persisted to /workdir/hadoop-ozone/integration-test/target/test-dir/MiniOzoneClusterImpl-0cbaa30b-01de-466b-a1fd-102ebf986b4c/datanode-0/meta/datanode.id
2019-10-01 17:24:03,143 [main] INFO  volume.HddsVolume (HddsVolume.java:<init>(176)) - Creating Volume: /workdir/hadoop-ozone/integration-test/target/test-dir/MiniOzoneClusterImpl-0cbaa30b-01de-466b-a1fd-102ebf986b4c/datanode-1/data/containers/hdds of  storage type : DISK and capacity : 1482555576320
2019-10-01 17:24:03,143 [main] INFO  volume.VolumeSet (VolumeSet.java:initializeVolumeSet(170)) - Added Volume : /workdir/hadoop-ozone/integration-test/target/test-dir/MiniOzoneClusterImpl-0cbaa30b-01de-466b-a1fd-102ebf986b4c/datanode-1/data/containers/hdds to VolumeSet
2019-10-01 17:24:03,143 [main] INFO  volume.ThrottledAsyncChecker (ThrottledAsyncChecker.java:schedule(139)) - Scheduling a check for org.apache.hadoop.ozone.container.common.volume.HddsVolume@70f68288
2019-10-01 17:24:03,144 [main] INFO  volume.HddsVolumeChecker (HddsVolumeChecker.java:checkAllVolumes(202)) - Scheduled health check for volume org.apache.hadoop.ozone.container.common.volume.HddsVolume@70f68288
2019-10-01 17:24:03,161 [main] INFO  impl.RaftServerProxy (ConfUtils.java:logGet(43)) - raft.rpc.type = GRPC (default)
2019-10-01 17:24:03,162 [main] INFO  grpc.GrpcFactory (GrpcFactory.java:checkPooledByteBufAllocatorUseCacheForAllThreads(45)) - PERFORMANCE WARNING: useCacheForAllThreads is true that may cause Netty to create a lot garbage objects and, as a result, trigger GC.
	It is recommended to disable useCacheForAllThreads by setting -Dorg.apache.ratis.thirdparty.io.netty.allocator.useCacheForAllThreads=false in command line.
2019-10-01 17:24:03,162 [main] INFO  grpc.GrpcConfigKeys$Server (ConfUtils.java:logGet(43)) - raft.grpc.server.port = 0 (default)
2019-10-01 17:24:03,162 [main] INFO  server.GrpcService (ConfUtils.java:logGet(43)) - raft.grpc.message.size.max = 33570816 (custom)
2019-10-01 17:24:03,162 [main] INFO  server.RaftServerConfigKeys (ConfUtils.java:logGet(43)) - raft.server.log.appender.buffer.byte-limit = 33554432 (custom)
2019-10-01 17:24:03,163 [main] INFO  server.GrpcService (ConfUtils.java:logGet(43)) - raft.grpc.flow.control.window = 1MB (=1048576) (default)
2019-10-01 17:24:03,163 [main] INFO  server.RaftServerConfigKeys (ConfUtils.java:logGet(43)) - raft.server.rpc.request.timeout = 3000ms (default)
2019-10-01 17:24:03,163 [main] INFO  server.RaftServerConfigKeys (ConfUtils.java:logGet(43)) - raft.server.storage.dir = [/workdir/hadoop-ozone/integration-test/target/test-dir/MiniOzoneClusterImpl-0cbaa30b-01de-466b-a1fd-102ebf986b4c/datanode-1/data/ratis] (custom)
2019-10-01 17:24:03,165 [main] INFO  hdfs.DFSUtil (DFSUtil.java:httpServerTemplateForNNAndJN(1641)) - Starting Web-server for hddsDatanode at: http://0.0.0.0:0
2019-10-01 17:24:03,166 [main] INFO  server.AuthenticationFilter (AuthenticationFilter.java:constructSecretProvider(240)) - Unable to initialize FileSignerSecretProvider, falling back to use random secrets.
2019-10-01 17:24:03,167 [main] WARN  http.HttpRequestLog (HttpRequestLog.java:getRequestLog(97)) - Jetty request log can only be enabled using Log4j
2019-10-01 17:24:03,169 [main] INFO  http.HttpServer2 (HttpServer2.java:addGlobalFilter(975)) - Added global filter 'safety' (class=org.apache.hadoop.http.HttpServer2$QuotingInputFilter)
2019-10-01 17:24:03,169 [main] INFO  http.HttpServer2 (HttpServer2.java:addFilter(948)) - Added filter static_user_filter (class=org.apache.hadoop.http.lib.StaticUserWebFilter$StaticUserFilter) to context hddsDatanode
2019-10-01 17:24:03,170 [main] INFO  http.HttpServer2 (HttpServer2.java:addFilter(958)) - Added filter static_user_filter (class=org.apache.hadoop.http.lib.StaticUserWebFilter$StaticUserFilter) to context static
2019-10-01 17:24:03,170 [main] INFO  http.HttpServer2 (HttpServer2.java:addFilter(958)) - Added filter static_user_filter (class=org.apache.hadoop.http.lib.StaticUserWebFilter$StaticUserFilter) to context logs
2019-10-01 17:24:03,171 [main] INFO  http.HttpServer2 (HttpServer2.java:bindListener(1191)) - Jetty bound to port 35506
2019-10-01 17:24:03,171 [main] INFO  server.Server (Server.java:doStart(351)) - jetty-9.3.25.v20180904, build timestamp: 2018-09-04T21:11:46Z, git hash: 3ce520221d0240229c862b122d2b06c12a625732
2019-10-01 17:24:03,173 [main] INFO  handler.ContextHandler (ContextHandler.java:doStart(781)) - Started o.e.j.s.ServletContextHandler@383caf89{/logs,file:///workdir/hadoop-ozone/integration-test/target/log,AVAILABLE}
2019-10-01 17:24:03,173 [main] INFO  handler.ContextHandler (ContextHandler.java:doStart(781)) - Started o.e.j.s.ServletContextHandler@71ed560f{/static,jar:file:/home/user/.m2/repository/org/apache/hadoop/hadoop-hdds-container-service/0.5.0-SNAPSHOT/hadoop-hdds-container-service-0.5.0-SNAPSHOT.jar!/webapps/static,AVAILABLE}
2019-10-01 17:24:03,207 [main] INFO  handler.ContextHandler (ContextHandler.java:doStart(781)) - Started o.e.j.w.WebAppContext@4f654cee{/,file:///tmp/jetty-0.0.0.0-35506-hddsDatanode-_-any-7214662001880635841.dir/webapp/,AVAILABLE}{/hddsDatanode}
2019-10-01 17:24:03,207 [main] INFO  server.AbstractConnector (AbstractConnector.java:doStart(278)) - Started ServerConnector@3e1fd62b{HTTP/1.1,[http/1.1]}{0.0.0.0:35506}
2019-10-01 17:24:03,208 [main] INFO  server.Server (Server.java:doStart(419)) - Started @40483ms
2019-10-01 17:24:03,209 [main] WARN  impl.MetricsSystemImpl (MetricsSystemImpl.java:register(276)) - Sink prometheus already exists!
2019-10-01 17:24:03,209 [main] INFO  server.BaseHttpServer (BaseHttpServer.java:updateConnectorAddress(215)) - HTTP server of HDDSDATANODE is listening at http://0.0.0.0:35506
2019-10-01 17:24:03,210 [main] INFO  impl.MetricsSystemImpl (MetricsSystemImpl.java:init(158)) - HddsDatanode metrics system started (again)
2019-10-01 17:24:03,213 [org.apache.hadoop.util.JvmPauseMonitor$Monitor@2b09cf30] INFO  util.JvmPauseMonitor (JvmPauseMonitor.java:run(188)) - Starting JVM pause monitor
2019-10-01 17:24:03,214 [main] INFO  ozone.HddsDatanodeService (HddsDatanodeService.java:start(184)) - HddsDatanodeService host:pr-hdds-2210-qxppt-2300642653 ip:192.168.164.197
2019-10-01 17:24:03,215 [Datanode State Machine Thread - 0] INFO  datanode.InitDatanodeState (InitDatanodeState.java:persistContainerDatanodeDetails(140)) - DatanodeDetails is persisted to /workdir/hadoop-ozone/integration-test/target/test-dir/MiniOzoneClusterImpl-0cbaa30b-01de-466b-a1fd-102ebf986b4c/datanode-1/meta/datanode.id
2019-10-01 17:24:03,219 [main] INFO  volume.HddsVolume (HddsVolume.java:<init>(176)) - Creating Volume: /workdir/hadoop-ozone/integration-test/target/test-dir/MiniOzoneClusterImpl-0cbaa30b-01de-466b-a1fd-102ebf986b4c/datanode-2/data/containers/hdds of  storage type : DISK and capacity : 1482555576320
2019-10-01 17:24:03,219 [main] INFO  volume.VolumeSet (VolumeSet.java:initializeVolumeSet(170)) - Added Volume : /workdir/hadoop-ozone/integration-test/target/test-dir/MiniOzoneClusterImpl-0cbaa30b-01de-466b-a1fd-102ebf986b4c/datanode-2/data/containers/hdds to VolumeSet
2019-10-01 17:24:03,220 [main] INFO  volume.ThrottledAsyncChecker (ThrottledAsyncChecker.java:schedule(139)) - Scheduling a check for org.apache.hadoop.ozone.container.common.volume.HddsVolume@45ab3bdd
2019-10-01 17:24:03,220 [main] INFO  volume.HddsVolumeChecker (HddsVolumeChecker.java:checkAllVolumes(202)) - Scheduled health check for volume org.apache.hadoop.ozone.container.common.volume.HddsVolume@45ab3bdd
2019-10-01 17:24:03,235 [main] INFO  impl.RaftServerProxy (ConfUtils.java:logGet(43)) - raft.rpc.type = GRPC (default)
2019-10-01 17:24:03,235 [main] INFO  grpc.GrpcFactory (GrpcFactory.java:checkPooledByteBufAllocatorUseCacheForAllThreads(45)) - PERFORMANCE WARNING: useCacheForAllThreads is true that may cause Netty to create a lot garbage objects and, as a result, trigger GC.
	It is recommended to disable useCacheForAllThreads by setting -Dorg.apache.ratis.thirdparty.io.netty.allocator.useCacheForAllThreads=false in command line.
2019-10-01 17:24:03,235 [main] INFO  grpc.GrpcConfigKeys$Server (ConfUtils.java:logGet(43)) - raft.grpc.server.port = 0 (default)
2019-10-01 17:24:03,236 [main] INFO  server.GrpcService (ConfUtils.java:logGet(43)) - raft.grpc.message.size.max = 33570816 (custom)
2019-10-01 17:24:03,236 [main] INFO  server.RaftServerConfigKeys (ConfUtils.java:logGet(43)) - raft.server.log.appender.buffer.byte-limit = 33554432 (custom)
2019-10-01 17:24:03,236 [main] INFO  server.GrpcService (ConfUtils.java:logGet(43)) - raft.grpc.flow.control.window = 1MB (=1048576) (default)
2019-10-01 17:24:03,236 [main] INFO  server.RaftServerConfigKeys (ConfUtils.java:logGet(43)) - raft.server.rpc.request.timeout = 3000ms (default)
2019-10-01 17:24:03,237 [main] INFO  server.RaftServerConfigKeys (ConfUtils.java:logGet(43)) - raft.server.storage.dir = [/workdir/hadoop-ozone/integration-test/target/test-dir/MiniOzoneClusterImpl-0cbaa30b-01de-466b-a1fd-102ebf986b4c/datanode-2/data/ratis] (custom)
2019-10-01 17:24:03,238 [main] INFO  hdfs.DFSUtil (DFSUtil.java:httpServerTemplateForNNAndJN(1641)) - Starting Web-server for hddsDatanode at: http://0.0.0.0:0
2019-10-01 17:24:03,240 [main] INFO  server.AuthenticationFilter (AuthenticationFilter.java:constructSecretProvider(240)) - Unable to initialize FileSignerSecretProvider, falling back to use random secrets.
2019-10-01 17:24:03,241 [main] WARN  http.HttpRequestLog (HttpRequestLog.java:getRequestLog(97)) - Jetty request log can only be enabled using Log4j
2019-10-01 17:24:03,242 [main] INFO  http.HttpServer2 (HttpServer2.java:addGlobalFilter(975)) - Added global filter 'safety' (class=org.apache.hadoop.http.HttpServer2$QuotingInputFilter)
2019-10-01 17:24:03,243 [main] INFO  http.HttpServer2 (HttpServer2.java:addFilter(948)) - Added filter static_user_filter (class=org.apache.hadoop.http.lib.StaticUserWebFilter$StaticUserFilter) to context hddsDatanode
2019-10-01 17:24:03,243 [main] INFO  http.HttpServer2 (HttpServer2.java:addFilter(958)) - Added filter static_user_filter (class=org.apache.hadoop.http.lib.StaticUserWebFilter$StaticUserFilter) to context logs
2019-10-01 17:24:03,243 [main] INFO  http.HttpServer2 (HttpServer2.java:addFilter(958)) - Added filter static_user_filter (class=org.apache.hadoop.http.lib.StaticUserWebFilter$StaticUserFilter) to context static
2019-10-01 17:24:03,244 [main] INFO  http.HttpServer2 (HttpServer2.java:bindListener(1191)) - Jetty bound to port 40300
2019-10-01 17:24:03,245 [main] INFO  server.Server (Server.java:doStart(351)) - jetty-9.3.25.v20180904, build timestamp: 2018-09-04T21:11:46Z, git hash: 3ce520221d0240229c862b122d2b06c12a625732
2019-10-01 17:24:03,246 [main] INFO  handler.ContextHandler (ContextHandler.java:doStart(781)) - Started o.e.j.s.ServletContextHandler@27abb6ca{/logs,file:///workdir/hadoop-ozone/integration-test/target/log,AVAILABLE}
2019-10-01 17:24:03,247 [main] INFO  handler.ContextHandler (ContextHandler.java:doStart(781)) - Started o.e.j.s.ServletContextHandler@6968c1d6{/static,jar:file:/home/user/.m2/repository/org/apache/hadoop/hadoop-hdds-container-service/0.5.0-SNAPSHOT/hadoop-hdds-container-service-0.5.0-SNAPSHOT.jar!/webapps/static,AVAILABLE}
2019-10-01 17:24:03,276 [main] INFO  handler.ContextHandler (ContextHandler.java:doStart(781)) - Started o.e.j.w.WebAppContext@3a3ed300{/,file:///tmp/jetty-0.0.0.0-40300-hddsDatanode-_-any-7748589026595550561.dir/webapp/,AVAILABLE}{/hddsDatanode}
2019-10-01 17:24:03,277 [main] INFO  server.AbstractConnector (AbstractConnector.java:doStart(278)) - Started ServerConnector@1984212d{HTTP/1.1,[http/1.1]}{0.0.0.0:40300}
2019-10-01 17:24:03,278 [main] INFO  server.Server (Server.java:doStart(419)) - Started @40552ms
2019-10-01 17:24:03,278 [main] WARN  impl.MetricsSystemImpl (MetricsSystemImpl.java:register(276)) - Sink prometheus already exists!
2019-10-01 17:24:03,279 [main] INFO  server.BaseHttpServer (BaseHttpServer.java:updateConnectorAddress(215)) - HTTP server of HDDSDATANODE is listening at http://0.0.0.0:40300
2019-10-01 17:24:03,279 [main] INFO  impl.MetricsSystemImpl (MetricsSystemImpl.java:init(158)) - HddsDatanode metrics system started (again)
2019-10-01 17:24:03,282 [org.apache.hadoop.util.JvmPauseMonitor$Monitor@6497a67b] INFO  util.JvmPauseMonitor (JvmPauseMonitor.java:run(188)) - Starting JVM pause monitor
2019-10-01 17:24:03,283 [main] INFO  ozone.HddsDatanodeService (HddsDatanodeService.java:start(184)) - HddsDatanodeService host:pr-hdds-2210-qxppt-2300642653 ip:192.168.164.197
2019-10-01 17:24:03,284 [Datanode State Machine Thread - 0] INFO  datanode.InitDatanodeState (InitDatanodeState.java:persistContainerDatanodeDetails(140)) - DatanodeDetails is persisted to /workdir/hadoop-ozone/integration-test/target/test-dir/MiniOzoneClusterImpl-0cbaa30b-01de-466b-a1fd-102ebf986b4c/datanode-2/meta/datanode.id
2019-10-01 17:24:03,288 [main] INFO  volume.HddsVolume (HddsVolume.java:<init>(176)) - Creating Volume: /workdir/hadoop-ozone/integration-test/target/test-dir/MiniOzoneClusterImpl-0cbaa30b-01de-466b-a1fd-102ebf986b4c/datanode-3/data/containers/hdds of  storage type : DISK and capacity : 1482555576320
2019-10-01 17:24:03,289 [main] INFO  volume.VolumeSet (VolumeSet.java:initializeVolumeSet(170)) - Added Volume : /workdir/hadoop-ozone/integration-test/target/test-dir/MiniOzoneClusterImpl-0cbaa30b-01de-466b-a1fd-102ebf986b4c/datanode-3/data/containers/hdds to VolumeSet
2019-10-01 17:24:03,289 [main] INFO  volume.ThrottledAsyncChecker (ThrottledAsyncChecker.java:schedule(139)) - Scheduling a check for org.apache.hadoop.ozone.container.common.volume.HddsVolume@1d06f16f
2019-10-01 17:24:03,289 [main] INFO  volume.HddsVolumeChecker (HddsVolumeChecker.java:checkAllVolumes(202)) - Scheduled health check for volume org.apache.hadoop.ozone.container.common.volume.HddsVolume@1d06f16f
2019-10-01 17:24:03,304 [main] INFO  impl.RaftServerProxy (ConfUtils.java:logGet(43)) - raft.rpc.type = GRPC (default)
2019-10-01 17:24:03,304 [main] INFO  grpc.GrpcFactory (GrpcFactory.java:checkPooledByteBufAllocatorUseCacheForAllThreads(45)) - PERFORMANCE WARNING: useCacheForAllThreads is true that may cause Netty to create a lot garbage objects and, as a result, trigger GC.
	It is recommended to disable useCacheForAllThreads by setting -Dorg.apache.ratis.thirdparty.io.netty.allocator.useCacheForAllThreads=false in command line.
2019-10-01 17:24:03,304 [main] INFO  grpc.GrpcConfigKeys$Server (ConfUtils.java:logGet(43)) - raft.grpc.server.port = 0 (default)
2019-10-01 17:24:03,305 [main] INFO  server.GrpcService (ConfUtils.java:logGet(43)) - raft.grpc.message.size.max = 33570816 (custom)
2019-10-01 17:24:03,305 [main] INFO  server.RaftServerConfigKeys (ConfUtils.java:logGet(43)) - raft.server.log.appender.buffer.byte-limit = 33554432 (custom)
2019-10-01 17:24:03,305 [main] INFO  server.GrpcService (ConfUtils.java:logGet(43)) - raft.grpc.flow.control.window = 1MB (=1048576) (default)
2019-10-01 17:24:03,305 [main] INFO  server.RaftServerConfigKeys (ConfUtils.java:logGet(43)) - raft.server.rpc.request.timeout = 3000ms (default)
2019-10-01 17:24:03,306 [main] INFO  server.RaftServerConfigKeys (ConfUtils.java:logGet(43)) - raft.server.storage.dir = [/workdir/hadoop-ozone/integration-test/target/test-dir/MiniOzoneClusterImpl-0cbaa30b-01de-466b-a1fd-102ebf986b4c/datanode-3/data/ratis] (custom)
2019-10-01 17:24:03,307 [main] INFO  hdfs.DFSUtil (DFSUtil.java:httpServerTemplateForNNAndJN(1641)) - Starting Web-server for hddsDatanode at: http://0.0.0.0:0
2019-10-01 17:24:03,308 [main] INFO  server.AuthenticationFilter (AuthenticationFilter.java:constructSecretProvider(240)) - Unable to initialize FileSignerSecretProvider, falling back to use random secrets.
2019-10-01 17:24:03,309 [main] WARN  http.HttpRequestLog (HttpRequestLog.java:getRequestLog(97)) - Jetty request log can only be enabled using Log4j
2019-10-01 17:24:03,310 [main] INFO  http.HttpServer2 (HttpServer2.java:addGlobalFilter(975)) - Added global filter 'safety' (class=org.apache.hadoop.http.HttpServer2$QuotingInputFilter)
2019-10-01 17:24:03,310 [main] INFO  http.HttpServer2 (HttpServer2.java:addFilter(948)) - Added filter static_user_filter (class=org.apache.hadoop.http.lib.StaticUserWebFilter$StaticUserFilter) to context hddsDatanode
2019-10-01 17:24:03,310 [main] INFO  http.HttpServer2 (HttpServer2.java:addFilter(958)) - Added filter static_user_filter (class=org.apache.hadoop.http.lib.StaticUserWebFilter$StaticUserFilter) to context static
2019-10-01 17:24:03,310 [main] INFO  http.HttpServer2 (HttpServer2.java:addFilter(958)) - Added filter static_user_filter (class=org.apache.hadoop.http.lib.StaticUserWebFilter$StaticUserFilter) to context logs
2019-10-01 17:24:03,311 [main] INFO  http.HttpServer2 (HttpServer2.java:bindListener(1191)) - Jetty bound to port 42675
2019-10-01 17:24:03,311 [main] INFO  server.Server (Server.java:doStart(351)) - jetty-9.3.25.v20180904, build timestamp: 2018-09-04T21:11:46Z, git hash: 3ce520221d0240229c862b122d2b06c12a625732
2019-10-01 17:24:03,312 [main] INFO  handler.ContextHandler (ContextHandler.java:doStart(781)) - Started o.e.j.s.ServletContextHandler@fa5f81c{/logs,file:///workdir/hadoop-ozone/integration-test/target/log,AVAILABLE}
2019-10-01 17:24:03,313 [main] INFO  handler.ContextHandler (ContextHandler.java:doStart(781)) - Started o.e.j.s.ServletContextHandler@1f2f0109{/static,jar:file:/home/user/.m2/repository/org/apache/hadoop/hadoop-hdds-container-service/0.5.0-SNAPSHOT/hadoop-hdds-container-service-0.5.0-SNAPSHOT.jar!/webapps/static,AVAILABLE}
2019-10-01 17:24:03,338 [main] INFO  handler.ContextHandler (ContextHandler.java:doStart(781)) - Started o.e.j.w.WebAppContext@1c067c0d{/,file:///tmp/jetty-0.0.0.0-42675-hddsDatanode-_-any-2497751545403451991.dir/webapp/,AVAILABLE}{/hddsDatanode}
2019-10-01 17:24:03,338 [main] INFO  server.AbstractConnector (AbstractConnector.java:doStart(278)) - Started ServerConnector@5d0b0cb9{HTTP/1.1,[http/1.1]}{0.0.0.0:42675}
2019-10-01 17:24:03,339 [main] INFO  server.Server (Server.java:doStart(419)) - Started @40614ms
2019-10-01 17:24:03,339 [main] WARN  impl.MetricsSystemImpl (MetricsSystemImpl.java:register(276)) - Sink prometheus already exists!
2019-10-01 17:24:03,340 [main] INFO  server.BaseHttpServer (BaseHttpServer.java:updateConnectorAddress(215)) - HTTP server of HDDSDATANODE is listening at http://0.0.0.0:42675
2019-10-01 17:24:03,340 [main] INFO  impl.MetricsSystemImpl (MetricsSystemImpl.java:init(158)) - HddsDatanode metrics system started (again)
2019-10-01 17:24:03,345 [org.apache.hadoop.util.JvmPauseMonitor$Monitor@5ff45315] INFO  util.JvmPauseMonitor (JvmPauseMonitor.java:run(188)) - Starting JVM pause monitor
2019-10-01 17:24:03,345 [main] INFO  ozone.HddsDatanodeService (HddsDatanodeService.java:start(184)) - HddsDatanodeService host:pr-hdds-2210-qxppt-2300642653 ip:192.168.164.197
2019-10-01 17:24:03,345 [Datanode State Machine Thread - 0] INFO  datanode.InitDatanodeState (InitDatanodeState.java:persistContainerDatanodeDetails(140)) - DatanodeDetails is persisted to /workdir/hadoop-ozone/integration-test/target/test-dir/MiniOzoneClusterImpl-0cbaa30b-01de-466b-a1fd-102ebf986b4c/datanode-3/meta/datanode.id
2019-10-01 17:24:03,350 [main] INFO  volume.HddsVolume (HddsVolume.java:<init>(176)) - Creating Volume: /workdir/hadoop-ozone/integration-test/target/test-dir/MiniOzoneClusterImpl-0cbaa30b-01de-466b-a1fd-102ebf986b4c/datanode-4/data/containers/hdds of  storage type : DISK and capacity : 1482555576320
2019-10-01 17:24:03,351 [main] INFO  volume.VolumeSet (VolumeSet.java:initializeVolumeSet(170)) - Added Volume : /workdir/hadoop-ozone/integration-test/target/test-dir/MiniOzoneClusterImpl-0cbaa30b-01de-466b-a1fd-102ebf986b4c/datanode-4/data/containers/hdds to VolumeSet
2019-10-01 17:24:03,351 [main] INFO  volume.ThrottledAsyncChecker (ThrottledAsyncChecker.java:schedule(139)) - Scheduling a check for org.apache.hadoop.ozone.container.common.volume.HddsVolume@5649d11a
2019-10-01 17:24:03,351 [main] INFO  volume.HddsVolumeChecker (HddsVolumeChecker.java:checkAllVolumes(202)) - Scheduled health check for volume org.apache.hadoop.ozone.container.common.volume.HddsVolume@5649d11a
2019-10-01 17:24:03,365 [main] INFO  impl.RaftServerProxy (ConfUtils.java:logGet(43)) - raft.rpc.type = GRPC (default)
2019-10-01 17:24:03,366 [main] INFO  grpc.GrpcFactory (GrpcFactory.java:checkPooledByteBufAllocatorUseCacheForAllThreads(45)) - PERFORMANCE WARNING: useCacheForAllThreads is true that may cause Netty to create a lot garbage objects and, as a result, trigger GC.
	It is recommended to disable useCacheForAllThreads by setting -Dorg.apache.ratis.thirdparty.io.netty.allocator.useCacheForAllThreads=false in command line.
2019-10-01 17:24:03,366 [main] INFO  grpc.GrpcConfigKeys$Server (ConfUtils.java:logGet(43)) - raft.grpc.server.port = 0 (default)
2019-10-01 17:24:03,366 [main] INFO  server.GrpcService (ConfUtils.java:logGet(43)) - raft.grpc.message.size.max = 33570816 (custom)
2019-10-01 17:24:03,366 [main] INFO  server.RaftServerConfigKeys (ConfUtils.java:logGet(43)) - raft.server.log.appender.buffer.byte-limit = 33554432 (custom)
2019-10-01 17:24:03,366 [main] INFO  server.GrpcService (ConfUtils.java:logGet(43)) - raft.grpc.flow.control.window = 1MB (=1048576) (default)
2019-10-01 17:24:03,367 [main] INFO  server.RaftServerConfigKeys (ConfUtils.java:logGet(43)) - raft.server.rpc.request.timeout = 3000ms (default)
2019-10-01 17:24:03,367 [main] INFO  server.RaftServerConfigKeys (ConfUtils.java:logGet(43)) - raft.server.storage.dir = [/workdir/hadoop-ozone/integration-test/target/test-dir/MiniOzoneClusterImpl-0cbaa30b-01de-466b-a1fd-102ebf986b4c/datanode-4/data/ratis] (custom)
2019-10-01 17:24:03,368 [main] INFO  hdfs.DFSUtil (DFSUtil.java:httpServerTemplateForNNAndJN(1641)) - Starting Web-server for hddsDatanode at: http://0.0.0.0:0
2019-10-01 17:24:03,370 [main] INFO  server.AuthenticationFilter (AuthenticationFilter.java:constructSecretProvider(240)) - Unable to initialize FileSignerSecretProvider, falling back to use random secrets.
2019-10-01 17:24:03,370 [main] WARN  http.HttpRequestLog (HttpRequestLog.java:getRequestLog(97)) - Jetty request log can only be enabled using Log4j
2019-10-01 17:24:03,371 [main] INFO  http.HttpServer2 (HttpServer2.java:addGlobalFilter(975)) - Added global filter 'safety' (class=org.apache.hadoop.http.HttpServer2$QuotingInputFilter)
2019-10-01 17:24:03,372 [main] INFO  http.HttpServer2 (HttpServer2.java:addFilter(948)) - Added filter static_user_filter (class=org.apache.hadoop.http.lib.StaticUserWebFilter$StaticUserFilter) to context hddsDatanode
2019-10-01 17:24:03,372 [main] INFO  http.HttpServer2 (HttpServer2.java:addFilter(958)) - Added filter static_user_filter (class=org.apache.hadoop.http.lib.StaticUserWebFilter$StaticUserFilter) to context static
2019-10-01 17:24:03,372 [main] INFO  http.HttpServer2 (HttpServer2.java:addFilter(958)) - Added filter static_user_filter (class=org.apache.hadoop.http.lib.StaticUserWebFilter$StaticUserFilter) to context logs
2019-10-01 17:24:03,373 [main] INFO  http.HttpServer2 (HttpServer2.java:bindListener(1191)) - Jetty bound to port 38022
2019-10-01 17:24:03,373 [main] INFO  server.Server (Server.java:doStart(351)) - jetty-9.3.25.v20180904, build timestamp: 2018-09-04T21:11:46Z, git hash: 3ce520221d0240229c862b122d2b06c12a625732
2019-10-01 17:24:03,375 [main] INFO  handler.ContextHandler (ContextHandler.java:doStart(781)) - Started o.e.j.s.ServletContextHandler@d4df0e{/logs,file:///workdir/hadoop-ozone/integration-test/target/log,AVAILABLE}
2019-10-01 17:24:03,376 [main] INFO  handler.ContextHandler (ContextHandler.java:doStart(781)) - Started o.e.j.s.ServletContextHandler@de7e193{/static,jar:file:/home/user/.m2/repository/org/apache/hadoop/hadoop-hdds-container-service/0.5.0-SNAPSHOT/hadoop-hdds-container-service-0.5.0-SNAPSHOT.jar!/webapps/static,AVAILABLE}
2019-10-01 17:24:03,404 [main] INFO  handler.ContextHandler (ContextHandler.java:doStart(781)) - Started o.e.j.w.WebAppContext@25a7fedf{/,file:///tmp/jetty-0.0.0.0-38022-hddsDatanode-_-any-2857595759857396861.dir/webapp/,AVAILABLE}{/hddsDatanode}
2019-10-01 17:24:03,405 [main] INFO  server.AbstractConnector (AbstractConnector.java:doStart(278)) - Started ServerConnector@6361b799{HTTP/1.1,[http/1.1]}{0.0.0.0:38022}
2019-10-01 17:24:03,406 [main] INFO  server.Server (Server.java:doStart(419)) - Started @40680ms
2019-10-01 17:24:03,406 [main] WARN  impl.MetricsSystemImpl (MetricsSystemImpl.java:register(276)) - Sink prometheus already exists!
2019-10-01 17:24:03,407 [main] INFO  server.BaseHttpServer (BaseHttpServer.java:updateConnectorAddress(215)) - HTTP server of HDDSDATANODE is listening at http://0.0.0.0:38022
2019-10-01 17:24:03,407 [main] INFO  impl.MetricsSystemImpl (MetricsSystemImpl.java:init(158)) - HddsDatanode metrics system started (again)
2019-10-01 17:24:03,412 [org.apache.hadoop.util.JvmPauseMonitor$Monitor@56f7bda5] INFO  util.JvmPauseMonitor (JvmPauseMonitor.java:run(188)) - Starting JVM pause monitor
2019-10-01 17:24:03,412 [main] INFO  ozone.HddsDatanodeService (HddsDatanodeService.java:start(184)) - HddsDatanodeService host:pr-hdds-2210-qxppt-2300642653 ip:192.168.164.197
2019-10-01 17:24:03,413 [Datanode State Machine Thread - 0] INFO  datanode.InitDatanodeState (InitDatanodeState.java:persistContainerDatanodeDetails(140)) - DatanodeDetails is persisted to /workdir/hadoop-ozone/integration-test/target/test-dir/MiniOzoneClusterImpl-0cbaa30b-01de-466b-a1fd-102ebf986b4c/datanode-4/meta/datanode.id
2019-10-01 17:24:03,418 [main] INFO  volume.HddsVolume (HddsVolume.java:<init>(176)) - Creating Volume: /workdir/hadoop-ozone/integration-test/target/test-dir/MiniOzoneClusterImpl-0cbaa30b-01de-466b-a1fd-102ebf986b4c/datanode-5/data/containers/hdds of  storage type : DISK and capacity : 1482555576320
2019-10-01 17:24:03,418 [main] INFO  volume.VolumeSet (VolumeSet.java:initializeVolumeSet(170)) - Added Volume : /workdir/hadoop-ozone/integration-test/target/test-dir/MiniOzoneClusterImpl-0cbaa30b-01de-466b-a1fd-102ebf986b4c/datanode-5/data/containers/hdds to VolumeSet
2019-10-01 17:24:03,418 [main] INFO  volume.ThrottledAsyncChecker (ThrottledAsyncChecker.java:schedule(139)) - Scheduling a check for org.apache.hadoop.ozone.container.common.volume.HddsVolume@23da79eb
2019-10-01 17:24:03,419 [main] INFO  volume.HddsVolumeChecker (HddsVolumeChecker.java:checkAllVolumes(202)) - Scheduled health check for volume org.apache.hadoop.ozone.container.common.volume.HddsVolume@23da79eb
2019-10-01 17:24:03,432 [main] INFO  impl.RaftServerProxy (ConfUtils.java:logGet(43)) - raft.rpc.type = GRPC (default)
2019-10-01 17:24:03,432 [main] INFO  grpc.GrpcFactory (GrpcFactory.java:checkPooledByteBufAllocatorUseCacheForAllThreads(45)) - PERFORMANCE WARNING: useCacheForAllThreads is true that may cause Netty to create a lot garbage objects and, as a result, trigger GC.
	It is recommended to disable useCacheForAllThreads by setting -Dorg.apache.ratis.thirdparty.io.netty.allocator.useCacheForAllThreads=false in command line.
2019-10-01 17:24:03,432 [main] INFO  grpc.GrpcConfigKeys$Server (ConfUtils.java:logGet(43)) - raft.grpc.server.port = 0 (default)
2019-10-01 17:24:03,432 [main] INFO  server.GrpcService (ConfUtils.java:logGet(43)) - raft.grpc.message.size.max = 33570816 (custom)
2019-10-01 17:24:03,432 [main] INFO  server.RaftServerConfigKeys (ConfUtils.java:logGet(43)) - raft.server.log.appender.buffer.byte-limit = 33554432 (custom)
2019-10-01 17:24:03,433 [main] INFO  server.GrpcService (ConfUtils.java:logGet(43)) - raft.grpc.flow.control.window = 1MB (=1048576) (default)
2019-10-01 17:24:03,433 [main] INFO  server.RaftServerConfigKeys (ConfUtils.java:logGet(43)) - raft.server.rpc.request.timeout = 3000ms (default)
2019-10-01 17:24:03,433 [main] INFO  server.RaftServerConfigKeys (ConfUtils.java:logGet(43)) - raft.server.storage.dir = [/workdir/hadoop-ozone/integration-test/target/test-dir/MiniOzoneClusterImpl-0cbaa30b-01de-466b-a1fd-102ebf986b4c/datanode-5/data/ratis] (custom)
2019-10-01 17:24:03,434 [main] INFO  hdfs.DFSUtil (DFSUtil.java:httpServerTemplateForNNAndJN(1641)) - Starting Web-server for hddsDatanode at: http://0.0.0.0:0
2019-10-01 17:24:03,436 [main] INFO  server.AuthenticationFilter (AuthenticationFilter.java:constructSecretProvider(240)) - Unable to initialize FileSignerSecretProvider, falling back to use random secrets.
2019-10-01 17:24:03,436 [main] WARN  http.HttpRequestLog (HttpRequestLog.java:getRequestLog(97)) - Jetty request log can only be enabled using Log4j
2019-10-01 17:24:03,437 [main] INFO  http.HttpServer2 (HttpServer2.java:addGlobalFilter(975)) - Added global filter 'safety' (class=org.apache.hadoop.http.HttpServer2$QuotingInputFilter)
2019-10-01 17:24:03,438 [main] INFO  http.HttpServer2 (HttpServer2.java:addFilter(948)) - Added filter static_user_filter (class=org.apache.hadoop.http.lib.StaticUserWebFilter$StaticUserFilter) to context hddsDatanode
2019-10-01 17:24:03,438 [main] INFO  http.HttpServer2 (HttpServer2.java:addFilter(958)) - Added filter static_user_filter (class=org.apache.hadoop.http.lib.StaticUserWebFilter$StaticUserFilter) to context static
2019-10-01 17:24:03,438 [main] INFO  http.HttpServer2 (HttpServer2.java:addFilter(958)) - Added filter static_user_filter (class=org.apache.hadoop.http.lib.StaticUserWebFilter$StaticUserFilter) to context logs
2019-10-01 17:24:03,439 [main] INFO  http.HttpServer2 (HttpServer2.java:bindListener(1191)) - Jetty bound to port 33149
2019-10-01 17:24:03,439 [main] INFO  server.Server (Server.java:doStart(351)) - jetty-9.3.25.v20180904, build timestamp: 2018-09-04T21:11:46Z, git hash: 3ce520221d0240229c862b122d2b06c12a625732
2019-10-01 17:24:03,440 [main] INFO  handler.ContextHandler (ContextHandler.java:doStart(781)) - Started o.e.j.s.ServletContextHandler@4d157493{/logs,file:///workdir/hadoop-ozone/integration-test/target/log,AVAILABLE}
2019-10-01 17:24:03,441 [main] INFO  handler.ContextHandler (ContextHandler.java:doStart(781)) - Started o.e.j.s.ServletContextHandler@37348491{/static,jar:file:/home/user/.m2/repository/org/apache/hadoop/hadoop-hdds-container-service/0.5.0-SNAPSHOT/hadoop-hdds-container-service-0.5.0-SNAPSHOT.jar!/webapps/static,AVAILABLE}
2019-10-01 17:24:03,468 [main] INFO  handler.ContextHandler (ContextHandler.java:doStart(781)) - Started o.e.j.w.WebAppContext@991cbde{/,file:///tmp/jetty-0.0.0.0-33149-hddsDatanode-_-any-4903871963781556655.dir/webapp/,AVAILABLE}{/hddsDatanode}
2019-10-01 17:24:03,468 [main] INFO  server.AbstractConnector (AbstractConnector.java:doStart(278)) - Started ServerConnector@78d71df1{HTTP/1.1,[http/1.1]}{0.0.0.0:33149}
2019-10-01 17:24:03,469 [main] INFO  server.Server (Server.java:doStart(419)) - Started @40744ms
2019-10-01 17:24:03,469 [main] WARN  impl.MetricsSystemImpl (MetricsSystemImpl.java:register(276)) - Sink prometheus already exists!
2019-10-01 17:24:03,470 [main] INFO  server.BaseHttpServer (BaseHttpServer.java:updateConnectorAddress(215)) - HTTP server of HDDSDATANODE is listening at http://0.0.0.0:33149
2019-10-01 17:24:03,470 [main] INFO  impl.MetricsSystemImpl (MetricsSystemImpl.java:init(158)) - HddsDatanode metrics system started (again)
2019-10-01 17:24:03,475 [org.apache.hadoop.util.JvmPauseMonitor$Monitor@6424ae68] INFO  util.JvmPauseMonitor (JvmPauseMonitor.java:run(188)) - Starting JVM pause monitor
2019-10-01 17:24:03,475 [main] INFO  ozone.HddsDatanodeService (HddsDatanodeService.java:start(184)) - HddsDatanodeService host:pr-hdds-2210-qxppt-2300642653 ip:192.168.164.197
2019-10-01 17:24:03,476 [Datanode State Machine Thread - 0] INFO  datanode.InitDatanodeState (InitDatanodeState.java:persistContainerDatanodeDetails(140)) - DatanodeDetails is persisted to /workdir/hadoop-ozone/integration-test/target/test-dir/MiniOzoneClusterImpl-0cbaa30b-01de-466b-a1fd-102ebf986b4c/datanode-5/meta/datanode.id
2019-10-01 17:24:03,481 [main] INFO  volume.HddsVolume (HddsVolume.java:<init>(176)) - Creating Volume: /workdir/hadoop-ozone/integration-test/target/test-dir/MiniOzoneClusterImpl-0cbaa30b-01de-466b-a1fd-102ebf986b4c/datanode-6/data/containers/hdds of  storage type : DISK and capacity : 1482555576320
2019-10-01 17:24:03,481 [main] INFO  volume.VolumeSet (VolumeSet.java:initializeVolumeSet(170)) - Added Volume : /workdir/hadoop-ozone/integration-test/target/test-dir/MiniOzoneClusterImpl-0cbaa30b-01de-466b-a1fd-102ebf986b4c/datanode-6/data/containers/hdds to VolumeSet
2019-10-01 17:24:03,481 [main] INFO  volume.ThrottledAsyncChecker (ThrottledAsyncChecker.java:schedule(139)) - Scheduling a check for org.apache.hadoop.ozone.container.common.volume.HddsVolume@3596b249
2019-10-01 17:24:03,482 [main] INFO  volume.HddsVolumeChecker (HddsVolumeChecker.java:checkAllVolumes(202)) - Scheduled health check for volume org.apache.hadoop.ozone.container.common.volume.HddsVolume@3596b249
2019-10-01 17:24:03,498 [main] INFO  impl.RaftServerProxy (ConfUtils.java:logGet(43)) - raft.rpc.type = GRPC (default)
2019-10-01 17:24:03,498 [main] INFO  grpc.GrpcFactory (GrpcFactory.java:checkPooledByteBufAllocatorUseCacheForAllThreads(45)) - PERFORMANCE WARNING: useCacheForAllThreads is true that may cause Netty to create a lot garbage objects and, as a result, trigger GC.
	It is recommended to disable useCacheForAllThreads by setting -Dorg.apache.ratis.thirdparty.io.netty.allocator.useCacheForAllThreads=false in command line.
2019-10-01 17:24:03,498 [main] INFO  grpc.GrpcConfigKeys$Server (ConfUtils.java:logGet(43)) - raft.grpc.server.port = 0 (default)
2019-10-01 17:24:03,498 [main] INFO  server.GrpcService (ConfUtils.java:logGet(43)) - raft.grpc.message.size.max = 33570816 (custom)
2019-10-01 17:24:03,498 [main] INFO  server.RaftServerConfigKeys (ConfUtils.java:logGet(43)) - raft.server.log.appender.buffer.byte-limit = 33554432 (custom)
2019-10-01 17:24:03,499 [main] INFO  server.GrpcService (ConfUtils.java:logGet(43)) - raft.grpc.flow.control.window = 1MB (=1048576) (default)
2019-10-01 17:24:03,499 [main] INFO  server.RaftServerConfigKeys (ConfUtils.java:logGet(43)) - raft.server.rpc.request.timeout = 3000ms (default)
2019-10-01 17:24:03,499 [main] INFO  server.RaftServerConfigKeys (ConfUtils.java:logGet(43)) - raft.server.storage.dir = [/workdir/hadoop-ozone/integration-test/target/test-dir/MiniOzoneClusterImpl-0cbaa30b-01de-466b-a1fd-102ebf986b4c/datanode-6/data/ratis] (custom)
2019-10-01 17:24:03,500 [main] INFO  hdfs.DFSUtil (DFSUtil.java:httpServerTemplateForNNAndJN(1641)) - Starting Web-server for hddsDatanode at: http://0.0.0.0:0
2019-10-01 17:24:03,502 [main] INFO  server.AuthenticationFilter (AuthenticationFilter.java:constructSecretProvider(240)) - Unable to initialize FileSignerSecretProvider, falling back to use random secrets.
2019-10-01 17:24:03,502 [main] WARN  http.HttpRequestLog (HttpRequestLog.java:getRequestLog(97)) - Jetty request log can only be enabled using Log4j
2019-10-01 17:24:03,503 [main] INFO  http.HttpServer2 (HttpServer2.java:addGlobalFilter(975)) - Added global filter 'safety' (class=org.apache.hadoop.http.HttpServer2$QuotingInputFilter)
2019-10-01 17:24:03,504 [main] INFO  http.HttpServer2 (HttpServer2.java:addFilter(948)) - Added filter static_user_filter (class=org.apache.hadoop.http.lib.StaticUserWebFilter$StaticUserFilter) to context hddsDatanode
2019-10-01 17:24:03,504 [main] INFO  http.HttpServer2 (HttpServer2.java:addFilter(958)) - Added filter static_user_filter (class=org.apache.hadoop.http.lib.StaticUserWebFilter$StaticUserFilter) to context static
2019-10-01 17:24:03,504 [main] INFO  http.HttpServer2 (HttpServer2.java:addFilter(958)) - Added filter static_user_filter (class=org.apache.hadoop.http.lib.StaticUserWebFilter$StaticUserFilter) to context logs
2019-10-01 17:24:03,505 [main] INFO  http.HttpServer2 (HttpServer2.java:bindListener(1191)) - Jetty bound to port 38331
2019-10-01 17:24:03,505 [main] INFO  server.Server (Server.java:doStart(351)) - jetty-9.3.25.v20180904, build timestamp: 2018-09-04T21:11:46Z, git hash: 3ce520221d0240229c862b122d2b06c12a625732
2019-10-01 17:24:03,507 [main] INFO  handler.ContextHandler (ContextHandler.java:doStart(781)) - Started o.e.j.s.ServletContextHandler@4ed5a1b0{/logs,file:///workdir/hadoop-ozone/integration-test/target/log,AVAILABLE}
2019-10-01 17:24:03,507 [main] INFO  handler.ContextHandler (ContextHandler.java:doStart(781)) - Started o.e.j.s.ServletContextHandler@3135bf25{/static,jar:file:/home/user/.m2/repository/org/apache/hadoop/hadoop-hdds-container-service/0.5.0-SNAPSHOT/hadoop-hdds-container-service-0.5.0-SNAPSHOT.jar!/webapps/static,AVAILABLE}
2019-10-01 17:24:03,535 [main] INFO  handler.ContextHandler (ContextHandler.java:doStart(781)) - Started o.e.j.w.WebAppContext@2d119405{/,file:///tmp/jetty-0.0.0.0-38331-hddsDatanode-_-any-8018490548798392603.dir/webapp/,AVAILABLE}{/hddsDatanode}
2019-10-01 17:24:03,535 [main] INFO  server.AbstractConnector (AbstractConnector.java:doStart(278)) - Started ServerConnector@57e388c3{HTTP/1.1,[http/1.1]}{0.0.0.0:38331}
2019-10-01 17:24:03,536 [main] INFO  server.Server (Server.java:doStart(419)) - Started @40810ms
2019-10-01 17:24:03,536 [main] WARN  impl.MetricsSystemImpl (MetricsSystemImpl.java:register(276)) - Sink prometheus already exists!
2019-10-01 17:24:03,537 [main] INFO  server.BaseHttpServer (BaseHttpServer.java:updateConnectorAddress(215)) - HTTP server of HDDSDATANODE is listening at http://0.0.0.0:38331
2019-10-01 17:24:03,537 [main] INFO  ozone.MiniOzoneClusterImpl (MiniOzoneClusterImpl.java:lambda$waitForClusterToBeReady$0(147)) - Waiting for cluster to be ready. Got 0 of 7 DN Heartbeats.
2019-10-01 17:24:03,539 [org.apache.hadoop.util.JvmPauseMonitor$Monitor@7f0adb80] INFO  util.JvmPauseMonitor (JvmPauseMonitor.java:run(188)) - Starting JVM pause monitor
2019-10-01 17:24:03,540 [Datanode State Machine Thread - 0] INFO  datanode.InitDatanodeState (InitDatanodeState.java:persistContainerDatanodeDetails(140)) - DatanodeDetails is persisted to /workdir/hadoop-ozone/integration-test/target/test-dir/MiniOzoneClusterImpl-0cbaa30b-01de-466b-a1fd-102ebf986b4c/datanode-6/meta/datanode.id
2019-10-01 17:24:04,538 [main] INFO  ozone.MiniOzoneClusterImpl (MiniOzoneClusterImpl.java:lambda$waitForClusterToBeReady$0(147)) - Waiting for cluster to be ready. Got 0 of 7 DN Heartbeats.
2019-10-01 17:24:05,170 [Datanode State Machine Thread - 0] INFO  ozoneimpl.OzoneContainer (OzoneContainer.java:start(217)) - Attempting to start container services.
2019-10-01 17:24:05,172 [Datanode State Machine Thread - 0] INFO  ozoneimpl.OzoneContainer (OzoneContainer.java:startContainerScrub(179)) - Background container scanner has been disabled.
2019-10-01 17:24:05,172 [Datanode State Machine Thread - 0] INFO  ratis.XceiverServerRatis (XceiverServerRatis.java:start(417)) - Starting XceiverServerRatis b1bc046c-e283-4177-a9ee-6de67a0a0277 at port 0
2019-10-01 17:24:05,179 [Datanode State Machine Thread - 0] INFO  impl.RaftServerProxy (RaftServerProxy.java:lambda$start$3(299)) - b1bc046c-e283-4177-a9ee-6de67a0a0277: start RPC server
2019-10-01 17:24:05,182 [Datanode State Machine Thread - 0] INFO  server.GrpcService (GrpcService.java:startImpl(158)) - b1bc046c-e283-4177-a9ee-6de67a0a0277: GrpcService started, listening on 0.0.0.0/0.0.0.0:39909
2019-10-01 17:24:05,182 [Datanode State Machine Thread - 0] INFO  ratis.XceiverServerRatis (XceiverServerRatis.java:start(427)) - XceiverServerRatis b1bc046c-e283-4177-a9ee-6de67a0a0277 is started using port 39909
2019-10-01 17:24:05,183 [Datanode State Machine Thread - 0] INFO  server.XceiverServerGrpc (XceiverServerGrpc.java:start(149)) - XceiverServerGrpc b1bc046c-e283-4177-a9ee-6de67a0a0277 is started using port 43305
2019-10-01 17:24:05,237 [Datanode State Machine Thread - 0] INFO  ozoneimpl.OzoneContainer (OzoneContainer.java:start(217)) - Attempting to start container services.
2019-10-01 17:24:05,240 [Datanode State Machine Thread - 0] INFO  ozoneimpl.OzoneContainer (OzoneContainer.java:startContainerScrub(179)) - Background container scanner has been disabled.
2019-10-01 17:24:05,240 [Datanode State Machine Thread - 0] INFO  ratis.XceiverServerRatis (XceiverServerRatis.java:start(417)) - Starting XceiverServerRatis 599736be-ae4b-4302-b470-5181be19b5fd at port 0
2019-10-01 17:24:05,247 [Datanode State Machine Thread - 0] INFO  impl.RaftServerProxy (RaftServerProxy.java:lambda$start$3(299)) - 599736be-ae4b-4302-b470-5181be19b5fd: start RPC server
2019-10-01 17:24:05,250 [Datanode State Machine Thread - 0] INFO  server.GrpcService (GrpcService.java:startImpl(158)) - 599736be-ae4b-4302-b470-5181be19b5fd: GrpcService started, listening on 0.0.0.0/0.0.0.0:44294
2019-10-01 17:24:05,250 [Datanode State Machine Thread - 0] INFO  ratis.XceiverServerRatis (XceiverServerRatis.java:start(427)) - XceiverServerRatis 599736be-ae4b-4302-b470-5181be19b5fd is started using port 44294
2019-10-01 17:24:05,257 [Datanode State Machine Thread - 0] INFO  server.XceiverServerGrpc (XceiverServerGrpc.java:start(149)) - XceiverServerGrpc 599736be-ae4b-4302-b470-5181be19b5fd is started using port 32971
2019-10-01 17:24:05,304 [Datanode State Machine Thread - 0] INFO  ozoneimpl.OzoneContainer (OzoneContainer.java:start(217)) - Attempting to start container services.
2019-10-01 17:24:05,308 [Datanode State Machine Thread - 0] INFO  ozoneimpl.OzoneContainer (OzoneContainer.java:startContainerScrub(179)) - Background container scanner has been disabled.
2019-10-01 17:24:05,308 [Datanode State Machine Thread - 0] INFO  ratis.XceiverServerRatis (XceiverServerRatis.java:start(417)) - Starting XceiverServerRatis 42fdbc35-67e2-4d2d-bcb6-581913420c06 at port 0
2019-10-01 17:24:05,312 [Datanode State Machine Thread - 0] INFO  impl.RaftServerProxy (RaftServerProxy.java:lambda$start$3(299)) - 42fdbc35-67e2-4d2d-bcb6-581913420c06: start RPC server
2019-10-01 17:24:05,313 [Datanode State Machine Thread - 0] INFO  server.GrpcService (GrpcService.java:startImpl(158)) - 42fdbc35-67e2-4d2d-bcb6-581913420c06: GrpcService started, listening on 0.0.0.0/0.0.0.0:41622
2019-10-01 17:24:05,313 [Datanode State Machine Thread - 0] INFO  ratis.XceiverServerRatis (XceiverServerRatis.java:start(427)) - XceiverServerRatis 42fdbc35-67e2-4d2d-bcb6-581913420c06 is started using port 41622
2019-10-01 17:24:05,318 [Datanode State Machine Thread - 0] INFO  server.XceiverServerGrpc (XceiverServerGrpc.java:start(149)) - XceiverServerGrpc 42fdbc35-67e2-4d2d-bcb6-581913420c06 is started using port 33833
2019-10-01 17:24:05,367 [Datanode State Machine Thread - 0] INFO  ozoneimpl.OzoneContainer (OzoneContainer.java:start(217)) - Attempting to start container services.
2019-10-01 17:24:05,367 [Datanode State Machine Thread - 0] INFO  ozoneimpl.OzoneContainer (OzoneContainer.java:startContainerScrub(179)) - Background container scanner has been disabled.
2019-10-01 17:24:05,368 [Datanode State Machine Thread - 0] INFO  ratis.XceiverServerRatis (XceiverServerRatis.java:start(417)) - Starting XceiverServerRatis 6cc50ac2-4a62-4d18-a6c8-314055e1fb2a at port 0
2019-10-01 17:24:05,372 [Datanode State Machine Thread - 0] INFO  impl.RaftServerProxy (RaftServerProxy.java:lambda$start$3(299)) - 6cc50ac2-4a62-4d18-a6c8-314055e1fb2a: start RPC server
2019-10-01 17:24:05,373 [Datanode State Machine Thread - 0] INFO  server.GrpcService (GrpcService.java:startImpl(158)) - 6cc50ac2-4a62-4d18-a6c8-314055e1fb2a: GrpcService started, listening on 0.0.0.0/0.0.0.0:42622
2019-10-01 17:24:05,373 [Datanode State Machine Thread - 0] INFO  ratis.XceiverServerRatis (XceiverServerRatis.java:start(427)) - XceiverServerRatis 6cc50ac2-4a62-4d18-a6c8-314055e1fb2a is started using port 42622
2019-10-01 17:24:05,374 [Datanode State Machine Thread - 0] INFO  server.XceiverServerGrpc (XceiverServerGrpc.java:start(149)) - XceiverServerGrpc 6cc50ac2-4a62-4d18-a6c8-314055e1fb2a is started using port 45282
2019-10-01 17:24:05,428 [Datanode State Machine Thread - 0] INFO  ozoneimpl.OzoneContainer (OzoneContainer.java:start(217)) - Attempting to start container services.
2019-10-01 17:24:05,428 [Datanode State Machine Thread - 0] INFO  ozoneimpl.OzoneContainer (OzoneContainer.java:startContainerScrub(179)) - Background container scanner has been disabled.
2019-10-01 17:24:05,428 [Datanode State Machine Thread - 0] INFO  ratis.XceiverServerRatis (XceiverServerRatis.java:start(417)) - Starting XceiverServerRatis 7645f436-3f26-44f9-94b6-09645210e85a at port 0
2019-10-01 17:24:05,433 [Datanode State Machine Thread - 0] INFO  impl.RaftServerProxy (RaftServerProxy.java:lambda$start$3(299)) - 7645f436-3f26-44f9-94b6-09645210e85a: start RPC server
2019-10-01 17:24:05,434 [Datanode State Machine Thread - 0] INFO  server.GrpcService (GrpcService.java:startImpl(158)) - 7645f436-3f26-44f9-94b6-09645210e85a: GrpcService started, listening on 0.0.0.0/0.0.0.0:33741
2019-10-01 17:24:05,434 [Datanode State Machine Thread - 0] INFO  ratis.XceiverServerRatis (XceiverServerRatis.java:start(427)) - XceiverServerRatis 7645f436-3f26-44f9-94b6-09645210e85a is started using port 33741
2019-10-01 17:24:05,435 [Datanode State Machine Thread - 0] INFO  server.XceiverServerGrpc (XceiverServerGrpc.java:start(149)) - XceiverServerGrpc 7645f436-3f26-44f9-94b6-09645210e85a is started using port 38757
2019-10-01 17:24:05,499 [Datanode State Machine Thread - 0] INFO  ozoneimpl.OzoneContainer (OzoneContainer.java:start(217)) - Attempting to start container services.
2019-10-01 17:24:05,500 [Datanode State Machine Thread - 0] INFO  ozoneimpl.OzoneContainer (OzoneContainer.java:startContainerScrub(179)) - Background container scanner has been disabled.
2019-10-01 17:24:05,500 [Datanode State Machine Thread - 0] INFO  ratis.XceiverServerRatis (XceiverServerRatis.java:start(417)) - Starting XceiverServerRatis 4172f4f6-b642-410a-a39e-a8ed25fb1945 at port 0
2019-10-01 17:24:05,504 [Datanode State Machine Thread - 0] INFO  impl.RaftServerProxy (RaftServerProxy.java:lambda$start$3(299)) - 4172f4f6-b642-410a-a39e-a8ed25fb1945: start RPC server
2019-10-01 17:24:05,507 [Datanode State Machine Thread - 0] INFO  server.GrpcService (GrpcService.java:startImpl(158)) - 4172f4f6-b642-410a-a39e-a8ed25fb1945: GrpcService started, listening on 0.0.0.0/0.0.0.0:43673
2019-10-01 17:24:05,507 [Datanode State Machine Thread - 0] INFO  ratis.XceiverServerRatis (XceiverServerRatis.java:start(427)) - XceiverServerRatis 4172f4f6-b642-410a-a39e-a8ed25fb1945 is started using port 43673
2019-10-01 17:24:05,507 [Datanode State Machine Thread - 0] INFO  server.XceiverServerGrpc (XceiverServerGrpc.java:start(149)) - XceiverServerGrpc 4172f4f6-b642-410a-a39e-a8ed25fb1945 is started using port 40316
2019-10-01 17:24:05,539 [main] INFO  ozone.MiniOzoneClusterImpl (MiniOzoneClusterImpl.java:lambda$waitForClusterToBeReady$0(147)) - Waiting for cluster to be ready. Got 0 of 7 DN Heartbeats.
2019-10-01 17:24:05,554 [Datanode State Machine Thread - 0] INFO  ozoneimpl.OzoneContainer (OzoneContainer.java:start(217)) - Attempting to start container services.
2019-10-01 17:24:05,555 [Datanode State Machine Thread - 0] INFO  ozoneimpl.OzoneContainer (OzoneContainer.java:startContainerScrub(179)) - Background container scanner has been disabled.
2019-10-01 17:24:05,555 [Datanode State Machine Thread - 0] INFO  ratis.XceiverServerRatis (XceiverServerRatis.java:start(417)) - Starting XceiverServerRatis 332249a1-b42e-4c92-82fe-4572a32ca807 at port 0
2019-10-01 17:24:05,560 [Datanode State Machine Thread - 0] INFO  impl.RaftServerProxy (RaftServerProxy.java:lambda$start$3(299)) - 332249a1-b42e-4c92-82fe-4572a32ca807: start RPC server
2019-10-01 17:24:05,561 [Datanode State Machine Thread - 0] INFO  server.GrpcService (GrpcService.java:startImpl(158)) - 332249a1-b42e-4c92-82fe-4572a32ca807: GrpcService started, listening on 0.0.0.0/0.0.0.0:42442
2019-10-01 17:24:05,561 [Datanode State Machine Thread - 0] INFO  ratis.XceiverServerRatis (XceiverServerRatis.java:start(427)) - XceiverServerRatis 332249a1-b42e-4c92-82fe-4572a32ca807 is started using port 42442
2019-10-01 17:24:05,562 [Datanode State Machine Thread - 0] INFO  server.XceiverServerGrpc (XceiverServerGrpc.java:start(149)) - XceiverServerGrpc 332249a1-b42e-4c92-82fe-4572a32ca807 is started using port 33489
2019-10-01 17:24:06,540 [main] INFO  ozone.MiniOzoneClusterImpl (MiniOzoneClusterImpl.java:lambda$waitForClusterToBeReady$0(147)) - Waiting for cluster to be ready. Got 0 of 7 DN Heartbeats.
2019-10-01 17:24:07,142 [IPC Server handler 4 on 38856] INFO  net.NetworkTopology (NetworkTopologyImpl.java:add(111)) - Added a new node: /default-rack/b1bc046c-e283-4177-a9ee-6de67a0a0277
2019-10-01 17:24:07,144 [IPC Server handler 4 on 38856] INFO  node.SCMNodeManager (SCMNodeManager.java:register(266)) - Registered Data node : b1bc046c-e283-4177-a9ee-6de67a0a0277{ip: 192.168.164.197, host: pr-hdds-2210-qxppt-2300642653, networkLocation: /default-rack, certSerialId: null}
2019-10-01 17:24:07,145 [EventQueue-NodeRegistrationContainerReportForDataNodeSafeModeRule] INFO  safemode.SCMSafeModeManager (DataNodeSafeModeRule.java:process(71)) - SCM in safe mode. 1 DataNodes registered, 1 required.
2019-10-01 17:24:07,147 [EventQueue-NodeRegistrationContainerReportForDataNodeSafeModeRule] INFO  safemode.SCMSafeModeManager (SCMSafeModeManager.java:validateSafeModeExitRules(177)) - ScmSafeModeManager, all rules are successfully validated
2019-10-01 17:24:07,147 [EventQueue-NodeRegistrationContainerReportForDataNodeSafeModeRule] INFO  safemode.SCMSafeModeManager (SCMSafeModeManager.java:exitSafeMode(193)) - SCM exiting safe mode.
2019-10-01 17:24:07,160 [grpc-default-executor-0] INFO  impl.RaftServerProxy (RaftServerProxy.java:addNew(89)) - b1bc046c-e283-4177-a9ee-6de67a0a0277: addNew group-3D5591F4E086:[b1bc046c-e283-4177-a9ee-6de67a0a0277:192.168.164.197:39909] returns group-3D5591F4E086:java.util.concurrent.CompletableFuture@25e96a09[Not completed]
2019-10-01 17:24:07,162 [pool-119-thread-1] INFO  impl.RaftServerImpl (RaftServerImpl.java:<init>(95)) - b1bc046c-e283-4177-a9ee-6de67a0a0277: new RaftServerImpl for group-3D5591F4E086:[b1bc046c-e283-4177-a9ee-6de67a0a0277:192.168.164.197:39909] with ContainerStateMachine:uninitialized
2019-10-01 17:24:07,162 [pool-119-thread-1] INFO  server.RaftServerConfigKeys (ConfUtils.java:logGet(43)) - raft.server.rpc.timeout.min = 5s (custom)
2019-10-01 17:24:07,162 [pool-119-thread-1] INFO  server.RaftServerConfigKeys (ConfUtils.java:logGet(43)) - raft.server.rpc.timeout.max = 5200ms (custom)
2019-10-01 17:24:07,163 [pool-119-thread-1] INFO  server.RaftServerConfigKeys (ConfUtils.java:logGet(43)) - raft.server.rpcslowness.timeout = 120s (custom)
2019-10-01 17:24:07,163 [pool-119-thread-1] INFO  server.RaftServerConfigKeys (ConfUtils.java:logGet(43)) - raft.server.sleep.deviation.threshold = 300 (default)
2019-10-01 17:24:07,163 [pool-119-thread-1] INFO  server.RaftServerConfigKeys (ConfUtils.java:logGet(43)) - raft.server.log.appender.install.snapshot.enabled = false (custom)
2019-10-01 17:24:07,163 [pool-119-thread-1] INFO  impl.RaftServerImpl (ServerState.java:<init>(103)) - b1bc046c-e283-4177-a9ee-6de67a0a0277@group-3D5591F4E086: ConfigurationManager, init=-1: [b1bc046c-e283-4177-a9ee-6de67a0a0277:192.168.164.197:39909], old=null, confs=<EMPTY_MAP>
2019-10-01 17:24:07,163 [pool-119-thread-1] INFO  server.RaftServerConfigKeys (ConfUtils.java:logGet(43)) - raft.server.storage.dir = [/workdir/hadoop-ozone/integration-test/target/test-dir/MiniOzoneClusterImpl-0cbaa30b-01de-466b-a1fd-102ebf986b4c/datanode-0/data/ratis] (custom)
2019-10-01 17:24:07,164 [pool-119-thread-1] INFO  server.RaftServerConfigKeys (ConfUtils.java:logGet(43)) - raft.server.log.corruption.policy = EXCEPTION (default)
2019-10-01 17:24:07,164 [pool-119-thread-1] INFO  storage.RaftStorageDirectory (RaftStorageDirectory.java:analyzeStorage(246)) - The storage directory /workdir/hadoop-ozone/integration-test/target/test-dir/MiniOzoneClusterImpl-0cbaa30b-01de-466b-a1fd-102ebf986b4c/datanode-0/data/ratis/c3712690-a29e-47ef-800b-3d5591f4e086 does not exist. Creating ...
2019-10-01 17:24:07,171 [pool-119-thread-1] INFO  storage.RaftStorageDirectory (RaftStorageDirectory.java:tryLock(328)) - Lock on /workdir/hadoop-ozone/integration-test/target/test-dir/MiniOzoneClusterImpl-0cbaa30b-01de-466b-a1fd-102ebf986b4c/datanode-0/data/ratis/c3712690-a29e-47ef-800b-3d5591f4e086/in_use.lock acquired by nodename 27207@pr-hdds-2210-qxppt-2300642653
2019-10-01 17:24:07,185 [pool-119-thread-1] INFO  storage.RaftStorage (RaftStorage.java:format(84)) - Storage directory /workdir/hadoop-ozone/integration-test/target/test-dir/MiniOzoneClusterImpl-0cbaa30b-01de-466b-a1fd-102ebf986b4c/datanode-0/data/ratis/c3712690-a29e-47ef-800b-3d5591f4e086 has been successfully formatted.
2019-10-01 17:24:07,186 [pool-119-thread-1] INFO  ratis.ContainerStateMachine (ContainerStateMachine.java:loadSnapshot(230)) - group-3D5591F4E086: The snapshot info is null. Setting the last applied indexto:(t:0, i:~)
2019-10-01 17:24:07,186 [pool-119-thread-1] INFO  server.RaftServerConfigKeys (ConfUtils.java:logGet(43)) - raft.server.notification.no-leader.timeout = 120s (custom)
2019-10-01 17:24:07,186 [pool-119-thread-1] INFO  server.RaftServerConfigKeys (ConfUtils.java:logGet(43)) - raft.server.log.use.memory = false (default)
2019-10-01 17:24:07,186 [pool-119-thread-1] INFO  server.RaftServerConfigKeys (ConfUtils.java:logGet(43)) - raft.server.log.purge.gap = 1000000 (custom)
2019-10-01 17:24:07,186 [pool-119-thread-1] INFO  server.RaftServerConfigKeys (ConfUtils.java:logGet(43)) - raft.server.log.appender.buffer.byte-limit = 33554432 (custom)
2019-10-01 17:24:07,187 [pool-119-thread-1] INFO  server.RaftServerConfigKeys (ConfUtils.java:logGet(43)) - raft.server.log.segment.size.max = 1048576 (custom)
2019-10-01 17:24:07,189 [pool-119-thread-1] INFO  server.RaftServerConfigKeys (ConfUtils.java:logGet(43)) - raft.server.log.segment.cache.num.max = 2 (custom)
2019-10-01 17:24:07,189 [pool-119-thread-1] INFO  segmented.SegmentedRaftLogWorker (SegmentedRaftLogWorker.java:<init>(173)) - new b1bc046c-e283-4177-a9ee-6de67a0a0277@group-3D5591F4E086-SegmentedRaftLogWorker for RaftStorage:Storage Directory /workdir/hadoop-ozone/integration-test/target/test-dir/MiniOzoneClusterImpl-0cbaa30b-01de-466b-a1fd-102ebf986b4c/datanode-0/data/ratis/c3712690-a29e-47ef-800b-3d5591f4e086
2019-10-01 17:24:07,189 [pool-119-thread-1] INFO  server.RaftServerConfigKeys (ConfUtils.java:logGet(43)) - raft.server.log.queue.byte-limit = 2147483647 (custom)
2019-10-01 17:24:07,189 [pool-119-thread-1] INFO  server.RaftServerConfigKeys (ConfUtils.java:logGet(43)) - raft.server.log.queue.element-limit = 1024 (custom)
2019-10-01 17:24:07,189 [pool-119-thread-1] INFO  server.RaftServerConfigKeys (ConfUtils.java:logGet(43)) - raft.server.log.segment.size.max = 1048576 (custom)
2019-10-01 17:24:07,189 [pool-119-thread-1] INFO  server.RaftServerConfigKeys (ConfUtils.java:logGet(43)) - raft.server.log.preallocated.size = 16384 (custom)
2019-10-01 17:24:07,190 [pool-119-thread-1] INFO  server.RaftServerConfigKeys (ConfUtils.java:logGet(43)) - raft.server.log.write.buffer.size = 33554432 (custom)
2019-10-01 17:24:07,190 [pool-119-thread-1] INFO  server.RaftServerConfigKeys (ConfUtils.java:logGet(43)) - raft.server.log.force.sync.num = 128 (default)
2019-10-01 17:24:07,190 [pool-119-thread-1] INFO  server.RaftServerConfigKeys (ConfUtils.java:logGet(43)) - raft.server.log.statemachine.data.sync = true (default)
2019-10-01 17:24:07,190 [pool-119-thread-1] INFO  server.RaftServerConfigKeys (ConfUtils.java:logGet(43)) - raft.server.log.statemachine.data.sync.timeout = 10s (default)
2019-10-01 17:24:07,190 [pool-119-thread-1] INFO  server.RaftServerConfigKeys (ConfUtils.java:logGet(43)) - raft.server.log.statemachine.data.sync.timeout.retry = -1 (default)
2019-10-01 17:24:07,191 [pool-119-thread-1] INFO  server.RaftServerConfigKeys (ConfUtils.java:logGet(43)) - raft.server.log.statemachine.data.caching.enabled = true (custom)
2019-10-01 17:24:07,191 [pool-119-thread-1] INFO  segmented.SegmentedRaftLogWorker (SegmentedRaftLogWorker.java:lambda$new$0(128)) - b1bc046c-e283-4177-a9ee-6de67a0a0277@group-3D5591F4E086-SegmentedRaftLogWorker: flushIndex: setUnconditionally 0 -> -1
2019-10-01 17:24:07,191 [pool-119-thread-1] INFO  server.RaftServerConfigKeys (ConfUtils.java:logGet(43)) - raft.server.snapshot.auto.trigger.enabled = true (custom)
2019-10-01 17:24:07,191 [pool-119-thread-1] INFO  server.RaftServerConfigKeys (ConfUtils.java:logGet(43)) - raft.server.snapshot.auto.trigger.threshold = 10000 (custom)
2019-10-01 17:24:07,191 [pool-119-thread-1] INFO  server.RaftServerConfigKeys (ConfUtils.java:logGet(43)) - raft.server.snapshot.retention.file.num = 5 (custom)
2019-10-01 17:24:07,192 [pool-119-thread-1] INFO  server.RaftServerConfigKeys (ConfUtils.java:logGet(43)) - raft.server.retrycache.expirytime = 600000ms (custom)
2019-10-01 17:24:07,194 [pool-119-thread-1] INFO  impl.RaftServerImpl (RaftServerImpl.java:start(181)) - b1bc046c-e283-4177-a9ee-6de67a0a0277@group-3D5591F4E086: start as a follower, conf=-1: [b1bc046c-e283-4177-a9ee-6de67a0a0277:192.168.164.197:39909], old=null
2019-10-01 17:24:07,194 [pool-119-thread-1] INFO  impl.RaftServerImpl (RaftServerImpl.java:setRole(170)) - b1bc046c-e283-4177-a9ee-6de67a0a0277@group-3D5591F4E086: changes role from      null to FOLLOWER at term 0 for startAsFollower
2019-10-01 17:24:07,194 [pool-119-thread-1] INFO  impl.RoleInfo (RoleInfo.java:updateAndGet(143)) - b1bc046c-e283-4177-a9ee-6de67a0a0277: start FollowerState
2019-10-01 17:24:07,195 [pool-119-thread-1] INFO  util.JmxRegister (JmxRegister.java:tryRegister(44)) - Successfully registered JMX Bean with object name Ratis:service=RaftServer,group=group-3D5591F4E086,id=b1bc046c-e283-4177-a9ee-6de67a0a0277
2019-10-01 17:24:07,200 [RatisPipelineUtilsThread] INFO  pipeline.PipelineStateManager (PipelineStateManager.java:addPipeline(56)) - Created pipeline Pipeline[ Id: c3712690-a29e-47ef-800b-3d5591f4e086, Nodes: b1bc046c-e283-4177-a9ee-6de67a0a0277{ip: 192.168.164.197, host: pr-hdds-2210-qxppt-2300642653, networkLocation: /default-rack, certSerialId: null}, Type:RATIS, Factor:ONE, State:OPEN]
2019-10-01 17:24:07,214 [IPC Server handler 5 on 38856] INFO  net.NetworkTopology (NetworkTopologyImpl.java:add(111)) - Added a new node: /default-rack/599736be-ae4b-4302-b470-5181be19b5fd
2019-10-01 17:24:07,214 [IPC Server handler 5 on 38856] INFO  node.SCMNodeManager (SCMNodeManager.java:register(266)) - Registered Data node : 599736be-ae4b-4302-b470-5181be19b5fd{ip: 192.168.164.197, host: pr-hdds-2210-qxppt-2300642653, networkLocation: /default-rack, certSerialId: null}
2019-10-01 17:24:07,221 [grpc-default-executor-0] INFO  impl.RaftServerProxy (RaftServerProxy.java:addNew(89)) - 599736be-ae4b-4302-b470-5181be19b5fd: addNew group-BFAE8263E41D:[599736be-ae4b-4302-b470-5181be19b5fd:192.168.164.197:44294] returns group-BFAE8263E41D:java.util.concurrent.CompletableFuture@3346a444[Not completed]
2019-10-01 17:24:07,222 [pool-129-thread-1] INFO  impl.RaftServerImpl (RaftServerImpl.java:<init>(95)) - 599736be-ae4b-4302-b470-5181be19b5fd: new RaftServerImpl for group-BFAE8263E41D:[599736be-ae4b-4302-b470-5181be19b5fd:192.168.164.197:44294] with ContainerStateMachine:uninitialized
2019-10-01 17:24:07,222 [pool-129-thread-1] INFO  server.RaftServerConfigKeys (ConfUtils.java:logGet(43)) - raft.server.rpc.timeout.min = 5s (custom)
2019-10-01 17:24:07,223 [pool-129-thread-1] INFO  server.RaftServerConfigKeys (ConfUtils.java:logGet(43)) - raft.server.rpc.timeout.max = 5200ms (custom)
2019-10-01 17:24:07,223 [pool-129-thread-1] INFO  server.RaftServerConfigKeys (ConfUtils.java:logGet(43)) - raft.server.rpcslowness.timeout = 120s (custom)
2019-10-01 17:24:07,223 [pool-129-thread-1] INFO  server.RaftServerConfigKeys (ConfUtils.java:logGet(43)) - raft.server.sleep.deviation.threshold = 300 (default)
2019-10-01 17:24:07,223 [pool-129-thread-1] INFO  server.RaftServerConfigKeys (ConfUtils.java:logGet(43)) - raft.server.log.appender.install.snapshot.enabled = false (custom)
2019-10-01 17:24:07,223 [pool-129-thread-1] INFO  impl.RaftServerImpl (ServerState.java:<init>(103)) - 599736be-ae4b-4302-b470-5181be19b5fd@group-BFAE8263E41D: ConfigurationManager, init=-1: [599736be-ae4b-4302-b470-5181be19b5fd:192.168.164.197:44294], old=null, confs=<EMPTY_MAP>
2019-10-01 17:24:07,223 [pool-129-thread-1] INFO  server.RaftServerConfigKeys (ConfUtils.java:logGet(43)) - raft.server.storage.dir = [/workdir/hadoop-ozone/integration-test/target/test-dir/MiniOzoneClusterImpl-0cbaa30b-01de-466b-a1fd-102ebf986b4c/datanode-1/data/ratis] (custom)
2019-10-01 17:24:07,223 [pool-129-thread-1] INFO  server.RaftServerConfigKeys (ConfUtils.java:logGet(43)) - raft.server.log.corruption.policy = EXCEPTION (default)
2019-10-01 17:24:07,224 [pool-129-thread-1] INFO  storage.RaftStorageDirectory (RaftStorageDirectory.java:analyzeStorage(246)) - The storage directory /workdir/hadoop-ozone/integration-test/target/test-dir/MiniOzoneClusterImpl-0cbaa30b-01de-466b-a1fd-102ebf986b4c/datanode-1/data/ratis/19a31161-f15c-4a4e-9f41-bfae8263e41d does not exist. Creating ...
2019-10-01 17:24:07,236 [pool-129-thread-1] INFO  storage.RaftStorageDirectory (RaftStorageDirectory.java:tryLock(328)) - Lock on /workdir/hadoop-ozone/integration-test/target/test-dir/MiniOzoneClusterImpl-0cbaa30b-01de-466b-a1fd-102ebf986b4c/datanode-1/data/ratis/19a31161-f15c-4a4e-9f41-bfae8263e41d/in_use.lock acquired by nodename 27207@pr-hdds-2210-qxppt-2300642653
2019-10-01 17:24:07,273 [pool-129-thread-1] INFO  storage.RaftStorage (RaftStorage.java:format(84)) - Storage directory /workdir/hadoop-ozone/integration-test/target/test-dir/MiniOzoneClusterImpl-0cbaa30b-01de-466b-a1fd-102ebf986b4c/datanode-1/data/ratis/19a31161-f15c-4a4e-9f41-bfae8263e41d has been successfully formatted.
2019-10-01 17:24:07,273 [pool-129-thread-1] INFO  ratis.ContainerStateMachine (ContainerStateMachine.java:loadSnapshot(230)) - group-BFAE8263E41D: The snapshot info is null. Setting the last applied indexto:(t:0, i:~)
2019-10-01 17:24:07,273 [pool-129-thread-1] INFO  server.RaftServerConfigKeys (ConfUtils.java:logGet(43)) - raft.server.notification.no-leader.timeout = 120s (custom)
2019-10-01 17:24:07,273 [pool-129-thread-1] INFO  server.RaftServerConfigKeys (ConfUtils.java:logGet(43)) - raft.server.log.use.memory = false (default)
2019-10-01 17:24:07,273 [pool-129-thread-1] INFO  server.RaftServerConfigKeys (ConfUtils.java:logGet(43)) - raft.server.log.purge.gap = 1000000 (custom)
2019-10-01 17:24:07,274 [pool-129-thread-1] INFO  server.RaftServerConfigKeys (ConfUtils.java:logGet(43)) - raft.server.log.appender.buffer.byte-limit = 33554432 (custom)
2019-10-01 17:24:07,274 [pool-129-thread-1] INFO  server.RaftServerConfigKeys (ConfUtils.java:logGet(43)) - raft.server.log.segment.size.max = 1048576 (custom)
2019-10-01 17:24:07,277 [pool-129-thread-1] INFO  server.RaftServerConfigKeys (ConfUtils.java:logGet(43)) - raft.server.log.segment.cache.num.max = 2 (custom)
2019-10-01 17:24:07,277 [pool-129-thread-1] INFO  segmented.SegmentedRaftLogWorker (SegmentedRaftLogWorker.java:<init>(173)) - new 599736be-ae4b-4302-b470-5181be19b5fd@group-BFAE8263E41D-SegmentedRaftLogWorker for RaftStorage:Storage Directory /workdir/hadoop-ozone/integration-test/target/test-dir/MiniOzoneClusterImpl-0cbaa30b-01de-466b-a1fd-102ebf986b4c/datanode-1/data/ratis/19a31161-f15c-4a4e-9f41-bfae8263e41d
2019-10-01 17:24:07,277 [pool-129-thread-1] INFO  server.RaftServerConfigKeys (ConfUtils.java:logGet(43)) - raft.server.log.queue.byte-limit = 2147483647 (custom)
2019-10-01 17:24:07,277 [pool-129-thread-1] INFO  server.RaftServerConfigKeys (ConfUtils.java:logGet(43)) - raft.server.log.queue.element-limit = 1024 (custom)
2019-10-01 17:24:07,278 [pool-129-thread-1] INFO  server.RaftServerConfigKeys (ConfUtils.java:logGet(43)) - raft.server.log.segment.size.max = 1048576 (custom)
2019-10-01 17:24:07,278 [pool-129-thread-1] INFO  server.RaftServerConfigKeys (ConfUtils.java:logGet(43)) - raft.server.log.preallocated.size = 16384 (custom)
2019-10-01 17:24:07,278 [pool-129-thread-1] INFO  server.RaftServerConfigKeys (ConfUtils.java:logGet(43)) - raft.server.log.write.buffer.size = 33554432 (custom)
2019-10-01 17:24:07,278 [pool-129-thread-1] INFO  server.RaftServerConfigKeys (ConfUtils.java:logGet(43)) - raft.server.log.force.sync.num = 128 (default)
2019-10-01 17:24:07,278 [pool-129-thread-1] INFO  server.RaftServerConfigKeys (ConfUtils.java:logGet(43)) - raft.server.log.statemachine.data.sync = true (default)
2019-10-01 17:24:07,278 [pool-129-thread-1] INFO  server.RaftServerConfigKeys (ConfUtils.java:logGet(43)) - raft.server.log.statemachine.data.sync.timeout = 10s (default)
2019-10-01 17:24:07,279 [pool-129-thread-1] INFO  server.RaftServerConfigKeys (ConfUtils.java:logGet(43)) - raft.server.log.statemachine.data.sync.timeout.retry = -1 (default)
2019-10-01 17:24:07,279 [pool-129-thread-1] INFO  server.RaftServerConfigKeys (ConfUtils.java:logGet(43)) - raft.server.log.statemachine.data.caching.enabled = true (custom)
2019-10-01 17:24:07,280 [pool-129-thread-1] INFO  segmented.SegmentedRaftLogWorker (SegmentedRaftLogWorker.java:lambda$new$0(128)) - 599736be-ae4b-4302-b470-5181be19b5fd@group-BFAE8263E41D-SegmentedRaftLogWorker: flushIndex: setUnconditionally 0 -> -1
2019-10-01 17:24:07,280 [pool-129-thread-1] INFO  server.RaftServerConfigKeys (ConfUtils.java:logGet(43)) - raft.server.snapshot.auto.trigger.enabled = true (custom)
2019-10-01 17:24:07,280 [pool-129-thread-1] INFO  server.RaftServerConfigKeys (ConfUtils.java:logGet(43)) - raft.server.snapshot.auto.trigger.threshold = 10000 (custom)
2019-10-01 17:24:07,280 [pool-129-thread-1] INFO  server.RaftServerConfigKeys (ConfUtils.java:logGet(43)) - raft.server.snapshot.retention.file.num = 5 (custom)
2019-10-01 17:24:07,280 [pool-129-thread-1] INFO  server.RaftServerConfigKeys (ConfUtils.java:logGet(43)) - raft.server.retrycache.expirytime = 600000ms (custom)
2019-10-01 17:24:07,283 [IPC Server handler 1 on 38856] INFO  net.NetworkTopology (NetworkTopologyImpl.java:add(111)) - Added a new node: /default-rack/42fdbc35-67e2-4d2d-bcb6-581913420c06
2019-10-01 17:24:07,283 [IPC Server handler 1 on 38856] INFO  node.SCMNodeManager (SCMNodeManager.java:register(266)) - Registered Data node : 42fdbc35-67e2-4d2d-bcb6-581913420c06{ip: 192.168.164.197, host: pr-hdds-2210-qxppt-2300642653, networkLocation: /default-rack, certSerialId: null}
2019-10-01 17:24:07,283 [pool-129-thread-1] INFO  impl.RaftServerImpl (RaftServerImpl.java:start(181)) - 599736be-ae4b-4302-b470-5181be19b5fd@group-BFAE8263E41D: start as a follower, conf=-1: [599736be-ae4b-4302-b470-5181be19b5fd:192.168.164.197:44294], old=null
2019-10-01 17:24:07,283 [pool-129-thread-1] INFO  impl.RaftServerImpl (RaftServerImpl.java:setRole(170)) - 599736be-ae4b-4302-b470-5181be19b5fd@group-BFAE8263E41D: changes role from      null to FOLLOWER at term 0 for startAsFollower
2019-10-01 17:24:07,283 [pool-129-thread-1] INFO  impl.RoleInfo (RoleInfo.java:updateAndGet(143)) - 599736be-ae4b-4302-b470-5181be19b5fd: start FollowerState
2019-10-01 17:24:07,284 [pool-129-thread-1] INFO  util.JmxRegister (JmxRegister.java:tryRegister(44)) - Successfully registered JMX Bean with object name Ratis:service=RaftServer,group=group-BFAE8263E41D,id=599736be-ae4b-4302-b470-5181be19b5fd
2019-10-01 17:24:07,289 [RatisPipelineUtilsThread] INFO  pipeline.PipelineStateManager (PipelineStateManager.java:addPipeline(56)) - Created pipeline Pipeline[ Id: 19a31161-f15c-4a4e-9f41-bfae8263e41d, Nodes: 599736be-ae4b-4302-b470-5181be19b5fd{ip: 192.168.164.197, host: pr-hdds-2210-qxppt-2300642653, networkLocation: /default-rack, certSerialId: null}, Type:RATIS, Factor:ONE, State:OPEN]
2019-10-01 17:24:07,295 [grpc-default-executor-0] INFO  impl.RaftServerProxy (RaftServerProxy.java:addNew(89)) - 42fdbc35-67e2-4d2d-bcb6-581913420c06: addNew group-08230EE97CA4:[42fdbc35-67e2-4d2d-bcb6-581913420c06:192.168.164.197:41622] returns group-08230EE97CA4:java.util.concurrent.CompletableFuture@63983d33[Not completed]
2019-10-01 17:24:07,299 [pool-139-thread-1] INFO  impl.RaftServerImpl (RaftServerImpl.java:<init>(95)) - 42fdbc35-67e2-4d2d-bcb6-581913420c06: new RaftServerImpl for group-08230EE97CA4:[42fdbc35-67e2-4d2d-bcb6-581913420c06:192.168.164.197:41622] with ContainerStateMachine:uninitialized
2019-10-01 17:24:07,299 [pool-139-thread-1] INFO  server.RaftServerConfigKeys (ConfUtils.java:logGet(43)) - raft.server.rpc.timeout.min = 5s (custom)
2019-10-01 17:24:07,299 [pool-139-thread-1] INFO  server.RaftServerConfigKeys (ConfUtils.java:logGet(43)) - raft.server.rpc.timeout.max = 5200ms (custom)
2019-10-01 17:24:07,299 [pool-139-thread-1] INFO  server.RaftServerConfigKeys (ConfUtils.java:logGet(43)) - raft.server.rpcslowness.timeout = 120s (custom)
2019-10-01 17:24:07,299 [pool-139-thread-1] INFO  server.RaftServerConfigKeys (ConfUtils.java:logGet(43)) - raft.server.sleep.deviation.threshold = 300 (default)
2019-10-01 17:24:07,299 [pool-139-thread-1] INFO  server.RaftServerConfigKeys (ConfUtils.java:logGet(43)) - raft.server.log.appender.install.snapshot.enabled = false (custom)
2019-10-01 17:24:07,299 [pool-139-thread-1] INFO  impl.RaftServerImpl (ServerState.java:<init>(103)) - 42fdbc35-67e2-4d2d-bcb6-581913420c06@group-08230EE97CA4: ConfigurationManager, init=-1: [42fdbc35-67e2-4d2d-bcb6-581913420c06:192.168.164.197:41622], old=null, confs=<EMPTY_MAP>
2019-10-01 17:24:07,300 [pool-139-thread-1] INFO  server.RaftServerConfigKeys (ConfUtils.java:logGet(43)) - raft.server.storage.dir = [/workdir/hadoop-ozone/integration-test/target/test-dir/MiniOzoneClusterImpl-0cbaa30b-01de-466b-a1fd-102ebf986b4c/datanode-2/data/ratis] (custom)
2019-10-01 17:24:07,300 [pool-139-thread-1] INFO  server.RaftServerConfigKeys (ConfUtils.java:logGet(43)) - raft.server.log.corruption.policy = EXCEPTION (default)
2019-10-01 17:24:07,300 [pool-139-thread-1] INFO  storage.RaftStorageDirectory (RaftStorageDirectory.java:analyzeStorage(246)) - The storage directory /workdir/hadoop-ozone/integration-test/target/test-dir/MiniOzoneClusterImpl-0cbaa30b-01de-466b-a1fd-102ebf986b4c/datanode-2/data/ratis/e3e27b1c-c00c-4700-9aea-08230ee97ca4 does not exist. Creating ...
2019-10-01 17:24:07,315 [pool-139-thread-1] INFO  storage.RaftStorageDirectory (RaftStorageDirectory.java:tryLock(328)) - Lock on /workdir/hadoop-ozone/integration-test/target/test-dir/MiniOzoneClusterImpl-0cbaa30b-01de-466b-a1fd-102ebf986b4c/datanode-2/data/ratis/e3e27b1c-c00c-4700-9aea-08230ee97ca4/in_use.lock acquired by nodename 27207@pr-hdds-2210-qxppt-2300642653
2019-10-01 17:24:07,327 [pool-139-thread-1] INFO  storage.RaftStorage (RaftStorage.java:format(84)) - Storage directory /workdir/hadoop-ozone/integration-test/target/test-dir/MiniOzoneClusterImpl-0cbaa30b-01de-466b-a1fd-102ebf986b4c/datanode-2/data/ratis/e3e27b1c-c00c-4700-9aea-08230ee97ca4 has been successfully formatted.
2019-10-01 17:24:07,327 [pool-139-thread-1] INFO  ratis.ContainerStateMachine (ContainerStateMachine.java:loadSnapshot(230)) - group-08230EE97CA4: The snapshot info is null. Setting the last applied indexto:(t:0, i:~)
2019-10-01 17:24:07,327 [pool-139-thread-1] INFO  server.RaftServerConfigKeys (ConfUtils.java:logGet(43)) - raft.server.notification.no-leader.timeout = 120s (custom)
2019-10-01 17:24:07,327 [pool-139-thread-1] INFO  server.RaftServerConfigKeys (ConfUtils.java:logGet(43)) - raft.server.log.use.memory = false (default)
2019-10-01 17:24:07,327 [pool-139-thread-1] INFO  server.RaftServerConfigKeys (ConfUtils.java:logGet(43)) - raft.server.log.purge.gap = 1000000 (custom)
2019-10-01 17:24:07,328 [pool-139-thread-1] INFO  server.RaftServerConfigKeys (ConfUtils.java:logGet(43)) - raft.server.log.appender.buffer.byte-limit = 33554432 (custom)
2019-10-01 17:24:07,328 [pool-139-thread-1] INFO  server.RaftServerConfigKeys (ConfUtils.java:logGet(43)) - raft.server.log.segment.size.max = 1048576 (custom)
2019-10-01 17:24:07,329 [pool-139-thread-1] INFO  server.RaftServerConfigKeys (ConfUtils.java:logGet(43)) - raft.server.log.segment.cache.num.max = 2 (custom)
2019-10-01 17:24:07,329 [pool-139-thread-1] INFO  segmented.SegmentedRaftLogWorker (SegmentedRaftLogWorker.java:<init>(173)) - new 42fdbc35-67e2-4d2d-bcb6-581913420c06@group-08230EE97CA4-SegmentedRaftLogWorker for RaftStorage:Storage Directory /workdir/hadoop-ozone/integration-test/target/test-dir/MiniOzoneClusterImpl-0cbaa30b-01de-466b-a1fd-102ebf986b4c/datanode-2/data/ratis/e3e27b1c-c00c-4700-9aea-08230ee97ca4
2019-10-01 17:24:07,330 [pool-139-thread-1] INFO  server.RaftServerConfigKeys (ConfUtils.java:logGet(43)) - raft.server.log.queue.byte-limit = 2147483647 (custom)
2019-10-01 17:24:07,330 [pool-139-thread-1] INFO  server.RaftServerConfigKeys (ConfUtils.java:logGet(43)) - raft.server.log.queue.element-limit = 1024 (custom)
2019-10-01 17:24:07,330 [pool-139-thread-1] INFO  server.RaftServerConfigKeys (ConfUtils.java:logGet(43)) - raft.server.log.segment.size.max = 1048576 (custom)
2019-10-01 17:24:07,330 [pool-139-thread-1] INFO  server.RaftServerConfigKeys (ConfUtils.java:logGet(43)) - raft.server.log.preallocated.size = 16384 (custom)
2019-10-01 17:24:07,330 [pool-139-thread-1] INFO  server.RaftServerConfigKeys (ConfUtils.java:logGet(43)) - raft.server.log.write.buffer.size = 33554432 (custom)
2019-10-01 17:24:07,330 [pool-139-thread-1] INFO  server.RaftServerConfigKeys (ConfUtils.java:logGet(43)) - raft.server.log.force.sync.num = 128 (default)
2019-10-01 17:24:07,330 [pool-139-thread-1] INFO  server.RaftServerConfigKeys (ConfUtils.java:logGet(43)) - raft.server.log.statemachine.data.sync = true (default)
2019-10-01 17:24:07,330 [pool-139-thread-1] INFO  server.RaftServerConfigKeys (ConfUtils.java:logGet(43)) - raft.server.log.statemachine.data.sync.timeout = 10s (default)
2019-10-01 17:24:07,331 [pool-139-thread-1] INFO  server.RaftServerConfigKeys (ConfUtils.java:logGet(43)) - raft.server.log.statemachine.data.sync.timeout.retry = -1 (default)
2019-10-01 17:24:07,331 [pool-139-thread-1] INFO  server.RaftServerConfigKeys (ConfUtils.java:logGet(43)) - raft.server.log.statemachine.data.caching.enabled = true (custom)
2019-10-01 17:24:07,331 [pool-139-thread-1] INFO  segmented.SegmentedRaftLogWorker (SegmentedRaftLogWorker.java:lambda$new$0(128)) - 42fdbc35-67e2-4d2d-bcb6-581913420c06@group-08230EE97CA4-SegmentedRaftLogWorker: flushIndex: setUnconditionally 0 -> -1
2019-10-01 17:24:07,331 [pool-139-thread-1] INFO  server.RaftServerConfigKeys (ConfUtils.java:logGet(43)) - raft.server.snapshot.auto.trigger.enabled = true (custom)
2019-10-01 17:24:07,332 [pool-139-thread-1] INFO  server.RaftServerConfigKeys (ConfUtils.java:logGet(43)) - raft.server.snapshot.auto.trigger.threshold = 10000 (custom)
2019-10-01 17:24:07,332 [pool-139-thread-1] INFO  server.RaftServerConfigKeys (ConfUtils.java:logGet(43)) - raft.server.snapshot.retention.file.num = 5 (custom)
2019-10-01 17:24:07,332 [pool-139-thread-1] INFO  server.RaftServerConfigKeys (ConfUtils.java:logGet(43)) - raft.server.retrycache.expirytime = 600000ms (custom)
2019-10-01 17:24:07,333 [pool-139-thread-1] INFO  impl.RaftServerImpl (RaftServerImpl.java:start(181)) - 42fdbc35-67e2-4d2d-bcb6-581913420c06@group-08230EE97CA4: start as a follower, conf=-1: [42fdbc35-67e2-4d2d-bcb6-581913420c06:192.168.164.197:41622], old=null
2019-10-01 17:24:07,334 [pool-139-thread-1] INFO  impl.RaftServerImpl (RaftServerImpl.java:setRole(170)) - 42fdbc35-67e2-4d2d-bcb6-581913420c06@group-08230EE97CA4: changes role from      null to FOLLOWER at term 0 for startAsFollower
2019-10-01 17:24:07,334 [pool-139-thread-1] INFO  impl.RoleInfo (RoleInfo.java:updateAndGet(143)) - 42fdbc35-67e2-4d2d-bcb6-581913420c06: start FollowerState
2019-10-01 17:24:07,334 [pool-139-thread-1] INFO  util.JmxRegister (JmxRegister.java:tryRegister(44)) - Successfully registered JMX Bean with object name Ratis:service=RaftServer,group=group-08230EE97CA4,id=42fdbc35-67e2-4d2d-bcb6-581913420c06
2019-10-01 17:24:07,338 [RatisPipelineUtilsThread] INFO  pipeline.PipelineStateManager (PipelineStateManager.java:addPipeline(56)) - Created pipeline Pipeline[ Id: e3e27b1c-c00c-4700-9aea-08230ee97ca4, Nodes: 42fdbc35-67e2-4d2d-bcb6-581913420c06{ip: 192.168.164.197, host: pr-hdds-2210-qxppt-2300642653, networkLocation: /default-rack, certSerialId: null}, Type:RATIS, Factor:ONE, State:OPEN]
2019-10-01 17:24:07,348 [IPC Server handler 8 on 38856] INFO  net.NetworkTopology (NetworkTopologyImpl.java:add(111)) - Added a new node: /default-rack/6cc50ac2-4a62-4d18-a6c8-314055e1fb2a
2019-10-01 17:24:07,348 [IPC Server handler 8 on 38856] INFO  node.SCMNodeManager (SCMNodeManager.java:register(266)) - Registered Data node : 6cc50ac2-4a62-4d18-a6c8-314055e1fb2a{ip: 192.168.164.197, host: pr-hdds-2210-qxppt-2300642653, networkLocation: /default-rack, certSerialId: null}
2019-10-01 17:24:07,348 [grpc-default-executor-2] INFO  impl.RaftServerProxy (RaftServerProxy.java:addNew(89)) - 599736be-ae4b-4302-b470-5181be19b5fd: addNew group-4CA44CE69B6D:[599736be-ae4b-4302-b470-5181be19b5fd:192.168.164.197:44294, 42fdbc35-67e2-4d2d-bcb6-581913420c06:192.168.164.197:41622, b1bc046c-e283-4177-a9ee-6de67a0a0277:192.168.164.197:39909] returns group-4CA44CE69B6D:java.util.concurrent.CompletableFuture@55674efb[Not completed]
2019-10-01 17:24:07,348 [grpc-default-executor-1] INFO  impl.RaftServerProxy (RaftServerProxy.java:addNew(89)) - b1bc046c-e283-4177-a9ee-6de67a0a0277: addNew group-4CA44CE69B6D:[599736be-ae4b-4302-b470-5181be19b5fd:192.168.164.197:44294, 42fdbc35-67e2-4d2d-bcb6-581913420c06:192.168.164.197:41622, b1bc046c-e283-4177-a9ee-6de67a0a0277:192.168.164.197:39909] returns group-4CA44CE69B6D:java.util.concurrent.CompletableFuture@6efb5690[Not completed]
2019-10-01 17:24:07,348 [grpc-default-executor-2] INFO  impl.RaftServerProxy (RaftServerProxy.java:addNew(89)) - 42fdbc35-67e2-4d2d-bcb6-581913420c06: addNew group-4CA44CE69B6D:[599736be-ae4b-4302-b470-5181be19b5fd:192.168.164.197:44294, 42fdbc35-67e2-4d2d-bcb6-581913420c06:192.168.164.197:41622, b1bc046c-e283-4177-a9ee-6de67a0a0277:192.168.164.197:39909] returns group-4CA44CE69B6D:java.util.concurrent.CompletableFuture@1bdbe72b[Not completed]
2019-10-01 17:24:07,350 [pool-129-thread-1] INFO  impl.RaftServerImpl (RaftServerImpl.java:<init>(95)) - 599736be-ae4b-4302-b470-5181be19b5fd: new RaftServerImpl for group-4CA44CE69B6D:[599736be-ae4b-4302-b470-5181be19b5fd:192.168.164.197:44294, 42fdbc35-67e2-4d2d-bcb6-581913420c06:192.168.164.197:41622, b1bc046c-e283-4177-a9ee-6de67a0a0277:192.168.164.197:39909] with ContainerStateMachine:uninitialized
2019-10-01 17:24:07,350 [pool-129-thread-1] INFO  server.RaftServerConfigKeys (ConfUtils.java:logGet(43)) - raft.server.rpc.timeout.min = 5s (custom)
2019-10-01 17:24:07,350 [pool-129-thread-1] INFO  server.RaftServerConfigKeys (ConfUtils.java:logGet(43)) - raft.server.rpc.timeout.max = 5200ms (custom)
2019-10-01 17:24:07,350 [pool-129-thread-1] INFO  server.RaftServerConfigKeys (ConfUtils.java:logGet(43)) - raft.server.rpcslowness.timeout = 120s (custom)
2019-10-01 17:24:07,350 [pool-139-thread-1] INFO  impl.RaftServerImpl (RaftServerImpl.java:<init>(95)) - 42fdbc35-67e2-4d2d-bcb6-581913420c06: new RaftServerImpl for group-4CA44CE69B6D:[599736be-ae4b-4302-b470-5181be19b5fd:192.168.164.197:44294, 42fdbc35-67e2-4d2d-bcb6-581913420c06:192.168.164.197:41622, b1bc046c-e283-4177-a9ee-6de67a0a0277:192.168.164.197:39909] with ContainerStateMachine:uninitialized
2019-10-01 17:24:07,350 [pool-129-thread-1] INFO  server.RaftServerConfigKeys (ConfUtils.java:logGet(43)) - raft.server.sleep.deviation.threshold = 300 (default)
2019-10-01 17:24:07,350 [pool-139-thread-1] INFO  server.RaftServerConfigKeys (ConfUtils.java:logGet(43)) - raft.server.rpc.timeout.min = 5s (custom)
2019-10-01 17:24:07,351 [pool-129-thread-1] INFO  server.RaftServerConfigKeys (ConfUtils.java:logGet(43)) - raft.server.log.appender.install.snapshot.enabled = false (custom)
2019-10-01 17:24:07,351 [pool-119-thread-1] INFO  impl.RaftServerImpl (RaftServerImpl.java:<init>(95)) - b1bc046c-e283-4177-a9ee-6de67a0a0277: new RaftServerImpl for group-4CA44CE69B6D:[599736be-ae4b-4302-b470-5181be19b5fd:192.168.164.197:44294, 42fdbc35-67e2-4d2d-bcb6-581913420c06:192.168.164.197:41622, b1bc046c-e283-4177-a9ee-6de67a0a0277:192.168.164.197:39909] with ContainerStateMachine:uninitialized
2019-10-01 17:24:07,351 [pool-139-thread-1] INFO  server.RaftServerConfigKeys (ConfUtils.java:logGet(43)) - raft.server.rpc.timeout.max = 5200ms (custom)
2019-10-01 17:24:07,351 [pool-119-thread-1] INFO  server.RaftServerConfigKeys (ConfUtils.java:logGet(43)) - raft.server.rpc.timeout.min = 5s (custom)
2019-10-01 17:24:07,351 [pool-129-thread-1] INFO  impl.RaftServerImpl (ServerState.java:<init>(103)) - 599736be-ae4b-4302-b470-5181be19b5fd@group-4CA44CE69B6D: ConfigurationManager, init=-1: [599736be-ae4b-4302-b470-5181be19b5fd:192.168.164.197:44294, 42fdbc35-67e2-4d2d-bcb6-581913420c06:192.168.164.197:41622, b1bc046c-e283-4177-a9ee-6de67a0a0277:192.168.164.197:39909], old=null, confs=<EMPTY_MAP>
2019-10-01 17:24:07,351 [pool-119-thread-1] INFO  server.RaftServerConfigKeys (ConfUtils.java:logGet(43)) - raft.server.rpc.timeout.max = 5200ms (custom)
2019-10-01 17:24:07,351 [pool-139-thread-1] INFO  server.RaftServerConfigKeys (ConfUtils.java:logGet(43)) - raft.server.rpcslowness.timeout = 120s (custom)
2019-10-01 17:24:07,351 [pool-129-thread-1] INFO  server.RaftServerConfigKeys (ConfUtils.java:logGet(43)) - raft.server.storage.dir = [/workdir/hadoop-ozone/integration-test/target/test-dir/MiniOzoneClusterImpl-0cbaa30b-01de-466b-a1fd-102ebf986b4c/datanode-1/data/ratis] (custom)
2019-10-01 17:24:07,351 [pool-119-thread-1] INFO  server.RaftServerConfigKeys (ConfUtils.java:logGet(43)) - raft.server.rpcslowness.timeout = 120s (custom)
2019-10-01 17:24:07,352 [pool-139-thread-1] INFO  server.RaftServerConfigKeys (ConfUtils.java:logGet(43)) - raft.server.sleep.deviation.threshold = 300 (default)
2019-10-01 17:24:07,352 [pool-119-thread-1] INFO  server.RaftServerConfigKeys (ConfUtils.java:logGet(43)) - raft.server.sleep.deviation.threshold = 300 (default)
2019-10-01 17:24:07,352 [pool-129-thread-1] INFO  server.RaftServerConfigKeys (ConfUtils.java:logGet(43)) - raft.server.log.corruption.policy = EXCEPTION (default)
2019-10-01 17:24:07,352 [pool-139-thread-1] INFO  server.RaftServerConfigKeys (ConfUtils.java:logGet(43)) - raft.server.log.appender.install.snapshot.enabled = false (custom)
2019-10-01 17:24:07,352 [pool-119-thread-1] INFO  server.RaftServerConfigKeys (ConfUtils.java:logGet(43)) - raft.server.log.appender.install.snapshot.enabled = false (custom)
2019-10-01 17:24:07,352 [pool-129-thread-1] INFO  storage.RaftStorageDirectory (RaftStorageDirectory.java:analyzeStorage(246)) - The storage directory /workdir/hadoop-ozone/integration-test/target/test-dir/MiniOzoneClusterImpl-0cbaa30b-01de-466b-a1fd-102ebf986b4c/datanode-1/data/ratis/3debaa72-035c-41ed-847a-4ca44ce69b6d does not exist. Creating ...
2019-10-01 17:24:07,352 [pool-139-thread-1] INFO  impl.RaftServerImpl (ServerState.java:<init>(103)) - 42fdbc35-67e2-4d2d-bcb6-581913420c06@group-4CA44CE69B6D: ConfigurationManager, init=-1: [599736be-ae4b-4302-b470-5181be19b5fd:192.168.164.197:44294, 42fdbc35-67e2-4d2d-bcb6-581913420c06:192.168.164.197:41622, b1bc046c-e283-4177-a9ee-6de67a0a0277:192.168.164.197:39909], old=null, confs=<EMPTY_MAP>
2019-10-01 17:24:07,352 [pool-119-thread-1] INFO  impl.RaftServerImpl (ServerState.java:<init>(103)) - b1bc046c-e283-4177-a9ee-6de67a0a0277@group-4CA44CE69B6D: ConfigurationManager, init=-1: [599736be-ae4b-4302-b470-5181be19b5fd:192.168.164.197:44294, 42fdbc35-67e2-4d2d-bcb6-581913420c06:192.168.164.197:41622, b1bc046c-e283-4177-a9ee-6de67a0a0277:192.168.164.197:39909], old=null, confs=<EMPTY_MAP>
2019-10-01 17:24:07,353 [pool-139-thread-1] INFO  server.RaftServerConfigKeys (ConfUtils.java:logGet(43)) - raft.server.storage.dir = [/workdir/hadoop-ozone/integration-test/target/test-dir/MiniOzoneClusterImpl-0cbaa30b-01de-466b-a1fd-102ebf986b4c/datanode-2/data/ratis] (custom)
2019-10-01 17:24:07,353 [pool-119-thread-1] INFO  server.RaftServerConfigKeys (ConfUtils.java:logGet(43)) - raft.server.storage.dir = [/workdir/hadoop-ozone/integration-test/target/test-dir/MiniOzoneClusterImpl-0cbaa30b-01de-466b-a1fd-102ebf986b4c/datanode-0/data/ratis] (custom)
2019-10-01 17:24:07,353 [pool-139-thread-1] INFO  server.RaftServerConfigKeys (ConfUtils.java:logGet(43)) - raft.server.log.corruption.policy = EXCEPTION (default)
2019-10-01 17:24:07,353 [pool-119-thread-1] INFO  server.RaftServerConfigKeys (ConfUtils.java:logGet(43)) - raft.server.log.corruption.policy = EXCEPTION (default)
2019-10-01 17:24:07,353 [pool-139-thread-1] INFO  storage.RaftStorageDirectory (RaftStorageDirectory.java:analyzeStorage(246)) - The storage directory /workdir/hadoop-ozone/integration-test/target/test-dir/MiniOzoneClusterImpl-0cbaa30b-01de-466b-a1fd-102ebf986b4c/datanode-2/data/ratis/3debaa72-035c-41ed-847a-4ca44ce69b6d does not exist. Creating ...
2019-10-01 17:24:07,353 [pool-119-thread-1] INFO  storage.RaftStorageDirectory (RaftStorageDirectory.java:analyzeStorage(246)) - The storage directory /workdir/hadoop-ozone/integration-test/target/test-dir/MiniOzoneClusterImpl-0cbaa30b-01de-466b-a1fd-102ebf986b4c/datanode-0/data/ratis/3debaa72-035c-41ed-847a-4ca44ce69b6d does not exist. Creating ...
2019-10-01 17:24:07,374 [pool-119-thread-1] INFO  storage.RaftStorageDirectory (RaftStorageDirectory.java:tryLock(328)) - Lock on /workdir/hadoop-ozone/integration-test/target/test-dir/MiniOzoneClusterImpl-0cbaa30b-01de-466b-a1fd-102ebf986b4c/datanode-0/data/ratis/3debaa72-035c-41ed-847a-4ca44ce69b6d/in_use.lock acquired by nodename 27207@pr-hdds-2210-qxppt-2300642653
2019-10-01 17:24:07,374 [pool-129-thread-1] INFO  storage.RaftStorageDirectory (RaftStorageDirectory.java:tryLock(328)) - Lock on /workdir/hadoop-ozone/integration-test/target/test-dir/MiniOzoneClusterImpl-0cbaa30b-01de-466b-a1fd-102ebf986b4c/datanode-1/data/ratis/3debaa72-035c-41ed-847a-4ca44ce69b6d/in_use.lock acquired by nodename 27207@pr-hdds-2210-qxppt-2300642653
2019-10-01 17:24:07,374 [pool-139-thread-1] INFO  storage.RaftStorageDirectory (RaftStorageDirectory.java:tryLock(328)) - Lock on /workdir/hadoop-ozone/integration-test/target/test-dir/MiniOzoneClusterImpl-0cbaa30b-01de-466b-a1fd-102ebf986b4c/datanode-2/data/ratis/3debaa72-035c-41ed-847a-4ca44ce69b6d/in_use.lock acquired by nodename 27207@pr-hdds-2210-qxppt-2300642653
2019-10-01 17:24:07,406 [pool-139-thread-1] INFO  storage.RaftStorage (RaftStorage.java:format(84)) - Storage directory /workdir/hadoop-ozone/integration-test/target/test-dir/MiniOzoneClusterImpl-0cbaa30b-01de-466b-a1fd-102ebf986b4c/datanode-2/data/ratis/3debaa72-035c-41ed-847a-4ca44ce69b6d has been successfully formatted.
2019-10-01 17:24:07,406 [pool-129-thread-1] INFO  storage.RaftStorage (RaftStorage.java:format(84)) - Storage directory /workdir/hadoop-ozone/integration-test/target/test-dir/MiniOzoneClusterImpl-0cbaa30b-01de-466b-a1fd-102ebf986b4c/datanode-1/data/ratis/3debaa72-035c-41ed-847a-4ca44ce69b6d has been successfully formatted.
2019-10-01 17:24:07,406 [pool-119-thread-1] INFO  storage.RaftStorage (RaftStorage.java:format(84)) - Storage directory /workdir/hadoop-ozone/integration-test/target/test-dir/MiniOzoneClusterImpl-0cbaa30b-01de-466b-a1fd-102ebf986b4c/datanode-0/data/ratis/3debaa72-035c-41ed-847a-4ca44ce69b6d has been successfully formatted.
2019-10-01 17:24:07,407 [pool-139-thread-1] INFO  ratis.ContainerStateMachine (ContainerStateMachine.java:loadSnapshot(230)) - group-4CA44CE69B6D: The snapshot info is null. Setting the last applied indexto:(t:0, i:~)
2019-10-01 17:24:07,407 [pool-119-thread-1] INFO  ratis.ContainerStateMachine (ContainerStateMachine.java:loadSnapshot(230)) - group-4CA44CE69B6D: The snapshot info is null. Setting the last applied indexto:(t:0, i:~)
2019-10-01 17:24:07,407 [pool-129-thread-1] INFO  ratis.ContainerStateMachine (ContainerStateMachine.java:loadSnapshot(230)) - group-4CA44CE69B6D: The snapshot info is null. Setting the last applied indexto:(t:0, i:~)
2019-10-01 17:24:07,407 [pool-119-thread-1] INFO  server.RaftServerConfigKeys (ConfUtils.java:logGet(43)) - raft.server.notification.no-leader.timeout = 120s (custom)
2019-10-01 17:24:07,407 [pool-139-thread-1] INFO  server.RaftServerConfigKeys (ConfUtils.java:logGet(43)) - raft.server.notification.no-leader.timeout = 120s (custom)
2019-10-01 17:24:07,407 [pool-119-thread-1] INFO  server.RaftServerConfigKeys (ConfUtils.java:logGet(43)) - raft.server.log.use.memory = false (default)
2019-10-01 17:24:07,407 [pool-129-thread-1] INFO  server.RaftServerConfigKeys (ConfUtils.java:logGet(43)) - raft.server.notification.no-leader.timeout = 120s (custom)
2019-10-01 17:24:07,407 [pool-119-thread-1] INFO  server.RaftServerConfigKeys (ConfUtils.java:logGet(43)) - raft.server.log.purge.gap = 1000000 (custom)
2019-10-01 17:24:07,407 [pool-139-thread-1] INFO  server.RaftServerConfigKeys (ConfUtils.java:logGet(43)) - raft.server.log.use.memory = false (default)
2019-10-01 17:24:07,408 [pool-119-thread-1] INFO  server.RaftServerConfigKeys (ConfUtils.java:logGet(43)) - raft.server.log.appender.buffer.byte-limit = 33554432 (custom)
2019-10-01 17:24:07,408 [pool-129-thread-1] INFO  server.RaftServerConfigKeys (ConfUtils.java:logGet(43)) - raft.server.log.use.memory = false (default)
2019-10-01 17:24:07,408 [pool-119-thread-1] INFO  server.RaftServerConfigKeys (ConfUtils.java:logGet(43)) - raft.server.log.segment.size.max = 1048576 (custom)
2019-10-01 17:24:07,408 [pool-139-thread-1] INFO  server.RaftServerConfigKeys (ConfUtils.java:logGet(43)) - raft.server.log.purge.gap = 1000000 (custom)
2019-10-01 17:24:07,408 [pool-119-thread-1] INFO  server.RaftServerConfigKeys (ConfUtils.java:logGet(43)) - raft.server.log.segment.cache.num.max = 2 (custom)
2019-10-01 17:24:07,408 [pool-129-thread-1] INFO  server.RaftServerConfigKeys (ConfUtils.java:logGet(43)) - raft.server.log.purge.gap = 1000000 (custom)
2019-10-01 17:24:07,408 [pool-119-thread-1] INFO  segmented.SegmentedRaftLogWorker (SegmentedRaftLogWorker.java:<init>(173)) - new b1bc046c-e283-4177-a9ee-6de67a0a0277@group-4CA44CE69B6D-SegmentedRaftLogWorker for RaftStorage:Storage Directory /workdir/hadoop-ozone/integration-test/target/test-dir/MiniOzoneClusterImpl-0cbaa30b-01de-466b-a1fd-102ebf986b4c/datanode-0/data/ratis/3debaa72-035c-41ed-847a-4ca44ce69b6d
2019-10-01 17:24:07,408 [pool-139-thread-1] INFO  server.RaftServerConfigKeys (ConfUtils.java:logGet(43)) - raft.server.log.appender.buffer.byte-limit = 33554432 (custom)
2019-10-01 17:24:07,409 [pool-119-thread-1] INFO  server.RaftServerConfigKeys (ConfUtils.java:logGet(43)) - raft.server.log.queue.byte-limit = 2147483647 (custom)
2019-10-01 17:24:07,409 [pool-129-thread-1] INFO  server.RaftServerConfigKeys (ConfUtils.java:logGet(43)) - raft.server.log.appender.buffer.byte-limit = 33554432 (custom)
2019-10-01 17:24:07,409 [pool-119-thread-1] INFO  server.RaftServerConfigKeys (ConfUtils.java:logGet(43)) - raft.server.log.queue.element-limit = 1024 (custom)
2019-10-01 17:24:07,409 [pool-139-thread-1] INFO  server.RaftServerConfigKeys (ConfUtils.java:logGet(43)) - raft.server.log.segment.size.max = 1048576 (custom)
2019-10-01 17:24:07,409 [pool-119-thread-1] INFO  server.RaftServerConfigKeys (ConfUtils.java:logGet(43)) - raft.server.log.segment.size.max = 1048576 (custom)
2019-10-01 17:24:07,409 [pool-129-thread-1] INFO  server.RaftServerConfigKeys (ConfUtils.java:logGet(43)) - raft.server.log.segment.size.max = 1048576 (custom)
2019-10-01 17:24:07,409 [pool-119-thread-1] INFO  server.RaftServerConfigKeys (ConfUtils.java:logGet(43)) - raft.server.log.preallocated.size = 16384 (custom)
2019-10-01 17:24:07,409 [pool-139-thread-1] INFO  server.RaftServerConfigKeys (ConfUtils.java:logGet(43)) - raft.server.log.segment.cache.num.max = 2 (custom)
2019-10-01 17:24:07,410 [pool-119-thread-1] INFO  server.RaftServerConfigKeys (ConfUtils.java:logGet(43)) - raft.server.log.write.buffer.size = 33554432 (custom)
2019-10-01 17:24:07,410 [pool-129-thread-1] INFO  server.RaftServerConfigKeys (ConfUtils.java:logGet(43)) - raft.server.log.segment.cache.num.max = 2 (custom)
2019-10-01 17:24:07,410 [pool-119-thread-1] INFO  server.RaftServerConfigKeys (ConfUtils.java:logGet(43)) - raft.server.log.force.sync.num = 128 (default)
2019-10-01 17:24:07,410 [pool-139-thread-1] INFO  segmented.SegmentedRaftLogWorker (SegmentedRaftLogWorker.java:<init>(173)) - new 42fdbc35-67e2-4d2d-bcb6-581913420c06@group-4CA44CE69B6D-SegmentedRaftLogWorker for RaftStorage:Storage Directory /workdir/hadoop-ozone/integration-test/target/test-dir/MiniOzoneClusterImpl-0cbaa30b-01de-466b-a1fd-102ebf986b4c/datanode-2/data/ratis/3debaa72-035c-41ed-847a-4ca44ce69b6d
2019-10-01 17:24:07,410 [pool-119-thread-1] INFO  server.RaftServerConfigKeys (ConfUtils.java:logGet(43)) - raft.server.log.statemachine.data.sync = true (default)
2019-10-01 17:24:07,410 [pool-129-thread-1] INFO  segmented.SegmentedRaftLogWorker (SegmentedRaftLogWorker.java:<init>(173)) - new 599736be-ae4b-4302-b470-5181be19b5fd@group-4CA44CE69B6D-SegmentedRaftLogWorker for RaftStorage:Storage Directory /workdir/hadoop-ozone/integration-test/target/test-dir/MiniOzoneClusterImpl-0cbaa30b-01de-466b-a1fd-102ebf986b4c/datanode-1/data/ratis/3debaa72-035c-41ed-847a-4ca44ce69b6d
2019-10-01 17:24:07,410 [pool-119-thread-1] INFO  server.RaftServerConfigKeys (ConfUtils.java:logGet(43)) - raft.server.log.statemachine.data.sync.timeout = 10s (default)
2019-10-01 17:24:07,410 [pool-139-thread-1] INFO  server.RaftServerConfigKeys (ConfUtils.java:logGet(43)) - raft.server.log.queue.byte-limit = 2147483647 (custom)
2019-10-01 17:24:07,410 [pool-119-thread-1] INFO  server.RaftServerConfigKeys (ConfUtils.java:logGet(43)) - raft.server.log.statemachine.data.sync.timeout.retry = -1 (default)
2019-10-01 17:24:07,410 [pool-129-thread-1] INFO  server.RaftServerConfigKeys (ConfUtils.java:logGet(43)) - raft.server.log.queue.byte-limit = 2147483647 (custom)
2019-10-01 17:24:07,411 [pool-119-thread-1] INFO  server.RaftServerConfigKeys (ConfUtils.java:logGet(43)) - raft.server.log.statemachine.data.caching.enabled = true (custom)
2019-10-01 17:24:07,411 [pool-139-thread-1] INFO  server.RaftServerConfigKeys (ConfUtils.java:logGet(43)) - raft.server.log.queue.element-limit = 1024 (custom)
2019-10-01 17:24:07,411 [pool-129-thread-1] INFO  server.RaftServerConfigKeys (ConfUtils.java:logGet(43)) - raft.server.log.queue.element-limit = 1024 (custom)
2019-10-01 17:24:07,411 [pool-119-thread-1] INFO  segmented.SegmentedRaftLogWorker (SegmentedRaftLogWorker.java:lambda$new$0(128)) - b1bc046c-e283-4177-a9ee-6de67a0a0277@group-4CA44CE69B6D-SegmentedRaftLogWorker: flushIndex: setUnconditionally 0 -> -1
2019-10-01 17:24:07,411 [pool-139-thread-1] INFO  server.RaftServerConfigKeys (ConfUtils.java:logGet(43)) - raft.server.log.segment.size.max = 1048576 (custom)
2019-10-01 17:24:07,411 [pool-129-thread-1] INFO  server.RaftServerConfigKeys (ConfUtils.java:logGet(43)) - raft.server.log.segment.size.max = 1048576 (custom)
2019-10-01 17:24:07,411 [pool-139-thread-1] INFO  server.RaftServerConfigKeys (ConfUtils.java:logGet(43)) - raft.server.log.preallocated.size = 16384 (custom)
2019-10-01 17:24:07,411 [pool-119-thread-1] INFO  server.RaftServerConfigKeys (ConfUtils.java:logGet(43)) - raft.server.snapshot.auto.trigger.enabled = true (custom)
2019-10-01 17:24:07,412 [pool-139-thread-1] INFO  server.RaftServerConfigKeys (ConfUtils.java:logGet(43)) - raft.server.log.write.buffer.size = 33554432 (custom)
2019-10-01 17:24:07,412 [pool-139-thread-1] INFO  server.RaftServerConfigKeys (ConfUtils.java:logGet(43)) - raft.server.log.force.sync.num = 128 (default)
2019-10-01 17:24:07,412 [pool-129-thread-1] INFO  server.RaftServerConfigKeys (ConfUtils.java:logGet(43)) - raft.server.log.preallocated.size = 16384 (custom)
2019-10-01 17:24:07,412 [pool-139-thread-1] INFO  server.RaftServerConfigKeys (ConfUtils.java:logGet(43)) - raft.server.log.statemachine.data.sync = true (default)
2019-10-01 17:24:07,412 [pool-119-thread-1] INFO  server.RaftServerConfigKeys (ConfUtils.java:logGet(43)) - raft.server.snapshot.auto.trigger.threshold = 10000 (custom)
2019-10-01 17:24:07,412 [pool-139-thread-1] INFO  server.RaftServerConfigKeys (ConfUtils.java:logGet(43)) - raft.server.log.statemachine.data.sync.timeout = 10s (default)
2019-10-01 17:24:07,413 [pool-139-thread-1] INFO  server.RaftServerConfigKeys (ConfUtils.java:logGet(43)) - raft.server.log.statemachine.data.sync.timeout.retry = -1 (default)
2019-10-01 17:24:07,412 [pool-129-thread-1] INFO  server.RaftServerConfigKeys (ConfUtils.java:logGet(43)) - raft.server.log.write.buffer.size = 33554432 (custom)
2019-10-01 17:24:07,413 [pool-139-thread-1] INFO  server.RaftServerConfigKeys (ConfUtils.java:logGet(43)) - raft.server.log.statemachine.data.caching.enabled = true (custom)
2019-10-01 17:24:07,412 [pool-119-thread-1] INFO  server.RaftServerConfigKeys (ConfUtils.java:logGet(43)) - raft.server.snapshot.retention.file.num = 5 (custom)
2019-10-01 17:24:07,413 [IPC Server handler 7 on 38856] INFO  net.NetworkTopology (NetworkTopologyImpl.java:add(111)) - Added a new node: /default-rack/7645f436-3f26-44f9-94b6-09645210e85a
2019-10-01 17:24:07,413 [IPC Server handler 7 on 38856] INFO  node.SCMNodeManager (SCMNodeManager.java:register(266)) - Registered Data node : 7645f436-3f26-44f9-94b6-09645210e85a{ip: 192.168.164.197, host: pr-hdds-2210-qxppt-2300642653, networkLocation: /default-rack, certSerialId: null}
2019-10-01 17:24:07,413 [pool-129-thread-1] INFO  server.RaftServerConfigKeys (ConfUtils.java:logGet(43)) - raft.server.log.force.sync.num = 128 (default)
2019-10-01 17:24:07,413 [pool-139-thread-1] INFO  segmented.SegmentedRaftLogWorker (SegmentedRaftLogWorker.java:lambda$new$0(128)) - 42fdbc35-67e2-4d2d-bcb6-581913420c06@group-4CA44CE69B6D-SegmentedRaftLogWorker: flushIndex: setUnconditionally 0 -> -1
2019-10-01 17:24:07,413 [pool-119-thread-1] INFO  server.RaftServerConfigKeys (ConfUtils.java:logGet(43)) - raft.server.retrycache.expirytime = 600000ms (custom)
2019-10-01 17:24:07,414 [pool-129-thread-1] INFO  server.RaftServerConfigKeys (ConfUtils.java:logGet(43)) - raft.server.log.statemachine.data.sync = true (default)
2019-10-01 17:24:07,414 [pool-139-thread-1] INFO  server.RaftServerConfigKeys (ConfUtils.java:logGet(43)) - raft.server.snapshot.auto.trigger.enabled = true (custom)
2019-10-01 17:24:07,414 [pool-129-thread-1] INFO  server.RaftServerConfigKeys (ConfUtils.java:logGet(43)) - raft.server.log.statemachine.data.sync.timeout = 10s (default)
2019-10-01 17:24:07,414 [pool-139-thread-1] INFO  server.RaftServerConfigKeys (ConfUtils.java:logGet(43)) - raft.server.snapshot.auto.trigger.threshold = 10000 (custom)
2019-10-01 17:24:07,414 [pool-129-thread-1] INFO  server.RaftServerConfigKeys (ConfUtils.java:logGet(43)) - raft.server.log.statemachine.data.sync.timeout.retry = -1 (default)
2019-10-01 17:24:07,414 [pool-139-thread-1] INFO  server.RaftServerConfigKeys (ConfUtils.java:logGet(43)) - raft.server.snapshot.retention.file.num = 5 (custom)
2019-10-01 17:24:07,415 [pool-129-thread-1] INFO  server.RaftServerConfigKeys (ConfUtils.java:logGet(43)) - raft.server.log.statemachine.data.caching.enabled = true (custom)
2019-10-01 17:24:07,415 [pool-139-thread-1] INFO  server.RaftServerConfigKeys (ConfUtils.java:logGet(43)) - raft.server.retrycache.expirytime = 600000ms (custom)
2019-10-01 17:24:07,415 [pool-129-thread-1] INFO  segmented.SegmentedRaftLogWorker (SegmentedRaftLogWorker.java:lambda$new$0(128)) - 599736be-ae4b-4302-b470-5181be19b5fd@group-4CA44CE69B6D-SegmentedRaftLogWorker: flushIndex: setUnconditionally 0 -> -1
2019-10-01 17:24:07,415 [pool-119-thread-1] INFO  impl.RaftServerImpl (RaftServerImpl.java:start(181)) - b1bc046c-e283-4177-a9ee-6de67a0a0277@group-4CA44CE69B6D: start as a follower, conf=-1: [599736be-ae4b-4302-b470-5181be19b5fd:192.168.164.197:44294, 42fdbc35-67e2-4d2d-bcb6-581913420c06:192.168.164.197:41622, b1bc046c-e283-4177-a9ee-6de67a0a0277:192.168.164.197:39909], old=null
2019-10-01 17:24:07,415 [pool-129-thread-1] INFO  server.RaftServerConfigKeys (ConfUtils.java:logGet(43)) - raft.server.snapshot.auto.trigger.enabled = true (custom)
2019-10-01 17:24:07,415 [pool-119-thread-1] INFO  impl.RaftServerImpl (RaftServerImpl.java:setRole(170)) - b1bc046c-e283-4177-a9ee-6de67a0a0277@group-4CA44CE69B6D: changes role from      null to FOLLOWER at term 0 for startAsFollower
2019-10-01 17:24:07,416 [pool-129-thread-1] INFO  server.RaftServerConfigKeys (ConfUtils.java:logGet(43)) - raft.server.snapshot.auto.trigger.threshold = 10000 (custom)
2019-10-01 17:24:07,416 [pool-119-thread-1] INFO  impl.RoleInfo (RoleInfo.java:updateAndGet(143)) - b1bc046c-e283-4177-a9ee-6de67a0a0277: start FollowerState
2019-10-01 17:24:07,416 [pool-129-thread-1] INFO  server.RaftServerConfigKeys (ConfUtils.java:logGet(43)) - raft.server.snapshot.retention.file.num = 5 (custom)
2019-10-01 17:24:07,424 [pool-119-thread-1] INFO  util.JmxRegister (JmxRegister.java:tryRegister(44)) - Successfully registered JMX Bean with object name Ratis:service=RaftServer,group=group-4CA44CE69B6D,id=b1bc046c-e283-4177-a9ee-6de67a0a0277
2019-10-01 17:24:07,424 [pool-129-thread-1] INFO  server.RaftServerConfigKeys (ConfUtils.java:logGet(43)) - raft.server.retrycache.expirytime = 600000ms (custom)
2019-10-01 17:24:07,426 [pool-139-thread-1] INFO  impl.RaftServerImpl (RaftServerImpl.java:start(181)) - 42fdbc35-67e2-4d2d-bcb6-581913420c06@group-4CA44CE69B6D: start as a follower, conf=-1: [599736be-ae4b-4302-b470-5181be19b5fd:192.168.164.197:44294, 42fdbc35-67e2-4d2d-bcb6-581913420c06:192.168.164.197:41622, b1bc046c-e283-4177-a9ee-6de67a0a0277:192.168.164.197:39909], old=null
2019-10-01 17:24:07,426 [pool-139-thread-1] INFO  impl.RaftServerImpl (RaftServerImpl.java:setRole(170)) - 42fdbc35-67e2-4d2d-bcb6-581913420c06@group-4CA44CE69B6D: changes role from      null to FOLLOWER at term 0 for startAsFollower
2019-10-01 17:24:07,427 [pool-139-thread-1] INFO  impl.RoleInfo (RoleInfo.java:updateAndGet(143)) - 42fdbc35-67e2-4d2d-bcb6-581913420c06: start FollowerState
2019-10-01 17:24:07,427 [pool-139-thread-1] INFO  util.JmxRegister (JmxRegister.java:tryRegister(44)) - Successfully registered JMX Bean with object name Ratis:service=RaftServer,group=group-4CA44CE69B6D,id=42fdbc35-67e2-4d2d-bcb6-581913420c06
2019-10-01 17:24:07,434 [pool-129-thread-1] INFO  impl.RaftServerImpl (RaftServerImpl.java:start(181)) - 599736be-ae4b-4302-b470-5181be19b5fd@group-4CA44CE69B6D: start as a follower, conf=-1: [599736be-ae4b-4302-b470-5181be19b5fd:192.168.164.197:44294, 42fdbc35-67e2-4d2d-bcb6-581913420c06:192.168.164.197:41622, b1bc046c-e283-4177-a9ee-6de67a0a0277:192.168.164.197:39909], old=null
2019-10-01 17:24:07,434 [pool-129-thread-1] INFO  impl.RaftServerImpl (RaftServerImpl.java:setRole(170)) - 599736be-ae4b-4302-b470-5181be19b5fd@group-4CA44CE69B6D: changes role from      null to FOLLOWER at term 0 for startAsFollower
2019-10-01 17:24:07,434 [pool-129-thread-1] INFO  impl.RoleInfo (RoleInfo.java:updateAndGet(143)) - 599736be-ae4b-4302-b470-5181be19b5fd: start FollowerState
2019-10-01 17:24:07,435 [pool-129-thread-1] INFO  util.JmxRegister (JmxRegister.java:tryRegister(44)) - Successfully registered JMX Bean with object name Ratis:service=RaftServer,group=group-4CA44CE69B6D,id=599736be-ae4b-4302-b470-5181be19b5fd
2019-10-01 17:24:07,439 [RatisPipelineUtilsThread] INFO  pipeline.PipelineStateManager (PipelineStateManager.java:addPipeline(56)) - Created pipeline Pipeline[ Id: 3debaa72-035c-41ed-847a-4ca44ce69b6d, Nodes: b1bc046c-e283-4177-a9ee-6de67a0a0277{ip: 192.168.164.197, host: pr-hdds-2210-qxppt-2300642653, networkLocation: /default-rack, certSerialId: null}599736be-ae4b-4302-b470-5181be19b5fd{ip: 192.168.164.197, host: pr-hdds-2210-qxppt-2300642653, networkLocation: /default-rack, certSerialId: null}42fdbc35-67e2-4d2d-bcb6-581913420c06{ip: 192.168.164.197, host: pr-hdds-2210-qxppt-2300642653, networkLocation: /default-rack, certSerialId: null}, Type:RATIS, Factor:THREE, State:OPEN]
2019-10-01 17:24:07,476 [IPC Server handler 2 on 38856] INFO  net.NetworkTopology (NetworkTopologyImpl.java:add(111)) - Added a new node: /default-rack/4172f4f6-b642-410a-a39e-a8ed25fb1945
2019-10-01 17:24:07,476 [IPC Server handler 2 on 38856] INFO  node.SCMNodeManager (SCMNodeManager.java:register(266)) - Registered Data node : 4172f4f6-b642-410a-a39e-a8ed25fb1945{ip: 192.168.164.197, host: pr-hdds-2210-qxppt-2300642653, networkLocation: /default-rack, certSerialId: null}
2019-10-01 17:24:07,486 [grpc-default-executor-2] INFO  impl.RaftServerProxy (RaftServerProxy.java:addNew(89)) - 4172f4f6-b642-410a-a39e-a8ed25fb1945: addNew group-676E94EB455D:[4172f4f6-b642-410a-a39e-a8ed25fb1945:192.168.164.197:43673] returns group-676E94EB455D:java.util.concurrent.CompletableFuture@3ae60426[Not completed]
2019-10-01 17:24:07,491 [pool-169-thread-1] INFO  impl.RaftServerImpl (RaftServerImpl.java:<init>(95)) - 4172f4f6-b642-410a-a39e-a8ed25fb1945: new RaftServerImpl for group-676E94EB455D:[4172f4f6-b642-410a-a39e-a8ed25fb1945:192.168.164.197:43673] with ContainerStateMachine:uninitialized
2019-10-01 17:24:07,492 [pool-169-thread-1] INFO  server.RaftServerConfigKeys (ConfUtils.java:logGet(43)) - raft.server.rpc.timeout.min = 5s (custom)
2019-10-01 17:24:07,492 [pool-169-thread-1] INFO  server.RaftServerConfigKeys (ConfUtils.java:logGet(43)) - raft.server.rpc.timeout.max = 5200ms (custom)
2019-10-01 17:24:07,492 [pool-169-thread-1] INFO  server.RaftServerConfigKeys (ConfUtils.java:logGet(43)) - raft.server.rpcslowness.timeout = 120s (custom)
2019-10-01 17:24:07,492 [pool-169-thread-1] INFO  server.RaftServerConfigKeys (ConfUtils.java:logGet(43)) - raft.server.sleep.deviation.threshold = 300 (default)
2019-10-01 17:24:07,492 [pool-169-thread-1] INFO  server.RaftServerConfigKeys (ConfUtils.java:logGet(43)) - raft.server.log.appender.install.snapshot.enabled = false (custom)
2019-10-01 17:24:07,492 [pool-169-thread-1] INFO  impl.RaftServerImpl (ServerState.java:<init>(103)) - 4172f4f6-b642-410a-a39e-a8ed25fb1945@group-676E94EB455D: ConfigurationManager, init=-1: [4172f4f6-b642-410a-a39e-a8ed25fb1945:192.168.164.197:43673], old=null, confs=<EMPTY_MAP>
2019-10-01 17:24:07,492 [pool-169-thread-1] INFO  server.RaftServerConfigKeys (ConfUtils.java:logGet(43)) - raft.server.storage.dir = [/workdir/hadoop-ozone/integration-test/target/test-dir/MiniOzoneClusterImpl-0cbaa30b-01de-466b-a1fd-102ebf986b4c/datanode-5/data/ratis] (custom)
2019-10-01 17:24:07,492 [pool-169-thread-1] INFO  server.RaftServerConfigKeys (ConfUtils.java:logGet(43)) - raft.server.log.corruption.policy = EXCEPTION (default)
2019-10-01 17:24:07,493 [pool-169-thread-1] INFO  storage.RaftStorageDirectory (RaftStorageDirectory.java:analyzeStorage(246)) - The storage directory /workdir/hadoop-ozone/integration-test/target/test-dir/MiniOzoneClusterImpl-0cbaa30b-01de-466b-a1fd-102ebf986b4c/datanode-5/data/ratis/fe3b7c37-af85-4aef-8107-676e94eb455d does not exist. Creating ...
2019-10-01 17:24:07,505 [pool-169-thread-1] INFO  storage.RaftStorageDirectory (RaftStorageDirectory.java:tryLock(328)) - Lock on /workdir/hadoop-ozone/integration-test/target/test-dir/MiniOzoneClusterImpl-0cbaa30b-01de-466b-a1fd-102ebf986b4c/datanode-5/data/ratis/fe3b7c37-af85-4aef-8107-676e94eb455d/in_use.lock acquired by nodename 27207@pr-hdds-2210-qxppt-2300642653
2019-10-01 17:24:07,520 [pool-169-thread-1] INFO  storage.RaftStorage (RaftStorage.java:format(84)) - Storage directory /workdir/hadoop-ozone/integration-test/target/test-dir/MiniOzoneClusterImpl-0cbaa30b-01de-466b-a1fd-102ebf986b4c/datanode-5/data/ratis/fe3b7c37-af85-4aef-8107-676e94eb455d has been successfully formatted.
2019-10-01 17:24:07,520 [pool-169-thread-1] INFO  ratis.ContainerStateMachine (ContainerStateMachine.java:loadSnapshot(230)) - group-676E94EB455D: The snapshot info is null. Setting the last applied indexto:(t:0, i:~)
2019-10-01 17:24:07,520 [pool-169-thread-1] INFO  server.RaftServerConfigKeys (ConfUtils.java:logGet(43)) - raft.server.notification.no-leader.timeout = 120s (custom)
2019-10-01 17:24:07,520 [pool-169-thread-1] INFO  server.RaftServerConfigKeys (ConfUtils.java:logGet(43)) - raft.server.log.use.memory = false (default)
2019-10-01 17:24:07,520 [pool-169-thread-1] INFO  server.RaftServerConfigKeys (ConfUtils.java:logGet(43)) - raft.server.log.purge.gap = 1000000 (custom)
2019-10-01 17:24:07,520 [pool-169-thread-1] INFO  server.RaftServerConfigKeys (ConfUtils.java:logGet(43)) - raft.server.log.appender.buffer.byte-limit = 33554432 (custom)
2019-10-01 17:24:07,520 [pool-169-thread-1] INFO  server.RaftServerConfigKeys (ConfUtils.java:logGet(43)) - raft.server.log.segment.size.max = 1048576 (custom)
2019-10-01 17:24:07,522 [pool-169-thread-1] INFO  server.RaftServerConfigKeys (ConfUtils.java:logGet(43)) - raft.server.log.segment.cache.num.max = 2 (custom)
2019-10-01 17:24:07,522 [pool-169-thread-1] INFO  segmented.SegmentedRaftLogWorker (SegmentedRaftLogWorker.java:<init>(173)) - new 4172f4f6-b642-410a-a39e-a8ed25fb1945@group-676E94EB455D-SegmentedRaftLogWorker for RaftStorage:Storage Directory /workdir/hadoop-ozone/integration-test/target/test-dir/MiniOzoneClusterImpl-0cbaa30b-01de-466b-a1fd-102ebf986b4c/datanode-5/data/ratis/fe3b7c37-af85-4aef-8107-676e94eb455d
2019-10-01 17:24:07,522 [pool-169-thread-1] INFO  server.RaftServerConfigKeys (ConfUtils.java:logGet(43)) - raft.server.log.queue.byte-limit = 2147483647 (custom)
2019-10-01 17:24:07,522 [pool-169-thread-1] INFO  server.RaftServerConfigKeys (ConfUtils.java:logGet(43)) - raft.server.log.queue.element-limit = 1024 (custom)
2019-10-01 17:24:07,523 [pool-169-thread-1] INFO  server.RaftServerConfigKeys (ConfUtils.java:logGet(43)) - raft.server.log.segment.size.max = 1048576 (custom)
2019-10-01 17:24:07,523 [pool-169-thread-1] INFO  server.RaftServerConfigKeys (ConfUtils.java:logGet(43)) - raft.server.log.preallocated.size = 16384 (custom)
2019-10-01 17:24:07,523 [pool-169-thread-1] INFO  server.RaftServerConfigKeys (ConfUtils.java:logGet(43)) - raft.server.log.write.buffer.size = 33554432 (custom)
2019-10-01 17:24:07,523 [pool-169-thread-1] INFO  server.RaftServerConfigKeys (ConfUtils.java:logGet(43)) - raft.server.log.force.sync.num = 128 (default)
2019-10-01 17:24:07,523 [pool-169-thread-1] INFO  server.RaftServerConfigKeys (ConfUtils.java:logGet(43)) - raft.server.log.statemachine.data.sync = true (default)
2019-10-01 17:24:07,523 [pool-169-thread-1] INFO  server.RaftServerConfigKeys (ConfUtils.java:logGet(43)) - raft.server.log.statemachine.data.sync.timeout = 10s (default)
2019-10-01 17:24:07,523 [pool-169-thread-1] INFO  server.RaftServerConfigKeys (ConfUtils.java:logGet(43)) - raft.server.log.statemachine.data.sync.timeout.retry = -1 (default)
2019-10-01 17:24:07,524 [pool-169-thread-1] INFO  server.RaftServerConfigKeys (ConfUtils.java:logGet(43)) - raft.server.log.statemachine.data.caching.enabled = true (custom)
2019-10-01 17:24:07,524 [pool-169-thread-1] INFO  segmented.SegmentedRaftLogWorker (SegmentedRaftLogWorker.java:lambda$new$0(128)) - 4172f4f6-b642-410a-a39e-a8ed25fb1945@group-676E94EB455D-SegmentedRaftLogWorker: flushIndex: setUnconditionally 0 -> -1
2019-10-01 17:24:07,524 [pool-169-thread-1] INFO  server.RaftServerConfigKeys (ConfUtils.java:logGet(43)) - raft.server.snapshot.auto.trigger.enabled = true (custom)
2019-10-01 17:24:07,524 [pool-169-thread-1] INFO  server.RaftServerConfigKeys (ConfUtils.java:logGet(43)) - raft.server.snapshot.auto.trigger.threshold = 10000 (custom)
2019-10-01 17:24:07,524 [pool-169-thread-1] INFO  server.RaftServerConfigKeys (ConfUtils.java:logGet(43)) - raft.server.snapshot.retention.file.num = 5 (custom)
2019-10-01 17:24:07,525 [pool-169-thread-1] INFO  server.RaftServerConfigKeys (ConfUtils.java:logGet(43)) - raft.server.retrycache.expirytime = 600000ms (custom)
2019-10-01 17:24:07,526 [pool-169-thread-1] INFO  impl.RaftServerImpl (RaftServerImpl.java:start(181)) - 4172f4f6-b642-410a-a39e-a8ed25fb1945@group-676E94EB455D: start as a follower, conf=-1: [4172f4f6-b642-410a-a39e-a8ed25fb1945:192.168.164.197:43673], old=null
2019-10-01 17:24:07,526 [pool-169-thread-1] INFO  impl.RaftServerImpl (RaftServerImpl.java:setRole(170)) - 4172f4f6-b642-410a-a39e-a8ed25fb1945@group-676E94EB455D: changes role from      null to FOLLOWER at term 0 for startAsFollower
2019-10-01 17:24:07,526 [pool-169-thread-1] INFO  impl.RoleInfo (RoleInfo.java:updateAndGet(143)) - 4172f4f6-b642-410a-a39e-a8ed25fb1945: start FollowerState
2019-10-01 17:24:07,527 [pool-169-thread-1] INFO  util.JmxRegister (JmxRegister.java:tryRegister(44)) - Successfully registered JMX Bean with object name Ratis:service=RaftServer,group=group-676E94EB455D,id=4172f4f6-b642-410a-a39e-a8ed25fb1945
2019-10-01 17:24:07,532 [RatisPipelineUtilsThread] INFO  pipeline.PipelineStateManager (PipelineStateManager.java:addPipeline(56)) - Created pipeline Pipeline[ Id: fe3b7c37-af85-4aef-8107-676e94eb455d, Nodes: 4172f4f6-b642-410a-a39e-a8ed25fb1945{ip: 192.168.164.197, host: pr-hdds-2210-qxppt-2300642653, networkLocation: /default-rack, certSerialId: null}, Type:RATIS, Factor:ONE, State:OPEN]
2019-10-01 17:24:07,539 [grpc-default-executor-2] INFO  impl.RaftServerProxy (RaftServerProxy.java:addNew(89)) - 7645f436-3f26-44f9-94b6-09645210e85a: addNew group-92FC0A681472:[7645f436-3f26-44f9-94b6-09645210e85a:192.168.164.197:33741] returns group-92FC0A681472:java.util.concurrent.CompletableFuture@26d1e8eb[Not completed]
2019-10-01 17:24:07,540 [IPC Server handler 0 on 38856] INFO  net.NetworkTopology (NetworkTopologyImpl.java:add(111)) - Added a new node: /default-rack/332249a1-b42e-4c92-82fe-4572a32ca807
2019-10-01 17:24:07,540 [IPC Server handler 0 on 38856] INFO  node.SCMNodeManager (SCMNodeManager.java:register(266)) - Registered Data node : 332249a1-b42e-4c92-82fe-4572a32ca807{ip: 192.168.164.197, host: pr-hdds-2210-qxppt-2300642653, networkLocation: /default-rack, certSerialId: null}
2019-10-01 17:24:07,540 [main] INFO  ozone.MiniOzoneClusterImpl (MiniOzoneClusterImpl.java:lambda$waitForClusterToBeReady$0(147)) - Cluster is ready. Got 7 of 7 DN Heartbeats.
2019-10-01 17:24:07,545 [pool-159-thread-1] INFO  impl.RaftServerImpl (RaftServerImpl.java:<init>(95)) - 7645f436-3f26-44f9-94b6-09645210e85a: new RaftServerImpl for group-92FC0A681472:[7645f436-3f26-44f9-94b6-09645210e85a:192.168.164.197:33741] with ContainerStateMachine:uninitialized
2019-10-01 17:24:07,546 [pool-159-thread-1] INFO  server.RaftServerConfigKeys (ConfUtils.java:logGet(43)) - raft.server.rpc.timeout.min = 5s (custom)
2019-10-01 17:24:07,546 [pool-159-thread-1] INFO  server.RaftServerConfigKeys (ConfUtils.java:logGet(43)) - raft.server.rpc.timeout.max = 5200ms (custom)
2019-10-01 17:24:07,546 [pool-159-thread-1] INFO  server.RaftServerConfigKeys (ConfUtils.java:logGet(43)) - raft.server.rpcslowness.timeout = 120s (custom)
2019-10-01 17:24:07,546 [pool-159-thread-1] INFO  server.RaftServerConfigKeys (ConfUtils.java:logGet(43)) - raft.server.sleep.deviation.threshold = 300 (default)
2019-10-01 17:24:07,546 [pool-159-thread-1] INFO  server.RaftServerConfigKeys (ConfUtils.java:logGet(43)) - raft.server.log.appender.install.snapshot.enabled = false (custom)
2019-10-01 17:24:07,546 [pool-159-thread-1] INFO  impl.RaftServerImpl (ServerState.java:<init>(103)) - 7645f436-3f26-44f9-94b6-09645210e85a@group-92FC0A681472: ConfigurationManager, init=-1: [7645f436-3f26-44f9-94b6-09645210e85a:192.168.164.197:33741], old=null, confs=<EMPTY_MAP>
2019-10-01 17:24:07,546 [pool-159-thread-1] INFO  server.RaftServerConfigKeys (ConfUtils.java:logGet(43)) - raft.server.storage.dir = [/workdir/hadoop-ozone/integration-test/target/test-dir/MiniOzoneClusterImpl-0cbaa30b-01de-466b-a1fd-102ebf986b4c/datanode-4/data/ratis] (custom)
2019-10-01 17:24:07,547 [pool-159-thread-1] INFO  server.RaftServerConfigKeys (ConfUtils.java:logGet(43)) - raft.server.log.corruption.policy = EXCEPTION (default)
2019-10-01 17:24:07,547 [pool-159-thread-1] INFO  storage.RaftStorageDirectory (RaftStorageDirectory.java:analyzeStorage(246)) - The storage directory /workdir/hadoop-ozone/integration-test/target/test-dir/MiniOzoneClusterImpl-0cbaa30b-01de-466b-a1fd-102ebf986b4c/datanode-4/data/ratis/b3edcfe1-1eca-4448-b693-92fc0a681472 does not exist. Creating ...
2019-10-01 17:24:07,571 [pool-159-thread-1] INFO  storage.RaftStorageDirectory (RaftStorageDirectory.java:tryLock(328)) - Lock on /workdir/hadoop-ozone/integration-test/target/test-dir/MiniOzoneClusterImpl-0cbaa30b-01de-466b-a1fd-102ebf986b4c/datanode-4/data/ratis/b3edcfe1-1eca-4448-b693-92fc0a681472/in_use.lock acquired by nodename 27207@pr-hdds-2210-qxppt-2300642653
2019-10-01 17:24:07,577 [main] INFO  rpc.RpcClient (RpcClient.java:createVolume(276)) - Creating Volume: testblockoutputstreamwithretries, with jenkins1000 as owner.
2019-10-01 17:24:07,580 [IPC Server handler 3 on 43174] INFO  volume.OMVolumeCreateRequest (OMVolumeCreateRequest.java:validateAndUpdateCache(194)) - created volume:testblockoutputstreamwithretries for user:jenkins1000
2019-10-01 17:24:07,584 [pool-159-thread-1] INFO  storage.RaftStorage (RaftStorage.java:format(84)) - Storage directory /workdir/hadoop-ozone/integration-test/target/test-dir/MiniOzoneClusterImpl-0cbaa30b-01de-466b-a1fd-102ebf986b4c/datanode-4/data/ratis/b3edcfe1-1eca-4448-b693-92fc0a681472 has been successfully formatted.
2019-10-01 17:24:07,584 [pool-159-thread-1] INFO  ratis.ContainerStateMachine (ContainerStateMachine.java:loadSnapshot(230)) - group-92FC0A681472: The snapshot info is null. Setting the last applied indexto:(t:0, i:~)
2019-10-01 17:24:07,590 [pool-159-thread-1] INFO  server.RaftServerConfigKeys (ConfUtils.java:logGet(43)) - raft.server.notification.no-leader.timeout = 120s (custom)
2019-10-01 17:24:07,590 [pool-159-thread-1] INFO  server.RaftServerConfigKeys (ConfUtils.java:logGet(43)) - raft.server.log.use.memory = false (default)
2019-10-01 17:24:07,590 [pool-159-thread-1] INFO  server.RaftServerConfigKeys (ConfUtils.java:logGet(43)) - raft.server.log.purge.gap = 1000000 (custom)
2019-10-01 17:24:07,590 [pool-159-thread-1] INFO  server.RaftServerConfigKeys (ConfUtils.java:logGet(43)) - raft.server.log.appender.buffer.byte-limit = 33554432 (custom)
2019-10-01 17:24:07,590 [pool-159-thread-1] INFO  server.RaftServerConfigKeys (ConfUtils.java:logGet(43)) - raft.server.log.segment.size.max = 1048576 (custom)
2019-10-01 17:24:07,591 [main] INFO  rpc.RpcClient (RpcClient.java:createBucket(415)) - Creating Bucket: testblockoutputstreamwithretries/testblockoutputstreamwithretries, with Versioning false and Storage Type set to DISK and Encryption set to false 
2019-10-01 17:24:07,592 [pool-159-thread-1] INFO  server.RaftServerConfigKeys (ConfUtils.java:logGet(43)) - raft.server.log.segment.cache.num.max = 2 (custom)
2019-10-01 17:24:07,592 [pool-159-thread-1] INFO  segmented.SegmentedRaftLogWorker (SegmentedRaftLogWorker.java:<init>(173)) - new 7645f436-3f26-44f9-94b6-09645210e85a@group-92FC0A681472-SegmentedRaftLogWorker for RaftStorage:Storage Directory /workdir/hadoop-ozone/integration-test/target/test-dir/MiniOzoneClusterImpl-0cbaa30b-01de-466b-a1fd-102ebf986b4c/datanode-4/data/ratis/b3edcfe1-1eca-4448-b693-92fc0a681472
2019-10-01 17:24:07,592 [pool-159-thread-1] INFO  server.RaftServerConfigKeys (ConfUtils.java:logGet(43)) - raft.server.log.queue.byte-limit = 2147483647 (custom)
2019-10-01 17:24:07,592 [pool-159-thread-1] INFO  server.RaftServerConfigKeys (ConfUtils.java:logGet(43)) - raft.server.log.queue.element-limit = 1024 (custom)
2019-10-01 17:24:07,592 [pool-159-thread-1] INFO  server.RaftServerConfigKeys (ConfUtils.java:logGet(43)) - raft.server.log.segment.size.max = 1048576 (custom)
2019-10-01 17:24:07,592 [pool-159-thread-1] INFO  server.RaftServerConfigKeys (ConfUtils.java:logGet(43)) - raft.server.log.preallocated.size = 16384 (custom)
2019-10-01 17:24:07,592 [pool-159-thread-1] INFO  server.RaftServerConfigKeys (ConfUtils.java:logGet(43)) - raft.server.log.write.buffer.size = 33554432 (custom)
2019-10-01 17:24:07,592 [pool-159-thread-1] INFO  server.RaftServerConfigKeys (ConfUtils.java:logGet(43)) - raft.server.log.force.sync.num = 128 (default)
2019-10-01 17:24:07,593 [pool-159-thread-1] INFO  server.RaftServerConfigKeys (ConfUtils.java:logGet(43)) - raft.server.log.statemachine.data.sync = true (default)
2019-10-01 17:24:07,593 [pool-159-thread-1] INFO  server.RaftServerConfigKeys (ConfUtils.java:logGet(43)) - raft.server.log.statemachine.data.sync.timeout = 10s (default)
2019-10-01 17:24:07,593 [pool-159-thread-1] INFO  server.RaftServerConfigKeys (ConfUtils.java:logGet(43)) - raft.server.log.statemachine.data.sync.timeout.retry = -1 (default)
2019-10-01 17:24:07,595 [pool-159-thread-1] INFO  server.RaftServerConfigKeys (ConfUtils.java:logGet(43)) - raft.server.log.statemachine.data.caching.enabled = true (custom)
2019-10-01 17:24:07,596 [pool-159-thread-1] INFO  segmented.SegmentedRaftLogWorker (SegmentedRaftLogWorker.java:lambda$new$0(128)) - 7645f436-3f26-44f9-94b6-09645210e85a@group-92FC0A681472-SegmentedRaftLogWorker: flushIndex: setUnconditionally 0 -> -1
2019-10-01 17:24:07,596 [pool-159-thread-1] INFO  server.RaftServerConfigKeys (ConfUtils.java:logGet(43)) - raft.server.snapshot.auto.trigger.enabled = true (custom)
2019-10-01 17:24:07,596 [pool-159-thread-1] INFO  server.RaftServerConfigKeys (ConfUtils.java:logGet(43)) - raft.server.snapshot.auto.trigger.threshold = 10000 (custom)
2019-10-01 17:24:07,596 [pool-159-thread-1] INFO  server.RaftServerConfigKeys (ConfUtils.java:logGet(43)) - raft.server.snapshot.retention.file.num = 5 (custom)
2019-10-01 17:24:07,596 [pool-159-thread-1] INFO  server.RaftServerConfigKeys (ConfUtils.java:logGet(43)) - raft.server.retrycache.expirytime = 600000ms (custom)
2019-10-01 17:24:07,598 [pool-159-thread-1] INFO  impl.RaftServerImpl (RaftServerImpl.java:start(181)) - 7645f436-3f26-44f9-94b6-09645210e85a@group-92FC0A681472: start as a follower, conf=-1: [7645f436-3f26-44f9-94b6-09645210e85a:192.168.164.197:33741], old=null
2019-10-01 17:24:07,598 [pool-159-thread-1] INFO  impl.RaftServerImpl (RaftServerImpl.java:setRole(170)) - 7645f436-3f26-44f9-94b6-09645210e85a@group-92FC0A681472: changes role from      null to FOLLOWER at term 0 for startAsFollower
2019-10-01 17:24:07,598 [pool-159-thread-1] INFO  impl.RoleInfo (RoleInfo.java:updateAndGet(143)) - 7645f436-3f26-44f9-94b6-09645210e85a: start FollowerState
2019-10-01 17:24:07,598 [pool-159-thread-1] INFO  util.JmxRegister (JmxRegister.java:tryRegister(44)) - Successfully registered JMX Bean with object name Ratis:service=RaftServer,group=group-92FC0A681472,id=7645f436-3f26-44f9-94b6-09645210e85a
2019-10-01 17:24:07,602 [RatisPipelineUtilsThread] INFO  pipeline.PipelineStateManager (PipelineStateManager.java:addPipeline(56)) - Created pipeline Pipeline[ Id: b3edcfe1-1eca-4448-b693-92fc0a681472, Nodes: 7645f436-3f26-44f9-94b6-09645210e85a{ip: 192.168.164.197, host: pr-hdds-2210-qxppt-2300642653, networkLocation: /default-rack, certSerialId: null}, Type:RATIS, Factor:ONE, State:OPEN]
2019-10-01 17:24:07,611 [grpc-default-executor-2] INFO  impl.RaftServerProxy (RaftServerProxy.java:addNew(89)) - 332249a1-b42e-4c92-82fe-4572a32ca807: addNew group-4EDA58546F8A:[332249a1-b42e-4c92-82fe-4572a32ca807:192.168.164.197:42442] returns group-4EDA58546F8A:java.util.concurrent.CompletableFuture@58007772[Not completed]
2019-10-01 17:24:07,615 [pool-179-thread-1] INFO  impl.RaftServerImpl (RaftServerImpl.java:<init>(95)) - 332249a1-b42e-4c92-82fe-4572a32ca807: new RaftServerImpl for group-4EDA58546F8A:[332249a1-b42e-4c92-82fe-4572a32ca807:192.168.164.197:42442] with ContainerStateMachine:uninitialized
2019-10-01 17:24:07,615 [pool-179-thread-1] INFO  server.RaftServerConfigKeys (ConfUtils.java:logGet(43)) - raft.server.rpc.timeout.min = 5s (custom)
2019-10-01 17:24:07,615 [pool-179-thread-1] INFO  server.RaftServerConfigKeys (ConfUtils.java:logGet(43)) - raft.server.rpc.timeout.max = 5200ms (custom)
2019-10-01 17:24:07,616 [pool-179-thread-1] INFO  server.RaftServerConfigKeys (ConfUtils.java:logGet(43)) - raft.server.rpcslowness.timeout = 120s (custom)
2019-10-01 17:24:07,616 [pool-179-thread-1] INFO  server.RaftServerConfigKeys (ConfUtils.java:logGet(43)) - raft.server.sleep.deviation.threshold = 300 (default)
2019-10-01 17:24:07,616 [pool-179-thread-1] INFO  server.RaftServerConfigKeys (ConfUtils.java:logGet(43)) - raft.server.log.appender.install.snapshot.enabled = false (custom)
2019-10-01 17:24:07,616 [pool-179-thread-1] INFO  impl.RaftServerImpl (ServerState.java:<init>(103)) - 332249a1-b42e-4c92-82fe-4572a32ca807@group-4EDA58546F8A: ConfigurationManager, init=-1: [332249a1-b42e-4c92-82fe-4572a32ca807:192.168.164.197:42442], old=null, confs=<EMPTY_MAP>
2019-10-01 17:24:07,616 [pool-179-thread-1] INFO  server.RaftServerConfigKeys (ConfUtils.java:logGet(43)) - raft.server.storage.dir = [/workdir/hadoop-ozone/integration-test/target/test-dir/MiniOzoneClusterImpl-0cbaa30b-01de-466b-a1fd-102ebf986b4c/datanode-6/data/ratis] (custom)
2019-10-01 17:24:07,616 [pool-179-thread-1] INFO  server.RaftServerConfigKeys (ConfUtils.java:logGet(43)) - raft.server.log.corruption.policy = EXCEPTION (default)
2019-10-01 17:24:07,616 [pool-179-thread-1] INFO  storage.RaftStorageDirectory (RaftStorageDirectory.java:analyzeStorage(246)) - The storage directory /workdir/hadoop-ozone/integration-test/target/test-dir/MiniOzoneClusterImpl-0cbaa30b-01de-466b-a1fd-102ebf986b4c/datanode-6/data/ratis/adcb9e2a-7546-45b6-a145-4eda58546f8a does not exist. Creating ...
2019-10-01 17:24:07,629 [pool-179-thread-1] INFO  storage.RaftStorageDirectory (RaftStorageDirectory.java:tryLock(328)) - Lock on /workdir/hadoop-ozone/integration-test/target/test-dir/MiniOzoneClusterImpl-0cbaa30b-01de-466b-a1fd-102ebf986b4c/datanode-6/data/ratis/adcb9e2a-7546-45b6-a145-4eda58546f8a/in_use.lock acquired by nodename 27207@pr-hdds-2210-qxppt-2300642653
2019-10-01 17:24:07,645 [pool-179-thread-1] INFO  storage.RaftStorage (RaftStorage.java:format(84)) - Storage directory /workdir/hadoop-ozone/integration-test/target/test-dir/MiniOzoneClusterImpl-0cbaa30b-01de-466b-a1fd-102ebf986b4c/datanode-6/data/ratis/adcb9e2a-7546-45b6-a145-4eda58546f8a has been successfully formatted.
2019-10-01 17:24:07,646 [pool-179-thread-1] INFO  ratis.ContainerStateMachine (ContainerStateMachine.java:loadSnapshot(230)) - group-4EDA58546F8A: The snapshot info is null. Setting the last applied indexto:(t:0, i:~)
2019-10-01 17:24:07,646 [pool-179-thread-1] INFO  server.RaftServerConfigKeys (ConfUtils.java:logGet(43)) - raft.server.notification.no-leader.timeout = 120s (custom)
2019-10-01 17:24:07,646 [pool-179-thread-1] INFO  server.RaftServerConfigKeys (ConfUtils.java:logGet(43)) - raft.server.log.use.memory = false (default)
2019-10-01 17:24:07,646 [pool-179-thread-1] INFO  server.RaftServerConfigKeys (ConfUtils.java:logGet(43)) - raft.server.log.purge.gap = 1000000 (custom)
2019-10-01 17:24:07,646 [pool-179-thread-1] INFO  server.RaftServerConfigKeys (ConfUtils.java:logGet(43)) - raft.server.log.appender.buffer.byte-limit = 33554432 (custom)
2019-10-01 17:24:07,646 [pool-179-thread-1] INFO  server.RaftServerConfigKeys (ConfUtils.java:logGet(43)) - raft.server.log.segment.size.max = 1048576 (custom)
2019-10-01 17:24:07,648 [pool-179-thread-1] INFO  server.RaftServerConfigKeys (ConfUtils.java:logGet(43)) - raft.server.log.segment.cache.num.max = 2 (custom)
2019-10-01 17:24:07,648 [pool-179-thread-1] INFO  segmented.SegmentedRaftLogWorker (SegmentedRaftLogWorker.java:<init>(173)) - new 332249a1-b42e-4c92-82fe-4572a32ca807@group-4EDA58546F8A-SegmentedRaftLogWorker for RaftStorage:Storage Directory /workdir/hadoop-ozone/integration-test/target/test-dir/MiniOzoneClusterImpl-0cbaa30b-01de-466b-a1fd-102ebf986b4c/datanode-6/data/ratis/adcb9e2a-7546-45b6-a145-4eda58546f8a
2019-10-01 17:24:07,648 [pool-179-thread-1] INFO  server.RaftServerConfigKeys (ConfUtils.java:logGet(43)) - raft.server.log.queue.byte-limit = 2147483647 (custom)
2019-10-01 17:24:07,648 [pool-179-thread-1] INFO  server.RaftServerConfigKeys (ConfUtils.java:logGet(43)) - raft.server.log.queue.element-limit = 1024 (custom)
2019-10-01 17:24:07,648 [pool-179-thread-1] INFO  server.RaftServerConfigKeys (ConfUtils.java:logGet(43)) - raft.server.log.segment.size.max = 1048576 (custom)
2019-10-01 17:24:07,648 [pool-179-thread-1] INFO  server.RaftServerConfigKeys (ConfUtils.java:logGet(43)) - raft.server.log.preallocated.size = 16384 (custom)
2019-10-01 17:24:07,648 [pool-179-thread-1] INFO  server.RaftServerConfigKeys (ConfUtils.java:logGet(43)) - raft.server.log.write.buffer.size = 33554432 (custom)
2019-10-01 17:24:07,648 [pool-179-thread-1] INFO  server.RaftServerConfigKeys (ConfUtils.java:logGet(43)) - raft.server.log.force.sync.num = 128 (default)
2019-10-01 17:24:07,648 [pool-179-thread-1] INFO  server.RaftServerConfigKeys (ConfUtils.java:logGet(43)) - raft.server.log.statemachine.data.sync = true (default)
2019-10-01 17:24:07,648 [pool-179-thread-1] INFO  server.RaftServerConfigKeys (ConfUtils.java:logGet(43)) - raft.server.log.statemachine.data.sync.timeout = 10s (default)
2019-10-01 17:24:07,648 [pool-179-thread-1] INFO  server.RaftServerConfigKeys (ConfUtils.java:logGet(43)) - raft.server.log.statemachine.data.sync.timeout.retry = -1 (default)
2019-10-01 17:24:07,649 [pool-179-thread-1] INFO  server.RaftServerConfigKeys (ConfUtils.java:logGet(43)) - raft.server.log.statemachine.data.caching.enabled = true (custom)
2019-10-01 17:24:07,649 [pool-179-thread-1] INFO  segmented.SegmentedRaftLogWorker (SegmentedRaftLogWorker.java:lambda$new$0(128)) - 332249a1-b42e-4c92-82fe-4572a32ca807@group-4EDA58546F8A-SegmentedRaftLogWorker: flushIndex: setUnconditionally 0 -> -1
2019-10-01 17:24:07,649 [pool-179-thread-1] INFO  server.RaftServerConfigKeys (ConfUtils.java:logGet(43)) - raft.server.snapshot.auto.trigger.enabled = true (custom)
2019-10-01 17:24:07,649 [pool-179-thread-1] INFO  server.RaftServerConfigKeys (ConfUtils.java:logGet(43)) - raft.server.snapshot.auto.trigger.threshold = 10000 (custom)
2019-10-01 17:24:07,649 [pool-179-thread-1] INFO  server.RaftServerConfigKeys (ConfUtils.java:logGet(43)) - raft.server.snapshot.retention.file.num = 5 (custom)
2019-10-01 17:24:07,649 [pool-179-thread-1] INFO  server.RaftServerConfigKeys (ConfUtils.java:logGet(43)) - raft.server.retrycache.expirytime = 600000ms (custom)
2019-10-01 17:24:07,651 [pool-179-thread-1] INFO  impl.RaftServerImpl (RaftServerImpl.java:start(181)) - 332249a1-b42e-4c92-82fe-4572a32ca807@group-4EDA58546F8A: start as a follower, conf=-1: [332249a1-b42e-4c92-82fe-4572a32ca807:192.168.164.197:42442], old=null
2019-10-01 17:24:07,651 [pool-179-thread-1] INFO  impl.RaftServerImpl (RaftServerImpl.java:setRole(170)) - 332249a1-b42e-4c92-82fe-4572a32ca807@group-4EDA58546F8A: changes role from      null to FOLLOWER at term 0 for startAsFollower
2019-10-01 17:24:07,651 [pool-179-thread-1] INFO  impl.RoleInfo (RoleInfo.java:updateAndGet(143)) - 332249a1-b42e-4c92-82fe-4572a32ca807: start FollowerState
2019-10-01 17:24:07,651 [pool-179-thread-1] INFO  util.JmxRegister (JmxRegister.java:tryRegister(44)) - Successfully registered JMX Bean with object name Ratis:service=RaftServer,group=group-4EDA58546F8A,id=332249a1-b42e-4c92-82fe-4572a32ca807
2019-10-01 17:24:07,655 [RatisPipelineUtilsThread] INFO  pipeline.PipelineStateManager (PipelineStateManager.java:addPipeline(56)) - Created pipeline Pipeline[ Id: adcb9e2a-7546-45b6-a145-4eda58546f8a, Nodes: 332249a1-b42e-4c92-82fe-4572a32ca807{ip: 192.168.164.197, host: pr-hdds-2210-qxppt-2300642653, networkLocation: /default-rack, certSerialId: null}, Type:RATIS, Factor:ONE, State:OPEN]
2019-10-01 17:24:07,661 [grpc-default-executor-2] INFO  impl.RaftServerProxy (RaftServerProxy.java:addNew(89)) - 6cc50ac2-4a62-4d18-a6c8-314055e1fb2a: addNew group-9D3309866E2F:[6cc50ac2-4a62-4d18-a6c8-314055e1fb2a:192.168.164.197:42622] returns group-9D3309866E2F:java.util.concurrent.CompletableFuture@51367e7b[Not completed]
2019-10-01 17:24:07,664 [pool-149-thread-1] INFO  impl.RaftServerImpl (RaftServerImpl.java:<init>(95)) - 6cc50ac2-4a62-4d18-a6c8-314055e1fb2a: new RaftServerImpl for group-9D3309866E2F:[6cc50ac2-4a62-4d18-a6c8-314055e1fb2a:192.168.164.197:42622] with ContainerStateMachine:uninitialized
2019-10-01 17:24:07,665 [pool-149-thread-1] INFO  server.RaftServerConfigKeys (ConfUtils.java:logGet(43)) - raft.server.rpc.timeout.min = 5s (custom)
2019-10-01 17:24:07,665 [pool-149-thread-1] INFO  server.RaftServerConfigKeys (ConfUtils.java:logGet(43)) - raft.server.rpc.timeout.max = 5200ms (custom)
2019-10-01 17:24:07,665 [pool-149-thread-1] INFO  server.RaftServerConfigKeys (ConfUtils.java:logGet(43)) - raft.server.rpcslowness.timeout = 120s (custom)
2019-10-01 17:24:07,665 [pool-149-thread-1] INFO  server.RaftServerConfigKeys (ConfUtils.java:logGet(43)) - raft.server.sleep.deviation.threshold = 300 (default)
2019-10-01 17:24:07,665 [pool-149-thread-1] INFO  server.RaftServerConfigKeys (ConfUtils.java:logGet(43)) - raft.server.log.appender.install.snapshot.enabled = false (custom)
2019-10-01 17:24:07,665 [pool-149-thread-1] INFO  impl.RaftServerImpl (ServerState.java:<init>(103)) - 6cc50ac2-4a62-4d18-a6c8-314055e1fb2a@group-9D3309866E2F: ConfigurationManager, init=-1: [6cc50ac2-4a62-4d18-a6c8-314055e1fb2a:192.168.164.197:42622], old=null, confs=<EMPTY_MAP>
2019-10-01 17:24:07,665 [pool-149-thread-1] INFO  server.RaftServerConfigKeys (ConfUtils.java:logGet(43)) - raft.server.storage.dir = [/workdir/hadoop-ozone/integration-test/target/test-dir/MiniOzoneClusterImpl-0cbaa30b-01de-466b-a1fd-102ebf986b4c/datanode-3/data/ratis] (custom)
2019-10-01 17:24:07,665 [pool-149-thread-1] INFO  server.RaftServerConfigKeys (ConfUtils.java:logGet(43)) - raft.server.log.corruption.policy = EXCEPTION (default)
2019-10-01 17:24:07,666 [pool-149-thread-1] INFO  storage.RaftStorageDirectory (RaftStorageDirectory.java:analyzeStorage(246)) - The storage directory /workdir/hadoop-ozone/integration-test/target/test-dir/MiniOzoneClusterImpl-0cbaa30b-01de-466b-a1fd-102ebf986b4c/datanode-3/data/ratis/18fbb304-1777-4639-bb9b-9d3309866e2f does not exist. Creating ...
2019-10-01 17:24:07,678 [pool-149-thread-1] INFO  storage.RaftStorageDirectory (RaftStorageDirectory.java:tryLock(328)) - Lock on /workdir/hadoop-ozone/integration-test/target/test-dir/MiniOzoneClusterImpl-0cbaa30b-01de-466b-a1fd-102ebf986b4c/datanode-3/data/ratis/18fbb304-1777-4639-bb9b-9d3309866e2f/in_use.lock acquired by nodename 27207@pr-hdds-2210-qxppt-2300642653
2019-10-01 17:24:07,690 [pool-149-thread-1] INFO  storage.RaftStorage (RaftStorage.java:format(84)) - Storage directory /workdir/hadoop-ozone/integration-test/target/test-dir/MiniOzoneClusterImpl-0cbaa30b-01de-466b-a1fd-102ebf986b4c/datanode-3/data/ratis/18fbb304-1777-4639-bb9b-9d3309866e2f has been successfully formatted.
2019-10-01 17:24:07,691 [pool-149-thread-1] INFO  ratis.ContainerStateMachine (ContainerStateMachine.java:loadSnapshot(230)) - group-9D3309866E2F: The snapshot info is null. Setting the last applied indexto:(t:0, i:~)
2019-10-01 17:24:07,691 [pool-149-thread-1] INFO  server.RaftServerConfigKeys (ConfUtils.java:logGet(43)) - raft.server.notification.no-leader.timeout = 120s (custom)
2019-10-01 17:24:07,691 [pool-149-thread-1] INFO  server.RaftServerConfigKeys (ConfUtils.java:logGet(43)) - raft.server.log.use.memory = false (default)
2019-10-01 17:24:07,691 [pool-149-thread-1] INFO  server.RaftServerConfigKeys (ConfUtils.java:logGet(43)) - raft.server.log.purge.gap = 1000000 (custom)
2019-10-01 17:24:07,691 [pool-149-thread-1] INFO  server.RaftServerConfigKeys (ConfUtils.java:logGet(43)) - raft.server.log.appender.buffer.byte-limit = 33554432 (custom)
2019-10-01 17:24:07,691 [pool-149-thread-1] INFO  server.RaftServerConfigKeys (ConfUtils.java:logGet(43)) - raft.server.log.segment.size.max = 1048576 (custom)
2019-10-01 17:24:07,692 [pool-149-thread-1] INFO  server.RaftServerConfigKeys (ConfUtils.java:logGet(43)) - raft.server.log.segment.cache.num.max = 2 (custom)
2019-10-01 17:24:07,693 [pool-149-thread-1] INFO  segmented.SegmentedRaftLogWorker (SegmentedRaftLogWorker.java:<init>(173)) - new 6cc50ac2-4a62-4d18-a6c8-314055e1fb2a@group-9D3309866E2F-SegmentedRaftLogWorker for RaftStorage:Storage Directory /workdir/hadoop-ozone/integration-test/target/test-dir/MiniOzoneClusterImpl-0cbaa30b-01de-466b-a1fd-102ebf986b4c/datanode-3/data/ratis/18fbb304-1777-4639-bb9b-9d3309866e2f
2019-10-01 17:24:07,693 [pool-149-thread-1] INFO  server.RaftServerConfigKeys (ConfUtils.java:logGet(43)) - raft.server.log.queue.byte-limit = 2147483647 (custom)
2019-10-01 17:24:07,693 [pool-149-thread-1] INFO  server.RaftServerConfigKeys (ConfUtils.java:logGet(43)) - raft.server.log.queue.element-limit = 1024 (custom)
2019-10-01 17:24:07,693 [pool-149-thread-1] INFO  server.RaftServerConfigKeys (ConfUtils.java:logGet(43)) - raft.server.log.segment.size.max = 1048576 (custom)
2019-10-01 17:24:07,693 [pool-149-thread-1] INFO  server.RaftServerConfigKeys (ConfUtils.java:logGet(43)) - raft.server.log.preallocated.size = 16384 (custom)
2019-10-01 17:24:07,693 [pool-149-thread-1] INFO  server.RaftServerConfigKeys (ConfUtils.java:logGet(43)) - raft.server.log.write.buffer.size = 33554432 (custom)
2019-10-01 17:24:07,693 [pool-149-thread-1] INFO  server.RaftServerConfigKeys (ConfUtils.java:logGet(43)) - raft.server.log.force.sync.num = 128 (default)
2019-10-01 17:24:07,693 [pool-149-thread-1] INFO  server.RaftServerConfigKeys (ConfUtils.java:logGet(43)) - raft.server.log.statemachine.data.sync = true (default)
2019-10-01 17:24:07,693 [pool-149-thread-1] INFO  server.RaftServerConfigKeys (ConfUtils.java:logGet(43)) - raft.server.log.statemachine.data.sync.timeout = 10s (default)
2019-10-01 17:24:07,693 [pool-149-thread-1] INFO  server.RaftServerConfigKeys (ConfUtils.java:logGet(43)) - raft.server.log.statemachine.data.sync.timeout.retry = -1 (default)
2019-10-01 17:24:07,694 [pool-149-thread-1] INFO  server.RaftServerConfigKeys (ConfUtils.java:logGet(43)) - raft.server.log.statemachine.data.caching.enabled = true (custom)
2019-10-01 17:24:07,694 [pool-149-thread-1] INFO  segmented.SegmentedRaftLogWorker (SegmentedRaftLogWorker.java:lambda$new$0(128)) - 6cc50ac2-4a62-4d18-a6c8-314055e1fb2a@group-9D3309866E2F-SegmentedRaftLogWorker: flushIndex: setUnconditionally 0 -> -1
2019-10-01 17:24:07,694 [pool-149-thread-1] INFO  server.RaftServerConfigKeys (ConfUtils.java:logGet(43)) - raft.server.snapshot.auto.trigger.enabled = true (custom)
2019-10-01 17:24:07,694 [pool-149-thread-1] INFO  server.RaftServerConfigKeys (ConfUtils.java:logGet(43)) - raft.server.snapshot.auto.trigger.threshold = 10000 (custom)
2019-10-01 17:24:07,694 [pool-149-thread-1] INFO  server.RaftServerConfigKeys (ConfUtils.java:logGet(43)) - raft.server.snapshot.retention.file.num = 5 (custom)
2019-10-01 17:24:07,694 [pool-149-thread-1] INFO  server.RaftServerConfigKeys (ConfUtils.java:logGet(43)) - raft.server.retrycache.expirytime = 600000ms (custom)
2019-10-01 17:24:07,696 [pool-149-thread-1] INFO  impl.RaftServerImpl (RaftServerImpl.java:start(181)) - 6cc50ac2-4a62-4d18-a6c8-314055e1fb2a@group-9D3309866E2F: start as a follower, conf=-1: [6cc50ac2-4a62-4d18-a6c8-314055e1fb2a:192.168.164.197:42622], old=null
2019-10-01 17:24:07,696 [pool-149-thread-1] INFO  impl.RaftServerImpl (RaftServerImpl.java:setRole(170)) - 6cc50ac2-4a62-4d18-a6c8-314055e1fb2a@group-9D3309866E2F: changes role from      null to FOLLOWER at term 0 for startAsFollower
2019-10-01 17:24:07,696 [pool-149-thread-1] INFO  impl.RoleInfo (RoleInfo.java:updateAndGet(143)) - 6cc50ac2-4a62-4d18-a6c8-314055e1fb2a: start FollowerState
2019-10-01 17:24:07,696 [pool-149-thread-1] INFO  util.JmxRegister (JmxRegister.java:tryRegister(44)) - Successfully registered JMX Bean with object name Ratis:service=RaftServer,group=group-9D3309866E2F,id=6cc50ac2-4a62-4d18-a6c8-314055e1fb2a
2019-10-01 17:24:07,700 [RatisPipelineUtilsThread] INFO  pipeline.PipelineStateManager (PipelineStateManager.java:addPipeline(56)) - Created pipeline Pipeline[ Id: 18fbb304-1777-4639-bb9b-9d3309866e2f, Nodes: 6cc50ac2-4a62-4d18-a6c8-314055e1fb2a{ip: 192.168.164.197, host: pr-hdds-2210-qxppt-2300642653, networkLocation: /default-rack, certSerialId: null}, Type:RATIS, Factor:ONE, State:OPEN]
2019-10-01 17:24:07,719 [grpc-default-executor-1] INFO  impl.RaftServerProxy (RaftServerProxy.java:addNew(89)) - 4172f4f6-b642-410a-a39e-a8ed25fb1945: addNew group-A8987D387901:[332249a1-b42e-4c92-82fe-4572a32ca807:192.168.164.197:42442, 7645f436-3f26-44f9-94b6-09645210e85a:192.168.164.197:33741, 4172f4f6-b642-410a-a39e-a8ed25fb1945:192.168.164.197:43673] returns group-A8987D387901:java.util.concurrent.CompletableFuture@100a5ccb[Not completed]
2019-10-01 17:24:07,719 [grpc-default-executor-0] INFO  impl.RaftServerProxy (RaftServerProxy.java:addNew(89)) - 7645f436-3f26-44f9-94b6-09645210e85a: addNew group-A8987D387901:[332249a1-b42e-4c92-82fe-4572a32ca807:192.168.164.197:42442, 7645f436-3f26-44f9-94b6-09645210e85a:192.168.164.197:33741, 4172f4f6-b642-410a-a39e-a8ed25fb1945:192.168.164.197:43673] returns group-A8987D387901:java.util.concurrent.CompletableFuture@5e083d3a[Not completed]
2019-10-01 17:24:07,719 [grpc-default-executor-1] INFO  impl.RaftServerProxy (RaftServerProxy.java:addNew(89)) - 332249a1-b42e-4c92-82fe-4572a32ca807: addNew group-A8987D387901:[332249a1-b42e-4c92-82fe-4572a32ca807:192.168.164.197:42442, 7645f436-3f26-44f9-94b6-09645210e85a:192.168.164.197:33741, 4172f4f6-b642-410a-a39e-a8ed25fb1945:192.168.164.197:43673] returns group-A8987D387901:java.util.concurrent.CompletableFuture@1abc7398[Not completed]
2019-10-01 17:24:07,720 [pool-169-thread-1] INFO  impl.RaftServerImpl (RaftServerImpl.java:<init>(95)) - 4172f4f6-b642-410a-a39e-a8ed25fb1945: new RaftServerImpl for group-A8987D387901:[332249a1-b42e-4c92-82fe-4572a32ca807:192.168.164.197:42442, 7645f436-3f26-44f9-94b6-09645210e85a:192.168.164.197:33741, 4172f4f6-b642-410a-a39e-a8ed25fb1945:192.168.164.197:43673] with ContainerStateMachine:uninitialized
2019-10-01 17:24:07,721 [pool-169-thread-1] INFO  server.RaftServerConfigKeys (ConfUtils.java:logGet(43)) - raft.server.rpc.timeout.min = 5s (custom)
2019-10-01 17:24:07,721 [pool-169-thread-1] INFO  server.RaftServerConfigKeys (ConfUtils.java:logGet(43)) - raft.server.rpc.timeout.max = 5200ms (custom)
2019-10-01 17:24:07,721 [pool-179-thread-1] INFO  impl.RaftServerImpl (RaftServerImpl.java:<init>(95)) - 332249a1-b42e-4c92-82fe-4572a32ca807: new RaftServerImpl for group-A8987D387901:[332249a1-b42e-4c92-82fe-4572a32ca807:192.168.164.197:42442, 7645f436-3f26-44f9-94b6-09645210e85a:192.168.164.197:33741, 4172f4f6-b642-410a-a39e-a8ed25fb1945:192.168.164.197:43673] with ContainerStateMachine:uninitialized
2019-10-01 17:24:07,721 [pool-169-thread-1] INFO  server.RaftServerConfigKeys (ConfUtils.java:logGet(43)) - raft.server.rpcslowness.timeout = 120s (custom)
2019-10-01 17:24:07,721 [pool-159-thread-1] INFO  impl.RaftServerImpl (RaftServerImpl.java:<init>(95)) - 7645f436-3f26-44f9-94b6-09645210e85a: new RaftServerImpl for group-A8987D387901:[332249a1-b42e-4c92-82fe-4572a32ca807:192.168.164.197:42442, 7645f436-3f26-44f9-94b6-09645210e85a:192.168.164.197:33741, 4172f4f6-b642-410a-a39e-a8ed25fb1945:192.168.164.197:43673] with ContainerStateMachine:uninitialized
2019-10-01 17:24:07,721 [pool-179-thread-1] INFO  server.RaftServerConfigKeys (ConfUtils.java:logGet(43)) - raft.server.rpc.timeout.min = 5s (custom)
2019-10-01 17:24:07,721 [pool-159-thread-1] INFO  server.RaftServerConfigKeys (ConfUtils.java:logGet(43)) - raft.server.rpc.timeout.min = 5s (custom)
2019-10-01 17:24:07,721 [pool-169-thread-1] INFO  server.RaftServerConfigKeys (ConfUtils.java:logGet(43)) - raft.server.sleep.deviation.threshold = 300 (default)
2019-10-01 17:24:07,722 [pool-159-thread-1] INFO  server.RaftServerConfigKeys (ConfUtils.java:logGet(43)) - raft.server.rpc.timeout.max = 5200ms (custom)
2019-10-01 17:24:07,721 [pool-179-thread-1] INFO  server.RaftServerConfigKeys (ConfUtils.java:logGet(43)) - raft.server.rpc.timeout.max = 5200ms (custom)
2019-10-01 17:24:07,722 [pool-159-thread-1] INFO  server.RaftServerConfigKeys (ConfUtils.java:logGet(43)) - raft.server.rpcslowness.timeout = 120s (custom)
2019-10-01 17:24:07,722 [pool-169-thread-1] INFO  server.RaftServerConfigKeys (ConfUtils.java:logGet(43)) - raft.server.log.appender.install.snapshot.enabled = false (custom)
2019-10-01 17:24:07,722 [pool-159-thread-1] INFO  server.RaftServerConfigKeys (ConfUtils.java:logGet(43)) - raft.server.sleep.deviation.threshold = 300 (default)
2019-10-01 17:24:07,722 [pool-179-thread-1] INFO  server.RaftServerConfigKeys (ConfUtils.java:logGet(43)) - raft.server.rpcslowness.timeout = 120s (custom)
2019-10-01 17:24:07,722 [pool-159-thread-1] INFO  server.RaftServerConfigKeys (ConfUtils.java:logGet(43)) - raft.server.log.appender.install.snapshot.enabled = false (custom)
2019-10-01 17:24:07,722 [pool-169-thread-1] INFO  impl.RaftServerImpl (ServerState.java:<init>(103)) - 4172f4f6-b642-410a-a39e-a8ed25fb1945@group-A8987D387901: ConfigurationManager, init=-1: [332249a1-b42e-4c92-82fe-4572a32ca807:192.168.164.197:42442, 7645f436-3f26-44f9-94b6-09645210e85a:192.168.164.197:33741, 4172f4f6-b642-410a-a39e-a8ed25fb1945:192.168.164.197:43673], old=null, confs=<EMPTY_MAP>
2019-10-01 17:24:07,722 [pool-159-thread-1] INFO  impl.RaftServerImpl (ServerState.java:<init>(103)) - 7645f436-3f26-44f9-94b6-09645210e85a@group-A8987D387901: ConfigurationManager, init=-1: [332249a1-b42e-4c92-82fe-4572a32ca807:192.168.164.197:42442, 7645f436-3f26-44f9-94b6-09645210e85a:192.168.164.197:33741, 4172f4f6-b642-410a-a39e-a8ed25fb1945:192.168.164.197:43673], old=null, confs=<EMPTY_MAP>
2019-10-01 17:24:07,722 [pool-179-thread-1] INFO  server.RaftServerConfigKeys (ConfUtils.java:logGet(43)) - raft.server.sleep.deviation.threshold = 300 (default)
2019-10-01 17:24:07,723 [pool-159-thread-1] INFO  server.RaftServerConfigKeys (ConfUtils.java:logGet(43)) - raft.server.storage.dir = [/workdir/hadoop-ozone/integration-test/target/test-dir/MiniOzoneClusterImpl-0cbaa30b-01de-466b-a1fd-102ebf986b4c/datanode-4/data/ratis] (custom)
2019-10-01 17:24:07,723 [pool-169-thread-1] INFO  server.RaftServerConfigKeys (ConfUtils.java:logGet(43)) - raft.server.storage.dir = [/workdir/hadoop-ozone/integration-test/target/test-dir/MiniOzoneClusterImpl-0cbaa30b-01de-466b-a1fd-102ebf986b4c/datanode-5/data/ratis] (custom)
2019-10-01 17:24:07,723 [pool-159-thread-1] INFO  server.RaftServerConfigKeys (ConfUtils.java:logGet(43)) - raft.server.log.corruption.policy = EXCEPTION (default)
2019-10-01 17:24:07,723 [pool-179-thread-1] INFO  server.RaftServerConfigKeys (ConfUtils.java:logGet(43)) - raft.server.log.appender.install.snapshot.enabled = false (custom)
2019-10-01 17:24:07,723 [pool-159-thread-1] INFO  storage.RaftStorageDirectory (RaftStorageDirectory.java:analyzeStorage(246)) - The storage directory /workdir/hadoop-ozone/integration-test/target/test-dir/MiniOzoneClusterImpl-0cbaa30b-01de-466b-a1fd-102ebf986b4c/datanode-4/data/ratis/7019deac-1811-4758-a3b6-a8987d387901 does not exist. Creating ...
2019-10-01 17:24:07,723 [pool-179-thread-1] INFO  impl.RaftServerImpl (ServerState.java:<init>(103)) - 332249a1-b42e-4c92-82fe-4572a32ca807@group-A8987D387901: ConfigurationManager, init=-1: [332249a1-b42e-4c92-82fe-4572a32ca807:192.168.164.197:42442, 7645f436-3f26-44f9-94b6-09645210e85a:192.168.164.197:33741, 4172f4f6-b642-410a-a39e-a8ed25fb1945:192.168.164.197:43673], old=null, confs=<EMPTY_MAP>
2019-10-01 17:24:07,723 [pool-169-thread-1] INFO  server.RaftServerConfigKeys (ConfUtils.java:logGet(43)) - raft.server.log.corruption.policy = EXCEPTION (default)
2019-10-01 17:24:07,723 [pool-179-thread-1] INFO  server.RaftServerConfigKeys (ConfUtils.java:logGet(43)) - raft.server.storage.dir = [/workdir/hadoop-ozone/integration-test/target/test-dir/MiniOzoneClusterImpl-0cbaa30b-01de-466b-a1fd-102ebf986b4c/datanode-6/data/ratis] (custom)
2019-10-01 17:24:07,724 [pool-169-thread-1] INFO  storage.RaftStorageDirectory (RaftStorageDirectory.java:analyzeStorage(246)) - The storage directory /workdir/hadoop-ozone/integration-test/target/test-dir/MiniOzoneClusterImpl-0cbaa30b-01de-466b-a1fd-102ebf986b4c/datanode-5/data/ratis/7019deac-1811-4758-a3b6-a8987d387901 does not exist. Creating ...
2019-10-01 17:24:07,724 [pool-179-thread-1] INFO  server.RaftServerConfigKeys (ConfUtils.java:logGet(43)) - raft.server.log.corruption.policy = EXCEPTION (default)
2019-10-01 17:24:07,724 [pool-179-thread-1] INFO  storage.RaftStorageDirectory (RaftStorageDirectory.java:analyzeStorage(246)) - The storage directory /workdir/hadoop-ozone/integration-test/target/test-dir/MiniOzoneClusterImpl-0cbaa30b-01de-466b-a1fd-102ebf986b4c/datanode-6/data/ratis/7019deac-1811-4758-a3b6-a8987d387901 does not exist. Creating ...
2019-10-01 17:24:07,748 [pool-179-thread-1] INFO  storage.RaftStorageDirectory (RaftStorageDirectory.java:tryLock(328)) - Lock on /workdir/hadoop-ozone/integration-test/target/test-dir/MiniOzoneClusterImpl-0cbaa30b-01de-466b-a1fd-102ebf986b4c/datanode-6/data/ratis/7019deac-1811-4758-a3b6-a8987d387901/in_use.lock acquired by nodename 27207@pr-hdds-2210-qxppt-2300642653
2019-10-01 17:24:07,748 [pool-169-thread-1] INFO  storage.RaftStorageDirectory (RaftStorageDirectory.java:tryLock(328)) - Lock on /workdir/hadoop-ozone/integration-test/target/test-dir/MiniOzoneClusterImpl-0cbaa30b-01de-466b-a1fd-102ebf986b4c/datanode-5/data/ratis/7019deac-1811-4758-a3b6-a8987d387901/in_use.lock acquired by nodename 27207@pr-hdds-2210-qxppt-2300642653
2019-10-01 17:24:07,748 [pool-159-thread-1] INFO  storage.RaftStorageDirectory (RaftStorageDirectory.java:tryLock(328)) - Lock on /workdir/hadoop-ozone/integration-test/target/test-dir/MiniOzoneClusterImpl-0cbaa30b-01de-466b-a1fd-102ebf986b4c/datanode-4/data/ratis/7019deac-1811-4758-a3b6-a8987d387901/in_use.lock acquired by nodename 27207@pr-hdds-2210-qxppt-2300642653
2019-10-01 17:24:07,773 [pool-179-thread-1] INFO  storage.RaftStorage (RaftStorage.java:format(84)) - Storage directory /workdir/hadoop-ozone/integration-test/target/test-dir/MiniOzoneClusterImpl-0cbaa30b-01de-466b-a1fd-102ebf986b4c/datanode-6/data/ratis/7019deac-1811-4758-a3b6-a8987d387901 has been successfully formatted.
2019-10-01 17:24:07,773 [pool-159-thread-1] INFO  storage.RaftStorage (RaftStorage.java:format(84)) - Storage directory /workdir/hadoop-ozone/integration-test/target/test-dir/MiniOzoneClusterImpl-0cbaa30b-01de-466b-a1fd-102ebf986b4c/datanode-4/data/ratis/7019deac-1811-4758-a3b6-a8987d387901 has been successfully formatted.
2019-10-01 17:24:07,773 [pool-169-thread-1] INFO  storage.RaftStorage (RaftStorage.java:format(84)) - Storage directory /workdir/hadoop-ozone/integration-test/target/test-dir/MiniOzoneClusterImpl-0cbaa30b-01de-466b-a1fd-102ebf986b4c/datanode-5/data/ratis/7019deac-1811-4758-a3b6-a8987d387901 has been successfully formatted.
2019-10-01 17:24:07,774 [pool-179-thread-1] INFO  ratis.ContainerStateMachine (ContainerStateMachine.java:loadSnapshot(230)) - group-A8987D387901: The snapshot info is null. Setting the last applied indexto:(t:0, i:~)
2019-10-01 17:24:07,774 [pool-169-thread-1] INFO  ratis.ContainerStateMachine (ContainerStateMachine.java:loadSnapshot(230)) - group-A8987D387901: The snapshot info is null. Setting the last applied indexto:(t:0, i:~)
2019-10-01 17:24:07,774 [pool-179-thread-1] INFO  server.RaftServerConfigKeys (ConfUtils.java:logGet(43)) - raft.server.notification.no-leader.timeout = 120s (custom)
2019-10-01 17:24:07,774 [pool-159-thread-1] INFO  ratis.ContainerStateMachine (ContainerStateMachine.java:loadSnapshot(230)) - group-A8987D387901: The snapshot info is null. Setting the last applied indexto:(t:0, i:~)
2019-10-01 17:24:07,774 [pool-169-thread-1] INFO  server.RaftServerConfigKeys (ConfUtils.java:logGet(43)) - raft.server.notification.no-leader.timeout = 120s (custom)
2019-10-01 17:24:07,775 [pool-159-thread-1] INFO  server.RaftServerConfigKeys (ConfUtils.java:logGet(43)) - raft.server.notification.no-leader.timeout = 120s (custom)
2019-10-01 17:24:07,774 [pool-179-thread-1] INFO  server.RaftServerConfigKeys (ConfUtils.java:logGet(43)) - raft.server.log.use.memory = false (default)
2019-10-01 17:24:07,775 [pool-159-thread-1] INFO  server.RaftServerConfigKeys (ConfUtils.java:logGet(43)) - raft.server.log.use.memory = false (default)
2019-10-01 17:24:07,775 [pool-169-thread-1] INFO  server.RaftServerConfigKeys (ConfUtils.java:logGet(43)) - raft.server.log.use.memory = false (default)
2019-10-01 17:24:07,775 [pool-159-thread-1] INFO  server.RaftServerConfigKeys (ConfUtils.java:logGet(43)) - raft.server.log.purge.gap = 1000000 (custom)
2019-10-01 17:24:07,775 [pool-179-thread-1] INFO  server.RaftServerConfigKeys (ConfUtils.java:logGet(43)) - raft.server.log.purge.gap = 1000000 (custom)
2019-10-01 17:24:07,776 [pool-159-thread-1] INFO  server.RaftServerConfigKeys (ConfUtils.java:logGet(43)) - raft.server.log.appender.buffer.byte-limit = 33554432 (custom)
2019-10-01 17:24:07,775 [pool-169-thread-1] INFO  server.RaftServerConfigKeys (ConfUtils.java:logGet(43)) - raft.server.log.purge.gap = 1000000 (custom)
2019-10-01 17:24:07,776 [pool-159-thread-1] INFO  server.RaftServerConfigKeys (ConfUtils.java:logGet(43)) - raft.server.log.segment.size.max = 1048576 (custom)
2019-10-01 17:24:07,776 [pool-179-thread-1] INFO  server.RaftServerConfigKeys (ConfUtils.java:logGet(43)) - raft.server.log.appender.buffer.byte-limit = 33554432 (custom)
2019-10-01 17:24:07,776 [pool-159-thread-1] INFO  server.RaftServerConfigKeys (ConfUtils.java:logGet(43)) - raft.server.log.segment.cache.num.max = 2 (custom)
2019-10-01 17:24:07,777 [pool-159-thread-1] INFO  segmented.SegmentedRaftLogWorker (SegmentedRaftLogWorker.java:<init>(173)) - new 7645f436-3f26-44f9-94b6-09645210e85a@group-A8987D387901-SegmentedRaftLogWorker for RaftStorage:Storage Directory /workdir/hadoop-ozone/integration-test/target/test-dir/MiniOzoneClusterImpl-0cbaa30b-01de-466b-a1fd-102ebf986b4c/datanode-4/data/ratis/7019deac-1811-4758-a3b6-a8987d387901
2019-10-01 17:24:07,776 [pool-169-thread-1] INFO  server.RaftServerConfigKeys (ConfUtils.java:logGet(43)) - raft.server.log.appender.buffer.byte-limit = 33554432 (custom)
2019-10-01 17:24:07,777 [pool-159-thread-1] INFO  server.RaftServerConfigKeys (ConfUtils.java:logGet(43)) - raft.server.log.queue.byte-limit = 2147483647 (custom)
2019-10-01 17:24:07,776 [pool-179-thread-1] INFO  server.RaftServerConfigKeys (ConfUtils.java:logGet(43)) - raft.server.log.segment.size.max = 1048576 (custom)
2019-10-01 17:24:07,777 [pool-159-thread-1] INFO  server.RaftServerConfigKeys (ConfUtils.java:logGet(43)) - raft.server.log.queue.element-limit = 1024 (custom)
2019-10-01 17:24:07,777 [pool-169-thread-1] INFO  server.RaftServerConfigKeys (ConfUtils.java:logGet(43)) - raft.server.log.segment.size.max = 1048576 (custom)
2019-10-01 17:24:07,777 [pool-159-thread-1] INFO  server.RaftServerConfigKeys (ConfUtils.java:logGet(43)) - raft.server.log.segment.size.max = 1048576 (custom)
2019-10-01 17:24:07,777 [pool-179-thread-1] INFO  server.RaftServerConfigKeys (ConfUtils.java:logGet(43)) - raft.server.log.segment.cache.num.max = 2 (custom)
2019-10-01 17:24:07,778 [pool-159-thread-1] INFO  server.RaftServerConfigKeys (ConfUtils.java:logGet(43)) - raft.server.log.preallocated.size = 16384 (custom)
2019-10-01 17:24:07,778 [pool-169-thread-1] INFO  server.RaftServerConfigKeys (ConfUtils.java:logGet(43)) - raft.server.log.segment.cache.num.max = 2 (custom)
2019-10-01 17:24:07,778 [pool-159-thread-1] INFO  server.RaftServerConfigKeys (ConfUtils.java:logGet(43)) - raft.server.log.write.buffer.size = 33554432 (custom)
2019-10-01 17:24:07,778 [pool-179-thread-1] INFO  segmented.SegmentedRaftLogWorker (SegmentedRaftLogWorker.java:<init>(173)) - new 332249a1-b42e-4c92-82fe-4572a32ca807@group-A8987D387901-SegmentedRaftLogWorker for RaftStorage:Storage Directory /workdir/hadoop-ozone/integration-test/target/test-dir/MiniOzoneClusterImpl-0cbaa30b-01de-466b-a1fd-102ebf986b4c/datanode-6/data/ratis/7019deac-1811-4758-a3b6-a8987d387901
2019-10-01 17:24:07,778 [pool-159-thread-1] INFO  server.RaftServerConfigKeys (ConfUtils.java:logGet(43)) - raft.server.log.force.sync.num = 128 (default)
2019-10-01 17:24:07,778 [pool-169-thread-1] INFO  segmented.SegmentedRaftLogWorker (SegmentedRaftLogWorker.java:<init>(173)) - new 4172f4f6-b642-410a-a39e-a8ed25fb1945@group-A8987D387901-SegmentedRaftLogWorker for RaftStorage:Storage Directory /workdir/hadoop-ozone/integration-test/target/test-dir/MiniOzoneClusterImpl-0cbaa30b-01de-466b-a1fd-102ebf986b4c/datanode-5/data/ratis/7019deac-1811-4758-a3b6-a8987d387901
2019-10-01 17:24:07,779 [pool-159-thread-1] INFO  server.RaftServerConfigKeys (ConfUtils.java:logGet(43)) - raft.server.log.statemachine.data.sync = true (default)
2019-10-01 17:24:07,779 [pool-179-thread-1] INFO  server.RaftServerConfigKeys (ConfUtils.java:logGet(43)) - raft.server.log.queue.byte-limit = 2147483647 (custom)
2019-10-01 17:24:07,779 [pool-159-thread-1] INFO  server.RaftServerConfigKeys (ConfUtils.java:logGet(43)) - raft.server.log.statemachine.data.sync.timeout = 10s (default)
2019-10-01 17:24:07,779 [pool-169-thread-1] INFO  server.RaftServerConfigKeys (ConfUtils.java:logGet(43)) - raft.server.log.queue.byte-limit = 2147483647 (custom)
2019-10-01 17:24:07,779 [pool-159-thread-1] INFO  server.RaftServerConfigKeys (ConfUtils.java:logGet(43)) - raft.server.log.statemachine.data.sync.timeout.retry = -1 (default)
2019-10-01 17:24:07,779 [pool-179-thread-1] INFO  server.RaftServerConfigKeys (ConfUtils.java:logGet(43)) - raft.server.log.queue.element-limit = 1024 (custom)
2019-10-01 17:24:07,780 [pool-159-thread-1] INFO  server.RaftServerConfigKeys (ConfUtils.java:logGet(43)) - raft.server.log.statemachine.data.caching.enabled = true (custom)
2019-10-01 17:24:07,780 [pool-169-thread-1] INFO  server.RaftServerConfigKeys (ConfUtils.java:logGet(43)) - raft.server.log.queue.element-limit = 1024 (custom)
2019-10-01 17:24:07,780 [pool-159-thread-1] INFO  segmented.SegmentedRaftLogWorker (SegmentedRaftLogWorker.java:lambda$new$0(128)) - 7645f436-3f26-44f9-94b6-09645210e85a@group-A8987D387901-SegmentedRaftLogWorker: flushIndex: setUnconditionally 0 -> -1
2019-10-01 17:24:07,780 [pool-179-thread-1] INFO  server.RaftServerConfigKeys (ConfUtils.java:logGet(43)) - raft.server.log.segment.size.max = 1048576 (custom)
2019-10-01 17:24:07,781 [pool-159-thread-1] INFO  server.RaftServerConfigKeys (ConfUtils.java:logGet(43)) - raft.server.snapshot.auto.trigger.enabled = true (custom)
2019-10-01 17:24:07,780 [pool-169-thread-1] INFO  server.RaftServerConfigKeys (ConfUtils.java:logGet(43)) - raft.server.log.segment.size.max = 1048576 (custom)
2019-10-01 17:24:07,781 [pool-159-thread-1] INFO  server.RaftServerConfigKeys (ConfUtils.java:logGet(43)) - raft.server.snapshot.auto.trigger.threshold = 10000 (custom)
2019-10-01 17:24:07,781 [pool-179-thread-1] INFO  server.RaftServerConfigKeys (ConfUtils.java:logGet(43)) - raft.server.log.preallocated.size = 16384 (custom)
2019-10-01 17:24:07,781 [pool-159-thread-1] INFO  server.RaftServerConfigKeys (ConfUtils.java:logGet(43)) - raft.server.snapshot.retention.file.num = 5 (custom)
2019-10-01 17:24:07,781 [pool-169-thread-1] INFO  server.RaftServerConfigKeys (ConfUtils.java:logGet(43)) - raft.server.log.preallocated.size = 16384 (custom)
2019-10-01 17:24:07,782 [pool-159-thread-1] INFO  server.RaftServerConfigKeys (ConfUtils.java:logGet(43)) - raft.server.retrycache.expirytime = 600000ms (custom)
2019-10-01 17:24:07,781 [pool-179-thread-1] INFO  server.RaftServerConfigKeys (ConfUtils.java:logGet(43)) - raft.server.log.write.buffer.size = 33554432 (custom)
2019-10-01 17:24:07,782 [pool-169-thread-1] INFO  server.RaftServerConfigKeys (ConfUtils.java:logGet(43)) - raft.server.log.write.buffer.size = 33554432 (custom)
2019-10-01 17:24:07,782 [pool-179-thread-1] INFO  server.RaftServerConfigKeys (ConfUtils.java:logGet(43)) - raft.server.log.force.sync.num = 128 (default)
2019-10-01 17:24:07,782 [pool-169-thread-1] INFO  server.RaftServerConfigKeys (ConfUtils.java:logGet(43)) - raft.server.log.force.sync.num = 128 (default)
2019-10-01 17:24:07,782 [pool-179-thread-1] INFO  server.RaftServerConfigKeys (ConfUtils.java:logGet(43)) - raft.server.log.statemachine.data.sync = true (default)
2019-10-01 17:24:07,782 [pool-169-thread-1] INFO  server.RaftServerConfigKeys (ConfUtils.java:logGet(43)) - raft.server.log.statemachine.data.sync = true (default)
2019-10-01 17:24:07,783 [pool-179-thread-1] INFO  server.RaftServerConfigKeys (ConfUtils.java:logGet(43)) - raft.server.log.statemachine.data.sync.timeout = 10s (default)
2019-10-01 17:24:07,783 [pool-169-thread-1] INFO  server.RaftServerConfigKeys (ConfUtils.java:logGet(43)) - raft.server.log.statemachine.data.sync.timeout = 10s (default)
2019-10-01 17:24:07,783 [pool-179-thread-1] INFO  server.RaftServerConfigKeys (ConfUtils.java:logGet(43)) - raft.server.log.statemachine.data.sync.timeout.retry = -1 (default)
2019-10-01 17:24:07,783 [pool-169-thread-1] INFO  server.RaftServerConfigKeys (ConfUtils.java:logGet(43)) - raft.server.log.statemachine.data.sync.timeout.retry = -1 (default)
2019-10-01 17:24:07,783 [pool-179-thread-1] INFO  server.RaftServerConfigKeys (ConfUtils.java:logGet(43)) - raft.server.log.statemachine.data.caching.enabled = true (custom)
2019-10-01 17:24:07,784 [pool-169-thread-1] INFO  server.RaftServerConfigKeys (ConfUtils.java:logGet(43)) - raft.server.log.statemachine.data.caching.enabled = true (custom)
2019-10-01 17:24:07,784 [pool-179-thread-1] INFO  segmented.SegmentedRaftLogWorker (SegmentedRaftLogWorker.java:lambda$new$0(128)) - 332249a1-b42e-4c92-82fe-4572a32ca807@group-A8987D387901-SegmentedRaftLogWorker: flushIndex: setUnconditionally 0 -> -1
2019-10-01 17:24:07,784 [pool-169-thread-1] INFO  segmented.SegmentedRaftLogWorker (SegmentedRaftLogWorker.java:lambda$new$0(128)) - 4172f4f6-b642-410a-a39e-a8ed25fb1945@group-A8987D387901-SegmentedRaftLogWorker: flushIndex: setUnconditionally 0 -> -1
2019-10-01 17:24:07,784 [pool-179-thread-1] INFO  server.RaftServerConfigKeys (ConfUtils.java:logGet(43)) - raft.server.snapshot.auto.trigger.enabled = true (custom)
2019-10-01 17:24:07,784 [pool-179-thread-1] INFO  server.RaftServerConfigKeys (ConfUtils.java:logGet(43)) - raft.server.snapshot.auto.trigger.threshold = 10000 (custom)
2019-10-01 17:24:07,784 [pool-169-thread-1] INFO  server.RaftServerConfigKeys (ConfUtils.java:logGet(43)) - raft.server.snapshot.auto.trigger.enabled = true (custom)
2019-10-01 17:24:07,785 [pool-159-thread-1] INFO  impl.RaftServerImpl (RaftServerImpl.java:start(181)) - 7645f436-3f26-44f9-94b6-09645210e85a@group-A8987D387901: start as a follower, conf=-1: [332249a1-b42e-4c92-82fe-4572a32ca807:192.168.164.197:42442, 7645f436-3f26-44f9-94b6-09645210e85a:192.168.164.197:33741, 4172f4f6-b642-410a-a39e-a8ed25fb1945:192.168.164.197:43673], old=null
2019-10-01 17:24:07,785 [pool-179-thread-1] INFO  server.RaftServerConfigKeys (ConfUtils.java:logGet(43)) - raft.server.snapshot.retention.file.num = 5 (custom)
2019-10-01 17:24:07,785 [pool-159-thread-1] INFO  impl.RaftServerImpl (RaftServerImpl.java:setRole(170)) - 7645f436-3f26-44f9-94b6-09645210e85a@group-A8987D387901: changes role from      null to FOLLOWER at term 0 for startAsFollower
2019-10-01 17:24:07,785 [pool-169-thread-1] INFO  server.RaftServerConfigKeys (ConfUtils.java:logGet(43)) - raft.server.snapshot.auto.trigger.threshold = 10000 (custom)
2019-10-01 17:24:07,785 [pool-159-thread-1] INFO  impl.RoleInfo (RoleInfo.java:updateAndGet(143)) - 7645f436-3f26-44f9-94b6-09645210e85a: start FollowerState
2019-10-01 17:24:07,785 [pool-179-thread-1] INFO  server.RaftServerConfigKeys (ConfUtils.java:logGet(43)) - raft.server.retrycache.expirytime = 600000ms (custom)
2019-10-01 17:24:07,785 [pool-169-thread-1] INFO  server.RaftServerConfigKeys (ConfUtils.java:logGet(43)) - raft.server.snapshot.retention.file.num = 5 (custom)
2019-10-01 17:24:07,786 [pool-159-thread-1] INFO  util.JmxRegister (JmxRegister.java:tryRegister(44)) - Successfully registered JMX Bean with object name Ratis:service=RaftServer,group=group-A8987D387901,id=7645f436-3f26-44f9-94b6-09645210e85a
2019-10-01 17:24:07,786 [pool-169-thread-1] INFO  server.RaftServerConfigKeys (ConfUtils.java:logGet(43)) - raft.server.retrycache.expirytime = 600000ms (custom)
2019-10-01 17:24:07,790 [pool-179-thread-1] INFO  impl.RaftServerImpl (RaftServerImpl.java:start(181)) - 332249a1-b42e-4c92-82fe-4572a32ca807@group-A8987D387901: start as a follower, conf=-1: [332249a1-b42e-4c92-82fe-4572a32ca807:192.168.164.197:42442, 7645f436-3f26-44f9-94b6-09645210e85a:192.168.164.197:33741, 4172f4f6-b642-410a-a39e-a8ed25fb1945:192.168.164.197:43673], old=null
2019-10-01 17:24:07,790 [pool-179-thread-1] INFO  impl.RaftServerImpl (RaftServerImpl.java:setRole(170)) - 332249a1-b42e-4c92-82fe-4572a32ca807@group-A8987D387901: changes role from      null to FOLLOWER at term 0 for startAsFollower
2019-10-01 17:24:07,791 [pool-179-thread-1] INFO  impl.RoleInfo (RoleInfo.java:updateAndGet(143)) - 332249a1-b42e-4c92-82fe-4572a32ca807: start FollowerState
2019-10-01 17:24:07,791 [pool-179-thread-1] INFO  util.JmxRegister (JmxRegister.java:tryRegister(44)) - Successfully registered JMX Bean with object name Ratis:service=RaftServer,group=group-A8987D387901,id=332249a1-b42e-4c92-82fe-4572a32ca807
2019-10-01 17:24:07,791 [pool-169-thread-1] INFO  impl.RaftServerImpl (RaftServerImpl.java:start(181)) - 4172f4f6-b642-410a-a39e-a8ed25fb1945@group-A8987D387901: start as a follower, conf=-1: [332249a1-b42e-4c92-82fe-4572a32ca807:192.168.164.197:42442, 7645f436-3f26-44f9-94b6-09645210e85a:192.168.164.197:33741, 4172f4f6-b642-410a-a39e-a8ed25fb1945:192.168.164.197:43673], old=null
2019-10-01 17:24:07,791 [pool-169-thread-1] INFO  impl.RaftServerImpl (RaftServerImpl.java:setRole(170)) - 4172f4f6-b642-410a-a39e-a8ed25fb1945@group-A8987D387901: changes role from      null to FOLLOWER at term 0 for startAsFollower
2019-10-01 17:24:07,792 [pool-169-thread-1] INFO  impl.RoleInfo (RoleInfo.java:updateAndGet(143)) - 4172f4f6-b642-410a-a39e-a8ed25fb1945: start FollowerState
2019-10-01 17:24:07,793 [pool-169-thread-1] INFO  util.JmxRegister (JmxRegister.java:tryRegister(44)) - Successfully registered JMX Bean with object name Ratis:service=RaftServer,group=group-A8987D387901,id=4172f4f6-b642-410a-a39e-a8ed25fb1945
2019-10-01 17:24:07,798 [RatisPipelineUtilsThread] INFO  pipeline.PipelineStateManager (PipelineStateManager.java:addPipeline(56)) - Created pipeline Pipeline[ Id: 7019deac-1811-4758-a3b6-a8987d387901, Nodes: 4172f4f6-b642-410a-a39e-a8ed25fb1945{ip: 192.168.164.197, host: pr-hdds-2210-qxppt-2300642653, networkLocation: /default-rack, certSerialId: null}7645f436-3f26-44f9-94b6-09645210e85a{ip: 192.168.164.197, host: pr-hdds-2210-qxppt-2300642653, networkLocation: /default-rack, certSerialId: null}332249a1-b42e-4c92-82fe-4572a32ca807{ip: 192.168.164.197, host: pr-hdds-2210-qxppt-2300642653, networkLocation: /default-rack, certSerialId: null}, Type:RATIS, Factor:THREE, State:OPEN]
2019-10-01 17:24:10,152 [Thread-660] INFO  container.ReplicationManager (ReplicationManager.java:start(162)) - Starting Replication Monitor Thread.
2019-10-01 17:24:10,156 [ReplicationMonitor] INFO  container.ReplicationManager (ReplicationManager.java:run(225)) - Replication Monitor Thread took 0 milliseconds for processing 3 containers.
2019-10-01 17:24:12,384 [Thread-662] INFO  impl.FollowerState (FollowerState.java:run(108)) - b1bc046c-e283-4177-a9ee-6de67a0a0277@group-3D5591F4E086-FollowerState: change to CANDIDATE, lastRpcTime:5189ms, electionTimeout:5189ms
2019-10-01 17:24:12,385 [Thread-662] INFO  impl.RoleInfo (RoleInfo.java:shutdownFollowerState(121)) - b1bc046c-e283-4177-a9ee-6de67a0a0277: shutdown FollowerState
2019-10-01 17:24:12,385 [Thread-662] INFO  impl.RaftServerImpl (RaftServerImpl.java:setRole(170)) - b1bc046c-e283-4177-a9ee-6de67a0a0277@group-3D5591F4E086: changes role from  FOLLOWER to CANDIDATE at term 0 for changeToCandidate
2019-10-01 17:24:12,386 [Thread-662] INFO  impl.RoleInfo (RoleInfo.java:updateAndGet(143)) - b1bc046c-e283-4177-a9ee-6de67a0a0277: start LeaderElection
2019-10-01 17:24:12,428 [Thread-674] INFO  impl.FollowerState (FollowerState.java:run(108)) - 42fdbc35-67e2-4d2d-bcb6-581913420c06@group-4CA44CE69B6D-FollowerState: change to CANDIDATE, lastRpcTime:5001ms, electionTimeout:5001ms
2019-10-01 17:24:12,428 [Thread-674] INFO  impl.RoleInfo (RoleInfo.java:shutdownFollowerState(121)) - 42fdbc35-67e2-4d2d-bcb6-581913420c06: shutdown FollowerState
2019-10-01 17:24:12,428 [Thread-674] INFO  impl.RaftServerImpl (RaftServerImpl.java:setRole(170)) - 42fdbc35-67e2-4d2d-bcb6-581913420c06@group-4CA44CE69B6D: changes role from  FOLLOWER to CANDIDATE at term 0 for changeToCandidate
2019-10-01 17:24:12,429 [Thread-674] INFO  impl.RoleInfo (RoleInfo.java:updateAndGet(143)) - 42fdbc35-67e2-4d2d-bcb6-581913420c06: start LeaderElection
2019-10-01 17:24:12,436 [Thread-665] INFO  impl.FollowerState (FollowerState.java:run(108)) - 599736be-ae4b-4302-b470-5181be19b5fd@group-BFAE8263E41D-FollowerState: change to CANDIDATE, lastRpcTime:5152ms, electionTimeout:5152ms
2019-10-01 17:24:12,436 [Thread-665] INFO  impl.RoleInfo (RoleInfo.java:shutdownFollowerState(121)) - 599736be-ae4b-4302-b470-5181be19b5fd: shutdown FollowerState
2019-10-01 17:24:12,436 [Thread-665] INFO  impl.RaftServerImpl (RaftServerImpl.java:setRole(170)) - 599736be-ae4b-4302-b470-5181be19b5fd@group-BFAE8263E41D: changes role from  FOLLOWER to CANDIDATE at term 0 for changeToCandidate
2019-10-01 17:24:12,436 [Thread-665] INFO  impl.RoleInfo (RoleInfo.java:updateAndGet(143)) - 599736be-ae4b-4302-b470-5181be19b5fd: start LeaderElection
2019-10-01 17:24:12,439 [b1bc046c-e283-4177-a9ee-6de67a0a0277@group-3D5591F4E086-LeaderElection12] INFO  impl.LeaderElection (LeaderElection.java:askForVotes(178)) - b1bc046c-e283-4177-a9ee-6de67a0a0277@group-3D5591F4E086-LeaderElection12: begin an election at term 1 for -1: [b1bc046c-e283-4177-a9ee-6de67a0a0277:192.168.164.197:39909], old=null
2019-10-01 17:24:12,439 [42fdbc35-67e2-4d2d-bcb6-581913420c06@group-4CA44CE69B6D-LeaderElection13] INFO  impl.LeaderElection (LeaderElection.java:askForVotes(178)) - 42fdbc35-67e2-4d2d-bcb6-581913420c06@group-4CA44CE69B6D-LeaderElection13: begin an election at term 1 for -1: [599736be-ae4b-4302-b470-5181be19b5fd:192.168.164.197:44294, 42fdbc35-67e2-4d2d-bcb6-581913420c06:192.168.164.197:41622, b1bc046c-e283-4177-a9ee-6de67a0a0277:192.168.164.197:39909], old=null
2019-10-01 17:24:12,440 [b1bc046c-e283-4177-a9ee-6de67a0a0277@group-3D5591F4E086-LeaderElection12] INFO  impl.RoleInfo (RoleInfo.java:shutdownLeaderElection(134)) - b1bc046c-e283-4177-a9ee-6de67a0a0277: shutdown LeaderElection
2019-10-01 17:24:12,440 [b1bc046c-e283-4177-a9ee-6de67a0a0277@group-3D5591F4E086-LeaderElection12] INFO  impl.RaftServerImpl (RaftServerImpl.java:setRole(170)) - b1bc046c-e283-4177-a9ee-6de67a0a0277@group-3D5591F4E086: changes role from CANDIDATE to LEADER at term 1 for changeToLeader
2019-10-01 17:24:12,440 [b1bc046c-e283-4177-a9ee-6de67a0a0277@group-3D5591F4E086-LeaderElection12] INFO  impl.RaftServerImpl (ServerState.java:setLeader(255)) - b1bc046c-e283-4177-a9ee-6de67a0a0277@group-3D5591F4E086: change Leader from null to b1bc046c-e283-4177-a9ee-6de67a0a0277 at term 1 for becomeLeader, leader elected after 5253ms
2019-10-01 17:24:12,443 [b1bc046c-e283-4177-a9ee-6de67a0a0277@group-3D5591F4E086-LeaderElection12] INFO  server.RaftServerConfigKeys (ConfUtils.java:logGet(43)) - raft.server.staging.catchup.gap = 1000 (default)
2019-10-01 17:24:12,443 [b1bc046c-e283-4177-a9ee-6de67a0a0277@group-3D5591F4E086-LeaderElection12] INFO  server.RaftServerConfigKeys (ConfUtils.java:logGet(43)) - raft.server.rpc.sleep.time = 25ms (default)
2019-10-01 17:24:12,443 [b1bc046c-e283-4177-a9ee-6de67a0a0277@group-3D5591F4E086-LeaderElection12] INFO  server.RaftServerConfigKeys (ConfUtils.java:logGet(43)) - raft.server.write.element-limit = 4096 (default)
2019-10-01 17:24:12,443 [b1bc046c-e283-4177-a9ee-6de67a0a0277@group-3D5591F4E086-LeaderElection12] INFO  server.RaftServerConfigKeys (ConfUtils.java:logGet(43)) - raft.server.watch.timeout = 10s (default)
2019-10-01 17:24:12,444 [b1bc046c-e283-4177-a9ee-6de67a0a0277@group-3D5591F4E086-LeaderElection12] INFO  server.RaftServerConfigKeys (ConfUtils.java:logGet(43)) - raft.server.watch.timeout.denomination = 1s (default)
2019-10-01 17:24:12,444 [b1bc046c-e283-4177-a9ee-6de67a0a0277@group-3D5591F4E086-LeaderElection12] INFO  server.RaftServerConfigKeys (ConfUtils.java:logGet(43)) - raft.server.watch.element-limit = 65536 (default)
2019-10-01 17:24:12,446 [b1bc046c-e283-4177-a9ee-6de67a0a0277@group-3D5591F4E086-LeaderElection12] INFO  impl.RoleInfo (RoleInfo.java:updateAndGet(143)) - b1bc046c-e283-4177-a9ee-6de67a0a0277: start LeaderState
2019-10-01 17:24:12,447 [b1bc046c-e283-4177-a9ee-6de67a0a0277@group-3D5591F4E086-LeaderElection12] INFO  segmented.SegmentedRaftLogWorker (SegmentedRaftLogWorker.java:startLogSegment(385)) - b1bc046c-e283-4177-a9ee-6de67a0a0277@group-3D5591F4E086-SegmentedRaftLogWorker: Starting segment from index:0
2019-10-01 17:24:12,447 [b1bc046c-e283-4177-a9ee-6de67a0a0277@group-3D5591F4E086-LeaderElection12] INFO  impl.RaftServerImpl (ServerState.java:setRaftConf(356)) - b1bc046c-e283-4177-a9ee-6de67a0a0277@group-3D5591F4E086: set configuration 0: [b1bc046c-e283-4177-a9ee-6de67a0a0277:192.168.164.197:39909], old=null at 0
2019-10-01 17:24:12,462 [Thread-676] INFO  impl.FollowerState (FollowerState.java:run(108)) - 599736be-ae4b-4302-b470-5181be19b5fd@group-4CA44CE69B6D-FollowerState: change to CANDIDATE, lastRpcTime:5027ms, electionTimeout:5013ms
2019-10-01 17:24:12,462 [599736be-ae4b-4302-b470-5181be19b5fd@group-BFAE8263E41D-LeaderElection14] INFO  impl.LeaderElection (LeaderElection.java:askForVotes(178)) - 599736be-ae4b-4302-b470-5181be19b5fd@group-BFAE8263E41D-LeaderElection14: begin an election at term 1 for -1: [599736be-ae4b-4302-b470-5181be19b5fd:192.168.164.197:44294], old=null
2019-10-01 17:24:12,462 [Thread-676] INFO  impl.RoleInfo (RoleInfo.java:shutdownFollowerState(121)) - 599736be-ae4b-4302-b470-5181be19b5fd: shutdown FollowerState
2019-10-01 17:24:12,462 [599736be-ae4b-4302-b470-5181be19b5fd@group-BFAE8263E41D-LeaderElection14] INFO  impl.RoleInfo (RoleInfo.java:shutdownLeaderElection(134)) - 599736be-ae4b-4302-b470-5181be19b5fd: shutdown LeaderElection
2019-10-01 17:24:12,462 [599736be-ae4b-4302-b470-5181be19b5fd@group-BFAE8263E41D-LeaderElection14] INFO  impl.RaftServerImpl (RaftServerImpl.java:setRole(170)) - 599736be-ae4b-4302-b470-5181be19b5fd@group-BFAE8263E41D: changes role from CANDIDATE to LEADER at term 1 for changeToLeader
2019-10-01 17:24:12,462 [Thread-676] INFO  impl.RaftServerImpl (RaftServerImpl.java:setRole(170)) - 599736be-ae4b-4302-b470-5181be19b5fd@group-4CA44CE69B6D: changes role from  FOLLOWER to CANDIDATE at term 0 for changeToCandidate
2019-10-01 17:24:12,462 [599736be-ae4b-4302-b470-5181be19b5fd@group-BFAE8263E41D-LeaderElection14] INFO  impl.RaftServerImpl (ServerState.java:setLeader(255)) - 599736be-ae4b-4302-b470-5181be19b5fd@group-BFAE8263E41D: change Leader from null to 599736be-ae4b-4302-b470-5181be19b5fd at term 1 for becomeLeader, leader elected after 5189ms
2019-10-01 17:24:12,463 [Thread-676] INFO  impl.RoleInfo (RoleInfo.java:updateAndGet(143)) - 599736be-ae4b-4302-b470-5181be19b5fd: start LeaderElection
2019-10-01 17:24:12,465 [599736be-ae4b-4302-b470-5181be19b5fd@group-BFAE8263E41D-LeaderElection14] INFO  server.RaftServerConfigKeys (ConfUtils.java:logGet(43)) - raft.server.staging.catchup.gap = 1000 (default)
2019-10-01 17:24:12,465 [599736be-ae4b-4302-b470-5181be19b5fd@group-BFAE8263E41D-LeaderElection14] INFO  server.RaftServerConfigKeys (ConfUtils.java:logGet(43)) - raft.server.rpc.sleep.time = 25ms (default)
2019-10-01 17:24:12,473 [Thread-668] INFO  impl.FollowerState (FollowerState.java:run(108)) - 42fdbc35-67e2-4d2d-bcb6-581913420c06@group-08230EE97CA4-FollowerState: change to CANDIDATE, lastRpcTime:5139ms, electionTimeout:5138ms
2019-10-01 17:24:12,473 [Thread-668] INFO  impl.RoleInfo (RoleInfo.java:shutdownFollowerState(121)) - 42fdbc35-67e2-4d2d-bcb6-581913420c06: shutdown FollowerState
2019-10-01 17:24:12,473 [599736be-ae4b-4302-b470-5181be19b5fd@group-BFAE8263E41D-LeaderElection14] INFO  server.RaftServerConfigKeys (ConfUtils.java:logGet(43)) - raft.server.write.element-limit = 4096 (default)
2019-10-01 17:24:12,473 [Thread-668] INFO  impl.RaftServerImpl (RaftServerImpl.java:setRole(170)) - 42fdbc35-67e2-4d2d-bcb6-581913420c06@group-08230EE97CA4: changes role from  FOLLOWER to CANDIDATE at term 0 for changeToCandidate
2019-10-01 17:24:12,474 [599736be-ae4b-4302-b470-5181be19b5fd@group-BFAE8263E41D-LeaderElection14] INFO  server.RaftServerConfigKeys (ConfUtils.java:logGet(43)) - raft.server.watch.timeout = 10s (default)
2019-10-01 17:24:12,474 [Thread-668] INFO  impl.RoleInfo (RoleInfo.java:updateAndGet(143)) - 42fdbc35-67e2-4d2d-bcb6-581913420c06: start LeaderElection
2019-10-01 17:24:12,476 [grpc-default-executor-1] INFO  impl.RaftServerImpl (RaftServerImpl.java:setRole(170)) - b1bc046c-e283-4177-a9ee-6de67a0a0277@group-4CA44CE69B6D: changes role from  FOLLOWER to FOLLOWER at term 1 for recognizeCandidate:42fdbc35-67e2-4d2d-bcb6-581913420c06
2019-10-01 17:24:12,474 [599736be-ae4b-4302-b470-5181be19b5fd@group-BFAE8263E41D-LeaderElection14] INFO  server.RaftServerConfigKeys (ConfUtils.java:logGet(43)) - raft.server.watch.timeout.denomination = 1s (default)
2019-10-01 17:24:12,480 [grpc-default-executor-1] INFO  impl.RoleInfo (RoleInfo.java:shutdownFollowerState(121)) - b1bc046c-e283-4177-a9ee-6de67a0a0277: shutdown FollowerState
2019-10-01 17:24:12,478 [b1bc046c-e283-4177-a9ee-6de67a0a0277@group-3D5591F4E086-SegmentedRaftLogWorker] INFO  segmented.SegmentedRaftLogWorker (SegmentedRaftLogWorker.java:execute(574)) - b1bc046c-e283-4177-a9ee-6de67a0a0277@group-3D5591F4E086-SegmentedRaftLogWorker: created new log segment /workdir/hadoop-ozone/integration-test/target/test-dir/MiniOzoneClusterImpl-0cbaa30b-01de-466b-a1fd-102ebf986b4c/datanode-0/data/ratis/c3712690-a29e-47ef-800b-3d5591f4e086/current/log_inprogress_0
2019-10-01 17:24:12,480 [grpc-default-executor-1] INFO  impl.RoleInfo (RoleInfo.java:updateAndGet(143)) - b1bc046c-e283-4177-a9ee-6de67a0a0277: start FollowerState
2019-10-01 17:24:12,480 [599736be-ae4b-4302-b470-5181be19b5fd@group-BFAE8263E41D-LeaderElection14] INFO  server.RaftServerConfigKeys (ConfUtils.java:logGet(43)) - raft.server.watch.element-limit = 65536 (default)
2019-10-01 17:24:12,481 [Thread-672] INFO  impl.FollowerState (FollowerState.java:run(117)) - b1bc046c-e283-4177-a9ee-6de67a0a0277@group-4CA44CE69B6D-FollowerState was interrupted: java.lang.InterruptedException: sleep interrupted
2019-10-01 17:24:12,485 [599736be-ae4b-4302-b470-5181be19b5fd@group-BFAE8263E41D-LeaderElection14] INFO  impl.RoleInfo (RoleInfo.java:updateAndGet(143)) - 599736be-ae4b-4302-b470-5181be19b5fd: start LeaderState
2019-10-01 17:24:12,485 [599736be-ae4b-4302-b470-5181be19b5fd@group-BFAE8263E41D-LeaderElection14] INFO  segmented.SegmentedRaftLogWorker (SegmentedRaftLogWorker.java:startLogSegment(385)) - 599736be-ae4b-4302-b470-5181be19b5fd@group-BFAE8263E41D-SegmentedRaftLogWorker: Starting segment from index:0
2019-10-01 17:24:12,486 [599736be-ae4b-4302-b470-5181be19b5fd@group-BFAE8263E41D-LeaderElection14] INFO  impl.RaftServerImpl (ServerState.java:setRaftConf(356)) - 599736be-ae4b-4302-b470-5181be19b5fd@group-BFAE8263E41D: set configuration 0: [599736be-ae4b-4302-b470-5181be19b5fd:192.168.164.197:44294], old=null at 0
2019-10-01 17:24:12,505 [42fdbc35-67e2-4d2d-bcb6-581913420c06@group-08230EE97CA4-LeaderElection16] INFO  impl.LeaderElection (LeaderElection.java:askForVotes(178)) - 42fdbc35-67e2-4d2d-bcb6-581913420c06@group-08230EE97CA4-LeaderElection16: begin an election at term 1 for -1: [42fdbc35-67e2-4d2d-bcb6-581913420c06:192.168.164.197:41622], old=null
2019-10-01 17:24:12,505 [599736be-ae4b-4302-b470-5181be19b5fd@group-4CA44CE69B6D-LeaderElection15] INFO  impl.LeaderElection (LeaderElection.java:askForVotes(178)) - 599736be-ae4b-4302-b470-5181be19b5fd@group-4CA44CE69B6D-LeaderElection15: begin an election at term 1 for -1: [599736be-ae4b-4302-b470-5181be19b5fd:192.168.164.197:44294, 42fdbc35-67e2-4d2d-bcb6-581913420c06:192.168.164.197:41622, b1bc046c-e283-4177-a9ee-6de67a0a0277:192.168.164.197:39909], old=null
2019-10-01 17:24:12,507 [42fdbc35-67e2-4d2d-bcb6-581913420c06@group-08230EE97CA4-LeaderElection16] INFO  impl.RoleInfo (RoleInfo.java:shutdownLeaderElection(134)) - 42fdbc35-67e2-4d2d-bcb6-581913420c06: shutdown LeaderElection
2019-10-01 17:24:12,507 [42fdbc35-67e2-4d2d-bcb6-581913420c06@group-08230EE97CA4-LeaderElection16] INFO  impl.RaftServerImpl (RaftServerImpl.java:setRole(170)) - 42fdbc35-67e2-4d2d-bcb6-581913420c06@group-08230EE97CA4: changes role from CANDIDATE to LEADER at term 1 for changeToLeader
2019-10-01 17:24:12,507 [42fdbc35-67e2-4d2d-bcb6-581913420c06@group-08230EE97CA4-LeaderElection16] INFO  impl.RaftServerImpl (ServerState.java:setLeader(255)) - 42fdbc35-67e2-4d2d-bcb6-581913420c06@group-08230EE97CA4: change Leader from null to 42fdbc35-67e2-4d2d-bcb6-581913420c06 at term 1 for becomeLeader, leader elected after 5180ms
2019-10-01 17:24:12,509 [599736be-ae4b-4302-b470-5181be19b5fd@group-BFAE8263E41D-SegmentedRaftLogWorker] INFO  segmented.SegmentedRaftLogWorker (SegmentedRaftLogWorker.java:execute(574)) - 599736be-ae4b-4302-b470-5181be19b5fd@group-BFAE8263E41D-SegmentedRaftLogWorker: created new log segment /workdir/hadoop-ozone/integration-test/target/test-dir/MiniOzoneClusterImpl-0cbaa30b-01de-466b-a1fd-102ebf986b4c/datanode-1/data/ratis/19a31161-f15c-4a4e-9f41-bfae8263e41d/current/log_inprogress_0
2019-10-01 17:24:12,509 [42fdbc35-67e2-4d2d-bcb6-581913420c06@group-08230EE97CA4-LeaderElection16] INFO  server.RaftServerConfigKeys (ConfUtils.java:logGet(43)) - raft.server.staging.catchup.gap = 1000 (default)
2019-10-01 17:24:12,509 [42fdbc35-67e2-4d2d-bcb6-581913420c06@group-08230EE97CA4-LeaderElection16] INFO  server.RaftServerConfigKeys (ConfUtils.java:logGet(43)) - raft.server.rpc.sleep.time = 25ms (default)
2019-10-01 17:24:12,509 [42fdbc35-67e2-4d2d-bcb6-581913420c06@group-08230EE97CA4-LeaderElection16] INFO  server.RaftServerConfigKeys (ConfUtils.java:logGet(43)) - raft.server.write.element-limit = 4096 (default)
2019-10-01 17:24:12,510 [42fdbc35-67e2-4d2d-bcb6-581913420c06@group-08230EE97CA4-LeaderElection16] INFO  server.RaftServerConfigKeys (ConfUtils.java:logGet(43)) - raft.server.watch.timeout = 10s (default)
2019-10-01 17:24:12,510 [42fdbc35-67e2-4d2d-bcb6-581913420c06@group-08230EE97CA4-LeaderElection16] INFO  server.RaftServerConfigKeys (ConfUtils.java:logGet(43)) - raft.server.watch.timeout.denomination = 1s (default)
2019-10-01 17:24:12,510 [42fdbc35-67e2-4d2d-bcb6-581913420c06@group-08230EE97CA4-LeaderElection16] INFO  server.RaftServerConfigKeys (ConfUtils.java:logGet(43)) - raft.server.watch.element-limit = 65536 (default)
2019-10-01 17:24:12,510 [42fdbc35-67e2-4d2d-bcb6-581913420c06@group-4CA44CE69B6D-LeaderElection13] INFO  impl.LeaderElection (LeaderElection.java:logAndReturn(56)) - 42fdbc35-67e2-4d2d-bcb6-581913420c06@group-4CA44CE69B6D-LeaderElection13: Election PASSED; received 2 response(s) [42fdbc35-67e2-4d2d-bcb6-581913420c06<-599736be-ae4b-4302-b470-5181be19b5fd#0:FAIL-t1, 42fdbc35-67e2-4d2d-bcb6-581913420c06<-b1bc046c-e283-4177-a9ee-6de67a0a0277#0:OK-t1] and 0 exception(s); 42fdbc35-67e2-4d2d-bcb6-581913420c06@group-4CA44CE69B6D:t1, leader=null, voted=42fdbc35-67e2-4d2d-bcb6-581913420c06, raftlog=42fdbc35-67e2-4d2d-bcb6-581913420c06@group-4CA44CE69B6D-SegmentedRaftLog:OPENED:c-1,f-1,i0, conf=-1: [599736be-ae4b-4302-b470-5181be19b5fd:192.168.164.197:44294, 42fdbc35-67e2-4d2d-bcb6-581913420c06:192.168.164.197:41622, b1bc046c-e283-4177-a9ee-6de67a0a0277:192.168.164.197:39909], old=null
2019-10-01 17:24:12,510 [42fdbc35-67e2-4d2d-bcb6-581913420c06@group-4CA44CE69B6D-LeaderElection13] INFO  impl.RoleInfo (RoleInfo.java:shutdownLeaderElection(134)) - 42fdbc35-67e2-4d2d-bcb6-581913420c06: shutdown LeaderElection
2019-10-01 17:24:12,510 [42fdbc35-67e2-4d2d-bcb6-581913420c06@group-4CA44CE69B6D-LeaderElection13] INFO  impl.RaftServerImpl (RaftServerImpl.java:setRole(170)) - 42fdbc35-67e2-4d2d-bcb6-581913420c06@group-4CA44CE69B6D: changes role from CANDIDATE to LEADER at term 1 for changeToLeader
2019-10-01 17:24:12,510 [42fdbc35-67e2-4d2d-bcb6-581913420c06@group-4CA44CE69B6D-LeaderElection13] INFO  impl.RaftServerImpl (ServerState.java:setLeader(255)) - 42fdbc35-67e2-4d2d-bcb6-581913420c06@group-4CA44CE69B6D: change Leader from null to 42fdbc35-67e2-4d2d-bcb6-581913420c06 at term 1 for becomeLeader, leader elected after 5103ms
2019-10-01 17:24:12,511 [42fdbc35-67e2-4d2d-bcb6-581913420c06@group-4CA44CE69B6D-LeaderElection13] INFO  server.RaftServerConfigKeys (ConfUtils.java:logGet(43)) - raft.server.staging.catchup.gap = 1000 (default)
2019-10-01 17:24:12,511 [42fdbc35-67e2-4d2d-bcb6-581913420c06@group-4CA44CE69B6D-LeaderElection13] INFO  server.RaftServerConfigKeys (ConfUtils.java:logGet(43)) - raft.server.rpc.sleep.time = 25ms (default)
2019-10-01 17:24:12,511 [42fdbc35-67e2-4d2d-bcb6-581913420c06@group-4CA44CE69B6D-LeaderElection13] INFO  server.RaftServerConfigKeys (ConfUtils.java:logGet(43)) - raft.server.write.element-limit = 4096 (default)
2019-10-01 17:24:12,513 [42fdbc35-67e2-4d2d-bcb6-581913420c06@group-4CA44CE69B6D-LeaderElection13] INFO  server.RaftServerConfigKeys (ConfUtils.java:logGet(43)) - raft.server.watch.timeout = 10s (default)
2019-10-01 17:24:12,513 [42fdbc35-67e2-4d2d-bcb6-581913420c06@group-4CA44CE69B6D-LeaderElection13] INFO  server.RaftServerConfigKeys (ConfUtils.java:logGet(43)) - raft.server.watch.timeout.denomination = 1s (default)
2019-10-01 17:24:12,513 [42fdbc35-67e2-4d2d-bcb6-581913420c06@group-4CA44CE69B6D-LeaderElection13] INFO  server.RaftServerConfigKeys (ConfUtils.java:logGet(43)) - raft.server.watch.element-limit = 65536 (default)
2019-10-01 17:24:12,513 [42fdbc35-67e2-4d2d-bcb6-581913420c06@group-08230EE97CA4-LeaderElection16] INFO  impl.RoleInfo (RoleInfo.java:updateAndGet(143)) - 42fdbc35-67e2-4d2d-bcb6-581913420c06: start LeaderState
2019-10-01 17:24:12,515 [42fdbc35-67e2-4d2d-bcb6-581913420c06@group-08230EE97CA4-LeaderElection16] INFO  segmented.SegmentedRaftLogWorker (SegmentedRaftLogWorker.java:startLogSegment(385)) - 42fdbc35-67e2-4d2d-bcb6-581913420c06@group-08230EE97CA4-SegmentedRaftLogWorker: Starting segment from index:0
2019-10-01 17:24:12,516 [42fdbc35-67e2-4d2d-bcb6-581913420c06@group-08230EE97CA4-LeaderElection16] INFO  impl.RaftServerImpl (ServerState.java:setRaftConf(356)) - 42fdbc35-67e2-4d2d-bcb6-581913420c06@group-08230EE97CA4: set configuration 0: [42fdbc35-67e2-4d2d-bcb6-581913420c06:192.168.164.197:41622], old=null at 0
2019-10-01 17:24:12,534 [42fdbc35-67e2-4d2d-bcb6-581913420c06@group-4CA44CE69B6D-LeaderElection13] INFO  server.RaftServerConfigKeys (ConfUtils.java:logGet(43)) - raft.server.log.appender.snapshot.chunk.size.max = 16MB (=16777216) (default)
2019-10-01 17:24:12,534 [42fdbc35-67e2-4d2d-bcb6-581913420c06@group-4CA44CE69B6D-LeaderElection13] INFO  server.RaftServerConfigKeys (ConfUtils.java:logGet(43)) - raft.server.log.appender.buffer.byte-limit = 33554432 (custom)
2019-10-01 17:24:12,534 [42fdbc35-67e2-4d2d-bcb6-581913420c06@group-4CA44CE69B6D-LeaderElection13] INFO  server.RaftServerConfigKeys (ConfUtils.java:logGet(43)) - raft.server.log.appender.buffer.element-limit = 1 (custom)
2019-10-01 17:24:12,535 [42fdbc35-67e2-4d2d-bcb6-581913420c06@group-4CA44CE69B6D-LeaderElection13] INFO  grpc.GrpcConfigKeys$Server (ConfUtils.java:logGet(43)) - raft.grpc.server.leader.outstanding.appends.max = 128 (default)
2019-10-01 17:24:12,535 [42fdbc35-67e2-4d2d-bcb6-581913420c06@group-4CA44CE69B6D-LeaderElection13] INFO  server.RaftServerConfigKeys (ConfUtils.java:logGet(43)) - raft.server.rpc.request.timeout = 3000ms (default)
2019-10-01 17:24:12,535 [42fdbc35-67e2-4d2d-bcb6-581913420c06@group-4CA44CE69B6D-LeaderElection13] INFO  server.RaftServerConfigKeys (ConfUtils.java:logGet(43)) - raft.server.log.appender.install.snapshot.enabled = false (custom)
2019-10-01 17:24:12,535 [42fdbc35-67e2-4d2d-bcb6-581913420c06@group-4CA44CE69B6D-LeaderElection13] INFO  server.RaftServerConfigKeys (ConfUtils.java:logGet(43)) - raft.server.log.appender.snapshot.chunk.size.max = 16MB (=16777216) (default)
2019-10-01 17:24:12,536 [42fdbc35-67e2-4d2d-bcb6-581913420c06@group-4CA44CE69B6D-LeaderElection13] INFO  server.RaftServerConfigKeys (ConfUtils.java:logGet(43)) - raft.server.log.appender.buffer.byte-limit = 33554432 (custom)
2019-10-01 17:24:12,536 [42fdbc35-67e2-4d2d-bcb6-581913420c06@group-4CA44CE69B6D-LeaderElection13] INFO  server.RaftServerConfigKeys (ConfUtils.java:logGet(43)) - raft.server.log.appender.buffer.element-limit = 1 (custom)
2019-10-01 17:24:12,536 [42fdbc35-67e2-4d2d-bcb6-581913420c06@group-4CA44CE69B6D-LeaderElection13] INFO  grpc.GrpcConfigKeys$Server (ConfUtils.java:logGet(43)) - raft.grpc.server.leader.outstanding.appends.max = 128 (default)
2019-10-01 17:24:12,536 [42fdbc35-67e2-4d2d-bcb6-581913420c06@group-4CA44CE69B6D-LeaderElection13] INFO  server.RaftServerConfigKeys (ConfUtils.java:logGet(43)) - raft.server.rpc.request.timeout = 3000ms (default)
2019-10-01 17:24:12,536 [42fdbc35-67e2-4d2d-bcb6-581913420c06@group-4CA44CE69B6D-LeaderElection13] INFO  server.RaftServerConfigKeys (ConfUtils.java:logGet(43)) - raft.server.log.appender.install.snapshot.enabled = false (custom)
2019-10-01 17:24:12,537 [42fdbc35-67e2-4d2d-bcb6-581913420c06@group-4CA44CE69B6D-LeaderElection13] INFO  impl.RoleInfo (RoleInfo.java:updateAndGet(143)) - 42fdbc35-67e2-4d2d-bcb6-581913420c06: start LeaderState
2019-10-01 17:24:12,537 [42fdbc35-67e2-4d2d-bcb6-581913420c06@group-4CA44CE69B6D-LeaderElection13] INFO  segmented.SegmentedRaftLogWorker (SegmentedRaftLogWorker.java:startLogSegment(385)) - 42fdbc35-67e2-4d2d-bcb6-581913420c06@group-4CA44CE69B6D-SegmentedRaftLogWorker: Starting segment from index:0
2019-10-01 17:24:12,538 [42fdbc35-67e2-4d2d-bcb6-581913420c06@group-4CA44CE69B6D-LeaderElection13] INFO  impl.RaftServerImpl (ServerState.java:setRaftConf(356)) - 42fdbc35-67e2-4d2d-bcb6-581913420c06@group-4CA44CE69B6D: set configuration 0: [599736be-ae4b-4302-b470-5181be19b5fd:192.168.164.197:44294, 42fdbc35-67e2-4d2d-bcb6-581913420c06:192.168.164.197:41622, b1bc046c-e283-4177-a9ee-6de67a0a0277:192.168.164.197:39909], old=null at 0
2019-10-01 17:24:12,550 [42fdbc35-67e2-4d2d-bcb6-581913420c06@group-08230EE97CA4-SegmentedRaftLogWorker] INFO  segmented.SegmentedRaftLogWorker (SegmentedRaftLogWorker.java:execute(574)) - 42fdbc35-67e2-4d2d-bcb6-581913420c06@group-08230EE97CA4-SegmentedRaftLogWorker: created new log segment /workdir/hadoop-ozone/integration-test/target/test-dir/MiniOzoneClusterImpl-0cbaa30b-01de-466b-a1fd-102ebf986b4c/datanode-2/data/ratis/e3e27b1c-c00c-4700-9aea-08230ee97ca4/current/log_inprogress_0
2019-10-01 17:24:12,553 [grpc-default-executor-1] INFO  impl.RaftServerImpl (RaftServerImpl.java:requestVote(754)) - 42fdbc35-67e2-4d2d-bcb6-581913420c06@group-4CA44CE69B6D-   LEADER: Withhold vote from candidate 599736be-ae4b-4302-b470-5181be19b5fd with term 1. State: leader=42fdbc35-67e2-4d2d-bcb6-581913420c06, term=1, lastRpcElapsed=null
2019-10-01 17:24:12,554 [grpc-default-executor-1] INFO  impl.RaftServerImpl (ServerState.java:setLeader(255)) - b1bc046c-e283-4177-a9ee-6de67a0a0277@group-4CA44CE69B6D: change Leader from null to 42fdbc35-67e2-4d2d-bcb6-581913420c06 at term 1 for appendEntries, leader elected after 5147ms
2019-10-01 17:24:12,555 [grpc-default-executor-0] INFO  impl.RaftServerImpl (RaftServerImpl.java:setRole(170)) - 599736be-ae4b-4302-b470-5181be19b5fd@group-4CA44CE69B6D: changes role from CANDIDATE to FOLLOWER at term 1 for appendEntries
2019-10-01 17:24:12,555 [599736be-ae4b-4302-b470-5181be19b5fd@group-4CA44CE69B6D-LeaderElection15] INFO  impl.LeaderElection (LeaderElection.java:logAndReturn(56)) - 599736be-ae4b-4302-b470-5181be19b5fd@group-4CA44CE69B6D-LeaderElection15: Election REJECTED; received 2 response(s) [599736be-ae4b-4302-b470-5181be19b5fd<-42fdbc35-67e2-4d2d-bcb6-581913420c06#0:FAIL-t1, 599736be-ae4b-4302-b470-5181be19b5fd<-b1bc046c-e283-4177-a9ee-6de67a0a0277#0:FAIL-t1] and 0 exception(s); 599736be-ae4b-4302-b470-5181be19b5fd@group-4CA44CE69B6D:t1, leader=null, voted=599736be-ae4b-4302-b470-5181be19b5fd, raftlog=599736be-ae4b-4302-b470-5181be19b5fd@group-4CA44CE69B6D-SegmentedRaftLog:OPENED:c-1,f-1,i0, conf=-1: [599736be-ae4b-4302-b470-5181be19b5fd:192.168.164.197:44294, 42fdbc35-67e2-4d2d-bcb6-581913420c06:192.168.164.197:41622, b1bc046c-e283-4177-a9ee-6de67a0a0277:192.168.164.197:39909], old=null
2019-10-01 17:24:12,555 [grpc-default-executor-0] INFO  impl.RoleInfo (RoleInfo.java:shutdownLeaderElection(134)) - 599736be-ae4b-4302-b470-5181be19b5fd: shutdown LeaderElection
2019-10-01 17:24:12,555 [grpc-default-executor-0] INFO  impl.RoleInfo (RoleInfo.java:updateAndGet(143)) - 599736be-ae4b-4302-b470-5181be19b5fd: start FollowerState
2019-10-01 17:24:12,555 [grpc-default-executor-0] INFO  impl.RaftServerImpl (ServerState.java:setLeader(255)) - 599736be-ae4b-4302-b470-5181be19b5fd@group-4CA44CE69B6D: change Leader from null to 42fdbc35-67e2-4d2d-bcb6-581913420c06 at term 1 for appendEntries, leader elected after 5148ms
2019-10-01 17:24:12,557 [grpc-default-executor-0] INFO  impl.RaftServerImpl (ServerState.java:setRaftConf(356)) - b1bc046c-e283-4177-a9ee-6de67a0a0277@group-4CA44CE69B6D: set configuration 0: [599736be-ae4b-4302-b470-5181be19b5fd:192.168.164.197:44294, 42fdbc35-67e2-4d2d-bcb6-581913420c06:192.168.164.197:41622, b1bc046c-e283-4177-a9ee-6de67a0a0277:192.168.164.197:39909], old=null at 0
2019-10-01 17:24:12,557 [grpc-default-executor-1] INFO  impl.RaftServerImpl (ServerState.java:setRaftConf(356)) - 599736be-ae4b-4302-b470-5181be19b5fd@group-4CA44CE69B6D: set configuration 0: [599736be-ae4b-4302-b470-5181be19b5fd:192.168.164.197:44294, 42fdbc35-67e2-4d2d-bcb6-581913420c06:192.168.164.197:41622, b1bc046c-e283-4177-a9ee-6de67a0a0277:192.168.164.197:39909], old=null at 0
2019-10-01 17:24:12,560 [grpc-default-executor-0] INFO  segmented.SegmentedRaftLogWorker (SegmentedRaftLogWorker.java:startLogSegment(385)) - b1bc046c-e283-4177-a9ee-6de67a0a0277@group-4CA44CE69B6D-SegmentedRaftLogWorker: Starting segment from index:0
2019-10-01 17:24:12,560 [grpc-default-executor-1] INFO  segmented.SegmentedRaftLogWorker (SegmentedRaftLogWorker.java:startLogSegment(385)) - 599736be-ae4b-4302-b470-5181be19b5fd@group-4CA44CE69B6D-SegmentedRaftLogWorker: Starting segment from index:0
2019-10-01 17:24:12,575 [42fdbc35-67e2-4d2d-bcb6-581913420c06@group-4CA44CE69B6D-SegmentedRaftLogWorker] INFO  segmented.SegmentedRaftLogWorker (SegmentedRaftLogWorker.java:execute(574)) - 42fdbc35-67e2-4d2d-bcb6-581913420c06@group-4CA44CE69B6D-SegmentedRaftLogWorker: created new log segment /workdir/hadoop-ozone/integration-test/target/test-dir/MiniOzoneClusterImpl-0cbaa30b-01de-466b-a1fd-102ebf986b4c/datanode-2/data/ratis/3debaa72-035c-41ed-847a-4ca44ce69b6d/current/log_inprogress_0
2019-10-01 17:24:12,577 [b1bc046c-e283-4177-a9ee-6de67a0a0277@group-4CA44CE69B6D-SegmentedRaftLogWorker] INFO  segmented.SegmentedRaftLogWorker (SegmentedRaftLogWorker.java:execute(574)) - b1bc046c-e283-4177-a9ee-6de67a0a0277@group-4CA44CE69B6D-SegmentedRaftLogWorker: created new log segment /workdir/hadoop-ozone/integration-test/target/test-dir/MiniOzoneClusterImpl-0cbaa30b-01de-466b-a1fd-102ebf986b4c/datanode-0/data/ratis/3debaa72-035c-41ed-847a-4ca44ce69b6d/current/log_inprogress_0
2019-10-01 17:24:12,613 [599736be-ae4b-4302-b470-5181be19b5fd@group-4CA44CE69B6D-SegmentedRaftLogWorker] INFO  segmented.SegmentedRaftLogWorker (SegmentedRaftLogWorker.java:execute(574)) - 599736be-ae4b-4302-b470-5181be19b5fd@group-4CA44CE69B6D-SegmentedRaftLogWorker: created new log segment /workdir/hadoop-ozone/integration-test/target/test-dir/MiniOzoneClusterImpl-0cbaa30b-01de-466b-a1fd-102ebf986b4c/datanode-1/data/ratis/3debaa72-035c-41ed-847a-4ca44ce69b6d/current/log_inprogress_0
2019-10-01 17:24:12,629 [Thread-680] INFO  impl.FollowerState (FollowerState.java:run(108)) - 4172f4f6-b642-410a-a39e-a8ed25fb1945@group-676E94EB455D-FollowerState: change to CANDIDATE, lastRpcTime:5102ms, electionTimeout:5102ms
2019-10-01 17:24:12,629 [Thread-680] INFO  impl.RoleInfo (RoleInfo.java:shutdownFollowerState(121)) - 4172f4f6-b642-410a-a39e-a8ed25fb1945: shutdown FollowerState
2019-10-01 17:24:12,629 [Thread-680] INFO  impl.RaftServerImpl (RaftServerImpl.java:setRole(170)) - 4172f4f6-b642-410a-a39e-a8ed25fb1945@group-676E94EB455D: changes role from  FOLLOWER to CANDIDATE at term 0 for changeToCandidate
2019-10-01 17:24:12,629 [Thread-680] INFO  impl.RoleInfo (RoleInfo.java:updateAndGet(143)) - 4172f4f6-b642-410a-a39e-a8ed25fb1945: start LeaderElection
2019-10-01 17:24:12,644 [Thread-685] INFO  impl.FollowerState (FollowerState.java:run(108)) - 7645f436-3f26-44f9-94b6-09645210e85a@group-92FC0A681472-FollowerState: change to CANDIDATE, lastRpcTime:5046ms, electionTimeout:5046ms
2019-10-01 17:24:12,645 [Thread-685] INFO  impl.RoleInfo (RoleInfo.java:shutdownFollowerState(121)) - 7645f436-3f26-44f9-94b6-09645210e85a: shutdown FollowerState
2019-10-01 17:24:12,645 [Thread-685] INFO  impl.RaftServerImpl (RaftServerImpl.java:setRole(170)) - 7645f436-3f26-44f9-94b6-09645210e85a@group-92FC0A681472: changes role from  FOLLOWER to CANDIDATE at term 0 for changeToCandidate
2019-10-01 17:24:12,645 [Thread-685] INFO  impl.RoleInfo (RoleInfo.java:updateAndGet(143)) - 7645f436-3f26-44f9-94b6-09645210e85a: start LeaderElection
2019-10-01 17:24:12,648 [4172f4f6-b642-410a-a39e-a8ed25fb1945@group-676E94EB455D-LeaderElection17] INFO  impl.LeaderElection (LeaderElection.java:askForVotes(178)) - 4172f4f6-b642-410a-a39e-a8ed25fb1945@group-676E94EB455D-LeaderElection17: begin an election at term 1 for -1: [4172f4f6-b642-410a-a39e-a8ed25fb1945:192.168.164.197:43673], old=null
2019-10-01 17:24:12,648 [4172f4f6-b642-410a-a39e-a8ed25fb1945@group-676E94EB455D-LeaderElection17] INFO  impl.RoleInfo (RoleInfo.java:shutdownLeaderElection(134)) - 4172f4f6-b642-410a-a39e-a8ed25fb1945: shutdown LeaderElection
2019-10-01 17:24:12,648 [4172f4f6-b642-410a-a39e-a8ed25fb1945@group-676E94EB455D-LeaderElection17] INFO  impl.RaftServerImpl (RaftServerImpl.java:setRole(170)) - 4172f4f6-b642-410a-a39e-a8ed25fb1945@group-676E94EB455D: changes role from CANDIDATE to LEADER at term 1 for changeToLeader
2019-10-01 17:24:12,648 [4172f4f6-b642-410a-a39e-a8ed25fb1945@group-676E94EB455D-LeaderElection17] INFO  impl.RaftServerImpl (ServerState.java:setLeader(255)) - 4172f4f6-b642-410a-a39e-a8ed25fb1945@group-676E94EB455D: change Leader from null to 4172f4f6-b642-410a-a39e-a8ed25fb1945 at term 1 for becomeLeader, leader elected after 5128ms
2019-10-01 17:24:12,650 [4172f4f6-b642-410a-a39e-a8ed25fb1945@group-676E94EB455D-LeaderElection17] INFO  server.RaftServerConfigKeys (ConfUtils.java:logGet(43)) - raft.server.staging.catchup.gap = 1000 (default)
2019-10-01 17:24:12,650 [4172f4f6-b642-410a-a39e-a8ed25fb1945@group-676E94EB455D-LeaderElection17] INFO  server.RaftServerConfigKeys (ConfUtils.java:logGet(43)) - raft.server.rpc.sleep.time = 25ms (default)
2019-10-01 17:24:12,650 [4172f4f6-b642-410a-a39e-a8ed25fb1945@group-676E94EB455D-LeaderElection17] INFO  server.RaftServerConfigKeys (ConfUtils.java:logGet(43)) - raft.server.write.element-limit = 4096 (default)
2019-10-01 17:24:12,650 [4172f4f6-b642-410a-a39e-a8ed25fb1945@group-676E94EB455D-LeaderElection17] INFO  server.RaftServerConfigKeys (ConfUtils.java:logGet(43)) - raft.server.watch.timeout = 10s (default)
2019-10-01 17:24:12,650 [4172f4f6-b642-410a-a39e-a8ed25fb1945@group-676E94EB455D-LeaderElection17] INFO  server.RaftServerConfigKeys (ConfUtils.java:logGet(43)) - raft.server.watch.timeout.denomination = 1s (default)
2019-10-01 17:24:12,650 [4172f4f6-b642-410a-a39e-a8ed25fb1945@group-676E94EB455D-LeaderElection17] INFO  server.RaftServerConfigKeys (ConfUtils.java:logGet(43)) - raft.server.watch.element-limit = 65536 (default)
2019-10-01 17:24:12,652 [4172f4f6-b642-410a-a39e-a8ed25fb1945@group-676E94EB455D-LeaderElection17] INFO  impl.RoleInfo (RoleInfo.java:updateAndGet(143)) - 4172f4f6-b642-410a-a39e-a8ed25fb1945: start LeaderState
2019-10-01 17:24:12,653 [4172f4f6-b642-410a-a39e-a8ed25fb1945@group-676E94EB455D-LeaderElection17] INFO  segmented.SegmentedRaftLogWorker (SegmentedRaftLogWorker.java:startLogSegment(385)) - 4172f4f6-b642-410a-a39e-a8ed25fb1945@group-676E94EB455D-SegmentedRaftLogWorker: Starting segment from index:0
2019-10-01 17:24:12,653 [4172f4f6-b642-410a-a39e-a8ed25fb1945@group-676E94EB455D-LeaderElection17] INFO  impl.RaftServerImpl (ServerState.java:setRaftConf(356)) - 4172f4f6-b642-410a-a39e-a8ed25fb1945@group-676E94EB455D: set configuration 0: [4172f4f6-b642-410a-a39e-a8ed25fb1945:192.168.164.197:43673], old=null at 0
2019-10-01 17:24:12,668 [7645f436-3f26-44f9-94b6-09645210e85a@group-92FC0A681472-LeaderElection18] INFO  impl.LeaderElection (LeaderElection.java:askForVotes(178)) - 7645f436-3f26-44f9-94b6-09645210e85a@group-92FC0A681472-LeaderElection18: begin an election at term 1 for -1: [7645f436-3f26-44f9-94b6-09645210e85a:192.168.164.197:33741], old=null
2019-10-01 17:24:12,668 [7645f436-3f26-44f9-94b6-09645210e85a@group-92FC0A681472-LeaderElection18] INFO  impl.RoleInfo (RoleInfo.java:shutdownLeaderElection(134)) - 7645f436-3f26-44f9-94b6-09645210e85a: shutdown LeaderElection
2019-10-01 17:24:12,668 [7645f436-3f26-44f9-94b6-09645210e85a@group-92FC0A681472-LeaderElection18] INFO  impl.RaftServerImpl (RaftServerImpl.java:setRole(170)) - 7645f436-3f26-44f9-94b6-09645210e85a@group-92FC0A681472: changes role from CANDIDATE to LEADER at term 1 for changeToLeader
2019-10-01 17:24:12,668 [7645f436-3f26-44f9-94b6-09645210e85a@group-92FC0A681472-LeaderElection18] INFO  impl.RaftServerImpl (ServerState.java:setLeader(255)) - 7645f436-3f26-44f9-94b6-09645210e85a@group-92FC0A681472: change Leader from null to 7645f436-3f26-44f9-94b6-09645210e85a at term 1 for becomeLeader, leader elected after 5082ms
2019-10-01 17:24:12,670 [7645f436-3f26-44f9-94b6-09645210e85a@group-92FC0A681472-LeaderElection18] INFO  server.RaftServerConfigKeys (ConfUtils.java:logGet(43)) - raft.server.staging.catchup.gap = 1000 (default)
2019-10-01 17:24:12,670 [7645f436-3f26-44f9-94b6-09645210e85a@group-92FC0A681472-LeaderElection18] INFO  server.RaftServerConfigKeys (ConfUtils.java:logGet(43)) - raft.server.rpc.sleep.time = 25ms (default)
2019-10-01 17:24:12,670 [7645f436-3f26-44f9-94b6-09645210e85a@group-92FC0A681472-LeaderElection18] INFO  server.RaftServerConfigKeys (ConfUtils.java:logGet(43)) - raft.server.write.element-limit = 4096 (default)
2019-10-01 17:24:12,670 [7645f436-3f26-44f9-94b6-09645210e85a@group-92FC0A681472-LeaderElection18] INFO  server.RaftServerConfigKeys (ConfUtils.java:logGet(43)) - raft.server.watch.timeout = 10s (default)
2019-10-01 17:24:12,670 [7645f436-3f26-44f9-94b6-09645210e85a@group-92FC0A681472-LeaderElection18] INFO  server.RaftServerConfigKeys (ConfUtils.java:logGet(43)) - raft.server.watch.timeout.denomination = 1s (default)
2019-10-01 17:24:12,670 [7645f436-3f26-44f9-94b6-09645210e85a@group-92FC0A681472-LeaderElection18] INFO  server.RaftServerConfigKeys (ConfUtils.java:logGet(43)) - raft.server.watch.element-limit = 65536 (default)
2019-10-01 17:24:12,673 [7645f436-3f26-44f9-94b6-09645210e85a@group-92FC0A681472-LeaderElection18] INFO  impl.RoleInfo (RoleInfo.java:updateAndGet(143)) - 7645f436-3f26-44f9-94b6-09645210e85a: start LeaderState
2019-10-01 17:24:12,673 [7645f436-3f26-44f9-94b6-09645210e85a@group-92FC0A681472-LeaderElection18] INFO  segmented.SegmentedRaftLogWorker (SegmentedRaftLogWorker.java:startLogSegment(385)) - 7645f436-3f26-44f9-94b6-09645210e85a@group-92FC0A681472-SegmentedRaftLogWorker: Starting segment from index:0
2019-10-01 17:24:12,674 [7645f436-3f26-44f9-94b6-09645210e85a@group-92FC0A681472-LeaderElection18] INFO  impl.RaftServerImpl (ServerState.java:setRaftConf(356)) - 7645f436-3f26-44f9-94b6-09645210e85a@group-92FC0A681472: set configuration 0: [7645f436-3f26-44f9-94b6-09645210e85a:192.168.164.197:33741], old=null at 0
2019-10-01 17:24:12,686 [4172f4f6-b642-410a-a39e-a8ed25fb1945@group-676E94EB455D-SegmentedRaftLogWorker] INFO  segmented.SegmentedRaftLogWorker (SegmentedRaftLogWorker.java:execute(574)) - 4172f4f6-b642-410a-a39e-a8ed25fb1945@group-676E94EB455D-SegmentedRaftLogWorker: created new log segment /workdir/hadoop-ozone/integration-test/target/test-dir/MiniOzoneClusterImpl-0cbaa30b-01de-466b-a1fd-102ebf986b4c/datanode-5/data/ratis/fe3b7c37-af85-4aef-8107-676e94eb455d/current/log_inprogress_0
2019-10-01 17:24:12,710 [7645f436-3f26-44f9-94b6-09645210e85a@group-92FC0A681472-SegmentedRaftLogWorker] INFO  segmented.SegmentedRaftLogWorker (SegmentedRaftLogWorker.java:execute(574)) - 7645f436-3f26-44f9-94b6-09645210e85a@group-92FC0A681472-SegmentedRaftLogWorker: created new log segment /workdir/hadoop-ozone/integration-test/target/test-dir/MiniOzoneClusterImpl-0cbaa30b-01de-466b-a1fd-102ebf986b4c/datanode-4/data/ratis/b3edcfe1-1eca-4448-b693-92fc0a681472/current/log_inprogress_0
2019-10-01 17:24:12,723 [Thread-688] INFO  impl.FollowerState (FollowerState.java:run(108)) - 332249a1-b42e-4c92-82fe-4572a32ca807@group-4EDA58546F8A-FollowerState: change to CANDIDATE, lastRpcTime:5072ms, electionTimeout:5072ms
2019-10-01 17:24:12,724 [Thread-688] INFO  impl.RoleInfo (RoleInfo.java:shutdownFollowerState(121)) - 332249a1-b42e-4c92-82fe-4572a32ca807: shutdown FollowerState
2019-10-01 17:24:12,724 [Thread-688] INFO  impl.RaftServerImpl (RaftServerImpl.java:setRole(170)) - 332249a1-b42e-4c92-82fe-4572a32ca807@group-4EDA58546F8A: changes role from  FOLLOWER to CANDIDATE at term 0 for changeToCandidate
2019-10-01 17:24:12,724 [Thread-688] INFO  impl.RoleInfo (RoleInfo.java:updateAndGet(143)) - 332249a1-b42e-4c92-82fe-4572a32ca807: start LeaderElection
2019-10-01 17:24:12,731 [332249a1-b42e-4c92-82fe-4572a32ca807@group-4EDA58546F8A-LeaderElection19] INFO  impl.LeaderElection (LeaderElection.java:askForVotes(178)) - 332249a1-b42e-4c92-82fe-4572a32ca807@group-4EDA58546F8A-LeaderElection19: begin an election at term 1 for -1: [332249a1-b42e-4c92-82fe-4572a32ca807:192.168.164.197:42442], old=null
2019-10-01 17:24:12,731 [332249a1-b42e-4c92-82fe-4572a32ca807@group-4EDA58546F8A-LeaderElection19] INFO  impl.RoleInfo (RoleInfo.java:shutdownLeaderElection(134)) - 332249a1-b42e-4c92-82fe-4572a32ca807: shutdown LeaderElection
2019-10-01 17:24:12,731 [332249a1-b42e-4c92-82fe-4572a32ca807@group-4EDA58546F8A-LeaderElection19] INFO  impl.RaftServerImpl (RaftServerImpl.java:setRole(170)) - 332249a1-b42e-4c92-82fe-4572a32ca807@group-4EDA58546F8A: changes role from CANDIDATE to LEADER at term 1 for changeToLeader
2019-10-01 17:24:12,731 [332249a1-b42e-4c92-82fe-4572a32ca807@group-4EDA58546F8A-LeaderElection19] INFO  impl.RaftServerImpl (ServerState.java:setLeader(255)) - 332249a1-b42e-4c92-82fe-4572a32ca807@group-4EDA58546F8A: change Leader from null to 332249a1-b42e-4c92-82fe-4572a32ca807 at term 1 for becomeLeader, leader elected after 5085ms
2019-10-01 17:24:12,733 [332249a1-b42e-4c92-82fe-4572a32ca807@group-4EDA58546F8A-LeaderElection19] INFO  server.RaftServerConfigKeys (ConfUtils.java:logGet(43)) - raft.server.staging.catchup.gap = 1000 (default)
2019-10-01 17:24:12,733 [332249a1-b42e-4c92-82fe-4572a32ca807@group-4EDA58546F8A-LeaderElection19] INFO  server.RaftServerConfigKeys (ConfUtils.java:logGet(43)) - raft.server.rpc.sleep.time = 25ms (default)
2019-10-01 17:24:12,734 [332249a1-b42e-4c92-82fe-4572a32ca807@group-4EDA58546F8A-LeaderElection19] INFO  server.RaftServerConfigKeys (ConfUtils.java:logGet(43)) - raft.server.write.element-limit = 4096 (default)
2019-10-01 17:24:12,734 [332249a1-b42e-4c92-82fe-4572a32ca807@group-4EDA58546F8A-LeaderElection19] INFO  server.RaftServerConfigKeys (ConfUtils.java:logGet(43)) - raft.server.watch.timeout = 10s (default)
2019-10-01 17:24:12,734 [332249a1-b42e-4c92-82fe-4572a32ca807@group-4EDA58546F8A-LeaderElection19] INFO  server.RaftServerConfigKeys (ConfUtils.java:logGet(43)) - raft.server.watch.timeout.denomination = 1s (default)
2019-10-01 17:24:12,734 [332249a1-b42e-4c92-82fe-4572a32ca807@group-4EDA58546F8A-LeaderElection19] INFO  server.RaftServerConfigKeys (ConfUtils.java:logGet(43)) - raft.server.watch.element-limit = 65536 (default)
2019-10-01 17:24:12,735 [332249a1-b42e-4c92-82fe-4572a32ca807@group-4EDA58546F8A-LeaderElection19] INFO  impl.RoleInfo (RoleInfo.java:updateAndGet(143)) - 332249a1-b42e-4c92-82fe-4572a32ca807: start LeaderState
2019-10-01 17:24:12,735 [332249a1-b42e-4c92-82fe-4572a32ca807@group-4EDA58546F8A-LeaderElection19] INFO  segmented.SegmentedRaftLogWorker (SegmentedRaftLogWorker.java:startLogSegment(385)) - 332249a1-b42e-4c92-82fe-4572a32ca807@group-4EDA58546F8A-SegmentedRaftLogWorker: Starting segment from index:0
2019-10-01 17:24:12,736 [332249a1-b42e-4c92-82fe-4572a32ca807@group-4EDA58546F8A-LeaderElection19] INFO  impl.RaftServerImpl (ServerState.java:setRaftConf(356)) - 332249a1-b42e-4c92-82fe-4572a32ca807@group-4EDA58546F8A: set configuration 0: [332249a1-b42e-4c92-82fe-4572a32ca807:192.168.164.197:42442], old=null at 0
2019-10-01 17:24:12,751 [332249a1-b42e-4c92-82fe-4572a32ca807@group-4EDA58546F8A-SegmentedRaftLogWorker] INFO  segmented.SegmentedRaftLogWorker (SegmentedRaftLogWorker.java:execute(574)) - 332249a1-b42e-4c92-82fe-4572a32ca807@group-4EDA58546F8A-SegmentedRaftLogWorker: created new log segment /workdir/hadoop-ozone/integration-test/target/test-dir/MiniOzoneClusterImpl-0cbaa30b-01de-466b-a1fd-102ebf986b4c/datanode-6/data/ratis/adcb9e2a-7546-45b6-a145-4eda58546f8a/current/log_inprogress_0
2019-10-01 17:24:12,793 [Thread-691] INFO  impl.FollowerState (FollowerState.java:run(108)) - 6cc50ac2-4a62-4d18-a6c8-314055e1fb2a@group-9D3309866E2F-FollowerState: change to CANDIDATE, lastRpcTime:5097ms, electionTimeout:5097ms
2019-10-01 17:24:12,794 [Thread-691] INFO  impl.RoleInfo (RoleInfo.java:shutdownFollowerState(121)) - 6cc50ac2-4a62-4d18-a6c8-314055e1fb2a: shutdown FollowerState
2019-10-01 17:24:12,794 [Thread-691] INFO  impl.RaftServerImpl (RaftServerImpl.java:setRole(170)) - 6cc50ac2-4a62-4d18-a6c8-314055e1fb2a@group-9D3309866E2F: changes role from  FOLLOWER to CANDIDATE at term 0 for changeToCandidate
2019-10-01 17:24:12,794 [Thread-691] INFO  impl.RoleInfo (RoleInfo.java:updateAndGet(143)) - 6cc50ac2-4a62-4d18-a6c8-314055e1fb2a: start LeaderElection
2019-10-01 17:24:12,810 [Thread-699] INFO  impl.FollowerState (FollowerState.java:run(108)) - 4172f4f6-b642-410a-a39e-a8ed25fb1945@group-A8987D387901-FollowerState: change to CANDIDATE, lastRpcTime:5018ms, electionTimeout:5017ms
2019-10-01 17:24:12,810 [6cc50ac2-4a62-4d18-a6c8-314055e1fb2a@group-9D3309866E2F-LeaderElection20] INFO  impl.LeaderElection (LeaderElection.java:askForVotes(178)) - 6cc50ac2-4a62-4d18-a6c8-314055e1fb2a@group-9D3309866E2F-LeaderElection20: begin an election at term 1 for -1: [6cc50ac2-4a62-4d18-a6c8-314055e1fb2a:192.168.164.197:42622], old=null
2019-10-01 17:24:12,810 [Thread-699] INFO  impl.RoleInfo (RoleInfo.java:shutdownFollowerState(121)) - 4172f4f6-b642-410a-a39e-a8ed25fb1945: shutdown FollowerState
2019-10-01 17:24:12,810 [6cc50ac2-4a62-4d18-a6c8-314055e1fb2a@group-9D3309866E2F-LeaderElection20] INFO  impl.RoleInfo (RoleInfo.java:shutdownLeaderElection(134)) - 6cc50ac2-4a62-4d18-a6c8-314055e1fb2a: shutdown LeaderElection
2019-10-01 17:24:12,810 [Thread-699] INFO  impl.RaftServerImpl (RaftServerImpl.java:setRole(170)) - 4172f4f6-b642-410a-a39e-a8ed25fb1945@group-A8987D387901: changes role from  FOLLOWER to CANDIDATE at term 0 for changeToCandidate
2019-10-01 17:24:12,810 [6cc50ac2-4a62-4d18-a6c8-314055e1fb2a@group-9D3309866E2F-LeaderElection20] INFO  impl.RaftServerImpl (RaftServerImpl.java:setRole(170)) - 6cc50ac2-4a62-4d18-a6c8-314055e1fb2a@group-9D3309866E2F: changes role from CANDIDATE to LEADER at term 1 for changeToLeader
2019-10-01 17:24:12,810 [Thread-699] INFO  impl.RoleInfo (RoleInfo.java:updateAndGet(143)) - 4172f4f6-b642-410a-a39e-a8ed25fb1945: start LeaderElection
2019-10-01 17:24:12,810 [6cc50ac2-4a62-4d18-a6c8-314055e1fb2a@group-9D3309866E2F-LeaderElection20] INFO  impl.RaftServerImpl (ServerState.java:setLeader(255)) - 6cc50ac2-4a62-4d18-a6c8-314055e1fb2a@group-9D3309866E2F: change Leader from null to 6cc50ac2-4a62-4d18-a6c8-314055e1fb2a at term 1 for becomeLeader, leader elected after 5119ms
2019-10-01 17:24:12,819 [6cc50ac2-4a62-4d18-a6c8-314055e1fb2a@group-9D3309866E2F-LeaderElection20] INFO  server.RaftServerConfigKeys (ConfUtils.java:logGet(43)) - raft.server.staging.catchup.gap = 1000 (default)
2019-10-01 17:24:12,821 [6cc50ac2-4a62-4d18-a6c8-314055e1fb2a@group-9D3309866E2F-LeaderElection20] INFO  server.RaftServerConfigKeys (ConfUtils.java:logGet(43)) - raft.server.rpc.sleep.time = 25ms (default)
2019-10-01 17:24:12,822 [6cc50ac2-4a62-4d18-a6c8-314055e1fb2a@group-9D3309866E2F-LeaderElection20] INFO  server.RaftServerConfigKeys (ConfUtils.java:logGet(43)) - raft.server.write.element-limit = 4096 (default)
2019-10-01 17:24:12,822 [6cc50ac2-4a62-4d18-a6c8-314055e1fb2a@group-9D3309866E2F-LeaderElection20] INFO  server.RaftServerConfigKeys (ConfUtils.java:logGet(43)) - raft.server.watch.timeout = 10s (default)
2019-10-01 17:24:12,822 [6cc50ac2-4a62-4d18-a6c8-314055e1fb2a@group-9D3309866E2F-LeaderElection20] INFO  server.RaftServerConfigKeys (ConfUtils.java:logGet(43)) - raft.server.watch.timeout.denomination = 1s (default)
2019-10-01 17:24:12,822 [6cc50ac2-4a62-4d18-a6c8-314055e1fb2a@group-9D3309866E2F-LeaderElection20] INFO  server.RaftServerConfigKeys (ConfUtils.java:logGet(43)) - raft.server.watch.element-limit = 65536 (default)
2019-10-01 17:24:12,824 [6cc50ac2-4a62-4d18-a6c8-314055e1fb2a@group-9D3309866E2F-LeaderElection20] INFO  impl.RoleInfo (RoleInfo.java:updateAndGet(143)) - 6cc50ac2-4a62-4d18-a6c8-314055e1fb2a: start LeaderState
2019-10-01 17:24:12,824 [6cc50ac2-4a62-4d18-a6c8-314055e1fb2a@group-9D3309866E2F-LeaderElection20] INFO  segmented.SegmentedRaftLogWorker (SegmentedRaftLogWorker.java:startLogSegment(385)) - 6cc50ac2-4a62-4d18-a6c8-314055e1fb2a@group-9D3309866E2F-SegmentedRaftLogWorker: Starting segment from index:0
2019-10-01 17:24:12,824 [6cc50ac2-4a62-4d18-a6c8-314055e1fb2a@group-9D3309866E2F-LeaderElection20] INFO  impl.RaftServerImpl (ServerState.java:setRaftConf(356)) - 6cc50ac2-4a62-4d18-a6c8-314055e1fb2a@group-9D3309866E2F: set configuration 0: [6cc50ac2-4a62-4d18-a6c8-314055e1fb2a:192.168.164.197:42622], old=null at 0
2019-10-01 17:24:12,864 [6cc50ac2-4a62-4d18-a6c8-314055e1fb2a@group-9D3309866E2F-SegmentedRaftLogWorker] INFO  segmented.SegmentedRaftLogWorker (SegmentedRaftLogWorker.java:execute(574)) - 6cc50ac2-4a62-4d18-a6c8-314055e1fb2a@group-9D3309866E2F-SegmentedRaftLogWorker: created new log segment /workdir/hadoop-ozone/integration-test/target/test-dir/MiniOzoneClusterImpl-0cbaa30b-01de-466b-a1fd-102ebf986b4c/datanode-3/data/ratis/18fbb304-1777-4639-bb9b-9d3309866e2f/current/log_inprogress_0
2019-10-01 17:24:12,864 [4172f4f6-b642-410a-a39e-a8ed25fb1945@group-A8987D387901-LeaderElection21] INFO  impl.LeaderElection (LeaderElection.java:askForVotes(178)) - 4172f4f6-b642-410a-a39e-a8ed25fb1945@group-A8987D387901-LeaderElection21: begin an election at term 1 for -1: [332249a1-b42e-4c92-82fe-4572a32ca807:192.168.164.197:42442, 7645f436-3f26-44f9-94b6-09645210e85a:192.168.164.197:33741, 4172f4f6-b642-410a-a39e-a8ed25fb1945:192.168.164.197:43673], old=null
2019-10-01 17:24:12,871 [grpc-default-executor-0] INFO  impl.RaftServerImpl (RaftServerImpl.java:setRole(170)) - 7645f436-3f26-44f9-94b6-09645210e85a@group-A8987D387901: changes role from  FOLLOWER to FOLLOWER at term 1 for recognizeCandidate:4172f4f6-b642-410a-a39e-a8ed25fb1945
2019-10-01 17:24:12,871 [grpc-default-executor-1] INFO  impl.RaftServerImpl (RaftServerImpl.java:setRole(170)) - 332249a1-b42e-4c92-82fe-4572a32ca807@group-A8987D387901: changes role from  FOLLOWER to FOLLOWER at term 1 for recognizeCandidate:4172f4f6-b642-410a-a39e-a8ed25fb1945
2019-10-01 17:24:12,872 [grpc-default-executor-0] INFO  impl.RoleInfo (RoleInfo.java:shutdownFollowerState(121)) - 7645f436-3f26-44f9-94b6-09645210e85a: shutdown FollowerState
2019-10-01 17:24:12,872 [grpc-default-executor-1] INFO  impl.RoleInfo (RoleInfo.java:shutdownFollowerState(121)) - 332249a1-b42e-4c92-82fe-4572a32ca807: shutdown FollowerState
2019-10-01 17:24:12,872 [Thread-695] INFO  impl.FollowerState (FollowerState.java:run(117)) - 7645f436-3f26-44f9-94b6-09645210e85a@group-A8987D387901-FollowerState was interrupted: java.lang.InterruptedException: sleep interrupted
2019-10-01 17:24:12,872 [grpc-default-executor-0] INFO  impl.RoleInfo (RoleInfo.java:updateAndGet(143)) - 7645f436-3f26-44f9-94b6-09645210e85a: start FollowerState
2019-10-01 17:24:12,872 [Thread-697] INFO  impl.FollowerState (FollowerState.java:run(117)) - 332249a1-b42e-4c92-82fe-4572a32ca807@group-A8987D387901-FollowerState was interrupted: java.lang.InterruptedException: sleep interrupted
2019-10-01 17:24:12,872 [grpc-default-executor-1] INFO  impl.RoleInfo (RoleInfo.java:updateAndGet(143)) - 332249a1-b42e-4c92-82fe-4572a32ca807: start FollowerState
2019-10-01 17:24:12,890 [4172f4f6-b642-410a-a39e-a8ed25fb1945@group-A8987D387901-LeaderElection21] INFO  impl.LeaderElection (LeaderElection.java:logAndReturn(56)) - 4172f4f6-b642-410a-a39e-a8ed25fb1945@group-A8987D387901-LeaderElection21: Election PASSED; received 1 response(s) [4172f4f6-b642-410a-a39e-a8ed25fb1945<-332249a1-b42e-4c92-82fe-4572a32ca807#0:OK-t1] and 0 exception(s); 4172f4f6-b642-410a-a39e-a8ed25fb1945@group-A8987D387901:t1, leader=null, voted=4172f4f6-b642-410a-a39e-a8ed25fb1945, raftlog=4172f4f6-b642-410a-a39e-a8ed25fb1945@group-A8987D387901-SegmentedRaftLog:OPENED:c-1,f-1,i0, conf=-1: [332249a1-b42e-4c92-82fe-4572a32ca807:192.168.164.197:42442, 7645f436-3f26-44f9-94b6-09645210e85a:192.168.164.197:33741, 4172f4f6-b642-410a-a39e-a8ed25fb1945:192.168.164.197:43673], old=null
2019-10-01 17:24:12,890 [4172f4f6-b642-410a-a39e-a8ed25fb1945@group-A8987D387901-LeaderElection21] INFO  impl.RoleInfo (RoleInfo.java:shutdownLeaderElection(134)) - 4172f4f6-b642-410a-a39e-a8ed25fb1945: shutdown LeaderElection
2019-10-01 17:24:12,890 [4172f4f6-b642-410a-a39e-a8ed25fb1945@group-A8987D387901-LeaderElection21] INFO  impl.RaftServerImpl (RaftServerImpl.java:setRole(170)) - 4172f4f6-b642-410a-a39e-a8ed25fb1945@group-A8987D387901: changes role from CANDIDATE to LEADER at term 1 for changeToLeader
2019-10-01 17:24:12,890 [4172f4f6-b642-410a-a39e-a8ed25fb1945@group-A8987D387901-LeaderElection21] INFO  impl.RaftServerImpl (ServerState.java:setLeader(255)) - 4172f4f6-b642-410a-a39e-a8ed25fb1945@group-A8987D387901: change Leader from null to 4172f4f6-b642-410a-a39e-a8ed25fb1945 at term 1 for becomeLeader, leader elected after 5116ms
2019-10-01 17:24:12,891 [4172f4f6-b642-410a-a39e-a8ed25fb1945@group-A8987D387901-LeaderElection21] INFO  server.RaftServerConfigKeys (ConfUtils.java:logGet(43)) - raft.server.staging.catchup.gap = 1000 (default)
2019-10-01 17:24:12,891 [4172f4f6-b642-410a-a39e-a8ed25fb1945@group-A8987D387901-LeaderElection21] INFO  server.RaftServerConfigKeys (ConfUtils.java:logGet(43)) - raft.server.rpc.sleep.time = 25ms (default)
2019-10-01 17:24:12,891 [4172f4f6-b642-410a-a39e-a8ed25fb1945@group-A8987D387901-LeaderElection21] INFO  server.RaftServerConfigKeys (ConfUtils.java:logGet(43)) - raft.server.write.element-limit = 4096 (default)
2019-10-01 17:24:12,891 [4172f4f6-b642-410a-a39e-a8ed25fb1945@group-A8987D387901-LeaderElection21] INFO  server.RaftServerConfigKeys (ConfUtils.java:logGet(43)) - raft.server.watch.timeout = 10s (default)
2019-10-01 17:24:12,891 [4172f4f6-b642-410a-a39e-a8ed25fb1945@group-A8987D387901-LeaderElection21] INFO  server.RaftServerConfigKeys (ConfUtils.java:logGet(43)) - raft.server.watch.timeout.denomination = 1s (default)
2019-10-01 17:24:12,891 [4172f4f6-b642-410a-a39e-a8ed25fb1945@group-A8987D387901-LeaderElection21] INFO  server.RaftServerConfigKeys (ConfUtils.java:logGet(43)) - raft.server.watch.element-limit = 65536 (default)
2019-10-01 17:24:12,894 [4172f4f6-b642-410a-a39e-a8ed25fb1945@group-A8987D387901-LeaderElection21] INFO  server.RaftServerConfigKeys (ConfUtils.java:logGet(43)) - raft.server.log.appender.snapshot.chunk.size.max = 16MB (=16777216) (default)
2019-10-01 17:24:12,894 [4172f4f6-b642-410a-a39e-a8ed25fb1945@group-A8987D387901-LeaderElection21] INFO  server.RaftServerConfigKeys (ConfUtils.java:logGet(43)) - raft.server.log.appender.buffer.byte-limit = 33554432 (custom)
2019-10-01 17:24:12,894 [4172f4f6-b642-410a-a39e-a8ed25fb1945@group-A8987D387901-LeaderElection21] INFO  server.RaftServerConfigKeys (ConfUtils.java:logGet(43)) - raft.server.log.appender.buffer.element-limit = 1 (custom)
2019-10-01 17:24:12,894 [4172f4f6-b642-410a-a39e-a8ed25fb1945@group-A8987D387901-LeaderElection21] INFO  grpc.GrpcConfigKeys$Server (ConfUtils.java:logGet(43)) - raft.grpc.server.leader.outstanding.appends.max = 128 (default)
2019-10-01 17:24:12,894 [4172f4f6-b642-410a-a39e-a8ed25fb1945@group-A8987D387901-LeaderElection21] INFO  server.RaftServerConfigKeys (ConfUtils.java:logGet(43)) - raft.server.rpc.request.timeout = 3000ms (default)
2019-10-01 17:24:12,895 [4172f4f6-b642-410a-a39e-a8ed25fb1945@group-A8987D387901-LeaderElection21] INFO  server.RaftServerConfigKeys (ConfUtils.java:logGet(43)) - raft.server.log.appender.install.snapshot.enabled = false (custom)
2019-10-01 17:24:12,895 [4172f4f6-b642-410a-a39e-a8ed25fb1945@group-A8987D387901-LeaderElection21] INFO  server.RaftServerConfigKeys (ConfUtils.java:logGet(43)) - raft.server.log.appender.snapshot.chunk.size.max = 16MB (=16777216) (default)
2019-10-01 17:24:12,895 [4172f4f6-b642-410a-a39e-a8ed25fb1945@group-A8987D387901-LeaderElection21] INFO  server.RaftServerConfigKeys (ConfUtils.java:logGet(43)) - raft.server.log.appender.buffer.byte-limit = 33554432 (custom)
2019-10-01 17:24:12,895 [4172f4f6-b642-410a-a39e-a8ed25fb1945@group-A8987D387901-LeaderElection21] INFO  server.RaftServerConfigKeys (ConfUtils.java:logGet(43)) - raft.server.log.appender.buffer.element-limit = 1 (custom)
2019-10-01 17:24:12,895 [4172f4f6-b642-410a-a39e-a8ed25fb1945@group-A8987D387901-LeaderElection21] INFO  grpc.GrpcConfigKeys$Server (ConfUtils.java:logGet(43)) - raft.grpc.server.leader.outstanding.appends.max = 128 (default)
2019-10-01 17:24:12,896 [4172f4f6-b642-410a-a39e-a8ed25fb1945@group-A8987D387901-LeaderElection21] INFO  server.RaftServerConfigKeys (ConfUtils.java:logGet(43)) - raft.server.rpc.request.timeout = 3000ms (default)
2019-10-01 17:24:12,896 [4172f4f6-b642-410a-a39e-a8ed25fb1945@group-A8987D387901-LeaderElection21] INFO  server.RaftServerConfigKeys (ConfUtils.java:logGet(43)) - raft.server.log.appender.install.snapshot.enabled = false (custom)
2019-10-01 17:24:12,896 [4172f4f6-b642-410a-a39e-a8ed25fb1945@group-A8987D387901-LeaderElection21] INFO  impl.RoleInfo (RoleInfo.java:updateAndGet(143)) - 4172f4f6-b642-410a-a39e-a8ed25fb1945: start LeaderState
2019-10-01 17:24:12,896 [4172f4f6-b642-410a-a39e-a8ed25fb1945@group-A8987D387901-LeaderElection21] INFO  segmented.SegmentedRaftLogWorker (SegmentedRaftLogWorker.java:startLogSegment(385)) - 4172f4f6-b642-410a-a39e-a8ed25fb1945@group-A8987D387901-SegmentedRaftLogWorker: Starting segment from index:0
2019-10-01 17:24:12,898 [4172f4f6-b642-410a-a39e-a8ed25fb1945@group-A8987D387901-LeaderElection21] INFO  impl.RaftServerImpl (ServerState.java:setRaftConf(356)) - 4172f4f6-b642-410a-a39e-a8ed25fb1945@group-A8987D387901: set configuration 0: [332249a1-b42e-4c92-82fe-4572a32ca807:192.168.164.197:42442, 7645f436-3f26-44f9-94b6-09645210e85a:192.168.164.197:33741, 4172f4f6-b642-410a-a39e-a8ed25fb1945:192.168.164.197:43673], old=null at 0
2019-10-01 17:24:12,912 [grpc-default-executor-0] INFO  impl.RaftServerImpl (ServerState.java:setLeader(255)) - 332249a1-b42e-4c92-82fe-4572a32ca807@group-A8987D387901: change Leader from null to 4172f4f6-b642-410a-a39e-a8ed25fb1945 at term 1 for appendEntries, leader elected after 5138ms
2019-10-01 17:24:12,915 [grpc-default-executor-0] INFO  impl.RaftServerImpl (ServerState.java:setLeader(255)) - 7645f436-3f26-44f9-94b6-09645210e85a@group-A8987D387901: change Leader from null to 4172f4f6-b642-410a-a39e-a8ed25fb1945 at term 1 for appendEntries, leader elected after 5140ms
2019-10-01 17:24:12,918 [grpc-default-executor-0] INFO  impl.RaftServerImpl (ServerState.java:setRaftConf(356)) - 332249a1-b42e-4c92-82fe-4572a32ca807@group-A8987D387901: set configuration 0: [332249a1-b42e-4c92-82fe-4572a32ca807:192.168.164.197:42442, 7645f436-3f26-44f9-94b6-09645210e85a:192.168.164.197:33741, 4172f4f6-b642-410a-a39e-a8ed25fb1945:192.168.164.197:43673], old=null at 0
2019-10-01 17:24:12,918 [grpc-default-executor-0] INFO  segmented.SegmentedRaftLogWorker (SegmentedRaftLogWorker.java:startLogSegment(385)) - 332249a1-b42e-4c92-82fe-4572a32ca807@group-A8987D387901-SegmentedRaftLogWorker: Starting segment from index:0
2019-10-01 17:24:12,918 [grpc-default-executor-1] INFO  impl.RaftServerImpl (ServerState.java:setRaftConf(356)) - 7645f436-3f26-44f9-94b6-09645210e85a@group-A8987D387901: set configuration 0: [332249a1-b42e-4c92-82fe-4572a32ca807:192.168.164.197:42442, 7645f436-3f26-44f9-94b6-09645210e85a:192.168.164.197:33741, 4172f4f6-b642-410a-a39e-a8ed25fb1945:192.168.164.197:43673], old=null at 0
2019-10-01 17:24:12,919 [grpc-default-executor-1] INFO  segmented.SegmentedRaftLogWorker (SegmentedRaftLogWorker.java:startLogSegment(385)) - 7645f436-3f26-44f9-94b6-09645210e85a@group-A8987D387901-SegmentedRaftLogWorker: Starting segment from index:0
2019-10-01 17:24:12,939 [4172f4f6-b642-410a-a39e-a8ed25fb1945@group-A8987D387901-SegmentedRaftLogWorker] INFO  segmented.SegmentedRaftLogWorker (SegmentedRaftLogWorker.java:execute(574)) - 4172f4f6-b642-410a-a39e-a8ed25fb1945@group-A8987D387901-SegmentedRaftLogWorker: created new log segment /workdir/hadoop-ozone/integration-test/target/test-dir/MiniOzoneClusterImpl-0cbaa30b-01de-466b-a1fd-102ebf986b4c/datanode-5/data/ratis/7019deac-1811-4758-a3b6-a8987d387901/current/log_inprogress_0
2019-10-01 17:24:12,953 [7645f436-3f26-44f9-94b6-09645210e85a@group-A8987D387901-SegmentedRaftLogWorker] INFO  segmented.SegmentedRaftLogWorker (SegmentedRaftLogWorker.java:execute(574)) - 7645f436-3f26-44f9-94b6-09645210e85a@group-A8987D387901-SegmentedRaftLogWorker: created new log segment /workdir/hadoop-ozone/integration-test/target/test-dir/MiniOzoneClusterImpl-0cbaa30b-01de-466b-a1fd-102ebf986b4c/datanode-4/data/ratis/7019deac-1811-4758-a3b6-a8987d387901/current/log_inprogress_0
2019-10-01 17:24:12,953 [332249a1-b42e-4c92-82fe-4572a32ca807@group-A8987D387901-SegmentedRaftLogWorker] INFO  segmented.SegmentedRaftLogWorker (SegmentedRaftLogWorker.java:execute(574)) - 332249a1-b42e-4c92-82fe-4572a32ca807@group-A8987D387901-SegmentedRaftLogWorker: created new log segment /workdir/hadoop-ozone/integration-test/target/test-dir/MiniOzoneClusterImpl-0cbaa30b-01de-466b-a1fd-102ebf986b4c/datanode-6/data/ratis/7019deac-1811-4758-a3b6-a8987d387901/current/log_inprogress_0
2019-10-01 17:24:13,476 [RatisApplyTransactionExecutor 1] ERROR ratis.ContainerStateMachine (ContainerStateMachine.java:lambda$applyTransaction$6(725)) - gid group-A8987D387901 : ApplyTransaction failed. cmd CreateContainer logIndex 7 exception {}
java.lang.IllegalArgumentException
	at com.google.common.base.Preconditions.checkArgument(Preconditions.java:72)
	at org.apache.hadoop.ozone.container.keyvalue.KeyValueHandler.handleCreateContainer(KeyValueHandler.java:215)
	at org.apache.hadoop.ozone.container.keyvalue.KeyValueHandler.handle(KeyValueHandler.java:152)
	at org.apache.hadoop.ozone.container.common.impl.HddsDispatcher.dispatchRequest(HddsDispatcher.java:275)
	at org.apache.hadoop.ozone.container.common.impl.HddsDispatcher.dispatch(HddsDispatcher.java:150)
	at org.apache.hadoop.ozone.container.common.transport.server.ratis.ContainerStateMachine.dispatchCommand(ContainerStateMachine.java:405)
	at org.apache.hadoop.ozone.container.common.transport.server.ratis.ContainerStateMachine.runCommand(ContainerStateMachine.java:413)
	at org.apache.hadoop.ozone.container.common.transport.server.ratis.ContainerStateMachine.lambda$applyTransaction$6(ContainerStateMachine.java:723)
	at java.util.concurrent.CompletableFuture$AsyncSupply.run(CompletableFuture.java:1590)
	at java.util.concurrent.ThreadPoolExecutor.runWorker(ThreadPoolExecutor.java:1149)
	at java.util.concurrent.ThreadPoolExecutor$Worker.run(ThreadPoolExecutor.java:624)
	at java.lang.Thread.run(Thread.java:748)
2019-10-01 17:24:13,480 [RatisApplyTransactionExecutor 1] ERROR ratis.ContainerStateMachine (ContainerStateMachine.java:lambda$applyTransaction$6(725)) - gid group-A8987D387901 : ApplyTransaction failed. cmd CreateContainer logIndex 7 exception {}
java.lang.IllegalArgumentException
	at com.google.common.base.Preconditions.checkArgument(Preconditions.java:72)
	at org.apache.hadoop.ozone.container.keyvalue.KeyValueHandler.handleCreateContainer(KeyValueHandler.java:215)
	at org.apache.hadoop.ozone.container.keyvalue.KeyValueHandler.handle(KeyValueHandler.java:152)
	at org.apache.hadoop.ozone.container.common.impl.HddsDispatcher.dispatchRequest(HddsDispatcher.java:275)
	at org.apache.hadoop.ozone.container.common.impl.HddsDispatcher.dispatch(HddsDispatcher.java:150)
	at org.apache.hadoop.ozone.container.common.transport.server.ratis.ContainerStateMachine.dispatchCommand(ContainerStateMachine.java:405)
	at org.apache.hadoop.ozone.container.common.transport.server.ratis.ContainerStateMachine.runCommand(ContainerStateMachine.java:413)
	at org.apache.hadoop.ozone.container.common.transport.server.ratis.ContainerStateMachine.lambda$applyTransaction$6(ContainerStateMachine.java:723)
	at java.util.concurrent.CompletableFuture$AsyncSupply.run(CompletableFuture.java:1590)
	at java.util.concurrent.ThreadPoolExecutor.runWorker(ThreadPoolExecutor.java:1149)
	at java.util.concurrent.ThreadPoolExecutor$Worker.run(ThreadPoolExecutor.java:624)
	at java.lang.Thread.run(Thread.java:748)
2019-10-01 17:24:13,480 [RatisApplyTransactionExecutor 1] ERROR ratis.ContainerStateMachine (ContainerStateMachine.java:lambda$applyTransaction$6(725)) - gid group-A8987D387901 : ApplyTransaction failed. cmd CreateContainer logIndex 7 exception {}
java.lang.IllegalArgumentException
	at com.google.common.base.Preconditions.checkArgument(Preconditions.java:72)
	at org.apache.hadoop.ozone.container.keyvalue.KeyValueHandler.handleCreateContainer(KeyValueHandler.java:215)
	at org.apache.hadoop.ozone.container.keyvalue.KeyValueHandler.handle(KeyValueHandler.java:152)
	at org.apache.hadoop.ozone.container.common.impl.HddsDispatcher.dispatchRequest(HddsDispatcher.java:275)
	at org.apache.hadoop.ozone.container.common.impl.HddsDispatcher.dispatch(HddsDispatcher.java:150)
	at org.apache.hadoop.ozone.container.common.transport.server.ratis.ContainerStateMachine.dispatchCommand(ContainerStateMachine.java:405)
	at org.apache.hadoop.ozone.container.common.transport.server.ratis.ContainerStateMachine.runCommand(ContainerStateMachine.java:413)
	at org.apache.hadoop.ozone.container.common.transport.server.ratis.ContainerStateMachine.lambda$applyTransaction$6(ContainerStateMachine.java:723)
	at java.util.concurrent.CompletableFuture$AsyncSupply.run(CompletableFuture.java:1590)
	at java.util.concurrent.ThreadPoolExecutor.runWorker(ThreadPoolExecutor.java:1149)
	at java.util.concurrent.ThreadPoolExecutor$Worker.run(ThreadPoolExecutor.java:624)
	at java.lang.Thread.run(Thread.java:748)
2019-10-01 17:25:45,199 [main] INFO  ozone.MiniOzoneClusterImpl (MiniOzoneClusterImpl.java:shutdown(314)) - Shutting down the Mini Ozone Cluster
2019-10-01 17:25:45,200 [main] INFO  ozone.MiniOzoneClusterImpl (MiniOzoneClusterImpl.java:stop(330)) - Stopping the Mini Ozone Cluster
2019-10-01 17:25:45,200 [main] INFO  ozone.MiniOzoneClusterImpl (MiniOzoneClusterImpl.java:stopOM(400)) - Stopping the OzoneManager
2019-10-01 17:25:45,200 [main] INFO  ipc.Server (Server.java:stop(3082)) - Stopping server on 43174
2019-10-01 17:25:45,210 [IPC Server listener on 43174] INFO  ipc.Server (Server.java:run(1185)) - Stopping IPC Server listener on 43174
2019-10-01 17:25:45,214 [main] INFO  ratis.OzoneManagerDoubleBuffer (OzoneManagerDoubleBuffer.java:stop(248)) - Stopping OMDoubleBuffer flush thread
2019-10-01 17:25:45,214 [IPC Server Responder] INFO  ipc.Server (Server.java:run(1319)) - Stopping IPC Server Responder
2019-10-01 17:25:45,216 [OMDoubleBufferFlushThread] INFO  ratis.OzoneManagerDoubleBuffer (OzoneManagerDoubleBuffer.java:flushTransactions(191)) - OMDoubleBuffer flush thread OMDoubleBufferFlushThread is interrupted and will exit. OMDoubleBufferFlushThread
2019-10-01 17:25:45,236 [main] INFO  utils.BackgroundService (BackgroundService.java:shutdown(148)) - Shutting down service KeyDeletingService
2019-10-01 17:25:45,237 [main] INFO  handler.ContextHandler (ContextHandler.java:doStop(910)) - Stopped o.e.j.w.WebAppContext@309cedb6{/,null,UNAVAILABLE}{/ozoneManager}
2019-10-01 17:25:45,238 [main] INFO  server.AbstractConnector (AbstractConnector.java:doStop(318)) - Stopped ServerConnector@3b95a6db{HTTP/1.1,[http/1.1]}{0.0.0.0:0}
2019-10-01 17:25:45,239 [main] INFO  handler.ContextHandler (ContextHandler.java:doStop(910)) - Stopped o.e.j.s.ServletContextHandler@670f2466{/static,file:///workdir/hadoop-ozone/integration-test/target/test-classes/webapps/static,UNAVAILABLE}
2019-10-01 17:25:45,239 [main] INFO  handler.ContextHandler (ContextHandler.java:doStop(910)) - Stopped o.e.j.s.ServletContextHandler@ffd4cba{/logs,file:///workdir/hadoop-ozone/integration-test/target/log,UNAVAILABLE}
2019-10-01 17:25:45,242 [main] INFO  ozone.MiniOzoneClusterImpl (MiniOzoneClusterImpl.java:stopDatanodes(377)) - Stopping the HddsDatanodes
2019-10-01 17:25:45,534 [Datanode State Machine Thread - 0] INFO  statemachine.DatanodeStateMachine (DatanodeStateMachine.java:lambda$startDaemon$0(350)) - Ozone container server started.
2019-10-01 17:25:46,236 [Datanode State Machine Thread - 0] INFO  statemachine.DatanodeStateMachine (DatanodeStateMachine.java:lambda$startDaemon$0(350)) - Ozone container server started.
2019-10-01 17:25:50,244 [ForkJoinPool.commonPool-worker-1] INFO  ozoneimpl.OzoneContainer (OzoneContainer.java:stop(231)) - Attempting to stop container services.
2019-10-01 17:25:50,244 [main] INFO  ozoneimpl.OzoneContainer (OzoneContainer.java:stop(231)) - Attempting to stop container services.
2019-10-01 17:25:50,246 [ForkJoinPool.commonPool-worker-1] INFO  impl.RaftServerProxy (RaftServerProxy.java:lambda$close$4(314)) - 599736be-ae4b-4302-b470-5181be19b5fd: close
2019-10-01 17:25:50,246 [main] INFO  impl.RaftServerProxy (RaftServerProxy.java:lambda$close$4(314)) - 7645f436-3f26-44f9-94b6-09645210e85a: close
2019-10-01 17:25:50,246 [ForkJoinPool.commonPool-worker-1] INFO  impl.RaftServerImpl (RaftServerImpl.java:lambda$shutdown$3(247)) - 599736be-ae4b-4302-b470-5181be19b5fd@group-BFAE8263E41D: shutdown
2019-10-01 17:25:50,246 [main] INFO  impl.RaftServerImpl (RaftServerImpl.java:lambda$shutdown$3(247)) - 7645f436-3f26-44f9-94b6-09645210e85a@group-92FC0A681472: shutdown
2019-10-01 17:25:50,247 [ForkJoinPool.commonPool-worker-1] INFO  util.JmxRegister (JmxRegister.java:unregister(73)) - Successfully un-registered JMX Bean with object name Ratis:service=RaftServer,group=group-BFAE8263E41D,id=599736be-ae4b-4302-b470-5181be19b5fd
2019-10-01 17:25:50,252 [main] INFO  util.JmxRegister (JmxRegister.java:unregister(73)) - Successfully un-registered JMX Bean with object name Ratis:service=RaftServer,group=group-92FC0A681472,id=7645f436-3f26-44f9-94b6-09645210e85a
2019-10-01 17:25:50,252 [ForkJoinPool.commonPool-worker-1] INFO  impl.RoleInfo (RoleInfo.java:shutdownLeaderState(104)) - 599736be-ae4b-4302-b470-5181be19b5fd: shutdown LeaderState
2019-10-01 17:25:50,253 [main] INFO  impl.RoleInfo (RoleInfo.java:shutdownLeaderState(104)) - 7645f436-3f26-44f9-94b6-09645210e85a: shutdown LeaderState
2019-10-01 17:25:50,253 [ForkJoinPool.commonPool-worker-1] INFO  impl.PendingRequests (PendingRequests.java:sendNotLeaderResponses(202)) - 599736be-ae4b-4302-b470-5181be19b5fd@group-BFAE8263E41D-PendingRequests: sendNotLeaderResponses
2019-10-01 17:25:50,253 [main] INFO  impl.PendingRequests (PendingRequests.java:sendNotLeaderResponses(202)) - 7645f436-3f26-44f9-94b6-09645210e85a@group-92FC0A681472-PendingRequests: sendNotLeaderResponses
2019-10-01 17:25:50,254 [ForkJoinPool.commonPool-worker-1] INFO  impl.StateMachineUpdater (StateMachineUpdater.java:stopAndJoin(136)) - 599736be-ae4b-4302-b470-5181be19b5fd@group-BFAE8263E41D-StateMachineUpdater: set stopIndex = 0
2019-10-01 17:25:50,254 [main] INFO  impl.StateMachineUpdater (StateMachineUpdater.java:stopAndJoin(136)) - 7645f436-3f26-44f9-94b6-09645210e85a@group-92FC0A681472-StateMachineUpdater: set stopIndex = 0
2019-10-01 17:25:50,254 [ForkJoinPool.commonPool-worker-1] INFO  impl.RaftServerImpl (ServerState.java:close(387)) - 599736be-ae4b-4302-b470-5181be19b5fd@group-BFAE8263E41D: closes. applyIndex: 0
2019-10-01 17:25:50,254 [main] INFO  impl.RaftServerImpl (ServerState.java:close(387)) - 7645f436-3f26-44f9-94b6-09645210e85a@group-92FC0A681472: closes. applyIndex: 0
2019-10-01 17:25:50,255 [599736be-ae4b-4302-b470-5181be19b5fd@group-BFAE8263E41D-SegmentedRaftLogWorker] INFO  segmented.SegmentedRaftLogWorker (SegmentedRaftLogWorker.java:run(316)) - 599736be-ae4b-4302-b470-5181be19b5fd@group-BFAE8263E41D-SegmentedRaftLogWorker was interrupted, exiting. There are 0 tasks remaining in the queue.
2019-10-01 17:25:50,255 [7645f436-3f26-44f9-94b6-09645210e85a@group-92FC0A681472-SegmentedRaftLogWorker] INFO  segmented.SegmentedRaftLogWorker (SegmentedRaftLogWorker.java:run(316)) - 7645f436-3f26-44f9-94b6-09645210e85a@group-92FC0A681472-SegmentedRaftLogWorker was interrupted, exiting. There are 0 tasks remaining in the queue.
2019-10-01 17:25:50,258 [main] INFO  segmented.SegmentedRaftLogWorker (SegmentedRaftLogWorker.java:close(224)) - 7645f436-3f26-44f9-94b6-09645210e85a@group-92FC0A681472-SegmentedRaftLogWorker close()
2019-10-01 17:25:50,258 [ForkJoinPool.commonPool-worker-1] INFO  segmented.SegmentedRaftLogWorker (SegmentedRaftLogWorker.java:close(224)) - 599736be-ae4b-4302-b470-5181be19b5fd@group-BFAE8263E41D-SegmentedRaftLogWorker close()
2019-10-01 17:25:50,261 [main] INFO  impl.RaftServerImpl (RaftServerImpl.java:lambda$shutdown$3(247)) - 7645f436-3f26-44f9-94b6-09645210e85a@group-A8987D387901: shutdown
2019-10-01 17:25:50,266 [ForkJoinPool.commonPool-worker-1] INFO  impl.RaftServerImpl (RaftServerImpl.java:lambda$shutdown$3(247)) - 599736be-ae4b-4302-b470-5181be19b5fd@group-4CA44CE69B6D: shutdown
2019-10-01 17:25:50,266 [main] INFO  util.JmxRegister (JmxRegister.java:unregister(73)) - Successfully un-registered JMX Bean with object name Ratis:service=RaftServer,group=group-A8987D387901,id=7645f436-3f26-44f9-94b6-09645210e85a
2019-10-01 17:25:50,267 [ForkJoinPool.commonPool-worker-1] INFO  util.JmxRegister (JmxRegister.java:unregister(73)) - Successfully un-registered JMX Bean with object name Ratis:service=RaftServer,group=group-4CA44CE69B6D,id=599736be-ae4b-4302-b470-5181be19b5fd
2019-10-01 17:25:50,267 [main] INFO  impl.RoleInfo (RoleInfo.java:shutdownFollowerState(121)) - 7645f436-3f26-44f9-94b6-09645210e85a: shutdown FollowerState
2019-10-01 17:25:50,267 [ForkJoinPool.commonPool-worker-1] INFO  impl.RoleInfo (RoleInfo.java:shutdownFollowerState(121)) - 599736be-ae4b-4302-b470-5181be19b5fd: shutdown FollowerState
2019-10-01 17:25:50,267 [7645f436-3f26-44f9-94b6-09645210e85a@group-A8987D387901-StateMachineUpdater] INFO  ratis.ContainerStateMachine (ContainerStateMachine.java:takeSnapshot(293)) - group-A8987D387901: Taking a snapshot at:(t:1, i:5) file /workdir/hadoop-ozone/integration-test/target/test-dir/MiniOzoneClusterImpl-0cbaa30b-01de-466b-a1fd-102ebf986b4c/datanode-4/data/ratis/7019deac-1811-4758-a3b6-a8987d387901/sm/snapshot.1_5
2019-10-01 17:25:50,267 [Thread-748] INFO  impl.FollowerState (FollowerState.java:run(117)) - 7645f436-3f26-44f9-94b6-09645210e85a@group-A8987D387901-FollowerState was interrupted: java.lang.InterruptedException: sleep interrupted
2019-10-01 17:25:50,267 [main] INFO  impl.StateMachineUpdater (StateMachineUpdater.java:stopAndJoin(136)) - 7645f436-3f26-44f9-94b6-09645210e85a@group-A8987D387901-StateMachineUpdater: set stopIndex = 8
2019-10-01 17:25:50,268 [Thread-733] INFO  impl.FollowerState (FollowerState.java:run(117)) - 599736be-ae4b-4302-b470-5181be19b5fd@group-4CA44CE69B6D-FollowerState was interrupted: java.lang.InterruptedException: sleep interrupted
2019-10-01 17:25:50,268 [ForkJoinPool.commonPool-worker-1] INFO  impl.StateMachineUpdater (StateMachineUpdater.java:stopAndJoin(136)) - 599736be-ae4b-4302-b470-5181be19b5fd@group-4CA44CE69B6D-StateMachineUpdater: set stopIndex = 0
2019-10-01 17:25:50,273 [ForkJoinPool.commonPool-worker-1] INFO  impl.RaftServerImpl (ServerState.java:close(387)) - 599736be-ae4b-4302-b470-5181be19b5fd@group-4CA44CE69B6D: closes. applyIndex: 0
2019-10-01 17:25:50,273 [599736be-ae4b-4302-b470-5181be19b5fd@group-4CA44CE69B6D-SegmentedRaftLogWorker] INFO  segmented.SegmentedRaftLogWorker (SegmentedRaftLogWorker.java:run(316)) - 599736be-ae4b-4302-b470-5181be19b5fd@group-4CA44CE69B6D-SegmentedRaftLogWorker was interrupted, exiting. There are 0 tasks remaining in the queue.
2019-10-01 17:25:50,275 [ForkJoinPool.commonPool-worker-1] INFO  segmented.SegmentedRaftLogWorker (SegmentedRaftLogWorker.java:close(224)) - 599736be-ae4b-4302-b470-5181be19b5fd@group-4CA44CE69B6D-SegmentedRaftLogWorker close()
2019-10-01 17:25:50,280 [ForkJoinPool.commonPool-worker-1] INFO  server.GrpcService (GrpcService.java:closeImpl(164)) - 599736be-ae4b-4302-b470-5181be19b5fd: shutdown server with port 44294 now
2019-10-01 17:25:50,281 [grpc-default-executor-0] WARN  server.GrpcServerProtocolService (LogUtils.java:warn(134)) - 599736be-ae4b-4302-b470-5181be19b5fd: installSnapshot onError, lastRequest: 42fdbc35-67e2-4d2d-bcb6-581913420c06->599736be-ae4b-4302-b470-5181be19b5fd#40-t1, previous=(t:1, i:0), leaderCommit=0, initializing? false, entries: <empty>: org.apache.ratis.thirdparty.io.grpc.StatusRuntimeException: CANCELLED: cancelled before receiving half close
2019-10-01 17:25:50,281 [ForkJoinPool.commonPool-worker-1] INFO  server.GrpcService (GrpcService.java:closeImpl(172)) - 599736be-ae4b-4302-b470-5181be19b5fd: shutdown server with port 44294 successfully
2019-10-01 17:25:50,282 [7645f436-3f26-44f9-94b6-09645210e85a@group-A8987D387901-StateMachineUpdater] INFO  ratis.ContainerStateMachine (ContainerStateMachine.java:takeSnapshot(304)) - group-A8987D387901: Finished taking a snapshot at:(t:1, i:5) file:/workdir/hadoop-ozone/integration-test/target/test-dir/MiniOzoneClusterImpl-0cbaa30b-01de-466b-a1fd-102ebf986b4c/datanode-4/data/ratis/7019deac-1811-4758-a3b6-a8987d387901/sm/snapshot.1_5 time:14
2019-10-01 17:25:50,282 [grpc-default-executor-4] WARN  server.GrpcLogAppender (LogUtils.java:warn(134)) - 42fdbc35-67e2-4d2d-bcb6-581913420c06@group-4CA44CE69B6D->599736be-ae4b-4302-b470-5181be19b5fd-AppendLogResponseHandler: Failed appendEntries: org.apache.ratis.thirdparty.io.grpc.StatusRuntimeException: CANCELLED: HTTP/2 error code: CANCEL
Received Rst Stream
2019-10-01 17:25:50,282 [7645f436-3f26-44f9-94b6-09645210e85a@group-A8987D387901-StateMachineUpdater] INFO  impl.StateMachineUpdater (StateMachineUpdater.java:takeSnapshot(269)) - 7645f436-3f26-44f9-94b6-09645210e85a@group-A8987D387901-StateMachineUpdater: Took a snapshot at index 5
2019-10-01 17:25:50,283 [grpc-default-executor-4] INFO  impl.FollowerInfo (FollowerInfo.java:lambda$new$0(51)) - 42fdbc35-67e2-4d2d-bcb6-581913420c06@group-4CA44CE69B6D->599736be-ae4b-4302-b470-5181be19b5fd: nextIndex: updateUnconditionally 1 -> 0
2019-10-01 17:25:50,283 [7645f436-3f26-44f9-94b6-09645210e85a@group-A8987D387901-StateMachineUpdater] INFO  impl.StateMachineUpdater (StateMachineUpdater.java:lambda$new$0(84)) - 7645f436-3f26-44f9-94b6-09645210e85a@group-A8987D387901-StateMachineUpdater: snapshotIndex: updateIncreasingly -1 -> 5
2019-10-01 17:25:50,283 [refreshUsed-/workdir/hadoop-ozone/integration-test/target/test-dir/MiniOzoneClusterImpl-0cbaa30b-01de-466b-a1fd-102ebf986b4c/datanode-1/data/containers] WARN  fs.CachingGetSpaceUsed (CachingGetSpaceUsed.java:run(183)) - Thread Interrupted waiting to refresh disk information: sleep interrupted
2019-10-01 17:25:50,284 [7645f436-3f26-44f9-94b6-09645210e85a@group-A8987D387901-StateMachineUpdater] INFO  ratis.ContainerStateMachine (ContainerStateMachine.java:takeSnapshot(293)) - group-A8987D387901: Taking a snapshot at:(t:1, i:5) file /workdir/hadoop-ozone/integration-test/target/test-dir/MiniOzoneClusterImpl-0cbaa30b-01de-466b-a1fd-102ebf986b4c/datanode-4/data/ratis/7019deac-1811-4758-a3b6-a8987d387901/sm/snapshot.1_5
2019-10-01 17:25:50,294 [7645f436-3f26-44f9-94b6-09645210e85a@group-A8987D387901-StateMachineUpdater] INFO  ratis.ContainerStateMachine (ContainerStateMachine.java:takeSnapshot(304)) - group-A8987D387901: Finished taking a snapshot at:(t:1, i:5) file:/workdir/hadoop-ozone/integration-test/target/test-dir/MiniOzoneClusterImpl-0cbaa30b-01de-466b-a1fd-102ebf986b4c/datanode-4/data/ratis/7019deac-1811-4758-a3b6-a8987d387901/sm/snapshot.1_5 time:11
2019-10-01 17:25:50,295 [7645f436-3f26-44f9-94b6-09645210e85a@group-A8987D387901-StateMachineUpdater] INFO  impl.StateMachineUpdater (StateMachineUpdater.java:takeSnapshot(269)) - 7645f436-3f26-44f9-94b6-09645210e85a@group-A8987D387901-StateMachineUpdater: Took a snapshot at index 5
2019-10-01 17:25:50,295 [7645f436-3f26-44f9-94b6-09645210e85a@group-A8987D387901-StateMachineUpdater] INFO  impl.StateMachineUpdater (StateMachineUpdater.java:lambda$new$0(84)) - 7645f436-3f26-44f9-94b6-09645210e85a@group-A8987D387901-StateMachineUpdater: snapshotIndex: updateIncreasingly 5 -> 5
2019-10-01 17:25:50,295 [main] INFO  impl.RaftServerImpl (ServerState.java:close(387)) - 7645f436-3f26-44f9-94b6-09645210e85a@group-A8987D387901: closes. applyIndex: 8
2019-10-01 17:25:50,296 [7645f436-3f26-44f9-94b6-09645210e85a@group-A8987D387901-SegmentedRaftLogWorker] INFO  segmented.SegmentedRaftLogWorker (SegmentedRaftLogWorker.java:run(316)) - 7645f436-3f26-44f9-94b6-09645210e85a@group-A8987D387901-SegmentedRaftLogWorker was interrupted, exiting. There are 0 tasks remaining in the queue.
2019-10-01 17:25:50,297 [main] INFO  segmented.SegmentedRaftLogWorker (SegmentedRaftLogWorker.java:close(224)) - 7645f436-3f26-44f9-94b6-09645210e85a@group-A8987D387901-SegmentedRaftLogWorker close()
2019-10-01 17:25:50,309 [main] INFO  server.GrpcService (GrpcService.java:closeImpl(164)) - 7645f436-3f26-44f9-94b6-09645210e85a: shutdown server with port 33741 now
2019-10-01 17:25:50,310 [grpc-default-executor-1] WARN  server.GrpcServerProtocolService (LogUtils.java:warn(134)) - 7645f436-3f26-44f9-94b6-09645210e85a: installSnapshot onError, lastRequest: 4172f4f6-b642-410a-a39e-a8ed25fb1945->7645f436-3f26-44f9-94b6-09645210e85a#47-t1, previous=(t:1, i:8), leaderCommit=8, initializing? false, entries: <empty>: org.apache.ratis.thirdparty.io.grpc.StatusRuntimeException: CANCELLED: cancelled before receiving half close
2019-10-01 17:25:50,310 [grpc-default-executor-4] WARN  server.GrpcLogAppender (LogUtils.java:warn(134)) - 4172f4f6-b642-410a-a39e-a8ed25fb1945@group-A8987D387901->7645f436-3f26-44f9-94b6-09645210e85a-AppendLogResponseHandler: Failed appendEntries: org.apache.ratis.thirdparty.io.grpc.StatusRuntimeException: CANCELLED: HTTP/2 error code: CANCEL
Received Rst Stream
2019-10-01 17:25:50,310 [main] INFO  server.GrpcService (GrpcService.java:closeImpl(172)) - 7645f436-3f26-44f9-94b6-09645210e85a: shutdown server with port 33741 successfully
2019-10-01 17:25:50,311 [grpc-default-executor-4] INFO  impl.FollowerInfo (FollowerInfo.java:lambda$new$0(51)) - 4172f4f6-b642-410a-a39e-a8ed25fb1945@group-A8987D387901->7645f436-3f26-44f9-94b6-09645210e85a: nextIndex: updateUnconditionally 9 -> 8
2019-10-01 17:25:50,311 [grpc-default-executor-0] WARN  client.GrpcClientProtocolService (LogUtils.java:warn(134)) - 44-OrderedRequestStreamObserver44: onError: org.apache.ratis.thirdparty.io.grpc.StatusRuntimeException: CANCELLED: cancelled before receiving half close
2019-10-01 17:25:50,315 [refreshUsed-/workdir/hadoop-ozone/integration-test/target/test-dir/MiniOzoneClusterImpl-0cbaa30b-01de-466b-a1fd-102ebf986b4c/datanode-4/data/containers] WARN  fs.CachingGetSpaceUsed (CachingGetSpaceUsed.java:run(183)) - Thread Interrupted waiting to refresh disk information: sleep interrupted
2019-10-01 17:25:50,316 [ForkJoinPool.commonPool-worker-1] INFO  utils.BackgroundService (BackgroundService.java:shutdown(148)) - Shutting down service BlockDeletingService
2019-10-01 17:25:50,321 [ForkJoinPool.commonPool-worker-1] INFO  statemachine.DatanodeStateMachine (DatanodeStateMachine.java:stopDaemon(395)) - Ozone container server stopped.
2019-10-01 17:25:50,327 [ForkJoinPool.commonPool-worker-1] INFO  handler.ContextHandler (ContextHandler.java:doStop(910)) - Stopped o.e.j.w.WebAppContext@4f654cee{/,null,UNAVAILABLE}{/hddsDatanode}
2019-10-01 17:25:50,327 [ForkJoinPool.commonPool-worker-1] INFO  server.AbstractConnector (AbstractConnector.java:doStop(318)) - Stopped ServerConnector@3e1fd62b{HTTP/1.1,[http/1.1]}{0.0.0.0:0}
2019-10-01 17:25:50,329 [ForkJoinPool.commonPool-worker-1] INFO  handler.ContextHandler (ContextHandler.java:doStop(910)) - Stopped o.e.j.s.ServletContextHandler@71ed560f{/static,jar:file:/home/user/.m2/repository/org/apache/hadoop/hadoop-hdds-container-service/0.5.0-SNAPSHOT/hadoop-hdds-container-service-0.5.0-SNAPSHOT.jar!/webapps/static,UNAVAILABLE}
2019-10-01 17:25:50,330 [ForkJoinPool.commonPool-worker-1] INFO  handler.ContextHandler (ContextHandler.java:doStop(910)) - Stopped o.e.j.s.ServletContextHandler@383caf89{/logs,file:///workdir/hadoop-ozone/integration-test/target/log,UNAVAILABLE}
2019-10-01 17:25:50,342 [main] INFO  utils.BackgroundService (BackgroundService.java:shutdown(148)) - Shutting down service BlockDeletingService
2019-10-01 17:25:50,347 [main] INFO  statemachine.DatanodeStateMachine (DatanodeStateMachine.java:stopDaemon(395)) - Ozone container server stopped.
2019-10-01 17:25:50,348 [main] INFO  handler.ContextHandler (ContextHandler.java:doStop(910)) - Stopped o.e.j.w.WebAppContext@25a7fedf{/,null,UNAVAILABLE}{/hddsDatanode}
2019-10-01 17:25:50,349 [main] INFO  server.AbstractConnector (AbstractConnector.java:doStop(318)) - Stopped ServerConnector@6361b799{HTTP/1.1,[http/1.1]}{0.0.0.0:0}
2019-10-01 17:25:50,349 [main] INFO  handler.ContextHandler (ContextHandler.java:doStop(910)) - Stopped o.e.j.s.ServletContextHandler@de7e193{/static,jar:file:/home/user/.m2/repository/org/apache/hadoop/hadoop-hdds-container-service/0.5.0-SNAPSHOT/hadoop-hdds-container-service-0.5.0-SNAPSHOT.jar!/webapps/static,UNAVAILABLE}
2019-10-01 17:25:50,350 [main] INFO  handler.ContextHandler (ContextHandler.java:doStop(910)) - Stopped o.e.j.s.ServletContextHandler@d4df0e{/logs,file:///workdir/hadoop-ozone/integration-test/target/log,UNAVAILABLE}
2019-10-01 17:25:50,354 [Datanode State Machine Thread - 0] INFO  statemachine.DatanodeStateMachine (DatanodeStateMachine.java:lambda$startDaemon$0(350)) - Ozone container server started.
2019-10-01 17:25:51,106 [grpc-default-executor-4] WARN  server.GrpcLogAppender (LogUtils.java:warn(134)) - 4172f4f6-b642-410a-a39e-a8ed25fb1945@group-A8987D387901->7645f436-3f26-44f9-94b6-09645210e85a-AppendLogResponseHandler: Failed appendEntries: org.apache.ratis.thirdparty.io.grpc.StatusRuntimeException: UNAVAILABLE: io exception
2019-10-01 17:25:51,107 [grpc-default-executor-4] INFO  impl.FollowerInfo (FollowerInfo.java:lambda$new$0(51)) - 4172f4f6-b642-410a-a39e-a8ed25fb1945@group-A8987D387901->7645f436-3f26-44f9-94b6-09645210e85a: nextIndex: updateUnconditionally 8 -> 7
2019-10-01 17:25:51,289 [Datanode State Machine Thread - 0] INFO  statemachine.DatanodeStateMachine (DatanodeStateMachine.java:lambda$startDaemon$0(350)) - Ozone container server started.
2019-10-01 17:25:52,748 [grpc-default-executor-0] WARN  server.GrpcLogAppender (LogUtils.java:warn(134)) - 42fdbc35-67e2-4d2d-bcb6-581913420c06@group-4CA44CE69B6D->599736be-ae4b-4302-b470-5181be19b5fd-AppendLogResponseHandler: Failed appendEntries: org.apache.ratis.thirdparty.io.grpc.StatusRuntimeException: UNAVAILABLE: io exception
2019-10-01 17:25:52,749 [grpc-default-executor-0] INFO  impl.FollowerInfo (FollowerInfo.java:lambda$new$0(51)) - 42fdbc35-67e2-4d2d-bcb6-581913420c06@group-4CA44CE69B6D->599736be-ae4b-4302-b470-5181be19b5fd: nextIndex: updateUnconditionally 0 -> 0
2019-10-01 17:25:53,609 [grpc-default-executor-4] WARN  server.GrpcLogAppender (LogUtils.java:warn(134)) - 4172f4f6-b642-410a-a39e-a8ed25fb1945@group-A8987D387901->7645f436-3f26-44f9-94b6-09645210e85a-AppendLogResponseHandler: Failed appendEntries: org.apache.ratis.thirdparty.io.grpc.StatusRuntimeException: UNAVAILABLE: io exception
2019-10-01 17:25:53,610 [grpc-default-executor-4] INFO  impl.FollowerInfo (FollowerInfo.java:lambda$new$0(51)) - 4172f4f6-b642-410a-a39e-a8ed25fb1945@group-A8987D387901->7645f436-3f26-44f9-94b6-09645210e85a: nextIndex: updateUnconditionally 7 -> 6
2019-10-01 17:25:55,255 [grpc-default-executor-0] WARN  server.GrpcLogAppender (LogUtils.java:warn(134)) - 42fdbc35-67e2-4d2d-bcb6-581913420c06@group-4CA44CE69B6D->599736be-ae4b-4302-b470-5181be19b5fd-AppendLogResponseHandler: Failed appendEntries: org.apache.ratis.thirdparty.io.grpc.StatusRuntimeException: UNAVAILABLE: io exception
2019-10-01 17:25:55,256 [grpc-default-executor-0] INFO  impl.FollowerInfo (FollowerInfo.java:lambda$new$0(51)) - 42fdbc35-67e2-4d2d-bcb6-581913420c06@group-4CA44CE69B6D->599736be-ae4b-4302-b470-5181be19b5fd: nextIndex: updateUnconditionally 0 -> 0
2019-10-01 17:25:55,333 [ForkJoinPool.commonPool-worker-1] INFO  ozoneimpl.OzoneContainer (OzoneContainer.java:stop(231)) - Attempting to stop container services.
2019-10-01 17:25:55,333 [ForkJoinPool.commonPool-worker-1] INFO  impl.RaftServerProxy (RaftServerProxy.java:lambda$close$4(314)) - 42fdbc35-67e2-4d2d-bcb6-581913420c06: close
2019-10-01 17:25:55,334 [ForkJoinPool.commonPool-worker-1] INFO  impl.RaftServerImpl (RaftServerImpl.java:lambda$shutdown$3(247)) - 42fdbc35-67e2-4d2d-bcb6-581913420c06@group-08230EE97CA4: shutdown
2019-10-01 17:25:55,334 [ForkJoinPool.commonPool-worker-1] INFO  util.JmxRegister (JmxRegister.java:unregister(73)) - Successfully un-registered JMX Bean with object name Ratis:service=RaftServer,group=group-08230EE97CA4,id=42fdbc35-67e2-4d2d-bcb6-581913420c06
2019-10-01 17:25:55,335 [ForkJoinPool.commonPool-worker-1] INFO  impl.RoleInfo (RoleInfo.java:shutdownLeaderState(104)) - 42fdbc35-67e2-4d2d-bcb6-581913420c06: shutdown LeaderState
2019-10-01 17:25:55,335 [ForkJoinPool.commonPool-worker-1] INFO  impl.PendingRequests (PendingRequests.java:sendNotLeaderResponses(202)) - 42fdbc35-67e2-4d2d-bcb6-581913420c06@group-08230EE97CA4-PendingRequests: sendNotLeaderResponses
2019-10-01 17:25:55,336 [ForkJoinPool.commonPool-worker-1] INFO  impl.StateMachineUpdater (StateMachineUpdater.java:stopAndJoin(136)) - 42fdbc35-67e2-4d2d-bcb6-581913420c06@group-08230EE97CA4-StateMachineUpdater: set stopIndex = 0
2019-10-01 17:25:55,336 [ForkJoinPool.commonPool-worker-1] INFO  impl.RaftServerImpl (ServerState.java:close(387)) - 42fdbc35-67e2-4d2d-bcb6-581913420c06@group-08230EE97CA4: closes. applyIndex: 0
2019-10-01 17:25:55,337 [42fdbc35-67e2-4d2d-bcb6-581913420c06@group-08230EE97CA4-SegmentedRaftLogWorker] INFO  segmented.SegmentedRaftLogWorker (SegmentedRaftLogWorker.java:run(316)) - 42fdbc35-67e2-4d2d-bcb6-581913420c06@group-08230EE97CA4-SegmentedRaftLogWorker was interrupted, exiting. There are 0 tasks remaining in the queue.
2019-10-01 17:25:55,344 [ForkJoinPool.commonPool-worker-1] INFO  segmented.SegmentedRaftLogWorker (SegmentedRaftLogWorker.java:close(224)) - 42fdbc35-67e2-4d2d-bcb6-581913420c06@group-08230EE97CA4-SegmentedRaftLogWorker close()
2019-10-01 17:25:55,346 [ForkJoinPool.commonPool-worker-1] INFO  impl.RaftServerImpl (RaftServerImpl.java:lambda$shutdown$3(247)) - 42fdbc35-67e2-4d2d-bcb6-581913420c06@group-4CA44CE69B6D: shutdown
2019-10-01 17:25:55,347 [ForkJoinPool.commonPool-worker-1] INFO  util.JmxRegister (JmxRegister.java:unregister(73)) - Successfully un-registered JMX Bean with object name Ratis:service=RaftServer,group=group-4CA44CE69B6D,id=42fdbc35-67e2-4d2d-bcb6-581913420c06
2019-10-01 17:25:55,347 [ForkJoinPool.commonPool-worker-1] INFO  impl.RoleInfo (RoleInfo.java:shutdownLeaderState(104)) - 42fdbc35-67e2-4d2d-bcb6-581913420c06: shutdown LeaderState
2019-10-01 17:25:55,351 [ForkJoinPool.commonPool-worker-1] INFO  impl.PendingRequests (PendingRequests.java:sendNotLeaderResponses(202)) - 42fdbc35-67e2-4d2d-bcb6-581913420c06@group-4CA44CE69B6D-PendingRequests: sendNotLeaderResponses
2019-10-01 17:25:55,351 [org.apache.ratis.server.impl.LogAppender$AppenderDaemon$$Lambda$497/1647745216@428dc0e6] WARN  server.GrpcLogAppender (GrpcLogAppender.java:mayWait(143)) - 42fdbc35-67e2-4d2d-bcb6-581913420c06@group-4CA44CE69B6D->599736be-ae4b-4302-b470-5181be19b5fd-GrpcLogAppender: Wait interrupted by java.lang.InterruptedException
2019-10-01 17:25:55,351 [ForkJoinPool.commonPool-worker-1] INFO  impl.StateMachineUpdater (StateMachineUpdater.java:stopAndJoin(136)) - 42fdbc35-67e2-4d2d-bcb6-581913420c06@group-4CA44CE69B6D-StateMachineUpdater: set stopIndex = 0
2019-10-01 17:25:55,351 [org.apache.ratis.server.impl.LogAppender$AppenderDaemon$$Lambda$497/1647745216@76e6aa89] WARN  server.GrpcLogAppender (GrpcLogAppender.java:mayWait(143)) - 42fdbc35-67e2-4d2d-bcb6-581913420c06@group-4CA44CE69B6D->b1bc046c-e283-4177-a9ee-6de67a0a0277-GrpcLogAppender: Wait interrupted by java.lang.InterruptedException
2019-10-01 17:25:55,352 [ForkJoinPool.commonPool-worker-1] INFO  impl.RaftServerImpl (ServerState.java:close(387)) - 42fdbc35-67e2-4d2d-bcb6-581913420c06@group-4CA44CE69B6D: closes. applyIndex: 0
2019-10-01 17:25:55,351 [main] INFO  ozoneimpl.OzoneContainer (OzoneContainer.java:stop(231)) - Attempting to stop container services.
2019-10-01 17:25:55,352 [grpc-default-executor-0] INFO  server.GrpcServerProtocolService (GrpcServerProtocolService.java:onCompleted(113)) - b1bc046c-e283-4177-a9ee-6de67a0a0277: Completed APPEND_ENTRIES, lastRequest: 42fdbc35-67e2-4d2d-bcb6-581913420c06->b1bc046c-e283-4177-a9ee-6de67a0a0277#42-t1, previous=(t:1, i:0), leaderCommit=0, initializing? false, entries: <empty>
2019-10-01 17:25:55,352 [42fdbc35-67e2-4d2d-bcb6-581913420c06@group-4CA44CE69B6D-SegmentedRaftLogWorker] INFO  segmented.SegmentedRaftLogWorker (SegmentedRaftLogWorker.java:run(316)) - 42fdbc35-67e2-4d2d-bcb6-581913420c06@group-4CA44CE69B6D-SegmentedRaftLogWorker was interrupted, exiting. There are 0 tasks remaining in the queue.
2019-10-01 17:25:55,353 [main] INFO  impl.RaftServerProxy (RaftServerProxy.java:lambda$close$4(314)) - 6cc50ac2-4a62-4d18-a6c8-314055e1fb2a: close
2019-10-01 17:25:55,355 [ForkJoinPool.commonPool-worker-1] INFO  segmented.SegmentedRaftLogWorker (SegmentedRaftLogWorker.java:close(224)) - 42fdbc35-67e2-4d2d-bcb6-581913420c06@group-4CA44CE69B6D-SegmentedRaftLogWorker close()
2019-10-01 17:25:55,356 [main] INFO  impl.RaftServerImpl (RaftServerImpl.java:lambda$shutdown$3(247)) - 6cc50ac2-4a62-4d18-a6c8-314055e1fb2a@group-9D3309866E2F: shutdown
2019-10-01 17:25:55,358 [grpc-default-executor-0] INFO  server.GrpcLogAppender (GrpcLogAppender.java:onCompleted(293)) - 42fdbc35-67e2-4d2d-bcb6-581913420c06@group-4CA44CE69B6D->b1bc046c-e283-4177-a9ee-6de67a0a0277-AppendLogResponseHandler: follower responses appendEntries COMPLETED
2019-10-01 17:25:55,358 [ForkJoinPool.commonPool-worker-1] INFO  server.GrpcService (GrpcService.java:closeImpl(164)) - 42fdbc35-67e2-4d2d-bcb6-581913420c06: shutdown server with port 41622 now
2019-10-01 17:25:55,359 [main] INFO  util.JmxRegister (JmxRegister.java:unregister(73)) - Successfully un-registered JMX Bean with object name Ratis:service=RaftServer,group=group-9D3309866E2F,id=6cc50ac2-4a62-4d18-a6c8-314055e1fb2a
2019-10-01 17:25:55,359 [grpc-default-executor-0] INFO  impl.FollowerInfo (FollowerInfo.java:lambda$new$0(51)) - 42fdbc35-67e2-4d2d-bcb6-581913420c06@group-4CA44CE69B6D->b1bc046c-e283-4177-a9ee-6de67a0a0277: nextIndex: updateUnconditionally 1 -> 0
2019-10-01 17:25:55,359 [ForkJoinPool.commonPool-worker-1] INFO  server.GrpcService (GrpcService.java:closeImpl(172)) - 42fdbc35-67e2-4d2d-bcb6-581913420c06: shutdown server with port 41622 successfully
2019-10-01 17:25:55,360 [main] INFO  impl.RoleInfo (RoleInfo.java:shutdownLeaderState(104)) - 6cc50ac2-4a62-4d18-a6c8-314055e1fb2a: shutdown LeaderState
2019-10-01 17:25:55,361 [main] INFO  impl.PendingRequests (PendingRequests.java:sendNotLeaderResponses(202)) - 6cc50ac2-4a62-4d18-a6c8-314055e1fb2a@group-9D3309866E2F-PendingRequests: sendNotLeaderResponses
2019-10-01 17:25:55,361 [main] INFO  impl.StateMachineUpdater (StateMachineUpdater.java:stopAndJoin(136)) - 6cc50ac2-4a62-4d18-a6c8-314055e1fb2a@group-9D3309866E2F-StateMachineUpdater: set stopIndex = 0
2019-10-01 17:25:55,362 [main] INFO  impl.RaftServerImpl (ServerState.java:close(387)) - 6cc50ac2-4a62-4d18-a6c8-314055e1fb2a@group-9D3309866E2F: closes. applyIndex: 0
2019-10-01 17:25:55,362 [refreshUsed-/workdir/hadoop-ozone/integration-test/target/test-dir/MiniOzoneClusterImpl-0cbaa30b-01de-466b-a1fd-102ebf986b4c/datanode-2/data/containers] WARN  fs.CachingGetSpaceUsed (CachingGetSpaceUsed.java:run(183)) - Thread Interrupted waiting to refresh disk information: sleep interrupted
2019-10-01 17:25:55,363 [6cc50ac2-4a62-4d18-a6c8-314055e1fb2a@group-9D3309866E2F-SegmentedRaftLogWorker] INFO  segmented.SegmentedRaftLogWorker (SegmentedRaftLogWorker.java:run(316)) - 6cc50ac2-4a62-4d18-a6c8-314055e1fb2a@group-9D3309866E2F-SegmentedRaftLogWorker was interrupted, exiting. There are 0 tasks remaining in the queue.
2019-10-01 17:25:55,365 [main] INFO  segmented.SegmentedRaftLogWorker (SegmentedRaftLogWorker.java:close(224)) - 6cc50ac2-4a62-4d18-a6c8-314055e1fb2a@group-9D3309866E2F-SegmentedRaftLogWorker close()
2019-10-01 17:25:55,368 [main] INFO  server.GrpcService (GrpcService.java:closeImpl(164)) - 6cc50ac2-4a62-4d18-a6c8-314055e1fb2a: shutdown server with port 42622 now
2019-10-01 17:25:55,370 [main] INFO  server.GrpcService (GrpcService.java:closeImpl(172)) - 6cc50ac2-4a62-4d18-a6c8-314055e1fb2a: shutdown server with port 42622 successfully
2019-10-01 17:25:55,376 [refreshUsed-/workdir/hadoop-ozone/integration-test/target/test-dir/MiniOzoneClusterImpl-0cbaa30b-01de-466b-a1fd-102ebf986b4c/datanode-3/data/containers] WARN  fs.CachingGetSpaceUsed (CachingGetSpaceUsed.java:run(183)) - Thread Interrupted waiting to refresh disk information: sleep interrupted
2019-10-01 17:25:55,388 [ForkJoinPool.commonPool-worker-1] INFO  utils.BackgroundService (BackgroundService.java:shutdown(148)) - Shutting down service BlockDeletingService
2019-10-01 17:25:55,392 [ForkJoinPool.commonPool-worker-1] INFO  statemachine.DatanodeStateMachine (DatanodeStateMachine.java:stopDaemon(395)) - Ozone container server stopped.
2019-10-01 17:25:55,396 [main] INFO  utils.BackgroundService (BackgroundService.java:shutdown(148)) - Shutting down service BlockDeletingService
2019-10-01 17:25:55,397 [ForkJoinPool.commonPool-worker-1] INFO  handler.ContextHandler (ContextHandler.java:doStop(910)) - Stopped o.e.j.w.WebAppContext@3a3ed300{/,null,UNAVAILABLE}{/hddsDatanode}
2019-10-01 17:25:55,401 [main] INFO  statemachine.DatanodeStateMachine (DatanodeStateMachine.java:stopDaemon(395)) - Ozone container server stopped.
2019-10-01 17:25:55,402 [ForkJoinPool.commonPool-worker-1] INFO  server.AbstractConnector (AbstractConnector.java:doStop(318)) - Stopped ServerConnector@1984212d{HTTP/1.1,[http/1.1]}{0.0.0.0:0}
2019-10-01 17:25:55,402 [main] INFO  handler.ContextHandler (ContextHandler.java:doStop(910)) - Stopped o.e.j.w.WebAppContext@1c067c0d{/,null,UNAVAILABLE}{/hddsDatanode}
2019-10-01 17:25:55,404 [ForkJoinPool.commonPool-worker-1] INFO  handler.ContextHandler (ContextHandler.java:doStop(910)) - Stopped o.e.j.s.ServletContextHandler@6968c1d6{/static,jar:file:/home/user/.m2/repository/org/apache/hadoop/hadoop-hdds-container-service/0.5.0-SNAPSHOT/hadoop-hdds-container-service-0.5.0-SNAPSHOT.jar!/webapps/static,UNAVAILABLE}
2019-10-01 17:25:55,405 [ForkJoinPool.commonPool-worker-1] INFO  handler.ContextHandler (ContextHandler.java:doStop(910)) - Stopped o.e.j.s.ServletContextHandler@27abb6ca{/logs,file:///workdir/hadoop-ozone/integration-test/target/log,UNAVAILABLE}
2019-10-01 17:25:55,405 [main] INFO  server.AbstractConnector (AbstractConnector.java:doStop(318)) - Stopped ServerConnector@5d0b0cb9{HTTP/1.1,[http/1.1]}{0.0.0.0:0}
2019-10-01 17:25:55,406 [main] INFO  handler.ContextHandler (ContextHandler.java:doStop(910)) - Stopped o.e.j.s.ServletContextHandler@1f2f0109{/static,jar:file:/home/user/.m2/repository/org/apache/hadoop/hadoop-hdds-container-service/0.5.0-SNAPSHOT/hadoop-hdds-container-service-0.5.0-SNAPSHOT.jar!/webapps/static,UNAVAILABLE}
2019-10-01 17:25:55,407 [main] INFO  handler.ContextHandler (ContextHandler.java:doStop(910)) - Stopped o.e.j.s.ServletContextHandler@fa5f81c{/logs,file:///workdir/hadoop-ozone/integration-test/target/log,UNAVAILABLE}
2019-10-01 17:25:55,490 [Datanode State Machine Thread - 0] INFO  statemachine.DatanodeStateMachine (DatanodeStateMachine.java:lambda$startDaemon$0(350)) - Ozone container server started.
2019-10-01 17:25:56,109 [grpc-default-executor-4] WARN  server.GrpcLogAppender (LogUtils.java:warn(134)) - 4172f4f6-b642-410a-a39e-a8ed25fb1945@group-A8987D387901->7645f436-3f26-44f9-94b6-09645210e85a-AppendLogResponseHandler: Failed appendEntries: org.apache.ratis.thirdparty.io.grpc.StatusRuntimeException: UNAVAILABLE: io exception
2019-10-01 17:25:56,109 [grpc-default-executor-4] INFO  impl.FollowerInfo (FollowerInfo.java:lambda$new$0(51)) - 4172f4f6-b642-410a-a39e-a8ed25fb1945@group-A8987D387901->7645f436-3f26-44f9-94b6-09645210e85a: nextIndex: updateUnconditionally 6 -> 5
2019-10-01 17:25:56,179 [Datanode State Machine Thread - 0] INFO  statemachine.DatanodeStateMachine (DatanodeStateMachine.java:lambda$startDaemon$0(350)) - Ozone container server started.
2019-10-01 17:25:58,614 [grpc-default-executor-4] WARN  server.GrpcLogAppender (LogUtils.java:warn(134)) - 4172f4f6-b642-410a-a39e-a8ed25fb1945@group-A8987D387901->7645f436-3f26-44f9-94b6-09645210e85a-AppendLogResponseHandler: Failed appendEntries: org.apache.ratis.thirdparty.io.grpc.StatusRuntimeException: UNAVAILABLE: io exception
2019-10-01 17:25:58,614 [grpc-default-executor-4] INFO  impl.FollowerInfo (FollowerInfo.java:lambda$new$0(51)) - 4172f4f6-b642-410a-a39e-a8ed25fb1945@group-A8987D387901->7645f436-3f26-44f9-94b6-09645210e85a: nextIndex: updateUnconditionally 5 -> 4
2019-10-01 17:26:00,408 [ForkJoinPool.commonPool-worker-1] INFO  ozoneimpl.OzoneContainer (OzoneContainer.java:stop(231)) - Attempting to stop container services.
2019-10-01 17:26:00,408 [main] INFO  ozoneimpl.OzoneContainer (OzoneContainer.java:stop(231)) - Attempting to stop container services.
2019-10-01 17:26:00,408 [ForkJoinPool.commonPool-worker-1] INFO  impl.RaftServerProxy (RaftServerProxy.java:lambda$close$4(314)) - b1bc046c-e283-4177-a9ee-6de67a0a0277: close
2019-10-01 17:26:00,409 [main] INFO  impl.RaftServerProxy (RaftServerProxy.java:lambda$close$4(314)) - 332249a1-b42e-4c92-82fe-4572a32ca807: close
2019-10-01 17:26:00,409 [ForkJoinPool.commonPool-worker-1] INFO  impl.RaftServerImpl (RaftServerImpl.java:lambda$shutdown$3(247)) - b1bc046c-e283-4177-a9ee-6de67a0a0277@group-3D5591F4E086: shutdown
2019-10-01 17:26:00,409 [main] INFO  impl.RaftServerImpl (RaftServerImpl.java:lambda$shutdown$3(247)) - 332249a1-b42e-4c92-82fe-4572a32ca807@group-4EDA58546F8A: shutdown
2019-10-01 17:26:00,410 [ForkJoinPool.commonPool-worker-1] INFO  util.JmxRegister (JmxRegister.java:unregister(73)) - Successfully un-registered JMX Bean with object name Ratis:service=RaftServer,group=group-3D5591F4E086,id=b1bc046c-e283-4177-a9ee-6de67a0a0277
2019-10-01 17:26:00,410 [main] INFO  util.JmxRegister (JmxRegister.java:unregister(73)) - Successfully un-registered JMX Bean with object name Ratis:service=RaftServer,group=group-4EDA58546F8A,id=332249a1-b42e-4c92-82fe-4572a32ca807
2019-10-01 17:26:00,410 [ForkJoinPool.commonPool-worker-1] INFO  impl.RoleInfo (RoleInfo.java:shutdownLeaderState(104)) - b1bc046c-e283-4177-a9ee-6de67a0a0277: shutdown LeaderState
2019-10-01 17:26:00,411 [main] INFO  impl.RoleInfo (RoleInfo.java:shutdownLeaderState(104)) - 332249a1-b42e-4c92-82fe-4572a32ca807: shutdown LeaderState
2019-10-01 17:26:00,411 [ForkJoinPool.commonPool-worker-1] INFO  impl.PendingRequests (PendingRequests.java:sendNotLeaderResponses(202)) - b1bc046c-e283-4177-a9ee-6de67a0a0277@group-3D5591F4E086-PendingRequests: sendNotLeaderResponses
2019-10-01 17:26:00,411 [main] INFO  impl.PendingRequests (PendingRequests.java:sendNotLeaderResponses(202)) - 332249a1-b42e-4c92-82fe-4572a32ca807@group-4EDA58546F8A-PendingRequests: sendNotLeaderResponses
2019-10-01 17:26:00,412 [ForkJoinPool.commonPool-worker-1] INFO  impl.StateMachineUpdater (StateMachineUpdater.java:stopAndJoin(136)) - b1bc046c-e283-4177-a9ee-6de67a0a0277@group-3D5591F4E086-StateMachineUpdater: set stopIndex = 0
2019-10-01 17:26:00,412 [main] INFO  impl.StateMachineUpdater (StateMachineUpdater.java:stopAndJoin(136)) - 332249a1-b42e-4c92-82fe-4572a32ca807@group-4EDA58546F8A-StateMachineUpdater: set stopIndex = 0
2019-10-01 17:26:00,413 [main] INFO  impl.RaftServerImpl (ServerState.java:close(387)) - 332249a1-b42e-4c92-82fe-4572a32ca807@group-4EDA58546F8A: closes. applyIndex: 0
2019-10-01 17:26:00,413 [ForkJoinPool.commonPool-worker-1] INFO  impl.RaftServerImpl (ServerState.java:close(387)) - b1bc046c-e283-4177-a9ee-6de67a0a0277@group-3D5591F4E086: closes. applyIndex: 0
2019-10-01 17:26:00,413 [332249a1-b42e-4c92-82fe-4572a32ca807@group-4EDA58546F8A-SegmentedRaftLogWorker] INFO  segmented.SegmentedRaftLogWorker (SegmentedRaftLogWorker.java:run(316)) - 332249a1-b42e-4c92-82fe-4572a32ca807@group-4EDA58546F8A-SegmentedRaftLogWorker was interrupted, exiting. There are 0 tasks remaining in the queue.
2019-10-01 17:26:00,414 [b1bc046c-e283-4177-a9ee-6de67a0a0277@group-3D5591F4E086-SegmentedRaftLogWorker] INFO  segmented.SegmentedRaftLogWorker (SegmentedRaftLogWorker.java:run(316)) - b1bc046c-e283-4177-a9ee-6de67a0a0277@group-3D5591F4E086-SegmentedRaftLogWorker was interrupted, exiting. There are 0 tasks remaining in the queue.
2019-10-01 17:26:00,420 [main] INFO  segmented.SegmentedRaftLogWorker (SegmentedRaftLogWorker.java:close(224)) - 332249a1-b42e-4c92-82fe-4572a32ca807@group-4EDA58546F8A-SegmentedRaftLogWorker close()
2019-10-01 17:26:00,421 [ForkJoinPool.commonPool-worker-1] INFO  segmented.SegmentedRaftLogWorker (SegmentedRaftLogWorker.java:close(224)) - b1bc046c-e283-4177-a9ee-6de67a0a0277@group-3D5591F4E086-SegmentedRaftLogWorker close()
2019-10-01 17:26:00,423 [main] INFO  impl.RaftServerImpl (RaftServerImpl.java:lambda$shutdown$3(247)) - 332249a1-b42e-4c92-82fe-4572a32ca807@group-A8987D387901: shutdown
2019-10-01 17:26:00,424 [ForkJoinPool.commonPool-worker-1] INFO  impl.RaftServerImpl (RaftServerImpl.java:lambda$shutdown$3(247)) - b1bc046c-e283-4177-a9ee-6de67a0a0277@group-4CA44CE69B6D: shutdown
2019-10-01 17:26:00,425 [main] INFO  util.JmxRegister (JmxRegister.java:unregister(73)) - Successfully un-registered JMX Bean with object name Ratis:service=RaftServer,group=group-A8987D387901,id=332249a1-b42e-4c92-82fe-4572a32ca807
2019-10-01 17:26:00,425 [ForkJoinPool.commonPool-worker-1] INFO  util.JmxRegister (JmxRegister.java:unregister(73)) - Successfully un-registered JMX Bean with object name Ratis:service=RaftServer,group=group-4CA44CE69B6D,id=b1bc046c-e283-4177-a9ee-6de67a0a0277
2019-10-01 17:26:00,425 [main] INFO  impl.RoleInfo (RoleInfo.java:shutdownFollowerState(121)) - 332249a1-b42e-4c92-82fe-4572a32ca807: shutdown FollowerState
2019-10-01 17:26:00,425 [ForkJoinPool.commonPool-worker-1] INFO  impl.RoleInfo (RoleInfo.java:shutdownFollowerState(121)) - b1bc046c-e283-4177-a9ee-6de67a0a0277: shutdown FollowerState
2019-10-01 17:26:00,426 [main] INFO  impl.StateMachineUpdater (StateMachineUpdater.java:stopAndJoin(136)) - 332249a1-b42e-4c92-82fe-4572a32ca807@group-A8987D387901-StateMachineUpdater: set stopIndex = 8
2019-10-01 17:26:00,426 [Thread-723] INFO  impl.FollowerState (FollowerState.java:run(117)) - b1bc046c-e283-4177-a9ee-6de67a0a0277@group-4CA44CE69B6D-FollowerState was interrupted: java.lang.InterruptedException: sleep interrupted
2019-10-01 17:26:00,426 [332249a1-b42e-4c92-82fe-4572a32ca807@group-A8987D387901-StateMachineUpdater] INFO  ratis.ContainerStateMachine (ContainerStateMachine.java:takeSnapshot(293)) - group-A8987D387901: Taking a snapshot at:(t:1, i:5) file /workdir/hadoop-ozone/integration-test/target/test-dir/MiniOzoneClusterImpl-0cbaa30b-01de-466b-a1fd-102ebf986b4c/datanode-6/data/ratis/7019deac-1811-4758-a3b6-a8987d387901/sm/snapshot.1_5
2019-10-01 17:26:00,426 [ForkJoinPool.commonPool-worker-1] INFO  impl.StateMachineUpdater (StateMachineUpdater.java:stopAndJoin(136)) - b1bc046c-e283-4177-a9ee-6de67a0a0277@group-4CA44CE69B6D-StateMachineUpdater: set stopIndex = 0
2019-10-01 17:26:00,428 [ForkJoinPool.commonPool-worker-1] INFO  impl.RaftServerImpl (ServerState.java:close(387)) - b1bc046c-e283-4177-a9ee-6de67a0a0277@group-4CA44CE69B6D: closes. applyIndex: 0
2019-10-01 17:26:00,426 [Thread-749] INFO  impl.FollowerState (FollowerState.java:run(117)) - 332249a1-b42e-4c92-82fe-4572a32ca807@group-A8987D387901-FollowerState was interrupted: java.lang.InterruptedException: sleep interrupted
2019-10-01 17:26:00,429 [b1bc046c-e283-4177-a9ee-6de67a0a0277@group-4CA44CE69B6D-SegmentedRaftLogWorker] INFO  segmented.SegmentedRaftLogWorker (SegmentedRaftLogWorker.java:run(316)) - b1bc046c-e283-4177-a9ee-6de67a0a0277@group-4CA44CE69B6D-SegmentedRaftLogWorker was interrupted, exiting. There are 0 tasks remaining in the queue.
2019-10-01 17:26:00,431 [ForkJoinPool.commonPool-worker-1] INFO  segmented.SegmentedRaftLogWorker (SegmentedRaftLogWorker.java:close(224)) - b1bc046c-e283-4177-a9ee-6de67a0a0277@group-4CA44CE69B6D-SegmentedRaftLogWorker close()
2019-10-01 17:26:00,438 [ForkJoinPool.commonPool-worker-1] INFO  server.GrpcService (GrpcService.java:closeImpl(164)) - b1bc046c-e283-4177-a9ee-6de67a0a0277: shutdown server with port 39909 now
2019-10-01 17:26:00,439 [ForkJoinPool.commonPool-worker-1] INFO  server.GrpcService (GrpcService.java:closeImpl(172)) - b1bc046c-e283-4177-a9ee-6de67a0a0277: shutdown server with port 39909 successfully
2019-10-01 17:26:00,456 [refreshUsed-/workdir/hadoop-ozone/integration-test/target/test-dir/MiniOzoneClusterImpl-0cbaa30b-01de-466b-a1fd-102ebf986b4c/datanode-0/data/containers] WARN  fs.CachingGetSpaceUsed (CachingGetSpaceUsed.java:run(183)) - Thread Interrupted waiting to refresh disk information: sleep interrupted
2019-10-01 17:26:00,456 [332249a1-b42e-4c92-82fe-4572a32ca807@group-A8987D387901-StateMachineUpdater] INFO  ratis.ContainerStateMachine (ContainerStateMachine.java:takeSnapshot(304)) - group-A8987D387901: Finished taking a snapshot at:(t:1, i:5) file:/workdir/hadoop-ozone/integration-test/target/test-dir/MiniOzoneClusterImpl-0cbaa30b-01de-466b-a1fd-102ebf986b4c/datanode-6/data/ratis/7019deac-1811-4758-a3b6-a8987d387901/sm/snapshot.1_5 time:30
2019-10-01 17:26:00,456 [332249a1-b42e-4c92-82fe-4572a32ca807@group-A8987D387901-StateMachineUpdater] INFO  impl.StateMachineUpdater (StateMachineUpdater.java:takeSnapshot(269)) - 332249a1-b42e-4c92-82fe-4572a32ca807@group-A8987D387901-StateMachineUpdater: Took a snapshot at index 5
2019-10-01 17:26:00,457 [332249a1-b42e-4c92-82fe-4572a32ca807@group-A8987D387901-StateMachineUpdater] INFO  impl.StateMachineUpdater (StateMachineUpdater.java:lambda$new$0(84)) - 332249a1-b42e-4c92-82fe-4572a32ca807@group-A8987D387901-StateMachineUpdater: snapshotIndex: updateIncreasingly -1 -> 5
2019-10-01 17:26:00,457 [332249a1-b42e-4c92-82fe-4572a32ca807@group-A8987D387901-StateMachineUpdater] INFO  ratis.ContainerStateMachine (ContainerStateMachine.java:takeSnapshot(293)) - group-A8987D387901: Taking a snapshot at:(t:1, i:5) file /workdir/hadoop-ozone/integration-test/target/test-dir/MiniOzoneClusterImpl-0cbaa30b-01de-466b-a1fd-102ebf986b4c/datanode-6/data/ratis/7019deac-1811-4758-a3b6-a8987d387901/sm/snapshot.1_5
2019-10-01 17:26:00,469 [332249a1-b42e-4c92-82fe-4572a32ca807@group-A8987D387901-StateMachineUpdater] INFO  ratis.ContainerStateMachine (ContainerStateMachine.java:takeSnapshot(304)) - group-A8987D387901: Finished taking a snapshot at:(t:1, i:5) file:/workdir/hadoop-ozone/integration-test/target/test-dir/MiniOzoneClusterImpl-0cbaa30b-01de-466b-a1fd-102ebf986b4c/datanode-6/data/ratis/7019deac-1811-4758-a3b6-a8987d387901/sm/snapshot.1_5 time:12
2019-10-01 17:26:00,469 [332249a1-b42e-4c92-82fe-4572a32ca807@group-A8987D387901-StateMachineUpdater] INFO  impl.StateMachineUpdater (StateMachineUpdater.java:takeSnapshot(269)) - 332249a1-b42e-4c92-82fe-4572a32ca807@group-A8987D387901-StateMachineUpdater: Took a snapshot at index 5
2019-10-01 17:26:00,470 [332249a1-b42e-4c92-82fe-4572a32ca807@group-A8987D387901-StateMachineUpdater] INFO  impl.StateMachineUpdater (StateMachineUpdater.java:lambda$new$0(84)) - 332249a1-b42e-4c92-82fe-4572a32ca807@group-A8987D387901-StateMachineUpdater: snapshotIndex: updateIncreasingly 5 -> 5
2019-10-01 17:26:00,470 [main] INFO  impl.RaftServerImpl (ServerState.java:close(387)) - 332249a1-b42e-4c92-82fe-4572a32ca807@group-A8987D387901: closes. applyIndex: 8
2019-10-01 17:26:00,470 [332249a1-b42e-4c92-82fe-4572a32ca807@group-A8987D387901-SegmentedRaftLogWorker] INFO  segmented.SegmentedRaftLogWorker (SegmentedRaftLogWorker.java:run(316)) - 332249a1-b42e-4c92-82fe-4572a32ca807@group-A8987D387901-SegmentedRaftLogWorker was interrupted, exiting. There are 0 tasks remaining in the queue.
2019-10-01 17:26:00,471 [main] INFO  segmented.SegmentedRaftLogWorker (SegmentedRaftLogWorker.java:close(224)) - 332249a1-b42e-4c92-82fe-4572a32ca807@group-A8987D387901-SegmentedRaftLogWorker close()
2019-10-01 17:26:00,471 [main] INFO  server.GrpcService (GrpcService.java:closeImpl(164)) - 332249a1-b42e-4c92-82fe-4572a32ca807: shutdown server with port 42442 now
2019-10-01 17:26:00,472 [grpc-default-executor-4] WARN  server.GrpcServerProtocolService (LogUtils.java:warn(134)) - 332249a1-b42e-4c92-82fe-4572a32ca807: installSnapshot onError, lastRequest: 4172f4f6-b642-410a-a39e-a8ed25fb1945->332249a1-b42e-4c92-82fe-4572a32ca807#51-t1, previous=(t:1, i:8), leaderCommit=8, initializing? false, entries: <empty>: org.apache.ratis.thirdparty.io.grpc.StatusRuntimeException: CANCELLED: cancelled before receiving half close
2019-10-01 17:26:00,472 [main] INFO  server.GrpcService (GrpcService.java:closeImpl(172)) - 332249a1-b42e-4c92-82fe-4572a32ca807: shutdown server with port 42442 successfully
2019-10-01 17:26:00,473 [grpc-default-executor-1] WARN  server.GrpcLogAppender (LogUtils.java:warn(134)) - 4172f4f6-b642-410a-a39e-a8ed25fb1945@group-A8987D387901->332249a1-b42e-4c92-82fe-4572a32ca807-AppendLogResponseHandler: Failed appendEntries: org.apache.ratis.thirdparty.io.grpc.StatusRuntimeException: CANCELLED: HTTP/2 error code: CANCEL
Received Rst Stream
2019-10-01 17:26:00,473 [grpc-default-executor-1] INFO  impl.FollowerInfo (FollowerInfo.java:lambda$new$0(51)) - 4172f4f6-b642-410a-a39e-a8ed25fb1945@group-A8987D387901->332249a1-b42e-4c92-82fe-4572a32ca807: nextIndex: updateUnconditionally 9 -> 8
2019-10-01 17:26:00,474 [refreshUsed-/workdir/hadoop-ozone/integration-test/target/test-dir/MiniOzoneClusterImpl-0cbaa30b-01de-466b-a1fd-102ebf986b4c/datanode-6/data/containers] WARN  fs.CachingGetSpaceUsed (CachingGetSpaceUsed.java:run(183)) - Thread Interrupted waiting to refresh disk information: sleep interrupted
2019-10-01 17:26:00,474 [ForkJoinPool.commonPool-worker-1] INFO  utils.BackgroundService (BackgroundService.java:shutdown(148)) - Shutting down service BlockDeletingService
2019-10-01 17:26:00,478 [ForkJoinPool.commonPool-worker-1] INFO  statemachine.DatanodeStateMachine (DatanodeStateMachine.java:stopDaemon(395)) - Ozone container server stopped.
2019-10-01 17:26:00,484 [ForkJoinPool.commonPool-worker-1] INFO  handler.ContextHandler (ContextHandler.java:doStop(910)) - Stopped o.e.j.w.WebAppContext@d70f722{/,null,UNAVAILABLE}{/hddsDatanode}
2019-10-01 17:26:00,485 [ForkJoinPool.commonPool-worker-1] INFO  server.AbstractConnector (AbstractConnector.java:doStop(318)) - Stopped ServerConnector@1e1eeedd{HTTP/1.1,[http/1.1]}{0.0.0.0:0}
2019-10-01 17:26:00,486 [ForkJoinPool.commonPool-worker-1] INFO  handler.ContextHandler (ContextHandler.java:doStop(910)) - Stopped o.e.j.s.ServletContextHandler@65bad087{/static,jar:file:/home/user/.m2/repository/org/apache/hadoop/hadoop-hdds-container-service/0.5.0-SNAPSHOT/hadoop-hdds-container-service-0.5.0-SNAPSHOT.jar!/webapps/static,UNAVAILABLE}
2019-10-01 17:26:00,487 [ForkJoinPool.commonPool-worker-1] INFO  handler.ContextHandler (ContextHandler.java:doStop(910)) - Stopped o.e.j.s.ServletContextHandler@5a936e64{/logs,file:///workdir/hadoop-ozone/integration-test/target/log,UNAVAILABLE}
2019-10-01 17:26:00,490 [main] INFO  utils.BackgroundService (BackgroundService.java:shutdown(148)) - Shutting down service BlockDeletingService
2019-10-01 17:26:00,493 [main] INFO  statemachine.DatanodeStateMachine (DatanodeStateMachine.java:stopDaemon(395)) - Ozone container server stopped.
2019-10-01 17:26:00,494 [main] INFO  handler.ContextHandler (ContextHandler.java:doStop(910)) - Stopped o.e.j.w.WebAppContext@2d119405{/,null,UNAVAILABLE}{/hddsDatanode}
2019-10-01 17:26:00,494 [main] INFO  server.AbstractConnector (AbstractConnector.java:doStop(318)) - Stopped ServerConnector@57e388c3{HTTP/1.1,[http/1.1]}{0.0.0.0:0}
2019-10-01 17:26:00,495 [main] INFO  handler.ContextHandler (ContextHandler.java:doStop(910)) - Stopped o.e.j.s.ServletContextHandler@3135bf25{/static,jar:file:/home/user/.m2/repository/org/apache/hadoop/hadoop-hdds-container-service/0.5.0-SNAPSHOT/hadoop-hdds-container-service-0.5.0-SNAPSHOT.jar!/webapps/static,UNAVAILABLE}
2019-10-01 17:26:00,495 [main] INFO  handler.ContextHandler (ContextHandler.java:doStop(910)) - Stopped o.e.j.s.ServletContextHandler@4ed5a1b0{/logs,file:///workdir/hadoop-ozone/integration-test/target/log,UNAVAILABLE}
2019-10-01 17:26:00,534 [Datanode State Machine Thread - 0] INFO  statemachine.DatanodeStateMachine (DatanodeStateMachine.java:lambda$startDaemon$0(350)) - Ozone container server started.
2019-10-01 17:26:01,113 [grpc-default-executor-0] WARN  server.GrpcLogAppender (LogUtils.java:warn(134)) - 4172f4f6-b642-410a-a39e-a8ed25fb1945@group-A8987D387901->7645f436-3f26-44f9-94b6-09645210e85a-AppendLogResponseHandler: Failed appendEntries: org.apache.ratis.thirdparty.io.grpc.StatusRuntimeException: UNAVAILABLE: io exception
2019-10-01 17:26:01,114 [grpc-default-executor-0] INFO  impl.FollowerInfo (FollowerInfo.java:lambda$new$0(51)) - 4172f4f6-b642-410a-a39e-a8ed25fb1945@group-A8987D387901->7645f436-3f26-44f9-94b6-09645210e85a: nextIndex: updateUnconditionally 4 -> 3
2019-10-01 17:26:01,124 [grpc-default-executor-1] WARN  server.GrpcLogAppender (LogUtils.java:warn(134)) - 4172f4f6-b642-410a-a39e-a8ed25fb1945@group-A8987D387901->332249a1-b42e-4c92-82fe-4572a32ca807-AppendLogResponseHandler: Failed appendEntries: org.apache.ratis.thirdparty.io.grpc.StatusRuntimeException: UNAVAILABLE: io exception
2019-10-01 17:26:01,125 [grpc-default-executor-1] INFO  impl.FollowerInfo (FollowerInfo.java:lambda$new$0(51)) - 4172f4f6-b642-410a-a39e-a8ed25fb1945@group-A8987D387901->332249a1-b42e-4c92-82fe-4572a32ca807: nextIndex: updateUnconditionally 8 -> 7
2019-10-01 17:26:03,618 [grpc-default-executor-0] WARN  server.GrpcLogAppender (LogUtils.java:warn(134)) - 4172f4f6-b642-410a-a39e-a8ed25fb1945@group-A8987D387901->7645f436-3f26-44f9-94b6-09645210e85a-AppendLogResponseHandler: Failed appendEntries: org.apache.ratis.thirdparty.io.grpc.StatusRuntimeException: UNAVAILABLE: io exception
2019-10-01 17:26:03,619 [grpc-default-executor-0] INFO  impl.FollowerInfo (FollowerInfo.java:lambda$new$0(51)) - 4172f4f6-b642-410a-a39e-a8ed25fb1945@group-A8987D387901->7645f436-3f26-44f9-94b6-09645210e85a: nextIndex: updateUnconditionally 3 -> 2
2019-10-01 17:26:03,619 [grpc-default-executor-4] WARN  server.GrpcLogAppender (LogUtils.java:warn(134)) - 4172f4f6-b642-410a-a39e-a8ed25fb1945@group-A8987D387901->332249a1-b42e-4c92-82fe-4572a32ca807-AppendLogResponseHandler: Failed appendEntries: org.apache.ratis.thirdparty.io.grpc.StatusRuntimeException: UNAVAILABLE: io exception
2019-10-01 17:26:03,620 [grpc-default-executor-4] INFO  impl.FollowerInfo (FollowerInfo.java:lambda$new$0(51)) - 4172f4f6-b642-410a-a39e-a8ed25fb1945@group-A8987D387901->332249a1-b42e-4c92-82fe-4572a32ca807: nextIndex: updateUnconditionally 7 -> 6
2019-10-01 17:26:05,490 [ForkJoinPool.commonPool-worker-1] INFO  ozoneimpl.OzoneContainer (OzoneContainer.java:stop(231)) - Attempting to stop container services.
2019-10-01 17:26:05,492 [ForkJoinPool.commonPool-worker-1] INFO  impl.RaftServerProxy (RaftServerProxy.java:lambda$close$4(314)) - 4172f4f6-b642-410a-a39e-a8ed25fb1945: close
2019-10-01 17:26:05,492 [ForkJoinPool.commonPool-worker-1] INFO  impl.RaftServerImpl (RaftServerImpl.java:lambda$shutdown$3(247)) - 4172f4f6-b642-410a-a39e-a8ed25fb1945@group-676E94EB455D: shutdown
2019-10-01 17:26:05,493 [ForkJoinPool.commonPool-worker-1] INFO  util.JmxRegister (JmxRegister.java:unregister(73)) - Successfully un-registered JMX Bean with object name Ratis:service=RaftServer,group=group-676E94EB455D,id=4172f4f6-b642-410a-a39e-a8ed25fb1945
2019-10-01 17:26:05,493 [ForkJoinPool.commonPool-worker-1] INFO  impl.RoleInfo (RoleInfo.java:shutdownLeaderState(104)) - 4172f4f6-b642-410a-a39e-a8ed25fb1945: shutdown LeaderState
2019-10-01 17:26:05,494 [ForkJoinPool.commonPool-worker-1] INFO  impl.PendingRequests (PendingRequests.java:sendNotLeaderResponses(202)) - 4172f4f6-b642-410a-a39e-a8ed25fb1945@group-676E94EB455D-PendingRequests: sendNotLeaderResponses
2019-10-01 17:26:05,495 [ForkJoinPool.commonPool-worker-1] INFO  impl.StateMachineUpdater (StateMachineUpdater.java:stopAndJoin(136)) - 4172f4f6-b642-410a-a39e-a8ed25fb1945@group-676E94EB455D-StateMachineUpdater: set stopIndex = 0
2019-10-01 17:26:05,495 [ForkJoinPool.commonPool-worker-1] INFO  impl.RaftServerImpl (ServerState.java:close(387)) - 4172f4f6-b642-410a-a39e-a8ed25fb1945@group-676E94EB455D: closes. applyIndex: 0
2019-10-01 17:26:05,496 [4172f4f6-b642-410a-a39e-a8ed25fb1945@group-676E94EB455D-SegmentedRaftLogWorker] INFO  segmented.SegmentedRaftLogWorker (SegmentedRaftLogWorker.java:run(316)) - 4172f4f6-b642-410a-a39e-a8ed25fb1945@group-676E94EB455D-SegmentedRaftLogWorker was interrupted, exiting. There are 0 tasks remaining in the queue.
2019-10-01 17:26:05,497 [ForkJoinPool.commonPool-worker-1] INFO  segmented.SegmentedRaftLogWorker (SegmentedRaftLogWorker.java:close(224)) - 4172f4f6-b642-410a-a39e-a8ed25fb1945@group-676E94EB455D-SegmentedRaftLogWorker close()
2019-10-01 17:26:05,497 [ForkJoinPool.commonPool-worker-1] INFO  impl.RaftServerImpl (RaftServerImpl.java:lambda$shutdown$3(247)) - 4172f4f6-b642-410a-a39e-a8ed25fb1945@group-A8987D387901: shutdown
2019-10-01 17:26:05,497 [ForkJoinPool.commonPool-worker-1] INFO  util.JmxRegister (JmxRegister.java:unregister(73)) - Successfully un-registered JMX Bean with object name Ratis:service=RaftServer,group=group-A8987D387901,id=4172f4f6-b642-410a-a39e-a8ed25fb1945
2019-10-01 17:26:05,498 [ForkJoinPool.commonPool-worker-1] INFO  impl.RoleInfo (RoleInfo.java:shutdownLeaderState(104)) - 4172f4f6-b642-410a-a39e-a8ed25fb1945: shutdown LeaderState
2019-10-01 17:26:05,502 [ForkJoinPool.commonPool-worker-1] INFO  impl.PendingRequests (PendingRequests.java:sendNotLeaderResponses(202)) - 4172f4f6-b642-410a-a39e-a8ed25fb1945@group-A8987D387901-PendingRequests: sendNotLeaderResponses
2019-10-01 17:26:05,502 [org.apache.ratis.server.impl.LogAppender$AppenderDaemon$$Lambda$497/1647745216@265cab42] WARN  server.GrpcLogAppender (GrpcLogAppender.java:mayWait(143)) - 4172f4f6-b642-410a-a39e-a8ed25fb1945@group-A8987D387901->332249a1-b42e-4c92-82fe-4572a32ca807-GrpcLogAppender: Wait interrupted by java.lang.InterruptedException
2019-10-01 17:26:05,502 [org.apache.ratis.server.impl.LogAppender$AppenderDaemon$$Lambda$497/1647745216@7d30b21e] WARN  server.GrpcLogAppender (GrpcLogAppender.java:mayWait(143)) - 4172f4f6-b642-410a-a39e-a8ed25fb1945@group-A8987D387901->7645f436-3f26-44f9-94b6-09645210e85a-GrpcLogAppender: Wait interrupted by java.lang.InterruptedException
2019-10-01 17:26:05,504 [ForkJoinPool.commonPool-worker-1] INFO  impl.StateMachineUpdater (StateMachineUpdater.java:stopAndJoin(136)) - 4172f4f6-b642-410a-a39e-a8ed25fb1945@group-A8987D387901-StateMachineUpdater: set stopIndex = 8
2019-10-01 17:26:05,504 [4172f4f6-b642-410a-a39e-a8ed25fb1945@group-A8987D387901-StateMachineUpdater] INFO  ratis.ContainerStateMachine (ContainerStateMachine.java:takeSnapshot(293)) - group-A8987D387901: Taking a snapshot at:(t:1, i:6) file /workdir/hadoop-ozone/integration-test/target/test-dir/MiniOzoneClusterImpl-0cbaa30b-01de-466b-a1fd-102ebf986b4c/datanode-5/data/ratis/7019deac-1811-4758-a3b6-a8987d387901/sm/snapshot.1_6
2019-10-01 17:26:05,518 [4172f4f6-b642-410a-a39e-a8ed25fb1945@group-A8987D387901-StateMachineUpdater] INFO  ratis.ContainerStateMachine (ContainerStateMachine.java:takeSnapshot(304)) - group-A8987D387901: Finished taking a snapshot at:(t:1, i:6) file:/workdir/hadoop-ozone/integration-test/target/test-dir/MiniOzoneClusterImpl-0cbaa30b-01de-466b-a1fd-102ebf986b4c/datanode-5/data/ratis/7019deac-1811-4758-a3b6-a8987d387901/sm/snapshot.1_6 time:14
2019-10-01 17:26:05,518 [4172f4f6-b642-410a-a39e-a8ed25fb1945@group-A8987D387901-StateMachineUpdater] INFO  impl.StateMachineUpdater (StateMachineUpdater.java:takeSnapshot(269)) - 4172f4f6-b642-410a-a39e-a8ed25fb1945@group-A8987D387901-StateMachineUpdater: Took a snapshot at index 6
2019-10-01 17:26:05,518 [4172f4f6-b642-410a-a39e-a8ed25fb1945@group-A8987D387901-StateMachineUpdater] INFO  impl.StateMachineUpdater (StateMachineUpdater.java:lambda$new$0(84)) - 4172f4f6-b642-410a-a39e-a8ed25fb1945@group-A8987D387901-StateMachineUpdater: snapshotIndex: updateIncreasingly -1 -> 6
2019-10-01 17:26:05,519 [4172f4f6-b642-410a-a39e-a8ed25fb1945@group-A8987D387901-StateMachineUpdater] INFO  ratis.ContainerStateMachine (ContainerStateMachine.java:takeSnapshot(293)) - group-A8987D387901: Taking a snapshot at:(t:1, i:6) file /workdir/hadoop-ozone/integration-test/target/test-dir/MiniOzoneClusterImpl-0cbaa30b-01de-466b-a1fd-102ebf986b4c/datanode-5/data/ratis/7019deac-1811-4758-a3b6-a8987d387901/sm/snapshot.1_6
2019-10-01 17:26:05,548 [4172f4f6-b642-410a-a39e-a8ed25fb1945@group-A8987D387901-StateMachineUpdater] INFO  ratis.ContainerStateMachine (ContainerStateMachine.java:takeSnapshot(304)) - group-A8987D387901: Finished taking a snapshot at:(t:1, i:6) file:/workdir/hadoop-ozone/integration-test/target/test-dir/MiniOzoneClusterImpl-0cbaa30b-01de-466b-a1fd-102ebf986b4c/datanode-5/data/ratis/7019deac-1811-4758-a3b6-a8987d387901/sm/snapshot.1_6 time:29
2019-10-01 17:26:05,548 [4172f4f6-b642-410a-a39e-a8ed25fb1945@group-A8987D387901-StateMachineUpdater] INFO  impl.StateMachineUpdater (StateMachineUpdater.java:takeSnapshot(269)) - 4172f4f6-b642-410a-a39e-a8ed25fb1945@group-A8987D387901-StateMachineUpdater: Took a snapshot at index 6
2019-10-01 17:26:05,548 [4172f4f6-b642-410a-a39e-a8ed25fb1945@group-A8987D387901-StateMachineUpdater] INFO  impl.StateMachineUpdater (StateMachineUpdater.java:lambda$new$0(84)) - 4172f4f6-b642-410a-a39e-a8ed25fb1945@group-A8987D387901-StateMachineUpdater: snapshotIndex: updateIncreasingly 6 -> 6
2019-10-01 17:26:05,549 [ForkJoinPool.commonPool-worker-1] INFO  impl.RaftServerImpl (ServerState.java:close(387)) - 4172f4f6-b642-410a-a39e-a8ed25fb1945@group-A8987D387901: closes. applyIndex: 8
2019-10-01 17:26:05,549 [4172f4f6-b642-410a-a39e-a8ed25fb1945@group-A8987D387901-SegmentedRaftLogWorker] INFO  segmented.SegmentedRaftLogWorker (SegmentedRaftLogWorker.java:run(316)) - 4172f4f6-b642-410a-a39e-a8ed25fb1945@group-A8987D387901-SegmentedRaftLogWorker was interrupted, exiting. There are 0 tasks remaining in the queue.
2019-10-01 17:26:05,549 [ForkJoinPool.commonPool-worker-1] INFO  segmented.SegmentedRaftLogWorker (SegmentedRaftLogWorker.java:close(224)) - 4172f4f6-b642-410a-a39e-a8ed25fb1945@group-A8987D387901-SegmentedRaftLogWorker close()
2019-10-01 17:26:05,550 [ForkJoinPool.commonPool-worker-1] INFO  server.GrpcService (GrpcService.java:closeImpl(164)) - 4172f4f6-b642-410a-a39e-a8ed25fb1945: shutdown server with port 43673 now
2019-10-01 17:26:05,551 [ForkJoinPool.commonPool-worker-1] INFO  server.GrpcService (GrpcService.java:closeImpl(172)) - 4172f4f6-b642-410a-a39e-a8ed25fb1945: shutdown server with port 43673 successfully
2019-10-01 17:26:05,553 [refreshUsed-/workdir/hadoop-ozone/integration-test/target/test-dir/MiniOzoneClusterImpl-0cbaa30b-01de-466b-a1fd-102ebf986b4c/datanode-5/data/containers] WARN  fs.CachingGetSpaceUsed (CachingGetSpaceUsed.java:run(183)) - Thread Interrupted waiting to refresh disk information: sleep interrupted
2019-10-01 17:26:05,571 [ForkJoinPool.commonPool-worker-1] INFO  utils.BackgroundService (BackgroundService.java:shutdown(148)) - Shutting down service BlockDeletingService
2019-10-01 17:26:05,574 [ForkJoinPool.commonPool-worker-1] INFO  statemachine.DatanodeStateMachine (DatanodeStateMachine.java:stopDaemon(395)) - Ozone container server stopped.
2019-10-01 17:26:05,577 [ForkJoinPool.commonPool-worker-1] INFO  handler.ContextHandler (ContextHandler.java:doStop(910)) - Stopped o.e.j.w.WebAppContext@991cbde{/,null,UNAVAILABLE}{/hddsDatanode}
2019-10-01 17:26:05,578 [ForkJoinPool.commonPool-worker-1] INFO  server.AbstractConnector (AbstractConnector.java:doStop(318)) - Stopped ServerConnector@78d71df1{HTTP/1.1,[http/1.1]}{0.0.0.0:0}
2019-10-01 17:26:05,581 [ForkJoinPool.commonPool-worker-1] INFO  handler.ContextHandler (ContextHandler.java:doStop(910)) - Stopped o.e.j.s.ServletContextHandler@37348491{/static,jar:file:/home/user/.m2/repository/org/apache/hadoop/hadoop-hdds-container-service/0.5.0-SNAPSHOT/hadoop-hdds-container-service-0.5.0-SNAPSHOT.jar!/webapps/static,UNAVAILABLE}
2019-10-01 17:26:05,582 [ForkJoinPool.commonPool-worker-1] INFO  handler.ContextHandler (ContextHandler.java:doStop(910)) - Stopped o.e.j.s.ServletContextHandler@4d157493{/logs,file:///workdir/hadoop-ozone/integration-test/target/log,UNAVAILABLE}
2019-10-01 17:26:05,583 [main] INFO  ozone.MiniOzoneClusterImpl (MiniOzoneClusterImpl.java:stopSCM(392)) - Stopping the StorageContainerManager
2019-10-01 17:26:05,583 [main] INFO  server.StorageContainerManager (StorageContainerManager.java:stop(808)) - Stopping Replication Manager Service.
2019-10-01 17:26:05,583 [main] INFO  container.ReplicationManager (ReplicationManager.java:stop(203)) - Stopping Replication Monitor Thread.
2019-10-01 17:26:05,583 [main] INFO  server.StorageContainerManager (StorageContainerManager.java:stop(815)) - Stopping Lease Manager of the command watchers
2019-10-01 17:26:05,583 [main] INFO  server.StorageContainerManager (StorageContainerManager.java:stop(822)) - Stopping datanode service RPC server
2019-10-01 17:26:05,583 [main] INFO  server.SCMDatanodeProtocolServer (SCMDatanodeProtocolServer.java:stop(367)) - Stopping the RPC server for DataNodes
2019-10-01 17:26:05,584 [main] INFO  ipc.Server (Server.java:stop(3082)) - Stopping server on 38856
2019-10-01 17:26:05,586 [IPC Server listener on 38856] INFO  ipc.Server (Server.java:run(1185)) - Stopping IPC Server listener on 38856
2019-10-01 17:26:05,586 [IPC Server Responder] INFO  ipc.Server (Server.java:run(1319)) - Stopping IPC Server Responder
2019-10-01 17:26:05,612 [SCM Heartbeat Processing Thread - 0] WARN  node.NodeStateManager (NodeStateManager.java:scheduleNextHealthCheck(646)) - Current Thread is interrupted, shutting down HB processing thread for Node Manager.
2019-10-01 17:26:05,613 [main] INFO  server.StorageContainerManager (StorageContainerManager.java:stop(830)) - Stopping block service RPC server
2019-10-01 17:26:05,613 [main] INFO  server.SCMBlockProtocolServer (SCMBlockProtocolServer.java:stop(155)) - Stopping the RPC server for Block Protocol
2019-10-01 17:26:05,613 [main] INFO  ipc.Server (Server.java:stop(3082)) - Stopping server on 44868
2019-10-01 17:26:05,615 [IPC Server listener on 44868] INFO  ipc.Server (Server.java:run(1185)) - Stopping IPC Server listener on 44868
2019-10-01 17:26:05,615 [main] INFO  server.StorageContainerManager (StorageContainerManager.java:stop(837)) - Stopping the StorageContainerLocationProtocol RPC server
2019-10-01 17:26:05,616 [IPC Server Responder] INFO  ipc.Server (Server.java:run(1319)) - Stopping IPC Server Responder
2019-10-01 17:26:05,616 [main] INFO  server.SCMClientProtocolServer (SCMClientProtocolServer.java:stop(158)) - Stopping the RPC server for Client Protocol
2019-10-01 17:26:05,617 [main] INFO  ipc.Server (Server.java:stop(3082)) - Stopping server on 35658
2019-10-01 17:26:05,618 [IPC Server listener on 35658] INFO  ipc.Server (Server.java:run(1185)) - Stopping IPC Server listener on 35658
2019-10-01 17:26:05,619 [IPC Server Responder] INFO  ipc.Server (Server.java:run(1319)) - Stopping IPC Server Responder
2019-10-01 17:26:05,618 [main] INFO  server.StorageContainerManager (StorageContainerManager.java:stop(844)) - Stopping Storage Container Manager HTTP server.
2019-10-01 17:26:05,620 [main] INFO  handler.ContextHandler (ContextHandler.java:doStop(910)) - Stopped o.e.j.w.WebAppContext@6d08b4e6{/,null,UNAVAILABLE}{/scm}
2019-10-01 17:26:05,620 [main] INFO  server.AbstractConnector (AbstractConnector.java:doStop(318)) - Stopped ServerConnector@1015a4b9{HTTP/1.1,[http/1.1]}{0.0.0.0:0}
2019-10-01 17:26:05,621 [main] INFO  handler.ContextHandler (ContextHandler.java:doStop(910)) - Stopped o.e.j.s.ServletContextHandler@705a8dbc{/static,file:///workdir/hadoop-ozone/integration-test/target/test-classes/webapps/static,UNAVAILABLE}
2019-10-01 17:26:05,621 [main] INFO  handler.ContextHandler (ContextHandler.java:doStop(910)) - Stopped o.e.j.s.ServletContextHandler@6824b913{/logs,file:///workdir/hadoop-ozone/integration-test/target/log,UNAVAILABLE}
2019-10-01 17:26:05,621 [main] INFO  server.StorageContainerManager (StorageContainerManager.java:stop(855)) - Stopping Block Manager Service.
2019-10-01 17:26:05,622 [main] INFO  utils.BackgroundService (BackgroundService.java:shutdown(148)) - Shutting down service SCMBlockDeletingService
2019-10-01 17:26:05,622 [main] INFO  utils.BackgroundService (BackgroundService.java:shutdown(148)) - Shutting down service SCMBlockDeletingService
2019-10-01 17:26:05,622 [main] INFO  server.StorageContainerManager (StorageContainerManager.java:stop(877)) - Stopping SCM Event Queue.
2019-10-01 17:26:05,626 [main] INFO  impl.MetricsSystemImpl (MetricsSystemImpl.java:stop(210)) - Stopping HddsDatanode metrics system...
2019-10-01 17:26:05,636 [main] INFO  impl.MetricsSystemImpl (MetricsSystemImpl.java:stop(216)) - HddsDatanode metrics system stopped.
]]></system-out>
    <system-err><![CDATA[Oct 01, 2019 5:25:50 PM org.apache.ratis.thirdparty.io.grpc.internal.SerializingExecutor run
SEVERE: Exception while executing runnable org.apache.ratis.thirdparty.io.grpc.internal.ServerImpl$JumpToApplicationThreadServerStreamListener$1Closed@484469e5
org.apache.ratis.thirdparty.io.grpc.StatusRuntimeException: CANCELLED: call already cancelled
	at org.apache.ratis.thirdparty.io.grpc.Status.asRuntimeException(Status.java:517)
	at org.apache.ratis.thirdparty.io.grpc.stub.ServerCalls$ServerCallStreamObserverImpl.onCompleted(ServerCalls.java:356)
	at org.apache.ratis.grpc.server.GrpcServerProtocolService$ServerRequestStreamObserver.onError(GrpcServerProtocolService.java:121)
	at org.apache.ratis.thirdparty.io.grpc.stub.ServerCalls$StreamingServerCallHandler$StreamingServerCallListener.onCancel(ServerCalls.java:269)
	at org.apache.ratis.thirdparty.io.grpc.internal.ServerCallImpl$ServerStreamListenerImpl.closed(ServerCallImpl.java:293)
	at org.apache.ratis.thirdparty.io.grpc.internal.ServerImpl$JumpToApplicationThreadServerStreamListener$1Closed.runInContext(ServerImpl.java:741)
	at org.apache.ratis.thirdparty.io.grpc.internal.ContextRunnable.run(ContextRunnable.java:37)
	at org.apache.ratis.thirdparty.io.grpc.internal.SerializingExecutor.run(SerializingExecutor.java:123)
	at java.util.concurrent.ThreadPoolExecutor.runWorker(ThreadPoolExecutor.java:1149)
	at java.util.concurrent.ThreadPoolExecutor$Worker.run(ThreadPoolExecutor.java:624)
	at java.lang.Thread.run(Thread.java:748)

Oct 01, 2019 5:25:50 PM org.apache.ratis.thirdparty.io.grpc.internal.SerializingExecutor run
SEVERE: Exception while executing runnable org.apache.ratis.thirdparty.io.grpc.internal.ServerImpl$JumpToApplicationThreadServerStreamListener$1Closed@7f3f5eae
org.apache.ratis.thirdparty.io.grpc.StatusRuntimeException: CANCELLED: call already cancelled
	at org.apache.ratis.thirdparty.io.grpc.Status.asRuntimeException(Status.java:517)
	at org.apache.ratis.thirdparty.io.grpc.stub.ServerCalls$ServerCallStreamObserverImpl.onCompleted(ServerCalls.java:356)
	at org.apache.ratis.grpc.server.GrpcServerProtocolService$ServerRequestStreamObserver.onError(GrpcServerProtocolService.java:121)
	at org.apache.ratis.thirdparty.io.grpc.stub.ServerCalls$StreamingServerCallHandler$StreamingServerCallListener.onCancel(ServerCalls.java:269)
	at org.apache.ratis.thirdparty.io.grpc.internal.ServerCallImpl$ServerStreamListenerImpl.closed(ServerCallImpl.java:293)
	at org.apache.ratis.thirdparty.io.grpc.internal.ServerImpl$JumpToApplicationThreadServerStreamListener$1Closed.runInContext(ServerImpl.java:741)
	at org.apache.ratis.thirdparty.io.grpc.internal.ContextRunnable.run(ContextRunnable.java:37)
	at org.apache.ratis.thirdparty.io.grpc.internal.SerializingExecutor.run(SerializingExecutor.java:123)
	at java.util.concurrent.ThreadPoolExecutor.runWorker(ThreadPoolExecutor.java:1149)
	at java.util.concurrent.ThreadPoolExecutor$Worker.run(ThreadPoolExecutor.java:624)
	at java.lang.Thread.run(Thread.java:748)

Oct 01, 2019 5:26:00 PM org.apache.ratis.thirdparty.io.grpc.internal.SerializingExecutor run
SEVERE: Exception while executing runnable org.apache.ratis.thirdparty.io.grpc.internal.ServerImpl$JumpToApplicationThreadServerStreamListener$1Closed@20751b48
org.apache.ratis.thirdparty.io.grpc.StatusRuntimeException: CANCELLED: call already cancelled
	at org.apache.ratis.thirdparty.io.grpc.Status.asRuntimeException(Status.java:517)
	at org.apache.ratis.thirdparty.io.grpc.stub.ServerCalls$ServerCallStreamObserverImpl.onCompleted(ServerCalls.java:356)
	at org.apache.ratis.grpc.server.GrpcServerProtocolService$ServerRequestStreamObserver.onError(GrpcServerProtocolService.java:121)
	at org.apache.ratis.thirdparty.io.grpc.stub.ServerCalls$StreamingServerCallHandler$StreamingServerCallListener.onCancel(ServerCalls.java:269)
	at org.apache.ratis.thirdparty.io.grpc.internal.ServerCallImpl$ServerStreamListenerImpl.closed(ServerCallImpl.java:293)
	at org.apache.ratis.thirdparty.io.grpc.internal.ServerImpl$JumpToApplicationThreadServerStreamListener$1Closed.runInContext(ServerImpl.java:741)
	at org.apache.ratis.thirdparty.io.grpc.internal.ContextRunnable.run(ContextRunnable.java:37)
	at org.apache.ratis.thirdparty.io.grpc.internal.SerializingExecutor.run(SerializingExecutor.java:123)
	at java.util.concurrent.ThreadPoolExecutor.runWorker(ThreadPoolExecutor.java:1149)
	at java.util.concurrent.ThreadPoolExecutor$Worker.run(ThreadPoolExecutor.java:624)
	at java.lang.Thread.run(Thread.java:748)

]]></system-err>
  </testcase>
</testsuite>