<?xml version="1.0" encoding="UTF-8"?>
<testsuite xmlns:xsi="http://www.w3.org/2001/XMLSchema-instance" xsi:noNamespaceSchemaLocation="https://maven.apache.org/surefire/maven-surefire-plugin/xsd/surefire-test-report.xsd" name="org.apache.hadoop.ozone.client.rpc.TestBlockOutputStreamWithFailures" time="676.951" tests="8" errors="0" skipped="0" failures="1">
  <properties>
    <property name="awt.toolkit" value="sun.awt.X11.XToolkit"/>
    <property name="file.encoding.pkg" value="sun.io"/>
    <property name="java.specification.version" value="1.8"/>
    <property name="sun.cpu.isalist" value=""/>
    <property name="sun.jnu.encoding" value="UTF-8"/>
    <property name="java.class.path" value="/workdir/hadoop-ozone/integration-test/target/test-classes:/workdir/hadoop-ozone/integration-test/target/classes:/home/user/.m2/repository/org/apache/hadoop/hadoop-ozone-common/0.5.0-SNAPSHOT/hadoop-ozone-common-0.5.0-SNAPSHOT.jar:/home/user/.m2/repository/org/apache/commons/commons-compress/1.4.1/commons-compress-1.4.1.jar:/home/user/.m2/repository/org/tukaani/xz/1.0/xz-1.0.jar:/home/user/.m2/repository/org/apache/hadoop/hadoop-common/3.2.0/hadoop-common-3.2.0.jar:/home/user/.m2/repository/org/apache/hadoop/hadoop-hdfs/3.2.0/hadoop-hdfs-3.2.0.jar:/home/user/.m2/repository/org/apache/hadoop/hadoop-hdfs-client/3.2.0/hadoop-hdfs-client-3.2.0.jar:/home/user/.m2/repository/com/fasterxml/jackson/core/jackson-annotations/2.9.9/jackson-annotations-2.9.9.jar:/home/user/.m2/repository/org/apache/hadoop/hadoop-hdds-common/0.5.0-SNAPSHOT/hadoop-hdds-common-0.5.0-SNAPSHOT.jar:/home/user/.m2/repository/javax/annotation/javax.annotation-api/1.2/javax.annotation-api-1.2.jar:/home/user/.m2/repository/org/apache/ratis/ratis-server/0.5.0-201fc85-SNAPSHOT/ratis-server-0.5.0-201fc85-SNAPSHOT.jar:/home/user/.m2/repository/org/apache/ratis/ratis-thirdparty-misc/0.2.0/ratis-thirdparty-misc-0.2.0.jar:/home/user/.m2/repository/org/apache/ratis/ratis-proto/0.5.0-201fc85-SNAPSHOT/ratis-proto-0.5.0-201fc85-SNAPSHOT.jar:/home/user/.m2/repository/org/apache/ratis/ratis-common/0.5.0-201fc85-SNAPSHOT/ratis-common-0.5.0-201fc85-SNAPSHOT.jar:/home/user/.m2/repository/org/apache/ratis/ratis-client/0.5.0-201fc85-SNAPSHOT/ratis-client-0.5.0-201fc85-SNAPSHOT.jar:/home/user/.m2/repository/org/apache/ratis/ratis-metrics/0.5.0-201fc85-SNAPSHOT/ratis-metrics-0.5.0-201fc85-SNAPSHOT.jar:/home/user/.m2/repository/com/github/joshelser/dropwizard-metrics-hadoop-metrics2-reporter/0.1.2/dropwizard-metrics-hadoop-metrics2-reporter-0.1.2.jar:/home/user/.m2/repository/io/dropwizard/metrics/metrics-jvm/3.2.5/metrics-jvm-3.2.5.jar:/home/user/.m2/repository/io/dropwizard/metrics/metrics-ganglia/3.2.5/metrics-ganglia-3.2.5.jar:/home/user/.m2/repository/info/ganglia/gmetric4j/gmetric4j/1.0.7/gmetric4j-1.0.7.jar:/home/user/.m2/repository/org/apache/ratis/ratis-netty/0.5.0-201fc85-SNAPSHOT/ratis-netty-0.5.0-201fc85-SNAPSHOT.jar:/home/user/.m2/repository/org/apache/ratis/ratis-grpc/0.5.0-201fc85-SNAPSHOT/ratis-grpc-0.5.0-201fc85-SNAPSHOT.jar:/home/user/.m2/repository/org/rocksdb/rocksdbjni/6.0.1/rocksdbjni-6.0.1.jar:/home/user/.m2/repository/org/apache/logging/log4j/log4j-api/2.11.0/log4j-api-2.11.0.jar:/home/user/.m2/repository/org/apache/logging/log4j/log4j-core/2.11.0/log4j-core-2.11.0.jar:/home/user/.m2/repository/com/lmax/disruptor/3.4.2/disruptor-3.4.2.jar:/home/user/.m2/repository/org/apache/commons/commons-pool2/2.6.0/commons-pool2-2.6.0.jar:/home/user/.m2/repository/org/bouncycastle/bcpkix-jdk15on/1.60/bcpkix-jdk15on-1.60.jar:/home/user/.m2/repository/commons-validator/commons-validator/1.6/commons-validator-1.6.jar:/home/user/.m2/repository/commons-digester/commons-digester/1.8.1/commons-digester-1.8.1.jar:/home/user/.m2/repository/io/jaegertracing/jaeger-client/0.34.0/jaeger-client-0.34.0.jar:/home/user/.m2/repository/io/jaegertracing/jaeger-thrift/0.34.0/jaeger-thrift-0.34.0.jar:/home/user/.m2/repository/org/apache/thrift/libthrift/0.12.0/libthrift-0.12.0.jar:/home/user/.m2/repository/com/squareup/okhttp3/okhttp/3.9.0/okhttp-3.9.0.jar:/home/user/.m2/repository/com/squareup/okio/okio/1.13.0/okio-1.13.0.jar:/home/user/.m2/repository/io/jaegertracing/jaeger-core/0.34.0/jaeger-core-0.34.0.jar:/home/user/.m2/repository/io/jaegertracing/jaeger-tracerresolver/0.34.0/jaeger-tracerresolver-0.34.0.jar:/home/user/.m2/repository/io/opentracing/contrib/opentracing-tracerresolver/0.1.5/opentracing-tracerresolver-0.1.5.jar:/home/user/.m2/repository/io/opentracing/opentracing-util/0.31.0/opentracing-util-0.31.0.jar:/home/user/.m2/repository/io/opentracing/opentracing-api/0.31.0/opentracing-api-0.31.0.jar:/home/user/.m2/repository/io/opentracing/opentracing-noop/0.31.0/opentracing-noop-0.31.0.jar:/home/user/.m2/repository/org/apache/hadoop/hadoop-hdds-server-framework/0.5.0-SNAPSHOT/hadoop-hdds-server-framework-0.5.0-SNAPSHOT.jar:/home/user/.m2/repository/org/apache/hadoop/hadoop-hdds-container-service/0.5.0-SNAPSHOT/hadoop-hdds-container-service-0.5.0-SNAPSHOT.jar:/home/user/.m2/repository/org/apache/hadoop/hadoop-hdds-client/0.5.0-SNAPSHOT/hadoop-hdds-client-0.5.0-SNAPSHOT.jar:/home/user/.m2/repository/org/apache/hadoop/hadoop-hdds-tools/0.5.0-SNAPSHOT/hadoop-hdds-tools-0.5.0-SNAPSHOT.jar:/home/user/.m2/repository/org/apache/hadoop/hadoop-hdds-server-scm/0.5.0-SNAPSHOT/hadoop-hdds-server-scm-0.5.0-SNAPSHOT.jar:/home/user/.m2/repository/org/apache/hadoop/hadoop-hdds-docs/0.5.0-SNAPSHOT/hadoop-hdds-docs-0.5.0-SNAPSHOT.jar:/home/user/.m2/repository/io/dropwizard/metrics/metrics-core/3.2.4/metrics-core-3.2.4.jar:/home/user/.m2/repository/org/hamcrest/hamcrest-all/1.3/hamcrest-all-1.3.jar:/home/user/.m2/repository/org/bouncycastle/bcprov-jdk15on/1.60/bcprov-jdk15on-1.60.jar:/home/user/.m2/repository/info/picocli/picocli/3.9.6/picocli-3.9.6.jar:/home/user/.m2/repository/com/google/protobuf/protobuf-java/2.5.0/protobuf-java-2.5.0.jar:/home/user/.m2/repository/com/google/guava/guava/11.0.2/guava-11.0.2.jar:/home/user/.m2/repository/org/apache/hadoop/hadoop-ozone-ozone-manager/0.5.0-SNAPSHOT/hadoop-ozone-ozone-manager-0.5.0-SNAPSHOT.jar:/home/user/.m2/repository/org/apache/hadoop/hadoop-minikdc/3.2.0/hadoop-minikdc-3.2.0.jar:/home/user/.m2/repository/commons-io/commons-io/2.5/commons-io-2.5.jar:/home/user/.m2/repository/org/apache/kerby/kerb-simplekdc/1.0.1/kerb-simplekdc-1.0.1.jar:/home/user/.m2/repository/org/apache/kerby/kerb-client/1.0.1/kerb-client-1.0.1.jar:/home/user/.m2/repository/org/apache/kerby/kerby-config/1.0.1/kerby-config-1.0.1.jar:/home/user/.m2/repository/org/apache/kerby/kerb-core/1.0.1/kerb-core-1.0.1.jar:/home/user/.m2/repository/org/apache/kerby/kerby-pkix/1.0.1/kerby-pkix-1.0.1.jar:/home/user/.m2/repository/org/apache/kerby/kerby-asn1/1.0.1/kerby-asn1-1.0.1.jar:/home/user/.m2/repository/org/apache/kerby/kerby-util/1.0.1/kerby-util-1.0.1.jar:/home/user/.m2/repository/org/apache/kerby/kerb-common/1.0.1/kerb-common-1.0.1.jar:/home/user/.m2/repository/org/apache/kerby/kerb-crypto/1.0.1/kerb-crypto-1.0.1.jar:/home/user/.m2/repository/org/apache/kerby/kerb-util/1.0.1/kerb-util-1.0.1.jar:/home/user/.m2/repository/org/apache/kerby/token-provider/1.0.1/token-provider-1.0.1.jar:/home/user/.m2/repository/org/apache/kerby/kerb-admin/1.0.1/kerb-admin-1.0.1.jar:/home/user/.m2/repository/org/apache/kerby/kerb-server/1.0.1/kerb-server-1.0.1.jar:/home/user/.m2/repository/org/apache/kerby/kerb-identity/1.0.1/kerb-identity-1.0.1.jar:/home/user/.m2/repository/org/apache/kerby/kerby-xdr/1.0.1/kerby-xdr-1.0.1.jar:/home/user/.m2/repository/org/slf4j/slf4j-log4j12/1.7.25/slf4j-log4j12-1.7.25.jar:/home/user/.m2/repository/org/apache/hadoop/hadoop-ozone-s3gateway/0.5.0-SNAPSHOT/hadoop-ozone-s3gateway-0.5.0-SNAPSHOT.jar:/home/user/.m2/repository/org/jboss/weld/servlet/weld-servlet/2.4.7.Final/weld-servlet-2.4.7.Final.jar:/home/user/.m2/repository/org/glassfish/jersey/containers/jersey-container-servlet-core/2.27/jersey-container-servlet-core-2.27.jar:/home/user/.m2/repository/org/glassfish/hk2/external/javax.inject/2.5.0-b42/javax.inject-2.5.0-b42.jar:/home/user/.m2/repository/org/glassfish/jersey/core/jersey-common/2.27/jersey-common-2.27.jar:/home/user/.m2/repository/org/glassfish/hk2/osgi-resource-locator/1.0.1/osgi-resource-locator-1.0.1.jar:/home/user/.m2/repository/javax/ws/rs/javax.ws.rs-api/2.1/javax.ws.rs-api-2.1.jar:/home/user/.m2/repository/org/glassfish/jersey/ext/cdi/jersey-cdi1x/2.27/jersey-cdi1x-2.27.jar:/home/user/.m2/repository/org/glassfish/jersey/inject/jersey-hk2/2.27/jersey-hk2-2.27.jar:/home/user/.m2/repository/org/glassfish/hk2/hk2-locator/2.5.0-b42/hk2-locator-2.5.0-b42.jar:/home/user/.m2/repository/org/javassist/javassist/3.22.0-CR2/javassist-3.22.0-CR2.jar:/home/user/.m2/repository/org/glassfish/hk2/hk2-api/2.5.0/hk2-api-2.5.0.jar:/home/user/.m2/repository/org/glassfish/hk2/external/jakarta.inject/2.5.0/jakarta.inject-2.5.0.jar:/home/user/.m2/repository/org/glassfish/hk2/hk2-utils/2.5.0/hk2-utils-2.5.0.jar:/home/user/.m2/repository/jakarta/annotation/jakarta.annotation-api/1.3.4/jakarta.annotation-api-1.3.4.jar:/home/user/.m2/repository/org/glassfish/hk2/external/aopalliance-repackaged/2.5.0/aopalliance-repackaged-2.5.0.jar:/home/user/.m2/repository/com/fasterxml/jackson/dataformat/jackson-dataformat-xml/2.9.0/jackson-dataformat-xml-2.9.0.jar:/home/user/.m2/repository/com/fasterxml/jackson/core/jackson-core/2.9.9/jackson-core-2.9.9.jar:/home/user/.m2/repository/com/fasterxml/jackson/module/jackson-module-jaxb-annotations/2.9.9/jackson-module-jaxb-annotations-2.9.9.jar:/home/user/.m2/repository/javax/enterprise/cdi-api/1.2/cdi-api-1.2.jar:/home/user/.m2/repository/javax/el/javax.el-api/3.0.0/javax.el-api-3.0.0.jar:/home/user/.m2/repository/javax/interceptor/javax.interceptor-api/1.2/javax.interceptor-api-1.2.jar:/home/user/.m2/repository/javax/inject/javax.inject/1/javax.inject-1.jar:/home/user/.m2/repository/com/sun/xml/bind/jaxb-impl/2.3.0.1/jaxb-impl-2.3.0.1.jar:/home/user/.m2/repository/com/sun/xml/bind/jaxb-core/2.3.0.1/jaxb-core-2.3.0.1.jar:/home/user/.m2/repository/javax/xml/bind/jaxb-api/2.3.0/jaxb-api-2.3.0.jar:/home/user/.m2/repository/javax/activation/activation/1.1.1/activation-1.1.1.jar:/home/user/.m2/repository/org/apache/hadoop/hadoop-ozone-csi/0.5.0-SNAPSHOT/hadoop-ozone-csi-0.5.0-SNAPSHOT.jar:/home/user/.m2/repository/com/google/protobuf/protobuf-java-util/3.5.1/protobuf-java-util-3.5.1.jar:/home/user/.m2/repository/org/apache/hadoop/hadoop-hdds-config/0.5.0-SNAPSHOT/hadoop-hdds-config-0.5.0-SNAPSHOT.jar:/home/user/.m2/repository/io/grpc/grpc-netty/1.17.1/grpc-netty-1.17.1.jar:/home/user/.m2/repository/io/grpc/grpc-core/1.17.1/grpc-core-1.17.1.jar:/home/user/.m2/repository/io/grpc/grpc-context/1.17.1/grpc-context-1.17.1.jar:/home/user/.m2/repository/com/google/errorprone/error_prone_annotations/2.2.0/error_prone_annotations-2.2.0.jar:/home/user/.m2/repository/org/codehaus/mojo/animal-sniffer-annotations/1.17/animal-sniffer-annotations-1.17.jar:/home/user/.m2/repository/io/opencensus/opencensus-api/0.17.0/opencensus-api-0.17.0.jar:/home/user/.m2/repository/io/opencensus/opencensus-contrib-grpc-metrics/0.17.0/opencensus-contrib-grpc-metrics-0.17.0.jar:/home/user/.m2/repository/io/netty/netty-codec-http2/4.1.30.Final/netty-codec-http2-4.1.30.Final.jar:/home/user/.m2/repository/io/netty/netty-codec-http/4.1.30.Final/netty-codec-http-4.1.30.Final.jar:/home/user/.m2/repository/io/netty/netty-codec/4.1.30.Final/netty-codec-4.1.30.Final.jar:/home/user/.m2/repository/io/netty/netty-handler/4.1.30.Final/netty-handler-4.1.30.Final.jar:/home/user/.m2/repository/io/netty/netty-handler-proxy/4.1.30.Final/netty-handler-proxy-4.1.30.Final.jar:/home/user/.m2/repository/io/netty/netty-codec-socks/4.1.30.Final/netty-codec-socks-4.1.30.Final.jar:/home/user/.m2/repository/io/netty/netty-transport-native-epoll/4.1.30.Final/netty-transport-native-epoll-4.1.30.Final.jar:/home/user/.m2/repository/io/netty/netty-common/4.1.30.Final/netty-common-4.1.30.Final.jar:/home/user/.m2/repository/io/netty/netty-buffer/4.1.30.Final/netty-buffer-4.1.30.Final.jar:/home/user/.m2/repository/io/netty/netty-transport/4.1.30.Final/netty-transport-4.1.30.Final.jar:/home/user/.m2/repository/io/netty/netty-resolver/4.1.30.Final/netty-resolver-4.1.30.Final.jar:/home/user/.m2/repository/io/netty/netty-transport-native-unix-common/4.1.30.Final/netty-transport-native-unix-common-4.1.30.Final.jar:/home/user/.m2/repository/io/grpc/grpc-protobuf/1.17.1/grpc-protobuf-1.17.1.jar:/home/user/.m2/repository/com/google/api/grpc/proto-google-common-protos/1.0.0/proto-google-common-protos-1.0.0.jar:/home/user/.m2/repository/io/grpc/grpc-protobuf-lite/1.17.1/grpc-protobuf-lite-1.17.1.jar:/home/user/.m2/repository/io/grpc/grpc-stub/1.17.1/grpc-stub-1.17.1.jar:/home/user/.m2/repository/org/apache/hadoop/hadoop-ozone-recon/0.5.0-SNAPSHOT/hadoop-ozone-recon-0.5.0-SNAPSHOT.jar:/home/user/.m2/repository/org/apache/hadoop/hadoop-ozone-reconcodegen/0.5.0-SNAPSHOT/hadoop-ozone-reconcodegen-0.5.0-SNAPSHOT.jar:/home/user/.m2/repository/com/google/inject/extensions/guice-multibindings/4.0/guice-multibindings-4.0.jar:/home/user/.m2/repository/com/google/inject/guice/4.0/guice-4.0.jar:/home/user/.m2/repository/aopalliance/aopalliance/1.0/aopalliance-1.0.jar:/home/user/.m2/repository/com/google/inject/extensions/guice-servlet/4.0/guice-servlet-4.0.jar:/home/user/.m2/repository/org/glassfish/jersey/containers/jersey-container-servlet/2.27/jersey-container-servlet-2.27.jar:/home/user/.m2/repository/org/glassfish/hk2/guice-bridge/2.5.0/guice-bridge-2.5.0.jar:/home/user/.m2/repository/org/glassfish/jersey/core/jersey-server/2.27/jersey-server-2.27.jar:/home/user/.m2/repository/org/glassfish/jersey/core/jersey-client/2.27/jersey-client-2.27.jar:/home/user/.m2/repository/org/glassfish/jersey/media/jersey-media-jaxb/2.27/jersey-media-jaxb-2.27.jar:/home/user/.m2/repository/javax/validation/validation-api/1.1.0.Final/validation-api-1.1.0.Final.jar:/home/user/.m2/repository/org/glassfish/jersey/media/jersey-media-json-jackson/2.27/jersey-media-json-jackson-2.27.jar:/home/user/.m2/repository/org/glassfish/jersey/ext/jersey-entity-filtering/2.27/jersey-entity-filtering-2.27.jar:/home/user/.m2/repository/com/google/inject/extensions/guice-assistedinject/4.0/guice-assistedinject-4.0.jar:/home/user/.m2/repository/org/jooq/jooq/3.11.10/jooq-3.11.10.jar:/home/user/.m2/repository/org/jooq/jooq-meta/3.11.10/jooq-meta-3.11.10.jar:/home/user/.m2/repository/org/jooq/jooq-codegen/3.11.10/jooq-codegen-3.11.10.jar:/home/user/.m2/repository/com/jolbox/bonecp/0.8.0.RELEASE/bonecp-0.8.0.RELEASE.jar:/home/user/.m2/repository/org/xerial/sqlite-jdbc/3.25.2/sqlite-jdbc-3.25.2.jar:/home/user/.m2/repository/org/springframework/spring-jdbc/5.1.3.RELEASE/spring-jdbc-5.1.3.RELEASE.jar:/home/user/.m2/repository/org/springframework/spring-beans/5.1.3.RELEASE/spring-beans-5.1.3.RELEASE.jar:/home/user/.m2/repository/org/springframework/spring-core/5.1.3.RELEASE/spring-core-5.1.3.RELEASE.jar:/home/user/.m2/repository/org/springframework/spring-jcl/5.1.3.RELEASE/spring-jcl-5.1.3.RELEASE.jar:/home/user/.m2/repository/org/springframework/spring-tx/5.1.3.RELEASE/spring-tx-5.1.3.RELEASE.jar:/home/user/.m2/repository/org/apache/hadoop/hadoop-ozone-client/0.5.0-SNAPSHOT/hadoop-ozone-client-0.5.0-SNAPSHOT.jar:/home/user/.m2/repository/commons-lang/commons-lang/2.6/commons-lang-2.6.jar:/home/user/.m2/repository/org/apache/hadoop/hadoop-ozone-ozone-manager/0.5.0-SNAPSHOT/hadoop-ozone-ozone-manager-0.5.0-SNAPSHOT-tests.jar:/home/user/.m2/repository/junit/junit/4.11/junit-4.11.jar:/home/user/.m2/repository/org/hamcrest/hamcrest-core/1.3/hamcrest-core-1.3.jar:/home/user/.m2/repository/org/openjdk/jmh/jmh-core/1.19/jmh-core-1.19.jar:/home/user/.m2/repository/net/sf/jopt-simple/jopt-simple/4.6/jopt-simple-4.6.jar:/home/user/.m2/repository/org/apache/commons/commons-math3/3.1.1/commons-math3-3.1.1.jar:/home/user/.m2/repository/org/openjdk/jmh/jmh-generator-annprocess/1.19/jmh-generator-annprocess-1.19.jar:/home/user/.m2/repository/org/mockito/mockito-all/1.8.5/mockito-all-1.8.5.jar:/home/user/.m2/repository/org/apache/hadoop/hadoop-kms/3.2.0/hadoop-kms-3.2.0.jar:/home/user/.m2/repository/org/apache/hadoop/hadoop-auth/3.2.0/hadoop-auth-3.2.0.jar:/home/user/.m2/repository/com/nimbusds/nimbus-jose-jwt/4.41.1/nimbus-jose-jwt-4.41.1.jar:/home/user/.m2/repository/com/github/stephenc/jcip/jcip-annotations/1.0-1/jcip-annotations-1.0-1.jar:/home/user/.m2/repository/net/minidev/json-smart/2.3/json-smart-2.3.jar:/home/user/.m2/repository/net/minidev/accessors-smart/1.2/accessors-smart-1.2.jar:/home/user/.m2/repository/org/ow2/asm/asm/5.0.4/asm-5.0.4.jar:/home/user/.m2/repository/org/apache/curator/curator-framework/2.12.0/curator-framework-2.12.0.jar:/home/user/.m2/repository/com/sun/jersey/jersey-core/1.19/jersey-core-1.19.jar:/home/user/.m2/repository/javax/ws/rs/jsr311-api/1.1.1/jsr311-api-1.1.1.jar:/home/user/.m2/repository/com/sun/jersey/jersey-server/1.19/jersey-server-1.19.jar:/home/user/.m2/repository/javax/servlet/javax.servlet-api/3.1.0/javax.servlet-api-3.1.0.jar:/home/user/.m2/repository/org/eclipse/jetty/jetty-server/9.3.25.v20180904/jetty-server-9.3.25.v20180904.jar:/home/user/.m2/repository/org/eclipse/jetty/jetty-http/9.3.25.v20180904/jetty-http-9.3.25.v20180904.jar:/home/user/.m2/repository/org/eclipse/jetty/jetty-io/9.3.25.v20180904/jetty-io-9.3.25.v20180904.jar:/home/user/.m2/repository/org/eclipse/jetty/jetty-webapp/9.3.25.v20180904/jetty-webapp-9.3.25.v20180904.jar:/home/user/.m2/repository/org/eclipse/jetty/jetty-xml/9.3.25.v20180904/jetty-xml-9.3.25.v20180904.jar:/home/user/.m2/repository/log4j/log4j/1.2.17/log4j-1.2.17.jar:/home/user/.m2/repository/org/slf4j/slf4j-api/1.7.25/slf4j-api-1.7.25.jar:/home/user/.m2/repository/org/slf4j/jul-to-slf4j/1.7.25/jul-to-slf4j-1.7.25.jar:/home/user/.m2/repository/org/eclipse/jetty/jetty-util/9.3.25.v20180904/jetty-util-9.3.25.v20180904.jar:/home/user/.m2/repository/com/fasterxml/jackson/core/jackson-databind/2.9.9/jackson-databind-2.9.9.jar:/home/user/.m2/repository/org/apache/hadoop/hadoop-kms/3.2.0/hadoop-kms-3.2.0-tests.jar:/home/user/.m2/repository/org/apache/hadoop/hadoop-hdds-server-scm/0.5.0-SNAPSHOT/hadoop-hdds-server-scm-0.5.0-SNAPSHOT-tests.jar:/home/user/.m2/repository/org/apache/hadoop/hadoop-hdds-container-service/0.5.0-SNAPSHOT/hadoop-hdds-container-service-0.5.0-SNAPSHOT-tests.jar:/home/user/.m2/repository/org/yaml/snakeyaml/1.16/snakeyaml-1.16.jar:/home/user/.m2/repository/org/apache/hadoop/hadoop-common/3.2.0/hadoop-common-3.2.0-tests.jar:/home/user/.m2/repository/org/apache/hadoop/hadoop-annotations/3.2.0/hadoop-annotations-3.2.0.jar:/usr/lib/jvm/java-1.8-openjdk/jre/../lib/tools.jar:/home/user/.m2/repository/commons-cli/commons-cli/1.2/commons-cli-1.2.jar:/home/user/.m2/repository/org/apache/httpcomponents/httpclient/4.5.2/httpclient-4.5.2.jar:/home/user/.m2/repository/org/apache/httpcomponents/httpcore/4.4.4/httpcore-4.4.4.jar:/home/user/.m2/repository/commons-codec/commons-codec/1.11/commons-codec-1.11.jar:/home/user/.m2/repository/commons-net/commons-net/3.6/commons-net-3.6.jar:/home/user/.m2/repository/commons-collections/commons-collections/3.2.2/commons-collections-3.2.2.jar:/home/user/.m2/repository/org/eclipse/jetty/jetty-servlet/9.3.25.v20180904/jetty-servlet-9.3.25.v20180904.jar:/home/user/.m2/repository/org/eclipse/jetty/jetty-security/9.3.25.v20180904/jetty-security-9.3.25.v20180904.jar:/home/user/.m2/repository/javax/servlet/jsp/jsp-api/2.1/jsp-api-2.1.jar:/home/user/.m2/repository/com/sun/jersey/jersey-servlet/1.19/jersey-servlet-1.19.jar:/home/user/.m2/repository/com/sun/jersey/jersey-json/1.19/jersey-json-1.19.jar:/home/user/.m2/repository/org/codehaus/jettison/jettison/1.1/jettison-1.1.jar:/home/user/.m2/repository/org/codehaus/jackson/jackson-core-asl/1.9.13/jackson-core-asl-1.9.13.jar:/home/user/.m2/repository/org/codehaus/jackson/jackson-mapper-asl/1.9.13/jackson-mapper-asl-1.9.13.jar:/home/user/.m2/repository/org/codehaus/jackson/jackson-jaxrs/1.9.13/jackson-jaxrs-1.9.13.jar:/home/user/.m2/repository/org/codehaus/jackson/jackson-xc/1.9.13/jackson-xc-1.9.13.jar:/home/user/.m2/repository/commons-logging/commons-logging/1.1.3/commons-logging-1.1.3.jar:/home/user/.m2/repository/commons-beanutils/commons-beanutils/1.9.4/commons-beanutils-1.9.4.jar:/home/user/.m2/repository/org/apache/commons/commons-configuration2/2.1.1/commons-configuration2-2.1.1.jar:/home/user/.m2/repository/org/apache/commons/commons-lang3/3.7/commons-lang3-3.7.jar:/home/user/.m2/repository/org/apache/commons/commons-text/1.4/commons-text-1.4.jar:/home/user/.m2/repository/org/apache/avro/avro/1.7.7/avro-1.7.7.jar:/home/user/.m2/repository/com/thoughtworks/paranamer/paranamer/2.3/paranamer-2.3.jar:/home/user/.m2/repository/org/xerial/snappy/snappy-java/1.0.5/snappy-java-1.0.5.jar:/home/user/.m2/repository/com/google/re2j/re2j/1.1/re2j-1.1.jar:/home/user/.m2/repository/com/google/code/gson/gson/2.2.4/gson-2.2.4.jar:/home/user/.m2/repository/com/jcraft/jsch/0.1.54/jsch-0.1.54.jar:/home/user/.m2/repository/org/apache/curator/curator-client/2.12.0/curator-client-2.12.0.jar:/home/user/.m2/repository/org/apache/curator/curator-recipes/2.12.0/curator-recipes-2.12.0.jar:/home/user/.m2/repository/com/google/code/findbugs/jsr305/3.0.0/jsr305-3.0.0.jar:/home/user/.m2/repository/org/apache/htrace/htrace-core4/4.1.0-incubating/htrace-core4-4.1.0-incubating.jar:/home/user/.m2/repository/org/apache/zookeeper/zookeeper/3.4.13/zookeeper-3.4.13.jar:/home/user/.m2/repository/jline/jline/0.9.94/jline-0.9.94.jar:/home/user/.m2/repository/org/apache/yetus/audience-annotations/0.5.0/audience-annotations-0.5.0.jar:/home/user/.m2/repository/org/codehaus/woodstox/stax2-api/3.1.4/stax2-api-3.1.4.jar:/home/user/.m2/repository/com/fasterxml/woodstox/woodstox-core/5.0.3/woodstox-core-5.0.3.jar:/home/user/.m2/repository/dnsjava/dnsjava/2.1.7/dnsjava-2.1.7.jar:/home/user/.m2/repository/org/apache/hadoop/hadoop-hdfs/3.2.0/hadoop-hdfs-3.2.0-tests.jar:/home/user/.m2/repository/org/eclipse/jetty/jetty-util-ajax/9.3.25.v20180904/jetty-util-ajax-9.3.25.v20180904.jar:/home/user/.m2/repository/commons-daemon/commons-daemon/1.0.13/commons-daemon-1.0.13.jar:/home/user/.m2/repository/io/netty/netty/3.10.5.Final/netty-3.10.5.Final.jar:/home/user/.m2/repository/io/netty/netty-all/4.0.52.Final/netty-all-4.0.52.Final.jar:/home/user/.m2/repository/org/fusesource/leveldbjni/leveldbjni-all/1.8/leveldbjni-all-1.8.jar:"/>
    <property name="java.vm.vendor" value="IcedTea"/>
    <property name="sun.arch.data.model" value="64"/>
    <property name="test.build.dir" value="/workdir/hadoop-ozone/integration-test/target/test-dir"/>
    <property name="test.cache.data" value=""/>
    <property name="java.vendor.url" value="https://icedtea.classpath.org"/>
    <property name="user.timezone" value=""/>
    <property name="java.vm.specification.version" value="1.8"/>
    <property name="os.name" value="Linux"/>
    <property name="test.build.data" value="/workdir/hadoop-ozone/integration-test/target/test-dir"/>
    <property name="user.country" value="US"/>
    <property name="sun.java.launcher" value="SUN_STANDARD"/>
    <property name="sun.boot.library.path" value="/usr/lib/jvm/java-1.8-openjdk/jre/lib/amd64"/>
    <property name="sun.java.command" value="/workdir/hadoop-ozone/integration-test/target/surefire/surefirebooter7466267659064879091.jar /workdir/hadoop-ozone/integration-test/target/surefire 2019-10-01T16-51-08_921-jvmRun1 surefire7530803187941524015tmp surefire_655628824397302439384tmp"/>
    <property name="test" value="!TestMiniChaosOzoneCluster"/>
    <property name="surefire.test.class.path" value="/workdir/hadoop-ozone/integration-test/target/test-classes:/workdir/hadoop-ozone/integration-test/target/classes:/home/user/.m2/repository/org/apache/hadoop/hadoop-ozone-common/0.5.0-SNAPSHOT/hadoop-ozone-common-0.5.0-SNAPSHOT.jar:/home/user/.m2/repository/org/apache/commons/commons-compress/1.4.1/commons-compress-1.4.1.jar:/home/user/.m2/repository/org/tukaani/xz/1.0/xz-1.0.jar:/home/user/.m2/repository/org/apache/hadoop/hadoop-common/3.2.0/hadoop-common-3.2.0.jar:/home/user/.m2/repository/org/apache/hadoop/hadoop-hdfs/3.2.0/hadoop-hdfs-3.2.0.jar:/home/user/.m2/repository/org/apache/hadoop/hadoop-hdfs-client/3.2.0/hadoop-hdfs-client-3.2.0.jar:/home/user/.m2/repository/com/fasterxml/jackson/core/jackson-annotations/2.9.9/jackson-annotations-2.9.9.jar:/home/user/.m2/repository/org/apache/hadoop/hadoop-hdds-common/0.5.0-SNAPSHOT/hadoop-hdds-common-0.5.0-SNAPSHOT.jar:/home/user/.m2/repository/javax/annotation/javax.annotation-api/1.2/javax.annotation-api-1.2.jar:/home/user/.m2/repository/org/apache/ratis/ratis-server/0.5.0-201fc85-SNAPSHOT/ratis-server-0.5.0-201fc85-SNAPSHOT.jar:/home/user/.m2/repository/org/apache/ratis/ratis-thirdparty-misc/0.2.0/ratis-thirdparty-misc-0.2.0.jar:/home/user/.m2/repository/org/apache/ratis/ratis-proto/0.5.0-201fc85-SNAPSHOT/ratis-proto-0.5.0-201fc85-SNAPSHOT.jar:/home/user/.m2/repository/org/apache/ratis/ratis-common/0.5.0-201fc85-SNAPSHOT/ratis-common-0.5.0-201fc85-SNAPSHOT.jar:/home/user/.m2/repository/org/apache/ratis/ratis-client/0.5.0-201fc85-SNAPSHOT/ratis-client-0.5.0-201fc85-SNAPSHOT.jar:/home/user/.m2/repository/org/apache/ratis/ratis-metrics/0.5.0-201fc85-SNAPSHOT/ratis-metrics-0.5.0-201fc85-SNAPSHOT.jar:/home/user/.m2/repository/com/github/joshelser/dropwizard-metrics-hadoop-metrics2-reporter/0.1.2/dropwizard-metrics-hadoop-metrics2-reporter-0.1.2.jar:/home/user/.m2/repository/io/dropwizard/metrics/metrics-jvm/3.2.5/metrics-jvm-3.2.5.jar:/home/user/.m2/repository/io/dropwizard/metrics/metrics-ganglia/3.2.5/metrics-ganglia-3.2.5.jar:/home/user/.m2/repository/info/ganglia/gmetric4j/gmetric4j/1.0.7/gmetric4j-1.0.7.jar:/home/user/.m2/repository/org/apache/ratis/ratis-netty/0.5.0-201fc85-SNAPSHOT/ratis-netty-0.5.0-201fc85-SNAPSHOT.jar:/home/user/.m2/repository/org/apache/ratis/ratis-grpc/0.5.0-201fc85-SNAPSHOT/ratis-grpc-0.5.0-201fc85-SNAPSHOT.jar:/home/user/.m2/repository/org/rocksdb/rocksdbjni/6.0.1/rocksdbjni-6.0.1.jar:/home/user/.m2/repository/org/apache/logging/log4j/log4j-api/2.11.0/log4j-api-2.11.0.jar:/home/user/.m2/repository/org/apache/logging/log4j/log4j-core/2.11.0/log4j-core-2.11.0.jar:/home/user/.m2/repository/com/lmax/disruptor/3.4.2/disruptor-3.4.2.jar:/home/user/.m2/repository/org/apache/commons/commons-pool2/2.6.0/commons-pool2-2.6.0.jar:/home/user/.m2/repository/org/bouncycastle/bcpkix-jdk15on/1.60/bcpkix-jdk15on-1.60.jar:/home/user/.m2/repository/commons-validator/commons-validator/1.6/commons-validator-1.6.jar:/home/user/.m2/repository/commons-digester/commons-digester/1.8.1/commons-digester-1.8.1.jar:/home/user/.m2/repository/io/jaegertracing/jaeger-client/0.34.0/jaeger-client-0.34.0.jar:/home/user/.m2/repository/io/jaegertracing/jaeger-thrift/0.34.0/jaeger-thrift-0.34.0.jar:/home/user/.m2/repository/org/apache/thrift/libthrift/0.12.0/libthrift-0.12.0.jar:/home/user/.m2/repository/com/squareup/okhttp3/okhttp/3.9.0/okhttp-3.9.0.jar:/home/user/.m2/repository/com/squareup/okio/okio/1.13.0/okio-1.13.0.jar:/home/user/.m2/repository/io/jaegertracing/jaeger-core/0.34.0/jaeger-core-0.34.0.jar:/home/user/.m2/repository/io/jaegertracing/jaeger-tracerresolver/0.34.0/jaeger-tracerresolver-0.34.0.jar:/home/user/.m2/repository/io/opentracing/contrib/opentracing-tracerresolver/0.1.5/opentracing-tracerresolver-0.1.5.jar:/home/user/.m2/repository/io/opentracing/opentracing-util/0.31.0/opentracing-util-0.31.0.jar:/home/user/.m2/repository/io/opentracing/opentracing-api/0.31.0/opentracing-api-0.31.0.jar:/home/user/.m2/repository/io/opentracing/opentracing-noop/0.31.0/opentracing-noop-0.31.0.jar:/home/user/.m2/repository/org/apache/hadoop/hadoop-hdds-server-framework/0.5.0-SNAPSHOT/hadoop-hdds-server-framework-0.5.0-SNAPSHOT.jar:/home/user/.m2/repository/org/apache/hadoop/hadoop-hdds-container-service/0.5.0-SNAPSHOT/hadoop-hdds-container-service-0.5.0-SNAPSHOT.jar:/home/user/.m2/repository/org/apache/hadoop/hadoop-hdds-client/0.5.0-SNAPSHOT/hadoop-hdds-client-0.5.0-SNAPSHOT.jar:/home/user/.m2/repository/org/apache/hadoop/hadoop-hdds-tools/0.5.0-SNAPSHOT/hadoop-hdds-tools-0.5.0-SNAPSHOT.jar:/home/user/.m2/repository/org/apache/hadoop/hadoop-hdds-server-scm/0.5.0-SNAPSHOT/hadoop-hdds-server-scm-0.5.0-SNAPSHOT.jar:/home/user/.m2/repository/org/apache/hadoop/hadoop-hdds-docs/0.5.0-SNAPSHOT/hadoop-hdds-docs-0.5.0-SNAPSHOT.jar:/home/user/.m2/repository/io/dropwizard/metrics/metrics-core/3.2.4/metrics-core-3.2.4.jar:/home/user/.m2/repository/org/hamcrest/hamcrest-all/1.3/hamcrest-all-1.3.jar:/home/user/.m2/repository/org/bouncycastle/bcprov-jdk15on/1.60/bcprov-jdk15on-1.60.jar:/home/user/.m2/repository/info/picocli/picocli/3.9.6/picocli-3.9.6.jar:/home/user/.m2/repository/com/google/protobuf/protobuf-java/2.5.0/protobuf-java-2.5.0.jar:/home/user/.m2/repository/com/google/guava/guava/11.0.2/guava-11.0.2.jar:/home/user/.m2/repository/org/apache/hadoop/hadoop-ozone-ozone-manager/0.5.0-SNAPSHOT/hadoop-ozone-ozone-manager-0.5.0-SNAPSHOT.jar:/home/user/.m2/repository/org/apache/hadoop/hadoop-minikdc/3.2.0/hadoop-minikdc-3.2.0.jar:/home/user/.m2/repository/commons-io/commons-io/2.5/commons-io-2.5.jar:/home/user/.m2/repository/org/apache/kerby/kerb-simplekdc/1.0.1/kerb-simplekdc-1.0.1.jar:/home/user/.m2/repository/org/apache/kerby/kerb-client/1.0.1/kerb-client-1.0.1.jar:/home/user/.m2/repository/org/apache/kerby/kerby-config/1.0.1/kerby-config-1.0.1.jar:/home/user/.m2/repository/org/apache/kerby/kerb-core/1.0.1/kerb-core-1.0.1.jar:/home/user/.m2/repository/org/apache/kerby/kerby-pkix/1.0.1/kerby-pkix-1.0.1.jar:/home/user/.m2/repository/org/apache/kerby/kerby-asn1/1.0.1/kerby-asn1-1.0.1.jar:/home/user/.m2/repository/org/apache/kerby/kerby-util/1.0.1/kerby-util-1.0.1.jar:/home/user/.m2/repository/org/apache/kerby/kerb-common/1.0.1/kerb-common-1.0.1.jar:/home/user/.m2/repository/org/apache/kerby/kerb-crypto/1.0.1/kerb-crypto-1.0.1.jar:/home/user/.m2/repository/org/apache/kerby/kerb-util/1.0.1/kerb-util-1.0.1.jar:/home/user/.m2/repository/org/apache/kerby/token-provider/1.0.1/token-provider-1.0.1.jar:/home/user/.m2/repository/org/apache/kerby/kerb-admin/1.0.1/kerb-admin-1.0.1.jar:/home/user/.m2/repository/org/apache/kerby/kerb-server/1.0.1/kerb-server-1.0.1.jar:/home/user/.m2/repository/org/apache/kerby/kerb-identity/1.0.1/kerb-identity-1.0.1.jar:/home/user/.m2/repository/org/apache/kerby/kerby-xdr/1.0.1/kerby-xdr-1.0.1.jar:/home/user/.m2/repository/org/slf4j/slf4j-log4j12/1.7.25/slf4j-log4j12-1.7.25.jar:/home/user/.m2/repository/org/apache/hadoop/hadoop-ozone-s3gateway/0.5.0-SNAPSHOT/hadoop-ozone-s3gateway-0.5.0-SNAPSHOT.jar:/home/user/.m2/repository/org/jboss/weld/servlet/weld-servlet/2.4.7.Final/weld-servlet-2.4.7.Final.jar:/home/user/.m2/repository/org/glassfish/jersey/containers/jersey-container-servlet-core/2.27/jersey-container-servlet-core-2.27.jar:/home/user/.m2/repository/org/glassfish/hk2/external/javax.inject/2.5.0-b42/javax.inject-2.5.0-b42.jar:/home/user/.m2/repository/org/glassfish/jersey/core/jersey-common/2.27/jersey-common-2.27.jar:/home/user/.m2/repository/org/glassfish/hk2/osgi-resource-locator/1.0.1/osgi-resource-locator-1.0.1.jar:/home/user/.m2/repository/javax/ws/rs/javax.ws.rs-api/2.1/javax.ws.rs-api-2.1.jar:/home/user/.m2/repository/org/glassfish/jersey/ext/cdi/jersey-cdi1x/2.27/jersey-cdi1x-2.27.jar:/home/user/.m2/repository/org/glassfish/jersey/inject/jersey-hk2/2.27/jersey-hk2-2.27.jar:/home/user/.m2/repository/org/glassfish/hk2/hk2-locator/2.5.0-b42/hk2-locator-2.5.0-b42.jar:/home/user/.m2/repository/org/javassist/javassist/3.22.0-CR2/javassist-3.22.0-CR2.jar:/home/user/.m2/repository/org/glassfish/hk2/hk2-api/2.5.0/hk2-api-2.5.0.jar:/home/user/.m2/repository/org/glassfish/hk2/external/jakarta.inject/2.5.0/jakarta.inject-2.5.0.jar:/home/user/.m2/repository/org/glassfish/hk2/hk2-utils/2.5.0/hk2-utils-2.5.0.jar:/home/user/.m2/repository/jakarta/annotation/jakarta.annotation-api/1.3.4/jakarta.annotation-api-1.3.4.jar:/home/user/.m2/repository/org/glassfish/hk2/external/aopalliance-repackaged/2.5.0/aopalliance-repackaged-2.5.0.jar:/home/user/.m2/repository/com/fasterxml/jackson/dataformat/jackson-dataformat-xml/2.9.0/jackson-dataformat-xml-2.9.0.jar:/home/user/.m2/repository/com/fasterxml/jackson/core/jackson-core/2.9.9/jackson-core-2.9.9.jar:/home/user/.m2/repository/com/fasterxml/jackson/module/jackson-module-jaxb-annotations/2.9.9/jackson-module-jaxb-annotations-2.9.9.jar:/home/user/.m2/repository/javax/enterprise/cdi-api/1.2/cdi-api-1.2.jar:/home/user/.m2/repository/javax/el/javax.el-api/3.0.0/javax.el-api-3.0.0.jar:/home/user/.m2/repository/javax/interceptor/javax.interceptor-api/1.2/javax.interceptor-api-1.2.jar:/home/user/.m2/repository/javax/inject/javax.inject/1/javax.inject-1.jar:/home/user/.m2/repository/com/sun/xml/bind/jaxb-impl/2.3.0.1/jaxb-impl-2.3.0.1.jar:/home/user/.m2/repository/com/sun/xml/bind/jaxb-core/2.3.0.1/jaxb-core-2.3.0.1.jar:/home/user/.m2/repository/javax/xml/bind/jaxb-api/2.3.0/jaxb-api-2.3.0.jar:/home/user/.m2/repository/javax/activation/activation/1.1.1/activation-1.1.1.jar:/home/user/.m2/repository/org/apache/hadoop/hadoop-ozone-csi/0.5.0-SNAPSHOT/hadoop-ozone-csi-0.5.0-SNAPSHOT.jar:/home/user/.m2/repository/com/google/protobuf/protobuf-java-util/3.5.1/protobuf-java-util-3.5.1.jar:/home/user/.m2/repository/org/apache/hadoop/hadoop-hdds-config/0.5.0-SNAPSHOT/hadoop-hdds-config-0.5.0-SNAPSHOT.jar:/home/user/.m2/repository/io/grpc/grpc-netty/1.17.1/grpc-netty-1.17.1.jar:/home/user/.m2/repository/io/grpc/grpc-core/1.17.1/grpc-core-1.17.1.jar:/home/user/.m2/repository/io/grpc/grpc-context/1.17.1/grpc-context-1.17.1.jar:/home/user/.m2/repository/com/google/errorprone/error_prone_annotations/2.2.0/error_prone_annotations-2.2.0.jar:/home/user/.m2/repository/org/codehaus/mojo/animal-sniffer-annotations/1.17/animal-sniffer-annotations-1.17.jar:/home/user/.m2/repository/io/opencensus/opencensus-api/0.17.0/opencensus-api-0.17.0.jar:/home/user/.m2/repository/io/opencensus/opencensus-contrib-grpc-metrics/0.17.0/opencensus-contrib-grpc-metrics-0.17.0.jar:/home/user/.m2/repository/io/netty/netty-codec-http2/4.1.30.Final/netty-codec-http2-4.1.30.Final.jar:/home/user/.m2/repository/io/netty/netty-codec-http/4.1.30.Final/netty-codec-http-4.1.30.Final.jar:/home/user/.m2/repository/io/netty/netty-codec/4.1.30.Final/netty-codec-4.1.30.Final.jar:/home/user/.m2/repository/io/netty/netty-handler/4.1.30.Final/netty-handler-4.1.30.Final.jar:/home/user/.m2/repository/io/netty/netty-handler-proxy/4.1.30.Final/netty-handler-proxy-4.1.30.Final.jar:/home/user/.m2/repository/io/netty/netty-codec-socks/4.1.30.Final/netty-codec-socks-4.1.30.Final.jar:/home/user/.m2/repository/io/netty/netty-transport-native-epoll/4.1.30.Final/netty-transport-native-epoll-4.1.30.Final.jar:/home/user/.m2/repository/io/netty/netty-common/4.1.30.Final/netty-common-4.1.30.Final.jar:/home/user/.m2/repository/io/netty/netty-buffer/4.1.30.Final/netty-buffer-4.1.30.Final.jar:/home/user/.m2/repository/io/netty/netty-transport/4.1.30.Final/netty-transport-4.1.30.Final.jar:/home/user/.m2/repository/io/netty/netty-resolver/4.1.30.Final/netty-resolver-4.1.30.Final.jar:/home/user/.m2/repository/io/netty/netty-transport-native-unix-common/4.1.30.Final/netty-transport-native-unix-common-4.1.30.Final.jar:/home/user/.m2/repository/io/grpc/grpc-protobuf/1.17.1/grpc-protobuf-1.17.1.jar:/home/user/.m2/repository/com/google/api/grpc/proto-google-common-protos/1.0.0/proto-google-common-protos-1.0.0.jar:/home/user/.m2/repository/io/grpc/grpc-protobuf-lite/1.17.1/grpc-protobuf-lite-1.17.1.jar:/home/user/.m2/repository/io/grpc/grpc-stub/1.17.1/grpc-stub-1.17.1.jar:/home/user/.m2/repository/org/apache/hadoop/hadoop-ozone-recon/0.5.0-SNAPSHOT/hadoop-ozone-recon-0.5.0-SNAPSHOT.jar:/home/user/.m2/repository/org/apache/hadoop/hadoop-ozone-reconcodegen/0.5.0-SNAPSHOT/hadoop-ozone-reconcodegen-0.5.0-SNAPSHOT.jar:/home/user/.m2/repository/com/google/inject/extensions/guice-multibindings/4.0/guice-multibindings-4.0.jar:/home/user/.m2/repository/com/google/inject/guice/4.0/guice-4.0.jar:/home/user/.m2/repository/aopalliance/aopalliance/1.0/aopalliance-1.0.jar:/home/user/.m2/repository/com/google/inject/extensions/guice-servlet/4.0/guice-servlet-4.0.jar:/home/user/.m2/repository/org/glassfish/jersey/containers/jersey-container-servlet/2.27/jersey-container-servlet-2.27.jar:/home/user/.m2/repository/org/glassfish/hk2/guice-bridge/2.5.0/guice-bridge-2.5.0.jar:/home/user/.m2/repository/org/glassfish/jersey/core/jersey-server/2.27/jersey-server-2.27.jar:/home/user/.m2/repository/org/glassfish/jersey/core/jersey-client/2.27/jersey-client-2.27.jar:/home/user/.m2/repository/org/glassfish/jersey/media/jersey-media-jaxb/2.27/jersey-media-jaxb-2.27.jar:/home/user/.m2/repository/javax/validation/validation-api/1.1.0.Final/validation-api-1.1.0.Final.jar:/home/user/.m2/repository/org/glassfish/jersey/media/jersey-media-json-jackson/2.27/jersey-media-json-jackson-2.27.jar:/home/user/.m2/repository/org/glassfish/jersey/ext/jersey-entity-filtering/2.27/jersey-entity-filtering-2.27.jar:/home/user/.m2/repository/com/google/inject/extensions/guice-assistedinject/4.0/guice-assistedinject-4.0.jar:/home/user/.m2/repository/org/jooq/jooq/3.11.10/jooq-3.11.10.jar:/home/user/.m2/repository/org/jooq/jooq-meta/3.11.10/jooq-meta-3.11.10.jar:/home/user/.m2/repository/org/jooq/jooq-codegen/3.11.10/jooq-codegen-3.11.10.jar:/home/user/.m2/repository/com/jolbox/bonecp/0.8.0.RELEASE/bonecp-0.8.0.RELEASE.jar:/home/user/.m2/repository/org/xerial/sqlite-jdbc/3.25.2/sqlite-jdbc-3.25.2.jar:/home/user/.m2/repository/org/springframework/spring-jdbc/5.1.3.RELEASE/spring-jdbc-5.1.3.RELEASE.jar:/home/user/.m2/repository/org/springframework/spring-beans/5.1.3.RELEASE/spring-beans-5.1.3.RELEASE.jar:/home/user/.m2/repository/org/springframework/spring-core/5.1.3.RELEASE/spring-core-5.1.3.RELEASE.jar:/home/user/.m2/repository/org/springframework/spring-jcl/5.1.3.RELEASE/spring-jcl-5.1.3.RELEASE.jar:/home/user/.m2/repository/org/springframework/spring-tx/5.1.3.RELEASE/spring-tx-5.1.3.RELEASE.jar:/home/user/.m2/repository/org/apache/hadoop/hadoop-ozone-client/0.5.0-SNAPSHOT/hadoop-ozone-client-0.5.0-SNAPSHOT.jar:/home/user/.m2/repository/commons-lang/commons-lang/2.6/commons-lang-2.6.jar:/home/user/.m2/repository/org/apache/hadoop/hadoop-ozone-ozone-manager/0.5.0-SNAPSHOT/hadoop-ozone-ozone-manager-0.5.0-SNAPSHOT-tests.jar:/home/user/.m2/repository/junit/junit/4.11/junit-4.11.jar:/home/user/.m2/repository/org/hamcrest/hamcrest-core/1.3/hamcrest-core-1.3.jar:/home/user/.m2/repository/org/openjdk/jmh/jmh-core/1.19/jmh-core-1.19.jar:/home/user/.m2/repository/net/sf/jopt-simple/jopt-simple/4.6/jopt-simple-4.6.jar:/home/user/.m2/repository/org/apache/commons/commons-math3/3.1.1/commons-math3-3.1.1.jar:/home/user/.m2/repository/org/openjdk/jmh/jmh-generator-annprocess/1.19/jmh-generator-annprocess-1.19.jar:/home/user/.m2/repository/org/mockito/mockito-all/1.8.5/mockito-all-1.8.5.jar:/home/user/.m2/repository/org/apache/hadoop/hadoop-kms/3.2.0/hadoop-kms-3.2.0.jar:/home/user/.m2/repository/org/apache/hadoop/hadoop-auth/3.2.0/hadoop-auth-3.2.0.jar:/home/user/.m2/repository/com/nimbusds/nimbus-jose-jwt/4.41.1/nimbus-jose-jwt-4.41.1.jar:/home/user/.m2/repository/com/github/stephenc/jcip/jcip-annotations/1.0-1/jcip-annotations-1.0-1.jar:/home/user/.m2/repository/net/minidev/json-smart/2.3/json-smart-2.3.jar:/home/user/.m2/repository/net/minidev/accessors-smart/1.2/accessors-smart-1.2.jar:/home/user/.m2/repository/org/ow2/asm/asm/5.0.4/asm-5.0.4.jar:/home/user/.m2/repository/org/apache/curator/curator-framework/2.12.0/curator-framework-2.12.0.jar:/home/user/.m2/repository/com/sun/jersey/jersey-core/1.19/jersey-core-1.19.jar:/home/user/.m2/repository/javax/ws/rs/jsr311-api/1.1.1/jsr311-api-1.1.1.jar:/home/user/.m2/repository/com/sun/jersey/jersey-server/1.19/jersey-server-1.19.jar:/home/user/.m2/repository/javax/servlet/javax.servlet-api/3.1.0/javax.servlet-api-3.1.0.jar:/home/user/.m2/repository/org/eclipse/jetty/jetty-server/9.3.25.v20180904/jetty-server-9.3.25.v20180904.jar:/home/user/.m2/repository/org/eclipse/jetty/jetty-http/9.3.25.v20180904/jetty-http-9.3.25.v20180904.jar:/home/user/.m2/repository/org/eclipse/jetty/jetty-io/9.3.25.v20180904/jetty-io-9.3.25.v20180904.jar:/home/user/.m2/repository/org/eclipse/jetty/jetty-webapp/9.3.25.v20180904/jetty-webapp-9.3.25.v20180904.jar:/home/user/.m2/repository/org/eclipse/jetty/jetty-xml/9.3.25.v20180904/jetty-xml-9.3.25.v20180904.jar:/home/user/.m2/repository/log4j/log4j/1.2.17/log4j-1.2.17.jar:/home/user/.m2/repository/org/slf4j/slf4j-api/1.7.25/slf4j-api-1.7.25.jar:/home/user/.m2/repository/org/slf4j/jul-to-slf4j/1.7.25/jul-to-slf4j-1.7.25.jar:/home/user/.m2/repository/org/eclipse/jetty/jetty-util/9.3.25.v20180904/jetty-util-9.3.25.v20180904.jar:/home/user/.m2/repository/com/fasterxml/jackson/core/jackson-databind/2.9.9/jackson-databind-2.9.9.jar:/home/user/.m2/repository/org/apache/hadoop/hadoop-kms/3.2.0/hadoop-kms-3.2.0-tests.jar:/home/user/.m2/repository/org/apache/hadoop/hadoop-hdds-server-scm/0.5.0-SNAPSHOT/hadoop-hdds-server-scm-0.5.0-SNAPSHOT-tests.jar:/home/user/.m2/repository/org/apache/hadoop/hadoop-hdds-container-service/0.5.0-SNAPSHOT/hadoop-hdds-container-service-0.5.0-SNAPSHOT-tests.jar:/home/user/.m2/repository/org/yaml/snakeyaml/1.16/snakeyaml-1.16.jar:/home/user/.m2/repository/org/apache/hadoop/hadoop-common/3.2.0/hadoop-common-3.2.0-tests.jar:/home/user/.m2/repository/org/apache/hadoop/hadoop-annotations/3.2.0/hadoop-annotations-3.2.0.jar:/usr/lib/jvm/java-1.8-openjdk/jre/../lib/tools.jar:/home/user/.m2/repository/commons-cli/commons-cli/1.2/commons-cli-1.2.jar:/home/user/.m2/repository/org/apache/httpcomponents/httpclient/4.5.2/httpclient-4.5.2.jar:/home/user/.m2/repository/org/apache/httpcomponents/httpcore/4.4.4/httpcore-4.4.4.jar:/home/user/.m2/repository/commons-codec/commons-codec/1.11/commons-codec-1.11.jar:/home/user/.m2/repository/commons-net/commons-net/3.6/commons-net-3.6.jar:/home/user/.m2/repository/commons-collections/commons-collections/3.2.2/commons-collections-3.2.2.jar:/home/user/.m2/repository/org/eclipse/jetty/jetty-servlet/9.3.25.v20180904/jetty-servlet-9.3.25.v20180904.jar:/home/user/.m2/repository/org/eclipse/jetty/jetty-security/9.3.25.v20180904/jetty-security-9.3.25.v20180904.jar:/home/user/.m2/repository/javax/servlet/jsp/jsp-api/2.1/jsp-api-2.1.jar:/home/user/.m2/repository/com/sun/jersey/jersey-servlet/1.19/jersey-servlet-1.19.jar:/home/user/.m2/repository/com/sun/jersey/jersey-json/1.19/jersey-json-1.19.jar:/home/user/.m2/repository/org/codehaus/jettison/jettison/1.1/jettison-1.1.jar:/home/user/.m2/repository/org/codehaus/jackson/jackson-core-asl/1.9.13/jackson-core-asl-1.9.13.jar:/home/user/.m2/repository/org/codehaus/jackson/jackson-mapper-asl/1.9.13/jackson-mapper-asl-1.9.13.jar:/home/user/.m2/repository/org/codehaus/jackson/jackson-jaxrs/1.9.13/jackson-jaxrs-1.9.13.jar:/home/user/.m2/repository/org/codehaus/jackson/jackson-xc/1.9.13/jackson-xc-1.9.13.jar:/home/user/.m2/repository/commons-logging/commons-logging/1.1.3/commons-logging-1.1.3.jar:/home/user/.m2/repository/commons-beanutils/commons-beanutils/1.9.4/commons-beanutils-1.9.4.jar:/home/user/.m2/repository/org/apache/commons/commons-configuration2/2.1.1/commons-configuration2-2.1.1.jar:/home/user/.m2/repository/org/apache/commons/commons-lang3/3.7/commons-lang3-3.7.jar:/home/user/.m2/repository/org/apache/commons/commons-text/1.4/commons-text-1.4.jar:/home/user/.m2/repository/org/apache/avro/avro/1.7.7/avro-1.7.7.jar:/home/user/.m2/repository/com/thoughtworks/paranamer/paranamer/2.3/paranamer-2.3.jar:/home/user/.m2/repository/org/xerial/snappy/snappy-java/1.0.5/snappy-java-1.0.5.jar:/home/user/.m2/repository/com/google/re2j/re2j/1.1/re2j-1.1.jar:/home/user/.m2/repository/com/google/code/gson/gson/2.2.4/gson-2.2.4.jar:/home/user/.m2/repository/com/jcraft/jsch/0.1.54/jsch-0.1.54.jar:/home/user/.m2/repository/org/apache/curator/curator-client/2.12.0/curator-client-2.12.0.jar:/home/user/.m2/repository/org/apache/curator/curator-recipes/2.12.0/curator-recipes-2.12.0.jar:/home/user/.m2/repository/com/google/code/findbugs/jsr305/3.0.0/jsr305-3.0.0.jar:/home/user/.m2/repository/org/apache/htrace/htrace-core4/4.1.0-incubating/htrace-core4-4.1.0-incubating.jar:/home/user/.m2/repository/org/apache/zookeeper/zookeeper/3.4.13/zookeeper-3.4.13.jar:/home/user/.m2/repository/jline/jline/0.9.94/jline-0.9.94.jar:/home/user/.m2/repository/org/apache/yetus/audience-annotations/0.5.0/audience-annotations-0.5.0.jar:/home/user/.m2/repository/org/codehaus/woodstox/stax2-api/3.1.4/stax2-api-3.1.4.jar:/home/user/.m2/repository/com/fasterxml/woodstox/woodstox-core/5.0.3/woodstox-core-5.0.3.jar:/home/user/.m2/repository/dnsjava/dnsjava/2.1.7/dnsjava-2.1.7.jar:/home/user/.m2/repository/org/apache/hadoop/hadoop-hdfs/3.2.0/hadoop-hdfs-3.2.0-tests.jar:/home/user/.m2/repository/org/eclipse/jetty/jetty-util-ajax/9.3.25.v20180904/jetty-util-ajax-9.3.25.v20180904.jar:/home/user/.m2/repository/commons-daemon/commons-daemon/1.0.13/commons-daemon-1.0.13.jar:/home/user/.m2/repository/io/netty/netty/3.10.5.Final/netty-3.10.5.Final.jar:/home/user/.m2/repository/io/netty/netty-all/4.0.52.Final/netty-all-4.0.52.Final.jar:/home/user/.m2/repository/org/fusesource/leveldbjni/leveldbjni-all/1.8/leveldbjni-all-1.8.jar:"/>
    <property name="sun.cpu.endian" value="little"/>
    <property name="user.home" value="/home/user"/>
    <property name="user.language" value="en"/>
    <property name="java.specification.vendor" value="Oracle Corporation"/>
    <property name="java.home" value="/usr/lib/jvm/java-1.8-openjdk/jre"/>
    <property name="java.security.krb5.conf" value="/workdir/hadoop-ozone/integration-test/target/test-classes/krb5.conf"/>
    <property name="basedir" value="/workdir/hadoop-ozone/integration-test"/>
    <property name="file.separator" value="/"/>
    <property name="line.separator" value="&#10;"/>
    <property name="java.vm.specification.vendor" value="Oracle Corporation"/>
    <property name="java.specification.name" value="Java Platform API Specification"/>
    <property name="java.awt.graphicsenv" value="sun.awt.X11GraphicsEnvironment"/>
    <property name="surefire.real.class.path" value="/workdir/hadoop-ozone/integration-test/target/surefire/surefirebooter7466267659064879091.jar"/>
    <property name="hadoop.log.dir" value="/workdir/hadoop-ozone/integration-test/target/log"/>
    <property name="sun.boot.class.path" value="/usr/lib/jvm/java-1.8-openjdk/jre/lib/resources.jar:/usr/lib/jvm/java-1.8-openjdk/jre/lib/rt.jar:/usr/lib/jvm/java-1.8-openjdk/jre/lib/sunrsasign.jar:/usr/lib/jvm/java-1.8-openjdk/jre/lib/jsse.jar:/usr/lib/jvm/java-1.8-openjdk/jre/lib/jce.jar:/usr/lib/jvm/java-1.8-openjdk/jre/lib/charsets.jar:/usr/lib/jvm/java-1.8-openjdk/jre/lib/jfr.jar:/usr/lib/jvm/java-1.8-openjdk/jre/classes"/>
    <property name="sun.management.compiler" value="HotSpot 64-Bit Tiered Compilers"/>
    <property name="java.runtime.version" value="1.8.0_212-b04"/>
    <property name="java.net.preferIPv4Stack" value="true"/>
    <property name="user.name" value="jenkins1000"/>
    <property name="path.separator" value=":"/>
    <property name="java.security.egd" value="file:///dev/urandom"/>
    <property name="os.version" value="3.10.0-957.12.2.el7.x86_64"/>
    <property name="java.endorsed.dirs" value="/usr/lib/jvm/java-1.8-openjdk/jre/lib/endorsed"/>
    <property name="java.runtime.name" value="OpenJDK Runtime Environment"/>
    <property name="file.encoding" value="UTF-8"/>
    <property name="java.vm.name" value="OpenJDK 64-Bit Server VM"/>
    <property name="test.build.webapps" value=""/>
    <property name="localRepository" value="/home/user/.m2/repository"/>
    <property name="java.vendor.url.bug" value="https://icedtea.classpath.org/bugzilla"/>
    <property name="java.io.tmpdir" value="/tmp"/>
    <property name="require.test.libhadoop" value=""/>
    <property name="java.version" value="1.8.0_212"/>
    <property name="user.dir" value="/workdir/hadoop-ozone/integration-test"/>
    <property name="os.arch" value="amd64"/>
    <property name="java.vm.specification.name" value="Java Virtual Machine Specification"/>
    <property name="test.build.classes" value="/workdir/hadoop-ozone/integration-test/target/test-classes"/>
    <property name="java.awt.printerjob" value="sun.print.PSPrinterJob"/>
    <property name="sun.os.patch.level" value="unknown"/>
    <property name="hadoop.tmp.dir" value="/workdir/hadoop-ozone/integration-test/target/tmp"/>
    <property name="java.library.path" value="/usr/lib/jvm/java-1.8-openjdk/jre/lib/amd64/server:/usr/lib/jvm/java-1.8-openjdk/jre/lib/amd64:/usr/lib/jvm/java-1.8-openjdk/jre/../lib/amd64:/workdir/hadoop-ozone/integration-test/target/native/target/usr/local/lib:/workdir/hadoop-ozone/integration-test/../../hadoop-common-project/hadoop-common/target/native/target/usr/local/lib:/usr/java/packages/lib/amd64:/usr/lib64:/lib64:/lib:/usr/lib"/>
    <property name="java.vm.info" value="mixed mode"/>
    <property name="java.vendor" value="IcedTea"/>
    <property name="java.vm.version" value="25.212-b04"/>
    <property name="java.ext.dirs" value="/usr/lib/jvm/java-1.8-openjdk/jre/lib/ext:/usr/java/packages/lib/ext"/>
    <property name="sun.io.unicode.encoding" value="UnicodeLittle"/>
    <property name="java.class.version" value="52.0"/>
  </properties>
  <testcase name="test2DatanodesFailure" classname="org.apache.hadoop.ozone.client.rpc.TestBlockOutputStreamWithFailures" time="48.418"/>
  <testcase name="testDatanodeFailureWithPreAllocation" classname="org.apache.hadoop.ozone.client.rpc.TestBlockOutputStreamWithFailures" time="222.691"/>
  <testcase name="testDatanodeFailureWithSingleNodeRatis" classname="org.apache.hadoop.ozone.client.rpc.TestBlockOutputStreamWithFailures" time="221.82"/>
  <testcase name="testWatchForCommitWithSingleNodeRatis" classname="org.apache.hadoop.ozone.client.rpc.TestBlockOutputStreamWithFailures" time="35.049"/>
  <testcase name="testWatchForCommitDatanodeFailure" classname="org.apache.hadoop.ozone.client.rpc.TestBlockOutputStreamWithFailures" time="47.432">
    <failure message="expected:&lt;2&gt; but was:&lt;3&gt;" type="java.lang.AssertionError"><![CDATA[java.lang.AssertionError: expected:<2> but was:<3>
	at org.junit.Assert.fail(Assert.java:88)
	at org.junit.Assert.failNotEquals(Assert.java:743)
	at org.junit.Assert.assertEquals(Assert.java:118)
	at org.junit.Assert.assertEquals(Assert.java:555)
	at org.junit.Assert.assertEquals(Assert.java:542)
	at org.apache.hadoop.ozone.client.rpc.TestBlockOutputStreamWithFailures.testWatchForCommitDatanodeFailure(TestBlockOutputStreamWithFailures.java:366)
	at sun.reflect.NativeMethodAccessorImpl.invoke0(Native Method)
	at sun.reflect.NativeMethodAccessorImpl.invoke(NativeMethodAccessorImpl.java:62)
	at sun.reflect.DelegatingMethodAccessorImpl.invoke(DelegatingMethodAccessorImpl.java:43)
	at java.lang.reflect.Method.invoke(Method.java:498)
	at org.junit.runners.model.FrameworkMethod$1.runReflectiveCall(FrameworkMethod.java:47)
	at org.junit.internal.runners.model.ReflectiveCallable.run(ReflectiveCallable.java:12)
	at org.junit.runners.model.FrameworkMethod.invokeExplosively(FrameworkMethod.java:44)
	at org.junit.internal.runners.statements.InvokeMethod.evaluate(InvokeMethod.java:17)
	at org.junit.internal.runners.statements.RunBefores.evaluate(RunBefores.java:26)
	at org.junit.internal.runners.statements.RunAfters.evaluate(RunAfters.java:27)
	at org.junit.runners.ParentRunner.runLeaf(ParentRunner.java:271)
	at org.junit.runners.BlockJUnit4ClassRunner.runChild(BlockJUnit4ClassRunner.java:70)
	at org.junit.runners.BlockJUnit4ClassRunner.runChild(BlockJUnit4ClassRunner.java:50)
	at org.junit.runners.ParentRunner$3.run(ParentRunner.java:238)
	at org.junit.runners.ParentRunner$1.schedule(ParentRunner.java:63)
	at org.junit.runners.ParentRunner.runChildren(ParentRunner.java:236)
	at org.junit.runners.ParentRunner.access$000(ParentRunner.java:53)
	at org.junit.runners.ParentRunner$2.evaluate(ParentRunner.java:229)
	at org.junit.runners.ParentRunner.run(ParentRunner.java:309)
	at org.apache.maven.surefire.junit4.JUnit4Provider.execute(JUnit4Provider.java:365)
	at org.apache.maven.surefire.junit4.JUnit4Provider.executeWithRerun(JUnit4Provider.java:273)
	at org.apache.maven.surefire.junit4.JUnit4Provider.executeTestSet(JUnit4Provider.java:238)
	at org.apache.maven.surefire.junit4.JUnit4Provider.invoke(JUnit4Provider.java:159)
	at org.apache.maven.surefire.booter.ForkedBooter.invokeProviderInSameClassLoader(ForkedBooter.java:384)
	at org.apache.maven.surefire.booter.ForkedBooter.runSuitesInProcess(ForkedBooter.java:345)
	at org.apache.maven.surefire.booter.ForkedBooter.execute(ForkedBooter.java:126)
	at org.apache.maven.surefire.booter.ForkedBooter.main(ForkedBooter.java:418)
]]></failure>
    <system-out><![CDATA[2019-10-01 17:51:27,601 [main] WARN  server.ServerUtils (ServerUtils.java:getScmDbDir(145)) - ozone.scm.db.dirs is not configured. We recommend adding this setting. Falling back to ozone.metadata.dirs instead.
2019-10-01 17:51:27,616 [main] WARN  server.ServerUtils (ServerUtils.java:getScmDbDir(145)) - ozone.scm.db.dirs is not configured. We recommend adding this setting. Falling back to ozone.metadata.dirs instead.
2019-10-01 17:51:27,617 [main] WARN  server.ServerUtils (ServerUtils.java:getScmDbDir(145)) - ozone.scm.db.dirs is not configured. We recommend adding this setting. Falling back to ozone.metadata.dirs instead.
2019-10-01 17:51:27,617 [main] INFO  db.DBStoreBuilder (DBStoreBuilder.java:addTable(110)) - using custom profile for table: deletedBlocks
2019-10-01 17:51:27,618 [main] INFO  db.DBStoreBuilder (DBStoreBuilder.java:processTables(161)) - Using default column profile:DBProfile.DISK for Table:deletedBlocks
2019-10-01 17:51:27,618 [main] INFO  db.DBStoreBuilder (DBStoreBuilder.java:addTable(110)) - using custom profile for table: validCerts
2019-10-01 17:51:27,618 [main] INFO  db.DBStoreBuilder (DBStoreBuilder.java:processTables(161)) - Using default column profile:DBProfile.DISK for Table:validCerts
2019-10-01 17:51:27,618 [main] INFO  db.DBStoreBuilder (DBStoreBuilder.java:addTable(110)) - using custom profile for table: revokedCerts
2019-10-01 17:51:27,618 [main] INFO  db.DBStoreBuilder (DBStoreBuilder.java:processTables(161)) - Using default column profile:DBProfile.DISK for Table:revokedCerts
2019-10-01 17:51:27,619 [main] INFO  db.DBStoreBuilder (DBStoreBuilder.java:addTable(110)) - using custom profile for table: default
2019-10-01 17:51:27,619 [main] INFO  db.DBStoreBuilder (DBStoreBuilder.java:processTables(167)) - Using default column profile:DBProfile.DISK for Table:default
2019-10-01 17:51:27,619 [main] INFO  db.DBStoreBuilder (DBStoreBuilder.java:getDbProfile(198)) - Using default options. DBProfile.DISK
2019-10-01 17:51:27,830 [main] INFO  net.NodeSchemaLoader (NodeSchemaLoader.java:loadSchemaFromFile(125)) - Loading file from sun.misc.CompoundEnumeration@578a5ce8
2019-10-01 17:51:27,830 [main] INFO  net.NodeSchemaLoader (NodeSchemaLoader.java:loadSchema(171)) - Loading network topology layer schema file
2019-10-01 17:51:27,835 [main] INFO  node.SCMNodeManager (SCMNodeManager.java:<init>(114)) - Entering startup safe mode.
2019-10-01 17:51:27,836 [main] INFO  algorithms.ContainerPlacementPolicyFactory (ContainerPlacementPolicyFactory.java:getPolicy(57)) - Create container placement policy of type org.apache.hadoop.hdds.scm.container.placement.algorithms.SCMContainerPlacementRandom
2019-10-01 17:51:27,836 [main] WARN  server.ServerUtils (ServerUtils.java:getScmDbDir(145)) - ozone.scm.db.dirs is not configured. We recommend adding this setting. Falling back to ozone.metadata.dirs instead.
2019-10-01 17:51:27,912 [main] INFO  pipeline.SCMPipelineManager (SCMPipelineManager.java:initializePipelineState(132)) - No pipeline exists in current db
2019-10-01 17:51:27,912 [main] WARN  server.ServerUtils (ServerUtils.java:getScmDbDir(145)) - ozone.scm.db.dirs is not configured. We recommend adding this setting. Falling back to ozone.metadata.dirs instead.
2019-10-01 17:51:27,961 [main] WARN  events.EventQueue (EventQueue.java:fireEvent(183)) - No event handler registered for event TypedEvent{payloadType=SafeModeStatus, name='SafeModeStatus'}
2019-10-01 17:51:27,961 [main] INFO  ipc.CallQueueManager (CallQueueManager.java:<init>(84)) - Using callQueue: class java.util.concurrent.LinkedBlockingQueue, queueCapacity: 2000, scheduler: class org.apache.hadoop.ipc.DefaultRpcScheduler, ipcBackoff: false.
2019-10-01 17:51:27,962 [Socket Reader #1 for port 46767] INFO  ipc.Server (Server.java:run(1074)) - Starting Socket Reader #1 for port 46767
2019-10-01 17:51:27,964 [main] INFO  ipc.CallQueueManager (CallQueueManager.java:<init>(84)) - Using callQueue: class java.util.concurrent.LinkedBlockingQueue, queueCapacity: 2000, scheduler: class org.apache.hadoop.ipc.DefaultRpcScheduler, ipcBackoff: false.
2019-10-01 17:51:27,965 [Socket Reader #1 for port 36579] INFO  ipc.Server (Server.java:run(1074)) - Starting Socket Reader #1 for port 36579
2019-10-01 17:51:27,967 [main] INFO  ipc.CallQueueManager (CallQueueManager.java:<init>(84)) - Using callQueue: class java.util.concurrent.LinkedBlockingQueue, queueCapacity: 2000, scheduler: class org.apache.hadoop.ipc.DefaultRpcScheduler, ipcBackoff: false.
2019-10-01 17:51:27,967 [Socket Reader #1 for port 40544] INFO  ipc.Server (Server.java:run(1074)) - Starting Socket Reader #1 for port 40544
2019-10-01 17:51:27,970 [main] INFO  hdfs.DFSUtil (DFSUtil.java:httpServerTemplateForNNAndJN(1641)) - Starting Web-server for scm at: http://0.0.0.0:0
2019-10-01 17:51:27,972 [main] INFO  server.AuthenticationFilter (AuthenticationFilter.java:constructSecretProvider(240)) - Unable to initialize FileSignerSecretProvider, falling back to use random secrets.
2019-10-01 17:51:27,973 [main] WARN  http.HttpRequestLog (HttpRequestLog.java:getRequestLog(97)) - Jetty request log can only be enabled using Log4j
2019-10-01 17:51:27,975 [main] INFO  http.HttpServer2 (HttpServer2.java:addGlobalFilter(975)) - Added global filter 'safety' (class=org.apache.hadoop.http.HttpServer2$QuotingInputFilter)
2019-10-01 17:51:27,975 [main] INFO  http.HttpServer2 (HttpServer2.java:addFilter(948)) - Added filter static_user_filter (class=org.apache.hadoop.http.lib.StaticUserWebFilter$StaticUserFilter) to context scm
2019-10-01 17:51:27,975 [main] INFO  http.HttpServer2 (HttpServer2.java:addFilter(958)) - Added filter static_user_filter (class=org.apache.hadoop.http.lib.StaticUserWebFilter$StaticUserFilter) to context static
2019-10-01 17:51:27,976 [main] INFO  http.HttpServer2 (HttpServer2.java:addFilter(958)) - Added filter static_user_filter (class=org.apache.hadoop.http.lib.StaticUserWebFilter$StaticUserFilter) to context logs
2019-10-01 17:51:27,977 [main] INFO  server.StorageContainerManager (StorageContainerManager.java:start(770)) - StorageContainerLocationProtocol RPC server is listening at /0.0.0.0:40544
2019-10-01 17:51:27,979 [main] WARN  impl.MetricsConfig (MetricsConfig.java:loadFirst(134)) - Cannot locate configuration: tried hadoop-metrics2-storagecontainermanager.properties,hadoop-metrics2.properties
2019-10-01 17:51:27,980 [main] INFO  impl.MetricsSystemImpl (MetricsSystemImpl.java:startTimer(374)) - Scheduled Metric snapshot period at 10 second(s).
2019-10-01 17:51:27,980 [main] INFO  impl.MetricsSystemImpl (MetricsSystemImpl.java:start(191)) - StorageContainerManager metrics system started
2019-10-01 17:51:28,048 [main] WARN  impl.MetricsSystemImpl (MetricsSystemImpl.java:register(276)) - Sink prometheus already exists!
2019-10-01 17:51:28,140 [main] INFO  server.SCMClientProtocolServer (SCMClientProtocolServer.java:start(150)) - RPC server for Client  is listening at /0.0.0.0:40544
2019-10-01 17:51:28,140 [IPC Server Responder] INFO  ipc.Server (Server.java:run(1314)) - IPC Server Responder: starting
2019-10-01 17:51:28,140 [IPC Server listener on 40544] INFO  ipc.Server (Server.java:run(1153)) - IPC Server listener on 40544: starting
2019-10-01 17:51:28,144 [main] INFO  server.StorageContainerManager (StorageContainerManager.java:start(780)) - ScmBlockLocationProtocol RPC server is listening at /0.0.0.0:36579
2019-10-01 17:51:28,144 [main] INFO  server.SCMBlockProtocolServer (SCMBlockProtocolServer.java:start(146)) - RPC server for Block Protocol is listening at /0.0.0.0:36579
2019-10-01 17:51:28,144 [IPC Server Responder] INFO  ipc.Server (Server.java:run(1314)) - IPC Server Responder: starting
2019-10-01 17:51:28,145 [IPC Server listener on 36579] INFO  ipc.Server (Server.java:run(1153)) - IPC Server listener on 36579: starting
2019-10-01 17:51:28,148 [main] INFO  server.StorageContainerManager (StorageContainerManager.java:start(784)) - ScmDatanodeProtocl RPC server is listening at /0.0.0.0:46767
2019-10-01 17:51:28,148 [main] INFO  server.SCMDatanodeProtocolServer (SCMDatanodeProtocolServer.java:start(191)) - RPC server for DataNodes is listening at /0.0.0.0:46767
2019-10-01 17:51:28,149 [IPC Server Responder] INFO  ipc.Server (Server.java:run(1314)) - IPC Server Responder: starting
2019-10-01 17:51:28,150 [IPC Server listener on 46767] INFO  ipc.Server (Server.java:run(1153)) - IPC Server listener on 46767: starting
2019-10-01 17:51:28,153 [main] INFO  http.HttpServer2 (HttpServer2.java:bindListener(1191)) - Jetty bound to port 46169
2019-10-01 17:51:28,153 [main] INFO  server.Server (Server.java:doStart(351)) - jetty-9.3.25.v20180904, build timestamp: 2018-09-04T21:11:46Z, git hash: 3ce520221d0240229c862b122d2b06c12a625732
2019-10-01 17:51:28,155 [main] INFO  handler.ContextHandler (ContextHandler.java:doStart(781)) - Started o.e.j.s.ServletContextHandler@2fd9fb34{/logs,file:///workdir/hadoop-ozone/integration-test/target/log,AVAILABLE}
2019-10-01 17:51:28,156 [main] INFO  handler.ContextHandler (ContextHandler.java:doStart(781)) - Started o.e.j.s.ServletContextHandler@20349058{/static,file:///workdir/hadoop-ozone/integration-test/target/test-classes/webapps/static,AVAILABLE}
2019-10-01 17:51:28,159 [main] INFO  handler.ContextHandler (ContextHandler.java:doStart(781)) - Started o.e.j.w.WebAppContext@787988f4{/,file:///workdir/hadoop-ozone/integration-test/target/test-classes/webapps/scm/,AVAILABLE}{/scm}
2019-10-01 17:51:28,160 [main] INFO  server.AbstractConnector (AbstractConnector.java:doStart(278)) - Started ServerConnector@132e3594{HTTP/1.1,[http/1.1]}{0.0.0.0:46169}
2019-10-01 17:51:28,162 [main] INFO  server.Server (Server.java:doStart(419)) - Started @529124ms
2019-10-01 17:51:28,162 [main] WARN  impl.MetricsSystemImpl (MetricsSystemImpl.java:register(276)) - Sink prometheus already exists!
2019-10-01 17:51:28,165 [main] INFO  server.BaseHttpServer (BaseHttpServer.java:updateConnectorAddress(215)) - HTTP server of SCM is listening at http://0.0.0.0:46169
2019-10-01 17:51:28,167 [main] WARN  server.ServerUtils (ServerUtils.java:getDBPath(222)) - ozone.om.db.dirs is not configured. We recommend adding this setting. Falling back to ozone.metadata.dirs instead.
2019-10-01 17:51:28,167 [org.apache.hadoop.util.JvmPauseMonitor$Monitor@28d739f1] INFO  util.JvmPauseMonitor (JvmPauseMonitor.java:run(188)) - Starting JVM pause monitor
2019-10-01 17:51:28,192 [main] WARN  server.ServerUtils (ServerUtils.java:getDBPath(222)) - ozone.om.db.dirs is not configured. We recommend adding this setting. Falling back to ozone.metadata.dirs instead.
2019-10-01 17:51:28,193 [main] WARN  server.ServerUtils (ServerUtils.java:getDBPath(222)) - ozone.om.db.dirs is not configured. We recommend adding this setting. Falling back to ozone.metadata.dirs instead.
2019-10-01 17:51:28,193 [main] INFO  om.OzoneManager (OzoneManager.java:setOMNodeDetails(652)) - OM Service ID is not set. Setting it to the default ID: omServiceIdDefault
2019-10-01 17:51:28,193 [main] INFO  om.OzoneManager (OzoneManager.java:setOMNodeDetails(658)) - OM Node ID is not set. Setting it to the OmStorage's OmID: 6ec53056-47ce-447e-a1b2-8278c9783c4b
2019-10-01 17:51:28,194 [main] INFO  om.OzoneManager (OzoneManager.java:loadOMHAConfigs(609)) - Found matching OM address with OMServiceId: null, OMNodeId: null, RPC Address: localhost:0 and Ratis port: 9872
2019-10-01 17:51:28,200 [main] WARN  server.ServerUtils (ServerUtils.java:getDBPath(222)) - ozone.om.db.dirs is not configured. We recommend adding this setting. Falling back to ozone.metadata.dirs instead.
2019-10-01 17:51:28,201 [main] INFO  db.DBStoreBuilder (DBStoreBuilder.java:addTable(110)) - using custom profile for table: userTable
2019-10-01 17:51:28,201 [main] INFO  db.DBStoreBuilder (DBStoreBuilder.java:processTables(161)) - Using default column profile:DBProfile.DISK for Table:userTable
2019-10-01 17:51:28,201 [main] INFO  db.DBStoreBuilder (DBStoreBuilder.java:addTable(110)) - using custom profile for table: volumeTable
2019-10-01 17:51:28,202 [main] INFO  db.DBStoreBuilder (DBStoreBuilder.java:processTables(161)) - Using default column profile:DBProfile.DISK for Table:volumeTable
2019-10-01 17:51:28,202 [main] INFO  db.DBStoreBuilder (DBStoreBuilder.java:addTable(110)) - using custom profile for table: bucketTable
2019-10-01 17:51:28,202 [main] INFO  db.DBStoreBuilder (DBStoreBuilder.java:processTables(161)) - Using default column profile:DBProfile.DISK for Table:bucketTable
2019-10-01 17:51:28,202 [main] INFO  db.DBStoreBuilder (DBStoreBuilder.java:addTable(110)) - using custom profile for table: keyTable
2019-10-01 17:51:28,202 [main] INFO  db.DBStoreBuilder (DBStoreBuilder.java:processTables(161)) - Using default column profile:DBProfile.DISK for Table:keyTable
2019-10-01 17:51:28,203 [main] INFO  db.DBStoreBuilder (DBStoreBuilder.java:addTable(110)) - using custom profile for table: deletedTable
2019-10-01 17:51:28,203 [main] INFO  db.DBStoreBuilder (DBStoreBuilder.java:processTables(161)) - Using default column profile:DBProfile.DISK for Table:deletedTable
2019-10-01 17:51:28,203 [main] INFO  db.DBStoreBuilder (DBStoreBuilder.java:addTable(110)) - using custom profile for table: openKeyTable
2019-10-01 17:51:28,203 [main] INFO  db.DBStoreBuilder (DBStoreBuilder.java:processTables(161)) - Using default column profile:DBProfile.DISK for Table:openKeyTable
2019-10-01 17:51:28,203 [main] INFO  db.DBStoreBuilder (DBStoreBuilder.java:addTable(110)) - using custom profile for table: s3Table
2019-10-01 17:51:28,204 [main] INFO  db.DBStoreBuilder (DBStoreBuilder.java:processTables(161)) - Using default column profile:DBProfile.DISK for Table:s3Table
2019-10-01 17:51:28,204 [main] INFO  db.DBStoreBuilder (DBStoreBuilder.java:addTable(110)) - using custom profile for table: multipartInfoTable
2019-10-01 17:51:28,204 [main] INFO  db.DBStoreBuilder (DBStoreBuilder.java:processTables(161)) - Using default column profile:DBProfile.DISK for Table:multipartInfoTable
2019-10-01 17:51:28,204 [main] INFO  db.DBStoreBuilder (DBStoreBuilder.java:addTable(110)) - using custom profile for table: dTokenTable
2019-10-01 17:51:28,204 [main] INFO  db.DBStoreBuilder (DBStoreBuilder.java:processTables(161)) - Using default column profile:DBProfile.DISK for Table:dTokenTable
2019-10-01 17:51:28,204 [main] INFO  db.DBStoreBuilder (DBStoreBuilder.java:addTable(110)) - using custom profile for table: s3SecretTable
2019-10-01 17:51:28,205 [main] INFO  db.DBStoreBuilder (DBStoreBuilder.java:processTables(161)) - Using default column profile:DBProfile.DISK for Table:s3SecretTable
2019-10-01 17:51:28,205 [main] INFO  db.DBStoreBuilder (DBStoreBuilder.java:addTable(110)) - using custom profile for table: prefixTable
2019-10-01 17:51:28,205 [main] INFO  db.DBStoreBuilder (DBStoreBuilder.java:processTables(161)) - Using default column profile:DBProfile.DISK for Table:prefixTable
2019-10-01 17:51:28,205 [main] INFO  db.DBStoreBuilder (DBStoreBuilder.java:addTable(110)) - using custom profile for table: default
2019-10-01 17:51:28,205 [main] INFO  db.DBStoreBuilder (DBStoreBuilder.java:processTables(167)) - Using default column profile:DBProfile.DISK for Table:default
2019-10-01 17:51:28,205 [main] INFO  db.DBStoreBuilder (DBStoreBuilder.java:getDbProfile(198)) - Using default options. DBProfile.DISK
2019-10-01 17:51:28,662 [main] INFO  ipc.CallQueueManager (CallQueueManager.java:<init>(84)) - Using callQueue: class java.util.concurrent.LinkedBlockingQueue, queueCapacity: 2000, scheduler: class org.apache.hadoop.ipc.DefaultRpcScheduler, ipcBackoff: false.
2019-10-01 17:51:28,663 [Socket Reader #1 for port 40947] INFO  ipc.Server (Server.java:run(1074)) - Starting Socket Reader #1 for port 40947
2019-10-01 17:51:28,676 [main] INFO  om.OzoneManager (OzoneManager.java:start(1243)) - OzoneManager RPC server is listening at localhost/127.0.0.1:40947
2019-10-01 17:51:28,676 [main] INFO  impl.MetricsSystemImpl (MetricsSystemImpl.java:init(158)) - OzoneManager metrics system started (again)
2019-10-01 17:51:28,676 [IPC Server Responder] INFO  ipc.Server (Server.java:run(1314)) - IPC Server Responder: starting
2019-10-01 17:51:28,678 [IPC Server listener on 40947] INFO  ipc.Server (Server.java:run(1153)) - IPC Server listener on 40947: starting
2019-10-01 17:51:28,683 [main] INFO  hdfs.DFSUtil (DFSUtil.java:httpServerTemplateForNNAndJN(1641)) - Starting Web-server for ozoneManager at: http://0.0.0.0:0
2019-10-01 17:51:28,685 [main] INFO  server.AuthenticationFilter (AuthenticationFilter.java:constructSecretProvider(240)) - Unable to initialize FileSignerSecretProvider, falling back to use random secrets.
2019-10-01 17:51:28,685 [main] WARN  http.HttpRequestLog (HttpRequestLog.java:getRequestLog(97)) - Jetty request log can only be enabled using Log4j
2019-10-01 17:51:28,687 [main] INFO  http.HttpServer2 (HttpServer2.java:addGlobalFilter(975)) - Added global filter 'safety' (class=org.apache.hadoop.http.HttpServer2$QuotingInputFilter)
2019-10-01 17:51:28,688 [main] INFO  http.HttpServer2 (HttpServer2.java:addFilter(948)) - Added filter static_user_filter (class=org.apache.hadoop.http.lib.StaticUserWebFilter$StaticUserFilter) to context ozoneManager
2019-10-01 17:51:28,688 [main] INFO  http.HttpServer2 (HttpServer2.java:addFilter(958)) - Added filter static_user_filter (class=org.apache.hadoop.http.lib.StaticUserWebFilter$StaticUserFilter) to context static
2019-10-01 17:51:28,688 [main] INFO  http.HttpServer2 (HttpServer2.java:addFilter(958)) - Added filter static_user_filter (class=org.apache.hadoop.http.lib.StaticUserWebFilter$StaticUserFilter) to context logs
2019-10-01 17:51:28,689 [main] INFO  http.HttpServer2 (HttpServer2.java:bindListener(1191)) - Jetty bound to port 44760
2019-10-01 17:51:28,689 [main] INFO  server.Server (Server.java:doStart(351)) - jetty-9.3.25.v20180904, build timestamp: 2018-09-04T21:11:46Z, git hash: 3ce520221d0240229c862b122d2b06c12a625732
2019-10-01 17:51:28,691 [main] INFO  handler.ContextHandler (ContextHandler.java:doStart(781)) - Started o.e.j.s.ServletContextHandler@7a66c35a{/logs,file:///workdir/hadoop-ozone/integration-test/target/log,AVAILABLE}
2019-10-01 17:51:28,691 [main] INFO  handler.ContextHandler (ContextHandler.java:doStart(781)) - Started o.e.j.s.ServletContextHandler@73e4387{/static,file:///workdir/hadoop-ozone/integration-test/target/test-classes/webapps/static,AVAILABLE}
2019-10-01 17:51:28,695 [main] INFO  handler.ContextHandler (ContextHandler.java:doStart(781)) - Started o.e.j.w.WebAppContext@143fefaf{/,file:///workdir/hadoop-ozone/integration-test/target/test-classes/webapps/ozoneManager/,AVAILABLE}{/ozoneManager}
2019-10-01 17:51:28,696 [main] INFO  server.AbstractConnector (AbstractConnector.java:doStart(278)) - Started ServerConnector@18ffca6c{HTTP/1.1,[http/1.1]}{0.0.0.0:44760}
2019-10-01 17:51:28,697 [main] INFO  server.Server (Server.java:doStart(419)) - Started @529659ms
2019-10-01 17:51:28,697 [main] WARN  impl.MetricsSystemImpl (MetricsSystemImpl.java:register(276)) - Sink prometheus already exists!
2019-10-01 17:51:28,698 [main] INFO  server.BaseHttpServer (BaseHttpServer.java:updateConnectorAddress(215)) - HTTP server of OZONEMANAGER is listening at http://0.0.0.0:44760
2019-10-01 17:51:28,714 [main] INFO  impl.MetricsSystemImpl (MetricsSystemImpl.java:init(158)) - HddsDatanode metrics system started (again)
2019-10-01 17:51:28,718 [main] INFO  ozone.HddsDatanodeService (HddsDatanodeService.java:start(184)) - HddsDatanodeService host:pr-hdds-2210-qxppt-2300642653 ip:192.168.164.197
2019-10-01 17:51:28,724 [main] INFO  volume.HddsVolume (HddsVolume.java:<init>(176)) - Creating Volume: /workdir/hadoop-ozone/integration-test/target/test-dir/MiniOzoneClusterImpl-3fcc1c04-dad3-4429-8828-bc655c6a986b/datanode-0/data/containers/hdds of  storage type : DISK and capacity : 1482555576320
2019-10-01 17:51:28,725 [main] INFO  volume.VolumeSet (VolumeSet.java:initializeVolumeSet(170)) - Added Volume : /workdir/hadoop-ozone/integration-test/target/test-dir/MiniOzoneClusterImpl-3fcc1c04-dad3-4429-8828-bc655c6a986b/datanode-0/data/containers/hdds to VolumeSet
2019-10-01 17:51:28,725 [main] INFO  volume.ThrottledAsyncChecker (ThrottledAsyncChecker.java:schedule(139)) - Scheduling a check for org.apache.hadoop.ozone.container.common.volume.HddsVolume@4cc12db2
2019-10-01 17:51:28,727 [main] INFO  volume.HddsVolumeChecker (HddsVolumeChecker.java:checkAllVolumes(202)) - Scheduled health check for volume org.apache.hadoop.ozone.container.common.volume.HddsVolume@4cc12db2
2019-10-01 17:51:28,746 [main] INFO  impl.RaftServerProxy (ConfUtils.java:logGet(43)) - raft.rpc.type = GRPC (default)
2019-10-01 17:51:28,747 [main] INFO  grpc.GrpcFactory (GrpcFactory.java:checkPooledByteBufAllocatorUseCacheForAllThreads(45)) - PERFORMANCE WARNING: useCacheForAllThreads is true that may cause Netty to create a lot garbage objects and, as a result, trigger GC.
	It is recommended to disable useCacheForAllThreads by setting -Dorg.apache.ratis.thirdparty.io.netty.allocator.useCacheForAllThreads=false in command line.
2019-10-01 17:51:28,747 [main] INFO  grpc.GrpcConfigKeys$Server (ConfUtils.java:logGet(43)) - raft.grpc.server.port = 0 (default)
2019-10-01 17:51:28,747 [main] INFO  server.GrpcService (ConfUtils.java:logGet(43)) - raft.grpc.message.size.max = 33570816 (custom)
2019-10-01 17:51:28,748 [main] INFO  server.RaftServerConfigKeys (ConfUtils.java:logGet(43)) - raft.server.log.appender.buffer.byte-limit = 33554432 (custom)
2019-10-01 17:51:28,748 [main] INFO  server.GrpcService (ConfUtils.java:logGet(43)) - raft.grpc.flow.control.window = 1MB (=1048576) (default)
2019-10-01 17:51:28,748 [main] INFO  server.RaftServerConfigKeys (ConfUtils.java:logGet(43)) - raft.server.rpc.request.timeout = 3000ms (default)
2019-10-01 17:51:28,749 [main] INFO  server.RaftServerConfigKeys (ConfUtils.java:logGet(43)) - raft.server.storage.dir = [/workdir/hadoop-ozone/integration-test/target/test-dir/MiniOzoneClusterImpl-3fcc1c04-dad3-4429-8828-bc655c6a986b/datanode-0/data/ratis] (custom)
2019-10-01 17:51:28,752 [main] INFO  hdfs.DFSUtil (DFSUtil.java:httpServerTemplateForNNAndJN(1641)) - Starting Web-server for hddsDatanode at: http://0.0.0.0:0
2019-10-01 17:51:28,754 [main] INFO  server.AuthenticationFilter (AuthenticationFilter.java:constructSecretProvider(240)) - Unable to initialize FileSignerSecretProvider, falling back to use random secrets.
2019-10-01 17:51:28,755 [main] WARN  http.HttpRequestLog (HttpRequestLog.java:getRequestLog(97)) - Jetty request log can only be enabled using Log4j
2019-10-01 17:51:28,757 [main] INFO  http.HttpServer2 (HttpServer2.java:addGlobalFilter(975)) - Added global filter 'safety' (class=org.apache.hadoop.http.HttpServer2$QuotingInputFilter)
2019-10-01 17:51:28,757 [main] INFO  http.HttpServer2 (HttpServer2.java:addFilter(948)) - Added filter static_user_filter (class=org.apache.hadoop.http.lib.StaticUserWebFilter$StaticUserFilter) to context hddsDatanode
2019-10-01 17:51:28,758 [main] INFO  http.HttpServer2 (HttpServer2.java:addFilter(958)) - Added filter static_user_filter (class=org.apache.hadoop.http.lib.StaticUserWebFilter$StaticUserFilter) to context static
2019-10-01 17:51:28,758 [main] INFO  http.HttpServer2 (HttpServer2.java:addFilter(958)) - Added filter static_user_filter (class=org.apache.hadoop.http.lib.StaticUserWebFilter$StaticUserFilter) to context logs
2019-10-01 17:51:28,759 [main] INFO  http.HttpServer2 (HttpServer2.java:bindListener(1191)) - Jetty bound to port 42477
2019-10-01 17:51:28,759 [main] INFO  server.Server (Server.java:doStart(351)) - jetty-9.3.25.v20180904, build timestamp: 2018-09-04T21:11:46Z, git hash: 3ce520221d0240229c862b122d2b06c12a625732
2019-10-01 17:51:28,761 [main] INFO  handler.ContextHandler (ContextHandler.java:doStart(781)) - Started o.e.j.s.ServletContextHandler@68e2d03e{/logs,file:///workdir/hadoop-ozone/integration-test/target/log,AVAILABLE}
2019-10-01 17:51:28,761 [main] INFO  handler.ContextHandler (ContextHandler.java:doStart(781)) - Started o.e.j.s.ServletContextHandler@32ab408e{/static,jar:file:/home/user/.m2/repository/org/apache/hadoop/hadoop-hdds-container-service/0.5.0-SNAPSHOT/hadoop-hdds-container-service-0.5.0-SNAPSHOT.jar!/webapps/static,AVAILABLE}
2019-10-01 17:51:28,799 [main] INFO  handler.ContextHandler (ContextHandler.java:doStart(781)) - Started o.e.j.w.WebAppContext@794240e2{/,file:///tmp/jetty-0.0.0.0-42477-hddsDatanode-_-any-5544473152570415617.dir/webapp/,AVAILABLE}{/hddsDatanode}
2019-10-01 17:51:28,800 [main] INFO  server.AbstractConnector (AbstractConnector.java:doStart(278)) - Started ServerConnector@74a820bf{HTTP/1.1,[http/1.1]}{0.0.0.0:42477}
2019-10-01 17:51:28,802 [main] INFO  server.Server (Server.java:doStart(419)) - Started @529764ms
2019-10-01 17:51:28,802 [main] WARN  impl.MetricsSystemImpl (MetricsSystemImpl.java:register(276)) - Sink prometheus already exists!
2019-10-01 17:51:28,803 [main] INFO  server.BaseHttpServer (BaseHttpServer.java:updateConnectorAddress(215)) - HTTP server of HDDSDATANODE is listening at http://0.0.0.0:42477
2019-10-01 17:51:28,803 [main] INFO  impl.MetricsSystemImpl (MetricsSystemImpl.java:init(158)) - HddsDatanode metrics system started (again)
2019-10-01 17:51:28,806 [org.apache.hadoop.util.JvmPauseMonitor$Monitor@3e347500] INFO  util.JvmPauseMonitor (JvmPauseMonitor.java:run(188)) - Starting JVM pause monitor
2019-10-01 17:51:28,807 [main] INFO  ozone.HddsDatanodeService (HddsDatanodeService.java:start(184)) - HddsDatanodeService host:pr-hdds-2210-qxppt-2300642653 ip:192.168.164.197
2019-10-01 17:51:28,808 [Datanode State Machine Thread - 0] INFO  datanode.InitDatanodeState (InitDatanodeState.java:persistContainerDatanodeDetails(140)) - DatanodeDetails is persisted to /workdir/hadoop-ozone/integration-test/target/test-dir/MiniOzoneClusterImpl-3fcc1c04-dad3-4429-8828-bc655c6a986b/datanode-0/meta/datanode.id
2019-10-01 17:51:28,812 [main] INFO  volume.HddsVolume (HddsVolume.java:<init>(176)) - Creating Volume: /workdir/hadoop-ozone/integration-test/target/test-dir/MiniOzoneClusterImpl-3fcc1c04-dad3-4429-8828-bc655c6a986b/datanode-1/data/containers/hdds of  storage type : DISK and capacity : 1482555576320
2019-10-01 17:51:28,812 [main] INFO  volume.VolumeSet (VolumeSet.java:initializeVolumeSet(170)) - Added Volume : /workdir/hadoop-ozone/integration-test/target/test-dir/MiniOzoneClusterImpl-3fcc1c04-dad3-4429-8828-bc655c6a986b/datanode-1/data/containers/hdds to VolumeSet
2019-10-01 17:51:28,813 [main] INFO  volume.ThrottledAsyncChecker (ThrottledAsyncChecker.java:schedule(139)) - Scheduling a check for org.apache.hadoop.ozone.container.common.volume.HddsVolume@5fd43e58
2019-10-01 17:51:28,813 [main] INFO  volume.HddsVolumeChecker (HddsVolumeChecker.java:checkAllVolumes(202)) - Scheduled health check for volume org.apache.hadoop.ozone.container.common.volume.HddsVolume@5fd43e58
2019-10-01 17:51:28,825 [main] INFO  impl.RaftServerProxy (ConfUtils.java:logGet(43)) - raft.rpc.type = GRPC (default)
2019-10-01 17:51:28,825 [main] INFO  grpc.GrpcFactory (GrpcFactory.java:checkPooledByteBufAllocatorUseCacheForAllThreads(45)) - PERFORMANCE WARNING: useCacheForAllThreads is true that may cause Netty to create a lot garbage objects and, as a result, trigger GC.
	It is recommended to disable useCacheForAllThreads by setting -Dorg.apache.ratis.thirdparty.io.netty.allocator.useCacheForAllThreads=false in command line.
2019-10-01 17:51:28,825 [main] INFO  grpc.GrpcConfigKeys$Server (ConfUtils.java:logGet(43)) - raft.grpc.server.port = 0 (default)
2019-10-01 17:51:28,825 [main] INFO  server.GrpcService (ConfUtils.java:logGet(43)) - raft.grpc.message.size.max = 33570816 (custom)
2019-10-01 17:51:28,826 [main] INFO  server.RaftServerConfigKeys (ConfUtils.java:logGet(43)) - raft.server.log.appender.buffer.byte-limit = 33554432 (custom)
2019-10-01 17:51:28,826 [main] INFO  server.GrpcService (ConfUtils.java:logGet(43)) - raft.grpc.flow.control.window = 1MB (=1048576) (default)
2019-10-01 17:51:28,826 [main] INFO  server.RaftServerConfigKeys (ConfUtils.java:logGet(43)) - raft.server.rpc.request.timeout = 3000ms (default)
2019-10-01 17:51:28,826 [main] INFO  server.RaftServerConfigKeys (ConfUtils.java:logGet(43)) - raft.server.storage.dir = [/workdir/hadoop-ozone/integration-test/target/test-dir/MiniOzoneClusterImpl-3fcc1c04-dad3-4429-8828-bc655c6a986b/datanode-1/data/ratis] (custom)
2019-10-01 17:51:28,827 [main] INFO  hdfs.DFSUtil (DFSUtil.java:httpServerTemplateForNNAndJN(1641)) - Starting Web-server for hddsDatanode at: http://0.0.0.0:0
2019-10-01 17:51:28,828 [main] INFO  server.AuthenticationFilter (AuthenticationFilter.java:constructSecretProvider(240)) - Unable to initialize FileSignerSecretProvider, falling back to use random secrets.
2019-10-01 17:51:28,829 [main] WARN  http.HttpRequestLog (HttpRequestLog.java:getRequestLog(97)) - Jetty request log can only be enabled using Log4j
2019-10-01 17:51:28,830 [main] INFO  http.HttpServer2 (HttpServer2.java:addGlobalFilter(975)) - Added global filter 'safety' (class=org.apache.hadoop.http.HttpServer2$QuotingInputFilter)
2019-10-01 17:51:28,830 [main] INFO  http.HttpServer2 (HttpServer2.java:addFilter(948)) - Added filter static_user_filter (class=org.apache.hadoop.http.lib.StaticUserWebFilter$StaticUserFilter) to context hddsDatanode
2019-10-01 17:51:28,830 [main] INFO  http.HttpServer2 (HttpServer2.java:addFilter(958)) - Added filter static_user_filter (class=org.apache.hadoop.http.lib.StaticUserWebFilter$StaticUserFilter) to context logs
2019-10-01 17:51:28,830 [main] INFO  http.HttpServer2 (HttpServer2.java:addFilter(958)) - Added filter static_user_filter (class=org.apache.hadoop.http.lib.StaticUserWebFilter$StaticUserFilter) to context static
2019-10-01 17:51:28,831 [main] INFO  http.HttpServer2 (HttpServer2.java:bindListener(1191)) - Jetty bound to port 38246
2019-10-01 17:51:28,831 [main] INFO  server.Server (Server.java:doStart(351)) - jetty-9.3.25.v20180904, build timestamp: 2018-09-04T21:11:46Z, git hash: 3ce520221d0240229c862b122d2b06c12a625732
2019-10-01 17:51:28,832 [main] INFO  handler.ContextHandler (ContextHandler.java:doStart(781)) - Started o.e.j.s.ServletContextHandler@279126f5{/logs,file:///workdir/hadoop-ozone/integration-test/target/log,AVAILABLE}
2019-10-01 17:51:28,833 [main] INFO  handler.ContextHandler (ContextHandler.java:doStart(781)) - Started o.e.j.s.ServletContextHandler@5fdd97c1{/static,jar:file:/home/user/.m2/repository/org/apache/hadoop/hadoop-hdds-container-service/0.5.0-SNAPSHOT/hadoop-hdds-container-service-0.5.0-SNAPSHOT.jar!/webapps/static,AVAILABLE}
2019-10-01 17:51:28,855 [main] INFO  handler.ContextHandler (ContextHandler.java:doStart(781)) - Started o.e.j.w.WebAppContext@10817f46{/,file:///tmp/jetty-0.0.0.0-38246-hddsDatanode-_-any-6028781732346227791.dir/webapp/,AVAILABLE}{/hddsDatanode}
2019-10-01 17:51:28,855 [main] INFO  server.AbstractConnector (AbstractConnector.java:doStart(278)) - Started ServerConnector@2d4a3e13{HTTP/1.1,[http/1.1]}{0.0.0.0:38246}
2019-10-01 17:51:28,857 [main] INFO  server.Server (Server.java:doStart(419)) - Started @529819ms
2019-10-01 17:51:28,857 [main] WARN  impl.MetricsSystemImpl (MetricsSystemImpl.java:register(276)) - Sink prometheus already exists!
2019-10-01 17:51:28,857 [main] INFO  server.BaseHttpServer (BaseHttpServer.java:updateConnectorAddress(215)) - HTTP server of HDDSDATANODE is listening at http://0.0.0.0:38246
2019-10-01 17:51:28,857 [main] INFO  impl.MetricsSystemImpl (MetricsSystemImpl.java:init(158)) - HddsDatanode metrics system started (again)
2019-10-01 17:51:28,861 [org.apache.hadoop.util.JvmPauseMonitor$Monitor@31e93053] INFO  util.JvmPauseMonitor (JvmPauseMonitor.java:run(188)) - Starting JVM pause monitor
2019-10-01 17:51:28,861 [main] INFO  ozone.HddsDatanodeService (HddsDatanodeService.java:start(184)) - HddsDatanodeService host:pr-hdds-2210-qxppt-2300642653 ip:192.168.164.197
2019-10-01 17:51:28,862 [Datanode State Machine Thread - 0] INFO  datanode.InitDatanodeState (InitDatanodeState.java:persistContainerDatanodeDetails(140)) - DatanodeDetails is persisted to /workdir/hadoop-ozone/integration-test/target/test-dir/MiniOzoneClusterImpl-3fcc1c04-dad3-4429-8828-bc655c6a986b/datanode-1/meta/datanode.id
2019-10-01 17:51:28,867 [main] INFO  volume.HddsVolume (HddsVolume.java:<init>(176)) - Creating Volume: /workdir/hadoop-ozone/integration-test/target/test-dir/MiniOzoneClusterImpl-3fcc1c04-dad3-4429-8828-bc655c6a986b/datanode-2/data/containers/hdds of  storage type : DISK and capacity : 1482555576320
2019-10-01 17:51:28,867 [main] INFO  volume.VolumeSet (VolumeSet.java:initializeVolumeSet(170)) - Added Volume : /workdir/hadoop-ozone/integration-test/target/test-dir/MiniOzoneClusterImpl-3fcc1c04-dad3-4429-8828-bc655c6a986b/datanode-2/data/containers/hdds to VolumeSet
2019-10-01 17:51:28,867 [main] INFO  volume.ThrottledAsyncChecker (ThrottledAsyncChecker.java:schedule(139)) - Scheduling a check for org.apache.hadoop.ozone.container.common.volume.HddsVolume@1c6a0103
2019-10-01 17:51:28,868 [main] INFO  volume.HddsVolumeChecker (HddsVolumeChecker.java:checkAllVolumes(202)) - Scheduled health check for volume org.apache.hadoop.ozone.container.common.volume.HddsVolume@1c6a0103
2019-10-01 17:51:28,878 [main] INFO  impl.RaftServerProxy (ConfUtils.java:logGet(43)) - raft.rpc.type = GRPC (default)
2019-10-01 17:51:28,878 [main] INFO  grpc.GrpcFactory (GrpcFactory.java:checkPooledByteBufAllocatorUseCacheForAllThreads(45)) - PERFORMANCE WARNING: useCacheForAllThreads is true that may cause Netty to create a lot garbage objects and, as a result, trigger GC.
	It is recommended to disable useCacheForAllThreads by setting -Dorg.apache.ratis.thirdparty.io.netty.allocator.useCacheForAllThreads=false in command line.
2019-10-01 17:51:28,878 [main] INFO  grpc.GrpcConfigKeys$Server (ConfUtils.java:logGet(43)) - raft.grpc.server.port = 0 (default)
2019-10-01 17:51:28,879 [main] INFO  server.GrpcService (ConfUtils.java:logGet(43)) - raft.grpc.message.size.max = 33570816 (custom)
2019-10-01 17:51:28,879 [main] INFO  server.RaftServerConfigKeys (ConfUtils.java:logGet(43)) - raft.server.log.appender.buffer.byte-limit = 33554432 (custom)
2019-10-01 17:51:28,879 [main] INFO  server.GrpcService (ConfUtils.java:logGet(43)) - raft.grpc.flow.control.window = 1MB (=1048576) (default)
2019-10-01 17:51:28,879 [main] INFO  server.RaftServerConfigKeys (ConfUtils.java:logGet(43)) - raft.server.rpc.request.timeout = 3000ms (default)
2019-10-01 17:51:28,879 [main] INFO  server.RaftServerConfigKeys (ConfUtils.java:logGet(43)) - raft.server.storage.dir = [/workdir/hadoop-ozone/integration-test/target/test-dir/MiniOzoneClusterImpl-3fcc1c04-dad3-4429-8828-bc655c6a986b/datanode-2/data/ratis] (custom)
2019-10-01 17:51:28,880 [main] INFO  hdfs.DFSUtil (DFSUtil.java:httpServerTemplateForNNAndJN(1641)) - Starting Web-server for hddsDatanode at: http://0.0.0.0:0
2019-10-01 17:51:28,881 [main] INFO  server.AuthenticationFilter (AuthenticationFilter.java:constructSecretProvider(240)) - Unable to initialize FileSignerSecretProvider, falling back to use random secrets.
2019-10-01 17:51:28,882 [main] WARN  http.HttpRequestLog (HttpRequestLog.java:getRequestLog(97)) - Jetty request log can only be enabled using Log4j
2019-10-01 17:51:28,883 [main] INFO  http.HttpServer2 (HttpServer2.java:addGlobalFilter(975)) - Added global filter 'safety' (class=org.apache.hadoop.http.HttpServer2$QuotingInputFilter)
2019-10-01 17:51:28,883 [main] INFO  http.HttpServer2 (HttpServer2.java:addFilter(948)) - Added filter static_user_filter (class=org.apache.hadoop.http.lib.StaticUserWebFilter$StaticUserFilter) to context hddsDatanode
2019-10-01 17:51:28,883 [main] INFO  http.HttpServer2 (HttpServer2.java:addFilter(958)) - Added filter static_user_filter (class=org.apache.hadoop.http.lib.StaticUserWebFilter$StaticUserFilter) to context logs
2019-10-01 17:51:28,883 [main] INFO  http.HttpServer2 (HttpServer2.java:addFilter(958)) - Added filter static_user_filter (class=org.apache.hadoop.http.lib.StaticUserWebFilter$StaticUserFilter) to context static
2019-10-01 17:51:28,884 [main] INFO  http.HttpServer2 (HttpServer2.java:bindListener(1191)) - Jetty bound to port 41653
2019-10-01 17:51:28,884 [main] INFO  server.Server (Server.java:doStart(351)) - jetty-9.3.25.v20180904, build timestamp: 2018-09-04T21:11:46Z, git hash: 3ce520221d0240229c862b122d2b06c12a625732
2019-10-01 17:51:28,885 [main] INFO  handler.ContextHandler (ContextHandler.java:doStart(781)) - Started o.e.j.s.ServletContextHandler@34c76167{/logs,file:///workdir/hadoop-ozone/integration-test/target/log,AVAILABLE}
2019-10-01 17:51:28,885 [main] INFO  handler.ContextHandler (ContextHandler.java:doStart(781)) - Started o.e.j.s.ServletContextHandler@78d92eef{/static,jar:file:/home/user/.m2/repository/org/apache/hadoop/hadoop-hdds-container-service/0.5.0-SNAPSHOT/hadoop-hdds-container-service-0.5.0-SNAPSHOT.jar!/webapps/static,AVAILABLE}
2019-10-01 17:51:28,908 [main] INFO  handler.ContextHandler (ContextHandler.java:doStart(781)) - Started o.e.j.w.WebAppContext@755a7218{/,file:///tmp/jetty-0.0.0.0-41653-hddsDatanode-_-any-3878615809108814618.dir/webapp/,AVAILABLE}{/hddsDatanode}
2019-10-01 17:51:28,909 [main] INFO  server.AbstractConnector (AbstractConnector.java:doStart(278)) - Started ServerConnector@70c29356{HTTP/1.1,[http/1.1]}{0.0.0.0:41653}
2019-10-01 17:51:28,911 [main] INFO  server.Server (Server.java:doStart(419)) - Started @529873ms
2019-10-01 17:51:28,911 [main] WARN  impl.MetricsSystemImpl (MetricsSystemImpl.java:register(276)) - Sink prometheus already exists!
2019-10-01 17:51:28,911 [main] INFO  server.BaseHttpServer (BaseHttpServer.java:updateConnectorAddress(215)) - HTTP server of HDDSDATANODE is listening at http://0.0.0.0:41653
2019-10-01 17:51:28,912 [main] INFO  impl.MetricsSystemImpl (MetricsSystemImpl.java:init(158)) - HddsDatanode metrics system started (again)
2019-10-01 17:51:28,915 [org.apache.hadoop.util.JvmPauseMonitor$Monitor@8f98230] INFO  util.JvmPauseMonitor (JvmPauseMonitor.java:run(188)) - Starting JVM pause monitor
2019-10-01 17:51:28,915 [main] INFO  ozone.HddsDatanodeService (HddsDatanodeService.java:start(184)) - HddsDatanodeService host:pr-hdds-2210-qxppt-2300642653 ip:192.168.164.197
2019-10-01 17:51:28,916 [Datanode State Machine Thread - 0] INFO  datanode.InitDatanodeState (InitDatanodeState.java:persistContainerDatanodeDetails(140)) - DatanodeDetails is persisted to /workdir/hadoop-ozone/integration-test/target/test-dir/MiniOzoneClusterImpl-3fcc1c04-dad3-4429-8828-bc655c6a986b/datanode-2/meta/datanode.id
2019-10-01 17:51:28,922 [main] INFO  volume.HddsVolume (HddsVolume.java:<init>(176)) - Creating Volume: /workdir/hadoop-ozone/integration-test/target/test-dir/MiniOzoneClusterImpl-3fcc1c04-dad3-4429-8828-bc655c6a986b/datanode-3/data/containers/hdds of  storage type : DISK and capacity : 1482555576320
2019-10-01 17:51:28,922 [main] INFO  volume.VolumeSet (VolumeSet.java:initializeVolumeSet(170)) - Added Volume : /workdir/hadoop-ozone/integration-test/target/test-dir/MiniOzoneClusterImpl-3fcc1c04-dad3-4429-8828-bc655c6a986b/datanode-3/data/containers/hdds to VolumeSet
2019-10-01 17:51:28,922 [main] INFO  volume.ThrottledAsyncChecker (ThrottledAsyncChecker.java:schedule(139)) - Scheduling a check for org.apache.hadoop.ozone.container.common.volume.HddsVolume@24d8f87a
2019-10-01 17:51:28,922 [main] INFO  volume.HddsVolumeChecker (HddsVolumeChecker.java:checkAllVolumes(202)) - Scheduled health check for volume org.apache.hadoop.ozone.container.common.volume.HddsVolume@24d8f87a
2019-10-01 17:51:28,933 [main] INFO  impl.RaftServerProxy (ConfUtils.java:logGet(43)) - raft.rpc.type = GRPC (default)
2019-10-01 17:51:28,933 [main] INFO  grpc.GrpcFactory (GrpcFactory.java:checkPooledByteBufAllocatorUseCacheForAllThreads(45)) - PERFORMANCE WARNING: useCacheForAllThreads is true that may cause Netty to create a lot garbage objects and, as a result, trigger GC.
	It is recommended to disable useCacheForAllThreads by setting -Dorg.apache.ratis.thirdparty.io.netty.allocator.useCacheForAllThreads=false in command line.
2019-10-01 17:51:28,934 [main] INFO  grpc.GrpcConfigKeys$Server (ConfUtils.java:logGet(43)) - raft.grpc.server.port = 0 (default)
2019-10-01 17:51:28,934 [main] INFO  server.GrpcService (ConfUtils.java:logGet(43)) - raft.grpc.message.size.max = 33570816 (custom)
2019-10-01 17:51:28,934 [main] INFO  server.RaftServerConfigKeys (ConfUtils.java:logGet(43)) - raft.server.log.appender.buffer.byte-limit = 33554432 (custom)
2019-10-01 17:51:28,934 [main] INFO  server.GrpcService (ConfUtils.java:logGet(43)) - raft.grpc.flow.control.window = 1MB (=1048576) (default)
2019-10-01 17:51:28,934 [main] INFO  server.RaftServerConfigKeys (ConfUtils.java:logGet(43)) - raft.server.rpc.request.timeout = 3000ms (default)
2019-10-01 17:51:28,935 [main] INFO  server.RaftServerConfigKeys (ConfUtils.java:logGet(43)) - raft.server.storage.dir = [/workdir/hadoop-ozone/integration-test/target/test-dir/MiniOzoneClusterImpl-3fcc1c04-dad3-4429-8828-bc655c6a986b/datanode-3/data/ratis] (custom)
2019-10-01 17:51:28,936 [main] INFO  hdfs.DFSUtil (DFSUtil.java:httpServerTemplateForNNAndJN(1641)) - Starting Web-server for hddsDatanode at: http://0.0.0.0:0
2019-10-01 17:51:28,937 [main] INFO  server.AuthenticationFilter (AuthenticationFilter.java:constructSecretProvider(240)) - Unable to initialize FileSignerSecretProvider, falling back to use random secrets.
2019-10-01 17:51:28,937 [main] WARN  http.HttpRequestLog (HttpRequestLog.java:getRequestLog(97)) - Jetty request log can only be enabled using Log4j
2019-10-01 17:51:28,938 [main] INFO  http.HttpServer2 (HttpServer2.java:addGlobalFilter(975)) - Added global filter 'safety' (class=org.apache.hadoop.http.HttpServer2$QuotingInputFilter)
2019-10-01 17:51:28,938 [main] INFO  http.HttpServer2 (HttpServer2.java:addFilter(948)) - Added filter static_user_filter (class=org.apache.hadoop.http.lib.StaticUserWebFilter$StaticUserFilter) to context hddsDatanode
2019-10-01 17:51:28,938 [main] INFO  http.HttpServer2 (HttpServer2.java:addFilter(958)) - Added filter static_user_filter (class=org.apache.hadoop.http.lib.StaticUserWebFilter$StaticUserFilter) to context logs
2019-10-01 17:51:28,939 [main] INFO  http.HttpServer2 (HttpServer2.java:addFilter(958)) - Added filter static_user_filter (class=org.apache.hadoop.http.lib.StaticUserWebFilter$StaticUserFilter) to context static
2019-10-01 17:51:28,939 [main] INFO  http.HttpServer2 (HttpServer2.java:bindListener(1191)) - Jetty bound to port 40037
2019-10-01 17:51:28,939 [main] INFO  server.Server (Server.java:doStart(351)) - jetty-9.3.25.v20180904, build timestamp: 2018-09-04T21:11:46Z, git hash: 3ce520221d0240229c862b122d2b06c12a625732
2019-10-01 17:51:28,940 [main] INFO  handler.ContextHandler (ContextHandler.java:doStart(781)) - Started o.e.j.s.ServletContextHandler@125f16b2{/logs,file:///workdir/hadoop-ozone/integration-test/target/log,AVAILABLE}
2019-10-01 17:51:28,941 [main] INFO  handler.ContextHandler (ContextHandler.java:doStart(781)) - Started o.e.j.s.ServletContextHandler@6b42e36d{/static,jar:file:/home/user/.m2/repository/org/apache/hadoop/hadoop-hdds-container-service/0.5.0-SNAPSHOT/hadoop-hdds-container-service-0.5.0-SNAPSHOT.jar!/webapps/static,AVAILABLE}
2019-10-01 17:51:28,972 [main] INFO  handler.ContextHandler (ContextHandler.java:doStart(781)) - Started o.e.j.w.WebAppContext@1e56bc9b{/,file:///tmp/jetty-0.0.0.0-40037-hddsDatanode-_-any-2283628710919124471.dir/webapp/,AVAILABLE}{/hddsDatanode}
2019-10-01 17:51:28,973 [main] INFO  server.AbstractConnector (AbstractConnector.java:doStart(278)) - Started ServerConnector@6f3bd37f{HTTP/1.1,[http/1.1]}{0.0.0.0:40037}
2019-10-01 17:51:28,975 [main] INFO  server.Server (Server.java:doStart(419)) - Started @529937ms
2019-10-01 17:51:28,975 [main] WARN  impl.MetricsSystemImpl (MetricsSystemImpl.java:register(276)) - Sink prometheus already exists!
2019-10-01 17:51:28,976 [main] INFO  server.BaseHttpServer (BaseHttpServer.java:updateConnectorAddress(215)) - HTTP server of HDDSDATANODE is listening at http://0.0.0.0:40037
2019-10-01 17:51:28,976 [main] INFO  impl.MetricsSystemImpl (MetricsSystemImpl.java:init(158)) - HddsDatanode metrics system started (again)
2019-10-01 17:51:28,982 [org.apache.hadoop.util.JvmPauseMonitor$Monitor@172ac9a1] INFO  util.JvmPauseMonitor (JvmPauseMonitor.java:run(188)) - Starting JVM pause monitor
2019-10-01 17:51:28,983 [main] INFO  ozone.HddsDatanodeService (HddsDatanodeService.java:start(184)) - HddsDatanodeService host:pr-hdds-2210-qxppt-2300642653 ip:192.168.164.197
2019-10-01 17:51:28,984 [Datanode State Machine Thread - 0] INFO  datanode.InitDatanodeState (InitDatanodeState.java:persistContainerDatanodeDetails(140)) - DatanodeDetails is persisted to /workdir/hadoop-ozone/integration-test/target/test-dir/MiniOzoneClusterImpl-3fcc1c04-dad3-4429-8828-bc655c6a986b/datanode-3/meta/datanode.id
2019-10-01 17:51:28,991 [main] INFO  volume.HddsVolume (HddsVolume.java:<init>(176)) - Creating Volume: /workdir/hadoop-ozone/integration-test/target/test-dir/MiniOzoneClusterImpl-3fcc1c04-dad3-4429-8828-bc655c6a986b/datanode-4/data/containers/hdds of  storage type : DISK and capacity : 1482555576320
2019-10-01 17:51:28,991 [main] INFO  volume.VolumeSet (VolumeSet.java:initializeVolumeSet(170)) - Added Volume : /workdir/hadoop-ozone/integration-test/target/test-dir/MiniOzoneClusterImpl-3fcc1c04-dad3-4429-8828-bc655c6a986b/datanode-4/data/containers/hdds to VolumeSet
2019-10-01 17:51:28,991 [main] INFO  volume.ThrottledAsyncChecker (ThrottledAsyncChecker.java:schedule(139)) - Scheduling a check for org.apache.hadoop.ozone.container.common.volume.HddsVolume@72c4a3aa
2019-10-01 17:51:28,992 [main] INFO  volume.HddsVolumeChecker (HddsVolumeChecker.java:checkAllVolumes(202)) - Scheduled health check for volume org.apache.hadoop.ozone.container.common.volume.HddsVolume@72c4a3aa
2019-10-01 17:51:29,010 [main] INFO  impl.RaftServerProxy (ConfUtils.java:logGet(43)) - raft.rpc.type = GRPC (default)
2019-10-01 17:51:29,010 [main] INFO  grpc.GrpcFactory (GrpcFactory.java:checkPooledByteBufAllocatorUseCacheForAllThreads(45)) - PERFORMANCE WARNING: useCacheForAllThreads is true that may cause Netty to create a lot garbage objects and, as a result, trigger GC.
	It is recommended to disable useCacheForAllThreads by setting -Dorg.apache.ratis.thirdparty.io.netty.allocator.useCacheForAllThreads=false in command line.
2019-10-01 17:51:29,010 [main] INFO  grpc.GrpcConfigKeys$Server (ConfUtils.java:logGet(43)) - raft.grpc.server.port = 0 (default)
2019-10-01 17:51:29,010 [main] INFO  server.GrpcService (ConfUtils.java:logGet(43)) - raft.grpc.message.size.max = 33570816 (custom)
2019-10-01 17:51:29,011 [main] INFO  server.RaftServerConfigKeys (ConfUtils.java:logGet(43)) - raft.server.log.appender.buffer.byte-limit = 33554432 (custom)
2019-10-01 17:51:29,011 [main] INFO  server.GrpcService (ConfUtils.java:logGet(43)) - raft.grpc.flow.control.window = 1MB (=1048576) (default)
2019-10-01 17:51:29,011 [main] INFO  server.RaftServerConfigKeys (ConfUtils.java:logGet(43)) - raft.server.rpc.request.timeout = 3000ms (default)
2019-10-01 17:51:29,012 [main] INFO  server.RaftServerConfigKeys (ConfUtils.java:logGet(43)) - raft.server.storage.dir = [/workdir/hadoop-ozone/integration-test/target/test-dir/MiniOzoneClusterImpl-3fcc1c04-dad3-4429-8828-bc655c6a986b/datanode-4/data/ratis] (custom)
2019-10-01 17:51:29,013 [main] INFO  hdfs.DFSUtil (DFSUtil.java:httpServerTemplateForNNAndJN(1641)) - Starting Web-server for hddsDatanode at: http://0.0.0.0:0
2019-10-01 17:51:29,014 [main] INFO  server.AuthenticationFilter (AuthenticationFilter.java:constructSecretProvider(240)) - Unable to initialize FileSignerSecretProvider, falling back to use random secrets.
2019-10-01 17:51:29,015 [main] WARN  http.HttpRequestLog (HttpRequestLog.java:getRequestLog(97)) - Jetty request log can only be enabled using Log4j
2019-10-01 17:51:29,016 [main] INFO  http.HttpServer2 (HttpServer2.java:addGlobalFilter(975)) - Added global filter 'safety' (class=org.apache.hadoop.http.HttpServer2$QuotingInputFilter)
2019-10-01 17:51:29,017 [main] INFO  http.HttpServer2 (HttpServer2.java:addFilter(948)) - Added filter static_user_filter (class=org.apache.hadoop.http.lib.StaticUserWebFilter$StaticUserFilter) to context hddsDatanode
2019-10-01 17:51:29,017 [main] INFO  http.HttpServer2 (HttpServer2.java:addFilter(958)) - Added filter static_user_filter (class=org.apache.hadoop.http.lib.StaticUserWebFilter$StaticUserFilter) to context logs
2019-10-01 17:51:29,017 [main] INFO  http.HttpServer2 (HttpServer2.java:addFilter(958)) - Added filter static_user_filter (class=org.apache.hadoop.http.lib.StaticUserWebFilter$StaticUserFilter) to context static
2019-10-01 17:51:29,018 [main] INFO  http.HttpServer2 (HttpServer2.java:bindListener(1191)) - Jetty bound to port 37899
2019-10-01 17:51:29,018 [main] INFO  server.Server (Server.java:doStart(351)) - jetty-9.3.25.v20180904, build timestamp: 2018-09-04T21:11:46Z, git hash: 3ce520221d0240229c862b122d2b06c12a625732
2019-10-01 17:51:29,020 [main] INFO  handler.ContextHandler (ContextHandler.java:doStart(781)) - Started o.e.j.s.ServletContextHandler@656c5c3{/logs,file:///workdir/hadoop-ozone/integration-test/target/log,AVAILABLE}
2019-10-01 17:51:29,020 [main] INFO  handler.ContextHandler (ContextHandler.java:doStart(781)) - Started o.e.j.s.ServletContextHandler@4409cae6{/static,jar:file:/home/user/.m2/repository/org/apache/hadoop/hadoop-hdds-container-service/0.5.0-SNAPSHOT/hadoop-hdds-container-service-0.5.0-SNAPSHOT.jar!/webapps/static,AVAILABLE}
2019-10-01 17:51:29,054 [main] INFO  handler.ContextHandler (ContextHandler.java:doStart(781)) - Started o.e.j.w.WebAppContext@53016b11{/,file:///tmp/jetty-0.0.0.0-37899-hddsDatanode-_-any-8806293221252937213.dir/webapp/,AVAILABLE}{/hddsDatanode}
2019-10-01 17:51:29,055 [main] INFO  server.AbstractConnector (AbstractConnector.java:doStart(278)) - Started ServerConnector@7af327e3{HTTP/1.1,[http/1.1]}{0.0.0.0:37899}
2019-10-01 17:51:29,055 [main] INFO  server.Server (Server.java:doStart(419)) - Started @530017ms
2019-10-01 17:51:29,057 [main] WARN  impl.MetricsSystemImpl (MetricsSystemImpl.java:register(276)) - Sink prometheus already exists!
2019-10-01 17:51:29,058 [main] INFO  server.BaseHttpServer (BaseHttpServer.java:updateConnectorAddress(215)) - HTTP server of HDDSDATANODE is listening at http://0.0.0.0:37899
2019-10-01 17:51:29,058 [main] INFO  impl.MetricsSystemImpl (MetricsSystemImpl.java:init(158)) - HddsDatanode metrics system started (again)
2019-10-01 17:51:29,065 [org.apache.hadoop.util.JvmPauseMonitor$Monitor@7e79efcf] INFO  util.JvmPauseMonitor (JvmPauseMonitor.java:run(188)) - Starting JVM pause monitor
2019-10-01 17:51:29,066 [Datanode State Machine Thread - 0] INFO  datanode.InitDatanodeState (InitDatanodeState.java:persistContainerDatanodeDetails(140)) - DatanodeDetails is persisted to /workdir/hadoop-ozone/integration-test/target/test-dir/MiniOzoneClusterImpl-3fcc1c04-dad3-4429-8828-bc655c6a986b/datanode-4/meta/datanode.id
2019-10-01 17:51:29,068 [main] INFO  ozone.HddsDatanodeService (HddsDatanodeService.java:start(184)) - HddsDatanodeService host:pr-hdds-2210-qxppt-2300642653 ip:192.168.164.197
2019-10-01 17:51:29,076 [main] INFO  volume.HddsVolume (HddsVolume.java:<init>(176)) - Creating Volume: /workdir/hadoop-ozone/integration-test/target/test-dir/MiniOzoneClusterImpl-3fcc1c04-dad3-4429-8828-bc655c6a986b/datanode-5/data/containers/hdds of  storage type : DISK and capacity : 1482555576320
2019-10-01 17:51:29,077 [main] INFO  volume.VolumeSet (VolumeSet.java:initializeVolumeSet(170)) - Added Volume : /workdir/hadoop-ozone/integration-test/target/test-dir/MiniOzoneClusterImpl-3fcc1c04-dad3-4429-8828-bc655c6a986b/datanode-5/data/containers/hdds to VolumeSet
2019-10-01 17:51:29,077 [main] INFO  volume.ThrottledAsyncChecker (ThrottledAsyncChecker.java:schedule(139)) - Scheduling a check for org.apache.hadoop.ozone.container.common.volume.HddsVolume@2d237460
2019-10-01 17:51:29,078 [main] INFO  volume.HddsVolumeChecker (HddsVolumeChecker.java:checkAllVolumes(202)) - Scheduled health check for volume org.apache.hadoop.ozone.container.common.volume.HddsVolume@2d237460
2019-10-01 17:51:29,097 [main] INFO  impl.RaftServerProxy (ConfUtils.java:logGet(43)) - raft.rpc.type = GRPC (default)
2019-10-01 17:51:29,097 [main] INFO  grpc.GrpcFactory (GrpcFactory.java:checkPooledByteBufAllocatorUseCacheForAllThreads(45)) - PERFORMANCE WARNING: useCacheForAllThreads is true that may cause Netty to create a lot garbage objects and, as a result, trigger GC.
	It is recommended to disable useCacheForAllThreads by setting -Dorg.apache.ratis.thirdparty.io.netty.allocator.useCacheForAllThreads=false in command line.
2019-10-01 17:51:29,098 [main] INFO  grpc.GrpcConfigKeys$Server (ConfUtils.java:logGet(43)) - raft.grpc.server.port = 0 (default)
2019-10-01 17:51:29,098 [main] INFO  server.GrpcService (ConfUtils.java:logGet(43)) - raft.grpc.message.size.max = 33570816 (custom)
2019-10-01 17:51:29,098 [main] INFO  server.RaftServerConfigKeys (ConfUtils.java:logGet(43)) - raft.server.log.appender.buffer.byte-limit = 33554432 (custom)
2019-10-01 17:51:29,098 [main] INFO  server.GrpcService (ConfUtils.java:logGet(43)) - raft.grpc.flow.control.window = 1MB (=1048576) (default)
2019-10-01 17:51:29,099 [main] INFO  server.RaftServerConfigKeys (ConfUtils.java:logGet(43)) - raft.server.rpc.request.timeout = 3000ms (default)
2019-10-01 17:51:29,099 [main] INFO  server.RaftServerConfigKeys (ConfUtils.java:logGet(43)) - raft.server.storage.dir = [/workdir/hadoop-ozone/integration-test/target/test-dir/MiniOzoneClusterImpl-3fcc1c04-dad3-4429-8828-bc655c6a986b/datanode-5/data/ratis] (custom)
2019-10-01 17:51:29,101 [main] INFO  hdfs.DFSUtil (DFSUtil.java:httpServerTemplateForNNAndJN(1641)) - Starting Web-server for hddsDatanode at: http://0.0.0.0:0
2019-10-01 17:51:29,102 [main] INFO  server.AuthenticationFilter (AuthenticationFilter.java:constructSecretProvider(240)) - Unable to initialize FileSignerSecretProvider, falling back to use random secrets.
2019-10-01 17:51:29,103 [main] WARN  http.HttpRequestLog (HttpRequestLog.java:getRequestLog(97)) - Jetty request log can only be enabled using Log4j
2019-10-01 17:51:29,104 [main] INFO  http.HttpServer2 (HttpServer2.java:addGlobalFilter(975)) - Added global filter 'safety' (class=org.apache.hadoop.http.HttpServer2$QuotingInputFilter)
2019-10-01 17:51:29,105 [main] INFO  http.HttpServer2 (HttpServer2.java:addFilter(948)) - Added filter static_user_filter (class=org.apache.hadoop.http.lib.StaticUserWebFilter$StaticUserFilter) to context hddsDatanode
2019-10-01 17:51:29,105 [main] INFO  http.HttpServer2 (HttpServer2.java:addFilter(958)) - Added filter static_user_filter (class=org.apache.hadoop.http.lib.StaticUserWebFilter$StaticUserFilter) to context static
2019-10-01 17:51:29,105 [main] INFO  http.HttpServer2 (HttpServer2.java:addFilter(958)) - Added filter static_user_filter (class=org.apache.hadoop.http.lib.StaticUserWebFilter$StaticUserFilter) to context logs
2019-10-01 17:51:29,106 [main] INFO  http.HttpServer2 (HttpServer2.java:bindListener(1191)) - Jetty bound to port 39352
2019-10-01 17:51:29,106 [main] INFO  server.Server (Server.java:doStart(351)) - jetty-9.3.25.v20180904, build timestamp: 2018-09-04T21:11:46Z, git hash: 3ce520221d0240229c862b122d2b06c12a625732
2019-10-01 17:51:29,108 [main] INFO  handler.ContextHandler (ContextHandler.java:doStart(781)) - Started o.e.j.s.ServletContextHandler@222acad{/logs,file:///workdir/hadoop-ozone/integration-test/target/log,AVAILABLE}
2019-10-01 17:51:29,108 [main] INFO  handler.ContextHandler (ContextHandler.java:doStart(781)) - Started o.e.j.s.ServletContextHandler@7f0d8eff{/static,jar:file:/home/user/.m2/repository/org/apache/hadoop/hadoop-hdds-container-service/0.5.0-SNAPSHOT/hadoop-hdds-container-service-0.5.0-SNAPSHOT.jar!/webapps/static,AVAILABLE}
2019-10-01 17:51:29,146 [main] INFO  handler.ContextHandler (ContextHandler.java:doStart(781)) - Started o.e.j.w.WebAppContext@71166348{/,file:///tmp/jetty-0.0.0.0-39352-hddsDatanode-_-any-9188893747414731863.dir/webapp/,AVAILABLE}{/hddsDatanode}
2019-10-01 17:51:29,146 [main] INFO  server.AbstractConnector (AbstractConnector.java:doStart(278)) - Started ServerConnector@6d874695{HTTP/1.1,[http/1.1]}{0.0.0.0:39352}
2019-10-01 17:51:29,148 [main] INFO  server.Server (Server.java:doStart(419)) - Started @530111ms
2019-10-01 17:51:29,149 [main] WARN  impl.MetricsSystemImpl (MetricsSystemImpl.java:register(276)) - Sink prometheus already exists!
2019-10-01 17:51:29,149 [main] INFO  server.BaseHttpServer (BaseHttpServer.java:updateConnectorAddress(215)) - HTTP server of HDDSDATANODE is listening at http://0.0.0.0:39352
2019-10-01 17:51:29,150 [main] INFO  impl.MetricsSystemImpl (MetricsSystemImpl.java:init(158)) - HddsDatanode metrics system started (again)
2019-10-01 17:51:29,155 [org.apache.hadoop.util.JvmPauseMonitor$Monitor@7533cd1b] INFO  util.JvmPauseMonitor (JvmPauseMonitor.java:run(188)) - Starting JVM pause monitor
2019-10-01 17:51:29,156 [main] INFO  ozone.HddsDatanodeService (HddsDatanodeService.java:start(184)) - HddsDatanodeService host:pr-hdds-2210-qxppt-2300642653 ip:192.168.164.197
2019-10-01 17:51:29,156 [Datanode State Machine Thread - 0] INFO  datanode.InitDatanodeState (InitDatanodeState.java:persistContainerDatanodeDetails(140)) - DatanodeDetails is persisted to /workdir/hadoop-ozone/integration-test/target/test-dir/MiniOzoneClusterImpl-3fcc1c04-dad3-4429-8828-bc655c6a986b/datanode-5/meta/datanode.id
2019-10-01 17:51:29,162 [main] INFO  volume.HddsVolume (HddsVolume.java:<init>(176)) - Creating Volume: /workdir/hadoop-ozone/integration-test/target/test-dir/MiniOzoneClusterImpl-3fcc1c04-dad3-4429-8828-bc655c6a986b/datanode-6/data/containers/hdds of  storage type : DISK and capacity : 1482555576320
2019-10-01 17:51:29,163 [main] INFO  volume.VolumeSet (VolumeSet.java:initializeVolumeSet(170)) - Added Volume : /workdir/hadoop-ozone/integration-test/target/test-dir/MiniOzoneClusterImpl-3fcc1c04-dad3-4429-8828-bc655c6a986b/datanode-6/data/containers/hdds to VolumeSet
2019-10-01 17:51:29,163 [main] INFO  volume.ThrottledAsyncChecker (ThrottledAsyncChecker.java:schedule(139)) - Scheduling a check for org.apache.hadoop.ozone.container.common.volume.HddsVolume@53982523
2019-10-01 17:51:29,163 [main] INFO  volume.HddsVolumeChecker (HddsVolumeChecker.java:checkAllVolumes(202)) - Scheduled health check for volume org.apache.hadoop.ozone.container.common.volume.HddsVolume@53982523
2019-10-01 17:51:29,177 [main] INFO  impl.RaftServerProxy (ConfUtils.java:logGet(43)) - raft.rpc.type = GRPC (default)
2019-10-01 17:51:29,177 [main] INFO  grpc.GrpcFactory (GrpcFactory.java:checkPooledByteBufAllocatorUseCacheForAllThreads(45)) - PERFORMANCE WARNING: useCacheForAllThreads is true that may cause Netty to create a lot garbage objects and, as a result, trigger GC.
	It is recommended to disable useCacheForAllThreads by setting -Dorg.apache.ratis.thirdparty.io.netty.allocator.useCacheForAllThreads=false in command line.
2019-10-01 17:51:29,178 [main] INFO  grpc.GrpcConfigKeys$Server (ConfUtils.java:logGet(43)) - raft.grpc.server.port = 0 (default)
2019-10-01 17:51:29,178 [main] INFO  server.GrpcService (ConfUtils.java:logGet(43)) - raft.grpc.message.size.max = 33570816 (custom)
2019-10-01 17:51:29,178 [main] INFO  server.RaftServerConfigKeys (ConfUtils.java:logGet(43)) - raft.server.log.appender.buffer.byte-limit = 33554432 (custom)
2019-10-01 17:51:29,178 [main] INFO  server.GrpcService (ConfUtils.java:logGet(43)) - raft.grpc.flow.control.window = 1MB (=1048576) (default)
2019-10-01 17:51:29,178 [main] INFO  server.RaftServerConfigKeys (ConfUtils.java:logGet(43)) - raft.server.rpc.request.timeout = 3000ms (default)
2019-10-01 17:51:29,179 [main] INFO  server.RaftServerConfigKeys (ConfUtils.java:logGet(43)) - raft.server.storage.dir = [/workdir/hadoop-ozone/integration-test/target/test-dir/MiniOzoneClusterImpl-3fcc1c04-dad3-4429-8828-bc655c6a986b/datanode-6/data/ratis] (custom)
2019-10-01 17:51:29,180 [main] INFO  hdfs.DFSUtil (DFSUtil.java:httpServerTemplateForNNAndJN(1641)) - Starting Web-server for hddsDatanode at: http://0.0.0.0:0
2019-10-01 17:51:29,181 [main] INFO  server.AuthenticationFilter (AuthenticationFilter.java:constructSecretProvider(240)) - Unable to initialize FileSignerSecretProvider, falling back to use random secrets.
2019-10-01 17:51:29,182 [main] WARN  http.HttpRequestLog (HttpRequestLog.java:getRequestLog(97)) - Jetty request log can only be enabled using Log4j
2019-10-01 17:51:29,183 [main] INFO  http.HttpServer2 (HttpServer2.java:addGlobalFilter(975)) - Added global filter 'safety' (class=org.apache.hadoop.http.HttpServer2$QuotingInputFilter)
2019-10-01 17:51:29,184 [main] INFO  http.HttpServer2 (HttpServer2.java:addFilter(948)) - Added filter static_user_filter (class=org.apache.hadoop.http.lib.StaticUserWebFilter$StaticUserFilter) to context hddsDatanode
2019-10-01 17:51:29,184 [main] INFO  http.HttpServer2 (HttpServer2.java:addFilter(958)) - Added filter static_user_filter (class=org.apache.hadoop.http.lib.StaticUserWebFilter$StaticUserFilter) to context static
2019-10-01 17:51:29,184 [main] INFO  http.HttpServer2 (HttpServer2.java:addFilter(958)) - Added filter static_user_filter (class=org.apache.hadoop.http.lib.StaticUserWebFilter$StaticUserFilter) to context logs
2019-10-01 17:51:29,185 [main] INFO  http.HttpServer2 (HttpServer2.java:bindListener(1191)) - Jetty bound to port 35050
2019-10-01 17:51:29,185 [main] INFO  server.Server (Server.java:doStart(351)) - jetty-9.3.25.v20180904, build timestamp: 2018-09-04T21:11:46Z, git hash: 3ce520221d0240229c862b122d2b06c12a625732
2019-10-01 17:51:29,186 [main] INFO  handler.ContextHandler (ContextHandler.java:doStart(781)) - Started o.e.j.s.ServletContextHandler@7eaa2bc6{/logs,file:///workdir/hadoop-ozone/integration-test/target/log,AVAILABLE}
2019-10-01 17:51:29,187 [main] INFO  handler.ContextHandler (ContextHandler.java:doStart(781)) - Started o.e.j.s.ServletContextHandler@4d81e83a{/static,jar:file:/home/user/.m2/repository/org/apache/hadoop/hadoop-hdds-container-service/0.5.0-SNAPSHOT/hadoop-hdds-container-service-0.5.0-SNAPSHOT.jar!/webapps/static,AVAILABLE}
2019-10-01 17:51:29,212 [main] INFO  handler.ContextHandler (ContextHandler.java:doStart(781)) - Started o.e.j.w.WebAppContext@787d1f9c{/,file:///tmp/jetty-0.0.0.0-35050-hddsDatanode-_-any-8840972549563715561.dir/webapp/,AVAILABLE}{/hddsDatanode}
2019-10-01 17:51:29,212 [main] INFO  server.AbstractConnector (AbstractConnector.java:doStart(278)) - Started ServerConnector@2becfd4c{HTTP/1.1,[http/1.1]}{0.0.0.0:35050}
2019-10-01 17:51:29,218 [main] INFO  server.Server (Server.java:doStart(419)) - Started @530181ms
2019-10-01 17:51:29,219 [main] WARN  impl.MetricsSystemImpl (MetricsSystemImpl.java:register(276)) - Sink prometheus already exists!
2019-10-01 17:51:29,219 [main] INFO  server.BaseHttpServer (BaseHttpServer.java:updateConnectorAddress(215)) - HTTP server of HDDSDATANODE is listening at http://0.0.0.0:35050
2019-10-01 17:51:29,220 [main] INFO  ozone.MiniOzoneClusterImpl (MiniOzoneClusterImpl.java:lambda$waitForClusterToBeReady$0(147)) - Waiting for cluster to be ready. Got 0 of 7 DN Heartbeats.
2019-10-01 17:51:29,221 [org.apache.hadoop.util.JvmPauseMonitor$Monitor@1f121bed] INFO  util.JvmPauseMonitor (JvmPauseMonitor.java:run(188)) - Starting JVM pause monitor
2019-10-01 17:51:29,222 [Datanode State Machine Thread - 0] INFO  datanode.InitDatanodeState (InitDatanodeState.java:persistContainerDatanodeDetails(140)) - DatanodeDetails is persisted to /workdir/hadoop-ozone/integration-test/target/test-dir/MiniOzoneClusterImpl-3fcc1c04-dad3-4429-8828-bc655c6a986b/datanode-6/meta/datanode.id
2019-10-01 17:51:30,220 [main] INFO  ozone.MiniOzoneClusterImpl (MiniOzoneClusterImpl.java:lambda$waitForClusterToBeReady$0(147)) - Waiting for cluster to be ready. Got 0 of 7 DN Heartbeats.
2019-10-01 17:51:30,839 [Datanode State Machine Thread - 0] INFO  ozoneimpl.OzoneContainer (OzoneContainer.java:start(217)) - Attempting to start container services.
2019-10-01 17:51:30,840 [Datanode State Machine Thread - 0] INFO  ozoneimpl.OzoneContainer (OzoneContainer.java:startContainerScrub(179)) - Background container scanner has been disabled.
2019-10-01 17:51:30,840 [Datanode State Machine Thread - 0] INFO  ratis.XceiverServerRatis (XceiverServerRatis.java:start(417)) - Starting XceiverServerRatis d26b29fd-e359-42d4-b6fd-edc2223e4d4a at port 0
2019-10-01 17:51:30,848 [Datanode State Machine Thread - 0] INFO  impl.RaftServerProxy (RaftServerProxy.java:lambda$start$3(299)) - d26b29fd-e359-42d4-b6fd-edc2223e4d4a: start RPC server
2019-10-01 17:51:30,851 [Datanode State Machine Thread - 0] INFO  server.GrpcService (GrpcService.java:startImpl(158)) - d26b29fd-e359-42d4-b6fd-edc2223e4d4a: GrpcService started, listening on 0.0.0.0/0.0.0.0:46755
2019-10-01 17:51:30,851 [Datanode State Machine Thread - 0] INFO  ratis.XceiverServerRatis (XceiverServerRatis.java:start(427)) - XceiverServerRatis d26b29fd-e359-42d4-b6fd-edc2223e4d4a is started using port 46755
2019-10-01 17:51:30,852 [Datanode State Machine Thread - 0] INFO  server.XceiverServerGrpc (XceiverServerGrpc.java:start(149)) - XceiverServerGrpc d26b29fd-e359-42d4-b6fd-edc2223e4d4a is started using port 37256
2019-10-01 17:51:30,876 [Datanode State Machine Thread - 0] INFO  ozoneimpl.OzoneContainer (OzoneContainer.java:start(217)) - Attempting to start container services.
2019-10-01 17:51:30,877 [Datanode State Machine Thread - 0] INFO  ozoneimpl.OzoneContainer (OzoneContainer.java:startContainerScrub(179)) - Background container scanner has been disabled.
2019-10-01 17:51:30,877 [Datanode State Machine Thread - 0] INFO  ratis.XceiverServerRatis (XceiverServerRatis.java:start(417)) - Starting XceiverServerRatis e5e267b4-3479-43eb-bd9d-fb4a825b0ce3 at port 0
2019-10-01 17:51:30,881 [Datanode State Machine Thread - 0] INFO  impl.RaftServerProxy (RaftServerProxy.java:lambda$start$3(299)) - e5e267b4-3479-43eb-bd9d-fb4a825b0ce3: start RPC server
2019-10-01 17:51:30,881 [Datanode State Machine Thread - 0] INFO  server.GrpcService (GrpcService.java:startImpl(158)) - e5e267b4-3479-43eb-bd9d-fb4a825b0ce3: GrpcService started, listening on 0.0.0.0/0.0.0.0:40692
2019-10-01 17:51:30,881 [Datanode State Machine Thread - 0] INFO  ratis.XceiverServerRatis (XceiverServerRatis.java:start(427)) - XceiverServerRatis e5e267b4-3479-43eb-bd9d-fb4a825b0ce3 is started using port 40692
2019-10-01 17:51:30,882 [Datanode State Machine Thread - 0] INFO  server.XceiverServerGrpc (XceiverServerGrpc.java:start(149)) - XceiverServerGrpc e5e267b4-3479-43eb-bd9d-fb4a825b0ce3 is started using port 44574
2019-10-01 17:51:30,928 [Datanode State Machine Thread - 0] INFO  ozoneimpl.OzoneContainer (OzoneContainer.java:start(217)) - Attempting to start container services.
2019-10-01 17:51:30,928 [Datanode State Machine Thread - 0] INFO  ozoneimpl.OzoneContainer (OzoneContainer.java:startContainerScrub(179)) - Background container scanner has been disabled.
2019-10-01 17:51:30,928 [Datanode State Machine Thread - 0] INFO  ratis.XceiverServerRatis (XceiverServerRatis.java:start(417)) - Starting XceiverServerRatis 1de9d8a1-960a-4e1c-a8de-c280a8f41902 at port 0
2019-10-01 17:51:30,934 [Datanode State Machine Thread - 0] INFO  impl.RaftServerProxy (RaftServerProxy.java:lambda$start$3(299)) - 1de9d8a1-960a-4e1c-a8de-c280a8f41902: start RPC server
2019-10-01 17:51:30,936 [Datanode State Machine Thread - 0] INFO  server.GrpcService (GrpcService.java:startImpl(158)) - 1de9d8a1-960a-4e1c-a8de-c280a8f41902: GrpcService started, listening on 0.0.0.0/0.0.0.0:38477
2019-10-01 17:51:30,936 [Datanode State Machine Thread - 0] INFO  ratis.XceiverServerRatis (XceiverServerRatis.java:start(427)) - XceiverServerRatis 1de9d8a1-960a-4e1c-a8de-c280a8f41902 is started using port 38477
2019-10-01 17:51:30,936 [Datanode State Machine Thread - 0] INFO  server.XceiverServerGrpc (XceiverServerGrpc.java:start(149)) - XceiverServerGrpc 1de9d8a1-960a-4e1c-a8de-c280a8f41902 is started using port 37596
2019-10-01 17:51:30,996 [Datanode State Machine Thread - 0] INFO  ozoneimpl.OzoneContainer (OzoneContainer.java:start(217)) - Attempting to start container services.
2019-10-01 17:51:30,996 [Datanode State Machine Thread - 0] INFO  ozoneimpl.OzoneContainer (OzoneContainer.java:startContainerScrub(179)) - Background container scanner has been disabled.
2019-10-01 17:51:30,996 [Datanode State Machine Thread - 0] INFO  ratis.XceiverServerRatis (XceiverServerRatis.java:start(417)) - Starting XceiverServerRatis 6f1be7eb-5ed9-4a99-aaf5-c3c24c0d732d at port 0
2019-10-01 17:51:31,004 [Datanode State Machine Thread - 0] INFO  impl.RaftServerProxy (RaftServerProxy.java:lambda$start$3(299)) - 6f1be7eb-5ed9-4a99-aaf5-c3c24c0d732d: start RPC server
2019-10-01 17:51:31,006 [Datanode State Machine Thread - 0] INFO  server.GrpcService (GrpcService.java:startImpl(158)) - 6f1be7eb-5ed9-4a99-aaf5-c3c24c0d732d: GrpcService started, listening on 0.0.0.0/0.0.0.0:37763
2019-10-01 17:51:31,007 [Datanode State Machine Thread - 0] INFO  ratis.XceiverServerRatis (XceiverServerRatis.java:start(427)) - XceiverServerRatis 6f1be7eb-5ed9-4a99-aaf5-c3c24c0d732d is started using port 37763
2019-10-01 17:51:31,007 [Datanode State Machine Thread - 0] INFO  server.XceiverServerGrpc (XceiverServerGrpc.java:start(149)) - XceiverServerGrpc 6f1be7eb-5ed9-4a99-aaf5-c3c24c0d732d is started using port 42072
2019-10-01 17:51:31,097 [Datanode State Machine Thread - 0] INFO  ozoneimpl.OzoneContainer (OzoneContainer.java:start(217)) - Attempting to start container services.
2019-10-01 17:51:31,097 [Datanode State Machine Thread - 0] INFO  ozoneimpl.OzoneContainer (OzoneContainer.java:startContainerScrub(179)) - Background container scanner has been disabled.
2019-10-01 17:51:31,098 [Datanode State Machine Thread - 0] INFO  ratis.XceiverServerRatis (XceiverServerRatis.java:start(417)) - Starting XceiverServerRatis 666f51dd-cd6a-4e5d-b5c7-6cf843438a06 at port 0
2019-10-01 17:51:31,105 [Datanode State Machine Thread - 0] INFO  impl.RaftServerProxy (RaftServerProxy.java:lambda$start$3(299)) - 666f51dd-cd6a-4e5d-b5c7-6cf843438a06: start RPC server
2019-10-01 17:51:31,108 [Datanode State Machine Thread - 0] INFO  server.GrpcService (GrpcService.java:startImpl(158)) - 666f51dd-cd6a-4e5d-b5c7-6cf843438a06: GrpcService started, listening on 0.0.0.0/0.0.0.0:37662
2019-10-01 17:51:31,109 [Datanode State Machine Thread - 0] INFO  ratis.XceiverServerRatis (XceiverServerRatis.java:start(427)) - XceiverServerRatis 666f51dd-cd6a-4e5d-b5c7-6cf843438a06 is started using port 37662
2019-10-01 17:51:31,111 [Datanode State Machine Thread - 0] INFO  server.XceiverServerGrpc (XceiverServerGrpc.java:start(149)) - XceiverServerGrpc 666f51dd-cd6a-4e5d-b5c7-6cf843438a06 is started using port 43707
2019-10-01 17:51:31,168 [Datanode State Machine Thread - 0] INFO  ozoneimpl.OzoneContainer (OzoneContainer.java:start(217)) - Attempting to start container services.
2019-10-01 17:51:31,168 [Datanode State Machine Thread - 0] INFO  ozoneimpl.OzoneContainer (OzoneContainer.java:startContainerScrub(179)) - Background container scanner has been disabled.
2019-10-01 17:51:31,168 [Datanode State Machine Thread - 0] INFO  ratis.XceiverServerRatis (XceiverServerRatis.java:start(417)) - Starting XceiverServerRatis 9638bbdb-f358-46da-a109-5d5ce44b258d at port 0
2019-10-01 17:51:31,175 [Datanode State Machine Thread - 0] INFO  impl.RaftServerProxy (RaftServerProxy.java:lambda$start$3(299)) - 9638bbdb-f358-46da-a109-5d5ce44b258d: start RPC server
2019-10-01 17:51:31,177 [Datanode State Machine Thread - 0] INFO  server.GrpcService (GrpcService.java:startImpl(158)) - 9638bbdb-f358-46da-a109-5d5ce44b258d: GrpcService started, listening on 0.0.0.0/0.0.0.0:35521
2019-10-01 17:51:31,178 [Datanode State Machine Thread - 0] INFO  ratis.XceiverServerRatis (XceiverServerRatis.java:start(427)) - XceiverServerRatis 9638bbdb-f358-46da-a109-5d5ce44b258d is started using port 35521
2019-10-01 17:51:31,178 [Datanode State Machine Thread - 0] INFO  server.XceiverServerGrpc (XceiverServerGrpc.java:start(149)) - XceiverServerGrpc 9638bbdb-f358-46da-a109-5d5ce44b258d is started using port 46742
2019-10-01 17:51:31,221 [main] INFO  ozone.MiniOzoneClusterImpl (MiniOzoneClusterImpl.java:lambda$waitForClusterToBeReady$0(147)) - Waiting for cluster to be ready. Got 0 of 7 DN Heartbeats.
2019-10-01 17:51:31,236 [Datanode State Machine Thread - 0] INFO  ozoneimpl.OzoneContainer (OzoneContainer.java:start(217)) - Attempting to start container services.
2019-10-01 17:51:31,237 [Datanode State Machine Thread - 0] INFO  ozoneimpl.OzoneContainer (OzoneContainer.java:startContainerScrub(179)) - Background container scanner has been disabled.
2019-10-01 17:51:31,237 [Datanode State Machine Thread - 0] INFO  ratis.XceiverServerRatis (XceiverServerRatis.java:start(417)) - Starting XceiverServerRatis e3b58b45-da1c-4e2f-8089-db0d67210d22 at port 0
2019-10-01 17:51:31,244 [Datanode State Machine Thread - 0] INFO  impl.RaftServerProxy (RaftServerProxy.java:lambda$start$3(299)) - e3b58b45-da1c-4e2f-8089-db0d67210d22: start RPC server
2019-10-01 17:51:31,245 [Datanode State Machine Thread - 0] INFO  server.GrpcService (GrpcService.java:startImpl(158)) - e3b58b45-da1c-4e2f-8089-db0d67210d22: GrpcService started, listening on 0.0.0.0/0.0.0.0:40334
2019-10-01 17:51:31,245 [Datanode State Machine Thread - 0] INFO  ratis.XceiverServerRatis (XceiverServerRatis.java:start(427)) - XceiverServerRatis e3b58b45-da1c-4e2f-8089-db0d67210d22 is started using port 40334
2019-10-01 17:51:31,255 [Datanode State Machine Thread - 0] INFO  server.XceiverServerGrpc (XceiverServerGrpc.java:start(149)) - XceiverServerGrpc e3b58b45-da1c-4e2f-8089-db0d67210d22 is started using port 43129
2019-10-01 17:51:32,221 [main] INFO  ozone.MiniOzoneClusterImpl (MiniOzoneClusterImpl.java:lambda$waitForClusterToBeReady$0(147)) - Waiting for cluster to be ready. Got 0 of 7 DN Heartbeats.
2019-10-01 17:51:32,813 [IPC Server handler 2 on 46767] INFO  net.NetworkTopology (NetworkTopologyImpl.java:add(111)) - Added a new node: /default-rack/d26b29fd-e359-42d4-b6fd-edc2223e4d4a
2019-10-01 17:51:32,816 [IPC Server handler 2 on 46767] INFO  node.SCMNodeManager (SCMNodeManager.java:register(266)) - Registered Data node : d26b29fd-e359-42d4-b6fd-edc2223e4d4a{ip: 192.168.164.197, host: pr-hdds-2210-qxppt-2300642653, networkLocation: /default-rack, certSerialId: null}
2019-10-01 17:51:32,817 [EventQueue-NodeRegistrationContainerReportForDataNodeSafeModeRule] INFO  safemode.SCMSafeModeManager (DataNodeSafeModeRule.java:process(71)) - SCM in safe mode. 1 DataNodes registered, 1 required.
2019-10-01 17:51:32,820 [EventQueue-NodeRegistrationContainerReportForDataNodeSafeModeRule] INFO  safemode.SCMSafeModeManager (SCMSafeModeManager.java:validateSafeModeExitRules(177)) - ScmSafeModeManager, all rules are successfully validated
2019-10-01 17:51:32,820 [EventQueue-NodeRegistrationContainerReportForDataNodeSafeModeRule] INFO  safemode.SCMSafeModeManager (SCMSafeModeManager.java:exitSafeMode(193)) - SCM exiting safe mode.
2019-10-01 17:51:32,833 [grpc-default-executor-7] INFO  impl.RaftServerProxy (RaftServerProxy.java:addNew(89)) - d26b29fd-e359-42d4-b6fd-edc2223e4d4a: addNew group-9878DA3ADB3A:[d26b29fd-e359-42d4-b6fd-edc2223e4d4a:192.168.164.197:46755] returns group-9878DA3ADB3A:java.util.concurrent.CompletableFuture@46c12efd[Not completed]
2019-10-01 17:51:32,835 [pool-409-thread-1] INFO  impl.RaftServerImpl (RaftServerImpl.java:<init>(95)) - d26b29fd-e359-42d4-b6fd-edc2223e4d4a: new RaftServerImpl for group-9878DA3ADB3A:[d26b29fd-e359-42d4-b6fd-edc2223e4d4a:192.168.164.197:46755] with ContainerStateMachine:uninitialized
2019-10-01 17:51:32,835 [pool-409-thread-1] INFO  server.RaftServerConfigKeys (ConfUtils.java:logGet(43)) - raft.server.rpc.timeout.min = 5s (custom)
2019-10-01 17:51:32,835 [pool-409-thread-1] INFO  server.RaftServerConfigKeys (ConfUtils.java:logGet(43)) - raft.server.rpc.timeout.max = 5200ms (custom)
2019-10-01 17:51:32,835 [pool-409-thread-1] INFO  server.RaftServerConfigKeys (ConfUtils.java:logGet(43)) - raft.server.rpcslowness.timeout = 120s (custom)
2019-10-01 17:51:32,835 [pool-409-thread-1] INFO  server.RaftServerConfigKeys (ConfUtils.java:logGet(43)) - raft.server.sleep.deviation.threshold = 300 (default)
2019-10-01 17:51:32,836 [pool-409-thread-1] INFO  server.RaftServerConfigKeys (ConfUtils.java:logGet(43)) - raft.server.log.appender.install.snapshot.enabled = false (custom)
2019-10-01 17:51:32,836 [pool-409-thread-1] INFO  impl.RaftServerImpl (ServerState.java:<init>(103)) - d26b29fd-e359-42d4-b6fd-edc2223e4d4a@group-9878DA3ADB3A: ConfigurationManager, init=-1: [d26b29fd-e359-42d4-b6fd-edc2223e4d4a:192.168.164.197:46755], old=null, confs=<EMPTY_MAP>
2019-10-01 17:51:32,836 [pool-409-thread-1] INFO  server.RaftServerConfigKeys (ConfUtils.java:logGet(43)) - raft.server.storage.dir = [/workdir/hadoop-ozone/integration-test/target/test-dir/MiniOzoneClusterImpl-3fcc1c04-dad3-4429-8828-bc655c6a986b/datanode-0/data/ratis] (custom)
2019-10-01 17:51:32,836 [pool-409-thread-1] INFO  server.RaftServerConfigKeys (ConfUtils.java:logGet(43)) - raft.server.log.corruption.policy = EXCEPTION (default)
2019-10-01 17:51:32,837 [pool-409-thread-1] INFO  storage.RaftStorageDirectory (RaftStorageDirectory.java:analyzeStorage(246)) - The storage directory /workdir/hadoop-ozone/integration-test/target/test-dir/MiniOzoneClusterImpl-3fcc1c04-dad3-4429-8828-bc655c6a986b/datanode-0/data/ratis/9a8fe3e9-3534-4865-8813-9878da3adb3a does not exist. Creating ...
2019-10-01 17:51:32,850 [pool-409-thread-1] INFO  storage.RaftStorageDirectory (RaftStorageDirectory.java:tryLock(328)) - Lock on /workdir/hadoop-ozone/integration-test/target/test-dir/MiniOzoneClusterImpl-3fcc1c04-dad3-4429-8828-bc655c6a986b/datanode-0/data/ratis/9a8fe3e9-3534-4865-8813-9878da3adb3a/in_use.lock acquired by nodename 28165@pr-hdds-2210-qxppt-2300642653
2019-10-01 17:51:32,862 [IPC Server handler 3 on 46767] INFO  net.NetworkTopology (NetworkTopologyImpl.java:add(111)) - Added a new node: /default-rack/e5e267b4-3479-43eb-bd9d-fb4a825b0ce3
2019-10-01 17:51:32,862 [IPC Server handler 3 on 46767] INFO  node.SCMNodeManager (SCMNodeManager.java:register(266)) - Registered Data node : e5e267b4-3479-43eb-bd9d-fb4a825b0ce3{ip: 192.168.164.197, host: pr-hdds-2210-qxppt-2300642653, networkLocation: /default-rack, certSerialId: null}
2019-10-01 17:51:32,863 [pool-409-thread-1] INFO  storage.RaftStorage (RaftStorage.java:format(84)) - Storage directory /workdir/hadoop-ozone/integration-test/target/test-dir/MiniOzoneClusterImpl-3fcc1c04-dad3-4429-8828-bc655c6a986b/datanode-0/data/ratis/9a8fe3e9-3534-4865-8813-9878da3adb3a has been successfully formatted.
2019-10-01 17:51:32,863 [pool-409-thread-1] INFO  ratis.ContainerStateMachine (ContainerStateMachine.java:loadSnapshot(230)) - group-9878DA3ADB3A: The snapshot info is null. Setting the last applied indexto:(t:0, i:~)
2019-10-01 17:51:32,863 [pool-409-thread-1] INFO  server.RaftServerConfigKeys (ConfUtils.java:logGet(43)) - raft.server.notification.no-leader.timeout = 120s (custom)
2019-10-01 17:51:32,863 [pool-409-thread-1] INFO  server.RaftServerConfigKeys (ConfUtils.java:logGet(43)) - raft.server.log.use.memory = false (default)
2019-10-01 17:51:32,864 [pool-409-thread-1] INFO  server.RaftServerConfigKeys (ConfUtils.java:logGet(43)) - raft.server.log.purge.gap = 1000000 (custom)
2019-10-01 17:51:32,864 [pool-409-thread-1] INFO  server.RaftServerConfigKeys (ConfUtils.java:logGet(43)) - raft.server.log.appender.buffer.byte-limit = 33554432 (custom)
2019-10-01 17:51:32,864 [pool-409-thread-1] INFO  server.RaftServerConfigKeys (ConfUtils.java:logGet(43)) - raft.server.log.segment.size.max = 1048576 (custom)
2019-10-01 17:51:32,865 [pool-409-thread-1] INFO  server.RaftServerConfigKeys (ConfUtils.java:logGet(43)) - raft.server.log.segment.cache.num.max = 2 (custom)
2019-10-01 17:51:32,866 [pool-409-thread-1] INFO  segmented.SegmentedRaftLogWorker (SegmentedRaftLogWorker.java:<init>(173)) - new d26b29fd-e359-42d4-b6fd-edc2223e4d4a@group-9878DA3ADB3A-SegmentedRaftLogWorker for RaftStorage:Storage Directory /workdir/hadoop-ozone/integration-test/target/test-dir/MiniOzoneClusterImpl-3fcc1c04-dad3-4429-8828-bc655c6a986b/datanode-0/data/ratis/9a8fe3e9-3534-4865-8813-9878da3adb3a
2019-10-01 17:51:32,866 [pool-409-thread-1] INFO  server.RaftServerConfigKeys (ConfUtils.java:logGet(43)) - raft.server.log.queue.byte-limit = 2147483647 (custom)
2019-10-01 17:51:32,866 [pool-409-thread-1] INFO  server.RaftServerConfigKeys (ConfUtils.java:logGet(43)) - raft.server.log.queue.element-limit = 1024 (custom)
2019-10-01 17:51:32,866 [pool-409-thread-1] INFO  server.RaftServerConfigKeys (ConfUtils.java:logGet(43)) - raft.server.log.segment.size.max = 1048576 (custom)
2019-10-01 17:51:32,866 [pool-409-thread-1] INFO  server.RaftServerConfigKeys (ConfUtils.java:logGet(43)) - raft.server.log.preallocated.size = 16384 (custom)
2019-10-01 17:51:32,866 [pool-409-thread-1] INFO  server.RaftServerConfigKeys (ConfUtils.java:logGet(43)) - raft.server.log.write.buffer.size = 33554432 (custom)
2019-10-01 17:51:32,866 [pool-409-thread-1] INFO  server.RaftServerConfigKeys (ConfUtils.java:logGet(43)) - raft.server.log.force.sync.num = 128 (default)
2019-10-01 17:51:32,866 [pool-409-thread-1] INFO  server.RaftServerConfigKeys (ConfUtils.java:logGet(43)) - raft.server.log.statemachine.data.sync = true (default)
2019-10-01 17:51:32,866 [pool-409-thread-1] INFO  server.RaftServerConfigKeys (ConfUtils.java:logGet(43)) - raft.server.log.statemachine.data.sync.timeout = 10s (default)
2019-10-01 17:51:32,867 [pool-409-thread-1] INFO  server.RaftServerConfigKeys (ConfUtils.java:logGet(43)) - raft.server.log.statemachine.data.sync.timeout.retry = -1 (default)
2019-10-01 17:51:32,867 [pool-409-thread-1] INFO  server.RaftServerConfigKeys (ConfUtils.java:logGet(43)) - raft.server.log.statemachine.data.caching.enabled = true (custom)
2019-10-01 17:51:32,867 [pool-409-thread-1] INFO  segmented.SegmentedRaftLogWorker (SegmentedRaftLogWorker.java:lambda$new$0(128)) - d26b29fd-e359-42d4-b6fd-edc2223e4d4a@group-9878DA3ADB3A-SegmentedRaftLogWorker: flushIndex: setUnconditionally 0 -> -1
2019-10-01 17:51:32,868 [pool-409-thread-1] INFO  server.RaftServerConfigKeys (ConfUtils.java:logGet(43)) - raft.server.snapshot.auto.trigger.enabled = true (custom)
2019-10-01 17:51:32,868 [pool-409-thread-1] INFO  server.RaftServerConfigKeys (ConfUtils.java:logGet(43)) - raft.server.snapshot.auto.trigger.threshold = 10000 (custom)
2019-10-01 17:51:32,868 [pool-409-thread-1] INFO  server.RaftServerConfigKeys (ConfUtils.java:logGet(43)) - raft.server.snapshot.retention.file.num = 5 (custom)
2019-10-01 17:51:32,868 [pool-409-thread-1] INFO  server.RaftServerConfigKeys (ConfUtils.java:logGet(43)) - raft.server.retrycache.expirytime = 600000ms (custom)
2019-10-01 17:51:32,869 [pool-409-thread-1] INFO  impl.RaftServerImpl (RaftServerImpl.java:start(181)) - d26b29fd-e359-42d4-b6fd-edc2223e4d4a@group-9878DA3ADB3A: start as a follower, conf=-1: [d26b29fd-e359-42d4-b6fd-edc2223e4d4a:192.168.164.197:46755], old=null
2019-10-01 17:51:32,870 [pool-409-thread-1] INFO  impl.RaftServerImpl (RaftServerImpl.java:setRole(170)) - d26b29fd-e359-42d4-b6fd-edc2223e4d4a@group-9878DA3ADB3A: changes role from      null to FOLLOWER at term 0 for startAsFollower
2019-10-01 17:51:32,870 [pool-409-thread-1] INFO  impl.RoleInfo (RoleInfo.java:updateAndGet(143)) - d26b29fd-e359-42d4-b6fd-edc2223e4d4a: start FollowerState
2019-10-01 17:51:32,882 [pool-409-thread-1] INFO  util.JmxRegister (JmxRegister.java:tryRegister(44)) - Successfully registered JMX Bean with object name Ratis:service=RaftServer,group=group-9878DA3ADB3A,id=d26b29fd-e359-42d4-b6fd-edc2223e4d4a
2019-10-01 17:51:32,898 [RatisPipelineUtilsThread] INFO  pipeline.PipelineStateManager (PipelineStateManager.java:addPipeline(56)) - Created pipeline Pipeline[ Id: 9a8fe3e9-3534-4865-8813-9878da3adb3a, Nodes: d26b29fd-e359-42d4-b6fd-edc2223e4d4a{ip: 192.168.164.197, host: pr-hdds-2210-qxppt-2300642653, networkLocation: /default-rack, certSerialId: null}, Type:RATIS, Factor:ONE, State:OPEN]
2019-10-01 17:51:32,905 [grpc-default-executor-7] INFO  impl.RaftServerProxy (RaftServerProxy.java:addNew(89)) - e5e267b4-3479-43eb-bd9d-fb4a825b0ce3: addNew group-0C04899BF17C:[e5e267b4-3479-43eb-bd9d-fb4a825b0ce3:192.168.164.197:40692] returns group-0C04899BF17C:java.util.concurrent.CompletableFuture@4fdf32f4[Not completed]
2019-10-01 17:51:32,906 [pool-419-thread-1] INFO  impl.RaftServerImpl (RaftServerImpl.java:<init>(95)) - e5e267b4-3479-43eb-bd9d-fb4a825b0ce3: new RaftServerImpl for group-0C04899BF17C:[e5e267b4-3479-43eb-bd9d-fb4a825b0ce3:192.168.164.197:40692] with ContainerStateMachine:uninitialized
2019-10-01 17:51:32,906 [pool-419-thread-1] INFO  server.RaftServerConfigKeys (ConfUtils.java:logGet(43)) - raft.server.rpc.timeout.min = 5s (custom)
2019-10-01 17:51:32,906 [pool-419-thread-1] INFO  server.RaftServerConfigKeys (ConfUtils.java:logGet(43)) - raft.server.rpc.timeout.max = 5200ms (custom)
2019-10-01 17:51:32,906 [pool-419-thread-1] INFO  server.RaftServerConfigKeys (ConfUtils.java:logGet(43)) - raft.server.rpcslowness.timeout = 120s (custom)
2019-10-01 17:51:32,906 [pool-419-thread-1] INFO  server.RaftServerConfigKeys (ConfUtils.java:logGet(43)) - raft.server.sleep.deviation.threshold = 300 (default)
2019-10-01 17:51:32,907 [pool-419-thread-1] INFO  server.RaftServerConfigKeys (ConfUtils.java:logGet(43)) - raft.server.log.appender.install.snapshot.enabled = false (custom)
2019-10-01 17:51:32,907 [pool-419-thread-1] INFO  impl.RaftServerImpl (ServerState.java:<init>(103)) - e5e267b4-3479-43eb-bd9d-fb4a825b0ce3@group-0C04899BF17C: ConfigurationManager, init=-1: [e5e267b4-3479-43eb-bd9d-fb4a825b0ce3:192.168.164.197:40692], old=null, confs=<EMPTY_MAP>
2019-10-01 17:51:32,907 [pool-419-thread-1] INFO  server.RaftServerConfigKeys (ConfUtils.java:logGet(43)) - raft.server.storage.dir = [/workdir/hadoop-ozone/integration-test/target/test-dir/MiniOzoneClusterImpl-3fcc1c04-dad3-4429-8828-bc655c6a986b/datanode-1/data/ratis] (custom)
2019-10-01 17:51:32,907 [pool-419-thread-1] INFO  server.RaftServerConfigKeys (ConfUtils.java:logGet(43)) - raft.server.log.corruption.policy = EXCEPTION (default)
2019-10-01 17:51:32,907 [pool-419-thread-1] INFO  storage.RaftStorageDirectory (RaftStorageDirectory.java:analyzeStorage(246)) - The storage directory /workdir/hadoop-ozone/integration-test/target/test-dir/MiniOzoneClusterImpl-3fcc1c04-dad3-4429-8828-bc655c6a986b/datanode-1/data/ratis/9fe80da2-e1d0-4da4-b95c-0c04899bf17c does not exist. Creating ...
2019-10-01 17:51:32,916 [IPC Server handler 4 on 46767] INFO  net.NetworkTopology (NetworkTopologyImpl.java:add(111)) - Added a new node: /default-rack/1de9d8a1-960a-4e1c-a8de-c280a8f41902
2019-10-01 17:51:32,916 [IPC Server handler 4 on 46767] INFO  node.SCMNodeManager (SCMNodeManager.java:register(266)) - Registered Data node : 1de9d8a1-960a-4e1c-a8de-c280a8f41902{ip: 192.168.164.197, host: pr-hdds-2210-qxppt-2300642653, networkLocation: /default-rack, certSerialId: null}
2019-10-01 17:51:32,921 [pool-419-thread-1] INFO  storage.RaftStorageDirectory (RaftStorageDirectory.java:tryLock(328)) - Lock on /workdir/hadoop-ozone/integration-test/target/test-dir/MiniOzoneClusterImpl-3fcc1c04-dad3-4429-8828-bc655c6a986b/datanode-1/data/ratis/9fe80da2-e1d0-4da4-b95c-0c04899bf17c/in_use.lock acquired by nodename 28165@pr-hdds-2210-qxppt-2300642653
2019-10-01 17:51:32,934 [pool-419-thread-1] INFO  storage.RaftStorage (RaftStorage.java:format(84)) - Storage directory /workdir/hadoop-ozone/integration-test/target/test-dir/MiniOzoneClusterImpl-3fcc1c04-dad3-4429-8828-bc655c6a986b/datanode-1/data/ratis/9fe80da2-e1d0-4da4-b95c-0c04899bf17c has been successfully formatted.
2019-10-01 17:51:32,934 [pool-419-thread-1] INFO  ratis.ContainerStateMachine (ContainerStateMachine.java:loadSnapshot(230)) - group-0C04899BF17C: The snapshot info is null. Setting the last applied indexto:(t:0, i:~)
2019-10-01 17:51:32,934 [pool-419-thread-1] INFO  server.RaftServerConfigKeys (ConfUtils.java:logGet(43)) - raft.server.notification.no-leader.timeout = 120s (custom)
2019-10-01 17:51:32,934 [pool-419-thread-1] INFO  server.RaftServerConfigKeys (ConfUtils.java:logGet(43)) - raft.server.log.use.memory = false (default)
2019-10-01 17:51:32,934 [pool-419-thread-1] INFO  server.RaftServerConfigKeys (ConfUtils.java:logGet(43)) - raft.server.log.purge.gap = 1000000 (custom)
2019-10-01 17:51:32,934 [pool-419-thread-1] INFO  server.RaftServerConfigKeys (ConfUtils.java:logGet(43)) - raft.server.log.appender.buffer.byte-limit = 33554432 (custom)
2019-10-01 17:51:32,935 [pool-419-thread-1] INFO  server.RaftServerConfigKeys (ConfUtils.java:logGet(43)) - raft.server.log.segment.size.max = 1048576 (custom)
2019-10-01 17:51:32,936 [pool-419-thread-1] INFO  server.RaftServerConfigKeys (ConfUtils.java:logGet(43)) - raft.server.log.segment.cache.num.max = 2 (custom)
2019-10-01 17:51:32,936 [pool-419-thread-1] INFO  segmented.SegmentedRaftLogWorker (SegmentedRaftLogWorker.java:<init>(173)) - new e5e267b4-3479-43eb-bd9d-fb4a825b0ce3@group-0C04899BF17C-SegmentedRaftLogWorker for RaftStorage:Storage Directory /workdir/hadoop-ozone/integration-test/target/test-dir/MiniOzoneClusterImpl-3fcc1c04-dad3-4429-8828-bc655c6a986b/datanode-1/data/ratis/9fe80da2-e1d0-4da4-b95c-0c04899bf17c
2019-10-01 17:51:32,936 [pool-419-thread-1] INFO  server.RaftServerConfigKeys (ConfUtils.java:logGet(43)) - raft.server.log.queue.byte-limit = 2147483647 (custom)
2019-10-01 17:51:32,936 [pool-419-thread-1] INFO  server.RaftServerConfigKeys (ConfUtils.java:logGet(43)) - raft.server.log.queue.element-limit = 1024 (custom)
2019-10-01 17:51:32,936 [pool-419-thread-1] INFO  server.RaftServerConfigKeys (ConfUtils.java:logGet(43)) - raft.server.log.segment.size.max = 1048576 (custom)
2019-10-01 17:51:32,936 [pool-419-thread-1] INFO  server.RaftServerConfigKeys (ConfUtils.java:logGet(43)) - raft.server.log.preallocated.size = 16384 (custom)
2019-10-01 17:51:32,936 [pool-419-thread-1] INFO  server.RaftServerConfigKeys (ConfUtils.java:logGet(43)) - raft.server.log.write.buffer.size = 33554432 (custom)
2019-10-01 17:51:32,937 [pool-419-thread-1] INFO  server.RaftServerConfigKeys (ConfUtils.java:logGet(43)) - raft.server.log.force.sync.num = 128 (default)
2019-10-01 17:51:32,937 [pool-419-thread-1] INFO  server.RaftServerConfigKeys (ConfUtils.java:logGet(43)) - raft.server.log.statemachine.data.sync = true (default)
2019-10-01 17:51:32,937 [pool-419-thread-1] INFO  server.RaftServerConfigKeys (ConfUtils.java:logGet(43)) - raft.server.log.statemachine.data.sync.timeout = 10s (default)
2019-10-01 17:51:32,937 [pool-419-thread-1] INFO  server.RaftServerConfigKeys (ConfUtils.java:logGet(43)) - raft.server.log.statemachine.data.sync.timeout.retry = -1 (default)
2019-10-01 17:51:32,937 [pool-419-thread-1] INFO  server.RaftServerConfigKeys (ConfUtils.java:logGet(43)) - raft.server.log.statemachine.data.caching.enabled = true (custom)
2019-10-01 17:51:32,937 [pool-419-thread-1] INFO  segmented.SegmentedRaftLogWorker (SegmentedRaftLogWorker.java:lambda$new$0(128)) - e5e267b4-3479-43eb-bd9d-fb4a825b0ce3@group-0C04899BF17C-SegmentedRaftLogWorker: flushIndex: setUnconditionally 0 -> -1
2019-10-01 17:51:32,938 [pool-419-thread-1] INFO  server.RaftServerConfigKeys (ConfUtils.java:logGet(43)) - raft.server.snapshot.auto.trigger.enabled = true (custom)
2019-10-01 17:51:32,938 [pool-419-thread-1] INFO  server.RaftServerConfigKeys (ConfUtils.java:logGet(43)) - raft.server.snapshot.auto.trigger.threshold = 10000 (custom)
2019-10-01 17:51:32,938 [pool-419-thread-1] INFO  server.RaftServerConfigKeys (ConfUtils.java:logGet(43)) - raft.server.snapshot.retention.file.num = 5 (custom)
2019-10-01 17:51:32,938 [pool-419-thread-1] INFO  server.RaftServerConfigKeys (ConfUtils.java:logGet(43)) - raft.server.retrycache.expirytime = 600000ms (custom)
2019-10-01 17:51:32,939 [pool-419-thread-1] INFO  impl.RaftServerImpl (RaftServerImpl.java:start(181)) - e5e267b4-3479-43eb-bd9d-fb4a825b0ce3@group-0C04899BF17C: start as a follower, conf=-1: [e5e267b4-3479-43eb-bd9d-fb4a825b0ce3:192.168.164.197:40692], old=null
2019-10-01 17:51:32,939 [pool-419-thread-1] INFO  impl.RaftServerImpl (RaftServerImpl.java:setRole(170)) - e5e267b4-3479-43eb-bd9d-fb4a825b0ce3@group-0C04899BF17C: changes role from      null to FOLLOWER at term 0 for startAsFollower
2019-10-01 17:51:32,939 [pool-419-thread-1] INFO  impl.RoleInfo (RoleInfo.java:updateAndGet(143)) - e5e267b4-3479-43eb-bd9d-fb4a825b0ce3: start FollowerState
2019-10-01 17:51:32,940 [pool-419-thread-1] INFO  util.JmxRegister (JmxRegister.java:tryRegister(44)) - Successfully registered JMX Bean with object name Ratis:service=RaftServer,group=group-0C04899BF17C,id=e5e267b4-3479-43eb-bd9d-fb4a825b0ce3
2019-10-01 17:51:32,946 [RatisPipelineUtilsThread] INFO  pipeline.PipelineStateManager (PipelineStateManager.java:addPipeline(56)) - Created pipeline Pipeline[ Id: 9fe80da2-e1d0-4da4-b95c-0c04899bf17c, Nodes: e5e267b4-3479-43eb-bd9d-fb4a825b0ce3{ip: 192.168.164.197, host: pr-hdds-2210-qxppt-2300642653, networkLocation: /default-rack, certSerialId: null}, Type:RATIS, Factor:ONE, State:OPEN]
2019-10-01 17:51:32,953 [grpc-default-executor-7] INFO  impl.RaftServerProxy (RaftServerProxy.java:addNew(89)) - 1de9d8a1-960a-4e1c-a8de-c280a8f41902: addNew group-B09D9D51A1E0:[1de9d8a1-960a-4e1c-a8de-c280a8f41902:192.168.164.197:38477] returns group-B09D9D51A1E0:java.util.concurrent.CompletableFuture@51f524fb[Not completed]
2019-10-01 17:51:32,954 [pool-429-thread-1] INFO  impl.RaftServerImpl (RaftServerImpl.java:<init>(95)) - 1de9d8a1-960a-4e1c-a8de-c280a8f41902: new RaftServerImpl for group-B09D9D51A1E0:[1de9d8a1-960a-4e1c-a8de-c280a8f41902:192.168.164.197:38477] with ContainerStateMachine:uninitialized
2019-10-01 17:51:32,954 [pool-429-thread-1] INFO  server.RaftServerConfigKeys (ConfUtils.java:logGet(43)) - raft.server.rpc.timeout.min = 5s (custom)
2019-10-01 17:51:32,954 [pool-429-thread-1] INFO  server.RaftServerConfigKeys (ConfUtils.java:logGet(43)) - raft.server.rpc.timeout.max = 5200ms (custom)
2019-10-01 17:51:32,954 [pool-429-thread-1] INFO  server.RaftServerConfigKeys (ConfUtils.java:logGet(43)) - raft.server.rpcslowness.timeout = 120s (custom)
2019-10-01 17:51:32,955 [pool-429-thread-1] INFO  server.RaftServerConfigKeys (ConfUtils.java:logGet(43)) - raft.server.sleep.deviation.threshold = 300 (default)
2019-10-01 17:51:32,955 [pool-429-thread-1] INFO  server.RaftServerConfigKeys (ConfUtils.java:logGet(43)) - raft.server.log.appender.install.snapshot.enabled = false (custom)
2019-10-01 17:51:32,955 [pool-429-thread-1] INFO  impl.RaftServerImpl (ServerState.java:<init>(103)) - 1de9d8a1-960a-4e1c-a8de-c280a8f41902@group-B09D9D51A1E0: ConfigurationManager, init=-1: [1de9d8a1-960a-4e1c-a8de-c280a8f41902:192.168.164.197:38477], old=null, confs=<EMPTY_MAP>
2019-10-01 17:51:32,955 [pool-429-thread-1] INFO  server.RaftServerConfigKeys (ConfUtils.java:logGet(43)) - raft.server.storage.dir = [/workdir/hadoop-ozone/integration-test/target/test-dir/MiniOzoneClusterImpl-3fcc1c04-dad3-4429-8828-bc655c6a986b/datanode-2/data/ratis] (custom)
2019-10-01 17:51:32,955 [pool-429-thread-1] INFO  server.RaftServerConfigKeys (ConfUtils.java:logGet(43)) - raft.server.log.corruption.policy = EXCEPTION (default)
2019-10-01 17:51:32,955 [pool-429-thread-1] INFO  storage.RaftStorageDirectory (RaftStorageDirectory.java:analyzeStorage(246)) - The storage directory /workdir/hadoop-ozone/integration-test/target/test-dir/MiniOzoneClusterImpl-3fcc1c04-dad3-4429-8828-bc655c6a986b/datanode-2/data/ratis/7b411857-6cc5-4853-8fc1-b09d9d51a1e0 does not exist. Creating ...
2019-10-01 17:51:32,967 [pool-429-thread-1] INFO  storage.RaftStorageDirectory (RaftStorageDirectory.java:tryLock(328)) - Lock on /workdir/hadoop-ozone/integration-test/target/test-dir/MiniOzoneClusterImpl-3fcc1c04-dad3-4429-8828-bc655c6a986b/datanode-2/data/ratis/7b411857-6cc5-4853-8fc1-b09d9d51a1e0/in_use.lock acquired by nodename 28165@pr-hdds-2210-qxppt-2300642653
2019-10-01 17:51:32,980 [pool-429-thread-1] INFO  storage.RaftStorage (RaftStorage.java:format(84)) - Storage directory /workdir/hadoop-ozone/integration-test/target/test-dir/MiniOzoneClusterImpl-3fcc1c04-dad3-4429-8828-bc655c6a986b/datanode-2/data/ratis/7b411857-6cc5-4853-8fc1-b09d9d51a1e0 has been successfully formatted.
2019-10-01 17:51:32,981 [pool-429-thread-1] INFO  ratis.ContainerStateMachine (ContainerStateMachine.java:loadSnapshot(230)) - group-B09D9D51A1E0: The snapshot info is null. Setting the last applied indexto:(t:0, i:~)
2019-10-01 17:51:32,981 [pool-429-thread-1] INFO  server.RaftServerConfigKeys (ConfUtils.java:logGet(43)) - raft.server.notification.no-leader.timeout = 120s (custom)
2019-10-01 17:51:32,981 [pool-429-thread-1] INFO  server.RaftServerConfigKeys (ConfUtils.java:logGet(43)) - raft.server.log.use.memory = false (default)
2019-10-01 17:51:32,981 [pool-429-thread-1] INFO  server.RaftServerConfigKeys (ConfUtils.java:logGet(43)) - raft.server.log.purge.gap = 1000000 (custom)
2019-10-01 17:51:32,981 [pool-429-thread-1] INFO  server.RaftServerConfigKeys (ConfUtils.java:logGet(43)) - raft.server.log.appender.buffer.byte-limit = 33554432 (custom)
2019-10-01 17:51:32,981 [pool-429-thread-1] INFO  server.RaftServerConfigKeys (ConfUtils.java:logGet(43)) - raft.server.log.segment.size.max = 1048576 (custom)
2019-10-01 17:51:32,983 [IPC Server handler 5 on 46767] INFO  net.NetworkTopology (NetworkTopologyImpl.java:add(111)) - Added a new node: /default-rack/6f1be7eb-5ed9-4a99-aaf5-c3c24c0d732d
2019-10-01 17:51:32,983 [pool-429-thread-1] INFO  server.RaftServerConfigKeys (ConfUtils.java:logGet(43)) - raft.server.log.segment.cache.num.max = 2 (custom)
2019-10-01 17:51:32,983 [IPC Server handler 5 on 46767] INFO  node.SCMNodeManager (SCMNodeManager.java:register(266)) - Registered Data node : 6f1be7eb-5ed9-4a99-aaf5-c3c24c0d732d{ip: 192.168.164.197, host: pr-hdds-2210-qxppt-2300642653, networkLocation: /default-rack, certSerialId: null}
2019-10-01 17:51:32,983 [pool-429-thread-1] INFO  segmented.SegmentedRaftLogWorker (SegmentedRaftLogWorker.java:<init>(173)) - new 1de9d8a1-960a-4e1c-a8de-c280a8f41902@group-B09D9D51A1E0-SegmentedRaftLogWorker for RaftStorage:Storage Directory /workdir/hadoop-ozone/integration-test/target/test-dir/MiniOzoneClusterImpl-3fcc1c04-dad3-4429-8828-bc655c6a986b/datanode-2/data/ratis/7b411857-6cc5-4853-8fc1-b09d9d51a1e0
2019-10-01 17:51:32,983 [pool-429-thread-1] INFO  server.RaftServerConfigKeys (ConfUtils.java:logGet(43)) - raft.server.log.queue.byte-limit = 2147483647 (custom)
2019-10-01 17:51:32,984 [pool-429-thread-1] INFO  server.RaftServerConfigKeys (ConfUtils.java:logGet(43)) - raft.server.log.queue.element-limit = 1024 (custom)
2019-10-01 17:51:32,984 [pool-429-thread-1] INFO  server.RaftServerConfigKeys (ConfUtils.java:logGet(43)) - raft.server.log.segment.size.max = 1048576 (custom)
2019-10-01 17:51:32,984 [pool-429-thread-1] INFO  server.RaftServerConfigKeys (ConfUtils.java:logGet(43)) - raft.server.log.preallocated.size = 16384 (custom)
2019-10-01 17:51:32,984 [pool-429-thread-1] INFO  server.RaftServerConfigKeys (ConfUtils.java:logGet(43)) - raft.server.log.write.buffer.size = 33554432 (custom)
2019-10-01 17:51:32,984 [pool-429-thread-1] INFO  server.RaftServerConfigKeys (ConfUtils.java:logGet(43)) - raft.server.log.force.sync.num = 128 (default)
2019-10-01 17:51:32,984 [pool-429-thread-1] INFO  server.RaftServerConfigKeys (ConfUtils.java:logGet(43)) - raft.server.log.statemachine.data.sync = true (default)
2019-10-01 17:51:32,984 [pool-429-thread-1] INFO  server.RaftServerConfigKeys (ConfUtils.java:logGet(43)) - raft.server.log.statemachine.data.sync.timeout = 10s (default)
2019-10-01 17:51:32,984 [pool-429-thread-1] INFO  server.RaftServerConfigKeys (ConfUtils.java:logGet(43)) - raft.server.log.statemachine.data.sync.timeout.retry = -1 (default)
2019-10-01 17:51:32,985 [pool-429-thread-1] INFO  server.RaftServerConfigKeys (ConfUtils.java:logGet(43)) - raft.server.log.statemachine.data.caching.enabled = true (custom)
2019-10-01 17:51:32,985 [pool-429-thread-1] INFO  segmented.SegmentedRaftLogWorker (SegmentedRaftLogWorker.java:lambda$new$0(128)) - 1de9d8a1-960a-4e1c-a8de-c280a8f41902@group-B09D9D51A1E0-SegmentedRaftLogWorker: flushIndex: setUnconditionally 0 -> -1
2019-10-01 17:51:32,985 [pool-429-thread-1] INFO  server.RaftServerConfigKeys (ConfUtils.java:logGet(43)) - raft.server.snapshot.auto.trigger.enabled = true (custom)
2019-10-01 17:51:32,985 [pool-429-thread-1] INFO  server.RaftServerConfigKeys (ConfUtils.java:logGet(43)) - raft.server.snapshot.auto.trigger.threshold = 10000 (custom)
2019-10-01 17:51:32,986 [pool-429-thread-1] INFO  server.RaftServerConfigKeys (ConfUtils.java:logGet(43)) - raft.server.snapshot.retention.file.num = 5 (custom)
2019-10-01 17:51:32,986 [pool-429-thread-1] INFO  server.RaftServerConfigKeys (ConfUtils.java:logGet(43)) - raft.server.retrycache.expirytime = 600000ms (custom)
2019-10-01 17:51:32,987 [pool-429-thread-1] INFO  impl.RaftServerImpl (RaftServerImpl.java:start(181)) - 1de9d8a1-960a-4e1c-a8de-c280a8f41902@group-B09D9D51A1E0: start as a follower, conf=-1: [1de9d8a1-960a-4e1c-a8de-c280a8f41902:192.168.164.197:38477], old=null
2019-10-01 17:51:32,987 [pool-429-thread-1] INFO  impl.RaftServerImpl (RaftServerImpl.java:setRole(170)) - 1de9d8a1-960a-4e1c-a8de-c280a8f41902@group-B09D9D51A1E0: changes role from      null to FOLLOWER at term 0 for startAsFollower
2019-10-01 17:51:32,987 [pool-429-thread-1] INFO  impl.RoleInfo (RoleInfo.java:updateAndGet(143)) - 1de9d8a1-960a-4e1c-a8de-c280a8f41902: start FollowerState
2019-10-01 17:51:32,988 [pool-429-thread-1] INFO  util.JmxRegister (JmxRegister.java:tryRegister(44)) - Successfully registered JMX Bean with object name Ratis:service=RaftServer,group=group-B09D9D51A1E0,id=1de9d8a1-960a-4e1c-a8de-c280a8f41902
2019-10-01 17:51:32,994 [RatisPipelineUtilsThread] INFO  pipeline.PipelineStateManager (PipelineStateManager.java:addPipeline(56)) - Created pipeline Pipeline[ Id: 7b411857-6cc5-4853-8fc1-b09d9d51a1e0, Nodes: 1de9d8a1-960a-4e1c-a8de-c280a8f41902{ip: 192.168.164.197, host: pr-hdds-2210-qxppt-2300642653, networkLocation: /default-rack, certSerialId: null}, Type:RATIS, Factor:ONE, State:OPEN]
2019-10-01 17:51:33,000 [grpc-default-executor-7] INFO  impl.RaftServerProxy (RaftServerProxy.java:addNew(89)) - 6f1be7eb-5ed9-4a99-aaf5-c3c24c0d732d: addNew group-D10A855E449D:[6f1be7eb-5ed9-4a99-aaf5-c3c24c0d732d:192.168.164.197:37763] returns group-D10A855E449D:java.util.concurrent.CompletableFuture@219d7691[Not completed]
2019-10-01 17:51:33,001 [pool-439-thread-1] INFO  impl.RaftServerImpl (RaftServerImpl.java:<init>(95)) - 6f1be7eb-5ed9-4a99-aaf5-c3c24c0d732d: new RaftServerImpl for group-D10A855E449D:[6f1be7eb-5ed9-4a99-aaf5-c3c24c0d732d:192.168.164.197:37763] with ContainerStateMachine:uninitialized
2019-10-01 17:51:33,001 [pool-439-thread-1] INFO  server.RaftServerConfigKeys (ConfUtils.java:logGet(43)) - raft.server.rpc.timeout.min = 5s (custom)
2019-10-01 17:51:33,001 [pool-439-thread-1] INFO  server.RaftServerConfigKeys (ConfUtils.java:logGet(43)) - raft.server.rpc.timeout.max = 5200ms (custom)
2019-10-01 17:51:33,002 [pool-439-thread-1] INFO  server.RaftServerConfigKeys (ConfUtils.java:logGet(43)) - raft.server.rpcslowness.timeout = 120s (custom)
2019-10-01 17:51:33,002 [pool-439-thread-1] INFO  server.RaftServerConfigKeys (ConfUtils.java:logGet(43)) - raft.server.sleep.deviation.threshold = 300 (default)
2019-10-01 17:51:33,002 [pool-439-thread-1] INFO  server.RaftServerConfigKeys (ConfUtils.java:logGet(43)) - raft.server.log.appender.install.snapshot.enabled = false (custom)
2019-10-01 17:51:33,002 [pool-439-thread-1] INFO  impl.RaftServerImpl (ServerState.java:<init>(103)) - 6f1be7eb-5ed9-4a99-aaf5-c3c24c0d732d@group-D10A855E449D: ConfigurationManager, init=-1: [6f1be7eb-5ed9-4a99-aaf5-c3c24c0d732d:192.168.164.197:37763], old=null, confs=<EMPTY_MAP>
2019-10-01 17:51:33,002 [pool-439-thread-1] INFO  server.RaftServerConfigKeys (ConfUtils.java:logGet(43)) - raft.server.storage.dir = [/workdir/hadoop-ozone/integration-test/target/test-dir/MiniOzoneClusterImpl-3fcc1c04-dad3-4429-8828-bc655c6a986b/datanode-3/data/ratis] (custom)
2019-10-01 17:51:33,002 [pool-439-thread-1] INFO  server.RaftServerConfigKeys (ConfUtils.java:logGet(43)) - raft.server.log.corruption.policy = EXCEPTION (default)
2019-10-01 17:51:33,002 [pool-439-thread-1] INFO  storage.RaftStorageDirectory (RaftStorageDirectory.java:analyzeStorage(246)) - The storage directory /workdir/hadoop-ozone/integration-test/target/test-dir/MiniOzoneClusterImpl-3fcc1c04-dad3-4429-8828-bc655c6a986b/datanode-3/data/ratis/907145d0-47e8-4a69-998a-d10a855e449d does not exist. Creating ...
2019-10-01 17:51:33,015 [pool-439-thread-1] INFO  storage.RaftStorageDirectory (RaftStorageDirectory.java:tryLock(328)) - Lock on /workdir/hadoop-ozone/integration-test/target/test-dir/MiniOzoneClusterImpl-3fcc1c04-dad3-4429-8828-bc655c6a986b/datanode-3/data/ratis/907145d0-47e8-4a69-998a-d10a855e449d/in_use.lock acquired by nodename 28165@pr-hdds-2210-qxppt-2300642653
2019-10-01 17:51:33,027 [pool-439-thread-1] INFO  storage.RaftStorage (RaftStorage.java:format(84)) - Storage directory /workdir/hadoop-ozone/integration-test/target/test-dir/MiniOzoneClusterImpl-3fcc1c04-dad3-4429-8828-bc655c6a986b/datanode-3/data/ratis/907145d0-47e8-4a69-998a-d10a855e449d has been successfully formatted.
2019-10-01 17:51:33,027 [pool-439-thread-1] INFO  ratis.ContainerStateMachine (ContainerStateMachine.java:loadSnapshot(230)) - group-D10A855E449D: The snapshot info is null. Setting the last applied indexto:(t:0, i:~)
2019-10-01 17:51:33,028 [pool-439-thread-1] INFO  server.RaftServerConfigKeys (ConfUtils.java:logGet(43)) - raft.server.notification.no-leader.timeout = 120s (custom)
2019-10-01 17:51:33,028 [pool-439-thread-1] INFO  server.RaftServerConfigKeys (ConfUtils.java:logGet(43)) - raft.server.log.use.memory = false (default)
2019-10-01 17:51:33,028 [pool-439-thread-1] INFO  server.RaftServerConfigKeys (ConfUtils.java:logGet(43)) - raft.server.log.purge.gap = 1000000 (custom)
2019-10-01 17:51:33,028 [pool-439-thread-1] INFO  server.RaftServerConfigKeys (ConfUtils.java:logGet(43)) - raft.server.log.appender.buffer.byte-limit = 33554432 (custom)
2019-10-01 17:51:33,028 [pool-439-thread-1] INFO  server.RaftServerConfigKeys (ConfUtils.java:logGet(43)) - raft.server.log.segment.size.max = 1048576 (custom)
2019-10-01 17:51:33,029 [pool-439-thread-1] INFO  server.RaftServerConfigKeys (ConfUtils.java:logGet(43)) - raft.server.log.segment.cache.num.max = 2 (custom)
2019-10-01 17:51:33,029 [pool-439-thread-1] INFO  segmented.SegmentedRaftLogWorker (SegmentedRaftLogWorker.java:<init>(173)) - new 6f1be7eb-5ed9-4a99-aaf5-c3c24c0d732d@group-D10A855E449D-SegmentedRaftLogWorker for RaftStorage:Storage Directory /workdir/hadoop-ozone/integration-test/target/test-dir/MiniOzoneClusterImpl-3fcc1c04-dad3-4429-8828-bc655c6a986b/datanode-3/data/ratis/907145d0-47e8-4a69-998a-d10a855e449d
2019-10-01 17:51:33,029 [pool-439-thread-1] INFO  server.RaftServerConfigKeys (ConfUtils.java:logGet(43)) - raft.server.log.queue.byte-limit = 2147483647 (custom)
2019-10-01 17:51:33,029 [pool-439-thread-1] INFO  server.RaftServerConfigKeys (ConfUtils.java:logGet(43)) - raft.server.log.queue.element-limit = 1024 (custom)
2019-10-01 17:51:33,030 [pool-439-thread-1] INFO  server.RaftServerConfigKeys (ConfUtils.java:logGet(43)) - raft.server.log.segment.size.max = 1048576 (custom)
2019-10-01 17:51:33,030 [pool-439-thread-1] INFO  server.RaftServerConfigKeys (ConfUtils.java:logGet(43)) - raft.server.log.preallocated.size = 16384 (custom)
2019-10-01 17:51:33,030 [pool-439-thread-1] INFO  server.RaftServerConfigKeys (ConfUtils.java:logGet(43)) - raft.server.log.write.buffer.size = 33554432 (custom)
2019-10-01 17:51:33,030 [pool-439-thread-1] INFO  server.RaftServerConfigKeys (ConfUtils.java:logGet(43)) - raft.server.log.force.sync.num = 128 (default)
2019-10-01 17:51:33,030 [pool-439-thread-1] INFO  server.RaftServerConfigKeys (ConfUtils.java:logGet(43)) - raft.server.log.statemachine.data.sync = true (default)
2019-10-01 17:51:33,030 [pool-439-thread-1] INFO  server.RaftServerConfigKeys (ConfUtils.java:logGet(43)) - raft.server.log.statemachine.data.sync.timeout = 10s (default)
2019-10-01 17:51:33,030 [pool-439-thread-1] INFO  server.RaftServerConfigKeys (ConfUtils.java:logGet(43)) - raft.server.log.statemachine.data.sync.timeout.retry = -1 (default)
2019-10-01 17:51:33,030 [pool-439-thread-1] INFO  server.RaftServerConfigKeys (ConfUtils.java:logGet(43)) - raft.server.log.statemachine.data.caching.enabled = true (custom)
2019-10-01 17:51:33,031 [pool-439-thread-1] INFO  segmented.SegmentedRaftLogWorker (SegmentedRaftLogWorker.java:lambda$new$0(128)) - 6f1be7eb-5ed9-4a99-aaf5-c3c24c0d732d@group-D10A855E449D-SegmentedRaftLogWorker: flushIndex: setUnconditionally 0 -> -1
2019-10-01 17:51:33,031 [pool-439-thread-1] INFO  server.RaftServerConfigKeys (ConfUtils.java:logGet(43)) - raft.server.snapshot.auto.trigger.enabled = true (custom)
2019-10-01 17:51:33,031 [pool-439-thread-1] INFO  server.RaftServerConfigKeys (ConfUtils.java:logGet(43)) - raft.server.snapshot.auto.trigger.threshold = 10000 (custom)
2019-10-01 17:51:33,031 [pool-439-thread-1] INFO  server.RaftServerConfigKeys (ConfUtils.java:logGet(43)) - raft.server.snapshot.retention.file.num = 5 (custom)
2019-10-01 17:51:33,031 [pool-439-thread-1] INFO  server.RaftServerConfigKeys (ConfUtils.java:logGet(43)) - raft.server.retrycache.expirytime = 600000ms (custom)
2019-10-01 17:51:33,032 [pool-439-thread-1] INFO  impl.RaftServerImpl (RaftServerImpl.java:start(181)) - 6f1be7eb-5ed9-4a99-aaf5-c3c24c0d732d@group-D10A855E449D: start as a follower, conf=-1: [6f1be7eb-5ed9-4a99-aaf5-c3c24c0d732d:192.168.164.197:37763], old=null
2019-10-01 17:51:33,032 [pool-439-thread-1] INFO  impl.RaftServerImpl (RaftServerImpl.java:setRole(170)) - 6f1be7eb-5ed9-4a99-aaf5-c3c24c0d732d@group-D10A855E449D: changes role from      null to FOLLOWER at term 0 for startAsFollower
2019-10-01 17:51:33,032 [pool-439-thread-1] INFO  impl.RoleInfo (RoleInfo.java:updateAndGet(143)) - 6f1be7eb-5ed9-4a99-aaf5-c3c24c0d732d: start FollowerState
2019-10-01 17:51:33,033 [pool-439-thread-1] INFO  util.JmxRegister (JmxRegister.java:tryRegister(44)) - Successfully registered JMX Bean with object name Ratis:service=RaftServer,group=group-D10A855E449D,id=6f1be7eb-5ed9-4a99-aaf5-c3c24c0d732d
2019-10-01 17:51:33,038 [RatisPipelineUtilsThread] INFO  pipeline.PipelineStateManager (PipelineStateManager.java:addPipeline(56)) - Created pipeline Pipeline[ Id: 907145d0-47e8-4a69-998a-d10a855e449d, Nodes: 6f1be7eb-5ed9-4a99-aaf5-c3c24c0d732d{ip: 192.168.164.197, host: pr-hdds-2210-qxppt-2300642653, networkLocation: /default-rack, certSerialId: null}, Type:RATIS, Factor:ONE, State:OPEN]
2019-10-01 17:51:33,053 [grpc-default-executor-8] INFO  impl.RaftServerProxy (RaftServerProxy.java:addNew(89)) - 1de9d8a1-960a-4e1c-a8de-c280a8f41902: addNew group-AD16ECF7555B:[6f1be7eb-5ed9-4a99-aaf5-c3c24c0d732d:192.168.164.197:37763, d26b29fd-e359-42d4-b6fd-edc2223e4d4a:192.168.164.197:46755, 1de9d8a1-960a-4e1c-a8de-c280a8f41902:192.168.164.197:38477] returns group-AD16ECF7555B:java.util.concurrent.CompletableFuture@72e0cd89[Not completed]
2019-10-01 17:51:33,053 [grpc-default-executor-7] INFO  impl.RaftServerProxy (RaftServerProxy.java:addNew(89)) - d26b29fd-e359-42d4-b6fd-edc2223e4d4a: addNew group-AD16ECF7555B:[6f1be7eb-5ed9-4a99-aaf5-c3c24c0d732d:192.168.164.197:37763, d26b29fd-e359-42d4-b6fd-edc2223e4d4a:192.168.164.197:46755, 1de9d8a1-960a-4e1c-a8de-c280a8f41902:192.168.164.197:38477] returns group-AD16ECF7555B:java.util.concurrent.CompletableFuture@61a105dc[Not completed]
2019-10-01 17:51:33,053 [grpc-default-executor-3] INFO  impl.RaftServerProxy (RaftServerProxy.java:addNew(89)) - 6f1be7eb-5ed9-4a99-aaf5-c3c24c0d732d: addNew group-AD16ECF7555B:[6f1be7eb-5ed9-4a99-aaf5-c3c24c0d732d:192.168.164.197:37763, d26b29fd-e359-42d4-b6fd-edc2223e4d4a:192.168.164.197:46755, 1de9d8a1-960a-4e1c-a8de-c280a8f41902:192.168.164.197:38477] returns group-AD16ECF7555B:java.util.concurrent.CompletableFuture@19811a92[Not completed]
2019-10-01 17:51:33,054 [pool-429-thread-1] INFO  impl.RaftServerImpl (RaftServerImpl.java:<init>(95)) - 1de9d8a1-960a-4e1c-a8de-c280a8f41902: new RaftServerImpl for group-AD16ECF7555B:[6f1be7eb-5ed9-4a99-aaf5-c3c24c0d732d:192.168.164.197:37763, d26b29fd-e359-42d4-b6fd-edc2223e4d4a:192.168.164.197:46755, 1de9d8a1-960a-4e1c-a8de-c280a8f41902:192.168.164.197:38477] with ContainerStateMachine:uninitialized
2019-10-01 17:51:33,054 [pool-429-thread-1] INFO  server.RaftServerConfigKeys (ConfUtils.java:logGet(43)) - raft.server.rpc.timeout.min = 5s (custom)
2019-10-01 17:51:33,055 [pool-439-thread-1] INFO  impl.RaftServerImpl (RaftServerImpl.java:<init>(95)) - 6f1be7eb-5ed9-4a99-aaf5-c3c24c0d732d: new RaftServerImpl for group-AD16ECF7555B:[6f1be7eb-5ed9-4a99-aaf5-c3c24c0d732d:192.168.164.197:37763, d26b29fd-e359-42d4-b6fd-edc2223e4d4a:192.168.164.197:46755, 1de9d8a1-960a-4e1c-a8de-c280a8f41902:192.168.164.197:38477] with ContainerStateMachine:uninitialized
2019-10-01 17:51:33,055 [pool-429-thread-1] INFO  server.RaftServerConfigKeys (ConfUtils.java:logGet(43)) - raft.server.rpc.timeout.max = 5200ms (custom)
2019-10-01 17:51:33,055 [pool-439-thread-1] INFO  server.RaftServerConfigKeys (ConfUtils.java:logGet(43)) - raft.server.rpc.timeout.min = 5s (custom)
2019-10-01 17:51:33,055 [pool-429-thread-1] INFO  server.RaftServerConfigKeys (ConfUtils.java:logGet(43)) - raft.server.rpcslowness.timeout = 120s (custom)
2019-10-01 17:51:33,055 [pool-439-thread-1] INFO  server.RaftServerConfigKeys (ConfUtils.java:logGet(43)) - raft.server.rpc.timeout.max = 5200ms (custom)
2019-10-01 17:51:33,055 [pool-429-thread-1] INFO  server.RaftServerConfigKeys (ConfUtils.java:logGet(43)) - raft.server.sleep.deviation.threshold = 300 (default)
2019-10-01 17:51:33,055 [pool-409-thread-1] INFO  impl.RaftServerImpl (RaftServerImpl.java:<init>(95)) - d26b29fd-e359-42d4-b6fd-edc2223e4d4a: new RaftServerImpl for group-AD16ECF7555B:[6f1be7eb-5ed9-4a99-aaf5-c3c24c0d732d:192.168.164.197:37763, d26b29fd-e359-42d4-b6fd-edc2223e4d4a:192.168.164.197:46755, 1de9d8a1-960a-4e1c-a8de-c280a8f41902:192.168.164.197:38477] with ContainerStateMachine:uninitialized
2019-10-01 17:51:33,055 [pool-439-thread-1] INFO  server.RaftServerConfigKeys (ConfUtils.java:logGet(43)) - raft.server.rpcslowness.timeout = 120s (custom)
2019-10-01 17:51:33,055 [pool-409-thread-1] INFO  server.RaftServerConfigKeys (ConfUtils.java:logGet(43)) - raft.server.rpc.timeout.min = 5s (custom)
2019-10-01 17:51:33,055 [pool-429-thread-1] INFO  server.RaftServerConfigKeys (ConfUtils.java:logGet(43)) - raft.server.log.appender.install.snapshot.enabled = false (custom)
2019-10-01 17:51:33,055 [pool-409-thread-1] INFO  server.RaftServerConfigKeys (ConfUtils.java:logGet(43)) - raft.server.rpc.timeout.max = 5200ms (custom)
2019-10-01 17:51:33,055 [pool-439-thread-1] INFO  server.RaftServerConfigKeys (ConfUtils.java:logGet(43)) - raft.server.sleep.deviation.threshold = 300 (default)
2019-10-01 17:51:33,056 [pool-409-thread-1] INFO  server.RaftServerConfigKeys (ConfUtils.java:logGet(43)) - raft.server.rpcslowness.timeout = 120s (custom)
2019-10-01 17:51:33,056 [pool-429-thread-1] INFO  impl.RaftServerImpl (ServerState.java:<init>(103)) - 1de9d8a1-960a-4e1c-a8de-c280a8f41902@group-AD16ECF7555B: ConfigurationManager, init=-1: [6f1be7eb-5ed9-4a99-aaf5-c3c24c0d732d:192.168.164.197:37763, d26b29fd-e359-42d4-b6fd-edc2223e4d4a:192.168.164.197:46755, 1de9d8a1-960a-4e1c-a8de-c280a8f41902:192.168.164.197:38477], old=null, confs=<EMPTY_MAP>
2019-10-01 17:51:33,056 [pool-409-thread-1] INFO  server.RaftServerConfigKeys (ConfUtils.java:logGet(43)) - raft.server.sleep.deviation.threshold = 300 (default)
2019-10-01 17:51:33,056 [pool-439-thread-1] INFO  server.RaftServerConfigKeys (ConfUtils.java:logGet(43)) - raft.server.log.appender.install.snapshot.enabled = false (custom)
2019-10-01 17:51:33,056 [pool-409-thread-1] INFO  server.RaftServerConfigKeys (ConfUtils.java:logGet(43)) - raft.server.log.appender.install.snapshot.enabled = false (custom)
2019-10-01 17:51:33,056 [pool-429-thread-1] INFO  server.RaftServerConfigKeys (ConfUtils.java:logGet(43)) - raft.server.storage.dir = [/workdir/hadoop-ozone/integration-test/target/test-dir/MiniOzoneClusterImpl-3fcc1c04-dad3-4429-8828-bc655c6a986b/datanode-2/data/ratis] (custom)
2019-10-01 17:51:33,056 [pool-409-thread-1] INFO  impl.RaftServerImpl (ServerState.java:<init>(103)) - d26b29fd-e359-42d4-b6fd-edc2223e4d4a@group-AD16ECF7555B: ConfigurationManager, init=-1: [6f1be7eb-5ed9-4a99-aaf5-c3c24c0d732d:192.168.164.197:37763, d26b29fd-e359-42d4-b6fd-edc2223e4d4a:192.168.164.197:46755, 1de9d8a1-960a-4e1c-a8de-c280a8f41902:192.168.164.197:38477], old=null, confs=<EMPTY_MAP>
2019-10-01 17:51:33,056 [pool-439-thread-1] INFO  impl.RaftServerImpl (ServerState.java:<init>(103)) - 6f1be7eb-5ed9-4a99-aaf5-c3c24c0d732d@group-AD16ECF7555B: ConfigurationManager, init=-1: [6f1be7eb-5ed9-4a99-aaf5-c3c24c0d732d:192.168.164.197:37763, d26b29fd-e359-42d4-b6fd-edc2223e4d4a:192.168.164.197:46755, 1de9d8a1-960a-4e1c-a8de-c280a8f41902:192.168.164.197:38477], old=null, confs=<EMPTY_MAP>
2019-10-01 17:51:33,057 [pool-409-thread-1] INFO  server.RaftServerConfigKeys (ConfUtils.java:logGet(43)) - raft.server.storage.dir = [/workdir/hadoop-ozone/integration-test/target/test-dir/MiniOzoneClusterImpl-3fcc1c04-dad3-4429-8828-bc655c6a986b/datanode-0/data/ratis] (custom)
2019-10-01 17:51:33,057 [pool-429-thread-1] INFO  server.RaftServerConfigKeys (ConfUtils.java:logGet(43)) - raft.server.log.corruption.policy = EXCEPTION (default)
2019-10-01 17:51:33,057 [pool-439-thread-1] INFO  server.RaftServerConfigKeys (ConfUtils.java:logGet(43)) - raft.server.storage.dir = [/workdir/hadoop-ozone/integration-test/target/test-dir/MiniOzoneClusterImpl-3fcc1c04-dad3-4429-8828-bc655c6a986b/datanode-3/data/ratis] (custom)
2019-10-01 17:51:33,057 [pool-409-thread-1] INFO  server.RaftServerConfigKeys (ConfUtils.java:logGet(43)) - raft.server.log.corruption.policy = EXCEPTION (default)
2019-10-01 17:51:33,057 [pool-439-thread-1] INFO  server.RaftServerConfigKeys (ConfUtils.java:logGet(43)) - raft.server.log.corruption.policy = EXCEPTION (default)
2019-10-01 17:51:33,057 [pool-429-thread-1] INFO  storage.RaftStorageDirectory (RaftStorageDirectory.java:analyzeStorage(246)) - The storage directory /workdir/hadoop-ozone/integration-test/target/test-dir/MiniOzoneClusterImpl-3fcc1c04-dad3-4429-8828-bc655c6a986b/datanode-2/data/ratis/9a456893-133c-4e7f-9c91-ad16ecf7555b does not exist. Creating ...
2019-10-01 17:51:33,057 [pool-439-thread-1] INFO  storage.RaftStorageDirectory (RaftStorageDirectory.java:analyzeStorage(246)) - The storage directory /workdir/hadoop-ozone/integration-test/target/test-dir/MiniOzoneClusterImpl-3fcc1c04-dad3-4429-8828-bc655c6a986b/datanode-3/data/ratis/9a456893-133c-4e7f-9c91-ad16ecf7555b does not exist. Creating ...
2019-10-01 17:51:33,057 [pool-409-thread-1] INFO  storage.RaftStorageDirectory (RaftStorageDirectory.java:analyzeStorage(246)) - The storage directory /workdir/hadoop-ozone/integration-test/target/test-dir/MiniOzoneClusterImpl-3fcc1c04-dad3-4429-8828-bc655c6a986b/datanode-0/data/ratis/9a456893-133c-4e7f-9c91-ad16ecf7555b does not exist. Creating ...
2019-10-01 17:51:33,066 [IPC Server handler 6 on 46767] INFO  net.NetworkTopology (NetworkTopologyImpl.java:add(111)) - Added a new node: /default-rack/666f51dd-cd6a-4e5d-b5c7-6cf843438a06
2019-10-01 17:51:33,066 [IPC Server handler 6 on 46767] INFO  node.SCMNodeManager (SCMNodeManager.java:register(266)) - Registered Data node : 666f51dd-cd6a-4e5d-b5c7-6cf843438a06{ip: 192.168.164.197, host: pr-hdds-2210-qxppt-2300642653, networkLocation: /default-rack, certSerialId: null}
2019-10-01 17:51:33,082 [pool-429-thread-1] INFO  storage.RaftStorageDirectory (RaftStorageDirectory.java:tryLock(328)) - Lock on /workdir/hadoop-ozone/integration-test/target/test-dir/MiniOzoneClusterImpl-3fcc1c04-dad3-4429-8828-bc655c6a986b/datanode-2/data/ratis/9a456893-133c-4e7f-9c91-ad16ecf7555b/in_use.lock acquired by nodename 28165@pr-hdds-2210-qxppt-2300642653
2019-10-01 17:51:33,082 [pool-409-thread-1] INFO  storage.RaftStorageDirectory (RaftStorageDirectory.java:tryLock(328)) - Lock on /workdir/hadoop-ozone/integration-test/target/test-dir/MiniOzoneClusterImpl-3fcc1c04-dad3-4429-8828-bc655c6a986b/datanode-0/data/ratis/9a456893-133c-4e7f-9c91-ad16ecf7555b/in_use.lock acquired by nodename 28165@pr-hdds-2210-qxppt-2300642653
2019-10-01 17:51:33,082 [pool-439-thread-1] INFO  storage.RaftStorageDirectory (RaftStorageDirectory.java:tryLock(328)) - Lock on /workdir/hadoop-ozone/integration-test/target/test-dir/MiniOzoneClusterImpl-3fcc1c04-dad3-4429-8828-bc655c6a986b/datanode-3/data/ratis/9a456893-133c-4e7f-9c91-ad16ecf7555b/in_use.lock acquired by nodename 28165@pr-hdds-2210-qxppt-2300642653
2019-10-01 17:51:33,088 [pool-429-thread-1] INFO  storage.RaftStorage (RaftStorage.java:format(84)) - Storage directory /workdir/hadoop-ozone/integration-test/target/test-dir/MiniOzoneClusterImpl-3fcc1c04-dad3-4429-8828-bc655c6a986b/datanode-2/data/ratis/9a456893-133c-4e7f-9c91-ad16ecf7555b has been successfully formatted.
2019-10-01 17:51:33,088 [pool-409-thread-1] INFO  storage.RaftStorage (RaftStorage.java:format(84)) - Storage directory /workdir/hadoop-ozone/integration-test/target/test-dir/MiniOzoneClusterImpl-3fcc1c04-dad3-4429-8828-bc655c6a986b/datanode-0/data/ratis/9a456893-133c-4e7f-9c91-ad16ecf7555b has been successfully formatted.
2019-10-01 17:51:33,088 [pool-439-thread-1] INFO  storage.RaftStorage (RaftStorage.java:format(84)) - Storage directory /workdir/hadoop-ozone/integration-test/target/test-dir/MiniOzoneClusterImpl-3fcc1c04-dad3-4429-8828-bc655c6a986b/datanode-3/data/ratis/9a456893-133c-4e7f-9c91-ad16ecf7555b has been successfully formatted.
2019-10-01 17:51:33,089 [pool-409-thread-1] INFO  ratis.ContainerStateMachine (ContainerStateMachine.java:loadSnapshot(230)) - group-AD16ECF7555B: The snapshot info is null. Setting the last applied indexto:(t:0, i:~)
2019-10-01 17:51:33,089 [pool-429-thread-1] INFO  ratis.ContainerStateMachine (ContainerStateMachine.java:loadSnapshot(230)) - group-AD16ECF7555B: The snapshot info is null. Setting the last applied indexto:(t:0, i:~)
2019-10-01 17:51:33,089 [pool-409-thread-1] INFO  server.RaftServerConfigKeys (ConfUtils.java:logGet(43)) - raft.server.notification.no-leader.timeout = 120s (custom)
2019-10-01 17:51:33,090 [pool-409-thread-1] INFO  server.RaftServerConfigKeys (ConfUtils.java:logGet(43)) - raft.server.log.use.memory = false (default)
2019-10-01 17:51:33,089 [pool-439-thread-1] INFO  ratis.ContainerStateMachine (ContainerStateMachine.java:loadSnapshot(230)) - group-AD16ECF7555B: The snapshot info is null. Setting the last applied indexto:(t:0, i:~)
2019-10-01 17:51:33,090 [pool-409-thread-1] INFO  server.RaftServerConfigKeys (ConfUtils.java:logGet(43)) - raft.server.log.purge.gap = 1000000 (custom)
2019-10-01 17:51:33,089 [pool-429-thread-1] INFO  server.RaftServerConfigKeys (ConfUtils.java:logGet(43)) - raft.server.notification.no-leader.timeout = 120s (custom)
2019-10-01 17:51:33,090 [pool-409-thread-1] INFO  server.RaftServerConfigKeys (ConfUtils.java:logGet(43)) - raft.server.log.appender.buffer.byte-limit = 33554432 (custom)
2019-10-01 17:51:33,090 [pool-439-thread-1] INFO  server.RaftServerConfigKeys (ConfUtils.java:logGet(43)) - raft.server.notification.no-leader.timeout = 120s (custom)
2019-10-01 17:51:33,090 [pool-409-thread-1] INFO  server.RaftServerConfigKeys (ConfUtils.java:logGet(43)) - raft.server.log.segment.size.max = 1048576 (custom)
2019-10-01 17:51:33,090 [pool-429-thread-1] INFO  server.RaftServerConfigKeys (ConfUtils.java:logGet(43)) - raft.server.log.use.memory = false (default)
2019-10-01 17:51:33,091 [pool-409-thread-1] INFO  server.RaftServerConfigKeys (ConfUtils.java:logGet(43)) - raft.server.log.segment.cache.num.max = 2 (custom)
2019-10-01 17:51:33,090 [pool-439-thread-1] INFO  server.RaftServerConfigKeys (ConfUtils.java:logGet(43)) - raft.server.log.use.memory = false (default)
2019-10-01 17:51:33,091 [pool-409-thread-1] INFO  segmented.SegmentedRaftLogWorker (SegmentedRaftLogWorker.java:<init>(173)) - new d26b29fd-e359-42d4-b6fd-edc2223e4d4a@group-AD16ECF7555B-SegmentedRaftLogWorker for RaftStorage:Storage Directory /workdir/hadoop-ozone/integration-test/target/test-dir/MiniOzoneClusterImpl-3fcc1c04-dad3-4429-8828-bc655c6a986b/datanode-0/data/ratis/9a456893-133c-4e7f-9c91-ad16ecf7555b
2019-10-01 17:51:33,091 [pool-429-thread-1] INFO  server.RaftServerConfigKeys (ConfUtils.java:logGet(43)) - raft.server.log.purge.gap = 1000000 (custom)
2019-10-01 17:51:33,091 [pool-409-thread-1] INFO  server.RaftServerConfigKeys (ConfUtils.java:logGet(43)) - raft.server.log.queue.byte-limit = 2147483647 (custom)
2019-10-01 17:51:33,091 [pool-439-thread-1] INFO  server.RaftServerConfigKeys (ConfUtils.java:logGet(43)) - raft.server.log.purge.gap = 1000000 (custom)
2019-10-01 17:51:33,091 [pool-409-thread-1] INFO  server.RaftServerConfigKeys (ConfUtils.java:logGet(43)) - raft.server.log.queue.element-limit = 1024 (custom)
2019-10-01 17:51:33,091 [pool-429-thread-1] INFO  server.RaftServerConfigKeys (ConfUtils.java:logGet(43)) - raft.server.log.appender.buffer.byte-limit = 33554432 (custom)
2019-10-01 17:51:33,092 [pool-409-thread-1] INFO  server.RaftServerConfigKeys (ConfUtils.java:logGet(43)) - raft.server.log.segment.size.max = 1048576 (custom)
2019-10-01 17:51:33,092 [pool-409-thread-1] INFO  server.RaftServerConfigKeys (ConfUtils.java:logGet(43)) - raft.server.log.preallocated.size = 16384 (custom)
2019-10-01 17:51:33,092 [pool-439-thread-1] INFO  server.RaftServerConfigKeys (ConfUtils.java:logGet(43)) - raft.server.log.appender.buffer.byte-limit = 33554432 (custom)
2019-10-01 17:51:33,092 [pool-439-thread-1] INFO  server.RaftServerConfigKeys (ConfUtils.java:logGet(43)) - raft.server.log.segment.size.max = 1048576 (custom)
2019-10-01 17:51:33,092 [pool-409-thread-1] INFO  server.RaftServerConfigKeys (ConfUtils.java:logGet(43)) - raft.server.log.write.buffer.size = 33554432 (custom)
2019-10-01 17:51:33,092 [pool-429-thread-1] INFO  server.RaftServerConfigKeys (ConfUtils.java:logGet(43)) - raft.server.log.segment.size.max = 1048576 (custom)
2019-10-01 17:51:33,093 [pool-409-thread-1] INFO  server.RaftServerConfigKeys (ConfUtils.java:logGet(43)) - raft.server.log.force.sync.num = 128 (default)
2019-10-01 17:51:33,092 [pool-439-thread-1] INFO  server.RaftServerConfigKeys (ConfUtils.java:logGet(43)) - raft.server.log.segment.cache.num.max = 2 (custom)
2019-10-01 17:51:33,093 [pool-409-thread-1] INFO  server.RaftServerConfigKeys (ConfUtils.java:logGet(43)) - raft.server.log.statemachine.data.sync = true (default)
2019-10-01 17:51:33,093 [pool-429-thread-1] INFO  server.RaftServerConfigKeys (ConfUtils.java:logGet(43)) - raft.server.log.segment.cache.num.max = 2 (custom)
2019-10-01 17:51:33,093 [pool-409-thread-1] INFO  server.RaftServerConfigKeys (ConfUtils.java:logGet(43)) - raft.server.log.statemachine.data.sync.timeout = 10s (default)
2019-10-01 17:51:33,093 [pool-439-thread-1] INFO  segmented.SegmentedRaftLogWorker (SegmentedRaftLogWorker.java:<init>(173)) - new 6f1be7eb-5ed9-4a99-aaf5-c3c24c0d732d@group-AD16ECF7555B-SegmentedRaftLogWorker for RaftStorage:Storage Directory /workdir/hadoop-ozone/integration-test/target/test-dir/MiniOzoneClusterImpl-3fcc1c04-dad3-4429-8828-bc655c6a986b/datanode-3/data/ratis/9a456893-133c-4e7f-9c91-ad16ecf7555b
2019-10-01 17:51:33,093 [pool-409-thread-1] INFO  server.RaftServerConfigKeys (ConfUtils.java:logGet(43)) - raft.server.log.statemachine.data.sync.timeout.retry = -1 (default)
2019-10-01 17:51:33,093 [pool-429-thread-1] INFO  segmented.SegmentedRaftLogWorker (SegmentedRaftLogWorker.java:<init>(173)) - new 1de9d8a1-960a-4e1c-a8de-c280a8f41902@group-AD16ECF7555B-SegmentedRaftLogWorker for RaftStorage:Storage Directory /workdir/hadoop-ozone/integration-test/target/test-dir/MiniOzoneClusterImpl-3fcc1c04-dad3-4429-8828-bc655c6a986b/datanode-2/data/ratis/9a456893-133c-4e7f-9c91-ad16ecf7555b
2019-10-01 17:51:33,094 [pool-409-thread-1] INFO  server.RaftServerConfigKeys (ConfUtils.java:logGet(43)) - raft.server.log.statemachine.data.caching.enabled = true (custom)
2019-10-01 17:51:33,093 [pool-439-thread-1] INFO  server.RaftServerConfigKeys (ConfUtils.java:logGet(43)) - raft.server.log.queue.byte-limit = 2147483647 (custom)
2019-10-01 17:51:33,094 [pool-429-thread-1] INFO  server.RaftServerConfigKeys (ConfUtils.java:logGet(43)) - raft.server.log.queue.byte-limit = 2147483647 (custom)
2019-10-01 17:51:33,094 [pool-439-thread-1] INFO  server.RaftServerConfigKeys (ConfUtils.java:logGet(43)) - raft.server.log.queue.element-limit = 1024 (custom)
2019-10-01 17:51:33,094 [pool-409-thread-1] INFO  segmented.SegmentedRaftLogWorker (SegmentedRaftLogWorker.java:lambda$new$0(128)) - d26b29fd-e359-42d4-b6fd-edc2223e4d4a@group-AD16ECF7555B-SegmentedRaftLogWorker: flushIndex: setUnconditionally 0 -> -1
2019-10-01 17:51:33,094 [pool-439-thread-1] INFO  server.RaftServerConfigKeys (ConfUtils.java:logGet(43)) - raft.server.log.segment.size.max = 1048576 (custom)
2019-10-01 17:51:33,094 [pool-429-thread-1] INFO  server.RaftServerConfigKeys (ConfUtils.java:logGet(43)) - raft.server.log.queue.element-limit = 1024 (custom)
2019-10-01 17:51:33,095 [pool-409-thread-1] INFO  server.RaftServerConfigKeys (ConfUtils.java:logGet(43)) - raft.server.snapshot.auto.trigger.enabled = true (custom)
2019-10-01 17:51:33,095 [pool-439-thread-1] INFO  server.RaftServerConfigKeys (ConfUtils.java:logGet(43)) - raft.server.log.preallocated.size = 16384 (custom)
2019-10-01 17:51:33,095 [pool-409-thread-1] INFO  server.RaftServerConfigKeys (ConfUtils.java:logGet(43)) - raft.server.snapshot.auto.trigger.threshold = 10000 (custom)
2019-10-01 17:51:33,095 [pool-429-thread-1] INFO  server.RaftServerConfigKeys (ConfUtils.java:logGet(43)) - raft.server.log.segment.size.max = 1048576 (custom)
2019-10-01 17:51:33,095 [pool-409-thread-1] INFO  server.RaftServerConfigKeys (ConfUtils.java:logGet(43)) - raft.server.snapshot.retention.file.num = 5 (custom)
2019-10-01 17:51:33,095 [pool-439-thread-1] INFO  server.RaftServerConfigKeys (ConfUtils.java:logGet(43)) - raft.server.log.write.buffer.size = 33554432 (custom)
2019-10-01 17:51:33,095 [pool-409-thread-1] INFO  server.RaftServerConfigKeys (ConfUtils.java:logGet(43)) - raft.server.retrycache.expirytime = 600000ms (custom)
2019-10-01 17:51:33,095 [pool-429-thread-1] INFO  server.RaftServerConfigKeys (ConfUtils.java:logGet(43)) - raft.server.log.preallocated.size = 16384 (custom)
2019-10-01 17:51:33,095 [pool-439-thread-1] INFO  server.RaftServerConfigKeys (ConfUtils.java:logGet(43)) - raft.server.log.force.sync.num = 128 (default)
2019-10-01 17:51:33,096 [pool-429-thread-1] INFO  server.RaftServerConfigKeys (ConfUtils.java:logGet(43)) - raft.server.log.write.buffer.size = 33554432 (custom)
2019-10-01 17:51:33,096 [pool-439-thread-1] INFO  server.RaftServerConfigKeys (ConfUtils.java:logGet(43)) - raft.server.log.statemachine.data.sync = true (default)
2019-10-01 17:51:33,096 [pool-429-thread-1] INFO  server.RaftServerConfigKeys (ConfUtils.java:logGet(43)) - raft.server.log.force.sync.num = 128 (default)
2019-10-01 17:51:33,096 [pool-439-thread-1] INFO  server.RaftServerConfigKeys (ConfUtils.java:logGet(43)) - raft.server.log.statemachine.data.sync.timeout = 10s (default)
2019-10-01 17:51:33,096 [pool-429-thread-1] INFO  server.RaftServerConfigKeys (ConfUtils.java:logGet(43)) - raft.server.log.statemachine.data.sync = true (default)
2019-10-01 17:51:33,096 [pool-439-thread-1] INFO  server.RaftServerConfigKeys (ConfUtils.java:logGet(43)) - raft.server.log.statemachine.data.sync.timeout.retry = -1 (default)
2019-10-01 17:51:33,096 [pool-429-thread-1] INFO  server.RaftServerConfigKeys (ConfUtils.java:logGet(43)) - raft.server.log.statemachine.data.sync.timeout = 10s (default)
2019-10-01 17:51:33,096 [pool-439-thread-1] INFO  server.RaftServerConfigKeys (ConfUtils.java:logGet(43)) - raft.server.log.statemachine.data.caching.enabled = true (custom)
2019-10-01 17:51:33,096 [pool-429-thread-1] INFO  server.RaftServerConfigKeys (ConfUtils.java:logGet(43)) - raft.server.log.statemachine.data.sync.timeout.retry = -1 (default)
2019-10-01 17:51:33,097 [pool-429-thread-1] INFO  server.RaftServerConfigKeys (ConfUtils.java:logGet(43)) - raft.server.log.statemachine.data.caching.enabled = true (custom)
2019-10-01 17:51:33,097 [pool-439-thread-1] INFO  segmented.SegmentedRaftLogWorker (SegmentedRaftLogWorker.java:lambda$new$0(128)) - 6f1be7eb-5ed9-4a99-aaf5-c3c24c0d732d@group-AD16ECF7555B-SegmentedRaftLogWorker: flushIndex: setUnconditionally 0 -> -1
2019-10-01 17:51:33,097 [pool-409-thread-1] INFO  impl.RaftServerImpl (RaftServerImpl.java:start(181)) - d26b29fd-e359-42d4-b6fd-edc2223e4d4a@group-AD16ECF7555B: start as a follower, conf=-1: [6f1be7eb-5ed9-4a99-aaf5-c3c24c0d732d:192.168.164.197:37763, d26b29fd-e359-42d4-b6fd-edc2223e4d4a:192.168.164.197:46755, 1de9d8a1-960a-4e1c-a8de-c280a8f41902:192.168.164.197:38477], old=null
2019-10-01 17:51:33,097 [pool-429-thread-1] INFO  segmented.SegmentedRaftLogWorker (SegmentedRaftLogWorker.java:lambda$new$0(128)) - 1de9d8a1-960a-4e1c-a8de-c280a8f41902@group-AD16ECF7555B-SegmentedRaftLogWorker: flushIndex: setUnconditionally 0 -> -1
2019-10-01 17:51:33,097 [pool-409-thread-1] INFO  impl.RaftServerImpl (RaftServerImpl.java:setRole(170)) - d26b29fd-e359-42d4-b6fd-edc2223e4d4a@group-AD16ECF7555B: changes role from      null to FOLLOWER at term 0 for startAsFollower
2019-10-01 17:51:33,097 [pool-439-thread-1] INFO  server.RaftServerConfigKeys (ConfUtils.java:logGet(43)) - raft.server.snapshot.auto.trigger.enabled = true (custom)
2019-10-01 17:51:33,097 [pool-409-thread-1] INFO  impl.RoleInfo (RoleInfo.java:updateAndGet(143)) - d26b29fd-e359-42d4-b6fd-edc2223e4d4a: start FollowerState
2019-10-01 17:51:33,097 [pool-429-thread-1] INFO  server.RaftServerConfigKeys (ConfUtils.java:logGet(43)) - raft.server.snapshot.auto.trigger.enabled = true (custom)
2019-10-01 17:51:33,097 [pool-439-thread-1] INFO  server.RaftServerConfigKeys (ConfUtils.java:logGet(43)) - raft.server.snapshot.auto.trigger.threshold = 10000 (custom)
2019-10-01 17:51:33,098 [pool-429-thread-1] INFO  server.RaftServerConfigKeys (ConfUtils.java:logGet(43)) - raft.server.snapshot.auto.trigger.threshold = 10000 (custom)
2019-10-01 17:51:33,098 [pool-409-thread-1] INFO  util.JmxRegister (JmxRegister.java:tryRegister(44)) - Successfully registered JMX Bean with object name Ratis:service=RaftServer,group=group-AD16ECF7555B,id=d26b29fd-e359-42d4-b6fd-edc2223e4d4a
2019-10-01 17:51:33,098 [pool-439-thread-1] INFO  server.RaftServerConfigKeys (ConfUtils.java:logGet(43)) - raft.server.snapshot.retention.file.num = 5 (custom)
2019-10-01 17:51:33,098 [pool-429-thread-1] INFO  server.RaftServerConfigKeys (ConfUtils.java:logGet(43)) - raft.server.snapshot.retention.file.num = 5 (custom)
2019-10-01 17:51:33,098 [pool-439-thread-1] INFO  server.RaftServerConfigKeys (ConfUtils.java:logGet(43)) - raft.server.retrycache.expirytime = 600000ms (custom)
2019-10-01 17:51:33,098 [pool-429-thread-1] INFO  server.RaftServerConfigKeys (ConfUtils.java:logGet(43)) - raft.server.retrycache.expirytime = 600000ms (custom)
2019-10-01 17:51:33,101 [pool-439-thread-1] INFO  impl.RaftServerImpl (RaftServerImpl.java:start(181)) - 6f1be7eb-5ed9-4a99-aaf5-c3c24c0d732d@group-AD16ECF7555B: start as a follower, conf=-1: [6f1be7eb-5ed9-4a99-aaf5-c3c24c0d732d:192.168.164.197:37763, d26b29fd-e359-42d4-b6fd-edc2223e4d4a:192.168.164.197:46755, 1de9d8a1-960a-4e1c-a8de-c280a8f41902:192.168.164.197:38477], old=null
2019-10-01 17:51:33,101 [pool-429-thread-1] INFO  impl.RaftServerImpl (RaftServerImpl.java:start(181)) - 1de9d8a1-960a-4e1c-a8de-c280a8f41902@group-AD16ECF7555B: start as a follower, conf=-1: [6f1be7eb-5ed9-4a99-aaf5-c3c24c0d732d:192.168.164.197:37763, d26b29fd-e359-42d4-b6fd-edc2223e4d4a:192.168.164.197:46755, 1de9d8a1-960a-4e1c-a8de-c280a8f41902:192.168.164.197:38477], old=null
2019-10-01 17:51:33,106 [pool-439-thread-1] INFO  impl.RaftServerImpl (RaftServerImpl.java:setRole(170)) - 6f1be7eb-5ed9-4a99-aaf5-c3c24c0d732d@group-AD16ECF7555B: changes role from      null to FOLLOWER at term 0 for startAsFollower
2019-10-01 17:51:33,106 [pool-429-thread-1] INFO  impl.RaftServerImpl (RaftServerImpl.java:setRole(170)) - 1de9d8a1-960a-4e1c-a8de-c280a8f41902@group-AD16ECF7555B: changes role from      null to FOLLOWER at term 0 for startAsFollower
2019-10-01 17:51:33,106 [pool-439-thread-1] INFO  impl.RoleInfo (RoleInfo.java:updateAndGet(143)) - 6f1be7eb-5ed9-4a99-aaf5-c3c24c0d732d: start FollowerState
2019-10-01 17:51:33,106 [pool-429-thread-1] INFO  impl.RoleInfo (RoleInfo.java:updateAndGet(143)) - 1de9d8a1-960a-4e1c-a8de-c280a8f41902: start FollowerState
2019-10-01 17:51:33,107 [pool-439-thread-1] INFO  util.JmxRegister (JmxRegister.java:tryRegister(44)) - Successfully registered JMX Bean with object name Ratis:service=RaftServer,group=group-AD16ECF7555B,id=6f1be7eb-5ed9-4a99-aaf5-c3c24c0d732d
2019-10-01 17:51:33,107 [pool-429-thread-1] INFO  util.JmxRegister (JmxRegister.java:tryRegister(44)) - Successfully registered JMX Bean with object name Ratis:service=RaftServer,group=group-AD16ECF7555B,id=1de9d8a1-960a-4e1c-a8de-c280a8f41902
2019-10-01 17:51:33,117 [RatisPipelineUtilsThread] INFO  pipeline.PipelineStateManager (PipelineStateManager.java:addPipeline(56)) - Created pipeline Pipeline[ Id: 9a456893-133c-4e7f-9c91-ad16ecf7555b, Nodes: d26b29fd-e359-42d4-b6fd-edc2223e4d4a{ip: 192.168.164.197, host: pr-hdds-2210-qxppt-2300642653, networkLocation: /default-rack, certSerialId: null}1de9d8a1-960a-4e1c-a8de-c280a8f41902{ip: 192.168.164.197, host: pr-hdds-2210-qxppt-2300642653, networkLocation: /default-rack, certSerialId: null}6f1be7eb-5ed9-4a99-aaf5-c3c24c0d732d{ip: 192.168.164.197, host: pr-hdds-2210-qxppt-2300642653, networkLocation: /default-rack, certSerialId: null}, Type:RATIS, Factor:THREE, State:OPEN]
2019-10-01 17:51:33,128 [grpc-default-executor-7] INFO  impl.RaftServerProxy (RaftServerProxy.java:addNew(89)) - 666f51dd-cd6a-4e5d-b5c7-6cf843438a06: addNew group-A8C506C76092:[666f51dd-cd6a-4e5d-b5c7-6cf843438a06:192.168.164.197:37662] returns group-A8C506C76092:java.util.concurrent.CompletableFuture@2eb74703[Not completed]
2019-10-01 17:51:33,128 [pool-449-thread-1] INFO  impl.RaftServerImpl (RaftServerImpl.java:<init>(95)) - 666f51dd-cd6a-4e5d-b5c7-6cf843438a06: new RaftServerImpl for group-A8C506C76092:[666f51dd-cd6a-4e5d-b5c7-6cf843438a06:192.168.164.197:37662] with ContainerStateMachine:uninitialized
2019-10-01 17:51:33,131 [pool-449-thread-1] INFO  server.RaftServerConfigKeys (ConfUtils.java:logGet(43)) - raft.server.rpc.timeout.min = 5s (custom)
2019-10-01 17:51:33,131 [pool-449-thread-1] INFO  server.RaftServerConfigKeys (ConfUtils.java:logGet(43)) - raft.server.rpc.timeout.max = 5200ms (custom)
2019-10-01 17:51:33,131 [pool-449-thread-1] INFO  server.RaftServerConfigKeys (ConfUtils.java:logGet(43)) - raft.server.rpcslowness.timeout = 120s (custom)
2019-10-01 17:51:33,131 [pool-449-thread-1] INFO  server.RaftServerConfigKeys (ConfUtils.java:logGet(43)) - raft.server.sleep.deviation.threshold = 300 (default)
2019-10-01 17:51:33,131 [pool-449-thread-1] INFO  server.RaftServerConfigKeys (ConfUtils.java:logGet(43)) - raft.server.log.appender.install.snapshot.enabled = false (custom)
2019-10-01 17:51:33,131 [pool-449-thread-1] INFO  impl.RaftServerImpl (ServerState.java:<init>(103)) - 666f51dd-cd6a-4e5d-b5c7-6cf843438a06@group-A8C506C76092: ConfigurationManager, init=-1: [666f51dd-cd6a-4e5d-b5c7-6cf843438a06:192.168.164.197:37662], old=null, confs=<EMPTY_MAP>
2019-10-01 17:51:33,132 [pool-449-thread-1] INFO  server.RaftServerConfigKeys (ConfUtils.java:logGet(43)) - raft.server.storage.dir = [/workdir/hadoop-ozone/integration-test/target/test-dir/MiniOzoneClusterImpl-3fcc1c04-dad3-4429-8828-bc655c6a986b/datanode-4/data/ratis] (custom)
2019-10-01 17:51:33,132 [pool-449-thread-1] INFO  server.RaftServerConfigKeys (ConfUtils.java:logGet(43)) - raft.server.log.corruption.policy = EXCEPTION (default)
2019-10-01 17:51:33,132 [pool-449-thread-1] INFO  storage.RaftStorageDirectory (RaftStorageDirectory.java:analyzeStorage(246)) - The storage directory /workdir/hadoop-ozone/integration-test/target/test-dir/MiniOzoneClusterImpl-3fcc1c04-dad3-4429-8828-bc655c6a986b/datanode-4/data/ratis/e5a5ec6d-5844-4cf8-92b0-a8c506c76092 does not exist. Creating ...
2019-10-01 17:51:33,142 [pool-449-thread-1] INFO  storage.RaftStorageDirectory (RaftStorageDirectory.java:tryLock(328)) - Lock on /workdir/hadoop-ozone/integration-test/target/test-dir/MiniOzoneClusterImpl-3fcc1c04-dad3-4429-8828-bc655c6a986b/datanode-4/data/ratis/e5a5ec6d-5844-4cf8-92b0-a8c506c76092/in_use.lock acquired by nodename 28165@pr-hdds-2210-qxppt-2300642653
2019-10-01 17:51:33,156 [pool-449-thread-1] INFO  storage.RaftStorage (RaftStorage.java:format(84)) - Storage directory /workdir/hadoop-ozone/integration-test/target/test-dir/MiniOzoneClusterImpl-3fcc1c04-dad3-4429-8828-bc655c6a986b/datanode-4/data/ratis/e5a5ec6d-5844-4cf8-92b0-a8c506c76092 has been successfully formatted.
2019-10-01 17:51:33,156 [IPC Server handler 1 on 46767] INFO  net.NetworkTopology (NetworkTopologyImpl.java:add(111)) - Added a new node: /default-rack/9638bbdb-f358-46da-a109-5d5ce44b258d
2019-10-01 17:51:33,156 [pool-449-thread-1] INFO  ratis.ContainerStateMachine (ContainerStateMachine.java:loadSnapshot(230)) - group-A8C506C76092: The snapshot info is null. Setting the last applied indexto:(t:0, i:~)
2019-10-01 17:51:33,156 [IPC Server handler 1 on 46767] INFO  node.SCMNodeManager (SCMNodeManager.java:register(266)) - Registered Data node : 9638bbdb-f358-46da-a109-5d5ce44b258d{ip: 192.168.164.197, host: pr-hdds-2210-qxppt-2300642653, networkLocation: /default-rack, certSerialId: null}
2019-10-01 17:51:33,156 [pool-449-thread-1] INFO  server.RaftServerConfigKeys (ConfUtils.java:logGet(43)) - raft.server.notification.no-leader.timeout = 120s (custom)
2019-10-01 17:51:33,157 [pool-449-thread-1] INFO  server.RaftServerConfigKeys (ConfUtils.java:logGet(43)) - raft.server.log.use.memory = false (default)
2019-10-01 17:51:33,157 [pool-449-thread-1] INFO  server.RaftServerConfigKeys (ConfUtils.java:logGet(43)) - raft.server.log.purge.gap = 1000000 (custom)
2019-10-01 17:51:33,157 [pool-449-thread-1] INFO  server.RaftServerConfigKeys (ConfUtils.java:logGet(43)) - raft.server.log.appender.buffer.byte-limit = 33554432 (custom)
2019-10-01 17:51:33,157 [pool-449-thread-1] INFO  server.RaftServerConfigKeys (ConfUtils.java:logGet(43)) - raft.server.log.segment.size.max = 1048576 (custom)
2019-10-01 17:51:33,158 [pool-449-thread-1] INFO  server.RaftServerConfigKeys (ConfUtils.java:logGet(43)) - raft.server.log.segment.cache.num.max = 2 (custom)
2019-10-01 17:51:33,158 [pool-449-thread-1] INFO  segmented.SegmentedRaftLogWorker (SegmentedRaftLogWorker.java:<init>(173)) - new 666f51dd-cd6a-4e5d-b5c7-6cf843438a06@group-A8C506C76092-SegmentedRaftLogWorker for RaftStorage:Storage Directory /workdir/hadoop-ozone/integration-test/target/test-dir/MiniOzoneClusterImpl-3fcc1c04-dad3-4429-8828-bc655c6a986b/datanode-4/data/ratis/e5a5ec6d-5844-4cf8-92b0-a8c506c76092
2019-10-01 17:51:33,158 [pool-449-thread-1] INFO  server.RaftServerConfigKeys (ConfUtils.java:logGet(43)) - raft.server.log.queue.byte-limit = 2147483647 (custom)
2019-10-01 17:51:33,158 [pool-449-thread-1] INFO  server.RaftServerConfigKeys (ConfUtils.java:logGet(43)) - raft.server.log.queue.element-limit = 1024 (custom)
2019-10-01 17:51:33,158 [pool-449-thread-1] INFO  server.RaftServerConfigKeys (ConfUtils.java:logGet(43)) - raft.server.log.segment.size.max = 1048576 (custom)
2019-10-01 17:51:33,158 [pool-449-thread-1] INFO  server.RaftServerConfigKeys (ConfUtils.java:logGet(43)) - raft.server.log.preallocated.size = 16384 (custom)
2019-10-01 17:51:33,158 [pool-449-thread-1] INFO  server.RaftServerConfigKeys (ConfUtils.java:logGet(43)) - raft.server.log.write.buffer.size = 33554432 (custom)
2019-10-01 17:51:33,158 [pool-449-thread-1] INFO  server.RaftServerConfigKeys (ConfUtils.java:logGet(43)) - raft.server.log.force.sync.num = 128 (default)
2019-10-01 17:51:33,158 [pool-449-thread-1] INFO  server.RaftServerConfigKeys (ConfUtils.java:logGet(43)) - raft.server.log.statemachine.data.sync = true (default)
2019-10-01 17:51:33,158 [pool-449-thread-1] INFO  server.RaftServerConfigKeys (ConfUtils.java:logGet(43)) - raft.server.log.statemachine.data.sync.timeout = 10s (default)
2019-10-01 17:51:33,159 [pool-449-thread-1] INFO  server.RaftServerConfigKeys (ConfUtils.java:logGet(43)) - raft.server.log.statemachine.data.sync.timeout.retry = -1 (default)
2019-10-01 17:51:33,159 [pool-449-thread-1] INFO  server.RaftServerConfigKeys (ConfUtils.java:logGet(43)) - raft.server.log.statemachine.data.caching.enabled = true (custom)
2019-10-01 17:51:33,159 [pool-449-thread-1] INFO  segmented.SegmentedRaftLogWorker (SegmentedRaftLogWorker.java:lambda$new$0(128)) - 666f51dd-cd6a-4e5d-b5c7-6cf843438a06@group-A8C506C76092-SegmentedRaftLogWorker: flushIndex: setUnconditionally 0 -> -1
2019-10-01 17:51:33,159 [pool-449-thread-1] INFO  server.RaftServerConfigKeys (ConfUtils.java:logGet(43)) - raft.server.snapshot.auto.trigger.enabled = true (custom)
2019-10-01 17:51:33,159 [pool-449-thread-1] INFO  server.RaftServerConfigKeys (ConfUtils.java:logGet(43)) - raft.server.snapshot.auto.trigger.threshold = 10000 (custom)
2019-10-01 17:51:33,159 [pool-449-thread-1] INFO  server.RaftServerConfigKeys (ConfUtils.java:logGet(43)) - raft.server.snapshot.retention.file.num = 5 (custom)
2019-10-01 17:51:33,159 [pool-449-thread-1] INFO  server.RaftServerConfigKeys (ConfUtils.java:logGet(43)) - raft.server.retrycache.expirytime = 600000ms (custom)
2019-10-01 17:51:33,160 [pool-449-thread-1] INFO  impl.RaftServerImpl (RaftServerImpl.java:start(181)) - 666f51dd-cd6a-4e5d-b5c7-6cf843438a06@group-A8C506C76092: start as a follower, conf=-1: [666f51dd-cd6a-4e5d-b5c7-6cf843438a06:192.168.164.197:37662], old=null
2019-10-01 17:51:33,160 [pool-449-thread-1] INFO  impl.RaftServerImpl (RaftServerImpl.java:setRole(170)) - 666f51dd-cd6a-4e5d-b5c7-6cf843438a06@group-A8C506C76092: changes role from      null to FOLLOWER at term 0 for startAsFollower
2019-10-01 17:51:33,160 [pool-449-thread-1] INFO  impl.RoleInfo (RoleInfo.java:updateAndGet(143)) - 666f51dd-cd6a-4e5d-b5c7-6cf843438a06: start FollowerState
2019-10-01 17:51:33,161 [pool-449-thread-1] INFO  util.JmxRegister (JmxRegister.java:tryRegister(44)) - Successfully registered JMX Bean with object name Ratis:service=RaftServer,group=group-A8C506C76092,id=666f51dd-cd6a-4e5d-b5c7-6cf843438a06
2019-10-01 17:51:33,166 [RatisPipelineUtilsThread] INFO  pipeline.PipelineStateManager (PipelineStateManager.java:addPipeline(56)) - Created pipeline Pipeline[ Id: e5a5ec6d-5844-4cf8-92b0-a8c506c76092, Nodes: 666f51dd-cd6a-4e5d-b5c7-6cf843438a06{ip: 192.168.164.197, host: pr-hdds-2210-qxppt-2300642653, networkLocation: /default-rack, certSerialId: null}, Type:RATIS, Factor:ONE, State:OPEN]
2019-10-01 17:51:33,172 [grpc-default-executor-7] INFO  impl.RaftServerProxy (RaftServerProxy.java:addNew(89)) - 9638bbdb-f358-46da-a109-5d5ce44b258d: addNew group-CDCC760375FC:[9638bbdb-f358-46da-a109-5d5ce44b258d:192.168.164.197:35521] returns group-CDCC760375FC:java.util.concurrent.CompletableFuture@135aade6[Not completed]
2019-10-01 17:51:33,173 [pool-459-thread-1] INFO  impl.RaftServerImpl (RaftServerImpl.java:<init>(95)) - 9638bbdb-f358-46da-a109-5d5ce44b258d: new RaftServerImpl for group-CDCC760375FC:[9638bbdb-f358-46da-a109-5d5ce44b258d:192.168.164.197:35521] with ContainerStateMachine:uninitialized
2019-10-01 17:51:33,173 [pool-459-thread-1] INFO  server.RaftServerConfigKeys (ConfUtils.java:logGet(43)) - raft.server.rpc.timeout.min = 5s (custom)
2019-10-01 17:51:33,173 [pool-459-thread-1] INFO  server.RaftServerConfigKeys (ConfUtils.java:logGet(43)) - raft.server.rpc.timeout.max = 5200ms (custom)
2019-10-01 17:51:33,173 [pool-459-thread-1] INFO  server.RaftServerConfigKeys (ConfUtils.java:logGet(43)) - raft.server.rpcslowness.timeout = 120s (custom)
2019-10-01 17:51:33,173 [pool-459-thread-1] INFO  server.RaftServerConfigKeys (ConfUtils.java:logGet(43)) - raft.server.sleep.deviation.threshold = 300 (default)
2019-10-01 17:51:33,173 [pool-459-thread-1] INFO  server.RaftServerConfigKeys (ConfUtils.java:logGet(43)) - raft.server.log.appender.install.snapshot.enabled = false (custom)
2019-10-01 17:51:33,174 [pool-459-thread-1] INFO  impl.RaftServerImpl (ServerState.java:<init>(103)) - 9638bbdb-f358-46da-a109-5d5ce44b258d@group-CDCC760375FC: ConfigurationManager, init=-1: [9638bbdb-f358-46da-a109-5d5ce44b258d:192.168.164.197:35521], old=null, confs=<EMPTY_MAP>
2019-10-01 17:51:33,174 [pool-459-thread-1] INFO  server.RaftServerConfigKeys (ConfUtils.java:logGet(43)) - raft.server.storage.dir = [/workdir/hadoop-ozone/integration-test/target/test-dir/MiniOzoneClusterImpl-3fcc1c04-dad3-4429-8828-bc655c6a986b/datanode-5/data/ratis] (custom)
2019-10-01 17:51:33,174 [pool-459-thread-1] INFO  server.RaftServerConfigKeys (ConfUtils.java:logGet(43)) - raft.server.log.corruption.policy = EXCEPTION (default)
2019-10-01 17:51:33,174 [pool-459-thread-1] INFO  storage.RaftStorageDirectory (RaftStorageDirectory.java:analyzeStorage(246)) - The storage directory /workdir/hadoop-ozone/integration-test/target/test-dir/MiniOzoneClusterImpl-3fcc1c04-dad3-4429-8828-bc655c6a986b/datanode-5/data/ratis/0710675e-85e2-4e7b-973d-cdcc760375fc does not exist. Creating ...
2019-10-01 17:51:33,186 [pool-459-thread-1] INFO  storage.RaftStorageDirectory (RaftStorageDirectory.java:tryLock(328)) - Lock on /workdir/hadoop-ozone/integration-test/target/test-dir/MiniOzoneClusterImpl-3fcc1c04-dad3-4429-8828-bc655c6a986b/datanode-5/data/ratis/0710675e-85e2-4e7b-973d-cdcc760375fc/in_use.lock acquired by nodename 28165@pr-hdds-2210-qxppt-2300642653
2019-10-01 17:51:33,199 [pool-459-thread-1] INFO  storage.RaftStorage (RaftStorage.java:format(84)) - Storage directory /workdir/hadoop-ozone/integration-test/target/test-dir/MiniOzoneClusterImpl-3fcc1c04-dad3-4429-8828-bc655c6a986b/datanode-5/data/ratis/0710675e-85e2-4e7b-973d-cdcc760375fc has been successfully formatted.
2019-10-01 17:51:33,199 [pool-459-thread-1] INFO  ratis.ContainerStateMachine (ContainerStateMachine.java:loadSnapshot(230)) - group-CDCC760375FC: The snapshot info is null. Setting the last applied indexto:(t:0, i:~)
2019-10-01 17:51:33,199 [pool-459-thread-1] INFO  server.RaftServerConfigKeys (ConfUtils.java:logGet(43)) - raft.server.notification.no-leader.timeout = 120s (custom)
2019-10-01 17:51:33,199 [pool-459-thread-1] INFO  server.RaftServerConfigKeys (ConfUtils.java:logGet(43)) - raft.server.log.use.memory = false (default)
2019-10-01 17:51:33,199 [pool-459-thread-1] INFO  server.RaftServerConfigKeys (ConfUtils.java:logGet(43)) - raft.server.log.purge.gap = 1000000 (custom)
2019-10-01 17:51:33,199 [pool-459-thread-1] INFO  server.RaftServerConfigKeys (ConfUtils.java:logGet(43)) - raft.server.log.appender.buffer.byte-limit = 33554432 (custom)
2019-10-01 17:51:33,199 [pool-459-thread-1] INFO  server.RaftServerConfigKeys (ConfUtils.java:logGet(43)) - raft.server.log.segment.size.max = 1048576 (custom)
2019-10-01 17:51:33,200 [pool-459-thread-1] INFO  server.RaftServerConfigKeys (ConfUtils.java:logGet(43)) - raft.server.log.segment.cache.num.max = 2 (custom)
2019-10-01 17:51:33,200 [pool-459-thread-1] INFO  segmented.SegmentedRaftLogWorker (SegmentedRaftLogWorker.java:<init>(173)) - new 9638bbdb-f358-46da-a109-5d5ce44b258d@group-CDCC760375FC-SegmentedRaftLogWorker for RaftStorage:Storage Directory /workdir/hadoop-ozone/integration-test/target/test-dir/MiniOzoneClusterImpl-3fcc1c04-dad3-4429-8828-bc655c6a986b/datanode-5/data/ratis/0710675e-85e2-4e7b-973d-cdcc760375fc
2019-10-01 17:51:33,201 [pool-459-thread-1] INFO  server.RaftServerConfigKeys (ConfUtils.java:logGet(43)) - raft.server.log.queue.byte-limit = 2147483647 (custom)
2019-10-01 17:51:33,201 [pool-459-thread-1] INFO  server.RaftServerConfigKeys (ConfUtils.java:logGet(43)) - raft.server.log.queue.element-limit = 1024 (custom)
2019-10-01 17:51:33,201 [pool-459-thread-1] INFO  server.RaftServerConfigKeys (ConfUtils.java:logGet(43)) - raft.server.log.segment.size.max = 1048576 (custom)
2019-10-01 17:51:33,201 [pool-459-thread-1] INFO  server.RaftServerConfigKeys (ConfUtils.java:logGet(43)) - raft.server.log.preallocated.size = 16384 (custom)
2019-10-01 17:51:33,201 [pool-459-thread-1] INFO  server.RaftServerConfigKeys (ConfUtils.java:logGet(43)) - raft.server.log.write.buffer.size = 33554432 (custom)
2019-10-01 17:51:33,201 [pool-459-thread-1] INFO  server.RaftServerConfigKeys (ConfUtils.java:logGet(43)) - raft.server.log.force.sync.num = 128 (default)
2019-10-01 17:51:33,201 [pool-459-thread-1] INFO  server.RaftServerConfigKeys (ConfUtils.java:logGet(43)) - raft.server.log.statemachine.data.sync = true (default)
2019-10-01 17:51:33,201 [pool-459-thread-1] INFO  server.RaftServerConfigKeys (ConfUtils.java:logGet(43)) - raft.server.log.statemachine.data.sync.timeout = 10s (default)
2019-10-01 17:51:33,201 [pool-459-thread-1] INFO  server.RaftServerConfigKeys (ConfUtils.java:logGet(43)) - raft.server.log.statemachine.data.sync.timeout.retry = -1 (default)
2019-10-01 17:51:33,202 [pool-459-thread-1] INFO  server.RaftServerConfigKeys (ConfUtils.java:logGet(43)) - raft.server.log.statemachine.data.caching.enabled = true (custom)
2019-10-01 17:51:33,202 [pool-459-thread-1] INFO  segmented.SegmentedRaftLogWorker (SegmentedRaftLogWorker.java:lambda$new$0(128)) - 9638bbdb-f358-46da-a109-5d5ce44b258d@group-CDCC760375FC-SegmentedRaftLogWorker: flushIndex: setUnconditionally 0 -> -1
2019-10-01 17:51:33,202 [pool-459-thread-1] INFO  server.RaftServerConfigKeys (ConfUtils.java:logGet(43)) - raft.server.snapshot.auto.trigger.enabled = true (custom)
2019-10-01 17:51:33,203 [pool-459-thread-1] INFO  server.RaftServerConfigKeys (ConfUtils.java:logGet(43)) - raft.server.snapshot.auto.trigger.threshold = 10000 (custom)
2019-10-01 17:51:33,203 [pool-459-thread-1] INFO  server.RaftServerConfigKeys (ConfUtils.java:logGet(43)) - raft.server.snapshot.retention.file.num = 5 (custom)
2019-10-01 17:51:33,203 [pool-459-thread-1] INFO  server.RaftServerConfigKeys (ConfUtils.java:logGet(43)) - raft.server.retrycache.expirytime = 600000ms (custom)
2019-10-01 17:51:33,204 [pool-459-thread-1] INFO  impl.RaftServerImpl (RaftServerImpl.java:start(181)) - 9638bbdb-f358-46da-a109-5d5ce44b258d@group-CDCC760375FC: start as a follower, conf=-1: [9638bbdb-f358-46da-a109-5d5ce44b258d:192.168.164.197:35521], old=null
2019-10-01 17:51:33,204 [pool-459-thread-1] INFO  impl.RaftServerImpl (RaftServerImpl.java:setRole(170)) - 9638bbdb-f358-46da-a109-5d5ce44b258d@group-CDCC760375FC: changes role from      null to FOLLOWER at term 0 for startAsFollower
2019-10-01 17:51:33,204 [pool-459-thread-1] INFO  impl.RoleInfo (RoleInfo.java:updateAndGet(143)) - 9638bbdb-f358-46da-a109-5d5ce44b258d: start FollowerState
2019-10-01 17:51:33,204 [pool-459-thread-1] INFO  util.JmxRegister (JmxRegister.java:tryRegister(44)) - Successfully registered JMX Bean with object name Ratis:service=RaftServer,group=group-CDCC760375FC,id=9638bbdb-f358-46da-a109-5d5ce44b258d
2019-10-01 17:51:33,209 [RatisPipelineUtilsThread] INFO  pipeline.PipelineStateManager (PipelineStateManager.java:addPipeline(56)) - Created pipeline Pipeline[ Id: 0710675e-85e2-4e7b-973d-cdcc760375fc, Nodes: 9638bbdb-f358-46da-a109-5d5ce44b258d{ip: 192.168.164.197, host: pr-hdds-2210-qxppt-2300642653, networkLocation: /default-rack, certSerialId: null}, Type:RATIS, Factor:ONE, State:OPEN]
2019-10-01 17:51:33,222 [main] INFO  ozone.MiniOzoneClusterImpl (MiniOzoneClusterImpl.java:lambda$waitForClusterToBeReady$0(147)) - Waiting for cluster to be ready. Got 6 of 7 DN Heartbeats.
2019-10-01 17:51:33,225 [IPC Server handler 2 on 46767] INFO  net.NetworkTopology (NetworkTopologyImpl.java:add(111)) - Added a new node: /default-rack/e3b58b45-da1c-4e2f-8089-db0d67210d22
2019-10-01 17:51:33,225 [IPC Server handler 2 on 46767] INFO  node.SCMNodeManager (SCMNodeManager.java:register(266)) - Registered Data node : e3b58b45-da1c-4e2f-8089-db0d67210d22{ip: 192.168.164.197, host: pr-hdds-2210-qxppt-2300642653, networkLocation: /default-rack, certSerialId: null}
2019-10-01 17:51:33,225 [grpc-default-executor-3] INFO  impl.RaftServerProxy (RaftServerProxy.java:addNew(89)) - 9638bbdb-f358-46da-a109-5d5ce44b258d: addNew group-7223CD6EBBF6:[9638bbdb-f358-46da-a109-5d5ce44b258d:192.168.164.197:35521, 666f51dd-cd6a-4e5d-b5c7-6cf843438a06:192.168.164.197:37662, e5e267b4-3479-43eb-bd9d-fb4a825b0ce3:192.168.164.197:40692] returns group-7223CD6EBBF6:java.util.concurrent.CompletableFuture@263ffe04[Not completed]
2019-10-01 17:51:33,226 [grpc-default-executor-7] INFO  impl.RaftServerProxy (RaftServerProxy.java:addNew(89)) - e5e267b4-3479-43eb-bd9d-fb4a825b0ce3: addNew group-7223CD6EBBF6:[9638bbdb-f358-46da-a109-5d5ce44b258d:192.168.164.197:35521, 666f51dd-cd6a-4e5d-b5c7-6cf843438a06:192.168.164.197:37662, e5e267b4-3479-43eb-bd9d-fb4a825b0ce3:192.168.164.197:40692] returns group-7223CD6EBBF6:java.util.concurrent.CompletableFuture@4919319d[Not completed]
2019-10-01 17:51:33,226 [grpc-default-executor-8] INFO  impl.RaftServerProxy (RaftServerProxy.java:addNew(89)) - 666f51dd-cd6a-4e5d-b5c7-6cf843438a06: addNew group-7223CD6EBBF6:[9638bbdb-f358-46da-a109-5d5ce44b258d:192.168.164.197:35521, 666f51dd-cd6a-4e5d-b5c7-6cf843438a06:192.168.164.197:37662, e5e267b4-3479-43eb-bd9d-fb4a825b0ce3:192.168.164.197:40692] returns group-7223CD6EBBF6:java.util.concurrent.CompletableFuture@3221ea34[Not completed]
2019-10-01 17:51:33,226 [pool-459-thread-1] INFO  impl.RaftServerImpl (RaftServerImpl.java:<init>(95)) - 9638bbdb-f358-46da-a109-5d5ce44b258d: new RaftServerImpl for group-7223CD6EBBF6:[9638bbdb-f358-46da-a109-5d5ce44b258d:192.168.164.197:35521, 666f51dd-cd6a-4e5d-b5c7-6cf843438a06:192.168.164.197:37662, e5e267b4-3479-43eb-bd9d-fb4a825b0ce3:192.168.164.197:40692] with ContainerStateMachine:uninitialized
2019-10-01 17:51:33,226 [pool-459-thread-1] INFO  server.RaftServerConfigKeys (ConfUtils.java:logGet(43)) - raft.server.rpc.timeout.min = 5s (custom)
2019-10-01 17:51:33,226 [pool-459-thread-1] INFO  server.RaftServerConfigKeys (ConfUtils.java:logGet(43)) - raft.server.rpc.timeout.max = 5200ms (custom)
2019-10-01 17:51:33,226 [pool-459-thread-1] INFO  server.RaftServerConfigKeys (ConfUtils.java:logGet(43)) - raft.server.rpcslowness.timeout = 120s (custom)
2019-10-01 17:51:33,226 [pool-419-thread-1] INFO  impl.RaftServerImpl (RaftServerImpl.java:<init>(95)) - e5e267b4-3479-43eb-bd9d-fb4a825b0ce3: new RaftServerImpl for group-7223CD6EBBF6:[9638bbdb-f358-46da-a109-5d5ce44b258d:192.168.164.197:35521, 666f51dd-cd6a-4e5d-b5c7-6cf843438a06:192.168.164.197:37662, e5e267b4-3479-43eb-bd9d-fb4a825b0ce3:192.168.164.197:40692] with ContainerStateMachine:uninitialized
2019-10-01 17:51:33,226 [pool-459-thread-1] INFO  server.RaftServerConfigKeys (ConfUtils.java:logGet(43)) - raft.server.sleep.deviation.threshold = 300 (default)
2019-10-01 17:51:33,226 [pool-419-thread-1] INFO  server.RaftServerConfigKeys (ConfUtils.java:logGet(43)) - raft.server.rpc.timeout.min = 5s (custom)
2019-10-01 17:51:33,226 [pool-449-thread-1] INFO  impl.RaftServerImpl (RaftServerImpl.java:<init>(95)) - 666f51dd-cd6a-4e5d-b5c7-6cf843438a06: new RaftServerImpl for group-7223CD6EBBF6:[9638bbdb-f358-46da-a109-5d5ce44b258d:192.168.164.197:35521, 666f51dd-cd6a-4e5d-b5c7-6cf843438a06:192.168.164.197:37662, e5e267b4-3479-43eb-bd9d-fb4a825b0ce3:192.168.164.197:40692] with ContainerStateMachine:uninitialized
2019-10-01 17:51:33,226 [pool-459-thread-1] INFO  server.RaftServerConfigKeys (ConfUtils.java:logGet(43)) - raft.server.log.appender.install.snapshot.enabled = false (custom)
2019-10-01 17:51:33,227 [pool-449-thread-1] INFO  server.RaftServerConfigKeys (ConfUtils.java:logGet(43)) - raft.server.rpc.timeout.min = 5s (custom)
2019-10-01 17:51:33,227 [pool-419-thread-1] INFO  server.RaftServerConfigKeys (ConfUtils.java:logGet(43)) - raft.server.rpc.timeout.max = 5200ms (custom)
2019-10-01 17:51:33,227 [pool-449-thread-1] INFO  server.RaftServerConfigKeys (ConfUtils.java:logGet(43)) - raft.server.rpc.timeout.max = 5200ms (custom)
2019-10-01 17:51:33,227 [pool-459-thread-1] INFO  impl.RaftServerImpl (ServerState.java:<init>(103)) - 9638bbdb-f358-46da-a109-5d5ce44b258d@group-7223CD6EBBF6: ConfigurationManager, init=-1: [9638bbdb-f358-46da-a109-5d5ce44b258d:192.168.164.197:35521, 666f51dd-cd6a-4e5d-b5c7-6cf843438a06:192.168.164.197:37662, e5e267b4-3479-43eb-bd9d-fb4a825b0ce3:192.168.164.197:40692], old=null, confs=<EMPTY_MAP>
2019-10-01 17:51:33,227 [pool-449-thread-1] INFO  server.RaftServerConfigKeys (ConfUtils.java:logGet(43)) - raft.server.rpcslowness.timeout = 120s (custom)
2019-10-01 17:51:33,227 [pool-419-thread-1] INFO  server.RaftServerConfigKeys (ConfUtils.java:logGet(43)) - raft.server.rpcslowness.timeout = 120s (custom)
2019-10-01 17:51:33,227 [pool-449-thread-1] INFO  server.RaftServerConfigKeys (ConfUtils.java:logGet(43)) - raft.server.sleep.deviation.threshold = 300 (default)
2019-10-01 17:51:33,227 [pool-459-thread-1] INFO  server.RaftServerConfigKeys (ConfUtils.java:logGet(43)) - raft.server.storage.dir = [/workdir/hadoop-ozone/integration-test/target/test-dir/MiniOzoneClusterImpl-3fcc1c04-dad3-4429-8828-bc655c6a986b/datanode-5/data/ratis] (custom)
2019-10-01 17:51:33,227 [pool-449-thread-1] INFO  server.RaftServerConfigKeys (ConfUtils.java:logGet(43)) - raft.server.log.appender.install.snapshot.enabled = false (custom)
2019-10-01 17:51:33,227 [pool-419-thread-1] INFO  server.RaftServerConfigKeys (ConfUtils.java:logGet(43)) - raft.server.sleep.deviation.threshold = 300 (default)
2019-10-01 17:51:33,227 [pool-459-thread-1] INFO  server.RaftServerConfigKeys (ConfUtils.java:logGet(43)) - raft.server.log.corruption.policy = EXCEPTION (default)
2019-10-01 17:51:33,227 [pool-449-thread-1] INFO  impl.RaftServerImpl (ServerState.java:<init>(103)) - 666f51dd-cd6a-4e5d-b5c7-6cf843438a06@group-7223CD6EBBF6: ConfigurationManager, init=-1: [9638bbdb-f358-46da-a109-5d5ce44b258d:192.168.164.197:35521, 666f51dd-cd6a-4e5d-b5c7-6cf843438a06:192.168.164.197:37662, e5e267b4-3479-43eb-bd9d-fb4a825b0ce3:192.168.164.197:40692], old=null, confs=<EMPTY_MAP>
2019-10-01 17:51:33,228 [pool-459-thread-1] INFO  storage.RaftStorageDirectory (RaftStorageDirectory.java:analyzeStorage(246)) - The storage directory /workdir/hadoop-ozone/integration-test/target/test-dir/MiniOzoneClusterImpl-3fcc1c04-dad3-4429-8828-bc655c6a986b/datanode-5/data/ratis/1b3b987f-3e05-4ad2-9f11-7223cd6ebbf6 does not exist. Creating ...
2019-10-01 17:51:33,228 [pool-449-thread-1] INFO  server.RaftServerConfigKeys (ConfUtils.java:logGet(43)) - raft.server.storage.dir = [/workdir/hadoop-ozone/integration-test/target/test-dir/MiniOzoneClusterImpl-3fcc1c04-dad3-4429-8828-bc655c6a986b/datanode-4/data/ratis] (custom)
2019-10-01 17:51:33,227 [pool-419-thread-1] INFO  server.RaftServerConfigKeys (ConfUtils.java:logGet(43)) - raft.server.log.appender.install.snapshot.enabled = false (custom)
2019-10-01 17:51:33,228 [pool-449-thread-1] INFO  server.RaftServerConfigKeys (ConfUtils.java:logGet(43)) - raft.server.log.corruption.policy = EXCEPTION (default)
2019-10-01 17:51:33,228 [pool-419-thread-1] INFO  impl.RaftServerImpl (ServerState.java:<init>(103)) - e5e267b4-3479-43eb-bd9d-fb4a825b0ce3@group-7223CD6EBBF6: ConfigurationManager, init=-1: [9638bbdb-f358-46da-a109-5d5ce44b258d:192.168.164.197:35521, 666f51dd-cd6a-4e5d-b5c7-6cf843438a06:192.168.164.197:37662, e5e267b4-3479-43eb-bd9d-fb4a825b0ce3:192.168.164.197:40692], old=null, confs=<EMPTY_MAP>
2019-10-01 17:51:33,228 [pool-449-thread-1] INFO  storage.RaftStorageDirectory (RaftStorageDirectory.java:analyzeStorage(246)) - The storage directory /workdir/hadoop-ozone/integration-test/target/test-dir/MiniOzoneClusterImpl-3fcc1c04-dad3-4429-8828-bc655c6a986b/datanode-4/data/ratis/1b3b987f-3e05-4ad2-9f11-7223cd6ebbf6 does not exist. Creating ...
2019-10-01 17:51:33,228 [pool-419-thread-1] INFO  server.RaftServerConfigKeys (ConfUtils.java:logGet(43)) - raft.server.storage.dir = [/workdir/hadoop-ozone/integration-test/target/test-dir/MiniOzoneClusterImpl-3fcc1c04-dad3-4429-8828-bc655c6a986b/datanode-1/data/ratis] (custom)
2019-10-01 17:51:33,228 [pool-419-thread-1] INFO  server.RaftServerConfigKeys (ConfUtils.java:logGet(43)) - raft.server.log.corruption.policy = EXCEPTION (default)
2019-10-01 17:51:33,228 [pool-419-thread-1] INFO  storage.RaftStorageDirectory (RaftStorageDirectory.java:analyzeStorage(246)) - The storage directory /workdir/hadoop-ozone/integration-test/target/test-dir/MiniOzoneClusterImpl-3fcc1c04-dad3-4429-8828-bc655c6a986b/datanode-1/data/ratis/1b3b987f-3e05-4ad2-9f11-7223cd6ebbf6 does not exist. Creating ...
2019-10-01 17:51:33,252 [pool-459-thread-1] INFO  storage.RaftStorageDirectory (RaftStorageDirectory.java:tryLock(328)) - Lock on /workdir/hadoop-ozone/integration-test/target/test-dir/MiniOzoneClusterImpl-3fcc1c04-dad3-4429-8828-bc655c6a986b/datanode-5/data/ratis/1b3b987f-3e05-4ad2-9f11-7223cd6ebbf6/in_use.lock acquired by nodename 28165@pr-hdds-2210-qxppt-2300642653
2019-10-01 17:51:33,252 [pool-449-thread-1] INFO  storage.RaftStorageDirectory (RaftStorageDirectory.java:tryLock(328)) - Lock on /workdir/hadoop-ozone/integration-test/target/test-dir/MiniOzoneClusterImpl-3fcc1c04-dad3-4429-8828-bc655c6a986b/datanode-4/data/ratis/1b3b987f-3e05-4ad2-9f11-7223cd6ebbf6/in_use.lock acquired by nodename 28165@pr-hdds-2210-qxppt-2300642653
2019-10-01 17:51:33,252 [pool-419-thread-1] INFO  storage.RaftStorageDirectory (RaftStorageDirectory.java:tryLock(328)) - Lock on /workdir/hadoop-ozone/integration-test/target/test-dir/MiniOzoneClusterImpl-3fcc1c04-dad3-4429-8828-bc655c6a986b/datanode-1/data/ratis/1b3b987f-3e05-4ad2-9f11-7223cd6ebbf6/in_use.lock acquired by nodename 28165@pr-hdds-2210-qxppt-2300642653
2019-10-01 17:51:33,277 [pool-459-thread-1] INFO  storage.RaftStorage (RaftStorage.java:format(84)) - Storage directory /workdir/hadoop-ozone/integration-test/target/test-dir/MiniOzoneClusterImpl-3fcc1c04-dad3-4429-8828-bc655c6a986b/datanode-5/data/ratis/1b3b987f-3e05-4ad2-9f11-7223cd6ebbf6 has been successfully formatted.
2019-10-01 17:51:33,278 [pool-419-thread-1] INFO  storage.RaftStorage (RaftStorage.java:format(84)) - Storage directory /workdir/hadoop-ozone/integration-test/target/test-dir/MiniOzoneClusterImpl-3fcc1c04-dad3-4429-8828-bc655c6a986b/datanode-1/data/ratis/1b3b987f-3e05-4ad2-9f11-7223cd6ebbf6 has been successfully formatted.
2019-10-01 17:51:33,278 [pool-449-thread-1] INFO  storage.RaftStorage (RaftStorage.java:format(84)) - Storage directory /workdir/hadoop-ozone/integration-test/target/test-dir/MiniOzoneClusterImpl-3fcc1c04-dad3-4429-8828-bc655c6a986b/datanode-4/data/ratis/1b3b987f-3e05-4ad2-9f11-7223cd6ebbf6 has been successfully formatted.
2019-10-01 17:51:33,278 [pool-419-thread-1] INFO  ratis.ContainerStateMachine (ContainerStateMachine.java:loadSnapshot(230)) - group-7223CD6EBBF6: The snapshot info is null. Setting the last applied indexto:(t:0, i:~)
2019-10-01 17:51:33,278 [pool-449-thread-1] INFO  ratis.ContainerStateMachine (ContainerStateMachine.java:loadSnapshot(230)) - group-7223CD6EBBF6: The snapshot info is null. Setting the last applied indexto:(t:0, i:~)
2019-10-01 17:51:33,278 [pool-459-thread-1] INFO  ratis.ContainerStateMachine (ContainerStateMachine.java:loadSnapshot(230)) - group-7223CD6EBBF6: The snapshot info is null. Setting the last applied indexto:(t:0, i:~)
2019-10-01 17:51:33,278 [pool-449-thread-1] INFO  server.RaftServerConfigKeys (ConfUtils.java:logGet(43)) - raft.server.notification.no-leader.timeout = 120s (custom)
2019-10-01 17:51:33,278 [pool-419-thread-1] INFO  server.RaftServerConfigKeys (ConfUtils.java:logGet(43)) - raft.server.notification.no-leader.timeout = 120s (custom)
2019-10-01 17:51:33,278 [pool-449-thread-1] INFO  server.RaftServerConfigKeys (ConfUtils.java:logGet(43)) - raft.server.log.use.memory = false (default)
2019-10-01 17:51:33,278 [pool-459-thread-1] INFO  server.RaftServerConfigKeys (ConfUtils.java:logGet(43)) - raft.server.notification.no-leader.timeout = 120s (custom)
2019-10-01 17:51:33,278 [pool-449-thread-1] INFO  server.RaftServerConfigKeys (ConfUtils.java:logGet(43)) - raft.server.log.purge.gap = 1000000 (custom)
2019-10-01 17:51:33,278 [pool-419-thread-1] INFO  server.RaftServerConfigKeys (ConfUtils.java:logGet(43)) - raft.server.log.use.memory = false (default)
2019-10-01 17:51:33,279 [pool-449-thread-1] INFO  server.RaftServerConfigKeys (ConfUtils.java:logGet(43)) - raft.server.log.appender.buffer.byte-limit = 33554432 (custom)
2019-10-01 17:51:33,279 [pool-459-thread-1] INFO  server.RaftServerConfigKeys (ConfUtils.java:logGet(43)) - raft.server.log.use.memory = false (default)
2019-10-01 17:51:33,279 [pool-449-thread-1] INFO  server.RaftServerConfigKeys (ConfUtils.java:logGet(43)) - raft.server.log.segment.size.max = 1048576 (custom)
2019-10-01 17:51:33,279 [pool-419-thread-1] INFO  server.RaftServerConfigKeys (ConfUtils.java:logGet(43)) - raft.server.log.purge.gap = 1000000 (custom)
2019-10-01 17:51:33,279 [pool-449-thread-1] INFO  server.RaftServerConfigKeys (ConfUtils.java:logGet(43)) - raft.server.log.segment.cache.num.max = 2 (custom)
2019-10-01 17:51:33,279 [pool-459-thread-1] INFO  server.RaftServerConfigKeys (ConfUtils.java:logGet(43)) - raft.server.log.purge.gap = 1000000 (custom)
2019-10-01 17:51:33,279 [pool-449-thread-1] INFO  segmented.SegmentedRaftLogWorker (SegmentedRaftLogWorker.java:<init>(173)) - new 666f51dd-cd6a-4e5d-b5c7-6cf843438a06@group-7223CD6EBBF6-SegmentedRaftLogWorker for RaftStorage:Storage Directory /workdir/hadoop-ozone/integration-test/target/test-dir/MiniOzoneClusterImpl-3fcc1c04-dad3-4429-8828-bc655c6a986b/datanode-4/data/ratis/1b3b987f-3e05-4ad2-9f11-7223cd6ebbf6
2019-10-01 17:51:33,279 [pool-419-thread-1] INFO  server.RaftServerConfigKeys (ConfUtils.java:logGet(43)) - raft.server.log.appender.buffer.byte-limit = 33554432 (custom)
2019-10-01 17:51:33,279 [pool-449-thread-1] INFO  server.RaftServerConfigKeys (ConfUtils.java:logGet(43)) - raft.server.log.queue.byte-limit = 2147483647 (custom)
2019-10-01 17:51:33,279 [pool-459-thread-1] INFO  server.RaftServerConfigKeys (ConfUtils.java:logGet(43)) - raft.server.log.appender.buffer.byte-limit = 33554432 (custom)
2019-10-01 17:51:33,280 [pool-449-thread-1] INFO  server.RaftServerConfigKeys (ConfUtils.java:logGet(43)) - raft.server.log.queue.element-limit = 1024 (custom)
2019-10-01 17:51:33,280 [pool-419-thread-1] INFO  server.RaftServerConfigKeys (ConfUtils.java:logGet(43)) - raft.server.log.segment.size.max = 1048576 (custom)
2019-10-01 17:51:33,280 [pool-449-thread-1] INFO  server.RaftServerConfigKeys (ConfUtils.java:logGet(43)) - raft.server.log.segment.size.max = 1048576 (custom)
2019-10-01 17:51:33,280 [pool-459-thread-1] INFO  server.RaftServerConfigKeys (ConfUtils.java:logGet(43)) - raft.server.log.segment.size.max = 1048576 (custom)
2019-10-01 17:51:33,280 [pool-449-thread-1] INFO  server.RaftServerConfigKeys (ConfUtils.java:logGet(43)) - raft.server.log.preallocated.size = 16384 (custom)
2019-10-01 17:51:33,280 [pool-419-thread-1] INFO  server.RaftServerConfigKeys (ConfUtils.java:logGet(43)) - raft.server.log.segment.cache.num.max = 2 (custom)
2019-10-01 17:51:33,280 [pool-449-thread-1] INFO  server.RaftServerConfigKeys (ConfUtils.java:logGet(43)) - raft.server.log.write.buffer.size = 33554432 (custom)
2019-10-01 17:51:33,280 [pool-459-thread-1] INFO  server.RaftServerConfigKeys (ConfUtils.java:logGet(43)) - raft.server.log.segment.cache.num.max = 2 (custom)
2019-10-01 17:51:33,280 [pool-449-thread-1] INFO  server.RaftServerConfigKeys (ConfUtils.java:logGet(43)) - raft.server.log.force.sync.num = 128 (default)
2019-10-01 17:51:33,280 [pool-419-thread-1] INFO  segmented.SegmentedRaftLogWorker (SegmentedRaftLogWorker.java:<init>(173)) - new e5e267b4-3479-43eb-bd9d-fb4a825b0ce3@group-7223CD6EBBF6-SegmentedRaftLogWorker for RaftStorage:Storage Directory /workdir/hadoop-ozone/integration-test/target/test-dir/MiniOzoneClusterImpl-3fcc1c04-dad3-4429-8828-bc655c6a986b/datanode-1/data/ratis/1b3b987f-3e05-4ad2-9f11-7223cd6ebbf6
2019-10-01 17:51:33,280 [pool-449-thread-1] INFO  server.RaftServerConfigKeys (ConfUtils.java:logGet(43)) - raft.server.log.statemachine.data.sync = true (default)
2019-10-01 17:51:33,280 [pool-459-thread-1] INFO  segmented.SegmentedRaftLogWorker (SegmentedRaftLogWorker.java:<init>(173)) - new 9638bbdb-f358-46da-a109-5d5ce44b258d@group-7223CD6EBBF6-SegmentedRaftLogWorker for RaftStorage:Storage Directory /workdir/hadoop-ozone/integration-test/target/test-dir/MiniOzoneClusterImpl-3fcc1c04-dad3-4429-8828-bc655c6a986b/datanode-5/data/ratis/1b3b987f-3e05-4ad2-9f11-7223cd6ebbf6
2019-10-01 17:51:33,281 [pool-449-thread-1] INFO  server.RaftServerConfigKeys (ConfUtils.java:logGet(43)) - raft.server.log.statemachine.data.sync.timeout = 10s (default)
2019-10-01 17:51:33,281 [pool-419-thread-1] INFO  server.RaftServerConfigKeys (ConfUtils.java:logGet(43)) - raft.server.log.queue.byte-limit = 2147483647 (custom)
2019-10-01 17:51:33,281 [pool-459-thread-1] INFO  server.RaftServerConfigKeys (ConfUtils.java:logGet(43)) - raft.server.log.queue.byte-limit = 2147483647 (custom)
2019-10-01 17:51:33,281 [pool-449-thread-1] INFO  server.RaftServerConfigKeys (ConfUtils.java:logGet(43)) - raft.server.log.statemachine.data.sync.timeout.retry = -1 (default)
2019-10-01 17:51:33,281 [pool-419-thread-1] INFO  server.RaftServerConfigKeys (ConfUtils.java:logGet(43)) - raft.server.log.queue.element-limit = 1024 (custom)
2019-10-01 17:51:33,281 [pool-449-thread-1] INFO  server.RaftServerConfigKeys (ConfUtils.java:logGet(43)) - raft.server.log.statemachine.data.caching.enabled = true (custom)
2019-10-01 17:51:33,281 [pool-459-thread-1] INFO  server.RaftServerConfigKeys (ConfUtils.java:logGet(43)) - raft.server.log.queue.element-limit = 1024 (custom)
2019-10-01 17:51:33,281 [pool-419-thread-1] INFO  server.RaftServerConfigKeys (ConfUtils.java:logGet(43)) - raft.server.log.segment.size.max = 1048576 (custom)
2019-10-01 17:51:33,281 [pool-459-thread-1] INFO  server.RaftServerConfigKeys (ConfUtils.java:logGet(43)) - raft.server.log.segment.size.max = 1048576 (custom)
2019-10-01 17:51:33,281 [pool-449-thread-1] INFO  segmented.SegmentedRaftLogWorker (SegmentedRaftLogWorker.java:lambda$new$0(128)) - 666f51dd-cd6a-4e5d-b5c7-6cf843438a06@group-7223CD6EBBF6-SegmentedRaftLogWorker: flushIndex: setUnconditionally 0 -> -1
2019-10-01 17:51:33,282 [pool-459-thread-1] INFO  server.RaftServerConfigKeys (ConfUtils.java:logGet(43)) - raft.server.log.preallocated.size = 16384 (custom)
2019-10-01 17:51:33,281 [pool-419-thread-1] INFO  server.RaftServerConfigKeys (ConfUtils.java:logGet(43)) - raft.server.log.preallocated.size = 16384 (custom)
2019-10-01 17:51:33,282 [pool-449-thread-1] INFO  server.RaftServerConfigKeys (ConfUtils.java:logGet(43)) - raft.server.snapshot.auto.trigger.enabled = true (custom)
2019-10-01 17:51:33,282 [pool-459-thread-1] INFO  server.RaftServerConfigKeys (ConfUtils.java:logGet(43)) - raft.server.log.write.buffer.size = 33554432 (custom)
2019-10-01 17:51:33,282 [pool-449-thread-1] INFO  server.RaftServerConfigKeys (ConfUtils.java:logGet(43)) - raft.server.snapshot.auto.trigger.threshold = 10000 (custom)
2019-10-01 17:51:33,282 [pool-419-thread-1] INFO  server.RaftServerConfigKeys (ConfUtils.java:logGet(43)) - raft.server.log.write.buffer.size = 33554432 (custom)
2019-10-01 17:51:33,282 [pool-449-thread-1] INFO  server.RaftServerConfigKeys (ConfUtils.java:logGet(43)) - raft.server.snapshot.retention.file.num = 5 (custom)
2019-10-01 17:51:33,282 [pool-459-thread-1] INFO  server.RaftServerConfigKeys (ConfUtils.java:logGet(43)) - raft.server.log.force.sync.num = 128 (default)
2019-10-01 17:51:33,282 [pool-449-thread-1] INFO  server.RaftServerConfigKeys (ConfUtils.java:logGet(43)) - raft.server.retrycache.expirytime = 600000ms (custom)
2019-10-01 17:51:33,282 [pool-419-thread-1] INFO  server.RaftServerConfigKeys (ConfUtils.java:logGet(43)) - raft.server.log.force.sync.num = 128 (default)
2019-10-01 17:51:33,282 [pool-459-thread-1] INFO  server.RaftServerConfigKeys (ConfUtils.java:logGet(43)) - raft.server.log.statemachine.data.sync = true (default)
2019-10-01 17:51:33,283 [pool-419-thread-1] INFO  server.RaftServerConfigKeys (ConfUtils.java:logGet(43)) - raft.server.log.statemachine.data.sync = true (default)
2019-10-01 17:51:33,283 [pool-459-thread-1] INFO  server.RaftServerConfigKeys (ConfUtils.java:logGet(43)) - raft.server.log.statemachine.data.sync.timeout = 10s (default)
2019-10-01 17:51:33,283 [pool-419-thread-1] INFO  server.RaftServerConfigKeys (ConfUtils.java:logGet(43)) - raft.server.log.statemachine.data.sync.timeout = 10s (default)
2019-10-01 17:51:33,283 [pool-459-thread-1] INFO  server.RaftServerConfigKeys (ConfUtils.java:logGet(43)) - raft.server.log.statemachine.data.sync.timeout.retry = -1 (default)
2019-10-01 17:51:33,283 [pool-419-thread-1] INFO  server.RaftServerConfigKeys (ConfUtils.java:logGet(43)) - raft.server.log.statemachine.data.sync.timeout.retry = -1 (default)
2019-10-01 17:51:33,283 [pool-459-thread-1] INFO  server.RaftServerConfigKeys (ConfUtils.java:logGet(43)) - raft.server.log.statemachine.data.caching.enabled = true (custom)
2019-10-01 17:51:33,283 [pool-419-thread-1] INFO  server.RaftServerConfigKeys (ConfUtils.java:logGet(43)) - raft.server.log.statemachine.data.caching.enabled = true (custom)
2019-10-01 17:51:33,283 [pool-459-thread-1] INFO  segmented.SegmentedRaftLogWorker (SegmentedRaftLogWorker.java:lambda$new$0(128)) - 9638bbdb-f358-46da-a109-5d5ce44b258d@group-7223CD6EBBF6-SegmentedRaftLogWorker: flushIndex: setUnconditionally 0 -> -1
2019-10-01 17:51:33,284 [pool-449-thread-1] INFO  impl.RaftServerImpl (RaftServerImpl.java:start(181)) - 666f51dd-cd6a-4e5d-b5c7-6cf843438a06@group-7223CD6EBBF6: start as a follower, conf=-1: [9638bbdb-f358-46da-a109-5d5ce44b258d:192.168.164.197:35521, 666f51dd-cd6a-4e5d-b5c7-6cf843438a06:192.168.164.197:37662, e5e267b4-3479-43eb-bd9d-fb4a825b0ce3:192.168.164.197:40692], old=null
2019-10-01 17:51:33,284 [pool-419-thread-1] INFO  segmented.SegmentedRaftLogWorker (SegmentedRaftLogWorker.java:lambda$new$0(128)) - e5e267b4-3479-43eb-bd9d-fb4a825b0ce3@group-7223CD6EBBF6-SegmentedRaftLogWorker: flushIndex: setUnconditionally 0 -> -1
2019-10-01 17:51:33,284 [pool-449-thread-1] INFO  impl.RaftServerImpl (RaftServerImpl.java:setRole(170)) - 666f51dd-cd6a-4e5d-b5c7-6cf843438a06@group-7223CD6EBBF6: changes role from      null to FOLLOWER at term 0 for startAsFollower
2019-10-01 17:51:33,284 [pool-459-thread-1] INFO  server.RaftServerConfigKeys (ConfUtils.java:logGet(43)) - raft.server.snapshot.auto.trigger.enabled = true (custom)
2019-10-01 17:51:33,284 [pool-449-thread-1] INFO  impl.RoleInfo (RoleInfo.java:updateAndGet(143)) - 666f51dd-cd6a-4e5d-b5c7-6cf843438a06: start FollowerState
2019-10-01 17:51:33,284 [pool-419-thread-1] INFO  server.RaftServerConfigKeys (ConfUtils.java:logGet(43)) - raft.server.snapshot.auto.trigger.enabled = true (custom)
2019-10-01 17:51:33,284 [pool-459-thread-1] INFO  server.RaftServerConfigKeys (ConfUtils.java:logGet(43)) - raft.server.snapshot.auto.trigger.threshold = 10000 (custom)
2019-10-01 17:51:33,284 [pool-449-thread-1] INFO  util.JmxRegister (JmxRegister.java:tryRegister(44)) - Successfully registered JMX Bean with object name Ratis:service=RaftServer,group=group-7223CD6EBBF6,id=666f51dd-cd6a-4e5d-b5c7-6cf843438a06
2019-10-01 17:51:33,284 [pool-419-thread-1] INFO  server.RaftServerConfigKeys (ConfUtils.java:logGet(43)) - raft.server.snapshot.auto.trigger.threshold = 10000 (custom)
2019-10-01 17:51:33,284 [pool-459-thread-1] INFO  server.RaftServerConfigKeys (ConfUtils.java:logGet(43)) - raft.server.snapshot.retention.file.num = 5 (custom)
2019-10-01 17:51:33,285 [pool-419-thread-1] INFO  server.RaftServerConfigKeys (ConfUtils.java:logGet(43)) - raft.server.snapshot.retention.file.num = 5 (custom)
2019-10-01 17:51:33,285 [pool-459-thread-1] INFO  server.RaftServerConfigKeys (ConfUtils.java:logGet(43)) - raft.server.retrycache.expirytime = 600000ms (custom)
2019-10-01 17:51:33,285 [pool-419-thread-1] INFO  server.RaftServerConfigKeys (ConfUtils.java:logGet(43)) - raft.server.retrycache.expirytime = 600000ms (custom)
2019-10-01 17:51:33,290 [pool-459-thread-1] INFO  impl.RaftServerImpl (RaftServerImpl.java:start(181)) - 9638bbdb-f358-46da-a109-5d5ce44b258d@group-7223CD6EBBF6: start as a follower, conf=-1: [9638bbdb-f358-46da-a109-5d5ce44b258d:192.168.164.197:35521, 666f51dd-cd6a-4e5d-b5c7-6cf843438a06:192.168.164.197:37662, e5e267b4-3479-43eb-bd9d-fb4a825b0ce3:192.168.164.197:40692], old=null
2019-10-01 17:51:33,290 [pool-459-thread-1] INFO  impl.RaftServerImpl (RaftServerImpl.java:setRole(170)) - 9638bbdb-f358-46da-a109-5d5ce44b258d@group-7223CD6EBBF6: changes role from      null to FOLLOWER at term 0 for startAsFollower
2019-10-01 17:51:33,290 [pool-419-thread-1] INFO  impl.RaftServerImpl (RaftServerImpl.java:start(181)) - e5e267b4-3479-43eb-bd9d-fb4a825b0ce3@group-7223CD6EBBF6: start as a follower, conf=-1: [9638bbdb-f358-46da-a109-5d5ce44b258d:192.168.164.197:35521, 666f51dd-cd6a-4e5d-b5c7-6cf843438a06:192.168.164.197:37662, e5e267b4-3479-43eb-bd9d-fb4a825b0ce3:192.168.164.197:40692], old=null
2019-10-01 17:51:33,290 [pool-459-thread-1] INFO  impl.RoleInfo (RoleInfo.java:updateAndGet(143)) - 9638bbdb-f358-46da-a109-5d5ce44b258d: start FollowerState
2019-10-01 17:51:33,290 [pool-419-thread-1] INFO  impl.RaftServerImpl (RaftServerImpl.java:setRole(170)) - e5e267b4-3479-43eb-bd9d-fb4a825b0ce3@group-7223CD6EBBF6: changes role from      null to FOLLOWER at term 0 for startAsFollower
2019-10-01 17:51:33,291 [pool-419-thread-1] INFO  impl.RoleInfo (RoleInfo.java:updateAndGet(143)) - e5e267b4-3479-43eb-bd9d-fb4a825b0ce3: start FollowerState
2019-10-01 17:51:33,291 [pool-459-thread-1] INFO  util.JmxRegister (JmxRegister.java:tryRegister(44)) - Successfully registered JMX Bean with object name Ratis:service=RaftServer,group=group-7223CD6EBBF6,id=9638bbdb-f358-46da-a109-5d5ce44b258d
2019-10-01 17:51:33,291 [pool-419-thread-1] INFO  util.JmxRegister (JmxRegister.java:tryRegister(44)) - Successfully registered JMX Bean with object name Ratis:service=RaftServer,group=group-7223CD6EBBF6,id=e5e267b4-3479-43eb-bd9d-fb4a825b0ce3
2019-10-01 17:51:33,300 [RatisPipelineUtilsThread] INFO  pipeline.PipelineStateManager (PipelineStateManager.java:addPipeline(56)) - Created pipeline Pipeline[ Id: 1b3b987f-3e05-4ad2-9f11-7223cd6ebbf6, Nodes: 9638bbdb-f358-46da-a109-5d5ce44b258d{ip: 192.168.164.197, host: pr-hdds-2210-qxppt-2300642653, networkLocation: /default-rack, certSerialId: null}e5e267b4-3479-43eb-bd9d-fb4a825b0ce3{ip: 192.168.164.197, host: pr-hdds-2210-qxppt-2300642653, networkLocation: /default-rack, certSerialId: null}666f51dd-cd6a-4e5d-b5c7-6cf843438a06{ip: 192.168.164.197, host: pr-hdds-2210-qxppt-2300642653, networkLocation: /default-rack, certSerialId: null}, Type:RATIS, Factor:THREE, State:OPEN]
2019-10-01 17:51:34,223 [main] INFO  ozone.MiniOzoneClusterImpl (MiniOzoneClusterImpl.java:lambda$waitForClusterToBeReady$0(147)) - Cluster is ready. Got 7 of 7 DN Heartbeats.
2019-10-01 17:51:34,261 [main] INFO  rpc.RpcClient (RpcClient.java:createVolume(276)) - Creating Volume: testblockoutputstream, with jenkins1000 as owner.
2019-10-01 17:51:34,263 [IPC Server handler 18 on 40947] INFO  volume.OMVolumeCreateRequest (OMVolumeCreateRequest.java:validateAndUpdateCache(194)) - created volume:testblockoutputstream for user:jenkins1000
2019-10-01 17:51:34,279 [main] INFO  rpc.RpcClient (RpcClient.java:createBucket(415)) - Creating Bucket: testblockoutputstream/testblockoutputstream, with Versioning false and Storage Type set to DISK and Encryption set to false 
2019-10-01 17:51:35,822 [Thread-2891] INFO  container.ReplicationManager (ReplicationManager.java:start(162)) - Starting Replication Monitor Thread.
2019-10-01 17:51:35,828 [ReplicationMonitor] INFO  container.ReplicationManager (ReplicationManager.java:run(225)) - Replication Monitor Thread took 0 milliseconds for processing 1 containers.
2019-10-01 17:51:37,951 [Thread-2893] INFO  impl.FollowerState (FollowerState.java:run(108)) - d26b29fd-e359-42d4-b6fd-edc2223e4d4a@group-9878DA3ADB3A-FollowerState: change to CANDIDATE, lastRpcTime:5081ms, electionTimeout:5081ms
2019-10-01 17:51:37,952 [Thread-2893] INFO  impl.RoleInfo (RoleInfo.java:shutdownFollowerState(121)) - d26b29fd-e359-42d4-b6fd-edc2223e4d4a: shutdown FollowerState
2019-10-01 17:51:37,952 [Thread-2893] INFO  impl.RaftServerImpl (RaftServerImpl.java:setRole(170)) - d26b29fd-e359-42d4-b6fd-edc2223e4d4a@group-9878DA3ADB3A: changes role from  FOLLOWER to CANDIDATE at term 0 for changeToCandidate
2019-10-01 17:51:37,952 [Thread-2893] INFO  impl.RoleInfo (RoleInfo.java:updateAndGet(143)) - d26b29fd-e359-42d4-b6fd-edc2223e4d4a: start LeaderElection
2019-10-01 17:51:37,973 [d26b29fd-e359-42d4-b6fd-edc2223e4d4a@group-9878DA3ADB3A-LeaderElection53] INFO  impl.LeaderElection (LeaderElection.java:askForVotes(178)) - d26b29fd-e359-42d4-b6fd-edc2223e4d4a@group-9878DA3ADB3A-LeaderElection53: begin an election at term 1 for -1: [d26b29fd-e359-42d4-b6fd-edc2223e4d4a:192.168.164.197:46755], old=null
2019-10-01 17:51:37,973 [d26b29fd-e359-42d4-b6fd-edc2223e4d4a@group-9878DA3ADB3A-LeaderElection53] INFO  impl.RoleInfo (RoleInfo.java:shutdownLeaderElection(134)) - d26b29fd-e359-42d4-b6fd-edc2223e4d4a: shutdown LeaderElection
2019-10-01 17:51:37,973 [d26b29fd-e359-42d4-b6fd-edc2223e4d4a@group-9878DA3ADB3A-LeaderElection53] INFO  impl.RaftServerImpl (RaftServerImpl.java:setRole(170)) - d26b29fd-e359-42d4-b6fd-edc2223e4d4a@group-9878DA3ADB3A: changes role from CANDIDATE to LEADER at term 1 for changeToLeader
2019-10-01 17:51:37,973 [d26b29fd-e359-42d4-b6fd-edc2223e4d4a@group-9878DA3ADB3A-LeaderElection53] INFO  impl.RaftServerImpl (ServerState.java:setLeader(255)) - d26b29fd-e359-42d4-b6fd-edc2223e4d4a@group-9878DA3ADB3A: change Leader from null to d26b29fd-e359-42d4-b6fd-edc2223e4d4a at term 1 for becomeLeader, leader elected after 5110ms
2019-10-01 17:51:37,974 [d26b29fd-e359-42d4-b6fd-edc2223e4d4a@group-9878DA3ADB3A-LeaderElection53] INFO  server.RaftServerConfigKeys (ConfUtils.java:logGet(43)) - raft.server.staging.catchup.gap = 1000 (default)
2019-10-01 17:51:37,974 [d26b29fd-e359-42d4-b6fd-edc2223e4d4a@group-9878DA3ADB3A-LeaderElection53] INFO  server.RaftServerConfigKeys (ConfUtils.java:logGet(43)) - raft.server.rpc.sleep.time = 25ms (default)
2019-10-01 17:51:37,974 [d26b29fd-e359-42d4-b6fd-edc2223e4d4a@group-9878DA3ADB3A-LeaderElection53] INFO  server.RaftServerConfigKeys (ConfUtils.java:logGet(43)) - raft.server.write.element-limit = 4096 (default)
2019-10-01 17:51:37,974 [d26b29fd-e359-42d4-b6fd-edc2223e4d4a@group-9878DA3ADB3A-LeaderElection53] INFO  server.RaftServerConfigKeys (ConfUtils.java:logGet(43)) - raft.server.watch.timeout = 10s (default)
2019-10-01 17:51:37,974 [d26b29fd-e359-42d4-b6fd-edc2223e4d4a@group-9878DA3ADB3A-LeaderElection53] INFO  server.RaftServerConfigKeys (ConfUtils.java:logGet(43)) - raft.server.watch.timeout.denomination = 1s (default)
2019-10-01 17:51:37,975 [d26b29fd-e359-42d4-b6fd-edc2223e4d4a@group-9878DA3ADB3A-LeaderElection53] INFO  server.RaftServerConfigKeys (ConfUtils.java:logGet(43)) - raft.server.watch.element-limit = 65536 (default)
2019-10-01 17:51:37,977 [d26b29fd-e359-42d4-b6fd-edc2223e4d4a@group-9878DA3ADB3A-LeaderElection53] INFO  impl.RoleInfo (RoleInfo.java:updateAndGet(143)) - d26b29fd-e359-42d4-b6fd-edc2223e4d4a: start LeaderState
2019-10-01 17:51:37,977 [d26b29fd-e359-42d4-b6fd-edc2223e4d4a@group-9878DA3ADB3A-LeaderElection53] INFO  segmented.SegmentedRaftLogWorker (SegmentedRaftLogWorker.java:startLogSegment(385)) - d26b29fd-e359-42d4-b6fd-edc2223e4d4a@group-9878DA3ADB3A-SegmentedRaftLogWorker: Starting segment from index:0
2019-10-01 17:51:37,978 [d26b29fd-e359-42d4-b6fd-edc2223e4d4a@group-9878DA3ADB3A-LeaderElection53] INFO  impl.RaftServerImpl (ServerState.java:setRaftConf(356)) - d26b29fd-e359-42d4-b6fd-edc2223e4d4a@group-9878DA3ADB3A: set configuration 0: [d26b29fd-e359-42d4-b6fd-edc2223e4d4a:192.168.164.197:46755], old=null at 0
2019-10-01 17:51:38,019 [Thread-2896] INFO  impl.FollowerState (FollowerState.java:run(108)) - e5e267b4-3479-43eb-bd9d-fb4a825b0ce3@group-0C04899BF17C-FollowerState: change to CANDIDATE, lastRpcTime:5079ms, electionTimeout:5079ms
2019-10-01 17:51:38,019 [Thread-2896] INFO  impl.RoleInfo (RoleInfo.java:shutdownFollowerState(121)) - e5e267b4-3479-43eb-bd9d-fb4a825b0ce3: shutdown FollowerState
2019-10-01 17:51:38,019 [Thread-2896] INFO  impl.RaftServerImpl (RaftServerImpl.java:setRole(170)) - e5e267b4-3479-43eb-bd9d-fb4a825b0ce3@group-0C04899BF17C: changes role from  FOLLOWER to CANDIDATE at term 0 for changeToCandidate
2019-10-01 17:51:38,019 [Thread-2896] INFO  impl.RoleInfo (RoleInfo.java:updateAndGet(143)) - e5e267b4-3479-43eb-bd9d-fb4a825b0ce3: start LeaderElection
2019-10-01 17:51:38,040 [d26b29fd-e359-42d4-b6fd-edc2223e4d4a@group-9878DA3ADB3A-SegmentedRaftLogWorker] INFO  segmented.SegmentedRaftLogWorker (SegmentedRaftLogWorker.java:execute(574)) - d26b29fd-e359-42d4-b6fd-edc2223e4d4a@group-9878DA3ADB3A-SegmentedRaftLogWorker: created new log segment /workdir/hadoop-ozone/integration-test/target/test-dir/MiniOzoneClusterImpl-3fcc1c04-dad3-4429-8828-bc655c6a986b/datanode-0/data/ratis/9a8fe3e9-3534-4865-8813-9878da3adb3a/current/log_inprogress_0
2019-10-01 17:51:38,040 [e5e267b4-3479-43eb-bd9d-fb4a825b0ce3@group-0C04899BF17C-LeaderElection54] INFO  impl.LeaderElection (LeaderElection.java:askForVotes(178)) - e5e267b4-3479-43eb-bd9d-fb4a825b0ce3@group-0C04899BF17C-LeaderElection54: begin an election at term 1 for -1: [e5e267b4-3479-43eb-bd9d-fb4a825b0ce3:192.168.164.197:40692], old=null
2019-10-01 17:51:38,040 [e5e267b4-3479-43eb-bd9d-fb4a825b0ce3@group-0C04899BF17C-LeaderElection54] INFO  impl.RoleInfo (RoleInfo.java:shutdownLeaderElection(134)) - e5e267b4-3479-43eb-bd9d-fb4a825b0ce3: shutdown LeaderElection
2019-10-01 17:51:38,041 [e5e267b4-3479-43eb-bd9d-fb4a825b0ce3@group-0C04899BF17C-LeaderElection54] INFO  impl.RaftServerImpl (RaftServerImpl.java:setRole(170)) - e5e267b4-3479-43eb-bd9d-fb4a825b0ce3@group-0C04899BF17C: changes role from CANDIDATE to LEADER at term 1 for changeToLeader
2019-10-01 17:51:38,041 [e5e267b4-3479-43eb-bd9d-fb4a825b0ce3@group-0C04899BF17C-LeaderElection54] INFO  impl.RaftServerImpl (ServerState.java:setLeader(255)) - e5e267b4-3479-43eb-bd9d-fb4a825b0ce3@group-0C04899BF17C: change Leader from null to e5e267b4-3479-43eb-bd9d-fb4a825b0ce3 at term 1 for becomeLeader, leader elected after 5106ms
2019-10-01 17:51:38,041 [e5e267b4-3479-43eb-bd9d-fb4a825b0ce3@group-0C04899BF17C-LeaderElection54] INFO  server.RaftServerConfigKeys (ConfUtils.java:logGet(43)) - raft.server.staging.catchup.gap = 1000 (default)
2019-10-01 17:51:38,041 [e5e267b4-3479-43eb-bd9d-fb4a825b0ce3@group-0C04899BF17C-LeaderElection54] INFO  server.RaftServerConfigKeys (ConfUtils.java:logGet(43)) - raft.server.rpc.sleep.time = 25ms (default)
2019-10-01 17:51:38,041 [e5e267b4-3479-43eb-bd9d-fb4a825b0ce3@group-0C04899BF17C-LeaderElection54] INFO  server.RaftServerConfigKeys (ConfUtils.java:logGet(43)) - raft.server.write.element-limit = 4096 (default)
2019-10-01 17:51:38,041 [e5e267b4-3479-43eb-bd9d-fb4a825b0ce3@group-0C04899BF17C-LeaderElection54] INFO  server.RaftServerConfigKeys (ConfUtils.java:logGet(43)) - raft.server.watch.timeout = 10s (default)
2019-10-01 17:51:38,041 [e5e267b4-3479-43eb-bd9d-fb4a825b0ce3@group-0C04899BF17C-LeaderElection54] INFO  server.RaftServerConfigKeys (ConfUtils.java:logGet(43)) - raft.server.watch.timeout.denomination = 1s (default)
2019-10-01 17:51:38,042 [e5e267b4-3479-43eb-bd9d-fb4a825b0ce3@group-0C04899BF17C-LeaderElection54] INFO  server.RaftServerConfigKeys (ConfUtils.java:logGet(43)) - raft.server.watch.element-limit = 65536 (default)
2019-10-01 17:51:38,043 [Thread-2902] INFO  impl.FollowerState (FollowerState.java:run(108)) - 6f1be7eb-5ed9-4a99-aaf5-c3c24c0d732d@group-D10A855E449D-FollowerState: change to CANDIDATE, lastRpcTime:5010ms, electionTimeout:5009ms
2019-10-01 17:51:38,043 [Thread-2902] INFO  impl.RoleInfo (RoleInfo.java:shutdownFollowerState(121)) - 6f1be7eb-5ed9-4a99-aaf5-c3c24c0d732d: shutdown FollowerState
2019-10-01 17:51:38,043 [Thread-2902] INFO  impl.RaftServerImpl (RaftServerImpl.java:setRole(170)) - 6f1be7eb-5ed9-4a99-aaf5-c3c24c0d732d@group-D10A855E449D: changes role from  FOLLOWER to CANDIDATE at term 0 for changeToCandidate
2019-10-01 17:51:38,043 [Thread-2902] INFO  impl.RoleInfo (RoleInfo.java:updateAndGet(143)) - 6f1be7eb-5ed9-4a99-aaf5-c3c24c0d732d: start LeaderElection
2019-10-01 17:51:38,074 [e5e267b4-3479-43eb-bd9d-fb4a825b0ce3@group-0C04899BF17C-LeaderElection54] INFO  impl.RoleInfo (RoleInfo.java:updateAndGet(143)) - e5e267b4-3479-43eb-bd9d-fb4a825b0ce3: start LeaderState
2019-10-01 17:51:38,074 [e5e267b4-3479-43eb-bd9d-fb4a825b0ce3@group-0C04899BF17C-LeaderElection54] INFO  segmented.SegmentedRaftLogWorker (SegmentedRaftLogWorker.java:startLogSegment(385)) - e5e267b4-3479-43eb-bd9d-fb4a825b0ce3@group-0C04899BF17C-SegmentedRaftLogWorker: Starting segment from index:0
2019-10-01 17:51:38,074 [e5e267b4-3479-43eb-bd9d-fb4a825b0ce3@group-0C04899BF17C-LeaderElection54] INFO  impl.RaftServerImpl (ServerState.java:setRaftConf(356)) - e5e267b4-3479-43eb-bd9d-fb4a825b0ce3@group-0C04899BF17C: set configuration 0: [e5e267b4-3479-43eb-bd9d-fb4a825b0ce3:192.168.164.197:40692], old=null at 0
2019-10-01 17:51:38,091 [6f1be7eb-5ed9-4a99-aaf5-c3c24c0d732d@group-D10A855E449D-LeaderElection55] INFO  impl.LeaderElection (LeaderElection.java:askForVotes(178)) - 6f1be7eb-5ed9-4a99-aaf5-c3c24c0d732d@group-D10A855E449D-LeaderElection55: begin an election at term 1 for -1: [6f1be7eb-5ed9-4a99-aaf5-c3c24c0d732d:192.168.164.197:37763], old=null
2019-10-01 17:51:38,091 [6f1be7eb-5ed9-4a99-aaf5-c3c24c0d732d@group-D10A855E449D-LeaderElection55] INFO  impl.RoleInfo (RoleInfo.java:shutdownLeaderElection(134)) - 6f1be7eb-5ed9-4a99-aaf5-c3c24c0d732d: shutdown LeaderElection
2019-10-01 17:51:38,091 [6f1be7eb-5ed9-4a99-aaf5-c3c24c0d732d@group-D10A855E449D-LeaderElection55] INFO  impl.RaftServerImpl (RaftServerImpl.java:setRole(170)) - 6f1be7eb-5ed9-4a99-aaf5-c3c24c0d732d@group-D10A855E449D: changes role from CANDIDATE to LEADER at term 1 for changeToLeader
2019-10-01 17:51:38,091 [6f1be7eb-5ed9-4a99-aaf5-c3c24c0d732d@group-D10A855E449D-LeaderElection55] INFO  impl.RaftServerImpl (ServerState.java:setLeader(255)) - 6f1be7eb-5ed9-4a99-aaf5-c3c24c0d732d@group-D10A855E449D: change Leader from null to 6f1be7eb-5ed9-4a99-aaf5-c3c24c0d732d at term 1 for becomeLeader, leader elected after 5063ms
2019-10-01 17:51:38,091 [6f1be7eb-5ed9-4a99-aaf5-c3c24c0d732d@group-D10A855E449D-LeaderElection55] INFO  server.RaftServerConfigKeys (ConfUtils.java:logGet(43)) - raft.server.staging.catchup.gap = 1000 (default)
2019-10-01 17:51:38,091 [6f1be7eb-5ed9-4a99-aaf5-c3c24c0d732d@group-D10A855E449D-LeaderElection55] INFO  server.RaftServerConfigKeys (ConfUtils.java:logGet(43)) - raft.server.rpc.sleep.time = 25ms (default)
2019-10-01 17:51:38,091 [6f1be7eb-5ed9-4a99-aaf5-c3c24c0d732d@group-D10A855E449D-LeaderElection55] INFO  server.RaftServerConfigKeys (ConfUtils.java:logGet(43)) - raft.server.write.element-limit = 4096 (default)
2019-10-01 17:51:38,091 [6f1be7eb-5ed9-4a99-aaf5-c3c24c0d732d@group-D10A855E449D-LeaderElection55] INFO  server.RaftServerConfigKeys (ConfUtils.java:logGet(43)) - raft.server.watch.timeout = 10s (default)
2019-10-01 17:51:38,092 [6f1be7eb-5ed9-4a99-aaf5-c3c24c0d732d@group-D10A855E449D-LeaderElection55] INFO  server.RaftServerConfigKeys (ConfUtils.java:logGet(43)) - raft.server.watch.timeout.denomination = 1s (default)
2019-10-01 17:51:38,092 [6f1be7eb-5ed9-4a99-aaf5-c3c24c0d732d@group-D10A855E449D-LeaderElection55] INFO  server.RaftServerConfigKeys (ConfUtils.java:logGet(43)) - raft.server.watch.element-limit = 65536 (default)
2019-10-01 17:51:38,093 [6f1be7eb-5ed9-4a99-aaf5-c3c24c0d732d@group-D10A855E449D-LeaderElection55] INFO  impl.RoleInfo (RoleInfo.java:updateAndGet(143)) - 6f1be7eb-5ed9-4a99-aaf5-c3c24c0d732d: start LeaderState
2019-10-01 17:51:38,093 [6f1be7eb-5ed9-4a99-aaf5-c3c24c0d732d@group-D10A855E449D-LeaderElection55] INFO  segmented.SegmentedRaftLogWorker (SegmentedRaftLogWorker.java:startLogSegment(385)) - 6f1be7eb-5ed9-4a99-aaf5-c3c24c0d732d@group-D10A855E449D-SegmentedRaftLogWorker: Starting segment from index:0
2019-10-01 17:51:38,093 [6f1be7eb-5ed9-4a99-aaf5-c3c24c0d732d@group-D10A855E449D-LeaderElection55] INFO  impl.RaftServerImpl (ServerState.java:setRaftConf(356)) - 6f1be7eb-5ed9-4a99-aaf5-c3c24c0d732d@group-D10A855E449D: set configuration 0: [6f1be7eb-5ed9-4a99-aaf5-c3c24c0d732d:192.168.164.197:37763], old=null at 0
2019-10-01 17:51:38,097 [e5e267b4-3479-43eb-bd9d-fb4a825b0ce3@group-0C04899BF17C-SegmentedRaftLogWorker] INFO  segmented.SegmentedRaftLogWorker (SegmentedRaftLogWorker.java:execute(574)) - e5e267b4-3479-43eb-bd9d-fb4a825b0ce3@group-0C04899BF17C-SegmentedRaftLogWorker: created new log segment /workdir/hadoop-ozone/integration-test/target/test-dir/MiniOzoneClusterImpl-3fcc1c04-dad3-4429-8828-bc655c6a986b/datanode-1/data/ratis/9fe80da2-e1d0-4da4-b95c-0c04899bf17c/current/log_inprogress_0
2019-10-01 17:51:38,111 [Thread-2905] INFO  impl.FollowerState (FollowerState.java:run(108)) - d26b29fd-e359-42d4-b6fd-edc2223e4d4a@group-AD16ECF7555B-FollowerState: change to CANDIDATE, lastRpcTime:5013ms, electionTimeout:5013ms
2019-10-01 17:51:38,111 [Thread-2905] INFO  impl.RoleInfo (RoleInfo.java:shutdownFollowerState(121)) - d26b29fd-e359-42d4-b6fd-edc2223e4d4a: shutdown FollowerState
2019-10-01 17:51:38,111 [Thread-2905] INFO  impl.RaftServerImpl (RaftServerImpl.java:setRole(170)) - d26b29fd-e359-42d4-b6fd-edc2223e4d4a@group-AD16ECF7555B: changes role from  FOLLOWER to CANDIDATE at term 0 for changeToCandidate
2019-10-01 17:51:38,112 [Thread-2905] INFO  impl.RoleInfo (RoleInfo.java:updateAndGet(143)) - d26b29fd-e359-42d4-b6fd-edc2223e4d4a: start LeaderElection
2019-10-01 17:51:38,147 [6f1be7eb-5ed9-4a99-aaf5-c3c24c0d732d@group-D10A855E449D-SegmentedRaftLogWorker] INFO  segmented.SegmentedRaftLogWorker (SegmentedRaftLogWorker.java:execute(574)) - 6f1be7eb-5ed9-4a99-aaf5-c3c24c0d732d@group-D10A855E449D-SegmentedRaftLogWorker: created new log segment /workdir/hadoop-ozone/integration-test/target/test-dir/MiniOzoneClusterImpl-3fcc1c04-dad3-4429-8828-bc655c6a986b/datanode-3/data/ratis/907145d0-47e8-4a69-998a-d10a855e449d/current/log_inprogress_0
2019-10-01 17:51:38,147 [d26b29fd-e359-42d4-b6fd-edc2223e4d4a@group-AD16ECF7555B-LeaderElection56] INFO  impl.LeaderElection (LeaderElection.java:askForVotes(178)) - d26b29fd-e359-42d4-b6fd-edc2223e4d4a@group-AD16ECF7555B-LeaderElection56: begin an election at term 1 for -1: [6f1be7eb-5ed9-4a99-aaf5-c3c24c0d732d:192.168.164.197:37763, d26b29fd-e359-42d4-b6fd-edc2223e4d4a:192.168.164.197:46755, 1de9d8a1-960a-4e1c-a8de-c280a8f41902:192.168.164.197:38477], old=null
2019-10-01 17:51:38,150 [grpc-default-executor-8] INFO  impl.RaftServerImpl (RaftServerImpl.java:setRole(170)) - 6f1be7eb-5ed9-4a99-aaf5-c3c24c0d732d@group-AD16ECF7555B: changes role from  FOLLOWER to FOLLOWER at term 1 for recognizeCandidate:d26b29fd-e359-42d4-b6fd-edc2223e4d4a
2019-10-01 17:51:38,153 [grpc-default-executor-7] INFO  impl.RaftServerImpl (RaftServerImpl.java:setRole(170)) - 1de9d8a1-960a-4e1c-a8de-c280a8f41902@group-AD16ECF7555B: changes role from  FOLLOWER to FOLLOWER at term 1 for recognizeCandidate:d26b29fd-e359-42d4-b6fd-edc2223e4d4a
2019-10-01 17:51:38,153 [grpc-default-executor-8] INFO  impl.RoleInfo (RoleInfo.java:shutdownFollowerState(121)) - 6f1be7eb-5ed9-4a99-aaf5-c3c24c0d732d: shutdown FollowerState
2019-10-01 17:51:38,153 [grpc-default-executor-7] INFO  impl.RoleInfo (RoleInfo.java:shutdownFollowerState(121)) - 1de9d8a1-960a-4e1c-a8de-c280a8f41902: shutdown FollowerState
2019-10-01 17:51:38,153 [grpc-default-executor-8] INFO  impl.RoleInfo (RoleInfo.java:updateAndGet(143)) - 6f1be7eb-5ed9-4a99-aaf5-c3c24c0d732d: start FollowerState
2019-10-01 17:51:38,154 [Thread-2909] INFO  impl.FollowerState (FollowerState.java:run(117)) - 6f1be7eb-5ed9-4a99-aaf5-c3c24c0d732d@group-AD16ECF7555B-FollowerState was interrupted: java.lang.InterruptedException: sleep interrupted
2019-10-01 17:51:38,154 [grpc-default-executor-7] INFO  impl.RoleInfo (RoleInfo.java:updateAndGet(143)) - 1de9d8a1-960a-4e1c-a8de-c280a8f41902: start FollowerState
2019-10-01 17:51:38,154 [Thread-2910] INFO  impl.FollowerState (FollowerState.java:run(117)) - 1de9d8a1-960a-4e1c-a8de-c280a8f41902@group-AD16ECF7555B-FollowerState was interrupted: java.lang.InterruptedException: sleep interrupted
2019-10-01 17:51:38,171 [Thread-2899] INFO  impl.FollowerState (FollowerState.java:run(108)) - 1de9d8a1-960a-4e1c-a8de-c280a8f41902@group-B09D9D51A1E0-FollowerState: change to CANDIDATE, lastRpcTime:5183ms, electionTimeout:5183ms
2019-10-01 17:51:38,171 [Thread-2899] INFO  impl.RoleInfo (RoleInfo.java:shutdownFollowerState(121)) - 1de9d8a1-960a-4e1c-a8de-c280a8f41902: shutdown FollowerState
2019-10-01 17:51:38,171 [Thread-2899] INFO  impl.RaftServerImpl (RaftServerImpl.java:setRole(170)) - 1de9d8a1-960a-4e1c-a8de-c280a8f41902@group-B09D9D51A1E0: changes role from  FOLLOWER to CANDIDATE at term 0 for changeToCandidate
2019-10-01 17:51:38,171 [Thread-2899] INFO  impl.RoleInfo (RoleInfo.java:updateAndGet(143)) - 1de9d8a1-960a-4e1c-a8de-c280a8f41902: start LeaderElection
2019-10-01 17:51:38,179 [d26b29fd-e359-42d4-b6fd-edc2223e4d4a@group-AD16ECF7555B-LeaderElection56] INFO  impl.LeaderElection (LeaderElection.java:logAndReturn(56)) - d26b29fd-e359-42d4-b6fd-edc2223e4d4a@group-AD16ECF7555B-LeaderElection56: Election PASSED; received 1 response(s) [d26b29fd-e359-42d4-b6fd-edc2223e4d4a<-1de9d8a1-960a-4e1c-a8de-c280a8f41902#0:OK-t1] and 0 exception(s); d26b29fd-e359-42d4-b6fd-edc2223e4d4a@group-AD16ECF7555B:t1, leader=null, voted=d26b29fd-e359-42d4-b6fd-edc2223e4d4a, raftlog=d26b29fd-e359-42d4-b6fd-edc2223e4d4a@group-AD16ECF7555B-SegmentedRaftLog:OPENED:c-1,f-1,i0, conf=-1: [6f1be7eb-5ed9-4a99-aaf5-c3c24c0d732d:192.168.164.197:37763, d26b29fd-e359-42d4-b6fd-edc2223e4d4a:192.168.164.197:46755, 1de9d8a1-960a-4e1c-a8de-c280a8f41902:192.168.164.197:38477], old=null
2019-10-01 17:51:38,180 [d26b29fd-e359-42d4-b6fd-edc2223e4d4a@group-AD16ECF7555B-LeaderElection56] INFO  impl.RoleInfo (RoleInfo.java:shutdownLeaderElection(134)) - d26b29fd-e359-42d4-b6fd-edc2223e4d4a: shutdown LeaderElection
2019-10-01 17:51:38,180 [d26b29fd-e359-42d4-b6fd-edc2223e4d4a@group-AD16ECF7555B-LeaderElection56] INFO  impl.RaftServerImpl (RaftServerImpl.java:setRole(170)) - d26b29fd-e359-42d4-b6fd-edc2223e4d4a@group-AD16ECF7555B: changes role from CANDIDATE to LEADER at term 1 for changeToLeader
2019-10-01 17:51:38,180 [d26b29fd-e359-42d4-b6fd-edc2223e4d4a@group-AD16ECF7555B-LeaderElection56] INFO  impl.RaftServerImpl (ServerState.java:setLeader(255)) - d26b29fd-e359-42d4-b6fd-edc2223e4d4a@group-AD16ECF7555B: change Leader from null to d26b29fd-e359-42d4-b6fd-edc2223e4d4a at term 1 for becomeLeader, leader elected after 5090ms
2019-10-01 17:51:38,180 [d26b29fd-e359-42d4-b6fd-edc2223e4d4a@group-AD16ECF7555B-LeaderElection56] INFO  server.RaftServerConfigKeys (ConfUtils.java:logGet(43)) - raft.server.staging.catchup.gap = 1000 (default)
2019-10-01 17:51:38,180 [d26b29fd-e359-42d4-b6fd-edc2223e4d4a@group-AD16ECF7555B-LeaderElection56] INFO  server.RaftServerConfigKeys (ConfUtils.java:logGet(43)) - raft.server.rpc.sleep.time = 25ms (default)
2019-10-01 17:51:38,180 [d26b29fd-e359-42d4-b6fd-edc2223e4d4a@group-AD16ECF7555B-LeaderElection56] INFO  server.RaftServerConfigKeys (ConfUtils.java:logGet(43)) - raft.server.write.element-limit = 4096 (default)
2019-10-01 17:51:38,180 [d26b29fd-e359-42d4-b6fd-edc2223e4d4a@group-AD16ECF7555B-LeaderElection56] INFO  server.RaftServerConfigKeys (ConfUtils.java:logGet(43)) - raft.server.watch.timeout = 10s (default)
2019-10-01 17:51:38,180 [d26b29fd-e359-42d4-b6fd-edc2223e4d4a@group-AD16ECF7555B-LeaderElection56] INFO  server.RaftServerConfigKeys (ConfUtils.java:logGet(43)) - raft.server.watch.timeout.denomination = 1s (default)
2019-10-01 17:51:38,181 [d26b29fd-e359-42d4-b6fd-edc2223e4d4a@group-AD16ECF7555B-LeaderElection56] INFO  server.RaftServerConfigKeys (ConfUtils.java:logGet(43)) - raft.server.watch.element-limit = 65536 (default)
2019-10-01 17:51:38,182 [d26b29fd-e359-42d4-b6fd-edc2223e4d4a@group-AD16ECF7555B-LeaderElection56] INFO  server.RaftServerConfigKeys (ConfUtils.java:logGet(43)) - raft.server.log.appender.snapshot.chunk.size.max = 16MB (=16777216) (default)
2019-10-01 17:51:38,182 [d26b29fd-e359-42d4-b6fd-edc2223e4d4a@group-AD16ECF7555B-LeaderElection56] INFO  server.RaftServerConfigKeys (ConfUtils.java:logGet(43)) - raft.server.log.appender.buffer.byte-limit = 33554432 (custom)
2019-10-01 17:51:38,183 [d26b29fd-e359-42d4-b6fd-edc2223e4d4a@group-AD16ECF7555B-LeaderElection56] INFO  server.RaftServerConfigKeys (ConfUtils.java:logGet(43)) - raft.server.log.appender.buffer.element-limit = 1 (custom)
2019-10-01 17:51:38,183 [d26b29fd-e359-42d4-b6fd-edc2223e4d4a@group-AD16ECF7555B-LeaderElection56] INFO  grpc.GrpcConfigKeys$Server (ConfUtils.java:logGet(43)) - raft.grpc.server.leader.outstanding.appends.max = 128 (default)
2019-10-01 17:51:38,183 [d26b29fd-e359-42d4-b6fd-edc2223e4d4a@group-AD16ECF7555B-LeaderElection56] INFO  server.RaftServerConfigKeys (ConfUtils.java:logGet(43)) - raft.server.rpc.request.timeout = 3000ms (default)
2019-10-01 17:51:38,183 [d26b29fd-e359-42d4-b6fd-edc2223e4d4a@group-AD16ECF7555B-LeaderElection56] INFO  server.RaftServerConfigKeys (ConfUtils.java:logGet(43)) - raft.server.log.appender.install.snapshot.enabled = false (custom)
2019-10-01 17:51:38,183 [d26b29fd-e359-42d4-b6fd-edc2223e4d4a@group-AD16ECF7555B-LeaderElection56] INFO  server.RaftServerConfigKeys (ConfUtils.java:logGet(43)) - raft.server.log.appender.snapshot.chunk.size.max = 16MB (=16777216) (default)
2019-10-01 17:51:38,183 [d26b29fd-e359-42d4-b6fd-edc2223e4d4a@group-AD16ECF7555B-LeaderElection56] INFO  server.RaftServerConfigKeys (ConfUtils.java:logGet(43)) - raft.server.log.appender.buffer.byte-limit = 33554432 (custom)
2019-10-01 17:51:38,183 [d26b29fd-e359-42d4-b6fd-edc2223e4d4a@group-AD16ECF7555B-LeaderElection56] INFO  server.RaftServerConfigKeys (ConfUtils.java:logGet(43)) - raft.server.log.appender.buffer.element-limit = 1 (custom)
2019-10-01 17:51:38,184 [d26b29fd-e359-42d4-b6fd-edc2223e4d4a@group-AD16ECF7555B-LeaderElection56] INFO  grpc.GrpcConfigKeys$Server (ConfUtils.java:logGet(43)) - raft.grpc.server.leader.outstanding.appends.max = 128 (default)
2019-10-01 17:51:38,184 [d26b29fd-e359-42d4-b6fd-edc2223e4d4a@group-AD16ECF7555B-LeaderElection56] INFO  server.RaftServerConfigKeys (ConfUtils.java:logGet(43)) - raft.server.rpc.request.timeout = 3000ms (default)
2019-10-01 17:51:38,184 [d26b29fd-e359-42d4-b6fd-edc2223e4d4a@group-AD16ECF7555B-LeaderElection56] INFO  server.RaftServerConfigKeys (ConfUtils.java:logGet(43)) - raft.server.log.appender.install.snapshot.enabled = false (custom)
2019-10-01 17:51:38,184 [d26b29fd-e359-42d4-b6fd-edc2223e4d4a@group-AD16ECF7555B-LeaderElection56] INFO  impl.RoleInfo (RoleInfo.java:updateAndGet(143)) - d26b29fd-e359-42d4-b6fd-edc2223e4d4a: start LeaderState
2019-10-01 17:51:38,184 [d26b29fd-e359-42d4-b6fd-edc2223e4d4a@group-AD16ECF7555B-LeaderElection56] INFO  segmented.SegmentedRaftLogWorker (SegmentedRaftLogWorker.java:startLogSegment(385)) - d26b29fd-e359-42d4-b6fd-edc2223e4d4a@group-AD16ECF7555B-SegmentedRaftLogWorker: Starting segment from index:0
2019-10-01 17:51:38,185 [d26b29fd-e359-42d4-b6fd-edc2223e4d4a@group-AD16ECF7555B-LeaderElection56] INFO  impl.RaftServerImpl (ServerState.java:setRaftConf(356)) - d26b29fd-e359-42d4-b6fd-edc2223e4d4a@group-AD16ECF7555B: set configuration 0: [6f1be7eb-5ed9-4a99-aaf5-c3c24c0d732d:192.168.164.197:37763, d26b29fd-e359-42d4-b6fd-edc2223e4d4a:192.168.164.197:46755, 1de9d8a1-960a-4e1c-a8de-c280a8f41902:192.168.164.197:38477], old=null at 0
2019-10-01 17:51:38,186 [grpc-default-executor-8] INFO  impl.RaftServerImpl (ServerState.java:setLeader(255)) - 6f1be7eb-5ed9-4a99-aaf5-c3c24c0d732d@group-AD16ECF7555B: change Leader from null to d26b29fd-e359-42d4-b6fd-edc2223e4d4a at term 1 for appendEntries, leader elected after 5095ms
2019-10-01 17:51:38,198 [1de9d8a1-960a-4e1c-a8de-c280a8f41902@group-B09D9D51A1E0-LeaderElection57] INFO  impl.LeaderElection (LeaderElection.java:askForVotes(178)) - 1de9d8a1-960a-4e1c-a8de-c280a8f41902@group-B09D9D51A1E0-LeaderElection57: begin an election at term 1 for -1: [1de9d8a1-960a-4e1c-a8de-c280a8f41902:192.168.164.197:38477], old=null
2019-10-01 17:51:38,198 [grpc-default-executor-7] INFO  impl.RaftServerImpl (ServerState.java:setLeader(255)) - 1de9d8a1-960a-4e1c-a8de-c280a8f41902@group-AD16ECF7555B: change Leader from null to d26b29fd-e359-42d4-b6fd-edc2223e4d4a at term 1 for appendEntries, leader elected after 5097ms
2019-10-01 17:51:38,198 [1de9d8a1-960a-4e1c-a8de-c280a8f41902@group-B09D9D51A1E0-LeaderElection57] INFO  impl.RoleInfo (RoleInfo.java:shutdownLeaderElection(134)) - 1de9d8a1-960a-4e1c-a8de-c280a8f41902: shutdown LeaderElection
2019-10-01 17:51:38,201 [1de9d8a1-960a-4e1c-a8de-c280a8f41902@group-B09D9D51A1E0-LeaderElection57] INFO  impl.RaftServerImpl (RaftServerImpl.java:setRole(170)) - 1de9d8a1-960a-4e1c-a8de-c280a8f41902@group-B09D9D51A1E0: changes role from CANDIDATE to LEADER at term 1 for changeToLeader
2019-10-01 17:51:38,204 [1de9d8a1-960a-4e1c-a8de-c280a8f41902@group-B09D9D51A1E0-LeaderElection57] INFO  impl.RaftServerImpl (ServerState.java:setLeader(255)) - 1de9d8a1-960a-4e1c-a8de-c280a8f41902@group-B09D9D51A1E0: change Leader from null to 1de9d8a1-960a-4e1c-a8de-c280a8f41902 at term 1 for becomeLeader, leader elected after 5222ms
2019-10-01 17:51:38,204 [1de9d8a1-960a-4e1c-a8de-c280a8f41902@group-B09D9D51A1E0-LeaderElection57] INFO  server.RaftServerConfigKeys (ConfUtils.java:logGet(43)) - raft.server.staging.catchup.gap = 1000 (default)
2019-10-01 17:51:38,204 [1de9d8a1-960a-4e1c-a8de-c280a8f41902@group-B09D9D51A1E0-LeaderElection57] INFO  server.RaftServerConfigKeys (ConfUtils.java:logGet(43)) - raft.server.rpc.sleep.time = 25ms (default)
2019-10-01 17:51:38,204 [1de9d8a1-960a-4e1c-a8de-c280a8f41902@group-B09D9D51A1E0-LeaderElection57] INFO  server.RaftServerConfigKeys (ConfUtils.java:logGet(43)) - raft.server.write.element-limit = 4096 (default)
2019-10-01 17:51:38,204 [1de9d8a1-960a-4e1c-a8de-c280a8f41902@group-B09D9D51A1E0-LeaderElection57] INFO  server.RaftServerConfigKeys (ConfUtils.java:logGet(43)) - raft.server.watch.timeout = 10s (default)
2019-10-01 17:51:38,205 [1de9d8a1-960a-4e1c-a8de-c280a8f41902@group-B09D9D51A1E0-LeaderElection57] INFO  server.RaftServerConfigKeys (ConfUtils.java:logGet(43)) - raft.server.watch.timeout.denomination = 1s (default)
2019-10-01 17:51:38,205 [1de9d8a1-960a-4e1c-a8de-c280a8f41902@group-B09D9D51A1E0-LeaderElection57] INFO  server.RaftServerConfigKeys (ConfUtils.java:logGet(43)) - raft.server.watch.element-limit = 65536 (default)
2019-10-01 17:51:38,207 [grpc-default-executor-8] INFO  impl.RaftServerImpl (ServerState.java:setRaftConf(356)) - 1de9d8a1-960a-4e1c-a8de-c280a8f41902@group-AD16ECF7555B: set configuration 0: [6f1be7eb-5ed9-4a99-aaf5-c3c24c0d732d:192.168.164.197:37763, d26b29fd-e359-42d4-b6fd-edc2223e4d4a:192.168.164.197:46755, 1de9d8a1-960a-4e1c-a8de-c280a8f41902:192.168.164.197:38477], old=null at 0
2019-10-01 17:51:38,207 [grpc-default-executor-7] INFO  impl.RaftServerImpl (ServerState.java:setRaftConf(356)) - 6f1be7eb-5ed9-4a99-aaf5-c3c24c0d732d@group-AD16ECF7555B: set configuration 0: [6f1be7eb-5ed9-4a99-aaf5-c3c24c0d732d:192.168.164.197:37763, d26b29fd-e359-42d4-b6fd-edc2223e4d4a:192.168.164.197:46755, 1de9d8a1-960a-4e1c-a8de-c280a8f41902:192.168.164.197:38477], old=null at 0
2019-10-01 17:51:38,208 [grpc-default-executor-8] INFO  segmented.SegmentedRaftLogWorker (SegmentedRaftLogWorker.java:startLogSegment(385)) - 1de9d8a1-960a-4e1c-a8de-c280a8f41902@group-AD16ECF7555B-SegmentedRaftLogWorker: Starting segment from index:0
2019-10-01 17:51:38,208 [grpc-default-executor-7] INFO  segmented.SegmentedRaftLogWorker (SegmentedRaftLogWorker.java:startLogSegment(385)) - 6f1be7eb-5ed9-4a99-aaf5-c3c24c0d732d@group-AD16ECF7555B-SegmentedRaftLogWorker: Starting segment from index:0
2019-10-01 17:51:38,209 [1de9d8a1-960a-4e1c-a8de-c280a8f41902@group-B09D9D51A1E0-LeaderElection57] INFO  impl.RoleInfo (RoleInfo.java:updateAndGet(143)) - 1de9d8a1-960a-4e1c-a8de-c280a8f41902: start LeaderState
2019-10-01 17:51:38,209 [1de9d8a1-960a-4e1c-a8de-c280a8f41902@group-B09D9D51A1E0-LeaderElection57] INFO  segmented.SegmentedRaftLogWorker (SegmentedRaftLogWorker.java:startLogSegment(385)) - 1de9d8a1-960a-4e1c-a8de-c280a8f41902@group-B09D9D51A1E0-SegmentedRaftLogWorker: Starting segment from index:0
2019-10-01 17:51:38,210 [1de9d8a1-960a-4e1c-a8de-c280a8f41902@group-B09D9D51A1E0-LeaderElection57] INFO  impl.RaftServerImpl (ServerState.java:setRaftConf(356)) - 1de9d8a1-960a-4e1c-a8de-c280a8f41902@group-B09D9D51A1E0: set configuration 0: [1de9d8a1-960a-4e1c-a8de-c280a8f41902:192.168.164.197:38477], old=null at 0
2019-10-01 17:51:38,242 [d26b29fd-e359-42d4-b6fd-edc2223e4d4a@group-AD16ECF7555B-SegmentedRaftLogWorker] INFO  segmented.SegmentedRaftLogWorker (SegmentedRaftLogWorker.java:execute(574)) - d26b29fd-e359-42d4-b6fd-edc2223e4d4a@group-AD16ECF7555B-SegmentedRaftLogWorker: created new log segment /workdir/hadoop-ozone/integration-test/target/test-dir/MiniOzoneClusterImpl-3fcc1c04-dad3-4429-8828-bc655c6a986b/datanode-0/data/ratis/9a456893-133c-4e7f-9c91-ad16ecf7555b/current/log_inprogress_0
2019-10-01 17:51:38,247 [Thread-2914] INFO  impl.FollowerState (FollowerState.java:run(108)) - 666f51dd-cd6a-4e5d-b5c7-6cf843438a06@group-A8C506C76092-FollowerState: change to CANDIDATE, lastRpcTime:5086ms, electionTimeout:5086ms
2019-10-01 17:51:38,247 [Thread-2914] INFO  impl.RoleInfo (RoleInfo.java:shutdownFollowerState(121)) - 666f51dd-cd6a-4e5d-b5c7-6cf843438a06: shutdown FollowerState
2019-10-01 17:51:38,247 [Thread-2914] INFO  impl.RaftServerImpl (RaftServerImpl.java:setRole(170)) - 666f51dd-cd6a-4e5d-b5c7-6cf843438a06@group-A8C506C76092: changes role from  FOLLOWER to CANDIDATE at term 0 for changeToCandidate
2019-10-01 17:51:38,247 [Thread-2914] INFO  impl.RoleInfo (RoleInfo.java:updateAndGet(143)) - 666f51dd-cd6a-4e5d-b5c7-6cf843438a06: start LeaderElection
2019-10-01 17:51:38,254 [6f1be7eb-5ed9-4a99-aaf5-c3c24c0d732d@group-AD16ECF7555B-SegmentedRaftLogWorker] INFO  segmented.SegmentedRaftLogWorker (SegmentedRaftLogWorker.java:execute(574)) - 6f1be7eb-5ed9-4a99-aaf5-c3c24c0d732d@group-AD16ECF7555B-SegmentedRaftLogWorker: created new log segment /workdir/hadoop-ozone/integration-test/target/test-dir/MiniOzoneClusterImpl-3fcc1c04-dad3-4429-8828-bc655c6a986b/datanode-3/data/ratis/9a456893-133c-4e7f-9c91-ad16ecf7555b/current/log_inprogress_0
2019-10-01 17:51:38,254 [1de9d8a1-960a-4e1c-a8de-c280a8f41902@group-B09D9D51A1E0-SegmentedRaftLogWorker] INFO  segmented.SegmentedRaftLogWorker (SegmentedRaftLogWorker.java:execute(574)) - 1de9d8a1-960a-4e1c-a8de-c280a8f41902@group-B09D9D51A1E0-SegmentedRaftLogWorker: created new log segment /workdir/hadoop-ozone/integration-test/target/test-dir/MiniOzoneClusterImpl-3fcc1c04-dad3-4429-8828-bc655c6a986b/datanode-2/data/ratis/7b411857-6cc5-4853-8fc1-b09d9d51a1e0/current/log_inprogress_0
2019-10-01 17:51:38,254 [1de9d8a1-960a-4e1c-a8de-c280a8f41902@group-AD16ECF7555B-SegmentedRaftLogWorker] INFO  segmented.SegmentedRaftLogWorker (SegmentedRaftLogWorker.java:execute(574)) - 1de9d8a1-960a-4e1c-a8de-c280a8f41902@group-AD16ECF7555B-SegmentedRaftLogWorker: created new log segment /workdir/hadoop-ozone/integration-test/target/test-dir/MiniOzoneClusterImpl-3fcc1c04-dad3-4429-8828-bc655c6a986b/datanode-2/data/ratis/9a456893-133c-4e7f-9c91-ad16ecf7555b/current/log_inprogress_0
2019-10-01 17:51:38,254 [666f51dd-cd6a-4e5d-b5c7-6cf843438a06@group-A8C506C76092-LeaderElection58] INFO  impl.LeaderElection (LeaderElection.java:askForVotes(178)) - 666f51dd-cd6a-4e5d-b5c7-6cf843438a06@group-A8C506C76092-LeaderElection58: begin an election at term 1 for -1: [666f51dd-cd6a-4e5d-b5c7-6cf843438a06:192.168.164.197:37662], old=null
2019-10-01 17:51:38,255 [666f51dd-cd6a-4e5d-b5c7-6cf843438a06@group-A8C506C76092-LeaderElection58] INFO  impl.RoleInfo (RoleInfo.java:shutdownLeaderElection(134)) - 666f51dd-cd6a-4e5d-b5c7-6cf843438a06: shutdown LeaderElection
2019-10-01 17:51:38,255 [666f51dd-cd6a-4e5d-b5c7-6cf843438a06@group-A8C506C76092-LeaderElection58] INFO  impl.RaftServerImpl (RaftServerImpl.java:setRole(170)) - 666f51dd-cd6a-4e5d-b5c7-6cf843438a06@group-A8C506C76092: changes role from CANDIDATE to LEADER at term 1 for changeToLeader
2019-10-01 17:51:38,255 [666f51dd-cd6a-4e5d-b5c7-6cf843438a06@group-A8C506C76092-LeaderElection58] INFO  impl.RaftServerImpl (ServerState.java:setLeader(255)) - 666f51dd-cd6a-4e5d-b5c7-6cf843438a06@group-A8C506C76092: change Leader from null to 666f51dd-cd6a-4e5d-b5c7-6cf843438a06 at term 1 for becomeLeader, leader elected after 5098ms
2019-10-01 17:51:38,255 [666f51dd-cd6a-4e5d-b5c7-6cf843438a06@group-A8C506C76092-LeaderElection58] INFO  server.RaftServerConfigKeys (ConfUtils.java:logGet(43)) - raft.server.staging.catchup.gap = 1000 (default)
2019-10-01 17:51:38,255 [666f51dd-cd6a-4e5d-b5c7-6cf843438a06@group-A8C506C76092-LeaderElection58] INFO  server.RaftServerConfigKeys (ConfUtils.java:logGet(43)) - raft.server.rpc.sleep.time = 25ms (default)
2019-10-01 17:51:38,255 [666f51dd-cd6a-4e5d-b5c7-6cf843438a06@group-A8C506C76092-LeaderElection58] INFO  server.RaftServerConfigKeys (ConfUtils.java:logGet(43)) - raft.server.write.element-limit = 4096 (default)
2019-10-01 17:51:38,255 [666f51dd-cd6a-4e5d-b5c7-6cf843438a06@group-A8C506C76092-LeaderElection58] INFO  server.RaftServerConfigKeys (ConfUtils.java:logGet(43)) - raft.server.watch.timeout = 10s (default)
2019-10-01 17:51:38,255 [666f51dd-cd6a-4e5d-b5c7-6cf843438a06@group-A8C506C76092-LeaderElection58] INFO  server.RaftServerConfigKeys (ConfUtils.java:logGet(43)) - raft.server.watch.timeout.denomination = 1s (default)
2019-10-01 17:51:38,255 [666f51dd-cd6a-4e5d-b5c7-6cf843438a06@group-A8C506C76092-LeaderElection58] INFO  server.RaftServerConfigKeys (ConfUtils.java:logGet(43)) - raft.server.watch.element-limit = 65536 (default)
2019-10-01 17:51:38,257 [666f51dd-cd6a-4e5d-b5c7-6cf843438a06@group-A8C506C76092-LeaderElection58] INFO  impl.RoleInfo (RoleInfo.java:updateAndGet(143)) - 666f51dd-cd6a-4e5d-b5c7-6cf843438a06: start LeaderState
2019-10-01 17:51:38,257 [666f51dd-cd6a-4e5d-b5c7-6cf843438a06@group-A8C506C76092-LeaderElection58] INFO  segmented.SegmentedRaftLogWorker (SegmentedRaftLogWorker.java:startLogSegment(385)) - 666f51dd-cd6a-4e5d-b5c7-6cf843438a06@group-A8C506C76092-SegmentedRaftLogWorker: Starting segment from index:0
2019-10-01 17:51:38,257 [666f51dd-cd6a-4e5d-b5c7-6cf843438a06@group-A8C506C76092-LeaderElection58] INFO  impl.RaftServerImpl (ServerState.java:setRaftConf(356)) - 666f51dd-cd6a-4e5d-b5c7-6cf843438a06@group-A8C506C76092: set configuration 0: [666f51dd-cd6a-4e5d-b5c7-6cf843438a06:192.168.164.197:37662], old=null at 0
2019-10-01 17:51:38,299 [Thread-2917] INFO  impl.FollowerState (FollowerState.java:run(108)) - 9638bbdb-f358-46da-a109-5d5ce44b258d@group-CDCC760375FC-FollowerState: change to CANDIDATE, lastRpcTime:5095ms, electionTimeout:5095ms
2019-10-01 17:51:38,300 [Thread-2917] INFO  impl.RoleInfo (RoleInfo.java:shutdownFollowerState(121)) - 9638bbdb-f358-46da-a109-5d5ce44b258d: shutdown FollowerState
2019-10-01 17:51:38,300 [Thread-2917] INFO  impl.RaftServerImpl (RaftServerImpl.java:setRole(170)) - 9638bbdb-f358-46da-a109-5d5ce44b258d@group-CDCC760375FC: changes role from  FOLLOWER to CANDIDATE at term 0 for changeToCandidate
2019-10-01 17:51:38,300 [Thread-2917] INFO  impl.RoleInfo (RoleInfo.java:updateAndGet(143)) - 9638bbdb-f358-46da-a109-5d5ce44b258d: start LeaderElection
2019-10-01 17:51:38,300 [666f51dd-cd6a-4e5d-b5c7-6cf843438a06@group-A8C506C76092-SegmentedRaftLogWorker] INFO  segmented.SegmentedRaftLogWorker (SegmentedRaftLogWorker.java:execute(574)) - 666f51dd-cd6a-4e5d-b5c7-6cf843438a06@group-A8C506C76092-SegmentedRaftLogWorker: created new log segment /workdir/hadoop-ozone/integration-test/target/test-dir/MiniOzoneClusterImpl-3fcc1c04-dad3-4429-8828-bc655c6a986b/datanode-4/data/ratis/e5a5ec6d-5844-4cf8-92b0-a8c506c76092/current/log_inprogress_0
2019-10-01 17:51:38,312 [Thread-2925] INFO  impl.FollowerState (FollowerState.java:run(108)) - e5e267b4-3479-43eb-bd9d-fb4a825b0ce3@group-7223CD6EBBF6-FollowerState: change to CANDIDATE, lastRpcTime:5021ms, electionTimeout:5021ms
2019-10-01 17:51:38,312 [Thread-2925] INFO  impl.RoleInfo (RoleInfo.java:shutdownFollowerState(121)) - e5e267b4-3479-43eb-bd9d-fb4a825b0ce3: shutdown FollowerState
2019-10-01 17:51:38,312 [Thread-2925] INFO  impl.RaftServerImpl (RaftServerImpl.java:setRole(170)) - e5e267b4-3479-43eb-bd9d-fb4a825b0ce3@group-7223CD6EBBF6: changes role from  FOLLOWER to CANDIDATE at term 0 for changeToCandidate
2019-10-01 17:51:38,313 [Thread-2925] INFO  impl.RoleInfo (RoleInfo.java:updateAndGet(143)) - e5e267b4-3479-43eb-bd9d-fb4a825b0ce3: start LeaderElection
2019-10-01 17:51:38,323 [9638bbdb-f358-46da-a109-5d5ce44b258d@group-CDCC760375FC-LeaderElection59] INFO  impl.LeaderElection (LeaderElection.java:askForVotes(178)) - 9638bbdb-f358-46da-a109-5d5ce44b258d@group-CDCC760375FC-LeaderElection59: begin an election at term 1 for -1: [9638bbdb-f358-46da-a109-5d5ce44b258d:192.168.164.197:35521], old=null
2019-10-01 17:51:38,323 [e5e267b4-3479-43eb-bd9d-fb4a825b0ce3@group-7223CD6EBBF6-LeaderElection60] INFO  impl.LeaderElection (LeaderElection.java:askForVotes(178)) - e5e267b4-3479-43eb-bd9d-fb4a825b0ce3@group-7223CD6EBBF6-LeaderElection60: begin an election at term 1 for -1: [9638bbdb-f358-46da-a109-5d5ce44b258d:192.168.164.197:35521, 666f51dd-cd6a-4e5d-b5c7-6cf843438a06:192.168.164.197:37662, e5e267b4-3479-43eb-bd9d-fb4a825b0ce3:192.168.164.197:40692], old=null
2019-10-01 17:51:38,323 [9638bbdb-f358-46da-a109-5d5ce44b258d@group-CDCC760375FC-LeaderElection59] INFO  impl.RoleInfo (RoleInfo.java:shutdownLeaderElection(134)) - 9638bbdb-f358-46da-a109-5d5ce44b258d: shutdown LeaderElection
2019-10-01 17:51:38,323 [9638bbdb-f358-46da-a109-5d5ce44b258d@group-CDCC760375FC-LeaderElection59] INFO  impl.RaftServerImpl (RaftServerImpl.java:setRole(170)) - 9638bbdb-f358-46da-a109-5d5ce44b258d@group-CDCC760375FC: changes role from CANDIDATE to LEADER at term 1 for changeToLeader
2019-10-01 17:51:38,323 [9638bbdb-f358-46da-a109-5d5ce44b258d@group-CDCC760375FC-LeaderElection59] INFO  impl.RaftServerImpl (ServerState.java:setLeader(255)) - 9638bbdb-f358-46da-a109-5d5ce44b258d@group-CDCC760375FC: change Leader from null to 9638bbdb-f358-46da-a109-5d5ce44b258d at term 1 for becomeLeader, leader elected after 5124ms
2019-10-01 17:51:38,323 [9638bbdb-f358-46da-a109-5d5ce44b258d@group-CDCC760375FC-LeaderElection59] INFO  server.RaftServerConfigKeys (ConfUtils.java:logGet(43)) - raft.server.staging.catchup.gap = 1000 (default)
2019-10-01 17:51:38,323 [9638bbdb-f358-46da-a109-5d5ce44b258d@group-CDCC760375FC-LeaderElection59] INFO  server.RaftServerConfigKeys (ConfUtils.java:logGet(43)) - raft.server.rpc.sleep.time = 25ms (default)
2019-10-01 17:51:38,323 [9638bbdb-f358-46da-a109-5d5ce44b258d@group-CDCC760375FC-LeaderElection59] INFO  server.RaftServerConfigKeys (ConfUtils.java:logGet(43)) - raft.server.write.element-limit = 4096 (default)
2019-10-01 17:51:38,324 [9638bbdb-f358-46da-a109-5d5ce44b258d@group-CDCC760375FC-LeaderElection59] INFO  server.RaftServerConfigKeys (ConfUtils.java:logGet(43)) - raft.server.watch.timeout = 10s (default)
2019-10-01 17:51:38,324 [9638bbdb-f358-46da-a109-5d5ce44b258d@group-CDCC760375FC-LeaderElection59] INFO  server.RaftServerConfigKeys (ConfUtils.java:logGet(43)) - raft.server.watch.timeout.denomination = 1s (default)
2019-10-01 17:51:38,324 [9638bbdb-f358-46da-a109-5d5ce44b258d@group-CDCC760375FC-LeaderElection59] INFO  server.RaftServerConfigKeys (ConfUtils.java:logGet(43)) - raft.server.watch.element-limit = 65536 (default)
2019-10-01 17:51:38,325 [9638bbdb-f358-46da-a109-5d5ce44b258d@group-CDCC760375FC-LeaderElection59] INFO  impl.RoleInfo (RoleInfo.java:updateAndGet(143)) - 9638bbdb-f358-46da-a109-5d5ce44b258d: start LeaderState
2019-10-01 17:51:38,325 [9638bbdb-f358-46da-a109-5d5ce44b258d@group-CDCC760375FC-LeaderElection59] INFO  segmented.SegmentedRaftLogWorker (SegmentedRaftLogWorker.java:startLogSegment(385)) - 9638bbdb-f358-46da-a109-5d5ce44b258d@group-CDCC760375FC-SegmentedRaftLogWorker: Starting segment from index:0
2019-10-01 17:51:38,325 [9638bbdb-f358-46da-a109-5d5ce44b258d@group-CDCC760375FC-LeaderElection59] INFO  impl.RaftServerImpl (ServerState.java:setRaftConf(356)) - 9638bbdb-f358-46da-a109-5d5ce44b258d@group-CDCC760375FC: set configuration 0: [9638bbdb-f358-46da-a109-5d5ce44b258d:192.168.164.197:35521], old=null at 0
2019-10-01 17:51:38,354 [grpc-default-executor-8] INFO  impl.RaftServerImpl (RaftServerImpl.java:setRole(170)) - 666f51dd-cd6a-4e5d-b5c7-6cf843438a06@group-7223CD6EBBF6: changes role from  FOLLOWER to FOLLOWER at term 1 for recognizeCandidate:e5e267b4-3479-43eb-bd9d-fb4a825b0ce3
2019-10-01 17:51:38,354 [grpc-default-executor-7] INFO  impl.RaftServerImpl (RaftServerImpl.java:setRole(170)) - 9638bbdb-f358-46da-a109-5d5ce44b258d@group-7223CD6EBBF6: changes role from  FOLLOWER to FOLLOWER at term 1 for recognizeCandidate:e5e267b4-3479-43eb-bd9d-fb4a825b0ce3
2019-10-01 17:51:38,354 [grpc-default-executor-8] INFO  impl.RoleInfo (RoleInfo.java:shutdownFollowerState(121)) - 666f51dd-cd6a-4e5d-b5c7-6cf843438a06: shutdown FollowerState
2019-10-01 17:51:38,355 [grpc-default-executor-7] INFO  impl.RoleInfo (RoleInfo.java:shutdownFollowerState(121)) - 9638bbdb-f358-46da-a109-5d5ce44b258d: shutdown FollowerState
2019-10-01 17:51:38,355 [Thread-2920] INFO  impl.FollowerState (FollowerState.java:run(117)) - 666f51dd-cd6a-4e5d-b5c7-6cf843438a06@group-7223CD6EBBF6-FollowerState was interrupted: java.lang.InterruptedException: sleep interrupted
2019-10-01 17:51:38,355 [grpc-default-executor-8] INFO  impl.RoleInfo (RoleInfo.java:updateAndGet(143)) - 666f51dd-cd6a-4e5d-b5c7-6cf843438a06: start FollowerState
2019-10-01 17:51:38,355 [Thread-2924] INFO  impl.FollowerState (FollowerState.java:run(117)) - 9638bbdb-f358-46da-a109-5d5ce44b258d@group-7223CD6EBBF6-FollowerState was interrupted: java.lang.InterruptedException: sleep interrupted
2019-10-01 17:51:38,355 [grpc-default-executor-7] INFO  impl.RoleInfo (RoleInfo.java:updateAndGet(143)) - 9638bbdb-f358-46da-a109-5d5ce44b258d: start FollowerState
2019-10-01 17:51:38,366 [9638bbdb-f358-46da-a109-5d5ce44b258d@group-CDCC760375FC-SegmentedRaftLogWorker] INFO  segmented.SegmentedRaftLogWorker (SegmentedRaftLogWorker.java:execute(574)) - 9638bbdb-f358-46da-a109-5d5ce44b258d@group-CDCC760375FC-SegmentedRaftLogWorker: created new log segment /workdir/hadoop-ozone/integration-test/target/test-dir/MiniOzoneClusterImpl-3fcc1c04-dad3-4429-8828-bc655c6a986b/datanode-5/data/ratis/0710675e-85e2-4e7b-973d-cdcc760375fc/current/log_inprogress_0
2019-10-01 17:51:38,375 [e5e267b4-3479-43eb-bd9d-fb4a825b0ce3@group-7223CD6EBBF6-LeaderElection60] INFO  impl.LeaderElection (LeaderElection.java:logAndReturn(56)) - e5e267b4-3479-43eb-bd9d-fb4a825b0ce3@group-7223CD6EBBF6-LeaderElection60: Election PASSED; received 1 response(s) [e5e267b4-3479-43eb-bd9d-fb4a825b0ce3<-9638bbdb-f358-46da-a109-5d5ce44b258d#0:OK-t1] and 0 exception(s); e5e267b4-3479-43eb-bd9d-fb4a825b0ce3@group-7223CD6EBBF6:t1, leader=null, voted=e5e267b4-3479-43eb-bd9d-fb4a825b0ce3, raftlog=e5e267b4-3479-43eb-bd9d-fb4a825b0ce3@group-7223CD6EBBF6-SegmentedRaftLog:OPENED:c-1,f-1,i0, conf=-1: [9638bbdb-f358-46da-a109-5d5ce44b258d:192.168.164.197:35521, 666f51dd-cd6a-4e5d-b5c7-6cf843438a06:192.168.164.197:37662, e5e267b4-3479-43eb-bd9d-fb4a825b0ce3:192.168.164.197:40692], old=null
2019-10-01 17:51:38,375 [e5e267b4-3479-43eb-bd9d-fb4a825b0ce3@group-7223CD6EBBF6-LeaderElection60] INFO  impl.RoleInfo (RoleInfo.java:shutdownLeaderElection(134)) - e5e267b4-3479-43eb-bd9d-fb4a825b0ce3: shutdown LeaderElection
2019-10-01 17:51:38,376 [e5e267b4-3479-43eb-bd9d-fb4a825b0ce3@group-7223CD6EBBF6-LeaderElection60] INFO  impl.RaftServerImpl (RaftServerImpl.java:setRole(170)) - e5e267b4-3479-43eb-bd9d-fb4a825b0ce3@group-7223CD6EBBF6: changes role from CANDIDATE to LEADER at term 1 for changeToLeader
2019-10-01 17:51:38,376 [e5e267b4-3479-43eb-bd9d-fb4a825b0ce3@group-7223CD6EBBF6-LeaderElection60] INFO  impl.RaftServerImpl (ServerState.java:setLeader(255)) - e5e267b4-3479-43eb-bd9d-fb4a825b0ce3@group-7223CD6EBBF6: change Leader from null to e5e267b4-3479-43eb-bd9d-fb4a825b0ce3 at term 1 for becomeLeader, leader elected after 5097ms
2019-10-01 17:51:38,376 [e5e267b4-3479-43eb-bd9d-fb4a825b0ce3@group-7223CD6EBBF6-LeaderElection60] INFO  server.RaftServerConfigKeys (ConfUtils.java:logGet(43)) - raft.server.staging.catchup.gap = 1000 (default)
2019-10-01 17:51:38,376 [e5e267b4-3479-43eb-bd9d-fb4a825b0ce3@group-7223CD6EBBF6-LeaderElection60] INFO  server.RaftServerConfigKeys (ConfUtils.java:logGet(43)) - raft.server.rpc.sleep.time = 25ms (default)
2019-10-01 17:51:38,376 [e5e267b4-3479-43eb-bd9d-fb4a825b0ce3@group-7223CD6EBBF6-LeaderElection60] INFO  server.RaftServerConfigKeys (ConfUtils.java:logGet(43)) - raft.server.write.element-limit = 4096 (default)
2019-10-01 17:51:38,376 [e5e267b4-3479-43eb-bd9d-fb4a825b0ce3@group-7223CD6EBBF6-LeaderElection60] INFO  server.RaftServerConfigKeys (ConfUtils.java:logGet(43)) - raft.server.watch.timeout = 10s (default)
2019-10-01 17:51:38,376 [e5e267b4-3479-43eb-bd9d-fb4a825b0ce3@group-7223CD6EBBF6-LeaderElection60] INFO  server.RaftServerConfigKeys (ConfUtils.java:logGet(43)) - raft.server.watch.timeout.denomination = 1s (default)
2019-10-01 17:51:38,376 [e5e267b4-3479-43eb-bd9d-fb4a825b0ce3@group-7223CD6EBBF6-LeaderElection60] INFO  server.RaftServerConfigKeys (ConfUtils.java:logGet(43)) - raft.server.watch.element-limit = 65536 (default)
2019-10-01 17:51:38,377 [e5e267b4-3479-43eb-bd9d-fb4a825b0ce3@group-7223CD6EBBF6-LeaderElection60] INFO  server.RaftServerConfigKeys (ConfUtils.java:logGet(43)) - raft.server.log.appender.snapshot.chunk.size.max = 16MB (=16777216) (default)
2019-10-01 17:51:38,377 [e5e267b4-3479-43eb-bd9d-fb4a825b0ce3@group-7223CD6EBBF6-LeaderElection60] INFO  server.RaftServerConfigKeys (ConfUtils.java:logGet(43)) - raft.server.log.appender.buffer.byte-limit = 33554432 (custom)
2019-10-01 17:51:38,377 [e5e267b4-3479-43eb-bd9d-fb4a825b0ce3@group-7223CD6EBBF6-LeaderElection60] INFO  server.RaftServerConfigKeys (ConfUtils.java:logGet(43)) - raft.server.log.appender.buffer.element-limit = 1 (custom)
2019-10-01 17:51:38,378 [e5e267b4-3479-43eb-bd9d-fb4a825b0ce3@group-7223CD6EBBF6-LeaderElection60] INFO  grpc.GrpcConfigKeys$Server (ConfUtils.java:logGet(43)) - raft.grpc.server.leader.outstanding.appends.max = 128 (default)
2019-10-01 17:51:38,378 [e5e267b4-3479-43eb-bd9d-fb4a825b0ce3@group-7223CD6EBBF6-LeaderElection60] INFO  server.RaftServerConfigKeys (ConfUtils.java:logGet(43)) - raft.server.rpc.request.timeout = 3000ms (default)
2019-10-01 17:51:38,378 [e5e267b4-3479-43eb-bd9d-fb4a825b0ce3@group-7223CD6EBBF6-LeaderElection60] INFO  server.RaftServerConfigKeys (ConfUtils.java:logGet(43)) - raft.server.log.appender.install.snapshot.enabled = false (custom)
2019-10-01 17:51:38,378 [e5e267b4-3479-43eb-bd9d-fb4a825b0ce3@group-7223CD6EBBF6-LeaderElection60] INFO  server.RaftServerConfigKeys (ConfUtils.java:logGet(43)) - raft.server.log.appender.snapshot.chunk.size.max = 16MB (=16777216) (default)
2019-10-01 17:51:38,378 [e5e267b4-3479-43eb-bd9d-fb4a825b0ce3@group-7223CD6EBBF6-LeaderElection60] INFO  server.RaftServerConfigKeys (ConfUtils.java:logGet(43)) - raft.server.log.appender.buffer.byte-limit = 33554432 (custom)
2019-10-01 17:51:38,378 [e5e267b4-3479-43eb-bd9d-fb4a825b0ce3@group-7223CD6EBBF6-LeaderElection60] INFO  server.RaftServerConfigKeys (ConfUtils.java:logGet(43)) - raft.server.log.appender.buffer.element-limit = 1 (custom)
2019-10-01 17:51:38,378 [e5e267b4-3479-43eb-bd9d-fb4a825b0ce3@group-7223CD6EBBF6-LeaderElection60] INFO  grpc.GrpcConfigKeys$Server (ConfUtils.java:logGet(43)) - raft.grpc.server.leader.outstanding.appends.max = 128 (default)
2019-10-01 17:51:38,378 [e5e267b4-3479-43eb-bd9d-fb4a825b0ce3@group-7223CD6EBBF6-LeaderElection60] INFO  server.RaftServerConfigKeys (ConfUtils.java:logGet(43)) - raft.server.rpc.request.timeout = 3000ms (default)
2019-10-01 17:51:38,378 [e5e267b4-3479-43eb-bd9d-fb4a825b0ce3@group-7223CD6EBBF6-LeaderElection60] INFO  server.RaftServerConfigKeys (ConfUtils.java:logGet(43)) - raft.server.log.appender.install.snapshot.enabled = false (custom)
2019-10-01 17:51:38,379 [e5e267b4-3479-43eb-bd9d-fb4a825b0ce3@group-7223CD6EBBF6-LeaderElection60] INFO  impl.RoleInfo (RoleInfo.java:updateAndGet(143)) - e5e267b4-3479-43eb-bd9d-fb4a825b0ce3: start LeaderState
2019-10-01 17:51:38,379 [e5e267b4-3479-43eb-bd9d-fb4a825b0ce3@group-7223CD6EBBF6-LeaderElection60] INFO  segmented.SegmentedRaftLogWorker (SegmentedRaftLogWorker.java:startLogSegment(385)) - e5e267b4-3479-43eb-bd9d-fb4a825b0ce3@group-7223CD6EBBF6-SegmentedRaftLogWorker: Starting segment from index:0
2019-10-01 17:51:38,379 [e5e267b4-3479-43eb-bd9d-fb4a825b0ce3@group-7223CD6EBBF6-LeaderElection60] INFO  impl.RaftServerImpl (ServerState.java:setRaftConf(356)) - e5e267b4-3479-43eb-bd9d-fb4a825b0ce3@group-7223CD6EBBF6: set configuration 0: [9638bbdb-f358-46da-a109-5d5ce44b258d:192.168.164.197:35521, 666f51dd-cd6a-4e5d-b5c7-6cf843438a06:192.168.164.197:37662, e5e267b4-3479-43eb-bd9d-fb4a825b0ce3:192.168.164.197:40692], old=null at 0
2019-10-01 17:51:38,393 [grpc-default-executor-8] INFO  impl.RaftServerImpl (ServerState.java:setLeader(255)) - 666f51dd-cd6a-4e5d-b5c7-6cf843438a06@group-7223CD6EBBF6: change Leader from null to e5e267b4-3479-43eb-bd9d-fb4a825b0ce3 at term 1 for appendEntries, leader elected after 5114ms
2019-10-01 17:51:38,397 [grpc-default-executor-3] INFO  impl.RaftServerImpl (ServerState.java:setLeader(255)) - 9638bbdb-f358-46da-a109-5d5ce44b258d@group-7223CD6EBBF6: change Leader from null to e5e267b4-3479-43eb-bd9d-fb4a825b0ce3 at term 1 for appendEntries, leader elected after 5117ms
2019-10-01 17:51:38,403 [grpc-default-executor-3] INFO  impl.RaftServerImpl (ServerState.java:setRaftConf(356)) - 666f51dd-cd6a-4e5d-b5c7-6cf843438a06@group-7223CD6EBBF6: set configuration 0: [9638bbdb-f358-46da-a109-5d5ce44b258d:192.168.164.197:35521, 666f51dd-cd6a-4e5d-b5c7-6cf843438a06:192.168.164.197:37662, e5e267b4-3479-43eb-bd9d-fb4a825b0ce3:192.168.164.197:40692], old=null at 0
2019-10-01 17:51:38,403 [grpc-default-executor-8] INFO  impl.RaftServerImpl (ServerState.java:setRaftConf(356)) - 9638bbdb-f358-46da-a109-5d5ce44b258d@group-7223CD6EBBF6: set configuration 0: [9638bbdb-f358-46da-a109-5d5ce44b258d:192.168.164.197:35521, 666f51dd-cd6a-4e5d-b5c7-6cf843438a06:192.168.164.197:37662, e5e267b4-3479-43eb-bd9d-fb4a825b0ce3:192.168.164.197:40692], old=null at 0
2019-10-01 17:51:38,403 [grpc-default-executor-3] INFO  segmented.SegmentedRaftLogWorker (SegmentedRaftLogWorker.java:startLogSegment(385)) - 666f51dd-cd6a-4e5d-b5c7-6cf843438a06@group-7223CD6EBBF6-SegmentedRaftLogWorker: Starting segment from index:0
2019-10-01 17:51:38,403 [grpc-default-executor-8] INFO  segmented.SegmentedRaftLogWorker (SegmentedRaftLogWorker.java:startLogSegment(385)) - 9638bbdb-f358-46da-a109-5d5ce44b258d@group-7223CD6EBBF6-SegmentedRaftLogWorker: Starting segment from index:0
2019-10-01 17:51:38,417 [e5e267b4-3479-43eb-bd9d-fb4a825b0ce3@group-7223CD6EBBF6-SegmentedRaftLogWorker] INFO  segmented.SegmentedRaftLogWorker (SegmentedRaftLogWorker.java:execute(574)) - e5e267b4-3479-43eb-bd9d-fb4a825b0ce3@group-7223CD6EBBF6-SegmentedRaftLogWorker: created new log segment /workdir/hadoop-ozone/integration-test/target/test-dir/MiniOzoneClusterImpl-3fcc1c04-dad3-4429-8828-bc655c6a986b/datanode-1/data/ratis/1b3b987f-3e05-4ad2-9f11-7223cd6ebbf6/current/log_inprogress_0
2019-10-01 17:51:38,418 [666f51dd-cd6a-4e5d-b5c7-6cf843438a06@group-7223CD6EBBF6-SegmentedRaftLogWorker] INFO  segmented.SegmentedRaftLogWorker (SegmentedRaftLogWorker.java:execute(574)) - 666f51dd-cd6a-4e5d-b5c7-6cf843438a06@group-7223CD6EBBF6-SegmentedRaftLogWorker: created new log segment /workdir/hadoop-ozone/integration-test/target/test-dir/MiniOzoneClusterImpl-3fcc1c04-dad3-4429-8828-bc655c6a986b/datanode-4/data/ratis/1b3b987f-3e05-4ad2-9f11-7223cd6ebbf6/current/log_inprogress_0
2019-10-01 17:51:38,419 [9638bbdb-f358-46da-a109-5d5ce44b258d@group-7223CD6EBBF6-SegmentedRaftLogWorker] INFO  segmented.SegmentedRaftLogWorker (SegmentedRaftLogWorker.java:execute(574)) - 9638bbdb-f358-46da-a109-5d5ce44b258d@group-7223CD6EBBF6-SegmentedRaftLogWorker: created new log segment /workdir/hadoop-ozone/integration-test/target/test-dir/MiniOzoneClusterImpl-3fcc1c04-dad3-4429-8828-bc655c6a986b/datanode-5/data/ratis/1b3b987f-3e05-4ad2-9f11-7223cd6ebbf6/current/log_inprogress_0
2019-10-01 17:51:39,526 [Datanode State Machine Thread - 0] INFO  statemachine.DatanodeStateMachine (DatanodeStateMachine.java:lambda$startDaemon$0(350)) - Ozone container server started.
2019-10-01 17:51:43,598 [EventQueue-StaleNodeForStaleNodeHandler] INFO  node.StaleNodeHandler (StaleNodeHandler.java:onMessage(58)) - Datanode d26b29fd-e359-42d4-b6fd-edc2223e4d4a{ip: 192.168.164.197, host: pr-hdds-2210-qxppt-2300642653, networkLocation: /default-rack, certSerialId: null} moved to stale state. Finalizing its pipelines [PipelineID=9a8fe3e9-3534-4865-8813-9878da3adb3a, PipelineID=9a456893-133c-4e7f-9c91-ad16ecf7555b]
2019-10-01 17:51:43,599 [EventQueue-StaleNodeForStaleNodeHandler] INFO  pipeline.SCMPipelineManager (SCMPipelineManager.java:finalizeAndDestroyPipeline(315)) - destroying pipeline:Pipeline[ Id: 9a8fe3e9-3534-4865-8813-9878da3adb3a, Nodes: d26b29fd-e359-42d4-b6fd-edc2223e4d4a{ip: 192.168.164.197, host: pr-hdds-2210-qxppt-2300642653, networkLocation: /default-rack, certSerialId: null}, Type:RATIS, Factor:ONE, State:OPEN]
2019-10-01 17:51:43,600 [EventQueue-StaleNodeForStaleNodeHandler] INFO  pipeline.PipelineStateManager (PipelineStateManager.java:finalizePipeline(123)) - Pipeline Pipeline[ Id: 9a8fe3e9-3534-4865-8813-9878da3adb3a, Nodes: d26b29fd-e359-42d4-b6fd-edc2223e4d4a{ip: 192.168.164.197, host: pr-hdds-2210-qxppt-2300642653, networkLocation: /default-rack, certSerialId: null}, Type:RATIS, Factor:ONE, State:CLOSED] moved to CLOSED state
2019-10-01 17:51:43,600 [EventQueue-StaleNodeForStaleNodeHandler] INFO  pipeline.SCMPipelineManager (SCMPipelineManager.java:finalizeAndDestroyPipeline(315)) - destroying pipeline:Pipeline[ Id: 9a456893-133c-4e7f-9c91-ad16ecf7555b, Nodes: d26b29fd-e359-42d4-b6fd-edc2223e4d4a{ip: 192.168.164.197, host: pr-hdds-2210-qxppt-2300642653, networkLocation: /default-rack, certSerialId: null}1de9d8a1-960a-4e1c-a8de-c280a8f41902{ip: 192.168.164.197, host: pr-hdds-2210-qxppt-2300642653, networkLocation: /default-rack, certSerialId: null}6f1be7eb-5ed9-4a99-aaf5-c3c24c0d732d{ip: 192.168.164.197, host: pr-hdds-2210-qxppt-2300642653, networkLocation: /default-rack, certSerialId: null}, Type:RATIS, Factor:THREE, State:OPEN]
2019-10-01 17:51:43,600 [EventQueue-StaleNodeForStaleNodeHandler] INFO  pipeline.PipelineStateManager (PipelineStateManager.java:finalizePipeline(123)) - Pipeline Pipeline[ Id: 9a456893-133c-4e7f-9c91-ad16ecf7555b, Nodes: d26b29fd-e359-42d4-b6fd-edc2223e4d4a{ip: 192.168.164.197, host: pr-hdds-2210-qxppt-2300642653, networkLocation: /default-rack, certSerialId: null}1de9d8a1-960a-4e1c-a8de-c280a8f41902{ip: 192.168.164.197, host: pr-hdds-2210-qxppt-2300642653, networkLocation: /default-rack, certSerialId: null}6f1be7eb-5ed9-4a99-aaf5-c3c24c0d732d{ip: 192.168.164.197, host: pr-hdds-2210-qxppt-2300642653, networkLocation: /default-rack, certSerialId: null}, Type:RATIS, Factor:THREE, State:CLOSED] moved to CLOSED state
2019-10-01 17:51:43,601 [EventQueue-CloseContainerForCloseContainerEventHandler] INFO  container.CloseContainerEventHandler (CloseContainerEventHandler.java:onMessage(61)) - Close container Event triggered for container : #1
2019-10-01 17:51:43,772 [main] INFO  ozoneimpl.OzoneContainer (OzoneContainer.java:stop(231)) - Attempting to stop container services.
2019-10-01 17:51:43,778 [main] INFO  impl.RaftServerProxy (RaftServerProxy.java:lambda$close$4(314)) - d26b29fd-e359-42d4-b6fd-edc2223e4d4a: close
2019-10-01 17:51:43,778 [main] INFO  impl.RaftServerImpl (RaftServerImpl.java:lambda$shutdown$3(247)) - d26b29fd-e359-42d4-b6fd-edc2223e4d4a@group-9878DA3ADB3A: shutdown
2019-10-01 17:51:43,779 [main] INFO  util.JmxRegister (JmxRegister.java:unregister(73)) - Successfully un-registered JMX Bean with object name Ratis:service=RaftServer,group=group-9878DA3ADB3A,id=d26b29fd-e359-42d4-b6fd-edc2223e4d4a
2019-10-01 17:51:43,779 [main] INFO  impl.RoleInfo (RoleInfo.java:shutdownLeaderState(104)) - d26b29fd-e359-42d4-b6fd-edc2223e4d4a: shutdown LeaderState
2019-10-01 17:51:43,780 [main] INFO  impl.PendingRequests (PendingRequests.java:sendNotLeaderResponses(202)) - d26b29fd-e359-42d4-b6fd-edc2223e4d4a@group-9878DA3ADB3A-PendingRequests: sendNotLeaderResponses
2019-10-01 17:51:43,780 [main] INFO  impl.StateMachineUpdater (StateMachineUpdater.java:stopAndJoin(136)) - d26b29fd-e359-42d4-b6fd-edc2223e4d4a@group-9878DA3ADB3A-StateMachineUpdater: set stopIndex = 0
2019-10-01 17:51:43,781 [main] INFO  impl.RaftServerImpl (ServerState.java:close(387)) - d26b29fd-e359-42d4-b6fd-edc2223e4d4a@group-9878DA3ADB3A: closes. applyIndex: 0
2019-10-01 17:51:43,781 [d26b29fd-e359-42d4-b6fd-edc2223e4d4a@group-9878DA3ADB3A-SegmentedRaftLogWorker] INFO  segmented.SegmentedRaftLogWorker (SegmentedRaftLogWorker.java:run(316)) - d26b29fd-e359-42d4-b6fd-edc2223e4d4a@group-9878DA3ADB3A-SegmentedRaftLogWorker was interrupted, exiting. There are 0 tasks remaining in the queue.
2019-10-01 17:51:43,785 [main] INFO  segmented.SegmentedRaftLogWorker (SegmentedRaftLogWorker.java:close(224)) - d26b29fd-e359-42d4-b6fd-edc2223e4d4a@group-9878DA3ADB3A-SegmentedRaftLogWorker close()
2019-10-01 17:51:43,789 [main] INFO  impl.RaftServerImpl (RaftServerImpl.java:lambda$shutdown$3(247)) - d26b29fd-e359-42d4-b6fd-edc2223e4d4a@group-AD16ECF7555B: shutdown
2019-10-01 17:51:43,789 [main] INFO  util.JmxRegister (JmxRegister.java:unregister(73)) - Successfully un-registered JMX Bean with object name Ratis:service=RaftServer,group=group-AD16ECF7555B,id=d26b29fd-e359-42d4-b6fd-edc2223e4d4a
2019-10-01 17:51:43,790 [main] INFO  impl.RoleInfo (RoleInfo.java:shutdownLeaderState(104)) - d26b29fd-e359-42d4-b6fd-edc2223e4d4a: shutdown LeaderState
2019-10-01 17:51:43,796 [main] INFO  impl.PendingRequests (PendingRequests.java:sendNotLeaderResponses(202)) - d26b29fd-e359-42d4-b6fd-edc2223e4d4a@group-AD16ECF7555B-PendingRequests: sendNotLeaderResponses
2019-10-01 17:51:43,796 [org.apache.ratis.server.impl.LogAppender$AppenderDaemon$$Lambda$521/1409902264@6ab1b449] WARN  server.GrpcLogAppender (GrpcLogAppender.java:mayWait(143)) - d26b29fd-e359-42d4-b6fd-edc2223e4d4a@group-AD16ECF7555B->6f1be7eb-5ed9-4a99-aaf5-c3c24c0d732d-GrpcLogAppender: Wait interrupted by java.lang.InterruptedException
2019-10-01 17:51:43,796 [org.apache.ratis.server.impl.LogAppender$AppenderDaemon$$Lambda$521/1409902264@15a0dba8] WARN  server.GrpcLogAppender (GrpcLogAppender.java:mayWait(143)) - d26b29fd-e359-42d4-b6fd-edc2223e4d4a@group-AD16ECF7555B->1de9d8a1-960a-4e1c-a8de-c280a8f41902-GrpcLogAppender: Wait interrupted by java.lang.InterruptedException
2019-10-01 17:51:43,802 [main] INFO  impl.StateMachineUpdater (StateMachineUpdater.java:stopAndJoin(136)) - d26b29fd-e359-42d4-b6fd-edc2223e4d4a@group-AD16ECF7555B-StateMachineUpdater: set stopIndex = 16
2019-10-01 17:51:43,802 [grpc-default-executor-10] INFO  server.GrpcServerProtocolService (GrpcServerProtocolService.java:onCompleted(113)) - 6f1be7eb-5ed9-4a99-aaf5-c3c24c0d732d: Completed APPEND_ENTRIES, lastRequest: d26b29fd-e359-42d4-b6fd-edc2223e4d4a->6f1be7eb-5ed9-4a99-aaf5-c3c24c0d732d#19-t1, previous=(t:1, i:16), leaderCommit=16, initializing? false, entries: <empty>
2019-10-01 17:51:43,802 [d26b29fd-e359-42d4-b6fd-edc2223e4d4a@group-AD16ECF7555B-StateMachineUpdater] INFO  ratis.ContainerStateMachine (ContainerStateMachine.java:takeSnapshot(293)) - group-AD16ECF7555B: Taking a snapshot at:(t:1, i:14) file /workdir/hadoop-ozone/integration-test/target/test-dir/MiniOzoneClusterImpl-3fcc1c04-dad3-4429-8828-bc655c6a986b/datanode-0/data/ratis/9a456893-133c-4e7f-9c91-ad16ecf7555b/sm/snapshot.1_14
2019-10-01 17:51:43,803 [grpc-default-executor-8] INFO  server.GrpcServerProtocolService (GrpcServerProtocolService.java:onCompleted(113)) - 1de9d8a1-960a-4e1c-a8de-c280a8f41902: Completed APPEND_ENTRIES, lastRequest: d26b29fd-e359-42d4-b6fd-edc2223e4d4a->1de9d8a1-960a-4e1c-a8de-c280a8f41902#19-t1, previous=(t:1, i:16), leaderCommit=16, initializing? false, entries: <empty>
2019-10-01 17:51:43,803 [grpc-default-executor-8] INFO  server.GrpcLogAppender (GrpcLogAppender.java:onCompleted(293)) - d26b29fd-e359-42d4-b6fd-edc2223e4d4a@group-AD16ECF7555B->6f1be7eb-5ed9-4a99-aaf5-c3c24c0d732d-AppendLogResponseHandler: follower responses appendEntries COMPLETED
2019-10-01 17:51:43,803 [grpc-default-executor-10] INFO  server.GrpcLogAppender (GrpcLogAppender.java:onCompleted(293)) - d26b29fd-e359-42d4-b6fd-edc2223e4d4a@group-AD16ECF7555B->1de9d8a1-960a-4e1c-a8de-c280a8f41902-AppendLogResponseHandler: follower responses appendEntries COMPLETED
2019-10-01 17:51:43,804 [grpc-default-executor-8] INFO  impl.FollowerInfo (FollowerInfo.java:lambda$new$0(51)) - d26b29fd-e359-42d4-b6fd-edc2223e4d4a@group-AD16ECF7555B->6f1be7eb-5ed9-4a99-aaf5-c3c24c0d732d: nextIndex: updateUnconditionally 17 -> 16
2019-10-01 17:51:43,804 [grpc-default-executor-10] INFO  impl.FollowerInfo (FollowerInfo.java:lambda$new$0(51)) - d26b29fd-e359-42d4-b6fd-edc2223e4d4a@group-AD16ECF7555B->1de9d8a1-960a-4e1c-a8de-c280a8f41902: nextIndex: updateUnconditionally 17 -> 16
2019-10-01 17:51:43,820 [d26b29fd-e359-42d4-b6fd-edc2223e4d4a@group-AD16ECF7555B-StateMachineUpdater] INFO  ratis.ContainerStateMachine (ContainerStateMachine.java:takeSnapshot(304)) - group-AD16ECF7555B: Finished taking a snapshot at:(t:1, i:14) file:/workdir/hadoop-ozone/integration-test/target/test-dir/MiniOzoneClusterImpl-3fcc1c04-dad3-4429-8828-bc655c6a986b/datanode-0/data/ratis/9a456893-133c-4e7f-9c91-ad16ecf7555b/sm/snapshot.1_14 time:18
2019-10-01 17:51:43,820 [d26b29fd-e359-42d4-b6fd-edc2223e4d4a@group-AD16ECF7555B-StateMachineUpdater] INFO  impl.StateMachineUpdater (StateMachineUpdater.java:takeSnapshot(269)) - d26b29fd-e359-42d4-b6fd-edc2223e4d4a@group-AD16ECF7555B-StateMachineUpdater: Took a snapshot at index 14
2019-10-01 17:51:43,820 [d26b29fd-e359-42d4-b6fd-edc2223e4d4a@group-AD16ECF7555B-StateMachineUpdater] INFO  impl.StateMachineUpdater (StateMachineUpdater.java:lambda$new$0(84)) - d26b29fd-e359-42d4-b6fd-edc2223e4d4a@group-AD16ECF7555B-StateMachineUpdater: snapshotIndex: updateIncreasingly -1 -> 14
2019-10-01 17:51:43,820 [d26b29fd-e359-42d4-b6fd-edc2223e4d4a@group-AD16ECF7555B-StateMachineUpdater] INFO  ratis.ContainerStateMachine (ContainerStateMachine.java:takeSnapshot(293)) - group-AD16ECF7555B: Taking a snapshot at:(t:1, i:14) file /workdir/hadoop-ozone/integration-test/target/test-dir/MiniOzoneClusterImpl-3fcc1c04-dad3-4429-8828-bc655c6a986b/datanode-0/data/ratis/9a456893-133c-4e7f-9c91-ad16ecf7555b/sm/snapshot.1_14
2019-10-01 17:51:43,832 [d26b29fd-e359-42d4-b6fd-edc2223e4d4a@group-AD16ECF7555B-StateMachineUpdater] INFO  ratis.ContainerStateMachine (ContainerStateMachine.java:takeSnapshot(304)) - group-AD16ECF7555B: Finished taking a snapshot at:(t:1, i:14) file:/workdir/hadoop-ozone/integration-test/target/test-dir/MiniOzoneClusterImpl-3fcc1c04-dad3-4429-8828-bc655c6a986b/datanode-0/data/ratis/9a456893-133c-4e7f-9c91-ad16ecf7555b/sm/snapshot.1_14 time:12
2019-10-01 17:51:43,832 [d26b29fd-e359-42d4-b6fd-edc2223e4d4a@group-AD16ECF7555B-StateMachineUpdater] INFO  impl.StateMachineUpdater (StateMachineUpdater.java:takeSnapshot(269)) - d26b29fd-e359-42d4-b6fd-edc2223e4d4a@group-AD16ECF7555B-StateMachineUpdater: Took a snapshot at index 14
2019-10-01 17:51:43,832 [d26b29fd-e359-42d4-b6fd-edc2223e4d4a@group-AD16ECF7555B-StateMachineUpdater] INFO  impl.StateMachineUpdater (StateMachineUpdater.java:lambda$new$0(84)) - d26b29fd-e359-42d4-b6fd-edc2223e4d4a@group-AD16ECF7555B-StateMachineUpdater: snapshotIndex: updateIncreasingly 14 -> 14
2019-10-01 17:51:43,832 [main] INFO  impl.RaftServerImpl (ServerState.java:close(387)) - d26b29fd-e359-42d4-b6fd-edc2223e4d4a@group-AD16ECF7555B: closes. applyIndex: 16
2019-10-01 17:51:43,833 [d26b29fd-e359-42d4-b6fd-edc2223e4d4a@group-AD16ECF7555B-SegmentedRaftLogWorker] INFO  segmented.SegmentedRaftLogWorker (SegmentedRaftLogWorker.java:run(316)) - d26b29fd-e359-42d4-b6fd-edc2223e4d4a@group-AD16ECF7555B-SegmentedRaftLogWorker was interrupted, exiting. There are 0 tasks remaining in the queue.
2019-10-01 17:51:43,836 [main] INFO  segmented.SegmentedRaftLogWorker (SegmentedRaftLogWorker.java:close(224)) - d26b29fd-e359-42d4-b6fd-edc2223e4d4a@group-AD16ECF7555B-SegmentedRaftLogWorker close()
2019-10-01 17:51:43,843 [main] INFO  server.GrpcService (GrpcService.java:closeImpl(164)) - d26b29fd-e359-42d4-b6fd-edc2223e4d4a: shutdown server with port 46755 now
2019-10-01 17:51:43,845 [grpc-default-executor-8] WARN  client.GrpcClientProtocolService (LogUtils.java:warn(134)) - 3-UnorderedRequestStreamObserver3: onError: org.apache.ratis.thirdparty.io.grpc.StatusRuntimeException: CANCELLED: cancelled before receiving half close
2019-10-01 17:51:43,847 [main] INFO  server.GrpcService (GrpcService.java:closeImpl(172)) - d26b29fd-e359-42d4-b6fd-edc2223e4d4a: shutdown server with port 46755 successfully
2019-10-01 17:51:43,851 [refreshUsed-/workdir/hadoop-ozone/integration-test/target/test-dir/MiniOzoneClusterImpl-3fcc1c04-dad3-4429-8828-bc655c6a986b/datanode-0/data/containers] WARN  fs.CachingGetSpaceUsed (CachingGetSpaceUsed.java:run(183)) - Thread Interrupted waiting to refresh disk information: sleep interrupted
2019-10-01 17:51:43,866 [main] INFO  utils.BackgroundService (BackgroundService.java:shutdown(148)) - Shutting down service BlockDeletingService
2019-10-01 17:51:43,872 [main] INFO  statemachine.DatanodeStateMachine (DatanodeStateMachine.java:stopDaemon(395)) - Ozone container server stopped.
2019-10-01 17:51:43,886 [main] INFO  handler.ContextHandler (ContextHandler.java:doStop(910)) - Stopped o.e.j.w.WebAppContext@794240e2{/,null,UNAVAILABLE}{/hddsDatanode}
2019-10-01 17:51:43,887 [main] INFO  server.AbstractConnector (AbstractConnector.java:doStop(318)) - Stopped ServerConnector@74a820bf{HTTP/1.1,[http/1.1]}{0.0.0.0:0}
2019-10-01 17:51:43,887 [main] INFO  handler.ContextHandler (ContextHandler.java:doStop(910)) - Stopped o.e.j.s.ServletContextHandler@32ab408e{/static,jar:file:/home/user/.m2/repository/org/apache/hadoop/hadoop-hdds-container-service/0.5.0-SNAPSHOT/hadoop-hdds-container-service-0.5.0-SNAPSHOT.jar!/webapps/static,UNAVAILABLE}
2019-10-01 17:51:43,887 [main] INFO  handler.ContextHandler (ContextHandler.java:doStop(910)) - Stopped o.e.j.s.ServletContextHandler@68e2d03e{/logs,file:///workdir/hadoop-ozone/integration-test/target/log,UNAVAILABLE}
2019-10-01 17:51:53,389 [Thread-2950] INFO  impl.FollowerState (FollowerState.java:run(108)) - 1de9d8a1-960a-4e1c-a8de-c280a8f41902@group-AD16ECF7555B-FollowerState: change to CANDIDATE, lastRpcTime:9599ms, electionTimeout:5081ms
2019-10-01 17:51:53,389 [Thread-2950] INFO  impl.RoleInfo (RoleInfo.java:shutdownFollowerState(121)) - 1de9d8a1-960a-4e1c-a8de-c280a8f41902: shutdown FollowerState
2019-10-01 17:51:53,389 [Thread-2950] INFO  impl.RaftServerImpl (RaftServerImpl.java:setRole(170)) - 1de9d8a1-960a-4e1c-a8de-c280a8f41902@group-AD16ECF7555B: changes role from  FOLLOWER to CANDIDATE at term 1 for changeToCandidate
2019-10-01 17:51:53,390 [Thread-2950] INFO  impl.RoleInfo (RoleInfo.java:updateAndGet(143)) - 1de9d8a1-960a-4e1c-a8de-c280a8f41902: start LeaderElection
2019-10-01 17:51:53,393 [1de9d8a1-960a-4e1c-a8de-c280a8f41902@group-AD16ECF7555B-LeaderElection61] INFO  impl.RaftServerImpl (ServerState.java:setLeader(255)) - 1de9d8a1-960a-4e1c-a8de-c280a8f41902@group-AD16ECF7555B: change Leader from d26b29fd-e359-42d4-b6fd-edc2223e4d4a to null at term 1 for initElection
2019-10-01 17:51:53,428 [1de9d8a1-960a-4e1c-a8de-c280a8f41902@group-AD16ECF7555B-LeaderElection61] INFO  impl.LeaderElection (LeaderElection.java:askForVotes(178)) - 1de9d8a1-960a-4e1c-a8de-c280a8f41902@group-AD16ECF7555B-LeaderElection61: begin an election at term 2 for 0: [6f1be7eb-5ed9-4a99-aaf5-c3c24c0d732d:192.168.164.197:37763, d26b29fd-e359-42d4-b6fd-edc2223e4d4a:192.168.164.197:46755, 1de9d8a1-960a-4e1c-a8de-c280a8f41902:192.168.164.197:38477], old=null
2019-10-01 17:51:53,432 [1de9d8a1-960a-4e1c-a8de-c280a8f41902@group-AD16ECF7555B-LeaderElection61] INFO  impl.LeaderElection (LogUtils.java:infoOrTrace(149)) - 1de9d8a1-960a-4e1c-a8de-c280a8f41902@group-AD16ECF7555B-LeaderElection61 got exception when requesting votes: {}
java.util.concurrent.ExecutionException: org.apache.ratis.thirdparty.io.grpc.StatusRuntimeException: UNAVAILABLE: io exception
	at java.util.concurrent.FutureTask.report(FutureTask.java:122)
	at java.util.concurrent.FutureTask.get(FutureTask.java:192)
	at org.apache.ratis.server.impl.LeaderElection.waitForResults(LeaderElection.java:259)
	at org.apache.ratis.server.impl.LeaderElection.askForVotes(LeaderElection.java:197)
	at org.apache.ratis.server.impl.LeaderElection.run(LeaderElection.java:133)
	at java.lang.Thread.run(Thread.java:748)
Caused by: org.apache.ratis.thirdparty.io.grpc.StatusRuntimeException: UNAVAILABLE: io exception
	at org.apache.ratis.thirdparty.io.grpc.stub.ClientCalls.toStatusRuntimeException(ClientCalls.java:233)
	at org.apache.ratis.thirdparty.io.grpc.stub.ClientCalls.getUnchecked(ClientCalls.java:214)
	at org.apache.ratis.thirdparty.io.grpc.stub.ClientCalls.blockingUnaryCall(ClientCalls.java:139)
	at org.apache.ratis.proto.grpc.RaftServerProtocolServiceGrpc$RaftServerProtocolServiceBlockingStub.requestVote(RaftServerProtocolServiceGrpc.java:265)
	at org.apache.ratis.grpc.server.GrpcServerProtocolClient.requestVote(GrpcServerProtocolClient.java:99)
	at org.apache.ratis.grpc.server.GrpcService.requestVote(GrpcService.java:204)
	at org.apache.ratis.server.impl.LeaderElection.lambda$submitRequests$1(LeaderElection.java:234)
	at java.util.concurrent.FutureTask.run(FutureTask.java:266)
	at java.util.concurrent.Executors$RunnableAdapter.call(Executors.java:511)
	at java.util.concurrent.FutureTask.run(FutureTask.java:266)
	at java.util.concurrent.ThreadPoolExecutor.runWorker(ThreadPoolExecutor.java:1149)
	at java.util.concurrent.ThreadPoolExecutor$Worker.run(ThreadPoolExecutor.java:624)
	... 1 more
Caused by: org.apache.ratis.thirdparty.io.netty.channel.AbstractChannel$AnnotatedConnectException: Connection refused: /192.168.164.197:46755
	at sun.nio.ch.SocketChannelImpl.checkConnect(Native Method)
	at sun.nio.ch.SocketChannelImpl.finishConnect(SocketChannelImpl.java:717)
	at org.apache.ratis.thirdparty.io.netty.channel.socket.nio.NioSocketChannel.doFinishConnect(NioSocketChannel.java:327)
	at org.apache.ratis.thirdparty.io.netty.channel.nio.AbstractNioChannel$AbstractNioUnsafe.finishConnect(AbstractNioChannel.java:340)
	at org.apache.ratis.thirdparty.io.netty.channel.nio.NioEventLoop.processSelectedKey(NioEventLoop.java:632)
	at org.apache.ratis.thirdparty.io.netty.channel.nio.NioEventLoop.processSelectedKeysOptimized(NioEventLoop.java:579)
	at org.apache.ratis.thirdparty.io.netty.channel.nio.NioEventLoop.processSelectedKeys(NioEventLoop.java:496)
	at org.apache.ratis.thirdparty.io.netty.channel.nio.NioEventLoop.run(NioEventLoop.java:458)
	at org.apache.ratis.thirdparty.io.netty.util.concurrent.SingleThreadEventExecutor$5.run(SingleThreadEventExecutor.java:897)
	at org.apache.ratis.thirdparty.io.netty.util.concurrent.FastThreadLocalRunnable.run(FastThreadLocalRunnable.java:30)
	... 1 more
Caused by: java.net.ConnectException: Connection refused
	... 11 more
2019-10-01 17:51:53,449 [Thread-2949] INFO  impl.FollowerState (FollowerState.java:run(108)) - 6f1be7eb-5ed9-4a99-aaf5-c3c24c0d732d@group-AD16ECF7555B-FollowerState: change to CANDIDATE, lastRpcTime:9663ms, electionTimeout:5157ms
2019-10-01 17:51:53,449 [Thread-2949] INFO  impl.RoleInfo (RoleInfo.java:shutdownFollowerState(121)) - 6f1be7eb-5ed9-4a99-aaf5-c3c24c0d732d: shutdown FollowerState
2019-10-01 17:51:53,449 [Thread-2949] INFO  impl.RaftServerImpl (RaftServerImpl.java:setRole(170)) - 6f1be7eb-5ed9-4a99-aaf5-c3c24c0d732d@group-AD16ECF7555B: changes role from  FOLLOWER to CANDIDATE at term 1 for changeToCandidate
2019-10-01 17:51:53,450 [Thread-2949] INFO  impl.RoleInfo (RoleInfo.java:updateAndGet(143)) - 6f1be7eb-5ed9-4a99-aaf5-c3c24c0d732d: start LeaderElection
2019-10-01 17:51:53,450 [grpc-default-executor-3] INFO  impl.RaftServerImpl (ServerState.java:setLeader(255)) - 6f1be7eb-5ed9-4a99-aaf5-c3c24c0d732d@group-AD16ECF7555B: change Leader from d26b29fd-e359-42d4-b6fd-edc2223e4d4a to null at term 2 for updateCurrentTerm
2019-10-01 17:51:53,452 [grpc-default-executor-3] INFO  impl.RaftServerImpl (RaftServerImpl.java:setRole(170)) - 6f1be7eb-5ed9-4a99-aaf5-c3c24c0d732d@group-AD16ECF7555B: changes role from CANDIDATE to FOLLOWER at term 2 for recognizeCandidate:1de9d8a1-960a-4e1c-a8de-c280a8f41902
2019-10-01 17:51:53,452 [grpc-default-executor-3] INFO  impl.RoleInfo (RoleInfo.java:shutdownLeaderElection(134)) - 6f1be7eb-5ed9-4a99-aaf5-c3c24c0d732d: shutdown LeaderElection
2019-10-01 17:51:53,452 [grpc-default-executor-3] INFO  impl.RoleInfo (RoleInfo.java:updateAndGet(143)) - 6f1be7eb-5ed9-4a99-aaf5-c3c24c0d732d: start FollowerState
2019-10-01 17:51:53,469 [1de9d8a1-960a-4e1c-a8de-c280a8f41902@group-AD16ECF7555B-LeaderElection61] INFO  impl.LeaderElection (LeaderElection.java:logAndReturn(56)) - 1de9d8a1-960a-4e1c-a8de-c280a8f41902@group-AD16ECF7555B-LeaderElection61: Election REJECTED; received 1 response(s) [1de9d8a1-960a-4e1c-a8de-c280a8f41902<-6f1be7eb-5ed9-4a99-aaf5-c3c24c0d732d#0:FAIL-t2] and 1 exception(s); 1de9d8a1-960a-4e1c-a8de-c280a8f41902@group-AD16ECF7555B:t2, leader=null, voted=1de9d8a1-960a-4e1c-a8de-c280a8f41902, raftlog=1de9d8a1-960a-4e1c-a8de-c280a8f41902@group-AD16ECF7555B-SegmentedRaftLog:OPENED:c16,f16,i16, conf=0: [6f1be7eb-5ed9-4a99-aaf5-c3c24c0d732d:192.168.164.197:37763, d26b29fd-e359-42d4-b6fd-edc2223e4d4a:192.168.164.197:46755, 1de9d8a1-960a-4e1c-a8de-c280a8f41902:192.168.164.197:38477], old=null
2019-10-01 17:51:53,469 [1de9d8a1-960a-4e1c-a8de-c280a8f41902@group-AD16ECF7555B-LeaderElection61] INFO  impl.LeaderElection (LogUtils.java:infoOrTrace(149)) -   Exception 0: {}
java.util.concurrent.ExecutionException: org.apache.ratis.thirdparty.io.grpc.StatusRuntimeException: UNAVAILABLE: io exception
	at java.util.concurrent.FutureTask.report(FutureTask.java:122)
	at java.util.concurrent.FutureTask.get(FutureTask.java:192)
	at org.apache.ratis.server.impl.LeaderElection.waitForResults(LeaderElection.java:259)
	at org.apache.ratis.server.impl.LeaderElection.askForVotes(LeaderElection.java:197)
	at org.apache.ratis.server.impl.LeaderElection.run(LeaderElection.java:133)
	at java.lang.Thread.run(Thread.java:748)
Caused by: org.apache.ratis.thirdparty.io.grpc.StatusRuntimeException: UNAVAILABLE: io exception
	at org.apache.ratis.thirdparty.io.grpc.stub.ClientCalls.toStatusRuntimeException(ClientCalls.java:233)
	at org.apache.ratis.thirdparty.io.grpc.stub.ClientCalls.getUnchecked(ClientCalls.java:214)
	at org.apache.ratis.thirdparty.io.grpc.stub.ClientCalls.blockingUnaryCall(ClientCalls.java:139)
	at org.apache.ratis.proto.grpc.RaftServerProtocolServiceGrpc$RaftServerProtocolServiceBlockingStub.requestVote(RaftServerProtocolServiceGrpc.java:265)
	at org.apache.ratis.grpc.server.GrpcServerProtocolClient.requestVote(GrpcServerProtocolClient.java:99)
	at org.apache.ratis.grpc.server.GrpcService.requestVote(GrpcService.java:204)
	at org.apache.ratis.server.impl.LeaderElection.lambda$submitRequests$1(LeaderElection.java:234)
	at java.util.concurrent.FutureTask.run(FutureTask.java:266)
	at java.util.concurrent.Executors$RunnableAdapter.call(Executors.java:511)
	at java.util.concurrent.FutureTask.run(FutureTask.java:266)
	at java.util.concurrent.ThreadPoolExecutor.runWorker(ThreadPoolExecutor.java:1149)
	at java.util.concurrent.ThreadPoolExecutor$Worker.run(ThreadPoolExecutor.java:624)
	... 1 more
Caused by: org.apache.ratis.thirdparty.io.netty.channel.AbstractChannel$AnnotatedConnectException: Connection refused: /192.168.164.197:46755
	at sun.nio.ch.SocketChannelImpl.checkConnect(Native Method)
	at sun.nio.ch.SocketChannelImpl.finishConnect(SocketChannelImpl.java:717)
	at org.apache.ratis.thirdparty.io.netty.channel.socket.nio.NioSocketChannel.doFinishConnect(NioSocketChannel.java:327)
	at org.apache.ratis.thirdparty.io.netty.channel.nio.AbstractNioChannel$AbstractNioUnsafe.finishConnect(AbstractNioChannel.java:340)
	at org.apache.ratis.thirdparty.io.netty.channel.nio.NioEventLoop.processSelectedKey(NioEventLoop.java:632)
	at org.apache.ratis.thirdparty.io.netty.channel.nio.NioEventLoop.processSelectedKeysOptimized(NioEventLoop.java:579)
	at org.apache.ratis.thirdparty.io.netty.channel.nio.NioEventLoop.processSelectedKeys(NioEventLoop.java:496)
	at org.apache.ratis.thirdparty.io.netty.channel.nio.NioEventLoop.run(NioEventLoop.java:458)
	at org.apache.ratis.thirdparty.io.netty.util.concurrent.SingleThreadEventExecutor$5.run(SingleThreadEventExecutor.java:897)
	at org.apache.ratis.thirdparty.io.netty.util.concurrent.FastThreadLocalRunnable.run(FastThreadLocalRunnable.java:30)
	... 1 more
Caused by: java.net.ConnectException: Connection refused
	... 11 more
2019-10-01 17:51:53,470 [1de9d8a1-960a-4e1c-a8de-c280a8f41902@group-AD16ECF7555B-LeaderElection61] INFO  impl.RaftServerImpl (RaftServerImpl.java:setRole(170)) - 1de9d8a1-960a-4e1c-a8de-c280a8f41902@group-AD16ECF7555B: changes role from CANDIDATE to FOLLOWER at term 2 for DISCOVERED_A_NEW_TERM
2019-10-01 17:51:53,470 [1de9d8a1-960a-4e1c-a8de-c280a8f41902@group-AD16ECF7555B-LeaderElection61] INFO  impl.RoleInfo (RoleInfo.java:shutdownLeaderElection(134)) - 1de9d8a1-960a-4e1c-a8de-c280a8f41902: shutdown LeaderElection
2019-10-01 17:51:53,470 [1de9d8a1-960a-4e1c-a8de-c280a8f41902@group-AD16ECF7555B-LeaderElection61] INFO  impl.RoleInfo (RoleInfo.java:updateAndGet(143)) - 1de9d8a1-960a-4e1c-a8de-c280a8f41902: start FollowerState
2019-10-01 17:51:53,498 [6f1be7eb-5ed9-4a99-aaf5-c3c24c0d732d@group-AD16ECF7555B-LeaderElection62] INFO  impl.LeaderElection (LeaderElection.java:askForVotes(178)) - 6f1be7eb-5ed9-4a99-aaf5-c3c24c0d732d@group-AD16ECF7555B-LeaderElection62: begin an election at term 3 for 0: [6f1be7eb-5ed9-4a99-aaf5-c3c24c0d732d:192.168.164.197:37763, d26b29fd-e359-42d4-b6fd-edc2223e4d4a:192.168.164.197:46755, 1de9d8a1-960a-4e1c-a8de-c280a8f41902:192.168.164.197:38477], old=null
2019-10-01 17:51:53,500 [6f1be7eb-5ed9-4a99-aaf5-c3c24c0d732d@group-AD16ECF7555B-LeaderElection62] INFO  impl.LeaderElection (LeaderElection.java:logAndReturn(56)) - 6f1be7eb-5ed9-4a99-aaf5-c3c24c0d732d@group-AD16ECF7555B-LeaderElection62: Election REJECTED; received 0 response(s) [] and 0 exception(s); 6f1be7eb-5ed9-4a99-aaf5-c3c24c0d732d@group-AD16ECF7555B:t3, leader=null, voted=6f1be7eb-5ed9-4a99-aaf5-c3c24c0d732d, raftlog=6f1be7eb-5ed9-4a99-aaf5-c3c24c0d732d@group-AD16ECF7555B-SegmentedRaftLog:OPENED:c16,f16,i16, conf=0: [6f1be7eb-5ed9-4a99-aaf5-c3c24c0d732d:192.168.164.197:37763, d26b29fd-e359-42d4-b6fd-edc2223e4d4a:192.168.164.197:46755, 1de9d8a1-960a-4e1c-a8de-c280a8f41902:192.168.164.197:38477], old=null
2019-10-01 17:51:53,503 [grpc-default-executor-10] INFO  impl.RaftServerImpl (RaftServerImpl.java:setRole(170)) - 1de9d8a1-960a-4e1c-a8de-c280a8f41902@group-AD16ECF7555B: changes role from  FOLLOWER to FOLLOWER at term 3 for recognizeCandidate:6f1be7eb-5ed9-4a99-aaf5-c3c24c0d732d
2019-10-01 17:51:53,503 [grpc-default-executor-10] INFO  impl.RoleInfo (RoleInfo.java:shutdownFollowerState(121)) - 1de9d8a1-960a-4e1c-a8de-c280a8f41902: shutdown FollowerState
2019-10-01 17:51:53,503 [grpc-default-executor-10] INFO  impl.RoleInfo (RoleInfo.java:updateAndGet(143)) - 1de9d8a1-960a-4e1c-a8de-c280a8f41902: start FollowerState
2019-10-01 17:51:53,503 [Thread-3079] INFO  impl.FollowerState (FollowerState.java:run(117)) - 1de9d8a1-960a-4e1c-a8de-c280a8f41902@group-AD16ECF7555B-FollowerState was interrupted: java.lang.InterruptedException: sleep interrupted
2019-10-01 17:51:58,459 [Thread-3078] INFO  impl.FollowerState (FollowerState.java:run(108)) - 6f1be7eb-5ed9-4a99-aaf5-c3c24c0d732d@group-AD16ECF7555B-FollowerState: change to CANDIDATE, lastRpcTime:5006ms, electionTimeout:5006ms
2019-10-01 17:51:58,459 [Thread-3078] INFO  impl.RoleInfo (RoleInfo.java:shutdownFollowerState(121)) - 6f1be7eb-5ed9-4a99-aaf5-c3c24c0d732d: shutdown FollowerState
2019-10-01 17:51:58,459 [Thread-3078] INFO  impl.RaftServerImpl (RaftServerImpl.java:setRole(170)) - 6f1be7eb-5ed9-4a99-aaf5-c3c24c0d732d@group-AD16ECF7555B: changes role from  FOLLOWER to CANDIDATE at term 3 for changeToCandidate
2019-10-01 17:51:58,459 [Thread-3078] INFO  impl.RoleInfo (RoleInfo.java:updateAndGet(143)) - 6f1be7eb-5ed9-4a99-aaf5-c3c24c0d732d: start LeaderElection
2019-10-01 17:51:58,478 [6f1be7eb-5ed9-4a99-aaf5-c3c24c0d732d@group-AD16ECF7555B-LeaderElection63] INFO  impl.LeaderElection (LeaderElection.java:askForVotes(178)) - 6f1be7eb-5ed9-4a99-aaf5-c3c24c0d732d@group-AD16ECF7555B-LeaderElection63: begin an election at term 4 for 0: [6f1be7eb-5ed9-4a99-aaf5-c3c24c0d732d:192.168.164.197:37763, d26b29fd-e359-42d4-b6fd-edc2223e4d4a:192.168.164.197:46755, 1de9d8a1-960a-4e1c-a8de-c280a8f41902:192.168.164.197:38477], old=null
2019-10-01 17:51:58,483 [6f1be7eb-5ed9-4a99-aaf5-c3c24c0d732d@group-AD16ECF7555B-LeaderElection63] INFO  impl.LeaderElection (LogUtils.java:infoOrTrace(149)) - 6f1be7eb-5ed9-4a99-aaf5-c3c24c0d732d@group-AD16ECF7555B-LeaderElection63 got exception when requesting votes: {}
java.util.concurrent.ExecutionException: org.apache.ratis.thirdparty.io.grpc.StatusRuntimeException: UNAVAILABLE: io exception
	at java.util.concurrent.FutureTask.report(FutureTask.java:122)
	at java.util.concurrent.FutureTask.get(FutureTask.java:192)
	at org.apache.ratis.server.impl.LeaderElection.waitForResults(LeaderElection.java:259)
	at org.apache.ratis.server.impl.LeaderElection.askForVotes(LeaderElection.java:197)
	at org.apache.ratis.server.impl.LeaderElection.run(LeaderElection.java:133)
	at java.lang.Thread.run(Thread.java:748)
Caused by: org.apache.ratis.thirdparty.io.grpc.StatusRuntimeException: UNAVAILABLE: io exception
	at org.apache.ratis.thirdparty.io.grpc.stub.ClientCalls.toStatusRuntimeException(ClientCalls.java:233)
	at org.apache.ratis.thirdparty.io.grpc.stub.ClientCalls.getUnchecked(ClientCalls.java:214)
	at org.apache.ratis.thirdparty.io.grpc.stub.ClientCalls.blockingUnaryCall(ClientCalls.java:139)
	at org.apache.ratis.proto.grpc.RaftServerProtocolServiceGrpc$RaftServerProtocolServiceBlockingStub.requestVote(RaftServerProtocolServiceGrpc.java:265)
	at org.apache.ratis.grpc.server.GrpcServerProtocolClient.requestVote(GrpcServerProtocolClient.java:99)
	at org.apache.ratis.grpc.server.GrpcService.requestVote(GrpcService.java:204)
	at org.apache.ratis.server.impl.LeaderElection.lambda$submitRequests$1(LeaderElection.java:234)
	at java.util.concurrent.FutureTask.run(FutureTask.java:266)
	at java.util.concurrent.Executors$RunnableAdapter.call(Executors.java:511)
	at java.util.concurrent.FutureTask.run(FutureTask.java:266)
	at java.util.concurrent.ThreadPoolExecutor.runWorker(ThreadPoolExecutor.java:1149)
	at java.util.concurrent.ThreadPoolExecutor$Worker.run(ThreadPoolExecutor.java:624)
	... 1 more
Caused by: org.apache.ratis.thirdparty.io.netty.channel.AbstractChannel$AnnotatedConnectException: Connection refused: /192.168.164.197:46755
	at sun.nio.ch.SocketChannelImpl.checkConnect(Native Method)
	at sun.nio.ch.SocketChannelImpl.finishConnect(SocketChannelImpl.java:717)
	at org.apache.ratis.thirdparty.io.netty.channel.socket.nio.NioSocketChannel.doFinishConnect(NioSocketChannel.java:327)
	at org.apache.ratis.thirdparty.io.netty.channel.nio.AbstractNioChannel$AbstractNioUnsafe.finishConnect(AbstractNioChannel.java:340)
	at org.apache.ratis.thirdparty.io.netty.channel.nio.NioEventLoop.processSelectedKey(NioEventLoop.java:632)
	at org.apache.ratis.thirdparty.io.netty.channel.nio.NioEventLoop.processSelectedKeysOptimized(NioEventLoop.java:579)
	at org.apache.ratis.thirdparty.io.netty.channel.nio.NioEventLoop.processSelectedKeys(NioEventLoop.java:496)
	at org.apache.ratis.thirdparty.io.netty.channel.nio.NioEventLoop.run(NioEventLoop.java:458)
	at org.apache.ratis.thirdparty.io.netty.util.concurrent.SingleThreadEventExecutor$5.run(SingleThreadEventExecutor.java:897)
	at org.apache.ratis.thirdparty.io.netty.util.concurrent.FastThreadLocalRunnable.run(FastThreadLocalRunnable.java:30)
	... 1 more
Caused by: java.net.ConnectException: Connection refused
	... 11 more
2019-10-01 17:51:58,492 [grpc-default-executor-8] INFO  impl.RaftServerImpl (RaftServerImpl.java:setRole(170)) - 1de9d8a1-960a-4e1c-a8de-c280a8f41902@group-AD16ECF7555B: changes role from  FOLLOWER to FOLLOWER at term 4 for recognizeCandidate:6f1be7eb-5ed9-4a99-aaf5-c3c24c0d732d
2019-10-01 17:51:58,492 [grpc-default-executor-8] INFO  impl.RoleInfo (RoleInfo.java:shutdownFollowerState(121)) - 1de9d8a1-960a-4e1c-a8de-c280a8f41902: shutdown FollowerState
2019-10-01 17:51:58,493 [grpc-default-executor-8] INFO  impl.RoleInfo (RoleInfo.java:updateAndGet(143)) - 1de9d8a1-960a-4e1c-a8de-c280a8f41902: start FollowerState
2019-10-01 17:51:58,493 [Thread-3082] INFO  impl.FollowerState (FollowerState.java:run(117)) - 1de9d8a1-960a-4e1c-a8de-c280a8f41902@group-AD16ECF7555B-FollowerState was interrupted: java.lang.InterruptedException: sleep interrupted
2019-10-01 17:51:58,511 [6f1be7eb-5ed9-4a99-aaf5-c3c24c0d732d@group-AD16ECF7555B-LeaderElection63] INFO  impl.LeaderElection (LeaderElection.java:logAndReturn(56)) - 6f1be7eb-5ed9-4a99-aaf5-c3c24c0d732d@group-AD16ECF7555B-LeaderElection63: Election PASSED; received 1 response(s) [6f1be7eb-5ed9-4a99-aaf5-c3c24c0d732d<-1de9d8a1-960a-4e1c-a8de-c280a8f41902#0:OK-t4] and 1 exception(s); 6f1be7eb-5ed9-4a99-aaf5-c3c24c0d732d@group-AD16ECF7555B:t4, leader=null, voted=6f1be7eb-5ed9-4a99-aaf5-c3c24c0d732d, raftlog=6f1be7eb-5ed9-4a99-aaf5-c3c24c0d732d@group-AD16ECF7555B-SegmentedRaftLog:OPENED:c16,f16,i16, conf=0: [6f1be7eb-5ed9-4a99-aaf5-c3c24c0d732d:192.168.164.197:37763, d26b29fd-e359-42d4-b6fd-edc2223e4d4a:192.168.164.197:46755, 1de9d8a1-960a-4e1c-a8de-c280a8f41902:192.168.164.197:38477], old=null
2019-10-01 17:51:58,512 [6f1be7eb-5ed9-4a99-aaf5-c3c24c0d732d@group-AD16ECF7555B-LeaderElection63] INFO  impl.LeaderElection (LogUtils.java:infoOrTrace(149)) -   Exception 0: {}
java.util.concurrent.ExecutionException: org.apache.ratis.thirdparty.io.grpc.StatusRuntimeException: UNAVAILABLE: io exception
	at java.util.concurrent.FutureTask.report(FutureTask.java:122)
	at java.util.concurrent.FutureTask.get(FutureTask.java:192)
	at org.apache.ratis.server.impl.LeaderElection.waitForResults(LeaderElection.java:259)
	at org.apache.ratis.server.impl.LeaderElection.askForVotes(LeaderElection.java:197)
	at org.apache.ratis.server.impl.LeaderElection.run(LeaderElection.java:133)
	at java.lang.Thread.run(Thread.java:748)
Caused by: org.apache.ratis.thirdparty.io.grpc.StatusRuntimeException: UNAVAILABLE: io exception
	at org.apache.ratis.thirdparty.io.grpc.stub.ClientCalls.toStatusRuntimeException(ClientCalls.java:233)
	at org.apache.ratis.thirdparty.io.grpc.stub.ClientCalls.getUnchecked(ClientCalls.java:214)
	at org.apache.ratis.thirdparty.io.grpc.stub.ClientCalls.blockingUnaryCall(ClientCalls.java:139)
	at org.apache.ratis.proto.grpc.RaftServerProtocolServiceGrpc$RaftServerProtocolServiceBlockingStub.requestVote(RaftServerProtocolServiceGrpc.java:265)
	at org.apache.ratis.grpc.server.GrpcServerProtocolClient.requestVote(GrpcServerProtocolClient.java:99)
	at org.apache.ratis.grpc.server.GrpcService.requestVote(GrpcService.java:204)
	at org.apache.ratis.server.impl.LeaderElection.lambda$submitRequests$1(LeaderElection.java:234)
	at java.util.concurrent.FutureTask.run(FutureTask.java:266)
	at java.util.concurrent.Executors$RunnableAdapter.call(Executors.java:511)
	at java.util.concurrent.FutureTask.run(FutureTask.java:266)
	at java.util.concurrent.ThreadPoolExecutor.runWorker(ThreadPoolExecutor.java:1149)
	at java.util.concurrent.ThreadPoolExecutor$Worker.run(ThreadPoolExecutor.java:624)
	... 1 more
Caused by: org.apache.ratis.thirdparty.io.netty.channel.AbstractChannel$AnnotatedConnectException: Connection refused: /192.168.164.197:46755
	at sun.nio.ch.SocketChannelImpl.checkConnect(Native Method)
	at sun.nio.ch.SocketChannelImpl.finishConnect(SocketChannelImpl.java:717)
	at org.apache.ratis.thirdparty.io.netty.channel.socket.nio.NioSocketChannel.doFinishConnect(NioSocketChannel.java:327)
	at org.apache.ratis.thirdparty.io.netty.channel.nio.AbstractNioChannel$AbstractNioUnsafe.finishConnect(AbstractNioChannel.java:340)
	at org.apache.ratis.thirdparty.io.netty.channel.nio.NioEventLoop.processSelectedKey(NioEventLoop.java:632)
	at org.apache.ratis.thirdparty.io.netty.channel.nio.NioEventLoop.processSelectedKeysOptimized(NioEventLoop.java:579)
	at org.apache.ratis.thirdparty.io.netty.channel.nio.NioEventLoop.processSelectedKeys(NioEventLoop.java:496)
	at org.apache.ratis.thirdparty.io.netty.channel.nio.NioEventLoop.run(NioEventLoop.java:458)
	at org.apache.ratis.thirdparty.io.netty.util.concurrent.SingleThreadEventExecutor$5.run(SingleThreadEventExecutor.java:897)
	at org.apache.ratis.thirdparty.io.netty.util.concurrent.FastThreadLocalRunnable.run(FastThreadLocalRunnable.java:30)
	... 1 more
Caused by: java.net.ConnectException: Connection refused
	... 11 more
2019-10-01 17:51:58,512 [6f1be7eb-5ed9-4a99-aaf5-c3c24c0d732d@group-AD16ECF7555B-LeaderElection63] INFO  impl.RoleInfo (RoleInfo.java:shutdownLeaderElection(134)) - 6f1be7eb-5ed9-4a99-aaf5-c3c24c0d732d: shutdown LeaderElection
2019-10-01 17:51:58,512 [6f1be7eb-5ed9-4a99-aaf5-c3c24c0d732d@group-AD16ECF7555B-LeaderElection63] INFO  impl.RaftServerImpl (RaftServerImpl.java:setRole(170)) - 6f1be7eb-5ed9-4a99-aaf5-c3c24c0d732d@group-AD16ECF7555B: changes role from CANDIDATE to LEADER at term 4 for changeToLeader
2019-10-01 17:51:58,512 [6f1be7eb-5ed9-4a99-aaf5-c3c24c0d732d@group-AD16ECF7555B-LeaderElection63] INFO  impl.RaftServerImpl (ServerState.java:setLeader(255)) - 6f1be7eb-5ed9-4a99-aaf5-c3c24c0d732d@group-AD16ECF7555B: change Leader from null to 6f1be7eb-5ed9-4a99-aaf5-c3c24c0d732d at term 4 for becomeLeader, leader elected after 5062ms
2019-10-01 17:51:58,512 [6f1be7eb-5ed9-4a99-aaf5-c3c24c0d732d@group-AD16ECF7555B-LeaderElection63] INFO  server.RaftServerConfigKeys (ConfUtils.java:logGet(43)) - raft.server.staging.catchup.gap = 1000 (default)
2019-10-01 17:51:58,513 [6f1be7eb-5ed9-4a99-aaf5-c3c24c0d732d@group-AD16ECF7555B-LeaderElection63] INFO  server.RaftServerConfigKeys (ConfUtils.java:logGet(43)) - raft.server.rpc.sleep.time = 25ms (default)
2019-10-01 17:51:58,513 [6f1be7eb-5ed9-4a99-aaf5-c3c24c0d732d@group-AD16ECF7555B-LeaderElection63] INFO  server.RaftServerConfigKeys (ConfUtils.java:logGet(43)) - raft.server.write.element-limit = 4096 (default)
2019-10-01 17:51:58,513 [6f1be7eb-5ed9-4a99-aaf5-c3c24c0d732d@group-AD16ECF7555B-LeaderElection63] INFO  server.RaftServerConfigKeys (ConfUtils.java:logGet(43)) - raft.server.watch.timeout = 10s (default)
2019-10-01 17:51:58,513 [6f1be7eb-5ed9-4a99-aaf5-c3c24c0d732d@group-AD16ECF7555B-LeaderElection63] INFO  server.RaftServerConfigKeys (ConfUtils.java:logGet(43)) - raft.server.watch.timeout.denomination = 1s (default)
2019-10-01 17:51:58,513 [6f1be7eb-5ed9-4a99-aaf5-c3c24c0d732d@group-AD16ECF7555B-LeaderElection63] INFO  server.RaftServerConfigKeys (ConfUtils.java:logGet(43)) - raft.server.watch.element-limit = 65536 (default)
2019-10-01 17:51:58,516 [6f1be7eb-5ed9-4a99-aaf5-c3c24c0d732d@group-AD16ECF7555B-LeaderElection63] INFO  server.RaftServerConfigKeys (ConfUtils.java:logGet(43)) - raft.server.log.appender.snapshot.chunk.size.max = 16MB (=16777216) (default)
2019-10-01 17:51:58,516 [6f1be7eb-5ed9-4a99-aaf5-c3c24c0d732d@group-AD16ECF7555B-LeaderElection63] INFO  server.RaftServerConfigKeys (ConfUtils.java:logGet(43)) - raft.server.log.appender.buffer.byte-limit = 33554432 (custom)
2019-10-01 17:51:58,516 [6f1be7eb-5ed9-4a99-aaf5-c3c24c0d732d@group-AD16ECF7555B-LeaderElection63] INFO  server.RaftServerConfigKeys (ConfUtils.java:logGet(43)) - raft.server.log.appender.buffer.element-limit = 1 (custom)
2019-10-01 17:51:58,516 [6f1be7eb-5ed9-4a99-aaf5-c3c24c0d732d@group-AD16ECF7555B-LeaderElection63] INFO  grpc.GrpcConfigKeys$Server (ConfUtils.java:logGet(43)) - raft.grpc.server.leader.outstanding.appends.max = 128 (default)
2019-10-01 17:51:58,516 [6f1be7eb-5ed9-4a99-aaf5-c3c24c0d732d@group-AD16ECF7555B-LeaderElection63] INFO  server.RaftServerConfigKeys (ConfUtils.java:logGet(43)) - raft.server.rpc.request.timeout = 3000ms (default)
2019-10-01 17:51:58,516 [6f1be7eb-5ed9-4a99-aaf5-c3c24c0d732d@group-AD16ECF7555B-LeaderElection63] INFO  server.RaftServerConfigKeys (ConfUtils.java:logGet(43)) - raft.server.log.appender.install.snapshot.enabled = false (custom)
2019-10-01 17:51:58,516 [6f1be7eb-5ed9-4a99-aaf5-c3c24c0d732d@group-AD16ECF7555B-LeaderElection63] INFO  server.RaftServerConfigKeys (ConfUtils.java:logGet(43)) - raft.server.log.appender.snapshot.chunk.size.max = 16MB (=16777216) (default)
2019-10-01 17:51:58,517 [6f1be7eb-5ed9-4a99-aaf5-c3c24c0d732d@group-AD16ECF7555B-LeaderElection63] INFO  server.RaftServerConfigKeys (ConfUtils.java:logGet(43)) - raft.server.log.appender.buffer.byte-limit = 33554432 (custom)
2019-10-01 17:51:58,517 [6f1be7eb-5ed9-4a99-aaf5-c3c24c0d732d@group-AD16ECF7555B-LeaderElection63] INFO  server.RaftServerConfigKeys (ConfUtils.java:logGet(43)) - raft.server.log.appender.buffer.element-limit = 1 (custom)
2019-10-01 17:51:58,517 [6f1be7eb-5ed9-4a99-aaf5-c3c24c0d732d@group-AD16ECF7555B-LeaderElection63] INFO  grpc.GrpcConfigKeys$Server (ConfUtils.java:logGet(43)) - raft.grpc.server.leader.outstanding.appends.max = 128 (default)
2019-10-01 17:51:58,517 [6f1be7eb-5ed9-4a99-aaf5-c3c24c0d732d@group-AD16ECF7555B-LeaderElection63] INFO  server.RaftServerConfigKeys (ConfUtils.java:logGet(43)) - raft.server.rpc.request.timeout = 3000ms (default)
2019-10-01 17:51:58,517 [6f1be7eb-5ed9-4a99-aaf5-c3c24c0d732d@group-AD16ECF7555B-LeaderElection63] INFO  server.RaftServerConfigKeys (ConfUtils.java:logGet(43)) - raft.server.log.appender.install.snapshot.enabled = false (custom)
2019-10-01 17:51:58,517 [6f1be7eb-5ed9-4a99-aaf5-c3c24c0d732d@group-AD16ECF7555B-LeaderElection63] INFO  impl.RoleInfo (RoleInfo.java:updateAndGet(143)) - 6f1be7eb-5ed9-4a99-aaf5-c3c24c0d732d: start LeaderState
2019-10-01 17:51:58,518 [6f1be7eb-5ed9-4a99-aaf5-c3c24c0d732d@group-AD16ECF7555B-LeaderElection63] INFO  segmented.SegmentedRaftLogWorker (SegmentedRaftLogWorker.java:rollLogSegment(390)) - 6f1be7eb-5ed9-4a99-aaf5-c3c24c0d732d@group-AD16ECF7555B-SegmentedRaftLogWorker: Rolling segment log-0_16 to index:16
2019-10-01 17:51:58,519 [6f1be7eb-5ed9-4a99-aaf5-c3c24c0d732d@group-AD16ECF7555B-LeaderElection63] INFO  impl.RaftServerImpl (ServerState.java:setRaftConf(356)) - 6f1be7eb-5ed9-4a99-aaf5-c3c24c0d732d@group-AD16ECF7555B: set configuration 17: [6f1be7eb-5ed9-4a99-aaf5-c3c24c0d732d:192.168.164.197:37763, d26b29fd-e359-42d4-b6fd-edc2223e4d4a:192.168.164.197:46755, 1de9d8a1-960a-4e1c-a8de-c280a8f41902:192.168.164.197:38477], old=null at 17
2019-10-01 17:51:58,519 [grpc-default-executor-8] WARN  server.GrpcLogAppender (LogUtils.java:warn(134)) - 6f1be7eb-5ed9-4a99-aaf5-c3c24c0d732d@group-AD16ECF7555B->d26b29fd-e359-42d4-b6fd-edc2223e4d4a-AppendLogResponseHandler: Failed appendEntries: org.apache.ratis.thirdparty.io.grpc.StatusRuntimeException: UNAVAILABLE: io exception
2019-10-01 17:51:58,522 [6f1be7eb-5ed9-4a99-aaf5-c3c24c0d732d@group-AD16ECF7555B-SegmentedRaftLogWorker] INFO  segmented.SegmentedRaftLogWorker (SegmentedRaftLogWorker.java:execute(531)) - 6f1be7eb-5ed9-4a99-aaf5-c3c24c0d732d@group-AD16ECF7555B-SegmentedRaftLogWorker: Rolled log segment from /workdir/hadoop-ozone/integration-test/target/test-dir/MiniOzoneClusterImpl-3fcc1c04-dad3-4429-8828-bc655c6a986b/datanode-3/data/ratis/9a456893-133c-4e7f-9c91-ad16ecf7555b/current/log_inprogress_0 to /workdir/hadoop-ozone/integration-test/target/test-dir/MiniOzoneClusterImpl-3fcc1c04-dad3-4429-8828-bc655c6a986b/datanode-3/data/ratis/9a456893-133c-4e7f-9c91-ad16ecf7555b/current/log_0-16
2019-10-01 17:51:58,525 [grpc-default-executor-8] INFO  impl.FollowerInfo (FollowerInfo.java:lambda$new$0(51)) - 6f1be7eb-5ed9-4a99-aaf5-c3c24c0d732d@group-AD16ECF7555B->d26b29fd-e359-42d4-b6fd-edc2223e4d4a: nextIndex: updateUnconditionally 17 -> 1
2019-10-01 17:51:58,526 [grpc-default-executor-10] INFO  impl.RaftServerImpl (ServerState.java:setLeader(255)) - 1de9d8a1-960a-4e1c-a8de-c280a8f41902@group-AD16ECF7555B: change Leader from null to 6f1be7eb-5ed9-4a99-aaf5-c3c24c0d732d at term 4 for appendEntries, leader elected after 5132ms
2019-10-01 17:51:58,530 [grpc-default-executor-10] INFO  impl.RaftServerImpl (ServerState.java:setRaftConf(356)) - 1de9d8a1-960a-4e1c-a8de-c280a8f41902@group-AD16ECF7555B: set configuration 17: [6f1be7eb-5ed9-4a99-aaf5-c3c24c0d732d:192.168.164.197:37763, d26b29fd-e359-42d4-b6fd-edc2223e4d4a:192.168.164.197:46755, 1de9d8a1-960a-4e1c-a8de-c280a8f41902:192.168.164.197:38477], old=null at 17
2019-10-01 17:51:58,530 [grpc-default-executor-10] INFO  segmented.SegmentedRaftLogWorker (SegmentedRaftLogWorker.java:rollLogSegment(390)) - 1de9d8a1-960a-4e1c-a8de-c280a8f41902@group-AD16ECF7555B-SegmentedRaftLogWorker: Rolling segment log-0_16 to index:16
2019-10-01 17:51:58,531 [1de9d8a1-960a-4e1c-a8de-c280a8f41902@group-AD16ECF7555B-SegmentedRaftLogWorker] INFO  segmented.SegmentedRaftLogWorker (SegmentedRaftLogWorker.java:execute(531)) - 1de9d8a1-960a-4e1c-a8de-c280a8f41902@group-AD16ECF7555B-SegmentedRaftLogWorker: Rolled log segment from /workdir/hadoop-ozone/integration-test/target/test-dir/MiniOzoneClusterImpl-3fcc1c04-dad3-4429-8828-bc655c6a986b/datanode-2/data/ratis/9a456893-133c-4e7f-9c91-ad16ecf7555b/current/log_inprogress_0 to /workdir/hadoop-ozone/integration-test/target/test-dir/MiniOzoneClusterImpl-3fcc1c04-dad3-4429-8828-bc655c6a986b/datanode-2/data/ratis/9a456893-133c-4e7f-9c91-ad16ecf7555b/current/log_0-16
2019-10-01 17:51:58,554 [6f1be7eb-5ed9-4a99-aaf5-c3c24c0d732d@group-AD16ECF7555B-SegmentedRaftLogWorker] INFO  segmented.SegmentedRaftLogWorker (SegmentedRaftLogWorker.java:execute(574)) - 6f1be7eb-5ed9-4a99-aaf5-c3c24c0d732d@group-AD16ECF7555B-SegmentedRaftLogWorker: created new log segment /workdir/hadoop-ozone/integration-test/target/test-dir/MiniOzoneClusterImpl-3fcc1c04-dad3-4429-8828-bc655c6a986b/datanode-3/data/ratis/9a456893-133c-4e7f-9c91-ad16ecf7555b/current/log_inprogress_17
2019-10-01 17:51:58,567 [1de9d8a1-960a-4e1c-a8de-c280a8f41902@group-AD16ECF7555B-SegmentedRaftLogWorker] INFO  segmented.SegmentedRaftLogWorker (SegmentedRaftLogWorker.java:execute(574)) - 1de9d8a1-960a-4e1c-a8de-c280a8f41902@group-AD16ECF7555B-SegmentedRaftLogWorker: created new log segment /workdir/hadoop-ozone/integration-test/target/test-dir/MiniOzoneClusterImpl-3fcc1c04-dad3-4429-8828-bc655c6a986b/datanode-2/data/ratis/9a456893-133c-4e7f-9c91-ad16ecf7555b/current/log_inprogress_17
2019-10-01 17:51:58,592 [grpc-default-executor-10] WARN  server.GrpcLogAppender (LogUtils.java:warn(134)) - 6f1be7eb-5ed9-4a99-aaf5-c3c24c0d732d@group-AD16ECF7555B->d26b29fd-e359-42d4-b6fd-edc2223e4d4a-AppendLogResponseHandler: Failed appendEntries: org.apache.ratis.thirdparty.io.grpc.StatusRuntimeException: UNAVAILABLE: io exception
2019-10-01 17:51:58,592 [grpc-default-executor-10] INFO  impl.FollowerInfo (FollowerInfo.java:lambda$new$0(51)) - 6f1be7eb-5ed9-4a99-aaf5-c3c24c0d732d@group-AD16ECF7555B->d26b29fd-e359-42d4-b6fd-edc2223e4d4a: nextIndex: updateUnconditionally 2 -> 1
17:51:59.116 [grpc-default-executor-10] ERROR DNAudit - user=null | ip=null | op=WRITE_CHUNK {blockData=conID: 1 locID: 102888393558458381 bcsId: 14} | ret=FAILURE
org.apache.hadoop.hdds.scm.container.common.helpers.ContainerNotOpenException: Container 1 in CLOSING state
	at org.apache.hadoop.ozone.container.common.impl.HddsDispatcher.validateContainerCommand(HddsDispatcher.java:434) ~[hadoop-hdds-container-service-0.5.0-SNAPSHOT.jar:?]
	at org.apache.hadoop.ozone.container.common.transport.server.ratis.ContainerStateMachine.startTransaction(ContainerStateMachine.java:319) ~[hadoop-hdds-container-service-0.5.0-SNAPSHOT.jar:?]
	at org.apache.ratis.server.impl.RaftServerImpl.submitClientRequestAsync(RaftServerImpl.java:569) ~[ratis-server-0.5.0-201fc85-SNAPSHOT.jar:0.5.0-201fc85-SNAPSHOT]
	at org.apache.ratis.server.impl.RaftServerProxy.lambda$submitClientRequestAsync$7(RaftServerProxy.java:333) ~[ratis-server-0.5.0-201fc85-SNAPSHOT.jar:0.5.0-201fc85-SNAPSHOT]
	at org.apache.ratis.server.impl.RaftServerProxy.lambda$null$5(RaftServerProxy.java:328) ~[ratis-server-0.5.0-201fc85-SNAPSHOT.jar:0.5.0-201fc85-SNAPSHOT]
	at org.apache.ratis.util.JavaUtils.callAsUnchecked(JavaUtils.java:109) ~[ratis-common-0.5.0-201fc85-SNAPSHOT.jar:0.5.0-201fc85-SNAPSHOT]
	at org.apache.ratis.server.impl.RaftServerProxy.lambda$submitRequest$6(RaftServerProxy.java:328) ~[ratis-server-0.5.0-201fc85-SNAPSHOT.jar:0.5.0-201fc85-SNAPSHOT]
	at java.util.concurrent.CompletableFuture.uniComposeStage(CompletableFuture.java:981) ~[?:1.8.0_212]
	at java.util.concurrent.CompletableFuture.thenCompose(CompletableFuture.java:2124) ~[?:1.8.0_212]
	at org.apache.ratis.server.impl.RaftServerProxy.submitRequest(RaftServerProxy.java:327) ~[ratis-server-0.5.0-201fc85-SNAPSHOT.jar:0.5.0-201fc85-SNAPSHOT]
	at org.apache.ratis.server.impl.RaftServerProxy.submitClientRequestAsync(RaftServerProxy.java:333) ~[ratis-server-0.5.0-201fc85-SNAPSHOT.jar:0.5.0-201fc85-SNAPSHOT]
	at org.apache.ratis.grpc.client.GrpcClientProtocolService$RequestStreamObserver.processClientRequest(GrpcClientProtocolService.java:220) ~[ratis-grpc-0.5.0-201fc85-SNAPSHOT.jar:0.5.0-201fc85-SNAPSHOT]
	at org.apache.ratis.grpc.client.GrpcClientProtocolService$OrderedRequestStreamObserver.processClientRequest(GrpcClientProtocolService.java:326) ~[ratis-grpc-0.5.0-201fc85-SNAPSHOT.jar:0.5.0-201fc85-SNAPSHOT]
	at org.apache.ratis.util.SlidingWindow$Server.processRequestsFromHead(SlidingWindow.java:429) [ratis-common-0.5.0-201fc85-SNAPSHOT.jar:0.5.0-201fc85-SNAPSHOT]
	at org.apache.ratis.util.SlidingWindow$Server.receivedRequest(SlidingWindow.java:421) [ratis-common-0.5.0-201fc85-SNAPSHOT.jar:0.5.0-201fc85-SNAPSHOT]
	at org.apache.ratis.grpc.client.GrpcClientProtocolService$OrderedRequestStreamObserver.processClientRequest(GrpcClientProtocolService.java:345) [ratis-grpc-0.5.0-201fc85-SNAPSHOT.jar:0.5.0-201fc85-SNAPSHOT]
	at org.apache.ratis.grpc.client.GrpcClientProtocolService$RequestStreamObserver.onNext(GrpcClientProtocolService.java:240) [ratis-grpc-0.5.0-201fc85-SNAPSHOT.jar:0.5.0-201fc85-SNAPSHOT]
	at org.apache.ratis.grpc.client.GrpcClientProtocolService$RequestStreamObserver.onNext(GrpcClientProtocolService.java:168) [ratis-grpc-0.5.0-201fc85-SNAPSHOT.jar:0.5.0-201fc85-SNAPSHOT]
	at org.apache.ratis.thirdparty.io.grpc.stub.ServerCalls$StreamingServerCallHandler$StreamingServerCallListener.onMessage(ServerCalls.java:248) [ratis-thirdparty-misc-0.2.0.jar:0.2.0]
	at org.apache.ratis.thirdparty.io.grpc.internal.ServerCallImpl$ServerStreamListenerImpl.messagesAvailable(ServerCallImpl.java:263) [ratis-thirdparty-misc-0.2.0.jar:0.2.0]
	at org.apache.ratis.thirdparty.io.grpc.internal.ServerImpl$JumpToApplicationThreadServerStreamListener$1MessagesAvailable.runInContext(ServerImpl.java:686) [ratis-thirdparty-misc-0.2.0.jar:0.2.0]
	at org.apache.ratis.thirdparty.io.grpc.internal.ContextRunnable.run(ContextRunnable.java:37) [ratis-thirdparty-misc-0.2.0.jar:0.2.0]
	at org.apache.ratis.thirdparty.io.grpc.internal.SerializingExecutor.run(SerializingExecutor.java:123) [ratis-thirdparty-misc-0.2.0.jar:0.2.0]
	at java.util.concurrent.ThreadPoolExecutor.runWorker(ThreadPoolExecutor.java:1149) [?:1.8.0_212]
	at java.util.concurrent.ThreadPoolExecutor$Worker.run(ThreadPoolExecutor.java:624) [?:1.8.0_212]
	at java.lang.Thread.run(Thread.java:748) [?:1.8.0_212]
17:51:59.132 [grpc-default-executor-8] ERROR DNAudit - user=null | ip=null | op=WRITE_CHUNK {blockData=conID: 1 locID: 102888393558458381 bcsId: 14} | ret=FAILURE
org.apache.hadoop.hdds.scm.container.common.helpers.ContainerNotOpenException: Container 1 in CLOSING state
	at org.apache.hadoop.ozone.container.common.impl.HddsDispatcher.validateContainerCommand(HddsDispatcher.java:434) ~[hadoop-hdds-container-service-0.5.0-SNAPSHOT.jar:?]
	at org.apache.hadoop.ozone.container.common.transport.server.ratis.ContainerStateMachine.startTransaction(ContainerStateMachine.java:319) ~[hadoop-hdds-container-service-0.5.0-SNAPSHOT.jar:?]
	at org.apache.ratis.server.impl.RaftServerImpl.submitClientRequestAsync(RaftServerImpl.java:569) ~[ratis-server-0.5.0-201fc85-SNAPSHOT.jar:0.5.0-201fc85-SNAPSHOT]
	at org.apache.ratis.server.impl.RaftServerProxy.lambda$submitClientRequestAsync$7(RaftServerProxy.java:333) ~[ratis-server-0.5.0-201fc85-SNAPSHOT.jar:0.5.0-201fc85-SNAPSHOT]
	at org.apache.ratis.server.impl.RaftServerProxy.lambda$null$5(RaftServerProxy.java:328) ~[ratis-server-0.5.0-201fc85-SNAPSHOT.jar:0.5.0-201fc85-SNAPSHOT]
	at org.apache.ratis.util.JavaUtils.callAsUnchecked(JavaUtils.java:109) ~[ratis-common-0.5.0-201fc85-SNAPSHOT.jar:0.5.0-201fc85-SNAPSHOT]
	at org.apache.ratis.server.impl.RaftServerProxy.lambda$submitRequest$6(RaftServerProxy.java:328) ~[ratis-server-0.5.0-201fc85-SNAPSHOT.jar:0.5.0-201fc85-SNAPSHOT]
	at java.util.concurrent.CompletableFuture.uniComposeStage(CompletableFuture.java:981) ~[?:1.8.0_212]
	at java.util.concurrent.CompletableFuture.thenCompose(CompletableFuture.java:2124) ~[?:1.8.0_212]
	at org.apache.ratis.server.impl.RaftServerProxy.submitRequest(RaftServerProxy.java:327) ~[ratis-server-0.5.0-201fc85-SNAPSHOT.jar:0.5.0-201fc85-SNAPSHOT]
	at org.apache.ratis.server.impl.RaftServerProxy.submitClientRequestAsync(RaftServerProxy.java:333) ~[ratis-server-0.5.0-201fc85-SNAPSHOT.jar:0.5.0-201fc85-SNAPSHOT]
	at org.apache.ratis.grpc.client.GrpcClientProtocolService$RequestStreamObserver.processClientRequest(GrpcClientProtocolService.java:220) ~[ratis-grpc-0.5.0-201fc85-SNAPSHOT.jar:0.5.0-201fc85-SNAPSHOT]
	at org.apache.ratis.grpc.client.GrpcClientProtocolService$OrderedRequestStreamObserver.processClientRequest(GrpcClientProtocolService.java:326) ~[ratis-grpc-0.5.0-201fc85-SNAPSHOT.jar:0.5.0-201fc85-SNAPSHOT]
	at org.apache.ratis.util.SlidingWindow$Server.processRequestsFromHead(SlidingWindow.java:429) [ratis-common-0.5.0-201fc85-SNAPSHOT.jar:0.5.0-201fc85-SNAPSHOT]
	at org.apache.ratis.util.SlidingWindow$Server.receivedRequest(SlidingWindow.java:421) [ratis-common-0.5.0-201fc85-SNAPSHOT.jar:0.5.0-201fc85-SNAPSHOT]
	at org.apache.ratis.grpc.client.GrpcClientProtocolService$OrderedRequestStreamObserver.processClientRequest(GrpcClientProtocolService.java:345) [ratis-grpc-0.5.0-201fc85-SNAPSHOT.jar:0.5.0-201fc85-SNAPSHOT]
	at org.apache.ratis.grpc.client.GrpcClientProtocolService$RequestStreamObserver.onNext(GrpcClientProtocolService.java:240) [ratis-grpc-0.5.0-201fc85-SNAPSHOT.jar:0.5.0-201fc85-SNAPSHOT]
	at org.apache.ratis.grpc.client.GrpcClientProtocolService$RequestStreamObserver.onNext(GrpcClientProtocolService.java:168) [ratis-grpc-0.5.0-201fc85-SNAPSHOT.jar:0.5.0-201fc85-SNAPSHOT]
	at org.apache.ratis.thirdparty.io.grpc.stub.ServerCalls$StreamingServerCallHandler$StreamingServerCallListener.onMessage(ServerCalls.java:248) [ratis-thirdparty-misc-0.2.0.jar:0.2.0]
	at org.apache.ratis.thirdparty.io.grpc.internal.ServerCallImpl$ServerStreamListenerImpl.messagesAvailable(ServerCallImpl.java:263) [ratis-thirdparty-misc-0.2.0.jar:0.2.0]
	at org.apache.ratis.thirdparty.io.grpc.internal.ServerImpl$JumpToApplicationThreadServerStreamListener$1MessagesAvailable.runInContext(ServerImpl.java:686) [ratis-thirdparty-misc-0.2.0.jar:0.2.0]
	at org.apache.ratis.thirdparty.io.grpc.internal.ContextRunnable.run(ContextRunnable.java:37) [ratis-thirdparty-misc-0.2.0.jar:0.2.0]
	at org.apache.ratis.thirdparty.io.grpc.internal.SerializingExecutor.run(SerializingExecutor.java:123) [ratis-thirdparty-misc-0.2.0.jar:0.2.0]
	at java.util.concurrent.ThreadPoolExecutor.runWorker(ThreadPoolExecutor.java:1149) [?:1.8.0_212]
	at java.util.concurrent.ThreadPoolExecutor$Worker.run(ThreadPoolExecutor.java:624) [?:1.8.0_212]
	at java.lang.Thread.run(Thread.java:748) [?:1.8.0_212]
17:51:59.134 [grpc-default-executor-8] ERROR DNAudit - user=null | ip=null | op=PUT_BLOCK {blockData=[blockId=conID: 1 locID: 102888393558458381 bcsId: 0,size=650]} | ret=FAILURE
org.apache.hadoop.hdds.scm.container.common.helpers.ContainerNotOpenException: Container 1 in CLOSING state
	at org.apache.hadoop.ozone.container.common.impl.HddsDispatcher.validateContainerCommand(HddsDispatcher.java:434) ~[hadoop-hdds-container-service-0.5.0-SNAPSHOT.jar:?]
	at org.apache.hadoop.ozone.container.common.transport.server.ratis.ContainerStateMachine.startTransaction(ContainerStateMachine.java:319) ~[hadoop-hdds-container-service-0.5.0-SNAPSHOT.jar:?]
	at org.apache.ratis.server.impl.RaftServerImpl.submitClientRequestAsync(RaftServerImpl.java:569) ~[ratis-server-0.5.0-201fc85-SNAPSHOT.jar:0.5.0-201fc85-SNAPSHOT]
	at org.apache.ratis.server.impl.RaftServerProxy.lambda$submitClientRequestAsync$7(RaftServerProxy.java:333) ~[ratis-server-0.5.0-201fc85-SNAPSHOT.jar:0.5.0-201fc85-SNAPSHOT]
	at org.apache.ratis.server.impl.RaftServerProxy.lambda$null$5(RaftServerProxy.java:328) ~[ratis-server-0.5.0-201fc85-SNAPSHOT.jar:0.5.0-201fc85-SNAPSHOT]
	at org.apache.ratis.util.JavaUtils.callAsUnchecked(JavaUtils.java:109) ~[ratis-common-0.5.0-201fc85-SNAPSHOT.jar:0.5.0-201fc85-SNAPSHOT]
	at org.apache.ratis.server.impl.RaftServerProxy.lambda$submitRequest$6(RaftServerProxy.java:328) ~[ratis-server-0.5.0-201fc85-SNAPSHOT.jar:0.5.0-201fc85-SNAPSHOT]
	at java.util.concurrent.CompletableFuture.uniComposeStage(CompletableFuture.java:981) ~[?:1.8.0_212]
	at java.util.concurrent.CompletableFuture.thenCompose(CompletableFuture.java:2124) ~[?:1.8.0_212]
	at org.apache.ratis.server.impl.RaftServerProxy.submitRequest(RaftServerProxy.java:327) ~[ratis-server-0.5.0-201fc85-SNAPSHOT.jar:0.5.0-201fc85-SNAPSHOT]
	at org.apache.ratis.server.impl.RaftServerProxy.submitClientRequestAsync(RaftServerProxy.java:333) ~[ratis-server-0.5.0-201fc85-SNAPSHOT.jar:0.5.0-201fc85-SNAPSHOT]
	at org.apache.ratis.grpc.client.GrpcClientProtocolService$RequestStreamObserver.processClientRequest(GrpcClientProtocolService.java:220) ~[ratis-grpc-0.5.0-201fc85-SNAPSHOT.jar:0.5.0-201fc85-SNAPSHOT]
	at org.apache.ratis.grpc.client.GrpcClientProtocolService$OrderedRequestStreamObserver.processClientRequest(GrpcClientProtocolService.java:326) ~[ratis-grpc-0.5.0-201fc85-SNAPSHOT.jar:0.5.0-201fc85-SNAPSHOT]
	at org.apache.ratis.util.SlidingWindow$Server.processRequestsFromHead(SlidingWindow.java:429) [ratis-common-0.5.0-201fc85-SNAPSHOT.jar:0.5.0-201fc85-SNAPSHOT]
	at org.apache.ratis.util.SlidingWindow$Server.receivedRequest(SlidingWindow.java:421) [ratis-common-0.5.0-201fc85-SNAPSHOT.jar:0.5.0-201fc85-SNAPSHOT]
	at org.apache.ratis.grpc.client.GrpcClientProtocolService$OrderedRequestStreamObserver.processClientRequest(GrpcClientProtocolService.java:345) [ratis-grpc-0.5.0-201fc85-SNAPSHOT.jar:0.5.0-201fc85-SNAPSHOT]
	at org.apache.ratis.grpc.client.GrpcClientProtocolService$RequestStreamObserver.onNext(GrpcClientProtocolService.java:240) [ratis-grpc-0.5.0-201fc85-SNAPSHOT.jar:0.5.0-201fc85-SNAPSHOT]
	at org.apache.ratis.grpc.client.GrpcClientProtocolService$RequestStreamObserver.onNext(GrpcClientProtocolService.java:168) [ratis-grpc-0.5.0-201fc85-SNAPSHOT.jar:0.5.0-201fc85-SNAPSHOT]
	at org.apache.ratis.thirdparty.io.grpc.stub.ServerCalls$StreamingServerCallHandler$StreamingServerCallListener.onMessage(ServerCalls.java:248) [ratis-thirdparty-misc-0.2.0.jar:0.2.0]
	at org.apache.ratis.thirdparty.io.grpc.internal.ServerCallImpl$ServerStreamListenerImpl.messagesAvailable(ServerCallImpl.java:263) [ratis-thirdparty-misc-0.2.0.jar:0.2.0]
	at org.apache.ratis.thirdparty.io.grpc.internal.ServerImpl$JumpToApplicationThreadServerStreamListener$1MessagesAvailable.runInContext(ServerImpl.java:686) [ratis-thirdparty-misc-0.2.0.jar:0.2.0]
	at org.apache.ratis.thirdparty.io.grpc.internal.ContextRunnable.run(ContextRunnable.java:37) [ratis-thirdparty-misc-0.2.0.jar:0.2.0]
	at org.apache.ratis.thirdparty.io.grpc.internal.SerializingExecutor.run(SerializingExecutor.java:123) [ratis-thirdparty-misc-0.2.0.jar:0.2.0]
	at java.util.concurrent.ThreadPoolExecutor.runWorker(ThreadPoolExecutor.java:1149) [?:1.8.0_212]
	at java.util.concurrent.ThreadPoolExecutor$Worker.run(ThreadPoolExecutor.java:624) [?:1.8.0_212]
	at java.lang.Thread.run(Thread.java:748) [?:1.8.0_212]
17:51:59.144 [grpc-default-executor-8] ERROR DNAudit - user=null | ip=null | op=WRITE_CHUNK {blockData=conID: 1 locID: 102888393558458381 bcsId: 14} | ret=FAILURE
org.apache.hadoop.hdds.scm.container.common.helpers.ContainerNotOpenException: Container 1 in CLOSING state
	at org.apache.hadoop.ozone.container.common.impl.HddsDispatcher.validateContainerCommand(HddsDispatcher.java:434) ~[hadoop-hdds-container-service-0.5.0-SNAPSHOT.jar:?]
	at org.apache.hadoop.ozone.container.common.transport.server.ratis.ContainerStateMachine.startTransaction(ContainerStateMachine.java:319) ~[hadoop-hdds-container-service-0.5.0-SNAPSHOT.jar:?]
	at org.apache.ratis.server.impl.RaftServerImpl.submitClientRequestAsync(RaftServerImpl.java:569) ~[ratis-server-0.5.0-201fc85-SNAPSHOT.jar:0.5.0-201fc85-SNAPSHOT]
	at org.apache.ratis.server.impl.RaftServerProxy.lambda$submitClientRequestAsync$7(RaftServerProxy.java:333) ~[ratis-server-0.5.0-201fc85-SNAPSHOT.jar:0.5.0-201fc85-SNAPSHOT]
	at org.apache.ratis.server.impl.RaftServerProxy.lambda$null$5(RaftServerProxy.java:328) ~[ratis-server-0.5.0-201fc85-SNAPSHOT.jar:0.5.0-201fc85-SNAPSHOT]
	at org.apache.ratis.util.JavaUtils.callAsUnchecked(JavaUtils.java:109) ~[ratis-common-0.5.0-201fc85-SNAPSHOT.jar:0.5.0-201fc85-SNAPSHOT]
	at org.apache.ratis.server.impl.RaftServerProxy.lambda$submitRequest$6(RaftServerProxy.java:328) ~[ratis-server-0.5.0-201fc85-SNAPSHOT.jar:0.5.0-201fc85-SNAPSHOT]
	at java.util.concurrent.CompletableFuture.uniComposeStage(CompletableFuture.java:981) ~[?:1.8.0_212]
	at java.util.concurrent.CompletableFuture.thenCompose(CompletableFuture.java:2124) ~[?:1.8.0_212]
	at org.apache.ratis.server.impl.RaftServerProxy.submitRequest(RaftServerProxy.java:327) ~[ratis-server-0.5.0-201fc85-SNAPSHOT.jar:0.5.0-201fc85-SNAPSHOT]
	at org.apache.ratis.server.impl.RaftServerProxy.submitClientRequestAsync(RaftServerProxy.java:333) ~[ratis-server-0.5.0-201fc85-SNAPSHOT.jar:0.5.0-201fc85-SNAPSHOT]
	at org.apache.ratis.grpc.client.GrpcClientProtocolService$RequestStreamObserver.processClientRequest(GrpcClientProtocolService.java:220) ~[ratis-grpc-0.5.0-201fc85-SNAPSHOT.jar:0.5.0-201fc85-SNAPSHOT]
	at org.apache.ratis.grpc.client.GrpcClientProtocolService$OrderedRequestStreamObserver.processClientRequest(GrpcClientProtocolService.java:326) ~[ratis-grpc-0.5.0-201fc85-SNAPSHOT.jar:0.5.0-201fc85-SNAPSHOT]
	at org.apache.ratis.util.SlidingWindow$Server.processRequestsFromHead(SlidingWindow.java:429) [ratis-common-0.5.0-201fc85-SNAPSHOT.jar:0.5.0-201fc85-SNAPSHOT]
	at org.apache.ratis.util.SlidingWindow$Server.receivedRequest(SlidingWindow.java:421) [ratis-common-0.5.0-201fc85-SNAPSHOT.jar:0.5.0-201fc85-SNAPSHOT]
	at org.apache.ratis.grpc.client.GrpcClientProtocolService$OrderedRequestStreamObserver.processClientRequest(GrpcClientProtocolService.java:345) [ratis-grpc-0.5.0-201fc85-SNAPSHOT.jar:0.5.0-201fc85-SNAPSHOT]
	at org.apache.ratis.grpc.client.GrpcClientProtocolService$RequestStreamObserver.onNext(GrpcClientProtocolService.java:240) [ratis-grpc-0.5.0-201fc85-SNAPSHOT.jar:0.5.0-201fc85-SNAPSHOT]
	at org.apache.ratis.grpc.client.GrpcClientProtocolService$RequestStreamObserver.onNext(GrpcClientProtocolService.java:168) [ratis-grpc-0.5.0-201fc85-SNAPSHOT.jar:0.5.0-201fc85-SNAPSHOT]
	at org.apache.ratis.thirdparty.io.grpc.stub.ServerCalls$StreamingServerCallHandler$StreamingServerCallListener.onMessage(ServerCalls.java:248) [ratis-thirdparty-misc-0.2.0.jar:0.2.0]
	at org.apache.ratis.thirdparty.io.grpc.internal.ServerCallImpl$ServerStreamListenerImpl.messagesAvailable(ServerCallImpl.java:263) [ratis-thirdparty-misc-0.2.0.jar:0.2.0]
	at org.apache.ratis.thirdparty.io.grpc.internal.ServerImpl$JumpToApplicationThreadServerStreamListener$1MessagesAvailable.runInContext(ServerImpl.java:686) [ratis-thirdparty-misc-0.2.0.jar:0.2.0]
	at org.apache.ratis.thirdparty.io.grpc.internal.ContextRunnable.run(ContextRunnable.java:37) [ratis-thirdparty-misc-0.2.0.jar:0.2.0]
	at org.apache.ratis.thirdparty.io.grpc.internal.SerializingExecutor.run(SerializingExecutor.java:123) [ratis-thirdparty-misc-0.2.0.jar:0.2.0]
	at java.util.concurrent.ThreadPoolExecutor.runWorker(ThreadPoolExecutor.java:1149) [?:1.8.0_212]
	at java.util.concurrent.ThreadPoolExecutor$Worker.run(ThreadPoolExecutor.java:624) [?:1.8.0_212]
	at java.lang.Thread.run(Thread.java:748) [?:1.8.0_212]
17:51:59.145 [grpc-default-executor-8] ERROR DNAudit - user=null | ip=null | op=WRITE_CHUNK {blockData=conID: 1 locID: 102888393558458381 bcsId: 14} | ret=FAILURE
org.apache.hadoop.hdds.scm.container.common.helpers.ContainerNotOpenException: Container 1 in CLOSING state
	at org.apache.hadoop.ozone.container.common.impl.HddsDispatcher.validateContainerCommand(HddsDispatcher.java:434) ~[hadoop-hdds-container-service-0.5.0-SNAPSHOT.jar:?]
	at org.apache.hadoop.ozone.container.common.transport.server.ratis.ContainerStateMachine.startTransaction(ContainerStateMachine.java:319) ~[hadoop-hdds-container-service-0.5.0-SNAPSHOT.jar:?]
	at org.apache.ratis.server.impl.RaftServerImpl.submitClientRequestAsync(RaftServerImpl.java:569) ~[ratis-server-0.5.0-201fc85-SNAPSHOT.jar:0.5.0-201fc85-SNAPSHOT]
	at org.apache.ratis.server.impl.RaftServerProxy.lambda$submitClientRequestAsync$7(RaftServerProxy.java:333) ~[ratis-server-0.5.0-201fc85-SNAPSHOT.jar:0.5.0-201fc85-SNAPSHOT]
	at org.apache.ratis.server.impl.RaftServerProxy.lambda$null$5(RaftServerProxy.java:328) ~[ratis-server-0.5.0-201fc85-SNAPSHOT.jar:0.5.0-201fc85-SNAPSHOT]
	at org.apache.ratis.util.JavaUtils.callAsUnchecked(JavaUtils.java:109) ~[ratis-common-0.5.0-201fc85-SNAPSHOT.jar:0.5.0-201fc85-SNAPSHOT]
	at org.apache.ratis.server.impl.RaftServerProxy.lambda$submitRequest$6(RaftServerProxy.java:328) ~[ratis-server-0.5.0-201fc85-SNAPSHOT.jar:0.5.0-201fc85-SNAPSHOT]
	at java.util.concurrent.CompletableFuture.uniComposeStage(CompletableFuture.java:981) ~[?:1.8.0_212]
	at java.util.concurrent.CompletableFuture.thenCompose(CompletableFuture.java:2124) ~[?:1.8.0_212]
	at org.apache.ratis.server.impl.RaftServerProxy.submitRequest(RaftServerProxy.java:327) ~[ratis-server-0.5.0-201fc85-SNAPSHOT.jar:0.5.0-201fc85-SNAPSHOT]
	at org.apache.ratis.server.impl.RaftServerProxy.submitClientRequestAsync(RaftServerProxy.java:333) ~[ratis-server-0.5.0-201fc85-SNAPSHOT.jar:0.5.0-201fc85-SNAPSHOT]
	at org.apache.ratis.grpc.client.GrpcClientProtocolService$RequestStreamObserver.processClientRequest(GrpcClientProtocolService.java:220) ~[ratis-grpc-0.5.0-201fc85-SNAPSHOT.jar:0.5.0-201fc85-SNAPSHOT]
	at org.apache.ratis.grpc.client.GrpcClientProtocolService$OrderedRequestStreamObserver.processClientRequest(GrpcClientProtocolService.java:326) ~[ratis-grpc-0.5.0-201fc85-SNAPSHOT.jar:0.5.0-201fc85-SNAPSHOT]
	at org.apache.ratis.util.SlidingWindow$Server.processRequestsFromHead(SlidingWindow.java:429) [ratis-common-0.5.0-201fc85-SNAPSHOT.jar:0.5.0-201fc85-SNAPSHOT]
	at org.apache.ratis.util.SlidingWindow$Server.receivedRequest(SlidingWindow.java:421) [ratis-common-0.5.0-201fc85-SNAPSHOT.jar:0.5.0-201fc85-SNAPSHOT]
	at org.apache.ratis.grpc.client.GrpcClientProtocolService$OrderedRequestStreamObserver.processClientRequest(GrpcClientProtocolService.java:345) [ratis-grpc-0.5.0-201fc85-SNAPSHOT.jar:0.5.0-201fc85-SNAPSHOT]
	at org.apache.ratis.grpc.client.GrpcClientProtocolService$RequestStreamObserver.onNext(GrpcClientProtocolService.java:240) [ratis-grpc-0.5.0-201fc85-SNAPSHOT.jar:0.5.0-201fc85-SNAPSHOT]
	at org.apache.ratis.grpc.client.GrpcClientProtocolService$RequestStreamObserver.onNext(GrpcClientProtocolService.java:168) [ratis-grpc-0.5.0-201fc85-SNAPSHOT.jar:0.5.0-201fc85-SNAPSHOT]
	at org.apache.ratis.thirdparty.io.grpc.stub.ServerCalls$StreamingServerCallHandler$StreamingServerCallListener.onMessage(ServerCalls.java:248) [ratis-thirdparty-misc-0.2.0.jar:0.2.0]
	at org.apache.ratis.thirdparty.io.grpc.internal.ServerCallImpl$ServerStreamListenerImpl.messagesAvailable(ServerCallImpl.java:263) [ratis-thirdparty-misc-0.2.0.jar:0.2.0]
	at org.apache.ratis.thirdparty.io.grpc.internal.ServerImpl$JumpToApplicationThreadServerStreamListener$1MessagesAvailable.runInContext(ServerImpl.java:686) [ratis-thirdparty-misc-0.2.0.jar:0.2.0]
	at org.apache.ratis.thirdparty.io.grpc.internal.ContextRunnable.run(ContextRunnable.java:37) [ratis-thirdparty-misc-0.2.0.jar:0.2.0]
	at org.apache.ratis.thirdparty.io.grpc.internal.SerializingExecutor.run(SerializingExecutor.java:123) [ratis-thirdparty-misc-0.2.0.jar:0.2.0]
	at java.util.concurrent.ThreadPoolExecutor.runWorker(ThreadPoolExecutor.java:1149) [?:1.8.0_212]
	at java.util.concurrent.ThreadPoolExecutor$Worker.run(ThreadPoolExecutor.java:624) [?:1.8.0_212]
	at java.lang.Thread.run(Thread.java:748) [?:1.8.0_212]
17:51:59.153 [grpc-default-executor-8] ERROR DNAudit - user=null | ip=null | op=PUT_BLOCK {blockData=[blockId=conID: 1 locID: 102888393558458381 bcsId: 0,size=800]} | ret=FAILURE
org.apache.hadoop.hdds.scm.container.common.helpers.ContainerNotOpenException: Container 1 in CLOSING state
	at org.apache.hadoop.ozone.container.common.impl.HddsDispatcher.validateContainerCommand(HddsDispatcher.java:434) ~[hadoop-hdds-container-service-0.5.0-SNAPSHOT.jar:?]
	at org.apache.hadoop.ozone.container.common.transport.server.ratis.ContainerStateMachine.startTransaction(ContainerStateMachine.java:319) ~[hadoop-hdds-container-service-0.5.0-SNAPSHOT.jar:?]
	at org.apache.ratis.server.impl.RaftServerImpl.submitClientRequestAsync(RaftServerImpl.java:569) ~[ratis-server-0.5.0-201fc85-SNAPSHOT.jar:0.5.0-201fc85-SNAPSHOT]
	at org.apache.ratis.server.impl.RaftServerProxy.lambda$submitClientRequestAsync$7(RaftServerProxy.java:333) ~[ratis-server-0.5.0-201fc85-SNAPSHOT.jar:0.5.0-201fc85-SNAPSHOT]
	at org.apache.ratis.server.impl.RaftServerProxy.lambda$null$5(RaftServerProxy.java:328) ~[ratis-server-0.5.0-201fc85-SNAPSHOT.jar:0.5.0-201fc85-SNAPSHOT]
	at org.apache.ratis.util.JavaUtils.callAsUnchecked(JavaUtils.java:109) ~[ratis-common-0.5.0-201fc85-SNAPSHOT.jar:0.5.0-201fc85-SNAPSHOT]
	at org.apache.ratis.server.impl.RaftServerProxy.lambda$submitRequest$6(RaftServerProxy.java:328) ~[ratis-server-0.5.0-201fc85-SNAPSHOT.jar:0.5.0-201fc85-SNAPSHOT]
	at java.util.concurrent.CompletableFuture.uniComposeStage(CompletableFuture.java:981) ~[?:1.8.0_212]
	at java.util.concurrent.CompletableFuture.thenCompose(CompletableFuture.java:2124) ~[?:1.8.0_212]
	at org.apache.ratis.server.impl.RaftServerProxy.submitRequest(RaftServerProxy.java:327) ~[ratis-server-0.5.0-201fc85-SNAPSHOT.jar:0.5.0-201fc85-SNAPSHOT]
	at org.apache.ratis.server.impl.RaftServerProxy.submitClientRequestAsync(RaftServerProxy.java:333) ~[ratis-server-0.5.0-201fc85-SNAPSHOT.jar:0.5.0-201fc85-SNAPSHOT]
	at org.apache.ratis.grpc.client.GrpcClientProtocolService$RequestStreamObserver.processClientRequest(GrpcClientProtocolService.java:220) ~[ratis-grpc-0.5.0-201fc85-SNAPSHOT.jar:0.5.0-201fc85-SNAPSHOT]
	at org.apache.ratis.grpc.client.GrpcClientProtocolService$OrderedRequestStreamObserver.processClientRequest(GrpcClientProtocolService.java:326) ~[ratis-grpc-0.5.0-201fc85-SNAPSHOT.jar:0.5.0-201fc85-SNAPSHOT]
	at org.apache.ratis.util.SlidingWindow$Server.processRequestsFromHead(SlidingWindow.java:429) [ratis-common-0.5.0-201fc85-SNAPSHOT.jar:0.5.0-201fc85-SNAPSHOT]
	at org.apache.ratis.util.SlidingWindow$Server.receivedRequest(SlidingWindow.java:421) [ratis-common-0.5.0-201fc85-SNAPSHOT.jar:0.5.0-201fc85-SNAPSHOT]
	at org.apache.ratis.grpc.client.GrpcClientProtocolService$OrderedRequestStreamObserver.processClientRequest(GrpcClientProtocolService.java:345) [ratis-grpc-0.5.0-201fc85-SNAPSHOT.jar:0.5.0-201fc85-SNAPSHOT]
	at org.apache.ratis.grpc.client.GrpcClientProtocolService$RequestStreamObserver.onNext(GrpcClientProtocolService.java:240) [ratis-grpc-0.5.0-201fc85-SNAPSHOT.jar:0.5.0-201fc85-SNAPSHOT]
	at org.apache.ratis.grpc.client.GrpcClientProtocolService$RequestStreamObserver.onNext(GrpcClientProtocolService.java:168) [ratis-grpc-0.5.0-201fc85-SNAPSHOT.jar:0.5.0-201fc85-SNAPSHOT]
	at org.apache.ratis.thirdparty.io.grpc.stub.ServerCalls$StreamingServerCallHandler$StreamingServerCallListener.onMessage(ServerCalls.java:248) [ratis-thirdparty-misc-0.2.0.jar:0.2.0]
	at org.apache.ratis.thirdparty.io.grpc.internal.ServerCallImpl$ServerStreamListenerImpl.messagesAvailable(ServerCallImpl.java:263) [ratis-thirdparty-misc-0.2.0.jar:0.2.0]
	at org.apache.ratis.thirdparty.io.grpc.internal.ServerImpl$JumpToApplicationThreadServerStreamListener$1MessagesAvailable.runInContext(ServerImpl.java:686) [ratis-thirdparty-misc-0.2.0.jar:0.2.0]
	at org.apache.ratis.thirdparty.io.grpc.internal.ContextRunnable.run(ContextRunnable.java:37) [ratis-thirdparty-misc-0.2.0.jar:0.2.0]
	at org.apache.ratis.thirdparty.io.grpc.internal.SerializingExecutor.run(SerializingExecutor.java:123) [ratis-thirdparty-misc-0.2.0.jar:0.2.0]
	at java.util.concurrent.ThreadPoolExecutor.runWorker(ThreadPoolExecutor.java:1149) [?:1.8.0_212]
	at java.util.concurrent.ThreadPoolExecutor$Worker.run(ThreadPoolExecutor.java:624) [?:1.8.0_212]
	at java.lang.Thread.run(Thread.java:748) [?:1.8.0_212]
2019-10-01 17:51:59,506 [main] INFO  ozone.MiniOzoneClusterImpl (MiniOzoneClusterImpl.java:shutdown(314)) - Shutting down the Mini Ozone Cluster
2019-10-01 17:51:59,507 [main] INFO  ozone.MiniOzoneClusterImpl (MiniOzoneClusterImpl.java:stop(330)) - Stopping the Mini Ozone Cluster
2019-10-01 17:51:59,507 [main] INFO  ozone.MiniOzoneClusterImpl (MiniOzoneClusterImpl.java:stopOM(400)) - Stopping the OzoneManager
2019-10-01 17:51:59,507 [main] INFO  ipc.Server (Server.java:stop(3082)) - Stopping server on 40947
2019-10-01 17:51:59,515 [IPC Server listener on 40947] INFO  ipc.Server (Server.java:run(1185)) - Stopping IPC Server listener on 40947
2019-10-01 17:51:59,520 [main] INFO  ratis.OzoneManagerDoubleBuffer (OzoneManagerDoubleBuffer.java:stop(248)) - Stopping OMDoubleBuffer flush thread
2019-10-01 17:51:59,522 [IPC Server Responder] INFO  ipc.Server (Server.java:run(1319)) - Stopping IPC Server Responder
2019-10-01 17:51:59,529 [OMDoubleBufferFlushThread] INFO  ratis.OzoneManagerDoubleBuffer (OzoneManagerDoubleBuffer.java:flushTransactions(191)) - OMDoubleBuffer flush thread OMDoubleBufferFlushThread is interrupted and will exit. OMDoubleBufferFlushThread
2019-10-01 17:51:59,544 [main] INFO  utils.BackgroundService (BackgroundService.java:shutdown(148)) - Shutting down service KeyDeletingService
2019-10-01 17:51:59,545 [main] INFO  handler.ContextHandler (ContextHandler.java:doStop(910)) - Stopped o.e.j.w.WebAppContext@143fefaf{/,null,UNAVAILABLE}{/ozoneManager}
2019-10-01 17:51:59,546 [main] INFO  server.AbstractConnector (AbstractConnector.java:doStop(318)) - Stopped ServerConnector@18ffca6c{HTTP/1.1,[http/1.1]}{0.0.0.0:0}
2019-10-01 17:51:59,546 [main] INFO  handler.ContextHandler (ContextHandler.java:doStop(910)) - Stopped o.e.j.s.ServletContextHandler@73e4387{/static,file:///workdir/hadoop-ozone/integration-test/target/test-classes/webapps/static,UNAVAILABLE}
2019-10-01 17:51:59,546 [main] INFO  handler.ContextHandler (ContextHandler.java:doStop(910)) - Stopped o.e.j.s.ServletContextHandler@7a66c35a{/logs,file:///workdir/hadoop-ozone/integration-test/target/log,UNAVAILABLE}
2019-10-01 17:51:59,549 [main] INFO  ozone.MiniOzoneClusterImpl (MiniOzoneClusterImpl.java:stopDatanodes(377)) - Stopping the HddsDatanodes
2019-10-01 17:52:00,348 [Datanode State Machine Thread - 0] INFO  statemachine.DatanodeStateMachine (DatanodeStateMachine.java:lambda$startDaemon$0(350)) - Ozone container server started.
2019-10-01 17:52:00,350 [Datanode State Machine Thread - 0] INFO  statemachine.DatanodeStateMachine (DatanodeStateMachine.java:lambda$startDaemon$0(350)) - Ozone container server started.
2019-10-01 17:52:01,104 [grpc-default-executor-10] WARN  server.GrpcLogAppender (LogUtils.java:warn(134)) - 6f1be7eb-5ed9-4a99-aaf5-c3c24c0d732d@group-AD16ECF7555B->d26b29fd-e359-42d4-b6fd-edc2223e4d4a-AppendLogResponseHandler: Failed appendEntries: org.apache.ratis.thirdparty.io.grpc.StatusRuntimeException: UNAVAILABLE: io exception
2019-10-01 17:52:01,105 [grpc-default-executor-10] INFO  impl.FollowerInfo (FollowerInfo.java:lambda$new$0(51)) - 6f1be7eb-5ed9-4a99-aaf5-c3c24c0d732d@group-AD16ECF7555B->d26b29fd-e359-42d4-b6fd-edc2223e4d4a: nextIndex: updateUnconditionally 1 -> 0
2019-10-01 17:52:03,595 [grpc-default-executor-10] WARN  server.GrpcLogAppender (LogUtils.java:warn(134)) - 6f1be7eb-5ed9-4a99-aaf5-c3c24c0d732d@group-AD16ECF7555B->d26b29fd-e359-42d4-b6fd-edc2223e4d4a-AppendLogResponseHandler: Failed appendEntries: org.apache.ratis.thirdparty.io.grpc.StatusRuntimeException: UNAVAILABLE: io exception
2019-10-01 17:52:03,596 [grpc-default-executor-10] INFO  impl.FollowerInfo (FollowerInfo.java:lambda$new$0(51)) - 6f1be7eb-5ed9-4a99-aaf5-c3c24c0d732d@group-AD16ECF7555B->d26b29fd-e359-42d4-b6fd-edc2223e4d4a: nextIndex: updateUnconditionally 0 -> 0
2019-10-01 17:52:04,436 [EventQueue-StaleNodeForStaleNodeHandler] INFO  node.StaleNodeHandler (StaleNodeHandler.java:onMessage(58)) - Datanode e5e267b4-3479-43eb-bd9d-fb4a825b0ce3{ip: 192.168.164.197, host: pr-hdds-2210-qxppt-2300642653, networkLocation: /default-rack, certSerialId: null} moved to stale state. Finalizing its pipelines [PipelineID=9fe80da2-e1d0-4da4-b95c-0c04899bf17c, PipelineID=1b3b987f-3e05-4ad2-9f11-7223cd6ebbf6]
2019-10-01 17:52:04,436 [EventQueue-StaleNodeForStaleNodeHandler] INFO  pipeline.SCMPipelineManager (SCMPipelineManager.java:finalizeAndDestroyPipeline(315)) - destroying pipeline:Pipeline[ Id: 9fe80da2-e1d0-4da4-b95c-0c04899bf17c, Nodes: e5e267b4-3479-43eb-bd9d-fb4a825b0ce3{ip: 192.168.164.197, host: pr-hdds-2210-qxppt-2300642653, networkLocation: /default-rack, certSerialId: null}, Type:RATIS, Factor:ONE, State:OPEN]
2019-10-01 17:52:04,436 [EventQueue-StaleNodeForStaleNodeHandler] INFO  pipeline.PipelineStateManager (PipelineStateManager.java:finalizePipeline(123)) - Pipeline Pipeline[ Id: 9fe80da2-e1d0-4da4-b95c-0c04899bf17c, Nodes: e5e267b4-3479-43eb-bd9d-fb4a825b0ce3{ip: 192.168.164.197, host: pr-hdds-2210-qxppt-2300642653, networkLocation: /default-rack, certSerialId: null}, Type:RATIS, Factor:ONE, State:CLOSED] moved to CLOSED state
2019-10-01 17:52:04,437 [EventQueue-StaleNodeForStaleNodeHandler] INFO  pipeline.SCMPipelineManager (SCMPipelineManager.java:finalizeAndDestroyPipeline(315)) - destroying pipeline:Pipeline[ Id: 1b3b987f-3e05-4ad2-9f11-7223cd6ebbf6, Nodes: 9638bbdb-f358-46da-a109-5d5ce44b258d{ip: 192.168.164.197, host: pr-hdds-2210-qxppt-2300642653, networkLocation: /default-rack, certSerialId: null}e5e267b4-3479-43eb-bd9d-fb4a825b0ce3{ip: 192.168.164.197, host: pr-hdds-2210-qxppt-2300642653, networkLocation: /default-rack, certSerialId: null}666f51dd-cd6a-4e5d-b5c7-6cf843438a06{ip: 192.168.164.197, host: pr-hdds-2210-qxppt-2300642653, networkLocation: /default-rack, certSerialId: null}, Type:RATIS, Factor:THREE, State:OPEN]
2019-10-01 17:52:04,437 [EventQueue-StaleNodeForStaleNodeHandler] INFO  pipeline.PipelineStateManager (PipelineStateManager.java:finalizePipeline(123)) - Pipeline Pipeline[ Id: 1b3b987f-3e05-4ad2-9f11-7223cd6ebbf6, Nodes: 9638bbdb-f358-46da-a109-5d5ce44b258d{ip: 192.168.164.197, host: pr-hdds-2210-qxppt-2300642653, networkLocation: /default-rack, certSerialId: null}e5e267b4-3479-43eb-bd9d-fb4a825b0ce3{ip: 192.168.164.197, host: pr-hdds-2210-qxppt-2300642653, networkLocation: /default-rack, certSerialId: null}666f51dd-cd6a-4e5d-b5c7-6cf843438a06{ip: 192.168.164.197, host: pr-hdds-2210-qxppt-2300642653, networkLocation: /default-rack, certSerialId: null}, Type:RATIS, Factor:THREE, State:CLOSED] moved to CLOSED state
2019-10-01 17:52:04,437 [EventQueue-StaleNodeForStaleNodeHandler] INFO  node.StaleNodeHandler (StaleNodeHandler.java:onMessage(58)) - Datanode 666f51dd-cd6a-4e5d-b5c7-6cf843438a06{ip: 192.168.164.197, host: pr-hdds-2210-qxppt-2300642653, networkLocation: /default-rack, certSerialId: null} moved to stale state. Finalizing its pipelines [PipelineID=e5a5ec6d-5844-4cf8-92b0-a8c506c76092, PipelineID=1b3b987f-3e05-4ad2-9f11-7223cd6ebbf6]
2019-10-01 17:52:04,437 [EventQueue-CloseContainerForCloseContainerEventHandler] INFO  container.CloseContainerEventHandler (CloseContainerEventHandler.java:onMessage(61)) - Close container Event triggered for container : #2
2019-10-01 17:52:04,437 [EventQueue-StaleNodeForStaleNodeHandler] INFO  pipeline.SCMPipelineManager (SCMPipelineManager.java:finalizeAndDestroyPipeline(315)) - destroying pipeline:Pipeline[ Id: e5a5ec6d-5844-4cf8-92b0-a8c506c76092, Nodes: 666f51dd-cd6a-4e5d-b5c7-6cf843438a06{ip: 192.168.164.197, host: pr-hdds-2210-qxppt-2300642653, networkLocation: /default-rack, certSerialId: null}, Type:RATIS, Factor:ONE, State:OPEN]
2019-10-01 17:52:04,441 [EventQueue-StaleNodeForStaleNodeHandler] INFO  pipeline.PipelineStateManager (PipelineStateManager.java:finalizePipeline(123)) - Pipeline Pipeline[ Id: e5a5ec6d-5844-4cf8-92b0-a8c506c76092, Nodes: 666f51dd-cd6a-4e5d-b5c7-6cf843438a06{ip: 192.168.164.197, host: pr-hdds-2210-qxppt-2300642653, networkLocation: /default-rack, certSerialId: null}, Type:RATIS, Factor:ONE, State:CLOSED] moved to CLOSED state
2019-10-01 17:52:04,441 [EventQueue-StaleNodeForStaleNodeHandler] INFO  pipeline.SCMPipelineManager (SCMPipelineManager.java:finalizeAndDestroyPipeline(315)) - destroying pipeline:Pipeline[ Id: 1b3b987f-3e05-4ad2-9f11-7223cd6ebbf6, Nodes: 9638bbdb-f358-46da-a109-5d5ce44b258d{ip: 192.168.164.197, host: pr-hdds-2210-qxppt-2300642653, networkLocation: /default-rack, certSerialId: null}e5e267b4-3479-43eb-bd9d-fb4a825b0ce3{ip: 192.168.164.197, host: pr-hdds-2210-qxppt-2300642653, networkLocation: /default-rack, certSerialId: null}666f51dd-cd6a-4e5d-b5c7-6cf843438a06{ip: 192.168.164.197, host: pr-hdds-2210-qxppt-2300642653, networkLocation: /default-rack, certSerialId: null}, Type:RATIS, Factor:THREE, State:CLOSED]
2019-10-01 17:52:04,550 [main] INFO  ozoneimpl.OzoneContainer (OzoneContainer.java:stop(231)) - Attempting to stop container services.
2019-10-01 17:52:04,550 [ForkJoinPool.commonPool-worker-1] INFO  ozoneimpl.OzoneContainer (OzoneContainer.java:stop(231)) - Attempting to stop container services.
2019-10-01 17:52:04,552 [ForkJoinPool.commonPool-worker-1] INFO  impl.RaftServerProxy (RaftServerProxy.java:lambda$close$4(314)) - e5e267b4-3479-43eb-bd9d-fb4a825b0ce3: close
2019-10-01 17:52:04,552 [main] INFO  impl.RaftServerProxy (RaftServerProxy.java:lambda$close$4(314)) - 666f51dd-cd6a-4e5d-b5c7-6cf843438a06: close
2019-10-01 17:52:04,553 [ForkJoinPool.commonPool-worker-1] INFO  impl.RaftServerImpl (RaftServerImpl.java:lambda$shutdown$3(247)) - e5e267b4-3479-43eb-bd9d-fb4a825b0ce3@group-0C04899BF17C: shutdown
2019-10-01 17:52:04,553 [main] INFO  impl.RaftServerImpl (RaftServerImpl.java:lambda$shutdown$3(247)) - 666f51dd-cd6a-4e5d-b5c7-6cf843438a06@group-A8C506C76092: shutdown
2019-10-01 17:52:04,553 [ForkJoinPool.commonPool-worker-1] INFO  util.JmxRegister (JmxRegister.java:unregister(73)) - Successfully un-registered JMX Bean with object name Ratis:service=RaftServer,group=group-0C04899BF17C,id=e5e267b4-3479-43eb-bd9d-fb4a825b0ce3
2019-10-01 17:52:04,553 [main] INFO  util.JmxRegister (JmxRegister.java:unregister(73)) - Successfully un-registered JMX Bean with object name Ratis:service=RaftServer,group=group-A8C506C76092,id=666f51dd-cd6a-4e5d-b5c7-6cf843438a06
2019-10-01 17:52:04,553 [ForkJoinPool.commonPool-worker-1] INFO  impl.RoleInfo (RoleInfo.java:shutdownLeaderState(104)) - e5e267b4-3479-43eb-bd9d-fb4a825b0ce3: shutdown LeaderState
2019-10-01 17:52:04,554 [main] INFO  impl.RoleInfo (RoleInfo.java:shutdownLeaderState(104)) - 666f51dd-cd6a-4e5d-b5c7-6cf843438a06: shutdown LeaderState
2019-10-01 17:52:04,554 [ForkJoinPool.commonPool-worker-1] INFO  impl.PendingRequests (PendingRequests.java:sendNotLeaderResponses(202)) - e5e267b4-3479-43eb-bd9d-fb4a825b0ce3@group-0C04899BF17C-PendingRequests: sendNotLeaderResponses
2019-10-01 17:52:04,554 [main] INFO  impl.PendingRequests (PendingRequests.java:sendNotLeaderResponses(202)) - 666f51dd-cd6a-4e5d-b5c7-6cf843438a06@group-A8C506C76092-PendingRequests: sendNotLeaderResponses
2019-10-01 17:52:04,554 [ForkJoinPool.commonPool-worker-1] INFO  impl.StateMachineUpdater (StateMachineUpdater.java:stopAndJoin(136)) - e5e267b4-3479-43eb-bd9d-fb4a825b0ce3@group-0C04899BF17C-StateMachineUpdater: set stopIndex = 0
2019-10-01 17:52:04,554 [main] INFO  impl.StateMachineUpdater (StateMachineUpdater.java:stopAndJoin(136)) - 666f51dd-cd6a-4e5d-b5c7-6cf843438a06@group-A8C506C76092-StateMachineUpdater: set stopIndex = 0
2019-10-01 17:52:04,554 [ForkJoinPool.commonPool-worker-1] INFO  impl.RaftServerImpl (ServerState.java:close(387)) - e5e267b4-3479-43eb-bd9d-fb4a825b0ce3@group-0C04899BF17C: closes. applyIndex: 0
2019-10-01 17:52:04,555 [main] INFO  impl.RaftServerImpl (ServerState.java:close(387)) - 666f51dd-cd6a-4e5d-b5c7-6cf843438a06@group-A8C506C76092: closes. applyIndex: 0
2019-10-01 17:52:04,555 [e5e267b4-3479-43eb-bd9d-fb4a825b0ce3@group-0C04899BF17C-SegmentedRaftLogWorker] INFO  segmented.SegmentedRaftLogWorker (SegmentedRaftLogWorker.java:run(316)) - e5e267b4-3479-43eb-bd9d-fb4a825b0ce3@group-0C04899BF17C-SegmentedRaftLogWorker was interrupted, exiting. There are 0 tasks remaining in the queue.
2019-10-01 17:52:04,555 [666f51dd-cd6a-4e5d-b5c7-6cf843438a06@group-A8C506C76092-SegmentedRaftLogWorker] INFO  segmented.SegmentedRaftLogWorker (SegmentedRaftLogWorker.java:run(316)) - 666f51dd-cd6a-4e5d-b5c7-6cf843438a06@group-A8C506C76092-SegmentedRaftLogWorker was interrupted, exiting. There are 0 tasks remaining in the queue.
2019-10-01 17:52:04,557 [ForkJoinPool.commonPool-worker-1] INFO  segmented.SegmentedRaftLogWorker (SegmentedRaftLogWorker.java:close(224)) - e5e267b4-3479-43eb-bd9d-fb4a825b0ce3@group-0C04899BF17C-SegmentedRaftLogWorker close()
2019-10-01 17:52:04,558 [main] INFO  segmented.SegmentedRaftLogWorker (SegmentedRaftLogWorker.java:close(224)) - 666f51dd-cd6a-4e5d-b5c7-6cf843438a06@group-A8C506C76092-SegmentedRaftLogWorker close()
2019-10-01 17:52:04,561 [ForkJoinPool.commonPool-worker-1] INFO  impl.RaftServerImpl (RaftServerImpl.java:lambda$shutdown$3(247)) - e5e267b4-3479-43eb-bd9d-fb4a825b0ce3@group-7223CD6EBBF6: shutdown
2019-10-01 17:52:04,564 [main] INFO  impl.RaftServerImpl (RaftServerImpl.java:lambda$shutdown$3(247)) - 666f51dd-cd6a-4e5d-b5c7-6cf843438a06@group-7223CD6EBBF6: shutdown
2019-10-01 17:52:04,564 [ForkJoinPool.commonPool-worker-1] INFO  util.JmxRegister (JmxRegister.java:unregister(73)) - Successfully un-registered JMX Bean with object name Ratis:service=RaftServer,group=group-7223CD6EBBF6,id=e5e267b4-3479-43eb-bd9d-fb4a825b0ce3
2019-10-01 17:52:04,564 [main] INFO  util.JmxRegister (JmxRegister.java:unregister(73)) - Successfully un-registered JMX Bean with object name Ratis:service=RaftServer,group=group-7223CD6EBBF6,id=666f51dd-cd6a-4e5d-b5c7-6cf843438a06
2019-10-01 17:52:04,565 [ForkJoinPool.commonPool-worker-1] INFO  impl.RoleInfo (RoleInfo.java:shutdownLeaderState(104)) - e5e267b4-3479-43eb-bd9d-fb4a825b0ce3: shutdown LeaderState
2019-10-01 17:52:04,565 [main] INFO  impl.RoleInfo (RoleInfo.java:shutdownFollowerState(121)) - 666f51dd-cd6a-4e5d-b5c7-6cf843438a06: shutdown FollowerState
2019-10-01 17:52:04,568 [org.apache.ratis.server.impl.LogAppender$AppenderDaemon$$Lambda$521/1409902264@16b73be4] WARN  server.GrpcLogAppender (GrpcLogAppender.java:mayWait(143)) - e5e267b4-3479-43eb-bd9d-fb4a825b0ce3@group-7223CD6EBBF6->666f51dd-cd6a-4e5d-b5c7-6cf843438a06-GrpcLogAppender: Wait interrupted by java.lang.InterruptedException
2019-10-01 17:52:04,568 [ForkJoinPool.commonPool-worker-1] INFO  impl.PendingRequests (PendingRequests.java:sendNotLeaderResponses(202)) - e5e267b4-3479-43eb-bd9d-fb4a825b0ce3@group-7223CD6EBBF6-PendingRequests: sendNotLeaderResponses
2019-10-01 17:52:04,568 [666f51dd-cd6a-4e5d-b5c7-6cf843438a06@group-7223CD6EBBF6-StateMachineUpdater] INFO  ratis.ContainerStateMachine (ContainerStateMachine.java:takeSnapshot(293)) - group-7223CD6EBBF6: Taking a snapshot at:(t:1, i:14) file /workdir/hadoop-ozone/integration-test/target/test-dir/MiniOzoneClusterImpl-3fcc1c04-dad3-4429-8828-bc655c6a986b/datanode-4/data/ratis/1b3b987f-3e05-4ad2-9f11-7223cd6ebbf6/sm/snapshot.1_14
2019-10-01 17:52:04,568 [main] INFO  impl.StateMachineUpdater (StateMachineUpdater.java:stopAndJoin(136)) - 666f51dd-cd6a-4e5d-b5c7-6cf843438a06@group-7223CD6EBBF6-StateMachineUpdater: set stopIndex = 16
2019-10-01 17:52:04,568 [ForkJoinPool.commonPool-worker-1] INFO  impl.StateMachineUpdater (StateMachineUpdater.java:stopAndJoin(136)) - e5e267b4-3479-43eb-bd9d-fb4a825b0ce3@group-7223CD6EBBF6-StateMachineUpdater: set stopIndex = 16
2019-10-01 17:52:04,569 [grpc-default-executor-3] INFO  server.GrpcServerProtocolService (GrpcServerProtocolService.java:onCompleted(113)) - 666f51dd-cd6a-4e5d-b5c7-6cf843438a06: Completed APPEND_ENTRIES, lastRequest: e5e267b4-3479-43eb-bd9d-fb4a825b0ce3->666f51dd-cd6a-4e5d-b5c7-6cf843438a06#27-t1, previous=(t:1, i:16), leaderCommit=16, initializing? false, entries: <empty>
2019-10-01 17:52:04,569 [e5e267b4-3479-43eb-bd9d-fb4a825b0ce3@group-7223CD6EBBF6-StateMachineUpdater] INFO  ratis.ContainerStateMachine (ContainerStateMachine.java:takeSnapshot(293)) - group-7223CD6EBBF6: Taking a snapshot at:(t:1, i:15) file /workdir/hadoop-ozone/integration-test/target/test-dir/MiniOzoneClusterImpl-3fcc1c04-dad3-4429-8828-bc655c6a986b/datanode-1/data/ratis/1b3b987f-3e05-4ad2-9f11-7223cd6ebbf6/sm/snapshot.1_15
2019-10-01 17:52:04,569 [Thread-2969] INFO  impl.FollowerState (FollowerState.java:run(117)) - 666f51dd-cd6a-4e5d-b5c7-6cf843438a06@group-7223CD6EBBF6-FollowerState was interrupted: java.lang.InterruptedException: sleep interrupted
2019-10-01 17:52:04,571 [grpc-default-executor-3] INFO  server.GrpcLogAppender (GrpcLogAppender.java:onCompleted(293)) - e5e267b4-3479-43eb-bd9d-fb4a825b0ce3@group-7223CD6EBBF6->666f51dd-cd6a-4e5d-b5c7-6cf843438a06-AppendLogResponseHandler: follower responses appendEntries COMPLETED
2019-10-01 17:52:04,571 [org.apache.ratis.server.impl.LogAppender$AppenderDaemon$$Lambda$521/1409902264@1e81c6c9] WARN  server.GrpcLogAppender (GrpcLogAppender.java:mayWait(143)) - e5e267b4-3479-43eb-bd9d-fb4a825b0ce3@group-7223CD6EBBF6->9638bbdb-f358-46da-a109-5d5ce44b258d-GrpcLogAppender: Wait interrupted by java.lang.InterruptedException
2019-10-01 17:52:04,572 [grpc-default-executor-10] INFO  server.GrpcServerProtocolService (GrpcServerProtocolService.java:onCompleted(113)) - 9638bbdb-f358-46da-a109-5d5ce44b258d: Completed APPEND_ENTRIES, lastRequest: e5e267b4-3479-43eb-bd9d-fb4a825b0ce3->9638bbdb-f358-46da-a109-5d5ce44b258d#27-t1, previous=(t:1, i:16), leaderCommit=16, initializing? false, entries: <empty>
2019-10-01 17:52:04,572 [grpc-default-executor-8] INFO  server.GrpcLogAppender (GrpcLogAppender.java:onCompleted(293)) - e5e267b4-3479-43eb-bd9d-fb4a825b0ce3@group-7223CD6EBBF6->9638bbdb-f358-46da-a109-5d5ce44b258d-AppendLogResponseHandler: follower responses appendEntries COMPLETED
2019-10-01 17:52:04,573 [grpc-default-executor-3] INFO  impl.FollowerInfo (FollowerInfo.java:lambda$new$0(51)) - e5e267b4-3479-43eb-bd9d-fb4a825b0ce3@group-7223CD6EBBF6->666f51dd-cd6a-4e5d-b5c7-6cf843438a06: nextIndex: updateUnconditionally 17 -> 16
2019-10-01 17:52:04,573 [grpc-default-executor-8] INFO  impl.FollowerInfo (FollowerInfo.java:lambda$new$0(51)) - e5e267b4-3479-43eb-bd9d-fb4a825b0ce3@group-7223CD6EBBF6->9638bbdb-f358-46da-a109-5d5ce44b258d: nextIndex: updateUnconditionally 17 -> 16
2019-10-01 17:52:04,591 [e5e267b4-3479-43eb-bd9d-fb4a825b0ce3@group-7223CD6EBBF6-StateMachineUpdater] INFO  ratis.ContainerStateMachine (ContainerStateMachine.java:takeSnapshot(304)) - group-7223CD6EBBF6: Finished taking a snapshot at:(t:1, i:15) file:/workdir/hadoop-ozone/integration-test/target/test-dir/MiniOzoneClusterImpl-3fcc1c04-dad3-4429-8828-bc655c6a986b/datanode-1/data/ratis/1b3b987f-3e05-4ad2-9f11-7223cd6ebbf6/sm/snapshot.1_15 time:22
2019-10-01 17:52:04,591 [666f51dd-cd6a-4e5d-b5c7-6cf843438a06@group-7223CD6EBBF6-StateMachineUpdater] INFO  ratis.ContainerStateMachine (ContainerStateMachine.java:takeSnapshot(304)) - group-7223CD6EBBF6: Finished taking a snapshot at:(t:1, i:14) file:/workdir/hadoop-ozone/integration-test/target/test-dir/MiniOzoneClusterImpl-3fcc1c04-dad3-4429-8828-bc655c6a986b/datanode-4/data/ratis/1b3b987f-3e05-4ad2-9f11-7223cd6ebbf6/sm/snapshot.1_14 time:23
2019-10-01 17:52:04,592 [e5e267b4-3479-43eb-bd9d-fb4a825b0ce3@group-7223CD6EBBF6-StateMachineUpdater] INFO  impl.StateMachineUpdater (StateMachineUpdater.java:takeSnapshot(269)) - e5e267b4-3479-43eb-bd9d-fb4a825b0ce3@group-7223CD6EBBF6-StateMachineUpdater: Took a snapshot at index 15
2019-10-01 17:52:04,592 [666f51dd-cd6a-4e5d-b5c7-6cf843438a06@group-7223CD6EBBF6-StateMachineUpdater] INFO  impl.StateMachineUpdater (StateMachineUpdater.java:takeSnapshot(269)) - 666f51dd-cd6a-4e5d-b5c7-6cf843438a06@group-7223CD6EBBF6-StateMachineUpdater: Took a snapshot at index 14
2019-10-01 17:52:04,592 [e5e267b4-3479-43eb-bd9d-fb4a825b0ce3@group-7223CD6EBBF6-StateMachineUpdater] INFO  impl.StateMachineUpdater (StateMachineUpdater.java:lambda$new$0(84)) - e5e267b4-3479-43eb-bd9d-fb4a825b0ce3@group-7223CD6EBBF6-StateMachineUpdater: snapshotIndex: updateIncreasingly -1 -> 15
2019-10-01 17:52:04,592 [666f51dd-cd6a-4e5d-b5c7-6cf843438a06@group-7223CD6EBBF6-StateMachineUpdater] INFO  impl.StateMachineUpdater (StateMachineUpdater.java:lambda$new$0(84)) - 666f51dd-cd6a-4e5d-b5c7-6cf843438a06@group-7223CD6EBBF6-StateMachineUpdater: snapshotIndex: updateIncreasingly -1 -> 14
2019-10-01 17:52:04,592 [666f51dd-cd6a-4e5d-b5c7-6cf843438a06@group-7223CD6EBBF6-StateMachineUpdater] INFO  ratis.ContainerStateMachine (ContainerStateMachine.java:takeSnapshot(293)) - group-7223CD6EBBF6: Taking a snapshot at:(t:1, i:14) file /workdir/hadoop-ozone/integration-test/target/test-dir/MiniOzoneClusterImpl-3fcc1c04-dad3-4429-8828-bc655c6a986b/datanode-4/data/ratis/1b3b987f-3e05-4ad2-9f11-7223cd6ebbf6/sm/snapshot.1_14
2019-10-01 17:52:04,592 [e5e267b4-3479-43eb-bd9d-fb4a825b0ce3@group-7223CD6EBBF6-StateMachineUpdater] INFO  ratis.ContainerStateMachine (ContainerStateMachine.java:takeSnapshot(293)) - group-7223CD6EBBF6: Taking a snapshot at:(t:1, i:15) file /workdir/hadoop-ozone/integration-test/target/test-dir/MiniOzoneClusterImpl-3fcc1c04-dad3-4429-8828-bc655c6a986b/datanode-1/data/ratis/1b3b987f-3e05-4ad2-9f11-7223cd6ebbf6/sm/snapshot.1_15
2019-10-01 17:52:04,604 [666f51dd-cd6a-4e5d-b5c7-6cf843438a06@group-7223CD6EBBF6-StateMachineUpdater] INFO  ratis.ContainerStateMachine (ContainerStateMachine.java:takeSnapshot(304)) - group-7223CD6EBBF6: Finished taking a snapshot at:(t:1, i:14) file:/workdir/hadoop-ozone/integration-test/target/test-dir/MiniOzoneClusterImpl-3fcc1c04-dad3-4429-8828-bc655c6a986b/datanode-4/data/ratis/1b3b987f-3e05-4ad2-9f11-7223cd6ebbf6/sm/snapshot.1_14 time:12
2019-10-01 17:52:04,604 [e5e267b4-3479-43eb-bd9d-fb4a825b0ce3@group-7223CD6EBBF6-StateMachineUpdater] INFO  ratis.ContainerStateMachine (ContainerStateMachine.java:takeSnapshot(304)) - group-7223CD6EBBF6: Finished taking a snapshot at:(t:1, i:15) file:/workdir/hadoop-ozone/integration-test/target/test-dir/MiniOzoneClusterImpl-3fcc1c04-dad3-4429-8828-bc655c6a986b/datanode-1/data/ratis/1b3b987f-3e05-4ad2-9f11-7223cd6ebbf6/sm/snapshot.1_15 time:12
2019-10-01 17:52:04,604 [666f51dd-cd6a-4e5d-b5c7-6cf843438a06@group-7223CD6EBBF6-StateMachineUpdater] INFO  impl.StateMachineUpdater (StateMachineUpdater.java:takeSnapshot(269)) - 666f51dd-cd6a-4e5d-b5c7-6cf843438a06@group-7223CD6EBBF6-StateMachineUpdater: Took a snapshot at index 14
2019-10-01 17:52:04,605 [666f51dd-cd6a-4e5d-b5c7-6cf843438a06@group-7223CD6EBBF6-StateMachineUpdater] INFO  impl.StateMachineUpdater (StateMachineUpdater.java:lambda$new$0(84)) - 666f51dd-cd6a-4e5d-b5c7-6cf843438a06@group-7223CD6EBBF6-StateMachineUpdater: snapshotIndex: updateIncreasingly 14 -> 14
2019-10-01 17:52:04,605 [e5e267b4-3479-43eb-bd9d-fb4a825b0ce3@group-7223CD6EBBF6-StateMachineUpdater] INFO  impl.StateMachineUpdater (StateMachineUpdater.java:takeSnapshot(269)) - e5e267b4-3479-43eb-bd9d-fb4a825b0ce3@group-7223CD6EBBF6-StateMachineUpdater: Took a snapshot at index 15
2019-10-01 17:52:04,605 [e5e267b4-3479-43eb-bd9d-fb4a825b0ce3@group-7223CD6EBBF6-StateMachineUpdater] INFO  impl.StateMachineUpdater (StateMachineUpdater.java:lambda$new$0(84)) - e5e267b4-3479-43eb-bd9d-fb4a825b0ce3@group-7223CD6EBBF6-StateMachineUpdater: snapshotIndex: updateIncreasingly 15 -> 15
2019-10-01 17:52:04,605 [main] INFO  impl.RaftServerImpl (ServerState.java:close(387)) - 666f51dd-cd6a-4e5d-b5c7-6cf843438a06@group-7223CD6EBBF6: closes. applyIndex: 16
2019-10-01 17:52:04,605 [ForkJoinPool.commonPool-worker-1] INFO  impl.RaftServerImpl (ServerState.java:close(387)) - e5e267b4-3479-43eb-bd9d-fb4a825b0ce3@group-7223CD6EBBF6: closes. applyIndex: 16
2019-10-01 17:52:04,605 [666f51dd-cd6a-4e5d-b5c7-6cf843438a06@group-7223CD6EBBF6-SegmentedRaftLogWorker] INFO  segmented.SegmentedRaftLogWorker (SegmentedRaftLogWorker.java:run(316)) - 666f51dd-cd6a-4e5d-b5c7-6cf843438a06@group-7223CD6EBBF6-SegmentedRaftLogWorker was interrupted, exiting. There are 0 tasks remaining in the queue.
2019-10-01 17:52:04,605 [e5e267b4-3479-43eb-bd9d-fb4a825b0ce3@group-7223CD6EBBF6-SegmentedRaftLogWorker] INFO  segmented.SegmentedRaftLogWorker (SegmentedRaftLogWorker.java:run(316)) - e5e267b4-3479-43eb-bd9d-fb4a825b0ce3@group-7223CD6EBBF6-SegmentedRaftLogWorker was interrupted, exiting. There are 0 tasks remaining in the queue.
2019-10-01 17:52:04,608 [main] INFO  segmented.SegmentedRaftLogWorker (SegmentedRaftLogWorker.java:close(224)) - 666f51dd-cd6a-4e5d-b5c7-6cf843438a06@group-7223CD6EBBF6-SegmentedRaftLogWorker close()
2019-10-01 17:52:04,611 [ForkJoinPool.commonPool-worker-1] INFO  segmented.SegmentedRaftLogWorker (SegmentedRaftLogWorker.java:close(224)) - e5e267b4-3479-43eb-bd9d-fb4a825b0ce3@group-7223CD6EBBF6-SegmentedRaftLogWorker close()
2019-10-01 17:52:04,614 [main] INFO  server.GrpcService (GrpcService.java:closeImpl(164)) - 666f51dd-cd6a-4e5d-b5c7-6cf843438a06: shutdown server with port 37662 now
2019-10-01 17:52:04,617 [ForkJoinPool.commonPool-worker-1] INFO  server.GrpcService (GrpcService.java:closeImpl(164)) - e5e267b4-3479-43eb-bd9d-fb4a825b0ce3: shutdown server with port 40692 now
2019-10-01 17:52:04,619 [main] INFO  server.GrpcService (GrpcService.java:closeImpl(172)) - 666f51dd-cd6a-4e5d-b5c7-6cf843438a06: shutdown server with port 37662 successfully
2019-10-01 17:52:04,619 [grpc-default-executor-3] WARN  client.GrpcClientProtocolService (LogUtils.java:warn(134)) - 1-UnorderedRequestStreamObserver1: onError: org.apache.ratis.thirdparty.io.grpc.StatusRuntimeException: CANCELLED: cancelled before receiving half close
2019-10-01 17:52:04,619 [ForkJoinPool.commonPool-worker-1] INFO  server.GrpcService (GrpcService.java:closeImpl(172)) - e5e267b4-3479-43eb-bd9d-fb4a825b0ce3: shutdown server with port 40692 successfully
2019-10-01 17:52:04,621 [refreshUsed-/workdir/hadoop-ozone/integration-test/target/test-dir/MiniOzoneClusterImpl-3fcc1c04-dad3-4429-8828-bc655c6a986b/datanode-1/data/containers] WARN  fs.CachingGetSpaceUsed (CachingGetSpaceUsed.java:run(183)) - Thread Interrupted waiting to refresh disk information: sleep interrupted
2019-10-01 17:52:04,624 [refreshUsed-/workdir/hadoop-ozone/integration-test/target/test-dir/MiniOzoneClusterImpl-3fcc1c04-dad3-4429-8828-bc655c6a986b/datanode-4/data/containers] WARN  fs.CachingGetSpaceUsed (CachingGetSpaceUsed.java:run(183)) - Thread Interrupted waiting to refresh disk information: sleep interrupted
2019-10-01 17:52:04,640 [main] INFO  utils.BackgroundService (BackgroundService.java:shutdown(148)) - Shutting down service BlockDeletingService
2019-10-01 17:52:04,641 [ForkJoinPool.commonPool-worker-1] INFO  utils.BackgroundService (BackgroundService.java:shutdown(148)) - Shutting down service BlockDeletingService
2019-10-01 17:52:04,647 [ForkJoinPool.commonPool-worker-1] INFO  statemachine.DatanodeStateMachine (DatanodeStateMachine.java:stopDaemon(395)) - Ozone container server stopped.
2019-10-01 17:52:04,647 [main] INFO  statemachine.DatanodeStateMachine (DatanodeStateMachine.java:stopDaemon(395)) - Ozone container server stopped.
2019-10-01 17:52:04,653 [ForkJoinPool.commonPool-worker-1] INFO  handler.ContextHandler (ContextHandler.java:doStop(910)) - Stopped o.e.j.w.WebAppContext@10817f46{/,null,UNAVAILABLE}{/hddsDatanode}
2019-10-01 17:52:04,653 [main] INFO  handler.ContextHandler (ContextHandler.java:doStop(910)) - Stopped o.e.j.w.WebAppContext@53016b11{/,null,UNAVAILABLE}{/hddsDatanode}
2019-10-01 17:52:04,653 [ForkJoinPool.commonPool-worker-1] INFO  server.AbstractConnector (AbstractConnector.java:doStop(318)) - Stopped ServerConnector@2d4a3e13{HTTP/1.1,[http/1.1]}{0.0.0.0:0}
2019-10-01 17:52:04,653 [main] INFO  server.AbstractConnector (AbstractConnector.java:doStop(318)) - Stopped ServerConnector@7af327e3{HTTP/1.1,[http/1.1]}{0.0.0.0:0}
2019-10-01 17:52:04,655 [ForkJoinPool.commonPool-worker-1] INFO  handler.ContextHandler (ContextHandler.java:doStop(910)) - Stopped o.e.j.s.ServletContextHandler@5fdd97c1{/static,jar:file:/home/user/.m2/repository/org/apache/hadoop/hadoop-hdds-container-service/0.5.0-SNAPSHOT/hadoop-hdds-container-service-0.5.0-SNAPSHOT.jar!/webapps/static,UNAVAILABLE}
2019-10-01 17:52:04,655 [main] INFO  handler.ContextHandler (ContextHandler.java:doStop(910)) - Stopped o.e.j.s.ServletContextHandler@4409cae6{/static,jar:file:/home/user/.m2/repository/org/apache/hadoop/hadoop-hdds-container-service/0.5.0-SNAPSHOT/hadoop-hdds-container-service-0.5.0-SNAPSHOT.jar!/webapps/static,UNAVAILABLE}
2019-10-01 17:52:04,656 [ForkJoinPool.commonPool-worker-1] INFO  handler.ContextHandler (ContextHandler.java:doStop(910)) - Stopped o.e.j.s.ServletContextHandler@279126f5{/logs,file:///workdir/hadoop-ozone/integration-test/target/log,UNAVAILABLE}
2019-10-01 17:52:04,657 [main] INFO  handler.ContextHandler (ContextHandler.java:doStop(910)) - Stopped o.e.j.s.ServletContextHandler@656c5c3{/logs,file:///workdir/hadoop-ozone/integration-test/target/log,UNAVAILABLE}
2019-10-01 17:52:05,545 [Datanode State Machine Thread - 0] INFO  statemachine.DatanodeStateMachine (DatanodeStateMachine.java:lambda$startDaemon$0(350)) - Ozone container server started.
2019-10-01 17:52:05,547 [Datanode State Machine Thread - 0] INFO  statemachine.DatanodeStateMachine (DatanodeStateMachine.java:lambda$startDaemon$0(350)) - Ozone container server started.
2019-10-01 17:52:06,095 [grpc-default-executor-3] WARN  server.GrpcLogAppender (LogUtils.java:warn(134)) - 6f1be7eb-5ed9-4a99-aaf5-c3c24c0d732d@group-AD16ECF7555B->d26b29fd-e359-42d4-b6fd-edc2223e4d4a-AppendLogResponseHandler: Failed appendEntries: org.apache.ratis.thirdparty.io.grpc.StatusRuntimeException: UNAVAILABLE: io exception
2019-10-01 17:52:06,095 [grpc-default-executor-3] INFO  impl.FollowerInfo (FollowerInfo.java:lambda$new$0(51)) - 6f1be7eb-5ed9-4a99-aaf5-c3c24c0d732d@group-AD16ECF7555B->d26b29fd-e359-42d4-b6fd-edc2223e4d4a: nextIndex: updateUnconditionally 0 -> 0
2019-10-01 17:52:08,602 [grpc-default-executor-3] WARN  server.GrpcLogAppender (LogUtils.java:warn(134)) - 6f1be7eb-5ed9-4a99-aaf5-c3c24c0d732d@group-AD16ECF7555B->d26b29fd-e359-42d4-b6fd-edc2223e4d4a-AppendLogResponseHandler: Failed appendEntries: org.apache.ratis.thirdparty.io.grpc.StatusRuntimeException: UNAVAILABLE: io exception
2019-10-01 17:52:08,603 [grpc-default-executor-3] INFO  impl.FollowerInfo (FollowerInfo.java:lambda$new$0(51)) - 6f1be7eb-5ed9-4a99-aaf5-c3c24c0d732d@group-AD16ECF7555B->d26b29fd-e359-42d4-b6fd-edc2223e4d4a: nextIndex: updateUnconditionally 0 -> 0
2019-10-01 17:52:09,642 [EventQueue-StaleNodeForStaleNodeHandler] INFO  node.StaleNodeHandler (StaleNodeHandler.java:onMessage(58)) - Datanode 1de9d8a1-960a-4e1c-a8de-c280a8f41902{ip: 192.168.164.197, host: pr-hdds-2210-qxppt-2300642653, networkLocation: /default-rack, certSerialId: null} moved to stale state. Finalizing its pipelines [PipelineID=7b411857-6cc5-4853-8fc1-b09d9d51a1e0, PipelineID=9a456893-133c-4e7f-9c91-ad16ecf7555b]
2019-10-01 17:52:09,643 [EventQueue-StaleNodeForStaleNodeHandler] INFO  pipeline.SCMPipelineManager (SCMPipelineManager.java:finalizeAndDestroyPipeline(315)) - destroying pipeline:Pipeline[ Id: 7b411857-6cc5-4853-8fc1-b09d9d51a1e0, Nodes: 1de9d8a1-960a-4e1c-a8de-c280a8f41902{ip: 192.168.164.197, host: pr-hdds-2210-qxppt-2300642653, networkLocation: /default-rack, certSerialId: null}, Type:RATIS, Factor:ONE, State:OPEN]
2019-10-01 17:52:09,643 [EventQueue-StaleNodeForStaleNodeHandler] INFO  pipeline.PipelineStateManager (PipelineStateManager.java:finalizePipeline(123)) - Pipeline Pipeline[ Id: 7b411857-6cc5-4853-8fc1-b09d9d51a1e0, Nodes: 1de9d8a1-960a-4e1c-a8de-c280a8f41902{ip: 192.168.164.197, host: pr-hdds-2210-qxppt-2300642653, networkLocation: /default-rack, certSerialId: null}, Type:RATIS, Factor:ONE, State:CLOSED] moved to CLOSED state
2019-10-01 17:52:09,644 [EventQueue-StaleNodeForStaleNodeHandler] INFO  pipeline.SCMPipelineManager (SCMPipelineManager.java:finalizeAndDestroyPipeline(315)) - destroying pipeline:Pipeline[ Id: 9a456893-133c-4e7f-9c91-ad16ecf7555b, Nodes: d26b29fd-e359-42d4-b6fd-edc2223e4d4a{ip: 192.168.164.197, host: pr-hdds-2210-qxppt-2300642653, networkLocation: /default-rack, certSerialId: null}1de9d8a1-960a-4e1c-a8de-c280a8f41902{ip: 192.168.164.197, host: pr-hdds-2210-qxppt-2300642653, networkLocation: /default-rack, certSerialId: null}6f1be7eb-5ed9-4a99-aaf5-c3c24c0d732d{ip: 192.168.164.197, host: pr-hdds-2210-qxppt-2300642653, networkLocation: /default-rack, certSerialId: null}, Type:RATIS, Factor:THREE, State:CLOSED]
2019-10-01 17:52:09,644 [EventQueue-StaleNodeForStaleNodeHandler] INFO  node.StaleNodeHandler (StaleNodeHandler.java:onMessage(58)) - Datanode 6f1be7eb-5ed9-4a99-aaf5-c3c24c0d732d{ip: 192.168.164.197, host: pr-hdds-2210-qxppt-2300642653, networkLocation: /default-rack, certSerialId: null} moved to stale state. Finalizing its pipelines [PipelineID=907145d0-47e8-4a69-998a-d10a855e449d, PipelineID=9a456893-133c-4e7f-9c91-ad16ecf7555b]
2019-10-01 17:52:09,644 [EventQueue-StaleNodeForStaleNodeHandler] INFO  pipeline.SCMPipelineManager (SCMPipelineManager.java:finalizeAndDestroyPipeline(315)) - destroying pipeline:Pipeline[ Id: 907145d0-47e8-4a69-998a-d10a855e449d, Nodes: 6f1be7eb-5ed9-4a99-aaf5-c3c24c0d732d{ip: 192.168.164.197, host: pr-hdds-2210-qxppt-2300642653, networkLocation: /default-rack, certSerialId: null}, Type:RATIS, Factor:ONE, State:OPEN]
2019-10-01 17:52:09,644 [EventQueue-StaleNodeForStaleNodeHandler] INFO  pipeline.PipelineStateManager (PipelineStateManager.java:finalizePipeline(123)) - Pipeline Pipeline[ Id: 907145d0-47e8-4a69-998a-d10a855e449d, Nodes: 6f1be7eb-5ed9-4a99-aaf5-c3c24c0d732d{ip: 192.168.164.197, host: pr-hdds-2210-qxppt-2300642653, networkLocation: /default-rack, certSerialId: null}, Type:RATIS, Factor:ONE, State:CLOSED] moved to CLOSED state
2019-10-01 17:52:09,644 [EventQueue-StaleNodeForStaleNodeHandler] INFO  pipeline.SCMPipelineManager (SCMPipelineManager.java:finalizeAndDestroyPipeline(315)) - destroying pipeline:Pipeline[ Id: 9a456893-133c-4e7f-9c91-ad16ecf7555b, Nodes: d26b29fd-e359-42d4-b6fd-edc2223e4d4a{ip: 192.168.164.197, host: pr-hdds-2210-qxppt-2300642653, networkLocation: /default-rack, certSerialId: null}1de9d8a1-960a-4e1c-a8de-c280a8f41902{ip: 192.168.164.197, host: pr-hdds-2210-qxppt-2300642653, networkLocation: /default-rack, certSerialId: null}6f1be7eb-5ed9-4a99-aaf5-c3c24c0d732d{ip: 192.168.164.197, host: pr-hdds-2210-qxppt-2300642653, networkLocation: /default-rack, certSerialId: null}, Type:RATIS, Factor:THREE, State:CLOSED]
2019-10-01 17:52:09,659 [ForkJoinPool.commonPool-worker-1] INFO  ozoneimpl.OzoneContainer (OzoneContainer.java:stop(231)) - Attempting to stop container services.
2019-10-01 17:52:09,659 [main] INFO  ozoneimpl.OzoneContainer (OzoneContainer.java:stop(231)) - Attempting to stop container services.
2019-10-01 17:52:09,668 [ForkJoinPool.commonPool-worker-1] INFO  impl.RaftServerProxy (RaftServerProxy.java:lambda$close$4(314)) - 1de9d8a1-960a-4e1c-a8de-c280a8f41902: close
2019-10-01 17:52:09,668 [main] INFO  impl.RaftServerProxy (RaftServerProxy.java:lambda$close$4(314)) - 6f1be7eb-5ed9-4a99-aaf5-c3c24c0d732d: close
2019-10-01 17:52:09,668 [ForkJoinPool.commonPool-worker-1] INFO  impl.RaftServerImpl (RaftServerImpl.java:lambda$shutdown$3(247)) - 1de9d8a1-960a-4e1c-a8de-c280a8f41902@group-B09D9D51A1E0: shutdown
2019-10-01 17:52:09,668 [main] INFO  impl.RaftServerImpl (RaftServerImpl.java:lambda$shutdown$3(247)) - 6f1be7eb-5ed9-4a99-aaf5-c3c24c0d732d@group-D10A855E449D: shutdown
2019-10-01 17:52:09,669 [ForkJoinPool.commonPool-worker-1] INFO  util.JmxRegister (JmxRegister.java:unregister(73)) - Successfully un-registered JMX Bean with object name Ratis:service=RaftServer,group=group-B09D9D51A1E0,id=1de9d8a1-960a-4e1c-a8de-c280a8f41902
2019-10-01 17:52:09,669 [main] INFO  util.JmxRegister (JmxRegister.java:unregister(73)) - Successfully un-registered JMX Bean with object name Ratis:service=RaftServer,group=group-D10A855E449D,id=6f1be7eb-5ed9-4a99-aaf5-c3c24c0d732d
2019-10-01 17:52:09,669 [ForkJoinPool.commonPool-worker-1] INFO  impl.RoleInfo (RoleInfo.java:shutdownLeaderState(104)) - 1de9d8a1-960a-4e1c-a8de-c280a8f41902: shutdown LeaderState
2019-10-01 17:52:09,669 [main] INFO  impl.RoleInfo (RoleInfo.java:shutdownLeaderState(104)) - 6f1be7eb-5ed9-4a99-aaf5-c3c24c0d732d: shutdown LeaderState
2019-10-01 17:52:09,670 [ForkJoinPool.commonPool-worker-1] INFO  impl.PendingRequests (PendingRequests.java:sendNotLeaderResponses(202)) - 1de9d8a1-960a-4e1c-a8de-c280a8f41902@group-B09D9D51A1E0-PendingRequests: sendNotLeaderResponses
2019-10-01 17:52:09,670 [main] INFO  impl.PendingRequests (PendingRequests.java:sendNotLeaderResponses(202)) - 6f1be7eb-5ed9-4a99-aaf5-c3c24c0d732d@group-D10A855E449D-PendingRequests: sendNotLeaderResponses
2019-10-01 17:52:09,670 [ForkJoinPool.commonPool-worker-1] INFO  impl.StateMachineUpdater (StateMachineUpdater.java:stopAndJoin(136)) - 1de9d8a1-960a-4e1c-a8de-c280a8f41902@group-B09D9D51A1E0-StateMachineUpdater: set stopIndex = 0
2019-10-01 17:52:09,670 [main] INFO  impl.StateMachineUpdater (StateMachineUpdater.java:stopAndJoin(136)) - 6f1be7eb-5ed9-4a99-aaf5-c3c24c0d732d@group-D10A855E449D-StateMachineUpdater: set stopIndex = 0
2019-10-01 17:52:09,671 [main] INFO  impl.RaftServerImpl (ServerState.java:close(387)) - 6f1be7eb-5ed9-4a99-aaf5-c3c24c0d732d@group-D10A855E449D: closes. applyIndex: 0
2019-10-01 17:52:09,671 [ForkJoinPool.commonPool-worker-1] INFO  impl.RaftServerImpl (ServerState.java:close(387)) - 1de9d8a1-960a-4e1c-a8de-c280a8f41902@group-B09D9D51A1E0: closes. applyIndex: 0
2019-10-01 17:52:09,671 [1de9d8a1-960a-4e1c-a8de-c280a8f41902@group-B09D9D51A1E0-SegmentedRaftLogWorker] INFO  segmented.SegmentedRaftLogWorker (SegmentedRaftLogWorker.java:run(316)) - 1de9d8a1-960a-4e1c-a8de-c280a8f41902@group-B09D9D51A1E0-SegmentedRaftLogWorker was interrupted, exiting. There are 0 tasks remaining in the queue.
2019-10-01 17:52:09,671 [6f1be7eb-5ed9-4a99-aaf5-c3c24c0d732d@group-D10A855E449D-SegmentedRaftLogWorker] INFO  segmented.SegmentedRaftLogWorker (SegmentedRaftLogWorker.java:run(316)) - 6f1be7eb-5ed9-4a99-aaf5-c3c24c0d732d@group-D10A855E449D-SegmentedRaftLogWorker was interrupted, exiting. There are 0 tasks remaining in the queue.
2019-10-01 17:52:09,674 [ForkJoinPool.commonPool-worker-1] INFO  segmented.SegmentedRaftLogWorker (SegmentedRaftLogWorker.java:close(224)) - 1de9d8a1-960a-4e1c-a8de-c280a8f41902@group-B09D9D51A1E0-SegmentedRaftLogWorker close()
2019-10-01 17:52:09,676 [main] INFO  segmented.SegmentedRaftLogWorker (SegmentedRaftLogWorker.java:close(224)) - 6f1be7eb-5ed9-4a99-aaf5-c3c24c0d732d@group-D10A855E449D-SegmentedRaftLogWorker close()
2019-10-01 17:52:09,679 [ForkJoinPool.commonPool-worker-1] INFO  impl.RaftServerImpl (RaftServerImpl.java:lambda$shutdown$3(247)) - 1de9d8a1-960a-4e1c-a8de-c280a8f41902@group-AD16ECF7555B: shutdown
2019-10-01 17:52:09,683 [main] INFO  impl.RaftServerImpl (RaftServerImpl.java:lambda$shutdown$3(247)) - 6f1be7eb-5ed9-4a99-aaf5-c3c24c0d732d@group-AD16ECF7555B: shutdown
2019-10-01 17:52:09,683 [ForkJoinPool.commonPool-worker-1] INFO  util.JmxRegister (JmxRegister.java:unregister(73)) - Successfully un-registered JMX Bean with object name Ratis:service=RaftServer,group=group-AD16ECF7555B,id=1de9d8a1-960a-4e1c-a8de-c280a8f41902
2019-10-01 17:52:09,683 [main] INFO  util.JmxRegister (JmxRegister.java:unregister(73)) - Successfully un-registered JMX Bean with object name Ratis:service=RaftServer,group=group-AD16ECF7555B,id=6f1be7eb-5ed9-4a99-aaf5-c3c24c0d732d
2019-10-01 17:52:09,683 [ForkJoinPool.commonPool-worker-1] INFO  impl.RoleInfo (RoleInfo.java:shutdownFollowerState(121)) - 1de9d8a1-960a-4e1c-a8de-c280a8f41902: shutdown FollowerState
2019-10-01 17:52:09,684 [main] INFO  impl.RoleInfo (RoleInfo.java:shutdownLeaderState(104)) - 6f1be7eb-5ed9-4a99-aaf5-c3c24c0d732d: shutdown LeaderState
2019-10-01 17:52:09,684 [ForkJoinPool.commonPool-worker-1] INFO  impl.StateMachineUpdater (StateMachineUpdater.java:stopAndJoin(136)) - 1de9d8a1-960a-4e1c-a8de-c280a8f41902@group-AD16ECF7555B-StateMachineUpdater: set stopIndex = 18
2019-10-01 17:52:09,687 [org.apache.ratis.server.impl.LogAppender$AppenderDaemon$$Lambda$521/1409902264@70a68ccf] WARN  server.GrpcLogAppender (GrpcLogAppender.java:mayWait(143)) - 6f1be7eb-5ed9-4a99-aaf5-c3c24c0d732d@group-AD16ECF7555B->d26b29fd-e359-42d4-b6fd-edc2223e4d4a-GrpcLogAppender: Wait interrupted by java.lang.InterruptedException
2019-10-01 17:52:09,687 [Thread-3098] INFO  impl.FollowerState (FollowerState.java:run(117)) - 1de9d8a1-960a-4e1c-a8de-c280a8f41902@group-AD16ECF7555B-FollowerState was interrupted: java.lang.InterruptedException: sleep interrupted
2019-10-01 17:52:09,687 [org.apache.ratis.server.impl.LogAppender$AppenderDaemon$$Lambda$521/1409902264@87d582f] WARN  server.GrpcLogAppender (GrpcLogAppender.java:mayWait(143)) - 6f1be7eb-5ed9-4a99-aaf5-c3c24c0d732d@group-AD16ECF7555B->1de9d8a1-960a-4e1c-a8de-c280a8f41902-GrpcLogAppender: Wait interrupted by java.lang.InterruptedException
2019-10-01 17:52:09,687 [main] INFO  impl.PendingRequests (PendingRequests.java:sendNotLeaderResponses(202)) - 6f1be7eb-5ed9-4a99-aaf5-c3c24c0d732d@group-AD16ECF7555B-PendingRequests: sendNotLeaderResponses
2019-10-01 17:52:09,684 [1de9d8a1-960a-4e1c-a8de-c280a8f41902@group-AD16ECF7555B-StateMachineUpdater] INFO  ratis.ContainerStateMachine (ContainerStateMachine.java:takeSnapshot(293)) - group-AD16ECF7555B: Taking a snapshot at:(t:1, i:14) file /workdir/hadoop-ozone/integration-test/target/test-dir/MiniOzoneClusterImpl-3fcc1c04-dad3-4429-8828-bc655c6a986b/datanode-2/data/ratis/9a456893-133c-4e7f-9c91-ad16ecf7555b/sm/snapshot.1_14
2019-10-01 17:52:09,693 [main] INFO  impl.StateMachineUpdater (StateMachineUpdater.java:stopAndJoin(136)) - 6f1be7eb-5ed9-4a99-aaf5-c3c24c0d732d@group-AD16ECF7555B-StateMachineUpdater: set stopIndex = 18
2019-10-01 17:52:09,693 [6f1be7eb-5ed9-4a99-aaf5-c3c24c0d732d@group-AD16ECF7555B-StateMachineUpdater] INFO  ratis.ContainerStateMachine (ContainerStateMachine.java:takeSnapshot(293)) - group-AD16ECF7555B: Taking a snapshot at:(t:1, i:14) file /workdir/hadoop-ozone/integration-test/target/test-dir/MiniOzoneClusterImpl-3fcc1c04-dad3-4429-8828-bc655c6a986b/datanode-3/data/ratis/9a456893-133c-4e7f-9c91-ad16ecf7555b/sm/snapshot.1_14
2019-10-01 17:52:09,694 [grpc-default-executor-3] INFO  server.GrpcServerProtocolService (GrpcServerProtocolService.java:onCompleted(113)) - 1de9d8a1-960a-4e1c-a8de-c280a8f41902: Completed APPEND_ENTRIES, lastRequest: 6f1be7eb-5ed9-4a99-aaf5-c3c24c0d732d->1de9d8a1-960a-4e1c-a8de-c280a8f41902#6-t4, previous=(t:4, i:18), leaderCommit=18, initializing? false, entries: <empty>
2019-10-01 17:52:09,695 [grpc-default-executor-3] INFO  server.GrpcLogAppender (GrpcLogAppender.java:onCompleted(293)) - 6f1be7eb-5ed9-4a99-aaf5-c3c24c0d732d@group-AD16ECF7555B->1de9d8a1-960a-4e1c-a8de-c280a8f41902-AppendLogResponseHandler: follower responses appendEntries COMPLETED
2019-10-01 17:52:09,696 [grpc-default-executor-3] INFO  impl.FollowerInfo (FollowerInfo.java:lambda$new$0(51)) - 6f1be7eb-5ed9-4a99-aaf5-c3c24c0d732d@group-AD16ECF7555B->1de9d8a1-960a-4e1c-a8de-c280a8f41902: nextIndex: updateUnconditionally 19 -> 18
2019-10-01 17:52:09,706 [6f1be7eb-5ed9-4a99-aaf5-c3c24c0d732d@group-AD16ECF7555B-StateMachineUpdater] INFO  ratis.ContainerStateMachine (ContainerStateMachine.java:takeSnapshot(304)) - group-AD16ECF7555B: Finished taking a snapshot at:(t:1, i:14) file:/workdir/hadoop-ozone/integration-test/target/test-dir/MiniOzoneClusterImpl-3fcc1c04-dad3-4429-8828-bc655c6a986b/datanode-3/data/ratis/9a456893-133c-4e7f-9c91-ad16ecf7555b/sm/snapshot.1_14 time:13
2019-10-01 17:52:09,706 [1de9d8a1-960a-4e1c-a8de-c280a8f41902@group-AD16ECF7555B-StateMachineUpdater] INFO  ratis.ContainerStateMachine (ContainerStateMachine.java:takeSnapshot(304)) - group-AD16ECF7555B: Finished taking a snapshot at:(t:1, i:14) file:/workdir/hadoop-ozone/integration-test/target/test-dir/MiniOzoneClusterImpl-3fcc1c04-dad3-4429-8828-bc655c6a986b/datanode-2/data/ratis/9a456893-133c-4e7f-9c91-ad16ecf7555b/sm/snapshot.1_14 time:22
2019-10-01 17:52:09,706 [6f1be7eb-5ed9-4a99-aaf5-c3c24c0d732d@group-AD16ECF7555B-StateMachineUpdater] INFO  impl.StateMachineUpdater (StateMachineUpdater.java:takeSnapshot(269)) - 6f1be7eb-5ed9-4a99-aaf5-c3c24c0d732d@group-AD16ECF7555B-StateMachineUpdater: Took a snapshot at index 14
2019-10-01 17:52:09,706 [1de9d8a1-960a-4e1c-a8de-c280a8f41902@group-AD16ECF7555B-StateMachineUpdater] INFO  impl.StateMachineUpdater (StateMachineUpdater.java:takeSnapshot(269)) - 1de9d8a1-960a-4e1c-a8de-c280a8f41902@group-AD16ECF7555B-StateMachineUpdater: Took a snapshot at index 14
2019-10-01 17:52:09,707 [6f1be7eb-5ed9-4a99-aaf5-c3c24c0d732d@group-AD16ECF7555B-StateMachineUpdater] INFO  impl.StateMachineUpdater (StateMachineUpdater.java:lambda$new$0(84)) - 6f1be7eb-5ed9-4a99-aaf5-c3c24c0d732d@group-AD16ECF7555B-StateMachineUpdater: snapshotIndex: updateIncreasingly -1 -> 14
2019-10-01 17:52:09,707 [1de9d8a1-960a-4e1c-a8de-c280a8f41902@group-AD16ECF7555B-StateMachineUpdater] INFO  impl.StateMachineUpdater (StateMachineUpdater.java:lambda$new$0(84)) - 1de9d8a1-960a-4e1c-a8de-c280a8f41902@group-AD16ECF7555B-StateMachineUpdater: snapshotIndex: updateIncreasingly -1 -> 14
2019-10-01 17:52:09,707 [6f1be7eb-5ed9-4a99-aaf5-c3c24c0d732d@group-AD16ECF7555B-StateMachineUpdater] INFO  ratis.ContainerStateMachine (ContainerStateMachine.java:takeSnapshot(293)) - group-AD16ECF7555B: Taking a snapshot at:(t:1, i:14) file /workdir/hadoop-ozone/integration-test/target/test-dir/MiniOzoneClusterImpl-3fcc1c04-dad3-4429-8828-bc655c6a986b/datanode-3/data/ratis/9a456893-133c-4e7f-9c91-ad16ecf7555b/sm/snapshot.1_14
2019-10-01 17:52:09,707 [1de9d8a1-960a-4e1c-a8de-c280a8f41902@group-AD16ECF7555B-StateMachineUpdater] INFO  ratis.ContainerStateMachine (ContainerStateMachine.java:takeSnapshot(293)) - group-AD16ECF7555B: Taking a snapshot at:(t:1, i:14) file /workdir/hadoop-ozone/integration-test/target/test-dir/MiniOzoneClusterImpl-3fcc1c04-dad3-4429-8828-bc655c6a986b/datanode-2/data/ratis/9a456893-133c-4e7f-9c91-ad16ecf7555b/sm/snapshot.1_14
2019-10-01 17:52:09,720 [6f1be7eb-5ed9-4a99-aaf5-c3c24c0d732d@group-AD16ECF7555B-StateMachineUpdater] INFO  ratis.ContainerStateMachine (ContainerStateMachine.java:takeSnapshot(304)) - group-AD16ECF7555B: Finished taking a snapshot at:(t:1, i:14) file:/workdir/hadoop-ozone/integration-test/target/test-dir/MiniOzoneClusterImpl-3fcc1c04-dad3-4429-8828-bc655c6a986b/datanode-3/data/ratis/9a456893-133c-4e7f-9c91-ad16ecf7555b/sm/snapshot.1_14 time:14
2019-10-01 17:52:09,720 [1de9d8a1-960a-4e1c-a8de-c280a8f41902@group-AD16ECF7555B-StateMachineUpdater] INFO  ratis.ContainerStateMachine (ContainerStateMachine.java:takeSnapshot(304)) - group-AD16ECF7555B: Finished taking a snapshot at:(t:1, i:14) file:/workdir/hadoop-ozone/integration-test/target/test-dir/MiniOzoneClusterImpl-3fcc1c04-dad3-4429-8828-bc655c6a986b/datanode-2/data/ratis/9a456893-133c-4e7f-9c91-ad16ecf7555b/sm/snapshot.1_14 time:14
2019-10-01 17:52:09,721 [6f1be7eb-5ed9-4a99-aaf5-c3c24c0d732d@group-AD16ECF7555B-StateMachineUpdater] INFO  impl.StateMachineUpdater (StateMachineUpdater.java:takeSnapshot(269)) - 6f1be7eb-5ed9-4a99-aaf5-c3c24c0d732d@group-AD16ECF7555B-StateMachineUpdater: Took a snapshot at index 14
2019-10-01 17:52:09,721 [6f1be7eb-5ed9-4a99-aaf5-c3c24c0d732d@group-AD16ECF7555B-StateMachineUpdater] INFO  impl.StateMachineUpdater (StateMachineUpdater.java:lambda$new$0(84)) - 6f1be7eb-5ed9-4a99-aaf5-c3c24c0d732d@group-AD16ECF7555B-StateMachineUpdater: snapshotIndex: updateIncreasingly 14 -> 14
2019-10-01 17:52:09,721 [1de9d8a1-960a-4e1c-a8de-c280a8f41902@group-AD16ECF7555B-StateMachineUpdater] INFO  impl.StateMachineUpdater (StateMachineUpdater.java:takeSnapshot(269)) - 1de9d8a1-960a-4e1c-a8de-c280a8f41902@group-AD16ECF7555B-StateMachineUpdater: Took a snapshot at index 14
2019-10-01 17:52:09,721 [1de9d8a1-960a-4e1c-a8de-c280a8f41902@group-AD16ECF7555B-StateMachineUpdater] INFO  impl.StateMachineUpdater (StateMachineUpdater.java:lambda$new$0(84)) - 1de9d8a1-960a-4e1c-a8de-c280a8f41902@group-AD16ECF7555B-StateMachineUpdater: snapshotIndex: updateIncreasingly 14 -> 14
2019-10-01 17:52:09,721 [main] INFO  impl.RaftServerImpl (ServerState.java:close(387)) - 6f1be7eb-5ed9-4a99-aaf5-c3c24c0d732d@group-AD16ECF7555B: closes. applyIndex: 18
2019-10-01 17:52:09,721 [ForkJoinPool.commonPool-worker-1] INFO  impl.RaftServerImpl (ServerState.java:close(387)) - 1de9d8a1-960a-4e1c-a8de-c280a8f41902@group-AD16ECF7555B: closes. applyIndex: 18
2019-10-01 17:52:09,722 [6f1be7eb-5ed9-4a99-aaf5-c3c24c0d732d@group-AD16ECF7555B-SegmentedRaftLogWorker] INFO  segmented.SegmentedRaftLogWorker (SegmentedRaftLogWorker.java:run(316)) - 6f1be7eb-5ed9-4a99-aaf5-c3c24c0d732d@group-AD16ECF7555B-SegmentedRaftLogWorker was interrupted, exiting. There are 0 tasks remaining in the queue.
2019-10-01 17:52:09,722 [1de9d8a1-960a-4e1c-a8de-c280a8f41902@group-AD16ECF7555B-SegmentedRaftLogWorker] INFO  segmented.SegmentedRaftLogWorker (SegmentedRaftLogWorker.java:run(316)) - 1de9d8a1-960a-4e1c-a8de-c280a8f41902@group-AD16ECF7555B-SegmentedRaftLogWorker was interrupted, exiting. There are 0 tasks remaining in the queue.
2019-10-01 17:52:09,724 [main] INFO  segmented.SegmentedRaftLogWorker (SegmentedRaftLogWorker.java:close(224)) - 6f1be7eb-5ed9-4a99-aaf5-c3c24c0d732d@group-AD16ECF7555B-SegmentedRaftLogWorker close()
2019-10-01 17:52:09,727 [ForkJoinPool.commonPool-worker-1] INFO  segmented.SegmentedRaftLogWorker (SegmentedRaftLogWorker.java:close(224)) - 1de9d8a1-960a-4e1c-a8de-c280a8f41902@group-AD16ECF7555B-SegmentedRaftLogWorker close()
2019-10-01 17:52:09,732 [main] INFO  server.GrpcService (GrpcService.java:closeImpl(164)) - 6f1be7eb-5ed9-4a99-aaf5-c3c24c0d732d: shutdown server with port 37763 now
2019-10-01 17:52:09,737 [ForkJoinPool.commonPool-worker-1] INFO  server.GrpcService (GrpcService.java:closeImpl(164)) - 1de9d8a1-960a-4e1c-a8de-c280a8f41902: shutdown server with port 38477 now
2019-10-01 17:52:09,738 [main] INFO  server.GrpcService (GrpcService.java:closeImpl(172)) - 6f1be7eb-5ed9-4a99-aaf5-c3c24c0d732d: shutdown server with port 37763 successfully
2019-10-01 17:52:09,738 [ForkJoinPool.commonPool-worker-1] INFO  server.GrpcService (GrpcService.java:closeImpl(172)) - 1de9d8a1-960a-4e1c-a8de-c280a8f41902: shutdown server with port 38477 successfully
2019-10-01 17:52:09,747 [refreshUsed-/workdir/hadoop-ozone/integration-test/target/test-dir/MiniOzoneClusterImpl-3fcc1c04-dad3-4429-8828-bc655c6a986b/datanode-3/data/containers] WARN  fs.CachingGetSpaceUsed (CachingGetSpaceUsed.java:run(183)) - Thread Interrupted waiting to refresh disk information: sleep interrupted
2019-10-01 17:52:09,747 [refreshUsed-/workdir/hadoop-ozone/integration-test/target/test-dir/MiniOzoneClusterImpl-3fcc1c04-dad3-4429-8828-bc655c6a986b/datanode-2/data/containers] WARN  fs.CachingGetSpaceUsed (CachingGetSpaceUsed.java:run(183)) - Thread Interrupted waiting to refresh disk information: sleep interrupted
2019-10-01 17:52:09,758 [main] INFO  utils.BackgroundService (BackgroundService.java:shutdown(148)) - Shutting down service BlockDeletingService
2019-10-01 17:52:09,764 [main] INFO  statemachine.DatanodeStateMachine (DatanodeStateMachine.java:stopDaemon(395)) - Ozone container server stopped.
2019-10-01 17:52:09,765 [main] INFO  handler.ContextHandler (ContextHandler.java:doStop(910)) - Stopped o.e.j.w.WebAppContext@1e56bc9b{/,null,UNAVAILABLE}{/hddsDatanode}
2019-10-01 17:52:09,766 [main] INFO  server.AbstractConnector (AbstractConnector.java:doStop(318)) - Stopped ServerConnector@6f3bd37f{HTTP/1.1,[http/1.1]}{0.0.0.0:0}
2019-10-01 17:52:09,767 [main] INFO  handler.ContextHandler (ContextHandler.java:doStop(910)) - Stopped o.e.j.s.ServletContextHandler@6b42e36d{/static,jar:file:/home/user/.m2/repository/org/apache/hadoop/hadoop-hdds-container-service/0.5.0-SNAPSHOT/hadoop-hdds-container-service-0.5.0-SNAPSHOT.jar!/webapps/static,UNAVAILABLE}
2019-10-01 17:52:09,767 [main] INFO  handler.ContextHandler (ContextHandler.java:doStop(910)) - Stopped o.e.j.s.ServletContextHandler@125f16b2{/logs,file:///workdir/hadoop-ozone/integration-test/target/log,UNAVAILABLE}
2019-10-01 17:52:09,769 [ForkJoinPool.commonPool-worker-1] INFO  utils.BackgroundService (BackgroundService.java:shutdown(148)) - Shutting down service BlockDeletingService
2019-10-01 17:52:09,774 [ForkJoinPool.commonPool-worker-1] INFO  statemachine.DatanodeStateMachine (DatanodeStateMachine.java:stopDaemon(395)) - Ozone container server stopped.
2019-10-01 17:52:09,779 [ForkJoinPool.commonPool-worker-1] INFO  handler.ContextHandler (ContextHandler.java:doStop(910)) - Stopped o.e.j.w.WebAppContext@755a7218{/,null,UNAVAILABLE}{/hddsDatanode}
2019-10-01 17:52:09,779 [ForkJoinPool.commonPool-worker-1] INFO  server.AbstractConnector (AbstractConnector.java:doStop(318)) - Stopped ServerConnector@70c29356{HTTP/1.1,[http/1.1]}{0.0.0.0:0}
2019-10-01 17:52:09,781 [ForkJoinPool.commonPool-worker-1] INFO  handler.ContextHandler (ContextHandler.java:doStop(910)) - Stopped o.e.j.s.ServletContextHandler@78d92eef{/static,jar:file:/home/user/.m2/repository/org/apache/hadoop/hadoop-hdds-container-service/0.5.0-SNAPSHOT/hadoop-hdds-container-service-0.5.0-SNAPSHOT.jar!/webapps/static,UNAVAILABLE}
2019-10-01 17:52:09,783 [ForkJoinPool.commonPool-worker-1] INFO  handler.ContextHandler (ContextHandler.java:doStop(910)) - Stopped o.e.j.s.ServletContextHandler@34c76167{/logs,file:///workdir/hadoop-ozone/integration-test/target/log,UNAVAILABLE}
2019-10-01 17:52:10,245 [Datanode State Machine Thread - 0] INFO  statemachine.DatanodeStateMachine (DatanodeStateMachine.java:lambda$startDaemon$0(350)) - Ozone container server started.
2019-10-01 17:52:10,377 [Datanode State Machine Thread - 0] INFO  statemachine.DatanodeStateMachine (DatanodeStateMachine.java:lambda$startDaemon$0(350)) - Ozone container server started.
2019-10-01 17:52:14,268 [Thread-2970] INFO  impl.FollowerState (FollowerState.java:run(108)) - 9638bbdb-f358-46da-a109-5d5ce44b258d@group-7223CD6EBBF6-FollowerState: change to CANDIDATE, lastRpcTime:9761ms, electionTimeout:5145ms
2019-10-01 17:52:14,269 [Thread-2970] INFO  impl.RoleInfo (RoleInfo.java:shutdownFollowerState(121)) - 9638bbdb-f358-46da-a109-5d5ce44b258d: shutdown FollowerState
2019-10-01 17:52:14,270 [Thread-2970] INFO  impl.RaftServerImpl (RaftServerImpl.java:setRole(170)) - 9638bbdb-f358-46da-a109-5d5ce44b258d@group-7223CD6EBBF6: changes role from  FOLLOWER to CANDIDATE at term 1 for changeToCandidate
2019-10-01 17:52:14,270 [Thread-2970] INFO  impl.RoleInfo (RoleInfo.java:updateAndGet(143)) - 9638bbdb-f358-46da-a109-5d5ce44b258d: start LeaderElection
2019-10-01 17:52:14,272 [9638bbdb-f358-46da-a109-5d5ce44b258d@group-7223CD6EBBF6-LeaderElection64] INFO  impl.RaftServerImpl (ServerState.java:setLeader(255)) - 9638bbdb-f358-46da-a109-5d5ce44b258d@group-7223CD6EBBF6: change Leader from e5e267b4-3479-43eb-bd9d-fb4a825b0ce3 to null at term 1 for initElection
2019-10-01 17:52:14,287 [9638bbdb-f358-46da-a109-5d5ce44b258d@group-7223CD6EBBF6-LeaderElection64] INFO  impl.LeaderElection (LeaderElection.java:askForVotes(178)) - 9638bbdb-f358-46da-a109-5d5ce44b258d@group-7223CD6EBBF6-LeaderElection64: begin an election at term 2 for 0: [9638bbdb-f358-46da-a109-5d5ce44b258d:192.168.164.197:35521, 666f51dd-cd6a-4e5d-b5c7-6cf843438a06:192.168.164.197:37662, e5e267b4-3479-43eb-bd9d-fb4a825b0ce3:192.168.164.197:40692], old=null
2019-10-01 17:52:14,293 [9638bbdb-f358-46da-a109-5d5ce44b258d@group-7223CD6EBBF6-LeaderElection64] INFO  impl.LeaderElection (LogUtils.java:infoOrTrace(149)) - 9638bbdb-f358-46da-a109-5d5ce44b258d@group-7223CD6EBBF6-LeaderElection64 got exception when requesting votes: {}
java.util.concurrent.ExecutionException: org.apache.ratis.thirdparty.io.grpc.StatusRuntimeException: UNAVAILABLE: io exception
	at java.util.concurrent.FutureTask.report(FutureTask.java:122)
	at java.util.concurrent.FutureTask.get(FutureTask.java:192)
	at org.apache.ratis.server.impl.LeaderElection.waitForResults(LeaderElection.java:259)
	at org.apache.ratis.server.impl.LeaderElection.askForVotes(LeaderElection.java:197)
	at org.apache.ratis.server.impl.LeaderElection.run(LeaderElection.java:133)
	at java.lang.Thread.run(Thread.java:748)
Caused by: org.apache.ratis.thirdparty.io.grpc.StatusRuntimeException: UNAVAILABLE: io exception
	at org.apache.ratis.thirdparty.io.grpc.stub.ClientCalls.toStatusRuntimeException(ClientCalls.java:233)
	at org.apache.ratis.thirdparty.io.grpc.stub.ClientCalls.getUnchecked(ClientCalls.java:214)
	at org.apache.ratis.thirdparty.io.grpc.stub.ClientCalls.blockingUnaryCall(ClientCalls.java:139)
	at org.apache.ratis.proto.grpc.RaftServerProtocolServiceGrpc$RaftServerProtocolServiceBlockingStub.requestVote(RaftServerProtocolServiceGrpc.java:265)
	at org.apache.ratis.grpc.server.GrpcServerProtocolClient.requestVote(GrpcServerProtocolClient.java:99)
	at org.apache.ratis.grpc.server.GrpcService.requestVote(GrpcService.java:204)
	at org.apache.ratis.server.impl.LeaderElection.lambda$submitRequests$1(LeaderElection.java:234)
	at java.util.concurrent.FutureTask.run(FutureTask.java:266)
	at java.util.concurrent.Executors$RunnableAdapter.call(Executors.java:511)
	at java.util.concurrent.FutureTask.run(FutureTask.java:266)
	at java.util.concurrent.ThreadPoolExecutor.runWorker(ThreadPoolExecutor.java:1149)
	at java.util.concurrent.ThreadPoolExecutor$Worker.run(ThreadPoolExecutor.java:624)
	... 1 more
Caused by: org.apache.ratis.thirdparty.io.netty.channel.AbstractChannel$AnnotatedConnectException: Connection refused: /192.168.164.197:40692
	at sun.nio.ch.SocketChannelImpl.checkConnect(Native Method)
	at sun.nio.ch.SocketChannelImpl.finishConnect(SocketChannelImpl.java:717)
	at org.apache.ratis.thirdparty.io.netty.channel.socket.nio.NioSocketChannel.doFinishConnect(NioSocketChannel.java:327)
	at org.apache.ratis.thirdparty.io.netty.channel.nio.AbstractNioChannel$AbstractNioUnsafe.finishConnect(AbstractNioChannel.java:340)
	at org.apache.ratis.thirdparty.io.netty.channel.nio.NioEventLoop.processSelectedKey(NioEventLoop.java:632)
	at org.apache.ratis.thirdparty.io.netty.channel.nio.NioEventLoop.processSelectedKeysOptimized(NioEventLoop.java:579)
	at org.apache.ratis.thirdparty.io.netty.channel.nio.NioEventLoop.processSelectedKeys(NioEventLoop.java:496)
	at org.apache.ratis.thirdparty.io.netty.channel.nio.NioEventLoop.run(NioEventLoop.java:458)
	at org.apache.ratis.thirdparty.io.netty.util.concurrent.SingleThreadEventExecutor$5.run(SingleThreadEventExecutor.java:897)
	at org.apache.ratis.thirdparty.io.netty.util.concurrent.FastThreadLocalRunnable.run(FastThreadLocalRunnable.java:30)
	... 1 more
Caused by: java.net.ConnectException: Connection refused
	... 11 more
2019-10-01 17:52:14,295 [9638bbdb-f358-46da-a109-5d5ce44b258d@group-7223CD6EBBF6-LeaderElection64] INFO  impl.LeaderElection (LogUtils.java:infoOrTrace(149)) - 9638bbdb-f358-46da-a109-5d5ce44b258d@group-7223CD6EBBF6-LeaderElection64 got exception when requesting votes: {}
java.util.concurrent.ExecutionException: org.apache.ratis.thirdparty.io.grpc.StatusRuntimeException: UNAVAILABLE: io exception
	at java.util.concurrent.FutureTask.report(FutureTask.java:122)
	at java.util.concurrent.FutureTask.get(FutureTask.java:192)
	at org.apache.ratis.server.impl.LeaderElection.waitForResults(LeaderElection.java:259)
	at org.apache.ratis.server.impl.LeaderElection.askForVotes(LeaderElection.java:197)
	at org.apache.ratis.server.impl.LeaderElection.run(LeaderElection.java:133)
	at java.lang.Thread.run(Thread.java:748)
Caused by: org.apache.ratis.thirdparty.io.grpc.StatusRuntimeException: UNAVAILABLE: io exception
	at org.apache.ratis.thirdparty.io.grpc.stub.ClientCalls.toStatusRuntimeException(ClientCalls.java:233)
	at org.apache.ratis.thirdparty.io.grpc.stub.ClientCalls.getUnchecked(ClientCalls.java:214)
	at org.apache.ratis.thirdparty.io.grpc.stub.ClientCalls.blockingUnaryCall(ClientCalls.java:139)
	at org.apache.ratis.proto.grpc.RaftServerProtocolServiceGrpc$RaftServerProtocolServiceBlockingStub.requestVote(RaftServerProtocolServiceGrpc.java:265)
	at org.apache.ratis.grpc.server.GrpcServerProtocolClient.requestVote(GrpcServerProtocolClient.java:99)
	at org.apache.ratis.grpc.server.GrpcService.requestVote(GrpcService.java:204)
	at org.apache.ratis.server.impl.LeaderElection.lambda$submitRequests$1(LeaderElection.java:234)
	at java.util.concurrent.FutureTask.run(FutureTask.java:266)
	at java.util.concurrent.Executors$RunnableAdapter.call(Executors.java:511)
	at java.util.concurrent.FutureTask.run(FutureTask.java:266)
	at java.util.concurrent.ThreadPoolExecutor.runWorker(ThreadPoolExecutor.java:1149)
	at java.util.concurrent.ThreadPoolExecutor$Worker.run(ThreadPoolExecutor.java:624)
	... 1 more
Caused by: org.apache.ratis.thirdparty.io.netty.channel.AbstractChannel$AnnotatedConnectException: Connection refused: /192.168.164.197:37662
	at sun.nio.ch.SocketChannelImpl.checkConnect(Native Method)
	at sun.nio.ch.SocketChannelImpl.finishConnect(SocketChannelImpl.java:717)
	at org.apache.ratis.thirdparty.io.netty.channel.socket.nio.NioSocketChannel.doFinishConnect(NioSocketChannel.java:327)
	at org.apache.ratis.thirdparty.io.netty.channel.nio.AbstractNioChannel$AbstractNioUnsafe.finishConnect(AbstractNioChannel.java:340)
	at org.apache.ratis.thirdparty.io.netty.channel.nio.NioEventLoop.processSelectedKey(NioEventLoop.java:632)
	at org.apache.ratis.thirdparty.io.netty.channel.nio.NioEventLoop.processSelectedKeysOptimized(NioEventLoop.java:579)
	at org.apache.ratis.thirdparty.io.netty.channel.nio.NioEventLoop.processSelectedKeys(NioEventLoop.java:496)
	at org.apache.ratis.thirdparty.io.netty.channel.nio.NioEventLoop.run(NioEventLoop.java:458)
	at org.apache.ratis.thirdparty.io.netty.util.concurrent.SingleThreadEventExecutor$5.run(SingleThreadEventExecutor.java:897)
	at org.apache.ratis.thirdparty.io.netty.util.concurrent.FastThreadLocalRunnable.run(FastThreadLocalRunnable.java:30)
	... 1 more
Caused by: java.net.ConnectException: Connection refused
	... 11 more
2019-10-01 17:52:14,297 [9638bbdb-f358-46da-a109-5d5ce44b258d@group-7223CD6EBBF6-LeaderElection64] INFO  impl.LeaderElection (LeaderElection.java:logAndReturn(56)) - 9638bbdb-f358-46da-a109-5d5ce44b258d@group-7223CD6EBBF6-LeaderElection64: Election REJECTED; received 0 response(s) [] and 2 exception(s); 9638bbdb-f358-46da-a109-5d5ce44b258d@group-7223CD6EBBF6:t2, leader=null, voted=9638bbdb-f358-46da-a109-5d5ce44b258d, raftlog=9638bbdb-f358-46da-a109-5d5ce44b258d@group-7223CD6EBBF6-SegmentedRaftLog:OPENED:c16,f16,i16, conf=0: [9638bbdb-f358-46da-a109-5d5ce44b258d:192.168.164.197:35521, 666f51dd-cd6a-4e5d-b5c7-6cf843438a06:192.168.164.197:37662, e5e267b4-3479-43eb-bd9d-fb4a825b0ce3:192.168.164.197:40692], old=null
2019-10-01 17:52:14,297 [9638bbdb-f358-46da-a109-5d5ce44b258d@group-7223CD6EBBF6-LeaderElection64] INFO  impl.LeaderElection (LogUtils.java:infoOrTrace(149)) -   Exception 0: {}
java.util.concurrent.ExecutionException: org.apache.ratis.thirdparty.io.grpc.StatusRuntimeException: UNAVAILABLE: io exception
	at java.util.concurrent.FutureTask.report(FutureTask.java:122)
	at java.util.concurrent.FutureTask.get(FutureTask.java:192)
	at org.apache.ratis.server.impl.LeaderElection.waitForResults(LeaderElection.java:259)
	at org.apache.ratis.server.impl.LeaderElection.askForVotes(LeaderElection.java:197)
	at org.apache.ratis.server.impl.LeaderElection.run(LeaderElection.java:133)
	at java.lang.Thread.run(Thread.java:748)
Caused by: org.apache.ratis.thirdparty.io.grpc.StatusRuntimeException: UNAVAILABLE: io exception
	at org.apache.ratis.thirdparty.io.grpc.stub.ClientCalls.toStatusRuntimeException(ClientCalls.java:233)
	at org.apache.ratis.thirdparty.io.grpc.stub.ClientCalls.getUnchecked(ClientCalls.java:214)
	at org.apache.ratis.thirdparty.io.grpc.stub.ClientCalls.blockingUnaryCall(ClientCalls.java:139)
	at org.apache.ratis.proto.grpc.RaftServerProtocolServiceGrpc$RaftServerProtocolServiceBlockingStub.requestVote(RaftServerProtocolServiceGrpc.java:265)
	at org.apache.ratis.grpc.server.GrpcServerProtocolClient.requestVote(GrpcServerProtocolClient.java:99)
	at org.apache.ratis.grpc.server.GrpcService.requestVote(GrpcService.java:204)
	at org.apache.ratis.server.impl.LeaderElection.lambda$submitRequests$1(LeaderElection.java:234)
	at java.util.concurrent.FutureTask.run(FutureTask.java:266)
	at java.util.concurrent.Executors$RunnableAdapter.call(Executors.java:511)
	at java.util.concurrent.FutureTask.run(FutureTask.java:266)
	at java.util.concurrent.ThreadPoolExecutor.runWorker(ThreadPoolExecutor.java:1149)
	at java.util.concurrent.ThreadPoolExecutor$Worker.run(ThreadPoolExecutor.java:624)
	... 1 more
Caused by: org.apache.ratis.thirdparty.io.netty.channel.AbstractChannel$AnnotatedConnectException: Connection refused: /192.168.164.197:40692
	at sun.nio.ch.SocketChannelImpl.checkConnect(Native Method)
	at sun.nio.ch.SocketChannelImpl.finishConnect(SocketChannelImpl.java:717)
	at org.apache.ratis.thirdparty.io.netty.channel.socket.nio.NioSocketChannel.doFinishConnect(NioSocketChannel.java:327)
	at org.apache.ratis.thirdparty.io.netty.channel.nio.AbstractNioChannel$AbstractNioUnsafe.finishConnect(AbstractNioChannel.java:340)
	at org.apache.ratis.thirdparty.io.netty.channel.nio.NioEventLoop.processSelectedKey(NioEventLoop.java:632)
	at org.apache.ratis.thirdparty.io.netty.channel.nio.NioEventLoop.processSelectedKeysOptimized(NioEventLoop.java:579)
	at org.apache.ratis.thirdparty.io.netty.channel.nio.NioEventLoop.processSelectedKeys(NioEventLoop.java:496)
	at org.apache.ratis.thirdparty.io.netty.channel.nio.NioEventLoop.run(NioEventLoop.java:458)
	at org.apache.ratis.thirdparty.io.netty.util.concurrent.SingleThreadEventExecutor$5.run(SingleThreadEventExecutor.java:897)
	at org.apache.ratis.thirdparty.io.netty.util.concurrent.FastThreadLocalRunnable.run(FastThreadLocalRunnable.java:30)
	... 1 more
Caused by: java.net.ConnectException: Connection refused
	... 11 more
2019-10-01 17:52:14,297 [9638bbdb-f358-46da-a109-5d5ce44b258d@group-7223CD6EBBF6-LeaderElection64] INFO  impl.LeaderElection (LogUtils.java:infoOrTrace(149)) -   Exception 1: {}
java.util.concurrent.ExecutionException: org.apache.ratis.thirdparty.io.grpc.StatusRuntimeException: UNAVAILABLE: io exception
	at java.util.concurrent.FutureTask.report(FutureTask.java:122)
	at java.util.concurrent.FutureTask.get(FutureTask.java:192)
	at org.apache.ratis.server.impl.LeaderElection.waitForResults(LeaderElection.java:259)
	at org.apache.ratis.server.impl.LeaderElection.askForVotes(LeaderElection.java:197)
	at org.apache.ratis.server.impl.LeaderElection.run(LeaderElection.java:133)
	at java.lang.Thread.run(Thread.java:748)
Caused by: org.apache.ratis.thirdparty.io.grpc.StatusRuntimeException: UNAVAILABLE: io exception
	at org.apache.ratis.thirdparty.io.grpc.stub.ClientCalls.toStatusRuntimeException(ClientCalls.java:233)
	at org.apache.ratis.thirdparty.io.grpc.stub.ClientCalls.getUnchecked(ClientCalls.java:214)
	at org.apache.ratis.thirdparty.io.grpc.stub.ClientCalls.blockingUnaryCall(ClientCalls.java:139)
	at org.apache.ratis.proto.grpc.RaftServerProtocolServiceGrpc$RaftServerProtocolServiceBlockingStub.requestVote(RaftServerProtocolServiceGrpc.java:265)
	at org.apache.ratis.grpc.server.GrpcServerProtocolClient.requestVote(GrpcServerProtocolClient.java:99)
	at org.apache.ratis.grpc.server.GrpcService.requestVote(GrpcService.java:204)
	at org.apache.ratis.server.impl.LeaderElection.lambda$submitRequests$1(LeaderElection.java:234)
	at java.util.concurrent.FutureTask.run(FutureTask.java:266)
	at java.util.concurrent.Executors$RunnableAdapter.call(Executors.java:511)
	at java.util.concurrent.FutureTask.run(FutureTask.java:266)
	at java.util.concurrent.ThreadPoolExecutor.runWorker(ThreadPoolExecutor.java:1149)
	at java.util.concurrent.ThreadPoolExecutor$Worker.run(ThreadPoolExecutor.java:624)
	... 1 more
Caused by: org.apache.ratis.thirdparty.io.netty.channel.AbstractChannel$AnnotatedConnectException: Connection refused: /192.168.164.197:37662
	at sun.nio.ch.SocketChannelImpl.checkConnect(Native Method)
	at sun.nio.ch.SocketChannelImpl.finishConnect(SocketChannelImpl.java:717)
	at org.apache.ratis.thirdparty.io.netty.channel.socket.nio.NioSocketChannel.doFinishConnect(NioSocketChannel.java:327)
	at org.apache.ratis.thirdparty.io.netty.channel.nio.AbstractNioChannel$AbstractNioUnsafe.finishConnect(AbstractNioChannel.java:340)
	at org.apache.ratis.thirdparty.io.netty.channel.nio.NioEventLoop.processSelectedKey(NioEventLoop.java:632)
	at org.apache.ratis.thirdparty.io.netty.channel.nio.NioEventLoop.processSelectedKeysOptimized(NioEventLoop.java:579)
	at org.apache.ratis.thirdparty.io.netty.channel.nio.NioEventLoop.processSelectedKeys(NioEventLoop.java:496)
	at org.apache.ratis.thirdparty.io.netty.channel.nio.NioEventLoop.run(NioEventLoop.java:458)
	at org.apache.ratis.thirdparty.io.netty.util.concurrent.SingleThreadEventExecutor$5.run(SingleThreadEventExecutor.java:897)
	at org.apache.ratis.thirdparty.io.netty.util.concurrent.FastThreadLocalRunnable.run(FastThreadLocalRunnable.java:30)
	... 1 more
Caused by: java.net.ConnectException: Connection refused
	... 11 more
2019-10-01 17:52:14,297 [9638bbdb-f358-46da-a109-5d5ce44b258d@group-7223CD6EBBF6-LeaderElection64] INFO  impl.RaftServerImpl (RaftServerImpl.java:setRole(170)) - 9638bbdb-f358-46da-a109-5d5ce44b258d@group-7223CD6EBBF6: changes role from CANDIDATE to FOLLOWER at term 2 for DISCOVERED_A_NEW_TERM
2019-10-01 17:52:14,297 [9638bbdb-f358-46da-a109-5d5ce44b258d@group-7223CD6EBBF6-LeaderElection64] INFO  impl.RoleInfo (RoleInfo.java:shutdownLeaderElection(134)) - 9638bbdb-f358-46da-a109-5d5ce44b258d: shutdown LeaderElection
2019-10-01 17:52:14,297 [9638bbdb-f358-46da-a109-5d5ce44b258d@group-7223CD6EBBF6-LeaderElection64] INFO  impl.RoleInfo (RoleInfo.java:updateAndGet(143)) - 9638bbdb-f358-46da-a109-5d5ce44b258d: start FollowerState
2019-10-01 17:52:14,347 [EventQueue-StaleNodeForStaleNodeHandler] INFO  node.StaleNodeHandler (StaleNodeHandler.java:onMessage(58)) - Datanode e3b58b45-da1c-4e2f-8089-db0d67210d22{ip: 192.168.164.197, host: pr-hdds-2210-qxppt-2300642653, networkLocation: /default-rack, certSerialId: null} moved to stale state. Finalizing its pipelines []
2019-10-01 17:52:14,447 [EventQueue-StaleNodeForStaleNodeHandler] INFO  node.StaleNodeHandler (StaleNodeHandler.java:onMessage(58)) - Datanode 9638bbdb-f358-46da-a109-5d5ce44b258d{ip: 192.168.164.197, host: pr-hdds-2210-qxppt-2300642653, networkLocation: /default-rack, certSerialId: null} moved to stale state. Finalizing its pipelines [PipelineID=0710675e-85e2-4e7b-973d-cdcc760375fc, PipelineID=1b3b987f-3e05-4ad2-9f11-7223cd6ebbf6]
2019-10-01 17:52:14,447 [EventQueue-StaleNodeForStaleNodeHandler] INFO  pipeline.SCMPipelineManager (SCMPipelineManager.java:finalizeAndDestroyPipeline(315)) - destroying pipeline:Pipeline[ Id: 0710675e-85e2-4e7b-973d-cdcc760375fc, Nodes: 9638bbdb-f358-46da-a109-5d5ce44b258d{ip: 192.168.164.197, host: pr-hdds-2210-qxppt-2300642653, networkLocation: /default-rack, certSerialId: null}, Type:RATIS, Factor:ONE, State:OPEN]
2019-10-01 17:52:14,448 [EventQueue-StaleNodeForStaleNodeHandler] INFO  pipeline.PipelineStateManager (PipelineStateManager.java:finalizePipeline(123)) - Pipeline Pipeline[ Id: 0710675e-85e2-4e7b-973d-cdcc760375fc, Nodes: 9638bbdb-f358-46da-a109-5d5ce44b258d{ip: 192.168.164.197, host: pr-hdds-2210-qxppt-2300642653, networkLocation: /default-rack, certSerialId: null}, Type:RATIS, Factor:ONE, State:CLOSED] moved to CLOSED state
2019-10-01 17:52:14,448 [EventQueue-StaleNodeForStaleNodeHandler] INFO  pipeline.SCMPipelineManager (SCMPipelineManager.java:finalizeAndDestroyPipeline(315)) - destroying pipeline:Pipeline[ Id: 1b3b987f-3e05-4ad2-9f11-7223cd6ebbf6, Nodes: 9638bbdb-f358-46da-a109-5d5ce44b258d{ip: 192.168.164.197, host: pr-hdds-2210-qxppt-2300642653, networkLocation: /default-rack, certSerialId: null}e5e267b4-3479-43eb-bd9d-fb4a825b0ce3{ip: 192.168.164.197, host: pr-hdds-2210-qxppt-2300642653, networkLocation: /default-rack, certSerialId: null}666f51dd-cd6a-4e5d-b5c7-6cf843438a06{ip: 192.168.164.197, host: pr-hdds-2210-qxppt-2300642653, networkLocation: /default-rack, certSerialId: null}, Type:RATIS, Factor:THREE, State:CLOSED]
2019-10-01 17:52:14,769 [main] INFO  ozoneimpl.OzoneContainer (OzoneContainer.java:stop(231)) - Attempting to stop container services.
2019-10-01 17:52:14,770 [main] INFO  impl.RaftServerProxy (RaftServerProxy.java:lambda$close$4(314)) - e3b58b45-da1c-4e2f-8089-db0d67210d22: close
2019-10-01 17:52:14,773 [main] INFO  server.GrpcService (GrpcService.java:closeImpl(164)) - e3b58b45-da1c-4e2f-8089-db0d67210d22: shutdown server with port 40334 now
2019-10-01 17:52:14,774 [main] INFO  server.GrpcService (GrpcService.java:closeImpl(172)) - e3b58b45-da1c-4e2f-8089-db0d67210d22: shutdown server with port 40334 successfully
2019-10-01 17:52:14,780 [refreshUsed-/workdir/hadoop-ozone/integration-test/target/test-dir/MiniOzoneClusterImpl-3fcc1c04-dad3-4429-8828-bc655c6a986b/datanode-6/data/containers] WARN  fs.CachingGetSpaceUsed (CachingGetSpaceUsed.java:run(183)) - Thread Interrupted waiting to refresh disk information: sleep interrupted
2019-10-01 17:52:14,784 [ForkJoinPool.commonPool-worker-1] INFO  ozoneimpl.OzoneContainer (OzoneContainer.java:stop(231)) - Attempting to stop container services.
2019-10-01 17:52:14,784 [ForkJoinPool.commonPool-worker-1] INFO  impl.RaftServerProxy (RaftServerProxy.java:lambda$close$4(314)) - 9638bbdb-f358-46da-a109-5d5ce44b258d: close
2019-10-01 17:52:14,785 [ForkJoinPool.commonPool-worker-1] INFO  impl.RaftServerImpl (RaftServerImpl.java:lambda$shutdown$3(247)) - 9638bbdb-f358-46da-a109-5d5ce44b258d@group-CDCC760375FC: shutdown
2019-10-01 17:52:14,785 [ForkJoinPool.commonPool-worker-1] INFO  util.JmxRegister (JmxRegister.java:unregister(73)) - Successfully un-registered JMX Bean with object name Ratis:service=RaftServer,group=group-CDCC760375FC,id=9638bbdb-f358-46da-a109-5d5ce44b258d
2019-10-01 17:52:14,785 [ForkJoinPool.commonPool-worker-1] INFO  impl.RoleInfo (RoleInfo.java:shutdownLeaderState(104)) - 9638bbdb-f358-46da-a109-5d5ce44b258d: shutdown LeaderState
2019-10-01 17:52:14,786 [ForkJoinPool.commonPool-worker-1] INFO  impl.PendingRequests (PendingRequests.java:sendNotLeaderResponses(202)) - 9638bbdb-f358-46da-a109-5d5ce44b258d@group-CDCC760375FC-PendingRequests: sendNotLeaderResponses
2019-10-01 17:52:14,786 [ForkJoinPool.commonPool-worker-1] INFO  impl.StateMachineUpdater (StateMachineUpdater.java:stopAndJoin(136)) - 9638bbdb-f358-46da-a109-5d5ce44b258d@group-CDCC760375FC-StateMachineUpdater: set stopIndex = 0
2019-10-01 17:52:14,787 [ForkJoinPool.commonPool-worker-1] INFO  impl.RaftServerImpl (ServerState.java:close(387)) - 9638bbdb-f358-46da-a109-5d5ce44b258d@group-CDCC760375FC: closes. applyIndex: 0
2019-10-01 17:52:14,787 [9638bbdb-f358-46da-a109-5d5ce44b258d@group-CDCC760375FC-SegmentedRaftLogWorker] INFO  segmented.SegmentedRaftLogWorker (SegmentedRaftLogWorker.java:run(316)) - 9638bbdb-f358-46da-a109-5d5ce44b258d@group-CDCC760375FC-SegmentedRaftLogWorker was interrupted, exiting. There are 0 tasks remaining in the queue.
2019-10-01 17:52:14,788 [ForkJoinPool.commonPool-worker-1] INFO  segmented.SegmentedRaftLogWorker (SegmentedRaftLogWorker.java:close(224)) - 9638bbdb-f358-46da-a109-5d5ce44b258d@group-CDCC760375FC-SegmentedRaftLogWorker close()
2019-10-01 17:52:14,790 [ForkJoinPool.commonPool-worker-1] INFO  impl.RaftServerImpl (RaftServerImpl.java:lambda$shutdown$3(247)) - 9638bbdb-f358-46da-a109-5d5ce44b258d@group-7223CD6EBBF6: shutdown
2019-10-01 17:52:14,791 [ForkJoinPool.commonPool-worker-1] INFO  util.JmxRegister (JmxRegister.java:unregister(73)) - Successfully un-registered JMX Bean with object name Ratis:service=RaftServer,group=group-7223CD6EBBF6,id=9638bbdb-f358-46da-a109-5d5ce44b258d
2019-10-01 17:52:14,791 [ForkJoinPool.commonPool-worker-1] INFO  impl.RoleInfo (RoleInfo.java:shutdownFollowerState(121)) - 9638bbdb-f358-46da-a109-5d5ce44b258d: shutdown FollowerState
2019-10-01 17:52:14,791 [ForkJoinPool.commonPool-worker-1] INFO  impl.StateMachineUpdater (StateMachineUpdater.java:stopAndJoin(136)) - 9638bbdb-f358-46da-a109-5d5ce44b258d@group-7223CD6EBBF6-StateMachineUpdater: set stopIndex = 16
2019-10-01 17:52:14,791 [9638bbdb-f358-46da-a109-5d5ce44b258d@group-7223CD6EBBF6-StateMachineUpdater] INFO  ratis.ContainerStateMachine (ContainerStateMachine.java:takeSnapshot(293)) - group-7223CD6EBBF6: Taking a snapshot at:(t:1, i:14) file /workdir/hadoop-ozone/integration-test/target/test-dir/MiniOzoneClusterImpl-3fcc1c04-dad3-4429-8828-bc655c6a986b/datanode-5/data/ratis/1b3b987f-3e05-4ad2-9f11-7223cd6ebbf6/sm/snapshot.1_14
2019-10-01 17:52:14,791 [Thread-3179] INFO  impl.FollowerState (FollowerState.java:run(117)) - 9638bbdb-f358-46da-a109-5d5ce44b258d@group-7223CD6EBBF6-FollowerState was interrupted: java.lang.InterruptedException: sleep interrupted
2019-10-01 17:52:14,802 [main] INFO  utils.BackgroundService (BackgroundService.java:shutdown(148)) - Shutting down service BlockDeletingService
2019-10-01 17:52:14,805 [main] INFO  statemachine.DatanodeStateMachine (DatanodeStateMachine.java:stopDaemon(395)) - Ozone container server stopped.
2019-10-01 17:52:14,807 [main] INFO  handler.ContextHandler (ContextHandler.java:doStop(910)) - Stopped o.e.j.w.WebAppContext@787d1f9c{/,null,UNAVAILABLE}{/hddsDatanode}
2019-10-01 17:52:14,809 [main] INFO  server.AbstractConnector (AbstractConnector.java:doStop(318)) - Stopped ServerConnector@2becfd4c{HTTP/1.1,[http/1.1]}{0.0.0.0:0}
2019-10-01 17:52:14,810 [main] INFO  handler.ContextHandler (ContextHandler.java:doStop(910)) - Stopped o.e.j.s.ServletContextHandler@4d81e83a{/static,jar:file:/home/user/.m2/repository/org/apache/hadoop/hadoop-hdds-container-service/0.5.0-SNAPSHOT/hadoop-hdds-container-service-0.5.0-SNAPSHOT.jar!/webapps/static,UNAVAILABLE}
2019-10-01 17:52:14,810 [main] INFO  handler.ContextHandler (ContextHandler.java:doStop(910)) - Stopped o.e.j.s.ServletContextHandler@7eaa2bc6{/logs,file:///workdir/hadoop-ozone/integration-test/target/log,UNAVAILABLE}
2019-10-01 17:52:14,818 [9638bbdb-f358-46da-a109-5d5ce44b258d@group-7223CD6EBBF6-StateMachineUpdater] INFO  ratis.ContainerStateMachine (ContainerStateMachine.java:takeSnapshot(304)) - group-7223CD6EBBF6: Finished taking a snapshot at:(t:1, i:14) file:/workdir/hadoop-ozone/integration-test/target/test-dir/MiniOzoneClusterImpl-3fcc1c04-dad3-4429-8828-bc655c6a986b/datanode-5/data/ratis/1b3b987f-3e05-4ad2-9f11-7223cd6ebbf6/sm/snapshot.1_14 time:27
2019-10-01 17:52:14,818 [9638bbdb-f358-46da-a109-5d5ce44b258d@group-7223CD6EBBF6-StateMachineUpdater] INFO  impl.StateMachineUpdater (StateMachineUpdater.java:takeSnapshot(269)) - 9638bbdb-f358-46da-a109-5d5ce44b258d@group-7223CD6EBBF6-StateMachineUpdater: Took a snapshot at index 14
2019-10-01 17:52:14,818 [9638bbdb-f358-46da-a109-5d5ce44b258d@group-7223CD6EBBF6-StateMachineUpdater] INFO  impl.StateMachineUpdater (StateMachineUpdater.java:lambda$new$0(84)) - 9638bbdb-f358-46da-a109-5d5ce44b258d@group-7223CD6EBBF6-StateMachineUpdater: snapshotIndex: updateIncreasingly -1 -> 14
2019-10-01 17:52:14,819 [9638bbdb-f358-46da-a109-5d5ce44b258d@group-7223CD6EBBF6-StateMachineUpdater] INFO  ratis.ContainerStateMachine (ContainerStateMachine.java:takeSnapshot(293)) - group-7223CD6EBBF6: Taking a snapshot at:(t:1, i:14) file /workdir/hadoop-ozone/integration-test/target/test-dir/MiniOzoneClusterImpl-3fcc1c04-dad3-4429-8828-bc655c6a986b/datanode-5/data/ratis/1b3b987f-3e05-4ad2-9f11-7223cd6ebbf6/sm/snapshot.1_14
2019-10-01 17:52:14,831 [9638bbdb-f358-46da-a109-5d5ce44b258d@group-7223CD6EBBF6-StateMachineUpdater] INFO  ratis.ContainerStateMachine (ContainerStateMachine.java:takeSnapshot(304)) - group-7223CD6EBBF6: Finished taking a snapshot at:(t:1, i:14) file:/workdir/hadoop-ozone/integration-test/target/test-dir/MiniOzoneClusterImpl-3fcc1c04-dad3-4429-8828-bc655c6a986b/datanode-5/data/ratis/1b3b987f-3e05-4ad2-9f11-7223cd6ebbf6/sm/snapshot.1_14 time:12
2019-10-01 17:52:14,831 [9638bbdb-f358-46da-a109-5d5ce44b258d@group-7223CD6EBBF6-StateMachineUpdater] INFO  impl.StateMachineUpdater (StateMachineUpdater.java:takeSnapshot(269)) - 9638bbdb-f358-46da-a109-5d5ce44b258d@group-7223CD6EBBF6-StateMachineUpdater: Took a snapshot at index 14
2019-10-01 17:52:14,831 [9638bbdb-f358-46da-a109-5d5ce44b258d@group-7223CD6EBBF6-StateMachineUpdater] INFO  impl.StateMachineUpdater (StateMachineUpdater.java:lambda$new$0(84)) - 9638bbdb-f358-46da-a109-5d5ce44b258d@group-7223CD6EBBF6-StateMachineUpdater: snapshotIndex: updateIncreasingly 14 -> 14
2019-10-01 17:52:14,832 [ForkJoinPool.commonPool-worker-1] INFO  impl.RaftServerImpl (ServerState.java:close(387)) - 9638bbdb-f358-46da-a109-5d5ce44b258d@group-7223CD6EBBF6: closes. applyIndex: 16
2019-10-01 17:52:14,832 [9638bbdb-f358-46da-a109-5d5ce44b258d@group-7223CD6EBBF6-SegmentedRaftLogWorker] INFO  segmented.SegmentedRaftLogWorker (SegmentedRaftLogWorker.java:run(316)) - 9638bbdb-f358-46da-a109-5d5ce44b258d@group-7223CD6EBBF6-SegmentedRaftLogWorker was interrupted, exiting. There are 0 tasks remaining in the queue.
2019-10-01 17:52:14,833 [ForkJoinPool.commonPool-worker-1] INFO  segmented.SegmentedRaftLogWorker (SegmentedRaftLogWorker.java:close(224)) - 9638bbdb-f358-46da-a109-5d5ce44b258d@group-7223CD6EBBF6-SegmentedRaftLogWorker close()
2019-10-01 17:52:14,840 [ForkJoinPool.commonPool-worker-1] INFO  server.GrpcService (GrpcService.java:closeImpl(164)) - 9638bbdb-f358-46da-a109-5d5ce44b258d: shutdown server with port 35521 now
2019-10-01 17:52:14,841 [ForkJoinPool.commonPool-worker-1] INFO  server.GrpcService (GrpcService.java:closeImpl(172)) - 9638bbdb-f358-46da-a109-5d5ce44b258d: shutdown server with port 35521 successfully
2019-10-01 17:52:14,843 [refreshUsed-/workdir/hadoop-ozone/integration-test/target/test-dir/MiniOzoneClusterImpl-3fcc1c04-dad3-4429-8828-bc655c6a986b/datanode-5/data/containers] WARN  fs.CachingGetSpaceUsed (CachingGetSpaceUsed.java:run(183)) - Thread Interrupted waiting to refresh disk information: sleep interrupted
2019-10-01 17:52:14,863 [ForkJoinPool.commonPool-worker-1] INFO  utils.BackgroundService (BackgroundService.java:shutdown(148)) - Shutting down service BlockDeletingService
2019-10-01 17:52:14,867 [ForkJoinPool.commonPool-worker-1] INFO  statemachine.DatanodeStateMachine (DatanodeStateMachine.java:stopDaemon(395)) - Ozone container server stopped.
2019-10-01 17:52:14,870 [ForkJoinPool.commonPool-worker-1] INFO  handler.ContextHandler (ContextHandler.java:doStop(910)) - Stopped o.e.j.w.WebAppContext@71166348{/,null,UNAVAILABLE}{/hddsDatanode}
2019-10-01 17:52:14,871 [ForkJoinPool.commonPool-worker-1] INFO  server.AbstractConnector (AbstractConnector.java:doStop(318)) - Stopped ServerConnector@6d874695{HTTP/1.1,[http/1.1]}{0.0.0.0:0}
2019-10-01 17:52:14,872 [ForkJoinPool.commonPool-worker-1] INFO  handler.ContextHandler (ContextHandler.java:doStop(910)) - Stopped o.e.j.s.ServletContextHandler@7f0d8eff{/static,jar:file:/home/user/.m2/repository/org/apache/hadoop/hadoop-hdds-container-service/0.5.0-SNAPSHOT/hadoop-hdds-container-service-0.5.0-SNAPSHOT.jar!/webapps/static,UNAVAILABLE}
2019-10-01 17:52:14,873 [ForkJoinPool.commonPool-worker-1] INFO  handler.ContextHandler (ContextHandler.java:doStop(910)) - Stopped o.e.j.s.ServletContextHandler@222acad{/logs,file:///workdir/hadoop-ozone/integration-test/target/log,UNAVAILABLE}
2019-10-01 17:52:14,874 [main] INFO  ozone.MiniOzoneClusterImpl (MiniOzoneClusterImpl.java:stopSCM(392)) - Stopping the StorageContainerManager
2019-10-01 17:52:14,875 [main] INFO  server.StorageContainerManager (StorageContainerManager.java:stop(808)) - Stopping Replication Manager Service.
2019-10-01 17:52:14,875 [main] INFO  container.ReplicationManager (ReplicationManager.java:stop(203)) - Stopping Replication Monitor Thread.
2019-10-01 17:52:14,875 [main] INFO  server.StorageContainerManager (StorageContainerManager.java:stop(815)) - Stopping Lease Manager of the command watchers
2019-10-01 17:52:14,875 [main] INFO  server.StorageContainerManager (StorageContainerManager.java:stop(822)) - Stopping datanode service RPC server
2019-10-01 17:52:14,875 [main] INFO  server.SCMDatanodeProtocolServer (SCMDatanodeProtocolServer.java:stop(367)) - Stopping the RPC server for DataNodes
2019-10-01 17:52:14,876 [main] INFO  ipc.Server (Server.java:stop(3082)) - Stopping server on 46767
2019-10-01 17:52:14,879 [IPC Server listener on 46767] INFO  ipc.Server (Server.java:run(1185)) - Stopping IPC Server listener on 46767
2019-10-01 17:52:14,879 [IPC Server Responder] INFO  ipc.Server (Server.java:run(1319)) - Stopping IPC Server Responder
2019-10-01 17:52:14,947 [SCM Heartbeat Processing Thread - 0] WARN  node.NodeStateManager (NodeStateManager.java:scheduleNextHealthCheck(646)) - Current Thread is interrupted, shutting down HB processing thread for Node Manager.
2019-10-01 17:52:14,947 [main] INFO  server.StorageContainerManager (StorageContainerManager.java:stop(830)) - Stopping block service RPC server
2019-10-01 17:52:14,948 [main] INFO  server.SCMBlockProtocolServer (SCMBlockProtocolServer.java:stop(155)) - Stopping the RPC server for Block Protocol
2019-10-01 17:52:14,948 [main] INFO  ipc.Server (Server.java:stop(3082)) - Stopping server on 36579
2019-10-01 17:52:14,950 [IPC Server listener on 36579] INFO  ipc.Server (Server.java:run(1185)) - Stopping IPC Server listener on 36579
2019-10-01 17:52:14,950 [main] INFO  server.StorageContainerManager (StorageContainerManager.java:stop(837)) - Stopping the StorageContainerLocationProtocol RPC server
2019-10-01 17:52:14,950 [main] INFO  server.SCMClientProtocolServer (SCMClientProtocolServer.java:stop(158)) - Stopping the RPC server for Client Protocol
2019-10-01 17:52:14,952 [IPC Server Responder] INFO  ipc.Server (Server.java:run(1319)) - Stopping IPC Server Responder
2019-10-01 17:52:14,952 [main] INFO  ipc.Server (Server.java:stop(3082)) - Stopping server on 40544
2019-10-01 17:52:14,954 [IPC Server listener on 40544] INFO  ipc.Server (Server.java:run(1185)) - Stopping IPC Server listener on 40544
2019-10-01 17:52:14,954 [main] INFO  server.StorageContainerManager (StorageContainerManager.java:stop(844)) - Stopping Storage Container Manager HTTP server.
2019-10-01 17:52:14,954 [IPC Server Responder] INFO  ipc.Server (Server.java:run(1319)) - Stopping IPC Server Responder
2019-10-01 17:52:14,956 [main] INFO  handler.ContextHandler (ContextHandler.java:doStop(910)) - Stopped o.e.j.w.WebAppContext@787988f4{/,null,UNAVAILABLE}{/scm}
2019-10-01 17:52:14,956 [main] INFO  server.AbstractConnector (AbstractConnector.java:doStop(318)) - Stopped ServerConnector@132e3594{HTTP/1.1,[http/1.1]}{0.0.0.0:0}
2019-10-01 17:52:14,956 [main] INFO  handler.ContextHandler (ContextHandler.java:doStop(910)) - Stopped o.e.j.s.ServletContextHandler@20349058{/static,file:///workdir/hadoop-ozone/integration-test/target/test-classes/webapps/static,UNAVAILABLE}
2019-10-01 17:52:14,956 [main] INFO  handler.ContextHandler (ContextHandler.java:doStop(910)) - Stopped o.e.j.s.ServletContextHandler@2fd9fb34{/logs,file:///workdir/hadoop-ozone/integration-test/target/log,UNAVAILABLE}
2019-10-01 17:52:14,957 [main] INFO  server.StorageContainerManager (StorageContainerManager.java:stop(855)) - Stopping Block Manager Service.
2019-10-01 17:52:14,957 [main] INFO  utils.BackgroundService (BackgroundService.java:shutdown(148)) - Shutting down service SCMBlockDeletingService
2019-10-01 17:52:14,957 [main] INFO  utils.BackgroundService (BackgroundService.java:shutdown(148)) - Shutting down service SCMBlockDeletingService
2019-10-01 17:52:14,958 [main] INFO  server.StorageContainerManager (StorageContainerManager.java:stop(877)) - Stopping SCM Event Queue.
2019-10-01 17:52:14,961 [main] INFO  impl.MetricsSystemImpl (MetricsSystemImpl.java:stop(210)) - Stopping HddsDatanode metrics system...
2019-10-01 17:52:14,982 [main] INFO  impl.MetricsSystemImpl (MetricsSystemImpl.java:stop(216)) - HddsDatanode metrics system stopped.
]]></system-out>
  </testcase>
  <testcase name="testFailureWithPrimeSizedData" classname="org.apache.hadoop.ozone.client.rpc.TestBlockOutputStreamWithFailures" time="33.621"/>
  <testcase name="testWatchForCommitWithCloseContainerException" classname="org.apache.hadoop.ozone.client.rpc.TestBlockOutputStreamWithFailures" time="33.908"/>
  <testcase name="testExceptionDuringClose" classname="org.apache.hadoop.ozone.client.rpc.TestBlockOutputStreamWithFailures" time="33.763"/>
</testsuite>