<?xml version="1.0" encoding="UTF-8"?>
<testsuite xmlns:xsi="http://www.w3.org/2001/XMLSchema-instance" xsi:noNamespaceSchemaLocation="https://maven.apache.org/surefire/maven-surefire-plugin/xsd/surefire-test-report.xsd" name="org.apache.hadoop.ozone.client.rpc.TestWatchForCommit" time="237.393" tests="5" errors="1" skipped="0" failures="0">
  <properties>
    <property name="awt.toolkit" value="sun.awt.X11.XToolkit"/>
    <property name="file.encoding.pkg" value="sun.io"/>
    <property name="java.specification.version" value="1.8"/>
    <property name="sun.cpu.isalist" value=""/>
    <property name="sun.jnu.encoding" value="UTF-8"/>
    <property name="java.class.path" value="/workdir/hadoop-ozone/integration-test/target/test-classes:/workdir/hadoop-ozone/integration-test/target/classes:/home/user/.m2/repository/org/apache/hadoop/hadoop-ozone-common/0.5.0-SNAPSHOT/hadoop-ozone-common-0.5.0-SNAPSHOT.jar:/home/user/.m2/repository/org/apache/commons/commons-compress/1.4.1/commons-compress-1.4.1.jar:/home/user/.m2/repository/org/tukaani/xz/1.0/xz-1.0.jar:/home/user/.m2/repository/org/apache/hadoop/hadoop-common/3.2.0/hadoop-common-3.2.0.jar:/home/user/.m2/repository/org/apache/hadoop/hadoop-hdfs/3.2.0/hadoop-hdfs-3.2.0.jar:/home/user/.m2/repository/org/apache/hadoop/hadoop-hdfs-client/3.2.0/hadoop-hdfs-client-3.2.0.jar:/home/user/.m2/repository/com/fasterxml/jackson/core/jackson-annotations/2.9.9/jackson-annotations-2.9.9.jar:/home/user/.m2/repository/org/apache/hadoop/hadoop-hdds-common/0.5.0-SNAPSHOT/hadoop-hdds-common-0.5.0-SNAPSHOT.jar:/home/user/.m2/repository/javax/annotation/javax.annotation-api/1.2/javax.annotation-api-1.2.jar:/home/user/.m2/repository/org/apache/ratis/ratis-server/0.5.0-201fc85-SNAPSHOT/ratis-server-0.5.0-201fc85-SNAPSHOT.jar:/home/user/.m2/repository/org/apache/ratis/ratis-thirdparty-misc/0.2.0/ratis-thirdparty-misc-0.2.0.jar:/home/user/.m2/repository/org/apache/ratis/ratis-proto/0.5.0-201fc85-SNAPSHOT/ratis-proto-0.5.0-201fc85-SNAPSHOT.jar:/home/user/.m2/repository/org/apache/ratis/ratis-common/0.5.0-201fc85-SNAPSHOT/ratis-common-0.5.0-201fc85-SNAPSHOT.jar:/home/user/.m2/repository/org/apache/ratis/ratis-client/0.5.0-201fc85-SNAPSHOT/ratis-client-0.5.0-201fc85-SNAPSHOT.jar:/home/user/.m2/repository/org/apache/ratis/ratis-metrics/0.5.0-201fc85-SNAPSHOT/ratis-metrics-0.5.0-201fc85-SNAPSHOT.jar:/home/user/.m2/repository/com/github/joshelser/dropwizard-metrics-hadoop-metrics2-reporter/0.1.2/dropwizard-metrics-hadoop-metrics2-reporter-0.1.2.jar:/home/user/.m2/repository/io/dropwizard/metrics/metrics-jvm/3.2.5/metrics-jvm-3.2.5.jar:/home/user/.m2/repository/io/dropwizard/metrics/metrics-ganglia/3.2.5/metrics-ganglia-3.2.5.jar:/home/user/.m2/repository/info/ganglia/gmetric4j/gmetric4j/1.0.7/gmetric4j-1.0.7.jar:/home/user/.m2/repository/org/apache/ratis/ratis-netty/0.5.0-201fc85-SNAPSHOT/ratis-netty-0.5.0-201fc85-SNAPSHOT.jar:/home/user/.m2/repository/org/apache/ratis/ratis-grpc/0.5.0-201fc85-SNAPSHOT/ratis-grpc-0.5.0-201fc85-SNAPSHOT.jar:/home/user/.m2/repository/org/rocksdb/rocksdbjni/6.0.1/rocksdbjni-6.0.1.jar:/home/user/.m2/repository/org/apache/logging/log4j/log4j-api/2.11.0/log4j-api-2.11.0.jar:/home/user/.m2/repository/org/apache/logging/log4j/log4j-core/2.11.0/log4j-core-2.11.0.jar:/home/user/.m2/repository/com/lmax/disruptor/3.4.2/disruptor-3.4.2.jar:/home/user/.m2/repository/org/apache/commons/commons-pool2/2.6.0/commons-pool2-2.6.0.jar:/home/user/.m2/repository/org/bouncycastle/bcpkix-jdk15on/1.60/bcpkix-jdk15on-1.60.jar:/home/user/.m2/repository/commons-validator/commons-validator/1.6/commons-validator-1.6.jar:/home/user/.m2/repository/commons-digester/commons-digester/1.8.1/commons-digester-1.8.1.jar:/home/user/.m2/repository/io/jaegertracing/jaeger-client/0.34.0/jaeger-client-0.34.0.jar:/home/user/.m2/repository/io/jaegertracing/jaeger-thrift/0.34.0/jaeger-thrift-0.34.0.jar:/home/user/.m2/repository/org/apache/thrift/libthrift/0.12.0/libthrift-0.12.0.jar:/home/user/.m2/repository/com/squareup/okhttp3/okhttp/3.9.0/okhttp-3.9.0.jar:/home/user/.m2/repository/com/squareup/okio/okio/1.13.0/okio-1.13.0.jar:/home/user/.m2/repository/io/jaegertracing/jaeger-core/0.34.0/jaeger-core-0.34.0.jar:/home/user/.m2/repository/io/jaegertracing/jaeger-tracerresolver/0.34.0/jaeger-tracerresolver-0.34.0.jar:/home/user/.m2/repository/io/opentracing/contrib/opentracing-tracerresolver/0.1.5/opentracing-tracerresolver-0.1.5.jar:/home/user/.m2/repository/io/opentracing/opentracing-util/0.31.0/opentracing-util-0.31.0.jar:/home/user/.m2/repository/io/opentracing/opentracing-api/0.31.0/opentracing-api-0.31.0.jar:/home/user/.m2/repository/io/opentracing/opentracing-noop/0.31.0/opentracing-noop-0.31.0.jar:/home/user/.m2/repository/org/apache/hadoop/hadoop-hdds-server-framework/0.5.0-SNAPSHOT/hadoop-hdds-server-framework-0.5.0-SNAPSHOT.jar:/home/user/.m2/repository/org/apache/hadoop/hadoop-hdds-container-service/0.5.0-SNAPSHOT/hadoop-hdds-container-service-0.5.0-SNAPSHOT.jar:/home/user/.m2/repository/org/apache/hadoop/hadoop-hdds-client/0.5.0-SNAPSHOT/hadoop-hdds-client-0.5.0-SNAPSHOT.jar:/home/user/.m2/repository/org/apache/hadoop/hadoop-hdds-tools/0.5.0-SNAPSHOT/hadoop-hdds-tools-0.5.0-SNAPSHOT.jar:/home/user/.m2/repository/org/apache/hadoop/hadoop-hdds-server-scm/0.5.0-SNAPSHOT/hadoop-hdds-server-scm-0.5.0-SNAPSHOT.jar:/home/user/.m2/repository/org/apache/hadoop/hadoop-hdds-docs/0.5.0-SNAPSHOT/hadoop-hdds-docs-0.5.0-SNAPSHOT.jar:/home/user/.m2/repository/io/dropwizard/metrics/metrics-core/3.2.4/metrics-core-3.2.4.jar:/home/user/.m2/repository/org/hamcrest/hamcrest-all/1.3/hamcrest-all-1.3.jar:/home/user/.m2/repository/org/bouncycastle/bcprov-jdk15on/1.60/bcprov-jdk15on-1.60.jar:/home/user/.m2/repository/info/picocli/picocli/3.9.6/picocli-3.9.6.jar:/home/user/.m2/repository/com/google/protobuf/protobuf-java/2.5.0/protobuf-java-2.5.0.jar:/home/user/.m2/repository/com/google/guava/guava/11.0.2/guava-11.0.2.jar:/home/user/.m2/repository/org/apache/hadoop/hadoop-ozone-ozone-manager/0.5.0-SNAPSHOT/hadoop-ozone-ozone-manager-0.5.0-SNAPSHOT.jar:/home/user/.m2/repository/org/apache/hadoop/hadoop-minikdc/3.2.0/hadoop-minikdc-3.2.0.jar:/home/user/.m2/repository/commons-io/commons-io/2.5/commons-io-2.5.jar:/home/user/.m2/repository/org/apache/kerby/kerb-simplekdc/1.0.1/kerb-simplekdc-1.0.1.jar:/home/user/.m2/repository/org/apache/kerby/kerb-client/1.0.1/kerb-client-1.0.1.jar:/home/user/.m2/repository/org/apache/kerby/kerby-config/1.0.1/kerby-config-1.0.1.jar:/home/user/.m2/repository/org/apache/kerby/kerb-core/1.0.1/kerb-core-1.0.1.jar:/home/user/.m2/repository/org/apache/kerby/kerby-pkix/1.0.1/kerby-pkix-1.0.1.jar:/home/user/.m2/repository/org/apache/kerby/kerby-asn1/1.0.1/kerby-asn1-1.0.1.jar:/home/user/.m2/repository/org/apache/kerby/kerby-util/1.0.1/kerby-util-1.0.1.jar:/home/user/.m2/repository/org/apache/kerby/kerb-common/1.0.1/kerb-common-1.0.1.jar:/home/user/.m2/repository/org/apache/kerby/kerb-crypto/1.0.1/kerb-crypto-1.0.1.jar:/home/user/.m2/repository/org/apache/kerby/kerb-util/1.0.1/kerb-util-1.0.1.jar:/home/user/.m2/repository/org/apache/kerby/token-provider/1.0.1/token-provider-1.0.1.jar:/home/user/.m2/repository/org/apache/kerby/kerb-admin/1.0.1/kerb-admin-1.0.1.jar:/home/user/.m2/repository/org/apache/kerby/kerb-server/1.0.1/kerb-server-1.0.1.jar:/home/user/.m2/repository/org/apache/kerby/kerb-identity/1.0.1/kerb-identity-1.0.1.jar:/home/user/.m2/repository/org/apache/kerby/kerby-xdr/1.0.1/kerby-xdr-1.0.1.jar:/home/user/.m2/repository/org/slf4j/slf4j-log4j12/1.7.25/slf4j-log4j12-1.7.25.jar:/home/user/.m2/repository/org/apache/hadoop/hadoop-ozone-s3gateway/0.5.0-SNAPSHOT/hadoop-ozone-s3gateway-0.5.0-SNAPSHOT.jar:/home/user/.m2/repository/org/jboss/weld/servlet/weld-servlet/2.4.7.Final/weld-servlet-2.4.7.Final.jar:/home/user/.m2/repository/org/glassfish/jersey/containers/jersey-container-servlet-core/2.27/jersey-container-servlet-core-2.27.jar:/home/user/.m2/repository/org/glassfish/hk2/external/javax.inject/2.5.0-b42/javax.inject-2.5.0-b42.jar:/home/user/.m2/repository/org/glassfish/jersey/core/jersey-common/2.27/jersey-common-2.27.jar:/home/user/.m2/repository/org/glassfish/hk2/osgi-resource-locator/1.0.1/osgi-resource-locator-1.0.1.jar:/home/user/.m2/repository/javax/ws/rs/javax.ws.rs-api/2.1/javax.ws.rs-api-2.1.jar:/home/user/.m2/repository/org/glassfish/jersey/ext/cdi/jersey-cdi1x/2.27/jersey-cdi1x-2.27.jar:/home/user/.m2/repository/org/glassfish/jersey/inject/jersey-hk2/2.27/jersey-hk2-2.27.jar:/home/user/.m2/repository/org/glassfish/hk2/hk2-locator/2.5.0-b42/hk2-locator-2.5.0-b42.jar:/home/user/.m2/repository/org/javassist/javassist/3.22.0-CR2/javassist-3.22.0-CR2.jar:/home/user/.m2/repository/org/glassfish/hk2/hk2-api/2.5.0/hk2-api-2.5.0.jar:/home/user/.m2/repository/org/glassfish/hk2/external/jakarta.inject/2.5.0/jakarta.inject-2.5.0.jar:/home/user/.m2/repository/org/glassfish/hk2/hk2-utils/2.5.0/hk2-utils-2.5.0.jar:/home/user/.m2/repository/jakarta/annotation/jakarta.annotation-api/1.3.4/jakarta.annotation-api-1.3.4.jar:/home/user/.m2/repository/org/glassfish/hk2/external/aopalliance-repackaged/2.5.0/aopalliance-repackaged-2.5.0.jar:/home/user/.m2/repository/com/fasterxml/jackson/dataformat/jackson-dataformat-xml/2.9.0/jackson-dataformat-xml-2.9.0.jar:/home/user/.m2/repository/com/fasterxml/jackson/core/jackson-core/2.9.9/jackson-core-2.9.9.jar:/home/user/.m2/repository/com/fasterxml/jackson/module/jackson-module-jaxb-annotations/2.9.9/jackson-module-jaxb-annotations-2.9.9.jar:/home/user/.m2/repository/javax/enterprise/cdi-api/1.2/cdi-api-1.2.jar:/home/user/.m2/repository/javax/el/javax.el-api/3.0.0/javax.el-api-3.0.0.jar:/home/user/.m2/repository/javax/interceptor/javax.interceptor-api/1.2/javax.interceptor-api-1.2.jar:/home/user/.m2/repository/javax/inject/javax.inject/1/javax.inject-1.jar:/home/user/.m2/repository/com/sun/xml/bind/jaxb-impl/2.3.0.1/jaxb-impl-2.3.0.1.jar:/home/user/.m2/repository/com/sun/xml/bind/jaxb-core/2.3.0.1/jaxb-core-2.3.0.1.jar:/home/user/.m2/repository/javax/xml/bind/jaxb-api/2.3.0/jaxb-api-2.3.0.jar:/home/user/.m2/repository/javax/activation/activation/1.1.1/activation-1.1.1.jar:/home/user/.m2/repository/org/apache/hadoop/hadoop-ozone-csi/0.5.0-SNAPSHOT/hadoop-ozone-csi-0.5.0-SNAPSHOT.jar:/home/user/.m2/repository/com/google/protobuf/protobuf-java-util/3.5.1/protobuf-java-util-3.5.1.jar:/home/user/.m2/repository/org/apache/hadoop/hadoop-hdds-config/0.5.0-SNAPSHOT/hadoop-hdds-config-0.5.0-SNAPSHOT.jar:/home/user/.m2/repository/io/grpc/grpc-netty/1.17.1/grpc-netty-1.17.1.jar:/home/user/.m2/repository/io/grpc/grpc-core/1.17.1/grpc-core-1.17.1.jar:/home/user/.m2/repository/io/grpc/grpc-context/1.17.1/grpc-context-1.17.1.jar:/home/user/.m2/repository/com/google/errorprone/error_prone_annotations/2.2.0/error_prone_annotations-2.2.0.jar:/home/user/.m2/repository/org/codehaus/mojo/animal-sniffer-annotations/1.17/animal-sniffer-annotations-1.17.jar:/home/user/.m2/repository/io/opencensus/opencensus-api/0.17.0/opencensus-api-0.17.0.jar:/home/user/.m2/repository/io/opencensus/opencensus-contrib-grpc-metrics/0.17.0/opencensus-contrib-grpc-metrics-0.17.0.jar:/home/user/.m2/repository/io/netty/netty-codec-http2/4.1.30.Final/netty-codec-http2-4.1.30.Final.jar:/home/user/.m2/repository/io/netty/netty-codec-http/4.1.30.Final/netty-codec-http-4.1.30.Final.jar:/home/user/.m2/repository/io/netty/netty-codec/4.1.30.Final/netty-codec-4.1.30.Final.jar:/home/user/.m2/repository/io/netty/netty-handler/4.1.30.Final/netty-handler-4.1.30.Final.jar:/home/user/.m2/repository/io/netty/netty-handler-proxy/4.1.30.Final/netty-handler-proxy-4.1.30.Final.jar:/home/user/.m2/repository/io/netty/netty-codec-socks/4.1.30.Final/netty-codec-socks-4.1.30.Final.jar:/home/user/.m2/repository/io/netty/netty-transport-native-epoll/4.1.30.Final/netty-transport-native-epoll-4.1.30.Final.jar:/home/user/.m2/repository/io/netty/netty-common/4.1.30.Final/netty-common-4.1.30.Final.jar:/home/user/.m2/repository/io/netty/netty-buffer/4.1.30.Final/netty-buffer-4.1.30.Final.jar:/home/user/.m2/repository/io/netty/netty-transport/4.1.30.Final/netty-transport-4.1.30.Final.jar:/home/user/.m2/repository/io/netty/netty-resolver/4.1.30.Final/netty-resolver-4.1.30.Final.jar:/home/user/.m2/repository/io/netty/netty-transport-native-unix-common/4.1.30.Final/netty-transport-native-unix-common-4.1.30.Final.jar:/home/user/.m2/repository/io/grpc/grpc-protobuf/1.17.1/grpc-protobuf-1.17.1.jar:/home/user/.m2/repository/com/google/api/grpc/proto-google-common-protos/1.0.0/proto-google-common-protos-1.0.0.jar:/home/user/.m2/repository/io/grpc/grpc-protobuf-lite/1.17.1/grpc-protobuf-lite-1.17.1.jar:/home/user/.m2/repository/io/grpc/grpc-stub/1.17.1/grpc-stub-1.17.1.jar:/home/user/.m2/repository/org/apache/hadoop/hadoop-ozone-recon/0.5.0-SNAPSHOT/hadoop-ozone-recon-0.5.0-SNAPSHOT.jar:/home/user/.m2/repository/org/apache/hadoop/hadoop-ozone-reconcodegen/0.5.0-SNAPSHOT/hadoop-ozone-reconcodegen-0.5.0-SNAPSHOT.jar:/home/user/.m2/repository/com/google/inject/extensions/guice-multibindings/4.0/guice-multibindings-4.0.jar:/home/user/.m2/repository/com/google/inject/guice/4.0/guice-4.0.jar:/home/user/.m2/repository/aopalliance/aopalliance/1.0/aopalliance-1.0.jar:/home/user/.m2/repository/com/google/inject/extensions/guice-servlet/4.0/guice-servlet-4.0.jar:/home/user/.m2/repository/org/glassfish/jersey/containers/jersey-container-servlet/2.27/jersey-container-servlet-2.27.jar:/home/user/.m2/repository/org/glassfish/hk2/guice-bridge/2.5.0/guice-bridge-2.5.0.jar:/home/user/.m2/repository/org/glassfish/jersey/core/jersey-server/2.27/jersey-server-2.27.jar:/home/user/.m2/repository/org/glassfish/jersey/core/jersey-client/2.27/jersey-client-2.27.jar:/home/user/.m2/repository/org/glassfish/jersey/media/jersey-media-jaxb/2.27/jersey-media-jaxb-2.27.jar:/home/user/.m2/repository/javax/validation/validation-api/1.1.0.Final/validation-api-1.1.0.Final.jar:/home/user/.m2/repository/org/glassfish/jersey/media/jersey-media-json-jackson/2.27/jersey-media-json-jackson-2.27.jar:/home/user/.m2/repository/org/glassfish/jersey/ext/jersey-entity-filtering/2.27/jersey-entity-filtering-2.27.jar:/home/user/.m2/repository/com/google/inject/extensions/guice-assistedinject/4.0/guice-assistedinject-4.0.jar:/home/user/.m2/repository/org/jooq/jooq/3.11.10/jooq-3.11.10.jar:/home/user/.m2/repository/org/jooq/jooq-meta/3.11.10/jooq-meta-3.11.10.jar:/home/user/.m2/repository/org/jooq/jooq-codegen/3.11.10/jooq-codegen-3.11.10.jar:/home/user/.m2/repository/com/jolbox/bonecp/0.8.0.RELEASE/bonecp-0.8.0.RELEASE.jar:/home/user/.m2/repository/org/xerial/sqlite-jdbc/3.25.2/sqlite-jdbc-3.25.2.jar:/home/user/.m2/repository/org/springframework/spring-jdbc/5.1.3.RELEASE/spring-jdbc-5.1.3.RELEASE.jar:/home/user/.m2/repository/org/springframework/spring-beans/5.1.3.RELEASE/spring-beans-5.1.3.RELEASE.jar:/home/user/.m2/repository/org/springframework/spring-core/5.1.3.RELEASE/spring-core-5.1.3.RELEASE.jar:/home/user/.m2/repository/org/springframework/spring-jcl/5.1.3.RELEASE/spring-jcl-5.1.3.RELEASE.jar:/home/user/.m2/repository/org/springframework/spring-tx/5.1.3.RELEASE/spring-tx-5.1.3.RELEASE.jar:/home/user/.m2/repository/org/apache/hadoop/hadoop-ozone-client/0.5.0-SNAPSHOT/hadoop-ozone-client-0.5.0-SNAPSHOT.jar:/home/user/.m2/repository/commons-lang/commons-lang/2.6/commons-lang-2.6.jar:/home/user/.m2/repository/org/apache/hadoop/hadoop-ozone-ozone-manager/0.5.0-SNAPSHOT/hadoop-ozone-ozone-manager-0.5.0-SNAPSHOT-tests.jar:/home/user/.m2/repository/junit/junit/4.11/junit-4.11.jar:/home/user/.m2/repository/org/hamcrest/hamcrest-core/1.3/hamcrest-core-1.3.jar:/home/user/.m2/repository/org/openjdk/jmh/jmh-core/1.19/jmh-core-1.19.jar:/home/user/.m2/repository/net/sf/jopt-simple/jopt-simple/4.6/jopt-simple-4.6.jar:/home/user/.m2/repository/org/apache/commons/commons-math3/3.1.1/commons-math3-3.1.1.jar:/home/user/.m2/repository/org/openjdk/jmh/jmh-generator-annprocess/1.19/jmh-generator-annprocess-1.19.jar:/home/user/.m2/repository/org/mockito/mockito-all/1.8.5/mockito-all-1.8.5.jar:/home/user/.m2/repository/org/apache/hadoop/hadoop-kms/3.2.0/hadoop-kms-3.2.0.jar:/home/user/.m2/repository/org/apache/hadoop/hadoop-auth/3.2.0/hadoop-auth-3.2.0.jar:/home/user/.m2/repository/com/nimbusds/nimbus-jose-jwt/4.41.1/nimbus-jose-jwt-4.41.1.jar:/home/user/.m2/repository/com/github/stephenc/jcip/jcip-annotations/1.0-1/jcip-annotations-1.0-1.jar:/home/user/.m2/repository/net/minidev/json-smart/2.3/json-smart-2.3.jar:/home/user/.m2/repository/net/minidev/accessors-smart/1.2/accessors-smart-1.2.jar:/home/user/.m2/repository/org/ow2/asm/asm/5.0.4/asm-5.0.4.jar:/home/user/.m2/repository/org/apache/curator/curator-framework/2.12.0/curator-framework-2.12.0.jar:/home/user/.m2/repository/com/sun/jersey/jersey-core/1.19/jersey-core-1.19.jar:/home/user/.m2/repository/javax/ws/rs/jsr311-api/1.1.1/jsr311-api-1.1.1.jar:/home/user/.m2/repository/com/sun/jersey/jersey-server/1.19/jersey-server-1.19.jar:/home/user/.m2/repository/javax/servlet/javax.servlet-api/3.1.0/javax.servlet-api-3.1.0.jar:/home/user/.m2/repository/org/eclipse/jetty/jetty-server/9.3.25.v20180904/jetty-server-9.3.25.v20180904.jar:/home/user/.m2/repository/org/eclipse/jetty/jetty-http/9.3.25.v20180904/jetty-http-9.3.25.v20180904.jar:/home/user/.m2/repository/org/eclipse/jetty/jetty-io/9.3.25.v20180904/jetty-io-9.3.25.v20180904.jar:/home/user/.m2/repository/org/eclipse/jetty/jetty-webapp/9.3.25.v20180904/jetty-webapp-9.3.25.v20180904.jar:/home/user/.m2/repository/org/eclipse/jetty/jetty-xml/9.3.25.v20180904/jetty-xml-9.3.25.v20180904.jar:/home/user/.m2/repository/log4j/log4j/1.2.17/log4j-1.2.17.jar:/home/user/.m2/repository/org/slf4j/slf4j-api/1.7.25/slf4j-api-1.7.25.jar:/home/user/.m2/repository/org/slf4j/jul-to-slf4j/1.7.25/jul-to-slf4j-1.7.25.jar:/home/user/.m2/repository/org/eclipse/jetty/jetty-util/9.3.25.v20180904/jetty-util-9.3.25.v20180904.jar:/home/user/.m2/repository/com/fasterxml/jackson/core/jackson-databind/2.9.9/jackson-databind-2.9.9.jar:/home/user/.m2/repository/org/apache/hadoop/hadoop-kms/3.2.0/hadoop-kms-3.2.0-tests.jar:/home/user/.m2/repository/org/apache/hadoop/hadoop-hdds-server-scm/0.5.0-SNAPSHOT/hadoop-hdds-server-scm-0.5.0-SNAPSHOT-tests.jar:/home/user/.m2/repository/org/apache/hadoop/hadoop-hdds-container-service/0.5.0-SNAPSHOT/hadoop-hdds-container-service-0.5.0-SNAPSHOT-tests.jar:/home/user/.m2/repository/org/yaml/snakeyaml/1.16/snakeyaml-1.16.jar:/home/user/.m2/repository/org/apache/hadoop/hadoop-common/3.2.0/hadoop-common-3.2.0-tests.jar:/home/user/.m2/repository/org/apache/hadoop/hadoop-annotations/3.2.0/hadoop-annotations-3.2.0.jar:/usr/lib/jvm/java-1.8-openjdk/jre/../lib/tools.jar:/home/user/.m2/repository/commons-cli/commons-cli/1.2/commons-cli-1.2.jar:/home/user/.m2/repository/org/apache/httpcomponents/httpclient/4.5.2/httpclient-4.5.2.jar:/home/user/.m2/repository/org/apache/httpcomponents/httpcore/4.4.4/httpcore-4.4.4.jar:/home/user/.m2/repository/commons-codec/commons-codec/1.11/commons-codec-1.11.jar:/home/user/.m2/repository/commons-net/commons-net/3.6/commons-net-3.6.jar:/home/user/.m2/repository/commons-collections/commons-collections/3.2.2/commons-collections-3.2.2.jar:/home/user/.m2/repository/org/eclipse/jetty/jetty-servlet/9.3.25.v20180904/jetty-servlet-9.3.25.v20180904.jar:/home/user/.m2/repository/org/eclipse/jetty/jetty-security/9.3.25.v20180904/jetty-security-9.3.25.v20180904.jar:/home/user/.m2/repository/javax/servlet/jsp/jsp-api/2.1/jsp-api-2.1.jar:/home/user/.m2/repository/com/sun/jersey/jersey-servlet/1.19/jersey-servlet-1.19.jar:/home/user/.m2/repository/com/sun/jersey/jersey-json/1.19/jersey-json-1.19.jar:/home/user/.m2/repository/org/codehaus/jettison/jettison/1.1/jettison-1.1.jar:/home/user/.m2/repository/org/codehaus/jackson/jackson-core-asl/1.9.13/jackson-core-asl-1.9.13.jar:/home/user/.m2/repository/org/codehaus/jackson/jackson-mapper-asl/1.9.13/jackson-mapper-asl-1.9.13.jar:/home/user/.m2/repository/org/codehaus/jackson/jackson-jaxrs/1.9.13/jackson-jaxrs-1.9.13.jar:/home/user/.m2/repository/org/codehaus/jackson/jackson-xc/1.9.13/jackson-xc-1.9.13.jar:/home/user/.m2/repository/commons-logging/commons-logging/1.1.3/commons-logging-1.1.3.jar:/home/user/.m2/repository/commons-beanutils/commons-beanutils/1.9.4/commons-beanutils-1.9.4.jar:/home/user/.m2/repository/org/apache/commons/commons-configuration2/2.1.1/commons-configuration2-2.1.1.jar:/home/user/.m2/repository/org/apache/commons/commons-lang3/3.7/commons-lang3-3.7.jar:/home/user/.m2/repository/org/apache/commons/commons-text/1.4/commons-text-1.4.jar:/home/user/.m2/repository/org/apache/avro/avro/1.7.7/avro-1.7.7.jar:/home/user/.m2/repository/com/thoughtworks/paranamer/paranamer/2.3/paranamer-2.3.jar:/home/user/.m2/repository/org/xerial/snappy/snappy-java/1.0.5/snappy-java-1.0.5.jar:/home/user/.m2/repository/com/google/re2j/re2j/1.1/re2j-1.1.jar:/home/user/.m2/repository/com/google/code/gson/gson/2.2.4/gson-2.2.4.jar:/home/user/.m2/repository/com/jcraft/jsch/0.1.54/jsch-0.1.54.jar:/home/user/.m2/repository/org/apache/curator/curator-client/2.12.0/curator-client-2.12.0.jar:/home/user/.m2/repository/org/apache/curator/curator-recipes/2.12.0/curator-recipes-2.12.0.jar:/home/user/.m2/repository/com/google/code/findbugs/jsr305/3.0.0/jsr305-3.0.0.jar:/home/user/.m2/repository/org/apache/htrace/htrace-core4/4.1.0-incubating/htrace-core4-4.1.0-incubating.jar:/home/user/.m2/repository/org/apache/zookeeper/zookeeper/3.4.13/zookeeper-3.4.13.jar:/home/user/.m2/repository/jline/jline/0.9.94/jline-0.9.94.jar:/home/user/.m2/repository/org/apache/yetus/audience-annotations/0.5.0/audience-annotations-0.5.0.jar:/home/user/.m2/repository/org/codehaus/woodstox/stax2-api/3.1.4/stax2-api-3.1.4.jar:/home/user/.m2/repository/com/fasterxml/woodstox/woodstox-core/5.0.3/woodstox-core-5.0.3.jar:/home/user/.m2/repository/dnsjava/dnsjava/2.1.7/dnsjava-2.1.7.jar:/home/user/.m2/repository/org/apache/hadoop/hadoop-hdfs/3.2.0/hadoop-hdfs-3.2.0-tests.jar:/home/user/.m2/repository/org/eclipse/jetty/jetty-util-ajax/9.3.25.v20180904/jetty-util-ajax-9.3.25.v20180904.jar:/home/user/.m2/repository/commons-daemon/commons-daemon/1.0.13/commons-daemon-1.0.13.jar:/home/user/.m2/repository/io/netty/netty/3.10.5.Final/netty-3.10.5.Final.jar:/home/user/.m2/repository/io/netty/netty-all/4.0.52.Final/netty-all-4.0.52.Final.jar:/home/user/.m2/repository/org/fusesource/leveldbjni/leveldbjni-all/1.8/leveldbjni-all-1.8.jar:"/>
    <property name="java.vm.vendor" value="IcedTea"/>
    <property name="sun.arch.data.model" value="64"/>
    <property name="test.build.dir" value="/workdir/hadoop-ozone/integration-test/target/test-dir"/>
    <property name="test.cache.data" value=""/>
    <property name="java.vendor.url" value="https://icedtea.classpath.org"/>
    <property name="user.timezone" value=""/>
    <property name="java.vm.specification.version" value="1.8"/>
    <property name="os.name" value="Linux"/>
    <property name="test.build.data" value="/workdir/hadoop-ozone/integration-test/target/test-dir"/>
    <property name="user.country" value="US"/>
    <property name="sun.java.launcher" value="SUN_STANDARD"/>
    <property name="sun.boot.library.path" value="/usr/lib/jvm/java-1.8-openjdk/jre/lib/amd64"/>
    <property name="sun.java.command" value="/workdir/hadoop-ozone/integration-test/target/surefire/surefirebooter3806923039790298041.jar /workdir/hadoop-ozone/integration-test/target/surefire 2019-10-04T13-09-38_303-jvmRun1 surefire532636521164618053tmp surefire_555895151854318209756tmp"/>
    <property name="test" value="!TestMiniChaosOzoneCluster"/>
    <property name="surefire.test.class.path" value="/workdir/hadoop-ozone/integration-test/target/test-classes:/workdir/hadoop-ozone/integration-test/target/classes:/home/user/.m2/repository/org/apache/hadoop/hadoop-ozone-common/0.5.0-SNAPSHOT/hadoop-ozone-common-0.5.0-SNAPSHOT.jar:/home/user/.m2/repository/org/apache/commons/commons-compress/1.4.1/commons-compress-1.4.1.jar:/home/user/.m2/repository/org/tukaani/xz/1.0/xz-1.0.jar:/home/user/.m2/repository/org/apache/hadoop/hadoop-common/3.2.0/hadoop-common-3.2.0.jar:/home/user/.m2/repository/org/apache/hadoop/hadoop-hdfs/3.2.0/hadoop-hdfs-3.2.0.jar:/home/user/.m2/repository/org/apache/hadoop/hadoop-hdfs-client/3.2.0/hadoop-hdfs-client-3.2.0.jar:/home/user/.m2/repository/com/fasterxml/jackson/core/jackson-annotations/2.9.9/jackson-annotations-2.9.9.jar:/home/user/.m2/repository/org/apache/hadoop/hadoop-hdds-common/0.5.0-SNAPSHOT/hadoop-hdds-common-0.5.0-SNAPSHOT.jar:/home/user/.m2/repository/javax/annotation/javax.annotation-api/1.2/javax.annotation-api-1.2.jar:/home/user/.m2/repository/org/apache/ratis/ratis-server/0.5.0-201fc85-SNAPSHOT/ratis-server-0.5.0-201fc85-SNAPSHOT.jar:/home/user/.m2/repository/org/apache/ratis/ratis-thirdparty-misc/0.2.0/ratis-thirdparty-misc-0.2.0.jar:/home/user/.m2/repository/org/apache/ratis/ratis-proto/0.5.0-201fc85-SNAPSHOT/ratis-proto-0.5.0-201fc85-SNAPSHOT.jar:/home/user/.m2/repository/org/apache/ratis/ratis-common/0.5.0-201fc85-SNAPSHOT/ratis-common-0.5.0-201fc85-SNAPSHOT.jar:/home/user/.m2/repository/org/apache/ratis/ratis-client/0.5.0-201fc85-SNAPSHOT/ratis-client-0.5.0-201fc85-SNAPSHOT.jar:/home/user/.m2/repository/org/apache/ratis/ratis-metrics/0.5.0-201fc85-SNAPSHOT/ratis-metrics-0.5.0-201fc85-SNAPSHOT.jar:/home/user/.m2/repository/com/github/joshelser/dropwizard-metrics-hadoop-metrics2-reporter/0.1.2/dropwizard-metrics-hadoop-metrics2-reporter-0.1.2.jar:/home/user/.m2/repository/io/dropwizard/metrics/metrics-jvm/3.2.5/metrics-jvm-3.2.5.jar:/home/user/.m2/repository/io/dropwizard/metrics/metrics-ganglia/3.2.5/metrics-ganglia-3.2.5.jar:/home/user/.m2/repository/info/ganglia/gmetric4j/gmetric4j/1.0.7/gmetric4j-1.0.7.jar:/home/user/.m2/repository/org/apache/ratis/ratis-netty/0.5.0-201fc85-SNAPSHOT/ratis-netty-0.5.0-201fc85-SNAPSHOT.jar:/home/user/.m2/repository/org/apache/ratis/ratis-grpc/0.5.0-201fc85-SNAPSHOT/ratis-grpc-0.5.0-201fc85-SNAPSHOT.jar:/home/user/.m2/repository/org/rocksdb/rocksdbjni/6.0.1/rocksdbjni-6.0.1.jar:/home/user/.m2/repository/org/apache/logging/log4j/log4j-api/2.11.0/log4j-api-2.11.0.jar:/home/user/.m2/repository/org/apache/logging/log4j/log4j-core/2.11.0/log4j-core-2.11.0.jar:/home/user/.m2/repository/com/lmax/disruptor/3.4.2/disruptor-3.4.2.jar:/home/user/.m2/repository/org/apache/commons/commons-pool2/2.6.0/commons-pool2-2.6.0.jar:/home/user/.m2/repository/org/bouncycastle/bcpkix-jdk15on/1.60/bcpkix-jdk15on-1.60.jar:/home/user/.m2/repository/commons-validator/commons-validator/1.6/commons-validator-1.6.jar:/home/user/.m2/repository/commons-digester/commons-digester/1.8.1/commons-digester-1.8.1.jar:/home/user/.m2/repository/io/jaegertracing/jaeger-client/0.34.0/jaeger-client-0.34.0.jar:/home/user/.m2/repository/io/jaegertracing/jaeger-thrift/0.34.0/jaeger-thrift-0.34.0.jar:/home/user/.m2/repository/org/apache/thrift/libthrift/0.12.0/libthrift-0.12.0.jar:/home/user/.m2/repository/com/squareup/okhttp3/okhttp/3.9.0/okhttp-3.9.0.jar:/home/user/.m2/repository/com/squareup/okio/okio/1.13.0/okio-1.13.0.jar:/home/user/.m2/repository/io/jaegertracing/jaeger-core/0.34.0/jaeger-core-0.34.0.jar:/home/user/.m2/repository/io/jaegertracing/jaeger-tracerresolver/0.34.0/jaeger-tracerresolver-0.34.0.jar:/home/user/.m2/repository/io/opentracing/contrib/opentracing-tracerresolver/0.1.5/opentracing-tracerresolver-0.1.5.jar:/home/user/.m2/repository/io/opentracing/opentracing-util/0.31.0/opentracing-util-0.31.0.jar:/home/user/.m2/repository/io/opentracing/opentracing-api/0.31.0/opentracing-api-0.31.0.jar:/home/user/.m2/repository/io/opentracing/opentracing-noop/0.31.0/opentracing-noop-0.31.0.jar:/home/user/.m2/repository/org/apache/hadoop/hadoop-hdds-server-framework/0.5.0-SNAPSHOT/hadoop-hdds-server-framework-0.5.0-SNAPSHOT.jar:/home/user/.m2/repository/org/apache/hadoop/hadoop-hdds-container-service/0.5.0-SNAPSHOT/hadoop-hdds-container-service-0.5.0-SNAPSHOT.jar:/home/user/.m2/repository/org/apache/hadoop/hadoop-hdds-client/0.5.0-SNAPSHOT/hadoop-hdds-client-0.5.0-SNAPSHOT.jar:/home/user/.m2/repository/org/apache/hadoop/hadoop-hdds-tools/0.5.0-SNAPSHOT/hadoop-hdds-tools-0.5.0-SNAPSHOT.jar:/home/user/.m2/repository/org/apache/hadoop/hadoop-hdds-server-scm/0.5.0-SNAPSHOT/hadoop-hdds-server-scm-0.5.0-SNAPSHOT.jar:/home/user/.m2/repository/org/apache/hadoop/hadoop-hdds-docs/0.5.0-SNAPSHOT/hadoop-hdds-docs-0.5.0-SNAPSHOT.jar:/home/user/.m2/repository/io/dropwizard/metrics/metrics-core/3.2.4/metrics-core-3.2.4.jar:/home/user/.m2/repository/org/hamcrest/hamcrest-all/1.3/hamcrest-all-1.3.jar:/home/user/.m2/repository/org/bouncycastle/bcprov-jdk15on/1.60/bcprov-jdk15on-1.60.jar:/home/user/.m2/repository/info/picocli/picocli/3.9.6/picocli-3.9.6.jar:/home/user/.m2/repository/com/google/protobuf/protobuf-java/2.5.0/protobuf-java-2.5.0.jar:/home/user/.m2/repository/com/google/guava/guava/11.0.2/guava-11.0.2.jar:/home/user/.m2/repository/org/apache/hadoop/hadoop-ozone-ozone-manager/0.5.0-SNAPSHOT/hadoop-ozone-ozone-manager-0.5.0-SNAPSHOT.jar:/home/user/.m2/repository/org/apache/hadoop/hadoop-minikdc/3.2.0/hadoop-minikdc-3.2.0.jar:/home/user/.m2/repository/commons-io/commons-io/2.5/commons-io-2.5.jar:/home/user/.m2/repository/org/apache/kerby/kerb-simplekdc/1.0.1/kerb-simplekdc-1.0.1.jar:/home/user/.m2/repository/org/apache/kerby/kerb-client/1.0.1/kerb-client-1.0.1.jar:/home/user/.m2/repository/org/apache/kerby/kerby-config/1.0.1/kerby-config-1.0.1.jar:/home/user/.m2/repository/org/apache/kerby/kerb-core/1.0.1/kerb-core-1.0.1.jar:/home/user/.m2/repository/org/apache/kerby/kerby-pkix/1.0.1/kerby-pkix-1.0.1.jar:/home/user/.m2/repository/org/apache/kerby/kerby-asn1/1.0.1/kerby-asn1-1.0.1.jar:/home/user/.m2/repository/org/apache/kerby/kerby-util/1.0.1/kerby-util-1.0.1.jar:/home/user/.m2/repository/org/apache/kerby/kerb-common/1.0.1/kerb-common-1.0.1.jar:/home/user/.m2/repository/org/apache/kerby/kerb-crypto/1.0.1/kerb-crypto-1.0.1.jar:/home/user/.m2/repository/org/apache/kerby/kerb-util/1.0.1/kerb-util-1.0.1.jar:/home/user/.m2/repository/org/apache/kerby/token-provider/1.0.1/token-provider-1.0.1.jar:/home/user/.m2/repository/org/apache/kerby/kerb-admin/1.0.1/kerb-admin-1.0.1.jar:/home/user/.m2/repository/org/apache/kerby/kerb-server/1.0.1/kerb-server-1.0.1.jar:/home/user/.m2/repository/org/apache/kerby/kerb-identity/1.0.1/kerb-identity-1.0.1.jar:/home/user/.m2/repository/org/apache/kerby/kerby-xdr/1.0.1/kerby-xdr-1.0.1.jar:/home/user/.m2/repository/org/slf4j/slf4j-log4j12/1.7.25/slf4j-log4j12-1.7.25.jar:/home/user/.m2/repository/org/apache/hadoop/hadoop-ozone-s3gateway/0.5.0-SNAPSHOT/hadoop-ozone-s3gateway-0.5.0-SNAPSHOT.jar:/home/user/.m2/repository/org/jboss/weld/servlet/weld-servlet/2.4.7.Final/weld-servlet-2.4.7.Final.jar:/home/user/.m2/repository/org/glassfish/jersey/containers/jersey-container-servlet-core/2.27/jersey-container-servlet-core-2.27.jar:/home/user/.m2/repository/org/glassfish/hk2/external/javax.inject/2.5.0-b42/javax.inject-2.5.0-b42.jar:/home/user/.m2/repository/org/glassfish/jersey/core/jersey-common/2.27/jersey-common-2.27.jar:/home/user/.m2/repository/org/glassfish/hk2/osgi-resource-locator/1.0.1/osgi-resource-locator-1.0.1.jar:/home/user/.m2/repository/javax/ws/rs/javax.ws.rs-api/2.1/javax.ws.rs-api-2.1.jar:/home/user/.m2/repository/org/glassfish/jersey/ext/cdi/jersey-cdi1x/2.27/jersey-cdi1x-2.27.jar:/home/user/.m2/repository/org/glassfish/jersey/inject/jersey-hk2/2.27/jersey-hk2-2.27.jar:/home/user/.m2/repository/org/glassfish/hk2/hk2-locator/2.5.0-b42/hk2-locator-2.5.0-b42.jar:/home/user/.m2/repository/org/javassist/javassist/3.22.0-CR2/javassist-3.22.0-CR2.jar:/home/user/.m2/repository/org/glassfish/hk2/hk2-api/2.5.0/hk2-api-2.5.0.jar:/home/user/.m2/repository/org/glassfish/hk2/external/jakarta.inject/2.5.0/jakarta.inject-2.5.0.jar:/home/user/.m2/repository/org/glassfish/hk2/hk2-utils/2.5.0/hk2-utils-2.5.0.jar:/home/user/.m2/repository/jakarta/annotation/jakarta.annotation-api/1.3.4/jakarta.annotation-api-1.3.4.jar:/home/user/.m2/repository/org/glassfish/hk2/external/aopalliance-repackaged/2.5.0/aopalliance-repackaged-2.5.0.jar:/home/user/.m2/repository/com/fasterxml/jackson/dataformat/jackson-dataformat-xml/2.9.0/jackson-dataformat-xml-2.9.0.jar:/home/user/.m2/repository/com/fasterxml/jackson/core/jackson-core/2.9.9/jackson-core-2.9.9.jar:/home/user/.m2/repository/com/fasterxml/jackson/module/jackson-module-jaxb-annotations/2.9.9/jackson-module-jaxb-annotations-2.9.9.jar:/home/user/.m2/repository/javax/enterprise/cdi-api/1.2/cdi-api-1.2.jar:/home/user/.m2/repository/javax/el/javax.el-api/3.0.0/javax.el-api-3.0.0.jar:/home/user/.m2/repository/javax/interceptor/javax.interceptor-api/1.2/javax.interceptor-api-1.2.jar:/home/user/.m2/repository/javax/inject/javax.inject/1/javax.inject-1.jar:/home/user/.m2/repository/com/sun/xml/bind/jaxb-impl/2.3.0.1/jaxb-impl-2.3.0.1.jar:/home/user/.m2/repository/com/sun/xml/bind/jaxb-core/2.3.0.1/jaxb-core-2.3.0.1.jar:/home/user/.m2/repository/javax/xml/bind/jaxb-api/2.3.0/jaxb-api-2.3.0.jar:/home/user/.m2/repository/javax/activation/activation/1.1.1/activation-1.1.1.jar:/home/user/.m2/repository/org/apache/hadoop/hadoop-ozone-csi/0.5.0-SNAPSHOT/hadoop-ozone-csi-0.5.0-SNAPSHOT.jar:/home/user/.m2/repository/com/google/protobuf/protobuf-java-util/3.5.1/protobuf-java-util-3.5.1.jar:/home/user/.m2/repository/org/apache/hadoop/hadoop-hdds-config/0.5.0-SNAPSHOT/hadoop-hdds-config-0.5.0-SNAPSHOT.jar:/home/user/.m2/repository/io/grpc/grpc-netty/1.17.1/grpc-netty-1.17.1.jar:/home/user/.m2/repository/io/grpc/grpc-core/1.17.1/grpc-core-1.17.1.jar:/home/user/.m2/repository/io/grpc/grpc-context/1.17.1/grpc-context-1.17.1.jar:/home/user/.m2/repository/com/google/errorprone/error_prone_annotations/2.2.0/error_prone_annotations-2.2.0.jar:/home/user/.m2/repository/org/codehaus/mojo/animal-sniffer-annotations/1.17/animal-sniffer-annotations-1.17.jar:/home/user/.m2/repository/io/opencensus/opencensus-api/0.17.0/opencensus-api-0.17.0.jar:/home/user/.m2/repository/io/opencensus/opencensus-contrib-grpc-metrics/0.17.0/opencensus-contrib-grpc-metrics-0.17.0.jar:/home/user/.m2/repository/io/netty/netty-codec-http2/4.1.30.Final/netty-codec-http2-4.1.30.Final.jar:/home/user/.m2/repository/io/netty/netty-codec-http/4.1.30.Final/netty-codec-http-4.1.30.Final.jar:/home/user/.m2/repository/io/netty/netty-codec/4.1.30.Final/netty-codec-4.1.30.Final.jar:/home/user/.m2/repository/io/netty/netty-handler/4.1.30.Final/netty-handler-4.1.30.Final.jar:/home/user/.m2/repository/io/netty/netty-handler-proxy/4.1.30.Final/netty-handler-proxy-4.1.30.Final.jar:/home/user/.m2/repository/io/netty/netty-codec-socks/4.1.30.Final/netty-codec-socks-4.1.30.Final.jar:/home/user/.m2/repository/io/netty/netty-transport-native-epoll/4.1.30.Final/netty-transport-native-epoll-4.1.30.Final.jar:/home/user/.m2/repository/io/netty/netty-common/4.1.30.Final/netty-common-4.1.30.Final.jar:/home/user/.m2/repository/io/netty/netty-buffer/4.1.30.Final/netty-buffer-4.1.30.Final.jar:/home/user/.m2/repository/io/netty/netty-transport/4.1.30.Final/netty-transport-4.1.30.Final.jar:/home/user/.m2/repository/io/netty/netty-resolver/4.1.30.Final/netty-resolver-4.1.30.Final.jar:/home/user/.m2/repository/io/netty/netty-transport-native-unix-common/4.1.30.Final/netty-transport-native-unix-common-4.1.30.Final.jar:/home/user/.m2/repository/io/grpc/grpc-protobuf/1.17.1/grpc-protobuf-1.17.1.jar:/home/user/.m2/repository/com/google/api/grpc/proto-google-common-protos/1.0.0/proto-google-common-protos-1.0.0.jar:/home/user/.m2/repository/io/grpc/grpc-protobuf-lite/1.17.1/grpc-protobuf-lite-1.17.1.jar:/home/user/.m2/repository/io/grpc/grpc-stub/1.17.1/grpc-stub-1.17.1.jar:/home/user/.m2/repository/org/apache/hadoop/hadoop-ozone-recon/0.5.0-SNAPSHOT/hadoop-ozone-recon-0.5.0-SNAPSHOT.jar:/home/user/.m2/repository/org/apache/hadoop/hadoop-ozone-reconcodegen/0.5.0-SNAPSHOT/hadoop-ozone-reconcodegen-0.5.0-SNAPSHOT.jar:/home/user/.m2/repository/com/google/inject/extensions/guice-multibindings/4.0/guice-multibindings-4.0.jar:/home/user/.m2/repository/com/google/inject/guice/4.0/guice-4.0.jar:/home/user/.m2/repository/aopalliance/aopalliance/1.0/aopalliance-1.0.jar:/home/user/.m2/repository/com/google/inject/extensions/guice-servlet/4.0/guice-servlet-4.0.jar:/home/user/.m2/repository/org/glassfish/jersey/containers/jersey-container-servlet/2.27/jersey-container-servlet-2.27.jar:/home/user/.m2/repository/org/glassfish/hk2/guice-bridge/2.5.0/guice-bridge-2.5.0.jar:/home/user/.m2/repository/org/glassfish/jersey/core/jersey-server/2.27/jersey-server-2.27.jar:/home/user/.m2/repository/org/glassfish/jersey/core/jersey-client/2.27/jersey-client-2.27.jar:/home/user/.m2/repository/org/glassfish/jersey/media/jersey-media-jaxb/2.27/jersey-media-jaxb-2.27.jar:/home/user/.m2/repository/javax/validation/validation-api/1.1.0.Final/validation-api-1.1.0.Final.jar:/home/user/.m2/repository/org/glassfish/jersey/media/jersey-media-json-jackson/2.27/jersey-media-json-jackson-2.27.jar:/home/user/.m2/repository/org/glassfish/jersey/ext/jersey-entity-filtering/2.27/jersey-entity-filtering-2.27.jar:/home/user/.m2/repository/com/google/inject/extensions/guice-assistedinject/4.0/guice-assistedinject-4.0.jar:/home/user/.m2/repository/org/jooq/jooq/3.11.10/jooq-3.11.10.jar:/home/user/.m2/repository/org/jooq/jooq-meta/3.11.10/jooq-meta-3.11.10.jar:/home/user/.m2/repository/org/jooq/jooq-codegen/3.11.10/jooq-codegen-3.11.10.jar:/home/user/.m2/repository/com/jolbox/bonecp/0.8.0.RELEASE/bonecp-0.8.0.RELEASE.jar:/home/user/.m2/repository/org/xerial/sqlite-jdbc/3.25.2/sqlite-jdbc-3.25.2.jar:/home/user/.m2/repository/org/springframework/spring-jdbc/5.1.3.RELEASE/spring-jdbc-5.1.3.RELEASE.jar:/home/user/.m2/repository/org/springframework/spring-beans/5.1.3.RELEASE/spring-beans-5.1.3.RELEASE.jar:/home/user/.m2/repository/org/springframework/spring-core/5.1.3.RELEASE/spring-core-5.1.3.RELEASE.jar:/home/user/.m2/repository/org/springframework/spring-jcl/5.1.3.RELEASE/spring-jcl-5.1.3.RELEASE.jar:/home/user/.m2/repository/org/springframework/spring-tx/5.1.3.RELEASE/spring-tx-5.1.3.RELEASE.jar:/home/user/.m2/repository/org/apache/hadoop/hadoop-ozone-client/0.5.0-SNAPSHOT/hadoop-ozone-client-0.5.0-SNAPSHOT.jar:/home/user/.m2/repository/commons-lang/commons-lang/2.6/commons-lang-2.6.jar:/home/user/.m2/repository/org/apache/hadoop/hadoop-ozone-ozone-manager/0.5.0-SNAPSHOT/hadoop-ozone-ozone-manager-0.5.0-SNAPSHOT-tests.jar:/home/user/.m2/repository/junit/junit/4.11/junit-4.11.jar:/home/user/.m2/repository/org/hamcrest/hamcrest-core/1.3/hamcrest-core-1.3.jar:/home/user/.m2/repository/org/openjdk/jmh/jmh-core/1.19/jmh-core-1.19.jar:/home/user/.m2/repository/net/sf/jopt-simple/jopt-simple/4.6/jopt-simple-4.6.jar:/home/user/.m2/repository/org/apache/commons/commons-math3/3.1.1/commons-math3-3.1.1.jar:/home/user/.m2/repository/org/openjdk/jmh/jmh-generator-annprocess/1.19/jmh-generator-annprocess-1.19.jar:/home/user/.m2/repository/org/mockito/mockito-all/1.8.5/mockito-all-1.8.5.jar:/home/user/.m2/repository/org/apache/hadoop/hadoop-kms/3.2.0/hadoop-kms-3.2.0.jar:/home/user/.m2/repository/org/apache/hadoop/hadoop-auth/3.2.0/hadoop-auth-3.2.0.jar:/home/user/.m2/repository/com/nimbusds/nimbus-jose-jwt/4.41.1/nimbus-jose-jwt-4.41.1.jar:/home/user/.m2/repository/com/github/stephenc/jcip/jcip-annotations/1.0-1/jcip-annotations-1.0-1.jar:/home/user/.m2/repository/net/minidev/json-smart/2.3/json-smart-2.3.jar:/home/user/.m2/repository/net/minidev/accessors-smart/1.2/accessors-smart-1.2.jar:/home/user/.m2/repository/org/ow2/asm/asm/5.0.4/asm-5.0.4.jar:/home/user/.m2/repository/org/apache/curator/curator-framework/2.12.0/curator-framework-2.12.0.jar:/home/user/.m2/repository/com/sun/jersey/jersey-core/1.19/jersey-core-1.19.jar:/home/user/.m2/repository/javax/ws/rs/jsr311-api/1.1.1/jsr311-api-1.1.1.jar:/home/user/.m2/repository/com/sun/jersey/jersey-server/1.19/jersey-server-1.19.jar:/home/user/.m2/repository/javax/servlet/javax.servlet-api/3.1.0/javax.servlet-api-3.1.0.jar:/home/user/.m2/repository/org/eclipse/jetty/jetty-server/9.3.25.v20180904/jetty-server-9.3.25.v20180904.jar:/home/user/.m2/repository/org/eclipse/jetty/jetty-http/9.3.25.v20180904/jetty-http-9.3.25.v20180904.jar:/home/user/.m2/repository/org/eclipse/jetty/jetty-io/9.3.25.v20180904/jetty-io-9.3.25.v20180904.jar:/home/user/.m2/repository/org/eclipse/jetty/jetty-webapp/9.3.25.v20180904/jetty-webapp-9.3.25.v20180904.jar:/home/user/.m2/repository/org/eclipse/jetty/jetty-xml/9.3.25.v20180904/jetty-xml-9.3.25.v20180904.jar:/home/user/.m2/repository/log4j/log4j/1.2.17/log4j-1.2.17.jar:/home/user/.m2/repository/org/slf4j/slf4j-api/1.7.25/slf4j-api-1.7.25.jar:/home/user/.m2/repository/org/slf4j/jul-to-slf4j/1.7.25/jul-to-slf4j-1.7.25.jar:/home/user/.m2/repository/org/eclipse/jetty/jetty-util/9.3.25.v20180904/jetty-util-9.3.25.v20180904.jar:/home/user/.m2/repository/com/fasterxml/jackson/core/jackson-databind/2.9.9/jackson-databind-2.9.9.jar:/home/user/.m2/repository/org/apache/hadoop/hadoop-kms/3.2.0/hadoop-kms-3.2.0-tests.jar:/home/user/.m2/repository/org/apache/hadoop/hadoop-hdds-server-scm/0.5.0-SNAPSHOT/hadoop-hdds-server-scm-0.5.0-SNAPSHOT-tests.jar:/home/user/.m2/repository/org/apache/hadoop/hadoop-hdds-container-service/0.5.0-SNAPSHOT/hadoop-hdds-container-service-0.5.0-SNAPSHOT-tests.jar:/home/user/.m2/repository/org/yaml/snakeyaml/1.16/snakeyaml-1.16.jar:/home/user/.m2/repository/org/apache/hadoop/hadoop-common/3.2.0/hadoop-common-3.2.0-tests.jar:/home/user/.m2/repository/org/apache/hadoop/hadoop-annotations/3.2.0/hadoop-annotations-3.2.0.jar:/usr/lib/jvm/java-1.8-openjdk/jre/../lib/tools.jar:/home/user/.m2/repository/commons-cli/commons-cli/1.2/commons-cli-1.2.jar:/home/user/.m2/repository/org/apache/httpcomponents/httpclient/4.5.2/httpclient-4.5.2.jar:/home/user/.m2/repository/org/apache/httpcomponents/httpcore/4.4.4/httpcore-4.4.4.jar:/home/user/.m2/repository/commons-codec/commons-codec/1.11/commons-codec-1.11.jar:/home/user/.m2/repository/commons-net/commons-net/3.6/commons-net-3.6.jar:/home/user/.m2/repository/commons-collections/commons-collections/3.2.2/commons-collections-3.2.2.jar:/home/user/.m2/repository/org/eclipse/jetty/jetty-servlet/9.3.25.v20180904/jetty-servlet-9.3.25.v20180904.jar:/home/user/.m2/repository/org/eclipse/jetty/jetty-security/9.3.25.v20180904/jetty-security-9.3.25.v20180904.jar:/home/user/.m2/repository/javax/servlet/jsp/jsp-api/2.1/jsp-api-2.1.jar:/home/user/.m2/repository/com/sun/jersey/jersey-servlet/1.19/jersey-servlet-1.19.jar:/home/user/.m2/repository/com/sun/jersey/jersey-json/1.19/jersey-json-1.19.jar:/home/user/.m2/repository/org/codehaus/jettison/jettison/1.1/jettison-1.1.jar:/home/user/.m2/repository/org/codehaus/jackson/jackson-core-asl/1.9.13/jackson-core-asl-1.9.13.jar:/home/user/.m2/repository/org/codehaus/jackson/jackson-mapper-asl/1.9.13/jackson-mapper-asl-1.9.13.jar:/home/user/.m2/repository/org/codehaus/jackson/jackson-jaxrs/1.9.13/jackson-jaxrs-1.9.13.jar:/home/user/.m2/repository/org/codehaus/jackson/jackson-xc/1.9.13/jackson-xc-1.9.13.jar:/home/user/.m2/repository/commons-logging/commons-logging/1.1.3/commons-logging-1.1.3.jar:/home/user/.m2/repository/commons-beanutils/commons-beanutils/1.9.4/commons-beanutils-1.9.4.jar:/home/user/.m2/repository/org/apache/commons/commons-configuration2/2.1.1/commons-configuration2-2.1.1.jar:/home/user/.m2/repository/org/apache/commons/commons-lang3/3.7/commons-lang3-3.7.jar:/home/user/.m2/repository/org/apache/commons/commons-text/1.4/commons-text-1.4.jar:/home/user/.m2/repository/org/apache/avro/avro/1.7.7/avro-1.7.7.jar:/home/user/.m2/repository/com/thoughtworks/paranamer/paranamer/2.3/paranamer-2.3.jar:/home/user/.m2/repository/org/xerial/snappy/snappy-java/1.0.5/snappy-java-1.0.5.jar:/home/user/.m2/repository/com/google/re2j/re2j/1.1/re2j-1.1.jar:/home/user/.m2/repository/com/google/code/gson/gson/2.2.4/gson-2.2.4.jar:/home/user/.m2/repository/com/jcraft/jsch/0.1.54/jsch-0.1.54.jar:/home/user/.m2/repository/org/apache/curator/curator-client/2.12.0/curator-client-2.12.0.jar:/home/user/.m2/repository/org/apache/curator/curator-recipes/2.12.0/curator-recipes-2.12.0.jar:/home/user/.m2/repository/com/google/code/findbugs/jsr305/3.0.0/jsr305-3.0.0.jar:/home/user/.m2/repository/org/apache/htrace/htrace-core4/4.1.0-incubating/htrace-core4-4.1.0-incubating.jar:/home/user/.m2/repository/org/apache/zookeeper/zookeeper/3.4.13/zookeeper-3.4.13.jar:/home/user/.m2/repository/jline/jline/0.9.94/jline-0.9.94.jar:/home/user/.m2/repository/org/apache/yetus/audience-annotations/0.5.0/audience-annotations-0.5.0.jar:/home/user/.m2/repository/org/codehaus/woodstox/stax2-api/3.1.4/stax2-api-3.1.4.jar:/home/user/.m2/repository/com/fasterxml/woodstox/woodstox-core/5.0.3/woodstox-core-5.0.3.jar:/home/user/.m2/repository/dnsjava/dnsjava/2.1.7/dnsjava-2.1.7.jar:/home/user/.m2/repository/org/apache/hadoop/hadoop-hdfs/3.2.0/hadoop-hdfs-3.2.0-tests.jar:/home/user/.m2/repository/org/eclipse/jetty/jetty-util-ajax/9.3.25.v20180904/jetty-util-ajax-9.3.25.v20180904.jar:/home/user/.m2/repository/commons-daemon/commons-daemon/1.0.13/commons-daemon-1.0.13.jar:/home/user/.m2/repository/io/netty/netty/3.10.5.Final/netty-3.10.5.Final.jar:/home/user/.m2/repository/io/netty/netty-all/4.0.52.Final/netty-all-4.0.52.Final.jar:/home/user/.m2/repository/org/fusesource/leveldbjni/leveldbjni-all/1.8/leveldbjni-all-1.8.jar:"/>
    <property name="sun.cpu.endian" value="little"/>
    <property name="user.home" value="/home/user"/>
    <property name="user.language" value="en"/>
    <property name="java.specification.vendor" value="Oracle Corporation"/>
    <property name="java.home" value="/usr/lib/jvm/java-1.8-openjdk/jre"/>
    <property name="java.security.krb5.conf" value="/workdir/hadoop-ozone/integration-test/target/test-classes/krb5.conf"/>
    <property name="basedir" value="/workdir/hadoop-ozone/integration-test"/>
    <property name="file.separator" value="/"/>
    <property name="line.separator" value="&#10;"/>
    <property name="java.vm.specification.vendor" value="Oracle Corporation"/>
    <property name="java.specification.name" value="Java Platform API Specification"/>
    <property name="java.awt.graphicsenv" value="sun.awt.X11GraphicsEnvironment"/>
    <property name="surefire.real.class.path" value="/workdir/hadoop-ozone/integration-test/target/surefire/surefirebooter3806923039790298041.jar"/>
    <property name="hadoop.log.dir" value="/workdir/hadoop-ozone/integration-test/target/log"/>
    <property name="sun.boot.class.path" value="/usr/lib/jvm/java-1.8-openjdk/jre/lib/resources.jar:/usr/lib/jvm/java-1.8-openjdk/jre/lib/rt.jar:/usr/lib/jvm/java-1.8-openjdk/jre/lib/sunrsasign.jar:/usr/lib/jvm/java-1.8-openjdk/jre/lib/jsse.jar:/usr/lib/jvm/java-1.8-openjdk/jre/lib/jce.jar:/usr/lib/jvm/java-1.8-openjdk/jre/lib/charsets.jar:/usr/lib/jvm/java-1.8-openjdk/jre/lib/jfr.jar:/usr/lib/jvm/java-1.8-openjdk/jre/classes"/>
    <property name="sun.management.compiler" value="HotSpot 64-Bit Tiered Compilers"/>
    <property name="java.runtime.version" value="1.8.0_212-b04"/>
    <property name="java.net.preferIPv4Stack" value="true"/>
    <property name="user.name" value="jenkins1000"/>
    <property name="path.separator" value=":"/>
    <property name="java.security.egd" value="file:///dev/urandom"/>
    <property name="os.version" value="3.10.0-957.12.2.el7.x86_64"/>
    <property name="java.endorsed.dirs" value="/usr/lib/jvm/java-1.8-openjdk/jre/lib/endorsed"/>
    <property name="java.runtime.name" value="OpenJDK Runtime Environment"/>
    <property name="file.encoding" value="UTF-8"/>
    <property name="java.vm.name" value="OpenJDK 64-Bit Server VM"/>
    <property name="test.build.webapps" value=""/>
    <property name="localRepository" value="/home/user/.m2/repository"/>
    <property name="java.vendor.url.bug" value="https://icedtea.classpath.org/bugzilla"/>
    <property name="java.io.tmpdir" value="/tmp"/>
    <property name="require.test.libhadoop" value=""/>
    <property name="java.version" value="1.8.0_212"/>
    <property name="user.dir" value="/workdir/hadoop-ozone/integration-test"/>
    <property name="os.arch" value="amd64"/>
    <property name="java.vm.specification.name" value="Java Virtual Machine Specification"/>
    <property name="test.build.classes" value="/workdir/hadoop-ozone/integration-test/target/test-classes"/>
    <property name="java.awt.printerjob" value="sun.print.PSPrinterJob"/>
    <property name="sun.os.patch.level" value="unknown"/>
    <property name="hadoop.tmp.dir" value="/workdir/hadoop-ozone/integration-test/target/tmp"/>
    <property name="java.library.path" value="/usr/lib/jvm/java-1.8-openjdk/jre/lib/amd64/server:/usr/lib/jvm/java-1.8-openjdk/jre/lib/amd64:/usr/lib/jvm/java-1.8-openjdk/jre/../lib/amd64:/workdir/hadoop-ozone/integration-test/target/native/target/usr/local/lib:/workdir/hadoop-ozone/integration-test/../../hadoop-common-project/hadoop-common/target/native/target/usr/local/lib:/usr/java/packages/lib/amd64:/usr/lib64:/lib64:/lib:/usr/lib"/>
    <property name="java.vm.info" value="mixed mode"/>
    <property name="java.vendor" value="IcedTea"/>
    <property name="java.vm.version" value="25.212-b04"/>
    <property name="java.ext.dirs" value="/usr/lib/jvm/java-1.8-openjdk/jre/lib/ext:/usr/java/packages/lib/ext"/>
    <property name="sun.io.unicode.encoding" value="UnicodeLittle"/>
    <property name="java.class.version" value="52.0"/>
  </properties>
  <testcase name="testWatchForCommitWithKeyWrite" classname="org.apache.hadoop.ozone.client.rpc.TestWatchForCommit" time="60.318"/>
  <testcase name="testWatchForCommitWithSmallerTimeoutValue" classname="org.apache.hadoop.ozone.client.rpc.TestWatchForCommit" time="42.978"/>
  <testcase name="testWatchForCommitForRetryfailure" classname="org.apache.hadoop.ozone.client.rpc.TestWatchForCommit" time="70.558"/>
  <testcase name="testWatchForCommitForGroupMismatchException" classname="org.apache.hadoop.ozone.client.rpc.TestWatchForCommit" time="32.687"/>
  <testcase name="test2WayCommitForTimeoutException" classname="org.apache.hadoop.ozone.client.rpc.TestWatchForCommit" time="30.795">
    <error message="org.apache.ratis.protocol.RaftRetryFailureException: Failed RaftClientRequest:client-8C211BC527E0-&gt;f8dc20a8-53d0-4cb4-a1dc-f8f828383d57@group-2858E8EA2AC9, cid=104, seq=2*, RW, org.apache.hadoop.hdds.scm.XceiverClientRatis$$Lambda$600/1177206467@1d6b7b13 for 20 attempts with RetryLimited(maxAttempts=20, sleepTime=1000ms)" type="java.util.concurrent.ExecutionException">java.util.concurrent.ExecutionException: org.apache.ratis.protocol.RaftRetryFailureException: Failed RaftClientRequest:client-8C211BC527E0->f8dc20a8-53d0-4cb4-a1dc-f8f828383d57@group-2858E8EA2AC9, cid=104, seq=2*, RW, org.apache.hadoop.hdds.scm.XceiverClientRatis$$Lambda$600/1177206467@1d6b7b13 for 20 attempts with RetryLimited(maxAttempts=20, sleepTime=1000ms)
	at java.util.concurrent.CompletableFuture.reportGet(CompletableFuture.java:357)
	at java.util.concurrent.CompletableFuture.get(CompletableFuture.java:1895)
	at org.apache.hadoop.ozone.client.rpc.TestWatchForCommit.test2WayCommitForTimeoutException(TestWatchForCommit.java:390)
	at sun.reflect.NativeMethodAccessorImpl.invoke0(Native Method)
	at sun.reflect.NativeMethodAccessorImpl.invoke(NativeMethodAccessorImpl.java:62)
	at sun.reflect.DelegatingMethodAccessorImpl.invoke(DelegatingMethodAccessorImpl.java:43)
	at java.lang.reflect.Method.invoke(Method.java:498)
	at org.junit.runners.model.FrameworkMethod$1.runReflectiveCall(FrameworkMethod.java:47)
	at org.junit.internal.runners.model.ReflectiveCallable.run(ReflectiveCallable.java:12)
	at org.junit.runners.model.FrameworkMethod.invokeExplosively(FrameworkMethod.java:44)
	at org.junit.internal.runners.statements.InvokeMethod.evaluate(InvokeMethod.java:17)
	at org.junit.runners.ParentRunner.runLeaf(ParentRunner.java:271)
	at org.junit.runners.BlockJUnit4ClassRunner.runChild(BlockJUnit4ClassRunner.java:70)
	at org.junit.runners.BlockJUnit4ClassRunner.runChild(BlockJUnit4ClassRunner.java:50)
	at org.junit.runners.ParentRunner$3.run(ParentRunner.java:238)
	at org.junit.runners.ParentRunner$1.schedule(ParentRunner.java:63)
	at org.junit.runners.ParentRunner.runChildren(ParentRunner.java:236)
	at org.junit.runners.ParentRunner.access$000(ParentRunner.java:53)
	at org.junit.runners.ParentRunner$2.evaluate(ParentRunner.java:229)
	at org.junit.runners.ParentRunner.run(ParentRunner.java:309)
	at org.apache.maven.surefire.junit4.JUnit4Provider.execute(JUnit4Provider.java:365)
	at org.apache.maven.surefire.junit4.JUnit4Provider.executeWithRerun(JUnit4Provider.java:273)
	at org.apache.maven.surefire.junit4.JUnit4Provider.executeTestSet(JUnit4Provider.java:238)
	at org.apache.maven.surefire.junit4.JUnit4Provider.invoke(JUnit4Provider.java:159)
	at org.apache.maven.surefire.booter.ForkedBooter.invokeProviderInSameClassLoader(ForkedBooter.java:384)
	at org.apache.maven.surefire.booter.ForkedBooter.runSuitesInProcess(ForkedBooter.java:345)
	at org.apache.maven.surefire.booter.ForkedBooter.execute(ForkedBooter.java:126)
	at org.apache.maven.surefire.booter.ForkedBooter.main(ForkedBooter.java:418)
Caused by: org.apache.ratis.protocol.RaftRetryFailureException: Failed RaftClientRequest:client-8C211BC527E0->f8dc20a8-53d0-4cb4-a1dc-f8f828383d57@group-2858E8EA2AC9, cid=104, seq=2*, RW, org.apache.hadoop.hdds.scm.XceiverClientRatis$$Lambda$600/1177206467@1d6b7b13 for 20 attempts with RetryLimited(maxAttempts=20, sleepTime=1000ms)
	at org.apache.ratis.client.impl.RaftClientImpl.noMoreRetries(RaftClientImpl.java:271)
	at org.apache.ratis.client.impl.OrderedAsync.handleAsyncRetryFailure(OrderedAsync.java:138)
	at org.apache.ratis.client.impl.OrderedAsync.lambda$sendRequest$10(OrderedAsync.java:230)
	at java.util.concurrent.CompletableFuture.uniExceptionally(CompletableFuture.java:870)
	at java.util.concurrent.CompletableFuture$UniExceptionally.tryFire(CompletableFuture.java:852)
	at java.util.concurrent.CompletableFuture.postComplete(CompletableFuture.java:474)
	at java.util.concurrent.CompletableFuture.completeExceptionally(CompletableFuture.java:1977)
	at org.apache.ratis.grpc.client.GrpcClientProtocolClient$AsyncStreamObservers.completeReplyExceptionally(GrpcClientProtocolClient.java:345)
	at org.apache.ratis.grpc.client.GrpcClientProtocolClient$AsyncStreamObservers.access$000(GrpcClientProtocolClient.java:261)
	at org.apache.ratis.grpc.client.GrpcClientProtocolClient$AsyncStreamObservers$1.onNext(GrpcClientProtocolClient.java:273)
	at org.apache.ratis.grpc.client.GrpcClientProtocolClient$AsyncStreamObservers$1.onNext(GrpcClientProtocolClient.java:264)
	at org.apache.ratis.thirdparty.io.grpc.stub.ClientCalls$StreamObserverToCallListenerAdapter.onMessage(ClientCalls.java:421)
	at org.apache.ratis.thirdparty.io.grpc.ForwardingClientCallListener.onMessage(ForwardingClientCallListener.java:33)
	at org.apache.ratis.thirdparty.io.grpc.ForwardingClientCallListener.onMessage(ForwardingClientCallListener.java:33)
	at org.apache.ratis.thirdparty.io.grpc.internal.ClientCallImpl$ClientStreamListenerImpl$1MessagesAvailable.runInContext(ClientCallImpl.java:519)
	at org.apache.ratis.thirdparty.io.grpc.internal.ContextRunnable.run(ContextRunnable.java:37)
	at org.apache.ratis.thirdparty.io.grpc.internal.SerializingExecutor.run(SerializingExecutor.java:123)
	at java.util.concurrent.ThreadPoolExecutor.runWorker(ThreadPoolExecutor.java:1149)
	at java.util.concurrent.ThreadPoolExecutor$Worker.run(ThreadPoolExecutor.java:624)
	at java.lang.Thread.run(Thread.java:748)
Caused by: org.apache.ratis.protocol.NotLeaderException: Server f8dc20a8-53d0-4cb4-a1dc-f8f828383d57@group-2858E8EA2AC9 is not the leader
	at org.apache.ratis.client.impl.ClientProtoUtils.toRaftClientReply(ClientProtoUtils.java:243)
	at org.apache.ratis.grpc.client.GrpcClientProtocolClient$AsyncStreamObservers$1.onNext(GrpcClientProtocolClient.java:269)
	... 10 more
</error>
    <system-out><![CDATA[2019-10-04 13:59:30,596 [main] WARN  server.ServerUtils (ServerUtils.java:getScmDbDir(145)) - ozone.scm.db.dirs is not configured. We recommend adding this setting. Falling back to ozone.metadata.dirs instead.
2019-10-04 13:59:30,611 [main] WARN  server.ServerUtils (ServerUtils.java:getScmDbDir(145)) - ozone.scm.db.dirs is not configured. We recommend adding this setting. Falling back to ozone.metadata.dirs instead.
2019-10-04 13:59:30,612 [main] WARN  server.ServerUtils (ServerUtils.java:getScmDbDir(145)) - ozone.scm.db.dirs is not configured. We recommend adding this setting. Falling back to ozone.metadata.dirs instead.
2019-10-04 13:59:30,612 [main] INFO  db.DBStoreBuilder (DBStoreBuilder.java:addTable(117)) - using custom profile for table: deletedBlocks
2019-10-04 13:59:30,612 [main] INFO  db.DBStoreBuilder (DBStoreBuilder.java:processTables(168)) - Using default column profile:DBProfile.DISK for Table:deletedBlocks
2019-10-04 13:59:30,613 [main] INFO  db.DBStoreBuilder (DBStoreBuilder.java:addTable(117)) - using custom profile for table: validCerts
2019-10-04 13:59:30,613 [main] INFO  db.DBStoreBuilder (DBStoreBuilder.java:processTables(168)) - Using default column profile:DBProfile.DISK for Table:validCerts
2019-10-04 13:59:30,613 [main] INFO  db.DBStoreBuilder (DBStoreBuilder.java:addTable(117)) - using custom profile for table: revokedCerts
2019-10-04 13:59:30,613 [main] INFO  db.DBStoreBuilder (DBStoreBuilder.java:processTables(168)) - Using default column profile:DBProfile.DISK for Table:revokedCerts
2019-10-04 13:59:30,614 [main] INFO  db.DBStoreBuilder (DBStoreBuilder.java:addTable(117)) - using custom profile for table: default
2019-10-04 13:59:30,614 [main] INFO  db.DBStoreBuilder (DBStoreBuilder.java:processTables(174)) - Using default column profile:DBProfile.DISK for Table:default
2019-10-04 13:59:30,614 [main] INFO  db.DBStoreBuilder (DBStoreBuilder.java:getDbProfile(205)) - Using default options. DBProfile.DISK
2019-10-04 13:59:30,822 [main] INFO  net.NodeSchemaLoader (NodeSchemaLoader.java:loadSchemaFromFile(125)) - Loading file from sun.misc.CompoundEnumeration@14b275bd
2019-10-04 13:59:30,823 [main] INFO  net.NodeSchemaLoader (NodeSchemaLoader.java:loadSchema(171)) - Loading network topology layer schema file
2019-10-04 13:59:30,827 [main] WARN  server.ServerUtils (ServerUtils.java:sanitizeUserArgs(70)) - ozone.scm.stale.node.interval value = 300000 is larger than max = 100000 based on the key value of ozone.scm.heartbeat.thread.interval, reset to the max value 100000.
2019-10-04 13:59:30,827 [main] WARN  server.ServerUtils (ServerUtils.java:sanitizeUserArgs(70)) - ozone.scm.stale.node.interval value = 300000 is larger than max = 100000 based on the key value of ozone.scm.heartbeat.thread.interval, reset to the max value 100000.
2019-10-04 13:59:30,827 [main] INFO  node.SCMNodeManager (SCMNodeManager.java:<init>(116)) - Entering startup safe mode.
2019-10-04 13:59:30,828 [main] INFO  algorithms.ContainerPlacementPolicyFactory (ContainerPlacementPolicyFactory.java:getPolicy(57)) - Create container placement policy of type org.apache.hadoop.hdds.scm.container.placement.algorithms.SCMContainerPlacementRandom
2019-10-04 13:59:30,828 [main] WARN  server.ServerUtils (ServerUtils.java:getScmDbDir(145)) - ozone.scm.db.dirs is not configured. We recommend adding this setting. Falling back to ozone.metadata.dirs instead.
2019-10-04 13:59:30,918 [main] INFO  pipeline.SCMPipelineManager (SCMPipelineManager.java:initializePipelineState(132)) - No pipeline exists in current db
2019-10-04 13:59:30,918 [main] WARN  server.ServerUtils (ServerUtils.java:getScmDbDir(145)) - ozone.scm.db.dirs is not configured. We recommend adding this setting. Falling back to ozone.metadata.dirs instead.
2019-10-04 13:59:31,000 [main] WARN  events.EventQueue (EventQueue.java:fireEvent(183)) - No event handler registered for event TypedEvent{payloadType=SafeModeStatus, name='SafeModeStatus'}
2019-10-04 13:59:31,001 [main] INFO  ipc.CallQueueManager (CallQueueManager.java:<init>(84)) - Using callQueue: class java.util.concurrent.LinkedBlockingQueue, queueCapacity: 2000, scheduler: class org.apache.hadoop.ipc.DefaultRpcScheduler, ipcBackoff: false.
2019-10-04 13:59:31,002 [Socket Reader #1 for port 44600] INFO  ipc.Server (Server.java:run(1074)) - Starting Socket Reader #1 for port 44600
2019-10-04 13:59:31,005 [main] INFO  ipc.CallQueueManager (CallQueueManager.java:<init>(84)) - Using callQueue: class java.util.concurrent.LinkedBlockingQueue, queueCapacity: 2000, scheduler: class org.apache.hadoop.ipc.DefaultRpcScheduler, ipcBackoff: false.
2019-10-04 13:59:31,005 [Socket Reader #1 for port 45332] INFO  ipc.Server (Server.java:run(1074)) - Starting Socket Reader #1 for port 45332
2019-10-04 13:59:31,007 [main] INFO  ipc.CallQueueManager (CallQueueManager.java:<init>(84)) - Using callQueue: class java.util.concurrent.LinkedBlockingQueue, queueCapacity: 2000, scheduler: class org.apache.hadoop.ipc.DefaultRpcScheduler, ipcBackoff: false.
2019-10-04 13:59:31,008 [Socket Reader #1 for port 44683] INFO  ipc.Server (Server.java:run(1074)) - Starting Socket Reader #1 for port 44683
2019-10-04 13:59:31,010 [main] INFO  hdfs.DFSUtil (DFSUtil.java:httpServerTemplateForNNAndJN(1641)) - Starting Web-server for scm at: http://0.0.0.0:0
2019-10-04 13:59:31,011 [main] INFO  server.AuthenticationFilter (AuthenticationFilter.java:constructSecretProvider(240)) - Unable to initialize FileSignerSecretProvider, falling back to use random secrets.
2019-10-04 13:59:31,012 [main] WARN  http.HttpRequestLog (HttpRequestLog.java:getRequestLog(97)) - Jetty request log can only be enabled using Log4j
2019-10-04 13:59:31,013 [main] INFO  http.HttpServer2 (HttpServer2.java:addGlobalFilter(975)) - Added global filter 'safety' (class=org.apache.hadoop.http.HttpServer2$QuotingInputFilter)
2019-10-04 13:59:31,013 [main] INFO  http.HttpServer2 (HttpServer2.java:addFilter(948)) - Added filter static_user_filter (class=org.apache.hadoop.http.lib.StaticUserWebFilter$StaticUserFilter) to context scm
2019-10-04 13:59:31,014 [main] INFO  http.HttpServer2 (HttpServer2.java:addFilter(958)) - Added filter static_user_filter (class=org.apache.hadoop.http.lib.StaticUserWebFilter$StaticUserFilter) to context logs
2019-10-04 13:59:31,014 [main] INFO  http.HttpServer2 (HttpServer2.java:addFilter(958)) - Added filter static_user_filter (class=org.apache.hadoop.http.lib.StaticUserWebFilter$StaticUserFilter) to context static
2019-10-04 13:59:31,015 [main] INFO  server.StorageContainerManager (StorageContainerManager.java:start(770)) - StorageContainerLocationProtocol RPC server is listening at /0.0.0.0:44683
2019-10-04 13:59:31,017 [main] WARN  impl.MetricsConfig (MetricsConfig.java:loadFirst(134)) - Cannot locate configuration: tried hadoop-metrics2-storagecontainermanager.properties,hadoop-metrics2.properties
2019-10-04 13:59:31,018 [main] INFO  impl.MetricsSystemImpl (MetricsSystemImpl.java:startTimer(374)) - Scheduled Metric snapshot period at 10 second(s).
2019-10-04 13:59:31,018 [main] INFO  impl.MetricsSystemImpl (MetricsSystemImpl.java:start(191)) - StorageContainerManager metrics system started
2019-10-04 13:59:31,093 [main] WARN  impl.MetricsSystemImpl (MetricsSystemImpl.java:register(276)) - Sink prometheus already exists!
2019-10-04 13:59:31,188 [main] INFO  server.SCMClientProtocolServer (SCMClientProtocolServer.java:start(159)) - RPC server for Client  is listening at /0.0.0.0:44683
2019-10-04 13:59:31,189 [IPC Server Responder] INFO  ipc.Server (Server.java:run(1314)) - IPC Server Responder: starting
2019-10-04 13:59:31,189 [IPC Server listener on 44683] INFO  ipc.Server (Server.java:run(1153)) - IPC Server listener on 44683: starting
2019-10-04 13:59:31,193 [main] INFO  server.StorageContainerManager (StorageContainerManager.java:start(780)) - ScmBlockLocationProtocol RPC server is listening at /0.0.0.0:45332
2019-10-04 13:59:31,193 [main] INFO  server.SCMBlockProtocolServer (SCMBlockProtocolServer.java:start(146)) - RPC server for Block Protocol is listening at /0.0.0.0:45332
2019-10-04 13:59:31,193 [IPC Server Responder] INFO  ipc.Server (Server.java:run(1314)) - IPC Server Responder: starting
2019-10-04 13:59:31,194 [IPC Server listener on 45332] INFO  ipc.Server (Server.java:run(1153)) - IPC Server listener on 45332: starting
2019-10-04 13:59:31,199 [main] INFO  server.StorageContainerManager (StorageContainerManager.java:start(784)) - ScmDatanodeProtocl RPC server is listening at /0.0.0.0:44600
2019-10-04 13:59:31,199 [main] INFO  server.SCMDatanodeProtocolServer (SCMDatanodeProtocolServer.java:start(169)) - RPC server for DataNodes is listening at /0.0.0.0:44600
2019-10-04 13:59:31,200 [IPC Server Responder] INFO  ipc.Server (Server.java:run(1314)) - IPC Server Responder: starting
2019-10-04 13:59:31,201 [IPC Server listener on 44600] INFO  ipc.Server (Server.java:run(1153)) - IPC Server listener on 44600: starting
2019-10-04 13:59:31,203 [main] INFO  http.HttpServer2 (HttpServer2.java:bindListener(1191)) - Jetty bound to port 35903
2019-10-04 13:59:31,203 [main] INFO  server.Server (Server.java:doStart(351)) - jetty-9.3.25.v20180904, build timestamp: 2018-09-04T21:11:46Z, git hash: 3ce520221d0240229c862b122d2b06c12a625732
2019-10-04 13:59:31,205 [main] INFO  handler.ContextHandler (ContextHandler.java:doStart(781)) - Started o.e.j.s.ServletContextHandler@679d0be8{/logs,file:///workdir/hadoop-ozone/integration-test/target/log,AVAILABLE}
2019-10-04 13:59:31,206 [main] INFO  handler.ContextHandler (ContextHandler.java:doStart(781)) - Started o.e.j.s.ServletContextHandler@47044f7d{/static,file:///workdir/hadoop-ozone/integration-test/target/test-classes/webapps/static,AVAILABLE}
2019-10-04 13:59:31,210 [main] INFO  handler.ContextHandler (ContextHandler.java:doStart(781)) - Started o.e.j.w.WebAppContext@60b5e80d{/,file:///workdir/hadoop-ozone/integration-test/target/test-classes/webapps/scm/,AVAILABLE}{/scm}
2019-10-04 13:59:31,211 [main] INFO  server.AbstractConnector (AbstractConnector.java:doStart(278)) - Started ServerConnector@46394f65{HTTP/1.1,[http/1.1]}{0.0.0.0:35903}
2019-10-04 13:59:31,212 [main] INFO  server.Server (Server.java:doStart(419)) - Started @207548ms
2019-10-04 13:59:31,212 [main] WARN  impl.MetricsSystemImpl (MetricsSystemImpl.java:register(276)) - Sink prometheus already exists!
2019-10-04 13:59:31,213 [main] INFO  server.BaseHttpServer (BaseHttpServer.java:updateConnectorAddress(215)) - HTTP server of SCM is listening at http://0.0.0.0:35903
2019-10-04 13:59:31,214 [main] WARN  server.ServerUtils (ServerUtils.java:getDBPath(222)) - ozone.om.db.dirs is not configured. We recommend adding this setting. Falling back to ozone.metadata.dirs instead.
2019-10-04 13:59:31,214 [org.apache.hadoop.util.JvmPauseMonitor$Monitor@26be9a6] INFO  util.JvmPauseMonitor (JvmPauseMonitor.java:run(188)) - Starting JVM pause monitor
2019-10-04 13:59:31,229 [main] INFO  ha.OMHANodeDetails (OMHANodeDetails.java:loadOMHAConfig(190)) - Configuration either no ozone.om.address set. Falling back to the default OM address /127.0.0.1:0
2019-10-04 13:59:31,229 [main] INFO  ha.OMHANodeDetails (OMHANodeDetails.java:getOMNodeDetails(220)) - OM Service ID is not set. Setting it to the default ID: omServiceIdDefault
2019-10-04 13:59:31,230 [main] WARN  server.ServerUtils (ServerUtils.java:getDBPath(222)) - ozone.om.db.dirs is not configured. We recommend adding this setting. Falling back to ozone.metadata.dirs instead.
2019-10-04 13:59:31,230 [main] WARN  server.ServerUtils (ServerUtils.java:getDBPath(222)) - ozone.om.db.dirs is not configured. We recommend adding this setting. Falling back to ozone.metadata.dirs instead.
2019-10-04 13:59:31,240 [main] WARN  server.ServerUtils (ServerUtils.java:getDBPath(222)) - ozone.om.db.dirs is not configured. We recommend adding this setting. Falling back to ozone.metadata.dirs instead.
2019-10-04 13:59:31,240 [main] INFO  db.DBStoreBuilder (DBStoreBuilder.java:addTable(117)) - using custom profile for table: userTable
2019-10-04 13:59:31,241 [main] INFO  db.DBStoreBuilder (DBStoreBuilder.java:processTables(168)) - Using default column profile:DBProfile.DISK for Table:userTable
2019-10-04 13:59:31,241 [main] INFO  db.DBStoreBuilder (DBStoreBuilder.java:addTable(117)) - using custom profile for table: volumeTable
2019-10-04 13:59:31,241 [main] INFO  db.DBStoreBuilder (DBStoreBuilder.java:processTables(168)) - Using default column profile:DBProfile.DISK for Table:volumeTable
2019-10-04 13:59:31,241 [main] INFO  db.DBStoreBuilder (DBStoreBuilder.java:addTable(117)) - using custom profile for table: bucketTable
2019-10-04 13:59:31,241 [main] INFO  db.DBStoreBuilder (DBStoreBuilder.java:processTables(168)) - Using default column profile:DBProfile.DISK for Table:bucketTable
2019-10-04 13:59:31,242 [main] INFO  db.DBStoreBuilder (DBStoreBuilder.java:addTable(117)) - using custom profile for table: keyTable
2019-10-04 13:59:31,242 [main] INFO  db.DBStoreBuilder (DBStoreBuilder.java:processTables(168)) - Using default column profile:DBProfile.DISK for Table:keyTable
2019-10-04 13:59:31,242 [main] INFO  db.DBStoreBuilder (DBStoreBuilder.java:addTable(117)) - using custom profile for table: deletedTable
2019-10-04 13:59:31,242 [main] INFO  db.DBStoreBuilder (DBStoreBuilder.java:processTables(168)) - Using default column profile:DBProfile.DISK for Table:deletedTable
2019-10-04 13:59:31,243 [main] INFO  db.DBStoreBuilder (DBStoreBuilder.java:addTable(117)) - using custom profile for table: openKeyTable
2019-10-04 13:59:31,243 [main] INFO  db.DBStoreBuilder (DBStoreBuilder.java:processTables(168)) - Using default column profile:DBProfile.DISK for Table:openKeyTable
2019-10-04 13:59:31,243 [main] INFO  db.DBStoreBuilder (DBStoreBuilder.java:addTable(117)) - using custom profile for table: s3Table
2019-10-04 13:59:31,243 [main] INFO  db.DBStoreBuilder (DBStoreBuilder.java:processTables(168)) - Using default column profile:DBProfile.DISK for Table:s3Table
2019-10-04 13:59:31,244 [main] INFO  db.DBStoreBuilder (DBStoreBuilder.java:addTable(117)) - using custom profile for table: multipartInfoTable
2019-10-04 13:59:31,244 [main] INFO  db.DBStoreBuilder (DBStoreBuilder.java:processTables(168)) - Using default column profile:DBProfile.DISK for Table:multipartInfoTable
2019-10-04 13:59:31,244 [main] INFO  db.DBStoreBuilder (DBStoreBuilder.java:addTable(117)) - using custom profile for table: dTokenTable
2019-10-04 13:59:31,244 [main] INFO  db.DBStoreBuilder (DBStoreBuilder.java:processTables(168)) - Using default column profile:DBProfile.DISK for Table:dTokenTable
2019-10-04 13:59:31,244 [main] INFO  db.DBStoreBuilder (DBStoreBuilder.java:addTable(117)) - using custom profile for table: s3SecretTable
2019-10-04 13:59:31,245 [main] INFO  db.DBStoreBuilder (DBStoreBuilder.java:processTables(168)) - Using default column profile:DBProfile.DISK for Table:s3SecretTable
2019-10-04 13:59:31,245 [main] INFO  db.DBStoreBuilder (DBStoreBuilder.java:addTable(117)) - using custom profile for table: prefixTable
2019-10-04 13:59:31,245 [main] INFO  db.DBStoreBuilder (DBStoreBuilder.java:processTables(168)) - Using default column profile:DBProfile.DISK for Table:prefixTable
2019-10-04 13:59:31,245 [main] INFO  db.DBStoreBuilder (DBStoreBuilder.java:addTable(117)) - using custom profile for table: default
2019-10-04 13:59:31,245 [main] INFO  db.DBStoreBuilder (DBStoreBuilder.java:processTables(174)) - Using default column profile:DBProfile.DISK for Table:default
2019-10-04 13:59:31,246 [main] INFO  db.DBStoreBuilder (DBStoreBuilder.java:getDbProfile(205)) - Using default options. DBProfile.DISK
2019-10-04 13:59:31,885 [main] INFO  ipc.CallQueueManager (CallQueueManager.java:<init>(84)) - Using callQueue: class java.util.concurrent.LinkedBlockingQueue, queueCapacity: 2000, scheduler: class org.apache.hadoop.ipc.DefaultRpcScheduler, ipcBackoff: false.
2019-10-04 13:59:31,886 [Socket Reader #1 for port 43695] INFO  ipc.Server (Server.java:run(1074)) - Starting Socket Reader #1 for port 43695
2019-10-04 13:59:31,898 [main] INFO  om.OzoneManager (OzoneManager.java:start(1069)) - OzoneManager RPC server is listening at localhost/127.0.0.1:43695
2019-10-04 13:59:31,898 [main] INFO  impl.MetricsSystemImpl (MetricsSystemImpl.java:init(158)) - OzoneManager metrics system started (again)
2019-10-04 13:59:31,899 [IPC Server Responder] INFO  ipc.Server (Server.java:run(1314)) - IPC Server Responder: starting
2019-10-04 13:59:31,899 [IPC Server listener on 43695] INFO  ipc.Server (Server.java:run(1153)) - IPC Server listener on 43695: starting
2019-10-04 13:59:31,903 [main] INFO  hdfs.DFSUtil (DFSUtil.java:httpServerTemplateForNNAndJN(1641)) - Starting Web-server for ozoneManager at: http://0.0.0.0:0
2019-10-04 13:59:31,904 [main] INFO  server.AuthenticationFilter (AuthenticationFilter.java:constructSecretProvider(240)) - Unable to initialize FileSignerSecretProvider, falling back to use random secrets.
2019-10-04 13:59:31,904 [main] WARN  http.HttpRequestLog (HttpRequestLog.java:getRequestLog(97)) - Jetty request log can only be enabled using Log4j
2019-10-04 13:59:31,906 [main] INFO  http.HttpServer2 (HttpServer2.java:addGlobalFilter(975)) - Added global filter 'safety' (class=org.apache.hadoop.http.HttpServer2$QuotingInputFilter)
2019-10-04 13:59:31,906 [main] INFO  http.HttpServer2 (HttpServer2.java:addFilter(948)) - Added filter static_user_filter (class=org.apache.hadoop.http.lib.StaticUserWebFilter$StaticUserFilter) to context ozoneManager
2019-10-04 13:59:31,906 [main] INFO  http.HttpServer2 (HttpServer2.java:addFilter(958)) - Added filter static_user_filter (class=org.apache.hadoop.http.lib.StaticUserWebFilter$StaticUserFilter) to context static
2019-10-04 13:59:31,906 [main] INFO  http.HttpServer2 (HttpServer2.java:addFilter(958)) - Added filter static_user_filter (class=org.apache.hadoop.http.lib.StaticUserWebFilter$StaticUserFilter) to context logs
2019-10-04 13:59:31,907 [main] INFO  http.HttpServer2 (HttpServer2.java:bindListener(1191)) - Jetty bound to port 44816
2019-10-04 13:59:31,907 [main] INFO  server.Server (Server.java:doStart(351)) - jetty-9.3.25.v20180904, build timestamp: 2018-09-04T21:11:46Z, git hash: 3ce520221d0240229c862b122d2b06c12a625732
2019-10-04 13:59:31,908 [main] INFO  handler.ContextHandler (ContextHandler.java:doStart(781)) - Started o.e.j.s.ServletContextHandler@24a0c58b{/logs,file:///workdir/hadoop-ozone/integration-test/target/log,AVAILABLE}
2019-10-04 13:59:31,909 [main] INFO  handler.ContextHandler (ContextHandler.java:doStart(781)) - Started o.e.j.s.ServletContextHandler@7f3c0399{/static,file:///workdir/hadoop-ozone/integration-test/target/test-classes/webapps/static,AVAILABLE}
2019-10-04 13:59:31,912 [main] INFO  handler.ContextHandler (ContextHandler.java:doStart(781)) - Started o.e.j.w.WebAppContext@6d5f4900{/,file:///workdir/hadoop-ozone/integration-test/target/test-classes/webapps/ozoneManager/,AVAILABLE}{/ozoneManager}
2019-10-04 13:59:31,912 [main] INFO  server.AbstractConnector (AbstractConnector.java:doStart(278)) - Started ServerConnector@1e40fbb3{HTTP/1.1,[http/1.1]}{0.0.0.0:44816}
2019-10-04 13:59:31,913 [main] INFO  server.Server (Server.java:doStart(419)) - Started @208249ms
2019-10-04 13:59:31,913 [main] WARN  impl.MetricsSystemImpl (MetricsSystemImpl.java:register(276)) - Sink prometheus already exists!
2019-10-04 13:59:31,914 [main] INFO  server.BaseHttpServer (BaseHttpServer.java:updateConnectorAddress(215)) - HTTP server of OZONEMANAGER is listening at http://0.0.0.0:44816
2019-10-04 13:59:31,925 [main] INFO  impl.MetricsSystemImpl (MetricsSystemImpl.java:init(158)) - HddsDatanode metrics system started (again)
2019-10-04 13:59:31,928 [main] INFO  ozone.HddsDatanodeService (HddsDatanodeService.java:start(184)) - HddsDatanodeService host:pr-hdds-2250-79kh4-2414028627 ip:192.168.164.251
2019-10-04 13:59:31,934 [main] INFO  volume.HddsVolume (HddsVolume.java:<init>(176)) - Creating Volume: /workdir/hadoop-ozone/integration-test/target/test-dir/MiniOzoneClusterImpl-b58f7dbf-e141-4fb4-9e03-51abb4d48b5c/datanode-0/data/containers/hdds of  storage type : DISK and capacity : 1482555576320
2019-10-04 13:59:31,934 [main] INFO  volume.VolumeSet (VolumeSet.java:initializeVolumeSet(170)) - Added Volume : /workdir/hadoop-ozone/integration-test/target/test-dir/MiniOzoneClusterImpl-b58f7dbf-e141-4fb4-9e03-51abb4d48b5c/datanode-0/data/containers/hdds to VolumeSet
2019-10-04 13:59:31,935 [main] INFO  volume.ThrottledAsyncChecker (ThrottledAsyncChecker.java:schedule(139)) - Scheduling a check for org.apache.hadoop.ozone.container.common.volume.HddsVolume@2db86a7c
2019-10-04 13:59:31,935 [main] INFO  volume.HddsVolumeChecker (HddsVolumeChecker.java:checkAllVolumes(202)) - Scheduled health check for volume org.apache.hadoop.ozone.container.common.volume.HddsVolume@2db86a7c
2019-10-04 13:59:31,947 [main] INFO  impl.RaftServerProxy (ConfUtils.java:logGet(43)) - raft.rpc.type = GRPC (default)
2019-10-04 13:59:31,947 [main] INFO  grpc.GrpcFactory (GrpcFactory.java:checkPooledByteBufAllocatorUseCacheForAllThreads(45)) - PERFORMANCE WARNING: useCacheForAllThreads is true that may cause Netty to create a lot garbage objects and, as a result, trigger GC.
	It is recommended to disable useCacheForAllThreads by setting -Dorg.apache.ratis.thirdparty.io.netty.allocator.useCacheForAllThreads=false in command line.
2019-10-04 13:59:31,948 [main] INFO  grpc.GrpcConfigKeys$Server (ConfUtils.java:logGet(43)) - raft.grpc.server.port = 0 (default)
2019-10-04 13:59:31,948 [main] INFO  server.GrpcService (ConfUtils.java:logGet(43)) - raft.grpc.message.size.max = 33570816 (custom)
2019-10-04 13:59:31,948 [main] INFO  server.RaftServerConfigKeys (ConfUtils.java:logGet(43)) - raft.server.log.appender.buffer.byte-limit = 33554432 (custom)
2019-10-04 13:59:31,948 [main] INFO  server.GrpcService (ConfUtils.java:logGet(43)) - raft.grpc.flow.control.window = 1MB (=1048576) (default)
2019-10-04 13:59:31,948 [main] INFO  server.RaftServerConfigKeys (ConfUtils.java:logGet(43)) - raft.server.rpc.request.timeout = 3000ms (default)
2019-10-04 13:59:31,949 [main] INFO  server.RaftServerConfigKeys (ConfUtils.java:logGet(43)) - raft.server.storage.dir = [/workdir/hadoop-ozone/integration-test/target/test-dir/MiniOzoneClusterImpl-b58f7dbf-e141-4fb4-9e03-51abb4d48b5c/datanode-0/data/ratis] (custom)
2019-10-04 13:59:31,950 [main] INFO  hdfs.DFSUtil (DFSUtil.java:httpServerTemplateForNNAndJN(1641)) - Starting Web-server for hddsDatanode at: http://0.0.0.0:0
2019-10-04 13:59:31,951 [main] INFO  server.AuthenticationFilter (AuthenticationFilter.java:constructSecretProvider(240)) - Unable to initialize FileSignerSecretProvider, falling back to use random secrets.
2019-10-04 13:59:31,952 [main] WARN  http.HttpRequestLog (HttpRequestLog.java:getRequestLog(97)) - Jetty request log can only be enabled using Log4j
2019-10-04 13:59:31,953 [main] INFO  http.HttpServer2 (HttpServer2.java:addGlobalFilter(975)) - Added global filter 'safety' (class=org.apache.hadoop.http.HttpServer2$QuotingInputFilter)
2019-10-04 13:59:31,953 [main] INFO  http.HttpServer2 (HttpServer2.java:addFilter(948)) - Added filter static_user_filter (class=org.apache.hadoop.http.lib.StaticUserWebFilter$StaticUserFilter) to context hddsDatanode
2019-10-04 13:59:31,953 [main] INFO  http.HttpServer2 (HttpServer2.java:addFilter(958)) - Added filter static_user_filter (class=org.apache.hadoop.http.lib.StaticUserWebFilter$StaticUserFilter) to context static
2019-10-04 13:59:31,953 [main] INFO  http.HttpServer2 (HttpServer2.java:addFilter(958)) - Added filter static_user_filter (class=org.apache.hadoop.http.lib.StaticUserWebFilter$StaticUserFilter) to context logs
2019-10-04 13:59:31,954 [main] INFO  http.HttpServer2 (HttpServer2.java:bindListener(1191)) - Jetty bound to port 42668
2019-10-04 13:59:31,954 [main] INFO  server.Server (Server.java:doStart(351)) - jetty-9.3.25.v20180904, build timestamp: 2018-09-04T21:11:46Z, git hash: 3ce520221d0240229c862b122d2b06c12a625732
2019-10-04 13:59:31,956 [main] INFO  handler.ContextHandler (ContextHandler.java:doStart(781)) - Started o.e.j.s.ServletContextHandler@2322e56f{/logs,file:///workdir/hadoop-ozone/integration-test/target/log,AVAILABLE}
2019-10-04 13:59:31,956 [main] INFO  handler.ContextHandler (ContextHandler.java:doStart(781)) - Started o.e.j.s.ServletContextHandler@38732364{/static,jar:file:/home/user/.m2/repository/org/apache/hadoop/hadoop-hdds-container-service/0.5.0-SNAPSHOT/hadoop-hdds-container-service-0.5.0-SNAPSHOT.jar!/webapps/static,AVAILABLE}
2019-10-04 13:59:31,986 [main] INFO  handler.ContextHandler (ContextHandler.java:doStart(781)) - Started o.e.j.w.WebAppContext@7c8874ef{/,file:///tmp/jetty-0.0.0.0-42668-hddsDatanode-_-any-1937993133527801326.dir/webapp/,AVAILABLE}{/hddsDatanode}
2019-10-04 13:59:31,986 [main] INFO  server.AbstractConnector (AbstractConnector.java:doStart(278)) - Started ServerConnector@42c0a16e{HTTP/1.1,[http/1.1]}{0.0.0.0:42668}
2019-10-04 13:59:31,988 [main] INFO  server.Server (Server.java:doStart(419)) - Started @208324ms
2019-10-04 13:59:31,988 [main] WARN  impl.MetricsSystemImpl (MetricsSystemImpl.java:register(276)) - Sink prometheus already exists!
2019-10-04 13:59:31,989 [main] INFO  server.BaseHttpServer (BaseHttpServer.java:updateConnectorAddress(215)) - HTTP server of HDDSDATANODE is listening at http://0.0.0.0:42668
2019-10-04 13:59:31,989 [main] INFO  impl.MetricsSystemImpl (MetricsSystemImpl.java:init(158)) - HddsDatanode metrics system started (again)
2019-10-04 13:59:31,993 [org.apache.hadoop.util.JvmPauseMonitor$Monitor@25e90bca] INFO  util.JvmPauseMonitor (JvmPauseMonitor.java:run(188)) - Starting JVM pause monitor
2019-10-04 13:59:31,993 [main] INFO  ozone.HddsDatanodeService (HddsDatanodeService.java:start(184)) - HddsDatanodeService host:pr-hdds-2250-79kh4-2414028627 ip:192.168.164.251
2019-10-04 13:59:31,994 [Datanode State Machine Thread - 0] INFO  datanode.InitDatanodeState (InitDatanodeState.java:persistContainerDatanodeDetails(140)) - DatanodeDetails is persisted to /workdir/hadoop-ozone/integration-test/target/test-dir/MiniOzoneClusterImpl-b58f7dbf-e141-4fb4-9e03-51abb4d48b5c/datanode-0/meta/datanode.id
2019-10-04 13:59:31,999 [main] INFO  volume.HddsVolume (HddsVolume.java:<init>(176)) - Creating Volume: /workdir/hadoop-ozone/integration-test/target/test-dir/MiniOzoneClusterImpl-b58f7dbf-e141-4fb4-9e03-51abb4d48b5c/datanode-1/data/containers/hdds of  storage type : DISK and capacity : 1482555576320
2019-10-04 13:59:31,999 [main] INFO  volume.VolumeSet (VolumeSet.java:initializeVolumeSet(170)) - Added Volume : /workdir/hadoop-ozone/integration-test/target/test-dir/MiniOzoneClusterImpl-b58f7dbf-e141-4fb4-9e03-51abb4d48b5c/datanode-1/data/containers/hdds to VolumeSet
2019-10-04 13:59:31,999 [main] INFO  volume.ThrottledAsyncChecker (ThrottledAsyncChecker.java:schedule(139)) - Scheduling a check for org.apache.hadoop.ozone.container.common.volume.HddsVolume@640d604
2019-10-04 13:59:32,000 [main] INFO  volume.HddsVolumeChecker (HddsVolumeChecker.java:checkAllVolumes(202)) - Scheduled health check for volume org.apache.hadoop.ozone.container.common.volume.HddsVolume@640d604
2019-10-04 13:59:32,012 [main] INFO  impl.RaftServerProxy (ConfUtils.java:logGet(43)) - raft.rpc.type = GRPC (default)
2019-10-04 13:59:32,012 [main] INFO  grpc.GrpcFactory (GrpcFactory.java:checkPooledByteBufAllocatorUseCacheForAllThreads(45)) - PERFORMANCE WARNING: useCacheForAllThreads is true that may cause Netty to create a lot garbage objects and, as a result, trigger GC.
	It is recommended to disable useCacheForAllThreads by setting -Dorg.apache.ratis.thirdparty.io.netty.allocator.useCacheForAllThreads=false in command line.
2019-10-04 13:59:32,012 [main] INFO  grpc.GrpcConfigKeys$Server (ConfUtils.java:logGet(43)) - raft.grpc.server.port = 0 (default)
2019-10-04 13:59:32,012 [main] INFO  server.GrpcService (ConfUtils.java:logGet(43)) - raft.grpc.message.size.max = 33570816 (custom)
2019-10-04 13:59:32,012 [main] INFO  server.RaftServerConfigKeys (ConfUtils.java:logGet(43)) - raft.server.log.appender.buffer.byte-limit = 33554432 (custom)
2019-10-04 13:59:32,013 [main] INFO  server.GrpcService (ConfUtils.java:logGet(43)) - raft.grpc.flow.control.window = 1MB (=1048576) (default)
2019-10-04 13:59:32,013 [main] INFO  server.RaftServerConfigKeys (ConfUtils.java:logGet(43)) - raft.server.rpc.request.timeout = 3000ms (default)
2019-10-04 13:59:32,013 [main] INFO  server.RaftServerConfigKeys (ConfUtils.java:logGet(43)) - raft.server.storage.dir = [/workdir/hadoop-ozone/integration-test/target/test-dir/MiniOzoneClusterImpl-b58f7dbf-e141-4fb4-9e03-51abb4d48b5c/datanode-1/data/ratis] (custom)
2019-10-04 13:59:32,014 [main] INFO  hdfs.DFSUtil (DFSUtil.java:httpServerTemplateForNNAndJN(1641)) - Starting Web-server for hddsDatanode at: http://0.0.0.0:0
2019-10-04 13:59:32,015 [main] INFO  server.AuthenticationFilter (AuthenticationFilter.java:constructSecretProvider(240)) - Unable to initialize FileSignerSecretProvider, falling back to use random secrets.
2019-10-04 13:59:32,016 [main] WARN  http.HttpRequestLog (HttpRequestLog.java:getRequestLog(97)) - Jetty request log can only be enabled using Log4j
2019-10-04 13:59:32,017 [main] INFO  http.HttpServer2 (HttpServer2.java:addGlobalFilter(975)) - Added global filter 'safety' (class=org.apache.hadoop.http.HttpServer2$QuotingInputFilter)
2019-10-04 13:59:32,017 [main] INFO  http.HttpServer2 (HttpServer2.java:addFilter(948)) - Added filter static_user_filter (class=org.apache.hadoop.http.lib.StaticUserWebFilter$StaticUserFilter) to context hddsDatanode
2019-10-04 13:59:32,017 [main] INFO  http.HttpServer2 (HttpServer2.java:addFilter(958)) - Added filter static_user_filter (class=org.apache.hadoop.http.lib.StaticUserWebFilter$StaticUserFilter) to context static
2019-10-04 13:59:32,017 [main] INFO  http.HttpServer2 (HttpServer2.java:addFilter(958)) - Added filter static_user_filter (class=org.apache.hadoop.http.lib.StaticUserWebFilter$StaticUserFilter) to context logs
2019-10-04 13:59:32,018 [main] INFO  http.HttpServer2 (HttpServer2.java:bindListener(1191)) - Jetty bound to port 35680
2019-10-04 13:59:32,018 [main] INFO  server.Server (Server.java:doStart(351)) - jetty-9.3.25.v20180904, build timestamp: 2018-09-04T21:11:46Z, git hash: 3ce520221d0240229c862b122d2b06c12a625732
2019-10-04 13:59:32,019 [main] INFO  handler.ContextHandler (ContextHandler.java:doStart(781)) - Started o.e.j.s.ServletContextHandler@1a1c21b4{/logs,file:///workdir/hadoop-ozone/integration-test/target/log,AVAILABLE}
2019-10-04 13:59:32,020 [main] INFO  handler.ContextHandler (ContextHandler.java:doStart(781)) - Started o.e.j.s.ServletContextHandler@38ac8968{/static,jar:file:/home/user/.m2/repository/org/apache/hadoop/hadoop-hdds-container-service/0.5.0-SNAPSHOT/hadoop-hdds-container-service-0.5.0-SNAPSHOT.jar!/webapps/static,AVAILABLE}
2019-10-04 13:59:32,047 [main] INFO  handler.ContextHandler (ContextHandler.java:doStart(781)) - Started o.e.j.w.WebAppContext@6c0b51da{/,file:///tmp/jetty-0.0.0.0-35680-hddsDatanode-_-any-8939527997399384260.dir/webapp/,AVAILABLE}{/hddsDatanode}
2019-10-04 13:59:32,048 [main] INFO  server.AbstractConnector (AbstractConnector.java:doStart(278)) - Started ServerConnector@7558633{HTTP/1.1,[http/1.1]}{0.0.0.0:35680}
2019-10-04 13:59:32,049 [main] INFO  server.Server (Server.java:doStart(419)) - Started @208385ms
2019-10-04 13:59:32,049 [main] WARN  impl.MetricsSystemImpl (MetricsSystemImpl.java:register(276)) - Sink prometheus already exists!
2019-10-04 13:59:32,050 [main] INFO  server.BaseHttpServer (BaseHttpServer.java:updateConnectorAddress(215)) - HTTP server of HDDSDATANODE is listening at http://0.0.0.0:35680
2019-10-04 13:59:32,050 [main] INFO  impl.MetricsSystemImpl (MetricsSystemImpl.java:init(158)) - HddsDatanode metrics system started (again)
2019-10-04 13:59:32,054 [org.apache.hadoop.util.JvmPauseMonitor$Monitor@3ebded27] INFO  util.JvmPauseMonitor (JvmPauseMonitor.java:run(188)) - Starting JVM pause monitor
2019-10-04 13:59:32,054 [main] INFO  ozone.HddsDatanodeService (HddsDatanodeService.java:start(184)) - HddsDatanodeService host:pr-hdds-2250-79kh4-2414028627 ip:192.168.164.251
2019-10-04 13:59:32,056 [Datanode State Machine Thread - 0] INFO  datanode.InitDatanodeState (InitDatanodeState.java:persistContainerDatanodeDetails(140)) - DatanodeDetails is persisted to /workdir/hadoop-ozone/integration-test/target/test-dir/MiniOzoneClusterImpl-b58f7dbf-e141-4fb4-9e03-51abb4d48b5c/datanode-1/meta/datanode.id
2019-10-04 13:59:32,060 [main] INFO  volume.HddsVolume (HddsVolume.java:<init>(176)) - Creating Volume: /workdir/hadoop-ozone/integration-test/target/test-dir/MiniOzoneClusterImpl-b58f7dbf-e141-4fb4-9e03-51abb4d48b5c/datanode-2/data/containers/hdds of  storage type : DISK and capacity : 1482555576320
2019-10-04 13:59:32,060 [main] INFO  volume.VolumeSet (VolumeSet.java:initializeVolumeSet(170)) - Added Volume : /workdir/hadoop-ozone/integration-test/target/test-dir/MiniOzoneClusterImpl-b58f7dbf-e141-4fb4-9e03-51abb4d48b5c/datanode-2/data/containers/hdds to VolumeSet
2019-10-04 13:59:32,061 [main] INFO  volume.ThrottledAsyncChecker (ThrottledAsyncChecker.java:schedule(139)) - Scheduling a check for org.apache.hadoop.ozone.container.common.volume.HddsVolume@538a2f0e
2019-10-04 13:59:32,061 [main] INFO  volume.HddsVolumeChecker (HddsVolumeChecker.java:checkAllVolumes(202)) - Scheduled health check for volume org.apache.hadoop.ozone.container.common.volume.HddsVolume@538a2f0e
2019-10-04 13:59:32,074 [main] INFO  impl.RaftServerProxy (ConfUtils.java:logGet(43)) - raft.rpc.type = GRPC (default)
2019-10-04 13:59:32,074 [main] INFO  grpc.GrpcFactory (GrpcFactory.java:checkPooledByteBufAllocatorUseCacheForAllThreads(45)) - PERFORMANCE WARNING: useCacheForAllThreads is true that may cause Netty to create a lot garbage objects and, as a result, trigger GC.
	It is recommended to disable useCacheForAllThreads by setting -Dorg.apache.ratis.thirdparty.io.netty.allocator.useCacheForAllThreads=false in command line.
2019-10-04 13:59:32,074 [main] INFO  grpc.GrpcConfigKeys$Server (ConfUtils.java:logGet(43)) - raft.grpc.server.port = 0 (default)
2019-10-04 13:59:32,074 [main] INFO  server.GrpcService (ConfUtils.java:logGet(43)) - raft.grpc.message.size.max = 33570816 (custom)
2019-10-04 13:59:32,075 [main] INFO  server.RaftServerConfigKeys (ConfUtils.java:logGet(43)) - raft.server.log.appender.buffer.byte-limit = 33554432 (custom)
2019-10-04 13:59:32,075 [main] INFO  server.GrpcService (ConfUtils.java:logGet(43)) - raft.grpc.flow.control.window = 1MB (=1048576) (default)
2019-10-04 13:59:32,075 [main] INFO  server.RaftServerConfigKeys (ConfUtils.java:logGet(43)) - raft.server.rpc.request.timeout = 3000ms (default)
2019-10-04 13:59:32,075 [main] INFO  server.RaftServerConfigKeys (ConfUtils.java:logGet(43)) - raft.server.storage.dir = [/workdir/hadoop-ozone/integration-test/target/test-dir/MiniOzoneClusterImpl-b58f7dbf-e141-4fb4-9e03-51abb4d48b5c/datanode-2/data/ratis] (custom)
2019-10-04 13:59:32,076 [main] INFO  hdfs.DFSUtil (DFSUtil.java:httpServerTemplateForNNAndJN(1641)) - Starting Web-server for hddsDatanode at: http://0.0.0.0:0
2019-10-04 13:59:32,077 [main] INFO  server.AuthenticationFilter (AuthenticationFilter.java:constructSecretProvider(240)) - Unable to initialize FileSignerSecretProvider, falling back to use random secrets.
2019-10-04 13:59:32,078 [main] WARN  http.HttpRequestLog (HttpRequestLog.java:getRequestLog(97)) - Jetty request log can only be enabled using Log4j
2019-10-04 13:59:32,079 [main] INFO  http.HttpServer2 (HttpServer2.java:addGlobalFilter(975)) - Added global filter 'safety' (class=org.apache.hadoop.http.HttpServer2$QuotingInputFilter)
2019-10-04 13:59:32,079 [main] INFO  http.HttpServer2 (HttpServer2.java:addFilter(948)) - Added filter static_user_filter (class=org.apache.hadoop.http.lib.StaticUserWebFilter$StaticUserFilter) to context hddsDatanode
2019-10-04 13:59:32,079 [main] INFO  http.HttpServer2 (HttpServer2.java:addFilter(958)) - Added filter static_user_filter (class=org.apache.hadoop.http.lib.StaticUserWebFilter$StaticUserFilter) to context static
2019-10-04 13:59:32,079 [main] INFO  http.HttpServer2 (HttpServer2.java:addFilter(958)) - Added filter static_user_filter (class=org.apache.hadoop.http.lib.StaticUserWebFilter$StaticUserFilter) to context logs
2019-10-04 13:59:32,080 [main] INFO  http.HttpServer2 (HttpServer2.java:bindListener(1191)) - Jetty bound to port 39616
2019-10-04 13:59:32,080 [main] INFO  server.Server (Server.java:doStart(351)) - jetty-9.3.25.v20180904, build timestamp: 2018-09-04T21:11:46Z, git hash: 3ce520221d0240229c862b122d2b06c12a625732
2019-10-04 13:59:32,082 [main] INFO  handler.ContextHandler (ContextHandler.java:doStart(781)) - Started o.e.j.s.ServletContextHandler@41aebbb4{/logs,file:///workdir/hadoop-ozone/integration-test/target/log,AVAILABLE}
2019-10-04 13:59:32,082 [main] INFO  handler.ContextHandler (ContextHandler.java:doStart(781)) - Started o.e.j.s.ServletContextHandler@5a592c70{/static,jar:file:/home/user/.m2/repository/org/apache/hadoop/hadoop-hdds-container-service/0.5.0-SNAPSHOT/hadoop-hdds-container-service-0.5.0-SNAPSHOT.jar!/webapps/static,AVAILABLE}
2019-10-04 13:59:32,109 [main] INFO  handler.ContextHandler (ContextHandler.java:doStart(781)) - Started o.e.j.w.WebAppContext@6870cfac{/,file:///tmp/jetty-0.0.0.0-39616-hddsDatanode-_-any-6257035940733273075.dir/webapp/,AVAILABLE}{/hddsDatanode}
2019-10-04 13:59:32,110 [main] INFO  server.AbstractConnector (AbstractConnector.java:doStart(278)) - Started ServerConnector@45554613{HTTP/1.1,[http/1.1]}{0.0.0.0:39616}
2019-10-04 13:59:32,111 [main] INFO  server.Server (Server.java:doStart(419)) - Started @208447ms
2019-10-04 13:59:32,111 [main] WARN  impl.MetricsSystemImpl (MetricsSystemImpl.java:register(276)) - Sink prometheus already exists!
2019-10-04 13:59:32,112 [main] INFO  server.BaseHttpServer (BaseHttpServer.java:updateConnectorAddress(215)) - HTTP server of HDDSDATANODE is listening at http://0.0.0.0:39616
2019-10-04 13:59:32,112 [main] INFO  impl.MetricsSystemImpl (MetricsSystemImpl.java:init(158)) - HddsDatanode metrics system started (again)
2019-10-04 13:59:32,116 [org.apache.hadoop.util.JvmPauseMonitor$Monitor@4310fcb] INFO  util.JvmPauseMonitor (JvmPauseMonitor.java:run(188)) - Starting JVM pause monitor
2019-10-04 13:59:32,116 [main] INFO  ozone.HddsDatanodeService (HddsDatanodeService.java:start(184)) - HddsDatanodeService host:pr-hdds-2250-79kh4-2414028627 ip:192.168.164.251
2019-10-04 13:59:32,117 [Datanode State Machine Thread - 0] INFO  datanode.InitDatanodeState (InitDatanodeState.java:persistContainerDatanodeDetails(140)) - DatanodeDetails is persisted to /workdir/hadoop-ozone/integration-test/target/test-dir/MiniOzoneClusterImpl-b58f7dbf-e141-4fb4-9e03-51abb4d48b5c/datanode-2/meta/datanode.id
2019-10-04 13:59:32,122 [main] INFO  volume.HddsVolume (HddsVolume.java:<init>(176)) - Creating Volume: /workdir/hadoop-ozone/integration-test/target/test-dir/MiniOzoneClusterImpl-b58f7dbf-e141-4fb4-9e03-51abb4d48b5c/datanode-3/data/containers/hdds of  storage type : DISK and capacity : 1482555576320
2019-10-04 13:59:32,122 [main] INFO  volume.VolumeSet (VolumeSet.java:initializeVolumeSet(170)) - Added Volume : /workdir/hadoop-ozone/integration-test/target/test-dir/MiniOzoneClusterImpl-b58f7dbf-e141-4fb4-9e03-51abb4d48b5c/datanode-3/data/containers/hdds to VolumeSet
2019-10-04 13:59:32,122 [main] INFO  volume.ThrottledAsyncChecker (ThrottledAsyncChecker.java:schedule(139)) - Scheduling a check for org.apache.hadoop.ozone.container.common.volume.HddsVolume@17c4dc5b
2019-10-04 13:59:32,123 [main] INFO  volume.HddsVolumeChecker (HddsVolumeChecker.java:checkAllVolumes(202)) - Scheduled health check for volume org.apache.hadoop.ozone.container.common.volume.HddsVolume@17c4dc5b
2019-10-04 13:59:32,146 [main] INFO  impl.RaftServerProxy (ConfUtils.java:logGet(43)) - raft.rpc.type = GRPC (default)
2019-10-04 13:59:32,146 [main] INFO  grpc.GrpcFactory (GrpcFactory.java:checkPooledByteBufAllocatorUseCacheForAllThreads(45)) - PERFORMANCE WARNING: useCacheForAllThreads is true that may cause Netty to create a lot garbage objects and, as a result, trigger GC.
	It is recommended to disable useCacheForAllThreads by setting -Dorg.apache.ratis.thirdparty.io.netty.allocator.useCacheForAllThreads=false in command line.
2019-10-04 13:59:32,146 [main] INFO  grpc.GrpcConfigKeys$Server (ConfUtils.java:logGet(43)) - raft.grpc.server.port = 0 (default)
2019-10-04 13:59:32,146 [main] INFO  server.GrpcService (ConfUtils.java:logGet(43)) - raft.grpc.message.size.max = 33570816 (custom)
2019-10-04 13:59:32,147 [main] INFO  server.RaftServerConfigKeys (ConfUtils.java:logGet(43)) - raft.server.log.appender.buffer.byte-limit = 33554432 (custom)
2019-10-04 13:59:32,147 [main] INFO  server.GrpcService (ConfUtils.java:logGet(43)) - raft.grpc.flow.control.window = 1MB (=1048576) (default)
2019-10-04 13:59:32,147 [main] INFO  server.RaftServerConfigKeys (ConfUtils.java:logGet(43)) - raft.server.rpc.request.timeout = 3000ms (default)
2019-10-04 13:59:32,148 [main] INFO  server.RaftServerConfigKeys (ConfUtils.java:logGet(43)) - raft.server.storage.dir = [/workdir/hadoop-ozone/integration-test/target/test-dir/MiniOzoneClusterImpl-b58f7dbf-e141-4fb4-9e03-51abb4d48b5c/datanode-3/data/ratis] (custom)
2019-10-04 13:59:32,149 [main] INFO  hdfs.DFSUtil (DFSUtil.java:httpServerTemplateForNNAndJN(1641)) - Starting Web-server for hddsDatanode at: http://0.0.0.0:0
2019-10-04 13:59:32,151 [main] INFO  server.AuthenticationFilter (AuthenticationFilter.java:constructSecretProvider(240)) - Unable to initialize FileSignerSecretProvider, falling back to use random secrets.
2019-10-04 13:59:32,151 [main] WARN  http.HttpRequestLog (HttpRequestLog.java:getRequestLog(97)) - Jetty request log can only be enabled using Log4j
2019-10-04 13:59:32,153 [main] INFO  http.HttpServer2 (HttpServer2.java:addGlobalFilter(975)) - Added global filter 'safety' (class=org.apache.hadoop.http.HttpServer2$QuotingInputFilter)
2019-10-04 13:59:32,154 [main] INFO  http.HttpServer2 (HttpServer2.java:addFilter(948)) - Added filter static_user_filter (class=org.apache.hadoop.http.lib.StaticUserWebFilter$StaticUserFilter) to context hddsDatanode
2019-10-04 13:59:32,154 [main] INFO  http.HttpServer2 (HttpServer2.java:addFilter(958)) - Added filter static_user_filter (class=org.apache.hadoop.http.lib.StaticUserWebFilter$StaticUserFilter) to context logs
2019-10-04 13:59:32,154 [main] INFO  http.HttpServer2 (HttpServer2.java:addFilter(958)) - Added filter static_user_filter (class=org.apache.hadoop.http.lib.StaticUserWebFilter$StaticUserFilter) to context static
2019-10-04 13:59:32,155 [main] INFO  http.HttpServer2 (HttpServer2.java:bindListener(1191)) - Jetty bound to port 37856
2019-10-04 13:59:32,155 [main] INFO  server.Server (Server.java:doStart(351)) - jetty-9.3.25.v20180904, build timestamp: 2018-09-04T21:11:46Z, git hash: 3ce520221d0240229c862b122d2b06c12a625732
2019-10-04 13:59:32,157 [main] INFO  handler.ContextHandler (ContextHandler.java:doStart(781)) - Started o.e.j.s.ServletContextHandler@740b9a50{/logs,file:///workdir/hadoop-ozone/integration-test/target/log,AVAILABLE}
2019-10-04 13:59:32,158 [main] INFO  handler.ContextHandler (ContextHandler.java:doStart(781)) - Started o.e.j.s.ServletContextHandler@5111de7c{/static,jar:file:/home/user/.m2/repository/org/apache/hadoop/hadoop-hdds-container-service/0.5.0-SNAPSHOT/hadoop-hdds-container-service-0.5.0-SNAPSHOT.jar!/webapps/static,AVAILABLE}
2019-10-04 13:59:32,189 [main] INFO  handler.ContextHandler (ContextHandler.java:doStart(781)) - Started o.e.j.w.WebAppContext@448462f0{/,file:///tmp/jetty-0.0.0.0-37856-hddsDatanode-_-any-8973549740482120564.dir/webapp/,AVAILABLE}{/hddsDatanode}
2019-10-04 13:59:32,190 [main] INFO  server.AbstractConnector (AbstractConnector.java:doStart(278)) - Started ServerConnector@787988f4{HTTP/1.1,[http/1.1]}{0.0.0.0:37856}
2019-10-04 13:59:32,192 [main] INFO  server.Server (Server.java:doStart(419)) - Started @208528ms
2019-10-04 13:59:32,192 [main] WARN  impl.MetricsSystemImpl (MetricsSystemImpl.java:register(276)) - Sink prometheus already exists!
2019-10-04 13:59:32,193 [main] INFO  server.BaseHttpServer (BaseHttpServer.java:updateConnectorAddress(215)) - HTTP server of HDDSDATANODE is listening at http://0.0.0.0:37856
2019-10-04 13:59:32,193 [main] INFO  impl.MetricsSystemImpl (MetricsSystemImpl.java:init(158)) - HddsDatanode metrics system started (again)
2019-10-04 13:59:32,198 [org.apache.hadoop.util.JvmPauseMonitor$Monitor@6ad0e815] INFO  util.JvmPauseMonitor (JvmPauseMonitor.java:run(188)) - Starting JVM pause monitor
2019-10-04 13:59:32,199 [main] INFO  ozone.HddsDatanodeService (HddsDatanodeService.java:start(184)) - HddsDatanodeService host:pr-hdds-2250-79kh4-2414028627 ip:192.168.164.251
2019-10-04 13:59:32,199 [Datanode State Machine Thread - 0] INFO  datanode.InitDatanodeState (InitDatanodeState.java:persistContainerDatanodeDetails(140)) - DatanodeDetails is persisted to /workdir/hadoop-ozone/integration-test/target/test-dir/MiniOzoneClusterImpl-b58f7dbf-e141-4fb4-9e03-51abb4d48b5c/datanode-3/meta/datanode.id
2019-10-04 13:59:32,205 [main] INFO  volume.HddsVolume (HddsVolume.java:<init>(176)) - Creating Volume: /workdir/hadoop-ozone/integration-test/target/test-dir/MiniOzoneClusterImpl-b58f7dbf-e141-4fb4-9e03-51abb4d48b5c/datanode-4/data/containers/hdds of  storage type : DISK and capacity : 1482555576320
2019-10-04 13:59:32,206 [main] INFO  volume.VolumeSet (VolumeSet.java:initializeVolumeSet(170)) - Added Volume : /workdir/hadoop-ozone/integration-test/target/test-dir/MiniOzoneClusterImpl-b58f7dbf-e141-4fb4-9e03-51abb4d48b5c/datanode-4/data/containers/hdds to VolumeSet
2019-10-04 13:59:32,206 [main] INFO  volume.ThrottledAsyncChecker (ThrottledAsyncChecker.java:schedule(139)) - Scheduling a check for org.apache.hadoop.ozone.container.common.volume.HddsVolume@4aaecabd
2019-10-04 13:59:32,206 [main] INFO  volume.HddsVolumeChecker (HddsVolumeChecker.java:checkAllVolumes(202)) - Scheduled health check for volume org.apache.hadoop.ozone.container.common.volume.HddsVolume@4aaecabd
2019-10-04 13:59:32,218 [main] INFO  impl.RaftServerProxy (ConfUtils.java:logGet(43)) - raft.rpc.type = GRPC (default)
2019-10-04 13:59:32,218 [main] INFO  grpc.GrpcFactory (GrpcFactory.java:checkPooledByteBufAllocatorUseCacheForAllThreads(45)) - PERFORMANCE WARNING: useCacheForAllThreads is true that may cause Netty to create a lot garbage objects and, as a result, trigger GC.
	It is recommended to disable useCacheForAllThreads by setting -Dorg.apache.ratis.thirdparty.io.netty.allocator.useCacheForAllThreads=false in command line.
2019-10-04 13:59:32,218 [main] INFO  grpc.GrpcConfigKeys$Server (ConfUtils.java:logGet(43)) - raft.grpc.server.port = 0 (default)
2019-10-04 13:59:32,219 [main] INFO  server.GrpcService (ConfUtils.java:logGet(43)) - raft.grpc.message.size.max = 33570816 (custom)
2019-10-04 13:59:32,219 [main] INFO  server.RaftServerConfigKeys (ConfUtils.java:logGet(43)) - raft.server.log.appender.buffer.byte-limit = 33554432 (custom)
2019-10-04 13:59:32,219 [main] INFO  server.GrpcService (ConfUtils.java:logGet(43)) - raft.grpc.flow.control.window = 1MB (=1048576) (default)
2019-10-04 13:59:32,219 [main] INFO  server.RaftServerConfigKeys (ConfUtils.java:logGet(43)) - raft.server.rpc.request.timeout = 3000ms (default)
2019-10-04 13:59:32,220 [main] INFO  server.RaftServerConfigKeys (ConfUtils.java:logGet(43)) - raft.server.storage.dir = [/workdir/hadoop-ozone/integration-test/target/test-dir/MiniOzoneClusterImpl-b58f7dbf-e141-4fb4-9e03-51abb4d48b5c/datanode-4/data/ratis] (custom)
2019-10-04 13:59:32,221 [main] INFO  hdfs.DFSUtil (DFSUtil.java:httpServerTemplateForNNAndJN(1641)) - Starting Web-server for hddsDatanode at: http://0.0.0.0:0
2019-10-04 13:59:32,222 [main] INFO  server.AuthenticationFilter (AuthenticationFilter.java:constructSecretProvider(240)) - Unable to initialize FileSignerSecretProvider, falling back to use random secrets.
2019-10-04 13:59:32,222 [main] WARN  http.HttpRequestLog (HttpRequestLog.java:getRequestLog(97)) - Jetty request log can only be enabled using Log4j
2019-10-04 13:59:32,223 [main] INFO  http.HttpServer2 (HttpServer2.java:addGlobalFilter(975)) - Added global filter 'safety' (class=org.apache.hadoop.http.HttpServer2$QuotingInputFilter)
2019-10-04 13:59:32,224 [main] INFO  http.HttpServer2 (HttpServer2.java:addFilter(948)) - Added filter static_user_filter (class=org.apache.hadoop.http.lib.StaticUserWebFilter$StaticUserFilter) to context hddsDatanode
2019-10-04 13:59:32,224 [main] INFO  http.HttpServer2 (HttpServer2.java:addFilter(958)) - Added filter static_user_filter (class=org.apache.hadoop.http.lib.StaticUserWebFilter$StaticUserFilter) to context static
2019-10-04 13:59:32,224 [main] INFO  http.HttpServer2 (HttpServer2.java:addFilter(958)) - Added filter static_user_filter (class=org.apache.hadoop.http.lib.StaticUserWebFilter$StaticUserFilter) to context logs
2019-10-04 13:59:32,225 [main] INFO  http.HttpServer2 (HttpServer2.java:bindListener(1191)) - Jetty bound to port 43459
2019-10-04 13:59:32,225 [main] INFO  server.Server (Server.java:doStart(351)) - jetty-9.3.25.v20180904, build timestamp: 2018-09-04T21:11:46Z, git hash: 3ce520221d0240229c862b122d2b06c12a625732
2019-10-04 13:59:32,226 [main] INFO  handler.ContextHandler (ContextHandler.java:doStart(781)) - Started o.e.j.s.ServletContextHandler@7739aac4{/logs,file:///workdir/hadoop-ozone/integration-test/target/log,AVAILABLE}
2019-10-04 13:59:32,227 [main] INFO  handler.ContextHandler (ContextHandler.java:doStart(781)) - Started o.e.j.s.ServletContextHandler@36c07c75{/static,jar:file:/home/user/.m2/repository/org/apache/hadoop/hadoop-hdds-container-service/0.5.0-SNAPSHOT/hadoop-hdds-container-service-0.5.0-SNAPSHOT.jar!/webapps/static,AVAILABLE}
2019-10-04 13:59:32,255 [main] INFO  handler.ContextHandler (ContextHandler.java:doStart(781)) - Started o.e.j.w.WebAppContext@7a66c35a{/,file:///tmp/jetty-0.0.0.0-43459-hddsDatanode-_-any-11419873083330445.dir/webapp/,AVAILABLE}{/hddsDatanode}
2019-10-04 13:59:32,256 [main] INFO  server.AbstractConnector (AbstractConnector.java:doStart(278)) - Started ServerConnector@7994a0d1{HTTP/1.1,[http/1.1]}{0.0.0.0:43459}
2019-10-04 13:59:32,257 [main] INFO  server.Server (Server.java:doStart(419)) - Started @208594ms
2019-10-04 13:59:32,257 [main] WARN  impl.MetricsSystemImpl (MetricsSystemImpl.java:register(276)) - Sink prometheus already exists!
2019-10-04 13:59:32,258 [main] INFO  server.BaseHttpServer (BaseHttpServer.java:updateConnectorAddress(215)) - HTTP server of HDDSDATANODE is listening at http://0.0.0.0:43459
2019-10-04 13:59:32,258 [main] INFO  impl.MetricsSystemImpl (MetricsSystemImpl.java:init(158)) - HddsDatanode metrics system started (again)
2019-10-04 13:59:32,263 [org.apache.hadoop.util.JvmPauseMonitor$Monitor@12e4ce] INFO  util.JvmPauseMonitor (JvmPauseMonitor.java:run(188)) - Starting JVM pause monitor
2019-10-04 13:59:32,264 [main] INFO  ozone.HddsDatanodeService (HddsDatanodeService.java:start(184)) - HddsDatanodeService host:pr-hdds-2250-79kh4-2414028627 ip:192.168.164.251
2019-10-04 13:59:32,264 [Datanode State Machine Thread - 0] INFO  datanode.InitDatanodeState (InitDatanodeState.java:persistContainerDatanodeDetails(140)) - DatanodeDetails is persisted to /workdir/hadoop-ozone/integration-test/target/test-dir/MiniOzoneClusterImpl-b58f7dbf-e141-4fb4-9e03-51abb4d48b5c/datanode-4/meta/datanode.id
2019-10-04 13:59:32,270 [main] INFO  volume.HddsVolume (HddsVolume.java:<init>(176)) - Creating Volume: /workdir/hadoop-ozone/integration-test/target/test-dir/MiniOzoneClusterImpl-b58f7dbf-e141-4fb4-9e03-51abb4d48b5c/datanode-5/data/containers/hdds of  storage type : DISK and capacity : 1482555576320
2019-10-04 13:59:32,270 [main] INFO  volume.VolumeSet (VolumeSet.java:initializeVolumeSet(170)) - Added Volume : /workdir/hadoop-ozone/integration-test/target/test-dir/MiniOzoneClusterImpl-b58f7dbf-e141-4fb4-9e03-51abb4d48b5c/datanode-5/data/containers/hdds to VolumeSet
2019-10-04 13:59:32,270 [main] INFO  volume.ThrottledAsyncChecker (ThrottledAsyncChecker.java:schedule(139)) - Scheduling a check for org.apache.hadoop.ozone.container.common.volume.HddsVolume@3bbf1c0d
2019-10-04 13:59:32,270 [main] INFO  volume.HddsVolumeChecker (HddsVolumeChecker.java:checkAllVolumes(202)) - Scheduled health check for volume org.apache.hadoop.ozone.container.common.volume.HddsVolume@3bbf1c0d
2019-10-04 13:59:32,283 [main] INFO  impl.RaftServerProxy (ConfUtils.java:logGet(43)) - raft.rpc.type = GRPC (default)
2019-10-04 13:59:32,283 [main] INFO  grpc.GrpcFactory (GrpcFactory.java:checkPooledByteBufAllocatorUseCacheForAllThreads(45)) - PERFORMANCE WARNING: useCacheForAllThreads is true that may cause Netty to create a lot garbage objects and, as a result, trigger GC.
	It is recommended to disable useCacheForAllThreads by setting -Dorg.apache.ratis.thirdparty.io.netty.allocator.useCacheForAllThreads=false in command line.
2019-10-04 13:59:32,283 [main] INFO  grpc.GrpcConfigKeys$Server (ConfUtils.java:logGet(43)) - raft.grpc.server.port = 0 (default)
2019-10-04 13:59:32,284 [main] INFO  server.GrpcService (ConfUtils.java:logGet(43)) - raft.grpc.message.size.max = 33570816 (custom)
2019-10-04 13:59:32,284 [main] INFO  server.RaftServerConfigKeys (ConfUtils.java:logGet(43)) - raft.server.log.appender.buffer.byte-limit = 33554432 (custom)
2019-10-04 13:59:32,284 [main] INFO  server.GrpcService (ConfUtils.java:logGet(43)) - raft.grpc.flow.control.window = 1MB (=1048576) (default)
2019-10-04 13:59:32,285 [main] INFO  server.RaftServerConfigKeys (ConfUtils.java:logGet(43)) - raft.server.rpc.request.timeout = 3000ms (default)
2019-10-04 13:59:32,286 [main] INFO  server.RaftServerConfigKeys (ConfUtils.java:logGet(43)) - raft.server.storage.dir = [/workdir/hadoop-ozone/integration-test/target/test-dir/MiniOzoneClusterImpl-b58f7dbf-e141-4fb4-9e03-51abb4d48b5c/datanode-5/data/ratis] (custom)
2019-10-04 13:59:32,287 [main] INFO  hdfs.DFSUtil (DFSUtil.java:httpServerTemplateForNNAndJN(1641)) - Starting Web-server for hddsDatanode at: http://0.0.0.0:0
2019-10-04 13:59:32,288 [main] INFO  server.AuthenticationFilter (AuthenticationFilter.java:constructSecretProvider(240)) - Unable to initialize FileSignerSecretProvider, falling back to use random secrets.
2019-10-04 13:59:32,288 [main] WARN  http.HttpRequestLog (HttpRequestLog.java:getRequestLog(97)) - Jetty request log can only be enabled using Log4j
2019-10-04 13:59:32,290 [main] INFO  http.HttpServer2 (HttpServer2.java:addGlobalFilter(975)) - Added global filter 'safety' (class=org.apache.hadoop.http.HttpServer2$QuotingInputFilter)
2019-10-04 13:59:32,290 [main] INFO  http.HttpServer2 (HttpServer2.java:addFilter(948)) - Added filter static_user_filter (class=org.apache.hadoop.http.lib.StaticUserWebFilter$StaticUserFilter) to context hddsDatanode
2019-10-04 13:59:32,290 [main] INFO  http.HttpServer2 (HttpServer2.java:addFilter(958)) - Added filter static_user_filter (class=org.apache.hadoop.http.lib.StaticUserWebFilter$StaticUserFilter) to context static
2019-10-04 13:59:32,290 [main] INFO  http.HttpServer2 (HttpServer2.java:addFilter(958)) - Added filter static_user_filter (class=org.apache.hadoop.http.lib.StaticUserWebFilter$StaticUserFilter) to context logs
2019-10-04 13:59:32,291 [main] INFO  http.HttpServer2 (HttpServer2.java:bindListener(1191)) - Jetty bound to port 33780
2019-10-04 13:59:32,291 [main] INFO  server.Server (Server.java:doStart(351)) - jetty-9.3.25.v20180904, build timestamp: 2018-09-04T21:11:46Z, git hash: 3ce520221d0240229c862b122d2b06c12a625732
2019-10-04 13:59:32,292 [main] INFO  handler.ContextHandler (ContextHandler.java:doStart(781)) - Started o.e.j.s.ServletContextHandler@5f8f1712{/logs,file:///workdir/hadoop-ozone/integration-test/target/log,AVAILABLE}
2019-10-04 13:59:32,293 [main] INFO  handler.ContextHandler (ContextHandler.java:doStart(781)) - Started o.e.j.s.ServletContextHandler@52ecc989{/static,jar:file:/home/user/.m2/repository/org/apache/hadoop/hadoop-hdds-container-service/0.5.0-SNAPSHOT/hadoop-hdds-container-service-0.5.0-SNAPSHOT.jar!/webapps/static,AVAILABLE}
2019-10-04 13:59:32,320 [main] INFO  handler.ContextHandler (ContextHandler.java:doStart(781)) - Started o.e.j.w.WebAppContext@5ea7bc4{/,file:///tmp/jetty-0.0.0.0-33780-hddsDatanode-_-any-5100144094433759832.dir/webapp/,AVAILABLE}{/hddsDatanode}
2019-10-04 13:59:32,320 [main] INFO  server.AbstractConnector (AbstractConnector.java:doStart(278)) - Started ServerConnector@39d77de9{HTTP/1.1,[http/1.1]}{0.0.0.0:33780}
2019-10-04 13:59:32,322 [main] INFO  server.Server (Server.java:doStart(419)) - Started @208658ms
2019-10-04 13:59:32,322 [main] WARN  impl.MetricsSystemImpl (MetricsSystemImpl.java:register(276)) - Sink prometheus already exists!
2019-10-04 13:59:32,323 [main] INFO  server.BaseHttpServer (BaseHttpServer.java:updateConnectorAddress(215)) - HTTP server of HDDSDATANODE is listening at http://0.0.0.0:33780
2019-10-04 13:59:32,323 [main] INFO  impl.MetricsSystemImpl (MetricsSystemImpl.java:init(158)) - HddsDatanode metrics system started (again)
2019-10-04 13:59:32,328 [org.apache.hadoop.util.JvmPauseMonitor$Monitor@75c07cbb] INFO  util.JvmPauseMonitor (JvmPauseMonitor.java:run(188)) - Starting JVM pause monitor
2019-10-04 13:59:32,328 [main] INFO  ozone.HddsDatanodeService (HddsDatanodeService.java:start(184)) - HddsDatanodeService host:pr-hdds-2250-79kh4-2414028627 ip:192.168.164.251
2019-10-04 13:59:32,329 [Datanode State Machine Thread - 0] INFO  datanode.InitDatanodeState (InitDatanodeState.java:persistContainerDatanodeDetails(140)) - DatanodeDetails is persisted to /workdir/hadoop-ozone/integration-test/target/test-dir/MiniOzoneClusterImpl-b58f7dbf-e141-4fb4-9e03-51abb4d48b5c/datanode-5/meta/datanode.id
2019-10-04 13:59:32,334 [main] INFO  volume.HddsVolume (HddsVolume.java:<init>(176)) - Creating Volume: /workdir/hadoop-ozone/integration-test/target/test-dir/MiniOzoneClusterImpl-b58f7dbf-e141-4fb4-9e03-51abb4d48b5c/datanode-6/data/containers/hdds of  storage type : DISK and capacity : 1482555576320
2019-10-04 13:59:32,334 [main] INFO  volume.VolumeSet (VolumeSet.java:initializeVolumeSet(170)) - Added Volume : /workdir/hadoop-ozone/integration-test/target/test-dir/MiniOzoneClusterImpl-b58f7dbf-e141-4fb4-9e03-51abb4d48b5c/datanode-6/data/containers/hdds to VolumeSet
2019-10-04 13:59:32,334 [main] INFO  volume.ThrottledAsyncChecker (ThrottledAsyncChecker.java:schedule(139)) - Scheduling a check for org.apache.hadoop.ozone.container.common.volume.HddsVolume@47fcefb3
2019-10-04 13:59:32,335 [main] INFO  volume.HddsVolumeChecker (HddsVolumeChecker.java:checkAllVolumes(202)) - Scheduled health check for volume org.apache.hadoop.ozone.container.common.volume.HddsVolume@47fcefb3
2019-10-04 13:59:32,348 [main] INFO  impl.RaftServerProxy (ConfUtils.java:logGet(43)) - raft.rpc.type = GRPC (default)
2019-10-04 13:59:32,349 [main] INFO  grpc.GrpcFactory (GrpcFactory.java:checkPooledByteBufAllocatorUseCacheForAllThreads(45)) - PERFORMANCE WARNING: useCacheForAllThreads is true that may cause Netty to create a lot garbage objects and, as a result, trigger GC.
	It is recommended to disable useCacheForAllThreads by setting -Dorg.apache.ratis.thirdparty.io.netty.allocator.useCacheForAllThreads=false in command line.
2019-10-04 13:59:32,349 [main] INFO  grpc.GrpcConfigKeys$Server (ConfUtils.java:logGet(43)) - raft.grpc.server.port = 0 (default)
2019-10-04 13:59:32,349 [main] INFO  server.GrpcService (ConfUtils.java:logGet(43)) - raft.grpc.message.size.max = 33570816 (custom)
2019-10-04 13:59:32,349 [main] INFO  server.RaftServerConfigKeys (ConfUtils.java:logGet(43)) - raft.server.log.appender.buffer.byte-limit = 33554432 (custom)
2019-10-04 13:59:32,349 [main] INFO  server.GrpcService (ConfUtils.java:logGet(43)) - raft.grpc.flow.control.window = 1MB (=1048576) (default)
2019-10-04 13:59:32,349 [main] INFO  server.RaftServerConfigKeys (ConfUtils.java:logGet(43)) - raft.server.rpc.request.timeout = 3000ms (default)
2019-10-04 13:59:32,350 [main] INFO  server.RaftServerConfigKeys (ConfUtils.java:logGet(43)) - raft.server.storage.dir = [/workdir/hadoop-ozone/integration-test/target/test-dir/MiniOzoneClusterImpl-b58f7dbf-e141-4fb4-9e03-51abb4d48b5c/datanode-6/data/ratis] (custom)
2019-10-04 13:59:32,351 [main] INFO  hdfs.DFSUtil (DFSUtil.java:httpServerTemplateForNNAndJN(1641)) - Starting Web-server for hddsDatanode at: http://0.0.0.0:0
2019-10-04 13:59:32,352 [main] INFO  server.AuthenticationFilter (AuthenticationFilter.java:constructSecretProvider(240)) - Unable to initialize FileSignerSecretProvider, falling back to use random secrets.
2019-10-04 13:59:32,352 [main] WARN  http.HttpRequestLog (HttpRequestLog.java:getRequestLog(97)) - Jetty request log can only be enabled using Log4j
2019-10-04 13:59:32,354 [main] INFO  http.HttpServer2 (HttpServer2.java:addGlobalFilter(975)) - Added global filter 'safety' (class=org.apache.hadoop.http.HttpServer2$QuotingInputFilter)
2019-10-04 13:59:32,354 [main] INFO  http.HttpServer2 (HttpServer2.java:addFilter(948)) - Added filter static_user_filter (class=org.apache.hadoop.http.lib.StaticUserWebFilter$StaticUserFilter) to context hddsDatanode
2019-10-04 13:59:32,354 [main] INFO  http.HttpServer2 (HttpServer2.java:addFilter(958)) - Added filter static_user_filter (class=org.apache.hadoop.http.lib.StaticUserWebFilter$StaticUserFilter) to context logs
2019-10-04 13:59:32,355 [main] INFO  http.HttpServer2 (HttpServer2.java:addFilter(958)) - Added filter static_user_filter (class=org.apache.hadoop.http.lib.StaticUserWebFilter$StaticUserFilter) to context static
2019-10-04 13:59:32,355 [main] INFO  http.HttpServer2 (HttpServer2.java:bindListener(1191)) - Jetty bound to port 38481
2019-10-04 13:59:32,355 [main] INFO  server.Server (Server.java:doStart(351)) - jetty-9.3.25.v20180904, build timestamp: 2018-09-04T21:11:46Z, git hash: 3ce520221d0240229c862b122d2b06c12a625732
2019-10-04 13:59:32,357 [main] INFO  handler.ContextHandler (ContextHandler.java:doStart(781)) - Started o.e.j.s.ServletContextHandler@7b8ea1db{/logs,file:///workdir/hadoop-ozone/integration-test/target/log,AVAILABLE}
2019-10-04 13:59:32,357 [main] INFO  handler.ContextHandler (ContextHandler.java:doStart(781)) - Started o.e.j.s.ServletContextHandler@77083e41{/static,jar:file:/home/user/.m2/repository/org/apache/hadoop/hadoop-hdds-container-service/0.5.0-SNAPSHOT/hadoop-hdds-container-service-0.5.0-SNAPSHOT.jar!/webapps/static,AVAILABLE}
2019-10-04 13:59:32,382 [main] INFO  handler.ContextHandler (ContextHandler.java:doStart(781)) - Started o.e.j.w.WebAppContext@68dfda77{/,file:///tmp/jetty-0.0.0.0-38481-hddsDatanode-_-any-1432039749820963861.dir/webapp/,AVAILABLE}{/hddsDatanode}
2019-10-04 13:59:32,382 [main] INFO  server.AbstractConnector (AbstractConnector.java:doStart(278)) - Started ServerConnector@50cdfafa{HTTP/1.1,[http/1.1]}{0.0.0.0:38481}
2019-10-04 13:59:32,384 [main] INFO  server.Server (Server.java:doStart(419)) - Started @208720ms
2019-10-04 13:59:32,384 [main] WARN  impl.MetricsSystemImpl (MetricsSystemImpl.java:register(276)) - Sink prometheus already exists!
2019-10-04 13:59:32,385 [main] INFO  server.BaseHttpServer (BaseHttpServer.java:updateConnectorAddress(215)) - HTTP server of HDDSDATANODE is listening at http://0.0.0.0:38481
2019-10-04 13:59:32,385 [main] INFO  ozone.MiniOzoneClusterImpl (MiniOzoneClusterImpl.java:lambda$waitForClusterToBeReady$0(147)) - Waiting for cluster to be ready. Got 0 of 7 DN Heartbeats.
2019-10-04 13:59:32,386 [org.apache.hadoop.util.JvmPauseMonitor$Monitor@491142c2] INFO  util.JvmPauseMonitor (JvmPauseMonitor.java:run(188)) - Starting JVM pause monitor
2019-10-04 13:59:32,387 [Datanode State Machine Thread - 0] INFO  datanode.InitDatanodeState (InitDatanodeState.java:persistContainerDatanodeDetails(140)) - DatanodeDetails is persisted to /workdir/hadoop-ozone/integration-test/target/test-dir/MiniOzoneClusterImpl-b58f7dbf-e141-4fb4-9e03-51abb4d48b5c/datanode-6/meta/datanode.id
2019-10-04 13:59:33,386 [main] INFO  ozone.MiniOzoneClusterImpl (MiniOzoneClusterImpl.java:lambda$waitForClusterToBeReady$0(147)) - Waiting for cluster to be ready. Got 0 of 7 DN Heartbeats.
2019-10-04 13:59:34,040 [Datanode State Machine Thread - 0] INFO  ozoneimpl.OzoneContainer (OzoneContainer.java:start(217)) - Attempting to start container services.
2019-10-04 13:59:34,040 [Datanode State Machine Thread - 0] INFO  ozoneimpl.OzoneContainer (OzoneContainer.java:startContainerScrub(179)) - Background container scanner has been disabled.
2019-10-04 13:59:34,041 [Datanode State Machine Thread - 0] INFO  ratis.XceiverServerRatis (XceiverServerRatis.java:start(417)) - Starting XceiverServerRatis f39952d6-4726-40ea-9596-deb9207d8926 at port 0
2019-10-04 13:59:34,046 [Datanode State Machine Thread - 0] INFO  impl.RaftServerProxy (RaftServerProxy.java:lambda$start$3(299)) - f39952d6-4726-40ea-9596-deb9207d8926: start RPC server
2019-10-04 13:59:34,050 [Datanode State Machine Thread - 0] INFO  server.GrpcService (GrpcService.java:startImpl(158)) - f39952d6-4726-40ea-9596-deb9207d8926: GrpcService started, listening on 0.0.0.0/0.0.0.0:33776
2019-10-04 13:59:34,050 [Datanode State Machine Thread - 0] INFO  ratis.XceiverServerRatis (XceiverServerRatis.java:start(427)) - XceiverServerRatis f39952d6-4726-40ea-9596-deb9207d8926 is started using port 33776
2019-10-04 13:59:34,050 [Datanode State Machine Thread - 0] INFO  server.XceiverServerGrpc (XceiverServerGrpc.java:start(149)) - XceiverServerGrpc f39952d6-4726-40ea-9596-deb9207d8926 is started using port 36457
2019-10-04 13:59:34,071 [Datanode State Machine Thread - 0] INFO  ozoneimpl.OzoneContainer (OzoneContainer.java:start(217)) - Attempting to start container services.
2019-10-04 13:59:34,071 [Datanode State Machine Thread - 0] INFO  ozoneimpl.OzoneContainer (OzoneContainer.java:startContainerScrub(179)) - Background container scanner has been disabled.
2019-10-04 13:59:34,071 [Datanode State Machine Thread - 0] INFO  ratis.XceiverServerRatis (XceiverServerRatis.java:start(417)) - Starting XceiverServerRatis 64c5f7a9-46cc-43df-9633-010c6a29af33 at port 0
2019-10-04 13:59:34,077 [Datanode State Machine Thread - 0] INFO  impl.RaftServerProxy (RaftServerProxy.java:lambda$start$3(299)) - 64c5f7a9-46cc-43df-9633-010c6a29af33: start RPC server
2019-10-04 13:59:34,086 [Datanode State Machine Thread - 0] INFO  server.GrpcService (GrpcService.java:startImpl(158)) - 64c5f7a9-46cc-43df-9633-010c6a29af33: GrpcService started, listening on 0.0.0.0/0.0.0.0:41469
2019-10-04 13:59:34,086 [Datanode State Machine Thread - 0] INFO  ratis.XceiverServerRatis (XceiverServerRatis.java:start(427)) - XceiverServerRatis 64c5f7a9-46cc-43df-9633-010c6a29af33 is started using port 41469
2019-10-04 13:59:34,086 [Datanode State Machine Thread - 0] INFO  server.XceiverServerGrpc (XceiverServerGrpc.java:start(149)) - XceiverServerGrpc 64c5f7a9-46cc-43df-9633-010c6a29af33 is started using port 43192
2019-10-04 13:59:34,129 [Datanode State Machine Thread - 0] INFO  ozoneimpl.OzoneContainer (OzoneContainer.java:start(217)) - Attempting to start container services.
2019-10-04 13:59:34,129 [Datanode State Machine Thread - 0] INFO  ozoneimpl.OzoneContainer (OzoneContainer.java:startContainerScrub(179)) - Background container scanner has been disabled.
2019-10-04 13:59:34,129 [Datanode State Machine Thread - 0] INFO  ratis.XceiverServerRatis (XceiverServerRatis.java:start(417)) - Starting XceiverServerRatis 336ddc52-bea2-4377-a39b-13702e108a25 at port 0
2019-10-04 13:59:34,135 [Datanode State Machine Thread - 0] INFO  impl.RaftServerProxy (RaftServerProxy.java:lambda$start$3(299)) - 336ddc52-bea2-4377-a39b-13702e108a25: start RPC server
2019-10-04 13:59:34,136 [Datanode State Machine Thread - 0] INFO  server.GrpcService (GrpcService.java:startImpl(158)) - 336ddc52-bea2-4377-a39b-13702e108a25: GrpcService started, listening on 0.0.0.0/0.0.0.0:34705
2019-10-04 13:59:34,136 [Datanode State Machine Thread - 0] INFO  ratis.XceiverServerRatis (XceiverServerRatis.java:start(427)) - XceiverServerRatis 336ddc52-bea2-4377-a39b-13702e108a25 is started using port 34705
2019-10-04 13:59:34,136 [Datanode State Machine Thread - 0] INFO  server.XceiverServerGrpc (XceiverServerGrpc.java:start(149)) - XceiverServerGrpc 336ddc52-bea2-4377-a39b-13702e108a25 is started using port 35353
2019-10-04 13:59:34,211 [Datanode State Machine Thread - 0] INFO  ozoneimpl.OzoneContainer (OzoneContainer.java:start(217)) - Attempting to start container services.
2019-10-04 13:59:34,211 [Datanode State Machine Thread - 0] INFO  ozoneimpl.OzoneContainer (OzoneContainer.java:startContainerScrub(179)) - Background container scanner has been disabled.
2019-10-04 13:59:34,211 [Datanode State Machine Thread - 0] INFO  ratis.XceiverServerRatis (XceiverServerRatis.java:start(417)) - Starting XceiverServerRatis 5c1a8e13-76d2-456d-b46d-67ef21358ec9 at port 0
2019-10-04 13:59:34,217 [Datanode State Machine Thread - 0] INFO  impl.RaftServerProxy (RaftServerProxy.java:lambda$start$3(299)) - 5c1a8e13-76d2-456d-b46d-67ef21358ec9: start RPC server
2019-10-04 13:59:34,218 [Datanode State Machine Thread - 0] INFO  server.GrpcService (GrpcService.java:startImpl(158)) - 5c1a8e13-76d2-456d-b46d-67ef21358ec9: GrpcService started, listening on 0.0.0.0/0.0.0.0:45862
2019-10-04 13:59:34,218 [Datanode State Machine Thread - 0] INFO  ratis.XceiverServerRatis (XceiverServerRatis.java:start(427)) - XceiverServerRatis 5c1a8e13-76d2-456d-b46d-67ef21358ec9 is started using port 45862
2019-10-04 13:59:34,218 [Datanode State Machine Thread - 0] INFO  server.XceiverServerGrpc (XceiverServerGrpc.java:start(149)) - XceiverServerGrpc 5c1a8e13-76d2-456d-b46d-67ef21358ec9 is started using port 36212
2019-10-04 13:59:34,277 [Datanode State Machine Thread - 0] INFO  ozoneimpl.OzoneContainer (OzoneContainer.java:start(217)) - Attempting to start container services.
2019-10-04 13:59:34,277 [Datanode State Machine Thread - 0] INFO  ozoneimpl.OzoneContainer (OzoneContainer.java:startContainerScrub(179)) - Background container scanner has been disabled.
2019-10-04 13:59:34,277 [Datanode State Machine Thread - 0] INFO  ratis.XceiverServerRatis (XceiverServerRatis.java:start(417)) - Starting XceiverServerRatis 9c0e695b-3549-43c8-81ee-e62e063b3917 at port 0
2019-10-04 13:59:34,282 [Datanode State Machine Thread - 0] INFO  impl.RaftServerProxy (RaftServerProxy.java:lambda$start$3(299)) - 9c0e695b-3549-43c8-81ee-e62e063b3917: start RPC server
2019-10-04 13:59:34,283 [Datanode State Machine Thread - 0] INFO  server.GrpcService (GrpcService.java:startImpl(158)) - 9c0e695b-3549-43c8-81ee-e62e063b3917: GrpcService started, listening on 0.0.0.0/0.0.0.0:37078
2019-10-04 13:59:34,283 [Datanode State Machine Thread - 0] INFO  ratis.XceiverServerRatis (XceiverServerRatis.java:start(427)) - XceiverServerRatis 9c0e695b-3549-43c8-81ee-e62e063b3917 is started using port 37078
2019-10-04 13:59:34,285 [Datanode State Machine Thread - 0] INFO  server.XceiverServerGrpc (XceiverServerGrpc.java:start(149)) - XceiverServerGrpc 9c0e695b-3549-43c8-81ee-e62e063b3917 is started using port 34845
2019-10-04 13:59:34,342 [Datanode State Machine Thread - 0] INFO  ozoneimpl.OzoneContainer (OzoneContainer.java:start(217)) - Attempting to start container services.
2019-10-04 13:59:34,342 [Datanode State Machine Thread - 0] INFO  ozoneimpl.OzoneContainer (OzoneContainer.java:startContainerScrub(179)) - Background container scanner has been disabled.
2019-10-04 13:59:34,342 [Datanode State Machine Thread - 0] INFO  ratis.XceiverServerRatis (XceiverServerRatis.java:start(417)) - Starting XceiverServerRatis 8b6871ed-315d-4fdf-983a-bcc25cea7c1b at port 0
2019-10-04 13:59:34,347 [Datanode State Machine Thread - 0] INFO  impl.RaftServerProxy (RaftServerProxy.java:lambda$start$3(299)) - 8b6871ed-315d-4fdf-983a-bcc25cea7c1b: start RPC server
2019-10-04 13:59:34,348 [Datanode State Machine Thread - 0] INFO  server.GrpcService (GrpcService.java:startImpl(158)) - 8b6871ed-315d-4fdf-983a-bcc25cea7c1b: GrpcService started, listening on 0.0.0.0/0.0.0.0:39811
2019-10-04 13:59:34,348 [Datanode State Machine Thread - 0] INFO  ratis.XceiverServerRatis (XceiverServerRatis.java:start(427)) - XceiverServerRatis 8b6871ed-315d-4fdf-983a-bcc25cea7c1b is started using port 39811
2019-10-04 13:59:34,351 [Datanode State Machine Thread - 0] INFO  server.XceiverServerGrpc (XceiverServerGrpc.java:start(149)) - XceiverServerGrpc 8b6871ed-315d-4fdf-983a-bcc25cea7c1b is started using port 39977
2019-10-04 13:59:34,387 [main] INFO  ozone.MiniOzoneClusterImpl (MiniOzoneClusterImpl.java:lambda$waitForClusterToBeReady$0(147)) - Waiting for cluster to be ready. Got 0 of 7 DN Heartbeats.
2019-10-04 13:59:34,400 [Datanode State Machine Thread - 0] INFO  ozoneimpl.OzoneContainer (OzoneContainer.java:start(217)) - Attempting to start container services.
2019-10-04 13:59:34,400 [Datanode State Machine Thread - 0] INFO  ozoneimpl.OzoneContainer (OzoneContainer.java:startContainerScrub(179)) - Background container scanner has been disabled.
2019-10-04 13:59:34,400 [Datanode State Machine Thread - 0] INFO  ratis.XceiverServerRatis (XceiverServerRatis.java:start(417)) - Starting XceiverServerRatis f8dc20a8-53d0-4cb4-a1dc-f8f828383d57 at port 0
2019-10-04 13:59:34,405 [Datanode State Machine Thread - 0] INFO  impl.RaftServerProxy (RaftServerProxy.java:lambda$start$3(299)) - f8dc20a8-53d0-4cb4-a1dc-f8f828383d57: start RPC server
2019-10-04 13:59:34,406 [Datanode State Machine Thread - 0] INFO  server.GrpcService (GrpcService.java:startImpl(158)) - f8dc20a8-53d0-4cb4-a1dc-f8f828383d57: GrpcService started, listening on 0.0.0.0/0.0.0.0:38835
2019-10-04 13:59:34,406 [Datanode State Machine Thread - 0] INFO  ratis.XceiverServerRatis (XceiverServerRatis.java:start(427)) - XceiverServerRatis f8dc20a8-53d0-4cb4-a1dc-f8f828383d57 is started using port 38835
2019-10-04 13:59:34,409 [Datanode State Machine Thread - 0] INFO  server.XceiverServerGrpc (XceiverServerGrpc.java:start(149)) - XceiverServerGrpc f8dc20a8-53d0-4cb4-a1dc-f8f828383d57 is started using port 35683
2019-10-04 13:59:35,387 [main] INFO  ozone.MiniOzoneClusterImpl (MiniOzoneClusterImpl.java:lambda$waitForClusterToBeReady$0(147)) - Waiting for cluster to be ready. Got 0 of 7 DN Heartbeats.
2019-10-04 13:59:36,000 [IPC Server handler 4 on 44600] INFO  net.NetworkTopology (NetworkTopologyImpl.java:add(111)) - Added a new node: /default-rack/f39952d6-4726-40ea-9596-deb9207d8926
2019-10-04 13:59:36,002 [IPC Server handler 4 on 44600] INFO  node.SCMNodeManager (SCMNodeManager.java:register(268)) - Registered Data node : f39952d6-4726-40ea-9596-deb9207d8926{ip: 192.168.164.251, host: pr-hdds-2250-79kh4-2414028627, networkLocation: /default-rack, certSerialId: null}
2019-10-04 13:59:36,003 [EventQueue-NodeRegistrationContainerReportForDataNodeSafeModeRule] INFO  safemode.SCMSafeModeManager (DataNodeSafeModeRule.java:process(71)) - SCM in safe mode. 1 DataNodes registered, 1 required.
2019-10-04 13:59:36,005 [EventQueue-NodeRegistrationContainerReportForDataNodeSafeModeRule] INFO  safemode.SCMSafeModeManager (SCMSafeModeManager.java:validateSafeModeExitRules(177)) - ScmSafeModeManager, all rules are successfully validated
2019-10-04 13:59:36,005 [EventQueue-NodeRegistrationContainerReportForDataNodeSafeModeRule] INFO  safemode.SCMSafeModeManager (SCMSafeModeManager.java:exitSafeMode(193)) - SCM exiting safe mode.
2019-10-04 13:59:36,019 [grpc-default-executor-2] INFO  impl.RaftServerProxy (RaftServerProxy.java:addNew(89)) - f39952d6-4726-40ea-9596-deb9207d8926: addNew group-D47FBC788C60:[f39952d6-4726-40ea-9596-deb9207d8926:192.168.164.251:33776] returns group-D47FBC788C60:java.util.concurrent.CompletableFuture@6601ec0c[Not completed]
2019-10-04 13:59:36,021 [pool-383-thread-1] INFO  impl.RaftServerImpl (RaftServerImpl.java:<init>(95)) - f39952d6-4726-40ea-9596-deb9207d8926: new RaftServerImpl for group-D47FBC788C60:[f39952d6-4726-40ea-9596-deb9207d8926:192.168.164.251:33776] with ContainerStateMachine:uninitialized
2019-10-04 13:59:36,021 [pool-383-thread-1] INFO  server.RaftServerConfigKeys (ConfUtils.java:logGet(43)) - raft.server.rpc.timeout.min = 5s (custom)
2019-10-04 13:59:36,021 [pool-383-thread-1] INFO  server.RaftServerConfigKeys (ConfUtils.java:logGet(43)) - raft.server.rpc.timeout.max = 5200ms (custom)
2019-10-04 13:59:36,021 [pool-383-thread-1] INFO  server.RaftServerConfigKeys (ConfUtils.java:logGet(43)) - raft.server.rpcslowness.timeout = 120s (custom)
2019-10-04 13:59:36,021 [pool-383-thread-1] INFO  server.RaftServerConfigKeys (ConfUtils.java:logGet(43)) - raft.server.sleep.deviation.threshold = 300 (default)
2019-10-04 13:59:36,021 [pool-383-thread-1] INFO  server.RaftServerConfigKeys (ConfUtils.java:logGet(43)) - raft.server.log.appender.install.snapshot.enabled = false (custom)
2019-10-04 13:59:36,021 [pool-383-thread-1] INFO  impl.RaftServerImpl (ServerState.java:<init>(103)) - f39952d6-4726-40ea-9596-deb9207d8926@group-D47FBC788C60: ConfigurationManager, init=-1: [f39952d6-4726-40ea-9596-deb9207d8926:192.168.164.251:33776], old=null, confs=<EMPTY_MAP>
2019-10-04 13:59:36,022 [pool-383-thread-1] INFO  server.RaftServerConfigKeys (ConfUtils.java:logGet(43)) - raft.server.storage.dir = [/workdir/hadoop-ozone/integration-test/target/test-dir/MiniOzoneClusterImpl-b58f7dbf-e141-4fb4-9e03-51abb4d48b5c/datanode-0/data/ratis] (custom)
2019-10-04 13:59:36,022 [pool-383-thread-1] INFO  server.RaftServerConfigKeys (ConfUtils.java:logGet(43)) - raft.server.log.corruption.policy = EXCEPTION (default)
2019-10-04 13:59:36,022 [pool-383-thread-1] INFO  storage.RaftStorageDirectory (RaftStorageDirectory.java:analyzeStorage(246)) - The storage directory /workdir/hadoop-ozone/integration-test/target/test-dir/MiniOzoneClusterImpl-b58f7dbf-e141-4fb4-9e03-51abb4d48b5c/datanode-0/data/ratis/c16bc949-810d-435a-a3cc-d47fbc788c60 does not exist. Creating ...
2019-10-04 13:59:36,035 [pool-383-thread-1] INFO  storage.RaftStorageDirectory (RaftStorageDirectory.java:tryLock(328)) - Lock on /workdir/hadoop-ozone/integration-test/target/test-dir/MiniOzoneClusterImpl-b58f7dbf-e141-4fb4-9e03-51abb4d48b5c/datanode-0/data/ratis/c16bc949-810d-435a-a3cc-d47fbc788c60/in_use.lock acquired by nodename 17298@pr-hdds-2250-79kh4-2414028627
2019-10-04 13:59:36,048 [pool-383-thread-1] INFO  storage.RaftStorage (RaftStorage.java:format(84)) - Storage directory /workdir/hadoop-ozone/integration-test/target/test-dir/MiniOzoneClusterImpl-b58f7dbf-e141-4fb4-9e03-51abb4d48b5c/datanode-0/data/ratis/c16bc949-810d-435a-a3cc-d47fbc788c60 has been successfully formatted.
2019-10-04 13:59:36,048 [pool-383-thread-1] INFO  ratis.ContainerStateMachine (ContainerStateMachine.java:loadSnapshot(230)) - group-D47FBC788C60: The snapshot info is null. Setting the last applied indexto:(t:0, i:~)
2019-10-04 13:59:36,049 [pool-383-thread-1] INFO  server.RaftServerConfigKeys (ConfUtils.java:logGet(43)) - raft.server.notification.no-leader.timeout = 120s (custom)
2019-10-04 13:59:36,049 [pool-383-thread-1] INFO  server.RaftServerConfigKeys (ConfUtils.java:logGet(43)) - raft.server.log.use.memory = false (default)
2019-10-04 13:59:36,049 [pool-383-thread-1] INFO  server.RaftServerConfigKeys (ConfUtils.java:logGet(43)) - raft.server.log.purge.gap = 1000000 (custom)
2019-10-04 13:59:36,049 [pool-383-thread-1] INFO  server.RaftServerConfigKeys (ConfUtils.java:logGet(43)) - raft.server.log.appender.buffer.byte-limit = 33554432 (custom)
2019-10-04 13:59:36,049 [pool-383-thread-1] INFO  server.RaftServerConfigKeys (ConfUtils.java:logGet(43)) - raft.server.log.segment.size.max = 1048576 (custom)
2019-10-04 13:59:36,052 [pool-383-thread-1] INFO  server.RaftServerConfigKeys (ConfUtils.java:logGet(43)) - raft.server.log.segment.cache.num.max = 2 (custom)
2019-10-04 13:59:36,052 [pool-383-thread-1] INFO  segmented.SegmentedRaftLogWorker (SegmentedRaftLogWorker.java:<init>(173)) - new f39952d6-4726-40ea-9596-deb9207d8926@group-D47FBC788C60-SegmentedRaftLogWorker for RaftStorage:Storage Directory /workdir/hadoop-ozone/integration-test/target/test-dir/MiniOzoneClusterImpl-b58f7dbf-e141-4fb4-9e03-51abb4d48b5c/datanode-0/data/ratis/c16bc949-810d-435a-a3cc-d47fbc788c60
2019-10-04 13:59:36,052 [pool-383-thread-1] INFO  server.RaftServerConfigKeys (ConfUtils.java:logGet(43)) - raft.server.log.queue.byte-limit = 2147483647 (custom)
2019-10-04 13:59:36,052 [pool-383-thread-1] INFO  server.RaftServerConfigKeys (ConfUtils.java:logGet(43)) - raft.server.log.queue.element-limit = 1024 (custom)
2019-10-04 13:59:36,053 [pool-383-thread-1] INFO  server.RaftServerConfigKeys (ConfUtils.java:logGet(43)) - raft.server.log.segment.size.max = 1048576 (custom)
2019-10-04 13:59:36,053 [pool-383-thread-1] INFO  server.RaftServerConfigKeys (ConfUtils.java:logGet(43)) - raft.server.log.preallocated.size = 16384 (custom)
2019-10-04 13:59:36,053 [pool-383-thread-1] INFO  server.RaftServerConfigKeys (ConfUtils.java:logGet(43)) - raft.server.log.write.buffer.size = 33554432 (custom)
2019-10-04 13:59:36,053 [pool-383-thread-1] INFO  server.RaftServerConfigKeys (ConfUtils.java:logGet(43)) - raft.server.log.force.sync.num = 128 (default)
2019-10-04 13:59:36,053 [pool-383-thread-1] INFO  server.RaftServerConfigKeys (ConfUtils.java:logGet(43)) - raft.server.log.statemachine.data.sync = true (default)
2019-10-04 13:59:36,053 [pool-383-thread-1] INFO  server.RaftServerConfigKeys (ConfUtils.java:logGet(43)) - raft.server.log.statemachine.data.sync.timeout = 10s (default)
2019-10-04 13:59:36,053 [pool-383-thread-1] INFO  server.RaftServerConfigKeys (ConfUtils.java:logGet(43)) - raft.server.log.statemachine.data.sync.timeout.retry = -1 (default)
2019-10-04 13:59:36,054 [pool-383-thread-1] INFO  server.RaftServerConfigKeys (ConfUtils.java:logGet(43)) - raft.server.log.statemachine.data.caching.enabled = true (custom)
2019-10-04 13:59:36,054 [pool-383-thread-1] INFO  segmented.SegmentedRaftLogWorker (SegmentedRaftLogWorker.java:lambda$new$0(128)) - f39952d6-4726-40ea-9596-deb9207d8926@group-D47FBC788C60-SegmentedRaftLogWorker: flushIndex: setUnconditionally 0 -> -1
2019-10-04 13:59:36,055 [pool-383-thread-1] INFO  server.RaftServerConfigKeys (ConfUtils.java:logGet(43)) - raft.server.snapshot.auto.trigger.enabled = true (custom)
2019-10-04 13:59:36,055 [pool-383-thread-1] INFO  server.RaftServerConfigKeys (ConfUtils.java:logGet(43)) - raft.server.snapshot.auto.trigger.threshold = 10000 (custom)
2019-10-04 13:59:36,055 [pool-383-thread-1] INFO  server.RaftServerConfigKeys (ConfUtils.java:logGet(43)) - raft.server.snapshot.retention.file.num = 5 (custom)
2019-10-04 13:59:36,055 [IPC Server handler 5 on 44600] INFO  net.NetworkTopology (NetworkTopologyImpl.java:add(111)) - Added a new node: /default-rack/64c5f7a9-46cc-43df-9633-010c6a29af33
2019-10-04 13:59:36,055 [pool-383-thread-1] INFO  server.RaftServerConfigKeys (ConfUtils.java:logGet(43)) - raft.server.retrycache.expirytime = 600000ms (custom)
2019-10-04 13:59:36,055 [IPC Server handler 5 on 44600] INFO  node.SCMNodeManager (SCMNodeManager.java:register(268)) - Registered Data node : 64c5f7a9-46cc-43df-9633-010c6a29af33{ip: 192.168.164.251, host: pr-hdds-2250-79kh4-2414028627, networkLocation: /default-rack, certSerialId: null}
2019-10-04 13:59:36,057 [pool-383-thread-1] INFO  impl.RaftServerImpl (RaftServerImpl.java:start(181)) - f39952d6-4726-40ea-9596-deb9207d8926@group-D47FBC788C60: start as a follower, conf=-1: [f39952d6-4726-40ea-9596-deb9207d8926:192.168.164.251:33776], old=null
2019-10-04 13:59:36,057 [pool-383-thread-1] INFO  impl.RaftServerImpl (RaftServerImpl.java:setRole(170)) - f39952d6-4726-40ea-9596-deb9207d8926@group-D47FBC788C60: changes role from      null to FOLLOWER at term 0 for startAsFollower
2019-10-04 13:59:36,058 [pool-383-thread-1] INFO  impl.RoleInfo (RoleInfo.java:updateAndGet(143)) - f39952d6-4726-40ea-9596-deb9207d8926: start FollowerState
2019-10-04 13:59:36,058 [pool-383-thread-1] INFO  util.JmxRegister (JmxRegister.java:tryRegister(44)) - Successfully registered JMX Bean with object name Ratis:service=RaftServer,group=group-D47FBC788C60,id=f39952d6-4726-40ea-9596-deb9207d8926
2019-10-04 13:59:36,068 [RatisPipelineUtilsThread] INFO  pipeline.PipelineStateManager (PipelineStateManager.java:addPipeline(56)) - Created pipeline Pipeline[ Id: c16bc949-810d-435a-a3cc-d47fbc788c60, Nodes: f39952d6-4726-40ea-9596-deb9207d8926{ip: 192.168.164.251, host: pr-hdds-2250-79kh4-2414028627, networkLocation: /default-rack, certSerialId: null}, Type:RATIS, Factor:ONE, State:OPEN]
2019-10-04 13:59:36,078 [grpc-default-executor-2] INFO  impl.RaftServerProxy (RaftServerProxy.java:addNew(89)) - 64c5f7a9-46cc-43df-9633-010c6a29af33: addNew group-0D7AF93E9DC7:[64c5f7a9-46cc-43df-9633-010c6a29af33:192.168.164.251:41469] returns group-0D7AF93E9DC7:java.util.concurrent.CompletableFuture@546526b3[Not completed]
2019-10-04 13:59:36,079 [pool-393-thread-1] INFO  impl.RaftServerImpl (RaftServerImpl.java:<init>(95)) - 64c5f7a9-46cc-43df-9633-010c6a29af33: new RaftServerImpl for group-0D7AF93E9DC7:[64c5f7a9-46cc-43df-9633-010c6a29af33:192.168.164.251:41469] with ContainerStateMachine:uninitialized
2019-10-04 13:59:36,079 [pool-393-thread-1] INFO  server.RaftServerConfigKeys (ConfUtils.java:logGet(43)) - raft.server.rpc.timeout.min = 5s (custom)
2019-10-04 13:59:36,079 [pool-393-thread-1] INFO  server.RaftServerConfigKeys (ConfUtils.java:logGet(43)) - raft.server.rpc.timeout.max = 5200ms (custom)
2019-10-04 13:59:36,080 [pool-393-thread-1] INFO  server.RaftServerConfigKeys (ConfUtils.java:logGet(43)) - raft.server.rpcslowness.timeout = 120s (custom)
2019-10-04 13:59:36,080 [pool-393-thread-1] INFO  server.RaftServerConfigKeys (ConfUtils.java:logGet(43)) - raft.server.sleep.deviation.threshold = 300 (default)
2019-10-04 13:59:36,080 [pool-393-thread-1] INFO  server.RaftServerConfigKeys (ConfUtils.java:logGet(43)) - raft.server.log.appender.install.snapshot.enabled = false (custom)
2019-10-04 13:59:36,080 [pool-393-thread-1] INFO  impl.RaftServerImpl (ServerState.java:<init>(103)) - 64c5f7a9-46cc-43df-9633-010c6a29af33@group-0D7AF93E9DC7: ConfigurationManager, init=-1: [64c5f7a9-46cc-43df-9633-010c6a29af33:192.168.164.251:41469], old=null, confs=<EMPTY_MAP>
2019-10-04 13:59:36,080 [pool-393-thread-1] INFO  server.RaftServerConfigKeys (ConfUtils.java:logGet(43)) - raft.server.storage.dir = [/workdir/hadoop-ozone/integration-test/target/test-dir/MiniOzoneClusterImpl-b58f7dbf-e141-4fb4-9e03-51abb4d48b5c/datanode-1/data/ratis] (custom)
2019-10-04 13:59:36,080 [pool-393-thread-1] INFO  server.RaftServerConfigKeys (ConfUtils.java:logGet(43)) - raft.server.log.corruption.policy = EXCEPTION (default)
2019-10-04 13:59:36,080 [pool-393-thread-1] INFO  storage.RaftStorageDirectory (RaftStorageDirectory.java:analyzeStorage(246)) - The storage directory /workdir/hadoop-ozone/integration-test/target/test-dir/MiniOzoneClusterImpl-b58f7dbf-e141-4fb4-9e03-51abb4d48b5c/datanode-1/data/ratis/bfe81800-a1a5-44e6-b61e-0d7af93e9dc7 does not exist. Creating ...
2019-10-04 13:59:36,093 [pool-393-thread-1] INFO  storage.RaftStorageDirectory (RaftStorageDirectory.java:tryLock(328)) - Lock on /workdir/hadoop-ozone/integration-test/target/test-dir/MiniOzoneClusterImpl-b58f7dbf-e141-4fb4-9e03-51abb4d48b5c/datanode-1/data/ratis/bfe81800-a1a5-44e6-b61e-0d7af93e9dc7/in_use.lock acquired by nodename 17298@pr-hdds-2250-79kh4-2414028627
2019-10-04 13:59:36,106 [pool-393-thread-1] INFO  storage.RaftStorage (RaftStorage.java:format(84)) - Storage directory /workdir/hadoop-ozone/integration-test/target/test-dir/MiniOzoneClusterImpl-b58f7dbf-e141-4fb4-9e03-51abb4d48b5c/datanode-1/data/ratis/bfe81800-a1a5-44e6-b61e-0d7af93e9dc7 has been successfully formatted.
2019-10-04 13:59:36,106 [pool-393-thread-1] INFO  ratis.ContainerStateMachine (ContainerStateMachine.java:loadSnapshot(230)) - group-0D7AF93E9DC7: The snapshot info is null. Setting the last applied indexto:(t:0, i:~)
2019-10-04 13:59:36,106 [pool-393-thread-1] INFO  server.RaftServerConfigKeys (ConfUtils.java:logGet(43)) - raft.server.notification.no-leader.timeout = 120s (custom)
2019-10-04 13:59:36,107 [pool-393-thread-1] INFO  server.RaftServerConfigKeys (ConfUtils.java:logGet(43)) - raft.server.log.use.memory = false (default)
2019-10-04 13:59:36,107 [pool-393-thread-1] INFO  server.RaftServerConfigKeys (ConfUtils.java:logGet(43)) - raft.server.log.purge.gap = 1000000 (custom)
2019-10-04 13:59:36,107 [pool-393-thread-1] INFO  server.RaftServerConfigKeys (ConfUtils.java:logGet(43)) - raft.server.log.appender.buffer.byte-limit = 33554432 (custom)
2019-10-04 13:59:36,107 [pool-393-thread-1] INFO  server.RaftServerConfigKeys (ConfUtils.java:logGet(43)) - raft.server.log.segment.size.max = 1048576 (custom)
2019-10-04 13:59:36,109 [pool-393-thread-1] INFO  server.RaftServerConfigKeys (ConfUtils.java:logGet(43)) - raft.server.log.segment.cache.num.max = 2 (custom)
2019-10-04 13:59:36,109 [pool-393-thread-1] INFO  segmented.SegmentedRaftLogWorker (SegmentedRaftLogWorker.java:<init>(173)) - new 64c5f7a9-46cc-43df-9633-010c6a29af33@group-0D7AF93E9DC7-SegmentedRaftLogWorker for RaftStorage:Storage Directory /workdir/hadoop-ozone/integration-test/target/test-dir/MiniOzoneClusterImpl-b58f7dbf-e141-4fb4-9e03-51abb4d48b5c/datanode-1/data/ratis/bfe81800-a1a5-44e6-b61e-0d7af93e9dc7
2019-10-04 13:59:36,109 [pool-393-thread-1] INFO  server.RaftServerConfigKeys (ConfUtils.java:logGet(43)) - raft.server.log.queue.byte-limit = 2147483647 (custom)
2019-10-04 13:59:36,109 [pool-393-thread-1] INFO  server.RaftServerConfigKeys (ConfUtils.java:logGet(43)) - raft.server.log.queue.element-limit = 1024 (custom)
2019-10-04 13:59:36,109 [pool-393-thread-1] INFO  server.RaftServerConfigKeys (ConfUtils.java:logGet(43)) - raft.server.log.segment.size.max = 1048576 (custom)
2019-10-04 13:59:36,110 [pool-393-thread-1] INFO  server.RaftServerConfigKeys (ConfUtils.java:logGet(43)) - raft.server.log.preallocated.size = 16384 (custom)
2019-10-04 13:59:36,110 [pool-393-thread-1] INFO  server.RaftServerConfigKeys (ConfUtils.java:logGet(43)) - raft.server.log.write.buffer.size = 33554432 (custom)
2019-10-04 13:59:36,110 [pool-393-thread-1] INFO  server.RaftServerConfigKeys (ConfUtils.java:logGet(43)) - raft.server.log.force.sync.num = 128 (default)
2019-10-04 13:59:36,110 [pool-393-thread-1] INFO  server.RaftServerConfigKeys (ConfUtils.java:logGet(43)) - raft.server.log.statemachine.data.sync = true (default)
2019-10-04 13:59:36,110 [pool-393-thread-1] INFO  server.RaftServerConfigKeys (ConfUtils.java:logGet(43)) - raft.server.log.statemachine.data.sync.timeout = 10s (default)
2019-10-04 13:59:36,110 [pool-393-thread-1] INFO  server.RaftServerConfigKeys (ConfUtils.java:logGet(43)) - raft.server.log.statemachine.data.sync.timeout.retry = -1 (default)
2019-10-04 13:59:36,111 [pool-393-thread-1] INFO  server.RaftServerConfigKeys (ConfUtils.java:logGet(43)) - raft.server.log.statemachine.data.caching.enabled = true (custom)
2019-10-04 13:59:36,111 [pool-393-thread-1] INFO  segmented.SegmentedRaftLogWorker (SegmentedRaftLogWorker.java:lambda$new$0(128)) - 64c5f7a9-46cc-43df-9633-010c6a29af33@group-0D7AF93E9DC7-SegmentedRaftLogWorker: flushIndex: setUnconditionally 0 -> -1
2019-10-04 13:59:36,111 [pool-393-thread-1] INFO  server.RaftServerConfigKeys (ConfUtils.java:logGet(43)) - raft.server.snapshot.auto.trigger.enabled = true (custom)
2019-10-04 13:59:36,111 [pool-393-thread-1] INFO  server.RaftServerConfigKeys (ConfUtils.java:logGet(43)) - raft.server.snapshot.auto.trigger.threshold = 10000 (custom)
2019-10-04 13:59:36,111 [pool-393-thread-1] INFO  server.RaftServerConfigKeys (ConfUtils.java:logGet(43)) - raft.server.snapshot.retention.file.num = 5 (custom)
2019-10-04 13:59:36,111 [pool-393-thread-1] INFO  server.RaftServerConfigKeys (ConfUtils.java:logGet(43)) - raft.server.retrycache.expirytime = 600000ms (custom)
2019-10-04 13:59:36,113 [pool-393-thread-1] INFO  impl.RaftServerImpl (RaftServerImpl.java:start(181)) - 64c5f7a9-46cc-43df-9633-010c6a29af33@group-0D7AF93E9DC7: start as a follower, conf=-1: [64c5f7a9-46cc-43df-9633-010c6a29af33:192.168.164.251:41469], old=null
2019-10-04 13:59:36,113 [pool-393-thread-1] INFO  impl.RaftServerImpl (RaftServerImpl.java:setRole(170)) - 64c5f7a9-46cc-43df-9633-010c6a29af33@group-0D7AF93E9DC7: changes role from      null to FOLLOWER at term 0 for startAsFollower
2019-10-04 13:59:36,113 [pool-393-thread-1] INFO  impl.RoleInfo (RoleInfo.java:updateAndGet(143)) - 64c5f7a9-46cc-43df-9633-010c6a29af33: start FollowerState
2019-10-04 13:59:36,114 [pool-393-thread-1] INFO  util.JmxRegister (JmxRegister.java:tryRegister(44)) - Successfully registered JMX Bean with object name Ratis:service=RaftServer,group=group-0D7AF93E9DC7,id=64c5f7a9-46cc-43df-9633-010c6a29af33
2019-10-04 13:59:36,119 [IPC Server handler 6 on 44600] INFO  net.NetworkTopology (NetworkTopologyImpl.java:add(111)) - Added a new node: /default-rack/336ddc52-bea2-4377-a39b-13702e108a25
2019-10-04 13:59:36,120 [IPC Server handler 6 on 44600] INFO  node.SCMNodeManager (SCMNodeManager.java:register(268)) - Registered Data node : 336ddc52-bea2-4377-a39b-13702e108a25{ip: 192.168.164.251, host: pr-hdds-2250-79kh4-2414028627, networkLocation: /default-rack, certSerialId: null}
2019-10-04 13:59:36,121 [RatisPipelineUtilsThread] INFO  pipeline.PipelineStateManager (PipelineStateManager.java:addPipeline(56)) - Created pipeline Pipeline[ Id: bfe81800-a1a5-44e6-b61e-0d7af93e9dc7, Nodes: 64c5f7a9-46cc-43df-9633-010c6a29af33{ip: 192.168.164.251, host: pr-hdds-2250-79kh4-2414028627, networkLocation: /default-rack, certSerialId: null}, Type:RATIS, Factor:ONE, State:OPEN]
2019-10-04 13:59:36,132 [grpc-default-executor-2] INFO  impl.RaftServerProxy (RaftServerProxy.java:addNew(89)) - 336ddc52-bea2-4377-a39b-13702e108a25: addNew group-49F5E1C5665C:[336ddc52-bea2-4377-a39b-13702e108a25:192.168.164.251:34705] returns group-49F5E1C5665C:java.util.concurrent.CompletableFuture@77575a73[Not completed]
2019-10-04 13:59:36,134 [pool-403-thread-1] INFO  impl.RaftServerImpl (RaftServerImpl.java:<init>(95)) - 336ddc52-bea2-4377-a39b-13702e108a25: new RaftServerImpl for group-49F5E1C5665C:[336ddc52-bea2-4377-a39b-13702e108a25:192.168.164.251:34705] with ContainerStateMachine:uninitialized
2019-10-04 13:59:36,134 [pool-403-thread-1] INFO  server.RaftServerConfigKeys (ConfUtils.java:logGet(43)) - raft.server.rpc.timeout.min = 5s (custom)
2019-10-04 13:59:36,134 [pool-403-thread-1] INFO  server.RaftServerConfigKeys (ConfUtils.java:logGet(43)) - raft.server.rpc.timeout.max = 5200ms (custom)
2019-10-04 13:59:36,134 [pool-403-thread-1] INFO  server.RaftServerConfigKeys (ConfUtils.java:logGet(43)) - raft.server.rpcslowness.timeout = 120s (custom)
2019-10-04 13:59:36,135 [pool-403-thread-1] INFO  server.RaftServerConfigKeys (ConfUtils.java:logGet(43)) - raft.server.sleep.deviation.threshold = 300 (default)
2019-10-04 13:59:36,135 [pool-403-thread-1] INFO  server.RaftServerConfigKeys (ConfUtils.java:logGet(43)) - raft.server.log.appender.install.snapshot.enabled = false (custom)
2019-10-04 13:59:36,135 [pool-403-thread-1] INFO  impl.RaftServerImpl (ServerState.java:<init>(103)) - 336ddc52-bea2-4377-a39b-13702e108a25@group-49F5E1C5665C: ConfigurationManager, init=-1: [336ddc52-bea2-4377-a39b-13702e108a25:192.168.164.251:34705], old=null, confs=<EMPTY_MAP>
2019-10-04 13:59:36,135 [pool-403-thread-1] INFO  server.RaftServerConfigKeys (ConfUtils.java:logGet(43)) - raft.server.storage.dir = [/workdir/hadoop-ozone/integration-test/target/test-dir/MiniOzoneClusterImpl-b58f7dbf-e141-4fb4-9e03-51abb4d48b5c/datanode-2/data/ratis] (custom)
2019-10-04 13:59:36,135 [pool-403-thread-1] INFO  server.RaftServerConfigKeys (ConfUtils.java:logGet(43)) - raft.server.log.corruption.policy = EXCEPTION (default)
2019-10-04 13:59:36,135 [pool-403-thread-1] INFO  storage.RaftStorageDirectory (RaftStorageDirectory.java:analyzeStorage(246)) - The storage directory /workdir/hadoop-ozone/integration-test/target/test-dir/MiniOzoneClusterImpl-b58f7dbf-e141-4fb4-9e03-51abb4d48b5c/datanode-2/data/ratis/02266739-c5f6-4fec-a8c1-49f5e1c5665c does not exist. Creating ...
2019-10-04 13:59:36,150 [pool-403-thread-1] INFO  storage.RaftStorageDirectory (RaftStorageDirectory.java:tryLock(328)) - Lock on /workdir/hadoop-ozone/integration-test/target/test-dir/MiniOzoneClusterImpl-b58f7dbf-e141-4fb4-9e03-51abb4d48b5c/datanode-2/data/ratis/02266739-c5f6-4fec-a8c1-49f5e1c5665c/in_use.lock acquired by nodename 17298@pr-hdds-2250-79kh4-2414028627
2019-10-04 13:59:36,162 [pool-403-thread-1] INFO  storage.RaftStorage (RaftStorage.java:format(84)) - Storage directory /workdir/hadoop-ozone/integration-test/target/test-dir/MiniOzoneClusterImpl-b58f7dbf-e141-4fb4-9e03-51abb4d48b5c/datanode-2/data/ratis/02266739-c5f6-4fec-a8c1-49f5e1c5665c has been successfully formatted.
2019-10-04 13:59:36,162 [pool-403-thread-1] INFO  ratis.ContainerStateMachine (ContainerStateMachine.java:loadSnapshot(230)) - group-49F5E1C5665C: The snapshot info is null. Setting the last applied indexto:(t:0, i:~)
2019-10-04 13:59:36,163 [pool-403-thread-1] INFO  server.RaftServerConfigKeys (ConfUtils.java:logGet(43)) - raft.server.notification.no-leader.timeout = 120s (custom)
2019-10-04 13:59:36,163 [pool-403-thread-1] INFO  server.RaftServerConfigKeys (ConfUtils.java:logGet(43)) - raft.server.log.use.memory = false (default)
2019-10-04 13:59:36,163 [pool-403-thread-1] INFO  server.RaftServerConfigKeys (ConfUtils.java:logGet(43)) - raft.server.log.purge.gap = 1000000 (custom)
2019-10-04 13:59:36,163 [pool-403-thread-1] INFO  server.RaftServerConfigKeys (ConfUtils.java:logGet(43)) - raft.server.log.appender.buffer.byte-limit = 33554432 (custom)
2019-10-04 13:59:36,163 [pool-403-thread-1] INFO  server.RaftServerConfigKeys (ConfUtils.java:logGet(43)) - raft.server.log.segment.size.max = 1048576 (custom)
2019-10-04 13:59:36,165 [pool-403-thread-1] INFO  server.RaftServerConfigKeys (ConfUtils.java:logGet(43)) - raft.server.log.segment.cache.num.max = 2 (custom)
2019-10-04 13:59:36,165 [pool-403-thread-1] INFO  segmented.SegmentedRaftLogWorker (SegmentedRaftLogWorker.java:<init>(173)) - new 336ddc52-bea2-4377-a39b-13702e108a25@group-49F5E1C5665C-SegmentedRaftLogWorker for RaftStorage:Storage Directory /workdir/hadoop-ozone/integration-test/target/test-dir/MiniOzoneClusterImpl-b58f7dbf-e141-4fb4-9e03-51abb4d48b5c/datanode-2/data/ratis/02266739-c5f6-4fec-a8c1-49f5e1c5665c
2019-10-04 13:59:36,165 [pool-403-thread-1] INFO  server.RaftServerConfigKeys (ConfUtils.java:logGet(43)) - raft.server.log.queue.byte-limit = 2147483647 (custom)
2019-10-04 13:59:36,166 [pool-403-thread-1] INFO  server.RaftServerConfigKeys (ConfUtils.java:logGet(43)) - raft.server.log.queue.element-limit = 1024 (custom)
2019-10-04 13:59:36,166 [pool-403-thread-1] INFO  server.RaftServerConfigKeys (ConfUtils.java:logGet(43)) - raft.server.log.segment.size.max = 1048576 (custom)
2019-10-04 13:59:36,166 [pool-403-thread-1] INFO  server.RaftServerConfigKeys (ConfUtils.java:logGet(43)) - raft.server.log.preallocated.size = 16384 (custom)
2019-10-04 13:59:36,166 [pool-403-thread-1] INFO  server.RaftServerConfigKeys (ConfUtils.java:logGet(43)) - raft.server.log.write.buffer.size = 33554432 (custom)
2019-10-04 13:59:36,166 [pool-403-thread-1] INFO  server.RaftServerConfigKeys (ConfUtils.java:logGet(43)) - raft.server.log.force.sync.num = 128 (default)
2019-10-04 13:59:36,166 [pool-403-thread-1] INFO  server.RaftServerConfigKeys (ConfUtils.java:logGet(43)) - raft.server.log.statemachine.data.sync = true (default)
2019-10-04 13:59:36,166 [pool-403-thread-1] INFO  server.RaftServerConfigKeys (ConfUtils.java:logGet(43)) - raft.server.log.statemachine.data.sync.timeout = 10s (default)
2019-10-04 13:59:36,167 [pool-403-thread-1] INFO  server.RaftServerConfigKeys (ConfUtils.java:logGet(43)) - raft.server.log.statemachine.data.sync.timeout.retry = -1 (default)
2019-10-04 13:59:36,167 [pool-403-thread-1] INFO  server.RaftServerConfigKeys (ConfUtils.java:logGet(43)) - raft.server.log.statemachine.data.caching.enabled = true (custom)
2019-10-04 13:59:36,167 [pool-403-thread-1] INFO  segmented.SegmentedRaftLogWorker (SegmentedRaftLogWorker.java:lambda$new$0(128)) - 336ddc52-bea2-4377-a39b-13702e108a25@group-49F5E1C5665C-SegmentedRaftLogWorker: flushIndex: setUnconditionally 0 -> -1
2019-10-04 13:59:36,168 [pool-403-thread-1] INFO  server.RaftServerConfigKeys (ConfUtils.java:logGet(43)) - raft.server.snapshot.auto.trigger.enabled = true (custom)
2019-10-04 13:59:36,168 [pool-403-thread-1] INFO  server.RaftServerConfigKeys (ConfUtils.java:logGet(43)) - raft.server.snapshot.auto.trigger.threshold = 10000 (custom)
2019-10-04 13:59:36,168 [pool-403-thread-1] INFO  server.RaftServerConfigKeys (ConfUtils.java:logGet(43)) - raft.server.snapshot.retention.file.num = 5 (custom)
2019-10-04 13:59:36,168 [pool-403-thread-1] INFO  server.RaftServerConfigKeys (ConfUtils.java:logGet(43)) - raft.server.retrycache.expirytime = 600000ms (custom)
2019-10-04 13:59:36,170 [pool-403-thread-1] INFO  impl.RaftServerImpl (RaftServerImpl.java:start(181)) - 336ddc52-bea2-4377-a39b-13702e108a25@group-49F5E1C5665C: start as a follower, conf=-1: [336ddc52-bea2-4377-a39b-13702e108a25:192.168.164.251:34705], old=null
2019-10-04 13:59:36,170 [pool-403-thread-1] INFO  impl.RaftServerImpl (RaftServerImpl.java:setRole(170)) - 336ddc52-bea2-4377-a39b-13702e108a25@group-49F5E1C5665C: changes role from      null to FOLLOWER at term 0 for startAsFollower
2019-10-04 13:59:36,170 [pool-403-thread-1] INFO  impl.RoleInfo (RoleInfo.java:updateAndGet(143)) - 336ddc52-bea2-4377-a39b-13702e108a25: start FollowerState
2019-10-04 13:59:36,171 [pool-403-thread-1] INFO  util.JmxRegister (JmxRegister.java:tryRegister(44)) - Successfully registered JMX Bean with object name Ratis:service=RaftServer,group=group-49F5E1C5665C,id=336ddc52-bea2-4377-a39b-13702e108a25
2019-10-04 13:59:36,178 [RatisPipelineUtilsThread] INFO  pipeline.PipelineStateManager (PipelineStateManager.java:addPipeline(56)) - Created pipeline Pipeline[ Id: 02266739-c5f6-4fec-a8c1-49f5e1c5665c, Nodes: 336ddc52-bea2-4377-a39b-13702e108a25{ip: 192.168.164.251, host: pr-hdds-2250-79kh4-2414028627, networkLocation: /default-rack, certSerialId: null}, Type:RATIS, Factor:ONE, State:OPEN]
2019-10-04 13:59:36,197 [grpc-default-executor-2] INFO  impl.RaftServerProxy (RaftServerProxy.java:addNew(89)) - f39952d6-4726-40ea-9596-deb9207d8926: addNew group-04ECA618F70E:[64c5f7a9-46cc-43df-9633-010c6a29af33:192.168.164.251:41469, f39952d6-4726-40ea-9596-deb9207d8926:192.168.164.251:33776, 336ddc52-bea2-4377-a39b-13702e108a25:192.168.164.251:34705] returns group-04ECA618F70E:java.util.concurrent.CompletableFuture@5949625d[Not completed]
2019-10-04 13:59:36,199 [grpc-default-executor-2] INFO  impl.RaftServerProxy (RaftServerProxy.java:addNew(89)) - 336ddc52-bea2-4377-a39b-13702e108a25: addNew group-04ECA618F70E:[64c5f7a9-46cc-43df-9633-010c6a29af33:192.168.164.251:41469, f39952d6-4726-40ea-9596-deb9207d8926:192.168.164.251:33776, 336ddc52-bea2-4377-a39b-13702e108a25:192.168.164.251:34705] returns group-04ECA618F70E:java.util.concurrent.CompletableFuture@6e3ac68c[Not completed]
2019-10-04 13:59:36,202 [grpc-default-executor-2] INFO  impl.RaftServerProxy (RaftServerProxy.java:addNew(89)) - 64c5f7a9-46cc-43df-9633-010c6a29af33: addNew group-04ECA618F70E:[64c5f7a9-46cc-43df-9633-010c6a29af33:192.168.164.251:41469, f39952d6-4726-40ea-9596-deb9207d8926:192.168.164.251:33776, 336ddc52-bea2-4377-a39b-13702e108a25:192.168.164.251:34705] returns group-04ECA618F70E:java.util.concurrent.CompletableFuture@23738dfa[Not completed]
2019-10-04 13:59:36,202 [pool-383-thread-1] INFO  impl.RaftServerImpl (RaftServerImpl.java:<init>(95)) - f39952d6-4726-40ea-9596-deb9207d8926: new RaftServerImpl for group-04ECA618F70E:[64c5f7a9-46cc-43df-9633-010c6a29af33:192.168.164.251:41469, f39952d6-4726-40ea-9596-deb9207d8926:192.168.164.251:33776, 336ddc52-bea2-4377-a39b-13702e108a25:192.168.164.251:34705] with ContainerStateMachine:uninitialized
2019-10-04 13:59:36,202 [IPC Server handler 2 on 44600] INFO  net.NetworkTopology (NetworkTopologyImpl.java:add(111)) - Added a new node: /default-rack/5c1a8e13-76d2-456d-b46d-67ef21358ec9
2019-10-04 13:59:36,202 [pool-383-thread-1] INFO  server.RaftServerConfigKeys (ConfUtils.java:logGet(43)) - raft.server.rpc.timeout.min = 5s (custom)
2019-10-04 13:59:36,203 [IPC Server handler 2 on 44600] INFO  node.SCMNodeManager (SCMNodeManager.java:register(268)) - Registered Data node : 5c1a8e13-76d2-456d-b46d-67ef21358ec9{ip: 192.168.164.251, host: pr-hdds-2250-79kh4-2414028627, networkLocation: /default-rack, certSerialId: null}
2019-10-04 13:59:36,203 [pool-383-thread-1] INFO  server.RaftServerConfigKeys (ConfUtils.java:logGet(43)) - raft.server.rpc.timeout.max = 5200ms (custom)
2019-10-04 13:59:36,203 [pool-383-thread-1] INFO  server.RaftServerConfigKeys (ConfUtils.java:logGet(43)) - raft.server.rpcslowness.timeout = 120s (custom)
2019-10-04 13:59:36,203 [pool-383-thread-1] INFO  server.RaftServerConfigKeys (ConfUtils.java:logGet(43)) - raft.server.sleep.deviation.threshold = 300 (default)
2019-10-04 13:59:36,203 [pool-383-thread-1] INFO  server.RaftServerConfigKeys (ConfUtils.java:logGet(43)) - raft.server.log.appender.install.snapshot.enabled = false (custom)
2019-10-04 13:59:36,203 [pool-403-thread-1] INFO  impl.RaftServerImpl (RaftServerImpl.java:<init>(95)) - 336ddc52-bea2-4377-a39b-13702e108a25: new RaftServerImpl for group-04ECA618F70E:[64c5f7a9-46cc-43df-9633-010c6a29af33:192.168.164.251:41469, f39952d6-4726-40ea-9596-deb9207d8926:192.168.164.251:33776, 336ddc52-bea2-4377-a39b-13702e108a25:192.168.164.251:34705] with ContainerStateMachine:uninitialized
2019-10-04 13:59:36,203 [pool-383-thread-1] INFO  impl.RaftServerImpl (ServerState.java:<init>(103)) - f39952d6-4726-40ea-9596-deb9207d8926@group-04ECA618F70E: ConfigurationManager, init=-1: [64c5f7a9-46cc-43df-9633-010c6a29af33:192.168.164.251:41469, f39952d6-4726-40ea-9596-deb9207d8926:192.168.164.251:33776, 336ddc52-bea2-4377-a39b-13702e108a25:192.168.164.251:34705], old=null, confs=<EMPTY_MAP>
2019-10-04 13:59:36,204 [pool-403-thread-1] INFO  server.RaftServerConfigKeys (ConfUtils.java:logGet(43)) - raft.server.rpc.timeout.min = 5s (custom)
2019-10-04 13:59:36,204 [pool-383-thread-1] INFO  server.RaftServerConfigKeys (ConfUtils.java:logGet(43)) - raft.server.storage.dir = [/workdir/hadoop-ozone/integration-test/target/test-dir/MiniOzoneClusterImpl-b58f7dbf-e141-4fb4-9e03-51abb4d48b5c/datanode-0/data/ratis] (custom)
2019-10-04 13:59:36,204 [pool-403-thread-1] INFO  server.RaftServerConfigKeys (ConfUtils.java:logGet(43)) - raft.server.rpc.timeout.max = 5200ms (custom)
2019-10-04 13:59:36,204 [pool-403-thread-1] INFO  server.RaftServerConfigKeys (ConfUtils.java:logGet(43)) - raft.server.rpcslowness.timeout = 120s (custom)
2019-10-04 13:59:36,204 [pool-383-thread-1] INFO  server.RaftServerConfigKeys (ConfUtils.java:logGet(43)) - raft.server.log.corruption.policy = EXCEPTION (default)
2019-10-04 13:59:36,204 [pool-393-thread-1] INFO  impl.RaftServerImpl (RaftServerImpl.java:<init>(95)) - 64c5f7a9-46cc-43df-9633-010c6a29af33: new RaftServerImpl for group-04ECA618F70E:[64c5f7a9-46cc-43df-9633-010c6a29af33:192.168.164.251:41469, f39952d6-4726-40ea-9596-deb9207d8926:192.168.164.251:33776, 336ddc52-bea2-4377-a39b-13702e108a25:192.168.164.251:34705] with ContainerStateMachine:uninitialized
2019-10-04 13:59:36,204 [pool-383-thread-1] INFO  storage.RaftStorageDirectory (RaftStorageDirectory.java:analyzeStorage(246)) - The storage directory /workdir/hadoop-ozone/integration-test/target/test-dir/MiniOzoneClusterImpl-b58f7dbf-e141-4fb4-9e03-51abb4d48b5c/datanode-0/data/ratis/ff7f3b1b-2497-4635-8c69-04eca618f70e does not exist. Creating ...
2019-10-04 13:59:36,204 [pool-403-thread-1] INFO  server.RaftServerConfigKeys (ConfUtils.java:logGet(43)) - raft.server.sleep.deviation.threshold = 300 (default)
2019-10-04 13:59:36,204 [pool-393-thread-1] INFO  server.RaftServerConfigKeys (ConfUtils.java:logGet(43)) - raft.server.rpc.timeout.min = 5s (custom)
2019-10-04 13:59:36,205 [pool-403-thread-1] INFO  server.RaftServerConfigKeys (ConfUtils.java:logGet(43)) - raft.server.log.appender.install.snapshot.enabled = false (custom)
2019-10-04 13:59:36,205 [pool-393-thread-1] INFO  server.RaftServerConfigKeys (ConfUtils.java:logGet(43)) - raft.server.rpc.timeout.max = 5200ms (custom)
2019-10-04 13:59:36,205 [pool-403-thread-1] INFO  impl.RaftServerImpl (ServerState.java:<init>(103)) - 336ddc52-bea2-4377-a39b-13702e108a25@group-04ECA618F70E: ConfigurationManager, init=-1: [64c5f7a9-46cc-43df-9633-010c6a29af33:192.168.164.251:41469, f39952d6-4726-40ea-9596-deb9207d8926:192.168.164.251:33776, 336ddc52-bea2-4377-a39b-13702e108a25:192.168.164.251:34705], old=null, confs=<EMPTY_MAP>
2019-10-04 13:59:36,205 [pool-393-thread-1] INFO  server.RaftServerConfigKeys (ConfUtils.java:logGet(43)) - raft.server.rpcslowness.timeout = 120s (custom)
2019-10-04 13:59:36,205 [pool-403-thread-1] INFO  server.RaftServerConfigKeys (ConfUtils.java:logGet(43)) - raft.server.storage.dir = [/workdir/hadoop-ozone/integration-test/target/test-dir/MiniOzoneClusterImpl-b58f7dbf-e141-4fb4-9e03-51abb4d48b5c/datanode-2/data/ratis] (custom)
2019-10-04 13:59:36,205 [pool-393-thread-1] INFO  server.RaftServerConfigKeys (ConfUtils.java:logGet(43)) - raft.server.sleep.deviation.threshold = 300 (default)
2019-10-04 13:59:36,205 [pool-393-thread-1] INFO  server.RaftServerConfigKeys (ConfUtils.java:logGet(43)) - raft.server.log.appender.install.snapshot.enabled = false (custom)
2019-10-04 13:59:36,205 [pool-403-thread-1] INFO  server.RaftServerConfigKeys (ConfUtils.java:logGet(43)) - raft.server.log.corruption.policy = EXCEPTION (default)
2019-10-04 13:59:36,205 [pool-393-thread-1] INFO  impl.RaftServerImpl (ServerState.java:<init>(103)) - 64c5f7a9-46cc-43df-9633-010c6a29af33@group-04ECA618F70E: ConfigurationManager, init=-1: [64c5f7a9-46cc-43df-9633-010c6a29af33:192.168.164.251:41469, f39952d6-4726-40ea-9596-deb9207d8926:192.168.164.251:33776, 336ddc52-bea2-4377-a39b-13702e108a25:192.168.164.251:34705], old=null, confs=<EMPTY_MAP>
2019-10-04 13:59:36,206 [pool-403-thread-1] INFO  storage.RaftStorageDirectory (RaftStorageDirectory.java:analyzeStorage(246)) - The storage directory /workdir/hadoop-ozone/integration-test/target/test-dir/MiniOzoneClusterImpl-b58f7dbf-e141-4fb4-9e03-51abb4d48b5c/datanode-2/data/ratis/ff7f3b1b-2497-4635-8c69-04eca618f70e does not exist. Creating ...
2019-10-04 13:59:36,206 [pool-393-thread-1] INFO  server.RaftServerConfigKeys (ConfUtils.java:logGet(43)) - raft.server.storage.dir = [/workdir/hadoop-ozone/integration-test/target/test-dir/MiniOzoneClusterImpl-b58f7dbf-e141-4fb4-9e03-51abb4d48b5c/datanode-1/data/ratis] (custom)
2019-10-04 13:59:36,206 [pool-393-thread-1] INFO  server.RaftServerConfigKeys (ConfUtils.java:logGet(43)) - raft.server.log.corruption.policy = EXCEPTION (default)
2019-10-04 13:59:36,206 [pool-393-thread-1] INFO  storage.RaftStorageDirectory (RaftStorageDirectory.java:analyzeStorage(246)) - The storage directory /workdir/hadoop-ozone/integration-test/target/test-dir/MiniOzoneClusterImpl-b58f7dbf-e141-4fb4-9e03-51abb4d48b5c/datanode-1/data/ratis/ff7f3b1b-2497-4635-8c69-04eca618f70e does not exist. Creating ...
2019-10-04 13:59:36,218 [pool-393-thread-1] INFO  storage.RaftStorageDirectory (RaftStorageDirectory.java:tryLock(328)) - Lock on /workdir/hadoop-ozone/integration-test/target/test-dir/MiniOzoneClusterImpl-b58f7dbf-e141-4fb4-9e03-51abb4d48b5c/datanode-1/data/ratis/ff7f3b1b-2497-4635-8c69-04eca618f70e/in_use.lock acquired by nodename 17298@pr-hdds-2250-79kh4-2414028627
2019-10-04 13:59:36,218 [pool-383-thread-1] INFO  storage.RaftStorageDirectory (RaftStorageDirectory.java:tryLock(328)) - Lock on /workdir/hadoop-ozone/integration-test/target/test-dir/MiniOzoneClusterImpl-b58f7dbf-e141-4fb4-9e03-51abb4d48b5c/datanode-0/data/ratis/ff7f3b1b-2497-4635-8c69-04eca618f70e/in_use.lock acquired by nodename 17298@pr-hdds-2250-79kh4-2414028627
2019-10-04 13:59:36,218 [pool-403-thread-1] INFO  storage.RaftStorageDirectory (RaftStorageDirectory.java:tryLock(328)) - Lock on /workdir/hadoop-ozone/integration-test/target/test-dir/MiniOzoneClusterImpl-b58f7dbf-e141-4fb4-9e03-51abb4d48b5c/datanode-2/data/ratis/ff7f3b1b-2497-4635-8c69-04eca618f70e/in_use.lock acquired by nodename 17298@pr-hdds-2250-79kh4-2414028627
2019-10-04 13:59:36,232 [pool-403-thread-1] INFO  storage.RaftStorage (RaftStorage.java:format(84)) - Storage directory /workdir/hadoop-ozone/integration-test/target/test-dir/MiniOzoneClusterImpl-b58f7dbf-e141-4fb4-9e03-51abb4d48b5c/datanode-2/data/ratis/ff7f3b1b-2497-4635-8c69-04eca618f70e has been successfully formatted.
2019-10-04 13:59:36,232 [pool-393-thread-1] INFO  storage.RaftStorage (RaftStorage.java:format(84)) - Storage directory /workdir/hadoop-ozone/integration-test/target/test-dir/MiniOzoneClusterImpl-b58f7dbf-e141-4fb4-9e03-51abb4d48b5c/datanode-1/data/ratis/ff7f3b1b-2497-4635-8c69-04eca618f70e has been successfully formatted.
2019-10-04 13:59:36,232 [pool-403-thread-1] INFO  ratis.ContainerStateMachine (ContainerStateMachine.java:loadSnapshot(230)) - group-04ECA618F70E: The snapshot info is null. Setting the last applied indexto:(t:0, i:~)
2019-10-04 13:59:36,232 [pool-393-thread-1] INFO  ratis.ContainerStateMachine (ContainerStateMachine.java:loadSnapshot(230)) - group-04ECA618F70E: The snapshot info is null. Setting the last applied indexto:(t:0, i:~)
2019-10-04 13:59:36,232 [pool-383-thread-1] INFO  storage.RaftStorage (RaftStorage.java:format(84)) - Storage directory /workdir/hadoop-ozone/integration-test/target/test-dir/MiniOzoneClusterImpl-b58f7dbf-e141-4fb4-9e03-51abb4d48b5c/datanode-0/data/ratis/ff7f3b1b-2497-4635-8c69-04eca618f70e has been successfully formatted.
2019-10-04 13:59:36,233 [pool-393-thread-1] INFO  server.RaftServerConfigKeys (ConfUtils.java:logGet(43)) - raft.server.notification.no-leader.timeout = 120s (custom)
2019-10-04 13:59:36,232 [pool-403-thread-1] INFO  server.RaftServerConfigKeys (ConfUtils.java:logGet(43)) - raft.server.notification.no-leader.timeout = 120s (custom)
2019-10-04 13:59:36,233 [pool-383-thread-1] INFO  ratis.ContainerStateMachine (ContainerStateMachine.java:loadSnapshot(230)) - group-04ECA618F70E: The snapshot info is null. Setting the last applied indexto:(t:0, i:~)
2019-10-04 13:59:36,233 [pool-393-thread-1] INFO  server.RaftServerConfigKeys (ConfUtils.java:logGet(43)) - raft.server.log.use.memory = false (default)
2019-10-04 13:59:36,233 [pool-383-thread-1] INFO  server.RaftServerConfigKeys (ConfUtils.java:logGet(43)) - raft.server.notification.no-leader.timeout = 120s (custom)
2019-10-04 13:59:36,233 [pool-403-thread-1] INFO  server.RaftServerConfigKeys (ConfUtils.java:logGet(43)) - raft.server.log.use.memory = false (default)
2019-10-04 13:59:36,233 [pool-383-thread-1] INFO  server.RaftServerConfigKeys (ConfUtils.java:logGet(43)) - raft.server.log.use.memory = false (default)
2019-10-04 13:59:36,233 [pool-393-thread-1] INFO  server.RaftServerConfigKeys (ConfUtils.java:logGet(43)) - raft.server.log.purge.gap = 1000000 (custom)
2019-10-04 13:59:36,234 [pool-383-thread-1] INFO  server.RaftServerConfigKeys (ConfUtils.java:logGet(43)) - raft.server.log.purge.gap = 1000000 (custom)
2019-10-04 13:59:36,234 [pool-403-thread-1] INFO  server.RaftServerConfigKeys (ConfUtils.java:logGet(43)) - raft.server.log.purge.gap = 1000000 (custom)
2019-10-04 13:59:36,234 [pool-383-thread-1] INFO  server.RaftServerConfigKeys (ConfUtils.java:logGet(43)) - raft.server.log.appender.buffer.byte-limit = 33554432 (custom)
2019-10-04 13:59:36,234 [pool-393-thread-1] INFO  server.RaftServerConfigKeys (ConfUtils.java:logGet(43)) - raft.server.log.appender.buffer.byte-limit = 33554432 (custom)
2019-10-04 13:59:36,234 [pool-383-thread-1] INFO  server.RaftServerConfigKeys (ConfUtils.java:logGet(43)) - raft.server.log.segment.size.max = 1048576 (custom)
2019-10-04 13:59:36,234 [pool-403-thread-1] INFO  server.RaftServerConfigKeys (ConfUtils.java:logGet(43)) - raft.server.log.appender.buffer.byte-limit = 33554432 (custom)
2019-10-04 13:59:36,235 [pool-383-thread-1] INFO  server.RaftServerConfigKeys (ConfUtils.java:logGet(43)) - raft.server.log.segment.cache.num.max = 2 (custom)
2019-10-04 13:59:36,234 [pool-393-thread-1] INFO  server.RaftServerConfigKeys (ConfUtils.java:logGet(43)) - raft.server.log.segment.size.max = 1048576 (custom)
2019-10-04 13:59:36,235 [pool-383-thread-1] INFO  segmented.SegmentedRaftLogWorker (SegmentedRaftLogWorker.java:<init>(173)) - new f39952d6-4726-40ea-9596-deb9207d8926@group-04ECA618F70E-SegmentedRaftLogWorker for RaftStorage:Storage Directory /workdir/hadoop-ozone/integration-test/target/test-dir/MiniOzoneClusterImpl-b58f7dbf-e141-4fb4-9e03-51abb4d48b5c/datanode-0/data/ratis/ff7f3b1b-2497-4635-8c69-04eca618f70e
2019-10-04 13:59:36,235 [pool-403-thread-1] INFO  server.RaftServerConfigKeys (ConfUtils.java:logGet(43)) - raft.server.log.segment.size.max = 1048576 (custom)
2019-10-04 13:59:36,235 [pool-383-thread-1] INFO  server.RaftServerConfigKeys (ConfUtils.java:logGet(43)) - raft.server.log.queue.byte-limit = 2147483647 (custom)
2019-10-04 13:59:36,235 [pool-393-thread-1] INFO  server.RaftServerConfigKeys (ConfUtils.java:logGet(43)) - raft.server.log.segment.cache.num.max = 2 (custom)
2019-10-04 13:59:36,236 [pool-383-thread-1] INFO  server.RaftServerConfigKeys (ConfUtils.java:logGet(43)) - raft.server.log.queue.element-limit = 1024 (custom)
2019-10-04 13:59:36,235 [pool-403-thread-1] INFO  server.RaftServerConfigKeys (ConfUtils.java:logGet(43)) - raft.server.log.segment.cache.num.max = 2 (custom)
2019-10-04 13:59:36,236 [pool-383-thread-1] INFO  server.RaftServerConfigKeys (ConfUtils.java:logGet(43)) - raft.server.log.segment.size.max = 1048576 (custom)
2019-10-04 13:59:36,236 [pool-393-thread-1] INFO  segmented.SegmentedRaftLogWorker (SegmentedRaftLogWorker.java:<init>(173)) - new 64c5f7a9-46cc-43df-9633-010c6a29af33@group-04ECA618F70E-SegmentedRaftLogWorker for RaftStorage:Storage Directory /workdir/hadoop-ozone/integration-test/target/test-dir/MiniOzoneClusterImpl-b58f7dbf-e141-4fb4-9e03-51abb4d48b5c/datanode-1/data/ratis/ff7f3b1b-2497-4635-8c69-04eca618f70e
2019-10-04 13:59:36,236 [pool-383-thread-1] INFO  server.RaftServerConfigKeys (ConfUtils.java:logGet(43)) - raft.server.log.preallocated.size = 16384 (custom)
2019-10-04 13:59:36,236 [pool-403-thread-1] INFO  segmented.SegmentedRaftLogWorker (SegmentedRaftLogWorker.java:<init>(173)) - new 336ddc52-bea2-4377-a39b-13702e108a25@group-04ECA618F70E-SegmentedRaftLogWorker for RaftStorage:Storage Directory /workdir/hadoop-ozone/integration-test/target/test-dir/MiniOzoneClusterImpl-b58f7dbf-e141-4fb4-9e03-51abb4d48b5c/datanode-2/data/ratis/ff7f3b1b-2497-4635-8c69-04eca618f70e
2019-10-04 13:59:36,236 [pool-383-thread-1] INFO  server.RaftServerConfigKeys (ConfUtils.java:logGet(43)) - raft.server.log.write.buffer.size = 33554432 (custom)
2019-10-04 13:59:36,236 [pool-393-thread-1] INFO  server.RaftServerConfigKeys (ConfUtils.java:logGet(43)) - raft.server.log.queue.byte-limit = 2147483647 (custom)
2019-10-04 13:59:36,237 [pool-383-thread-1] INFO  server.RaftServerConfigKeys (ConfUtils.java:logGet(43)) - raft.server.log.force.sync.num = 128 (default)
2019-10-04 13:59:36,237 [pool-403-thread-1] INFO  server.RaftServerConfigKeys (ConfUtils.java:logGet(43)) - raft.server.log.queue.byte-limit = 2147483647 (custom)
2019-10-04 13:59:36,237 [pool-383-thread-1] INFO  server.RaftServerConfigKeys (ConfUtils.java:logGet(43)) - raft.server.log.statemachine.data.sync = true (default)
2019-10-04 13:59:36,237 [pool-393-thread-1] INFO  server.RaftServerConfigKeys (ConfUtils.java:logGet(43)) - raft.server.log.queue.element-limit = 1024 (custom)
2019-10-04 13:59:36,237 [pool-383-thread-1] INFO  server.RaftServerConfigKeys (ConfUtils.java:logGet(43)) - raft.server.log.statemachine.data.sync.timeout = 10s (default)
2019-10-04 13:59:36,237 [pool-403-thread-1] INFO  server.RaftServerConfigKeys (ConfUtils.java:logGet(43)) - raft.server.log.queue.element-limit = 1024 (custom)
2019-10-04 13:59:36,238 [pool-383-thread-1] INFO  server.RaftServerConfigKeys (ConfUtils.java:logGet(43)) - raft.server.log.statemachine.data.sync.timeout.retry = -1 (default)
2019-10-04 13:59:36,238 [pool-393-thread-1] INFO  server.RaftServerConfigKeys (ConfUtils.java:logGet(43)) - raft.server.log.segment.size.max = 1048576 (custom)
2019-10-04 13:59:36,238 [pool-383-thread-1] INFO  server.RaftServerConfigKeys (ConfUtils.java:logGet(43)) - raft.server.log.statemachine.data.caching.enabled = true (custom)
2019-10-04 13:59:36,238 [pool-403-thread-1] INFO  server.RaftServerConfigKeys (ConfUtils.java:logGet(43)) - raft.server.log.segment.size.max = 1048576 (custom)
2019-10-04 13:59:36,238 [pool-393-thread-1] INFO  server.RaftServerConfigKeys (ConfUtils.java:logGet(43)) - raft.server.log.preallocated.size = 16384 (custom)
2019-10-04 13:59:36,238 [pool-383-thread-1] INFO  segmented.SegmentedRaftLogWorker (SegmentedRaftLogWorker.java:lambda$new$0(128)) - f39952d6-4726-40ea-9596-deb9207d8926@group-04ECA618F70E-SegmentedRaftLogWorker: flushIndex: setUnconditionally 0 -> -1
2019-10-04 13:59:36,238 [pool-403-thread-1] INFO  server.RaftServerConfigKeys (ConfUtils.java:logGet(43)) - raft.server.log.preallocated.size = 16384 (custom)
2019-10-04 13:59:36,239 [pool-383-thread-1] INFO  server.RaftServerConfigKeys (ConfUtils.java:logGet(43)) - raft.server.snapshot.auto.trigger.enabled = true (custom)
2019-10-04 13:59:36,239 [pool-393-thread-1] INFO  server.RaftServerConfigKeys (ConfUtils.java:logGet(43)) - raft.server.log.write.buffer.size = 33554432 (custom)
2019-10-04 13:59:36,239 [pool-383-thread-1] INFO  server.RaftServerConfigKeys (ConfUtils.java:logGet(43)) - raft.server.snapshot.auto.trigger.threshold = 10000 (custom)
2019-10-04 13:59:36,239 [pool-403-thread-1] INFO  server.RaftServerConfigKeys (ConfUtils.java:logGet(43)) - raft.server.log.write.buffer.size = 33554432 (custom)
2019-10-04 13:59:36,239 [pool-383-thread-1] INFO  server.RaftServerConfigKeys (ConfUtils.java:logGet(43)) - raft.server.snapshot.retention.file.num = 5 (custom)
2019-10-04 13:59:36,239 [pool-393-thread-1] INFO  server.RaftServerConfigKeys (ConfUtils.java:logGet(43)) - raft.server.log.force.sync.num = 128 (default)
2019-10-04 13:59:36,240 [pool-383-thread-1] INFO  server.RaftServerConfigKeys (ConfUtils.java:logGet(43)) - raft.server.retrycache.expirytime = 600000ms (custom)
2019-10-04 13:59:36,239 [pool-403-thread-1] INFO  server.RaftServerConfigKeys (ConfUtils.java:logGet(43)) - raft.server.log.force.sync.num = 128 (default)
2019-10-04 13:59:36,240 [pool-393-thread-1] INFO  server.RaftServerConfigKeys (ConfUtils.java:logGet(43)) - raft.server.log.statemachine.data.sync = true (default)
2019-10-04 13:59:36,240 [pool-403-thread-1] INFO  server.RaftServerConfigKeys (ConfUtils.java:logGet(43)) - raft.server.log.statemachine.data.sync = true (default)
2019-10-04 13:59:36,240 [pool-393-thread-1] INFO  server.RaftServerConfigKeys (ConfUtils.java:logGet(43)) - raft.server.log.statemachine.data.sync.timeout = 10s (default)
2019-10-04 13:59:36,240 [pool-403-thread-1] INFO  server.RaftServerConfigKeys (ConfUtils.java:logGet(43)) - raft.server.log.statemachine.data.sync.timeout = 10s (default)
2019-10-04 13:59:36,240 [pool-393-thread-1] INFO  server.RaftServerConfigKeys (ConfUtils.java:logGet(43)) - raft.server.log.statemachine.data.sync.timeout.retry = -1 (default)
2019-10-04 13:59:36,240 [pool-403-thread-1] INFO  server.RaftServerConfigKeys (ConfUtils.java:logGet(43)) - raft.server.log.statemachine.data.sync.timeout.retry = -1 (default)
2019-10-04 13:59:36,241 [pool-393-thread-1] INFO  server.RaftServerConfigKeys (ConfUtils.java:logGet(43)) - raft.server.log.statemachine.data.caching.enabled = true (custom)
2019-10-04 13:59:36,241 [pool-403-thread-1] INFO  server.RaftServerConfigKeys (ConfUtils.java:logGet(43)) - raft.server.log.statemachine.data.caching.enabled = true (custom)
2019-10-04 13:59:36,241 [pool-393-thread-1] INFO  segmented.SegmentedRaftLogWorker (SegmentedRaftLogWorker.java:lambda$new$0(128)) - 64c5f7a9-46cc-43df-9633-010c6a29af33@group-04ECA618F70E-SegmentedRaftLogWorker: flushIndex: setUnconditionally 0 -> -1
2019-10-04 13:59:36,241 [pool-403-thread-1] INFO  segmented.SegmentedRaftLogWorker (SegmentedRaftLogWorker.java:lambda$new$0(128)) - 336ddc52-bea2-4377-a39b-13702e108a25@group-04ECA618F70E-SegmentedRaftLogWorker: flushIndex: setUnconditionally 0 -> -1
2019-10-04 13:59:36,241 [pool-393-thread-1] INFO  server.RaftServerConfigKeys (ConfUtils.java:logGet(43)) - raft.server.snapshot.auto.trigger.enabled = true (custom)
2019-10-04 13:59:36,241 [pool-403-thread-1] INFO  server.RaftServerConfigKeys (ConfUtils.java:logGet(43)) - raft.server.snapshot.auto.trigger.enabled = true (custom)
2019-10-04 13:59:36,241 [pool-393-thread-1] INFO  server.RaftServerConfigKeys (ConfUtils.java:logGet(43)) - raft.server.snapshot.auto.trigger.threshold = 10000 (custom)
2019-10-04 13:59:36,242 [pool-403-thread-1] INFO  server.RaftServerConfigKeys (ConfUtils.java:logGet(43)) - raft.server.snapshot.auto.trigger.threshold = 10000 (custom)
2019-10-04 13:59:36,242 [pool-393-thread-1] INFO  server.RaftServerConfigKeys (ConfUtils.java:logGet(43)) - raft.server.snapshot.retention.file.num = 5 (custom)
2019-10-04 13:59:36,242 [pool-383-thread-1] INFO  impl.RaftServerImpl (RaftServerImpl.java:start(181)) - f39952d6-4726-40ea-9596-deb9207d8926@group-04ECA618F70E: start as a follower, conf=-1: [64c5f7a9-46cc-43df-9633-010c6a29af33:192.168.164.251:41469, f39952d6-4726-40ea-9596-deb9207d8926:192.168.164.251:33776, 336ddc52-bea2-4377-a39b-13702e108a25:192.168.164.251:34705], old=null
2019-10-04 13:59:36,242 [pool-403-thread-1] INFO  server.RaftServerConfigKeys (ConfUtils.java:logGet(43)) - raft.server.snapshot.retention.file.num = 5 (custom)
2019-10-04 13:59:36,242 [pool-383-thread-1] INFO  impl.RaftServerImpl (RaftServerImpl.java:setRole(170)) - f39952d6-4726-40ea-9596-deb9207d8926@group-04ECA618F70E: changes role from      null to FOLLOWER at term 0 for startAsFollower
2019-10-04 13:59:36,242 [pool-393-thread-1] INFO  server.RaftServerConfigKeys (ConfUtils.java:logGet(43)) - raft.server.retrycache.expirytime = 600000ms (custom)
2019-10-04 13:59:36,242 [pool-383-thread-1] INFO  impl.RoleInfo (RoleInfo.java:updateAndGet(143)) - f39952d6-4726-40ea-9596-deb9207d8926: start FollowerState
2019-10-04 13:59:36,242 [pool-403-thread-1] INFO  server.RaftServerConfigKeys (ConfUtils.java:logGet(43)) - raft.server.retrycache.expirytime = 600000ms (custom)
2019-10-04 13:59:36,243 [pool-383-thread-1] INFO  util.JmxRegister (JmxRegister.java:tryRegister(44)) - Successfully registered JMX Bean with object name Ratis:service=RaftServer,group=group-04ECA618F70E,id=f39952d6-4726-40ea-9596-deb9207d8926
2019-10-04 13:59:36,246 [pool-393-thread-1] INFO  impl.RaftServerImpl (RaftServerImpl.java:start(181)) - 64c5f7a9-46cc-43df-9633-010c6a29af33@group-04ECA618F70E: start as a follower, conf=-1: [64c5f7a9-46cc-43df-9633-010c6a29af33:192.168.164.251:41469, f39952d6-4726-40ea-9596-deb9207d8926:192.168.164.251:33776, 336ddc52-bea2-4377-a39b-13702e108a25:192.168.164.251:34705], old=null
2019-10-04 13:59:36,246 [pool-393-thread-1] INFO  impl.RaftServerImpl (RaftServerImpl.java:setRole(170)) - 64c5f7a9-46cc-43df-9633-010c6a29af33@group-04ECA618F70E: changes role from      null to FOLLOWER at term 0 for startAsFollower
2019-10-04 13:59:36,246 [pool-403-thread-1] INFO  impl.RaftServerImpl (RaftServerImpl.java:start(181)) - 336ddc52-bea2-4377-a39b-13702e108a25@group-04ECA618F70E: start as a follower, conf=-1: [64c5f7a9-46cc-43df-9633-010c6a29af33:192.168.164.251:41469, f39952d6-4726-40ea-9596-deb9207d8926:192.168.164.251:33776, 336ddc52-bea2-4377-a39b-13702e108a25:192.168.164.251:34705], old=null
2019-10-04 13:59:36,246 [pool-393-thread-1] INFO  impl.RoleInfo (RoleInfo.java:updateAndGet(143)) - 64c5f7a9-46cc-43df-9633-010c6a29af33: start FollowerState
2019-10-04 13:59:36,246 [pool-403-thread-1] INFO  impl.RaftServerImpl (RaftServerImpl.java:setRole(170)) - 336ddc52-bea2-4377-a39b-13702e108a25@group-04ECA618F70E: changes role from      null to FOLLOWER at term 0 for startAsFollower
2019-10-04 13:59:36,247 [pool-403-thread-1] INFO  impl.RoleInfo (RoleInfo.java:updateAndGet(143)) - 336ddc52-bea2-4377-a39b-13702e108a25: start FollowerState
2019-10-04 13:59:36,247 [pool-393-thread-1] INFO  util.JmxRegister (JmxRegister.java:tryRegister(44)) - Successfully registered JMX Bean with object name Ratis:service=RaftServer,group=group-04ECA618F70E,id=64c5f7a9-46cc-43df-9633-010c6a29af33
2019-10-04 13:59:36,247 [pool-403-thread-1] INFO  util.JmxRegister (JmxRegister.java:tryRegister(44)) - Successfully registered JMX Bean with object name Ratis:service=RaftServer,group=group-04ECA618F70E,id=336ddc52-bea2-4377-a39b-13702e108a25
2019-10-04 13:59:36,259 [RatisPipelineUtilsThread] INFO  pipeline.PipelineStateManager (PipelineStateManager.java:addPipeline(56)) - Created pipeline Pipeline[ Id: ff7f3b1b-2497-4635-8c69-04eca618f70e, Nodes: 336ddc52-bea2-4377-a39b-13702e108a25{ip: 192.168.164.251, host: pr-hdds-2250-79kh4-2414028627, networkLocation: /default-rack, certSerialId: null}f39952d6-4726-40ea-9596-deb9207d8926{ip: 192.168.164.251, host: pr-hdds-2250-79kh4-2414028627, networkLocation: /default-rack, certSerialId: null}64c5f7a9-46cc-43df-9633-010c6a29af33{ip: 192.168.164.251, host: pr-hdds-2250-79kh4-2414028627, networkLocation: /default-rack, certSerialId: null}, Type:RATIS, Factor:THREE, State:OPEN]
2019-10-04 13:59:36,265 [IPC Server handler 1 on 44600] INFO  net.NetworkTopology (NetworkTopologyImpl.java:add(111)) - Added a new node: /default-rack/9c0e695b-3549-43c8-81ee-e62e063b3917
2019-10-04 13:59:36,265 [IPC Server handler 1 on 44600] INFO  node.SCMNodeManager (SCMNodeManager.java:register(268)) - Registered Data node : 9c0e695b-3549-43c8-81ee-e62e063b3917{ip: 192.168.164.251, host: pr-hdds-2250-79kh4-2414028627, networkLocation: /default-rack, certSerialId: null}
2019-10-04 13:59:36,273 [grpc-default-executor-2] INFO  impl.RaftServerProxy (RaftServerProxy.java:addNew(89)) - 5c1a8e13-76d2-456d-b46d-67ef21358ec9: addNew group-B768EF993C37:[5c1a8e13-76d2-456d-b46d-67ef21358ec9:192.168.164.251:45862] returns group-B768EF993C37:java.util.concurrent.CompletableFuture@567d46be[Not completed]
2019-10-04 13:59:36,274 [pool-413-thread-1] INFO  impl.RaftServerImpl (RaftServerImpl.java:<init>(95)) - 5c1a8e13-76d2-456d-b46d-67ef21358ec9: new RaftServerImpl for group-B768EF993C37:[5c1a8e13-76d2-456d-b46d-67ef21358ec9:192.168.164.251:45862] with ContainerStateMachine:uninitialized
2019-10-04 13:59:36,274 [pool-413-thread-1] INFO  server.RaftServerConfigKeys (ConfUtils.java:logGet(43)) - raft.server.rpc.timeout.min = 5s (custom)
2019-10-04 13:59:36,275 [pool-413-thread-1] INFO  server.RaftServerConfigKeys (ConfUtils.java:logGet(43)) - raft.server.rpc.timeout.max = 5200ms (custom)
2019-10-04 13:59:36,275 [pool-413-thread-1] INFO  server.RaftServerConfigKeys (ConfUtils.java:logGet(43)) - raft.server.rpcslowness.timeout = 120s (custom)
2019-10-04 13:59:36,275 [pool-413-thread-1] INFO  server.RaftServerConfigKeys (ConfUtils.java:logGet(43)) - raft.server.sleep.deviation.threshold = 300 (default)
2019-10-04 13:59:36,275 [pool-413-thread-1] INFO  server.RaftServerConfigKeys (ConfUtils.java:logGet(43)) - raft.server.log.appender.install.snapshot.enabled = false (custom)
2019-10-04 13:59:36,275 [pool-413-thread-1] INFO  impl.RaftServerImpl (ServerState.java:<init>(103)) - 5c1a8e13-76d2-456d-b46d-67ef21358ec9@group-B768EF993C37: ConfigurationManager, init=-1: [5c1a8e13-76d2-456d-b46d-67ef21358ec9:192.168.164.251:45862], old=null, confs=<EMPTY_MAP>
2019-10-04 13:59:36,275 [pool-413-thread-1] INFO  server.RaftServerConfigKeys (ConfUtils.java:logGet(43)) - raft.server.storage.dir = [/workdir/hadoop-ozone/integration-test/target/test-dir/MiniOzoneClusterImpl-b58f7dbf-e141-4fb4-9e03-51abb4d48b5c/datanode-3/data/ratis] (custom)
2019-10-04 13:59:36,275 [pool-413-thread-1] INFO  server.RaftServerConfigKeys (ConfUtils.java:logGet(43)) - raft.server.log.corruption.policy = EXCEPTION (default)
2019-10-04 13:59:36,276 [pool-413-thread-1] INFO  storage.RaftStorageDirectory (RaftStorageDirectory.java:analyzeStorage(246)) - The storage directory /workdir/hadoop-ozone/integration-test/target/test-dir/MiniOzoneClusterImpl-b58f7dbf-e141-4fb4-9e03-51abb4d48b5c/datanode-3/data/ratis/1c0a96e6-b457-4e8d-9836-b768ef993c37 does not exist. Creating ...
2019-10-04 13:59:36,288 [pool-413-thread-1] INFO  storage.RaftStorageDirectory (RaftStorageDirectory.java:tryLock(328)) - Lock on /workdir/hadoop-ozone/integration-test/target/test-dir/MiniOzoneClusterImpl-b58f7dbf-e141-4fb4-9e03-51abb4d48b5c/datanode-3/data/ratis/1c0a96e6-b457-4e8d-9836-b768ef993c37/in_use.lock acquired by nodename 17298@pr-hdds-2250-79kh4-2414028627
2019-10-04 13:59:36,301 [pool-413-thread-1] INFO  storage.RaftStorage (RaftStorage.java:format(84)) - Storage directory /workdir/hadoop-ozone/integration-test/target/test-dir/MiniOzoneClusterImpl-b58f7dbf-e141-4fb4-9e03-51abb4d48b5c/datanode-3/data/ratis/1c0a96e6-b457-4e8d-9836-b768ef993c37 has been successfully formatted.
2019-10-04 13:59:36,301 [pool-413-thread-1] INFO  ratis.ContainerStateMachine (ContainerStateMachine.java:loadSnapshot(230)) - group-B768EF993C37: The snapshot info is null. Setting the last applied indexto:(t:0, i:~)
2019-10-04 13:59:36,301 [pool-413-thread-1] INFO  server.RaftServerConfigKeys (ConfUtils.java:logGet(43)) - raft.server.notification.no-leader.timeout = 120s (custom)
2019-10-04 13:59:36,302 [pool-413-thread-1] INFO  server.RaftServerConfigKeys (ConfUtils.java:logGet(43)) - raft.server.log.use.memory = false (default)
2019-10-04 13:59:36,302 [pool-413-thread-1] INFO  server.RaftServerConfigKeys (ConfUtils.java:logGet(43)) - raft.server.log.purge.gap = 1000000 (custom)
2019-10-04 13:59:36,302 [pool-413-thread-1] INFO  server.RaftServerConfigKeys (ConfUtils.java:logGet(43)) - raft.server.log.appender.buffer.byte-limit = 33554432 (custom)
2019-10-04 13:59:36,302 [pool-413-thread-1] INFO  server.RaftServerConfigKeys (ConfUtils.java:logGet(43)) - raft.server.log.segment.size.max = 1048576 (custom)
2019-10-04 13:59:36,303 [pool-413-thread-1] INFO  server.RaftServerConfigKeys (ConfUtils.java:logGet(43)) - raft.server.log.segment.cache.num.max = 2 (custom)
2019-10-04 13:59:36,303 [pool-413-thread-1] INFO  segmented.SegmentedRaftLogWorker (SegmentedRaftLogWorker.java:<init>(173)) - new 5c1a8e13-76d2-456d-b46d-67ef21358ec9@group-B768EF993C37-SegmentedRaftLogWorker for RaftStorage:Storage Directory /workdir/hadoop-ozone/integration-test/target/test-dir/MiniOzoneClusterImpl-b58f7dbf-e141-4fb4-9e03-51abb4d48b5c/datanode-3/data/ratis/1c0a96e6-b457-4e8d-9836-b768ef993c37
2019-10-04 13:59:36,303 [pool-413-thread-1] INFO  server.RaftServerConfigKeys (ConfUtils.java:logGet(43)) - raft.server.log.queue.byte-limit = 2147483647 (custom)
2019-10-04 13:59:36,304 [pool-413-thread-1] INFO  server.RaftServerConfigKeys (ConfUtils.java:logGet(43)) - raft.server.log.queue.element-limit = 1024 (custom)
2019-10-04 13:59:36,304 [pool-413-thread-1] INFO  server.RaftServerConfigKeys (ConfUtils.java:logGet(43)) - raft.server.log.segment.size.max = 1048576 (custom)
2019-10-04 13:59:36,304 [pool-413-thread-1] INFO  server.RaftServerConfigKeys (ConfUtils.java:logGet(43)) - raft.server.log.preallocated.size = 16384 (custom)
2019-10-04 13:59:36,304 [pool-413-thread-1] INFO  server.RaftServerConfigKeys (ConfUtils.java:logGet(43)) - raft.server.log.write.buffer.size = 33554432 (custom)
2019-10-04 13:59:36,304 [pool-413-thread-1] INFO  server.RaftServerConfigKeys (ConfUtils.java:logGet(43)) - raft.server.log.force.sync.num = 128 (default)
2019-10-04 13:59:36,304 [pool-413-thread-1] INFO  server.RaftServerConfigKeys (ConfUtils.java:logGet(43)) - raft.server.log.statemachine.data.sync = true (default)
2019-10-04 13:59:36,304 [pool-413-thread-1] INFO  server.RaftServerConfigKeys (ConfUtils.java:logGet(43)) - raft.server.log.statemachine.data.sync.timeout = 10s (default)
2019-10-04 13:59:36,304 [pool-413-thread-1] INFO  server.RaftServerConfigKeys (ConfUtils.java:logGet(43)) - raft.server.log.statemachine.data.sync.timeout.retry = -1 (default)
2019-10-04 13:59:36,305 [pool-413-thread-1] INFO  server.RaftServerConfigKeys (ConfUtils.java:logGet(43)) - raft.server.log.statemachine.data.caching.enabled = true (custom)
2019-10-04 13:59:36,305 [pool-413-thread-1] INFO  segmented.SegmentedRaftLogWorker (SegmentedRaftLogWorker.java:lambda$new$0(128)) - 5c1a8e13-76d2-456d-b46d-67ef21358ec9@group-B768EF993C37-SegmentedRaftLogWorker: flushIndex: setUnconditionally 0 -> -1
2019-10-04 13:59:36,305 [pool-413-thread-1] INFO  server.RaftServerConfigKeys (ConfUtils.java:logGet(43)) - raft.server.snapshot.auto.trigger.enabled = true (custom)
2019-10-04 13:59:36,305 [pool-413-thread-1] INFO  server.RaftServerConfigKeys (ConfUtils.java:logGet(43)) - raft.server.snapshot.auto.trigger.threshold = 10000 (custom)
2019-10-04 13:59:36,305 [pool-413-thread-1] INFO  server.RaftServerConfigKeys (ConfUtils.java:logGet(43)) - raft.server.snapshot.retention.file.num = 5 (custom)
2019-10-04 13:59:36,306 [pool-413-thread-1] INFO  server.RaftServerConfigKeys (ConfUtils.java:logGet(43)) - raft.server.retrycache.expirytime = 600000ms (custom)
2019-10-04 13:59:36,307 [pool-413-thread-1] INFO  impl.RaftServerImpl (RaftServerImpl.java:start(181)) - 5c1a8e13-76d2-456d-b46d-67ef21358ec9@group-B768EF993C37: start as a follower, conf=-1: [5c1a8e13-76d2-456d-b46d-67ef21358ec9:192.168.164.251:45862], old=null
2019-10-04 13:59:36,307 [pool-413-thread-1] INFO  impl.RaftServerImpl (RaftServerImpl.java:setRole(170)) - 5c1a8e13-76d2-456d-b46d-67ef21358ec9@group-B768EF993C37: changes role from      null to FOLLOWER at term 0 for startAsFollower
2019-10-04 13:59:36,307 [pool-413-thread-1] INFO  impl.RoleInfo (RoleInfo.java:updateAndGet(143)) - 5c1a8e13-76d2-456d-b46d-67ef21358ec9: start FollowerState
2019-10-04 13:59:36,307 [pool-413-thread-1] INFO  util.JmxRegister (JmxRegister.java:tryRegister(44)) - Successfully registered JMX Bean with object name Ratis:service=RaftServer,group=group-B768EF993C37,id=5c1a8e13-76d2-456d-b46d-67ef21358ec9
2019-10-04 13:59:36,315 [RatisPipelineUtilsThread] INFO  pipeline.PipelineStateManager (PipelineStateManager.java:addPipeline(56)) - Created pipeline Pipeline[ Id: 1c0a96e6-b457-4e8d-9836-b768ef993c37, Nodes: 5c1a8e13-76d2-456d-b46d-67ef21358ec9{ip: 192.168.164.251, host: pr-hdds-2250-79kh4-2414028627, networkLocation: /default-rack, certSerialId: null}, Type:RATIS, Factor:ONE, State:OPEN]
2019-10-04 13:59:36,325 [grpc-default-executor-2] INFO  impl.RaftServerProxy (RaftServerProxy.java:addNew(89)) - 9c0e695b-3549-43c8-81ee-e62e063b3917: addNew group-3069ED054755:[9c0e695b-3549-43c8-81ee-e62e063b3917:192.168.164.251:37078] returns group-3069ED054755:java.util.concurrent.CompletableFuture@35b95d47[Not completed]
2019-10-04 13:59:36,326 [pool-423-thread-1] INFO  impl.RaftServerImpl (RaftServerImpl.java:<init>(95)) - 9c0e695b-3549-43c8-81ee-e62e063b3917: new RaftServerImpl for group-3069ED054755:[9c0e695b-3549-43c8-81ee-e62e063b3917:192.168.164.251:37078] with ContainerStateMachine:uninitialized
2019-10-04 13:59:36,326 [pool-423-thread-1] INFO  server.RaftServerConfigKeys (ConfUtils.java:logGet(43)) - raft.server.rpc.timeout.min = 5s (custom)
2019-10-04 13:59:36,327 [pool-423-thread-1] INFO  server.RaftServerConfigKeys (ConfUtils.java:logGet(43)) - raft.server.rpc.timeout.max = 5200ms (custom)
2019-10-04 13:59:36,327 [pool-423-thread-1] INFO  server.RaftServerConfigKeys (ConfUtils.java:logGet(43)) - raft.server.rpcslowness.timeout = 120s (custom)
2019-10-04 13:59:36,327 [pool-423-thread-1] INFO  server.RaftServerConfigKeys (ConfUtils.java:logGet(43)) - raft.server.sleep.deviation.threshold = 300 (default)
2019-10-04 13:59:36,327 [pool-423-thread-1] INFO  server.RaftServerConfigKeys (ConfUtils.java:logGet(43)) - raft.server.log.appender.install.snapshot.enabled = false (custom)
2019-10-04 13:59:36,327 [pool-423-thread-1] INFO  impl.RaftServerImpl (ServerState.java:<init>(103)) - 9c0e695b-3549-43c8-81ee-e62e063b3917@group-3069ED054755: ConfigurationManager, init=-1: [9c0e695b-3549-43c8-81ee-e62e063b3917:192.168.164.251:37078], old=null, confs=<EMPTY_MAP>
2019-10-04 13:59:36,327 [pool-423-thread-1] INFO  server.RaftServerConfigKeys (ConfUtils.java:logGet(43)) - raft.server.storage.dir = [/workdir/hadoop-ozone/integration-test/target/test-dir/MiniOzoneClusterImpl-b58f7dbf-e141-4fb4-9e03-51abb4d48b5c/datanode-4/data/ratis] (custom)
2019-10-04 13:59:36,327 [pool-423-thread-1] INFO  server.RaftServerConfigKeys (ConfUtils.java:logGet(43)) - raft.server.log.corruption.policy = EXCEPTION (default)
2019-10-04 13:59:36,328 [pool-423-thread-1] INFO  storage.RaftStorageDirectory (RaftStorageDirectory.java:analyzeStorage(246)) - The storage directory /workdir/hadoop-ozone/integration-test/target/test-dir/MiniOzoneClusterImpl-b58f7dbf-e141-4fb4-9e03-51abb4d48b5c/datanode-4/data/ratis/ec55cedd-fef3-44bb-adec-3069ed054755 does not exist. Creating ...
2019-10-04 13:59:36,329 [IPC Server handler 3 on 44600] INFO  net.NetworkTopology (NetworkTopologyImpl.java:add(111)) - Added a new node: /default-rack/8b6871ed-315d-4fdf-983a-bcc25cea7c1b
2019-10-04 13:59:36,329 [IPC Server handler 3 on 44600] INFO  node.SCMNodeManager (SCMNodeManager.java:register(268)) - Registered Data node : 8b6871ed-315d-4fdf-983a-bcc25cea7c1b{ip: 192.168.164.251, host: pr-hdds-2250-79kh4-2414028627, networkLocation: /default-rack, certSerialId: null}
2019-10-04 13:59:36,341 [pool-423-thread-1] INFO  storage.RaftStorageDirectory (RaftStorageDirectory.java:tryLock(328)) - Lock on /workdir/hadoop-ozone/integration-test/target/test-dir/MiniOzoneClusterImpl-b58f7dbf-e141-4fb4-9e03-51abb4d48b5c/datanode-4/data/ratis/ec55cedd-fef3-44bb-adec-3069ed054755/in_use.lock acquired by nodename 17298@pr-hdds-2250-79kh4-2414028627
2019-10-04 13:59:36,353 [pool-423-thread-1] INFO  storage.RaftStorage (RaftStorage.java:format(84)) - Storage directory /workdir/hadoop-ozone/integration-test/target/test-dir/MiniOzoneClusterImpl-b58f7dbf-e141-4fb4-9e03-51abb4d48b5c/datanode-4/data/ratis/ec55cedd-fef3-44bb-adec-3069ed054755 has been successfully formatted.
2019-10-04 13:59:36,353 [pool-423-thread-1] INFO  ratis.ContainerStateMachine (ContainerStateMachine.java:loadSnapshot(230)) - group-3069ED054755: The snapshot info is null. Setting the last applied indexto:(t:0, i:~)
2019-10-04 13:59:36,354 [pool-423-thread-1] INFO  server.RaftServerConfigKeys (ConfUtils.java:logGet(43)) - raft.server.notification.no-leader.timeout = 120s (custom)
2019-10-04 13:59:36,354 [pool-423-thread-1] INFO  server.RaftServerConfigKeys (ConfUtils.java:logGet(43)) - raft.server.log.use.memory = false (default)
2019-10-04 13:59:36,354 [pool-423-thread-1] INFO  server.RaftServerConfigKeys (ConfUtils.java:logGet(43)) - raft.server.log.purge.gap = 1000000 (custom)
2019-10-04 13:59:36,354 [pool-423-thread-1] INFO  server.RaftServerConfigKeys (ConfUtils.java:logGet(43)) - raft.server.log.appender.buffer.byte-limit = 33554432 (custom)
2019-10-04 13:59:36,354 [pool-423-thread-1] INFO  server.RaftServerConfigKeys (ConfUtils.java:logGet(43)) - raft.server.log.segment.size.max = 1048576 (custom)
2019-10-04 13:59:36,355 [pool-423-thread-1] INFO  server.RaftServerConfigKeys (ConfUtils.java:logGet(43)) - raft.server.log.segment.cache.num.max = 2 (custom)
2019-10-04 13:59:36,356 [pool-423-thread-1] INFO  segmented.SegmentedRaftLogWorker (SegmentedRaftLogWorker.java:<init>(173)) - new 9c0e695b-3549-43c8-81ee-e62e063b3917@group-3069ED054755-SegmentedRaftLogWorker for RaftStorage:Storage Directory /workdir/hadoop-ozone/integration-test/target/test-dir/MiniOzoneClusterImpl-b58f7dbf-e141-4fb4-9e03-51abb4d48b5c/datanode-4/data/ratis/ec55cedd-fef3-44bb-adec-3069ed054755
2019-10-04 13:59:36,356 [pool-423-thread-1] INFO  server.RaftServerConfigKeys (ConfUtils.java:logGet(43)) - raft.server.log.queue.byte-limit = 2147483647 (custom)
2019-10-04 13:59:36,356 [pool-423-thread-1] INFO  server.RaftServerConfigKeys (ConfUtils.java:logGet(43)) - raft.server.log.queue.element-limit = 1024 (custom)
2019-10-04 13:59:36,356 [pool-423-thread-1] INFO  server.RaftServerConfigKeys (ConfUtils.java:logGet(43)) - raft.server.log.segment.size.max = 1048576 (custom)
2019-10-04 13:59:36,356 [pool-423-thread-1] INFO  server.RaftServerConfigKeys (ConfUtils.java:logGet(43)) - raft.server.log.preallocated.size = 16384 (custom)
2019-10-04 13:59:36,356 [pool-423-thread-1] INFO  server.RaftServerConfigKeys (ConfUtils.java:logGet(43)) - raft.server.log.write.buffer.size = 33554432 (custom)
2019-10-04 13:59:36,356 [pool-423-thread-1] INFO  server.RaftServerConfigKeys (ConfUtils.java:logGet(43)) - raft.server.log.force.sync.num = 128 (default)
2019-10-04 13:59:36,356 [pool-423-thread-1] INFO  server.RaftServerConfigKeys (ConfUtils.java:logGet(43)) - raft.server.log.statemachine.data.sync = true (default)
2019-10-04 13:59:36,357 [pool-423-thread-1] INFO  server.RaftServerConfigKeys (ConfUtils.java:logGet(43)) - raft.server.log.statemachine.data.sync.timeout = 10s (default)
2019-10-04 13:59:36,357 [pool-423-thread-1] INFO  server.RaftServerConfigKeys (ConfUtils.java:logGet(43)) - raft.server.log.statemachine.data.sync.timeout.retry = -1 (default)
2019-10-04 13:59:36,357 [pool-423-thread-1] INFO  server.RaftServerConfigKeys (ConfUtils.java:logGet(43)) - raft.server.log.statemachine.data.caching.enabled = true (custom)
2019-10-04 13:59:36,357 [pool-423-thread-1] INFO  segmented.SegmentedRaftLogWorker (SegmentedRaftLogWorker.java:lambda$new$0(128)) - 9c0e695b-3549-43c8-81ee-e62e063b3917@group-3069ED054755-SegmentedRaftLogWorker: flushIndex: setUnconditionally 0 -> -1
2019-10-04 13:59:36,358 [pool-423-thread-1] INFO  server.RaftServerConfigKeys (ConfUtils.java:logGet(43)) - raft.server.snapshot.auto.trigger.enabled = true (custom)
2019-10-04 13:59:36,358 [pool-423-thread-1] INFO  server.RaftServerConfigKeys (ConfUtils.java:logGet(43)) - raft.server.snapshot.auto.trigger.threshold = 10000 (custom)
2019-10-04 13:59:36,358 [pool-423-thread-1] INFO  server.RaftServerConfigKeys (ConfUtils.java:logGet(43)) - raft.server.snapshot.retention.file.num = 5 (custom)
2019-10-04 13:59:36,358 [pool-423-thread-1] INFO  server.RaftServerConfigKeys (ConfUtils.java:logGet(43)) - raft.server.retrycache.expirytime = 600000ms (custom)
2019-10-04 13:59:36,360 [pool-423-thread-1] INFO  impl.RaftServerImpl (RaftServerImpl.java:start(181)) - 9c0e695b-3549-43c8-81ee-e62e063b3917@group-3069ED054755: start as a follower, conf=-1: [9c0e695b-3549-43c8-81ee-e62e063b3917:192.168.164.251:37078], old=null
2019-10-04 13:59:36,360 [pool-423-thread-1] INFO  impl.RaftServerImpl (RaftServerImpl.java:setRole(170)) - 9c0e695b-3549-43c8-81ee-e62e063b3917@group-3069ED054755: changes role from      null to FOLLOWER at term 0 for startAsFollower
2019-10-04 13:59:36,360 [pool-423-thread-1] INFO  impl.RoleInfo (RoleInfo.java:updateAndGet(143)) - 9c0e695b-3549-43c8-81ee-e62e063b3917: start FollowerState
2019-10-04 13:59:36,360 [pool-423-thread-1] INFO  util.JmxRegister (JmxRegister.java:tryRegister(44)) - Successfully registered JMX Bean with object name Ratis:service=RaftServer,group=group-3069ED054755,id=9c0e695b-3549-43c8-81ee-e62e063b3917
2019-10-04 13:59:36,368 [RatisPipelineUtilsThread] INFO  pipeline.PipelineStateManager (PipelineStateManager.java:addPipeline(56)) - Created pipeline Pipeline[ Id: ec55cedd-fef3-44bb-adec-3069ed054755, Nodes: 9c0e695b-3549-43c8-81ee-e62e063b3917{ip: 192.168.164.251, host: pr-hdds-2250-79kh4-2414028627, networkLocation: /default-rack, certSerialId: null}, Type:RATIS, Factor:ONE, State:OPEN]
2019-10-04 13:59:36,380 [grpc-default-executor-2] INFO  impl.RaftServerProxy (RaftServerProxy.java:addNew(89)) - 8b6871ed-315d-4fdf-983a-bcc25cea7c1b: addNew group-FE5DD06F7D96:[8b6871ed-315d-4fdf-983a-bcc25cea7c1b:192.168.164.251:39811] returns group-FE5DD06F7D96:java.util.concurrent.CompletableFuture@58cd8dfb[Not completed]
2019-10-04 13:59:36,382 [pool-433-thread-1] INFO  impl.RaftServerImpl (RaftServerImpl.java:<init>(95)) - 8b6871ed-315d-4fdf-983a-bcc25cea7c1b: new RaftServerImpl for group-FE5DD06F7D96:[8b6871ed-315d-4fdf-983a-bcc25cea7c1b:192.168.164.251:39811] with ContainerStateMachine:uninitialized
2019-10-04 13:59:36,382 [pool-433-thread-1] INFO  server.RaftServerConfigKeys (ConfUtils.java:logGet(43)) - raft.server.rpc.timeout.min = 5s (custom)
2019-10-04 13:59:36,382 [pool-433-thread-1] INFO  server.RaftServerConfigKeys (ConfUtils.java:logGet(43)) - raft.server.rpc.timeout.max = 5200ms (custom)
2019-10-04 13:59:36,382 [pool-433-thread-1] INFO  server.RaftServerConfigKeys (ConfUtils.java:logGet(43)) - raft.server.rpcslowness.timeout = 120s (custom)
2019-10-04 13:59:36,382 [pool-433-thread-1] INFO  server.RaftServerConfigKeys (ConfUtils.java:logGet(43)) - raft.server.sleep.deviation.threshold = 300 (default)
2019-10-04 13:59:36,382 [pool-433-thread-1] INFO  server.RaftServerConfigKeys (ConfUtils.java:logGet(43)) - raft.server.log.appender.install.snapshot.enabled = false (custom)
2019-10-04 13:59:36,383 [pool-433-thread-1] INFO  impl.RaftServerImpl (ServerState.java:<init>(103)) - 8b6871ed-315d-4fdf-983a-bcc25cea7c1b@group-FE5DD06F7D96: ConfigurationManager, init=-1: [8b6871ed-315d-4fdf-983a-bcc25cea7c1b:192.168.164.251:39811], old=null, confs=<EMPTY_MAP>
2019-10-04 13:59:36,383 [pool-433-thread-1] INFO  server.RaftServerConfigKeys (ConfUtils.java:logGet(43)) - raft.server.storage.dir = [/workdir/hadoop-ozone/integration-test/target/test-dir/MiniOzoneClusterImpl-b58f7dbf-e141-4fb4-9e03-51abb4d48b5c/datanode-5/data/ratis] (custom)
2019-10-04 13:59:36,383 [pool-433-thread-1] INFO  server.RaftServerConfigKeys (ConfUtils.java:logGet(43)) - raft.server.log.corruption.policy = EXCEPTION (default)
2019-10-04 13:59:36,383 [pool-433-thread-1] INFO  storage.RaftStorageDirectory (RaftStorageDirectory.java:analyzeStorage(246)) - The storage directory /workdir/hadoop-ozone/integration-test/target/test-dir/MiniOzoneClusterImpl-b58f7dbf-e141-4fb4-9e03-51abb4d48b5c/datanode-5/data/ratis/47e663c4-8f13-4b7c-8f74-fe5dd06f7d96 does not exist. Creating ...
2019-10-04 13:59:36,387 [IPC Server handler 4 on 44600] INFO  net.NetworkTopology (NetworkTopologyImpl.java:add(111)) - Added a new node: /default-rack/f8dc20a8-53d0-4cb4-a1dc-f8f828383d57
2019-10-04 13:59:36,387 [IPC Server handler 4 on 44600] INFO  node.SCMNodeManager (SCMNodeManager.java:register(268)) - Registered Data node : f8dc20a8-53d0-4cb4-a1dc-f8f828383d57{ip: 192.168.164.251, host: pr-hdds-2250-79kh4-2414028627, networkLocation: /default-rack, certSerialId: null}
2019-10-04 13:59:36,388 [main] INFO  ozone.MiniOzoneClusterImpl (MiniOzoneClusterImpl.java:lambda$waitForClusterToBeReady$0(147)) - Cluster is ready. Got 7 of 7 DN Heartbeats.
2019-10-04 13:59:36,396 [pool-433-thread-1] INFO  storage.RaftStorageDirectory (RaftStorageDirectory.java:tryLock(328)) - Lock on /workdir/hadoop-ozone/integration-test/target/test-dir/MiniOzoneClusterImpl-b58f7dbf-e141-4fb4-9e03-51abb4d48b5c/datanode-5/data/ratis/47e663c4-8f13-4b7c-8f74-fe5dd06f7d96/in_use.lock acquired by nodename 17298@pr-hdds-2250-79kh4-2414028627
2019-10-04 13:59:36,414 [pool-433-thread-1] INFO  storage.RaftStorage (RaftStorage.java:format(84)) - Storage directory /workdir/hadoop-ozone/integration-test/target/test-dir/MiniOzoneClusterImpl-b58f7dbf-e141-4fb4-9e03-51abb4d48b5c/datanode-5/data/ratis/47e663c4-8f13-4b7c-8f74-fe5dd06f7d96 has been successfully formatted.
2019-10-04 13:59:36,415 [pool-433-thread-1] INFO  ratis.ContainerStateMachine (ContainerStateMachine.java:loadSnapshot(230)) - group-FE5DD06F7D96: The snapshot info is null. Setting the last applied indexto:(t:0, i:~)
2019-10-04 13:59:36,415 [pool-433-thread-1] INFO  server.RaftServerConfigKeys (ConfUtils.java:logGet(43)) - raft.server.notification.no-leader.timeout = 120s (custom)
2019-10-04 13:59:36,415 [pool-433-thread-1] INFO  server.RaftServerConfigKeys (ConfUtils.java:logGet(43)) - raft.server.log.use.memory = false (default)
2019-10-04 13:59:36,415 [pool-433-thread-1] INFO  server.RaftServerConfigKeys (ConfUtils.java:logGet(43)) - raft.server.log.purge.gap = 1000000 (custom)
2019-10-04 13:59:36,415 [pool-433-thread-1] INFO  server.RaftServerConfigKeys (ConfUtils.java:logGet(43)) - raft.server.log.appender.buffer.byte-limit = 33554432 (custom)
2019-10-04 13:59:36,415 [pool-433-thread-1] INFO  server.RaftServerConfigKeys (ConfUtils.java:logGet(43)) - raft.server.log.segment.size.max = 1048576 (custom)
2019-10-04 13:59:36,421 [pool-433-thread-1] INFO  server.RaftServerConfigKeys (ConfUtils.java:logGet(43)) - raft.server.log.segment.cache.num.max = 2 (custom)
2019-10-04 13:59:36,421 [pool-433-thread-1] INFO  segmented.SegmentedRaftLogWorker (SegmentedRaftLogWorker.java:<init>(173)) - new 8b6871ed-315d-4fdf-983a-bcc25cea7c1b@group-FE5DD06F7D96-SegmentedRaftLogWorker for RaftStorage:Storage Directory /workdir/hadoop-ozone/integration-test/target/test-dir/MiniOzoneClusterImpl-b58f7dbf-e141-4fb4-9e03-51abb4d48b5c/datanode-5/data/ratis/47e663c4-8f13-4b7c-8f74-fe5dd06f7d96
2019-10-04 13:59:36,421 [pool-433-thread-1] INFO  server.RaftServerConfigKeys (ConfUtils.java:logGet(43)) - raft.server.log.queue.byte-limit = 2147483647 (custom)
2019-10-04 13:59:36,421 [pool-433-thread-1] INFO  server.RaftServerConfigKeys (ConfUtils.java:logGet(43)) - raft.server.log.queue.element-limit = 1024 (custom)
2019-10-04 13:59:36,423 [pool-433-thread-1] INFO  server.RaftServerConfigKeys (ConfUtils.java:logGet(43)) - raft.server.log.segment.size.max = 1048576 (custom)
2019-10-04 13:59:36,423 [pool-433-thread-1] INFO  server.RaftServerConfigKeys (ConfUtils.java:logGet(43)) - raft.server.log.preallocated.size = 16384 (custom)
2019-10-04 13:59:36,423 [pool-433-thread-1] INFO  server.RaftServerConfigKeys (ConfUtils.java:logGet(43)) - raft.server.log.write.buffer.size = 33554432 (custom)
2019-10-04 13:59:36,423 [pool-433-thread-1] INFO  server.RaftServerConfigKeys (ConfUtils.java:logGet(43)) - raft.server.log.force.sync.num = 128 (default)
2019-10-04 13:59:36,427 [pool-433-thread-1] INFO  server.RaftServerConfigKeys (ConfUtils.java:logGet(43)) - raft.server.log.statemachine.data.sync = true (default)
2019-10-04 13:59:36,427 [pool-433-thread-1] INFO  server.RaftServerConfigKeys (ConfUtils.java:logGet(43)) - raft.server.log.statemachine.data.sync.timeout = 10s (default)
2019-10-04 13:59:36,427 [pool-433-thread-1] INFO  server.RaftServerConfigKeys (ConfUtils.java:logGet(43)) - raft.server.log.statemachine.data.sync.timeout.retry = -1 (default)
2019-10-04 13:59:36,427 [pool-433-thread-1] INFO  server.RaftServerConfigKeys (ConfUtils.java:logGet(43)) - raft.server.log.statemachine.data.caching.enabled = true (custom)
2019-10-04 13:59:36,428 [pool-433-thread-1] INFO  segmented.SegmentedRaftLogWorker (SegmentedRaftLogWorker.java:lambda$new$0(128)) - 8b6871ed-315d-4fdf-983a-bcc25cea7c1b@group-FE5DD06F7D96-SegmentedRaftLogWorker: flushIndex: setUnconditionally 0 -> -1
2019-10-04 13:59:36,428 [pool-433-thread-1] INFO  server.RaftServerConfigKeys (ConfUtils.java:logGet(43)) - raft.server.snapshot.auto.trigger.enabled = true (custom)
2019-10-04 13:59:36,428 [pool-433-thread-1] INFO  server.RaftServerConfigKeys (ConfUtils.java:logGet(43)) - raft.server.snapshot.auto.trigger.threshold = 10000 (custom)
2019-10-04 13:59:36,428 [pool-433-thread-1] INFO  server.RaftServerConfigKeys (ConfUtils.java:logGet(43)) - raft.server.snapshot.retention.file.num = 5 (custom)
2019-10-04 13:59:36,428 [main] INFO  rpc.RpcClient (RpcClient.java:createVolume(277)) - Creating Volume: watchforcommithandlingtest, with jenkins1000 as owner.
2019-10-04 13:59:36,428 [pool-433-thread-1] INFO  server.RaftServerConfigKeys (ConfUtils.java:logGet(43)) - raft.server.retrycache.expirytime = 600000ms (custom)
2019-10-04 13:59:36,430 [pool-433-thread-1] INFO  impl.RaftServerImpl (RaftServerImpl.java:start(181)) - 8b6871ed-315d-4fdf-983a-bcc25cea7c1b@group-FE5DD06F7D96: start as a follower, conf=-1: [8b6871ed-315d-4fdf-983a-bcc25cea7c1b:192.168.164.251:39811], old=null
2019-10-04 13:59:36,430 [pool-433-thread-1] INFO  impl.RaftServerImpl (RaftServerImpl.java:setRole(170)) - 8b6871ed-315d-4fdf-983a-bcc25cea7c1b@group-FE5DD06F7D96: changes role from      null to FOLLOWER at term 0 for startAsFollower
2019-10-04 13:59:36,430 [pool-433-thread-1] INFO  impl.RoleInfo (RoleInfo.java:updateAndGet(143)) - 8b6871ed-315d-4fdf-983a-bcc25cea7c1b: start FollowerState
2019-10-04 13:59:36,431 [pool-433-thread-1] INFO  util.JmxRegister (JmxRegister.java:tryRegister(44)) - Successfully registered JMX Bean with object name Ratis:service=RaftServer,group=group-FE5DD06F7D96,id=8b6871ed-315d-4fdf-983a-bcc25cea7c1b
2019-10-04 13:59:36,432 [IPC Server handler 0 on 43695] INFO  volume.OMVolumeCreateRequest (OMVolumeCreateRequest.java:validateAndUpdateCache(193)) - created volume:watchforcommithandlingtest for user:jenkins1000
2019-10-04 13:59:36,445 [RatisPipelineUtilsThread] INFO  pipeline.PipelineStateManager (PipelineStateManager.java:addPipeline(56)) - Created pipeline Pipeline[ Id: 47e663c4-8f13-4b7c-8f74-fe5dd06f7d96, Nodes: 8b6871ed-315d-4fdf-983a-bcc25cea7c1b{ip: 192.168.164.251, host: pr-hdds-2250-79kh4-2414028627, networkLocation: /default-rack, certSerialId: null}, Type:RATIS, Factor:ONE, State:OPEN]
2019-10-04 13:59:36,445 [main] INFO  rpc.RpcClient (RpcClient.java:createBucket(416)) - Creating Bucket: watchforcommithandlingtest/watchforcommithandlingtest, with Versioning false and Storage Type set to DISK and Encryption set to false 
2019-10-04 13:59:36,449 [main] INFO  ozone.MiniOzoneClusterImpl (MiniOzoneClusterImpl.java:getStorageContainerLocationClient(234)) - Creating StorageContainerLocationProtocol RPC client with address /0.0.0.0:44683
2019-10-04 13:59:36,454 [grpc-default-executor-2] INFO  impl.RaftServerProxy (RaftServerProxy.java:addNew(89)) - f8dc20a8-53d0-4cb4-a1dc-f8f828383d57: addNew group-7B6475511548:[f8dc20a8-53d0-4cb4-a1dc-f8f828383d57:192.168.164.251:38835] returns group-7B6475511548:java.util.concurrent.CompletableFuture@72ffeb8e[Not completed]
2019-10-04 13:59:36,455 [pool-443-thread-1] INFO  impl.RaftServerImpl (RaftServerImpl.java:<init>(95)) - f8dc20a8-53d0-4cb4-a1dc-f8f828383d57: new RaftServerImpl for group-7B6475511548:[f8dc20a8-53d0-4cb4-a1dc-f8f828383d57:192.168.164.251:38835] with ContainerStateMachine:uninitialized
2019-10-04 13:59:36,455 [pool-443-thread-1] INFO  server.RaftServerConfigKeys (ConfUtils.java:logGet(43)) - raft.server.rpc.timeout.min = 5s (custom)
2019-10-04 13:59:36,455 [pool-443-thread-1] INFO  server.RaftServerConfigKeys (ConfUtils.java:logGet(43)) - raft.server.rpc.timeout.max = 5200ms (custom)
2019-10-04 13:59:36,455 [pool-443-thread-1] INFO  server.RaftServerConfigKeys (ConfUtils.java:logGet(43)) - raft.server.rpcslowness.timeout = 120s (custom)
2019-10-04 13:59:36,456 [pool-443-thread-1] INFO  server.RaftServerConfigKeys (ConfUtils.java:logGet(43)) - raft.server.sleep.deviation.threshold = 300 (default)
2019-10-04 13:59:36,456 [pool-443-thread-1] INFO  server.RaftServerConfigKeys (ConfUtils.java:logGet(43)) - raft.server.log.appender.install.snapshot.enabled = false (custom)
2019-10-04 13:59:36,456 [pool-443-thread-1] INFO  impl.RaftServerImpl (ServerState.java:<init>(103)) - f8dc20a8-53d0-4cb4-a1dc-f8f828383d57@group-7B6475511548: ConfigurationManager, init=-1: [f8dc20a8-53d0-4cb4-a1dc-f8f828383d57:192.168.164.251:38835], old=null, confs=<EMPTY_MAP>
2019-10-04 13:59:36,456 [pool-443-thread-1] INFO  server.RaftServerConfigKeys (ConfUtils.java:logGet(43)) - raft.server.storage.dir = [/workdir/hadoop-ozone/integration-test/target/test-dir/MiniOzoneClusterImpl-b58f7dbf-e141-4fb4-9e03-51abb4d48b5c/datanode-6/data/ratis] (custom)
2019-10-04 13:59:36,456 [pool-443-thread-1] INFO  server.RaftServerConfigKeys (ConfUtils.java:logGet(43)) - raft.server.log.corruption.policy = EXCEPTION (default)
2019-10-04 13:59:36,456 [pool-443-thread-1] INFO  storage.RaftStorageDirectory (RaftStorageDirectory.java:analyzeStorage(246)) - The storage directory /workdir/hadoop-ozone/integration-test/target/test-dir/MiniOzoneClusterImpl-b58f7dbf-e141-4fb4-9e03-51abb4d48b5c/datanode-6/data/ratis/900931da-7972-4ca9-b3fe-7b6475511548 does not exist. Creating ...
2019-10-04 13:59:36,469 [pool-443-thread-1] INFO  storage.RaftStorageDirectory (RaftStorageDirectory.java:tryLock(328)) - Lock on /workdir/hadoop-ozone/integration-test/target/test-dir/MiniOzoneClusterImpl-b58f7dbf-e141-4fb4-9e03-51abb4d48b5c/datanode-6/data/ratis/900931da-7972-4ca9-b3fe-7b6475511548/in_use.lock acquired by nodename 17298@pr-hdds-2250-79kh4-2414028627
2019-10-04 13:59:36,481 [pool-443-thread-1] INFO  storage.RaftStorage (RaftStorage.java:format(84)) - Storage directory /workdir/hadoop-ozone/integration-test/target/test-dir/MiniOzoneClusterImpl-b58f7dbf-e141-4fb4-9e03-51abb4d48b5c/datanode-6/data/ratis/900931da-7972-4ca9-b3fe-7b6475511548 has been successfully formatted.
2019-10-04 13:59:36,482 [pool-443-thread-1] INFO  ratis.ContainerStateMachine (ContainerStateMachine.java:loadSnapshot(230)) - group-7B6475511548: The snapshot info is null. Setting the last applied indexto:(t:0, i:~)
2019-10-04 13:59:36,482 [pool-443-thread-1] INFO  server.RaftServerConfigKeys (ConfUtils.java:logGet(43)) - raft.server.notification.no-leader.timeout = 120s (custom)
2019-10-04 13:59:36,482 [pool-443-thread-1] INFO  server.RaftServerConfigKeys (ConfUtils.java:logGet(43)) - raft.server.log.use.memory = false (default)
2019-10-04 13:59:36,482 [pool-443-thread-1] INFO  server.RaftServerConfigKeys (ConfUtils.java:logGet(43)) - raft.server.log.purge.gap = 1000000 (custom)
2019-10-04 13:59:36,482 [pool-443-thread-1] INFO  server.RaftServerConfigKeys (ConfUtils.java:logGet(43)) - raft.server.log.appender.buffer.byte-limit = 33554432 (custom)
2019-10-04 13:59:36,482 [pool-443-thread-1] INFO  server.RaftServerConfigKeys (ConfUtils.java:logGet(43)) - raft.server.log.segment.size.max = 1048576 (custom)
2019-10-04 13:59:36,484 [pool-443-thread-1] INFO  server.RaftServerConfigKeys (ConfUtils.java:logGet(43)) - raft.server.log.segment.cache.num.max = 2 (custom)
2019-10-04 13:59:36,484 [pool-443-thread-1] INFO  segmented.SegmentedRaftLogWorker (SegmentedRaftLogWorker.java:<init>(173)) - new f8dc20a8-53d0-4cb4-a1dc-f8f828383d57@group-7B6475511548-SegmentedRaftLogWorker for RaftStorage:Storage Directory /workdir/hadoop-ozone/integration-test/target/test-dir/MiniOzoneClusterImpl-b58f7dbf-e141-4fb4-9e03-51abb4d48b5c/datanode-6/data/ratis/900931da-7972-4ca9-b3fe-7b6475511548
2019-10-04 13:59:36,484 [pool-443-thread-1] INFO  server.RaftServerConfigKeys (ConfUtils.java:logGet(43)) - raft.server.log.queue.byte-limit = 2147483647 (custom)
2019-10-04 13:59:36,484 [pool-443-thread-1] INFO  server.RaftServerConfigKeys (ConfUtils.java:logGet(43)) - raft.server.log.queue.element-limit = 1024 (custom)
2019-10-04 13:59:36,484 [pool-443-thread-1] INFO  server.RaftServerConfigKeys (ConfUtils.java:logGet(43)) - raft.server.log.segment.size.max = 1048576 (custom)
2019-10-04 13:59:36,484 [pool-443-thread-1] INFO  server.RaftServerConfigKeys (ConfUtils.java:logGet(43)) - raft.server.log.preallocated.size = 16384 (custom)
2019-10-04 13:59:36,484 [pool-443-thread-1] INFO  server.RaftServerConfigKeys (ConfUtils.java:logGet(43)) - raft.server.log.write.buffer.size = 33554432 (custom)
2019-10-04 13:59:36,484 [pool-443-thread-1] INFO  server.RaftServerConfigKeys (ConfUtils.java:logGet(43)) - raft.server.log.force.sync.num = 128 (default)
2019-10-04 13:59:36,484 [pool-443-thread-1] INFO  server.RaftServerConfigKeys (ConfUtils.java:logGet(43)) - raft.server.log.statemachine.data.sync = true (default)
2019-10-04 13:59:36,484 [pool-443-thread-1] INFO  server.RaftServerConfigKeys (ConfUtils.java:logGet(43)) - raft.server.log.statemachine.data.sync.timeout = 10s (default)
2019-10-04 13:59:36,485 [pool-443-thread-1] INFO  server.RaftServerConfigKeys (ConfUtils.java:logGet(43)) - raft.server.log.statemachine.data.sync.timeout.retry = -1 (default)
2019-10-04 13:59:36,485 [pool-443-thread-1] INFO  server.RaftServerConfigKeys (ConfUtils.java:logGet(43)) - raft.server.log.statemachine.data.caching.enabled = true (custom)
2019-10-04 13:59:36,485 [pool-443-thread-1] INFO  segmented.SegmentedRaftLogWorker (SegmentedRaftLogWorker.java:lambda$new$0(128)) - f8dc20a8-53d0-4cb4-a1dc-f8f828383d57@group-7B6475511548-SegmentedRaftLogWorker: flushIndex: setUnconditionally 0 -> -1
2019-10-04 13:59:36,485 [pool-443-thread-1] INFO  server.RaftServerConfigKeys (ConfUtils.java:logGet(43)) - raft.server.snapshot.auto.trigger.enabled = true (custom)
2019-10-04 13:59:36,485 [pool-443-thread-1] INFO  server.RaftServerConfigKeys (ConfUtils.java:logGet(43)) - raft.server.snapshot.auto.trigger.threshold = 10000 (custom)
2019-10-04 13:59:36,485 [pool-443-thread-1] INFO  server.RaftServerConfigKeys (ConfUtils.java:logGet(43)) - raft.server.snapshot.retention.file.num = 5 (custom)
2019-10-04 13:59:36,486 [pool-443-thread-1] INFO  server.RaftServerConfigKeys (ConfUtils.java:logGet(43)) - raft.server.retrycache.expirytime = 600000ms (custom)
2019-10-04 13:59:36,487 [pool-443-thread-1] INFO  impl.RaftServerImpl (RaftServerImpl.java:start(181)) - f8dc20a8-53d0-4cb4-a1dc-f8f828383d57@group-7B6475511548: start as a follower, conf=-1: [f8dc20a8-53d0-4cb4-a1dc-f8f828383d57:192.168.164.251:38835], old=null
2019-10-04 13:59:36,487 [pool-443-thread-1] INFO  impl.RaftServerImpl (RaftServerImpl.java:setRole(170)) - f8dc20a8-53d0-4cb4-a1dc-f8f828383d57@group-7B6475511548: changes role from      null to FOLLOWER at term 0 for startAsFollower
2019-10-04 13:59:36,487 [pool-443-thread-1] INFO  impl.RoleInfo (RoleInfo.java:updateAndGet(143)) - f8dc20a8-53d0-4cb4-a1dc-f8f828383d57: start FollowerState
2019-10-04 13:59:36,488 [pool-443-thread-1] INFO  util.JmxRegister (JmxRegister.java:tryRegister(44)) - Successfully registered JMX Bean with object name Ratis:service=RaftServer,group=group-7B6475511548,id=f8dc20a8-53d0-4cb4-a1dc-f8f828383d57
2019-10-04 13:59:36,494 [RatisPipelineUtilsThread] INFO  pipeline.PipelineStateManager (PipelineStateManager.java:addPipeline(56)) - Created pipeline Pipeline[ Id: 900931da-7972-4ca9-b3fe-7b6475511548, Nodes: f8dc20a8-53d0-4cb4-a1dc-f8f828383d57{ip: 192.168.164.251, host: pr-hdds-2250-79kh4-2414028627, networkLocation: /default-rack, certSerialId: null}, Type:RATIS, Factor:ONE, State:OPEN]
2019-10-04 13:59:36,515 [grpc-default-executor-2] INFO  impl.RaftServerProxy (RaftServerProxy.java:addNew(89)) - 9c0e695b-3549-43c8-81ee-e62e063b3917: addNew group-2858E8EA2AC9:[5c1a8e13-76d2-456d-b46d-67ef21358ec9:192.168.164.251:45862, 9c0e695b-3549-43c8-81ee-e62e063b3917:192.168.164.251:37078, f8dc20a8-53d0-4cb4-a1dc-f8f828383d57:192.168.164.251:38835] returns group-2858E8EA2AC9:java.util.concurrent.CompletableFuture@6c24cdc2[Not completed]
2019-10-04 13:59:36,516 [grpc-default-executor-4] INFO  impl.RaftServerProxy (RaftServerProxy.java:addNew(89)) - f8dc20a8-53d0-4cb4-a1dc-f8f828383d57: addNew group-2858E8EA2AC9:[5c1a8e13-76d2-456d-b46d-67ef21358ec9:192.168.164.251:45862, 9c0e695b-3549-43c8-81ee-e62e063b3917:192.168.164.251:37078, f8dc20a8-53d0-4cb4-a1dc-f8f828383d57:192.168.164.251:38835] returns group-2858E8EA2AC9:java.util.concurrent.CompletableFuture@5975a6ca[Not completed]
2019-10-04 13:59:36,516 [grpc-default-executor-5] INFO  impl.RaftServerProxy (RaftServerProxy.java:addNew(89)) - 5c1a8e13-76d2-456d-b46d-67ef21358ec9: addNew group-2858E8EA2AC9:[5c1a8e13-76d2-456d-b46d-67ef21358ec9:192.168.164.251:45862, 9c0e695b-3549-43c8-81ee-e62e063b3917:192.168.164.251:37078, f8dc20a8-53d0-4cb4-a1dc-f8f828383d57:192.168.164.251:38835] returns group-2858E8EA2AC9:java.util.concurrent.CompletableFuture@7dcd15ae[Not completed]
2019-10-04 13:59:36,518 [pool-443-thread-1] INFO  impl.RaftServerImpl (RaftServerImpl.java:<init>(95)) - f8dc20a8-53d0-4cb4-a1dc-f8f828383d57: new RaftServerImpl for group-2858E8EA2AC9:[5c1a8e13-76d2-456d-b46d-67ef21358ec9:192.168.164.251:45862, 9c0e695b-3549-43c8-81ee-e62e063b3917:192.168.164.251:37078, f8dc20a8-53d0-4cb4-a1dc-f8f828383d57:192.168.164.251:38835] with ContainerStateMachine:uninitialized
2019-10-04 13:59:36,518 [pool-443-thread-1] INFO  server.RaftServerConfigKeys (ConfUtils.java:logGet(43)) - raft.server.rpc.timeout.min = 5s (custom)
2019-10-04 13:59:36,518 [pool-443-thread-1] INFO  server.RaftServerConfigKeys (ConfUtils.java:logGet(43)) - raft.server.rpc.timeout.max = 5200ms (custom)
2019-10-04 13:59:36,518 [pool-443-thread-1] INFO  server.RaftServerConfigKeys (ConfUtils.java:logGet(43)) - raft.server.rpcslowness.timeout = 120s (custom)
2019-10-04 13:59:36,518 [pool-443-thread-1] INFO  server.RaftServerConfigKeys (ConfUtils.java:logGet(43)) - raft.server.sleep.deviation.threshold = 300 (default)
2019-10-04 13:59:36,518 [pool-443-thread-1] INFO  server.RaftServerConfigKeys (ConfUtils.java:logGet(43)) - raft.server.log.appender.install.snapshot.enabled = false (custom)
2019-10-04 13:59:36,518 [pool-423-thread-1] INFO  impl.RaftServerImpl (RaftServerImpl.java:<init>(95)) - 9c0e695b-3549-43c8-81ee-e62e063b3917: new RaftServerImpl for group-2858E8EA2AC9:[5c1a8e13-76d2-456d-b46d-67ef21358ec9:192.168.164.251:45862, 9c0e695b-3549-43c8-81ee-e62e063b3917:192.168.164.251:37078, f8dc20a8-53d0-4cb4-a1dc-f8f828383d57:192.168.164.251:38835] with ContainerStateMachine:uninitialized
2019-10-04 13:59:36,518 [pool-443-thread-1] INFO  impl.RaftServerImpl (ServerState.java:<init>(103)) - f8dc20a8-53d0-4cb4-a1dc-f8f828383d57@group-2858E8EA2AC9: ConfigurationManager, init=-1: [5c1a8e13-76d2-456d-b46d-67ef21358ec9:192.168.164.251:45862, 9c0e695b-3549-43c8-81ee-e62e063b3917:192.168.164.251:37078, f8dc20a8-53d0-4cb4-a1dc-f8f828383d57:192.168.164.251:38835], old=null, confs=<EMPTY_MAP>
2019-10-04 13:59:36,518 [pool-423-thread-1] INFO  server.RaftServerConfigKeys (ConfUtils.java:logGet(43)) - raft.server.rpc.timeout.min = 5s (custom)
2019-10-04 13:59:36,518 [pool-443-thread-1] INFO  server.RaftServerConfigKeys (ConfUtils.java:logGet(43)) - raft.server.storage.dir = [/workdir/hadoop-ozone/integration-test/target/test-dir/MiniOzoneClusterImpl-b58f7dbf-e141-4fb4-9e03-51abb4d48b5c/datanode-6/data/ratis] (custom)
2019-10-04 13:59:36,518 [pool-423-thread-1] INFO  server.RaftServerConfigKeys (ConfUtils.java:logGet(43)) - raft.server.rpc.timeout.max = 5200ms (custom)
2019-10-04 13:59:36,519 [pool-423-thread-1] INFO  server.RaftServerConfigKeys (ConfUtils.java:logGet(43)) - raft.server.rpcslowness.timeout = 120s (custom)
2019-10-04 13:59:36,519 [pool-413-thread-1] INFO  impl.RaftServerImpl (RaftServerImpl.java:<init>(95)) - 5c1a8e13-76d2-456d-b46d-67ef21358ec9: new RaftServerImpl for group-2858E8EA2AC9:[5c1a8e13-76d2-456d-b46d-67ef21358ec9:192.168.164.251:45862, 9c0e695b-3549-43c8-81ee-e62e063b3917:192.168.164.251:37078, f8dc20a8-53d0-4cb4-a1dc-f8f828383d57:192.168.164.251:38835] with ContainerStateMachine:uninitialized
2019-10-04 13:59:36,519 [pool-443-thread-1] INFO  server.RaftServerConfigKeys (ConfUtils.java:logGet(43)) - raft.server.log.corruption.policy = EXCEPTION (default)
2019-10-04 13:59:36,519 [pool-413-thread-1] INFO  server.RaftServerConfigKeys (ConfUtils.java:logGet(43)) - raft.server.rpc.timeout.min = 5s (custom)
2019-10-04 13:59:36,519 [pool-423-thread-1] INFO  server.RaftServerConfigKeys (ConfUtils.java:logGet(43)) - raft.server.sleep.deviation.threshold = 300 (default)
2019-10-04 13:59:36,519 [pool-413-thread-1] INFO  server.RaftServerConfigKeys (ConfUtils.java:logGet(43)) - raft.server.rpc.timeout.max = 5200ms (custom)
2019-10-04 13:59:36,519 [pool-443-thread-1] INFO  storage.RaftStorageDirectory (RaftStorageDirectory.java:analyzeStorage(246)) - The storage directory /workdir/hadoop-ozone/integration-test/target/test-dir/MiniOzoneClusterImpl-b58f7dbf-e141-4fb4-9e03-51abb4d48b5c/datanode-6/data/ratis/a3b9b863-7ff5-444a-b3d9-2858e8ea2ac9 does not exist. Creating ...
2019-10-04 13:59:36,519 [pool-413-thread-1] INFO  server.RaftServerConfigKeys (ConfUtils.java:logGet(43)) - raft.server.rpcslowness.timeout = 120s (custom)
2019-10-04 13:59:36,519 [pool-423-thread-1] INFO  server.RaftServerConfigKeys (ConfUtils.java:logGet(43)) - raft.server.log.appender.install.snapshot.enabled = false (custom)
2019-10-04 13:59:36,519 [pool-413-thread-1] INFO  server.RaftServerConfigKeys (ConfUtils.java:logGet(43)) - raft.server.sleep.deviation.threshold = 300 (default)
2019-10-04 13:59:36,520 [pool-423-thread-1] INFO  impl.RaftServerImpl (ServerState.java:<init>(103)) - 9c0e695b-3549-43c8-81ee-e62e063b3917@group-2858E8EA2AC9: ConfigurationManager, init=-1: [5c1a8e13-76d2-456d-b46d-67ef21358ec9:192.168.164.251:45862, 9c0e695b-3549-43c8-81ee-e62e063b3917:192.168.164.251:37078, f8dc20a8-53d0-4cb4-a1dc-f8f828383d57:192.168.164.251:38835], old=null, confs=<EMPTY_MAP>
2019-10-04 13:59:36,520 [pool-413-thread-1] INFO  server.RaftServerConfigKeys (ConfUtils.java:logGet(43)) - raft.server.log.appender.install.snapshot.enabled = false (custom)
2019-10-04 13:59:36,520 [pool-423-thread-1] INFO  server.RaftServerConfigKeys (ConfUtils.java:logGet(43)) - raft.server.storage.dir = [/workdir/hadoop-ozone/integration-test/target/test-dir/MiniOzoneClusterImpl-b58f7dbf-e141-4fb4-9e03-51abb4d48b5c/datanode-4/data/ratis] (custom)
2019-10-04 13:59:36,520 [pool-413-thread-1] INFO  impl.RaftServerImpl (ServerState.java:<init>(103)) - 5c1a8e13-76d2-456d-b46d-67ef21358ec9@group-2858E8EA2AC9: ConfigurationManager, init=-1: [5c1a8e13-76d2-456d-b46d-67ef21358ec9:192.168.164.251:45862, 9c0e695b-3549-43c8-81ee-e62e063b3917:192.168.164.251:37078, f8dc20a8-53d0-4cb4-a1dc-f8f828383d57:192.168.164.251:38835], old=null, confs=<EMPTY_MAP>
2019-10-04 13:59:36,520 [pool-423-thread-1] INFO  server.RaftServerConfigKeys (ConfUtils.java:logGet(43)) - raft.server.log.corruption.policy = EXCEPTION (default)
2019-10-04 13:59:36,520 [pool-413-thread-1] INFO  server.RaftServerConfigKeys (ConfUtils.java:logGet(43)) - raft.server.storage.dir = [/workdir/hadoop-ozone/integration-test/target/test-dir/MiniOzoneClusterImpl-b58f7dbf-e141-4fb4-9e03-51abb4d48b5c/datanode-3/data/ratis] (custom)
2019-10-04 13:59:36,520 [pool-423-thread-1] INFO  storage.RaftStorageDirectory (RaftStorageDirectory.java:analyzeStorage(246)) - The storage directory /workdir/hadoop-ozone/integration-test/target/test-dir/MiniOzoneClusterImpl-b58f7dbf-e141-4fb4-9e03-51abb4d48b5c/datanode-4/data/ratis/a3b9b863-7ff5-444a-b3d9-2858e8ea2ac9 does not exist. Creating ...
2019-10-04 13:59:36,520 [pool-413-thread-1] INFO  server.RaftServerConfigKeys (ConfUtils.java:logGet(43)) - raft.server.log.corruption.policy = EXCEPTION (default)
2019-10-04 13:59:36,521 [pool-413-thread-1] INFO  storage.RaftStorageDirectory (RaftStorageDirectory.java:analyzeStorage(246)) - The storage directory /workdir/hadoop-ozone/integration-test/target/test-dir/MiniOzoneClusterImpl-b58f7dbf-e141-4fb4-9e03-51abb4d48b5c/datanode-3/data/ratis/a3b9b863-7ff5-444a-b3d9-2858e8ea2ac9 does not exist. Creating ...
2019-10-04 13:59:36,533 [pool-443-thread-1] INFO  storage.RaftStorageDirectory (RaftStorageDirectory.java:tryLock(328)) - Lock on /workdir/hadoop-ozone/integration-test/target/test-dir/MiniOzoneClusterImpl-b58f7dbf-e141-4fb4-9e03-51abb4d48b5c/datanode-6/data/ratis/a3b9b863-7ff5-444a-b3d9-2858e8ea2ac9/in_use.lock acquired by nodename 17298@pr-hdds-2250-79kh4-2414028627
2019-10-04 13:59:36,533 [pool-413-thread-1] INFO  storage.RaftStorageDirectory (RaftStorageDirectory.java:tryLock(328)) - Lock on /workdir/hadoop-ozone/integration-test/target/test-dir/MiniOzoneClusterImpl-b58f7dbf-e141-4fb4-9e03-51abb4d48b5c/datanode-3/data/ratis/a3b9b863-7ff5-444a-b3d9-2858e8ea2ac9/in_use.lock acquired by nodename 17298@pr-hdds-2250-79kh4-2414028627
2019-10-04 13:59:36,533 [pool-423-thread-1] INFO  storage.RaftStorageDirectory (RaftStorageDirectory.java:tryLock(328)) - Lock on /workdir/hadoop-ozone/integration-test/target/test-dir/MiniOzoneClusterImpl-b58f7dbf-e141-4fb4-9e03-51abb4d48b5c/datanode-4/data/ratis/a3b9b863-7ff5-444a-b3d9-2858e8ea2ac9/in_use.lock acquired by nodename 17298@pr-hdds-2250-79kh4-2414028627
2019-10-04 13:59:36,546 [pool-413-thread-1] INFO  storage.RaftStorage (RaftStorage.java:format(84)) - Storage directory /workdir/hadoop-ozone/integration-test/target/test-dir/MiniOzoneClusterImpl-b58f7dbf-e141-4fb4-9e03-51abb4d48b5c/datanode-3/data/ratis/a3b9b863-7ff5-444a-b3d9-2858e8ea2ac9 has been successfully formatted.
2019-10-04 13:59:36,546 [pool-443-thread-1] INFO  storage.RaftStorage (RaftStorage.java:format(84)) - Storage directory /workdir/hadoop-ozone/integration-test/target/test-dir/MiniOzoneClusterImpl-b58f7dbf-e141-4fb4-9e03-51abb4d48b5c/datanode-6/data/ratis/a3b9b863-7ff5-444a-b3d9-2858e8ea2ac9 has been successfully formatted.
2019-10-04 13:59:36,546 [pool-423-thread-1] INFO  storage.RaftStorage (RaftStorage.java:format(84)) - Storage directory /workdir/hadoop-ozone/integration-test/target/test-dir/MiniOzoneClusterImpl-b58f7dbf-e141-4fb4-9e03-51abb4d48b5c/datanode-4/data/ratis/a3b9b863-7ff5-444a-b3d9-2858e8ea2ac9 has been successfully formatted.
2019-10-04 13:59:36,547 [pool-443-thread-1] INFO  ratis.ContainerStateMachine (ContainerStateMachine.java:loadSnapshot(230)) - group-2858E8EA2AC9: The snapshot info is null. Setting the last applied indexto:(t:0, i:~)
2019-10-04 13:59:36,546 [pool-413-thread-1] INFO  ratis.ContainerStateMachine (ContainerStateMachine.java:loadSnapshot(230)) - group-2858E8EA2AC9: The snapshot info is null. Setting the last applied indexto:(t:0, i:~)
2019-10-04 13:59:36,547 [pool-423-thread-1] INFO  ratis.ContainerStateMachine (ContainerStateMachine.java:loadSnapshot(230)) - group-2858E8EA2AC9: The snapshot info is null. Setting the last applied indexto:(t:0, i:~)
2019-10-04 13:59:36,547 [pool-443-thread-1] INFO  server.RaftServerConfigKeys (ConfUtils.java:logGet(43)) - raft.server.notification.no-leader.timeout = 120s (custom)
2019-10-04 13:59:36,547 [pool-423-thread-1] INFO  server.RaftServerConfigKeys (ConfUtils.java:logGet(43)) - raft.server.notification.no-leader.timeout = 120s (custom)
2019-10-04 13:59:36,547 [pool-413-thread-1] INFO  server.RaftServerConfigKeys (ConfUtils.java:logGet(43)) - raft.server.notification.no-leader.timeout = 120s (custom)
2019-10-04 13:59:36,547 [pool-423-thread-1] INFO  server.RaftServerConfigKeys (ConfUtils.java:logGet(43)) - raft.server.log.use.memory = false (default)
2019-10-04 13:59:36,547 [pool-443-thread-1] INFO  server.RaftServerConfigKeys (ConfUtils.java:logGet(43)) - raft.server.log.use.memory = false (default)
2019-10-04 13:59:36,547 [pool-423-thread-1] INFO  server.RaftServerConfigKeys (ConfUtils.java:logGet(43)) - raft.server.log.purge.gap = 1000000 (custom)
2019-10-04 13:59:36,547 [pool-413-thread-1] INFO  server.RaftServerConfigKeys (ConfUtils.java:logGet(43)) - raft.server.log.use.memory = false (default)
2019-10-04 13:59:36,548 [pool-423-thread-1] INFO  server.RaftServerConfigKeys (ConfUtils.java:logGet(43)) - raft.server.log.appender.buffer.byte-limit = 33554432 (custom)
2019-10-04 13:59:36,548 [pool-443-thread-1] INFO  server.RaftServerConfigKeys (ConfUtils.java:logGet(43)) - raft.server.log.purge.gap = 1000000 (custom)
2019-10-04 13:59:36,548 [pool-423-thread-1] INFO  server.RaftServerConfigKeys (ConfUtils.java:logGet(43)) - raft.server.log.segment.size.max = 1048576 (custom)
2019-10-04 13:59:36,548 [pool-413-thread-1] INFO  server.RaftServerConfigKeys (ConfUtils.java:logGet(43)) - raft.server.log.purge.gap = 1000000 (custom)
2019-10-04 13:59:36,548 [pool-423-thread-1] INFO  server.RaftServerConfigKeys (ConfUtils.java:logGet(43)) - raft.server.log.segment.cache.num.max = 2 (custom)
2019-10-04 13:59:36,548 [pool-443-thread-1] INFO  server.RaftServerConfigKeys (ConfUtils.java:logGet(43)) - raft.server.log.appender.buffer.byte-limit = 33554432 (custom)
2019-10-04 13:59:36,548 [pool-423-thread-1] INFO  segmented.SegmentedRaftLogWorker (SegmentedRaftLogWorker.java:<init>(173)) - new 9c0e695b-3549-43c8-81ee-e62e063b3917@group-2858E8EA2AC9-SegmentedRaftLogWorker for RaftStorage:Storage Directory /workdir/hadoop-ozone/integration-test/target/test-dir/MiniOzoneClusterImpl-b58f7dbf-e141-4fb4-9e03-51abb4d48b5c/datanode-4/data/ratis/a3b9b863-7ff5-444a-b3d9-2858e8ea2ac9
2019-10-04 13:59:36,548 [pool-413-thread-1] INFO  server.RaftServerConfigKeys (ConfUtils.java:logGet(43)) - raft.server.log.appender.buffer.byte-limit = 33554432 (custom)
2019-10-04 13:59:36,549 [pool-423-thread-1] INFO  server.RaftServerConfigKeys (ConfUtils.java:logGet(43)) - raft.server.log.queue.byte-limit = 2147483647 (custom)
2019-10-04 13:59:36,549 [pool-443-thread-1] INFO  server.RaftServerConfigKeys (ConfUtils.java:logGet(43)) - raft.server.log.segment.size.max = 1048576 (custom)
2019-10-04 13:59:36,549 [pool-423-thread-1] INFO  server.RaftServerConfigKeys (ConfUtils.java:logGet(43)) - raft.server.log.queue.element-limit = 1024 (custom)
2019-10-04 13:59:36,549 [pool-413-thread-1] INFO  server.RaftServerConfigKeys (ConfUtils.java:logGet(43)) - raft.server.log.segment.size.max = 1048576 (custom)
2019-10-04 13:59:36,549 [pool-423-thread-1] INFO  server.RaftServerConfigKeys (ConfUtils.java:logGet(43)) - raft.server.log.segment.size.max = 1048576 (custom)
2019-10-04 13:59:36,549 [pool-443-thread-1] INFO  server.RaftServerConfigKeys (ConfUtils.java:logGet(43)) - raft.server.log.segment.cache.num.max = 2 (custom)
2019-10-04 13:59:36,550 [pool-423-thread-1] INFO  server.RaftServerConfigKeys (ConfUtils.java:logGet(43)) - raft.server.log.preallocated.size = 16384 (custom)
2019-10-04 13:59:36,549 [pool-413-thread-1] INFO  server.RaftServerConfigKeys (ConfUtils.java:logGet(43)) - raft.server.log.segment.cache.num.max = 2 (custom)
2019-10-04 13:59:36,550 [pool-423-thread-1] INFO  server.RaftServerConfigKeys (ConfUtils.java:logGet(43)) - raft.server.log.write.buffer.size = 33554432 (custom)
2019-10-04 13:59:36,550 [pool-443-thread-1] INFO  segmented.SegmentedRaftLogWorker (SegmentedRaftLogWorker.java:<init>(173)) - new f8dc20a8-53d0-4cb4-a1dc-f8f828383d57@group-2858E8EA2AC9-SegmentedRaftLogWorker for RaftStorage:Storage Directory /workdir/hadoop-ozone/integration-test/target/test-dir/MiniOzoneClusterImpl-b58f7dbf-e141-4fb4-9e03-51abb4d48b5c/datanode-6/data/ratis/a3b9b863-7ff5-444a-b3d9-2858e8ea2ac9
2019-10-04 13:59:36,550 [pool-423-thread-1] INFO  server.RaftServerConfigKeys (ConfUtils.java:logGet(43)) - raft.server.log.force.sync.num = 128 (default)
2019-10-04 13:59:36,550 [pool-413-thread-1] INFO  segmented.SegmentedRaftLogWorker (SegmentedRaftLogWorker.java:<init>(173)) - new 5c1a8e13-76d2-456d-b46d-67ef21358ec9@group-2858E8EA2AC9-SegmentedRaftLogWorker for RaftStorage:Storage Directory /workdir/hadoop-ozone/integration-test/target/test-dir/MiniOzoneClusterImpl-b58f7dbf-e141-4fb4-9e03-51abb4d48b5c/datanode-3/data/ratis/a3b9b863-7ff5-444a-b3d9-2858e8ea2ac9
2019-10-04 13:59:36,550 [pool-423-thread-1] INFO  server.RaftServerConfigKeys (ConfUtils.java:logGet(43)) - raft.server.log.statemachine.data.sync = true (default)
2019-10-04 13:59:36,551 [pool-423-thread-1] INFO  server.RaftServerConfigKeys (ConfUtils.java:logGet(43)) - raft.server.log.statemachine.data.sync.timeout = 10s (default)
2019-10-04 13:59:36,550 [pool-443-thread-1] INFO  server.RaftServerConfigKeys (ConfUtils.java:logGet(43)) - raft.server.log.queue.byte-limit = 2147483647 (custom)
2019-10-04 13:59:36,551 [pool-423-thread-1] INFO  server.RaftServerConfigKeys (ConfUtils.java:logGet(43)) - raft.server.log.statemachine.data.sync.timeout.retry = -1 (default)
2019-10-04 13:59:36,550 [pool-413-thread-1] INFO  server.RaftServerConfigKeys (ConfUtils.java:logGet(43)) - raft.server.log.queue.byte-limit = 2147483647 (custom)
2019-10-04 13:59:36,551 [pool-423-thread-1] INFO  server.RaftServerConfigKeys (ConfUtils.java:logGet(43)) - raft.server.log.statemachine.data.caching.enabled = true (custom)
2019-10-04 13:59:36,551 [pool-443-thread-1] INFO  server.RaftServerConfigKeys (ConfUtils.java:logGet(43)) - raft.server.log.queue.element-limit = 1024 (custom)
2019-10-04 13:59:36,551 [pool-413-thread-1] INFO  server.RaftServerConfigKeys (ConfUtils.java:logGet(43)) - raft.server.log.queue.element-limit = 1024 (custom)
2019-10-04 13:59:36,552 [pool-423-thread-1] INFO  segmented.SegmentedRaftLogWorker (SegmentedRaftLogWorker.java:lambda$new$0(128)) - 9c0e695b-3549-43c8-81ee-e62e063b3917@group-2858E8EA2AC9-SegmentedRaftLogWorker: flushIndex: setUnconditionally 0 -> -1
2019-10-04 13:59:36,551 [pool-443-thread-1] INFO  server.RaftServerConfigKeys (ConfUtils.java:logGet(43)) - raft.server.log.segment.size.max = 1048576 (custom)
2019-10-04 13:59:36,552 [pool-413-thread-1] INFO  server.RaftServerConfigKeys (ConfUtils.java:logGet(43)) - raft.server.log.segment.size.max = 1048576 (custom)
2019-10-04 13:59:36,552 [pool-423-thread-1] INFO  server.RaftServerConfigKeys (ConfUtils.java:logGet(43)) - raft.server.snapshot.auto.trigger.enabled = true (custom)
2019-10-04 13:59:36,552 [pool-443-thread-1] INFO  server.RaftServerConfigKeys (ConfUtils.java:logGet(43)) - raft.server.log.preallocated.size = 16384 (custom)
2019-10-04 13:59:36,552 [pool-423-thread-1] INFO  server.RaftServerConfigKeys (ConfUtils.java:logGet(43)) - raft.server.snapshot.auto.trigger.threshold = 10000 (custom)
2019-10-04 13:59:36,552 [pool-413-thread-1] INFO  server.RaftServerConfigKeys (ConfUtils.java:logGet(43)) - raft.server.log.preallocated.size = 16384 (custom)
2019-10-04 13:59:36,552 [pool-423-thread-1] INFO  server.RaftServerConfigKeys (ConfUtils.java:logGet(43)) - raft.server.snapshot.retention.file.num = 5 (custom)
2019-10-04 13:59:36,552 [pool-443-thread-1] INFO  server.RaftServerConfigKeys (ConfUtils.java:logGet(43)) - raft.server.log.write.buffer.size = 33554432 (custom)
2019-10-04 13:59:36,553 [pool-423-thread-1] INFO  server.RaftServerConfigKeys (ConfUtils.java:logGet(43)) - raft.server.retrycache.expirytime = 600000ms (custom)
2019-10-04 13:59:36,553 [pool-413-thread-1] INFO  server.RaftServerConfigKeys (ConfUtils.java:logGet(43)) - raft.server.log.write.buffer.size = 33554432 (custom)
2019-10-04 13:59:36,553 [pool-443-thread-1] INFO  server.RaftServerConfigKeys (ConfUtils.java:logGet(43)) - raft.server.log.force.sync.num = 128 (default)
2019-10-04 13:59:36,553 [pool-413-thread-1] INFO  server.RaftServerConfigKeys (ConfUtils.java:logGet(43)) - raft.server.log.force.sync.num = 128 (default)
2019-10-04 13:59:36,553 [pool-443-thread-1] INFO  server.RaftServerConfigKeys (ConfUtils.java:logGet(43)) - raft.server.log.statemachine.data.sync = true (default)
2019-10-04 13:59:36,553 [pool-413-thread-1] INFO  server.RaftServerConfigKeys (ConfUtils.java:logGet(43)) - raft.server.log.statemachine.data.sync = true (default)
2019-10-04 13:59:36,553 [pool-443-thread-1] INFO  server.RaftServerConfigKeys (ConfUtils.java:logGet(43)) - raft.server.log.statemachine.data.sync.timeout = 10s (default)
2019-10-04 13:59:36,554 [pool-413-thread-1] INFO  server.RaftServerConfigKeys (ConfUtils.java:logGet(43)) - raft.server.log.statemachine.data.sync.timeout = 10s (default)
2019-10-04 13:59:36,554 [pool-443-thread-1] INFO  server.RaftServerConfigKeys (ConfUtils.java:logGet(43)) - raft.server.log.statemachine.data.sync.timeout.retry = -1 (default)
2019-10-04 13:59:36,554 [pool-413-thread-1] INFO  server.RaftServerConfigKeys (ConfUtils.java:logGet(43)) - raft.server.log.statemachine.data.sync.timeout.retry = -1 (default)
2019-10-04 13:59:36,554 [pool-443-thread-1] INFO  server.RaftServerConfigKeys (ConfUtils.java:logGet(43)) - raft.server.log.statemachine.data.caching.enabled = true (custom)
2019-10-04 13:59:36,554 [pool-413-thread-1] INFO  server.RaftServerConfigKeys (ConfUtils.java:logGet(43)) - raft.server.log.statemachine.data.caching.enabled = true (custom)
2019-10-04 13:59:36,554 [pool-443-thread-1] INFO  segmented.SegmentedRaftLogWorker (SegmentedRaftLogWorker.java:lambda$new$0(128)) - f8dc20a8-53d0-4cb4-a1dc-f8f828383d57@group-2858E8EA2AC9-SegmentedRaftLogWorker: flushIndex: setUnconditionally 0 -> -1
2019-10-04 13:59:36,554 [pool-413-thread-1] INFO  segmented.SegmentedRaftLogWorker (SegmentedRaftLogWorker.java:lambda$new$0(128)) - 5c1a8e13-76d2-456d-b46d-67ef21358ec9@group-2858E8EA2AC9-SegmentedRaftLogWorker: flushIndex: setUnconditionally 0 -> -1
2019-10-04 13:59:36,555 [pool-443-thread-1] INFO  server.RaftServerConfigKeys (ConfUtils.java:logGet(43)) - raft.server.snapshot.auto.trigger.enabled = true (custom)
2019-10-04 13:59:36,555 [pool-423-thread-1] INFO  impl.RaftServerImpl (RaftServerImpl.java:start(181)) - 9c0e695b-3549-43c8-81ee-e62e063b3917@group-2858E8EA2AC9: start as a follower, conf=-1: [5c1a8e13-76d2-456d-b46d-67ef21358ec9:192.168.164.251:45862, 9c0e695b-3549-43c8-81ee-e62e063b3917:192.168.164.251:37078, f8dc20a8-53d0-4cb4-a1dc-f8f828383d57:192.168.164.251:38835], old=null
2019-10-04 13:59:36,555 [pool-413-thread-1] INFO  server.RaftServerConfigKeys (ConfUtils.java:logGet(43)) - raft.server.snapshot.auto.trigger.enabled = true (custom)
2019-10-04 13:59:36,555 [pool-443-thread-1] INFO  server.RaftServerConfigKeys (ConfUtils.java:logGet(43)) - raft.server.snapshot.auto.trigger.threshold = 10000 (custom)
2019-10-04 13:59:36,555 [pool-413-thread-1] INFO  server.RaftServerConfigKeys (ConfUtils.java:logGet(43)) - raft.server.snapshot.auto.trigger.threshold = 10000 (custom)
2019-10-04 13:59:36,555 [pool-423-thread-1] INFO  impl.RaftServerImpl (RaftServerImpl.java:setRole(170)) - 9c0e695b-3549-43c8-81ee-e62e063b3917@group-2858E8EA2AC9: changes role from      null to FOLLOWER at term 0 for startAsFollower
2019-10-04 13:59:36,555 [pool-413-thread-1] INFO  server.RaftServerConfigKeys (ConfUtils.java:logGet(43)) - raft.server.snapshot.retention.file.num = 5 (custom)
2019-10-04 13:59:36,555 [pool-443-thread-1] INFO  server.RaftServerConfigKeys (ConfUtils.java:logGet(43)) - raft.server.snapshot.retention.file.num = 5 (custom)
2019-10-04 13:59:36,556 [pool-413-thread-1] INFO  server.RaftServerConfigKeys (ConfUtils.java:logGet(43)) - raft.server.retrycache.expirytime = 600000ms (custom)
2019-10-04 13:59:36,556 [pool-423-thread-1] INFO  impl.RoleInfo (RoleInfo.java:updateAndGet(143)) - 9c0e695b-3549-43c8-81ee-e62e063b3917: start FollowerState
2019-10-04 13:59:36,556 [pool-443-thread-1] INFO  server.RaftServerConfigKeys (ConfUtils.java:logGet(43)) - raft.server.retrycache.expirytime = 600000ms (custom)
2019-10-04 13:59:36,556 [pool-423-thread-1] INFO  util.JmxRegister (JmxRegister.java:tryRegister(44)) - Successfully registered JMX Bean with object name Ratis:service=RaftServer,group=group-2858E8EA2AC9,id=9c0e695b-3549-43c8-81ee-e62e063b3917
2019-10-04 13:59:36,559 [pool-443-thread-1] INFO  impl.RaftServerImpl (RaftServerImpl.java:start(181)) - f8dc20a8-53d0-4cb4-a1dc-f8f828383d57@group-2858E8EA2AC9: start as a follower, conf=-1: [5c1a8e13-76d2-456d-b46d-67ef21358ec9:192.168.164.251:45862, 9c0e695b-3549-43c8-81ee-e62e063b3917:192.168.164.251:37078, f8dc20a8-53d0-4cb4-a1dc-f8f828383d57:192.168.164.251:38835], old=null
2019-10-04 13:59:36,559 [pool-413-thread-1] INFO  impl.RaftServerImpl (RaftServerImpl.java:start(181)) - 5c1a8e13-76d2-456d-b46d-67ef21358ec9@group-2858E8EA2AC9: start as a follower, conf=-1: [5c1a8e13-76d2-456d-b46d-67ef21358ec9:192.168.164.251:45862, 9c0e695b-3549-43c8-81ee-e62e063b3917:192.168.164.251:37078, f8dc20a8-53d0-4cb4-a1dc-f8f828383d57:192.168.164.251:38835], old=null
2019-10-04 13:59:36,559 [pool-443-thread-1] INFO  impl.RaftServerImpl (RaftServerImpl.java:setRole(170)) - f8dc20a8-53d0-4cb4-a1dc-f8f828383d57@group-2858E8EA2AC9: changes role from      null to FOLLOWER at term 0 for startAsFollower
2019-10-04 13:59:36,560 [pool-413-thread-1] INFO  impl.RaftServerImpl (RaftServerImpl.java:setRole(170)) - 5c1a8e13-76d2-456d-b46d-67ef21358ec9@group-2858E8EA2AC9: changes role from      null to FOLLOWER at term 0 for startAsFollower
2019-10-04 13:59:36,560 [pool-443-thread-1] INFO  impl.RoleInfo (RoleInfo.java:updateAndGet(143)) - f8dc20a8-53d0-4cb4-a1dc-f8f828383d57: start FollowerState
2019-10-04 13:59:36,560 [pool-413-thread-1] INFO  impl.RoleInfo (RoleInfo.java:updateAndGet(143)) - 5c1a8e13-76d2-456d-b46d-67ef21358ec9: start FollowerState
2019-10-04 13:59:36,560 [pool-443-thread-1] INFO  util.JmxRegister (JmxRegister.java:tryRegister(44)) - Successfully registered JMX Bean with object name Ratis:service=RaftServer,group=group-2858E8EA2AC9,id=f8dc20a8-53d0-4cb4-a1dc-f8f828383d57
2019-10-04 13:59:36,560 [pool-413-thread-1] INFO  util.JmxRegister (JmxRegister.java:tryRegister(44)) - Successfully registered JMX Bean with object name Ratis:service=RaftServer,group=group-2858E8EA2AC9,id=5c1a8e13-76d2-456d-b46d-67ef21358ec9
2019-10-04 13:59:36,573 [IPC Server handler 9 on 44683] INFO  pipeline.PipelineStateManager (PipelineStateManager.java:addPipeline(56)) - Created pipeline Pipeline[ Id: a3b9b863-7ff5-444a-b3d9-2858e8ea2ac9, Nodes: 5c1a8e13-76d2-456d-b46d-67ef21358ec9{ip: 192.168.164.251, host: pr-hdds-2250-79kh4-2414028627, networkLocation: /default-rack, certSerialId: null}9c0e695b-3549-43c8-81ee-e62e063b3917{ip: 192.168.164.251, host: pr-hdds-2250-79kh4-2414028627, networkLocation: /default-rack, certSerialId: null}f8dc20a8-53d0-4cb4-a1dc-f8f828383d57{ip: 192.168.164.251, host: pr-hdds-2250-79kh4-2414028627, networkLocation: /default-rack, certSerialId: null}, Type:RATIS, Factor:THREE, State:OPEN]
2019-10-04 13:59:39,007 [Thread-2359] INFO  container.ReplicationManager (ReplicationManager.java:start(162)) - Starting Replication Monitor Thread.
2019-10-04 13:59:39,011 [ReplicationMonitor] INFO  container.ReplicationManager (ReplicationManager.java:run(225)) - Replication Monitor Thread took 0 milliseconds for processing 1 containers.
2019-10-04 13:59:41,144 [Thread-2361] INFO  impl.FollowerState (FollowerState.java:run(108)) - f39952d6-4726-40ea-9596-deb9207d8926@group-D47FBC788C60-FollowerState: change to CANDIDATE, lastRpcTime:5086ms, electionTimeout:5086ms
2019-10-04 13:59:41,145 [Thread-2361] INFO  impl.RoleInfo (RoleInfo.java:shutdownFollowerState(121)) - f39952d6-4726-40ea-9596-deb9207d8926: shutdown FollowerState
2019-10-04 13:59:41,145 [Thread-2361] INFO  impl.RaftServerImpl (RaftServerImpl.java:setRole(170)) - f39952d6-4726-40ea-9596-deb9207d8926@group-D47FBC788C60: changes role from  FOLLOWER to CANDIDATE at term 0 for changeToCandidate
2019-10-04 13:59:41,145 [Thread-2361] INFO  impl.RoleInfo (RoleInfo.java:updateAndGet(143)) - f39952d6-4726-40ea-9596-deb9207d8926: start LeaderElection
2019-10-04 13:59:41,176 [f39952d6-4726-40ea-9596-deb9207d8926@group-D47FBC788C60-LeaderElection88] INFO  impl.LeaderElection (LeaderElection.java:askForVotes(178)) - f39952d6-4726-40ea-9596-deb9207d8926@group-D47FBC788C60-LeaderElection88: begin an election at term 1 for -1: [f39952d6-4726-40ea-9596-deb9207d8926:192.168.164.251:33776], old=null
2019-10-04 13:59:41,176 [f39952d6-4726-40ea-9596-deb9207d8926@group-D47FBC788C60-LeaderElection88] INFO  impl.RoleInfo (RoleInfo.java:shutdownLeaderElection(134)) - f39952d6-4726-40ea-9596-deb9207d8926: shutdown LeaderElection
2019-10-04 13:59:41,176 [f39952d6-4726-40ea-9596-deb9207d8926@group-D47FBC788C60-LeaderElection88] INFO  impl.RaftServerImpl (RaftServerImpl.java:setRole(170)) - f39952d6-4726-40ea-9596-deb9207d8926@group-D47FBC788C60: changes role from CANDIDATE to LEADER at term 1 for changeToLeader
2019-10-04 13:59:41,176 [f39952d6-4726-40ea-9596-deb9207d8926@group-D47FBC788C60-LeaderElection88] INFO  impl.RaftServerImpl (ServerState.java:setLeader(255)) - f39952d6-4726-40ea-9596-deb9207d8926@group-D47FBC788C60: change Leader from null to f39952d6-4726-40ea-9596-deb9207d8926 at term 1 for becomeLeader, leader elected after 5127ms
2019-10-04 13:59:41,177 [f39952d6-4726-40ea-9596-deb9207d8926@group-D47FBC788C60-LeaderElection88] INFO  server.RaftServerConfigKeys (ConfUtils.java:logGet(43)) - raft.server.staging.catchup.gap = 1000 (default)
2019-10-04 13:59:41,177 [f39952d6-4726-40ea-9596-deb9207d8926@group-D47FBC788C60-LeaderElection88] INFO  server.RaftServerConfigKeys (ConfUtils.java:logGet(43)) - raft.server.rpc.sleep.time = 25ms (default)
2019-10-04 13:59:41,177 [f39952d6-4726-40ea-9596-deb9207d8926@group-D47FBC788C60-LeaderElection88] INFO  server.RaftServerConfigKeys (ConfUtils.java:logGet(43)) - raft.server.write.element-limit = 4096 (default)
2019-10-04 13:59:41,178 [f39952d6-4726-40ea-9596-deb9207d8926@group-D47FBC788C60-LeaderElection88] INFO  server.RaftServerConfigKeys (ConfUtils.java:logGet(43)) - raft.server.watch.timeout = 10s (default)
2019-10-04 13:59:41,178 [f39952d6-4726-40ea-9596-deb9207d8926@group-D47FBC788C60-LeaderElection88] INFO  server.RaftServerConfigKeys (ConfUtils.java:logGet(43)) - raft.server.watch.timeout.denomination = 1s (default)
2019-10-04 13:59:41,178 [f39952d6-4726-40ea-9596-deb9207d8926@group-D47FBC788C60-LeaderElection88] INFO  server.RaftServerConfigKeys (ConfUtils.java:logGet(43)) - raft.server.watch.element-limit = 65536 (default)
2019-10-04 13:59:41,181 [f39952d6-4726-40ea-9596-deb9207d8926@group-D47FBC788C60-LeaderElection88] INFO  impl.RoleInfo (RoleInfo.java:updateAndGet(143)) - f39952d6-4726-40ea-9596-deb9207d8926: start LeaderState
2019-10-04 13:59:41,181 [f39952d6-4726-40ea-9596-deb9207d8926@group-D47FBC788C60-LeaderElection88] INFO  segmented.SegmentedRaftLogWorker (SegmentedRaftLogWorker.java:startLogSegment(385)) - f39952d6-4726-40ea-9596-deb9207d8926@group-D47FBC788C60-SegmentedRaftLogWorker: Starting segment from index:0
2019-10-04 13:59:41,182 [f39952d6-4726-40ea-9596-deb9207d8926@group-D47FBC788C60-LeaderElection88] INFO  impl.RaftServerImpl (ServerState.java:setRaftConf(356)) - f39952d6-4726-40ea-9596-deb9207d8926@group-D47FBC788C60: set configuration 0: [f39952d6-4726-40ea-9596-deb9207d8926:192.168.164.251:33776], old=null at 0
2019-10-04 13:59:41,201 [Thread-2364] INFO  impl.FollowerState (FollowerState.java:run(108)) - 64c5f7a9-46cc-43df-9633-010c6a29af33@group-0D7AF93E9DC7-FollowerState: change to CANDIDATE, lastRpcTime:5087ms, electionTimeout:5087ms
2019-10-04 13:59:41,201 [Thread-2364] INFO  impl.RoleInfo (RoleInfo.java:shutdownFollowerState(121)) - 64c5f7a9-46cc-43df-9633-010c6a29af33: shutdown FollowerState
2019-10-04 13:59:41,201 [Thread-2364] INFO  impl.RaftServerImpl (RaftServerImpl.java:setRole(170)) - 64c5f7a9-46cc-43df-9633-010c6a29af33@group-0D7AF93E9DC7: changes role from  FOLLOWER to CANDIDATE at term 0 for changeToCandidate
2019-10-04 13:59:41,201 [Thread-2364] INFO  impl.RoleInfo (RoleInfo.java:updateAndGet(143)) - 64c5f7a9-46cc-43df-9633-010c6a29af33: start LeaderElection
2019-10-04 13:59:41,233 [f39952d6-4726-40ea-9596-deb9207d8926@group-D47FBC788C60-SegmentedRaftLogWorker] INFO  segmented.SegmentedRaftLogWorker (SegmentedRaftLogWorker.java:execute(574)) - f39952d6-4726-40ea-9596-deb9207d8926@group-D47FBC788C60-SegmentedRaftLogWorker: created new log segment /workdir/hadoop-ozone/integration-test/target/test-dir/MiniOzoneClusterImpl-b58f7dbf-e141-4fb4-9e03-51abb4d48b5c/datanode-0/data/ratis/c16bc949-810d-435a-a3cc-d47fbc788c60/current/log_inprogress_0
2019-10-04 13:59:41,233 [64c5f7a9-46cc-43df-9633-010c6a29af33@group-0D7AF93E9DC7-LeaderElection89] INFO  impl.LeaderElection (LeaderElection.java:askForVotes(178)) - 64c5f7a9-46cc-43df-9633-010c6a29af33@group-0D7AF93E9DC7-LeaderElection89: begin an election at term 1 for -1: [64c5f7a9-46cc-43df-9633-010c6a29af33:192.168.164.251:41469], old=null
2019-10-04 13:59:41,233 [64c5f7a9-46cc-43df-9633-010c6a29af33@group-0D7AF93E9DC7-LeaderElection89] INFO  impl.RoleInfo (RoleInfo.java:shutdownLeaderElection(134)) - 64c5f7a9-46cc-43df-9633-010c6a29af33: shutdown LeaderElection
2019-10-04 13:59:41,234 [64c5f7a9-46cc-43df-9633-010c6a29af33@group-0D7AF93E9DC7-LeaderElection89] INFO  impl.RaftServerImpl (RaftServerImpl.java:setRole(170)) - 64c5f7a9-46cc-43df-9633-010c6a29af33@group-0D7AF93E9DC7: changes role from CANDIDATE to LEADER at term 1 for changeToLeader
2019-10-04 13:59:41,234 [64c5f7a9-46cc-43df-9633-010c6a29af33@group-0D7AF93E9DC7-LeaderElection89] INFO  impl.RaftServerImpl (ServerState.java:setLeader(255)) - 64c5f7a9-46cc-43df-9633-010c6a29af33@group-0D7AF93E9DC7: change Leader from null to 64c5f7a9-46cc-43df-9633-010c6a29af33 at term 1 for becomeLeader, leader elected after 5127ms
2019-10-04 13:59:41,234 [64c5f7a9-46cc-43df-9633-010c6a29af33@group-0D7AF93E9DC7-LeaderElection89] INFO  server.RaftServerConfigKeys (ConfUtils.java:logGet(43)) - raft.server.staging.catchup.gap = 1000 (default)
2019-10-04 13:59:41,234 [64c5f7a9-46cc-43df-9633-010c6a29af33@group-0D7AF93E9DC7-LeaderElection89] INFO  server.RaftServerConfigKeys (ConfUtils.java:logGet(43)) - raft.server.rpc.sleep.time = 25ms (default)
2019-10-04 13:59:41,234 [64c5f7a9-46cc-43df-9633-010c6a29af33@group-0D7AF93E9DC7-LeaderElection89] INFO  server.RaftServerConfigKeys (ConfUtils.java:logGet(43)) - raft.server.write.element-limit = 4096 (default)
2019-10-04 13:59:41,234 [64c5f7a9-46cc-43df-9633-010c6a29af33@group-0D7AF93E9DC7-LeaderElection89] INFO  server.RaftServerConfigKeys (ConfUtils.java:logGet(43)) - raft.server.watch.timeout = 10s (default)
2019-10-04 13:59:41,235 [64c5f7a9-46cc-43df-9633-010c6a29af33@group-0D7AF93E9DC7-LeaderElection89] INFO  server.RaftServerConfigKeys (ConfUtils.java:logGet(43)) - raft.server.watch.timeout.denomination = 1s (default)
2019-10-04 13:59:41,235 [64c5f7a9-46cc-43df-9633-010c6a29af33@group-0D7AF93E9DC7-LeaderElection89] INFO  server.RaftServerConfigKeys (ConfUtils.java:logGet(43)) - raft.server.watch.element-limit = 65536 (default)
2019-10-04 13:59:41,236 [64c5f7a9-46cc-43df-9633-010c6a29af33@group-0D7AF93E9DC7-LeaderElection89] INFO  impl.RoleInfo (RoleInfo.java:updateAndGet(143)) - 64c5f7a9-46cc-43df-9633-010c6a29af33: start LeaderState
2019-10-04 13:59:41,237 [64c5f7a9-46cc-43df-9633-010c6a29af33@group-0D7AF93E9DC7-LeaderElection89] INFO  segmented.SegmentedRaftLogWorker (SegmentedRaftLogWorker.java:startLogSegment(385)) - 64c5f7a9-46cc-43df-9633-010c6a29af33@group-0D7AF93E9DC7-SegmentedRaftLogWorker: Starting segment from index:0
2019-10-04 13:59:41,237 [64c5f7a9-46cc-43df-9633-010c6a29af33@group-0D7AF93E9DC7-LeaderElection89] INFO  impl.RaftServerImpl (ServerState.java:setRaftConf(356)) - 64c5f7a9-46cc-43df-9633-010c6a29af33@group-0D7AF93E9DC7: set configuration 0: [64c5f7a9-46cc-43df-9633-010c6a29af33:192.168.164.251:41469], old=null at 0
2019-10-04 13:59:41,253 [Thread-2372] INFO  impl.FollowerState (FollowerState.java:run(108)) - f39952d6-4726-40ea-9596-deb9207d8926@group-04ECA618F70E-FollowerState: change to CANDIDATE, lastRpcTime:5010ms, electionTimeout:5010ms
2019-10-04 13:59:41,253 [Thread-2372] INFO  impl.RoleInfo (RoleInfo.java:shutdownFollowerState(121)) - f39952d6-4726-40ea-9596-deb9207d8926: shutdown FollowerState
2019-10-04 13:59:41,253 [Thread-2372] INFO  impl.RaftServerImpl (RaftServerImpl.java:setRole(170)) - f39952d6-4726-40ea-9596-deb9207d8926@group-04ECA618F70E: changes role from  FOLLOWER to CANDIDATE at term 0 for changeToCandidate
2019-10-04 13:59:41,253 [Thread-2372] INFO  impl.RoleInfo (RoleInfo.java:updateAndGet(143)) - f39952d6-4726-40ea-9596-deb9207d8926: start LeaderElection
2019-10-04 13:59:41,283 [64c5f7a9-46cc-43df-9633-010c6a29af33@group-0D7AF93E9DC7-SegmentedRaftLogWorker] INFO  segmented.SegmentedRaftLogWorker (SegmentedRaftLogWorker.java:execute(574)) - 64c5f7a9-46cc-43df-9633-010c6a29af33@group-0D7AF93E9DC7-SegmentedRaftLogWorker: created new log segment /workdir/hadoop-ozone/integration-test/target/test-dir/MiniOzoneClusterImpl-b58f7dbf-e141-4fb4-9e03-51abb4d48b5c/datanode-1/data/ratis/bfe81800-a1a5-44e6-b61e-0d7af93e9dc7/current/log_inprogress_0
2019-10-04 13:59:41,283 [f39952d6-4726-40ea-9596-deb9207d8926@group-04ECA618F70E-LeaderElection90] INFO  impl.LeaderElection (LeaderElection.java:askForVotes(178)) - f39952d6-4726-40ea-9596-deb9207d8926@group-04ECA618F70E-LeaderElection90: begin an election at term 1 for -1: [64c5f7a9-46cc-43df-9633-010c6a29af33:192.168.164.251:41469, f39952d6-4726-40ea-9596-deb9207d8926:192.168.164.251:33776, 336ddc52-bea2-4377-a39b-13702e108a25:192.168.164.251:34705], old=null
2019-10-04 13:59:41,307 [Thread-2367] INFO  impl.FollowerState (FollowerState.java:run(108)) - 336ddc52-bea2-4377-a39b-13702e108a25@group-49F5E1C5665C-FollowerState: change to CANDIDATE, lastRpcTime:5137ms, electionTimeout:5134ms
2019-10-04 13:59:41,308 [Thread-2367] INFO  impl.RoleInfo (RoleInfo.java:shutdownFollowerState(121)) - 336ddc52-bea2-4377-a39b-13702e108a25: shutdown FollowerState
2019-10-04 13:59:41,310 [grpc-default-executor-5] INFO  impl.RaftServerImpl (RaftServerImpl.java:setRole(170)) - 64c5f7a9-46cc-43df-9633-010c6a29af33@group-04ECA618F70E: changes role from  FOLLOWER to FOLLOWER at term 1 for recognizeCandidate:f39952d6-4726-40ea-9596-deb9207d8926
2019-10-04 13:59:41,310 [Thread-2367] INFO  impl.RaftServerImpl (RaftServerImpl.java:setRole(170)) - 336ddc52-bea2-4377-a39b-13702e108a25@group-49F5E1C5665C: changes role from  FOLLOWER to CANDIDATE at term 0 for changeToCandidate
2019-10-04 13:59:41,310 [grpc-default-executor-4] INFO  impl.RaftServerImpl (RaftServerImpl.java:setRole(170)) - 336ddc52-bea2-4377-a39b-13702e108a25@group-04ECA618F70E: changes role from  FOLLOWER to FOLLOWER at term 1 for recognizeCandidate:f39952d6-4726-40ea-9596-deb9207d8926
2019-10-04 13:59:41,310 [Thread-2367] INFO  impl.RoleInfo (RoleInfo.java:updateAndGet(143)) - 336ddc52-bea2-4377-a39b-13702e108a25: start LeaderElection
2019-10-04 13:59:41,310 [grpc-default-executor-5] INFO  impl.RoleInfo (RoleInfo.java:shutdownFollowerState(121)) - 64c5f7a9-46cc-43df-9633-010c6a29af33: shutdown FollowerState
2019-10-04 13:59:41,310 [grpc-default-executor-4] INFO  impl.RoleInfo (RoleInfo.java:shutdownFollowerState(121)) - 336ddc52-bea2-4377-a39b-13702e108a25: shutdown FollowerState
2019-10-04 13:59:41,311 [grpc-default-executor-5] INFO  impl.RoleInfo (RoleInfo.java:updateAndGet(143)) - 64c5f7a9-46cc-43df-9633-010c6a29af33: start FollowerState
2019-10-04 13:59:41,315 [Thread-2373] INFO  impl.FollowerState (FollowerState.java:run(117)) - 64c5f7a9-46cc-43df-9633-010c6a29af33@group-04ECA618F70E-FollowerState was interrupted: java.lang.InterruptedException: sleep interrupted
2019-10-04 13:59:41,315 [Thread-2374] INFO  impl.FollowerState (FollowerState.java:run(117)) - 336ddc52-bea2-4377-a39b-13702e108a25@group-04ECA618F70E-FollowerState was interrupted: java.lang.InterruptedException: sleep interrupted
2019-10-04 13:59:41,311 [grpc-default-executor-4] INFO  impl.RoleInfo (RoleInfo.java:updateAndGet(143)) - 336ddc52-bea2-4377-a39b-13702e108a25: start FollowerState
2019-10-04 13:59:41,328 [336ddc52-bea2-4377-a39b-13702e108a25@group-49F5E1C5665C-LeaderElection91] INFO  impl.LeaderElection (LeaderElection.java:askForVotes(178)) - 336ddc52-bea2-4377-a39b-13702e108a25@group-49F5E1C5665C-LeaderElection91: begin an election at term 1 for -1: [336ddc52-bea2-4377-a39b-13702e108a25:192.168.164.251:34705], old=null
2019-10-04 13:59:41,329 [336ddc52-bea2-4377-a39b-13702e108a25@group-49F5E1C5665C-LeaderElection91] INFO  impl.RoleInfo (RoleInfo.java:shutdownLeaderElection(134)) - 336ddc52-bea2-4377-a39b-13702e108a25: shutdown LeaderElection
2019-10-04 13:59:41,329 [336ddc52-bea2-4377-a39b-13702e108a25@group-49F5E1C5665C-LeaderElection91] INFO  impl.RaftServerImpl (RaftServerImpl.java:setRole(170)) - 336ddc52-bea2-4377-a39b-13702e108a25@group-49F5E1C5665C: changes role from CANDIDATE to LEADER at term 1 for changeToLeader
2019-10-04 13:59:41,329 [336ddc52-bea2-4377-a39b-13702e108a25@group-49F5E1C5665C-LeaderElection91] INFO  impl.RaftServerImpl (ServerState.java:setLeader(255)) - 336ddc52-bea2-4377-a39b-13702e108a25@group-49F5E1C5665C: change Leader from null to 336ddc52-bea2-4377-a39b-13702e108a25 at term 1 for becomeLeader, leader elected after 5166ms
2019-10-04 13:59:41,329 [336ddc52-bea2-4377-a39b-13702e108a25@group-49F5E1C5665C-LeaderElection91] INFO  server.RaftServerConfigKeys (ConfUtils.java:logGet(43)) - raft.server.staging.catchup.gap = 1000 (default)
2019-10-04 13:59:41,336 [336ddc52-bea2-4377-a39b-13702e108a25@group-49F5E1C5665C-LeaderElection91] INFO  server.RaftServerConfigKeys (ConfUtils.java:logGet(43)) - raft.server.rpc.sleep.time = 25ms (default)
2019-10-04 13:59:41,336 [f39952d6-4726-40ea-9596-deb9207d8926@group-04ECA618F70E-LeaderElection90] INFO  impl.LeaderElection (LeaderElection.java:logAndReturn(56)) - f39952d6-4726-40ea-9596-deb9207d8926@group-04ECA618F70E-LeaderElection90: Election PASSED; received 1 response(s) [f39952d6-4726-40ea-9596-deb9207d8926<-64c5f7a9-46cc-43df-9633-010c6a29af33#0:OK-t1] and 0 exception(s); f39952d6-4726-40ea-9596-deb9207d8926@group-04ECA618F70E:t1, leader=null, voted=f39952d6-4726-40ea-9596-deb9207d8926, raftlog=f39952d6-4726-40ea-9596-deb9207d8926@group-04ECA618F70E-SegmentedRaftLog:OPENED:c-1,f-1,i0, conf=-1: [64c5f7a9-46cc-43df-9633-010c6a29af33:192.168.164.251:41469, f39952d6-4726-40ea-9596-deb9207d8926:192.168.164.251:33776, 336ddc52-bea2-4377-a39b-13702e108a25:192.168.164.251:34705], old=null
2019-10-04 13:59:41,336 [336ddc52-bea2-4377-a39b-13702e108a25@group-49F5E1C5665C-LeaderElection91] INFO  server.RaftServerConfigKeys (ConfUtils.java:logGet(43)) - raft.server.write.element-limit = 4096 (default)
2019-10-04 13:59:41,337 [f39952d6-4726-40ea-9596-deb9207d8926@group-04ECA618F70E-LeaderElection90] INFO  impl.RoleInfo (RoleInfo.java:shutdownLeaderElection(134)) - f39952d6-4726-40ea-9596-deb9207d8926: shutdown LeaderElection
2019-10-04 13:59:41,337 [336ddc52-bea2-4377-a39b-13702e108a25@group-49F5E1C5665C-LeaderElection91] INFO  server.RaftServerConfigKeys (ConfUtils.java:logGet(43)) - raft.server.watch.timeout = 10s (default)
2019-10-04 13:59:41,337 [f39952d6-4726-40ea-9596-deb9207d8926@group-04ECA618F70E-LeaderElection90] INFO  impl.RaftServerImpl (RaftServerImpl.java:setRole(170)) - f39952d6-4726-40ea-9596-deb9207d8926@group-04ECA618F70E: changes role from CANDIDATE to LEADER at term 1 for changeToLeader
2019-10-04 13:59:41,337 [336ddc52-bea2-4377-a39b-13702e108a25@group-49F5E1C5665C-LeaderElection91] INFO  server.RaftServerConfigKeys (ConfUtils.java:logGet(43)) - raft.server.watch.timeout.denomination = 1s (default)
2019-10-04 13:59:41,337 [f39952d6-4726-40ea-9596-deb9207d8926@group-04ECA618F70E-LeaderElection90] INFO  impl.RaftServerImpl (ServerState.java:setLeader(255)) - f39952d6-4726-40ea-9596-deb9207d8926@group-04ECA618F70E: change Leader from null to f39952d6-4726-40ea-9596-deb9207d8926 at term 1 for becomeLeader, leader elected after 5104ms
2019-10-04 13:59:41,337 [336ddc52-bea2-4377-a39b-13702e108a25@group-49F5E1C5665C-LeaderElection91] INFO  server.RaftServerConfigKeys (ConfUtils.java:logGet(43)) - raft.server.watch.element-limit = 65536 (default)
2019-10-04 13:59:41,337 [f39952d6-4726-40ea-9596-deb9207d8926@group-04ECA618F70E-LeaderElection90] INFO  server.RaftServerConfigKeys (ConfUtils.java:logGet(43)) - raft.server.staging.catchup.gap = 1000 (default)
2019-10-04 13:59:41,337 [f39952d6-4726-40ea-9596-deb9207d8926@group-04ECA618F70E-LeaderElection90] INFO  server.RaftServerConfigKeys (ConfUtils.java:logGet(43)) - raft.server.rpc.sleep.time = 25ms (default)
2019-10-04 13:59:41,338 [f39952d6-4726-40ea-9596-deb9207d8926@group-04ECA618F70E-LeaderElection90] INFO  server.RaftServerConfigKeys (ConfUtils.java:logGet(43)) - raft.server.write.element-limit = 4096 (default)
2019-10-04 13:59:41,338 [f39952d6-4726-40ea-9596-deb9207d8926@group-04ECA618F70E-LeaderElection90] INFO  server.RaftServerConfigKeys (ConfUtils.java:logGet(43)) - raft.server.watch.timeout = 10s (default)
2019-10-04 13:59:41,338 [f39952d6-4726-40ea-9596-deb9207d8926@group-04ECA618F70E-LeaderElection90] INFO  server.RaftServerConfigKeys (ConfUtils.java:logGet(43)) - raft.server.watch.timeout.denomination = 1s (default)
2019-10-04 13:59:41,338 [f39952d6-4726-40ea-9596-deb9207d8926@group-04ECA618F70E-LeaderElection90] INFO  server.RaftServerConfigKeys (ConfUtils.java:logGet(43)) - raft.server.watch.element-limit = 65536 (default)
2019-10-04 13:59:41,339 [336ddc52-bea2-4377-a39b-13702e108a25@group-49F5E1C5665C-LeaderElection91] INFO  impl.RoleInfo (RoleInfo.java:updateAndGet(143)) - 336ddc52-bea2-4377-a39b-13702e108a25: start LeaderState
2019-10-04 13:59:41,339 [336ddc52-bea2-4377-a39b-13702e108a25@group-49F5E1C5665C-LeaderElection91] INFO  segmented.SegmentedRaftLogWorker (SegmentedRaftLogWorker.java:startLogSegment(385)) - 336ddc52-bea2-4377-a39b-13702e108a25@group-49F5E1C5665C-SegmentedRaftLogWorker: Starting segment from index:0
2019-10-04 13:59:41,339 [336ddc52-bea2-4377-a39b-13702e108a25@group-49F5E1C5665C-LeaderElection91] INFO  impl.RaftServerImpl (ServerState.java:setRaftConf(356)) - 336ddc52-bea2-4377-a39b-13702e108a25@group-49F5E1C5665C: set configuration 0: [336ddc52-bea2-4377-a39b-13702e108a25:192.168.164.251:34705], old=null at 0
2019-10-04 13:59:41,340 [f39952d6-4726-40ea-9596-deb9207d8926@group-04ECA618F70E-LeaderElection90] INFO  server.RaftServerConfigKeys (ConfUtils.java:logGet(43)) - raft.server.log.appender.snapshot.chunk.size.max = 16MB (=16777216) (default)
2019-10-04 13:59:41,340 [f39952d6-4726-40ea-9596-deb9207d8926@group-04ECA618F70E-LeaderElection90] INFO  server.RaftServerConfigKeys (ConfUtils.java:logGet(43)) - raft.server.log.appender.buffer.byte-limit = 33554432 (custom)
2019-10-04 13:59:41,340 [f39952d6-4726-40ea-9596-deb9207d8926@group-04ECA618F70E-LeaderElection90] INFO  server.RaftServerConfigKeys (ConfUtils.java:logGet(43)) - raft.server.log.appender.buffer.element-limit = 1 (custom)
2019-10-04 13:59:41,340 [f39952d6-4726-40ea-9596-deb9207d8926@group-04ECA618F70E-LeaderElection90] INFO  grpc.GrpcConfigKeys$Server (ConfUtils.java:logGet(43)) - raft.grpc.server.leader.outstanding.appends.max = 128 (default)
2019-10-04 13:59:41,340 [f39952d6-4726-40ea-9596-deb9207d8926@group-04ECA618F70E-LeaderElection90] INFO  server.RaftServerConfigKeys (ConfUtils.java:logGet(43)) - raft.server.rpc.request.timeout = 3000ms (default)
2019-10-04 13:59:41,341 [f39952d6-4726-40ea-9596-deb9207d8926@group-04ECA618F70E-LeaderElection90] INFO  server.RaftServerConfigKeys (ConfUtils.java:logGet(43)) - raft.server.log.appender.install.snapshot.enabled = false (custom)
2019-10-04 13:59:41,341 [f39952d6-4726-40ea-9596-deb9207d8926@group-04ECA618F70E-LeaderElection90] INFO  server.RaftServerConfigKeys (ConfUtils.java:logGet(43)) - raft.server.log.appender.snapshot.chunk.size.max = 16MB (=16777216) (default)
2019-10-04 13:59:41,341 [f39952d6-4726-40ea-9596-deb9207d8926@group-04ECA618F70E-LeaderElection90] INFO  server.RaftServerConfigKeys (ConfUtils.java:logGet(43)) - raft.server.log.appender.buffer.byte-limit = 33554432 (custom)
2019-10-04 13:59:41,341 [f39952d6-4726-40ea-9596-deb9207d8926@group-04ECA618F70E-LeaderElection90] INFO  server.RaftServerConfigKeys (ConfUtils.java:logGet(43)) - raft.server.log.appender.buffer.element-limit = 1 (custom)
2019-10-04 13:59:41,341 [f39952d6-4726-40ea-9596-deb9207d8926@group-04ECA618F70E-LeaderElection90] INFO  grpc.GrpcConfigKeys$Server (ConfUtils.java:logGet(43)) - raft.grpc.server.leader.outstanding.appends.max = 128 (default)
2019-10-04 13:59:41,341 [f39952d6-4726-40ea-9596-deb9207d8926@group-04ECA618F70E-LeaderElection90] INFO  server.RaftServerConfigKeys (ConfUtils.java:logGet(43)) - raft.server.rpc.request.timeout = 3000ms (default)
2019-10-04 13:59:41,341 [f39952d6-4726-40ea-9596-deb9207d8926@group-04ECA618F70E-LeaderElection90] INFO  server.RaftServerConfigKeys (ConfUtils.java:logGet(43)) - raft.server.log.appender.install.snapshot.enabled = false (custom)
2019-10-04 13:59:41,341 [f39952d6-4726-40ea-9596-deb9207d8926@group-04ECA618F70E-LeaderElection90] INFO  impl.RoleInfo (RoleInfo.java:updateAndGet(143)) - f39952d6-4726-40ea-9596-deb9207d8926: start LeaderState
2019-10-04 13:59:41,342 [f39952d6-4726-40ea-9596-deb9207d8926@group-04ECA618F70E-LeaderElection90] INFO  segmented.SegmentedRaftLogWorker (SegmentedRaftLogWorker.java:startLogSegment(385)) - f39952d6-4726-40ea-9596-deb9207d8926@group-04ECA618F70E-SegmentedRaftLogWorker: Starting segment from index:0
2019-10-04 13:59:41,342 [f39952d6-4726-40ea-9596-deb9207d8926@group-04ECA618F70E-LeaderElection90] INFO  impl.RaftServerImpl (ServerState.java:setRaftConf(356)) - f39952d6-4726-40ea-9596-deb9207d8926@group-04ECA618F70E: set configuration 0: [64c5f7a9-46cc-43df-9633-010c6a29af33:192.168.164.251:41469, f39952d6-4726-40ea-9596-deb9207d8926:192.168.164.251:33776, 336ddc52-bea2-4377-a39b-13702e108a25:192.168.164.251:34705], old=null at 0
2019-10-04 13:59:41,379 [Thread-2379] INFO  impl.FollowerState (FollowerState.java:run(108)) - 5c1a8e13-76d2-456d-b46d-67ef21358ec9@group-B768EF993C37-FollowerState: change to CANDIDATE, lastRpcTime:5072ms, electionTimeout:5067ms
2019-10-04 13:59:41,379 [Thread-2379] INFO  impl.RoleInfo (RoleInfo.java:shutdownFollowerState(121)) - 5c1a8e13-76d2-456d-b46d-67ef21358ec9: shutdown FollowerState
2019-10-04 13:59:41,380 [Thread-2379] INFO  impl.RaftServerImpl (RaftServerImpl.java:setRole(170)) - 5c1a8e13-76d2-456d-b46d-67ef21358ec9@group-B768EF993C37: changes role from  FOLLOWER to CANDIDATE at term 0 for changeToCandidate
2019-10-04 13:59:41,380 [Thread-2379] INFO  impl.RoleInfo (RoleInfo.java:updateAndGet(143)) - 5c1a8e13-76d2-456d-b46d-67ef21358ec9: start LeaderElection
2019-10-04 13:59:41,385 [grpc-default-executor-5] INFO  impl.RaftServerImpl (ServerState.java:setLeader(255)) - 64c5f7a9-46cc-43df-9633-010c6a29af33@group-04ECA618F70E: change Leader from null to f39952d6-4726-40ea-9596-deb9207d8926 at term 1 for appendEntries, leader elected after 5152ms
2019-10-04 13:59:41,385 [grpc-default-executor-4] INFO  impl.RaftServerImpl (ServerState.java:setLeader(255)) - 336ddc52-bea2-4377-a39b-13702e108a25@group-04ECA618F70E: change Leader from null to f39952d6-4726-40ea-9596-deb9207d8926 at term 1 for appendEntries, leader elected after 5152ms
2019-10-04 13:59:41,390 [grpc-default-executor-4] INFO  impl.RaftServerImpl (ServerState.java:setRaftConf(356)) - 64c5f7a9-46cc-43df-9633-010c6a29af33@group-04ECA618F70E: set configuration 0: [64c5f7a9-46cc-43df-9633-010c6a29af33:192.168.164.251:41469, f39952d6-4726-40ea-9596-deb9207d8926:192.168.164.251:33776, 336ddc52-bea2-4377-a39b-13702e108a25:192.168.164.251:34705], old=null at 0
2019-10-04 13:59:41,390 [grpc-default-executor-5] INFO  impl.RaftServerImpl (ServerState.java:setRaftConf(356)) - 336ddc52-bea2-4377-a39b-13702e108a25@group-04ECA618F70E: set configuration 0: [64c5f7a9-46cc-43df-9633-010c6a29af33:192.168.164.251:41469, f39952d6-4726-40ea-9596-deb9207d8926:192.168.164.251:33776, 336ddc52-bea2-4377-a39b-13702e108a25:192.168.164.251:34705], old=null at 0
2019-10-04 13:59:41,390 [grpc-default-executor-4] INFO  segmented.SegmentedRaftLogWorker (SegmentedRaftLogWorker.java:startLogSegment(385)) - 64c5f7a9-46cc-43df-9633-010c6a29af33@group-04ECA618F70E-SegmentedRaftLogWorker: Starting segment from index:0
2019-10-04 13:59:41,390 [grpc-default-executor-5] INFO  segmented.SegmentedRaftLogWorker (SegmentedRaftLogWorker.java:startLogSegment(385)) - 336ddc52-bea2-4377-a39b-13702e108a25@group-04ECA618F70E-SegmentedRaftLogWorker: Starting segment from index:0
2019-10-04 13:59:41,392 [f39952d6-4726-40ea-9596-deb9207d8926@group-04ECA618F70E-SegmentedRaftLogWorker] INFO  segmented.SegmentedRaftLogWorker (SegmentedRaftLogWorker.java:execute(574)) - f39952d6-4726-40ea-9596-deb9207d8926@group-04ECA618F70E-SegmentedRaftLogWorker: created new log segment /workdir/hadoop-ozone/integration-test/target/test-dir/MiniOzoneClusterImpl-b58f7dbf-e141-4fb4-9e03-51abb4d48b5c/datanode-0/data/ratis/ff7f3b1b-2497-4635-8c69-04eca618f70e/current/log_inprogress_0
2019-10-04 13:59:41,392 [5c1a8e13-76d2-456d-b46d-67ef21358ec9@group-B768EF993C37-LeaderElection92] INFO  impl.LeaderElection (LeaderElection.java:askForVotes(178)) - 5c1a8e13-76d2-456d-b46d-67ef21358ec9@group-B768EF993C37-LeaderElection92: begin an election at term 1 for -1: [5c1a8e13-76d2-456d-b46d-67ef21358ec9:192.168.164.251:45862], old=null
2019-10-04 13:59:41,392 [336ddc52-bea2-4377-a39b-13702e108a25@group-49F5E1C5665C-SegmentedRaftLogWorker] INFO  segmented.SegmentedRaftLogWorker (SegmentedRaftLogWorker.java:execute(574)) - 336ddc52-bea2-4377-a39b-13702e108a25@group-49F5E1C5665C-SegmentedRaftLogWorker: created new log segment /workdir/hadoop-ozone/integration-test/target/test-dir/MiniOzoneClusterImpl-b58f7dbf-e141-4fb4-9e03-51abb4d48b5c/datanode-2/data/ratis/02266739-c5f6-4fec-a8c1-49f5e1c5665c/current/log_inprogress_0
2019-10-04 13:59:41,393 [5c1a8e13-76d2-456d-b46d-67ef21358ec9@group-B768EF993C37-LeaderElection92] INFO  impl.RoleInfo (RoleInfo.java:shutdownLeaderElection(134)) - 5c1a8e13-76d2-456d-b46d-67ef21358ec9: shutdown LeaderElection
2019-10-04 13:59:41,393 [5c1a8e13-76d2-456d-b46d-67ef21358ec9@group-B768EF993C37-LeaderElection92] INFO  impl.RaftServerImpl (RaftServerImpl.java:setRole(170)) - 5c1a8e13-76d2-456d-b46d-67ef21358ec9@group-B768EF993C37: changes role from CANDIDATE to LEADER at term 1 for changeToLeader
2019-10-04 13:59:41,393 [5c1a8e13-76d2-456d-b46d-67ef21358ec9@group-B768EF993C37-LeaderElection92] INFO  impl.RaftServerImpl (ServerState.java:setLeader(255)) - 5c1a8e13-76d2-456d-b46d-67ef21358ec9@group-B768EF993C37: change Leader from null to 5c1a8e13-76d2-456d-b46d-67ef21358ec9 at term 1 for becomeLeader, leader elected after 5091ms
2019-10-04 13:59:41,393 [5c1a8e13-76d2-456d-b46d-67ef21358ec9@group-B768EF993C37-LeaderElection92] INFO  server.RaftServerConfigKeys (ConfUtils.java:logGet(43)) - raft.server.staging.catchup.gap = 1000 (default)
2019-10-04 13:59:41,393 [5c1a8e13-76d2-456d-b46d-67ef21358ec9@group-B768EF993C37-LeaderElection92] INFO  server.RaftServerConfigKeys (ConfUtils.java:logGet(43)) - raft.server.rpc.sleep.time = 25ms (default)
2019-10-04 13:59:41,394 [5c1a8e13-76d2-456d-b46d-67ef21358ec9@group-B768EF993C37-LeaderElection92] INFO  server.RaftServerConfigKeys (ConfUtils.java:logGet(43)) - raft.server.write.element-limit = 4096 (default)
2019-10-04 13:59:41,394 [5c1a8e13-76d2-456d-b46d-67ef21358ec9@group-B768EF993C37-LeaderElection92] INFO  server.RaftServerConfigKeys (ConfUtils.java:logGet(43)) - raft.server.watch.timeout = 10s (default)
2019-10-04 13:59:41,394 [5c1a8e13-76d2-456d-b46d-67ef21358ec9@group-B768EF993C37-LeaderElection92] INFO  server.RaftServerConfigKeys (ConfUtils.java:logGet(43)) - raft.server.watch.timeout.denomination = 1s (default)
2019-10-04 13:59:41,394 [5c1a8e13-76d2-456d-b46d-67ef21358ec9@group-B768EF993C37-LeaderElection92] INFO  server.RaftServerConfigKeys (ConfUtils.java:logGet(43)) - raft.server.watch.element-limit = 65536 (default)
2019-10-04 13:59:41,396 [5c1a8e13-76d2-456d-b46d-67ef21358ec9@group-B768EF993C37-LeaderElection92] INFO  impl.RoleInfo (RoleInfo.java:updateAndGet(143)) - 5c1a8e13-76d2-456d-b46d-67ef21358ec9: start LeaderState
2019-10-04 13:59:41,396 [5c1a8e13-76d2-456d-b46d-67ef21358ec9@group-B768EF993C37-LeaderElection92] INFO  segmented.SegmentedRaftLogWorker (SegmentedRaftLogWorker.java:startLogSegment(385)) - 5c1a8e13-76d2-456d-b46d-67ef21358ec9@group-B768EF993C37-SegmentedRaftLogWorker: Starting segment from index:0
2019-10-04 13:59:41,397 [5c1a8e13-76d2-456d-b46d-67ef21358ec9@group-B768EF993C37-LeaderElection92] INFO  impl.RaftServerImpl (ServerState.java:setRaftConf(356)) - 5c1a8e13-76d2-456d-b46d-67ef21358ec9@group-B768EF993C37: set configuration 0: [5c1a8e13-76d2-456d-b46d-67ef21358ec9:192.168.164.251:45862], old=null at 0
2019-10-04 13:59:41,425 [5c1a8e13-76d2-456d-b46d-67ef21358ec9@group-B768EF993C37-SegmentedRaftLogWorker] INFO  segmented.SegmentedRaftLogWorker (SegmentedRaftLogWorker.java:execute(574)) - 5c1a8e13-76d2-456d-b46d-67ef21358ec9@group-B768EF993C37-SegmentedRaftLogWorker: created new log segment /workdir/hadoop-ozone/integration-test/target/test-dir/MiniOzoneClusterImpl-b58f7dbf-e141-4fb4-9e03-51abb4d48b5c/datanode-3/data/ratis/1c0a96e6-b457-4e8d-9836-b768ef993c37/current/log_inprogress_0
2019-10-04 13:59:41,425 [64c5f7a9-46cc-43df-9633-010c6a29af33@group-04ECA618F70E-SegmentedRaftLogWorker] INFO  segmented.SegmentedRaftLogWorker (SegmentedRaftLogWorker.java:execute(574)) - 64c5f7a9-46cc-43df-9633-010c6a29af33@group-04ECA618F70E-SegmentedRaftLogWorker: created new log segment /workdir/hadoop-ozone/integration-test/target/test-dir/MiniOzoneClusterImpl-b58f7dbf-e141-4fb4-9e03-51abb4d48b5c/datanode-1/data/ratis/ff7f3b1b-2497-4635-8c69-04eca618f70e/current/log_inprogress_0
2019-10-04 13:59:41,428 [336ddc52-bea2-4377-a39b-13702e108a25@group-04ECA618F70E-SegmentedRaftLogWorker] INFO  segmented.SegmentedRaftLogWorker (SegmentedRaftLogWorker.java:execute(574)) - 336ddc52-bea2-4377-a39b-13702e108a25@group-04ECA618F70E-SegmentedRaftLogWorker: created new log segment /workdir/hadoop-ozone/integration-test/target/test-dir/MiniOzoneClusterImpl-b58f7dbf-e141-4fb4-9e03-51abb4d48b5c/datanode-2/data/ratis/ff7f3b1b-2497-4635-8c69-04eca618f70e/current/log_inprogress_0
2019-10-04 13:59:41,520 [Thread-2390] INFO  impl.FollowerState (FollowerState.java:run(108)) - f8dc20a8-53d0-4cb4-a1dc-f8f828383d57@group-7B6475511548-FollowerState: change to CANDIDATE, lastRpcTime:5032ms, electionTimeout:5032ms
2019-10-04 13:59:41,520 [Thread-2390] INFO  impl.RoleInfo (RoleInfo.java:shutdownFollowerState(121)) - f8dc20a8-53d0-4cb4-a1dc-f8f828383d57: shutdown FollowerState
2019-10-04 13:59:41,520 [Thread-2390] INFO  impl.RaftServerImpl (RaftServerImpl.java:setRole(170)) - f8dc20a8-53d0-4cb4-a1dc-f8f828383d57@group-7B6475511548: changes role from  FOLLOWER to CANDIDATE at term 0 for changeToCandidate
2019-10-04 13:59:41,520 [Thread-2390] INFO  impl.RoleInfo (RoleInfo.java:updateAndGet(143)) - f8dc20a8-53d0-4cb4-a1dc-f8f828383d57: start LeaderElection
2019-10-04 13:59:41,536 [Thread-2382] INFO  impl.FollowerState (FollowerState.java:run(108)) - 9c0e695b-3549-43c8-81ee-e62e063b3917@group-3069ED054755-FollowerState: change to CANDIDATE, lastRpcTime:5176ms, electionTimeout:5176ms
2019-10-04 13:59:41,537 [Thread-2382] INFO  impl.RoleInfo (RoleInfo.java:shutdownFollowerState(121)) - 9c0e695b-3549-43c8-81ee-e62e063b3917: shutdown FollowerState
2019-10-04 13:59:41,537 [Thread-2382] INFO  impl.RaftServerImpl (RaftServerImpl.java:setRole(170)) - 9c0e695b-3549-43c8-81ee-e62e063b3917@group-3069ED054755: changes role from  FOLLOWER to CANDIDATE at term 0 for changeToCandidate
2019-10-04 13:59:41,537 [Thread-2382] INFO  impl.RoleInfo (RoleInfo.java:updateAndGet(143)) - 9c0e695b-3549-43c8-81ee-e62e063b3917: start LeaderElection
2019-10-04 13:59:41,543 [f8dc20a8-53d0-4cb4-a1dc-f8f828383d57@group-7B6475511548-LeaderElection93] INFO  impl.LeaderElection (LeaderElection.java:askForVotes(178)) - f8dc20a8-53d0-4cb4-a1dc-f8f828383d57@group-7B6475511548-LeaderElection93: begin an election at term 1 for -1: [f8dc20a8-53d0-4cb4-a1dc-f8f828383d57:192.168.164.251:38835], old=null
2019-10-04 13:59:41,543 [f8dc20a8-53d0-4cb4-a1dc-f8f828383d57@group-7B6475511548-LeaderElection93] INFO  impl.RoleInfo (RoleInfo.java:shutdownLeaderElection(134)) - f8dc20a8-53d0-4cb4-a1dc-f8f828383d57: shutdown LeaderElection
2019-10-04 13:59:41,543 [f8dc20a8-53d0-4cb4-a1dc-f8f828383d57@group-7B6475511548-LeaderElection93] INFO  impl.RaftServerImpl (RaftServerImpl.java:setRole(170)) - f8dc20a8-53d0-4cb4-a1dc-f8f828383d57@group-7B6475511548: changes role from CANDIDATE to LEADER at term 1 for changeToLeader
2019-10-04 13:59:41,543 [f8dc20a8-53d0-4cb4-a1dc-f8f828383d57@group-7B6475511548-LeaderElection93] INFO  impl.RaftServerImpl (ServerState.java:setLeader(255)) - f8dc20a8-53d0-4cb4-a1dc-f8f828383d57@group-7B6475511548: change Leader from null to f8dc20a8-53d0-4cb4-a1dc-f8f828383d57 at term 1 for becomeLeader, leader elected after 5061ms
2019-10-04 13:59:41,543 [f8dc20a8-53d0-4cb4-a1dc-f8f828383d57@group-7B6475511548-LeaderElection93] INFO  server.RaftServerConfigKeys (ConfUtils.java:logGet(43)) - raft.server.staging.catchup.gap = 1000 (default)
2019-10-04 13:59:41,543 [f8dc20a8-53d0-4cb4-a1dc-f8f828383d57@group-7B6475511548-LeaderElection93] INFO  server.RaftServerConfigKeys (ConfUtils.java:logGet(43)) - raft.server.rpc.sleep.time = 25ms (default)
2019-10-04 13:59:41,544 [f8dc20a8-53d0-4cb4-a1dc-f8f828383d57@group-7B6475511548-LeaderElection93] INFO  server.RaftServerConfigKeys (ConfUtils.java:logGet(43)) - raft.server.write.element-limit = 4096 (default)
2019-10-04 13:59:41,544 [f8dc20a8-53d0-4cb4-a1dc-f8f828383d57@group-7B6475511548-LeaderElection93] INFO  server.RaftServerConfigKeys (ConfUtils.java:logGet(43)) - raft.server.watch.timeout = 10s (default)
2019-10-04 13:59:41,544 [f8dc20a8-53d0-4cb4-a1dc-f8f828383d57@group-7B6475511548-LeaderElection93] INFO  server.RaftServerConfigKeys (ConfUtils.java:logGet(43)) - raft.server.watch.timeout.denomination = 1s (default)
2019-10-04 13:59:41,544 [f8dc20a8-53d0-4cb4-a1dc-f8f828383d57@group-7B6475511548-LeaderElection93] INFO  server.RaftServerConfigKeys (ConfUtils.java:logGet(43)) - raft.server.watch.element-limit = 65536 (default)
2019-10-04 13:59:41,546 [f8dc20a8-53d0-4cb4-a1dc-f8f828383d57@group-7B6475511548-LeaderElection93] INFO  impl.RoleInfo (RoleInfo.java:updateAndGet(143)) - f8dc20a8-53d0-4cb4-a1dc-f8f828383d57: start LeaderState
2019-10-04 13:59:41,546 [f8dc20a8-53d0-4cb4-a1dc-f8f828383d57@group-7B6475511548-LeaderElection93] INFO  segmented.SegmentedRaftLogWorker (SegmentedRaftLogWorker.java:startLogSegment(385)) - f8dc20a8-53d0-4cb4-a1dc-f8f828383d57@group-7B6475511548-SegmentedRaftLogWorker: Starting segment from index:0
2019-10-04 13:59:41,547 [f8dc20a8-53d0-4cb4-a1dc-f8f828383d57@group-7B6475511548-LeaderElection93] INFO  impl.RaftServerImpl (ServerState.java:setRaftConf(356)) - f8dc20a8-53d0-4cb4-a1dc-f8f828383d57@group-7B6475511548: set configuration 0: [f8dc20a8-53d0-4cb4-a1dc-f8f828383d57:192.168.164.251:38835], old=null at 0
2019-10-04 13:59:41,554 [9c0e695b-3549-43c8-81ee-e62e063b3917@group-3069ED054755-LeaderElection94] INFO  impl.LeaderElection (LeaderElection.java:askForVotes(178)) - 9c0e695b-3549-43c8-81ee-e62e063b3917@group-3069ED054755-LeaderElection94: begin an election at term 1 for -1: [9c0e695b-3549-43c8-81ee-e62e063b3917:192.168.164.251:37078], old=null
2019-10-04 13:59:41,555 [9c0e695b-3549-43c8-81ee-e62e063b3917@group-3069ED054755-LeaderElection94] INFO  impl.RoleInfo (RoleInfo.java:shutdownLeaderElection(134)) - 9c0e695b-3549-43c8-81ee-e62e063b3917: shutdown LeaderElection
2019-10-04 13:59:41,555 [9c0e695b-3549-43c8-81ee-e62e063b3917@group-3069ED054755-LeaderElection94] INFO  impl.RaftServerImpl (RaftServerImpl.java:setRole(170)) - 9c0e695b-3549-43c8-81ee-e62e063b3917@group-3069ED054755: changes role from CANDIDATE to LEADER at term 1 for changeToLeader
2019-10-04 13:59:41,555 [9c0e695b-3549-43c8-81ee-e62e063b3917@group-3069ED054755-LeaderElection94] INFO  impl.RaftServerImpl (ServerState.java:setLeader(255)) - 9c0e695b-3549-43c8-81ee-e62e063b3917@group-3069ED054755: change Leader from null to 9c0e695b-3549-43c8-81ee-e62e063b3917 at term 1 for becomeLeader, leader elected after 5201ms
2019-10-04 13:59:41,555 [9c0e695b-3549-43c8-81ee-e62e063b3917@group-3069ED054755-LeaderElection94] INFO  server.RaftServerConfigKeys (ConfUtils.java:logGet(43)) - raft.server.staging.catchup.gap = 1000 (default)
2019-10-04 13:59:41,555 [9c0e695b-3549-43c8-81ee-e62e063b3917@group-3069ED054755-LeaderElection94] INFO  server.RaftServerConfigKeys (ConfUtils.java:logGet(43)) - raft.server.rpc.sleep.time = 25ms (default)
2019-10-04 13:59:41,555 [9c0e695b-3549-43c8-81ee-e62e063b3917@group-3069ED054755-LeaderElection94] INFO  server.RaftServerConfigKeys (ConfUtils.java:logGet(43)) - raft.server.write.element-limit = 4096 (default)
2019-10-04 13:59:41,555 [9c0e695b-3549-43c8-81ee-e62e063b3917@group-3069ED054755-LeaderElection94] INFO  server.RaftServerConfigKeys (ConfUtils.java:logGet(43)) - raft.server.watch.timeout = 10s (default)
2019-10-04 13:59:41,555 [9c0e695b-3549-43c8-81ee-e62e063b3917@group-3069ED054755-LeaderElection94] INFO  server.RaftServerConfigKeys (ConfUtils.java:logGet(43)) - raft.server.watch.timeout.denomination = 1s (default)
2019-10-04 13:59:41,555 [9c0e695b-3549-43c8-81ee-e62e063b3917@group-3069ED054755-LeaderElection94] INFO  server.RaftServerConfigKeys (ConfUtils.java:logGet(43)) - raft.server.watch.element-limit = 65536 (default)
2019-10-04 13:59:41,557 [9c0e695b-3549-43c8-81ee-e62e063b3917@group-3069ED054755-LeaderElection94] INFO  impl.RoleInfo (RoleInfo.java:updateAndGet(143)) - 9c0e695b-3549-43c8-81ee-e62e063b3917: start LeaderState
2019-10-04 13:59:41,557 [9c0e695b-3549-43c8-81ee-e62e063b3917@group-3069ED054755-LeaderElection94] INFO  segmented.SegmentedRaftLogWorker (SegmentedRaftLogWorker.java:startLogSegment(385)) - 9c0e695b-3549-43c8-81ee-e62e063b3917@group-3069ED054755-SegmentedRaftLogWorker: Starting segment from index:0
2019-10-04 13:59:41,558 [9c0e695b-3549-43c8-81ee-e62e063b3917@group-3069ED054755-LeaderElection94] INFO  impl.RaftServerImpl (ServerState.java:setRaftConf(356)) - 9c0e695b-3549-43c8-81ee-e62e063b3917@group-3069ED054755: set configuration 0: [9c0e695b-3549-43c8-81ee-e62e063b3917:192.168.164.251:37078], old=null at 0
2019-10-04 13:59:41,587 [Thread-2387] INFO  impl.FollowerState (FollowerState.java:run(108)) - 8b6871ed-315d-4fdf-983a-bcc25cea7c1b@group-FE5DD06F7D96-FollowerState: change to CANDIDATE, lastRpcTime:5156ms, electionTimeout:5156ms
2019-10-04 13:59:41,587 [Thread-2387] INFO  impl.RoleInfo (RoleInfo.java:shutdownFollowerState(121)) - 8b6871ed-315d-4fdf-983a-bcc25cea7c1b: shutdown FollowerState
2019-10-04 13:59:41,587 [Thread-2387] INFO  impl.RaftServerImpl (RaftServerImpl.java:setRole(170)) - 8b6871ed-315d-4fdf-983a-bcc25cea7c1b@group-FE5DD06F7D96: changes role from  FOLLOWER to CANDIDATE at term 0 for changeToCandidate
2019-10-04 13:59:41,587 [Thread-2387] INFO  impl.RoleInfo (RoleInfo.java:updateAndGet(143)) - 8b6871ed-315d-4fdf-983a-bcc25cea7c1b: start LeaderElection
2019-10-04 13:59:41,594 [f8dc20a8-53d0-4cb4-a1dc-f8f828383d57@group-7B6475511548-SegmentedRaftLogWorker] INFO  segmented.SegmentedRaftLogWorker (SegmentedRaftLogWorker.java:execute(574)) - f8dc20a8-53d0-4cb4-a1dc-f8f828383d57@group-7B6475511548-SegmentedRaftLogWorker: created new log segment /workdir/hadoop-ozone/integration-test/target/test-dir/MiniOzoneClusterImpl-b58f7dbf-e141-4fb4-9e03-51abb4d48b5c/datanode-6/data/ratis/900931da-7972-4ca9-b3fe-7b6475511548/current/log_inprogress_0
2019-10-04 13:59:41,594 [9c0e695b-3549-43c8-81ee-e62e063b3917@group-3069ED054755-SegmentedRaftLogWorker] INFO  segmented.SegmentedRaftLogWorker (SegmentedRaftLogWorker.java:execute(574)) - 9c0e695b-3549-43c8-81ee-e62e063b3917@group-3069ED054755-SegmentedRaftLogWorker: created new log segment /workdir/hadoop-ozone/integration-test/target/test-dir/MiniOzoneClusterImpl-b58f7dbf-e141-4fb4-9e03-51abb4d48b5c/datanode-4/data/ratis/ec55cedd-fef3-44bb-adec-3069ed054755/current/log_inprogress_0
2019-10-04 13:59:41,607 [8b6871ed-315d-4fdf-983a-bcc25cea7c1b@group-FE5DD06F7D96-LeaderElection95] INFO  impl.LeaderElection (LeaderElection.java:askForVotes(178)) - 8b6871ed-315d-4fdf-983a-bcc25cea7c1b@group-FE5DD06F7D96-LeaderElection95: begin an election at term 1 for -1: [8b6871ed-315d-4fdf-983a-bcc25cea7c1b:192.168.164.251:39811], old=null
2019-10-04 13:59:41,607 [8b6871ed-315d-4fdf-983a-bcc25cea7c1b@group-FE5DD06F7D96-LeaderElection95] INFO  impl.RoleInfo (RoleInfo.java:shutdownLeaderElection(134)) - 8b6871ed-315d-4fdf-983a-bcc25cea7c1b: shutdown LeaderElection
2019-10-04 13:59:41,607 [8b6871ed-315d-4fdf-983a-bcc25cea7c1b@group-FE5DD06F7D96-LeaderElection95] INFO  impl.RaftServerImpl (RaftServerImpl.java:setRole(170)) - 8b6871ed-315d-4fdf-983a-bcc25cea7c1b@group-FE5DD06F7D96: changes role from CANDIDATE to LEADER at term 1 for changeToLeader
2019-10-04 13:59:41,607 [8b6871ed-315d-4fdf-983a-bcc25cea7c1b@group-FE5DD06F7D96-LeaderElection95] INFO  impl.RaftServerImpl (ServerState.java:setLeader(255)) - 8b6871ed-315d-4fdf-983a-bcc25cea7c1b@group-FE5DD06F7D96: change Leader from null to 8b6871ed-315d-4fdf-983a-bcc25cea7c1b at term 1 for becomeLeader, leader elected after 5192ms
2019-10-04 13:59:41,607 [8b6871ed-315d-4fdf-983a-bcc25cea7c1b@group-FE5DD06F7D96-LeaderElection95] INFO  server.RaftServerConfigKeys (ConfUtils.java:logGet(43)) - raft.server.staging.catchup.gap = 1000 (default)
2019-10-04 13:59:41,607 [8b6871ed-315d-4fdf-983a-bcc25cea7c1b@group-FE5DD06F7D96-LeaderElection95] INFO  server.RaftServerConfigKeys (ConfUtils.java:logGet(43)) - raft.server.rpc.sleep.time = 25ms (default)
2019-10-04 13:59:41,608 [8b6871ed-315d-4fdf-983a-bcc25cea7c1b@group-FE5DD06F7D96-LeaderElection95] INFO  server.RaftServerConfigKeys (ConfUtils.java:logGet(43)) - raft.server.write.element-limit = 4096 (default)
2019-10-04 13:59:41,608 [8b6871ed-315d-4fdf-983a-bcc25cea7c1b@group-FE5DD06F7D96-LeaderElection95] INFO  server.RaftServerConfigKeys (ConfUtils.java:logGet(43)) - raft.server.watch.timeout = 10s (default)
2019-10-04 13:59:41,608 [8b6871ed-315d-4fdf-983a-bcc25cea7c1b@group-FE5DD06F7D96-LeaderElection95] INFO  server.RaftServerConfigKeys (ConfUtils.java:logGet(43)) - raft.server.watch.timeout.denomination = 1s (default)
2019-10-04 13:59:41,608 [8b6871ed-315d-4fdf-983a-bcc25cea7c1b@group-FE5DD06F7D96-LeaderElection95] INFO  server.RaftServerConfigKeys (ConfUtils.java:logGet(43)) - raft.server.watch.element-limit = 65536 (default)
2019-10-04 13:59:41,610 [8b6871ed-315d-4fdf-983a-bcc25cea7c1b@group-FE5DD06F7D96-LeaderElection95] INFO  impl.RoleInfo (RoleInfo.java:updateAndGet(143)) - 8b6871ed-315d-4fdf-983a-bcc25cea7c1b: start LeaderState
2019-10-04 13:59:41,610 [8b6871ed-315d-4fdf-983a-bcc25cea7c1b@group-FE5DD06F7D96-LeaderElection95] INFO  segmented.SegmentedRaftLogWorker (SegmentedRaftLogWorker.java:startLogSegment(385)) - 8b6871ed-315d-4fdf-983a-bcc25cea7c1b@group-FE5DD06F7D96-SegmentedRaftLogWorker: Starting segment from index:0
2019-10-04 13:59:41,610 [8b6871ed-315d-4fdf-983a-bcc25cea7c1b@group-FE5DD06F7D96-LeaderElection95] INFO  impl.RaftServerImpl (ServerState.java:setRaftConf(356)) - 8b6871ed-315d-4fdf-983a-bcc25cea7c1b@group-FE5DD06F7D96: set configuration 0: [8b6871ed-315d-4fdf-983a-bcc25cea7c1b:192.168.164.251:39811], old=null at 0
2019-10-04 13:59:41,637 [Thread-2398] INFO  impl.FollowerState (FollowerState.java:run(108)) - 5c1a8e13-76d2-456d-b46d-67ef21358ec9@group-2858E8EA2AC9-FollowerState: change to CANDIDATE, lastRpcTime:5076ms, electionTimeout:5076ms
2019-10-04 13:59:41,637 [Thread-2398] INFO  impl.RoleInfo (RoleInfo.java:shutdownFollowerState(121)) - 5c1a8e13-76d2-456d-b46d-67ef21358ec9: shutdown FollowerState
2019-10-04 13:59:41,637 [Thread-2398] INFO  impl.RaftServerImpl (RaftServerImpl.java:setRole(170)) - 5c1a8e13-76d2-456d-b46d-67ef21358ec9@group-2858E8EA2AC9: changes role from  FOLLOWER to CANDIDATE at term 0 for changeToCandidate
2019-10-04 13:59:41,637 [Thread-2398] INFO  impl.RoleInfo (RoleInfo.java:updateAndGet(143)) - 5c1a8e13-76d2-456d-b46d-67ef21358ec9: start LeaderElection
2019-10-04 13:59:41,646 [8b6871ed-315d-4fdf-983a-bcc25cea7c1b@group-FE5DD06F7D96-SegmentedRaftLogWorker] INFO  segmented.SegmentedRaftLogWorker (SegmentedRaftLogWorker.java:execute(574)) - 8b6871ed-315d-4fdf-983a-bcc25cea7c1b@group-FE5DD06F7D96-SegmentedRaftLogWorker: created new log segment /workdir/hadoop-ozone/integration-test/target/test-dir/MiniOzoneClusterImpl-b58f7dbf-e141-4fb4-9e03-51abb4d48b5c/datanode-5/data/ratis/47e663c4-8f13-4b7c-8f74-fe5dd06f7d96/current/log_inprogress_0
2019-10-04 13:59:41,646 [5c1a8e13-76d2-456d-b46d-67ef21358ec9@group-2858E8EA2AC9-LeaderElection96] INFO  impl.LeaderElection (LeaderElection.java:askForVotes(178)) - 5c1a8e13-76d2-456d-b46d-67ef21358ec9@group-2858E8EA2AC9-LeaderElection96: begin an election at term 1 for -1: [5c1a8e13-76d2-456d-b46d-67ef21358ec9:192.168.164.251:45862, 9c0e695b-3549-43c8-81ee-e62e063b3917:192.168.164.251:37078, f8dc20a8-53d0-4cb4-a1dc-f8f828383d57:192.168.164.251:38835], old=null
2019-10-04 13:59:41,653 [grpc-default-executor-4] INFO  impl.RaftServerImpl (RaftServerImpl.java:setRole(170)) - 9c0e695b-3549-43c8-81ee-e62e063b3917@group-2858E8EA2AC9: changes role from  FOLLOWER to FOLLOWER at term 1 for recognizeCandidate:5c1a8e13-76d2-456d-b46d-67ef21358ec9
2019-10-04 13:59:41,656 [grpc-default-executor-4] INFO  impl.RoleInfo (RoleInfo.java:shutdownFollowerState(121)) - 9c0e695b-3549-43c8-81ee-e62e063b3917: shutdown FollowerState
2019-10-04 13:59:41,656 [grpc-default-executor-5] INFO  impl.RaftServerImpl (RaftServerImpl.java:setRole(170)) - f8dc20a8-53d0-4cb4-a1dc-f8f828383d57@group-2858E8EA2AC9: changes role from  FOLLOWER to FOLLOWER at term 1 for recognizeCandidate:5c1a8e13-76d2-456d-b46d-67ef21358ec9
2019-10-04 13:59:41,656 [grpc-default-executor-4] INFO  impl.RoleInfo (RoleInfo.java:updateAndGet(143)) - 9c0e695b-3549-43c8-81ee-e62e063b3917: start FollowerState
2019-10-04 13:59:41,656 [Thread-2393] INFO  impl.FollowerState (FollowerState.java:run(117)) - 9c0e695b-3549-43c8-81ee-e62e063b3917@group-2858E8EA2AC9-FollowerState was interrupted: java.lang.InterruptedException: sleep interrupted
2019-10-04 13:59:41,656 [grpc-default-executor-5] INFO  impl.RoleInfo (RoleInfo.java:shutdownFollowerState(121)) - f8dc20a8-53d0-4cb4-a1dc-f8f828383d57: shutdown FollowerState
2019-10-04 13:59:41,657 [grpc-default-executor-5] INFO  impl.RoleInfo (RoleInfo.java:updateAndGet(143)) - f8dc20a8-53d0-4cb4-a1dc-f8f828383d57: start FollowerState
2019-10-04 13:59:41,657 [Thread-2396] INFO  impl.FollowerState (FollowerState.java:run(117)) - f8dc20a8-53d0-4cb4-a1dc-f8f828383d57@group-2858E8EA2AC9-FollowerState was interrupted: java.lang.InterruptedException: sleep interrupted
2019-10-04 13:59:41,670 [5c1a8e13-76d2-456d-b46d-67ef21358ec9@group-2858E8EA2AC9-LeaderElection96] INFO  impl.LeaderElection (LeaderElection.java:logAndReturn(56)) - 5c1a8e13-76d2-456d-b46d-67ef21358ec9@group-2858E8EA2AC9-LeaderElection96: Election PASSED; received 1 response(s) [5c1a8e13-76d2-456d-b46d-67ef21358ec9<-f8dc20a8-53d0-4cb4-a1dc-f8f828383d57#0:OK-t1] and 0 exception(s); 5c1a8e13-76d2-456d-b46d-67ef21358ec9@group-2858E8EA2AC9:t1, leader=null, voted=5c1a8e13-76d2-456d-b46d-67ef21358ec9, raftlog=5c1a8e13-76d2-456d-b46d-67ef21358ec9@group-2858E8EA2AC9-SegmentedRaftLog:OPENED:c-1,f-1,i0, conf=-1: [5c1a8e13-76d2-456d-b46d-67ef21358ec9:192.168.164.251:45862, 9c0e695b-3549-43c8-81ee-e62e063b3917:192.168.164.251:37078, f8dc20a8-53d0-4cb4-a1dc-f8f828383d57:192.168.164.251:38835], old=null
2019-10-04 13:59:41,670 [5c1a8e13-76d2-456d-b46d-67ef21358ec9@group-2858E8EA2AC9-LeaderElection96] INFO  impl.RoleInfo (RoleInfo.java:shutdownLeaderElection(134)) - 5c1a8e13-76d2-456d-b46d-67ef21358ec9: shutdown LeaderElection
2019-10-04 13:59:41,670 [5c1a8e13-76d2-456d-b46d-67ef21358ec9@group-2858E8EA2AC9-LeaderElection96] INFO  impl.RaftServerImpl (RaftServerImpl.java:setRole(170)) - 5c1a8e13-76d2-456d-b46d-67ef21358ec9@group-2858E8EA2AC9: changes role from CANDIDATE to LEADER at term 1 for changeToLeader
2019-10-04 13:59:41,671 [5c1a8e13-76d2-456d-b46d-67ef21358ec9@group-2858E8EA2AC9-LeaderElection96] INFO  impl.RaftServerImpl (ServerState.java:setLeader(255)) - 5c1a8e13-76d2-456d-b46d-67ef21358ec9@group-2858E8EA2AC9: change Leader from null to 5c1a8e13-76d2-456d-b46d-67ef21358ec9 at term 1 for becomeLeader, leader elected after 5123ms
2019-10-04 13:59:41,671 [5c1a8e13-76d2-456d-b46d-67ef21358ec9@group-2858E8EA2AC9-LeaderElection96] INFO  server.RaftServerConfigKeys (ConfUtils.java:logGet(43)) - raft.server.staging.catchup.gap = 1000 (default)
2019-10-04 13:59:41,671 [5c1a8e13-76d2-456d-b46d-67ef21358ec9@group-2858E8EA2AC9-LeaderElection96] INFO  server.RaftServerConfigKeys (ConfUtils.java:logGet(43)) - raft.server.rpc.sleep.time = 25ms (default)
2019-10-04 13:59:41,671 [5c1a8e13-76d2-456d-b46d-67ef21358ec9@group-2858E8EA2AC9-LeaderElection96] INFO  server.RaftServerConfigKeys (ConfUtils.java:logGet(43)) - raft.server.write.element-limit = 4096 (default)
2019-10-04 13:59:41,671 [5c1a8e13-76d2-456d-b46d-67ef21358ec9@group-2858E8EA2AC9-LeaderElection96] INFO  server.RaftServerConfigKeys (ConfUtils.java:logGet(43)) - raft.server.watch.timeout = 10s (default)
2019-10-04 13:59:41,671 [5c1a8e13-76d2-456d-b46d-67ef21358ec9@group-2858E8EA2AC9-LeaderElection96] INFO  server.RaftServerConfigKeys (ConfUtils.java:logGet(43)) - raft.server.watch.timeout.denomination = 1s (default)
2019-10-04 13:59:41,671 [5c1a8e13-76d2-456d-b46d-67ef21358ec9@group-2858E8EA2AC9-LeaderElection96] INFO  server.RaftServerConfigKeys (ConfUtils.java:logGet(43)) - raft.server.watch.element-limit = 65536 (default)
2019-10-04 13:59:41,673 [5c1a8e13-76d2-456d-b46d-67ef21358ec9@group-2858E8EA2AC9-LeaderElection96] INFO  server.RaftServerConfigKeys (ConfUtils.java:logGet(43)) - raft.server.log.appender.snapshot.chunk.size.max = 16MB (=16777216) (default)
2019-10-04 13:59:41,673 [5c1a8e13-76d2-456d-b46d-67ef21358ec9@group-2858E8EA2AC9-LeaderElection96] INFO  server.RaftServerConfigKeys (ConfUtils.java:logGet(43)) - raft.server.log.appender.buffer.byte-limit = 33554432 (custom)
2019-10-04 13:59:41,673 [5c1a8e13-76d2-456d-b46d-67ef21358ec9@group-2858E8EA2AC9-LeaderElection96] INFO  server.RaftServerConfigKeys (ConfUtils.java:logGet(43)) - raft.server.log.appender.buffer.element-limit = 1 (custom)
2019-10-04 13:59:41,673 [5c1a8e13-76d2-456d-b46d-67ef21358ec9@group-2858E8EA2AC9-LeaderElection96] INFO  grpc.GrpcConfigKeys$Server (ConfUtils.java:logGet(43)) - raft.grpc.server.leader.outstanding.appends.max = 128 (default)
2019-10-04 13:59:41,674 [5c1a8e13-76d2-456d-b46d-67ef21358ec9@group-2858E8EA2AC9-LeaderElection96] INFO  server.RaftServerConfigKeys (ConfUtils.java:logGet(43)) - raft.server.rpc.request.timeout = 3000ms (default)
2019-10-04 13:59:41,674 [5c1a8e13-76d2-456d-b46d-67ef21358ec9@group-2858E8EA2AC9-LeaderElection96] INFO  server.RaftServerConfigKeys (ConfUtils.java:logGet(43)) - raft.server.log.appender.install.snapshot.enabled = false (custom)
2019-10-04 13:59:41,674 [5c1a8e13-76d2-456d-b46d-67ef21358ec9@group-2858E8EA2AC9-LeaderElection96] INFO  server.RaftServerConfigKeys (ConfUtils.java:logGet(43)) - raft.server.log.appender.snapshot.chunk.size.max = 16MB (=16777216) (default)
2019-10-04 13:59:41,674 [5c1a8e13-76d2-456d-b46d-67ef21358ec9@group-2858E8EA2AC9-LeaderElection96] INFO  server.RaftServerConfigKeys (ConfUtils.java:logGet(43)) - raft.server.log.appender.buffer.byte-limit = 33554432 (custom)
2019-10-04 13:59:41,674 [5c1a8e13-76d2-456d-b46d-67ef21358ec9@group-2858E8EA2AC9-LeaderElection96] INFO  server.RaftServerConfigKeys (ConfUtils.java:logGet(43)) - raft.server.log.appender.buffer.element-limit = 1 (custom)
2019-10-04 13:59:41,675 [5c1a8e13-76d2-456d-b46d-67ef21358ec9@group-2858E8EA2AC9-LeaderElection96] INFO  grpc.GrpcConfigKeys$Server (ConfUtils.java:logGet(43)) - raft.grpc.server.leader.outstanding.appends.max = 128 (default)
2019-10-04 13:59:41,675 [5c1a8e13-76d2-456d-b46d-67ef21358ec9@group-2858E8EA2AC9-LeaderElection96] INFO  server.RaftServerConfigKeys (ConfUtils.java:logGet(43)) - raft.server.rpc.request.timeout = 3000ms (default)
2019-10-04 13:59:41,675 [5c1a8e13-76d2-456d-b46d-67ef21358ec9@group-2858E8EA2AC9-LeaderElection96] INFO  server.RaftServerConfigKeys (ConfUtils.java:logGet(43)) - raft.server.log.appender.install.snapshot.enabled = false (custom)
2019-10-04 13:59:41,675 [5c1a8e13-76d2-456d-b46d-67ef21358ec9@group-2858E8EA2AC9-LeaderElection96] INFO  impl.RoleInfo (RoleInfo.java:updateAndGet(143)) - 5c1a8e13-76d2-456d-b46d-67ef21358ec9: start LeaderState
2019-10-04 13:59:41,675 [5c1a8e13-76d2-456d-b46d-67ef21358ec9@group-2858E8EA2AC9-LeaderElection96] INFO  segmented.SegmentedRaftLogWorker (SegmentedRaftLogWorker.java:startLogSegment(385)) - 5c1a8e13-76d2-456d-b46d-67ef21358ec9@group-2858E8EA2AC9-SegmentedRaftLogWorker: Starting segment from index:0
2019-10-04 13:59:41,676 [5c1a8e13-76d2-456d-b46d-67ef21358ec9@group-2858E8EA2AC9-LeaderElection96] INFO  impl.RaftServerImpl (ServerState.java:setRaftConf(356)) - 5c1a8e13-76d2-456d-b46d-67ef21358ec9@group-2858E8EA2AC9: set configuration 0: [5c1a8e13-76d2-456d-b46d-67ef21358ec9:192.168.164.251:45862, 9c0e695b-3549-43c8-81ee-e62e063b3917:192.168.164.251:37078, f8dc20a8-53d0-4cb4-a1dc-f8f828383d57:192.168.164.251:38835], old=null at 0
2019-10-04 13:59:41,708 [grpc-default-executor-5] INFO  impl.RaftServerImpl (ServerState.java:setLeader(255)) - 9c0e695b-3549-43c8-81ee-e62e063b3917@group-2858E8EA2AC9: change Leader from null to 5c1a8e13-76d2-456d-b46d-67ef21358ec9 at term 1 for appendEntries, leader elected after 5161ms
2019-10-04 13:59:41,712 [grpc-default-executor-4] INFO  impl.RaftServerImpl (ServerState.java:setLeader(255)) - f8dc20a8-53d0-4cb4-a1dc-f8f828383d57@group-2858E8EA2AC9: change Leader from null to 5c1a8e13-76d2-456d-b46d-67ef21358ec9 at term 1 for appendEntries, leader elected after 5165ms
2019-10-04 13:59:41,713 [grpc-default-executor-4] INFO  impl.RaftServerImpl (ServerState.java:setRaftConf(356)) - 9c0e695b-3549-43c8-81ee-e62e063b3917@group-2858E8EA2AC9: set configuration 0: [5c1a8e13-76d2-456d-b46d-67ef21358ec9:192.168.164.251:45862, 9c0e695b-3549-43c8-81ee-e62e063b3917:192.168.164.251:37078, f8dc20a8-53d0-4cb4-a1dc-f8f828383d57:192.168.164.251:38835], old=null at 0
2019-10-04 13:59:41,714 [grpc-default-executor-4] INFO  segmented.SegmentedRaftLogWorker (SegmentedRaftLogWorker.java:startLogSegment(385)) - 9c0e695b-3549-43c8-81ee-e62e063b3917@group-2858E8EA2AC9-SegmentedRaftLogWorker: Starting segment from index:0
2019-10-04 13:59:41,714 [grpc-default-executor-5] INFO  impl.RaftServerImpl (ServerState.java:setRaftConf(356)) - f8dc20a8-53d0-4cb4-a1dc-f8f828383d57@group-2858E8EA2AC9: set configuration 0: [5c1a8e13-76d2-456d-b46d-67ef21358ec9:192.168.164.251:45862, 9c0e695b-3549-43c8-81ee-e62e063b3917:192.168.164.251:37078, f8dc20a8-53d0-4cb4-a1dc-f8f828383d57:192.168.164.251:38835], old=null at 0
2019-10-04 13:59:41,714 [grpc-default-executor-5] INFO  segmented.SegmentedRaftLogWorker (SegmentedRaftLogWorker.java:startLogSegment(385)) - f8dc20a8-53d0-4cb4-a1dc-f8f828383d57@group-2858E8EA2AC9-SegmentedRaftLogWorker: Starting segment from index:0
2019-10-04 13:59:41,752 [5c1a8e13-76d2-456d-b46d-67ef21358ec9@group-2858E8EA2AC9-SegmentedRaftLogWorker] INFO  segmented.SegmentedRaftLogWorker (SegmentedRaftLogWorker.java:execute(574)) - 5c1a8e13-76d2-456d-b46d-67ef21358ec9@group-2858E8EA2AC9-SegmentedRaftLogWorker: created new log segment /workdir/hadoop-ozone/integration-test/target/test-dir/MiniOzoneClusterImpl-b58f7dbf-e141-4fb4-9e03-51abb4d48b5c/datanode-3/data/ratis/a3b9b863-7ff5-444a-b3d9-2858e8ea2ac9/current/log_inprogress_0
2019-10-04 13:59:41,778 [f8dc20a8-53d0-4cb4-a1dc-f8f828383d57@group-2858E8EA2AC9-SegmentedRaftLogWorker] INFO  segmented.SegmentedRaftLogWorker (SegmentedRaftLogWorker.java:execute(574)) - f8dc20a8-53d0-4cb4-a1dc-f8f828383d57@group-2858E8EA2AC9-SegmentedRaftLogWorker: created new log segment /workdir/hadoop-ozone/integration-test/target/test-dir/MiniOzoneClusterImpl-b58f7dbf-e141-4fb4-9e03-51abb4d48b5c/datanode-6/data/ratis/a3b9b863-7ff5-444a-b3d9-2858e8ea2ac9/current/log_inprogress_0
2019-10-04 13:59:41,778 [9c0e695b-3549-43c8-81ee-e62e063b3917@group-2858E8EA2AC9-SegmentedRaftLogWorker] INFO  segmented.SegmentedRaftLogWorker (SegmentedRaftLogWorker.java:execute(574)) - 9c0e695b-3549-43c8-81ee-e62e063b3917@group-2858E8EA2AC9-SegmentedRaftLogWorker: created new log segment /workdir/hadoop-ozone/integration-test/target/test-dir/MiniOzoneClusterImpl-b58f7dbf-e141-4fb4-9e03-51abb4d48b5c/datanode-4/data/ratis/a3b9b863-7ff5-444a-b3d9-2858e8ea2ac9/current/log_inprogress_0
2019-10-04 13:59:44,941 [Datanode State Machine Thread - 0] INFO  statemachine.DatanodeStateMachine (DatanodeStateMachine.java:lambda$startDaemon$0(350)) - Ozone container server started.
2019-10-04 13:59:48,959 [main] INFO  ozoneimpl.OzoneContainer (OzoneContainer.java:stop(231)) - Attempting to stop container services.
2019-10-04 13:59:48,960 [main] INFO  impl.RaftServerProxy (RaftServerProxy.java:lambda$close$4(314)) - 5c1a8e13-76d2-456d-b46d-67ef21358ec9: close
2019-10-04 13:59:48,961 [main] INFO  impl.RaftServerImpl (RaftServerImpl.java:lambda$shutdown$3(247)) - 5c1a8e13-76d2-456d-b46d-67ef21358ec9@group-B768EF993C37: shutdown
2019-10-04 13:59:48,962 [main] INFO  util.JmxRegister (JmxRegister.java:unregister(73)) - Successfully un-registered JMX Bean with object name Ratis:service=RaftServer,group=group-B768EF993C37,id=5c1a8e13-76d2-456d-b46d-67ef21358ec9
2019-10-04 13:59:48,962 [main] INFO  impl.RoleInfo (RoleInfo.java:shutdownLeaderState(104)) - 5c1a8e13-76d2-456d-b46d-67ef21358ec9: shutdown LeaderState
2019-10-04 13:59:48,962 [main] INFO  impl.PendingRequests (PendingRequests.java:sendNotLeaderResponses(202)) - 5c1a8e13-76d2-456d-b46d-67ef21358ec9@group-B768EF993C37-PendingRequests: sendNotLeaderResponses
2019-10-04 13:59:48,963 [main] INFO  impl.StateMachineUpdater (StateMachineUpdater.java:stopAndJoin(136)) - 5c1a8e13-76d2-456d-b46d-67ef21358ec9@group-B768EF993C37-StateMachineUpdater: set stopIndex = 0
2019-10-04 13:59:48,964 [main] INFO  impl.RaftServerImpl (ServerState.java:close(387)) - 5c1a8e13-76d2-456d-b46d-67ef21358ec9@group-B768EF993C37: closes. applyIndex: 0
2019-10-04 13:59:48,964 [5c1a8e13-76d2-456d-b46d-67ef21358ec9@group-B768EF993C37-SegmentedRaftLogWorker] INFO  segmented.SegmentedRaftLogWorker (SegmentedRaftLogWorker.java:run(316)) - 5c1a8e13-76d2-456d-b46d-67ef21358ec9@group-B768EF993C37-SegmentedRaftLogWorker was interrupted, exiting. There are 0 tasks remaining in the queue.
2019-10-04 13:59:48,979 [main] INFO  segmented.SegmentedRaftLogWorker (SegmentedRaftLogWorker.java:close(224)) - 5c1a8e13-76d2-456d-b46d-67ef21358ec9@group-B768EF993C37-SegmentedRaftLogWorker close()
2019-10-04 13:59:48,986 [main] INFO  impl.RaftServerImpl (RaftServerImpl.java:lambda$shutdown$3(247)) - 5c1a8e13-76d2-456d-b46d-67ef21358ec9@group-2858E8EA2AC9: shutdown
2019-10-04 13:59:48,986 [main] INFO  util.JmxRegister (JmxRegister.java:unregister(73)) - Successfully un-registered JMX Bean with object name Ratis:service=RaftServer,group=group-2858E8EA2AC9,id=5c1a8e13-76d2-456d-b46d-67ef21358ec9
2019-10-04 13:59:48,987 [main] INFO  impl.RoleInfo (RoleInfo.java:shutdownLeaderState(104)) - 5c1a8e13-76d2-456d-b46d-67ef21358ec9: shutdown LeaderState
2019-10-04 13:59:48,992 [main] INFO  impl.PendingRequests (PendingRequests.java:sendNotLeaderResponses(202)) - 5c1a8e13-76d2-456d-b46d-67ef21358ec9@group-2858E8EA2AC9-PendingRequests: sendNotLeaderResponses
2019-10-04 13:59:48,993 [org.apache.ratis.server.impl.LogAppender$AppenderDaemon$$Lambda$557/1304179847@34f7e858] WARN  server.GrpcLogAppender (GrpcLogAppender.java:mayWait(143)) - 5c1a8e13-76d2-456d-b46d-67ef21358ec9@group-2858E8EA2AC9->f8dc20a8-53d0-4cb4-a1dc-f8f828383d57-GrpcLogAppender: Wait interrupted by java.lang.InterruptedException
2019-10-04 13:59:48,993 [org.apache.ratis.server.impl.LogAppender$AppenderDaemon$$Lambda$557/1304179847@1bc58a9f] WARN  server.GrpcLogAppender (GrpcLogAppender.java:mayWait(143)) - 5c1a8e13-76d2-456d-b46d-67ef21358ec9@group-2858E8EA2AC9->9c0e695b-3549-43c8-81ee-e62e063b3917-GrpcLogAppender: Wait interrupted by java.lang.InterruptedException
2019-10-04 13:59:49,005 [5c1a8e13-76d2-456d-b46d-67ef21358ec9@group-2858E8EA2AC9-StateMachineUpdater] INFO  ratis.ContainerStateMachine (ContainerStateMachine.java:takeSnapshot(293)) - group-2858E8EA2AC9: Taking a snapshot at:(t:1, i:2) file /workdir/hadoop-ozone/integration-test/target/test-dir/MiniOzoneClusterImpl-b58f7dbf-e141-4fb4-9e03-51abb4d48b5c/datanode-3/data/ratis/a3b9b863-7ff5-444a-b3d9-2858e8ea2ac9/sm/snapshot.1_2
2019-10-04 13:59:49,005 [main] INFO  impl.StateMachineUpdater (StateMachineUpdater.java:stopAndJoin(136)) - 5c1a8e13-76d2-456d-b46d-67ef21358ec9@group-2858E8EA2AC9-StateMachineUpdater: set stopIndex = 2
2019-10-04 13:59:49,009 [grpc-default-executor-5] INFO  server.GrpcServerProtocolService (GrpcServerProtocolService.java:onCompleted(113)) - f8dc20a8-53d0-4cb4-a1dc-f8f828383d57: Completed APPEND_ENTRIES, lastRequest: 5c1a8e13-76d2-456d-b46d-67ef21358ec9->f8dc20a8-53d0-4cb4-a1dc-f8f828383d57#5-t1, previous=(t:1, i:2), leaderCommit=2, initializing? false, entries: <empty>
2019-10-04 13:59:49,009 [grpc-default-executor-4] INFO  server.GrpcServerProtocolService (GrpcServerProtocolService.java:onCompleted(113)) - 9c0e695b-3549-43c8-81ee-e62e063b3917: Completed APPEND_ENTRIES, lastRequest: 5c1a8e13-76d2-456d-b46d-67ef21358ec9->9c0e695b-3549-43c8-81ee-e62e063b3917#5-t1, previous=(t:1, i:2), leaderCommit=2, initializing? false, entries: <empty>
2019-10-04 13:59:49,013 [grpc-default-executor-4] INFO  server.GrpcLogAppender (GrpcLogAppender.java:onCompleted(293)) - 5c1a8e13-76d2-456d-b46d-67ef21358ec9@group-2858E8EA2AC9->f8dc20a8-53d0-4cb4-a1dc-f8f828383d57-AppendLogResponseHandler: follower responses appendEntries COMPLETED
2019-10-04 13:59:49,013 [grpc-default-executor-2] INFO  server.GrpcLogAppender (GrpcLogAppender.java:onCompleted(293)) - 5c1a8e13-76d2-456d-b46d-67ef21358ec9@group-2858E8EA2AC9->9c0e695b-3549-43c8-81ee-e62e063b3917-AppendLogResponseHandler: follower responses appendEntries COMPLETED
2019-10-04 13:59:49,014 [grpc-default-executor-4] INFO  impl.FollowerInfo (FollowerInfo.java:lambda$new$0(51)) - 5c1a8e13-76d2-456d-b46d-67ef21358ec9@group-2858E8EA2AC9->f8dc20a8-53d0-4cb4-a1dc-f8f828383d57: nextIndex: updateUnconditionally 3 -> 2
2019-10-04 13:59:49,014 [grpc-default-executor-2] INFO  impl.FollowerInfo (FollowerInfo.java:lambda$new$0(51)) - 5c1a8e13-76d2-456d-b46d-67ef21358ec9@group-2858E8EA2AC9->9c0e695b-3549-43c8-81ee-e62e063b3917: nextIndex: updateUnconditionally 3 -> 2
2019-10-04 13:59:49,022 [5c1a8e13-76d2-456d-b46d-67ef21358ec9@group-2858E8EA2AC9-StateMachineUpdater] INFO  ratis.ContainerStateMachine (ContainerStateMachine.java:takeSnapshot(304)) - group-2858E8EA2AC9: Finished taking a snapshot at:(t:1, i:2) file:/workdir/hadoop-ozone/integration-test/target/test-dir/MiniOzoneClusterImpl-b58f7dbf-e141-4fb4-9e03-51abb4d48b5c/datanode-3/data/ratis/a3b9b863-7ff5-444a-b3d9-2858e8ea2ac9/sm/snapshot.1_2 time:17
2019-10-04 13:59:49,023 [5c1a8e13-76d2-456d-b46d-67ef21358ec9@group-2858E8EA2AC9-StateMachineUpdater] INFO  impl.StateMachineUpdater (StateMachineUpdater.java:takeSnapshot(269)) - 5c1a8e13-76d2-456d-b46d-67ef21358ec9@group-2858E8EA2AC9-StateMachineUpdater: Took a snapshot at index 2
2019-10-04 13:59:49,023 [5c1a8e13-76d2-456d-b46d-67ef21358ec9@group-2858E8EA2AC9-StateMachineUpdater] INFO  impl.StateMachineUpdater (StateMachineUpdater.java:lambda$new$0(84)) - 5c1a8e13-76d2-456d-b46d-67ef21358ec9@group-2858E8EA2AC9-StateMachineUpdater: snapshotIndex: updateIncreasingly -1 -> 2
2019-10-04 13:59:49,023 [main] INFO  impl.RaftServerImpl (ServerState.java:close(387)) - 5c1a8e13-76d2-456d-b46d-67ef21358ec9@group-2858E8EA2AC9: closes. applyIndex: 2
2019-10-04 13:59:49,023 [5c1a8e13-76d2-456d-b46d-67ef21358ec9@group-2858E8EA2AC9-SegmentedRaftLogWorker] INFO  segmented.SegmentedRaftLogWorker (SegmentedRaftLogWorker.java:run(316)) - 5c1a8e13-76d2-456d-b46d-67ef21358ec9@group-2858E8EA2AC9-SegmentedRaftLogWorker was interrupted, exiting. There are 0 tasks remaining in the queue.
2019-10-04 13:59:49,026 [main] INFO  segmented.SegmentedRaftLogWorker (SegmentedRaftLogWorker.java:close(224)) - 5c1a8e13-76d2-456d-b46d-67ef21358ec9@group-2858E8EA2AC9-SegmentedRaftLogWorker close()
2019-10-04 13:59:49,032 [main] INFO  server.GrpcService (GrpcService.java:closeImpl(164)) - 5c1a8e13-76d2-456d-b46d-67ef21358ec9: shutdown server with port 45862 now
2019-10-04 13:59:49,032 [main] INFO  server.GrpcService (GrpcService.java:closeImpl(172)) - 5c1a8e13-76d2-456d-b46d-67ef21358ec9: shutdown server with port 45862 successfully
2019-10-04 13:59:49,041 [refreshUsed-/workdir/hadoop-ozone/integration-test/target/test-dir/MiniOzoneClusterImpl-b58f7dbf-e141-4fb4-9e03-51abb4d48b5c/datanode-3/data/containers] WARN  fs.CachingGetSpaceUsed (CachingGetSpaceUsed.java:run(183)) - Thread Interrupted waiting to refresh disk information: sleep interrupted
2019-10-04 13:59:49,060 [main] INFO  utils.BackgroundService (BackgroundService.java:shutdown(148)) - Shutting down service BlockDeletingService
2019-10-04 13:59:49,069 [main] INFO  statemachine.DatanodeStateMachine (DatanodeStateMachine.java:stopDaemon(395)) - Ozone container server stopped.
2019-10-04 13:59:49,071 [main] INFO  handler.ContextHandler (ContextHandler.java:doStop(910)) - Stopped o.e.j.w.WebAppContext@448462f0{/,null,UNAVAILABLE}{/hddsDatanode}
2019-10-04 13:59:49,072 [main] INFO  server.AbstractConnector (AbstractConnector.java:doStop(318)) - Stopped ServerConnector@787988f4{HTTP/1.1,[http/1.1]}{0.0.0.0:0}
2019-10-04 13:59:49,072 [main] INFO  handler.ContextHandler (ContextHandler.java:doStop(910)) - Stopped o.e.j.s.ServletContextHandler@5111de7c{/static,jar:file:/home/user/.m2/repository/org/apache/hadoop/hadoop-hdds-container-service/0.5.0-SNAPSHOT/hadoop-hdds-container-service-0.5.0-SNAPSHOT.jar!/webapps/static,UNAVAILABLE}
2019-10-04 13:59:49,073 [main] INFO  handler.ContextHandler (ContextHandler.java:doStop(910)) - Stopped o.e.j.s.ServletContextHandler@740b9a50{/logs,file:///workdir/hadoop-ozone/integration-test/target/log,UNAVAILABLE}
2019-10-04 13:59:56,937 [Thread-2445] INFO  impl.FollowerState (FollowerState.java:run(108)) - f8dc20a8-53d0-4cb4-a1dc-f8f828383d57@group-2858E8EA2AC9-FollowerState: change to CANDIDATE, lastRpcTime:8094ms, electionTimeout:5103ms
2019-10-04 13:59:56,939 [Thread-2445] INFO  impl.RoleInfo (RoleInfo.java:shutdownFollowerState(121)) - f8dc20a8-53d0-4cb4-a1dc-f8f828383d57: shutdown FollowerState
2019-10-04 13:59:56,939 [Thread-2445] INFO  impl.RaftServerImpl (RaftServerImpl.java:setRole(170)) - f8dc20a8-53d0-4cb4-a1dc-f8f828383d57@group-2858E8EA2AC9: changes role from  FOLLOWER to CANDIDATE at term 1 for changeToCandidate
2019-10-04 13:59:56,939 [Thread-2445] INFO  impl.RoleInfo (RoleInfo.java:updateAndGet(143)) - f8dc20a8-53d0-4cb4-a1dc-f8f828383d57: start LeaderElection
2019-10-04 13:59:56,940 [f8dc20a8-53d0-4cb4-a1dc-f8f828383d57@group-2858E8EA2AC9-LeaderElection97] INFO  impl.RaftServerImpl (ServerState.java:setLeader(255)) - f8dc20a8-53d0-4cb4-a1dc-f8f828383d57@group-2858E8EA2AC9: change Leader from 5c1a8e13-76d2-456d-b46d-67ef21358ec9 to null at term 1 for initElection
2019-10-04 13:59:56,964 [Thread-2444] INFO  impl.FollowerState (FollowerState.java:run(108)) - 9c0e695b-3549-43c8-81ee-e62e063b3917@group-2858E8EA2AC9-FollowerState: change to CANDIDATE, lastRpcTime:8121ms, electionTimeout:5130ms
2019-10-04 13:59:56,964 [Thread-2444] INFO  impl.RoleInfo (RoleInfo.java:shutdownFollowerState(121)) - 9c0e695b-3549-43c8-81ee-e62e063b3917: shutdown FollowerState
2019-10-04 13:59:56,964 [Thread-2444] INFO  impl.RaftServerImpl (RaftServerImpl.java:setRole(170)) - 9c0e695b-3549-43c8-81ee-e62e063b3917@group-2858E8EA2AC9: changes role from  FOLLOWER to CANDIDATE at term 1 for changeToCandidate
2019-10-04 13:59:56,964 [Thread-2444] INFO  impl.RoleInfo (RoleInfo.java:updateAndGet(143)) - 9c0e695b-3549-43c8-81ee-e62e063b3917: start LeaderElection
2019-10-04 13:59:56,965 [9c0e695b-3549-43c8-81ee-e62e063b3917@group-2858E8EA2AC9-LeaderElection98] INFO  impl.RaftServerImpl (ServerState.java:setLeader(255)) - 9c0e695b-3549-43c8-81ee-e62e063b3917@group-2858E8EA2AC9: change Leader from 5c1a8e13-76d2-456d-b46d-67ef21358ec9 to null at term 1 for initElection
2019-10-04 13:59:56,966 [f8dc20a8-53d0-4cb4-a1dc-f8f828383d57@group-2858E8EA2AC9-LeaderElection97] INFO  impl.LeaderElection (LeaderElection.java:askForVotes(178)) - f8dc20a8-53d0-4cb4-a1dc-f8f828383d57@group-2858E8EA2AC9-LeaderElection97: begin an election at term 2 for 0: [5c1a8e13-76d2-456d-b46d-67ef21358ec9:192.168.164.251:45862, 9c0e695b-3549-43c8-81ee-e62e063b3917:192.168.164.251:37078, f8dc20a8-53d0-4cb4-a1dc-f8f828383d57:192.168.164.251:38835], old=null
2019-10-04 13:59:56,968 [9c0e695b-3549-43c8-81ee-e62e063b3917@group-2858E8EA2AC9-LeaderElection98] INFO  impl.LeaderElection (LeaderElection.java:askForVotes(178)) - 9c0e695b-3549-43c8-81ee-e62e063b3917@group-2858E8EA2AC9-LeaderElection98: begin an election at term 2 for 0: [5c1a8e13-76d2-456d-b46d-67ef21358ec9:192.168.164.251:45862, 9c0e695b-3549-43c8-81ee-e62e063b3917:192.168.164.251:37078, f8dc20a8-53d0-4cb4-a1dc-f8f828383d57:192.168.164.251:38835], old=null
2019-10-04 13:59:56,971 [f8dc20a8-53d0-4cb4-a1dc-f8f828383d57@group-2858E8EA2AC9-LeaderElection97] INFO  impl.LeaderElection (LogUtils.java:infoOrTrace(149)) - f8dc20a8-53d0-4cb4-a1dc-f8f828383d57@group-2858E8EA2AC9-LeaderElection97 got exception when requesting votes: {}
java.util.concurrent.ExecutionException: org.apache.ratis.thirdparty.io.grpc.StatusRuntimeException: UNAVAILABLE: io exception
	at java.util.concurrent.FutureTask.report(FutureTask.java:122)
	at java.util.concurrent.FutureTask.get(FutureTask.java:192)
	at org.apache.ratis.server.impl.LeaderElection.waitForResults(LeaderElection.java:259)
	at org.apache.ratis.server.impl.LeaderElection.askForVotes(LeaderElection.java:197)
	at org.apache.ratis.server.impl.LeaderElection.run(LeaderElection.java:133)
	at java.lang.Thread.run(Thread.java:748)
Caused by: org.apache.ratis.thirdparty.io.grpc.StatusRuntimeException: UNAVAILABLE: io exception
	at org.apache.ratis.thirdparty.io.grpc.stub.ClientCalls.toStatusRuntimeException(ClientCalls.java:233)
	at org.apache.ratis.thirdparty.io.grpc.stub.ClientCalls.getUnchecked(ClientCalls.java:214)
	at org.apache.ratis.thirdparty.io.grpc.stub.ClientCalls.blockingUnaryCall(ClientCalls.java:139)
	at org.apache.ratis.proto.grpc.RaftServerProtocolServiceGrpc$RaftServerProtocolServiceBlockingStub.requestVote(RaftServerProtocolServiceGrpc.java:265)
	at org.apache.ratis.grpc.server.GrpcServerProtocolClient.requestVote(GrpcServerProtocolClient.java:99)
	at org.apache.ratis.grpc.server.GrpcService.requestVote(GrpcService.java:204)
	at org.apache.ratis.server.impl.LeaderElection.lambda$submitRequests$1(LeaderElection.java:234)
	at java.util.concurrent.FutureTask.run(FutureTask.java:266)
	at java.util.concurrent.Executors$RunnableAdapter.call(Executors.java:511)
	at java.util.concurrent.FutureTask.run(FutureTask.java:266)
	at java.util.concurrent.ThreadPoolExecutor.runWorker(ThreadPoolExecutor.java:1149)
	at java.util.concurrent.ThreadPoolExecutor$Worker.run(ThreadPoolExecutor.java:624)
	... 1 more
Caused by: org.apache.ratis.thirdparty.io.netty.channel.AbstractChannel$AnnotatedConnectException: Connection refused: /192.168.164.251:45862
	at sun.nio.ch.SocketChannelImpl.checkConnect(Native Method)
	at sun.nio.ch.SocketChannelImpl.finishConnect(SocketChannelImpl.java:717)
	at org.apache.ratis.thirdparty.io.netty.channel.socket.nio.NioSocketChannel.doFinishConnect(NioSocketChannel.java:327)
	at org.apache.ratis.thirdparty.io.netty.channel.nio.AbstractNioChannel$AbstractNioUnsafe.finishConnect(AbstractNioChannel.java:340)
	at org.apache.ratis.thirdparty.io.netty.channel.nio.NioEventLoop.processSelectedKey(NioEventLoop.java:632)
	at org.apache.ratis.thirdparty.io.netty.channel.nio.NioEventLoop.processSelectedKeysOptimized(NioEventLoop.java:579)
	at org.apache.ratis.thirdparty.io.netty.channel.nio.NioEventLoop.processSelectedKeys(NioEventLoop.java:496)
	at org.apache.ratis.thirdparty.io.netty.channel.nio.NioEventLoop.run(NioEventLoop.java:458)
	at org.apache.ratis.thirdparty.io.netty.util.concurrent.SingleThreadEventExecutor$5.run(SingleThreadEventExecutor.java:897)
	at org.apache.ratis.thirdparty.io.netty.util.concurrent.FastThreadLocalRunnable.run(FastThreadLocalRunnable.java:30)
	... 1 more
Caused by: java.net.ConnectException: Connection refused
	... 11 more
2019-10-04 13:59:56,971 [9c0e695b-3549-43c8-81ee-e62e063b3917@group-2858E8EA2AC9-LeaderElection98] INFO  impl.LeaderElection (LogUtils.java:infoOrTrace(149)) - 9c0e695b-3549-43c8-81ee-e62e063b3917@group-2858E8EA2AC9-LeaderElection98 got exception when requesting votes: {}
java.util.concurrent.ExecutionException: org.apache.ratis.thirdparty.io.grpc.StatusRuntimeException: UNAVAILABLE: io exception
	at java.util.concurrent.FutureTask.report(FutureTask.java:122)
	at java.util.concurrent.FutureTask.get(FutureTask.java:192)
	at org.apache.ratis.server.impl.LeaderElection.waitForResults(LeaderElection.java:259)
	at org.apache.ratis.server.impl.LeaderElection.askForVotes(LeaderElection.java:197)
	at org.apache.ratis.server.impl.LeaderElection.run(LeaderElection.java:133)
	at java.lang.Thread.run(Thread.java:748)
Caused by: org.apache.ratis.thirdparty.io.grpc.StatusRuntimeException: UNAVAILABLE: io exception
	at org.apache.ratis.thirdparty.io.grpc.stub.ClientCalls.toStatusRuntimeException(ClientCalls.java:233)
	at org.apache.ratis.thirdparty.io.grpc.stub.ClientCalls.getUnchecked(ClientCalls.java:214)
	at org.apache.ratis.thirdparty.io.grpc.stub.ClientCalls.blockingUnaryCall(ClientCalls.java:139)
	at org.apache.ratis.proto.grpc.RaftServerProtocolServiceGrpc$RaftServerProtocolServiceBlockingStub.requestVote(RaftServerProtocolServiceGrpc.java:265)
	at org.apache.ratis.grpc.server.GrpcServerProtocolClient.requestVote(GrpcServerProtocolClient.java:99)
	at org.apache.ratis.grpc.server.GrpcService.requestVote(GrpcService.java:204)
	at org.apache.ratis.server.impl.LeaderElection.lambda$submitRequests$1(LeaderElection.java:234)
	at java.util.concurrent.FutureTask.run(FutureTask.java:266)
	at java.util.concurrent.Executors$RunnableAdapter.call(Executors.java:511)
	at java.util.concurrent.FutureTask.run(FutureTask.java:266)
	at java.util.concurrent.ThreadPoolExecutor.runWorker(ThreadPoolExecutor.java:1149)
	at java.util.concurrent.ThreadPoolExecutor$Worker.run(ThreadPoolExecutor.java:624)
	... 1 more
Caused by: org.apache.ratis.thirdparty.io.netty.channel.AbstractChannel$AnnotatedConnectException: Connection refused: /192.168.164.251:45862
	at sun.nio.ch.SocketChannelImpl.checkConnect(Native Method)
	at sun.nio.ch.SocketChannelImpl.finishConnect(SocketChannelImpl.java:717)
	at org.apache.ratis.thirdparty.io.netty.channel.socket.nio.NioSocketChannel.doFinishConnect(NioSocketChannel.java:327)
	at org.apache.ratis.thirdparty.io.netty.channel.nio.AbstractNioChannel$AbstractNioUnsafe.finishConnect(AbstractNioChannel.java:340)
	at org.apache.ratis.thirdparty.io.netty.channel.nio.NioEventLoop.processSelectedKey(NioEventLoop.java:632)
	at org.apache.ratis.thirdparty.io.netty.channel.nio.NioEventLoop.processSelectedKeysOptimized(NioEventLoop.java:579)
	at org.apache.ratis.thirdparty.io.netty.channel.nio.NioEventLoop.processSelectedKeys(NioEventLoop.java:496)
	at org.apache.ratis.thirdparty.io.netty.channel.nio.NioEventLoop.run(NioEventLoop.java:458)
	at org.apache.ratis.thirdparty.io.netty.util.concurrent.SingleThreadEventExecutor$5.run(SingleThreadEventExecutor.java:897)
	at org.apache.ratis.thirdparty.io.netty.util.concurrent.FastThreadLocalRunnable.run(FastThreadLocalRunnable.java:30)
	... 1 more
Caused by: java.net.ConnectException: Connection refused
	... 11 more
2019-10-04 13:59:56,981 [f8dc20a8-53d0-4cb4-a1dc-f8f828383d57@group-2858E8EA2AC9-LeaderElection97] INFO  impl.LeaderElection (LeaderElection.java:logAndReturn(56)) - f8dc20a8-53d0-4cb4-a1dc-f8f828383d57@group-2858E8EA2AC9-LeaderElection97: Election REJECTED; received 1 response(s) [f8dc20a8-53d0-4cb4-a1dc-f8f828383d57<-9c0e695b-3549-43c8-81ee-e62e063b3917#0:FAIL-t2] and 1 exception(s); f8dc20a8-53d0-4cb4-a1dc-f8f828383d57@group-2858E8EA2AC9:t2, leader=null, voted=f8dc20a8-53d0-4cb4-a1dc-f8f828383d57, raftlog=f8dc20a8-53d0-4cb4-a1dc-f8f828383d57@group-2858E8EA2AC9-SegmentedRaftLog:OPENED:c2,f2,i2, conf=0: [5c1a8e13-76d2-456d-b46d-67ef21358ec9:192.168.164.251:45862, 9c0e695b-3549-43c8-81ee-e62e063b3917:192.168.164.251:37078, f8dc20a8-53d0-4cb4-a1dc-f8f828383d57:192.168.164.251:38835], old=null
2019-10-04 13:59:56,981 [f8dc20a8-53d0-4cb4-a1dc-f8f828383d57@group-2858E8EA2AC9-LeaderElection97] INFO  impl.LeaderElection (LogUtils.java:infoOrTrace(149)) -   Exception 0: {}
java.util.concurrent.ExecutionException: org.apache.ratis.thirdparty.io.grpc.StatusRuntimeException: UNAVAILABLE: io exception
	at java.util.concurrent.FutureTask.report(FutureTask.java:122)
	at java.util.concurrent.FutureTask.get(FutureTask.java:192)
	at org.apache.ratis.server.impl.LeaderElection.waitForResults(LeaderElection.java:259)
	at org.apache.ratis.server.impl.LeaderElection.askForVotes(LeaderElection.java:197)
	at org.apache.ratis.server.impl.LeaderElection.run(LeaderElection.java:133)
	at java.lang.Thread.run(Thread.java:748)
Caused by: org.apache.ratis.thirdparty.io.grpc.StatusRuntimeException: UNAVAILABLE: io exception
	at org.apache.ratis.thirdparty.io.grpc.stub.ClientCalls.toStatusRuntimeException(ClientCalls.java:233)
	at org.apache.ratis.thirdparty.io.grpc.stub.ClientCalls.getUnchecked(ClientCalls.java:214)
	at org.apache.ratis.thirdparty.io.grpc.stub.ClientCalls.blockingUnaryCall(ClientCalls.java:139)
	at org.apache.ratis.proto.grpc.RaftServerProtocolServiceGrpc$RaftServerProtocolServiceBlockingStub.requestVote(RaftServerProtocolServiceGrpc.java:265)
	at org.apache.ratis.grpc.server.GrpcServerProtocolClient.requestVote(GrpcServerProtocolClient.java:99)
	at org.apache.ratis.grpc.server.GrpcService.requestVote(GrpcService.java:204)
	at org.apache.ratis.server.impl.LeaderElection.lambda$submitRequests$1(LeaderElection.java:234)
	at java.util.concurrent.FutureTask.run(FutureTask.java:266)
	at java.util.concurrent.Executors$RunnableAdapter.call(Executors.java:511)
	at java.util.concurrent.FutureTask.run(FutureTask.java:266)
	at java.util.concurrent.ThreadPoolExecutor.runWorker(ThreadPoolExecutor.java:1149)
	at java.util.concurrent.ThreadPoolExecutor$Worker.run(ThreadPoolExecutor.java:624)
	... 1 more
Caused by: org.apache.ratis.thirdparty.io.netty.channel.AbstractChannel$AnnotatedConnectException: Connection refused: /192.168.164.251:45862
	at sun.nio.ch.SocketChannelImpl.checkConnect(Native Method)
	at sun.nio.ch.SocketChannelImpl.finishConnect(SocketChannelImpl.java:717)
	at org.apache.ratis.thirdparty.io.netty.channel.socket.nio.NioSocketChannel.doFinishConnect(NioSocketChannel.java:327)
	at org.apache.ratis.thirdparty.io.netty.channel.nio.AbstractNioChannel$AbstractNioUnsafe.finishConnect(AbstractNioChannel.java:340)
	at org.apache.ratis.thirdparty.io.netty.channel.nio.NioEventLoop.processSelectedKey(NioEventLoop.java:632)
	at org.apache.ratis.thirdparty.io.netty.channel.nio.NioEventLoop.processSelectedKeysOptimized(NioEventLoop.java:579)
	at org.apache.ratis.thirdparty.io.netty.channel.nio.NioEventLoop.processSelectedKeys(NioEventLoop.java:496)
	at org.apache.ratis.thirdparty.io.netty.channel.nio.NioEventLoop.run(NioEventLoop.java:458)
	at org.apache.ratis.thirdparty.io.netty.util.concurrent.SingleThreadEventExecutor$5.run(SingleThreadEventExecutor.java:897)
	at org.apache.ratis.thirdparty.io.netty.util.concurrent.FastThreadLocalRunnable.run(FastThreadLocalRunnable.java:30)
	... 1 more
Caused by: java.net.ConnectException: Connection refused
	... 11 more
2019-10-04 13:59:56,982 [9c0e695b-3549-43c8-81ee-e62e063b3917@group-2858E8EA2AC9-LeaderElection98] INFO  impl.LeaderElection (LeaderElection.java:logAndReturn(56)) - 9c0e695b-3549-43c8-81ee-e62e063b3917@group-2858E8EA2AC9-LeaderElection98: Election REJECTED; received 1 response(s) [9c0e695b-3549-43c8-81ee-e62e063b3917<-f8dc20a8-53d0-4cb4-a1dc-f8f828383d57#0:FAIL-t2] and 1 exception(s); 9c0e695b-3549-43c8-81ee-e62e063b3917@group-2858E8EA2AC9:t2, leader=null, voted=9c0e695b-3549-43c8-81ee-e62e063b3917, raftlog=9c0e695b-3549-43c8-81ee-e62e063b3917@group-2858E8EA2AC9-SegmentedRaftLog:OPENED:c2,f2,i2, conf=0: [5c1a8e13-76d2-456d-b46d-67ef21358ec9:192.168.164.251:45862, 9c0e695b-3549-43c8-81ee-e62e063b3917:192.168.164.251:37078, f8dc20a8-53d0-4cb4-a1dc-f8f828383d57:192.168.164.251:38835], old=null
2019-10-04 13:59:56,982 [f8dc20a8-53d0-4cb4-a1dc-f8f828383d57@group-2858E8EA2AC9-LeaderElection97] INFO  impl.RaftServerImpl (RaftServerImpl.java:setRole(170)) - f8dc20a8-53d0-4cb4-a1dc-f8f828383d57@group-2858E8EA2AC9: changes role from CANDIDATE to FOLLOWER at term 2 for DISCOVERED_A_NEW_TERM
2019-10-04 13:59:56,982 [9c0e695b-3549-43c8-81ee-e62e063b3917@group-2858E8EA2AC9-LeaderElection98] INFO  impl.LeaderElection (LogUtils.java:infoOrTrace(149)) -   Exception 0: {}
java.util.concurrent.ExecutionException: org.apache.ratis.thirdparty.io.grpc.StatusRuntimeException: UNAVAILABLE: io exception
	at java.util.concurrent.FutureTask.report(FutureTask.java:122)
	at java.util.concurrent.FutureTask.get(FutureTask.java:192)
	at org.apache.ratis.server.impl.LeaderElection.waitForResults(LeaderElection.java:259)
	at org.apache.ratis.server.impl.LeaderElection.askForVotes(LeaderElection.java:197)
	at org.apache.ratis.server.impl.LeaderElection.run(LeaderElection.java:133)
	at java.lang.Thread.run(Thread.java:748)
Caused by: org.apache.ratis.thirdparty.io.grpc.StatusRuntimeException: UNAVAILABLE: io exception
	at org.apache.ratis.thirdparty.io.grpc.stub.ClientCalls.toStatusRuntimeException(ClientCalls.java:233)
	at org.apache.ratis.thirdparty.io.grpc.stub.ClientCalls.getUnchecked(ClientCalls.java:214)
	at org.apache.ratis.thirdparty.io.grpc.stub.ClientCalls.blockingUnaryCall(ClientCalls.java:139)
	at org.apache.ratis.proto.grpc.RaftServerProtocolServiceGrpc$RaftServerProtocolServiceBlockingStub.requestVote(RaftServerProtocolServiceGrpc.java:265)
	at org.apache.ratis.grpc.server.GrpcServerProtocolClient.requestVote(GrpcServerProtocolClient.java:99)
	at org.apache.ratis.grpc.server.GrpcService.requestVote(GrpcService.java:204)
	at org.apache.ratis.server.impl.LeaderElection.lambda$submitRequests$1(LeaderElection.java:234)
	at java.util.concurrent.FutureTask.run(FutureTask.java:266)
	at java.util.concurrent.Executors$RunnableAdapter.call(Executors.java:511)
	at java.util.concurrent.FutureTask.run(FutureTask.java:266)
	at java.util.concurrent.ThreadPoolExecutor.runWorker(ThreadPoolExecutor.java:1149)
	at java.util.concurrent.ThreadPoolExecutor$Worker.run(ThreadPoolExecutor.java:624)
	... 1 more
Caused by: org.apache.ratis.thirdparty.io.netty.channel.AbstractChannel$AnnotatedConnectException: Connection refused: /192.168.164.251:45862
	at sun.nio.ch.SocketChannelImpl.checkConnect(Native Method)
	at sun.nio.ch.SocketChannelImpl.finishConnect(SocketChannelImpl.java:717)
	at org.apache.ratis.thirdparty.io.netty.channel.socket.nio.NioSocketChannel.doFinishConnect(NioSocketChannel.java:327)
	at org.apache.ratis.thirdparty.io.netty.channel.nio.AbstractNioChannel$AbstractNioUnsafe.finishConnect(AbstractNioChannel.java:340)
	at org.apache.ratis.thirdparty.io.netty.channel.nio.NioEventLoop.processSelectedKey(NioEventLoop.java:632)
	at org.apache.ratis.thirdparty.io.netty.channel.nio.NioEventLoop.processSelectedKeysOptimized(NioEventLoop.java:579)
	at org.apache.ratis.thirdparty.io.netty.channel.nio.NioEventLoop.processSelectedKeys(NioEventLoop.java:496)
	at org.apache.ratis.thirdparty.io.netty.channel.nio.NioEventLoop.run(NioEventLoop.java:458)
	at org.apache.ratis.thirdparty.io.netty.util.concurrent.SingleThreadEventExecutor$5.run(SingleThreadEventExecutor.java:897)
	at org.apache.ratis.thirdparty.io.netty.util.concurrent.FastThreadLocalRunnable.run(FastThreadLocalRunnable.java:30)
	... 1 more
Caused by: java.net.ConnectException: Connection refused
	... 11 more
2019-10-04 13:59:56,983 [f8dc20a8-53d0-4cb4-a1dc-f8f828383d57@group-2858E8EA2AC9-LeaderElection97] INFO  impl.RoleInfo (RoleInfo.java:shutdownLeaderElection(134)) - f8dc20a8-53d0-4cb4-a1dc-f8f828383d57: shutdown LeaderElection
2019-10-04 13:59:56,983 [9c0e695b-3549-43c8-81ee-e62e063b3917@group-2858E8EA2AC9-LeaderElection98] INFO  impl.RaftServerImpl (RaftServerImpl.java:setRole(170)) - 9c0e695b-3549-43c8-81ee-e62e063b3917@group-2858E8EA2AC9: changes role from CANDIDATE to FOLLOWER at term 2 for DISCOVERED_A_NEW_TERM
2019-10-04 13:59:56,983 [f8dc20a8-53d0-4cb4-a1dc-f8f828383d57@group-2858E8EA2AC9-LeaderElection97] INFO  impl.RoleInfo (RoleInfo.java:updateAndGet(143)) - f8dc20a8-53d0-4cb4-a1dc-f8f828383d57: start FollowerState
2019-10-04 13:59:56,983 [9c0e695b-3549-43c8-81ee-e62e063b3917@group-2858E8EA2AC9-LeaderElection98] INFO  impl.RoleInfo (RoleInfo.java:shutdownLeaderElection(134)) - 9c0e695b-3549-43c8-81ee-e62e063b3917: shutdown LeaderElection
2019-10-04 13:59:56,984 [9c0e695b-3549-43c8-81ee-e62e063b3917@group-2858E8EA2AC9-LeaderElection98] INFO  impl.RoleInfo (RoleInfo.java:updateAndGet(143)) - 9c0e695b-3549-43c8-81ee-e62e063b3917: start FollowerState
]]></system-out>
  </testcase>
</testsuite>