<?xml version="1.0" encoding="UTF-8"?>
<testsuite xmlns:xsi="http://www.w3.org/2001/XMLSchema-instance" xsi:noNamespaceSchemaLocation="https://maven.apache.org/surefire/maven-surefire-plugin/xsd/surefire-test-report.xsd" name="org.apache.hadoop.ozone.client.rpc.TestBlockOutputStreamWithFailures" time="673.005" tests="8" errors="0" skipped="0" failures="1">
  <properties>
    <property name="awt.toolkit" value="sun.awt.X11.XToolkit"/>
    <property name="file.encoding.pkg" value="sun.io"/>
    <property name="java.specification.version" value="1.8"/>
    <property name="sun.cpu.isalist" value=""/>
    <property name="sun.jnu.encoding" value="UTF-8"/>
    <property name="java.class.path" value="/workdir/hadoop-ozone/integration-test/target/test-classes:/workdir/hadoop-ozone/integration-test/target/classes:/home/user/.m2/repository/org/apache/hadoop/hadoop-ozone-common/0.5.0-SNAPSHOT/hadoop-ozone-common-0.5.0-SNAPSHOT.jar:/home/user/.m2/repository/org/apache/commons/commons-compress/1.4.1/commons-compress-1.4.1.jar:/home/user/.m2/repository/org/tukaani/xz/1.0/xz-1.0.jar:/home/user/.m2/repository/org/apache/hadoop/hadoop-common/3.2.0/hadoop-common-3.2.0.jar:/home/user/.m2/repository/org/apache/hadoop/hadoop-hdfs/3.2.0/hadoop-hdfs-3.2.0.jar:/home/user/.m2/repository/org/apache/hadoop/hadoop-hdfs-client/3.2.0/hadoop-hdfs-client-3.2.0.jar:/home/user/.m2/repository/com/fasterxml/jackson/core/jackson-annotations/2.9.9/jackson-annotations-2.9.9.jar:/home/user/.m2/repository/org/apache/hadoop/hadoop-hdds-common/0.5.0-SNAPSHOT/hadoop-hdds-common-0.5.0-SNAPSHOT.jar:/home/user/.m2/repository/javax/annotation/javax.annotation-api/1.2/javax.annotation-api-1.2.jar:/home/user/.m2/repository/org/apache/ratis/ratis-server/0.4.0/ratis-server-0.4.0.jar:/home/user/.m2/repository/org/apache/ratis/ratis-thirdparty-misc/0.2.0/ratis-thirdparty-misc-0.2.0.jar:/home/user/.m2/repository/org/apache/ratis/ratis-proto/0.4.0/ratis-proto-0.4.0.jar:/home/user/.m2/repository/org/apache/ratis/ratis-common/0.4.0/ratis-common-0.4.0.jar:/home/user/.m2/repository/org/apache/ratis/ratis-client/0.4.0/ratis-client-0.4.0.jar:/home/user/.m2/repository/org/apache/ratis/ratis-metrics/0.4.0/ratis-metrics-0.4.0.jar:/home/user/.m2/repository/com/github/joshelser/dropwizard-metrics-hadoop-metrics2-reporter/0.1.2/dropwizard-metrics-hadoop-metrics2-reporter-0.1.2.jar:/home/user/.m2/repository/io/dropwizard/metrics/metrics-jvm/3.2.5/metrics-jvm-3.2.5.jar:/home/user/.m2/repository/io/dropwizard/metrics/metrics-ganglia/3.2.5/metrics-ganglia-3.2.5.jar:/home/user/.m2/repository/info/ganglia/gmetric4j/gmetric4j/1.0.7/gmetric4j-1.0.7.jar:/home/user/.m2/repository/org/apache/ratis/ratis-netty/0.4.0/ratis-netty-0.4.0.jar:/home/user/.m2/repository/org/apache/ratis/ratis-grpc/0.4.0/ratis-grpc-0.4.0.jar:/home/user/.m2/repository/org/rocksdb/rocksdbjni/6.0.1/rocksdbjni-6.0.1.jar:/home/user/.m2/repository/org/apache/logging/log4j/log4j-api/2.11.0/log4j-api-2.11.0.jar:/home/user/.m2/repository/org/apache/logging/log4j/log4j-core/2.11.0/log4j-core-2.11.0.jar:/home/user/.m2/repository/com/lmax/disruptor/3.4.2/disruptor-3.4.2.jar:/home/user/.m2/repository/org/apache/commons/commons-pool2/2.6.0/commons-pool2-2.6.0.jar:/home/user/.m2/repository/org/bouncycastle/bcpkix-jdk15on/1.60/bcpkix-jdk15on-1.60.jar:/home/user/.m2/repository/commons-validator/commons-validator/1.6/commons-validator-1.6.jar:/home/user/.m2/repository/commons-digester/commons-digester/1.8.1/commons-digester-1.8.1.jar:/home/user/.m2/repository/io/jaegertracing/jaeger-client/0.34.0/jaeger-client-0.34.0.jar:/home/user/.m2/repository/io/jaegertracing/jaeger-thrift/0.34.0/jaeger-thrift-0.34.0.jar:/home/user/.m2/repository/org/apache/thrift/libthrift/0.12.0/libthrift-0.12.0.jar:/home/user/.m2/repository/com/squareup/okhttp3/okhttp/3.9.0/okhttp-3.9.0.jar:/home/user/.m2/repository/com/squareup/okio/okio/1.13.0/okio-1.13.0.jar:/home/user/.m2/repository/io/jaegertracing/jaeger-core/0.34.0/jaeger-core-0.34.0.jar:/home/user/.m2/repository/io/jaegertracing/jaeger-tracerresolver/0.34.0/jaeger-tracerresolver-0.34.0.jar:/home/user/.m2/repository/io/opentracing/contrib/opentracing-tracerresolver/0.1.5/opentracing-tracerresolver-0.1.5.jar:/home/user/.m2/repository/io/opentracing/opentracing-util/0.31.0/opentracing-util-0.31.0.jar:/home/user/.m2/repository/io/opentracing/opentracing-api/0.31.0/opentracing-api-0.31.0.jar:/home/user/.m2/repository/io/opentracing/opentracing-noop/0.31.0/opentracing-noop-0.31.0.jar:/home/user/.m2/repository/org/apache/hadoop/hadoop-hdds-server-framework/0.5.0-SNAPSHOT/hadoop-hdds-server-framework-0.5.0-SNAPSHOT.jar:/home/user/.m2/repository/org/apache/hadoop/hadoop-hdds-container-service/0.5.0-SNAPSHOT/hadoop-hdds-container-service-0.5.0-SNAPSHOT.jar:/home/user/.m2/repository/org/apache/hadoop/hadoop-hdds-client/0.5.0-SNAPSHOT/hadoop-hdds-client-0.5.0-SNAPSHOT.jar:/home/user/.m2/repository/org/apache/hadoop/hadoop-hdds-tools/0.5.0-SNAPSHOT/hadoop-hdds-tools-0.5.0-SNAPSHOT.jar:/home/user/.m2/repository/org/apache/hadoop/hadoop-hdds-server-scm/0.5.0-SNAPSHOT/hadoop-hdds-server-scm-0.5.0-SNAPSHOT.jar:/home/user/.m2/repository/org/apache/hadoop/hadoop-hdds-docs/0.5.0-SNAPSHOT/hadoop-hdds-docs-0.5.0-SNAPSHOT.jar:/home/user/.m2/repository/io/dropwizard/metrics/metrics-core/3.2.4/metrics-core-3.2.4.jar:/home/user/.m2/repository/org/hamcrest/hamcrest-all/1.3/hamcrest-all-1.3.jar:/home/user/.m2/repository/org/bouncycastle/bcprov-jdk15on/1.60/bcprov-jdk15on-1.60.jar:/home/user/.m2/repository/info/picocli/picocli/3.9.6/picocli-3.9.6.jar:/home/user/.m2/repository/com/google/protobuf/protobuf-java/2.5.0/protobuf-java-2.5.0.jar:/home/user/.m2/repository/com/google/guava/guava/11.0.2/guava-11.0.2.jar:/home/user/.m2/repository/org/apache/hadoop/hadoop-ozone-ozone-manager/0.5.0-SNAPSHOT/hadoop-ozone-ozone-manager-0.5.0-SNAPSHOT.jar:/home/user/.m2/repository/org/apache/hadoop/hadoop-minikdc/3.2.0/hadoop-minikdc-3.2.0.jar:/home/user/.m2/repository/commons-io/commons-io/2.5/commons-io-2.5.jar:/home/user/.m2/repository/org/apache/kerby/kerb-simplekdc/1.0.1/kerb-simplekdc-1.0.1.jar:/home/user/.m2/repository/org/apache/kerby/kerb-client/1.0.1/kerb-client-1.0.1.jar:/home/user/.m2/repository/org/apache/kerby/kerby-config/1.0.1/kerby-config-1.0.1.jar:/home/user/.m2/repository/org/apache/kerby/kerb-core/1.0.1/kerb-core-1.0.1.jar:/home/user/.m2/repository/org/apache/kerby/kerby-pkix/1.0.1/kerby-pkix-1.0.1.jar:/home/user/.m2/repository/org/apache/kerby/kerby-asn1/1.0.1/kerby-asn1-1.0.1.jar:/home/user/.m2/repository/org/apache/kerby/kerby-util/1.0.1/kerby-util-1.0.1.jar:/home/user/.m2/repository/org/apache/kerby/kerb-common/1.0.1/kerb-common-1.0.1.jar:/home/user/.m2/repository/org/apache/kerby/kerb-crypto/1.0.1/kerb-crypto-1.0.1.jar:/home/user/.m2/repository/org/apache/kerby/kerb-util/1.0.1/kerb-util-1.0.1.jar:/home/user/.m2/repository/org/apache/kerby/token-provider/1.0.1/token-provider-1.0.1.jar:/home/user/.m2/repository/org/apache/kerby/kerb-admin/1.0.1/kerb-admin-1.0.1.jar:/home/user/.m2/repository/org/apache/kerby/kerb-server/1.0.1/kerb-server-1.0.1.jar:/home/user/.m2/repository/org/apache/kerby/kerb-identity/1.0.1/kerb-identity-1.0.1.jar:/home/user/.m2/repository/org/apache/kerby/kerby-xdr/1.0.1/kerby-xdr-1.0.1.jar:/home/user/.m2/repository/org/slf4j/slf4j-log4j12/1.7.25/slf4j-log4j12-1.7.25.jar:/home/user/.m2/repository/org/apache/hadoop/hadoop-ozone-s3gateway/0.5.0-SNAPSHOT/hadoop-ozone-s3gateway-0.5.0-SNAPSHOT.jar:/home/user/.m2/repository/org/jboss/weld/servlet/weld-servlet/2.4.7.Final/weld-servlet-2.4.7.Final.jar:/home/user/.m2/repository/org/glassfish/jersey/containers/jersey-container-servlet-core/2.27/jersey-container-servlet-core-2.27.jar:/home/user/.m2/repository/org/glassfish/hk2/external/javax.inject/2.5.0-b42/javax.inject-2.5.0-b42.jar:/home/user/.m2/repository/org/glassfish/jersey/core/jersey-common/2.27/jersey-common-2.27.jar:/home/user/.m2/repository/org/glassfish/hk2/osgi-resource-locator/1.0.1/osgi-resource-locator-1.0.1.jar:/home/user/.m2/repository/javax/ws/rs/javax.ws.rs-api/2.1/javax.ws.rs-api-2.1.jar:/home/user/.m2/repository/org/glassfish/jersey/ext/cdi/jersey-cdi1x/2.27/jersey-cdi1x-2.27.jar:/home/user/.m2/repository/org/glassfish/jersey/inject/jersey-hk2/2.27/jersey-hk2-2.27.jar:/home/user/.m2/repository/org/glassfish/hk2/hk2-locator/2.5.0-b42/hk2-locator-2.5.0-b42.jar:/home/user/.m2/repository/org/javassist/javassist/3.22.0-CR2/javassist-3.22.0-CR2.jar:/home/user/.m2/repository/org/glassfish/hk2/hk2-api/2.5.0/hk2-api-2.5.0.jar:/home/user/.m2/repository/org/glassfish/hk2/external/jakarta.inject/2.5.0/jakarta.inject-2.5.0.jar:/home/user/.m2/repository/org/glassfish/hk2/hk2-utils/2.5.0/hk2-utils-2.5.0.jar:/home/user/.m2/repository/jakarta/annotation/jakarta.annotation-api/1.3.4/jakarta.annotation-api-1.3.4.jar:/home/user/.m2/repository/org/glassfish/hk2/external/aopalliance-repackaged/2.5.0/aopalliance-repackaged-2.5.0.jar:/home/user/.m2/repository/com/fasterxml/jackson/dataformat/jackson-dataformat-xml/2.9.0/jackson-dataformat-xml-2.9.0.jar:/home/user/.m2/repository/com/fasterxml/jackson/core/jackson-core/2.9.9/jackson-core-2.9.9.jar:/home/user/.m2/repository/com/fasterxml/jackson/module/jackson-module-jaxb-annotations/2.9.9/jackson-module-jaxb-annotations-2.9.9.jar:/home/user/.m2/repository/javax/enterprise/cdi-api/1.2/cdi-api-1.2.jar:/home/user/.m2/repository/javax/el/javax.el-api/3.0.0/javax.el-api-3.0.0.jar:/home/user/.m2/repository/javax/interceptor/javax.interceptor-api/1.2/javax.interceptor-api-1.2.jar:/home/user/.m2/repository/javax/inject/javax.inject/1/javax.inject-1.jar:/home/user/.m2/repository/com/sun/xml/bind/jaxb-impl/2.3.0.1/jaxb-impl-2.3.0.1.jar:/home/user/.m2/repository/com/sun/xml/bind/jaxb-core/2.3.0.1/jaxb-core-2.3.0.1.jar:/home/user/.m2/repository/javax/xml/bind/jaxb-api/2.3.0/jaxb-api-2.3.0.jar:/home/user/.m2/repository/javax/activation/activation/1.1.1/activation-1.1.1.jar:/home/user/.m2/repository/org/apache/hadoop/hadoop-ozone-csi/0.5.0-SNAPSHOT/hadoop-ozone-csi-0.5.0-SNAPSHOT.jar:/home/user/.m2/repository/com/google/protobuf/protobuf-java-util/3.5.1/protobuf-java-util-3.5.1.jar:/home/user/.m2/repository/org/apache/hadoop/hadoop-hdds-config/0.5.0-SNAPSHOT/hadoop-hdds-config-0.5.0-SNAPSHOT.jar:/home/user/.m2/repository/io/grpc/grpc-netty/1.17.1/grpc-netty-1.17.1.jar:/home/user/.m2/repository/io/grpc/grpc-core/1.17.1/grpc-core-1.17.1.jar:/home/user/.m2/repository/io/grpc/grpc-context/1.17.1/grpc-context-1.17.1.jar:/home/user/.m2/repository/com/google/errorprone/error_prone_annotations/2.2.0/error_prone_annotations-2.2.0.jar:/home/user/.m2/repository/org/codehaus/mojo/animal-sniffer-annotations/1.17/animal-sniffer-annotations-1.17.jar:/home/user/.m2/repository/io/opencensus/opencensus-api/0.17.0/opencensus-api-0.17.0.jar:/home/user/.m2/repository/io/opencensus/opencensus-contrib-grpc-metrics/0.17.0/opencensus-contrib-grpc-metrics-0.17.0.jar:/home/user/.m2/repository/io/netty/netty-codec-http2/4.1.30.Final/netty-codec-http2-4.1.30.Final.jar:/home/user/.m2/repository/io/netty/netty-codec-http/4.1.30.Final/netty-codec-http-4.1.30.Final.jar:/home/user/.m2/repository/io/netty/netty-codec/4.1.30.Final/netty-codec-4.1.30.Final.jar:/home/user/.m2/repository/io/netty/netty-handler/4.1.30.Final/netty-handler-4.1.30.Final.jar:/home/user/.m2/repository/io/netty/netty-handler-proxy/4.1.30.Final/netty-handler-proxy-4.1.30.Final.jar:/home/user/.m2/repository/io/netty/netty-codec-socks/4.1.30.Final/netty-codec-socks-4.1.30.Final.jar:/home/user/.m2/repository/io/netty/netty-transport-native-epoll/4.1.30.Final/netty-transport-native-epoll-4.1.30.Final.jar:/home/user/.m2/repository/io/netty/netty-common/4.1.30.Final/netty-common-4.1.30.Final.jar:/home/user/.m2/repository/io/netty/netty-buffer/4.1.30.Final/netty-buffer-4.1.30.Final.jar:/home/user/.m2/repository/io/netty/netty-transport/4.1.30.Final/netty-transport-4.1.30.Final.jar:/home/user/.m2/repository/io/netty/netty-resolver/4.1.30.Final/netty-resolver-4.1.30.Final.jar:/home/user/.m2/repository/io/netty/netty-transport-native-unix-common/4.1.30.Final/netty-transport-native-unix-common-4.1.30.Final.jar:/home/user/.m2/repository/io/grpc/grpc-protobuf/1.17.1/grpc-protobuf-1.17.1.jar:/home/user/.m2/repository/com/google/api/grpc/proto-google-common-protos/1.0.0/proto-google-common-protos-1.0.0.jar:/home/user/.m2/repository/io/grpc/grpc-protobuf-lite/1.17.1/grpc-protobuf-lite-1.17.1.jar:/home/user/.m2/repository/io/grpc/grpc-stub/1.17.1/grpc-stub-1.17.1.jar:/home/user/.m2/repository/org/apache/hadoop/hadoop-ozone-recon/0.5.0-SNAPSHOT/hadoop-ozone-recon-0.5.0-SNAPSHOT.jar:/home/user/.m2/repository/org/apache/hadoop/hadoop-ozone-reconcodegen/0.5.0-SNAPSHOT/hadoop-ozone-reconcodegen-0.5.0-SNAPSHOT.jar:/home/user/.m2/repository/com/google/inject/extensions/guice-multibindings/4.0/guice-multibindings-4.0.jar:/home/user/.m2/repository/com/google/inject/guice/4.0/guice-4.0.jar:/home/user/.m2/repository/aopalliance/aopalliance/1.0/aopalliance-1.0.jar:/home/user/.m2/repository/com/google/inject/extensions/guice-servlet/4.0/guice-servlet-4.0.jar:/home/user/.m2/repository/org/glassfish/jersey/containers/jersey-container-servlet/2.27/jersey-container-servlet-2.27.jar:/home/user/.m2/repository/org/glassfish/hk2/guice-bridge/2.5.0/guice-bridge-2.5.0.jar:/home/user/.m2/repository/org/glassfish/jersey/core/jersey-server/2.27/jersey-server-2.27.jar:/home/user/.m2/repository/org/glassfish/jersey/core/jersey-client/2.27/jersey-client-2.27.jar:/home/user/.m2/repository/org/glassfish/jersey/media/jersey-media-jaxb/2.27/jersey-media-jaxb-2.27.jar:/home/user/.m2/repository/javax/validation/validation-api/1.1.0.Final/validation-api-1.1.0.Final.jar:/home/user/.m2/repository/org/glassfish/jersey/media/jersey-media-json-jackson/2.27/jersey-media-json-jackson-2.27.jar:/home/user/.m2/repository/org/glassfish/jersey/ext/jersey-entity-filtering/2.27/jersey-entity-filtering-2.27.jar:/home/user/.m2/repository/com/google/inject/extensions/guice-assistedinject/4.0/guice-assistedinject-4.0.jar:/home/user/.m2/repository/org/jooq/jooq/3.11.10/jooq-3.11.10.jar:/home/user/.m2/repository/org/jooq/jooq-meta/3.11.10/jooq-meta-3.11.10.jar:/home/user/.m2/repository/org/jooq/jooq-codegen/3.11.10/jooq-codegen-3.11.10.jar:/home/user/.m2/repository/com/jolbox/bonecp/0.8.0.RELEASE/bonecp-0.8.0.RELEASE.jar:/home/user/.m2/repository/org/xerial/sqlite-jdbc/3.25.2/sqlite-jdbc-3.25.2.jar:/home/user/.m2/repository/org/springframework/spring-jdbc/5.1.3.RELEASE/spring-jdbc-5.1.3.RELEASE.jar:/home/user/.m2/repository/org/springframework/spring-beans/5.1.3.RELEASE/spring-beans-5.1.3.RELEASE.jar:/home/user/.m2/repository/org/springframework/spring-core/5.1.3.RELEASE/spring-core-5.1.3.RELEASE.jar:/home/user/.m2/repository/org/springframework/spring-jcl/5.1.3.RELEASE/spring-jcl-5.1.3.RELEASE.jar:/home/user/.m2/repository/org/springframework/spring-tx/5.1.3.RELEASE/spring-tx-5.1.3.RELEASE.jar:/home/user/.m2/repository/org/apache/hadoop/hadoop-ozone-client/0.5.0-SNAPSHOT/hadoop-ozone-client-0.5.0-SNAPSHOT.jar:/home/user/.m2/repository/commons-lang/commons-lang/2.6/commons-lang-2.6.jar:/home/user/.m2/repository/org/apache/hadoop/hadoop-ozone-ozone-manager/0.5.0-SNAPSHOT/hadoop-ozone-ozone-manager-0.5.0-SNAPSHOT-tests.jar:/home/user/.m2/repository/junit/junit/4.11/junit-4.11.jar:/home/user/.m2/repository/org/hamcrest/hamcrest-core/1.3/hamcrest-core-1.3.jar:/home/user/.m2/repository/org/openjdk/jmh/jmh-core/1.19/jmh-core-1.19.jar:/home/user/.m2/repository/net/sf/jopt-simple/jopt-simple/4.6/jopt-simple-4.6.jar:/home/user/.m2/repository/org/apache/commons/commons-math3/3.1.1/commons-math3-3.1.1.jar:/home/user/.m2/repository/org/openjdk/jmh/jmh-generator-annprocess/1.19/jmh-generator-annprocess-1.19.jar:/home/user/.m2/repository/org/mockito/mockito-all/1.8.5/mockito-all-1.8.5.jar:/home/user/.m2/repository/org/apache/hadoop/hadoop-kms/3.2.0/hadoop-kms-3.2.0.jar:/home/user/.m2/repository/org/apache/hadoop/hadoop-auth/3.2.0/hadoop-auth-3.2.0.jar:/home/user/.m2/repository/com/nimbusds/nimbus-jose-jwt/4.41.1/nimbus-jose-jwt-4.41.1.jar:/home/user/.m2/repository/com/github/stephenc/jcip/jcip-annotations/1.0-1/jcip-annotations-1.0-1.jar:/home/user/.m2/repository/net/minidev/json-smart/2.3/json-smart-2.3.jar:/home/user/.m2/repository/net/minidev/accessors-smart/1.2/accessors-smart-1.2.jar:/home/user/.m2/repository/org/ow2/asm/asm/5.0.4/asm-5.0.4.jar:/home/user/.m2/repository/org/apache/curator/curator-framework/2.12.0/curator-framework-2.12.0.jar:/home/user/.m2/repository/com/sun/jersey/jersey-core/1.19/jersey-core-1.19.jar:/home/user/.m2/repository/javax/ws/rs/jsr311-api/1.1.1/jsr311-api-1.1.1.jar:/home/user/.m2/repository/com/sun/jersey/jersey-server/1.19/jersey-server-1.19.jar:/home/user/.m2/repository/javax/servlet/javax.servlet-api/3.1.0/javax.servlet-api-3.1.0.jar:/home/user/.m2/repository/org/eclipse/jetty/jetty-server/9.3.25.v20180904/jetty-server-9.3.25.v20180904.jar:/home/user/.m2/repository/org/eclipse/jetty/jetty-http/9.3.25.v20180904/jetty-http-9.3.25.v20180904.jar:/home/user/.m2/repository/org/eclipse/jetty/jetty-io/9.3.25.v20180904/jetty-io-9.3.25.v20180904.jar:/home/user/.m2/repository/org/eclipse/jetty/jetty-webapp/9.3.25.v20180904/jetty-webapp-9.3.25.v20180904.jar:/home/user/.m2/repository/org/eclipse/jetty/jetty-xml/9.3.25.v20180904/jetty-xml-9.3.25.v20180904.jar:/home/user/.m2/repository/log4j/log4j/1.2.17/log4j-1.2.17.jar:/home/user/.m2/repository/org/slf4j/slf4j-api/1.7.25/slf4j-api-1.7.25.jar:/home/user/.m2/repository/org/slf4j/jul-to-slf4j/1.7.25/jul-to-slf4j-1.7.25.jar:/home/user/.m2/repository/org/eclipse/jetty/jetty-util/9.3.25.v20180904/jetty-util-9.3.25.v20180904.jar:/home/user/.m2/repository/com/fasterxml/jackson/core/jackson-databind/2.9.9/jackson-databind-2.9.9.jar:/home/user/.m2/repository/org/apache/hadoop/hadoop-kms/3.2.0/hadoop-kms-3.2.0-tests.jar:/home/user/.m2/repository/org/apache/hadoop/hadoop-hdds-server-scm/0.5.0-SNAPSHOT/hadoop-hdds-server-scm-0.5.0-SNAPSHOT-tests.jar:/home/user/.m2/repository/org/apache/hadoop/hadoop-hdds-container-service/0.5.0-SNAPSHOT/hadoop-hdds-container-service-0.5.0-SNAPSHOT-tests.jar:/home/user/.m2/repository/org/yaml/snakeyaml/1.16/snakeyaml-1.16.jar:/home/user/.m2/repository/org/apache/hadoop/hadoop-common/3.2.0/hadoop-common-3.2.0-tests.jar:/home/user/.m2/repository/org/apache/hadoop/hadoop-annotations/3.2.0/hadoop-annotations-3.2.0.jar:/usr/lib/jvm/java-1.8-openjdk/jre/../lib/tools.jar:/home/user/.m2/repository/commons-cli/commons-cli/1.2/commons-cli-1.2.jar:/home/user/.m2/repository/org/apache/httpcomponents/httpclient/4.5.2/httpclient-4.5.2.jar:/home/user/.m2/repository/org/apache/httpcomponents/httpcore/4.4.4/httpcore-4.4.4.jar:/home/user/.m2/repository/commons-codec/commons-codec/1.11/commons-codec-1.11.jar:/home/user/.m2/repository/commons-net/commons-net/3.6/commons-net-3.6.jar:/home/user/.m2/repository/commons-collections/commons-collections/3.2.2/commons-collections-3.2.2.jar:/home/user/.m2/repository/org/eclipse/jetty/jetty-servlet/9.3.25.v20180904/jetty-servlet-9.3.25.v20180904.jar:/home/user/.m2/repository/org/eclipse/jetty/jetty-security/9.3.25.v20180904/jetty-security-9.3.25.v20180904.jar:/home/user/.m2/repository/javax/servlet/jsp/jsp-api/2.1/jsp-api-2.1.jar:/home/user/.m2/repository/com/sun/jersey/jersey-servlet/1.19/jersey-servlet-1.19.jar:/home/user/.m2/repository/com/sun/jersey/jersey-json/1.19/jersey-json-1.19.jar:/home/user/.m2/repository/org/codehaus/jettison/jettison/1.1/jettison-1.1.jar:/home/user/.m2/repository/org/codehaus/jackson/jackson-core-asl/1.9.13/jackson-core-asl-1.9.13.jar:/home/user/.m2/repository/org/codehaus/jackson/jackson-mapper-asl/1.9.13/jackson-mapper-asl-1.9.13.jar:/home/user/.m2/repository/org/codehaus/jackson/jackson-jaxrs/1.9.13/jackson-jaxrs-1.9.13.jar:/home/user/.m2/repository/org/codehaus/jackson/jackson-xc/1.9.13/jackson-xc-1.9.13.jar:/home/user/.m2/repository/commons-logging/commons-logging/1.1.3/commons-logging-1.1.3.jar:/home/user/.m2/repository/commons-beanutils/commons-beanutils/1.9.4/commons-beanutils-1.9.4.jar:/home/user/.m2/repository/org/apache/commons/commons-configuration2/2.1.1/commons-configuration2-2.1.1.jar:/home/user/.m2/repository/org/apache/commons/commons-lang3/3.7/commons-lang3-3.7.jar:/home/user/.m2/repository/org/apache/commons/commons-text/1.4/commons-text-1.4.jar:/home/user/.m2/repository/org/apache/avro/avro/1.7.7/avro-1.7.7.jar:/home/user/.m2/repository/com/thoughtworks/paranamer/paranamer/2.3/paranamer-2.3.jar:/home/user/.m2/repository/org/xerial/snappy/snappy-java/1.0.5/snappy-java-1.0.5.jar:/home/user/.m2/repository/com/google/re2j/re2j/1.1/re2j-1.1.jar:/home/user/.m2/repository/com/google/code/gson/gson/2.2.4/gson-2.2.4.jar:/home/user/.m2/repository/com/jcraft/jsch/0.1.54/jsch-0.1.54.jar:/home/user/.m2/repository/org/apache/curator/curator-client/2.12.0/curator-client-2.12.0.jar:/home/user/.m2/repository/org/apache/curator/curator-recipes/2.12.0/curator-recipes-2.12.0.jar:/home/user/.m2/repository/com/google/code/findbugs/jsr305/3.0.0/jsr305-3.0.0.jar:/home/user/.m2/repository/org/apache/htrace/htrace-core4/4.1.0-incubating/htrace-core4-4.1.0-incubating.jar:/home/user/.m2/repository/org/apache/zookeeper/zookeeper/3.4.13/zookeeper-3.4.13.jar:/home/user/.m2/repository/jline/jline/0.9.94/jline-0.9.94.jar:/home/user/.m2/repository/org/apache/yetus/audience-annotations/0.5.0/audience-annotations-0.5.0.jar:/home/user/.m2/repository/org/codehaus/woodstox/stax2-api/3.1.4/stax2-api-3.1.4.jar:/home/user/.m2/repository/com/fasterxml/woodstox/woodstox-core/5.0.3/woodstox-core-5.0.3.jar:/home/user/.m2/repository/dnsjava/dnsjava/2.1.7/dnsjava-2.1.7.jar:/home/user/.m2/repository/org/apache/hadoop/hadoop-hdfs/3.2.0/hadoop-hdfs-3.2.0-tests.jar:/home/user/.m2/repository/org/eclipse/jetty/jetty-util-ajax/9.3.25.v20180904/jetty-util-ajax-9.3.25.v20180904.jar:/home/user/.m2/repository/commons-daemon/commons-daemon/1.0.13/commons-daemon-1.0.13.jar:/home/user/.m2/repository/io/netty/netty/3.10.5.Final/netty-3.10.5.Final.jar:/home/user/.m2/repository/io/netty/netty-all/4.0.52.Final/netty-all-4.0.52.Final.jar:/home/user/.m2/repository/org/fusesource/leveldbjni/leveldbjni-all/1.8/leveldbjni-all-1.8.jar:"/>
    <property name="java.vm.vendor" value="IcedTea"/>
    <property name="sun.arch.data.model" value="64"/>
    <property name="test.build.dir" value="/workdir/hadoop-ozone/integration-test/target/test-dir"/>
    <property name="test.cache.data" value=""/>
    <property name="java.vendor.url" value="https://icedtea.classpath.org"/>
    <property name="user.timezone" value=""/>
    <property name="java.vm.specification.version" value="1.8"/>
    <property name="os.name" value="Linux"/>
    <property name="test.build.data" value="/workdir/hadoop-ozone/integration-test/target/test-dir"/>
    <property name="user.country" value="US"/>
    <property name="sun.java.launcher" value="SUN_STANDARD"/>
    <property name="sun.boot.library.path" value="/usr/lib/jvm/java-1.8-openjdk/jre/lib/amd64"/>
    <property name="sun.java.command" value="/workdir/hadoop-ozone/integration-test/target/surefire/surefirebooter217572997935483488.jar /workdir/hadoop-ozone/integration-test/target/surefire 2019-09-27T05-09-40_909-jvmRun1 surefire4649257159999061241tmp surefire_633100571369885900534tmp"/>
    <property name="test" value="!TestMiniChaosOzoneCluster"/>
    <property name="surefire.test.class.path" value="/workdir/hadoop-ozone/integration-test/target/test-classes:/workdir/hadoop-ozone/integration-test/target/classes:/home/user/.m2/repository/org/apache/hadoop/hadoop-ozone-common/0.5.0-SNAPSHOT/hadoop-ozone-common-0.5.0-SNAPSHOT.jar:/home/user/.m2/repository/org/apache/commons/commons-compress/1.4.1/commons-compress-1.4.1.jar:/home/user/.m2/repository/org/tukaani/xz/1.0/xz-1.0.jar:/home/user/.m2/repository/org/apache/hadoop/hadoop-common/3.2.0/hadoop-common-3.2.0.jar:/home/user/.m2/repository/org/apache/hadoop/hadoop-hdfs/3.2.0/hadoop-hdfs-3.2.0.jar:/home/user/.m2/repository/org/apache/hadoop/hadoop-hdfs-client/3.2.0/hadoop-hdfs-client-3.2.0.jar:/home/user/.m2/repository/com/fasterxml/jackson/core/jackson-annotations/2.9.9/jackson-annotations-2.9.9.jar:/home/user/.m2/repository/org/apache/hadoop/hadoop-hdds-common/0.5.0-SNAPSHOT/hadoop-hdds-common-0.5.0-SNAPSHOT.jar:/home/user/.m2/repository/javax/annotation/javax.annotation-api/1.2/javax.annotation-api-1.2.jar:/home/user/.m2/repository/org/apache/ratis/ratis-server/0.4.0/ratis-server-0.4.0.jar:/home/user/.m2/repository/org/apache/ratis/ratis-thirdparty-misc/0.2.0/ratis-thirdparty-misc-0.2.0.jar:/home/user/.m2/repository/org/apache/ratis/ratis-proto/0.4.0/ratis-proto-0.4.0.jar:/home/user/.m2/repository/org/apache/ratis/ratis-common/0.4.0/ratis-common-0.4.0.jar:/home/user/.m2/repository/org/apache/ratis/ratis-client/0.4.0/ratis-client-0.4.0.jar:/home/user/.m2/repository/org/apache/ratis/ratis-metrics/0.4.0/ratis-metrics-0.4.0.jar:/home/user/.m2/repository/com/github/joshelser/dropwizard-metrics-hadoop-metrics2-reporter/0.1.2/dropwizard-metrics-hadoop-metrics2-reporter-0.1.2.jar:/home/user/.m2/repository/io/dropwizard/metrics/metrics-jvm/3.2.5/metrics-jvm-3.2.5.jar:/home/user/.m2/repository/io/dropwizard/metrics/metrics-ganglia/3.2.5/metrics-ganglia-3.2.5.jar:/home/user/.m2/repository/info/ganglia/gmetric4j/gmetric4j/1.0.7/gmetric4j-1.0.7.jar:/home/user/.m2/repository/org/apache/ratis/ratis-netty/0.4.0/ratis-netty-0.4.0.jar:/home/user/.m2/repository/org/apache/ratis/ratis-grpc/0.4.0/ratis-grpc-0.4.0.jar:/home/user/.m2/repository/org/rocksdb/rocksdbjni/6.0.1/rocksdbjni-6.0.1.jar:/home/user/.m2/repository/org/apache/logging/log4j/log4j-api/2.11.0/log4j-api-2.11.0.jar:/home/user/.m2/repository/org/apache/logging/log4j/log4j-core/2.11.0/log4j-core-2.11.0.jar:/home/user/.m2/repository/com/lmax/disruptor/3.4.2/disruptor-3.4.2.jar:/home/user/.m2/repository/org/apache/commons/commons-pool2/2.6.0/commons-pool2-2.6.0.jar:/home/user/.m2/repository/org/bouncycastle/bcpkix-jdk15on/1.60/bcpkix-jdk15on-1.60.jar:/home/user/.m2/repository/commons-validator/commons-validator/1.6/commons-validator-1.6.jar:/home/user/.m2/repository/commons-digester/commons-digester/1.8.1/commons-digester-1.8.1.jar:/home/user/.m2/repository/io/jaegertracing/jaeger-client/0.34.0/jaeger-client-0.34.0.jar:/home/user/.m2/repository/io/jaegertracing/jaeger-thrift/0.34.0/jaeger-thrift-0.34.0.jar:/home/user/.m2/repository/org/apache/thrift/libthrift/0.12.0/libthrift-0.12.0.jar:/home/user/.m2/repository/com/squareup/okhttp3/okhttp/3.9.0/okhttp-3.9.0.jar:/home/user/.m2/repository/com/squareup/okio/okio/1.13.0/okio-1.13.0.jar:/home/user/.m2/repository/io/jaegertracing/jaeger-core/0.34.0/jaeger-core-0.34.0.jar:/home/user/.m2/repository/io/jaegertracing/jaeger-tracerresolver/0.34.0/jaeger-tracerresolver-0.34.0.jar:/home/user/.m2/repository/io/opentracing/contrib/opentracing-tracerresolver/0.1.5/opentracing-tracerresolver-0.1.5.jar:/home/user/.m2/repository/io/opentracing/opentracing-util/0.31.0/opentracing-util-0.31.0.jar:/home/user/.m2/repository/io/opentracing/opentracing-api/0.31.0/opentracing-api-0.31.0.jar:/home/user/.m2/repository/io/opentracing/opentracing-noop/0.31.0/opentracing-noop-0.31.0.jar:/home/user/.m2/repository/org/apache/hadoop/hadoop-hdds-server-framework/0.5.0-SNAPSHOT/hadoop-hdds-server-framework-0.5.0-SNAPSHOT.jar:/home/user/.m2/repository/org/apache/hadoop/hadoop-hdds-container-service/0.5.0-SNAPSHOT/hadoop-hdds-container-service-0.5.0-SNAPSHOT.jar:/home/user/.m2/repository/org/apache/hadoop/hadoop-hdds-client/0.5.0-SNAPSHOT/hadoop-hdds-client-0.5.0-SNAPSHOT.jar:/home/user/.m2/repository/org/apache/hadoop/hadoop-hdds-tools/0.5.0-SNAPSHOT/hadoop-hdds-tools-0.5.0-SNAPSHOT.jar:/home/user/.m2/repository/org/apache/hadoop/hadoop-hdds-server-scm/0.5.0-SNAPSHOT/hadoop-hdds-server-scm-0.5.0-SNAPSHOT.jar:/home/user/.m2/repository/org/apache/hadoop/hadoop-hdds-docs/0.5.0-SNAPSHOT/hadoop-hdds-docs-0.5.0-SNAPSHOT.jar:/home/user/.m2/repository/io/dropwizard/metrics/metrics-core/3.2.4/metrics-core-3.2.4.jar:/home/user/.m2/repository/org/hamcrest/hamcrest-all/1.3/hamcrest-all-1.3.jar:/home/user/.m2/repository/org/bouncycastle/bcprov-jdk15on/1.60/bcprov-jdk15on-1.60.jar:/home/user/.m2/repository/info/picocli/picocli/3.9.6/picocli-3.9.6.jar:/home/user/.m2/repository/com/google/protobuf/protobuf-java/2.5.0/protobuf-java-2.5.0.jar:/home/user/.m2/repository/com/google/guava/guava/11.0.2/guava-11.0.2.jar:/home/user/.m2/repository/org/apache/hadoop/hadoop-ozone-ozone-manager/0.5.0-SNAPSHOT/hadoop-ozone-ozone-manager-0.5.0-SNAPSHOT.jar:/home/user/.m2/repository/org/apache/hadoop/hadoop-minikdc/3.2.0/hadoop-minikdc-3.2.0.jar:/home/user/.m2/repository/commons-io/commons-io/2.5/commons-io-2.5.jar:/home/user/.m2/repository/org/apache/kerby/kerb-simplekdc/1.0.1/kerb-simplekdc-1.0.1.jar:/home/user/.m2/repository/org/apache/kerby/kerb-client/1.0.1/kerb-client-1.0.1.jar:/home/user/.m2/repository/org/apache/kerby/kerby-config/1.0.1/kerby-config-1.0.1.jar:/home/user/.m2/repository/org/apache/kerby/kerb-core/1.0.1/kerb-core-1.0.1.jar:/home/user/.m2/repository/org/apache/kerby/kerby-pkix/1.0.1/kerby-pkix-1.0.1.jar:/home/user/.m2/repository/org/apache/kerby/kerby-asn1/1.0.1/kerby-asn1-1.0.1.jar:/home/user/.m2/repository/org/apache/kerby/kerby-util/1.0.1/kerby-util-1.0.1.jar:/home/user/.m2/repository/org/apache/kerby/kerb-common/1.0.1/kerb-common-1.0.1.jar:/home/user/.m2/repository/org/apache/kerby/kerb-crypto/1.0.1/kerb-crypto-1.0.1.jar:/home/user/.m2/repository/org/apache/kerby/kerb-util/1.0.1/kerb-util-1.0.1.jar:/home/user/.m2/repository/org/apache/kerby/token-provider/1.0.1/token-provider-1.0.1.jar:/home/user/.m2/repository/org/apache/kerby/kerb-admin/1.0.1/kerb-admin-1.0.1.jar:/home/user/.m2/repository/org/apache/kerby/kerb-server/1.0.1/kerb-server-1.0.1.jar:/home/user/.m2/repository/org/apache/kerby/kerb-identity/1.0.1/kerb-identity-1.0.1.jar:/home/user/.m2/repository/org/apache/kerby/kerby-xdr/1.0.1/kerby-xdr-1.0.1.jar:/home/user/.m2/repository/org/slf4j/slf4j-log4j12/1.7.25/slf4j-log4j12-1.7.25.jar:/home/user/.m2/repository/org/apache/hadoop/hadoop-ozone-s3gateway/0.5.0-SNAPSHOT/hadoop-ozone-s3gateway-0.5.0-SNAPSHOT.jar:/home/user/.m2/repository/org/jboss/weld/servlet/weld-servlet/2.4.7.Final/weld-servlet-2.4.7.Final.jar:/home/user/.m2/repository/org/glassfish/jersey/containers/jersey-container-servlet-core/2.27/jersey-container-servlet-core-2.27.jar:/home/user/.m2/repository/org/glassfish/hk2/external/javax.inject/2.5.0-b42/javax.inject-2.5.0-b42.jar:/home/user/.m2/repository/org/glassfish/jersey/core/jersey-common/2.27/jersey-common-2.27.jar:/home/user/.m2/repository/org/glassfish/hk2/osgi-resource-locator/1.0.1/osgi-resource-locator-1.0.1.jar:/home/user/.m2/repository/javax/ws/rs/javax.ws.rs-api/2.1/javax.ws.rs-api-2.1.jar:/home/user/.m2/repository/org/glassfish/jersey/ext/cdi/jersey-cdi1x/2.27/jersey-cdi1x-2.27.jar:/home/user/.m2/repository/org/glassfish/jersey/inject/jersey-hk2/2.27/jersey-hk2-2.27.jar:/home/user/.m2/repository/org/glassfish/hk2/hk2-locator/2.5.0-b42/hk2-locator-2.5.0-b42.jar:/home/user/.m2/repository/org/javassist/javassist/3.22.0-CR2/javassist-3.22.0-CR2.jar:/home/user/.m2/repository/org/glassfish/hk2/hk2-api/2.5.0/hk2-api-2.5.0.jar:/home/user/.m2/repository/org/glassfish/hk2/external/jakarta.inject/2.5.0/jakarta.inject-2.5.0.jar:/home/user/.m2/repository/org/glassfish/hk2/hk2-utils/2.5.0/hk2-utils-2.5.0.jar:/home/user/.m2/repository/jakarta/annotation/jakarta.annotation-api/1.3.4/jakarta.annotation-api-1.3.4.jar:/home/user/.m2/repository/org/glassfish/hk2/external/aopalliance-repackaged/2.5.0/aopalliance-repackaged-2.5.0.jar:/home/user/.m2/repository/com/fasterxml/jackson/dataformat/jackson-dataformat-xml/2.9.0/jackson-dataformat-xml-2.9.0.jar:/home/user/.m2/repository/com/fasterxml/jackson/core/jackson-core/2.9.9/jackson-core-2.9.9.jar:/home/user/.m2/repository/com/fasterxml/jackson/module/jackson-module-jaxb-annotations/2.9.9/jackson-module-jaxb-annotations-2.9.9.jar:/home/user/.m2/repository/javax/enterprise/cdi-api/1.2/cdi-api-1.2.jar:/home/user/.m2/repository/javax/el/javax.el-api/3.0.0/javax.el-api-3.0.0.jar:/home/user/.m2/repository/javax/interceptor/javax.interceptor-api/1.2/javax.interceptor-api-1.2.jar:/home/user/.m2/repository/javax/inject/javax.inject/1/javax.inject-1.jar:/home/user/.m2/repository/com/sun/xml/bind/jaxb-impl/2.3.0.1/jaxb-impl-2.3.0.1.jar:/home/user/.m2/repository/com/sun/xml/bind/jaxb-core/2.3.0.1/jaxb-core-2.3.0.1.jar:/home/user/.m2/repository/javax/xml/bind/jaxb-api/2.3.0/jaxb-api-2.3.0.jar:/home/user/.m2/repository/javax/activation/activation/1.1.1/activation-1.1.1.jar:/home/user/.m2/repository/org/apache/hadoop/hadoop-ozone-csi/0.5.0-SNAPSHOT/hadoop-ozone-csi-0.5.0-SNAPSHOT.jar:/home/user/.m2/repository/com/google/protobuf/protobuf-java-util/3.5.1/protobuf-java-util-3.5.1.jar:/home/user/.m2/repository/org/apache/hadoop/hadoop-hdds-config/0.5.0-SNAPSHOT/hadoop-hdds-config-0.5.0-SNAPSHOT.jar:/home/user/.m2/repository/io/grpc/grpc-netty/1.17.1/grpc-netty-1.17.1.jar:/home/user/.m2/repository/io/grpc/grpc-core/1.17.1/grpc-core-1.17.1.jar:/home/user/.m2/repository/io/grpc/grpc-context/1.17.1/grpc-context-1.17.1.jar:/home/user/.m2/repository/com/google/errorprone/error_prone_annotations/2.2.0/error_prone_annotations-2.2.0.jar:/home/user/.m2/repository/org/codehaus/mojo/animal-sniffer-annotations/1.17/animal-sniffer-annotations-1.17.jar:/home/user/.m2/repository/io/opencensus/opencensus-api/0.17.0/opencensus-api-0.17.0.jar:/home/user/.m2/repository/io/opencensus/opencensus-contrib-grpc-metrics/0.17.0/opencensus-contrib-grpc-metrics-0.17.0.jar:/home/user/.m2/repository/io/netty/netty-codec-http2/4.1.30.Final/netty-codec-http2-4.1.30.Final.jar:/home/user/.m2/repository/io/netty/netty-codec-http/4.1.30.Final/netty-codec-http-4.1.30.Final.jar:/home/user/.m2/repository/io/netty/netty-codec/4.1.30.Final/netty-codec-4.1.30.Final.jar:/home/user/.m2/repository/io/netty/netty-handler/4.1.30.Final/netty-handler-4.1.30.Final.jar:/home/user/.m2/repository/io/netty/netty-handler-proxy/4.1.30.Final/netty-handler-proxy-4.1.30.Final.jar:/home/user/.m2/repository/io/netty/netty-codec-socks/4.1.30.Final/netty-codec-socks-4.1.30.Final.jar:/home/user/.m2/repository/io/netty/netty-transport-native-epoll/4.1.30.Final/netty-transport-native-epoll-4.1.30.Final.jar:/home/user/.m2/repository/io/netty/netty-common/4.1.30.Final/netty-common-4.1.30.Final.jar:/home/user/.m2/repository/io/netty/netty-buffer/4.1.30.Final/netty-buffer-4.1.30.Final.jar:/home/user/.m2/repository/io/netty/netty-transport/4.1.30.Final/netty-transport-4.1.30.Final.jar:/home/user/.m2/repository/io/netty/netty-resolver/4.1.30.Final/netty-resolver-4.1.30.Final.jar:/home/user/.m2/repository/io/netty/netty-transport-native-unix-common/4.1.30.Final/netty-transport-native-unix-common-4.1.30.Final.jar:/home/user/.m2/repository/io/grpc/grpc-protobuf/1.17.1/grpc-protobuf-1.17.1.jar:/home/user/.m2/repository/com/google/api/grpc/proto-google-common-protos/1.0.0/proto-google-common-protos-1.0.0.jar:/home/user/.m2/repository/io/grpc/grpc-protobuf-lite/1.17.1/grpc-protobuf-lite-1.17.1.jar:/home/user/.m2/repository/io/grpc/grpc-stub/1.17.1/grpc-stub-1.17.1.jar:/home/user/.m2/repository/org/apache/hadoop/hadoop-ozone-recon/0.5.0-SNAPSHOT/hadoop-ozone-recon-0.5.0-SNAPSHOT.jar:/home/user/.m2/repository/org/apache/hadoop/hadoop-ozone-reconcodegen/0.5.0-SNAPSHOT/hadoop-ozone-reconcodegen-0.5.0-SNAPSHOT.jar:/home/user/.m2/repository/com/google/inject/extensions/guice-multibindings/4.0/guice-multibindings-4.0.jar:/home/user/.m2/repository/com/google/inject/guice/4.0/guice-4.0.jar:/home/user/.m2/repository/aopalliance/aopalliance/1.0/aopalliance-1.0.jar:/home/user/.m2/repository/com/google/inject/extensions/guice-servlet/4.0/guice-servlet-4.0.jar:/home/user/.m2/repository/org/glassfish/jersey/containers/jersey-container-servlet/2.27/jersey-container-servlet-2.27.jar:/home/user/.m2/repository/org/glassfish/hk2/guice-bridge/2.5.0/guice-bridge-2.5.0.jar:/home/user/.m2/repository/org/glassfish/jersey/core/jersey-server/2.27/jersey-server-2.27.jar:/home/user/.m2/repository/org/glassfish/jersey/core/jersey-client/2.27/jersey-client-2.27.jar:/home/user/.m2/repository/org/glassfish/jersey/media/jersey-media-jaxb/2.27/jersey-media-jaxb-2.27.jar:/home/user/.m2/repository/javax/validation/validation-api/1.1.0.Final/validation-api-1.1.0.Final.jar:/home/user/.m2/repository/org/glassfish/jersey/media/jersey-media-json-jackson/2.27/jersey-media-json-jackson-2.27.jar:/home/user/.m2/repository/org/glassfish/jersey/ext/jersey-entity-filtering/2.27/jersey-entity-filtering-2.27.jar:/home/user/.m2/repository/com/google/inject/extensions/guice-assistedinject/4.0/guice-assistedinject-4.0.jar:/home/user/.m2/repository/org/jooq/jooq/3.11.10/jooq-3.11.10.jar:/home/user/.m2/repository/org/jooq/jooq-meta/3.11.10/jooq-meta-3.11.10.jar:/home/user/.m2/repository/org/jooq/jooq-codegen/3.11.10/jooq-codegen-3.11.10.jar:/home/user/.m2/repository/com/jolbox/bonecp/0.8.0.RELEASE/bonecp-0.8.0.RELEASE.jar:/home/user/.m2/repository/org/xerial/sqlite-jdbc/3.25.2/sqlite-jdbc-3.25.2.jar:/home/user/.m2/repository/org/springframework/spring-jdbc/5.1.3.RELEASE/spring-jdbc-5.1.3.RELEASE.jar:/home/user/.m2/repository/org/springframework/spring-beans/5.1.3.RELEASE/spring-beans-5.1.3.RELEASE.jar:/home/user/.m2/repository/org/springframework/spring-core/5.1.3.RELEASE/spring-core-5.1.3.RELEASE.jar:/home/user/.m2/repository/org/springframework/spring-jcl/5.1.3.RELEASE/spring-jcl-5.1.3.RELEASE.jar:/home/user/.m2/repository/org/springframework/spring-tx/5.1.3.RELEASE/spring-tx-5.1.3.RELEASE.jar:/home/user/.m2/repository/org/apache/hadoop/hadoop-ozone-client/0.5.0-SNAPSHOT/hadoop-ozone-client-0.5.0-SNAPSHOT.jar:/home/user/.m2/repository/commons-lang/commons-lang/2.6/commons-lang-2.6.jar:/home/user/.m2/repository/org/apache/hadoop/hadoop-ozone-ozone-manager/0.5.0-SNAPSHOT/hadoop-ozone-ozone-manager-0.5.0-SNAPSHOT-tests.jar:/home/user/.m2/repository/junit/junit/4.11/junit-4.11.jar:/home/user/.m2/repository/org/hamcrest/hamcrest-core/1.3/hamcrest-core-1.3.jar:/home/user/.m2/repository/org/openjdk/jmh/jmh-core/1.19/jmh-core-1.19.jar:/home/user/.m2/repository/net/sf/jopt-simple/jopt-simple/4.6/jopt-simple-4.6.jar:/home/user/.m2/repository/org/apache/commons/commons-math3/3.1.1/commons-math3-3.1.1.jar:/home/user/.m2/repository/org/openjdk/jmh/jmh-generator-annprocess/1.19/jmh-generator-annprocess-1.19.jar:/home/user/.m2/repository/org/mockito/mockito-all/1.8.5/mockito-all-1.8.5.jar:/home/user/.m2/repository/org/apache/hadoop/hadoop-kms/3.2.0/hadoop-kms-3.2.0.jar:/home/user/.m2/repository/org/apache/hadoop/hadoop-auth/3.2.0/hadoop-auth-3.2.0.jar:/home/user/.m2/repository/com/nimbusds/nimbus-jose-jwt/4.41.1/nimbus-jose-jwt-4.41.1.jar:/home/user/.m2/repository/com/github/stephenc/jcip/jcip-annotations/1.0-1/jcip-annotations-1.0-1.jar:/home/user/.m2/repository/net/minidev/json-smart/2.3/json-smart-2.3.jar:/home/user/.m2/repository/net/minidev/accessors-smart/1.2/accessors-smart-1.2.jar:/home/user/.m2/repository/org/ow2/asm/asm/5.0.4/asm-5.0.4.jar:/home/user/.m2/repository/org/apache/curator/curator-framework/2.12.0/curator-framework-2.12.0.jar:/home/user/.m2/repository/com/sun/jersey/jersey-core/1.19/jersey-core-1.19.jar:/home/user/.m2/repository/javax/ws/rs/jsr311-api/1.1.1/jsr311-api-1.1.1.jar:/home/user/.m2/repository/com/sun/jersey/jersey-server/1.19/jersey-server-1.19.jar:/home/user/.m2/repository/javax/servlet/javax.servlet-api/3.1.0/javax.servlet-api-3.1.0.jar:/home/user/.m2/repository/org/eclipse/jetty/jetty-server/9.3.25.v20180904/jetty-server-9.3.25.v20180904.jar:/home/user/.m2/repository/org/eclipse/jetty/jetty-http/9.3.25.v20180904/jetty-http-9.3.25.v20180904.jar:/home/user/.m2/repository/org/eclipse/jetty/jetty-io/9.3.25.v20180904/jetty-io-9.3.25.v20180904.jar:/home/user/.m2/repository/org/eclipse/jetty/jetty-webapp/9.3.25.v20180904/jetty-webapp-9.3.25.v20180904.jar:/home/user/.m2/repository/org/eclipse/jetty/jetty-xml/9.3.25.v20180904/jetty-xml-9.3.25.v20180904.jar:/home/user/.m2/repository/log4j/log4j/1.2.17/log4j-1.2.17.jar:/home/user/.m2/repository/org/slf4j/slf4j-api/1.7.25/slf4j-api-1.7.25.jar:/home/user/.m2/repository/org/slf4j/jul-to-slf4j/1.7.25/jul-to-slf4j-1.7.25.jar:/home/user/.m2/repository/org/eclipse/jetty/jetty-util/9.3.25.v20180904/jetty-util-9.3.25.v20180904.jar:/home/user/.m2/repository/com/fasterxml/jackson/core/jackson-databind/2.9.9/jackson-databind-2.9.9.jar:/home/user/.m2/repository/org/apache/hadoop/hadoop-kms/3.2.0/hadoop-kms-3.2.0-tests.jar:/home/user/.m2/repository/org/apache/hadoop/hadoop-hdds-server-scm/0.5.0-SNAPSHOT/hadoop-hdds-server-scm-0.5.0-SNAPSHOT-tests.jar:/home/user/.m2/repository/org/apache/hadoop/hadoop-hdds-container-service/0.5.0-SNAPSHOT/hadoop-hdds-container-service-0.5.0-SNAPSHOT-tests.jar:/home/user/.m2/repository/org/yaml/snakeyaml/1.16/snakeyaml-1.16.jar:/home/user/.m2/repository/org/apache/hadoop/hadoop-common/3.2.0/hadoop-common-3.2.0-tests.jar:/home/user/.m2/repository/org/apache/hadoop/hadoop-annotations/3.2.0/hadoop-annotations-3.2.0.jar:/usr/lib/jvm/java-1.8-openjdk/jre/../lib/tools.jar:/home/user/.m2/repository/commons-cli/commons-cli/1.2/commons-cli-1.2.jar:/home/user/.m2/repository/org/apache/httpcomponents/httpclient/4.5.2/httpclient-4.5.2.jar:/home/user/.m2/repository/org/apache/httpcomponents/httpcore/4.4.4/httpcore-4.4.4.jar:/home/user/.m2/repository/commons-codec/commons-codec/1.11/commons-codec-1.11.jar:/home/user/.m2/repository/commons-net/commons-net/3.6/commons-net-3.6.jar:/home/user/.m2/repository/commons-collections/commons-collections/3.2.2/commons-collections-3.2.2.jar:/home/user/.m2/repository/org/eclipse/jetty/jetty-servlet/9.3.25.v20180904/jetty-servlet-9.3.25.v20180904.jar:/home/user/.m2/repository/org/eclipse/jetty/jetty-security/9.3.25.v20180904/jetty-security-9.3.25.v20180904.jar:/home/user/.m2/repository/javax/servlet/jsp/jsp-api/2.1/jsp-api-2.1.jar:/home/user/.m2/repository/com/sun/jersey/jersey-servlet/1.19/jersey-servlet-1.19.jar:/home/user/.m2/repository/com/sun/jersey/jersey-json/1.19/jersey-json-1.19.jar:/home/user/.m2/repository/org/codehaus/jettison/jettison/1.1/jettison-1.1.jar:/home/user/.m2/repository/org/codehaus/jackson/jackson-core-asl/1.9.13/jackson-core-asl-1.9.13.jar:/home/user/.m2/repository/org/codehaus/jackson/jackson-mapper-asl/1.9.13/jackson-mapper-asl-1.9.13.jar:/home/user/.m2/repository/org/codehaus/jackson/jackson-jaxrs/1.9.13/jackson-jaxrs-1.9.13.jar:/home/user/.m2/repository/org/codehaus/jackson/jackson-xc/1.9.13/jackson-xc-1.9.13.jar:/home/user/.m2/repository/commons-logging/commons-logging/1.1.3/commons-logging-1.1.3.jar:/home/user/.m2/repository/commons-beanutils/commons-beanutils/1.9.4/commons-beanutils-1.9.4.jar:/home/user/.m2/repository/org/apache/commons/commons-configuration2/2.1.1/commons-configuration2-2.1.1.jar:/home/user/.m2/repository/org/apache/commons/commons-lang3/3.7/commons-lang3-3.7.jar:/home/user/.m2/repository/org/apache/commons/commons-text/1.4/commons-text-1.4.jar:/home/user/.m2/repository/org/apache/avro/avro/1.7.7/avro-1.7.7.jar:/home/user/.m2/repository/com/thoughtworks/paranamer/paranamer/2.3/paranamer-2.3.jar:/home/user/.m2/repository/org/xerial/snappy/snappy-java/1.0.5/snappy-java-1.0.5.jar:/home/user/.m2/repository/com/google/re2j/re2j/1.1/re2j-1.1.jar:/home/user/.m2/repository/com/google/code/gson/gson/2.2.4/gson-2.2.4.jar:/home/user/.m2/repository/com/jcraft/jsch/0.1.54/jsch-0.1.54.jar:/home/user/.m2/repository/org/apache/curator/curator-client/2.12.0/curator-client-2.12.0.jar:/home/user/.m2/repository/org/apache/curator/curator-recipes/2.12.0/curator-recipes-2.12.0.jar:/home/user/.m2/repository/com/google/code/findbugs/jsr305/3.0.0/jsr305-3.0.0.jar:/home/user/.m2/repository/org/apache/htrace/htrace-core4/4.1.0-incubating/htrace-core4-4.1.0-incubating.jar:/home/user/.m2/repository/org/apache/zookeeper/zookeeper/3.4.13/zookeeper-3.4.13.jar:/home/user/.m2/repository/jline/jline/0.9.94/jline-0.9.94.jar:/home/user/.m2/repository/org/apache/yetus/audience-annotations/0.5.0/audience-annotations-0.5.0.jar:/home/user/.m2/repository/org/codehaus/woodstox/stax2-api/3.1.4/stax2-api-3.1.4.jar:/home/user/.m2/repository/com/fasterxml/woodstox/woodstox-core/5.0.3/woodstox-core-5.0.3.jar:/home/user/.m2/repository/dnsjava/dnsjava/2.1.7/dnsjava-2.1.7.jar:/home/user/.m2/repository/org/apache/hadoop/hadoop-hdfs/3.2.0/hadoop-hdfs-3.2.0-tests.jar:/home/user/.m2/repository/org/eclipse/jetty/jetty-util-ajax/9.3.25.v20180904/jetty-util-ajax-9.3.25.v20180904.jar:/home/user/.m2/repository/commons-daemon/commons-daemon/1.0.13/commons-daemon-1.0.13.jar:/home/user/.m2/repository/io/netty/netty/3.10.5.Final/netty-3.10.5.Final.jar:/home/user/.m2/repository/io/netty/netty-all/4.0.52.Final/netty-all-4.0.52.Final.jar:/home/user/.m2/repository/org/fusesource/leveldbjni/leveldbjni-all/1.8/leveldbjni-all-1.8.jar:"/>
    <property name="sun.cpu.endian" value="little"/>
    <property name="user.home" value="/home/user"/>
    <property name="user.language" value="en"/>
    <property name="java.specification.vendor" value="Oracle Corporation"/>
    <property name="java.home" value="/usr/lib/jvm/java-1.8-openjdk/jre"/>
    <property name="java.security.krb5.conf" value="/workdir/hadoop-ozone/integration-test/target/test-classes/krb5.conf"/>
    <property name="basedir" value="/workdir/hadoop-ozone/integration-test"/>
    <property name="file.separator" value="/"/>
    <property name="line.separator" value="&#10;"/>
    <property name="java.vm.specification.vendor" value="Oracle Corporation"/>
    <property name="java.specification.name" value="Java Platform API Specification"/>
    <property name="java.awt.graphicsenv" value="sun.awt.X11GraphicsEnvironment"/>
    <property name="surefire.real.class.path" value="/workdir/hadoop-ozone/integration-test/target/surefire/surefirebooter217572997935483488.jar"/>
    <property name="hadoop.log.dir" value="/workdir/hadoop-ozone/integration-test/target/log"/>
    <property name="sun.boot.class.path" value="/usr/lib/jvm/java-1.8-openjdk/jre/lib/resources.jar:/usr/lib/jvm/java-1.8-openjdk/jre/lib/rt.jar:/usr/lib/jvm/java-1.8-openjdk/jre/lib/sunrsasign.jar:/usr/lib/jvm/java-1.8-openjdk/jre/lib/jsse.jar:/usr/lib/jvm/java-1.8-openjdk/jre/lib/jce.jar:/usr/lib/jvm/java-1.8-openjdk/jre/lib/charsets.jar:/usr/lib/jvm/java-1.8-openjdk/jre/lib/jfr.jar:/usr/lib/jvm/java-1.8-openjdk/jre/classes"/>
    <property name="sun.management.compiler" value="HotSpot 64-Bit Tiered Compilers"/>
    <property name="java.runtime.version" value="1.8.0_212-b04"/>
    <property name="java.net.preferIPv4Stack" value="true"/>
    <property name="user.name" value="jenkins1000"/>
    <property name="path.separator" value=":"/>
    <property name="java.security.egd" value="file:///dev/urandom"/>
    <property name="os.version" value="3.10.0-957.12.2.el7.x86_64"/>
    <property name="java.endorsed.dirs" value="/usr/lib/jvm/java-1.8-openjdk/jre/lib/endorsed"/>
    <property name="java.runtime.name" value="OpenJDK Runtime Environment"/>
    <property name="file.encoding" value="UTF-8"/>
    <property name="java.vm.name" value="OpenJDK 64-Bit Server VM"/>
    <property name="test.build.webapps" value=""/>
    <property name="localRepository" value="/home/user/.m2/repository"/>
    <property name="java.vendor.url.bug" value="https://icedtea.classpath.org/bugzilla"/>
    <property name="java.io.tmpdir" value="/tmp"/>
    <property name="require.test.libhadoop" value=""/>
    <property name="java.version" value="1.8.0_212"/>
    <property name="user.dir" value="/workdir/hadoop-ozone/integration-test"/>
    <property name="os.arch" value="amd64"/>
    <property name="java.vm.specification.name" value="Java Virtual Machine Specification"/>
    <property name="test.build.classes" value="/workdir/hadoop-ozone/integration-test/target/test-classes"/>
    <property name="java.awt.printerjob" value="sun.print.PSPrinterJob"/>
    <property name="sun.os.patch.level" value="unknown"/>
    <property name="hadoop.tmp.dir" value="/workdir/hadoop-ozone/integration-test/target/tmp"/>
    <property name="java.library.path" value="/usr/lib/jvm/java-1.8-openjdk/jre/lib/amd64/server:/usr/lib/jvm/java-1.8-openjdk/jre/lib/amd64:/usr/lib/jvm/java-1.8-openjdk/jre/../lib/amd64:/workdir/hadoop-ozone/integration-test/target/native/target/usr/local/lib:/workdir/hadoop-ozone/integration-test/../../hadoop-common-project/hadoop-common/target/native/target/usr/local/lib:/usr/java/packages/lib/amd64:/usr/lib64:/lib64:/lib:/usr/lib"/>
    <property name="java.vm.info" value="mixed mode"/>
    <property name="java.vendor" value="IcedTea"/>
    <property name="java.vm.version" value="25.212-b04"/>
    <property name="java.ext.dirs" value="/usr/lib/jvm/java-1.8-openjdk/jre/lib/ext:/usr/java/packages/lib/ext"/>
    <property name="sun.io.unicode.encoding" value="UnicodeLittle"/>
    <property name="java.class.version" value="52.0"/>
  </properties>
  <testcase name="test2DatanodesFailure" classname="org.apache.hadoop.ozone.client.rpc.TestBlockOutputStreamWithFailures" time="48.605"/>
  <testcase name="testDatanodeFailureWithPreAllocation" classname="org.apache.hadoop.ozone.client.rpc.TestBlockOutputStreamWithFailures" time="221.906"/>
  <testcase name="testDatanodeFailureWithSingleNodeRatis" classname="org.apache.hadoop.ozone.client.rpc.TestBlockOutputStreamWithFailures" time="223.067"/>
  <testcase name="testWatchForCommitWithSingleNodeRatis" classname="org.apache.hadoop.ozone.client.rpc.TestBlockOutputStreamWithFailures" time="34.775"/>
  <testcase name="testWatchForCommitDatanodeFailure" classname="org.apache.hadoop.ozone.client.rpc.TestBlockOutputStreamWithFailures" time="33.326"/>
  <testcase name="testFailureWithPrimeSizedData" classname="org.apache.hadoop.ozone.client.rpc.TestBlockOutputStreamWithFailures" time="35.943"/>
  <testcase name="testWatchForCommitWithCloseContainerException" classname="org.apache.hadoop.ozone.client.rpc.TestBlockOutputStreamWithFailures" time="40.165">
    <failure message="expected:&lt;77&gt; but was:&lt;78&gt;" type="java.lang.AssertionError"><![CDATA[java.lang.AssertionError: expected:<77> but was:<78>
	at org.junit.Assert.fail(Assert.java:88)
	at org.junit.Assert.failNotEquals(Assert.java:743)
	at org.junit.Assert.assertEquals(Assert.java:118)
	at org.junit.Assert.assertEquals(Assert.java:555)
	at org.junit.Assert.assertEquals(Assert.java:542)
	at org.apache.hadoop.ozone.client.rpc.TestBlockOutputStreamWithFailures.testWatchForCommitWithCloseContainerException(TestBlockOutputStreamWithFailures.java:196)
	at sun.reflect.NativeMethodAccessorImpl.invoke0(Native Method)
	at sun.reflect.NativeMethodAccessorImpl.invoke(NativeMethodAccessorImpl.java:62)
	at sun.reflect.DelegatingMethodAccessorImpl.invoke(DelegatingMethodAccessorImpl.java:43)
	at java.lang.reflect.Method.invoke(Method.java:498)
	at org.junit.runners.model.FrameworkMethod$1.runReflectiveCall(FrameworkMethod.java:47)
	at org.junit.internal.runners.model.ReflectiveCallable.run(ReflectiveCallable.java:12)
	at org.junit.runners.model.FrameworkMethod.invokeExplosively(FrameworkMethod.java:44)
	at org.junit.internal.runners.statements.InvokeMethod.evaluate(InvokeMethod.java:17)
	at org.junit.internal.runners.statements.RunBefores.evaluate(RunBefores.java:26)
	at org.junit.internal.runners.statements.RunAfters.evaluate(RunAfters.java:27)
	at org.junit.runners.ParentRunner.runLeaf(ParentRunner.java:271)
	at org.junit.runners.BlockJUnit4ClassRunner.runChild(BlockJUnit4ClassRunner.java:70)
	at org.junit.runners.BlockJUnit4ClassRunner.runChild(BlockJUnit4ClassRunner.java:50)
	at org.junit.runners.ParentRunner$3.run(ParentRunner.java:238)
	at org.junit.runners.ParentRunner$1.schedule(ParentRunner.java:63)
	at org.junit.runners.ParentRunner.runChildren(ParentRunner.java:236)
	at org.junit.runners.ParentRunner.access$000(ParentRunner.java:53)
	at org.junit.runners.ParentRunner$2.evaluate(ParentRunner.java:229)
	at org.junit.runners.ParentRunner.run(ParentRunner.java:309)
	at org.apache.maven.surefire.junit4.JUnit4Provider.execute(JUnit4Provider.java:365)
	at org.apache.maven.surefire.junit4.JUnit4Provider.executeWithRerun(JUnit4Provider.java:273)
	at org.apache.maven.surefire.junit4.JUnit4Provider.executeTestSet(JUnit4Provider.java:238)
	at org.apache.maven.surefire.junit4.JUnit4Provider.invoke(JUnit4Provider.java:159)
	at org.apache.maven.surefire.booter.ForkedBooter.invokeProviderInSameClassLoader(ForkedBooter.java:384)
	at org.apache.maven.surefire.booter.ForkedBooter.runSuitesInProcess(ForkedBooter.java:345)
	at org.apache.maven.surefire.booter.ForkedBooter.execute(ForkedBooter.java:126)
	at org.apache.maven.surefire.booter.ForkedBooter.main(ForkedBooter.java:418)
]]></failure>
    <system-out><![CDATA[2019-09-27 06:05:27,435 [main] WARN  server.ServerUtils (ServerUtils.java:getScmDbDir(145)) - ozone.scm.db.dirs is not configured. We recommend adding this setting. Falling back to ozone.metadata.dirs instead.
2019-09-27 06:05:27,449 [main] WARN  server.ServerUtils (ServerUtils.java:getScmDbDir(145)) - ozone.scm.db.dirs is not configured. We recommend adding this setting. Falling back to ozone.metadata.dirs instead.
2019-09-27 06:05:27,450 [main] WARN  server.ServerUtils (ServerUtils.java:getScmDbDir(145)) - ozone.scm.db.dirs is not configured. We recommend adding this setting. Falling back to ozone.metadata.dirs instead.
2019-09-27 06:05:27,450 [main] INFO  db.DBStoreBuilder (DBStoreBuilder.java:addTable(110)) - using custom profile for table: deletedBlocks
2019-09-27 06:05:27,450 [main] INFO  db.DBStoreBuilder (DBStoreBuilder.java:processTables(161)) - Using default column profile:DBProfile.DISK for Table:deletedBlocks
2019-09-27 06:05:27,451 [main] INFO  db.DBStoreBuilder (DBStoreBuilder.java:addTable(110)) - using custom profile for table: validCerts
2019-09-27 06:05:27,451 [main] INFO  db.DBStoreBuilder (DBStoreBuilder.java:processTables(161)) - Using default column profile:DBProfile.DISK for Table:validCerts
2019-09-27 06:05:27,451 [main] INFO  db.DBStoreBuilder (DBStoreBuilder.java:addTable(110)) - using custom profile for table: revokedCerts
2019-09-27 06:05:27,451 [main] INFO  db.DBStoreBuilder (DBStoreBuilder.java:processTables(161)) - Using default column profile:DBProfile.DISK for Table:revokedCerts
2019-09-27 06:05:27,451 [main] INFO  db.DBStoreBuilder (DBStoreBuilder.java:addTable(110)) - using custom profile for table: default
2019-09-27 06:05:27,452 [main] INFO  db.DBStoreBuilder (DBStoreBuilder.java:processTables(167)) - Using default column profile:DBProfile.DISK for Table:default
2019-09-27 06:05:27,452 [main] INFO  db.DBStoreBuilder (DBStoreBuilder.java:getDbProfile(198)) - Using default options. DBProfile.DISK
2019-09-27 06:05:27,600 [main] INFO  net.NodeSchemaLoader (NodeSchemaLoader.java:loadSchemaFromFile(125)) - Loading file from sun.misc.CompoundEnumeration@1152900
2019-09-27 06:05:27,600 [main] INFO  net.NodeSchemaLoader (NodeSchemaLoader.java:loadSchema(171)) - Loading network topology layer schema file
2019-09-27 06:05:27,606 [main] INFO  node.SCMNodeManager (SCMNodeManager.java:<init>(114)) - Entering startup safe mode.
2019-09-27 06:05:27,606 [main] INFO  algorithms.ContainerPlacementPolicyFactory (ContainerPlacementPolicyFactory.java:getPolicy(57)) - Create container placement policy of type org.apache.hadoop.hdds.scm.container.placement.algorithms.SCMContainerPlacementRandom
2019-09-27 06:05:27,607 [main] WARN  server.ServerUtils (ServerUtils.java:getScmDbDir(145)) - ozone.scm.db.dirs is not configured. We recommend adding this setting. Falling back to ozone.metadata.dirs instead.
2019-09-27 06:05:27,653 [main] INFO  pipeline.SCMPipelineManager (SCMPipelineManager.java:initializePipelineState(132)) - No pipeline exists in current db
2019-09-27 06:05:27,654 [main] WARN  server.ServerUtils (ServerUtils.java:getScmDbDir(145)) - ozone.scm.db.dirs is not configured. We recommend adding this setting. Falling back to ozone.metadata.dirs instead.
2019-09-27 06:05:27,710 [main] WARN  events.EventQueue (EventQueue.java:fireEvent(183)) - No event handler registered for event TypedEvent{payloadType=SafeModeStatus, name='SafeModeStatus'}
2019-09-27 06:05:27,711 [main] INFO  ipc.CallQueueManager (CallQueueManager.java:<init>(84)) - Using callQueue: class java.util.concurrent.LinkedBlockingQueue, queueCapacity: 2000, scheduler: class org.apache.hadoop.ipc.DefaultRpcScheduler, ipcBackoff: false.
2019-09-27 06:05:27,712 [Socket Reader #1 for port 44694] INFO  ipc.Server (Server.java:run(1074)) - Starting Socket Reader #1 for port 44694
2019-09-27 06:05:27,714 [main] INFO  ipc.CallQueueManager (CallQueueManager.java:<init>(84)) - Using callQueue: class java.util.concurrent.LinkedBlockingQueue, queueCapacity: 2000, scheduler: class org.apache.hadoop.ipc.DefaultRpcScheduler, ipcBackoff: false.
2019-09-27 06:05:27,715 [Socket Reader #1 for port 35865] INFO  ipc.Server (Server.java:run(1074)) - Starting Socket Reader #1 for port 35865
2019-09-27 06:05:27,717 [main] INFO  ipc.CallQueueManager (CallQueueManager.java:<init>(84)) - Using callQueue: class java.util.concurrent.LinkedBlockingQueue, queueCapacity: 2000, scheduler: class org.apache.hadoop.ipc.DefaultRpcScheduler, ipcBackoff: false.
2019-09-27 06:05:27,718 [Socket Reader #1 for port 44276] INFO  ipc.Server (Server.java:run(1074)) - Starting Socket Reader #1 for port 44276
2019-09-27 06:05:27,721 [main] INFO  hdfs.DFSUtil (DFSUtil.java:httpServerTemplateForNNAndJN(1641)) - Starting Web-server for scm at: http://0.0.0.0:0
2019-09-27 06:05:27,724 [main] INFO  server.AuthenticationFilter (AuthenticationFilter.java:constructSecretProvider(240)) - Unable to initialize FileSignerSecretProvider, falling back to use random secrets.
2019-09-27 06:05:27,725 [main] WARN  http.HttpRequestLog (HttpRequestLog.java:getRequestLog(97)) - Jetty request log can only be enabled using Log4j
2019-09-27 06:05:27,727 [main] INFO  http.HttpServer2 (HttpServer2.java:addGlobalFilter(975)) - Added global filter 'safety' (class=org.apache.hadoop.http.HttpServer2$QuotingInputFilter)
2019-09-27 06:05:27,728 [main] INFO  http.HttpServer2 (HttpServer2.java:addFilter(948)) - Added filter static_user_filter (class=org.apache.hadoop.http.lib.StaticUserWebFilter$StaticUserFilter) to context scm
2019-09-27 06:05:27,729 [main] INFO  http.HttpServer2 (HttpServer2.java:addFilter(958)) - Added filter static_user_filter (class=org.apache.hadoop.http.lib.StaticUserWebFilter$StaticUserFilter) to context static
2019-09-27 06:05:27,729 [main] INFO  http.HttpServer2 (HttpServer2.java:addFilter(958)) - Added filter static_user_filter (class=org.apache.hadoop.http.lib.StaticUserWebFilter$StaticUserFilter) to context logs
2019-09-27 06:05:27,731 [main] INFO  server.StorageContainerManager (StorageContainerManager.java:start(770)) - StorageContainerLocationProtocol RPC server is listening at /0.0.0.0:44276
2019-09-27 06:05:27,735 [main] WARN  impl.MetricsConfig (MetricsConfig.java:loadFirst(134)) - Cannot locate configuration: tried hadoop-metrics2-storagecontainermanager.properties,hadoop-metrics2.properties
2019-09-27 06:05:27,737 [main] INFO  impl.MetricsSystemImpl (MetricsSystemImpl.java:startTimer(374)) - Scheduled Metric snapshot period at 10 second(s).
2019-09-27 06:05:27,737 [main] INFO  impl.MetricsSystemImpl (MetricsSystemImpl.java:start(191)) - StorageContainerManager metrics system started
2019-09-27 06:05:27,753 [main] INFO  lib.Interns (Interns.java:removeEldestEntry(50)) - Metrics intern cache overflow at 2011 for MetricsSystem={MetricsSystem=MetricsInfoImpl{name=MetricsSystem, description=MetricsSystem}, MetricsSystem record=MetricsInfoImpl{name=MetricsSystem, description=MetricsSystem record}}
2019-09-27 06:05:27,925 [main] WARN  impl.MetricsSystemImpl (MetricsSystemImpl.java:register(276)) - Sink prometheus already exists!
2019-09-27 06:05:27,981 [main] INFO  server.SCMClientProtocolServer (SCMClientProtocolServer.java:start(150)) - RPC server for Client  is listening at /0.0.0.0:44276
2019-09-27 06:05:27,981 [IPC Server Responder] INFO  ipc.Server (Server.java:run(1314)) - IPC Server Responder: starting
2019-09-27 06:05:27,981 [IPC Server listener on 44276] INFO  ipc.Server (Server.java:run(1153)) - IPC Server listener on 44276: starting
2019-09-27 06:05:27,987 [main] INFO  server.StorageContainerManager (StorageContainerManager.java:start(780)) - ScmBlockLocationProtocol RPC server is listening at /0.0.0.0:35865
2019-09-27 06:05:27,987 [main] INFO  server.SCMBlockProtocolServer (SCMBlockProtocolServer.java:start(146)) - RPC server for Block Protocol is listening at /0.0.0.0:35865
2019-09-27 06:05:27,988 [IPC Server Responder] INFO  ipc.Server (Server.java:run(1314)) - IPC Server Responder: starting
2019-09-27 06:05:27,988 [IPC Server listener on 35865] INFO  ipc.Server (Server.java:run(1153)) - IPC Server listener on 35865: starting
2019-09-27 06:05:27,993 [main] INFO  server.StorageContainerManager (StorageContainerManager.java:start(784)) - ScmDatanodeProtocl RPC server is listening at /0.0.0.0:44694
2019-09-27 06:05:27,993 [main] INFO  server.SCMDatanodeProtocolServer (SCMDatanodeProtocolServer.java:start(191)) - RPC server for DataNodes is listening at /0.0.0.0:44694
2019-09-27 06:05:27,994 [IPC Server Responder] INFO  ipc.Server (Server.java:run(1314)) - IPC Server Responder: starting
2019-09-27 06:05:27,994 [IPC Server listener on 44694] INFO  ipc.Server (Server.java:run(1153)) - IPC Server listener on 44694: starting
2019-09-27 06:05:27,999 [main] INFO  http.HttpServer2 (HttpServer2.java:bindListener(1191)) - Jetty bound to port 36349
2019-09-27 06:05:27,999 [main] INFO  server.Server (Server.java:doStart(351)) - jetty-9.3.25.v20180904, build timestamp: 2018-09-04T21:11:46Z, git hash: 3ce520221d0240229c862b122d2b06c12a625732
2019-09-27 06:05:28,001 [main] INFO  handler.ContextHandler (ContextHandler.java:doStart(781)) - Started o.e.j.s.ServletContextHandler@426710f0{/logs,file:///workdir/hadoop-ozone/integration-test/target/log,AVAILABLE}
2019-09-27 06:05:28,001 [main] INFO  handler.ContextHandler (ContextHandler.java:doStart(781)) - Started o.e.j.s.ServletContextHandler@5e37fb82{/static,file:///workdir/hadoop-ozone/integration-test/target/test-classes/webapps/static,AVAILABLE}
2019-09-27 06:05:28,004 [main] INFO  handler.ContextHandler (ContextHandler.java:doStart(781)) - Started o.e.j.w.WebAppContext@b428830{/,file:///workdir/hadoop-ozone/integration-test/target/test-classes/webapps/scm/,AVAILABLE}{/scm}
2019-09-27 06:05:28,005 [main] INFO  server.AbstractConnector (AbstractConnector.java:doStart(278)) - Started ServerConnector@5b7308aa{HTTP/1.1,[http/1.1]}{0.0.0.0:36349}
2019-09-27 06:05:28,006 [main] INFO  server.Server (Server.java:doStart(419)) - Started @598824ms
2019-09-27 06:05:28,006 [main] WARN  impl.MetricsSystemImpl (MetricsSystemImpl.java:register(276)) - Sink prometheus already exists!
2019-09-27 06:05:28,008 [main] INFO  server.BaseHttpServer (BaseHttpServer.java:updateConnectorAddress(215)) - HTTP server of SCM is listening at http://0.0.0.0:36349
2019-09-27 06:05:28,010 [main] WARN  server.ServerUtils (ServerUtils.java:getDBPath(222)) - ozone.om.db.dirs is not configured. We recommend adding this setting. Falling back to ozone.metadata.dirs instead.
2019-09-27 06:05:28,010 [org.apache.hadoop.util.JvmPauseMonitor$Monitor@6164e137] INFO  util.JvmPauseMonitor (JvmPauseMonitor.java:run(188)) - Starting JVM pause monitor
2019-09-27 06:05:28,023 [main] WARN  server.ServerUtils (ServerUtils.java:getDBPath(222)) - ozone.om.db.dirs is not configured. We recommend adding this setting. Falling back to ozone.metadata.dirs instead.
2019-09-27 06:05:28,024 [main] WARN  server.ServerUtils (ServerUtils.java:getDBPath(222)) - ozone.om.db.dirs is not configured. We recommend adding this setting. Falling back to ozone.metadata.dirs instead.
2019-09-27 06:05:28,024 [main] INFO  om.OzoneManager (OzoneManager.java:setOMNodeDetails(652)) - OM Service ID is not set. Setting it to the default ID: omServiceIdDefault
2019-09-27 06:05:28,024 [main] INFO  om.OzoneManager (OzoneManager.java:setOMNodeDetails(658)) - OM Node ID is not set. Setting it to the OmStorage's OmID: 573c0cd7-ba2a-40b8-a828-8c071d8ec128
2019-09-27 06:05:28,024 [main] INFO  om.OzoneManager (OzoneManager.java:loadOMHAConfigs(609)) - Found matching OM address with OMServiceId: null, OMNodeId: null, RPC Address: localhost:0 and Ratis port: 9872
2019-09-27 06:05:28,032 [main] WARN  server.ServerUtils (ServerUtils.java:getDBPath(222)) - ozone.om.db.dirs is not configured. We recommend adding this setting. Falling back to ozone.metadata.dirs instead.
2019-09-27 06:05:28,033 [main] INFO  db.DBStoreBuilder (DBStoreBuilder.java:addTable(110)) - using custom profile for table: userTable
2019-09-27 06:05:28,033 [main] INFO  db.DBStoreBuilder (DBStoreBuilder.java:processTables(161)) - Using default column profile:DBProfile.DISK for Table:userTable
2019-09-27 06:05:28,033 [main] INFO  db.DBStoreBuilder (DBStoreBuilder.java:addTable(110)) - using custom profile for table: volumeTable
2019-09-27 06:05:28,033 [main] INFO  db.DBStoreBuilder (DBStoreBuilder.java:processTables(161)) - Using default column profile:DBProfile.DISK for Table:volumeTable
2019-09-27 06:05:28,034 [main] INFO  db.DBStoreBuilder (DBStoreBuilder.java:addTable(110)) - using custom profile for table: bucketTable
2019-09-27 06:05:28,034 [main] INFO  db.DBStoreBuilder (DBStoreBuilder.java:processTables(161)) - Using default column profile:DBProfile.DISK for Table:bucketTable
2019-09-27 06:05:28,034 [main] INFO  db.DBStoreBuilder (DBStoreBuilder.java:addTable(110)) - using custom profile for table: keyTable
2019-09-27 06:05:28,034 [main] INFO  db.DBStoreBuilder (DBStoreBuilder.java:processTables(161)) - Using default column profile:DBProfile.DISK for Table:keyTable
2019-09-27 06:05:28,034 [main] INFO  db.DBStoreBuilder (DBStoreBuilder.java:addTable(110)) - using custom profile for table: deletedTable
2019-09-27 06:05:28,035 [main] INFO  db.DBStoreBuilder (DBStoreBuilder.java:processTables(161)) - Using default column profile:DBProfile.DISK for Table:deletedTable
2019-09-27 06:05:28,035 [main] INFO  db.DBStoreBuilder (DBStoreBuilder.java:addTable(110)) - using custom profile for table: openKeyTable
2019-09-27 06:05:28,035 [main] INFO  db.DBStoreBuilder (DBStoreBuilder.java:processTables(161)) - Using default column profile:DBProfile.DISK for Table:openKeyTable
2019-09-27 06:05:28,035 [main] INFO  db.DBStoreBuilder (DBStoreBuilder.java:addTable(110)) - using custom profile for table: s3Table
2019-09-27 06:05:28,035 [main] INFO  db.DBStoreBuilder (DBStoreBuilder.java:processTables(161)) - Using default column profile:DBProfile.DISK for Table:s3Table
2019-09-27 06:05:28,036 [main] INFO  db.DBStoreBuilder (DBStoreBuilder.java:addTable(110)) - using custom profile for table: multipartInfoTable
2019-09-27 06:05:28,036 [main] INFO  db.DBStoreBuilder (DBStoreBuilder.java:processTables(161)) - Using default column profile:DBProfile.DISK for Table:multipartInfoTable
2019-09-27 06:05:28,036 [main] INFO  db.DBStoreBuilder (DBStoreBuilder.java:addTable(110)) - using custom profile for table: dTokenTable
2019-09-27 06:05:28,036 [main] INFO  db.DBStoreBuilder (DBStoreBuilder.java:processTables(161)) - Using default column profile:DBProfile.DISK for Table:dTokenTable
2019-09-27 06:05:28,036 [main] INFO  db.DBStoreBuilder (DBStoreBuilder.java:addTable(110)) - using custom profile for table: s3SecretTable
2019-09-27 06:05:28,036 [main] INFO  db.DBStoreBuilder (DBStoreBuilder.java:processTables(161)) - Using default column profile:DBProfile.DISK for Table:s3SecretTable
2019-09-27 06:05:28,037 [main] INFO  db.DBStoreBuilder (DBStoreBuilder.java:addTable(110)) - using custom profile for table: prefixTable
2019-09-27 06:05:28,037 [main] INFO  db.DBStoreBuilder (DBStoreBuilder.java:processTables(161)) - Using default column profile:DBProfile.DISK for Table:prefixTable
2019-09-27 06:05:28,037 [main] INFO  db.DBStoreBuilder (DBStoreBuilder.java:addTable(110)) - using custom profile for table: default
2019-09-27 06:05:28,037 [main] INFO  db.DBStoreBuilder (DBStoreBuilder.java:processTables(167)) - Using default column profile:DBProfile.DISK for Table:default
2019-09-27 06:05:28,037 [main] INFO  db.DBStoreBuilder (DBStoreBuilder.java:getDbProfile(198)) - Using default options. DBProfile.DISK
2019-09-27 06:05:28,485 [main] INFO  ipc.CallQueueManager (CallQueueManager.java:<init>(84)) - Using callQueue: class java.util.concurrent.LinkedBlockingQueue, queueCapacity: 2000, scheduler: class org.apache.hadoop.ipc.DefaultRpcScheduler, ipcBackoff: false.
2019-09-27 06:05:28,486 [Socket Reader #1 for port 44266] INFO  ipc.Server (Server.java:run(1074)) - Starting Socket Reader #1 for port 44266
2019-09-27 06:05:28,498 [main] INFO  om.OzoneManager (OzoneManager.java:start(1243)) - OzoneManager RPC server is listening at localhost/127.0.0.1:44266
2019-09-27 06:05:28,498 [main] INFO  impl.MetricsSystemImpl (MetricsSystemImpl.java:init(158)) - OzoneManager metrics system started (again)
2019-09-27 06:05:28,499 [IPC Server Responder] INFO  ipc.Server (Server.java:run(1314)) - IPC Server Responder: starting
2019-09-27 06:05:28,501 [IPC Server listener on 44266] INFO  ipc.Server (Server.java:run(1153)) - IPC Server listener on 44266: starting
2019-09-27 06:05:28,505 [main] INFO  hdfs.DFSUtil (DFSUtil.java:httpServerTemplateForNNAndJN(1641)) - Starting Web-server for ozoneManager at: http://0.0.0.0:0
2019-09-27 06:05:28,506 [main] INFO  server.AuthenticationFilter (AuthenticationFilter.java:constructSecretProvider(240)) - Unable to initialize FileSignerSecretProvider, falling back to use random secrets.
2019-09-27 06:05:28,507 [main] WARN  http.HttpRequestLog (HttpRequestLog.java:getRequestLog(97)) - Jetty request log can only be enabled using Log4j
2019-09-27 06:05:28,508 [main] INFO  http.HttpServer2 (HttpServer2.java:addGlobalFilter(975)) - Added global filter 'safety' (class=org.apache.hadoop.http.HttpServer2$QuotingInputFilter)
2019-09-27 06:05:28,508 [main] INFO  http.HttpServer2 (HttpServer2.java:addFilter(948)) - Added filter static_user_filter (class=org.apache.hadoop.http.lib.StaticUserWebFilter$StaticUserFilter) to context ozoneManager
2019-09-27 06:05:28,509 [main] INFO  http.HttpServer2 (HttpServer2.java:addFilter(958)) - Added filter static_user_filter (class=org.apache.hadoop.http.lib.StaticUserWebFilter$StaticUserFilter) to context static
2019-09-27 06:05:28,509 [main] INFO  http.HttpServer2 (HttpServer2.java:addFilter(958)) - Added filter static_user_filter (class=org.apache.hadoop.http.lib.StaticUserWebFilter$StaticUserFilter) to context logs
2019-09-27 06:05:28,509 [main] INFO  http.HttpServer2 (HttpServer2.java:bindListener(1191)) - Jetty bound to port 41511
2019-09-27 06:05:28,509 [main] INFO  server.Server (Server.java:doStart(351)) - jetty-9.3.25.v20180904, build timestamp: 2018-09-04T21:11:46Z, git hash: 3ce520221d0240229c862b122d2b06c12a625732
2019-09-27 06:05:28,511 [main] INFO  handler.ContextHandler (ContextHandler.java:doStart(781)) - Started o.e.j.s.ServletContextHandler@36df4c26{/logs,file:///workdir/hadoop-ozone/integration-test/target/log,AVAILABLE}
2019-09-27 06:05:28,511 [main] INFO  handler.ContextHandler (ContextHandler.java:doStart(781)) - Started o.e.j.s.ServletContextHandler@38732372{/static,file:///workdir/hadoop-ozone/integration-test/target/test-classes/webapps/static,AVAILABLE}
2019-09-27 06:05:28,514 [main] INFO  handler.ContextHandler (ContextHandler.java:doStart(781)) - Started o.e.j.w.WebAppContext@5409dfdd{/,file:///workdir/hadoop-ozone/integration-test/target/test-classes/webapps/ozoneManager/,AVAILABLE}{/ozoneManager}
2019-09-27 06:05:28,514 [main] INFO  server.AbstractConnector (AbstractConnector.java:doStart(278)) - Started ServerConnector@45f9d394{HTTP/1.1,[http/1.1]}{0.0.0.0:41511}
2019-09-27 06:05:28,516 [main] INFO  server.Server (Server.java:doStart(419)) - Started @599334ms
2019-09-27 06:05:28,516 [main] WARN  impl.MetricsSystemImpl (MetricsSystemImpl.java:register(276)) - Sink prometheus already exists!
2019-09-27 06:05:28,517 [main] INFO  server.BaseHttpServer (BaseHttpServer.java:updateConnectorAddress(215)) - HTTP server of OZONEMANAGER is listening at http://0.0.0.0:41511
2019-09-27 06:05:28,529 [main] INFO  impl.MetricsSystemImpl (MetricsSystemImpl.java:init(158)) - HddsDatanode metrics system started (again)
2019-09-27 06:05:28,533 [main] INFO  ozone.HddsDatanodeService (HddsDatanodeService.java:start(184)) - HddsDatanodeService host:trunk-nightly-20190927-zr2qb-3451358976 ip:192.168.151.69
2019-09-27 06:05:28,539 [main] INFO  volume.HddsVolume (HddsVolume.java:<init>(176)) - Creating Volume: /workdir/hadoop-ozone/integration-test/target/test-dir/MiniOzoneClusterImpl-4525ab81-30b7-4168-a37a-5e85eef55cd7/datanode-0/data/containers/hdds of  storage type : DISK and capacity : 1482555576320
2019-09-27 06:05:28,539 [main] INFO  volume.VolumeSet (VolumeSet.java:initializeVolumeSet(170)) - Added Volume : /workdir/hadoop-ozone/integration-test/target/test-dir/MiniOzoneClusterImpl-4525ab81-30b7-4168-a37a-5e85eef55cd7/datanode-0/data/containers/hdds to VolumeSet
2019-09-27 06:05:28,540 [main] INFO  volume.ThrottledAsyncChecker (ThrottledAsyncChecker.java:schedule(139)) - Scheduling a check for org.apache.hadoop.ozone.container.common.volume.HddsVolume@507049f2
2019-09-27 06:05:28,540 [main] INFO  volume.HddsVolumeChecker (HddsVolumeChecker.java:checkAllVolumes(202)) - Scheduled health check for volume org.apache.hadoop.ozone.container.common.volume.HddsVolume@507049f2
2019-09-27 06:05:28,551 [main] INFO  impl.RaftServerProxy (ConfUtils.java:logGet(43)) - raft.rpc.type = GRPC (default)
2019-09-27 06:05:28,551 [main] INFO  grpc.GrpcFactory (GrpcFactory.java:checkPooledByteBufAllocatorUseCacheForAllThreads(45)) - PERFORMANCE WARNING: useCacheForAllThreads is true that may cause Netty to create a lot garbage objects and, as a result, trigger GC.
	It is recommended to disable useCacheForAllThreads by setting -Dorg.apache.ratis.thirdparty.io.netty.allocator.useCacheForAllThreads=false in command line.
2019-09-27 06:05:28,552 [main] INFO  grpc.GrpcConfigKeys$Server (ConfUtils.java:logGet(43)) - raft.grpc.server.port = 0 (default)
2019-09-27 06:05:28,552 [main] INFO  server.GrpcService (ConfUtils.java:logGet(43)) - raft.grpc.message.size.max = 33570816 (custom)
2019-09-27 06:05:28,552 [main] INFO  server.RaftServerConfigKeys (ConfUtils.java:logGet(43)) - raft.server.log.appender.buffer.byte-limit = 33554432 (custom)
2019-09-27 06:05:28,552 [main] INFO  server.GrpcService (ConfUtils.java:logGet(43)) - raft.grpc.flow.control.window = 1MB (=1048576) (default)
2019-09-27 06:05:28,552 [main] INFO  server.RaftServerConfigKeys (ConfUtils.java:logGet(43)) - raft.server.rpc.request.timeout = 3000ms (default)
2019-09-27 06:05:28,553 [main] INFO  server.RaftServerConfigKeys (ConfUtils.java:logGet(43)) - raft.server.storage.dir = [/workdir/hadoop-ozone/integration-test/target/test-dir/MiniOzoneClusterImpl-4525ab81-30b7-4168-a37a-5e85eef55cd7/datanode-0/data/ratis] (custom)
2019-09-27 06:05:28,554 [main] INFO  hdfs.DFSUtil (DFSUtil.java:httpServerTemplateForNNAndJN(1641)) - Starting Web-server for hddsDatanode at: http://0.0.0.0:0
2019-09-27 06:05:28,555 [main] INFO  server.AuthenticationFilter (AuthenticationFilter.java:constructSecretProvider(240)) - Unable to initialize FileSignerSecretProvider, falling back to use random secrets.
2019-09-27 06:05:28,555 [main] WARN  http.HttpRequestLog (HttpRequestLog.java:getRequestLog(97)) - Jetty request log can only be enabled using Log4j
2019-09-27 06:05:28,557 [main] INFO  http.HttpServer2 (HttpServer2.java:addGlobalFilter(975)) - Added global filter 'safety' (class=org.apache.hadoop.http.HttpServer2$QuotingInputFilter)
2019-09-27 06:05:28,557 [main] INFO  http.HttpServer2 (HttpServer2.java:addFilter(948)) - Added filter static_user_filter (class=org.apache.hadoop.http.lib.StaticUserWebFilter$StaticUserFilter) to context hddsDatanode
2019-09-27 06:05:28,557 [main] INFO  http.HttpServer2 (HttpServer2.java:addFilter(958)) - Added filter static_user_filter (class=org.apache.hadoop.http.lib.StaticUserWebFilter$StaticUserFilter) to context static
2019-09-27 06:05:28,557 [main] INFO  http.HttpServer2 (HttpServer2.java:addFilter(958)) - Added filter static_user_filter (class=org.apache.hadoop.http.lib.StaticUserWebFilter$StaticUserFilter) to context logs
2019-09-27 06:05:28,558 [main] INFO  http.HttpServer2 (HttpServer2.java:bindListener(1191)) - Jetty bound to port 36247
2019-09-27 06:05:28,558 [main] INFO  server.Server (Server.java:doStart(351)) - jetty-9.3.25.v20180904, build timestamp: 2018-09-04T21:11:46Z, git hash: 3ce520221d0240229c862b122d2b06c12a625732
2019-09-27 06:05:28,559 [main] INFO  handler.ContextHandler (ContextHandler.java:doStart(781)) - Started o.e.j.s.ServletContextHandler@79d63a4f{/logs,file:///workdir/hadoop-ozone/integration-test/target/log,AVAILABLE}
2019-09-27 06:05:28,560 [main] INFO  handler.ContextHandler (ContextHandler.java:doStart(781)) - Started o.e.j.s.ServletContextHandler@749baa0c{/static,jar:file:/home/user/.m2/repository/org/apache/hadoop/hadoop-hdds-container-service/0.5.0-SNAPSHOT/hadoop-hdds-container-service-0.5.0-SNAPSHOT.jar!/webapps/static,AVAILABLE}
2019-09-27 06:05:28,586 [main] INFO  handler.ContextHandler (ContextHandler.java:doStart(781)) - Started o.e.j.w.WebAppContext@3e2d44f3{/,file:///tmp/jetty-0.0.0.0-36247-hddsDatanode-_-any-4416619162121713933.dir/webapp/,AVAILABLE}{/hddsDatanode}
2019-09-27 06:05:28,586 [main] INFO  server.AbstractConnector (AbstractConnector.java:doStart(278)) - Started ServerConnector@23afc725{HTTP/1.1,[http/1.1]}{0.0.0.0:36247}
2019-09-27 06:05:28,588 [main] INFO  server.Server (Server.java:doStart(419)) - Started @599406ms
2019-09-27 06:05:28,589 [main] WARN  impl.MetricsSystemImpl (MetricsSystemImpl.java:register(276)) - Sink prometheus already exists!
2019-09-27 06:05:28,589 [main] INFO  server.BaseHttpServer (BaseHttpServer.java:updateConnectorAddress(215)) - HTTP server of HDDSDATANODE is listening at http://0.0.0.0:36247
2019-09-27 06:05:28,589 [main] INFO  impl.MetricsSystemImpl (MetricsSystemImpl.java:init(158)) - HddsDatanode metrics system started (again)
2019-09-27 06:05:28,594 [org.apache.hadoop.util.JvmPauseMonitor$Monitor@7e7e27c1] INFO  util.JvmPauseMonitor (JvmPauseMonitor.java:run(188)) - Starting JVM pause monitor
2019-09-27 06:05:28,594 [main] INFO  ozone.HddsDatanodeService (HddsDatanodeService.java:start(184)) - HddsDatanodeService host:trunk-nightly-20190927-zr2qb-3451358976 ip:192.168.151.69
2019-09-27 06:05:28,596 [Datanode State Machine Thread - 0] INFO  datanode.InitDatanodeState (InitDatanodeState.java:persistContainerDatanodeDetails(140)) - DatanodeDetails is persisted to /workdir/hadoop-ozone/integration-test/target/test-dir/MiniOzoneClusterImpl-4525ab81-30b7-4168-a37a-5e85eef55cd7/datanode-0/meta/datanode.id
2019-09-27 06:05:28,601 [main] INFO  volume.HddsVolume (HddsVolume.java:<init>(176)) - Creating Volume: /workdir/hadoop-ozone/integration-test/target/test-dir/MiniOzoneClusterImpl-4525ab81-30b7-4168-a37a-5e85eef55cd7/datanode-1/data/containers/hdds of  storage type : DISK and capacity : 1482555576320
2019-09-27 06:05:28,601 [main] INFO  volume.VolumeSet (VolumeSet.java:initializeVolumeSet(170)) - Added Volume : /workdir/hadoop-ozone/integration-test/target/test-dir/MiniOzoneClusterImpl-4525ab81-30b7-4168-a37a-5e85eef55cd7/datanode-1/data/containers/hdds to VolumeSet
2019-09-27 06:05:28,601 [main] INFO  volume.ThrottledAsyncChecker (ThrottledAsyncChecker.java:schedule(139)) - Scheduling a check for org.apache.hadoop.ozone.container.common.volume.HddsVolume@4fd80300
2019-09-27 06:05:28,602 [main] INFO  volume.HddsVolumeChecker (HddsVolumeChecker.java:checkAllVolumes(202)) - Scheduled health check for volume org.apache.hadoop.ozone.container.common.volume.HddsVolume@4fd80300
2019-09-27 06:05:28,614 [main] INFO  impl.RaftServerProxy (ConfUtils.java:logGet(43)) - raft.rpc.type = GRPC (default)
2019-09-27 06:05:28,614 [main] INFO  grpc.GrpcFactory (GrpcFactory.java:checkPooledByteBufAllocatorUseCacheForAllThreads(45)) - PERFORMANCE WARNING: useCacheForAllThreads is true that may cause Netty to create a lot garbage objects and, as a result, trigger GC.
	It is recommended to disable useCacheForAllThreads by setting -Dorg.apache.ratis.thirdparty.io.netty.allocator.useCacheForAllThreads=false in command line.
2019-09-27 06:05:28,614 [main] INFO  grpc.GrpcConfigKeys$Server (ConfUtils.java:logGet(43)) - raft.grpc.server.port = 0 (default)
2019-09-27 06:05:28,614 [main] INFO  server.GrpcService (ConfUtils.java:logGet(43)) - raft.grpc.message.size.max = 33570816 (custom)
2019-09-27 06:05:28,614 [main] INFO  server.RaftServerConfigKeys (ConfUtils.java:logGet(43)) - raft.server.log.appender.buffer.byte-limit = 33554432 (custom)
2019-09-27 06:05:28,615 [main] INFO  server.GrpcService (ConfUtils.java:logGet(43)) - raft.grpc.flow.control.window = 1MB (=1048576) (default)
2019-09-27 06:05:28,615 [main] INFO  server.RaftServerConfigKeys (ConfUtils.java:logGet(43)) - raft.server.rpc.request.timeout = 3000ms (default)
2019-09-27 06:05:28,615 [main] INFO  server.RaftServerConfigKeys (ConfUtils.java:logGet(43)) - raft.server.storage.dir = [/workdir/hadoop-ozone/integration-test/target/test-dir/MiniOzoneClusterImpl-4525ab81-30b7-4168-a37a-5e85eef55cd7/datanode-1/data/ratis] (custom)
2019-09-27 06:05:28,616 [main] INFO  hdfs.DFSUtil (DFSUtil.java:httpServerTemplateForNNAndJN(1641)) - Starting Web-server for hddsDatanode at: http://0.0.0.0:0
2019-09-27 06:05:28,617 [main] INFO  server.AuthenticationFilter (AuthenticationFilter.java:constructSecretProvider(240)) - Unable to initialize FileSignerSecretProvider, falling back to use random secrets.
2019-09-27 06:05:28,617 [main] WARN  http.HttpRequestLog (HttpRequestLog.java:getRequestLog(97)) - Jetty request log can only be enabled using Log4j
2019-09-27 06:05:28,619 [main] INFO  http.HttpServer2 (HttpServer2.java:addGlobalFilter(975)) - Added global filter 'safety' (class=org.apache.hadoop.http.HttpServer2$QuotingInputFilter)
2019-09-27 06:05:28,619 [main] INFO  http.HttpServer2 (HttpServer2.java:addFilter(948)) - Added filter static_user_filter (class=org.apache.hadoop.http.lib.StaticUserWebFilter$StaticUserFilter) to context hddsDatanode
2019-09-27 06:05:28,619 [main] INFO  http.HttpServer2 (HttpServer2.java:addFilter(958)) - Added filter static_user_filter (class=org.apache.hadoop.http.lib.StaticUserWebFilter$StaticUserFilter) to context logs
2019-09-27 06:05:28,619 [main] INFO  http.HttpServer2 (HttpServer2.java:addFilter(958)) - Added filter static_user_filter (class=org.apache.hadoop.http.lib.StaticUserWebFilter$StaticUserFilter) to context static
2019-09-27 06:05:28,620 [main] INFO  http.HttpServer2 (HttpServer2.java:bindListener(1191)) - Jetty bound to port 46211
2019-09-27 06:05:28,620 [main] INFO  server.Server (Server.java:doStart(351)) - jetty-9.3.25.v20180904, build timestamp: 2018-09-04T21:11:46Z, git hash: 3ce520221d0240229c862b122d2b06c12a625732
2019-09-27 06:05:28,621 [main] INFO  handler.ContextHandler (ContextHandler.java:doStart(781)) - Started o.e.j.s.ServletContextHandler@6598caab{/logs,file:///workdir/hadoop-ozone/integration-test/target/log,AVAILABLE}
2019-09-27 06:05:28,622 [main] INFO  handler.ContextHandler (ContextHandler.java:doStart(781)) - Started o.e.j.s.ServletContextHandler@52ca0ad4{/static,jar:file:/home/user/.m2/repository/org/apache/hadoop/hadoop-hdds-container-service/0.5.0-SNAPSHOT/hadoop-hdds-container-service-0.5.0-SNAPSHOT.jar!/webapps/static,AVAILABLE}
2019-09-27 06:05:28,648 [main] INFO  handler.ContextHandler (ContextHandler.java:doStart(781)) - Started o.e.j.w.WebAppContext@4228f269{/,file:///tmp/jetty-0.0.0.0-46211-hddsDatanode-_-any-5670502960968230640.dir/webapp/,AVAILABLE}{/hddsDatanode}
2019-09-27 06:05:28,648 [main] INFO  server.AbstractConnector (AbstractConnector.java:doStart(278)) - Started ServerConnector@376b5cb2{HTTP/1.1,[http/1.1]}{0.0.0.0:46211}
2019-09-27 06:05:28,650 [main] INFO  server.Server (Server.java:doStart(419)) - Started @599468ms
2019-09-27 06:05:28,651 [main] WARN  impl.MetricsSystemImpl (MetricsSystemImpl.java:register(276)) - Sink prometheus already exists!
2019-09-27 06:05:28,651 [main] INFO  server.BaseHttpServer (BaseHttpServer.java:updateConnectorAddress(215)) - HTTP server of HDDSDATANODE is listening at http://0.0.0.0:46211
2019-09-27 06:05:28,652 [main] INFO  impl.MetricsSystemImpl (MetricsSystemImpl.java:init(158)) - HddsDatanode metrics system started (again)
2019-09-27 06:05:28,656 [org.apache.hadoop.util.JvmPauseMonitor$Monitor@68136ce0] INFO  util.JvmPauseMonitor (JvmPauseMonitor.java:run(188)) - Starting JVM pause monitor
2019-09-27 06:05:28,656 [main] INFO  ozone.HddsDatanodeService (HddsDatanodeService.java:start(184)) - HddsDatanodeService host:trunk-nightly-20190927-zr2qb-3451358976 ip:192.168.151.69
2019-09-27 06:05:28,658 [Datanode State Machine Thread - 0] INFO  datanode.InitDatanodeState (InitDatanodeState.java:persistContainerDatanodeDetails(140)) - DatanodeDetails is persisted to /workdir/hadoop-ozone/integration-test/target/test-dir/MiniOzoneClusterImpl-4525ab81-30b7-4168-a37a-5e85eef55cd7/datanode-1/meta/datanode.id
2019-09-27 06:05:28,664 [main] INFO  volume.HddsVolume (HddsVolume.java:<init>(176)) - Creating Volume: /workdir/hadoop-ozone/integration-test/target/test-dir/MiniOzoneClusterImpl-4525ab81-30b7-4168-a37a-5e85eef55cd7/datanode-2/data/containers/hdds of  storage type : DISK and capacity : 1482555576320
2019-09-27 06:05:28,664 [main] INFO  volume.VolumeSet (VolumeSet.java:initializeVolumeSet(170)) - Added Volume : /workdir/hadoop-ozone/integration-test/target/test-dir/MiniOzoneClusterImpl-4525ab81-30b7-4168-a37a-5e85eef55cd7/datanode-2/data/containers/hdds to VolumeSet
2019-09-27 06:05:28,664 [main] INFO  volume.ThrottledAsyncChecker (ThrottledAsyncChecker.java:schedule(139)) - Scheduling a check for org.apache.hadoop.ozone.container.common.volume.HddsVolume@55951fcd
2019-09-27 06:05:28,664 [main] INFO  volume.HddsVolumeChecker (HddsVolumeChecker.java:checkAllVolumes(202)) - Scheduled health check for volume org.apache.hadoop.ozone.container.common.volume.HddsVolume@55951fcd
2019-09-27 06:05:28,675 [main] INFO  impl.RaftServerProxy (ConfUtils.java:logGet(43)) - raft.rpc.type = GRPC (default)
2019-09-27 06:05:28,675 [main] INFO  grpc.GrpcFactory (GrpcFactory.java:checkPooledByteBufAllocatorUseCacheForAllThreads(45)) - PERFORMANCE WARNING: useCacheForAllThreads is true that may cause Netty to create a lot garbage objects and, as a result, trigger GC.
	It is recommended to disable useCacheForAllThreads by setting -Dorg.apache.ratis.thirdparty.io.netty.allocator.useCacheForAllThreads=false in command line.
2019-09-27 06:05:28,675 [main] INFO  grpc.GrpcConfigKeys$Server (ConfUtils.java:logGet(43)) - raft.grpc.server.port = 0 (default)
2019-09-27 06:05:28,676 [main] INFO  server.GrpcService (ConfUtils.java:logGet(43)) - raft.grpc.message.size.max = 33570816 (custom)
2019-09-27 06:05:28,676 [main] INFO  server.RaftServerConfigKeys (ConfUtils.java:logGet(43)) - raft.server.log.appender.buffer.byte-limit = 33554432 (custom)
2019-09-27 06:05:28,676 [main] INFO  server.GrpcService (ConfUtils.java:logGet(43)) - raft.grpc.flow.control.window = 1MB (=1048576) (default)
2019-09-27 06:05:28,676 [main] INFO  server.RaftServerConfigKeys (ConfUtils.java:logGet(43)) - raft.server.rpc.request.timeout = 3000ms (default)
2019-09-27 06:05:28,676 [main] INFO  server.RaftServerConfigKeys (ConfUtils.java:logGet(43)) - raft.server.storage.dir = [/workdir/hadoop-ozone/integration-test/target/test-dir/MiniOzoneClusterImpl-4525ab81-30b7-4168-a37a-5e85eef55cd7/datanode-2/data/ratis] (custom)
2019-09-27 06:05:28,678 [main] INFO  hdfs.DFSUtil (DFSUtil.java:httpServerTemplateForNNAndJN(1641)) - Starting Web-server for hddsDatanode at: http://0.0.0.0:0
2019-09-27 06:05:28,679 [main] INFO  server.AuthenticationFilter (AuthenticationFilter.java:constructSecretProvider(240)) - Unable to initialize FileSignerSecretProvider, falling back to use random secrets.
2019-09-27 06:05:28,679 [main] WARN  http.HttpRequestLog (HttpRequestLog.java:getRequestLog(97)) - Jetty request log can only be enabled using Log4j
2019-09-27 06:05:28,680 [main] INFO  http.HttpServer2 (HttpServer2.java:addGlobalFilter(975)) - Added global filter 'safety' (class=org.apache.hadoop.http.HttpServer2$QuotingInputFilter)
2019-09-27 06:05:28,681 [main] INFO  http.HttpServer2 (HttpServer2.java:addFilter(948)) - Added filter static_user_filter (class=org.apache.hadoop.http.lib.StaticUserWebFilter$StaticUserFilter) to context hddsDatanode
2019-09-27 06:05:28,681 [main] INFO  http.HttpServer2 (HttpServer2.java:addFilter(958)) - Added filter static_user_filter (class=org.apache.hadoop.http.lib.StaticUserWebFilter$StaticUserFilter) to context static
2019-09-27 06:05:28,681 [main] INFO  http.HttpServer2 (HttpServer2.java:addFilter(958)) - Added filter static_user_filter (class=org.apache.hadoop.http.lib.StaticUserWebFilter$StaticUserFilter) to context logs
2019-09-27 06:05:28,681 [main] INFO  http.HttpServer2 (HttpServer2.java:bindListener(1191)) - Jetty bound to port 44935
2019-09-27 06:05:28,681 [main] INFO  server.Server (Server.java:doStart(351)) - jetty-9.3.25.v20180904, build timestamp: 2018-09-04T21:11:46Z, git hash: 3ce520221d0240229c862b122d2b06c12a625732
2019-09-27 06:05:28,683 [main] INFO  handler.ContextHandler (ContextHandler.java:doStart(781)) - Started o.e.j.s.ServletContextHandler@5e0f2c82{/logs,file:///workdir/hadoop-ozone/integration-test/target/log,AVAILABLE}
2019-09-27 06:05:28,683 [main] INFO  handler.ContextHandler (ContextHandler.java:doStart(781)) - Started o.e.j.s.ServletContextHandler@4afd65fd{/static,jar:file:/home/user/.m2/repository/org/apache/hadoop/hadoop-hdds-container-service/0.5.0-SNAPSHOT/hadoop-hdds-container-service-0.5.0-SNAPSHOT.jar!/webapps/static,AVAILABLE}
2019-09-27 06:05:28,706 [main] INFO  handler.ContextHandler (ContextHandler.java:doStart(781)) - Started o.e.j.w.WebAppContext@1d6713dd{/,file:///tmp/jetty-0.0.0.0-44935-hddsDatanode-_-any-2466482968174358058.dir/webapp/,AVAILABLE}{/hddsDatanode}
2019-09-27 06:05:28,707 [main] INFO  server.AbstractConnector (AbstractConnector.java:doStart(278)) - Started ServerConnector@3b39e79b{HTTP/1.1,[http/1.1]}{0.0.0.0:44935}
2019-09-27 06:05:28,709 [main] INFO  server.Server (Server.java:doStart(419)) - Started @599527ms
2019-09-27 06:05:28,709 [main] WARN  impl.MetricsSystemImpl (MetricsSystemImpl.java:register(276)) - Sink prometheus already exists!
2019-09-27 06:05:28,710 [main] INFO  server.BaseHttpServer (BaseHttpServer.java:updateConnectorAddress(215)) - HTTP server of HDDSDATANODE is listening at http://0.0.0.0:44935
2019-09-27 06:05:28,710 [main] INFO  impl.MetricsSystemImpl (MetricsSystemImpl.java:init(158)) - HddsDatanode metrics system started (again)
2019-09-27 06:05:28,714 [org.apache.hadoop.util.JvmPauseMonitor$Monitor@2e860b1a] INFO  util.JvmPauseMonitor (JvmPauseMonitor.java:run(188)) - Starting JVM pause monitor
2019-09-27 06:05:28,715 [main] INFO  ozone.HddsDatanodeService (HddsDatanodeService.java:start(184)) - HddsDatanodeService host:trunk-nightly-20190927-zr2qb-3451358976 ip:192.168.151.69
2019-09-27 06:05:28,715 [Datanode State Machine Thread - 0] INFO  datanode.InitDatanodeState (InitDatanodeState.java:persistContainerDatanodeDetails(140)) - DatanodeDetails is persisted to /workdir/hadoop-ozone/integration-test/target/test-dir/MiniOzoneClusterImpl-4525ab81-30b7-4168-a37a-5e85eef55cd7/datanode-2/meta/datanode.id
2019-09-27 06:05:28,721 [main] INFO  volume.HddsVolume (HddsVolume.java:<init>(176)) - Creating Volume: /workdir/hadoop-ozone/integration-test/target/test-dir/MiniOzoneClusterImpl-4525ab81-30b7-4168-a37a-5e85eef55cd7/datanode-3/data/containers/hdds of  storage type : DISK and capacity : 1482555576320
2019-09-27 06:05:28,722 [main] INFO  volume.VolumeSet (VolumeSet.java:initializeVolumeSet(170)) - Added Volume : /workdir/hadoop-ozone/integration-test/target/test-dir/MiniOzoneClusterImpl-4525ab81-30b7-4168-a37a-5e85eef55cd7/datanode-3/data/containers/hdds to VolumeSet
2019-09-27 06:05:28,722 [main] INFO  volume.ThrottledAsyncChecker (ThrottledAsyncChecker.java:schedule(139)) - Scheduling a check for org.apache.hadoop.ozone.container.common.volume.HddsVolume@60c96eb4
2019-09-27 06:05:28,722 [main] INFO  volume.HddsVolumeChecker (HddsVolumeChecker.java:checkAllVolumes(202)) - Scheduled health check for volume org.apache.hadoop.ozone.container.common.volume.HddsVolume@60c96eb4
2019-09-27 06:05:28,732 [main] INFO  impl.RaftServerProxy (ConfUtils.java:logGet(43)) - raft.rpc.type = GRPC (default)
2019-09-27 06:05:28,732 [main] INFO  grpc.GrpcFactory (GrpcFactory.java:checkPooledByteBufAllocatorUseCacheForAllThreads(45)) - PERFORMANCE WARNING: useCacheForAllThreads is true that may cause Netty to create a lot garbage objects and, as a result, trigger GC.
	It is recommended to disable useCacheForAllThreads by setting -Dorg.apache.ratis.thirdparty.io.netty.allocator.useCacheForAllThreads=false in command line.
2019-09-27 06:05:28,732 [main] INFO  grpc.GrpcConfigKeys$Server (ConfUtils.java:logGet(43)) - raft.grpc.server.port = 0 (default)
2019-09-27 06:05:28,732 [main] INFO  server.GrpcService (ConfUtils.java:logGet(43)) - raft.grpc.message.size.max = 33570816 (custom)
2019-09-27 06:05:28,732 [main] INFO  server.RaftServerConfigKeys (ConfUtils.java:logGet(43)) - raft.server.log.appender.buffer.byte-limit = 33554432 (custom)
2019-09-27 06:05:28,733 [main] INFO  server.GrpcService (ConfUtils.java:logGet(43)) - raft.grpc.flow.control.window = 1MB (=1048576) (default)
2019-09-27 06:05:28,733 [main] INFO  server.RaftServerConfigKeys (ConfUtils.java:logGet(43)) - raft.server.rpc.request.timeout = 3000ms (default)
2019-09-27 06:05:28,733 [main] INFO  server.RaftServerConfigKeys (ConfUtils.java:logGet(43)) - raft.server.storage.dir = [/workdir/hadoop-ozone/integration-test/target/test-dir/MiniOzoneClusterImpl-4525ab81-30b7-4168-a37a-5e85eef55cd7/datanode-3/data/ratis] (custom)
2019-09-27 06:05:28,734 [main] INFO  hdfs.DFSUtil (DFSUtil.java:httpServerTemplateForNNAndJN(1641)) - Starting Web-server for hddsDatanode at: http://0.0.0.0:0
2019-09-27 06:05:28,735 [main] INFO  server.AuthenticationFilter (AuthenticationFilter.java:constructSecretProvider(240)) - Unable to initialize FileSignerSecretProvider, falling back to use random secrets.
2019-09-27 06:05:28,735 [main] WARN  http.HttpRequestLog (HttpRequestLog.java:getRequestLog(97)) - Jetty request log can only be enabled using Log4j
2019-09-27 06:05:28,736 [main] INFO  http.HttpServer2 (HttpServer2.java:addGlobalFilter(975)) - Added global filter 'safety' (class=org.apache.hadoop.http.HttpServer2$QuotingInputFilter)
2019-09-27 06:05:28,737 [main] INFO  http.HttpServer2 (HttpServer2.java:addFilter(948)) - Added filter static_user_filter (class=org.apache.hadoop.http.lib.StaticUserWebFilter$StaticUserFilter) to context hddsDatanode
2019-09-27 06:05:28,737 [main] INFO  http.HttpServer2 (HttpServer2.java:addFilter(958)) - Added filter static_user_filter (class=org.apache.hadoop.http.lib.StaticUserWebFilter$StaticUserFilter) to context static
2019-09-27 06:05:28,737 [main] INFO  http.HttpServer2 (HttpServer2.java:addFilter(958)) - Added filter static_user_filter (class=org.apache.hadoop.http.lib.StaticUserWebFilter$StaticUserFilter) to context logs
2019-09-27 06:05:28,737 [main] INFO  http.HttpServer2 (HttpServer2.java:bindListener(1191)) - Jetty bound to port 36292
2019-09-27 06:05:28,738 [main] INFO  server.Server (Server.java:doStart(351)) - jetty-9.3.25.v20180904, build timestamp: 2018-09-04T21:11:46Z, git hash: 3ce520221d0240229c862b122d2b06c12a625732
2019-09-27 06:05:28,739 [main] INFO  handler.ContextHandler (ContextHandler.java:doStart(781)) - Started o.e.j.s.ServletContextHandler@c732e1c{/logs,file:///workdir/hadoop-ozone/integration-test/target/log,AVAILABLE}
2019-09-27 06:05:28,739 [main] INFO  handler.ContextHandler (ContextHandler.java:doStart(781)) - Started o.e.j.s.ServletContextHandler@56c42964{/static,jar:file:/home/user/.m2/repository/org/apache/hadoop/hadoop-hdds-container-service/0.5.0-SNAPSHOT/hadoop-hdds-container-service-0.5.0-SNAPSHOT.jar!/webapps/static,AVAILABLE}
2019-09-27 06:05:28,762 [main] INFO  handler.ContextHandler (ContextHandler.java:doStart(781)) - Started o.e.j.w.WebAppContext@456aa471{/,file:///tmp/jetty-0.0.0.0-36292-hddsDatanode-_-any-8199819332513612261.dir/webapp/,AVAILABLE}{/hddsDatanode}
2019-09-27 06:05:28,763 [main] INFO  server.AbstractConnector (AbstractConnector.java:doStart(278)) - Started ServerConnector@69e2fe3b{HTTP/1.1,[http/1.1]}{0.0.0.0:36292}
2019-09-27 06:05:28,765 [main] INFO  server.Server (Server.java:doStart(419)) - Started @599583ms
2019-09-27 06:05:28,765 [main] WARN  impl.MetricsSystemImpl (MetricsSystemImpl.java:register(276)) - Sink prometheus already exists!
2019-09-27 06:05:28,766 [main] INFO  server.BaseHttpServer (BaseHttpServer.java:updateConnectorAddress(215)) - HTTP server of HDDSDATANODE is listening at http://0.0.0.0:36292
2019-09-27 06:05:28,766 [main] INFO  impl.MetricsSystemImpl (MetricsSystemImpl.java:init(158)) - HddsDatanode metrics system started (again)
2019-09-27 06:05:28,771 [org.apache.hadoop.util.JvmPauseMonitor$Monitor@6327beef] INFO  util.JvmPauseMonitor (JvmPauseMonitor.java:run(188)) - Starting JVM pause monitor
2019-09-27 06:05:28,772 [main] INFO  ozone.HddsDatanodeService (HddsDatanodeService.java:start(184)) - HddsDatanodeService host:trunk-nightly-20190927-zr2qb-3451358976 ip:192.168.151.69
2019-09-27 06:05:28,773 [Datanode State Machine Thread - 0] INFO  datanode.InitDatanodeState (InitDatanodeState.java:persistContainerDatanodeDetails(140)) - DatanodeDetails is persisted to /workdir/hadoop-ozone/integration-test/target/test-dir/MiniOzoneClusterImpl-4525ab81-30b7-4168-a37a-5e85eef55cd7/datanode-3/meta/datanode.id
2019-09-27 06:05:28,778 [main] INFO  volume.HddsVolume (HddsVolume.java:<init>(176)) - Creating Volume: /workdir/hadoop-ozone/integration-test/target/test-dir/MiniOzoneClusterImpl-4525ab81-30b7-4168-a37a-5e85eef55cd7/datanode-4/data/containers/hdds of  storage type : DISK and capacity : 1482555576320
2019-09-27 06:05:28,779 [main] INFO  volume.VolumeSet (VolumeSet.java:initializeVolumeSet(170)) - Added Volume : /workdir/hadoop-ozone/integration-test/target/test-dir/MiniOzoneClusterImpl-4525ab81-30b7-4168-a37a-5e85eef55cd7/datanode-4/data/containers/hdds to VolumeSet
2019-09-27 06:05:28,779 [main] INFO  volume.ThrottledAsyncChecker (ThrottledAsyncChecker.java:schedule(139)) - Scheduling a check for org.apache.hadoop.ozone.container.common.volume.HddsVolume@18715bb
2019-09-27 06:05:28,779 [main] INFO  volume.HddsVolumeChecker (HddsVolumeChecker.java:checkAllVolumes(202)) - Scheduled health check for volume org.apache.hadoop.ozone.container.common.volume.HddsVolume@18715bb
2019-09-27 06:05:28,791 [main] INFO  impl.RaftServerProxy (ConfUtils.java:logGet(43)) - raft.rpc.type = GRPC (default)
2019-09-27 06:05:28,791 [main] INFO  grpc.GrpcFactory (GrpcFactory.java:checkPooledByteBufAllocatorUseCacheForAllThreads(45)) - PERFORMANCE WARNING: useCacheForAllThreads is true that may cause Netty to create a lot garbage objects and, as a result, trigger GC.
	It is recommended to disable useCacheForAllThreads by setting -Dorg.apache.ratis.thirdparty.io.netty.allocator.useCacheForAllThreads=false in command line.
2019-09-27 06:05:28,791 [main] INFO  grpc.GrpcConfigKeys$Server (ConfUtils.java:logGet(43)) - raft.grpc.server.port = 0 (default)
2019-09-27 06:05:28,791 [main] INFO  server.GrpcService (ConfUtils.java:logGet(43)) - raft.grpc.message.size.max = 33570816 (custom)
2019-09-27 06:05:28,791 [main] INFO  server.RaftServerConfigKeys (ConfUtils.java:logGet(43)) - raft.server.log.appender.buffer.byte-limit = 33554432 (custom)
2019-09-27 06:05:28,791 [main] INFO  server.GrpcService (ConfUtils.java:logGet(43)) - raft.grpc.flow.control.window = 1MB (=1048576) (default)
2019-09-27 06:05:28,792 [main] INFO  server.RaftServerConfigKeys (ConfUtils.java:logGet(43)) - raft.server.rpc.request.timeout = 3000ms (default)
2019-09-27 06:05:28,792 [main] INFO  server.RaftServerConfigKeys (ConfUtils.java:logGet(43)) - raft.server.storage.dir = [/workdir/hadoop-ozone/integration-test/target/test-dir/MiniOzoneClusterImpl-4525ab81-30b7-4168-a37a-5e85eef55cd7/datanode-4/data/ratis] (custom)
2019-09-27 06:05:28,793 [main] INFO  hdfs.DFSUtil (DFSUtil.java:httpServerTemplateForNNAndJN(1641)) - Starting Web-server for hddsDatanode at: http://0.0.0.0:0
2019-09-27 06:05:28,794 [main] INFO  server.AuthenticationFilter (AuthenticationFilter.java:constructSecretProvider(240)) - Unable to initialize FileSignerSecretProvider, falling back to use random secrets.
2019-09-27 06:05:28,794 [main] WARN  http.HttpRequestLog (HttpRequestLog.java:getRequestLog(97)) - Jetty request log can only be enabled using Log4j
2019-09-27 06:05:28,795 [main] INFO  http.HttpServer2 (HttpServer2.java:addGlobalFilter(975)) - Added global filter 'safety' (class=org.apache.hadoop.http.HttpServer2$QuotingInputFilter)
2019-09-27 06:05:28,796 [main] INFO  http.HttpServer2 (HttpServer2.java:addFilter(948)) - Added filter static_user_filter (class=org.apache.hadoop.http.lib.StaticUserWebFilter$StaticUserFilter) to context hddsDatanode
2019-09-27 06:05:28,796 [main] INFO  http.HttpServer2 (HttpServer2.java:addFilter(958)) - Added filter static_user_filter (class=org.apache.hadoop.http.lib.StaticUserWebFilter$StaticUserFilter) to context static
2019-09-27 06:05:28,796 [main] INFO  http.HttpServer2 (HttpServer2.java:addFilter(958)) - Added filter static_user_filter (class=org.apache.hadoop.http.lib.StaticUserWebFilter$StaticUserFilter) to context logs
2019-09-27 06:05:28,796 [main] INFO  http.HttpServer2 (HttpServer2.java:bindListener(1191)) - Jetty bound to port 41225
2019-09-27 06:05:28,797 [main] INFO  server.Server (Server.java:doStart(351)) - jetty-9.3.25.v20180904, build timestamp: 2018-09-04T21:11:46Z, git hash: 3ce520221d0240229c862b122d2b06c12a625732
2019-09-27 06:05:28,798 [main] INFO  handler.ContextHandler (ContextHandler.java:doStart(781)) - Started o.e.j.s.ServletContextHandler@6ea66c33{/logs,file:///workdir/hadoop-ozone/integration-test/target/log,AVAILABLE}
2019-09-27 06:05:28,798 [main] INFO  handler.ContextHandler (ContextHandler.java:doStart(781)) - Started o.e.j.s.ServletContextHandler@69ba3f4e{/static,jar:file:/home/user/.m2/repository/org/apache/hadoop/hadoop-hdds-container-service/0.5.0-SNAPSHOT/hadoop-hdds-container-service-0.5.0-SNAPSHOT.jar!/webapps/static,AVAILABLE}
2019-09-27 06:05:28,821 [main] INFO  handler.ContextHandler (ContextHandler.java:doStart(781)) - Started o.e.j.w.WebAppContext@15d65fcf{/,file:///tmp/jetty-0.0.0.0-41225-hddsDatanode-_-any-4464229730320404438.dir/webapp/,AVAILABLE}{/hddsDatanode}
2019-09-27 06:05:28,821 [main] INFO  server.AbstractConnector (AbstractConnector.java:doStart(278)) - Started ServerConnector@3b021664{HTTP/1.1,[http/1.1]}{0.0.0.0:41225}
2019-09-27 06:05:28,821 [main] INFO  server.Server (Server.java:doStart(419)) - Started @599639ms
2019-09-27 06:05:28,824 [main] WARN  impl.MetricsSystemImpl (MetricsSystemImpl.java:register(276)) - Sink prometheus already exists!
2019-09-27 06:05:28,824 [main] INFO  server.BaseHttpServer (BaseHttpServer.java:updateConnectorAddress(215)) - HTTP server of HDDSDATANODE is listening at http://0.0.0.0:41225
2019-09-27 06:05:28,825 [main] INFO  impl.MetricsSystemImpl (MetricsSystemImpl.java:init(158)) - HddsDatanode metrics system started (again)
2019-09-27 06:05:28,830 [org.apache.hadoop.util.JvmPauseMonitor$Monitor@5601de54] INFO  util.JvmPauseMonitor (JvmPauseMonitor.java:run(188)) - Starting JVM pause monitor
2019-09-27 06:05:28,830 [main] INFO  ozone.HddsDatanodeService (HddsDatanodeService.java:start(184)) - HddsDatanodeService host:trunk-nightly-20190927-zr2qb-3451358976 ip:192.168.151.69
2019-09-27 06:05:28,832 [Datanode State Machine Thread - 0] INFO  datanode.InitDatanodeState (InitDatanodeState.java:persistContainerDatanodeDetails(140)) - DatanodeDetails is persisted to /workdir/hadoop-ozone/integration-test/target/test-dir/MiniOzoneClusterImpl-4525ab81-30b7-4168-a37a-5e85eef55cd7/datanode-4/meta/datanode.id
2019-09-27 06:05:28,838 [main] INFO  volume.HddsVolume (HddsVolume.java:<init>(176)) - Creating Volume: /workdir/hadoop-ozone/integration-test/target/test-dir/MiniOzoneClusterImpl-4525ab81-30b7-4168-a37a-5e85eef55cd7/datanode-5/data/containers/hdds of  storage type : DISK and capacity : 1482555576320
2019-09-27 06:05:28,838 [main] INFO  volume.VolumeSet (VolumeSet.java:initializeVolumeSet(170)) - Added Volume : /workdir/hadoop-ozone/integration-test/target/test-dir/MiniOzoneClusterImpl-4525ab81-30b7-4168-a37a-5e85eef55cd7/datanode-5/data/containers/hdds to VolumeSet
2019-09-27 06:05:28,838 [main] INFO  volume.ThrottledAsyncChecker (ThrottledAsyncChecker.java:schedule(139)) - Scheduling a check for org.apache.hadoop.ozone.container.common.volume.HddsVolume@77c23d90
2019-09-27 06:05:28,838 [main] INFO  volume.HddsVolumeChecker (HddsVolumeChecker.java:checkAllVolumes(202)) - Scheduled health check for volume org.apache.hadoop.ozone.container.common.volume.HddsVolume@77c23d90
2019-09-27 06:05:28,849 [main] INFO  impl.RaftServerProxy (ConfUtils.java:logGet(43)) - raft.rpc.type = GRPC (default)
2019-09-27 06:05:28,849 [main] INFO  grpc.GrpcFactory (GrpcFactory.java:checkPooledByteBufAllocatorUseCacheForAllThreads(45)) - PERFORMANCE WARNING: useCacheForAllThreads is true that may cause Netty to create a lot garbage objects and, as a result, trigger GC.
	It is recommended to disable useCacheForAllThreads by setting -Dorg.apache.ratis.thirdparty.io.netty.allocator.useCacheForAllThreads=false in command line.
2019-09-27 06:05:28,849 [main] INFO  grpc.GrpcConfigKeys$Server (ConfUtils.java:logGet(43)) - raft.grpc.server.port = 0 (default)
2019-09-27 06:05:28,849 [main] INFO  server.GrpcService (ConfUtils.java:logGet(43)) - raft.grpc.message.size.max = 33570816 (custom)
2019-09-27 06:05:28,849 [main] INFO  server.RaftServerConfigKeys (ConfUtils.java:logGet(43)) - raft.server.log.appender.buffer.byte-limit = 33554432 (custom)
2019-09-27 06:05:28,849 [main] INFO  server.GrpcService (ConfUtils.java:logGet(43)) - raft.grpc.flow.control.window = 1MB (=1048576) (default)
2019-09-27 06:05:28,850 [main] INFO  server.RaftServerConfigKeys (ConfUtils.java:logGet(43)) - raft.server.rpc.request.timeout = 3000ms (default)
2019-09-27 06:05:28,850 [main] INFO  server.RaftServerConfigKeys (ConfUtils.java:logGet(43)) - raft.server.storage.dir = [/workdir/hadoop-ozone/integration-test/target/test-dir/MiniOzoneClusterImpl-4525ab81-30b7-4168-a37a-5e85eef55cd7/datanode-5/data/ratis] (custom)
2019-09-27 06:05:28,851 [main] INFO  hdfs.DFSUtil (DFSUtil.java:httpServerTemplateForNNAndJN(1641)) - Starting Web-server for hddsDatanode at: http://0.0.0.0:0
2019-09-27 06:05:28,852 [main] INFO  server.AuthenticationFilter (AuthenticationFilter.java:constructSecretProvider(240)) - Unable to initialize FileSignerSecretProvider, falling back to use random secrets.
2019-09-27 06:05:28,852 [main] WARN  http.HttpRequestLog (HttpRequestLog.java:getRequestLog(97)) - Jetty request log can only be enabled using Log4j
2019-09-27 06:05:28,853 [main] INFO  http.HttpServer2 (HttpServer2.java:addGlobalFilter(975)) - Added global filter 'safety' (class=org.apache.hadoop.http.HttpServer2$QuotingInputFilter)
2019-09-27 06:05:28,854 [main] INFO  http.HttpServer2 (HttpServer2.java:addFilter(948)) - Added filter static_user_filter (class=org.apache.hadoop.http.lib.StaticUserWebFilter$StaticUserFilter) to context hddsDatanode
2019-09-27 06:05:28,854 [main] INFO  http.HttpServer2 (HttpServer2.java:addFilter(958)) - Added filter static_user_filter (class=org.apache.hadoop.http.lib.StaticUserWebFilter$StaticUserFilter) to context logs
2019-09-27 06:05:28,854 [main] INFO  http.HttpServer2 (HttpServer2.java:addFilter(958)) - Added filter static_user_filter (class=org.apache.hadoop.http.lib.StaticUserWebFilter$StaticUserFilter) to context static
2019-09-27 06:05:28,854 [main] INFO  http.HttpServer2 (HttpServer2.java:bindListener(1191)) - Jetty bound to port 44814
2019-09-27 06:05:28,855 [main] INFO  server.Server (Server.java:doStart(351)) - jetty-9.3.25.v20180904, build timestamp: 2018-09-04T21:11:46Z, git hash: 3ce520221d0240229c862b122d2b06c12a625732
2019-09-27 06:05:28,856 [main] INFO  handler.ContextHandler (ContextHandler.java:doStart(781)) - Started o.e.j.s.ServletContextHandler@3095d401{/logs,file:///workdir/hadoop-ozone/integration-test/target/log,AVAILABLE}
2019-09-27 06:05:28,856 [main] INFO  handler.ContextHandler (ContextHandler.java:doStart(781)) - Started o.e.j.s.ServletContextHandler@687a0e40{/static,jar:file:/home/user/.m2/repository/org/apache/hadoop/hadoop-hdds-container-service/0.5.0-SNAPSHOT/hadoop-hdds-container-service-0.5.0-SNAPSHOT.jar!/webapps/static,AVAILABLE}
2019-09-27 06:05:28,880 [main] INFO  handler.ContextHandler (ContextHandler.java:doStart(781)) - Started o.e.j.w.WebAppContext@1d226f27{/,file:///tmp/jetty-0.0.0.0-44814-hddsDatanode-_-any-4208272895524013092.dir/webapp/,AVAILABLE}{/hddsDatanode}
2019-09-27 06:05:28,880 [main] INFO  server.AbstractConnector (AbstractConnector.java:doStart(278)) - Started ServerConnector@1d944fc0{HTTP/1.1,[http/1.1]}{0.0.0.0:44814}
2019-09-27 06:05:28,883 [main] INFO  server.Server (Server.java:doStart(419)) - Started @599701ms
2019-09-27 06:05:28,883 [main] WARN  impl.MetricsSystemImpl (MetricsSystemImpl.java:register(276)) - Sink prometheus already exists!
2019-09-27 06:05:28,884 [main] INFO  server.BaseHttpServer (BaseHttpServer.java:updateConnectorAddress(215)) - HTTP server of HDDSDATANODE is listening at http://0.0.0.0:44814
2019-09-27 06:05:28,884 [main] INFO  impl.MetricsSystemImpl (MetricsSystemImpl.java:init(158)) - HddsDatanode metrics system started (again)
2019-09-27 06:05:28,890 [org.apache.hadoop.util.JvmPauseMonitor$Monitor@3ec910b7] INFO  util.JvmPauseMonitor (JvmPauseMonitor.java:run(188)) - Starting JVM pause monitor
2019-09-27 06:05:28,890 [main] INFO  ozone.HddsDatanodeService (HddsDatanodeService.java:start(184)) - HddsDatanodeService host:trunk-nightly-20190927-zr2qb-3451358976 ip:192.168.151.69
2019-09-27 06:05:28,891 [Datanode State Machine Thread - 0] INFO  datanode.InitDatanodeState (InitDatanodeState.java:persistContainerDatanodeDetails(140)) - DatanodeDetails is persisted to /workdir/hadoop-ozone/integration-test/target/test-dir/MiniOzoneClusterImpl-4525ab81-30b7-4168-a37a-5e85eef55cd7/datanode-5/meta/datanode.id
2019-09-27 06:05:28,897 [main] INFO  volume.HddsVolume (HddsVolume.java:<init>(176)) - Creating Volume: /workdir/hadoop-ozone/integration-test/target/test-dir/MiniOzoneClusterImpl-4525ab81-30b7-4168-a37a-5e85eef55cd7/datanode-6/data/containers/hdds of  storage type : DISK and capacity : 1482555576320
2019-09-27 06:05:28,897 [main] INFO  volume.VolumeSet (VolumeSet.java:initializeVolumeSet(170)) - Added Volume : /workdir/hadoop-ozone/integration-test/target/test-dir/MiniOzoneClusterImpl-4525ab81-30b7-4168-a37a-5e85eef55cd7/datanode-6/data/containers/hdds to VolumeSet
2019-09-27 06:05:28,898 [main] INFO  volume.ThrottledAsyncChecker (ThrottledAsyncChecker.java:schedule(139)) - Scheduling a check for org.apache.hadoop.ozone.container.common.volume.HddsVolume@1669931a
2019-09-27 06:05:28,898 [main] INFO  volume.HddsVolumeChecker (HddsVolumeChecker.java:checkAllVolumes(202)) - Scheduled health check for volume org.apache.hadoop.ozone.container.common.volume.HddsVolume@1669931a
2019-09-27 06:05:28,907 [main] INFO  impl.RaftServerProxy (ConfUtils.java:logGet(43)) - raft.rpc.type = GRPC (default)
2019-09-27 06:05:28,907 [main] INFO  grpc.GrpcFactory (GrpcFactory.java:checkPooledByteBufAllocatorUseCacheForAllThreads(45)) - PERFORMANCE WARNING: useCacheForAllThreads is true that may cause Netty to create a lot garbage objects and, as a result, trigger GC.
	It is recommended to disable useCacheForAllThreads by setting -Dorg.apache.ratis.thirdparty.io.netty.allocator.useCacheForAllThreads=false in command line.
2019-09-27 06:05:28,907 [main] INFO  grpc.GrpcConfigKeys$Server (ConfUtils.java:logGet(43)) - raft.grpc.server.port = 0 (default)
2019-09-27 06:05:28,907 [main] INFO  server.GrpcService (ConfUtils.java:logGet(43)) - raft.grpc.message.size.max = 33570816 (custom)
2019-09-27 06:05:28,908 [main] INFO  server.RaftServerConfigKeys (ConfUtils.java:logGet(43)) - raft.server.log.appender.buffer.byte-limit = 33554432 (custom)
2019-09-27 06:05:28,908 [main] INFO  server.GrpcService (ConfUtils.java:logGet(43)) - raft.grpc.flow.control.window = 1MB (=1048576) (default)
2019-09-27 06:05:28,908 [main] INFO  server.RaftServerConfigKeys (ConfUtils.java:logGet(43)) - raft.server.rpc.request.timeout = 3000ms (default)
2019-09-27 06:05:28,908 [main] INFO  server.RaftServerConfigKeys (ConfUtils.java:logGet(43)) - raft.server.storage.dir = [/workdir/hadoop-ozone/integration-test/target/test-dir/MiniOzoneClusterImpl-4525ab81-30b7-4168-a37a-5e85eef55cd7/datanode-6/data/ratis] (custom)
2019-09-27 06:05:28,909 [main] INFO  hdfs.DFSUtil (DFSUtil.java:httpServerTemplateForNNAndJN(1641)) - Starting Web-server for hddsDatanode at: http://0.0.0.0:0
2019-09-27 06:05:28,910 [main] INFO  server.AuthenticationFilter (AuthenticationFilter.java:constructSecretProvider(240)) - Unable to initialize FileSignerSecretProvider, falling back to use random secrets.
2019-09-27 06:05:28,911 [main] WARN  http.HttpRequestLog (HttpRequestLog.java:getRequestLog(97)) - Jetty request log can only be enabled using Log4j
2019-09-27 06:05:28,912 [main] INFO  http.HttpServer2 (HttpServer2.java:addGlobalFilter(975)) - Added global filter 'safety' (class=org.apache.hadoop.http.HttpServer2$QuotingInputFilter)
2019-09-27 06:05:28,912 [main] INFO  http.HttpServer2 (HttpServer2.java:addFilter(948)) - Added filter static_user_filter (class=org.apache.hadoop.http.lib.StaticUserWebFilter$StaticUserFilter) to context hddsDatanode
2019-09-27 06:05:28,912 [main] INFO  http.HttpServer2 (HttpServer2.java:addFilter(958)) - Added filter static_user_filter (class=org.apache.hadoop.http.lib.StaticUserWebFilter$StaticUserFilter) to context static
2019-09-27 06:05:28,912 [main] INFO  http.HttpServer2 (HttpServer2.java:addFilter(958)) - Added filter static_user_filter (class=org.apache.hadoop.http.lib.StaticUserWebFilter$StaticUserFilter) to context logs
2019-09-27 06:05:28,913 [main] INFO  http.HttpServer2 (HttpServer2.java:bindListener(1191)) - Jetty bound to port 35878
2019-09-27 06:05:28,913 [main] INFO  server.Server (Server.java:doStart(351)) - jetty-9.3.25.v20180904, build timestamp: 2018-09-04T21:11:46Z, git hash: 3ce520221d0240229c862b122d2b06c12a625732
2019-09-27 06:05:28,914 [main] INFO  handler.ContextHandler (ContextHandler.java:doStart(781)) - Started o.e.j.s.ServletContextHandler@30dd00b6{/logs,file:///workdir/hadoop-ozone/integration-test/target/log,AVAILABLE}
2019-09-27 06:05:28,915 [main] INFO  handler.ContextHandler (ContextHandler.java:doStart(781)) - Started o.e.j.s.ServletContextHandler@2c16677c{/static,jar:file:/home/user/.m2/repository/org/apache/hadoop/hadoop-hdds-container-service/0.5.0-SNAPSHOT/hadoop-hdds-container-service-0.5.0-SNAPSHOT.jar!/webapps/static,AVAILABLE}
2019-09-27 06:05:28,938 [main] INFO  handler.ContextHandler (ContextHandler.java:doStart(781)) - Started o.e.j.w.WebAppContext@7e31062c{/,file:///tmp/jetty-0.0.0.0-35878-hddsDatanode-_-any-8161080552322723128.dir/webapp/,AVAILABLE}{/hddsDatanode}
2019-09-27 06:05:28,938 [main] INFO  server.AbstractConnector (AbstractConnector.java:doStart(278)) - Started ServerConnector@595fed99{HTTP/1.1,[http/1.1]}{0.0.0.0:35878}
2019-09-27 06:05:28,940 [main] INFO  server.Server (Server.java:doStart(419)) - Started @599758ms
2019-09-27 06:05:28,940 [main] WARN  impl.MetricsSystemImpl (MetricsSystemImpl.java:register(276)) - Sink prometheus already exists!
2019-09-27 06:05:28,941 [main] INFO  server.BaseHttpServer (BaseHttpServer.java:updateConnectorAddress(215)) - HTTP server of HDDSDATANODE is listening at http://0.0.0.0:35878
2019-09-27 06:05:28,941 [main] INFO  ozone.MiniOzoneClusterImpl (MiniOzoneClusterImpl.java:lambda$waitForClusterToBeReady$0(147)) - Waiting for cluster to be ready. Got 0 of 7 DN Heartbeats.
2019-09-27 06:05:28,943 [org.apache.hadoop.util.JvmPauseMonitor$Monitor@36fcfbe7] INFO  util.JvmPauseMonitor (JvmPauseMonitor.java:run(188)) - Starting JVM pause monitor
2019-09-27 06:05:28,944 [Datanode State Machine Thread - 0] INFO  datanode.InitDatanodeState (InitDatanodeState.java:persistContainerDatanodeDetails(140)) - DatanodeDetails is persisted to /workdir/hadoop-ozone/integration-test/target/test-dir/MiniOzoneClusterImpl-4525ab81-30b7-4168-a37a-5e85eef55cd7/datanode-6/meta/datanode.id
2019-09-27 06:05:29,942 [main] INFO  ozone.MiniOzoneClusterImpl (MiniOzoneClusterImpl.java:lambda$waitForClusterToBeReady$0(147)) - Waiting for cluster to be ready. Got 0 of 7 DN Heartbeats.
2019-09-27 06:05:30,618 [Datanode State Machine Thread - 0] INFO  ozoneimpl.OzoneContainer (OzoneContainer.java:start(217)) - Attempting to start container services.
2019-09-27 06:05:30,619 [Datanode State Machine Thread - 0] INFO  ozoneimpl.OzoneContainer (OzoneContainer.java:startContainerScrub(179)) - Background container scanner has been disabled.
2019-09-27 06:05:30,619 [Datanode State Machine Thread - 0] INFO  ratis.XceiverServerRatis (XceiverServerRatis.java:start(411)) - Starting XceiverServerRatis a2460cbf-d92d-40d7-8f4b-4fedf6506083 at port 0
2019-09-27 06:05:30,625 [Datanode State Machine Thread - 0] INFO  impl.RaftServerProxy (RaftServerProxy.java:lambda$start$3(299)) - a2460cbf-d92d-40d7-8f4b-4fedf6506083: start RPC server
2019-09-27 06:05:30,627 [Datanode State Machine Thread - 0] INFO  server.GrpcService (GrpcService.java:startImpl(158)) - a2460cbf-d92d-40d7-8f4b-4fedf6506083: GrpcService started, listening on 0.0.0.0/0.0.0.0:46128
2019-09-27 06:05:30,627 [Datanode State Machine Thread - 0] INFO  ratis.XceiverServerRatis (XceiverServerRatis.java:start(421)) - XceiverServerRatis a2460cbf-d92d-40d7-8f4b-4fedf6506083 is started using port 46128
2019-09-27 06:05:30,628 [Datanode State Machine Thread - 0] INFO  server.XceiverServerGrpc (XceiverServerGrpc.java:start(149)) - XceiverServerGrpc a2460cbf-d92d-40d7-8f4b-4fedf6506083 is started using port 37777
2019-09-27 06:05:30,671 [Datanode State Machine Thread - 0] INFO  ozoneimpl.OzoneContainer (OzoneContainer.java:start(217)) - Attempting to start container services.
2019-09-27 06:05:30,671 [Datanode State Machine Thread - 0] INFO  ozoneimpl.OzoneContainer (OzoneContainer.java:startContainerScrub(179)) - Background container scanner has been disabled.
2019-09-27 06:05:30,671 [Datanode State Machine Thread - 0] INFO  ratis.XceiverServerRatis (XceiverServerRatis.java:start(411)) - Starting XceiverServerRatis 7a09dfa5-1bb7-4af5-90e7-84a302ea596c at port 0
2019-09-27 06:05:30,677 [Datanode State Machine Thread - 0] INFO  impl.RaftServerProxy (RaftServerProxy.java:lambda$start$3(299)) - 7a09dfa5-1bb7-4af5-90e7-84a302ea596c: start RPC server
2019-09-27 06:05:30,678 [Datanode State Machine Thread - 0] INFO  server.GrpcService (GrpcService.java:startImpl(158)) - 7a09dfa5-1bb7-4af5-90e7-84a302ea596c: GrpcService started, listening on 0.0.0.0/0.0.0.0:37216
2019-09-27 06:05:30,678 [Datanode State Machine Thread - 0] INFO  ratis.XceiverServerRatis (XceiverServerRatis.java:start(421)) - XceiverServerRatis 7a09dfa5-1bb7-4af5-90e7-84a302ea596c is started using port 37216
2019-09-27 06:05:30,679 [Datanode State Machine Thread - 0] INFO  server.XceiverServerGrpc (XceiverServerGrpc.java:start(149)) - XceiverServerGrpc 7a09dfa5-1bb7-4af5-90e7-84a302ea596c is started using port 45092
2019-09-27 06:05:30,728 [Datanode State Machine Thread - 0] INFO  ozoneimpl.OzoneContainer (OzoneContainer.java:start(217)) - Attempting to start container services.
2019-09-27 06:05:30,729 [Datanode State Machine Thread - 0] INFO  ozoneimpl.OzoneContainer (OzoneContainer.java:startContainerScrub(179)) - Background container scanner has been disabled.
2019-09-27 06:05:30,729 [Datanode State Machine Thread - 0] INFO  ratis.XceiverServerRatis (XceiverServerRatis.java:start(411)) - Starting XceiverServerRatis 6d6ef3a3-db64-42fb-a25e-fae4e6d7296a at port 0
2019-09-27 06:05:30,736 [Datanode State Machine Thread - 0] INFO  impl.RaftServerProxy (RaftServerProxy.java:lambda$start$3(299)) - 6d6ef3a3-db64-42fb-a25e-fae4e6d7296a: start RPC server
2019-09-27 06:05:30,736 [Datanode State Machine Thread - 0] INFO  server.GrpcService (GrpcService.java:startImpl(158)) - 6d6ef3a3-db64-42fb-a25e-fae4e6d7296a: GrpcService started, listening on 0.0.0.0/0.0.0.0:45410
2019-09-27 06:05:30,736 [Datanode State Machine Thread - 0] INFO  ratis.XceiverServerRatis (XceiverServerRatis.java:start(421)) - XceiverServerRatis 6d6ef3a3-db64-42fb-a25e-fae4e6d7296a is started using port 45410
2019-09-27 06:05:30,738 [Datanode State Machine Thread - 0] INFO  server.XceiverServerGrpc (XceiverServerGrpc.java:start(149)) - XceiverServerGrpc 6d6ef3a3-db64-42fb-a25e-fae4e6d7296a is started using port 42429
2019-09-27 06:05:30,785 [Datanode State Machine Thread - 0] INFO  ozoneimpl.OzoneContainer (OzoneContainer.java:start(217)) - Attempting to start container services.
2019-09-27 06:05:30,785 [Datanode State Machine Thread - 0] INFO  ozoneimpl.OzoneContainer (OzoneContainer.java:startContainerScrub(179)) - Background container scanner has been disabled.
2019-09-27 06:05:30,785 [Datanode State Machine Thread - 0] INFO  ratis.XceiverServerRatis (XceiverServerRatis.java:start(411)) - Starting XceiverServerRatis 0f7d47af-aea5-43f8-93d1-7d0eb4472ed1 at port 0
2019-09-27 06:05:30,792 [Datanode State Machine Thread - 0] INFO  impl.RaftServerProxy (RaftServerProxy.java:lambda$start$3(299)) - 0f7d47af-aea5-43f8-93d1-7d0eb4472ed1: start RPC server
2019-09-27 06:05:30,792 [Datanode State Machine Thread - 0] INFO  server.GrpcService (GrpcService.java:startImpl(158)) - 0f7d47af-aea5-43f8-93d1-7d0eb4472ed1: GrpcService started, listening on 0.0.0.0/0.0.0.0:39123
2019-09-27 06:05:30,793 [Datanode State Machine Thread - 0] INFO  ratis.XceiverServerRatis (XceiverServerRatis.java:start(421)) - XceiverServerRatis 0f7d47af-aea5-43f8-93d1-7d0eb4472ed1 is started using port 39123
2019-09-27 06:05:30,793 [Datanode State Machine Thread - 0] INFO  server.XceiverServerGrpc (XceiverServerGrpc.java:start(149)) - XceiverServerGrpc 0f7d47af-aea5-43f8-93d1-7d0eb4472ed1 is started using port 35113
2019-09-27 06:05:30,843 [Datanode State Machine Thread - 0] INFO  ozoneimpl.OzoneContainer (OzoneContainer.java:start(217)) - Attempting to start container services.
2019-09-27 06:05:30,843 [Datanode State Machine Thread - 0] INFO  ozoneimpl.OzoneContainer (OzoneContainer.java:startContainerScrub(179)) - Background container scanner has been disabled.
2019-09-27 06:05:30,843 [Datanode State Machine Thread - 0] INFO  ratis.XceiverServerRatis (XceiverServerRatis.java:start(411)) - Starting XceiverServerRatis dd465717-aa2f-4ac7-b2c3-72db3883e0c6 at port 0
2019-09-27 06:05:30,849 [Datanode State Machine Thread - 0] INFO  impl.RaftServerProxy (RaftServerProxy.java:lambda$start$3(299)) - dd465717-aa2f-4ac7-b2c3-72db3883e0c6: start RPC server
2019-09-27 06:05:30,849 [Datanode State Machine Thread - 0] INFO  server.GrpcService (GrpcService.java:startImpl(158)) - dd465717-aa2f-4ac7-b2c3-72db3883e0c6: GrpcService started, listening on 0.0.0.0/0.0.0.0:46430
2019-09-27 06:05:30,849 [Datanode State Machine Thread - 0] INFO  ratis.XceiverServerRatis (XceiverServerRatis.java:start(421)) - XceiverServerRatis dd465717-aa2f-4ac7-b2c3-72db3883e0c6 is started using port 46430
2019-09-27 06:05:30,850 [Datanode State Machine Thread - 0] INFO  server.XceiverServerGrpc (XceiverServerGrpc.java:start(149)) - XceiverServerGrpc dd465717-aa2f-4ac7-b2c3-72db3883e0c6 is started using port 37891
2019-09-27 06:05:30,899 [Datanode State Machine Thread - 0] INFO  ozoneimpl.OzoneContainer (OzoneContainer.java:start(217)) - Attempting to start container services.
2019-09-27 06:05:30,899 [Datanode State Machine Thread - 0] INFO  ozoneimpl.OzoneContainer (OzoneContainer.java:startContainerScrub(179)) - Background container scanner has been disabled.
2019-09-27 06:05:30,899 [Datanode State Machine Thread - 0] INFO  ratis.XceiverServerRatis (XceiverServerRatis.java:start(411)) - Starting XceiverServerRatis 33a74a9a-c6aa-4da5-a89d-bd0bf8c37090 at port 0
2019-09-27 06:05:30,906 [Datanode State Machine Thread - 0] INFO  impl.RaftServerProxy (RaftServerProxy.java:lambda$start$3(299)) - 33a74a9a-c6aa-4da5-a89d-bd0bf8c37090: start RPC server
2019-09-27 06:05:30,909 [Datanode State Machine Thread - 0] INFO  server.GrpcService (GrpcService.java:startImpl(158)) - 33a74a9a-c6aa-4da5-a89d-bd0bf8c37090: GrpcService started, listening on 0.0.0.0/0.0.0.0:39575
2019-09-27 06:05:30,909 [Datanode State Machine Thread - 0] INFO  ratis.XceiverServerRatis (XceiverServerRatis.java:start(421)) - XceiverServerRatis 33a74a9a-c6aa-4da5-a89d-bd0bf8c37090 is started using port 39575
2019-09-27 06:05:30,910 [Datanode State Machine Thread - 0] INFO  server.XceiverServerGrpc (XceiverServerGrpc.java:start(149)) - XceiverServerGrpc 33a74a9a-c6aa-4da5-a89d-bd0bf8c37090 is started using port 32815
2019-09-27 06:05:30,943 [main] INFO  ozone.MiniOzoneClusterImpl (MiniOzoneClusterImpl.java:lambda$waitForClusterToBeReady$0(147)) - Waiting for cluster to be ready. Got 0 of 7 DN Heartbeats.
2019-09-27 06:05:30,957 [Datanode State Machine Thread - 0] INFO  ozoneimpl.OzoneContainer (OzoneContainer.java:start(217)) - Attempting to start container services.
2019-09-27 06:05:30,957 [Datanode State Machine Thread - 0] INFO  ozoneimpl.OzoneContainer (OzoneContainer.java:startContainerScrub(179)) - Background container scanner has been disabled.
2019-09-27 06:05:30,957 [Datanode State Machine Thread - 0] INFO  ratis.XceiverServerRatis (XceiverServerRatis.java:start(411)) - Starting XceiverServerRatis 61b2d74a-3e9c-4f9f-9790-faf82506f10f at port 0
2019-09-27 06:05:30,961 [Datanode State Machine Thread - 0] INFO  impl.RaftServerProxy (RaftServerProxy.java:lambda$start$3(299)) - 61b2d74a-3e9c-4f9f-9790-faf82506f10f: start RPC server
2019-09-27 06:05:30,963 [Datanode State Machine Thread - 0] INFO  server.GrpcService (GrpcService.java:startImpl(158)) - 61b2d74a-3e9c-4f9f-9790-faf82506f10f: GrpcService started, listening on 0.0.0.0/0.0.0.0:38961
2019-09-27 06:05:30,964 [Datanode State Machine Thread - 0] INFO  ratis.XceiverServerRatis (XceiverServerRatis.java:start(421)) - XceiverServerRatis 61b2d74a-3e9c-4f9f-9790-faf82506f10f is started using port 38961
2019-09-27 06:05:30,964 [Datanode State Machine Thread - 0] INFO  server.XceiverServerGrpc (XceiverServerGrpc.java:start(149)) - XceiverServerGrpc 61b2d74a-3e9c-4f9f-9790-faf82506f10f is started using port 35105
2019-09-27 06:05:31,944 [main] INFO  ozone.MiniOzoneClusterImpl (MiniOzoneClusterImpl.java:lambda$waitForClusterToBeReady$0(147)) - Waiting for cluster to be ready. Got 0 of 7 DN Heartbeats.
2019-09-27 06:05:32,599 [IPC Server handler 0 on 44694] INFO  net.NetworkTopology (NetworkTopologyImpl.java:add(111)) - Added a new node: /default-rack/a2460cbf-d92d-40d7-8f4b-4fedf6506083
2019-09-27 06:05:32,603 [IPC Server handler 0 on 44694] INFO  node.SCMNodeManager (SCMNodeManager.java:register(266)) - Registered Data node : a2460cbf-d92d-40d7-8f4b-4fedf6506083{ip: 192.168.151.69, host: trunk-nightly-20190927-zr2qb-3451358976, networkLocation: /default-rack, certSerialId: null}
2019-09-27 06:05:32,604 [EventQueue-NodeRegistrationContainerReportForDataNodeSafeModeRule] INFO  safemode.SCMSafeModeManager (DataNodeSafeModeRule.java:process(71)) - SCM in safe mode. 1 DataNodes registered, 1 required.
2019-09-27 06:05:32,607 [EventQueue-NodeRegistrationContainerReportForDataNodeSafeModeRule] INFO  safemode.SCMSafeModeManager (SCMSafeModeManager.java:validateSafeModeExitRules(177)) - ScmSafeModeManager, all rules are successfully validated
2019-09-27 06:05:32,607 [EventQueue-NodeRegistrationContainerReportForDataNodeSafeModeRule] INFO  safemode.SCMSafeModeManager (SCMSafeModeManager.java:exitSafeMode(193)) - SCM exiting safe mode.
2019-09-27 06:05:32,618 [grpc-default-executor-7] INFO  impl.RaftServerProxy (RaftServerProxy.java:addNew(89)) - a2460cbf-d92d-40d7-8f4b-4fedf6506083: addNew group-1802F54B162D:[a2460cbf-d92d-40d7-8f4b-4fedf6506083:192.168.151.69:46128] returns group-1802F54B162D:java.util.concurrent.CompletableFuture@74df2c8d[Not completed]
2019-09-27 06:05:32,621 [pool-589-thread-1] INFO  impl.RaftServerImpl (RaftServerImpl.java:<init>(95)) - a2460cbf-d92d-40d7-8f4b-4fedf6506083: new RaftServerImpl for group-1802F54B162D:[a2460cbf-d92d-40d7-8f4b-4fedf6506083:192.168.151.69:46128] with ContainerStateMachine:uninitialized
2019-09-27 06:05:32,621 [pool-589-thread-1] INFO  server.RaftServerConfigKeys (ConfUtils.java:logGet(43)) - raft.server.rpc.timeout.min = 5s (custom)
2019-09-27 06:05:32,621 [pool-589-thread-1] INFO  server.RaftServerConfigKeys (ConfUtils.java:logGet(43)) - raft.server.rpc.timeout.max = 5200ms (custom)
2019-09-27 06:05:32,621 [pool-589-thread-1] INFO  server.RaftServerConfigKeys (ConfUtils.java:logGet(43)) - raft.server.rpcslowness.timeout = 120s (custom)
2019-09-27 06:05:32,621 [pool-589-thread-1] INFO  server.RaftServerConfigKeys (ConfUtils.java:logGet(43)) - raft.server.sleep.deviation.threshold = 300 (default)
2019-09-27 06:05:32,622 [pool-589-thread-1] INFO  server.RaftServerConfigKeys (ConfUtils.java:logGet(43)) - raft.server.log.appender.install.snapshot.enabled = false (custom)
2019-09-27 06:05:32,622 [pool-589-thread-1] INFO  impl.RaftServerImpl (ServerState.java:<init>(103)) - a2460cbf-d92d-40d7-8f4b-4fedf6506083@group-1802F54B162D: ConfigurationManager, init=-1: [a2460cbf-d92d-40d7-8f4b-4fedf6506083:192.168.151.69:46128], old=null, confs=<EMPTY_MAP>
2019-09-27 06:05:32,622 [pool-589-thread-1] INFO  server.RaftServerConfigKeys (ConfUtils.java:logGet(43)) - raft.server.storage.dir = [/workdir/hadoop-ozone/integration-test/target/test-dir/MiniOzoneClusterImpl-4525ab81-30b7-4168-a37a-5e85eef55cd7/datanode-0/data/ratis] (custom)
2019-09-27 06:05:32,623 [pool-589-thread-1] INFO  storage.RaftStorageDirectory (RaftStorageDirectory.java:analyzeStorage(246)) - The storage directory /workdir/hadoop-ozone/integration-test/target/test-dir/MiniOzoneClusterImpl-4525ab81-30b7-4168-a37a-5e85eef55cd7/datanode-0/data/ratis/a0a003b1-7f81-4c66-b968-1802f54b162d does not exist. Creating ...
2019-09-27 06:05:32,636 [pool-589-thread-1] INFO  storage.RaftStorageDirectory (RaftStorageDirectory.java:tryLock(328)) - Lock on /workdir/hadoop-ozone/integration-test/target/test-dir/MiniOzoneClusterImpl-4525ab81-30b7-4168-a37a-5e85eef55cd7/datanode-0/data/ratis/a0a003b1-7f81-4c66-b968-1802f54b162d/in_use.lock acquired by nodename 22904@trunk-nightly-20190927-zr2qb-3451358976
2019-09-27 06:05:32,648 [pool-589-thread-1] INFO  storage.RaftStorage (RaftStorage.java:format(72)) - Storage directory /workdir/hadoop-ozone/integration-test/target/test-dir/MiniOzoneClusterImpl-4525ab81-30b7-4168-a37a-5e85eef55cd7/datanode-0/data/ratis/a0a003b1-7f81-4c66-b968-1802f54b162d has been successfully formatted.
2019-09-27 06:05:32,649 [pool-589-thread-1] INFO  ratis.ContainerStateMachine (ContainerStateMachine.java:loadSnapshot(230)) - group-1802F54B162D: The snapshot info is null. Setting the last applied indexto:(t:0, i:~)
2019-09-27 06:05:32,649 [pool-589-thread-1] INFO  server.RaftServerConfigKeys (ConfUtils.java:logGet(43)) - raft.server.notification.no-leader.timeout = 120s (custom)
2019-09-27 06:05:32,649 [pool-589-thread-1] INFO  server.RaftServerConfigKeys (ConfUtils.java:logGet(43)) - raft.server.log.use.memory = false (default)
2019-09-27 06:05:32,649 [pool-589-thread-1] INFO  server.RaftServerConfigKeys (ConfUtils.java:logGet(43)) - raft.server.log.purge.gap = 1000000 (custom)
2019-09-27 06:05:32,649 [pool-589-thread-1] INFO  server.RaftServerConfigKeys (ConfUtils.java:logGet(43)) - raft.server.log.appender.buffer.byte-limit = 33554432 (custom)
2019-09-27 06:05:32,650 [pool-589-thread-1] INFO  server.RaftServerConfigKeys (ConfUtils.java:logGet(43)) - raft.server.log.segment.size.max = 1048576 (custom)
2019-09-27 06:05:32,650 [pool-589-thread-1] INFO  server.RaftServerConfigKeys (ConfUtils.java:logGet(43)) - raft.server.log.segment.cache.num.max = 2 (custom)
2019-09-27 06:05:32,650 [pool-589-thread-1] INFO  segmented.SegmentedRaftLogWorker (SegmentedRaftLogWorker.java:<init>(172)) - new a2460cbf-d92d-40d7-8f4b-4fedf6506083@group-1802F54B162D-SegmentedRaftLogWorker for RaftStorage:Storage Directory /workdir/hadoop-ozone/integration-test/target/test-dir/MiniOzoneClusterImpl-4525ab81-30b7-4168-a37a-5e85eef55cd7/datanode-0/data/ratis/a0a003b1-7f81-4c66-b968-1802f54b162d
2019-09-27 06:05:32,652 [pool-589-thread-1] INFO  server.RaftServerConfigKeys (ConfUtils.java:logGet(43)) - raft.server.log.queue.byte-limit = 2147483647 (custom)
2019-09-27 06:05:32,652 [pool-589-thread-1] INFO  server.RaftServerConfigKeys (ConfUtils.java:logGet(43)) - raft.server.log.queue.element-limit = 1024 (custom)
2019-09-27 06:05:32,653 [pool-589-thread-1] INFO  server.RaftServerConfigKeys (ConfUtils.java:logGet(43)) - raft.server.log.segment.size.max = 1048576 (custom)
2019-09-27 06:05:32,653 [pool-589-thread-1] INFO  server.RaftServerConfigKeys (ConfUtils.java:logGet(43)) - raft.server.log.preallocated.size = 16384 (custom)
2019-09-27 06:05:32,653 [pool-589-thread-1] INFO  server.RaftServerConfigKeys (ConfUtils.java:logGet(43)) - raft.server.log.write.buffer.size = 33554432 (custom)
2019-09-27 06:05:32,653 [pool-589-thread-1] INFO  server.RaftServerConfigKeys (ConfUtils.java:logGet(43)) - raft.server.log.force.sync.num = 128 (default)
2019-09-27 06:05:32,653 [pool-589-thread-1] INFO  server.RaftServerConfigKeys (ConfUtils.java:logGet(43)) - raft.server.log.statemachine.data.sync = true (default)
2019-09-27 06:05:32,653 [pool-589-thread-1] INFO  server.RaftServerConfigKeys (ConfUtils.java:logGet(43)) - raft.server.log.statemachine.data.sync.timeout = 10s (default)
2019-09-27 06:05:32,653 [pool-589-thread-1] INFO  server.RaftServerConfigKeys (ConfUtils.java:logGet(43)) - raft.server.log.statemachine.data.sync.timeout.retry = -1 (default)
2019-09-27 06:05:32,654 [pool-589-thread-1] INFO  server.RaftServerConfigKeys (ConfUtils.java:logGet(43)) - raft.server.log.statemachine.data.caching.enabled = true (custom)
2019-09-27 06:05:32,654 [pool-589-thread-1] INFO  segmented.SegmentedRaftLogWorker (SegmentedRaftLogWorker.java:lambda$new$0(132)) - a2460cbf-d92d-40d7-8f4b-4fedf6506083@group-1802F54B162D-SegmentedRaftLogWorker: flushIndex: setUnconditionally 0 -> -1
2019-09-27 06:05:32,654 [pool-589-thread-1] INFO  server.RaftServerConfigKeys (ConfUtils.java:logGet(43)) - raft.server.snapshot.auto.trigger.enabled = true (custom)
2019-09-27 06:05:32,655 [pool-589-thread-1] INFO  server.RaftServerConfigKeys (ConfUtils.java:logGet(43)) - raft.server.snapshot.auto.trigger.threshold = 10000 (custom)
2019-09-27 06:05:32,655 [pool-589-thread-1] INFO  server.RaftServerConfigKeys (ConfUtils.java:logGet(43)) - raft.server.snapshot.retention.num.files = 5 (custom)
2019-09-27 06:05:32,655 [pool-589-thread-1] INFO  server.RaftServerConfigKeys (ConfUtils.java:logGet(43)) - raft.server.retrycache.expirytime = 600000ms (custom)
2019-09-27 06:05:32,657 [pool-589-thread-1] INFO  impl.RaftServerImpl (RaftServerImpl.java:start(185)) - a2460cbf-d92d-40d7-8f4b-4fedf6506083@group-1802F54B162D: start as a follower, conf=-1: [a2460cbf-d92d-40d7-8f4b-4fedf6506083:192.168.151.69:46128], old=null
2019-09-27 06:05:32,657 [pool-589-thread-1] INFO  impl.RaftServerImpl (RaftServerImpl.java:setRole(174)) - a2460cbf-d92d-40d7-8f4b-4fedf6506083@group-1802F54B162D: changes role from      null to FOLLOWER at term 0 for startAsFollower
2019-09-27 06:05:32,657 [pool-589-thread-1] INFO  impl.RoleInfo (RoleInfo.java:updateAndGet(143)) - a2460cbf-d92d-40d7-8f4b-4fedf6506083: start FollowerState
2019-09-27 06:05:32,658 [pool-589-thread-1] INFO  util.JmxRegister (JmxRegister.java:tryRegister(44)) - Successfully registered JMX Bean with object name Ratis:service=RaftServer,group=group-1802F54B162D,id=a2460cbf-d92d-40d7-8f4b-4fedf6506083
2019-09-27 06:05:32,658 [IPC Server handler 2 on 44694] INFO  net.NetworkTopology (NetworkTopologyImpl.java:add(111)) - Added a new node: /default-rack/7a09dfa5-1bb7-4af5-90e7-84a302ea596c
2019-09-27 06:05:32,658 [IPC Server handler 2 on 44694] INFO  node.SCMNodeManager (SCMNodeManager.java:register(266)) - Registered Data node : 7a09dfa5-1bb7-4af5-90e7-84a302ea596c{ip: 192.168.151.69, host: trunk-nightly-20190927-zr2qb-3451358976, networkLocation: /default-rack, certSerialId: null}
2019-09-27 06:05:32,661 [RatisPipelineUtilsThread] INFO  pipeline.PipelineStateManager (PipelineStateManager.java:addPipeline(56)) - Created pipeline Pipeline[ Id: a0a003b1-7f81-4c66-b968-1802f54b162d, Nodes: a2460cbf-d92d-40d7-8f4b-4fedf6506083{ip: 192.168.151.69, host: trunk-nightly-20190927-zr2qb-3451358976, networkLocation: /default-rack, certSerialId: null}, Type:RATIS, Factor:ONE, State:OPEN]
2019-09-27 06:05:32,685 [grpc-default-executor-7] INFO  impl.RaftServerProxy (RaftServerProxy.java:addNew(89)) - 7a09dfa5-1bb7-4af5-90e7-84a302ea596c: addNew group-E4E123AA1E3A:[7a09dfa5-1bb7-4af5-90e7-84a302ea596c:192.168.151.69:37216] returns group-E4E123AA1E3A:java.util.concurrent.CompletableFuture@75b59149[Not completed]
2019-09-27 06:05:32,687 [pool-599-thread-1] INFO  impl.RaftServerImpl (RaftServerImpl.java:<init>(95)) - 7a09dfa5-1bb7-4af5-90e7-84a302ea596c: new RaftServerImpl for group-E4E123AA1E3A:[7a09dfa5-1bb7-4af5-90e7-84a302ea596c:192.168.151.69:37216] with ContainerStateMachine:uninitialized
2019-09-27 06:05:32,687 [pool-599-thread-1] INFO  server.RaftServerConfigKeys (ConfUtils.java:logGet(43)) - raft.server.rpc.timeout.min = 5s (custom)
2019-09-27 06:05:32,687 [pool-599-thread-1] INFO  server.RaftServerConfigKeys (ConfUtils.java:logGet(43)) - raft.server.rpc.timeout.max = 5200ms (custom)
2019-09-27 06:05:32,687 [pool-599-thread-1] INFO  server.RaftServerConfigKeys (ConfUtils.java:logGet(43)) - raft.server.rpcslowness.timeout = 120s (custom)
2019-09-27 06:05:32,687 [pool-599-thread-1] INFO  server.RaftServerConfigKeys (ConfUtils.java:logGet(43)) - raft.server.sleep.deviation.threshold = 300 (default)
2019-09-27 06:05:32,687 [pool-599-thread-1] INFO  server.RaftServerConfigKeys (ConfUtils.java:logGet(43)) - raft.server.log.appender.install.snapshot.enabled = false (custom)
2019-09-27 06:05:32,687 [pool-599-thread-1] INFO  impl.RaftServerImpl (ServerState.java:<init>(103)) - 7a09dfa5-1bb7-4af5-90e7-84a302ea596c@group-E4E123AA1E3A: ConfigurationManager, init=-1: [7a09dfa5-1bb7-4af5-90e7-84a302ea596c:192.168.151.69:37216], old=null, confs=<EMPTY_MAP>
2019-09-27 06:05:32,687 [pool-599-thread-1] INFO  server.RaftServerConfigKeys (ConfUtils.java:logGet(43)) - raft.server.storage.dir = [/workdir/hadoop-ozone/integration-test/target/test-dir/MiniOzoneClusterImpl-4525ab81-30b7-4168-a37a-5e85eef55cd7/datanode-1/data/ratis] (custom)
2019-09-27 06:05:32,688 [pool-599-thread-1] INFO  storage.RaftStorageDirectory (RaftStorageDirectory.java:analyzeStorage(246)) - The storage directory /workdir/hadoop-ozone/integration-test/target/test-dir/MiniOzoneClusterImpl-4525ab81-30b7-4168-a37a-5e85eef55cd7/datanode-1/data/ratis/fd89df33-106c-41ce-afa6-e4e123aa1e3a does not exist. Creating ...
2019-09-27 06:05:32,700 [pool-599-thread-1] INFO  storage.RaftStorageDirectory (RaftStorageDirectory.java:tryLock(328)) - Lock on /workdir/hadoop-ozone/integration-test/target/test-dir/MiniOzoneClusterImpl-4525ab81-30b7-4168-a37a-5e85eef55cd7/datanode-1/data/ratis/fd89df33-106c-41ce-afa6-e4e123aa1e3a/in_use.lock acquired by nodename 22904@trunk-nightly-20190927-zr2qb-3451358976
2019-09-27 06:05:32,713 [pool-599-thread-1] INFO  storage.RaftStorage (RaftStorage.java:format(72)) - Storage directory /workdir/hadoop-ozone/integration-test/target/test-dir/MiniOzoneClusterImpl-4525ab81-30b7-4168-a37a-5e85eef55cd7/datanode-1/data/ratis/fd89df33-106c-41ce-afa6-e4e123aa1e3a has been successfully formatted.
2019-09-27 06:05:32,713 [pool-599-thread-1] INFO  ratis.ContainerStateMachine (ContainerStateMachine.java:loadSnapshot(230)) - group-E4E123AA1E3A: The snapshot info is null. Setting the last applied indexto:(t:0, i:~)
2019-09-27 06:05:32,713 [pool-599-thread-1] INFO  server.RaftServerConfigKeys (ConfUtils.java:logGet(43)) - raft.server.notification.no-leader.timeout = 120s (custom)
2019-09-27 06:05:32,713 [pool-599-thread-1] INFO  server.RaftServerConfigKeys (ConfUtils.java:logGet(43)) - raft.server.log.use.memory = false (default)
2019-09-27 06:05:32,713 [pool-599-thread-1] INFO  server.RaftServerConfigKeys (ConfUtils.java:logGet(43)) - raft.server.log.purge.gap = 1000000 (custom)
2019-09-27 06:05:32,713 [pool-599-thread-1] INFO  server.RaftServerConfigKeys (ConfUtils.java:logGet(43)) - raft.server.log.appender.buffer.byte-limit = 33554432 (custom)
2019-09-27 06:05:32,713 [pool-599-thread-1] INFO  server.RaftServerConfigKeys (ConfUtils.java:logGet(43)) - raft.server.log.segment.size.max = 1048576 (custom)
2019-09-27 06:05:32,714 [pool-599-thread-1] INFO  server.RaftServerConfigKeys (ConfUtils.java:logGet(43)) - raft.server.log.segment.cache.num.max = 2 (custom)
2019-09-27 06:05:32,714 [pool-599-thread-1] INFO  segmented.SegmentedRaftLogWorker (SegmentedRaftLogWorker.java:<init>(172)) - new 7a09dfa5-1bb7-4af5-90e7-84a302ea596c@group-E4E123AA1E3A-SegmentedRaftLogWorker for RaftStorage:Storage Directory /workdir/hadoop-ozone/integration-test/target/test-dir/MiniOzoneClusterImpl-4525ab81-30b7-4168-a37a-5e85eef55cd7/datanode-1/data/ratis/fd89df33-106c-41ce-afa6-e4e123aa1e3a
2019-09-27 06:05:32,715 [pool-599-thread-1] INFO  server.RaftServerConfigKeys (ConfUtils.java:logGet(43)) - raft.server.log.queue.byte-limit = 2147483647 (custom)
2019-09-27 06:05:32,715 [pool-599-thread-1] INFO  server.RaftServerConfigKeys (ConfUtils.java:logGet(43)) - raft.server.log.queue.element-limit = 1024 (custom)
2019-09-27 06:05:32,715 [pool-599-thread-1] INFO  server.RaftServerConfigKeys (ConfUtils.java:logGet(43)) - raft.server.log.segment.size.max = 1048576 (custom)
2019-09-27 06:05:32,715 [pool-599-thread-1] INFO  server.RaftServerConfigKeys (ConfUtils.java:logGet(43)) - raft.server.log.preallocated.size = 16384 (custom)
2019-09-27 06:05:32,715 [pool-599-thread-1] INFO  server.RaftServerConfigKeys (ConfUtils.java:logGet(43)) - raft.server.log.write.buffer.size = 33554432 (custom)
2019-09-27 06:05:32,715 [pool-599-thread-1] INFO  server.RaftServerConfigKeys (ConfUtils.java:logGet(43)) - raft.server.log.force.sync.num = 128 (default)
2019-09-27 06:05:32,716 [pool-599-thread-1] INFO  server.RaftServerConfigKeys (ConfUtils.java:logGet(43)) - raft.server.log.statemachine.data.sync = true (default)
2019-09-27 06:05:32,716 [IPC Server handler 3 on 44694] INFO  net.NetworkTopology (NetworkTopologyImpl.java:add(111)) - Added a new node: /default-rack/6d6ef3a3-db64-42fb-a25e-fae4e6d7296a
2019-09-27 06:05:32,716 [pool-599-thread-1] INFO  server.RaftServerConfigKeys (ConfUtils.java:logGet(43)) - raft.server.log.statemachine.data.sync.timeout = 10s (default)
2019-09-27 06:05:32,716 [IPC Server handler 3 on 44694] INFO  node.SCMNodeManager (SCMNodeManager.java:register(266)) - Registered Data node : 6d6ef3a3-db64-42fb-a25e-fae4e6d7296a{ip: 192.168.151.69, host: trunk-nightly-20190927-zr2qb-3451358976, networkLocation: /default-rack, certSerialId: null}
2019-09-27 06:05:32,716 [pool-599-thread-1] INFO  server.RaftServerConfigKeys (ConfUtils.java:logGet(43)) - raft.server.log.statemachine.data.sync.timeout.retry = -1 (default)
2019-09-27 06:05:32,716 [pool-599-thread-1] INFO  server.RaftServerConfigKeys (ConfUtils.java:logGet(43)) - raft.server.log.statemachine.data.caching.enabled = true (custom)
2019-09-27 06:05:32,716 [pool-599-thread-1] INFO  segmented.SegmentedRaftLogWorker (SegmentedRaftLogWorker.java:lambda$new$0(132)) - 7a09dfa5-1bb7-4af5-90e7-84a302ea596c@group-E4E123AA1E3A-SegmentedRaftLogWorker: flushIndex: setUnconditionally 0 -> -1
2019-09-27 06:05:32,717 [pool-599-thread-1] INFO  server.RaftServerConfigKeys (ConfUtils.java:logGet(43)) - raft.server.snapshot.auto.trigger.enabled = true (custom)
2019-09-27 06:05:32,717 [pool-599-thread-1] INFO  server.RaftServerConfigKeys (ConfUtils.java:logGet(43)) - raft.server.snapshot.auto.trigger.threshold = 10000 (custom)
2019-09-27 06:05:32,717 [pool-599-thread-1] INFO  server.RaftServerConfigKeys (ConfUtils.java:logGet(43)) - raft.server.snapshot.retention.num.files = 5 (custom)
2019-09-27 06:05:32,717 [pool-599-thread-1] INFO  server.RaftServerConfigKeys (ConfUtils.java:logGet(43)) - raft.server.retrycache.expirytime = 600000ms (custom)
2019-09-27 06:05:32,718 [pool-599-thread-1] INFO  impl.RaftServerImpl (RaftServerImpl.java:start(185)) - 7a09dfa5-1bb7-4af5-90e7-84a302ea596c@group-E4E123AA1E3A: start as a follower, conf=-1: [7a09dfa5-1bb7-4af5-90e7-84a302ea596c:192.168.151.69:37216], old=null
2019-09-27 06:05:32,718 [pool-599-thread-1] INFO  impl.RaftServerImpl (RaftServerImpl.java:setRole(174)) - 7a09dfa5-1bb7-4af5-90e7-84a302ea596c@group-E4E123AA1E3A: changes role from      null to FOLLOWER at term 0 for startAsFollower
2019-09-27 06:05:32,718 [pool-599-thread-1] INFO  impl.RoleInfo (RoleInfo.java:updateAndGet(143)) - 7a09dfa5-1bb7-4af5-90e7-84a302ea596c: start FollowerState
2019-09-27 06:05:32,718 [pool-599-thread-1] INFO  util.JmxRegister (JmxRegister.java:tryRegister(44)) - Successfully registered JMX Bean with object name Ratis:service=RaftServer,group=group-E4E123AA1E3A,id=7a09dfa5-1bb7-4af5-90e7-84a302ea596c
2019-09-27 06:05:32,720 [RatisPipelineUtilsThread] INFO  pipeline.PipelineStateManager (PipelineStateManager.java:addPipeline(56)) - Created pipeline Pipeline[ Id: fd89df33-106c-41ce-afa6-e4e123aa1e3a, Nodes: 7a09dfa5-1bb7-4af5-90e7-84a302ea596c{ip: 192.168.151.69, host: trunk-nightly-20190927-zr2qb-3451358976, networkLocation: /default-rack, certSerialId: null}, Type:RATIS, Factor:ONE, State:OPEN]
2019-09-27 06:05:32,738 [grpc-default-executor-7] INFO  impl.RaftServerProxy (RaftServerProxy.java:addNew(89)) - 6d6ef3a3-db64-42fb-a25e-fae4e6d7296a: addNew group-88562CD1F915:[6d6ef3a3-db64-42fb-a25e-fae4e6d7296a:192.168.151.69:45410] returns group-88562CD1F915:java.util.concurrent.CompletableFuture@428a65f3[Not completed]
2019-09-27 06:05:32,740 [pool-609-thread-1] INFO  impl.RaftServerImpl (RaftServerImpl.java:<init>(95)) - 6d6ef3a3-db64-42fb-a25e-fae4e6d7296a: new RaftServerImpl for group-88562CD1F915:[6d6ef3a3-db64-42fb-a25e-fae4e6d7296a:192.168.151.69:45410] with ContainerStateMachine:uninitialized
2019-09-27 06:05:32,741 [pool-609-thread-1] INFO  server.RaftServerConfigKeys (ConfUtils.java:logGet(43)) - raft.server.rpc.timeout.min = 5s (custom)
2019-09-27 06:05:32,741 [pool-609-thread-1] INFO  server.RaftServerConfigKeys (ConfUtils.java:logGet(43)) - raft.server.rpc.timeout.max = 5200ms (custom)
2019-09-27 06:05:32,741 [pool-609-thread-1] INFO  server.RaftServerConfigKeys (ConfUtils.java:logGet(43)) - raft.server.rpcslowness.timeout = 120s (custom)
2019-09-27 06:05:32,741 [pool-609-thread-1] INFO  server.RaftServerConfigKeys (ConfUtils.java:logGet(43)) - raft.server.sleep.deviation.threshold = 300 (default)
2019-09-27 06:05:32,742 [pool-609-thread-1] INFO  server.RaftServerConfigKeys (ConfUtils.java:logGet(43)) - raft.server.log.appender.install.snapshot.enabled = false (custom)
2019-09-27 06:05:32,742 [pool-609-thread-1] INFO  impl.RaftServerImpl (ServerState.java:<init>(103)) - 6d6ef3a3-db64-42fb-a25e-fae4e6d7296a@group-88562CD1F915: ConfigurationManager, init=-1: [6d6ef3a3-db64-42fb-a25e-fae4e6d7296a:192.168.151.69:45410], old=null, confs=<EMPTY_MAP>
2019-09-27 06:05:32,742 [pool-609-thread-1] INFO  server.RaftServerConfigKeys (ConfUtils.java:logGet(43)) - raft.server.storage.dir = [/workdir/hadoop-ozone/integration-test/target/test-dir/MiniOzoneClusterImpl-4525ab81-30b7-4168-a37a-5e85eef55cd7/datanode-2/data/ratis] (custom)
2019-09-27 06:05:32,743 [pool-609-thread-1] INFO  storage.RaftStorageDirectory (RaftStorageDirectory.java:analyzeStorage(246)) - The storage directory /workdir/hadoop-ozone/integration-test/target/test-dir/MiniOzoneClusterImpl-4525ab81-30b7-4168-a37a-5e85eef55cd7/datanode-2/data/ratis/1f689dd5-1d3f-42b3-b9e1-88562cd1f915 does not exist. Creating ...
2019-09-27 06:05:32,755 [pool-609-thread-1] INFO  storage.RaftStorageDirectory (RaftStorageDirectory.java:tryLock(328)) - Lock on /workdir/hadoop-ozone/integration-test/target/test-dir/MiniOzoneClusterImpl-4525ab81-30b7-4168-a37a-5e85eef55cd7/datanode-2/data/ratis/1f689dd5-1d3f-42b3-b9e1-88562cd1f915/in_use.lock acquired by nodename 22904@trunk-nightly-20190927-zr2qb-3451358976
2019-09-27 06:05:32,768 [pool-609-thread-1] INFO  storage.RaftStorage (RaftStorage.java:format(72)) - Storage directory /workdir/hadoop-ozone/integration-test/target/test-dir/MiniOzoneClusterImpl-4525ab81-30b7-4168-a37a-5e85eef55cd7/datanode-2/data/ratis/1f689dd5-1d3f-42b3-b9e1-88562cd1f915 has been successfully formatted.
2019-09-27 06:05:32,769 [pool-609-thread-1] INFO  ratis.ContainerStateMachine (ContainerStateMachine.java:loadSnapshot(230)) - group-88562CD1F915: The snapshot info is null. Setting the last applied indexto:(t:0, i:~)
2019-09-27 06:05:32,769 [pool-609-thread-1] INFO  server.RaftServerConfigKeys (ConfUtils.java:logGet(43)) - raft.server.notification.no-leader.timeout = 120s (custom)
2019-09-27 06:05:32,769 [pool-609-thread-1] INFO  server.RaftServerConfigKeys (ConfUtils.java:logGet(43)) - raft.server.log.use.memory = false (default)
2019-09-27 06:05:32,769 [pool-609-thread-1] INFO  server.RaftServerConfigKeys (ConfUtils.java:logGet(43)) - raft.server.log.purge.gap = 1000000 (custom)
2019-09-27 06:05:32,769 [pool-609-thread-1] INFO  server.RaftServerConfigKeys (ConfUtils.java:logGet(43)) - raft.server.log.appender.buffer.byte-limit = 33554432 (custom)
2019-09-27 06:05:32,769 [pool-609-thread-1] INFO  server.RaftServerConfigKeys (ConfUtils.java:logGet(43)) - raft.server.log.segment.size.max = 1048576 (custom)
2019-09-27 06:05:32,770 [pool-609-thread-1] INFO  server.RaftServerConfigKeys (ConfUtils.java:logGet(43)) - raft.server.log.segment.cache.num.max = 2 (custom)
2019-09-27 06:05:32,770 [pool-609-thread-1] INFO  segmented.SegmentedRaftLogWorker (SegmentedRaftLogWorker.java:<init>(172)) - new 6d6ef3a3-db64-42fb-a25e-fae4e6d7296a@group-88562CD1F915-SegmentedRaftLogWorker for RaftStorage:Storage Directory /workdir/hadoop-ozone/integration-test/target/test-dir/MiniOzoneClusterImpl-4525ab81-30b7-4168-a37a-5e85eef55cd7/datanode-2/data/ratis/1f689dd5-1d3f-42b3-b9e1-88562cd1f915
2019-09-27 06:05:32,771 [pool-609-thread-1] INFO  server.RaftServerConfigKeys (ConfUtils.java:logGet(43)) - raft.server.log.queue.byte-limit = 2147483647 (custom)
2019-09-27 06:05:32,772 [pool-609-thread-1] INFO  server.RaftServerConfigKeys (ConfUtils.java:logGet(43)) - raft.server.log.queue.element-limit = 1024 (custom)
2019-09-27 06:05:32,772 [pool-609-thread-1] INFO  server.RaftServerConfigKeys (ConfUtils.java:logGet(43)) - raft.server.log.segment.size.max = 1048576 (custom)
2019-09-27 06:05:32,772 [pool-609-thread-1] INFO  server.RaftServerConfigKeys (ConfUtils.java:logGet(43)) - raft.server.log.preallocated.size = 16384 (custom)
2019-09-27 06:05:32,772 [pool-609-thread-1] INFO  server.RaftServerConfigKeys (ConfUtils.java:logGet(43)) - raft.server.log.write.buffer.size = 33554432 (custom)
2019-09-27 06:05:32,772 [pool-609-thread-1] INFO  server.RaftServerConfigKeys (ConfUtils.java:logGet(43)) - raft.server.log.force.sync.num = 128 (default)
2019-09-27 06:05:32,772 [pool-609-thread-1] INFO  server.RaftServerConfigKeys (ConfUtils.java:logGet(43)) - raft.server.log.statemachine.data.sync = true (default)
2019-09-27 06:05:32,772 [pool-609-thread-1] INFO  server.RaftServerConfigKeys (ConfUtils.java:logGet(43)) - raft.server.log.statemachine.data.sync.timeout = 10s (default)
2019-09-27 06:05:32,773 [pool-609-thread-1] INFO  server.RaftServerConfigKeys (ConfUtils.java:logGet(43)) - raft.server.log.statemachine.data.sync.timeout.retry = -1 (default)
2019-09-27 06:05:32,773 [IPC Server handler 5 on 44694] INFO  net.NetworkTopology (NetworkTopologyImpl.java:add(111)) - Added a new node: /default-rack/0f7d47af-aea5-43f8-93d1-7d0eb4472ed1
2019-09-27 06:05:32,773 [pool-609-thread-1] INFO  server.RaftServerConfigKeys (ConfUtils.java:logGet(43)) - raft.server.log.statemachine.data.caching.enabled = true (custom)
2019-09-27 06:05:32,773 [IPC Server handler 5 on 44694] INFO  node.SCMNodeManager (SCMNodeManager.java:register(266)) - Registered Data node : 0f7d47af-aea5-43f8-93d1-7d0eb4472ed1{ip: 192.168.151.69, host: trunk-nightly-20190927-zr2qb-3451358976, networkLocation: /default-rack, certSerialId: null}
2019-09-27 06:05:32,773 [pool-609-thread-1] INFO  segmented.SegmentedRaftLogWorker (SegmentedRaftLogWorker.java:lambda$new$0(132)) - 6d6ef3a3-db64-42fb-a25e-fae4e6d7296a@group-88562CD1F915-SegmentedRaftLogWorker: flushIndex: setUnconditionally 0 -> -1
2019-09-27 06:05:32,773 [pool-609-thread-1] INFO  server.RaftServerConfigKeys (ConfUtils.java:logGet(43)) - raft.server.snapshot.auto.trigger.enabled = true (custom)
2019-09-27 06:05:32,773 [pool-609-thread-1] INFO  server.RaftServerConfigKeys (ConfUtils.java:logGet(43)) - raft.server.snapshot.auto.trigger.threshold = 10000 (custom)
2019-09-27 06:05:32,774 [pool-609-thread-1] INFO  server.RaftServerConfigKeys (ConfUtils.java:logGet(43)) - raft.server.snapshot.retention.num.files = 5 (custom)
2019-09-27 06:05:32,774 [pool-609-thread-1] INFO  server.RaftServerConfigKeys (ConfUtils.java:logGet(43)) - raft.server.retrycache.expirytime = 600000ms (custom)
2019-09-27 06:05:32,775 [pool-609-thread-1] INFO  impl.RaftServerImpl (RaftServerImpl.java:start(185)) - 6d6ef3a3-db64-42fb-a25e-fae4e6d7296a@group-88562CD1F915: start as a follower, conf=-1: [6d6ef3a3-db64-42fb-a25e-fae4e6d7296a:192.168.151.69:45410], old=null
2019-09-27 06:05:32,775 [pool-609-thread-1] INFO  impl.RaftServerImpl (RaftServerImpl.java:setRole(174)) - 6d6ef3a3-db64-42fb-a25e-fae4e6d7296a@group-88562CD1F915: changes role from      null to FOLLOWER at term 0 for startAsFollower
2019-09-27 06:05:32,775 [pool-609-thread-1] INFO  impl.RoleInfo (RoleInfo.java:updateAndGet(143)) - 6d6ef3a3-db64-42fb-a25e-fae4e6d7296a: start FollowerState
2019-09-27 06:05:32,776 [pool-609-thread-1] INFO  util.JmxRegister (JmxRegister.java:tryRegister(44)) - Successfully registered JMX Bean with object name Ratis:service=RaftServer,group=group-88562CD1F915,id=6d6ef3a3-db64-42fb-a25e-fae4e6d7296a
2019-09-27 06:05:32,778 [RatisPipelineUtilsThread] INFO  pipeline.PipelineStateManager (PipelineStateManager.java:addPipeline(56)) - Created pipeline Pipeline[ Id: 1f689dd5-1d3f-42b3-b9e1-88562cd1f915, Nodes: 6d6ef3a3-db64-42fb-a25e-fae4e6d7296a{ip: 192.168.151.69, host: trunk-nightly-20190927-zr2qb-3451358976, networkLocation: /default-rack, certSerialId: null}, Type:RATIS, Factor:ONE, State:OPEN]
2019-09-27 06:05:32,786 [grpc-default-executor-7] INFO  impl.RaftServerProxy (RaftServerProxy.java:addNew(89)) - 0f7d47af-aea5-43f8-93d1-7d0eb4472ed1: addNew group-1F283EC47BAC:[0f7d47af-aea5-43f8-93d1-7d0eb4472ed1:192.168.151.69:39123] returns group-1F283EC47BAC:java.util.concurrent.CompletableFuture@4d96425[Not completed]
2019-09-27 06:05:32,787 [pool-619-thread-1] INFO  impl.RaftServerImpl (RaftServerImpl.java:<init>(95)) - 0f7d47af-aea5-43f8-93d1-7d0eb4472ed1: new RaftServerImpl for group-1F283EC47BAC:[0f7d47af-aea5-43f8-93d1-7d0eb4472ed1:192.168.151.69:39123] with ContainerStateMachine:uninitialized
2019-09-27 06:05:32,787 [pool-619-thread-1] INFO  server.RaftServerConfigKeys (ConfUtils.java:logGet(43)) - raft.server.rpc.timeout.min = 5s (custom)
2019-09-27 06:05:32,787 [pool-619-thread-1] INFO  server.RaftServerConfigKeys (ConfUtils.java:logGet(43)) - raft.server.rpc.timeout.max = 5200ms (custom)
2019-09-27 06:05:32,787 [pool-619-thread-1] INFO  server.RaftServerConfigKeys (ConfUtils.java:logGet(43)) - raft.server.rpcslowness.timeout = 120s (custom)
2019-09-27 06:05:32,787 [pool-619-thread-1] INFO  server.RaftServerConfigKeys (ConfUtils.java:logGet(43)) - raft.server.sleep.deviation.threshold = 300 (default)
2019-09-27 06:05:32,787 [pool-619-thread-1] INFO  server.RaftServerConfigKeys (ConfUtils.java:logGet(43)) - raft.server.log.appender.install.snapshot.enabled = false (custom)
2019-09-27 06:05:32,787 [pool-619-thread-1] INFO  impl.RaftServerImpl (ServerState.java:<init>(103)) - 0f7d47af-aea5-43f8-93d1-7d0eb4472ed1@group-1F283EC47BAC: ConfigurationManager, init=-1: [0f7d47af-aea5-43f8-93d1-7d0eb4472ed1:192.168.151.69:39123], old=null, confs=<EMPTY_MAP>
2019-09-27 06:05:32,787 [pool-619-thread-1] INFO  server.RaftServerConfigKeys (ConfUtils.java:logGet(43)) - raft.server.storage.dir = [/workdir/hadoop-ozone/integration-test/target/test-dir/MiniOzoneClusterImpl-4525ab81-30b7-4168-a37a-5e85eef55cd7/datanode-3/data/ratis] (custom)
2019-09-27 06:05:32,788 [pool-619-thread-1] INFO  storage.RaftStorageDirectory (RaftStorageDirectory.java:analyzeStorage(246)) - The storage directory /workdir/hadoop-ozone/integration-test/target/test-dir/MiniOzoneClusterImpl-4525ab81-30b7-4168-a37a-5e85eef55cd7/datanode-3/data/ratis/11284207-7664-4ba8-a8d2-1f283ec47bac does not exist. Creating ...
2019-09-27 06:05:32,792 [pool-619-thread-1] INFO  storage.RaftStorageDirectory (RaftStorageDirectory.java:tryLock(328)) - Lock on /workdir/hadoop-ozone/integration-test/target/test-dir/MiniOzoneClusterImpl-4525ab81-30b7-4168-a37a-5e85eef55cd7/datanode-3/data/ratis/11284207-7664-4ba8-a8d2-1f283ec47bac/in_use.lock acquired by nodename 22904@trunk-nightly-20190927-zr2qb-3451358976
2019-09-27 06:05:32,795 [pool-619-thread-1] INFO  storage.RaftStorage (RaftStorage.java:format(72)) - Storage directory /workdir/hadoop-ozone/integration-test/target/test-dir/MiniOzoneClusterImpl-4525ab81-30b7-4168-a37a-5e85eef55cd7/datanode-3/data/ratis/11284207-7664-4ba8-a8d2-1f283ec47bac has been successfully formatted.
2019-09-27 06:05:32,795 [pool-619-thread-1] INFO  ratis.ContainerStateMachine (ContainerStateMachine.java:loadSnapshot(230)) - group-1F283EC47BAC: The snapshot info is null. Setting the last applied indexto:(t:0, i:~)
2019-09-27 06:05:32,795 [pool-619-thread-1] INFO  server.RaftServerConfigKeys (ConfUtils.java:logGet(43)) - raft.server.notification.no-leader.timeout = 120s (custom)
2019-09-27 06:05:32,795 [pool-619-thread-1] INFO  server.RaftServerConfigKeys (ConfUtils.java:logGet(43)) - raft.server.log.use.memory = false (default)
2019-09-27 06:05:32,795 [pool-619-thread-1] INFO  server.RaftServerConfigKeys (ConfUtils.java:logGet(43)) - raft.server.log.purge.gap = 1000000 (custom)
2019-09-27 06:05:32,795 [pool-619-thread-1] INFO  server.RaftServerConfigKeys (ConfUtils.java:logGet(43)) - raft.server.log.appender.buffer.byte-limit = 33554432 (custom)
2019-09-27 06:05:32,796 [pool-619-thread-1] INFO  server.RaftServerConfigKeys (ConfUtils.java:logGet(43)) - raft.server.log.segment.size.max = 1048576 (custom)
2019-09-27 06:05:32,796 [pool-619-thread-1] INFO  server.RaftServerConfigKeys (ConfUtils.java:logGet(43)) - raft.server.log.segment.cache.num.max = 2 (custom)
2019-09-27 06:05:32,796 [pool-619-thread-1] INFO  segmented.SegmentedRaftLogWorker (SegmentedRaftLogWorker.java:<init>(172)) - new 0f7d47af-aea5-43f8-93d1-7d0eb4472ed1@group-1F283EC47BAC-SegmentedRaftLogWorker for RaftStorage:Storage Directory /workdir/hadoop-ozone/integration-test/target/test-dir/MiniOzoneClusterImpl-4525ab81-30b7-4168-a37a-5e85eef55cd7/datanode-3/data/ratis/11284207-7664-4ba8-a8d2-1f283ec47bac
2019-09-27 06:05:32,797 [pool-619-thread-1] INFO  server.RaftServerConfigKeys (ConfUtils.java:logGet(43)) - raft.server.log.queue.byte-limit = 2147483647 (custom)
2019-09-27 06:05:32,797 [pool-619-thread-1] INFO  server.RaftServerConfigKeys (ConfUtils.java:logGet(43)) - raft.server.log.queue.element-limit = 1024 (custom)
2019-09-27 06:05:32,797 [pool-619-thread-1] INFO  server.RaftServerConfigKeys (ConfUtils.java:logGet(43)) - raft.server.log.segment.size.max = 1048576 (custom)
2019-09-27 06:05:32,797 [pool-619-thread-1] INFO  server.RaftServerConfigKeys (ConfUtils.java:logGet(43)) - raft.server.log.preallocated.size = 16384 (custom)
2019-09-27 06:05:32,797 [pool-619-thread-1] INFO  server.RaftServerConfigKeys (ConfUtils.java:logGet(43)) - raft.server.log.write.buffer.size = 33554432 (custom)
2019-09-27 06:05:32,797 [pool-619-thread-1] INFO  server.RaftServerConfigKeys (ConfUtils.java:logGet(43)) - raft.server.log.force.sync.num = 128 (default)
2019-09-27 06:05:32,798 [pool-619-thread-1] INFO  server.RaftServerConfigKeys (ConfUtils.java:logGet(43)) - raft.server.log.statemachine.data.sync = true (default)
2019-09-27 06:05:32,798 [pool-619-thread-1] INFO  server.RaftServerConfigKeys (ConfUtils.java:logGet(43)) - raft.server.log.statemachine.data.sync.timeout = 10s (default)
2019-09-27 06:05:32,798 [pool-619-thread-1] INFO  server.RaftServerConfigKeys (ConfUtils.java:logGet(43)) - raft.server.log.statemachine.data.sync.timeout.retry = -1 (default)
2019-09-27 06:05:32,798 [pool-619-thread-1] INFO  server.RaftServerConfigKeys (ConfUtils.java:logGet(43)) - raft.server.log.statemachine.data.caching.enabled = true (custom)
2019-09-27 06:05:32,798 [pool-619-thread-1] INFO  segmented.SegmentedRaftLogWorker (SegmentedRaftLogWorker.java:lambda$new$0(132)) - 0f7d47af-aea5-43f8-93d1-7d0eb4472ed1@group-1F283EC47BAC-SegmentedRaftLogWorker: flushIndex: setUnconditionally 0 -> -1
2019-09-27 06:05:32,798 [pool-619-thread-1] INFO  server.RaftServerConfigKeys (ConfUtils.java:logGet(43)) - raft.server.snapshot.auto.trigger.enabled = true (custom)
2019-09-27 06:05:32,798 [pool-619-thread-1] INFO  server.RaftServerConfigKeys (ConfUtils.java:logGet(43)) - raft.server.snapshot.auto.trigger.threshold = 10000 (custom)
2019-09-27 06:05:32,799 [pool-619-thread-1] INFO  server.RaftServerConfigKeys (ConfUtils.java:logGet(43)) - raft.server.snapshot.retention.num.files = 5 (custom)
2019-09-27 06:05:32,799 [pool-619-thread-1] INFO  server.RaftServerConfigKeys (ConfUtils.java:logGet(43)) - raft.server.retrycache.expirytime = 600000ms (custom)
2019-09-27 06:05:32,800 [pool-619-thread-1] INFO  impl.RaftServerImpl (RaftServerImpl.java:start(185)) - 0f7d47af-aea5-43f8-93d1-7d0eb4472ed1@group-1F283EC47BAC: start as a follower, conf=-1: [0f7d47af-aea5-43f8-93d1-7d0eb4472ed1:192.168.151.69:39123], old=null
2019-09-27 06:05:32,800 [pool-619-thread-1] INFO  impl.RaftServerImpl (RaftServerImpl.java:setRole(174)) - 0f7d47af-aea5-43f8-93d1-7d0eb4472ed1@group-1F283EC47BAC: changes role from      null to FOLLOWER at term 0 for startAsFollower
2019-09-27 06:05:32,800 [pool-619-thread-1] INFO  impl.RoleInfo (RoleInfo.java:updateAndGet(143)) - 0f7d47af-aea5-43f8-93d1-7d0eb4472ed1: start FollowerState
2019-09-27 06:05:32,800 [pool-619-thread-1] INFO  util.JmxRegister (JmxRegister.java:tryRegister(44)) - Successfully registered JMX Bean with object name Ratis:service=RaftServer,group=group-1F283EC47BAC,id=0f7d47af-aea5-43f8-93d1-7d0eb4472ed1
2019-09-27 06:05:32,802 [RatisPipelineUtilsThread] INFO  pipeline.PipelineStateManager (PipelineStateManager.java:addPipeline(56)) - Created pipeline Pipeline[ Id: 11284207-7664-4ba8-a8d2-1f283ec47bac, Nodes: 0f7d47af-aea5-43f8-93d1-7d0eb4472ed1{ip: 192.168.151.69, host: trunk-nightly-20190927-zr2qb-3451358976, networkLocation: /default-rack, certSerialId: null}, Type:RATIS, Factor:ONE, State:OPEN]
2019-09-27 06:05:32,812 [grpc-default-executor-3] INFO  impl.RaftServerProxy (RaftServerProxy.java:addNew(89)) - a2460cbf-d92d-40d7-8f4b-4fedf6506083: addNew group-8ABC738D3661:[a2460cbf-d92d-40d7-8f4b-4fedf6506083:192.168.151.69:46128, 6d6ef3a3-db64-42fb-a25e-fae4e6d7296a:192.168.151.69:45410, 0f7d47af-aea5-43f8-93d1-7d0eb4472ed1:192.168.151.69:39123] returns group-8ABC738D3661:java.util.concurrent.CompletableFuture@d5ae4b8[Not completed]
2019-09-27 06:05:32,813 [grpc-default-executor-3] INFO  impl.RaftServerProxy (RaftServerProxy.java:addNew(89)) - 0f7d47af-aea5-43f8-93d1-7d0eb4472ed1: addNew group-8ABC738D3661:[a2460cbf-d92d-40d7-8f4b-4fedf6506083:192.168.151.69:46128, 6d6ef3a3-db64-42fb-a25e-fae4e6d7296a:192.168.151.69:45410, 0f7d47af-aea5-43f8-93d1-7d0eb4472ed1:192.168.151.69:39123] returns group-8ABC738D3661:java.util.concurrent.CompletableFuture@5c9dd4ba[Not completed]
2019-09-27 06:05:32,813 [pool-589-thread-1] INFO  impl.RaftServerImpl (RaftServerImpl.java:<init>(95)) - a2460cbf-d92d-40d7-8f4b-4fedf6506083: new RaftServerImpl for group-8ABC738D3661:[a2460cbf-d92d-40d7-8f4b-4fedf6506083:192.168.151.69:46128, 6d6ef3a3-db64-42fb-a25e-fae4e6d7296a:192.168.151.69:45410, 0f7d47af-aea5-43f8-93d1-7d0eb4472ed1:192.168.151.69:39123] with ContainerStateMachine:uninitialized
2019-09-27 06:05:32,813 [pool-589-thread-1] INFO  server.RaftServerConfigKeys (ConfUtils.java:logGet(43)) - raft.server.rpc.timeout.min = 5s (custom)
2019-09-27 06:05:32,813 [pool-589-thread-1] INFO  server.RaftServerConfigKeys (ConfUtils.java:logGet(43)) - raft.server.rpc.timeout.max = 5200ms (custom)
2019-09-27 06:05:32,813 [grpc-default-executor-3] INFO  impl.RaftServerProxy (RaftServerProxy.java:addNew(89)) - 6d6ef3a3-db64-42fb-a25e-fae4e6d7296a: addNew group-8ABC738D3661:[a2460cbf-d92d-40d7-8f4b-4fedf6506083:192.168.151.69:46128, 6d6ef3a3-db64-42fb-a25e-fae4e6d7296a:192.168.151.69:45410, 0f7d47af-aea5-43f8-93d1-7d0eb4472ed1:192.168.151.69:39123] returns group-8ABC738D3661:java.util.concurrent.CompletableFuture@3fdae80e[Not completed]
2019-09-27 06:05:32,814 [pool-589-thread-1] INFO  server.RaftServerConfigKeys (ConfUtils.java:logGet(43)) - raft.server.rpcslowness.timeout = 120s (custom)
2019-09-27 06:05:32,814 [pool-589-thread-1] INFO  server.RaftServerConfigKeys (ConfUtils.java:logGet(43)) - raft.server.sleep.deviation.threshold = 300 (default)
2019-09-27 06:05:32,814 [pool-619-thread-1] INFO  impl.RaftServerImpl (RaftServerImpl.java:<init>(95)) - 0f7d47af-aea5-43f8-93d1-7d0eb4472ed1: new RaftServerImpl for group-8ABC738D3661:[a2460cbf-d92d-40d7-8f4b-4fedf6506083:192.168.151.69:46128, 6d6ef3a3-db64-42fb-a25e-fae4e6d7296a:192.168.151.69:45410, 0f7d47af-aea5-43f8-93d1-7d0eb4472ed1:192.168.151.69:39123] with ContainerStateMachine:uninitialized
2019-09-27 06:05:32,814 [pool-589-thread-1] INFO  server.RaftServerConfigKeys (ConfUtils.java:logGet(43)) - raft.server.log.appender.install.snapshot.enabled = false (custom)
2019-09-27 06:05:32,814 [pool-619-thread-1] INFO  server.RaftServerConfigKeys (ConfUtils.java:logGet(43)) - raft.server.rpc.timeout.min = 5s (custom)
2019-09-27 06:05:32,814 [pool-589-thread-1] INFO  impl.RaftServerImpl (ServerState.java:<init>(103)) - a2460cbf-d92d-40d7-8f4b-4fedf6506083@group-8ABC738D3661: ConfigurationManager, init=-1: [a2460cbf-d92d-40d7-8f4b-4fedf6506083:192.168.151.69:46128, 6d6ef3a3-db64-42fb-a25e-fae4e6d7296a:192.168.151.69:45410, 0f7d47af-aea5-43f8-93d1-7d0eb4472ed1:192.168.151.69:39123], old=null, confs=<EMPTY_MAP>
2019-09-27 06:05:32,814 [pool-619-thread-1] INFO  server.RaftServerConfigKeys (ConfUtils.java:logGet(43)) - raft.server.rpc.timeout.max = 5200ms (custom)
2019-09-27 06:05:32,814 [pool-589-thread-1] INFO  server.RaftServerConfigKeys (ConfUtils.java:logGet(43)) - raft.server.storage.dir = [/workdir/hadoop-ozone/integration-test/target/test-dir/MiniOzoneClusterImpl-4525ab81-30b7-4168-a37a-5e85eef55cd7/datanode-0/data/ratis] (custom)
2019-09-27 06:05:32,814 [pool-619-thread-1] INFO  server.RaftServerConfigKeys (ConfUtils.java:logGet(43)) - raft.server.rpcslowness.timeout = 120s (custom)
2019-09-27 06:05:32,814 [pool-619-thread-1] INFO  server.RaftServerConfigKeys (ConfUtils.java:logGet(43)) - raft.server.sleep.deviation.threshold = 300 (default)
2019-09-27 06:05:32,815 [pool-619-thread-1] INFO  server.RaftServerConfigKeys (ConfUtils.java:logGet(43)) - raft.server.log.appender.install.snapshot.enabled = false (custom)
2019-09-27 06:05:32,815 [pool-589-thread-1] INFO  storage.RaftStorageDirectory (RaftStorageDirectory.java:analyzeStorage(246)) - The storage directory /workdir/hadoop-ozone/integration-test/target/test-dir/MiniOzoneClusterImpl-4525ab81-30b7-4168-a37a-5e85eef55cd7/datanode-0/data/ratis/b18f2471-0da6-4882-a5c7-8abc738d3661 does not exist. Creating ...
2019-09-27 06:05:32,815 [pool-609-thread-1] INFO  impl.RaftServerImpl (RaftServerImpl.java:<init>(95)) - 6d6ef3a3-db64-42fb-a25e-fae4e6d7296a: new RaftServerImpl for group-8ABC738D3661:[a2460cbf-d92d-40d7-8f4b-4fedf6506083:192.168.151.69:46128, 6d6ef3a3-db64-42fb-a25e-fae4e6d7296a:192.168.151.69:45410, 0f7d47af-aea5-43f8-93d1-7d0eb4472ed1:192.168.151.69:39123] with ContainerStateMachine:uninitialized
2019-09-27 06:05:32,815 [pool-619-thread-1] INFO  impl.RaftServerImpl (ServerState.java:<init>(103)) - 0f7d47af-aea5-43f8-93d1-7d0eb4472ed1@group-8ABC738D3661: ConfigurationManager, init=-1: [a2460cbf-d92d-40d7-8f4b-4fedf6506083:192.168.151.69:46128, 6d6ef3a3-db64-42fb-a25e-fae4e6d7296a:192.168.151.69:45410, 0f7d47af-aea5-43f8-93d1-7d0eb4472ed1:192.168.151.69:39123], old=null, confs=<EMPTY_MAP>
2019-09-27 06:05:32,815 [pool-609-thread-1] INFO  server.RaftServerConfigKeys (ConfUtils.java:logGet(43)) - raft.server.rpc.timeout.min = 5s (custom)
2019-09-27 06:05:32,815 [pool-619-thread-1] INFO  server.RaftServerConfigKeys (ConfUtils.java:logGet(43)) - raft.server.storage.dir = [/workdir/hadoop-ozone/integration-test/target/test-dir/MiniOzoneClusterImpl-4525ab81-30b7-4168-a37a-5e85eef55cd7/datanode-3/data/ratis] (custom)
2019-09-27 06:05:32,815 [pool-609-thread-1] INFO  server.RaftServerConfigKeys (ConfUtils.java:logGet(43)) - raft.server.rpc.timeout.max = 5200ms (custom)
2019-09-27 06:05:32,815 [pool-609-thread-1] INFO  server.RaftServerConfigKeys (ConfUtils.java:logGet(43)) - raft.server.rpcslowness.timeout = 120s (custom)
2019-09-27 06:05:32,815 [pool-619-thread-1] INFO  storage.RaftStorageDirectory (RaftStorageDirectory.java:analyzeStorage(246)) - The storage directory /workdir/hadoop-ozone/integration-test/target/test-dir/MiniOzoneClusterImpl-4525ab81-30b7-4168-a37a-5e85eef55cd7/datanode-3/data/ratis/b18f2471-0da6-4882-a5c7-8abc738d3661 does not exist. Creating ...
2019-09-27 06:05:32,815 [pool-609-thread-1] INFO  server.RaftServerConfigKeys (ConfUtils.java:logGet(43)) - raft.server.sleep.deviation.threshold = 300 (default)
2019-09-27 06:05:32,816 [pool-609-thread-1] INFO  server.RaftServerConfigKeys (ConfUtils.java:logGet(43)) - raft.server.log.appender.install.snapshot.enabled = false (custom)
2019-09-27 06:05:32,816 [pool-609-thread-1] INFO  impl.RaftServerImpl (ServerState.java:<init>(103)) - 6d6ef3a3-db64-42fb-a25e-fae4e6d7296a@group-8ABC738D3661: ConfigurationManager, init=-1: [a2460cbf-d92d-40d7-8f4b-4fedf6506083:192.168.151.69:46128, 6d6ef3a3-db64-42fb-a25e-fae4e6d7296a:192.168.151.69:45410, 0f7d47af-aea5-43f8-93d1-7d0eb4472ed1:192.168.151.69:39123], old=null, confs=<EMPTY_MAP>
2019-09-27 06:05:32,816 [pool-609-thread-1] INFO  server.RaftServerConfigKeys (ConfUtils.java:logGet(43)) - raft.server.storage.dir = [/workdir/hadoop-ozone/integration-test/target/test-dir/MiniOzoneClusterImpl-4525ab81-30b7-4168-a37a-5e85eef55cd7/datanode-2/data/ratis] (custom)
2019-09-27 06:05:32,816 [pool-609-thread-1] INFO  storage.RaftStorageDirectory (RaftStorageDirectory.java:analyzeStorage(246)) - The storage directory /workdir/hadoop-ozone/integration-test/target/test-dir/MiniOzoneClusterImpl-4525ab81-30b7-4168-a37a-5e85eef55cd7/datanode-2/data/ratis/b18f2471-0da6-4882-a5c7-8abc738d3661 does not exist. Creating ...
2019-09-27 06:05:32,820 [pool-589-thread-1] INFO  storage.RaftStorageDirectory (RaftStorageDirectory.java:tryLock(328)) - Lock on /workdir/hadoop-ozone/integration-test/target/test-dir/MiniOzoneClusterImpl-4525ab81-30b7-4168-a37a-5e85eef55cd7/datanode-0/data/ratis/b18f2471-0da6-4882-a5c7-8abc738d3661/in_use.lock acquired by nodename 22904@trunk-nightly-20190927-zr2qb-3451358976
2019-09-27 06:05:32,820 [pool-619-thread-1] INFO  storage.RaftStorageDirectory (RaftStorageDirectory.java:tryLock(328)) - Lock on /workdir/hadoop-ozone/integration-test/target/test-dir/MiniOzoneClusterImpl-4525ab81-30b7-4168-a37a-5e85eef55cd7/datanode-3/data/ratis/b18f2471-0da6-4882-a5c7-8abc738d3661/in_use.lock acquired by nodename 22904@trunk-nightly-20190927-zr2qb-3451358976
2019-09-27 06:05:32,821 [pool-609-thread-1] INFO  storage.RaftStorageDirectory (RaftStorageDirectory.java:tryLock(328)) - Lock on /workdir/hadoop-ozone/integration-test/target/test-dir/MiniOzoneClusterImpl-4525ab81-30b7-4168-a37a-5e85eef55cd7/datanode-2/data/ratis/b18f2471-0da6-4882-a5c7-8abc738d3661/in_use.lock acquired by nodename 22904@trunk-nightly-20190927-zr2qb-3451358976
2019-09-27 06:05:32,831 [IPC Server handler 6 on 44694] INFO  net.NetworkTopology (NetworkTopologyImpl.java:add(111)) - Added a new node: /default-rack/dd465717-aa2f-4ac7-b2c3-72db3883e0c6
2019-09-27 06:05:32,831 [IPC Server handler 6 on 44694] INFO  node.SCMNodeManager (SCMNodeManager.java:register(266)) - Registered Data node : dd465717-aa2f-4ac7-b2c3-72db3883e0c6{ip: 192.168.151.69, host: trunk-nightly-20190927-zr2qb-3451358976, networkLocation: /default-rack, certSerialId: null}
2019-09-27 06:05:32,833 [pool-619-thread-1] INFO  storage.RaftStorage (RaftStorage.java:format(72)) - Storage directory /workdir/hadoop-ozone/integration-test/target/test-dir/MiniOzoneClusterImpl-4525ab81-30b7-4168-a37a-5e85eef55cd7/datanode-3/data/ratis/b18f2471-0da6-4882-a5c7-8abc738d3661 has been successfully formatted.
2019-09-27 06:05:32,833 [pool-609-thread-1] INFO  storage.RaftStorage (RaftStorage.java:format(72)) - Storage directory /workdir/hadoop-ozone/integration-test/target/test-dir/MiniOzoneClusterImpl-4525ab81-30b7-4168-a37a-5e85eef55cd7/datanode-2/data/ratis/b18f2471-0da6-4882-a5c7-8abc738d3661 has been successfully formatted.
2019-09-27 06:05:32,833 [pool-589-thread-1] INFO  storage.RaftStorage (RaftStorage.java:format(72)) - Storage directory /workdir/hadoop-ozone/integration-test/target/test-dir/MiniOzoneClusterImpl-4525ab81-30b7-4168-a37a-5e85eef55cd7/datanode-0/data/ratis/b18f2471-0da6-4882-a5c7-8abc738d3661 has been successfully formatted.
2019-09-27 06:05:32,833 [pool-609-thread-1] INFO  ratis.ContainerStateMachine (ContainerStateMachine.java:loadSnapshot(230)) - group-8ABC738D3661: The snapshot info is null. Setting the last applied indexto:(t:0, i:~)
2019-09-27 06:05:32,833 [pool-619-thread-1] INFO  ratis.ContainerStateMachine (ContainerStateMachine.java:loadSnapshot(230)) - group-8ABC738D3661: The snapshot info is null. Setting the last applied indexto:(t:0, i:~)
2019-09-27 06:05:32,833 [pool-609-thread-1] INFO  server.RaftServerConfigKeys (ConfUtils.java:logGet(43)) - raft.server.notification.no-leader.timeout = 120s (custom)
2019-09-27 06:05:32,833 [pool-589-thread-1] INFO  ratis.ContainerStateMachine (ContainerStateMachine.java:loadSnapshot(230)) - group-8ABC738D3661: The snapshot info is null. Setting the last applied indexto:(t:0, i:~)
2019-09-27 06:05:32,833 [pool-609-thread-1] INFO  server.RaftServerConfigKeys (ConfUtils.java:logGet(43)) - raft.server.log.use.memory = false (default)
2019-09-27 06:05:32,833 [pool-619-thread-1] INFO  server.RaftServerConfigKeys (ConfUtils.java:logGet(43)) - raft.server.notification.no-leader.timeout = 120s (custom)
2019-09-27 06:05:32,833 [pool-609-thread-1] INFO  server.RaftServerConfigKeys (ConfUtils.java:logGet(43)) - raft.server.log.purge.gap = 1000000 (custom)
2019-09-27 06:05:32,833 [pool-589-thread-1] INFO  server.RaftServerConfigKeys (ConfUtils.java:logGet(43)) - raft.server.notification.no-leader.timeout = 120s (custom)
2019-09-27 06:05:32,834 [pool-609-thread-1] INFO  server.RaftServerConfigKeys (ConfUtils.java:logGet(43)) - raft.server.log.appender.buffer.byte-limit = 33554432 (custom)
2019-09-27 06:05:32,833 [pool-619-thread-1] INFO  server.RaftServerConfigKeys (ConfUtils.java:logGet(43)) - raft.server.log.use.memory = false (default)
2019-09-27 06:05:32,834 [pool-609-thread-1] INFO  server.RaftServerConfigKeys (ConfUtils.java:logGet(43)) - raft.server.log.segment.size.max = 1048576 (custom)
2019-09-27 06:05:32,834 [pool-589-thread-1] INFO  server.RaftServerConfigKeys (ConfUtils.java:logGet(43)) - raft.server.log.use.memory = false (default)
2019-09-27 06:05:32,834 [pool-609-thread-1] INFO  server.RaftServerConfigKeys (ConfUtils.java:logGet(43)) - raft.server.log.segment.cache.num.max = 2 (custom)
2019-09-27 06:05:32,834 [pool-619-thread-1] INFO  server.RaftServerConfigKeys (ConfUtils.java:logGet(43)) - raft.server.log.purge.gap = 1000000 (custom)
2019-09-27 06:05:32,834 [pool-609-thread-1] INFO  segmented.SegmentedRaftLogWorker (SegmentedRaftLogWorker.java:<init>(172)) - new 6d6ef3a3-db64-42fb-a25e-fae4e6d7296a@group-8ABC738D3661-SegmentedRaftLogWorker for RaftStorage:Storage Directory /workdir/hadoop-ozone/integration-test/target/test-dir/MiniOzoneClusterImpl-4525ab81-30b7-4168-a37a-5e85eef55cd7/datanode-2/data/ratis/b18f2471-0da6-4882-a5c7-8abc738d3661
2019-09-27 06:05:32,834 [pool-589-thread-1] INFO  server.RaftServerConfigKeys (ConfUtils.java:logGet(43)) - raft.server.log.purge.gap = 1000000 (custom)
2019-09-27 06:05:32,834 [pool-609-thread-1] INFO  server.RaftServerConfigKeys (ConfUtils.java:logGet(43)) - raft.server.log.queue.byte-limit = 2147483647 (custom)
2019-09-27 06:05:32,834 [pool-619-thread-1] INFO  server.RaftServerConfigKeys (ConfUtils.java:logGet(43)) - raft.server.log.appender.buffer.byte-limit = 33554432 (custom)
2019-09-27 06:05:32,834 [pool-609-thread-1] INFO  server.RaftServerConfigKeys (ConfUtils.java:logGet(43)) - raft.server.log.queue.element-limit = 1024 (custom)
2019-09-27 06:05:32,834 [pool-589-thread-1] INFO  server.RaftServerConfigKeys (ConfUtils.java:logGet(43)) - raft.server.log.appender.buffer.byte-limit = 33554432 (custom)
2019-09-27 06:05:32,835 [pool-609-thread-1] INFO  server.RaftServerConfigKeys (ConfUtils.java:logGet(43)) - raft.server.log.segment.size.max = 1048576 (custom)
2019-09-27 06:05:32,835 [pool-619-thread-1] INFO  server.RaftServerConfigKeys (ConfUtils.java:logGet(43)) - raft.server.log.segment.size.max = 1048576 (custom)
2019-09-27 06:05:32,835 [pool-609-thread-1] INFO  server.RaftServerConfigKeys (ConfUtils.java:logGet(43)) - raft.server.log.preallocated.size = 16384 (custom)
2019-09-27 06:05:32,835 [pool-589-thread-1] INFO  server.RaftServerConfigKeys (ConfUtils.java:logGet(43)) - raft.server.log.segment.size.max = 1048576 (custom)
2019-09-27 06:05:32,835 [pool-609-thread-1] INFO  server.RaftServerConfigKeys (ConfUtils.java:logGet(43)) - raft.server.log.write.buffer.size = 33554432 (custom)
2019-09-27 06:05:32,835 [pool-619-thread-1] INFO  server.RaftServerConfigKeys (ConfUtils.java:logGet(43)) - raft.server.log.segment.cache.num.max = 2 (custom)
2019-09-27 06:05:32,835 [pool-609-thread-1] INFO  server.RaftServerConfigKeys (ConfUtils.java:logGet(43)) - raft.server.log.force.sync.num = 128 (default)
2019-09-27 06:05:32,835 [pool-589-thread-1] INFO  server.RaftServerConfigKeys (ConfUtils.java:logGet(43)) - raft.server.log.segment.cache.num.max = 2 (custom)
2019-09-27 06:05:32,835 [pool-609-thread-1] INFO  server.RaftServerConfigKeys (ConfUtils.java:logGet(43)) - raft.server.log.statemachine.data.sync = true (default)
2019-09-27 06:05:32,835 [pool-619-thread-1] INFO  segmented.SegmentedRaftLogWorker (SegmentedRaftLogWorker.java:<init>(172)) - new 0f7d47af-aea5-43f8-93d1-7d0eb4472ed1@group-8ABC738D3661-SegmentedRaftLogWorker for RaftStorage:Storage Directory /workdir/hadoop-ozone/integration-test/target/test-dir/MiniOzoneClusterImpl-4525ab81-30b7-4168-a37a-5e85eef55cd7/datanode-3/data/ratis/b18f2471-0da6-4882-a5c7-8abc738d3661
2019-09-27 06:05:32,835 [pool-609-thread-1] INFO  server.RaftServerConfigKeys (ConfUtils.java:logGet(43)) - raft.server.log.statemachine.data.sync.timeout = 10s (default)
2019-09-27 06:05:32,835 [pool-589-thread-1] INFO  segmented.SegmentedRaftLogWorker (SegmentedRaftLogWorker.java:<init>(172)) - new a2460cbf-d92d-40d7-8f4b-4fedf6506083@group-8ABC738D3661-SegmentedRaftLogWorker for RaftStorage:Storage Directory /workdir/hadoop-ozone/integration-test/target/test-dir/MiniOzoneClusterImpl-4525ab81-30b7-4168-a37a-5e85eef55cd7/datanode-0/data/ratis/b18f2471-0da6-4882-a5c7-8abc738d3661
2019-09-27 06:05:32,836 [pool-609-thread-1] INFO  server.RaftServerConfigKeys (ConfUtils.java:logGet(43)) - raft.server.log.statemachine.data.sync.timeout.retry = -1 (default)
2019-09-27 06:05:32,836 [pool-619-thread-1] INFO  server.RaftServerConfigKeys (ConfUtils.java:logGet(43)) - raft.server.log.queue.byte-limit = 2147483647 (custom)
2019-09-27 06:05:32,836 [pool-609-thread-1] INFO  server.RaftServerConfigKeys (ConfUtils.java:logGet(43)) - raft.server.log.statemachine.data.caching.enabled = true (custom)
2019-09-27 06:05:32,836 [pool-589-thread-1] INFO  server.RaftServerConfigKeys (ConfUtils.java:logGet(43)) - raft.server.log.queue.byte-limit = 2147483647 (custom)
2019-09-27 06:05:32,836 [pool-619-thread-1] INFO  server.RaftServerConfigKeys (ConfUtils.java:logGet(43)) - raft.server.log.queue.element-limit = 1024 (custom)
2019-09-27 06:05:32,836 [pool-609-thread-1] INFO  segmented.SegmentedRaftLogWorker (SegmentedRaftLogWorker.java:lambda$new$0(132)) - 6d6ef3a3-db64-42fb-a25e-fae4e6d7296a@group-8ABC738D3661-SegmentedRaftLogWorker: flushIndex: setUnconditionally 0 -> -1
2019-09-27 06:05:32,836 [pool-589-thread-1] INFO  server.RaftServerConfigKeys (ConfUtils.java:logGet(43)) - raft.server.log.queue.element-limit = 1024 (custom)
2019-09-27 06:05:32,836 [pool-619-thread-1] INFO  server.RaftServerConfigKeys (ConfUtils.java:logGet(43)) - raft.server.log.segment.size.max = 1048576 (custom)
2019-09-27 06:05:32,836 [pool-589-thread-1] INFO  server.RaftServerConfigKeys (ConfUtils.java:logGet(43)) - raft.server.log.segment.size.max = 1048576 (custom)
2019-09-27 06:05:32,836 [pool-619-thread-1] INFO  server.RaftServerConfigKeys (ConfUtils.java:logGet(43)) - raft.server.log.preallocated.size = 16384 (custom)
2019-09-27 06:05:32,836 [pool-609-thread-1] INFO  server.RaftServerConfigKeys (ConfUtils.java:logGet(43)) - raft.server.snapshot.auto.trigger.enabled = true (custom)
2019-09-27 06:05:32,837 [pool-619-thread-1] INFO  server.RaftServerConfigKeys (ConfUtils.java:logGet(43)) - raft.server.log.write.buffer.size = 33554432 (custom)
2019-09-27 06:05:32,837 [pool-589-thread-1] INFO  server.RaftServerConfigKeys (ConfUtils.java:logGet(43)) - raft.server.log.preallocated.size = 16384 (custom)
2019-09-27 06:05:32,837 [pool-619-thread-1] INFO  server.RaftServerConfigKeys (ConfUtils.java:logGet(43)) - raft.server.log.force.sync.num = 128 (default)
2019-09-27 06:05:32,837 [pool-609-thread-1] INFO  server.RaftServerConfigKeys (ConfUtils.java:logGet(43)) - raft.server.snapshot.auto.trigger.threshold = 10000 (custom)
2019-09-27 06:05:32,837 [pool-619-thread-1] INFO  server.RaftServerConfigKeys (ConfUtils.java:logGet(43)) - raft.server.log.statemachine.data.sync = true (default)
2019-09-27 06:05:32,837 [pool-589-thread-1] INFO  server.RaftServerConfigKeys (ConfUtils.java:logGet(43)) - raft.server.log.write.buffer.size = 33554432 (custom)
2019-09-27 06:05:32,837 [pool-619-thread-1] INFO  server.RaftServerConfigKeys (ConfUtils.java:logGet(43)) - raft.server.log.statemachine.data.sync.timeout = 10s (default)
2019-09-27 06:05:32,837 [pool-609-thread-1] INFO  server.RaftServerConfigKeys (ConfUtils.java:logGet(43)) - raft.server.snapshot.retention.num.files = 5 (custom)
2019-09-27 06:05:32,837 [pool-619-thread-1] INFO  server.RaftServerConfigKeys (ConfUtils.java:logGet(43)) - raft.server.log.statemachine.data.sync.timeout.retry = -1 (default)
2019-09-27 06:05:32,837 [pool-589-thread-1] INFO  server.RaftServerConfigKeys (ConfUtils.java:logGet(43)) - raft.server.log.force.sync.num = 128 (default)
2019-09-27 06:05:32,838 [pool-619-thread-1] INFO  server.RaftServerConfigKeys (ConfUtils.java:logGet(43)) - raft.server.log.statemachine.data.caching.enabled = true (custom)
2019-09-27 06:05:32,837 [pool-609-thread-1] INFO  server.RaftServerConfigKeys (ConfUtils.java:logGet(43)) - raft.server.retrycache.expirytime = 600000ms (custom)
2019-09-27 06:05:32,838 [pool-589-thread-1] INFO  server.RaftServerConfigKeys (ConfUtils.java:logGet(43)) - raft.server.log.statemachine.data.sync = true (default)
2019-09-27 06:05:32,838 [pool-619-thread-1] INFO  segmented.SegmentedRaftLogWorker (SegmentedRaftLogWorker.java:lambda$new$0(132)) - 0f7d47af-aea5-43f8-93d1-7d0eb4472ed1@group-8ABC738D3661-SegmentedRaftLogWorker: flushIndex: setUnconditionally 0 -> -1
2019-09-27 06:05:32,838 [pool-589-thread-1] INFO  server.RaftServerConfigKeys (ConfUtils.java:logGet(43)) - raft.server.log.statemachine.data.sync.timeout = 10s (default)
2019-09-27 06:05:32,838 [pool-619-thread-1] INFO  server.RaftServerConfigKeys (ConfUtils.java:logGet(43)) - raft.server.snapshot.auto.trigger.enabled = true (custom)
2019-09-27 06:05:32,838 [pool-589-thread-1] INFO  server.RaftServerConfigKeys (ConfUtils.java:logGet(43)) - raft.server.log.statemachine.data.sync.timeout.retry = -1 (default)
2019-09-27 06:05:32,838 [pool-619-thread-1] INFO  server.RaftServerConfigKeys (ConfUtils.java:logGet(43)) - raft.server.snapshot.auto.trigger.threshold = 10000 (custom)
2019-09-27 06:05:32,838 [pool-589-thread-1] INFO  server.RaftServerConfigKeys (ConfUtils.java:logGet(43)) - raft.server.log.statemachine.data.caching.enabled = true (custom)
2019-09-27 06:05:32,838 [pool-619-thread-1] INFO  server.RaftServerConfigKeys (ConfUtils.java:logGet(43)) - raft.server.snapshot.retention.num.files = 5 (custom)
2019-09-27 06:05:32,838 [pool-619-thread-1] INFO  server.RaftServerConfigKeys (ConfUtils.java:logGet(43)) - raft.server.retrycache.expirytime = 600000ms (custom)
2019-09-27 06:05:32,839 [pool-589-thread-1] INFO  segmented.SegmentedRaftLogWorker (SegmentedRaftLogWorker.java:lambda$new$0(132)) - a2460cbf-d92d-40d7-8f4b-4fedf6506083@group-8ABC738D3661-SegmentedRaftLogWorker: flushIndex: setUnconditionally 0 -> -1
2019-09-27 06:05:32,839 [pool-589-thread-1] INFO  server.RaftServerConfigKeys (ConfUtils.java:logGet(43)) - raft.server.snapshot.auto.trigger.enabled = true (custom)
2019-09-27 06:05:32,839 [pool-609-thread-1] INFO  impl.RaftServerImpl (RaftServerImpl.java:start(185)) - 6d6ef3a3-db64-42fb-a25e-fae4e6d7296a@group-8ABC738D3661: start as a follower, conf=-1: [a2460cbf-d92d-40d7-8f4b-4fedf6506083:192.168.151.69:46128, 6d6ef3a3-db64-42fb-a25e-fae4e6d7296a:192.168.151.69:45410, 0f7d47af-aea5-43f8-93d1-7d0eb4472ed1:192.168.151.69:39123], old=null
2019-09-27 06:05:32,839 [pool-589-thread-1] INFO  server.RaftServerConfigKeys (ConfUtils.java:logGet(43)) - raft.server.snapshot.auto.trigger.threshold = 10000 (custom)
2019-09-27 06:05:32,839 [pool-609-thread-1] INFO  impl.RaftServerImpl (RaftServerImpl.java:setRole(174)) - 6d6ef3a3-db64-42fb-a25e-fae4e6d7296a@group-8ABC738D3661: changes role from      null to FOLLOWER at term 0 for startAsFollower
2019-09-27 06:05:32,839 [pool-589-thread-1] INFO  server.RaftServerConfigKeys (ConfUtils.java:logGet(43)) - raft.server.snapshot.retention.num.files = 5 (custom)
2019-09-27 06:05:32,839 [pool-609-thread-1] INFO  impl.RoleInfo (RoleInfo.java:updateAndGet(143)) - 6d6ef3a3-db64-42fb-a25e-fae4e6d7296a: start FollowerState
2019-09-27 06:05:32,839 [pool-589-thread-1] INFO  server.RaftServerConfigKeys (ConfUtils.java:logGet(43)) - raft.server.retrycache.expirytime = 600000ms (custom)
2019-09-27 06:05:32,840 [pool-609-thread-1] INFO  util.JmxRegister (JmxRegister.java:tryRegister(44)) - Successfully registered JMX Bean with object name Ratis:service=RaftServer,group=group-8ABC738D3661,id=6d6ef3a3-db64-42fb-a25e-fae4e6d7296a
2019-09-27 06:05:32,841 [pool-619-thread-1] INFO  impl.RaftServerImpl (RaftServerImpl.java:start(185)) - 0f7d47af-aea5-43f8-93d1-7d0eb4472ed1@group-8ABC738D3661: start as a follower, conf=-1: [a2460cbf-d92d-40d7-8f4b-4fedf6506083:192.168.151.69:46128, 6d6ef3a3-db64-42fb-a25e-fae4e6d7296a:192.168.151.69:45410, 0f7d47af-aea5-43f8-93d1-7d0eb4472ed1:192.168.151.69:39123], old=null
2019-09-27 06:05:32,841 [pool-619-thread-1] INFO  impl.RaftServerImpl (RaftServerImpl.java:setRole(174)) - 0f7d47af-aea5-43f8-93d1-7d0eb4472ed1@group-8ABC738D3661: changes role from      null to FOLLOWER at term 0 for startAsFollower
2019-09-27 06:05:32,841 [pool-619-thread-1] INFO  impl.RoleInfo (RoleInfo.java:updateAndGet(143)) - 0f7d47af-aea5-43f8-93d1-7d0eb4472ed1: start FollowerState
2019-09-27 06:05:32,841 [pool-619-thread-1] INFO  util.JmxRegister (JmxRegister.java:tryRegister(44)) - Successfully registered JMX Bean with object name Ratis:service=RaftServer,group=group-8ABC738D3661,id=0f7d47af-aea5-43f8-93d1-7d0eb4472ed1
2019-09-27 06:05:32,841 [pool-589-thread-1] INFO  impl.RaftServerImpl (RaftServerImpl.java:start(185)) - a2460cbf-d92d-40d7-8f4b-4fedf6506083@group-8ABC738D3661: start as a follower, conf=-1: [a2460cbf-d92d-40d7-8f4b-4fedf6506083:192.168.151.69:46128, 6d6ef3a3-db64-42fb-a25e-fae4e6d7296a:192.168.151.69:45410, 0f7d47af-aea5-43f8-93d1-7d0eb4472ed1:192.168.151.69:39123], old=null
2019-09-27 06:05:32,842 [pool-589-thread-1] INFO  impl.RaftServerImpl (RaftServerImpl.java:setRole(174)) - a2460cbf-d92d-40d7-8f4b-4fedf6506083@group-8ABC738D3661: changes role from      null to FOLLOWER at term 0 for startAsFollower
2019-09-27 06:05:32,842 [pool-589-thread-1] INFO  impl.RoleInfo (RoleInfo.java:updateAndGet(143)) - a2460cbf-d92d-40d7-8f4b-4fedf6506083: start FollowerState
2019-09-27 06:05:32,853 [pool-589-thread-1] INFO  util.JmxRegister (JmxRegister.java:tryRegister(44)) - Successfully registered JMX Bean with object name Ratis:service=RaftServer,group=group-8ABC738D3661,id=a2460cbf-d92d-40d7-8f4b-4fedf6506083
2019-09-27 06:05:32,864 [RatisPipelineUtilsThread] INFO  pipeline.PipelineStateManager (PipelineStateManager.java:addPipeline(56)) - Created pipeline Pipeline[ Id: b18f2471-0da6-4882-a5c7-8abc738d3661, Nodes: 6d6ef3a3-db64-42fb-a25e-fae4e6d7296a{ip: 192.168.151.69, host: trunk-nightly-20190927-zr2qb-3451358976, networkLocation: /default-rack, certSerialId: null}a2460cbf-d92d-40d7-8f4b-4fedf6506083{ip: 192.168.151.69, host: trunk-nightly-20190927-zr2qb-3451358976, networkLocation: /default-rack, certSerialId: null}0f7d47af-aea5-43f8-93d1-7d0eb4472ed1{ip: 192.168.151.69, host: trunk-nightly-20190927-zr2qb-3451358976, networkLocation: /default-rack, certSerialId: null}, Type:RATIS, Factor:THREE, State:OPEN]
2019-09-27 06:05:32,871 [grpc-default-executor-3] INFO  impl.RaftServerProxy (RaftServerProxy.java:addNew(89)) - dd465717-aa2f-4ac7-b2c3-72db3883e0c6: addNew group-3C6D80ADB072:[dd465717-aa2f-4ac7-b2c3-72db3883e0c6:192.168.151.69:46430] returns group-3C6D80ADB072:java.util.concurrent.CompletableFuture@6e0fa5ab[Not completed]
2019-09-27 06:05:32,872 [pool-629-thread-1] INFO  impl.RaftServerImpl (RaftServerImpl.java:<init>(95)) - dd465717-aa2f-4ac7-b2c3-72db3883e0c6: new RaftServerImpl for group-3C6D80ADB072:[dd465717-aa2f-4ac7-b2c3-72db3883e0c6:192.168.151.69:46430] with ContainerStateMachine:uninitialized
2019-09-27 06:05:32,875 [pool-629-thread-1] INFO  server.RaftServerConfigKeys (ConfUtils.java:logGet(43)) - raft.server.rpc.timeout.min = 5s (custom)
2019-09-27 06:05:32,875 [pool-629-thread-1] INFO  server.RaftServerConfigKeys (ConfUtils.java:logGet(43)) - raft.server.rpc.timeout.max = 5200ms (custom)
2019-09-27 06:05:32,875 [pool-629-thread-1] INFO  server.RaftServerConfigKeys (ConfUtils.java:logGet(43)) - raft.server.rpcslowness.timeout = 120s (custom)
2019-09-27 06:05:32,875 [pool-629-thread-1] INFO  server.RaftServerConfigKeys (ConfUtils.java:logGet(43)) - raft.server.sleep.deviation.threshold = 300 (default)
2019-09-27 06:05:32,875 [pool-629-thread-1] INFO  server.RaftServerConfigKeys (ConfUtils.java:logGet(43)) - raft.server.log.appender.install.snapshot.enabled = false (custom)
2019-09-27 06:05:32,875 [pool-629-thread-1] INFO  impl.RaftServerImpl (ServerState.java:<init>(103)) - dd465717-aa2f-4ac7-b2c3-72db3883e0c6@group-3C6D80ADB072: ConfigurationManager, init=-1: [dd465717-aa2f-4ac7-b2c3-72db3883e0c6:192.168.151.69:46430], old=null, confs=<EMPTY_MAP>
2019-09-27 06:05:32,875 [pool-629-thread-1] INFO  server.RaftServerConfigKeys (ConfUtils.java:logGet(43)) - raft.server.storage.dir = [/workdir/hadoop-ozone/integration-test/target/test-dir/MiniOzoneClusterImpl-4525ab81-30b7-4168-a37a-5e85eef55cd7/datanode-4/data/ratis] (custom)
2019-09-27 06:05:32,876 [pool-629-thread-1] INFO  storage.RaftStorageDirectory (RaftStorageDirectory.java:analyzeStorage(246)) - The storage directory /workdir/hadoop-ozone/integration-test/target/test-dir/MiniOzoneClusterImpl-4525ab81-30b7-4168-a37a-5e85eef55cd7/datanode-4/data/ratis/9c6452d9-5897-480a-abd5-3c6d80adb072 does not exist. Creating ...
2019-09-27 06:05:32,888 [pool-629-thread-1] INFO  storage.RaftStorageDirectory (RaftStorageDirectory.java:tryLock(328)) - Lock on /workdir/hadoop-ozone/integration-test/target/test-dir/MiniOzoneClusterImpl-4525ab81-30b7-4168-a37a-5e85eef55cd7/datanode-4/data/ratis/9c6452d9-5897-480a-abd5-3c6d80adb072/in_use.lock acquired by nodename 22904@trunk-nightly-20190927-zr2qb-3451358976
2019-09-27 06:05:32,890 [IPC Server handler 7 on 44694] INFO  net.NetworkTopology (NetworkTopologyImpl.java:add(111)) - Added a new node: /default-rack/33a74a9a-c6aa-4da5-a89d-bd0bf8c37090
2019-09-27 06:05:32,890 [IPC Server handler 7 on 44694] INFO  node.SCMNodeManager (SCMNodeManager.java:register(266)) - Registered Data node : 33a74a9a-c6aa-4da5-a89d-bd0bf8c37090{ip: 192.168.151.69, host: trunk-nightly-20190927-zr2qb-3451358976, networkLocation: /default-rack, certSerialId: null}
2019-09-27 06:05:32,912 [pool-629-thread-1] INFO  storage.RaftStorage (RaftStorage.java:format(72)) - Storage directory /workdir/hadoop-ozone/integration-test/target/test-dir/MiniOzoneClusterImpl-4525ab81-30b7-4168-a37a-5e85eef55cd7/datanode-4/data/ratis/9c6452d9-5897-480a-abd5-3c6d80adb072 has been successfully formatted.
2019-09-27 06:05:32,913 [pool-629-thread-1] INFO  ratis.ContainerStateMachine (ContainerStateMachine.java:loadSnapshot(230)) - group-3C6D80ADB072: The snapshot info is null. Setting the last applied indexto:(t:0, i:~)
2019-09-27 06:05:32,913 [pool-629-thread-1] INFO  server.RaftServerConfigKeys (ConfUtils.java:logGet(43)) - raft.server.notification.no-leader.timeout = 120s (custom)
2019-09-27 06:05:32,913 [pool-629-thread-1] INFO  server.RaftServerConfigKeys (ConfUtils.java:logGet(43)) - raft.server.log.use.memory = false (default)
2019-09-27 06:05:32,913 [pool-629-thread-1] INFO  server.RaftServerConfigKeys (ConfUtils.java:logGet(43)) - raft.server.log.purge.gap = 1000000 (custom)
2019-09-27 06:05:32,913 [pool-629-thread-1] INFO  server.RaftServerConfigKeys (ConfUtils.java:logGet(43)) - raft.server.log.appender.buffer.byte-limit = 33554432 (custom)
2019-09-27 06:05:32,913 [pool-629-thread-1] INFO  server.RaftServerConfigKeys (ConfUtils.java:logGet(43)) - raft.server.log.segment.size.max = 1048576 (custom)
2019-09-27 06:05:32,913 [pool-629-thread-1] INFO  server.RaftServerConfigKeys (ConfUtils.java:logGet(43)) - raft.server.log.segment.cache.num.max = 2 (custom)
2019-09-27 06:05:32,914 [pool-629-thread-1] INFO  segmented.SegmentedRaftLogWorker (SegmentedRaftLogWorker.java:<init>(172)) - new dd465717-aa2f-4ac7-b2c3-72db3883e0c6@group-3C6D80ADB072-SegmentedRaftLogWorker for RaftStorage:Storage Directory /workdir/hadoop-ozone/integration-test/target/test-dir/MiniOzoneClusterImpl-4525ab81-30b7-4168-a37a-5e85eef55cd7/datanode-4/data/ratis/9c6452d9-5897-480a-abd5-3c6d80adb072
2019-09-27 06:05:32,915 [pool-629-thread-1] INFO  server.RaftServerConfigKeys (ConfUtils.java:logGet(43)) - raft.server.log.queue.byte-limit = 2147483647 (custom)
2019-09-27 06:05:32,915 [pool-629-thread-1] INFO  server.RaftServerConfigKeys (ConfUtils.java:logGet(43)) - raft.server.log.queue.element-limit = 1024 (custom)
2019-09-27 06:05:32,915 [pool-629-thread-1] INFO  server.RaftServerConfigKeys (ConfUtils.java:logGet(43)) - raft.server.log.segment.size.max = 1048576 (custom)
2019-09-27 06:05:32,915 [pool-629-thread-1] INFO  server.RaftServerConfigKeys (ConfUtils.java:logGet(43)) - raft.server.log.preallocated.size = 16384 (custom)
2019-09-27 06:05:32,916 [pool-629-thread-1] INFO  server.RaftServerConfigKeys (ConfUtils.java:logGet(43)) - raft.server.log.write.buffer.size = 33554432 (custom)
2019-09-27 06:05:32,916 [pool-629-thread-1] INFO  server.RaftServerConfigKeys (ConfUtils.java:logGet(43)) - raft.server.log.force.sync.num = 128 (default)
2019-09-27 06:05:32,916 [pool-629-thread-1] INFO  server.RaftServerConfigKeys (ConfUtils.java:logGet(43)) - raft.server.log.statemachine.data.sync = true (default)
2019-09-27 06:05:32,916 [pool-629-thread-1] INFO  server.RaftServerConfigKeys (ConfUtils.java:logGet(43)) - raft.server.log.statemachine.data.sync.timeout = 10s (default)
2019-09-27 06:05:32,916 [pool-629-thread-1] INFO  server.RaftServerConfigKeys (ConfUtils.java:logGet(43)) - raft.server.log.statemachine.data.sync.timeout.retry = -1 (default)
2019-09-27 06:05:32,917 [pool-629-thread-1] INFO  server.RaftServerConfigKeys (ConfUtils.java:logGet(43)) - raft.server.log.statemachine.data.caching.enabled = true (custom)
2019-09-27 06:05:32,917 [pool-629-thread-1] INFO  segmented.SegmentedRaftLogWorker (SegmentedRaftLogWorker.java:lambda$new$0(132)) - dd465717-aa2f-4ac7-b2c3-72db3883e0c6@group-3C6D80ADB072-SegmentedRaftLogWorker: flushIndex: setUnconditionally 0 -> -1
2019-09-27 06:05:32,917 [pool-629-thread-1] INFO  server.RaftServerConfigKeys (ConfUtils.java:logGet(43)) - raft.server.snapshot.auto.trigger.enabled = true (custom)
2019-09-27 06:05:32,917 [pool-629-thread-1] INFO  server.RaftServerConfigKeys (ConfUtils.java:logGet(43)) - raft.server.snapshot.auto.trigger.threshold = 10000 (custom)
2019-09-27 06:05:32,917 [pool-629-thread-1] INFO  server.RaftServerConfigKeys (ConfUtils.java:logGet(43)) - raft.server.snapshot.retention.num.files = 5 (custom)
2019-09-27 06:05:32,918 [pool-629-thread-1] INFO  server.RaftServerConfigKeys (ConfUtils.java:logGet(43)) - raft.server.retrycache.expirytime = 600000ms (custom)
2019-09-27 06:05:32,919 [pool-629-thread-1] INFO  impl.RaftServerImpl (RaftServerImpl.java:start(185)) - dd465717-aa2f-4ac7-b2c3-72db3883e0c6@group-3C6D80ADB072: start as a follower, conf=-1: [dd465717-aa2f-4ac7-b2c3-72db3883e0c6:192.168.151.69:46430], old=null
2019-09-27 06:05:32,919 [pool-629-thread-1] INFO  impl.RaftServerImpl (RaftServerImpl.java:setRole(174)) - dd465717-aa2f-4ac7-b2c3-72db3883e0c6@group-3C6D80ADB072: changes role from      null to FOLLOWER at term 0 for startAsFollower
2019-09-27 06:05:32,919 [pool-629-thread-1] INFO  impl.RoleInfo (RoleInfo.java:updateAndGet(143)) - dd465717-aa2f-4ac7-b2c3-72db3883e0c6: start FollowerState
2019-09-27 06:05:32,920 [pool-629-thread-1] INFO  util.JmxRegister (JmxRegister.java:tryRegister(44)) - Successfully registered JMX Bean with object name Ratis:service=RaftServer,group=group-3C6D80ADB072,id=dd465717-aa2f-4ac7-b2c3-72db3883e0c6
2019-09-27 06:05:32,921 [RatisPipelineUtilsThread] INFO  pipeline.PipelineStateManager (PipelineStateManager.java:addPipeline(56)) - Created pipeline Pipeline[ Id: 9c6452d9-5897-480a-abd5-3c6d80adb072, Nodes: dd465717-aa2f-4ac7-b2c3-72db3883e0c6{ip: 192.168.151.69, host: trunk-nightly-20190927-zr2qb-3451358976, networkLocation: /default-rack, certSerialId: null}, Type:RATIS, Factor:ONE, State:OPEN]
2019-09-27 06:05:32,928 [grpc-default-executor-3] INFO  impl.RaftServerProxy (RaftServerProxy.java:addNew(89)) - 33a74a9a-c6aa-4da5-a89d-bd0bf8c37090: addNew group-58E7B5658581:[33a74a9a-c6aa-4da5-a89d-bd0bf8c37090:192.168.151.69:39575] returns group-58E7B5658581:java.util.concurrent.CompletableFuture@7672ce32[Not completed]
2019-09-27 06:05:32,929 [pool-639-thread-1] INFO  impl.RaftServerImpl (RaftServerImpl.java:<init>(95)) - 33a74a9a-c6aa-4da5-a89d-bd0bf8c37090: new RaftServerImpl for group-58E7B5658581:[33a74a9a-c6aa-4da5-a89d-bd0bf8c37090:192.168.151.69:39575] with ContainerStateMachine:uninitialized
2019-09-27 06:05:32,929 [pool-639-thread-1] INFO  server.RaftServerConfigKeys (ConfUtils.java:logGet(43)) - raft.server.rpc.timeout.min = 5s (custom)
2019-09-27 06:05:32,929 [pool-639-thread-1] INFO  server.RaftServerConfigKeys (ConfUtils.java:logGet(43)) - raft.server.rpc.timeout.max = 5200ms (custom)
2019-09-27 06:05:32,929 [pool-639-thread-1] INFO  server.RaftServerConfigKeys (ConfUtils.java:logGet(43)) - raft.server.rpcslowness.timeout = 120s (custom)
2019-09-27 06:05:32,929 [pool-639-thread-1] INFO  server.RaftServerConfigKeys (ConfUtils.java:logGet(43)) - raft.server.sleep.deviation.threshold = 300 (default)
2019-09-27 06:05:32,929 [pool-639-thread-1] INFO  server.RaftServerConfigKeys (ConfUtils.java:logGet(43)) - raft.server.log.appender.install.snapshot.enabled = false (custom)
2019-09-27 06:05:32,929 [pool-639-thread-1] INFO  impl.RaftServerImpl (ServerState.java:<init>(103)) - 33a74a9a-c6aa-4da5-a89d-bd0bf8c37090@group-58E7B5658581: ConfigurationManager, init=-1: [33a74a9a-c6aa-4da5-a89d-bd0bf8c37090:192.168.151.69:39575], old=null, confs=<EMPTY_MAP>
2019-09-27 06:05:32,929 [pool-639-thread-1] INFO  server.RaftServerConfigKeys (ConfUtils.java:logGet(43)) - raft.server.storage.dir = [/workdir/hadoop-ozone/integration-test/target/test-dir/MiniOzoneClusterImpl-4525ab81-30b7-4168-a37a-5e85eef55cd7/datanode-5/data/ratis] (custom)
2019-09-27 06:05:32,930 [pool-639-thread-1] INFO  storage.RaftStorageDirectory (RaftStorageDirectory.java:analyzeStorage(246)) - The storage directory /workdir/hadoop-ozone/integration-test/target/test-dir/MiniOzoneClusterImpl-4525ab81-30b7-4168-a37a-5e85eef55cd7/datanode-5/data/ratis/5da4c87f-fb96-425e-9992-58e7b5658581 does not exist. Creating ...
2019-09-27 06:05:32,942 [pool-639-thread-1] INFO  storage.RaftStorageDirectory (RaftStorageDirectory.java:tryLock(328)) - Lock on /workdir/hadoop-ozone/integration-test/target/test-dir/MiniOzoneClusterImpl-4525ab81-30b7-4168-a37a-5e85eef55cd7/datanode-5/data/ratis/5da4c87f-fb96-425e-9992-58e7b5658581/in_use.lock acquired by nodename 22904@trunk-nightly-20190927-zr2qb-3451358976
2019-09-27 06:05:32,943 [IPC Server handler 8 on 44694] INFO  net.NetworkTopology (NetworkTopologyImpl.java:add(111)) - Added a new node: /default-rack/61b2d74a-3e9c-4f9f-9790-faf82506f10f
2019-09-27 06:05:32,944 [IPC Server handler 8 on 44694] INFO  node.SCMNodeManager (SCMNodeManager.java:register(266)) - Registered Data node : 61b2d74a-3e9c-4f9f-9790-faf82506f10f{ip: 192.168.151.69, host: trunk-nightly-20190927-zr2qb-3451358976, networkLocation: /default-rack, certSerialId: null}
2019-09-27 06:05:32,944 [main] INFO  ozone.MiniOzoneClusterImpl (MiniOzoneClusterImpl.java:lambda$waitForClusterToBeReady$0(147)) - Cluster is ready. Got 7 of 7 DN Heartbeats.
2019-09-27 06:05:32,955 [pool-639-thread-1] INFO  storage.RaftStorage (RaftStorage.java:format(72)) - Storage directory /workdir/hadoop-ozone/integration-test/target/test-dir/MiniOzoneClusterImpl-4525ab81-30b7-4168-a37a-5e85eef55cd7/datanode-5/data/ratis/5da4c87f-fb96-425e-9992-58e7b5658581 has been successfully formatted.
2019-09-27 06:05:32,956 [pool-639-thread-1] INFO  ratis.ContainerStateMachine (ContainerStateMachine.java:loadSnapshot(230)) - group-58E7B5658581: The snapshot info is null. Setting the last applied indexto:(t:0, i:~)
2019-09-27 06:05:32,956 [pool-639-thread-1] INFO  server.RaftServerConfigKeys (ConfUtils.java:logGet(43)) - raft.server.notification.no-leader.timeout = 120s (custom)
2019-09-27 06:05:32,956 [pool-639-thread-1] INFO  server.RaftServerConfigKeys (ConfUtils.java:logGet(43)) - raft.server.log.use.memory = false (default)
2019-09-27 06:05:32,956 [pool-639-thread-1] INFO  server.RaftServerConfigKeys (ConfUtils.java:logGet(43)) - raft.server.log.purge.gap = 1000000 (custom)
2019-09-27 06:05:32,956 [pool-639-thread-1] INFO  server.RaftServerConfigKeys (ConfUtils.java:logGet(43)) - raft.server.log.appender.buffer.byte-limit = 33554432 (custom)
2019-09-27 06:05:32,956 [pool-639-thread-1] INFO  server.RaftServerConfigKeys (ConfUtils.java:logGet(43)) - raft.server.log.segment.size.max = 1048576 (custom)
2019-09-27 06:05:32,957 [pool-639-thread-1] INFO  server.RaftServerConfigKeys (ConfUtils.java:logGet(43)) - raft.server.log.segment.cache.num.max = 2 (custom)
2019-09-27 06:05:32,957 [pool-639-thread-1] INFO  segmented.SegmentedRaftLogWorker (SegmentedRaftLogWorker.java:<init>(172)) - new 33a74a9a-c6aa-4da5-a89d-bd0bf8c37090@group-58E7B5658581-SegmentedRaftLogWorker for RaftStorage:Storage Directory /workdir/hadoop-ozone/integration-test/target/test-dir/MiniOzoneClusterImpl-4525ab81-30b7-4168-a37a-5e85eef55cd7/datanode-5/data/ratis/5da4c87f-fb96-425e-9992-58e7b5658581
2019-09-27 06:05:32,961 [pool-639-thread-1] INFO  server.RaftServerConfigKeys (ConfUtils.java:logGet(43)) - raft.server.log.queue.byte-limit = 2147483647 (custom)
2019-09-27 06:05:32,961 [pool-639-thread-1] INFO  server.RaftServerConfigKeys (ConfUtils.java:logGet(43)) - raft.server.log.queue.element-limit = 1024 (custom)
2019-09-27 06:05:32,961 [pool-639-thread-1] INFO  server.RaftServerConfigKeys (ConfUtils.java:logGet(43)) - raft.server.log.segment.size.max = 1048576 (custom)
2019-09-27 06:05:32,961 [pool-639-thread-1] INFO  server.RaftServerConfigKeys (ConfUtils.java:logGet(43)) - raft.server.log.preallocated.size = 16384 (custom)
2019-09-27 06:05:32,961 [pool-639-thread-1] INFO  server.RaftServerConfigKeys (ConfUtils.java:logGet(43)) - raft.server.log.write.buffer.size = 33554432 (custom)
2019-09-27 06:05:32,967 [pool-639-thread-1] INFO  server.RaftServerConfigKeys (ConfUtils.java:logGet(43)) - raft.server.log.force.sync.num = 128 (default)
2019-09-27 06:05:32,970 [pool-639-thread-1] INFO  server.RaftServerConfigKeys (ConfUtils.java:logGet(43)) - raft.server.log.statemachine.data.sync = true (default)
2019-09-27 06:05:32,977 [pool-639-thread-1] INFO  server.RaftServerConfigKeys (ConfUtils.java:logGet(43)) - raft.server.log.statemachine.data.sync.timeout = 10s (default)
2019-09-27 06:05:32,977 [pool-639-thread-1] INFO  server.RaftServerConfigKeys (ConfUtils.java:logGet(43)) - raft.server.log.statemachine.data.sync.timeout.retry = -1 (default)
2019-09-27 06:05:32,977 [pool-639-thread-1] INFO  server.RaftServerConfigKeys (ConfUtils.java:logGet(43)) - raft.server.log.statemachine.data.caching.enabled = true (custom)
2019-09-27 06:05:32,977 [pool-639-thread-1] INFO  segmented.SegmentedRaftLogWorker (SegmentedRaftLogWorker.java:lambda$new$0(132)) - 33a74a9a-c6aa-4da5-a89d-bd0bf8c37090@group-58E7B5658581-SegmentedRaftLogWorker: flushIndex: setUnconditionally 0 -> -1
2019-09-27 06:05:32,978 [pool-639-thread-1] INFO  server.RaftServerConfigKeys (ConfUtils.java:logGet(43)) - raft.server.snapshot.auto.trigger.enabled = true (custom)
2019-09-27 06:05:32,978 [pool-639-thread-1] INFO  server.RaftServerConfigKeys (ConfUtils.java:logGet(43)) - raft.server.snapshot.auto.trigger.threshold = 10000 (custom)
2019-09-27 06:05:32,978 [pool-639-thread-1] INFO  server.RaftServerConfigKeys (ConfUtils.java:logGet(43)) - raft.server.snapshot.retention.num.files = 5 (custom)
2019-09-27 06:05:32,978 [pool-639-thread-1] INFO  server.RaftServerConfigKeys (ConfUtils.java:logGet(43)) - raft.server.retrycache.expirytime = 600000ms (custom)
2019-09-27 06:05:32,979 [pool-639-thread-1] INFO  impl.RaftServerImpl (RaftServerImpl.java:start(185)) - 33a74a9a-c6aa-4da5-a89d-bd0bf8c37090@group-58E7B5658581: start as a follower, conf=-1: [33a74a9a-c6aa-4da5-a89d-bd0bf8c37090:192.168.151.69:39575], old=null
2019-09-27 06:05:32,980 [pool-639-thread-1] INFO  impl.RaftServerImpl (RaftServerImpl.java:setRole(174)) - 33a74a9a-c6aa-4da5-a89d-bd0bf8c37090@group-58E7B5658581: changes role from      null to FOLLOWER at term 0 for startAsFollower
2019-09-27 06:05:32,980 [pool-639-thread-1] INFO  impl.RoleInfo (RoleInfo.java:updateAndGet(143)) - 33a74a9a-c6aa-4da5-a89d-bd0bf8c37090: start FollowerState
2019-09-27 06:05:32,980 [pool-639-thread-1] INFO  util.JmxRegister (JmxRegister.java:tryRegister(44)) - Successfully registered JMX Bean with object name Ratis:service=RaftServer,group=group-58E7B5658581,id=33a74a9a-c6aa-4da5-a89d-bd0bf8c37090
2019-09-27 06:05:32,982 [RatisPipelineUtilsThread] INFO  pipeline.PipelineStateManager (PipelineStateManager.java:addPipeline(56)) - Created pipeline Pipeline[ Id: 5da4c87f-fb96-425e-9992-58e7b5658581, Nodes: 33a74a9a-c6aa-4da5-a89d-bd0bf8c37090{ip: 192.168.151.69, host: trunk-nightly-20190927-zr2qb-3451358976, networkLocation: /default-rack, certSerialId: null}, Type:RATIS, Factor:ONE, State:OPEN]
2019-09-27 06:05:32,982 [main] INFO  rpc.RpcClient (RpcClient.java:createVolume(276)) - Creating Volume: testblockoutputstream, with jenkins1000 as owner.
2019-09-27 06:05:32,988 [grpc-default-executor-3] INFO  impl.RaftServerProxy (RaftServerProxy.java:addNew(89)) - 61b2d74a-3e9c-4f9f-9790-faf82506f10f: addNew group-F8B8DDF24959:[61b2d74a-3e9c-4f9f-9790-faf82506f10f:192.168.151.69:38961] returns group-F8B8DDF24959:java.util.concurrent.CompletableFuture@13264626[Not completed]
2019-09-27 06:05:32,989 [pool-649-thread-1] INFO  impl.RaftServerImpl (RaftServerImpl.java:<init>(95)) - 61b2d74a-3e9c-4f9f-9790-faf82506f10f: new RaftServerImpl for group-F8B8DDF24959:[61b2d74a-3e9c-4f9f-9790-faf82506f10f:192.168.151.69:38961] with ContainerStateMachine:uninitialized
2019-09-27 06:05:32,989 [pool-649-thread-1] INFO  server.RaftServerConfigKeys (ConfUtils.java:logGet(43)) - raft.server.rpc.timeout.min = 5s (custom)
2019-09-27 06:05:32,989 [pool-649-thread-1] INFO  server.RaftServerConfigKeys (ConfUtils.java:logGet(43)) - raft.server.rpc.timeout.max = 5200ms (custom)
2019-09-27 06:05:32,989 [pool-649-thread-1] INFO  server.RaftServerConfigKeys (ConfUtils.java:logGet(43)) - raft.server.rpcslowness.timeout = 120s (custom)
2019-09-27 06:05:32,989 [IPC Server handler 0 on 44266] INFO  volume.OMVolumeCreateRequest (OMVolumeCreateRequest.java:validateAndUpdateCache(194)) - created volume:testblockoutputstream for user:jenkins1000
2019-09-27 06:05:32,989 [pool-649-thread-1] INFO  server.RaftServerConfigKeys (ConfUtils.java:logGet(43)) - raft.server.sleep.deviation.threshold = 300 (default)
2019-09-27 06:05:32,989 [pool-649-thread-1] INFO  server.RaftServerConfigKeys (ConfUtils.java:logGet(43)) - raft.server.log.appender.install.snapshot.enabled = false (custom)
2019-09-27 06:05:32,990 [pool-649-thread-1] INFO  impl.RaftServerImpl (ServerState.java:<init>(103)) - 61b2d74a-3e9c-4f9f-9790-faf82506f10f@group-F8B8DDF24959: ConfigurationManager, init=-1: [61b2d74a-3e9c-4f9f-9790-faf82506f10f:192.168.151.69:38961], old=null, confs=<EMPTY_MAP>
2019-09-27 06:05:32,990 [pool-649-thread-1] INFO  server.RaftServerConfigKeys (ConfUtils.java:logGet(43)) - raft.server.storage.dir = [/workdir/hadoop-ozone/integration-test/target/test-dir/MiniOzoneClusterImpl-4525ab81-30b7-4168-a37a-5e85eef55cd7/datanode-6/data/ratis] (custom)
2019-09-27 06:05:32,990 [pool-649-thread-1] INFO  storage.RaftStorageDirectory (RaftStorageDirectory.java:analyzeStorage(246)) - The storage directory /workdir/hadoop-ozone/integration-test/target/test-dir/MiniOzoneClusterImpl-4525ab81-30b7-4168-a37a-5e85eef55cd7/datanode-6/data/ratis/eca58786-90d3-4690-872e-f8b8ddf24959 does not exist. Creating ...
2019-09-27 06:05:32,999 [main] INFO  rpc.RpcClient (RpcClient.java:createBucket(415)) - Creating Bucket: testblockoutputstream/testblockoutputstream, with Versioning false and Storage Type set to DISK and Encryption set to false 
2019-09-27 06:05:33,002 [pool-649-thread-1] INFO  storage.RaftStorageDirectory (RaftStorageDirectory.java:tryLock(328)) - Lock on /workdir/hadoop-ozone/integration-test/target/test-dir/MiniOzoneClusterImpl-4525ab81-30b7-4168-a37a-5e85eef55cd7/datanode-6/data/ratis/eca58786-90d3-4690-872e-f8b8ddf24959/in_use.lock acquired by nodename 22904@trunk-nightly-20190927-zr2qb-3451358976
2019-09-27 06:05:33,015 [pool-649-thread-1] INFO  storage.RaftStorage (RaftStorage.java:format(72)) - Storage directory /workdir/hadoop-ozone/integration-test/target/test-dir/MiniOzoneClusterImpl-4525ab81-30b7-4168-a37a-5e85eef55cd7/datanode-6/data/ratis/eca58786-90d3-4690-872e-f8b8ddf24959 has been successfully formatted.
2019-09-27 06:05:33,015 [pool-649-thread-1] INFO  ratis.ContainerStateMachine (ContainerStateMachine.java:loadSnapshot(230)) - group-F8B8DDF24959: The snapshot info is null. Setting the last applied indexto:(t:0, i:~)
2019-09-27 06:05:33,015 [pool-649-thread-1] INFO  server.RaftServerConfigKeys (ConfUtils.java:logGet(43)) - raft.server.notification.no-leader.timeout = 120s (custom)
2019-09-27 06:05:33,015 [pool-649-thread-1] INFO  server.RaftServerConfigKeys (ConfUtils.java:logGet(43)) - raft.server.log.use.memory = false (default)
2019-09-27 06:05:33,015 [pool-649-thread-1] INFO  server.RaftServerConfigKeys (ConfUtils.java:logGet(43)) - raft.server.log.purge.gap = 1000000 (custom)
2019-09-27 06:05:33,016 [pool-649-thread-1] INFO  server.RaftServerConfigKeys (ConfUtils.java:logGet(43)) - raft.server.log.appender.buffer.byte-limit = 33554432 (custom)
2019-09-27 06:05:33,016 [pool-649-thread-1] INFO  server.RaftServerConfigKeys (ConfUtils.java:logGet(43)) - raft.server.log.segment.size.max = 1048576 (custom)
2019-09-27 06:05:33,016 [pool-649-thread-1] INFO  server.RaftServerConfigKeys (ConfUtils.java:logGet(43)) - raft.server.log.segment.cache.num.max = 2 (custom)
2019-09-27 06:05:33,016 [pool-649-thread-1] INFO  segmented.SegmentedRaftLogWorker (SegmentedRaftLogWorker.java:<init>(172)) - new 61b2d74a-3e9c-4f9f-9790-faf82506f10f@group-F8B8DDF24959-SegmentedRaftLogWorker for RaftStorage:Storage Directory /workdir/hadoop-ozone/integration-test/target/test-dir/MiniOzoneClusterImpl-4525ab81-30b7-4168-a37a-5e85eef55cd7/datanode-6/data/ratis/eca58786-90d3-4690-872e-f8b8ddf24959
2019-09-27 06:05:33,017 [pool-649-thread-1] INFO  server.RaftServerConfigKeys (ConfUtils.java:logGet(43)) - raft.server.log.queue.byte-limit = 2147483647 (custom)
2019-09-27 06:05:33,017 [pool-649-thread-1] INFO  server.RaftServerConfigKeys (ConfUtils.java:logGet(43)) - raft.server.log.queue.element-limit = 1024 (custom)
2019-09-27 06:05:33,017 [pool-649-thread-1] INFO  server.RaftServerConfigKeys (ConfUtils.java:logGet(43)) - raft.server.log.segment.size.max = 1048576 (custom)
2019-09-27 06:05:33,017 [pool-649-thread-1] INFO  server.RaftServerConfigKeys (ConfUtils.java:logGet(43)) - raft.server.log.preallocated.size = 16384 (custom)
2019-09-27 06:05:33,017 [pool-649-thread-1] INFO  server.RaftServerConfigKeys (ConfUtils.java:logGet(43)) - raft.server.log.write.buffer.size = 33554432 (custom)
2019-09-27 06:05:33,017 [pool-649-thread-1] INFO  server.RaftServerConfigKeys (ConfUtils.java:logGet(43)) - raft.server.log.force.sync.num = 128 (default)
2019-09-27 06:05:33,017 [pool-649-thread-1] INFO  server.RaftServerConfigKeys (ConfUtils.java:logGet(43)) - raft.server.log.statemachine.data.sync = true (default)
2019-09-27 06:05:33,018 [pool-649-thread-1] INFO  server.RaftServerConfigKeys (ConfUtils.java:logGet(43)) - raft.server.log.statemachine.data.sync.timeout = 10s (default)
2019-09-27 06:05:33,018 [pool-649-thread-1] INFO  server.RaftServerConfigKeys (ConfUtils.java:logGet(43)) - raft.server.log.statemachine.data.sync.timeout.retry = -1 (default)
2019-09-27 06:05:33,018 [pool-649-thread-1] INFO  server.RaftServerConfigKeys (ConfUtils.java:logGet(43)) - raft.server.log.statemachine.data.caching.enabled = true (custom)
2019-09-27 06:05:33,018 [pool-649-thread-1] INFO  segmented.SegmentedRaftLogWorker (SegmentedRaftLogWorker.java:lambda$new$0(132)) - 61b2d74a-3e9c-4f9f-9790-faf82506f10f@group-F8B8DDF24959-SegmentedRaftLogWorker: flushIndex: setUnconditionally 0 -> -1
2019-09-27 06:05:33,018 [pool-649-thread-1] INFO  server.RaftServerConfigKeys (ConfUtils.java:logGet(43)) - raft.server.snapshot.auto.trigger.enabled = true (custom)
2019-09-27 06:05:33,018 [pool-649-thread-1] INFO  server.RaftServerConfigKeys (ConfUtils.java:logGet(43)) - raft.server.snapshot.auto.trigger.threshold = 10000 (custom)
2019-09-27 06:05:33,018 [pool-649-thread-1] INFO  server.RaftServerConfigKeys (ConfUtils.java:logGet(43)) - raft.server.snapshot.retention.num.files = 5 (custom)
2019-09-27 06:05:33,018 [pool-649-thread-1] INFO  server.RaftServerConfigKeys (ConfUtils.java:logGet(43)) - raft.server.retrycache.expirytime = 600000ms (custom)
2019-09-27 06:05:33,020 [pool-649-thread-1] INFO  impl.RaftServerImpl (RaftServerImpl.java:start(185)) - 61b2d74a-3e9c-4f9f-9790-faf82506f10f@group-F8B8DDF24959: start as a follower, conf=-1: [61b2d74a-3e9c-4f9f-9790-faf82506f10f:192.168.151.69:38961], old=null
2019-09-27 06:05:33,020 [pool-649-thread-1] INFO  impl.RaftServerImpl (RaftServerImpl.java:setRole(174)) - 61b2d74a-3e9c-4f9f-9790-faf82506f10f@group-F8B8DDF24959: changes role from      null to FOLLOWER at term 0 for startAsFollower
2019-09-27 06:05:33,020 [pool-649-thread-1] INFO  impl.RoleInfo (RoleInfo.java:updateAndGet(143)) - 61b2d74a-3e9c-4f9f-9790-faf82506f10f: start FollowerState
2019-09-27 06:05:33,020 [pool-649-thread-1] INFO  util.JmxRegister (JmxRegister.java:tryRegister(44)) - Successfully registered JMX Bean with object name Ratis:service=RaftServer,group=group-F8B8DDF24959,id=61b2d74a-3e9c-4f9f-9790-faf82506f10f
2019-09-27 06:05:33,021 [RatisPipelineUtilsThread] INFO  pipeline.PipelineStateManager (PipelineStateManager.java:addPipeline(56)) - Created pipeline Pipeline[ Id: eca58786-90d3-4690-872e-f8b8ddf24959, Nodes: 61b2d74a-3e9c-4f9f-9790-faf82506f10f{ip: 192.168.151.69, host: trunk-nightly-20190927-zr2qb-3451358976, networkLocation: /default-rack, certSerialId: null}, Type:RATIS, Factor:ONE, State:OPEN]
2019-09-27 06:05:33,031 [grpc-default-executor-7] INFO  impl.RaftServerProxy (RaftServerProxy.java:addNew(89)) - 61b2d74a-3e9c-4f9f-9790-faf82506f10f: addNew group-07E5B02BBD89:[61b2d74a-3e9c-4f9f-9790-faf82506f10f:192.168.151.69:38961, dd465717-aa2f-4ac7-b2c3-72db3883e0c6:192.168.151.69:46430, 33a74a9a-c6aa-4da5-a89d-bd0bf8c37090:192.168.151.69:39575] returns group-07E5B02BBD89:java.util.concurrent.CompletableFuture@335eec2f[Not completed]
2019-09-27 06:05:33,032 [grpc-default-executor-3] INFO  impl.RaftServerProxy (RaftServerProxy.java:addNew(89)) - dd465717-aa2f-4ac7-b2c3-72db3883e0c6: addNew group-07E5B02BBD89:[61b2d74a-3e9c-4f9f-9790-faf82506f10f:192.168.151.69:38961, dd465717-aa2f-4ac7-b2c3-72db3883e0c6:192.168.151.69:46430, 33a74a9a-c6aa-4da5-a89d-bd0bf8c37090:192.168.151.69:39575] returns group-07E5B02BBD89:java.util.concurrent.CompletableFuture@e06f6b3[Not completed]
2019-09-27 06:05:33,031 [grpc-default-executor-1] INFO  impl.RaftServerProxy (RaftServerProxy.java:addNew(89)) - 33a74a9a-c6aa-4da5-a89d-bd0bf8c37090: addNew group-07E5B02BBD89:[61b2d74a-3e9c-4f9f-9790-faf82506f10f:192.168.151.69:38961, dd465717-aa2f-4ac7-b2c3-72db3883e0c6:192.168.151.69:46430, 33a74a9a-c6aa-4da5-a89d-bd0bf8c37090:192.168.151.69:39575] returns group-07E5B02BBD89:java.util.concurrent.CompletableFuture@163b0783[Not completed]
2019-09-27 06:05:33,033 [pool-649-thread-1] INFO  impl.RaftServerImpl (RaftServerImpl.java:<init>(95)) - 61b2d74a-3e9c-4f9f-9790-faf82506f10f: new RaftServerImpl for group-07E5B02BBD89:[61b2d74a-3e9c-4f9f-9790-faf82506f10f:192.168.151.69:38961, dd465717-aa2f-4ac7-b2c3-72db3883e0c6:192.168.151.69:46430, 33a74a9a-c6aa-4da5-a89d-bd0bf8c37090:192.168.151.69:39575] with ContainerStateMachine:uninitialized
2019-09-27 06:05:33,033 [pool-649-thread-1] INFO  server.RaftServerConfigKeys (ConfUtils.java:logGet(43)) - raft.server.rpc.timeout.min = 5s (custom)
2019-09-27 06:05:33,033 [pool-649-thread-1] INFO  server.RaftServerConfigKeys (ConfUtils.java:logGet(43)) - raft.server.rpc.timeout.max = 5200ms (custom)
2019-09-27 06:05:33,033 [pool-649-thread-1] INFO  server.RaftServerConfigKeys (ConfUtils.java:logGet(43)) - raft.server.rpcslowness.timeout = 120s (custom)
2019-09-27 06:05:33,033 [pool-649-thread-1] INFO  server.RaftServerConfigKeys (ConfUtils.java:logGet(43)) - raft.server.sleep.deviation.threshold = 300 (default)
2019-09-27 06:05:33,033 [pool-649-thread-1] INFO  server.RaftServerConfigKeys (ConfUtils.java:logGet(43)) - raft.server.log.appender.install.snapshot.enabled = false (custom)
2019-09-27 06:05:33,034 [pool-649-thread-1] INFO  impl.RaftServerImpl (ServerState.java:<init>(103)) - 61b2d74a-3e9c-4f9f-9790-faf82506f10f@group-07E5B02BBD89: ConfigurationManager, init=-1: [61b2d74a-3e9c-4f9f-9790-faf82506f10f:192.168.151.69:38961, dd465717-aa2f-4ac7-b2c3-72db3883e0c6:192.168.151.69:46430, 33a74a9a-c6aa-4da5-a89d-bd0bf8c37090:192.168.151.69:39575], old=null, confs=<EMPTY_MAP>
2019-09-27 06:05:33,034 [pool-649-thread-1] INFO  server.RaftServerConfigKeys (ConfUtils.java:logGet(43)) - raft.server.storage.dir = [/workdir/hadoop-ozone/integration-test/target/test-dir/MiniOzoneClusterImpl-4525ab81-30b7-4168-a37a-5e85eef55cd7/datanode-6/data/ratis] (custom)
2019-09-27 06:05:33,034 [pool-639-thread-1] INFO  impl.RaftServerImpl (RaftServerImpl.java:<init>(95)) - 33a74a9a-c6aa-4da5-a89d-bd0bf8c37090: new RaftServerImpl for group-07E5B02BBD89:[61b2d74a-3e9c-4f9f-9790-faf82506f10f:192.168.151.69:38961, dd465717-aa2f-4ac7-b2c3-72db3883e0c6:192.168.151.69:46430, 33a74a9a-c6aa-4da5-a89d-bd0bf8c37090:192.168.151.69:39575] with ContainerStateMachine:uninitialized
2019-09-27 06:05:33,034 [pool-639-thread-1] INFO  server.RaftServerConfigKeys (ConfUtils.java:logGet(43)) - raft.server.rpc.timeout.min = 5s (custom)
2019-09-27 06:05:33,034 [pool-649-thread-1] INFO  storage.RaftStorageDirectory (RaftStorageDirectory.java:analyzeStorage(246)) - The storage directory /workdir/hadoop-ozone/integration-test/target/test-dir/MiniOzoneClusterImpl-4525ab81-30b7-4168-a37a-5e85eef55cd7/datanode-6/data/ratis/da864cb0-f558-4efa-ac24-07e5b02bbd89 does not exist. Creating ...
2019-09-27 06:05:33,034 [pool-639-thread-1] INFO  server.RaftServerConfigKeys (ConfUtils.java:logGet(43)) - raft.server.rpc.timeout.max = 5200ms (custom)
2019-09-27 06:05:33,034 [pool-629-thread-1] INFO  impl.RaftServerImpl (RaftServerImpl.java:<init>(95)) - dd465717-aa2f-4ac7-b2c3-72db3883e0c6: new RaftServerImpl for group-07E5B02BBD89:[61b2d74a-3e9c-4f9f-9790-faf82506f10f:192.168.151.69:38961, dd465717-aa2f-4ac7-b2c3-72db3883e0c6:192.168.151.69:46430, 33a74a9a-c6aa-4da5-a89d-bd0bf8c37090:192.168.151.69:39575] with ContainerStateMachine:uninitialized
2019-09-27 06:05:33,034 [pool-639-thread-1] INFO  server.RaftServerConfigKeys (ConfUtils.java:logGet(43)) - raft.server.rpcslowness.timeout = 120s (custom)
2019-09-27 06:05:33,034 [pool-629-thread-1] INFO  server.RaftServerConfigKeys (ConfUtils.java:logGet(43)) - raft.server.rpc.timeout.min = 5s (custom)
2019-09-27 06:05:33,034 [pool-639-thread-1] INFO  server.RaftServerConfigKeys (ConfUtils.java:logGet(43)) - raft.server.sleep.deviation.threshold = 300 (default)
2019-09-27 06:05:33,035 [pool-629-thread-1] INFO  server.RaftServerConfigKeys (ConfUtils.java:logGet(43)) - raft.server.rpc.timeout.max = 5200ms (custom)
2019-09-27 06:05:33,035 [pool-639-thread-1] INFO  server.RaftServerConfigKeys (ConfUtils.java:logGet(43)) - raft.server.log.appender.install.snapshot.enabled = false (custom)
2019-09-27 06:05:33,035 [pool-629-thread-1] INFO  server.RaftServerConfigKeys (ConfUtils.java:logGet(43)) - raft.server.rpcslowness.timeout = 120s (custom)
2019-09-27 06:05:33,035 [pool-639-thread-1] INFO  impl.RaftServerImpl (ServerState.java:<init>(103)) - 33a74a9a-c6aa-4da5-a89d-bd0bf8c37090@group-07E5B02BBD89: ConfigurationManager, init=-1: [61b2d74a-3e9c-4f9f-9790-faf82506f10f:192.168.151.69:38961, dd465717-aa2f-4ac7-b2c3-72db3883e0c6:192.168.151.69:46430, 33a74a9a-c6aa-4da5-a89d-bd0bf8c37090:192.168.151.69:39575], old=null, confs=<EMPTY_MAP>
2019-09-27 06:05:33,035 [pool-629-thread-1] INFO  server.RaftServerConfigKeys (ConfUtils.java:logGet(43)) - raft.server.sleep.deviation.threshold = 300 (default)
2019-09-27 06:05:33,035 [pool-639-thread-1] INFO  server.RaftServerConfigKeys (ConfUtils.java:logGet(43)) - raft.server.storage.dir = [/workdir/hadoop-ozone/integration-test/target/test-dir/MiniOzoneClusterImpl-4525ab81-30b7-4168-a37a-5e85eef55cd7/datanode-5/data/ratis] (custom)
2019-09-27 06:05:33,035 [pool-629-thread-1] INFO  server.RaftServerConfigKeys (ConfUtils.java:logGet(43)) - raft.server.log.appender.install.snapshot.enabled = false (custom)
2019-09-27 06:05:33,035 [pool-629-thread-1] INFO  impl.RaftServerImpl (ServerState.java:<init>(103)) - dd465717-aa2f-4ac7-b2c3-72db3883e0c6@group-07E5B02BBD89: ConfigurationManager, init=-1: [61b2d74a-3e9c-4f9f-9790-faf82506f10f:192.168.151.69:38961, dd465717-aa2f-4ac7-b2c3-72db3883e0c6:192.168.151.69:46430, 33a74a9a-c6aa-4da5-a89d-bd0bf8c37090:192.168.151.69:39575], old=null, confs=<EMPTY_MAP>
2019-09-27 06:05:33,036 [pool-639-thread-1] INFO  storage.RaftStorageDirectory (RaftStorageDirectory.java:analyzeStorage(246)) - The storage directory /workdir/hadoop-ozone/integration-test/target/test-dir/MiniOzoneClusterImpl-4525ab81-30b7-4168-a37a-5e85eef55cd7/datanode-5/data/ratis/da864cb0-f558-4efa-ac24-07e5b02bbd89 does not exist. Creating ...
2019-09-27 06:05:33,036 [pool-629-thread-1] INFO  server.RaftServerConfigKeys (ConfUtils.java:logGet(43)) - raft.server.storage.dir = [/workdir/hadoop-ozone/integration-test/target/test-dir/MiniOzoneClusterImpl-4525ab81-30b7-4168-a37a-5e85eef55cd7/datanode-4/data/ratis] (custom)
2019-09-27 06:05:33,036 [pool-629-thread-1] INFO  storage.RaftStorageDirectory (RaftStorageDirectory.java:analyzeStorage(246)) - The storage directory /workdir/hadoop-ozone/integration-test/target/test-dir/MiniOzoneClusterImpl-4525ab81-30b7-4168-a37a-5e85eef55cd7/datanode-4/data/ratis/da864cb0-f558-4efa-ac24-07e5b02bbd89 does not exist. Creating ...
2019-09-27 06:05:33,059 [pool-649-thread-1] INFO  storage.RaftStorageDirectory (RaftStorageDirectory.java:tryLock(328)) - Lock on /workdir/hadoop-ozone/integration-test/target/test-dir/MiniOzoneClusterImpl-4525ab81-30b7-4168-a37a-5e85eef55cd7/datanode-6/data/ratis/da864cb0-f558-4efa-ac24-07e5b02bbd89/in_use.lock acquired by nodename 22904@trunk-nightly-20190927-zr2qb-3451358976
2019-09-27 06:05:33,059 [pool-639-thread-1] INFO  storage.RaftStorageDirectory (RaftStorageDirectory.java:tryLock(328)) - Lock on /workdir/hadoop-ozone/integration-test/target/test-dir/MiniOzoneClusterImpl-4525ab81-30b7-4168-a37a-5e85eef55cd7/datanode-5/data/ratis/da864cb0-f558-4efa-ac24-07e5b02bbd89/in_use.lock acquired by nodename 22904@trunk-nightly-20190927-zr2qb-3451358976
2019-09-27 06:05:33,059 [pool-629-thread-1] INFO  storage.RaftStorageDirectory (RaftStorageDirectory.java:tryLock(328)) - Lock on /workdir/hadoop-ozone/integration-test/target/test-dir/MiniOzoneClusterImpl-4525ab81-30b7-4168-a37a-5e85eef55cd7/datanode-4/data/ratis/da864cb0-f558-4efa-ac24-07e5b02bbd89/in_use.lock acquired by nodename 22904@trunk-nightly-20190927-zr2qb-3451358976
2019-09-27 06:05:33,084 [pool-649-thread-1] INFO  storage.RaftStorage (RaftStorage.java:format(72)) - Storage directory /workdir/hadoop-ozone/integration-test/target/test-dir/MiniOzoneClusterImpl-4525ab81-30b7-4168-a37a-5e85eef55cd7/datanode-6/data/ratis/da864cb0-f558-4efa-ac24-07e5b02bbd89 has been successfully formatted.
2019-09-27 06:05:33,084 [pool-629-thread-1] INFO  storage.RaftStorage (RaftStorage.java:format(72)) - Storage directory /workdir/hadoop-ozone/integration-test/target/test-dir/MiniOzoneClusterImpl-4525ab81-30b7-4168-a37a-5e85eef55cd7/datanode-4/data/ratis/da864cb0-f558-4efa-ac24-07e5b02bbd89 has been successfully formatted.
2019-09-27 06:05:33,084 [pool-639-thread-1] INFO  storage.RaftStorage (RaftStorage.java:format(72)) - Storage directory /workdir/hadoop-ozone/integration-test/target/test-dir/MiniOzoneClusterImpl-4525ab81-30b7-4168-a37a-5e85eef55cd7/datanode-5/data/ratis/da864cb0-f558-4efa-ac24-07e5b02bbd89 has been successfully formatted.
2019-09-27 06:05:33,084 [pool-629-thread-1] INFO  ratis.ContainerStateMachine (ContainerStateMachine.java:loadSnapshot(230)) - group-07E5B02BBD89: The snapshot info is null. Setting the last applied indexto:(t:0, i:~)
2019-09-27 06:05:33,084 [pool-649-thread-1] INFO  ratis.ContainerStateMachine (ContainerStateMachine.java:loadSnapshot(230)) - group-07E5B02BBD89: The snapshot info is null. Setting the last applied indexto:(t:0, i:~)
2019-09-27 06:05:33,085 [pool-629-thread-1] INFO  server.RaftServerConfigKeys (ConfUtils.java:logGet(43)) - raft.server.notification.no-leader.timeout = 120s (custom)
2019-09-27 06:05:33,085 [pool-639-thread-1] INFO  ratis.ContainerStateMachine (ContainerStateMachine.java:loadSnapshot(230)) - group-07E5B02BBD89: The snapshot info is null. Setting the last applied indexto:(t:0, i:~)
2019-09-27 06:05:33,085 [pool-629-thread-1] INFO  server.RaftServerConfigKeys (ConfUtils.java:logGet(43)) - raft.server.log.use.memory = false (default)
2019-09-27 06:05:33,085 [pool-649-thread-1] INFO  server.RaftServerConfigKeys (ConfUtils.java:logGet(43)) - raft.server.notification.no-leader.timeout = 120s (custom)
2019-09-27 06:05:33,085 [pool-629-thread-1] INFO  server.RaftServerConfigKeys (ConfUtils.java:logGet(43)) - raft.server.log.purge.gap = 1000000 (custom)
2019-09-27 06:05:33,085 [pool-639-thread-1] INFO  server.RaftServerConfigKeys (ConfUtils.java:logGet(43)) - raft.server.notification.no-leader.timeout = 120s (custom)
2019-09-27 06:05:33,086 [pool-629-thread-1] INFO  server.RaftServerConfigKeys (ConfUtils.java:logGet(43)) - raft.server.log.appender.buffer.byte-limit = 33554432 (custom)
2019-09-27 06:05:33,085 [pool-649-thread-1] INFO  server.RaftServerConfigKeys (ConfUtils.java:logGet(43)) - raft.server.log.use.memory = false (default)
2019-09-27 06:05:33,086 [pool-629-thread-1] INFO  server.RaftServerConfigKeys (ConfUtils.java:logGet(43)) - raft.server.log.segment.size.max = 1048576 (custom)
2019-09-27 06:05:33,086 [pool-639-thread-1] INFO  server.RaftServerConfigKeys (ConfUtils.java:logGet(43)) - raft.server.log.use.memory = false (default)
2019-09-27 06:05:33,086 [pool-629-thread-1] INFO  server.RaftServerConfigKeys (ConfUtils.java:logGet(43)) - raft.server.log.segment.cache.num.max = 2 (custom)
2019-09-27 06:05:33,086 [pool-649-thread-1] INFO  server.RaftServerConfigKeys (ConfUtils.java:logGet(43)) - raft.server.log.purge.gap = 1000000 (custom)
2019-09-27 06:05:33,086 [pool-629-thread-1] INFO  segmented.SegmentedRaftLogWorker (SegmentedRaftLogWorker.java:<init>(172)) - new dd465717-aa2f-4ac7-b2c3-72db3883e0c6@group-07E5B02BBD89-SegmentedRaftLogWorker for RaftStorage:Storage Directory /workdir/hadoop-ozone/integration-test/target/test-dir/MiniOzoneClusterImpl-4525ab81-30b7-4168-a37a-5e85eef55cd7/datanode-4/data/ratis/da864cb0-f558-4efa-ac24-07e5b02bbd89
2019-09-27 06:05:33,086 [pool-639-thread-1] INFO  server.RaftServerConfigKeys (ConfUtils.java:logGet(43)) - raft.server.log.purge.gap = 1000000 (custom)
2019-09-27 06:05:33,087 [pool-629-thread-1] INFO  server.RaftServerConfigKeys (ConfUtils.java:logGet(43)) - raft.server.log.queue.byte-limit = 2147483647 (custom)
2019-09-27 06:05:33,086 [pool-649-thread-1] INFO  server.RaftServerConfigKeys (ConfUtils.java:logGet(43)) - raft.server.log.appender.buffer.byte-limit = 33554432 (custom)
2019-09-27 06:05:33,087 [pool-629-thread-1] INFO  server.RaftServerConfigKeys (ConfUtils.java:logGet(43)) - raft.server.log.queue.element-limit = 1024 (custom)
2019-09-27 06:05:33,087 [pool-639-thread-1] INFO  server.RaftServerConfigKeys (ConfUtils.java:logGet(43)) - raft.server.log.appender.buffer.byte-limit = 33554432 (custom)
2019-09-27 06:05:33,087 [pool-629-thread-1] INFO  server.RaftServerConfigKeys (ConfUtils.java:logGet(43)) - raft.server.log.segment.size.max = 1048576 (custom)
2019-09-27 06:05:33,087 [pool-649-thread-1] INFO  server.RaftServerConfigKeys (ConfUtils.java:logGet(43)) - raft.server.log.segment.size.max = 1048576 (custom)
2019-09-27 06:05:33,087 [pool-629-thread-1] INFO  server.RaftServerConfigKeys (ConfUtils.java:logGet(43)) - raft.server.log.preallocated.size = 16384 (custom)
2019-09-27 06:05:33,087 [pool-639-thread-1] INFO  server.RaftServerConfigKeys (ConfUtils.java:logGet(43)) - raft.server.log.segment.size.max = 1048576 (custom)
2019-09-27 06:05:33,088 [pool-629-thread-1] INFO  server.RaftServerConfigKeys (ConfUtils.java:logGet(43)) - raft.server.log.write.buffer.size = 33554432 (custom)
2019-09-27 06:05:33,088 [pool-649-thread-1] INFO  server.RaftServerConfigKeys (ConfUtils.java:logGet(43)) - raft.server.log.segment.cache.num.max = 2 (custom)
2019-09-27 06:05:33,088 [pool-629-thread-1] INFO  server.RaftServerConfigKeys (ConfUtils.java:logGet(43)) - raft.server.log.force.sync.num = 128 (default)
2019-09-27 06:05:33,088 [pool-639-thread-1] INFO  server.RaftServerConfigKeys (ConfUtils.java:logGet(43)) - raft.server.log.segment.cache.num.max = 2 (custom)
2019-09-27 06:05:33,088 [pool-629-thread-1] INFO  server.RaftServerConfigKeys (ConfUtils.java:logGet(43)) - raft.server.log.statemachine.data.sync = true (default)
2019-09-27 06:05:33,088 [pool-649-thread-1] INFO  segmented.SegmentedRaftLogWorker (SegmentedRaftLogWorker.java:<init>(172)) - new 61b2d74a-3e9c-4f9f-9790-faf82506f10f@group-07E5B02BBD89-SegmentedRaftLogWorker for RaftStorage:Storage Directory /workdir/hadoop-ozone/integration-test/target/test-dir/MiniOzoneClusterImpl-4525ab81-30b7-4168-a37a-5e85eef55cd7/datanode-6/data/ratis/da864cb0-f558-4efa-ac24-07e5b02bbd89
2019-09-27 06:05:33,088 [pool-629-thread-1] INFO  server.RaftServerConfigKeys (ConfUtils.java:logGet(43)) - raft.server.log.statemachine.data.sync.timeout = 10s (default)
2019-09-27 06:05:33,088 [pool-639-thread-1] INFO  segmented.SegmentedRaftLogWorker (SegmentedRaftLogWorker.java:<init>(172)) - new 33a74a9a-c6aa-4da5-a89d-bd0bf8c37090@group-07E5B02BBD89-SegmentedRaftLogWorker for RaftStorage:Storage Directory /workdir/hadoop-ozone/integration-test/target/test-dir/MiniOzoneClusterImpl-4525ab81-30b7-4168-a37a-5e85eef55cd7/datanode-5/data/ratis/da864cb0-f558-4efa-ac24-07e5b02bbd89
2019-09-27 06:05:33,089 [pool-629-thread-1] INFO  server.RaftServerConfigKeys (ConfUtils.java:logGet(43)) - raft.server.log.statemachine.data.sync.timeout.retry = -1 (default)
2019-09-27 06:05:33,088 [pool-649-thread-1] INFO  server.RaftServerConfigKeys (ConfUtils.java:logGet(43)) - raft.server.log.queue.byte-limit = 2147483647 (custom)
2019-09-27 06:05:33,089 [pool-629-thread-1] INFO  server.RaftServerConfigKeys (ConfUtils.java:logGet(43)) - raft.server.log.statemachine.data.caching.enabled = true (custom)
2019-09-27 06:05:33,089 [pool-639-thread-1] INFO  server.RaftServerConfigKeys (ConfUtils.java:logGet(43)) - raft.server.log.queue.byte-limit = 2147483647 (custom)
2019-09-27 06:05:33,089 [pool-629-thread-1] INFO  segmented.SegmentedRaftLogWorker (SegmentedRaftLogWorker.java:lambda$new$0(132)) - dd465717-aa2f-4ac7-b2c3-72db3883e0c6@group-07E5B02BBD89-SegmentedRaftLogWorker: flushIndex: setUnconditionally 0 -> -1
2019-09-27 06:05:33,089 [pool-649-thread-1] INFO  server.RaftServerConfigKeys (ConfUtils.java:logGet(43)) - raft.server.log.queue.element-limit = 1024 (custom)
2019-09-27 06:05:33,089 [pool-639-thread-1] INFO  server.RaftServerConfigKeys (ConfUtils.java:logGet(43)) - raft.server.log.queue.element-limit = 1024 (custom)
2019-09-27 06:05:33,089 [pool-649-thread-1] INFO  server.RaftServerConfigKeys (ConfUtils.java:logGet(43)) - raft.server.log.segment.size.max = 1048576 (custom)
2019-09-27 06:05:33,089 [pool-629-thread-1] INFO  server.RaftServerConfigKeys (ConfUtils.java:logGet(43)) - raft.server.snapshot.auto.trigger.enabled = true (custom)
2019-09-27 06:05:33,090 [pool-649-thread-1] INFO  server.RaftServerConfigKeys (ConfUtils.java:logGet(43)) - raft.server.log.preallocated.size = 16384 (custom)
2019-09-27 06:05:33,089 [pool-639-thread-1] INFO  server.RaftServerConfigKeys (ConfUtils.java:logGet(43)) - raft.server.log.segment.size.max = 1048576 (custom)
2019-09-27 06:05:33,090 [pool-649-thread-1] INFO  server.RaftServerConfigKeys (ConfUtils.java:logGet(43)) - raft.server.log.write.buffer.size = 33554432 (custom)
2019-09-27 06:05:33,090 [pool-629-thread-1] INFO  server.RaftServerConfigKeys (ConfUtils.java:logGet(43)) - raft.server.snapshot.auto.trigger.threshold = 10000 (custom)
2019-09-27 06:05:33,090 [pool-649-thread-1] INFO  server.RaftServerConfigKeys (ConfUtils.java:logGet(43)) - raft.server.log.force.sync.num = 128 (default)
2019-09-27 06:05:33,090 [pool-649-thread-1] INFO  server.RaftServerConfigKeys (ConfUtils.java:logGet(43)) - raft.server.log.statemachine.data.sync = true (default)
2019-09-27 06:05:33,090 [pool-639-thread-1] INFO  server.RaftServerConfigKeys (ConfUtils.java:logGet(43)) - raft.server.log.preallocated.size = 16384 (custom)
2019-09-27 06:05:33,090 [pool-649-thread-1] INFO  server.RaftServerConfigKeys (ConfUtils.java:logGet(43)) - raft.server.log.statemachine.data.sync.timeout = 10s (default)
2019-09-27 06:05:33,091 [pool-649-thread-1] INFO  server.RaftServerConfigKeys (ConfUtils.java:logGet(43)) - raft.server.log.statemachine.data.sync.timeout.retry = -1 (default)
2019-09-27 06:05:33,090 [pool-629-thread-1] INFO  server.RaftServerConfigKeys (ConfUtils.java:logGet(43)) - raft.server.snapshot.retention.num.files = 5 (custom)
2019-09-27 06:05:33,091 [pool-649-thread-1] INFO  server.RaftServerConfigKeys (ConfUtils.java:logGet(43)) - raft.server.log.statemachine.data.caching.enabled = true (custom)
2019-09-27 06:05:33,091 [pool-639-thread-1] INFO  server.RaftServerConfigKeys (ConfUtils.java:logGet(43)) - raft.server.log.write.buffer.size = 33554432 (custom)
2019-09-27 06:05:33,091 [pool-649-thread-1] INFO  segmented.SegmentedRaftLogWorker (SegmentedRaftLogWorker.java:lambda$new$0(132)) - 61b2d74a-3e9c-4f9f-9790-faf82506f10f@group-07E5B02BBD89-SegmentedRaftLogWorker: flushIndex: setUnconditionally 0 -> -1
2019-09-27 06:05:33,091 [pool-629-thread-1] INFO  server.RaftServerConfigKeys (ConfUtils.java:logGet(43)) - raft.server.retrycache.expirytime = 600000ms (custom)
2019-09-27 06:05:33,091 [pool-639-thread-1] INFO  server.RaftServerConfigKeys (ConfUtils.java:logGet(43)) - raft.server.log.force.sync.num = 128 (default)
2019-09-27 06:05:33,092 [pool-649-thread-1] INFO  server.RaftServerConfigKeys (ConfUtils.java:logGet(43)) - raft.server.snapshot.auto.trigger.enabled = true (custom)
2019-09-27 06:05:33,092 [pool-639-thread-1] INFO  server.RaftServerConfigKeys (ConfUtils.java:logGet(43)) - raft.server.log.statemachine.data.sync = true (default)
2019-09-27 06:05:33,092 [pool-649-thread-1] INFO  server.RaftServerConfigKeys (ConfUtils.java:logGet(43)) - raft.server.snapshot.auto.trigger.threshold = 10000 (custom)
2019-09-27 06:05:33,092 [pool-639-thread-1] INFO  server.RaftServerConfigKeys (ConfUtils.java:logGet(43)) - raft.server.log.statemachine.data.sync.timeout = 10s (default)
2019-09-27 06:05:33,092 [pool-649-thread-1] INFO  server.RaftServerConfigKeys (ConfUtils.java:logGet(43)) - raft.server.snapshot.retention.num.files = 5 (custom)
2019-09-27 06:05:33,092 [pool-639-thread-1] INFO  server.RaftServerConfigKeys (ConfUtils.java:logGet(43)) - raft.server.log.statemachine.data.sync.timeout.retry = -1 (default)
2019-09-27 06:05:33,092 [pool-649-thread-1] INFO  server.RaftServerConfigKeys (ConfUtils.java:logGet(43)) - raft.server.retrycache.expirytime = 600000ms (custom)
2019-09-27 06:05:33,093 [pool-629-thread-1] INFO  impl.RaftServerImpl (RaftServerImpl.java:start(185)) - dd465717-aa2f-4ac7-b2c3-72db3883e0c6@group-07E5B02BBD89: start as a follower, conf=-1: [61b2d74a-3e9c-4f9f-9790-faf82506f10f:192.168.151.69:38961, dd465717-aa2f-4ac7-b2c3-72db3883e0c6:192.168.151.69:46430, 33a74a9a-c6aa-4da5-a89d-bd0bf8c37090:192.168.151.69:39575], old=null
2019-09-27 06:05:33,092 [pool-639-thread-1] INFO  server.RaftServerConfigKeys (ConfUtils.java:logGet(43)) - raft.server.log.statemachine.data.caching.enabled = true (custom)
2019-09-27 06:05:33,093 [pool-629-thread-1] INFO  impl.RaftServerImpl (RaftServerImpl.java:setRole(174)) - dd465717-aa2f-4ac7-b2c3-72db3883e0c6@group-07E5B02BBD89: changes role from      null to FOLLOWER at term 0 for startAsFollower
2019-09-27 06:05:33,093 [pool-639-thread-1] INFO  segmented.SegmentedRaftLogWorker (SegmentedRaftLogWorker.java:lambda$new$0(132)) - 33a74a9a-c6aa-4da5-a89d-bd0bf8c37090@group-07E5B02BBD89-SegmentedRaftLogWorker: flushIndex: setUnconditionally 0 -> -1
2019-09-27 06:05:33,093 [pool-629-thread-1] INFO  impl.RoleInfo (RoleInfo.java:updateAndGet(143)) - dd465717-aa2f-4ac7-b2c3-72db3883e0c6: start FollowerState
2019-09-27 06:05:33,093 [pool-639-thread-1] INFO  server.RaftServerConfigKeys (ConfUtils.java:logGet(43)) - raft.server.snapshot.auto.trigger.enabled = true (custom)
2019-09-27 06:05:33,093 [pool-629-thread-1] INFO  util.JmxRegister (JmxRegister.java:tryRegister(44)) - Successfully registered JMX Bean with object name Ratis:service=RaftServer,group=group-07E5B02BBD89,id=dd465717-aa2f-4ac7-b2c3-72db3883e0c6
2019-09-27 06:05:33,093 [pool-639-thread-1] INFO  server.RaftServerConfigKeys (ConfUtils.java:logGet(43)) - raft.server.snapshot.auto.trigger.threshold = 10000 (custom)
2019-09-27 06:05:33,094 [pool-639-thread-1] INFO  server.RaftServerConfigKeys (ConfUtils.java:logGet(43)) - raft.server.snapshot.retention.num.files = 5 (custom)
2019-09-27 06:05:33,094 [pool-639-thread-1] INFO  server.RaftServerConfigKeys (ConfUtils.java:logGet(43)) - raft.server.retrycache.expirytime = 600000ms (custom)
2019-09-27 06:05:33,094 [pool-649-thread-1] INFO  impl.RaftServerImpl (RaftServerImpl.java:start(185)) - 61b2d74a-3e9c-4f9f-9790-faf82506f10f@group-07E5B02BBD89: start as a follower, conf=-1: [61b2d74a-3e9c-4f9f-9790-faf82506f10f:192.168.151.69:38961, dd465717-aa2f-4ac7-b2c3-72db3883e0c6:192.168.151.69:46430, 33a74a9a-c6aa-4da5-a89d-bd0bf8c37090:192.168.151.69:39575], old=null
2019-09-27 06:05:33,094 [pool-649-thread-1] INFO  impl.RaftServerImpl (RaftServerImpl.java:setRole(174)) - 61b2d74a-3e9c-4f9f-9790-faf82506f10f@group-07E5B02BBD89: changes role from      null to FOLLOWER at term 0 for startAsFollower
2019-09-27 06:05:33,094 [pool-649-thread-1] INFO  impl.RoleInfo (RoleInfo.java:updateAndGet(143)) - 61b2d74a-3e9c-4f9f-9790-faf82506f10f: start FollowerState
2019-09-27 06:05:33,095 [pool-649-thread-1] INFO  util.JmxRegister (JmxRegister.java:tryRegister(44)) - Successfully registered JMX Bean with object name Ratis:service=RaftServer,group=group-07E5B02BBD89,id=61b2d74a-3e9c-4f9f-9790-faf82506f10f
2019-09-27 06:05:33,096 [pool-639-thread-1] INFO  impl.RaftServerImpl (RaftServerImpl.java:start(185)) - 33a74a9a-c6aa-4da5-a89d-bd0bf8c37090@group-07E5B02BBD89: start as a follower, conf=-1: [61b2d74a-3e9c-4f9f-9790-faf82506f10f:192.168.151.69:38961, dd465717-aa2f-4ac7-b2c3-72db3883e0c6:192.168.151.69:46430, 33a74a9a-c6aa-4da5-a89d-bd0bf8c37090:192.168.151.69:39575], old=null
2019-09-27 06:05:33,096 [pool-639-thread-1] INFO  impl.RaftServerImpl (RaftServerImpl.java:setRole(174)) - 33a74a9a-c6aa-4da5-a89d-bd0bf8c37090@group-07E5B02BBD89: changes role from      null to FOLLOWER at term 0 for startAsFollower
2019-09-27 06:05:33,096 [pool-639-thread-1] INFO  impl.RoleInfo (RoleInfo.java:updateAndGet(143)) - 33a74a9a-c6aa-4da5-a89d-bd0bf8c37090: start FollowerState
2019-09-27 06:05:33,097 [pool-639-thread-1] INFO  util.JmxRegister (JmxRegister.java:tryRegister(44)) - Successfully registered JMX Bean with object name Ratis:service=RaftServer,group=group-07E5B02BBD89,id=33a74a9a-c6aa-4da5-a89d-bd0bf8c37090
2019-09-27 06:05:33,098 [RatisPipelineUtilsThread] INFO  pipeline.PipelineStateManager (PipelineStateManager.java:addPipeline(56)) - Created pipeline Pipeline[ Id: da864cb0-f558-4efa-ac24-07e5b02bbd89, Nodes: dd465717-aa2f-4ac7-b2c3-72db3883e0c6{ip: 192.168.151.69, host: trunk-nightly-20190927-zr2qb-3451358976, networkLocation: /default-rack, certSerialId: null}33a74a9a-c6aa-4da5-a89d-bd0bf8c37090{ip: 192.168.151.69, host: trunk-nightly-20190927-zr2qb-3451358976, networkLocation: /default-rack, certSerialId: null}61b2d74a-3e9c-4f9f-9790-faf82506f10f{ip: 192.168.151.69, host: trunk-nightly-20190927-zr2qb-3451358976, networkLocation: /default-rack, certSerialId: null}, Type:RATIS, Factor:THREE, State:OPEN]
2019-09-27 06:05:35,609 [Thread-3888] INFO  container.ReplicationManager (ReplicationManager.java:start(162)) - Starting Replication Monitor Thread.
2019-09-27 06:05:35,613 [ReplicationMonitor] INFO  container.ReplicationManager (ReplicationManager.java:run(225)) - Replication Monitor Thread took 0 milliseconds for processing 1 containers.
2019-09-27 06:05:37,777 [Thread-3893] INFO  impl.FollowerState (FollowerState.java:run(106)) - 7a09dfa5-1bb7-4af5-90e7-84a302ea596c:group-E4E123AA1E3A changes to CANDIDATE, lastRpcTime:5058, electionTimeout:5058ms
2019-09-27 06:05:37,778 [Thread-3893] INFO  impl.RoleInfo (RoleInfo.java:shutdownFollowerState(121)) - 7a09dfa5-1bb7-4af5-90e7-84a302ea596c: shutdown FollowerState
2019-09-27 06:05:37,779 [Thread-3893] INFO  impl.RaftServerImpl (RaftServerImpl.java:setRole(174)) - 7a09dfa5-1bb7-4af5-90e7-84a302ea596c@group-E4E123AA1E3A: changes role from  FOLLOWER to CANDIDATE at term 0 for changeToCandidate
2019-09-27 06:05:37,779 [Thread-3893] INFO  impl.RoleInfo (RoleInfo.java:updateAndGet(143)) - 7a09dfa5-1bb7-4af5-90e7-84a302ea596c: start LeaderElection
2019-09-27 06:05:37,810 [7a09dfa5-1bb7-4af5-90e7-84a302ea596c@group-E4E123AA1E3A:LeaderElection88] INFO  impl.LeaderElection (LeaderElection.java:askForVotes(182)) - 7a09dfa5-1bb7-4af5-90e7-84a302ea596c@group-E4E123AA1E3A:LeaderElection88: begin an election at term 1 for -1: [7a09dfa5-1bb7-4af5-90e7-84a302ea596c:192.168.151.69:37216], old=null
2019-09-27 06:05:37,810 [7a09dfa5-1bb7-4af5-90e7-84a302ea596c@group-E4E123AA1E3A:LeaderElection88] INFO  impl.RoleInfo (RoleInfo.java:shutdownLeaderElection(134)) - 7a09dfa5-1bb7-4af5-90e7-84a302ea596c: shutdown LeaderElection
2019-09-27 06:05:37,810 [7a09dfa5-1bb7-4af5-90e7-84a302ea596c@group-E4E123AA1E3A:LeaderElection88] INFO  impl.RaftServerImpl (RaftServerImpl.java:setRole(174)) - 7a09dfa5-1bb7-4af5-90e7-84a302ea596c@group-E4E123AA1E3A: changes role from CANDIDATE to LEADER at term 1 for changeToLeader
2019-09-27 06:05:37,810 [7a09dfa5-1bb7-4af5-90e7-84a302ea596c@group-E4E123AA1E3A:LeaderElection88] INFO  impl.RaftServerImpl (ServerState.java:setLeader(253)) - 7a09dfa5-1bb7-4af5-90e7-84a302ea596c@group-E4E123AA1E3A: change Leader from null to 7a09dfa5-1bb7-4af5-90e7-84a302ea596c at term 1 for becomeLeader, leader elected after 5097ms
2019-09-27 06:05:37,810 [7a09dfa5-1bb7-4af5-90e7-84a302ea596c@group-E4E123AA1E3A:LeaderElection88] INFO  server.RaftServerConfigKeys (ConfUtils.java:logGet(43)) - raft.server.staging.catchup.gap = 1000 (default)
2019-09-27 06:05:37,811 [7a09dfa5-1bb7-4af5-90e7-84a302ea596c@group-E4E123AA1E3A:LeaderElection88] INFO  server.RaftServerConfigKeys (ConfUtils.java:logGet(43)) - raft.server.rpc.sleep.time = 25ms (default)
2019-09-27 06:05:37,811 [7a09dfa5-1bb7-4af5-90e7-84a302ea596c@group-E4E123AA1E3A:LeaderElection88] INFO  server.RaftServerConfigKeys (ConfUtils.java:logGet(43)) - raft.server.write.element-limit = 4096 (default)
2019-09-27 06:05:37,811 [7a09dfa5-1bb7-4af5-90e7-84a302ea596c@group-E4E123AA1E3A:LeaderElection88] INFO  server.RaftServerConfigKeys (ConfUtils.java:logGet(43)) - raft.server.watch.timeout = 10s (default)
2019-09-27 06:05:37,811 [7a09dfa5-1bb7-4af5-90e7-84a302ea596c@group-E4E123AA1E3A:LeaderElection88] INFO  server.RaftServerConfigKeys (ConfUtils.java:logGet(43)) - raft.server.watch.timeout.denomination = 1s (default)
2019-09-27 06:05:37,811 [7a09dfa5-1bb7-4af5-90e7-84a302ea596c@group-E4E123AA1E3A:LeaderElection88] INFO  server.RaftServerConfigKeys (ConfUtils.java:logGet(43)) - raft.server.watch.element-limit = 65536 (default)
2019-09-27 06:05:37,814 [7a09dfa5-1bb7-4af5-90e7-84a302ea596c@group-E4E123AA1E3A:LeaderElection88] INFO  impl.RoleInfo (RoleInfo.java:updateAndGet(143)) - 7a09dfa5-1bb7-4af5-90e7-84a302ea596c: start LeaderState
2019-09-27 06:05:37,815 [7a09dfa5-1bb7-4af5-90e7-84a302ea596c@group-E4E123AA1E3A:LeaderElection88] INFO  segmented.SegmentedRaftLogWorker (SegmentedRaftLogWorker.java:startLogSegment(380)) - 7a09dfa5-1bb7-4af5-90e7-84a302ea596c@group-E4E123AA1E3A-SegmentedRaftLogWorker: Starting segment from index:0
2019-09-27 06:05:37,815 [7a09dfa5-1bb7-4af5-90e7-84a302ea596c@group-E4E123AA1E3A:LeaderElection88] INFO  impl.RaftServerImpl (ServerState.java:setRaftConf(354)) - 7a09dfa5-1bb7-4af5-90e7-84a302ea596c@group-E4E123AA1E3A: set configuration 0: [7a09dfa5-1bb7-4af5-90e7-84a302ea596c:192.168.151.69:37216], old=null at 0
2019-09-27 06:05:37,854 [Thread-3890] INFO  impl.FollowerState (FollowerState.java:run(106)) - a2460cbf-d92d-40d7-8f4b-4fedf6506083:group-1802F54B162D changes to CANDIDATE, lastRpcTime:5196, electionTimeout:5196ms
2019-09-27 06:05:37,854 [Thread-3890] INFO  impl.RoleInfo (RoleInfo.java:shutdownFollowerState(121)) - a2460cbf-d92d-40d7-8f4b-4fedf6506083: shutdown FollowerState
2019-09-27 06:05:37,854 [Thread-3890] INFO  impl.RaftServerImpl (RaftServerImpl.java:setRole(174)) - a2460cbf-d92d-40d7-8f4b-4fedf6506083@group-1802F54B162D: changes role from  FOLLOWER to CANDIDATE at term 0 for changeToCandidate
2019-09-27 06:05:37,854 [Thread-3890] INFO  impl.RoleInfo (RoleInfo.java:updateAndGet(143)) - a2460cbf-d92d-40d7-8f4b-4fedf6506083: start LeaderElection
2019-09-27 06:05:37,870 [7a09dfa5-1bb7-4af5-90e7-84a302ea596c@group-E4E123AA1E3A-SegmentedRaftLogWorker] INFO  segmented.SegmentedRaftLogWorker (SegmentedRaftLogWorker.java:execute(569)) - 7a09dfa5-1bb7-4af5-90e7-84a302ea596c@group-E4E123AA1E3A-SegmentedRaftLogWorker: created new log segment /workdir/hadoop-ozone/integration-test/target/test-dir/MiniOzoneClusterImpl-4525ab81-30b7-4168-a37a-5e85eef55cd7/datanode-1/data/ratis/fd89df33-106c-41ce-afa6-e4e123aa1e3a/current/log_inprogress_0
2019-09-27 06:05:37,884 [a2460cbf-d92d-40d7-8f4b-4fedf6506083@group-1802F54B162D:LeaderElection89] INFO  impl.LeaderElection (LeaderElection.java:askForVotes(182)) - a2460cbf-d92d-40d7-8f4b-4fedf6506083@group-1802F54B162D:LeaderElection89: begin an election at term 1 for -1: [a2460cbf-d92d-40d7-8f4b-4fedf6506083:192.168.151.69:46128], old=null
2019-09-27 06:05:37,884 [a2460cbf-d92d-40d7-8f4b-4fedf6506083@group-1802F54B162D:LeaderElection89] INFO  impl.RoleInfo (RoleInfo.java:shutdownLeaderElection(134)) - a2460cbf-d92d-40d7-8f4b-4fedf6506083: shutdown LeaderElection
2019-09-27 06:05:37,884 [a2460cbf-d92d-40d7-8f4b-4fedf6506083@group-1802F54B162D:LeaderElection89] INFO  impl.RaftServerImpl (RaftServerImpl.java:setRole(174)) - a2460cbf-d92d-40d7-8f4b-4fedf6506083@group-1802F54B162D: changes role from CANDIDATE to LEADER at term 1 for changeToLeader
2019-09-27 06:05:37,884 [a2460cbf-d92d-40d7-8f4b-4fedf6506083@group-1802F54B162D:LeaderElection89] INFO  impl.RaftServerImpl (ServerState.java:setLeader(253)) - a2460cbf-d92d-40d7-8f4b-4fedf6506083@group-1802F54B162D: change Leader from null to a2460cbf-d92d-40d7-8f4b-4fedf6506083 at term 1 for becomeLeader, leader elected after 5235ms
2019-09-27 06:05:37,884 [a2460cbf-d92d-40d7-8f4b-4fedf6506083@group-1802F54B162D:LeaderElection89] INFO  server.RaftServerConfigKeys (ConfUtils.java:logGet(43)) - raft.server.staging.catchup.gap = 1000 (default)
2019-09-27 06:05:37,884 [a2460cbf-d92d-40d7-8f4b-4fedf6506083@group-1802F54B162D:LeaderElection89] INFO  server.RaftServerConfigKeys (ConfUtils.java:logGet(43)) - raft.server.rpc.sleep.time = 25ms (default)
2019-09-27 06:05:37,884 [a2460cbf-d92d-40d7-8f4b-4fedf6506083@group-1802F54B162D:LeaderElection89] INFO  server.RaftServerConfigKeys (ConfUtils.java:logGet(43)) - raft.server.write.element-limit = 4096 (default)
2019-09-27 06:05:37,885 [a2460cbf-d92d-40d7-8f4b-4fedf6506083@group-1802F54B162D:LeaderElection89] INFO  server.RaftServerConfigKeys (ConfUtils.java:logGet(43)) - raft.server.watch.timeout = 10s (default)
2019-09-27 06:05:37,885 [a2460cbf-d92d-40d7-8f4b-4fedf6506083@group-1802F54B162D:LeaderElection89] INFO  server.RaftServerConfigKeys (ConfUtils.java:logGet(43)) - raft.server.watch.timeout.denomination = 1s (default)
2019-09-27 06:05:37,885 [a2460cbf-d92d-40d7-8f4b-4fedf6506083@group-1802F54B162D:LeaderElection89] INFO  server.RaftServerConfigKeys (ConfUtils.java:logGet(43)) - raft.server.watch.element-limit = 65536 (default)
2019-09-27 06:05:37,887 [a2460cbf-d92d-40d7-8f4b-4fedf6506083@group-1802F54B162D:LeaderElection89] INFO  impl.RoleInfo (RoleInfo.java:updateAndGet(143)) - a2460cbf-d92d-40d7-8f4b-4fedf6506083: start LeaderState
2019-09-27 06:05:37,887 [a2460cbf-d92d-40d7-8f4b-4fedf6506083@group-1802F54B162D:LeaderElection89] INFO  segmented.SegmentedRaftLogWorker (SegmentedRaftLogWorker.java:startLogSegment(380)) - a2460cbf-d92d-40d7-8f4b-4fedf6506083@group-1802F54B162D-SegmentedRaftLogWorker: Starting segment from index:0
2019-09-27 06:05:37,887 [a2460cbf-d92d-40d7-8f4b-4fedf6506083@group-1802F54B162D:LeaderElection89] INFO  impl.RaftServerImpl (ServerState.java:setRaftConf(354)) - a2460cbf-d92d-40d7-8f4b-4fedf6506083@group-1802F54B162D: set configuration 0: [a2460cbf-d92d-40d7-8f4b-4fedf6506083:192.168.151.69:46128], old=null at 0
2019-09-27 06:05:37,923 [Thread-3899] INFO  impl.FollowerState (FollowerState.java:run(106)) - 0f7d47af-aea5-43f8-93d1-7d0eb4472ed1:group-1F283EC47BAC changes to CANDIDATE, lastRpcTime:5122, electionTimeout:5122ms
2019-09-27 06:05:37,923 [Thread-3899] INFO  impl.RoleInfo (RoleInfo.java:shutdownFollowerState(121)) - 0f7d47af-aea5-43f8-93d1-7d0eb4472ed1: shutdown FollowerState
2019-09-27 06:05:37,923 [Thread-3899] INFO  impl.RaftServerImpl (RaftServerImpl.java:setRole(174)) - 0f7d47af-aea5-43f8-93d1-7d0eb4472ed1@group-1F283EC47BAC: changes role from  FOLLOWER to CANDIDATE at term 0 for changeToCandidate
2019-09-27 06:05:37,923 [Thread-3899] INFO  impl.RoleInfo (RoleInfo.java:updateAndGet(143)) - 0f7d47af-aea5-43f8-93d1-7d0eb4472ed1: start LeaderElection
2019-09-27 06:05:37,936 [Thread-3896] INFO  impl.FollowerState (FollowerState.java:run(106)) - 6d6ef3a3-db64-42fb-a25e-fae4e6d7296a:group-88562CD1F915 changes to CANDIDATE, lastRpcTime:5160, electionTimeout:5160ms
2019-09-27 06:05:37,936 [Thread-3896] INFO  impl.RoleInfo (RoleInfo.java:shutdownFollowerState(121)) - 6d6ef3a3-db64-42fb-a25e-fae4e6d7296a: shutdown FollowerState
2019-09-27 06:05:37,936 [Thread-3896] INFO  impl.RaftServerImpl (RaftServerImpl.java:setRole(174)) - 6d6ef3a3-db64-42fb-a25e-fae4e6d7296a@group-88562CD1F915: changes role from  FOLLOWER to CANDIDATE at term 0 for changeToCandidate
2019-09-27 06:05:37,936 [Thread-3896] INFO  impl.RoleInfo (RoleInfo.java:updateAndGet(143)) - 6d6ef3a3-db64-42fb-a25e-fae4e6d7296a: start LeaderElection
2019-09-27 06:05:37,961 [Thread-3906] INFO  impl.FollowerState (FollowerState.java:run(106)) - 0f7d47af-aea5-43f8-93d1-7d0eb4472ed1:group-8ABC738D3661 changes to CANDIDATE, lastRpcTime:5119, electionTimeout:5117ms
2019-09-27 06:05:37,961 [a2460cbf-d92d-40d7-8f4b-4fedf6506083@group-1802F54B162D-SegmentedRaftLogWorker] INFO  segmented.SegmentedRaftLogWorker (SegmentedRaftLogWorker.java:execute(569)) - a2460cbf-d92d-40d7-8f4b-4fedf6506083@group-1802F54B162D-SegmentedRaftLogWorker: created new log segment /workdir/hadoop-ozone/integration-test/target/test-dir/MiniOzoneClusterImpl-4525ab81-30b7-4168-a37a-5e85eef55cd7/datanode-0/data/ratis/a0a003b1-7f81-4c66-b968-1802f54b162d/current/log_inprogress_0
2019-09-27 06:05:37,961 [Thread-3906] INFO  impl.RoleInfo (RoleInfo.java:shutdownFollowerState(121)) - 0f7d47af-aea5-43f8-93d1-7d0eb4472ed1: shutdown FollowerState
2019-09-27 06:05:37,961 [Thread-3903] INFO  impl.FollowerState (FollowerState.java:run(106)) - 6d6ef3a3-db64-42fb-a25e-fae4e6d7296a:group-8ABC738D3661 changes to CANDIDATE, lastRpcTime:5121, electionTimeout:5108ms
2019-09-27 06:05:37,961 [0f7d47af-aea5-43f8-93d1-7d0eb4472ed1@group-1F283EC47BAC:LeaderElection90] INFO  impl.LeaderElection (LeaderElection.java:askForVotes(182)) - 0f7d47af-aea5-43f8-93d1-7d0eb4472ed1@group-1F283EC47BAC:LeaderElection90: begin an election at term 1 for -1: [0f7d47af-aea5-43f8-93d1-7d0eb4472ed1:192.168.151.69:39123], old=null
2019-09-27 06:05:37,961 [Thread-3903] INFO  impl.RoleInfo (RoleInfo.java:shutdownFollowerState(121)) - 6d6ef3a3-db64-42fb-a25e-fae4e6d7296a: shutdown FollowerState
2019-09-27 06:05:37,961 [Thread-3906] INFO  impl.RaftServerImpl (RaftServerImpl.java:setRole(174)) - 0f7d47af-aea5-43f8-93d1-7d0eb4472ed1@group-8ABC738D3661: changes role from  FOLLOWER to CANDIDATE at term 0 for changeToCandidate
2019-09-27 06:05:37,962 [Thread-3903] INFO  impl.RaftServerImpl (RaftServerImpl.java:setRole(174)) - 6d6ef3a3-db64-42fb-a25e-fae4e6d7296a@group-8ABC738D3661: changes role from  FOLLOWER to CANDIDATE at term 0 for changeToCandidate
2019-09-27 06:05:37,962 [0f7d47af-aea5-43f8-93d1-7d0eb4472ed1@group-1F283EC47BAC:LeaderElection90] INFO  impl.RoleInfo (RoleInfo.java:shutdownLeaderElection(134)) - 0f7d47af-aea5-43f8-93d1-7d0eb4472ed1: shutdown LeaderElection
2019-09-27 06:05:37,962 [Thread-3903] INFO  impl.RoleInfo (RoleInfo.java:updateAndGet(143)) - 6d6ef3a3-db64-42fb-a25e-fae4e6d7296a: start LeaderElection
2019-09-27 06:05:37,962 [Thread-3906] INFO  impl.RoleInfo (RoleInfo.java:updateAndGet(143)) - 0f7d47af-aea5-43f8-93d1-7d0eb4472ed1: start LeaderElection
2019-09-27 06:05:37,962 [0f7d47af-aea5-43f8-93d1-7d0eb4472ed1@group-1F283EC47BAC:LeaderElection90] INFO  impl.RaftServerImpl (RaftServerImpl.java:setRole(174)) - 0f7d47af-aea5-43f8-93d1-7d0eb4472ed1@group-1F283EC47BAC: changes role from CANDIDATE to LEADER at term 1 for changeToLeader
2019-09-27 06:05:37,962 [0f7d47af-aea5-43f8-93d1-7d0eb4472ed1@group-1F283EC47BAC:LeaderElection90] INFO  impl.RaftServerImpl (ServerState.java:setLeader(253)) - 0f7d47af-aea5-43f8-93d1-7d0eb4472ed1@group-1F283EC47BAC: change Leader from null to 0f7d47af-aea5-43f8-93d1-7d0eb4472ed1 at term 1 for becomeLeader, leader elected after 5167ms
2019-09-27 06:05:37,971 [0f7d47af-aea5-43f8-93d1-7d0eb4472ed1@group-1F283EC47BAC:LeaderElection90] INFO  server.RaftServerConfigKeys (ConfUtils.java:logGet(43)) - raft.server.staging.catchup.gap = 1000 (default)
2019-09-27 06:05:37,973 [0f7d47af-aea5-43f8-93d1-7d0eb4472ed1@group-1F283EC47BAC:LeaderElection90] INFO  server.RaftServerConfigKeys (ConfUtils.java:logGet(43)) - raft.server.rpc.sleep.time = 25ms (default)
2019-09-27 06:05:37,974 [0f7d47af-aea5-43f8-93d1-7d0eb4472ed1@group-1F283EC47BAC:LeaderElection90] INFO  server.RaftServerConfigKeys (ConfUtils.java:logGet(43)) - raft.server.write.element-limit = 4096 (default)
2019-09-27 06:05:37,974 [0f7d47af-aea5-43f8-93d1-7d0eb4472ed1@group-1F283EC47BAC:LeaderElection90] INFO  server.RaftServerConfigKeys (ConfUtils.java:logGet(43)) - raft.server.watch.timeout = 10s (default)
2019-09-27 06:05:37,974 [0f7d47af-aea5-43f8-93d1-7d0eb4472ed1@group-1F283EC47BAC:LeaderElection90] INFO  server.RaftServerConfigKeys (ConfUtils.java:logGet(43)) - raft.server.watch.timeout.denomination = 1s (default)
2019-09-27 06:05:37,974 [0f7d47af-aea5-43f8-93d1-7d0eb4472ed1@group-1F283EC47BAC:LeaderElection90] INFO  server.RaftServerConfigKeys (ConfUtils.java:logGet(43)) - raft.server.watch.element-limit = 65536 (default)
2019-09-27 06:05:37,976 [0f7d47af-aea5-43f8-93d1-7d0eb4472ed1@group-1F283EC47BAC:LeaderElection90] INFO  impl.RoleInfo (RoleInfo.java:updateAndGet(143)) - 0f7d47af-aea5-43f8-93d1-7d0eb4472ed1: start LeaderState
2019-09-27 06:05:37,976 [0f7d47af-aea5-43f8-93d1-7d0eb4472ed1@group-1F283EC47BAC:LeaderElection90] INFO  segmented.SegmentedRaftLogWorker (SegmentedRaftLogWorker.java:startLogSegment(380)) - 0f7d47af-aea5-43f8-93d1-7d0eb4472ed1@group-1F283EC47BAC-SegmentedRaftLogWorker: Starting segment from index:0
2019-09-27 06:05:37,977 [0f7d47af-aea5-43f8-93d1-7d0eb4472ed1@group-1F283EC47BAC:LeaderElection90] INFO  impl.RaftServerImpl (ServerState.java:setRaftConf(354)) - 0f7d47af-aea5-43f8-93d1-7d0eb4472ed1@group-1F283EC47BAC: set configuration 0: [0f7d47af-aea5-43f8-93d1-7d0eb4472ed1:192.168.151.69:39123], old=null at 0
2019-09-27 06:05:37,979 [Thread-3908] INFO  impl.FollowerState (FollowerState.java:run(106)) - a2460cbf-d92d-40d7-8f4b-4fedf6506083:group-8ABC738D3661 changes to CANDIDATE, lastRpcTime:5136, electionTimeout:5125ms
2019-09-27 06:05:37,979 [Thread-3908] INFO  impl.RoleInfo (RoleInfo.java:shutdownFollowerState(121)) - a2460cbf-d92d-40d7-8f4b-4fedf6506083: shutdown FollowerState
2019-09-27 06:05:37,979 [Thread-3908] INFO  impl.RaftServerImpl (RaftServerImpl.java:setRole(174)) - a2460cbf-d92d-40d7-8f4b-4fedf6506083@group-8ABC738D3661: changes role from  FOLLOWER to CANDIDATE at term 0 for changeToCandidate
2019-09-27 06:05:37,979 [Thread-3908] INFO  impl.RoleInfo (RoleInfo.java:updateAndGet(143)) - a2460cbf-d92d-40d7-8f4b-4fedf6506083: start LeaderElection
2019-09-27 06:05:38,008 [6d6ef3a3-db64-42fb-a25e-fae4e6d7296a@group-8ABC738D3661:LeaderElection93] INFO  impl.LeaderElection (LeaderElection.java:askForVotes(182)) - 6d6ef3a3-db64-42fb-a25e-fae4e6d7296a@group-8ABC738D3661:LeaderElection93: begin an election at term 1 for -1: [a2460cbf-d92d-40d7-8f4b-4fedf6506083:192.168.151.69:46128, 6d6ef3a3-db64-42fb-a25e-fae4e6d7296a:192.168.151.69:45410, 0f7d47af-aea5-43f8-93d1-7d0eb4472ed1:192.168.151.69:39123], old=null
2019-09-27 06:05:38,008 [0f7d47af-aea5-43f8-93d1-7d0eb4472ed1@group-8ABC738D3661:LeaderElection92] INFO  impl.LeaderElection (LeaderElection.java:askForVotes(182)) - 0f7d47af-aea5-43f8-93d1-7d0eb4472ed1@group-8ABC738D3661:LeaderElection92: begin an election at term 1 for -1: [a2460cbf-d92d-40d7-8f4b-4fedf6506083:192.168.151.69:46128, 6d6ef3a3-db64-42fb-a25e-fae4e6d7296a:192.168.151.69:45410, 0f7d47af-aea5-43f8-93d1-7d0eb4472ed1:192.168.151.69:39123], old=null
2019-09-27 06:05:38,009 [6d6ef3a3-db64-42fb-a25e-fae4e6d7296a@group-88562CD1F915:LeaderElection91] INFO  impl.LeaderElection (LeaderElection.java:askForVotes(182)) - 6d6ef3a3-db64-42fb-a25e-fae4e6d7296a@group-88562CD1F915:LeaderElection91: begin an election at term 1 for -1: [6d6ef3a3-db64-42fb-a25e-fae4e6d7296a:192.168.151.69:45410], old=null
2019-09-27 06:05:38,009 [6d6ef3a3-db64-42fb-a25e-fae4e6d7296a@group-88562CD1F915:LeaderElection91] INFO  impl.RoleInfo (RoleInfo.java:shutdownLeaderElection(134)) - 6d6ef3a3-db64-42fb-a25e-fae4e6d7296a: shutdown LeaderElection
2019-09-27 06:05:38,009 [6d6ef3a3-db64-42fb-a25e-fae4e6d7296a@group-88562CD1F915:LeaderElection91] INFO  impl.RaftServerImpl (RaftServerImpl.java:setRole(174)) - 6d6ef3a3-db64-42fb-a25e-fae4e6d7296a@group-88562CD1F915: changes role from CANDIDATE to LEADER at term 1 for changeToLeader
2019-09-27 06:05:38,009 [6d6ef3a3-db64-42fb-a25e-fae4e6d7296a@group-88562CD1F915:LeaderElection91] INFO  impl.RaftServerImpl (ServerState.java:setLeader(253)) - 6d6ef3a3-db64-42fb-a25e-fae4e6d7296a@group-88562CD1F915: change Leader from null to 6d6ef3a3-db64-42fb-a25e-fae4e6d7296a at term 1 for becomeLeader, leader elected after 5240ms
2019-09-27 06:05:38,009 [6d6ef3a3-db64-42fb-a25e-fae4e6d7296a@group-88562CD1F915:LeaderElection91] INFO  server.RaftServerConfigKeys (ConfUtils.java:logGet(43)) - raft.server.staging.catchup.gap = 1000 (default)
2019-09-27 06:05:38,009 [6d6ef3a3-db64-42fb-a25e-fae4e6d7296a@group-88562CD1F915:LeaderElection91] INFO  server.RaftServerConfigKeys (ConfUtils.java:logGet(43)) - raft.server.rpc.sleep.time = 25ms (default)
2019-09-27 06:05:38,018 [6d6ef3a3-db64-42fb-a25e-fae4e6d7296a@group-88562CD1F915:LeaderElection91] INFO  server.RaftServerConfigKeys (ConfUtils.java:logGet(43)) - raft.server.write.element-limit = 4096 (default)
2019-09-27 06:05:38,019 [6d6ef3a3-db64-42fb-a25e-fae4e6d7296a@group-88562CD1F915:LeaderElection91] INFO  server.RaftServerConfigKeys (ConfUtils.java:logGet(43)) - raft.server.watch.timeout = 10s (default)
2019-09-27 06:05:38,019 [6d6ef3a3-db64-42fb-a25e-fae4e6d7296a@group-88562CD1F915:LeaderElection91] INFO  server.RaftServerConfigKeys (ConfUtils.java:logGet(43)) - raft.server.watch.timeout.denomination = 1s (default)
2019-09-27 06:05:38,019 [6d6ef3a3-db64-42fb-a25e-fae4e6d7296a@group-88562CD1F915:LeaderElection91] INFO  server.RaftServerConfigKeys (ConfUtils.java:logGet(43)) - raft.server.watch.element-limit = 65536 (default)
2019-09-27 06:05:38,022 [0f7d47af-aea5-43f8-93d1-7d0eb4472ed1@group-1F283EC47BAC-SegmentedRaftLogWorker] INFO  segmented.SegmentedRaftLogWorker (SegmentedRaftLogWorker.java:execute(569)) - 0f7d47af-aea5-43f8-93d1-7d0eb4472ed1@group-1F283EC47BAC-SegmentedRaftLogWorker: created new log segment /workdir/hadoop-ozone/integration-test/target/test-dir/MiniOzoneClusterImpl-4525ab81-30b7-4168-a37a-5e85eef55cd7/datanode-3/data/ratis/11284207-7664-4ba8-a8d2-1f283ec47bac/current/log_inprogress_0
2019-09-27 06:05:38,023 [6d6ef3a3-db64-42fb-a25e-fae4e6d7296a@group-88562CD1F915:LeaderElection91] INFO  impl.RoleInfo (RoleInfo.java:updateAndGet(143)) - 6d6ef3a3-db64-42fb-a25e-fae4e6d7296a: start LeaderState
2019-09-27 06:05:38,023 [6d6ef3a3-db64-42fb-a25e-fae4e6d7296a@group-88562CD1F915:LeaderElection91] INFO  segmented.SegmentedRaftLogWorker (SegmentedRaftLogWorker.java:startLogSegment(380)) - 6d6ef3a3-db64-42fb-a25e-fae4e6d7296a@group-88562CD1F915-SegmentedRaftLogWorker: Starting segment from index:0
2019-09-27 06:05:38,023 [6d6ef3a3-db64-42fb-a25e-fae4e6d7296a@group-88562CD1F915:LeaderElection91] INFO  impl.RaftServerImpl (ServerState.java:setRaftConf(354)) - 6d6ef3a3-db64-42fb-a25e-fae4e6d7296a@group-88562CD1F915: set configuration 0: [6d6ef3a3-db64-42fb-a25e-fae4e6d7296a:192.168.151.69:45410], old=null at 0
2019-09-27 06:05:38,048 [Thread-3919] INFO  impl.FollowerState (FollowerState.java:run(106)) - 61b2d74a-3e9c-4f9f-9790-faf82506f10f:group-F8B8DDF24959 changes to CANDIDATE, lastRpcTime:5028, electionTimeout:5022ms
2019-09-27 06:05:38,048 [a2460cbf-d92d-40d7-8f4b-4fedf6506083@group-8ABC738D3661:LeaderElection94] INFO  impl.LeaderElection (LeaderElection.java:askForVotes(182)) - a2460cbf-d92d-40d7-8f4b-4fedf6506083@group-8ABC738D3661:LeaderElection94: begin an election at term 1 for -1: [a2460cbf-d92d-40d7-8f4b-4fedf6506083:192.168.151.69:46128, 6d6ef3a3-db64-42fb-a25e-fae4e6d7296a:192.168.151.69:45410, 0f7d47af-aea5-43f8-93d1-7d0eb4472ed1:192.168.151.69:39123], old=null
2019-09-27 06:05:38,049 [Thread-3919] INFO  impl.RoleInfo (RoleInfo.java:shutdownFollowerState(121)) - 61b2d74a-3e9c-4f9f-9790-faf82506f10f: shutdown FollowerState
2019-09-27 06:05:38,049 [Thread-3919] INFO  impl.RaftServerImpl (RaftServerImpl.java:setRole(174)) - 61b2d74a-3e9c-4f9f-9790-faf82506f10f@group-F8B8DDF24959: changes role from  FOLLOWER to CANDIDATE at term 0 for changeToCandidate
2019-09-27 06:05:38,049 [Thread-3919] INFO  impl.RoleInfo (RoleInfo.java:updateAndGet(143)) - 61b2d74a-3e9c-4f9f-9790-faf82506f10f: start LeaderElection
2019-09-27 06:05:38,053 [6d6ef3a3-db64-42fb-a25e-fae4e6d7296a@group-88562CD1F915-SegmentedRaftLogWorker] INFO  segmented.SegmentedRaftLogWorker (SegmentedRaftLogWorker.java:execute(569)) - 6d6ef3a3-db64-42fb-a25e-fae4e6d7296a@group-88562CD1F915-SegmentedRaftLogWorker: created new log segment /workdir/hadoop-ozone/integration-test/target/test-dir/MiniOzoneClusterImpl-4525ab81-30b7-4168-a37a-5e85eef55cd7/datanode-2/data/ratis/1f689dd5-1d3f-42b3-b9e1-88562cd1f915/current/log_inprogress_0
2019-09-27 06:05:38,065 [61b2d74a-3e9c-4f9f-9790-faf82506f10f@group-F8B8DDF24959:LeaderElection95] INFO  impl.LeaderElection (LeaderElection.java:askForVotes(182)) - 61b2d74a-3e9c-4f9f-9790-faf82506f10f@group-F8B8DDF24959:LeaderElection95: begin an election at term 1 for -1: [61b2d74a-3e9c-4f9f-9790-faf82506f10f:192.168.151.69:38961], old=null
2019-09-27 06:05:38,068 [61b2d74a-3e9c-4f9f-9790-faf82506f10f@group-F8B8DDF24959:LeaderElection95] INFO  impl.RoleInfo (RoleInfo.java:shutdownLeaderElection(134)) - 61b2d74a-3e9c-4f9f-9790-faf82506f10f: shutdown LeaderElection
2019-09-27 06:05:38,068 [61b2d74a-3e9c-4f9f-9790-faf82506f10f@group-F8B8DDF24959:LeaderElection95] INFO  impl.RaftServerImpl (RaftServerImpl.java:setRole(174)) - 61b2d74a-3e9c-4f9f-9790-faf82506f10f@group-F8B8DDF24959: changes role from CANDIDATE to LEADER at term 1 for changeToLeader
2019-09-27 06:05:38,068 [61b2d74a-3e9c-4f9f-9790-faf82506f10f@group-F8B8DDF24959:LeaderElection95] INFO  impl.RaftServerImpl (ServerState.java:setLeader(253)) - 61b2d74a-3e9c-4f9f-9790-faf82506f10f@group-F8B8DDF24959: change Leader from null to 61b2d74a-3e9c-4f9f-9790-faf82506f10f at term 1 for becomeLeader, leader elected after 5053ms
2019-09-27 06:05:38,069 [61b2d74a-3e9c-4f9f-9790-faf82506f10f@group-F8B8DDF24959:LeaderElection95] INFO  server.RaftServerConfigKeys (ConfUtils.java:logGet(43)) - raft.server.staging.catchup.gap = 1000 (default)
2019-09-27 06:05:38,069 [61b2d74a-3e9c-4f9f-9790-faf82506f10f@group-F8B8DDF24959:LeaderElection95] INFO  server.RaftServerConfigKeys (ConfUtils.java:logGet(43)) - raft.server.rpc.sleep.time = 25ms (default)
2019-09-27 06:05:38,069 [61b2d74a-3e9c-4f9f-9790-faf82506f10f@group-F8B8DDF24959:LeaderElection95] INFO  server.RaftServerConfigKeys (ConfUtils.java:logGet(43)) - raft.server.write.element-limit = 4096 (default)
2019-09-27 06:05:38,069 [61b2d74a-3e9c-4f9f-9790-faf82506f10f@group-F8B8DDF24959:LeaderElection95] INFO  server.RaftServerConfigKeys (ConfUtils.java:logGet(43)) - raft.server.watch.timeout = 10s (default)
2019-09-27 06:05:38,069 [6d6ef3a3-db64-42fb-a25e-fae4e6d7296a@group-8ABC738D3661:LeaderElection93] INFO  impl.LeaderElection (LeaderElection.java:logAndReturn(56)) - 6d6ef3a3-db64-42fb-a25e-fae4e6d7296a@group-8ABC738D3661:LeaderElection93: Election REJECTED; received 2 response(s) [6d6ef3a3-db64-42fb-a25e-fae4e6d7296a<-a2460cbf-d92d-40d7-8f4b-4fedf6506083#0:FAIL-t1, 6d6ef3a3-db64-42fb-a25e-fae4e6d7296a<-0f7d47af-aea5-43f8-93d1-7d0eb4472ed1#0:FAIL-t1] and 0 exception(s); 6d6ef3a3-db64-42fb-a25e-fae4e6d7296a@group-8ABC738D3661:t1, leader=null, voted=6d6ef3a3-db64-42fb-a25e-fae4e6d7296a, raftlog=6d6ef3a3-db64-42fb-a25e-fae4e6d7296a@group-8ABC738D3661-SegmentedRaftLog:OPENED:c-1,f-1,i0, conf=-1: [a2460cbf-d92d-40d7-8f4b-4fedf6506083:192.168.151.69:46128, 6d6ef3a3-db64-42fb-a25e-fae4e6d7296a:192.168.151.69:45410, 0f7d47af-aea5-43f8-93d1-7d0eb4472ed1:192.168.151.69:39123], old=null
2019-09-27 06:05:38,069 [0f7d47af-aea5-43f8-93d1-7d0eb4472ed1@group-8ABC738D3661:LeaderElection92] INFO  impl.LeaderElection (LeaderElection.java:logAndReturn(56)) - 0f7d47af-aea5-43f8-93d1-7d0eb4472ed1@group-8ABC738D3661:LeaderElection92: Election REJECTED; received 2 response(s) [0f7d47af-aea5-43f8-93d1-7d0eb4472ed1<-a2460cbf-d92d-40d7-8f4b-4fedf6506083#0:FAIL-t1, 0f7d47af-aea5-43f8-93d1-7d0eb4472ed1<-6d6ef3a3-db64-42fb-a25e-fae4e6d7296a#0:FAIL-t1] and 0 exception(s); 0f7d47af-aea5-43f8-93d1-7d0eb4472ed1@group-8ABC738D3661:t1, leader=null, voted=0f7d47af-aea5-43f8-93d1-7d0eb4472ed1, raftlog=0f7d47af-aea5-43f8-93d1-7d0eb4472ed1@group-8ABC738D3661-SegmentedRaftLog:OPENED:c-1,f-1,i0, conf=-1: [a2460cbf-d92d-40d7-8f4b-4fedf6506083:192.168.151.69:46128, 6d6ef3a3-db64-42fb-a25e-fae4e6d7296a:192.168.151.69:45410, 0f7d47af-aea5-43f8-93d1-7d0eb4472ed1:192.168.151.69:39123], old=null
2019-09-27 06:05:38,069 [61b2d74a-3e9c-4f9f-9790-faf82506f10f@group-F8B8DDF24959:LeaderElection95] INFO  server.RaftServerConfigKeys (ConfUtils.java:logGet(43)) - raft.server.watch.timeout.denomination = 1s (default)
2019-09-27 06:05:38,069 [6d6ef3a3-db64-42fb-a25e-fae4e6d7296a@group-8ABC738D3661:LeaderElection93] INFO  impl.RaftServerImpl (RaftServerImpl.java:setRole(174)) - 6d6ef3a3-db64-42fb-a25e-fae4e6d7296a@group-8ABC738D3661: changes role from CANDIDATE to FOLLOWER at term 1 for DISCOVERED_A_NEW_TERM
2019-09-27 06:05:38,076 [0f7d47af-aea5-43f8-93d1-7d0eb4472ed1@group-8ABC738D3661:LeaderElection92] INFO  impl.RaftServerImpl (RaftServerImpl.java:setRole(174)) - 0f7d47af-aea5-43f8-93d1-7d0eb4472ed1@group-8ABC738D3661: changes role from CANDIDATE to FOLLOWER at term 1 for DISCOVERED_A_NEW_TERM
2019-09-27 06:05:38,076 [6d6ef3a3-db64-42fb-a25e-fae4e6d7296a@group-8ABC738D3661:LeaderElection93] INFO  impl.RoleInfo (RoleInfo.java:shutdownLeaderElection(134)) - 6d6ef3a3-db64-42fb-a25e-fae4e6d7296a: shutdown LeaderElection
2019-09-27 06:05:38,073 [61b2d74a-3e9c-4f9f-9790-faf82506f10f@group-F8B8DDF24959:LeaderElection95] INFO  server.RaftServerConfigKeys (ConfUtils.java:logGet(43)) - raft.server.watch.element-limit = 65536 (default)
2019-09-27 06:05:38,076 [0f7d47af-aea5-43f8-93d1-7d0eb4472ed1@group-8ABC738D3661:LeaderElection92] INFO  impl.RoleInfo (RoleInfo.java:shutdownLeaderElection(134)) - 0f7d47af-aea5-43f8-93d1-7d0eb4472ed1: shutdown LeaderElection
2019-09-27 06:05:38,077 [6d6ef3a3-db64-42fb-a25e-fae4e6d7296a@group-8ABC738D3661:LeaderElection93] INFO  impl.RoleInfo (RoleInfo.java:updateAndGet(143)) - 6d6ef3a3-db64-42fb-a25e-fae4e6d7296a: start FollowerState
2019-09-27 06:05:38,077 [0f7d47af-aea5-43f8-93d1-7d0eb4472ed1@group-8ABC738D3661:LeaderElection92] INFO  impl.RoleInfo (RoleInfo.java:updateAndGet(143)) - 0f7d47af-aea5-43f8-93d1-7d0eb4472ed1: start FollowerState
2019-09-27 06:05:38,079 [61b2d74a-3e9c-4f9f-9790-faf82506f10f@group-F8B8DDF24959:LeaderElection95] INFO  impl.RoleInfo (RoleInfo.java:updateAndGet(143)) - 61b2d74a-3e9c-4f9f-9790-faf82506f10f: start LeaderState
2019-09-27 06:05:38,079 [61b2d74a-3e9c-4f9f-9790-faf82506f10f@group-F8B8DDF24959:LeaderElection95] INFO  segmented.SegmentedRaftLogWorker (SegmentedRaftLogWorker.java:startLogSegment(380)) - 61b2d74a-3e9c-4f9f-9790-faf82506f10f@group-F8B8DDF24959-SegmentedRaftLogWorker: Starting segment from index:0
2019-09-27 06:05:38,079 [a2460cbf-d92d-40d7-8f4b-4fedf6506083@group-8ABC738D3661:LeaderElection94] INFO  impl.LeaderElection (LeaderElection.java:logAndReturn(56)) - a2460cbf-d92d-40d7-8f4b-4fedf6506083@group-8ABC738D3661:LeaderElection94: Election REJECTED; received 2 response(s) [a2460cbf-d92d-40d7-8f4b-4fedf6506083<-6d6ef3a3-db64-42fb-a25e-fae4e6d7296a#0:FAIL-t1, a2460cbf-d92d-40d7-8f4b-4fedf6506083<-0f7d47af-aea5-43f8-93d1-7d0eb4472ed1#0:FAIL-t1] and 0 exception(s); a2460cbf-d92d-40d7-8f4b-4fedf6506083@group-8ABC738D3661:t1, leader=null, voted=a2460cbf-d92d-40d7-8f4b-4fedf6506083, raftlog=a2460cbf-d92d-40d7-8f4b-4fedf6506083@group-8ABC738D3661-SegmentedRaftLog:OPENED:c-1,f-1,i0, conf=-1: [a2460cbf-d92d-40d7-8f4b-4fedf6506083:192.168.151.69:46128, 6d6ef3a3-db64-42fb-a25e-fae4e6d7296a:192.168.151.69:45410, 0f7d47af-aea5-43f8-93d1-7d0eb4472ed1:192.168.151.69:39123], old=null
2019-09-27 06:05:38,079 [a2460cbf-d92d-40d7-8f4b-4fedf6506083@group-8ABC738D3661:LeaderElection94] INFO  impl.RaftServerImpl (RaftServerImpl.java:setRole(174)) - a2460cbf-d92d-40d7-8f4b-4fedf6506083@group-8ABC738D3661: changes role from CANDIDATE to FOLLOWER at term 1 for DISCOVERED_A_NEW_TERM
2019-09-27 06:05:38,079 [61b2d74a-3e9c-4f9f-9790-faf82506f10f@group-F8B8DDF24959:LeaderElection95] INFO  impl.RaftServerImpl (ServerState.java:setRaftConf(354)) - 61b2d74a-3e9c-4f9f-9790-faf82506f10f@group-F8B8DDF24959: set configuration 0: [61b2d74a-3e9c-4f9f-9790-faf82506f10f:192.168.151.69:38961], old=null at 0
2019-09-27 06:05:38,080 [a2460cbf-d92d-40d7-8f4b-4fedf6506083@group-8ABC738D3661:LeaderElection94] INFO  impl.RoleInfo (RoleInfo.java:shutdownLeaderElection(134)) - a2460cbf-d92d-40d7-8f4b-4fedf6506083: shutdown LeaderElection
2019-09-27 06:05:38,118 [Thread-3916] INFO  impl.FollowerState (FollowerState.java:run(106)) - 33a74a9a-c6aa-4da5-a89d-bd0bf8c37090:group-58E7B5658581 changes to CANDIDATE, lastRpcTime:5138, electionTimeout:5134ms
2019-09-27 06:05:38,119 [a2460cbf-d92d-40d7-8f4b-4fedf6506083@group-8ABC738D3661:LeaderElection94] INFO  impl.RoleInfo (RoleInfo.java:updateAndGet(143)) - a2460cbf-d92d-40d7-8f4b-4fedf6506083: start FollowerState
2019-09-27 06:05:38,119 [Thread-3911] INFO  impl.FollowerState (FollowerState.java:run(106)) - dd465717-aa2f-4ac7-b2c3-72db3883e0c6:group-3C6D80ADB072 changes to CANDIDATE, lastRpcTime:5199, electionTimeout:5199ms
2019-09-27 06:05:38,119 [Thread-3916] INFO  impl.RoleInfo (RoleInfo.java:shutdownFollowerState(121)) - 33a74a9a-c6aa-4da5-a89d-bd0bf8c37090: shutdown FollowerState
2019-09-27 06:05:38,119 [Thread-3911] INFO  impl.RoleInfo (RoleInfo.java:shutdownFollowerState(121)) - dd465717-aa2f-4ac7-b2c3-72db3883e0c6: shutdown FollowerState
2019-09-27 06:05:38,119 [Thread-3916] INFO  impl.RaftServerImpl (RaftServerImpl.java:setRole(174)) - 33a74a9a-c6aa-4da5-a89d-bd0bf8c37090@group-58E7B5658581: changes role from  FOLLOWER to CANDIDATE at term 0 for changeToCandidate
2019-09-27 06:05:38,120 [Thread-3911] INFO  impl.RaftServerImpl (RaftServerImpl.java:setRole(174)) - dd465717-aa2f-4ac7-b2c3-72db3883e0c6@group-3C6D80ADB072: changes role from  FOLLOWER to CANDIDATE at term 0 for changeToCandidate
2019-09-27 06:05:38,120 [Thread-3916] INFO  impl.RoleInfo (RoleInfo.java:updateAndGet(143)) - 33a74a9a-c6aa-4da5-a89d-bd0bf8c37090: start LeaderElection
2019-09-27 06:05:38,120 [Thread-3911] INFO  impl.RoleInfo (RoleInfo.java:updateAndGet(143)) - dd465717-aa2f-4ac7-b2c3-72db3883e0c6: start LeaderElection
2019-09-27 06:05:38,143 [61b2d74a-3e9c-4f9f-9790-faf82506f10f@group-F8B8DDF24959-SegmentedRaftLogWorker] INFO  segmented.SegmentedRaftLogWorker (SegmentedRaftLogWorker.java:execute(569)) - 61b2d74a-3e9c-4f9f-9790-faf82506f10f@group-F8B8DDF24959-SegmentedRaftLogWorker: created new log segment /workdir/hadoop-ozone/integration-test/target/test-dir/MiniOzoneClusterImpl-4525ab81-30b7-4168-a37a-5e85eef55cd7/datanode-6/data/ratis/eca58786-90d3-4690-872e-f8b8ddf24959/current/log_inprogress_0
2019-09-27 06:05:38,157 [dd465717-aa2f-4ac7-b2c3-72db3883e0c6@group-3C6D80ADB072:LeaderElection97] INFO  impl.LeaderElection (LeaderElection.java:askForVotes(182)) - dd465717-aa2f-4ac7-b2c3-72db3883e0c6@group-3C6D80ADB072:LeaderElection97: begin an election at term 1 for -1: [dd465717-aa2f-4ac7-b2c3-72db3883e0c6:192.168.151.69:46430], old=null
2019-09-27 06:05:38,157 [dd465717-aa2f-4ac7-b2c3-72db3883e0c6@group-3C6D80ADB072:LeaderElection97] INFO  impl.RoleInfo (RoleInfo.java:shutdownLeaderElection(134)) - dd465717-aa2f-4ac7-b2c3-72db3883e0c6: shutdown LeaderElection
2019-09-27 06:05:38,157 [33a74a9a-c6aa-4da5-a89d-bd0bf8c37090@group-58E7B5658581:LeaderElection96] INFO  impl.LeaderElection (LeaderElection.java:askForVotes(182)) - 33a74a9a-c6aa-4da5-a89d-bd0bf8c37090@group-58E7B5658581:LeaderElection96: begin an election at term 1 for -1: [33a74a9a-c6aa-4da5-a89d-bd0bf8c37090:192.168.151.69:39575], old=null
2019-09-27 06:05:38,157 [dd465717-aa2f-4ac7-b2c3-72db3883e0c6@group-3C6D80ADB072:LeaderElection97] INFO  impl.RaftServerImpl (RaftServerImpl.java:setRole(174)) - dd465717-aa2f-4ac7-b2c3-72db3883e0c6@group-3C6D80ADB072: changes role from CANDIDATE to LEADER at term 1 for changeToLeader
2019-09-27 06:05:38,157 [33a74a9a-c6aa-4da5-a89d-bd0bf8c37090@group-58E7B5658581:LeaderElection96] INFO  impl.RoleInfo (RoleInfo.java:shutdownLeaderElection(134)) - 33a74a9a-c6aa-4da5-a89d-bd0bf8c37090: shutdown LeaderElection
2019-09-27 06:05:38,157 [dd465717-aa2f-4ac7-b2c3-72db3883e0c6@group-3C6D80ADB072:LeaderElection97] INFO  impl.RaftServerImpl (ServerState.java:setLeader(253)) - dd465717-aa2f-4ac7-b2c3-72db3883e0c6@group-3C6D80ADB072: change Leader from null to dd465717-aa2f-4ac7-b2c3-72db3883e0c6 at term 1 for becomeLeader, leader elected after 5244ms
2019-09-27 06:05:38,157 [33a74a9a-c6aa-4da5-a89d-bd0bf8c37090@group-58E7B5658581:LeaderElection96] INFO  impl.RaftServerImpl (RaftServerImpl.java:setRole(174)) - 33a74a9a-c6aa-4da5-a89d-bd0bf8c37090@group-58E7B5658581: changes role from CANDIDATE to LEADER at term 1 for changeToLeader
2019-09-27 06:05:38,157 [dd465717-aa2f-4ac7-b2c3-72db3883e0c6@group-3C6D80ADB072:LeaderElection97] INFO  server.RaftServerConfigKeys (ConfUtils.java:logGet(43)) - raft.server.staging.catchup.gap = 1000 (default)
2019-09-27 06:05:38,157 [33a74a9a-c6aa-4da5-a89d-bd0bf8c37090@group-58E7B5658581:LeaderElection96] INFO  impl.RaftServerImpl (ServerState.java:setLeader(253)) - 33a74a9a-c6aa-4da5-a89d-bd0bf8c37090@group-58E7B5658581: change Leader from null to 33a74a9a-c6aa-4da5-a89d-bd0bf8c37090 at term 1 for becomeLeader, leader elected after 5201ms
2019-09-27 06:05:38,158 [dd465717-aa2f-4ac7-b2c3-72db3883e0c6@group-3C6D80ADB072:LeaderElection97] INFO  server.RaftServerConfigKeys (ConfUtils.java:logGet(43)) - raft.server.rpc.sleep.time = 25ms (default)
2019-09-27 06:05:38,158 [33a74a9a-c6aa-4da5-a89d-bd0bf8c37090@group-58E7B5658581:LeaderElection96] INFO  server.RaftServerConfigKeys (ConfUtils.java:logGet(43)) - raft.server.staging.catchup.gap = 1000 (default)
2019-09-27 06:05:38,158 [dd465717-aa2f-4ac7-b2c3-72db3883e0c6@group-3C6D80ADB072:LeaderElection97] INFO  server.RaftServerConfigKeys (ConfUtils.java:logGet(43)) - raft.server.write.element-limit = 4096 (default)
2019-09-27 06:05:38,158 [33a74a9a-c6aa-4da5-a89d-bd0bf8c37090@group-58E7B5658581:LeaderElection96] INFO  server.RaftServerConfigKeys (ConfUtils.java:logGet(43)) - raft.server.rpc.sleep.time = 25ms (default)
2019-09-27 06:05:38,158 [dd465717-aa2f-4ac7-b2c3-72db3883e0c6@group-3C6D80ADB072:LeaderElection97] INFO  server.RaftServerConfigKeys (ConfUtils.java:logGet(43)) - raft.server.watch.timeout = 10s (default)
2019-09-27 06:05:38,158 [33a74a9a-c6aa-4da5-a89d-bd0bf8c37090@group-58E7B5658581:LeaderElection96] INFO  server.RaftServerConfigKeys (ConfUtils.java:logGet(43)) - raft.server.write.element-limit = 4096 (default)
2019-09-27 06:05:38,158 [dd465717-aa2f-4ac7-b2c3-72db3883e0c6@group-3C6D80ADB072:LeaderElection97] INFO  server.RaftServerConfigKeys (ConfUtils.java:logGet(43)) - raft.server.watch.timeout.denomination = 1s (default)
2019-09-27 06:05:38,158 [33a74a9a-c6aa-4da5-a89d-bd0bf8c37090@group-58E7B5658581:LeaderElection96] INFO  server.RaftServerConfigKeys (ConfUtils.java:logGet(43)) - raft.server.watch.timeout = 10s (default)
2019-09-27 06:05:38,158 [dd465717-aa2f-4ac7-b2c3-72db3883e0c6@group-3C6D80ADB072:LeaderElection97] INFO  server.RaftServerConfigKeys (ConfUtils.java:logGet(43)) - raft.server.watch.element-limit = 65536 (default)
2019-09-27 06:05:38,159 [33a74a9a-c6aa-4da5-a89d-bd0bf8c37090@group-58E7B5658581:LeaderElection96] INFO  server.RaftServerConfigKeys (ConfUtils.java:logGet(43)) - raft.server.watch.timeout.denomination = 1s (default)
2019-09-27 06:05:38,159 [33a74a9a-c6aa-4da5-a89d-bd0bf8c37090@group-58E7B5658581:LeaderElection96] INFO  server.RaftServerConfigKeys (ConfUtils.java:logGet(43)) - raft.server.watch.element-limit = 65536 (default)
2019-09-27 06:05:38,161 [dd465717-aa2f-4ac7-b2c3-72db3883e0c6@group-3C6D80ADB072:LeaderElection97] INFO  impl.RoleInfo (RoleInfo.java:updateAndGet(143)) - dd465717-aa2f-4ac7-b2c3-72db3883e0c6: start LeaderState
2019-09-27 06:05:38,161 [dd465717-aa2f-4ac7-b2c3-72db3883e0c6@group-3C6D80ADB072:LeaderElection97] INFO  segmented.SegmentedRaftLogWorker (SegmentedRaftLogWorker.java:startLogSegment(380)) - dd465717-aa2f-4ac7-b2c3-72db3883e0c6@group-3C6D80ADB072-SegmentedRaftLogWorker: Starting segment from index:0
2019-09-27 06:05:38,162 [33a74a9a-c6aa-4da5-a89d-bd0bf8c37090@group-58E7B5658581:LeaderElection96] INFO  impl.RoleInfo (RoleInfo.java:updateAndGet(143)) - 33a74a9a-c6aa-4da5-a89d-bd0bf8c37090: start LeaderState
2019-09-27 06:05:38,162 [dd465717-aa2f-4ac7-b2c3-72db3883e0c6@group-3C6D80ADB072:LeaderElection97] INFO  impl.RaftServerImpl (ServerState.java:setRaftConf(354)) - dd465717-aa2f-4ac7-b2c3-72db3883e0c6@group-3C6D80ADB072: set configuration 0: [dd465717-aa2f-4ac7-b2c3-72db3883e0c6:192.168.151.69:46430], old=null at 0
2019-09-27 06:05:38,162 [33a74a9a-c6aa-4da5-a89d-bd0bf8c37090@group-58E7B5658581:LeaderElection96] INFO  segmented.SegmentedRaftLogWorker (SegmentedRaftLogWorker.java:startLogSegment(380)) - 33a74a9a-c6aa-4da5-a89d-bd0bf8c37090@group-58E7B5658581-SegmentedRaftLogWorker: Starting segment from index:0
2019-09-27 06:05:38,202 [Thread-3928] INFO  impl.FollowerState (FollowerState.java:run(106)) - 33a74a9a-c6aa-4da5-a89d-bd0bf8c37090:group-07E5B02BBD89 changes to CANDIDATE, lastRpcTime:5105, electionTimeout:5103ms
2019-09-27 06:05:38,203 [33a74a9a-c6aa-4da5-a89d-bd0bf8c37090@group-58E7B5658581:LeaderElection96] INFO  impl.RaftServerImpl (ServerState.java:setRaftConf(354)) - 33a74a9a-c6aa-4da5-a89d-bd0bf8c37090@group-58E7B5658581: set configuration 0: [33a74a9a-c6aa-4da5-a89d-bd0bf8c37090:192.168.151.69:39575], old=null at 0
2019-09-27 06:05:38,203 [Thread-3928] INFO  impl.RoleInfo (RoleInfo.java:shutdownFollowerState(121)) - 33a74a9a-c6aa-4da5-a89d-bd0bf8c37090: shutdown FollowerState
2019-09-27 06:05:38,244 [dd465717-aa2f-4ac7-b2c3-72db3883e0c6@group-3C6D80ADB072-SegmentedRaftLogWorker] INFO  segmented.SegmentedRaftLogWorker (SegmentedRaftLogWorker.java:execute(569)) - dd465717-aa2f-4ac7-b2c3-72db3883e0c6@group-3C6D80ADB072-SegmentedRaftLogWorker: created new log segment /workdir/hadoop-ozone/integration-test/target/test-dir/MiniOzoneClusterImpl-4525ab81-30b7-4168-a37a-5e85eef55cd7/datanode-4/data/ratis/9c6452d9-5897-480a-abd5-3c6d80adb072/current/log_inprogress_0
2019-09-27 06:05:38,243 [Thread-3926] INFO  impl.FollowerState (FollowerState.java:run(106)) - 61b2d74a-3e9c-4f9f-9790-faf82506f10f:group-07E5B02BBD89 changes to CANDIDATE, lastRpcTime:5148, electionTimeout:5146ms
2019-09-27 06:05:38,244 [Thread-3928] INFO  impl.RaftServerImpl (RaftServerImpl.java:setRole(174)) - 33a74a9a-c6aa-4da5-a89d-bd0bf8c37090@group-07E5B02BBD89: changes role from  FOLLOWER to CANDIDATE at term 0 for changeToCandidate
2019-09-27 06:05:38,244 [Thread-3926] INFO  impl.RoleInfo (RoleInfo.java:shutdownFollowerState(121)) - 61b2d74a-3e9c-4f9f-9790-faf82506f10f: shutdown FollowerState
2019-09-27 06:05:38,245 [Thread-3928] INFO  impl.RoleInfo (RoleInfo.java:updateAndGet(143)) - 33a74a9a-c6aa-4da5-a89d-bd0bf8c37090: start LeaderElection
2019-09-27 06:05:38,245 [Thread-3926] INFO  impl.RaftServerImpl (RaftServerImpl.java:setRole(174)) - 61b2d74a-3e9c-4f9f-9790-faf82506f10f@group-07E5B02BBD89: changes role from  FOLLOWER to CANDIDATE at term 0 for changeToCandidate
2019-09-27 06:05:38,245 [Thread-3926] INFO  impl.RoleInfo (RoleInfo.java:updateAndGet(143)) - 61b2d74a-3e9c-4f9f-9790-faf82506f10f: start LeaderElection
2019-09-27 06:05:38,261 [Thread-3923] INFO  impl.FollowerState (FollowerState.java:run(106)) - dd465717-aa2f-4ac7-b2c3-72db3883e0c6:group-07E5B02BBD89 changes to CANDIDATE, lastRpcTime:5168, electionTimeout:5167ms
2019-09-27 06:05:38,261 [Thread-3923] INFO  impl.RoleInfo (RoleInfo.java:shutdownFollowerState(121)) - dd465717-aa2f-4ac7-b2c3-72db3883e0c6: shutdown FollowerState
2019-09-27 06:05:38,261 [Thread-3923] INFO  impl.RaftServerImpl (RaftServerImpl.java:setRole(174)) - dd465717-aa2f-4ac7-b2c3-72db3883e0c6@group-07E5B02BBD89: changes role from  FOLLOWER to CANDIDATE at term 0 for changeToCandidate
2019-09-27 06:05:38,261 [Thread-3923] INFO  impl.RoleInfo (RoleInfo.java:updateAndGet(143)) - dd465717-aa2f-4ac7-b2c3-72db3883e0c6: start LeaderElection
2019-09-27 06:05:38,268 [33a74a9a-c6aa-4da5-a89d-bd0bf8c37090@group-58E7B5658581-SegmentedRaftLogWorker] INFO  segmented.SegmentedRaftLogWorker (SegmentedRaftLogWorker.java:execute(569)) - 33a74a9a-c6aa-4da5-a89d-bd0bf8c37090@group-58E7B5658581-SegmentedRaftLogWorker: created new log segment /workdir/hadoop-ozone/integration-test/target/test-dir/MiniOzoneClusterImpl-4525ab81-30b7-4168-a37a-5e85eef55cd7/datanode-5/data/ratis/5da4c87f-fb96-425e-9992-58e7b5658581/current/log_inprogress_0
2019-09-27 06:05:38,294 [61b2d74a-3e9c-4f9f-9790-faf82506f10f@group-07E5B02BBD89:LeaderElection99] INFO  impl.LeaderElection (LeaderElection.java:askForVotes(182)) - 61b2d74a-3e9c-4f9f-9790-faf82506f10f@group-07E5B02BBD89:LeaderElection99: begin an election at term 1 for -1: [61b2d74a-3e9c-4f9f-9790-faf82506f10f:192.168.151.69:38961, dd465717-aa2f-4ac7-b2c3-72db3883e0c6:192.168.151.69:46430, 33a74a9a-c6aa-4da5-a89d-bd0bf8c37090:192.168.151.69:39575], old=null
2019-09-27 06:05:38,294 [dd465717-aa2f-4ac7-b2c3-72db3883e0c6@group-07E5B02BBD89:LeaderElection100] INFO  impl.LeaderElection (LeaderElection.java:askForVotes(182)) - dd465717-aa2f-4ac7-b2c3-72db3883e0c6@group-07E5B02BBD89:LeaderElection100: begin an election at term 1 for -1: [61b2d74a-3e9c-4f9f-9790-faf82506f10f:192.168.151.69:38961, dd465717-aa2f-4ac7-b2c3-72db3883e0c6:192.168.151.69:46430, 33a74a9a-c6aa-4da5-a89d-bd0bf8c37090:192.168.151.69:39575], old=null
2019-09-27 06:05:38,294 [33a74a9a-c6aa-4da5-a89d-bd0bf8c37090@group-07E5B02BBD89:LeaderElection98] INFO  impl.LeaderElection (LeaderElection.java:askForVotes(182)) - 33a74a9a-c6aa-4da5-a89d-bd0bf8c37090@group-07E5B02BBD89:LeaderElection98: begin an election at term 1 for -1: [61b2d74a-3e9c-4f9f-9790-faf82506f10f:192.168.151.69:38961, dd465717-aa2f-4ac7-b2c3-72db3883e0c6:192.168.151.69:46430, 33a74a9a-c6aa-4da5-a89d-bd0bf8c37090:192.168.151.69:39575], old=null
2019-09-27 06:05:38,301 [61b2d74a-3e9c-4f9f-9790-faf82506f10f@group-07E5B02BBD89:LeaderElection99] INFO  impl.LeaderElection (LeaderElection.java:logAndReturn(56)) - 61b2d74a-3e9c-4f9f-9790-faf82506f10f@group-07E5B02BBD89:LeaderElection99: Election REJECTED; received 2 response(s) [61b2d74a-3e9c-4f9f-9790-faf82506f10f<-dd465717-aa2f-4ac7-b2c3-72db3883e0c6#0:FAIL-t1, 61b2d74a-3e9c-4f9f-9790-faf82506f10f<-33a74a9a-c6aa-4da5-a89d-bd0bf8c37090#0:FAIL-t1] and 0 exception(s); 61b2d74a-3e9c-4f9f-9790-faf82506f10f@group-07E5B02BBD89:t1, leader=null, voted=61b2d74a-3e9c-4f9f-9790-faf82506f10f, raftlog=61b2d74a-3e9c-4f9f-9790-faf82506f10f@group-07E5B02BBD89-SegmentedRaftLog:OPENED:c-1,f-1,i0, conf=-1: [61b2d74a-3e9c-4f9f-9790-faf82506f10f:192.168.151.69:38961, dd465717-aa2f-4ac7-b2c3-72db3883e0c6:192.168.151.69:46430, 33a74a9a-c6aa-4da5-a89d-bd0bf8c37090:192.168.151.69:39575], old=null
2019-09-27 06:05:38,301 [dd465717-aa2f-4ac7-b2c3-72db3883e0c6@group-07E5B02BBD89:LeaderElection100] INFO  impl.LeaderElection (LeaderElection.java:logAndReturn(56)) - dd465717-aa2f-4ac7-b2c3-72db3883e0c6@group-07E5B02BBD89:LeaderElection100: Election REJECTED; received 2 response(s) [dd465717-aa2f-4ac7-b2c3-72db3883e0c6<-61b2d74a-3e9c-4f9f-9790-faf82506f10f#0:FAIL-t1, dd465717-aa2f-4ac7-b2c3-72db3883e0c6<-33a74a9a-c6aa-4da5-a89d-bd0bf8c37090#0:FAIL-t1] and 0 exception(s); dd465717-aa2f-4ac7-b2c3-72db3883e0c6@group-07E5B02BBD89:t1, leader=null, voted=dd465717-aa2f-4ac7-b2c3-72db3883e0c6, raftlog=dd465717-aa2f-4ac7-b2c3-72db3883e0c6@group-07E5B02BBD89-SegmentedRaftLog:OPENED:c-1,f-1,i0, conf=-1: [61b2d74a-3e9c-4f9f-9790-faf82506f10f:192.168.151.69:38961, dd465717-aa2f-4ac7-b2c3-72db3883e0c6:192.168.151.69:46430, 33a74a9a-c6aa-4da5-a89d-bd0bf8c37090:192.168.151.69:39575], old=null
2019-09-27 06:05:38,301 [61b2d74a-3e9c-4f9f-9790-faf82506f10f@group-07E5B02BBD89:LeaderElection99] INFO  impl.RaftServerImpl (RaftServerImpl.java:setRole(174)) - 61b2d74a-3e9c-4f9f-9790-faf82506f10f@group-07E5B02BBD89: changes role from CANDIDATE to FOLLOWER at term 1 for DISCOVERED_A_NEW_TERM
2019-09-27 06:05:38,306 [dd465717-aa2f-4ac7-b2c3-72db3883e0c6@group-07E5B02BBD89:LeaderElection100] INFO  impl.RaftServerImpl (RaftServerImpl.java:setRole(174)) - dd465717-aa2f-4ac7-b2c3-72db3883e0c6@group-07E5B02BBD89: changes role from CANDIDATE to FOLLOWER at term 1 for DISCOVERED_A_NEW_TERM
2019-09-27 06:05:38,306 [61b2d74a-3e9c-4f9f-9790-faf82506f10f@group-07E5B02BBD89:LeaderElection99] INFO  impl.RoleInfo (RoleInfo.java:shutdownLeaderElection(134)) - 61b2d74a-3e9c-4f9f-9790-faf82506f10f: shutdown LeaderElection
2019-09-27 06:05:38,309 [dd465717-aa2f-4ac7-b2c3-72db3883e0c6@group-07E5B02BBD89:LeaderElection100] INFO  impl.RoleInfo (RoleInfo.java:shutdownLeaderElection(134)) - dd465717-aa2f-4ac7-b2c3-72db3883e0c6: shutdown LeaderElection
2019-09-27 06:05:38,309 [61b2d74a-3e9c-4f9f-9790-faf82506f10f@group-07E5B02BBD89:LeaderElection99] INFO  impl.RoleInfo (RoleInfo.java:updateAndGet(143)) - 61b2d74a-3e9c-4f9f-9790-faf82506f10f: start FollowerState
2019-09-27 06:05:38,309 [dd465717-aa2f-4ac7-b2c3-72db3883e0c6@group-07E5B02BBD89:LeaderElection100] INFO  impl.RoleInfo (RoleInfo.java:updateAndGet(143)) - dd465717-aa2f-4ac7-b2c3-72db3883e0c6: start FollowerState
2019-09-27 06:05:38,310 [33a74a9a-c6aa-4da5-a89d-bd0bf8c37090@group-07E5B02BBD89:LeaderElection98] INFO  impl.LeaderElection (LeaderElection.java:logAndReturn(56)) - 33a74a9a-c6aa-4da5-a89d-bd0bf8c37090@group-07E5B02BBD89:LeaderElection98: Election REJECTED; received 2 response(s) [33a74a9a-c6aa-4da5-a89d-bd0bf8c37090<-61b2d74a-3e9c-4f9f-9790-faf82506f10f#0:FAIL-t1, 33a74a9a-c6aa-4da5-a89d-bd0bf8c37090<-dd465717-aa2f-4ac7-b2c3-72db3883e0c6#0:FAIL-t1] and 0 exception(s); 33a74a9a-c6aa-4da5-a89d-bd0bf8c37090@group-07E5B02BBD89:t1, leader=null, voted=33a74a9a-c6aa-4da5-a89d-bd0bf8c37090, raftlog=33a74a9a-c6aa-4da5-a89d-bd0bf8c37090@group-07E5B02BBD89-SegmentedRaftLog:OPENED:c-1,f-1,i0, conf=-1: [61b2d74a-3e9c-4f9f-9790-faf82506f10f:192.168.151.69:38961, dd465717-aa2f-4ac7-b2c3-72db3883e0c6:192.168.151.69:46430, 33a74a9a-c6aa-4da5-a89d-bd0bf8c37090:192.168.151.69:39575], old=null
2019-09-27 06:05:38,310 [33a74a9a-c6aa-4da5-a89d-bd0bf8c37090@group-07E5B02BBD89:LeaderElection98] INFO  impl.RaftServerImpl (RaftServerImpl.java:setRole(174)) - 33a74a9a-c6aa-4da5-a89d-bd0bf8c37090@group-07E5B02BBD89: changes role from CANDIDATE to FOLLOWER at term 1 for DISCOVERED_A_NEW_TERM
2019-09-27 06:05:38,311 [33a74a9a-c6aa-4da5-a89d-bd0bf8c37090@group-07E5B02BBD89:LeaderElection98] INFO  impl.RoleInfo (RoleInfo.java:shutdownLeaderElection(134)) - 33a74a9a-c6aa-4da5-a89d-bd0bf8c37090: shutdown LeaderElection
2019-09-27 06:05:38,311 [33a74a9a-c6aa-4da5-a89d-bd0bf8c37090@group-07E5B02BBD89:LeaderElection98] INFO  impl.RoleInfo (RoleInfo.java:updateAndGet(143)) - 33a74a9a-c6aa-4da5-a89d-bd0bf8c37090: start FollowerState
2019-09-27 06:05:43,130 [Thread-3971] INFO  impl.FollowerState (FollowerState.java:run(106)) - 6d6ef3a3-db64-42fb-a25e-fae4e6d7296a:group-8ABC738D3661 changes to CANDIDATE, lastRpcTime:5052, electionTimeout:5052ms
2019-09-27 06:05:43,135 [Thread-3971] INFO  impl.RoleInfo (RoleInfo.java:shutdownFollowerState(121)) - 6d6ef3a3-db64-42fb-a25e-fae4e6d7296a: shutdown FollowerState
2019-09-27 06:05:43,135 [Thread-3971] INFO  impl.RaftServerImpl (RaftServerImpl.java:setRole(174)) - 6d6ef3a3-db64-42fb-a25e-fae4e6d7296a@group-8ABC738D3661: changes role from  FOLLOWER to CANDIDATE at term 1 for changeToCandidate
2019-09-27 06:05:43,136 [Thread-3971] INFO  impl.RoleInfo (RoleInfo.java:updateAndGet(143)) - 6d6ef3a3-db64-42fb-a25e-fae4e6d7296a: start LeaderElection
2019-09-27 06:05:43,153 [6d6ef3a3-db64-42fb-a25e-fae4e6d7296a@group-8ABC738D3661:LeaderElection101] INFO  impl.LeaderElection (LeaderElection.java:askForVotes(182)) - 6d6ef3a3-db64-42fb-a25e-fae4e6d7296a@group-8ABC738D3661:LeaderElection101: begin an election at term 2 for -1: [a2460cbf-d92d-40d7-8f4b-4fedf6506083:192.168.151.69:46128, 6d6ef3a3-db64-42fb-a25e-fae4e6d7296a:192.168.151.69:45410, 0f7d47af-aea5-43f8-93d1-7d0eb4472ed1:192.168.151.69:39123], old=null
2019-09-27 06:05:43,159 [grpc-default-executor-1] INFO  impl.RaftServerImpl (RaftServerImpl.java:setRole(174)) - 0f7d47af-aea5-43f8-93d1-7d0eb4472ed1@group-8ABC738D3661: changes role from  FOLLOWER to FOLLOWER at term 2 for recognizeCandidate:6d6ef3a3-db64-42fb-a25e-fae4e6d7296a
2019-09-27 06:05:43,159 [grpc-default-executor-7] INFO  impl.RaftServerImpl (RaftServerImpl.java:setRole(174)) - a2460cbf-d92d-40d7-8f4b-4fedf6506083@group-8ABC738D3661: changes role from  FOLLOWER to FOLLOWER at term 2 for recognizeCandidate:6d6ef3a3-db64-42fb-a25e-fae4e6d7296a
2019-09-27 06:05:43,159 [grpc-default-executor-1] INFO  impl.RoleInfo (RoleInfo.java:shutdownFollowerState(121)) - 0f7d47af-aea5-43f8-93d1-7d0eb4472ed1: shutdown FollowerState
2019-09-27 06:05:43,159 [grpc-default-executor-7] INFO  impl.RoleInfo (RoleInfo.java:shutdownFollowerState(121)) - a2460cbf-d92d-40d7-8f4b-4fedf6506083: shutdown FollowerState
2019-09-27 06:05:43,160 [grpc-default-executor-1] INFO  impl.RoleInfo (RoleInfo.java:updateAndGet(143)) - 0f7d47af-aea5-43f8-93d1-7d0eb4472ed1: start FollowerState
2019-09-27 06:05:43,160 [Thread-3972] INFO  impl.FollowerState (FollowerState.java:run(115)) - 0f7d47af-aea5-43f8-93d1-7d0eb4472ed1: FollowerState was interrupted: java.lang.InterruptedException: sleep interrupted
2019-09-27 06:05:43,160 [grpc-default-executor-7] INFO  impl.RoleInfo (RoleInfo.java:updateAndGet(143)) - a2460cbf-d92d-40d7-8f4b-4fedf6506083: start FollowerState
2019-09-27 06:05:43,160 [Thread-3973] INFO  impl.FollowerState (FollowerState.java:run(115)) - a2460cbf-d92d-40d7-8f4b-4fedf6506083: FollowerState was interrupted: java.lang.InterruptedException: sleep interrupted
2019-09-27 06:05:43,180 [6d6ef3a3-db64-42fb-a25e-fae4e6d7296a@group-8ABC738D3661:LeaderElection101] INFO  impl.LeaderElection (LeaderElection.java:logAndReturn(56)) - 6d6ef3a3-db64-42fb-a25e-fae4e6d7296a@group-8ABC738D3661:LeaderElection101: Election PASSED; received 1 response(s) [6d6ef3a3-db64-42fb-a25e-fae4e6d7296a<-a2460cbf-d92d-40d7-8f4b-4fedf6506083#0:OK-t2] and 0 exception(s); 6d6ef3a3-db64-42fb-a25e-fae4e6d7296a@group-8ABC738D3661:t2, leader=null, voted=6d6ef3a3-db64-42fb-a25e-fae4e6d7296a, raftlog=6d6ef3a3-db64-42fb-a25e-fae4e6d7296a@group-8ABC738D3661-SegmentedRaftLog:OPENED:c-1,f-1,i0, conf=-1: [a2460cbf-d92d-40d7-8f4b-4fedf6506083:192.168.151.69:46128, 6d6ef3a3-db64-42fb-a25e-fae4e6d7296a:192.168.151.69:45410, 0f7d47af-aea5-43f8-93d1-7d0eb4472ed1:192.168.151.69:39123], old=null
2019-09-27 06:05:43,180 [6d6ef3a3-db64-42fb-a25e-fae4e6d7296a@group-8ABC738D3661:LeaderElection101] INFO  impl.RoleInfo (RoleInfo.java:shutdownLeaderElection(134)) - 6d6ef3a3-db64-42fb-a25e-fae4e6d7296a: shutdown LeaderElection
2019-09-27 06:05:43,180 [6d6ef3a3-db64-42fb-a25e-fae4e6d7296a@group-8ABC738D3661:LeaderElection101] INFO  impl.RaftServerImpl (RaftServerImpl.java:setRole(174)) - 6d6ef3a3-db64-42fb-a25e-fae4e6d7296a@group-8ABC738D3661: changes role from CANDIDATE to LEADER at term 2 for changeToLeader
2019-09-27 06:05:43,180 [6d6ef3a3-db64-42fb-a25e-fae4e6d7296a@group-8ABC738D3661:LeaderElection101] INFO  impl.RaftServerImpl (ServerState.java:setLeader(253)) - 6d6ef3a3-db64-42fb-a25e-fae4e6d7296a@group-8ABC738D3661: change Leader from null to 6d6ef3a3-db64-42fb-a25e-fae4e6d7296a at term 2 for becomeLeader, leader elected after 10347ms
2019-09-27 06:05:43,181 [6d6ef3a3-db64-42fb-a25e-fae4e6d7296a@group-8ABC738D3661:LeaderElection101] INFO  server.RaftServerConfigKeys (ConfUtils.java:logGet(43)) - raft.server.staging.catchup.gap = 1000 (default)
2019-09-27 06:05:43,181 [6d6ef3a3-db64-42fb-a25e-fae4e6d7296a@group-8ABC738D3661:LeaderElection101] INFO  server.RaftServerConfigKeys (ConfUtils.java:logGet(43)) - raft.server.rpc.sleep.time = 25ms (default)
2019-09-27 06:05:43,181 [6d6ef3a3-db64-42fb-a25e-fae4e6d7296a@group-8ABC738D3661:LeaderElection101] INFO  server.RaftServerConfigKeys (ConfUtils.java:logGet(43)) - raft.server.write.element-limit = 4096 (default)
2019-09-27 06:05:43,182 [6d6ef3a3-db64-42fb-a25e-fae4e6d7296a@group-8ABC738D3661:LeaderElection101] INFO  server.RaftServerConfigKeys (ConfUtils.java:logGet(43)) - raft.server.watch.timeout = 10s (default)
2019-09-27 06:05:43,182 [6d6ef3a3-db64-42fb-a25e-fae4e6d7296a@group-8ABC738D3661:LeaderElection101] INFO  server.RaftServerConfigKeys (ConfUtils.java:logGet(43)) - raft.server.watch.timeout.denomination = 1s (default)
2019-09-27 06:05:43,182 [6d6ef3a3-db64-42fb-a25e-fae4e6d7296a@group-8ABC738D3661:LeaderElection101] INFO  server.RaftServerConfigKeys (ConfUtils.java:logGet(43)) - raft.server.watch.element-limit = 65536 (default)
2019-09-27 06:05:43,187 [6d6ef3a3-db64-42fb-a25e-fae4e6d7296a@group-8ABC738D3661:LeaderElection101] INFO  server.RaftServerConfigKeys (ConfUtils.java:logGet(43)) - raft.server.log.appender.snapshot.chunk.size.max = 16MB (=16777216) (default)
2019-09-27 06:05:43,187 [6d6ef3a3-db64-42fb-a25e-fae4e6d7296a@group-8ABC738D3661:LeaderElection101] INFO  server.RaftServerConfigKeys (ConfUtils.java:logGet(43)) - raft.server.log.appender.buffer.byte-limit = 33554432 (custom)
2019-09-27 06:05:43,187 [6d6ef3a3-db64-42fb-a25e-fae4e6d7296a@group-8ABC738D3661:LeaderElection101] INFO  server.RaftServerConfigKeys (ConfUtils.java:logGet(43)) - raft.server.log.appender.buffer.element-limit = 1 (custom)
2019-09-27 06:05:43,188 [6d6ef3a3-db64-42fb-a25e-fae4e6d7296a@group-8ABC738D3661:LeaderElection101] INFO  grpc.GrpcConfigKeys$Server (ConfUtils.java:logGet(43)) - raft.grpc.server.leader.outstanding.appends.max = 128 (default)
2019-09-27 06:05:43,188 [6d6ef3a3-db64-42fb-a25e-fae4e6d7296a@group-8ABC738D3661:LeaderElection101] INFO  server.RaftServerConfigKeys (ConfUtils.java:logGet(43)) - raft.server.rpc.request.timeout = 3000ms (default)
2019-09-27 06:05:43,188 [6d6ef3a3-db64-42fb-a25e-fae4e6d7296a@group-8ABC738D3661:LeaderElection101] INFO  server.RaftServerConfigKeys (ConfUtils.java:logGet(43)) - raft.server.log.appender.install.snapshot.enabled = false (custom)
2019-09-27 06:05:43,188 [6d6ef3a3-db64-42fb-a25e-fae4e6d7296a@group-8ABC738D3661:LeaderElection101] INFO  server.RaftServerConfigKeys (ConfUtils.java:logGet(43)) - raft.server.log.appender.snapshot.chunk.size.max = 16MB (=16777216) (default)
2019-09-27 06:05:43,188 [6d6ef3a3-db64-42fb-a25e-fae4e6d7296a@group-8ABC738D3661:LeaderElection101] INFO  server.RaftServerConfigKeys (ConfUtils.java:logGet(43)) - raft.server.log.appender.buffer.byte-limit = 33554432 (custom)
2019-09-27 06:05:43,189 [6d6ef3a3-db64-42fb-a25e-fae4e6d7296a@group-8ABC738D3661:LeaderElection101] INFO  server.RaftServerConfigKeys (ConfUtils.java:logGet(43)) - raft.server.log.appender.buffer.element-limit = 1 (custom)
2019-09-27 06:05:43,189 [6d6ef3a3-db64-42fb-a25e-fae4e6d7296a@group-8ABC738D3661:LeaderElection101] INFO  grpc.GrpcConfigKeys$Server (ConfUtils.java:logGet(43)) - raft.grpc.server.leader.outstanding.appends.max = 128 (default)
2019-09-27 06:05:43,189 [6d6ef3a3-db64-42fb-a25e-fae4e6d7296a@group-8ABC738D3661:LeaderElection101] INFO  server.RaftServerConfigKeys (ConfUtils.java:logGet(43)) - raft.server.rpc.request.timeout = 3000ms (default)
2019-09-27 06:05:43,189 [6d6ef3a3-db64-42fb-a25e-fae4e6d7296a@group-8ABC738D3661:LeaderElection101] INFO  server.RaftServerConfigKeys (ConfUtils.java:logGet(43)) - raft.server.log.appender.install.snapshot.enabled = false (custom)
2019-09-27 06:05:43,190 [6d6ef3a3-db64-42fb-a25e-fae4e6d7296a@group-8ABC738D3661:LeaderElection101] INFO  impl.RoleInfo (RoleInfo.java:updateAndGet(143)) - 6d6ef3a3-db64-42fb-a25e-fae4e6d7296a: start LeaderState
2019-09-27 06:05:43,190 [6d6ef3a3-db64-42fb-a25e-fae4e6d7296a@group-8ABC738D3661:LeaderElection101] INFO  segmented.SegmentedRaftLogWorker (SegmentedRaftLogWorker.java:startLogSegment(380)) - 6d6ef3a3-db64-42fb-a25e-fae4e6d7296a@group-8ABC738D3661-SegmentedRaftLogWorker: Starting segment from index:0
2019-09-27 06:05:43,192 [6d6ef3a3-db64-42fb-a25e-fae4e6d7296a@group-8ABC738D3661:LeaderElection101] INFO  impl.RaftServerImpl (ServerState.java:setRaftConf(354)) - 6d6ef3a3-db64-42fb-a25e-fae4e6d7296a@group-8ABC738D3661: set configuration 0: [a2460cbf-d92d-40d7-8f4b-4fedf6506083:192.168.151.69:46128, 6d6ef3a3-db64-42fb-a25e-fae4e6d7296a:192.168.151.69:45410, 0f7d47af-aea5-43f8-93d1-7d0eb4472ed1:192.168.151.69:39123], old=null at 0
2019-09-27 06:05:43,219 [grpc-default-executor-7] INFO  impl.RaftServerImpl (ServerState.java:setLeader(253)) - a2460cbf-d92d-40d7-8f4b-4fedf6506083@group-8ABC738D3661: change Leader from null to 6d6ef3a3-db64-42fb-a25e-fae4e6d7296a at term 2 for appendEntries, leader elected after 10385ms
2019-09-27 06:05:43,219 [grpc-default-executor-1] INFO  impl.RaftServerImpl (ServerState.java:setLeader(253)) - 0f7d47af-aea5-43f8-93d1-7d0eb4472ed1@group-8ABC738D3661: change Leader from null to 6d6ef3a3-db64-42fb-a25e-fae4e6d7296a at term 2 for appendEntries, leader elected after 10385ms
2019-09-27 06:05:43,224 [grpc-default-executor-1] INFO  impl.RaftServerImpl (ServerState.java:setRaftConf(354)) - a2460cbf-d92d-40d7-8f4b-4fedf6506083@group-8ABC738D3661: set configuration 0: [a2460cbf-d92d-40d7-8f4b-4fedf6506083:192.168.151.69:46128, 6d6ef3a3-db64-42fb-a25e-fae4e6d7296a:192.168.151.69:45410, 0f7d47af-aea5-43f8-93d1-7d0eb4472ed1:192.168.151.69:39123], old=null at 0
2019-09-27 06:05:43,224 [grpc-default-executor-7] INFO  impl.RaftServerImpl (ServerState.java:setRaftConf(354)) - 0f7d47af-aea5-43f8-93d1-7d0eb4472ed1@group-8ABC738D3661: set configuration 0: [a2460cbf-d92d-40d7-8f4b-4fedf6506083:192.168.151.69:46128, 6d6ef3a3-db64-42fb-a25e-fae4e6d7296a:192.168.151.69:45410, 0f7d47af-aea5-43f8-93d1-7d0eb4472ed1:192.168.151.69:39123], old=null at 0
2019-09-27 06:05:43,224 [grpc-default-executor-1] INFO  segmented.SegmentedRaftLogWorker (SegmentedRaftLogWorker.java:startLogSegment(380)) - a2460cbf-d92d-40d7-8f4b-4fedf6506083@group-8ABC738D3661-SegmentedRaftLogWorker: Starting segment from index:0
2019-09-27 06:05:43,224 [grpc-default-executor-7] INFO  segmented.SegmentedRaftLogWorker (SegmentedRaftLogWorker.java:startLogSegment(380)) - 0f7d47af-aea5-43f8-93d1-7d0eb4472ed1@group-8ABC738D3661-SegmentedRaftLogWorker: Starting segment from index:0
2019-09-27 06:05:43,241 [6d6ef3a3-db64-42fb-a25e-fae4e6d7296a@group-8ABC738D3661-SegmentedRaftLogWorker] INFO  segmented.SegmentedRaftLogWorker (SegmentedRaftLogWorker.java:execute(569)) - 6d6ef3a3-db64-42fb-a25e-fae4e6d7296a@group-8ABC738D3661-SegmentedRaftLogWorker: created new log segment /workdir/hadoop-ozone/integration-test/target/test-dir/MiniOzoneClusterImpl-4525ab81-30b7-4168-a37a-5e85eef55cd7/datanode-2/data/ratis/b18f2471-0da6-4882-a5c7-8abc738d3661/current/log_inprogress_0
2019-09-27 06:05:43,271 [0f7d47af-aea5-43f8-93d1-7d0eb4472ed1@group-8ABC738D3661-SegmentedRaftLogWorker] INFO  segmented.SegmentedRaftLogWorker (SegmentedRaftLogWorker.java:execute(569)) - 0f7d47af-aea5-43f8-93d1-7d0eb4472ed1@group-8ABC738D3661-SegmentedRaftLogWorker: created new log segment /workdir/hadoop-ozone/integration-test/target/test-dir/MiniOzoneClusterImpl-4525ab81-30b7-4168-a37a-5e85eef55cd7/datanode-3/data/ratis/b18f2471-0da6-4882-a5c7-8abc738d3661/current/log_inprogress_0
2019-09-27 06:05:43,271 [a2460cbf-d92d-40d7-8f4b-4fedf6506083@group-8ABC738D3661-SegmentedRaftLogWorker] INFO  segmented.SegmentedRaftLogWorker (SegmentedRaftLogWorker.java:execute(569)) - a2460cbf-d92d-40d7-8f4b-4fedf6506083@group-8ABC738D3661-SegmentedRaftLogWorker: created new log segment /workdir/hadoop-ozone/integration-test/target/test-dir/MiniOzoneClusterImpl-4525ab81-30b7-4168-a37a-5e85eef55cd7/datanode-0/data/ratis/b18f2471-0da6-4882-a5c7-8abc738d3661/current/log_inprogress_0
2019-09-27 06:05:43,320 [Thread-3990] INFO  impl.FollowerState (FollowerState.java:run(106)) - 61b2d74a-3e9c-4f9f-9790-faf82506f10f:group-07E5B02BBD89 changes to CANDIDATE, lastRpcTime:5010, electionTimeout:5010ms
2019-09-27 06:05:43,320 [Thread-3990] INFO  impl.RoleInfo (RoleInfo.java:shutdownFollowerState(121)) - 61b2d74a-3e9c-4f9f-9790-faf82506f10f: shutdown FollowerState
2019-09-27 06:05:43,320 [Thread-3990] INFO  impl.RaftServerImpl (RaftServerImpl.java:setRole(174)) - 61b2d74a-3e9c-4f9f-9790-faf82506f10f@group-07E5B02BBD89: changes role from  FOLLOWER to CANDIDATE at term 1 for changeToCandidate
2019-09-27 06:05:43,323 [Thread-3990] INFO  impl.RoleInfo (RoleInfo.java:updateAndGet(143)) - 61b2d74a-3e9c-4f9f-9790-faf82506f10f: start LeaderElection
2019-09-27 06:05:43,340 [61b2d74a-3e9c-4f9f-9790-faf82506f10f@group-07E5B02BBD89:LeaderElection102] INFO  impl.LeaderElection (LeaderElection.java:askForVotes(182)) - 61b2d74a-3e9c-4f9f-9790-faf82506f10f@group-07E5B02BBD89:LeaderElection102: begin an election at term 2 for -1: [61b2d74a-3e9c-4f9f-9790-faf82506f10f:192.168.151.69:38961, dd465717-aa2f-4ac7-b2c3-72db3883e0c6:192.168.151.69:46430, 33a74a9a-c6aa-4da5-a89d-bd0bf8c37090:192.168.151.69:39575], old=null
2019-09-27 06:05:43,342 [grpc-default-executor-7] INFO  impl.RaftServerImpl (RaftServerImpl.java:setRole(174)) - dd465717-aa2f-4ac7-b2c3-72db3883e0c6@group-07E5B02BBD89: changes role from  FOLLOWER to FOLLOWER at term 2 for recognizeCandidate:61b2d74a-3e9c-4f9f-9790-faf82506f10f
2019-09-27 06:05:43,342 [grpc-default-executor-7] INFO  impl.RoleInfo (RoleInfo.java:shutdownFollowerState(121)) - dd465717-aa2f-4ac7-b2c3-72db3883e0c6: shutdown FollowerState
2019-09-27 06:05:43,342 [grpc-default-executor-7] INFO  impl.RoleInfo (RoleInfo.java:updateAndGet(143)) - dd465717-aa2f-4ac7-b2c3-72db3883e0c6: start FollowerState
2019-09-27 06:05:43,342 [grpc-default-executor-3] INFO  impl.RaftServerImpl (RaftServerImpl.java:setRole(174)) - 33a74a9a-c6aa-4da5-a89d-bd0bf8c37090@group-07E5B02BBD89: changes role from  FOLLOWER to FOLLOWER at term 2 for recognizeCandidate:61b2d74a-3e9c-4f9f-9790-faf82506f10f
2019-09-27 06:05:43,343 [grpc-default-executor-3] INFO  impl.RoleInfo (RoleInfo.java:shutdownFollowerState(121)) - 33a74a9a-c6aa-4da5-a89d-bd0bf8c37090: shutdown FollowerState
2019-09-27 06:05:43,343 [grpc-default-executor-3] INFO  impl.RoleInfo (RoleInfo.java:updateAndGet(143)) - 33a74a9a-c6aa-4da5-a89d-bd0bf8c37090: start FollowerState
2019-09-27 06:05:43,343 [Thread-3993] INFO  impl.FollowerState (FollowerState.java:run(115)) - 33a74a9a-c6aa-4da5-a89d-bd0bf8c37090: FollowerState was interrupted: java.lang.InterruptedException: sleep interrupted
2019-09-27 06:05:43,388 [61b2d74a-3e9c-4f9f-9790-faf82506f10f@group-07E5B02BBD89:LeaderElection102] INFO  impl.LeaderElection (LeaderElection.java:logAndReturn(56)) - 61b2d74a-3e9c-4f9f-9790-faf82506f10f@group-07E5B02BBD89:LeaderElection102: Election PASSED; received 1 response(s) [61b2d74a-3e9c-4f9f-9790-faf82506f10f<-33a74a9a-c6aa-4da5-a89d-bd0bf8c37090#0:OK-t2] and 0 exception(s); 61b2d74a-3e9c-4f9f-9790-faf82506f10f@group-07E5B02BBD89:t2, leader=null, voted=61b2d74a-3e9c-4f9f-9790-faf82506f10f, raftlog=61b2d74a-3e9c-4f9f-9790-faf82506f10f@group-07E5B02BBD89-SegmentedRaftLog:OPENED:c-1,f-1,i0, conf=-1: [61b2d74a-3e9c-4f9f-9790-faf82506f10f:192.168.151.69:38961, dd465717-aa2f-4ac7-b2c3-72db3883e0c6:192.168.151.69:46430, 33a74a9a-c6aa-4da5-a89d-bd0bf8c37090:192.168.151.69:39575], old=null
2019-09-27 06:05:43,388 [61b2d74a-3e9c-4f9f-9790-faf82506f10f@group-07E5B02BBD89:LeaderElection102] INFO  impl.RoleInfo (RoleInfo.java:shutdownLeaderElection(134)) - 61b2d74a-3e9c-4f9f-9790-faf82506f10f: shutdown LeaderElection
2019-09-27 06:05:43,388 [61b2d74a-3e9c-4f9f-9790-faf82506f10f@group-07E5B02BBD89:LeaderElection102] INFO  impl.RaftServerImpl (RaftServerImpl.java:setRole(174)) - 61b2d74a-3e9c-4f9f-9790-faf82506f10f@group-07E5B02BBD89: changes role from CANDIDATE to LEADER at term 2 for changeToLeader
2019-09-27 06:05:43,388 [61b2d74a-3e9c-4f9f-9790-faf82506f10f@group-07E5B02BBD89:LeaderElection102] INFO  impl.RaftServerImpl (ServerState.java:setLeader(253)) - 61b2d74a-3e9c-4f9f-9790-faf82506f10f@group-07E5B02BBD89: change Leader from null to 61b2d74a-3e9c-4f9f-9790-faf82506f10f at term 2 for becomeLeader, leader elected after 10303ms
2019-09-27 06:05:43,388 [61b2d74a-3e9c-4f9f-9790-faf82506f10f@group-07E5B02BBD89:LeaderElection102] INFO  server.RaftServerConfigKeys (ConfUtils.java:logGet(43)) - raft.server.staging.catchup.gap = 1000 (default)
2019-09-27 06:05:43,388 [61b2d74a-3e9c-4f9f-9790-faf82506f10f@group-07E5B02BBD89:LeaderElection102] INFO  server.RaftServerConfigKeys (ConfUtils.java:logGet(43)) - raft.server.rpc.sleep.time = 25ms (default)
2019-09-27 06:05:43,389 [61b2d74a-3e9c-4f9f-9790-faf82506f10f@group-07E5B02BBD89:LeaderElection102] INFO  server.RaftServerConfigKeys (ConfUtils.java:logGet(43)) - raft.server.write.element-limit = 4096 (default)
2019-09-27 06:05:43,389 [61b2d74a-3e9c-4f9f-9790-faf82506f10f@group-07E5B02BBD89:LeaderElection102] INFO  server.RaftServerConfigKeys (ConfUtils.java:logGet(43)) - raft.server.watch.timeout = 10s (default)
2019-09-27 06:05:43,389 [61b2d74a-3e9c-4f9f-9790-faf82506f10f@group-07E5B02BBD89:LeaderElection102] INFO  server.RaftServerConfigKeys (ConfUtils.java:logGet(43)) - raft.server.watch.timeout.denomination = 1s (default)
2019-09-27 06:05:43,389 [61b2d74a-3e9c-4f9f-9790-faf82506f10f@group-07E5B02BBD89:LeaderElection102] INFO  server.RaftServerConfigKeys (ConfUtils.java:logGet(43)) - raft.server.watch.element-limit = 65536 (default)
2019-09-27 06:05:43,391 [61b2d74a-3e9c-4f9f-9790-faf82506f10f@group-07E5B02BBD89:LeaderElection102] INFO  server.RaftServerConfigKeys (ConfUtils.java:logGet(43)) - raft.server.log.appender.snapshot.chunk.size.max = 16MB (=16777216) (default)
2019-09-27 06:05:43,391 [61b2d74a-3e9c-4f9f-9790-faf82506f10f@group-07E5B02BBD89:LeaderElection102] INFO  server.RaftServerConfigKeys (ConfUtils.java:logGet(43)) - raft.server.log.appender.buffer.byte-limit = 33554432 (custom)
2019-09-27 06:05:43,391 [61b2d74a-3e9c-4f9f-9790-faf82506f10f@group-07E5B02BBD89:LeaderElection102] INFO  server.RaftServerConfigKeys (ConfUtils.java:logGet(43)) - raft.server.log.appender.buffer.element-limit = 1 (custom)
2019-09-27 06:05:43,391 [61b2d74a-3e9c-4f9f-9790-faf82506f10f@group-07E5B02BBD89:LeaderElection102] INFO  grpc.GrpcConfigKeys$Server (ConfUtils.java:logGet(43)) - raft.grpc.server.leader.outstanding.appends.max = 128 (default)
2019-09-27 06:05:43,391 [61b2d74a-3e9c-4f9f-9790-faf82506f10f@group-07E5B02BBD89:LeaderElection102] INFO  server.RaftServerConfigKeys (ConfUtils.java:logGet(43)) - raft.server.rpc.request.timeout = 3000ms (default)
2019-09-27 06:05:43,392 [61b2d74a-3e9c-4f9f-9790-faf82506f10f@group-07E5B02BBD89:LeaderElection102] INFO  server.RaftServerConfigKeys (ConfUtils.java:logGet(43)) - raft.server.log.appender.install.snapshot.enabled = false (custom)
2019-09-27 06:05:43,392 [61b2d74a-3e9c-4f9f-9790-faf82506f10f@group-07E5B02BBD89:LeaderElection102] INFO  server.RaftServerConfigKeys (ConfUtils.java:logGet(43)) - raft.server.log.appender.snapshot.chunk.size.max = 16MB (=16777216) (default)
2019-09-27 06:05:43,392 [61b2d74a-3e9c-4f9f-9790-faf82506f10f@group-07E5B02BBD89:LeaderElection102] INFO  server.RaftServerConfigKeys (ConfUtils.java:logGet(43)) - raft.server.log.appender.buffer.byte-limit = 33554432 (custom)
2019-09-27 06:05:43,392 [61b2d74a-3e9c-4f9f-9790-faf82506f10f@group-07E5B02BBD89:LeaderElection102] INFO  server.RaftServerConfigKeys (ConfUtils.java:logGet(43)) - raft.server.log.appender.buffer.element-limit = 1 (custom)
2019-09-27 06:05:43,392 [61b2d74a-3e9c-4f9f-9790-faf82506f10f@group-07E5B02BBD89:LeaderElection102] INFO  grpc.GrpcConfigKeys$Server (ConfUtils.java:logGet(43)) - raft.grpc.server.leader.outstanding.appends.max = 128 (default)
2019-09-27 06:05:43,393 [61b2d74a-3e9c-4f9f-9790-faf82506f10f@group-07E5B02BBD89:LeaderElection102] INFO  server.RaftServerConfigKeys (ConfUtils.java:logGet(43)) - raft.server.rpc.request.timeout = 3000ms (default)
2019-09-27 06:05:43,393 [61b2d74a-3e9c-4f9f-9790-faf82506f10f@group-07E5B02BBD89:LeaderElection102] INFO  server.RaftServerConfigKeys (ConfUtils.java:logGet(43)) - raft.server.log.appender.install.snapshot.enabled = false (custom)
2019-09-27 06:05:43,393 [61b2d74a-3e9c-4f9f-9790-faf82506f10f@group-07E5B02BBD89:LeaderElection102] INFO  impl.RoleInfo (RoleInfo.java:updateAndGet(143)) - 61b2d74a-3e9c-4f9f-9790-faf82506f10f: start LeaderState
2019-09-27 06:05:43,393 [61b2d74a-3e9c-4f9f-9790-faf82506f10f@group-07E5B02BBD89:LeaderElection102] INFO  segmented.SegmentedRaftLogWorker (SegmentedRaftLogWorker.java:startLogSegment(380)) - 61b2d74a-3e9c-4f9f-9790-faf82506f10f@group-07E5B02BBD89-SegmentedRaftLogWorker: Starting segment from index:0
2019-09-27 06:05:43,394 [61b2d74a-3e9c-4f9f-9790-faf82506f10f@group-07E5B02BBD89:LeaderElection102] INFO  impl.RaftServerImpl (ServerState.java:setRaftConf(354)) - 61b2d74a-3e9c-4f9f-9790-faf82506f10f@group-07E5B02BBD89: set configuration 0: [61b2d74a-3e9c-4f9f-9790-faf82506f10f:192.168.151.69:38961, dd465717-aa2f-4ac7-b2c3-72db3883e0c6:192.168.151.69:46430, 33a74a9a-c6aa-4da5-a89d-bd0bf8c37090:192.168.151.69:39575], old=null at 0
2019-09-27 06:05:43,395 [grpc-default-executor-3] INFO  impl.RaftServerImpl (ServerState.java:setLeader(253)) - 33a74a9a-c6aa-4da5-a89d-bd0bf8c37090@group-07E5B02BBD89: change Leader from null to 61b2d74a-3e9c-4f9f-9790-faf82506f10f at term 2 for appendEntries, leader elected after 10309ms
2019-09-27 06:05:43,422 [grpc-default-executor-3] INFO  impl.RaftServerImpl (ServerState.java:setLeader(253)) - dd465717-aa2f-4ac7-b2c3-72db3883e0c6@group-07E5B02BBD89: change Leader from null to 61b2d74a-3e9c-4f9f-9790-faf82506f10f at term 2 for appendEntries, leader elected after 10337ms
2019-09-27 06:05:43,424 [grpc-default-executor-3] INFO  impl.RaftServerImpl (ServerState.java:setRaftConf(354)) - 33a74a9a-c6aa-4da5-a89d-bd0bf8c37090@group-07E5B02BBD89: set configuration 0: [61b2d74a-3e9c-4f9f-9790-faf82506f10f:192.168.151.69:38961, dd465717-aa2f-4ac7-b2c3-72db3883e0c6:192.168.151.69:46430, 33a74a9a-c6aa-4da5-a89d-bd0bf8c37090:192.168.151.69:39575], old=null at 0
2019-09-27 06:05:43,424 [grpc-default-executor-3] INFO  segmented.SegmentedRaftLogWorker (SegmentedRaftLogWorker.java:startLogSegment(380)) - 33a74a9a-c6aa-4da5-a89d-bd0bf8c37090@group-07E5B02BBD89-SegmentedRaftLogWorker: Starting segment from index:0
2019-09-27 06:05:43,425 [grpc-default-executor-3] INFO  impl.RaftServerImpl (ServerState.java:setRaftConf(354)) - dd465717-aa2f-4ac7-b2c3-72db3883e0c6@group-07E5B02BBD89: set configuration 0: [61b2d74a-3e9c-4f9f-9790-faf82506f10f:192.168.151.69:38961, dd465717-aa2f-4ac7-b2c3-72db3883e0c6:192.168.151.69:46430, 33a74a9a-c6aa-4da5-a89d-bd0bf8c37090:192.168.151.69:39575], old=null at 0
2019-09-27 06:05:43,425 [grpc-default-executor-3] INFO  segmented.SegmentedRaftLogWorker (SegmentedRaftLogWorker.java:startLogSegment(380)) - dd465717-aa2f-4ac7-b2c3-72db3883e0c6@group-07E5B02BBD89-SegmentedRaftLogWorker: Starting segment from index:0
2019-09-27 06:05:43,432 [61b2d74a-3e9c-4f9f-9790-faf82506f10f@group-07E5B02BBD89-SegmentedRaftLogWorker] INFO  segmented.SegmentedRaftLogWorker (SegmentedRaftLogWorker.java:execute(569)) - 61b2d74a-3e9c-4f9f-9790-faf82506f10f@group-07E5B02BBD89-SegmentedRaftLogWorker: created new log segment /workdir/hadoop-ozone/integration-test/target/test-dir/MiniOzoneClusterImpl-4525ab81-30b7-4168-a37a-5e85eef55cd7/datanode-6/data/ratis/da864cb0-f558-4efa-ac24-07e5b02bbd89/current/log_inprogress_0
2019-09-27 06:05:43,466 [33a74a9a-c6aa-4da5-a89d-bd0bf8c37090@group-07E5B02BBD89-SegmentedRaftLogWorker] INFO  segmented.SegmentedRaftLogWorker (SegmentedRaftLogWorker.java:execute(569)) - 33a74a9a-c6aa-4da5-a89d-bd0bf8c37090@group-07E5B02BBD89-SegmentedRaftLogWorker: created new log segment /workdir/hadoop-ozone/integration-test/target/test-dir/MiniOzoneClusterImpl-4525ab81-30b7-4168-a37a-5e85eef55cd7/datanode-5/data/ratis/da864cb0-f558-4efa-ac24-07e5b02bbd89/current/log_inprogress_0
2019-09-27 06:05:43,467 [dd465717-aa2f-4ac7-b2c3-72db3883e0c6@group-07E5B02BBD89-SegmentedRaftLogWorker] INFO  segmented.SegmentedRaftLogWorker (SegmentedRaftLogWorker.java:execute(569)) - dd465717-aa2f-4ac7-b2c3-72db3883e0c6@group-07E5B02BBD89-SegmentedRaftLogWorker: created new log segment /workdir/hadoop-ozone/integration-test/target/test-dir/MiniOzoneClusterImpl-4525ab81-30b7-4168-a37a-5e85eef55cd7/datanode-4/data/ratis/da864cb0-f558-4efa-ac24-07e5b02bbd89/current/log_inprogress_0
2019-09-27 06:05:45,666 [main] WARN  scm.XceiverClientRatis (XceiverClientRatis.java:watchForCommit(292)) - 3 way commit failed on pipeline Pipeline[ Id: da864cb0-f558-4efa-ac24-07e5b02bbd89, Nodes: dd465717-aa2f-4ac7-b2c3-72db3883e0c6{ip: 192.168.151.69, host: trunk-nightly-20190927-zr2qb-3451358976, networkLocation: /default-rack, certSerialId: null}33a74a9a-c6aa-4da5-a89d-bd0bf8c37090{ip: 192.168.151.69, host: trunk-nightly-20190927-zr2qb-3451358976, networkLocation: /default-rack, certSerialId: null}61b2d74a-3e9c-4f9f-9790-faf82506f10f{ip: 192.168.151.69, host: trunk-nightly-20190927-zr2qb-3451358976, networkLocation: /default-rack, certSerialId: null}, Type:RATIS, Factor:THREE, State:OPEN]
java.util.concurrent.TimeoutException
	at java.util.concurrent.CompletableFuture.timedGet(CompletableFuture.java:1771)
	at java.util.concurrent.CompletableFuture.get(CompletableFuture.java:1915)
	at org.apache.hadoop.hdds.scm.XceiverClientRatis.watchForCommit(XceiverClientRatis.java:289)
	at org.apache.hadoop.hdds.scm.storage.CommitWatcher.watchForCommit(CommitWatcher.java:194)
	at org.apache.hadoop.hdds.scm.storage.CommitWatcher.watchOnLastIndex(CommitWatcher.java:157)
	at org.apache.hadoop.hdds.scm.storage.BlockOutputStream.watchForCommit(BlockOutputStream.java:347)
	at org.apache.hadoop.hdds.scm.storage.BlockOutputStream.handleFlush(BlockOutputStream.java:479)
	at org.apache.hadoop.hdds.scm.storage.BlockOutputStream.flush(BlockOutputStream.java:428)
	at org.apache.hadoop.ozone.client.io.BlockOutputStreamEntry.flush(BlockOutputStreamEntry.java:136)
	at org.apache.hadoop.ozone.client.io.KeyOutputStream.handleFlushOrClose(KeyOutputStream.java:443)
	at org.apache.hadoop.ozone.client.io.KeyOutputStream.flush(KeyOutputStream.java:397)
	at org.apache.hadoop.ozone.client.io.OzoneOutputStream.flush(OzoneOutputStream.java:54)
	at org.apache.hadoop.ozone.client.rpc.TestBlockOutputStreamWithFailures.testWatchForCommitWithCloseContainerException(TestBlockOutputStreamWithFailures.java:190)
	at sun.reflect.NativeMethodAccessorImpl.invoke0(Native Method)
	at sun.reflect.NativeMethodAccessorImpl.invoke(NativeMethodAccessorImpl.java:62)
	at sun.reflect.DelegatingMethodAccessorImpl.invoke(DelegatingMethodAccessorImpl.java:43)
	at java.lang.reflect.Method.invoke(Method.java:498)
	at org.junit.runners.model.FrameworkMethod$1.runReflectiveCall(FrameworkMethod.java:47)
	at org.junit.internal.runners.model.ReflectiveCallable.run(ReflectiveCallable.java:12)
	at org.junit.runners.model.FrameworkMethod.invokeExplosively(FrameworkMethod.java:44)
	at org.junit.internal.runners.statements.InvokeMethod.evaluate(InvokeMethod.java:17)
	at org.junit.internal.runners.statements.RunBefores.evaluate(RunBefores.java:26)
	at org.junit.internal.runners.statements.RunAfters.evaluate(RunAfters.java:27)
	at org.junit.runners.ParentRunner.runLeaf(ParentRunner.java:271)
	at org.junit.runners.BlockJUnit4ClassRunner.runChild(BlockJUnit4ClassRunner.java:70)
	at org.junit.runners.BlockJUnit4ClassRunner.runChild(BlockJUnit4ClassRunner.java:50)
	at org.junit.runners.ParentRunner$3.run(ParentRunner.java:238)
	at org.junit.runners.ParentRunner$1.schedule(ParentRunner.java:63)
	at org.junit.runners.ParentRunner.runChildren(ParentRunner.java:236)
	at org.junit.runners.ParentRunner.access$000(ParentRunner.java:53)
	at org.junit.runners.ParentRunner$2.evaluate(ParentRunner.java:229)
	at org.junit.runners.ParentRunner.run(ParentRunner.java:309)
	at org.apache.maven.surefire.junit4.JUnit4Provider.execute(JUnit4Provider.java:365)
	at org.apache.maven.surefire.junit4.JUnit4Provider.executeWithRerun(JUnit4Provider.java:273)
	at org.apache.maven.surefire.junit4.JUnit4Provider.executeTestSet(JUnit4Provider.java:238)
	at org.apache.maven.surefire.junit4.JUnit4Provider.invoke(JUnit4Provider.java:159)
	at org.apache.maven.surefire.booter.ForkedBooter.invokeProviderInSameClassLoader(ForkedBooter.java:384)
	at org.apache.maven.surefire.booter.ForkedBooter.runSuitesInProcess(ForkedBooter.java:345)
	at org.apache.maven.surefire.booter.ForkedBooter.execute(ForkedBooter.java:126)
	at org.apache.maven.surefire.booter.ForkedBooter.main(ForkedBooter.java:418)
2019-09-27 06:05:46,670 [main] WARN  storage.CommitWatcher (CommitWatcher.java:watchForCommit(203)) - watchForCommit failed for index 12
java.util.concurrent.TimeoutException
	at java.util.concurrent.CompletableFuture.timedGet(CompletableFuture.java:1771)
	at java.util.concurrent.CompletableFuture.get(CompletableFuture.java:1915)
	at org.apache.hadoop.hdds.scm.XceiverClientRatis.watchForCommit(XceiverClientRatis.java:298)
	at org.apache.hadoop.hdds.scm.storage.CommitWatcher.watchForCommit(CommitWatcher.java:194)
	at org.apache.hadoop.hdds.scm.storage.CommitWatcher.watchOnLastIndex(CommitWatcher.java:157)
	at org.apache.hadoop.hdds.scm.storage.BlockOutputStream.watchForCommit(BlockOutputStream.java:347)
	at org.apache.hadoop.hdds.scm.storage.BlockOutputStream.handleFlush(BlockOutputStream.java:479)
	at org.apache.hadoop.hdds.scm.storage.BlockOutputStream.flush(BlockOutputStream.java:428)
	at org.apache.hadoop.ozone.client.io.BlockOutputStreamEntry.flush(BlockOutputStreamEntry.java:136)
	at org.apache.hadoop.ozone.client.io.KeyOutputStream.handleFlushOrClose(KeyOutputStream.java:443)
	at org.apache.hadoop.ozone.client.io.KeyOutputStream.flush(KeyOutputStream.java:397)
	at org.apache.hadoop.ozone.client.io.OzoneOutputStream.flush(OzoneOutputStream.java:54)
	at org.apache.hadoop.ozone.client.rpc.TestBlockOutputStreamWithFailures.testWatchForCommitWithCloseContainerException(TestBlockOutputStreamWithFailures.java:190)
	at sun.reflect.NativeMethodAccessorImpl.invoke0(Native Method)
	at sun.reflect.NativeMethodAccessorImpl.invoke(NativeMethodAccessorImpl.java:62)
	at sun.reflect.DelegatingMethodAccessorImpl.invoke(DelegatingMethodAccessorImpl.java:43)
	at java.lang.reflect.Method.invoke(Method.java:498)
	at org.junit.runners.model.FrameworkMethod$1.runReflectiveCall(FrameworkMethod.java:47)
	at org.junit.internal.runners.model.ReflectiveCallable.run(ReflectiveCallable.java:12)
	at org.junit.runners.model.FrameworkMethod.invokeExplosively(FrameworkMethod.java:44)
	at org.junit.internal.runners.statements.InvokeMethod.evaluate(InvokeMethod.java:17)
	at org.junit.internal.runners.statements.RunBefores.evaluate(RunBefores.java:26)
	at org.junit.internal.runners.statements.RunAfters.evaluate(RunAfters.java:27)
	at org.junit.runners.ParentRunner.runLeaf(ParentRunner.java:271)
	at org.junit.runners.BlockJUnit4ClassRunner.runChild(BlockJUnit4ClassRunner.java:70)
	at org.junit.runners.BlockJUnit4ClassRunner.runChild(BlockJUnit4ClassRunner.java:50)
	at org.junit.runners.ParentRunner$3.run(ParentRunner.java:238)
	at org.junit.runners.ParentRunner$1.schedule(ParentRunner.java:63)
	at org.junit.runners.ParentRunner.runChildren(ParentRunner.java:236)
	at org.junit.runners.ParentRunner.access$000(ParentRunner.java:53)
	at org.junit.runners.ParentRunner$2.evaluate(ParentRunner.java:229)
	at org.junit.runners.ParentRunner.run(ParentRunner.java:309)
	at org.apache.maven.surefire.junit4.JUnit4Provider.execute(JUnit4Provider.java:365)
	at org.apache.maven.surefire.junit4.JUnit4Provider.executeWithRerun(JUnit4Provider.java:273)
	at org.apache.maven.surefire.junit4.JUnit4Provider.executeTestSet(JUnit4Provider.java:238)
	at org.apache.maven.surefire.junit4.JUnit4Provider.invoke(JUnit4Provider.java:159)
	at org.apache.maven.surefire.booter.ForkedBooter.invokeProviderInSameClassLoader(ForkedBooter.java:384)
	at org.apache.maven.surefire.booter.ForkedBooter.runSuitesInProcess(ForkedBooter.java:345)
	at org.apache.maven.surefire.booter.ForkedBooter.execute(ForkedBooter.java:126)
	at org.apache.maven.surefire.booter.ForkedBooter.main(ForkedBooter.java:418)
2019-09-27 06:05:46,672 [main] WARN  io.KeyOutputStream (KeyOutputStream.java:handleException(274)) - Encountered exception java.io.IOException: Unexpected Storage Container Exception: java.io.IOException: Unexpected Storage Container Exception: java.util.concurrent.TimeoutException on the pipeline Pipeline[ Id: da864cb0-f558-4efa-ac24-07e5b02bbd89, Nodes: dd465717-aa2f-4ac7-b2c3-72db3883e0c6{ip: 192.168.151.69, host: trunk-nightly-20190927-zr2qb-3451358976, networkLocation: /default-rack, certSerialId: null}33a74a9a-c6aa-4da5-a89d-bd0bf8c37090{ip: 192.168.151.69, host: trunk-nightly-20190927-zr2qb-3451358976, networkLocation: /default-rack, certSerialId: null}61b2d74a-3e9c-4f9f-9790-faf82506f10f{ip: 192.168.151.69, host: trunk-nightly-20190927-zr2qb-3451358976, networkLocation: /default-rack, certSerialId: null}, Type:RATIS, Factor:THREE, State:OPEN]. The last committed block length is 400, uncommitted data length is 50 retry count 0
2019-09-27 06:05:46,983 [main] INFO  ozone.MiniOzoneClusterImpl (MiniOzoneClusterImpl.java:shutdown(314)) - Shutting down the Mini Ozone Cluster
2019-09-27 06:05:46,984 [main] INFO  ozone.MiniOzoneClusterImpl (MiniOzoneClusterImpl.java:stop(330)) - Stopping the Mini Ozone Cluster
2019-09-27 06:05:46,984 [main] INFO  ozone.MiniOzoneClusterImpl (MiniOzoneClusterImpl.java:stopOM(400)) - Stopping the OzoneManager
2019-09-27 06:05:46,984 [main] INFO  ipc.Server (Server.java:stop(3082)) - Stopping server on 44266
2019-09-27 06:05:46,998 [IPC Server listener on 44266] INFO  ipc.Server (Server.java:run(1185)) - Stopping IPC Server listener on 44266
2019-09-27 06:05:46,998 [main] INFO  ratis.OzoneManagerDoubleBuffer (OzoneManagerDoubleBuffer.java:stop(248)) - Stopping OMDoubleBuffer flush thread
2019-09-27 06:05:47,014 [IPC Server Responder] INFO  ipc.Server (Server.java:run(1319)) - Stopping IPC Server Responder
2019-09-27 06:05:47,014 [OMDoubleBufferFlushThread] INFO  ratis.OzoneManagerDoubleBuffer (OzoneManagerDoubleBuffer.java:flushTransactions(191)) - OMDoubleBuffer flush thread OMDoubleBufferFlushThread is interrupted and will exit. OMDoubleBufferFlushThread
2019-09-27 06:05:47,037 [main] INFO  utils.BackgroundService (BackgroundService.java:shutdown(148)) - Shutting down service KeyDeletingService
2019-09-27 06:05:47,038 [main] INFO  handler.ContextHandler (ContextHandler.java:doStop(910)) - Stopped o.e.j.w.WebAppContext@5409dfdd{/,null,UNAVAILABLE}{/ozoneManager}
2019-09-27 06:05:47,039 [main] INFO  server.AbstractConnector (AbstractConnector.java:doStop(318)) - Stopped ServerConnector@45f9d394{HTTP/1.1,[http/1.1]}{0.0.0.0:0}
2019-09-27 06:05:47,039 [main] INFO  handler.ContextHandler (ContextHandler.java:doStop(910)) - Stopped o.e.j.s.ServletContextHandler@38732372{/static,file:///workdir/hadoop-ozone/integration-test/target/test-classes/webapps/static,UNAVAILABLE}
2019-09-27 06:05:47,040 [main] INFO  handler.ContextHandler (ContextHandler.java:doStop(910)) - Stopped o.e.j.s.ServletContextHandler@36df4c26{/logs,file:///workdir/hadoop-ozone/integration-test/target/log,UNAVAILABLE}
2019-09-27 06:05:47,042 [main] INFO  ozone.MiniOzoneClusterImpl (MiniOzoneClusterImpl.java:stopDatanodes(377)) - Stopping the HddsDatanodes
2019-09-27 06:05:47,472 [Datanode State Machine Thread - 0] INFO  statemachine.DatanodeStateMachine (DatanodeStateMachine.java:lambda$startDaemon$0(350)) - Ozone container server started.
2019-09-27 06:05:47,659 [Datanode State Machine Thread - 0] INFO  statemachine.DatanodeStateMachine (DatanodeStateMachine.java:lambda$startDaemon$0(350)) - Ozone container server started.
2019-09-27 06:05:51,559 [EventQueue-StaleNodeForStaleNodeHandler] INFO  node.StaleNodeHandler (StaleNodeHandler.java:onMessage(58)) - Datanode dd465717-aa2f-4ac7-b2c3-72db3883e0c6{ip: 192.168.151.69, host: trunk-nightly-20190927-zr2qb-3451358976, networkLocation: /default-rack, certSerialId: null} moved to stale state. Finalizing its pipelines [PipelineID=9c6452d9-5897-480a-abd5-3c6d80adb072, PipelineID=da864cb0-f558-4efa-ac24-07e5b02bbd89]
2019-09-27 06:05:51,560 [EventQueue-StaleNodeForStaleNodeHandler] INFO  pipeline.SCMPipelineManager (SCMPipelineManager.java:finalizeAndDestroyPipeline(315)) - destroying pipeline:Pipeline[ Id: 9c6452d9-5897-480a-abd5-3c6d80adb072, Nodes: dd465717-aa2f-4ac7-b2c3-72db3883e0c6{ip: 192.168.151.69, host: trunk-nightly-20190927-zr2qb-3451358976, networkLocation: /default-rack, certSerialId: null}, Type:RATIS, Factor:ONE, State:OPEN]
2019-09-27 06:05:51,560 [EventQueue-StaleNodeForStaleNodeHandler] INFO  pipeline.PipelineStateManager (PipelineStateManager.java:finalizePipeline(123)) - Pipeline Pipeline[ Id: 9c6452d9-5897-480a-abd5-3c6d80adb072, Nodes: dd465717-aa2f-4ac7-b2c3-72db3883e0c6{ip: 192.168.151.69, host: trunk-nightly-20190927-zr2qb-3451358976, networkLocation: /default-rack, certSerialId: null}, Type:RATIS, Factor:ONE, State:CLOSED] moved to CLOSED state
2019-09-27 06:05:51,561 [EventQueue-StaleNodeForStaleNodeHandler] INFO  pipeline.SCMPipelineManager (SCMPipelineManager.java:finalizeAndDestroyPipeline(315)) - destroying pipeline:Pipeline[ Id: da864cb0-f558-4efa-ac24-07e5b02bbd89, Nodes: dd465717-aa2f-4ac7-b2c3-72db3883e0c6{ip: 192.168.151.69, host: trunk-nightly-20190927-zr2qb-3451358976, networkLocation: /default-rack, certSerialId: null}33a74a9a-c6aa-4da5-a89d-bd0bf8c37090{ip: 192.168.151.69, host: trunk-nightly-20190927-zr2qb-3451358976, networkLocation: /default-rack, certSerialId: null}61b2d74a-3e9c-4f9f-9790-faf82506f10f{ip: 192.168.151.69, host: trunk-nightly-20190927-zr2qb-3451358976, networkLocation: /default-rack, certSerialId: null}, Type:RATIS, Factor:THREE, State:OPEN]
2019-09-27 06:05:51,561 [EventQueue-StaleNodeForStaleNodeHandler] INFO  pipeline.PipelineStateManager (PipelineStateManager.java:finalizePipeline(123)) - Pipeline Pipeline[ Id: da864cb0-f558-4efa-ac24-07e5b02bbd89, Nodes: dd465717-aa2f-4ac7-b2c3-72db3883e0c6{ip: 192.168.151.69, host: trunk-nightly-20190927-zr2qb-3451358976, networkLocation: /default-rack, certSerialId: null}33a74a9a-c6aa-4da5-a89d-bd0bf8c37090{ip: 192.168.151.69, host: trunk-nightly-20190927-zr2qb-3451358976, networkLocation: /default-rack, certSerialId: null}61b2d74a-3e9c-4f9f-9790-faf82506f10f{ip: 192.168.151.69, host: trunk-nightly-20190927-zr2qb-3451358976, networkLocation: /default-rack, certSerialId: null}, Type:RATIS, Factor:THREE, State:CLOSED] moved to CLOSED state
2019-09-27 06:05:51,561 [EventQueue-CloseContainerForCloseContainerEventHandler] INFO  container.CloseContainerEventHandler (CloseContainerEventHandler.java:onMessage(61)) - Close container Event triggered for container : #1
2019-09-27 06:05:51,760 [EventQueue-StaleNodeForStaleNodeHandler] INFO  node.StaleNodeHandler (StaleNodeHandler.java:onMessage(58)) - Datanode 7a09dfa5-1bb7-4af5-90e7-84a302ea596c{ip: 192.168.151.69, host: trunk-nightly-20190927-zr2qb-3451358976, networkLocation: /default-rack, certSerialId: null} moved to stale state. Finalizing its pipelines [PipelineID=fd89df33-106c-41ce-afa6-e4e123aa1e3a]
2019-09-27 06:05:51,763 [EventQueue-StaleNodeForStaleNodeHandler] INFO  pipeline.SCMPipelineManager (SCMPipelineManager.java:finalizeAndDestroyPipeline(315)) - destroying pipeline:Pipeline[ Id: fd89df33-106c-41ce-afa6-e4e123aa1e3a, Nodes: 7a09dfa5-1bb7-4af5-90e7-84a302ea596c{ip: 192.168.151.69, host: trunk-nightly-20190927-zr2qb-3451358976, networkLocation: /default-rack, certSerialId: null}, Type:RATIS, Factor:ONE, State:OPEN]
2019-09-27 06:05:51,763 [EventQueue-StaleNodeForStaleNodeHandler] INFO  pipeline.PipelineStateManager (PipelineStateManager.java:finalizePipeline(123)) - Pipeline Pipeline[ Id: fd89df33-106c-41ce-afa6-e4e123aa1e3a, Nodes: 7a09dfa5-1bb7-4af5-90e7-84a302ea596c{ip: 192.168.151.69, host: trunk-nightly-20190927-zr2qb-3451358976, networkLocation: /default-rack, certSerialId: null}, Type:RATIS, Factor:ONE, State:CLOSED] moved to CLOSED state
2019-09-27 06:05:52,044 [ForkJoinPool.commonPool-worker-1] INFO  ozoneimpl.OzoneContainer (OzoneContainer.java:stop(231)) - Attempting to stop container services.
2019-09-27 06:05:52,044 [main] INFO  ozoneimpl.OzoneContainer (OzoneContainer.java:stop(231)) - Attempting to stop container services.
2019-09-27 06:05:52,044 [ForkJoinPool.commonPool-worker-1] INFO  impl.RaftServerProxy (RaftServerProxy.java:lambda$close$4(314)) - 7a09dfa5-1bb7-4af5-90e7-84a302ea596c: close
2019-09-27 06:05:52,045 [main] INFO  impl.RaftServerProxy (RaftServerProxy.java:lambda$close$4(314)) - dd465717-aa2f-4ac7-b2c3-72db3883e0c6: close
2019-09-27 06:05:52,045 [ForkJoinPool.commonPool-worker-1] INFO  impl.RaftServerImpl (RaftServerImpl.java:lambda$shutdown$3(251)) - 7a09dfa5-1bb7-4af5-90e7-84a302ea596c@group-E4E123AA1E3A: shutdown
2019-09-27 06:05:52,045 [main] INFO  impl.RaftServerImpl (RaftServerImpl.java:lambda$shutdown$3(251)) - dd465717-aa2f-4ac7-b2c3-72db3883e0c6@group-3C6D80ADB072: shutdown
2019-09-27 06:05:52,046 [ForkJoinPool.commonPool-worker-1] INFO  util.JmxRegister (JmxRegister.java:unregister(73)) - Successfully un-registered JMX Bean with object name Ratis:service=RaftServer,group=group-E4E123AA1E3A,id=7a09dfa5-1bb7-4af5-90e7-84a302ea596c
2019-09-27 06:05:52,046 [main] INFO  util.JmxRegister (JmxRegister.java:unregister(73)) - Successfully un-registered JMX Bean with object name Ratis:service=RaftServer,group=group-3C6D80ADB072,id=dd465717-aa2f-4ac7-b2c3-72db3883e0c6
2019-09-27 06:05:52,046 [ForkJoinPool.commonPool-worker-1] INFO  impl.RoleInfo (RoleInfo.java:shutdownLeaderState(104)) - 7a09dfa5-1bb7-4af5-90e7-84a302ea596c: shutdown LeaderState
2019-09-27 06:05:52,047 [main] INFO  impl.RoleInfo (RoleInfo.java:shutdownLeaderState(104)) - dd465717-aa2f-4ac7-b2c3-72db3883e0c6: shutdown LeaderState
2019-09-27 06:05:52,047 [ForkJoinPool.commonPool-worker-1] INFO  impl.PendingRequests (PendingRequests.java:sendNotLeaderResponses(202)) - 7a09dfa5-1bb7-4af5-90e7-84a302ea596c-PendingRequests: sendNotLeaderResponses
2019-09-27 06:05:52,048 [main] INFO  impl.PendingRequests (PendingRequests.java:sendNotLeaderResponses(202)) - dd465717-aa2f-4ac7-b2c3-72db3883e0c6-PendingRequests: sendNotLeaderResponses
2019-09-27 06:05:52,048 [ForkJoinPool.commonPool-worker-1] INFO  impl.StateMachineUpdater (StateMachineUpdater.java:stopAndJoin(125)) - 7a09dfa5-1bb7-4af5-90e7-84a302ea596c@group-E4E123AA1E3A-StateMachineUpdater: set stopIndex = 0
2019-09-27 06:05:52,048 [main] INFO  impl.StateMachineUpdater (StateMachineUpdater.java:stopAndJoin(125)) - dd465717-aa2f-4ac7-b2c3-72db3883e0c6@group-3C6D80ADB072-StateMachineUpdater: set stopIndex = 0
2019-09-27 06:05:52,049 [main] INFO  impl.RaftServerImpl (ServerState.java:close(385)) - dd465717-aa2f-4ac7-b2c3-72db3883e0c6@group-3C6D80ADB072: closes. applyIndex: 0
2019-09-27 06:05:52,048 [ForkJoinPool.commonPool-worker-1] INFO  impl.RaftServerImpl (ServerState.java:close(385)) - 7a09dfa5-1bb7-4af5-90e7-84a302ea596c@group-E4E123AA1E3A: closes. applyIndex: 0
2019-09-27 06:05:52,050 [dd465717-aa2f-4ac7-b2c3-72db3883e0c6@group-3C6D80ADB072-SegmentedRaftLogWorker] INFO  segmented.SegmentedRaftLogWorker (SegmentedRaftLogWorker.java:run(313)) - dd465717-aa2f-4ac7-b2c3-72db3883e0c6@group-3C6D80ADB072-SegmentedRaftLogWorker was interrupted, exiting. There are 0 tasks remaining in the queue.
2019-09-27 06:05:52,050 [7a09dfa5-1bb7-4af5-90e7-84a302ea596c@group-E4E123AA1E3A-SegmentedRaftLogWorker] INFO  segmented.SegmentedRaftLogWorker (SegmentedRaftLogWorker.java:run(313)) - 7a09dfa5-1bb7-4af5-90e7-84a302ea596c@group-E4E123AA1E3A-SegmentedRaftLogWorker was interrupted, exiting. There are 0 tasks remaining in the queue.
2019-09-27 06:05:52,053 [main] INFO  segmented.SegmentedRaftLogWorker (SegmentedRaftLogWorker.java:close(228)) - dd465717-aa2f-4ac7-b2c3-72db3883e0c6@group-3C6D80ADB072-SegmentedRaftLogWorker close()
2019-09-27 06:05:52,053 [ForkJoinPool.commonPool-worker-1] INFO  segmented.SegmentedRaftLogWorker (SegmentedRaftLogWorker.java:close(228)) - 7a09dfa5-1bb7-4af5-90e7-84a302ea596c@group-E4E123AA1E3A-SegmentedRaftLogWorker close()
2019-09-27 06:05:52,056 [main] INFO  impl.RaftServerImpl (RaftServerImpl.java:lambda$shutdown$3(251)) - dd465717-aa2f-4ac7-b2c3-72db3883e0c6@group-07E5B02BBD89: shutdown
2019-09-27 06:05:52,059 [ForkJoinPool.commonPool-worker-1] INFO  server.GrpcService (GrpcService.java:closeImpl(164)) - 7a09dfa5-1bb7-4af5-90e7-84a302ea596c: shutdown server with port 37216 now
2019-09-27 06:05:52,060 [main] INFO  util.JmxRegister (JmxRegister.java:unregister(73)) - Successfully un-registered JMX Bean with object name Ratis:service=RaftServer,group=group-07E5B02BBD89,id=dd465717-aa2f-4ac7-b2c3-72db3883e0c6
2019-09-27 06:05:52,062 [ForkJoinPool.commonPool-worker-1] INFO  server.GrpcService (GrpcService.java:closeImpl(172)) - 7a09dfa5-1bb7-4af5-90e7-84a302ea596c: shutdown server with port 37216 successfully
2019-09-27 06:05:52,062 [main] INFO  impl.RoleInfo (RoleInfo.java:shutdownFollowerState(121)) - dd465717-aa2f-4ac7-b2c3-72db3883e0c6: shutdown FollowerState
2019-09-27 06:05:52,063 [Thread-4031] INFO  impl.FollowerState (FollowerState.java:run(115)) - dd465717-aa2f-4ac7-b2c3-72db3883e0c6: FollowerState was interrupted: java.lang.InterruptedException: sleep interrupted
2019-09-27 06:05:52,063 [main] INFO  impl.StateMachineUpdater (StateMachineUpdater.java:stopAndJoin(125)) - dd465717-aa2f-4ac7-b2c3-72db3883e0c6@group-07E5B02BBD89-StateMachineUpdater: set stopIndex = 14
2019-09-27 06:05:52,063 [dd465717-aa2f-4ac7-b2c3-72db3883e0c6@group-07E5B02BBD89-StateMachineUpdater] INFO  ratis.ContainerStateMachine (ContainerStateMachine.java:takeSnapshot(289)) - group-07E5B02BBD89: Taking a snapshot at:(t:2, i:14) file /workdir/hadoop-ozone/integration-test/target/test-dir/MiniOzoneClusterImpl-4525ab81-30b7-4168-a37a-5e85eef55cd7/datanode-4/data/ratis/da864cb0-f558-4efa-ac24-07e5b02bbd89/sm/snapshot.2_14
2019-09-27 06:05:52,066 [refreshUsed-/workdir/hadoop-ozone/integration-test/target/test-dir/MiniOzoneClusterImpl-4525ab81-30b7-4168-a37a-5e85eef55cd7/datanode-1/data/containers] WARN  fs.CachingGetSpaceUsed (CachingGetSpaceUsed.java:run(183)) - Thread Interrupted waiting to refresh disk information: sleep interrupted
2019-09-27 06:05:52,078 [dd465717-aa2f-4ac7-b2c3-72db3883e0c6@group-07E5B02BBD89-StateMachineUpdater] INFO  ratis.ContainerStateMachine (ContainerStateMachine.java:takeSnapshot(300)) - group-07E5B02BBD89: Finished taking a snapshot at:(t:2, i:14) file:/workdir/hadoop-ozone/integration-test/target/test-dir/MiniOzoneClusterImpl-4525ab81-30b7-4168-a37a-5e85eef55cd7/datanode-4/data/ratis/da864cb0-f558-4efa-ac24-07e5b02bbd89/sm/snapshot.2_14 time:14
2019-09-27 06:05:52,078 [ForkJoinPool.commonPool-worker-1] INFO  utils.BackgroundService (BackgroundService.java:shutdown(148)) - Shutting down service BlockDeletingService
2019-09-27 06:05:52,078 [dd465717-aa2f-4ac7-b2c3-72db3883e0c6@group-07E5B02BBD89-StateMachineUpdater] INFO  impl.StateMachineUpdater (StateMachineUpdater.java:takeSnapshot(258)) - dd465717-aa2f-4ac7-b2c3-72db3883e0c6@group-07E5B02BBD89-StateMachineUpdater: Took a snapshot at index 14
2019-09-27 06:05:52,078 [dd465717-aa2f-4ac7-b2c3-72db3883e0c6@group-07E5B02BBD89-StateMachineUpdater] INFO  impl.StateMachineUpdater (StateMachineUpdater.java:lambda$new$0(83)) - dd465717-aa2f-4ac7-b2c3-72db3883e0c6@group-07E5B02BBD89-StateMachineUpdater: snapshotIndex: updateIncreasingly -1 -> 14
2019-09-27 06:05:52,083 [main] INFO  impl.RaftServerImpl (ServerState.java:close(385)) - dd465717-aa2f-4ac7-b2c3-72db3883e0c6@group-07E5B02BBD89: closes. applyIndex: 14
2019-09-27 06:05:52,085 [ForkJoinPool.commonPool-worker-1] INFO  statemachine.DatanodeStateMachine (DatanodeStateMachine.java:stopDaemon(395)) - Ozone container server stopped.
2019-09-27 06:05:52,088 [dd465717-aa2f-4ac7-b2c3-72db3883e0c6@group-07E5B02BBD89-SegmentedRaftLogWorker] INFO  segmented.SegmentedRaftLogWorker (SegmentedRaftLogWorker.java:run(313)) - dd465717-aa2f-4ac7-b2c3-72db3883e0c6@group-07E5B02BBD89-SegmentedRaftLogWorker was interrupted, exiting. There are 0 tasks remaining in the queue.
2019-09-27 06:05:52,090 [ForkJoinPool.commonPool-worker-1] INFO  handler.ContextHandler (ContextHandler.java:doStop(910)) - Stopped o.e.j.w.WebAppContext@4228f269{/,null,UNAVAILABLE}{/hddsDatanode}
2019-09-27 06:05:52,092 [main] INFO  segmented.SegmentedRaftLogWorker (SegmentedRaftLogWorker.java:close(228)) - dd465717-aa2f-4ac7-b2c3-72db3883e0c6@group-07E5B02BBD89-SegmentedRaftLogWorker close()
2019-09-27 06:05:52,095 [main] INFO  server.GrpcService (GrpcService.java:closeImpl(164)) - dd465717-aa2f-4ac7-b2c3-72db3883e0c6: shutdown server with port 46430 now
2019-09-27 06:05:52,095 [ForkJoinPool.commonPool-worker-1] INFO  server.AbstractConnector (AbstractConnector.java:doStop(318)) - Stopped ServerConnector@376b5cb2{HTTP/1.1,[http/1.1]}{0.0.0.0:0}
2019-09-27 06:05:52,098 [ForkJoinPool.commonPool-worker-1] INFO  handler.ContextHandler (ContextHandler.java:doStop(910)) - Stopped o.e.j.s.ServletContextHandler@52ca0ad4{/static,jar:file:/home/user/.m2/repository/org/apache/hadoop/hadoop-hdds-container-service/0.5.0-SNAPSHOT/hadoop-hdds-container-service-0.5.0-SNAPSHOT.jar!/webapps/static,UNAVAILABLE}
2019-09-27 06:05:52,101 [ForkJoinPool.commonPool-worker-1] INFO  handler.ContextHandler (ContextHandler.java:doStop(910)) - Stopped o.e.j.s.ServletContextHandler@6598caab{/logs,file:///workdir/hadoop-ozone/integration-test/target/log,UNAVAILABLE}
2019-09-27 06:05:52,102 [main] INFO  server.GrpcService (GrpcService.java:closeImpl(172)) - dd465717-aa2f-4ac7-b2c3-72db3883e0c6: shutdown server with port 46430 successfully
2019-09-27 06:05:52,102 [grpc-default-executor-1] WARN  server.GrpcLogAppender (LogUtils.java:warn(134)) - 61b2d74a-3e9c-4f9f-9790-faf82506f10f@group-07E5B02BBD89->dd465717-aa2f-4ac7-b2c3-72db3883e0c6-AppendLogResponseHandler: Failed appendEntries: org.apache.ratis.thirdparty.io.grpc.StatusRuntimeException: CANCELLED: HTTP/2 error code: CANCEL
Received Rst Stream
2019-09-27 06:05:52,102 [grpc-default-executor-3] WARN  server.GrpcServerProtocolService (LogUtils.java:warn(134)) - dd465717-aa2f-4ac7-b2c3-72db3883e0c6: installSnapshot onError, lastRequest: 61b2d74a-3e9c-4f9f-9790-faf82506f10f->dd465717-aa2f-4ac7-b2c3-72db3883e0c6#17-t2, previous=(t:2, i:14), leaderCommit=14, initializing? false, entries: <empty>: org.apache.ratis.thirdparty.io.grpc.StatusRuntimeException: CANCELLED: cancelled before receiving half close
2019-09-27 06:05:52,103 [grpc-default-executor-1] INFO  impl.FollowerInfo (FollowerInfo.java:lambda$new$0(51)) - 61b2d74a-3e9c-4f9f-9790-faf82506f10f@group-07E5B02BBD89->dd465717-aa2f-4ac7-b2c3-72db3883e0c6: nextIndex: updateUnconditionally 15 -> 14
2019-09-27 06:05:52,104 [refreshUsed-/workdir/hadoop-ozone/integration-test/target/test-dir/MiniOzoneClusterImpl-4525ab81-30b7-4168-a37a-5e85eef55cd7/datanode-4/data/containers] WARN  fs.CachingGetSpaceUsed (CachingGetSpaceUsed.java:run(183)) - Thread Interrupted waiting to refresh disk information: sleep interrupted
2019-09-27 06:05:52,120 [main] INFO  utils.BackgroundService (BackgroundService.java:shutdown(148)) - Shutting down service BlockDeletingService
2019-09-27 06:05:52,128 [main] INFO  statemachine.DatanodeStateMachine (DatanodeStateMachine.java:stopDaemon(395)) - Ozone container server stopped.
2019-09-27 06:05:52,129 [main] INFO  handler.ContextHandler (ContextHandler.java:doStop(910)) - Stopped o.e.j.w.WebAppContext@15d65fcf{/,null,UNAVAILABLE}{/hddsDatanode}
2019-09-27 06:05:52,130 [main] INFO  server.AbstractConnector (AbstractConnector.java:doStop(318)) - Stopped ServerConnector@3b021664{HTTP/1.1,[http/1.1]}{0.0.0.0:0}
2019-09-27 06:05:52,130 [main] INFO  handler.ContextHandler (ContextHandler.java:doStop(910)) - Stopped o.e.j.s.ServletContextHandler@69ba3f4e{/static,jar:file:/home/user/.m2/repository/org/apache/hadoop/hadoop-hdds-container-service/0.5.0-SNAPSHOT/hadoop-hdds-container-service-0.5.0-SNAPSHOT.jar!/webapps/static,UNAVAILABLE}
2019-09-27 06:05:52,131 [main] INFO  handler.ContextHandler (ContextHandler.java:doStop(910)) - Stopped o.e.j.s.ServletContextHandler@6ea66c33{/logs,file:///workdir/hadoop-ozone/integration-test/target/log,UNAVAILABLE}
2019-09-27 06:05:52,186 [grpc-default-executor-7] WARN  server.GrpcLogAppender (LogUtils.java:warn(134)) - 61b2d74a-3e9c-4f9f-9790-faf82506f10f@group-07E5B02BBD89->dd465717-aa2f-4ac7-b2c3-72db3883e0c6-AppendLogResponseHandler: Failed appendEntries: org.apache.ratis.thirdparty.io.grpc.StatusRuntimeException: UNAVAILABLE: io exception
2019-09-27 06:05:52,187 [grpc-default-executor-7] INFO  impl.FollowerInfo (FollowerInfo.java:lambda$new$0(51)) - 61b2d74a-3e9c-4f9f-9790-faf82506f10f@group-07E5B02BBD89->dd465717-aa2f-4ac7-b2c3-72db3883e0c6: nextIndex: updateUnconditionally 14 -> 13
2019-09-27 06:05:52,863 [Datanode State Machine Thread - 0] INFO  statemachine.DatanodeStateMachine (DatanodeStateMachine.java:lambda$startDaemon$0(350)) - Ozone container server started.
2019-09-27 06:05:52,863 [Datanode State Machine Thread - 0] INFO  statemachine.DatanodeStateMachine (DatanodeStateMachine.java:lambda$startDaemon$0(350)) - Ozone container server started.
2019-09-27 06:05:53,507 [grpc-default-executor-7] WARN  server.GrpcLogAppender (LogUtils.java:warn(134)) - 61b2d74a-3e9c-4f9f-9790-faf82506f10f@group-07E5B02BBD89->dd465717-aa2f-4ac7-b2c3-72db3883e0c6-AppendLogResponseHandler: Failed appendEntries: org.apache.ratis.thirdparty.io.grpc.StatusRuntimeException: UNAVAILABLE: io exception
2019-09-27 06:05:53,508 [grpc-default-executor-7] INFO  impl.FollowerInfo (FollowerInfo.java:lambda$new$0(51)) - 61b2d74a-3e9c-4f9f-9790-faf82506f10f@group-07E5B02BBD89->dd465717-aa2f-4ac7-b2c3-72db3883e0c6: nextIndex: updateUnconditionally 14 -> 13
2019-09-27 06:05:53,519 [grpc-default-executor-3] WARN  server.GrpcLogAppender (LogUtils.java:warn(134)) - 61b2d74a-3e9c-4f9f-9790-faf82506f10f@group-07E5B02BBD89->dd465717-aa2f-4ac7-b2c3-72db3883e0c6-AppendLogResponseHandler: Failed appendEntries: org.apache.ratis.thirdparty.io.grpc.StatusRuntimeException: UNAVAILABLE: io exception
2019-09-27 06:05:53,520 [grpc-default-executor-3] INFO  impl.FollowerInfo (FollowerInfo.java:lambda$new$0(51)) - 61b2d74a-3e9c-4f9f-9790-faf82506f10f@group-07E5B02BBD89->dd465717-aa2f-4ac7-b2c3-72db3883e0c6: nextIndex: updateUnconditionally 14 -> 13
2019-09-27 06:05:53,534 [grpc-default-executor-7] WARN  server.GrpcLogAppender (LogUtils.java:warn(134)) - 61b2d74a-3e9c-4f9f-9790-faf82506f10f@group-07E5B02BBD89->dd465717-aa2f-4ac7-b2c3-72db3883e0c6-AppendLogResponseHandler: Failed appendEntries: org.apache.ratis.thirdparty.io.grpc.StatusRuntimeException: UNAVAILABLE: io exception
2019-09-27 06:05:53,534 [grpc-default-executor-7] INFO  impl.FollowerInfo (FollowerInfo.java:lambda$new$0(51)) - 61b2d74a-3e9c-4f9f-9790-faf82506f10f@group-07E5B02BBD89->dd465717-aa2f-4ac7-b2c3-72db3883e0c6: nextIndex: updateUnconditionally 14 -> 13
2019-09-27 06:05:53,555 [RatisApplyTransactionExecutor 1] INFO  interfaces.Container (KeyValueContainer.java:flushAndSyncDB(386)) - Container 1 is synced with bcsId 12.
2019-09-27 06:05:53,555 [RatisApplyTransactionExecutor 1] INFO  interfaces.Container (KeyValueContainer.java:flushAndSyncDB(386)) - Container 1 is synced with bcsId 12.
2019-09-27 06:05:53,556 [RatisApplyTransactionExecutor 1] INFO  interfaces.Container (KeyValueContainer.java:flushAndSyncDB(386)) - Container 1 is synced with bcsId 12.
2019-09-27 06:05:53,556 [RatisApplyTransactionExecutor 1] INFO  interfaces.Container (KeyValueContainer.java:flushAndSyncDB(386)) - Container 1 is synced with bcsId 12.
2019-09-27 06:05:53,570 [RatisApplyTransactionExecutor 1] INFO  interfaces.Container (KeyValueContainer.java:close(335)) - Container 1 is closed with bcsId 12.
2019-09-27 06:05:53,570 [RatisApplyTransactionExecutor 1] INFO  interfaces.Container (KeyValueContainer.java:close(335)) - Container 1 is closed with bcsId 12.
2019-09-27 06:05:53,571 [EventQueue-IncrementalContainerReportForIncrementalContainerReportHandler] INFO  container.IncrementalContainerReportHandler (AbstractContainerReportHandler.java:updateContainerState(176)) - Moving container #1 to CLOSED state, datanode 61b2d74a-3e9c-4f9f-9790-faf82506f10f{ip: 192.168.151.69, host: trunk-nightly-20190927-zr2qb-3451358976, networkLocation: /default-rack, certSerialId: null} reported CLOSED replica.
2019-09-27 06:05:56,035 [grpc-default-executor-7] WARN  server.GrpcLogAppender (LogUtils.java:warn(134)) - 61b2d74a-3e9c-4f9f-9790-faf82506f10f@group-07E5B02BBD89->dd465717-aa2f-4ac7-b2c3-72db3883e0c6-AppendLogResponseHandler: Failed appendEntries: org.apache.ratis.thirdparty.io.grpc.StatusRuntimeException: UNAVAILABLE: io exception
2019-09-27 06:05:56,035 [grpc-default-executor-7] INFO  impl.FollowerInfo (FollowerInfo.java:lambda$new$0(51)) - 61b2d74a-3e9c-4f9f-9790-faf82506f10f@group-07E5B02BBD89->dd465717-aa2f-4ac7-b2c3-72db3883e0c6: nextIndex: updateUnconditionally 13 -> 12
2019-09-27 06:05:56,865 [EventQueue-StaleNodeForStaleNodeHandler] INFO  node.StaleNodeHandler (StaleNodeHandler.java:onMessage(58)) - Datanode 6d6ef3a3-db64-42fb-a25e-fae4e6d7296a{ip: 192.168.151.69, host: trunk-nightly-20190927-zr2qb-3451358976, networkLocation: /default-rack, certSerialId: null} moved to stale state. Finalizing its pipelines [PipelineID=1f689dd5-1d3f-42b3-b9e1-88562cd1f915, PipelineID=b18f2471-0da6-4882-a5c7-8abc738d3661]
2019-09-27 06:05:56,866 [EventQueue-StaleNodeForStaleNodeHandler] INFO  pipeline.SCMPipelineManager (SCMPipelineManager.java:finalizeAndDestroyPipeline(315)) - destroying pipeline:Pipeline[ Id: 1f689dd5-1d3f-42b3-b9e1-88562cd1f915, Nodes: 6d6ef3a3-db64-42fb-a25e-fae4e6d7296a{ip: 192.168.151.69, host: trunk-nightly-20190927-zr2qb-3451358976, networkLocation: /default-rack, certSerialId: null}, Type:RATIS, Factor:ONE, State:OPEN]
2019-09-27 06:05:56,866 [EventQueue-StaleNodeForStaleNodeHandler] INFO  pipeline.PipelineStateManager (PipelineStateManager.java:finalizePipeline(123)) - Pipeline Pipeline[ Id: 1f689dd5-1d3f-42b3-b9e1-88562cd1f915, Nodes: 6d6ef3a3-db64-42fb-a25e-fae4e6d7296a{ip: 192.168.151.69, host: trunk-nightly-20190927-zr2qb-3451358976, networkLocation: /default-rack, certSerialId: null}, Type:RATIS, Factor:ONE, State:CLOSED] moved to CLOSED state
2019-09-27 06:05:56,866 [EventQueue-StaleNodeForStaleNodeHandler] INFO  pipeline.SCMPipelineManager (SCMPipelineManager.java:finalizeAndDestroyPipeline(315)) - destroying pipeline:Pipeline[ Id: b18f2471-0da6-4882-a5c7-8abc738d3661, Nodes: 6d6ef3a3-db64-42fb-a25e-fae4e6d7296a{ip: 192.168.151.69, host: trunk-nightly-20190927-zr2qb-3451358976, networkLocation: /default-rack, certSerialId: null}a2460cbf-d92d-40d7-8f4b-4fedf6506083{ip: 192.168.151.69, host: trunk-nightly-20190927-zr2qb-3451358976, networkLocation: /default-rack, certSerialId: null}0f7d47af-aea5-43f8-93d1-7d0eb4472ed1{ip: 192.168.151.69, host: trunk-nightly-20190927-zr2qb-3451358976, networkLocation: /default-rack, certSerialId: null}, Type:RATIS, Factor:THREE, State:OPEN]
2019-09-27 06:05:56,866 [EventQueue-StaleNodeForStaleNodeHandler] INFO  pipeline.PipelineStateManager (PipelineStateManager.java:finalizePipeline(123)) - Pipeline Pipeline[ Id: b18f2471-0da6-4882-a5c7-8abc738d3661, Nodes: 6d6ef3a3-db64-42fb-a25e-fae4e6d7296a{ip: 192.168.151.69, host: trunk-nightly-20190927-zr2qb-3451358976, networkLocation: /default-rack, certSerialId: null}a2460cbf-d92d-40d7-8f4b-4fedf6506083{ip: 192.168.151.69, host: trunk-nightly-20190927-zr2qb-3451358976, networkLocation: /default-rack, certSerialId: null}0f7d47af-aea5-43f8-93d1-7d0eb4472ed1{ip: 192.168.151.69, host: trunk-nightly-20190927-zr2qb-3451358976, networkLocation: /default-rack, certSerialId: null}, Type:RATIS, Factor:THREE, State:CLOSED] moved to CLOSED state
2019-09-27 06:05:56,867 [EventQueue-CloseContainerForCloseContainerEventHandler] INFO  container.CloseContainerEventHandler (CloseContainerEventHandler.java:onMessage(61)) - Close container Event triggered for container : #2
2019-09-27 06:05:56,869 [EventQueue-StaleNodeForStaleNodeHandler] INFO  node.StaleNodeHandler (StaleNodeHandler.java:onMessage(58)) - Datanode 0f7d47af-aea5-43f8-93d1-7d0eb4472ed1{ip: 192.168.151.69, host: trunk-nightly-20190927-zr2qb-3451358976, networkLocation: /default-rack, certSerialId: null} moved to stale state. Finalizing its pipelines [PipelineID=11284207-7664-4ba8-a8d2-1f283ec47bac, PipelineID=b18f2471-0da6-4882-a5c7-8abc738d3661]
2019-09-27 06:05:56,871 [EventQueue-StaleNodeForStaleNodeHandler] INFO  pipeline.SCMPipelineManager (SCMPipelineManager.java:finalizeAndDestroyPipeline(315)) - destroying pipeline:Pipeline[ Id: 11284207-7664-4ba8-a8d2-1f283ec47bac, Nodes: 0f7d47af-aea5-43f8-93d1-7d0eb4472ed1{ip: 192.168.151.69, host: trunk-nightly-20190927-zr2qb-3451358976, networkLocation: /default-rack, certSerialId: null}, Type:RATIS, Factor:ONE, State:OPEN]
2019-09-27 06:05:56,871 [EventQueue-StaleNodeForStaleNodeHandler] INFO  pipeline.PipelineStateManager (PipelineStateManager.java:finalizePipeline(123)) - Pipeline Pipeline[ Id: 11284207-7664-4ba8-a8d2-1f283ec47bac, Nodes: 0f7d47af-aea5-43f8-93d1-7d0eb4472ed1{ip: 192.168.151.69, host: trunk-nightly-20190927-zr2qb-3451358976, networkLocation: /default-rack, certSerialId: null}, Type:RATIS, Factor:ONE, State:CLOSED] moved to CLOSED state
2019-09-27 06:05:56,871 [EventQueue-StaleNodeForStaleNodeHandler] INFO  pipeline.SCMPipelineManager (SCMPipelineManager.java:finalizeAndDestroyPipeline(315)) - destroying pipeline:Pipeline[ Id: b18f2471-0da6-4882-a5c7-8abc738d3661, Nodes: 6d6ef3a3-db64-42fb-a25e-fae4e6d7296a{ip: 192.168.151.69, host: trunk-nightly-20190927-zr2qb-3451358976, networkLocation: /default-rack, certSerialId: null}a2460cbf-d92d-40d7-8f4b-4fedf6506083{ip: 192.168.151.69, host: trunk-nightly-20190927-zr2qb-3451358976, networkLocation: /default-rack, certSerialId: null}0f7d47af-aea5-43f8-93d1-7d0eb4472ed1{ip: 192.168.151.69, host: trunk-nightly-20190927-zr2qb-3451358976, networkLocation: /default-rack, certSerialId: null}, Type:RATIS, Factor:THREE, State:CLOSED]
2019-09-27 06:05:57,103 [ForkJoinPool.commonPool-worker-1] INFO  ozoneimpl.OzoneContainer (OzoneContainer.java:stop(231)) - Attempting to stop container services.
2019-09-27 06:05:57,103 [ForkJoinPool.commonPool-worker-1] INFO  impl.RaftServerProxy (RaftServerProxy.java:lambda$close$4(314)) - 6d6ef3a3-db64-42fb-a25e-fae4e6d7296a: close
2019-09-27 06:05:57,104 [ForkJoinPool.commonPool-worker-1] INFO  impl.RaftServerImpl (RaftServerImpl.java:lambda$shutdown$3(251)) - 6d6ef3a3-db64-42fb-a25e-fae4e6d7296a@group-88562CD1F915: shutdown
2019-09-27 06:05:57,104 [ForkJoinPool.commonPool-worker-1] INFO  util.JmxRegister (JmxRegister.java:unregister(73)) - Successfully un-registered JMX Bean with object name Ratis:service=RaftServer,group=group-88562CD1F915,id=6d6ef3a3-db64-42fb-a25e-fae4e6d7296a
2019-09-27 06:05:57,104 [ForkJoinPool.commonPool-worker-1] INFO  impl.RoleInfo (RoleInfo.java:shutdownLeaderState(104)) - 6d6ef3a3-db64-42fb-a25e-fae4e6d7296a: shutdown LeaderState
2019-09-27 06:05:57,104 [ForkJoinPool.commonPool-worker-1] INFO  impl.PendingRequests (PendingRequests.java:sendNotLeaderResponses(202)) - 6d6ef3a3-db64-42fb-a25e-fae4e6d7296a-PendingRequests: sendNotLeaderResponses
2019-09-27 06:05:57,105 [ForkJoinPool.commonPool-worker-1] INFO  impl.StateMachineUpdater (StateMachineUpdater.java:stopAndJoin(125)) - 6d6ef3a3-db64-42fb-a25e-fae4e6d7296a@group-88562CD1F915-StateMachineUpdater: set stopIndex = 0
2019-09-27 06:05:57,105 [ForkJoinPool.commonPool-worker-1] INFO  impl.RaftServerImpl (ServerState.java:close(385)) - 6d6ef3a3-db64-42fb-a25e-fae4e6d7296a@group-88562CD1F915: closes. applyIndex: 0
2019-09-27 06:05:57,105 [6d6ef3a3-db64-42fb-a25e-fae4e6d7296a@group-88562CD1F915-SegmentedRaftLogWorker] INFO  segmented.SegmentedRaftLogWorker (SegmentedRaftLogWorker.java:run(313)) - 6d6ef3a3-db64-42fb-a25e-fae4e6d7296a@group-88562CD1F915-SegmentedRaftLogWorker was interrupted, exiting. There are 0 tasks remaining in the queue.
2019-09-27 06:05:57,111 [ForkJoinPool.commonPool-worker-1] INFO  segmented.SegmentedRaftLogWorker (SegmentedRaftLogWorker.java:close(228)) - 6d6ef3a3-db64-42fb-a25e-fae4e6d7296a@group-88562CD1F915-SegmentedRaftLogWorker close()
2019-09-27 06:05:57,114 [ForkJoinPool.commonPool-worker-1] INFO  impl.RaftServerImpl (RaftServerImpl.java:lambda$shutdown$3(251)) - 6d6ef3a3-db64-42fb-a25e-fae4e6d7296a@group-8ABC738D3661: shutdown
2019-09-27 06:05:57,114 [ForkJoinPool.commonPool-worker-1] INFO  util.JmxRegister (JmxRegister.java:unregister(73)) - Successfully un-registered JMX Bean with object name Ratis:service=RaftServer,group=group-8ABC738D3661,id=6d6ef3a3-db64-42fb-a25e-fae4e6d7296a
2019-09-27 06:05:57,114 [ForkJoinPool.commonPool-worker-1] INFO  impl.RoleInfo (RoleInfo.java:shutdownLeaderState(104)) - 6d6ef3a3-db64-42fb-a25e-fae4e6d7296a: shutdown LeaderState
2019-09-27 06:05:57,117 [ForkJoinPool.commonPool-worker-1] INFO  impl.PendingRequests (PendingRequests.java:sendNotLeaderResponses(202)) - 6d6ef3a3-db64-42fb-a25e-fae4e6d7296a-PendingRequests: sendNotLeaderResponses
2019-09-27 06:05:57,117 [org.apache.ratis.server.impl.LogAppender$AppenderDaemon$$Lambda$503/1412001111@3e8a5ed7] WARN  server.GrpcLogAppender (GrpcLogAppender.java:mayWait(143)) - 6d6ef3a3-db64-42fb-a25e-fae4e6d7296a@group-8ABC738D3661->0f7d47af-aea5-43f8-93d1-7d0eb4472ed1-GrpcLogAppender: Wait interrupted by java.lang.InterruptedException
2019-09-27 06:05:57,120 [ForkJoinPool.commonPool-worker-1] INFO  impl.StateMachineUpdater (StateMachineUpdater.java:stopAndJoin(125)) - 6d6ef3a3-db64-42fb-a25e-fae4e6d7296a@group-8ABC738D3661-StateMachineUpdater: set stopIndex = 4
2019-09-27 06:05:57,120 [org.apache.ratis.server.impl.LogAppender$AppenderDaemon$$Lambda$503/1412001111@5314d47e] WARN  server.GrpcLogAppender (GrpcLogAppender.java:mayWait(143)) - 6d6ef3a3-db64-42fb-a25e-fae4e6d7296a@group-8ABC738D3661->a2460cbf-d92d-40d7-8f4b-4fedf6506083-GrpcLogAppender: Wait interrupted by java.lang.InterruptedException
2019-09-27 06:05:57,120 [6d6ef3a3-db64-42fb-a25e-fae4e6d7296a@group-8ABC738D3661-StateMachineUpdater] INFO  ratis.ContainerStateMachine (ContainerStateMachine.java:takeSnapshot(289)) - group-8ABC738D3661: Taking a snapshot at:(t:2, i:4) file /workdir/hadoop-ozone/integration-test/target/test-dir/MiniOzoneClusterImpl-4525ab81-30b7-4168-a37a-5e85eef55cd7/datanode-2/data/ratis/b18f2471-0da6-4882-a5c7-8abc738d3661/sm/snapshot.2_4
2019-09-27 06:05:57,121 [grpc-default-executor-7] INFO  server.GrpcServerProtocolService (GrpcServerProtocolService.java:onCompleted(113)) - a2460cbf-d92d-40d7-8f4b-4fedf6506083: Completed APPEND_ENTRIES, lastRequest: 6d6ef3a3-db64-42fb-a25e-fae4e6d7296a->a2460cbf-d92d-40d7-8f4b-4fedf6506083#10-t2, previous=(t:2, i:4), leaderCommit=4, initializing? false, entries: <empty>
2019-09-27 06:05:57,121 [grpc-default-executor-1] INFO  server.GrpcServerProtocolService (GrpcServerProtocolService.java:onCompleted(113)) - 0f7d47af-aea5-43f8-93d1-7d0eb4472ed1: Completed APPEND_ENTRIES, lastRequest: 6d6ef3a3-db64-42fb-a25e-fae4e6d7296a->0f7d47af-aea5-43f8-93d1-7d0eb4472ed1#10-t2, previous=(t:2, i:4), leaderCommit=4, initializing? false, entries: <empty>
2019-09-27 06:05:57,122 [grpc-default-executor-1] INFO  server.GrpcLogAppender (GrpcLogAppender.java:onCompleted(293)) - 6d6ef3a3-db64-42fb-a25e-fae4e6d7296a@group-8ABC738D3661->a2460cbf-d92d-40d7-8f4b-4fedf6506083-AppendLogResponseHandler: follower responses appendEntries COMPLETED
2019-09-27 06:05:57,122 [grpc-default-executor-7] INFO  server.GrpcLogAppender (GrpcLogAppender.java:onCompleted(293)) - 6d6ef3a3-db64-42fb-a25e-fae4e6d7296a@group-8ABC738D3661->0f7d47af-aea5-43f8-93d1-7d0eb4472ed1-AppendLogResponseHandler: follower responses appendEntries COMPLETED
2019-09-27 06:05:57,122 [grpc-default-executor-1] INFO  impl.FollowerInfo (FollowerInfo.java:lambda$new$0(51)) - 6d6ef3a3-db64-42fb-a25e-fae4e6d7296a@group-8ABC738D3661->a2460cbf-d92d-40d7-8f4b-4fedf6506083: nextIndex: updateUnconditionally 5 -> 4
2019-09-27 06:05:57,122 [grpc-default-executor-7] INFO  impl.FollowerInfo (FollowerInfo.java:lambda$new$0(51)) - 6d6ef3a3-db64-42fb-a25e-fae4e6d7296a@group-8ABC738D3661->0f7d47af-aea5-43f8-93d1-7d0eb4472ed1: nextIndex: updateUnconditionally 5 -> 4
2019-09-27 06:05:57,132 [main] INFO  ozoneimpl.OzoneContainer (OzoneContainer.java:stop(231)) - Attempting to stop container services.
2019-09-27 06:05:57,133 [main] INFO  impl.RaftServerProxy (RaftServerProxy.java:lambda$close$4(314)) - 0f7d47af-aea5-43f8-93d1-7d0eb4472ed1: close
2019-09-27 06:05:57,133 [main] INFO  impl.RaftServerImpl (RaftServerImpl.java:lambda$shutdown$3(251)) - 0f7d47af-aea5-43f8-93d1-7d0eb4472ed1@group-1F283EC47BAC: shutdown
2019-09-27 06:05:57,133 [main] INFO  util.JmxRegister (JmxRegister.java:unregister(73)) - Successfully un-registered JMX Bean with object name Ratis:service=RaftServer,group=group-1F283EC47BAC,id=0f7d47af-aea5-43f8-93d1-7d0eb4472ed1
2019-09-27 06:05:57,134 [main] INFO  impl.RoleInfo (RoleInfo.java:shutdownLeaderState(104)) - 0f7d47af-aea5-43f8-93d1-7d0eb4472ed1: shutdown LeaderState
2019-09-27 06:05:57,134 [6d6ef3a3-db64-42fb-a25e-fae4e6d7296a@group-8ABC738D3661-StateMachineUpdater] INFO  ratis.ContainerStateMachine (ContainerStateMachine.java:takeSnapshot(300)) - group-8ABC738D3661: Finished taking a snapshot at:(t:2, i:4) file:/workdir/hadoop-ozone/integration-test/target/test-dir/MiniOzoneClusterImpl-4525ab81-30b7-4168-a37a-5e85eef55cd7/datanode-2/data/ratis/b18f2471-0da6-4882-a5c7-8abc738d3661/sm/snapshot.2_4 time:14
2019-09-27 06:05:57,134 [main] INFO  impl.PendingRequests (PendingRequests.java:sendNotLeaderResponses(202)) - 0f7d47af-aea5-43f8-93d1-7d0eb4472ed1-PendingRequests: sendNotLeaderResponses
2019-09-27 06:05:57,134 [6d6ef3a3-db64-42fb-a25e-fae4e6d7296a@group-8ABC738D3661-StateMachineUpdater] INFO  impl.StateMachineUpdater (StateMachineUpdater.java:takeSnapshot(258)) - 6d6ef3a3-db64-42fb-a25e-fae4e6d7296a@group-8ABC738D3661-StateMachineUpdater: Took a snapshot at index 4
2019-09-27 06:05:57,134 [main] INFO  impl.StateMachineUpdater (StateMachineUpdater.java:stopAndJoin(125)) - 0f7d47af-aea5-43f8-93d1-7d0eb4472ed1@group-1F283EC47BAC-StateMachineUpdater: set stopIndex = 0
2019-09-27 06:05:57,134 [6d6ef3a3-db64-42fb-a25e-fae4e6d7296a@group-8ABC738D3661-StateMachineUpdater] INFO  impl.StateMachineUpdater (StateMachineUpdater.java:lambda$new$0(83)) - 6d6ef3a3-db64-42fb-a25e-fae4e6d7296a@group-8ABC738D3661-StateMachineUpdater: snapshotIndex: updateIncreasingly -1 -> 4
2019-09-27 06:05:57,135 [main] INFO  impl.RaftServerImpl (ServerState.java:close(385)) - 0f7d47af-aea5-43f8-93d1-7d0eb4472ed1@group-1F283EC47BAC: closes. applyIndex: 0
2019-09-27 06:05:57,135 [ForkJoinPool.commonPool-worker-1] INFO  impl.RaftServerImpl (ServerState.java:close(385)) - 6d6ef3a3-db64-42fb-a25e-fae4e6d7296a@group-8ABC738D3661: closes. applyIndex: 4
2019-09-27 06:05:57,135 [0f7d47af-aea5-43f8-93d1-7d0eb4472ed1@group-1F283EC47BAC-SegmentedRaftLogWorker] INFO  segmented.SegmentedRaftLogWorker (SegmentedRaftLogWorker.java:run(313)) - 0f7d47af-aea5-43f8-93d1-7d0eb4472ed1@group-1F283EC47BAC-SegmentedRaftLogWorker was interrupted, exiting. There are 0 tasks remaining in the queue.
2019-09-27 06:05:57,135 [6d6ef3a3-db64-42fb-a25e-fae4e6d7296a@group-8ABC738D3661-SegmentedRaftLogWorker] INFO  segmented.SegmentedRaftLogWorker (SegmentedRaftLogWorker.java:run(313)) - 6d6ef3a3-db64-42fb-a25e-fae4e6d7296a@group-8ABC738D3661-SegmentedRaftLogWorker was interrupted, exiting. There are 0 tasks remaining in the queue.
2019-09-27 06:05:57,137 [main] INFO  segmented.SegmentedRaftLogWorker (SegmentedRaftLogWorker.java:close(228)) - 0f7d47af-aea5-43f8-93d1-7d0eb4472ed1@group-1F283EC47BAC-SegmentedRaftLogWorker close()
2019-09-27 06:05:57,139 [ForkJoinPool.commonPool-worker-1] INFO  segmented.SegmentedRaftLogWorker (SegmentedRaftLogWorker.java:close(228)) - 6d6ef3a3-db64-42fb-a25e-fae4e6d7296a@group-8ABC738D3661-SegmentedRaftLogWorker close()
2019-09-27 06:05:57,142 [main] INFO  impl.RaftServerImpl (RaftServerImpl.java:lambda$shutdown$3(251)) - 0f7d47af-aea5-43f8-93d1-7d0eb4472ed1@group-8ABC738D3661: shutdown
2019-09-27 06:05:57,145 [ForkJoinPool.commonPool-worker-1] INFO  server.GrpcService (GrpcService.java:closeImpl(164)) - 6d6ef3a3-db64-42fb-a25e-fae4e6d7296a: shutdown server with port 45410 now
2019-09-27 06:05:57,146 [main] INFO  util.JmxRegister (JmxRegister.java:unregister(73)) - Successfully un-registered JMX Bean with object name Ratis:service=RaftServer,group=group-8ABC738D3661,id=0f7d47af-aea5-43f8-93d1-7d0eb4472ed1
2019-09-27 06:05:57,146 [main] INFO  impl.RoleInfo (RoleInfo.java:shutdownFollowerState(121)) - 0f7d47af-aea5-43f8-93d1-7d0eb4472ed1: shutdown FollowerState
2019-09-27 06:05:57,147 [ForkJoinPool.commonPool-worker-1] INFO  server.GrpcService (GrpcService.java:closeImpl(172)) - 6d6ef3a3-db64-42fb-a25e-fae4e6d7296a: shutdown server with port 45410 successfully
2019-09-27 06:05:57,147 [Thread-4013] INFO  impl.FollowerState (FollowerState.java:run(115)) - 0f7d47af-aea5-43f8-93d1-7d0eb4472ed1: FollowerState was interrupted: java.lang.InterruptedException: sleep interrupted
2019-09-27 06:05:57,147 [main] INFO  impl.StateMachineUpdater (StateMachineUpdater.java:stopAndJoin(125)) - 0f7d47af-aea5-43f8-93d1-7d0eb4472ed1@group-8ABC738D3661-StateMachineUpdater: set stopIndex = 4
2019-09-27 06:05:57,147 [0f7d47af-aea5-43f8-93d1-7d0eb4472ed1@group-8ABC738D3661-StateMachineUpdater] INFO  ratis.ContainerStateMachine (ContainerStateMachine.java:takeSnapshot(289)) - group-8ABC738D3661: Taking a snapshot at:(t:2, i:3) file /workdir/hadoop-ozone/integration-test/target/test-dir/MiniOzoneClusterImpl-4525ab81-30b7-4168-a37a-5e85eef55cd7/datanode-3/data/ratis/b18f2471-0da6-4882-a5c7-8abc738d3661/sm/snapshot.2_3
2019-09-27 06:05:57,150 [refreshUsed-/workdir/hadoop-ozone/integration-test/target/test-dir/MiniOzoneClusterImpl-4525ab81-30b7-4168-a37a-5e85eef55cd7/datanode-2/data/containers] WARN  fs.CachingGetSpaceUsed (CachingGetSpaceUsed.java:run(183)) - Thread Interrupted waiting to refresh disk information: sleep interrupted
2019-09-27 06:05:57,170 [ForkJoinPool.commonPool-worker-1] INFO  utils.BackgroundService (BackgroundService.java:shutdown(148)) - Shutting down service BlockDeletingService
2019-09-27 06:05:57,174 [0f7d47af-aea5-43f8-93d1-7d0eb4472ed1@group-8ABC738D3661-StateMachineUpdater] INFO  ratis.ContainerStateMachine (ContainerStateMachine.java:takeSnapshot(300)) - group-8ABC738D3661: Finished taking a snapshot at:(t:2, i:3) file:/workdir/hadoop-ozone/integration-test/target/test-dir/MiniOzoneClusterImpl-4525ab81-30b7-4168-a37a-5e85eef55cd7/datanode-3/data/ratis/b18f2471-0da6-4882-a5c7-8abc738d3661/sm/snapshot.2_3 time:26
2019-09-27 06:05:57,175 [ForkJoinPool.commonPool-worker-1] INFO  statemachine.DatanodeStateMachine (DatanodeStateMachine.java:stopDaemon(395)) - Ozone container server stopped.
2019-09-27 06:05:57,175 [0f7d47af-aea5-43f8-93d1-7d0eb4472ed1@group-8ABC738D3661-StateMachineUpdater] INFO  impl.StateMachineUpdater (StateMachineUpdater.java:takeSnapshot(258)) - 0f7d47af-aea5-43f8-93d1-7d0eb4472ed1@group-8ABC738D3661-StateMachineUpdater: Took a snapshot at index 3
2019-09-27 06:05:57,178 [0f7d47af-aea5-43f8-93d1-7d0eb4472ed1@group-8ABC738D3661-StateMachineUpdater] INFO  impl.StateMachineUpdater (StateMachineUpdater.java:lambda$new$0(83)) - 0f7d47af-aea5-43f8-93d1-7d0eb4472ed1@group-8ABC738D3661-StateMachineUpdater: snapshotIndex: updateIncreasingly -1 -> 3
2019-09-27 06:05:57,180 [0f7d47af-aea5-43f8-93d1-7d0eb4472ed1@group-8ABC738D3661-StateMachineUpdater] INFO  ratis.ContainerStateMachine (ContainerStateMachine.java:takeSnapshot(289)) - group-8ABC738D3661: Taking a snapshot at:(t:2, i:3) file /workdir/hadoop-ozone/integration-test/target/test-dir/MiniOzoneClusterImpl-4525ab81-30b7-4168-a37a-5e85eef55cd7/datanode-3/data/ratis/b18f2471-0da6-4882-a5c7-8abc738d3661/sm/snapshot.2_3
2019-09-27 06:05:57,180 [ForkJoinPool.commonPool-worker-1] INFO  handler.ContextHandler (ContextHandler.java:doStop(910)) - Stopped o.e.j.w.WebAppContext@1d6713dd{/,null,UNAVAILABLE}{/hddsDatanode}
2019-09-27 06:05:57,181 [ForkJoinPool.commonPool-worker-1] INFO  server.AbstractConnector (AbstractConnector.java:doStop(318)) - Stopped ServerConnector@3b39e79b{HTTP/1.1,[http/1.1]}{0.0.0.0:0}
2019-09-27 06:05:57,182 [ForkJoinPool.commonPool-worker-1] INFO  handler.ContextHandler (ContextHandler.java:doStop(910)) - Stopped o.e.j.s.ServletContextHandler@4afd65fd{/static,jar:file:/home/user/.m2/repository/org/apache/hadoop/hadoop-hdds-container-service/0.5.0-SNAPSHOT/hadoop-hdds-container-service-0.5.0-SNAPSHOT.jar!/webapps/static,UNAVAILABLE}
2019-09-27 06:05:57,184 [ForkJoinPool.commonPool-worker-1] INFO  handler.ContextHandler (ContextHandler.java:doStop(910)) - Stopped o.e.j.s.ServletContextHandler@5e0f2c82{/logs,file:///workdir/hadoop-ozone/integration-test/target/log,UNAVAILABLE}
2019-09-27 06:05:57,193 [0f7d47af-aea5-43f8-93d1-7d0eb4472ed1@group-8ABC738D3661-StateMachineUpdater] INFO  ratis.ContainerStateMachine (ContainerStateMachine.java:takeSnapshot(300)) - group-8ABC738D3661: Finished taking a snapshot at:(t:2, i:3) file:/workdir/hadoop-ozone/integration-test/target/test-dir/MiniOzoneClusterImpl-4525ab81-30b7-4168-a37a-5e85eef55cd7/datanode-3/data/ratis/b18f2471-0da6-4882-a5c7-8abc738d3661/sm/snapshot.2_3 time:14
2019-09-27 06:05:57,193 [0f7d47af-aea5-43f8-93d1-7d0eb4472ed1@group-8ABC738D3661-StateMachineUpdater] INFO  impl.StateMachineUpdater (StateMachineUpdater.java:takeSnapshot(258)) - 0f7d47af-aea5-43f8-93d1-7d0eb4472ed1@group-8ABC738D3661-StateMachineUpdater: Took a snapshot at index 3
2019-09-27 06:05:57,193 [0f7d47af-aea5-43f8-93d1-7d0eb4472ed1@group-8ABC738D3661-StateMachineUpdater] INFO  impl.StateMachineUpdater (StateMachineUpdater.java:lambda$new$0(83)) - 0f7d47af-aea5-43f8-93d1-7d0eb4472ed1@group-8ABC738D3661-StateMachineUpdater: snapshotIndex: updateIncreasingly 3 -> 3
2019-09-27 06:05:57,193 [main] INFO  impl.RaftServerImpl (ServerState.java:close(385)) - 0f7d47af-aea5-43f8-93d1-7d0eb4472ed1@group-8ABC738D3661: closes. applyIndex: 4
2019-09-27 06:05:57,194 [0f7d47af-aea5-43f8-93d1-7d0eb4472ed1@group-8ABC738D3661-SegmentedRaftLogWorker] INFO  segmented.SegmentedRaftLogWorker (SegmentedRaftLogWorker.java:run(313)) - 0f7d47af-aea5-43f8-93d1-7d0eb4472ed1@group-8ABC738D3661-SegmentedRaftLogWorker was interrupted, exiting. There are 0 tasks remaining in the queue.
2019-09-27 06:05:57,195 [main] INFO  segmented.SegmentedRaftLogWorker (SegmentedRaftLogWorker.java:close(228)) - 0f7d47af-aea5-43f8-93d1-7d0eb4472ed1@group-8ABC738D3661-SegmentedRaftLogWorker close()
2019-09-27 06:05:57,198 [main] INFO  server.GrpcService (GrpcService.java:closeImpl(164)) - 0f7d47af-aea5-43f8-93d1-7d0eb4472ed1: shutdown server with port 39123 now
2019-09-27 06:05:57,199 [main] INFO  server.GrpcService (GrpcService.java:closeImpl(172)) - 0f7d47af-aea5-43f8-93d1-7d0eb4472ed1: shutdown server with port 39123 successfully
2019-09-27 06:05:57,201 [refreshUsed-/workdir/hadoop-ozone/integration-test/target/test-dir/MiniOzoneClusterImpl-4525ab81-30b7-4168-a37a-5e85eef55cd7/datanode-3/data/containers] WARN  fs.CachingGetSpaceUsed (CachingGetSpaceUsed.java:run(183)) - Thread Interrupted waiting to refresh disk information: sleep interrupted
2019-09-27 06:05:57,213 [main] INFO  utils.BackgroundService (BackgroundService.java:shutdown(148)) - Shutting down service BlockDeletingService
2019-09-27 06:05:57,217 [main] INFO  statemachine.DatanodeStateMachine (DatanodeStateMachine.java:stopDaemon(395)) - Ozone container server stopped.
2019-09-27 06:05:57,219 [main] INFO  handler.ContextHandler (ContextHandler.java:doStop(910)) - Stopped o.e.j.w.WebAppContext@456aa471{/,null,UNAVAILABLE}{/hddsDatanode}
2019-09-27 06:05:57,219 [main] INFO  server.AbstractConnector (AbstractConnector.java:doStop(318)) - Stopped ServerConnector@69e2fe3b{HTTP/1.1,[http/1.1]}{0.0.0.0:0}
2019-09-27 06:05:57,220 [main] INFO  handler.ContextHandler (ContextHandler.java:doStop(910)) - Stopped o.e.j.s.ServletContextHandler@56c42964{/static,jar:file:/home/user/.m2/repository/org/apache/hadoop/hadoop-hdds-container-service/0.5.0-SNAPSHOT/hadoop-hdds-container-service-0.5.0-SNAPSHOT.jar!/webapps/static,UNAVAILABLE}
2019-09-27 06:05:57,220 [main] INFO  handler.ContextHandler (ContextHandler.java:doStop(910)) - Stopped o.e.j.s.ServletContextHandler@c732e1c{/logs,file:///workdir/hadoop-ozone/integration-test/target/log,UNAVAILABLE}
2019-09-27 06:05:57,570 [Datanode State Machine Thread - 0] INFO  statemachine.DatanodeStateMachine (DatanodeStateMachine.java:lambda$startDaemon$0(350)) - Ozone container server started.
2019-09-27 06:05:57,864 [Datanode State Machine Thread - 0] INFO  statemachine.DatanodeStateMachine (DatanodeStateMachine.java:lambda$startDaemon$0(350)) - Ozone container server started.
2019-09-27 06:05:58,535 [grpc-default-executor-3] WARN  server.GrpcLogAppender (LogUtils.java:warn(134)) - 61b2d74a-3e9c-4f9f-9790-faf82506f10f@group-07E5B02BBD89->dd465717-aa2f-4ac7-b2c3-72db3883e0c6-AppendLogResponseHandler: Failed appendEntries: org.apache.ratis.thirdparty.io.grpc.StatusRuntimeException: UNAVAILABLE: io exception
2019-09-27 06:05:58,535 [grpc-default-executor-3] INFO  impl.FollowerInfo (FollowerInfo.java:lambda$new$0(51)) - 61b2d74a-3e9c-4f9f-9790-faf82506f10f@group-07E5B02BBD89->dd465717-aa2f-4ac7-b2c3-72db3883e0c6: nextIndex: updateUnconditionally 12 -> 11
2019-09-27 06:06:01,036 [grpc-default-executor-3] WARN  server.GrpcLogAppender (LogUtils.java:warn(134)) - 61b2d74a-3e9c-4f9f-9790-faf82506f10f@group-07E5B02BBD89->dd465717-aa2f-4ac7-b2c3-72db3883e0c6-AppendLogResponseHandler: Failed appendEntries: org.apache.ratis.thirdparty.io.grpc.StatusRuntimeException: UNAVAILABLE: io exception
2019-09-27 06:06:01,036 [grpc-default-executor-3] INFO  impl.FollowerInfo (FollowerInfo.java:lambda$new$0(51)) - 61b2d74a-3e9c-4f9f-9790-faf82506f10f@group-07E5B02BBD89->dd465717-aa2f-4ac7-b2c3-72db3883e0c6: nextIndex: updateUnconditionally 11 -> 10
2019-09-27 06:06:01,572 [EventQueue-StaleNodeForStaleNodeHandler] INFO  node.StaleNodeHandler (StaleNodeHandler.java:onMessage(58)) - Datanode 61b2d74a-3e9c-4f9f-9790-faf82506f10f{ip: 192.168.151.69, host: trunk-nightly-20190927-zr2qb-3451358976, networkLocation: /default-rack, certSerialId: null} moved to stale state. Finalizing its pipelines [PipelineID=da864cb0-f558-4efa-ac24-07e5b02bbd89, PipelineID=eca58786-90d3-4690-872e-f8b8ddf24959]
2019-09-27 06:06:01,572 [EventQueue-StaleNodeForStaleNodeHandler] INFO  pipeline.SCMPipelineManager (SCMPipelineManager.java:finalizeAndDestroyPipeline(315)) - destroying pipeline:Pipeline[ Id: da864cb0-f558-4efa-ac24-07e5b02bbd89, Nodes: dd465717-aa2f-4ac7-b2c3-72db3883e0c6{ip: 192.168.151.69, host: trunk-nightly-20190927-zr2qb-3451358976, networkLocation: /default-rack, certSerialId: null}33a74a9a-c6aa-4da5-a89d-bd0bf8c37090{ip: 192.168.151.69, host: trunk-nightly-20190927-zr2qb-3451358976, networkLocation: /default-rack, certSerialId: null}61b2d74a-3e9c-4f9f-9790-faf82506f10f{ip: 192.168.151.69, host: trunk-nightly-20190927-zr2qb-3451358976, networkLocation: /default-rack, certSerialId: null}, Type:RATIS, Factor:THREE, State:CLOSED]
2019-09-27 06:06:01,572 [EventQueue-StaleNodeForStaleNodeHandler] INFO  pipeline.SCMPipelineManager (SCMPipelineManager.java:finalizeAndDestroyPipeline(315)) - destroying pipeline:Pipeline[ Id: eca58786-90d3-4690-872e-f8b8ddf24959, Nodes: 61b2d74a-3e9c-4f9f-9790-faf82506f10f{ip: 192.168.151.69, host: trunk-nightly-20190927-zr2qb-3451358976, networkLocation: /default-rack, certSerialId: null}, Type:RATIS, Factor:ONE, State:OPEN]
2019-09-27 06:06:01,572 [EventQueue-StaleNodeForStaleNodeHandler] INFO  pipeline.PipelineStateManager (PipelineStateManager.java:finalizePipeline(123)) - Pipeline Pipeline[ Id: eca58786-90d3-4690-872e-f8b8ddf24959, Nodes: 61b2d74a-3e9c-4f9f-9790-faf82506f10f{ip: 192.168.151.69, host: trunk-nightly-20190927-zr2qb-3451358976, networkLocation: /default-rack, certSerialId: null}, Type:RATIS, Factor:ONE, State:CLOSED] moved to CLOSED state
2019-09-27 06:06:01,872 [EventQueue-StaleNodeForStaleNodeHandler] INFO  node.StaleNodeHandler (StaleNodeHandler.java:onMessage(58)) - Datanode a2460cbf-d92d-40d7-8f4b-4fedf6506083{ip: 192.168.151.69, host: trunk-nightly-20190927-zr2qb-3451358976, networkLocation: /default-rack, certSerialId: null} moved to stale state. Finalizing its pipelines [PipelineID=a0a003b1-7f81-4c66-b968-1802f54b162d, PipelineID=b18f2471-0da6-4882-a5c7-8abc738d3661]
2019-09-27 06:06:01,873 [EventQueue-StaleNodeForStaleNodeHandler] INFO  pipeline.SCMPipelineManager (SCMPipelineManager.java:finalizeAndDestroyPipeline(315)) - destroying pipeline:Pipeline[ Id: a0a003b1-7f81-4c66-b968-1802f54b162d, Nodes: a2460cbf-d92d-40d7-8f4b-4fedf6506083{ip: 192.168.151.69, host: trunk-nightly-20190927-zr2qb-3451358976, networkLocation: /default-rack, certSerialId: null}, Type:RATIS, Factor:ONE, State:OPEN]
2019-09-27 06:06:01,873 [EventQueue-StaleNodeForStaleNodeHandler] INFO  pipeline.PipelineStateManager (PipelineStateManager.java:finalizePipeline(123)) - Pipeline Pipeline[ Id: a0a003b1-7f81-4c66-b968-1802f54b162d, Nodes: a2460cbf-d92d-40d7-8f4b-4fedf6506083{ip: 192.168.151.69, host: trunk-nightly-20190927-zr2qb-3451358976, networkLocation: /default-rack, certSerialId: null}, Type:RATIS, Factor:ONE, State:CLOSED] moved to CLOSED state
2019-09-27 06:06:01,874 [EventQueue-StaleNodeForStaleNodeHandler] INFO  pipeline.SCMPipelineManager (SCMPipelineManager.java:finalizeAndDestroyPipeline(315)) - destroying pipeline:Pipeline[ Id: b18f2471-0da6-4882-a5c7-8abc738d3661, Nodes: 6d6ef3a3-db64-42fb-a25e-fae4e6d7296a{ip: 192.168.151.69, host: trunk-nightly-20190927-zr2qb-3451358976, networkLocation: /default-rack, certSerialId: null}a2460cbf-d92d-40d7-8f4b-4fedf6506083{ip: 192.168.151.69, host: trunk-nightly-20190927-zr2qb-3451358976, networkLocation: /default-rack, certSerialId: null}0f7d47af-aea5-43f8-93d1-7d0eb4472ed1{ip: 192.168.151.69, host: trunk-nightly-20190927-zr2qb-3451358976, networkLocation: /default-rack, certSerialId: null}, Type:RATIS, Factor:THREE, State:CLOSED]
2019-09-27 06:06:02,186 [ForkJoinPool.commonPool-worker-1] INFO  ozoneimpl.OzoneContainer (OzoneContainer.java:stop(231)) - Attempting to stop container services.
2019-09-27 06:06:02,188 [ForkJoinPool.commonPool-worker-1] INFO  impl.RaftServerProxy (RaftServerProxy.java:lambda$close$4(314)) - a2460cbf-d92d-40d7-8f4b-4fedf6506083: close
2019-09-27 06:06:02,189 [ForkJoinPool.commonPool-worker-1] INFO  impl.RaftServerImpl (RaftServerImpl.java:lambda$shutdown$3(251)) - a2460cbf-d92d-40d7-8f4b-4fedf6506083@group-1802F54B162D: shutdown
2019-09-27 06:06:02,190 [ForkJoinPool.commonPool-worker-1] INFO  util.JmxRegister (JmxRegister.java:unregister(73)) - Successfully un-registered JMX Bean with object name Ratis:service=RaftServer,group=group-1802F54B162D,id=a2460cbf-d92d-40d7-8f4b-4fedf6506083
2019-09-27 06:06:02,190 [ForkJoinPool.commonPool-worker-1] INFO  impl.RoleInfo (RoleInfo.java:shutdownLeaderState(104)) - a2460cbf-d92d-40d7-8f4b-4fedf6506083: shutdown LeaderState
2019-09-27 06:06:02,190 [ForkJoinPool.commonPool-worker-1] INFO  impl.PendingRequests (PendingRequests.java:sendNotLeaderResponses(202)) - a2460cbf-d92d-40d7-8f4b-4fedf6506083-PendingRequests: sendNotLeaderResponses
2019-09-27 06:06:02,191 [ForkJoinPool.commonPool-worker-1] INFO  impl.StateMachineUpdater (StateMachineUpdater.java:stopAndJoin(125)) - a2460cbf-d92d-40d7-8f4b-4fedf6506083@group-1802F54B162D-StateMachineUpdater: set stopIndex = 0
2019-09-27 06:06:02,192 [ForkJoinPool.commonPool-worker-1] INFO  impl.RaftServerImpl (ServerState.java:close(385)) - a2460cbf-d92d-40d7-8f4b-4fedf6506083@group-1802F54B162D: closes. applyIndex: 0
2019-09-27 06:06:02,192 [a2460cbf-d92d-40d7-8f4b-4fedf6506083@group-1802F54B162D-SegmentedRaftLogWorker] INFO  segmented.SegmentedRaftLogWorker (SegmentedRaftLogWorker.java:run(313)) - a2460cbf-d92d-40d7-8f4b-4fedf6506083@group-1802F54B162D-SegmentedRaftLogWorker was interrupted, exiting. There are 0 tasks remaining in the queue.
2019-09-27 06:06:02,197 [ForkJoinPool.commonPool-worker-1] INFO  segmented.SegmentedRaftLogWorker (SegmentedRaftLogWorker.java:close(228)) - a2460cbf-d92d-40d7-8f4b-4fedf6506083@group-1802F54B162D-SegmentedRaftLogWorker close()
2019-09-27 06:06:02,199 [ForkJoinPool.commonPool-worker-1] INFO  impl.RaftServerImpl (RaftServerImpl.java:lambda$shutdown$3(251)) - a2460cbf-d92d-40d7-8f4b-4fedf6506083@group-8ABC738D3661: shutdown
2019-09-27 06:06:02,200 [ForkJoinPool.commonPool-worker-1] INFO  util.JmxRegister (JmxRegister.java:unregister(73)) - Successfully un-registered JMX Bean with object name Ratis:service=RaftServer,group=group-8ABC738D3661,id=a2460cbf-d92d-40d7-8f4b-4fedf6506083
2019-09-27 06:06:02,200 [ForkJoinPool.commonPool-worker-1] INFO  impl.RoleInfo (RoleInfo.java:shutdownFollowerState(121)) - a2460cbf-d92d-40d7-8f4b-4fedf6506083: shutdown FollowerState
2019-09-27 06:06:02,200 [ForkJoinPool.commonPool-worker-1] INFO  impl.StateMachineUpdater (StateMachineUpdater.java:stopAndJoin(125)) - a2460cbf-d92d-40d7-8f4b-4fedf6506083@group-8ABC738D3661-StateMachineUpdater: set stopIndex = 4
2019-09-27 06:06:02,200 [Thread-4014] INFO  impl.FollowerState (FollowerState.java:run(115)) - a2460cbf-d92d-40d7-8f4b-4fedf6506083: FollowerState was interrupted: java.lang.InterruptedException: sleep interrupted
2019-09-27 06:06:02,201 [a2460cbf-d92d-40d7-8f4b-4fedf6506083@group-8ABC738D3661-StateMachineUpdater] INFO  ratis.ContainerStateMachine (ContainerStateMachine.java:takeSnapshot(289)) - group-8ABC738D3661: Taking a snapshot at:(t:2, i:3) file /workdir/hadoop-ozone/integration-test/target/test-dir/MiniOzoneClusterImpl-4525ab81-30b7-4168-a37a-5e85eef55cd7/datanode-0/data/ratis/b18f2471-0da6-4882-a5c7-8abc738d3661/sm/snapshot.2_3
2019-09-27 06:06:02,222 [main] INFO  ozoneimpl.OzoneContainer (OzoneContainer.java:stop(231)) - Attempting to stop container services.
2019-09-27 06:06:02,223 [main] INFO  impl.RaftServerProxy (RaftServerProxy.java:lambda$close$4(314)) - 61b2d74a-3e9c-4f9f-9790-faf82506f10f: close
2019-09-27 06:06:02,223 [main] INFO  impl.RaftServerImpl (RaftServerImpl.java:lambda$shutdown$3(251)) - 61b2d74a-3e9c-4f9f-9790-faf82506f10f@group-07E5B02BBD89: shutdown
2019-09-27 06:06:02,224 [main] INFO  util.JmxRegister (JmxRegister.java:unregister(73)) - Successfully un-registered JMX Bean with object name Ratis:service=RaftServer,group=group-07E5B02BBD89,id=61b2d74a-3e9c-4f9f-9790-faf82506f10f
2019-09-27 06:06:02,224 [main] INFO  impl.RoleInfo (RoleInfo.java:shutdownLeaderState(104)) - 61b2d74a-3e9c-4f9f-9790-faf82506f10f: shutdown LeaderState
2019-09-27 06:06:02,227 [main] INFO  impl.PendingRequests (PendingRequests.java:sendNotLeaderResponses(202)) - 61b2d74a-3e9c-4f9f-9790-faf82506f10f-PendingRequests: sendNotLeaderResponses
2019-09-27 06:06:02,227 [org.apache.ratis.server.impl.LogAppender$AppenderDaemon$$Lambda$503/1412001111@6bf0e318] WARN  server.GrpcLogAppender (GrpcLogAppender.java:mayWait(143)) - 61b2d74a-3e9c-4f9f-9790-faf82506f10f@group-07E5B02BBD89->33a74a9a-c6aa-4da5-a89d-bd0bf8c37090-GrpcLogAppender: Wait interrupted by java.lang.InterruptedException
2019-09-27 06:06:02,227 [org.apache.ratis.server.impl.LogAppender$AppenderDaemon$$Lambda$503/1412001111@436e619e] WARN  server.GrpcLogAppender (GrpcLogAppender.java:mayWait(143)) - 61b2d74a-3e9c-4f9f-9790-faf82506f10f@group-07E5B02BBD89->dd465717-aa2f-4ac7-b2c3-72db3883e0c6-GrpcLogAppender: Wait interrupted by java.lang.InterruptedException
2019-09-27 06:06:02,230 [main] INFO  impl.StateMachineUpdater (StateMachineUpdater.java:stopAndJoin(125)) - 61b2d74a-3e9c-4f9f-9790-faf82506f10f@group-07E5B02BBD89-StateMachineUpdater: set stopIndex = 16
2019-09-27 06:06:02,230 [61b2d74a-3e9c-4f9f-9790-faf82506f10f@group-07E5B02BBD89-StateMachineUpdater] INFO  ratis.ContainerStateMachine (ContainerStateMachine.java:takeSnapshot(289)) - group-07E5B02BBD89: Taking a snapshot at:(t:2, i:16) file /workdir/hadoop-ozone/integration-test/target/test-dir/MiniOzoneClusterImpl-4525ab81-30b7-4168-a37a-5e85eef55cd7/datanode-6/data/ratis/da864cb0-f558-4efa-ac24-07e5b02bbd89/sm/snapshot.2_16
2019-09-27 06:06:02,232 [grpc-default-executor-1] INFO  server.GrpcServerProtocolService (GrpcServerProtocolService.java:onCompleted(113)) - 33a74a9a-c6aa-4da5-a89d-bd0bf8c37090: Completed APPEND_ENTRIES, lastRequest: 61b2d74a-3e9c-4f9f-9790-faf82506f10f->33a74a9a-c6aa-4da5-a89d-bd0bf8c37090#23-t2, previous=(t:2, i:16), leaderCommit=16, initializing? false, entries: <empty>
2019-09-27 06:06:02,232 [grpc-default-executor-1] INFO  server.GrpcLogAppender (GrpcLogAppender.java:onCompleted(293)) - 61b2d74a-3e9c-4f9f-9790-faf82506f10f@group-07E5B02BBD89->33a74a9a-c6aa-4da5-a89d-bd0bf8c37090-AppendLogResponseHandler: follower responses appendEntries COMPLETED
2019-09-27 06:06:02,233 [a2460cbf-d92d-40d7-8f4b-4fedf6506083@group-8ABC738D3661-StateMachineUpdater] INFO  ratis.ContainerStateMachine (ContainerStateMachine.java:takeSnapshot(300)) - group-8ABC738D3661: Finished taking a snapshot at:(t:2, i:3) file:/workdir/hadoop-ozone/integration-test/target/test-dir/MiniOzoneClusterImpl-4525ab81-30b7-4168-a37a-5e85eef55cd7/datanode-0/data/ratis/b18f2471-0da6-4882-a5c7-8abc738d3661/sm/snapshot.2_3 time:33
2019-09-27 06:06:02,233 [grpc-default-executor-1] INFO  impl.FollowerInfo (FollowerInfo.java:lambda$new$0(51)) - 61b2d74a-3e9c-4f9f-9790-faf82506f10f@group-07E5B02BBD89->33a74a9a-c6aa-4da5-a89d-bd0bf8c37090: nextIndex: updateUnconditionally 17 -> 16
2019-09-27 06:06:02,234 [a2460cbf-d92d-40d7-8f4b-4fedf6506083@group-8ABC738D3661-StateMachineUpdater] INFO  impl.StateMachineUpdater (StateMachineUpdater.java:takeSnapshot(258)) - a2460cbf-d92d-40d7-8f4b-4fedf6506083@group-8ABC738D3661-StateMachineUpdater: Took a snapshot at index 3
2019-09-27 06:06:02,234 [a2460cbf-d92d-40d7-8f4b-4fedf6506083@group-8ABC738D3661-StateMachineUpdater] INFO  impl.StateMachineUpdater (StateMachineUpdater.java:lambda$new$0(83)) - a2460cbf-d92d-40d7-8f4b-4fedf6506083@group-8ABC738D3661-StateMachineUpdater: snapshotIndex: updateIncreasingly -1 -> 3
2019-09-27 06:06:02,235 [a2460cbf-d92d-40d7-8f4b-4fedf6506083@group-8ABC738D3661-StateMachineUpdater] INFO  ratis.ContainerStateMachine (ContainerStateMachine.java:takeSnapshot(289)) - group-8ABC738D3661: Taking a snapshot at:(t:2, i:3) file /workdir/hadoop-ozone/integration-test/target/test-dir/MiniOzoneClusterImpl-4525ab81-30b7-4168-a37a-5e85eef55cd7/datanode-0/data/ratis/b18f2471-0da6-4882-a5c7-8abc738d3661/sm/snapshot.2_3
2019-09-27 06:06:02,243 [61b2d74a-3e9c-4f9f-9790-faf82506f10f@group-07E5B02BBD89-StateMachineUpdater] INFO  ratis.ContainerStateMachine (ContainerStateMachine.java:takeSnapshot(300)) - group-07E5B02BBD89: Finished taking a snapshot at:(t:2, i:16) file:/workdir/hadoop-ozone/integration-test/target/test-dir/MiniOzoneClusterImpl-4525ab81-30b7-4168-a37a-5e85eef55cd7/datanode-6/data/ratis/da864cb0-f558-4efa-ac24-07e5b02bbd89/sm/snapshot.2_16 time:13
2019-09-27 06:06:02,243 [61b2d74a-3e9c-4f9f-9790-faf82506f10f@group-07E5B02BBD89-StateMachineUpdater] INFO  impl.StateMachineUpdater (StateMachineUpdater.java:takeSnapshot(258)) - 61b2d74a-3e9c-4f9f-9790-faf82506f10f@group-07E5B02BBD89-StateMachineUpdater: Took a snapshot at index 16
2019-09-27 06:06:02,243 [61b2d74a-3e9c-4f9f-9790-faf82506f10f@group-07E5B02BBD89-StateMachineUpdater] INFO  impl.StateMachineUpdater (StateMachineUpdater.java:lambda$new$0(83)) - 61b2d74a-3e9c-4f9f-9790-faf82506f10f@group-07E5B02BBD89-StateMachineUpdater: snapshotIndex: updateIncreasingly -1 -> 16
2019-09-27 06:06:02,244 [main] INFO  impl.RaftServerImpl (ServerState.java:close(385)) - 61b2d74a-3e9c-4f9f-9790-faf82506f10f@group-07E5B02BBD89: closes. applyIndex: 16
2019-09-27 06:06:02,244 [61b2d74a-3e9c-4f9f-9790-faf82506f10f@group-07E5B02BBD89-SegmentedRaftLogWorker] INFO  segmented.SegmentedRaftLogWorker (SegmentedRaftLogWorker.java:run(313)) - 61b2d74a-3e9c-4f9f-9790-faf82506f10f@group-07E5B02BBD89-SegmentedRaftLogWorker was interrupted, exiting. There are 0 tasks remaining in the queue.
2019-09-27 06:06:02,245 [a2460cbf-d92d-40d7-8f4b-4fedf6506083@group-8ABC738D3661-StateMachineUpdater] INFO  ratis.ContainerStateMachine (ContainerStateMachine.java:takeSnapshot(300)) - group-8ABC738D3661: Finished taking a snapshot at:(t:2, i:3) file:/workdir/hadoop-ozone/integration-test/target/test-dir/MiniOzoneClusterImpl-4525ab81-30b7-4168-a37a-5e85eef55cd7/datanode-0/data/ratis/b18f2471-0da6-4882-a5c7-8abc738d3661/sm/snapshot.2_3 time:11
2019-09-27 06:06:02,245 [main] INFO  segmented.SegmentedRaftLogWorker (SegmentedRaftLogWorker.java:close(228)) - 61b2d74a-3e9c-4f9f-9790-faf82506f10f@group-07E5B02BBD89-SegmentedRaftLogWorker close()
2019-09-27 06:06:02,246 [a2460cbf-d92d-40d7-8f4b-4fedf6506083@group-8ABC738D3661-StateMachineUpdater] INFO  impl.StateMachineUpdater (StateMachineUpdater.java:takeSnapshot(258)) - a2460cbf-d92d-40d7-8f4b-4fedf6506083@group-8ABC738D3661-StateMachineUpdater: Took a snapshot at index 3
2019-09-27 06:06:02,248 [main] INFO  impl.RaftServerImpl (RaftServerImpl.java:lambda$shutdown$3(251)) - 61b2d74a-3e9c-4f9f-9790-faf82506f10f@group-F8B8DDF24959: shutdown
2019-09-27 06:06:02,248 [a2460cbf-d92d-40d7-8f4b-4fedf6506083@group-8ABC738D3661-StateMachineUpdater] INFO  impl.StateMachineUpdater (StateMachineUpdater.java:lambda$new$0(83)) - a2460cbf-d92d-40d7-8f4b-4fedf6506083@group-8ABC738D3661-StateMachineUpdater: snapshotIndex: updateIncreasingly 3 -> 3
2019-09-27 06:06:02,248 [main] INFO  util.JmxRegister (JmxRegister.java:unregister(73)) - Successfully un-registered JMX Bean with object name Ratis:service=RaftServer,group=group-F8B8DDF24959,id=61b2d74a-3e9c-4f9f-9790-faf82506f10f
2019-09-27 06:06:02,249 [main] INFO  impl.RoleInfo (RoleInfo.java:shutdownLeaderState(104)) - 61b2d74a-3e9c-4f9f-9790-faf82506f10f: shutdown LeaderState
2019-09-27 06:06:02,249 [ForkJoinPool.commonPool-worker-1] INFO  impl.RaftServerImpl (ServerState.java:close(385)) - a2460cbf-d92d-40d7-8f4b-4fedf6506083@group-8ABC738D3661: closes. applyIndex: 4
2019-09-27 06:06:02,249 [main] INFO  impl.PendingRequests (PendingRequests.java:sendNotLeaderResponses(202)) - 61b2d74a-3e9c-4f9f-9790-faf82506f10f-PendingRequests: sendNotLeaderResponses
2019-09-27 06:06:02,250 [a2460cbf-d92d-40d7-8f4b-4fedf6506083@group-8ABC738D3661-SegmentedRaftLogWorker] INFO  segmented.SegmentedRaftLogWorker (SegmentedRaftLogWorker.java:run(313)) - a2460cbf-d92d-40d7-8f4b-4fedf6506083@group-8ABC738D3661-SegmentedRaftLogWorker was interrupted, exiting. There are 0 tasks remaining in the queue.
2019-09-27 06:06:02,250 [main] INFO  impl.StateMachineUpdater (StateMachineUpdater.java:stopAndJoin(125)) - 61b2d74a-3e9c-4f9f-9790-faf82506f10f@group-F8B8DDF24959-StateMachineUpdater: set stopIndex = 0
2019-09-27 06:06:02,251 [ForkJoinPool.commonPool-worker-1] INFO  segmented.SegmentedRaftLogWorker (SegmentedRaftLogWorker.java:close(228)) - a2460cbf-d92d-40d7-8f4b-4fedf6506083@group-8ABC738D3661-SegmentedRaftLogWorker close()
2019-09-27 06:06:02,251 [main] INFO  impl.RaftServerImpl (ServerState.java:close(385)) - 61b2d74a-3e9c-4f9f-9790-faf82506f10f@group-F8B8DDF24959: closes. applyIndex: 0
2019-09-27 06:06:02,254 [ForkJoinPool.commonPool-worker-1] INFO  server.GrpcService (GrpcService.java:closeImpl(164)) - a2460cbf-d92d-40d7-8f4b-4fedf6506083: shutdown server with port 46128 now
2019-09-27 06:06:02,254 [61b2d74a-3e9c-4f9f-9790-faf82506f10f@group-F8B8DDF24959-SegmentedRaftLogWorker] INFO  segmented.SegmentedRaftLogWorker (SegmentedRaftLogWorker.java:run(313)) - 61b2d74a-3e9c-4f9f-9790-faf82506f10f@group-F8B8DDF24959-SegmentedRaftLogWorker was interrupted, exiting. There are 0 tasks remaining in the queue.
2019-09-27 06:06:02,256 [main] INFO  segmented.SegmentedRaftLogWorker (SegmentedRaftLogWorker.java:close(228)) - 61b2d74a-3e9c-4f9f-9790-faf82506f10f@group-F8B8DDF24959-SegmentedRaftLogWorker close()
2019-09-27 06:06:02,256 [ForkJoinPool.commonPool-worker-1] INFO  server.GrpcService (GrpcService.java:closeImpl(172)) - a2460cbf-d92d-40d7-8f4b-4fedf6506083: shutdown server with port 46128 successfully
2019-09-27 06:06:02,259 [main] INFO  server.GrpcService (GrpcService.java:closeImpl(164)) - 61b2d74a-3e9c-4f9f-9790-faf82506f10f: shutdown server with port 38961 now
2019-09-27 06:06:02,260 [grpc-default-executor-3] WARN  client.GrpcClientProtocolService (LogUtils.java:warn(134)) - 5-UnorderedRequestStreamObserver5: onError: org.apache.ratis.thirdparty.io.grpc.StatusRuntimeException: CANCELLED: cancelled before receiving half close
2019-09-27 06:06:02,260 [main] INFO  server.GrpcService (GrpcService.java:closeImpl(172)) - 61b2d74a-3e9c-4f9f-9790-faf82506f10f: shutdown server with port 38961 successfully
2019-09-27 06:06:02,262 [refreshUsed-/workdir/hadoop-ozone/integration-test/target/test-dir/MiniOzoneClusterImpl-4525ab81-30b7-4168-a37a-5e85eef55cd7/datanode-0/data/containers] WARN  fs.CachingGetSpaceUsed (CachingGetSpaceUsed.java:run(183)) - Thread Interrupted waiting to refresh disk information: sleep interrupted
2019-09-27 06:06:02,267 [refreshUsed-/workdir/hadoop-ozone/integration-test/target/test-dir/MiniOzoneClusterImpl-4525ab81-30b7-4168-a37a-5e85eef55cd7/datanode-6/data/containers] WARN  fs.CachingGetSpaceUsed (CachingGetSpaceUsed.java:run(183)) - Thread Interrupted waiting to refresh disk information: sleep interrupted
2019-09-27 06:06:02,283 [ForkJoinPool.commonPool-worker-1] INFO  utils.BackgroundService (BackgroundService.java:shutdown(148)) - Shutting down service BlockDeletingService
2019-09-27 06:06:02,287 [ForkJoinPool.commonPool-worker-1] INFO  statemachine.DatanodeStateMachine (DatanodeStateMachine.java:stopDaemon(395)) - Ozone container server stopped.
2019-09-27 06:06:02,291 [ForkJoinPool.commonPool-worker-1] INFO  handler.ContextHandler (ContextHandler.java:doStop(910)) - Stopped o.e.j.w.WebAppContext@3e2d44f3{/,null,UNAVAILABLE}{/hddsDatanode}
2019-09-27 06:06:02,292 [ForkJoinPool.commonPool-worker-1] INFO  server.AbstractConnector (AbstractConnector.java:doStop(318)) - Stopped ServerConnector@23afc725{HTTP/1.1,[http/1.1]}{0.0.0.0:0}
2019-09-27 06:06:02,292 [main] INFO  utils.BackgroundService (BackgroundService.java:shutdown(148)) - Shutting down service BlockDeletingService
2019-09-27 06:06:02,293 [ForkJoinPool.commonPool-worker-1] INFO  handler.ContextHandler (ContextHandler.java:doStop(910)) - Stopped o.e.j.s.ServletContextHandler@749baa0c{/static,jar:file:/home/user/.m2/repository/org/apache/hadoop/hadoop-hdds-container-service/0.5.0-SNAPSHOT/hadoop-hdds-container-service-0.5.0-SNAPSHOT.jar!/webapps/static,UNAVAILABLE}
2019-09-27 06:06:02,294 [ForkJoinPool.commonPool-worker-1] INFO  handler.ContextHandler (ContextHandler.java:doStop(910)) - Stopped o.e.j.s.ServletContextHandler@79d63a4f{/logs,file:///workdir/hadoop-ozone/integration-test/target/log,UNAVAILABLE}
2019-09-27 06:06:02,299 [main] INFO  statemachine.DatanodeStateMachine (DatanodeStateMachine.java:stopDaemon(395)) - Ozone container server stopped.
2019-09-27 06:06:02,301 [main] INFO  handler.ContextHandler (ContextHandler.java:doStop(910)) - Stopped o.e.j.w.WebAppContext@7e31062c{/,null,UNAVAILABLE}{/hddsDatanode}
2019-09-27 06:06:02,301 [main] INFO  server.AbstractConnector (AbstractConnector.java:doStop(318)) - Stopped ServerConnector@595fed99{HTTP/1.1,[http/1.1]}{0.0.0.0:0}
2019-09-27 06:06:02,302 [main] INFO  handler.ContextHandler (ContextHandler.java:doStop(910)) - Stopped o.e.j.s.ServletContextHandler@2c16677c{/static,jar:file:/home/user/.m2/repository/org/apache/hadoop/hadoop-hdds-container-service/0.5.0-SNAPSHOT/hadoop-hdds-container-service-0.5.0-SNAPSHOT.jar!/webapps/static,UNAVAILABLE}
2019-09-27 06:06:02,302 [main] INFO  handler.ContextHandler (ContextHandler.java:doStop(910)) - Stopped o.e.j.s.ServletContextHandler@30dd00b6{/logs,file:///workdir/hadoop-ozone/integration-test/target/log,UNAVAILABLE}
2019-09-27 06:06:02,571 [Datanode State Machine Thread - 0] INFO  statemachine.DatanodeStateMachine (DatanodeStateMachine.java:lambda$startDaemon$0(350)) - Ozone container server started.
2019-09-27 06:06:06,580 [EventQueue-StaleNodeForStaleNodeHandler] INFO  node.StaleNodeHandler (StaleNodeHandler.java:onMessage(58)) - Datanode 33a74a9a-c6aa-4da5-a89d-bd0bf8c37090{ip: 192.168.151.69, host: trunk-nightly-20190927-zr2qb-3451358976, networkLocation: /default-rack, certSerialId: null} moved to stale state. Finalizing its pipelines [PipelineID=5da4c87f-fb96-425e-9992-58e7b5658581, PipelineID=da864cb0-f558-4efa-ac24-07e5b02bbd89]
2019-09-27 06:06:06,581 [EventQueue-StaleNodeForStaleNodeHandler] INFO  pipeline.SCMPipelineManager (SCMPipelineManager.java:finalizeAndDestroyPipeline(315)) - destroying pipeline:Pipeline[ Id: 5da4c87f-fb96-425e-9992-58e7b5658581, Nodes: 33a74a9a-c6aa-4da5-a89d-bd0bf8c37090{ip: 192.168.151.69, host: trunk-nightly-20190927-zr2qb-3451358976, networkLocation: /default-rack, certSerialId: null}, Type:RATIS, Factor:ONE, State:OPEN]
2019-09-27 06:06:06,581 [EventQueue-StaleNodeForStaleNodeHandler] INFO  pipeline.PipelineStateManager (PipelineStateManager.java:finalizePipeline(123)) - Pipeline Pipeline[ Id: 5da4c87f-fb96-425e-9992-58e7b5658581, Nodes: 33a74a9a-c6aa-4da5-a89d-bd0bf8c37090{ip: 192.168.151.69, host: trunk-nightly-20190927-zr2qb-3451358976, networkLocation: /default-rack, certSerialId: null}, Type:RATIS, Factor:ONE, State:CLOSED] moved to CLOSED state
2019-09-27 06:06:06,581 [EventQueue-StaleNodeForStaleNodeHandler] INFO  pipeline.SCMPipelineManager (SCMPipelineManager.java:finalizeAndDestroyPipeline(315)) - destroying pipeline:Pipeline[ Id: da864cb0-f558-4efa-ac24-07e5b02bbd89, Nodes: dd465717-aa2f-4ac7-b2c3-72db3883e0c6{ip: 192.168.151.69, host: trunk-nightly-20190927-zr2qb-3451358976, networkLocation: /default-rack, certSerialId: null}33a74a9a-c6aa-4da5-a89d-bd0bf8c37090{ip: 192.168.151.69, host: trunk-nightly-20190927-zr2qb-3451358976, networkLocation: /default-rack, certSerialId: null}61b2d74a-3e9c-4f9f-9790-faf82506f10f{ip: 192.168.151.69, host: trunk-nightly-20190927-zr2qb-3451358976, networkLocation: /default-rack, certSerialId: null}, Type:RATIS, Factor:THREE, State:CLOSED]
2019-09-27 06:06:07,301 [ForkJoinPool.commonPool-worker-1] INFO  ozoneimpl.OzoneContainer (OzoneContainer.java:stop(231)) - Attempting to stop container services.
2019-09-27 06:06:07,302 [ForkJoinPool.commonPool-worker-1] INFO  impl.RaftServerProxy (RaftServerProxy.java:lambda$close$4(314)) - 33a74a9a-c6aa-4da5-a89d-bd0bf8c37090: close
2019-09-27 06:06:07,303 [ForkJoinPool.commonPool-worker-1] INFO  impl.RaftServerImpl (RaftServerImpl.java:lambda$shutdown$3(251)) - 33a74a9a-c6aa-4da5-a89d-bd0bf8c37090@group-58E7B5658581: shutdown
2019-09-27 06:06:07,303 [ForkJoinPool.commonPool-worker-1] INFO  util.JmxRegister (JmxRegister.java:unregister(73)) - Successfully un-registered JMX Bean with object name Ratis:service=RaftServer,group=group-58E7B5658581,id=33a74a9a-c6aa-4da5-a89d-bd0bf8c37090
2019-09-27 06:06:07,304 [ForkJoinPool.commonPool-worker-1] INFO  impl.RoleInfo (RoleInfo.java:shutdownLeaderState(104)) - 33a74a9a-c6aa-4da5-a89d-bd0bf8c37090: shutdown LeaderState
2019-09-27 06:06:07,305 [ForkJoinPool.commonPool-worker-1] INFO  impl.PendingRequests (PendingRequests.java:sendNotLeaderResponses(202)) - 33a74a9a-c6aa-4da5-a89d-bd0bf8c37090-PendingRequests: sendNotLeaderResponses
2019-09-27 06:06:07,306 [ForkJoinPool.commonPool-worker-1] INFO  impl.StateMachineUpdater (StateMachineUpdater.java:stopAndJoin(125)) - 33a74a9a-c6aa-4da5-a89d-bd0bf8c37090@group-58E7B5658581-StateMachineUpdater: set stopIndex = 0
2019-09-27 06:06:07,306 [ForkJoinPool.commonPool-worker-1] INFO  impl.RaftServerImpl (ServerState.java:close(385)) - 33a74a9a-c6aa-4da5-a89d-bd0bf8c37090@group-58E7B5658581: closes. applyIndex: 0
2019-09-27 06:06:07,307 [33a74a9a-c6aa-4da5-a89d-bd0bf8c37090@group-58E7B5658581-SegmentedRaftLogWorker] INFO  segmented.SegmentedRaftLogWorker (SegmentedRaftLogWorker.java:run(313)) - 33a74a9a-c6aa-4da5-a89d-bd0bf8c37090@group-58E7B5658581-SegmentedRaftLogWorker was interrupted, exiting. There are 0 tasks remaining in the queue.
2019-09-27 06:06:07,312 [ForkJoinPool.commonPool-worker-1] INFO  segmented.SegmentedRaftLogWorker (SegmentedRaftLogWorker.java:close(228)) - 33a74a9a-c6aa-4da5-a89d-bd0bf8c37090@group-58E7B5658581-SegmentedRaftLogWorker close()
2019-09-27 06:06:07,316 [ForkJoinPool.commonPool-worker-1] INFO  impl.RaftServerImpl (RaftServerImpl.java:lambda$shutdown$3(251)) - 33a74a9a-c6aa-4da5-a89d-bd0bf8c37090@group-07E5B02BBD89: shutdown
2019-09-27 06:06:07,316 [ForkJoinPool.commonPool-worker-1] INFO  util.JmxRegister (JmxRegister.java:unregister(73)) - Successfully un-registered JMX Bean with object name Ratis:service=RaftServer,group=group-07E5B02BBD89,id=33a74a9a-c6aa-4da5-a89d-bd0bf8c37090
2019-09-27 06:06:07,316 [ForkJoinPool.commonPool-worker-1] INFO  impl.RoleInfo (RoleInfo.java:shutdownFollowerState(121)) - 33a74a9a-c6aa-4da5-a89d-bd0bf8c37090: shutdown FollowerState
2019-09-27 06:06:07,316 [ForkJoinPool.commonPool-worker-1] INFO  impl.StateMachineUpdater (StateMachineUpdater.java:stopAndJoin(125)) - 33a74a9a-c6aa-4da5-a89d-bd0bf8c37090@group-07E5B02BBD89-StateMachineUpdater: set stopIndex = 16
2019-09-27 06:06:07,316 [Thread-4032] INFO  impl.FollowerState (FollowerState.java:run(115)) - 33a74a9a-c6aa-4da5-a89d-bd0bf8c37090: FollowerState was interrupted: java.lang.InterruptedException: sleep interrupted
2019-09-27 06:06:07,317 [33a74a9a-c6aa-4da5-a89d-bd0bf8c37090@group-07E5B02BBD89-StateMachineUpdater] INFO  ratis.ContainerStateMachine (ContainerStateMachine.java:takeSnapshot(289)) - group-07E5B02BBD89: Taking a snapshot at:(t:2, i:15) file /workdir/hadoop-ozone/integration-test/target/test-dir/MiniOzoneClusterImpl-4525ab81-30b7-4168-a37a-5e85eef55cd7/datanode-5/data/ratis/da864cb0-f558-4efa-ac24-07e5b02bbd89/sm/snapshot.2_15
2019-09-27 06:06:07,333 [33a74a9a-c6aa-4da5-a89d-bd0bf8c37090@group-07E5B02BBD89-StateMachineUpdater] INFO  ratis.ContainerStateMachine (ContainerStateMachine.java:takeSnapshot(300)) - group-07E5B02BBD89: Finished taking a snapshot at:(t:2, i:15) file:/workdir/hadoop-ozone/integration-test/target/test-dir/MiniOzoneClusterImpl-4525ab81-30b7-4168-a37a-5e85eef55cd7/datanode-5/data/ratis/da864cb0-f558-4efa-ac24-07e5b02bbd89/sm/snapshot.2_15 time:17
2019-09-27 06:06:07,334 [33a74a9a-c6aa-4da5-a89d-bd0bf8c37090@group-07E5B02BBD89-StateMachineUpdater] INFO  impl.StateMachineUpdater (StateMachineUpdater.java:takeSnapshot(258)) - 33a74a9a-c6aa-4da5-a89d-bd0bf8c37090@group-07E5B02BBD89-StateMachineUpdater: Took a snapshot at index 15
2019-09-27 06:06:07,334 [33a74a9a-c6aa-4da5-a89d-bd0bf8c37090@group-07E5B02BBD89-StateMachineUpdater] INFO  impl.StateMachineUpdater (StateMachineUpdater.java:lambda$new$0(83)) - 33a74a9a-c6aa-4da5-a89d-bd0bf8c37090@group-07E5B02BBD89-StateMachineUpdater: snapshotIndex: updateIncreasingly -1 -> 15
2019-09-27 06:06:07,335 [33a74a9a-c6aa-4da5-a89d-bd0bf8c37090@group-07E5B02BBD89-StateMachineUpdater] INFO  ratis.ContainerStateMachine (ContainerStateMachine.java:takeSnapshot(289)) - group-07E5B02BBD89: Taking a snapshot at:(t:2, i:15) file /workdir/hadoop-ozone/integration-test/target/test-dir/MiniOzoneClusterImpl-4525ab81-30b7-4168-a37a-5e85eef55cd7/datanode-5/data/ratis/da864cb0-f558-4efa-ac24-07e5b02bbd89/sm/snapshot.2_15
2019-09-27 06:06:07,337 [33a74a9a-c6aa-4da5-a89d-bd0bf8c37090@group-07E5B02BBD89-StateMachineUpdater] INFO  ratis.ContainerStateMachine (ContainerStateMachine.java:takeSnapshot(300)) - group-07E5B02BBD89: Finished taking a snapshot at:(t:2, i:15) file:/workdir/hadoop-ozone/integration-test/target/test-dir/MiniOzoneClusterImpl-4525ab81-30b7-4168-a37a-5e85eef55cd7/datanode-5/data/ratis/da864cb0-f558-4efa-ac24-07e5b02bbd89/sm/snapshot.2_15 time:2
2019-09-27 06:06:07,338 [33a74a9a-c6aa-4da5-a89d-bd0bf8c37090@group-07E5B02BBD89-StateMachineUpdater] INFO  impl.StateMachineUpdater (StateMachineUpdater.java:takeSnapshot(258)) - 33a74a9a-c6aa-4da5-a89d-bd0bf8c37090@group-07E5B02BBD89-StateMachineUpdater: Took a snapshot at index 15
2019-09-27 06:06:07,338 [33a74a9a-c6aa-4da5-a89d-bd0bf8c37090@group-07E5B02BBD89-StateMachineUpdater] INFO  impl.StateMachineUpdater (StateMachineUpdater.java:lambda$new$0(83)) - 33a74a9a-c6aa-4da5-a89d-bd0bf8c37090@group-07E5B02BBD89-StateMachineUpdater: snapshotIndex: updateIncreasingly 15 -> 15
2019-09-27 06:06:07,338 [ForkJoinPool.commonPool-worker-1] INFO  impl.RaftServerImpl (ServerState.java:close(385)) - 33a74a9a-c6aa-4da5-a89d-bd0bf8c37090@group-07E5B02BBD89: closes. applyIndex: 16
2019-09-27 06:06:07,339 [33a74a9a-c6aa-4da5-a89d-bd0bf8c37090@group-07E5B02BBD89-SegmentedRaftLogWorker] INFO  segmented.SegmentedRaftLogWorker (SegmentedRaftLogWorker.java:run(313)) - 33a74a9a-c6aa-4da5-a89d-bd0bf8c37090@group-07E5B02BBD89-SegmentedRaftLogWorker was interrupted, exiting. There are 0 tasks remaining in the queue.
2019-09-27 06:06:07,341 [ForkJoinPool.commonPool-worker-1] INFO  segmented.SegmentedRaftLogWorker (SegmentedRaftLogWorker.java:close(228)) - 33a74a9a-c6aa-4da5-a89d-bd0bf8c37090@group-07E5B02BBD89-SegmentedRaftLogWorker close()
2019-09-27 06:06:07,353 [ForkJoinPool.commonPool-worker-1] INFO  server.GrpcService (GrpcService.java:closeImpl(164)) - 33a74a9a-c6aa-4da5-a89d-bd0bf8c37090: shutdown server with port 39575 now
2019-09-27 06:06:07,353 [ForkJoinPool.commonPool-worker-1] INFO  server.GrpcService (GrpcService.java:closeImpl(172)) - 33a74a9a-c6aa-4da5-a89d-bd0bf8c37090: shutdown server with port 39575 successfully
2019-09-27 06:06:07,358 [refreshUsed-/workdir/hadoop-ozone/integration-test/target/test-dir/MiniOzoneClusterImpl-4525ab81-30b7-4168-a37a-5e85eef55cd7/datanode-5/data/containers] WARN  fs.CachingGetSpaceUsed (CachingGetSpaceUsed.java:run(183)) - Thread Interrupted waiting to refresh disk information: sleep interrupted
2019-09-27 06:06:07,374 [ForkJoinPool.commonPool-worker-1] INFO  utils.BackgroundService (BackgroundService.java:shutdown(148)) - Shutting down service BlockDeletingService
2019-09-27 06:06:07,379 [ForkJoinPool.commonPool-worker-1] INFO  statemachine.DatanodeStateMachine (DatanodeStateMachine.java:stopDaemon(395)) - Ozone container server stopped.
2019-09-27 06:06:07,386 [ForkJoinPool.commonPool-worker-1] INFO  handler.ContextHandler (ContextHandler.java:doStop(910)) - Stopped o.e.j.w.WebAppContext@1d226f27{/,null,UNAVAILABLE}{/hddsDatanode}
2019-09-27 06:06:07,387 [ForkJoinPool.commonPool-worker-1] INFO  server.AbstractConnector (AbstractConnector.java:doStop(318)) - Stopped ServerConnector@1d944fc0{HTTP/1.1,[http/1.1]}{0.0.0.0:0}
2019-09-27 06:06:07,389 [ForkJoinPool.commonPool-worker-1] INFO  handler.ContextHandler (ContextHandler.java:doStop(910)) - Stopped o.e.j.s.ServletContextHandler@687a0e40{/static,jar:file:/home/user/.m2/repository/org/apache/hadoop/hadoop-hdds-container-service/0.5.0-SNAPSHOT/hadoop-hdds-container-service-0.5.0-SNAPSHOT.jar!/webapps/static,UNAVAILABLE}
2019-09-27 06:06:07,391 [ForkJoinPool.commonPool-worker-1] INFO  handler.ContextHandler (ContextHandler.java:doStop(910)) - Stopped o.e.j.s.ServletContextHandler@3095d401{/logs,file:///workdir/hadoop-ozone/integration-test/target/log,UNAVAILABLE}
2019-09-27 06:06:07,392 [main] INFO  ozone.MiniOzoneClusterImpl (MiniOzoneClusterImpl.java:stopSCM(392)) - Stopping the StorageContainerManager
2019-09-27 06:06:07,392 [main] INFO  server.StorageContainerManager (StorageContainerManager.java:stop(808)) - Stopping Replication Manager Service.
2019-09-27 06:06:07,393 [main] INFO  container.ReplicationManager (ReplicationManager.java:stop(203)) - Stopping Replication Monitor Thread.
2019-09-27 06:06:07,393 [main] INFO  server.StorageContainerManager (StorageContainerManager.java:stop(815)) - Stopping Lease Manager of the command watchers
2019-09-27 06:06:07,393 [main] INFO  server.StorageContainerManager (StorageContainerManager.java:stop(822)) - Stopping datanode service RPC server
2019-09-27 06:06:07,393 [main] INFO  server.SCMDatanodeProtocolServer (SCMDatanodeProtocolServer.java:stop(367)) - Stopping the RPC server for DataNodes
2019-09-27 06:06:07,393 [main] INFO  ipc.Server (Server.java:stop(3082)) - Stopping server on 44694
2019-09-27 06:06:07,396 [IPC Server listener on 44694] INFO  ipc.Server (Server.java:run(1185)) - Stopping IPC Server listener on 44694
2019-09-27 06:06:07,397 [IPC Server Responder] INFO  ipc.Server (Server.java:run(1319)) - Stopping IPC Server Responder
2019-09-27 06:06:07,481 [SCM Heartbeat Processing Thread - 0] WARN  node.NodeStateManager (NodeStateManager.java:scheduleNextHealthCheck(646)) - Current Thread is interrupted, shutting down HB processing thread for Node Manager.
2019-09-27 06:06:07,481 [main] INFO  server.StorageContainerManager (StorageContainerManager.java:stop(830)) - Stopping block service RPC server
2019-09-27 06:06:07,482 [main] INFO  server.SCMBlockProtocolServer (SCMBlockProtocolServer.java:stop(155)) - Stopping the RPC server for Block Protocol
2019-09-27 06:06:07,482 [main] INFO  ipc.Server (Server.java:stop(3082)) - Stopping server on 35865
2019-09-27 06:06:07,486 [IPC Server listener on 35865] INFO  ipc.Server (Server.java:run(1185)) - Stopping IPC Server listener on 35865
2019-09-27 06:06:07,486 [main] INFO  server.StorageContainerManager (StorageContainerManager.java:stop(837)) - Stopping the StorageContainerLocationProtocol RPC server
2019-09-27 06:06:07,486 [IPC Server Responder] INFO  ipc.Server (Server.java:run(1319)) - Stopping IPC Server Responder
2019-09-27 06:06:07,487 [main] INFO  server.SCMClientProtocolServer (SCMClientProtocolServer.java:stop(158)) - Stopping the RPC server for Client Protocol
2019-09-27 06:06:07,488 [main] INFO  ipc.Server (Server.java:stop(3082)) - Stopping server on 44276
2019-09-27 06:06:07,490 [IPC Server listener on 44276] INFO  ipc.Server (Server.java:run(1185)) - Stopping IPC Server listener on 44276
2019-09-27 06:06:07,490 [main] INFO  server.StorageContainerManager (StorageContainerManager.java:stop(844)) - Stopping Storage Container Manager HTTP server.
2019-09-27 06:06:07,491 [IPC Server Responder] INFO  ipc.Server (Server.java:run(1319)) - Stopping IPC Server Responder
2019-09-27 06:06:07,493 [main] INFO  handler.ContextHandler (ContextHandler.java:doStop(910)) - Stopped o.e.j.w.WebAppContext@b428830{/,null,UNAVAILABLE}{/scm}
2019-09-27 06:06:07,494 [main] INFO  server.AbstractConnector (AbstractConnector.java:doStop(318)) - Stopped ServerConnector@5b7308aa{HTTP/1.1,[http/1.1]}{0.0.0.0:0}
2019-09-27 06:06:07,495 [main] INFO  handler.ContextHandler (ContextHandler.java:doStop(910)) - Stopped o.e.j.s.ServletContextHandler@5e37fb82{/static,file:///workdir/hadoop-ozone/integration-test/target/test-classes/webapps/static,UNAVAILABLE}
2019-09-27 06:06:07,495 [main] INFO  handler.ContextHandler (ContextHandler.java:doStop(910)) - Stopped o.e.j.s.ServletContextHandler@426710f0{/logs,file:///workdir/hadoop-ozone/integration-test/target/log,UNAVAILABLE}
2019-09-27 06:06:07,496 [main] INFO  server.StorageContainerManager (StorageContainerManager.java:stop(855)) - Stopping Block Manager Service.
2019-09-27 06:06:07,496 [main] INFO  utils.BackgroundService (BackgroundService.java:shutdown(148)) - Shutting down service SCMBlockDeletingService
2019-09-27 06:06:07,497 [main] INFO  utils.BackgroundService (BackgroundService.java:shutdown(148)) - Shutting down service SCMBlockDeletingService
2019-09-27 06:06:07,497 [main] INFO  server.StorageContainerManager (StorageContainerManager.java:stop(877)) - Stopping SCM Event Queue.
2019-09-27 06:06:07,503 [main] INFO  impl.MetricsSystemImpl (MetricsSystemImpl.java:stop(210)) - Stopping HddsDatanode metrics system...
2019-09-27 06:06:07,542 [main] INFO  impl.MetricsSystemImpl (MetricsSystemImpl.java:stop(216)) - HddsDatanode metrics system stopped.
]]></system-out>
    <system-err><![CDATA[Sep 27, 2019 6:05:52 AM org.apache.ratis.thirdparty.io.grpc.internal.SerializingExecutor run
SEVERE: Exception while executing runnable org.apache.ratis.thirdparty.io.grpc.internal.ServerImpl$JumpToApplicationThreadServerStreamListener$1Closed@77b5d333
org.apache.ratis.thirdparty.io.grpc.StatusRuntimeException: CANCELLED: call already cancelled
	at org.apache.ratis.thirdparty.io.grpc.Status.asRuntimeException(Status.java:517)
	at org.apache.ratis.thirdparty.io.grpc.stub.ServerCalls$ServerCallStreamObserverImpl.onCompleted(ServerCalls.java:356)
	at org.apache.ratis.grpc.server.GrpcServerProtocolService$ServerRequestStreamObserver.onError(GrpcServerProtocolService.java:121)
	at org.apache.ratis.thirdparty.io.grpc.stub.ServerCalls$StreamingServerCallHandler$StreamingServerCallListener.onCancel(ServerCalls.java:269)
	at org.apache.ratis.thirdparty.io.grpc.internal.ServerCallImpl$ServerStreamListenerImpl.closed(ServerCallImpl.java:293)
	at org.apache.ratis.thirdparty.io.grpc.internal.ServerImpl$JumpToApplicationThreadServerStreamListener$1Closed.runInContext(ServerImpl.java:741)
	at org.apache.ratis.thirdparty.io.grpc.internal.ContextRunnable.run(ContextRunnable.java:37)
	at org.apache.ratis.thirdparty.io.grpc.internal.SerializingExecutor.run(SerializingExecutor.java:123)
	at java.util.concurrent.ThreadPoolExecutor.runWorker(ThreadPoolExecutor.java:1149)
	at java.util.concurrent.ThreadPoolExecutor$Worker.run(ThreadPoolExecutor.java:624)
	at java.lang.Thread.run(Thread.java:748)

]]></system-err>
  </testcase>
  <testcase name="testExceptionDuringClose" classname="org.apache.hadoop.ozone.client.rpc.TestBlockOutputStreamWithFailures" time="34.967"/>
</testsuite>