<?xml version="1.0" encoding="UTF-8"?>
<testsuite xmlns:xsi="http://www.w3.org/2001/XMLSchema-instance" xsi:noNamespaceSchemaLocation="https://maven.apache.org/surefire/maven-surefire-plugin/xsd/surefire-test-report.xsd" name="org.apache.hadoop.ozone.scm.pipeline.TestSCMPipelineMetrics" time="78.983" tests="3" errors="0" skipped="0" failures="1">
  <properties>
    <property name="awt.toolkit" value="sun.awt.X11.XToolkit"/>
    <property name="file.encoding.pkg" value="sun.io"/>
    <property name="java.specification.version" value="1.8"/>
    <property name="sun.cpu.isalist" value=""/>
    <property name="sun.jnu.encoding" value="ANSI_X3.4-1968"/>
    <property name="java.class.path" value="/workdir/hadoop-ozone/integration-test/target/test-classes:/workdir/hadoop-ozone/integration-test/target/classes:/home/user/.m2/repository/org/apache/hadoop/hadoop-ozone-common/0.5.0-SNAPSHOT/hadoop-ozone-common-0.5.0-SNAPSHOT.jar:/home/user/.m2/repository/org/apache/commons/commons-compress/1.4.1/commons-compress-1.4.1.jar:/home/user/.m2/repository/org/tukaani/xz/1.0/xz-1.0.jar:/home/user/.m2/repository/org/apache/hadoop/hadoop-common/3.2.0/hadoop-common-3.2.0.jar:/home/user/.m2/repository/org/apache/hadoop/hadoop-hdfs/3.2.0/hadoop-hdfs-3.2.0.jar:/home/user/.m2/repository/org/apache/hadoop/hadoop-hdfs-client/3.2.0/hadoop-hdfs-client-3.2.0.jar:/home/user/.m2/repository/com/fasterxml/jackson/core/jackson-annotations/2.9.9/jackson-annotations-2.9.9.jar:/home/user/.m2/repository/org/apache/hadoop/hadoop-hdds-common/0.5.0-SNAPSHOT/hadoop-hdds-common-0.5.0-SNAPSHOT.jar:/home/user/.m2/repository/javax/annotation/javax.annotation-api/1.2/javax.annotation-api-1.2.jar:/home/user/.m2/repository/org/apache/ratis/ratis-server/0.5.0-ced7dbf-SNAPSHOT/ratis-server-0.5.0-ced7dbf-SNAPSHOT.jar:/home/user/.m2/repository/org/apache/ratis/ratis-thirdparty-misc/0.2.0/ratis-thirdparty-misc-0.2.0.jar:/home/user/.m2/repository/org/apache/ratis/ratis-proto/0.5.0-ced7dbf-SNAPSHOT/ratis-proto-0.5.0-ced7dbf-SNAPSHOT.jar:/home/user/.m2/repository/org/apache/ratis/ratis-common/0.5.0-ced7dbf-SNAPSHOT/ratis-common-0.5.0-ced7dbf-SNAPSHOT.jar:/home/user/.m2/repository/org/apache/ratis/ratis-client/0.5.0-ced7dbf-SNAPSHOT/ratis-client-0.5.0-ced7dbf-SNAPSHOT.jar:/home/user/.m2/repository/org/apache/ratis/ratis-metrics/0.5.0-ced7dbf-SNAPSHOT/ratis-metrics-0.5.0-ced7dbf-SNAPSHOT.jar:/home/user/.m2/repository/org/apache/ratis/ratis-netty/0.5.0-ced7dbf-SNAPSHOT/ratis-netty-0.5.0-ced7dbf-SNAPSHOT.jar:/home/user/.m2/repository/org/apache/ratis/ratis-grpc/0.5.0-ced7dbf-SNAPSHOT/ratis-grpc-0.5.0-ced7dbf-SNAPSHOT.jar:/home/user/.m2/repository/org/rocksdb/rocksdbjni/6.0.1/rocksdbjni-6.0.1.jar:/home/user/.m2/repository/org/apache/logging/log4j/log4j-api/2.11.0/log4j-api-2.11.0.jar:/home/user/.m2/repository/org/apache/logging/log4j/log4j-core/2.11.0/log4j-core-2.11.0.jar:/home/user/.m2/repository/com/lmax/disruptor/3.4.2/disruptor-3.4.2.jar:/home/user/.m2/repository/org/apache/commons/commons-pool2/2.6.0/commons-pool2-2.6.0.jar:/home/user/.m2/repository/org/bouncycastle/bcpkix-jdk15on/1.60/bcpkix-jdk15on-1.60.jar:/home/user/.m2/repository/commons-validator/commons-validator/1.6/commons-validator-1.6.jar:/home/user/.m2/repository/commons-digester/commons-digester/1.8.1/commons-digester-1.8.1.jar:/home/user/.m2/repository/io/jaegertracing/jaeger-client/0.34.0/jaeger-client-0.34.0.jar:/home/user/.m2/repository/io/jaegertracing/jaeger-thrift/0.34.0/jaeger-thrift-0.34.0.jar:/home/user/.m2/repository/org/apache/thrift/libthrift/0.12.0/libthrift-0.12.0.jar:/home/user/.m2/repository/com/squareup/okhttp3/okhttp/3.9.0/okhttp-3.9.0.jar:/home/user/.m2/repository/com/squareup/okio/okio/1.13.0/okio-1.13.0.jar:/home/user/.m2/repository/io/jaegertracing/jaeger-core/0.34.0/jaeger-core-0.34.0.jar:/home/user/.m2/repository/io/jaegertracing/jaeger-tracerresolver/0.34.0/jaeger-tracerresolver-0.34.0.jar:/home/user/.m2/repository/io/opentracing/contrib/opentracing-tracerresolver/0.1.5/opentracing-tracerresolver-0.1.5.jar:/home/user/.m2/repository/io/opentracing/opentracing-util/0.31.0/opentracing-util-0.31.0.jar:/home/user/.m2/repository/io/opentracing/opentracing-api/0.31.0/opentracing-api-0.31.0.jar:/home/user/.m2/repository/io/opentracing/opentracing-noop/0.31.0/opentracing-noop-0.31.0.jar:/home/user/.m2/repository/org/apache/hadoop/hadoop-hdds-server-framework/0.5.0-SNAPSHOT/hadoop-hdds-server-framework-0.5.0-SNAPSHOT.jar:/home/user/.m2/repository/org/apache/hadoop/hadoop-hdds-container-service/0.5.0-SNAPSHOT/hadoop-hdds-container-service-0.5.0-SNAPSHOT.jar:/home/user/.m2/repository/org/apache/hadoop/hadoop-hdds-client/0.5.0-SNAPSHOT/hadoop-hdds-client-0.5.0-SNAPSHOT.jar:/home/user/.m2/repository/org/apache/hadoop/hadoop-hdds-tools/0.5.0-SNAPSHOT/hadoop-hdds-tools-0.5.0-SNAPSHOT.jar:/home/user/.m2/repository/org/apache/hadoop/hadoop-hdds-server-scm/0.5.0-SNAPSHOT/hadoop-hdds-server-scm-0.5.0-SNAPSHOT.jar:/home/user/.m2/repository/org/apache/hadoop/hadoop-hdds-docs/0.5.0-SNAPSHOT/hadoop-hdds-docs-0.5.0-SNAPSHOT.jar:/home/user/.m2/repository/io/dropwizard/metrics/metrics-core/3.2.4/metrics-core-3.2.4.jar:/home/user/.m2/repository/org/hamcrest/hamcrest-all/1.3/hamcrest-all-1.3.jar:/home/user/.m2/repository/org/bouncycastle/bcprov-jdk15on/1.60/bcprov-jdk15on-1.60.jar:/home/user/.m2/repository/info/picocli/picocli/3.9.6/picocli-3.9.6.jar:/home/user/.m2/repository/com/google/protobuf/protobuf-java/2.5.0/protobuf-java-2.5.0.jar:/home/user/.m2/repository/com/google/guava/guava/11.0.2/guava-11.0.2.jar:/home/user/.m2/repository/org/apache/hadoop/hadoop-ozone-ozone-manager/0.5.0-SNAPSHOT/hadoop-ozone-ozone-manager-0.5.0-SNAPSHOT.jar:/home/user/.m2/repository/org/apache/hadoop/hadoop-minikdc/3.2.0/hadoop-minikdc-3.2.0.jar:/home/user/.m2/repository/commons-io/commons-io/2.5/commons-io-2.5.jar:/home/user/.m2/repository/org/apache/kerby/kerb-simplekdc/1.0.1/kerb-simplekdc-1.0.1.jar:/home/user/.m2/repository/org/apache/kerby/kerb-client/1.0.1/kerb-client-1.0.1.jar:/home/user/.m2/repository/org/apache/kerby/kerby-config/1.0.1/kerby-config-1.0.1.jar:/home/user/.m2/repository/org/apache/kerby/kerb-core/1.0.1/kerb-core-1.0.1.jar:/home/user/.m2/repository/org/apache/kerby/kerby-pkix/1.0.1/kerby-pkix-1.0.1.jar:/home/user/.m2/repository/org/apache/kerby/kerby-asn1/1.0.1/kerby-asn1-1.0.1.jar:/home/user/.m2/repository/org/apache/kerby/kerby-util/1.0.1/kerby-util-1.0.1.jar:/home/user/.m2/repository/org/apache/kerby/kerb-common/1.0.1/kerb-common-1.0.1.jar:/home/user/.m2/repository/org/apache/kerby/kerb-crypto/1.0.1/kerb-crypto-1.0.1.jar:/home/user/.m2/repository/org/apache/kerby/kerb-util/1.0.1/kerb-util-1.0.1.jar:/home/user/.m2/repository/org/apache/kerby/token-provider/1.0.1/token-provider-1.0.1.jar:/home/user/.m2/repository/org/apache/kerby/kerb-admin/1.0.1/kerb-admin-1.0.1.jar:/home/user/.m2/repository/org/apache/kerby/kerb-server/1.0.1/kerb-server-1.0.1.jar:/home/user/.m2/repository/org/apache/kerby/kerb-identity/1.0.1/kerb-identity-1.0.1.jar:/home/user/.m2/repository/org/apache/kerby/kerby-xdr/1.0.1/kerby-xdr-1.0.1.jar:/home/user/.m2/repository/org/slf4j/slf4j-log4j12/1.7.25/slf4j-log4j12-1.7.25.jar:/home/user/.m2/repository/org/apache/hadoop/hadoop-ozone-s3gateway/0.5.0-SNAPSHOT/hadoop-ozone-s3gateway-0.5.0-SNAPSHOT.jar:/home/user/.m2/repository/org/jboss/weld/servlet/weld-servlet/2.4.7.Final/weld-servlet-2.4.7.Final.jar:/home/user/.m2/repository/org/glassfish/jersey/containers/jersey-container-servlet-core/2.27/jersey-container-servlet-core-2.27.jar:/home/user/.m2/repository/org/glassfish/hk2/external/javax.inject/2.5.0-b42/javax.inject-2.5.0-b42.jar:/home/user/.m2/repository/org/glassfish/jersey/core/jersey-common/2.27/jersey-common-2.27.jar:/home/user/.m2/repository/org/glassfish/hk2/osgi-resource-locator/1.0.1/osgi-resource-locator-1.0.1.jar:/home/user/.m2/repository/javax/ws/rs/javax.ws.rs-api/2.1/javax.ws.rs-api-2.1.jar:/home/user/.m2/repository/org/glassfish/jersey/ext/cdi/jersey-cdi1x/2.27/jersey-cdi1x-2.27.jar:/home/user/.m2/repository/org/glassfish/jersey/inject/jersey-hk2/2.27/jersey-hk2-2.27.jar:/home/user/.m2/repository/org/glassfish/hk2/hk2-locator/2.5.0-b42/hk2-locator-2.5.0-b42.jar:/home/user/.m2/repository/org/javassist/javassist/3.22.0-CR2/javassist-3.22.0-CR2.jar:/home/user/.m2/repository/org/glassfish/hk2/hk2-api/2.5.0/hk2-api-2.5.0.jar:/home/user/.m2/repository/org/glassfish/hk2/external/jakarta.inject/2.5.0/jakarta.inject-2.5.0.jar:/home/user/.m2/repository/org/glassfish/hk2/hk2-utils/2.5.0/hk2-utils-2.5.0.jar:/home/user/.m2/repository/jakarta/annotation/jakarta.annotation-api/1.3.4/jakarta.annotation-api-1.3.4.jar:/home/user/.m2/repository/org/glassfish/hk2/external/aopalliance-repackaged/2.5.0/aopalliance-repackaged-2.5.0.jar:/home/user/.m2/repository/com/fasterxml/jackson/dataformat/jackson-dataformat-xml/2.9.0/jackson-dataformat-xml-2.9.0.jar:/home/user/.m2/repository/com/fasterxml/jackson/core/jackson-core/2.9.9/jackson-core-2.9.9.jar:/home/user/.m2/repository/com/fasterxml/jackson/module/jackson-module-jaxb-annotations/2.9.9/jackson-module-jaxb-annotations-2.9.9.jar:/home/user/.m2/repository/javax/enterprise/cdi-api/1.2/cdi-api-1.2.jar:/home/user/.m2/repository/javax/el/javax.el-api/3.0.0/javax.el-api-3.0.0.jar:/home/user/.m2/repository/javax/interceptor/javax.interceptor-api/1.2/javax.interceptor-api-1.2.jar:/home/user/.m2/repository/javax/inject/javax.inject/1/javax.inject-1.jar:/home/user/.m2/repository/com/sun/xml/bind/jaxb-impl/2.3.0.1/jaxb-impl-2.3.0.1.jar:/home/user/.m2/repository/com/sun/xml/bind/jaxb-core/2.3.0.1/jaxb-core-2.3.0.1.jar:/home/user/.m2/repository/javax/xml/bind/jaxb-api/2.3.0/jaxb-api-2.3.0.jar:/home/user/.m2/repository/javax/activation/activation/1.1.1/activation-1.1.1.jar:/home/user/.m2/repository/org/apache/hadoop/hadoop-ozone-csi/0.5.0-SNAPSHOT/hadoop-ozone-csi-0.5.0-SNAPSHOT.jar:/home/user/.m2/repository/com/google/protobuf/protobuf-java-util/3.5.1/protobuf-java-util-3.5.1.jar:/home/user/.m2/repository/org/apache/hadoop/hadoop-hdds-config/0.5.0-SNAPSHOT/hadoop-hdds-config-0.5.0-SNAPSHOT.jar:/home/user/.m2/repository/io/grpc/grpc-netty/1.17.1/grpc-netty-1.17.1.jar:/home/user/.m2/repository/io/grpc/grpc-core/1.17.1/grpc-core-1.17.1.jar:/home/user/.m2/repository/io/grpc/grpc-context/1.17.1/grpc-context-1.17.1.jar:/home/user/.m2/repository/com/google/errorprone/error_prone_annotations/2.2.0/error_prone_annotations-2.2.0.jar:/home/user/.m2/repository/org/codehaus/mojo/animal-sniffer-annotations/1.17/animal-sniffer-annotations-1.17.jar:/home/user/.m2/repository/io/opencensus/opencensus-api/0.17.0/opencensus-api-0.17.0.jar:/home/user/.m2/repository/io/opencensus/opencensus-contrib-grpc-metrics/0.17.0/opencensus-contrib-grpc-metrics-0.17.0.jar:/home/user/.m2/repository/io/netty/netty-codec-http2/4.1.30.Final/netty-codec-http2-4.1.30.Final.jar:/home/user/.m2/repository/io/netty/netty-codec-http/4.1.30.Final/netty-codec-http-4.1.30.Final.jar:/home/user/.m2/repository/io/netty/netty-codec/4.1.30.Final/netty-codec-4.1.30.Final.jar:/home/user/.m2/repository/io/netty/netty-handler/4.1.30.Final/netty-handler-4.1.30.Final.jar:/home/user/.m2/repository/io/netty/netty-handler-proxy/4.1.30.Final/netty-handler-proxy-4.1.30.Final.jar:/home/user/.m2/repository/io/netty/netty-codec-socks/4.1.30.Final/netty-codec-socks-4.1.30.Final.jar:/home/user/.m2/repository/io/netty/netty-transport-native-epoll/4.1.30.Final/netty-transport-native-epoll-4.1.30.Final.jar:/home/user/.m2/repository/io/netty/netty-common/4.1.30.Final/netty-common-4.1.30.Final.jar:/home/user/.m2/repository/io/netty/netty-buffer/4.1.30.Final/netty-buffer-4.1.30.Final.jar:/home/user/.m2/repository/io/netty/netty-transport/4.1.30.Final/netty-transport-4.1.30.Final.jar:/home/user/.m2/repository/io/netty/netty-resolver/4.1.30.Final/netty-resolver-4.1.30.Final.jar:/home/user/.m2/repository/io/netty/netty-transport-native-unix-common/4.1.30.Final/netty-transport-native-unix-common-4.1.30.Final.jar:/home/user/.m2/repository/io/grpc/grpc-protobuf/1.17.1/grpc-protobuf-1.17.1.jar:/home/user/.m2/repository/com/google/api/grpc/proto-google-common-protos/1.0.0/proto-google-common-protos-1.0.0.jar:/home/user/.m2/repository/io/grpc/grpc-protobuf-lite/1.17.1/grpc-protobuf-lite-1.17.1.jar:/home/user/.m2/repository/io/grpc/grpc-stub/1.17.1/grpc-stub-1.17.1.jar:/home/user/.m2/repository/org/apache/hadoop/hadoop-ozone-recon/0.5.0-SNAPSHOT/hadoop-ozone-recon-0.5.0-SNAPSHOT.jar:/home/user/.m2/repository/org/apache/hadoop/hadoop-ozone-reconcodegen/0.5.0-SNAPSHOT/hadoop-ozone-reconcodegen-0.5.0-SNAPSHOT.jar:/home/user/.m2/repository/com/google/inject/extensions/guice-multibindings/4.0/guice-multibindings-4.0.jar:/home/user/.m2/repository/com/google/inject/guice/4.0/guice-4.0.jar:/home/user/.m2/repository/aopalliance/aopalliance/1.0/aopalliance-1.0.jar:/home/user/.m2/repository/com/google/inject/extensions/guice-servlet/4.0/guice-servlet-4.0.jar:/home/user/.m2/repository/org/glassfish/jersey/containers/jersey-container-servlet/2.27/jersey-container-servlet-2.27.jar:/home/user/.m2/repository/org/glassfish/hk2/guice-bridge/2.5.0/guice-bridge-2.5.0.jar:/home/user/.m2/repository/org/glassfish/jersey/core/jersey-server/2.27/jersey-server-2.27.jar:/home/user/.m2/repository/org/glassfish/jersey/core/jersey-client/2.27/jersey-client-2.27.jar:/home/user/.m2/repository/org/glassfish/jersey/media/jersey-media-jaxb/2.27/jersey-media-jaxb-2.27.jar:/home/user/.m2/repository/javax/validation/validation-api/1.1.0.Final/validation-api-1.1.0.Final.jar:/home/user/.m2/repository/org/glassfish/jersey/media/jersey-media-json-jackson/2.27/jersey-media-json-jackson-2.27.jar:/home/user/.m2/repository/org/glassfish/jersey/ext/jersey-entity-filtering/2.27/jersey-entity-filtering-2.27.jar:/home/user/.m2/repository/com/google/inject/extensions/guice-assistedinject/4.0/guice-assistedinject-4.0.jar:/home/user/.m2/repository/org/jooq/jooq/3.11.10/jooq-3.11.10.jar:/home/user/.m2/repository/org/jooq/jooq-meta/3.11.10/jooq-meta-3.11.10.jar:/home/user/.m2/repository/org/jooq/jooq-codegen/3.11.10/jooq-codegen-3.11.10.jar:/home/user/.m2/repository/com/jolbox/bonecp/0.8.0.RELEASE/bonecp-0.8.0.RELEASE.jar:/home/user/.m2/repository/org/xerial/sqlite-jdbc/3.25.2/sqlite-jdbc-3.25.2.jar:/home/user/.m2/repository/org/springframework/spring-jdbc/5.1.3.RELEASE/spring-jdbc-5.1.3.RELEASE.jar:/home/user/.m2/repository/org/springframework/spring-beans/5.1.3.RELEASE/spring-beans-5.1.3.RELEASE.jar:/home/user/.m2/repository/org/springframework/spring-core/5.1.3.RELEASE/spring-core-5.1.3.RELEASE.jar:/home/user/.m2/repository/org/springframework/spring-jcl/5.1.3.RELEASE/spring-jcl-5.1.3.RELEASE.jar:/home/user/.m2/repository/org/springframework/spring-tx/5.1.3.RELEASE/spring-tx-5.1.3.RELEASE.jar:/home/user/.m2/repository/org/apache/hadoop/hadoop-ozone-client/0.5.0-SNAPSHOT/hadoop-ozone-client-0.5.0-SNAPSHOT.jar:/home/user/.m2/repository/commons-lang/commons-lang/2.6/commons-lang-2.6.jar:/home/user/.m2/repository/org/apache/hadoop/hadoop-ozone-ozone-manager/0.5.0-SNAPSHOT/hadoop-ozone-ozone-manager-0.5.0-SNAPSHOT-tests.jar:/home/user/.m2/repository/junit/junit/4.11/junit-4.11.jar:/home/user/.m2/repository/org/hamcrest/hamcrest-core/1.3/hamcrest-core-1.3.jar:/home/user/.m2/repository/org/openjdk/jmh/jmh-core/1.19/jmh-core-1.19.jar:/home/user/.m2/repository/net/sf/jopt-simple/jopt-simple/4.6/jopt-simple-4.6.jar:/home/user/.m2/repository/org/apache/commons/commons-math3/3.1.1/commons-math3-3.1.1.jar:/home/user/.m2/repository/org/openjdk/jmh/jmh-generator-annprocess/1.19/jmh-generator-annprocess-1.19.jar:/home/user/.m2/repository/org/mockito/mockito-all/1.8.5/mockito-all-1.8.5.jar:/home/user/.m2/repository/org/apache/hadoop/hadoop-kms/3.2.0/hadoop-kms-3.2.0.jar:/home/user/.m2/repository/org/apache/hadoop/hadoop-auth/3.2.0/hadoop-auth-3.2.0.jar:/home/user/.m2/repository/com/nimbusds/nimbus-jose-jwt/4.41.1/nimbus-jose-jwt-4.41.1.jar:/home/user/.m2/repository/com/github/stephenc/jcip/jcip-annotations/1.0-1/jcip-annotations-1.0-1.jar:/home/user/.m2/repository/net/minidev/json-smart/2.3/json-smart-2.3.jar:/home/user/.m2/repository/net/minidev/accessors-smart/1.2/accessors-smart-1.2.jar:/home/user/.m2/repository/org/ow2/asm/asm/5.0.4/asm-5.0.4.jar:/home/user/.m2/repository/org/apache/curator/curator-framework/2.12.0/curator-framework-2.12.0.jar:/home/user/.m2/repository/com/sun/jersey/jersey-core/1.19/jersey-core-1.19.jar:/home/user/.m2/repository/javax/ws/rs/jsr311-api/1.1.1/jsr311-api-1.1.1.jar:/home/user/.m2/repository/com/sun/jersey/jersey-server/1.19/jersey-server-1.19.jar:/home/user/.m2/repository/javax/servlet/javax.servlet-api/3.1.0/javax.servlet-api-3.1.0.jar:/home/user/.m2/repository/org/eclipse/jetty/jetty-server/9.3.25.v20180904/jetty-server-9.3.25.v20180904.jar:/home/user/.m2/repository/org/eclipse/jetty/jetty-http/9.3.25.v20180904/jetty-http-9.3.25.v20180904.jar:/home/user/.m2/repository/org/eclipse/jetty/jetty-io/9.3.25.v20180904/jetty-io-9.3.25.v20180904.jar:/home/user/.m2/repository/org/eclipse/jetty/jetty-webapp/9.3.25.v20180904/jetty-webapp-9.3.25.v20180904.jar:/home/user/.m2/repository/org/eclipse/jetty/jetty-xml/9.3.25.v20180904/jetty-xml-9.3.25.v20180904.jar:/home/user/.m2/repository/log4j/log4j/1.2.17/log4j-1.2.17.jar:/home/user/.m2/repository/org/slf4j/slf4j-api/1.7.25/slf4j-api-1.7.25.jar:/home/user/.m2/repository/org/slf4j/jul-to-slf4j/1.7.25/jul-to-slf4j-1.7.25.jar:/home/user/.m2/repository/org/eclipse/jetty/jetty-util/9.3.25.v20180904/jetty-util-9.3.25.v20180904.jar:/home/user/.m2/repository/com/fasterxml/jackson/core/jackson-databind/2.9.9/jackson-databind-2.9.9.jar:/home/user/.m2/repository/org/apache/hadoop/hadoop-kms/3.2.0/hadoop-kms-3.2.0-tests.jar:/home/user/.m2/repository/org/apache/hadoop/hadoop-hdds-server-scm/0.5.0-SNAPSHOT/hadoop-hdds-server-scm-0.5.0-SNAPSHOT-tests.jar:/home/user/.m2/repository/org/apache/hadoop/hadoop-hdds-container-service/0.5.0-SNAPSHOT/hadoop-hdds-container-service-0.5.0-SNAPSHOT-tests.jar:/home/user/.m2/repository/org/yaml/snakeyaml/1.16/snakeyaml-1.16.jar:/home/user/.m2/repository/org/apache/hadoop/hadoop-common/3.2.0/hadoop-common-3.2.0-tests.jar:/home/user/.m2/repository/org/apache/hadoop/hadoop-annotations/3.2.0/hadoop-annotations-3.2.0.jar:/usr/lib/jvm/java-1.8.0-openjdk-1.8.0.222.b10-1.el7_7.x86_64/jre/../lib/tools.jar:/home/user/.m2/repository/commons-cli/commons-cli/1.2/commons-cli-1.2.jar:/home/user/.m2/repository/org/apache/httpcomponents/httpclient/4.5.2/httpclient-4.5.2.jar:/home/user/.m2/repository/org/apache/httpcomponents/httpcore/4.4.4/httpcore-4.4.4.jar:/home/user/.m2/repository/commons-codec/commons-codec/1.11/commons-codec-1.11.jar:/home/user/.m2/repository/commons-net/commons-net/3.6/commons-net-3.6.jar:/home/user/.m2/repository/commons-collections/commons-collections/3.2.2/commons-collections-3.2.2.jar:/home/user/.m2/repository/org/eclipse/jetty/jetty-servlet/9.3.25.v20180904/jetty-servlet-9.3.25.v20180904.jar:/home/user/.m2/repository/org/eclipse/jetty/jetty-security/9.3.25.v20180904/jetty-security-9.3.25.v20180904.jar:/home/user/.m2/repository/javax/servlet/jsp/jsp-api/2.1/jsp-api-2.1.jar:/home/user/.m2/repository/com/sun/jersey/jersey-servlet/1.19/jersey-servlet-1.19.jar:/home/user/.m2/repository/com/sun/jersey/jersey-json/1.19/jersey-json-1.19.jar:/home/user/.m2/repository/org/codehaus/jettison/jettison/1.1/jettison-1.1.jar:/home/user/.m2/repository/org/codehaus/jackson/jackson-core-asl/1.9.13/jackson-core-asl-1.9.13.jar:/home/user/.m2/repository/org/codehaus/jackson/jackson-mapper-asl/1.9.13/jackson-mapper-asl-1.9.13.jar:/home/user/.m2/repository/org/codehaus/jackson/jackson-jaxrs/1.9.13/jackson-jaxrs-1.9.13.jar:/home/user/.m2/repository/org/codehaus/jackson/jackson-xc/1.9.13/jackson-xc-1.9.13.jar:/home/user/.m2/repository/commons-logging/commons-logging/1.1.3/commons-logging-1.1.3.jar:/home/user/.m2/repository/commons-beanutils/commons-beanutils/1.9.4/commons-beanutils-1.9.4.jar:/home/user/.m2/repository/org/apache/commons/commons-configuration2/2.1.1/commons-configuration2-2.1.1.jar:/home/user/.m2/repository/org/apache/commons/commons-lang3/3.7/commons-lang3-3.7.jar:/home/user/.m2/repository/org/apache/commons/commons-text/1.4/commons-text-1.4.jar:/home/user/.m2/repository/org/apache/avro/avro/1.7.7/avro-1.7.7.jar:/home/user/.m2/repository/com/thoughtworks/paranamer/paranamer/2.3/paranamer-2.3.jar:/home/user/.m2/repository/org/xerial/snappy/snappy-java/1.0.5/snappy-java-1.0.5.jar:/home/user/.m2/repository/com/google/re2j/re2j/1.1/re2j-1.1.jar:/home/user/.m2/repository/com/google/code/gson/gson/2.2.4/gson-2.2.4.jar:/home/user/.m2/repository/com/jcraft/jsch/0.1.54/jsch-0.1.54.jar:/home/user/.m2/repository/org/apache/curator/curator-client/2.12.0/curator-client-2.12.0.jar:/home/user/.m2/repository/org/apache/curator/curator-recipes/2.12.0/curator-recipes-2.12.0.jar:/home/user/.m2/repository/com/google/code/findbugs/jsr305/3.0.0/jsr305-3.0.0.jar:/home/user/.m2/repository/org/apache/htrace/htrace-core4/4.1.0-incubating/htrace-core4-4.1.0-incubating.jar:/home/user/.m2/repository/org/apache/zookeeper/zookeeper/3.4.13/zookeeper-3.4.13.jar:/home/user/.m2/repository/jline/jline/0.9.94/jline-0.9.94.jar:/home/user/.m2/repository/org/apache/yetus/audience-annotations/0.5.0/audience-annotations-0.5.0.jar:/home/user/.m2/repository/org/codehaus/woodstox/stax2-api/3.1.4/stax2-api-3.1.4.jar:/home/user/.m2/repository/com/fasterxml/woodstox/woodstox-core/5.0.3/woodstox-core-5.0.3.jar:/home/user/.m2/repository/dnsjava/dnsjava/2.1.7/dnsjava-2.1.7.jar:/home/user/.m2/repository/org/apache/hadoop/hadoop-hdfs/3.2.0/hadoop-hdfs-3.2.0-tests.jar:/home/user/.m2/repository/org/eclipse/jetty/jetty-util-ajax/9.3.25.v20180904/jetty-util-ajax-9.3.25.v20180904.jar:/home/user/.m2/repository/commons-daemon/commons-daemon/1.0.13/commons-daemon-1.0.13.jar:/home/user/.m2/repository/io/netty/netty/3.10.5.Final/netty-3.10.5.Final.jar:/home/user/.m2/repository/io/netty/netty-all/4.0.52.Final/netty-all-4.0.52.Final.jar:/home/user/.m2/repository/org/fusesource/leveldbjni/leveldbjni-all/1.8/leveldbjni-all-1.8.jar:"/>
    <property name="java.vm.vendor" value="Oracle Corporation"/>
    <property name="sun.arch.data.model" value="64"/>
    <property name="test.build.dir" value="/workdir/hadoop-ozone/integration-test/target/test-dir"/>
    <property name="test.cache.data" value=""/>
    <property name="java.vendor.url" value="http://java.oracle.com/"/>
    <property name="user.timezone" value=""/>
    <property name="java.vm.specification.version" value="1.8"/>
    <property name="os.name" value="Linux"/>
    <property name="test.build.data" value="/workdir/hadoop-ozone/integration-test/target/test-dir"/>
    <property name="user.country" value="US"/>
    <property name="sun.java.launcher" value="SUN_STANDARD"/>
    <property name="sun.boot.library.path" value="/usr/lib/jvm/java-1.8.0-openjdk-1.8.0.222.b10-1.el7_7.x86_64/jre/lib/amd64"/>
    <property name="sun.java.command" value="/workdir/hadoop-ozone/integration-test/target/surefire/surefirebooter4067817817410314018.jar /workdir/hadoop-ozone/integration-test/target/surefire 2019-10-21T01-50-38_607-jvmRun1 surefire4919107883317538376tmp surefire_294468960747387197367tmp"/>
    <property name="surefire.test.class.path" value="/workdir/hadoop-ozone/integration-test/target/test-classes:/workdir/hadoop-ozone/integration-test/target/classes:/home/user/.m2/repository/org/apache/hadoop/hadoop-ozone-common/0.5.0-SNAPSHOT/hadoop-ozone-common-0.5.0-SNAPSHOT.jar:/home/user/.m2/repository/org/apache/commons/commons-compress/1.4.1/commons-compress-1.4.1.jar:/home/user/.m2/repository/org/tukaani/xz/1.0/xz-1.0.jar:/home/user/.m2/repository/org/apache/hadoop/hadoop-common/3.2.0/hadoop-common-3.2.0.jar:/home/user/.m2/repository/org/apache/hadoop/hadoop-hdfs/3.2.0/hadoop-hdfs-3.2.0.jar:/home/user/.m2/repository/org/apache/hadoop/hadoop-hdfs-client/3.2.0/hadoop-hdfs-client-3.2.0.jar:/home/user/.m2/repository/com/fasterxml/jackson/core/jackson-annotations/2.9.9/jackson-annotations-2.9.9.jar:/home/user/.m2/repository/org/apache/hadoop/hadoop-hdds-common/0.5.0-SNAPSHOT/hadoop-hdds-common-0.5.0-SNAPSHOT.jar:/home/user/.m2/repository/javax/annotation/javax.annotation-api/1.2/javax.annotation-api-1.2.jar:/home/user/.m2/repository/org/apache/ratis/ratis-server/0.5.0-ced7dbf-SNAPSHOT/ratis-server-0.5.0-ced7dbf-SNAPSHOT.jar:/home/user/.m2/repository/org/apache/ratis/ratis-thirdparty-misc/0.2.0/ratis-thirdparty-misc-0.2.0.jar:/home/user/.m2/repository/org/apache/ratis/ratis-proto/0.5.0-ced7dbf-SNAPSHOT/ratis-proto-0.5.0-ced7dbf-SNAPSHOT.jar:/home/user/.m2/repository/org/apache/ratis/ratis-common/0.5.0-ced7dbf-SNAPSHOT/ratis-common-0.5.0-ced7dbf-SNAPSHOT.jar:/home/user/.m2/repository/org/apache/ratis/ratis-client/0.5.0-ced7dbf-SNAPSHOT/ratis-client-0.5.0-ced7dbf-SNAPSHOT.jar:/home/user/.m2/repository/org/apache/ratis/ratis-metrics/0.5.0-ced7dbf-SNAPSHOT/ratis-metrics-0.5.0-ced7dbf-SNAPSHOT.jar:/home/user/.m2/repository/org/apache/ratis/ratis-netty/0.5.0-ced7dbf-SNAPSHOT/ratis-netty-0.5.0-ced7dbf-SNAPSHOT.jar:/home/user/.m2/repository/org/apache/ratis/ratis-grpc/0.5.0-ced7dbf-SNAPSHOT/ratis-grpc-0.5.0-ced7dbf-SNAPSHOT.jar:/home/user/.m2/repository/org/rocksdb/rocksdbjni/6.0.1/rocksdbjni-6.0.1.jar:/home/user/.m2/repository/org/apache/logging/log4j/log4j-api/2.11.0/log4j-api-2.11.0.jar:/home/user/.m2/repository/org/apache/logging/log4j/log4j-core/2.11.0/log4j-core-2.11.0.jar:/home/user/.m2/repository/com/lmax/disruptor/3.4.2/disruptor-3.4.2.jar:/home/user/.m2/repository/org/apache/commons/commons-pool2/2.6.0/commons-pool2-2.6.0.jar:/home/user/.m2/repository/org/bouncycastle/bcpkix-jdk15on/1.60/bcpkix-jdk15on-1.60.jar:/home/user/.m2/repository/commons-validator/commons-validator/1.6/commons-validator-1.6.jar:/home/user/.m2/repository/commons-digester/commons-digester/1.8.1/commons-digester-1.8.1.jar:/home/user/.m2/repository/io/jaegertracing/jaeger-client/0.34.0/jaeger-client-0.34.0.jar:/home/user/.m2/repository/io/jaegertracing/jaeger-thrift/0.34.0/jaeger-thrift-0.34.0.jar:/home/user/.m2/repository/org/apache/thrift/libthrift/0.12.0/libthrift-0.12.0.jar:/home/user/.m2/repository/com/squareup/okhttp3/okhttp/3.9.0/okhttp-3.9.0.jar:/home/user/.m2/repository/com/squareup/okio/okio/1.13.0/okio-1.13.0.jar:/home/user/.m2/repository/io/jaegertracing/jaeger-core/0.34.0/jaeger-core-0.34.0.jar:/home/user/.m2/repository/io/jaegertracing/jaeger-tracerresolver/0.34.0/jaeger-tracerresolver-0.34.0.jar:/home/user/.m2/repository/io/opentracing/contrib/opentracing-tracerresolver/0.1.5/opentracing-tracerresolver-0.1.5.jar:/home/user/.m2/repository/io/opentracing/opentracing-util/0.31.0/opentracing-util-0.31.0.jar:/home/user/.m2/repository/io/opentracing/opentracing-api/0.31.0/opentracing-api-0.31.0.jar:/home/user/.m2/repository/io/opentracing/opentracing-noop/0.31.0/opentracing-noop-0.31.0.jar:/home/user/.m2/repository/org/apache/hadoop/hadoop-hdds-server-framework/0.5.0-SNAPSHOT/hadoop-hdds-server-framework-0.5.0-SNAPSHOT.jar:/home/user/.m2/repository/org/apache/hadoop/hadoop-hdds-container-service/0.5.0-SNAPSHOT/hadoop-hdds-container-service-0.5.0-SNAPSHOT.jar:/home/user/.m2/repository/org/apache/hadoop/hadoop-hdds-client/0.5.0-SNAPSHOT/hadoop-hdds-client-0.5.0-SNAPSHOT.jar:/home/user/.m2/repository/org/apache/hadoop/hadoop-hdds-tools/0.5.0-SNAPSHOT/hadoop-hdds-tools-0.5.0-SNAPSHOT.jar:/home/user/.m2/repository/org/apache/hadoop/hadoop-hdds-server-scm/0.5.0-SNAPSHOT/hadoop-hdds-server-scm-0.5.0-SNAPSHOT.jar:/home/user/.m2/repository/org/apache/hadoop/hadoop-hdds-docs/0.5.0-SNAPSHOT/hadoop-hdds-docs-0.5.0-SNAPSHOT.jar:/home/user/.m2/repository/io/dropwizard/metrics/metrics-core/3.2.4/metrics-core-3.2.4.jar:/home/user/.m2/repository/org/hamcrest/hamcrest-all/1.3/hamcrest-all-1.3.jar:/home/user/.m2/repository/org/bouncycastle/bcprov-jdk15on/1.60/bcprov-jdk15on-1.60.jar:/home/user/.m2/repository/info/picocli/picocli/3.9.6/picocli-3.9.6.jar:/home/user/.m2/repository/com/google/protobuf/protobuf-java/2.5.0/protobuf-java-2.5.0.jar:/home/user/.m2/repository/com/google/guava/guava/11.0.2/guava-11.0.2.jar:/home/user/.m2/repository/org/apache/hadoop/hadoop-ozone-ozone-manager/0.5.0-SNAPSHOT/hadoop-ozone-ozone-manager-0.5.0-SNAPSHOT.jar:/home/user/.m2/repository/org/apache/hadoop/hadoop-minikdc/3.2.0/hadoop-minikdc-3.2.0.jar:/home/user/.m2/repository/commons-io/commons-io/2.5/commons-io-2.5.jar:/home/user/.m2/repository/org/apache/kerby/kerb-simplekdc/1.0.1/kerb-simplekdc-1.0.1.jar:/home/user/.m2/repository/org/apache/kerby/kerb-client/1.0.1/kerb-client-1.0.1.jar:/home/user/.m2/repository/org/apache/kerby/kerby-config/1.0.1/kerby-config-1.0.1.jar:/home/user/.m2/repository/org/apache/kerby/kerb-core/1.0.1/kerb-core-1.0.1.jar:/home/user/.m2/repository/org/apache/kerby/kerby-pkix/1.0.1/kerby-pkix-1.0.1.jar:/home/user/.m2/repository/org/apache/kerby/kerby-asn1/1.0.1/kerby-asn1-1.0.1.jar:/home/user/.m2/repository/org/apache/kerby/kerby-util/1.0.1/kerby-util-1.0.1.jar:/home/user/.m2/repository/org/apache/kerby/kerb-common/1.0.1/kerb-common-1.0.1.jar:/home/user/.m2/repository/org/apache/kerby/kerb-crypto/1.0.1/kerb-crypto-1.0.1.jar:/home/user/.m2/repository/org/apache/kerby/kerb-util/1.0.1/kerb-util-1.0.1.jar:/home/user/.m2/repository/org/apache/kerby/token-provider/1.0.1/token-provider-1.0.1.jar:/home/user/.m2/repository/org/apache/kerby/kerb-admin/1.0.1/kerb-admin-1.0.1.jar:/home/user/.m2/repository/org/apache/kerby/kerb-server/1.0.1/kerb-server-1.0.1.jar:/home/user/.m2/repository/org/apache/kerby/kerb-identity/1.0.1/kerb-identity-1.0.1.jar:/home/user/.m2/repository/org/apache/kerby/kerby-xdr/1.0.1/kerby-xdr-1.0.1.jar:/home/user/.m2/repository/org/slf4j/slf4j-log4j12/1.7.25/slf4j-log4j12-1.7.25.jar:/home/user/.m2/repository/org/apache/hadoop/hadoop-ozone-s3gateway/0.5.0-SNAPSHOT/hadoop-ozone-s3gateway-0.5.0-SNAPSHOT.jar:/home/user/.m2/repository/org/jboss/weld/servlet/weld-servlet/2.4.7.Final/weld-servlet-2.4.7.Final.jar:/home/user/.m2/repository/org/glassfish/jersey/containers/jersey-container-servlet-core/2.27/jersey-container-servlet-core-2.27.jar:/home/user/.m2/repository/org/glassfish/hk2/external/javax.inject/2.5.0-b42/javax.inject-2.5.0-b42.jar:/home/user/.m2/repository/org/glassfish/jersey/core/jersey-common/2.27/jersey-common-2.27.jar:/home/user/.m2/repository/org/glassfish/hk2/osgi-resource-locator/1.0.1/osgi-resource-locator-1.0.1.jar:/home/user/.m2/repository/javax/ws/rs/javax.ws.rs-api/2.1/javax.ws.rs-api-2.1.jar:/home/user/.m2/repository/org/glassfish/jersey/ext/cdi/jersey-cdi1x/2.27/jersey-cdi1x-2.27.jar:/home/user/.m2/repository/org/glassfish/jersey/inject/jersey-hk2/2.27/jersey-hk2-2.27.jar:/home/user/.m2/repository/org/glassfish/hk2/hk2-locator/2.5.0-b42/hk2-locator-2.5.0-b42.jar:/home/user/.m2/repository/org/javassist/javassist/3.22.0-CR2/javassist-3.22.0-CR2.jar:/home/user/.m2/repository/org/glassfish/hk2/hk2-api/2.5.0/hk2-api-2.5.0.jar:/home/user/.m2/repository/org/glassfish/hk2/external/jakarta.inject/2.5.0/jakarta.inject-2.5.0.jar:/home/user/.m2/repository/org/glassfish/hk2/hk2-utils/2.5.0/hk2-utils-2.5.0.jar:/home/user/.m2/repository/jakarta/annotation/jakarta.annotation-api/1.3.4/jakarta.annotation-api-1.3.4.jar:/home/user/.m2/repository/org/glassfish/hk2/external/aopalliance-repackaged/2.5.0/aopalliance-repackaged-2.5.0.jar:/home/user/.m2/repository/com/fasterxml/jackson/dataformat/jackson-dataformat-xml/2.9.0/jackson-dataformat-xml-2.9.0.jar:/home/user/.m2/repository/com/fasterxml/jackson/core/jackson-core/2.9.9/jackson-core-2.9.9.jar:/home/user/.m2/repository/com/fasterxml/jackson/module/jackson-module-jaxb-annotations/2.9.9/jackson-module-jaxb-annotations-2.9.9.jar:/home/user/.m2/repository/javax/enterprise/cdi-api/1.2/cdi-api-1.2.jar:/home/user/.m2/repository/javax/el/javax.el-api/3.0.0/javax.el-api-3.0.0.jar:/home/user/.m2/repository/javax/interceptor/javax.interceptor-api/1.2/javax.interceptor-api-1.2.jar:/home/user/.m2/repository/javax/inject/javax.inject/1/javax.inject-1.jar:/home/user/.m2/repository/com/sun/xml/bind/jaxb-impl/2.3.0.1/jaxb-impl-2.3.0.1.jar:/home/user/.m2/repository/com/sun/xml/bind/jaxb-core/2.3.0.1/jaxb-core-2.3.0.1.jar:/home/user/.m2/repository/javax/xml/bind/jaxb-api/2.3.0/jaxb-api-2.3.0.jar:/home/user/.m2/repository/javax/activation/activation/1.1.1/activation-1.1.1.jar:/home/user/.m2/repository/org/apache/hadoop/hadoop-ozone-csi/0.5.0-SNAPSHOT/hadoop-ozone-csi-0.5.0-SNAPSHOT.jar:/home/user/.m2/repository/com/google/protobuf/protobuf-java-util/3.5.1/protobuf-java-util-3.5.1.jar:/home/user/.m2/repository/org/apache/hadoop/hadoop-hdds-config/0.5.0-SNAPSHOT/hadoop-hdds-config-0.5.0-SNAPSHOT.jar:/home/user/.m2/repository/io/grpc/grpc-netty/1.17.1/grpc-netty-1.17.1.jar:/home/user/.m2/repository/io/grpc/grpc-core/1.17.1/grpc-core-1.17.1.jar:/home/user/.m2/repository/io/grpc/grpc-context/1.17.1/grpc-context-1.17.1.jar:/home/user/.m2/repository/com/google/errorprone/error_prone_annotations/2.2.0/error_prone_annotations-2.2.0.jar:/home/user/.m2/repository/org/codehaus/mojo/animal-sniffer-annotations/1.17/animal-sniffer-annotations-1.17.jar:/home/user/.m2/repository/io/opencensus/opencensus-api/0.17.0/opencensus-api-0.17.0.jar:/home/user/.m2/repository/io/opencensus/opencensus-contrib-grpc-metrics/0.17.0/opencensus-contrib-grpc-metrics-0.17.0.jar:/home/user/.m2/repository/io/netty/netty-codec-http2/4.1.30.Final/netty-codec-http2-4.1.30.Final.jar:/home/user/.m2/repository/io/netty/netty-codec-http/4.1.30.Final/netty-codec-http-4.1.30.Final.jar:/home/user/.m2/repository/io/netty/netty-codec/4.1.30.Final/netty-codec-4.1.30.Final.jar:/home/user/.m2/repository/io/netty/netty-handler/4.1.30.Final/netty-handler-4.1.30.Final.jar:/home/user/.m2/repository/io/netty/netty-handler-proxy/4.1.30.Final/netty-handler-proxy-4.1.30.Final.jar:/home/user/.m2/repository/io/netty/netty-codec-socks/4.1.30.Final/netty-codec-socks-4.1.30.Final.jar:/home/user/.m2/repository/io/netty/netty-transport-native-epoll/4.1.30.Final/netty-transport-native-epoll-4.1.30.Final.jar:/home/user/.m2/repository/io/netty/netty-common/4.1.30.Final/netty-common-4.1.30.Final.jar:/home/user/.m2/repository/io/netty/netty-buffer/4.1.30.Final/netty-buffer-4.1.30.Final.jar:/home/user/.m2/repository/io/netty/netty-transport/4.1.30.Final/netty-transport-4.1.30.Final.jar:/home/user/.m2/repository/io/netty/netty-resolver/4.1.30.Final/netty-resolver-4.1.30.Final.jar:/home/user/.m2/repository/io/netty/netty-transport-native-unix-common/4.1.30.Final/netty-transport-native-unix-common-4.1.30.Final.jar:/home/user/.m2/repository/io/grpc/grpc-protobuf/1.17.1/grpc-protobuf-1.17.1.jar:/home/user/.m2/repository/com/google/api/grpc/proto-google-common-protos/1.0.0/proto-google-common-protos-1.0.0.jar:/home/user/.m2/repository/io/grpc/grpc-protobuf-lite/1.17.1/grpc-protobuf-lite-1.17.1.jar:/home/user/.m2/repository/io/grpc/grpc-stub/1.17.1/grpc-stub-1.17.1.jar:/home/user/.m2/repository/org/apache/hadoop/hadoop-ozone-recon/0.5.0-SNAPSHOT/hadoop-ozone-recon-0.5.0-SNAPSHOT.jar:/home/user/.m2/repository/org/apache/hadoop/hadoop-ozone-reconcodegen/0.5.0-SNAPSHOT/hadoop-ozone-reconcodegen-0.5.0-SNAPSHOT.jar:/home/user/.m2/repository/com/google/inject/extensions/guice-multibindings/4.0/guice-multibindings-4.0.jar:/home/user/.m2/repository/com/google/inject/guice/4.0/guice-4.0.jar:/home/user/.m2/repository/aopalliance/aopalliance/1.0/aopalliance-1.0.jar:/home/user/.m2/repository/com/google/inject/extensions/guice-servlet/4.0/guice-servlet-4.0.jar:/home/user/.m2/repository/org/glassfish/jersey/containers/jersey-container-servlet/2.27/jersey-container-servlet-2.27.jar:/home/user/.m2/repository/org/glassfish/hk2/guice-bridge/2.5.0/guice-bridge-2.5.0.jar:/home/user/.m2/repository/org/glassfish/jersey/core/jersey-server/2.27/jersey-server-2.27.jar:/home/user/.m2/repository/org/glassfish/jersey/core/jersey-client/2.27/jersey-client-2.27.jar:/home/user/.m2/repository/org/glassfish/jersey/media/jersey-media-jaxb/2.27/jersey-media-jaxb-2.27.jar:/home/user/.m2/repository/javax/validation/validation-api/1.1.0.Final/validation-api-1.1.0.Final.jar:/home/user/.m2/repository/org/glassfish/jersey/media/jersey-media-json-jackson/2.27/jersey-media-json-jackson-2.27.jar:/home/user/.m2/repository/org/glassfish/jersey/ext/jersey-entity-filtering/2.27/jersey-entity-filtering-2.27.jar:/home/user/.m2/repository/com/google/inject/extensions/guice-assistedinject/4.0/guice-assistedinject-4.0.jar:/home/user/.m2/repository/org/jooq/jooq/3.11.10/jooq-3.11.10.jar:/home/user/.m2/repository/org/jooq/jooq-meta/3.11.10/jooq-meta-3.11.10.jar:/home/user/.m2/repository/org/jooq/jooq-codegen/3.11.10/jooq-codegen-3.11.10.jar:/home/user/.m2/repository/com/jolbox/bonecp/0.8.0.RELEASE/bonecp-0.8.0.RELEASE.jar:/home/user/.m2/repository/org/xerial/sqlite-jdbc/3.25.2/sqlite-jdbc-3.25.2.jar:/home/user/.m2/repository/org/springframework/spring-jdbc/5.1.3.RELEASE/spring-jdbc-5.1.3.RELEASE.jar:/home/user/.m2/repository/org/springframework/spring-beans/5.1.3.RELEASE/spring-beans-5.1.3.RELEASE.jar:/home/user/.m2/repository/org/springframework/spring-core/5.1.3.RELEASE/spring-core-5.1.3.RELEASE.jar:/home/user/.m2/repository/org/springframework/spring-jcl/5.1.3.RELEASE/spring-jcl-5.1.3.RELEASE.jar:/home/user/.m2/repository/org/springframework/spring-tx/5.1.3.RELEASE/spring-tx-5.1.3.RELEASE.jar:/home/user/.m2/repository/org/apache/hadoop/hadoop-ozone-client/0.5.0-SNAPSHOT/hadoop-ozone-client-0.5.0-SNAPSHOT.jar:/home/user/.m2/repository/commons-lang/commons-lang/2.6/commons-lang-2.6.jar:/home/user/.m2/repository/org/apache/hadoop/hadoop-ozone-ozone-manager/0.5.0-SNAPSHOT/hadoop-ozone-ozone-manager-0.5.0-SNAPSHOT-tests.jar:/home/user/.m2/repository/junit/junit/4.11/junit-4.11.jar:/home/user/.m2/repository/org/hamcrest/hamcrest-core/1.3/hamcrest-core-1.3.jar:/home/user/.m2/repository/org/openjdk/jmh/jmh-core/1.19/jmh-core-1.19.jar:/home/user/.m2/repository/net/sf/jopt-simple/jopt-simple/4.6/jopt-simple-4.6.jar:/home/user/.m2/repository/org/apache/commons/commons-math3/3.1.1/commons-math3-3.1.1.jar:/home/user/.m2/repository/org/openjdk/jmh/jmh-generator-annprocess/1.19/jmh-generator-annprocess-1.19.jar:/home/user/.m2/repository/org/mockito/mockito-all/1.8.5/mockito-all-1.8.5.jar:/home/user/.m2/repository/org/apache/hadoop/hadoop-kms/3.2.0/hadoop-kms-3.2.0.jar:/home/user/.m2/repository/org/apache/hadoop/hadoop-auth/3.2.0/hadoop-auth-3.2.0.jar:/home/user/.m2/repository/com/nimbusds/nimbus-jose-jwt/4.41.1/nimbus-jose-jwt-4.41.1.jar:/home/user/.m2/repository/com/github/stephenc/jcip/jcip-annotations/1.0-1/jcip-annotations-1.0-1.jar:/home/user/.m2/repository/net/minidev/json-smart/2.3/json-smart-2.3.jar:/home/user/.m2/repository/net/minidev/accessors-smart/1.2/accessors-smart-1.2.jar:/home/user/.m2/repository/org/ow2/asm/asm/5.0.4/asm-5.0.4.jar:/home/user/.m2/repository/org/apache/curator/curator-framework/2.12.0/curator-framework-2.12.0.jar:/home/user/.m2/repository/com/sun/jersey/jersey-core/1.19/jersey-core-1.19.jar:/home/user/.m2/repository/javax/ws/rs/jsr311-api/1.1.1/jsr311-api-1.1.1.jar:/home/user/.m2/repository/com/sun/jersey/jersey-server/1.19/jersey-server-1.19.jar:/home/user/.m2/repository/javax/servlet/javax.servlet-api/3.1.0/javax.servlet-api-3.1.0.jar:/home/user/.m2/repository/org/eclipse/jetty/jetty-server/9.3.25.v20180904/jetty-server-9.3.25.v20180904.jar:/home/user/.m2/repository/org/eclipse/jetty/jetty-http/9.3.25.v20180904/jetty-http-9.3.25.v20180904.jar:/home/user/.m2/repository/org/eclipse/jetty/jetty-io/9.3.25.v20180904/jetty-io-9.3.25.v20180904.jar:/home/user/.m2/repository/org/eclipse/jetty/jetty-webapp/9.3.25.v20180904/jetty-webapp-9.3.25.v20180904.jar:/home/user/.m2/repository/org/eclipse/jetty/jetty-xml/9.3.25.v20180904/jetty-xml-9.3.25.v20180904.jar:/home/user/.m2/repository/log4j/log4j/1.2.17/log4j-1.2.17.jar:/home/user/.m2/repository/org/slf4j/slf4j-api/1.7.25/slf4j-api-1.7.25.jar:/home/user/.m2/repository/org/slf4j/jul-to-slf4j/1.7.25/jul-to-slf4j-1.7.25.jar:/home/user/.m2/repository/org/eclipse/jetty/jetty-util/9.3.25.v20180904/jetty-util-9.3.25.v20180904.jar:/home/user/.m2/repository/com/fasterxml/jackson/core/jackson-databind/2.9.9/jackson-databind-2.9.9.jar:/home/user/.m2/repository/org/apache/hadoop/hadoop-kms/3.2.0/hadoop-kms-3.2.0-tests.jar:/home/user/.m2/repository/org/apache/hadoop/hadoop-hdds-server-scm/0.5.0-SNAPSHOT/hadoop-hdds-server-scm-0.5.0-SNAPSHOT-tests.jar:/home/user/.m2/repository/org/apache/hadoop/hadoop-hdds-container-service/0.5.0-SNAPSHOT/hadoop-hdds-container-service-0.5.0-SNAPSHOT-tests.jar:/home/user/.m2/repository/org/yaml/snakeyaml/1.16/snakeyaml-1.16.jar:/home/user/.m2/repository/org/apache/hadoop/hadoop-common/3.2.0/hadoop-common-3.2.0-tests.jar:/home/user/.m2/repository/org/apache/hadoop/hadoop-annotations/3.2.0/hadoop-annotations-3.2.0.jar:/usr/lib/jvm/java-1.8.0-openjdk-1.8.0.222.b10-1.el7_7.x86_64/jre/../lib/tools.jar:/home/user/.m2/repository/commons-cli/commons-cli/1.2/commons-cli-1.2.jar:/home/user/.m2/repository/org/apache/httpcomponents/httpclient/4.5.2/httpclient-4.5.2.jar:/home/user/.m2/repository/org/apache/httpcomponents/httpcore/4.4.4/httpcore-4.4.4.jar:/home/user/.m2/repository/commons-codec/commons-codec/1.11/commons-codec-1.11.jar:/home/user/.m2/repository/commons-net/commons-net/3.6/commons-net-3.6.jar:/home/user/.m2/repository/commons-collections/commons-collections/3.2.2/commons-collections-3.2.2.jar:/home/user/.m2/repository/org/eclipse/jetty/jetty-servlet/9.3.25.v20180904/jetty-servlet-9.3.25.v20180904.jar:/home/user/.m2/repository/org/eclipse/jetty/jetty-security/9.3.25.v20180904/jetty-security-9.3.25.v20180904.jar:/home/user/.m2/repository/javax/servlet/jsp/jsp-api/2.1/jsp-api-2.1.jar:/home/user/.m2/repository/com/sun/jersey/jersey-servlet/1.19/jersey-servlet-1.19.jar:/home/user/.m2/repository/com/sun/jersey/jersey-json/1.19/jersey-json-1.19.jar:/home/user/.m2/repository/org/codehaus/jettison/jettison/1.1/jettison-1.1.jar:/home/user/.m2/repository/org/codehaus/jackson/jackson-core-asl/1.9.13/jackson-core-asl-1.9.13.jar:/home/user/.m2/repository/org/codehaus/jackson/jackson-mapper-asl/1.9.13/jackson-mapper-asl-1.9.13.jar:/home/user/.m2/repository/org/codehaus/jackson/jackson-jaxrs/1.9.13/jackson-jaxrs-1.9.13.jar:/home/user/.m2/repository/org/codehaus/jackson/jackson-xc/1.9.13/jackson-xc-1.9.13.jar:/home/user/.m2/repository/commons-logging/commons-logging/1.1.3/commons-logging-1.1.3.jar:/home/user/.m2/repository/commons-beanutils/commons-beanutils/1.9.4/commons-beanutils-1.9.4.jar:/home/user/.m2/repository/org/apache/commons/commons-configuration2/2.1.1/commons-configuration2-2.1.1.jar:/home/user/.m2/repository/org/apache/commons/commons-lang3/3.7/commons-lang3-3.7.jar:/home/user/.m2/repository/org/apache/commons/commons-text/1.4/commons-text-1.4.jar:/home/user/.m2/repository/org/apache/avro/avro/1.7.7/avro-1.7.7.jar:/home/user/.m2/repository/com/thoughtworks/paranamer/paranamer/2.3/paranamer-2.3.jar:/home/user/.m2/repository/org/xerial/snappy/snappy-java/1.0.5/snappy-java-1.0.5.jar:/home/user/.m2/repository/com/google/re2j/re2j/1.1/re2j-1.1.jar:/home/user/.m2/repository/com/google/code/gson/gson/2.2.4/gson-2.2.4.jar:/home/user/.m2/repository/com/jcraft/jsch/0.1.54/jsch-0.1.54.jar:/home/user/.m2/repository/org/apache/curator/curator-client/2.12.0/curator-client-2.12.0.jar:/home/user/.m2/repository/org/apache/curator/curator-recipes/2.12.0/curator-recipes-2.12.0.jar:/home/user/.m2/repository/com/google/code/findbugs/jsr305/3.0.0/jsr305-3.0.0.jar:/home/user/.m2/repository/org/apache/htrace/htrace-core4/4.1.0-incubating/htrace-core4-4.1.0-incubating.jar:/home/user/.m2/repository/org/apache/zookeeper/zookeeper/3.4.13/zookeeper-3.4.13.jar:/home/user/.m2/repository/jline/jline/0.9.94/jline-0.9.94.jar:/home/user/.m2/repository/org/apache/yetus/audience-annotations/0.5.0/audience-annotations-0.5.0.jar:/home/user/.m2/repository/org/codehaus/woodstox/stax2-api/3.1.4/stax2-api-3.1.4.jar:/home/user/.m2/repository/com/fasterxml/woodstox/woodstox-core/5.0.3/woodstox-core-5.0.3.jar:/home/user/.m2/repository/dnsjava/dnsjava/2.1.7/dnsjava-2.1.7.jar:/home/user/.m2/repository/org/apache/hadoop/hadoop-hdfs/3.2.0/hadoop-hdfs-3.2.0-tests.jar:/home/user/.m2/repository/org/eclipse/jetty/jetty-util-ajax/9.3.25.v20180904/jetty-util-ajax-9.3.25.v20180904.jar:/home/user/.m2/repository/commons-daemon/commons-daemon/1.0.13/commons-daemon-1.0.13.jar:/home/user/.m2/repository/io/netty/netty/3.10.5.Final/netty-3.10.5.Final.jar:/home/user/.m2/repository/io/netty/netty-all/4.0.52.Final/netty-all-4.0.52.Final.jar:/home/user/.m2/repository/org/fusesource/leveldbjni/leveldbjni-all/1.8/leveldbjni-all-1.8.jar:"/>
    <property name="sun.cpu.endian" value="little"/>
    <property name="user.home" value="/home/user"/>
    <property name="user.language" value="en"/>
    <property name="java.specification.vendor" value="Oracle Corporation"/>
    <property name="java.home" value="/usr/lib/jvm/java-1.8.0-openjdk-1.8.0.222.b10-1.el7_7.x86_64/jre"/>
    <property name="surefire.excludesFile" value="/tools/ozone-bad-unit-tests"/>
    <property name="java.security.krb5.conf" value="/workdir/hadoop-ozone/integration-test/target/test-classes/krb5.conf"/>
    <property name="basedir" value="/workdir/hadoop-ozone/integration-test"/>
    <property name="file.separator" value="/"/>
    <property name="line.separator" value="&#10;"/>
    <property name="java.vm.specification.vendor" value="Oracle Corporation"/>
    <property name="java.specification.name" value="Java Platform API Specification"/>
    <property name="java.awt.graphicsenv" value="sun.awt.X11GraphicsEnvironment"/>
    <property name="surefire.real.class.path" value="/workdir/hadoop-ozone/integration-test/target/surefire/surefirebooter4067817817410314018.jar"/>
    <property name="hadoop.log.dir" value="/workdir/hadoop-ozone/integration-test/target/log"/>
    <property name="sun.boot.class.path" value="/usr/lib/jvm/java-1.8.0-openjdk-1.8.0.222.b10-1.el7_7.x86_64/jre/lib/resources.jar:/usr/lib/jvm/java-1.8.0-openjdk-1.8.0.222.b10-1.el7_7.x86_64/jre/lib/rt.jar:/usr/lib/jvm/java-1.8.0-openjdk-1.8.0.222.b10-1.el7_7.x86_64/jre/lib/sunrsasign.jar:/usr/lib/jvm/java-1.8.0-openjdk-1.8.0.222.b10-1.el7_7.x86_64/jre/lib/jsse.jar:/usr/lib/jvm/java-1.8.0-openjdk-1.8.0.222.b10-1.el7_7.x86_64/jre/lib/jce.jar:/usr/lib/jvm/java-1.8.0-openjdk-1.8.0.222.b10-1.el7_7.x86_64/jre/lib/charsets.jar:/usr/lib/jvm/java-1.8.0-openjdk-1.8.0.222.b10-1.el7_7.x86_64/jre/lib/jfr.jar:/usr/lib/jvm/java-1.8.0-openjdk-1.8.0.222.b10-1.el7_7.x86_64/jre/classes"/>
    <property name="sun.management.compiler" value="HotSpot 64-Bit Tiered Compilers"/>
    <property name="java.runtime.version" value="1.8.0_222-b10"/>
    <property name="java.net.preferIPv4Stack" value="true"/>
    <property name="user.name" value="jenkins1000"/>
    <property name="path.separator" value=":"/>
    <property name="java.security.egd" value="file:///dev/urandom"/>
    <property name="os.version" value="3.10.0-957.12.2.el7.x86_64"/>
    <property name="java.endorsed.dirs" value="/usr/lib/jvm/java-1.8.0-openjdk-1.8.0.222.b10-1.el7_7.x86_64/jre/lib/endorsed"/>
    <property name="java.runtime.name" value="OpenJDK Runtime Environment"/>
    <property name="file.encoding" value="ANSI_X3.4-1968"/>
    <property name="java.vm.name" value="OpenJDK 64-Bit Server VM"/>
    <property name="test.build.webapps" value=""/>
    <property name="localRepository" value="/home/user/.m2/repository"/>
    <property name="java.vendor.url.bug" value="http://bugreport.sun.com/bugreport/"/>
    <property name="java.io.tmpdir" value="/tmp"/>
    <property name="require.test.libhadoop" value=""/>
    <property name="java.version" value="1.8.0_222"/>
    <property name="user.dir" value="/workdir/hadoop-ozone/integration-test"/>
    <property name="os.arch" value="amd64"/>
    <property name="java.vm.specification.name" value="Java Virtual Machine Specification"/>
    <property name="test.build.classes" value="/workdir/hadoop-ozone/integration-test/target/test-classes"/>
    <property name="java.awt.printerjob" value="sun.print.PSPrinterJob"/>
    <property name="sun.os.patch.level" value="unknown"/>
    <property name="hadoop.tmp.dir" value="/workdir/hadoop-ozone/integration-test/target/tmp"/>
    <property name="java.library.path" value="/usr/lib:/workdir/hadoop-ozone/integration-test/target/native/target/usr/local/lib:/workdir/hadoop-ozone/integration-test/../../hadoop-common-project/hadoop-common/target/native/target/usr/local/lib:/usr/java/packages/lib/amd64:/usr/lib64:/lib64:/lib:/usr/lib"/>
    <property name="java.vm.info" value="mixed mode"/>
    <property name="java.vendor" value="Oracle Corporation"/>
    <property name="java.vm.version" value="25.222-b10"/>
    <property name="java.ext.dirs" value="/usr/lib/jvm/java-1.8.0-openjdk-1.8.0.222.b10-1.el7_7.x86_64/jre/lib/ext:/usr/java/packages/lib/ext"/>
    <property name="sun.io.unicode.encoding" value="UnicodeLittle"/>
    <property name="java.class.version" value="52.0"/>
  </properties>
  <testcase name="testPipelineDestroy" classname="org.apache.hadoop.ozone.scm.pipeline.TestSCMPipelineMetrics" time="28.676">
    <failure message="Bad value for metric NumPipelineDestroyed expected:&lt;1&gt; but was:&lt;5&gt;" type="java.lang.AssertionError"><![CDATA[java.lang.AssertionError: Bad value for metric NumPipelineDestroyed expected:<1> but was:<5>
	at org.junit.Assert.fail(Assert.java:88)
	at org.junit.Assert.failNotEquals(Assert.java:743)
	at org.junit.Assert.assertEquals(Assert.java:118)
	at org.junit.Assert.assertEquals(Assert.java:555)
	at org.apache.hadoop.test.MetricsAsserts.assertCounter(MetricsAsserts.java:227)
	at org.apache.hadoop.ozone.scm.pipeline.TestSCMPipelineMetrics.testPipelineDestroy(TestSCMPipelineMetrics.java:93)
	at sun.reflect.NativeMethodAccessorImpl.invoke0(Native Method)
	at sun.reflect.NativeMethodAccessorImpl.invoke(NativeMethodAccessorImpl.java:62)
	at sun.reflect.DelegatingMethodAccessorImpl.invoke(DelegatingMethodAccessorImpl.java:43)
	at java.lang.reflect.Method.invoke(Method.java:498)
	at org.junit.runners.model.FrameworkMethod$1.runReflectiveCall(FrameworkMethod.java:47)
	at org.junit.internal.runners.model.ReflectiveCallable.run(ReflectiveCallable.java:12)
	at org.junit.runners.model.FrameworkMethod.invokeExplosively(FrameworkMethod.java:44)
	at org.junit.internal.runners.statements.InvokeMethod.evaluate(InvokeMethod.java:17)
	at org.junit.internal.runners.statements.RunBefores.evaluate(RunBefores.java:26)
	at org.junit.internal.runners.statements.RunAfters.evaluate(RunAfters.java:27)
	at org.junit.runners.ParentRunner.runLeaf(ParentRunner.java:271)
	at org.junit.runners.BlockJUnit4ClassRunner.runChild(BlockJUnit4ClassRunner.java:70)
	at org.junit.runners.BlockJUnit4ClassRunner.runChild(BlockJUnit4ClassRunner.java:50)
	at org.junit.runners.ParentRunner$3.run(ParentRunner.java:238)
	at org.junit.runners.ParentRunner$1.schedule(ParentRunner.java:63)
	at org.junit.runners.ParentRunner.runChildren(ParentRunner.java:236)
	at org.junit.runners.ParentRunner.access$000(ParentRunner.java:53)
	at org.junit.runners.ParentRunner$2.evaluate(ParentRunner.java:229)
	at org.junit.runners.ParentRunner.run(ParentRunner.java:309)
	at org.apache.maven.surefire.junit4.JUnit4Provider.execute(JUnit4Provider.java:365)
	at org.apache.maven.surefire.junit4.JUnit4Provider.executeWithRerun(JUnit4Provider.java:273)
	at org.apache.maven.surefire.junit4.JUnit4Provider.executeTestSet(JUnit4Provider.java:238)
	at org.apache.maven.surefire.junit4.JUnit4Provider.invoke(JUnit4Provider.java:159)
	at org.apache.maven.surefire.booter.ForkedBooter.invokeProviderInSameClassLoader(ForkedBooter.java:384)
	at org.apache.maven.surefire.booter.ForkedBooter.runSuitesInProcess(ForkedBooter.java:345)
	at org.apache.maven.surefire.booter.ForkedBooter.execute(ForkedBooter.java:126)
	at org.apache.maven.surefire.booter.ForkedBooter.main(ForkedBooter.java:418)
]]></failure>
    <system-out><![CDATA[2019-10-21 02:29:07,050 [main] WARN  server.ServerUtils (ServerUtils.java:getScmDbDir(145)) - ozone.scm.db.dirs is not configured. We recommend adding this setting. Falling back to ozone.metadata.dirs instead.
2019-10-21 02:29:07,172 [main] WARN  server.ServerUtils (ServerUtils.java:getScmDbDir(145)) - ozone.scm.db.dirs is not configured. We recommend adding this setting. Falling back to ozone.metadata.dirs instead.
2019-10-21 02:29:07,175 [main] WARN  server.ServerUtils (ServerUtils.java:getScmDbDir(145)) - ozone.scm.db.dirs is not configured. We recommend adding this setting. Falling back to ozone.metadata.dirs instead.
2019-10-21 02:29:07,202 [main] INFO  util.log (Log.java:initialized(192)) - Logging initialized @896ms
2019-10-21 02:29:07,302 [main] INFO  db.DBStoreBuilder (DBStoreBuilder.java:addTable(117)) - using custom profile for table: deletedBlocks
2019-10-21 02:29:07,302 [main] INFO  db.DBStoreBuilder (DBStoreBuilder.java:processTables(168)) - Using default column profile:DBProfile.DISK for Table:deletedBlocks
2019-10-21 02:29:07,303 [main] INFO  db.DBStoreBuilder (DBStoreBuilder.java:addTable(117)) - using custom profile for table: validCerts
2019-10-21 02:29:07,304 [main] INFO  db.DBStoreBuilder (DBStoreBuilder.java:processTables(168)) - Using default column profile:DBProfile.DISK for Table:validCerts
2019-10-21 02:29:07,304 [main] INFO  db.DBStoreBuilder (DBStoreBuilder.java:addTable(117)) - using custom profile for table: revokedCerts
2019-10-21 02:29:07,305 [main] INFO  db.DBStoreBuilder (DBStoreBuilder.java:processTables(168)) - Using default column profile:DBProfile.DISK for Table:revokedCerts
2019-10-21 02:29:07,325 [main] INFO  db.DBStoreBuilder (DBStoreBuilder.java:addTable(117)) - using custom profile for table: default
2019-10-21 02:29:07,325 [main] INFO  db.DBStoreBuilder (DBStoreBuilder.java:processTables(174)) - Using default column profile:DBProfile.DISK for Table:default
2019-10-21 02:29:07,327 [main] INFO  db.DBStoreBuilder (DBStoreBuilder.java:getDbProfile(205)) - Using default options. DBProfile.DISK
2019-10-21 02:29:07,663 [main] INFO  net.NodeSchemaLoader (NodeSchemaLoader.java:loadSchemaFromFile(125)) - Loading file from sun.misc.CompoundEnumeration@1bb5a082
2019-10-21 02:29:07,665 [main] INFO  net.NodeSchemaLoader (NodeSchemaLoader.java:loadSchema(171)) - Loading network topology layer schema file
2019-10-21 02:29:07,722 [main] WARN  server.ServerUtils (ServerUtils.java:sanitizeUserArgs(70)) - ozone.scm.stale.node.interval value = 300000 is larger than max = 100000 based on the key value of ozone.scm.heartbeat.thread.interval, reset to the max value 100000.
2019-10-21 02:29:07,723 [main] WARN  server.ServerUtils (ServerUtils.java:sanitizeUserArgs(70)) - ozone.scm.stale.node.interval value = 300000 is larger than max = 100000 based on the key value of ozone.scm.heartbeat.thread.interval, reset to the max value 100000.
2019-10-21 02:29:07,726 [main] INFO  node.SCMNodeManager (SCMNodeManager.java:<init>(116)) - Entering startup safe mode.
2019-10-21 02:29:07,788 [main] INFO  algorithms.ContainerPlacementPolicyFactory (ContainerPlacementPolicyFactory.java:getPolicy(57)) - Create container placement policy of type org.apache.hadoop.hdds.scm.container.placement.algorithms.SCMContainerPlacementRandom
2019-10-21 02:29:07,802 [main] WARN  server.ServerUtils (ServerUtils.java:getScmDbDir(145)) - ozone.scm.db.dirs is not configured. We recommend adding this setting. Falling back to ozone.metadata.dirs instead.
2019-10-21 02:29:07,914 [main] INFO  pipeline.SCMPipelineManager (SCMPipelineManager.java:initializePipelineState(138)) - No pipeline exists in current db
2019-10-21 02:29:07,918 [main] WARN  server.ServerUtils (ServerUtils.java:getScmDbDir(145)) - ozone.scm.db.dirs is not configured. We recommend adding this setting. Falling back to ozone.metadata.dirs instead.
2019-10-21 02:29:08,078 [main] WARN  events.EventQueue (EventQueue.java:fireEvent(183)) - No event handler registered for event TypedEvent{payloadType=SafeModeStatus, name='SafeModeStatus'}
2019-10-21 02:29:08,462 [main] INFO  ipc.CallQueueManager (CallQueueManager.java:<init>(84)) - Using callQueue: class java.util.concurrent.LinkedBlockingQueue, queueCapacity: 2000, scheduler: class org.apache.hadoop.ipc.DefaultRpcScheduler, ipcBackoff: false.
2019-10-21 02:29:08,489 [Socket Reader #1 for port 35691] INFO  ipc.Server (Server.java:run(1074)) - Starting Socket Reader #1 for port 35691
2019-10-21 02:29:08,632 [main] INFO  ipc.CallQueueManager (CallQueueManager.java:<init>(84)) - Using callQueue: class java.util.concurrent.LinkedBlockingQueue, queueCapacity: 2000, scheduler: class org.apache.hadoop.ipc.DefaultRpcScheduler, ipcBackoff: false.
2019-10-21 02:29:08,633 [Socket Reader #1 for port 43885] INFO  ipc.Server (Server.java:run(1074)) - Starting Socket Reader #1 for port 43885
2019-10-21 02:29:08,642 [main] INFO  ipc.CallQueueManager (CallQueueManager.java:<init>(84)) - Using callQueue: class java.util.concurrent.LinkedBlockingQueue, queueCapacity: 2000, scheduler: class org.apache.hadoop.ipc.DefaultRpcScheduler, ipcBackoff: false.
2019-10-21 02:29:08,643 [Socket Reader #1 for port 36018] INFO  ipc.Server (Server.java:run(1074)) - Starting Socket Reader #1 for port 36018
2019-10-21 02:29:08,664 [main] INFO  hdfs.DFSUtil (DFSUtil.java:httpServerTemplateForNNAndJN(1641)) - Starting Web-server for scm at: http://0.0.0.0:0
2019-10-21 02:29:08,818 [main] INFO  server.AuthenticationFilter (AuthenticationFilter.java:constructSecretProvider(240)) - Unable to initialize FileSignerSecretProvider, falling back to use random secrets.
2019-10-21 02:29:08,827 [main] WARN  http.HttpRequestLog (HttpRequestLog.java:getRequestLog(97)) - Jetty request log can only be enabled using Log4j
2019-10-21 02:29:08,835 [main] INFO  http.HttpServer2 (HttpServer2.java:addGlobalFilter(975)) - Added global filter 'safety' (class=org.apache.hadoop.http.HttpServer2$QuotingInputFilter)
2019-10-21 02:29:08,838 [main] INFO  http.HttpServer2 (HttpServer2.java:addFilter(948)) - Added filter static_user_filter (class=org.apache.hadoop.http.lib.StaticUserWebFilter$StaticUserFilter) to context scm
2019-10-21 02:29:08,838 [main] INFO  http.HttpServer2 (HttpServer2.java:addFilter(958)) - Added filter static_user_filter (class=org.apache.hadoop.http.lib.StaticUserWebFilter$StaticUserFilter) to context static
2019-10-21 02:29:08,838 [main] INFO  http.HttpServer2 (HttpServer2.java:addFilter(958)) - Added filter static_user_filter (class=org.apache.hadoop.http.lib.StaticUserWebFilter$StaticUserFilter) to context logs
2019-10-21 02:29:08,873 [main] INFO  server.StorageContainerManager (StorageContainerManager.java:start(772)) - StorageContainerLocationProtocol RPC server is listening at /0.0.0.0:36018
2019-10-21 02:29:08,946 [main] WARN  impl.MetricsConfig (MetricsConfig.java:loadFirst(134)) - Cannot locate configuration: tried hadoop-metrics2-storagecontainermanager.properties,hadoop-metrics2.properties
2019-10-21 02:29:08,961 [main] INFO  impl.MetricsSystemImpl (MetricsSystemImpl.java:startTimer(374)) - Scheduled Metric snapshot period at 10 second(s).
2019-10-21 02:29:08,961 [main] INFO  impl.MetricsSystemImpl (MetricsSystemImpl.java:start(191)) - StorageContainerManager metrics system started
2019-10-21 02:29:09,209 [main] INFO  server.SCMClientProtocolServer (SCMClientProtocolServer.java:start(159)) - RPC server for Client  is listening at /0.0.0.0:36018
2019-10-21 02:29:09,209 [IPC Server Responder] INFO  ipc.Server (Server.java:run(1314)) - IPC Server Responder: starting
2019-10-21 02:29:09,209 [IPC Server listener on 36018] INFO  ipc.Server (Server.java:run(1153)) - IPC Server listener on 36018: starting
2019-10-21 02:29:09,212 [main] INFO  server.StorageContainerManager (StorageContainerManager.java:start(782)) - ScmBlockLocationProtocol RPC server is listening at /0.0.0.0:43885
2019-10-21 02:29:09,213 [main] INFO  server.SCMBlockProtocolServer (SCMBlockProtocolServer.java:start(146)) - RPC server for Block Protocol is listening at /0.0.0.0:43885
2019-10-21 02:29:09,213 [IPC Server Responder] INFO  ipc.Server (Server.java:run(1314)) - IPC Server Responder: starting
2019-10-21 02:29:09,214 [IPC Server listener on 43885] INFO  ipc.Server (Server.java:run(1153)) - IPC Server listener on 43885: starting
2019-10-21 02:29:09,216 [main] INFO  server.StorageContainerManager (StorageContainerManager.java:start(786)) - ScmDatanodeProtocl RPC server is listening at /0.0.0.0:35691
2019-10-21 02:29:09,216 [main] INFO  server.SCMDatanodeProtocolServer (SCMDatanodeProtocolServer.java:start(169)) - RPC server for DataNodes is listening at /0.0.0.0:35691
2019-10-21 02:29:09,217 [IPC Server Responder] INFO  ipc.Server (Server.java:run(1314)) - IPC Server Responder: starting
2019-10-21 02:29:09,217 [IPC Server listener on 35691] INFO  ipc.Server (Server.java:run(1153)) - IPC Server listener on 35691: starting
2019-10-21 02:29:09,220 [main] INFO  http.HttpServer2 (HttpServer2.java:bindListener(1191)) - Jetty bound to port 40413
2019-10-21 02:29:09,222 [main] INFO  server.Server (Server.java:doStart(351)) - jetty-9.3.25.v20180904, build timestamp: 2018-09-04T21:11:46Z, git hash: 3ce520221d0240229c862b122d2b06c12a625732
2019-10-21 02:29:09,258 [main] INFO  handler.ContextHandler (ContextHandler.java:doStart(781)) - Started o.e.j.s.ServletContextHandler@78f5c518{/logs,file:///workdir/hadoop-ozone/integration-test/target/log,AVAILABLE}
2019-10-21 02:29:09,259 [main] INFO  handler.ContextHandler (ContextHandler.java:doStart(781)) - Started o.e.j.s.ServletContextHandler@34f7234e{/static,file:///workdir/hadoop-ozone/integration-test/target/test-classes/webapps/static,AVAILABLE}
2019-10-21 02:29:09,292 [main] INFO  handler.ContextHandler (ContextHandler.java:doStart(781)) - Started o.e.j.w.WebAppContext@6bc248ed{/,file:///workdir/hadoop-ozone/integration-test/target/test-classes/webapps/scm/,AVAILABLE}{/scm}
2019-10-21 02:29:09,298 [main] INFO  server.AbstractConnector (AbstractConnector.java:doStart(278)) - Started ServerConnector@73511076{HTTP/1.1,[http/1.1]}{0.0.0.0:40413}
2019-10-21 02:29:09,298 [main] INFO  server.Server (Server.java:doStart(419)) - Started @2992ms
2019-10-21 02:29:09,300 [main] INFO  impl.MetricsSinkAdapter (MetricsSinkAdapter.java:start(204)) - Sink prometheus started
2019-10-21 02:29:09,300 [main] INFO  impl.MetricsSystemImpl (MetricsSystemImpl.java:registerSink(301)) - Registered sink prometheus
2019-10-21 02:29:09,302 [main] INFO  server.BaseHttpServer (BaseHttpServer.java:updateConnectorAddress(215)) - HTTP server of SCM is listening at http://0.0.0.0:40413
2019-10-21 02:29:09,309 [org.apache.hadoop.util.JvmPauseMonitor$Monitor@10b892d5] INFO  util.JvmPauseMonitor (JvmPauseMonitor.java:run(188)) - Starting JVM pause monitor
2019-10-21 02:29:09,313 [main] WARN  server.ServerUtils (ServerUtils.java:getDBPath(222)) - ozone.om.db.dirs is not configured. We recommend adding this setting. Falling back to ozone.metadata.dirs instead.
2019-10-21 02:29:09,446 [main] INFO  ha.OMHANodeDetails (OMHANodeDetails.java:loadOMHAConfig(190)) - Configuration either no ozone.om.address set. Falling back to the default OM address /127.0.0.1:0
2019-10-21 02:29:09,447 [main] INFO  ha.OMHANodeDetails (OMHANodeDetails.java:getOMNodeDetails(220)) - OM Service ID is not set. Setting it to the default ID: omServiceIdDefault
2019-10-21 02:29:09,449 [main] WARN  server.ServerUtils (ServerUtils.java:getDBPath(222)) - ozone.om.db.dirs is not configured. We recommend adding this setting. Falling back to ozone.metadata.dirs instead.
2019-10-21 02:29:09,450 [main] WARN  server.ServerUtils (ServerUtils.java:getDBPath(222)) - ozone.om.db.dirs is not configured. We recommend adding this setting. Falling back to ozone.metadata.dirs instead.
2019-10-21 02:29:10,123 [main] WARN  server.ServerUtils (ServerUtils.java:getDBPath(222)) - ozone.om.db.dirs is not configured. We recommend adding this setting. Falling back to ozone.metadata.dirs instead.
2019-10-21 02:29:10,132 [main] INFO  db.DBStoreBuilder (DBStoreBuilder.java:addTable(117)) - using custom profile for table: userTable
2019-10-21 02:29:10,132 [main] INFO  db.DBStoreBuilder (DBStoreBuilder.java:processTables(168)) - Using default column profile:DBProfile.DISK for Table:userTable
2019-10-21 02:29:10,133 [main] INFO  db.DBStoreBuilder (DBStoreBuilder.java:addTable(117)) - using custom profile for table: volumeTable
2019-10-21 02:29:10,133 [main] INFO  db.DBStoreBuilder (DBStoreBuilder.java:processTables(168)) - Using default column profile:DBProfile.DISK for Table:volumeTable
2019-10-21 02:29:10,133 [main] INFO  db.DBStoreBuilder (DBStoreBuilder.java:addTable(117)) - using custom profile for table: bucketTable
2019-10-21 02:29:10,133 [main] INFO  db.DBStoreBuilder (DBStoreBuilder.java:processTables(168)) - Using default column profile:DBProfile.DISK for Table:bucketTable
2019-10-21 02:29:10,134 [main] INFO  db.DBStoreBuilder (DBStoreBuilder.java:addTable(117)) - using custom profile for table: keyTable
2019-10-21 02:29:10,134 [main] INFO  db.DBStoreBuilder (DBStoreBuilder.java:processTables(168)) - Using default column profile:DBProfile.DISK for Table:keyTable
2019-10-21 02:29:10,134 [main] INFO  db.DBStoreBuilder (DBStoreBuilder.java:addTable(117)) - using custom profile for table: deletedTable
2019-10-21 02:29:10,134 [main] INFO  db.DBStoreBuilder (DBStoreBuilder.java:processTables(168)) - Using default column profile:DBProfile.DISK for Table:deletedTable
2019-10-21 02:29:10,135 [main] INFO  db.DBStoreBuilder (DBStoreBuilder.java:addTable(117)) - using custom profile for table: openKeyTable
2019-10-21 02:29:10,135 [main] INFO  db.DBStoreBuilder (DBStoreBuilder.java:processTables(168)) - Using default column profile:DBProfile.DISK for Table:openKeyTable
2019-10-21 02:29:10,135 [main] INFO  db.DBStoreBuilder (DBStoreBuilder.java:addTable(117)) - using custom profile for table: s3Table
2019-10-21 02:29:10,135 [main] INFO  db.DBStoreBuilder (DBStoreBuilder.java:processTables(168)) - Using default column profile:DBProfile.DISK for Table:s3Table
2019-10-21 02:29:10,136 [main] INFO  db.DBStoreBuilder (DBStoreBuilder.java:addTable(117)) - using custom profile for table: multipartInfoTable
2019-10-21 02:29:10,136 [main] INFO  db.DBStoreBuilder (DBStoreBuilder.java:processTables(168)) - Using default column profile:DBProfile.DISK for Table:multipartInfoTable
2019-10-21 02:29:10,136 [main] INFO  db.DBStoreBuilder (DBStoreBuilder.java:addTable(117)) - using custom profile for table: dTokenTable
2019-10-21 02:29:10,136 [main] INFO  db.DBStoreBuilder (DBStoreBuilder.java:processTables(168)) - Using default column profile:DBProfile.DISK for Table:dTokenTable
2019-10-21 02:29:10,137 [main] INFO  db.DBStoreBuilder (DBStoreBuilder.java:addTable(117)) - using custom profile for table: s3SecretTable
2019-10-21 02:29:10,137 [main] INFO  db.DBStoreBuilder (DBStoreBuilder.java:processTables(168)) - Using default column profile:DBProfile.DISK for Table:s3SecretTable
2019-10-21 02:29:10,137 [main] INFO  db.DBStoreBuilder (DBStoreBuilder.java:addTable(117)) - using custom profile for table: prefixTable
2019-10-21 02:29:10,138 [main] INFO  db.DBStoreBuilder (DBStoreBuilder.java:processTables(168)) - Using default column profile:DBProfile.DISK for Table:prefixTable
2019-10-21 02:29:10,138 [main] INFO  db.DBStoreBuilder (DBStoreBuilder.java:addTable(117)) - using custom profile for table: default
2019-10-21 02:29:10,138 [main] INFO  db.DBStoreBuilder (DBStoreBuilder.java:processTables(174)) - Using default column profile:DBProfile.DISK for Table:default
2019-10-21 02:29:10,138 [main] INFO  db.DBStoreBuilder (DBStoreBuilder.java:getDbProfile(205)) - Using default options. DBProfile.DISK
2019-10-21 02:29:10,795 [main] INFO  ipc.CallQueueManager (CallQueueManager.java:<init>(84)) - Using callQueue: class java.util.concurrent.LinkedBlockingQueue, queueCapacity: 2000, scheduler: class org.apache.hadoop.ipc.DefaultRpcScheduler, ipcBackoff: false.
2019-10-21 02:29:10,796 [Socket Reader #1 for port 36275] INFO  ipc.Server (Server.java:run(1074)) - Starting Socket Reader #1 for port 36275
2019-10-21 02:29:10,821 [main] INFO  om.OzoneManager (OzoneManager.java:start(1074)) - OzoneManager RPC server is listening at localhost/127.0.0.1:36275
2019-10-21 02:29:10,821 [main] INFO  impl.MetricsSystemImpl (MetricsSystemImpl.java:init(158)) - OzoneManager metrics system started (again)
2019-10-21 02:29:10,830 [IPC Server listener on 36275] INFO  ipc.Server (Server.java:run(1153)) - IPC Server listener on 36275: starting
2019-10-21 02:29:10,830 [IPC Server Responder] INFO  ipc.Server (Server.java:run(1314)) - IPC Server Responder: starting
2019-10-21 02:29:10,838 [main] INFO  hdfs.DFSUtil (DFSUtil.java:httpServerTemplateForNNAndJN(1641)) - Starting Web-server for ozoneManager at: http://0.0.0.0:0
2019-10-21 02:29:10,840 [main] INFO  server.AuthenticationFilter (AuthenticationFilter.java:constructSecretProvider(240)) - Unable to initialize FileSignerSecretProvider, falling back to use random secrets.
2019-10-21 02:29:10,841 [main] WARN  http.HttpRequestLog (HttpRequestLog.java:getRequestLog(97)) - Jetty request log can only be enabled using Log4j
2019-10-21 02:29:10,844 [main] INFO  http.HttpServer2 (HttpServer2.java:addGlobalFilter(975)) - Added global filter 'safety' (class=org.apache.hadoop.http.HttpServer2$QuotingInputFilter)
2019-10-21 02:29:10,846 [main] INFO  http.HttpServer2 (HttpServer2.java:addFilter(948)) - Added filter static_user_filter (class=org.apache.hadoop.http.lib.StaticUserWebFilter$StaticUserFilter) to context ozoneManager
2019-10-21 02:29:10,846 [main] INFO  http.HttpServer2 (HttpServer2.java:addFilter(958)) - Added filter static_user_filter (class=org.apache.hadoop.http.lib.StaticUserWebFilter$StaticUserFilter) to context logs
2019-10-21 02:29:10,846 [main] INFO  http.HttpServer2 (HttpServer2.java:addFilter(958)) - Added filter static_user_filter (class=org.apache.hadoop.http.lib.StaticUserWebFilter$StaticUserFilter) to context static
2019-10-21 02:29:10,849 [main] INFO  http.HttpServer2 (HttpServer2.java:bindListener(1191)) - Jetty bound to port 35633
2019-10-21 02:29:10,849 [main] INFO  server.Server (Server.java:doStart(351)) - jetty-9.3.25.v20180904, build timestamp: 2018-09-04T21:11:46Z, git hash: 3ce520221d0240229c862b122d2b06c12a625732
2019-10-21 02:29:10,852 [main] INFO  handler.ContextHandler (ContextHandler.java:doStart(781)) - Started o.e.j.s.ServletContextHandler@7a799159{/logs,file:///workdir/hadoop-ozone/integration-test/target/log,AVAILABLE}
2019-10-21 02:29:10,853 [main] INFO  handler.ContextHandler (ContextHandler.java:doStart(781)) - Started o.e.j.s.ServletContextHandler@6ff37443{/static,file:///workdir/hadoop-ozone/integration-test/target/test-classes/webapps/static,AVAILABLE}
2019-10-21 02:29:10,859 [main] INFO  handler.ContextHandler (ContextHandler.java:doStart(781)) - Started o.e.j.w.WebAppContext@783efb48{/,file:///workdir/hadoop-ozone/integration-test/target/test-classes/webapps/ozoneManager/,AVAILABLE}{/ozoneManager}
2019-10-21 02:29:10,860 [main] INFO  server.AbstractConnector (AbstractConnector.java:doStart(278)) - Started ServerConnector@5d235104{HTTP/1.1,[http/1.1]}{0.0.0.0:35633}
2019-10-21 02:29:10,861 [main] INFO  server.Server (Server.java:doStart(419)) - Started @4555ms
2019-10-21 02:29:10,862 [main] WARN  impl.MetricsSystemImpl (MetricsSystemImpl.java:register(276)) - Sink prometheus already exists!
2019-10-21 02:29:10,863 [main] INFO  server.BaseHttpServer (BaseHttpServer.java:updateConnectorAddress(215)) - HTTP server of OZONEMANAGER is listening at http://0.0.0.0:35633
2019-10-21 02:29:11,173 [main] INFO  impl.MetricsSystemImpl (MetricsSystemImpl.java:init(158)) - HddsDatanode metrics system started (again)
2019-10-21 02:29:11,216 [main] INFO  ozone.HddsDatanodeService (HddsDatanodeService.java:start(184)) - HddsDatanodeService host:pr-hdds-1868-8w4sl-2612808232 ip:192.168.34.9
2019-10-21 02:29:11,249 [main] INFO  volume.HddsVolume (HddsVolume.java:<init>(176)) - Creating Volume: /workdir/hadoop-ozone/integration-test/target/test-dir/MiniOzoneClusterImpl-c8b7cd83-0e57-465d-97b8-61911a739100/datanode-0/data/containers/hdds of  storage type : DISK and capacity : 1482555576320
2019-10-21 02:29:11,251 [main] INFO  volume.VolumeSet (VolumeSet.java:initializeVolumeSet(170)) - Added Volume : /workdir/hadoop-ozone/integration-test/target/test-dir/MiniOzoneClusterImpl-c8b7cd83-0e57-465d-97b8-61911a739100/datanode-0/data/containers/hdds to VolumeSet
2019-10-21 02:29:11,254 [main] INFO  volume.ThrottledAsyncChecker (ThrottledAsyncChecker.java:schedule(141)) - Scheduling a check for /workdir/hadoop-ozone/integration-test/target/test-dir/MiniOzoneClusterImpl-c8b7cd83-0e57-465d-97b8-61911a739100/datanode-0/data/containers/hdds
2019-10-21 02:29:11,274 [main] INFO  volume.HddsVolumeChecker (HddsVolumeChecker.java:checkAllVolumes(204)) - Scheduled health check for volume /workdir/hadoop-ozone/integration-test/target/test-dir/MiniOzoneClusterImpl-c8b7cd83-0e57-465d-97b8-61911a739100/datanode-0/data/containers/hdds
2019-10-21 02:29:11,385 [main] INFO  impl.RaftServerProxy (ConfUtils.java:logGet(43)) - raft.rpc.type = GRPC (default)
2019-10-21 02:29:11,453 [main] INFO  grpc.GrpcFactory (GrpcFactory.java:checkPooledByteBufAllocatorUseCacheForAllThreads(45)) - PERFORMANCE WARNING: useCacheForAllThreads is true that may cause Netty to create a lot garbage objects and, as a result, trigger GC.
	It is recommended to disable useCacheForAllThreads by setting -Dorg.apache.ratis.thirdparty.io.netty.allocator.useCacheForAllThreads=false in command line.
2019-10-21 02:29:11,459 [main] INFO  grpc.GrpcConfigKeys$Server (ConfUtils.java:logGet(43)) - raft.grpc.server.port = 0 (default)
2019-10-21 02:29:11,460 [main] INFO  server.GrpcService (ConfUtils.java:logGet(43)) - raft.grpc.message.size.max = 33570816 (custom)
2019-10-21 02:29:11,461 [main] INFO  server.RaftServerConfigKeys (ConfUtils.java:logGet(43)) - raft.server.log.appender.buffer.byte-limit = 33554432 (custom)
2019-10-21 02:29:11,462 [main] INFO  server.GrpcService (ConfUtils.java:logGet(43)) - raft.grpc.flow.control.window = 1MB (=1048576) (default)
2019-10-21 02:29:11,463 [main] INFO  server.RaftServerConfigKeys (ConfUtils.java:logGet(43)) - raft.server.rpc.request.timeout = 3000ms (default)
2019-10-21 02:29:11,620 [main] INFO  server.RaftServerConfigKeys (ConfUtils.java:logGet(43)) - raft.server.storage.dir = [/workdir/hadoop-ozone/integration-test/target/test-dir/MiniOzoneClusterImpl-c8b7cd83-0e57-465d-97b8-61911a739100/datanode-0/data/ratis] (custom)
2019-10-21 02:29:11,669 [main] INFO  hdfs.DFSUtil (DFSUtil.java:httpServerTemplateForNNAndJN(1641)) - Starting Web-server for hddsDatanode at: http://0.0.0.0:0
2019-10-21 02:29:11,671 [main] INFO  server.AuthenticationFilter (AuthenticationFilter.java:constructSecretProvider(240)) - Unable to initialize FileSignerSecretProvider, falling back to use random secrets.
2019-10-21 02:29:11,672 [main] WARN  http.HttpRequestLog (HttpRequestLog.java:getRequestLog(97)) - Jetty request log can only be enabled using Log4j
2019-10-21 02:29:11,675 [main] INFO  http.HttpServer2 (HttpServer2.java:addGlobalFilter(975)) - Added global filter 'safety' (class=org.apache.hadoop.http.HttpServer2$QuotingInputFilter)
2019-10-21 02:29:11,676 [main] INFO  http.HttpServer2 (HttpServer2.java:addFilter(948)) - Added filter static_user_filter (class=org.apache.hadoop.http.lib.StaticUserWebFilter$StaticUserFilter) to context hddsDatanode
2019-10-21 02:29:11,676 [main] INFO  http.HttpServer2 (HttpServer2.java:addFilter(958)) - Added filter static_user_filter (class=org.apache.hadoop.http.lib.StaticUserWebFilter$StaticUserFilter) to context logs
2019-10-21 02:29:11,676 [main] INFO  http.HttpServer2 (HttpServer2.java:addFilter(958)) - Added filter static_user_filter (class=org.apache.hadoop.http.lib.StaticUserWebFilter$StaticUserFilter) to context static
2019-10-21 02:29:11,678 [main] INFO  http.HttpServer2 (HttpServer2.java:bindListener(1191)) - Jetty bound to port 45279
2019-10-21 02:29:11,678 [main] INFO  server.Server (Server.java:doStart(351)) - jetty-9.3.25.v20180904, build timestamp: 2018-09-04T21:11:46Z, git hash: 3ce520221d0240229c862b122d2b06c12a625732
2019-10-21 02:29:11,682 [main] INFO  handler.ContextHandler (ContextHandler.java:doStart(781)) - Started o.e.j.s.ServletContextHandler@216e0771{/logs,file:///workdir/hadoop-ozone/integration-test/target/log,AVAILABLE}
2019-10-21 02:29:11,682 [main] INFO  handler.ContextHandler (ContextHandler.java:doStart(781)) - Started o.e.j.s.ServletContextHandler@fcc6023{/static,jar:file:/home/user/.m2/repository/org/apache/hadoop/hadoop-hdds-container-service/0.5.0-SNAPSHOT/hadoop-hdds-container-service-0.5.0-SNAPSHOT.jar!/webapps/static,AVAILABLE}
2019-10-21 02:29:11,722 [main] INFO  handler.ContextHandler (ContextHandler.java:doStart(781)) - Started o.e.j.w.WebAppContext@25d93198{/,file:///tmp/jetty-0.0.0.0-45279-hddsDatanode-_-any-6649211063293950906.dir/webapp/,AVAILABLE}{/hddsDatanode}
2019-10-21 02:29:11,722 [main] INFO  server.AbstractConnector (AbstractConnector.java:doStart(278)) - Started ServerConnector@2436ea2f{HTTP/1.1,[http/1.1]}{0.0.0.0:45279}
2019-10-21 02:29:11,723 [main] INFO  server.Server (Server.java:doStart(419)) - Started @5418ms
2019-10-21 02:29:11,723 [main] WARN  impl.MetricsSystemImpl (MetricsSystemImpl.java:register(276)) - Sink prometheus already exists!
2019-10-21 02:29:11,726 [main] INFO  server.BaseHttpServer (BaseHttpServer.java:updateConnectorAddress(215)) - HTTP server of HDDSDATANODE is listening at http://0.0.0.0:45279
2019-10-21 02:29:11,727 [main] INFO  impl.MetricsSystemImpl (MetricsSystemImpl.java:init(158)) - HddsDatanode metrics system started (again)
2019-10-21 02:29:11,730 [main] INFO  ozone.HddsDatanodeService (HddsDatanodeService.java:start(184)) - HddsDatanodeService host:pr-hdds-1868-8w4sl-2612808232 ip:192.168.34.9
2019-10-21 02:29:11,734 [org.apache.hadoop.util.JvmPauseMonitor$Monitor@3ce1cf4e] INFO  util.JvmPauseMonitor (JvmPauseMonitor.java:run(188)) - Starting JVM pause monitor
2019-10-21 02:29:11,740 [main] INFO  volume.HddsVolume (HddsVolume.java:<init>(176)) - Creating Volume: /workdir/hadoop-ozone/integration-test/target/test-dir/MiniOzoneClusterImpl-c8b7cd83-0e57-465d-97b8-61911a739100/datanode-1/data/containers/hdds of  storage type : DISK and capacity : 1482555576320
2019-10-21 02:29:11,740 [main] INFO  volume.VolumeSet (VolumeSet.java:initializeVolumeSet(170)) - Added Volume : /workdir/hadoop-ozone/integration-test/target/test-dir/MiniOzoneClusterImpl-c8b7cd83-0e57-465d-97b8-61911a739100/datanode-1/data/containers/hdds to VolumeSet
2019-10-21 02:29:11,741 [main] INFO  volume.ThrottledAsyncChecker (ThrottledAsyncChecker.java:schedule(141)) - Scheduling a check for /workdir/hadoop-ozone/integration-test/target/test-dir/MiniOzoneClusterImpl-c8b7cd83-0e57-465d-97b8-61911a739100/datanode-1/data/containers/hdds
2019-10-21 02:29:11,742 [main] INFO  volume.HddsVolumeChecker (HddsVolumeChecker.java:checkAllVolumes(204)) - Scheduled health check for volume /workdir/hadoop-ozone/integration-test/target/test-dir/MiniOzoneClusterImpl-c8b7cd83-0e57-465d-97b8-61911a739100/datanode-1/data/containers/hdds
2019-10-21 02:29:11,757 [main] INFO  impl.RaftServerProxy (ConfUtils.java:logGet(43)) - raft.rpc.type = GRPC (default)
2019-10-21 02:29:11,758 [main] INFO  grpc.GrpcFactory (GrpcFactory.java:checkPooledByteBufAllocatorUseCacheForAllThreads(45)) - PERFORMANCE WARNING: useCacheForAllThreads is true that may cause Netty to create a lot garbage objects and, as a result, trigger GC.
	It is recommended to disable useCacheForAllThreads by setting -Dorg.apache.ratis.thirdparty.io.netty.allocator.useCacheForAllThreads=false in command line.
2019-10-21 02:29:11,758 [main] INFO  grpc.GrpcConfigKeys$Server (ConfUtils.java:logGet(43)) - raft.grpc.server.port = 0 (default)
2019-10-21 02:29:11,758 [main] INFO  server.GrpcService (ConfUtils.java:logGet(43)) - raft.grpc.message.size.max = 33570816 (custom)
2019-10-21 02:29:11,758 [main] INFO  server.RaftServerConfigKeys (ConfUtils.java:logGet(43)) - raft.server.log.appender.buffer.byte-limit = 33554432 (custom)
2019-10-21 02:29:11,759 [main] INFO  server.GrpcService (ConfUtils.java:logGet(43)) - raft.grpc.flow.control.window = 1MB (=1048576) (default)
2019-10-21 02:29:11,759 [main] INFO  server.RaftServerConfigKeys (ConfUtils.java:logGet(43)) - raft.server.rpc.request.timeout = 3000ms (default)
2019-10-21 02:29:11,759 [main] INFO  server.RaftServerConfigKeys (ConfUtils.java:logGet(43)) - raft.server.storage.dir = [/workdir/hadoop-ozone/integration-test/target/test-dir/MiniOzoneClusterImpl-c8b7cd83-0e57-465d-97b8-61911a739100/datanode-1/data/ratis] (custom)
2019-10-21 02:29:11,761 [main] INFO  hdfs.DFSUtil (DFSUtil.java:httpServerTemplateForNNAndJN(1641)) - Starting Web-server for hddsDatanode at: http://0.0.0.0:0
2019-10-21 02:29:11,763 [main] INFO  server.AuthenticationFilter (AuthenticationFilter.java:constructSecretProvider(240)) - Unable to initialize FileSignerSecretProvider, falling back to use random secrets.
2019-10-21 02:29:11,763 [main] WARN  http.HttpRequestLog (HttpRequestLog.java:getRequestLog(97)) - Jetty request log can only be enabled using Log4j
2019-10-21 02:29:11,765 [main] INFO  http.HttpServer2 (HttpServer2.java:addGlobalFilter(975)) - Added global filter 'safety' (class=org.apache.hadoop.http.HttpServer2$QuotingInputFilter)
2019-10-21 02:29:11,766 [main] INFO  http.HttpServer2 (HttpServer2.java:addFilter(948)) - Added filter static_user_filter (class=org.apache.hadoop.http.lib.StaticUserWebFilter$StaticUserFilter) to context hddsDatanode
2019-10-21 02:29:11,766 [main] INFO  http.HttpServer2 (HttpServer2.java:addFilter(958)) - Added filter static_user_filter (class=org.apache.hadoop.http.lib.StaticUserWebFilter$StaticUserFilter) to context logs
2019-10-21 02:29:11,766 [main] INFO  http.HttpServer2 (HttpServer2.java:addFilter(958)) - Added filter static_user_filter (class=org.apache.hadoop.http.lib.StaticUserWebFilter$StaticUserFilter) to context static
2019-10-21 02:29:11,767 [main] INFO  http.HttpServer2 (HttpServer2.java:bindListener(1191)) - Jetty bound to port 44653
2019-10-21 02:29:11,767 [main] INFO  server.Server (Server.java:doStart(351)) - jetty-9.3.25.v20180904, build timestamp: 2018-09-04T21:11:46Z, git hash: 3ce520221d0240229c862b122d2b06c12a625732
2019-10-21 02:29:11,772 [main] INFO  handler.ContextHandler (ContextHandler.java:doStart(781)) - Started o.e.j.s.ServletContextHandler@1e8ab90f{/logs,file:///workdir/hadoop-ozone/integration-test/target/log,AVAILABLE}
2019-10-21 02:29:11,772 [main] INFO  handler.ContextHandler (ContextHandler.java:doStart(781)) - Started o.e.j.s.ServletContextHandler@7a729f84{/static,jar:file:/home/user/.m2/repository/org/apache/hadoop/hadoop-hdds-container-service/0.5.0-SNAPSHOT/hadoop-hdds-container-service-0.5.0-SNAPSHOT.jar!/webapps/static,AVAILABLE}
2019-10-21 02:29:11,803 [main] INFO  handler.ContextHandler (ContextHandler.java:doStart(781)) - Started o.e.j.w.WebAppContext@3374b5bc{/,file:///tmp/jetty-0.0.0.0-44653-hddsDatanode-_-any-8738020167940330083.dir/webapp/,AVAILABLE}{/hddsDatanode}
2019-10-21 02:29:11,804 [main] INFO  server.AbstractConnector (AbstractConnector.java:doStart(278)) - Started ServerConnector@2af69643{HTTP/1.1,[http/1.1]}{0.0.0.0:44653}
2019-10-21 02:29:11,805 [main] INFO  server.Server (Server.java:doStart(419)) - Started @5500ms
2019-10-21 02:29:11,805 [main] WARN  impl.MetricsSystemImpl (MetricsSystemImpl.java:register(276)) - Sink prometheus already exists!
2019-10-21 02:29:11,807 [main] INFO  server.BaseHttpServer (BaseHttpServer.java:updateConnectorAddress(215)) - HTTP server of HDDSDATANODE is listening at http://0.0.0.0:44653
2019-10-21 02:29:11,807 [main] INFO  impl.MetricsSystemImpl (MetricsSystemImpl.java:init(158)) - HddsDatanode metrics system started (again)
2019-10-21 02:29:11,810 [main] INFO  ozone.HddsDatanodeService (HddsDatanodeService.java:start(184)) - HddsDatanodeService host:pr-hdds-1868-8w4sl-2612808232 ip:192.168.34.9
2019-10-21 02:29:11,811 [org.apache.hadoop.util.JvmPauseMonitor$Monitor@6183b1a0] INFO  util.JvmPauseMonitor (JvmPauseMonitor.java:run(188)) - Starting JVM pause monitor
2019-10-21 02:29:11,820 [main] INFO  volume.HddsVolume (HddsVolume.java:<init>(176)) - Creating Volume: /workdir/hadoop-ozone/integration-test/target/test-dir/MiniOzoneClusterImpl-c8b7cd83-0e57-465d-97b8-61911a739100/datanode-2/data/containers/hdds of  storage type : DISK and capacity : 1482555576320
2019-10-21 02:29:11,820 [main] INFO  volume.VolumeSet (VolumeSet.java:initializeVolumeSet(170)) - Added Volume : /workdir/hadoop-ozone/integration-test/target/test-dir/MiniOzoneClusterImpl-c8b7cd83-0e57-465d-97b8-61911a739100/datanode-2/data/containers/hdds to VolumeSet
2019-10-21 02:29:11,821 [main] INFO  volume.ThrottledAsyncChecker (ThrottledAsyncChecker.java:schedule(141)) - Scheduling a check for /workdir/hadoop-ozone/integration-test/target/test-dir/MiniOzoneClusterImpl-c8b7cd83-0e57-465d-97b8-61911a739100/datanode-2/data/containers/hdds
2019-10-21 02:29:11,821 [main] INFO  volume.HddsVolumeChecker (HddsVolumeChecker.java:checkAllVolumes(204)) - Scheduled health check for volume /workdir/hadoop-ozone/integration-test/target/test-dir/MiniOzoneClusterImpl-c8b7cd83-0e57-465d-97b8-61911a739100/datanode-2/data/containers/hdds
2019-10-21 02:29:11,835 [main] INFO  impl.RaftServerProxy (ConfUtils.java:logGet(43)) - raft.rpc.type = GRPC (default)
2019-10-21 02:29:11,836 [main] INFO  grpc.GrpcFactory (GrpcFactory.java:checkPooledByteBufAllocatorUseCacheForAllThreads(45)) - PERFORMANCE WARNING: useCacheForAllThreads is true that may cause Netty to create a lot garbage objects and, as a result, trigger GC.
	It is recommended to disable useCacheForAllThreads by setting -Dorg.apache.ratis.thirdparty.io.netty.allocator.useCacheForAllThreads=false in command line.
2019-10-21 02:29:11,836 [main] INFO  grpc.GrpcConfigKeys$Server (ConfUtils.java:logGet(43)) - raft.grpc.server.port = 0 (default)
2019-10-21 02:29:11,836 [main] INFO  server.GrpcService (ConfUtils.java:logGet(43)) - raft.grpc.message.size.max = 33570816 (custom)
2019-10-21 02:29:11,836 [main] INFO  server.RaftServerConfigKeys (ConfUtils.java:logGet(43)) - raft.server.log.appender.buffer.byte-limit = 33554432 (custom)
2019-10-21 02:29:11,837 [main] INFO  server.GrpcService (ConfUtils.java:logGet(43)) - raft.grpc.flow.control.window = 1MB (=1048576) (default)
2019-10-21 02:29:11,837 [main] INFO  server.RaftServerConfigKeys (ConfUtils.java:logGet(43)) - raft.server.rpc.request.timeout = 3000ms (default)
2019-10-21 02:29:11,837 [main] INFO  server.RaftServerConfigKeys (ConfUtils.java:logGet(43)) - raft.server.storage.dir = [/workdir/hadoop-ozone/integration-test/target/test-dir/MiniOzoneClusterImpl-c8b7cd83-0e57-465d-97b8-61911a739100/datanode-2/data/ratis] (custom)
2019-10-21 02:29:11,840 [main] INFO  hdfs.DFSUtil (DFSUtil.java:httpServerTemplateForNNAndJN(1641)) - Starting Web-server for hddsDatanode at: http://0.0.0.0:0
2019-10-21 02:29:11,842 [main] INFO  server.AuthenticationFilter (AuthenticationFilter.java:constructSecretProvider(240)) - Unable to initialize FileSignerSecretProvider, falling back to use random secrets.
2019-10-21 02:29:11,842 [main] WARN  http.HttpRequestLog (HttpRequestLog.java:getRequestLog(97)) - Jetty request log can only be enabled using Log4j
2019-10-21 02:29:11,844 [main] INFO  http.HttpServer2 (HttpServer2.java:addGlobalFilter(975)) - Added global filter 'safety' (class=org.apache.hadoop.http.HttpServer2$QuotingInputFilter)
2019-10-21 02:29:11,845 [main] INFO  http.HttpServer2 (HttpServer2.java:addFilter(948)) - Added filter static_user_filter (class=org.apache.hadoop.http.lib.StaticUserWebFilter$StaticUserFilter) to context hddsDatanode
2019-10-21 02:29:11,845 [main] INFO  http.HttpServer2 (HttpServer2.java:addFilter(958)) - Added filter static_user_filter (class=org.apache.hadoop.http.lib.StaticUserWebFilter$StaticUserFilter) to context static
2019-10-21 02:29:11,845 [main] INFO  http.HttpServer2 (HttpServer2.java:addFilter(958)) - Added filter static_user_filter (class=org.apache.hadoop.http.lib.StaticUserWebFilter$StaticUserFilter) to context logs
2019-10-21 02:29:11,846 [main] INFO  http.HttpServer2 (HttpServer2.java:bindListener(1191)) - Jetty bound to port 38865
2019-10-21 02:29:11,846 [main] INFO  server.Server (Server.java:doStart(351)) - jetty-9.3.25.v20180904, build timestamp: 2018-09-04T21:11:46Z, git hash: 3ce520221d0240229c862b122d2b06c12a625732
2019-10-21 02:29:11,849 [main] INFO  handler.ContextHandler (ContextHandler.java:doStart(781)) - Started o.e.j.s.ServletContextHandler@51c959a4{/logs,file:///workdir/hadoop-ozone/integration-test/target/log,AVAILABLE}
2019-10-21 02:29:11,849 [main] INFO  handler.ContextHandler (ContextHandler.java:doStart(781)) - Started o.e.j.s.ServletContextHandler@10a0fe30{/static,jar:file:/home/user/.m2/repository/org/apache/hadoop/hadoop-hdds-container-service/0.5.0-SNAPSHOT/hadoop-hdds-container-service-0.5.0-SNAPSHOT.jar!/webapps/static,AVAILABLE}
2019-10-21 02:29:11,858 [Datanode State Machine Thread - 0] INFO  datanode.InitDatanodeState (InitDatanodeState.java:persistContainerDatanodeDetails(140)) - DatanodeDetails is persisted to /workdir/hadoop-ozone/integration-test/target/test-dir/MiniOzoneClusterImpl-c8b7cd83-0e57-465d-97b8-61911a739100/datanode-0/meta/datanode.id
2019-10-21 02:29:11,862 [Datanode State Machine Thread - 0] INFO  datanode.InitDatanodeState (InitDatanodeState.java:persistContainerDatanodeDetails(140)) - DatanodeDetails is persisted to /workdir/hadoop-ozone/integration-test/target/test-dir/MiniOzoneClusterImpl-c8b7cd83-0e57-465d-97b8-61911a739100/datanode-1/meta/datanode.id
2019-10-21 02:29:11,883 [main] INFO  handler.ContextHandler (ContextHandler.java:doStart(781)) - Started o.e.j.w.WebAppContext@63c12e52{/,file:///tmp/jetty-0.0.0.0-38865-hddsDatanode-_-any-7375591676392756190.dir/webapp/,AVAILABLE}{/hddsDatanode}
2019-10-21 02:29:11,884 [main] INFO  server.AbstractConnector (AbstractConnector.java:doStart(278)) - Started ServerConnector@21bd20ee{HTTP/1.1,[http/1.1]}{0.0.0.0:38865}
2019-10-21 02:29:11,885 [main] INFO  server.Server (Server.java:doStart(419)) - Started @5579ms
2019-10-21 02:29:11,885 [main] WARN  impl.MetricsSystemImpl (MetricsSystemImpl.java:register(276)) - Sink prometheus already exists!
2019-10-21 02:29:11,887 [main] INFO  server.BaseHttpServer (BaseHttpServer.java:updateConnectorAddress(215)) - HTTP server of HDDSDATANODE is listening at http://0.0.0.0:38865
2019-10-21 02:29:11,889 [main] INFO  ozone.MiniOzoneClusterImpl (MiniOzoneClusterImpl.java:lambda$waitForClusterToBeReady$2(170)) - Waiting for cluster to be ready. Got 0 of 3 DN Heartbeats.
2019-10-21 02:29:11,891 [org.apache.hadoop.util.JvmPauseMonitor$Monitor@7296ce8b] INFO  util.JvmPauseMonitor (JvmPauseMonitor.java:run(188)) - Starting JVM pause monitor
2019-10-21 02:29:11,894 [Datanode State Machine Thread - 0] INFO  datanode.InitDatanodeState (InitDatanodeState.java:persistContainerDatanodeDetails(140)) - DatanodeDetails is persisted to /workdir/hadoop-ozone/integration-test/target/test-dir/MiniOzoneClusterImpl-c8b7cd83-0e57-465d-97b8-61911a739100/datanode-2/meta/datanode.id
2019-10-21 02:29:12,890 [main] INFO  ozone.MiniOzoneClusterImpl (MiniOzoneClusterImpl.java:lambda$waitForClusterToBeReady$2(170)) - Waiting for cluster to be ready. Got 0 of 3 DN Heartbeats.
2019-10-21 02:29:13,842 [Datanode State Machine Thread - 0] INFO  ozoneimpl.OzoneContainer (OzoneContainer.java:start(213)) - Attempting to start container services.
2019-10-21 02:29:13,842 [Datanode State Machine Thread - 0] INFO  ozoneimpl.OzoneContainer (OzoneContainer.java:start(213)) - Attempting to start container services.
2019-10-21 02:29:13,846 [Datanode State Machine Thread - 0] INFO  ozoneimpl.OzoneContainer (OzoneContainer.java:startContainerScrub(177)) - Background container scanner has been disabled.
2019-10-21 02:29:13,846 [Datanode State Machine Thread - 0] INFO  ozoneimpl.OzoneContainer (OzoneContainer.java:startContainerScrub(177)) - Background container scanner has been disabled.
2019-10-21 02:29:13,846 [Datanode State Machine Thread - 0] INFO  ratis.XceiverServerRatis (XceiverServerRatis.java:start(424)) - Starting XceiverServerRatis ac8ed8dc-cc65-4955-8554-44832c5ac660 at port 0
2019-10-21 02:29:13,846 [Datanode State Machine Thread - 0] INFO  ratis.XceiverServerRatis (XceiverServerRatis.java:start(424)) - Starting XceiverServerRatis 362bf6f2-6346-45ec-a082-70363f8280ae at port 0
2019-10-21 02:29:13,883 [Datanode State Machine Thread - 0] INFO  impl.RaftServerProxy (RaftServerProxy.java:lambda$start$3(299)) - ac8ed8dc-cc65-4955-8554-44832c5ac660: start RPC server
2019-10-21 02:29:13,883 [Datanode State Machine Thread - 0] INFO  impl.RaftServerProxy (RaftServerProxy.java:lambda$start$3(299)) - 362bf6f2-6346-45ec-a082-70363f8280ae: start RPC server
2019-10-21 02:29:13,891 [main] INFO  ozone.MiniOzoneClusterImpl (MiniOzoneClusterImpl.java:lambda$waitForClusterToBeReady$2(170)) - Waiting for cluster to be ready. Got 0 of 3 DN Heartbeats.
2019-10-21 02:29:13,914 [Datanode State Machine Thread - 0] INFO  ozoneimpl.OzoneContainer (OzoneContainer.java:start(213)) - Attempting to start container services.
2019-10-21 02:29:13,918 [Datanode State Machine Thread - 0] INFO  ozoneimpl.OzoneContainer (OzoneContainer.java:startContainerScrub(177)) - Background container scanner has been disabled.
2019-10-21 02:29:13,918 [Datanode State Machine Thread - 0] INFO  ratis.XceiverServerRatis (XceiverServerRatis.java:start(424)) - Starting XceiverServerRatis b7b971f5-ac02-44ee-b003-ffac35d098a9 at port 0
2019-10-21 02:29:13,927 [Datanode State Machine Thread - 0] INFO  impl.RaftServerProxy (RaftServerProxy.java:lambda$start$3(299)) - b7b971f5-ac02-44ee-b003-ffac35d098a9: start RPC server
2019-10-21 02:29:14,030 [Datanode State Machine Thread - 0] INFO  server.GrpcService (GrpcService.java:startImpl(158)) - ac8ed8dc-cc65-4955-8554-44832c5ac660: GrpcService started, listening on 0.0.0.0/0.0.0.0:41064
2019-10-21 02:29:14,030 [Datanode State Machine Thread - 0] INFO  server.GrpcService (GrpcService.java:startImpl(158)) - 362bf6f2-6346-45ec-a082-70363f8280ae: GrpcService started, listening on 0.0.0.0/0.0.0.0:35652
2019-10-21 02:29:14,030 [Datanode State Machine Thread - 0] INFO  server.GrpcService (GrpcService.java:startImpl(158)) - b7b971f5-ac02-44ee-b003-ffac35d098a9: GrpcService started, listening on 0.0.0.0/0.0.0.0:37715
2019-10-21 02:29:14,031 [Datanode State Machine Thread - 0] INFO  ratis.XceiverServerRatis (XceiverServerRatis.java:start(434)) - XceiverServerRatis 362bf6f2-6346-45ec-a082-70363f8280ae is started using port 35652
2019-10-21 02:29:14,031 [Datanode State Machine Thread - 0] INFO  ratis.XceiverServerRatis (XceiverServerRatis.java:start(434)) - XceiverServerRatis ac8ed8dc-cc65-4955-8554-44832c5ac660 is started using port 41064
2019-10-21 02:29:14,031 [Datanode State Machine Thread - 0] INFO  ratis.XceiverServerRatis (XceiverServerRatis.java:start(434)) - XceiverServerRatis b7b971f5-ac02-44ee-b003-ffac35d098a9 is started using port 37715
2019-10-21 02:29:14,035 [Datanode State Machine Thread - 0] INFO  server.XceiverServerGrpc (XceiverServerGrpc.java:start(149)) - XceiverServerGrpc b7b971f5-ac02-44ee-b003-ffac35d098a9 is started using port 35992
2019-10-21 02:29:14,035 [Datanode State Machine Thread - 0] INFO  server.XceiverServerGrpc (XceiverServerGrpc.java:start(149)) - XceiverServerGrpc ac8ed8dc-cc65-4955-8554-44832c5ac660 is started using port 34358
2019-10-21 02:29:14,035 [Datanode State Machine Thread - 0] INFO  server.XceiverServerGrpc (XceiverServerGrpc.java:start(149)) - XceiverServerGrpc 362bf6f2-6346-45ec-a082-70363f8280ae is started using port 38172
2019-10-21 02:29:14,891 [main] INFO  ozone.MiniOzoneClusterImpl (MiniOzoneClusterImpl.java:lambda$waitForClusterToBeReady$2(170)) - Waiting for cluster to be ready. Got 0 of 3 DN Heartbeats.
2019-10-21 02:29:15,774 [IPC Server handler 1 on 35691] INFO  net.NetworkTopology (NetworkTopologyImpl.java:add(111)) - Added a new node: /default-rack/362bf6f2-6346-45ec-a082-70363f8280ae
2019-10-21 02:29:15,774 [IPC Server handler 1 on 35691] INFO  node.SCMNodeManager (SCMNodeManager.java:register(268)) - Registered Data node : 362bf6f2-6346-45ec-a082-70363f8280ae{ip: 192.168.34.9, host: pr-hdds-1868-8w4sl-2612808232, networkLocation: /default-rack, certSerialId: null}
2019-10-21 02:29:15,778 [EventQueue-NodeRegistrationContainerReportForDataNodeSafeModeRule] INFO  safemode.SCMSafeModeManager (DataNodeSafeModeRule.java:process(71)) - SCM in safe mode. 1 DataNodes registered, 1 required.
2019-10-21 02:29:15,778 [EventQueue-NodeRegistrationContainerReportForDataNodeSafeModeRule] INFO  safemode.SCMSafeModeManager (SCMSafeModeManager.java:validateSafeModeExitRules(177)) - ScmSafeModeManager, all rules are successfully validated
2019-10-21 02:29:15,778 [EventQueue-NodeRegistrationContainerReportForDataNodeSafeModeRule] INFO  safemode.SCMSafeModeManager (SCMSafeModeManager.java:exitSafeMode(193)) - SCM exiting safe mode.
2019-10-21 02:29:15,814 [IPC Server handler 2 on 35691] INFO  net.NetworkTopology (NetworkTopologyImpl.java:add(111)) - Added a new node: /default-rack/ac8ed8dc-cc65-4955-8554-44832c5ac660
2019-10-21 02:29:15,814 [IPC Server handler 2 on 35691] INFO  node.SCMNodeManager (SCMNodeManager.java:register(268)) - Registered Data node : ac8ed8dc-cc65-4955-8554-44832c5ac660{ip: 192.168.34.9, host: pr-hdds-1868-8w4sl-2612808232, networkLocation: /default-rack, certSerialId: null}
2019-10-21 02:29:15,895 [IPC Server handler 4 on 35691] INFO  net.NetworkTopology (NetworkTopologyImpl.java:add(111)) - Added a new node: /default-rack/b7b971f5-ac02-44ee-b003-ffac35d098a9
2019-10-21 02:29:15,895 [IPC Server handler 4 on 35691] INFO  node.SCMNodeManager (SCMNodeManager.java:register(268)) - Registered Data node : b7b971f5-ac02-44ee-b003-ffac35d098a9{ip: 192.168.34.9, host: pr-hdds-1868-8w4sl-2612808232, networkLocation: /default-rack, certSerialId: null}
2019-10-21 02:29:16,262 [grpc-default-executor-0] INFO  impl.RaftServerProxy (RaftServerProxy.java:addNew(89)) - 362bf6f2-6346-45ec-a082-70363f8280ae: addNew group-2ED3FECEEBAC:[362bf6f2-6346-45ec-a082-70363f8280ae:192.168.34.9:35652] returns group-2ED3FECEEBAC:java.util.concurrent.CompletableFuture@191ab3fd[Not completed]
2019-10-21 02:29:16,280 [pool-27-thread-1] INFO  impl.RaftServerImpl (RaftServerImpl.java:<init>(98)) - 362bf6f2-6346-45ec-a082-70363f8280ae: new RaftServerImpl for group-2ED3FECEEBAC:[362bf6f2-6346-45ec-a082-70363f8280ae:192.168.34.9:35652] with ContainerStateMachine:uninitialized
2019-10-21 02:29:16,283 [pool-27-thread-1] INFO  server.RaftServerConfigKeys (ConfUtils.java:logGet(43)) - raft.server.rpc.timeout.min = 5s (custom)
2019-10-21 02:29:16,284 [pool-27-thread-1] INFO  server.RaftServerConfigKeys (ConfUtils.java:logGet(43)) - raft.server.rpc.timeout.max = 5200ms (custom)
2019-10-21 02:29:16,285 [pool-27-thread-1] INFO  server.RaftServerConfigKeys (ConfUtils.java:logGet(43)) - raft.server.rpcslowness.timeout = 120s (custom)
2019-10-21 02:29:16,286 [pool-27-thread-1] INFO  server.RaftServerConfigKeys (ConfUtils.java:logGet(43)) - raft.server.sleep.deviation.threshold = 300 (default)
2019-10-21 02:29:16,287 [pool-27-thread-1] INFO  server.RaftServerConfigKeys (ConfUtils.java:logGet(43)) - raft.server.log.appender.install.snapshot.enabled = false (custom)
2019-10-21 02:29:16,296 [pool-27-thread-1] INFO  impl.RaftServerImpl (ServerState.java:<init>(103)) - 362bf6f2-6346-45ec-a082-70363f8280ae@group-2ED3FECEEBAC: ConfigurationManager, init=-1: [362bf6f2-6346-45ec-a082-70363f8280ae:192.168.34.9:35652], old=null, confs=<EMPTY_MAP>
2019-10-21 02:29:16,297 [pool-27-thread-1] INFO  server.RaftServerConfigKeys (ConfUtils.java:logGet(43)) - raft.server.storage.dir = [/workdir/hadoop-ozone/integration-test/target/test-dir/MiniOzoneClusterImpl-c8b7cd83-0e57-465d-97b8-61911a739100/datanode-0/data/ratis] (custom)
2019-10-21 02:29:16,305 [pool-27-thread-1] INFO  server.RaftServerConfigKeys (ConfUtils.java:logGet(43)) - raft.server.log.corruption.policy = EXCEPTION (default)
2019-10-21 02:29:16,308 [pool-27-thread-1] INFO  storage.RaftStorageDirectory (RaftStorageDirectory.java:analyzeStorage(246)) - The storage directory /workdir/hadoop-ozone/integration-test/target/test-dir/MiniOzoneClusterImpl-c8b7cd83-0e57-465d-97b8-61911a739100/datanode-0/data/ratis/67187a3b-e9a9-4a61-b624-2ed3feceebac does not exist. Creating ...
2019-10-21 02:29:16,336 [pool-27-thread-1] INFO  storage.RaftStorageDirectory (RaftStorageDirectory.java:tryLock(328)) - Lock on /workdir/hadoop-ozone/integration-test/target/test-dir/MiniOzoneClusterImpl-c8b7cd83-0e57-465d-97b8-61911a739100/datanode-0/data/ratis/67187a3b-e9a9-4a61-b624-2ed3feceebac/in_use.lock acquired by nodename 18090@pr-hdds-1868-8w4sl-2612808232
2019-10-21 02:29:16,363 [pool-27-thread-1] INFO  storage.RaftStorage (RaftStorage.java:format(84)) - Storage directory /workdir/hadoop-ozone/integration-test/target/test-dir/MiniOzoneClusterImpl-c8b7cd83-0e57-465d-97b8-61911a739100/datanode-0/data/ratis/67187a3b-e9a9-4a61-b624-2ed3feceebac has been successfully formatted.
2019-10-21 02:29:16,366 [pool-27-thread-1] INFO  ratis.ContainerStateMachine (ContainerStateMachine.java:loadSnapshot(233)) - group-2ED3FECEEBAC: The snapshot info is null. Setting the last applied indexto:(t:0, i:~)
2019-10-21 02:29:16,366 [pool-27-thread-1] INFO  server.RaftServerConfigKeys (ConfUtils.java:logGet(43)) - raft.server.notification.no-leader.timeout = 120s (custom)
2019-10-21 02:29:16,369 [pool-27-thread-1] INFO  server.RaftServerConfigKeys (ConfUtils.java:logGet(43)) - raft.server.log.use.memory = false (default)
2019-10-21 02:29:16,376 [pool-27-thread-1] INFO  server.RaftServerConfigKeys (ConfUtils.java:logGet(43)) - raft.server.log.purge.gap = 1000000 (custom)
2019-10-21 02:29:16,377 [pool-27-thread-1] INFO  server.RaftServerConfigKeys (ConfUtils.java:logGet(43)) - raft.server.log.appender.buffer.byte-limit = 33554432 (custom)
2019-10-21 02:29:16,379 [pool-27-thread-1] INFO  server.RaftServerConfigKeys (ConfUtils.java:logGet(43)) - raft.server.log.segment.size.max = 1048576 (custom)
2019-10-21 02:29:16,386 [pool-27-thread-1] INFO  metrics.MetricRegistries (MetricRegistriesLoader.java:load(64)) - Loaded MetricRegistries class org.apache.ratis.metrics.impl.MetricRegistriesImpl
2019-10-21 02:29:16,391 [pool-27-thread-1] WARN  impl.MetricRegistriesImpl (MetricRegistriesImpl.java:lambda$create$1(61)) - First MetricRegistry has been created without registering reporters. You may need to call MetricRegistries.global().addReportRegistration(...) before.
2019-10-21 02:29:16,398 [pool-27-thread-1] INFO  server.RaftServerConfigKeys (ConfUtils.java:logGet(43)) - raft.server.log.segment.cache.num.max = 2 (custom)
2019-10-21 02:29:16,404 [pool-27-thread-1] INFO  segmented.SegmentedRaftLogWorker (SegmentedRaftLogWorker.java:<init>(173)) - new 362bf6f2-6346-45ec-a082-70363f8280ae@group-2ED3FECEEBAC-SegmentedRaftLogWorker for RaftStorage:Storage Directory /workdir/hadoop-ozone/integration-test/target/test-dir/MiniOzoneClusterImpl-c8b7cd83-0e57-465d-97b8-61911a739100/datanode-0/data/ratis/67187a3b-e9a9-4a61-b624-2ed3feceebac
2019-10-21 02:29:16,405 [pool-27-thread-1] INFO  server.RaftServerConfigKeys (ConfUtils.java:logGet(43)) - raft.server.log.queue.byte-limit = 2147483647 (custom)
2019-10-21 02:29:16,406 [pool-27-thread-1] INFO  server.RaftServerConfigKeys (ConfUtils.java:logGet(43)) - raft.server.log.queue.element-limit = 1024 (custom)
2019-10-21 02:29:16,407 [pool-27-thread-1] INFO  server.RaftServerConfigKeys (ConfUtils.java:logGet(43)) - raft.server.log.segment.size.max = 1048576 (custom)
2019-10-21 02:29:16,408 [pool-27-thread-1] INFO  server.RaftServerConfigKeys (ConfUtils.java:logGet(43)) - raft.server.log.preallocated.size = 16384 (custom)
2019-10-21 02:29:16,408 [pool-27-thread-1] INFO  server.RaftServerConfigKeys (ConfUtils.java:logGet(43)) - raft.server.log.write.buffer.size = 33554432 (custom)
2019-10-21 02:29:16,410 [pool-27-thread-1] INFO  server.RaftServerConfigKeys (ConfUtils.java:logGet(43)) - raft.server.log.force.sync.num = 128 (default)
2019-10-21 02:29:16,411 [pool-27-thread-1] INFO  server.RaftServerConfigKeys (ConfUtils.java:logGet(43)) - raft.server.log.statemachine.data.sync = true (default)
2019-10-21 02:29:16,412 [pool-27-thread-1] INFO  server.RaftServerConfigKeys (ConfUtils.java:logGet(43)) - raft.server.log.statemachine.data.sync.timeout = 10s (default)
2019-10-21 02:29:16,412 [pool-27-thread-1] INFO  server.RaftServerConfigKeys (ConfUtils.java:logGet(43)) - raft.server.log.statemachine.data.sync.timeout.retry = -1 (default)
2019-10-21 02:29:16,423 [pool-27-thread-1] INFO  server.RaftServerConfigKeys (ConfUtils.java:logGet(43)) - raft.server.log.statemachine.data.caching.enabled = true (custom)
2019-10-21 02:29:16,428 [pool-27-thread-1] INFO  segmented.SegmentedRaftLogWorker (SegmentedRaftLogWorker.java:lambda$new$0(128)) - 362bf6f2-6346-45ec-a082-70363f8280ae@group-2ED3FECEEBAC-SegmentedRaftLogWorker: flushIndex: setUnconditionally 0 -> -1
2019-10-21 02:29:16,433 [pool-27-thread-1] INFO  server.RaftServerConfigKeys (ConfUtils.java:logGet(43)) - raft.server.snapshot.auto.trigger.enabled = true (custom)
2019-10-21 02:29:16,434 [pool-27-thread-1] INFO  server.RaftServerConfigKeys (ConfUtils.java:logGet(43)) - raft.server.snapshot.auto.trigger.threshold = 10000 (custom)
2019-10-21 02:29:16,434 [pool-27-thread-1] INFO  server.RaftServerConfigKeys (ConfUtils.java:logGet(43)) - raft.server.snapshot.retention.file.num = 5 (custom)
2019-10-21 02:29:16,435 [pool-27-thread-1] INFO  server.RaftServerConfigKeys (ConfUtils.java:logGet(43)) - raft.server.retrycache.expirytime = 600000ms (custom)
2019-10-21 02:29:16,454 [pool-27-thread-1] WARN  impl.MetricRegistriesImpl (MetricRegistriesImpl.java:lambda$create$1(61)) - First MetricRegistry has been created without registering reporters. You may need to call MetricRegistries.global().addReportRegistration(...) before.
2019-10-21 02:29:16,456 [pool-27-thread-1] WARN  impl.MetricRegistriesImpl (MetricRegistriesImpl.java:lambda$create$1(61)) - First MetricRegistry has been created without registering reporters. You may need to call MetricRegistries.global().addReportRegistration(...) before.
2019-10-21 02:29:16,458 [pool-27-thread-1] INFO  impl.RaftServerImpl (RaftServerImpl.java:start(184)) - 362bf6f2-6346-45ec-a082-70363f8280ae@group-2ED3FECEEBAC: start as a follower, conf=-1: [362bf6f2-6346-45ec-a082-70363f8280ae:192.168.34.9:35652], old=null
2019-10-21 02:29:16,459 [pool-27-thread-1] INFO  impl.RaftServerImpl (RaftServerImpl.java:setRole(173)) - 362bf6f2-6346-45ec-a082-70363f8280ae@group-2ED3FECEEBAC: changes role from      null to FOLLOWER at term 0 for startAsFollower
2019-10-21 02:29:16,461 [pool-27-thread-1] INFO  impl.RoleInfo (RoleInfo.java:updateAndGet(143)) - 362bf6f2-6346-45ec-a082-70363f8280ae: start FollowerState
2019-10-21 02:29:16,463 [pool-27-thread-1] INFO  util.JmxRegister (JmxRegister.java:tryRegister(44)) - Successfully registered JMX Bean with object name Ratis:service=RaftServer,group=group-2ED3FECEEBAC,id=362bf6f2-6346-45ec-a082-70363f8280ae
2019-10-21 02:29:16,465 [pool-27-thread-1] WARN  impl.MetricRegistriesImpl (MetricRegistriesImpl.java:lambda$create$1(61)) - First MetricRegistry has been created without registering reporters. You may need to call MetricRegistries.global().addReportRegistration(...) before.
2019-10-21 02:29:16,533 [RatisPipelineUtilsThread] INFO  pipeline.PipelineStateManager (PipelineStateManager.java:addPipeline(55)) - Created pipeline Pipeline[ Id: 67187a3b-e9a9-4a61-b624-2ed3feceebac, Nodes: 362bf6f2-6346-45ec-a082-70363f8280ae{ip: 192.168.34.9, host: pr-hdds-1868-8w4sl-2612808232, networkLocation: /default-rack, certSerialId: null}, Type:RATIS, Factor:ONE, State:ALLOCATED]
2019-10-21 02:29:16,554 [grpc-default-executor-0] INFO  impl.RaftServerProxy (RaftServerProxy.java:addNew(89)) - b7b971f5-ac02-44ee-b003-ffac35d098a9: addNew group-6CA2AECC9FCA:[b7b971f5-ac02-44ee-b003-ffac35d098a9:192.168.34.9:37715] returns group-6CA2AECC9FCA:java.util.concurrent.CompletableFuture@2d15bf3f[Not completed]
2019-10-21 02:29:16,579 [pool-47-thread-1] INFO  impl.RaftServerImpl (RaftServerImpl.java:<init>(98)) - b7b971f5-ac02-44ee-b003-ffac35d098a9: new RaftServerImpl for group-6CA2AECC9FCA:[b7b971f5-ac02-44ee-b003-ffac35d098a9:192.168.34.9:37715] with ContainerStateMachine:uninitialized
2019-10-21 02:29:16,581 [pool-47-thread-1] INFO  server.RaftServerConfigKeys (ConfUtils.java:logGet(43)) - raft.server.rpc.timeout.min = 5s (custom)
2019-10-21 02:29:16,581 [pool-47-thread-1] INFO  server.RaftServerConfigKeys (ConfUtils.java:logGet(43)) - raft.server.rpc.timeout.max = 5200ms (custom)
2019-10-21 02:29:16,581 [pool-47-thread-1] INFO  server.RaftServerConfigKeys (ConfUtils.java:logGet(43)) - raft.server.rpcslowness.timeout = 120s (custom)
2019-10-21 02:29:16,581 [pool-47-thread-1] INFO  server.RaftServerConfigKeys (ConfUtils.java:logGet(43)) - raft.server.sleep.deviation.threshold = 300 (default)
2019-10-21 02:29:16,582 [pool-47-thread-1] INFO  server.RaftServerConfigKeys (ConfUtils.java:logGet(43)) - raft.server.log.appender.install.snapshot.enabled = false (custom)
2019-10-21 02:29:16,582 [pool-47-thread-1] INFO  impl.RaftServerImpl (ServerState.java:<init>(103)) - b7b971f5-ac02-44ee-b003-ffac35d098a9@group-6CA2AECC9FCA: ConfigurationManager, init=-1: [b7b971f5-ac02-44ee-b003-ffac35d098a9:192.168.34.9:37715], old=null, confs=<EMPTY_MAP>
2019-10-21 02:29:16,582 [pool-47-thread-1] INFO  server.RaftServerConfigKeys (ConfUtils.java:logGet(43)) - raft.server.storage.dir = [/workdir/hadoop-ozone/integration-test/target/test-dir/MiniOzoneClusterImpl-c8b7cd83-0e57-465d-97b8-61911a739100/datanode-2/data/ratis] (custom)
2019-10-21 02:29:16,582 [pool-47-thread-1] INFO  server.RaftServerConfigKeys (ConfUtils.java:logGet(43)) - raft.server.log.corruption.policy = EXCEPTION (default)
2019-10-21 02:29:16,583 [pool-47-thread-1] INFO  storage.RaftStorageDirectory (RaftStorageDirectory.java:analyzeStorage(246)) - The storage directory /workdir/hadoop-ozone/integration-test/target/test-dir/MiniOzoneClusterImpl-c8b7cd83-0e57-465d-97b8-61911a739100/datanode-2/data/ratis/bd27fc75-22e2-4e9d-aef7-6ca2aecc9fca does not exist. Creating ...
2019-10-21 02:29:16,617 [pool-47-thread-1] INFO  storage.RaftStorageDirectory (RaftStorageDirectory.java:tryLock(328)) - Lock on /workdir/hadoop-ozone/integration-test/target/test-dir/MiniOzoneClusterImpl-c8b7cd83-0e57-465d-97b8-61911a739100/datanode-2/data/ratis/bd27fc75-22e2-4e9d-aef7-6ca2aecc9fca/in_use.lock acquired by nodename 18090@pr-hdds-1868-8w4sl-2612808232
2019-10-21 02:29:16,642 [pool-47-thread-1] INFO  storage.RaftStorage (RaftStorage.java:format(84)) - Storage directory /workdir/hadoop-ozone/integration-test/target/test-dir/MiniOzoneClusterImpl-c8b7cd83-0e57-465d-97b8-61911a739100/datanode-2/data/ratis/bd27fc75-22e2-4e9d-aef7-6ca2aecc9fca has been successfully formatted.
2019-10-21 02:29:16,644 [pool-47-thread-1] INFO  ratis.ContainerStateMachine (ContainerStateMachine.java:loadSnapshot(233)) - group-6CA2AECC9FCA: The snapshot info is null. Setting the last applied indexto:(t:0, i:~)
2019-10-21 02:29:16,645 [pool-47-thread-1] INFO  server.RaftServerConfigKeys (ConfUtils.java:logGet(43)) - raft.server.notification.no-leader.timeout = 120s (custom)
2019-10-21 02:29:16,645 [pool-47-thread-1] INFO  server.RaftServerConfigKeys (ConfUtils.java:logGet(43)) - raft.server.log.use.memory = false (default)
2019-10-21 02:29:16,646 [pool-47-thread-1] INFO  server.RaftServerConfigKeys (ConfUtils.java:logGet(43)) - raft.server.log.purge.gap = 1000000 (custom)
2019-10-21 02:29:16,646 [pool-47-thread-1] INFO  server.RaftServerConfigKeys (ConfUtils.java:logGet(43)) - raft.server.log.appender.buffer.byte-limit = 33554432 (custom)
2019-10-21 02:29:16,646 [pool-47-thread-1] INFO  server.RaftServerConfigKeys (ConfUtils.java:logGet(43)) - raft.server.log.segment.size.max = 1048576 (custom)
2019-10-21 02:29:16,647 [pool-47-thread-1] WARN  impl.MetricRegistriesImpl (MetricRegistriesImpl.java:lambda$create$1(61)) - First MetricRegistry has been created without registering reporters. You may need to call MetricRegistries.global().addReportRegistration(...) before.
2019-10-21 02:29:16,648 [pool-47-thread-1] INFO  server.RaftServerConfigKeys (ConfUtils.java:logGet(43)) - raft.server.log.segment.cache.num.max = 2 (custom)
2019-10-21 02:29:16,648 [pool-47-thread-1] INFO  segmented.SegmentedRaftLogWorker (SegmentedRaftLogWorker.java:<init>(173)) - new b7b971f5-ac02-44ee-b003-ffac35d098a9@group-6CA2AECC9FCA-SegmentedRaftLogWorker for RaftStorage:Storage Directory /workdir/hadoop-ozone/integration-test/target/test-dir/MiniOzoneClusterImpl-c8b7cd83-0e57-465d-97b8-61911a739100/datanode-2/data/ratis/bd27fc75-22e2-4e9d-aef7-6ca2aecc9fca
2019-10-21 02:29:16,649 [pool-47-thread-1] INFO  server.RaftServerConfigKeys (ConfUtils.java:logGet(43)) - raft.server.log.queue.byte-limit = 2147483647 (custom)
2019-10-21 02:29:16,649 [pool-47-thread-1] INFO  server.RaftServerConfigKeys (ConfUtils.java:logGet(43)) - raft.server.log.queue.element-limit = 1024 (custom)
2019-10-21 02:29:16,649 [pool-47-thread-1] INFO  server.RaftServerConfigKeys (ConfUtils.java:logGet(43)) - raft.server.log.segment.size.max = 1048576 (custom)
2019-10-21 02:29:16,650 [pool-47-thread-1] INFO  server.RaftServerConfigKeys (ConfUtils.java:logGet(43)) - raft.server.log.preallocated.size = 16384 (custom)
2019-10-21 02:29:16,650 [pool-47-thread-1] INFO  server.RaftServerConfigKeys (ConfUtils.java:logGet(43)) - raft.server.log.write.buffer.size = 33554432 (custom)
2019-10-21 02:29:16,650 [pool-47-thread-1] INFO  server.RaftServerConfigKeys (ConfUtils.java:logGet(43)) - raft.server.log.force.sync.num = 128 (default)
2019-10-21 02:29:16,650 [pool-47-thread-1] INFO  server.RaftServerConfigKeys (ConfUtils.java:logGet(43)) - raft.server.log.statemachine.data.sync = true (default)
2019-10-21 02:29:16,650 [pool-47-thread-1] INFO  server.RaftServerConfigKeys (ConfUtils.java:logGet(43)) - raft.server.log.statemachine.data.sync.timeout = 10s (default)
2019-10-21 02:29:16,651 [pool-47-thread-1] INFO  server.RaftServerConfigKeys (ConfUtils.java:logGet(43)) - raft.server.log.statemachine.data.sync.timeout.retry = -1 (default)
2019-10-21 02:29:16,652 [pool-47-thread-1] INFO  server.RaftServerConfigKeys (ConfUtils.java:logGet(43)) - raft.server.log.statemachine.data.caching.enabled = true (custom)
2019-10-21 02:29:16,653 [pool-47-thread-1] INFO  segmented.SegmentedRaftLogWorker (SegmentedRaftLogWorker.java:lambda$new$0(128)) - b7b971f5-ac02-44ee-b003-ffac35d098a9@group-6CA2AECC9FCA-SegmentedRaftLogWorker: flushIndex: setUnconditionally 0 -> -1
2019-10-21 02:29:16,653 [pool-47-thread-1] INFO  server.RaftServerConfigKeys (ConfUtils.java:logGet(43)) - raft.server.snapshot.auto.trigger.enabled = true (custom)
2019-10-21 02:29:16,653 [pool-47-thread-1] INFO  server.RaftServerConfigKeys (ConfUtils.java:logGet(43)) - raft.server.snapshot.auto.trigger.threshold = 10000 (custom)
2019-10-21 02:29:16,654 [pool-47-thread-1] INFO  server.RaftServerConfigKeys (ConfUtils.java:logGet(43)) - raft.server.snapshot.retention.file.num = 5 (custom)
2019-10-21 02:29:16,654 [pool-47-thread-1] INFO  server.RaftServerConfigKeys (ConfUtils.java:logGet(43)) - raft.server.retrycache.expirytime = 600000ms (custom)
2019-10-21 02:29:16,654 [pool-47-thread-1] WARN  impl.MetricRegistriesImpl (MetricRegistriesImpl.java:lambda$create$1(61)) - First MetricRegistry has been created without registering reporters. You may need to call MetricRegistries.global().addReportRegistration(...) before.
2019-10-21 02:29:16,654 [pool-47-thread-1] WARN  impl.MetricRegistriesImpl (MetricRegistriesImpl.java:lambda$create$1(61)) - First MetricRegistry has been created without registering reporters. You may need to call MetricRegistries.global().addReportRegistration(...) before.
2019-10-21 02:29:16,655 [pool-47-thread-1] INFO  impl.RaftServerImpl (RaftServerImpl.java:start(184)) - b7b971f5-ac02-44ee-b003-ffac35d098a9@group-6CA2AECC9FCA: start as a follower, conf=-1: [b7b971f5-ac02-44ee-b003-ffac35d098a9:192.168.34.9:37715], old=null
2019-10-21 02:29:16,655 [pool-47-thread-1] INFO  impl.RaftServerImpl (RaftServerImpl.java:setRole(173)) - b7b971f5-ac02-44ee-b003-ffac35d098a9@group-6CA2AECC9FCA: changes role from      null to FOLLOWER at term 0 for startAsFollower
2019-10-21 02:29:16,655 [pool-47-thread-1] INFO  impl.RoleInfo (RoleInfo.java:updateAndGet(143)) - b7b971f5-ac02-44ee-b003-ffac35d098a9: start FollowerState
2019-10-21 02:29:16,657 [pool-47-thread-1] INFO  util.JmxRegister (JmxRegister.java:tryRegister(44)) - Successfully registered JMX Bean with object name Ratis:service=RaftServer,group=group-6CA2AECC9FCA,id=b7b971f5-ac02-44ee-b003-ffac35d098a9
2019-10-21 02:29:16,658 [pool-47-thread-1] WARN  impl.MetricRegistriesImpl (MetricRegistriesImpl.java:lambda$create$1(61)) - First MetricRegistry has been created without registering reporters. You may need to call MetricRegistries.global().addReportRegistration(...) before.
2019-10-21 02:29:16,672 [RatisPipelineUtilsThread] INFO  pipeline.PipelineStateManager (PipelineStateManager.java:addPipeline(55)) - Created pipeline Pipeline[ Id: bd27fc75-22e2-4e9d-aef7-6ca2aecc9fca, Nodes: b7b971f5-ac02-44ee-b003-ffac35d098a9{ip: 192.168.34.9, host: pr-hdds-1868-8w4sl-2612808232, networkLocation: /default-rack, certSerialId: null}, Type:RATIS, Factor:ONE, State:ALLOCATED]
2019-10-21 02:29:16,690 [grpc-default-executor-0] INFO  impl.RaftServerProxy (RaftServerProxy.java:addNew(89)) - ac8ed8dc-cc65-4955-8554-44832c5ac660: addNew group-AC99A1984AF1:[ac8ed8dc-cc65-4955-8554-44832c5ac660:192.168.34.9:41064] returns group-AC99A1984AF1:java.util.concurrent.CompletableFuture@6d1ee746[Not completed]
2019-10-21 02:29:16,706 [pool-37-thread-1] INFO  impl.RaftServerImpl (RaftServerImpl.java:<init>(98)) - ac8ed8dc-cc65-4955-8554-44832c5ac660: new RaftServerImpl for group-AC99A1984AF1:[ac8ed8dc-cc65-4955-8554-44832c5ac660:192.168.34.9:41064] with ContainerStateMachine:uninitialized
2019-10-21 02:29:16,707 [pool-37-thread-1] INFO  server.RaftServerConfigKeys (ConfUtils.java:logGet(43)) - raft.server.rpc.timeout.min = 5s (custom)
2019-10-21 02:29:16,708 [pool-37-thread-1] INFO  server.RaftServerConfigKeys (ConfUtils.java:logGet(43)) - raft.server.rpc.timeout.max = 5200ms (custom)
2019-10-21 02:29:16,708 [pool-37-thread-1] INFO  server.RaftServerConfigKeys (ConfUtils.java:logGet(43)) - raft.server.rpcslowness.timeout = 120s (custom)
2019-10-21 02:29:16,708 [pool-37-thread-1] INFO  server.RaftServerConfigKeys (ConfUtils.java:logGet(43)) - raft.server.sleep.deviation.threshold = 300 (default)
2019-10-21 02:29:16,708 [pool-37-thread-1] INFO  server.RaftServerConfigKeys (ConfUtils.java:logGet(43)) - raft.server.log.appender.install.snapshot.enabled = false (custom)
2019-10-21 02:29:16,708 [pool-37-thread-1] INFO  impl.RaftServerImpl (ServerState.java:<init>(103)) - ac8ed8dc-cc65-4955-8554-44832c5ac660@group-AC99A1984AF1: ConfigurationManager, init=-1: [ac8ed8dc-cc65-4955-8554-44832c5ac660:192.168.34.9:41064], old=null, confs=<EMPTY_MAP>
2019-10-21 02:29:16,709 [pool-37-thread-1] INFO  server.RaftServerConfigKeys (ConfUtils.java:logGet(43)) - raft.server.storage.dir = [/workdir/hadoop-ozone/integration-test/target/test-dir/MiniOzoneClusterImpl-c8b7cd83-0e57-465d-97b8-61911a739100/datanode-1/data/ratis] (custom)
2019-10-21 02:29:16,709 [pool-37-thread-1] INFO  server.RaftServerConfigKeys (ConfUtils.java:logGet(43)) - raft.server.log.corruption.policy = EXCEPTION (default)
2019-10-21 02:29:16,710 [pool-37-thread-1] INFO  storage.RaftStorageDirectory (RaftStorageDirectory.java:analyzeStorage(246)) - The storage directory /workdir/hadoop-ozone/integration-test/target/test-dir/MiniOzoneClusterImpl-c8b7cd83-0e57-465d-97b8-61911a739100/datanode-1/data/ratis/1baed1a2-04a2-48f7-884d-ac99a1984af1 does not exist. Creating ...
2019-10-21 02:29:16,734 [pool-37-thread-1] INFO  storage.RaftStorageDirectory (RaftStorageDirectory.java:tryLock(328)) - Lock on /workdir/hadoop-ozone/integration-test/target/test-dir/MiniOzoneClusterImpl-c8b7cd83-0e57-465d-97b8-61911a739100/datanode-1/data/ratis/1baed1a2-04a2-48f7-884d-ac99a1984af1/in_use.lock acquired by nodename 18090@pr-hdds-1868-8w4sl-2612808232
2019-10-21 02:29:16,760 [pool-37-thread-1] INFO  storage.RaftStorage (RaftStorage.java:format(84)) - Storage directory /workdir/hadoop-ozone/integration-test/target/test-dir/MiniOzoneClusterImpl-c8b7cd83-0e57-465d-97b8-61911a739100/datanode-1/data/ratis/1baed1a2-04a2-48f7-884d-ac99a1984af1 has been successfully formatted.
2019-10-21 02:29:16,760 [pool-37-thread-1] INFO  ratis.ContainerStateMachine (ContainerStateMachine.java:loadSnapshot(233)) - group-AC99A1984AF1: The snapshot info is null. Setting the last applied indexto:(t:0, i:~)
2019-10-21 02:29:16,761 [pool-37-thread-1] INFO  server.RaftServerConfigKeys (ConfUtils.java:logGet(43)) - raft.server.notification.no-leader.timeout = 120s (custom)
2019-10-21 02:29:16,761 [pool-37-thread-1] INFO  server.RaftServerConfigKeys (ConfUtils.java:logGet(43)) - raft.server.log.use.memory = false (default)
2019-10-21 02:29:16,761 [pool-37-thread-1] INFO  server.RaftServerConfigKeys (ConfUtils.java:logGet(43)) - raft.server.log.purge.gap = 1000000 (custom)
2019-10-21 02:29:16,761 [pool-37-thread-1] INFO  server.RaftServerConfigKeys (ConfUtils.java:logGet(43)) - raft.server.log.appender.buffer.byte-limit = 33554432 (custom)
2019-10-21 02:29:16,761 [pool-37-thread-1] INFO  server.RaftServerConfigKeys (ConfUtils.java:logGet(43)) - raft.server.log.segment.size.max = 1048576 (custom)
2019-10-21 02:29:16,762 [pool-37-thread-1] WARN  impl.MetricRegistriesImpl (MetricRegistriesImpl.java:lambda$create$1(61)) - First MetricRegistry has been created without registering reporters. You may need to call MetricRegistries.global().addReportRegistration(...) before.
2019-10-21 02:29:16,762 [pool-37-thread-1] INFO  server.RaftServerConfigKeys (ConfUtils.java:logGet(43)) - raft.server.log.segment.cache.num.max = 2 (custom)
2019-10-21 02:29:16,762 [pool-37-thread-1] INFO  segmented.SegmentedRaftLogWorker (SegmentedRaftLogWorker.java:<init>(173)) - new ac8ed8dc-cc65-4955-8554-44832c5ac660@group-AC99A1984AF1-SegmentedRaftLogWorker for RaftStorage:Storage Directory /workdir/hadoop-ozone/integration-test/target/test-dir/MiniOzoneClusterImpl-c8b7cd83-0e57-465d-97b8-61911a739100/datanode-1/data/ratis/1baed1a2-04a2-48f7-884d-ac99a1984af1
2019-10-21 02:29:16,762 [pool-37-thread-1] INFO  server.RaftServerConfigKeys (ConfUtils.java:logGet(43)) - raft.server.log.queue.byte-limit = 2147483647 (custom)
2019-10-21 02:29:16,762 [pool-37-thread-1] INFO  server.RaftServerConfigKeys (ConfUtils.java:logGet(43)) - raft.server.log.queue.element-limit = 1024 (custom)
2019-10-21 02:29:16,762 [pool-37-thread-1] INFO  server.RaftServerConfigKeys (ConfUtils.java:logGet(43)) - raft.server.log.segment.size.max = 1048576 (custom)
2019-10-21 02:29:16,763 [pool-37-thread-1] INFO  server.RaftServerConfigKeys (ConfUtils.java:logGet(43)) - raft.server.log.preallocated.size = 16384 (custom)
2019-10-21 02:29:16,763 [pool-37-thread-1] INFO  server.RaftServerConfigKeys (ConfUtils.java:logGet(43)) - raft.server.log.write.buffer.size = 33554432 (custom)
2019-10-21 02:29:16,763 [pool-37-thread-1] INFO  server.RaftServerConfigKeys (ConfUtils.java:logGet(43)) - raft.server.log.force.sync.num = 128 (default)
2019-10-21 02:29:16,763 [pool-37-thread-1] INFO  server.RaftServerConfigKeys (ConfUtils.java:logGet(43)) - raft.server.log.statemachine.data.sync = true (default)
2019-10-21 02:29:16,763 [pool-37-thread-1] INFO  server.RaftServerConfigKeys (ConfUtils.java:logGet(43)) - raft.server.log.statemachine.data.sync.timeout = 10s (default)
2019-10-21 02:29:16,763 [pool-37-thread-1] INFO  server.RaftServerConfigKeys (ConfUtils.java:logGet(43)) - raft.server.log.statemachine.data.sync.timeout.retry = -1 (default)
2019-10-21 02:29:16,764 [pool-37-thread-1] INFO  server.RaftServerConfigKeys (ConfUtils.java:logGet(43)) - raft.server.log.statemachine.data.caching.enabled = true (custom)
2019-10-21 02:29:16,764 [pool-37-thread-1] INFO  segmented.SegmentedRaftLogWorker (SegmentedRaftLogWorker.java:lambda$new$0(128)) - ac8ed8dc-cc65-4955-8554-44832c5ac660@group-AC99A1984AF1-SegmentedRaftLogWorker: flushIndex: setUnconditionally 0 -> -1
2019-10-21 02:29:16,765 [pool-37-thread-1] INFO  server.RaftServerConfigKeys (ConfUtils.java:logGet(43)) - raft.server.snapshot.auto.trigger.enabled = true (custom)
2019-10-21 02:29:16,765 [pool-37-thread-1] INFO  server.RaftServerConfigKeys (ConfUtils.java:logGet(43)) - raft.server.snapshot.auto.trigger.threshold = 10000 (custom)
2019-10-21 02:29:16,765 [pool-37-thread-1] INFO  server.RaftServerConfigKeys (ConfUtils.java:logGet(43)) - raft.server.snapshot.retention.file.num = 5 (custom)
2019-10-21 02:29:16,765 [pool-37-thread-1] INFO  server.RaftServerConfigKeys (ConfUtils.java:logGet(43)) - raft.server.retrycache.expirytime = 600000ms (custom)
2019-10-21 02:29:16,765 [pool-37-thread-1] WARN  impl.MetricRegistriesImpl (MetricRegistriesImpl.java:lambda$create$1(61)) - First MetricRegistry has been created without registering reporters. You may need to call MetricRegistries.global().addReportRegistration(...) before.
2019-10-21 02:29:16,766 [pool-37-thread-1] WARN  impl.MetricRegistriesImpl (MetricRegistriesImpl.java:lambda$create$1(61)) - First MetricRegistry has been created without registering reporters. You may need to call MetricRegistries.global().addReportRegistration(...) before.
2019-10-21 02:29:16,766 [pool-37-thread-1] INFO  impl.RaftServerImpl (RaftServerImpl.java:start(184)) - ac8ed8dc-cc65-4955-8554-44832c5ac660@group-AC99A1984AF1: start as a follower, conf=-1: [ac8ed8dc-cc65-4955-8554-44832c5ac660:192.168.34.9:41064], old=null
2019-10-21 02:29:16,766 [pool-37-thread-1] INFO  impl.RaftServerImpl (RaftServerImpl.java:setRole(173)) - ac8ed8dc-cc65-4955-8554-44832c5ac660@group-AC99A1984AF1: changes role from      null to FOLLOWER at term 0 for startAsFollower
2019-10-21 02:29:16,766 [pool-37-thread-1] INFO  impl.RoleInfo (RoleInfo.java:updateAndGet(143)) - ac8ed8dc-cc65-4955-8554-44832c5ac660: start FollowerState
2019-10-21 02:29:16,767 [pool-37-thread-1] INFO  util.JmxRegister (JmxRegister.java:tryRegister(44)) - Successfully registered JMX Bean with object name Ratis:service=RaftServer,group=group-AC99A1984AF1,id=ac8ed8dc-cc65-4955-8554-44832c5ac660
2019-10-21 02:29:16,767 [pool-37-thread-1] WARN  impl.MetricRegistriesImpl (MetricRegistriesImpl.java:lambda$create$1(61)) - First MetricRegistry has been created without registering reporters. You may need to call MetricRegistries.global().addReportRegistration(...) before.
2019-10-21 02:29:16,778 [RatisPipelineUtilsThread] INFO  pipeline.PipelineStateManager (PipelineStateManager.java:addPipeline(55)) - Created pipeline Pipeline[ Id: 1baed1a2-04a2-48f7-884d-ac99a1984af1, Nodes: ac8ed8dc-cc65-4955-8554-44832c5ac660{ip: 192.168.34.9, host: pr-hdds-1868-8w4sl-2612808232, networkLocation: /default-rack, certSerialId: null}, Type:RATIS, Factor:ONE, State:ALLOCATED]
2019-10-21 02:29:16,809 [grpc-default-executor-1] INFO  impl.RaftServerProxy (RaftServerProxy.java:addNew(89)) - 362bf6f2-6346-45ec-a082-70363f8280ae: addNew group-AFC6B1B3EB62:[362bf6f2-6346-45ec-a082-70363f8280ae:192.168.34.9:35652, ac8ed8dc-cc65-4955-8554-44832c5ac660:192.168.34.9:41064, b7b971f5-ac02-44ee-b003-ffac35d098a9:192.168.34.9:37715] returns group-AFC6B1B3EB62:java.util.concurrent.CompletableFuture@443a920e[Not completed]
2019-10-21 02:29:16,809 [grpc-default-executor-2] INFO  impl.RaftServerProxy (RaftServerProxy.java:addNew(89)) - ac8ed8dc-cc65-4955-8554-44832c5ac660: addNew group-AFC6B1B3EB62:[362bf6f2-6346-45ec-a082-70363f8280ae:192.168.34.9:35652, ac8ed8dc-cc65-4955-8554-44832c5ac660:192.168.34.9:41064, b7b971f5-ac02-44ee-b003-ffac35d098a9:192.168.34.9:37715] returns group-AFC6B1B3EB62:java.util.concurrent.CompletableFuture@5b83ebf7[Not completed]
2019-10-21 02:29:16,814 [pool-27-thread-1] INFO  impl.RaftServerImpl (RaftServerImpl.java:<init>(98)) - 362bf6f2-6346-45ec-a082-70363f8280ae: new RaftServerImpl for group-AFC6B1B3EB62:[362bf6f2-6346-45ec-a082-70363f8280ae:192.168.34.9:35652, ac8ed8dc-cc65-4955-8554-44832c5ac660:192.168.34.9:41064, b7b971f5-ac02-44ee-b003-ffac35d098a9:192.168.34.9:37715] with ContainerStateMachine:uninitialized
2019-10-21 02:29:16,815 [pool-27-thread-1] INFO  server.RaftServerConfigKeys (ConfUtils.java:logGet(43)) - raft.server.rpc.timeout.min = 5s (custom)
2019-10-21 02:29:16,815 [pool-27-thread-1] INFO  server.RaftServerConfigKeys (ConfUtils.java:logGet(43)) - raft.server.rpc.timeout.max = 5200ms (custom)
2019-10-21 02:29:16,815 [pool-27-thread-1] INFO  server.RaftServerConfigKeys (ConfUtils.java:logGet(43)) - raft.server.rpcslowness.timeout = 120s (custom)
2019-10-21 02:29:16,817 [pool-27-thread-1] INFO  server.RaftServerConfigKeys (ConfUtils.java:logGet(43)) - raft.server.sleep.deviation.threshold = 300 (default)
2019-10-21 02:29:16,817 [pool-27-thread-1] INFO  server.RaftServerConfigKeys (ConfUtils.java:logGet(43)) - raft.server.log.appender.install.snapshot.enabled = false (custom)
2019-10-21 02:29:16,817 [pool-37-thread-1] INFO  impl.RaftServerImpl (RaftServerImpl.java:<init>(98)) - ac8ed8dc-cc65-4955-8554-44832c5ac660: new RaftServerImpl for group-AFC6B1B3EB62:[362bf6f2-6346-45ec-a082-70363f8280ae:192.168.34.9:35652, ac8ed8dc-cc65-4955-8554-44832c5ac660:192.168.34.9:41064, b7b971f5-ac02-44ee-b003-ffac35d098a9:192.168.34.9:37715] with ContainerStateMachine:uninitialized
2019-10-21 02:29:16,818 [pool-27-thread-1] INFO  impl.RaftServerImpl (ServerState.java:<init>(103)) - 362bf6f2-6346-45ec-a082-70363f8280ae@group-AFC6B1B3EB62: ConfigurationManager, init=-1: [362bf6f2-6346-45ec-a082-70363f8280ae:192.168.34.9:35652, ac8ed8dc-cc65-4955-8554-44832c5ac660:192.168.34.9:41064, b7b971f5-ac02-44ee-b003-ffac35d098a9:192.168.34.9:37715], old=null, confs=<EMPTY_MAP>
2019-10-21 02:29:16,818 [pool-37-thread-1] INFO  server.RaftServerConfigKeys (ConfUtils.java:logGet(43)) - raft.server.rpc.timeout.min = 5s (custom)
2019-10-21 02:29:16,818 [grpc-default-executor-2] INFO  impl.RaftServerProxy (RaftServerProxy.java:addNew(89)) - b7b971f5-ac02-44ee-b003-ffac35d098a9: addNew group-AFC6B1B3EB62:[362bf6f2-6346-45ec-a082-70363f8280ae:192.168.34.9:35652, ac8ed8dc-cc65-4955-8554-44832c5ac660:192.168.34.9:41064, b7b971f5-ac02-44ee-b003-ffac35d098a9:192.168.34.9:37715] returns group-AFC6B1B3EB62:java.util.concurrent.CompletableFuture@1abee1cc[Not completed]
2019-10-21 02:29:16,818 [pool-37-thread-1] INFO  server.RaftServerConfigKeys (ConfUtils.java:logGet(43)) - raft.server.rpc.timeout.max = 5200ms (custom)
2019-10-21 02:29:16,818 [pool-27-thread-1] INFO  server.RaftServerConfigKeys (ConfUtils.java:logGet(43)) - raft.server.storage.dir = [/workdir/hadoop-ozone/integration-test/target/test-dir/MiniOzoneClusterImpl-c8b7cd83-0e57-465d-97b8-61911a739100/datanode-0/data/ratis] (custom)
2019-10-21 02:29:16,818 [pool-37-thread-1] INFO  server.RaftServerConfigKeys (ConfUtils.java:logGet(43)) - raft.server.rpcslowness.timeout = 120s (custom)
2019-10-21 02:29:16,819 [pool-37-thread-1] INFO  server.RaftServerConfigKeys (ConfUtils.java:logGet(43)) - raft.server.sleep.deviation.threshold = 300 (default)
2019-10-21 02:29:16,819 [pool-27-thread-1] INFO  server.RaftServerConfigKeys (ConfUtils.java:logGet(43)) - raft.server.log.corruption.policy = EXCEPTION (default)
2019-10-21 02:29:16,819 [pool-37-thread-1] INFO  server.RaftServerConfigKeys (ConfUtils.java:logGet(43)) - raft.server.log.appender.install.snapshot.enabled = false (custom)
2019-10-21 02:29:16,819 [pool-27-thread-1] INFO  storage.RaftStorageDirectory (RaftStorageDirectory.java:analyzeStorage(246)) - The storage directory /workdir/hadoop-ozone/integration-test/target/test-dir/MiniOzoneClusterImpl-c8b7cd83-0e57-465d-97b8-61911a739100/datanode-0/data/ratis/ead68d7f-c45b-48f7-a44e-afc6b1b3eb62 does not exist. Creating ...
2019-10-21 02:29:16,819 [pool-37-thread-1] INFO  impl.RaftServerImpl (ServerState.java:<init>(103)) - ac8ed8dc-cc65-4955-8554-44832c5ac660@group-AFC6B1B3EB62: ConfigurationManager, init=-1: [362bf6f2-6346-45ec-a082-70363f8280ae:192.168.34.9:35652, ac8ed8dc-cc65-4955-8554-44832c5ac660:192.168.34.9:41064, b7b971f5-ac02-44ee-b003-ffac35d098a9:192.168.34.9:37715], old=null, confs=<EMPTY_MAP>
2019-10-21 02:29:16,819 [pool-37-thread-1] INFO  server.RaftServerConfigKeys (ConfUtils.java:logGet(43)) - raft.server.storage.dir = [/workdir/hadoop-ozone/integration-test/target/test-dir/MiniOzoneClusterImpl-c8b7cd83-0e57-465d-97b8-61911a739100/datanode-1/data/ratis] (custom)
2019-10-21 02:29:16,820 [pool-47-thread-1] INFO  impl.RaftServerImpl (RaftServerImpl.java:<init>(98)) - b7b971f5-ac02-44ee-b003-ffac35d098a9: new RaftServerImpl for group-AFC6B1B3EB62:[362bf6f2-6346-45ec-a082-70363f8280ae:192.168.34.9:35652, ac8ed8dc-cc65-4955-8554-44832c5ac660:192.168.34.9:41064, b7b971f5-ac02-44ee-b003-ffac35d098a9:192.168.34.9:37715] with ContainerStateMachine:uninitialized
2019-10-21 02:29:16,820 [pool-37-thread-1] INFO  server.RaftServerConfigKeys (ConfUtils.java:logGet(43)) - raft.server.log.corruption.policy = EXCEPTION (default)
2019-10-21 02:29:16,820 [pool-47-thread-1] INFO  server.RaftServerConfigKeys (ConfUtils.java:logGet(43)) - raft.server.rpc.timeout.min = 5s (custom)
2019-10-21 02:29:16,820 [pool-47-thread-1] INFO  server.RaftServerConfigKeys (ConfUtils.java:logGet(43)) - raft.server.rpc.timeout.max = 5200ms (custom)
2019-10-21 02:29:16,820 [pool-37-thread-1] INFO  storage.RaftStorageDirectory (RaftStorageDirectory.java:analyzeStorage(246)) - The storage directory /workdir/hadoop-ozone/integration-test/target/test-dir/MiniOzoneClusterImpl-c8b7cd83-0e57-465d-97b8-61911a739100/datanode-1/data/ratis/ead68d7f-c45b-48f7-a44e-afc6b1b3eb62 does not exist. Creating ...
2019-10-21 02:29:16,820 [pool-47-thread-1] INFO  server.RaftServerConfigKeys (ConfUtils.java:logGet(43)) - raft.server.rpcslowness.timeout = 120s (custom)
2019-10-21 02:29:16,821 [pool-47-thread-1] INFO  server.RaftServerConfigKeys (ConfUtils.java:logGet(43)) - raft.server.sleep.deviation.threshold = 300 (default)
2019-10-21 02:29:16,821 [pool-47-thread-1] INFO  server.RaftServerConfigKeys (ConfUtils.java:logGet(43)) - raft.server.log.appender.install.snapshot.enabled = false (custom)
2019-10-21 02:29:16,821 [pool-47-thread-1] INFO  impl.RaftServerImpl (ServerState.java:<init>(103)) - b7b971f5-ac02-44ee-b003-ffac35d098a9@group-AFC6B1B3EB62: ConfigurationManager, init=-1: [362bf6f2-6346-45ec-a082-70363f8280ae:192.168.34.9:35652, ac8ed8dc-cc65-4955-8554-44832c5ac660:192.168.34.9:41064, b7b971f5-ac02-44ee-b003-ffac35d098a9:192.168.34.9:37715], old=null, confs=<EMPTY_MAP>
2019-10-21 02:29:16,821 [pool-47-thread-1] INFO  server.RaftServerConfigKeys (ConfUtils.java:logGet(43)) - raft.server.storage.dir = [/workdir/hadoop-ozone/integration-test/target/test-dir/MiniOzoneClusterImpl-c8b7cd83-0e57-465d-97b8-61911a739100/datanode-2/data/ratis] (custom)
2019-10-21 02:29:16,824 [pool-47-thread-1] INFO  server.RaftServerConfigKeys (ConfUtils.java:logGet(43)) - raft.server.log.corruption.policy = EXCEPTION (default)
2019-10-21 02:29:16,824 [pool-47-thread-1] INFO  storage.RaftStorageDirectory (RaftStorageDirectory.java:analyzeStorage(246)) - The storage directory /workdir/hadoop-ozone/integration-test/target/test-dir/MiniOzoneClusterImpl-c8b7cd83-0e57-465d-97b8-61911a739100/datanode-2/data/ratis/ead68d7f-c45b-48f7-a44e-afc6b1b3eb62 does not exist. Creating ...
2019-10-21 02:29:16,843 [pool-27-thread-1] INFO  storage.RaftStorageDirectory (RaftStorageDirectory.java:tryLock(328)) - Lock on /workdir/hadoop-ozone/integration-test/target/test-dir/MiniOzoneClusterImpl-c8b7cd83-0e57-465d-97b8-61911a739100/datanode-0/data/ratis/ead68d7f-c45b-48f7-a44e-afc6b1b3eb62/in_use.lock acquired by nodename 18090@pr-hdds-1868-8w4sl-2612808232
2019-10-21 02:29:16,843 [pool-47-thread-1] INFO  storage.RaftStorageDirectory (RaftStorageDirectory.java:tryLock(328)) - Lock on /workdir/hadoop-ozone/integration-test/target/test-dir/MiniOzoneClusterImpl-c8b7cd83-0e57-465d-97b8-61911a739100/datanode-2/data/ratis/ead68d7f-c45b-48f7-a44e-afc6b1b3eb62/in_use.lock acquired by nodename 18090@pr-hdds-1868-8w4sl-2612808232
2019-10-21 02:29:16,843 [pool-37-thread-1] INFO  storage.RaftStorageDirectory (RaftStorageDirectory.java:tryLock(328)) - Lock on /workdir/hadoop-ozone/integration-test/target/test-dir/MiniOzoneClusterImpl-c8b7cd83-0e57-465d-97b8-61911a739100/datanode-1/data/ratis/ead68d7f-c45b-48f7-a44e-afc6b1b3eb62/in_use.lock acquired by nodename 18090@pr-hdds-1868-8w4sl-2612808232
2019-10-21 02:29:16,869 [pool-27-thread-1] INFO  storage.RaftStorage (RaftStorage.java:format(84)) - Storage directory /workdir/hadoop-ozone/integration-test/target/test-dir/MiniOzoneClusterImpl-c8b7cd83-0e57-465d-97b8-61911a739100/datanode-0/data/ratis/ead68d7f-c45b-48f7-a44e-afc6b1b3eb62 has been successfully formatted.
2019-10-21 02:29:16,869 [pool-37-thread-1] INFO  storage.RaftStorage (RaftStorage.java:format(84)) - Storage directory /workdir/hadoop-ozone/integration-test/target/test-dir/MiniOzoneClusterImpl-c8b7cd83-0e57-465d-97b8-61911a739100/datanode-1/data/ratis/ead68d7f-c45b-48f7-a44e-afc6b1b3eb62 has been successfully formatted.
2019-10-21 02:29:16,869 [pool-47-thread-1] INFO  storage.RaftStorage (RaftStorage.java:format(84)) - Storage directory /workdir/hadoop-ozone/integration-test/target/test-dir/MiniOzoneClusterImpl-c8b7cd83-0e57-465d-97b8-61911a739100/datanode-2/data/ratis/ead68d7f-c45b-48f7-a44e-afc6b1b3eb62 has been successfully formatted.
2019-10-21 02:29:16,870 [pool-27-thread-1] INFO  ratis.ContainerStateMachine (ContainerStateMachine.java:loadSnapshot(233)) - group-AFC6B1B3EB62: The snapshot info is null. Setting the last applied indexto:(t:0, i:~)
2019-10-21 02:29:16,870 [pool-37-thread-1] INFO  ratis.ContainerStateMachine (ContainerStateMachine.java:loadSnapshot(233)) - group-AFC6B1B3EB62: The snapshot info is null. Setting the last applied indexto:(t:0, i:~)
2019-10-21 02:29:16,870 [pool-47-thread-1] INFO  ratis.ContainerStateMachine (ContainerStateMachine.java:loadSnapshot(233)) - group-AFC6B1B3EB62: The snapshot info is null. Setting the last applied indexto:(t:0, i:~)
2019-10-21 02:29:16,870 [pool-27-thread-1] INFO  server.RaftServerConfigKeys (ConfUtils.java:logGet(43)) - raft.server.notification.no-leader.timeout = 120s (custom)
2019-10-21 02:29:16,870 [pool-47-thread-1] INFO  server.RaftServerConfigKeys (ConfUtils.java:logGet(43)) - raft.server.notification.no-leader.timeout = 120s (custom)
2019-10-21 02:29:16,870 [pool-37-thread-1] INFO  server.RaftServerConfigKeys (ConfUtils.java:logGet(43)) - raft.server.notification.no-leader.timeout = 120s (custom)
2019-10-21 02:29:16,871 [pool-47-thread-1] INFO  server.RaftServerConfigKeys (ConfUtils.java:logGet(43)) - raft.server.log.use.memory = false (default)
2019-10-21 02:29:16,871 [pool-27-thread-1] INFO  server.RaftServerConfigKeys (ConfUtils.java:logGet(43)) - raft.server.log.use.memory = false (default)
2019-10-21 02:29:16,871 [pool-47-thread-1] INFO  server.RaftServerConfigKeys (ConfUtils.java:logGet(43)) - raft.server.log.purge.gap = 1000000 (custom)
2019-10-21 02:29:16,871 [pool-37-thread-1] INFO  server.RaftServerConfigKeys (ConfUtils.java:logGet(43)) - raft.server.log.use.memory = false (default)
2019-10-21 02:29:16,871 [pool-47-thread-1] INFO  server.RaftServerConfigKeys (ConfUtils.java:logGet(43)) - raft.server.log.appender.buffer.byte-limit = 33554432 (custom)
2019-10-21 02:29:16,871 [pool-27-thread-1] INFO  server.RaftServerConfigKeys (ConfUtils.java:logGet(43)) - raft.server.log.purge.gap = 1000000 (custom)
2019-10-21 02:29:16,872 [pool-47-thread-1] INFO  server.RaftServerConfigKeys (ConfUtils.java:logGet(43)) - raft.server.log.segment.size.max = 1048576 (custom)
2019-10-21 02:29:16,872 [pool-37-thread-1] INFO  server.RaftServerConfigKeys (ConfUtils.java:logGet(43)) - raft.server.log.purge.gap = 1000000 (custom)
2019-10-21 02:29:16,872 [pool-47-thread-1] INFO  server.RaftServerConfigKeys (ConfUtils.java:logGet(43)) - raft.server.log.segment.cache.num.max = 2 (custom)
2019-10-21 02:29:16,872 [pool-27-thread-1] INFO  server.RaftServerConfigKeys (ConfUtils.java:logGet(43)) - raft.server.log.appender.buffer.byte-limit = 33554432 (custom)
2019-10-21 02:29:16,872 [pool-47-thread-1] INFO  segmented.SegmentedRaftLogWorker (SegmentedRaftLogWorker.java:<init>(173)) - new b7b971f5-ac02-44ee-b003-ffac35d098a9@group-AFC6B1B3EB62-SegmentedRaftLogWorker for RaftStorage:Storage Directory /workdir/hadoop-ozone/integration-test/target/test-dir/MiniOzoneClusterImpl-c8b7cd83-0e57-465d-97b8-61911a739100/datanode-2/data/ratis/ead68d7f-c45b-48f7-a44e-afc6b1b3eb62
2019-10-21 02:29:16,872 [pool-37-thread-1] INFO  server.RaftServerConfigKeys (ConfUtils.java:logGet(43)) - raft.server.log.appender.buffer.byte-limit = 33554432 (custom)
2019-10-21 02:29:16,873 [pool-47-thread-1] INFO  server.RaftServerConfigKeys (ConfUtils.java:logGet(43)) - raft.server.log.queue.byte-limit = 2147483647 (custom)
2019-10-21 02:29:16,872 [pool-27-thread-1] INFO  server.RaftServerConfigKeys (ConfUtils.java:logGet(43)) - raft.server.log.segment.size.max = 1048576 (custom)
2019-10-21 02:29:16,873 [pool-47-thread-1] INFO  server.RaftServerConfigKeys (ConfUtils.java:logGet(43)) - raft.server.log.queue.element-limit = 1024 (custom)
2019-10-21 02:29:16,873 [pool-37-thread-1] INFO  server.RaftServerConfigKeys (ConfUtils.java:logGet(43)) - raft.server.log.segment.size.max = 1048576 (custom)
2019-10-21 02:29:16,873 [pool-47-thread-1] INFO  server.RaftServerConfigKeys (ConfUtils.java:logGet(43)) - raft.server.log.segment.size.max = 1048576 (custom)
2019-10-21 02:29:16,873 [pool-27-thread-1] INFO  server.RaftServerConfigKeys (ConfUtils.java:logGet(43)) - raft.server.log.segment.cache.num.max = 2 (custom)
2019-10-21 02:29:16,873 [pool-47-thread-1] INFO  server.RaftServerConfigKeys (ConfUtils.java:logGet(43)) - raft.server.log.preallocated.size = 16384 (custom)
2019-10-21 02:29:16,873 [pool-37-thread-1] INFO  server.RaftServerConfigKeys (ConfUtils.java:logGet(43)) - raft.server.log.segment.cache.num.max = 2 (custom)
2019-10-21 02:29:16,874 [pool-47-thread-1] INFO  server.RaftServerConfigKeys (ConfUtils.java:logGet(43)) - raft.server.log.write.buffer.size = 33554432 (custom)
2019-10-21 02:29:16,874 [pool-27-thread-1] INFO  segmented.SegmentedRaftLogWorker (SegmentedRaftLogWorker.java:<init>(173)) - new 362bf6f2-6346-45ec-a082-70363f8280ae@group-AFC6B1B3EB62-SegmentedRaftLogWorker for RaftStorage:Storage Directory /workdir/hadoop-ozone/integration-test/target/test-dir/MiniOzoneClusterImpl-c8b7cd83-0e57-465d-97b8-61911a739100/datanode-0/data/ratis/ead68d7f-c45b-48f7-a44e-afc6b1b3eb62
2019-10-21 02:29:16,874 [pool-47-thread-1] INFO  server.RaftServerConfigKeys (ConfUtils.java:logGet(43)) - raft.server.log.force.sync.num = 128 (default)
2019-10-21 02:29:16,874 [pool-37-thread-1] INFO  segmented.SegmentedRaftLogWorker (SegmentedRaftLogWorker.java:<init>(173)) - new ac8ed8dc-cc65-4955-8554-44832c5ac660@group-AFC6B1B3EB62-SegmentedRaftLogWorker for RaftStorage:Storage Directory /workdir/hadoop-ozone/integration-test/target/test-dir/MiniOzoneClusterImpl-c8b7cd83-0e57-465d-97b8-61911a739100/datanode-1/data/ratis/ead68d7f-c45b-48f7-a44e-afc6b1b3eb62
2019-10-21 02:29:16,874 [pool-47-thread-1] INFO  server.RaftServerConfigKeys (ConfUtils.java:logGet(43)) - raft.server.log.statemachine.data.sync = true (default)
2019-10-21 02:29:16,874 [pool-27-thread-1] INFO  server.RaftServerConfigKeys (ConfUtils.java:logGet(43)) - raft.server.log.queue.byte-limit = 2147483647 (custom)
2019-10-21 02:29:16,875 [pool-47-thread-1] INFO  server.RaftServerConfigKeys (ConfUtils.java:logGet(43)) - raft.server.log.statemachine.data.sync.timeout = 10s (default)
2019-10-21 02:29:16,875 [pool-37-thread-1] INFO  server.RaftServerConfigKeys (ConfUtils.java:logGet(43)) - raft.server.log.queue.byte-limit = 2147483647 (custom)
2019-10-21 02:29:16,875 [pool-47-thread-1] INFO  server.RaftServerConfigKeys (ConfUtils.java:logGet(43)) - raft.server.log.statemachine.data.sync.timeout.retry = -1 (default)
2019-10-21 02:29:16,875 [pool-27-thread-1] INFO  server.RaftServerConfigKeys (ConfUtils.java:logGet(43)) - raft.server.log.queue.element-limit = 1024 (custom)
2019-10-21 02:29:16,875 [pool-37-thread-1] INFO  server.RaftServerConfigKeys (ConfUtils.java:logGet(43)) - raft.server.log.queue.element-limit = 1024 (custom)
2019-10-21 02:29:16,875 [pool-47-thread-1] INFO  server.RaftServerConfigKeys (ConfUtils.java:logGet(43)) - raft.server.log.statemachine.data.caching.enabled = true (custom)
2019-10-21 02:29:16,875 [pool-27-thread-1] INFO  server.RaftServerConfigKeys (ConfUtils.java:logGet(43)) - raft.server.log.segment.size.max = 1048576 (custom)
2019-10-21 02:29:16,876 [pool-37-thread-1] INFO  server.RaftServerConfigKeys (ConfUtils.java:logGet(43)) - raft.server.log.segment.size.max = 1048576 (custom)
2019-10-21 02:29:16,876 [pool-47-thread-1] INFO  segmented.SegmentedRaftLogWorker (SegmentedRaftLogWorker.java:lambda$new$0(128)) - b7b971f5-ac02-44ee-b003-ffac35d098a9@group-AFC6B1B3EB62-SegmentedRaftLogWorker: flushIndex: setUnconditionally 0 -> -1
2019-10-21 02:29:16,876 [pool-27-thread-1] INFO  server.RaftServerConfigKeys (ConfUtils.java:logGet(43)) - raft.server.log.preallocated.size = 16384 (custom)
2019-10-21 02:29:16,876 [pool-37-thread-1] INFO  server.RaftServerConfigKeys (ConfUtils.java:logGet(43)) - raft.server.log.preallocated.size = 16384 (custom)
2019-10-21 02:29:16,876 [pool-47-thread-1] INFO  server.RaftServerConfigKeys (ConfUtils.java:logGet(43)) - raft.server.snapshot.auto.trigger.enabled = true (custom)
2019-10-21 02:29:16,876 [pool-27-thread-1] INFO  server.RaftServerConfigKeys (ConfUtils.java:logGet(43)) - raft.server.log.write.buffer.size = 33554432 (custom)
2019-10-21 02:29:16,877 [pool-47-thread-1] INFO  server.RaftServerConfigKeys (ConfUtils.java:logGet(43)) - raft.server.snapshot.auto.trigger.threshold = 10000 (custom)
2019-10-21 02:29:16,876 [pool-37-thread-1] INFO  server.RaftServerConfigKeys (ConfUtils.java:logGet(43)) - raft.server.log.write.buffer.size = 33554432 (custom)
2019-10-21 02:29:16,877 [pool-47-thread-1] INFO  server.RaftServerConfigKeys (ConfUtils.java:logGet(43)) - raft.server.snapshot.retention.file.num = 5 (custom)
2019-10-21 02:29:16,877 [pool-27-thread-1] INFO  server.RaftServerConfigKeys (ConfUtils.java:logGet(43)) - raft.server.log.force.sync.num = 128 (default)
2019-10-21 02:29:16,877 [pool-47-thread-1] INFO  server.RaftServerConfigKeys (ConfUtils.java:logGet(43)) - raft.server.retrycache.expirytime = 600000ms (custom)
2019-10-21 02:29:16,877 [pool-37-thread-1] INFO  server.RaftServerConfigKeys (ConfUtils.java:logGet(43)) - raft.server.log.force.sync.num = 128 (default)
2019-10-21 02:29:16,877 [pool-47-thread-1] WARN  impl.MetricRegistriesImpl (MetricRegistriesImpl.java:lambda$create$1(61)) - First MetricRegistry has been created without registering reporters. You may need to call MetricRegistries.global().addReportRegistration(...) before.
2019-10-21 02:29:16,877 [pool-27-thread-1] INFO  server.RaftServerConfigKeys (ConfUtils.java:logGet(43)) - raft.server.log.statemachine.data.sync = true (default)
2019-10-21 02:29:16,878 [pool-47-thread-1] WARN  impl.MetricRegistriesImpl (MetricRegistriesImpl.java:lambda$create$1(61)) - First MetricRegistry has been created without registering reporters. You may need to call MetricRegistries.global().addReportRegistration(...) before.
2019-10-21 02:29:16,878 [pool-37-thread-1] INFO  server.RaftServerConfigKeys (ConfUtils.java:logGet(43)) - raft.server.log.statemachine.data.sync = true (default)
2019-10-21 02:29:16,878 [pool-27-thread-1] INFO  server.RaftServerConfigKeys (ConfUtils.java:logGet(43)) - raft.server.log.statemachine.data.sync.timeout = 10s (default)
2019-10-21 02:29:16,878 [pool-37-thread-1] INFO  server.RaftServerConfigKeys (ConfUtils.java:logGet(43)) - raft.server.log.statemachine.data.sync.timeout = 10s (default)
2019-10-21 02:29:16,878 [pool-47-thread-1] INFO  impl.RaftServerImpl (RaftServerImpl.java:start(184)) - b7b971f5-ac02-44ee-b003-ffac35d098a9@group-AFC6B1B3EB62: start as a follower, conf=-1: [362bf6f2-6346-45ec-a082-70363f8280ae:192.168.34.9:35652, ac8ed8dc-cc65-4955-8554-44832c5ac660:192.168.34.9:41064, b7b971f5-ac02-44ee-b003-ffac35d098a9:192.168.34.9:37715], old=null
2019-10-21 02:29:16,879 [pool-37-thread-1] INFO  server.RaftServerConfigKeys (ConfUtils.java:logGet(43)) - raft.server.log.statemachine.data.sync.timeout.retry = -1 (default)
2019-10-21 02:29:16,878 [pool-27-thread-1] INFO  server.RaftServerConfigKeys (ConfUtils.java:logGet(43)) - raft.server.log.statemachine.data.sync.timeout.retry = -1 (default)
2019-10-21 02:29:16,879 [pool-47-thread-1] INFO  impl.RaftServerImpl (RaftServerImpl.java:setRole(173)) - b7b971f5-ac02-44ee-b003-ffac35d098a9@group-AFC6B1B3EB62: changes role from      null to FOLLOWER at term 0 for startAsFollower
2019-10-21 02:29:16,879 [pool-37-thread-1] INFO  server.RaftServerConfigKeys (ConfUtils.java:logGet(43)) - raft.server.log.statemachine.data.caching.enabled = true (custom)
2019-10-21 02:29:16,879 [pool-47-thread-1] INFO  impl.RoleInfo (RoleInfo.java:updateAndGet(143)) - b7b971f5-ac02-44ee-b003-ffac35d098a9: start FollowerState
2019-10-21 02:29:16,879 [pool-27-thread-1] INFO  server.RaftServerConfigKeys (ConfUtils.java:logGet(43)) - raft.server.log.statemachine.data.caching.enabled = true (custom)
2019-10-21 02:29:16,880 [pool-37-thread-1] INFO  segmented.SegmentedRaftLogWorker (SegmentedRaftLogWorker.java:lambda$new$0(128)) - ac8ed8dc-cc65-4955-8554-44832c5ac660@group-AFC6B1B3EB62-SegmentedRaftLogWorker: flushIndex: setUnconditionally 0 -> -1
2019-10-21 02:29:16,880 [pool-27-thread-1] INFO  segmented.SegmentedRaftLogWorker (SegmentedRaftLogWorker.java:lambda$new$0(128)) - 362bf6f2-6346-45ec-a082-70363f8280ae@group-AFC6B1B3EB62-SegmentedRaftLogWorker: flushIndex: setUnconditionally 0 -> -1
2019-10-21 02:29:16,880 [pool-47-thread-1] INFO  util.JmxRegister (JmxRegister.java:tryRegister(44)) - Successfully registered JMX Bean with object name Ratis:service=RaftServer,group=group-AFC6B1B3EB62,id=b7b971f5-ac02-44ee-b003-ffac35d098a9
2019-10-21 02:29:16,880 [pool-37-thread-1] INFO  server.RaftServerConfigKeys (ConfUtils.java:logGet(43)) - raft.server.snapshot.auto.trigger.enabled = true (custom)
2019-10-21 02:29:16,880 [pool-27-thread-1] INFO  server.RaftServerConfigKeys (ConfUtils.java:logGet(43)) - raft.server.snapshot.auto.trigger.enabled = true (custom)
2019-10-21 02:29:16,880 [pool-47-thread-1] WARN  impl.MetricRegistriesImpl (MetricRegistriesImpl.java:lambda$create$1(61)) - First MetricRegistry has been created without registering reporters. You may need to call MetricRegistries.global().addReportRegistration(...) before.
2019-10-21 02:29:16,880 [pool-27-thread-1] INFO  server.RaftServerConfigKeys (ConfUtils.java:logGet(43)) - raft.server.snapshot.auto.trigger.threshold = 10000 (custom)
2019-10-21 02:29:16,880 [pool-37-thread-1] INFO  server.RaftServerConfigKeys (ConfUtils.java:logGet(43)) - raft.server.snapshot.auto.trigger.threshold = 10000 (custom)
2019-10-21 02:29:16,881 [pool-27-thread-1] INFO  server.RaftServerConfigKeys (ConfUtils.java:logGet(43)) - raft.server.snapshot.retention.file.num = 5 (custom)
2019-10-21 02:29:16,881 [pool-37-thread-1] INFO  server.RaftServerConfigKeys (ConfUtils.java:logGet(43)) - raft.server.snapshot.retention.file.num = 5 (custom)
2019-10-21 02:29:16,881 [pool-27-thread-1] INFO  server.RaftServerConfigKeys (ConfUtils.java:logGet(43)) - raft.server.retrycache.expirytime = 600000ms (custom)
2019-10-21 02:29:16,881 [pool-37-thread-1] INFO  server.RaftServerConfigKeys (ConfUtils.java:logGet(43)) - raft.server.retrycache.expirytime = 600000ms (custom)
2019-10-21 02:29:16,881 [pool-27-thread-1] WARN  impl.MetricRegistriesImpl (MetricRegistriesImpl.java:lambda$create$1(61)) - First MetricRegistry has been created without registering reporters. You may need to call MetricRegistries.global().addReportRegistration(...) before.
2019-10-21 02:29:16,882 [pool-37-thread-1] WARN  impl.MetricRegistriesImpl (MetricRegistriesImpl.java:lambda$create$1(61)) - First MetricRegistry has been created without registering reporters. You may need to call MetricRegistries.global().addReportRegistration(...) before.
2019-10-21 02:29:16,882 [pool-27-thread-1] WARN  impl.MetricRegistriesImpl (MetricRegistriesImpl.java:lambda$create$1(61)) - First MetricRegistry has been created without registering reporters. You may need to call MetricRegistries.global().addReportRegistration(...) before.
2019-10-21 02:29:16,882 [pool-37-thread-1] WARN  impl.MetricRegistriesImpl (MetricRegistriesImpl.java:lambda$create$1(61)) - First MetricRegistry has been created without registering reporters. You may need to call MetricRegistries.global().addReportRegistration(...) before.
2019-10-21 02:29:16,883 [pool-27-thread-1] INFO  impl.RaftServerImpl (RaftServerImpl.java:start(184)) - 362bf6f2-6346-45ec-a082-70363f8280ae@group-AFC6B1B3EB62: start as a follower, conf=-1: [362bf6f2-6346-45ec-a082-70363f8280ae:192.168.34.9:35652, ac8ed8dc-cc65-4955-8554-44832c5ac660:192.168.34.9:41064, b7b971f5-ac02-44ee-b003-ffac35d098a9:192.168.34.9:37715], old=null
2019-10-21 02:29:16,883 [pool-37-thread-1] INFO  impl.RaftServerImpl (RaftServerImpl.java:start(184)) - ac8ed8dc-cc65-4955-8554-44832c5ac660@group-AFC6B1B3EB62: start as a follower, conf=-1: [362bf6f2-6346-45ec-a082-70363f8280ae:192.168.34.9:35652, ac8ed8dc-cc65-4955-8554-44832c5ac660:192.168.34.9:41064, b7b971f5-ac02-44ee-b003-ffac35d098a9:192.168.34.9:37715], old=null
2019-10-21 02:29:16,884 [pool-27-thread-1] INFO  impl.RaftServerImpl (RaftServerImpl.java:setRole(173)) - 362bf6f2-6346-45ec-a082-70363f8280ae@group-AFC6B1B3EB62: changes role from      null to FOLLOWER at term 0 for startAsFollower
2019-10-21 02:29:16,884 [pool-37-thread-1] INFO  impl.RaftServerImpl (RaftServerImpl.java:setRole(173)) - ac8ed8dc-cc65-4955-8554-44832c5ac660@group-AFC6B1B3EB62: changes role from      null to FOLLOWER at term 0 for startAsFollower
2019-10-21 02:29:16,885 [pool-27-thread-1] INFO  impl.RoleInfo (RoleInfo.java:updateAndGet(143)) - 362bf6f2-6346-45ec-a082-70363f8280ae: start FollowerState
2019-10-21 02:29:16,885 [pool-37-thread-1] INFO  impl.RoleInfo (RoleInfo.java:updateAndGet(143)) - ac8ed8dc-cc65-4955-8554-44832c5ac660: start FollowerState
2019-10-21 02:29:16,885 [pool-37-thread-1] INFO  util.JmxRegister (JmxRegister.java:tryRegister(44)) - Successfully registered JMX Bean with object name Ratis:service=RaftServer,group=group-AFC6B1B3EB62,id=ac8ed8dc-cc65-4955-8554-44832c5ac660
2019-10-21 02:29:16,885 [pool-27-thread-1] INFO  util.JmxRegister (JmxRegister.java:tryRegister(44)) - Successfully registered JMX Bean with object name Ratis:service=RaftServer,group=group-AFC6B1B3EB62,id=362bf6f2-6346-45ec-a082-70363f8280ae
2019-10-21 02:29:16,886 [pool-37-thread-1] WARN  impl.MetricRegistriesImpl (MetricRegistriesImpl.java:lambda$create$1(61)) - First MetricRegistry has been created without registering reporters. You may need to call MetricRegistries.global().addReportRegistration(...) before.
2019-10-21 02:29:16,886 [pool-27-thread-1] WARN  impl.MetricRegistriesImpl (MetricRegistriesImpl.java:lambda$create$1(61)) - First MetricRegistry has been created without registering reporters. You may need to call MetricRegistries.global().addReportRegistration(...) before.
2019-10-21 02:29:16,904 [RatisPipelineUtilsThread] INFO  pipeline.PipelineStateManager (PipelineStateManager.java:addPipeline(55)) - Created pipeline Pipeline[ Id: ead68d7f-c45b-48f7-a44e-afc6b1b3eb62, Nodes: b7b971f5-ac02-44ee-b003-ffac35d098a9{ip: 192.168.34.9, host: pr-hdds-1868-8w4sl-2612808232, networkLocation: /default-rack, certSerialId: null}362bf6f2-6346-45ec-a082-70363f8280ae{ip: 192.168.34.9, host: pr-hdds-1868-8w4sl-2612808232, networkLocation: /default-rack, certSerialId: null}ac8ed8dc-cc65-4955-8554-44832c5ac660{ip: 192.168.34.9, host: pr-hdds-1868-8w4sl-2612808232, networkLocation: /default-rack, certSerialId: null}, Type:RATIS, Factor:THREE, State:ALLOCATED]
2019-10-21 02:29:16,907 [main] INFO  ozone.MiniOzoneClusterImpl (MiniOzoneClusterImpl.java:lambda$waitForClusterToBeReady$2(162)) - Waiting for 4 number of pipelines out of 4, to report a leader.
2019-10-21 02:29:17,908 [main] INFO  ozone.MiniOzoneClusterImpl (MiniOzoneClusterImpl.java:lambda$waitForClusterToBeReady$2(162)) - Waiting for 4 number of pipelines out of 4, to report a leader.
2019-10-21 02:29:18,785 [Thread-178] INFO  container.ReplicationManager (ReplicationManager.java:start(162)) - Starting Replication Monitor Thread.
2019-10-21 02:29:18,788 [Thread-178] INFO  pipeline.SCMPipelineManager (SCMPipelineManager.java:finalizeAndDestroyPipeline(348)) - destroying pipeline:Pipeline[ Id: 1baed1a2-04a2-48f7-884d-ac99a1984af1, Nodes: ac8ed8dc-cc65-4955-8554-44832c5ac660{ip: 192.168.34.9, host: pr-hdds-1868-8w4sl-2612808232, networkLocation: /default-rack, certSerialId: null}, Type:RATIS, Factor:ONE, State:ALLOCATED]
2019-10-21 02:29:18,789 [ReplicationMonitor] INFO  container.ReplicationManager (ReplicationManager.java:run(225)) - Replication Monitor Thread took 1 milliseconds for processing 0 containers.
2019-10-21 02:29:18,789 [Thread-178] INFO  pipeline.PipelineStateManager (PipelineStateManager.java:finalizePipeline(121)) - Pipeline Pipeline[ Id: 1baed1a2-04a2-48f7-884d-ac99a1984af1, Nodes: ac8ed8dc-cc65-4955-8554-44832c5ac660{ip: 192.168.34.9, host: pr-hdds-1868-8w4sl-2612808232, networkLocation: /default-rack, certSerialId: null}, Type:RATIS, Factor:ONE, State:CLOSED] moved to CLOSED state
2019-10-21 02:29:18,816 [grpc-default-executor-2] INFO  impl.RaftServerProxy (RaftServerProxy.java:remove(95)) - ac8ed8dc-cc65-4955-8554-44832c5ac660: remove  FOLLOWER ac8ed8dc-cc65-4955-8554-44832c5ac660@group-AC99A1984AF1:t0, leader=null, voted=null, raftlog=ac8ed8dc-cc65-4955-8554-44832c5ac660@group-AC99A1984AF1-SegmentedRaftLog:OPENED:c-1,f-1,i0, conf=-1: [ac8ed8dc-cc65-4955-8554-44832c5ac660:192.168.34.9:41064], old=null RUNNING
2019-10-21 02:29:18,820 [grpc-default-executor-2] INFO  impl.RaftServerImpl (RaftServerImpl.java:lambda$shutdown$3(250)) - ac8ed8dc-cc65-4955-8554-44832c5ac660@group-AC99A1984AF1: shutdown
2019-10-21 02:29:18,820 [grpc-default-executor-2] INFO  util.JmxRegister (JmxRegister.java:unregister(73)) - Successfully un-registered JMX Bean with object name Ratis:service=RaftServer,group=group-AC99A1984AF1,id=ac8ed8dc-cc65-4955-8554-44832c5ac660
2019-10-21 02:29:18,821 [grpc-default-executor-2] INFO  impl.RoleInfo (RoleInfo.java:shutdownFollowerState(121)) - ac8ed8dc-cc65-4955-8554-44832c5ac660: shutdown FollowerState
2019-10-21 02:29:18,821 [grpc-default-executor-2] INFO  impl.StateMachineUpdater (StateMachineUpdater.java:stopAndJoin(136)) - ac8ed8dc-cc65-4955-8554-44832c5ac660@group-AC99A1984AF1-StateMachineUpdater: set stopIndex = -1
2019-10-21 02:29:18,821 [Thread-186] INFO  impl.FollowerState (FollowerState.java:run(120)) - ac8ed8dc-cc65-4955-8554-44832c5ac660@group-AC99A1984AF1-FollowerState was interrupted: java.lang.InterruptedException: sleep interrupted
2019-10-21 02:29:18,823 [grpc-default-executor-2] INFO  impl.RaftServerImpl (ServerState.java:close(387)) - ac8ed8dc-cc65-4955-8554-44832c5ac660@group-AC99A1984AF1: closes. applyIndex: -1
2019-10-21 02:29:18,827 [ac8ed8dc-cc65-4955-8554-44832c5ac660@group-AC99A1984AF1-SegmentedRaftLogWorker] INFO  segmented.SegmentedRaftLogWorker (SegmentedRaftLogWorker.java:run(316)) - ac8ed8dc-cc65-4955-8554-44832c5ac660@group-AC99A1984AF1-SegmentedRaftLogWorker was interrupted, exiting. There are 0 tasks remaining in the queue.
2019-10-21 02:29:18,828 [grpc-default-executor-2] INFO  segmented.SegmentedRaftLogWorker (SegmentedRaftLogWorker.java:close(224)) - ac8ed8dc-cc65-4955-8554-44832c5ac660@group-AC99A1984AF1-SegmentedRaftLogWorker close()
2019-10-21 02:29:18,843 [Thread-178] INFO  pipeline.PipelineStateManager (PipelineStateManager.java:removePipeline(106)) - Pipeline Pipeline[ Id: 1baed1a2-04a2-48f7-884d-ac99a1984af1, Nodes: ac8ed8dc-cc65-4955-8554-44832c5ac660{ip: 192.168.34.9, host: pr-hdds-1868-8w4sl-2612808232, networkLocation: /default-rack, certSerialId: null}, Type:RATIS, Factor:ONE, State:CLOSED] removed from db
2019-10-21 02:29:18,844 [Thread-178] INFO  pipeline.SCMPipelineManager (SCMPipelineManager.java:finalizeAndDestroyPipeline(348)) - destroying pipeline:Pipeline[ Id: ead68d7f-c45b-48f7-a44e-afc6b1b3eb62, Nodes: b7b971f5-ac02-44ee-b003-ffac35d098a9{ip: 192.168.34.9, host: pr-hdds-1868-8w4sl-2612808232, networkLocation: /default-rack, certSerialId: null}362bf6f2-6346-45ec-a082-70363f8280ae{ip: 192.168.34.9, host: pr-hdds-1868-8w4sl-2612808232, networkLocation: /default-rack, certSerialId: null}ac8ed8dc-cc65-4955-8554-44832c5ac660{ip: 192.168.34.9, host: pr-hdds-1868-8w4sl-2612808232, networkLocation: /default-rack, certSerialId: null}, Type:RATIS, Factor:THREE, State:ALLOCATED]
2019-10-21 02:29:18,855 [grpc-default-executor-2] INFO  impl.RaftServerProxy (RaftServerProxy.java:addNew(89)) - ac8ed8dc-cc65-4955-8554-44832c5ac660: addNew group-BF26BAC9AE4A:[ac8ed8dc-cc65-4955-8554-44832c5ac660:192.168.34.9:41064] returns group-BF26BAC9AE4A:java.util.concurrent.CompletableFuture@2f5bf670[Not completed]
2019-10-21 02:29:18,857 [pool-37-thread-1] INFO  impl.RaftServerImpl (RaftServerImpl.java:<init>(98)) - ac8ed8dc-cc65-4955-8554-44832c5ac660: new RaftServerImpl for group-BF26BAC9AE4A:[ac8ed8dc-cc65-4955-8554-44832c5ac660:192.168.34.9:41064] with ContainerStateMachine:uninitialized
2019-10-21 02:29:18,857 [pool-37-thread-1] INFO  server.RaftServerConfigKeys (ConfUtils.java:logGet(43)) - raft.server.rpc.timeout.min = 5s (custom)
2019-10-21 02:29:18,857 [pool-37-thread-1] INFO  server.RaftServerConfigKeys (ConfUtils.java:logGet(43)) - raft.server.rpc.timeout.max = 5200ms (custom)
2019-10-21 02:29:18,857 [pool-37-thread-1] INFO  server.RaftServerConfigKeys (ConfUtils.java:logGet(43)) - raft.server.rpcslowness.timeout = 120s (custom)
2019-10-21 02:29:18,857 [pool-37-thread-1] INFO  server.RaftServerConfigKeys (ConfUtils.java:logGet(43)) - raft.server.sleep.deviation.threshold = 300 (default)
2019-10-21 02:29:18,858 [pool-37-thread-1] INFO  server.RaftServerConfigKeys (ConfUtils.java:logGet(43)) - raft.server.log.appender.install.snapshot.enabled = false (custom)
2019-10-21 02:29:18,858 [pool-37-thread-1] INFO  impl.RaftServerImpl (ServerState.java:<init>(103)) - ac8ed8dc-cc65-4955-8554-44832c5ac660@group-BF26BAC9AE4A: ConfigurationManager, init=-1: [ac8ed8dc-cc65-4955-8554-44832c5ac660:192.168.34.9:41064], old=null, confs=<EMPTY_MAP>
2019-10-21 02:29:18,858 [pool-37-thread-1] INFO  server.RaftServerConfigKeys (ConfUtils.java:logGet(43)) - raft.server.storage.dir = [/workdir/hadoop-ozone/integration-test/target/test-dir/MiniOzoneClusterImpl-c8b7cd83-0e57-465d-97b8-61911a739100/datanode-1/data/ratis] (custom)
2019-10-21 02:29:18,858 [pool-37-thread-1] INFO  server.RaftServerConfigKeys (ConfUtils.java:logGet(43)) - raft.server.log.corruption.policy = EXCEPTION (default)
2019-10-21 02:29:18,858 [pool-37-thread-1] INFO  storage.RaftStorageDirectory (RaftStorageDirectory.java:analyzeStorage(246)) - The storage directory /workdir/hadoop-ozone/integration-test/target/test-dir/MiniOzoneClusterImpl-c8b7cd83-0e57-465d-97b8-61911a739100/datanode-1/data/ratis/3b535736-07c2-422f-b0cf-bf26bac9ae4a does not exist. Creating ...
2019-10-21 02:29:18,895 [pool-37-thread-1] INFO  storage.RaftStorageDirectory (RaftStorageDirectory.java:tryLock(328)) - Lock on /workdir/hadoop-ozone/integration-test/target/test-dir/MiniOzoneClusterImpl-c8b7cd83-0e57-465d-97b8-61911a739100/datanode-1/data/ratis/3b535736-07c2-422f-b0cf-bf26bac9ae4a/in_use.lock acquired by nodename 18090@pr-hdds-1868-8w4sl-2612808232
2019-10-21 02:29:18,920 [pool-37-thread-1] INFO  storage.RaftStorage (RaftStorage.java:format(84)) - Storage directory /workdir/hadoop-ozone/integration-test/target/test-dir/MiniOzoneClusterImpl-c8b7cd83-0e57-465d-97b8-61911a739100/datanode-1/data/ratis/3b535736-07c2-422f-b0cf-bf26bac9ae4a has been successfully formatted.
2019-10-21 02:29:18,920 [pool-37-thread-1] INFO  ratis.ContainerStateMachine (ContainerStateMachine.java:loadSnapshot(233)) - group-BF26BAC9AE4A: The snapshot info is null. Setting the last applied indexto:(t:0, i:~)
2019-10-21 02:29:18,920 [pool-37-thread-1] INFO  server.RaftServerConfigKeys (ConfUtils.java:logGet(43)) - raft.server.notification.no-leader.timeout = 120s (custom)
2019-10-21 02:29:18,921 [pool-37-thread-1] INFO  server.RaftServerConfigKeys (ConfUtils.java:logGet(43)) - raft.server.log.use.memory = false (default)
2019-10-21 02:29:18,921 [pool-37-thread-1] INFO  server.RaftServerConfigKeys (ConfUtils.java:logGet(43)) - raft.server.log.purge.gap = 1000000 (custom)
2019-10-21 02:29:18,921 [pool-37-thread-1] INFO  server.RaftServerConfigKeys (ConfUtils.java:logGet(43)) - raft.server.log.appender.buffer.byte-limit = 33554432 (custom)
2019-10-21 02:29:18,921 [pool-37-thread-1] INFO  server.RaftServerConfigKeys (ConfUtils.java:logGet(43)) - raft.server.log.segment.size.max = 1048576 (custom)
2019-10-21 02:29:18,921 [pool-37-thread-1] INFO  server.RaftServerConfigKeys (ConfUtils.java:logGet(43)) - raft.server.log.segment.cache.num.max = 2 (custom)
2019-10-21 02:29:18,921 [pool-37-thread-1] INFO  segmented.SegmentedRaftLogWorker (SegmentedRaftLogWorker.java:<init>(173)) - new ac8ed8dc-cc65-4955-8554-44832c5ac660@group-BF26BAC9AE4A-SegmentedRaftLogWorker for RaftStorage:Storage Directory /workdir/hadoop-ozone/integration-test/target/test-dir/MiniOzoneClusterImpl-c8b7cd83-0e57-465d-97b8-61911a739100/datanode-1/data/ratis/3b535736-07c2-422f-b0cf-bf26bac9ae4a
2019-10-21 02:29:18,922 [pool-37-thread-1] INFO  server.RaftServerConfigKeys (ConfUtils.java:logGet(43)) - raft.server.log.queue.byte-limit = 2147483647 (custom)
2019-10-21 02:29:18,922 [pool-37-thread-1] INFO  server.RaftServerConfigKeys (ConfUtils.java:logGet(43)) - raft.server.log.queue.element-limit = 1024 (custom)
2019-10-21 02:29:18,922 [pool-37-thread-1] INFO  server.RaftServerConfigKeys (ConfUtils.java:logGet(43)) - raft.server.log.segment.size.max = 1048576 (custom)
2019-10-21 02:29:18,922 [pool-37-thread-1] INFO  server.RaftServerConfigKeys (ConfUtils.java:logGet(43)) - raft.server.log.preallocated.size = 16384 (custom)
2019-10-21 02:29:18,922 [pool-37-thread-1] INFO  server.RaftServerConfigKeys (ConfUtils.java:logGet(43)) - raft.server.log.write.buffer.size = 33554432 (custom)
2019-10-21 02:29:18,922 [pool-37-thread-1] INFO  server.RaftServerConfigKeys (ConfUtils.java:logGet(43)) - raft.server.log.force.sync.num = 128 (default)
2019-10-21 02:29:18,923 [pool-37-thread-1] INFO  server.RaftServerConfigKeys (ConfUtils.java:logGet(43)) - raft.server.log.statemachine.data.sync = true (default)
2019-10-21 02:29:18,923 [pool-37-thread-1] INFO  server.RaftServerConfigKeys (ConfUtils.java:logGet(43)) - raft.server.log.statemachine.data.sync.timeout = 10s (default)
2019-10-21 02:29:18,923 [pool-37-thread-1] INFO  server.RaftServerConfigKeys (ConfUtils.java:logGet(43)) - raft.server.log.statemachine.data.sync.timeout.retry = -1 (default)
2019-10-21 02:29:18,923 [pool-37-thread-1] INFO  server.RaftServerConfigKeys (ConfUtils.java:logGet(43)) - raft.server.log.statemachine.data.caching.enabled = true (custom)
2019-10-21 02:29:18,924 [pool-37-thread-1] INFO  segmented.SegmentedRaftLogWorker (SegmentedRaftLogWorker.java:lambda$new$0(128)) - ac8ed8dc-cc65-4955-8554-44832c5ac660@group-BF26BAC9AE4A-SegmentedRaftLogWorker: flushIndex: setUnconditionally 0 -> -1
2019-10-21 02:29:18,924 [pool-37-thread-1] INFO  server.RaftServerConfigKeys (ConfUtils.java:logGet(43)) - raft.server.snapshot.auto.trigger.enabled = true (custom)
2019-10-21 02:29:18,924 [pool-37-thread-1] INFO  server.RaftServerConfigKeys (ConfUtils.java:logGet(43)) - raft.server.snapshot.auto.trigger.threshold = 10000 (custom)
2019-10-21 02:29:18,924 [pool-37-thread-1] INFO  server.RaftServerConfigKeys (ConfUtils.java:logGet(43)) - raft.server.snapshot.retention.file.num = 5 (custom)
2019-10-21 02:29:18,925 [pool-37-thread-1] INFO  server.RaftServerConfigKeys (ConfUtils.java:logGet(43)) - raft.server.retrycache.expirytime = 600000ms (custom)
2019-10-21 02:29:18,925 [pool-37-thread-1] WARN  impl.MetricRegistriesImpl (MetricRegistriesImpl.java:lambda$create$1(61)) - First MetricRegistry has been created without registering reporters. You may need to call MetricRegistries.global().addReportRegistration(...) before.
2019-10-21 02:29:18,925 [pool-37-thread-1] WARN  impl.MetricRegistriesImpl (MetricRegistriesImpl.java:lambda$create$1(61)) - First MetricRegistry has been created without registering reporters. You may need to call MetricRegistries.global().addReportRegistration(...) before.
2019-10-21 02:29:18,925 [pool-37-thread-1] INFO  impl.RaftServerImpl (RaftServerImpl.java:start(184)) - ac8ed8dc-cc65-4955-8554-44832c5ac660@group-BF26BAC9AE4A: start as a follower, conf=-1: [ac8ed8dc-cc65-4955-8554-44832c5ac660:192.168.34.9:41064], old=null
2019-10-21 02:29:18,925 [pool-37-thread-1] INFO  impl.RaftServerImpl (RaftServerImpl.java:setRole(173)) - ac8ed8dc-cc65-4955-8554-44832c5ac660@group-BF26BAC9AE4A: changes role from      null to FOLLOWER at term 0 for startAsFollower
2019-10-21 02:29:18,926 [pool-37-thread-1] INFO  impl.RoleInfo (RoleInfo.java:updateAndGet(143)) - ac8ed8dc-cc65-4955-8554-44832c5ac660: start FollowerState
2019-10-21 02:29:18,926 [pool-37-thread-1] INFO  util.JmxRegister (JmxRegister.java:tryRegister(44)) - Successfully registered JMX Bean with object name Ratis:service=RaftServer,group=group-BF26BAC9AE4A,id=ac8ed8dc-cc65-4955-8554-44832c5ac660
2019-10-21 02:29:18,926 [pool-37-thread-1] WARN  impl.MetricRegistriesImpl (MetricRegistriesImpl.java:lambda$create$1(61)) - First MetricRegistry has been created without registering reporters. You may need to call MetricRegistries.global().addReportRegistration(...) before.
2019-10-21 02:29:18,933 [RatisPipelineUtilsThread] INFO  pipeline.PipelineStateManager (PipelineStateManager.java:addPipeline(55)) - Created pipeline Pipeline[ Id: 3b535736-07c2-422f-b0cf-bf26bac9ae4a, Nodes: ac8ed8dc-cc65-4955-8554-44832c5ac660{ip: 192.168.34.9, host: pr-hdds-1868-8w4sl-2612808232, networkLocation: /default-rack, certSerialId: null}, Type:RATIS, Factor:ONE, State:ALLOCATED]
2019-10-21 02:29:18,934 [Thread-178] INFO  pipeline.PipelineStateManager (PipelineStateManager.java:finalizePipeline(121)) - Pipeline Pipeline[ Id: ead68d7f-c45b-48f7-a44e-afc6b1b3eb62, Nodes: b7b971f5-ac02-44ee-b003-ffac35d098a9{ip: 192.168.34.9, host: pr-hdds-1868-8w4sl-2612808232, networkLocation: /default-rack, certSerialId: null}362bf6f2-6346-45ec-a082-70363f8280ae{ip: 192.168.34.9, host: pr-hdds-1868-8w4sl-2612808232, networkLocation: /default-rack, certSerialId: null}ac8ed8dc-cc65-4955-8554-44832c5ac660{ip: 192.168.34.9, host: pr-hdds-1868-8w4sl-2612808232, networkLocation: /default-rack, certSerialId: null}, Type:RATIS, Factor:THREE, State:CLOSED] moved to CLOSED state
2019-10-21 02:29:18,935 [main] INFO  ozone.MiniOzoneClusterImpl (MiniOzoneClusterImpl.java:lambda$waitForClusterToBeReady$2(162)) - Waiting for 3 number of pipelines out of 4, to report a leader.
2019-10-21 02:29:18,943 [grpc-default-executor-2] INFO  impl.RaftServerProxy (RaftServerProxy.java:remove(95)) - b7b971f5-ac02-44ee-b003-ffac35d098a9: remove  FOLLOWER b7b971f5-ac02-44ee-b003-ffac35d098a9@group-AFC6B1B3EB62:t0, leader=null, voted=null, raftlog=b7b971f5-ac02-44ee-b003-ffac35d098a9@group-AFC6B1B3EB62-SegmentedRaftLog:OPENED:c-1,f-1,i0, conf=-1: [362bf6f2-6346-45ec-a082-70363f8280ae:192.168.34.9:35652, ac8ed8dc-cc65-4955-8554-44832c5ac660:192.168.34.9:41064, b7b971f5-ac02-44ee-b003-ffac35d098a9:192.168.34.9:37715], old=null RUNNING
2019-10-21 02:29:18,944 [grpc-default-executor-2] INFO  impl.RaftServerImpl (RaftServerImpl.java:lambda$shutdown$3(250)) - b7b971f5-ac02-44ee-b003-ffac35d098a9@group-AFC6B1B3EB62: shutdown
2019-10-21 02:29:18,944 [grpc-default-executor-2] INFO  util.JmxRegister (JmxRegister.java:unregister(73)) - Successfully un-registered JMX Bean with object name Ratis:service=RaftServer,group=group-AFC6B1B3EB62,id=b7b971f5-ac02-44ee-b003-ffac35d098a9
2019-10-21 02:29:18,944 [grpc-default-executor-2] INFO  impl.RoleInfo (RoleInfo.java:shutdownFollowerState(121)) - b7b971f5-ac02-44ee-b003-ffac35d098a9: shutdown FollowerState
2019-10-21 02:29:18,945 [grpc-default-executor-2] INFO  impl.StateMachineUpdater (StateMachineUpdater.java:stopAndJoin(136)) - b7b971f5-ac02-44ee-b003-ffac35d098a9@group-AFC6B1B3EB62-StateMachineUpdater: set stopIndex = -1
2019-10-21 02:29:18,945 [Thread-189] INFO  impl.FollowerState (FollowerState.java:run(120)) - b7b971f5-ac02-44ee-b003-ffac35d098a9@group-AFC6B1B3EB62-FollowerState was interrupted: java.lang.InterruptedException: sleep interrupted
2019-10-21 02:29:18,947 [grpc-default-executor-2] INFO  impl.RaftServerImpl (ServerState.java:close(387)) - b7b971f5-ac02-44ee-b003-ffac35d098a9@group-AFC6B1B3EB62: closes. applyIndex: -1
2019-10-21 02:29:18,948 [b7b971f5-ac02-44ee-b003-ffac35d098a9@group-AFC6B1B3EB62-SegmentedRaftLogWorker] INFO  segmented.SegmentedRaftLogWorker (SegmentedRaftLogWorker.java:run(316)) - b7b971f5-ac02-44ee-b003-ffac35d098a9@group-AFC6B1B3EB62-SegmentedRaftLogWorker was interrupted, exiting. There are 0 tasks remaining in the queue.
2019-10-21 02:29:18,948 [grpc-default-executor-2] INFO  segmented.SegmentedRaftLogWorker (SegmentedRaftLogWorker.java:close(224)) - b7b971f5-ac02-44ee-b003-ffac35d098a9@group-AFC6B1B3EB62-SegmentedRaftLogWorker close()
2019-10-21 02:29:18,968 [grpc-default-executor-2] INFO  impl.RaftServerProxy (RaftServerProxy.java:remove(95)) - 362bf6f2-6346-45ec-a082-70363f8280ae: remove  FOLLOWER 362bf6f2-6346-45ec-a082-70363f8280ae@group-AFC6B1B3EB62:t0, leader=null, voted=null, raftlog=362bf6f2-6346-45ec-a082-70363f8280ae@group-AFC6B1B3EB62-SegmentedRaftLog:OPENED:c-1,f-1,i0, conf=-1: [362bf6f2-6346-45ec-a082-70363f8280ae:192.168.34.9:35652, ac8ed8dc-cc65-4955-8554-44832c5ac660:192.168.34.9:41064, b7b971f5-ac02-44ee-b003-ffac35d098a9:192.168.34.9:37715], old=null RUNNING
2019-10-21 02:29:18,968 [grpc-default-executor-2] INFO  impl.RaftServerImpl (RaftServerImpl.java:lambda$shutdown$3(250)) - 362bf6f2-6346-45ec-a082-70363f8280ae@group-AFC6B1B3EB62: shutdown
2019-10-21 02:29:18,968 [grpc-default-executor-2] INFO  util.JmxRegister (JmxRegister.java:unregister(73)) - Successfully un-registered JMX Bean with object name Ratis:service=RaftServer,group=group-AFC6B1B3EB62,id=362bf6f2-6346-45ec-a082-70363f8280ae
2019-10-21 02:29:18,969 [grpc-default-executor-2] INFO  impl.RoleInfo (RoleInfo.java:shutdownFollowerState(121)) - 362bf6f2-6346-45ec-a082-70363f8280ae: shutdown FollowerState
2019-10-21 02:29:18,969 [grpc-default-executor-2] INFO  impl.StateMachineUpdater (StateMachineUpdater.java:stopAndJoin(136)) - 362bf6f2-6346-45ec-a082-70363f8280ae@group-AFC6B1B3EB62-StateMachineUpdater: set stopIndex = -1
2019-10-21 02:29:18,970 [grpc-default-executor-2] INFO  impl.RaftServerImpl (ServerState.java:close(387)) - 362bf6f2-6346-45ec-a082-70363f8280ae@group-AFC6B1B3EB62: closes. applyIndex: -1
2019-10-21 02:29:18,969 [Thread-193] INFO  impl.FollowerState (FollowerState.java:run(120)) - 362bf6f2-6346-45ec-a082-70363f8280ae@group-AFC6B1B3EB62-FollowerState was interrupted: java.lang.InterruptedException: sleep interrupted
2019-10-21 02:29:18,971 [362bf6f2-6346-45ec-a082-70363f8280ae@group-AFC6B1B3EB62-SegmentedRaftLogWorker] INFO  segmented.SegmentedRaftLogWorker (SegmentedRaftLogWorker.java:run(316)) - 362bf6f2-6346-45ec-a082-70363f8280ae@group-AFC6B1B3EB62-SegmentedRaftLogWorker was interrupted, exiting. There are 0 tasks remaining in the queue.
2019-10-21 02:29:18,971 [grpc-default-executor-2] INFO  segmented.SegmentedRaftLogWorker (SegmentedRaftLogWorker.java:close(224)) - 362bf6f2-6346-45ec-a082-70363f8280ae@group-AFC6B1B3EB62-SegmentedRaftLogWorker close()
2019-10-21 02:29:19,001 [grpc-default-executor-2] INFO  impl.RaftServerProxy (RaftServerProxy.java:remove(95)) - ac8ed8dc-cc65-4955-8554-44832c5ac660: remove  FOLLOWER ac8ed8dc-cc65-4955-8554-44832c5ac660@group-AFC6B1B3EB62:t0, leader=null, voted=null, raftlog=ac8ed8dc-cc65-4955-8554-44832c5ac660@group-AFC6B1B3EB62-SegmentedRaftLog:OPENED:c-1,f-1,i0, conf=-1: [362bf6f2-6346-45ec-a082-70363f8280ae:192.168.34.9:35652, ac8ed8dc-cc65-4955-8554-44832c5ac660:192.168.34.9:41064, b7b971f5-ac02-44ee-b003-ffac35d098a9:192.168.34.9:37715], old=null RUNNING
2019-10-21 02:29:19,005 [grpc-default-executor-2] INFO  impl.RaftServerImpl (RaftServerImpl.java:lambda$shutdown$3(250)) - ac8ed8dc-cc65-4955-8554-44832c5ac660@group-AFC6B1B3EB62: shutdown
2019-10-21 02:29:19,005 [grpc-default-executor-2] INFO  util.JmxRegister (JmxRegister.java:unregister(73)) - Successfully un-registered JMX Bean with object name Ratis:service=RaftServer,group=group-AFC6B1B3EB62,id=ac8ed8dc-cc65-4955-8554-44832c5ac660
2019-10-21 02:29:19,005 [grpc-default-executor-2] INFO  impl.RoleInfo (RoleInfo.java:shutdownFollowerState(121)) - ac8ed8dc-cc65-4955-8554-44832c5ac660: shutdown FollowerState
2019-10-21 02:29:19,007 [grpc-default-executor-2] INFO  impl.StateMachineUpdater (StateMachineUpdater.java:stopAndJoin(136)) - ac8ed8dc-cc65-4955-8554-44832c5ac660@group-AFC6B1B3EB62-StateMachineUpdater: set stopIndex = -1
2019-10-21 02:29:19,007 [Thread-194] INFO  impl.FollowerState (FollowerState.java:run(120)) - ac8ed8dc-cc65-4955-8554-44832c5ac660@group-AFC6B1B3EB62-FollowerState was interrupted: java.lang.InterruptedException: sleep interrupted
2019-10-21 02:29:19,008 [grpc-default-executor-2] INFO  impl.RaftServerImpl (ServerState.java:close(387)) - ac8ed8dc-cc65-4955-8554-44832c5ac660@group-AFC6B1B3EB62: closes. applyIndex: -1
2019-10-21 02:29:19,009 [ac8ed8dc-cc65-4955-8554-44832c5ac660@group-AFC6B1B3EB62-SegmentedRaftLogWorker] INFO  segmented.SegmentedRaftLogWorker (SegmentedRaftLogWorker.java:run(316)) - ac8ed8dc-cc65-4955-8554-44832c5ac660@group-AFC6B1B3EB62-SegmentedRaftLogWorker was interrupted, exiting. There are 0 tasks remaining in the queue.
2019-10-21 02:29:19,009 [grpc-default-executor-2] INFO  segmented.SegmentedRaftLogWorker (SegmentedRaftLogWorker.java:close(224)) - ac8ed8dc-cc65-4955-8554-44832c5ac660@group-AFC6B1B3EB62-SegmentedRaftLogWorker close()
2019-10-21 02:29:19,021 [Thread-178] INFO  pipeline.PipelineStateManager (PipelineStateManager.java:removePipeline(106)) - Pipeline Pipeline[ Id: ead68d7f-c45b-48f7-a44e-afc6b1b3eb62, Nodes: b7b971f5-ac02-44ee-b003-ffac35d098a9{ip: 192.168.34.9, host: pr-hdds-1868-8w4sl-2612808232, networkLocation: /default-rack, certSerialId: null}362bf6f2-6346-45ec-a082-70363f8280ae{ip: 192.168.34.9, host: pr-hdds-1868-8w4sl-2612808232, networkLocation: /default-rack, certSerialId: null}ac8ed8dc-cc65-4955-8554-44832c5ac660{ip: 192.168.34.9, host: pr-hdds-1868-8w4sl-2612808232, networkLocation: /default-rack, certSerialId: null}, Type:RATIS, Factor:THREE, State:CLOSED] removed from db
2019-10-21 02:29:19,022 [Thread-178] INFO  pipeline.SCMPipelineManager (SCMPipelineManager.java:finalizeAndDestroyPipeline(348)) - destroying pipeline:Pipeline[ Id: 67187a3b-e9a9-4a61-b624-2ed3feceebac, Nodes: 362bf6f2-6346-45ec-a082-70363f8280ae{ip: 192.168.34.9, host: pr-hdds-1868-8w4sl-2612808232, networkLocation: /default-rack, certSerialId: null}, Type:RATIS, Factor:ONE, State:ALLOCATED]
2019-10-21 02:29:19,034 [grpc-default-executor-1] INFO  impl.RaftServerProxy (RaftServerProxy.java:addNew(89)) - 362bf6f2-6346-45ec-a082-70363f8280ae: addNew group-67F7AF697F6D:[362bf6f2-6346-45ec-a082-70363f8280ae:192.168.34.9:35652, ac8ed8dc-cc65-4955-8554-44832c5ac660:192.168.34.9:41064, b7b971f5-ac02-44ee-b003-ffac35d098a9:192.168.34.9:37715] returns group-67F7AF697F6D:java.util.concurrent.CompletableFuture@5079835[Not completed]
2019-10-21 02:29:19,034 [grpc-default-executor-0] INFO  impl.RaftServerProxy (RaftServerProxy.java:addNew(89)) - ac8ed8dc-cc65-4955-8554-44832c5ac660: addNew group-67F7AF697F6D:[362bf6f2-6346-45ec-a082-70363f8280ae:192.168.34.9:35652, ac8ed8dc-cc65-4955-8554-44832c5ac660:192.168.34.9:41064, b7b971f5-ac02-44ee-b003-ffac35d098a9:192.168.34.9:37715] returns group-67F7AF697F6D:java.util.concurrent.CompletableFuture@3f34afb7[Not completed]
2019-10-21 02:29:19,036 [grpc-default-executor-1] INFO  impl.RaftServerProxy (RaftServerProxy.java:addNew(89)) - b7b971f5-ac02-44ee-b003-ffac35d098a9: addNew group-67F7AF697F6D:[362bf6f2-6346-45ec-a082-70363f8280ae:192.168.34.9:35652, ac8ed8dc-cc65-4955-8554-44832c5ac660:192.168.34.9:41064, b7b971f5-ac02-44ee-b003-ffac35d098a9:192.168.34.9:37715] returns group-67F7AF697F6D:java.util.concurrent.CompletableFuture@2472b1c9[Not completed]
2019-10-21 02:29:19,037 [pool-37-thread-1] INFO  impl.RaftServerImpl (RaftServerImpl.java:<init>(98)) - ac8ed8dc-cc65-4955-8554-44832c5ac660: new RaftServerImpl for group-67F7AF697F6D:[362bf6f2-6346-45ec-a082-70363f8280ae:192.168.34.9:35652, ac8ed8dc-cc65-4955-8554-44832c5ac660:192.168.34.9:41064, b7b971f5-ac02-44ee-b003-ffac35d098a9:192.168.34.9:37715] with ContainerStateMachine:uninitialized
2019-10-21 02:29:19,037 [pool-37-thread-1] INFO  server.RaftServerConfigKeys (ConfUtils.java:logGet(43)) - raft.server.rpc.timeout.min = 5s (custom)
2019-10-21 02:29:19,038 [pool-37-thread-1] INFO  server.RaftServerConfigKeys (ConfUtils.java:logGet(43)) - raft.server.rpc.timeout.max = 5200ms (custom)
2019-10-21 02:29:19,038 [pool-37-thread-1] INFO  server.RaftServerConfigKeys (ConfUtils.java:logGet(43)) - raft.server.rpcslowness.timeout = 120s (custom)
2019-10-21 02:29:19,038 [pool-37-thread-1] INFO  server.RaftServerConfigKeys (ConfUtils.java:logGet(43)) - raft.server.sleep.deviation.threshold = 300 (default)
2019-10-21 02:29:19,038 [pool-37-thread-1] INFO  server.RaftServerConfigKeys (ConfUtils.java:logGet(43)) - raft.server.log.appender.install.snapshot.enabled = false (custom)
2019-10-21 02:29:19,038 [pool-47-thread-1] INFO  impl.RaftServerImpl (RaftServerImpl.java:<init>(98)) - b7b971f5-ac02-44ee-b003-ffac35d098a9: new RaftServerImpl for group-67F7AF697F6D:[362bf6f2-6346-45ec-a082-70363f8280ae:192.168.34.9:35652, ac8ed8dc-cc65-4955-8554-44832c5ac660:192.168.34.9:41064, b7b971f5-ac02-44ee-b003-ffac35d098a9:192.168.34.9:37715] with ContainerStateMachine:uninitialized
2019-10-21 02:29:19,038 [pool-37-thread-1] INFO  impl.RaftServerImpl (ServerState.java:<init>(103)) - ac8ed8dc-cc65-4955-8554-44832c5ac660@group-67F7AF697F6D: ConfigurationManager, init=-1: [362bf6f2-6346-45ec-a082-70363f8280ae:192.168.34.9:35652, ac8ed8dc-cc65-4955-8554-44832c5ac660:192.168.34.9:41064, b7b971f5-ac02-44ee-b003-ffac35d098a9:192.168.34.9:37715], old=null, confs=<EMPTY_MAP>
2019-10-21 02:29:19,038 [pool-47-thread-1] INFO  server.RaftServerConfigKeys (ConfUtils.java:logGet(43)) - raft.server.rpc.timeout.min = 5s (custom)
2019-10-21 02:29:19,039 [pool-37-thread-1] INFO  server.RaftServerConfigKeys (ConfUtils.java:logGet(43)) - raft.server.storage.dir = [/workdir/hadoop-ozone/integration-test/target/test-dir/MiniOzoneClusterImpl-c8b7cd83-0e57-465d-97b8-61911a739100/datanode-1/data/ratis] (custom)
2019-10-21 02:29:19,039 [pool-47-thread-1] INFO  server.RaftServerConfigKeys (ConfUtils.java:logGet(43)) - raft.server.rpc.timeout.max = 5200ms (custom)
2019-10-21 02:29:19,039 [pool-47-thread-1] INFO  server.RaftServerConfigKeys (ConfUtils.java:logGet(43)) - raft.server.rpcslowness.timeout = 120s (custom)
2019-10-21 02:29:19,039 [pool-37-thread-1] INFO  server.RaftServerConfigKeys (ConfUtils.java:logGet(43)) - raft.server.log.corruption.policy = EXCEPTION (default)
2019-10-21 02:29:19,039 [pool-27-thread-1] INFO  impl.RaftServerImpl (RaftServerImpl.java:<init>(98)) - 362bf6f2-6346-45ec-a082-70363f8280ae: new RaftServerImpl for group-67F7AF697F6D:[362bf6f2-6346-45ec-a082-70363f8280ae:192.168.34.9:35652, ac8ed8dc-cc65-4955-8554-44832c5ac660:192.168.34.9:41064, b7b971f5-ac02-44ee-b003-ffac35d098a9:192.168.34.9:37715] with ContainerStateMachine:uninitialized
2019-10-21 02:29:19,039 [pool-47-thread-1] INFO  server.RaftServerConfigKeys (ConfUtils.java:logGet(43)) - raft.server.sleep.deviation.threshold = 300 (default)
2019-10-21 02:29:19,039 [pool-27-thread-1] INFO  server.RaftServerConfigKeys (ConfUtils.java:logGet(43)) - raft.server.rpc.timeout.min = 5s (custom)
2019-10-21 02:29:19,039 [pool-37-thread-1] INFO  storage.RaftStorageDirectory (RaftStorageDirectory.java:analyzeStorage(246)) - The storage directory /workdir/hadoop-ozone/integration-test/target/test-dir/MiniOzoneClusterImpl-c8b7cd83-0e57-465d-97b8-61911a739100/datanode-1/data/ratis/2cf183f1-7659-44a8-bb20-67f7af697f6d does not exist. Creating ...
2019-10-21 02:29:19,040 [pool-27-thread-1] INFO  server.RaftServerConfigKeys (ConfUtils.java:logGet(43)) - raft.server.rpc.timeout.max = 5200ms (custom)
2019-10-21 02:29:19,040 [pool-47-thread-1] INFO  server.RaftServerConfigKeys (ConfUtils.java:logGet(43)) - raft.server.log.appender.install.snapshot.enabled = false (custom)
2019-10-21 02:29:19,040 [pool-27-thread-1] INFO  server.RaftServerConfigKeys (ConfUtils.java:logGet(43)) - raft.server.rpcslowness.timeout = 120s (custom)
2019-10-21 02:29:19,040 [pool-47-thread-1] INFO  impl.RaftServerImpl (ServerState.java:<init>(103)) - b7b971f5-ac02-44ee-b003-ffac35d098a9@group-67F7AF697F6D: ConfigurationManager, init=-1: [362bf6f2-6346-45ec-a082-70363f8280ae:192.168.34.9:35652, ac8ed8dc-cc65-4955-8554-44832c5ac660:192.168.34.9:41064, b7b971f5-ac02-44ee-b003-ffac35d098a9:192.168.34.9:37715], old=null, confs=<EMPTY_MAP>
2019-10-21 02:29:19,040 [pool-27-thread-1] INFO  server.RaftServerConfigKeys (ConfUtils.java:logGet(43)) - raft.server.sleep.deviation.threshold = 300 (default)
2019-10-21 02:29:19,040 [pool-47-thread-1] INFO  server.RaftServerConfigKeys (ConfUtils.java:logGet(43)) - raft.server.storage.dir = [/workdir/hadoop-ozone/integration-test/target/test-dir/MiniOzoneClusterImpl-c8b7cd83-0e57-465d-97b8-61911a739100/datanode-2/data/ratis] (custom)
2019-10-21 02:29:19,040 [pool-27-thread-1] INFO  server.RaftServerConfigKeys (ConfUtils.java:logGet(43)) - raft.server.log.appender.install.snapshot.enabled = false (custom)
2019-10-21 02:29:19,041 [pool-27-thread-1] INFO  impl.RaftServerImpl (ServerState.java:<init>(103)) - 362bf6f2-6346-45ec-a082-70363f8280ae@group-67F7AF697F6D: ConfigurationManager, init=-1: [362bf6f2-6346-45ec-a082-70363f8280ae:192.168.34.9:35652, ac8ed8dc-cc65-4955-8554-44832c5ac660:192.168.34.9:41064, b7b971f5-ac02-44ee-b003-ffac35d098a9:192.168.34.9:37715], old=null, confs=<EMPTY_MAP>
2019-10-21 02:29:19,041 [pool-47-thread-1] INFO  server.RaftServerConfigKeys (ConfUtils.java:logGet(43)) - raft.server.log.corruption.policy = EXCEPTION (default)
2019-10-21 02:29:19,041 [pool-27-thread-1] INFO  server.RaftServerConfigKeys (ConfUtils.java:logGet(43)) - raft.server.storage.dir = [/workdir/hadoop-ozone/integration-test/target/test-dir/MiniOzoneClusterImpl-c8b7cd83-0e57-465d-97b8-61911a739100/datanode-0/data/ratis] (custom)
2019-10-21 02:29:19,041 [pool-47-thread-1] INFO  storage.RaftStorageDirectory (RaftStorageDirectory.java:analyzeStorage(246)) - The storage directory /workdir/hadoop-ozone/integration-test/target/test-dir/MiniOzoneClusterImpl-c8b7cd83-0e57-465d-97b8-61911a739100/datanode-2/data/ratis/2cf183f1-7659-44a8-bb20-67f7af697f6d does not exist. Creating ...
2019-10-21 02:29:19,041 [pool-27-thread-1] INFO  server.RaftServerConfigKeys (ConfUtils.java:logGet(43)) - raft.server.log.corruption.policy = EXCEPTION (default)
2019-10-21 02:29:19,042 [pool-27-thread-1] INFO  storage.RaftStorageDirectory (RaftStorageDirectory.java:analyzeStorage(246)) - The storage directory /workdir/hadoop-ozone/integration-test/target/test-dir/MiniOzoneClusterImpl-c8b7cd83-0e57-465d-97b8-61911a739100/datanode-0/data/ratis/2cf183f1-7659-44a8-bb20-67f7af697f6d does not exist. Creating ...
2019-10-21 02:29:19,062 [pool-47-thread-1] INFO  storage.RaftStorageDirectory (RaftStorageDirectory.java:tryLock(328)) - Lock on /workdir/hadoop-ozone/integration-test/target/test-dir/MiniOzoneClusterImpl-c8b7cd83-0e57-465d-97b8-61911a739100/datanode-2/data/ratis/2cf183f1-7659-44a8-bb20-67f7af697f6d/in_use.lock acquired by nodename 18090@pr-hdds-1868-8w4sl-2612808232
2019-10-21 02:29:19,062 [pool-37-thread-1] INFO  storage.RaftStorageDirectory (RaftStorageDirectory.java:tryLock(328)) - Lock on /workdir/hadoop-ozone/integration-test/target/test-dir/MiniOzoneClusterImpl-c8b7cd83-0e57-465d-97b8-61911a739100/datanode-1/data/ratis/2cf183f1-7659-44a8-bb20-67f7af697f6d/in_use.lock acquired by nodename 18090@pr-hdds-1868-8w4sl-2612808232
2019-10-21 02:29:19,062 [pool-27-thread-1] INFO  storage.RaftStorageDirectory (RaftStorageDirectory.java:tryLock(328)) - Lock on /workdir/hadoop-ozone/integration-test/target/test-dir/MiniOzoneClusterImpl-c8b7cd83-0e57-465d-97b8-61911a739100/datanode-0/data/ratis/2cf183f1-7659-44a8-bb20-67f7af697f6d/in_use.lock acquired by nodename 18090@pr-hdds-1868-8w4sl-2612808232
2019-10-21 02:29:19,088 [pool-37-thread-1] INFO  storage.RaftStorage (RaftStorage.java:format(84)) - Storage directory /workdir/hadoop-ozone/integration-test/target/test-dir/MiniOzoneClusterImpl-c8b7cd83-0e57-465d-97b8-61911a739100/datanode-1/data/ratis/2cf183f1-7659-44a8-bb20-67f7af697f6d has been successfully formatted.
2019-10-21 02:29:19,088 [pool-27-thread-1] INFO  storage.RaftStorage (RaftStorage.java:format(84)) - Storage directory /workdir/hadoop-ozone/integration-test/target/test-dir/MiniOzoneClusterImpl-c8b7cd83-0e57-465d-97b8-61911a739100/datanode-0/data/ratis/2cf183f1-7659-44a8-bb20-67f7af697f6d has been successfully formatted.
2019-10-21 02:29:19,088 [pool-47-thread-1] INFO  storage.RaftStorage (RaftStorage.java:format(84)) - Storage directory /workdir/hadoop-ozone/integration-test/target/test-dir/MiniOzoneClusterImpl-c8b7cd83-0e57-465d-97b8-61911a739100/datanode-2/data/ratis/2cf183f1-7659-44a8-bb20-67f7af697f6d has been successfully formatted.
2019-10-21 02:29:19,088 [pool-37-thread-1] INFO  ratis.ContainerStateMachine (ContainerStateMachine.java:loadSnapshot(233)) - group-67F7AF697F6D: The snapshot info is null. Setting the last applied indexto:(t:0, i:~)
2019-10-21 02:29:19,088 [pool-27-thread-1] INFO  ratis.ContainerStateMachine (ContainerStateMachine.java:loadSnapshot(233)) - group-67F7AF697F6D: The snapshot info is null. Setting the last applied indexto:(t:0, i:~)
2019-10-21 02:29:19,088 [pool-47-thread-1] INFO  ratis.ContainerStateMachine (ContainerStateMachine.java:loadSnapshot(233)) - group-67F7AF697F6D: The snapshot info is null. Setting the last applied indexto:(t:0, i:~)
2019-10-21 02:29:19,088 [pool-37-thread-1] INFO  server.RaftServerConfigKeys (ConfUtils.java:logGet(43)) - raft.server.notification.no-leader.timeout = 120s (custom)
2019-10-21 02:29:19,089 [pool-47-thread-1] INFO  server.RaftServerConfigKeys (ConfUtils.java:logGet(43)) - raft.server.notification.no-leader.timeout = 120s (custom)
2019-10-21 02:29:19,089 [pool-27-thread-1] INFO  server.RaftServerConfigKeys (ConfUtils.java:logGet(43)) - raft.server.notification.no-leader.timeout = 120s (custom)
2019-10-21 02:29:19,089 [pool-47-thread-1] INFO  server.RaftServerConfigKeys (ConfUtils.java:logGet(43)) - raft.server.log.use.memory = false (default)
2019-10-21 02:29:19,089 [pool-37-thread-1] INFO  server.RaftServerConfigKeys (ConfUtils.java:logGet(43)) - raft.server.log.use.memory = false (default)
2019-10-21 02:29:19,089 [pool-47-thread-1] INFO  server.RaftServerConfigKeys (ConfUtils.java:logGet(43)) - raft.server.log.purge.gap = 1000000 (custom)
2019-10-21 02:29:19,089 [pool-27-thread-1] INFO  server.RaftServerConfigKeys (ConfUtils.java:logGet(43)) - raft.server.log.use.memory = false (default)
2019-10-21 02:29:19,089 [pool-47-thread-1] INFO  server.RaftServerConfigKeys (ConfUtils.java:logGet(43)) - raft.server.log.appender.buffer.byte-limit = 33554432 (custom)
2019-10-21 02:29:19,089 [pool-37-thread-1] INFO  server.RaftServerConfigKeys (ConfUtils.java:logGet(43)) - raft.server.log.purge.gap = 1000000 (custom)
2019-10-21 02:29:19,089 [pool-47-thread-1] INFO  server.RaftServerConfigKeys (ConfUtils.java:logGet(43)) - raft.server.log.segment.size.max = 1048576 (custom)
2019-10-21 02:29:19,089 [pool-27-thread-1] INFO  server.RaftServerConfigKeys (ConfUtils.java:logGet(43)) - raft.server.log.purge.gap = 1000000 (custom)
2019-10-21 02:29:19,090 [pool-47-thread-1] INFO  server.RaftServerConfigKeys (ConfUtils.java:logGet(43)) - raft.server.log.segment.cache.num.max = 2 (custom)
2019-10-21 02:29:19,089 [pool-37-thread-1] INFO  server.RaftServerConfigKeys (ConfUtils.java:logGet(43)) - raft.server.log.appender.buffer.byte-limit = 33554432 (custom)
2019-10-21 02:29:19,090 [pool-47-thread-1] INFO  segmented.SegmentedRaftLogWorker (SegmentedRaftLogWorker.java:<init>(173)) - new b7b971f5-ac02-44ee-b003-ffac35d098a9@group-67F7AF697F6D-SegmentedRaftLogWorker for RaftStorage:Storage Directory /workdir/hadoop-ozone/integration-test/target/test-dir/MiniOzoneClusterImpl-c8b7cd83-0e57-465d-97b8-61911a739100/datanode-2/data/ratis/2cf183f1-7659-44a8-bb20-67f7af697f6d
2019-10-21 02:29:19,090 [pool-27-thread-1] INFO  server.RaftServerConfigKeys (ConfUtils.java:logGet(43)) - raft.server.log.appender.buffer.byte-limit = 33554432 (custom)
2019-10-21 02:29:19,090 [pool-47-thread-1] INFO  server.RaftServerConfigKeys (ConfUtils.java:logGet(43)) - raft.server.log.queue.byte-limit = 2147483647 (custom)
2019-10-21 02:29:19,090 [pool-37-thread-1] INFO  server.RaftServerConfigKeys (ConfUtils.java:logGet(43)) - raft.server.log.segment.size.max = 1048576 (custom)
2019-10-21 02:29:19,090 [pool-47-thread-1] INFO  server.RaftServerConfigKeys (ConfUtils.java:logGet(43)) - raft.server.log.queue.element-limit = 1024 (custom)
2019-10-21 02:29:19,090 [pool-27-thread-1] INFO  server.RaftServerConfigKeys (ConfUtils.java:logGet(43)) - raft.server.log.segment.size.max = 1048576 (custom)
2019-10-21 02:29:19,090 [pool-47-thread-1] INFO  server.RaftServerConfigKeys (ConfUtils.java:logGet(43)) - raft.server.log.segment.size.max = 1048576 (custom)
2019-10-21 02:29:19,091 [pool-47-thread-1] INFO  server.RaftServerConfigKeys (ConfUtils.java:logGet(43)) - raft.server.log.preallocated.size = 16384 (custom)
2019-10-21 02:29:19,090 [pool-37-thread-1] INFO  server.RaftServerConfigKeys (ConfUtils.java:logGet(43)) - raft.server.log.segment.cache.num.max = 2 (custom)
2019-10-21 02:29:19,091 [pool-47-thread-1] INFO  server.RaftServerConfigKeys (ConfUtils.java:logGet(43)) - raft.server.log.write.buffer.size = 33554432 (custom)
2019-10-21 02:29:19,091 [pool-27-thread-1] INFO  server.RaftServerConfigKeys (ConfUtils.java:logGet(43)) - raft.server.log.segment.cache.num.max = 2 (custom)
2019-10-21 02:29:19,091 [pool-47-thread-1] INFO  server.RaftServerConfigKeys (ConfUtils.java:logGet(43)) - raft.server.log.force.sync.num = 128 (default)
2019-10-21 02:29:19,091 [pool-37-thread-1] INFO  segmented.SegmentedRaftLogWorker (SegmentedRaftLogWorker.java:<init>(173)) - new ac8ed8dc-cc65-4955-8554-44832c5ac660@group-67F7AF697F6D-SegmentedRaftLogWorker for RaftStorage:Storage Directory /workdir/hadoop-ozone/integration-test/target/test-dir/MiniOzoneClusterImpl-c8b7cd83-0e57-465d-97b8-61911a739100/datanode-1/data/ratis/2cf183f1-7659-44a8-bb20-67f7af697f6d
2019-10-21 02:29:19,091 [pool-47-thread-1] INFO  server.RaftServerConfigKeys (ConfUtils.java:logGet(43)) - raft.server.log.statemachine.data.sync = true (default)
2019-10-21 02:29:19,091 [pool-27-thread-1] INFO  segmented.SegmentedRaftLogWorker (SegmentedRaftLogWorker.java:<init>(173)) - new 362bf6f2-6346-45ec-a082-70363f8280ae@group-67F7AF697F6D-SegmentedRaftLogWorker for RaftStorage:Storage Directory /workdir/hadoop-ozone/integration-test/target/test-dir/MiniOzoneClusterImpl-c8b7cd83-0e57-465d-97b8-61911a739100/datanode-0/data/ratis/2cf183f1-7659-44a8-bb20-67f7af697f6d
2019-10-21 02:29:19,091 [pool-47-thread-1] INFO  server.RaftServerConfigKeys (ConfUtils.java:logGet(43)) - raft.server.log.statemachine.data.sync.timeout = 10s (default)
2019-10-21 02:29:19,091 [pool-37-thread-1] INFO  server.RaftServerConfigKeys (ConfUtils.java:logGet(43)) - raft.server.log.queue.byte-limit = 2147483647 (custom)
2019-10-21 02:29:19,092 [pool-47-thread-1] INFO  server.RaftServerConfigKeys (ConfUtils.java:logGet(43)) - raft.server.log.statemachine.data.sync.timeout.retry = -1 (default)
2019-10-21 02:29:19,091 [pool-27-thread-1] INFO  server.RaftServerConfigKeys (ConfUtils.java:logGet(43)) - raft.server.log.queue.byte-limit = 2147483647 (custom)
2019-10-21 02:29:19,092 [pool-37-thread-1] INFO  server.RaftServerConfigKeys (ConfUtils.java:logGet(43)) - raft.server.log.queue.element-limit = 1024 (custom)
2019-10-21 02:29:19,092 [pool-27-thread-1] INFO  server.RaftServerConfigKeys (ConfUtils.java:logGet(43)) - raft.server.log.queue.element-limit = 1024 (custom)
2019-10-21 02:29:19,092 [pool-47-thread-1] INFO  server.RaftServerConfigKeys (ConfUtils.java:logGet(43)) - raft.server.log.statemachine.data.caching.enabled = true (custom)
2019-10-21 02:29:19,092 [pool-27-thread-1] INFO  server.RaftServerConfigKeys (ConfUtils.java:logGet(43)) - raft.server.log.segment.size.max = 1048576 (custom)
2019-10-21 02:29:19,092 [pool-37-thread-1] INFO  server.RaftServerConfigKeys (ConfUtils.java:logGet(43)) - raft.server.log.segment.size.max = 1048576 (custom)
2019-10-21 02:29:19,092 [pool-47-thread-1] INFO  segmented.SegmentedRaftLogWorker (SegmentedRaftLogWorker.java:lambda$new$0(128)) - b7b971f5-ac02-44ee-b003-ffac35d098a9@group-67F7AF697F6D-SegmentedRaftLogWorker: flushIndex: setUnconditionally 0 -> -1
2019-10-21 02:29:19,092 [pool-27-thread-1] INFO  server.RaftServerConfigKeys (ConfUtils.java:logGet(43)) - raft.server.log.preallocated.size = 16384 (custom)
2019-10-21 02:29:19,092 [pool-37-thread-1] INFO  server.RaftServerConfigKeys (ConfUtils.java:logGet(43)) - raft.server.log.preallocated.size = 16384 (custom)
2019-10-21 02:29:19,093 [pool-27-thread-1] INFO  server.RaftServerConfigKeys (ConfUtils.java:logGet(43)) - raft.server.log.write.buffer.size = 33554432 (custom)
2019-10-21 02:29:19,093 [pool-47-thread-1] INFO  server.RaftServerConfigKeys (ConfUtils.java:logGet(43)) - raft.server.snapshot.auto.trigger.enabled = true (custom)
2019-10-21 02:29:19,093 [pool-27-thread-1] INFO  server.RaftServerConfigKeys (ConfUtils.java:logGet(43)) - raft.server.log.force.sync.num = 128 (default)
2019-10-21 02:29:19,093 [pool-37-thread-1] INFO  server.RaftServerConfigKeys (ConfUtils.java:logGet(43)) - raft.server.log.write.buffer.size = 33554432 (custom)
2019-10-21 02:29:19,093 [pool-27-thread-1] INFO  server.RaftServerConfigKeys (ConfUtils.java:logGet(43)) - raft.server.log.statemachine.data.sync = true (default)
2019-10-21 02:29:19,093 [pool-47-thread-1] INFO  server.RaftServerConfigKeys (ConfUtils.java:logGet(43)) - raft.server.snapshot.auto.trigger.threshold = 10000 (custom)
2019-10-21 02:29:19,093 [pool-27-thread-1] INFO  server.RaftServerConfigKeys (ConfUtils.java:logGet(43)) - raft.server.log.statemachine.data.sync.timeout = 10s (default)
2019-10-21 02:29:19,093 [pool-37-thread-1] INFO  server.RaftServerConfigKeys (ConfUtils.java:logGet(43)) - raft.server.log.force.sync.num = 128 (default)
2019-10-21 02:29:19,093 [pool-27-thread-1] INFO  server.RaftServerConfigKeys (ConfUtils.java:logGet(43)) - raft.server.log.statemachine.data.sync.timeout.retry = -1 (default)
2019-10-21 02:29:19,093 [pool-47-thread-1] INFO  server.RaftServerConfigKeys (ConfUtils.java:logGet(43)) - raft.server.snapshot.retention.file.num = 5 (custom)
2019-10-21 02:29:19,093 [pool-37-thread-1] INFO  server.RaftServerConfigKeys (ConfUtils.java:logGet(43)) - raft.server.log.statemachine.data.sync = true (default)
2019-10-21 02:29:19,094 [pool-27-thread-1] INFO  server.RaftServerConfigKeys (ConfUtils.java:logGet(43)) - raft.server.log.statemachine.data.caching.enabled = true (custom)
2019-10-21 02:29:19,094 [pool-47-thread-1] INFO  server.RaftServerConfigKeys (ConfUtils.java:logGet(43)) - raft.server.retrycache.expirytime = 600000ms (custom)
2019-10-21 02:29:19,094 [pool-37-thread-1] INFO  server.RaftServerConfigKeys (ConfUtils.java:logGet(43)) - raft.server.log.statemachine.data.sync.timeout = 10s (default)
2019-10-21 02:29:19,094 [pool-47-thread-1] WARN  impl.MetricRegistriesImpl (MetricRegistriesImpl.java:lambda$create$1(61)) - First MetricRegistry has been created without registering reporters. You may need to call MetricRegistries.global().addReportRegistration(...) before.
2019-10-21 02:29:19,094 [pool-27-thread-1] INFO  segmented.SegmentedRaftLogWorker (SegmentedRaftLogWorker.java:lambda$new$0(128)) - 362bf6f2-6346-45ec-a082-70363f8280ae@group-67F7AF697F6D-SegmentedRaftLogWorker: flushIndex: setUnconditionally 0 -> -1
2019-10-21 02:29:19,094 [pool-37-thread-1] INFO  server.RaftServerConfigKeys (ConfUtils.java:logGet(43)) - raft.server.log.statemachine.data.sync.timeout.retry = -1 (default)
2019-10-21 02:29:19,094 [pool-47-thread-1] WARN  impl.MetricRegistriesImpl (MetricRegistriesImpl.java:lambda$create$1(61)) - First MetricRegistry has been created without registering reporters. You may need to call MetricRegistries.global().addReportRegistration(...) before.
2019-10-21 02:29:19,095 [pool-27-thread-1] INFO  server.RaftServerConfigKeys (ConfUtils.java:logGet(43)) - raft.server.snapshot.auto.trigger.enabled = true (custom)
2019-10-21 02:29:19,095 [pool-47-thread-1] INFO  impl.RaftServerImpl (RaftServerImpl.java:start(184)) - b7b971f5-ac02-44ee-b003-ffac35d098a9@group-67F7AF697F6D: start as a follower, conf=-1: [362bf6f2-6346-45ec-a082-70363f8280ae:192.168.34.9:35652, ac8ed8dc-cc65-4955-8554-44832c5ac660:192.168.34.9:41064, b7b971f5-ac02-44ee-b003-ffac35d098a9:192.168.34.9:37715], old=null
2019-10-21 02:29:19,095 [pool-37-thread-1] INFO  server.RaftServerConfigKeys (ConfUtils.java:logGet(43)) - raft.server.log.statemachine.data.caching.enabled = true (custom)
2019-10-21 02:29:19,095 [pool-47-thread-1] INFO  impl.RaftServerImpl (RaftServerImpl.java:setRole(173)) - b7b971f5-ac02-44ee-b003-ffac35d098a9@group-67F7AF697F6D: changes role from      null to FOLLOWER at term 0 for startAsFollower
2019-10-21 02:29:19,095 [pool-27-thread-1] INFO  server.RaftServerConfigKeys (ConfUtils.java:logGet(43)) - raft.server.snapshot.auto.trigger.threshold = 10000 (custom)
2019-10-21 02:29:19,095 [pool-47-thread-1] INFO  impl.RoleInfo (RoleInfo.java:updateAndGet(143)) - b7b971f5-ac02-44ee-b003-ffac35d098a9: start FollowerState
2019-10-21 02:29:19,095 [pool-37-thread-1] INFO  segmented.SegmentedRaftLogWorker (SegmentedRaftLogWorker.java:lambda$new$0(128)) - ac8ed8dc-cc65-4955-8554-44832c5ac660@group-67F7AF697F6D-SegmentedRaftLogWorker: flushIndex: setUnconditionally 0 -> -1
2019-10-21 02:29:19,095 [pool-27-thread-1] INFO  server.RaftServerConfigKeys (ConfUtils.java:logGet(43)) - raft.server.snapshot.retention.file.num = 5 (custom)
2019-10-21 02:29:19,095 [pool-37-thread-1] INFO  server.RaftServerConfigKeys (ConfUtils.java:logGet(43)) - raft.server.snapshot.auto.trigger.enabled = true (custom)
2019-10-21 02:29:19,095 [pool-47-thread-1] INFO  util.JmxRegister (JmxRegister.java:tryRegister(44)) - Successfully registered JMX Bean with object name Ratis:service=RaftServer,group=group-67F7AF697F6D,id=b7b971f5-ac02-44ee-b003-ffac35d098a9
2019-10-21 02:29:19,095 [pool-27-thread-1] INFO  server.RaftServerConfigKeys (ConfUtils.java:logGet(43)) - raft.server.retrycache.expirytime = 600000ms (custom)
2019-10-21 02:29:19,095 [pool-37-thread-1] INFO  server.RaftServerConfigKeys (ConfUtils.java:logGet(43)) - raft.server.snapshot.auto.trigger.threshold = 10000 (custom)
2019-10-21 02:29:19,095 [pool-47-thread-1] WARN  impl.MetricRegistriesImpl (MetricRegistriesImpl.java:lambda$create$1(61)) - First MetricRegistry has been created without registering reporters. You may need to call MetricRegistries.global().addReportRegistration(...) before.
2019-10-21 02:29:19,096 [pool-37-thread-1] INFO  server.RaftServerConfigKeys (ConfUtils.java:logGet(43)) - raft.server.snapshot.retention.file.num = 5 (custom)
2019-10-21 02:29:19,096 [pool-27-thread-1] WARN  impl.MetricRegistriesImpl (MetricRegistriesImpl.java:lambda$create$1(61)) - First MetricRegistry has been created without registering reporters. You may need to call MetricRegistries.global().addReportRegistration(...) before.
2019-10-21 02:29:19,096 [pool-37-thread-1] INFO  server.RaftServerConfigKeys (ConfUtils.java:logGet(43)) - raft.server.retrycache.expirytime = 600000ms (custom)
2019-10-21 02:29:19,096 [pool-27-thread-1] WARN  impl.MetricRegistriesImpl (MetricRegistriesImpl.java:lambda$create$1(61)) - First MetricRegistry has been created without registering reporters. You may need to call MetricRegistries.global().addReportRegistration(...) before.
2019-10-21 02:29:19,096 [pool-37-thread-1] WARN  impl.MetricRegistriesImpl (MetricRegistriesImpl.java:lambda$create$1(61)) - First MetricRegistry has been created without registering reporters. You may need to call MetricRegistries.global().addReportRegistration(...) before.
2019-10-21 02:29:19,096 [pool-37-thread-1] WARN  impl.MetricRegistriesImpl (MetricRegistriesImpl.java:lambda$create$1(61)) - First MetricRegistry has been created without registering reporters. You may need to call MetricRegistries.global().addReportRegistration(...) before.
2019-10-21 02:29:19,096 [pool-27-thread-1] INFO  impl.RaftServerImpl (RaftServerImpl.java:start(184)) - 362bf6f2-6346-45ec-a082-70363f8280ae@group-67F7AF697F6D: start as a follower, conf=-1: [362bf6f2-6346-45ec-a082-70363f8280ae:192.168.34.9:35652, ac8ed8dc-cc65-4955-8554-44832c5ac660:192.168.34.9:41064, b7b971f5-ac02-44ee-b003-ffac35d098a9:192.168.34.9:37715], old=null
2019-10-21 02:29:19,096 [pool-37-thread-1] INFO  impl.RaftServerImpl (RaftServerImpl.java:start(184)) - ac8ed8dc-cc65-4955-8554-44832c5ac660@group-67F7AF697F6D: start as a follower, conf=-1: [362bf6f2-6346-45ec-a082-70363f8280ae:192.168.34.9:35652, ac8ed8dc-cc65-4955-8554-44832c5ac660:192.168.34.9:41064, b7b971f5-ac02-44ee-b003-ffac35d098a9:192.168.34.9:37715], old=null
2019-10-21 02:29:19,096 [pool-27-thread-1] INFO  impl.RaftServerImpl (RaftServerImpl.java:setRole(173)) - 362bf6f2-6346-45ec-a082-70363f8280ae@group-67F7AF697F6D: changes role from      null to FOLLOWER at term 0 for startAsFollower
2019-10-21 02:29:19,097 [pool-37-thread-1] INFO  impl.RaftServerImpl (RaftServerImpl.java:setRole(173)) - ac8ed8dc-cc65-4955-8554-44832c5ac660@group-67F7AF697F6D: changes role from      null to FOLLOWER at term 0 for startAsFollower
2019-10-21 02:29:19,097 [pool-27-thread-1] INFO  impl.RoleInfo (RoleInfo.java:updateAndGet(143)) - 362bf6f2-6346-45ec-a082-70363f8280ae: start FollowerState
2019-10-21 02:29:19,097 [pool-37-thread-1] INFO  impl.RoleInfo (RoleInfo.java:updateAndGet(143)) - ac8ed8dc-cc65-4955-8554-44832c5ac660: start FollowerState
2019-10-21 02:29:19,097 [pool-37-thread-1] INFO  util.JmxRegister (JmxRegister.java:tryRegister(44)) - Successfully registered JMX Bean with object name Ratis:service=RaftServer,group=group-67F7AF697F6D,id=ac8ed8dc-cc65-4955-8554-44832c5ac660
2019-10-21 02:29:19,097 [pool-27-thread-1] INFO  util.JmxRegister (JmxRegister.java:tryRegister(44)) - Successfully registered JMX Bean with object name Ratis:service=RaftServer,group=group-67F7AF697F6D,id=362bf6f2-6346-45ec-a082-70363f8280ae
2019-10-21 02:29:19,097 [pool-37-thread-1] WARN  impl.MetricRegistriesImpl (MetricRegistriesImpl.java:lambda$create$1(61)) - First MetricRegistry has been created without registering reporters. You may need to call MetricRegistries.global().addReportRegistration(...) before.
2019-10-21 02:29:19,097 [pool-27-thread-1] WARN  impl.MetricRegistriesImpl (MetricRegistriesImpl.java:lambda$create$1(61)) - First MetricRegistry has been created without registering reporters. You may need to call MetricRegistries.global().addReportRegistration(...) before.
2019-10-21 02:29:19,110 [RatisPipelineUtilsThread] INFO  pipeline.PipelineStateManager (PipelineStateManager.java:addPipeline(55)) - Created pipeline Pipeline[ Id: 2cf183f1-7659-44a8-bb20-67f7af697f6d, Nodes: b7b971f5-ac02-44ee-b003-ffac35d098a9{ip: 192.168.34.9, host: pr-hdds-1868-8w4sl-2612808232, networkLocation: /default-rack, certSerialId: null}362bf6f2-6346-45ec-a082-70363f8280ae{ip: 192.168.34.9, host: pr-hdds-1868-8w4sl-2612808232, networkLocation: /default-rack, certSerialId: null}ac8ed8dc-cc65-4955-8554-44832c5ac660{ip: 192.168.34.9, host: pr-hdds-1868-8w4sl-2612808232, networkLocation: /default-rack, certSerialId: null}, Type:RATIS, Factor:THREE, State:ALLOCATED]
2019-10-21 02:29:19,111 [Thread-178] INFO  pipeline.PipelineStateManager (PipelineStateManager.java:finalizePipeline(121)) - Pipeline Pipeline[ Id: 67187a3b-e9a9-4a61-b624-2ed3feceebac, Nodes: 362bf6f2-6346-45ec-a082-70363f8280ae{ip: 192.168.34.9, host: pr-hdds-1868-8w4sl-2612808232, networkLocation: /default-rack, certSerialId: null}, Type:RATIS, Factor:ONE, State:CLOSED] moved to CLOSED state
2019-10-21 02:29:19,121 [grpc-default-executor-1] INFO  impl.RaftServerProxy (RaftServerProxy.java:remove(95)) - 362bf6f2-6346-45ec-a082-70363f8280ae: remove  FOLLOWER 362bf6f2-6346-45ec-a082-70363f8280ae@group-2ED3FECEEBAC:t0, leader=null, voted=null, raftlog=362bf6f2-6346-45ec-a082-70363f8280ae@group-2ED3FECEEBAC-SegmentedRaftLog:OPENED:c-1,f-1,i0, conf=-1: [362bf6f2-6346-45ec-a082-70363f8280ae:192.168.34.9:35652], old=null RUNNING
2019-10-21 02:29:19,121 [grpc-default-executor-1] INFO  impl.RaftServerImpl (RaftServerImpl.java:lambda$shutdown$3(250)) - 362bf6f2-6346-45ec-a082-70363f8280ae@group-2ED3FECEEBAC: shutdown
2019-10-21 02:29:19,121 [grpc-default-executor-1] INFO  util.JmxRegister (JmxRegister.java:unregister(73)) - Successfully un-registered JMX Bean with object name Ratis:service=RaftServer,group=group-2ED3FECEEBAC,id=362bf6f2-6346-45ec-a082-70363f8280ae
2019-10-21 02:29:19,122 [grpc-default-executor-1] INFO  impl.RoleInfo (RoleInfo.java:shutdownFollowerState(121)) - 362bf6f2-6346-45ec-a082-70363f8280ae: shutdown FollowerState
2019-10-21 02:29:19,122 [grpc-default-executor-1] INFO  impl.StateMachineUpdater (StateMachineUpdater.java:stopAndJoin(136)) - 362bf6f2-6346-45ec-a082-70363f8280ae@group-2ED3FECEEBAC-StateMachineUpdater: set stopIndex = -1
2019-10-21 02:29:19,122 [Thread-180] INFO  impl.FollowerState (FollowerState.java:run(120)) - 362bf6f2-6346-45ec-a082-70363f8280ae@group-2ED3FECEEBAC-FollowerState was interrupted: java.lang.InterruptedException: sleep interrupted
2019-10-21 02:29:19,123 [grpc-default-executor-1] INFO  impl.RaftServerImpl (ServerState.java:close(387)) - 362bf6f2-6346-45ec-a082-70363f8280ae@group-2ED3FECEEBAC: closes. applyIndex: -1
2019-10-21 02:29:19,124 [362bf6f2-6346-45ec-a082-70363f8280ae@group-2ED3FECEEBAC-SegmentedRaftLogWorker] INFO  segmented.SegmentedRaftLogWorker (SegmentedRaftLogWorker.java:run(316)) - 362bf6f2-6346-45ec-a082-70363f8280ae@group-2ED3FECEEBAC-SegmentedRaftLogWorker was interrupted, exiting. There are 0 tasks remaining in the queue.
2019-10-21 02:29:19,124 [grpc-default-executor-1] INFO  segmented.SegmentedRaftLogWorker (SegmentedRaftLogWorker.java:close(224)) - 362bf6f2-6346-45ec-a082-70363f8280ae@group-2ED3FECEEBAC-SegmentedRaftLogWorker close()
2019-10-21 02:29:19,130 [Thread-178] INFO  pipeline.PipelineStateManager (PipelineStateManager.java:removePipeline(106)) - Pipeline Pipeline[ Id: 67187a3b-e9a9-4a61-b624-2ed3feceebac, Nodes: 362bf6f2-6346-45ec-a082-70363f8280ae{ip: 192.168.34.9, host: pr-hdds-1868-8w4sl-2612808232, networkLocation: /default-rack, certSerialId: null}, Type:RATIS, Factor:ONE, State:CLOSED] removed from db
2019-10-21 02:29:19,130 [Thread-178] INFO  pipeline.SCMPipelineManager (SCMPipelineManager.java:finalizeAndDestroyPipeline(348)) - destroying pipeline:Pipeline[ Id: bd27fc75-22e2-4e9d-aef7-6ca2aecc9fca, Nodes: b7b971f5-ac02-44ee-b003-ffac35d098a9{ip: 192.168.34.9, host: pr-hdds-1868-8w4sl-2612808232, networkLocation: /default-rack, certSerialId: null}, Type:RATIS, Factor:ONE, State:ALLOCATED]
2019-10-21 02:29:19,139 [grpc-default-executor-1] INFO  impl.RaftServerProxy (RaftServerProxy.java:addNew(89)) - 362bf6f2-6346-45ec-a082-70363f8280ae: addNew group-F2F581D6DA75:[362bf6f2-6346-45ec-a082-70363f8280ae:192.168.34.9:35652] returns group-F2F581D6DA75:java.util.concurrent.CompletableFuture@2733746d[Not completed]
2019-10-21 02:29:19,141 [pool-27-thread-1] INFO  impl.RaftServerImpl (RaftServerImpl.java:<init>(98)) - 362bf6f2-6346-45ec-a082-70363f8280ae: new RaftServerImpl for group-F2F581D6DA75:[362bf6f2-6346-45ec-a082-70363f8280ae:192.168.34.9:35652] with ContainerStateMachine:uninitialized
2019-10-21 02:29:19,141 [pool-27-thread-1] INFO  server.RaftServerConfigKeys (ConfUtils.java:logGet(43)) - raft.server.rpc.timeout.min = 5s (custom)
2019-10-21 02:29:19,141 [pool-27-thread-1] INFO  server.RaftServerConfigKeys (ConfUtils.java:logGet(43)) - raft.server.rpc.timeout.max = 5200ms (custom)
2019-10-21 02:29:19,141 [pool-27-thread-1] INFO  server.RaftServerConfigKeys (ConfUtils.java:logGet(43)) - raft.server.rpcslowness.timeout = 120s (custom)
2019-10-21 02:29:19,142 [pool-27-thread-1] INFO  server.RaftServerConfigKeys (ConfUtils.java:logGet(43)) - raft.server.sleep.deviation.threshold = 300 (default)
2019-10-21 02:29:19,142 [pool-27-thread-1] INFO  server.RaftServerConfigKeys (ConfUtils.java:logGet(43)) - raft.server.log.appender.install.snapshot.enabled = false (custom)
2019-10-21 02:29:19,142 [pool-27-thread-1] INFO  impl.RaftServerImpl (ServerState.java:<init>(103)) - 362bf6f2-6346-45ec-a082-70363f8280ae@group-F2F581D6DA75: ConfigurationManager, init=-1: [362bf6f2-6346-45ec-a082-70363f8280ae:192.168.34.9:35652], old=null, confs=<EMPTY_MAP>
2019-10-21 02:29:19,142 [pool-27-thread-1] INFO  server.RaftServerConfigKeys (ConfUtils.java:logGet(43)) - raft.server.storage.dir = [/workdir/hadoop-ozone/integration-test/target/test-dir/MiniOzoneClusterImpl-c8b7cd83-0e57-465d-97b8-61911a739100/datanode-0/data/ratis] (custom)
2019-10-21 02:29:19,143 [pool-27-thread-1] INFO  server.RaftServerConfigKeys (ConfUtils.java:logGet(43)) - raft.server.log.corruption.policy = EXCEPTION (default)
2019-10-21 02:29:19,143 [pool-27-thread-1] INFO  storage.RaftStorageDirectory (RaftStorageDirectory.java:analyzeStorage(246)) - The storage directory /workdir/hadoop-ozone/integration-test/target/test-dir/MiniOzoneClusterImpl-c8b7cd83-0e57-465d-97b8-61911a739100/datanode-0/data/ratis/1d2db723-2165-4b6a-8df9-f2f581d6da75 does not exist. Creating ...
2019-10-21 02:29:19,172 [pool-27-thread-1] INFO  storage.RaftStorageDirectory (RaftStorageDirectory.java:tryLock(328)) - Lock on /workdir/hadoop-ozone/integration-test/target/test-dir/MiniOzoneClusterImpl-c8b7cd83-0e57-465d-97b8-61911a739100/datanode-0/data/ratis/1d2db723-2165-4b6a-8df9-f2f581d6da75/in_use.lock acquired by nodename 18090@pr-hdds-1868-8w4sl-2612808232
2019-10-21 02:29:19,189 [pool-27-thread-1] INFO  storage.RaftStorage (RaftStorage.java:format(84)) - Storage directory /workdir/hadoop-ozone/integration-test/target/test-dir/MiniOzoneClusterImpl-c8b7cd83-0e57-465d-97b8-61911a739100/datanode-0/data/ratis/1d2db723-2165-4b6a-8df9-f2f581d6da75 has been successfully formatted.
2019-10-21 02:29:19,189 [pool-27-thread-1] INFO  ratis.ContainerStateMachine (ContainerStateMachine.java:loadSnapshot(233)) - group-F2F581D6DA75: The snapshot info is null. Setting the last applied indexto:(t:0, i:~)
2019-10-21 02:29:19,189 [pool-27-thread-1] INFO  server.RaftServerConfigKeys (ConfUtils.java:logGet(43)) - raft.server.notification.no-leader.timeout = 120s (custom)
2019-10-21 02:29:19,189 [pool-27-thread-1] INFO  server.RaftServerConfigKeys (ConfUtils.java:logGet(43)) - raft.server.log.use.memory = false (default)
2019-10-21 02:29:19,190 [pool-27-thread-1] INFO  server.RaftServerConfigKeys (ConfUtils.java:logGet(43)) - raft.server.log.purge.gap = 1000000 (custom)
2019-10-21 02:29:19,190 [pool-27-thread-1] INFO  server.RaftServerConfigKeys (ConfUtils.java:logGet(43)) - raft.server.log.appender.buffer.byte-limit = 33554432 (custom)
2019-10-21 02:29:19,190 [pool-27-thread-1] INFO  server.RaftServerConfigKeys (ConfUtils.java:logGet(43)) - raft.server.log.segment.size.max = 1048576 (custom)
2019-10-21 02:29:19,190 [pool-27-thread-1] INFO  server.RaftServerConfigKeys (ConfUtils.java:logGet(43)) - raft.server.log.segment.cache.num.max = 2 (custom)
2019-10-21 02:29:19,190 [pool-27-thread-1] INFO  segmented.SegmentedRaftLogWorker (SegmentedRaftLogWorker.java:<init>(173)) - new 362bf6f2-6346-45ec-a082-70363f8280ae@group-F2F581D6DA75-SegmentedRaftLogWorker for RaftStorage:Storage Directory /workdir/hadoop-ozone/integration-test/target/test-dir/MiniOzoneClusterImpl-c8b7cd83-0e57-465d-97b8-61911a739100/datanode-0/data/ratis/1d2db723-2165-4b6a-8df9-f2f581d6da75
2019-10-21 02:29:19,190 [pool-27-thread-1] INFO  server.RaftServerConfigKeys (ConfUtils.java:logGet(43)) - raft.server.log.queue.byte-limit = 2147483647 (custom)
2019-10-21 02:29:19,191 [pool-27-thread-1] INFO  server.RaftServerConfigKeys (ConfUtils.java:logGet(43)) - raft.server.log.queue.element-limit = 1024 (custom)
2019-10-21 02:29:19,191 [pool-27-thread-1] INFO  server.RaftServerConfigKeys (ConfUtils.java:logGet(43)) - raft.server.log.segment.size.max = 1048576 (custom)
2019-10-21 02:29:19,191 [pool-27-thread-1] INFO  server.RaftServerConfigKeys (ConfUtils.java:logGet(43)) - raft.server.log.preallocated.size = 16384 (custom)
2019-10-21 02:29:19,191 [pool-27-thread-1] INFO  server.RaftServerConfigKeys (ConfUtils.java:logGet(43)) - raft.server.log.write.buffer.size = 33554432 (custom)
2019-10-21 02:29:19,191 [pool-27-thread-1] INFO  server.RaftServerConfigKeys (ConfUtils.java:logGet(43)) - raft.server.log.force.sync.num = 128 (default)
2019-10-21 02:29:19,191 [pool-27-thread-1] INFO  server.RaftServerConfigKeys (ConfUtils.java:logGet(43)) - raft.server.log.statemachine.data.sync = true (default)
2019-10-21 02:29:19,192 [pool-27-thread-1] INFO  server.RaftServerConfigKeys (ConfUtils.java:logGet(43)) - raft.server.log.statemachine.data.sync.timeout = 10s (default)
2019-10-21 02:29:19,192 [pool-27-thread-1] INFO  server.RaftServerConfigKeys (ConfUtils.java:logGet(43)) - raft.server.log.statemachine.data.sync.timeout.retry = -1 (default)
2019-10-21 02:29:19,192 [pool-27-thread-1] INFO  server.RaftServerConfigKeys (ConfUtils.java:logGet(43)) - raft.server.log.statemachine.data.caching.enabled = true (custom)
2019-10-21 02:29:19,192 [pool-27-thread-1] INFO  segmented.SegmentedRaftLogWorker (SegmentedRaftLogWorker.java:lambda$new$0(128)) - 362bf6f2-6346-45ec-a082-70363f8280ae@group-F2F581D6DA75-SegmentedRaftLogWorker: flushIndex: setUnconditionally 0 -> -1
2019-10-21 02:29:19,193 [pool-27-thread-1] INFO  server.RaftServerConfigKeys (ConfUtils.java:logGet(43)) - raft.server.snapshot.auto.trigger.enabled = true (custom)
2019-10-21 02:29:19,193 [pool-27-thread-1] INFO  server.RaftServerConfigKeys (ConfUtils.java:logGet(43)) - raft.server.snapshot.auto.trigger.threshold = 10000 (custom)
2019-10-21 02:29:19,193 [pool-27-thread-1] INFO  server.RaftServerConfigKeys (ConfUtils.java:logGet(43)) - raft.server.snapshot.retention.file.num = 5 (custom)
2019-10-21 02:29:19,193 [pool-27-thread-1] INFO  server.RaftServerConfigKeys (ConfUtils.java:logGet(43)) - raft.server.retrycache.expirytime = 600000ms (custom)
2019-10-21 02:29:19,194 [pool-27-thread-1] WARN  impl.MetricRegistriesImpl (MetricRegistriesImpl.java:lambda$create$1(61)) - First MetricRegistry has been created without registering reporters. You may need to call MetricRegistries.global().addReportRegistration(...) before.
2019-10-21 02:29:19,194 [pool-27-thread-1] WARN  impl.MetricRegistriesImpl (MetricRegistriesImpl.java:lambda$create$1(61)) - First MetricRegistry has been created without registering reporters. You may need to call MetricRegistries.global().addReportRegistration(...) before.
2019-10-21 02:29:19,194 [pool-27-thread-1] INFO  impl.RaftServerImpl (RaftServerImpl.java:start(184)) - 362bf6f2-6346-45ec-a082-70363f8280ae@group-F2F581D6DA75: start as a follower, conf=-1: [362bf6f2-6346-45ec-a082-70363f8280ae:192.168.34.9:35652], old=null
2019-10-21 02:29:19,194 [pool-27-thread-1] INFO  impl.RaftServerImpl (RaftServerImpl.java:setRole(173)) - 362bf6f2-6346-45ec-a082-70363f8280ae@group-F2F581D6DA75: changes role from      null to FOLLOWER at term 0 for startAsFollower
2019-10-21 02:29:19,194 [pool-27-thread-1] INFO  impl.RoleInfo (RoleInfo.java:updateAndGet(143)) - 362bf6f2-6346-45ec-a082-70363f8280ae: start FollowerState
2019-10-21 02:29:19,195 [pool-27-thread-1] INFO  util.JmxRegister (JmxRegister.java:tryRegister(44)) - Successfully registered JMX Bean with object name Ratis:service=RaftServer,group=group-F2F581D6DA75,id=362bf6f2-6346-45ec-a082-70363f8280ae
2019-10-21 02:29:19,195 [pool-27-thread-1] WARN  impl.MetricRegistriesImpl (MetricRegistriesImpl.java:lambda$create$1(61)) - First MetricRegistry has been created without registering reporters. You may need to call MetricRegistries.global().addReportRegistration(...) before.
2019-10-21 02:29:19,201 [RatisPipelineUtilsThread] INFO  pipeline.PipelineStateManager (PipelineStateManager.java:addPipeline(55)) - Created pipeline Pipeline[ Id: 1d2db723-2165-4b6a-8df9-f2f581d6da75, Nodes: 362bf6f2-6346-45ec-a082-70363f8280ae{ip: 192.168.34.9, host: pr-hdds-1868-8w4sl-2612808232, networkLocation: /default-rack, certSerialId: null}, Type:RATIS, Factor:ONE, State:ALLOCATED]
2019-10-21 02:29:19,203 [Thread-178] INFO  pipeline.PipelineStateManager (PipelineStateManager.java:finalizePipeline(121)) - Pipeline Pipeline[ Id: bd27fc75-22e2-4e9d-aef7-6ca2aecc9fca, Nodes: b7b971f5-ac02-44ee-b003-ffac35d098a9{ip: 192.168.34.9, host: pr-hdds-1868-8w4sl-2612808232, networkLocation: /default-rack, certSerialId: null}, Type:RATIS, Factor:ONE, State:CLOSED] moved to CLOSED state
2019-10-21 02:29:19,216 [grpc-default-executor-1] INFO  impl.RaftServerProxy (RaftServerProxy.java:remove(95)) - b7b971f5-ac02-44ee-b003-ffac35d098a9: remove  FOLLOWER b7b971f5-ac02-44ee-b003-ffac35d098a9@group-6CA2AECC9FCA:t0, leader=null, voted=null, raftlog=b7b971f5-ac02-44ee-b003-ffac35d098a9@group-6CA2AECC9FCA-SegmentedRaftLog:OPENED:c-1,f-1,i0, conf=-1: [b7b971f5-ac02-44ee-b003-ffac35d098a9:192.168.34.9:37715], old=null RUNNING
2019-10-21 02:29:19,216 [grpc-default-executor-1] INFO  impl.RaftServerImpl (RaftServerImpl.java:lambda$shutdown$3(250)) - b7b971f5-ac02-44ee-b003-ffac35d098a9@group-6CA2AECC9FCA: shutdown
2019-10-21 02:29:19,216 [grpc-default-executor-1] INFO  util.JmxRegister (JmxRegister.java:unregister(73)) - Successfully un-registered JMX Bean with object name Ratis:service=RaftServer,group=group-6CA2AECC9FCA,id=b7b971f5-ac02-44ee-b003-ffac35d098a9
2019-10-21 02:29:19,216 [grpc-default-executor-1] INFO  impl.RoleInfo (RoleInfo.java:shutdownFollowerState(121)) - b7b971f5-ac02-44ee-b003-ffac35d098a9: shutdown FollowerState
2019-10-21 02:29:19,216 [grpc-default-executor-1] INFO  impl.StateMachineUpdater (StateMachineUpdater.java:stopAndJoin(136)) - b7b971f5-ac02-44ee-b003-ffac35d098a9@group-6CA2AECC9FCA-StateMachineUpdater: set stopIndex = -1
2019-10-21 02:29:19,216 [Thread-183] INFO  impl.FollowerState (FollowerState.java:run(120)) - b7b971f5-ac02-44ee-b003-ffac35d098a9@group-6CA2AECC9FCA-FollowerState was interrupted: java.lang.InterruptedException: sleep interrupted
2019-10-21 02:29:19,218 [grpc-default-executor-1] INFO  impl.RaftServerImpl (ServerState.java:close(387)) - b7b971f5-ac02-44ee-b003-ffac35d098a9@group-6CA2AECC9FCA: closes. applyIndex: -1
2019-10-21 02:29:19,218 [b7b971f5-ac02-44ee-b003-ffac35d098a9@group-6CA2AECC9FCA-SegmentedRaftLogWorker] INFO  segmented.SegmentedRaftLogWorker (SegmentedRaftLogWorker.java:run(316)) - b7b971f5-ac02-44ee-b003-ffac35d098a9@group-6CA2AECC9FCA-SegmentedRaftLogWorker was interrupted, exiting. There are 0 tasks remaining in the queue.
2019-10-21 02:29:19,218 [grpc-default-executor-1] INFO  segmented.SegmentedRaftLogWorker (SegmentedRaftLogWorker.java:close(224)) - b7b971f5-ac02-44ee-b003-ffac35d098a9@group-6CA2AECC9FCA-SegmentedRaftLogWorker close()
2019-10-21 02:29:19,225 [Thread-178] INFO  pipeline.PipelineStateManager (PipelineStateManager.java:removePipeline(106)) - Pipeline Pipeline[ Id: bd27fc75-22e2-4e9d-aef7-6ca2aecc9fca, Nodes: b7b971f5-ac02-44ee-b003-ffac35d098a9{ip: 192.168.34.9, host: pr-hdds-1868-8w4sl-2612808232, networkLocation: /default-rack, certSerialId: null}, Type:RATIS, Factor:ONE, State:CLOSED] removed from db
2019-10-21 02:29:19,235 [grpc-default-executor-1] INFO  impl.RaftServerProxy (RaftServerProxy.java:addNew(89)) - b7b971f5-ac02-44ee-b003-ffac35d098a9: addNew group-1BEA1CCC6ABD:[b7b971f5-ac02-44ee-b003-ffac35d098a9:192.168.34.9:37715] returns group-1BEA1CCC6ABD:java.util.concurrent.CompletableFuture@1e8b663e[Not completed]
2019-10-21 02:29:19,236 [pool-47-thread-1] INFO  impl.RaftServerImpl (RaftServerImpl.java:<init>(98)) - b7b971f5-ac02-44ee-b003-ffac35d098a9: new RaftServerImpl for group-1BEA1CCC6ABD:[b7b971f5-ac02-44ee-b003-ffac35d098a9:192.168.34.9:37715] with ContainerStateMachine:uninitialized
2019-10-21 02:29:19,236 [pool-47-thread-1] INFO  server.RaftServerConfigKeys (ConfUtils.java:logGet(43)) - raft.server.rpc.timeout.min = 5s (custom)
2019-10-21 02:29:19,237 [pool-47-thread-1] INFO  server.RaftServerConfigKeys (ConfUtils.java:logGet(43)) - raft.server.rpc.timeout.max = 5200ms (custom)
2019-10-21 02:29:19,237 [pool-47-thread-1] INFO  server.RaftServerConfigKeys (ConfUtils.java:logGet(43)) - raft.server.rpcslowness.timeout = 120s (custom)
2019-10-21 02:29:19,237 [pool-47-thread-1] INFO  server.RaftServerConfigKeys (ConfUtils.java:logGet(43)) - raft.server.sleep.deviation.threshold = 300 (default)
2019-10-21 02:29:19,237 [pool-47-thread-1] INFO  server.RaftServerConfigKeys (ConfUtils.java:logGet(43)) - raft.server.log.appender.install.snapshot.enabled = false (custom)
2019-10-21 02:29:19,237 [pool-47-thread-1] INFO  impl.RaftServerImpl (ServerState.java:<init>(103)) - b7b971f5-ac02-44ee-b003-ffac35d098a9@group-1BEA1CCC6ABD: ConfigurationManager, init=-1: [b7b971f5-ac02-44ee-b003-ffac35d098a9:192.168.34.9:37715], old=null, confs=<EMPTY_MAP>
2019-10-21 02:29:19,237 [pool-47-thread-1] INFO  server.RaftServerConfigKeys (ConfUtils.java:logGet(43)) - raft.server.storage.dir = [/workdir/hadoop-ozone/integration-test/target/test-dir/MiniOzoneClusterImpl-c8b7cd83-0e57-465d-97b8-61911a739100/datanode-2/data/ratis] (custom)
2019-10-21 02:29:19,238 [pool-47-thread-1] INFO  server.RaftServerConfigKeys (ConfUtils.java:logGet(43)) - raft.server.log.corruption.policy = EXCEPTION (default)
2019-10-21 02:29:19,238 [pool-47-thread-1] INFO  storage.RaftStorageDirectory (RaftStorageDirectory.java:analyzeStorage(246)) - The storage directory /workdir/hadoop-ozone/integration-test/target/test-dir/MiniOzoneClusterImpl-c8b7cd83-0e57-465d-97b8-61911a739100/datanode-2/data/ratis/7b836481-2f39-441a-ac10-1bea1ccc6abd does not exist. Creating ...
2019-10-21 02:29:19,264 [pool-47-thread-1] INFO  storage.RaftStorageDirectory (RaftStorageDirectory.java:tryLock(328)) - Lock on /workdir/hadoop-ozone/integration-test/target/test-dir/MiniOzoneClusterImpl-c8b7cd83-0e57-465d-97b8-61911a739100/datanode-2/data/ratis/7b836481-2f39-441a-ac10-1bea1ccc6abd/in_use.lock acquired by nodename 18090@pr-hdds-1868-8w4sl-2612808232
2019-10-21 02:29:19,290 [pool-47-thread-1] INFO  storage.RaftStorage (RaftStorage.java:format(84)) - Storage directory /workdir/hadoop-ozone/integration-test/target/test-dir/MiniOzoneClusterImpl-c8b7cd83-0e57-465d-97b8-61911a739100/datanode-2/data/ratis/7b836481-2f39-441a-ac10-1bea1ccc6abd has been successfully formatted.
2019-10-21 02:29:19,290 [pool-47-thread-1] INFO  ratis.ContainerStateMachine (ContainerStateMachine.java:loadSnapshot(233)) - group-1BEA1CCC6ABD: The snapshot info is null. Setting the last applied indexto:(t:0, i:~)
2019-10-21 02:29:19,290 [pool-47-thread-1] INFO  server.RaftServerConfigKeys (ConfUtils.java:logGet(43)) - raft.server.notification.no-leader.timeout = 120s (custom)
2019-10-21 02:29:19,290 [pool-47-thread-1] INFO  server.RaftServerConfigKeys (ConfUtils.java:logGet(43)) - raft.server.log.use.memory = false (default)
2019-10-21 02:29:19,291 [pool-47-thread-1] INFO  server.RaftServerConfigKeys (ConfUtils.java:logGet(43)) - raft.server.log.purge.gap = 1000000 (custom)
2019-10-21 02:29:19,291 [pool-47-thread-1] INFO  server.RaftServerConfigKeys (ConfUtils.java:logGet(43)) - raft.server.log.appender.buffer.byte-limit = 33554432 (custom)
2019-10-21 02:29:19,291 [pool-47-thread-1] INFO  server.RaftServerConfigKeys (ConfUtils.java:logGet(43)) - raft.server.log.segment.size.max = 1048576 (custom)
2019-10-21 02:29:19,291 [pool-47-thread-1] INFO  server.RaftServerConfigKeys (ConfUtils.java:logGet(43)) - raft.server.log.segment.cache.num.max = 2 (custom)
2019-10-21 02:29:19,291 [pool-47-thread-1] INFO  segmented.SegmentedRaftLogWorker (SegmentedRaftLogWorker.java:<init>(173)) - new b7b971f5-ac02-44ee-b003-ffac35d098a9@group-1BEA1CCC6ABD-SegmentedRaftLogWorker for RaftStorage:Storage Directory /workdir/hadoop-ozone/integration-test/target/test-dir/MiniOzoneClusterImpl-c8b7cd83-0e57-465d-97b8-61911a739100/datanode-2/data/ratis/7b836481-2f39-441a-ac10-1bea1ccc6abd
2019-10-21 02:29:19,291 [pool-47-thread-1] INFO  server.RaftServerConfigKeys (ConfUtils.java:logGet(43)) - raft.server.log.queue.byte-limit = 2147483647 (custom)
2019-10-21 02:29:19,292 [pool-47-thread-1] INFO  server.RaftServerConfigKeys (ConfUtils.java:logGet(43)) - raft.server.log.queue.element-limit = 1024 (custom)
2019-10-21 02:29:19,292 [pool-47-thread-1] INFO  server.RaftServerConfigKeys (ConfUtils.java:logGet(43)) - raft.server.log.segment.size.max = 1048576 (custom)
2019-10-21 02:29:19,292 [pool-47-thread-1] INFO  server.RaftServerConfigKeys (ConfUtils.java:logGet(43)) - raft.server.log.preallocated.size = 16384 (custom)
2019-10-21 02:29:19,292 [pool-47-thread-1] INFO  server.RaftServerConfigKeys (ConfUtils.java:logGet(43)) - raft.server.log.write.buffer.size = 33554432 (custom)
2019-10-21 02:29:19,292 [pool-47-thread-1] INFO  server.RaftServerConfigKeys (ConfUtils.java:logGet(43)) - raft.server.log.force.sync.num = 128 (default)
2019-10-21 02:29:19,292 [pool-47-thread-1] INFO  server.RaftServerConfigKeys (ConfUtils.java:logGet(43)) - raft.server.log.statemachine.data.sync = true (default)
2019-10-21 02:29:19,292 [pool-47-thread-1] INFO  server.RaftServerConfigKeys (ConfUtils.java:logGet(43)) - raft.server.log.statemachine.data.sync.timeout = 10s (default)
2019-10-21 02:29:19,293 [pool-47-thread-1] INFO  server.RaftServerConfigKeys (ConfUtils.java:logGet(43)) - raft.server.log.statemachine.data.sync.timeout.retry = -1 (default)
2019-10-21 02:29:19,293 [pool-47-thread-1] INFO  server.RaftServerConfigKeys (ConfUtils.java:logGet(43)) - raft.server.log.statemachine.data.caching.enabled = true (custom)
2019-10-21 02:29:19,293 [pool-47-thread-1] INFO  segmented.SegmentedRaftLogWorker (SegmentedRaftLogWorker.java:lambda$new$0(128)) - b7b971f5-ac02-44ee-b003-ffac35d098a9@group-1BEA1CCC6ABD-SegmentedRaftLogWorker: flushIndex: setUnconditionally 0 -> -1
2019-10-21 02:29:19,293 [pool-47-thread-1] INFO  server.RaftServerConfigKeys (ConfUtils.java:logGet(43)) - raft.server.snapshot.auto.trigger.enabled = true (custom)
2019-10-21 02:29:19,294 [pool-47-thread-1] INFO  server.RaftServerConfigKeys (ConfUtils.java:logGet(43)) - raft.server.snapshot.auto.trigger.threshold = 10000 (custom)
2019-10-21 02:29:19,294 [pool-47-thread-1] INFO  server.RaftServerConfigKeys (ConfUtils.java:logGet(43)) - raft.server.snapshot.retention.file.num = 5 (custom)
2019-10-21 02:29:19,294 [pool-47-thread-1] INFO  server.RaftServerConfigKeys (ConfUtils.java:logGet(43)) - raft.server.retrycache.expirytime = 600000ms (custom)
2019-10-21 02:29:19,294 [pool-47-thread-1] WARN  impl.MetricRegistriesImpl (MetricRegistriesImpl.java:lambda$create$1(61)) - First MetricRegistry has been created without registering reporters. You may need to call MetricRegistries.global().addReportRegistration(...) before.
2019-10-21 02:29:19,294 [pool-47-thread-1] WARN  impl.MetricRegistriesImpl (MetricRegistriesImpl.java:lambda$create$1(61)) - First MetricRegistry has been created without registering reporters. You may need to call MetricRegistries.global().addReportRegistration(...) before.
2019-10-21 02:29:19,295 [pool-47-thread-1] INFO  impl.RaftServerImpl (RaftServerImpl.java:start(184)) - b7b971f5-ac02-44ee-b003-ffac35d098a9@group-1BEA1CCC6ABD: start as a follower, conf=-1: [b7b971f5-ac02-44ee-b003-ffac35d098a9:192.168.34.9:37715], old=null
2019-10-21 02:29:19,295 [pool-47-thread-1] INFO  impl.RaftServerImpl (RaftServerImpl.java:setRole(173)) - b7b971f5-ac02-44ee-b003-ffac35d098a9@group-1BEA1CCC6ABD: changes role from      null to FOLLOWER at term 0 for startAsFollower
2019-10-21 02:29:19,295 [pool-47-thread-1] INFO  impl.RoleInfo (RoleInfo.java:updateAndGet(143)) - b7b971f5-ac02-44ee-b003-ffac35d098a9: start FollowerState
2019-10-21 02:29:19,296 [pool-47-thread-1] INFO  util.JmxRegister (JmxRegister.java:tryRegister(44)) - Successfully registered JMX Bean with object name Ratis:service=RaftServer,group=group-1BEA1CCC6ABD,id=b7b971f5-ac02-44ee-b003-ffac35d098a9
2019-10-21 02:29:19,296 [pool-47-thread-1] WARN  impl.MetricRegistriesImpl (MetricRegistriesImpl.java:lambda$create$1(61)) - First MetricRegistry has been created without registering reporters. You may need to call MetricRegistries.global().addReportRegistration(...) before.
2019-10-21 02:29:19,301 [RatisPipelineUtilsThread] INFO  pipeline.PipelineStateManager (PipelineStateManager.java:addPipeline(55)) - Created pipeline Pipeline[ Id: 7b836481-2f39-441a-ac10-1bea1ccc6abd, Nodes: b7b971f5-ac02-44ee-b003-ffac35d098a9{ip: 192.168.34.9, host: pr-hdds-1868-8w4sl-2612808232, networkLocation: /default-rack, certSerialId: null}, Type:RATIS, Factor:ONE, State:ALLOCATED]
2019-10-21 02:29:19,935 [main] INFO  ozone.MiniOzoneClusterImpl (MiniOzoneClusterImpl.java:lambda$waitForClusterToBeReady$2(162)) - Waiting for 4 number of pipelines out of 4, to report a leader.
2019-10-21 02:29:20,936 [main] INFO  ozone.MiniOzoneClusterImpl (MiniOzoneClusterImpl.java:lambda$waitForClusterToBeReady$2(162)) - Waiting for 4 number of pipelines out of 4, to report a leader.
2019-10-21 02:29:21,937 [main] INFO  ozone.MiniOzoneClusterImpl (MiniOzoneClusterImpl.java:lambda$waitForClusterToBeReady$2(162)) - Waiting for 4 number of pipelines out of 4, to report a leader.
2019-10-21 02:29:22,938 [main] INFO  ozone.MiniOzoneClusterImpl (MiniOzoneClusterImpl.java:lambda$waitForClusterToBeReady$2(162)) - Waiting for 4 number of pipelines out of 4, to report a leader.
2019-10-21 02:29:23,938 [main] INFO  ozone.MiniOzoneClusterImpl (MiniOzoneClusterImpl.java:lambda$waitForClusterToBeReady$2(162)) - Waiting for 4 number of pipelines out of 4, to report a leader.
2019-10-21 02:29:23,944 [Thread-200] INFO  impl.FollowerState (FollowerState.java:run(111)) - ac8ed8dc-cc65-4955-8554-44832c5ac660@group-BF26BAC9AE4A-FollowerState: change to CANDIDATE, lastRpcTime:5018ms, electionTimeout:5018ms
2019-10-21 02:29:23,946 [Thread-200] INFO  impl.RoleInfo (RoleInfo.java:shutdownFollowerState(121)) - ac8ed8dc-cc65-4955-8554-44832c5ac660: shutdown FollowerState
2019-10-21 02:29:23,947 [Thread-200] INFO  impl.RaftServerImpl (RaftServerImpl.java:setRole(173)) - ac8ed8dc-cc65-4955-8554-44832c5ac660@group-BF26BAC9AE4A: changes role from  FOLLOWER to CANDIDATE at term 0 for changeToCandidate
2019-10-21 02:29:23,951 [Thread-200] INFO  impl.RoleInfo (RoleInfo.java:updateAndGet(143)) - ac8ed8dc-cc65-4955-8554-44832c5ac660: start LeaderElection
2019-10-21 02:29:23,990 [ac8ed8dc-cc65-4955-8554-44832c5ac660@group-BF26BAC9AE4A-LeaderElection1] INFO  impl.LeaderElection (LeaderElection.java:askForVotes(178)) - ac8ed8dc-cc65-4955-8554-44832c5ac660@group-BF26BAC9AE4A-LeaderElection1: begin an election at term 1 for -1: [ac8ed8dc-cc65-4955-8554-44832c5ac660:192.168.34.9:41064], old=null
2019-10-21 02:29:23,992 [ac8ed8dc-cc65-4955-8554-44832c5ac660@group-BF26BAC9AE4A-LeaderElection1] INFO  impl.RoleInfo (RoleInfo.java:shutdownLeaderElection(134)) - ac8ed8dc-cc65-4955-8554-44832c5ac660: shutdown LeaderElection
2019-10-21 02:29:23,993 [ac8ed8dc-cc65-4955-8554-44832c5ac660@group-BF26BAC9AE4A-LeaderElection1] INFO  impl.RaftServerImpl (RaftServerImpl.java:setRole(173)) - ac8ed8dc-cc65-4955-8554-44832c5ac660@group-BF26BAC9AE4A: changes role from CANDIDATE to LEADER at term 1 for changeToLeader
2019-10-21 02:29:23,993 [ac8ed8dc-cc65-4955-8554-44832c5ac660@group-BF26BAC9AE4A-LeaderElection1] INFO  ratis.XceiverServerRatis (XceiverServerRatis.java:handleLeaderChangedNotification(701)) - Leader change notification received for group: group-BF26BAC9AE4A with new leaderId: ac8ed8dc-cc65-4955-8554-44832c5ac660
2019-10-21 02:29:23,997 [ac8ed8dc-cc65-4955-8554-44832c5ac660@group-BF26BAC9AE4A-LeaderElection1] INFO  impl.RaftServerImpl (ServerState.java:setLeader(255)) - ac8ed8dc-cc65-4955-8554-44832c5ac660@group-BF26BAC9AE4A: change Leader from null to ac8ed8dc-cc65-4955-8554-44832c5ac660 at term 1 for becomeLeader, leader elected after 5072ms
2019-10-21 02:29:24,003 [ac8ed8dc-cc65-4955-8554-44832c5ac660@group-BF26BAC9AE4A-LeaderElection1] INFO  server.RaftServerConfigKeys (ConfUtils.java:logGet(43)) - raft.server.staging.catchup.gap = 1000 (default)
2019-10-21 02:29:24,003 [ac8ed8dc-cc65-4955-8554-44832c5ac660@group-BF26BAC9AE4A-LeaderElection1] INFO  server.RaftServerConfigKeys (ConfUtils.java:logGet(43)) - raft.server.rpc.sleep.time = 25ms (default)
2019-10-21 02:29:24,007 [ac8ed8dc-cc65-4955-8554-44832c5ac660@group-BF26BAC9AE4A-LeaderElection1] INFO  server.RaftServerConfigKeys (ConfUtils.java:logGet(43)) - raft.server.write.element-limit = 4096 (default)
2019-10-21 02:29:24,010 [ac8ed8dc-cc65-4955-8554-44832c5ac660@group-BF26BAC9AE4A-LeaderElection1] INFO  server.RaftServerConfigKeys (ConfUtils.java:logGet(43)) - raft.server.watch.timeout = 10s (default)
2019-10-21 02:29:24,011 [ac8ed8dc-cc65-4955-8554-44832c5ac660@group-BF26BAC9AE4A-LeaderElection1] INFO  server.RaftServerConfigKeys (ConfUtils.java:logGet(43)) - raft.server.watch.timeout.denomination = 1s (default)
2019-10-21 02:29:24,012 [ac8ed8dc-cc65-4955-8554-44832c5ac660@group-BF26BAC9AE4A-LeaderElection1] INFO  server.RaftServerConfigKeys (ConfUtils.java:logGet(43)) - raft.server.watch.element-limit = 65536 (default)
2019-10-21 02:29:24,014 [EventQueue-PipelineReportForPipelineReportHandler] INFO  pipeline.PipelineReportHandler (PipelineReportHandler.java:processPipelineReport(105)) - Pipeline PipelineID=3b535736-07c2-422f-b0cf-bf26bac9ae4a reported by ac8ed8dc-cc65-4955-8554-44832c5ac660{ip: 192.168.34.9, host: pr-hdds-1868-8w4sl-2612808232, networkLocation: /default-rack, certSerialId: null} with leaderId ac8ed8dc-cc65-4955-8554-44832c5ac660
2019-10-21 02:29:24,018 [EventQueue-PipelineReportForPipelineReportHandler] INFO  pipeline.SCMPipelineManager (SCMPipelineManager.java:processReportedLeaderInfo(318)) - Opening pipeline PipelineID=3b535736-07c2-422f-b0cf-bf26bac9ae4a with reported leader <ByteString@354e43e size=36>
2019-10-21 02:29:24,018 [EventQueue-PipelineReportForPipelineReportHandler] INFO  pipeline.PipelineStateManager (PipelineStateManager.java:openPipeline(134)) - Pipeline Pipeline[ Id: 3b535736-07c2-422f-b0cf-bf26bac9ae4a, Nodes: ac8ed8dc-cc65-4955-8554-44832c5ac660{ip: 192.168.34.9, host: pr-hdds-1868-8w4sl-2612808232, networkLocation: /default-rack, certSerialId: null}, Type:RATIS, Factor:ONE, State:OPEN] moved to OPEN state
2019-10-21 02:29:24,018 [EventQueue-PipelineReportForPipelineReportHandler] INFO  pipeline.PipelineReportHandler (PipelineReportHandler.java:processPipelineReport(105)) - Pipeline PipelineID=2cf183f1-7659-44a8-bb20-67f7af697f6d reported by ac8ed8dc-cc65-4955-8554-44832c5ac660{ip: 192.168.34.9, host: pr-hdds-1868-8w4sl-2612808232, networkLocation: /default-rack, certSerialId: null} with leaderId 
2019-10-21 02:29:24,020 [ac8ed8dc-cc65-4955-8554-44832c5ac660@group-BF26BAC9AE4A-LeaderElection1] INFO  impl.RoleInfo (RoleInfo.java:updateAndGet(143)) - ac8ed8dc-cc65-4955-8554-44832c5ac660: start LeaderState
2019-10-21 02:29:24,035 [ac8ed8dc-cc65-4955-8554-44832c5ac660@group-BF26BAC9AE4A-LeaderElection1] INFO  segmented.SegmentedRaftLogWorker (SegmentedRaftLogWorker.java:startLogSegment(385)) - ac8ed8dc-cc65-4955-8554-44832c5ac660@group-BF26BAC9AE4A-SegmentedRaftLogWorker: Starting segment from index:0
2019-10-21 02:29:24,044 [ac8ed8dc-cc65-4955-8554-44832c5ac660@group-BF26BAC9AE4A-LeaderElection1] INFO  impl.RaftServerImpl (ServerState.java:setRaftConf(356)) - ac8ed8dc-cc65-4955-8554-44832c5ac660@group-BF26BAC9AE4A: set configuration 0: [ac8ed8dc-cc65-4955-8554-44832c5ac660:192.168.34.9:41064], old=null at 0
2019-10-21 02:29:24,101 [Thread-211] INFO  impl.FollowerState (FollowerState.java:run(111)) - ac8ed8dc-cc65-4955-8554-44832c5ac660@group-67F7AF697F6D-FollowerState: change to CANDIDATE, lastRpcTime:5004ms, electionTimeout:5004ms
2019-10-21 02:29:24,102 [Thread-211] INFO  impl.RoleInfo (RoleInfo.java:shutdownFollowerState(121)) - ac8ed8dc-cc65-4955-8554-44832c5ac660: shutdown FollowerState
2019-10-21 02:29:24,102 [Thread-211] INFO  impl.RaftServerImpl (RaftServerImpl.java:setRole(173)) - ac8ed8dc-cc65-4955-8554-44832c5ac660@group-67F7AF697F6D: changes role from  FOLLOWER to CANDIDATE at term 0 for changeToCandidate
2019-10-21 02:29:24,102 [Thread-211] INFO  impl.RoleInfo (RoleInfo.java:updateAndGet(143)) - ac8ed8dc-cc65-4955-8554-44832c5ac660: start LeaderElection
2019-10-21 02:29:24,132 [ac8ed8dc-cc65-4955-8554-44832c5ac660@group-67F7AF697F6D-LeaderElection2] INFO  impl.LeaderElection (LeaderElection.java:askForVotes(178)) - ac8ed8dc-cc65-4955-8554-44832c5ac660@group-67F7AF697F6D-LeaderElection2: begin an election at term 1 for -1: [362bf6f2-6346-45ec-a082-70363f8280ae:192.168.34.9:35652, ac8ed8dc-cc65-4955-8554-44832c5ac660:192.168.34.9:41064, b7b971f5-ac02-44ee-b003-ffac35d098a9:192.168.34.9:37715], old=null
2019-10-21 02:29:24,155 [Thread-206] INFO  impl.FollowerState (FollowerState.java:run(111)) - b7b971f5-ac02-44ee-b003-ffac35d098a9@group-67F7AF697F6D-FollowerState: change to CANDIDATE, lastRpcTime:5060ms, electionTimeout:5040ms
2019-10-21 02:29:24,156 [Thread-206] INFO  impl.RoleInfo (RoleInfo.java:shutdownFollowerState(121)) - b7b971f5-ac02-44ee-b003-ffac35d098a9: shutdown FollowerState
2019-10-21 02:29:24,156 [Thread-206] INFO  impl.RaftServerImpl (RaftServerImpl.java:setRole(173)) - b7b971f5-ac02-44ee-b003-ffac35d098a9@group-67F7AF697F6D: changes role from  FOLLOWER to CANDIDATE at term 0 for changeToCandidate
2019-10-21 02:29:24,156 [Thread-206] INFO  impl.RoleInfo (RoleInfo.java:updateAndGet(143)) - b7b971f5-ac02-44ee-b003-ffac35d098a9: start LeaderElection
2019-10-21 02:29:24,160 [Thread-210] INFO  impl.FollowerState (FollowerState.java:run(111)) - 362bf6f2-6346-45ec-a082-70363f8280ae@group-67F7AF697F6D-FollowerState: change to CANDIDATE, lastRpcTime:5063ms, electionTimeout:5063ms
2019-10-21 02:29:24,160 [Thread-210] INFO  impl.RoleInfo (RoleInfo.java:shutdownFollowerState(121)) - 362bf6f2-6346-45ec-a082-70363f8280ae: shutdown FollowerState
2019-10-21 02:29:24,160 [Thread-210] INFO  impl.RaftServerImpl (RaftServerImpl.java:setRole(173)) - 362bf6f2-6346-45ec-a082-70363f8280ae@group-67F7AF697F6D: changes role from  FOLLOWER to CANDIDATE at term 0 for changeToCandidate
2019-10-21 02:29:24,161 [Thread-210] INFO  impl.RoleInfo (RoleInfo.java:updateAndGet(143)) - 362bf6f2-6346-45ec-a082-70363f8280ae: start LeaderElection
2019-10-21 02:29:24,183 [b7b971f5-ac02-44ee-b003-ffac35d098a9@group-67F7AF697F6D-LeaderElection3] INFO  impl.LeaderElection (LeaderElection.java:askForVotes(178)) - b7b971f5-ac02-44ee-b003-ffac35d098a9@group-67F7AF697F6D-LeaderElection3: begin an election at term 1 for -1: [362bf6f2-6346-45ec-a082-70363f8280ae:192.168.34.9:35652, ac8ed8dc-cc65-4955-8554-44832c5ac660:192.168.34.9:41064, b7b971f5-ac02-44ee-b003-ffac35d098a9:192.168.34.9:37715], old=null
2019-10-21 02:29:24,183 [ac8ed8dc-cc65-4955-8554-44832c5ac660@group-BF26BAC9AE4A-SegmentedRaftLogWorker] INFO  segmented.SegmentedRaftLogWorker (SegmentedRaftLogWorker.java:execute(576)) - ac8ed8dc-cc65-4955-8554-44832c5ac660@group-BF26BAC9AE4A-SegmentedRaftLogWorker: created new log segment /workdir/hadoop-ozone/integration-test/target/test-dir/MiniOzoneClusterImpl-c8b7cd83-0e57-465d-97b8-61911a739100/datanode-1/data/ratis/3b535736-07c2-422f-b0cf-bf26bac9ae4a/current/log_inprogress_0
2019-10-21 02:29:24,183 [362bf6f2-6346-45ec-a082-70363f8280ae@group-67F7AF697F6D-LeaderElection4] INFO  impl.LeaderElection (LeaderElection.java:askForVotes(178)) - 362bf6f2-6346-45ec-a082-70363f8280ae@group-67F7AF697F6D-LeaderElection4: begin an election at term 1 for -1: [362bf6f2-6346-45ec-a082-70363f8280ae:192.168.34.9:35652, ac8ed8dc-cc65-4955-8554-44832c5ac660:192.168.34.9:41064, b7b971f5-ac02-44ee-b003-ffac35d098a9:192.168.34.9:37715], old=null
2019-10-21 02:29:24,196 [ac8ed8dc-cc65-4955-8554-44832c5ac660@group-67F7AF697F6D-LeaderElection2] INFO  impl.LeaderElection (LeaderElection.java:logAndReturn(56)) - ac8ed8dc-cc65-4955-8554-44832c5ac660@group-67F7AF697F6D-LeaderElection2: Election REJECTED; received 2 response(s) [ac8ed8dc-cc65-4955-8554-44832c5ac660<-362bf6f2-6346-45ec-a082-70363f8280ae#0:FAIL-t1, ac8ed8dc-cc65-4955-8554-44832c5ac660<-b7b971f5-ac02-44ee-b003-ffac35d098a9#0:FAIL-t1] and 0 exception(s); ac8ed8dc-cc65-4955-8554-44832c5ac660@group-67F7AF697F6D:t1, leader=null, voted=ac8ed8dc-cc65-4955-8554-44832c5ac660, raftlog=ac8ed8dc-cc65-4955-8554-44832c5ac660@group-67F7AF697F6D-SegmentedRaftLog:OPENED:c-1,f-1,i0, conf=-1: [362bf6f2-6346-45ec-a082-70363f8280ae:192.168.34.9:35652, ac8ed8dc-cc65-4955-8554-44832c5ac660:192.168.34.9:41064, b7b971f5-ac02-44ee-b003-ffac35d098a9:192.168.34.9:37715], old=null
2019-10-21 02:29:24,198 [ac8ed8dc-cc65-4955-8554-44832c5ac660@group-67F7AF697F6D-LeaderElection2] INFO  impl.RaftServerImpl (RaftServerImpl.java:setRole(173)) - ac8ed8dc-cc65-4955-8554-44832c5ac660@group-67F7AF697F6D: changes role from CANDIDATE to FOLLOWER at term 1 for DISCOVERED_A_NEW_TERM
2019-10-21 02:29:24,198 [ac8ed8dc-cc65-4955-8554-44832c5ac660@group-67F7AF697F6D-LeaderElection2] INFO  impl.RoleInfo (RoleInfo.java:shutdownLeaderElection(134)) - ac8ed8dc-cc65-4955-8554-44832c5ac660: shutdown LeaderElection
2019-10-21 02:29:24,198 [ac8ed8dc-cc65-4955-8554-44832c5ac660@group-67F7AF697F6D-LeaderElection2] INFO  impl.RoleInfo (RoleInfo.java:updateAndGet(143)) - ac8ed8dc-cc65-4955-8554-44832c5ac660: start FollowerState
2019-10-21 02:29:24,208 [b7b971f5-ac02-44ee-b003-ffac35d098a9@group-67F7AF697F6D-LeaderElection3] INFO  impl.LeaderElection (LeaderElection.java:logAndReturn(56)) - b7b971f5-ac02-44ee-b003-ffac35d098a9@group-67F7AF697F6D-LeaderElection3: Election REJECTED; received 2 response(s) [b7b971f5-ac02-44ee-b003-ffac35d098a9<-362bf6f2-6346-45ec-a082-70363f8280ae#0:FAIL-t1, b7b971f5-ac02-44ee-b003-ffac35d098a9<-ac8ed8dc-cc65-4955-8554-44832c5ac660#0:FAIL-t1] and 0 exception(s); b7b971f5-ac02-44ee-b003-ffac35d098a9@group-67F7AF697F6D:t1, leader=null, voted=b7b971f5-ac02-44ee-b003-ffac35d098a9, raftlog=b7b971f5-ac02-44ee-b003-ffac35d098a9@group-67F7AF697F6D-SegmentedRaftLog:OPENED:c-1,f-1,i0, conf=-1: [362bf6f2-6346-45ec-a082-70363f8280ae:192.168.34.9:35652, ac8ed8dc-cc65-4955-8554-44832c5ac660:192.168.34.9:41064, b7b971f5-ac02-44ee-b003-ffac35d098a9:192.168.34.9:37715], old=null
2019-10-21 02:29:24,208 [b7b971f5-ac02-44ee-b003-ffac35d098a9@group-67F7AF697F6D-LeaderElection3] INFO  impl.RaftServerImpl (RaftServerImpl.java:setRole(173)) - b7b971f5-ac02-44ee-b003-ffac35d098a9@group-67F7AF697F6D: changes role from CANDIDATE to FOLLOWER at term 1 for DISCOVERED_A_NEW_TERM
2019-10-21 02:29:24,209 [b7b971f5-ac02-44ee-b003-ffac35d098a9@group-67F7AF697F6D-LeaderElection3] INFO  impl.RoleInfo (RoleInfo.java:shutdownLeaderElection(134)) - b7b971f5-ac02-44ee-b003-ffac35d098a9: shutdown LeaderElection
2019-10-21 02:29:24,209 [362bf6f2-6346-45ec-a082-70363f8280ae@group-67F7AF697F6D-LeaderElection4] INFO  impl.LeaderElection (LeaderElection.java:logAndReturn(56)) - 362bf6f2-6346-45ec-a082-70363f8280ae@group-67F7AF697F6D-LeaderElection4: Election REJECTED; received 2 response(s) [362bf6f2-6346-45ec-a082-70363f8280ae<-ac8ed8dc-cc65-4955-8554-44832c5ac660#0:FAIL-t1, 362bf6f2-6346-45ec-a082-70363f8280ae<-b7b971f5-ac02-44ee-b003-ffac35d098a9#0:FAIL-t1] and 0 exception(s); 362bf6f2-6346-45ec-a082-70363f8280ae@group-67F7AF697F6D:t1, leader=null, voted=362bf6f2-6346-45ec-a082-70363f8280ae, raftlog=362bf6f2-6346-45ec-a082-70363f8280ae@group-67F7AF697F6D-SegmentedRaftLog:OPENED:c-1,f-1,i0, conf=-1: [362bf6f2-6346-45ec-a082-70363f8280ae:192.168.34.9:35652, ac8ed8dc-cc65-4955-8554-44832c5ac660:192.168.34.9:41064, b7b971f5-ac02-44ee-b003-ffac35d098a9:192.168.34.9:37715], old=null
2019-10-21 02:29:24,210 [b7b971f5-ac02-44ee-b003-ffac35d098a9@group-67F7AF697F6D-LeaderElection3] INFO  impl.RoleInfo (RoleInfo.java:updateAndGet(143)) - b7b971f5-ac02-44ee-b003-ffac35d098a9: start FollowerState
2019-10-21 02:29:24,210 [362bf6f2-6346-45ec-a082-70363f8280ae@group-67F7AF697F6D-LeaderElection4] INFO  impl.RaftServerImpl (RaftServerImpl.java:setRole(173)) - 362bf6f2-6346-45ec-a082-70363f8280ae@group-67F7AF697F6D: changes role from CANDIDATE to FOLLOWER at term 1 for DISCOVERED_A_NEW_TERM
2019-10-21 02:29:24,211 [362bf6f2-6346-45ec-a082-70363f8280ae@group-67F7AF697F6D-LeaderElection4] INFO  impl.RoleInfo (RoleInfo.java:shutdownLeaderElection(134)) - 362bf6f2-6346-45ec-a082-70363f8280ae: shutdown LeaderElection
2019-10-21 02:29:24,211 [362bf6f2-6346-45ec-a082-70363f8280ae@group-67F7AF697F6D-LeaderElection4] INFO  impl.RoleInfo (RoleInfo.java:updateAndGet(143)) - 362bf6f2-6346-45ec-a082-70363f8280ae: start FollowerState
2019-10-21 02:29:24,213 [Thread-216] INFO  impl.FollowerState (FollowerState.java:run(111)) - 362bf6f2-6346-45ec-a082-70363f8280ae@group-F2F581D6DA75-FollowerState: change to CANDIDATE, lastRpcTime:5018ms, electionTimeout:5018ms
2019-10-21 02:29:24,213 [Thread-216] INFO  impl.RoleInfo (RoleInfo.java:shutdownFollowerState(121)) - 362bf6f2-6346-45ec-a082-70363f8280ae: shutdown FollowerState
2019-10-21 02:29:24,213 [Thread-216] INFO  impl.RaftServerImpl (RaftServerImpl.java:setRole(173)) - 362bf6f2-6346-45ec-a082-70363f8280ae@group-F2F581D6DA75: changes role from  FOLLOWER to CANDIDATE at term 0 for changeToCandidate
2019-10-21 02:29:24,213 [Thread-216] INFO  impl.RoleInfo (RoleInfo.java:updateAndGet(143)) - 362bf6f2-6346-45ec-a082-70363f8280ae: start LeaderElection
2019-10-21 02:29:24,241 [362bf6f2-6346-45ec-a082-70363f8280ae@group-F2F581D6DA75-LeaderElection5] INFO  impl.LeaderElection (LeaderElection.java:askForVotes(178)) - 362bf6f2-6346-45ec-a082-70363f8280ae@group-F2F581D6DA75-LeaderElection5: begin an election at term 1 for -1: [362bf6f2-6346-45ec-a082-70363f8280ae:192.168.34.9:35652], old=null
2019-10-21 02:29:24,242 [362bf6f2-6346-45ec-a082-70363f8280ae@group-F2F581D6DA75-LeaderElection5] INFO  impl.RoleInfo (RoleInfo.java:shutdownLeaderElection(134)) - 362bf6f2-6346-45ec-a082-70363f8280ae: shutdown LeaderElection
2019-10-21 02:29:24,242 [362bf6f2-6346-45ec-a082-70363f8280ae@group-F2F581D6DA75-LeaderElection5] INFO  impl.RaftServerImpl (RaftServerImpl.java:setRole(173)) - 362bf6f2-6346-45ec-a082-70363f8280ae@group-F2F581D6DA75: changes role from CANDIDATE to LEADER at term 1 for changeToLeader
2019-10-21 02:29:24,242 [362bf6f2-6346-45ec-a082-70363f8280ae@group-F2F581D6DA75-LeaderElection5] INFO  ratis.XceiverServerRatis (XceiverServerRatis.java:handleLeaderChangedNotification(701)) - Leader change notification received for group: group-F2F581D6DA75 with new leaderId: 362bf6f2-6346-45ec-a082-70363f8280ae
2019-10-21 02:29:24,243 [362bf6f2-6346-45ec-a082-70363f8280ae@group-F2F581D6DA75-LeaderElection5] INFO  impl.RaftServerImpl (ServerState.java:setLeader(255)) - 362bf6f2-6346-45ec-a082-70363f8280ae@group-F2F581D6DA75: change Leader from null to 362bf6f2-6346-45ec-a082-70363f8280ae at term 1 for becomeLeader, leader elected after 5052ms
2019-10-21 02:29:24,243 [362bf6f2-6346-45ec-a082-70363f8280ae@group-F2F581D6DA75-LeaderElection5] INFO  server.RaftServerConfigKeys (ConfUtils.java:logGet(43)) - raft.server.staging.catchup.gap = 1000 (default)
2019-10-21 02:29:24,244 [362bf6f2-6346-45ec-a082-70363f8280ae@group-F2F581D6DA75-LeaderElection5] INFO  server.RaftServerConfigKeys (ConfUtils.java:logGet(43)) - raft.server.rpc.sleep.time = 25ms (default)
2019-10-21 02:29:24,244 [362bf6f2-6346-45ec-a082-70363f8280ae@group-F2F581D6DA75-LeaderElection5] INFO  server.RaftServerConfigKeys (ConfUtils.java:logGet(43)) - raft.server.write.element-limit = 4096 (default)
2019-10-21 02:29:24,245 [362bf6f2-6346-45ec-a082-70363f8280ae@group-F2F581D6DA75-LeaderElection5] INFO  server.RaftServerConfigKeys (ConfUtils.java:logGet(43)) - raft.server.watch.timeout = 10s (default)
2019-10-21 02:29:24,245 [362bf6f2-6346-45ec-a082-70363f8280ae@group-F2F581D6DA75-LeaderElection5] INFO  server.RaftServerConfigKeys (ConfUtils.java:logGet(43)) - raft.server.watch.timeout.denomination = 1s (default)
2019-10-21 02:29:24,245 [362bf6f2-6346-45ec-a082-70363f8280ae@group-F2F581D6DA75-LeaderElection5] INFO  server.RaftServerConfigKeys (ConfUtils.java:logGet(43)) - raft.server.watch.element-limit = 65536 (default)
2019-10-21 02:29:24,246 [EventQueue-PipelineReportForPipelineReportHandler] INFO  pipeline.PipelineReportHandler (PipelineReportHandler.java:processPipelineReport(105)) - Pipeline PipelineID=2cf183f1-7659-44a8-bb20-67f7af697f6d reported by 362bf6f2-6346-45ec-a082-70363f8280ae{ip: 192.168.34.9, host: pr-hdds-1868-8w4sl-2612808232, networkLocation: /default-rack, certSerialId: null} with leaderId 
2019-10-21 02:29:24,246 [362bf6f2-6346-45ec-a082-70363f8280ae@group-F2F581D6DA75-LeaderElection5] INFO  impl.RoleInfo (RoleInfo.java:updateAndGet(143)) - 362bf6f2-6346-45ec-a082-70363f8280ae: start LeaderState
2019-10-21 02:29:24,246 [EventQueue-PipelineReportForPipelineReportHandler] INFO  pipeline.PipelineReportHandler (PipelineReportHandler.java:processPipelineReport(105)) - Pipeline PipelineID=1d2db723-2165-4b6a-8df9-f2f581d6da75 reported by 362bf6f2-6346-45ec-a082-70363f8280ae{ip: 192.168.34.9, host: pr-hdds-1868-8w4sl-2612808232, networkLocation: /default-rack, certSerialId: null} with leaderId 362bf6f2-6346-45ec-a082-70363f8280ae
2019-10-21 02:29:24,246 [EventQueue-PipelineReportForPipelineReportHandler] INFO  pipeline.SCMPipelineManager (SCMPipelineManager.java:processReportedLeaderInfo(318)) - Opening pipeline PipelineID=1d2db723-2165-4b6a-8df9-f2f581d6da75 with reported leader <ByteString@4c84d145 size=36>
2019-10-21 02:29:24,246 [362bf6f2-6346-45ec-a082-70363f8280ae@group-F2F581D6DA75-LeaderElection5] INFO  segmented.SegmentedRaftLogWorker (SegmentedRaftLogWorker.java:startLogSegment(385)) - 362bf6f2-6346-45ec-a082-70363f8280ae@group-F2F581D6DA75-SegmentedRaftLogWorker: Starting segment from index:0
2019-10-21 02:29:24,247 [EventQueue-PipelineReportForPipelineReportHandler] INFO  pipeline.PipelineStateManager (PipelineStateManager.java:openPipeline(134)) - Pipeline Pipeline[ Id: 1d2db723-2165-4b6a-8df9-f2f581d6da75, Nodes: 362bf6f2-6346-45ec-a082-70363f8280ae{ip: 192.168.34.9, host: pr-hdds-1868-8w4sl-2612808232, networkLocation: /default-rack, certSerialId: null}, Type:RATIS, Factor:ONE, State:OPEN] moved to OPEN state
2019-10-21 02:29:24,247 [362bf6f2-6346-45ec-a082-70363f8280ae@group-F2F581D6DA75-LeaderElection5] INFO  impl.RaftServerImpl (ServerState.java:setRaftConf(356)) - 362bf6f2-6346-45ec-a082-70363f8280ae@group-F2F581D6DA75: set configuration 0: [362bf6f2-6346-45ec-a082-70363f8280ae:192.168.34.9:35652], old=null at 0
2019-10-21 02:29:24,309 [362bf6f2-6346-45ec-a082-70363f8280ae@group-F2F581D6DA75-SegmentedRaftLogWorker] INFO  segmented.SegmentedRaftLogWorker (SegmentedRaftLogWorker.java:execute(576)) - 362bf6f2-6346-45ec-a082-70363f8280ae@group-F2F581D6DA75-SegmentedRaftLogWorker: created new log segment /workdir/hadoop-ozone/integration-test/target/test-dir/MiniOzoneClusterImpl-c8b7cd83-0e57-465d-97b8-61911a739100/datanode-0/data/ratis/1d2db723-2165-4b6a-8df9-f2f581d6da75/current/log_inprogress_0
2019-10-21 02:29:24,341 [Thread-220] INFO  impl.FollowerState (FollowerState.java:run(111)) - b7b971f5-ac02-44ee-b003-ffac35d098a9@group-1BEA1CCC6ABD-FollowerState: change to CANDIDATE, lastRpcTime:5045ms, electionTimeout:5045ms
2019-10-21 02:29:24,341 [Thread-220] INFO  impl.RoleInfo (RoleInfo.java:shutdownFollowerState(121)) - b7b971f5-ac02-44ee-b003-ffac35d098a9: shutdown FollowerState
2019-10-21 02:29:24,341 [Thread-220] INFO  impl.RaftServerImpl (RaftServerImpl.java:setRole(173)) - b7b971f5-ac02-44ee-b003-ffac35d098a9@group-1BEA1CCC6ABD: changes role from  FOLLOWER to CANDIDATE at term 0 for changeToCandidate
2019-10-21 02:29:24,341 [Thread-220] INFO  impl.RoleInfo (RoleInfo.java:updateAndGet(143)) - b7b971f5-ac02-44ee-b003-ffac35d098a9: start LeaderElection
2019-10-21 02:29:24,368 [b7b971f5-ac02-44ee-b003-ffac35d098a9@group-1BEA1CCC6ABD-LeaderElection6] INFO  impl.LeaderElection (LeaderElection.java:askForVotes(178)) - b7b971f5-ac02-44ee-b003-ffac35d098a9@group-1BEA1CCC6ABD-LeaderElection6: begin an election at term 1 for -1: [b7b971f5-ac02-44ee-b003-ffac35d098a9:192.168.34.9:37715], old=null
2019-10-21 02:29:24,368 [b7b971f5-ac02-44ee-b003-ffac35d098a9@group-1BEA1CCC6ABD-LeaderElection6] INFO  impl.RoleInfo (RoleInfo.java:shutdownLeaderElection(134)) - b7b971f5-ac02-44ee-b003-ffac35d098a9: shutdown LeaderElection
2019-10-21 02:29:24,369 [b7b971f5-ac02-44ee-b003-ffac35d098a9@group-1BEA1CCC6ABD-LeaderElection6] INFO  impl.RaftServerImpl (RaftServerImpl.java:setRole(173)) - b7b971f5-ac02-44ee-b003-ffac35d098a9@group-1BEA1CCC6ABD: changes role from CANDIDATE to LEADER at term 1 for changeToLeader
2019-10-21 02:29:24,369 [b7b971f5-ac02-44ee-b003-ffac35d098a9@group-1BEA1CCC6ABD-LeaderElection6] INFO  ratis.XceiverServerRatis (XceiverServerRatis.java:handleLeaderChangedNotification(701)) - Leader change notification received for group: group-1BEA1CCC6ABD with new leaderId: b7b971f5-ac02-44ee-b003-ffac35d098a9
2019-10-21 02:29:24,370 [b7b971f5-ac02-44ee-b003-ffac35d098a9@group-1BEA1CCC6ABD-LeaderElection6] INFO  impl.RaftServerImpl (ServerState.java:setLeader(255)) - b7b971f5-ac02-44ee-b003-ffac35d098a9@group-1BEA1CCC6ABD: change Leader from null to b7b971f5-ac02-44ee-b003-ffac35d098a9 at term 1 for becomeLeader, leader elected after 5078ms
2019-10-21 02:29:24,370 [b7b971f5-ac02-44ee-b003-ffac35d098a9@group-1BEA1CCC6ABD-LeaderElection6] INFO  server.RaftServerConfigKeys (ConfUtils.java:logGet(43)) - raft.server.staging.catchup.gap = 1000 (default)
2019-10-21 02:29:24,371 [b7b971f5-ac02-44ee-b003-ffac35d098a9@group-1BEA1CCC6ABD-LeaderElection6] INFO  server.RaftServerConfigKeys (ConfUtils.java:logGet(43)) - raft.server.rpc.sleep.time = 25ms (default)
2019-10-21 02:29:24,371 [b7b971f5-ac02-44ee-b003-ffac35d098a9@group-1BEA1CCC6ABD-LeaderElection6] INFO  server.RaftServerConfigKeys (ConfUtils.java:logGet(43)) - raft.server.write.element-limit = 4096 (default)
2019-10-21 02:29:24,372 [b7b971f5-ac02-44ee-b003-ffac35d098a9@group-1BEA1CCC6ABD-LeaderElection6] INFO  server.RaftServerConfigKeys (ConfUtils.java:logGet(43)) - raft.server.watch.timeout = 10s (default)
2019-10-21 02:29:24,372 [b7b971f5-ac02-44ee-b003-ffac35d098a9@group-1BEA1CCC6ABD-LeaderElection6] INFO  server.RaftServerConfigKeys (ConfUtils.java:logGet(43)) - raft.server.watch.timeout.denomination = 1s (default)
2019-10-21 02:29:24,372 [b7b971f5-ac02-44ee-b003-ffac35d098a9@group-1BEA1CCC6ABD-LeaderElection6] INFO  server.RaftServerConfigKeys (ConfUtils.java:logGet(43)) - raft.server.watch.element-limit = 65536 (default)
2019-10-21 02:29:24,373 [b7b971f5-ac02-44ee-b003-ffac35d098a9@group-1BEA1CCC6ABD-LeaderElection6] INFO  impl.RoleInfo (RoleInfo.java:updateAndGet(143)) - b7b971f5-ac02-44ee-b003-ffac35d098a9: start LeaderState
2019-10-21 02:29:24,373 [EventQueue-PipelineReportForPipelineReportHandler] INFO  pipeline.PipelineReportHandler (PipelineReportHandler.java:processPipelineReport(105)) - Pipeline PipelineID=2cf183f1-7659-44a8-bb20-67f7af697f6d reported by b7b971f5-ac02-44ee-b003-ffac35d098a9{ip: 192.168.34.9, host: pr-hdds-1868-8w4sl-2612808232, networkLocation: /default-rack, certSerialId: null} with leaderId 
2019-10-21 02:29:24,374 [b7b971f5-ac02-44ee-b003-ffac35d098a9@group-1BEA1CCC6ABD-LeaderElection6] INFO  segmented.SegmentedRaftLogWorker (SegmentedRaftLogWorker.java:startLogSegment(385)) - b7b971f5-ac02-44ee-b003-ffac35d098a9@group-1BEA1CCC6ABD-SegmentedRaftLogWorker: Starting segment from index:0
2019-10-21 02:29:24,374 [EventQueue-PipelineReportForPipelineReportHandler] INFO  pipeline.SCMPipelineManager (SCMPipelineManager.java:processReportedLeaderInfo(318)) - Opening pipeline PipelineID=2cf183f1-7659-44a8-bb20-67f7af697f6d with reported leader <ByteString@7b0903c6 size=0>
2019-10-21 02:29:24,374 [EventQueue-PipelineReportForPipelineReportHandler] INFO  pipeline.PipelineStateManager (PipelineStateManager.java:openPipeline(134)) - Pipeline Pipeline[ Id: 2cf183f1-7659-44a8-bb20-67f7af697f6d, Nodes: b7b971f5-ac02-44ee-b003-ffac35d098a9{ip: 192.168.34.9, host: pr-hdds-1868-8w4sl-2612808232, networkLocation: /default-rack, certSerialId: null}362bf6f2-6346-45ec-a082-70363f8280ae{ip: 192.168.34.9, host: pr-hdds-1868-8w4sl-2612808232, networkLocation: /default-rack, certSerialId: null}ac8ed8dc-cc65-4955-8554-44832c5ac660{ip: 192.168.34.9, host: pr-hdds-1868-8w4sl-2612808232, networkLocation: /default-rack, certSerialId: null}, Type:RATIS, Factor:THREE, State:OPEN] moved to OPEN state
2019-10-21 02:29:24,374 [EventQueue-PipelineReportForPipelineReportHandler] INFO  pipeline.PipelineReportHandler (PipelineReportHandler.java:processPipelineReport(105)) - Pipeline PipelineID=7b836481-2f39-441a-ac10-1bea1ccc6abd reported by b7b971f5-ac02-44ee-b003-ffac35d098a9{ip: 192.168.34.9, host: pr-hdds-1868-8w4sl-2612808232, networkLocation: /default-rack, certSerialId: null} with leaderId b7b971f5-ac02-44ee-b003-ffac35d098a9
2019-10-21 02:29:24,375 [EventQueue-PipelineReportForPipelineReportHandler] INFO  pipeline.SCMPipelineManager (SCMPipelineManager.java:processReportedLeaderInfo(318)) - Opening pipeline PipelineID=7b836481-2f39-441a-ac10-1bea1ccc6abd with reported leader <ByteString@1d1c975f size=36>
2019-10-21 02:29:24,375 [b7b971f5-ac02-44ee-b003-ffac35d098a9@group-1BEA1CCC6ABD-LeaderElection6] INFO  impl.RaftServerImpl (ServerState.java:setRaftConf(356)) - b7b971f5-ac02-44ee-b003-ffac35d098a9@group-1BEA1CCC6ABD: set configuration 0: [b7b971f5-ac02-44ee-b003-ffac35d098a9:192.168.34.9:37715], old=null at 0
2019-10-21 02:29:24,410 [EventQueue-PipelineReportForPipelineReportHandler] INFO  pipeline.PipelineStateManager (PipelineStateManager.java:openPipeline(134)) - Pipeline Pipeline[ Id: 7b836481-2f39-441a-ac10-1bea1ccc6abd, Nodes: b7b971f5-ac02-44ee-b003-ffac35d098a9{ip: 192.168.34.9, host: pr-hdds-1868-8w4sl-2612808232, networkLocation: /default-rack, certSerialId: null}, Type:RATIS, Factor:ONE, State:OPEN] moved to OPEN state
2019-10-21 02:29:24,435 [b7b971f5-ac02-44ee-b003-ffac35d098a9@group-1BEA1CCC6ABD-SegmentedRaftLogWorker] INFO  segmented.SegmentedRaftLogWorker (SegmentedRaftLogWorker.java:execute(576)) - b7b971f5-ac02-44ee-b003-ffac35d098a9@group-1BEA1CCC6ABD-SegmentedRaftLogWorker: created new log segment /workdir/hadoop-ozone/integration-test/target/test-dir/MiniOzoneClusterImpl-c8b7cd83-0e57-465d-97b8-61911a739100/datanode-2/data/ratis/7b836481-2f39-441a-ac10-1bea1ccc6abd/current/log_inprogress_0
2019-10-21 02:29:24,939 [main] INFO  ozone.MiniOzoneClusterImpl (MiniOzoneClusterImpl.java:lambda$waitForClusterToBeReady$2(170)) - Cluster is ready. Got 3 of 3 DN Heartbeats.
2019-10-21 02:29:24,946 [main] INFO  pipeline.SCMPipelineManager (SCMPipelineManager.java:finalizeAndDestroyPipeline(348)) - destroying pipeline:Pipeline[ Id: 3b535736-07c2-422f-b0cf-bf26bac9ae4a, Nodes: ac8ed8dc-cc65-4955-8554-44832c5ac660{ip: 192.168.34.9, host: pr-hdds-1868-8w4sl-2612808232, networkLocation: /default-rack, certSerialId: null}, Type:RATIS, Factor:ONE, State:OPEN]
2019-10-21 02:29:24,946 [main] INFO  pipeline.PipelineStateManager (PipelineStateManager.java:finalizePipeline(121)) - Pipeline Pipeline[ Id: 3b535736-07c2-422f-b0cf-bf26bac9ae4a, Nodes: ac8ed8dc-cc65-4955-8554-44832c5ac660{ip: 192.168.34.9, host: pr-hdds-1868-8w4sl-2612808232, networkLocation: /default-rack, certSerialId: null}, Type:RATIS, Factor:ONE, State:CLOSED] moved to CLOSED state
2019-10-21 02:29:24,962 [grpc-default-executor-3] INFO  impl.RaftServerProxy (RaftServerProxy.java:remove(95)) - ac8ed8dc-cc65-4955-8554-44832c5ac660: remove    LEADER ac8ed8dc-cc65-4955-8554-44832c5ac660@group-BF26BAC9AE4A:t1, leader=ac8ed8dc-cc65-4955-8554-44832c5ac660, voted=ac8ed8dc-cc65-4955-8554-44832c5ac660, raftlog=ac8ed8dc-cc65-4955-8554-44832c5ac660@group-BF26BAC9AE4A-SegmentedRaftLog:OPENED:c0,f0,i0, conf=0: [ac8ed8dc-cc65-4955-8554-44832c5ac660:192.168.34.9:41064], old=null RUNNING
2019-10-21 02:29:24,965 [grpc-default-executor-3] INFO  impl.RaftServerImpl (RaftServerImpl.java:lambda$shutdown$3(250)) - ac8ed8dc-cc65-4955-8554-44832c5ac660@group-BF26BAC9AE4A: shutdown
2019-10-21 02:29:24,965 [grpc-default-executor-3] INFO  util.JmxRegister (JmxRegister.java:unregister(73)) - Successfully un-registered JMX Bean with object name Ratis:service=RaftServer,group=group-BF26BAC9AE4A,id=ac8ed8dc-cc65-4955-8554-44832c5ac660
2019-10-21 02:29:24,965 [grpc-default-executor-3] INFO  impl.RoleInfo (RoleInfo.java:shutdownLeaderState(104)) - ac8ed8dc-cc65-4955-8554-44832c5ac660: shutdown LeaderState
2019-10-21 02:29:24,966 [grpc-default-executor-3] INFO  impl.PendingRequests (PendingRequests.java:sendNotLeaderResponses(206)) - ac8ed8dc-cc65-4955-8554-44832c5ac660@group-BF26BAC9AE4A-PendingRequests: sendNotLeaderResponses
2019-10-21 02:29:24,968 [grpc-default-executor-3] INFO  impl.StateMachineUpdater (StateMachineUpdater.java:stopAndJoin(136)) - ac8ed8dc-cc65-4955-8554-44832c5ac660@group-BF26BAC9AE4A-StateMachineUpdater: set stopIndex = 0
2019-10-21 02:29:24,969 [grpc-default-executor-3] INFO  impl.RaftServerImpl (ServerState.java:close(387)) - ac8ed8dc-cc65-4955-8554-44832c5ac660@group-BF26BAC9AE4A: closes. applyIndex: 0
2019-10-21 02:29:24,970 [ac8ed8dc-cc65-4955-8554-44832c5ac660@group-BF26BAC9AE4A-SegmentedRaftLogWorker] INFO  segmented.SegmentedRaftLogWorker (SegmentedRaftLogWorker.java:run(316)) - ac8ed8dc-cc65-4955-8554-44832c5ac660@group-BF26BAC9AE4A-SegmentedRaftLogWorker was interrupted, exiting. There are 0 tasks remaining in the queue.
2019-10-21 02:29:24,972 [grpc-default-executor-3] INFO  segmented.SegmentedRaftLogWorker (SegmentedRaftLogWorker.java:close(224)) - ac8ed8dc-cc65-4955-8554-44832c5ac660@group-BF26BAC9AE4A-SegmentedRaftLogWorker close()
2019-10-21 02:29:24,979 [main] INFO  pipeline.PipelineStateManager (PipelineStateManager.java:removePipeline(106)) - Pipeline Pipeline[ Id: 3b535736-07c2-422f-b0cf-bf26bac9ae4a, Nodes: ac8ed8dc-cc65-4955-8554-44832c5ac660{ip: 192.168.34.9, host: pr-hdds-1868-8w4sl-2612808232, networkLocation: /default-rack, certSerialId: null}, Type:RATIS, Factor:ONE, State:CLOSED] removed from db
2019-10-21 02:29:24,990 [grpc-default-executor-3] INFO  impl.RaftServerProxy (RaftServerProxy.java:addNew(89)) - ac8ed8dc-cc65-4955-8554-44832c5ac660: addNew group-3135A5AA401B:[ac8ed8dc-cc65-4955-8554-44832c5ac660:192.168.34.9:41064] returns group-3135A5AA401B:java.util.concurrent.CompletableFuture@78b84054[Not completed]
2019-10-21 02:29:24,997 [pool-37-thread-1] INFO  impl.RaftServerImpl (RaftServerImpl.java:<init>(98)) - ac8ed8dc-cc65-4955-8554-44832c5ac660: new RaftServerImpl for group-3135A5AA401B:[ac8ed8dc-cc65-4955-8554-44832c5ac660:192.168.34.9:41064] with ContainerStateMachine:uninitialized
2019-10-21 02:29:24,998 [pool-37-thread-1] INFO  server.RaftServerConfigKeys (ConfUtils.java:logGet(43)) - raft.server.rpc.timeout.min = 5s (custom)
2019-10-21 02:29:24,998 [pool-37-thread-1] INFO  server.RaftServerConfigKeys (ConfUtils.java:logGet(43)) - raft.server.rpc.timeout.max = 5200ms (custom)
2019-10-21 02:29:24,998 [pool-37-thread-1] INFO  server.RaftServerConfigKeys (ConfUtils.java:logGet(43)) - raft.server.rpcslowness.timeout = 120s (custom)
2019-10-21 02:29:24,998 [pool-37-thread-1] INFO  server.RaftServerConfigKeys (ConfUtils.java:logGet(43)) - raft.server.sleep.deviation.threshold = 300 (default)
2019-10-21 02:29:24,998 [pool-37-thread-1] INFO  server.RaftServerConfigKeys (ConfUtils.java:logGet(43)) - raft.server.log.appender.install.snapshot.enabled = false (custom)
2019-10-21 02:29:24,999 [pool-37-thread-1] INFO  impl.RaftServerImpl (ServerState.java:<init>(103)) - ac8ed8dc-cc65-4955-8554-44832c5ac660@group-3135A5AA401B: ConfigurationManager, init=-1: [ac8ed8dc-cc65-4955-8554-44832c5ac660:192.168.34.9:41064], old=null, confs=<EMPTY_MAP>
2019-10-21 02:29:25,004 [pool-37-thread-1] INFO  server.RaftServerConfigKeys (ConfUtils.java:logGet(43)) - raft.server.storage.dir = [/workdir/hadoop-ozone/integration-test/target/test-dir/MiniOzoneClusterImpl-c8b7cd83-0e57-465d-97b8-61911a739100/datanode-1/data/ratis] (custom)
2019-10-21 02:29:25,004 [pool-37-thread-1] INFO  server.RaftServerConfigKeys (ConfUtils.java:logGet(43)) - raft.server.log.corruption.policy = EXCEPTION (default)
2019-10-21 02:29:25,005 [pool-37-thread-1] INFO  storage.RaftStorageDirectory (RaftStorageDirectory.java:analyzeStorage(246)) - The storage directory /workdir/hadoop-ozone/integration-test/target/test-dir/MiniOzoneClusterImpl-c8b7cd83-0e57-465d-97b8-61911a739100/datanode-1/data/ratis/501be203-edd7-43fe-969a-3135a5aa401b does not exist. Creating ...
2019-10-21 02:29:25,035 [pool-37-thread-1] INFO  storage.RaftStorageDirectory (RaftStorageDirectory.java:tryLock(328)) - Lock on /workdir/hadoop-ozone/integration-test/target/test-dir/MiniOzoneClusterImpl-c8b7cd83-0e57-465d-97b8-61911a739100/datanode-1/data/ratis/501be203-edd7-43fe-969a-3135a5aa401b/in_use.lock acquired by nodename 18090@pr-hdds-1868-8w4sl-2612808232
2019-10-21 02:29:25,061 [pool-37-thread-1] INFO  storage.RaftStorage (RaftStorage.java:format(84)) - Storage directory /workdir/hadoop-ozone/integration-test/target/test-dir/MiniOzoneClusterImpl-c8b7cd83-0e57-465d-97b8-61911a739100/datanode-1/data/ratis/501be203-edd7-43fe-969a-3135a5aa401b has been successfully formatted.
2019-10-21 02:29:25,061 [pool-37-thread-1] INFO  ratis.ContainerStateMachine (ContainerStateMachine.java:loadSnapshot(233)) - group-3135A5AA401B: The snapshot info is null. Setting the last applied indexto:(t:0, i:~)
2019-10-21 02:29:25,061 [pool-37-thread-1] INFO  server.RaftServerConfigKeys (ConfUtils.java:logGet(43)) - raft.server.notification.no-leader.timeout = 120s (custom)
2019-10-21 02:29:25,062 [pool-37-thread-1] INFO  server.RaftServerConfigKeys (ConfUtils.java:logGet(43)) - raft.server.log.use.memory = false (default)
2019-10-21 02:29:25,062 [pool-37-thread-1] INFO  server.RaftServerConfigKeys (ConfUtils.java:logGet(43)) - raft.server.log.purge.gap = 1000000 (custom)
2019-10-21 02:29:25,062 [pool-37-thread-1] INFO  server.RaftServerConfigKeys (ConfUtils.java:logGet(43)) - raft.server.log.appender.buffer.byte-limit = 33554432 (custom)
2019-10-21 02:29:25,062 [pool-37-thread-1] INFO  server.RaftServerConfigKeys (ConfUtils.java:logGet(43)) - raft.server.log.segment.size.max = 1048576 (custom)
2019-10-21 02:29:25,062 [pool-37-thread-1] INFO  server.RaftServerConfigKeys (ConfUtils.java:logGet(43)) - raft.server.log.segment.cache.num.max = 2 (custom)
2019-10-21 02:29:25,062 [pool-37-thread-1] INFO  segmented.SegmentedRaftLogWorker (SegmentedRaftLogWorker.java:<init>(173)) - new ac8ed8dc-cc65-4955-8554-44832c5ac660@group-3135A5AA401B-SegmentedRaftLogWorker for RaftStorage:Storage Directory /workdir/hadoop-ozone/integration-test/target/test-dir/MiniOzoneClusterImpl-c8b7cd83-0e57-465d-97b8-61911a739100/datanode-1/data/ratis/501be203-edd7-43fe-969a-3135a5aa401b
2019-10-21 02:29:25,062 [pool-37-thread-1] INFO  server.RaftServerConfigKeys (ConfUtils.java:logGet(43)) - raft.server.log.queue.byte-limit = 2147483647 (custom)
2019-10-21 02:29:25,063 [pool-37-thread-1] INFO  server.RaftServerConfigKeys (ConfUtils.java:logGet(43)) - raft.server.log.queue.element-limit = 1024 (custom)
2019-10-21 02:29:25,063 [pool-37-thread-1] INFO  server.RaftServerConfigKeys (ConfUtils.java:logGet(43)) - raft.server.log.segment.size.max = 1048576 (custom)
2019-10-21 02:29:25,063 [pool-37-thread-1] INFO  server.RaftServerConfigKeys (ConfUtils.java:logGet(43)) - raft.server.log.preallocated.size = 16384 (custom)
2019-10-21 02:29:25,063 [pool-37-thread-1] INFO  server.RaftServerConfigKeys (ConfUtils.java:logGet(43)) - raft.server.log.write.buffer.size = 33554432 (custom)
2019-10-21 02:29:25,063 [pool-37-thread-1] INFO  server.RaftServerConfigKeys (ConfUtils.java:logGet(43)) - raft.server.log.force.sync.num = 128 (default)
2019-10-21 02:29:25,063 [pool-37-thread-1] INFO  server.RaftServerConfigKeys (ConfUtils.java:logGet(43)) - raft.server.log.statemachine.data.sync = true (default)
2019-10-21 02:29:25,063 [pool-37-thread-1] INFO  server.RaftServerConfigKeys (ConfUtils.java:logGet(43)) - raft.server.log.statemachine.data.sync.timeout = 10s (default)
2019-10-21 02:29:25,063 [pool-37-thread-1] INFO  server.RaftServerConfigKeys (ConfUtils.java:logGet(43)) - raft.server.log.statemachine.data.sync.timeout.retry = -1 (default)
2019-10-21 02:29:25,064 [pool-37-thread-1] INFO  server.RaftServerConfigKeys (ConfUtils.java:logGet(43)) - raft.server.log.statemachine.data.caching.enabled = true (custom)
2019-10-21 02:29:25,064 [pool-37-thread-1] INFO  segmented.SegmentedRaftLogWorker (SegmentedRaftLogWorker.java:lambda$new$0(128)) - ac8ed8dc-cc65-4955-8554-44832c5ac660@group-3135A5AA401B-SegmentedRaftLogWorker: flushIndex: setUnconditionally 0 -> -1
2019-10-21 02:29:25,064 [pool-37-thread-1] INFO  server.RaftServerConfigKeys (ConfUtils.java:logGet(43)) - raft.server.snapshot.auto.trigger.enabled = true (custom)
2019-10-21 02:29:25,064 [pool-37-thread-1] INFO  server.RaftServerConfigKeys (ConfUtils.java:logGet(43)) - raft.server.snapshot.auto.trigger.threshold = 10000 (custom)
2019-10-21 02:29:25,065 [pool-37-thread-1] INFO  server.RaftServerConfigKeys (ConfUtils.java:logGet(43)) - raft.server.snapshot.retention.file.num = 5 (custom)
2019-10-21 02:29:25,065 [pool-37-thread-1] INFO  server.RaftServerConfigKeys (ConfUtils.java:logGet(43)) - raft.server.retrycache.expirytime = 600000ms (custom)
2019-10-21 02:29:25,065 [pool-37-thread-1] WARN  impl.MetricRegistriesImpl (MetricRegistriesImpl.java:lambda$create$1(61)) - First MetricRegistry has been created without registering reporters. You may need to call MetricRegistries.global().addReportRegistration(...) before.
2019-10-21 02:29:25,065 [pool-37-thread-1] WARN  impl.MetricRegistriesImpl (MetricRegistriesImpl.java:lambda$create$1(61)) - First MetricRegistry has been created without registering reporters. You may need to call MetricRegistries.global().addReportRegistration(...) before.
2019-10-21 02:29:25,065 [pool-37-thread-1] INFO  impl.RaftServerImpl (RaftServerImpl.java:start(184)) - ac8ed8dc-cc65-4955-8554-44832c5ac660@group-3135A5AA401B: start as a follower, conf=-1: [ac8ed8dc-cc65-4955-8554-44832c5ac660:192.168.34.9:41064], old=null
2019-10-21 02:29:25,066 [pool-37-thread-1] INFO  impl.RaftServerImpl (RaftServerImpl.java:setRole(173)) - ac8ed8dc-cc65-4955-8554-44832c5ac660@group-3135A5AA401B: changes role from      null to FOLLOWER at term 0 for startAsFollower
2019-10-21 02:29:25,066 [pool-37-thread-1] INFO  impl.RoleInfo (RoleInfo.java:updateAndGet(143)) - ac8ed8dc-cc65-4955-8554-44832c5ac660: start FollowerState
2019-10-21 02:29:25,066 [pool-37-thread-1] INFO  util.JmxRegister (JmxRegister.java:tryRegister(44)) - Successfully registered JMX Bean with object name Ratis:service=RaftServer,group=group-3135A5AA401B,id=ac8ed8dc-cc65-4955-8554-44832c5ac660
2019-10-21 02:29:25,066 [pool-37-thread-1] WARN  impl.MetricRegistriesImpl (MetricRegistriesImpl.java:lambda$create$1(61)) - First MetricRegistry has been created without registering reporters. You may need to call MetricRegistries.global().addReportRegistration(...) before.
2019-10-21 02:29:25,072 [RatisPipelineUtilsThread] INFO  pipeline.PipelineStateManager (PipelineStateManager.java:addPipeline(55)) - Created pipeline Pipeline[ Id: 501be203-edd7-43fe-969a-3135a5aa401b, Nodes: ac8ed8dc-cc65-4955-8554-44832c5ac660{ip: 192.168.34.9, host: pr-hdds-1868-8w4sl-2612808232, networkLocation: /default-rack, certSerialId: null}, Type:RATIS, Factor:ONE, State:ALLOCATED]
2019-10-21 02:29:25,188 [main] INFO  ozone.MiniOzoneClusterImpl (MiniOzoneClusterImpl.java:shutdown(350)) - Shutting down the Mini Ozone Cluster
2019-10-21 02:29:25,189 [main] INFO  ozone.MiniOzoneClusterImpl (MiniOzoneClusterImpl.java:stop(366)) - Stopping the Mini Ozone Cluster
2019-10-21 02:29:25,189 [main] INFO  ozone.MiniOzoneClusterImpl (MiniOzoneClusterImpl.java:stopOM(436)) - Stopping the OzoneManager
2019-10-21 02:29:25,189 [main] INFO  ipc.Server (Server.java:stop(3082)) - Stopping server on 36275
2019-10-21 02:29:25,196 [IPC Server listener on 36275] INFO  ipc.Server (Server.java:run(1185)) - Stopping IPC Server listener on 36275
2019-10-21 02:29:25,197 [main] INFO  ratis.OzoneManagerDoubleBuffer (OzoneManagerDoubleBuffer.java:stop(250)) - Stopping OMDoubleBuffer flush thread
2019-10-21 02:29:25,199 [IPC Server Responder] INFO  ipc.Server (Server.java:run(1319)) - Stopping IPC Server Responder
2019-10-21 02:29:25,204 [OMDoubleBufferFlushThread] INFO  ratis.OzoneManagerDoubleBuffer (OzoneManagerDoubleBuffer.java:flushTransactions(193)) - OMDoubleBuffer flush thread OMDoubleBufferFlushThread is interrupted and will exit. OMDoubleBufferFlushThread
2019-10-21 02:29:25,205 [main] INFO  utils.BackgroundService (BackgroundService.java:shutdown(151)) - Shutting down service KeyDeletingService
2019-10-21 02:29:25,208 [main] INFO  handler.ContextHandler (ContextHandler.java:doStop(910)) - Stopped o.e.j.w.WebAppContext@783efb48{/,null,UNAVAILABLE}{/ozoneManager}
2019-10-21 02:29:25,214 [main] INFO  server.AbstractConnector (AbstractConnector.java:doStop(318)) - Stopped ServerConnector@5d235104{HTTP/1.1,[http/1.1]}{0.0.0.0:0}
2019-10-21 02:29:25,214 [main] INFO  handler.ContextHandler (ContextHandler.java:doStop(910)) - Stopped o.e.j.s.ServletContextHandler@6ff37443{/static,file:///workdir/hadoop-ozone/integration-test/target/test-classes/webapps/static,UNAVAILABLE}
2019-10-21 02:29:25,214 [main] INFO  handler.ContextHandler (ContextHandler.java:doStop(910)) - Stopped o.e.j.s.ServletContextHandler@7a799159{/logs,file:///workdir/hadoop-ozone/integration-test/target/log,UNAVAILABLE}
2019-10-21 02:29:25,220 [main] INFO  ozone.MiniOzoneClusterImpl (MiniOzoneClusterImpl.java:stopDatanodes(413)) - Stopping the HddsDatanodes
2019-10-21 02:29:25,243 [Datanode State Machine Thread - 0] INFO  statemachine.DatanodeStateMachine (DatanodeStateMachine.java:lambda$startDaemon$0(350)) - Ozone container server started.
2019-10-21 02:29:25,997 [Datanode State Machine Thread - 0] INFO  statemachine.DatanodeStateMachine (DatanodeStateMachine.java:lambda$startDaemon$0(350)) - Ozone container server started.
2019-10-21 02:29:29,290 [Thread-233] INFO  impl.FollowerState (FollowerState.java:run(111)) - ac8ed8dc-cc65-4955-8554-44832c5ac660@group-67F7AF697F6D-FollowerState: change to CANDIDATE, lastRpcTime:5092ms, electionTimeout:5091ms
2019-10-21 02:29:29,291 [Thread-233] INFO  impl.RoleInfo (RoleInfo.java:shutdownFollowerState(121)) - ac8ed8dc-cc65-4955-8554-44832c5ac660: shutdown FollowerState
2019-10-21 02:29:29,291 [Thread-233] INFO  impl.RaftServerImpl (RaftServerImpl.java:setRole(173)) - ac8ed8dc-cc65-4955-8554-44832c5ac660@group-67F7AF697F6D: changes role from  FOLLOWER to CANDIDATE at term 1 for changeToCandidate
2019-10-21 02:29:29,291 [Thread-233] INFO  impl.RoleInfo (RoleInfo.java:updateAndGet(143)) - ac8ed8dc-cc65-4955-8554-44832c5ac660: start LeaderElection
2019-10-21 02:29:29,316 [Thread-234] INFO  impl.FollowerState (FollowerState.java:run(111)) - b7b971f5-ac02-44ee-b003-ffac35d098a9@group-67F7AF697F6D-FollowerState: change to CANDIDATE, lastRpcTime:5106ms, electionTimeout:5105ms
2019-10-21 02:29:29,316 [Thread-234] INFO  impl.RoleInfo (RoleInfo.java:shutdownFollowerState(121)) - b7b971f5-ac02-44ee-b003-ffac35d098a9: shutdown FollowerState
2019-10-21 02:29:29,316 [Thread-234] INFO  impl.RaftServerImpl (RaftServerImpl.java:setRole(173)) - b7b971f5-ac02-44ee-b003-ffac35d098a9@group-67F7AF697F6D: changes role from  FOLLOWER to CANDIDATE at term 1 for changeToCandidate
2019-10-21 02:29:29,317 [Thread-234] INFO  impl.RoleInfo (RoleInfo.java:updateAndGet(143)) - b7b971f5-ac02-44ee-b003-ffac35d098a9: start LeaderElection
2019-10-21 02:29:29,327 [ac8ed8dc-cc65-4955-8554-44832c5ac660@group-67F7AF697F6D-LeaderElection7] INFO  impl.LeaderElection (LeaderElection.java:askForVotes(178)) - ac8ed8dc-cc65-4955-8554-44832c5ac660@group-67F7AF697F6D-LeaderElection7: begin an election at term 2 for -1: [362bf6f2-6346-45ec-a082-70363f8280ae:192.168.34.9:35652, ac8ed8dc-cc65-4955-8554-44832c5ac660:192.168.34.9:41064, b7b971f5-ac02-44ee-b003-ffac35d098a9:192.168.34.9:37715], old=null
2019-10-21 02:29:29,333 [grpc-default-executor-3] INFO  impl.RaftServerImpl (RaftServerImpl.java:setRole(173)) - 362bf6f2-6346-45ec-a082-70363f8280ae@group-67F7AF697F6D: changes role from  FOLLOWER to FOLLOWER at term 2 for recognizeCandidate:ac8ed8dc-cc65-4955-8554-44832c5ac660
2019-10-21 02:29:29,334 [grpc-default-executor-3] INFO  impl.RoleInfo (RoleInfo.java:shutdownFollowerState(121)) - 362bf6f2-6346-45ec-a082-70363f8280ae: shutdown FollowerState
2019-10-21 02:29:29,334 [Thread-235] INFO  impl.FollowerState (FollowerState.java:run(120)) - 362bf6f2-6346-45ec-a082-70363f8280ae@group-67F7AF697F6D-FollowerState was interrupted: java.lang.InterruptedException: sleep interrupted
2019-10-21 02:29:29,334 [grpc-default-executor-3] INFO  impl.RoleInfo (RoleInfo.java:updateAndGet(143)) - 362bf6f2-6346-45ec-a082-70363f8280ae: start FollowerState
2019-10-21 02:29:29,349 [b7b971f5-ac02-44ee-b003-ffac35d098a9@group-67F7AF697F6D-LeaderElection8] INFO  impl.LeaderElection (LeaderElection.java:askForVotes(178)) - b7b971f5-ac02-44ee-b003-ffac35d098a9@group-67F7AF697F6D-LeaderElection8: begin an election at term 2 for -1: [362bf6f2-6346-45ec-a082-70363f8280ae:192.168.34.9:35652, ac8ed8dc-cc65-4955-8554-44832c5ac660:192.168.34.9:41064, b7b971f5-ac02-44ee-b003-ffac35d098a9:192.168.34.9:37715], old=null
2019-10-21 02:29:29,374 [b7b971f5-ac02-44ee-b003-ffac35d098a9@group-67F7AF697F6D-LeaderElection8] INFO  impl.LeaderElection (LeaderElection.java:logAndReturn(56)) - b7b971f5-ac02-44ee-b003-ffac35d098a9@group-67F7AF697F6D-LeaderElection8: Election REJECTED; received 2 response(s) [b7b971f5-ac02-44ee-b003-ffac35d098a9<-362bf6f2-6346-45ec-a082-70363f8280ae#0:FAIL-t2, b7b971f5-ac02-44ee-b003-ffac35d098a9<-ac8ed8dc-cc65-4955-8554-44832c5ac660#0:FAIL-t2] and 0 exception(s); b7b971f5-ac02-44ee-b003-ffac35d098a9@group-67F7AF697F6D:t2, leader=null, voted=b7b971f5-ac02-44ee-b003-ffac35d098a9, raftlog=b7b971f5-ac02-44ee-b003-ffac35d098a9@group-67F7AF697F6D-SegmentedRaftLog:OPENED:c-1,f-1,i0, conf=-1: [362bf6f2-6346-45ec-a082-70363f8280ae:192.168.34.9:35652, ac8ed8dc-cc65-4955-8554-44832c5ac660:192.168.34.9:41064, b7b971f5-ac02-44ee-b003-ffac35d098a9:192.168.34.9:37715], old=null
2019-10-21 02:29:29,375 [b7b971f5-ac02-44ee-b003-ffac35d098a9@group-67F7AF697F6D-LeaderElection8] INFO  impl.RaftServerImpl (RaftServerImpl.java:setRole(173)) - b7b971f5-ac02-44ee-b003-ffac35d098a9@group-67F7AF697F6D: changes role from CANDIDATE to FOLLOWER at term 2 for DISCOVERED_A_NEW_TERM
2019-10-21 02:29:29,381 [b7b971f5-ac02-44ee-b003-ffac35d098a9@group-67F7AF697F6D-LeaderElection8] INFO  impl.RoleInfo (RoleInfo.java:shutdownLeaderElection(134)) - b7b971f5-ac02-44ee-b003-ffac35d098a9: shutdown LeaderElection
2019-10-21 02:29:29,381 [ac8ed8dc-cc65-4955-8554-44832c5ac660@group-67F7AF697F6D-LeaderElection7] INFO  impl.LeaderElection (LeaderElection.java:logAndReturn(56)) - ac8ed8dc-cc65-4955-8554-44832c5ac660@group-67F7AF697F6D-LeaderElection7: Election PASSED; received 2 response(s) [ac8ed8dc-cc65-4955-8554-44832c5ac660<-362bf6f2-6346-45ec-a082-70363f8280ae#0:OK-t2, ac8ed8dc-cc65-4955-8554-44832c5ac660<-b7b971f5-ac02-44ee-b003-ffac35d098a9#0:FAIL-t2] and 0 exception(s); ac8ed8dc-cc65-4955-8554-44832c5ac660@group-67F7AF697F6D:t2, leader=null, voted=ac8ed8dc-cc65-4955-8554-44832c5ac660, raftlog=ac8ed8dc-cc65-4955-8554-44832c5ac660@group-67F7AF697F6D-SegmentedRaftLog:OPENED:c-1,f-1,i0, conf=-1: [362bf6f2-6346-45ec-a082-70363f8280ae:192.168.34.9:35652, ac8ed8dc-cc65-4955-8554-44832c5ac660:192.168.34.9:41064, b7b971f5-ac02-44ee-b003-ffac35d098a9:192.168.34.9:37715], old=null
2019-10-21 02:29:29,382 [b7b971f5-ac02-44ee-b003-ffac35d098a9@group-67F7AF697F6D-LeaderElection8] INFO  impl.RoleInfo (RoleInfo.java:updateAndGet(143)) - b7b971f5-ac02-44ee-b003-ffac35d098a9: start FollowerState
2019-10-21 02:29:29,382 [ac8ed8dc-cc65-4955-8554-44832c5ac660@group-67F7AF697F6D-LeaderElection7] INFO  impl.RoleInfo (RoleInfo.java:shutdownLeaderElection(134)) - ac8ed8dc-cc65-4955-8554-44832c5ac660: shutdown LeaderElection
2019-10-21 02:29:29,383 [ac8ed8dc-cc65-4955-8554-44832c5ac660@group-67F7AF697F6D-LeaderElection7] INFO  impl.RaftServerImpl (RaftServerImpl.java:setRole(173)) - ac8ed8dc-cc65-4955-8554-44832c5ac660@group-67F7AF697F6D: changes role from CANDIDATE to LEADER at term 2 for changeToLeader
2019-10-21 02:29:29,383 [ac8ed8dc-cc65-4955-8554-44832c5ac660@group-67F7AF697F6D-LeaderElection7] INFO  ratis.XceiverServerRatis (XceiverServerRatis.java:handleLeaderChangedNotification(701)) - Leader change notification received for group: group-67F7AF697F6D with new leaderId: ac8ed8dc-cc65-4955-8554-44832c5ac660
2019-10-21 02:29:29,384 [ac8ed8dc-cc65-4955-8554-44832c5ac660@group-67F7AF697F6D-LeaderElection7] INFO  impl.RaftServerImpl (ServerState.java:setLeader(255)) - ac8ed8dc-cc65-4955-8554-44832c5ac660@group-67F7AF697F6D: change Leader from null to ac8ed8dc-cc65-4955-8554-44832c5ac660 at term 2 for becomeLeader, leader elected after 10294ms
2019-10-21 02:29:29,384 [ac8ed8dc-cc65-4955-8554-44832c5ac660@group-67F7AF697F6D-LeaderElection7] INFO  server.RaftServerConfigKeys (ConfUtils.java:logGet(43)) - raft.server.staging.catchup.gap = 1000 (default)
2019-10-21 02:29:29,384 [ac8ed8dc-cc65-4955-8554-44832c5ac660@group-67F7AF697F6D-LeaderElection7] INFO  server.RaftServerConfigKeys (ConfUtils.java:logGet(43)) - raft.server.rpc.sleep.time = 25ms (default)
2019-10-21 02:29:29,384 [ac8ed8dc-cc65-4955-8554-44832c5ac660@group-67F7AF697F6D-LeaderElection7] INFO  server.RaftServerConfigKeys (ConfUtils.java:logGet(43)) - raft.server.write.element-limit = 4096 (default)
2019-10-21 02:29:29,384 [ac8ed8dc-cc65-4955-8554-44832c5ac660@group-67F7AF697F6D-LeaderElection7] INFO  server.RaftServerConfigKeys (ConfUtils.java:logGet(43)) - raft.server.watch.timeout = 10s (default)
2019-10-21 02:29:29,384 [ac8ed8dc-cc65-4955-8554-44832c5ac660@group-67F7AF697F6D-LeaderElection7] INFO  server.RaftServerConfigKeys (ConfUtils.java:logGet(43)) - raft.server.watch.timeout.denomination = 1s (default)
2019-10-21 02:29:29,385 [ac8ed8dc-cc65-4955-8554-44832c5ac660@group-67F7AF697F6D-LeaderElection7] INFO  server.RaftServerConfigKeys (ConfUtils.java:logGet(43)) - raft.server.watch.element-limit = 65536 (default)
2019-10-21 02:29:29,388 [ac8ed8dc-cc65-4955-8554-44832c5ac660@group-67F7AF697F6D-LeaderElection7] INFO  server.RaftServerConfigKeys (ConfUtils.java:logGet(43)) - raft.server.log.appender.snapshot.chunk.size.max = 16MB (=16777216) (default)
2019-10-21 02:29:29,389 [ac8ed8dc-cc65-4955-8554-44832c5ac660@group-67F7AF697F6D-LeaderElection7] INFO  server.RaftServerConfigKeys (ConfUtils.java:logGet(43)) - raft.server.log.appender.buffer.byte-limit = 33554432 (custom)
2019-10-21 02:29:29,389 [ac8ed8dc-cc65-4955-8554-44832c5ac660@group-67F7AF697F6D-LeaderElection7] INFO  server.RaftServerConfigKeys (ConfUtils.java:logGet(43)) - raft.server.log.appender.buffer.element-limit = 1 (custom)
2019-10-21 02:29:29,394 [ac8ed8dc-cc65-4955-8554-44832c5ac660@group-67F7AF697F6D-LeaderElection7] INFO  grpc.GrpcConfigKeys$Server (ConfUtils.java:logGet(43)) - raft.grpc.server.leader.outstanding.appends.max = 128 (default)
2019-10-21 02:29:29,394 [ac8ed8dc-cc65-4955-8554-44832c5ac660@group-67F7AF697F6D-LeaderElection7] INFO  server.RaftServerConfigKeys (ConfUtils.java:logGet(43)) - raft.server.rpc.request.timeout = 3000ms (default)
2019-10-21 02:29:29,394 [ac8ed8dc-cc65-4955-8554-44832c5ac660@group-67F7AF697F6D-LeaderElection7] INFO  server.RaftServerConfigKeys (ConfUtils.java:logGet(43)) - raft.server.log.appender.install.snapshot.enabled = false (custom)
2019-10-21 02:29:29,396 [ac8ed8dc-cc65-4955-8554-44832c5ac660@group-67F7AF697F6D-LeaderElection7] WARN  impl.MetricRegistriesImpl (MetricRegistriesImpl.java:lambda$create$1(61)) - First MetricRegistry has been created without registering reporters. You may need to call MetricRegistries.global().addReportRegistration(...) before.
2019-10-21 02:29:29,397 [ac8ed8dc-cc65-4955-8554-44832c5ac660@group-67F7AF697F6D-LeaderElection7] INFO  server.RaftServerConfigKeys (ConfUtils.java:logGet(43)) - raft.server.log.appender.snapshot.chunk.size.max = 16MB (=16777216) (default)
2019-10-21 02:29:29,397 [ac8ed8dc-cc65-4955-8554-44832c5ac660@group-67F7AF697F6D-LeaderElection7] INFO  server.RaftServerConfigKeys (ConfUtils.java:logGet(43)) - raft.server.log.appender.buffer.byte-limit = 33554432 (custom)
2019-10-21 02:29:29,398 [ac8ed8dc-cc65-4955-8554-44832c5ac660@group-67F7AF697F6D-LeaderElection7] INFO  server.RaftServerConfigKeys (ConfUtils.java:logGet(43)) - raft.server.log.appender.buffer.element-limit = 1 (custom)
2019-10-21 02:29:29,398 [ac8ed8dc-cc65-4955-8554-44832c5ac660@group-67F7AF697F6D-LeaderElection7] INFO  grpc.GrpcConfigKeys$Server (ConfUtils.java:logGet(43)) - raft.grpc.server.leader.outstanding.appends.max = 128 (default)
2019-10-21 02:29:29,398 [ac8ed8dc-cc65-4955-8554-44832c5ac660@group-67F7AF697F6D-LeaderElection7] INFO  server.RaftServerConfigKeys (ConfUtils.java:logGet(43)) - raft.server.rpc.request.timeout = 3000ms (default)
2019-10-21 02:29:29,398 [ac8ed8dc-cc65-4955-8554-44832c5ac660@group-67F7AF697F6D-LeaderElection7] INFO  server.RaftServerConfigKeys (ConfUtils.java:logGet(43)) - raft.server.log.appender.install.snapshot.enabled = false (custom)
2019-10-21 02:29:29,402 [ac8ed8dc-cc65-4955-8554-44832c5ac660@group-67F7AF697F6D-LeaderElection7] INFO  impl.RoleInfo (RoleInfo.java:updateAndGet(143)) - ac8ed8dc-cc65-4955-8554-44832c5ac660: start LeaderState
2019-10-21 02:29:29,402 [ac8ed8dc-cc65-4955-8554-44832c5ac660@group-67F7AF697F6D-LeaderElection7] INFO  segmented.SegmentedRaftLogWorker (SegmentedRaftLogWorker.java:startLogSegment(385)) - ac8ed8dc-cc65-4955-8554-44832c5ac660@group-67F7AF697F6D-SegmentedRaftLogWorker: Starting segment from index:0
2019-10-21 02:29:29,403 [ac8ed8dc-cc65-4955-8554-44832c5ac660@group-67F7AF697F6D-LeaderElection7] INFO  impl.RaftServerImpl (ServerState.java:setRaftConf(356)) - ac8ed8dc-cc65-4955-8554-44832c5ac660@group-67F7AF697F6D: set configuration 0: [362bf6f2-6346-45ec-a082-70363f8280ae:192.168.34.9:35652, ac8ed8dc-cc65-4955-8554-44832c5ac660:192.168.34.9:41064, b7b971f5-ac02-44ee-b003-ffac35d098a9:192.168.34.9:37715], old=null at 0
2019-10-21 02:29:29,466 [ac8ed8dc-cc65-4955-8554-44832c5ac660@group-67F7AF697F6D-SegmentedRaftLogWorker] INFO  segmented.SegmentedRaftLogWorker (SegmentedRaftLogWorker.java:execute(576)) - ac8ed8dc-cc65-4955-8554-44832c5ac660@group-67F7AF697F6D-SegmentedRaftLogWorker: created new log segment /workdir/hadoop-ozone/integration-test/target/test-dir/MiniOzoneClusterImpl-c8b7cd83-0e57-465d-97b8-61911a739100/datanode-1/data/ratis/2cf183f1-7659-44a8-bb20-67f7af697f6d/current/log_inprogress_0
2019-10-21 02:29:29,471 [grpc-default-executor-3] INFO  ratis.XceiverServerRatis (XceiverServerRatis.java:handleLeaderChangedNotification(701)) - Leader change notification received for group: group-67F7AF697F6D with new leaderId: ac8ed8dc-cc65-4955-8554-44832c5ac660
2019-10-21 02:29:29,471 [grpc-default-executor-5] INFO  ratis.XceiverServerRatis (XceiverServerRatis.java:handleLeaderChangedNotification(701)) - Leader change notification received for group: group-67F7AF697F6D with new leaderId: ac8ed8dc-cc65-4955-8554-44832c5ac660
2019-10-21 02:29:29,471 [grpc-default-executor-3] INFO  impl.RaftServerImpl (ServerState.java:setLeader(255)) - b7b971f5-ac02-44ee-b003-ffac35d098a9@group-67F7AF697F6D: change Leader from null to ac8ed8dc-cc65-4955-8554-44832c5ac660 at term 2 for appendEntries, leader elected after 10382ms
2019-10-21 02:29:29,471 [grpc-default-executor-5] INFO  impl.RaftServerImpl (ServerState.java:setLeader(255)) - 362bf6f2-6346-45ec-a082-70363f8280ae@group-67F7AF697F6D: change Leader from null to ac8ed8dc-cc65-4955-8554-44832c5ac660 at term 2 for appendEntries, leader elected after 10382ms
2019-10-21 02:29:29,507 [grpc-default-executor-3] INFO  impl.RaftServerImpl (ServerState.java:setRaftConf(356)) - b7b971f5-ac02-44ee-b003-ffac35d098a9@group-67F7AF697F6D: set configuration 0: [362bf6f2-6346-45ec-a082-70363f8280ae:192.168.34.9:35652, ac8ed8dc-cc65-4955-8554-44832c5ac660:192.168.34.9:41064, b7b971f5-ac02-44ee-b003-ffac35d098a9:192.168.34.9:37715], old=null at 0
2019-10-21 02:29:29,507 [grpc-default-executor-5] INFO  impl.RaftServerImpl (ServerState.java:setRaftConf(356)) - 362bf6f2-6346-45ec-a082-70363f8280ae@group-67F7AF697F6D: set configuration 0: [362bf6f2-6346-45ec-a082-70363f8280ae:192.168.34.9:35652, ac8ed8dc-cc65-4955-8554-44832c5ac660:192.168.34.9:41064, b7b971f5-ac02-44ee-b003-ffac35d098a9:192.168.34.9:37715], old=null at 0
2019-10-21 02:29:29,507 [grpc-default-executor-3] INFO  segmented.SegmentedRaftLogWorker (SegmentedRaftLogWorker.java:startLogSegment(385)) - b7b971f5-ac02-44ee-b003-ffac35d098a9@group-67F7AF697F6D-SegmentedRaftLogWorker: Starting segment from index:0
2019-10-21 02:29:29,507 [grpc-default-executor-5] INFO  segmented.SegmentedRaftLogWorker (SegmentedRaftLogWorker.java:startLogSegment(385)) - 362bf6f2-6346-45ec-a082-70363f8280ae@group-67F7AF697F6D-SegmentedRaftLogWorker: Starting segment from index:0
2019-10-21 02:29:29,568 [362bf6f2-6346-45ec-a082-70363f8280ae@group-67F7AF697F6D-SegmentedRaftLogWorker] INFO  segmented.SegmentedRaftLogWorker (SegmentedRaftLogWorker.java:execute(576)) - 362bf6f2-6346-45ec-a082-70363f8280ae@group-67F7AF697F6D-SegmentedRaftLogWorker: created new log segment /workdir/hadoop-ozone/integration-test/target/test-dir/MiniOzoneClusterImpl-c8b7cd83-0e57-465d-97b8-61911a739100/datanode-0/data/ratis/2cf183f1-7659-44a8-bb20-67f7af697f6d/current/log_inprogress_0
2019-10-21 02:29:29,586 [b7b971f5-ac02-44ee-b003-ffac35d098a9@group-67F7AF697F6D-SegmentedRaftLogWorker] INFO  segmented.SegmentedRaftLogWorker (SegmentedRaftLogWorker.java:execute(576)) - b7b971f5-ac02-44ee-b003-ffac35d098a9@group-67F7AF697F6D-SegmentedRaftLogWorker: created new log segment /workdir/hadoop-ozone/integration-test/target/test-dir/MiniOzoneClusterImpl-c8b7cd83-0e57-465d-97b8-61911a739100/datanode-2/data/ratis/2cf183f1-7659-44a8-bb20-67f7af697f6d/current/log_inprogress_0
2019-10-21 02:29:30,215 [Thread-242] INFO  impl.FollowerState (FollowerState.java:run(111)) - ac8ed8dc-cc65-4955-8554-44832c5ac660@group-3135A5AA401B-FollowerState: change to CANDIDATE, lastRpcTime:5149ms, electionTimeout:5149ms
2019-10-21 02:29:30,216 [Thread-242] INFO  impl.RoleInfo (RoleInfo.java:shutdownFollowerState(121)) - ac8ed8dc-cc65-4955-8554-44832c5ac660: shutdown FollowerState
2019-10-21 02:29:30,216 [Thread-242] INFO  impl.RaftServerImpl (RaftServerImpl.java:setRole(173)) - ac8ed8dc-cc65-4955-8554-44832c5ac660@group-3135A5AA401B: changes role from  FOLLOWER to CANDIDATE at term 0 for changeToCandidate
2019-10-21 02:29:30,216 [Thread-242] INFO  impl.RoleInfo (RoleInfo.java:updateAndGet(143)) - ac8ed8dc-cc65-4955-8554-44832c5ac660: start LeaderElection
2019-10-21 02:29:30,223 [main] INFO  ozoneimpl.OzoneContainer (OzoneContainer.java:stop(227)) - Attempting to stop container services.
2019-10-21 02:29:30,223 [ForkJoinPool.commonPool-worker-0] INFO  ozoneimpl.OzoneContainer (OzoneContainer.java:stop(227)) - Attempting to stop container services.
2019-10-21 02:29:30,224 [ForkJoinPool.commonPool-worker-0] INFO  impl.RaftServerProxy (RaftServerProxy.java:lambda$close$4(314)) - 362bf6f2-6346-45ec-a082-70363f8280ae: close
2019-10-21 02:29:30,224 [main] INFO  impl.RaftServerProxy (RaftServerProxy.java:lambda$close$4(314)) - ac8ed8dc-cc65-4955-8554-44832c5ac660: close
2019-10-21 02:29:30,225 [ForkJoinPool.commonPool-worker-0] INFO  impl.RaftServerImpl (RaftServerImpl.java:lambda$shutdown$3(250)) - 362bf6f2-6346-45ec-a082-70363f8280ae@group-67F7AF697F6D: shutdown
2019-10-21 02:29:30,225 [main] INFO  impl.RaftServerImpl (RaftServerImpl.java:lambda$shutdown$3(250)) - ac8ed8dc-cc65-4955-8554-44832c5ac660@group-67F7AF697F6D: shutdown
2019-10-21 02:29:30,225 [ForkJoinPool.commonPool-worker-0] INFO  util.JmxRegister (JmxRegister.java:unregister(73)) - Successfully un-registered JMX Bean with object name Ratis:service=RaftServer,group=group-67F7AF697F6D,id=362bf6f2-6346-45ec-a082-70363f8280ae
2019-10-21 02:29:30,226 [main] INFO  util.JmxRegister (JmxRegister.java:unregister(73)) - Successfully un-registered JMX Bean with object name Ratis:service=RaftServer,group=group-67F7AF697F6D,id=ac8ed8dc-cc65-4955-8554-44832c5ac660
2019-10-21 02:29:30,226 [ForkJoinPool.commonPool-worker-0] INFO  impl.RoleInfo (RoleInfo.java:shutdownFollowerState(121)) - 362bf6f2-6346-45ec-a082-70363f8280ae: shutdown FollowerState
2019-10-21 02:29:30,226 [main] INFO  impl.RoleInfo (RoleInfo.java:shutdownLeaderState(104)) - ac8ed8dc-cc65-4955-8554-44832c5ac660: shutdown LeaderState
2019-10-21 02:29:30,227 [Thread-248] INFO  impl.FollowerState (FollowerState.java:run(120)) - 362bf6f2-6346-45ec-a082-70363f8280ae@group-67F7AF697F6D-FollowerState was interrupted: java.lang.InterruptedException: sleep interrupted
2019-10-21 02:29:30,227 [ForkJoinPool.commonPool-worker-0] INFO  impl.StateMachineUpdater (StateMachineUpdater.java:stopAndJoin(136)) - 362bf6f2-6346-45ec-a082-70363f8280ae@group-67F7AF697F6D-StateMachineUpdater: set stopIndex = 0
2019-10-21 02:29:30,229 [org.apache.ratis.server.impl.LogAppender$AppenderDaemon$$Lambda$430/442337160@58028e60] WARN  server.GrpcLogAppender (GrpcLogAppender.java:mayWait(149)) - ac8ed8dc-cc65-4955-8554-44832c5ac660@group-67F7AF697F6D->b7b971f5-ac02-44ee-b003-ffac35d098a9-GrpcLogAppender: Wait interrupted by java.lang.InterruptedException
2019-10-21 02:29:30,229 [main] INFO  impl.PendingRequests (PendingRequests.java:sendNotLeaderResponses(206)) - ac8ed8dc-cc65-4955-8554-44832c5ac660@group-67F7AF697F6D-PendingRequests: sendNotLeaderResponses
2019-10-21 02:29:30,229 [ForkJoinPool.commonPool-worker-0] INFO  impl.RaftServerImpl (ServerState.java:close(387)) - 362bf6f2-6346-45ec-a082-70363f8280ae@group-67F7AF697F6D: closes. applyIndex: 0
2019-10-21 02:29:30,229 [org.apache.ratis.server.impl.LogAppender$AppenderDaemon$$Lambda$430/442337160@3022700a] WARN  server.GrpcLogAppender (GrpcLogAppender.java:mayWait(149)) - ac8ed8dc-cc65-4955-8554-44832c5ac660@group-67F7AF697F6D->362bf6f2-6346-45ec-a082-70363f8280ae-GrpcLogAppender: Wait interrupted by java.lang.InterruptedException
2019-10-21 02:29:30,231 [main] INFO  impl.StateMachineUpdater (StateMachineUpdater.java:stopAndJoin(136)) - ac8ed8dc-cc65-4955-8554-44832c5ac660@group-67F7AF697F6D-StateMachineUpdater: set stopIndex = 0
2019-10-21 02:29:30,232 [main] INFO  impl.RaftServerImpl (ServerState.java:close(387)) - ac8ed8dc-cc65-4955-8554-44832c5ac660@group-67F7AF697F6D: closes. applyIndex: 0
2019-10-21 02:29:30,231 [362bf6f2-6346-45ec-a082-70363f8280ae@group-67F7AF697F6D-SegmentedRaftLogWorker] INFO  segmented.SegmentedRaftLogWorker (SegmentedRaftLogWorker.java:run(316)) - 362bf6f2-6346-45ec-a082-70363f8280ae@group-67F7AF697F6D-SegmentedRaftLogWorker was interrupted, exiting. There are 0 tasks remaining in the queue.
2019-10-21 02:29:30,233 [ac8ed8dc-cc65-4955-8554-44832c5ac660@group-67F7AF697F6D-SegmentedRaftLogWorker] INFO  segmented.SegmentedRaftLogWorker (SegmentedRaftLogWorker.java:run(316)) - ac8ed8dc-cc65-4955-8554-44832c5ac660@group-67F7AF697F6D-SegmentedRaftLogWorker was interrupted, exiting. There are 0 tasks remaining in the queue.
2019-10-21 02:29:30,236 [grpc-default-executor-3] INFO  server.GrpcServerProtocolService (GrpcServerProtocolService.java:onCompleted(113)) - b7b971f5-ac02-44ee-b003-ffac35d098a9: Completed APPEND_ENTRIES, lastRequest: ac8ed8dc-cc65-4955-8554-44832c5ac660->b7b971f5-ac02-44ee-b003-ffac35d098a9#1-t2, previous=(t:0, i:0), leaderCommit=0, initializing? false, entries: size=1, first=(t:2, i:0), CONFIGURATIONENTRY
2019-10-21 02:29:30,236 [grpc-default-executor-5] INFO  server.GrpcServerProtocolService (GrpcServerProtocolService.java:onCompleted(113)) - 362bf6f2-6346-45ec-a082-70363f8280ae: Completed APPEND_ENTRIES, lastRequest: ac8ed8dc-cc65-4955-8554-44832c5ac660->362bf6f2-6346-45ec-a082-70363f8280ae#1-t2, previous=(t:0, i:0), leaderCommit=0, initializing? false, entries: size=1, first=(t:2, i:0), CONFIGURATIONENTRY
2019-10-21 02:29:30,238 [grpc-default-executor-3] INFO  server.GrpcLogAppender (GrpcLogAppender.java:onCompleted(308)) - ac8ed8dc-cc65-4955-8554-44832c5ac660@group-67F7AF697F6D->b7b971f5-ac02-44ee-b003-ffac35d098a9-AppendLogResponseHandler: follower responses appendEntries COMPLETED
2019-10-21 02:29:30,238 [grpc-default-executor-5] INFO  server.GrpcLogAppender (GrpcLogAppender.java:onCompleted(308)) - ac8ed8dc-cc65-4955-8554-44832c5ac660@group-67F7AF697F6D->362bf6f2-6346-45ec-a082-70363f8280ae-AppendLogResponseHandler: follower responses appendEntries COMPLETED
2019-10-21 02:29:30,243 [main] INFO  segmented.SegmentedRaftLogWorker (SegmentedRaftLogWorker.java:close(224)) - ac8ed8dc-cc65-4955-8554-44832c5ac660@group-67F7AF697F6D-SegmentedRaftLogWorker close()
2019-10-21 02:29:30,243 [ac8ed8dc-cc65-4955-8554-44832c5ac660@group-3135A5AA401B-LeaderElection9] INFO  impl.LeaderElection (LeaderElection.java:askForVotes(178)) - ac8ed8dc-cc65-4955-8554-44832c5ac660@group-3135A5AA401B-LeaderElection9: begin an election at term 1 for -1: [ac8ed8dc-cc65-4955-8554-44832c5ac660:192.168.34.9:41064], old=null
2019-10-21 02:29:30,243 [ForkJoinPool.commonPool-worker-0] INFO  segmented.SegmentedRaftLogWorker (SegmentedRaftLogWorker.java:close(224)) - 362bf6f2-6346-45ec-a082-70363f8280ae@group-67F7AF697F6D-SegmentedRaftLogWorker close()
2019-10-21 02:29:30,245 [main] INFO  impl.RaftServerImpl (RaftServerImpl.java:lambda$shutdown$3(250)) - ac8ed8dc-cc65-4955-8554-44832c5ac660@group-3135A5AA401B: shutdown
2019-10-21 02:29:30,247 [ForkJoinPool.commonPool-worker-0] INFO  impl.RaftServerImpl (RaftServerImpl.java:lambda$shutdown$3(250)) - 362bf6f2-6346-45ec-a082-70363f8280ae@group-F2F581D6DA75: shutdown
2019-10-21 02:29:30,248 [main] INFO  util.JmxRegister (JmxRegister.java:unregister(73)) - Successfully un-registered JMX Bean with object name Ratis:service=RaftServer,group=group-3135A5AA401B,id=ac8ed8dc-cc65-4955-8554-44832c5ac660
2019-10-21 02:29:30,249 [main] INFO  impl.RoleInfo (RoleInfo.java:shutdownLeaderElection(134)) - ac8ed8dc-cc65-4955-8554-44832c5ac660: shutdown LeaderElection
2019-10-21 02:29:30,248 [grpc-default-executor-3] INFO  impl.FollowerInfo (FollowerInfo.java:lambda$new$0(51)) - ac8ed8dc-cc65-4955-8554-44832c5ac660@group-67F7AF697F6D->b7b971f5-ac02-44ee-b003-ffac35d098a9: nextIndex: updateUnconditionally 1 -> 0
2019-10-21 02:29:30,248 [grpc-default-executor-5] INFO  impl.FollowerInfo (FollowerInfo.java:lambda$new$0(51)) - ac8ed8dc-cc65-4955-8554-44832c5ac660@group-67F7AF697F6D->362bf6f2-6346-45ec-a082-70363f8280ae: nextIndex: updateUnconditionally 1 -> 0
2019-10-21 02:29:30,249 [main] INFO  impl.StateMachineUpdater (StateMachineUpdater.java:stopAndJoin(136)) - ac8ed8dc-cc65-4955-8554-44832c5ac660@group-3135A5AA401B-StateMachineUpdater: set stopIndex = -1
2019-10-21 02:29:30,249 [ForkJoinPool.commonPool-worker-0] INFO  util.JmxRegister (JmxRegister.java:unregister(73)) - Successfully un-registered JMX Bean with object name Ratis:service=RaftServer,group=group-F2F581D6DA75,id=362bf6f2-6346-45ec-a082-70363f8280ae
2019-10-21 02:29:30,250 [main] INFO  impl.RaftServerImpl (ServerState.java:close(387)) - ac8ed8dc-cc65-4955-8554-44832c5ac660@group-3135A5AA401B: closes. applyIndex: -1
2019-10-21 02:29:30,250 [ForkJoinPool.commonPool-worker-0] INFO  impl.RoleInfo (RoleInfo.java:shutdownLeaderState(104)) - 362bf6f2-6346-45ec-a082-70363f8280ae: shutdown LeaderState
2019-10-21 02:29:30,251 [ac8ed8dc-cc65-4955-8554-44832c5ac660@group-3135A5AA401B-SegmentedRaftLogWorker] INFO  segmented.SegmentedRaftLogWorker (SegmentedRaftLogWorker.java:run(316)) - ac8ed8dc-cc65-4955-8554-44832c5ac660@group-3135A5AA401B-SegmentedRaftLogWorker was interrupted, exiting. There are 0 tasks remaining in the queue.
2019-10-21 02:29:30,251 [ForkJoinPool.commonPool-worker-0] INFO  impl.PendingRequests (PendingRequests.java:sendNotLeaderResponses(206)) - 362bf6f2-6346-45ec-a082-70363f8280ae@group-F2F581D6DA75-PendingRequests: sendNotLeaderResponses
2019-10-21 02:29:30,251 [main] INFO  segmented.SegmentedRaftLogWorker (SegmentedRaftLogWorker.java:close(224)) - ac8ed8dc-cc65-4955-8554-44832c5ac660@group-3135A5AA401B-SegmentedRaftLogWorker close()
2019-10-21 02:29:30,251 [ForkJoinPool.commonPool-worker-0] INFO  impl.StateMachineUpdater (StateMachineUpdater.java:stopAndJoin(136)) - 362bf6f2-6346-45ec-a082-70363f8280ae@group-F2F581D6DA75-StateMachineUpdater: set stopIndex = 0
2019-10-21 02:29:30,254 [ForkJoinPool.commonPool-worker-0] INFO  impl.RaftServerImpl (ServerState.java:close(387)) - 362bf6f2-6346-45ec-a082-70363f8280ae@group-F2F581D6DA75: closes. applyIndex: 0
2019-10-21 02:29:30,254 [main] INFO  server.GrpcService (GrpcService.java:closeImpl(164)) - ac8ed8dc-cc65-4955-8554-44832c5ac660: shutdown server with port 41064 now
2019-10-21 02:29:30,254 [362bf6f2-6346-45ec-a082-70363f8280ae@group-F2F581D6DA75-SegmentedRaftLogWorker] INFO  segmented.SegmentedRaftLogWorker (SegmentedRaftLogWorker.java:run(316)) - 362bf6f2-6346-45ec-a082-70363f8280ae@group-F2F581D6DA75-SegmentedRaftLogWorker was interrupted, exiting. There are 0 tasks remaining in the queue.
2019-10-21 02:29:30,256 [ForkJoinPool.commonPool-worker-0] INFO  segmented.SegmentedRaftLogWorker (SegmentedRaftLogWorker.java:close(224)) - 362bf6f2-6346-45ec-a082-70363f8280ae@group-F2F581D6DA75-SegmentedRaftLogWorker close()
2019-10-21 02:29:30,258 [ForkJoinPool.commonPool-worker-0] INFO  server.GrpcService (GrpcService.java:closeImpl(164)) - 362bf6f2-6346-45ec-a082-70363f8280ae: shutdown server with port 35652 now
2019-10-21 02:29:30,261 [main] INFO  server.GrpcService (GrpcService.java:closeImpl(172)) - ac8ed8dc-cc65-4955-8554-44832c5ac660: shutdown server with port 41064 successfully
2019-10-21 02:29:30,264 [ForkJoinPool.commonPool-worker-0] INFO  server.GrpcService (GrpcService.java:closeImpl(172)) - 362bf6f2-6346-45ec-a082-70363f8280ae: shutdown server with port 35652 successfully
2019-10-21 02:29:30,268 [refreshUsed-/workdir/hadoop-ozone/integration-test/target/test-dir/MiniOzoneClusterImpl-c8b7cd83-0e57-465d-97b8-61911a739100/datanode-1/data/containers] WARN  fs.CachingGetSpaceUsed (CachingGetSpaceUsed.java:run(183)) - Thread Interrupted waiting to refresh disk information: sleep interrupted
2019-10-21 02:29:30,270 [refreshUsed-/workdir/hadoop-ozone/integration-test/target/test-dir/MiniOzoneClusterImpl-c8b7cd83-0e57-465d-97b8-61911a739100/datanode-0/data/containers] WARN  fs.CachingGetSpaceUsed (CachingGetSpaceUsed.java:run(183)) - Thread Interrupted waiting to refresh disk information: sleep interrupted
2019-10-21 02:29:30,293 [main] INFO  utils.BackgroundService (BackgroundService.java:shutdown(151)) - Shutting down service BlockDeletingService
2019-10-21 02:29:30,295 [main] INFO  statemachine.DatanodeStateMachine (DatanodeStateMachine.java:stopDaemon(395)) - Ozone container server stopped.
2019-10-21 02:29:30,297 [ForkJoinPool.commonPool-worker-0] INFO  utils.BackgroundService (BackgroundService.java:shutdown(151)) - Shutting down service BlockDeletingService
2019-10-21 02:29:30,297 [main] INFO  handler.ContextHandler (ContextHandler.java:doStop(910)) - Stopped o.e.j.w.WebAppContext@3374b5bc{/,null,UNAVAILABLE}{/hddsDatanode}
2019-10-21 02:29:30,299 [ForkJoinPool.commonPool-worker-0] INFO  statemachine.DatanodeStateMachine (DatanodeStateMachine.java:stopDaemon(395)) - Ozone container server stopped.
2019-10-21 02:29:30,300 [main] INFO  server.AbstractConnector (AbstractConnector.java:doStop(318)) - Stopped ServerConnector@2af69643{HTTP/1.1,[http/1.1]}{0.0.0.0:0}
2019-10-21 02:29:30,300 [main] INFO  handler.ContextHandler (ContextHandler.java:doStop(910)) - Stopped o.e.j.s.ServletContextHandler@7a729f84{/static,jar:file:/home/user/.m2/repository/org/apache/hadoop/hadoop-hdds-container-service/0.5.0-SNAPSHOT/hadoop-hdds-container-service-0.5.0-SNAPSHOT.jar!/webapps/static,UNAVAILABLE}
2019-10-21 02:29:30,301 [ForkJoinPool.commonPool-worker-0] INFO  handler.ContextHandler (ContextHandler.java:doStop(910)) - Stopped o.e.j.w.WebAppContext@25d93198{/,null,UNAVAILABLE}{/hddsDatanode}
2019-10-21 02:29:30,301 [main] INFO  handler.ContextHandler (ContextHandler.java:doStop(910)) - Stopped o.e.j.s.ServletContextHandler@1e8ab90f{/logs,file:///workdir/hadoop-ozone/integration-test/target/log,UNAVAILABLE}
2019-10-21 02:29:30,302 [ForkJoinPool.commonPool-worker-0] INFO  server.AbstractConnector (AbstractConnector.java:doStop(318)) - Stopped ServerConnector@2436ea2f{HTTP/1.1,[http/1.1]}{0.0.0.0:0}
2019-10-21 02:29:30,302 [ForkJoinPool.commonPool-worker-0] INFO  handler.ContextHandler (ContextHandler.java:doStop(910)) - Stopped o.e.j.s.ServletContextHandler@fcc6023{/static,jar:file:/home/user/.m2/repository/org/apache/hadoop/hadoop-hdds-container-service/0.5.0-SNAPSHOT/hadoop-hdds-container-service-0.5.0-SNAPSHOT.jar!/webapps/static,UNAVAILABLE}
2019-10-21 02:29:30,303 [ForkJoinPool.commonPool-worker-0] INFO  handler.ContextHandler (ContextHandler.java:doStop(910)) - Stopped o.e.j.s.ServletContextHandler@216e0771{/logs,file:///workdir/hadoop-ozone/integration-test/target/log,UNAVAILABLE}
2019-10-21 02:29:30,471 [Datanode State Machine Thread - 0] INFO  statemachine.DatanodeStateMachine (DatanodeStateMachine.java:lambda$startDaemon$0(350)) - Ozone container server started.
2019-10-21 02:29:35,303 [main] INFO  ozoneimpl.OzoneContainer (OzoneContainer.java:stop(227)) - Attempting to stop container services.
2019-10-21 02:29:35,304 [main] INFO  impl.RaftServerProxy (RaftServerProxy.java:lambda$close$4(314)) - b7b971f5-ac02-44ee-b003-ffac35d098a9: close
2019-10-21 02:29:35,307 [main] INFO  impl.RaftServerImpl (RaftServerImpl.java:lambda$shutdown$3(250)) - b7b971f5-ac02-44ee-b003-ffac35d098a9@group-67F7AF697F6D: shutdown
2019-10-21 02:29:35,307 [ForkJoinPool.commonPool-worker-1] INFO  impl.RaftServerImpl (RaftServerImpl.java:lambda$shutdown$3(250)) - b7b971f5-ac02-44ee-b003-ffac35d098a9@group-1BEA1CCC6ABD: shutdown
2019-10-21 02:29:35,308 [main] INFO  util.JmxRegister (JmxRegister.java:unregister(73)) - Successfully un-registered JMX Bean with object name Ratis:service=RaftServer,group=group-67F7AF697F6D,id=b7b971f5-ac02-44ee-b003-ffac35d098a9
2019-10-21 02:29:35,308 [ForkJoinPool.commonPool-worker-1] INFO  util.JmxRegister (JmxRegister.java:unregister(73)) - Successfully un-registered JMX Bean with object name Ratis:service=RaftServer,group=group-1BEA1CCC6ABD,id=b7b971f5-ac02-44ee-b003-ffac35d098a9
2019-10-21 02:29:35,308 [main] INFO  impl.RoleInfo (RoleInfo.java:shutdownFollowerState(121)) - b7b971f5-ac02-44ee-b003-ffac35d098a9: shutdown FollowerState
2019-10-21 02:29:35,308 [ForkJoinPool.commonPool-worker-1] INFO  impl.RoleInfo (RoleInfo.java:shutdownLeaderState(104)) - b7b971f5-ac02-44ee-b003-ffac35d098a9: shutdown LeaderState
2019-10-21 02:29:35,309 [Thread-251] INFO  impl.FollowerState (FollowerState.java:run(120)) - b7b971f5-ac02-44ee-b003-ffac35d098a9@group-67F7AF697F6D-FollowerState was interrupted: java.lang.InterruptedException: sleep interrupted
2019-10-21 02:29:35,309 [main] INFO  impl.StateMachineUpdater (StateMachineUpdater.java:stopAndJoin(136)) - b7b971f5-ac02-44ee-b003-ffac35d098a9@group-67F7AF697F6D-StateMachineUpdater: set stopIndex = 0
2019-10-21 02:29:35,310 [main] INFO  impl.RaftServerImpl (ServerState.java:close(387)) - b7b971f5-ac02-44ee-b003-ffac35d098a9@group-67F7AF697F6D: closes. applyIndex: 0
2019-10-21 02:29:35,309 [ForkJoinPool.commonPool-worker-1] INFO  impl.PendingRequests (PendingRequests.java:sendNotLeaderResponses(206)) - b7b971f5-ac02-44ee-b003-ffac35d098a9@group-1BEA1CCC6ABD-PendingRequests: sendNotLeaderResponses
2019-10-21 02:29:35,311 [b7b971f5-ac02-44ee-b003-ffac35d098a9@group-67F7AF697F6D-SegmentedRaftLogWorker] INFO  segmented.SegmentedRaftLogWorker (SegmentedRaftLogWorker.java:run(316)) - b7b971f5-ac02-44ee-b003-ffac35d098a9@group-67F7AF697F6D-SegmentedRaftLogWorker was interrupted, exiting. There are 0 tasks remaining in the queue.
2019-10-21 02:29:35,312 [ForkJoinPool.commonPool-worker-1] INFO  impl.StateMachineUpdater (StateMachineUpdater.java:stopAndJoin(136)) - b7b971f5-ac02-44ee-b003-ffac35d098a9@group-1BEA1CCC6ABD-StateMachineUpdater: set stopIndex = 0
2019-10-21 02:29:35,312 [ForkJoinPool.commonPool-worker-1] INFO  impl.RaftServerImpl (ServerState.java:close(387)) - b7b971f5-ac02-44ee-b003-ffac35d098a9@group-1BEA1CCC6ABD: closes. applyIndex: 0
2019-10-21 02:29:35,312 [b7b971f5-ac02-44ee-b003-ffac35d098a9@group-1BEA1CCC6ABD-SegmentedRaftLogWorker] INFO  segmented.SegmentedRaftLogWorker (SegmentedRaftLogWorker.java:run(316)) - b7b971f5-ac02-44ee-b003-ffac35d098a9@group-1BEA1CCC6ABD-SegmentedRaftLogWorker was interrupted, exiting. There are 0 tasks remaining in the queue.
2019-10-21 02:29:35,317 [main] INFO  segmented.SegmentedRaftLogWorker (SegmentedRaftLogWorker.java:close(224)) - b7b971f5-ac02-44ee-b003-ffac35d098a9@group-67F7AF697F6D-SegmentedRaftLogWorker close()
2019-10-21 02:29:35,317 [ForkJoinPool.commonPool-worker-1] INFO  segmented.SegmentedRaftLogWorker (SegmentedRaftLogWorker.java:close(224)) - b7b971f5-ac02-44ee-b003-ffac35d098a9@group-1BEA1CCC6ABD-SegmentedRaftLogWorker close()
2019-10-21 02:29:35,320 [main] INFO  server.GrpcService (GrpcService.java:closeImpl(164)) - b7b971f5-ac02-44ee-b003-ffac35d098a9: shutdown server with port 37715 now
2019-10-21 02:29:35,321 [main] INFO  server.GrpcService (GrpcService.java:closeImpl(172)) - b7b971f5-ac02-44ee-b003-ffac35d098a9: shutdown server with port 37715 successfully
2019-10-21 02:29:35,326 [refreshUsed-/workdir/hadoop-ozone/integration-test/target/test-dir/MiniOzoneClusterImpl-c8b7cd83-0e57-465d-97b8-61911a739100/datanode-2/data/containers] WARN  fs.CachingGetSpaceUsed (CachingGetSpaceUsed.java:run(183)) - Thread Interrupted waiting to refresh disk information: sleep interrupted
2019-10-21 02:29:35,341 [main] INFO  utils.BackgroundService (BackgroundService.java:shutdown(151)) - Shutting down service BlockDeletingService
2019-10-21 02:29:35,343 [main] INFO  statemachine.DatanodeStateMachine (DatanodeStateMachine.java:stopDaemon(395)) - Ozone container server stopped.
2019-10-21 02:29:35,344 [main] INFO  handler.ContextHandler (ContextHandler.java:doStop(910)) - Stopped o.e.j.w.WebAppContext@63c12e52{/,null,UNAVAILABLE}{/hddsDatanode}
2019-10-21 02:29:35,345 [main] INFO  server.AbstractConnector (AbstractConnector.java:doStop(318)) - Stopped ServerConnector@21bd20ee{HTTP/1.1,[http/1.1]}{0.0.0.0:0}
2019-10-21 02:29:35,345 [main] INFO  handler.ContextHandler (ContextHandler.java:doStop(910)) - Stopped o.e.j.s.ServletContextHandler@10a0fe30{/static,jar:file:/home/user/.m2/repository/org/apache/hadoop/hadoop-hdds-container-service/0.5.0-SNAPSHOT/hadoop-hdds-container-service-0.5.0-SNAPSHOT.jar!/webapps/static,UNAVAILABLE}
2019-10-21 02:29:35,345 [main] INFO  handler.ContextHandler (ContextHandler.java:doStop(910)) - Stopped o.e.j.s.ServletContextHandler@51c959a4{/logs,file:///workdir/hadoop-ozone/integration-test/target/log,UNAVAILABLE}
2019-10-21 02:29:35,346 [main] INFO  ozone.MiniOzoneClusterImpl (MiniOzoneClusterImpl.java:stopSCM(428)) - Stopping the StorageContainerManager
2019-10-21 02:29:35,346 [main] INFO  server.StorageContainerManager (StorageContainerManager.java:stop(810)) - Stopping Replication Manager Service.
2019-10-21 02:29:35,346 [main] INFO  container.ReplicationManager (ReplicationManager.java:stop(203)) - Stopping Replication Monitor Thread.
2019-10-21 02:29:35,346 [main] INFO  server.StorageContainerManager (StorageContainerManager.java:stop(817)) - Stopping Lease Manager of the command watchers
2019-10-21 02:29:35,347 [main] INFO  server.StorageContainerManager (StorageContainerManager.java:stop(824)) - Stopping datanode service RPC server
2019-10-21 02:29:35,347 [main] INFO  server.SCMDatanodeProtocolServer (SCMDatanodeProtocolServer.java:stop(346)) - Stopping the RPC server for DataNodes
2019-10-21 02:29:35,347 [main] INFO  ipc.Server (Server.java:stop(3082)) - Stopping server on 35691
2019-10-21 02:29:35,347 [IPC Server listener on 35691] INFO  ipc.Server (Server.java:run(1185)) - Stopping IPC Server listener on 35691
2019-10-21 02:29:35,349 [IPC Server Responder] INFO  ipc.Server (Server.java:run(1319)) - Stopping IPC Server Responder
2019-10-21 02:29:35,356 [SCM Heartbeat Processing Thread - 0] WARN  node.NodeStateManager (NodeStateManager.java:scheduleNextHealthCheck(646)) - Current Thread is interrupted, shutting down HB processing thread for Node Manager.
2019-10-21 02:29:35,357 [main] INFO  server.StorageContainerManager (StorageContainerManager.java:stop(832)) - Stopping block service RPC server
2019-10-21 02:29:35,357 [main] INFO  server.SCMBlockProtocolServer (SCMBlockProtocolServer.java:stop(155)) - Stopping the RPC server for Block Protocol
2019-10-21 02:29:35,357 [main] INFO  ipc.Server (Server.java:stop(3082)) - Stopping server on 43885
2019-10-21 02:29:35,358 [IPC Server listener on 43885] INFO  ipc.Server (Server.java:run(1185)) - Stopping IPC Server listener on 43885
2019-10-21 02:29:35,358 [main] INFO  server.StorageContainerManager (StorageContainerManager.java:stop(839)) - Stopping the StorageContainerLocationProtocol RPC server
2019-10-21 02:29:35,359 [IPC Server Responder] INFO  ipc.Server (Server.java:run(1319)) - Stopping IPC Server Responder
2019-10-21 02:29:35,359 [main] INFO  server.SCMClientProtocolServer (SCMClientProtocolServer.java:stop(168)) - Stopping the RPC server for Client Protocol
2019-10-21 02:29:35,359 [main] INFO  ipc.Server (Server.java:stop(3082)) - Stopping server on 36018
2019-10-21 02:29:35,361 [IPC Server listener on 36018] INFO  ipc.Server (Server.java:run(1185)) - Stopping IPC Server listener on 36018
2019-10-21 02:29:35,361 [IPC Server Responder] INFO  ipc.Server (Server.java:run(1319)) - Stopping IPC Server Responder
2019-10-21 02:29:35,361 [main] INFO  server.StorageContainerManager (StorageContainerManager.java:stop(846)) - Stopping Storage Container Manager HTTP server.
2019-10-21 02:29:35,362 [main] INFO  handler.ContextHandler (ContextHandler.java:doStop(910)) - Stopped o.e.j.w.WebAppContext@6bc248ed{/,null,UNAVAILABLE}{/scm}
2019-10-21 02:29:35,363 [main] INFO  server.AbstractConnector (AbstractConnector.java:doStop(318)) - Stopped ServerConnector@73511076{HTTP/1.1,[http/1.1]}{0.0.0.0:0}
2019-10-21 02:29:35,363 [main] INFO  handler.ContextHandler (ContextHandler.java:doStop(910)) - Stopped o.e.j.s.ServletContextHandler@34f7234e{/static,file:///workdir/hadoop-ozone/integration-test/target/test-classes/webapps/static,UNAVAILABLE}
2019-10-21 02:29:35,363 [main] INFO  handler.ContextHandler (ContextHandler.java:doStop(910)) - Stopped o.e.j.s.ServletContextHandler@78f5c518{/logs,file:///workdir/hadoop-ozone/integration-test/target/log,UNAVAILABLE}
2019-10-21 02:29:35,364 [main] INFO  server.StorageContainerManager (StorageContainerManager.java:stop(857)) - Stopping Block Manager Service.
2019-10-21 02:29:35,365 [main] INFO  utils.BackgroundService (BackgroundService.java:shutdown(151)) - Shutting down service SCMBlockDeletingService
2019-10-21 02:29:35,365 [main] INFO  utils.BackgroundService (BackgroundService.java:shutdown(151)) - Shutting down service SCMBlockDeletingService
2019-10-21 02:29:35,366 [main] INFO  server.StorageContainerManager (StorageContainerManager.java:stop(879)) - Stopping SCM Event Queue.
2019-10-21 02:29:35,371 [main] INFO  impl.MetricsSystemImpl (MetricsSystemImpl.java:stop(210)) - Stopping HddsDatanode metrics system...
2019-10-21 02:29:35,376 [prometheus] INFO  impl.MetricsSinkAdapter (MetricsSinkAdapter.java:publishMetricsFromQueue(141)) - prometheus thread interrupted.
2019-10-21 02:29:35,376 [main] INFO  impl.MetricsSystemImpl (MetricsSystemImpl.java:stop(216)) - HddsDatanode metrics system stopped.
]]></system-out>
    <system-err><![CDATA[ERROR StatusLogger No Log4j 2 configuration file found. Using default configuration (logging only errors to the console), or user programmatically provided configurations. Set system property 'log4j2.debug' to show Log4j 2 internal initialization logging. See https://logging.apache.org/log4j/2.x/manual/configuration.html for instructions on how to configure Log4j 2
Exception in thread "ac8ed8dc-cc65-4955-8554-44832c5ac660@group-3135A5AA401B-LeaderElection9" java.lang.IllegalStateException: ILLEGAL TRANSITION: In ac8ed8dc-cc65-4955-8554-44832c5ac660@group-3135A5AA401B-LeaderElection9, RUNNING -> CLOSED
	at org.apache.ratis.util.Preconditions.assertTrue(Preconditions.java:63)
	at org.apache.ratis.util.LifeCycle$State.validate(LifeCycle.java:123)
	at org.apache.ratis.util.LifeCycle.transition(LifeCycle.java:143)
	at org.apache.ratis.server.impl.LeaderElection.run(LeaderElection.java:151)
	at java.lang.Thread.run(Thread.java:748)
]]></system-err>
  </testcase>
  <testcase name="testNumBlocksAllocated" classname="org.apache.hadoop.ozone.scm.pipeline.TestSCMPipelineMetrics" time="25.347"/>
  <testcase name="testPipelineCreation" classname="org.apache.hadoop.ozone.scm.pipeline.TestSCMPipelineMetrics" time="24.901"/>
</testsuite>