<?xml version="1.0" encoding="UTF-8"?>
<testsuite xmlns:xsi="http://www.w3.org/2001/XMLSchema-instance" xsi:noNamespaceSchemaLocation="https://maven.apache.org/surefire/maven-surefire-plugin/xsd/surefire-test-report.xsd" name="org.apache.hadoop.ozone.client.rpc.TestDeleteWithSlowFollower" time="142.664" tests="1" errors="0" skipped="0" failures="1">
  <properties>
    <property name="awt.toolkit" value="sun.awt.X11.XToolkit"/>
    <property name="file.encoding.pkg" value="sun.io"/>
    <property name="java.specification.version" value="1.8"/>
    <property name="sun.cpu.isalist" value=""/>
    <property name="sun.jnu.encoding" value="ANSI_X3.4-1968"/>
    <property name="java.class.path" value="/workdir/hadoop-ozone/integration-test/target/test-classes:/workdir/hadoop-ozone/integration-test/target/classes:/home/user/.m2/repository/org/apache/hadoop/hadoop-ozone-common/0.5.0-SNAPSHOT/hadoop-ozone-common-0.5.0-SNAPSHOT.jar:/home/user/.m2/repository/org/apache/commons/commons-compress/1.4.1/commons-compress-1.4.1.jar:/home/user/.m2/repository/org/tukaani/xz/1.0/xz-1.0.jar:/home/user/.m2/repository/org/apache/hadoop/hadoop-common/3.2.0/hadoop-common-3.2.0.jar:/home/user/.m2/repository/org/apache/hadoop/hadoop-hdfs/3.2.0/hadoop-hdfs-3.2.0.jar:/home/user/.m2/repository/org/apache/hadoop/hadoop-hdfs-client/3.2.0/hadoop-hdfs-client-3.2.0.jar:/home/user/.m2/repository/com/fasterxml/jackson/core/jackson-annotations/2.9.9/jackson-annotations-2.9.9.jar:/home/user/.m2/repository/org/apache/hadoop/hadoop-hdds-common/0.5.0-SNAPSHOT/hadoop-hdds-common-0.5.0-SNAPSHOT.jar:/home/user/.m2/repository/javax/annotation/javax.annotation-api/1.2/javax.annotation-api-1.2.jar:/home/user/.m2/repository/org/apache/ratis/ratis-server/0.5.0-ced7dbf-SNAPSHOT/ratis-server-0.5.0-ced7dbf-SNAPSHOT.jar:/home/user/.m2/repository/org/apache/ratis/ratis-thirdparty-misc/0.2.0/ratis-thirdparty-misc-0.2.0.jar:/home/user/.m2/repository/org/apache/ratis/ratis-proto/0.5.0-ced7dbf-SNAPSHOT/ratis-proto-0.5.0-ced7dbf-SNAPSHOT.jar:/home/user/.m2/repository/org/apache/ratis/ratis-common/0.5.0-ced7dbf-SNAPSHOT/ratis-common-0.5.0-ced7dbf-SNAPSHOT.jar:/home/user/.m2/repository/org/apache/ratis/ratis-client/0.5.0-ced7dbf-SNAPSHOT/ratis-client-0.5.0-ced7dbf-SNAPSHOT.jar:/home/user/.m2/repository/org/apache/ratis/ratis-metrics/0.5.0-ced7dbf-SNAPSHOT/ratis-metrics-0.5.0-ced7dbf-SNAPSHOT.jar:/home/user/.m2/repository/org/apache/ratis/ratis-netty/0.5.0-ced7dbf-SNAPSHOT/ratis-netty-0.5.0-ced7dbf-SNAPSHOT.jar:/home/user/.m2/repository/org/apache/ratis/ratis-grpc/0.5.0-ced7dbf-SNAPSHOT/ratis-grpc-0.5.0-ced7dbf-SNAPSHOT.jar:/home/user/.m2/repository/org/rocksdb/rocksdbjni/6.0.1/rocksdbjni-6.0.1.jar:/home/user/.m2/repository/org/apache/logging/log4j/log4j-api/2.11.0/log4j-api-2.11.0.jar:/home/user/.m2/repository/org/apache/logging/log4j/log4j-core/2.11.0/log4j-core-2.11.0.jar:/home/user/.m2/repository/com/lmax/disruptor/3.4.2/disruptor-3.4.2.jar:/home/user/.m2/repository/org/apache/commons/commons-pool2/2.6.0/commons-pool2-2.6.0.jar:/home/user/.m2/repository/org/bouncycastle/bcpkix-jdk15on/1.60/bcpkix-jdk15on-1.60.jar:/home/user/.m2/repository/commons-validator/commons-validator/1.6/commons-validator-1.6.jar:/home/user/.m2/repository/commons-digester/commons-digester/1.8.1/commons-digester-1.8.1.jar:/home/user/.m2/repository/io/jaegertracing/jaeger-client/0.34.0/jaeger-client-0.34.0.jar:/home/user/.m2/repository/io/jaegertracing/jaeger-thrift/0.34.0/jaeger-thrift-0.34.0.jar:/home/user/.m2/repository/org/apache/thrift/libthrift/0.12.0/libthrift-0.12.0.jar:/home/user/.m2/repository/com/squareup/okhttp3/okhttp/3.9.0/okhttp-3.9.0.jar:/home/user/.m2/repository/com/squareup/okio/okio/1.13.0/okio-1.13.0.jar:/home/user/.m2/repository/io/jaegertracing/jaeger-core/0.34.0/jaeger-core-0.34.0.jar:/home/user/.m2/repository/io/jaegertracing/jaeger-tracerresolver/0.34.0/jaeger-tracerresolver-0.34.0.jar:/home/user/.m2/repository/io/opentracing/contrib/opentracing-tracerresolver/0.1.5/opentracing-tracerresolver-0.1.5.jar:/home/user/.m2/repository/io/opentracing/opentracing-util/0.31.0/opentracing-util-0.31.0.jar:/home/user/.m2/repository/io/opentracing/opentracing-api/0.31.0/opentracing-api-0.31.0.jar:/home/user/.m2/repository/io/opentracing/opentracing-noop/0.31.0/opentracing-noop-0.31.0.jar:/home/user/.m2/repository/org/apache/hadoop/hadoop-hdds-server-framework/0.5.0-SNAPSHOT/hadoop-hdds-server-framework-0.5.0-SNAPSHOT.jar:/home/user/.m2/repository/org/apache/hadoop/hadoop-hdds-container-service/0.5.0-SNAPSHOT/hadoop-hdds-container-service-0.5.0-SNAPSHOT.jar:/home/user/.m2/repository/org/apache/hadoop/hadoop-hdds-client/0.5.0-SNAPSHOT/hadoop-hdds-client-0.5.0-SNAPSHOT.jar:/home/user/.m2/repository/org/apache/hadoop/hadoop-hdds-tools/0.5.0-SNAPSHOT/hadoop-hdds-tools-0.5.0-SNAPSHOT.jar:/home/user/.m2/repository/org/apache/hadoop/hadoop-hdds-server-scm/0.5.0-SNAPSHOT/hadoop-hdds-server-scm-0.5.0-SNAPSHOT.jar:/home/user/.m2/repository/org/apache/hadoop/hadoop-hdds-docs/0.5.0-SNAPSHOT/hadoop-hdds-docs-0.5.0-SNAPSHOT.jar:/home/user/.m2/repository/io/dropwizard/metrics/metrics-core/3.2.4/metrics-core-3.2.4.jar:/home/user/.m2/repository/org/hamcrest/hamcrest-all/1.3/hamcrest-all-1.3.jar:/home/user/.m2/repository/org/bouncycastle/bcprov-jdk15on/1.60/bcprov-jdk15on-1.60.jar:/home/user/.m2/repository/info/picocli/picocli/3.9.6/picocli-3.9.6.jar:/home/user/.m2/repository/com/google/protobuf/protobuf-java/2.5.0/protobuf-java-2.5.0.jar:/home/user/.m2/repository/com/google/guava/guava/11.0.2/guava-11.0.2.jar:/home/user/.m2/repository/org/apache/hadoop/hadoop-ozone-ozone-manager/0.5.0-SNAPSHOT/hadoop-ozone-ozone-manager-0.5.0-SNAPSHOT.jar:/home/user/.m2/repository/org/apache/hadoop/hadoop-minikdc/3.2.0/hadoop-minikdc-3.2.0.jar:/home/user/.m2/repository/commons-io/commons-io/2.5/commons-io-2.5.jar:/home/user/.m2/repository/org/apache/kerby/kerb-simplekdc/1.0.1/kerb-simplekdc-1.0.1.jar:/home/user/.m2/repository/org/apache/kerby/kerb-client/1.0.1/kerb-client-1.0.1.jar:/home/user/.m2/repository/org/apache/kerby/kerby-config/1.0.1/kerby-config-1.0.1.jar:/home/user/.m2/repository/org/apache/kerby/kerb-core/1.0.1/kerb-core-1.0.1.jar:/home/user/.m2/repository/org/apache/kerby/kerby-pkix/1.0.1/kerby-pkix-1.0.1.jar:/home/user/.m2/repository/org/apache/kerby/kerby-asn1/1.0.1/kerby-asn1-1.0.1.jar:/home/user/.m2/repository/org/apache/kerby/kerby-util/1.0.1/kerby-util-1.0.1.jar:/home/user/.m2/repository/org/apache/kerby/kerb-common/1.0.1/kerb-common-1.0.1.jar:/home/user/.m2/repository/org/apache/kerby/kerb-crypto/1.0.1/kerb-crypto-1.0.1.jar:/home/user/.m2/repository/org/apache/kerby/kerb-util/1.0.1/kerb-util-1.0.1.jar:/home/user/.m2/repository/org/apache/kerby/token-provider/1.0.1/token-provider-1.0.1.jar:/home/user/.m2/repository/org/apache/kerby/kerb-admin/1.0.1/kerb-admin-1.0.1.jar:/home/user/.m2/repository/org/apache/kerby/kerb-server/1.0.1/kerb-server-1.0.1.jar:/home/user/.m2/repository/org/apache/kerby/kerb-identity/1.0.1/kerb-identity-1.0.1.jar:/home/user/.m2/repository/org/apache/kerby/kerby-xdr/1.0.1/kerby-xdr-1.0.1.jar:/home/user/.m2/repository/org/slf4j/slf4j-log4j12/1.7.25/slf4j-log4j12-1.7.25.jar:/home/user/.m2/repository/org/apache/hadoop/hadoop-ozone-s3gateway/0.5.0-SNAPSHOT/hadoop-ozone-s3gateway-0.5.0-SNAPSHOT.jar:/home/user/.m2/repository/org/jboss/weld/servlet/weld-servlet/2.4.7.Final/weld-servlet-2.4.7.Final.jar:/home/user/.m2/repository/org/glassfish/jersey/containers/jersey-container-servlet-core/2.27/jersey-container-servlet-core-2.27.jar:/home/user/.m2/repository/org/glassfish/hk2/external/javax.inject/2.5.0-b42/javax.inject-2.5.0-b42.jar:/home/user/.m2/repository/org/glassfish/jersey/core/jersey-common/2.27/jersey-common-2.27.jar:/home/user/.m2/repository/org/glassfish/hk2/osgi-resource-locator/1.0.1/osgi-resource-locator-1.0.1.jar:/home/user/.m2/repository/javax/ws/rs/javax.ws.rs-api/2.1/javax.ws.rs-api-2.1.jar:/home/user/.m2/repository/org/glassfish/jersey/ext/cdi/jersey-cdi1x/2.27/jersey-cdi1x-2.27.jar:/home/user/.m2/repository/org/glassfish/jersey/inject/jersey-hk2/2.27/jersey-hk2-2.27.jar:/home/user/.m2/repository/org/glassfish/hk2/hk2-locator/2.5.0-b42/hk2-locator-2.5.0-b42.jar:/home/user/.m2/repository/org/javassist/javassist/3.22.0-CR2/javassist-3.22.0-CR2.jar:/home/user/.m2/repository/org/glassfish/hk2/hk2-api/2.5.0/hk2-api-2.5.0.jar:/home/user/.m2/repository/org/glassfish/hk2/external/jakarta.inject/2.5.0/jakarta.inject-2.5.0.jar:/home/user/.m2/repository/org/glassfish/hk2/hk2-utils/2.5.0/hk2-utils-2.5.0.jar:/home/user/.m2/repository/jakarta/annotation/jakarta.annotation-api/1.3.4/jakarta.annotation-api-1.3.4.jar:/home/user/.m2/repository/org/glassfish/hk2/external/aopalliance-repackaged/2.5.0/aopalliance-repackaged-2.5.0.jar:/home/user/.m2/repository/com/fasterxml/jackson/dataformat/jackson-dataformat-xml/2.9.0/jackson-dataformat-xml-2.9.0.jar:/home/user/.m2/repository/com/fasterxml/jackson/core/jackson-core/2.9.9/jackson-core-2.9.9.jar:/home/user/.m2/repository/com/fasterxml/jackson/module/jackson-module-jaxb-annotations/2.9.9/jackson-module-jaxb-annotations-2.9.9.jar:/home/user/.m2/repository/javax/enterprise/cdi-api/1.2/cdi-api-1.2.jar:/home/user/.m2/repository/javax/el/javax.el-api/3.0.0/javax.el-api-3.0.0.jar:/home/user/.m2/repository/javax/interceptor/javax.interceptor-api/1.2/javax.interceptor-api-1.2.jar:/home/user/.m2/repository/javax/inject/javax.inject/1/javax.inject-1.jar:/home/user/.m2/repository/com/sun/xml/bind/jaxb-impl/2.3.0.1/jaxb-impl-2.3.0.1.jar:/home/user/.m2/repository/com/sun/xml/bind/jaxb-core/2.3.0.1/jaxb-core-2.3.0.1.jar:/home/user/.m2/repository/javax/xml/bind/jaxb-api/2.3.0/jaxb-api-2.3.0.jar:/home/user/.m2/repository/javax/activation/activation/1.1.1/activation-1.1.1.jar:/home/user/.m2/repository/org/apache/hadoop/hadoop-ozone-csi/0.5.0-SNAPSHOT/hadoop-ozone-csi-0.5.0-SNAPSHOT.jar:/home/user/.m2/repository/com/google/protobuf/protobuf-java-util/3.5.1/protobuf-java-util-3.5.1.jar:/home/user/.m2/repository/org/apache/hadoop/hadoop-hdds-config/0.5.0-SNAPSHOT/hadoop-hdds-config-0.5.0-SNAPSHOT.jar:/home/user/.m2/repository/io/grpc/grpc-netty/1.17.1/grpc-netty-1.17.1.jar:/home/user/.m2/repository/io/grpc/grpc-core/1.17.1/grpc-core-1.17.1.jar:/home/user/.m2/repository/io/grpc/grpc-context/1.17.1/grpc-context-1.17.1.jar:/home/user/.m2/repository/com/google/errorprone/error_prone_annotations/2.2.0/error_prone_annotations-2.2.0.jar:/home/user/.m2/repository/org/codehaus/mojo/animal-sniffer-annotations/1.17/animal-sniffer-annotations-1.17.jar:/home/user/.m2/repository/io/opencensus/opencensus-api/0.17.0/opencensus-api-0.17.0.jar:/home/user/.m2/repository/io/opencensus/opencensus-contrib-grpc-metrics/0.17.0/opencensus-contrib-grpc-metrics-0.17.0.jar:/home/user/.m2/repository/io/netty/netty-codec-http2/4.1.30.Final/netty-codec-http2-4.1.30.Final.jar:/home/user/.m2/repository/io/netty/netty-codec-http/4.1.30.Final/netty-codec-http-4.1.30.Final.jar:/home/user/.m2/repository/io/netty/netty-codec/4.1.30.Final/netty-codec-4.1.30.Final.jar:/home/user/.m2/repository/io/netty/netty-handler/4.1.30.Final/netty-handler-4.1.30.Final.jar:/home/user/.m2/repository/io/netty/netty-handler-proxy/4.1.30.Final/netty-handler-proxy-4.1.30.Final.jar:/home/user/.m2/repository/io/netty/netty-codec-socks/4.1.30.Final/netty-codec-socks-4.1.30.Final.jar:/home/user/.m2/repository/io/netty/netty-transport-native-epoll/4.1.30.Final/netty-transport-native-epoll-4.1.30.Final.jar:/home/user/.m2/repository/io/netty/netty-common/4.1.30.Final/netty-common-4.1.30.Final.jar:/home/user/.m2/repository/io/netty/netty-buffer/4.1.30.Final/netty-buffer-4.1.30.Final.jar:/home/user/.m2/repository/io/netty/netty-transport/4.1.30.Final/netty-transport-4.1.30.Final.jar:/home/user/.m2/repository/io/netty/netty-resolver/4.1.30.Final/netty-resolver-4.1.30.Final.jar:/home/user/.m2/repository/io/netty/netty-transport-native-unix-common/4.1.30.Final/netty-transport-native-unix-common-4.1.30.Final.jar:/home/user/.m2/repository/io/grpc/grpc-protobuf/1.17.1/grpc-protobuf-1.17.1.jar:/home/user/.m2/repository/com/google/api/grpc/proto-google-common-protos/1.0.0/proto-google-common-protos-1.0.0.jar:/home/user/.m2/repository/io/grpc/grpc-protobuf-lite/1.17.1/grpc-protobuf-lite-1.17.1.jar:/home/user/.m2/repository/io/grpc/grpc-stub/1.17.1/grpc-stub-1.17.1.jar:/home/user/.m2/repository/org/apache/hadoop/hadoop-ozone-recon/0.5.0-SNAPSHOT/hadoop-ozone-recon-0.5.0-SNAPSHOT.jar:/home/user/.m2/repository/org/apache/hadoop/hadoop-ozone-reconcodegen/0.5.0-SNAPSHOT/hadoop-ozone-reconcodegen-0.5.0-SNAPSHOT.jar:/home/user/.m2/repository/com/google/inject/extensions/guice-multibindings/4.0/guice-multibindings-4.0.jar:/home/user/.m2/repository/com/google/inject/guice/4.0/guice-4.0.jar:/home/user/.m2/repository/aopalliance/aopalliance/1.0/aopalliance-1.0.jar:/home/user/.m2/repository/com/google/inject/extensions/guice-servlet/4.0/guice-servlet-4.0.jar:/home/user/.m2/repository/org/glassfish/jersey/containers/jersey-container-servlet/2.27/jersey-container-servlet-2.27.jar:/home/user/.m2/repository/org/glassfish/hk2/guice-bridge/2.5.0/guice-bridge-2.5.0.jar:/home/user/.m2/repository/org/glassfish/jersey/core/jersey-server/2.27/jersey-server-2.27.jar:/home/user/.m2/repository/org/glassfish/jersey/core/jersey-client/2.27/jersey-client-2.27.jar:/home/user/.m2/repository/org/glassfish/jersey/media/jersey-media-jaxb/2.27/jersey-media-jaxb-2.27.jar:/home/user/.m2/repository/javax/validation/validation-api/1.1.0.Final/validation-api-1.1.0.Final.jar:/home/user/.m2/repository/org/glassfish/jersey/media/jersey-media-json-jackson/2.27/jersey-media-json-jackson-2.27.jar:/home/user/.m2/repository/org/glassfish/jersey/ext/jersey-entity-filtering/2.27/jersey-entity-filtering-2.27.jar:/home/user/.m2/repository/com/google/inject/extensions/guice-assistedinject/4.0/guice-assistedinject-4.0.jar:/home/user/.m2/repository/org/jooq/jooq/3.11.10/jooq-3.11.10.jar:/home/user/.m2/repository/org/jooq/jooq-meta/3.11.10/jooq-meta-3.11.10.jar:/home/user/.m2/repository/org/jooq/jooq-codegen/3.11.10/jooq-codegen-3.11.10.jar:/home/user/.m2/repository/com/jolbox/bonecp/0.8.0.RELEASE/bonecp-0.8.0.RELEASE.jar:/home/user/.m2/repository/org/xerial/sqlite-jdbc/3.25.2/sqlite-jdbc-3.25.2.jar:/home/user/.m2/repository/org/springframework/spring-jdbc/5.1.3.RELEASE/spring-jdbc-5.1.3.RELEASE.jar:/home/user/.m2/repository/org/springframework/spring-beans/5.1.3.RELEASE/spring-beans-5.1.3.RELEASE.jar:/home/user/.m2/repository/org/springframework/spring-core/5.1.3.RELEASE/spring-core-5.1.3.RELEASE.jar:/home/user/.m2/repository/org/springframework/spring-jcl/5.1.3.RELEASE/spring-jcl-5.1.3.RELEASE.jar:/home/user/.m2/repository/org/springframework/spring-tx/5.1.3.RELEASE/spring-tx-5.1.3.RELEASE.jar:/home/user/.m2/repository/org/apache/hadoop/hadoop-ozone-client/0.5.0-SNAPSHOT/hadoop-ozone-client-0.5.0-SNAPSHOT.jar:/home/user/.m2/repository/commons-lang/commons-lang/2.6/commons-lang-2.6.jar:/home/user/.m2/repository/org/apache/hadoop/hadoop-ozone-ozone-manager/0.5.0-SNAPSHOT/hadoop-ozone-ozone-manager-0.5.0-SNAPSHOT-tests.jar:/home/user/.m2/repository/junit/junit/4.11/junit-4.11.jar:/home/user/.m2/repository/org/hamcrest/hamcrest-core/1.3/hamcrest-core-1.3.jar:/home/user/.m2/repository/org/openjdk/jmh/jmh-core/1.19/jmh-core-1.19.jar:/home/user/.m2/repository/net/sf/jopt-simple/jopt-simple/4.6/jopt-simple-4.6.jar:/home/user/.m2/repository/org/apache/commons/commons-math3/3.1.1/commons-math3-3.1.1.jar:/home/user/.m2/repository/org/openjdk/jmh/jmh-generator-annprocess/1.19/jmh-generator-annprocess-1.19.jar:/home/user/.m2/repository/org/mockito/mockito-all/1.8.5/mockito-all-1.8.5.jar:/home/user/.m2/repository/org/apache/hadoop/hadoop-kms/3.2.0/hadoop-kms-3.2.0.jar:/home/user/.m2/repository/org/apache/hadoop/hadoop-auth/3.2.0/hadoop-auth-3.2.0.jar:/home/user/.m2/repository/com/nimbusds/nimbus-jose-jwt/4.41.1/nimbus-jose-jwt-4.41.1.jar:/home/user/.m2/repository/com/github/stephenc/jcip/jcip-annotations/1.0-1/jcip-annotations-1.0-1.jar:/home/user/.m2/repository/net/minidev/json-smart/2.3/json-smart-2.3.jar:/home/user/.m2/repository/net/minidev/accessors-smart/1.2/accessors-smart-1.2.jar:/home/user/.m2/repository/org/ow2/asm/asm/5.0.4/asm-5.0.4.jar:/home/user/.m2/repository/org/apache/curator/curator-framework/2.12.0/curator-framework-2.12.0.jar:/home/user/.m2/repository/com/sun/jersey/jersey-core/1.19/jersey-core-1.19.jar:/home/user/.m2/repository/javax/ws/rs/jsr311-api/1.1.1/jsr311-api-1.1.1.jar:/home/user/.m2/repository/com/sun/jersey/jersey-server/1.19/jersey-server-1.19.jar:/home/user/.m2/repository/javax/servlet/javax.servlet-api/3.1.0/javax.servlet-api-3.1.0.jar:/home/user/.m2/repository/org/eclipse/jetty/jetty-server/9.3.25.v20180904/jetty-server-9.3.25.v20180904.jar:/home/user/.m2/repository/org/eclipse/jetty/jetty-http/9.3.25.v20180904/jetty-http-9.3.25.v20180904.jar:/home/user/.m2/repository/org/eclipse/jetty/jetty-io/9.3.25.v20180904/jetty-io-9.3.25.v20180904.jar:/home/user/.m2/repository/org/eclipse/jetty/jetty-webapp/9.3.25.v20180904/jetty-webapp-9.3.25.v20180904.jar:/home/user/.m2/repository/org/eclipse/jetty/jetty-xml/9.3.25.v20180904/jetty-xml-9.3.25.v20180904.jar:/home/user/.m2/repository/log4j/log4j/1.2.17/log4j-1.2.17.jar:/home/user/.m2/repository/org/slf4j/slf4j-api/1.7.25/slf4j-api-1.7.25.jar:/home/user/.m2/repository/org/slf4j/jul-to-slf4j/1.7.25/jul-to-slf4j-1.7.25.jar:/home/user/.m2/repository/org/eclipse/jetty/jetty-util/9.3.25.v20180904/jetty-util-9.3.25.v20180904.jar:/home/user/.m2/repository/com/fasterxml/jackson/core/jackson-databind/2.9.9/jackson-databind-2.9.9.jar:/home/user/.m2/repository/org/apache/hadoop/hadoop-kms/3.2.0/hadoop-kms-3.2.0-tests.jar:/home/user/.m2/repository/org/apache/hadoop/hadoop-hdds-server-scm/0.5.0-SNAPSHOT/hadoop-hdds-server-scm-0.5.0-SNAPSHOT-tests.jar:/home/user/.m2/repository/org/apache/hadoop/hadoop-hdds-container-service/0.5.0-SNAPSHOT/hadoop-hdds-container-service-0.5.0-SNAPSHOT-tests.jar:/home/user/.m2/repository/org/yaml/snakeyaml/1.16/snakeyaml-1.16.jar:/home/user/.m2/repository/org/apache/hadoop/hadoop-common/3.2.0/hadoop-common-3.2.0-tests.jar:/home/user/.m2/repository/org/apache/hadoop/hadoop-annotations/3.2.0/hadoop-annotations-3.2.0.jar:/usr/lib/jvm/java-1.8.0-openjdk-1.8.0.222.b10-1.el7_7.x86_64/jre/../lib/tools.jar:/home/user/.m2/repository/commons-cli/commons-cli/1.2/commons-cli-1.2.jar:/home/user/.m2/repository/org/apache/httpcomponents/httpclient/4.5.2/httpclient-4.5.2.jar:/home/user/.m2/repository/org/apache/httpcomponents/httpcore/4.4.4/httpcore-4.4.4.jar:/home/user/.m2/repository/commons-codec/commons-codec/1.11/commons-codec-1.11.jar:/home/user/.m2/repository/commons-net/commons-net/3.6/commons-net-3.6.jar:/home/user/.m2/repository/commons-collections/commons-collections/3.2.2/commons-collections-3.2.2.jar:/home/user/.m2/repository/org/eclipse/jetty/jetty-servlet/9.3.25.v20180904/jetty-servlet-9.3.25.v20180904.jar:/home/user/.m2/repository/org/eclipse/jetty/jetty-security/9.3.25.v20180904/jetty-security-9.3.25.v20180904.jar:/home/user/.m2/repository/javax/servlet/jsp/jsp-api/2.1/jsp-api-2.1.jar:/home/user/.m2/repository/com/sun/jersey/jersey-servlet/1.19/jersey-servlet-1.19.jar:/home/user/.m2/repository/com/sun/jersey/jersey-json/1.19/jersey-json-1.19.jar:/home/user/.m2/repository/org/codehaus/jettison/jettison/1.1/jettison-1.1.jar:/home/user/.m2/repository/org/codehaus/jackson/jackson-core-asl/1.9.13/jackson-core-asl-1.9.13.jar:/home/user/.m2/repository/org/codehaus/jackson/jackson-mapper-asl/1.9.13/jackson-mapper-asl-1.9.13.jar:/home/user/.m2/repository/org/codehaus/jackson/jackson-jaxrs/1.9.13/jackson-jaxrs-1.9.13.jar:/home/user/.m2/repository/org/codehaus/jackson/jackson-xc/1.9.13/jackson-xc-1.9.13.jar:/home/user/.m2/repository/commons-logging/commons-logging/1.1.3/commons-logging-1.1.3.jar:/home/user/.m2/repository/commons-beanutils/commons-beanutils/1.9.4/commons-beanutils-1.9.4.jar:/home/user/.m2/repository/org/apache/commons/commons-configuration2/2.1.1/commons-configuration2-2.1.1.jar:/home/user/.m2/repository/org/apache/commons/commons-lang3/3.7/commons-lang3-3.7.jar:/home/user/.m2/repository/org/apache/commons/commons-text/1.4/commons-text-1.4.jar:/home/user/.m2/repository/org/apache/avro/avro/1.7.7/avro-1.7.7.jar:/home/user/.m2/repository/com/thoughtworks/paranamer/paranamer/2.3/paranamer-2.3.jar:/home/user/.m2/repository/org/xerial/snappy/snappy-java/1.0.5/snappy-java-1.0.5.jar:/home/user/.m2/repository/com/google/re2j/re2j/1.1/re2j-1.1.jar:/home/user/.m2/repository/com/google/code/gson/gson/2.2.4/gson-2.2.4.jar:/home/user/.m2/repository/com/jcraft/jsch/0.1.54/jsch-0.1.54.jar:/home/user/.m2/repository/org/apache/curator/curator-client/2.12.0/curator-client-2.12.0.jar:/home/user/.m2/repository/org/apache/curator/curator-recipes/2.12.0/curator-recipes-2.12.0.jar:/home/user/.m2/repository/com/google/code/findbugs/jsr305/3.0.0/jsr305-3.0.0.jar:/home/user/.m2/repository/org/apache/htrace/htrace-core4/4.1.0-incubating/htrace-core4-4.1.0-incubating.jar:/home/user/.m2/repository/org/apache/zookeeper/zookeeper/3.4.13/zookeeper-3.4.13.jar:/home/user/.m2/repository/jline/jline/0.9.94/jline-0.9.94.jar:/home/user/.m2/repository/org/apache/yetus/audience-annotations/0.5.0/audience-annotations-0.5.0.jar:/home/user/.m2/repository/org/codehaus/woodstox/stax2-api/3.1.4/stax2-api-3.1.4.jar:/home/user/.m2/repository/com/fasterxml/woodstox/woodstox-core/5.0.3/woodstox-core-5.0.3.jar:/home/user/.m2/repository/dnsjava/dnsjava/2.1.7/dnsjava-2.1.7.jar:/home/user/.m2/repository/org/apache/hadoop/hadoop-hdfs/3.2.0/hadoop-hdfs-3.2.0-tests.jar:/home/user/.m2/repository/org/eclipse/jetty/jetty-util-ajax/9.3.25.v20180904/jetty-util-ajax-9.3.25.v20180904.jar:/home/user/.m2/repository/commons-daemon/commons-daemon/1.0.13/commons-daemon-1.0.13.jar:/home/user/.m2/repository/io/netty/netty/3.10.5.Final/netty-3.10.5.Final.jar:/home/user/.m2/repository/io/netty/netty-all/4.0.52.Final/netty-all-4.0.52.Final.jar:/home/user/.m2/repository/org/fusesource/leveldbjni/leveldbjni-all/1.8/leveldbjni-all-1.8.jar:"/>
    <property name="java.vm.vendor" value="Oracle Corporation"/>
    <property name="sun.arch.data.model" value="64"/>
    <property name="test.build.dir" value="/workdir/hadoop-ozone/integration-test/target/test-dir"/>
    <property name="test.cache.data" value=""/>
    <property name="java.vendor.url" value="http://java.oracle.com/"/>
    <property name="user.timezone" value=""/>
    <property name="java.vm.specification.version" value="1.8"/>
    <property name="os.name" value="Linux"/>
    <property name="test.build.data" value="/workdir/hadoop-ozone/integration-test/target/test-dir"/>
    <property name="user.country" value="US"/>
    <property name="sun.java.launcher" value="SUN_STANDARD"/>
    <property name="sun.boot.library.path" value="/usr/lib/jvm/java-1.8.0-openjdk-1.8.0.222.b10-1.el7_7.x86_64/jre/lib/amd64"/>
    <property name="sun.java.command" value="/workdir/hadoop-ozone/integration-test/target/surefire/surefirebooter3322786508048371623.jar /workdir/hadoop-ozone/integration-test/target/surefire 2019-10-21T01-50-38_607-jvmRun1 surefire2899548364467598742tmp surefire_426228065127973905039tmp"/>
    <property name="surefire.test.class.path" value="/workdir/hadoop-ozone/integration-test/target/test-classes:/workdir/hadoop-ozone/integration-test/target/classes:/home/user/.m2/repository/org/apache/hadoop/hadoop-ozone-common/0.5.0-SNAPSHOT/hadoop-ozone-common-0.5.0-SNAPSHOT.jar:/home/user/.m2/repository/org/apache/commons/commons-compress/1.4.1/commons-compress-1.4.1.jar:/home/user/.m2/repository/org/tukaani/xz/1.0/xz-1.0.jar:/home/user/.m2/repository/org/apache/hadoop/hadoop-common/3.2.0/hadoop-common-3.2.0.jar:/home/user/.m2/repository/org/apache/hadoop/hadoop-hdfs/3.2.0/hadoop-hdfs-3.2.0.jar:/home/user/.m2/repository/org/apache/hadoop/hadoop-hdfs-client/3.2.0/hadoop-hdfs-client-3.2.0.jar:/home/user/.m2/repository/com/fasterxml/jackson/core/jackson-annotations/2.9.9/jackson-annotations-2.9.9.jar:/home/user/.m2/repository/org/apache/hadoop/hadoop-hdds-common/0.5.0-SNAPSHOT/hadoop-hdds-common-0.5.0-SNAPSHOT.jar:/home/user/.m2/repository/javax/annotation/javax.annotation-api/1.2/javax.annotation-api-1.2.jar:/home/user/.m2/repository/org/apache/ratis/ratis-server/0.5.0-ced7dbf-SNAPSHOT/ratis-server-0.5.0-ced7dbf-SNAPSHOT.jar:/home/user/.m2/repository/org/apache/ratis/ratis-thirdparty-misc/0.2.0/ratis-thirdparty-misc-0.2.0.jar:/home/user/.m2/repository/org/apache/ratis/ratis-proto/0.5.0-ced7dbf-SNAPSHOT/ratis-proto-0.5.0-ced7dbf-SNAPSHOT.jar:/home/user/.m2/repository/org/apache/ratis/ratis-common/0.5.0-ced7dbf-SNAPSHOT/ratis-common-0.5.0-ced7dbf-SNAPSHOT.jar:/home/user/.m2/repository/org/apache/ratis/ratis-client/0.5.0-ced7dbf-SNAPSHOT/ratis-client-0.5.0-ced7dbf-SNAPSHOT.jar:/home/user/.m2/repository/org/apache/ratis/ratis-metrics/0.5.0-ced7dbf-SNAPSHOT/ratis-metrics-0.5.0-ced7dbf-SNAPSHOT.jar:/home/user/.m2/repository/org/apache/ratis/ratis-netty/0.5.0-ced7dbf-SNAPSHOT/ratis-netty-0.5.0-ced7dbf-SNAPSHOT.jar:/home/user/.m2/repository/org/apache/ratis/ratis-grpc/0.5.0-ced7dbf-SNAPSHOT/ratis-grpc-0.5.0-ced7dbf-SNAPSHOT.jar:/home/user/.m2/repository/org/rocksdb/rocksdbjni/6.0.1/rocksdbjni-6.0.1.jar:/home/user/.m2/repository/org/apache/logging/log4j/log4j-api/2.11.0/log4j-api-2.11.0.jar:/home/user/.m2/repository/org/apache/logging/log4j/log4j-core/2.11.0/log4j-core-2.11.0.jar:/home/user/.m2/repository/com/lmax/disruptor/3.4.2/disruptor-3.4.2.jar:/home/user/.m2/repository/org/apache/commons/commons-pool2/2.6.0/commons-pool2-2.6.0.jar:/home/user/.m2/repository/org/bouncycastle/bcpkix-jdk15on/1.60/bcpkix-jdk15on-1.60.jar:/home/user/.m2/repository/commons-validator/commons-validator/1.6/commons-validator-1.6.jar:/home/user/.m2/repository/commons-digester/commons-digester/1.8.1/commons-digester-1.8.1.jar:/home/user/.m2/repository/io/jaegertracing/jaeger-client/0.34.0/jaeger-client-0.34.0.jar:/home/user/.m2/repository/io/jaegertracing/jaeger-thrift/0.34.0/jaeger-thrift-0.34.0.jar:/home/user/.m2/repository/org/apache/thrift/libthrift/0.12.0/libthrift-0.12.0.jar:/home/user/.m2/repository/com/squareup/okhttp3/okhttp/3.9.0/okhttp-3.9.0.jar:/home/user/.m2/repository/com/squareup/okio/okio/1.13.0/okio-1.13.0.jar:/home/user/.m2/repository/io/jaegertracing/jaeger-core/0.34.0/jaeger-core-0.34.0.jar:/home/user/.m2/repository/io/jaegertracing/jaeger-tracerresolver/0.34.0/jaeger-tracerresolver-0.34.0.jar:/home/user/.m2/repository/io/opentracing/contrib/opentracing-tracerresolver/0.1.5/opentracing-tracerresolver-0.1.5.jar:/home/user/.m2/repository/io/opentracing/opentracing-util/0.31.0/opentracing-util-0.31.0.jar:/home/user/.m2/repository/io/opentracing/opentracing-api/0.31.0/opentracing-api-0.31.0.jar:/home/user/.m2/repository/io/opentracing/opentracing-noop/0.31.0/opentracing-noop-0.31.0.jar:/home/user/.m2/repository/org/apache/hadoop/hadoop-hdds-server-framework/0.5.0-SNAPSHOT/hadoop-hdds-server-framework-0.5.0-SNAPSHOT.jar:/home/user/.m2/repository/org/apache/hadoop/hadoop-hdds-container-service/0.5.0-SNAPSHOT/hadoop-hdds-container-service-0.5.0-SNAPSHOT.jar:/home/user/.m2/repository/org/apache/hadoop/hadoop-hdds-client/0.5.0-SNAPSHOT/hadoop-hdds-client-0.5.0-SNAPSHOT.jar:/home/user/.m2/repository/org/apache/hadoop/hadoop-hdds-tools/0.5.0-SNAPSHOT/hadoop-hdds-tools-0.5.0-SNAPSHOT.jar:/home/user/.m2/repository/org/apache/hadoop/hadoop-hdds-server-scm/0.5.0-SNAPSHOT/hadoop-hdds-server-scm-0.5.0-SNAPSHOT.jar:/home/user/.m2/repository/org/apache/hadoop/hadoop-hdds-docs/0.5.0-SNAPSHOT/hadoop-hdds-docs-0.5.0-SNAPSHOT.jar:/home/user/.m2/repository/io/dropwizard/metrics/metrics-core/3.2.4/metrics-core-3.2.4.jar:/home/user/.m2/repository/org/hamcrest/hamcrest-all/1.3/hamcrest-all-1.3.jar:/home/user/.m2/repository/org/bouncycastle/bcprov-jdk15on/1.60/bcprov-jdk15on-1.60.jar:/home/user/.m2/repository/info/picocli/picocli/3.9.6/picocli-3.9.6.jar:/home/user/.m2/repository/com/google/protobuf/protobuf-java/2.5.0/protobuf-java-2.5.0.jar:/home/user/.m2/repository/com/google/guava/guava/11.0.2/guava-11.0.2.jar:/home/user/.m2/repository/org/apache/hadoop/hadoop-ozone-ozone-manager/0.5.0-SNAPSHOT/hadoop-ozone-ozone-manager-0.5.0-SNAPSHOT.jar:/home/user/.m2/repository/org/apache/hadoop/hadoop-minikdc/3.2.0/hadoop-minikdc-3.2.0.jar:/home/user/.m2/repository/commons-io/commons-io/2.5/commons-io-2.5.jar:/home/user/.m2/repository/org/apache/kerby/kerb-simplekdc/1.0.1/kerb-simplekdc-1.0.1.jar:/home/user/.m2/repository/org/apache/kerby/kerb-client/1.0.1/kerb-client-1.0.1.jar:/home/user/.m2/repository/org/apache/kerby/kerby-config/1.0.1/kerby-config-1.0.1.jar:/home/user/.m2/repository/org/apache/kerby/kerb-core/1.0.1/kerb-core-1.0.1.jar:/home/user/.m2/repository/org/apache/kerby/kerby-pkix/1.0.1/kerby-pkix-1.0.1.jar:/home/user/.m2/repository/org/apache/kerby/kerby-asn1/1.0.1/kerby-asn1-1.0.1.jar:/home/user/.m2/repository/org/apache/kerby/kerby-util/1.0.1/kerby-util-1.0.1.jar:/home/user/.m2/repository/org/apache/kerby/kerb-common/1.0.1/kerb-common-1.0.1.jar:/home/user/.m2/repository/org/apache/kerby/kerb-crypto/1.0.1/kerb-crypto-1.0.1.jar:/home/user/.m2/repository/org/apache/kerby/kerb-util/1.0.1/kerb-util-1.0.1.jar:/home/user/.m2/repository/org/apache/kerby/token-provider/1.0.1/token-provider-1.0.1.jar:/home/user/.m2/repository/org/apache/kerby/kerb-admin/1.0.1/kerb-admin-1.0.1.jar:/home/user/.m2/repository/org/apache/kerby/kerb-server/1.0.1/kerb-server-1.0.1.jar:/home/user/.m2/repository/org/apache/kerby/kerb-identity/1.0.1/kerb-identity-1.0.1.jar:/home/user/.m2/repository/org/apache/kerby/kerby-xdr/1.0.1/kerby-xdr-1.0.1.jar:/home/user/.m2/repository/org/slf4j/slf4j-log4j12/1.7.25/slf4j-log4j12-1.7.25.jar:/home/user/.m2/repository/org/apache/hadoop/hadoop-ozone-s3gateway/0.5.0-SNAPSHOT/hadoop-ozone-s3gateway-0.5.0-SNAPSHOT.jar:/home/user/.m2/repository/org/jboss/weld/servlet/weld-servlet/2.4.7.Final/weld-servlet-2.4.7.Final.jar:/home/user/.m2/repository/org/glassfish/jersey/containers/jersey-container-servlet-core/2.27/jersey-container-servlet-core-2.27.jar:/home/user/.m2/repository/org/glassfish/hk2/external/javax.inject/2.5.0-b42/javax.inject-2.5.0-b42.jar:/home/user/.m2/repository/org/glassfish/jersey/core/jersey-common/2.27/jersey-common-2.27.jar:/home/user/.m2/repository/org/glassfish/hk2/osgi-resource-locator/1.0.1/osgi-resource-locator-1.0.1.jar:/home/user/.m2/repository/javax/ws/rs/javax.ws.rs-api/2.1/javax.ws.rs-api-2.1.jar:/home/user/.m2/repository/org/glassfish/jersey/ext/cdi/jersey-cdi1x/2.27/jersey-cdi1x-2.27.jar:/home/user/.m2/repository/org/glassfish/jersey/inject/jersey-hk2/2.27/jersey-hk2-2.27.jar:/home/user/.m2/repository/org/glassfish/hk2/hk2-locator/2.5.0-b42/hk2-locator-2.5.0-b42.jar:/home/user/.m2/repository/org/javassist/javassist/3.22.0-CR2/javassist-3.22.0-CR2.jar:/home/user/.m2/repository/org/glassfish/hk2/hk2-api/2.5.0/hk2-api-2.5.0.jar:/home/user/.m2/repository/org/glassfish/hk2/external/jakarta.inject/2.5.0/jakarta.inject-2.5.0.jar:/home/user/.m2/repository/org/glassfish/hk2/hk2-utils/2.5.0/hk2-utils-2.5.0.jar:/home/user/.m2/repository/jakarta/annotation/jakarta.annotation-api/1.3.4/jakarta.annotation-api-1.3.4.jar:/home/user/.m2/repository/org/glassfish/hk2/external/aopalliance-repackaged/2.5.0/aopalliance-repackaged-2.5.0.jar:/home/user/.m2/repository/com/fasterxml/jackson/dataformat/jackson-dataformat-xml/2.9.0/jackson-dataformat-xml-2.9.0.jar:/home/user/.m2/repository/com/fasterxml/jackson/core/jackson-core/2.9.9/jackson-core-2.9.9.jar:/home/user/.m2/repository/com/fasterxml/jackson/module/jackson-module-jaxb-annotations/2.9.9/jackson-module-jaxb-annotations-2.9.9.jar:/home/user/.m2/repository/javax/enterprise/cdi-api/1.2/cdi-api-1.2.jar:/home/user/.m2/repository/javax/el/javax.el-api/3.0.0/javax.el-api-3.0.0.jar:/home/user/.m2/repository/javax/interceptor/javax.interceptor-api/1.2/javax.interceptor-api-1.2.jar:/home/user/.m2/repository/javax/inject/javax.inject/1/javax.inject-1.jar:/home/user/.m2/repository/com/sun/xml/bind/jaxb-impl/2.3.0.1/jaxb-impl-2.3.0.1.jar:/home/user/.m2/repository/com/sun/xml/bind/jaxb-core/2.3.0.1/jaxb-core-2.3.0.1.jar:/home/user/.m2/repository/javax/xml/bind/jaxb-api/2.3.0/jaxb-api-2.3.0.jar:/home/user/.m2/repository/javax/activation/activation/1.1.1/activation-1.1.1.jar:/home/user/.m2/repository/org/apache/hadoop/hadoop-ozone-csi/0.5.0-SNAPSHOT/hadoop-ozone-csi-0.5.0-SNAPSHOT.jar:/home/user/.m2/repository/com/google/protobuf/protobuf-java-util/3.5.1/protobuf-java-util-3.5.1.jar:/home/user/.m2/repository/org/apache/hadoop/hadoop-hdds-config/0.5.0-SNAPSHOT/hadoop-hdds-config-0.5.0-SNAPSHOT.jar:/home/user/.m2/repository/io/grpc/grpc-netty/1.17.1/grpc-netty-1.17.1.jar:/home/user/.m2/repository/io/grpc/grpc-core/1.17.1/grpc-core-1.17.1.jar:/home/user/.m2/repository/io/grpc/grpc-context/1.17.1/grpc-context-1.17.1.jar:/home/user/.m2/repository/com/google/errorprone/error_prone_annotations/2.2.0/error_prone_annotations-2.2.0.jar:/home/user/.m2/repository/org/codehaus/mojo/animal-sniffer-annotations/1.17/animal-sniffer-annotations-1.17.jar:/home/user/.m2/repository/io/opencensus/opencensus-api/0.17.0/opencensus-api-0.17.0.jar:/home/user/.m2/repository/io/opencensus/opencensus-contrib-grpc-metrics/0.17.0/opencensus-contrib-grpc-metrics-0.17.0.jar:/home/user/.m2/repository/io/netty/netty-codec-http2/4.1.30.Final/netty-codec-http2-4.1.30.Final.jar:/home/user/.m2/repository/io/netty/netty-codec-http/4.1.30.Final/netty-codec-http-4.1.30.Final.jar:/home/user/.m2/repository/io/netty/netty-codec/4.1.30.Final/netty-codec-4.1.30.Final.jar:/home/user/.m2/repository/io/netty/netty-handler/4.1.30.Final/netty-handler-4.1.30.Final.jar:/home/user/.m2/repository/io/netty/netty-handler-proxy/4.1.30.Final/netty-handler-proxy-4.1.30.Final.jar:/home/user/.m2/repository/io/netty/netty-codec-socks/4.1.30.Final/netty-codec-socks-4.1.30.Final.jar:/home/user/.m2/repository/io/netty/netty-transport-native-epoll/4.1.30.Final/netty-transport-native-epoll-4.1.30.Final.jar:/home/user/.m2/repository/io/netty/netty-common/4.1.30.Final/netty-common-4.1.30.Final.jar:/home/user/.m2/repository/io/netty/netty-buffer/4.1.30.Final/netty-buffer-4.1.30.Final.jar:/home/user/.m2/repository/io/netty/netty-transport/4.1.30.Final/netty-transport-4.1.30.Final.jar:/home/user/.m2/repository/io/netty/netty-resolver/4.1.30.Final/netty-resolver-4.1.30.Final.jar:/home/user/.m2/repository/io/netty/netty-transport-native-unix-common/4.1.30.Final/netty-transport-native-unix-common-4.1.30.Final.jar:/home/user/.m2/repository/io/grpc/grpc-protobuf/1.17.1/grpc-protobuf-1.17.1.jar:/home/user/.m2/repository/com/google/api/grpc/proto-google-common-protos/1.0.0/proto-google-common-protos-1.0.0.jar:/home/user/.m2/repository/io/grpc/grpc-protobuf-lite/1.17.1/grpc-protobuf-lite-1.17.1.jar:/home/user/.m2/repository/io/grpc/grpc-stub/1.17.1/grpc-stub-1.17.1.jar:/home/user/.m2/repository/org/apache/hadoop/hadoop-ozone-recon/0.5.0-SNAPSHOT/hadoop-ozone-recon-0.5.0-SNAPSHOT.jar:/home/user/.m2/repository/org/apache/hadoop/hadoop-ozone-reconcodegen/0.5.0-SNAPSHOT/hadoop-ozone-reconcodegen-0.5.0-SNAPSHOT.jar:/home/user/.m2/repository/com/google/inject/extensions/guice-multibindings/4.0/guice-multibindings-4.0.jar:/home/user/.m2/repository/com/google/inject/guice/4.0/guice-4.0.jar:/home/user/.m2/repository/aopalliance/aopalliance/1.0/aopalliance-1.0.jar:/home/user/.m2/repository/com/google/inject/extensions/guice-servlet/4.0/guice-servlet-4.0.jar:/home/user/.m2/repository/org/glassfish/jersey/containers/jersey-container-servlet/2.27/jersey-container-servlet-2.27.jar:/home/user/.m2/repository/org/glassfish/hk2/guice-bridge/2.5.0/guice-bridge-2.5.0.jar:/home/user/.m2/repository/org/glassfish/jersey/core/jersey-server/2.27/jersey-server-2.27.jar:/home/user/.m2/repository/org/glassfish/jersey/core/jersey-client/2.27/jersey-client-2.27.jar:/home/user/.m2/repository/org/glassfish/jersey/media/jersey-media-jaxb/2.27/jersey-media-jaxb-2.27.jar:/home/user/.m2/repository/javax/validation/validation-api/1.1.0.Final/validation-api-1.1.0.Final.jar:/home/user/.m2/repository/org/glassfish/jersey/media/jersey-media-json-jackson/2.27/jersey-media-json-jackson-2.27.jar:/home/user/.m2/repository/org/glassfish/jersey/ext/jersey-entity-filtering/2.27/jersey-entity-filtering-2.27.jar:/home/user/.m2/repository/com/google/inject/extensions/guice-assistedinject/4.0/guice-assistedinject-4.0.jar:/home/user/.m2/repository/org/jooq/jooq/3.11.10/jooq-3.11.10.jar:/home/user/.m2/repository/org/jooq/jooq-meta/3.11.10/jooq-meta-3.11.10.jar:/home/user/.m2/repository/org/jooq/jooq-codegen/3.11.10/jooq-codegen-3.11.10.jar:/home/user/.m2/repository/com/jolbox/bonecp/0.8.0.RELEASE/bonecp-0.8.0.RELEASE.jar:/home/user/.m2/repository/org/xerial/sqlite-jdbc/3.25.2/sqlite-jdbc-3.25.2.jar:/home/user/.m2/repository/org/springframework/spring-jdbc/5.1.3.RELEASE/spring-jdbc-5.1.3.RELEASE.jar:/home/user/.m2/repository/org/springframework/spring-beans/5.1.3.RELEASE/spring-beans-5.1.3.RELEASE.jar:/home/user/.m2/repository/org/springframework/spring-core/5.1.3.RELEASE/spring-core-5.1.3.RELEASE.jar:/home/user/.m2/repository/org/springframework/spring-jcl/5.1.3.RELEASE/spring-jcl-5.1.3.RELEASE.jar:/home/user/.m2/repository/org/springframework/spring-tx/5.1.3.RELEASE/spring-tx-5.1.3.RELEASE.jar:/home/user/.m2/repository/org/apache/hadoop/hadoop-ozone-client/0.5.0-SNAPSHOT/hadoop-ozone-client-0.5.0-SNAPSHOT.jar:/home/user/.m2/repository/commons-lang/commons-lang/2.6/commons-lang-2.6.jar:/home/user/.m2/repository/org/apache/hadoop/hadoop-ozone-ozone-manager/0.5.0-SNAPSHOT/hadoop-ozone-ozone-manager-0.5.0-SNAPSHOT-tests.jar:/home/user/.m2/repository/junit/junit/4.11/junit-4.11.jar:/home/user/.m2/repository/org/hamcrest/hamcrest-core/1.3/hamcrest-core-1.3.jar:/home/user/.m2/repository/org/openjdk/jmh/jmh-core/1.19/jmh-core-1.19.jar:/home/user/.m2/repository/net/sf/jopt-simple/jopt-simple/4.6/jopt-simple-4.6.jar:/home/user/.m2/repository/org/apache/commons/commons-math3/3.1.1/commons-math3-3.1.1.jar:/home/user/.m2/repository/org/openjdk/jmh/jmh-generator-annprocess/1.19/jmh-generator-annprocess-1.19.jar:/home/user/.m2/repository/org/mockito/mockito-all/1.8.5/mockito-all-1.8.5.jar:/home/user/.m2/repository/org/apache/hadoop/hadoop-kms/3.2.0/hadoop-kms-3.2.0.jar:/home/user/.m2/repository/org/apache/hadoop/hadoop-auth/3.2.0/hadoop-auth-3.2.0.jar:/home/user/.m2/repository/com/nimbusds/nimbus-jose-jwt/4.41.1/nimbus-jose-jwt-4.41.1.jar:/home/user/.m2/repository/com/github/stephenc/jcip/jcip-annotations/1.0-1/jcip-annotations-1.0-1.jar:/home/user/.m2/repository/net/minidev/json-smart/2.3/json-smart-2.3.jar:/home/user/.m2/repository/net/minidev/accessors-smart/1.2/accessors-smart-1.2.jar:/home/user/.m2/repository/org/ow2/asm/asm/5.0.4/asm-5.0.4.jar:/home/user/.m2/repository/org/apache/curator/curator-framework/2.12.0/curator-framework-2.12.0.jar:/home/user/.m2/repository/com/sun/jersey/jersey-core/1.19/jersey-core-1.19.jar:/home/user/.m2/repository/javax/ws/rs/jsr311-api/1.1.1/jsr311-api-1.1.1.jar:/home/user/.m2/repository/com/sun/jersey/jersey-server/1.19/jersey-server-1.19.jar:/home/user/.m2/repository/javax/servlet/javax.servlet-api/3.1.0/javax.servlet-api-3.1.0.jar:/home/user/.m2/repository/org/eclipse/jetty/jetty-server/9.3.25.v20180904/jetty-server-9.3.25.v20180904.jar:/home/user/.m2/repository/org/eclipse/jetty/jetty-http/9.3.25.v20180904/jetty-http-9.3.25.v20180904.jar:/home/user/.m2/repository/org/eclipse/jetty/jetty-io/9.3.25.v20180904/jetty-io-9.3.25.v20180904.jar:/home/user/.m2/repository/org/eclipse/jetty/jetty-webapp/9.3.25.v20180904/jetty-webapp-9.3.25.v20180904.jar:/home/user/.m2/repository/org/eclipse/jetty/jetty-xml/9.3.25.v20180904/jetty-xml-9.3.25.v20180904.jar:/home/user/.m2/repository/log4j/log4j/1.2.17/log4j-1.2.17.jar:/home/user/.m2/repository/org/slf4j/slf4j-api/1.7.25/slf4j-api-1.7.25.jar:/home/user/.m2/repository/org/slf4j/jul-to-slf4j/1.7.25/jul-to-slf4j-1.7.25.jar:/home/user/.m2/repository/org/eclipse/jetty/jetty-util/9.3.25.v20180904/jetty-util-9.3.25.v20180904.jar:/home/user/.m2/repository/com/fasterxml/jackson/core/jackson-databind/2.9.9/jackson-databind-2.9.9.jar:/home/user/.m2/repository/org/apache/hadoop/hadoop-kms/3.2.0/hadoop-kms-3.2.0-tests.jar:/home/user/.m2/repository/org/apache/hadoop/hadoop-hdds-server-scm/0.5.0-SNAPSHOT/hadoop-hdds-server-scm-0.5.0-SNAPSHOT-tests.jar:/home/user/.m2/repository/org/apache/hadoop/hadoop-hdds-container-service/0.5.0-SNAPSHOT/hadoop-hdds-container-service-0.5.0-SNAPSHOT-tests.jar:/home/user/.m2/repository/org/yaml/snakeyaml/1.16/snakeyaml-1.16.jar:/home/user/.m2/repository/org/apache/hadoop/hadoop-common/3.2.0/hadoop-common-3.2.0-tests.jar:/home/user/.m2/repository/org/apache/hadoop/hadoop-annotations/3.2.0/hadoop-annotations-3.2.0.jar:/usr/lib/jvm/java-1.8.0-openjdk-1.8.0.222.b10-1.el7_7.x86_64/jre/../lib/tools.jar:/home/user/.m2/repository/commons-cli/commons-cli/1.2/commons-cli-1.2.jar:/home/user/.m2/repository/org/apache/httpcomponents/httpclient/4.5.2/httpclient-4.5.2.jar:/home/user/.m2/repository/org/apache/httpcomponents/httpcore/4.4.4/httpcore-4.4.4.jar:/home/user/.m2/repository/commons-codec/commons-codec/1.11/commons-codec-1.11.jar:/home/user/.m2/repository/commons-net/commons-net/3.6/commons-net-3.6.jar:/home/user/.m2/repository/commons-collections/commons-collections/3.2.2/commons-collections-3.2.2.jar:/home/user/.m2/repository/org/eclipse/jetty/jetty-servlet/9.3.25.v20180904/jetty-servlet-9.3.25.v20180904.jar:/home/user/.m2/repository/org/eclipse/jetty/jetty-security/9.3.25.v20180904/jetty-security-9.3.25.v20180904.jar:/home/user/.m2/repository/javax/servlet/jsp/jsp-api/2.1/jsp-api-2.1.jar:/home/user/.m2/repository/com/sun/jersey/jersey-servlet/1.19/jersey-servlet-1.19.jar:/home/user/.m2/repository/com/sun/jersey/jersey-json/1.19/jersey-json-1.19.jar:/home/user/.m2/repository/org/codehaus/jettison/jettison/1.1/jettison-1.1.jar:/home/user/.m2/repository/org/codehaus/jackson/jackson-core-asl/1.9.13/jackson-core-asl-1.9.13.jar:/home/user/.m2/repository/org/codehaus/jackson/jackson-mapper-asl/1.9.13/jackson-mapper-asl-1.9.13.jar:/home/user/.m2/repository/org/codehaus/jackson/jackson-jaxrs/1.9.13/jackson-jaxrs-1.9.13.jar:/home/user/.m2/repository/org/codehaus/jackson/jackson-xc/1.9.13/jackson-xc-1.9.13.jar:/home/user/.m2/repository/commons-logging/commons-logging/1.1.3/commons-logging-1.1.3.jar:/home/user/.m2/repository/commons-beanutils/commons-beanutils/1.9.4/commons-beanutils-1.9.4.jar:/home/user/.m2/repository/org/apache/commons/commons-configuration2/2.1.1/commons-configuration2-2.1.1.jar:/home/user/.m2/repository/org/apache/commons/commons-lang3/3.7/commons-lang3-3.7.jar:/home/user/.m2/repository/org/apache/commons/commons-text/1.4/commons-text-1.4.jar:/home/user/.m2/repository/org/apache/avro/avro/1.7.7/avro-1.7.7.jar:/home/user/.m2/repository/com/thoughtworks/paranamer/paranamer/2.3/paranamer-2.3.jar:/home/user/.m2/repository/org/xerial/snappy/snappy-java/1.0.5/snappy-java-1.0.5.jar:/home/user/.m2/repository/com/google/re2j/re2j/1.1/re2j-1.1.jar:/home/user/.m2/repository/com/google/code/gson/gson/2.2.4/gson-2.2.4.jar:/home/user/.m2/repository/com/jcraft/jsch/0.1.54/jsch-0.1.54.jar:/home/user/.m2/repository/org/apache/curator/curator-client/2.12.0/curator-client-2.12.0.jar:/home/user/.m2/repository/org/apache/curator/curator-recipes/2.12.0/curator-recipes-2.12.0.jar:/home/user/.m2/repository/com/google/code/findbugs/jsr305/3.0.0/jsr305-3.0.0.jar:/home/user/.m2/repository/org/apache/htrace/htrace-core4/4.1.0-incubating/htrace-core4-4.1.0-incubating.jar:/home/user/.m2/repository/org/apache/zookeeper/zookeeper/3.4.13/zookeeper-3.4.13.jar:/home/user/.m2/repository/jline/jline/0.9.94/jline-0.9.94.jar:/home/user/.m2/repository/org/apache/yetus/audience-annotations/0.5.0/audience-annotations-0.5.0.jar:/home/user/.m2/repository/org/codehaus/woodstox/stax2-api/3.1.4/stax2-api-3.1.4.jar:/home/user/.m2/repository/com/fasterxml/woodstox/woodstox-core/5.0.3/woodstox-core-5.0.3.jar:/home/user/.m2/repository/dnsjava/dnsjava/2.1.7/dnsjava-2.1.7.jar:/home/user/.m2/repository/org/apache/hadoop/hadoop-hdfs/3.2.0/hadoop-hdfs-3.2.0-tests.jar:/home/user/.m2/repository/org/eclipse/jetty/jetty-util-ajax/9.3.25.v20180904/jetty-util-ajax-9.3.25.v20180904.jar:/home/user/.m2/repository/commons-daemon/commons-daemon/1.0.13/commons-daemon-1.0.13.jar:/home/user/.m2/repository/io/netty/netty/3.10.5.Final/netty-3.10.5.Final.jar:/home/user/.m2/repository/io/netty/netty-all/4.0.52.Final/netty-all-4.0.52.Final.jar:/home/user/.m2/repository/org/fusesource/leveldbjni/leveldbjni-all/1.8/leveldbjni-all-1.8.jar:"/>
    <property name="sun.cpu.endian" value="little"/>
    <property name="user.home" value="/home/user"/>
    <property name="user.language" value="en"/>
    <property name="java.specification.vendor" value="Oracle Corporation"/>
    <property name="java.home" value="/usr/lib/jvm/java-1.8.0-openjdk-1.8.0.222.b10-1.el7_7.x86_64/jre"/>
    <property name="surefire.excludesFile" value="/tools/ozone-bad-unit-tests"/>
    <property name="java.security.krb5.conf" value="/workdir/hadoop-ozone/integration-test/target/test-classes/krb5.conf"/>
    <property name="basedir" value="/workdir/hadoop-ozone/integration-test"/>
    <property name="file.separator" value="/"/>
    <property name="line.separator" value="&#10;"/>
    <property name="java.vm.specification.vendor" value="Oracle Corporation"/>
    <property name="java.specification.name" value="Java Platform API Specification"/>
    <property name="java.awt.graphicsenv" value="sun.awt.X11GraphicsEnvironment"/>
    <property name="surefire.real.class.path" value="/workdir/hadoop-ozone/integration-test/target/surefire/surefirebooter3322786508048371623.jar"/>
    <property name="hadoop.log.dir" value="/workdir/hadoop-ozone/integration-test/target/log"/>
    <property name="sun.boot.class.path" value="/usr/lib/jvm/java-1.8.0-openjdk-1.8.0.222.b10-1.el7_7.x86_64/jre/lib/resources.jar:/usr/lib/jvm/java-1.8.0-openjdk-1.8.0.222.b10-1.el7_7.x86_64/jre/lib/rt.jar:/usr/lib/jvm/java-1.8.0-openjdk-1.8.0.222.b10-1.el7_7.x86_64/jre/lib/sunrsasign.jar:/usr/lib/jvm/java-1.8.0-openjdk-1.8.0.222.b10-1.el7_7.x86_64/jre/lib/jsse.jar:/usr/lib/jvm/java-1.8.0-openjdk-1.8.0.222.b10-1.el7_7.x86_64/jre/lib/jce.jar:/usr/lib/jvm/java-1.8.0-openjdk-1.8.0.222.b10-1.el7_7.x86_64/jre/lib/charsets.jar:/usr/lib/jvm/java-1.8.0-openjdk-1.8.0.222.b10-1.el7_7.x86_64/jre/lib/jfr.jar:/usr/lib/jvm/java-1.8.0-openjdk-1.8.0.222.b10-1.el7_7.x86_64/jre/classes"/>
    <property name="sun.management.compiler" value="HotSpot 64-Bit Tiered Compilers"/>
    <property name="java.runtime.version" value="1.8.0_222-b10"/>
    <property name="java.net.preferIPv4Stack" value="true"/>
    <property name="user.name" value="jenkins1000"/>
    <property name="path.separator" value=":"/>
    <property name="java.security.egd" value="file:///dev/urandom"/>
    <property name="os.version" value="3.10.0-957.12.2.el7.x86_64"/>
    <property name="java.endorsed.dirs" value="/usr/lib/jvm/java-1.8.0-openjdk-1.8.0.222.b10-1.el7_7.x86_64/jre/lib/endorsed"/>
    <property name="java.runtime.name" value="OpenJDK Runtime Environment"/>
    <property name="file.encoding" value="ANSI_X3.4-1968"/>
    <property name="java.vm.name" value="OpenJDK 64-Bit Server VM"/>
    <property name="test.build.webapps" value=""/>
    <property name="localRepository" value="/home/user/.m2/repository"/>
    <property name="java.vendor.url.bug" value="http://bugreport.sun.com/bugreport/"/>
    <property name="java.io.tmpdir" value="/tmp"/>
    <property name="require.test.libhadoop" value=""/>
    <property name="java.version" value="1.8.0_222"/>
    <property name="user.dir" value="/workdir/hadoop-ozone/integration-test"/>
    <property name="os.arch" value="amd64"/>
    <property name="java.vm.specification.name" value="Java Virtual Machine Specification"/>
    <property name="test.build.classes" value="/workdir/hadoop-ozone/integration-test/target/test-classes"/>
    <property name="java.awt.printerjob" value="sun.print.PSPrinterJob"/>
    <property name="sun.os.patch.level" value="unknown"/>
    <property name="hadoop.tmp.dir" value="/workdir/hadoop-ozone/integration-test/target/tmp"/>
    <property name="java.library.path" value="/usr/lib:/workdir/hadoop-ozone/integration-test/target/native/target/usr/local/lib:/workdir/hadoop-ozone/integration-test/../../hadoop-common-project/hadoop-common/target/native/target/usr/local/lib:/usr/java/packages/lib/amd64:/usr/lib64:/lib64:/lib:/usr/lib"/>
    <property name="java.vm.info" value="mixed mode"/>
    <property name="java.vendor" value="Oracle Corporation"/>
    <property name="java.vm.version" value="25.222-b10"/>
    <property name="java.ext.dirs" value="/usr/lib/jvm/java-1.8.0-openjdk-1.8.0.222.b10-1.el7_7.x86_64/jre/lib/ext:/usr/java/packages/lib/ext"/>
    <property name="sun.io.unicode.encoding" value="UnicodeLittle"/>
    <property name="java.class.version" value="52.0"/>
  </properties>
  <testcase name="testDeleteKeyWithSlowFollower" classname="org.apache.hadoop.ozone.client.rpc.TestDeleteWithSlowFollower" time="112.797">
    <failure type="java.lang.AssertionError">java.lang.AssertionError
	at org.junit.Assert.fail(Assert.java:86)
	at org.junit.Assert.assertTrue(Assert.java:41)
	at org.junit.Assert.assertTrue(Assert.java:52)
	at org.apache.hadoop.ozone.client.rpc.TestDeleteWithSlowFollower.testDeleteKeyWithSlowFollower(TestDeleteWithSlowFollower.java:265)
	at sun.reflect.NativeMethodAccessorImpl.invoke0(Native Method)
	at sun.reflect.NativeMethodAccessorImpl.invoke(NativeMethodAccessorImpl.java:62)
	at sun.reflect.DelegatingMethodAccessorImpl.invoke(DelegatingMethodAccessorImpl.java:43)
	at java.lang.reflect.Method.invoke(Method.java:498)
	at org.junit.runners.model.FrameworkMethod$1.runReflectiveCall(FrameworkMethod.java:47)
	at org.junit.internal.runners.model.ReflectiveCallable.run(ReflectiveCallable.java:12)
	at org.junit.runners.model.FrameworkMethod.invokeExplosively(FrameworkMethod.java:44)
	at org.junit.internal.runners.statements.InvokeMethod.evaluate(InvokeMethod.java:17)
	at org.junit.runners.ParentRunner.runLeaf(ParentRunner.java:271)
	at org.junit.runners.BlockJUnit4ClassRunner.runChild(BlockJUnit4ClassRunner.java:70)
	at org.junit.runners.BlockJUnit4ClassRunner.runChild(BlockJUnit4ClassRunner.java:50)
	at org.junit.runners.ParentRunner$3.run(ParentRunner.java:238)
	at org.junit.runners.ParentRunner$1.schedule(ParentRunner.java:63)
	at org.junit.runners.ParentRunner.runChildren(ParentRunner.java:236)
	at org.junit.runners.ParentRunner.access$000(ParentRunner.java:53)
	at org.junit.runners.ParentRunner$2.evaluate(ParentRunner.java:229)
	at org.junit.internal.runners.statements.RunBefores.evaluate(RunBefores.java:26)
	at org.junit.internal.runners.statements.RunAfters.evaluate(RunAfters.java:27)
	at org.junit.runners.ParentRunner.run(ParentRunner.java:309)
	at org.apache.maven.surefire.junit4.JUnit4Provider.execute(JUnit4Provider.java:365)
	at org.apache.maven.surefire.junit4.JUnit4Provider.executeWithRerun(JUnit4Provider.java:273)
	at org.apache.maven.surefire.junit4.JUnit4Provider.executeTestSet(JUnit4Provider.java:238)
	at org.apache.maven.surefire.junit4.JUnit4Provider.invoke(JUnit4Provider.java:159)
	at org.apache.maven.surefire.booter.ForkedBooter.invokeProviderInSameClassLoader(ForkedBooter.java:384)
	at org.apache.maven.surefire.booter.ForkedBooter.runSuitesInProcess(ForkedBooter.java:345)
	at org.apache.maven.surefire.booter.ForkedBooter.execute(ForkedBooter.java:126)
	at org.apache.maven.surefire.booter.ForkedBooter.main(ForkedBooter.java:418)
</failure>
    <system-out><![CDATA[2019-10-21 02:39:42,964 [main] WARN  server.ServerUtils (ServerUtils.java:getScmDbDir(145)) - ozone.scm.db.dirs is not configured. We recommend adding this setting. Falling back to ozone.metadata.dirs instead.
2019-10-21 02:39:43,091 [main] WARN  server.ServerUtils (ServerUtils.java:getScmDbDir(145)) - ozone.scm.db.dirs is not configured. We recommend adding this setting. Falling back to ozone.metadata.dirs instead.
2019-10-21 02:39:43,094 [main] WARN  server.ServerUtils (ServerUtils.java:getScmDbDir(145)) - ozone.scm.db.dirs is not configured. We recommend adding this setting. Falling back to ozone.metadata.dirs instead.
2019-10-21 02:39:43,119 [main] INFO  util.log (Log.java:initialized(192)) - Logging initialized @896ms
2019-10-21 02:39:43,214 [main] INFO  db.DBStoreBuilder (DBStoreBuilder.java:addTable(117)) - using custom profile for table: deletedBlocks
2019-10-21 02:39:43,214 [main] INFO  db.DBStoreBuilder (DBStoreBuilder.java:processTables(168)) - Using default column profile:DBProfile.DISK for Table:deletedBlocks
2019-10-21 02:39:43,214 [main] INFO  db.DBStoreBuilder (DBStoreBuilder.java:addTable(117)) - using custom profile for table: validCerts
2019-10-21 02:39:43,214 [main] INFO  db.DBStoreBuilder (DBStoreBuilder.java:processTables(168)) - Using default column profile:DBProfile.DISK for Table:validCerts
2019-10-21 02:39:43,215 [main] INFO  db.DBStoreBuilder (DBStoreBuilder.java:addTable(117)) - using custom profile for table: revokedCerts
2019-10-21 02:39:43,215 [main] INFO  db.DBStoreBuilder (DBStoreBuilder.java:processTables(168)) - Using default column profile:DBProfile.DISK for Table:revokedCerts
2019-10-21 02:39:43,226 [main] INFO  db.DBStoreBuilder (DBStoreBuilder.java:addTable(117)) - using custom profile for table: default
2019-10-21 02:39:43,226 [main] INFO  db.DBStoreBuilder (DBStoreBuilder.java:processTables(174)) - Using default column profile:DBProfile.DISK for Table:default
2019-10-21 02:39:43,228 [main] INFO  db.DBStoreBuilder (DBStoreBuilder.java:getDbProfile(205)) - Using default options. DBProfile.DISK
2019-10-21 02:39:43,594 [main] INFO  net.NodeSchemaLoader (NodeSchemaLoader.java:loadSchemaFromFile(125)) - Loading file from sun.misc.CompoundEnumeration@78691363
2019-10-21 02:39:43,597 [main] INFO  net.NodeSchemaLoader (NodeSchemaLoader.java:loadSchema(171)) - Loading network topology layer schema file
2019-10-21 02:39:43,659 [main] WARN  server.ServerUtils (ServerUtils.java:sanitizeUserArgs(70)) - ozone.scm.stale.node.interval value = 1000000 is larger than max = 100000 based on the key value of ozone.scm.heartbeat.thread.interval, reset to the max value 100000.
2019-10-21 02:39:43,661 [main] WARN  server.ServerUtils (ServerUtils.java:sanitizeUserArgs(70)) - ozone.scm.stale.node.interval value = 1000000 is larger than max = 100000 based on the key value of ozone.scm.heartbeat.thread.interval, reset to the max value 100000.
2019-10-21 02:39:43,663 [main] INFO  node.SCMNodeManager (SCMNodeManager.java:<init>(116)) - Entering startup safe mode.
2019-10-21 02:39:43,724 [main] INFO  algorithms.ContainerPlacementPolicyFactory (ContainerPlacementPolicyFactory.java:getPolicy(57)) - Create container placement policy of type org.apache.hadoop.hdds.scm.container.placement.algorithms.SCMContainerPlacementRandom
2019-10-21 02:39:43,738 [main] WARN  server.ServerUtils (ServerUtils.java:getScmDbDir(145)) - ozone.scm.db.dirs is not configured. We recommend adding this setting. Falling back to ozone.metadata.dirs instead.
2019-10-21 02:39:43,850 [main] INFO  pipeline.SCMPipelineManager (SCMPipelineManager.java:initializePipelineState(138)) - No pipeline exists in current db
2019-10-21 02:39:43,853 [main] WARN  server.ServerUtils (ServerUtils.java:getScmDbDir(145)) - ozone.scm.db.dirs is not configured. We recommend adding this setting. Falling back to ozone.metadata.dirs instead.
2019-10-21 02:39:44,009 [main] WARN  events.EventQueue (EventQueue.java:fireEvent(183)) - No event handler registered for event TypedEvent{payloadType=SafeModeStatus, name='SafeModeStatus'}
2019-10-21 02:39:44,384 [main] INFO  ipc.CallQueueManager (CallQueueManager.java:<init>(84)) - Using callQueue: class java.util.concurrent.LinkedBlockingQueue, queueCapacity: 2000, scheduler: class org.apache.hadoop.ipc.DefaultRpcScheduler, ipcBackoff: false.
2019-10-21 02:39:44,526 [Socket Reader #1 for port 34079] INFO  ipc.Server (Server.java:run(1074)) - Starting Socket Reader #1 for port 34079
2019-10-21 02:39:44,556 [main] INFO  ipc.CallQueueManager (CallQueueManager.java:<init>(84)) - Using callQueue: class java.util.concurrent.LinkedBlockingQueue, queueCapacity: 2000, scheduler: class org.apache.hadoop.ipc.DefaultRpcScheduler, ipcBackoff: false.
2019-10-21 02:39:44,557 [Socket Reader #1 for port 42613] INFO  ipc.Server (Server.java:run(1074)) - Starting Socket Reader #1 for port 42613
2019-10-21 02:39:44,565 [main] INFO  ipc.CallQueueManager (CallQueueManager.java:<init>(84)) - Using callQueue: class java.util.concurrent.LinkedBlockingQueue, queueCapacity: 2000, scheduler: class org.apache.hadoop.ipc.DefaultRpcScheduler, ipcBackoff: false.
2019-10-21 02:39:44,566 [Socket Reader #1 for port 42801] INFO  ipc.Server (Server.java:run(1074)) - Starting Socket Reader #1 for port 42801
2019-10-21 02:39:44,588 [main] INFO  hdfs.DFSUtil (DFSUtil.java:httpServerTemplateForNNAndJN(1641)) - Starting Web-server for scm at: http://0.0.0.0:0
2019-10-21 02:39:44,739 [main] INFO  server.AuthenticationFilter (AuthenticationFilter.java:constructSecretProvider(240)) - Unable to initialize FileSignerSecretProvider, falling back to use random secrets.
2019-10-21 02:39:44,747 [main] WARN  http.HttpRequestLog (HttpRequestLog.java:getRequestLog(97)) - Jetty request log can only be enabled using Log4j
2019-10-21 02:39:44,755 [main] INFO  http.HttpServer2 (HttpServer2.java:addGlobalFilter(975)) - Added global filter 'safety' (class=org.apache.hadoop.http.HttpServer2$QuotingInputFilter)
2019-10-21 02:39:44,758 [main] INFO  http.HttpServer2 (HttpServer2.java:addFilter(948)) - Added filter static_user_filter (class=org.apache.hadoop.http.lib.StaticUserWebFilter$StaticUserFilter) to context scm
2019-10-21 02:39:44,759 [main] INFO  http.HttpServer2 (HttpServer2.java:addFilter(958)) - Added filter static_user_filter (class=org.apache.hadoop.http.lib.StaticUserWebFilter$StaticUserFilter) to context logs
2019-10-21 02:39:44,759 [main] INFO  http.HttpServer2 (HttpServer2.java:addFilter(958)) - Added filter static_user_filter (class=org.apache.hadoop.http.lib.StaticUserWebFilter$StaticUserFilter) to context static
2019-10-21 02:39:44,808 [main] INFO  server.StorageContainerManager (StorageContainerManager.java:start(772)) - StorageContainerLocationProtocol RPC server is listening at /0.0.0.0:42801
2019-10-21 02:39:44,883 [main] WARN  impl.MetricsConfig (MetricsConfig.java:loadFirst(134)) - Cannot locate configuration: tried hadoop-metrics2-storagecontainermanager.properties,hadoop-metrics2.properties
2019-10-21 02:39:44,896 [main] INFO  impl.MetricsSystemImpl (MetricsSystemImpl.java:startTimer(374)) - Scheduled Metric snapshot period at 10 second(s).
2019-10-21 02:39:44,896 [main] INFO  impl.MetricsSystemImpl (MetricsSystemImpl.java:start(191)) - StorageContainerManager metrics system started
2019-10-21 02:39:45,145 [main] INFO  server.SCMClientProtocolServer (SCMClientProtocolServer.java:start(159)) - RPC server for Client  is listening at /0.0.0.0:42801
2019-10-21 02:39:45,146 [IPC Server Responder] INFO  ipc.Server (Server.java:run(1314)) - IPC Server Responder: starting
2019-10-21 02:39:45,146 [IPC Server listener on 42801] INFO  ipc.Server (Server.java:run(1153)) - IPC Server listener on 42801: starting
2019-10-21 02:39:45,149 [main] INFO  server.StorageContainerManager (StorageContainerManager.java:start(782)) - ScmBlockLocationProtocol RPC server is listening at /0.0.0.0:42613
2019-10-21 02:39:45,150 [main] INFO  server.SCMBlockProtocolServer (SCMBlockProtocolServer.java:start(146)) - RPC server for Block Protocol is listening at /0.0.0.0:42613
2019-10-21 02:39:45,151 [IPC Server Responder] INFO  ipc.Server (Server.java:run(1314)) - IPC Server Responder: starting
2019-10-21 02:39:45,151 [IPC Server listener on 42613] INFO  ipc.Server (Server.java:run(1153)) - IPC Server listener on 42613: starting
2019-10-21 02:39:45,153 [main] INFO  server.StorageContainerManager (StorageContainerManager.java:start(786)) - ScmDatanodeProtocl RPC server is listening at /0.0.0.0:34079
2019-10-21 02:39:45,153 [main] INFO  server.SCMDatanodeProtocolServer (SCMDatanodeProtocolServer.java:start(169)) - RPC server for DataNodes is listening at /0.0.0.0:34079
2019-10-21 02:39:45,154 [IPC Server Responder] INFO  ipc.Server (Server.java:run(1314)) - IPC Server Responder: starting
2019-10-21 02:39:45,154 [IPC Server listener on 34079] INFO  ipc.Server (Server.java:run(1153)) - IPC Server listener on 34079: starting
2019-10-21 02:39:45,158 [main] INFO  http.HttpServer2 (HttpServer2.java:bindListener(1191)) - Jetty bound to port 33139
2019-10-21 02:39:45,160 [main] INFO  server.Server (Server.java:doStart(351)) - jetty-9.3.25.v20180904, build timestamp: 2018-09-04T21:11:46Z, git hash: 3ce520221d0240229c862b122d2b06c12a625732
2019-10-21 02:39:45,196 [main] INFO  handler.ContextHandler (ContextHandler.java:doStart(781)) - Started o.e.j.s.ServletContextHandler@753432a2{/logs,file:///workdir/hadoop-ozone/integration-test/target/log,AVAILABLE}
2019-10-21 02:39:45,197 [main] INFO  handler.ContextHandler (ContextHandler.java:doStart(781)) - Started o.e.j.s.ServletContextHandler@4983159f{/static,file:///workdir/hadoop-ozone/integration-test/target/test-classes/webapps/static,AVAILABLE}
2019-10-21 02:39:45,229 [main] INFO  handler.ContextHandler (ContextHandler.java:doStart(781)) - Started o.e.j.w.WebAppContext@70ab80e3{/,file:///workdir/hadoop-ozone/integration-test/target/test-classes/webapps/scm/,AVAILABLE}{/scm}
2019-10-21 02:39:45,235 [main] INFO  server.AbstractConnector (AbstractConnector.java:doStart(278)) - Started ServerConnector@410954b{HTTP/1.1,[http/1.1]}{0.0.0.0:33139}
2019-10-21 02:39:45,235 [main] INFO  server.Server (Server.java:doStart(419)) - Started @3012ms
2019-10-21 02:39:45,237 [main] INFO  impl.MetricsSinkAdapter (MetricsSinkAdapter.java:start(204)) - Sink prometheus started
2019-10-21 02:39:45,237 [main] INFO  impl.MetricsSystemImpl (MetricsSystemImpl.java:registerSink(301)) - Registered sink prometheus
2019-10-21 02:39:45,239 [main] INFO  server.BaseHttpServer (BaseHttpServer.java:updateConnectorAddress(215)) - HTTP server of SCM is listening at http://0.0.0.0:33139
2019-10-21 02:39:45,245 [org.apache.hadoop.util.JvmPauseMonitor$Monitor@579d011c] INFO  util.JvmPauseMonitor (JvmPauseMonitor.java:run(188)) - Starting JVM pause monitor
2019-10-21 02:39:45,247 [main] WARN  server.ServerUtils (ServerUtils.java:getDBPath(222)) - ozone.om.db.dirs is not configured. We recommend adding this setting. Falling back to ozone.metadata.dirs instead.
2019-10-21 02:39:45,372 [main] INFO  ha.OMHANodeDetails (OMHANodeDetails.java:loadOMHAConfig(190)) - Configuration either no ozone.om.address set. Falling back to the default OM address /127.0.0.1:0
2019-10-21 02:39:45,373 [main] INFO  ha.OMHANodeDetails (OMHANodeDetails.java:getOMNodeDetails(220)) - OM Service ID is not set. Setting it to the default ID: omServiceIdDefault
2019-10-21 02:39:45,375 [main] WARN  server.ServerUtils (ServerUtils.java:getDBPath(222)) - ozone.om.db.dirs is not configured. We recommend adding this setting. Falling back to ozone.metadata.dirs instead.
2019-10-21 02:39:45,375 [main] WARN  server.ServerUtils (ServerUtils.java:getDBPath(222)) - ozone.om.db.dirs is not configured. We recommend adding this setting. Falling back to ozone.metadata.dirs instead.
2019-10-21 02:39:46,046 [main] WARN  server.ServerUtils (ServerUtils.java:getDBPath(222)) - ozone.om.db.dirs is not configured. We recommend adding this setting. Falling back to ozone.metadata.dirs instead.
2019-10-21 02:39:46,054 [main] INFO  db.DBStoreBuilder (DBStoreBuilder.java:addTable(117)) - using custom profile for table: userTable
2019-10-21 02:39:46,054 [main] INFO  db.DBStoreBuilder (DBStoreBuilder.java:processTables(168)) - Using default column profile:DBProfile.DISK for Table:userTable
2019-10-21 02:39:46,055 [main] INFO  db.DBStoreBuilder (DBStoreBuilder.java:addTable(117)) - using custom profile for table: volumeTable
2019-10-21 02:39:46,055 [main] INFO  db.DBStoreBuilder (DBStoreBuilder.java:processTables(168)) - Using default column profile:DBProfile.DISK for Table:volumeTable
2019-10-21 02:39:46,055 [main] INFO  db.DBStoreBuilder (DBStoreBuilder.java:addTable(117)) - using custom profile for table: bucketTable
2019-10-21 02:39:46,055 [main] INFO  db.DBStoreBuilder (DBStoreBuilder.java:processTables(168)) - Using default column profile:DBProfile.DISK for Table:bucketTable
2019-10-21 02:39:46,056 [main] INFO  db.DBStoreBuilder (DBStoreBuilder.java:addTable(117)) - using custom profile for table: keyTable
2019-10-21 02:39:46,056 [main] INFO  db.DBStoreBuilder (DBStoreBuilder.java:processTables(168)) - Using default column profile:DBProfile.DISK for Table:keyTable
2019-10-21 02:39:46,056 [main] INFO  db.DBStoreBuilder (DBStoreBuilder.java:addTable(117)) - using custom profile for table: deletedTable
2019-10-21 02:39:46,056 [main] INFO  db.DBStoreBuilder (DBStoreBuilder.java:processTables(168)) - Using default column profile:DBProfile.DISK for Table:deletedTable
2019-10-21 02:39:46,056 [main] INFO  db.DBStoreBuilder (DBStoreBuilder.java:addTable(117)) - using custom profile for table: openKeyTable
2019-10-21 02:39:46,057 [main] INFO  db.DBStoreBuilder (DBStoreBuilder.java:processTables(168)) - Using default column profile:DBProfile.DISK for Table:openKeyTable
2019-10-21 02:39:46,057 [main] INFO  db.DBStoreBuilder (DBStoreBuilder.java:addTable(117)) - using custom profile for table: s3Table
2019-10-21 02:39:46,057 [main] INFO  db.DBStoreBuilder (DBStoreBuilder.java:processTables(168)) - Using default column profile:DBProfile.DISK for Table:s3Table
2019-10-21 02:39:46,057 [main] INFO  db.DBStoreBuilder (DBStoreBuilder.java:addTable(117)) - using custom profile for table: multipartInfoTable
2019-10-21 02:39:46,058 [main] INFO  db.DBStoreBuilder (DBStoreBuilder.java:processTables(168)) - Using default column profile:DBProfile.DISK for Table:multipartInfoTable
2019-10-21 02:39:46,058 [main] INFO  db.DBStoreBuilder (DBStoreBuilder.java:addTable(117)) - using custom profile for table: dTokenTable
2019-10-21 02:39:46,058 [main] INFO  db.DBStoreBuilder (DBStoreBuilder.java:processTables(168)) - Using default column profile:DBProfile.DISK for Table:dTokenTable
2019-10-21 02:39:46,058 [main] INFO  db.DBStoreBuilder (DBStoreBuilder.java:addTable(117)) - using custom profile for table: s3SecretTable
2019-10-21 02:39:46,058 [main] INFO  db.DBStoreBuilder (DBStoreBuilder.java:processTables(168)) - Using default column profile:DBProfile.DISK for Table:s3SecretTable
2019-10-21 02:39:46,059 [main] INFO  db.DBStoreBuilder (DBStoreBuilder.java:addTable(117)) - using custom profile for table: prefixTable
2019-10-21 02:39:46,059 [main] INFO  db.DBStoreBuilder (DBStoreBuilder.java:processTables(168)) - Using default column profile:DBProfile.DISK for Table:prefixTable
2019-10-21 02:39:46,059 [main] INFO  db.DBStoreBuilder (DBStoreBuilder.java:addTable(117)) - using custom profile for table: default
2019-10-21 02:39:46,059 [main] INFO  db.DBStoreBuilder (DBStoreBuilder.java:processTables(174)) - Using default column profile:DBProfile.DISK for Table:default
2019-10-21 02:39:46,060 [main] INFO  db.DBStoreBuilder (DBStoreBuilder.java:getDbProfile(205)) - Using default options. DBProfile.DISK
2019-10-21 02:39:46,746 [main] INFO  ipc.CallQueueManager (CallQueueManager.java:<init>(84)) - Using callQueue: class java.util.concurrent.LinkedBlockingQueue, queueCapacity: 2000, scheduler: class org.apache.hadoop.ipc.DefaultRpcScheduler, ipcBackoff: false.
2019-10-21 02:39:46,747 [Socket Reader #1 for port 36995] INFO  ipc.Server (Server.java:run(1074)) - Starting Socket Reader #1 for port 36995
2019-10-21 02:39:46,770 [main] INFO  om.OzoneManager (OzoneManager.java:start(1074)) - OzoneManager RPC server is listening at localhost/127.0.0.1:36995
2019-10-21 02:39:46,770 [main] INFO  impl.MetricsSystemImpl (MetricsSystemImpl.java:init(158)) - OzoneManager metrics system started (again)
2019-10-21 02:39:46,778 [IPC Server Responder] INFO  ipc.Server (Server.java:run(1314)) - IPC Server Responder: starting
2019-10-21 02:39:46,778 [IPC Server listener on 36995] INFO  ipc.Server (Server.java:run(1153)) - IPC Server listener on 36995: starting
2019-10-21 02:39:46,787 [main] INFO  hdfs.DFSUtil (DFSUtil.java:httpServerTemplateForNNAndJN(1641)) - Starting Web-server for ozoneManager at: http://0.0.0.0:0
2019-10-21 02:39:46,789 [main] INFO  server.AuthenticationFilter (AuthenticationFilter.java:constructSecretProvider(240)) - Unable to initialize FileSignerSecretProvider, falling back to use random secrets.
2019-10-21 02:39:46,789 [main] WARN  http.HttpRequestLog (HttpRequestLog.java:getRequestLog(97)) - Jetty request log can only be enabled using Log4j
2019-10-21 02:39:46,791 [main] INFO  http.HttpServer2 (HttpServer2.java:addGlobalFilter(975)) - Added global filter 'safety' (class=org.apache.hadoop.http.HttpServer2$QuotingInputFilter)
2019-10-21 02:39:46,792 [main] INFO  http.HttpServer2 (HttpServer2.java:addFilter(948)) - Added filter static_user_filter (class=org.apache.hadoop.http.lib.StaticUserWebFilter$StaticUserFilter) to context ozoneManager
2019-10-21 02:39:46,792 [main] INFO  http.HttpServer2 (HttpServer2.java:addFilter(958)) - Added filter static_user_filter (class=org.apache.hadoop.http.lib.StaticUserWebFilter$StaticUserFilter) to context logs
2019-10-21 02:39:46,792 [main] INFO  http.HttpServer2 (HttpServer2.java:addFilter(958)) - Added filter static_user_filter (class=org.apache.hadoop.http.lib.StaticUserWebFilter$StaticUserFilter) to context static
2019-10-21 02:39:46,795 [main] INFO  http.HttpServer2 (HttpServer2.java:bindListener(1191)) - Jetty bound to port 39986
2019-10-21 02:39:46,795 [main] INFO  server.Server (Server.java:doStart(351)) - jetty-9.3.25.v20180904, build timestamp: 2018-09-04T21:11:46Z, git hash: 3ce520221d0240229c862b122d2b06c12a625732
2019-10-21 02:39:46,797 [main] INFO  handler.ContextHandler (ContextHandler.java:doStart(781)) - Started o.e.j.s.ServletContextHandler@65cc8228{/logs,file:///workdir/hadoop-ozone/integration-test/target/log,AVAILABLE}
2019-10-21 02:39:46,798 [main] INFO  handler.ContextHandler (ContextHandler.java:doStart(781)) - Started o.e.j.s.ServletContextHandler@21719a0{/static,file:///workdir/hadoop-ozone/integration-test/target/test-classes/webapps/static,AVAILABLE}
2019-10-21 02:39:46,802 [main] INFO  handler.ContextHandler (ContextHandler.java:doStart(781)) - Started o.e.j.w.WebAppContext@c446b14{/,file:///workdir/hadoop-ozone/integration-test/target/test-classes/webapps/ozoneManager/,AVAILABLE}{/ozoneManager}
2019-10-21 02:39:46,803 [main] INFO  server.AbstractConnector (AbstractConnector.java:doStart(278)) - Started ServerConnector@3af356f{HTTP/1.1,[http/1.1]}{0.0.0.0:39986}
2019-10-21 02:39:46,804 [main] INFO  server.Server (Server.java:doStart(419)) - Started @4581ms
2019-10-21 02:39:46,804 [main] WARN  impl.MetricsSystemImpl (MetricsSystemImpl.java:register(276)) - Sink prometheus already exists!
2019-10-21 02:39:46,805 [main] INFO  server.BaseHttpServer (BaseHttpServer.java:updateConnectorAddress(215)) - HTTP server of OZONEMANAGER is listening at http://0.0.0.0:39986
2019-10-21 02:39:47,127 [main] INFO  impl.MetricsSystemImpl (MetricsSystemImpl.java:init(158)) - HddsDatanode metrics system started (again)
2019-10-21 02:39:47,171 [main] INFO  ozone.HddsDatanodeService (HddsDatanodeService.java:start(184)) - HddsDatanodeService host:pr-hdds-1868-8w4sl-2612808232 ip:192.168.34.9
2019-10-21 02:39:47,203 [main] INFO  volume.HddsVolume (HddsVolume.java:<init>(176)) - Creating Volume: /workdir/hadoop-ozone/integration-test/target/test-dir/MiniOzoneClusterImpl-0fab9602-85f6-488d-9219-5a9ff83e13af/datanode-0/data/containers/hdds of  storage type : DISK and capacity : 1482555576320
2019-10-21 02:39:47,204 [main] INFO  volume.VolumeSet (VolumeSet.java:initializeVolumeSet(170)) - Added Volume : /workdir/hadoop-ozone/integration-test/target/test-dir/MiniOzoneClusterImpl-0fab9602-85f6-488d-9219-5a9ff83e13af/datanode-0/data/containers/hdds to VolumeSet
2019-10-21 02:39:47,207 [main] INFO  volume.ThrottledAsyncChecker (ThrottledAsyncChecker.java:schedule(141)) - Scheduling a check for /workdir/hadoop-ozone/integration-test/target/test-dir/MiniOzoneClusterImpl-0fab9602-85f6-488d-9219-5a9ff83e13af/datanode-0/data/containers/hdds
2019-10-21 02:39:47,223 [main] INFO  volume.HddsVolumeChecker (HddsVolumeChecker.java:checkAllVolumes(204)) - Scheduled health check for volume /workdir/hadoop-ozone/integration-test/target/test-dir/MiniOzoneClusterImpl-0fab9602-85f6-488d-9219-5a9ff83e13af/datanode-0/data/containers/hdds
2019-10-21 02:39:47,327 [main] INFO  impl.RaftServerProxy (ConfUtils.java:logGet(43)) - raft.rpc.type = GRPC (default)
2019-10-21 02:39:47,387 [main] INFO  grpc.GrpcFactory (GrpcFactory.java:checkPooledByteBufAllocatorUseCacheForAllThreads(45)) - PERFORMANCE WARNING: useCacheForAllThreads is true that may cause Netty to create a lot garbage objects and, as a result, trigger GC.
	It is recommended to disable useCacheForAllThreads by setting -Dorg.apache.ratis.thirdparty.io.netty.allocator.useCacheForAllThreads=false in command line.
2019-10-21 02:39:47,392 [main] INFO  grpc.GrpcConfigKeys$Server (ConfUtils.java:logGet(43)) - raft.grpc.server.port = 0 (default)
2019-10-21 02:39:47,393 [main] INFO  server.GrpcService (ConfUtils.java:logGet(43)) - raft.grpc.message.size.max = 33570816 (custom)
2019-10-21 02:39:47,395 [main] INFO  server.RaftServerConfigKeys (ConfUtils.java:logGet(43)) - raft.server.log.appender.buffer.byte-limit = 33554432 (custom)
2019-10-21 02:39:47,396 [main] INFO  server.GrpcService (ConfUtils.java:logGet(43)) - raft.grpc.flow.control.window = 1MB (=1048576) (default)
2019-10-21 02:39:47,397 [main] INFO  server.RaftServerConfigKeys (ConfUtils.java:logGet(43)) - raft.server.rpc.request.timeout = 3000ms (default)
2019-10-21 02:39:47,548 [main] INFO  server.RaftServerConfigKeys (ConfUtils.java:logGet(43)) - raft.server.storage.dir = [/workdir/hadoop-ozone/integration-test/target/test-dir/MiniOzoneClusterImpl-0fab9602-85f6-488d-9219-5a9ff83e13af/datanode-0/data/ratis] (custom)
2019-10-21 02:39:47,594 [main] INFO  hdfs.DFSUtil (DFSUtil.java:httpServerTemplateForNNAndJN(1641)) - Starting Web-server for hddsDatanode at: http://0.0.0.0:0
2019-10-21 02:39:47,597 [main] INFO  server.AuthenticationFilter (AuthenticationFilter.java:constructSecretProvider(240)) - Unable to initialize FileSignerSecretProvider, falling back to use random secrets.
2019-10-21 02:39:47,598 [main] WARN  http.HttpRequestLog (HttpRequestLog.java:getRequestLog(97)) - Jetty request log can only be enabled using Log4j
2019-10-21 02:39:47,601 [main] INFO  http.HttpServer2 (HttpServer2.java:addGlobalFilter(975)) - Added global filter 'safety' (class=org.apache.hadoop.http.HttpServer2$QuotingInputFilter)
2019-10-21 02:39:47,602 [main] INFO  http.HttpServer2 (HttpServer2.java:addFilter(948)) - Added filter static_user_filter (class=org.apache.hadoop.http.lib.StaticUserWebFilter$StaticUserFilter) to context hddsDatanode
2019-10-21 02:39:47,603 [main] INFO  http.HttpServer2 (HttpServer2.java:addFilter(958)) - Added filter static_user_filter (class=org.apache.hadoop.http.lib.StaticUserWebFilter$StaticUserFilter) to context logs
2019-10-21 02:39:47,603 [main] INFO  http.HttpServer2 (HttpServer2.java:addFilter(958)) - Added filter static_user_filter (class=org.apache.hadoop.http.lib.StaticUserWebFilter$StaticUserFilter) to context static
2019-10-21 02:39:47,604 [main] INFO  http.HttpServer2 (HttpServer2.java:bindListener(1191)) - Jetty bound to port 46273
2019-10-21 02:39:47,605 [main] INFO  server.Server (Server.java:doStart(351)) - jetty-9.3.25.v20180904, build timestamp: 2018-09-04T21:11:46Z, git hash: 3ce520221d0240229c862b122d2b06c12a625732
2019-10-21 02:39:47,608 [main] INFO  handler.ContextHandler (ContextHandler.java:doStart(781)) - Started o.e.j.s.ServletContextHandler@21079a12{/logs,file:///workdir/hadoop-ozone/integration-test/target/log,AVAILABLE}
2019-10-21 02:39:47,609 [main] INFO  handler.ContextHandler (ContextHandler.java:doStart(781)) - Started o.e.j.s.ServletContextHandler@67c5ac52{/static,jar:file:/home/user/.m2/repository/org/apache/hadoop/hadoop-hdds-container-service/0.5.0-SNAPSHOT/hadoop-hdds-container-service-0.5.0-SNAPSHOT.jar!/webapps/static,AVAILABLE}
2019-10-21 02:39:47,661 [main] INFO  handler.ContextHandler (ContextHandler.java:doStart(781)) - Started o.e.j.w.WebAppContext@2436ea2f{/,file:///tmp/jetty-0.0.0.0-46273-hddsDatanode-_-any-4832571253055029223.dir/webapp/,AVAILABLE}{/hddsDatanode}
2019-10-21 02:39:47,661 [main] INFO  server.AbstractConnector (AbstractConnector.java:doStart(278)) - Started ServerConnector@f951a7f{HTTP/1.1,[http/1.1]}{0.0.0.0:46273}
2019-10-21 02:39:47,663 [main] INFO  server.Server (Server.java:doStart(419)) - Started @5441ms
2019-10-21 02:39:47,665 [main] WARN  impl.MetricsSystemImpl (MetricsSystemImpl.java:register(276)) - Sink prometheus already exists!
2019-10-21 02:39:47,666 [main] INFO  server.BaseHttpServer (BaseHttpServer.java:updateConnectorAddress(215)) - HTTP server of HDDSDATANODE is listening at http://0.0.0.0:46273
2019-10-21 02:39:47,668 [main] INFO  impl.MetricsSystemImpl (MetricsSystemImpl.java:init(158)) - HddsDatanode metrics system started (again)
2019-10-21 02:39:47,672 [main] INFO  ozone.HddsDatanodeService (HddsDatanodeService.java:start(184)) - HddsDatanodeService host:pr-hdds-1868-8w4sl-2612808232 ip:192.168.34.9
2019-10-21 02:39:47,675 [org.apache.hadoop.util.JvmPauseMonitor$Monitor@3f2bbe5e] INFO  util.JvmPauseMonitor (JvmPauseMonitor.java:run(188)) - Starting JVM pause monitor
2019-10-21 02:39:47,684 [main] INFO  volume.HddsVolume (HddsVolume.java:<init>(176)) - Creating Volume: /workdir/hadoop-ozone/integration-test/target/test-dir/MiniOzoneClusterImpl-0fab9602-85f6-488d-9219-5a9ff83e13af/datanode-1/data/containers/hdds of  storage type : DISK and capacity : 1482555576320
2019-10-21 02:39:47,684 [main] INFO  volume.VolumeSet (VolumeSet.java:initializeVolumeSet(170)) - Added Volume : /workdir/hadoop-ozone/integration-test/target/test-dir/MiniOzoneClusterImpl-0fab9602-85f6-488d-9219-5a9ff83e13af/datanode-1/data/containers/hdds to VolumeSet
2019-10-21 02:39:47,685 [main] INFO  volume.ThrottledAsyncChecker (ThrottledAsyncChecker.java:schedule(141)) - Scheduling a check for /workdir/hadoop-ozone/integration-test/target/test-dir/MiniOzoneClusterImpl-0fab9602-85f6-488d-9219-5a9ff83e13af/datanode-1/data/containers/hdds
2019-10-21 02:39:47,687 [main] INFO  volume.HddsVolumeChecker (HddsVolumeChecker.java:checkAllVolumes(204)) - Scheduled health check for volume /workdir/hadoop-ozone/integration-test/target/test-dir/MiniOzoneClusterImpl-0fab9602-85f6-488d-9219-5a9ff83e13af/datanode-1/data/containers/hdds
2019-10-21 02:39:47,707 [main] INFO  impl.RaftServerProxy (ConfUtils.java:logGet(43)) - raft.rpc.type = GRPC (default)
2019-10-21 02:39:47,707 [main] INFO  grpc.GrpcFactory (GrpcFactory.java:checkPooledByteBufAllocatorUseCacheForAllThreads(45)) - PERFORMANCE WARNING: useCacheForAllThreads is true that may cause Netty to create a lot garbage objects and, as a result, trigger GC.
	It is recommended to disable useCacheForAllThreads by setting -Dorg.apache.ratis.thirdparty.io.netty.allocator.useCacheForAllThreads=false in command line.
2019-10-21 02:39:47,708 [main] INFO  grpc.GrpcConfigKeys$Server (ConfUtils.java:logGet(43)) - raft.grpc.server.port = 0 (default)
2019-10-21 02:39:47,708 [main] INFO  server.GrpcService (ConfUtils.java:logGet(43)) - raft.grpc.message.size.max = 33570816 (custom)
2019-10-21 02:39:47,708 [main] INFO  server.RaftServerConfigKeys (ConfUtils.java:logGet(43)) - raft.server.log.appender.buffer.byte-limit = 33554432 (custom)
2019-10-21 02:39:47,709 [main] INFO  server.GrpcService (ConfUtils.java:logGet(43)) - raft.grpc.flow.control.window = 1MB (=1048576) (default)
2019-10-21 02:39:47,709 [main] INFO  server.RaftServerConfigKeys (ConfUtils.java:logGet(43)) - raft.server.rpc.request.timeout = 3000ms (default)
2019-10-21 02:39:47,710 [main] INFO  server.RaftServerConfigKeys (ConfUtils.java:logGet(43)) - raft.server.storage.dir = [/workdir/hadoop-ozone/integration-test/target/test-dir/MiniOzoneClusterImpl-0fab9602-85f6-488d-9219-5a9ff83e13af/datanode-1/data/ratis] (custom)
2019-10-21 02:39:47,713 [main] INFO  hdfs.DFSUtil (DFSUtil.java:httpServerTemplateForNNAndJN(1641)) - Starting Web-server for hddsDatanode at: http://0.0.0.0:0
2019-10-21 02:39:47,715 [main] INFO  server.AuthenticationFilter (AuthenticationFilter.java:constructSecretProvider(240)) - Unable to initialize FileSignerSecretProvider, falling back to use random secrets.
2019-10-21 02:39:47,715 [main] WARN  http.HttpRequestLog (HttpRequestLog.java:getRequestLog(97)) - Jetty request log can only be enabled using Log4j
2019-10-21 02:39:47,718 [main] INFO  http.HttpServer2 (HttpServer2.java:addGlobalFilter(975)) - Added global filter 'safety' (class=org.apache.hadoop.http.HttpServer2$QuotingInputFilter)
2019-10-21 02:39:47,719 [main] INFO  http.HttpServer2 (HttpServer2.java:addFilter(948)) - Added filter static_user_filter (class=org.apache.hadoop.http.lib.StaticUserWebFilter$StaticUserFilter) to context hddsDatanode
2019-10-21 02:39:47,719 [main] INFO  http.HttpServer2 (HttpServer2.java:addFilter(958)) - Added filter static_user_filter (class=org.apache.hadoop.http.lib.StaticUserWebFilter$StaticUserFilter) to context static
2019-10-21 02:39:47,719 [main] INFO  http.HttpServer2 (HttpServer2.java:addFilter(958)) - Added filter static_user_filter (class=org.apache.hadoop.http.lib.StaticUserWebFilter$StaticUserFilter) to context logs
2019-10-21 02:39:47,721 [main] INFO  http.HttpServer2 (HttpServer2.java:bindListener(1191)) - Jetty bound to port 43428
2019-10-21 02:39:47,721 [main] INFO  server.Server (Server.java:doStart(351)) - jetty-9.3.25.v20180904, build timestamp: 2018-09-04T21:11:46Z, git hash: 3ce520221d0240229c862b122d2b06c12a625732
2019-10-21 02:39:47,725 [main] INFO  handler.ContextHandler (ContextHandler.java:doStart(781)) - Started o.e.j.s.ServletContextHandler@7a729f84{/logs,file:///workdir/hadoop-ozone/integration-test/target/log,AVAILABLE}
2019-10-21 02:39:47,726 [main] INFO  handler.ContextHandler (ContextHandler.java:doStart(781)) - Started o.e.j.s.ServletContextHandler@554f0dfb{/static,jar:file:/home/user/.m2/repository/org/apache/hadoop/hadoop-hdds-container-service/0.5.0-SNAPSHOT/hadoop-hdds-container-service-0.5.0-SNAPSHOT.jar!/webapps/static,AVAILABLE}
2019-10-21 02:39:47,773 [main] INFO  handler.ContextHandler (ContextHandler.java:doStart(781)) - Started o.e.j.w.WebAppContext@587a1cfb{/,file:///tmp/jetty-0.0.0.0-43428-hddsDatanode-_-any-7884594310326862068.dir/webapp/,AVAILABLE}{/hddsDatanode}
2019-10-21 02:39:47,774 [main] INFO  server.AbstractConnector (AbstractConnector.java:doStart(278)) - Started ServerConnector@48528634{HTTP/1.1,[http/1.1]}{0.0.0.0:43428}
2019-10-21 02:39:47,778 [main] INFO  server.Server (Server.java:doStart(419)) - Started @5556ms
2019-10-21 02:39:47,779 [main] WARN  impl.MetricsSystemImpl (MetricsSystemImpl.java:register(276)) - Sink prometheus already exists!
2019-10-21 02:39:47,780 [main] INFO  server.BaseHttpServer (BaseHttpServer.java:updateConnectorAddress(215)) - HTTP server of HDDSDATANODE is listening at http://0.0.0.0:43428
2019-10-21 02:39:47,781 [main] INFO  impl.MetricsSystemImpl (MetricsSystemImpl.java:init(158)) - HddsDatanode metrics system started (again)
2019-10-21 02:39:47,785 [org.apache.hadoop.util.JvmPauseMonitor$Monitor@44637df8] INFO  util.JvmPauseMonitor (JvmPauseMonitor.java:run(188)) - Starting JVM pause monitor
2019-10-21 02:39:47,785 [main] INFO  ozone.HddsDatanodeService (HddsDatanodeService.java:start(184)) - HddsDatanodeService host:pr-hdds-1868-8w4sl-2612808232 ip:192.168.34.9
2019-10-21 02:39:47,794 [main] INFO  volume.HddsVolume (HddsVolume.java:<init>(176)) - Creating Volume: /workdir/hadoop-ozone/integration-test/target/test-dir/MiniOzoneClusterImpl-0fab9602-85f6-488d-9219-5a9ff83e13af/datanode-2/data/containers/hdds of  storage type : DISK and capacity : 1482555576320
2019-10-21 02:39:47,794 [main] INFO  volume.VolumeSet (VolumeSet.java:initializeVolumeSet(170)) - Added Volume : /workdir/hadoop-ozone/integration-test/target/test-dir/MiniOzoneClusterImpl-0fab9602-85f6-488d-9219-5a9ff83e13af/datanode-2/data/containers/hdds to VolumeSet
2019-10-21 02:39:47,795 [main] INFO  volume.ThrottledAsyncChecker (ThrottledAsyncChecker.java:schedule(141)) - Scheduling a check for /workdir/hadoop-ozone/integration-test/target/test-dir/MiniOzoneClusterImpl-0fab9602-85f6-488d-9219-5a9ff83e13af/datanode-2/data/containers/hdds
2019-10-21 02:39:47,795 [main] INFO  volume.HddsVolumeChecker (HddsVolumeChecker.java:checkAllVolumes(204)) - Scheduled health check for volume /workdir/hadoop-ozone/integration-test/target/test-dir/MiniOzoneClusterImpl-0fab9602-85f6-488d-9219-5a9ff83e13af/datanode-2/data/containers/hdds
2019-10-21 02:39:47,811 [main] INFO  impl.RaftServerProxy (ConfUtils.java:logGet(43)) - raft.rpc.type = GRPC (default)
2019-10-21 02:39:47,811 [main] INFO  grpc.GrpcFactory (GrpcFactory.java:checkPooledByteBufAllocatorUseCacheForAllThreads(45)) - PERFORMANCE WARNING: useCacheForAllThreads is true that may cause Netty to create a lot garbage objects and, as a result, trigger GC.
	It is recommended to disable useCacheForAllThreads by setting -Dorg.apache.ratis.thirdparty.io.netty.allocator.useCacheForAllThreads=false in command line.
2019-10-21 02:39:47,811 [main] INFO  grpc.GrpcConfigKeys$Server (ConfUtils.java:logGet(43)) - raft.grpc.server.port = 0 (default)
2019-10-21 02:39:47,811 [main] INFO  server.GrpcService (ConfUtils.java:logGet(43)) - raft.grpc.message.size.max = 33570816 (custom)
2019-10-21 02:39:47,812 [main] INFO  server.RaftServerConfigKeys (ConfUtils.java:logGet(43)) - raft.server.log.appender.buffer.byte-limit = 33554432 (custom)
2019-10-21 02:39:47,812 [main] INFO  server.GrpcService (ConfUtils.java:logGet(43)) - raft.grpc.flow.control.window = 1MB (=1048576) (default)
2019-10-21 02:39:47,812 [main] INFO  server.RaftServerConfigKeys (ConfUtils.java:logGet(43)) - raft.server.rpc.request.timeout = 3000ms (default)
2019-10-21 02:39:47,813 [main] INFO  server.RaftServerConfigKeys (ConfUtils.java:logGet(43)) - raft.server.storage.dir = [/workdir/hadoop-ozone/integration-test/target/test-dir/MiniOzoneClusterImpl-0fab9602-85f6-488d-9219-5a9ff83e13af/datanode-2/data/ratis] (custom)
2019-10-21 02:39:47,814 [Datanode State Machine Thread - 0] INFO  datanode.InitDatanodeState (InitDatanodeState.java:persistContainerDatanodeDetails(140)) - DatanodeDetails is persisted to /workdir/hadoop-ozone/integration-test/target/test-dir/MiniOzoneClusterImpl-0fab9602-85f6-488d-9219-5a9ff83e13af/datanode-0/meta/datanode.id
2019-10-21 02:39:47,815 [main] INFO  hdfs.DFSUtil (DFSUtil.java:httpServerTemplateForNNAndJN(1641)) - Starting Web-server for hddsDatanode at: http://0.0.0.0:0
2019-10-21 02:39:47,817 [main] INFO  server.AuthenticationFilter (AuthenticationFilter.java:constructSecretProvider(240)) - Unable to initialize FileSignerSecretProvider, falling back to use random secrets.
2019-10-21 02:39:47,817 [Datanode State Machine Thread - 0] INFO  datanode.InitDatanodeState (InitDatanodeState.java:persistContainerDatanodeDetails(140)) - DatanodeDetails is persisted to /workdir/hadoop-ozone/integration-test/target/test-dir/MiniOzoneClusterImpl-0fab9602-85f6-488d-9219-5a9ff83e13af/datanode-1/meta/datanode.id
2019-10-21 02:39:47,818 [main] WARN  http.HttpRequestLog (HttpRequestLog.java:getRequestLog(97)) - Jetty request log can only be enabled using Log4j
2019-10-21 02:39:47,820 [main] INFO  http.HttpServer2 (HttpServer2.java:addGlobalFilter(975)) - Added global filter 'safety' (class=org.apache.hadoop.http.HttpServer2$QuotingInputFilter)
2019-10-21 02:39:47,820 [main] INFO  http.HttpServer2 (HttpServer2.java:addFilter(948)) - Added filter static_user_filter (class=org.apache.hadoop.http.lib.StaticUserWebFilter$StaticUserFilter) to context hddsDatanode
2019-10-21 02:39:47,820 [main] INFO  http.HttpServer2 (HttpServer2.java:addFilter(958)) - Added filter static_user_filter (class=org.apache.hadoop.http.lib.StaticUserWebFilter$StaticUserFilter) to context logs
2019-10-21 02:39:47,820 [main] INFO  http.HttpServer2 (HttpServer2.java:addFilter(958)) - Added filter static_user_filter (class=org.apache.hadoop.http.lib.StaticUserWebFilter$StaticUserFilter) to context static
2019-10-21 02:39:47,821 [main] INFO  http.HttpServer2 (HttpServer2.java:bindListener(1191)) - Jetty bound to port 44976
2019-10-21 02:39:47,821 [main] INFO  server.Server (Server.java:doStart(351)) - jetty-9.3.25.v20180904, build timestamp: 2018-09-04T21:11:46Z, git hash: 3ce520221d0240229c862b122d2b06c12a625732
2019-10-21 02:39:47,824 [main] INFO  handler.ContextHandler (ContextHandler.java:doStart(781)) - Started o.e.j.s.ServletContextHandler@10a0fe30{/logs,file:///workdir/hadoop-ozone/integration-test/target/log,AVAILABLE}
2019-10-21 02:39:47,824 [main] INFO  handler.ContextHandler (ContextHandler.java:doStart(781)) - Started o.e.j.s.ServletContextHandler@60f70249{/static,jar:file:/home/user/.m2/repository/org/apache/hadoop/hadoop-hdds-container-service/0.5.0-SNAPSHOT/hadoop-hdds-container-service-0.5.0-SNAPSHOT.jar!/webapps/static,AVAILABLE}
2019-10-21 02:39:47,854 [main] INFO  handler.ContextHandler (ContextHandler.java:doStart(781)) - Started o.e.j.w.WebAppContext@26c47874{/,file:///tmp/jetty-0.0.0.0-44976-hddsDatanode-_-any-8828797521785411841.dir/webapp/,AVAILABLE}{/hddsDatanode}
2019-10-21 02:39:47,855 [main] INFO  server.AbstractConnector (AbstractConnector.java:doStart(278)) - Started ServerConnector@421056e5{HTTP/1.1,[http/1.1]}{0.0.0.0:44976}
2019-10-21 02:39:47,856 [main] INFO  server.Server (Server.java:doStart(419)) - Started @5633ms
2019-10-21 02:39:47,856 [main] WARN  impl.MetricsSystemImpl (MetricsSystemImpl.java:register(276)) - Sink prometheus already exists!
2019-10-21 02:39:47,858 [main] INFO  server.BaseHttpServer (BaseHttpServer.java:updateConnectorAddress(215)) - HTTP server of HDDSDATANODE is listening at http://0.0.0.0:44976
2019-10-21 02:39:47,860 [main] INFO  ozone.MiniOzoneClusterImpl (MiniOzoneClusterImpl.java:lambda$waitForClusterToBeReady$2(170)) - Waiting for cluster to be ready. Got 0 of 3 DN Heartbeats.
2019-10-21 02:39:47,861 [org.apache.hadoop.util.JvmPauseMonitor$Monitor@26e70b85] INFO  util.JvmPauseMonitor (JvmPauseMonitor.java:run(188)) - Starting JVM pause monitor
2019-10-21 02:39:47,864 [Datanode State Machine Thread - 0] INFO  datanode.InitDatanodeState (InitDatanodeState.java:persistContainerDatanodeDetails(140)) - DatanodeDetails is persisted to /workdir/hadoop-ozone/integration-test/target/test-dir/MiniOzoneClusterImpl-0fab9602-85f6-488d-9219-5a9ff83e13af/datanode-2/meta/datanode.id
2019-10-21 02:39:48,860 [main] INFO  ozone.MiniOzoneClusterImpl (MiniOzoneClusterImpl.java:lambda$waitForClusterToBeReady$2(170)) - Waiting for cluster to be ready. Got 0 of 3 DN Heartbeats.
2019-10-21 02:39:49,793 [Datanode State Machine Thread - 0] INFO  ozoneimpl.OzoneContainer (OzoneContainer.java:start(213)) - Attempting to start container services.
2019-10-21 02:39:49,798 [Datanode State Machine Thread - 0] INFO  ozoneimpl.OzoneContainer (OzoneContainer.java:startContainerScrub(177)) - Background container scanner has been disabled.
2019-10-21 02:39:49,799 [Datanode State Machine Thread - 0] INFO  ratis.XceiverServerRatis (XceiverServerRatis.java:start(424)) - Starting XceiverServerRatis d56bd5cd-a10f-47cc-a049-69cbb5837008 at port 0
2019-10-21 02:39:49,817 [Datanode State Machine Thread - 0] INFO  ozoneimpl.OzoneContainer (OzoneContainer.java:start(213)) - Attempting to start container services.
2019-10-21 02:39:49,822 [Datanode State Machine Thread - 0] INFO  ozoneimpl.OzoneContainer (OzoneContainer.java:startContainerScrub(177)) - Background container scanner has been disabled.
2019-10-21 02:39:49,822 [Datanode State Machine Thread - 0] INFO  ratis.XceiverServerRatis (XceiverServerRatis.java:start(424)) - Starting XceiverServerRatis 346fa4f8-3ab8-43df-a502-3f4b9443122a at port 0
2019-10-21 02:39:49,838 [Datanode State Machine Thread - 0] INFO  impl.RaftServerProxy (RaftServerProxy.java:lambda$start$3(299)) - 346fa4f8-3ab8-43df-a502-3f4b9443122a: start RPC server
2019-10-21 02:39:49,838 [Datanode State Machine Thread - 0] INFO  impl.RaftServerProxy (RaftServerProxy.java:lambda$start$3(299)) - d56bd5cd-a10f-47cc-a049-69cbb5837008: start RPC server
2019-10-21 02:39:49,861 [main] INFO  ozone.MiniOzoneClusterImpl (MiniOzoneClusterImpl.java:lambda$waitForClusterToBeReady$2(170)) - Waiting for cluster to be ready. Got 0 of 3 DN Heartbeats.
2019-10-21 02:39:49,890 [Datanode State Machine Thread - 0] INFO  ozoneimpl.OzoneContainer (OzoneContainer.java:start(213)) - Attempting to start container services.
2019-10-21 02:39:49,892 [Datanode State Machine Thread - 0] INFO  ozoneimpl.OzoneContainer (OzoneContainer.java:startContainerScrub(177)) - Background container scanner has been disabled.
2019-10-21 02:39:49,892 [Datanode State Machine Thread - 0] INFO  ratis.XceiverServerRatis (XceiverServerRatis.java:start(424)) - Starting XceiverServerRatis 0299b781-7796-45ba-9036-f37ef6071f27 at port 0
2019-10-21 02:39:49,903 [Datanode State Machine Thread - 0] INFO  impl.RaftServerProxy (RaftServerProxy.java:lambda$start$3(299)) - 0299b781-7796-45ba-9036-f37ef6071f27: start RPC server
2019-10-21 02:39:49,982 [Datanode State Machine Thread - 0] INFO  server.GrpcService (GrpcService.java:startImpl(158)) - 0299b781-7796-45ba-9036-f37ef6071f27: GrpcService started, listening on 0.0.0.0/0.0.0.0:33798
2019-10-21 02:39:49,982 [Datanode State Machine Thread - 0] INFO  server.GrpcService (GrpcService.java:startImpl(158)) - 346fa4f8-3ab8-43df-a502-3f4b9443122a: GrpcService started, listening on 0.0.0.0/0.0.0.0:34701
2019-10-21 02:39:49,982 [Datanode State Machine Thread - 0] INFO  server.GrpcService (GrpcService.java:startImpl(158)) - d56bd5cd-a10f-47cc-a049-69cbb5837008: GrpcService started, listening on 0.0.0.0/0.0.0.0:41391
2019-10-21 02:39:49,983 [Datanode State Machine Thread - 0] INFO  ratis.XceiverServerRatis (XceiverServerRatis.java:start(434)) - XceiverServerRatis 346fa4f8-3ab8-43df-a502-3f4b9443122a is started using port 34701
2019-10-21 02:39:49,983 [Datanode State Machine Thread - 0] INFO  ratis.XceiverServerRatis (XceiverServerRatis.java:start(434)) - XceiverServerRatis 0299b781-7796-45ba-9036-f37ef6071f27 is started using port 33798
2019-10-21 02:39:49,984 [Datanode State Machine Thread - 0] INFO  ratis.XceiverServerRatis (XceiverServerRatis.java:start(434)) - XceiverServerRatis d56bd5cd-a10f-47cc-a049-69cbb5837008 is started using port 41391
2019-10-21 02:39:49,989 [Datanode State Machine Thread - 0] INFO  server.XceiverServerGrpc (XceiverServerGrpc.java:start(149)) - XceiverServerGrpc 346fa4f8-3ab8-43df-a502-3f4b9443122a is started using port 43094
2019-10-21 02:39:49,989 [Datanode State Machine Thread - 0] INFO  server.XceiverServerGrpc (XceiverServerGrpc.java:start(149)) - XceiverServerGrpc 0299b781-7796-45ba-9036-f37ef6071f27 is started using port 41771
2019-10-21 02:39:49,989 [Datanode State Machine Thread - 0] INFO  server.XceiverServerGrpc (XceiverServerGrpc.java:start(149)) - XceiverServerGrpc d56bd5cd-a10f-47cc-a049-69cbb5837008 is started using port 44520
2019-10-21 02:39:50,862 [main] INFO  ozone.MiniOzoneClusterImpl (MiniOzoneClusterImpl.java:lambda$waitForClusterToBeReady$2(170)) - Waiting for cluster to be ready. Got 0 of 3 DN Heartbeats.
2019-10-21 02:39:51,725 [IPC Server handler 1 on 34079] INFO  net.NetworkTopology (NetworkTopologyImpl.java:add(111)) - Added a new node: /default-rack/d56bd5cd-a10f-47cc-a049-69cbb5837008
2019-10-21 02:39:51,727 [IPC Server handler 1 on 34079] INFO  node.SCMNodeManager (SCMNodeManager.java:register(268)) - Registered Data node : d56bd5cd-a10f-47cc-a049-69cbb5837008{ip: 192.168.34.9, host: pr-hdds-1868-8w4sl-2612808232, networkLocation: /default-rack, certSerialId: null}
2019-10-21 02:39:51,731 [EventQueue-NodeRegistrationContainerReportForDataNodeSafeModeRule] INFO  safemode.SCMSafeModeManager (DataNodeSafeModeRule.java:process(71)) - SCM in safe mode. 1 DataNodes registered, 1 required.
2019-10-21 02:39:51,731 [EventQueue-NodeRegistrationContainerReportForDataNodeSafeModeRule] INFO  safemode.SCMSafeModeManager (SCMSafeModeManager.java:validateSafeModeExitRules(177)) - ScmSafeModeManager, all rules are successfully validated
2019-10-21 02:39:51,731 [EventQueue-NodeRegistrationContainerReportForDataNodeSafeModeRule] INFO  safemode.SCMSafeModeManager (SCMSafeModeManager.java:exitSafeMode(193)) - SCM exiting safe mode.
2019-10-21 02:39:51,789 [IPC Server handler 0 on 34079] INFO  net.NetworkTopology (NetworkTopologyImpl.java:add(111)) - Added a new node: /default-rack/346fa4f8-3ab8-43df-a502-3f4b9443122a
2019-10-21 02:39:51,790 [IPC Server handler 0 on 34079] INFO  node.SCMNodeManager (SCMNodeManager.java:register(268)) - Registered Data node : 346fa4f8-3ab8-43df-a502-3f4b9443122a{ip: 192.168.34.9, host: pr-hdds-1868-8w4sl-2612808232, networkLocation: /default-rack, certSerialId: null}
2019-10-21 02:39:51,863 [IPC Server handler 3 on 34079] INFO  net.NetworkTopology (NetworkTopologyImpl.java:add(111)) - Added a new node: /default-rack/0299b781-7796-45ba-9036-f37ef6071f27
2019-10-21 02:39:51,864 [IPC Server handler 3 on 34079] INFO  node.SCMNodeManager (SCMNodeManager.java:register(268)) - Registered Data node : 0299b781-7796-45ba-9036-f37ef6071f27{ip: 192.168.34.9, host: pr-hdds-1868-8w4sl-2612808232, networkLocation: /default-rack, certSerialId: null}
2019-10-21 02:39:52,210 [grpc-default-executor-0] INFO  impl.RaftServerProxy (RaftServerProxy.java:addNew(89)) - d56bd5cd-a10f-47cc-a049-69cbb5837008: addNew group-378887F9EAE6:[d56bd5cd-a10f-47cc-a049-69cbb5837008:192.168.34.9:41391] returns group-378887F9EAE6:java.util.concurrent.CompletableFuture@6452e5e[Not completed]
2019-10-21 02:39:52,226 [pool-27-thread-1] INFO  impl.RaftServerImpl (RaftServerImpl.java:<init>(98)) - d56bd5cd-a10f-47cc-a049-69cbb5837008: new RaftServerImpl for group-378887F9EAE6:[d56bd5cd-a10f-47cc-a049-69cbb5837008:192.168.34.9:41391] with ContainerStateMachine:uninitialized
2019-10-21 02:39:52,229 [pool-27-thread-1] INFO  server.RaftServerConfigKeys (ConfUtils.java:logGet(43)) - raft.server.rpc.timeout.min = 5s (custom)
2019-10-21 02:39:52,230 [pool-27-thread-1] INFO  server.RaftServerConfigKeys (ConfUtils.java:logGet(43)) - raft.server.rpc.timeout.max = 5200ms (custom)
2019-10-21 02:39:52,230 [pool-27-thread-1] INFO  server.RaftServerConfigKeys (ConfUtils.java:logGet(43)) - raft.server.rpcslowness.timeout = 1000s (custom)
2019-10-21 02:39:52,231 [pool-27-thread-1] INFO  server.RaftServerConfigKeys (ConfUtils.java:logGet(43)) - raft.server.sleep.deviation.threshold = 300 (default)
2019-10-21 02:39:52,232 [pool-27-thread-1] INFO  server.RaftServerConfigKeys (ConfUtils.java:logGet(43)) - raft.server.log.appender.install.snapshot.enabled = false (custom)
2019-10-21 02:39:52,241 [pool-27-thread-1] INFO  impl.RaftServerImpl (ServerState.java:<init>(103)) - d56bd5cd-a10f-47cc-a049-69cbb5837008@group-378887F9EAE6: ConfigurationManager, init=-1: [d56bd5cd-a10f-47cc-a049-69cbb5837008:192.168.34.9:41391], old=null, confs=<EMPTY_MAP>
2019-10-21 02:39:52,242 [pool-27-thread-1] INFO  server.RaftServerConfigKeys (ConfUtils.java:logGet(43)) - raft.server.storage.dir = [/workdir/hadoop-ozone/integration-test/target/test-dir/MiniOzoneClusterImpl-0fab9602-85f6-488d-9219-5a9ff83e13af/datanode-0/data/ratis] (custom)
2019-10-21 02:39:52,249 [pool-27-thread-1] INFO  server.RaftServerConfigKeys (ConfUtils.java:logGet(43)) - raft.server.log.corruption.policy = EXCEPTION (default)
2019-10-21 02:39:52,251 [pool-27-thread-1] INFO  storage.RaftStorageDirectory (RaftStorageDirectory.java:analyzeStorage(246)) - The storage directory /workdir/hadoop-ozone/integration-test/target/test-dir/MiniOzoneClusterImpl-0fab9602-85f6-488d-9219-5a9ff83e13af/datanode-0/data/ratis/dfb90908-5987-49e2-9b1e-378887f9eae6 does not exist. Creating ...
2019-10-21 02:39:52,281 [pool-27-thread-1] INFO  storage.RaftStorageDirectory (RaftStorageDirectory.java:tryLock(328)) - Lock on /workdir/hadoop-ozone/integration-test/target/test-dir/MiniOzoneClusterImpl-0fab9602-85f6-488d-9219-5a9ff83e13af/datanode-0/data/ratis/dfb90908-5987-49e2-9b1e-378887f9eae6/in_use.lock acquired by nodename 2549@pr-hdds-1868-8w4sl-2612808232
2019-10-21 02:39:52,306 [pool-27-thread-1] INFO  storage.RaftStorage (RaftStorage.java:format(84)) - Storage directory /workdir/hadoop-ozone/integration-test/target/test-dir/MiniOzoneClusterImpl-0fab9602-85f6-488d-9219-5a9ff83e13af/datanode-0/data/ratis/dfb90908-5987-49e2-9b1e-378887f9eae6 has been successfully formatted.
2019-10-21 02:39:52,309 [pool-27-thread-1] INFO  ratis.ContainerStateMachine (ContainerStateMachine.java:loadSnapshot(233)) - group-378887F9EAE6: The snapshot info is null. Setting the last applied indexto:(t:0, i:~)
2019-10-21 02:39:52,310 [pool-27-thread-1] INFO  server.RaftServerConfigKeys (ConfUtils.java:logGet(43)) - raft.server.notification.no-leader.timeout = 1000s (custom)
2019-10-21 02:39:52,313 [pool-27-thread-1] INFO  server.RaftServerConfigKeys (ConfUtils.java:logGet(43)) - raft.server.log.use.memory = false (default)
2019-10-21 02:39:52,321 [pool-27-thread-1] INFO  server.RaftServerConfigKeys (ConfUtils.java:logGet(43)) - raft.server.log.purge.gap = 1000000 (custom)
2019-10-21 02:39:52,321 [pool-27-thread-1] INFO  server.RaftServerConfigKeys (ConfUtils.java:logGet(43)) - raft.server.log.appender.buffer.byte-limit = 33554432 (custom)
2019-10-21 02:39:52,324 [pool-27-thread-1] INFO  server.RaftServerConfigKeys (ConfUtils.java:logGet(43)) - raft.server.log.segment.size.max = 1048576 (custom)
2019-10-21 02:39:52,331 [pool-27-thread-1] INFO  metrics.MetricRegistries (MetricRegistriesLoader.java:load(64)) - Loaded MetricRegistries class org.apache.ratis.metrics.impl.MetricRegistriesImpl
2019-10-21 02:39:52,336 [pool-27-thread-1] WARN  impl.MetricRegistriesImpl (MetricRegistriesImpl.java:lambda$create$1(61)) - First MetricRegistry has been created without registering reporters. You may need to call MetricRegistries.global().addReportRegistration(...) before.
2019-10-21 02:39:52,345 [pool-27-thread-1] INFO  server.RaftServerConfigKeys (ConfUtils.java:logGet(43)) - raft.server.log.segment.cache.num.max = 2 (custom)
2019-10-21 02:39:52,352 [pool-27-thread-1] INFO  segmented.SegmentedRaftLogWorker (SegmentedRaftLogWorker.java:<init>(173)) - new d56bd5cd-a10f-47cc-a049-69cbb5837008@group-378887F9EAE6-SegmentedRaftLogWorker for RaftStorage:Storage Directory /workdir/hadoop-ozone/integration-test/target/test-dir/MiniOzoneClusterImpl-0fab9602-85f6-488d-9219-5a9ff83e13af/datanode-0/data/ratis/dfb90908-5987-49e2-9b1e-378887f9eae6
2019-10-21 02:39:52,352 [pool-27-thread-1] INFO  server.RaftServerConfigKeys (ConfUtils.java:logGet(43)) - raft.server.log.queue.byte-limit = 2147483647 (custom)
2019-10-21 02:39:52,353 [pool-27-thread-1] INFO  server.RaftServerConfigKeys (ConfUtils.java:logGet(43)) - raft.server.log.queue.element-limit = 1024 (custom)
2019-10-21 02:39:52,355 [pool-27-thread-1] INFO  server.RaftServerConfigKeys (ConfUtils.java:logGet(43)) - raft.server.log.segment.size.max = 1048576 (custom)
2019-10-21 02:39:52,355 [pool-27-thread-1] INFO  server.RaftServerConfigKeys (ConfUtils.java:logGet(43)) - raft.server.log.preallocated.size = 16384 (custom)
2019-10-21 02:39:52,356 [pool-27-thread-1] INFO  server.RaftServerConfigKeys (ConfUtils.java:logGet(43)) - raft.server.log.write.buffer.size = 33554432 (custom)
2019-10-21 02:39:52,356 [pool-27-thread-1] INFO  server.RaftServerConfigKeys (ConfUtils.java:logGet(43)) - raft.server.log.force.sync.num = 128 (default)
2019-10-21 02:39:52,358 [pool-27-thread-1] INFO  server.RaftServerConfigKeys (ConfUtils.java:logGet(43)) - raft.server.log.statemachine.data.sync = true (default)
2019-10-21 02:39:52,358 [pool-27-thread-1] INFO  server.RaftServerConfigKeys (ConfUtils.java:logGet(43)) - raft.server.log.statemachine.data.sync.timeout = 10s (default)
2019-10-21 02:39:52,359 [pool-27-thread-1] INFO  server.RaftServerConfigKeys (ConfUtils.java:logGet(43)) - raft.server.log.statemachine.data.sync.timeout.retry = -1 (default)
2019-10-21 02:39:52,371 [pool-27-thread-1] INFO  server.RaftServerConfigKeys (ConfUtils.java:logGet(43)) - raft.server.log.statemachine.data.caching.enabled = true (custom)
2019-10-21 02:39:52,376 [pool-27-thread-1] INFO  segmented.SegmentedRaftLogWorker (SegmentedRaftLogWorker.java:lambda$new$0(128)) - d56bd5cd-a10f-47cc-a049-69cbb5837008@group-378887F9EAE6-SegmentedRaftLogWorker: flushIndex: setUnconditionally 0 -> -1
2019-10-21 02:39:52,381 [pool-27-thread-1] INFO  server.RaftServerConfigKeys (ConfUtils.java:logGet(43)) - raft.server.snapshot.auto.trigger.enabled = true (custom)
2019-10-21 02:39:52,382 [pool-27-thread-1] INFO  server.RaftServerConfigKeys (ConfUtils.java:logGet(43)) - raft.server.snapshot.auto.trigger.threshold = 10000 (custom)
2019-10-21 02:39:52,383 [pool-27-thread-1] INFO  server.RaftServerConfigKeys (ConfUtils.java:logGet(43)) - raft.server.snapshot.retention.file.num = 5 (custom)
2019-10-21 02:39:52,383 [pool-27-thread-1] INFO  server.RaftServerConfigKeys (ConfUtils.java:logGet(43)) - raft.server.retrycache.expirytime = 600000ms (custom)
2019-10-21 02:39:52,405 [pool-27-thread-1] WARN  impl.MetricRegistriesImpl (MetricRegistriesImpl.java:lambda$create$1(61)) - First MetricRegistry has been created without registering reporters. You may need to call MetricRegistries.global().addReportRegistration(...) before.
2019-10-21 02:39:52,407 [pool-27-thread-1] WARN  impl.MetricRegistriesImpl (MetricRegistriesImpl.java:lambda$create$1(61)) - First MetricRegistry has been created without registering reporters. You may need to call MetricRegistries.global().addReportRegistration(...) before.
2019-10-21 02:39:52,409 [pool-27-thread-1] INFO  impl.RaftServerImpl (RaftServerImpl.java:start(184)) - d56bd5cd-a10f-47cc-a049-69cbb5837008@group-378887F9EAE6: start as a follower, conf=-1: [d56bd5cd-a10f-47cc-a049-69cbb5837008:192.168.34.9:41391], old=null
2019-10-21 02:39:52,410 [pool-27-thread-1] INFO  impl.RaftServerImpl (RaftServerImpl.java:setRole(173)) - d56bd5cd-a10f-47cc-a049-69cbb5837008@group-378887F9EAE6: changes role from      null to FOLLOWER at term 0 for startAsFollower
2019-10-21 02:39:52,411 [pool-27-thread-1] INFO  impl.RoleInfo (RoleInfo.java:updateAndGet(143)) - d56bd5cd-a10f-47cc-a049-69cbb5837008: start FollowerState
2019-10-21 02:39:52,414 [pool-27-thread-1] INFO  util.JmxRegister (JmxRegister.java:tryRegister(44)) - Successfully registered JMX Bean with object name Ratis:service=RaftServer,group=group-378887F9EAE6,id=d56bd5cd-a10f-47cc-a049-69cbb5837008
2019-10-21 02:39:52,415 [pool-27-thread-1] WARN  impl.MetricRegistriesImpl (MetricRegistriesImpl.java:lambda$create$1(61)) - First MetricRegistry has been created without registering reporters. You may need to call MetricRegistries.global().addReportRegistration(...) before.
2019-10-21 02:39:52,485 [RatisPipelineUtilsThread] INFO  pipeline.PipelineStateManager (PipelineStateManager.java:addPipeline(55)) - Created pipeline Pipeline[ Id: dfb90908-5987-49e2-9b1e-378887f9eae6, Nodes: d56bd5cd-a10f-47cc-a049-69cbb5837008{ip: 192.168.34.9, host: pr-hdds-1868-8w4sl-2612808232, networkLocation: /default-rack, certSerialId: null}, Type:RATIS, Factor:ONE, State:ALLOCATED]
2019-10-21 02:39:52,504 [grpc-default-executor-0] INFO  impl.RaftServerProxy (RaftServerProxy.java:addNew(89)) - 346fa4f8-3ab8-43df-a502-3f4b9443122a: addNew group-884FFCBCF184:[346fa4f8-3ab8-43df-a502-3f4b9443122a:192.168.34.9:34701] returns group-884FFCBCF184:java.util.concurrent.CompletableFuture@6abef8eb[Not completed]
2019-10-21 02:39:52,531 [pool-37-thread-1] INFO  impl.RaftServerImpl (RaftServerImpl.java:<init>(98)) - 346fa4f8-3ab8-43df-a502-3f4b9443122a: new RaftServerImpl for group-884FFCBCF184:[346fa4f8-3ab8-43df-a502-3f4b9443122a:192.168.34.9:34701] with ContainerStateMachine:uninitialized
2019-10-21 02:39:52,533 [pool-37-thread-1] INFO  server.RaftServerConfigKeys (ConfUtils.java:logGet(43)) - raft.server.rpc.timeout.min = 5s (custom)
2019-10-21 02:39:52,533 [pool-37-thread-1] INFO  server.RaftServerConfigKeys (ConfUtils.java:logGet(43)) - raft.server.rpc.timeout.max = 5200ms (custom)
2019-10-21 02:39:52,533 [pool-37-thread-1] INFO  server.RaftServerConfigKeys (ConfUtils.java:logGet(43)) - raft.server.rpcslowness.timeout = 1000s (custom)
2019-10-21 02:39:52,534 [pool-37-thread-1] INFO  server.RaftServerConfigKeys (ConfUtils.java:logGet(43)) - raft.server.sleep.deviation.threshold = 300 (default)
2019-10-21 02:39:52,534 [pool-37-thread-1] INFO  server.RaftServerConfigKeys (ConfUtils.java:logGet(43)) - raft.server.log.appender.install.snapshot.enabled = false (custom)
2019-10-21 02:39:52,534 [pool-37-thread-1] INFO  impl.RaftServerImpl (ServerState.java:<init>(103)) - 346fa4f8-3ab8-43df-a502-3f4b9443122a@group-884FFCBCF184: ConfigurationManager, init=-1: [346fa4f8-3ab8-43df-a502-3f4b9443122a:192.168.34.9:34701], old=null, confs=<EMPTY_MAP>
2019-10-21 02:39:52,534 [pool-37-thread-1] INFO  server.RaftServerConfigKeys (ConfUtils.java:logGet(43)) - raft.server.storage.dir = [/workdir/hadoop-ozone/integration-test/target/test-dir/MiniOzoneClusterImpl-0fab9602-85f6-488d-9219-5a9ff83e13af/datanode-1/data/ratis] (custom)
2019-10-21 02:39:52,535 [pool-37-thread-1] INFO  server.RaftServerConfigKeys (ConfUtils.java:logGet(43)) - raft.server.log.corruption.policy = EXCEPTION (default)
2019-10-21 02:39:52,535 [pool-37-thread-1] INFO  storage.RaftStorageDirectory (RaftStorageDirectory.java:analyzeStorage(246)) - The storage directory /workdir/hadoop-ozone/integration-test/target/test-dir/MiniOzoneClusterImpl-0fab9602-85f6-488d-9219-5a9ff83e13af/datanode-1/data/ratis/0108911c-e782-4f7e-9896-884ffcbcf184 does not exist. Creating ...
2019-10-21 02:39:52,568 [pool-37-thread-1] INFO  storage.RaftStorageDirectory (RaftStorageDirectory.java:tryLock(328)) - Lock on /workdir/hadoop-ozone/integration-test/target/test-dir/MiniOzoneClusterImpl-0fab9602-85f6-488d-9219-5a9ff83e13af/datanode-1/data/ratis/0108911c-e782-4f7e-9896-884ffcbcf184/in_use.lock acquired by nodename 2549@pr-hdds-1868-8w4sl-2612808232
2019-10-21 02:39:52,592 [pool-37-thread-1] INFO  storage.RaftStorage (RaftStorage.java:format(84)) - Storage directory /workdir/hadoop-ozone/integration-test/target/test-dir/MiniOzoneClusterImpl-0fab9602-85f6-488d-9219-5a9ff83e13af/datanode-1/data/ratis/0108911c-e782-4f7e-9896-884ffcbcf184 has been successfully formatted.
2019-10-21 02:39:52,593 [pool-37-thread-1] INFO  ratis.ContainerStateMachine (ContainerStateMachine.java:loadSnapshot(233)) - group-884FFCBCF184: The snapshot info is null. Setting the last applied indexto:(t:0, i:~)
2019-10-21 02:39:52,594 [pool-37-thread-1] INFO  server.RaftServerConfigKeys (ConfUtils.java:logGet(43)) - raft.server.notification.no-leader.timeout = 1000s (custom)
2019-10-21 02:39:52,595 [pool-37-thread-1] INFO  server.RaftServerConfigKeys (ConfUtils.java:logGet(43)) - raft.server.log.use.memory = false (default)
2019-10-21 02:39:52,595 [pool-37-thread-1] INFO  server.RaftServerConfigKeys (ConfUtils.java:logGet(43)) - raft.server.log.purge.gap = 1000000 (custom)
2019-10-21 02:39:52,595 [pool-37-thread-1] INFO  server.RaftServerConfigKeys (ConfUtils.java:logGet(43)) - raft.server.log.appender.buffer.byte-limit = 33554432 (custom)
2019-10-21 02:39:52,595 [pool-37-thread-1] INFO  server.RaftServerConfigKeys (ConfUtils.java:logGet(43)) - raft.server.log.segment.size.max = 1048576 (custom)
2019-10-21 02:39:52,596 [pool-37-thread-1] WARN  impl.MetricRegistriesImpl (MetricRegistriesImpl.java:lambda$create$1(61)) - First MetricRegistry has been created without registering reporters. You may need to call MetricRegistries.global().addReportRegistration(...) before.
2019-10-21 02:39:52,597 [pool-37-thread-1] INFO  server.RaftServerConfigKeys (ConfUtils.java:logGet(43)) - raft.server.log.segment.cache.num.max = 2 (custom)
2019-10-21 02:39:52,597 [pool-37-thread-1] INFO  segmented.SegmentedRaftLogWorker (SegmentedRaftLogWorker.java:<init>(173)) - new 346fa4f8-3ab8-43df-a502-3f4b9443122a@group-884FFCBCF184-SegmentedRaftLogWorker for RaftStorage:Storage Directory /workdir/hadoop-ozone/integration-test/target/test-dir/MiniOzoneClusterImpl-0fab9602-85f6-488d-9219-5a9ff83e13af/datanode-1/data/ratis/0108911c-e782-4f7e-9896-884ffcbcf184
2019-10-21 02:39:52,598 [pool-37-thread-1] INFO  server.RaftServerConfigKeys (ConfUtils.java:logGet(43)) - raft.server.log.queue.byte-limit = 2147483647 (custom)
2019-10-21 02:39:52,598 [pool-37-thread-1] INFO  server.RaftServerConfigKeys (ConfUtils.java:logGet(43)) - raft.server.log.queue.element-limit = 1024 (custom)
2019-10-21 02:39:52,599 [pool-37-thread-1] INFO  server.RaftServerConfigKeys (ConfUtils.java:logGet(43)) - raft.server.log.segment.size.max = 1048576 (custom)
2019-10-21 02:39:52,599 [pool-37-thread-1] INFO  server.RaftServerConfigKeys (ConfUtils.java:logGet(43)) - raft.server.log.preallocated.size = 16384 (custom)
2019-10-21 02:39:52,599 [pool-37-thread-1] INFO  server.RaftServerConfigKeys (ConfUtils.java:logGet(43)) - raft.server.log.write.buffer.size = 33554432 (custom)
2019-10-21 02:39:52,599 [pool-37-thread-1] INFO  server.RaftServerConfigKeys (ConfUtils.java:logGet(43)) - raft.server.log.force.sync.num = 128 (default)
2019-10-21 02:39:52,600 [pool-37-thread-1] INFO  server.RaftServerConfigKeys (ConfUtils.java:logGet(43)) - raft.server.log.statemachine.data.sync = true (default)
2019-10-21 02:39:52,600 [pool-37-thread-1] INFO  server.RaftServerConfigKeys (ConfUtils.java:logGet(43)) - raft.server.log.statemachine.data.sync.timeout = 10s (default)
2019-10-21 02:39:52,600 [pool-37-thread-1] INFO  server.RaftServerConfigKeys (ConfUtils.java:logGet(43)) - raft.server.log.statemachine.data.sync.timeout.retry = -1 (default)
2019-10-21 02:39:52,601 [pool-37-thread-1] INFO  server.RaftServerConfigKeys (ConfUtils.java:logGet(43)) - raft.server.log.statemachine.data.caching.enabled = true (custom)
2019-10-21 02:39:52,601 [pool-37-thread-1] INFO  segmented.SegmentedRaftLogWorker (SegmentedRaftLogWorker.java:lambda$new$0(128)) - 346fa4f8-3ab8-43df-a502-3f4b9443122a@group-884FFCBCF184-SegmentedRaftLogWorker: flushIndex: setUnconditionally 0 -> -1
2019-10-21 02:39:52,602 [pool-37-thread-1] INFO  server.RaftServerConfigKeys (ConfUtils.java:logGet(43)) - raft.server.snapshot.auto.trigger.enabled = true (custom)
2019-10-21 02:39:52,602 [pool-37-thread-1] INFO  server.RaftServerConfigKeys (ConfUtils.java:logGet(43)) - raft.server.snapshot.auto.trigger.threshold = 10000 (custom)
2019-10-21 02:39:52,603 [pool-37-thread-1] INFO  server.RaftServerConfigKeys (ConfUtils.java:logGet(43)) - raft.server.snapshot.retention.file.num = 5 (custom)
2019-10-21 02:39:52,603 [pool-37-thread-1] INFO  server.RaftServerConfigKeys (ConfUtils.java:logGet(43)) - raft.server.retrycache.expirytime = 600000ms (custom)
2019-10-21 02:39:52,603 [pool-37-thread-1] WARN  impl.MetricRegistriesImpl (MetricRegistriesImpl.java:lambda$create$1(61)) - First MetricRegistry has been created without registering reporters. You may need to call MetricRegistries.global().addReportRegistration(...) before.
2019-10-21 02:39:52,603 [pool-37-thread-1] WARN  impl.MetricRegistriesImpl (MetricRegistriesImpl.java:lambda$create$1(61)) - First MetricRegistry has been created without registering reporters. You may need to call MetricRegistries.global().addReportRegistration(...) before.
2019-10-21 02:39:52,604 [pool-37-thread-1] INFO  impl.RaftServerImpl (RaftServerImpl.java:start(184)) - 346fa4f8-3ab8-43df-a502-3f4b9443122a@group-884FFCBCF184: start as a follower, conf=-1: [346fa4f8-3ab8-43df-a502-3f4b9443122a:192.168.34.9:34701], old=null
2019-10-21 02:39:52,604 [pool-37-thread-1] INFO  impl.RaftServerImpl (RaftServerImpl.java:setRole(173)) - 346fa4f8-3ab8-43df-a502-3f4b9443122a@group-884FFCBCF184: changes role from      null to FOLLOWER at term 0 for startAsFollower
2019-10-21 02:39:52,605 [pool-37-thread-1] INFO  impl.RoleInfo (RoleInfo.java:updateAndGet(143)) - 346fa4f8-3ab8-43df-a502-3f4b9443122a: start FollowerState
2019-10-21 02:39:52,606 [pool-37-thread-1] INFO  util.JmxRegister (JmxRegister.java:tryRegister(44)) - Successfully registered JMX Bean with object name Ratis:service=RaftServer,group=group-884FFCBCF184,id=346fa4f8-3ab8-43df-a502-3f4b9443122a
2019-10-21 02:39:52,607 [pool-37-thread-1] WARN  impl.MetricRegistriesImpl (MetricRegistriesImpl.java:lambda$create$1(61)) - First MetricRegistry has been created without registering reporters. You may need to call MetricRegistries.global().addReportRegistration(...) before.
2019-10-21 02:39:52,619 [RatisPipelineUtilsThread] INFO  pipeline.PipelineStateManager (PipelineStateManager.java:addPipeline(55)) - Created pipeline Pipeline[ Id: 0108911c-e782-4f7e-9896-884ffcbcf184, Nodes: 346fa4f8-3ab8-43df-a502-3f4b9443122a{ip: 192.168.34.9, host: pr-hdds-1868-8w4sl-2612808232, networkLocation: /default-rack, certSerialId: null}, Type:RATIS, Factor:ONE, State:ALLOCATED]
2019-10-21 02:39:52,638 [grpc-default-executor-0] INFO  impl.RaftServerProxy (RaftServerProxy.java:addNew(89)) - 0299b781-7796-45ba-9036-f37ef6071f27: addNew group-F6F046482914:[0299b781-7796-45ba-9036-f37ef6071f27:192.168.34.9:33798] returns group-F6F046482914:java.util.concurrent.CompletableFuture@58b23009[Not completed]
2019-10-21 02:39:52,656 [pool-47-thread-1] INFO  impl.RaftServerImpl (RaftServerImpl.java:<init>(98)) - 0299b781-7796-45ba-9036-f37ef6071f27: new RaftServerImpl for group-F6F046482914:[0299b781-7796-45ba-9036-f37ef6071f27:192.168.34.9:33798] with ContainerStateMachine:uninitialized
2019-10-21 02:39:52,657 [pool-47-thread-1] INFO  server.RaftServerConfigKeys (ConfUtils.java:logGet(43)) - raft.server.rpc.timeout.min = 5s (custom)
2019-10-21 02:39:52,657 [pool-47-thread-1] INFO  server.RaftServerConfigKeys (ConfUtils.java:logGet(43)) - raft.server.rpc.timeout.max = 5200ms (custom)
2019-10-21 02:39:52,657 [pool-47-thread-1] INFO  server.RaftServerConfigKeys (ConfUtils.java:logGet(43)) - raft.server.rpcslowness.timeout = 1000s (custom)
2019-10-21 02:39:52,658 [pool-47-thread-1] INFO  server.RaftServerConfigKeys (ConfUtils.java:logGet(43)) - raft.server.sleep.deviation.threshold = 300 (default)
2019-10-21 02:39:52,658 [pool-47-thread-1] INFO  server.RaftServerConfigKeys (ConfUtils.java:logGet(43)) - raft.server.log.appender.install.snapshot.enabled = false (custom)
2019-10-21 02:39:52,658 [pool-47-thread-1] INFO  impl.RaftServerImpl (ServerState.java:<init>(103)) - 0299b781-7796-45ba-9036-f37ef6071f27@group-F6F046482914: ConfigurationManager, init=-1: [0299b781-7796-45ba-9036-f37ef6071f27:192.168.34.9:33798], old=null, confs=<EMPTY_MAP>
2019-10-21 02:39:52,658 [pool-47-thread-1] INFO  server.RaftServerConfigKeys (ConfUtils.java:logGet(43)) - raft.server.storage.dir = [/workdir/hadoop-ozone/integration-test/target/test-dir/MiniOzoneClusterImpl-0fab9602-85f6-488d-9219-5a9ff83e13af/datanode-2/data/ratis] (custom)
2019-10-21 02:39:52,659 [pool-47-thread-1] INFO  server.RaftServerConfigKeys (ConfUtils.java:logGet(43)) - raft.server.log.corruption.policy = EXCEPTION (default)
2019-10-21 02:39:52,659 [pool-47-thread-1] INFO  storage.RaftStorageDirectory (RaftStorageDirectory.java:analyzeStorage(246)) - The storage directory /workdir/hadoop-ozone/integration-test/target/test-dir/MiniOzoneClusterImpl-0fab9602-85f6-488d-9219-5a9ff83e13af/datanode-2/data/ratis/80dd4a4f-5166-44ab-9dcb-f6f046482914 does not exist. Creating ...
2019-10-21 02:39:52,683 [pool-47-thread-1] INFO  storage.RaftStorageDirectory (RaftStorageDirectory.java:tryLock(328)) - Lock on /workdir/hadoop-ozone/integration-test/target/test-dir/MiniOzoneClusterImpl-0fab9602-85f6-488d-9219-5a9ff83e13af/datanode-2/data/ratis/80dd4a4f-5166-44ab-9dcb-f6f046482914/in_use.lock acquired by nodename 2549@pr-hdds-1868-8w4sl-2612808232
2019-10-21 02:39:52,706 [pool-47-thread-1] INFO  storage.RaftStorage (RaftStorage.java:format(84)) - Storage directory /workdir/hadoop-ozone/integration-test/target/test-dir/MiniOzoneClusterImpl-0fab9602-85f6-488d-9219-5a9ff83e13af/datanode-2/data/ratis/80dd4a4f-5166-44ab-9dcb-f6f046482914 has been successfully formatted.
2019-10-21 02:39:52,707 [pool-47-thread-1] INFO  ratis.ContainerStateMachine (ContainerStateMachine.java:loadSnapshot(233)) - group-F6F046482914: The snapshot info is null. Setting the last applied indexto:(t:0, i:~)
2019-10-21 02:39:52,707 [pool-47-thread-1] INFO  server.RaftServerConfigKeys (ConfUtils.java:logGet(43)) - raft.server.notification.no-leader.timeout = 1000s (custom)
2019-10-21 02:39:52,707 [pool-47-thread-1] INFO  server.RaftServerConfigKeys (ConfUtils.java:logGet(43)) - raft.server.log.use.memory = false (default)
2019-10-21 02:39:52,708 [pool-47-thread-1] INFO  server.RaftServerConfigKeys (ConfUtils.java:logGet(43)) - raft.server.log.purge.gap = 1000000 (custom)
2019-10-21 02:39:52,708 [pool-47-thread-1] INFO  server.RaftServerConfigKeys (ConfUtils.java:logGet(43)) - raft.server.log.appender.buffer.byte-limit = 33554432 (custom)
2019-10-21 02:39:52,708 [pool-47-thread-1] INFO  server.RaftServerConfigKeys (ConfUtils.java:logGet(43)) - raft.server.log.segment.size.max = 1048576 (custom)
2019-10-21 02:39:52,708 [pool-47-thread-1] WARN  impl.MetricRegistriesImpl (MetricRegistriesImpl.java:lambda$create$1(61)) - First MetricRegistry has been created without registering reporters. You may need to call MetricRegistries.global().addReportRegistration(...) before.
2019-10-21 02:39:52,708 [pool-47-thread-1] INFO  server.RaftServerConfigKeys (ConfUtils.java:logGet(43)) - raft.server.log.segment.cache.num.max = 2 (custom)
2019-10-21 02:39:52,709 [pool-47-thread-1] INFO  segmented.SegmentedRaftLogWorker (SegmentedRaftLogWorker.java:<init>(173)) - new 0299b781-7796-45ba-9036-f37ef6071f27@group-F6F046482914-SegmentedRaftLogWorker for RaftStorage:Storage Directory /workdir/hadoop-ozone/integration-test/target/test-dir/MiniOzoneClusterImpl-0fab9602-85f6-488d-9219-5a9ff83e13af/datanode-2/data/ratis/80dd4a4f-5166-44ab-9dcb-f6f046482914
2019-10-21 02:39:52,709 [pool-47-thread-1] INFO  server.RaftServerConfigKeys (ConfUtils.java:logGet(43)) - raft.server.log.queue.byte-limit = 2147483647 (custom)
2019-10-21 02:39:52,709 [pool-47-thread-1] INFO  server.RaftServerConfigKeys (ConfUtils.java:logGet(43)) - raft.server.log.queue.element-limit = 1024 (custom)
2019-10-21 02:39:52,709 [pool-47-thread-1] INFO  server.RaftServerConfigKeys (ConfUtils.java:logGet(43)) - raft.server.log.segment.size.max = 1048576 (custom)
2019-10-21 02:39:52,709 [pool-47-thread-1] INFO  server.RaftServerConfigKeys (ConfUtils.java:logGet(43)) - raft.server.log.preallocated.size = 16384 (custom)
2019-10-21 02:39:52,710 [pool-47-thread-1] INFO  server.RaftServerConfigKeys (ConfUtils.java:logGet(43)) - raft.server.log.write.buffer.size = 33554432 (custom)
2019-10-21 02:39:52,710 [pool-47-thread-1] INFO  server.RaftServerConfigKeys (ConfUtils.java:logGet(43)) - raft.server.log.force.sync.num = 128 (default)
2019-10-21 02:39:52,710 [pool-47-thread-1] INFO  server.RaftServerConfigKeys (ConfUtils.java:logGet(43)) - raft.server.log.statemachine.data.sync = true (default)
2019-10-21 02:39:52,710 [pool-47-thread-1] INFO  server.RaftServerConfigKeys (ConfUtils.java:logGet(43)) - raft.server.log.statemachine.data.sync.timeout = 10s (default)
2019-10-21 02:39:52,710 [pool-47-thread-1] INFO  server.RaftServerConfigKeys (ConfUtils.java:logGet(43)) - raft.server.log.statemachine.data.sync.timeout.retry = -1 (default)
2019-10-21 02:39:52,711 [pool-47-thread-1] INFO  server.RaftServerConfigKeys (ConfUtils.java:logGet(43)) - raft.server.log.statemachine.data.caching.enabled = true (custom)
2019-10-21 02:39:52,711 [pool-47-thread-1] INFO  segmented.SegmentedRaftLogWorker (SegmentedRaftLogWorker.java:lambda$new$0(128)) - 0299b781-7796-45ba-9036-f37ef6071f27@group-F6F046482914-SegmentedRaftLogWorker: flushIndex: setUnconditionally 0 -> -1
2019-10-21 02:39:52,712 [pool-47-thread-1] INFO  server.RaftServerConfigKeys (ConfUtils.java:logGet(43)) - raft.server.snapshot.auto.trigger.enabled = true (custom)
2019-10-21 02:39:52,712 [pool-47-thread-1] INFO  server.RaftServerConfigKeys (ConfUtils.java:logGet(43)) - raft.server.snapshot.auto.trigger.threshold = 10000 (custom)
2019-10-21 02:39:52,712 [pool-47-thread-1] INFO  server.RaftServerConfigKeys (ConfUtils.java:logGet(43)) - raft.server.snapshot.retention.file.num = 5 (custom)
2019-10-21 02:39:52,713 [pool-47-thread-1] INFO  server.RaftServerConfigKeys (ConfUtils.java:logGet(43)) - raft.server.retrycache.expirytime = 600000ms (custom)
2019-10-21 02:39:52,713 [pool-47-thread-1] WARN  impl.MetricRegistriesImpl (MetricRegistriesImpl.java:lambda$create$1(61)) - First MetricRegistry has been created without registering reporters. You may need to call MetricRegistries.global().addReportRegistration(...) before.
2019-10-21 02:39:52,713 [pool-47-thread-1] WARN  impl.MetricRegistriesImpl (MetricRegistriesImpl.java:lambda$create$1(61)) - First MetricRegistry has been created without registering reporters. You may need to call MetricRegistries.global().addReportRegistration(...) before.
2019-10-21 02:39:52,713 [pool-47-thread-1] INFO  impl.RaftServerImpl (RaftServerImpl.java:start(184)) - 0299b781-7796-45ba-9036-f37ef6071f27@group-F6F046482914: start as a follower, conf=-1: [0299b781-7796-45ba-9036-f37ef6071f27:192.168.34.9:33798], old=null
2019-10-21 02:39:52,713 [pool-47-thread-1] INFO  impl.RaftServerImpl (RaftServerImpl.java:setRole(173)) - 0299b781-7796-45ba-9036-f37ef6071f27@group-F6F046482914: changes role from      null to FOLLOWER at term 0 for startAsFollower
2019-10-21 02:39:52,714 [pool-47-thread-1] INFO  impl.RoleInfo (RoleInfo.java:updateAndGet(143)) - 0299b781-7796-45ba-9036-f37ef6071f27: start FollowerState
2019-10-21 02:39:52,714 [pool-47-thread-1] INFO  util.JmxRegister (JmxRegister.java:tryRegister(44)) - Successfully registered JMX Bean with object name Ratis:service=RaftServer,group=group-F6F046482914,id=0299b781-7796-45ba-9036-f37ef6071f27
2019-10-21 02:39:52,715 [pool-47-thread-1] WARN  impl.MetricRegistriesImpl (MetricRegistriesImpl.java:lambda$create$1(61)) - First MetricRegistry has been created without registering reporters. You may need to call MetricRegistries.global().addReportRegistration(...) before.
2019-10-21 02:39:52,726 [RatisPipelineUtilsThread] INFO  pipeline.PipelineStateManager (PipelineStateManager.java:addPipeline(55)) - Created pipeline Pipeline[ Id: 80dd4a4f-5166-44ab-9dcb-f6f046482914, Nodes: 0299b781-7796-45ba-9036-f37ef6071f27{ip: 192.168.34.9, host: pr-hdds-1868-8w4sl-2612808232, networkLocation: /default-rack, certSerialId: null}, Type:RATIS, Factor:ONE, State:ALLOCATED]
2019-10-21 02:39:52,759 [grpc-default-executor-1] INFO  impl.RaftServerProxy (RaftServerProxy.java:addNew(89)) - d56bd5cd-a10f-47cc-a049-69cbb5837008: addNew group-DEF98D012D92:[d56bd5cd-a10f-47cc-a049-69cbb5837008:192.168.34.9:41391, 346fa4f8-3ab8-43df-a502-3f4b9443122a:192.168.34.9:34701, 0299b781-7796-45ba-9036-f37ef6071f27:192.168.34.9:33798] returns group-DEF98D012D92:java.util.concurrent.CompletableFuture@39bd6c6[Not completed]
2019-10-21 02:39:52,759 [grpc-default-executor-2] INFO  impl.RaftServerProxy (RaftServerProxy.java:addNew(89)) - 346fa4f8-3ab8-43df-a502-3f4b9443122a: addNew group-DEF98D012D92:[d56bd5cd-a10f-47cc-a049-69cbb5837008:192.168.34.9:41391, 346fa4f8-3ab8-43df-a502-3f4b9443122a:192.168.34.9:34701, 0299b781-7796-45ba-9036-f37ef6071f27:192.168.34.9:33798] returns group-DEF98D012D92:java.util.concurrent.CompletableFuture@2d47539c[Not completed]
2019-10-21 02:39:52,767 [grpc-default-executor-2] INFO  impl.RaftServerProxy (RaftServerProxy.java:addNew(89)) - 0299b781-7796-45ba-9036-f37ef6071f27: addNew group-DEF98D012D92:[d56bd5cd-a10f-47cc-a049-69cbb5837008:192.168.34.9:41391, 346fa4f8-3ab8-43df-a502-3f4b9443122a:192.168.34.9:34701, 0299b781-7796-45ba-9036-f37ef6071f27:192.168.34.9:33798] returns group-DEF98D012D92:java.util.concurrent.CompletableFuture@6845c850[Not completed]
2019-10-21 02:39:52,767 [pool-27-thread-1] INFO  impl.RaftServerImpl (RaftServerImpl.java:<init>(98)) - d56bd5cd-a10f-47cc-a049-69cbb5837008: new RaftServerImpl for group-DEF98D012D92:[d56bd5cd-a10f-47cc-a049-69cbb5837008:192.168.34.9:41391, 346fa4f8-3ab8-43df-a502-3f4b9443122a:192.168.34.9:34701, 0299b781-7796-45ba-9036-f37ef6071f27:192.168.34.9:33798] with ContainerStateMachine:uninitialized
2019-10-21 02:39:52,768 [pool-27-thread-1] INFO  server.RaftServerConfigKeys (ConfUtils.java:logGet(43)) - raft.server.rpc.timeout.min = 5s (custom)
2019-10-21 02:39:52,768 [pool-27-thread-1] INFO  server.RaftServerConfigKeys (ConfUtils.java:logGet(43)) - raft.server.rpc.timeout.max = 5200ms (custom)
2019-10-21 02:39:52,768 [pool-27-thread-1] INFO  server.RaftServerConfigKeys (ConfUtils.java:logGet(43)) - raft.server.rpcslowness.timeout = 1000s (custom)
2019-10-21 02:39:52,769 [pool-27-thread-1] INFO  server.RaftServerConfigKeys (ConfUtils.java:logGet(43)) - raft.server.sleep.deviation.threshold = 300 (default)
2019-10-21 02:39:52,769 [pool-37-thread-1] INFO  impl.RaftServerImpl (RaftServerImpl.java:<init>(98)) - 346fa4f8-3ab8-43df-a502-3f4b9443122a: new RaftServerImpl for group-DEF98D012D92:[d56bd5cd-a10f-47cc-a049-69cbb5837008:192.168.34.9:41391, 346fa4f8-3ab8-43df-a502-3f4b9443122a:192.168.34.9:34701, 0299b781-7796-45ba-9036-f37ef6071f27:192.168.34.9:33798] with ContainerStateMachine:uninitialized
2019-10-21 02:39:52,769 [pool-27-thread-1] INFO  server.RaftServerConfigKeys (ConfUtils.java:logGet(43)) - raft.server.log.appender.install.snapshot.enabled = false (custom)
2019-10-21 02:39:52,769 [pool-37-thread-1] INFO  server.RaftServerConfigKeys (ConfUtils.java:logGet(43)) - raft.server.rpc.timeout.min = 5s (custom)
2019-10-21 02:39:52,769 [pool-27-thread-1] INFO  impl.RaftServerImpl (ServerState.java:<init>(103)) - d56bd5cd-a10f-47cc-a049-69cbb5837008@group-DEF98D012D92: ConfigurationManager, init=-1: [d56bd5cd-a10f-47cc-a049-69cbb5837008:192.168.34.9:41391, 346fa4f8-3ab8-43df-a502-3f4b9443122a:192.168.34.9:34701, 0299b781-7796-45ba-9036-f37ef6071f27:192.168.34.9:33798], old=null, confs=<EMPTY_MAP>
2019-10-21 02:39:52,770 [pool-37-thread-1] INFO  server.RaftServerConfigKeys (ConfUtils.java:logGet(43)) - raft.server.rpc.timeout.max = 5200ms (custom)
2019-10-21 02:39:52,770 [pool-47-thread-1] INFO  impl.RaftServerImpl (RaftServerImpl.java:<init>(98)) - 0299b781-7796-45ba-9036-f37ef6071f27: new RaftServerImpl for group-DEF98D012D92:[d56bd5cd-a10f-47cc-a049-69cbb5837008:192.168.34.9:41391, 346fa4f8-3ab8-43df-a502-3f4b9443122a:192.168.34.9:34701, 0299b781-7796-45ba-9036-f37ef6071f27:192.168.34.9:33798] with ContainerStateMachine:uninitialized
2019-10-21 02:39:52,770 [pool-27-thread-1] INFO  server.RaftServerConfigKeys (ConfUtils.java:logGet(43)) - raft.server.storage.dir = [/workdir/hadoop-ozone/integration-test/target/test-dir/MiniOzoneClusterImpl-0fab9602-85f6-488d-9219-5a9ff83e13af/datanode-0/data/ratis] (custom)
2019-10-21 02:39:52,770 [pool-37-thread-1] INFO  server.RaftServerConfigKeys (ConfUtils.java:logGet(43)) - raft.server.rpcslowness.timeout = 1000s (custom)
2019-10-21 02:39:52,770 [pool-47-thread-1] INFO  server.RaftServerConfigKeys (ConfUtils.java:logGet(43)) - raft.server.rpc.timeout.min = 5s (custom)
2019-10-21 02:39:52,770 [pool-37-thread-1] INFO  server.RaftServerConfigKeys (ConfUtils.java:logGet(43)) - raft.server.sleep.deviation.threshold = 300 (default)
2019-10-21 02:39:52,771 [pool-27-thread-1] INFO  server.RaftServerConfigKeys (ConfUtils.java:logGet(43)) - raft.server.log.corruption.policy = EXCEPTION (default)
2019-10-21 02:39:52,771 [pool-47-thread-1] INFO  server.RaftServerConfigKeys (ConfUtils.java:logGet(43)) - raft.server.rpc.timeout.max = 5200ms (custom)
2019-10-21 02:39:52,771 [pool-37-thread-1] INFO  server.RaftServerConfigKeys (ConfUtils.java:logGet(43)) - raft.server.log.appender.install.snapshot.enabled = false (custom)
2019-10-21 02:39:52,771 [pool-27-thread-1] INFO  storage.RaftStorageDirectory (RaftStorageDirectory.java:analyzeStorage(246)) - The storage directory /workdir/hadoop-ozone/integration-test/target/test-dir/MiniOzoneClusterImpl-0fab9602-85f6-488d-9219-5a9ff83e13af/datanode-0/data/ratis/aa39d9d1-a820-4709-a173-def98d012d92 does not exist. Creating ...
2019-10-21 02:39:52,771 [pool-47-thread-1] INFO  server.RaftServerConfigKeys (ConfUtils.java:logGet(43)) - raft.server.rpcslowness.timeout = 1000s (custom)
2019-10-21 02:39:52,771 [pool-37-thread-1] INFO  impl.RaftServerImpl (ServerState.java:<init>(103)) - 346fa4f8-3ab8-43df-a502-3f4b9443122a@group-DEF98D012D92: ConfigurationManager, init=-1: [d56bd5cd-a10f-47cc-a049-69cbb5837008:192.168.34.9:41391, 346fa4f8-3ab8-43df-a502-3f4b9443122a:192.168.34.9:34701, 0299b781-7796-45ba-9036-f37ef6071f27:192.168.34.9:33798], old=null, confs=<EMPTY_MAP>
2019-10-21 02:39:52,772 [pool-47-thread-1] INFO  server.RaftServerConfigKeys (ConfUtils.java:logGet(43)) - raft.server.sleep.deviation.threshold = 300 (default)
2019-10-21 02:39:52,772 [pool-47-thread-1] INFO  server.RaftServerConfigKeys (ConfUtils.java:logGet(43)) - raft.server.log.appender.install.snapshot.enabled = false (custom)
2019-10-21 02:39:52,772 [pool-37-thread-1] INFO  server.RaftServerConfigKeys (ConfUtils.java:logGet(43)) - raft.server.storage.dir = [/workdir/hadoop-ozone/integration-test/target/test-dir/MiniOzoneClusterImpl-0fab9602-85f6-488d-9219-5a9ff83e13af/datanode-1/data/ratis] (custom)
2019-10-21 02:39:52,772 [pool-47-thread-1] INFO  impl.RaftServerImpl (ServerState.java:<init>(103)) - 0299b781-7796-45ba-9036-f37ef6071f27@group-DEF98D012D92: ConfigurationManager, init=-1: [d56bd5cd-a10f-47cc-a049-69cbb5837008:192.168.34.9:41391, 346fa4f8-3ab8-43df-a502-3f4b9443122a:192.168.34.9:34701, 0299b781-7796-45ba-9036-f37ef6071f27:192.168.34.9:33798], old=null, confs=<EMPTY_MAP>
2019-10-21 02:39:52,773 [pool-47-thread-1] INFO  server.RaftServerConfigKeys (ConfUtils.java:logGet(43)) - raft.server.storage.dir = [/workdir/hadoop-ozone/integration-test/target/test-dir/MiniOzoneClusterImpl-0fab9602-85f6-488d-9219-5a9ff83e13af/datanode-2/data/ratis] (custom)
2019-10-21 02:39:52,773 [pool-37-thread-1] INFO  server.RaftServerConfigKeys (ConfUtils.java:logGet(43)) - raft.server.log.corruption.policy = EXCEPTION (default)
2019-10-21 02:39:52,773 [pool-47-thread-1] INFO  server.RaftServerConfigKeys (ConfUtils.java:logGet(43)) - raft.server.log.corruption.policy = EXCEPTION (default)
2019-10-21 02:39:52,773 [pool-37-thread-1] INFO  storage.RaftStorageDirectory (RaftStorageDirectory.java:analyzeStorage(246)) - The storage directory /workdir/hadoop-ozone/integration-test/target/test-dir/MiniOzoneClusterImpl-0fab9602-85f6-488d-9219-5a9ff83e13af/datanode-1/data/ratis/aa39d9d1-a820-4709-a173-def98d012d92 does not exist. Creating ...
2019-10-21 02:39:52,773 [pool-47-thread-1] INFO  storage.RaftStorageDirectory (RaftStorageDirectory.java:analyzeStorage(246)) - The storage directory /workdir/hadoop-ozone/integration-test/target/test-dir/MiniOzoneClusterImpl-0fab9602-85f6-488d-9219-5a9ff83e13af/datanode-2/data/ratis/aa39d9d1-a820-4709-a173-def98d012d92 does not exist. Creating ...
2019-10-21 02:39:52,795 [pool-27-thread-1] INFO  storage.RaftStorageDirectory (RaftStorageDirectory.java:tryLock(328)) - Lock on /workdir/hadoop-ozone/integration-test/target/test-dir/MiniOzoneClusterImpl-0fab9602-85f6-488d-9219-5a9ff83e13af/datanode-0/data/ratis/aa39d9d1-a820-4709-a173-def98d012d92/in_use.lock acquired by nodename 2549@pr-hdds-1868-8w4sl-2612808232
2019-10-21 02:39:52,795 [pool-37-thread-1] INFO  storage.RaftStorageDirectory (RaftStorageDirectory.java:tryLock(328)) - Lock on /workdir/hadoop-ozone/integration-test/target/test-dir/MiniOzoneClusterImpl-0fab9602-85f6-488d-9219-5a9ff83e13af/datanode-1/data/ratis/aa39d9d1-a820-4709-a173-def98d012d92/in_use.lock acquired by nodename 2549@pr-hdds-1868-8w4sl-2612808232
2019-10-21 02:39:52,795 [pool-47-thread-1] INFO  storage.RaftStorageDirectory (RaftStorageDirectory.java:tryLock(328)) - Lock on /workdir/hadoop-ozone/integration-test/target/test-dir/MiniOzoneClusterImpl-0fab9602-85f6-488d-9219-5a9ff83e13af/datanode-2/data/ratis/aa39d9d1-a820-4709-a173-def98d012d92/in_use.lock acquired by nodename 2549@pr-hdds-1868-8w4sl-2612808232
2019-10-21 02:39:52,819 [pool-37-thread-1] INFO  storage.RaftStorage (RaftStorage.java:format(84)) - Storage directory /workdir/hadoop-ozone/integration-test/target/test-dir/MiniOzoneClusterImpl-0fab9602-85f6-488d-9219-5a9ff83e13af/datanode-1/data/ratis/aa39d9d1-a820-4709-a173-def98d012d92 has been successfully formatted.
2019-10-21 02:39:52,819 [pool-27-thread-1] INFO  storage.RaftStorage (RaftStorage.java:format(84)) - Storage directory /workdir/hadoop-ozone/integration-test/target/test-dir/MiniOzoneClusterImpl-0fab9602-85f6-488d-9219-5a9ff83e13af/datanode-0/data/ratis/aa39d9d1-a820-4709-a173-def98d012d92 has been successfully formatted.
2019-10-21 02:39:52,819 [pool-47-thread-1] INFO  storage.RaftStorage (RaftStorage.java:format(84)) - Storage directory /workdir/hadoop-ozone/integration-test/target/test-dir/MiniOzoneClusterImpl-0fab9602-85f6-488d-9219-5a9ff83e13af/datanode-2/data/ratis/aa39d9d1-a820-4709-a173-def98d012d92 has been successfully formatted.
2019-10-21 02:39:52,819 [pool-37-thread-1] INFO  ratis.ContainerStateMachine (ContainerStateMachine.java:loadSnapshot(233)) - group-DEF98D012D92: The snapshot info is null. Setting the last applied indexto:(t:0, i:~)
2019-10-21 02:39:52,820 [pool-27-thread-1] INFO  ratis.ContainerStateMachine (ContainerStateMachine.java:loadSnapshot(233)) - group-DEF98D012D92: The snapshot info is null. Setting the last applied indexto:(t:0, i:~)
2019-10-21 02:39:52,820 [pool-37-thread-1] INFO  server.RaftServerConfigKeys (ConfUtils.java:logGet(43)) - raft.server.notification.no-leader.timeout = 1000s (custom)
2019-10-21 02:39:52,820 [pool-27-thread-1] INFO  server.RaftServerConfigKeys (ConfUtils.java:logGet(43)) - raft.server.notification.no-leader.timeout = 1000s (custom)
2019-10-21 02:39:52,820 [pool-47-thread-1] INFO  ratis.ContainerStateMachine (ContainerStateMachine.java:loadSnapshot(233)) - group-DEF98D012D92: The snapshot info is null. Setting the last applied indexto:(t:0, i:~)
2019-10-21 02:39:52,820 [pool-27-thread-1] INFO  server.RaftServerConfigKeys (ConfUtils.java:logGet(43)) - raft.server.log.use.memory = false (default)
2019-10-21 02:39:52,820 [pool-37-thread-1] INFO  server.RaftServerConfigKeys (ConfUtils.java:logGet(43)) - raft.server.log.use.memory = false (default)
2019-10-21 02:39:52,821 [pool-27-thread-1] INFO  server.RaftServerConfigKeys (ConfUtils.java:logGet(43)) - raft.server.log.purge.gap = 1000000 (custom)
2019-10-21 02:39:52,821 [pool-47-thread-1] INFO  server.RaftServerConfigKeys (ConfUtils.java:logGet(43)) - raft.server.notification.no-leader.timeout = 1000s (custom)
2019-10-21 02:39:52,821 [pool-27-thread-1] INFO  server.RaftServerConfigKeys (ConfUtils.java:logGet(43)) - raft.server.log.appender.buffer.byte-limit = 33554432 (custom)
2019-10-21 02:39:52,821 [pool-37-thread-1] INFO  server.RaftServerConfigKeys (ConfUtils.java:logGet(43)) - raft.server.log.purge.gap = 1000000 (custom)
2019-10-21 02:39:52,821 [pool-27-thread-1] INFO  server.RaftServerConfigKeys (ConfUtils.java:logGet(43)) - raft.server.log.segment.size.max = 1048576 (custom)
2019-10-21 02:39:52,821 [pool-47-thread-1] INFO  server.RaftServerConfigKeys (ConfUtils.java:logGet(43)) - raft.server.log.use.memory = false (default)
2019-10-21 02:39:52,822 [pool-37-thread-1] INFO  server.RaftServerConfigKeys (ConfUtils.java:logGet(43)) - raft.server.log.appender.buffer.byte-limit = 33554432 (custom)
2019-10-21 02:39:52,822 [pool-47-thread-1] INFO  server.RaftServerConfigKeys (ConfUtils.java:logGet(43)) - raft.server.log.purge.gap = 1000000 (custom)
2019-10-21 02:39:52,822 [pool-27-thread-1] INFO  server.RaftServerConfigKeys (ConfUtils.java:logGet(43)) - raft.server.log.segment.cache.num.max = 2 (custom)
2019-10-21 02:39:52,822 [pool-47-thread-1] INFO  server.RaftServerConfigKeys (ConfUtils.java:logGet(43)) - raft.server.log.appender.buffer.byte-limit = 33554432 (custom)
2019-10-21 02:39:52,822 [pool-37-thread-1] INFO  server.RaftServerConfigKeys (ConfUtils.java:logGet(43)) - raft.server.log.segment.size.max = 1048576 (custom)
2019-10-21 02:39:52,823 [pool-47-thread-1] INFO  server.RaftServerConfigKeys (ConfUtils.java:logGet(43)) - raft.server.log.segment.size.max = 1048576 (custom)
2019-10-21 02:39:52,823 [pool-27-thread-1] INFO  segmented.SegmentedRaftLogWorker (SegmentedRaftLogWorker.java:<init>(173)) - new d56bd5cd-a10f-47cc-a049-69cbb5837008@group-DEF98D012D92-SegmentedRaftLogWorker for RaftStorage:Storage Directory /workdir/hadoop-ozone/integration-test/target/test-dir/MiniOzoneClusterImpl-0fab9602-85f6-488d-9219-5a9ff83e13af/datanode-0/data/ratis/aa39d9d1-a820-4709-a173-def98d012d92
2019-10-21 02:39:52,823 [pool-47-thread-1] INFO  server.RaftServerConfigKeys (ConfUtils.java:logGet(43)) - raft.server.log.segment.cache.num.max = 2 (custom)
2019-10-21 02:39:52,823 [pool-37-thread-1] INFO  server.RaftServerConfigKeys (ConfUtils.java:logGet(43)) - raft.server.log.segment.cache.num.max = 2 (custom)
2019-10-21 02:39:52,823 [pool-47-thread-1] INFO  segmented.SegmentedRaftLogWorker (SegmentedRaftLogWorker.java:<init>(173)) - new 0299b781-7796-45ba-9036-f37ef6071f27@group-DEF98D012D92-SegmentedRaftLogWorker for RaftStorage:Storage Directory /workdir/hadoop-ozone/integration-test/target/test-dir/MiniOzoneClusterImpl-0fab9602-85f6-488d-9219-5a9ff83e13af/datanode-2/data/ratis/aa39d9d1-a820-4709-a173-def98d012d92
2019-10-21 02:39:52,823 [pool-27-thread-1] INFO  server.RaftServerConfigKeys (ConfUtils.java:logGet(43)) - raft.server.log.queue.byte-limit = 2147483647 (custom)
2019-10-21 02:39:52,824 [pool-47-thread-1] INFO  server.RaftServerConfigKeys (ConfUtils.java:logGet(43)) - raft.server.log.queue.byte-limit = 2147483647 (custom)
2019-10-21 02:39:52,824 [pool-37-thread-1] INFO  segmented.SegmentedRaftLogWorker (SegmentedRaftLogWorker.java:<init>(173)) - new 346fa4f8-3ab8-43df-a502-3f4b9443122a@group-DEF98D012D92-SegmentedRaftLogWorker for RaftStorage:Storage Directory /workdir/hadoop-ozone/integration-test/target/test-dir/MiniOzoneClusterImpl-0fab9602-85f6-488d-9219-5a9ff83e13af/datanode-1/data/ratis/aa39d9d1-a820-4709-a173-def98d012d92
2019-10-21 02:39:52,824 [pool-47-thread-1] INFO  server.RaftServerConfigKeys (ConfUtils.java:logGet(43)) - raft.server.log.queue.element-limit = 1024 (custom)
2019-10-21 02:39:52,824 [pool-27-thread-1] INFO  server.RaftServerConfigKeys (ConfUtils.java:logGet(43)) - raft.server.log.queue.element-limit = 1024 (custom)
2019-10-21 02:39:52,824 [pool-47-thread-1] INFO  server.RaftServerConfigKeys (ConfUtils.java:logGet(43)) - raft.server.log.segment.size.max = 1048576 (custom)
2019-10-21 02:39:52,824 [pool-37-thread-1] INFO  server.RaftServerConfigKeys (ConfUtils.java:logGet(43)) - raft.server.log.queue.byte-limit = 2147483647 (custom)
2019-10-21 02:39:52,825 [pool-47-thread-1] INFO  server.RaftServerConfigKeys (ConfUtils.java:logGet(43)) - raft.server.log.preallocated.size = 16384 (custom)
2019-10-21 02:39:52,825 [pool-27-thread-1] INFO  server.RaftServerConfigKeys (ConfUtils.java:logGet(43)) - raft.server.log.segment.size.max = 1048576 (custom)
2019-10-21 02:39:52,825 [pool-47-thread-1] INFO  server.RaftServerConfigKeys (ConfUtils.java:logGet(43)) - raft.server.log.write.buffer.size = 33554432 (custom)
2019-10-21 02:39:52,825 [pool-37-thread-1] INFO  server.RaftServerConfigKeys (ConfUtils.java:logGet(43)) - raft.server.log.queue.element-limit = 1024 (custom)
2019-10-21 02:39:52,825 [pool-47-thread-1] INFO  server.RaftServerConfigKeys (ConfUtils.java:logGet(43)) - raft.server.log.force.sync.num = 128 (default)
2019-10-21 02:39:52,825 [pool-27-thread-1] INFO  server.RaftServerConfigKeys (ConfUtils.java:logGet(43)) - raft.server.log.preallocated.size = 16384 (custom)
2019-10-21 02:39:52,826 [pool-47-thread-1] INFO  server.RaftServerConfigKeys (ConfUtils.java:logGet(43)) - raft.server.log.statemachine.data.sync = true (default)
2019-10-21 02:39:52,826 [pool-37-thread-1] INFO  server.RaftServerConfigKeys (ConfUtils.java:logGet(43)) - raft.server.log.segment.size.max = 1048576 (custom)
2019-10-21 02:39:52,826 [pool-47-thread-1] INFO  server.RaftServerConfigKeys (ConfUtils.java:logGet(43)) - raft.server.log.statemachine.data.sync.timeout = 10s (default)
2019-10-21 02:39:52,826 [pool-27-thread-1] INFO  server.RaftServerConfigKeys (ConfUtils.java:logGet(43)) - raft.server.log.write.buffer.size = 33554432 (custom)
2019-10-21 02:39:52,827 [pool-47-thread-1] INFO  server.RaftServerConfigKeys (ConfUtils.java:logGet(43)) - raft.server.log.statemachine.data.sync.timeout.retry = -1 (default)
2019-10-21 02:39:52,826 [pool-37-thread-1] INFO  server.RaftServerConfigKeys (ConfUtils.java:logGet(43)) - raft.server.log.preallocated.size = 16384 (custom)
2019-10-21 02:39:52,827 [pool-47-thread-1] INFO  server.RaftServerConfigKeys (ConfUtils.java:logGet(43)) - raft.server.log.statemachine.data.caching.enabled = true (custom)
2019-10-21 02:39:52,827 [pool-27-thread-1] INFO  server.RaftServerConfigKeys (ConfUtils.java:logGet(43)) - raft.server.log.force.sync.num = 128 (default)
2019-10-21 02:39:52,827 [pool-37-thread-1] INFO  server.RaftServerConfigKeys (ConfUtils.java:logGet(43)) - raft.server.log.write.buffer.size = 33554432 (custom)
2019-10-21 02:39:52,828 [pool-27-thread-1] INFO  server.RaftServerConfigKeys (ConfUtils.java:logGet(43)) - raft.server.log.statemachine.data.sync = true (default)
2019-10-21 02:39:52,828 [pool-47-thread-1] INFO  segmented.SegmentedRaftLogWorker (SegmentedRaftLogWorker.java:lambda$new$0(128)) - 0299b781-7796-45ba-9036-f37ef6071f27@group-DEF98D012D92-SegmentedRaftLogWorker: flushIndex: setUnconditionally 0 -> -1
2019-10-21 02:39:52,828 [pool-27-thread-1] INFO  server.RaftServerConfigKeys (ConfUtils.java:logGet(43)) - raft.server.log.statemachine.data.sync.timeout = 10s (default)
2019-10-21 02:39:52,828 [pool-37-thread-1] INFO  server.RaftServerConfigKeys (ConfUtils.java:logGet(43)) - raft.server.log.force.sync.num = 128 (default)
2019-10-21 02:39:52,828 [pool-47-thread-1] INFO  server.RaftServerConfigKeys (ConfUtils.java:logGet(43)) - raft.server.snapshot.auto.trigger.enabled = true (custom)
2019-10-21 02:39:52,828 [pool-27-thread-1] INFO  server.RaftServerConfigKeys (ConfUtils.java:logGet(43)) - raft.server.log.statemachine.data.sync.timeout.retry = -1 (default)
2019-10-21 02:39:52,829 [pool-47-thread-1] INFO  server.RaftServerConfigKeys (ConfUtils.java:logGet(43)) - raft.server.snapshot.auto.trigger.threshold = 10000 (custom)
2019-10-21 02:39:52,829 [pool-37-thread-1] INFO  server.RaftServerConfigKeys (ConfUtils.java:logGet(43)) - raft.server.log.statemachine.data.sync = true (default)
2019-10-21 02:39:52,829 [pool-27-thread-1] INFO  server.RaftServerConfigKeys (ConfUtils.java:logGet(43)) - raft.server.log.statemachine.data.caching.enabled = true (custom)
2019-10-21 02:39:52,829 [pool-47-thread-1] INFO  server.RaftServerConfigKeys (ConfUtils.java:logGet(43)) - raft.server.snapshot.retention.file.num = 5 (custom)
2019-10-21 02:39:52,829 [pool-37-thread-1] INFO  server.RaftServerConfigKeys (ConfUtils.java:logGet(43)) - raft.server.log.statemachine.data.sync.timeout = 10s (default)
2019-10-21 02:39:52,830 [pool-47-thread-1] INFO  server.RaftServerConfigKeys (ConfUtils.java:logGet(43)) - raft.server.retrycache.expirytime = 600000ms (custom)
2019-10-21 02:39:52,830 [pool-27-thread-1] INFO  segmented.SegmentedRaftLogWorker (SegmentedRaftLogWorker.java:lambda$new$0(128)) - d56bd5cd-a10f-47cc-a049-69cbb5837008@group-DEF98D012D92-SegmentedRaftLogWorker: flushIndex: setUnconditionally 0 -> -1
2019-10-21 02:39:52,830 [pool-47-thread-1] WARN  impl.MetricRegistriesImpl (MetricRegistriesImpl.java:lambda$create$1(61)) - First MetricRegistry has been created without registering reporters. You may need to call MetricRegistries.global().addReportRegistration(...) before.
2019-10-21 02:39:52,830 [pool-37-thread-1] INFO  server.RaftServerConfigKeys (ConfUtils.java:logGet(43)) - raft.server.log.statemachine.data.sync.timeout.retry = -1 (default)
2019-10-21 02:39:52,830 [pool-47-thread-1] WARN  impl.MetricRegistriesImpl (MetricRegistriesImpl.java:lambda$create$1(61)) - First MetricRegistry has been created without registering reporters. You may need to call MetricRegistries.global().addReportRegistration(...) before.
2019-10-21 02:39:52,830 [pool-27-thread-1] INFO  server.RaftServerConfigKeys (ConfUtils.java:logGet(43)) - raft.server.snapshot.auto.trigger.enabled = true (custom)
2019-10-21 02:39:52,831 [pool-37-thread-1] INFO  server.RaftServerConfigKeys (ConfUtils.java:logGet(43)) - raft.server.log.statemachine.data.caching.enabled = true (custom)
2019-10-21 02:39:52,831 [pool-27-thread-1] INFO  server.RaftServerConfigKeys (ConfUtils.java:logGet(43)) - raft.server.snapshot.auto.trigger.threshold = 10000 (custom)
2019-10-21 02:39:52,831 [pool-47-thread-1] INFO  impl.RaftServerImpl (RaftServerImpl.java:start(184)) - 0299b781-7796-45ba-9036-f37ef6071f27@group-DEF98D012D92: start as a follower, conf=-1: [d56bd5cd-a10f-47cc-a049-69cbb5837008:192.168.34.9:41391, 346fa4f8-3ab8-43df-a502-3f4b9443122a:192.168.34.9:34701, 0299b781-7796-45ba-9036-f37ef6071f27:192.168.34.9:33798], old=null
2019-10-21 02:39:52,831 [pool-27-thread-1] INFO  server.RaftServerConfigKeys (ConfUtils.java:logGet(43)) - raft.server.snapshot.retention.file.num = 5 (custom)
2019-10-21 02:39:52,831 [pool-47-thread-1] INFO  impl.RaftServerImpl (RaftServerImpl.java:setRole(173)) - 0299b781-7796-45ba-9036-f37ef6071f27@group-DEF98D012D92: changes role from      null to FOLLOWER at term 0 for startAsFollower
2019-10-21 02:39:52,831 [pool-37-thread-1] INFO  segmented.SegmentedRaftLogWorker (SegmentedRaftLogWorker.java:lambda$new$0(128)) - 346fa4f8-3ab8-43df-a502-3f4b9443122a@group-DEF98D012D92-SegmentedRaftLogWorker: flushIndex: setUnconditionally 0 -> -1
2019-10-21 02:39:52,832 [pool-47-thread-1] INFO  impl.RoleInfo (RoleInfo.java:updateAndGet(143)) - 0299b781-7796-45ba-9036-f37ef6071f27: start FollowerState
2019-10-21 02:39:52,832 [pool-27-thread-1] INFO  server.RaftServerConfigKeys (ConfUtils.java:logGet(43)) - raft.server.retrycache.expirytime = 600000ms (custom)
2019-10-21 02:39:52,832 [pool-37-thread-1] INFO  server.RaftServerConfigKeys (ConfUtils.java:logGet(43)) - raft.server.snapshot.auto.trigger.enabled = true (custom)
2019-10-21 02:39:52,832 [pool-27-thread-1] WARN  impl.MetricRegistriesImpl (MetricRegistriesImpl.java:lambda$create$1(61)) - First MetricRegistry has been created without registering reporters. You may need to call MetricRegistries.global().addReportRegistration(...) before.
2019-10-21 02:39:52,832 [pool-37-thread-1] INFO  server.RaftServerConfigKeys (ConfUtils.java:logGet(43)) - raft.server.snapshot.auto.trigger.threshold = 10000 (custom)
2019-10-21 02:39:52,833 [pool-27-thread-1] WARN  impl.MetricRegistriesImpl (MetricRegistriesImpl.java:lambda$create$1(61)) - First MetricRegistry has been created without registering reporters. You may need to call MetricRegistries.global().addReportRegistration(...) before.
2019-10-21 02:39:52,833 [pool-47-thread-1] INFO  util.JmxRegister (JmxRegister.java:tryRegister(44)) - Successfully registered JMX Bean with object name Ratis:service=RaftServer,group=group-DEF98D012D92,id=0299b781-7796-45ba-9036-f37ef6071f27
2019-10-21 02:39:52,833 [pool-27-thread-1] INFO  impl.RaftServerImpl (RaftServerImpl.java:start(184)) - d56bd5cd-a10f-47cc-a049-69cbb5837008@group-DEF98D012D92: start as a follower, conf=-1: [d56bd5cd-a10f-47cc-a049-69cbb5837008:192.168.34.9:41391, 346fa4f8-3ab8-43df-a502-3f4b9443122a:192.168.34.9:34701, 0299b781-7796-45ba-9036-f37ef6071f27:192.168.34.9:33798], old=null
2019-10-21 02:39:52,833 [pool-37-thread-1] INFO  server.RaftServerConfigKeys (ConfUtils.java:logGet(43)) - raft.server.snapshot.retention.file.num = 5 (custom)
2019-10-21 02:39:52,833 [pool-27-thread-1] INFO  impl.RaftServerImpl (RaftServerImpl.java:setRole(173)) - d56bd5cd-a10f-47cc-a049-69cbb5837008@group-DEF98D012D92: changes role from      null to FOLLOWER at term 0 for startAsFollower
2019-10-21 02:39:52,833 [pool-47-thread-1] WARN  impl.MetricRegistriesImpl (MetricRegistriesImpl.java:lambda$create$1(61)) - First MetricRegistry has been created without registering reporters. You may need to call MetricRegistries.global().addReportRegistration(...) before.
2019-10-21 02:39:52,834 [pool-27-thread-1] INFO  impl.RoleInfo (RoleInfo.java:updateAndGet(143)) - d56bd5cd-a10f-47cc-a049-69cbb5837008: start FollowerState
2019-10-21 02:39:52,833 [pool-37-thread-1] INFO  server.RaftServerConfigKeys (ConfUtils.java:logGet(43)) - raft.server.retrycache.expirytime = 600000ms (custom)
2019-10-21 02:39:52,834 [pool-37-thread-1] WARN  impl.MetricRegistriesImpl (MetricRegistriesImpl.java:lambda$create$1(61)) - First MetricRegistry has been created without registering reporters. You may need to call MetricRegistries.global().addReportRegistration(...) before.
2019-10-21 02:39:52,834 [pool-37-thread-1] WARN  impl.MetricRegistriesImpl (MetricRegistriesImpl.java:lambda$create$1(61)) - First MetricRegistry has been created without registering reporters. You may need to call MetricRegistries.global().addReportRegistration(...) before.
2019-10-21 02:39:52,834 [pool-27-thread-1] INFO  util.JmxRegister (JmxRegister.java:tryRegister(44)) - Successfully registered JMX Bean with object name Ratis:service=RaftServer,group=group-DEF98D012D92,id=d56bd5cd-a10f-47cc-a049-69cbb5837008
2019-10-21 02:39:52,835 [pool-27-thread-1] WARN  impl.MetricRegistriesImpl (MetricRegistriesImpl.java:lambda$create$1(61)) - First MetricRegistry has been created without registering reporters. You may need to call MetricRegistries.global().addReportRegistration(...) before.
2019-10-21 02:39:52,835 [pool-37-thread-1] INFO  impl.RaftServerImpl (RaftServerImpl.java:start(184)) - 346fa4f8-3ab8-43df-a502-3f4b9443122a@group-DEF98D012D92: start as a follower, conf=-1: [d56bd5cd-a10f-47cc-a049-69cbb5837008:192.168.34.9:41391, 346fa4f8-3ab8-43df-a502-3f4b9443122a:192.168.34.9:34701, 0299b781-7796-45ba-9036-f37ef6071f27:192.168.34.9:33798], old=null
2019-10-21 02:39:52,835 [pool-37-thread-1] INFO  impl.RaftServerImpl (RaftServerImpl.java:setRole(173)) - 346fa4f8-3ab8-43df-a502-3f4b9443122a@group-DEF98D012D92: changes role from      null to FOLLOWER at term 0 for startAsFollower
2019-10-21 02:39:52,836 [pool-37-thread-1] INFO  impl.RoleInfo (RoleInfo.java:updateAndGet(143)) - 346fa4f8-3ab8-43df-a502-3f4b9443122a: start FollowerState
2019-10-21 02:39:52,838 [pool-37-thread-1] INFO  util.JmxRegister (JmxRegister.java:tryRegister(44)) - Successfully registered JMX Bean with object name Ratis:service=RaftServer,group=group-DEF98D012D92,id=346fa4f8-3ab8-43df-a502-3f4b9443122a
2019-10-21 02:39:52,839 [pool-37-thread-1] WARN  impl.MetricRegistriesImpl (MetricRegistriesImpl.java:lambda$create$1(61)) - First MetricRegistry has been created without registering reporters. You may need to call MetricRegistries.global().addReportRegistration(...) before.
2019-10-21 02:39:52,859 [RatisPipelineUtilsThread] INFO  pipeline.PipelineStateManager (PipelineStateManager.java:addPipeline(55)) - Created pipeline Pipeline[ Id: aa39d9d1-a820-4709-a173-def98d012d92, Nodes: 346fa4f8-3ab8-43df-a502-3f4b9443122a{ip: 192.168.34.9, host: pr-hdds-1868-8w4sl-2612808232, networkLocation: /default-rack, certSerialId: null}d56bd5cd-a10f-47cc-a049-69cbb5837008{ip: 192.168.34.9, host: pr-hdds-1868-8w4sl-2612808232, networkLocation: /default-rack, certSerialId: null}0299b781-7796-45ba-9036-f37ef6071f27{ip: 192.168.34.9, host: pr-hdds-1868-8w4sl-2612808232, networkLocation: /default-rack, certSerialId: null}, Type:RATIS, Factor:THREE, State:ALLOCATED]
2019-10-21 02:39:52,861 [main] INFO  ozone.MiniOzoneClusterImpl (MiniOzoneClusterImpl.java:lambda$waitForClusterToBeReady$2(162)) - Waiting for 4 number of pipelines out of 4, to report a leader.
2019-10-21 02:39:53,863 [main] INFO  ozone.MiniOzoneClusterImpl (MiniOzoneClusterImpl.java:lambda$waitForClusterToBeReady$2(162)) - Waiting for 4 number of pipelines out of 4, to report a leader.
2019-10-21 02:39:54,737 [Thread-181] INFO  container.ReplicationManager (ReplicationManager.java:start(162)) - Starting Replication Monitor Thread.
2019-10-21 02:39:54,740 [Thread-181] INFO  pipeline.SCMPipelineManager (SCMPipelineManager.java:finalizeAndDestroyPipeline(348)) - destroying pipeline:Pipeline[ Id: 80dd4a4f-5166-44ab-9dcb-f6f046482914, Nodes: 0299b781-7796-45ba-9036-f37ef6071f27{ip: 192.168.34.9, host: pr-hdds-1868-8w4sl-2612808232, networkLocation: /default-rack, certSerialId: null}, Type:RATIS, Factor:ONE, State:ALLOCATED]
2019-10-21 02:39:54,741 [ReplicationMonitor] INFO  container.ReplicationManager (ReplicationManager.java:run(225)) - Replication Monitor Thread took 1 milliseconds for processing 0 containers.
2019-10-21 02:39:54,741 [Thread-181] INFO  pipeline.PipelineStateManager (PipelineStateManager.java:finalizePipeline(121)) - Pipeline Pipeline[ Id: 80dd4a4f-5166-44ab-9dcb-f6f046482914, Nodes: 0299b781-7796-45ba-9036-f37ef6071f27{ip: 192.168.34.9, host: pr-hdds-1868-8w4sl-2612808232, networkLocation: /default-rack, certSerialId: null}, Type:RATIS, Factor:ONE, State:CLOSED] moved to CLOSED state
2019-10-21 02:39:54,769 [grpc-default-executor-2] INFO  impl.RaftServerProxy (RaftServerProxy.java:remove(95)) - 0299b781-7796-45ba-9036-f37ef6071f27: remove  FOLLOWER 0299b781-7796-45ba-9036-f37ef6071f27@group-F6F046482914:t0, leader=null, voted=null, raftlog=0299b781-7796-45ba-9036-f37ef6071f27@group-F6F046482914-SegmentedRaftLog:OPENED:c-1,f-1,i0, conf=-1: [0299b781-7796-45ba-9036-f37ef6071f27:192.168.34.9:33798], old=null RUNNING
2019-10-21 02:39:54,773 [grpc-default-executor-2] INFO  impl.RaftServerImpl (RaftServerImpl.java:lambda$shutdown$3(250)) - 0299b781-7796-45ba-9036-f37ef6071f27@group-F6F046482914: shutdown
2019-10-21 02:39:54,773 [grpc-default-executor-2] INFO  util.JmxRegister (JmxRegister.java:unregister(73)) - Successfully un-registered JMX Bean with object name Ratis:service=RaftServer,group=group-F6F046482914,id=0299b781-7796-45ba-9036-f37ef6071f27
2019-10-21 02:39:54,773 [grpc-default-executor-2] INFO  impl.RoleInfo (RoleInfo.java:shutdownFollowerState(121)) - 0299b781-7796-45ba-9036-f37ef6071f27: shutdown FollowerState
2019-10-21 02:39:54,774 [grpc-default-executor-2] INFO  impl.StateMachineUpdater (StateMachineUpdater.java:stopAndJoin(136)) - 0299b781-7796-45ba-9036-f37ef6071f27@group-F6F046482914-StateMachineUpdater: set stopIndex = -1
2019-10-21 02:39:54,774 [Thread-192] INFO  impl.FollowerState (FollowerState.java:run(120)) - 0299b781-7796-45ba-9036-f37ef6071f27@group-F6F046482914-FollowerState was interrupted: java.lang.InterruptedException: sleep interrupted
2019-10-21 02:39:54,776 [grpc-default-executor-2] INFO  impl.RaftServerImpl (ServerState.java:close(387)) - 0299b781-7796-45ba-9036-f37ef6071f27@group-F6F046482914: closes. applyIndex: -1
2019-10-21 02:39:54,782 [0299b781-7796-45ba-9036-f37ef6071f27@group-F6F046482914-SegmentedRaftLogWorker] INFO  segmented.SegmentedRaftLogWorker (SegmentedRaftLogWorker.java:run(316)) - 0299b781-7796-45ba-9036-f37ef6071f27@group-F6F046482914-SegmentedRaftLogWorker was interrupted, exiting. There are 0 tasks remaining in the queue.
2019-10-21 02:39:54,784 [grpc-default-executor-2] INFO  segmented.SegmentedRaftLogWorker (SegmentedRaftLogWorker.java:close(224)) - 0299b781-7796-45ba-9036-f37ef6071f27@group-F6F046482914-SegmentedRaftLogWorker close()
2019-10-21 02:39:54,805 [Thread-181] INFO  pipeline.PipelineStateManager (PipelineStateManager.java:removePipeline(106)) - Pipeline Pipeline[ Id: 80dd4a4f-5166-44ab-9dcb-f6f046482914, Nodes: 0299b781-7796-45ba-9036-f37ef6071f27{ip: 192.168.34.9, host: pr-hdds-1868-8w4sl-2612808232, networkLocation: /default-rack, certSerialId: null}, Type:RATIS, Factor:ONE, State:CLOSED] removed from db
2019-10-21 02:39:54,806 [Thread-181] INFO  pipeline.SCMPipelineManager (SCMPipelineManager.java:finalizeAndDestroyPipeline(348)) - destroying pipeline:Pipeline[ Id: aa39d9d1-a820-4709-a173-def98d012d92, Nodes: 346fa4f8-3ab8-43df-a502-3f4b9443122a{ip: 192.168.34.9, host: pr-hdds-1868-8w4sl-2612808232, networkLocation: /default-rack, certSerialId: null}d56bd5cd-a10f-47cc-a049-69cbb5837008{ip: 192.168.34.9, host: pr-hdds-1868-8w4sl-2612808232, networkLocation: /default-rack, certSerialId: null}0299b781-7796-45ba-9036-f37ef6071f27{ip: 192.168.34.9, host: pr-hdds-1868-8w4sl-2612808232, networkLocation: /default-rack, certSerialId: null}, Type:RATIS, Factor:THREE, State:ALLOCATED]
2019-10-21 02:39:54,818 [grpc-default-executor-2] INFO  impl.RaftServerProxy (RaftServerProxy.java:addNew(89)) - 0299b781-7796-45ba-9036-f37ef6071f27: addNew group-07C0FC85186C:[0299b781-7796-45ba-9036-f37ef6071f27:192.168.34.9:33798] returns group-07C0FC85186C:java.util.concurrent.CompletableFuture@5c34ef86[Not completed]
2019-10-21 02:39:54,820 [pool-47-thread-1] INFO  impl.RaftServerImpl (RaftServerImpl.java:<init>(98)) - 0299b781-7796-45ba-9036-f37ef6071f27: new RaftServerImpl for group-07C0FC85186C:[0299b781-7796-45ba-9036-f37ef6071f27:192.168.34.9:33798] with ContainerStateMachine:uninitialized
2019-10-21 02:39:54,821 [pool-47-thread-1] INFO  server.RaftServerConfigKeys (ConfUtils.java:logGet(43)) - raft.server.rpc.timeout.min = 5s (custom)
2019-10-21 02:39:54,821 [pool-47-thread-1] INFO  server.RaftServerConfigKeys (ConfUtils.java:logGet(43)) - raft.server.rpc.timeout.max = 5200ms (custom)
2019-10-21 02:39:54,821 [pool-47-thread-1] INFO  server.RaftServerConfigKeys (ConfUtils.java:logGet(43)) - raft.server.rpcslowness.timeout = 1000s (custom)
2019-10-21 02:39:54,822 [pool-47-thread-1] INFO  server.RaftServerConfigKeys (ConfUtils.java:logGet(43)) - raft.server.sleep.deviation.threshold = 300 (default)
2019-10-21 02:39:54,822 [pool-47-thread-1] INFO  server.RaftServerConfigKeys (ConfUtils.java:logGet(43)) - raft.server.log.appender.install.snapshot.enabled = false (custom)
2019-10-21 02:39:54,822 [pool-47-thread-1] INFO  impl.RaftServerImpl (ServerState.java:<init>(103)) - 0299b781-7796-45ba-9036-f37ef6071f27@group-07C0FC85186C: ConfigurationManager, init=-1: [0299b781-7796-45ba-9036-f37ef6071f27:192.168.34.9:33798], old=null, confs=<EMPTY_MAP>
2019-10-21 02:39:54,822 [pool-47-thread-1] INFO  server.RaftServerConfigKeys (ConfUtils.java:logGet(43)) - raft.server.storage.dir = [/workdir/hadoop-ozone/integration-test/target/test-dir/MiniOzoneClusterImpl-0fab9602-85f6-488d-9219-5a9ff83e13af/datanode-2/data/ratis] (custom)
2019-10-21 02:39:54,823 [pool-47-thread-1] INFO  server.RaftServerConfigKeys (ConfUtils.java:logGet(43)) - raft.server.log.corruption.policy = EXCEPTION (default)
2019-10-21 02:39:54,823 [pool-47-thread-1] INFO  storage.RaftStorageDirectory (RaftStorageDirectory.java:analyzeStorage(246)) - The storage directory /workdir/hadoop-ozone/integration-test/target/test-dir/MiniOzoneClusterImpl-0fab9602-85f6-488d-9219-5a9ff83e13af/datanode-2/data/ratis/b31aeaf8-2ff9-438d-af37-07c0fc85186c does not exist. Creating ...
2019-10-21 02:39:54,846 [pool-47-thread-1] INFO  storage.RaftStorageDirectory (RaftStorageDirectory.java:tryLock(328)) - Lock on /workdir/hadoop-ozone/integration-test/target/test-dir/MiniOzoneClusterImpl-0fab9602-85f6-488d-9219-5a9ff83e13af/datanode-2/data/ratis/b31aeaf8-2ff9-438d-af37-07c0fc85186c/in_use.lock acquired by nodename 2549@pr-hdds-1868-8w4sl-2612808232
2019-10-21 02:39:54,885 [pool-47-thread-1] INFO  storage.RaftStorage (RaftStorage.java:format(84)) - Storage directory /workdir/hadoop-ozone/integration-test/target/test-dir/MiniOzoneClusterImpl-0fab9602-85f6-488d-9219-5a9ff83e13af/datanode-2/data/ratis/b31aeaf8-2ff9-438d-af37-07c0fc85186c has been successfully formatted.
2019-10-21 02:39:54,886 [pool-47-thread-1] INFO  ratis.ContainerStateMachine (ContainerStateMachine.java:loadSnapshot(233)) - group-07C0FC85186C: The snapshot info is null. Setting the last applied indexto:(t:0, i:~)
2019-10-21 02:39:54,886 [pool-47-thread-1] INFO  server.RaftServerConfigKeys (ConfUtils.java:logGet(43)) - raft.server.notification.no-leader.timeout = 1000s (custom)
2019-10-21 02:39:54,886 [pool-47-thread-1] INFO  server.RaftServerConfigKeys (ConfUtils.java:logGet(43)) - raft.server.log.use.memory = false (default)
2019-10-21 02:39:54,886 [pool-47-thread-1] INFO  server.RaftServerConfigKeys (ConfUtils.java:logGet(43)) - raft.server.log.purge.gap = 1000000 (custom)
2019-10-21 02:39:54,886 [pool-47-thread-1] INFO  server.RaftServerConfigKeys (ConfUtils.java:logGet(43)) - raft.server.log.appender.buffer.byte-limit = 33554432 (custom)
2019-10-21 02:39:54,886 [pool-47-thread-1] INFO  server.RaftServerConfigKeys (ConfUtils.java:logGet(43)) - raft.server.log.segment.size.max = 1048576 (custom)
2019-10-21 02:39:54,887 [pool-47-thread-1] INFO  server.RaftServerConfigKeys (ConfUtils.java:logGet(43)) - raft.server.log.segment.cache.num.max = 2 (custom)
2019-10-21 02:39:54,887 [pool-47-thread-1] INFO  segmented.SegmentedRaftLogWorker (SegmentedRaftLogWorker.java:<init>(173)) - new 0299b781-7796-45ba-9036-f37ef6071f27@group-07C0FC85186C-SegmentedRaftLogWorker for RaftStorage:Storage Directory /workdir/hadoop-ozone/integration-test/target/test-dir/MiniOzoneClusterImpl-0fab9602-85f6-488d-9219-5a9ff83e13af/datanode-2/data/ratis/b31aeaf8-2ff9-438d-af37-07c0fc85186c
2019-10-21 02:39:54,887 [pool-47-thread-1] INFO  server.RaftServerConfigKeys (ConfUtils.java:logGet(43)) - raft.server.log.queue.byte-limit = 2147483647 (custom)
2019-10-21 02:39:54,887 [pool-47-thread-1] INFO  server.RaftServerConfigKeys (ConfUtils.java:logGet(43)) - raft.server.log.queue.element-limit = 1024 (custom)
2019-10-21 02:39:54,887 [pool-47-thread-1] INFO  server.RaftServerConfigKeys (ConfUtils.java:logGet(43)) - raft.server.log.segment.size.max = 1048576 (custom)
2019-10-21 02:39:54,887 [pool-47-thread-1] INFO  server.RaftServerConfigKeys (ConfUtils.java:logGet(43)) - raft.server.log.preallocated.size = 16384 (custom)
2019-10-21 02:39:54,888 [pool-47-thread-1] INFO  server.RaftServerConfigKeys (ConfUtils.java:logGet(43)) - raft.server.log.write.buffer.size = 33554432 (custom)
2019-10-21 02:39:54,888 [pool-47-thread-1] INFO  server.RaftServerConfigKeys (ConfUtils.java:logGet(43)) - raft.server.log.force.sync.num = 128 (default)
2019-10-21 02:39:54,888 [pool-47-thread-1] INFO  server.RaftServerConfigKeys (ConfUtils.java:logGet(43)) - raft.server.log.statemachine.data.sync = true (default)
2019-10-21 02:39:54,888 [pool-47-thread-1] INFO  server.RaftServerConfigKeys (ConfUtils.java:logGet(43)) - raft.server.log.statemachine.data.sync.timeout = 10s (default)
2019-10-21 02:39:54,888 [pool-47-thread-1] INFO  server.RaftServerConfigKeys (ConfUtils.java:logGet(43)) - raft.server.log.statemachine.data.sync.timeout.retry = -1 (default)
2019-10-21 02:39:54,888 [pool-47-thread-1] INFO  server.RaftServerConfigKeys (ConfUtils.java:logGet(43)) - raft.server.log.statemachine.data.caching.enabled = true (custom)
2019-10-21 02:39:54,889 [pool-47-thread-1] INFO  segmented.SegmentedRaftLogWorker (SegmentedRaftLogWorker.java:lambda$new$0(128)) - 0299b781-7796-45ba-9036-f37ef6071f27@group-07C0FC85186C-SegmentedRaftLogWorker: flushIndex: setUnconditionally 0 -> -1
2019-10-21 02:39:54,889 [pool-47-thread-1] INFO  server.RaftServerConfigKeys (ConfUtils.java:logGet(43)) - raft.server.snapshot.auto.trigger.enabled = true (custom)
2019-10-21 02:39:54,889 [pool-47-thread-1] INFO  server.RaftServerConfigKeys (ConfUtils.java:logGet(43)) - raft.server.snapshot.auto.trigger.threshold = 10000 (custom)
2019-10-21 02:39:54,890 [pool-47-thread-1] INFO  server.RaftServerConfigKeys (ConfUtils.java:logGet(43)) - raft.server.snapshot.retention.file.num = 5 (custom)
2019-10-21 02:39:54,890 [pool-47-thread-1] INFO  server.RaftServerConfigKeys (ConfUtils.java:logGet(43)) - raft.server.retrycache.expirytime = 600000ms (custom)
2019-10-21 02:39:54,890 [pool-47-thread-1] WARN  impl.MetricRegistriesImpl (MetricRegistriesImpl.java:lambda$create$1(61)) - First MetricRegistry has been created without registering reporters. You may need to call MetricRegistries.global().addReportRegistration(...) before.
2019-10-21 02:39:54,890 [pool-47-thread-1] WARN  impl.MetricRegistriesImpl (MetricRegistriesImpl.java:lambda$create$1(61)) - First MetricRegistry has been created without registering reporters. You may need to call MetricRegistries.global().addReportRegistration(...) before.
2019-10-21 02:39:54,891 [pool-47-thread-1] INFO  impl.RaftServerImpl (RaftServerImpl.java:start(184)) - 0299b781-7796-45ba-9036-f37ef6071f27@group-07C0FC85186C: start as a follower, conf=-1: [0299b781-7796-45ba-9036-f37ef6071f27:192.168.34.9:33798], old=null
2019-10-21 02:39:54,891 [pool-47-thread-1] INFO  impl.RaftServerImpl (RaftServerImpl.java:setRole(173)) - 0299b781-7796-45ba-9036-f37ef6071f27@group-07C0FC85186C: changes role from      null to FOLLOWER at term 0 for startAsFollower
2019-10-21 02:39:54,891 [pool-47-thread-1] INFO  impl.RoleInfo (RoleInfo.java:updateAndGet(143)) - 0299b781-7796-45ba-9036-f37ef6071f27: start FollowerState
2019-10-21 02:39:54,892 [pool-47-thread-1] INFO  util.JmxRegister (JmxRegister.java:tryRegister(44)) - Successfully registered JMX Bean with object name Ratis:service=RaftServer,group=group-07C0FC85186C,id=0299b781-7796-45ba-9036-f37ef6071f27
2019-10-21 02:39:54,892 [pool-47-thread-1] WARN  impl.MetricRegistriesImpl (MetricRegistriesImpl.java:lambda$create$1(61)) - First MetricRegistry has been created without registering reporters. You may need to call MetricRegistries.global().addReportRegistration(...) before.
2019-10-21 02:39:54,901 [RatisPipelineUtilsThread] INFO  pipeline.PipelineStateManager (PipelineStateManager.java:addPipeline(55)) - Created pipeline Pipeline[ Id: b31aeaf8-2ff9-438d-af37-07c0fc85186c, Nodes: 0299b781-7796-45ba-9036-f37ef6071f27{ip: 192.168.34.9, host: pr-hdds-1868-8w4sl-2612808232, networkLocation: /default-rack, certSerialId: null}, Type:RATIS, Factor:ONE, State:ALLOCATED]
2019-10-21 02:39:54,917 [Thread-181] INFO  pipeline.PipelineStateManager (PipelineStateManager.java:finalizePipeline(121)) - Pipeline Pipeline[ Id: aa39d9d1-a820-4709-a173-def98d012d92, Nodes: 346fa4f8-3ab8-43df-a502-3f4b9443122a{ip: 192.168.34.9, host: pr-hdds-1868-8w4sl-2612808232, networkLocation: /default-rack, certSerialId: null}d56bd5cd-a10f-47cc-a049-69cbb5837008{ip: 192.168.34.9, host: pr-hdds-1868-8w4sl-2612808232, networkLocation: /default-rack, certSerialId: null}0299b781-7796-45ba-9036-f37ef6071f27{ip: 192.168.34.9, host: pr-hdds-1868-8w4sl-2612808232, networkLocation: /default-rack, certSerialId: null}, Type:RATIS, Factor:THREE, State:CLOSED] moved to CLOSED state
2019-10-21 02:39:54,918 [main] INFO  ozone.MiniOzoneClusterImpl (MiniOzoneClusterImpl.java:lambda$waitForClusterToBeReady$2(162)) - Waiting for 3 number of pipelines out of 4, to report a leader.
2019-10-21 02:39:54,930 [grpc-default-executor-2] INFO  impl.RaftServerProxy (RaftServerProxy.java:remove(95)) - 346fa4f8-3ab8-43df-a502-3f4b9443122a: remove  FOLLOWER 346fa4f8-3ab8-43df-a502-3f4b9443122a@group-DEF98D012D92:t0, leader=null, voted=null, raftlog=346fa4f8-3ab8-43df-a502-3f4b9443122a@group-DEF98D012D92-SegmentedRaftLog:OPENED:c-1,f-1,i0, conf=-1: [d56bd5cd-a10f-47cc-a049-69cbb5837008:192.168.34.9:41391, 346fa4f8-3ab8-43df-a502-3f4b9443122a:192.168.34.9:34701, 0299b781-7796-45ba-9036-f37ef6071f27:192.168.34.9:33798], old=null RUNNING
2019-10-21 02:39:54,931 [grpc-default-executor-2] INFO  impl.RaftServerImpl (RaftServerImpl.java:lambda$shutdown$3(250)) - 346fa4f8-3ab8-43df-a502-3f4b9443122a@group-DEF98D012D92: shutdown
2019-10-21 02:39:54,931 [grpc-default-executor-2] INFO  util.JmxRegister (JmxRegister.java:unregister(73)) - Successfully un-registered JMX Bean with object name Ratis:service=RaftServer,group=group-DEF98D012D92,id=346fa4f8-3ab8-43df-a502-3f4b9443122a
2019-10-21 02:39:54,931 [grpc-default-executor-2] INFO  impl.RoleInfo (RoleInfo.java:shutdownFollowerState(121)) - 346fa4f8-3ab8-43df-a502-3f4b9443122a: shutdown FollowerState
2019-10-21 02:39:54,931 [grpc-default-executor-2] INFO  impl.StateMachineUpdater (StateMachineUpdater.java:stopAndJoin(136)) - 346fa4f8-3ab8-43df-a502-3f4b9443122a@group-DEF98D012D92-StateMachineUpdater: set stopIndex = -1
2019-10-21 02:39:54,932 [Thread-201] INFO  impl.FollowerState (FollowerState.java:run(120)) - 346fa4f8-3ab8-43df-a502-3f4b9443122a@group-DEF98D012D92-FollowerState was interrupted: java.lang.InterruptedException: sleep interrupted
2019-10-21 02:39:54,934 [grpc-default-executor-2] INFO  impl.RaftServerImpl (ServerState.java:close(387)) - 346fa4f8-3ab8-43df-a502-3f4b9443122a@group-DEF98D012D92: closes. applyIndex: -1
2019-10-21 02:39:54,935 [346fa4f8-3ab8-43df-a502-3f4b9443122a@group-DEF98D012D92-SegmentedRaftLogWorker] INFO  segmented.SegmentedRaftLogWorker (SegmentedRaftLogWorker.java:run(316)) - 346fa4f8-3ab8-43df-a502-3f4b9443122a@group-DEF98D012D92-SegmentedRaftLogWorker was interrupted, exiting. There are 0 tasks remaining in the queue.
2019-10-21 02:39:54,935 [grpc-default-executor-2] INFO  segmented.SegmentedRaftLogWorker (SegmentedRaftLogWorker.java:close(224)) - 346fa4f8-3ab8-43df-a502-3f4b9443122a@group-DEF98D012D92-SegmentedRaftLogWorker close()
2019-10-21 02:39:54,967 [grpc-default-executor-2] INFO  impl.RaftServerProxy (RaftServerProxy.java:remove(95)) - d56bd5cd-a10f-47cc-a049-69cbb5837008: remove  FOLLOWER d56bd5cd-a10f-47cc-a049-69cbb5837008@group-DEF98D012D92:t0, leader=null, voted=null, raftlog=d56bd5cd-a10f-47cc-a049-69cbb5837008@group-DEF98D012D92-SegmentedRaftLog:OPENED:c-1,f-1,i0, conf=-1: [d56bd5cd-a10f-47cc-a049-69cbb5837008:192.168.34.9:41391, 346fa4f8-3ab8-43df-a502-3f4b9443122a:192.168.34.9:34701, 0299b781-7796-45ba-9036-f37ef6071f27:192.168.34.9:33798], old=null RUNNING
2019-10-21 02:39:54,967 [grpc-default-executor-2] INFO  impl.RaftServerImpl (RaftServerImpl.java:lambda$shutdown$3(250)) - d56bd5cd-a10f-47cc-a049-69cbb5837008@group-DEF98D012D92: shutdown
2019-10-21 02:39:54,975 [grpc-default-executor-2] INFO  util.JmxRegister (JmxRegister.java:unregister(73)) - Successfully un-registered JMX Bean with object name Ratis:service=RaftServer,group=group-DEF98D012D92,id=d56bd5cd-a10f-47cc-a049-69cbb5837008
2019-10-21 02:39:54,977 [grpc-default-executor-2] INFO  impl.RoleInfo (RoleInfo.java:shutdownFollowerState(121)) - d56bd5cd-a10f-47cc-a049-69cbb5837008: shutdown FollowerState
2019-10-21 02:39:54,977 [grpc-default-executor-2] INFO  impl.StateMachineUpdater (StateMachineUpdater.java:stopAndJoin(136)) - d56bd5cd-a10f-47cc-a049-69cbb5837008@group-DEF98D012D92-StateMachineUpdater: set stopIndex = -1
2019-10-21 02:39:54,977 [Thread-198] INFO  impl.FollowerState (FollowerState.java:run(120)) - d56bd5cd-a10f-47cc-a049-69cbb5837008@group-DEF98D012D92-FollowerState was interrupted: java.lang.InterruptedException: sleep interrupted
2019-10-21 02:39:54,980 [grpc-default-executor-2] INFO  impl.RaftServerImpl (ServerState.java:close(387)) - d56bd5cd-a10f-47cc-a049-69cbb5837008@group-DEF98D012D92: closes. applyIndex: -1
2019-10-21 02:39:54,991 [d56bd5cd-a10f-47cc-a049-69cbb5837008@group-DEF98D012D92-SegmentedRaftLogWorker] INFO  segmented.SegmentedRaftLogWorker (SegmentedRaftLogWorker.java:run(316)) - d56bd5cd-a10f-47cc-a049-69cbb5837008@group-DEF98D012D92-SegmentedRaftLogWorker was interrupted, exiting. There are 0 tasks remaining in the queue.
2019-10-21 02:39:54,992 [grpc-default-executor-2] INFO  segmented.SegmentedRaftLogWorker (SegmentedRaftLogWorker.java:close(224)) - d56bd5cd-a10f-47cc-a049-69cbb5837008@group-DEF98D012D92-SegmentedRaftLogWorker close()
2019-10-21 02:39:55,021 [grpc-default-executor-2] INFO  impl.RaftServerProxy (RaftServerProxy.java:remove(95)) - 0299b781-7796-45ba-9036-f37ef6071f27: remove  FOLLOWER 0299b781-7796-45ba-9036-f37ef6071f27@group-DEF98D012D92:t0, leader=null, voted=null, raftlog=0299b781-7796-45ba-9036-f37ef6071f27@group-DEF98D012D92-SegmentedRaftLog:OPENED:c-1,f-1,i0, conf=-1: [d56bd5cd-a10f-47cc-a049-69cbb5837008:192.168.34.9:41391, 346fa4f8-3ab8-43df-a502-3f4b9443122a:192.168.34.9:34701, 0299b781-7796-45ba-9036-f37ef6071f27:192.168.34.9:33798], old=null RUNNING
2019-10-21 02:39:55,021 [grpc-default-executor-2] INFO  impl.RaftServerImpl (RaftServerImpl.java:lambda$shutdown$3(250)) - 0299b781-7796-45ba-9036-f37ef6071f27@group-DEF98D012D92: shutdown
2019-10-21 02:39:55,021 [grpc-default-executor-2] INFO  util.JmxRegister (JmxRegister.java:unregister(73)) - Successfully un-registered JMX Bean with object name Ratis:service=RaftServer,group=group-DEF98D012D92,id=0299b781-7796-45ba-9036-f37ef6071f27
2019-10-21 02:39:55,021 [grpc-default-executor-2] INFO  impl.RoleInfo (RoleInfo.java:shutdownFollowerState(121)) - 0299b781-7796-45ba-9036-f37ef6071f27: shutdown FollowerState
2019-10-21 02:39:55,021 [grpc-default-executor-2] INFO  impl.StateMachineUpdater (StateMachineUpdater.java:stopAndJoin(136)) - 0299b781-7796-45ba-9036-f37ef6071f27@group-DEF98D012D92-StateMachineUpdater: set stopIndex = -1
2019-10-21 02:39:55,022 [Thread-196] INFO  impl.FollowerState (FollowerState.java:run(120)) - 0299b781-7796-45ba-9036-f37ef6071f27@group-DEF98D012D92-FollowerState was interrupted: java.lang.InterruptedException: sleep interrupted
2019-10-21 02:39:55,023 [grpc-default-executor-2] INFO  impl.RaftServerImpl (ServerState.java:close(387)) - 0299b781-7796-45ba-9036-f37ef6071f27@group-DEF98D012D92: closes. applyIndex: -1
2019-10-21 02:39:55,024 [0299b781-7796-45ba-9036-f37ef6071f27@group-DEF98D012D92-SegmentedRaftLogWorker] INFO  segmented.SegmentedRaftLogWorker (SegmentedRaftLogWorker.java:run(316)) - 0299b781-7796-45ba-9036-f37ef6071f27@group-DEF98D012D92-SegmentedRaftLogWorker was interrupted, exiting. There are 0 tasks remaining in the queue.
2019-10-21 02:39:55,024 [grpc-default-executor-2] INFO  segmented.SegmentedRaftLogWorker (SegmentedRaftLogWorker.java:close(224)) - 0299b781-7796-45ba-9036-f37ef6071f27@group-DEF98D012D92-SegmentedRaftLogWorker close()
2019-10-21 02:39:55,033 [Thread-181] INFO  pipeline.PipelineStateManager (PipelineStateManager.java:removePipeline(106)) - Pipeline Pipeline[ Id: aa39d9d1-a820-4709-a173-def98d012d92, Nodes: 346fa4f8-3ab8-43df-a502-3f4b9443122a{ip: 192.168.34.9, host: pr-hdds-1868-8w4sl-2612808232, networkLocation: /default-rack, certSerialId: null}d56bd5cd-a10f-47cc-a049-69cbb5837008{ip: 192.168.34.9, host: pr-hdds-1868-8w4sl-2612808232, networkLocation: /default-rack, certSerialId: null}0299b781-7796-45ba-9036-f37ef6071f27{ip: 192.168.34.9, host: pr-hdds-1868-8w4sl-2612808232, networkLocation: /default-rack, certSerialId: null}, Type:RATIS, Factor:THREE, State:CLOSED] removed from db
2019-10-21 02:39:55,033 [Thread-181] INFO  pipeline.SCMPipelineManager (SCMPipelineManager.java:finalizeAndDestroyPipeline(348)) - destroying pipeline:Pipeline[ Id: 0108911c-e782-4f7e-9896-884ffcbcf184, Nodes: 346fa4f8-3ab8-43df-a502-3f4b9443122a{ip: 192.168.34.9, host: pr-hdds-1868-8w4sl-2612808232, networkLocation: /default-rack, certSerialId: null}, Type:RATIS, Factor:ONE, State:ALLOCATED]
2019-10-21 02:39:55,050 [grpc-default-executor-2] INFO  impl.RaftServerProxy (RaftServerProxy.java:addNew(89)) - d56bd5cd-a10f-47cc-a049-69cbb5837008: addNew group-98ACF608DB4D:[d56bd5cd-a10f-47cc-a049-69cbb5837008:192.168.34.9:41391, 346fa4f8-3ab8-43df-a502-3f4b9443122a:192.168.34.9:34701, 0299b781-7796-45ba-9036-f37ef6071f27:192.168.34.9:33798] returns group-98ACF608DB4D:java.util.concurrent.CompletableFuture@4743037d[Not completed]
2019-10-21 02:39:55,051 [grpc-default-executor-1] INFO  impl.RaftServerProxy (RaftServerProxy.java:addNew(89)) - 346fa4f8-3ab8-43df-a502-3f4b9443122a: addNew group-98ACF608DB4D:[d56bd5cd-a10f-47cc-a049-69cbb5837008:192.168.34.9:41391, 346fa4f8-3ab8-43df-a502-3f4b9443122a:192.168.34.9:34701, 0299b781-7796-45ba-9036-f37ef6071f27:192.168.34.9:33798] returns group-98ACF608DB4D:java.util.concurrent.CompletableFuture@5203d3b9[Not completed]
2019-10-21 02:39:55,053 [grpc-default-executor-1] INFO  impl.RaftServerProxy (RaftServerProxy.java:addNew(89)) - 0299b781-7796-45ba-9036-f37ef6071f27: addNew group-98ACF608DB4D:[d56bd5cd-a10f-47cc-a049-69cbb5837008:192.168.34.9:41391, 346fa4f8-3ab8-43df-a502-3f4b9443122a:192.168.34.9:34701, 0299b781-7796-45ba-9036-f37ef6071f27:192.168.34.9:33798] returns group-98ACF608DB4D:java.util.concurrent.CompletableFuture@77156801[Not completed]
2019-10-21 02:39:55,053 [pool-27-thread-1] INFO  impl.RaftServerImpl (RaftServerImpl.java:<init>(98)) - d56bd5cd-a10f-47cc-a049-69cbb5837008: new RaftServerImpl for group-98ACF608DB4D:[d56bd5cd-a10f-47cc-a049-69cbb5837008:192.168.34.9:41391, 346fa4f8-3ab8-43df-a502-3f4b9443122a:192.168.34.9:34701, 0299b781-7796-45ba-9036-f37ef6071f27:192.168.34.9:33798] with ContainerStateMachine:uninitialized
2019-10-21 02:39:55,054 [pool-27-thread-1] INFO  server.RaftServerConfigKeys (ConfUtils.java:logGet(43)) - raft.server.rpc.timeout.min = 5s (custom)
2019-10-21 02:39:55,054 [pool-27-thread-1] INFO  server.RaftServerConfigKeys (ConfUtils.java:logGet(43)) - raft.server.rpc.timeout.max = 5200ms (custom)
2019-10-21 02:39:55,054 [pool-27-thread-1] INFO  server.RaftServerConfigKeys (ConfUtils.java:logGet(43)) - raft.server.rpcslowness.timeout = 1000s (custom)
2019-10-21 02:39:55,054 [pool-27-thread-1] INFO  server.RaftServerConfigKeys (ConfUtils.java:logGet(43)) - raft.server.sleep.deviation.threshold = 300 (default)
2019-10-21 02:39:55,054 [pool-27-thread-1] INFO  server.RaftServerConfigKeys (ConfUtils.java:logGet(43)) - raft.server.log.appender.install.snapshot.enabled = false (custom)
2019-10-21 02:39:55,054 [pool-27-thread-1] INFO  impl.RaftServerImpl (ServerState.java:<init>(103)) - d56bd5cd-a10f-47cc-a049-69cbb5837008@group-98ACF608DB4D: ConfigurationManager, init=-1: [d56bd5cd-a10f-47cc-a049-69cbb5837008:192.168.34.9:41391, 346fa4f8-3ab8-43df-a502-3f4b9443122a:192.168.34.9:34701, 0299b781-7796-45ba-9036-f37ef6071f27:192.168.34.9:33798], old=null, confs=<EMPTY_MAP>
2019-10-21 02:39:55,054 [pool-47-thread-1] INFO  impl.RaftServerImpl (RaftServerImpl.java:<init>(98)) - 0299b781-7796-45ba-9036-f37ef6071f27: new RaftServerImpl for group-98ACF608DB4D:[d56bd5cd-a10f-47cc-a049-69cbb5837008:192.168.34.9:41391, 346fa4f8-3ab8-43df-a502-3f4b9443122a:192.168.34.9:34701, 0299b781-7796-45ba-9036-f37ef6071f27:192.168.34.9:33798] with ContainerStateMachine:uninitialized
2019-10-21 02:39:55,055 [pool-27-thread-1] INFO  server.RaftServerConfigKeys (ConfUtils.java:logGet(43)) - raft.server.storage.dir = [/workdir/hadoop-ozone/integration-test/target/test-dir/MiniOzoneClusterImpl-0fab9602-85f6-488d-9219-5a9ff83e13af/datanode-0/data/ratis] (custom)
2019-10-21 02:39:55,055 [pool-47-thread-1] INFO  server.RaftServerConfigKeys (ConfUtils.java:logGet(43)) - raft.server.rpc.timeout.min = 5s (custom)
2019-10-21 02:39:55,055 [pool-47-thread-1] INFO  server.RaftServerConfigKeys (ConfUtils.java:logGet(43)) - raft.server.rpc.timeout.max = 5200ms (custom)
2019-10-21 02:39:55,055 [pool-27-thread-1] INFO  server.RaftServerConfigKeys (ConfUtils.java:logGet(43)) - raft.server.log.corruption.policy = EXCEPTION (default)
2019-10-21 02:39:55,055 [pool-47-thread-1] INFO  server.RaftServerConfigKeys (ConfUtils.java:logGet(43)) - raft.server.rpcslowness.timeout = 1000s (custom)
2019-10-21 02:39:55,055 [pool-27-thread-1] INFO  storage.RaftStorageDirectory (RaftStorageDirectory.java:analyzeStorage(246)) - The storage directory /workdir/hadoop-ozone/integration-test/target/test-dir/MiniOzoneClusterImpl-0fab9602-85f6-488d-9219-5a9ff83e13af/datanode-0/data/ratis/b247b7b0-bc56-4c4b-9e26-98acf608db4d does not exist. Creating ...
2019-10-21 02:39:55,055 [pool-47-thread-1] INFO  server.RaftServerConfigKeys (ConfUtils.java:logGet(43)) - raft.server.sleep.deviation.threshold = 300 (default)
2019-10-21 02:39:55,055 [pool-37-thread-1] INFO  impl.RaftServerImpl (RaftServerImpl.java:<init>(98)) - 346fa4f8-3ab8-43df-a502-3f4b9443122a: new RaftServerImpl for group-98ACF608DB4D:[d56bd5cd-a10f-47cc-a049-69cbb5837008:192.168.34.9:41391, 346fa4f8-3ab8-43df-a502-3f4b9443122a:192.168.34.9:34701, 0299b781-7796-45ba-9036-f37ef6071f27:192.168.34.9:33798] with ContainerStateMachine:uninitialized
2019-10-21 02:39:55,055 [pool-47-thread-1] INFO  server.RaftServerConfigKeys (ConfUtils.java:logGet(43)) - raft.server.log.appender.install.snapshot.enabled = false (custom)
2019-10-21 02:39:55,056 [pool-37-thread-1] INFO  server.RaftServerConfigKeys (ConfUtils.java:logGet(43)) - raft.server.rpc.timeout.min = 5s (custom)
2019-10-21 02:39:55,056 [pool-47-thread-1] INFO  impl.RaftServerImpl (ServerState.java:<init>(103)) - 0299b781-7796-45ba-9036-f37ef6071f27@group-98ACF608DB4D: ConfigurationManager, init=-1: [d56bd5cd-a10f-47cc-a049-69cbb5837008:192.168.34.9:41391, 346fa4f8-3ab8-43df-a502-3f4b9443122a:192.168.34.9:34701, 0299b781-7796-45ba-9036-f37ef6071f27:192.168.34.9:33798], old=null, confs=<EMPTY_MAP>
2019-10-21 02:39:55,056 [pool-37-thread-1] INFO  server.RaftServerConfigKeys (ConfUtils.java:logGet(43)) - raft.server.rpc.timeout.max = 5200ms (custom)
2019-10-21 02:39:55,056 [pool-47-thread-1] INFO  server.RaftServerConfigKeys (ConfUtils.java:logGet(43)) - raft.server.storage.dir = [/workdir/hadoop-ozone/integration-test/target/test-dir/MiniOzoneClusterImpl-0fab9602-85f6-488d-9219-5a9ff83e13af/datanode-2/data/ratis] (custom)
2019-10-21 02:39:55,056 [pool-37-thread-1] INFO  server.RaftServerConfigKeys (ConfUtils.java:logGet(43)) - raft.server.rpcslowness.timeout = 1000s (custom)
2019-10-21 02:39:55,056 [pool-37-thread-1] INFO  server.RaftServerConfigKeys (ConfUtils.java:logGet(43)) - raft.server.sleep.deviation.threshold = 300 (default)
2019-10-21 02:39:55,056 [pool-47-thread-1] INFO  server.RaftServerConfigKeys (ConfUtils.java:logGet(43)) - raft.server.log.corruption.policy = EXCEPTION (default)
2019-10-21 02:39:55,056 [pool-37-thread-1] INFO  server.RaftServerConfigKeys (ConfUtils.java:logGet(43)) - raft.server.log.appender.install.snapshot.enabled = false (custom)
2019-10-21 02:39:55,057 [pool-47-thread-1] INFO  storage.RaftStorageDirectory (RaftStorageDirectory.java:analyzeStorage(246)) - The storage directory /workdir/hadoop-ozone/integration-test/target/test-dir/MiniOzoneClusterImpl-0fab9602-85f6-488d-9219-5a9ff83e13af/datanode-2/data/ratis/b247b7b0-bc56-4c4b-9e26-98acf608db4d does not exist. Creating ...
2019-10-21 02:39:55,057 [pool-37-thread-1] INFO  impl.RaftServerImpl (ServerState.java:<init>(103)) - 346fa4f8-3ab8-43df-a502-3f4b9443122a@group-98ACF608DB4D: ConfigurationManager, init=-1: [d56bd5cd-a10f-47cc-a049-69cbb5837008:192.168.34.9:41391, 346fa4f8-3ab8-43df-a502-3f4b9443122a:192.168.34.9:34701, 0299b781-7796-45ba-9036-f37ef6071f27:192.168.34.9:33798], old=null, confs=<EMPTY_MAP>
2019-10-21 02:39:55,057 [pool-37-thread-1] INFO  server.RaftServerConfigKeys (ConfUtils.java:logGet(43)) - raft.server.storage.dir = [/workdir/hadoop-ozone/integration-test/target/test-dir/MiniOzoneClusterImpl-0fab9602-85f6-488d-9219-5a9ff83e13af/datanode-1/data/ratis] (custom)
2019-10-21 02:39:55,057 [pool-37-thread-1] INFO  server.RaftServerConfigKeys (ConfUtils.java:logGet(43)) - raft.server.log.corruption.policy = EXCEPTION (default)
2019-10-21 02:39:55,057 [pool-37-thread-1] INFO  storage.RaftStorageDirectory (RaftStorageDirectory.java:analyzeStorage(246)) - The storage directory /workdir/hadoop-ozone/integration-test/target/test-dir/MiniOzoneClusterImpl-0fab9602-85f6-488d-9219-5a9ff83e13af/datanode-1/data/ratis/b247b7b0-bc56-4c4b-9e26-98acf608db4d does not exist. Creating ...
2019-10-21 02:39:55,086 [pool-27-thread-1] INFO  storage.RaftStorageDirectory (RaftStorageDirectory.java:tryLock(328)) - Lock on /workdir/hadoop-ozone/integration-test/target/test-dir/MiniOzoneClusterImpl-0fab9602-85f6-488d-9219-5a9ff83e13af/datanode-0/data/ratis/b247b7b0-bc56-4c4b-9e26-98acf608db4d/in_use.lock acquired by nodename 2549@pr-hdds-1868-8w4sl-2612808232
2019-10-21 02:39:55,086 [pool-47-thread-1] INFO  storage.RaftStorageDirectory (RaftStorageDirectory.java:tryLock(328)) - Lock on /workdir/hadoop-ozone/integration-test/target/test-dir/MiniOzoneClusterImpl-0fab9602-85f6-488d-9219-5a9ff83e13af/datanode-2/data/ratis/b247b7b0-bc56-4c4b-9e26-98acf608db4d/in_use.lock acquired by nodename 2549@pr-hdds-1868-8w4sl-2612808232
2019-10-21 02:39:55,086 [pool-37-thread-1] INFO  storage.RaftStorageDirectory (RaftStorageDirectory.java:tryLock(328)) - Lock on /workdir/hadoop-ozone/integration-test/target/test-dir/MiniOzoneClusterImpl-0fab9602-85f6-488d-9219-5a9ff83e13af/datanode-1/data/ratis/b247b7b0-bc56-4c4b-9e26-98acf608db4d/in_use.lock acquired by nodename 2549@pr-hdds-1868-8w4sl-2612808232
2019-10-21 02:39:55,111 [pool-27-thread-1] INFO  storage.RaftStorage (RaftStorage.java:format(84)) - Storage directory /workdir/hadoop-ozone/integration-test/target/test-dir/MiniOzoneClusterImpl-0fab9602-85f6-488d-9219-5a9ff83e13af/datanode-0/data/ratis/b247b7b0-bc56-4c4b-9e26-98acf608db4d has been successfully formatted.
2019-10-21 02:39:55,111 [pool-37-thread-1] INFO  storage.RaftStorage (RaftStorage.java:format(84)) - Storage directory /workdir/hadoop-ozone/integration-test/target/test-dir/MiniOzoneClusterImpl-0fab9602-85f6-488d-9219-5a9ff83e13af/datanode-1/data/ratis/b247b7b0-bc56-4c4b-9e26-98acf608db4d has been successfully formatted.
2019-10-21 02:39:55,112 [pool-27-thread-1] INFO  ratis.ContainerStateMachine (ContainerStateMachine.java:loadSnapshot(233)) - group-98ACF608DB4D: The snapshot info is null. Setting the last applied indexto:(t:0, i:~)
2019-10-21 02:39:55,111 [pool-47-thread-1] INFO  storage.RaftStorage (RaftStorage.java:format(84)) - Storage directory /workdir/hadoop-ozone/integration-test/target/test-dir/MiniOzoneClusterImpl-0fab9602-85f6-488d-9219-5a9ff83e13af/datanode-2/data/ratis/b247b7b0-bc56-4c4b-9e26-98acf608db4d has been successfully formatted.
2019-10-21 02:39:55,112 [pool-37-thread-1] INFO  ratis.ContainerStateMachine (ContainerStateMachine.java:loadSnapshot(233)) - group-98ACF608DB4D: The snapshot info is null. Setting the last applied indexto:(t:0, i:~)
2019-10-21 02:39:55,112 [pool-27-thread-1] INFO  server.RaftServerConfigKeys (ConfUtils.java:logGet(43)) - raft.server.notification.no-leader.timeout = 1000s (custom)
2019-10-21 02:39:55,113 [pool-37-thread-1] INFO  server.RaftServerConfigKeys (ConfUtils.java:logGet(43)) - raft.server.notification.no-leader.timeout = 1000s (custom)
2019-10-21 02:39:55,112 [pool-47-thread-1] INFO  ratis.ContainerStateMachine (ContainerStateMachine.java:loadSnapshot(233)) - group-98ACF608DB4D: The snapshot info is null. Setting the last applied indexto:(t:0, i:~)
2019-10-21 02:39:55,113 [pool-37-thread-1] INFO  server.RaftServerConfigKeys (ConfUtils.java:logGet(43)) - raft.server.log.use.memory = false (default)
2019-10-21 02:39:55,113 [pool-27-thread-1] INFO  server.RaftServerConfigKeys (ConfUtils.java:logGet(43)) - raft.server.log.use.memory = false (default)
2019-10-21 02:39:55,113 [pool-37-thread-1] INFO  server.RaftServerConfigKeys (ConfUtils.java:logGet(43)) - raft.server.log.purge.gap = 1000000 (custom)
2019-10-21 02:39:55,113 [pool-47-thread-1] INFO  server.RaftServerConfigKeys (ConfUtils.java:logGet(43)) - raft.server.notification.no-leader.timeout = 1000s (custom)
2019-10-21 02:39:55,113 [pool-37-thread-1] INFO  server.RaftServerConfigKeys (ConfUtils.java:logGet(43)) - raft.server.log.appender.buffer.byte-limit = 33554432 (custom)
2019-10-21 02:39:55,113 [pool-27-thread-1] INFO  server.RaftServerConfigKeys (ConfUtils.java:logGet(43)) - raft.server.log.purge.gap = 1000000 (custom)
2019-10-21 02:39:55,114 [pool-37-thread-1] INFO  server.RaftServerConfigKeys (ConfUtils.java:logGet(43)) - raft.server.log.segment.size.max = 1048576 (custom)
2019-10-21 02:39:55,114 [pool-47-thread-1] INFO  server.RaftServerConfigKeys (ConfUtils.java:logGet(43)) - raft.server.log.use.memory = false (default)
2019-10-21 02:39:55,114 [pool-37-thread-1] INFO  server.RaftServerConfigKeys (ConfUtils.java:logGet(43)) - raft.server.log.segment.cache.num.max = 2 (custom)
2019-10-21 02:39:55,114 [pool-27-thread-1] INFO  server.RaftServerConfigKeys (ConfUtils.java:logGet(43)) - raft.server.log.appender.buffer.byte-limit = 33554432 (custom)
2019-10-21 02:39:55,114 [pool-37-thread-1] INFO  segmented.SegmentedRaftLogWorker (SegmentedRaftLogWorker.java:<init>(173)) - new 346fa4f8-3ab8-43df-a502-3f4b9443122a@group-98ACF608DB4D-SegmentedRaftLogWorker for RaftStorage:Storage Directory /workdir/hadoop-ozone/integration-test/target/test-dir/MiniOzoneClusterImpl-0fab9602-85f6-488d-9219-5a9ff83e13af/datanode-1/data/ratis/b247b7b0-bc56-4c4b-9e26-98acf608db4d
2019-10-21 02:39:55,114 [pool-47-thread-1] INFO  server.RaftServerConfigKeys (ConfUtils.java:logGet(43)) - raft.server.log.purge.gap = 1000000 (custom)
2019-10-21 02:39:55,115 [pool-37-thread-1] INFO  server.RaftServerConfigKeys (ConfUtils.java:logGet(43)) - raft.server.log.queue.byte-limit = 2147483647 (custom)
2019-10-21 02:39:55,114 [pool-27-thread-1] INFO  server.RaftServerConfigKeys (ConfUtils.java:logGet(43)) - raft.server.log.segment.size.max = 1048576 (custom)
2019-10-21 02:39:55,115 [pool-37-thread-1] INFO  server.RaftServerConfigKeys (ConfUtils.java:logGet(43)) - raft.server.log.queue.element-limit = 1024 (custom)
2019-10-21 02:39:55,115 [pool-47-thread-1] INFO  server.RaftServerConfigKeys (ConfUtils.java:logGet(43)) - raft.server.log.appender.buffer.byte-limit = 33554432 (custom)
2019-10-21 02:39:55,115 [pool-37-thread-1] INFO  server.RaftServerConfigKeys (ConfUtils.java:logGet(43)) - raft.server.log.segment.size.max = 1048576 (custom)
2019-10-21 02:39:55,115 [pool-27-thread-1] INFO  server.RaftServerConfigKeys (ConfUtils.java:logGet(43)) - raft.server.log.segment.cache.num.max = 2 (custom)
2019-10-21 02:39:55,115 [pool-37-thread-1] INFO  server.RaftServerConfigKeys (ConfUtils.java:logGet(43)) - raft.server.log.preallocated.size = 16384 (custom)
2019-10-21 02:39:55,115 [pool-47-thread-1] INFO  server.RaftServerConfigKeys (ConfUtils.java:logGet(43)) - raft.server.log.segment.size.max = 1048576 (custom)
2019-10-21 02:39:55,116 [pool-37-thread-1] INFO  server.RaftServerConfigKeys (ConfUtils.java:logGet(43)) - raft.server.log.write.buffer.size = 33554432 (custom)
2019-10-21 02:39:55,115 [pool-27-thread-1] INFO  segmented.SegmentedRaftLogWorker (SegmentedRaftLogWorker.java:<init>(173)) - new d56bd5cd-a10f-47cc-a049-69cbb5837008@group-98ACF608DB4D-SegmentedRaftLogWorker for RaftStorage:Storage Directory /workdir/hadoop-ozone/integration-test/target/test-dir/MiniOzoneClusterImpl-0fab9602-85f6-488d-9219-5a9ff83e13af/datanode-0/data/ratis/b247b7b0-bc56-4c4b-9e26-98acf608db4d
2019-10-21 02:39:55,116 [pool-37-thread-1] INFO  server.RaftServerConfigKeys (ConfUtils.java:logGet(43)) - raft.server.log.force.sync.num = 128 (default)
2019-10-21 02:39:55,116 [pool-47-thread-1] INFO  server.RaftServerConfigKeys (ConfUtils.java:logGet(43)) - raft.server.log.segment.cache.num.max = 2 (custom)
2019-10-21 02:39:55,116 [pool-37-thread-1] INFO  server.RaftServerConfigKeys (ConfUtils.java:logGet(43)) - raft.server.log.statemachine.data.sync = true (default)
2019-10-21 02:39:55,116 [pool-27-thread-1] INFO  server.RaftServerConfigKeys (ConfUtils.java:logGet(43)) - raft.server.log.queue.byte-limit = 2147483647 (custom)
2019-10-21 02:39:55,117 [pool-37-thread-1] INFO  server.RaftServerConfigKeys (ConfUtils.java:logGet(43)) - raft.server.log.statemachine.data.sync.timeout = 10s (default)
2019-10-21 02:39:55,116 [pool-47-thread-1] INFO  segmented.SegmentedRaftLogWorker (SegmentedRaftLogWorker.java:<init>(173)) - new 0299b781-7796-45ba-9036-f37ef6071f27@group-98ACF608DB4D-SegmentedRaftLogWorker for RaftStorage:Storage Directory /workdir/hadoop-ozone/integration-test/target/test-dir/MiniOzoneClusterImpl-0fab9602-85f6-488d-9219-5a9ff83e13af/datanode-2/data/ratis/b247b7b0-bc56-4c4b-9e26-98acf608db4d
2019-10-21 02:39:55,117 [pool-37-thread-1] INFO  server.RaftServerConfigKeys (ConfUtils.java:logGet(43)) - raft.server.log.statemachine.data.sync.timeout.retry = -1 (default)
2019-10-21 02:39:55,117 [pool-27-thread-1] INFO  server.RaftServerConfigKeys (ConfUtils.java:logGet(43)) - raft.server.log.queue.element-limit = 1024 (custom)
2019-10-21 02:39:55,117 [pool-47-thread-1] INFO  server.RaftServerConfigKeys (ConfUtils.java:logGet(43)) - raft.server.log.queue.byte-limit = 2147483647 (custom)
2019-10-21 02:39:55,117 [pool-37-thread-1] INFO  server.RaftServerConfigKeys (ConfUtils.java:logGet(43)) - raft.server.log.statemachine.data.caching.enabled = true (custom)
2019-10-21 02:39:55,117 [pool-27-thread-1] INFO  server.RaftServerConfigKeys (ConfUtils.java:logGet(43)) - raft.server.log.segment.size.max = 1048576 (custom)
2019-10-21 02:39:55,118 [pool-47-thread-1] INFO  server.RaftServerConfigKeys (ConfUtils.java:logGet(43)) - raft.server.log.queue.element-limit = 1024 (custom)
2019-10-21 02:39:55,118 [pool-27-thread-1] INFO  server.RaftServerConfigKeys (ConfUtils.java:logGet(43)) - raft.server.log.preallocated.size = 16384 (custom)
2019-10-21 02:39:55,118 [pool-37-thread-1] INFO  segmented.SegmentedRaftLogWorker (SegmentedRaftLogWorker.java:lambda$new$0(128)) - 346fa4f8-3ab8-43df-a502-3f4b9443122a@group-98ACF608DB4D-SegmentedRaftLogWorker: flushIndex: setUnconditionally 0 -> -1
2019-10-21 02:39:55,118 [pool-47-thread-1] INFO  server.RaftServerConfigKeys (ConfUtils.java:logGet(43)) - raft.server.log.segment.size.max = 1048576 (custom)
2019-10-21 02:39:55,118 [pool-27-thread-1] INFO  server.RaftServerConfigKeys (ConfUtils.java:logGet(43)) - raft.server.log.write.buffer.size = 33554432 (custom)
2019-10-21 02:39:55,118 [pool-37-thread-1] INFO  server.RaftServerConfigKeys (ConfUtils.java:logGet(43)) - raft.server.snapshot.auto.trigger.enabled = true (custom)
2019-10-21 02:39:55,118 [pool-47-thread-1] INFO  server.RaftServerConfigKeys (ConfUtils.java:logGet(43)) - raft.server.log.preallocated.size = 16384 (custom)
2019-10-21 02:39:55,119 [pool-37-thread-1] INFO  server.RaftServerConfigKeys (ConfUtils.java:logGet(43)) - raft.server.snapshot.auto.trigger.threshold = 10000 (custom)
2019-10-21 02:39:55,119 [pool-27-thread-1] INFO  server.RaftServerConfigKeys (ConfUtils.java:logGet(43)) - raft.server.log.force.sync.num = 128 (default)
2019-10-21 02:39:55,119 [pool-37-thread-1] INFO  server.RaftServerConfigKeys (ConfUtils.java:logGet(43)) - raft.server.snapshot.retention.file.num = 5 (custom)
2019-10-21 02:39:55,119 [pool-47-thread-1] INFO  server.RaftServerConfigKeys (ConfUtils.java:logGet(43)) - raft.server.log.write.buffer.size = 33554432 (custom)
2019-10-21 02:39:55,119 [pool-27-thread-1] INFO  server.RaftServerConfigKeys (ConfUtils.java:logGet(43)) - raft.server.log.statemachine.data.sync = true (default)
2019-10-21 02:39:55,119 [pool-47-thread-1] INFO  server.RaftServerConfigKeys (ConfUtils.java:logGet(43)) - raft.server.log.force.sync.num = 128 (default)
2019-10-21 02:39:55,119 [pool-37-thread-1] INFO  server.RaftServerConfigKeys (ConfUtils.java:logGet(43)) - raft.server.retrycache.expirytime = 600000ms (custom)
2019-10-21 02:39:55,120 [pool-47-thread-1] INFO  server.RaftServerConfigKeys (ConfUtils.java:logGet(43)) - raft.server.log.statemachine.data.sync = true (default)
2019-10-21 02:39:55,119 [pool-27-thread-1] INFO  server.RaftServerConfigKeys (ConfUtils.java:logGet(43)) - raft.server.log.statemachine.data.sync.timeout = 10s (default)
2019-10-21 02:39:55,120 [pool-47-thread-1] INFO  server.RaftServerConfigKeys (ConfUtils.java:logGet(43)) - raft.server.log.statemachine.data.sync.timeout = 10s (default)
2019-10-21 02:39:55,120 [pool-37-thread-1] WARN  impl.MetricRegistriesImpl (MetricRegistriesImpl.java:lambda$create$1(61)) - First MetricRegistry has been created without registering reporters. You may need to call MetricRegistries.global().addReportRegistration(...) before.
2019-10-21 02:39:55,120 [pool-47-thread-1] INFO  server.RaftServerConfigKeys (ConfUtils.java:logGet(43)) - raft.server.log.statemachine.data.sync.timeout.retry = -1 (default)
2019-10-21 02:39:55,120 [pool-27-thread-1] INFO  server.RaftServerConfigKeys (ConfUtils.java:logGet(43)) - raft.server.log.statemachine.data.sync.timeout.retry = -1 (default)
2019-10-21 02:39:55,120 [pool-37-thread-1] WARN  impl.MetricRegistriesImpl (MetricRegistriesImpl.java:lambda$create$1(61)) - First MetricRegistry has been created without registering reporters. You may need to call MetricRegistries.global().addReportRegistration(...) before.
2019-10-21 02:39:55,121 [pool-47-thread-1] INFO  server.RaftServerConfigKeys (ConfUtils.java:logGet(43)) - raft.server.log.statemachine.data.caching.enabled = true (custom)
2019-10-21 02:39:55,121 [pool-27-thread-1] INFO  server.RaftServerConfigKeys (ConfUtils.java:logGet(43)) - raft.server.log.statemachine.data.caching.enabled = true (custom)
2019-10-21 02:39:55,121 [pool-37-thread-1] INFO  impl.RaftServerImpl (RaftServerImpl.java:start(184)) - 346fa4f8-3ab8-43df-a502-3f4b9443122a@group-98ACF608DB4D: start as a follower, conf=-1: [d56bd5cd-a10f-47cc-a049-69cbb5837008:192.168.34.9:41391, 346fa4f8-3ab8-43df-a502-3f4b9443122a:192.168.34.9:34701, 0299b781-7796-45ba-9036-f37ef6071f27:192.168.34.9:33798], old=null
2019-10-21 02:39:55,121 [pool-37-thread-1] INFO  impl.RaftServerImpl (RaftServerImpl.java:setRole(173)) - 346fa4f8-3ab8-43df-a502-3f4b9443122a@group-98ACF608DB4D: changes role from      null to FOLLOWER at term 0 for startAsFollower
2019-10-21 02:39:55,121 [pool-27-thread-1] INFO  segmented.SegmentedRaftLogWorker (SegmentedRaftLogWorker.java:lambda$new$0(128)) - d56bd5cd-a10f-47cc-a049-69cbb5837008@group-98ACF608DB4D-SegmentedRaftLogWorker: flushIndex: setUnconditionally 0 -> -1
2019-10-21 02:39:55,121 [pool-47-thread-1] INFO  segmented.SegmentedRaftLogWorker (SegmentedRaftLogWorker.java:lambda$new$0(128)) - 0299b781-7796-45ba-9036-f37ef6071f27@group-98ACF608DB4D-SegmentedRaftLogWorker: flushIndex: setUnconditionally 0 -> -1
2019-10-21 02:39:55,121 [pool-37-thread-1] INFO  impl.RoleInfo (RoleInfo.java:updateAndGet(143)) - 346fa4f8-3ab8-43df-a502-3f4b9443122a: start FollowerState
2019-10-21 02:39:55,122 [pool-27-thread-1] INFO  server.RaftServerConfigKeys (ConfUtils.java:logGet(43)) - raft.server.snapshot.auto.trigger.enabled = true (custom)
2019-10-21 02:39:55,122 [pool-47-thread-1] INFO  server.RaftServerConfigKeys (ConfUtils.java:logGet(43)) - raft.server.snapshot.auto.trigger.enabled = true (custom)
2019-10-21 02:39:55,122 [pool-27-thread-1] INFO  server.RaftServerConfigKeys (ConfUtils.java:logGet(43)) - raft.server.snapshot.auto.trigger.threshold = 10000 (custom)
2019-10-21 02:39:55,122 [pool-47-thread-1] INFO  server.RaftServerConfigKeys (ConfUtils.java:logGet(43)) - raft.server.snapshot.auto.trigger.threshold = 10000 (custom)
2019-10-21 02:39:55,122 [pool-37-thread-1] INFO  util.JmxRegister (JmxRegister.java:tryRegister(44)) - Successfully registered JMX Bean with object name Ratis:service=RaftServer,group=group-98ACF608DB4D,id=346fa4f8-3ab8-43df-a502-3f4b9443122a
2019-10-21 02:39:55,122 [pool-27-thread-1] INFO  server.RaftServerConfigKeys (ConfUtils.java:logGet(43)) - raft.server.snapshot.retention.file.num = 5 (custom)
2019-10-21 02:39:55,122 [pool-37-thread-1] WARN  impl.MetricRegistriesImpl (MetricRegistriesImpl.java:lambda$create$1(61)) - First MetricRegistry has been created without registering reporters. You may need to call MetricRegistries.global().addReportRegistration(...) before.
2019-10-21 02:39:55,122 [pool-47-thread-1] INFO  server.RaftServerConfigKeys (ConfUtils.java:logGet(43)) - raft.server.snapshot.retention.file.num = 5 (custom)
2019-10-21 02:39:55,123 [pool-27-thread-1] INFO  server.RaftServerConfigKeys (ConfUtils.java:logGet(43)) - raft.server.retrycache.expirytime = 600000ms (custom)
2019-10-21 02:39:55,123 [pool-47-thread-1] INFO  server.RaftServerConfigKeys (ConfUtils.java:logGet(43)) - raft.server.retrycache.expirytime = 600000ms (custom)
2019-10-21 02:39:55,123 [pool-27-thread-1] WARN  impl.MetricRegistriesImpl (MetricRegistriesImpl.java:lambda$create$1(61)) - First MetricRegistry has been created without registering reporters. You may need to call MetricRegistries.global().addReportRegistration(...) before.
2019-10-21 02:39:55,123 [pool-47-thread-1] WARN  impl.MetricRegistriesImpl (MetricRegistriesImpl.java:lambda$create$1(61)) - First MetricRegistry has been created without registering reporters. You may need to call MetricRegistries.global().addReportRegistration(...) before.
2019-10-21 02:39:55,123 [pool-27-thread-1] WARN  impl.MetricRegistriesImpl (MetricRegistriesImpl.java:lambda$create$1(61)) - First MetricRegistry has been created without registering reporters. You may need to call MetricRegistries.global().addReportRegistration(...) before.
2019-10-21 02:39:55,123 [pool-47-thread-1] WARN  impl.MetricRegistriesImpl (MetricRegistriesImpl.java:lambda$create$1(61)) - First MetricRegistry has been created without registering reporters. You may need to call MetricRegistries.global().addReportRegistration(...) before.
2019-10-21 02:39:55,124 [pool-27-thread-1] INFO  impl.RaftServerImpl (RaftServerImpl.java:start(184)) - d56bd5cd-a10f-47cc-a049-69cbb5837008@group-98ACF608DB4D: start as a follower, conf=-1: [d56bd5cd-a10f-47cc-a049-69cbb5837008:192.168.34.9:41391, 346fa4f8-3ab8-43df-a502-3f4b9443122a:192.168.34.9:34701, 0299b781-7796-45ba-9036-f37ef6071f27:192.168.34.9:33798], old=null
2019-10-21 02:39:55,124 [pool-27-thread-1] INFO  impl.RaftServerImpl (RaftServerImpl.java:setRole(173)) - d56bd5cd-a10f-47cc-a049-69cbb5837008@group-98ACF608DB4D: changes role from      null to FOLLOWER at term 0 for startAsFollower
2019-10-21 02:39:55,124 [pool-47-thread-1] INFO  impl.RaftServerImpl (RaftServerImpl.java:start(184)) - 0299b781-7796-45ba-9036-f37ef6071f27@group-98ACF608DB4D: start as a follower, conf=-1: [d56bd5cd-a10f-47cc-a049-69cbb5837008:192.168.34.9:41391, 346fa4f8-3ab8-43df-a502-3f4b9443122a:192.168.34.9:34701, 0299b781-7796-45ba-9036-f37ef6071f27:192.168.34.9:33798], old=null
2019-10-21 02:39:55,124 [pool-27-thread-1] INFO  impl.RoleInfo (RoleInfo.java:updateAndGet(143)) - d56bd5cd-a10f-47cc-a049-69cbb5837008: start FollowerState
2019-10-21 02:39:55,124 [pool-47-thread-1] INFO  impl.RaftServerImpl (RaftServerImpl.java:setRole(173)) - 0299b781-7796-45ba-9036-f37ef6071f27@group-98ACF608DB4D: changes role from      null to FOLLOWER at term 0 for startAsFollower
2019-10-21 02:39:55,124 [pool-47-thread-1] INFO  impl.RoleInfo (RoleInfo.java:updateAndGet(143)) - 0299b781-7796-45ba-9036-f37ef6071f27: start FollowerState
2019-10-21 02:39:55,124 [pool-27-thread-1] INFO  util.JmxRegister (JmxRegister.java:tryRegister(44)) - Successfully registered JMX Bean with object name Ratis:service=RaftServer,group=group-98ACF608DB4D,id=d56bd5cd-a10f-47cc-a049-69cbb5837008
2019-10-21 02:39:55,124 [pool-27-thread-1] WARN  impl.MetricRegistriesImpl (MetricRegistriesImpl.java:lambda$create$1(61)) - First MetricRegistry has been created without registering reporters. You may need to call MetricRegistries.global().addReportRegistration(...) before.
2019-10-21 02:39:55,125 [pool-47-thread-1] INFO  util.JmxRegister (JmxRegister.java:tryRegister(44)) - Successfully registered JMX Bean with object name Ratis:service=RaftServer,group=group-98ACF608DB4D,id=0299b781-7796-45ba-9036-f37ef6071f27
2019-10-21 02:39:55,125 [pool-47-thread-1] WARN  impl.MetricRegistriesImpl (MetricRegistriesImpl.java:lambda$create$1(61)) - First MetricRegistry has been created without registering reporters. You may need to call MetricRegistries.global().addReportRegistration(...) before.
2019-10-21 02:39:55,139 [RatisPipelineUtilsThread] INFO  pipeline.PipelineStateManager (PipelineStateManager.java:addPipeline(55)) - Created pipeline Pipeline[ Id: b247b7b0-bc56-4c4b-9e26-98acf608db4d, Nodes: 346fa4f8-3ab8-43df-a502-3f4b9443122a{ip: 192.168.34.9, host: pr-hdds-1868-8w4sl-2612808232, networkLocation: /default-rack, certSerialId: null}d56bd5cd-a10f-47cc-a049-69cbb5837008{ip: 192.168.34.9, host: pr-hdds-1868-8w4sl-2612808232, networkLocation: /default-rack, certSerialId: null}0299b781-7796-45ba-9036-f37ef6071f27{ip: 192.168.34.9, host: pr-hdds-1868-8w4sl-2612808232, networkLocation: /default-rack, certSerialId: null}, Type:RATIS, Factor:THREE, State:ALLOCATED]
2019-10-21 02:39:55,141 [Thread-181] INFO  pipeline.PipelineStateManager (PipelineStateManager.java:finalizePipeline(121)) - Pipeline Pipeline[ Id: 0108911c-e782-4f7e-9896-884ffcbcf184, Nodes: 346fa4f8-3ab8-43df-a502-3f4b9443122a{ip: 192.168.34.9, host: pr-hdds-1868-8w4sl-2612808232, networkLocation: /default-rack, certSerialId: null}, Type:RATIS, Factor:ONE, State:CLOSED] moved to CLOSED state
2019-10-21 02:39:55,151 [grpc-default-executor-1] INFO  impl.RaftServerProxy (RaftServerProxy.java:remove(95)) - 346fa4f8-3ab8-43df-a502-3f4b9443122a: remove  FOLLOWER 346fa4f8-3ab8-43df-a502-3f4b9443122a@group-884FFCBCF184:t0, leader=null, voted=null, raftlog=346fa4f8-3ab8-43df-a502-3f4b9443122a@group-884FFCBCF184-SegmentedRaftLog:OPENED:c-1,f-1,i0, conf=-1: [346fa4f8-3ab8-43df-a502-3f4b9443122a:192.168.34.9:34701], old=null RUNNING
2019-10-21 02:39:55,152 [grpc-default-executor-1] INFO  impl.RaftServerImpl (RaftServerImpl.java:lambda$shutdown$3(250)) - 346fa4f8-3ab8-43df-a502-3f4b9443122a@group-884FFCBCF184: shutdown
2019-10-21 02:39:55,153 [grpc-default-executor-1] INFO  util.JmxRegister (JmxRegister.java:unregister(73)) - Successfully un-registered JMX Bean with object name Ratis:service=RaftServer,group=group-884FFCBCF184,id=346fa4f8-3ab8-43df-a502-3f4b9443122a
2019-10-21 02:39:55,153 [grpc-default-executor-1] INFO  impl.RoleInfo (RoleInfo.java:shutdownFollowerState(121)) - 346fa4f8-3ab8-43df-a502-3f4b9443122a: shutdown FollowerState
2019-10-21 02:39:55,153 [grpc-default-executor-1] INFO  impl.StateMachineUpdater (StateMachineUpdater.java:stopAndJoin(136)) - 346fa4f8-3ab8-43df-a502-3f4b9443122a@group-884FFCBCF184-StateMachineUpdater: set stopIndex = -1
2019-10-21 02:39:55,157 [Thread-189] INFO  impl.FollowerState (FollowerState.java:run(120)) - 346fa4f8-3ab8-43df-a502-3f4b9443122a@group-884FFCBCF184-FollowerState was interrupted: java.lang.InterruptedException: sleep interrupted
2019-10-21 02:39:55,158 [grpc-default-executor-1] INFO  impl.RaftServerImpl (ServerState.java:close(387)) - 346fa4f8-3ab8-43df-a502-3f4b9443122a@group-884FFCBCF184: closes. applyIndex: -1
2019-10-21 02:39:55,158 [346fa4f8-3ab8-43df-a502-3f4b9443122a@group-884FFCBCF184-SegmentedRaftLogWorker] INFO  segmented.SegmentedRaftLogWorker (SegmentedRaftLogWorker.java:run(316)) - 346fa4f8-3ab8-43df-a502-3f4b9443122a@group-884FFCBCF184-SegmentedRaftLogWorker was interrupted, exiting. There are 0 tasks remaining in the queue.
2019-10-21 02:39:55,158 [grpc-default-executor-1] INFO  segmented.SegmentedRaftLogWorker (SegmentedRaftLogWorker.java:close(224)) - 346fa4f8-3ab8-43df-a502-3f4b9443122a@group-884FFCBCF184-SegmentedRaftLogWorker close()
2019-10-21 02:39:55,165 [Thread-181] INFO  pipeline.PipelineStateManager (PipelineStateManager.java:removePipeline(106)) - Pipeline Pipeline[ Id: 0108911c-e782-4f7e-9896-884ffcbcf184, Nodes: 346fa4f8-3ab8-43df-a502-3f4b9443122a{ip: 192.168.34.9, host: pr-hdds-1868-8w4sl-2612808232, networkLocation: /default-rack, certSerialId: null}, Type:RATIS, Factor:ONE, State:CLOSED] removed from db
2019-10-21 02:39:55,165 [Thread-181] INFO  pipeline.SCMPipelineManager (SCMPipelineManager.java:finalizeAndDestroyPipeline(348)) - destroying pipeline:Pipeline[ Id: dfb90908-5987-49e2-9b1e-378887f9eae6, Nodes: d56bd5cd-a10f-47cc-a049-69cbb5837008{ip: 192.168.34.9, host: pr-hdds-1868-8w4sl-2612808232, networkLocation: /default-rack, certSerialId: null}, Type:RATIS, Factor:ONE, State:ALLOCATED]
2019-10-21 02:39:55,176 [grpc-default-executor-1] INFO  impl.RaftServerProxy (RaftServerProxy.java:addNew(89)) - 346fa4f8-3ab8-43df-a502-3f4b9443122a: addNew group-873CE24C946E:[346fa4f8-3ab8-43df-a502-3f4b9443122a:192.168.34.9:34701] returns group-873CE24C946E:java.util.concurrent.CompletableFuture@3161a66c[Not completed]
2019-10-21 02:39:55,177 [pool-37-thread-1] INFO  impl.RaftServerImpl (RaftServerImpl.java:<init>(98)) - 346fa4f8-3ab8-43df-a502-3f4b9443122a: new RaftServerImpl for group-873CE24C946E:[346fa4f8-3ab8-43df-a502-3f4b9443122a:192.168.34.9:34701] with ContainerStateMachine:uninitialized
2019-10-21 02:39:55,178 [pool-37-thread-1] INFO  server.RaftServerConfigKeys (ConfUtils.java:logGet(43)) - raft.server.rpc.timeout.min = 5s (custom)
2019-10-21 02:39:55,178 [pool-37-thread-1] INFO  server.RaftServerConfigKeys (ConfUtils.java:logGet(43)) - raft.server.rpc.timeout.max = 5200ms (custom)
2019-10-21 02:39:55,178 [pool-37-thread-1] INFO  server.RaftServerConfigKeys (ConfUtils.java:logGet(43)) - raft.server.rpcslowness.timeout = 1000s (custom)
2019-10-21 02:39:55,178 [pool-37-thread-1] INFO  server.RaftServerConfigKeys (ConfUtils.java:logGet(43)) - raft.server.sleep.deviation.threshold = 300 (default)
2019-10-21 02:39:55,178 [pool-37-thread-1] INFO  server.RaftServerConfigKeys (ConfUtils.java:logGet(43)) - raft.server.log.appender.install.snapshot.enabled = false (custom)
2019-10-21 02:39:55,178 [pool-37-thread-1] INFO  impl.RaftServerImpl (ServerState.java:<init>(103)) - 346fa4f8-3ab8-43df-a502-3f4b9443122a@group-873CE24C946E: ConfigurationManager, init=-1: [346fa4f8-3ab8-43df-a502-3f4b9443122a:192.168.34.9:34701], old=null, confs=<EMPTY_MAP>
2019-10-21 02:39:55,178 [pool-37-thread-1] INFO  server.RaftServerConfigKeys (ConfUtils.java:logGet(43)) - raft.server.storage.dir = [/workdir/hadoop-ozone/integration-test/target/test-dir/MiniOzoneClusterImpl-0fab9602-85f6-488d-9219-5a9ff83e13af/datanode-1/data/ratis] (custom)
2019-10-21 02:39:55,179 [pool-37-thread-1] INFO  server.RaftServerConfigKeys (ConfUtils.java:logGet(43)) - raft.server.log.corruption.policy = EXCEPTION (default)
2019-10-21 02:39:55,179 [pool-37-thread-1] INFO  storage.RaftStorageDirectory (RaftStorageDirectory.java:analyzeStorage(246)) - The storage directory /workdir/hadoop-ozone/integration-test/target/test-dir/MiniOzoneClusterImpl-0fab9602-85f6-488d-9219-5a9ff83e13af/datanode-1/data/ratis/19355d2c-d79a-456f-b20b-873ce24c946e does not exist. Creating ...
2019-10-21 02:39:55,204 [pool-37-thread-1] INFO  storage.RaftStorageDirectory (RaftStorageDirectory.java:tryLock(328)) - Lock on /workdir/hadoop-ozone/integration-test/target/test-dir/MiniOzoneClusterImpl-0fab9602-85f6-488d-9219-5a9ff83e13af/datanode-1/data/ratis/19355d2c-d79a-456f-b20b-873ce24c946e/in_use.lock acquired by nodename 2549@pr-hdds-1868-8w4sl-2612808232
2019-10-21 02:39:55,229 [pool-37-thread-1] INFO  storage.RaftStorage (RaftStorage.java:format(84)) - Storage directory /workdir/hadoop-ozone/integration-test/target/test-dir/MiniOzoneClusterImpl-0fab9602-85f6-488d-9219-5a9ff83e13af/datanode-1/data/ratis/19355d2c-d79a-456f-b20b-873ce24c946e has been successfully formatted.
2019-10-21 02:39:55,229 [pool-37-thread-1] INFO  ratis.ContainerStateMachine (ContainerStateMachine.java:loadSnapshot(233)) - group-873CE24C946E: The snapshot info is null. Setting the last applied indexto:(t:0, i:~)
2019-10-21 02:39:55,230 [pool-37-thread-1] INFO  server.RaftServerConfigKeys (ConfUtils.java:logGet(43)) - raft.server.notification.no-leader.timeout = 1000s (custom)
2019-10-21 02:39:55,230 [pool-37-thread-1] INFO  server.RaftServerConfigKeys (ConfUtils.java:logGet(43)) - raft.server.log.use.memory = false (default)
2019-10-21 02:39:55,230 [pool-37-thread-1] INFO  server.RaftServerConfigKeys (ConfUtils.java:logGet(43)) - raft.server.log.purge.gap = 1000000 (custom)
2019-10-21 02:39:55,230 [pool-37-thread-1] INFO  server.RaftServerConfigKeys (ConfUtils.java:logGet(43)) - raft.server.log.appender.buffer.byte-limit = 33554432 (custom)
2019-10-21 02:39:55,230 [pool-37-thread-1] INFO  server.RaftServerConfigKeys (ConfUtils.java:logGet(43)) - raft.server.log.segment.size.max = 1048576 (custom)
2019-10-21 02:39:55,231 [pool-37-thread-1] INFO  server.RaftServerConfigKeys (ConfUtils.java:logGet(43)) - raft.server.log.segment.cache.num.max = 2 (custom)
2019-10-21 02:39:55,231 [pool-37-thread-1] INFO  segmented.SegmentedRaftLogWorker (SegmentedRaftLogWorker.java:<init>(173)) - new 346fa4f8-3ab8-43df-a502-3f4b9443122a@group-873CE24C946E-SegmentedRaftLogWorker for RaftStorage:Storage Directory /workdir/hadoop-ozone/integration-test/target/test-dir/MiniOzoneClusterImpl-0fab9602-85f6-488d-9219-5a9ff83e13af/datanode-1/data/ratis/19355d2c-d79a-456f-b20b-873ce24c946e
2019-10-21 02:39:55,231 [pool-37-thread-1] INFO  server.RaftServerConfigKeys (ConfUtils.java:logGet(43)) - raft.server.log.queue.byte-limit = 2147483647 (custom)
2019-10-21 02:39:55,231 [pool-37-thread-1] INFO  server.RaftServerConfigKeys (ConfUtils.java:logGet(43)) - raft.server.log.queue.element-limit = 1024 (custom)
2019-10-21 02:39:55,231 [pool-37-thread-1] INFO  server.RaftServerConfigKeys (ConfUtils.java:logGet(43)) - raft.server.log.segment.size.max = 1048576 (custom)
2019-10-21 02:39:55,231 [pool-37-thread-1] INFO  server.RaftServerConfigKeys (ConfUtils.java:logGet(43)) - raft.server.log.preallocated.size = 16384 (custom)
2019-10-21 02:39:55,232 [pool-37-thread-1] INFO  server.RaftServerConfigKeys (ConfUtils.java:logGet(43)) - raft.server.log.write.buffer.size = 33554432 (custom)
2019-10-21 02:39:55,232 [pool-37-thread-1] INFO  server.RaftServerConfigKeys (ConfUtils.java:logGet(43)) - raft.server.log.force.sync.num = 128 (default)
2019-10-21 02:39:55,232 [pool-37-thread-1] INFO  server.RaftServerConfigKeys (ConfUtils.java:logGet(43)) - raft.server.log.statemachine.data.sync = true (default)
2019-10-21 02:39:55,232 [pool-37-thread-1] INFO  server.RaftServerConfigKeys (ConfUtils.java:logGet(43)) - raft.server.log.statemachine.data.sync.timeout = 10s (default)
2019-10-21 02:39:55,232 [pool-37-thread-1] INFO  server.RaftServerConfigKeys (ConfUtils.java:logGet(43)) - raft.server.log.statemachine.data.sync.timeout.retry = -1 (default)
2019-10-21 02:39:55,233 [pool-37-thread-1] INFO  server.RaftServerConfigKeys (ConfUtils.java:logGet(43)) - raft.server.log.statemachine.data.caching.enabled = true (custom)
2019-10-21 02:39:55,233 [pool-37-thread-1] INFO  segmented.SegmentedRaftLogWorker (SegmentedRaftLogWorker.java:lambda$new$0(128)) - 346fa4f8-3ab8-43df-a502-3f4b9443122a@group-873CE24C946E-SegmentedRaftLogWorker: flushIndex: setUnconditionally 0 -> -1
2019-10-21 02:39:55,234 [pool-37-thread-1] INFO  server.RaftServerConfigKeys (ConfUtils.java:logGet(43)) - raft.server.snapshot.auto.trigger.enabled = true (custom)
2019-10-21 02:39:55,234 [pool-37-thread-1] INFO  server.RaftServerConfigKeys (ConfUtils.java:logGet(43)) - raft.server.snapshot.auto.trigger.threshold = 10000 (custom)
2019-10-21 02:39:55,234 [pool-37-thread-1] INFO  server.RaftServerConfigKeys (ConfUtils.java:logGet(43)) - raft.server.snapshot.retention.file.num = 5 (custom)
2019-10-21 02:39:55,234 [pool-37-thread-1] INFO  server.RaftServerConfigKeys (ConfUtils.java:logGet(43)) - raft.server.retrycache.expirytime = 600000ms (custom)
2019-10-21 02:39:55,234 [pool-37-thread-1] WARN  impl.MetricRegistriesImpl (MetricRegistriesImpl.java:lambda$create$1(61)) - First MetricRegistry has been created without registering reporters. You may need to call MetricRegistries.global().addReportRegistration(...) before.
2019-10-21 02:39:55,235 [pool-37-thread-1] WARN  impl.MetricRegistriesImpl (MetricRegistriesImpl.java:lambda$create$1(61)) - First MetricRegistry has been created without registering reporters. You may need to call MetricRegistries.global().addReportRegistration(...) before.
2019-10-21 02:39:55,235 [pool-37-thread-1] INFO  impl.RaftServerImpl (RaftServerImpl.java:start(184)) - 346fa4f8-3ab8-43df-a502-3f4b9443122a@group-873CE24C946E: start as a follower, conf=-1: [346fa4f8-3ab8-43df-a502-3f4b9443122a:192.168.34.9:34701], old=null
2019-10-21 02:39:55,235 [pool-37-thread-1] INFO  impl.RaftServerImpl (RaftServerImpl.java:setRole(173)) - 346fa4f8-3ab8-43df-a502-3f4b9443122a@group-873CE24C946E: changes role from      null to FOLLOWER at term 0 for startAsFollower
2019-10-21 02:39:55,235 [pool-37-thread-1] INFO  impl.RoleInfo (RoleInfo.java:updateAndGet(143)) - 346fa4f8-3ab8-43df-a502-3f4b9443122a: start FollowerState
2019-10-21 02:39:55,236 [pool-37-thread-1] INFO  util.JmxRegister (JmxRegister.java:tryRegister(44)) - Successfully registered JMX Bean with object name Ratis:service=RaftServer,group=group-873CE24C946E,id=346fa4f8-3ab8-43df-a502-3f4b9443122a
2019-10-21 02:39:55,236 [pool-37-thread-1] WARN  impl.MetricRegistriesImpl (MetricRegistriesImpl.java:lambda$create$1(61)) - First MetricRegistry has been created without registering reporters. You may need to call MetricRegistries.global().addReportRegistration(...) before.
2019-10-21 02:39:55,242 [RatisPipelineUtilsThread] INFO  pipeline.PipelineStateManager (PipelineStateManager.java:addPipeline(55)) - Created pipeline Pipeline[ Id: 19355d2c-d79a-456f-b20b-873ce24c946e, Nodes: 346fa4f8-3ab8-43df-a502-3f4b9443122a{ip: 192.168.34.9, host: pr-hdds-1868-8w4sl-2612808232, networkLocation: /default-rack, certSerialId: null}, Type:RATIS, Factor:ONE, State:ALLOCATED]
2019-10-21 02:39:55,243 [Thread-181] INFO  pipeline.PipelineStateManager (PipelineStateManager.java:finalizePipeline(121)) - Pipeline Pipeline[ Id: dfb90908-5987-49e2-9b1e-378887f9eae6, Nodes: d56bd5cd-a10f-47cc-a049-69cbb5837008{ip: 192.168.34.9, host: pr-hdds-1868-8w4sl-2612808232, networkLocation: /default-rack, certSerialId: null}, Type:RATIS, Factor:ONE, State:CLOSED] moved to CLOSED state
2019-10-21 02:39:55,257 [grpc-default-executor-1] INFO  impl.RaftServerProxy (RaftServerProxy.java:remove(95)) - d56bd5cd-a10f-47cc-a049-69cbb5837008: remove  FOLLOWER d56bd5cd-a10f-47cc-a049-69cbb5837008@group-378887F9EAE6:t0, leader=null, voted=null, raftlog=d56bd5cd-a10f-47cc-a049-69cbb5837008@group-378887F9EAE6-SegmentedRaftLog:OPENED:c-1,f-1,i0, conf=-1: [d56bd5cd-a10f-47cc-a049-69cbb5837008:192.168.34.9:41391], old=null RUNNING
2019-10-21 02:39:55,258 [grpc-default-executor-1] INFO  impl.RaftServerImpl (RaftServerImpl.java:lambda$shutdown$3(250)) - d56bd5cd-a10f-47cc-a049-69cbb5837008@group-378887F9EAE6: shutdown
2019-10-21 02:39:55,258 [grpc-default-executor-1] INFO  util.JmxRegister (JmxRegister.java:unregister(73)) - Successfully un-registered JMX Bean with object name Ratis:service=RaftServer,group=group-378887F9EAE6,id=d56bd5cd-a10f-47cc-a049-69cbb5837008
2019-10-21 02:39:55,258 [grpc-default-executor-1] INFO  impl.RoleInfo (RoleInfo.java:shutdownFollowerState(121)) - d56bd5cd-a10f-47cc-a049-69cbb5837008: shutdown FollowerState
2019-10-21 02:39:55,258 [grpc-default-executor-1] INFO  impl.StateMachineUpdater (StateMachineUpdater.java:stopAndJoin(136)) - d56bd5cd-a10f-47cc-a049-69cbb5837008@group-378887F9EAE6-StateMachineUpdater: set stopIndex = -1
2019-10-21 02:39:55,258 [Thread-186] INFO  impl.FollowerState (FollowerState.java:run(120)) - d56bd5cd-a10f-47cc-a049-69cbb5837008@group-378887F9EAE6-FollowerState was interrupted: java.lang.InterruptedException: sleep interrupted
2019-10-21 02:39:55,259 [grpc-default-executor-1] INFO  impl.RaftServerImpl (ServerState.java:close(387)) - d56bd5cd-a10f-47cc-a049-69cbb5837008@group-378887F9EAE6: closes. applyIndex: -1
2019-10-21 02:39:55,260 [d56bd5cd-a10f-47cc-a049-69cbb5837008@group-378887F9EAE6-SegmentedRaftLogWorker] INFO  segmented.SegmentedRaftLogWorker (SegmentedRaftLogWorker.java:run(316)) - d56bd5cd-a10f-47cc-a049-69cbb5837008@group-378887F9EAE6-SegmentedRaftLogWorker was interrupted, exiting. There are 0 tasks remaining in the queue.
2019-10-21 02:39:55,260 [grpc-default-executor-1] INFO  segmented.SegmentedRaftLogWorker (SegmentedRaftLogWorker.java:close(224)) - d56bd5cd-a10f-47cc-a049-69cbb5837008@group-378887F9EAE6-SegmentedRaftLogWorker close()
2019-10-21 02:39:55,269 [Thread-181] INFO  pipeline.PipelineStateManager (PipelineStateManager.java:removePipeline(106)) - Pipeline Pipeline[ Id: dfb90908-5987-49e2-9b1e-378887f9eae6, Nodes: d56bd5cd-a10f-47cc-a049-69cbb5837008{ip: 192.168.34.9, host: pr-hdds-1868-8w4sl-2612808232, networkLocation: /default-rack, certSerialId: null}, Type:RATIS, Factor:ONE, State:CLOSED] removed from db
2019-10-21 02:39:55,279 [grpc-default-executor-1] INFO  impl.RaftServerProxy (RaftServerProxy.java:addNew(89)) - d56bd5cd-a10f-47cc-a049-69cbb5837008: addNew group-87609FA8068C:[d56bd5cd-a10f-47cc-a049-69cbb5837008:192.168.34.9:41391] returns group-87609FA8068C:java.util.concurrent.CompletableFuture@37a5fc17[Not completed]
2019-10-21 02:39:55,281 [pool-27-thread-1] INFO  impl.RaftServerImpl (RaftServerImpl.java:<init>(98)) - d56bd5cd-a10f-47cc-a049-69cbb5837008: new RaftServerImpl for group-87609FA8068C:[d56bd5cd-a10f-47cc-a049-69cbb5837008:192.168.34.9:41391] with ContainerStateMachine:uninitialized
2019-10-21 02:39:55,281 [pool-27-thread-1] INFO  server.RaftServerConfigKeys (ConfUtils.java:logGet(43)) - raft.server.rpc.timeout.min = 5s (custom)
2019-10-21 02:39:55,281 [pool-27-thread-1] INFO  server.RaftServerConfigKeys (ConfUtils.java:logGet(43)) - raft.server.rpc.timeout.max = 5200ms (custom)
2019-10-21 02:39:55,282 [pool-27-thread-1] INFO  server.RaftServerConfigKeys (ConfUtils.java:logGet(43)) - raft.server.rpcslowness.timeout = 1000s (custom)
2019-10-21 02:39:55,282 [pool-27-thread-1] INFO  server.RaftServerConfigKeys (ConfUtils.java:logGet(43)) - raft.server.sleep.deviation.threshold = 300 (default)
2019-10-21 02:39:55,282 [pool-27-thread-1] INFO  server.RaftServerConfigKeys (ConfUtils.java:logGet(43)) - raft.server.log.appender.install.snapshot.enabled = false (custom)
2019-10-21 02:39:55,282 [pool-27-thread-1] INFO  impl.RaftServerImpl (ServerState.java:<init>(103)) - d56bd5cd-a10f-47cc-a049-69cbb5837008@group-87609FA8068C: ConfigurationManager, init=-1: [d56bd5cd-a10f-47cc-a049-69cbb5837008:192.168.34.9:41391], old=null, confs=<EMPTY_MAP>
2019-10-21 02:39:55,282 [pool-27-thread-1] INFO  server.RaftServerConfigKeys (ConfUtils.java:logGet(43)) - raft.server.storage.dir = [/workdir/hadoop-ozone/integration-test/target/test-dir/MiniOzoneClusterImpl-0fab9602-85f6-488d-9219-5a9ff83e13af/datanode-0/data/ratis] (custom)
2019-10-21 02:39:55,283 [pool-27-thread-1] INFO  server.RaftServerConfigKeys (ConfUtils.java:logGet(43)) - raft.server.log.corruption.policy = EXCEPTION (default)
2019-10-21 02:39:55,283 [pool-27-thread-1] INFO  storage.RaftStorageDirectory (RaftStorageDirectory.java:analyzeStorage(246)) - The storage directory /workdir/hadoop-ozone/integration-test/target/test-dir/MiniOzoneClusterImpl-0fab9602-85f6-488d-9219-5a9ff83e13af/datanode-0/data/ratis/97291028-36d4-4e73-a998-87609fa8068c does not exist. Creating ...
2019-10-21 02:39:55,313 [pool-27-thread-1] INFO  storage.RaftStorageDirectory (RaftStorageDirectory.java:tryLock(328)) - Lock on /workdir/hadoop-ozone/integration-test/target/test-dir/MiniOzoneClusterImpl-0fab9602-85f6-488d-9219-5a9ff83e13af/datanode-0/data/ratis/97291028-36d4-4e73-a998-87609fa8068c/in_use.lock acquired by nodename 2549@pr-hdds-1868-8w4sl-2612808232
2019-10-21 02:39:55,338 [pool-27-thread-1] INFO  storage.RaftStorage (RaftStorage.java:format(84)) - Storage directory /workdir/hadoop-ozone/integration-test/target/test-dir/MiniOzoneClusterImpl-0fab9602-85f6-488d-9219-5a9ff83e13af/datanode-0/data/ratis/97291028-36d4-4e73-a998-87609fa8068c has been successfully formatted.
2019-10-21 02:39:55,339 [pool-27-thread-1] INFO  ratis.ContainerStateMachine (ContainerStateMachine.java:loadSnapshot(233)) - group-87609FA8068C: The snapshot info is null. Setting the last applied indexto:(t:0, i:~)
2019-10-21 02:39:55,339 [pool-27-thread-1] INFO  server.RaftServerConfigKeys (ConfUtils.java:logGet(43)) - raft.server.notification.no-leader.timeout = 1000s (custom)
2019-10-21 02:39:55,339 [pool-27-thread-1] INFO  server.RaftServerConfigKeys (ConfUtils.java:logGet(43)) - raft.server.log.use.memory = false (default)
2019-10-21 02:39:55,339 [pool-27-thread-1] INFO  server.RaftServerConfigKeys (ConfUtils.java:logGet(43)) - raft.server.log.purge.gap = 1000000 (custom)
2019-10-21 02:39:55,339 [pool-27-thread-1] INFO  server.RaftServerConfigKeys (ConfUtils.java:logGet(43)) - raft.server.log.appender.buffer.byte-limit = 33554432 (custom)
2019-10-21 02:39:55,340 [pool-27-thread-1] INFO  server.RaftServerConfigKeys (ConfUtils.java:logGet(43)) - raft.server.log.segment.size.max = 1048576 (custom)
2019-10-21 02:39:55,340 [pool-27-thread-1] INFO  server.RaftServerConfigKeys (ConfUtils.java:logGet(43)) - raft.server.log.segment.cache.num.max = 2 (custom)
2019-10-21 02:39:55,340 [pool-27-thread-1] INFO  segmented.SegmentedRaftLogWorker (SegmentedRaftLogWorker.java:<init>(173)) - new d56bd5cd-a10f-47cc-a049-69cbb5837008@group-87609FA8068C-SegmentedRaftLogWorker for RaftStorage:Storage Directory /workdir/hadoop-ozone/integration-test/target/test-dir/MiniOzoneClusterImpl-0fab9602-85f6-488d-9219-5a9ff83e13af/datanode-0/data/ratis/97291028-36d4-4e73-a998-87609fa8068c
2019-10-21 02:39:55,340 [pool-27-thread-1] INFO  server.RaftServerConfigKeys (ConfUtils.java:logGet(43)) - raft.server.log.queue.byte-limit = 2147483647 (custom)
2019-10-21 02:39:55,340 [pool-27-thread-1] INFO  server.RaftServerConfigKeys (ConfUtils.java:logGet(43)) - raft.server.log.queue.element-limit = 1024 (custom)
2019-10-21 02:39:55,340 [pool-27-thread-1] INFO  server.RaftServerConfigKeys (ConfUtils.java:logGet(43)) - raft.server.log.segment.size.max = 1048576 (custom)
2019-10-21 02:39:55,341 [pool-27-thread-1] INFO  server.RaftServerConfigKeys (ConfUtils.java:logGet(43)) - raft.server.log.preallocated.size = 16384 (custom)
2019-10-21 02:39:55,341 [pool-27-thread-1] INFO  server.RaftServerConfigKeys (ConfUtils.java:logGet(43)) - raft.server.log.write.buffer.size = 33554432 (custom)
2019-10-21 02:39:55,341 [pool-27-thread-1] INFO  server.RaftServerConfigKeys (ConfUtils.java:logGet(43)) - raft.server.log.force.sync.num = 128 (default)
2019-10-21 02:39:55,341 [pool-27-thread-1] INFO  server.RaftServerConfigKeys (ConfUtils.java:logGet(43)) - raft.server.log.statemachine.data.sync = true (default)
2019-10-21 02:39:55,341 [pool-27-thread-1] INFO  server.RaftServerConfigKeys (ConfUtils.java:logGet(43)) - raft.server.log.statemachine.data.sync.timeout = 10s (default)
2019-10-21 02:39:55,341 [pool-27-thread-1] INFO  server.RaftServerConfigKeys (ConfUtils.java:logGet(43)) - raft.server.log.statemachine.data.sync.timeout.retry = -1 (default)
2019-10-21 02:39:55,342 [pool-27-thread-1] INFO  server.RaftServerConfigKeys (ConfUtils.java:logGet(43)) - raft.server.log.statemachine.data.caching.enabled = true (custom)
2019-10-21 02:39:55,342 [pool-27-thread-1] INFO  segmented.SegmentedRaftLogWorker (SegmentedRaftLogWorker.java:lambda$new$0(128)) - d56bd5cd-a10f-47cc-a049-69cbb5837008@group-87609FA8068C-SegmentedRaftLogWorker: flushIndex: setUnconditionally 0 -> -1
2019-10-21 02:39:55,343 [pool-27-thread-1] INFO  server.RaftServerConfigKeys (ConfUtils.java:logGet(43)) - raft.server.snapshot.auto.trigger.enabled = true (custom)
2019-10-21 02:39:55,343 [pool-27-thread-1] INFO  server.RaftServerConfigKeys (ConfUtils.java:logGet(43)) - raft.server.snapshot.auto.trigger.threshold = 10000 (custom)
2019-10-21 02:39:55,343 [pool-27-thread-1] INFO  server.RaftServerConfigKeys (ConfUtils.java:logGet(43)) - raft.server.snapshot.retention.file.num = 5 (custom)
2019-10-21 02:39:55,343 [pool-27-thread-1] INFO  server.RaftServerConfigKeys (ConfUtils.java:logGet(43)) - raft.server.retrycache.expirytime = 600000ms (custom)
2019-10-21 02:39:55,343 [pool-27-thread-1] WARN  impl.MetricRegistriesImpl (MetricRegistriesImpl.java:lambda$create$1(61)) - First MetricRegistry has been created without registering reporters. You may need to call MetricRegistries.global().addReportRegistration(...) before.
2019-10-21 02:39:55,344 [pool-27-thread-1] WARN  impl.MetricRegistriesImpl (MetricRegistriesImpl.java:lambda$create$1(61)) - First MetricRegistry has been created without registering reporters. You may need to call MetricRegistries.global().addReportRegistration(...) before.
2019-10-21 02:39:55,344 [pool-27-thread-1] INFO  impl.RaftServerImpl (RaftServerImpl.java:start(184)) - d56bd5cd-a10f-47cc-a049-69cbb5837008@group-87609FA8068C: start as a follower, conf=-1: [d56bd5cd-a10f-47cc-a049-69cbb5837008:192.168.34.9:41391], old=null
2019-10-21 02:39:55,344 [pool-27-thread-1] INFO  impl.RaftServerImpl (RaftServerImpl.java:setRole(173)) - d56bd5cd-a10f-47cc-a049-69cbb5837008@group-87609FA8068C: changes role from      null to FOLLOWER at term 0 for startAsFollower
2019-10-21 02:39:55,344 [pool-27-thread-1] INFO  impl.RoleInfo (RoleInfo.java:updateAndGet(143)) - d56bd5cd-a10f-47cc-a049-69cbb5837008: start FollowerState
2019-10-21 02:39:55,345 [pool-27-thread-1] INFO  util.JmxRegister (JmxRegister.java:tryRegister(44)) - Successfully registered JMX Bean with object name Ratis:service=RaftServer,group=group-87609FA8068C,id=d56bd5cd-a10f-47cc-a049-69cbb5837008
2019-10-21 02:39:55,345 [pool-27-thread-1] WARN  impl.MetricRegistriesImpl (MetricRegistriesImpl.java:lambda$create$1(61)) - First MetricRegistry has been created without registering reporters. You may need to call MetricRegistries.global().addReportRegistration(...) before.
2019-10-21 02:39:55,351 [RatisPipelineUtilsThread] INFO  pipeline.PipelineStateManager (PipelineStateManager.java:addPipeline(55)) - Created pipeline Pipeline[ Id: 97291028-36d4-4e73-a998-87609fa8068c, Nodes: d56bd5cd-a10f-47cc-a049-69cbb5837008{ip: 192.168.34.9, host: pr-hdds-1868-8w4sl-2612808232, networkLocation: /default-rack, certSerialId: null}, Type:RATIS, Factor:ONE, State:ALLOCATED]
2019-10-21 02:39:55,918 [main] INFO  ozone.MiniOzoneClusterImpl (MiniOzoneClusterImpl.java:lambda$waitForClusterToBeReady$2(162)) - Waiting for 4 number of pipelines out of 4, to report a leader.
2019-10-21 02:39:56,919 [main] INFO  ozone.MiniOzoneClusterImpl (MiniOzoneClusterImpl.java:lambda$waitForClusterToBeReady$2(162)) - Waiting for 4 number of pipelines out of 4, to report a leader.
2019-10-21 02:39:57,920 [main] INFO  ozone.MiniOzoneClusterImpl (MiniOzoneClusterImpl.java:lambda$waitForClusterToBeReady$2(162)) - Waiting for 4 number of pipelines out of 4, to report a leader.
2019-10-21 02:39:58,920 [main] INFO  ozone.MiniOzoneClusterImpl (MiniOzoneClusterImpl.java:lambda$waitForClusterToBeReady$2(162)) - Waiting for 4 number of pipelines out of 4, to report a leader.
2019-10-21 02:39:59,921 [main] INFO  ozone.MiniOzoneClusterImpl (MiniOzoneClusterImpl.java:lambda$waitForClusterToBeReady$2(162)) - Waiting for 4 number of pipelines out of 4, to report a leader.
2019-10-21 02:39:59,985 [Thread-212] INFO  impl.FollowerState (FollowerState.java:run(111)) - 0299b781-7796-45ba-9036-f37ef6071f27@group-07C0FC85186C-FollowerState: change to CANDIDATE, lastRpcTime:5093ms, electionTimeout:5093ms
2019-10-21 02:39:59,987 [Thread-212] INFO  impl.RoleInfo (RoleInfo.java:shutdownFollowerState(121)) - 0299b781-7796-45ba-9036-f37ef6071f27: shutdown FollowerState
2019-10-21 02:39:59,987 [Thread-212] INFO  impl.RaftServerImpl (RaftServerImpl.java:setRole(173)) - 0299b781-7796-45ba-9036-f37ef6071f27@group-07C0FC85186C: changes role from  FOLLOWER to CANDIDATE at term 0 for changeToCandidate
2019-10-21 02:39:59,993 [Thread-212] INFO  impl.RoleInfo (RoleInfo.java:updateAndGet(143)) - 0299b781-7796-45ba-9036-f37ef6071f27: start LeaderElection
2019-10-21 02:40:00,020 [0299b781-7796-45ba-9036-f37ef6071f27@group-07C0FC85186C-LeaderElection1] INFO  impl.LeaderElection (LeaderElection.java:askForVotes(178)) - 0299b781-7796-45ba-9036-f37ef6071f27@group-07C0FC85186C-LeaderElection1: begin an election at term 1 for -1: [0299b781-7796-45ba-9036-f37ef6071f27:192.168.34.9:33798], old=null
2019-10-21 02:40:00,021 [0299b781-7796-45ba-9036-f37ef6071f27@group-07C0FC85186C-LeaderElection1] INFO  impl.RoleInfo (RoleInfo.java:shutdownLeaderElection(134)) - 0299b781-7796-45ba-9036-f37ef6071f27: shutdown LeaderElection
2019-10-21 02:40:00,022 [0299b781-7796-45ba-9036-f37ef6071f27@group-07C0FC85186C-LeaderElection1] INFO  impl.RaftServerImpl (RaftServerImpl.java:setRole(173)) - 0299b781-7796-45ba-9036-f37ef6071f27@group-07C0FC85186C: changes role from CANDIDATE to LEADER at term 1 for changeToLeader
2019-10-21 02:40:00,022 [0299b781-7796-45ba-9036-f37ef6071f27@group-07C0FC85186C-LeaderElection1] INFO  ratis.XceiverServerRatis (XceiverServerRatis.java:handleLeaderChangedNotification(701)) - Leader change notification received for group: group-07C0FC85186C with new leaderId: 0299b781-7796-45ba-9036-f37ef6071f27
2019-10-21 02:40:00,025 [0299b781-7796-45ba-9036-f37ef6071f27@group-07C0FC85186C-LeaderElection1] INFO  impl.RaftServerImpl (ServerState.java:setLeader(255)) - 0299b781-7796-45ba-9036-f37ef6071f27@group-07C0FC85186C: change Leader from null to 0299b781-7796-45ba-9036-f37ef6071f27 at term 1 for becomeLeader, leader elected after 5136ms
2019-10-21 02:40:00,027 [EventQueue-PipelineReportForPipelineReportHandler] INFO  pipeline.PipelineReportHandler (PipelineReportHandler.java:processPipelineReport(105)) - Pipeline PipelineID=b247b7b0-bc56-4c4b-9e26-98acf608db4d reported by 0299b781-7796-45ba-9036-f37ef6071f27{ip: 192.168.34.9, host: pr-hdds-1868-8w4sl-2612808232, networkLocation: /default-rack, certSerialId: null} with leaderId 
2019-10-21 02:40:00,028 [EventQueue-PipelineReportForPipelineReportHandler] INFO  pipeline.PipelineReportHandler (PipelineReportHandler.java:processPipelineReport(105)) - Pipeline PipelineID=b31aeaf8-2ff9-438d-af37-07c0fc85186c reported by 0299b781-7796-45ba-9036-f37ef6071f27{ip: 192.168.34.9, host: pr-hdds-1868-8w4sl-2612808232, networkLocation: /default-rack, certSerialId: null} with leaderId 0299b781-7796-45ba-9036-f37ef6071f27
2019-10-21 02:40:00,030 [0299b781-7796-45ba-9036-f37ef6071f27@group-07C0FC85186C-LeaderElection1] INFO  server.RaftServerConfigKeys (ConfUtils.java:logGet(43)) - raft.server.staging.catchup.gap = 1000 (default)
2019-10-21 02:40:00,031 [0299b781-7796-45ba-9036-f37ef6071f27@group-07C0FC85186C-LeaderElection1] INFO  server.RaftServerConfigKeys (ConfUtils.java:logGet(43)) - raft.server.rpc.sleep.time = 25ms (default)
2019-10-21 02:40:00,033 [EventQueue-PipelineReportForPipelineReportHandler] INFO  pipeline.SCMPipelineManager (SCMPipelineManager.java:processReportedLeaderInfo(318)) - Opening pipeline PipelineID=b31aeaf8-2ff9-438d-af37-07c0fc85186c with reported leader <ByteString@1d53814e size=36>
2019-10-21 02:40:00,033 [EventQueue-PipelineReportForPipelineReportHandler] INFO  pipeline.PipelineStateManager (PipelineStateManager.java:openPipeline(134)) - Pipeline Pipeline[ Id: b31aeaf8-2ff9-438d-af37-07c0fc85186c, Nodes: 0299b781-7796-45ba-9036-f37ef6071f27{ip: 192.168.34.9, host: pr-hdds-1868-8w4sl-2612808232, networkLocation: /default-rack, certSerialId: null}, Type:RATIS, Factor:ONE, State:OPEN] moved to OPEN state
2019-10-21 02:40:00,036 [0299b781-7796-45ba-9036-f37ef6071f27@group-07C0FC85186C-LeaderElection1] INFO  server.RaftServerConfigKeys (ConfUtils.java:logGet(43)) - raft.server.write.element-limit = 4096 (default)
2019-10-21 02:40:00,038 [0299b781-7796-45ba-9036-f37ef6071f27@group-07C0FC85186C-LeaderElection1] INFO  server.RaftServerConfigKeys (ConfUtils.java:logGet(43)) - raft.server.watch.timeout = 10s (default)
2019-10-21 02:40:00,038 [0299b781-7796-45ba-9036-f37ef6071f27@group-07C0FC85186C-LeaderElection1] INFO  server.RaftServerConfigKeys (ConfUtils.java:logGet(43)) - raft.server.watch.timeout.denomination = 1s (default)
2019-10-21 02:40:00,039 [0299b781-7796-45ba-9036-f37ef6071f27@group-07C0FC85186C-LeaderElection1] INFO  server.RaftServerConfigKeys (ConfUtils.java:logGet(43)) - raft.server.watch.element-limit = 65536 (default)
2019-10-21 02:40:00,046 [0299b781-7796-45ba-9036-f37ef6071f27@group-07C0FC85186C-LeaderElection1] INFO  impl.RoleInfo (RoleInfo.java:updateAndGet(143)) - 0299b781-7796-45ba-9036-f37ef6071f27: start LeaderState
2019-10-21 02:40:00,063 [0299b781-7796-45ba-9036-f37ef6071f27@group-07C0FC85186C-LeaderElection1] INFO  segmented.SegmentedRaftLogWorker (SegmentedRaftLogWorker.java:startLogSegment(385)) - 0299b781-7796-45ba-9036-f37ef6071f27@group-07C0FC85186C-SegmentedRaftLogWorker: Starting segment from index:0
2019-10-21 02:40:00,072 [0299b781-7796-45ba-9036-f37ef6071f27@group-07C0FC85186C-LeaderElection1] INFO  impl.RaftServerImpl (ServerState.java:setRaftConf(356)) - 0299b781-7796-45ba-9036-f37ef6071f27@group-07C0FC85186C: set configuration 0: [0299b781-7796-45ba-9036-f37ef6071f27:192.168.34.9:33798], old=null at 0
2019-10-21 02:40:00,131 [Thread-221] INFO  impl.FollowerState (FollowerState.java:run(111)) - 346fa4f8-3ab8-43df-a502-3f4b9443122a@group-98ACF608DB4D-FollowerState: change to CANDIDATE, lastRpcTime:5009ms, electionTimeout:5009ms
2019-10-21 02:40:00,131 [Thread-221] INFO  impl.RoleInfo (RoleInfo.java:shutdownFollowerState(121)) - 346fa4f8-3ab8-43df-a502-3f4b9443122a: shutdown FollowerState
2019-10-21 02:40:00,131 [Thread-221] INFO  impl.RaftServerImpl (RaftServerImpl.java:setRole(173)) - 346fa4f8-3ab8-43df-a502-3f4b9443122a@group-98ACF608DB4D: changes role from  FOLLOWER to CANDIDATE at term 0 for changeToCandidate
2019-10-21 02:40:00,132 [Thread-221] INFO  impl.RoleInfo (RoleInfo.java:updateAndGet(143)) - 346fa4f8-3ab8-43df-a502-3f4b9443122a: start LeaderElection
2019-10-21 02:40:00,158 [346fa4f8-3ab8-43df-a502-3f4b9443122a@group-98ACF608DB4D-LeaderElection2] INFO  impl.LeaderElection (LeaderElection.java:askForVotes(178)) - 346fa4f8-3ab8-43df-a502-3f4b9443122a@group-98ACF608DB4D-LeaderElection2: begin an election at term 1 for -1: [d56bd5cd-a10f-47cc-a049-69cbb5837008:192.168.34.9:41391, 346fa4f8-3ab8-43df-a502-3f4b9443122a:192.168.34.9:34701, 0299b781-7796-45ba-9036-f37ef6071f27:192.168.34.9:33798], old=null
2019-10-21 02:40:00,174 [Thread-225] INFO  impl.FollowerState (FollowerState.java:run(111)) - d56bd5cd-a10f-47cc-a049-69cbb5837008@group-98ACF608DB4D-FollowerState: change to CANDIDATE, lastRpcTime:5050ms, electionTimeout:5050ms
2019-10-21 02:40:00,175 [Thread-225] INFO  impl.RoleInfo (RoleInfo.java:shutdownFollowerState(121)) - d56bd5cd-a10f-47cc-a049-69cbb5837008: shutdown FollowerState
2019-10-21 02:40:00,175 [Thread-225] INFO  impl.RaftServerImpl (RaftServerImpl.java:setRole(173)) - d56bd5cd-a10f-47cc-a049-69cbb5837008@group-98ACF608DB4D: changes role from  FOLLOWER to CANDIDATE at term 0 for changeToCandidate
2019-10-21 02:40:00,175 [Thread-225] INFO  impl.RoleInfo (RoleInfo.java:updateAndGet(143)) - d56bd5cd-a10f-47cc-a049-69cbb5837008: start LeaderElection
2019-10-21 02:40:00,186 [grpc-default-executor-2] INFO  impl.RaftServerImpl (RaftServerImpl.java:setRole(173)) - 0299b781-7796-45ba-9036-f37ef6071f27@group-98ACF608DB4D: changes role from  FOLLOWER to FOLLOWER at term 1 for recognizeCandidate:346fa4f8-3ab8-43df-a502-3f4b9443122a
2019-10-21 02:40:00,186 [grpc-default-executor-2] INFO  impl.RoleInfo (RoleInfo.java:shutdownFollowerState(121)) - 0299b781-7796-45ba-9036-f37ef6071f27: shutdown FollowerState
2019-10-21 02:40:00,186 [grpc-default-executor-2] INFO  impl.RoleInfo (RoleInfo.java:updateAndGet(143)) - 0299b781-7796-45ba-9036-f37ef6071f27: start FollowerState
2019-10-21 02:40:00,186 [Thread-226] INFO  impl.FollowerState (FollowerState.java:run(120)) - 0299b781-7796-45ba-9036-f37ef6071f27@group-98ACF608DB4D-FollowerState was interrupted: java.lang.InterruptedException: sleep interrupted
2019-10-21 02:40:00,201 [d56bd5cd-a10f-47cc-a049-69cbb5837008@group-98ACF608DB4D-LeaderElection3] INFO  impl.LeaderElection (LeaderElection.java:askForVotes(178)) - d56bd5cd-a10f-47cc-a049-69cbb5837008@group-98ACF608DB4D-LeaderElection3: begin an election at term 1 for -1: [d56bd5cd-a10f-47cc-a049-69cbb5837008:192.168.34.9:41391, 346fa4f8-3ab8-43df-a502-3f4b9443122a:192.168.34.9:34701, 0299b781-7796-45ba-9036-f37ef6071f27:192.168.34.9:33798], old=null
2019-10-21 02:40:00,227 [d56bd5cd-a10f-47cc-a049-69cbb5837008@group-98ACF608DB4D-LeaderElection3] INFO  impl.LeaderElection (LeaderElection.java:logAndReturn(56)) - d56bd5cd-a10f-47cc-a049-69cbb5837008@group-98ACF608DB4D-LeaderElection3: Election REJECTED; received 2 response(s) [d56bd5cd-a10f-47cc-a049-69cbb5837008<-346fa4f8-3ab8-43df-a502-3f4b9443122a#0:FAIL-t1, d56bd5cd-a10f-47cc-a049-69cbb5837008<-0299b781-7796-45ba-9036-f37ef6071f27#0:FAIL-t1] and 0 exception(s); d56bd5cd-a10f-47cc-a049-69cbb5837008@group-98ACF608DB4D:t1, leader=null, voted=d56bd5cd-a10f-47cc-a049-69cbb5837008, raftlog=d56bd5cd-a10f-47cc-a049-69cbb5837008@group-98ACF608DB4D-SegmentedRaftLog:OPENED:c-1,f-1,i0, conf=-1: [d56bd5cd-a10f-47cc-a049-69cbb5837008:192.168.34.9:41391, 346fa4f8-3ab8-43df-a502-3f4b9443122a:192.168.34.9:34701, 0299b781-7796-45ba-9036-f37ef6071f27:192.168.34.9:33798], old=null
2019-10-21 02:40:00,227 [346fa4f8-3ab8-43df-a502-3f4b9443122a@group-98ACF608DB4D-LeaderElection2] INFO  impl.LeaderElection (LeaderElection.java:logAndReturn(56)) - 346fa4f8-3ab8-43df-a502-3f4b9443122a@group-98ACF608DB4D-LeaderElection2: Election PASSED; received 2 response(s) [346fa4f8-3ab8-43df-a502-3f4b9443122a<-d56bd5cd-a10f-47cc-a049-69cbb5837008#0:FAIL-t1, 346fa4f8-3ab8-43df-a502-3f4b9443122a<-0299b781-7796-45ba-9036-f37ef6071f27#0:OK-t1] and 0 exception(s); 346fa4f8-3ab8-43df-a502-3f4b9443122a@group-98ACF608DB4D:t1, leader=null, voted=346fa4f8-3ab8-43df-a502-3f4b9443122a, raftlog=346fa4f8-3ab8-43df-a502-3f4b9443122a@group-98ACF608DB4D-SegmentedRaftLog:OPENED:c-1,f-1,i0, conf=-1: [d56bd5cd-a10f-47cc-a049-69cbb5837008:192.168.34.9:41391, 346fa4f8-3ab8-43df-a502-3f4b9443122a:192.168.34.9:34701, 0299b781-7796-45ba-9036-f37ef6071f27:192.168.34.9:33798], old=null
2019-10-21 02:40:00,227 [d56bd5cd-a10f-47cc-a049-69cbb5837008@group-98ACF608DB4D-LeaderElection3] INFO  impl.RaftServerImpl (RaftServerImpl.java:setRole(173)) - d56bd5cd-a10f-47cc-a049-69cbb5837008@group-98ACF608DB4D: changes role from CANDIDATE to FOLLOWER at term 1 for DISCOVERED_A_NEW_TERM
2019-10-21 02:40:00,228 [d56bd5cd-a10f-47cc-a049-69cbb5837008@group-98ACF608DB4D-LeaderElection3] INFO  impl.RoleInfo (RoleInfo.java:shutdownLeaderElection(134)) - d56bd5cd-a10f-47cc-a049-69cbb5837008: shutdown LeaderElection
2019-10-21 02:40:00,228 [346fa4f8-3ab8-43df-a502-3f4b9443122a@group-98ACF608DB4D-LeaderElection2] INFO  impl.RoleInfo (RoleInfo.java:shutdownLeaderElection(134)) - 346fa4f8-3ab8-43df-a502-3f4b9443122a: shutdown LeaderElection
2019-10-21 02:40:00,230 [346fa4f8-3ab8-43df-a502-3f4b9443122a@group-98ACF608DB4D-LeaderElection2] INFO  impl.RaftServerImpl (RaftServerImpl.java:setRole(173)) - 346fa4f8-3ab8-43df-a502-3f4b9443122a@group-98ACF608DB4D: changes role from CANDIDATE to LEADER at term 1 for changeToLeader
2019-10-21 02:40:00,230 [d56bd5cd-a10f-47cc-a049-69cbb5837008@group-98ACF608DB4D-LeaderElection3] INFO  impl.RoleInfo (RoleInfo.java:updateAndGet(143)) - d56bd5cd-a10f-47cc-a049-69cbb5837008: start FollowerState
2019-10-21 02:40:00,231 [346fa4f8-3ab8-43df-a502-3f4b9443122a@group-98ACF608DB4D-LeaderElection2] INFO  ratis.XceiverServerRatis (XceiverServerRatis.java:handleLeaderChangedNotification(701)) - Leader change notification received for group: group-98ACF608DB4D with new leaderId: 346fa4f8-3ab8-43df-a502-3f4b9443122a
2019-10-21 02:40:00,232 [346fa4f8-3ab8-43df-a502-3f4b9443122a@group-98ACF608DB4D-LeaderElection2] INFO  impl.RaftServerImpl (ServerState.java:setLeader(255)) - 346fa4f8-3ab8-43df-a502-3f4b9443122a@group-98ACF608DB4D: change Leader from null to 346fa4f8-3ab8-43df-a502-3f4b9443122a at term 1 for becomeLeader, leader elected after 5118ms
2019-10-21 02:40:00,232 [346fa4f8-3ab8-43df-a502-3f4b9443122a@group-98ACF608DB4D-LeaderElection2] INFO  server.RaftServerConfigKeys (ConfUtils.java:logGet(43)) - raft.server.staging.catchup.gap = 1000 (default)
2019-10-21 02:40:00,232 [346fa4f8-3ab8-43df-a502-3f4b9443122a@group-98ACF608DB4D-LeaderElection2] INFO  server.RaftServerConfigKeys (ConfUtils.java:logGet(43)) - raft.server.rpc.sleep.time = 25ms (default)
2019-10-21 02:40:00,232 [346fa4f8-3ab8-43df-a502-3f4b9443122a@group-98ACF608DB4D-LeaderElection2] INFO  server.RaftServerConfigKeys (ConfUtils.java:logGet(43)) - raft.server.write.element-limit = 4096 (default)
2019-10-21 02:40:00,233 [346fa4f8-3ab8-43df-a502-3f4b9443122a@group-98ACF608DB4D-LeaderElection2] INFO  server.RaftServerConfigKeys (ConfUtils.java:logGet(43)) - raft.server.watch.timeout = 10s (default)
2019-10-21 02:40:00,233 [346fa4f8-3ab8-43df-a502-3f4b9443122a@group-98ACF608DB4D-LeaderElection2] INFO  server.RaftServerConfigKeys (ConfUtils.java:logGet(43)) - raft.server.watch.timeout.denomination = 1s (default)
2019-10-21 02:40:00,233 [346fa4f8-3ab8-43df-a502-3f4b9443122a@group-98ACF608DB4D-LeaderElection2] INFO  server.RaftServerConfigKeys (ConfUtils.java:logGet(43)) - raft.server.watch.element-limit = 65536 (default)
2019-10-21 02:40:00,233 [EventQueue-PipelineReportForPipelineReportHandler] INFO  pipeline.PipelineReportHandler (PipelineReportHandler.java:processPipelineReport(105)) - Pipeline PipelineID=b247b7b0-bc56-4c4b-9e26-98acf608db4d reported by 346fa4f8-3ab8-43df-a502-3f4b9443122a{ip: 192.168.34.9, host: pr-hdds-1868-8w4sl-2612808232, networkLocation: /default-rack, certSerialId: null} with leaderId 346fa4f8-3ab8-43df-a502-3f4b9443122a
2019-10-21 02:40:00,233 [EventQueue-PipelineReportForPipelineReportHandler] INFO  pipeline.PipelineReportHandler (PipelineReportHandler.java:processPipelineReport(105)) - Pipeline PipelineID=19355d2c-d79a-456f-b20b-873ce24c946e reported by 346fa4f8-3ab8-43df-a502-3f4b9443122a{ip: 192.168.34.9, host: pr-hdds-1868-8w4sl-2612808232, networkLocation: /default-rack, certSerialId: null} with leaderId 
2019-10-21 02:40:00,234 [EventQueue-PipelineReportForPipelineReportHandler] INFO  pipeline.SCMPipelineManager (SCMPipelineManager.java:processReportedLeaderInfo(318)) - Opening pipeline PipelineID=19355d2c-d79a-456f-b20b-873ce24c946e with reported leader <ByteString@5358ceea size=0>
2019-10-21 02:40:00,234 [EventQueue-PipelineReportForPipelineReportHandler] INFO  pipeline.PipelineStateManager (PipelineStateManager.java:openPipeline(134)) - Pipeline Pipeline[ Id: 19355d2c-d79a-456f-b20b-873ce24c946e, Nodes: 346fa4f8-3ab8-43df-a502-3f4b9443122a{ip: 192.168.34.9, host: pr-hdds-1868-8w4sl-2612808232, networkLocation: /default-rack, certSerialId: null}, Type:RATIS, Factor:ONE, State:OPEN] moved to OPEN state
2019-10-21 02:40:00,237 [346fa4f8-3ab8-43df-a502-3f4b9443122a@group-98ACF608DB4D-LeaderElection2] INFO  server.RaftServerConfigKeys (ConfUtils.java:logGet(43)) - raft.server.log.appender.snapshot.chunk.size.max = 16MB (=16777216) (default)
2019-10-21 02:40:00,237 [346fa4f8-3ab8-43df-a502-3f4b9443122a@group-98ACF608DB4D-LeaderElection2] INFO  server.RaftServerConfigKeys (ConfUtils.java:logGet(43)) - raft.server.log.appender.buffer.byte-limit = 33554432 (custom)
2019-10-21 02:40:00,238 [346fa4f8-3ab8-43df-a502-3f4b9443122a@group-98ACF608DB4D-LeaderElection2] INFO  server.RaftServerConfigKeys (ConfUtils.java:logGet(43)) - raft.server.log.appender.buffer.element-limit = 1 (custom)
2019-10-21 02:40:00,242 [346fa4f8-3ab8-43df-a502-3f4b9443122a@group-98ACF608DB4D-LeaderElection2] INFO  grpc.GrpcConfigKeys$Server (ConfUtils.java:logGet(43)) - raft.grpc.server.leader.outstanding.appends.max = 128 (default)
2019-10-21 02:40:00,242 [346fa4f8-3ab8-43df-a502-3f4b9443122a@group-98ACF608DB4D-LeaderElection2] INFO  server.RaftServerConfigKeys (ConfUtils.java:logGet(43)) - raft.server.rpc.request.timeout = 3000ms (default)
2019-10-21 02:40:00,242 [346fa4f8-3ab8-43df-a502-3f4b9443122a@group-98ACF608DB4D-LeaderElection2] INFO  server.RaftServerConfigKeys (ConfUtils.java:logGet(43)) - raft.server.log.appender.install.snapshot.enabled = false (custom)
2019-10-21 02:40:00,243 [346fa4f8-3ab8-43df-a502-3f4b9443122a@group-98ACF608DB4D-LeaderElection2] WARN  impl.MetricRegistriesImpl (MetricRegistriesImpl.java:lambda$create$1(61)) - First MetricRegistry has been created without registering reporters. You may need to call MetricRegistries.global().addReportRegistration(...) before.
2019-10-21 02:40:00,244 [346fa4f8-3ab8-43df-a502-3f4b9443122a@group-98ACF608DB4D-LeaderElection2] INFO  server.RaftServerConfigKeys (ConfUtils.java:logGet(43)) - raft.server.log.appender.snapshot.chunk.size.max = 16MB (=16777216) (default)
2019-10-21 02:40:00,245 [346fa4f8-3ab8-43df-a502-3f4b9443122a@group-98ACF608DB4D-LeaderElection2] INFO  server.RaftServerConfigKeys (ConfUtils.java:logGet(43)) - raft.server.log.appender.buffer.byte-limit = 33554432 (custom)
2019-10-21 02:40:00,245 [346fa4f8-3ab8-43df-a502-3f4b9443122a@group-98ACF608DB4D-LeaderElection2] INFO  server.RaftServerConfigKeys (ConfUtils.java:logGet(43)) - raft.server.log.appender.buffer.element-limit = 1 (custom)
2019-10-21 02:40:00,245 [346fa4f8-3ab8-43df-a502-3f4b9443122a@group-98ACF608DB4D-LeaderElection2] INFO  grpc.GrpcConfigKeys$Server (ConfUtils.java:logGet(43)) - raft.grpc.server.leader.outstanding.appends.max = 128 (default)
2019-10-21 02:40:00,245 [346fa4f8-3ab8-43df-a502-3f4b9443122a@group-98ACF608DB4D-LeaderElection2] INFO  server.RaftServerConfigKeys (ConfUtils.java:logGet(43)) - raft.server.rpc.request.timeout = 3000ms (default)
2019-10-21 02:40:00,245 [346fa4f8-3ab8-43df-a502-3f4b9443122a@group-98ACF608DB4D-LeaderElection2] INFO  server.RaftServerConfigKeys (ConfUtils.java:logGet(43)) - raft.server.log.appender.install.snapshot.enabled = false (custom)
2019-10-21 02:40:00,249 [346fa4f8-3ab8-43df-a502-3f4b9443122a@group-98ACF608DB4D-LeaderElection2] INFO  impl.RoleInfo (RoleInfo.java:updateAndGet(143)) - 346fa4f8-3ab8-43df-a502-3f4b9443122a: start LeaderState
2019-10-21 02:40:00,249 [346fa4f8-3ab8-43df-a502-3f4b9443122a@group-98ACF608DB4D-LeaderElection2] INFO  segmented.SegmentedRaftLogWorker (SegmentedRaftLogWorker.java:startLogSegment(385)) - 346fa4f8-3ab8-43df-a502-3f4b9443122a@group-98ACF608DB4D-SegmentedRaftLogWorker: Starting segment from index:0
2019-10-21 02:40:00,250 [346fa4f8-3ab8-43df-a502-3f4b9443122a@group-98ACF608DB4D-LeaderElection2] INFO  impl.RaftServerImpl (ServerState.java:setRaftConf(356)) - 346fa4f8-3ab8-43df-a502-3f4b9443122a@group-98ACF608DB4D: set configuration 0: [d56bd5cd-a10f-47cc-a049-69cbb5837008:192.168.34.9:41391, 346fa4f8-3ab8-43df-a502-3f4b9443122a:192.168.34.9:34701, 0299b781-7796-45ba-9036-f37ef6071f27:192.168.34.9:33798], old=null at 0
2019-10-21 02:40:00,300 [grpc-default-executor-2] INFO  ratis.XceiverServerRatis (XceiverServerRatis.java:handleLeaderChangedNotification(701)) - Leader change notification received for group: group-98ACF608DB4D with new leaderId: 346fa4f8-3ab8-43df-a502-3f4b9443122a
2019-10-21 02:40:00,300 [grpc-default-executor-3] INFO  ratis.XceiverServerRatis (XceiverServerRatis.java:handleLeaderChangedNotification(701)) - Leader change notification received for group: group-98ACF608DB4D with new leaderId: 346fa4f8-3ab8-43df-a502-3f4b9443122a
2019-10-21 02:40:00,301 [grpc-default-executor-2] INFO  impl.RaftServerImpl (ServerState.java:setLeader(255)) - 0299b781-7796-45ba-9036-f37ef6071f27@group-98ACF608DB4D: change Leader from null to 346fa4f8-3ab8-43df-a502-3f4b9443122a at term 1 for appendEntries, leader elected after 5187ms
2019-10-21 02:40:00,301 [grpc-default-executor-3] INFO  impl.RaftServerImpl (ServerState.java:setLeader(255)) - d56bd5cd-a10f-47cc-a049-69cbb5837008@group-98ACF608DB4D: change Leader from null to 346fa4f8-3ab8-43df-a502-3f4b9443122a at term 1 for appendEntries, leader elected after 5188ms
2019-10-21 02:40:00,302 [EventQueue-PipelineReportForPipelineReportHandler] INFO  pipeline.PipelineReportHandler (PipelineReportHandler.java:processPipelineReport(105)) - Pipeline PipelineID=b247b7b0-bc56-4c4b-9e26-98acf608db4d reported by d56bd5cd-a10f-47cc-a049-69cbb5837008{ip: 192.168.34.9, host: pr-hdds-1868-8w4sl-2612808232, networkLocation: /default-rack, certSerialId: null} with leaderId 346fa4f8-3ab8-43df-a502-3f4b9443122a
2019-10-21 02:40:00,303 [EventQueue-PipelineReportForPipelineReportHandler] INFO  pipeline.PipelineReportHandler (PipelineReportHandler.java:processPipelineReport(105)) - Pipeline PipelineID=97291028-36d4-4e73-a998-87609fa8068c reported by d56bd5cd-a10f-47cc-a049-69cbb5837008{ip: 192.168.34.9, host: pr-hdds-1868-8w4sl-2612808232, networkLocation: /default-rack, certSerialId: null} with leaderId 
2019-10-21 02:40:00,303 [EventQueue-PipelineReportForPipelineReportHandler] INFO  pipeline.SCMPipelineManager (SCMPipelineManager.java:processReportedLeaderInfo(318)) - Opening pipeline PipelineID=97291028-36d4-4e73-a998-87609fa8068c with reported leader <ByteString@5358ceea size=0>
2019-10-21 02:40:00,303 [EventQueue-PipelineReportForPipelineReportHandler] INFO  pipeline.PipelineStateManager (PipelineStateManager.java:openPipeline(134)) - Pipeline Pipeline[ Id: 97291028-36d4-4e73-a998-87609fa8068c, Nodes: d56bd5cd-a10f-47cc-a049-69cbb5837008{ip: 192.168.34.9, host: pr-hdds-1868-8w4sl-2612808232, networkLocation: /default-rack, certSerialId: null}, Type:RATIS, Factor:ONE, State:OPEN] moved to OPEN state
2019-10-21 02:40:00,303 [EventQueue-PipelineReportForPipelineReportHandler] INFO  pipeline.PipelineReportHandler (PipelineReportHandler.java:processPipelineReport(105)) - Pipeline PipelineID=b247b7b0-bc56-4c4b-9e26-98acf608db4d reported by 0299b781-7796-45ba-9036-f37ef6071f27{ip: 192.168.34.9, host: pr-hdds-1868-8w4sl-2612808232, networkLocation: /default-rack, certSerialId: null} with leaderId 346fa4f8-3ab8-43df-a502-3f4b9443122a
2019-10-21 02:40:00,304 [EventQueue-PipelineReportForPipelineReportHandler] INFO  pipeline.SCMPipelineManager (SCMPipelineManager.java:processReportedLeaderInfo(318)) - Opening pipeline PipelineID=b247b7b0-bc56-4c4b-9e26-98acf608db4d with reported leader <ByteString@6591ba36 size=36>
2019-10-21 02:40:00,305 [EventQueue-PipelineReportForPipelineReportHandler] INFO  pipeline.PipelineStateManager (PipelineStateManager.java:openPipeline(134)) - Pipeline Pipeline[ Id: b247b7b0-bc56-4c4b-9e26-98acf608db4d, Nodes: 346fa4f8-3ab8-43df-a502-3f4b9443122a{ip: 192.168.34.9, host: pr-hdds-1868-8w4sl-2612808232, networkLocation: /default-rack, certSerialId: null}d56bd5cd-a10f-47cc-a049-69cbb5837008{ip: 192.168.34.9, host: pr-hdds-1868-8w4sl-2612808232, networkLocation: /default-rack, certSerialId: null}0299b781-7796-45ba-9036-f37ef6071f27{ip: 192.168.34.9, host: pr-hdds-1868-8w4sl-2612808232, networkLocation: /default-rack, certSerialId: null}, Type:RATIS, Factor:THREE, State:OPEN] moved to OPEN state
2019-10-21 02:40:00,318 [0299b781-7796-45ba-9036-f37ef6071f27@group-07C0FC85186C-SegmentedRaftLogWorker] INFO  segmented.SegmentedRaftLogWorker (SegmentedRaftLogWorker.java:execute(576)) - 0299b781-7796-45ba-9036-f37ef6071f27@group-07C0FC85186C-SegmentedRaftLogWorker: created new log segment /workdir/hadoop-ozone/integration-test/target/test-dir/MiniOzoneClusterImpl-0fab9602-85f6-488d-9219-5a9ff83e13af/datanode-2/data/ratis/b31aeaf8-2ff9-438d-af37-07c0fc85186c/current/log_inprogress_0
2019-10-21 02:40:00,318 [346fa4f8-3ab8-43df-a502-3f4b9443122a@group-98ACF608DB4D-SegmentedRaftLogWorker] INFO  segmented.SegmentedRaftLogWorker (SegmentedRaftLogWorker.java:execute(576)) - 346fa4f8-3ab8-43df-a502-3f4b9443122a@group-98ACF608DB4D-SegmentedRaftLogWorker: created new log segment /workdir/hadoop-ozone/integration-test/target/test-dir/MiniOzoneClusterImpl-0fab9602-85f6-488d-9219-5a9ff83e13af/datanode-1/data/ratis/b247b7b0-bc56-4c4b-9e26-98acf608db4d/current/log_inprogress_0
2019-10-21 02:40:00,333 [grpc-default-executor-2] INFO  impl.RaftServerImpl (ServerState.java:setRaftConf(356)) - d56bd5cd-a10f-47cc-a049-69cbb5837008@group-98ACF608DB4D: set configuration 0: [d56bd5cd-a10f-47cc-a049-69cbb5837008:192.168.34.9:41391, 346fa4f8-3ab8-43df-a502-3f4b9443122a:192.168.34.9:34701, 0299b781-7796-45ba-9036-f37ef6071f27:192.168.34.9:33798], old=null at 0
2019-10-21 02:40:00,333 [grpc-default-executor-3] INFO  impl.RaftServerImpl (ServerState.java:setRaftConf(356)) - 0299b781-7796-45ba-9036-f37ef6071f27@group-98ACF608DB4D: set configuration 0: [d56bd5cd-a10f-47cc-a049-69cbb5837008:192.168.34.9:41391, 346fa4f8-3ab8-43df-a502-3f4b9443122a:192.168.34.9:34701, 0299b781-7796-45ba-9036-f37ef6071f27:192.168.34.9:33798], old=null at 0
2019-10-21 02:40:00,333 [grpc-default-executor-2] INFO  segmented.SegmentedRaftLogWorker (SegmentedRaftLogWorker.java:startLogSegment(385)) - d56bd5cd-a10f-47cc-a049-69cbb5837008@group-98ACF608DB4D-SegmentedRaftLogWorker: Starting segment from index:0
2019-10-21 02:40:00,333 [grpc-default-executor-3] INFO  segmented.SegmentedRaftLogWorker (SegmentedRaftLogWorker.java:startLogSegment(385)) - 0299b781-7796-45ba-9036-f37ef6071f27@group-98ACF608DB4D-SegmentedRaftLogWorker: Starting segment from index:0
2019-10-21 02:40:00,389 [0299b781-7796-45ba-9036-f37ef6071f27@group-98ACF608DB4D-SegmentedRaftLogWorker] INFO  segmented.SegmentedRaftLogWorker (SegmentedRaftLogWorker.java:execute(576)) - 0299b781-7796-45ba-9036-f37ef6071f27@group-98ACF608DB4D-SegmentedRaftLogWorker: created new log segment /workdir/hadoop-ozone/integration-test/target/test-dir/MiniOzoneClusterImpl-0fab9602-85f6-488d-9219-5a9ff83e13af/datanode-2/data/ratis/b247b7b0-bc56-4c4b-9e26-98acf608db4d/current/log_inprogress_0
2019-10-21 02:40:00,389 [d56bd5cd-a10f-47cc-a049-69cbb5837008@group-98ACF608DB4D-SegmentedRaftLogWorker] INFO  segmented.SegmentedRaftLogWorker (SegmentedRaftLogWorker.java:execute(576)) - d56bd5cd-a10f-47cc-a049-69cbb5837008@group-98ACF608DB4D-SegmentedRaftLogWorker: created new log segment /workdir/hadoop-ozone/integration-test/target/test-dir/MiniOzoneClusterImpl-0fab9602-85f6-488d-9219-5a9ff83e13af/datanode-0/data/ratis/b247b7b0-bc56-4c4b-9e26-98acf608db4d/current/log_inprogress_0
2019-10-21 02:40:00,430 [Thread-231] INFO  impl.FollowerState (FollowerState.java:run(111)) - 346fa4f8-3ab8-43df-a502-3f4b9443122a@group-873CE24C946E-FollowerState: change to CANDIDATE, lastRpcTime:5194ms, electionTimeout:5194ms
2019-10-21 02:40:00,430 [Thread-231] INFO  impl.RoleInfo (RoleInfo.java:shutdownFollowerState(121)) - 346fa4f8-3ab8-43df-a502-3f4b9443122a: shutdown FollowerState
2019-10-21 02:40:00,430 [Thread-231] INFO  impl.RaftServerImpl (RaftServerImpl.java:setRole(173)) - 346fa4f8-3ab8-43df-a502-3f4b9443122a@group-873CE24C946E: changes role from  FOLLOWER to CANDIDATE at term 0 for changeToCandidate
2019-10-21 02:40:00,430 [Thread-231] INFO  impl.RoleInfo (RoleInfo.java:updateAndGet(143)) - 346fa4f8-3ab8-43df-a502-3f4b9443122a: start LeaderElection
2019-10-21 02:40:00,432 [Thread-235] INFO  impl.FollowerState (FollowerState.java:run(111)) - d56bd5cd-a10f-47cc-a049-69cbb5837008@group-87609FA8068C-FollowerState: change to CANDIDATE, lastRpcTime:5087ms, electionTimeout:5087ms
2019-10-21 02:40:00,433 [Thread-235] INFO  impl.RoleInfo (RoleInfo.java:shutdownFollowerState(121)) - d56bd5cd-a10f-47cc-a049-69cbb5837008: shutdown FollowerState
2019-10-21 02:40:00,433 [Thread-235] INFO  impl.RaftServerImpl (RaftServerImpl.java:setRole(173)) - d56bd5cd-a10f-47cc-a049-69cbb5837008@group-87609FA8068C: changes role from  FOLLOWER to CANDIDATE at term 0 for changeToCandidate
2019-10-21 02:40:00,433 [Thread-235] INFO  impl.RoleInfo (RoleInfo.java:updateAndGet(143)) - d56bd5cd-a10f-47cc-a049-69cbb5837008: start LeaderElection
2019-10-21 02:40:00,458 [346fa4f8-3ab8-43df-a502-3f4b9443122a@group-873CE24C946E-LeaderElection4] INFO  impl.LeaderElection (LeaderElection.java:askForVotes(178)) - 346fa4f8-3ab8-43df-a502-3f4b9443122a@group-873CE24C946E-LeaderElection4: begin an election at term 1 for -1: [346fa4f8-3ab8-43df-a502-3f4b9443122a:192.168.34.9:34701], old=null
2019-10-21 02:40:00,458 [d56bd5cd-a10f-47cc-a049-69cbb5837008@group-87609FA8068C-LeaderElection5] INFO  impl.LeaderElection (LeaderElection.java:askForVotes(178)) - d56bd5cd-a10f-47cc-a049-69cbb5837008@group-87609FA8068C-LeaderElection5: begin an election at term 1 for -1: [d56bd5cd-a10f-47cc-a049-69cbb5837008:192.168.34.9:41391], old=null
2019-10-21 02:40:00,459 [346fa4f8-3ab8-43df-a502-3f4b9443122a@group-873CE24C946E-LeaderElection4] INFO  impl.RoleInfo (RoleInfo.java:shutdownLeaderElection(134)) - 346fa4f8-3ab8-43df-a502-3f4b9443122a: shutdown LeaderElection
2019-10-21 02:40:00,459 [d56bd5cd-a10f-47cc-a049-69cbb5837008@group-87609FA8068C-LeaderElection5] INFO  impl.RoleInfo (RoleInfo.java:shutdownLeaderElection(134)) - d56bd5cd-a10f-47cc-a049-69cbb5837008: shutdown LeaderElection
2019-10-21 02:40:00,459 [346fa4f8-3ab8-43df-a502-3f4b9443122a@group-873CE24C946E-LeaderElection4] INFO  impl.RaftServerImpl (RaftServerImpl.java:setRole(173)) - 346fa4f8-3ab8-43df-a502-3f4b9443122a@group-873CE24C946E: changes role from CANDIDATE to LEADER at term 1 for changeToLeader
2019-10-21 02:40:00,459 [d56bd5cd-a10f-47cc-a049-69cbb5837008@group-87609FA8068C-LeaderElection5] INFO  impl.RaftServerImpl (RaftServerImpl.java:setRole(173)) - d56bd5cd-a10f-47cc-a049-69cbb5837008@group-87609FA8068C: changes role from CANDIDATE to LEADER at term 1 for changeToLeader
2019-10-21 02:40:00,459 [346fa4f8-3ab8-43df-a502-3f4b9443122a@group-873CE24C946E-LeaderElection4] INFO  ratis.XceiverServerRatis (XceiverServerRatis.java:handleLeaderChangedNotification(701)) - Leader change notification received for group: group-873CE24C946E with new leaderId: 346fa4f8-3ab8-43df-a502-3f4b9443122a
2019-10-21 02:40:00,459 [d56bd5cd-a10f-47cc-a049-69cbb5837008@group-87609FA8068C-LeaderElection5] INFO  ratis.XceiverServerRatis (XceiverServerRatis.java:handleLeaderChangedNotification(701)) - Leader change notification received for group: group-87609FA8068C with new leaderId: d56bd5cd-a10f-47cc-a049-69cbb5837008
2019-10-21 02:40:00,460 [346fa4f8-3ab8-43df-a502-3f4b9443122a@group-873CE24C946E-LeaderElection4] INFO  impl.RaftServerImpl (ServerState.java:setLeader(255)) - 346fa4f8-3ab8-43df-a502-3f4b9443122a@group-873CE24C946E: change Leader from null to 346fa4f8-3ab8-43df-a502-3f4b9443122a at term 1 for becomeLeader, leader elected after 5229ms
2019-10-21 02:40:00,460 [d56bd5cd-a10f-47cc-a049-69cbb5837008@group-87609FA8068C-LeaderElection5] INFO  impl.RaftServerImpl (ServerState.java:setLeader(255)) - d56bd5cd-a10f-47cc-a049-69cbb5837008@group-87609FA8068C: change Leader from null to d56bd5cd-a10f-47cc-a049-69cbb5837008 at term 1 for becomeLeader, leader elected after 5120ms
2019-10-21 02:40:00,460 [346fa4f8-3ab8-43df-a502-3f4b9443122a@group-873CE24C946E-LeaderElection4] INFO  server.RaftServerConfigKeys (ConfUtils.java:logGet(43)) - raft.server.staging.catchup.gap = 1000 (default)
2019-10-21 02:40:00,460 [d56bd5cd-a10f-47cc-a049-69cbb5837008@group-87609FA8068C-LeaderElection5] INFO  server.RaftServerConfigKeys (ConfUtils.java:logGet(43)) - raft.server.staging.catchup.gap = 1000 (default)
2019-10-21 02:40:00,460 [346fa4f8-3ab8-43df-a502-3f4b9443122a@group-873CE24C946E-LeaderElection4] INFO  server.RaftServerConfigKeys (ConfUtils.java:logGet(43)) - raft.server.rpc.sleep.time = 25ms (default)
2019-10-21 02:40:00,460 [d56bd5cd-a10f-47cc-a049-69cbb5837008@group-87609FA8068C-LeaderElection5] INFO  server.RaftServerConfigKeys (ConfUtils.java:logGet(43)) - raft.server.rpc.sleep.time = 25ms (default)
2019-10-21 02:40:00,461 [346fa4f8-3ab8-43df-a502-3f4b9443122a@group-873CE24C946E-LeaderElection4] INFO  server.RaftServerConfigKeys (ConfUtils.java:logGet(43)) - raft.server.write.element-limit = 4096 (default)
2019-10-21 02:40:00,461 [d56bd5cd-a10f-47cc-a049-69cbb5837008@group-87609FA8068C-LeaderElection5] INFO  server.RaftServerConfigKeys (ConfUtils.java:logGet(43)) - raft.server.write.element-limit = 4096 (default)
2019-10-21 02:40:00,461 [346fa4f8-3ab8-43df-a502-3f4b9443122a@group-873CE24C946E-LeaderElection4] INFO  server.RaftServerConfigKeys (ConfUtils.java:logGet(43)) - raft.server.watch.timeout = 10s (default)
2019-10-21 02:40:00,461 [d56bd5cd-a10f-47cc-a049-69cbb5837008@group-87609FA8068C-LeaderElection5] INFO  server.RaftServerConfigKeys (ConfUtils.java:logGet(43)) - raft.server.watch.timeout = 10s (default)
2019-10-21 02:40:00,461 [346fa4f8-3ab8-43df-a502-3f4b9443122a@group-873CE24C946E-LeaderElection4] INFO  server.RaftServerConfigKeys (ConfUtils.java:logGet(43)) - raft.server.watch.timeout.denomination = 1s (default)
2019-10-21 02:40:00,461 [d56bd5cd-a10f-47cc-a049-69cbb5837008@group-87609FA8068C-LeaderElection5] INFO  server.RaftServerConfigKeys (ConfUtils.java:logGet(43)) - raft.server.watch.timeout.denomination = 1s (default)
2019-10-21 02:40:00,461 [346fa4f8-3ab8-43df-a502-3f4b9443122a@group-873CE24C946E-LeaderElection4] INFO  server.RaftServerConfigKeys (ConfUtils.java:logGet(43)) - raft.server.watch.element-limit = 65536 (default)
2019-10-21 02:40:00,462 [d56bd5cd-a10f-47cc-a049-69cbb5837008@group-87609FA8068C-LeaderElection5] INFO  server.RaftServerConfigKeys (ConfUtils.java:logGet(43)) - raft.server.watch.element-limit = 65536 (default)
2019-10-21 02:40:00,462 [346fa4f8-3ab8-43df-a502-3f4b9443122a@group-873CE24C946E-LeaderElection4] INFO  impl.RoleInfo (RoleInfo.java:updateAndGet(143)) - 346fa4f8-3ab8-43df-a502-3f4b9443122a: start LeaderState
2019-10-21 02:40:00,462 [d56bd5cd-a10f-47cc-a049-69cbb5837008@group-87609FA8068C-LeaderElection5] INFO  impl.RoleInfo (RoleInfo.java:updateAndGet(143)) - d56bd5cd-a10f-47cc-a049-69cbb5837008: start LeaderState
2019-10-21 02:40:00,462 [346fa4f8-3ab8-43df-a502-3f4b9443122a@group-873CE24C946E-LeaderElection4] INFO  segmented.SegmentedRaftLogWorker (SegmentedRaftLogWorker.java:startLogSegment(385)) - 346fa4f8-3ab8-43df-a502-3f4b9443122a@group-873CE24C946E-SegmentedRaftLogWorker: Starting segment from index:0
2019-10-21 02:40:00,462 [d56bd5cd-a10f-47cc-a049-69cbb5837008@group-87609FA8068C-LeaderElection5] INFO  segmented.SegmentedRaftLogWorker (SegmentedRaftLogWorker.java:startLogSegment(385)) - d56bd5cd-a10f-47cc-a049-69cbb5837008@group-87609FA8068C-SegmentedRaftLogWorker: Starting segment from index:0
2019-10-21 02:40:00,463 [346fa4f8-3ab8-43df-a502-3f4b9443122a@group-873CE24C946E-LeaderElection4] INFO  impl.RaftServerImpl (ServerState.java:setRaftConf(356)) - 346fa4f8-3ab8-43df-a502-3f4b9443122a@group-873CE24C946E: set configuration 0: [346fa4f8-3ab8-43df-a502-3f4b9443122a:192.168.34.9:34701], old=null at 0
2019-10-21 02:40:00,463 [d56bd5cd-a10f-47cc-a049-69cbb5837008@group-87609FA8068C-LeaderElection5] INFO  impl.RaftServerImpl (ServerState.java:setRaftConf(356)) - d56bd5cd-a10f-47cc-a049-69cbb5837008@group-87609FA8068C: set configuration 0: [d56bd5cd-a10f-47cc-a049-69cbb5837008:192.168.34.9:41391], old=null at 0
2019-10-21 02:40:00,533 [d56bd5cd-a10f-47cc-a049-69cbb5837008@group-87609FA8068C-SegmentedRaftLogWorker] INFO  segmented.SegmentedRaftLogWorker (SegmentedRaftLogWorker.java:execute(576)) - d56bd5cd-a10f-47cc-a049-69cbb5837008@group-87609FA8068C-SegmentedRaftLogWorker: created new log segment /workdir/hadoop-ozone/integration-test/target/test-dir/MiniOzoneClusterImpl-0fab9602-85f6-488d-9219-5a9ff83e13af/datanode-0/data/ratis/97291028-36d4-4e73-a998-87609fa8068c/current/log_inprogress_0
2019-10-21 02:40:00,533 [346fa4f8-3ab8-43df-a502-3f4b9443122a@group-873CE24C946E-SegmentedRaftLogWorker] INFO  segmented.SegmentedRaftLogWorker (SegmentedRaftLogWorker.java:execute(576)) - 346fa4f8-3ab8-43df-a502-3f4b9443122a@group-873CE24C946E-SegmentedRaftLogWorker: created new log segment /workdir/hadoop-ozone/integration-test/target/test-dir/MiniOzoneClusterImpl-0fab9602-85f6-488d-9219-5a9ff83e13af/datanode-1/data/ratis/19355d2c-d79a-456f-b20b-873ce24c946e/current/log_inprogress_0
2019-10-21 02:40:00,922 [main] INFO  ozone.MiniOzoneClusterImpl (MiniOzoneClusterImpl.java:lambda$waitForClusterToBeReady$2(170)) - Cluster is ready. Got 3 of 3 DN Heartbeats.
2019-10-21 02:40:01,798 [main] INFO  rpc.RpcClient (RpcClient.java:createVolume(272)) - Creating Volume: testcontainerstatemachinefailures, with jenkins1000 as owner.
2019-10-21 02:40:01,900 [IPC Server handler 3 on 36995] INFO  volume.OMVolumeCreateRequest (OMVolumeCreateRequest.java:validateAndUpdateCache(193)) - created volume:testcontainerstatemachinefailures for user:jenkins1000
2019-10-21 02:40:01,932 [main] INFO  rpc.RpcClient (RpcClient.java:createBucket(411)) - Creating Bucket: testcontainerstatemachinefailures/testcontainerstatemachinefailures, with Versioning false and Storage Type set to DISK and Encryption set to false 
2019-10-21 02:40:02,087 [main] INFO  impl.MetricsSystemImpl (MetricsSystemImpl.java:init(158)) - XceiverClientMetrics metrics system started (again)
2019-10-21 02:40:02,679 [Datanode State Machine Thread - 0] INFO  statemachine.DatanodeStateMachine (DatanodeStateMachine.java:lambda$startDaemon$0(350)) - Ozone container server started.
2019-10-21 02:40:07,595 [main] INFO  ozoneimpl.OzoneContainer (OzoneContainer.java:stop(227)) - Attempting to stop container services.
2019-10-21 02:40:07,597 [main] INFO  impl.RaftServerProxy (RaftServerProxy.java:lambda$close$4(314)) - 0299b781-7796-45ba-9036-f37ef6071f27: close
2019-10-21 02:40:07,599 [main] INFO  impl.RaftServerImpl (RaftServerImpl.java:lambda$shutdown$3(250)) - 0299b781-7796-45ba-9036-f37ef6071f27@group-98ACF608DB4D: shutdown
2019-10-21 02:40:07,599 [ForkJoinPool.commonPool-worker-1] INFO  impl.RaftServerImpl (RaftServerImpl.java:lambda$shutdown$3(250)) - 0299b781-7796-45ba-9036-f37ef6071f27@group-07C0FC85186C: shutdown
2019-10-21 02:40:07,599 [main] INFO  util.JmxRegister (JmxRegister.java:unregister(73)) - Successfully un-registered JMX Bean with object name Ratis:service=RaftServer,group=group-98ACF608DB4D,id=0299b781-7796-45ba-9036-f37ef6071f27
2019-10-21 02:40:07,600 [ForkJoinPool.commonPool-worker-1] INFO  util.JmxRegister (JmxRegister.java:unregister(73)) - Successfully un-registered JMX Bean with object name Ratis:service=RaftServer,group=group-07C0FC85186C,id=0299b781-7796-45ba-9036-f37ef6071f27
2019-10-21 02:40:07,600 [main] INFO  impl.RoleInfo (RoleInfo.java:shutdownFollowerState(121)) - 0299b781-7796-45ba-9036-f37ef6071f27: shutdown FollowerState
2019-10-21 02:40:07,600 [ForkJoinPool.commonPool-worker-1] INFO  impl.RoleInfo (RoleInfo.java:shutdownLeaderState(104)) - 0299b781-7796-45ba-9036-f37ef6071f27: shutdown LeaderState
2019-10-21 02:40:07,600 [main] INFO  impl.StateMachineUpdater (StateMachineUpdater.java:stopAndJoin(136)) - 0299b781-7796-45ba-9036-f37ef6071f27@group-98ACF608DB4D-StateMachineUpdater: set stopIndex = 4
2019-10-21 02:40:07,602 [Thread-252] INFO  impl.FollowerState (FollowerState.java:run(120)) - 0299b781-7796-45ba-9036-f37ef6071f27@group-98ACF608DB4D-FollowerState was interrupted: java.lang.InterruptedException: sleep interrupted
2019-10-21 02:40:07,603 [0299b781-7796-45ba-9036-f37ef6071f27@group-98ACF608DB4D-StateMachineUpdater] INFO  ratis.ContainerStateMachine (ContainerStateMachine.java:takeSnapshot(296)) - group-98ACF608DB4D: Taking a snapshot at:(t:1, i:3) file /workdir/hadoop-ozone/integration-test/target/test-dir/MiniOzoneClusterImpl-0fab9602-85f6-488d-9219-5a9ff83e13af/datanode-2/data/ratis/b247b7b0-bc56-4c4b-9e26-98acf608db4d/sm/snapshot.1_3
2019-10-21 02:40:07,605 [ForkJoinPool.commonPool-worker-1] INFO  impl.PendingRequests (PendingRequests.java:sendNotLeaderResponses(206)) - 0299b781-7796-45ba-9036-f37ef6071f27@group-07C0FC85186C-PendingRequests: sendNotLeaderResponses
2019-10-21 02:40:07,609 [ForkJoinPool.commonPool-worker-1] INFO  impl.StateMachineUpdater (StateMachineUpdater.java:stopAndJoin(136)) - 0299b781-7796-45ba-9036-f37ef6071f27@group-07C0FC85186C-StateMachineUpdater: set stopIndex = 0
2019-10-21 02:40:07,611 [ForkJoinPool.commonPool-worker-1] INFO  impl.RaftServerImpl (ServerState.java:close(387)) - 0299b781-7796-45ba-9036-f37ef6071f27@group-07C0FC85186C: closes. applyIndex: 0
2019-10-21 02:40:07,612 [0299b781-7796-45ba-9036-f37ef6071f27@group-07C0FC85186C-SegmentedRaftLogWorker] INFO  segmented.SegmentedRaftLogWorker (SegmentedRaftLogWorker.java:run(316)) - 0299b781-7796-45ba-9036-f37ef6071f27@group-07C0FC85186C-SegmentedRaftLogWorker was interrupted, exiting. There are 0 tasks remaining in the queue.
2019-10-21 02:40:07,614 [ForkJoinPool.commonPool-worker-1] INFO  segmented.SegmentedRaftLogWorker (SegmentedRaftLogWorker.java:close(224)) - 0299b781-7796-45ba-9036-f37ef6071f27@group-07C0FC85186C-SegmentedRaftLogWorker close()
2019-10-21 02:40:07,732 [0299b781-7796-45ba-9036-f37ef6071f27@group-98ACF608DB4D-StateMachineUpdater] INFO  ratis.ContainerStateMachine (ContainerStateMachine.java:takeSnapshot(307)) - group-98ACF608DB4D: Finished taking a snapshot at:(t:1, i:3) file:/workdir/hadoop-ozone/integration-test/target/test-dir/MiniOzoneClusterImpl-0fab9602-85f6-488d-9219-5a9ff83e13af/datanode-2/data/ratis/b247b7b0-bc56-4c4b-9e26-98acf608db4d/sm/snapshot.1_3 time:131
2019-10-21 02:40:07,734 [0299b781-7796-45ba-9036-f37ef6071f27@group-98ACF608DB4D-StateMachineUpdater] INFO  impl.StateMachineUpdater (StateMachineUpdater.java:takeSnapshot(269)) - 0299b781-7796-45ba-9036-f37ef6071f27@group-98ACF608DB4D-StateMachineUpdater: Took a snapshot at index 3
2019-10-21 02:40:07,735 [0299b781-7796-45ba-9036-f37ef6071f27@group-98ACF608DB4D-StateMachineUpdater] INFO  impl.StateMachineUpdater (StateMachineUpdater.java:lambda$new$0(84)) - 0299b781-7796-45ba-9036-f37ef6071f27@group-98ACF608DB4D-StateMachineUpdater: snapshotIndex: updateIncreasingly -1 -> 3
2019-10-21 02:40:07,744 [0299b781-7796-45ba-9036-f37ef6071f27@group-98ACF608DB4D-StateMachineUpdater] INFO  ratis.ContainerStateMachine (ContainerStateMachine.java:takeSnapshot(296)) - group-98ACF608DB4D: Taking a snapshot at:(t:1, i:3) file /workdir/hadoop-ozone/integration-test/target/test-dir/MiniOzoneClusterImpl-0fab9602-85f6-488d-9219-5a9ff83e13af/datanode-2/data/ratis/b247b7b0-bc56-4c4b-9e26-98acf608db4d/sm/snapshot.1_3
2019-10-21 02:40:07,765 [0299b781-7796-45ba-9036-f37ef6071f27@group-98ACF608DB4D-StateMachineUpdater] INFO  ratis.ContainerStateMachine (ContainerStateMachine.java:takeSnapshot(307)) - group-98ACF608DB4D: Finished taking a snapshot at:(t:1, i:3) file:/workdir/hadoop-ozone/integration-test/target/test-dir/MiniOzoneClusterImpl-0fab9602-85f6-488d-9219-5a9ff83e13af/datanode-2/data/ratis/b247b7b0-bc56-4c4b-9e26-98acf608db4d/sm/snapshot.1_3 time:21
2019-10-21 02:40:07,765 [0299b781-7796-45ba-9036-f37ef6071f27@group-98ACF608DB4D-StateMachineUpdater] INFO  impl.StateMachineUpdater (StateMachineUpdater.java:takeSnapshot(269)) - 0299b781-7796-45ba-9036-f37ef6071f27@group-98ACF608DB4D-StateMachineUpdater: Took a snapshot at index 3
2019-10-21 02:40:07,765 [0299b781-7796-45ba-9036-f37ef6071f27@group-98ACF608DB4D-StateMachineUpdater] INFO  impl.StateMachineUpdater (StateMachineUpdater.java:lambda$new$0(84)) - 0299b781-7796-45ba-9036-f37ef6071f27@group-98ACF608DB4D-StateMachineUpdater: snapshotIndex: updateIncreasingly 3 -> 3
2019-10-21 02:40:07,766 [main] INFO  impl.RaftServerImpl (ServerState.java:close(387)) - 0299b781-7796-45ba-9036-f37ef6071f27@group-98ACF608DB4D: closes. applyIndex: 4
2019-10-21 02:40:07,767 [0299b781-7796-45ba-9036-f37ef6071f27@group-98ACF608DB4D-SegmentedRaftLogWorker] INFO  segmented.SegmentedRaftLogWorker (SegmentedRaftLogWorker.java:run(316)) - 0299b781-7796-45ba-9036-f37ef6071f27@group-98ACF608DB4D-SegmentedRaftLogWorker was interrupted, exiting. There are 0 tasks remaining in the queue.
2019-10-21 02:40:07,768 [main] INFO  segmented.SegmentedRaftLogWorker (SegmentedRaftLogWorker.java:close(224)) - 0299b781-7796-45ba-9036-f37ef6071f27@group-98ACF608DB4D-SegmentedRaftLogWorker close()
2019-10-21 02:40:07,770 [main] INFO  server.GrpcService (GrpcService.java:closeImpl(164)) - 0299b781-7796-45ba-9036-f37ef6071f27: shutdown server with port 33798 now
2019-10-21 02:40:07,783 [grpc-default-executor-3] WARN  server.GrpcServerProtocolService (LogUtils.java:warn(134)) - 0299b781-7796-45ba-9036-f37ef6071f27: installSnapshot onError, lastRequest: 346fa4f8-3ab8-43df-a502-3f4b9443122a->0299b781-7796-45ba-9036-f37ef6071f27#7-t1, previous=(t:1, i:4), leaderCommit=4, initializing? false, entries: <empty>: org.apache.ratis.thirdparty.io.grpc.StatusRuntimeException: CANCELLED: cancelled before receiving half close
2019-10-21 02:40:07,784 [grpc-default-executor-2] WARN  server.GrpcLogAppender (LogUtils.java:warn(134)) - 346fa4f8-3ab8-43df-a502-3f4b9443122a@group-98ACF608DB4D->0299b781-7796-45ba-9036-f37ef6071f27-AppendLogResponseHandler: Failed appendEntries: org.apache.ratis.thirdparty.io.grpc.StatusRuntimeException: CANCELLED: HTTP/2 error code: CANCEL
Received Rst Stream
2019-10-21 02:40:07,784 [main] INFO  server.GrpcService (GrpcService.java:closeImpl(172)) - 0299b781-7796-45ba-9036-f37ef6071f27: shutdown server with port 33798 successfully
2019-10-21 02:40:07,800 [refreshUsed-/workdir/hadoop-ozone/integration-test/target/test-dir/MiniOzoneClusterImpl-0fab9602-85f6-488d-9219-5a9ff83e13af/datanode-2/data/containers] WARN  fs.CachingGetSpaceUsed (CachingGetSpaceUsed.java:run(183)) - Thread Interrupted waiting to refresh disk information: sleep interrupted
2019-10-21 02:40:07,824 [main] INFO  utils.BackgroundService (BackgroundService.java:shutdown(151)) - Shutting down service BlockDeletingService
2019-10-21 02:40:07,829 [main] INFO  statemachine.DatanodeStateMachine (DatanodeStateMachine.java:stopDaemon(395)) - Ozone container server stopped.
2019-10-21 02:40:07,835 [main] INFO  handler.ContextHandler (ContextHandler.java:doStop(910)) - Stopped o.e.j.w.WebAppContext@26c47874{/,null,UNAVAILABLE}{/hddsDatanode}
2019-10-21 02:40:07,842 [main] INFO  server.AbstractConnector (AbstractConnector.java:doStop(318)) - Stopped ServerConnector@421056e5{HTTP/1.1,[http/1.1]}{0.0.0.0:0}
2019-10-21 02:40:07,843 [main] INFO  handler.ContextHandler (ContextHandler.java:doStop(910)) - Stopped o.e.j.s.ServletContextHandler@60f70249{/static,jar:file:/home/user/.m2/repository/org/apache/hadoop/hadoop-hdds-container-service/0.5.0-SNAPSHOT/hadoop-hdds-container-service-0.5.0-SNAPSHOT.jar!/webapps/static,UNAVAILABLE}
2019-10-21 02:40:07,843 [main] INFO  handler.ContextHandler (ContextHandler.java:doStop(910)) - Stopped o.e.j.s.ServletContextHandler@10a0fe30{/logs,file:///workdir/hadoop-ozone/integration-test/target/log,UNAVAILABLE}
2019-10-21 02:40:10,855 [java.util.concurrent.ThreadPoolExecutor$Worker@411a2772[State = -1, empty queue]] WARN  server.GrpcLogAppender (GrpcLogAppender.java:timeoutAppendRequest(209)) - 346fa4f8-3ab8-43df-a502-3f4b9443122a@group-98ACF608DB4D->0299b781-7796-45ba-9036-f37ef6071f27-GrpcLogAppender: appendEntries Timeout, request=346fa4f8-3ab8-43df-a502-3f4b9443122a->0299b781-7796-45ba-9036-f37ef6071f27#8-t1, previous=(t:1, i:4), leaderCommit=4, initializing? false, entries: size=1, first=(t:1, i:5), STATEMACHINELOGENTRY, client-A91BDCACAE43, cid=20
2019-10-21 02:40:10,857 [java.util.concurrent.ThreadPoolExecutor$Worker@411a2772[State = -1, empty queue]] WARN  server.GrpcLogAppender (GrpcLogAppender.java:timeoutAppendRequest(209)) - 346fa4f8-3ab8-43df-a502-3f4b9443122a@group-98ACF608DB4D->0299b781-7796-45ba-9036-f37ef6071f27-GrpcLogAppender: appendEntries Timeout, request=346fa4f8-3ab8-43df-a502-3f4b9443122a->0299b781-7796-45ba-9036-f37ef6071f27#9-t1, previous=(t:1, i:5), leaderCommit=4, initializing? false, entries: size=1, first=(t:1, i:6), STATEMACHINELOGENTRY, client-A91BDCACAE43, cid=21
2019-10-21 02:40:10,876 [java.util.concurrent.ThreadPoolExecutor$Worker@411a2772[State = -1, empty queue]] WARN  server.GrpcLogAppender (GrpcLogAppender.java:timeoutAppendRequest(209)) - 346fa4f8-3ab8-43df-a502-3f4b9443122a@group-98ACF608DB4D->0299b781-7796-45ba-9036-f37ef6071f27-GrpcLogAppender: appendEntries Timeout, request=346fa4f8-3ab8-43df-a502-3f4b9443122a->0299b781-7796-45ba-9036-f37ef6071f27#10-t1, previous=(t:1, i:6), leaderCommit=6, initializing? false, entries: size=1, first=(t:1, i:7), METADATAENTRY(c5)
2019-10-21 02:40:10,876 [java.util.concurrent.ThreadPoolExecutor$Worker@411a2772[State = -1, empty queue]] WARN  server.GrpcLogAppender (GrpcLogAppender.java:timeoutAppendRequest(209)) - 346fa4f8-3ab8-43df-a502-3f4b9443122a@group-98ACF608DB4D->0299b781-7796-45ba-9036-f37ef6071f27-GrpcLogAppender: appendEntries Timeout, request=346fa4f8-3ab8-43df-a502-3f4b9443122a->0299b781-7796-45ba-9036-f37ef6071f27#11-t1, previous=(t:1, i:7), leaderCommit=6, initializing? false, entries: size=1, first=(t:1, i:8), METADATAENTRY(c6)
2019-10-21 02:40:13,378 [java.util.concurrent.ThreadPoolExecutor$Worker@411a2772[State = -1, empty queue]] WARN  server.GrpcLogAppender (GrpcLogAppender.java:timeoutAppendRequest(209)) - 346fa4f8-3ab8-43df-a502-3f4b9443122a@group-98ACF608DB4D->0299b781-7796-45ba-9036-f37ef6071f27-GrpcLogAppender: appendEntries Timeout, request=346fa4f8-3ab8-43df-a502-3f4b9443122a->0299b781-7796-45ba-9036-f37ef6071f27#12-t1, previous=(t:1, i:8), leaderCommit=8, initializing? false, entries: <empty>
2019-10-21 02:40:15,879 [java.util.concurrent.ThreadPoolExecutor$Worker@411a2772[State = -1, empty queue]] WARN  server.GrpcLogAppender (GrpcLogAppender.java:timeoutAppendRequest(209)) - 346fa4f8-3ab8-43df-a502-3f4b9443122a@group-98ACF608DB4D->0299b781-7796-45ba-9036-f37ef6071f27-GrpcLogAppender: appendEntries Timeout, request=346fa4f8-3ab8-43df-a502-3f4b9443122a->0299b781-7796-45ba-9036-f37ef6071f27#13-t1, previous=(t:1, i:8), leaderCommit=8, initializing? false, entries: <empty>
2019-10-21 02:40:16,913 [Thread-305] INFO  client.GrpcClientProtocolService (GrpcClientProtocolService.java:lambda$processClientRequest$0(279)) - Failed RaftClientRequest:client-A91BDCACAE43->d56bd5cd-a10f-47cc-a049-69cbb5837008@group-98ACF608DB4D, cid=22, seq=0, Watch-ALL_COMMITTED(6), Message:<EMPTY>, reply=RaftClientReply:client-A91BDCACAE43->d56bd5cd-a10f-47cc-a049-69cbb5837008@group-98ACF608DB4D, cid=22, FAILED org.apache.ratis.protocol.NotLeaderException: Server d56bd5cd-a10f-47cc-a049-69cbb5837008@group-98ACF608DB4D is not the leader 346fa4f8-3ab8-43df-a502-3f4b9443122a:192.168.34.9:34701, logIndex=0, commits[d56bd5cd-a10f-47cc-a049-69cbb5837008:c8, 346fa4f8-3ab8-43df-a502-3f4b9443122a:c8, 0299b781-7796-45ba-9036-f37ef6071f27:c4]
2019-10-21 02:40:18,380 [java.util.concurrent.ThreadPoolExecutor$Worker@411a2772[State = -1, empty queue]] WARN  server.GrpcLogAppender (GrpcLogAppender.java:timeoutAppendRequest(209)) - 346fa4f8-3ab8-43df-a502-3f4b9443122a@group-98ACF608DB4D->0299b781-7796-45ba-9036-f37ef6071f27-GrpcLogAppender: appendEntries Timeout, request=346fa4f8-3ab8-43df-a502-3f4b9443122a->0299b781-7796-45ba-9036-f37ef6071f27#14-t1, previous=(t:1, i:8), leaderCommit=8, initializing? false, entries: <empty>
2019-10-21 02:40:18,760 [Thread-309] INFO  client.GrpcClientProtocolService (GrpcClientProtocolService.java:lambda$processClientRequest$0(279)) - Failed RaftClientRequest:client-A91BDCACAE43->346fa4f8-3ab8-43df-a502-3f4b9443122a@group-98ACF608DB4D, cid=22, seq=0, Watch-ALL_COMMITTED(6), Message:<EMPTY>, reply=RaftClientReply:client-A91BDCACAE43->346fa4f8-3ab8-43df-a502-3f4b9443122a@group-98ACF608DB4D, cid=22, FAILED org.apache.ratis.protocol.NotReplicatedException: Request with call Id 22 and log index 6 is not yet replicated to ALL_COMMITTED, logIndex=6, commits[346fa4f8-3ab8-43df-a502-3f4b9443122a:c8, d56bd5cd-a10f-47cc-a049-69cbb5837008:c8, 0299b781-7796-45ba-9036-f37ef6071f27:c4]
2019-10-21 02:40:20,881 [java.util.concurrent.ThreadPoolExecutor$Worker@411a2772[State = -1, empty queue]] WARN  server.GrpcLogAppender (GrpcLogAppender.java:timeoutAppendRequest(209)) - 346fa4f8-3ab8-43df-a502-3f4b9443122a@group-98ACF608DB4D->0299b781-7796-45ba-9036-f37ef6071f27-GrpcLogAppender: appendEntries Timeout, request=346fa4f8-3ab8-43df-a502-3f4b9443122a->0299b781-7796-45ba-9036-f37ef6071f27#15-t1, previous=(t:1, i:8), leaderCommit=8, initializing? false, entries: <empty>
2019-10-21 02:40:23,383 [java.util.concurrent.ThreadPoolExecutor$Worker@411a2772[State = -1, empty queue]] WARN  server.GrpcLogAppender (GrpcLogAppender.java:timeoutAppendRequest(209)) - 346fa4f8-3ab8-43df-a502-3f4b9443122a@group-98ACF608DB4D->0299b781-7796-45ba-9036-f37ef6071f27-GrpcLogAppender: appendEntries Timeout, request=346fa4f8-3ab8-43df-a502-3f4b9443122a->0299b781-7796-45ba-9036-f37ef6071f27#16-t1, previous=(t:1, i:8), leaderCommit=8, initializing? false, entries: <empty>
2019-10-21 02:40:25,884 [java.util.concurrent.ThreadPoolExecutor$Worker@411a2772[State = -1, empty queue]] WARN  server.GrpcLogAppender (GrpcLogAppender.java:timeoutAppendRequest(209)) - 346fa4f8-3ab8-43df-a502-3f4b9443122a@group-98ACF608DB4D->0299b781-7796-45ba-9036-f37ef6071f27-GrpcLogAppender: appendEntries Timeout, request=346fa4f8-3ab8-43df-a502-3f4b9443122a->0299b781-7796-45ba-9036-f37ef6071f27#17-t1, previous=(t:1, i:8), leaderCommit=8, initializing? false, entries: <empty>
2019-10-21 02:40:26,985 [Thread-317] INFO  client.GrpcClientProtocolService (GrpcClientProtocolService.java:lambda$processClientRequest$0(279)) - Failed RaftClientRequest:client-A91BDCACAE43->d56bd5cd-a10f-47cc-a049-69cbb5837008@group-98ACF608DB4D, cid=22, seq=0, Watch-ALL_COMMITTED(6), Message:<EMPTY>, reply=RaftClientReply:client-A91BDCACAE43->d56bd5cd-a10f-47cc-a049-69cbb5837008@group-98ACF608DB4D, cid=22, FAILED org.apache.ratis.protocol.NotLeaderException: Server d56bd5cd-a10f-47cc-a049-69cbb5837008@group-98ACF608DB4D is not the leader 346fa4f8-3ab8-43df-a502-3f4b9443122a:192.168.34.9:34701, logIndex=0, commits[d56bd5cd-a10f-47cc-a049-69cbb5837008:c8, 346fa4f8-3ab8-43df-a502-3f4b9443122a:c8, 0299b781-7796-45ba-9036-f37ef6071f27:c4]
2019-10-21 02:40:27,756 [Thread-320] INFO  client.GrpcClientProtocolService (GrpcClientProtocolService.java:lambda$processClientRequest$0(279)) - Failed RaftClientRequest:client-A91BDCACAE43->346fa4f8-3ab8-43df-a502-3f4b9443122a@group-98ACF608DB4D, cid=22, seq=0, Watch-ALL_COMMITTED(6), Message:<EMPTY>, reply=RaftClientReply:client-A91BDCACAE43->346fa4f8-3ab8-43df-a502-3f4b9443122a@group-98ACF608DB4D, cid=22, FAILED org.apache.ratis.protocol.NotReplicatedException: Request with call Id 22 and log index 6 is not yet replicated to ALL_COMMITTED, logIndex=6, commits[346fa4f8-3ab8-43df-a502-3f4b9443122a:c8, d56bd5cd-a10f-47cc-a049-69cbb5837008:c8, 0299b781-7796-45ba-9036-f37ef6071f27:c4]
2019-10-21 02:40:28,389 [java.util.concurrent.ThreadPoolExecutor$Worker@411a2772[State = -1, empty queue]] WARN  server.GrpcLogAppender (GrpcLogAppender.java:timeoutAppendRequest(209)) - 346fa4f8-3ab8-43df-a502-3f4b9443122a@group-98ACF608DB4D->0299b781-7796-45ba-9036-f37ef6071f27-GrpcLogAppender: appendEntries Timeout, request=346fa4f8-3ab8-43df-a502-3f4b9443122a->0299b781-7796-45ba-9036-f37ef6071f27#18-t1, previous=(t:1, i:8), leaderCommit=8, initializing? false, entries: <empty>
2019-10-21 02:40:30,890 [java.util.concurrent.ThreadPoolExecutor$Worker@411a2772[State = -1, empty queue]] WARN  server.GrpcLogAppender (GrpcLogAppender.java:timeoutAppendRequest(209)) - 346fa4f8-3ab8-43df-a502-3f4b9443122a@group-98ACF608DB4D->0299b781-7796-45ba-9036-f37ef6071f27-GrpcLogAppender: appendEntries Timeout, request=346fa4f8-3ab8-43df-a502-3f4b9443122a->0299b781-7796-45ba-9036-f37ef6071f27#19-t1, previous=(t:1, i:8), leaderCommit=8, initializing? false, entries: <empty>
2019-10-21 02:40:33,391 [java.util.concurrent.ThreadPoolExecutor$Worker@411a2772[State = -1, empty queue]] WARN  server.GrpcLogAppender (GrpcLogAppender.java:timeoutAppendRequest(209)) - 346fa4f8-3ab8-43df-a502-3f4b9443122a@group-98ACF608DB4D->0299b781-7796-45ba-9036-f37ef6071f27-GrpcLogAppender: appendEntries Timeout, request=346fa4f8-3ab8-43df-a502-3f4b9443122a->0299b781-7796-45ba-9036-f37ef6071f27#20-t1, previous=(t:1, i:8), leaderCommit=8, initializing? false, entries: <empty>
2019-10-21 02:40:35,892 [java.util.concurrent.ThreadPoolExecutor$Worker@411a2772[State = -1, empty queue]] WARN  server.GrpcLogAppender (GrpcLogAppender.java:timeoutAppendRequest(209)) - 346fa4f8-3ab8-43df-a502-3f4b9443122a@group-98ACF608DB4D->0299b781-7796-45ba-9036-f37ef6071f27-GrpcLogAppender: appendEntries Timeout, request=346fa4f8-3ab8-43df-a502-3f4b9443122a->0299b781-7796-45ba-9036-f37ef6071f27#21-t1, previous=(t:1, i:8), leaderCommit=8, initializing? false, entries: <empty>
2019-10-21 02:40:37,025 [Thread-329] INFO  client.GrpcClientProtocolService (GrpcClientProtocolService.java:lambda$processClientRequest$0(279)) - Failed RaftClientRequest:client-A91BDCACAE43->d56bd5cd-a10f-47cc-a049-69cbb5837008@group-98ACF608DB4D, cid=22, seq=0, Watch-ALL_COMMITTED(6), Message:<EMPTY>, reply=RaftClientReply:client-A91BDCACAE43->d56bd5cd-a10f-47cc-a049-69cbb5837008@group-98ACF608DB4D, cid=22, FAILED org.apache.ratis.protocol.NotLeaderException: Server d56bd5cd-a10f-47cc-a049-69cbb5837008@group-98ACF608DB4D is not the leader 346fa4f8-3ab8-43df-a502-3f4b9443122a:192.168.34.9:34701, logIndex=0, commits[d56bd5cd-a10f-47cc-a049-69cbb5837008:c8, 346fa4f8-3ab8-43df-a502-3f4b9443122a:c8, 0299b781-7796-45ba-9036-f37ef6071f27:c4]
2019-10-21 02:40:37,755 [Thread-332] INFO  client.GrpcClientProtocolService (GrpcClientProtocolService.java:lambda$processClientRequest$0(279)) - Failed RaftClientRequest:client-A91BDCACAE43->346fa4f8-3ab8-43df-a502-3f4b9443122a@group-98ACF608DB4D, cid=22, seq=0, Watch-ALL_COMMITTED(6), Message:<EMPTY>, reply=RaftClientReply:client-A91BDCACAE43->346fa4f8-3ab8-43df-a502-3f4b9443122a@group-98ACF608DB4D, cid=22, FAILED org.apache.ratis.protocol.NotReplicatedException: Request with call Id 22 and log index 6 is not yet replicated to ALL_COMMITTED, logIndex=6, commits[346fa4f8-3ab8-43df-a502-3f4b9443122a:c8, d56bd5cd-a10f-47cc-a049-69cbb5837008:c8, 0299b781-7796-45ba-9036-f37ef6071f27:c4]
2019-10-21 02:40:37,897 [main] WARN  scm.XceiverClientRatis (XceiverClientRatis.java:watchForCommit(277)) - 3 way commit failed on pipeline Pipeline[ Id: b247b7b0-bc56-4c4b-9e26-98acf608db4d, Nodes: 346fa4f8-3ab8-43df-a502-3f4b9443122a{ip: 192.168.34.9, host: pr-hdds-1868-8w4sl-2612808232, networkLocation: /default-rack, certSerialId: null}d56bd5cd-a10f-47cc-a049-69cbb5837008{ip: 192.168.34.9, host: pr-hdds-1868-8w4sl-2612808232, networkLocation: /default-rack, certSerialId: null}0299b781-7796-45ba-9036-f37ef6071f27{ip: 192.168.34.9, host: pr-hdds-1868-8w4sl-2612808232, networkLocation: /default-rack, certSerialId: null}, Type:RATIS, Factor:THREE, State:OPEN]
java.util.concurrent.TimeoutException
	at java.util.concurrent.CompletableFuture.timedGet(CompletableFuture.java:1771)
	at java.util.concurrent.CompletableFuture.get(CompletableFuture.java:1915)
	at org.apache.hadoop.hdds.scm.XceiverClientRatis.watchForCommit(XceiverClientRatis.java:274)
	at org.apache.hadoop.hdds.scm.storage.CommitWatcher.watchForCommit(CommitWatcher.java:198)
	at org.apache.hadoop.hdds.scm.storage.CommitWatcher.watchOnLastIndex(CommitWatcher.java:161)
	at org.apache.hadoop.hdds.scm.storage.BlockOutputStream.watchForCommit(BlockOutputStream.java:346)
	at org.apache.hadoop.hdds.scm.storage.BlockOutputStream.handleFlush(BlockOutputStream.java:482)
	at org.apache.hadoop.hdds.scm.storage.BlockOutputStream.close(BlockOutputStream.java:496)
	at org.apache.hadoop.ozone.client.io.BlockOutputStreamEntry.close(BlockOutputStreamEntry.java:143)
	at org.apache.hadoop.ozone.client.io.KeyOutputStream.handleFlushOrClose(KeyOutputStream.java:435)
	at org.apache.hadoop.ozone.client.io.KeyOutputStream.close(KeyOutputStream.java:473)
	at org.apache.hadoop.ozone.client.io.OzoneOutputStream.close(OzoneOutputStream.java:60)
	at org.apache.hadoop.ozone.client.rpc.TestDeleteWithSlowFollower.testDeleteKeyWithSlowFollower(TestDeleteWithSlowFollower.java:193)
	at sun.reflect.NativeMethodAccessorImpl.invoke0(Native Method)
	at sun.reflect.NativeMethodAccessorImpl.invoke(NativeMethodAccessorImpl.java:62)
	at sun.reflect.DelegatingMethodAccessorImpl.invoke(DelegatingMethodAccessorImpl.java:43)
	at java.lang.reflect.Method.invoke(Method.java:498)
	at org.junit.runners.model.FrameworkMethod$1.runReflectiveCall(FrameworkMethod.java:47)
	at org.junit.internal.runners.model.ReflectiveCallable.run(ReflectiveCallable.java:12)
	at org.junit.runners.model.FrameworkMethod.invokeExplosively(FrameworkMethod.java:44)
	at org.junit.internal.runners.statements.InvokeMethod.evaluate(InvokeMethod.java:17)
	at org.junit.runners.ParentRunner.runLeaf(ParentRunner.java:271)
	at org.junit.runners.BlockJUnit4ClassRunner.runChild(BlockJUnit4ClassRunner.java:70)
	at org.junit.runners.BlockJUnit4ClassRunner.runChild(BlockJUnit4ClassRunner.java:50)
	at org.junit.runners.ParentRunner$3.run(ParentRunner.java:238)
	at org.junit.runners.ParentRunner$1.schedule(ParentRunner.java:63)
	at org.junit.runners.ParentRunner.runChildren(ParentRunner.java:236)
	at org.junit.runners.ParentRunner.access$000(ParentRunner.java:53)
	at org.junit.runners.ParentRunner$2.evaluate(ParentRunner.java:229)
	at org.junit.internal.runners.statements.RunBefores.evaluate(RunBefores.java:26)
	at org.junit.internal.runners.statements.RunAfters.evaluate(RunAfters.java:27)
	at org.junit.runners.ParentRunner.run(ParentRunner.java:309)
	at org.apache.maven.surefire.junit4.JUnit4Provider.execute(JUnit4Provider.java:365)
	at org.apache.maven.surefire.junit4.JUnit4Provider.executeWithRerun(JUnit4Provider.java:273)
	at org.apache.maven.surefire.junit4.JUnit4Provider.executeTestSet(JUnit4Provider.java:238)
	at org.apache.maven.surefire.junit4.JUnit4Provider.invoke(JUnit4Provider.java:159)
	at org.apache.maven.surefire.booter.ForkedBooter.invokeProviderInSameClassLoader(ForkedBooter.java:384)
	at org.apache.maven.surefire.booter.ForkedBooter.runSuitesInProcess(ForkedBooter.java:345)
	at org.apache.maven.surefire.booter.ForkedBooter.execute(ForkedBooter.java:126)
	at org.apache.maven.surefire.booter.ForkedBooter.main(ForkedBooter.java:418)
2019-10-21 02:40:37,912 [main] INFO  scm.XceiverClientRatis (XceiverClientRatis.java:lambda$watchForCommit$5(295)) - Could not commit index 6 on pipeline Pipeline[ Id: b247b7b0-bc56-4c4b-9e26-98acf608db4d, Nodes: 346fa4f8-3ab8-43df-a502-3f4b9443122a{ip: 192.168.34.9, host: pr-hdds-1868-8w4sl-2612808232, networkLocation: /default-rack, certSerialId: null}d56bd5cd-a10f-47cc-a049-69cbb5837008{ip: 192.168.34.9, host: pr-hdds-1868-8w4sl-2612808232, networkLocation: /default-rack, certSerialId: null}0299b781-7796-45ba-9036-f37ef6071f27{ip: 192.168.34.9, host: pr-hdds-1868-8w4sl-2612808232, networkLocation: /default-rack, certSerialId: null}, Type:RATIS, Factor:THREE, State:OPEN] to all the nodes. Server 0299b781-7796-45ba-9036-f37ef6071f27 has failed. Committed by majority.
2019-10-21 02:40:37,912 [main] WARN  storage.BlockOutputStream (BlockOutputStream.java:watchForCommit(352)) - Failed to commit BlockId conID: 1 locID: 102998055452999680 bcsId: 6 on Pipeline[ Id: b247b7b0-bc56-4c4b-9e26-98acf608db4d, Nodes: 346fa4f8-3ab8-43df-a502-3f4b9443122a{ip: 192.168.34.9, host: pr-hdds-1868-8w4sl-2612808232, networkLocation: /default-rack, certSerialId: null}d56bd5cd-a10f-47cc-a049-69cbb5837008{ip: 192.168.34.9, host: pr-hdds-1868-8w4sl-2612808232, networkLocation: /default-rack, certSerialId: null}0299b781-7796-45ba-9036-f37ef6071f27{ip: 192.168.34.9, host: pr-hdds-1868-8w4sl-2612808232, networkLocation: /default-rack, certSerialId: null}, Type:RATIS, Factor:THREE, State:OPEN]. Failed nodes: [0299b781-7796-45ba-9036-f37ef6071f27{ip: null, host: null, networkLocation: /default-rack, certSerialId: null}]
2019-10-21 02:40:37,992 [EventQueue-IncrementalContainerReportForIncrementalContainerReportHandler] WARN  container.IncrementalContainerReportHandler (AbstractContainerReportHandler.java:updateContainerState(145)) - Container #1 is in OPEN state, but the datanode 346fa4f8-3ab8-43df-a502-3f4b9443122a{ip: 192.168.34.9, host: pr-hdds-1868-8w4sl-2612808232, networkLocation: /default-rack, certSerialId: null} reports an CLOSING replica.
2019-10-21 02:40:38,002 [RatisApplyTransactionExecutor 1] INFO  interfaces.Container (KeyValueContainer.java:flushAndSyncDB(386)) - Container 1 is synced with bcsId 6.
2019-10-21 02:40:38,003 [RatisApplyTransactionExecutor 1] INFO  interfaces.Container (KeyValueContainer.java:flushAndSyncDB(386)) - Container 1 is synced with bcsId 6.
2019-10-21 02:40:38,026 [RatisApplyTransactionExecutor 1] INFO  interfaces.Container (KeyValueContainer.java:close(335)) - Container 1 is closed with bcsId 6.
2019-10-21 02:40:38,027 [EventQueue-IncrementalContainerReportForIncrementalContainerReportHandler] WARN  container.IncrementalContainerReportHandler (AbstractContainerReportHandler.java:updateContainerState(145)) - Container #1 is in OPEN state, but the datanode d56bd5cd-a10f-47cc-a049-69cbb5837008{ip: 192.168.34.9, host: pr-hdds-1868-8w4sl-2612808232, networkLocation: /default-rack, certSerialId: null} reports an CLOSING replica.
2019-10-21 02:40:38,027 [EventQueue-IncrementalContainerReportForIncrementalContainerReportHandler] WARN  container.IncrementalContainerReportHandler (AbstractContainerReportHandler.java:updateContainerState(145)) - Container #1 is in OPEN state, but the datanode 346fa4f8-3ab8-43df-a502-3f4b9443122a{ip: 192.168.34.9, host: pr-hdds-1868-8w4sl-2612808232, networkLocation: /default-rack, certSerialId: null} reports an CLOSED replica.
2019-10-21 02:40:38,029 [EventQueue-ContainerReportForContainerReportHandler] WARN  container.ContainerReportHandler (AbstractContainerReportHandler.java:updateContainerState(145)) - Container #1 is in OPEN state, but the datanode 346fa4f8-3ab8-43df-a502-3f4b9443122a{ip: 192.168.34.9, host: pr-hdds-1868-8w4sl-2612808232, networkLocation: /default-rack, certSerialId: null} reports an CLOSING replica.
2019-10-21 02:40:38,035 [BlockDeletingService#2] WARN  background.BlockDeletingService (BlockDeletingService.java:isDeletionAllowed(187)) - Close Container log Index 6 is not replicated across allthe servers in the pipeline b247b7b0-bc56-4c4b-9e26-98acf608db4d as the min replicated index is 4. Deletion is not allowed in this container yet.
2019-10-21 02:40:38,038 [RatisApplyTransactionExecutor 1] INFO  interfaces.Container (KeyValueContainer.java:flushAndSyncDB(386)) - Container 1 is synced with bcsId 6.
2019-10-21 02:40:38,039 [RatisApplyTransactionExecutor 1] INFO  interfaces.Container (KeyValueContainer.java:flushAndSyncDB(386)) - Container 1 is synced with bcsId 6.
2019-10-21 02:40:38,065 [RatisApplyTransactionExecutor 1] INFO  interfaces.Container (KeyValueContainer.java:close(335)) - Container 1 is closed with bcsId 6.
2019-10-21 02:40:38,066 [EventQueue-IncrementalContainerReportForIncrementalContainerReportHandler] WARN  container.IncrementalContainerReportHandler (AbstractContainerReportHandler.java:updateContainerState(145)) - Container #1 is in OPEN state, but the datanode d56bd5cd-a10f-47cc-a049-69cbb5837008{ip: 192.168.34.9, host: pr-hdds-1868-8w4sl-2612808232, networkLocation: /default-rack, certSerialId: null} reports an CLOSED replica.
2019-10-21 02:40:38,166 [EventQueue-ContainerReportForContainerReportHandler] WARN  container.ContainerReportHandler (AbstractContainerReportHandler.java:updateContainerState(145)) - Container #1 is in OPEN state, but the datanode d56bd5cd-a10f-47cc-a049-69cbb5837008{ip: 192.168.34.9, host: pr-hdds-1868-8w4sl-2612808232, networkLocation: /default-rack, certSerialId: null} reports an CLOSED replica.
2019-10-21 02:40:38,328 [EventQueue-ContainerReportForContainerReportHandler] WARN  container.ContainerReportHandler (AbstractContainerReportHandler.java:updateContainerState(145)) - Container #1 is in OPEN state, but the datanode 346fa4f8-3ab8-43df-a502-3f4b9443122a{ip: 192.168.34.9, host: pr-hdds-1868-8w4sl-2612808232, networkLocation: /default-rack, certSerialId: null} reports an CLOSED replica.
2019-10-21 02:40:38,393 [java.util.concurrent.ThreadPoolExecutor$Worker@411a2772[State = -1, empty queue]] WARN  server.GrpcLogAppender (GrpcLogAppender.java:timeoutAppendRequest(209)) - 346fa4f8-3ab8-43df-a502-3f4b9443122a@group-98ACF608DB4D->0299b781-7796-45ba-9036-f37ef6071f27-GrpcLogAppender: appendEntries Timeout, request=346fa4f8-3ab8-43df-a502-3f4b9443122a->0299b781-7796-45ba-9036-f37ef6071f27#22-t1, previous=(t:1, i:8), leaderCommit=8, initializing? false, entries: <empty>
2019-10-21 02:40:38,567 [EventQueue-ContainerReportForContainerReportHandler] WARN  container.ContainerReportHandler (AbstractContainerReportHandler.java:updateContainerState(145)) - Container #1 is in OPEN state, but the datanode d56bd5cd-a10f-47cc-a049-69cbb5837008{ip: 192.168.34.9, host: pr-hdds-1868-8w4sl-2612808232, networkLocation: /default-rack, certSerialId: null} reports an CLOSED replica.
2019-10-21 02:40:38,628 [EventQueue-ContainerReportForContainerReportHandler] WARN  container.ContainerReportHandler (AbstractContainerReportHandler.java:updateContainerState(145)) - Container #1 is in OPEN state, but the datanode 346fa4f8-3ab8-43df-a502-3f4b9443122a{ip: 192.168.34.9, host: pr-hdds-1868-8w4sl-2612808232, networkLocation: /default-rack, certSerialId: null} reports an CLOSED replica.
2019-10-21 02:40:38,828 [IPC Server handler 1 on 42613] INFO  server.SCMBlockProtocolServer (SCMBlockProtocolServer.java:deleteKeyBlocks(212)) - SCM is informed by OM to delete 1 blocks
2019-10-21 02:40:38,828 [EventQueue-ContainerReportForContainerReportHandler] WARN  container.ContainerReportHandler (AbstractContainerReportHandler.java:updateContainerState(145)) - Container #1 is in OPEN state, but the datanode 346fa4f8-3ab8-43df-a502-3f4b9443122a{ip: 192.168.34.9, host: pr-hdds-1868-8w4sl-2612808232, networkLocation: /default-rack, certSerialId: null} reports an CLOSED replica.
2019-10-21 02:40:38,829 [IPC Server handler 1 on 42613] INFO  block.BlockManagerImpl (BlockManagerImpl.java:deleteBlocks(285)) - Deleting blocks conID: 1 locID: 102998055452999680 bcsId: 0
2019-10-21 02:40:38,867 [EventQueue-ContainerReportForContainerReportHandler] WARN  container.ContainerReportHandler (AbstractContainerReportHandler.java:updateContainerState(145)) - Container #1 is in OPEN state, but the datanode d56bd5cd-a10f-47cc-a049-69cbb5837008{ip: 192.168.34.9, host: pr-hdds-1868-8w4sl-2612808232, networkLocation: /default-rack, certSerialId: null} reports an CLOSED replica.
2019-10-21 02:40:39,018 [BlockDeletingService#2] WARN  background.BlockDeletingService (BlockDeletingService.java:isDeletionAllowed(187)) - Close Container log Index 6 is not replicated across allthe servers in the pipeline b247b7b0-bc56-4c4b-9e26-98acf608db4d as the min replicated index is 4. Deletion is not allowed in this container yet.
2019-10-21 02:40:39,037 [BlockDeletingService#2] WARN  background.BlockDeletingService (BlockDeletingService.java:isDeletionAllowed(187)) - Close Container log Index 6 is not replicated across allthe servers in the pipeline b247b7b0-bc56-4c4b-9e26-98acf608db4d as the min replicated index is 4. Deletion is not allowed in this container yet.
2019-10-21 02:40:39,166 [EventQueue-ContainerReportForContainerReportHandler] WARN  container.ContainerReportHandler (AbstractContainerReportHandler.java:updateContainerState(145)) - Container #1 is in OPEN state, but the datanode d56bd5cd-a10f-47cc-a049-69cbb5837008{ip: 192.168.34.9, host: pr-hdds-1868-8w4sl-2612808232, networkLocation: /default-rack, certSerialId: null} reports an CLOSED replica.
2019-10-21 02:40:39,229 [EventQueue-ContainerReportForContainerReportHandler] WARN  container.ContainerReportHandler (AbstractContainerReportHandler.java:updateContainerState(145)) - Container #1 is in OPEN state, but the datanode 346fa4f8-3ab8-43df-a502-3f4b9443122a{ip: 192.168.34.9, host: pr-hdds-1868-8w4sl-2612808232, networkLocation: /default-rack, certSerialId: null} reports an CLOSED replica.
2019-10-21 02:40:39,367 [EventQueue-ContainerReportForContainerReportHandler] WARN  container.ContainerReportHandler (AbstractContainerReportHandler.java:updateContainerState(145)) - Container #1 is in OPEN state, but the datanode d56bd5cd-a10f-47cc-a049-69cbb5837008{ip: 192.168.34.9, host: pr-hdds-1868-8w4sl-2612808232, networkLocation: /default-rack, certSerialId: null} reports an CLOSED replica.
2019-10-21 02:40:39,429 [EventQueue-ContainerReportForContainerReportHandler] WARN  container.ContainerReportHandler (AbstractContainerReportHandler.java:updateContainerState(145)) - Container #1 is in OPEN state, but the datanode 346fa4f8-3ab8-43df-a502-3f4b9443122a{ip: 192.168.34.9, host: pr-hdds-1868-8w4sl-2612808232, networkLocation: /default-rack, certSerialId: null} reports an CLOSED replica.
2019-10-21 02:40:39,629 [EventQueue-ContainerReportForContainerReportHandler] WARN  container.ContainerReportHandler (AbstractContainerReportHandler.java:updateContainerState(145)) - Container #1 is in OPEN state, but the datanode 346fa4f8-3ab8-43df-a502-3f4b9443122a{ip: 192.168.34.9, host: pr-hdds-1868-8w4sl-2612808232, networkLocation: /default-rack, certSerialId: null} reports an CLOSED replica.
2019-10-21 02:40:39,767 [EventQueue-ContainerReportForContainerReportHandler] WARN  container.ContainerReportHandler (AbstractContainerReportHandler.java:updateContainerState(145)) - Container #1 is in OPEN state, but the datanode d56bd5cd-a10f-47cc-a049-69cbb5837008{ip: 192.168.34.9, host: pr-hdds-1868-8w4sl-2612808232, networkLocation: /default-rack, certSerialId: null} reports an CLOSED replica.
2019-10-21 02:40:39,929 [EventQueue-ContainerReportForContainerReportHandler] WARN  container.ContainerReportHandler (AbstractContainerReportHandler.java:updateContainerState(145)) - Container #1 is in OPEN state, but the datanode 346fa4f8-3ab8-43df-a502-3f4b9443122a{ip: 192.168.34.9, host: pr-hdds-1868-8w4sl-2612808232, networkLocation: /default-rack, certSerialId: null} reports an CLOSED replica.
2019-10-21 02:40:40,021 [BlockDeletingService#2] WARN  background.BlockDeletingService (BlockDeletingService.java:isDeletionAllowed(187)) - Close Container log Index 6 is not replicated across allthe servers in the pipeline b247b7b0-bc56-4c4b-9e26-98acf608db4d as the min replicated index is 4. Deletion is not allowed in this container yet.
2019-10-21 02:40:40,038 [BlockDeletingService#2] WARN  background.BlockDeletingService (BlockDeletingService.java:isDeletionAllowed(187)) - Close Container log Index 6 is not replicated across allthe servers in the pipeline b247b7b0-bc56-4c4b-9e26-98acf608db4d as the min replicated index is 4. Deletion is not allowed in this container yet.
2019-10-21 02:40:40,066 [EventQueue-ContainerReportForContainerReportHandler] WARN  container.ContainerReportHandler (AbstractContainerReportHandler.java:updateContainerState(145)) - Container #1 is in OPEN state, but the datanode d56bd5cd-a10f-47cc-a049-69cbb5837008{ip: 192.168.34.9, host: pr-hdds-1868-8w4sl-2612808232, networkLocation: /default-rack, certSerialId: null} reports an CLOSED replica.
2019-10-21 02:40:40,230 [EventQueue-ContainerReportForContainerReportHandler] WARN  container.ContainerReportHandler (AbstractContainerReportHandler.java:updateContainerState(145)) - Container #1 is in OPEN state, but the datanode 346fa4f8-3ab8-43df-a502-3f4b9443122a{ip: 192.168.34.9, host: pr-hdds-1868-8w4sl-2612808232, networkLocation: /default-rack, certSerialId: null} reports an CLOSED replica.
2019-10-21 02:40:40,366 [EventQueue-ContainerReportForContainerReportHandler] WARN  container.ContainerReportHandler (AbstractContainerReportHandler.java:updateContainerState(145)) - Container #1 is in OPEN state, but the datanode d56bd5cd-a10f-47cc-a049-69cbb5837008{ip: 192.168.34.9, host: pr-hdds-1868-8w4sl-2612808232, networkLocation: /default-rack, certSerialId: null} reports an CLOSED replica.
2019-10-21 02:40:40,530 [EventQueue-ContainerReportForContainerReportHandler] WARN  container.ContainerReportHandler (AbstractContainerReportHandler.java:updateContainerState(145)) - Container #1 is in OPEN state, but the datanode 346fa4f8-3ab8-43df-a502-3f4b9443122a{ip: 192.168.34.9, host: pr-hdds-1868-8w4sl-2612808232, networkLocation: /default-rack, certSerialId: null} reports an CLOSED replica.
2019-10-21 02:40:40,667 [EventQueue-ContainerReportForContainerReportHandler] WARN  container.ContainerReportHandler (AbstractContainerReportHandler.java:updateContainerState(145)) - Container #1 is in OPEN state, but the datanode d56bd5cd-a10f-47cc-a049-69cbb5837008{ip: 192.168.34.9, host: pr-hdds-1868-8w4sl-2612808232, networkLocation: /default-rack, certSerialId: null} reports an CLOSED replica.
2019-10-21 02:40:40,730 [EventQueue-ContainerReportForContainerReportHandler] WARN  container.ContainerReportHandler (AbstractContainerReportHandler.java:updateContainerState(145)) - Container #1 is in OPEN state, but the datanode 346fa4f8-3ab8-43df-a502-3f4b9443122a{ip: 192.168.34.9, host: pr-hdds-1868-8w4sl-2612808232, networkLocation: /default-rack, certSerialId: null} reports an CLOSED replica.
2019-10-21 02:40:40,894 [java.util.concurrent.ThreadPoolExecutor$Worker@411a2772[State = -1, empty queue]] WARN  server.GrpcLogAppender (GrpcLogAppender.java:timeoutAppendRequest(209)) - 346fa4f8-3ab8-43df-a502-3f4b9443122a@group-98ACF608DB4D->0299b781-7796-45ba-9036-f37ef6071f27-GrpcLogAppender: appendEntries Timeout, request=346fa4f8-3ab8-43df-a502-3f4b9443122a->0299b781-7796-45ba-9036-f37ef6071f27#23-t1, previous=(t:1, i:8), leaderCommit=8, initializing? false, entries: <empty>
2019-10-21 02:40:40,929 [EventQueue-ContainerReportForContainerReportHandler] WARN  container.ContainerReportHandler (AbstractContainerReportHandler.java:updateContainerState(145)) - Container #1 is in OPEN state, but the datanode 346fa4f8-3ab8-43df-a502-3f4b9443122a{ip: 192.168.34.9, host: pr-hdds-1868-8w4sl-2612808232, networkLocation: /default-rack, certSerialId: null} reports an CLOSED replica.
2019-10-21 02:40:40,954 [java.util.concurrent.ThreadPoolExecutor$Worker@411a2772[State = -1, empty queue]] WARN  server.GrpcLogAppender (GrpcLogAppender.java:timeoutAppendRequest(209)) - 346fa4f8-3ab8-43df-a502-3f4b9443122a@group-98ACF608DB4D->0299b781-7796-45ba-9036-f37ef6071f27-GrpcLogAppender: appendEntries Timeout, request=346fa4f8-3ab8-43df-a502-3f4b9443122a->0299b781-7796-45ba-9036-f37ef6071f27#24-t1, previous=(t:1, i:8), leaderCommit=8, initializing? false, entries: size=1, first=(t:1, i:9), STATEMACHINELOGENTRY, client-6D581C67AD2F, cid=24
2019-10-21 02:40:40,968 [java.util.concurrent.ThreadPoolExecutor$Worker@411a2772[State = -1, empty queue]] WARN  server.GrpcLogAppender (GrpcLogAppender.java:timeoutAppendRequest(209)) - 346fa4f8-3ab8-43df-a502-3f4b9443122a@group-98ACF608DB4D->0299b781-7796-45ba-9036-f37ef6071f27-GrpcLogAppender: appendEntries Timeout, request=346fa4f8-3ab8-43df-a502-3f4b9443122a->0299b781-7796-45ba-9036-f37ef6071f27#25-t1, previous=(t:1, i:9), leaderCommit=9, initializing? false, entries: size=1, first=(t:1, i:10), METADATAENTRY(c9)
2019-10-21 02:40:41,023 [BlockDeletingService#2] WARN  background.BlockDeletingService (BlockDeletingService.java:isDeletionAllowed(187)) - Close Container log Index 6 is not replicated across allthe servers in the pipeline b247b7b0-bc56-4c4b-9e26-98acf608db4d as the min replicated index is 4. Deletion is not allowed in this container yet.
2019-10-21 02:40:41,040 [BlockDeletingService#2] WARN  background.BlockDeletingService (BlockDeletingService.java:isDeletionAllowed(187)) - Close Container log Index 6 is not replicated across allthe servers in the pipeline b247b7b0-bc56-4c4b-9e26-98acf608db4d as the min replicated index is 4. Deletion is not allowed in this container yet.
2019-10-21 02:40:41,070 [EventQueue-ContainerReportForContainerReportHandler] WARN  container.ContainerReportHandler (AbstractContainerReportHandler.java:updateContainerState(145)) - Container #1 is in OPEN state, but the datanode d56bd5cd-a10f-47cc-a049-69cbb5837008{ip: 192.168.34.9, host: pr-hdds-1868-8w4sl-2612808232, networkLocation: /default-rack, certSerialId: null} reports an CLOSED replica.
2019-10-21 02:40:41,329 [EventQueue-ContainerReportForContainerReportHandler] WARN  container.ContainerReportHandler (AbstractContainerReportHandler.java:updateContainerState(145)) - Container #1 is in OPEN state, but the datanode 346fa4f8-3ab8-43df-a502-3f4b9443122a{ip: 192.168.34.9, host: pr-hdds-1868-8w4sl-2612808232, networkLocation: /default-rack, certSerialId: null} reports an CLOSED replica.
2019-10-21 02:40:41,370 [EventQueue-ContainerReportForContainerReportHandler] WARN  container.ContainerReportHandler (AbstractContainerReportHandler.java:updateContainerState(145)) - Container #1 is in OPEN state, but the datanode d56bd5cd-a10f-47cc-a049-69cbb5837008{ip: 192.168.34.9, host: pr-hdds-1868-8w4sl-2612808232, networkLocation: /default-rack, certSerialId: null} reports an CLOSED replica.
2019-10-21 02:40:41,570 [EventQueue-ContainerReportForContainerReportHandler] WARN  container.ContainerReportHandler (AbstractContainerReportHandler.java:updateContainerState(145)) - Container #1 is in OPEN state, but the datanode d56bd5cd-a10f-47cc-a049-69cbb5837008{ip: 192.168.34.9, host: pr-hdds-1868-8w4sl-2612808232, networkLocation: /default-rack, certSerialId: null} reports an CLOSED replica.
2019-10-21 02:40:41,630 [EventQueue-ContainerReportForContainerReportHandler] WARN  container.ContainerReportHandler (AbstractContainerReportHandler.java:updateContainerState(145)) - Container #1 is in OPEN state, but the datanode 346fa4f8-3ab8-43df-a502-3f4b9443122a{ip: 192.168.34.9, host: pr-hdds-1868-8w4sl-2612808232, networkLocation: /default-rack, certSerialId: null} reports an CLOSED replica.
2019-10-21 02:40:41,870 [EventQueue-ContainerReportForContainerReportHandler] WARN  container.ContainerReportHandler (AbstractContainerReportHandler.java:updateContainerState(145)) - Container #1 is in OPEN state, but the datanode d56bd5cd-a10f-47cc-a049-69cbb5837008{ip: 192.168.34.9, host: pr-hdds-1868-8w4sl-2612808232, networkLocation: /default-rack, certSerialId: null} reports an CLOSED replica.
2019-10-21 02:40:41,931 [EventQueue-ContainerReportForContainerReportHandler] WARN  container.ContainerReportHandler (AbstractContainerReportHandler.java:updateContainerState(145)) - Container #1 is in OPEN state, but the datanode 346fa4f8-3ab8-43df-a502-3f4b9443122a{ip: 192.168.34.9, host: pr-hdds-1868-8w4sl-2612808232, networkLocation: /default-rack, certSerialId: null} reports an CLOSED replica.
2019-10-21 02:40:42,030 [BlockDeletingService#2] WARN  background.BlockDeletingService (BlockDeletingService.java:isDeletionAllowed(187)) - Close Container log Index 6 is not replicated across allthe servers in the pipeline b247b7b0-bc56-4c4b-9e26-98acf608db4d as the min replicated index is 4. Deletion is not allowed in this container yet.
2019-10-21 02:40:42,045 [BlockDeletingService#2] WARN  background.BlockDeletingService (BlockDeletingService.java:isDeletionAllowed(187)) - Close Container log Index 6 is not replicated across allthe servers in the pipeline b247b7b0-bc56-4c4b-9e26-98acf608db4d as the min replicated index is 4. Deletion is not allowed in this container yet.
2019-10-21 02:40:42,170 [EventQueue-ContainerReportForContainerReportHandler] WARN  container.ContainerReportHandler (AbstractContainerReportHandler.java:updateContainerState(145)) - Container #1 is in OPEN state, but the datanode d56bd5cd-a10f-47cc-a049-69cbb5837008{ip: 192.168.34.9, host: pr-hdds-1868-8w4sl-2612808232, networkLocation: /default-rack, certSerialId: null} reports an CLOSED replica.
2019-10-21 02:40:42,232 [EventQueue-ContainerReportForContainerReportHandler] WARN  container.ContainerReportHandler (AbstractContainerReportHandler.java:updateContainerState(145)) - Container #1 is in OPEN state, but the datanode 346fa4f8-3ab8-43df-a502-3f4b9443122a{ip: 192.168.34.9, host: pr-hdds-1868-8w4sl-2612808232, networkLocation: /default-rack, certSerialId: null} reports an CLOSED replica.
2019-10-21 02:40:42,370 [EventQueue-ContainerReportForContainerReportHandler] WARN  container.ContainerReportHandler (AbstractContainerReportHandler.java:updateContainerState(145)) - Container #1 is in OPEN state, but the datanode d56bd5cd-a10f-47cc-a049-69cbb5837008{ip: 192.168.34.9, host: pr-hdds-1868-8w4sl-2612808232, networkLocation: /default-rack, certSerialId: null} reports an CLOSED replica.
2019-10-21 02:40:42,532 [EventQueue-ContainerReportForContainerReportHandler] WARN  container.ContainerReportHandler (AbstractContainerReportHandler.java:updateContainerState(145)) - Container #1 is in OPEN state, but the datanode 346fa4f8-3ab8-43df-a502-3f4b9443122a{ip: 192.168.34.9, host: pr-hdds-1868-8w4sl-2612808232, networkLocation: /default-rack, certSerialId: null} reports an CLOSED replica.
2019-10-21 02:40:42,673 [EventQueue-ContainerReportForContainerReportHandler] WARN  container.ContainerReportHandler (AbstractContainerReportHandler.java:updateContainerState(145)) - Container #1 is in OPEN state, but the datanode d56bd5cd-a10f-47cc-a049-69cbb5837008{ip: 192.168.34.9, host: pr-hdds-1868-8w4sl-2612808232, networkLocation: /default-rack, certSerialId: null} reports an CLOSED replica.
2019-10-21 02:40:42,835 [EventQueue-ContainerReportForContainerReportHandler] WARN  container.ContainerReportHandler (AbstractContainerReportHandler.java:updateContainerState(145)) - Container #1 is in OPEN state, but the datanode 346fa4f8-3ab8-43df-a502-3f4b9443122a{ip: 192.168.34.9, host: pr-hdds-1868-8w4sl-2612808232, networkLocation: /default-rack, certSerialId: null} reports an CLOSED replica.
2019-10-21 02:40:42,975 [EventQueue-ContainerReportForContainerReportHandler] WARN  container.ContainerReportHandler (AbstractContainerReportHandler.java:updateContainerState(145)) - Container #1 is in OPEN state, but the datanode d56bd5cd-a10f-47cc-a049-69cbb5837008{ip: 192.168.34.9, host: pr-hdds-1868-8w4sl-2612808232, networkLocation: /default-rack, certSerialId: null} reports an CLOSED replica.
2019-10-21 02:40:43,032 [BlockDeletingService#2] WARN  background.BlockDeletingService (BlockDeletingService.java:isDeletionAllowed(187)) - Close Container log Index 6 is not replicated across allthe servers in the pipeline b247b7b0-bc56-4c4b-9e26-98acf608db4d as the min replicated index is 4. Deletion is not allowed in this container yet.
2019-10-21 02:40:43,046 [BlockDeletingService#2] WARN  background.BlockDeletingService (BlockDeletingService.java:isDeletionAllowed(187)) - Close Container log Index 6 is not replicated across allthe servers in the pipeline b247b7b0-bc56-4c4b-9e26-98acf608db4d as the min replicated index is 4. Deletion is not allowed in this container yet.
2019-10-21 02:40:43,135 [EventQueue-ContainerReportForContainerReportHandler] WARN  container.ContainerReportHandler (AbstractContainerReportHandler.java:updateContainerState(145)) - Container #1 is in OPEN state, but the datanode 346fa4f8-3ab8-43df-a502-3f4b9443122a{ip: 192.168.34.9, host: pr-hdds-1868-8w4sl-2612808232, networkLocation: /default-rack, certSerialId: null} reports an CLOSED replica.
2019-10-21 02:40:43,176 [EventQueue-ContainerReportForContainerReportHandler] WARN  container.ContainerReportHandler (AbstractContainerReportHandler.java:updateContainerState(145)) - Container #1 is in OPEN state, but the datanode d56bd5cd-a10f-47cc-a049-69cbb5837008{ip: 192.168.34.9, host: pr-hdds-1868-8w4sl-2612808232, networkLocation: /default-rack, certSerialId: null} reports an CLOSED replica.
2019-10-21 02:40:43,435 [EventQueue-ContainerReportForContainerReportHandler] WARN  container.ContainerReportHandler (AbstractContainerReportHandler.java:updateContainerState(145)) - Container #1 is in OPEN state, but the datanode 346fa4f8-3ab8-43df-a502-3f4b9443122a{ip: 192.168.34.9, host: pr-hdds-1868-8w4sl-2612808232, networkLocation: /default-rack, certSerialId: null} reports an CLOSED replica.
2019-10-21 02:40:43,470 [java.util.concurrent.ThreadPoolExecutor$Worker@411a2772[State = -1, empty queue]] WARN  server.GrpcLogAppender (GrpcLogAppender.java:timeoutAppendRequest(209)) - 346fa4f8-3ab8-43df-a502-3f4b9443122a@group-98ACF608DB4D->0299b781-7796-45ba-9036-f37ef6071f27-GrpcLogAppender: appendEntries Timeout, request=346fa4f8-3ab8-43df-a502-3f4b9443122a->0299b781-7796-45ba-9036-f37ef6071f27#26-t1, previous=(t:1, i:10), leaderCommit=10, initializing? false, entries: <empty>
2019-10-21 02:40:43,480 [EventQueue-ContainerReportForContainerReportHandler] WARN  container.ContainerReportHandler (AbstractContainerReportHandler.java:updateContainerState(145)) - Container #1 is in OPEN state, but the datanode d56bd5cd-a10f-47cc-a049-69cbb5837008{ip: 192.168.34.9, host: pr-hdds-1868-8w4sl-2612808232, networkLocation: /default-rack, certSerialId: null} reports an CLOSED replica.
2019-10-21 02:40:43,736 [EventQueue-ContainerReportForContainerReportHandler] WARN  container.ContainerReportHandler (AbstractContainerReportHandler.java:updateContainerState(145)) - Container #1 is in OPEN state, but the datanode 346fa4f8-3ab8-43df-a502-3f4b9443122a{ip: 192.168.34.9, host: pr-hdds-1868-8w4sl-2612808232, networkLocation: /default-rack, certSerialId: null} reports an CLOSED replica.
2019-10-21 02:40:43,776 [EventQueue-ContainerReportForContainerReportHandler] WARN  container.ContainerReportHandler (AbstractContainerReportHandler.java:updateContainerState(145)) - Container #1 is in OPEN state, but the datanode d56bd5cd-a10f-47cc-a049-69cbb5837008{ip: 192.168.34.9, host: pr-hdds-1868-8w4sl-2612808232, networkLocation: /default-rack, certSerialId: null} reports an CLOSED replica.
2019-10-21 02:40:43,977 [EventQueue-ContainerReportForContainerReportHandler] WARN  container.ContainerReportHandler (AbstractContainerReportHandler.java:updateContainerState(145)) - Container #1 is in OPEN state, but the datanode d56bd5cd-a10f-47cc-a049-69cbb5837008{ip: 192.168.34.9, host: pr-hdds-1868-8w4sl-2612808232, networkLocation: /default-rack, certSerialId: null} reports an CLOSED replica.
2019-10-21 02:40:44,034 [BlockDeletingService#2] WARN  background.BlockDeletingService (BlockDeletingService.java:isDeletionAllowed(187)) - Close Container log Index 6 is not replicated across allthe servers in the pipeline b247b7b0-bc56-4c4b-9e26-98acf608db4d as the min replicated index is 4. Deletion is not allowed in this container yet.
2019-10-21 02:40:44,036 [EventQueue-ContainerReportForContainerReportHandler] WARN  container.ContainerReportHandler (AbstractContainerReportHandler.java:updateContainerState(145)) - Container #1 is in OPEN state, but the datanode 346fa4f8-3ab8-43df-a502-3f4b9443122a{ip: 192.168.34.9, host: pr-hdds-1868-8w4sl-2612808232, networkLocation: /default-rack, certSerialId: null} reports an CLOSED replica.
2019-10-21 02:40:44,049 [BlockDeletingService#2] WARN  background.BlockDeletingService (BlockDeletingService.java:isDeletionAllowed(187)) - Close Container log Index 6 is not replicated across allthe servers in the pipeline b247b7b0-bc56-4c4b-9e26-98acf608db4d as the min replicated index is 4. Deletion is not allowed in this container yet.
2019-10-21 02:40:44,336 [EventQueue-ContainerReportForContainerReportHandler] WARN  container.ContainerReportHandler (AbstractContainerReportHandler.java:updateContainerState(145)) - Container #1 is in OPEN state, but the datanode 346fa4f8-3ab8-43df-a502-3f4b9443122a{ip: 192.168.34.9, host: pr-hdds-1868-8w4sl-2612808232, networkLocation: /default-rack, certSerialId: null} reports an CLOSED replica.
2019-10-21 02:40:44,376 [EventQueue-ContainerReportForContainerReportHandler] WARN  container.ContainerReportHandler (AbstractContainerReportHandler.java:updateContainerState(145)) - Container #1 is in OPEN state, but the datanode d56bd5cd-a10f-47cc-a049-69cbb5837008{ip: 192.168.34.9, host: pr-hdds-1868-8w4sl-2612808232, networkLocation: /default-rack, certSerialId: null} reports an CLOSED replica.
2019-10-21 02:40:44,535 [EventQueue-ContainerReportForContainerReportHandler] WARN  container.ContainerReportHandler (AbstractContainerReportHandler.java:updateContainerState(145)) - Container #1 is in OPEN state, but the datanode 346fa4f8-3ab8-43df-a502-3f4b9443122a{ip: 192.168.34.9, host: pr-hdds-1868-8w4sl-2612808232, networkLocation: /default-rack, certSerialId: null} reports an CLOSED replica.
2019-10-21 02:40:44,777 [EventQueue-ContainerReportForContainerReportHandler] WARN  container.ContainerReportHandler (AbstractContainerReportHandler.java:updateContainerState(145)) - Container #1 is in OPEN state, but the datanode d56bd5cd-a10f-47cc-a049-69cbb5837008{ip: 192.168.34.9, host: pr-hdds-1868-8w4sl-2612808232, networkLocation: /default-rack, certSerialId: null} reports an CLOSED replica.
2019-10-21 02:40:44,936 [EventQueue-ContainerReportForContainerReportHandler] WARN  container.ContainerReportHandler (AbstractContainerReportHandler.java:updateContainerState(145)) - Container #1 is in OPEN state, but the datanode 346fa4f8-3ab8-43df-a502-3f4b9443122a{ip: 192.168.34.9, host: pr-hdds-1868-8w4sl-2612808232, networkLocation: /default-rack, certSerialId: null} reports an CLOSED replica.
2019-10-21 02:40:45,036 [BlockDeletingService#2] WARN  background.BlockDeletingService (BlockDeletingService.java:isDeletionAllowed(187)) - Close Container log Index 6 is not replicated across allthe servers in the pipeline b247b7b0-bc56-4c4b-9e26-98acf608db4d as the min replicated index is 4. Deletion is not allowed in this container yet.
2019-10-21 02:40:45,050 [BlockDeletingService#2] WARN  background.BlockDeletingService (BlockDeletingService.java:isDeletionAllowed(187)) - Close Container log Index 6 is not replicated across allthe servers in the pipeline b247b7b0-bc56-4c4b-9e26-98acf608db4d as the min replicated index is 4. Deletion is not allowed in this container yet.
2019-10-21 02:40:45,077 [EventQueue-ContainerReportForContainerReportHandler] WARN  container.ContainerReportHandler (AbstractContainerReportHandler.java:updateContainerState(145)) - Container #1 is in OPEN state, but the datanode d56bd5cd-a10f-47cc-a049-69cbb5837008{ip: 192.168.34.9, host: pr-hdds-1868-8w4sl-2612808232, networkLocation: /default-rack, certSerialId: null} reports an CLOSED replica.
2019-10-21 02:40:45,135 [EventQueue-ContainerReportForContainerReportHandler] WARN  container.ContainerReportHandler (AbstractContainerReportHandler.java:updateContainerState(145)) - Container #1 is in OPEN state, but the datanode 346fa4f8-3ab8-43df-a502-3f4b9443122a{ip: 192.168.34.9, host: pr-hdds-1868-8w4sl-2612808232, networkLocation: /default-rack, certSerialId: null} reports an CLOSED replica.
2019-10-21 02:40:45,376 [EventQueue-ContainerReportForContainerReportHandler] WARN  container.ContainerReportHandler (AbstractContainerReportHandler.java:updateContainerState(145)) - Container #1 is in OPEN state, but the datanode d56bd5cd-a10f-47cc-a049-69cbb5837008{ip: 192.168.34.9, host: pr-hdds-1868-8w4sl-2612808232, networkLocation: /default-rack, certSerialId: null} reports an CLOSED replica.
2019-10-21 02:40:45,535 [EventQueue-ContainerReportForContainerReportHandler] WARN  container.ContainerReportHandler (AbstractContainerReportHandler.java:updateContainerState(145)) - Container #1 is in OPEN state, but the datanode 346fa4f8-3ab8-43df-a502-3f4b9443122a{ip: 192.168.34.9, host: pr-hdds-1868-8w4sl-2612808232, networkLocation: /default-rack, certSerialId: null} reports an CLOSED replica.
2019-10-21 02:40:45,676 [EventQueue-ContainerReportForContainerReportHandler] WARN  container.ContainerReportHandler (AbstractContainerReportHandler.java:updateContainerState(145)) - Container #1 is in OPEN state, but the datanode d56bd5cd-a10f-47cc-a049-69cbb5837008{ip: 192.168.34.9, host: pr-hdds-1868-8w4sl-2612808232, networkLocation: /default-rack, certSerialId: null} reports an CLOSED replica.
2019-10-21 02:40:45,735 [EventQueue-ContainerReportForContainerReportHandler] WARN  container.ContainerReportHandler (AbstractContainerReportHandler.java:updateContainerState(145)) - Container #1 is in OPEN state, but the datanode 346fa4f8-3ab8-43df-a502-3f4b9443122a{ip: 192.168.34.9, host: pr-hdds-1868-8w4sl-2612808232, networkLocation: /default-rack, certSerialId: null} reports an CLOSED replica.
2019-10-21 02:40:45,971 [java.util.concurrent.ThreadPoolExecutor$Worker@411a2772[State = -1, empty queue]] WARN  server.GrpcLogAppender (GrpcLogAppender.java:timeoutAppendRequest(209)) - 346fa4f8-3ab8-43df-a502-3f4b9443122a@group-98ACF608DB4D->0299b781-7796-45ba-9036-f37ef6071f27-GrpcLogAppender: appendEntries Timeout, request=346fa4f8-3ab8-43df-a502-3f4b9443122a->0299b781-7796-45ba-9036-f37ef6071f27#27-t1, previous=(t:1, i:10), leaderCommit=10, initializing? false, entries: <empty>
2019-10-21 02:40:45,977 [EventQueue-ContainerReportForContainerReportHandler] WARN  container.ContainerReportHandler (AbstractContainerReportHandler.java:updateContainerState(145)) - Container #1 is in OPEN state, but the datanode d56bd5cd-a10f-47cc-a049-69cbb5837008{ip: 192.168.34.9, host: pr-hdds-1868-8w4sl-2612808232, networkLocation: /default-rack, certSerialId: null} reports an CLOSED replica.
2019-10-21 02:40:46,037 [BlockDeletingService#2] WARN  background.BlockDeletingService (BlockDeletingService.java:isDeletionAllowed(187)) - Close Container log Index 6 is not replicated across allthe servers in the pipeline b247b7b0-bc56-4c4b-9e26-98acf608db4d as the min replicated index is 4. Deletion is not allowed in this container yet.
2019-10-21 02:40:46,051 [BlockDeletingService#2] WARN  background.BlockDeletingService (BlockDeletingService.java:isDeletionAllowed(187)) - Close Container log Index 6 is not replicated across allthe servers in the pipeline b247b7b0-bc56-4c4b-9e26-98acf608db4d as the min replicated index is 4. Deletion is not allowed in this container yet.
2019-10-21 02:40:46,057 [Thread-364] INFO  client.GrpcClientProtocolService (GrpcClientProtocolService.java:lambda$processClientRequest$0(279)) - Failed RaftClientRequest:client-A91BDCACAE43->d56bd5cd-a10f-47cc-a049-69cbb5837008@group-98ACF608DB4D, cid=22, seq=0, Watch-ALL_COMMITTED(6), Message:<EMPTY>, reply=RaftClientReply:client-A91BDCACAE43->d56bd5cd-a10f-47cc-a049-69cbb5837008@group-98ACF608DB4D, cid=22, FAILED org.apache.ratis.protocol.NotLeaderException: Server d56bd5cd-a10f-47cc-a049-69cbb5837008@group-98ACF608DB4D is not the leader 346fa4f8-3ab8-43df-a502-3f4b9443122a:192.168.34.9:34701, logIndex=0, commits[d56bd5cd-a10f-47cc-a049-69cbb5837008:c10, 346fa4f8-3ab8-43df-a502-3f4b9443122a:c10, 0299b781-7796-45ba-9036-f37ef6071f27:c4]
2019-10-21 02:40:46,135 [EventQueue-ContainerReportForContainerReportHandler] WARN  container.ContainerReportHandler (AbstractContainerReportHandler.java:updateContainerState(145)) - Container #1 is in OPEN state, but the datanode 346fa4f8-3ab8-43df-a502-3f4b9443122a{ip: 192.168.34.9, host: pr-hdds-1868-8w4sl-2612808232, networkLocation: /default-rack, certSerialId: null} reports an CLOSED replica.
2019-10-21 02:40:46,178 [EventQueue-ContainerReportForContainerReportHandler] WARN  container.ContainerReportHandler (AbstractContainerReportHandler.java:updateContainerState(145)) - Container #1 is in OPEN state, but the datanode d56bd5cd-a10f-47cc-a049-69cbb5837008{ip: 192.168.34.9, host: pr-hdds-1868-8w4sl-2612808232, networkLocation: /default-rack, certSerialId: null} reports an CLOSED replica.
2019-10-21 02:40:46,435 [EventQueue-ContainerReportForContainerReportHandler] WARN  container.ContainerReportHandler (AbstractContainerReportHandler.java:updateContainerState(145)) - Container #1 is in OPEN state, but the datanode 346fa4f8-3ab8-43df-a502-3f4b9443122a{ip: 192.168.34.9, host: pr-hdds-1868-8w4sl-2612808232, networkLocation: /default-rack, certSerialId: null} reports an CLOSED replica.
2019-10-21 02:40:46,479 [EventQueue-ContainerReportForContainerReportHandler] WARN  container.ContainerReportHandler (AbstractContainerReportHandler.java:updateContainerState(145)) - Container #1 is in OPEN state, but the datanode d56bd5cd-a10f-47cc-a049-69cbb5837008{ip: 192.168.34.9, host: pr-hdds-1868-8w4sl-2612808232, networkLocation: /default-rack, certSerialId: null} reports an CLOSED replica.
2019-10-21 02:40:46,779 [EventQueue-ContainerReportForContainerReportHandler] WARN  container.ContainerReportHandler (AbstractContainerReportHandler.java:updateContainerState(145)) - Container #1 is in OPEN state, but the datanode d56bd5cd-a10f-47cc-a049-69cbb5837008{ip: 192.168.34.9, host: pr-hdds-1868-8w4sl-2612808232, networkLocation: /default-rack, certSerialId: null} reports an CLOSED replica.
2019-10-21 02:40:46,838 [EventQueue-ContainerReportForContainerReportHandler] WARN  container.ContainerReportHandler (AbstractContainerReportHandler.java:updateContainerState(145)) - Container #1 is in OPEN state, but the datanode 346fa4f8-3ab8-43df-a502-3f4b9443122a{ip: 192.168.34.9, host: pr-hdds-1868-8w4sl-2612808232, networkLocation: /default-rack, certSerialId: null} reports an CLOSED replica.
2019-10-21 02:40:47,039 [BlockDeletingService#2] WARN  background.BlockDeletingService (BlockDeletingService.java:isDeletionAllowed(187)) - Close Container log Index 6 is not replicated across allthe servers in the pipeline b247b7b0-bc56-4c4b-9e26-98acf608db4d as the min replicated index is 4. Deletion is not allowed in this container yet.
2019-10-21 02:40:47,053 [BlockDeletingService#2] WARN  background.BlockDeletingService (BlockDeletingService.java:isDeletionAllowed(187)) - Close Container log Index 6 is not replicated across allthe servers in the pipeline b247b7b0-bc56-4c4b-9e26-98acf608db4d as the min replicated index is 4. Deletion is not allowed in this container yet.
2019-10-21 02:40:47,080 [EventQueue-ContainerReportForContainerReportHandler] WARN  container.ContainerReportHandler (AbstractContainerReportHandler.java:updateContainerState(145)) - Container #1 is in OPEN state, but the datanode d56bd5cd-a10f-47cc-a049-69cbb5837008{ip: 192.168.34.9, host: pr-hdds-1868-8w4sl-2612808232, networkLocation: /default-rack, certSerialId: null} reports an CLOSED replica.
2019-10-21 02:40:47,138 [EventQueue-ContainerReportForContainerReportHandler] WARN  container.ContainerReportHandler (AbstractContainerReportHandler.java:updateContainerState(145)) - Container #1 is in OPEN state, but the datanode 346fa4f8-3ab8-43df-a502-3f4b9443122a{ip: 192.168.34.9, host: pr-hdds-1868-8w4sl-2612808232, networkLocation: /default-rack, certSerialId: null} reports an CLOSED replica.
2019-10-21 02:40:47,479 [EventQueue-ContainerReportForContainerReportHandler] WARN  container.ContainerReportHandler (AbstractContainerReportHandler.java:updateContainerState(145)) - Container #1 is in OPEN state, but the datanode d56bd5cd-a10f-47cc-a049-69cbb5837008{ip: 192.168.34.9, host: pr-hdds-1868-8w4sl-2612808232, networkLocation: /default-rack, certSerialId: null} reports an CLOSED replica.
2019-10-21 02:40:47,538 [EventQueue-ContainerReportForContainerReportHandler] WARN  container.ContainerReportHandler (AbstractContainerReportHandler.java:updateContainerState(145)) - Container #1 is in OPEN state, but the datanode 346fa4f8-3ab8-43df-a502-3f4b9443122a{ip: 192.168.34.9, host: pr-hdds-1868-8w4sl-2612808232, networkLocation: /default-rack, certSerialId: null} reports an CLOSED replica.
2019-10-21 02:40:47,755 [Thread-370] INFO  client.GrpcClientProtocolService (GrpcClientProtocolService.java:lambda$processClientRequest$0(279)) - Failed RaftClientRequest:client-A91BDCACAE43->346fa4f8-3ab8-43df-a502-3f4b9443122a@group-98ACF608DB4D, cid=22, seq=0, Watch-ALL_COMMITTED(6), Message:<EMPTY>, reply=RaftClientReply:client-A91BDCACAE43->346fa4f8-3ab8-43df-a502-3f4b9443122a@group-98ACF608DB4D, cid=22, FAILED org.apache.ratis.protocol.NotReplicatedException: Request with call Id 22 and log index 6 is not yet replicated to ALL_COMMITTED, logIndex=6, commits[346fa4f8-3ab8-43df-a502-3f4b9443122a:c10, d56bd5cd-a10f-47cc-a049-69cbb5837008:c10, 0299b781-7796-45ba-9036-f37ef6071f27:c4]
2019-10-21 02:40:47,779 [EventQueue-ContainerReportForContainerReportHandler] WARN  container.ContainerReportHandler (AbstractContainerReportHandler.java:updateContainerState(145)) - Container #1 is in OPEN state, but the datanode d56bd5cd-a10f-47cc-a049-69cbb5837008{ip: 192.168.34.9, host: pr-hdds-1868-8w4sl-2612808232, networkLocation: /default-rack, certSerialId: null} reports an CLOSED replica.
2019-10-21 02:40:47,938 [EventQueue-ContainerReportForContainerReportHandler] WARN  container.ContainerReportHandler (AbstractContainerReportHandler.java:updateContainerState(145)) - Container #1 is in OPEN state, but the datanode 346fa4f8-3ab8-43df-a502-3f4b9443122a{ip: 192.168.34.9, host: pr-hdds-1868-8w4sl-2612808232, networkLocation: /default-rack, certSerialId: null} reports an CLOSED replica.
2019-10-21 02:40:48,042 [BlockDeletingService#2] WARN  background.BlockDeletingService (BlockDeletingService.java:isDeletionAllowed(187)) - Close Container log Index 6 is not replicated across allthe servers in the pipeline b247b7b0-bc56-4c4b-9e26-98acf608db4d as the min replicated index is 4. Deletion is not allowed in this container yet.
2019-10-21 02:40:48,054 [BlockDeletingService#2] WARN  background.BlockDeletingService (BlockDeletingService.java:isDeletionAllowed(187)) - Close Container log Index 6 is not replicated across allthe servers in the pipeline b247b7b0-bc56-4c4b-9e26-98acf608db4d as the min replicated index is 4. Deletion is not allowed in this container yet.
2019-10-21 02:40:48,079 [EventQueue-ContainerReportForContainerReportHandler] WARN  container.ContainerReportHandler (AbstractContainerReportHandler.java:updateContainerState(145)) - Container #1 is in OPEN state, but the datanode d56bd5cd-a10f-47cc-a049-69cbb5837008{ip: 192.168.34.9, host: pr-hdds-1868-8w4sl-2612808232, networkLocation: /default-rack, certSerialId: null} reports an CLOSED replica.
2019-10-21 02:40:48,237 [EventQueue-ContainerReportForContainerReportHandler] WARN  container.ContainerReportHandler (AbstractContainerReportHandler.java:updateContainerState(145)) - Container #1 is in OPEN state, but the datanode 346fa4f8-3ab8-43df-a502-3f4b9443122a{ip: 192.168.34.9, host: pr-hdds-1868-8w4sl-2612808232, networkLocation: /default-rack, certSerialId: null} reports an CLOSED replica.
2019-10-21 02:40:48,379 [EventQueue-ContainerReportForContainerReportHandler] WARN  container.ContainerReportHandler (AbstractContainerReportHandler.java:updateContainerState(145)) - Container #1 is in OPEN state, but the datanode d56bd5cd-a10f-47cc-a049-69cbb5837008{ip: 192.168.34.9, host: pr-hdds-1868-8w4sl-2612808232, networkLocation: /default-rack, certSerialId: null} reports an CLOSED replica.
2019-10-21 02:40:48,437 [EventQueue-ContainerReportForContainerReportHandler] WARN  container.ContainerReportHandler (AbstractContainerReportHandler.java:updateContainerState(145)) - Container #1 is in OPEN state, but the datanode 346fa4f8-3ab8-43df-a502-3f4b9443122a{ip: 192.168.34.9, host: pr-hdds-1868-8w4sl-2612808232, networkLocation: /default-rack, certSerialId: null} reports an CLOSED replica.
2019-10-21 02:40:48,472 [java.util.concurrent.ThreadPoolExecutor$Worker@411a2772[State = -1, empty queue]] WARN  server.GrpcLogAppender (GrpcLogAppender.java:timeoutAppendRequest(209)) - 346fa4f8-3ab8-43df-a502-3f4b9443122a@group-98ACF608DB4D->0299b781-7796-45ba-9036-f37ef6071f27-GrpcLogAppender: appendEntries Timeout, request=346fa4f8-3ab8-43df-a502-3f4b9443122a->0299b781-7796-45ba-9036-f37ef6071f27#28-t1, previous=(t:1, i:10), leaderCommit=10, initializing? false, entries: <empty>
2019-10-21 02:40:48,580 [EventQueue-ContainerReportForContainerReportHandler] WARN  container.ContainerReportHandler (AbstractContainerReportHandler.java:updateContainerState(145)) - Container #1 is in OPEN state, but the datanode d56bd5cd-a10f-47cc-a049-69cbb5837008{ip: 192.168.34.9, host: pr-hdds-1868-8w4sl-2612808232, networkLocation: /default-rack, certSerialId: null} reports an CLOSED replica.
2019-10-21 02:40:48,738 [EventQueue-ContainerReportForContainerReportHandler] WARN  container.ContainerReportHandler (AbstractContainerReportHandler.java:updateContainerState(145)) - Container #1 is in OPEN state, but the datanode 346fa4f8-3ab8-43df-a502-3f4b9443122a{ip: 192.168.34.9, host: pr-hdds-1868-8w4sl-2612808232, networkLocation: /default-rack, certSerialId: null} reports an CLOSED replica.
2019-10-21 02:40:48,980 [EventQueue-ContainerReportForContainerReportHandler] WARN  container.ContainerReportHandler (AbstractContainerReportHandler.java:updateContainerState(145)) - Container #1 is in OPEN state, but the datanode d56bd5cd-a10f-47cc-a049-69cbb5837008{ip: 192.168.34.9, host: pr-hdds-1868-8w4sl-2612808232, networkLocation: /default-rack, certSerialId: null} reports an CLOSED replica.
2019-10-21 02:40:49,044 [BlockDeletingService#2] WARN  background.BlockDeletingService (BlockDeletingService.java:isDeletionAllowed(187)) - Close Container log Index 6 is not replicated across allthe servers in the pipeline b247b7b0-bc56-4c4b-9e26-98acf608db4d as the min replicated index is 4. Deletion is not allowed in this container yet.
2019-10-21 02:40:49,055 [BlockDeletingService#2] WARN  background.BlockDeletingService (BlockDeletingService.java:isDeletionAllowed(187)) - Close Container log Index 6 is not replicated across allthe servers in the pipeline b247b7b0-bc56-4c4b-9e26-98acf608db4d as the min replicated index is 4. Deletion is not allowed in this container yet.
2019-10-21 02:40:49,138 [EventQueue-ContainerReportForContainerReportHandler] WARN  container.ContainerReportHandler (AbstractContainerReportHandler.java:updateContainerState(145)) - Container #1 is in OPEN state, but the datanode 346fa4f8-3ab8-43df-a502-3f4b9443122a{ip: 192.168.34.9, host: pr-hdds-1868-8w4sl-2612808232, networkLocation: /default-rack, certSerialId: null} reports an CLOSED replica.
2019-10-21 02:40:49,280 [EventQueue-ContainerReportForContainerReportHandler] WARN  container.ContainerReportHandler (AbstractContainerReportHandler.java:updateContainerState(145)) - Container #1 is in OPEN state, but the datanode d56bd5cd-a10f-47cc-a049-69cbb5837008{ip: 192.168.34.9, host: pr-hdds-1868-8w4sl-2612808232, networkLocation: /default-rack, certSerialId: null} reports an CLOSED replica.
2019-10-21 02:40:49,539 [EventQueue-ContainerReportForContainerReportHandler] WARN  container.ContainerReportHandler (AbstractContainerReportHandler.java:updateContainerState(145)) - Container #1 is in OPEN state, but the datanode 346fa4f8-3ab8-43df-a502-3f4b9443122a{ip: 192.168.34.9, host: pr-hdds-1868-8w4sl-2612808232, networkLocation: /default-rack, certSerialId: null} reports an CLOSED replica.
2019-10-21 02:40:49,680 [EventQueue-ContainerReportForContainerReportHandler] WARN  container.ContainerReportHandler (AbstractContainerReportHandler.java:updateContainerState(145)) - Container #1 is in OPEN state, but the datanode d56bd5cd-a10f-47cc-a049-69cbb5837008{ip: 192.168.34.9, host: pr-hdds-1868-8w4sl-2612808232, networkLocation: /default-rack, certSerialId: null} reports an CLOSED replica.
2019-10-21 02:40:49,839 [EventQueue-ContainerReportForContainerReportHandler] WARN  container.ContainerReportHandler (AbstractContainerReportHandler.java:updateContainerState(145)) - Container #1 is in OPEN state, but the datanode 346fa4f8-3ab8-43df-a502-3f4b9443122a{ip: 192.168.34.9, host: pr-hdds-1868-8w4sl-2612808232, networkLocation: /default-rack, certSerialId: null} reports an CLOSED replica.
2019-10-21 02:40:50,046 [BlockDeletingService#2] WARN  background.BlockDeletingService (BlockDeletingService.java:isDeletionAllowed(187)) - Close Container log Index 6 is not replicated across allthe servers in the pipeline b247b7b0-bc56-4c4b-9e26-98acf608db4d as the min replicated index is 4. Deletion is not allowed in this container yet.
2019-10-21 02:40:50,056 [BlockDeletingService#2] WARN  background.BlockDeletingService (BlockDeletingService.java:isDeletionAllowed(187)) - Close Container log Index 6 is not replicated across allthe servers in the pipeline b247b7b0-bc56-4c4b-9e26-98acf608db4d as the min replicated index is 4. Deletion is not allowed in this container yet.
2019-10-21 02:40:50,080 [EventQueue-ContainerReportForContainerReportHandler] WARN  container.ContainerReportHandler (AbstractContainerReportHandler.java:updateContainerState(145)) - Container #1 is in OPEN state, but the datanode d56bd5cd-a10f-47cc-a049-69cbb5837008{ip: 192.168.34.9, host: pr-hdds-1868-8w4sl-2612808232, networkLocation: /default-rack, certSerialId: null} reports an CLOSED replica.
2019-10-21 02:40:50,139 [EventQueue-ContainerReportForContainerReportHandler] WARN  container.ContainerReportHandler (AbstractContainerReportHandler.java:updateContainerState(145)) - Container #1 is in OPEN state, but the datanode 346fa4f8-3ab8-43df-a502-3f4b9443122a{ip: 192.168.34.9, host: pr-hdds-1868-8w4sl-2612808232, networkLocation: /default-rack, certSerialId: null} reports an CLOSED replica.
2019-10-21 02:40:50,381 [EventQueue-ContainerReportForContainerReportHandler] WARN  container.ContainerReportHandler (AbstractContainerReportHandler.java:updateContainerState(145)) - Container #1 is in OPEN state, but the datanode d56bd5cd-a10f-47cc-a049-69cbb5837008{ip: 192.168.34.9, host: pr-hdds-1868-8w4sl-2612808232, networkLocation: /default-rack, certSerialId: null} reports an CLOSED replica.
2019-10-21 02:40:50,539 [EventQueue-ContainerReportForContainerReportHandler] WARN  container.ContainerReportHandler (AbstractContainerReportHandler.java:updateContainerState(145)) - Container #1 is in OPEN state, but the datanode 346fa4f8-3ab8-43df-a502-3f4b9443122a{ip: 192.168.34.9, host: pr-hdds-1868-8w4sl-2612808232, networkLocation: /default-rack, certSerialId: null} reports an CLOSED replica.
2019-10-21 02:40:50,681 [EventQueue-ContainerReportForContainerReportHandler] WARN  container.ContainerReportHandler (AbstractContainerReportHandler.java:updateContainerState(145)) - Container #1 is in OPEN state, but the datanode d56bd5cd-a10f-47cc-a049-69cbb5837008{ip: 192.168.34.9, host: pr-hdds-1868-8w4sl-2612808232, networkLocation: /default-rack, certSerialId: null} reports an CLOSED replica.
2019-10-21 02:40:50,840 [EventQueue-ContainerReportForContainerReportHandler] WARN  container.ContainerReportHandler (AbstractContainerReportHandler.java:updateContainerState(145)) - Container #1 is in OPEN state, but the datanode 346fa4f8-3ab8-43df-a502-3f4b9443122a{ip: 192.168.34.9, host: pr-hdds-1868-8w4sl-2612808232, networkLocation: /default-rack, certSerialId: null} reports an CLOSED replica.
2019-10-21 02:40:50,973 [java.util.concurrent.ThreadPoolExecutor$Worker@411a2772[State = -1, empty queue]] WARN  server.GrpcLogAppender (GrpcLogAppender.java:timeoutAppendRequest(209)) - 346fa4f8-3ab8-43df-a502-3f4b9443122a@group-98ACF608DB4D->0299b781-7796-45ba-9036-f37ef6071f27-GrpcLogAppender: appendEntries Timeout, request=346fa4f8-3ab8-43df-a502-3f4b9443122a->0299b781-7796-45ba-9036-f37ef6071f27#29-t1, previous=(t:1, i:10), leaderCommit=10, initializing? false, entries: <empty>
2019-10-21 02:40:50,981 [EventQueue-ContainerReportForContainerReportHandler] WARN  container.ContainerReportHandler (AbstractContainerReportHandler.java:updateContainerState(145)) - Container #1 is in OPEN state, but the datanode d56bd5cd-a10f-47cc-a049-69cbb5837008{ip: 192.168.34.9, host: pr-hdds-1868-8w4sl-2612808232, networkLocation: /default-rack, certSerialId: null} reports an CLOSED replica.
2019-10-21 02:40:51,047 [BlockDeletingService#2] WARN  background.BlockDeletingService (BlockDeletingService.java:isDeletionAllowed(187)) - Close Container log Index 6 is not replicated across allthe servers in the pipeline b247b7b0-bc56-4c4b-9e26-98acf608db4d as the min replicated index is 4. Deletion is not allowed in this container yet.
2019-10-21 02:40:51,057 [BlockDeletingService#2] WARN  background.BlockDeletingService (BlockDeletingService.java:isDeletionAllowed(187)) - Close Container log Index 6 is not replicated across allthe servers in the pipeline b247b7b0-bc56-4c4b-9e26-98acf608db4d as the min replicated index is 4. Deletion is not allowed in this container yet.
2019-10-21 02:40:51,140 [EventQueue-ContainerReportForContainerReportHandler] WARN  container.ContainerReportHandler (AbstractContainerReportHandler.java:updateContainerState(145)) - Container #1 is in OPEN state, but the datanode 346fa4f8-3ab8-43df-a502-3f4b9443122a{ip: 192.168.34.9, host: pr-hdds-1868-8w4sl-2612808232, networkLocation: /default-rack, certSerialId: null} reports an CLOSED replica.
2019-10-21 02:40:51,381 [EventQueue-ContainerReportForContainerReportHandler] WARN  container.ContainerReportHandler (AbstractContainerReportHandler.java:updateContainerState(145)) - Container #1 is in OPEN state, but the datanode d56bd5cd-a10f-47cc-a049-69cbb5837008{ip: 192.168.34.9, host: pr-hdds-1868-8w4sl-2612808232, networkLocation: /default-rack, certSerialId: null} reports an CLOSED replica.
2019-10-21 02:40:51,439 [EventQueue-ContainerReportForContainerReportHandler] WARN  container.ContainerReportHandler (AbstractContainerReportHandler.java:updateContainerState(145)) - Container #1 is in OPEN state, but the datanode 346fa4f8-3ab8-43df-a502-3f4b9443122a{ip: 192.168.34.9, host: pr-hdds-1868-8w4sl-2612808232, networkLocation: /default-rack, certSerialId: null} reports an CLOSED replica.
2019-10-21 02:40:51,742 [EventQueue-ContainerReportForContainerReportHandler] WARN  container.ContainerReportHandler (AbstractContainerReportHandler.java:updateContainerState(145)) - Container #1 is in OPEN state, but the datanode 346fa4f8-3ab8-43df-a502-3f4b9443122a{ip: 192.168.34.9, host: pr-hdds-1868-8w4sl-2612808232, networkLocation: /default-rack, certSerialId: null} reports an CLOSED replica.
2019-10-21 02:40:51,781 [EventQueue-ContainerReportForContainerReportHandler] WARN  container.ContainerReportHandler (AbstractContainerReportHandler.java:updateContainerState(145)) - Container #1 is in OPEN state, but the datanode d56bd5cd-a10f-47cc-a049-69cbb5837008{ip: 192.168.34.9, host: pr-hdds-1868-8w4sl-2612808232, networkLocation: /default-rack, certSerialId: null} reports an CLOSED replica.
2019-10-21 02:40:52,050 [BlockDeletingService#2] WARN  background.BlockDeletingService (BlockDeletingService.java:isDeletionAllowed(187)) - Close Container log Index 6 is not replicated across allthe servers in the pipeline b247b7b0-bc56-4c4b-9e26-98acf608db4d as the min replicated index is 4. Deletion is not allowed in this container yet.
2019-10-21 02:40:52,059 [BlockDeletingService#2] WARN  background.BlockDeletingService (BlockDeletingService.java:isDeletionAllowed(187)) - Close Container log Index 6 is not replicated across allthe servers in the pipeline b247b7b0-bc56-4c4b-9e26-98acf608db4d as the min replicated index is 4. Deletion is not allowed in this container yet.
2019-10-21 02:40:52,082 [EventQueue-ContainerReportForContainerReportHandler] WARN  container.ContainerReportHandler (AbstractContainerReportHandler.java:updateContainerState(145)) - Container #1 is in OPEN state, but the datanode d56bd5cd-a10f-47cc-a049-69cbb5837008{ip: 192.168.34.9, host: pr-hdds-1868-8w4sl-2612808232, networkLocation: /default-rack, certSerialId: null} reports an CLOSED replica.
2019-10-21 02:40:52,141 [EventQueue-ContainerReportForContainerReportHandler] WARN  container.ContainerReportHandler (AbstractContainerReportHandler.java:updateContainerState(145)) - Container #1 is in OPEN state, but the datanode 346fa4f8-3ab8-43df-a502-3f4b9443122a{ip: 192.168.34.9, host: pr-hdds-1868-8w4sl-2612808232, networkLocation: /default-rack, certSerialId: null} reports an CLOSED replica.
2019-10-21 02:40:52,384 [EventQueue-ContainerReportForContainerReportHandler] WARN  container.ContainerReportHandler (AbstractContainerReportHandler.java:updateContainerState(145)) - Container #1 is in OPEN state, but the datanode d56bd5cd-a10f-47cc-a049-69cbb5837008{ip: 192.168.34.9, host: pr-hdds-1868-8w4sl-2612808232, networkLocation: /default-rack, certSerialId: null} reports an CLOSED replica.
2019-10-21 02:40:52,541 [EventQueue-ContainerReportForContainerReportHandler] WARN  container.ContainerReportHandler (AbstractContainerReportHandler.java:updateContainerState(145)) - Container #1 is in OPEN state, but the datanode 346fa4f8-3ab8-43df-a502-3f4b9443122a{ip: 192.168.34.9, host: pr-hdds-1868-8w4sl-2612808232, networkLocation: /default-rack, certSerialId: null} reports an CLOSED replica.
2019-10-21 02:40:52,741 [EventQueue-ContainerReportForContainerReportHandler] WARN  container.ContainerReportHandler (AbstractContainerReportHandler.java:updateContainerState(145)) - Container #1 is in OPEN state, but the datanode 346fa4f8-3ab8-43df-a502-3f4b9443122a{ip: 192.168.34.9, host: pr-hdds-1868-8w4sl-2612808232, networkLocation: /default-rack, certSerialId: null} reports an CLOSED replica.
2019-10-21 02:40:52,783 [EventQueue-ContainerReportForContainerReportHandler] WARN  container.ContainerReportHandler (AbstractContainerReportHandler.java:updateContainerState(145)) - Container #1 is in OPEN state, but the datanode d56bd5cd-a10f-47cc-a049-69cbb5837008{ip: 192.168.34.9, host: pr-hdds-1868-8w4sl-2612808232, networkLocation: /default-rack, certSerialId: null} reports an CLOSED replica.
2019-10-21 02:40:53,042 [EventQueue-ContainerReportForContainerReportHandler] WARN  container.ContainerReportHandler (AbstractContainerReportHandler.java:updateContainerState(145)) - Container #1 is in OPEN state, but the datanode 346fa4f8-3ab8-43df-a502-3f4b9443122a{ip: 192.168.34.9, host: pr-hdds-1868-8w4sl-2612808232, networkLocation: /default-rack, certSerialId: null} reports an CLOSED replica.
2019-10-21 02:40:53,051 [BlockDeletingService#2] WARN  background.BlockDeletingService (BlockDeletingService.java:isDeletionAllowed(187)) - Close Container log Index 6 is not replicated across allthe servers in the pipeline b247b7b0-bc56-4c4b-9e26-98acf608db4d as the min replicated index is 4. Deletion is not allowed in this container yet.
2019-10-21 02:40:53,061 [BlockDeletingService#2] WARN  background.BlockDeletingService (BlockDeletingService.java:isDeletionAllowed(187)) - Close Container log Index 6 is not replicated across allthe servers in the pipeline b247b7b0-bc56-4c4b-9e26-98acf608db4d as the min replicated index is 4. Deletion is not allowed in this container yet.
2019-10-21 02:40:53,084 [EventQueue-ContainerReportForContainerReportHandler] WARN  container.ContainerReportHandler (AbstractContainerReportHandler.java:updateContainerState(145)) - Container #1 is in OPEN state, but the datanode d56bd5cd-a10f-47cc-a049-69cbb5837008{ip: 192.168.34.9, host: pr-hdds-1868-8w4sl-2612808232, networkLocation: /default-rack, certSerialId: null} reports an CLOSED replica.
2019-10-21 02:40:53,384 [EventQueue-ContainerReportForContainerReportHandler] WARN  container.ContainerReportHandler (AbstractContainerReportHandler.java:updateContainerState(145)) - Container #1 is in OPEN state, but the datanode d56bd5cd-a10f-47cc-a049-69cbb5837008{ip: 192.168.34.9, host: pr-hdds-1868-8w4sl-2612808232, networkLocation: /default-rack, certSerialId: null} reports an CLOSED replica.
2019-10-21 02:40:53,441 [EventQueue-ContainerReportForContainerReportHandler] WARN  container.ContainerReportHandler (AbstractContainerReportHandler.java:updateContainerState(145)) - Container #1 is in OPEN state, but the datanode 346fa4f8-3ab8-43df-a502-3f4b9443122a{ip: 192.168.34.9, host: pr-hdds-1868-8w4sl-2612808232, networkLocation: /default-rack, certSerialId: null} reports an CLOSED replica.
2019-10-21 02:40:53,474 [java.util.concurrent.ThreadPoolExecutor$Worker@411a2772[State = -1, empty queue]] WARN  server.GrpcLogAppender (GrpcLogAppender.java:timeoutAppendRequest(209)) - 346fa4f8-3ab8-43df-a502-3f4b9443122a@group-98ACF608DB4D->0299b781-7796-45ba-9036-f37ef6071f27-GrpcLogAppender: appendEntries Timeout, request=346fa4f8-3ab8-43df-a502-3f4b9443122a->0299b781-7796-45ba-9036-f37ef6071f27#30-t1, previous=(t:1, i:10), leaderCommit=10, initializing? false, entries: <empty>
2019-10-21 02:40:53,741 [EventQueue-ContainerReportForContainerReportHandler] WARN  container.ContainerReportHandler (AbstractContainerReportHandler.java:updateContainerState(145)) - Container #1 is in OPEN state, but the datanode 346fa4f8-3ab8-43df-a502-3f4b9443122a{ip: 192.168.34.9, host: pr-hdds-1868-8w4sl-2612808232, networkLocation: /default-rack, certSerialId: null} reports an CLOSED replica.
2019-10-21 02:40:53,784 [EventQueue-ContainerReportForContainerReportHandler] WARN  container.ContainerReportHandler (AbstractContainerReportHandler.java:updateContainerState(145)) - Container #1 is in OPEN state, but the datanode d56bd5cd-a10f-47cc-a049-69cbb5837008{ip: 192.168.34.9, host: pr-hdds-1868-8w4sl-2612808232, networkLocation: /default-rack, certSerialId: null} reports an CLOSED replica.
2019-10-21 02:40:53,984 [EventQueue-ContainerReportForContainerReportHandler] WARN  container.ContainerReportHandler (AbstractContainerReportHandler.java:updateContainerState(145)) - Container #1 is in OPEN state, but the datanode d56bd5cd-a10f-47cc-a049-69cbb5837008{ip: 192.168.34.9, host: pr-hdds-1868-8w4sl-2612808232, networkLocation: /default-rack, certSerialId: null} reports an CLOSED replica.
2019-10-21 02:40:54,042 [EventQueue-ContainerReportForContainerReportHandler] WARN  container.ContainerReportHandler (AbstractContainerReportHandler.java:updateContainerState(145)) - Container #1 is in OPEN state, but the datanode 346fa4f8-3ab8-43df-a502-3f4b9443122a{ip: 192.168.34.9, host: pr-hdds-1868-8w4sl-2612808232, networkLocation: /default-rack, certSerialId: null} reports an CLOSED replica.
2019-10-21 02:40:54,052 [BlockDeletingService#2] WARN  background.BlockDeletingService (BlockDeletingService.java:isDeletionAllowed(187)) - Close Container log Index 6 is not replicated across allthe servers in the pipeline b247b7b0-bc56-4c4b-9e26-98acf608db4d as the min replicated index is 4. Deletion is not allowed in this container yet.
2019-10-21 02:40:54,062 [BlockDeletingService#2] WARN  background.BlockDeletingService (BlockDeletingService.java:isDeletionAllowed(187)) - Close Container log Index 6 is not replicated across allthe servers in the pipeline b247b7b0-bc56-4c4b-9e26-98acf608db4d as the min replicated index is 4. Deletion is not allowed in this container yet.
2019-10-21 02:40:54,183 [EventQueue-ContainerReportForContainerReportHandler] WARN  container.ContainerReportHandler (AbstractContainerReportHandler.java:updateContainerState(145)) - Container #1 is in OPEN state, but the datanode d56bd5cd-a10f-47cc-a049-69cbb5837008{ip: 192.168.34.9, host: pr-hdds-1868-8w4sl-2612808232, networkLocation: /default-rack, certSerialId: null} reports an CLOSED replica.
2019-10-21 02:40:54,342 [EventQueue-ContainerReportForContainerReportHandler] WARN  container.ContainerReportHandler (AbstractContainerReportHandler.java:updateContainerState(145)) - Container #1 is in OPEN state, but the datanode 346fa4f8-3ab8-43df-a502-3f4b9443122a{ip: 192.168.34.9, host: pr-hdds-1868-8w4sl-2612808232, networkLocation: /default-rack, certSerialId: null} reports an CLOSED replica.
2019-10-21 02:40:54,584 [EventQueue-ContainerReportForContainerReportHandler] WARN  container.ContainerReportHandler (AbstractContainerReportHandler.java:updateContainerState(145)) - Container #1 is in OPEN state, but the datanode d56bd5cd-a10f-47cc-a049-69cbb5837008{ip: 192.168.34.9, host: pr-hdds-1868-8w4sl-2612808232, networkLocation: /default-rack, certSerialId: null} reports an CLOSED replica.
2019-10-21 02:40:54,642 [EventQueue-ContainerReportForContainerReportHandler] WARN  container.ContainerReportHandler (AbstractContainerReportHandler.java:updateContainerState(145)) - Container #1 is in OPEN state, but the datanode 346fa4f8-3ab8-43df-a502-3f4b9443122a{ip: 192.168.34.9, host: pr-hdds-1868-8w4sl-2612808232, networkLocation: /default-rack, certSerialId: null} reports an CLOSED replica.
2019-10-21 02:40:54,886 [EventQueue-ContainerReportForContainerReportHandler] WARN  container.ContainerReportHandler (AbstractContainerReportHandler.java:updateContainerState(145)) - Container #1 is in OPEN state, but the datanode d56bd5cd-a10f-47cc-a049-69cbb5837008{ip: 192.168.34.9, host: pr-hdds-1868-8w4sl-2612808232, networkLocation: /default-rack, certSerialId: null} reports an CLOSED replica.
2019-10-21 02:40:54,942 [EventQueue-ContainerReportForContainerReportHandler] WARN  container.ContainerReportHandler (AbstractContainerReportHandler.java:updateContainerState(145)) - Container #1 is in OPEN state, but the datanode 346fa4f8-3ab8-43df-a502-3f4b9443122a{ip: 192.168.34.9, host: pr-hdds-1868-8w4sl-2612808232, networkLocation: /default-rack, certSerialId: null} reports an CLOSED replica.
2019-10-21 02:40:55,053 [BlockDeletingService#2] WARN  background.BlockDeletingService (BlockDeletingService.java:isDeletionAllowed(187)) - Close Container log Index 6 is not replicated across allthe servers in the pipeline b247b7b0-bc56-4c4b-9e26-98acf608db4d as the min replicated index is 4. Deletion is not allowed in this container yet.
2019-10-21 02:40:55,063 [BlockDeletingService#2] WARN  background.BlockDeletingService (BlockDeletingService.java:isDeletionAllowed(187)) - Close Container log Index 6 is not replicated across allthe servers in the pipeline b247b7b0-bc56-4c4b-9e26-98acf608db4d as the min replicated index is 4. Deletion is not allowed in this container yet.
2019-10-21 02:40:55,085 [Thread-392] INFO  client.GrpcClientProtocolService (GrpcClientProtocolService.java:lambda$processClientRequest$0(279)) - Failed RaftClientRequest:client-A91BDCACAE43->d56bd5cd-a10f-47cc-a049-69cbb5837008@group-98ACF608DB4D, cid=22, seq=0, Watch-ALL_COMMITTED(6), Message:<EMPTY>, reply=RaftClientReply:client-A91BDCACAE43->d56bd5cd-a10f-47cc-a049-69cbb5837008@group-98ACF608DB4D, cid=22, FAILED org.apache.ratis.protocol.NotLeaderException: Server d56bd5cd-a10f-47cc-a049-69cbb5837008@group-98ACF608DB4D is not the leader 346fa4f8-3ab8-43df-a502-3f4b9443122a:192.168.34.9:34701, logIndex=0, commits[d56bd5cd-a10f-47cc-a049-69cbb5837008:c10, 346fa4f8-3ab8-43df-a502-3f4b9443122a:c10, 0299b781-7796-45ba-9036-f37ef6071f27:c4]
2019-10-21 02:40:55,088 [EventQueue-ContainerReportForContainerReportHandler] WARN  container.ContainerReportHandler (AbstractContainerReportHandler.java:updateContainerState(145)) - Container #1 is in OPEN state, but the datanode d56bd5cd-a10f-47cc-a049-69cbb5837008{ip: 192.168.34.9, host: pr-hdds-1868-8w4sl-2612808232, networkLocation: /default-rack, certSerialId: null} reports an CLOSED replica.
2019-10-21 02:40:55,142 [EventQueue-ContainerReportForContainerReportHandler] WARN  container.ContainerReportHandler (AbstractContainerReportHandler.java:updateContainerState(145)) - Container #1 is in OPEN state, but the datanode 346fa4f8-3ab8-43df-a502-3f4b9443122a{ip: 192.168.34.9, host: pr-hdds-1868-8w4sl-2612808232, networkLocation: /default-rack, certSerialId: null} reports an CLOSED replica.
2019-10-21 02:40:55,386 [EventQueue-ContainerReportForContainerReportHandler] WARN  container.ContainerReportHandler (AbstractContainerReportHandler.java:updateContainerState(145)) - Container #1 is in OPEN state, but the datanode d56bd5cd-a10f-47cc-a049-69cbb5837008{ip: 192.168.34.9, host: pr-hdds-1868-8w4sl-2612808232, networkLocation: /default-rack, certSerialId: null} reports an CLOSED replica.
2019-10-21 02:40:55,542 [EventQueue-ContainerReportForContainerReportHandler] WARN  container.ContainerReportHandler (AbstractContainerReportHandler.java:updateContainerState(145)) - Container #1 is in OPEN state, but the datanode 346fa4f8-3ab8-43df-a502-3f4b9443122a{ip: 192.168.34.9, host: pr-hdds-1868-8w4sl-2612808232, networkLocation: /default-rack, certSerialId: null} reports an CLOSED replica.
2019-10-21 02:40:55,786 [EventQueue-ContainerReportForContainerReportHandler] WARN  container.ContainerReportHandler (AbstractContainerReportHandler.java:updateContainerState(145)) - Container #1 is in OPEN state, but the datanode d56bd5cd-a10f-47cc-a049-69cbb5837008{ip: 192.168.34.9, host: pr-hdds-1868-8w4sl-2612808232, networkLocation: /default-rack, certSerialId: null} reports an CLOSED replica.
2019-10-21 02:40:55,843 [EventQueue-ContainerReportForContainerReportHandler] WARN  container.ContainerReportHandler (AbstractContainerReportHandler.java:updateContainerState(145)) - Container #1 is in OPEN state, but the datanode 346fa4f8-3ab8-43df-a502-3f4b9443122a{ip: 192.168.34.9, host: pr-hdds-1868-8w4sl-2612808232, networkLocation: /default-rack, certSerialId: null} reports an CLOSED replica.
2019-10-21 02:40:55,976 [java.util.concurrent.ThreadPoolExecutor$Worker@411a2772[State = -1, empty queue]] WARN  server.GrpcLogAppender (GrpcLogAppender.java:timeoutAppendRequest(209)) - 346fa4f8-3ab8-43df-a502-3f4b9443122a@group-98ACF608DB4D->0299b781-7796-45ba-9036-f37ef6071f27-GrpcLogAppender: appendEntries Timeout, request=346fa4f8-3ab8-43df-a502-3f4b9443122a->0299b781-7796-45ba-9036-f37ef6071f27#31-t1, previous=(t:1, i:10), leaderCommit=10, initializing? false, entries: <empty>
2019-10-21 02:40:56,055 [BlockDeletingService#2] WARN  background.BlockDeletingService (BlockDeletingService.java:isDeletionAllowed(187)) - Close Container log Index 6 is not replicated across allthe servers in the pipeline b247b7b0-bc56-4c4b-9e26-98acf608db4d as the min replicated index is 4. Deletion is not allowed in this container yet.
2019-10-21 02:40:56,065 [BlockDeletingService#2] WARN  background.BlockDeletingService (BlockDeletingService.java:isDeletionAllowed(187)) - Close Container log Index 6 is not replicated across allthe servers in the pipeline b247b7b0-bc56-4c4b-9e26-98acf608db4d as the min replicated index is 4. Deletion is not allowed in this container yet.
2019-10-21 02:40:56,186 [EventQueue-ContainerReportForContainerReportHandler] WARN  container.ContainerReportHandler (AbstractContainerReportHandler.java:updateContainerState(145)) - Container #1 is in OPEN state, but the datanode d56bd5cd-a10f-47cc-a049-69cbb5837008{ip: 192.168.34.9, host: pr-hdds-1868-8w4sl-2612808232, networkLocation: /default-rack, certSerialId: null} reports an CLOSED replica.
2019-10-21 02:40:56,246 [EventQueue-ContainerReportForContainerReportHandler] WARN  container.ContainerReportHandler (AbstractContainerReportHandler.java:updateContainerState(145)) - Container #1 is in OPEN state, but the datanode 346fa4f8-3ab8-43df-a502-3f4b9443122a{ip: 192.168.34.9, host: pr-hdds-1868-8w4sl-2612808232, networkLocation: /default-rack, certSerialId: null} reports an CLOSED replica.
2019-10-21 02:40:56,386 [EventQueue-ContainerReportForContainerReportHandler] WARN  container.ContainerReportHandler (AbstractContainerReportHandler.java:updateContainerState(145)) - Container #1 is in OPEN state, but the datanode d56bd5cd-a10f-47cc-a049-69cbb5837008{ip: 192.168.34.9, host: pr-hdds-1868-8w4sl-2612808232, networkLocation: /default-rack, certSerialId: null} reports an CLOSED replica.
2019-10-21 02:40:56,548 [EventQueue-ContainerReportForContainerReportHandler] WARN  container.ContainerReportHandler (AbstractContainerReportHandler.java:updateContainerState(145)) - Container #1 is in OPEN state, but the datanode 346fa4f8-3ab8-43df-a502-3f4b9443122a{ip: 192.168.34.9, host: pr-hdds-1868-8w4sl-2612808232, networkLocation: /default-rack, certSerialId: null} reports an CLOSED replica.
2019-10-21 02:40:56,586 [EventQueue-ContainerReportForContainerReportHandler] WARN  container.ContainerReportHandler (AbstractContainerReportHandler.java:updateContainerState(145)) - Container #1 is in OPEN state, but the datanode d56bd5cd-a10f-47cc-a049-69cbb5837008{ip: 192.168.34.9, host: pr-hdds-1868-8w4sl-2612808232, networkLocation: /default-rack, certSerialId: null} reports an CLOSED replica.
2019-10-21 02:40:56,755 [Thread-398] INFO  client.GrpcClientProtocolService (GrpcClientProtocolService.java:lambda$processClientRequest$0(279)) - Failed RaftClientRequest:client-A91BDCACAE43->346fa4f8-3ab8-43df-a502-3f4b9443122a@group-98ACF608DB4D, cid=22, seq=0, Watch-ALL_COMMITTED(6), Message:<EMPTY>, reply=RaftClientReply:client-A91BDCACAE43->346fa4f8-3ab8-43df-a502-3f4b9443122a@group-98ACF608DB4D, cid=22, FAILED org.apache.ratis.protocol.NotReplicatedException: Request with call Id 22 and log index 6 is not yet replicated to ALL_COMMITTED, logIndex=6, commits[346fa4f8-3ab8-43df-a502-3f4b9443122a:c10, d56bd5cd-a10f-47cc-a049-69cbb5837008:c10, 0299b781-7796-45ba-9036-f37ef6071f27:c4]
2019-10-21 02:40:56,848 [EventQueue-ContainerReportForContainerReportHandler] WARN  container.ContainerReportHandler (AbstractContainerReportHandler.java:updateContainerState(145)) - Container #1 is in OPEN state, but the datanode 346fa4f8-3ab8-43df-a502-3f4b9443122a{ip: 192.168.34.9, host: pr-hdds-1868-8w4sl-2612808232, networkLocation: /default-rack, certSerialId: null} reports an CLOSED replica.
2019-10-21 02:40:56,886 [EventQueue-ContainerReportForContainerReportHandler] WARN  container.ContainerReportHandler (AbstractContainerReportHandler.java:updateContainerState(145)) - Container #1 is in OPEN state, but the datanode d56bd5cd-a10f-47cc-a049-69cbb5837008{ip: 192.168.34.9, host: pr-hdds-1868-8w4sl-2612808232, networkLocation: /default-rack, certSerialId: null} reports an CLOSED replica.
2019-10-21 02:40:57,056 [BlockDeletingService#2] WARN  background.BlockDeletingService (BlockDeletingService.java:isDeletionAllowed(187)) - Close Container log Index 6 is not replicated across allthe servers in the pipeline b247b7b0-bc56-4c4b-9e26-98acf608db4d as the min replicated index is 4. Deletion is not allowed in this container yet.
2019-10-21 02:40:57,066 [BlockDeletingService#2] WARN  background.BlockDeletingService (BlockDeletingService.java:isDeletionAllowed(187)) - Close Container log Index 6 is not replicated across allthe servers in the pipeline b247b7b0-bc56-4c4b-9e26-98acf608db4d as the min replicated index is 4. Deletion is not allowed in this container yet.
2019-10-21 02:40:57,150 [EventQueue-ContainerReportForContainerReportHandler] WARN  container.ContainerReportHandler (AbstractContainerReportHandler.java:updateContainerState(145)) - Container #1 is in OPEN state, but the datanode 346fa4f8-3ab8-43df-a502-3f4b9443122a{ip: 192.168.34.9, host: pr-hdds-1868-8w4sl-2612808232, networkLocation: /default-rack, certSerialId: null} reports an CLOSED replica.
2019-10-21 02:40:57,187 [EventQueue-ContainerReportForContainerReportHandler] WARN  container.ContainerReportHandler (AbstractContainerReportHandler.java:updateContainerState(145)) - Container #1 is in OPEN state, but the datanode d56bd5cd-a10f-47cc-a049-69cbb5837008{ip: 192.168.34.9, host: pr-hdds-1868-8w4sl-2612808232, networkLocation: /default-rack, certSerialId: null} reports an CLOSED replica.
2019-10-21 02:40:57,488 [EventQueue-ContainerReportForContainerReportHandler] WARN  container.ContainerReportHandler (AbstractContainerReportHandler.java:updateContainerState(145)) - Container #1 is in OPEN state, but the datanode d56bd5cd-a10f-47cc-a049-69cbb5837008{ip: 192.168.34.9, host: pr-hdds-1868-8w4sl-2612808232, networkLocation: /default-rack, certSerialId: null} reports an CLOSED replica.
2019-10-21 02:40:57,551 [EventQueue-ContainerReportForContainerReportHandler] WARN  container.ContainerReportHandler (AbstractContainerReportHandler.java:updateContainerState(145)) - Container #1 is in OPEN state, but the datanode 346fa4f8-3ab8-43df-a502-3f4b9443122a{ip: 192.168.34.9, host: pr-hdds-1868-8w4sl-2612808232, networkLocation: /default-rack, certSerialId: null} reports an CLOSED replica.
2019-10-21 02:40:57,853 [EventQueue-ContainerReportForContainerReportHandler] WARN  container.ContainerReportHandler (AbstractContainerReportHandler.java:updateContainerState(145)) - Container #1 is in OPEN state, but the datanode 346fa4f8-3ab8-43df-a502-3f4b9443122a{ip: 192.168.34.9, host: pr-hdds-1868-8w4sl-2612808232, networkLocation: /default-rack, certSerialId: null} reports an CLOSED replica.
2019-10-21 02:40:57,887 [EventQueue-ContainerReportForContainerReportHandler] WARN  container.ContainerReportHandler (AbstractContainerReportHandler.java:updateContainerState(145)) - Container #1 is in OPEN state, but the datanode d56bd5cd-a10f-47cc-a049-69cbb5837008{ip: 192.168.34.9, host: pr-hdds-1868-8w4sl-2612808232, networkLocation: /default-rack, certSerialId: null} reports an CLOSED replica.
2019-10-21 02:40:58,059 [BlockDeletingService#2] WARN  background.BlockDeletingService (BlockDeletingService.java:isDeletionAllowed(187)) - Close Container log Index 6 is not replicated across allthe servers in the pipeline b247b7b0-bc56-4c4b-9e26-98acf608db4d as the min replicated index is 4. Deletion is not allowed in this container yet.
2019-10-21 02:40:58,067 [BlockDeletingService#2] WARN  background.BlockDeletingService (BlockDeletingService.java:isDeletionAllowed(187)) - Close Container log Index 6 is not replicated across allthe servers in the pipeline b247b7b0-bc56-4c4b-9e26-98acf608db4d as the min replicated index is 4. Deletion is not allowed in this container yet.
2019-10-21 02:40:58,087 [EventQueue-ContainerReportForContainerReportHandler] WARN  container.ContainerReportHandler (AbstractContainerReportHandler.java:updateContainerState(145)) - Container #1 is in OPEN state, but the datanode d56bd5cd-a10f-47cc-a049-69cbb5837008{ip: 192.168.34.9, host: pr-hdds-1868-8w4sl-2612808232, networkLocation: /default-rack, certSerialId: null} reports an CLOSED replica.
2019-10-21 02:40:58,156 [EventQueue-ContainerReportForContainerReportHandler] WARN  container.ContainerReportHandler (AbstractContainerReportHandler.java:updateContainerState(145)) - Container #1 is in OPEN state, but the datanode 346fa4f8-3ab8-43df-a502-3f4b9443122a{ip: 192.168.34.9, host: pr-hdds-1868-8w4sl-2612808232, networkLocation: /default-rack, certSerialId: null} reports an CLOSED replica.
2019-10-21 02:40:58,456 [EventQueue-ContainerReportForContainerReportHandler] WARN  container.ContainerReportHandler (AbstractContainerReportHandler.java:updateContainerState(145)) - Container #1 is in OPEN state, but the datanode 346fa4f8-3ab8-43df-a502-3f4b9443122a{ip: 192.168.34.9, host: pr-hdds-1868-8w4sl-2612808232, networkLocation: /default-rack, certSerialId: null} reports an CLOSED replica.
2019-10-21 02:40:58,476 [java.util.concurrent.ThreadPoolExecutor$Worker@411a2772[State = -1, empty queue]] WARN  server.GrpcLogAppender (GrpcLogAppender.java:timeoutAppendRequest(209)) - 346fa4f8-3ab8-43df-a502-3f4b9443122a@group-98ACF608DB4D->0299b781-7796-45ba-9036-f37ef6071f27-GrpcLogAppender: appendEntries Timeout, request=346fa4f8-3ab8-43df-a502-3f4b9443122a->0299b781-7796-45ba-9036-f37ef6071f27#32-t1, previous=(t:1, i:10), leaderCommit=10, initializing? false, entries: <empty>
2019-10-21 02:40:58,487 [EventQueue-ContainerReportForContainerReportHandler] WARN  container.ContainerReportHandler (AbstractContainerReportHandler.java:updateContainerState(145)) - Container #1 is in OPEN state, but the datanode d56bd5cd-a10f-47cc-a049-69cbb5837008{ip: 192.168.34.9, host: pr-hdds-1868-8w4sl-2612808232, networkLocation: /default-rack, certSerialId: null} reports an CLOSED replica.
2019-10-21 02:40:58,757 [EventQueue-ContainerReportForContainerReportHandler] WARN  container.ContainerReportHandler (AbstractContainerReportHandler.java:updateContainerState(145)) - Container #1 is in OPEN state, but the datanode 346fa4f8-3ab8-43df-a502-3f4b9443122a{ip: 192.168.34.9, host: pr-hdds-1868-8w4sl-2612808232, networkLocation: /default-rack, certSerialId: null} reports an CLOSED replica.
2019-10-21 02:40:58,787 [EventQueue-ContainerReportForContainerReportHandler] WARN  container.ContainerReportHandler (AbstractContainerReportHandler.java:updateContainerState(145)) - Container #1 is in OPEN state, but the datanode d56bd5cd-a10f-47cc-a049-69cbb5837008{ip: 192.168.34.9, host: pr-hdds-1868-8w4sl-2612808232, networkLocation: /default-rack, certSerialId: null} reports an CLOSED replica.
2019-10-21 02:40:58,988 [EventQueue-ContainerReportForContainerReportHandler] WARN  container.ContainerReportHandler (AbstractContainerReportHandler.java:updateContainerState(145)) - Container #1 is in OPEN state, but the datanode d56bd5cd-a10f-47cc-a049-69cbb5837008{ip: 192.168.34.9, host: pr-hdds-1868-8w4sl-2612808232, networkLocation: /default-rack, certSerialId: null} reports an CLOSED replica.
2019-10-21 02:40:59,057 [EventQueue-ContainerReportForContainerReportHandler] WARN  container.ContainerReportHandler (AbstractContainerReportHandler.java:updateContainerState(145)) - Container #1 is in OPEN state, but the datanode 346fa4f8-3ab8-43df-a502-3f4b9443122a{ip: 192.168.34.9, host: pr-hdds-1868-8w4sl-2612808232, networkLocation: /default-rack, certSerialId: null} reports an CLOSED replica.
2019-10-21 02:40:59,060 [BlockDeletingService#2] WARN  background.BlockDeletingService (BlockDeletingService.java:isDeletionAllowed(187)) - Close Container log Index 6 is not replicated across allthe servers in the pipeline b247b7b0-bc56-4c4b-9e26-98acf608db4d as the min replicated index is 4. Deletion is not allowed in this container yet.
2019-10-21 02:40:59,068 [BlockDeletingService#2] WARN  background.BlockDeletingService (BlockDeletingService.java:isDeletionAllowed(187)) - Close Container log Index 6 is not replicated across allthe servers in the pipeline b247b7b0-bc56-4c4b-9e26-98acf608db4d as the min replicated index is 4. Deletion is not allowed in this container yet.
2019-10-21 02:40:59,388 [EventQueue-ContainerReportForContainerReportHandler] WARN  container.ContainerReportHandler (AbstractContainerReportHandler.java:updateContainerState(145)) - Container #1 is in OPEN state, but the datanode d56bd5cd-a10f-47cc-a049-69cbb5837008{ip: 192.168.34.9, host: pr-hdds-1868-8w4sl-2612808232, networkLocation: /default-rack, certSerialId: null} reports an CLOSED replica.
2019-10-21 02:40:59,457 [EventQueue-ContainerReportForContainerReportHandler] WARN  container.ContainerReportHandler (AbstractContainerReportHandler.java:updateContainerState(145)) - Container #1 is in OPEN state, but the datanode 346fa4f8-3ab8-43df-a502-3f4b9443122a{ip: 192.168.34.9, host: pr-hdds-1868-8w4sl-2612808232, networkLocation: /default-rack, certSerialId: null} reports an CLOSED replica.
2019-10-21 02:40:59,687 [EventQueue-ContainerReportForContainerReportHandler] WARN  container.ContainerReportHandler (AbstractContainerReportHandler.java:updateContainerState(145)) - Container #1 is in OPEN state, but the datanode d56bd5cd-a10f-47cc-a049-69cbb5837008{ip: 192.168.34.9, host: pr-hdds-1868-8w4sl-2612808232, networkLocation: /default-rack, certSerialId: null} reports an CLOSED replica.
2019-10-21 02:40:59,757 [EventQueue-ContainerReportForContainerReportHandler] WARN  container.ContainerReportHandler (AbstractContainerReportHandler.java:updateContainerState(145)) - Container #1 is in OPEN state, but the datanode 346fa4f8-3ab8-43df-a502-3f4b9443122a{ip: 192.168.34.9, host: pr-hdds-1868-8w4sl-2612808232, networkLocation: /default-rack, certSerialId: null} reports an CLOSED replica.
2019-10-21 02:40:59,957 [EventQueue-ContainerReportForContainerReportHandler] WARN  container.ContainerReportHandler (AbstractContainerReportHandler.java:updateContainerState(145)) - Container #1 is in OPEN state, but the datanode 346fa4f8-3ab8-43df-a502-3f4b9443122a{ip: 192.168.34.9, host: pr-hdds-1868-8w4sl-2612808232, networkLocation: /default-rack, certSerialId: null} reports an CLOSED replica.
2019-10-21 02:40:59,988 [EventQueue-ContainerReportForContainerReportHandler] WARN  container.ContainerReportHandler (AbstractContainerReportHandler.java:updateContainerState(145)) - Container #1 is in OPEN state, but the datanode d56bd5cd-a10f-47cc-a049-69cbb5837008{ip: 192.168.34.9, host: pr-hdds-1868-8w4sl-2612808232, networkLocation: /default-rack, certSerialId: null} reports an CLOSED replica.
2019-10-21 02:41:00,061 [BlockDeletingService#2] WARN  background.BlockDeletingService (BlockDeletingService.java:isDeletionAllowed(187)) - Close Container log Index 6 is not replicated across allthe servers in the pipeline b247b7b0-bc56-4c4b-9e26-98acf608db4d as the min replicated index is 4. Deletion is not allowed in this container yet.
2019-10-21 02:41:00,069 [BlockDeletingService#2] WARN  background.BlockDeletingService (BlockDeletingService.java:isDeletionAllowed(187)) - Close Container log Index 6 is not replicated across allthe servers in the pipeline b247b7b0-bc56-4c4b-9e26-98acf608db4d as the min replicated index is 4. Deletion is not allowed in this container yet.
2019-10-21 02:41:00,258 [EventQueue-ContainerReportForContainerReportHandler] WARN  container.ContainerReportHandler (AbstractContainerReportHandler.java:updateContainerState(145)) - Container #1 is in OPEN state, but the datanode 346fa4f8-3ab8-43df-a502-3f4b9443122a{ip: 192.168.34.9, host: pr-hdds-1868-8w4sl-2612808232, networkLocation: /default-rack, certSerialId: null} reports an CLOSED replica.
2019-10-21 02:41:00,288 [EventQueue-ContainerReportForContainerReportHandler] WARN  container.ContainerReportHandler (AbstractContainerReportHandler.java:updateContainerState(145)) - Container #1 is in OPEN state, but the datanode d56bd5cd-a10f-47cc-a049-69cbb5837008{ip: 192.168.34.9, host: pr-hdds-1868-8w4sl-2612808232, networkLocation: /default-rack, certSerialId: null} reports an CLOSED replica.
2019-10-21 02:41:00,458 [EventQueue-ContainerReportForContainerReportHandler] WARN  container.ContainerReportHandler (AbstractContainerReportHandler.java:updateContainerState(145)) - Container #1 is in OPEN state, but the datanode 346fa4f8-3ab8-43df-a502-3f4b9443122a{ip: 192.168.34.9, host: pr-hdds-1868-8w4sl-2612808232, networkLocation: /default-rack, certSerialId: null} reports an CLOSED replica.
2019-10-21 02:41:00,589 [EventQueue-ContainerReportForContainerReportHandler] WARN  container.ContainerReportHandler (AbstractContainerReportHandler.java:updateContainerState(145)) - Container #1 is in OPEN state, but the datanode d56bd5cd-a10f-47cc-a049-69cbb5837008{ip: 192.168.34.9, host: pr-hdds-1868-8w4sl-2612808232, networkLocation: /default-rack, certSerialId: null} reports an CLOSED replica.
2019-10-21 02:41:00,758 [EventQueue-ContainerReportForContainerReportHandler] WARN  container.ContainerReportHandler (AbstractContainerReportHandler.java:updateContainerState(145)) - Container #1 is in OPEN state, but the datanode 346fa4f8-3ab8-43df-a502-3f4b9443122a{ip: 192.168.34.9, host: pr-hdds-1868-8w4sl-2612808232, networkLocation: /default-rack, certSerialId: null} reports an CLOSED replica.
2019-10-21 02:41:00,789 [EventQueue-ContainerReportForContainerReportHandler] WARN  container.ContainerReportHandler (AbstractContainerReportHandler.java:updateContainerState(145)) - Container #1 is in OPEN state, but the datanode d56bd5cd-a10f-47cc-a049-69cbb5837008{ip: 192.168.34.9, host: pr-hdds-1868-8w4sl-2612808232, networkLocation: /default-rack, certSerialId: null} reports an CLOSED replica.
2019-10-21 02:41:00,959 [EventQueue-ContainerReportForContainerReportHandler] WARN  container.ContainerReportHandler (AbstractContainerReportHandler.java:updateContainerState(145)) - Container #1 is in OPEN state, but the datanode 346fa4f8-3ab8-43df-a502-3f4b9443122a{ip: 192.168.34.9, host: pr-hdds-1868-8w4sl-2612808232, networkLocation: /default-rack, certSerialId: null} reports an CLOSED replica.
2019-10-21 02:41:00,978 [java.util.concurrent.ThreadPoolExecutor$Worker@411a2772[State = -1, empty queue]] WARN  server.GrpcLogAppender (GrpcLogAppender.java:timeoutAppendRequest(209)) - 346fa4f8-3ab8-43df-a502-3f4b9443122a@group-98ACF608DB4D->0299b781-7796-45ba-9036-f37ef6071f27-GrpcLogAppender: appendEntries Timeout, request=346fa4f8-3ab8-43df-a502-3f4b9443122a->0299b781-7796-45ba-9036-f37ef6071f27#33-t1, previous=(t:1, i:10), leaderCommit=10, initializing? false, entries: <empty>
2019-10-21 02:41:01,063 [BlockDeletingService#2] WARN  background.BlockDeletingService (BlockDeletingService.java:isDeletionAllowed(187)) - Close Container log Index 6 is not replicated across allthe servers in the pipeline b247b7b0-bc56-4c4b-9e26-98acf608db4d as the min replicated index is 4. Deletion is not allowed in this container yet.
2019-10-21 02:41:01,070 [BlockDeletingService#2] WARN  background.BlockDeletingService (BlockDeletingService.java:isDeletionAllowed(187)) - Close Container log Index 6 is not replicated across allthe servers in the pipeline b247b7b0-bc56-4c4b-9e26-98acf608db4d as the min replicated index is 4. Deletion is not allowed in this container yet.
2019-10-21 02:41:01,089 [EventQueue-ContainerReportForContainerReportHandler] WARN  container.ContainerReportHandler (AbstractContainerReportHandler.java:updateContainerState(145)) - Container #1 is in OPEN state, but the datanode d56bd5cd-a10f-47cc-a049-69cbb5837008{ip: 192.168.34.9, host: pr-hdds-1868-8w4sl-2612808232, networkLocation: /default-rack, certSerialId: null} reports an CLOSED replica.
2019-10-21 02:41:01,289 [EventQueue-ContainerReportForContainerReportHandler] WARN  container.ContainerReportHandler (AbstractContainerReportHandler.java:updateContainerState(145)) - Container #1 is in OPEN state, but the datanode d56bd5cd-a10f-47cc-a049-69cbb5837008{ip: 192.168.34.9, host: pr-hdds-1868-8w4sl-2612808232, networkLocation: /default-rack, certSerialId: null} reports an CLOSED replica.
2019-10-21 02:41:01,358 [EventQueue-ContainerReportForContainerReportHandler] WARN  container.ContainerReportHandler (AbstractContainerReportHandler.java:updateContainerState(145)) - Container #1 is in OPEN state, but the datanode 346fa4f8-3ab8-43df-a502-3f4b9443122a{ip: 192.168.34.9, host: pr-hdds-1868-8w4sl-2612808232, networkLocation: /default-rack, certSerialId: null} reports an CLOSED replica.
2019-10-21 02:41:01,559 [EventQueue-ContainerReportForContainerReportHandler] WARN  container.ContainerReportHandler (AbstractContainerReportHandler.java:updateContainerState(145)) - Container #1 is in OPEN state, but the datanode 346fa4f8-3ab8-43df-a502-3f4b9443122a{ip: 192.168.34.9, host: pr-hdds-1868-8w4sl-2612808232, networkLocation: /default-rack, certSerialId: null} reports an CLOSED replica.
2019-10-21 02:41:01,688 [EventQueue-ContainerReportForContainerReportHandler] WARN  container.ContainerReportHandler (AbstractContainerReportHandler.java:updateContainerState(145)) - Container #1 is in OPEN state, but the datanode d56bd5cd-a10f-47cc-a049-69cbb5837008{ip: 192.168.34.9, host: pr-hdds-1868-8w4sl-2612808232, networkLocation: /default-rack, certSerialId: null} reports an CLOSED replica.
2019-10-21 02:41:01,859 [EventQueue-ContainerReportForContainerReportHandler] WARN  container.ContainerReportHandler (AbstractContainerReportHandler.java:updateContainerState(145)) - Container #1 is in OPEN state, but the datanode 346fa4f8-3ab8-43df-a502-3f4b9443122a{ip: 192.168.34.9, host: pr-hdds-1868-8w4sl-2612808232, networkLocation: /default-rack, certSerialId: null} reports an CLOSED replica.
2019-10-21 02:41:02,064 [BlockDeletingService#2] WARN  background.BlockDeletingService (BlockDeletingService.java:isDeletionAllowed(187)) - Close Container log Index 6 is not replicated across allthe servers in the pipeline b247b7b0-bc56-4c4b-9e26-98acf608db4d as the min replicated index is 4. Deletion is not allowed in this container yet.
2019-10-21 02:41:02,071 [BlockDeletingService#2] WARN  background.BlockDeletingService (BlockDeletingService.java:isDeletionAllowed(187)) - Close Container log Index 6 is not replicated across allthe servers in the pipeline b247b7b0-bc56-4c4b-9e26-98acf608db4d as the min replicated index is 4. Deletion is not allowed in this container yet.
2019-10-21 02:41:02,088 [EventQueue-ContainerReportForContainerReportHandler] WARN  container.ContainerReportHandler (AbstractContainerReportHandler.java:updateContainerState(145)) - Container #1 is in OPEN state, but the datanode d56bd5cd-a10f-47cc-a049-69cbb5837008{ip: 192.168.34.9, host: pr-hdds-1868-8w4sl-2612808232, networkLocation: /default-rack, certSerialId: null} reports an CLOSED replica.
2019-10-21 02:41:02,158 [EventQueue-ContainerReportForContainerReportHandler] WARN  container.ContainerReportHandler (AbstractContainerReportHandler.java:updateContainerState(145)) - Container #1 is in OPEN state, but the datanode 346fa4f8-3ab8-43df-a502-3f4b9443122a{ip: 192.168.34.9, host: pr-hdds-1868-8w4sl-2612808232, networkLocation: /default-rack, certSerialId: null} reports an CLOSED replica.
2019-10-21 02:41:02,388 [EventQueue-ContainerReportForContainerReportHandler] WARN  container.ContainerReportHandler (AbstractContainerReportHandler.java:updateContainerState(145)) - Container #1 is in OPEN state, but the datanode d56bd5cd-a10f-47cc-a049-69cbb5837008{ip: 192.168.34.9, host: pr-hdds-1868-8w4sl-2612808232, networkLocation: /default-rack, certSerialId: null} reports an CLOSED replica.
2019-10-21 02:41:02,458 [EventQueue-ContainerReportForContainerReportHandler] WARN  container.ContainerReportHandler (AbstractContainerReportHandler.java:updateContainerState(145)) - Container #1 is in OPEN state, but the datanode 346fa4f8-3ab8-43df-a502-3f4b9443122a{ip: 192.168.34.9, host: pr-hdds-1868-8w4sl-2612808232, networkLocation: /default-rack, certSerialId: null} reports an CLOSED replica.
2019-10-21 02:41:02,588 [EventQueue-ContainerReportForContainerReportHandler] WARN  container.ContainerReportHandler (AbstractContainerReportHandler.java:updateContainerState(145)) - Container #1 is in OPEN state, but the datanode d56bd5cd-a10f-47cc-a049-69cbb5837008{ip: 192.168.34.9, host: pr-hdds-1868-8w4sl-2612808232, networkLocation: /default-rack, certSerialId: null} reports an CLOSED replica.
2019-10-21 02:41:02,860 [EventQueue-ContainerReportForContainerReportHandler] WARN  container.ContainerReportHandler (AbstractContainerReportHandler.java:updateContainerState(145)) - Container #1 is in OPEN state, but the datanode 346fa4f8-3ab8-43df-a502-3f4b9443122a{ip: 192.168.34.9, host: pr-hdds-1868-8w4sl-2612808232, networkLocation: /default-rack, certSerialId: null} reports an CLOSED replica.
2019-10-21 02:41:02,989 [EventQueue-ContainerReportForContainerReportHandler] WARN  container.ContainerReportHandler (AbstractContainerReportHandler.java:updateContainerState(145)) - Container #1 is in OPEN state, but the datanode d56bd5cd-a10f-47cc-a049-69cbb5837008{ip: 192.168.34.9, host: pr-hdds-1868-8w4sl-2612808232, networkLocation: /default-rack, certSerialId: null} reports an CLOSED replica.
2019-10-21 02:41:03,066 [BlockDeletingService#2] WARN  background.BlockDeletingService (BlockDeletingService.java:isDeletionAllowed(187)) - Close Container log Index 6 is not replicated across allthe servers in the pipeline b247b7b0-bc56-4c4b-9e26-98acf608db4d as the min replicated index is 4. Deletion is not allowed in this container yet.
2019-10-21 02:41:03,072 [BlockDeletingService#2] WARN  background.BlockDeletingService (BlockDeletingService.java:isDeletionAllowed(187)) - Close Container log Index 6 is not replicated across allthe servers in the pipeline b247b7b0-bc56-4c4b-9e26-98acf608db4d as the min replicated index is 4. Deletion is not allowed in this container yet.
2019-10-21 02:41:03,158 [EventQueue-ContainerReportForContainerReportHandler] WARN  container.ContainerReportHandler (AbstractContainerReportHandler.java:updateContainerState(145)) - Container #1 is in OPEN state, but the datanode 346fa4f8-3ab8-43df-a502-3f4b9443122a{ip: 192.168.34.9, host: pr-hdds-1868-8w4sl-2612808232, networkLocation: /default-rack, certSerialId: null} reports an CLOSED replica.
2019-10-21 02:41:03,190 [EventQueue-ContainerReportForContainerReportHandler] WARN  container.ContainerReportHandler (AbstractContainerReportHandler.java:updateContainerState(145)) - Container #1 is in OPEN state, but the datanode d56bd5cd-a10f-47cc-a049-69cbb5837008{ip: 192.168.34.9, host: pr-hdds-1868-8w4sl-2612808232, networkLocation: /default-rack, certSerialId: null} reports an CLOSED replica.
2019-10-21 02:41:03,390 [EventQueue-ContainerReportForContainerReportHandler] WARN  container.ContainerReportHandler (AbstractContainerReportHandler.java:updateContainerState(145)) - Container #1 is in OPEN state, but the datanode d56bd5cd-a10f-47cc-a049-69cbb5837008{ip: 192.168.34.9, host: pr-hdds-1868-8w4sl-2612808232, networkLocation: /default-rack, certSerialId: null} reports an CLOSED replica.
2019-10-21 02:41:03,478 [java.util.concurrent.ThreadPoolExecutor$Worker@411a2772[State = -1, empty queue]] WARN  server.GrpcLogAppender (GrpcLogAppender.java:timeoutAppendRequest(209)) - 346fa4f8-3ab8-43df-a502-3f4b9443122a@group-98ACF608DB4D->0299b781-7796-45ba-9036-f37ef6071f27-GrpcLogAppender: appendEntries Timeout, request=346fa4f8-3ab8-43df-a502-3f4b9443122a->0299b781-7796-45ba-9036-f37ef6071f27#34-t1, previous=(t:1, i:10), leaderCommit=10, initializing? false, entries: <empty>
2019-10-21 02:41:03,560 [EventQueue-ContainerReportForContainerReportHandler] WARN  container.ContainerReportHandler (AbstractContainerReportHandler.java:updateContainerState(145)) - Container #1 is in OPEN state, but the datanode 346fa4f8-3ab8-43df-a502-3f4b9443122a{ip: 192.168.34.9, host: pr-hdds-1868-8w4sl-2612808232, networkLocation: /default-rack, certSerialId: null} reports an CLOSED replica.
2019-10-21 02:41:03,590 [EventQueue-ContainerReportForContainerReportHandler] WARN  container.ContainerReportHandler (AbstractContainerReportHandler.java:updateContainerState(145)) - Container #1 is in OPEN state, but the datanode d56bd5cd-a10f-47cc-a049-69cbb5837008{ip: 192.168.34.9, host: pr-hdds-1868-8w4sl-2612808232, networkLocation: /default-rack, certSerialId: null} reports an CLOSED replica.
2019-10-21 02:41:03,860 [EventQueue-ContainerReportForContainerReportHandler] WARN  container.ContainerReportHandler (AbstractContainerReportHandler.java:updateContainerState(145)) - Container #1 is in OPEN state, but the datanode 346fa4f8-3ab8-43df-a502-3f4b9443122a{ip: 192.168.34.9, host: pr-hdds-1868-8w4sl-2612808232, networkLocation: /default-rack, certSerialId: null} reports an CLOSED replica.
2019-10-21 02:41:03,891 [EventQueue-ContainerReportForContainerReportHandler] WARN  container.ContainerReportHandler (AbstractContainerReportHandler.java:updateContainerState(145)) - Container #1 is in OPEN state, but the datanode d56bd5cd-a10f-47cc-a049-69cbb5837008{ip: 192.168.34.9, host: pr-hdds-1868-8w4sl-2612808232, networkLocation: /default-rack, certSerialId: null} reports an CLOSED replica.
2019-10-21 02:41:04,068 [BlockDeletingService#2] WARN  background.BlockDeletingService (BlockDeletingService.java:isDeletionAllowed(187)) - Close Container log Index 6 is not replicated across allthe servers in the pipeline b247b7b0-bc56-4c4b-9e26-98acf608db4d as the min replicated index is 4. Deletion is not allowed in this container yet.
2019-10-21 02:41:04,073 [BlockDeletingService#2] WARN  background.BlockDeletingService (BlockDeletingService.java:isDeletionAllowed(187)) - Close Container log Index 6 is not replicated across allthe servers in the pipeline b247b7b0-bc56-4c4b-9e26-98acf608db4d as the min replicated index is 4. Deletion is not allowed in this container yet.
2019-10-21 02:41:04,107 [Thread-420] INFO  client.GrpcClientProtocolService (GrpcClientProtocolService.java:lambda$processClientRequest$0(279)) - Failed RaftClientRequest:client-A91BDCACAE43->d56bd5cd-a10f-47cc-a049-69cbb5837008@group-98ACF608DB4D, cid=22, seq=0, Watch-ALL_COMMITTED(6), Message:<EMPTY>, reply=RaftClientReply:client-A91BDCACAE43->d56bd5cd-a10f-47cc-a049-69cbb5837008@group-98ACF608DB4D, cid=22, FAILED org.apache.ratis.protocol.NotLeaderException: Server d56bd5cd-a10f-47cc-a049-69cbb5837008@group-98ACF608DB4D is not the leader 346fa4f8-3ab8-43df-a502-3f4b9443122a:192.168.34.9:34701, logIndex=0, commits[d56bd5cd-a10f-47cc-a049-69cbb5837008:c10, 346fa4f8-3ab8-43df-a502-3f4b9443122a:c10, 0299b781-7796-45ba-9036-f37ef6071f27:c4]
2019-10-21 02:41:04,192 [EventQueue-ContainerReportForContainerReportHandler] WARN  container.ContainerReportHandler (AbstractContainerReportHandler.java:updateContainerState(145)) - Container #1 is in OPEN state, but the datanode d56bd5cd-a10f-47cc-a049-69cbb5837008{ip: 192.168.34.9, host: pr-hdds-1868-8w4sl-2612808232, networkLocation: /default-rack, certSerialId: null} reports an CLOSED replica.
2019-10-21 02:41:04,260 [EventQueue-ContainerReportForContainerReportHandler] WARN  container.ContainerReportHandler (AbstractContainerReportHandler.java:updateContainerState(145)) - Container #1 is in OPEN state, but the datanode 346fa4f8-3ab8-43df-a502-3f4b9443122a{ip: 192.168.34.9, host: pr-hdds-1868-8w4sl-2612808232, networkLocation: /default-rack, certSerialId: null} reports an CLOSED replica.
2019-10-21 02:41:04,393 [EventQueue-ContainerReportForContainerReportHandler] WARN  container.ContainerReportHandler (AbstractContainerReportHandler.java:updateContainerState(145)) - Container #1 is in OPEN state, but the datanode d56bd5cd-a10f-47cc-a049-69cbb5837008{ip: 192.168.34.9, host: pr-hdds-1868-8w4sl-2612808232, networkLocation: /default-rack, certSerialId: null} reports an CLOSED replica.
2019-10-21 02:41:04,561 [EventQueue-ContainerReportForContainerReportHandler] WARN  container.ContainerReportHandler (AbstractContainerReportHandler.java:updateContainerState(145)) - Container #1 is in OPEN state, but the datanode 346fa4f8-3ab8-43df-a502-3f4b9443122a{ip: 192.168.34.9, host: pr-hdds-1868-8w4sl-2612808232, networkLocation: /default-rack, certSerialId: null} reports an CLOSED replica.
2019-10-21 02:41:04,695 [EventQueue-ContainerReportForContainerReportHandler] WARN  container.ContainerReportHandler (AbstractContainerReportHandler.java:updateContainerState(145)) - Container #1 is in OPEN state, but the datanode d56bd5cd-a10f-47cc-a049-69cbb5837008{ip: 192.168.34.9, host: pr-hdds-1868-8w4sl-2612808232, networkLocation: /default-rack, certSerialId: null} reports an CLOSED replica.
2019-10-21 02:41:04,962 [EventQueue-ContainerReportForContainerReportHandler] WARN  container.ContainerReportHandler (AbstractContainerReportHandler.java:updateContainerState(145)) - Container #1 is in OPEN state, but the datanode 346fa4f8-3ab8-43df-a502-3f4b9443122a{ip: 192.168.34.9, host: pr-hdds-1868-8w4sl-2612808232, networkLocation: /default-rack, certSerialId: null} reports an CLOSED replica.
2019-10-21 02:41:04,995 [EventQueue-ContainerReportForContainerReportHandler] WARN  container.ContainerReportHandler (AbstractContainerReportHandler.java:updateContainerState(145)) - Container #1 is in OPEN state, but the datanode d56bd5cd-a10f-47cc-a049-69cbb5837008{ip: 192.168.34.9, host: pr-hdds-1868-8w4sl-2612808232, networkLocation: /default-rack, certSerialId: null} reports an CLOSED replica.
2019-10-21 02:41:05,069 [BlockDeletingService#2] WARN  background.BlockDeletingService (BlockDeletingService.java:isDeletionAllowed(187)) - Close Container log Index 6 is not replicated across allthe servers in the pipeline b247b7b0-bc56-4c4b-9e26-98acf608db4d as the min replicated index is 4. Deletion is not allowed in this container yet.
2019-10-21 02:41:05,075 [BlockDeletingService#2] WARN  background.BlockDeletingService (BlockDeletingService.java:isDeletionAllowed(187)) - Close Container log Index 6 is not replicated across allthe servers in the pipeline b247b7b0-bc56-4c4b-9e26-98acf608db4d as the min replicated index is 4. Deletion is not allowed in this container yet.
2019-10-21 02:41:05,262 [EventQueue-ContainerReportForContainerReportHandler] WARN  container.ContainerReportHandler (AbstractContainerReportHandler.java:updateContainerState(145)) - Container #1 is in OPEN state, but the datanode 346fa4f8-3ab8-43df-a502-3f4b9443122a{ip: 192.168.34.9, host: pr-hdds-1868-8w4sl-2612808232, networkLocation: /default-rack, certSerialId: null} reports an CLOSED replica.
2019-10-21 02:41:05,295 [EventQueue-ContainerReportForContainerReportHandler] WARN  container.ContainerReportHandler (AbstractContainerReportHandler.java:updateContainerState(145)) - Container #1 is in OPEN state, but the datanode d56bd5cd-a10f-47cc-a049-69cbb5837008{ip: 192.168.34.9, host: pr-hdds-1868-8w4sl-2612808232, networkLocation: /default-rack, certSerialId: null} reports an CLOSED replica.
2019-10-21 02:41:05,464 [EventQueue-ContainerReportForContainerReportHandler] WARN  container.ContainerReportHandler (AbstractContainerReportHandler.java:updateContainerState(145)) - Container #1 is in OPEN state, but the datanode 346fa4f8-3ab8-43df-a502-3f4b9443122a{ip: 192.168.34.9, host: pr-hdds-1868-8w4sl-2612808232, networkLocation: /default-rack, certSerialId: null} reports an CLOSED replica.
2019-10-21 02:41:05,495 [EventQueue-ContainerReportForContainerReportHandler] WARN  container.ContainerReportHandler (AbstractContainerReportHandler.java:updateContainerState(145)) - Container #1 is in OPEN state, but the datanode d56bd5cd-a10f-47cc-a049-69cbb5837008{ip: 192.168.34.9, host: pr-hdds-1868-8w4sl-2612808232, networkLocation: /default-rack, certSerialId: null} reports an CLOSED replica.
2019-10-21 02:41:05,755 [Thread-426] INFO  client.GrpcClientProtocolService (GrpcClientProtocolService.java:lambda$processClientRequest$0(279)) - Failed RaftClientRequest:client-A91BDCACAE43->346fa4f8-3ab8-43df-a502-3f4b9443122a@group-98ACF608DB4D, cid=22, seq=0, Watch-ALL_COMMITTED(6), Message:<EMPTY>, reply=RaftClientReply:client-A91BDCACAE43->346fa4f8-3ab8-43df-a502-3f4b9443122a@group-98ACF608DB4D, cid=22, FAILED org.apache.ratis.protocol.NotReplicatedException: Request with call Id 22 and log index 6 is not yet replicated to ALL_COMMITTED, logIndex=6, commits[346fa4f8-3ab8-43df-a502-3f4b9443122a:c10, d56bd5cd-a10f-47cc-a049-69cbb5837008:c10, 0299b781-7796-45ba-9036-f37ef6071f27:c4]
2019-10-21 02:41:05,767 [EventQueue-ContainerReportForContainerReportHandler] WARN  container.ContainerReportHandler (AbstractContainerReportHandler.java:updateContainerState(145)) - Container #1 is in OPEN state, but the datanode 346fa4f8-3ab8-43df-a502-3f4b9443122a{ip: 192.168.34.9, host: pr-hdds-1868-8w4sl-2612808232, networkLocation: /default-rack, certSerialId: null} reports an CLOSED replica.
2019-10-21 02:41:05,795 [EventQueue-ContainerReportForContainerReportHandler] WARN  container.ContainerReportHandler (AbstractContainerReportHandler.java:updateContainerState(145)) - Container #1 is in OPEN state, but the datanode d56bd5cd-a10f-47cc-a049-69cbb5837008{ip: 192.168.34.9, host: pr-hdds-1868-8w4sl-2612808232, networkLocation: /default-rack, certSerialId: null} reports an CLOSED replica.
2019-10-21 02:41:05,980 [java.util.concurrent.ThreadPoolExecutor$Worker@411a2772[State = -1, empty queue]] WARN  server.GrpcLogAppender (GrpcLogAppender.java:timeoutAppendRequest(209)) - 346fa4f8-3ab8-43df-a502-3f4b9443122a@group-98ACF608DB4D->0299b781-7796-45ba-9036-f37ef6071f27-GrpcLogAppender: appendEntries Timeout, request=346fa4f8-3ab8-43df-a502-3f4b9443122a->0299b781-7796-45ba-9036-f37ef6071f27#35-t1, previous=(t:1, i:10), leaderCommit=10, initializing? false, entries: <empty>
2019-10-21 02:41:06,067 [EventQueue-ContainerReportForContainerReportHandler] WARN  container.ContainerReportHandler (AbstractContainerReportHandler.java:updateContainerState(145)) - Container #1 is in OPEN state, but the datanode 346fa4f8-3ab8-43df-a502-3f4b9443122a{ip: 192.168.34.9, host: pr-hdds-1868-8w4sl-2612808232, networkLocation: /default-rack, certSerialId: null} reports an CLOSED replica.
2019-10-21 02:41:06,073 [BlockDeletingService#2] WARN  background.BlockDeletingService (BlockDeletingService.java:isDeletionAllowed(187)) - Close Container log Index 6 is not replicated across allthe servers in the pipeline b247b7b0-bc56-4c4b-9e26-98acf608db4d as the min replicated index is 4. Deletion is not allowed in this container yet.
2019-10-21 02:41:06,076 [BlockDeletingService#2] WARN  background.BlockDeletingService (BlockDeletingService.java:isDeletionAllowed(187)) - Close Container log Index 6 is not replicated across allthe servers in the pipeline b247b7b0-bc56-4c4b-9e26-98acf608db4d as the min replicated index is 4. Deletion is not allowed in this container yet.
2019-10-21 02:41:06,095 [EventQueue-ContainerReportForContainerReportHandler] WARN  container.ContainerReportHandler (AbstractContainerReportHandler.java:updateContainerState(145)) - Container #1 is in OPEN state, but the datanode d56bd5cd-a10f-47cc-a049-69cbb5837008{ip: 192.168.34.9, host: pr-hdds-1868-8w4sl-2612808232, networkLocation: /default-rack, certSerialId: null} reports an CLOSED replica.
2019-10-21 02:41:06,295 [EventQueue-ContainerReportForContainerReportHandler] WARN  container.ContainerReportHandler (AbstractContainerReportHandler.java:updateContainerState(145)) - Container #1 is in OPEN state, but the datanode d56bd5cd-a10f-47cc-a049-69cbb5837008{ip: 192.168.34.9, host: pr-hdds-1868-8w4sl-2612808232, networkLocation: /default-rack, certSerialId: null} reports an CLOSED replica.
2019-10-21 02:41:06,467 [EventQueue-ContainerReportForContainerReportHandler] WARN  container.ContainerReportHandler (AbstractContainerReportHandler.java:updateContainerState(145)) - Container #1 is in OPEN state, but the datanode 346fa4f8-3ab8-43df-a502-3f4b9443122a{ip: 192.168.34.9, host: pr-hdds-1868-8w4sl-2612808232, networkLocation: /default-rack, certSerialId: null} reports an CLOSED replica.
2019-10-21 02:41:06,595 [EventQueue-ContainerReportForContainerReportHandler] WARN  container.ContainerReportHandler (AbstractContainerReportHandler.java:updateContainerState(145)) - Container #1 is in OPEN state, but the datanode d56bd5cd-a10f-47cc-a049-69cbb5837008{ip: 192.168.34.9, host: pr-hdds-1868-8w4sl-2612808232, networkLocation: /default-rack, certSerialId: null} reports an CLOSED replica.
2019-10-21 02:41:06,667 [EventQueue-ContainerReportForContainerReportHandler] WARN  container.ContainerReportHandler (AbstractContainerReportHandler.java:updateContainerState(145)) - Container #1 is in OPEN state, but the datanode 346fa4f8-3ab8-43df-a502-3f4b9443122a{ip: 192.168.34.9, host: pr-hdds-1868-8w4sl-2612808232, networkLocation: /default-rack, certSerialId: null} reports an CLOSED replica.
2019-10-21 02:41:06,895 [EventQueue-ContainerReportForContainerReportHandler] WARN  container.ContainerReportHandler (AbstractContainerReportHandler.java:updateContainerState(145)) - Container #1 is in OPEN state, but the datanode d56bd5cd-a10f-47cc-a049-69cbb5837008{ip: 192.168.34.9, host: pr-hdds-1868-8w4sl-2612808232, networkLocation: /default-rack, certSerialId: null} reports an CLOSED replica.
2019-10-21 02:41:07,068 [EventQueue-ContainerReportForContainerReportHandler] WARN  container.ContainerReportHandler (AbstractContainerReportHandler.java:updateContainerState(145)) - Container #1 is in OPEN state, but the datanode 346fa4f8-3ab8-43df-a502-3f4b9443122a{ip: 192.168.34.9, host: pr-hdds-1868-8w4sl-2612808232, networkLocation: /default-rack, certSerialId: null} reports an CLOSED replica.
2019-10-21 02:41:07,075 [BlockDeletingService#2] WARN  background.BlockDeletingService (BlockDeletingService.java:isDeletionAllowed(187)) - Close Container log Index 6 is not replicated across allthe servers in the pipeline b247b7b0-bc56-4c4b-9e26-98acf608db4d as the min replicated index is 4. Deletion is not allowed in this container yet.
2019-10-21 02:41:07,078 [BlockDeletingService#2] WARN  background.BlockDeletingService (BlockDeletingService.java:isDeletionAllowed(187)) - Close Container log Index 6 is not replicated across allthe servers in the pipeline b247b7b0-bc56-4c4b-9e26-98acf608db4d as the min replicated index is 4. Deletion is not allowed in this container yet.
2019-10-21 02:41:07,194 [EventQueue-ContainerReportForContainerReportHandler] WARN  container.ContainerReportHandler (AbstractContainerReportHandler.java:updateContainerState(145)) - Container #1 is in OPEN state, but the datanode d56bd5cd-a10f-47cc-a049-69cbb5837008{ip: 192.168.34.9, host: pr-hdds-1868-8w4sl-2612808232, networkLocation: /default-rack, certSerialId: null} reports an CLOSED replica.
2019-10-21 02:41:07,469 [EventQueue-ContainerReportForContainerReportHandler] WARN  container.ContainerReportHandler (AbstractContainerReportHandler.java:updateContainerState(145)) - Container #1 is in OPEN state, but the datanode 346fa4f8-3ab8-43df-a502-3f4b9443122a{ip: 192.168.34.9, host: pr-hdds-1868-8w4sl-2612808232, networkLocation: /default-rack, certSerialId: null} reports an CLOSED replica.
2019-10-21 02:41:07,594 [EventQueue-ContainerReportForContainerReportHandler] WARN  container.ContainerReportHandler (AbstractContainerReportHandler.java:updateContainerState(145)) - Container #1 is in OPEN state, but the datanode d56bd5cd-a10f-47cc-a049-69cbb5837008{ip: 192.168.34.9, host: pr-hdds-1868-8w4sl-2612808232, networkLocation: /default-rack, certSerialId: null} reports an CLOSED replica.
2019-10-21 02:41:07,769 [EventQueue-ContainerReportForContainerReportHandler] WARN  container.ContainerReportHandler (AbstractContainerReportHandler.java:updateContainerState(145)) - Container #1 is in OPEN state, but the datanode 346fa4f8-3ab8-43df-a502-3f4b9443122a{ip: 192.168.34.9, host: pr-hdds-1868-8w4sl-2612808232, networkLocation: /default-rack, certSerialId: null} reports an CLOSED replica.
2019-10-21 02:41:07,969 [EventQueue-ContainerReportForContainerReportHandler] WARN  container.ContainerReportHandler (AbstractContainerReportHandler.java:updateContainerState(145)) - Container #1 is in OPEN state, but the datanode 346fa4f8-3ab8-43df-a502-3f4b9443122a{ip: 192.168.34.9, host: pr-hdds-1868-8w4sl-2612808232, networkLocation: /default-rack, certSerialId: null} reports an CLOSED replica.
2019-10-21 02:41:07,994 [EventQueue-ContainerReportForContainerReportHandler] WARN  container.ContainerReportHandler (AbstractContainerReportHandler.java:updateContainerState(145)) - Container #1 is in OPEN state, but the datanode d56bd5cd-a10f-47cc-a049-69cbb5837008{ip: 192.168.34.9, host: pr-hdds-1868-8w4sl-2612808232, networkLocation: /default-rack, certSerialId: null} reports an CLOSED replica.
2019-10-21 02:41:08,076 [BlockDeletingService#2] WARN  background.BlockDeletingService (BlockDeletingService.java:isDeletionAllowed(187)) - Close Container log Index 6 is not replicated across allthe servers in the pipeline b247b7b0-bc56-4c4b-9e26-98acf608db4d as the min replicated index is 4. Deletion is not allowed in this container yet.
2019-10-21 02:41:08,079 [BlockDeletingService#2] WARN  background.BlockDeletingService (BlockDeletingService.java:isDeletionAllowed(187)) - Close Container log Index 6 is not replicated across allthe servers in the pipeline b247b7b0-bc56-4c4b-9e26-98acf608db4d as the min replicated index is 4. Deletion is not allowed in this container yet.
2019-10-21 02:41:08,269 [EventQueue-ContainerReportForContainerReportHandler] WARN  container.ContainerReportHandler (AbstractContainerReportHandler.java:updateContainerState(145)) - Container #1 is in OPEN state, but the datanode 346fa4f8-3ab8-43df-a502-3f4b9443122a{ip: 192.168.34.9, host: pr-hdds-1868-8w4sl-2612808232, networkLocation: /default-rack, certSerialId: null} reports an CLOSED replica.
2019-10-21 02:41:08,294 [EventQueue-ContainerReportForContainerReportHandler] WARN  container.ContainerReportHandler (AbstractContainerReportHandler.java:updateContainerState(145)) - Container #1 is in OPEN state, but the datanode d56bd5cd-a10f-47cc-a049-69cbb5837008{ip: 192.168.34.9, host: pr-hdds-1868-8w4sl-2612808232, networkLocation: /default-rack, certSerialId: null} reports an CLOSED replica.
2019-10-21 02:41:08,482 [java.util.concurrent.ThreadPoolExecutor$Worker@411a2772[State = -1, empty queue]] WARN  server.GrpcLogAppender (GrpcLogAppender.java:timeoutAppendRequest(209)) - 346fa4f8-3ab8-43df-a502-3f4b9443122a@group-98ACF608DB4D->0299b781-7796-45ba-9036-f37ef6071f27-GrpcLogAppender: appendEntries Timeout, request=346fa4f8-3ab8-43df-a502-3f4b9443122a->0299b781-7796-45ba-9036-f37ef6071f27#36-t1, previous=(t:1, i:10), leaderCommit=10, initializing? false, entries: <empty>
2019-10-21 02:41:08,494 [EventQueue-ContainerReportForContainerReportHandler] WARN  container.ContainerReportHandler (AbstractContainerReportHandler.java:updateContainerState(145)) - Container #1 is in OPEN state, but the datanode d56bd5cd-a10f-47cc-a049-69cbb5837008{ip: 192.168.34.9, host: pr-hdds-1868-8w4sl-2612808232, networkLocation: /default-rack, certSerialId: null} reports an CLOSED replica.
2019-10-21 02:41:08,669 [EventQueue-ContainerReportForContainerReportHandler] WARN  container.ContainerReportHandler (AbstractContainerReportHandler.java:updateContainerState(145)) - Container #1 is in OPEN state, but the datanode 346fa4f8-3ab8-43df-a502-3f4b9443122a{ip: 192.168.34.9, host: pr-hdds-1868-8w4sl-2612808232, networkLocation: /default-rack, certSerialId: null} reports an CLOSED replica.
2019-10-21 02:41:08,794 [EventQueue-ContainerReportForContainerReportHandler] WARN  container.ContainerReportHandler (AbstractContainerReportHandler.java:updateContainerState(145)) - Container #1 is in OPEN state, but the datanode d56bd5cd-a10f-47cc-a049-69cbb5837008{ip: 192.168.34.9, host: pr-hdds-1868-8w4sl-2612808232, networkLocation: /default-rack, certSerialId: null} reports an CLOSED replica.
2019-10-21 02:41:09,071 [EventQueue-ContainerReportForContainerReportHandler] WARN  container.ContainerReportHandler (AbstractContainerReportHandler.java:updateContainerState(145)) - Container #1 is in OPEN state, but the datanode 346fa4f8-3ab8-43df-a502-3f4b9443122a{ip: 192.168.34.9, host: pr-hdds-1868-8w4sl-2612808232, networkLocation: /default-rack, certSerialId: null} reports an CLOSED replica.
2019-10-21 02:41:09,079 [BlockDeletingService#2] WARN  background.BlockDeletingService (BlockDeletingService.java:isDeletionAllowed(187)) - Close Container log Index 6 is not replicated across allthe servers in the pipeline b247b7b0-bc56-4c4b-9e26-98acf608db4d as the min replicated index is 4. Deletion is not allowed in this container yet.
2019-10-21 02:41:09,080 [BlockDeletingService#2] WARN  background.BlockDeletingService (BlockDeletingService.java:isDeletionAllowed(187)) - Close Container log Index 6 is not replicated across allthe servers in the pipeline b247b7b0-bc56-4c4b-9e26-98acf608db4d as the min replicated index is 4. Deletion is not allowed in this container yet.
2019-10-21 02:41:09,095 [EventQueue-ContainerReportForContainerReportHandler] WARN  container.ContainerReportHandler (AbstractContainerReportHandler.java:updateContainerState(145)) - Container #1 is in OPEN state, but the datanode d56bd5cd-a10f-47cc-a049-69cbb5837008{ip: 192.168.34.9, host: pr-hdds-1868-8w4sl-2612808232, networkLocation: /default-rack, certSerialId: null} reports an CLOSED replica.
2019-10-21 02:41:09,270 [EventQueue-ContainerReportForContainerReportHandler] WARN  container.ContainerReportHandler (AbstractContainerReportHandler.java:updateContainerState(145)) - Container #1 is in OPEN state, but the datanode 346fa4f8-3ab8-43df-a502-3f4b9443122a{ip: 192.168.34.9, host: pr-hdds-1868-8w4sl-2612808232, networkLocation: /default-rack, certSerialId: null} reports an CLOSED replica.
2019-10-21 02:41:09,496 [EventQueue-ContainerReportForContainerReportHandler] WARN  container.ContainerReportHandler (AbstractContainerReportHandler.java:updateContainerState(145)) - Container #1 is in OPEN state, but the datanode d56bd5cd-a10f-47cc-a049-69cbb5837008{ip: 192.168.34.9, host: pr-hdds-1868-8w4sl-2612808232, networkLocation: /default-rack, certSerialId: null} reports an CLOSED replica.
2019-10-21 02:41:09,570 [EventQueue-ContainerReportForContainerReportHandler] WARN  container.ContainerReportHandler (AbstractContainerReportHandler.java:updateContainerState(145)) - Container #1 is in OPEN state, but the datanode 346fa4f8-3ab8-43df-a502-3f4b9443122a{ip: 192.168.34.9, host: pr-hdds-1868-8w4sl-2612808232, networkLocation: /default-rack, certSerialId: null} reports an CLOSED replica.
2019-10-21 02:41:09,697 [EventQueue-ContainerReportForContainerReportHandler] WARN  container.ContainerReportHandler (AbstractContainerReportHandler.java:updateContainerState(145)) - Container #1 is in OPEN state, but the datanode d56bd5cd-a10f-47cc-a049-69cbb5837008{ip: 192.168.34.9, host: pr-hdds-1868-8w4sl-2612808232, networkLocation: /default-rack, certSerialId: null} reports an CLOSED replica.
2019-10-21 02:41:09,870 [EventQueue-ContainerReportForContainerReportHandler] WARN  container.ContainerReportHandler (AbstractContainerReportHandler.java:updateContainerState(145)) - Container #1 is in OPEN state, but the datanode 346fa4f8-3ab8-43df-a502-3f4b9443122a{ip: 192.168.34.9, host: pr-hdds-1868-8w4sl-2612808232, networkLocation: /default-rack, certSerialId: null} reports an CLOSED replica.
2019-10-21 02:41:09,996 [EventQueue-ContainerReportForContainerReportHandler] WARN  container.ContainerReportHandler (AbstractContainerReportHandler.java:updateContainerState(145)) - Container #1 is in OPEN state, but the datanode d56bd5cd-a10f-47cc-a049-69cbb5837008{ip: 192.168.34.9, host: pr-hdds-1868-8w4sl-2612808232, networkLocation: /default-rack, certSerialId: null} reports an CLOSED replica.
2019-10-21 02:41:10,071 [EventQueue-ContainerReportForContainerReportHandler] WARN  container.ContainerReportHandler (AbstractContainerReportHandler.java:updateContainerState(145)) - Container #1 is in OPEN state, but the datanode 346fa4f8-3ab8-43df-a502-3f4b9443122a{ip: 192.168.34.9, host: pr-hdds-1868-8w4sl-2612808232, networkLocation: /default-rack, certSerialId: null} reports an CLOSED replica.
2019-10-21 02:41:10,080 [BlockDeletingService#2] WARN  background.BlockDeletingService (BlockDeletingService.java:isDeletionAllowed(187)) - Close Container log Index 6 is not replicated across allthe servers in the pipeline b247b7b0-bc56-4c4b-9e26-98acf608db4d as the min replicated index is 4. Deletion is not allowed in this container yet.
2019-10-21 02:41:10,081 [BlockDeletingService#2] WARN  background.BlockDeletingService (BlockDeletingService.java:isDeletionAllowed(187)) - Close Container log Index 6 is not replicated across allthe servers in the pipeline b247b7b0-bc56-4c4b-9e26-98acf608db4d as the min replicated index is 4. Deletion is not allowed in this container yet.
2019-10-21 02:41:10,397 [EventQueue-ContainerReportForContainerReportHandler] WARN  container.ContainerReportHandler (AbstractContainerReportHandler.java:updateContainerState(145)) - Container #1 is in OPEN state, but the datanode d56bd5cd-a10f-47cc-a049-69cbb5837008{ip: 192.168.34.9, host: pr-hdds-1868-8w4sl-2612808232, networkLocation: /default-rack, certSerialId: null} reports an CLOSED replica.
2019-10-21 02:41:10,470 [EventQueue-ContainerReportForContainerReportHandler] WARN  container.ContainerReportHandler (AbstractContainerReportHandler.java:updateContainerState(145)) - Container #1 is in OPEN state, but the datanode 346fa4f8-3ab8-43df-a502-3f4b9443122a{ip: 192.168.34.9, host: pr-hdds-1868-8w4sl-2612808232, networkLocation: /default-rack, certSerialId: null} reports an CLOSED replica.
2019-10-21 02:41:10,670 [EventQueue-ContainerReportForContainerReportHandler] WARN  container.ContainerReportHandler (AbstractContainerReportHandler.java:updateContainerState(145)) - Container #1 is in OPEN state, but the datanode 346fa4f8-3ab8-43df-a502-3f4b9443122a{ip: 192.168.34.9, host: pr-hdds-1868-8w4sl-2612808232, networkLocation: /default-rack, certSerialId: null} reports an CLOSED replica.
2019-10-21 02:41:10,696 [EventQueue-ContainerReportForContainerReportHandler] WARN  container.ContainerReportHandler (AbstractContainerReportHandler.java:updateContainerState(145)) - Container #1 is in OPEN state, but the datanode d56bd5cd-a10f-47cc-a049-69cbb5837008{ip: 192.168.34.9, host: pr-hdds-1868-8w4sl-2612808232, networkLocation: /default-rack, certSerialId: null} reports an CLOSED replica.
2019-10-21 02:41:10,974 [EventQueue-ContainerReportForContainerReportHandler] WARN  container.ContainerReportHandler (AbstractContainerReportHandler.java:updateContainerState(145)) - Container #1 is in OPEN state, but the datanode 346fa4f8-3ab8-43df-a502-3f4b9443122a{ip: 192.168.34.9, host: pr-hdds-1868-8w4sl-2612808232, networkLocation: /default-rack, certSerialId: null} reports an CLOSED replica.
2019-10-21 02:41:10,984 [java.util.concurrent.ThreadPoolExecutor$Worker@411a2772[State = -1, empty queue]] WARN  server.GrpcLogAppender (GrpcLogAppender.java:timeoutAppendRequest(209)) - 346fa4f8-3ab8-43df-a502-3f4b9443122a@group-98ACF608DB4D->0299b781-7796-45ba-9036-f37ef6071f27-GrpcLogAppender: appendEntries Timeout, request=346fa4f8-3ab8-43df-a502-3f4b9443122a->0299b781-7796-45ba-9036-f37ef6071f27#37-t1, previous=(t:1, i:10), leaderCommit=10, initializing? false, entries: <empty>
2019-10-21 02:41:10,998 [EventQueue-ContainerReportForContainerReportHandler] WARN  container.ContainerReportHandler (AbstractContainerReportHandler.java:updateContainerState(145)) - Container #1 is in OPEN state, but the datanode d56bd5cd-a10f-47cc-a049-69cbb5837008{ip: 192.168.34.9, host: pr-hdds-1868-8w4sl-2612808232, networkLocation: /default-rack, certSerialId: null} reports an CLOSED replica.
2019-10-21 02:41:11,083 [BlockDeletingService#2] WARN  background.BlockDeletingService (BlockDeletingService.java:isDeletionAllowed(187)) - Close Container log Index 6 is not replicated across allthe servers in the pipeline b247b7b0-bc56-4c4b-9e26-98acf608db4d as the min replicated index is 4. Deletion is not allowed in this container yet.
2019-10-21 02:41:11,083 [BlockDeletingService#2] WARN  background.BlockDeletingService (BlockDeletingService.java:isDeletionAllowed(187)) - Close Container log Index 6 is not replicated across allthe servers in the pipeline b247b7b0-bc56-4c4b-9e26-98acf608db4d as the min replicated index is 4. Deletion is not allowed in this container yet.
2019-10-21 02:41:11,274 [EventQueue-ContainerReportForContainerReportHandler] WARN  container.ContainerReportHandler (AbstractContainerReportHandler.java:updateContainerState(145)) - Container #1 is in OPEN state, but the datanode 346fa4f8-3ab8-43df-a502-3f4b9443122a{ip: 192.168.34.9, host: pr-hdds-1868-8w4sl-2612808232, networkLocation: /default-rack, certSerialId: null} reports an CLOSED replica.
2019-10-21 02:41:11,398 [EventQueue-ContainerReportForContainerReportHandler] WARN  container.ContainerReportHandler (AbstractContainerReportHandler.java:updateContainerState(145)) - Container #1 is in OPEN state, but the datanode d56bd5cd-a10f-47cc-a049-69cbb5837008{ip: 192.168.34.9, host: pr-hdds-1868-8w4sl-2612808232, networkLocation: /default-rack, certSerialId: null} reports an CLOSED replica.
2019-10-21 02:41:11,478 [EventQueue-ContainerReportForContainerReportHandler] WARN  container.ContainerReportHandler (AbstractContainerReportHandler.java:updateContainerState(145)) - Container #1 is in OPEN state, but the datanode 346fa4f8-3ab8-43df-a502-3f4b9443122a{ip: 192.168.34.9, host: pr-hdds-1868-8w4sl-2612808232, networkLocation: /default-rack, certSerialId: null} reports an CLOSED replica.
2019-10-21 02:41:11,698 [EventQueue-ContainerReportForContainerReportHandler] WARN  container.ContainerReportHandler (AbstractContainerReportHandler.java:updateContainerState(145)) - Container #1 is in OPEN state, but the datanode d56bd5cd-a10f-47cc-a049-69cbb5837008{ip: 192.168.34.9, host: pr-hdds-1868-8w4sl-2612808232, networkLocation: /default-rack, certSerialId: null} reports an CLOSED replica.
2019-10-21 02:41:11,776 [EventQueue-ContainerReportForContainerReportHandler] WARN  container.ContainerReportHandler (AbstractContainerReportHandler.java:updateContainerState(145)) - Container #1 is in OPEN state, but the datanode 346fa4f8-3ab8-43df-a502-3f4b9443122a{ip: 192.168.34.9, host: pr-hdds-1868-8w4sl-2612808232, networkLocation: /default-rack, certSerialId: null} reports an CLOSED replica.
2019-10-21 02:41:11,998 [EventQueue-ContainerReportForContainerReportHandler] WARN  container.ContainerReportHandler (AbstractContainerReportHandler.java:updateContainerState(145)) - Container #1 is in OPEN state, but the datanode d56bd5cd-a10f-47cc-a049-69cbb5837008{ip: 192.168.34.9, host: pr-hdds-1868-8w4sl-2612808232, networkLocation: /default-rack, certSerialId: null} reports an CLOSED replica.
2019-10-21 02:41:12,086 [BlockDeletingService#2] WARN  background.BlockDeletingService (BlockDeletingService.java:isDeletionAllowed(187)) - Close Container log Index 6 is not replicated across allthe servers in the pipeline b247b7b0-bc56-4c4b-9e26-98acf608db4d as the min replicated index is 4. Deletion is not allowed in this container yet.
2019-10-21 02:41:12,086 [BlockDeletingService#2] WARN  background.BlockDeletingService (BlockDeletingService.java:isDeletionAllowed(187)) - Close Container log Index 6 is not replicated across allthe servers in the pipeline b247b7b0-bc56-4c4b-9e26-98acf608db4d as the min replicated index is 4. Deletion is not allowed in this container yet.
2019-10-21 02:41:12,178 [EventQueue-ContainerReportForContainerReportHandler] WARN  container.ContainerReportHandler (AbstractContainerReportHandler.java:updateContainerState(145)) - Container #1 is in OPEN state, but the datanode 346fa4f8-3ab8-43df-a502-3f4b9443122a{ip: 192.168.34.9, host: pr-hdds-1868-8w4sl-2612808232, networkLocation: /default-rack, certSerialId: null} reports an CLOSED replica.
2019-10-21 02:41:12,198 [EventQueue-ContainerReportForContainerReportHandler] WARN  container.ContainerReportHandler (AbstractContainerReportHandler.java:updateContainerState(145)) - Container #1 is in OPEN state, but the datanode d56bd5cd-a10f-47cc-a049-69cbb5837008{ip: 192.168.34.9, host: pr-hdds-1868-8w4sl-2612808232, networkLocation: /default-rack, certSerialId: null} reports an CLOSED replica.
2019-10-21 02:41:12,378 [EventQueue-ContainerReportForContainerReportHandler] WARN  container.ContainerReportHandler (AbstractContainerReportHandler.java:updateContainerState(145)) - Container #1 is in OPEN state, but the datanode 346fa4f8-3ab8-43df-a502-3f4b9443122a{ip: 192.168.34.9, host: pr-hdds-1868-8w4sl-2612808232, networkLocation: /default-rack, certSerialId: null} reports an CLOSED replica.
2019-10-21 02:41:12,500 [EventQueue-ContainerReportForContainerReportHandler] WARN  container.ContainerReportHandler (AbstractContainerReportHandler.java:updateContainerState(145)) - Container #1 is in OPEN state, but the datanode d56bd5cd-a10f-47cc-a049-69cbb5837008{ip: 192.168.34.9, host: pr-hdds-1868-8w4sl-2612808232, networkLocation: /default-rack, certSerialId: null} reports an CLOSED replica.
2019-10-21 02:41:12,578 [EventQueue-ContainerReportForContainerReportHandler] WARN  container.ContainerReportHandler (AbstractContainerReportHandler.java:updateContainerState(145)) - Container #1 is in OPEN state, but the datanode 346fa4f8-3ab8-43df-a502-3f4b9443122a{ip: 192.168.34.9, host: pr-hdds-1868-8w4sl-2612808232, networkLocation: /default-rack, certSerialId: null} reports an CLOSED replica.
2019-10-21 02:41:12,700 [EventQueue-ContainerReportForContainerReportHandler] WARN  container.ContainerReportHandler (AbstractContainerReportHandler.java:updateContainerState(145)) - Container #1 is in OPEN state, but the datanode d56bd5cd-a10f-47cc-a049-69cbb5837008{ip: 192.168.34.9, host: pr-hdds-1868-8w4sl-2612808232, networkLocation: /default-rack, certSerialId: null} reports an CLOSED replica.
2019-10-21 02:41:12,877 [EventQueue-ContainerReportForContainerReportHandler] WARN  container.ContainerReportHandler (AbstractContainerReportHandler.java:updateContainerState(145)) - Container #1 is in OPEN state, but the datanode 346fa4f8-3ab8-43df-a502-3f4b9443122a{ip: 192.168.34.9, host: pr-hdds-1868-8w4sl-2612808232, networkLocation: /default-rack, certSerialId: null} reports an CLOSED replica.
2019-10-21 02:41:12,900 [EventQueue-ContainerReportForContainerReportHandler] WARN  container.ContainerReportHandler (AbstractContainerReportHandler.java:updateContainerState(145)) - Container #1 is in OPEN state, but the datanode d56bd5cd-a10f-47cc-a049-69cbb5837008{ip: 192.168.34.9, host: pr-hdds-1868-8w4sl-2612808232, networkLocation: /default-rack, certSerialId: null} reports an CLOSED replica.
2019-10-21 02:41:13,088 [BlockDeletingService#2] WARN  background.BlockDeletingService (BlockDeletingService.java:isDeletionAllowed(187)) - Close Container log Index 6 is not replicated across allthe servers in the pipeline b247b7b0-bc56-4c4b-9e26-98acf608db4d as the min replicated index is 4. Deletion is not allowed in this container yet.
2019-10-21 02:41:13,088 [BlockDeletingService#2] WARN  background.BlockDeletingService (BlockDeletingService.java:isDeletionAllowed(187)) - Close Container log Index 6 is not replicated across allthe servers in the pipeline b247b7b0-bc56-4c4b-9e26-98acf608db4d as the min replicated index is 4. Deletion is not allowed in this container yet.
2019-10-21 02:41:13,178 [EventQueue-ContainerReportForContainerReportHandler] WARN  container.ContainerReportHandler (AbstractContainerReportHandler.java:updateContainerState(145)) - Container #1 is in OPEN state, but the datanode 346fa4f8-3ab8-43df-a502-3f4b9443122a{ip: 192.168.34.9, host: pr-hdds-1868-8w4sl-2612808232, networkLocation: /default-rack, certSerialId: null} reports an CLOSED replica.
2019-10-21 02:41:13,299 [EventQueue-ContainerReportForContainerReportHandler] WARN  container.ContainerReportHandler (AbstractContainerReportHandler.java:updateContainerState(145)) - Container #1 is in OPEN state, but the datanode d56bd5cd-a10f-47cc-a049-69cbb5837008{ip: 192.168.34.9, host: pr-hdds-1868-8w4sl-2612808232, networkLocation: /default-rack, certSerialId: null} reports an CLOSED replica.
2019-10-21 02:41:13,477 [EventQueue-ContainerReportForContainerReportHandler] WARN  container.ContainerReportHandler (AbstractContainerReportHandler.java:updateContainerState(145)) - Container #1 is in OPEN state, but the datanode 346fa4f8-3ab8-43df-a502-3f4b9443122a{ip: 192.168.34.9, host: pr-hdds-1868-8w4sl-2612808232, networkLocation: /default-rack, certSerialId: null} reports an CLOSED replica.
2019-10-21 02:41:13,485 [java.util.concurrent.ThreadPoolExecutor$Worker@411a2772[State = -1, empty queue]] WARN  server.GrpcLogAppender (GrpcLogAppender.java:timeoutAppendRequest(209)) - 346fa4f8-3ab8-43df-a502-3f4b9443122a@group-98ACF608DB4D->0299b781-7796-45ba-9036-f37ef6071f27-GrpcLogAppender: appendEntries Timeout, request=346fa4f8-3ab8-43df-a502-3f4b9443122a->0299b781-7796-45ba-9036-f37ef6071f27#38-t1, previous=(t:1, i:10), leaderCommit=10, initializing? false, entries: <empty>
2019-10-21 02:41:13,499 [EventQueue-ContainerReportForContainerReportHandler] WARN  container.ContainerReportHandler (AbstractContainerReportHandler.java:updateContainerState(145)) - Container #1 is in OPEN state, but the datanode d56bd5cd-a10f-47cc-a049-69cbb5837008{ip: 192.168.34.9, host: pr-hdds-1868-8w4sl-2612808232, networkLocation: /default-rack, certSerialId: null} reports an CLOSED replica.
2019-10-21 02:41:13,677 [EventQueue-ContainerReportForContainerReportHandler] WARN  container.ContainerReportHandler (AbstractContainerReportHandler.java:updateContainerState(145)) - Container #1 is in OPEN state, but the datanode 346fa4f8-3ab8-43df-a502-3f4b9443122a{ip: 192.168.34.9, host: pr-hdds-1868-8w4sl-2612808232, networkLocation: /default-rack, certSerialId: null} reports an CLOSED replica.
2019-10-21 02:41:13,900 [EventQueue-ContainerReportForContainerReportHandler] WARN  container.ContainerReportHandler (AbstractContainerReportHandler.java:updateContainerState(145)) - Container #1 is in OPEN state, but the datanode d56bd5cd-a10f-47cc-a049-69cbb5837008{ip: 192.168.34.9, host: pr-hdds-1868-8w4sl-2612808232, networkLocation: /default-rack, certSerialId: null} reports an CLOSED replica.
2019-10-21 02:41:13,978 [EventQueue-ContainerReportForContainerReportHandler] WARN  container.ContainerReportHandler (AbstractContainerReportHandler.java:updateContainerState(145)) - Container #1 is in OPEN state, but the datanode 346fa4f8-3ab8-43df-a502-3f4b9443122a{ip: 192.168.34.9, host: pr-hdds-1868-8w4sl-2612808232, networkLocation: /default-rack, certSerialId: null} reports an CLOSED replica.
2019-10-21 02:41:14,091 [BlockDeletingService#2] WARN  background.BlockDeletingService (BlockDeletingService.java:isDeletionAllowed(187)) - Close Container log Index 6 is not replicated across allthe servers in the pipeline b247b7b0-bc56-4c4b-9e26-98acf608db4d as the min replicated index is 4. Deletion is not allowed in this container yet.
2019-10-21 02:41:14,091 [BlockDeletingService#2] WARN  background.BlockDeletingService (BlockDeletingService.java:isDeletionAllowed(187)) - Close Container log Index 6 is not replicated across allthe servers in the pipeline b247b7b0-bc56-4c4b-9e26-98acf608db4d as the min replicated index is 4. Deletion is not allowed in this container yet.
2019-10-21 02:41:14,100 [EventQueue-ContainerReportForContainerReportHandler] WARN  container.ContainerReportHandler (AbstractContainerReportHandler.java:updateContainerState(145)) - Container #1 is in OPEN state, but the datanode d56bd5cd-a10f-47cc-a049-69cbb5837008{ip: 192.168.34.9, host: pr-hdds-1868-8w4sl-2612808232, networkLocation: /default-rack, certSerialId: null} reports an CLOSED replica.
2019-10-21 02:41:14,278 [EventQueue-ContainerReportForContainerReportHandler] WARN  container.ContainerReportHandler (AbstractContainerReportHandler.java:updateContainerState(145)) - Container #1 is in OPEN state, but the datanode 346fa4f8-3ab8-43df-a502-3f4b9443122a{ip: 192.168.34.9, host: pr-hdds-1868-8w4sl-2612808232, networkLocation: /default-rack, certSerialId: null} reports an CLOSED replica.
2019-10-21 02:41:14,499 [EventQueue-ContainerReportForContainerReportHandler] WARN  container.ContainerReportHandler (AbstractContainerReportHandler.java:updateContainerState(145)) - Container #1 is in OPEN state, but the datanode d56bd5cd-a10f-47cc-a049-69cbb5837008{ip: 192.168.34.9, host: pr-hdds-1868-8w4sl-2612808232, networkLocation: /default-rack, certSerialId: null} reports an CLOSED replica.
2019-10-21 02:41:14,578 [EventQueue-ContainerReportForContainerReportHandler] WARN  container.ContainerReportHandler (AbstractContainerReportHandler.java:updateContainerState(145)) - Container #1 is in OPEN state, but the datanode 346fa4f8-3ab8-43df-a502-3f4b9443122a{ip: 192.168.34.9, host: pr-hdds-1868-8w4sl-2612808232, networkLocation: /default-rack, certSerialId: null} reports an CLOSED replica.
2019-10-21 02:41:14,699 [EventQueue-ContainerReportForContainerReportHandler] WARN  container.ContainerReportHandler (AbstractContainerReportHandler.java:updateContainerState(145)) - Container #1 is in OPEN state, but the datanode d56bd5cd-a10f-47cc-a049-69cbb5837008{ip: 192.168.34.9, host: pr-hdds-1868-8w4sl-2612808232, networkLocation: /default-rack, certSerialId: null} reports an CLOSED replica.
2019-10-21 02:41:14,755 [Thread-452] INFO  client.GrpcClientProtocolService (GrpcClientProtocolService.java:lambda$processClientRequest$0(279)) - Failed RaftClientRequest:client-A91BDCACAE43->346fa4f8-3ab8-43df-a502-3f4b9443122a@group-98ACF608DB4D, cid=22, seq=0, Watch-ALL_COMMITTED(6), Message:<EMPTY>, reply=RaftClientReply:client-A91BDCACAE43->346fa4f8-3ab8-43df-a502-3f4b9443122a@group-98ACF608DB4D, cid=22, FAILED org.apache.ratis.protocol.NotReplicatedException: Request with call Id 22 and log index 6 is not yet replicated to ALL_COMMITTED, logIndex=6, commits[346fa4f8-3ab8-43df-a502-3f4b9443122a:c10, d56bd5cd-a10f-47cc-a049-69cbb5837008:c10, 0299b781-7796-45ba-9036-f37ef6071f27:c4]
2019-10-21 02:41:14,878 [EventQueue-ContainerReportForContainerReportHandler] WARN  container.ContainerReportHandler (AbstractContainerReportHandler.java:updateContainerState(145)) - Container #1 is in OPEN state, but the datanode 346fa4f8-3ab8-43df-a502-3f4b9443122a{ip: 192.168.34.9, host: pr-hdds-1868-8w4sl-2612808232, networkLocation: /default-rack, certSerialId: null} reports an CLOSED replica.
2019-10-21 02:41:14,900 [EventQueue-ContainerReportForContainerReportHandler] WARN  container.ContainerReportHandler (AbstractContainerReportHandler.java:updateContainerState(145)) - Container #1 is in OPEN state, but the datanode d56bd5cd-a10f-47cc-a049-69cbb5837008{ip: 192.168.34.9, host: pr-hdds-1868-8w4sl-2612808232, networkLocation: /default-rack, certSerialId: null} reports an CLOSED replica.
2019-10-21 02:41:15,093 [BlockDeletingService#2] WARN  background.BlockDeletingService (BlockDeletingService.java:isDeletionAllowed(187)) - Close Container log Index 6 is not replicated across allthe servers in the pipeline b247b7b0-bc56-4c4b-9e26-98acf608db4d as the min replicated index is 4. Deletion is not allowed in this container yet.
2019-10-21 02:41:15,094 [BlockDeletingService#2] WARN  background.BlockDeletingService (BlockDeletingService.java:isDeletionAllowed(187)) - Close Container log Index 6 is not replicated across allthe servers in the pipeline b247b7b0-bc56-4c4b-9e26-98acf608db4d as the min replicated index is 4. Deletion is not allowed in this container yet.
2019-10-21 02:41:15,100 [EventQueue-ContainerReportForContainerReportHandler] WARN  container.ContainerReportHandler (AbstractContainerReportHandler.java:updateContainerState(145)) - Container #1 is in OPEN state, but the datanode d56bd5cd-a10f-47cc-a049-69cbb5837008{ip: 192.168.34.9, host: pr-hdds-1868-8w4sl-2612808232, networkLocation: /default-rack, certSerialId: null} reports an CLOSED replica.
2019-10-21 02:41:15,277 [EventQueue-ContainerReportForContainerReportHandler] WARN  container.ContainerReportHandler (AbstractContainerReportHandler.java:updateContainerState(145)) - Container #1 is in OPEN state, but the datanode 346fa4f8-3ab8-43df-a502-3f4b9443122a{ip: 192.168.34.9, host: pr-hdds-1868-8w4sl-2612808232, networkLocation: /default-rack, certSerialId: null} reports an CLOSED replica.
2019-10-21 02:41:15,400 [EventQueue-ContainerReportForContainerReportHandler] WARN  container.ContainerReportHandler (AbstractContainerReportHandler.java:updateContainerState(145)) - Container #1 is in OPEN state, but the datanode d56bd5cd-a10f-47cc-a049-69cbb5837008{ip: 192.168.34.9, host: pr-hdds-1868-8w4sl-2612808232, networkLocation: /default-rack, certSerialId: null} reports an CLOSED replica.
2019-10-21 02:41:15,477 [EventQueue-ContainerReportForContainerReportHandler] WARN  container.ContainerReportHandler (AbstractContainerReportHandler.java:updateContainerState(145)) - Container #1 is in OPEN state, but the datanode 346fa4f8-3ab8-43df-a502-3f4b9443122a{ip: 192.168.34.9, host: pr-hdds-1868-8w4sl-2612808232, networkLocation: /default-rack, certSerialId: null} reports an CLOSED replica.
2019-10-21 02:41:15,700 [EventQueue-ContainerReportForContainerReportHandler] WARN  container.ContainerReportHandler (AbstractContainerReportHandler.java:updateContainerState(145)) - Container #1 is in OPEN state, but the datanode d56bd5cd-a10f-47cc-a049-69cbb5837008{ip: 192.168.34.9, host: pr-hdds-1868-8w4sl-2612808232, networkLocation: /default-rack, certSerialId: null} reports an CLOSED replica.
2019-10-21 02:41:15,877 [EventQueue-ContainerReportForContainerReportHandler] WARN  container.ContainerReportHandler (AbstractContainerReportHandler.java:updateContainerState(145)) - Container #1 is in OPEN state, but the datanode 346fa4f8-3ab8-43df-a502-3f4b9443122a{ip: 192.168.34.9, host: pr-hdds-1868-8w4sl-2612808232, networkLocation: /default-rack, certSerialId: null} reports an CLOSED replica.
2019-10-21 02:41:15,901 [EventQueue-ContainerReportForContainerReportHandler] WARN  container.ContainerReportHandler (AbstractContainerReportHandler.java:updateContainerState(145)) - Container #1 is in OPEN state, but the datanode d56bd5cd-a10f-47cc-a049-69cbb5837008{ip: 192.168.34.9, host: pr-hdds-1868-8w4sl-2612808232, networkLocation: /default-rack, certSerialId: null} reports an CLOSED replica.
2019-10-21 02:41:15,987 [java.util.concurrent.ThreadPoolExecutor$Worker@411a2772[State = -1, empty queue]] WARN  server.GrpcLogAppender (GrpcLogAppender.java:timeoutAppendRequest(209)) - 346fa4f8-3ab8-43df-a502-3f4b9443122a@group-98ACF608DB4D->0299b781-7796-45ba-9036-f37ef6071f27-GrpcLogAppender: appendEntries Timeout, request=346fa4f8-3ab8-43df-a502-3f4b9443122a->0299b781-7796-45ba-9036-f37ef6071f27#39-t1, previous=(t:1, i:10), leaderCommit=10, initializing? false, entries: <empty>
2019-10-21 02:41:16,078 [EventQueue-ContainerReportForContainerReportHandler] WARN  container.ContainerReportHandler (AbstractContainerReportHandler.java:updateContainerState(145)) - Container #1 is in OPEN state, but the datanode 346fa4f8-3ab8-43df-a502-3f4b9443122a{ip: 192.168.34.9, host: pr-hdds-1868-8w4sl-2612808232, networkLocation: /default-rack, certSerialId: null} reports an CLOSED replica.
2019-10-21 02:41:16,098 [BlockDeletingService#2] WARN  background.BlockDeletingService (BlockDeletingService.java:isDeletionAllowed(187)) - Close Container log Index 6 is not replicated across allthe servers in the pipeline b247b7b0-bc56-4c4b-9e26-98acf608db4d as the min replicated index is 4. Deletion is not allowed in this container yet.
2019-10-21 02:41:16,098 [BlockDeletingService#2] WARN  background.BlockDeletingService (BlockDeletingService.java:isDeletionAllowed(187)) - Close Container log Index 6 is not replicated across allthe servers in the pipeline b247b7b0-bc56-4c4b-9e26-98acf608db4d as the min replicated index is 4. Deletion is not allowed in this container yet.
2019-10-21 02:41:16,202 [EventQueue-ContainerReportForContainerReportHandler] WARN  container.ContainerReportHandler (AbstractContainerReportHandler.java:updateContainerState(145)) - Container #1 is in OPEN state, but the datanode d56bd5cd-a10f-47cc-a049-69cbb5837008{ip: 192.168.34.9, host: pr-hdds-1868-8w4sl-2612808232, networkLocation: /default-rack, certSerialId: null} reports an CLOSED replica.
2019-10-21 02:41:16,379 [EventQueue-ContainerReportForContainerReportHandler] WARN  container.ContainerReportHandler (AbstractContainerReportHandler.java:updateContainerState(145)) - Container #1 is in OPEN state, but the datanode 346fa4f8-3ab8-43df-a502-3f4b9443122a{ip: 192.168.34.9, host: pr-hdds-1868-8w4sl-2612808232, networkLocation: /default-rack, certSerialId: null} reports an CLOSED replica.
2019-10-21 02:41:16,502 [EventQueue-ContainerReportForContainerReportHandler] WARN  container.ContainerReportHandler (AbstractContainerReportHandler.java:updateContainerState(145)) - Container #1 is in OPEN state, but the datanode d56bd5cd-a10f-47cc-a049-69cbb5837008{ip: 192.168.34.9, host: pr-hdds-1868-8w4sl-2612808232, networkLocation: /default-rack, certSerialId: null} reports an CLOSED replica.
2019-10-21 02:41:16,577 [EventQueue-ContainerReportForContainerReportHandler] WARN  container.ContainerReportHandler (AbstractContainerReportHandler.java:updateContainerState(145)) - Container #1 is in OPEN state, but the datanode 346fa4f8-3ab8-43df-a502-3f4b9443122a{ip: 192.168.34.9, host: pr-hdds-1868-8w4sl-2612808232, networkLocation: /default-rack, certSerialId: null} reports an CLOSED replica.
2019-10-21 02:41:16,702 [EventQueue-ContainerReportForContainerReportHandler] WARN  container.ContainerReportHandler (AbstractContainerReportHandler.java:updateContainerState(145)) - Container #1 is in OPEN state, but the datanode d56bd5cd-a10f-47cc-a049-69cbb5837008{ip: 192.168.34.9, host: pr-hdds-1868-8w4sl-2612808232, networkLocation: /default-rack, certSerialId: null} reports an CLOSED replica.
2019-10-21 02:41:16,878 [EventQueue-ContainerReportForContainerReportHandler] WARN  container.ContainerReportHandler (AbstractContainerReportHandler.java:updateContainerState(145)) - Container #1 is in OPEN state, but the datanode 346fa4f8-3ab8-43df-a502-3f4b9443122a{ip: 192.168.34.9, host: pr-hdds-1868-8w4sl-2612808232, networkLocation: /default-rack, certSerialId: null} reports an CLOSED replica.
2019-10-21 02:41:17,002 [EventQueue-ContainerReportForContainerReportHandler] WARN  container.ContainerReportHandler (AbstractContainerReportHandler.java:updateContainerState(145)) - Container #1 is in OPEN state, but the datanode d56bd5cd-a10f-47cc-a049-69cbb5837008{ip: 192.168.34.9, host: pr-hdds-1868-8w4sl-2612808232, networkLocation: /default-rack, certSerialId: null} reports an CLOSED replica.
2019-10-21 02:41:17,079 [EventQueue-ContainerReportForContainerReportHandler] WARN  container.ContainerReportHandler (AbstractContainerReportHandler.java:updateContainerState(145)) - Container #1 is in OPEN state, but the datanode 346fa4f8-3ab8-43df-a502-3f4b9443122a{ip: 192.168.34.9, host: pr-hdds-1868-8w4sl-2612808232, networkLocation: /default-rack, certSerialId: null} reports an CLOSED replica.
2019-10-21 02:41:17,100 [BlockDeletingService#2] WARN  background.BlockDeletingService (BlockDeletingService.java:isDeletionAllowed(187)) - Close Container log Index 6 is not replicated across allthe servers in the pipeline b247b7b0-bc56-4c4b-9e26-98acf608db4d as the min replicated index is 4. Deletion is not allowed in this container yet.
2019-10-21 02:41:17,100 [BlockDeletingService#2] WARN  background.BlockDeletingService (BlockDeletingService.java:isDeletionAllowed(187)) - Close Container log Index 6 is not replicated across allthe servers in the pipeline b247b7b0-bc56-4c4b-9e26-98acf608db4d as the min replicated index is 4. Deletion is not allowed in this container yet.
2019-10-21 02:41:17,279 [EventQueue-ContainerReportForContainerReportHandler] WARN  container.ContainerReportHandler (AbstractContainerReportHandler.java:updateContainerState(145)) - Container #1 is in OPEN state, but the datanode 346fa4f8-3ab8-43df-a502-3f4b9443122a{ip: 192.168.34.9, host: pr-hdds-1868-8w4sl-2612808232, networkLocation: /default-rack, certSerialId: null} reports an CLOSED replica.
2019-10-21 02:41:17,302 [EventQueue-ContainerReportForContainerReportHandler] WARN  container.ContainerReportHandler (AbstractContainerReportHandler.java:updateContainerState(145)) - Container #1 is in OPEN state, but the datanode d56bd5cd-a10f-47cc-a049-69cbb5837008{ip: 192.168.34.9, host: pr-hdds-1868-8w4sl-2612808232, networkLocation: /default-rack, certSerialId: null} reports an CLOSED replica.
2019-10-21 02:41:17,480 [EventQueue-ContainerReportForContainerReportHandler] WARN  container.ContainerReportHandler (AbstractContainerReportHandler.java:updateContainerState(145)) - Container #1 is in OPEN state, but the datanode 346fa4f8-3ab8-43df-a502-3f4b9443122a{ip: 192.168.34.9, host: pr-hdds-1868-8w4sl-2612808232, networkLocation: /default-rack, certSerialId: null} reports an CLOSED replica.
2019-10-21 02:41:17,601 [EventQueue-ContainerReportForContainerReportHandler] WARN  container.ContainerReportHandler (AbstractContainerReportHandler.java:updateContainerState(145)) - Container #1 is in OPEN state, but the datanode d56bd5cd-a10f-47cc-a049-69cbb5837008{ip: 192.168.34.9, host: pr-hdds-1868-8w4sl-2612808232, networkLocation: /default-rack, certSerialId: null} reports an CLOSED replica.
2019-10-21 02:41:17,780 [EventQueue-ContainerReportForContainerReportHandler] WARN  container.ContainerReportHandler (AbstractContainerReportHandler.java:updateContainerState(145)) - Container #1 is in OPEN state, but the datanode 346fa4f8-3ab8-43df-a502-3f4b9443122a{ip: 192.168.34.9, host: pr-hdds-1868-8w4sl-2612808232, networkLocation: /default-rack, certSerialId: null} reports an CLOSED replica.
2019-10-21 02:41:18,001 [EventQueue-ContainerReportForContainerReportHandler] WARN  container.ContainerReportHandler (AbstractContainerReportHandler.java:updateContainerState(145)) - Container #1 is in OPEN state, but the datanode d56bd5cd-a10f-47cc-a049-69cbb5837008{ip: 192.168.34.9, host: pr-hdds-1868-8w4sl-2612808232, networkLocation: /default-rack, certSerialId: null} reports an CLOSED replica.
2019-10-21 02:41:18,079 [EventQueue-ContainerReportForContainerReportHandler] WARN  container.ContainerReportHandler (AbstractContainerReportHandler.java:updateContainerState(145)) - Container #1 is in OPEN state, but the datanode 346fa4f8-3ab8-43df-a502-3f4b9443122a{ip: 192.168.34.9, host: pr-hdds-1868-8w4sl-2612808232, networkLocation: /default-rack, certSerialId: null} reports an CLOSED replica.
2019-10-21 02:41:18,103 [BlockDeletingService#2] WARN  background.BlockDeletingService (BlockDeletingService.java:isDeletionAllowed(187)) - Close Container log Index 6 is not replicated across allthe servers in the pipeline b247b7b0-bc56-4c4b-9e26-98acf608db4d as the min replicated index is 4. Deletion is not allowed in this container yet.
2019-10-21 02:41:18,103 [BlockDeletingService#2] WARN  background.BlockDeletingService (BlockDeletingService.java:isDeletionAllowed(187)) - Close Container log Index 6 is not replicated across allthe servers in the pipeline b247b7b0-bc56-4c4b-9e26-98acf608db4d as the min replicated index is 4. Deletion is not allowed in this container yet.
2019-10-21 02:41:18,301 [EventQueue-ContainerReportForContainerReportHandler] WARN  container.ContainerReportHandler (AbstractContainerReportHandler.java:updateContainerState(145)) - Container #1 is in OPEN state, but the datanode d56bd5cd-a10f-47cc-a049-69cbb5837008{ip: 192.168.34.9, host: pr-hdds-1868-8w4sl-2612808232, networkLocation: /default-rack, certSerialId: null} reports an CLOSED replica.
2019-10-21 02:41:18,480 [EventQueue-ContainerReportForContainerReportHandler] WARN  container.ContainerReportHandler (AbstractContainerReportHandler.java:updateContainerState(145)) - Container #1 is in OPEN state, but the datanode 346fa4f8-3ab8-43df-a502-3f4b9443122a{ip: 192.168.34.9, host: pr-hdds-1868-8w4sl-2612808232, networkLocation: /default-rack, certSerialId: null} reports an CLOSED replica.
2019-10-21 02:41:18,487 [java.util.concurrent.ThreadPoolExecutor$Worker@411a2772[State = -1, empty queue]] WARN  server.GrpcLogAppender (GrpcLogAppender.java:timeoutAppendRequest(209)) - 346fa4f8-3ab8-43df-a502-3f4b9443122a@group-98ACF608DB4D->0299b781-7796-45ba-9036-f37ef6071f27-GrpcLogAppender: appendEntries Timeout, request=346fa4f8-3ab8-43df-a502-3f4b9443122a->0299b781-7796-45ba-9036-f37ef6071f27#40-t1, previous=(t:1, i:10), leaderCommit=10, initializing? false, entries: <empty>
2019-10-21 02:41:18,702 [EventQueue-ContainerReportForContainerReportHandler] WARN  container.ContainerReportHandler (AbstractContainerReportHandler.java:updateContainerState(145)) - Container #1 is in OPEN state, but the datanode d56bd5cd-a10f-47cc-a049-69cbb5837008{ip: 192.168.34.9, host: pr-hdds-1868-8w4sl-2612808232, networkLocation: /default-rack, certSerialId: null} reports an CLOSED replica.
2019-10-21 02:41:18,781 [EventQueue-ContainerReportForContainerReportHandler] WARN  container.ContainerReportHandler (AbstractContainerReportHandler.java:updateContainerState(145)) - Container #1 is in OPEN state, but the datanode 346fa4f8-3ab8-43df-a502-3f4b9443122a{ip: 192.168.34.9, host: pr-hdds-1868-8w4sl-2612808232, networkLocation: /default-rack, certSerialId: null} reports an CLOSED replica.
2019-10-21 02:41:18,903 [EventQueue-ContainerReportForContainerReportHandler] WARN  container.ContainerReportHandler (AbstractContainerReportHandler.java:updateContainerState(145)) - Container #1 is in OPEN state, but the datanode d56bd5cd-a10f-47cc-a049-69cbb5837008{ip: 192.168.34.9, host: pr-hdds-1868-8w4sl-2612808232, networkLocation: /default-rack, certSerialId: null} reports an CLOSED replica.
2019-10-21 02:41:18,981 [EventQueue-ContainerReportForContainerReportHandler] WARN  container.ContainerReportHandler (AbstractContainerReportHandler.java:updateContainerState(145)) - Container #1 is in OPEN state, but the datanode 346fa4f8-3ab8-43df-a502-3f4b9443122a{ip: 192.168.34.9, host: pr-hdds-1868-8w4sl-2612808232, networkLocation: /default-rack, certSerialId: null} reports an CLOSED replica.
2019-10-21 02:41:19,102 [EventQueue-ContainerReportForContainerReportHandler] WARN  container.ContainerReportHandler (AbstractContainerReportHandler.java:updateContainerState(145)) - Container #1 is in OPEN state, but the datanode d56bd5cd-a10f-47cc-a049-69cbb5837008{ip: 192.168.34.9, host: pr-hdds-1868-8w4sl-2612808232, networkLocation: /default-rack, certSerialId: null} reports an CLOSED replica.
2019-10-21 02:41:19,105 [BlockDeletingService#2] WARN  background.BlockDeletingService (BlockDeletingService.java:isDeletionAllowed(187)) - Close Container log Index 6 is not replicated across allthe servers in the pipeline b247b7b0-bc56-4c4b-9e26-98acf608db4d as the min replicated index is 4. Deletion is not allowed in this container yet.
2019-10-21 02:41:19,105 [BlockDeletingService#2] WARN  background.BlockDeletingService (BlockDeletingService.java:isDeletionAllowed(187)) - Close Container log Index 6 is not replicated across allthe servers in the pipeline b247b7b0-bc56-4c4b-9e26-98acf608db4d as the min replicated index is 4. Deletion is not allowed in this container yet.
2019-10-21 02:41:19,281 [EventQueue-ContainerReportForContainerReportHandler] WARN  container.ContainerReportHandler (AbstractContainerReportHandler.java:updateContainerState(145)) - Container #1 is in OPEN state, but the datanode 346fa4f8-3ab8-43df-a502-3f4b9443122a{ip: 192.168.34.9, host: pr-hdds-1868-8w4sl-2612808232, networkLocation: /default-rack, certSerialId: null} reports an CLOSED replica.
2019-10-21 02:41:19,403 [EventQueue-ContainerReportForContainerReportHandler] WARN  container.ContainerReportHandler (AbstractContainerReportHandler.java:updateContainerState(145)) - Container #1 is in OPEN state, but the datanode d56bd5cd-a10f-47cc-a049-69cbb5837008{ip: 192.168.34.9, host: pr-hdds-1868-8w4sl-2612808232, networkLocation: /default-rack, certSerialId: null} reports an CLOSED replica.
2019-10-21 02:41:19,481 [EventQueue-ContainerReportForContainerReportHandler] WARN  container.ContainerReportHandler (AbstractContainerReportHandler.java:updateContainerState(145)) - Container #1 is in OPEN state, but the datanode 346fa4f8-3ab8-43df-a502-3f4b9443122a{ip: 192.168.34.9, host: pr-hdds-1868-8w4sl-2612808232, networkLocation: /default-rack, certSerialId: null} reports an CLOSED replica.
2019-10-21 02:41:19,782 [EventQueue-ContainerReportForContainerReportHandler] WARN  container.ContainerReportHandler (AbstractContainerReportHandler.java:updateContainerState(145)) - Container #1 is in OPEN state, but the datanode 346fa4f8-3ab8-43df-a502-3f4b9443122a{ip: 192.168.34.9, host: pr-hdds-1868-8w4sl-2612808232, networkLocation: /default-rack, certSerialId: null} reports an CLOSED replica.
2019-10-21 02:41:19,805 [EventQueue-ContainerReportForContainerReportHandler] WARN  container.ContainerReportHandler (AbstractContainerReportHandler.java:updateContainerState(145)) - Container #1 is in OPEN state, but the datanode d56bd5cd-a10f-47cc-a049-69cbb5837008{ip: 192.168.34.9, host: pr-hdds-1868-8w4sl-2612808232, networkLocation: /default-rack, certSerialId: null} reports an CLOSED replica.
2019-10-21 02:41:20,105 [EventQueue-ContainerReportForContainerReportHandler] WARN  container.ContainerReportHandler (AbstractContainerReportHandler.java:updateContainerState(145)) - Container #1 is in OPEN state, but the datanode d56bd5cd-a10f-47cc-a049-69cbb5837008{ip: 192.168.34.9, host: pr-hdds-1868-8w4sl-2612808232, networkLocation: /default-rack, certSerialId: null} reports an CLOSED replica.
2019-10-21 02:41:20,107 [BlockDeletingService#2] WARN  background.BlockDeletingService (BlockDeletingService.java:isDeletionAllowed(187)) - Close Container log Index 6 is not replicated across allthe servers in the pipeline b247b7b0-bc56-4c4b-9e26-98acf608db4d as the min replicated index is 4. Deletion is not allowed in this container yet.
2019-10-21 02:41:20,107 [BlockDeletingService#2] WARN  background.BlockDeletingService (BlockDeletingService.java:isDeletionAllowed(187)) - Close Container log Index 6 is not replicated across allthe servers in the pipeline b247b7b0-bc56-4c4b-9e26-98acf608db4d as the min replicated index is 4. Deletion is not allowed in this container yet.
2019-10-21 02:41:20,182 [EventQueue-ContainerReportForContainerReportHandler] WARN  container.ContainerReportHandler (AbstractContainerReportHandler.java:updateContainerState(145)) - Container #1 is in OPEN state, but the datanode 346fa4f8-3ab8-43df-a502-3f4b9443122a{ip: 192.168.34.9, host: pr-hdds-1868-8w4sl-2612808232, networkLocation: /default-rack, certSerialId: null} reports an CLOSED replica.
2019-10-21 02:41:20,382 [EventQueue-ContainerReportForContainerReportHandler] WARN  container.ContainerReportHandler (AbstractContainerReportHandler.java:updateContainerState(145)) - Container #1 is in OPEN state, but the datanode 346fa4f8-3ab8-43df-a502-3f4b9443122a{ip: 192.168.34.9, host: pr-hdds-1868-8w4sl-2612808232, networkLocation: /default-rack, certSerialId: null} reports an CLOSED replica.
2019-10-21 02:41:20,406 [EventQueue-ContainerReportForContainerReportHandler] WARN  container.ContainerReportHandler (AbstractContainerReportHandler.java:updateContainerState(145)) - Container #1 is in OPEN state, but the datanode d56bd5cd-a10f-47cc-a049-69cbb5837008{ip: 192.168.34.9, host: pr-hdds-1868-8w4sl-2612808232, networkLocation: /default-rack, certSerialId: null} reports an CLOSED replica.
2019-10-21 02:41:20,681 [EventQueue-ContainerReportForContainerReportHandler] WARN  container.ContainerReportHandler (AbstractContainerReportHandler.java:updateContainerState(145)) - Container #1 is in OPEN state, but the datanode 346fa4f8-3ab8-43df-a502-3f4b9443122a{ip: 192.168.34.9, host: pr-hdds-1868-8w4sl-2612808232, networkLocation: /default-rack, certSerialId: null} reports an CLOSED replica.
2019-10-21 02:41:20,707 [EventQueue-ContainerReportForContainerReportHandler] WARN  container.ContainerReportHandler (AbstractContainerReportHandler.java:updateContainerState(145)) - Container #1 is in OPEN state, but the datanode d56bd5cd-a10f-47cc-a049-69cbb5837008{ip: 192.168.34.9, host: pr-hdds-1868-8w4sl-2612808232, networkLocation: /default-rack, certSerialId: null} reports an CLOSED replica.
2019-10-21 02:41:20,981 [EventQueue-ContainerReportForContainerReportHandler] WARN  container.ContainerReportHandler (AbstractContainerReportHandler.java:updateContainerState(145)) - Container #1 is in OPEN state, but the datanode 346fa4f8-3ab8-43df-a502-3f4b9443122a{ip: 192.168.34.9, host: pr-hdds-1868-8w4sl-2612808232, networkLocation: /default-rack, certSerialId: null} reports an CLOSED replica.
2019-10-21 02:41:20,989 [java.util.concurrent.ThreadPoolExecutor$Worker@411a2772[State = -1, empty queue]] WARN  server.GrpcLogAppender (GrpcLogAppender.java:timeoutAppendRequest(209)) - 346fa4f8-3ab8-43df-a502-3f4b9443122a@group-98ACF608DB4D->0299b781-7796-45ba-9036-f37ef6071f27-GrpcLogAppender: appendEntries Timeout, request=346fa4f8-3ab8-43df-a502-3f4b9443122a->0299b781-7796-45ba-9036-f37ef6071f27#41-t1, previous=(t:1, i:10), leaderCommit=10, initializing? false, entries: <empty>
2019-10-21 02:41:21,007 [EventQueue-ContainerReportForContainerReportHandler] WARN  container.ContainerReportHandler (AbstractContainerReportHandler.java:updateContainerState(145)) - Container #1 is in OPEN state, but the datanode d56bd5cd-a10f-47cc-a049-69cbb5837008{ip: 192.168.34.9, host: pr-hdds-1868-8w4sl-2612808232, networkLocation: /default-rack, certSerialId: null} reports an CLOSED replica.
2019-10-21 02:41:21,110 [BlockDeletingService#2] WARN  background.BlockDeletingService (BlockDeletingService.java:isDeletionAllowed(187)) - Close Container log Index 6 is not replicated across allthe servers in the pipeline b247b7b0-bc56-4c4b-9e26-98acf608db4d as the min replicated index is 4. Deletion is not allowed in this container yet.
2019-10-21 02:41:21,110 [BlockDeletingService#2] WARN  background.BlockDeletingService (BlockDeletingService.java:isDeletionAllowed(187)) - Close Container log Index 6 is not replicated across allthe servers in the pipeline b247b7b0-bc56-4c4b-9e26-98acf608db4d as the min replicated index is 4. Deletion is not allowed in this container yet.
2019-10-21 02:41:21,181 [EventQueue-ContainerReportForContainerReportHandler] WARN  container.ContainerReportHandler (AbstractContainerReportHandler.java:updateContainerState(145)) - Container #1 is in OPEN state, but the datanode 346fa4f8-3ab8-43df-a502-3f4b9443122a{ip: 192.168.34.9, host: pr-hdds-1868-8w4sl-2612808232, networkLocation: /default-rack, certSerialId: null} reports an CLOSED replica.
2019-10-21 02:41:21,310 [EventQueue-ContainerReportForContainerReportHandler] WARN  container.ContainerReportHandler (AbstractContainerReportHandler.java:updateContainerState(145)) - Container #1 is in OPEN state, but the datanode d56bd5cd-a10f-47cc-a049-69cbb5837008{ip: 192.168.34.9, host: pr-hdds-1868-8w4sl-2612808232, networkLocation: /default-rack, certSerialId: null} reports an CLOSED replica.
2019-10-21 02:41:21,382 [EventQueue-ContainerReportForContainerReportHandler] WARN  container.ContainerReportHandler (AbstractContainerReportHandler.java:updateContainerState(145)) - Container #1 is in OPEN state, but the datanode 346fa4f8-3ab8-43df-a502-3f4b9443122a{ip: 192.168.34.9, host: pr-hdds-1868-8w4sl-2612808232, networkLocation: /default-rack, certSerialId: null} reports an CLOSED replica.
2019-10-21 02:41:21,610 [EventQueue-ContainerReportForContainerReportHandler] WARN  container.ContainerReportHandler (AbstractContainerReportHandler.java:updateContainerState(145)) - Container #1 is in OPEN state, but the datanode d56bd5cd-a10f-47cc-a049-69cbb5837008{ip: 192.168.34.9, host: pr-hdds-1868-8w4sl-2612808232, networkLocation: /default-rack, certSerialId: null} reports an CLOSED replica.
2019-10-21 02:41:21,784 [EventQueue-ContainerReportForContainerReportHandler] WARN  container.ContainerReportHandler (AbstractContainerReportHandler.java:updateContainerState(145)) - Container #1 is in OPEN state, but the datanode 346fa4f8-3ab8-43df-a502-3f4b9443122a{ip: 192.168.34.9, host: pr-hdds-1868-8w4sl-2612808232, networkLocation: /default-rack, certSerialId: null} reports an CLOSED replica.
2019-10-21 02:41:21,909 [EventQueue-ContainerReportForContainerReportHandler] WARN  container.ContainerReportHandler (AbstractContainerReportHandler.java:updateContainerState(145)) - Container #1 is in OPEN state, but the datanode d56bd5cd-a10f-47cc-a049-69cbb5837008{ip: 192.168.34.9, host: pr-hdds-1868-8w4sl-2612808232, networkLocation: /default-rack, certSerialId: null} reports an CLOSED replica.
2019-10-21 02:41:22,085 [EventQueue-ContainerReportForContainerReportHandler] WARN  container.ContainerReportHandler (AbstractContainerReportHandler.java:updateContainerState(145)) - Container #1 is in OPEN state, but the datanode 346fa4f8-3ab8-43df-a502-3f4b9443122a{ip: 192.168.34.9, host: pr-hdds-1868-8w4sl-2612808232, networkLocation: /default-rack, certSerialId: null} reports an CLOSED replica.
2019-10-21 02:41:22,112 [BlockDeletingService#2] WARN  background.BlockDeletingService (BlockDeletingService.java:isDeletionAllowed(187)) - Close Container log Index 6 is not replicated across allthe servers in the pipeline b247b7b0-bc56-4c4b-9e26-98acf608db4d as the min replicated index is 4. Deletion is not allowed in this container yet.
2019-10-21 02:41:22,112 [BlockDeletingService#2] WARN  background.BlockDeletingService (BlockDeletingService.java:isDeletionAllowed(187)) - Close Container log Index 6 is not replicated across allthe servers in the pipeline b247b7b0-bc56-4c4b-9e26-98acf608db4d as the min replicated index is 4. Deletion is not allowed in this container yet.
2019-10-21 02:41:22,310 [EventQueue-ContainerReportForContainerReportHandler] WARN  container.ContainerReportHandler (AbstractContainerReportHandler.java:updateContainerState(145)) - Container #1 is in OPEN state, but the datanode d56bd5cd-a10f-47cc-a049-69cbb5837008{ip: 192.168.34.9, host: pr-hdds-1868-8w4sl-2612808232, networkLocation: /default-rack, certSerialId: null} reports an CLOSED replica.
2019-10-21 02:41:22,487 [EventQueue-ContainerReportForContainerReportHandler] WARN  container.ContainerReportHandler (AbstractContainerReportHandler.java:updateContainerState(145)) - Container #1 is in OPEN state, but the datanode 346fa4f8-3ab8-43df-a502-3f4b9443122a{ip: 192.168.34.9, host: pr-hdds-1868-8w4sl-2612808232, networkLocation: /default-rack, certSerialId: null} reports an CLOSED replica.
2019-10-21 02:41:22,512 [EventQueue-ContainerReportForContainerReportHandler] WARN  container.ContainerReportHandler (AbstractContainerReportHandler.java:updateContainerState(145)) - Container #1 is in OPEN state, but the datanode d56bd5cd-a10f-47cc-a049-69cbb5837008{ip: 192.168.34.9, host: pr-hdds-1868-8w4sl-2612808232, networkLocation: /default-rack, certSerialId: null} reports an CLOSED replica.
2019-10-21 02:41:22,687 [EventQueue-ContainerReportForContainerReportHandler] WARN  container.ContainerReportHandler (AbstractContainerReportHandler.java:updateContainerState(145)) - Container #1 is in OPEN state, but the datanode 346fa4f8-3ab8-43df-a502-3f4b9443122a{ip: 192.168.34.9, host: pr-hdds-1868-8w4sl-2612808232, networkLocation: /default-rack, certSerialId: null} reports an CLOSED replica.
2019-10-21 02:41:22,912 [EventQueue-ContainerReportForContainerReportHandler] WARN  container.ContainerReportHandler (AbstractContainerReportHandler.java:updateContainerState(145)) - Container #1 is in OPEN state, but the datanode d56bd5cd-a10f-47cc-a049-69cbb5837008{ip: 192.168.34.9, host: pr-hdds-1868-8w4sl-2612808232, networkLocation: /default-rack, certSerialId: null} reports an CLOSED replica.
2019-10-21 02:41:22,986 [EventQueue-ContainerReportForContainerReportHandler] WARN  container.ContainerReportHandler (AbstractContainerReportHandler.java:updateContainerState(145)) - Container #1 is in OPEN state, but the datanode 346fa4f8-3ab8-43df-a502-3f4b9443122a{ip: 192.168.34.9, host: pr-hdds-1868-8w4sl-2612808232, networkLocation: /default-rack, certSerialId: null} reports an CLOSED replica.
2019-10-21 02:41:23,114 [BlockDeletingService#2] WARN  background.BlockDeletingService (BlockDeletingService.java:isDeletionAllowed(187)) - Close Container log Index 6 is not replicated across allthe servers in the pipeline b247b7b0-bc56-4c4b-9e26-98acf608db4d as the min replicated index is 4. Deletion is not allowed in this container yet.
2019-10-21 02:41:23,114 [BlockDeletingService#2] WARN  background.BlockDeletingService (BlockDeletingService.java:isDeletionAllowed(187)) - Close Container log Index 6 is not replicated across allthe servers in the pipeline b247b7b0-bc56-4c4b-9e26-98acf608db4d as the min replicated index is 4. Deletion is not allowed in this container yet.
2019-10-21 02:41:23,163 [Thread-477] INFO  client.GrpcClientProtocolService (GrpcClientProtocolService.java:lambda$processClientRequest$0(279)) - Failed RaftClientRequest:client-A91BDCACAE43->d56bd5cd-a10f-47cc-a049-69cbb5837008@group-98ACF608DB4D, cid=22, seq=0, Watch-ALL_COMMITTED(6), Message:<EMPTY>, reply=RaftClientReply:client-A91BDCACAE43->d56bd5cd-a10f-47cc-a049-69cbb5837008@group-98ACF608DB4D, cid=22, FAILED org.apache.ratis.protocol.NotLeaderException: Server d56bd5cd-a10f-47cc-a049-69cbb5837008@group-98ACF608DB4D is not the leader 346fa4f8-3ab8-43df-a502-3f4b9443122a:192.168.34.9:34701, logIndex=0, commits[d56bd5cd-a10f-47cc-a049-69cbb5837008:c10, 346fa4f8-3ab8-43df-a502-3f4b9443122a:c10, 0299b781-7796-45ba-9036-f37ef6071f27:c4]
2019-10-21 02:41:23,286 [EventQueue-ContainerReportForContainerReportHandler] WARN  container.ContainerReportHandler (AbstractContainerReportHandler.java:updateContainerState(145)) - Container #1 is in OPEN state, but the datanode 346fa4f8-3ab8-43df-a502-3f4b9443122a{ip: 192.168.34.9, host: pr-hdds-1868-8w4sl-2612808232, networkLocation: /default-rack, certSerialId: null} reports an CLOSED replica.
2019-10-21 02:41:23,311 [EventQueue-ContainerReportForContainerReportHandler] WARN  container.ContainerReportHandler (AbstractContainerReportHandler.java:updateContainerState(145)) - Container #1 is in OPEN state, but the datanode d56bd5cd-a10f-47cc-a049-69cbb5837008{ip: 192.168.34.9, host: pr-hdds-1868-8w4sl-2612808232, networkLocation: /default-rack, certSerialId: null} reports an CLOSED replica.
2019-10-21 02:41:23,486 [EventQueue-ContainerReportForContainerReportHandler] WARN  container.ContainerReportHandler (AbstractContainerReportHandler.java:updateContainerState(145)) - Container #1 is in OPEN state, but the datanode 346fa4f8-3ab8-43df-a502-3f4b9443122a{ip: 192.168.34.9, host: pr-hdds-1868-8w4sl-2612808232, networkLocation: /default-rack, certSerialId: null} reports an CLOSED replica.
2019-10-21 02:41:23,491 [java.util.concurrent.ThreadPoolExecutor$Worker@411a2772[State = -1, empty queue]] WARN  server.GrpcLogAppender (GrpcLogAppender.java:timeoutAppendRequest(209)) - 346fa4f8-3ab8-43df-a502-3f4b9443122a@group-98ACF608DB4D->0299b781-7796-45ba-9036-f37ef6071f27-GrpcLogAppender: appendEntries Timeout, request=346fa4f8-3ab8-43df-a502-3f4b9443122a->0299b781-7796-45ba-9036-f37ef6071f27#42-t1, previous=(t:1, i:10), leaderCommit=10, initializing? false, entries: <empty>
2019-10-21 02:41:23,513 [EventQueue-ContainerReportForContainerReportHandler] WARN  container.ContainerReportHandler (AbstractContainerReportHandler.java:updateContainerState(145)) - Container #1 is in OPEN state, but the datanode d56bd5cd-a10f-47cc-a049-69cbb5837008{ip: 192.168.34.9, host: pr-hdds-1868-8w4sl-2612808232, networkLocation: /default-rack, certSerialId: null} reports an CLOSED replica.
2019-10-21 02:41:23,786 [EventQueue-ContainerReportForContainerReportHandler] WARN  container.ContainerReportHandler (AbstractContainerReportHandler.java:updateContainerState(145)) - Container #1 is in OPEN state, but the datanode 346fa4f8-3ab8-43df-a502-3f4b9443122a{ip: 192.168.34.9, host: pr-hdds-1868-8w4sl-2612808232, networkLocation: /default-rack, certSerialId: null} reports an CLOSED replica.
2019-10-21 02:41:23,812 [EventQueue-ContainerReportForContainerReportHandler] WARN  container.ContainerReportHandler (AbstractContainerReportHandler.java:updateContainerState(145)) - Container #1 is in OPEN state, but the datanode d56bd5cd-a10f-47cc-a049-69cbb5837008{ip: 192.168.34.9, host: pr-hdds-1868-8w4sl-2612808232, networkLocation: /default-rack, certSerialId: null} reports an CLOSED replica.
2019-10-21 02:41:24,116 [BlockDeletingService#2] WARN  background.BlockDeletingService (BlockDeletingService.java:isDeletionAllowed(187)) - Close Container log Index 6 is not replicated across allthe servers in the pipeline b247b7b0-bc56-4c4b-9e26-98acf608db4d as the min replicated index is 4. Deletion is not allowed in this container yet.
2019-10-21 02:41:24,116 [BlockDeletingService#2] WARN  background.BlockDeletingService (BlockDeletingService.java:isDeletionAllowed(187)) - Close Container log Index 6 is not replicated across allthe servers in the pipeline b247b7b0-bc56-4c4b-9e26-98acf608db4d as the min replicated index is 4. Deletion is not allowed in this container yet.
2019-10-21 02:41:24,186 [EventQueue-ContainerReportForContainerReportHandler] WARN  container.ContainerReportHandler (AbstractContainerReportHandler.java:updateContainerState(145)) - Container #1 is in OPEN state, but the datanode 346fa4f8-3ab8-43df-a502-3f4b9443122a{ip: 192.168.34.9, host: pr-hdds-1868-8w4sl-2612808232, networkLocation: /default-rack, certSerialId: null} reports an CLOSED replica.
2019-10-21 02:41:24,212 [EventQueue-ContainerReportForContainerReportHandler] WARN  container.ContainerReportHandler (AbstractContainerReportHandler.java:updateContainerState(145)) - Container #1 is in OPEN state, but the datanode d56bd5cd-a10f-47cc-a049-69cbb5837008{ip: 192.168.34.9, host: pr-hdds-1868-8w4sl-2612808232, networkLocation: /default-rack, certSerialId: null} reports an CLOSED replica.
2019-10-21 02:41:24,387 [EventQueue-ContainerReportForContainerReportHandler] WARN  container.ContainerReportHandler (AbstractContainerReportHandler.java:updateContainerState(145)) - Container #1 is in OPEN state, but the datanode 346fa4f8-3ab8-43df-a502-3f4b9443122a{ip: 192.168.34.9, host: pr-hdds-1868-8w4sl-2612808232, networkLocation: /default-rack, certSerialId: null} reports an CLOSED replica.
2019-10-21 02:41:24,412 [EventQueue-ContainerReportForContainerReportHandler] WARN  container.ContainerReportHandler (AbstractContainerReportHandler.java:updateContainerState(145)) - Container #1 is in OPEN state, but the datanode d56bd5cd-a10f-47cc-a049-69cbb5837008{ip: 192.168.34.9, host: pr-hdds-1868-8w4sl-2612808232, networkLocation: /default-rack, certSerialId: null} reports an CLOSED replica.
2019-10-21 02:41:24,756 [Thread-482] INFO  client.GrpcClientProtocolService (GrpcClientProtocolService.java:lambda$processClientRequest$0(279)) - Failed RaftClientRequest:client-A91BDCACAE43->346fa4f8-3ab8-43df-a502-3f4b9443122a@group-98ACF608DB4D, cid=22, seq=0, Watch-ALL_COMMITTED(6), Message:<EMPTY>, reply=RaftClientReply:client-A91BDCACAE43->346fa4f8-3ab8-43df-a502-3f4b9443122a@group-98ACF608DB4D, cid=22, FAILED org.apache.ratis.protocol.NotReplicatedException: Request with call Id 22 and log index 6 is not yet replicated to ALL_COMMITTED, logIndex=6, commits[346fa4f8-3ab8-43df-a502-3f4b9443122a:c10, d56bd5cd-a10f-47cc-a049-69cbb5837008:c10, 0299b781-7796-45ba-9036-f37ef6071f27:c4]
2019-10-21 02:41:24,786 [EventQueue-ContainerReportForContainerReportHandler] WARN  container.ContainerReportHandler (AbstractContainerReportHandler.java:updateContainerState(145)) - Container #1 is in OPEN state, but the datanode 346fa4f8-3ab8-43df-a502-3f4b9443122a{ip: 192.168.34.9, host: pr-hdds-1868-8w4sl-2612808232, networkLocation: /default-rack, certSerialId: null} reports an CLOSED replica.
2019-10-21 02:41:24,814 [EventQueue-ContainerReportForContainerReportHandler] WARN  container.ContainerReportHandler (AbstractContainerReportHandler.java:updateContainerState(145)) - Container #1 is in OPEN state, but the datanode d56bd5cd-a10f-47cc-a049-69cbb5837008{ip: 192.168.34.9, host: pr-hdds-1868-8w4sl-2612808232, networkLocation: /default-rack, certSerialId: null} reports an CLOSED replica.
2019-10-21 02:41:25,118 [BlockDeletingService#2] WARN  background.BlockDeletingService (BlockDeletingService.java:isDeletionAllowed(187)) - Close Container log Index 6 is not replicated across allthe servers in the pipeline b247b7b0-bc56-4c4b-9e26-98acf608db4d as the min replicated index is 4. Deletion is not allowed in this container yet.
2019-10-21 02:41:25,118 [BlockDeletingService#2] WARN  background.BlockDeletingService (BlockDeletingService.java:isDeletionAllowed(187)) - Close Container log Index 6 is not replicated across allthe servers in the pipeline b247b7b0-bc56-4c4b-9e26-98acf608db4d as the min replicated index is 4. Deletion is not allowed in this container yet.
2019-10-21 02:41:25,187 [EventQueue-ContainerReportForContainerReportHandler] WARN  container.ContainerReportHandler (AbstractContainerReportHandler.java:updateContainerState(145)) - Container #1 is in OPEN state, but the datanode 346fa4f8-3ab8-43df-a502-3f4b9443122a{ip: 192.168.34.9, host: pr-hdds-1868-8w4sl-2612808232, networkLocation: /default-rack, certSerialId: null} reports an CLOSED replica.
2019-10-21 02:41:25,214 [EventQueue-ContainerReportForContainerReportHandler] WARN  container.ContainerReportHandler (AbstractContainerReportHandler.java:updateContainerState(145)) - Container #1 is in OPEN state, but the datanode d56bd5cd-a10f-47cc-a049-69cbb5837008{ip: 192.168.34.9, host: pr-hdds-1868-8w4sl-2612808232, networkLocation: /default-rack, certSerialId: null} reports an CLOSED replica.
2019-10-21 02:41:25,486 [EventQueue-ContainerReportForContainerReportHandler] WARN  container.ContainerReportHandler (AbstractContainerReportHandler.java:updateContainerState(145)) - Container #1 is in OPEN state, but the datanode 346fa4f8-3ab8-43df-a502-3f4b9443122a{ip: 192.168.34.9, host: pr-hdds-1868-8w4sl-2612808232, networkLocation: /default-rack, certSerialId: null} reports an CLOSED replica.
2019-10-21 02:41:25,616 [EventQueue-ContainerReportForContainerReportHandler] WARN  container.ContainerReportHandler (AbstractContainerReportHandler.java:updateContainerState(145)) - Container #1 is in OPEN state, but the datanode d56bd5cd-a10f-47cc-a049-69cbb5837008{ip: 192.168.34.9, host: pr-hdds-1868-8w4sl-2612808232, networkLocation: /default-rack, certSerialId: null} reports an CLOSED replica.
2019-10-21 02:41:25,786 [EventQueue-ContainerReportForContainerReportHandler] WARN  container.ContainerReportHandler (AbstractContainerReportHandler.java:updateContainerState(145)) - Container #1 is in OPEN state, but the datanode 346fa4f8-3ab8-43df-a502-3f4b9443122a{ip: 192.168.34.9, host: pr-hdds-1868-8w4sl-2612808232, networkLocation: /default-rack, certSerialId: null} reports an CLOSED replica.
2019-10-21 02:41:25,993 [java.util.concurrent.ThreadPoolExecutor$Worker@411a2772[State = -1, empty queue]] WARN  server.GrpcLogAppender (GrpcLogAppender.java:timeoutAppendRequest(209)) - 346fa4f8-3ab8-43df-a502-3f4b9443122a@group-98ACF608DB4D->0299b781-7796-45ba-9036-f37ef6071f27-GrpcLogAppender: appendEntries Timeout, request=346fa4f8-3ab8-43df-a502-3f4b9443122a->0299b781-7796-45ba-9036-f37ef6071f27#43-t1, previous=(t:1, i:10), leaderCommit=10, initializing? false, entries: <empty>
2019-10-21 02:41:26,015 [EventQueue-ContainerReportForContainerReportHandler] WARN  container.ContainerReportHandler (AbstractContainerReportHandler.java:updateContainerState(145)) - Container #1 is in OPEN state, but the datanode d56bd5cd-a10f-47cc-a049-69cbb5837008{ip: 192.168.34.9, host: pr-hdds-1868-8w4sl-2612808232, networkLocation: /default-rack, certSerialId: null} reports an CLOSED replica.
2019-10-21 02:41:26,086 [EventQueue-ContainerReportForContainerReportHandler] WARN  container.ContainerReportHandler (AbstractContainerReportHandler.java:updateContainerState(145)) - Container #1 is in OPEN state, but the datanode 346fa4f8-3ab8-43df-a502-3f4b9443122a{ip: 192.168.34.9, host: pr-hdds-1868-8w4sl-2612808232, networkLocation: /default-rack, certSerialId: null} reports an CLOSED replica.
2019-10-21 02:41:26,121 [BlockDeletingService#2] WARN  background.BlockDeletingService (BlockDeletingService.java:isDeletionAllowed(187)) - Close Container log Index 6 is not replicated across allthe servers in the pipeline b247b7b0-bc56-4c4b-9e26-98acf608db4d as the min replicated index is 4. Deletion is not allowed in this container yet.
2019-10-21 02:41:26,121 [BlockDeletingService#2] WARN  background.BlockDeletingService (BlockDeletingService.java:isDeletionAllowed(187)) - Close Container log Index 6 is not replicated across allthe servers in the pipeline b247b7b0-bc56-4c4b-9e26-98acf608db4d as the min replicated index is 4. Deletion is not allowed in this container yet.
2019-10-21 02:41:26,315 [EventQueue-ContainerReportForContainerReportHandler] WARN  container.ContainerReportHandler (AbstractContainerReportHandler.java:updateContainerState(145)) - Container #1 is in OPEN state, but the datanode d56bd5cd-a10f-47cc-a049-69cbb5837008{ip: 192.168.34.9, host: pr-hdds-1868-8w4sl-2612808232, networkLocation: /default-rack, certSerialId: null} reports an CLOSED replica.
2019-10-21 02:41:26,486 [EventQueue-ContainerReportForContainerReportHandler] WARN  container.ContainerReportHandler (AbstractContainerReportHandler.java:updateContainerState(145)) - Container #1 is in OPEN state, but the datanode 346fa4f8-3ab8-43df-a502-3f4b9443122a{ip: 192.168.34.9, host: pr-hdds-1868-8w4sl-2612808232, networkLocation: /default-rack, certSerialId: null} reports an CLOSED replica.
2019-10-21 02:41:26,515 [EventQueue-ContainerReportForContainerReportHandler] WARN  container.ContainerReportHandler (AbstractContainerReportHandler.java:updateContainerState(145)) - Container #1 is in OPEN state, but the datanode d56bd5cd-a10f-47cc-a049-69cbb5837008{ip: 192.168.34.9, host: pr-hdds-1868-8w4sl-2612808232, networkLocation: /default-rack, certSerialId: null} reports an CLOSED replica.
2019-10-21 02:41:26,686 [EventQueue-ContainerReportForContainerReportHandler] WARN  container.ContainerReportHandler (AbstractContainerReportHandler.java:updateContainerState(145)) - Container #1 is in OPEN state, but the datanode 346fa4f8-3ab8-43df-a502-3f4b9443122a{ip: 192.168.34.9, host: pr-hdds-1868-8w4sl-2612808232, networkLocation: /default-rack, certSerialId: null} reports an CLOSED replica.
2019-10-21 02:41:26,915 [EventQueue-ContainerReportForContainerReportHandler] WARN  container.ContainerReportHandler (AbstractContainerReportHandler.java:updateContainerState(145)) - Container #1 is in OPEN state, but the datanode d56bd5cd-a10f-47cc-a049-69cbb5837008{ip: 192.168.34.9, host: pr-hdds-1868-8w4sl-2612808232, networkLocation: /default-rack, certSerialId: null} reports an CLOSED replica.
2019-10-21 02:41:27,086 [EventQueue-ContainerReportForContainerReportHandler] WARN  container.ContainerReportHandler (AbstractContainerReportHandler.java:updateContainerState(145)) - Container #1 is in OPEN state, but the datanode 346fa4f8-3ab8-43df-a502-3f4b9443122a{ip: 192.168.34.9, host: pr-hdds-1868-8w4sl-2612808232, networkLocation: /default-rack, certSerialId: null} reports an CLOSED replica.
2019-10-21 02:41:27,122 [BlockDeletingService#2] WARN  background.BlockDeletingService (BlockDeletingService.java:isDeletionAllowed(187)) - Close Container log Index 6 is not replicated across allthe servers in the pipeline b247b7b0-bc56-4c4b-9e26-98acf608db4d as the min replicated index is 4. Deletion is not allowed in this container yet.
2019-10-21 02:41:27,122 [BlockDeletingService#2] WARN  background.BlockDeletingService (BlockDeletingService.java:isDeletionAllowed(187)) - Close Container log Index 6 is not replicated across allthe servers in the pipeline b247b7b0-bc56-4c4b-9e26-98acf608db4d as the min replicated index is 4. Deletion is not allowed in this container yet.
2019-10-21 02:41:27,217 [EventQueue-ContainerReportForContainerReportHandler] WARN  container.ContainerReportHandler (AbstractContainerReportHandler.java:updateContainerState(145)) - Container #1 is in OPEN state, but the datanode d56bd5cd-a10f-47cc-a049-69cbb5837008{ip: 192.168.34.9, host: pr-hdds-1868-8w4sl-2612808232, networkLocation: /default-rack, certSerialId: null} reports an CLOSED replica.
2019-10-21 02:41:27,386 [EventQueue-ContainerReportForContainerReportHandler] WARN  container.ContainerReportHandler (AbstractContainerReportHandler.java:updateContainerState(145)) - Container #1 is in OPEN state, but the datanode 346fa4f8-3ab8-43df-a502-3f4b9443122a{ip: 192.168.34.9, host: pr-hdds-1868-8w4sl-2612808232, networkLocation: /default-rack, certSerialId: null} reports an CLOSED replica.
2019-10-21 02:41:27,516 [EventQueue-ContainerReportForContainerReportHandler] WARN  container.ContainerReportHandler (AbstractContainerReportHandler.java:updateContainerState(145)) - Container #1 is in OPEN state, but the datanode d56bd5cd-a10f-47cc-a049-69cbb5837008{ip: 192.168.34.9, host: pr-hdds-1868-8w4sl-2612808232, networkLocation: /default-rack, certSerialId: null} reports an CLOSED replica.
2019-10-21 02:41:27,686 [EventQueue-ContainerReportForContainerReportHandler] WARN  container.ContainerReportHandler (AbstractContainerReportHandler.java:updateContainerState(145)) - Container #1 is in OPEN state, but the datanode 346fa4f8-3ab8-43df-a502-3f4b9443122a{ip: 192.168.34.9, host: pr-hdds-1868-8w4sl-2612808232, networkLocation: /default-rack, certSerialId: null} reports an CLOSED replica.
2019-10-21 02:41:27,816 [EventQueue-ContainerReportForContainerReportHandler] WARN  container.ContainerReportHandler (AbstractContainerReportHandler.java:updateContainerState(145)) - Container #1 is in OPEN state, but the datanode d56bd5cd-a10f-47cc-a049-69cbb5837008{ip: 192.168.34.9, host: pr-hdds-1868-8w4sl-2612808232, networkLocation: /default-rack, certSerialId: null} reports an CLOSED replica.
2019-10-21 02:41:27,886 [EventQueue-ContainerReportForContainerReportHandler] WARN  container.ContainerReportHandler (AbstractContainerReportHandler.java:updateContainerState(145)) - Container #1 is in OPEN state, but the datanode 346fa4f8-3ab8-43df-a502-3f4b9443122a{ip: 192.168.34.9, host: pr-hdds-1868-8w4sl-2612808232, networkLocation: /default-rack, certSerialId: null} reports an CLOSED replica.
2019-10-21 02:41:28,117 [EventQueue-ContainerReportForContainerReportHandler] WARN  container.ContainerReportHandler (AbstractContainerReportHandler.java:updateContainerState(145)) - Container #1 is in OPEN state, but the datanode d56bd5cd-a10f-47cc-a049-69cbb5837008{ip: 192.168.34.9, host: pr-hdds-1868-8w4sl-2612808232, networkLocation: /default-rack, certSerialId: null} reports an CLOSED replica.
2019-10-21 02:41:28,123 [BlockDeletingService#2] WARN  background.BlockDeletingService (BlockDeletingService.java:isDeletionAllowed(187)) - Close Container log Index 6 is not replicated across allthe servers in the pipeline b247b7b0-bc56-4c4b-9e26-98acf608db4d as the min replicated index is 4. Deletion is not allowed in this container yet.
2019-10-21 02:41:28,123 [BlockDeletingService#2] WARN  background.BlockDeletingService (BlockDeletingService.java:isDeletionAllowed(187)) - Close Container log Index 6 is not replicated across allthe servers in the pipeline b247b7b0-bc56-4c4b-9e26-98acf608db4d as the min replicated index is 4. Deletion is not allowed in this container yet.
2019-10-21 02:41:28,287 [EventQueue-ContainerReportForContainerReportHandler] WARN  container.ContainerReportHandler (AbstractContainerReportHandler.java:updateContainerState(145)) - Container #1 is in OPEN state, but the datanode 346fa4f8-3ab8-43df-a502-3f4b9443122a{ip: 192.168.34.9, host: pr-hdds-1868-8w4sl-2612808232, networkLocation: /default-rack, certSerialId: null} reports an CLOSED replica.
2019-10-21 02:41:28,318 [EventQueue-ContainerReportForContainerReportHandler] WARN  container.ContainerReportHandler (AbstractContainerReportHandler.java:updateContainerState(145)) - Container #1 is in OPEN state, but the datanode d56bd5cd-a10f-47cc-a049-69cbb5837008{ip: 192.168.34.9, host: pr-hdds-1868-8w4sl-2612808232, networkLocation: /default-rack, certSerialId: null} reports an CLOSED replica.
2019-10-21 02:41:28,494 [java.util.concurrent.ThreadPoolExecutor$Worker@411a2772[State = -1, empty queue]] WARN  server.GrpcLogAppender (GrpcLogAppender.java:timeoutAppendRequest(209)) - 346fa4f8-3ab8-43df-a502-3f4b9443122a@group-98ACF608DB4D->0299b781-7796-45ba-9036-f37ef6071f27-GrpcLogAppender: appendEntries Timeout, request=346fa4f8-3ab8-43df-a502-3f4b9443122a->0299b781-7796-45ba-9036-f37ef6071f27#44-t1, previous=(t:1, i:10), leaderCommit=10, initializing? false, entries: <empty>
2019-10-21 02:41:28,589 [EventQueue-ContainerReportForContainerReportHandler] WARN  container.ContainerReportHandler (AbstractContainerReportHandler.java:updateContainerState(145)) - Container #1 is in OPEN state, but the datanode 346fa4f8-3ab8-43df-a502-3f4b9443122a{ip: 192.168.34.9, host: pr-hdds-1868-8w4sl-2612808232, networkLocation: /default-rack, certSerialId: null} reports an CLOSED replica.
2019-10-21 02:41:28,718 [EventQueue-ContainerReportForContainerReportHandler] WARN  container.ContainerReportHandler (AbstractContainerReportHandler.java:updateContainerState(145)) - Container #1 is in OPEN state, but the datanode d56bd5cd-a10f-47cc-a049-69cbb5837008{ip: 192.168.34.9, host: pr-hdds-1868-8w4sl-2612808232, networkLocation: /default-rack, certSerialId: null} reports an CLOSED replica.
2019-10-21 02:41:28,889 [EventQueue-ContainerReportForContainerReportHandler] WARN  container.ContainerReportHandler (AbstractContainerReportHandler.java:updateContainerState(145)) - Container #1 is in OPEN state, but the datanode 346fa4f8-3ab8-43df-a502-3f4b9443122a{ip: 192.168.34.9, host: pr-hdds-1868-8w4sl-2612808232, networkLocation: /default-rack, certSerialId: null} reports an CLOSED replica.
2019-10-21 02:41:29,019 [EventQueue-ContainerReportForContainerReportHandler] WARN  container.ContainerReportHandler (AbstractContainerReportHandler.java:updateContainerState(145)) - Container #1 is in OPEN state, but the datanode d56bd5cd-a10f-47cc-a049-69cbb5837008{ip: 192.168.34.9, host: pr-hdds-1868-8w4sl-2612808232, networkLocation: /default-rack, certSerialId: null} reports an CLOSED replica.
2019-10-21 02:41:29,125 [BlockDeletingService#2] WARN  background.BlockDeletingService (BlockDeletingService.java:isDeletionAllowed(187)) - Close Container log Index 6 is not replicated across allthe servers in the pipeline b247b7b0-bc56-4c4b-9e26-98acf608db4d as the min replicated index is 4. Deletion is not allowed in this container yet.
2019-10-21 02:41:29,125 [BlockDeletingService#2] WARN  background.BlockDeletingService (BlockDeletingService.java:isDeletionAllowed(187)) - Close Container log Index 6 is not replicated across allthe servers in the pipeline b247b7b0-bc56-4c4b-9e26-98acf608db4d as the min replicated index is 4. Deletion is not allowed in this container yet.
2019-10-21 02:41:29,189 [EventQueue-ContainerReportForContainerReportHandler] WARN  container.ContainerReportHandler (AbstractContainerReportHandler.java:updateContainerState(145)) - Container #1 is in OPEN state, but the datanode 346fa4f8-3ab8-43df-a502-3f4b9443122a{ip: 192.168.34.9, host: pr-hdds-1868-8w4sl-2612808232, networkLocation: /default-rack, certSerialId: null} reports an CLOSED replica.
2019-10-21 02:41:29,418 [EventQueue-ContainerReportForContainerReportHandler] WARN  container.ContainerReportHandler (AbstractContainerReportHandler.java:updateContainerState(145)) - Container #1 is in OPEN state, but the datanode d56bd5cd-a10f-47cc-a049-69cbb5837008{ip: 192.168.34.9, host: pr-hdds-1868-8w4sl-2612808232, networkLocation: /default-rack, certSerialId: null} reports an CLOSED replica.
2019-10-21 02:41:29,590 [EventQueue-ContainerReportForContainerReportHandler] WARN  container.ContainerReportHandler (AbstractContainerReportHandler.java:updateContainerState(145)) - Container #1 is in OPEN state, but the datanode 346fa4f8-3ab8-43df-a502-3f4b9443122a{ip: 192.168.34.9, host: pr-hdds-1868-8w4sl-2612808232, networkLocation: /default-rack, certSerialId: null} reports an CLOSED replica.
2019-10-21 02:41:29,618 [EventQueue-ContainerReportForContainerReportHandler] WARN  container.ContainerReportHandler (AbstractContainerReportHandler.java:updateContainerState(145)) - Container #1 is in OPEN state, but the datanode d56bd5cd-a10f-47cc-a049-69cbb5837008{ip: 192.168.34.9, host: pr-hdds-1868-8w4sl-2612808232, networkLocation: /default-rack, certSerialId: null} reports an CLOSED replica.
2019-10-21 02:41:29,890 [EventQueue-ContainerReportForContainerReportHandler] WARN  container.ContainerReportHandler (AbstractContainerReportHandler.java:updateContainerState(145)) - Container #1 is in OPEN state, but the datanode 346fa4f8-3ab8-43df-a502-3f4b9443122a{ip: 192.168.34.9, host: pr-hdds-1868-8w4sl-2612808232, networkLocation: /default-rack, certSerialId: null} reports an CLOSED replica.
2019-10-21 02:41:29,918 [EventQueue-ContainerReportForContainerReportHandler] WARN  container.ContainerReportHandler (AbstractContainerReportHandler.java:updateContainerState(145)) - Container #1 is in OPEN state, but the datanode d56bd5cd-a10f-47cc-a049-69cbb5837008{ip: 192.168.34.9, host: pr-hdds-1868-8w4sl-2612808232, networkLocation: /default-rack, certSerialId: null} reports an CLOSED replica.
2019-10-21 02:41:30,118 [EventQueue-ContainerReportForContainerReportHandler] WARN  container.ContainerReportHandler (AbstractContainerReportHandler.java:updateContainerState(145)) - Container #1 is in OPEN state, but the datanode d56bd5cd-a10f-47cc-a049-69cbb5837008{ip: 192.168.34.9, host: pr-hdds-1868-8w4sl-2612808232, networkLocation: /default-rack, certSerialId: null} reports an CLOSED replica.
2019-10-21 02:41:30,127 [BlockDeletingService#2] WARN  background.BlockDeletingService (BlockDeletingService.java:isDeletionAllowed(187)) - Close Container log Index 6 is not replicated across allthe servers in the pipeline b247b7b0-bc56-4c4b-9e26-98acf608db4d as the min replicated index is 4. Deletion is not allowed in this container yet.
2019-10-21 02:41:30,127 [BlockDeletingService#2] WARN  background.BlockDeletingService (BlockDeletingService.java:isDeletionAllowed(187)) - Close Container log Index 6 is not replicated across allthe servers in the pipeline b247b7b0-bc56-4c4b-9e26-98acf608db4d as the min replicated index is 4. Deletion is not allowed in this container yet.
2019-10-21 02:41:30,190 [EventQueue-ContainerReportForContainerReportHandler] WARN  container.ContainerReportHandler (AbstractContainerReportHandler.java:updateContainerState(145)) - Container #1 is in OPEN state, but the datanode 346fa4f8-3ab8-43df-a502-3f4b9443122a{ip: 192.168.34.9, host: pr-hdds-1868-8w4sl-2612808232, networkLocation: /default-rack, certSerialId: null} reports an CLOSED replica.
2019-10-21 02:41:30,318 [EventQueue-ContainerReportForContainerReportHandler] WARN  container.ContainerReportHandler (AbstractContainerReportHandler.java:updateContainerState(145)) - Container #1 is in OPEN state, but the datanode d56bd5cd-a10f-47cc-a049-69cbb5837008{ip: 192.168.34.9, host: pr-hdds-1868-8w4sl-2612808232, networkLocation: /default-rack, certSerialId: null} reports an CLOSED replica.
2019-10-21 02:41:30,490 [EventQueue-ContainerReportForContainerReportHandler] WARN  container.ContainerReportHandler (AbstractContainerReportHandler.java:updateContainerState(145)) - Container #1 is in OPEN state, but the datanode 346fa4f8-3ab8-43df-a502-3f4b9443122a{ip: 192.168.34.9, host: pr-hdds-1868-8w4sl-2612808232, networkLocation: /default-rack, certSerialId: null} reports an CLOSED replica.
2019-10-21 02:41:30,618 [EventQueue-ContainerReportForContainerReportHandler] WARN  container.ContainerReportHandler (AbstractContainerReportHandler.java:updateContainerState(145)) - Container #1 is in OPEN state, but the datanode d56bd5cd-a10f-47cc-a049-69cbb5837008{ip: 192.168.34.9, host: pr-hdds-1868-8w4sl-2612808232, networkLocation: /default-rack, certSerialId: null} reports an CLOSED replica.
2019-10-21 02:41:30,789 [EventQueue-ContainerReportForContainerReportHandler] WARN  container.ContainerReportHandler (AbstractContainerReportHandler.java:updateContainerState(145)) - Container #1 is in OPEN state, but the datanode 346fa4f8-3ab8-43df-a502-3f4b9443122a{ip: 192.168.34.9, host: pr-hdds-1868-8w4sl-2612808232, networkLocation: /default-rack, certSerialId: null} reports an CLOSED replica.
2019-10-21 02:41:30,995 [java.util.concurrent.ThreadPoolExecutor$Worker@411a2772[State = -1, empty queue]] WARN  server.GrpcLogAppender (GrpcLogAppender.java:timeoutAppendRequest(209)) - 346fa4f8-3ab8-43df-a502-3f4b9443122a@group-98ACF608DB4D->0299b781-7796-45ba-9036-f37ef6071f27-GrpcLogAppender: appendEntries Timeout, request=346fa4f8-3ab8-43df-a502-3f4b9443122a->0299b781-7796-45ba-9036-f37ef6071f27#45-t1, previous=(t:1, i:10), leaderCommit=10, initializing? false, entries: <empty>
2019-10-21 02:41:31,018 [EventQueue-ContainerReportForContainerReportHandler] WARN  container.ContainerReportHandler (AbstractContainerReportHandler.java:updateContainerState(145)) - Container #1 is in OPEN state, but the datanode d56bd5cd-a10f-47cc-a049-69cbb5837008{ip: 192.168.34.9, host: pr-hdds-1868-8w4sl-2612808232, networkLocation: /default-rack, certSerialId: null} reports an CLOSED replica.
2019-10-21 02:41:31,090 [EventQueue-ContainerReportForContainerReportHandler] WARN  container.ContainerReportHandler (AbstractContainerReportHandler.java:updateContainerState(145)) - Container #1 is in OPEN state, but the datanode 346fa4f8-3ab8-43df-a502-3f4b9443122a{ip: 192.168.34.9, host: pr-hdds-1868-8w4sl-2612808232, networkLocation: /default-rack, certSerialId: null} reports an CLOSED replica.
2019-10-21 02:41:31,129 [BlockDeletingService#2] WARN  background.BlockDeletingService (BlockDeletingService.java:isDeletionAllowed(187)) - Close Container log Index 6 is not replicated across allthe servers in the pipeline b247b7b0-bc56-4c4b-9e26-98acf608db4d as the min replicated index is 4. Deletion is not allowed in this container yet.
2019-10-21 02:41:31,129 [BlockDeletingService#2] WARN  background.BlockDeletingService (BlockDeletingService.java:isDeletionAllowed(187)) - Close Container log Index 6 is not replicated across allthe servers in the pipeline b247b7b0-bc56-4c4b-9e26-98acf608db4d as the min replicated index is 4. Deletion is not allowed in this container yet.
2019-10-21 02:41:31,390 [EventQueue-ContainerReportForContainerReportHandler] WARN  container.ContainerReportHandler (AbstractContainerReportHandler.java:updateContainerState(145)) - Container #1 is in OPEN state, but the datanode 346fa4f8-3ab8-43df-a502-3f4b9443122a{ip: 192.168.34.9, host: pr-hdds-1868-8w4sl-2612808232, networkLocation: /default-rack, certSerialId: null} reports an CLOSED replica.
2019-10-21 02:41:31,420 [EventQueue-ContainerReportForContainerReportHandler] WARN  container.ContainerReportHandler (AbstractContainerReportHandler.java:updateContainerState(145)) - Container #1 is in OPEN state, but the datanode d56bd5cd-a10f-47cc-a049-69cbb5837008{ip: 192.168.34.9, host: pr-hdds-1868-8w4sl-2612808232, networkLocation: /default-rack, certSerialId: null} reports an CLOSED replica.
2019-10-21 02:41:31,621 [EventQueue-ContainerReportForContainerReportHandler] WARN  container.ContainerReportHandler (AbstractContainerReportHandler.java:updateContainerState(145)) - Container #1 is in OPEN state, but the datanode d56bd5cd-a10f-47cc-a049-69cbb5837008{ip: 192.168.34.9, host: pr-hdds-1868-8w4sl-2612808232, networkLocation: /default-rack, certSerialId: null} reports an CLOSED replica.
2019-10-21 02:41:31,691 [EventQueue-ContainerReportForContainerReportHandler] WARN  container.ContainerReportHandler (AbstractContainerReportHandler.java:updateContainerState(145)) - Container #1 is in OPEN state, but the datanode 346fa4f8-3ab8-43df-a502-3f4b9443122a{ip: 192.168.34.9, host: pr-hdds-1868-8w4sl-2612808232, networkLocation: /default-rack, certSerialId: null} reports an CLOSED replica.
2019-10-21 02:41:31,891 [EventQueue-ContainerReportForContainerReportHandler] WARN  container.ContainerReportHandler (AbstractContainerReportHandler.java:updateContainerState(145)) - Container #1 is in OPEN state, but the datanode 346fa4f8-3ab8-43df-a502-3f4b9443122a{ip: 192.168.34.9, host: pr-hdds-1868-8w4sl-2612808232, networkLocation: /default-rack, certSerialId: null} reports an CLOSED replica.
2019-10-21 02:41:31,920 [EventQueue-ContainerReportForContainerReportHandler] WARN  container.ContainerReportHandler (AbstractContainerReportHandler.java:updateContainerState(145)) - Container #1 is in OPEN state, but the datanode d56bd5cd-a10f-47cc-a049-69cbb5837008{ip: 192.168.34.9, host: pr-hdds-1868-8w4sl-2612808232, networkLocation: /default-rack, certSerialId: null} reports an CLOSED replica.
2019-10-21 02:41:32,131 [BlockDeletingService#2] WARN  background.BlockDeletingService (BlockDeletingService.java:isDeletionAllowed(187)) - Close Container log Index 6 is not replicated across allthe servers in the pipeline b247b7b0-bc56-4c4b-9e26-98acf608db4d as the min replicated index is 4. Deletion is not allowed in this container yet.
2019-10-21 02:41:32,131 [BlockDeletingService#2] WARN  background.BlockDeletingService (BlockDeletingService.java:isDeletionAllowed(187)) - Close Container log Index 6 is not replicated across allthe servers in the pipeline b247b7b0-bc56-4c4b-9e26-98acf608db4d as the min replicated index is 4. Deletion is not allowed in this container yet.
2019-10-21 02:41:32,191 [EventQueue-ContainerReportForContainerReportHandler] WARN  container.ContainerReportHandler (AbstractContainerReportHandler.java:updateContainerState(145)) - Container #1 is in OPEN state, but the datanode 346fa4f8-3ab8-43df-a502-3f4b9443122a{ip: 192.168.34.9, host: pr-hdds-1868-8w4sl-2612808232, networkLocation: /default-rack, certSerialId: null} reports an CLOSED replica.
2019-10-21 02:41:32,194 [Thread-504] INFO  client.GrpcClientProtocolService (GrpcClientProtocolService.java:lambda$processClientRequest$0(279)) - Failed RaftClientRequest:client-A91BDCACAE43->d56bd5cd-a10f-47cc-a049-69cbb5837008@group-98ACF608DB4D, cid=22, seq=0, Watch-ALL_COMMITTED(6), Message:<EMPTY>, reply=RaftClientReply:client-A91BDCACAE43->d56bd5cd-a10f-47cc-a049-69cbb5837008@group-98ACF608DB4D, cid=22, FAILED org.apache.ratis.protocol.NotLeaderException: Server d56bd5cd-a10f-47cc-a049-69cbb5837008@group-98ACF608DB4D is not the leader 346fa4f8-3ab8-43df-a502-3f4b9443122a:192.168.34.9:34701, logIndex=0, commits[d56bd5cd-a10f-47cc-a049-69cbb5837008:c10, 346fa4f8-3ab8-43df-a502-3f4b9443122a:c10, 0299b781-7796-45ba-9036-f37ef6071f27:c4]
2019-10-21 02:41:32,221 [EventQueue-ContainerReportForContainerReportHandler] WARN  container.ContainerReportHandler (AbstractContainerReportHandler.java:updateContainerState(145)) - Container #1 is in OPEN state, but the datanode d56bd5cd-a10f-47cc-a049-69cbb5837008{ip: 192.168.34.9, host: pr-hdds-1868-8w4sl-2612808232, networkLocation: /default-rack, certSerialId: null} reports an CLOSED replica.
2019-10-21 02:41:32,490 [EventQueue-ContainerReportForContainerReportHandler] WARN  container.ContainerReportHandler (AbstractContainerReportHandler.java:updateContainerState(145)) - Container #1 is in OPEN state, but the datanode 346fa4f8-3ab8-43df-a502-3f4b9443122a{ip: 192.168.34.9, host: pr-hdds-1868-8w4sl-2612808232, networkLocation: /default-rack, certSerialId: null} reports an CLOSED replica.
2019-10-21 02:41:32,520 [EventQueue-ContainerReportForContainerReportHandler] WARN  container.ContainerReportHandler (AbstractContainerReportHandler.java:updateContainerState(145)) - Container #1 is in OPEN state, but the datanode d56bd5cd-a10f-47cc-a049-69cbb5837008{ip: 192.168.34.9, host: pr-hdds-1868-8w4sl-2612808232, networkLocation: /default-rack, certSerialId: null} reports an CLOSED replica.
2019-10-21 02:41:32,790 [EventQueue-ContainerReportForContainerReportHandler] WARN  container.ContainerReportHandler (AbstractContainerReportHandler.java:updateContainerState(145)) - Container #1 is in OPEN state, but the datanode 346fa4f8-3ab8-43df-a502-3f4b9443122a{ip: 192.168.34.9, host: pr-hdds-1868-8w4sl-2612808232, networkLocation: /default-rack, certSerialId: null} reports an CLOSED replica.
2019-10-21 02:41:32,821 [EventQueue-ContainerReportForContainerReportHandler] WARN  container.ContainerReportHandler (AbstractContainerReportHandler.java:updateContainerState(145)) - Container #1 is in OPEN state, but the datanode d56bd5cd-a10f-47cc-a049-69cbb5837008{ip: 192.168.34.9, host: pr-hdds-1868-8w4sl-2612808232, networkLocation: /default-rack, certSerialId: null} reports an CLOSED replica.
2019-10-21 02:41:32,993 [EventQueue-ContainerReportForContainerReportHandler] WARN  container.ContainerReportHandler (AbstractContainerReportHandler.java:updateContainerState(145)) - Container #1 is in OPEN state, but the datanode 346fa4f8-3ab8-43df-a502-3f4b9443122a{ip: 192.168.34.9, host: pr-hdds-1868-8w4sl-2612808232, networkLocation: /default-rack, certSerialId: null} reports an CLOSED replica.
2019-10-21 02:41:33,021 [EventQueue-ContainerReportForContainerReportHandler] WARN  container.ContainerReportHandler (AbstractContainerReportHandler.java:updateContainerState(145)) - Container #1 is in OPEN state, but the datanode d56bd5cd-a10f-47cc-a049-69cbb5837008{ip: 192.168.34.9, host: pr-hdds-1868-8w4sl-2612808232, networkLocation: /default-rack, certSerialId: null} reports an CLOSED replica.
2019-10-21 02:41:33,132 [BlockDeletingService#2] WARN  background.BlockDeletingService (BlockDeletingService.java:isDeletionAllowed(187)) - Close Container log Index 6 is not replicated across allthe servers in the pipeline b247b7b0-bc56-4c4b-9e26-98acf608db4d as the min replicated index is 4. Deletion is not allowed in this container yet.
2019-10-21 02:41:33,134 [BlockDeletingService#2] WARN  background.BlockDeletingService (BlockDeletingService.java:isDeletionAllowed(187)) - Close Container log Index 6 is not replicated across allthe servers in the pipeline b247b7b0-bc56-4c4b-9e26-98acf608db4d as the min replicated index is 4. Deletion is not allowed in this container yet.
2019-10-21 02:41:33,321 [EventQueue-ContainerReportForContainerReportHandler] WARN  container.ContainerReportHandler (AbstractContainerReportHandler.java:updateContainerState(145)) - Container #1 is in OPEN state, but the datanode d56bd5cd-a10f-47cc-a049-69cbb5837008{ip: 192.168.34.9, host: pr-hdds-1868-8w4sl-2612808232, networkLocation: /default-rack, certSerialId: null} reports an CLOSED replica.
2019-10-21 02:41:33,394 [EventQueue-ContainerReportForContainerReportHandler] WARN  container.ContainerReportHandler (AbstractContainerReportHandler.java:updateContainerState(145)) - Container #1 is in OPEN state, but the datanode 346fa4f8-3ab8-43df-a502-3f4b9443122a{ip: 192.168.34.9, host: pr-hdds-1868-8w4sl-2612808232, networkLocation: /default-rack, certSerialId: null} reports an CLOSED replica.
2019-10-21 02:41:33,497 [java.util.concurrent.ThreadPoolExecutor$Worker@411a2772[State = -1, empty queue]] WARN  server.GrpcLogAppender (GrpcLogAppender.java:timeoutAppendRequest(209)) - 346fa4f8-3ab8-43df-a502-3f4b9443122a@group-98ACF608DB4D->0299b781-7796-45ba-9036-f37ef6071f27-GrpcLogAppender: appendEntries Timeout, request=346fa4f8-3ab8-43df-a502-3f4b9443122a->0299b781-7796-45ba-9036-f37ef6071f27#46-t1, previous=(t:1, i:10), leaderCommit=10, initializing? false, entries: <empty>
2019-10-21 02:41:33,520 [EventQueue-ContainerReportForContainerReportHandler] WARN  container.ContainerReportHandler (AbstractContainerReportHandler.java:updateContainerState(145)) - Container #1 is in OPEN state, but the datanode d56bd5cd-a10f-47cc-a049-69cbb5837008{ip: 192.168.34.9, host: pr-hdds-1868-8w4sl-2612808232, networkLocation: /default-rack, certSerialId: null} reports an CLOSED replica.
2019-10-21 02:41:33,594 [EventQueue-ContainerReportForContainerReportHandler] WARN  container.ContainerReportHandler (AbstractContainerReportHandler.java:updateContainerState(145)) - Container #1 is in OPEN state, but the datanode 346fa4f8-3ab8-43df-a502-3f4b9443122a{ip: 192.168.34.9, host: pr-hdds-1868-8w4sl-2612808232, networkLocation: /default-rack, certSerialId: null} reports an CLOSED replica.
2019-10-21 02:41:33,720 [EventQueue-ContainerReportForContainerReportHandler] WARN  container.ContainerReportHandler (AbstractContainerReportHandler.java:updateContainerState(145)) - Container #1 is in OPEN state, but the datanode d56bd5cd-a10f-47cc-a049-69cbb5837008{ip: 192.168.34.9, host: pr-hdds-1868-8w4sl-2612808232, networkLocation: /default-rack, certSerialId: null} reports an CLOSED replica.
2019-10-21 02:41:33,755 [Thread-510] INFO  client.GrpcClientProtocolService (GrpcClientProtocolService.java:lambda$processClientRequest$0(279)) - Failed RaftClientRequest:client-A91BDCACAE43->346fa4f8-3ab8-43df-a502-3f4b9443122a@group-98ACF608DB4D, cid=22, seq=0, Watch-ALL_COMMITTED(6), Message:<EMPTY>, reply=RaftClientReply:client-A91BDCACAE43->346fa4f8-3ab8-43df-a502-3f4b9443122a@group-98ACF608DB4D, cid=22, FAILED org.apache.ratis.protocol.NotReplicatedException: Request with call Id 22 and log index 6 is not yet replicated to ALL_COMMITTED, logIndex=6, commits[346fa4f8-3ab8-43df-a502-3f4b9443122a:c10, d56bd5cd-a10f-47cc-a049-69cbb5837008:c10, 0299b781-7796-45ba-9036-f37ef6071f27:c4]
2019-10-21 02:41:33,993 [EventQueue-ContainerReportForContainerReportHandler] WARN  container.ContainerReportHandler (AbstractContainerReportHandler.java:updateContainerState(145)) - Container #1 is in OPEN state, but the datanode 346fa4f8-3ab8-43df-a502-3f4b9443122a{ip: 192.168.34.9, host: pr-hdds-1868-8w4sl-2612808232, networkLocation: /default-rack, certSerialId: null} reports an CLOSED replica.
2019-10-21 02:41:34,020 [EventQueue-ContainerReportForContainerReportHandler] WARN  container.ContainerReportHandler (AbstractContainerReportHandler.java:updateContainerState(145)) - Container #1 is in OPEN state, but the datanode d56bd5cd-a10f-47cc-a049-69cbb5837008{ip: 192.168.34.9, host: pr-hdds-1868-8w4sl-2612808232, networkLocation: /default-rack, certSerialId: null} reports an CLOSED replica.
2019-10-21 02:41:34,136 [BlockDeletingService#2] WARN  background.BlockDeletingService (BlockDeletingService.java:isDeletionAllowed(187)) - Close Container log Index 6 is not replicated across allthe servers in the pipeline b247b7b0-bc56-4c4b-9e26-98acf608db4d as the min replicated index is 4. Deletion is not allowed in this container yet.
2019-10-21 02:41:34,136 [BlockDeletingService#2] WARN  background.BlockDeletingService (BlockDeletingService.java:isDeletionAllowed(187)) - Close Container log Index 6 is not replicated across allthe servers in the pipeline b247b7b0-bc56-4c4b-9e26-98acf608db4d as the min replicated index is 4. Deletion is not allowed in this container yet.
2019-10-21 02:41:34,220 [EventQueue-ContainerReportForContainerReportHandler] WARN  container.ContainerReportHandler (AbstractContainerReportHandler.java:updateContainerState(145)) - Container #1 is in OPEN state, but the datanode d56bd5cd-a10f-47cc-a049-69cbb5837008{ip: 192.168.34.9, host: pr-hdds-1868-8w4sl-2612808232, networkLocation: /default-rack, certSerialId: null} reports an CLOSED replica.
2019-10-21 02:41:34,394 [EventQueue-ContainerReportForContainerReportHandler] WARN  container.ContainerReportHandler (AbstractContainerReportHandler.java:updateContainerState(145)) - Container #1 is in OPEN state, but the datanode 346fa4f8-3ab8-43df-a502-3f4b9443122a{ip: 192.168.34.9, host: pr-hdds-1868-8w4sl-2612808232, networkLocation: /default-rack, certSerialId: null} reports an CLOSED replica.
2019-10-21 02:41:34,521 [EventQueue-ContainerReportForContainerReportHandler] WARN  container.ContainerReportHandler (AbstractContainerReportHandler.java:updateContainerState(145)) - Container #1 is in OPEN state, but the datanode d56bd5cd-a10f-47cc-a049-69cbb5837008{ip: 192.168.34.9, host: pr-hdds-1868-8w4sl-2612808232, networkLocation: /default-rack, certSerialId: null} reports an CLOSED replica.
2019-10-21 02:41:34,694 [EventQueue-ContainerReportForContainerReportHandler] WARN  container.ContainerReportHandler (AbstractContainerReportHandler.java:updateContainerState(145)) - Container #1 is in OPEN state, but the datanode 346fa4f8-3ab8-43df-a502-3f4b9443122a{ip: 192.168.34.9, host: pr-hdds-1868-8w4sl-2612808232, networkLocation: /default-rack, certSerialId: null} reports an CLOSED replica.
2019-10-21 02:41:34,822 [EventQueue-ContainerReportForContainerReportHandler] WARN  container.ContainerReportHandler (AbstractContainerReportHandler.java:updateContainerState(145)) - Container #1 is in OPEN state, but the datanode d56bd5cd-a10f-47cc-a049-69cbb5837008{ip: 192.168.34.9, host: pr-hdds-1868-8w4sl-2612808232, networkLocation: /default-rack, certSerialId: null} reports an CLOSED replica.
2019-10-21 02:41:35,022 [EventQueue-ContainerReportForContainerReportHandler] WARN  container.ContainerReportHandler (AbstractContainerReportHandler.java:updateContainerState(145)) - Container #1 is in OPEN state, but the datanode d56bd5cd-a10f-47cc-a049-69cbb5837008{ip: 192.168.34.9, host: pr-hdds-1868-8w4sl-2612808232, networkLocation: /default-rack, certSerialId: null} reports an CLOSED replica.
2019-10-21 02:41:35,094 [EventQueue-ContainerReportForContainerReportHandler] WARN  container.ContainerReportHandler (AbstractContainerReportHandler.java:updateContainerState(145)) - Container #1 is in OPEN state, but the datanode 346fa4f8-3ab8-43df-a502-3f4b9443122a{ip: 192.168.34.9, host: pr-hdds-1868-8w4sl-2612808232, networkLocation: /default-rack, certSerialId: null} reports an CLOSED replica.
2019-10-21 02:41:35,143 [BlockDeletingService#2] WARN  background.BlockDeletingService (BlockDeletingService.java:isDeletionAllowed(187)) - Close Container log Index 6 is not replicated across allthe servers in the pipeline b247b7b0-bc56-4c4b-9e26-98acf608db4d as the min replicated index is 4. Deletion is not allowed in this container yet.
2019-10-21 02:41:35,143 [BlockDeletingService#2] WARN  background.BlockDeletingService (BlockDeletingService.java:isDeletionAllowed(187)) - Close Container log Index 6 is not replicated across allthe servers in the pipeline b247b7b0-bc56-4c4b-9e26-98acf608db4d as the min replicated index is 4. Deletion is not allowed in this container yet.
2019-10-21 02:41:35,295 [EventQueue-ContainerReportForContainerReportHandler] WARN  container.ContainerReportHandler (AbstractContainerReportHandler.java:updateContainerState(145)) - Container #1 is in OPEN state, but the datanode 346fa4f8-3ab8-43df-a502-3f4b9443122a{ip: 192.168.34.9, host: pr-hdds-1868-8w4sl-2612808232, networkLocation: /default-rack, certSerialId: null} reports an CLOSED replica.
2019-10-21 02:41:35,321 [EventQueue-ContainerReportForContainerReportHandler] WARN  container.ContainerReportHandler (AbstractContainerReportHandler.java:updateContainerState(145)) - Container #1 is in OPEN state, but the datanode d56bd5cd-a10f-47cc-a049-69cbb5837008{ip: 192.168.34.9, host: pr-hdds-1868-8w4sl-2612808232, networkLocation: /default-rack, certSerialId: null} reports an CLOSED replica.
2019-10-21 02:41:35,495 [EventQueue-ContainerReportForContainerReportHandler] WARN  container.ContainerReportHandler (AbstractContainerReportHandler.java:updateContainerState(145)) - Container #1 is in OPEN state, but the datanode 346fa4f8-3ab8-43df-a502-3f4b9443122a{ip: 192.168.34.9, host: pr-hdds-1868-8w4sl-2612808232, networkLocation: /default-rack, certSerialId: null} reports an CLOSED replica.
2019-10-21 02:41:35,722 [EventQueue-ContainerReportForContainerReportHandler] WARN  container.ContainerReportHandler (AbstractContainerReportHandler.java:updateContainerState(145)) - Container #1 is in OPEN state, but the datanode d56bd5cd-a10f-47cc-a049-69cbb5837008{ip: 192.168.34.9, host: pr-hdds-1868-8w4sl-2612808232, networkLocation: /default-rack, certSerialId: null} reports an CLOSED replica.
2019-10-21 02:41:35,795 [EventQueue-ContainerReportForContainerReportHandler] WARN  container.ContainerReportHandler (AbstractContainerReportHandler.java:updateContainerState(145)) - Container #1 is in OPEN state, but the datanode 346fa4f8-3ab8-43df-a502-3f4b9443122a{ip: 192.168.34.9, host: pr-hdds-1868-8w4sl-2612808232, networkLocation: /default-rack, certSerialId: null} reports an CLOSED replica.
2019-10-21 02:41:35,997 [java.util.concurrent.ThreadPoolExecutor$Worker@411a2772[State = -1, empty queue]] WARN  server.GrpcLogAppender (GrpcLogAppender.java:timeoutAppendRequest(209)) - 346fa4f8-3ab8-43df-a502-3f4b9443122a@group-98ACF608DB4D->0299b781-7796-45ba-9036-f37ef6071f27-GrpcLogAppender: appendEntries Timeout, request=346fa4f8-3ab8-43df-a502-3f4b9443122a->0299b781-7796-45ba-9036-f37ef6071f27#47-t1, previous=(t:1, i:10), leaderCommit=10, initializing? false, entries: <empty>
2019-10-21 02:41:36,023 [EventQueue-ContainerReportForContainerReportHandler] WARN  container.ContainerReportHandler (AbstractContainerReportHandler.java:updateContainerState(145)) - Container #1 is in OPEN state, but the datanode d56bd5cd-a10f-47cc-a049-69cbb5837008{ip: 192.168.34.9, host: pr-hdds-1868-8w4sl-2612808232, networkLocation: /default-rack, certSerialId: null} reports an CLOSED replica.
2019-10-21 02:41:36,096 [EventQueue-ContainerReportForContainerReportHandler] WARN  container.ContainerReportHandler (AbstractContainerReportHandler.java:updateContainerState(145)) - Container #1 is in OPEN state, but the datanode 346fa4f8-3ab8-43df-a502-3f4b9443122a{ip: 192.168.34.9, host: pr-hdds-1868-8w4sl-2612808232, networkLocation: /default-rack, certSerialId: null} reports an CLOSED replica.
2019-10-21 02:41:36,145 [BlockDeletingService#2] WARN  background.BlockDeletingService (BlockDeletingService.java:isDeletionAllowed(187)) - Close Container log Index 6 is not replicated across allthe servers in the pipeline b247b7b0-bc56-4c4b-9e26-98acf608db4d as the min replicated index is 4. Deletion is not allowed in this container yet.
2019-10-21 02:41:36,145 [BlockDeletingService#2] WARN  background.BlockDeletingService (BlockDeletingService.java:isDeletionAllowed(187)) - Close Container log Index 6 is not replicated across allthe servers in the pipeline b247b7b0-bc56-4c4b-9e26-98acf608db4d as the min replicated index is 4. Deletion is not allowed in this container yet.
2019-10-21 02:41:36,322 [EventQueue-ContainerReportForContainerReportHandler] WARN  container.ContainerReportHandler (AbstractContainerReportHandler.java:updateContainerState(145)) - Container #1 is in OPEN state, but the datanode d56bd5cd-a10f-47cc-a049-69cbb5837008{ip: 192.168.34.9, host: pr-hdds-1868-8w4sl-2612808232, networkLocation: /default-rack, certSerialId: null} reports an CLOSED replica.
2019-10-21 02:41:36,398 [EventQueue-ContainerReportForContainerReportHandler] WARN  container.ContainerReportHandler (AbstractContainerReportHandler.java:updateContainerState(145)) - Container #1 is in OPEN state, but the datanode 346fa4f8-3ab8-43df-a502-3f4b9443122a{ip: 192.168.34.9, host: pr-hdds-1868-8w4sl-2612808232, networkLocation: /default-rack, certSerialId: null} reports an CLOSED replica.
2019-10-21 02:41:36,622 [EventQueue-ContainerReportForContainerReportHandler] WARN  container.ContainerReportHandler (AbstractContainerReportHandler.java:updateContainerState(145)) - Container #1 is in OPEN state, but the datanode d56bd5cd-a10f-47cc-a049-69cbb5837008{ip: 192.168.34.9, host: pr-hdds-1868-8w4sl-2612808232, networkLocation: /default-rack, certSerialId: null} reports an CLOSED replica.
2019-10-21 02:41:36,697 [EventQueue-ContainerReportForContainerReportHandler] WARN  container.ContainerReportHandler (AbstractContainerReportHandler.java:updateContainerState(145)) - Container #1 is in OPEN state, but the datanode 346fa4f8-3ab8-43df-a502-3f4b9443122a{ip: 192.168.34.9, host: pr-hdds-1868-8w4sl-2612808232, networkLocation: /default-rack, certSerialId: null} reports an CLOSED replica.
2019-10-21 02:41:36,897 [EventQueue-ContainerReportForContainerReportHandler] WARN  container.ContainerReportHandler (AbstractContainerReportHandler.java:updateContainerState(145)) - Container #1 is in OPEN state, but the datanode 346fa4f8-3ab8-43df-a502-3f4b9443122a{ip: 192.168.34.9, host: pr-hdds-1868-8w4sl-2612808232, networkLocation: /default-rack, certSerialId: null} reports an CLOSED replica.
2019-10-21 02:41:36,922 [EventQueue-ContainerReportForContainerReportHandler] WARN  container.ContainerReportHandler (AbstractContainerReportHandler.java:updateContainerState(145)) - Container #1 is in OPEN state, but the datanode d56bd5cd-a10f-47cc-a049-69cbb5837008{ip: 192.168.34.9, host: pr-hdds-1868-8w4sl-2612808232, networkLocation: /default-rack, certSerialId: null} reports an CLOSED replica.
2019-10-21 02:41:37,122 [EventQueue-ContainerReportForContainerReportHandler] WARN  container.ContainerReportHandler (AbstractContainerReportHandler.java:updateContainerState(145)) - Container #1 is in OPEN state, but the datanode d56bd5cd-a10f-47cc-a049-69cbb5837008{ip: 192.168.34.9, host: pr-hdds-1868-8w4sl-2612808232, networkLocation: /default-rack, certSerialId: null} reports an CLOSED replica.
2019-10-21 02:41:37,147 [BlockDeletingService#2] WARN  background.BlockDeletingService (BlockDeletingService.java:isDeletionAllowed(187)) - Close Container log Index 6 is not replicated across allthe servers in the pipeline b247b7b0-bc56-4c4b-9e26-98acf608db4d as the min replicated index is 4. Deletion is not allowed in this container yet.
2019-10-21 02:41:37,147 [BlockDeletingService#2] WARN  background.BlockDeletingService (BlockDeletingService.java:isDeletionAllowed(187)) - Close Container log Index 6 is not replicated across allthe servers in the pipeline b247b7b0-bc56-4c4b-9e26-98acf608db4d as the min replicated index is 4. Deletion is not allowed in this container yet.
2019-10-21 02:41:37,297 [EventQueue-ContainerReportForContainerReportHandler] WARN  container.ContainerReportHandler (AbstractContainerReportHandler.java:updateContainerState(145)) - Container #1 is in OPEN state, but the datanode 346fa4f8-3ab8-43df-a502-3f4b9443122a{ip: 192.168.34.9, host: pr-hdds-1868-8w4sl-2612808232, networkLocation: /default-rack, certSerialId: null} reports an CLOSED replica.
2019-10-21 02:41:37,498 [EventQueue-ContainerReportForContainerReportHandler] WARN  container.ContainerReportHandler (AbstractContainerReportHandler.java:updateContainerState(145)) - Container #1 is in OPEN state, but the datanode 346fa4f8-3ab8-43df-a502-3f4b9443122a{ip: 192.168.34.9, host: pr-hdds-1868-8w4sl-2612808232, networkLocation: /default-rack, certSerialId: null} reports an CLOSED replica.
2019-10-21 02:41:37,522 [EventQueue-ContainerReportForContainerReportHandler] WARN  container.ContainerReportHandler (AbstractContainerReportHandler.java:updateContainerState(145)) - Container #1 is in OPEN state, but the datanode d56bd5cd-a10f-47cc-a049-69cbb5837008{ip: 192.168.34.9, host: pr-hdds-1868-8w4sl-2612808232, networkLocation: /default-rack, certSerialId: null} reports an CLOSED replica.
2019-10-21 02:41:37,697 [EventQueue-ContainerReportForContainerReportHandler] WARN  container.ContainerReportHandler (AbstractContainerReportHandler.java:updateContainerState(145)) - Container #1 is in OPEN state, but the datanode 346fa4f8-3ab8-43df-a502-3f4b9443122a{ip: 192.168.34.9, host: pr-hdds-1868-8w4sl-2612808232, networkLocation: /default-rack, certSerialId: null} reports an CLOSED replica.
2019-10-21 02:41:37,923 [EventQueue-ContainerReportForContainerReportHandler] WARN  container.ContainerReportHandler (AbstractContainerReportHandler.java:updateContainerState(145)) - Container #1 is in OPEN state, but the datanode d56bd5cd-a10f-47cc-a049-69cbb5837008{ip: 192.168.34.9, host: pr-hdds-1868-8w4sl-2612808232, networkLocation: /default-rack, certSerialId: null} reports an CLOSED replica.
2019-10-21 02:41:37,997 [EventQueue-ContainerReportForContainerReportHandler] WARN  container.ContainerReportHandler (AbstractContainerReportHandler.java:updateContainerState(145)) - Container #1 is in OPEN state, but the datanode 346fa4f8-3ab8-43df-a502-3f4b9443122a{ip: 192.168.34.9, host: pr-hdds-1868-8w4sl-2612808232, networkLocation: /default-rack, certSerialId: null} reports an CLOSED replica.
2019-10-21 02:41:38,149 [BlockDeletingService#2] WARN  background.BlockDeletingService (BlockDeletingService.java:isDeletionAllowed(187)) - Close Container log Index 6 is not replicated across allthe servers in the pipeline b247b7b0-bc56-4c4b-9e26-98acf608db4d as the min replicated index is 4. Deletion is not allowed in this container yet.
2019-10-21 02:41:38,149 [BlockDeletingService#2] WARN  background.BlockDeletingService (BlockDeletingService.java:isDeletionAllowed(187)) - Close Container log Index 6 is not replicated across allthe servers in the pipeline b247b7b0-bc56-4c4b-9e26-98acf608db4d as the min replicated index is 4. Deletion is not allowed in this container yet.
2019-10-21 02:41:38,223 [EventQueue-ContainerReportForContainerReportHandler] WARN  container.ContainerReportHandler (AbstractContainerReportHandler.java:updateContainerState(145)) - Container #1 is in OPEN state, but the datanode d56bd5cd-a10f-47cc-a049-69cbb5837008{ip: 192.168.34.9, host: pr-hdds-1868-8w4sl-2612808232, networkLocation: /default-rack, certSerialId: null} reports an CLOSED replica.
2019-10-21 02:41:38,297 [EventQueue-ContainerReportForContainerReportHandler] WARN  container.ContainerReportHandler (AbstractContainerReportHandler.java:updateContainerState(145)) - Container #1 is in OPEN state, but the datanode 346fa4f8-3ab8-43df-a502-3f4b9443122a{ip: 192.168.34.9, host: pr-hdds-1868-8w4sl-2612808232, networkLocation: /default-rack, certSerialId: null} reports an CLOSED replica.
2019-10-21 02:41:38,497 [EventQueue-ContainerReportForContainerReportHandler] WARN  container.ContainerReportHandler (AbstractContainerReportHandler.java:updateContainerState(145)) - Container #1 is in OPEN state, but the datanode 346fa4f8-3ab8-43df-a502-3f4b9443122a{ip: 192.168.34.9, host: pr-hdds-1868-8w4sl-2612808232, networkLocation: /default-rack, certSerialId: null} reports an CLOSED replica.
2019-10-21 02:41:38,499 [java.util.concurrent.ThreadPoolExecutor$Worker@411a2772[State = -1, empty queue]] WARN  server.GrpcLogAppender (GrpcLogAppender.java:timeoutAppendRequest(209)) - 346fa4f8-3ab8-43df-a502-3f4b9443122a@group-98ACF608DB4D->0299b781-7796-45ba-9036-f37ef6071f27-GrpcLogAppender: appendEntries Timeout, request=346fa4f8-3ab8-43df-a502-3f4b9443122a->0299b781-7796-45ba-9036-f37ef6071f27#48-t1, previous=(t:1, i:10), leaderCommit=10, initializing? false, entries: <empty>
2019-10-21 02:41:38,523 [EventQueue-ContainerReportForContainerReportHandler] WARN  container.ContainerReportHandler (AbstractContainerReportHandler.java:updateContainerState(145)) - Container #1 is in OPEN state, but the datanode d56bd5cd-a10f-47cc-a049-69cbb5837008{ip: 192.168.34.9, host: pr-hdds-1868-8w4sl-2612808232, networkLocation: /default-rack, certSerialId: null} reports an CLOSED replica.
2019-10-21 02:41:38,697 [EventQueue-ContainerReportForContainerReportHandler] WARN  container.ContainerReportHandler (AbstractContainerReportHandler.java:updateContainerState(145)) - Container #1 is in OPEN state, but the datanode 346fa4f8-3ab8-43df-a502-3f4b9443122a{ip: 192.168.34.9, host: pr-hdds-1868-8w4sl-2612808232, networkLocation: /default-rack, certSerialId: null} reports an CLOSED replica.
2019-10-21 02:41:38,725 [EventQueue-ContainerReportForContainerReportHandler] WARN  container.ContainerReportHandler (AbstractContainerReportHandler.java:updateContainerState(145)) - Container #1 is in OPEN state, but the datanode d56bd5cd-a10f-47cc-a049-69cbb5837008{ip: 192.168.34.9, host: pr-hdds-1868-8w4sl-2612808232, networkLocation: /default-rack, certSerialId: null} reports an CLOSED replica.
2019-10-21 02:41:38,897 [EventQueue-ContainerReportForContainerReportHandler] WARN  container.ContainerReportHandler (AbstractContainerReportHandler.java:updateContainerState(145)) - Container #1 is in OPEN state, but the datanode 346fa4f8-3ab8-43df-a502-3f4b9443122a{ip: 192.168.34.9, host: pr-hdds-1868-8w4sl-2612808232, networkLocation: /default-rack, certSerialId: null} reports an CLOSED replica.
2019-10-21 02:41:39,024 [EventQueue-ContainerReportForContainerReportHandler] WARN  container.ContainerReportHandler (AbstractContainerReportHandler.java:updateContainerState(145)) - Container #1 is in OPEN state, but the datanode d56bd5cd-a10f-47cc-a049-69cbb5837008{ip: 192.168.34.9, host: pr-hdds-1868-8w4sl-2612808232, networkLocation: /default-rack, certSerialId: null} reports an CLOSED replica.
2019-10-21 02:41:39,152 [BlockDeletingService#2] WARN  background.BlockDeletingService (BlockDeletingService.java:isDeletionAllowed(187)) - Close Container log Index 6 is not replicated across allthe servers in the pipeline b247b7b0-bc56-4c4b-9e26-98acf608db4d as the min replicated index is 4. Deletion is not allowed in this container yet.
2019-10-21 02:41:39,152 [BlockDeletingService#2] WARN  background.BlockDeletingService (BlockDeletingService.java:isDeletionAllowed(187)) - Close Container log Index 6 is not replicated across allthe servers in the pipeline b247b7b0-bc56-4c4b-9e26-98acf608db4d as the min replicated index is 4. Deletion is not allowed in this container yet.
2019-10-21 02:41:39,297 [EventQueue-ContainerReportForContainerReportHandler] WARN  container.ContainerReportHandler (AbstractContainerReportHandler.java:updateContainerState(145)) - Container #1 is in OPEN state, but the datanode 346fa4f8-3ab8-43df-a502-3f4b9443122a{ip: 192.168.34.9, host: pr-hdds-1868-8w4sl-2612808232, networkLocation: /default-rack, certSerialId: null} reports an CLOSED replica.
2019-10-21 02:41:39,424 [EventQueue-ContainerReportForContainerReportHandler] WARN  container.ContainerReportHandler (AbstractContainerReportHandler.java:updateContainerState(145)) - Container #1 is in OPEN state, but the datanode d56bd5cd-a10f-47cc-a049-69cbb5837008{ip: 192.168.34.9, host: pr-hdds-1868-8w4sl-2612808232, networkLocation: /default-rack, certSerialId: null} reports an CLOSED replica.
2019-10-21 02:41:39,597 [EventQueue-ContainerReportForContainerReportHandler] WARN  container.ContainerReportHandler (AbstractContainerReportHandler.java:updateContainerState(145)) - Container #1 is in OPEN state, but the datanode 346fa4f8-3ab8-43df-a502-3f4b9443122a{ip: 192.168.34.9, host: pr-hdds-1868-8w4sl-2612808232, networkLocation: /default-rack, certSerialId: null} reports an CLOSED replica.
2019-10-21 02:41:39,724 [EventQueue-ContainerReportForContainerReportHandler] WARN  container.ContainerReportHandler (AbstractContainerReportHandler.java:updateContainerState(145)) - Container #1 is in OPEN state, but the datanode d56bd5cd-a10f-47cc-a049-69cbb5837008{ip: 192.168.34.9, host: pr-hdds-1868-8w4sl-2612808232, networkLocation: /default-rack, certSerialId: null} reports an CLOSED replica.
2019-10-21 02:41:39,924 [EventQueue-ContainerReportForContainerReportHandler] WARN  container.ContainerReportHandler (AbstractContainerReportHandler.java:updateContainerState(145)) - Container #1 is in OPEN state, but the datanode d56bd5cd-a10f-47cc-a049-69cbb5837008{ip: 192.168.34.9, host: pr-hdds-1868-8w4sl-2612808232, networkLocation: /default-rack, certSerialId: null} reports an CLOSED replica.
2019-10-21 02:41:39,998 [EventQueue-ContainerReportForContainerReportHandler] WARN  container.ContainerReportHandler (AbstractContainerReportHandler.java:updateContainerState(145)) - Container #1 is in OPEN state, but the datanode 346fa4f8-3ab8-43df-a502-3f4b9443122a{ip: 192.168.34.9, host: pr-hdds-1868-8w4sl-2612808232, networkLocation: /default-rack, certSerialId: null} reports an CLOSED replica.
2019-10-21 02:41:40,155 [BlockDeletingService#2] WARN  background.BlockDeletingService (BlockDeletingService.java:isDeletionAllowed(187)) - Close Container log Index 6 is not replicated across allthe servers in the pipeline b247b7b0-bc56-4c4b-9e26-98acf608db4d as the min replicated index is 4. Deletion is not allowed in this container yet.
2019-10-21 02:41:40,155 [BlockDeletingService#2] WARN  background.BlockDeletingService (BlockDeletingService.java:isDeletionAllowed(187)) - Close Container log Index 6 is not replicated across allthe servers in the pipeline b247b7b0-bc56-4c4b-9e26-98acf608db4d as the min replicated index is 4. Deletion is not allowed in this container yet.
2019-10-21 02:41:40,226 [EventQueue-ContainerReportForContainerReportHandler] WARN  container.ContainerReportHandler (AbstractContainerReportHandler.java:updateContainerState(145)) - Container #1 is in OPEN state, but the datanode d56bd5cd-a10f-47cc-a049-69cbb5837008{ip: 192.168.34.9, host: pr-hdds-1868-8w4sl-2612808232, networkLocation: /default-rack, certSerialId: null} reports an CLOSED replica.
2019-10-21 02:41:40,297 [EventQueue-ContainerReportForContainerReportHandler] WARN  container.ContainerReportHandler (AbstractContainerReportHandler.java:updateContainerState(145)) - Container #1 is in OPEN state, but the datanode 346fa4f8-3ab8-43df-a502-3f4b9443122a{ip: 192.168.34.9, host: pr-hdds-1868-8w4sl-2612808232, networkLocation: /default-rack, certSerialId: null} reports an CLOSED replica.
2019-10-21 02:41:40,498 [EventQueue-ContainerReportForContainerReportHandler] WARN  container.ContainerReportHandler (AbstractContainerReportHandler.java:updateContainerState(145)) - Container #1 is in OPEN state, but the datanode 346fa4f8-3ab8-43df-a502-3f4b9443122a{ip: 192.168.34.9, host: pr-hdds-1868-8w4sl-2612808232, networkLocation: /default-rack, certSerialId: null} reports an CLOSED replica.
2019-10-21 02:41:40,626 [EventQueue-ContainerReportForContainerReportHandler] WARN  container.ContainerReportHandler (AbstractContainerReportHandler.java:updateContainerState(145)) - Container #1 is in OPEN state, but the datanode d56bd5cd-a10f-47cc-a049-69cbb5837008{ip: 192.168.34.9, host: pr-hdds-1868-8w4sl-2612808232, networkLocation: /default-rack, certSerialId: null} reports an CLOSED replica.
2019-10-21 02:41:40,797 [EventQueue-ContainerReportForContainerReportHandler] WARN  container.ContainerReportHandler (AbstractContainerReportHandler.java:updateContainerState(145)) - Container #1 is in OPEN state, but the datanode 346fa4f8-3ab8-43df-a502-3f4b9443122a{ip: 192.168.34.9, host: pr-hdds-1868-8w4sl-2612808232, networkLocation: /default-rack, certSerialId: null} reports an CLOSED replica.
2019-10-21 02:41:40,925 [EventQueue-ContainerReportForContainerReportHandler] WARN  container.ContainerReportHandler (AbstractContainerReportHandler.java:updateContainerState(145)) - Container #1 is in OPEN state, but the datanode d56bd5cd-a10f-47cc-a049-69cbb5837008{ip: 192.168.34.9, host: pr-hdds-1868-8w4sl-2612808232, networkLocation: /default-rack, certSerialId: null} reports an CLOSED replica.
2019-10-21 02:41:40,997 [EventQueue-ContainerReportForContainerReportHandler] WARN  container.ContainerReportHandler (AbstractContainerReportHandler.java:updateContainerState(145)) - Container #1 is in OPEN state, but the datanode 346fa4f8-3ab8-43df-a502-3f4b9443122a{ip: 192.168.34.9, host: pr-hdds-1868-8w4sl-2612808232, networkLocation: /default-rack, certSerialId: null} reports an CLOSED replica.
2019-10-21 02:41:41,001 [java.util.concurrent.ThreadPoolExecutor$Worker@411a2772[State = -1, empty queue]] WARN  server.GrpcLogAppender (GrpcLogAppender.java:timeoutAppendRequest(209)) - 346fa4f8-3ab8-43df-a502-3f4b9443122a@group-98ACF608DB4D->0299b781-7796-45ba-9036-f37ef6071f27-GrpcLogAppender: appendEntries Timeout, request=346fa4f8-3ab8-43df-a502-3f4b9443122a->0299b781-7796-45ba-9036-f37ef6071f27#49-t1, previous=(t:1, i:10), leaderCommit=10, initializing? false, entries: <empty>
2019-10-21 02:41:41,157 [BlockDeletingService#2] WARN  background.BlockDeletingService (BlockDeletingService.java:isDeletionAllowed(187)) - Close Container log Index 6 is not replicated across allthe servers in the pipeline b247b7b0-bc56-4c4b-9e26-98acf608db4d as the min replicated index is 4. Deletion is not allowed in this container yet.
2019-10-21 02:41:41,157 [BlockDeletingService#2] WARN  background.BlockDeletingService (BlockDeletingService.java:isDeletionAllowed(187)) - Close Container log Index 6 is not replicated across allthe servers in the pipeline b247b7b0-bc56-4c4b-9e26-98acf608db4d as the min replicated index is 4. Deletion is not allowed in this container yet.
2019-10-21 02:41:41,225 [EventQueue-ContainerReportForContainerReportHandler] WARN  container.ContainerReportHandler (AbstractContainerReportHandler.java:updateContainerState(145)) - Container #1 is in OPEN state, but the datanode d56bd5cd-a10f-47cc-a049-69cbb5837008{ip: 192.168.34.9, host: pr-hdds-1868-8w4sl-2612808232, networkLocation: /default-rack, certSerialId: null} reports an CLOSED replica.
2019-10-21 02:41:41,397 [EventQueue-ContainerReportForContainerReportHandler] WARN  container.ContainerReportHandler (AbstractContainerReportHandler.java:updateContainerState(145)) - Container #1 is in OPEN state, but the datanode 346fa4f8-3ab8-43df-a502-3f4b9443122a{ip: 192.168.34.9, host: pr-hdds-1868-8w4sl-2612808232, networkLocation: /default-rack, certSerialId: null} reports an CLOSED replica.
2019-10-21 02:41:41,625 [EventQueue-ContainerReportForContainerReportHandler] WARN  container.ContainerReportHandler (AbstractContainerReportHandler.java:updateContainerState(145)) - Container #1 is in OPEN state, but the datanode d56bd5cd-a10f-47cc-a049-69cbb5837008{ip: 192.168.34.9, host: pr-hdds-1868-8w4sl-2612808232, networkLocation: /default-rack, certSerialId: null} reports an CLOSED replica.
2019-10-21 02:41:41,697 [EventQueue-ContainerReportForContainerReportHandler] WARN  container.ContainerReportHandler (AbstractContainerReportHandler.java:updateContainerState(145)) - Container #1 is in OPEN state, but the datanode 346fa4f8-3ab8-43df-a502-3f4b9443122a{ip: 192.168.34.9, host: pr-hdds-1868-8w4sl-2612808232, networkLocation: /default-rack, certSerialId: null} reports an CLOSED replica.
2019-10-21 02:41:41,925 [EventQueue-ContainerReportForContainerReportHandler] WARN  container.ContainerReportHandler (AbstractContainerReportHandler.java:updateContainerState(145)) - Container #1 is in OPEN state, but the datanode d56bd5cd-a10f-47cc-a049-69cbb5837008{ip: 192.168.34.9, host: pr-hdds-1868-8w4sl-2612808232, networkLocation: /default-rack, certSerialId: null} reports an CLOSED replica.
2019-10-21 02:41:42,098 [EventQueue-ContainerReportForContainerReportHandler] WARN  container.ContainerReportHandler (AbstractContainerReportHandler.java:updateContainerState(145)) - Container #1 is in OPEN state, but the datanode 346fa4f8-3ab8-43df-a502-3f4b9443122a{ip: 192.168.34.9, host: pr-hdds-1868-8w4sl-2612808232, networkLocation: /default-rack, certSerialId: null} reports an CLOSED replica.
2019-10-21 02:41:42,125 [EventQueue-ContainerReportForContainerReportHandler] WARN  container.ContainerReportHandler (AbstractContainerReportHandler.java:updateContainerState(145)) - Container #1 is in OPEN state, but the datanode d56bd5cd-a10f-47cc-a049-69cbb5837008{ip: 192.168.34.9, host: pr-hdds-1868-8w4sl-2612808232, networkLocation: /default-rack, certSerialId: null} reports an CLOSED replica.
2019-10-21 02:41:42,158 [BlockDeletingService#2] WARN  background.BlockDeletingService (BlockDeletingService.java:isDeletionAllowed(187)) - Close Container log Index 6 is not replicated across allthe servers in the pipeline b247b7b0-bc56-4c4b-9e26-98acf608db4d as the min replicated index is 4. Deletion is not allowed in this container yet.
2019-10-21 02:41:42,158 [BlockDeletingService#2] WARN  background.BlockDeletingService (BlockDeletingService.java:isDeletionAllowed(187)) - Close Container log Index 6 is not replicated across allthe servers in the pipeline b247b7b0-bc56-4c4b-9e26-98acf608db4d as the min replicated index is 4. Deletion is not allowed in this container yet.
2019-10-21 02:41:42,239 [Thread-536] INFO  client.GrpcClientProtocolService (GrpcClientProtocolService.java:lambda$processClientRequest$0(279)) - Failed RaftClientRequest:client-A91BDCACAE43->d56bd5cd-a10f-47cc-a049-69cbb5837008@group-98ACF608DB4D, cid=22, seq=0, Watch-ALL_COMMITTED(6), Message:<EMPTY>, reply=RaftClientReply:client-A91BDCACAE43->d56bd5cd-a10f-47cc-a049-69cbb5837008@group-98ACF608DB4D, cid=22, FAILED org.apache.ratis.protocol.NotLeaderException: Server d56bd5cd-a10f-47cc-a049-69cbb5837008@group-98ACF608DB4D is not the leader 346fa4f8-3ab8-43df-a502-3f4b9443122a:192.168.34.9:34701, logIndex=0, commits[d56bd5cd-a10f-47cc-a049-69cbb5837008:c10, 346fa4f8-3ab8-43df-a502-3f4b9443122a:c10, 0299b781-7796-45ba-9036-f37ef6071f27:c4]
2019-10-21 02:41:42,299 [EventQueue-ContainerReportForContainerReportHandler] WARN  container.ContainerReportHandler (AbstractContainerReportHandler.java:updateContainerState(145)) - Container #1 is in OPEN state, but the datanode 346fa4f8-3ab8-43df-a502-3f4b9443122a{ip: 192.168.34.9, host: pr-hdds-1868-8w4sl-2612808232, networkLocation: /default-rack, certSerialId: null} reports an CLOSED replica.
2019-10-21 02:41:42,526 [EventQueue-ContainerReportForContainerReportHandler] WARN  container.ContainerReportHandler (AbstractContainerReportHandler.java:updateContainerState(145)) - Container #1 is in OPEN state, but the datanode d56bd5cd-a10f-47cc-a049-69cbb5837008{ip: 192.168.34.9, host: pr-hdds-1868-8w4sl-2612808232, networkLocation: /default-rack, certSerialId: null} reports an CLOSED replica.
2019-10-21 02:41:42,600 [EventQueue-ContainerReportForContainerReportHandler] WARN  container.ContainerReportHandler (AbstractContainerReportHandler.java:updateContainerState(145)) - Container #1 is in OPEN state, but the datanode 346fa4f8-3ab8-43df-a502-3f4b9443122a{ip: 192.168.34.9, host: pr-hdds-1868-8w4sl-2612808232, networkLocation: /default-rack, certSerialId: null} reports an CLOSED replica.
2019-10-21 02:41:42,621 [EventQueue-StaleNodeForStaleNodeHandler] INFO  node.StaleNodeHandler (StaleNodeHandler.java:onMessage(58)) - Datanode 0299b781-7796-45ba-9036-f37ef6071f27{ip: 192.168.34.9, host: pr-hdds-1868-8w4sl-2612808232, networkLocation: /default-rack, certSerialId: null} moved to stale state. Finalizing its pipelines [PipelineID=b247b7b0-bc56-4c4b-9e26-98acf608db4d, PipelineID=b31aeaf8-2ff9-438d-af37-07c0fc85186c]
2019-10-21 02:41:42,623 [EventQueue-StaleNodeForStaleNodeHandler] INFO  pipeline.SCMPipelineManager (SCMPipelineManager.java:finalizeAndDestroyPipeline(348)) - destroying pipeline:Pipeline[ Id: b247b7b0-bc56-4c4b-9e26-98acf608db4d, Nodes: 346fa4f8-3ab8-43df-a502-3f4b9443122a{ip: 192.168.34.9, host: pr-hdds-1868-8w4sl-2612808232, networkLocation: /default-rack, certSerialId: null}d56bd5cd-a10f-47cc-a049-69cbb5837008{ip: 192.168.34.9, host: pr-hdds-1868-8w4sl-2612808232, networkLocation: /default-rack, certSerialId: null}0299b781-7796-45ba-9036-f37ef6071f27{ip: 192.168.34.9, host: pr-hdds-1868-8w4sl-2612808232, networkLocation: /default-rack, certSerialId: null}, Type:RATIS, Factor:THREE, State:OPEN]
2019-10-21 02:41:42,623 [EventQueue-StaleNodeForStaleNodeHandler] INFO  pipeline.PipelineStateManager (PipelineStateManager.java:finalizePipeline(121)) - Pipeline Pipeline[ Id: b247b7b0-bc56-4c4b-9e26-98acf608db4d, Nodes: 346fa4f8-3ab8-43df-a502-3f4b9443122a{ip: 192.168.34.9, host: pr-hdds-1868-8w4sl-2612808232, networkLocation: /default-rack, certSerialId: null}d56bd5cd-a10f-47cc-a049-69cbb5837008{ip: 192.168.34.9, host: pr-hdds-1868-8w4sl-2612808232, networkLocation: /default-rack, certSerialId: null}0299b781-7796-45ba-9036-f37ef6071f27{ip: 192.168.34.9, host: pr-hdds-1868-8w4sl-2612808232, networkLocation: /default-rack, certSerialId: null}, Type:RATIS, Factor:THREE, State:CLOSED] moved to CLOSED state
2019-10-21 02:41:42,624 [EventQueue-CloseContainerForCloseContainerEventHandler] INFO  container.CloseContainerEventHandler (CloseContainerEventHandler.java:onMessage(61)) - Close container Event triggered for container : #1
2019-10-21 02:41:42,628 [EventQueue-StaleNodeForStaleNodeHandler] INFO  pipeline.SCMPipelineManager (SCMPipelineManager.java:finalizeAndDestroyPipeline(348)) - destroying pipeline:Pipeline[ Id: b31aeaf8-2ff9-438d-af37-07c0fc85186c, Nodes: 0299b781-7796-45ba-9036-f37ef6071f27{ip: 192.168.34.9, host: pr-hdds-1868-8w4sl-2612808232, networkLocation: /default-rack, certSerialId: null}, Type:RATIS, Factor:ONE, State:OPEN]
2019-10-21 02:41:42,631 [EventQueue-StaleNodeForStaleNodeHandler] INFO  pipeline.PipelineStateManager (PipelineStateManager.java:finalizePipeline(121)) - Pipeline Pipeline[ Id: b31aeaf8-2ff9-438d-af37-07c0fc85186c, Nodes: 0299b781-7796-45ba-9036-f37ef6071f27{ip: 192.168.34.9, host: pr-hdds-1868-8w4sl-2612808232, networkLocation: /default-rack, certSerialId: null}, Type:RATIS, Factor:ONE, State:CLOSED] moved to CLOSED state
2019-10-21 02:41:42,755 [Thread-542] INFO  client.GrpcClientProtocolService (GrpcClientProtocolService.java:lambda$processClientRequest$0(279)) - Failed RaftClientRequest:client-A91BDCACAE43->346fa4f8-3ab8-43df-a502-3f4b9443122a@group-98ACF608DB4D, cid=22, seq=0, Watch-ALL_COMMITTED(6), Message:<EMPTY>, reply=RaftClientReply:client-A91BDCACAE43->346fa4f8-3ab8-43df-a502-3f4b9443122a@group-98ACF608DB4D, cid=22, FAILED org.apache.ratis.protocol.NotReplicatedException: Request with call Id 22 and log index 6 is not yet replicated to ALL_COMMITTED, logIndex=6, commits[346fa4f8-3ab8-43df-a502-3f4b9443122a:c10, d56bd5cd-a10f-47cc-a049-69cbb5837008:c10, 0299b781-7796-45ba-9036-f37ef6071f27:c4]
2019-10-21 02:41:42,826 [EventQueue-ContainerReportForContainerReportHandler] INFO  container.ContainerReportHandler (AbstractContainerReportHandler.java:updateContainerState(178)) - Moving container #1 to CLOSED state, datanode d56bd5cd-a10f-47cc-a049-69cbb5837008{ip: 192.168.34.9, host: pr-hdds-1868-8w4sl-2612808232, networkLocation: /default-rack, certSerialId: null} reported CLOSED replica.
2019-10-21 02:41:43,160 [BlockDeletingService#2] WARN  background.BlockDeletingService (BlockDeletingService.java:isDeletionAllowed(187)) - Close Container log Index 6 is not replicated across allthe servers in the pipeline b247b7b0-bc56-4c4b-9e26-98acf608db4d as the min replicated index is 4. Deletion is not allowed in this container yet.
2019-10-21 02:41:43,161 [BlockDeletingService#2] WARN  background.BlockDeletingService (BlockDeletingService.java:isDeletionAllowed(187)) - Close Container log Index 6 is not replicated across allthe servers in the pipeline b247b7b0-bc56-4c4b-9e26-98acf608db4d as the min replicated index is 4. Deletion is not allowed in this container yet.
2019-10-21 02:41:43,504 [java.util.concurrent.ThreadPoolExecutor$Worker@411a2772[State = -1, empty queue]] WARN  server.GrpcLogAppender (GrpcLogAppender.java:timeoutAppendRequest(209)) - 346fa4f8-3ab8-43df-a502-3f4b9443122a@group-98ACF608DB4D->0299b781-7796-45ba-9036-f37ef6071f27-GrpcLogAppender: appendEntries Timeout, request=346fa4f8-3ab8-43df-a502-3f4b9443122a->0299b781-7796-45ba-9036-f37ef6071f27#50-t1, previous=(t:1, i:10), leaderCommit=10, initializing? false, entries: <empty>
2019-10-21 02:41:43,640 [SCMBlockDeletingService#0] INFO  block.SCMBlockDeletingService (SCMBlockDeletingService.java:call(184)) - Totally added 3 delete blocks command for 3 datanodes, task elapsed time: 4ms
2019-10-21 02:41:43,930 [EventQueue-PendingDeleteStatusForPendingDeleteHandler] INFO  block.SCMBlockDeletingService (SCMBlockDeletingService.java:handlePendingDeletes(115)) - Block deletion txnID mismatch in datanode d56bd5cd-a10f-47cc-a049-69cbb5837008 for containerID 1. Datanode delete txnID: 0, SCM txnID: 1
2019-10-21 02:41:44,003 [EventQueue-PendingDeleteStatusForPendingDeleteHandler] INFO  block.SCMBlockDeletingService (SCMBlockDeletingService.java:handlePendingDeletes(115)) - Block deletion txnID mismatch in datanode 346fa4f8-3ab8-43df-a502-3f4b9443122a for containerID 1. Datanode delete txnID: 0, SCM txnID: 1
2019-10-21 02:41:44,163 [BlockDeletingService#2] WARN  background.BlockDeletingService (BlockDeletingService.java:isDeletionAllowed(187)) - Close Container log Index 6 is not replicated across allthe servers in the pipeline b247b7b0-bc56-4c4b-9e26-98acf608db4d as the min replicated index is 4. Deletion is not allowed in this container yet.
2019-10-21 02:41:44,163 [BlockDeletingService#2] WARN  background.BlockDeletingService (BlockDeletingService.java:isDeletionAllowed(187)) - Close Container log Index 6 is not replicated across allthe servers in the pipeline b247b7b0-bc56-4c4b-9e26-98acf608db4d as the min replicated index is 4. Deletion is not allowed in this container yet.
2019-10-21 02:41:44,203 [EventQueue-PendingDeleteStatusForPendingDeleteHandler] INFO  block.SCMBlockDeletingService (SCMBlockDeletingService.java:handlePendingDeletes(115)) - Block deletion txnID mismatch in datanode 346fa4f8-3ab8-43df-a502-3f4b9443122a for containerID 1. Datanode delete txnID: 0, SCM txnID: 1
2019-10-21 02:41:44,229 [EventQueue-PendingDeleteStatusForPendingDeleteHandler] INFO  block.SCMBlockDeletingService (SCMBlockDeletingService.java:handlePendingDeletes(115)) - Block deletion txnID mismatch in datanode d56bd5cd-a10f-47cc-a049-69cbb5837008 for containerID 1. Datanode delete txnID: 0, SCM txnID: 1
2019-10-21 02:41:44,229 [Command processor thread] INFO  commandhandler.DeleteBlocksCommandHandler (DeleteBlocksCommandHandler.java:handle(106)) - Start to delete container blocks, TXIDs=[1(0)], numOfContainers=1, numOfBlocks=1
2019-10-21 02:41:44,300 [Command processor thread] INFO  commandhandler.DeleteBlocksCommandHandler (DeleteBlocksCommandHandler.java:handle(106)) - Start to delete container blocks, TXIDs=[1(0)], numOfContainers=1, numOfBlocks=1
2019-10-21 02:41:44,576 [main] INFO  impl.MetricsSystemImpl (MetricsSystemImpl.java:init(158)) - HddsDatanode metrics system started (again)
2019-10-21 02:41:44,626 [main] INFO  ozone.HddsDatanodeService (HddsDatanodeService.java:start(184)) - HddsDatanodeService host:pr-hdds-1868-8w4sl-2612808232 ip:192.168.34.9
2019-10-21 02:41:44,630 [main] INFO  volume.VolumeUsage (VolumeUsage.java:loadScmUsed(144)) - Cached ScmUsed found for /workdir/hadoop-ozone/integration-test/target/test-dir/MiniOzoneClusterImpl-0fab9602-85f6-488d-9219-5a9ff83e13af/datanode-2/data/containers : 4096 
2019-10-21 02:41:44,630 [main] INFO  volume.HddsVolume (HddsVolume.java:<init>(176)) - Creating Volume: /workdir/hadoop-ozone/integration-test/target/test-dir/MiniOzoneClusterImpl-0fab9602-85f6-488d-9219-5a9ff83e13af/datanode-2/data/containers/hdds of  storage type : DISK and capacity : 1482555576320
2019-10-21 02:41:44,631 [main] INFO  volume.VolumeSet (VolumeSet.java:initializeVolumeSet(170)) - Added Volume : /workdir/hadoop-ozone/integration-test/target/test-dir/MiniOzoneClusterImpl-0fab9602-85f6-488d-9219-5a9ff83e13af/datanode-2/data/containers/hdds to VolumeSet
2019-10-21 02:41:44,631 [main] INFO  volume.ThrottledAsyncChecker (ThrottledAsyncChecker.java:schedule(141)) - Scheduling a check for /workdir/hadoop-ozone/integration-test/target/test-dir/MiniOzoneClusterImpl-0fab9602-85f6-488d-9219-5a9ff83e13af/datanode-2/data/containers/hdds
2019-10-21 02:41:44,632 [main] INFO  volume.HddsVolumeChecker (HddsVolumeChecker.java:checkAllVolumes(204)) - Scheduled health check for volume /workdir/hadoop-ozone/integration-test/target/test-dir/MiniOzoneClusterImpl-0fab9602-85f6-488d-9219-5a9ff83e13af/datanode-2/data/containers/hdds
2019-10-21 02:41:44,641 [SCMBlockDeletingService#1] INFO  block.SCMBlockDeletingService (SCMBlockDeletingService.java:call(184)) - Totally added 1 delete blocks command for 1 datanodes, task elapsed time: 0ms
2019-10-21 02:41:44,642 [pool-7-thread-1] INFO  commands.RetriableDatanodeEventWatcher (RetriableDatanodeEventWatcher.java:onTimeout(47)) - RetriableDatanodeCommand type=deleteBlocksCommand with id=1571625703640 timed out. Retrying.
2019-10-21 02:41:44,677 [main] INFO  impl.RaftServerProxy (ConfUtils.java:logGet(43)) - raft.rpc.type = GRPC (default)
2019-10-21 02:41:44,677 [main] INFO  grpc.GrpcFactory (GrpcFactory.java:checkPooledByteBufAllocatorUseCacheForAllThreads(45)) - PERFORMANCE WARNING: useCacheForAllThreads is true that may cause Netty to create a lot garbage objects and, as a result, trigger GC.
	It is recommended to disable useCacheForAllThreads by setting -Dorg.apache.ratis.thirdparty.io.netty.allocator.useCacheForAllThreads=false in command line.
2019-10-21 02:41:44,677 [main] INFO  grpc.GrpcConfigKeys$Server (ConfUtils.java:logGet(43)) - raft.grpc.server.port = 33798 (custom)
2019-10-21 02:41:44,679 [main] INFO  server.GrpcService (ConfUtils.java:logGet(43)) - raft.grpc.message.size.max = 33570816 (custom)
2019-10-21 02:41:44,679 [main] INFO  server.RaftServerConfigKeys (ConfUtils.java:logGet(43)) - raft.server.log.appender.buffer.byte-limit = 33554432 (custom)
2019-10-21 02:41:44,679 [main] INFO  server.GrpcService (ConfUtils.java:logGet(43)) - raft.grpc.flow.control.window = 1MB (=1048576) (default)
2019-10-21 02:41:44,679 [main] INFO  server.RaftServerConfigKeys (ConfUtils.java:logGet(43)) - raft.server.rpc.request.timeout = 3000ms (default)
2019-10-21 02:41:44,680 [main] INFO  server.RaftServerConfigKeys (ConfUtils.java:logGet(43)) - raft.server.storage.dir = [/workdir/hadoop-ozone/integration-test/target/test-dir/MiniOzoneClusterImpl-0fab9602-85f6-488d-9219-5a9ff83e13af/datanode-2/data/ratis] (custom)
2019-10-21 02:41:44,681 [main] INFO  impl.RaftServerProxy (RaftServerProxy.java:lambda$null$0(191)) - 0299b781-7796-45ba-9036-f37ef6071f27: found a subdirectory /workdir/hadoop-ozone/integration-test/target/test-dir/MiniOzoneClusterImpl-0fab9602-85f6-488d-9219-5a9ff83e13af/datanode-2/data/ratis/b247b7b0-bc56-4c4b-9e26-98acf608db4d
2019-10-21 02:41:44,682 [main] INFO  impl.RaftServerProxy (RaftServerProxy.java:addNew(89)) - 0299b781-7796-45ba-9036-f37ef6071f27: addNew group-98ACF608DB4D:[] returns group-98ACF608DB4D:java.util.concurrent.CompletableFuture@6abdec0e[Not completed]
2019-10-21 02:41:44,682 [main] INFO  impl.RaftServerProxy (RaftServerProxy.java:lambda$null$0(191)) - 0299b781-7796-45ba-9036-f37ef6071f27: found a subdirectory /workdir/hadoop-ozone/integration-test/target/test-dir/MiniOzoneClusterImpl-0fab9602-85f6-488d-9219-5a9ff83e13af/datanode-2/data/ratis/b31aeaf8-2ff9-438d-af37-07c0fc85186c
2019-10-21 02:41:44,682 [main] INFO  impl.RaftServerProxy (RaftServerProxy.java:addNew(89)) - 0299b781-7796-45ba-9036-f37ef6071f27: addNew group-07C0FC85186C:[] returns group-07C0FC85186C:java.util.concurrent.CompletableFuture@28f4f300[Not completed]
2019-10-21 02:41:44,685 [pool-59-thread-1] INFO  impl.RaftServerImpl (RaftServerImpl.java:<init>(98)) - 0299b781-7796-45ba-9036-f37ef6071f27: new RaftServerImpl for group-98ACF608DB4D:[] with ContainerStateMachine:uninitialized
2019-10-21 02:41:44,689 [pool-59-thread-1] INFO  server.RaftServerConfigKeys (ConfUtils.java:logGet(43)) - raft.server.rpc.timeout.min = 5s (custom)
2019-10-21 02:41:44,689 [main] INFO  hdfs.DFSUtil (DFSUtil.java:httpServerTemplateForNNAndJN(1641)) - Starting Web-server for hddsDatanode at: http://0.0.0.0:44976
2019-10-21 02:41:44,689 [pool-59-thread-1] INFO  server.RaftServerConfigKeys (ConfUtils.java:logGet(43)) - raft.server.rpc.timeout.max = 5200ms (custom)
2019-10-21 02:41:44,689 [pool-59-thread-1] INFO  server.RaftServerConfigKeys (ConfUtils.java:logGet(43)) - raft.server.rpcslowness.timeout = 1000s (custom)
2019-10-21 02:41:44,689 [pool-59-thread-1] INFO  server.RaftServerConfigKeys (ConfUtils.java:logGet(43)) - raft.server.sleep.deviation.threshold = 300 (default)
2019-10-21 02:41:44,689 [pool-59-thread-1] INFO  server.RaftServerConfigKeys (ConfUtils.java:logGet(43)) - raft.server.log.appender.install.snapshot.enabled = false (custom)
2019-10-21 02:41:44,689 [pool-59-thread-1] INFO  impl.RaftServerImpl (ServerState.java:<init>(103)) - 0299b781-7796-45ba-9036-f37ef6071f27@group-98ACF608DB4D: ConfigurationManager, init=-1: [], old=null, confs=<EMPTY_MAP>
2019-10-21 02:41:44,690 [pool-59-thread-1] INFO  server.RaftServerConfigKeys (ConfUtils.java:logGet(43)) - raft.server.storage.dir = [/workdir/hadoop-ozone/integration-test/target/test-dir/MiniOzoneClusterImpl-0fab9602-85f6-488d-9219-5a9ff83e13af/datanode-2/data/ratis] (custom)
2019-10-21 02:41:44,690 [pool-59-thread-1] INFO  server.RaftServerConfigKeys (ConfUtils.java:logGet(43)) - raft.server.log.corruption.policy = EXCEPTION (default)
2019-10-21 02:41:44,691 [main] INFO  server.AuthenticationFilter (AuthenticationFilter.java:constructSecretProvider(240)) - Unable to initialize FileSignerSecretProvider, falling back to use random secrets.
2019-10-21 02:41:44,691 [main] WARN  http.HttpRequestLog (HttpRequestLog.java:getRequestLog(97)) - Jetty request log can only be enabled using Log4j
2019-10-21 02:41:44,693 [main] INFO  http.HttpServer2 (HttpServer2.java:addGlobalFilter(975)) - Added global filter 'safety' (class=org.apache.hadoop.http.HttpServer2$QuotingInputFilter)
2019-10-21 02:41:44,694 [main] INFO  http.HttpServer2 (HttpServer2.java:addFilter(948)) - Added filter static_user_filter (class=org.apache.hadoop.http.lib.StaticUserWebFilter$StaticUserFilter) to context hddsDatanode
2019-10-21 02:41:44,694 [main] INFO  http.HttpServer2 (HttpServer2.java:addFilter(958)) - Added filter static_user_filter (class=org.apache.hadoop.http.lib.StaticUserWebFilter$StaticUserFilter) to context logs
2019-10-21 02:41:44,694 [main] INFO  http.HttpServer2 (HttpServer2.java:addFilter(958)) - Added filter static_user_filter (class=org.apache.hadoop.http.lib.StaticUserWebFilter$StaticUserFilter) to context static
2019-10-21 02:41:44,695 [main] INFO  http.HttpServer2 (HttpServer2.java:bindListener(1191)) - Jetty bound to port 44976
2019-10-21 02:41:44,695 [main] INFO  server.Server (Server.java:doStart(351)) - jetty-9.3.25.v20180904, build timestamp: 2018-09-04T21:11:46Z, git hash: 3ce520221d0240229c862b122d2b06c12a625732
2019-10-21 02:41:44,697 [main] INFO  handler.ContextHandler (ContextHandler.java:doStart(781)) - Started o.e.j.s.ServletContextHandler@41ad373{/logs,file:///workdir/hadoop-ozone/integration-test/target/log,AVAILABLE}
2019-10-21 02:41:44,698 [main] INFO  handler.ContextHandler (ContextHandler.java:doStart(781)) - Started o.e.j.s.ServletContextHandler@177c41d7{/static,jar:file:/home/user/.m2/repository/org/apache/hadoop/hadoop-hdds-container-service/0.5.0-SNAPSHOT/hadoop-hdds-container-service-0.5.0-SNAPSHOT.jar!/webapps/static,AVAILABLE}
2019-10-21 02:41:44,713 [pool-59-thread-1] INFO  storage.RaftStorageDirectory (RaftStorageDirectory.java:tryLock(328)) - Lock on /workdir/hadoop-ozone/integration-test/target/test-dir/MiniOzoneClusterImpl-0fab9602-85f6-488d-9219-5a9ff83e13af/datanode-2/data/ratis/b247b7b0-bc56-4c4b-9e26-98acf608db4d/in_use.lock acquired by nodename 2549@pr-hdds-1868-8w4sl-2612808232
2019-10-21 02:41:44,717 [pool-59-thread-1] INFO  ratis.ContainerStateMachine (ContainerStateMachine.java:loadSnapshot(242)) - group-98ACF608DB4D: Setting the last applied index to (t:1, i:3)
2019-10-21 02:41:44,724 [pool-59-thread-1] INFO  impl.RaftServerImpl (ServerState.java:setRaftConf(356)) - 0299b781-7796-45ba-9036-f37ef6071f27@group-98ACF608DB4D: set configuration 0: [d56bd5cd-a10f-47cc-a049-69cbb5837008:192.168.34.9:41391, 346fa4f8-3ab8-43df-a502-3f4b9443122a:192.168.34.9:34701, 0299b781-7796-45ba-9036-f37ef6071f27:192.168.34.9:33798], old=null at 0
2019-10-21 02:41:44,725 [pool-59-thread-1] INFO  server.RaftServerConfigKeys (ConfUtils.java:logGet(43)) - raft.server.notification.no-leader.timeout = 1000s (custom)
2019-10-21 02:41:44,725 [pool-59-thread-1] INFO  server.RaftServerConfigKeys (ConfUtils.java:logGet(43)) - raft.server.log.use.memory = false (default)
2019-10-21 02:41:44,725 [pool-59-thread-1] INFO  server.RaftServerConfigKeys (ConfUtils.java:logGet(43)) - raft.server.log.purge.gap = 1000000 (custom)
2019-10-21 02:41:44,725 [pool-59-thread-1] INFO  server.RaftServerConfigKeys (ConfUtils.java:logGet(43)) - raft.server.log.appender.buffer.byte-limit = 33554432 (custom)
2019-10-21 02:41:44,725 [pool-59-thread-1] INFO  server.RaftServerConfigKeys (ConfUtils.java:logGet(43)) - raft.server.log.segment.size.max = 1048576 (custom)
2019-10-21 02:41:44,726 [pool-59-thread-1] INFO  server.RaftServerConfigKeys (ConfUtils.java:logGet(43)) - raft.server.log.segment.cache.num.max = 2 (custom)
2019-10-21 02:41:44,726 [pool-59-thread-1] INFO  segmented.SegmentedRaftLogWorker (SegmentedRaftLogWorker.java:<init>(173)) - new 0299b781-7796-45ba-9036-f37ef6071f27@group-98ACF608DB4D-SegmentedRaftLogWorker for RaftStorage:Storage Directory /workdir/hadoop-ozone/integration-test/target/test-dir/MiniOzoneClusterImpl-0fab9602-85f6-488d-9219-5a9ff83e13af/datanode-2/data/ratis/b247b7b0-bc56-4c4b-9e26-98acf608db4d
2019-10-21 02:41:44,726 [pool-59-thread-1] INFO  server.RaftServerConfigKeys (ConfUtils.java:logGet(43)) - raft.server.log.queue.byte-limit = 2147483647 (custom)
2019-10-21 02:41:44,726 [pool-59-thread-1] INFO  server.RaftServerConfigKeys (ConfUtils.java:logGet(43)) - raft.server.log.queue.element-limit = 1024 (custom)
2019-10-21 02:41:44,726 [pool-59-thread-1] INFO  server.RaftServerConfigKeys (ConfUtils.java:logGet(43)) - raft.server.log.segment.size.max = 1048576 (custom)
2019-10-21 02:41:44,727 [pool-59-thread-1] INFO  server.RaftServerConfigKeys (ConfUtils.java:logGet(43)) - raft.server.log.preallocated.size = 16384 (custom)
2019-10-21 02:41:44,727 [pool-59-thread-1] INFO  server.RaftServerConfigKeys (ConfUtils.java:logGet(43)) - raft.server.log.write.buffer.size = 33554432 (custom)
2019-10-21 02:41:44,727 [pool-59-thread-1] INFO  server.RaftServerConfigKeys (ConfUtils.java:logGet(43)) - raft.server.log.force.sync.num = 128 (default)
2019-10-21 02:41:44,727 [pool-59-thread-1] INFO  server.RaftServerConfigKeys (ConfUtils.java:logGet(43)) - raft.server.log.statemachine.data.sync = true (default)
2019-10-21 02:41:44,727 [pool-59-thread-1] INFO  server.RaftServerConfigKeys (ConfUtils.java:logGet(43)) - raft.server.log.statemachine.data.sync.timeout = 10s (default)
2019-10-21 02:41:44,727 [pool-59-thread-1] INFO  server.RaftServerConfigKeys (ConfUtils.java:logGet(43)) - raft.server.log.statemachine.data.sync.timeout.retry = -1 (default)
2019-10-21 02:41:44,728 [pool-59-thread-1] INFO  server.RaftServerConfigKeys (ConfUtils.java:logGet(43)) - raft.server.log.statemachine.data.caching.enabled = true (custom)
2019-10-21 02:41:44,730 [main] INFO  handler.ContextHandler (ContextHandler.java:doStart(781)) - Started o.e.j.w.WebAppContext@3481ff98{/,file:///tmp/jetty-0.0.0.0-44976-hddsDatanode-_-any-5317348507266686415.dir/webapp/,AVAILABLE}{/hddsDatanode}
2019-10-21 02:41:44,730 [main] INFO  server.AbstractConnector (AbstractConnector.java:doStart(278)) - Started ServerConnector@2ddb3ae8{HTTP/1.1,[http/1.1]}{0.0.0.0:44976}
2019-10-21 02:41:44,732 [main] INFO  server.Server (Server.java:doStart(419)) - Started @122509ms
2019-10-21 02:41:44,732 [main] WARN  impl.MetricsSystemImpl (MetricsSystemImpl.java:register(276)) - Sink prometheus already exists!
2019-10-21 02:41:44,733 [main] INFO  server.BaseHttpServer (BaseHttpServer.java:updateConnectorAddress(215)) - HTTP server of HDDSDATANODE is listening at http://0.0.0.0:44976
2019-10-21 02:41:44,735 [org.apache.hadoop.util.JvmPauseMonitor$Monitor@385d394b] INFO  util.JvmPauseMonitor (JvmPauseMonitor.java:run(188)) - Starting JVM pause monitor
2019-10-21 02:41:44,737 [pool-59-thread-1] INFO  impl.RaftServerImpl (ServerState.java:setRaftConf(356)) - 0299b781-7796-45ba-9036-f37ef6071f27@group-98ACF608DB4D: set configuration 0: [d56bd5cd-a10f-47cc-a049-69cbb5837008:192.168.34.9:41391, 346fa4f8-3ab8-43df-a502-3f4b9443122a:192.168.34.9:34701, 0299b781-7796-45ba-9036-f37ef6071f27:192.168.34.9:33798], old=null at 0
2019-10-21 02:41:44,738 [pool-59-thread-1] INFO  segmented.LogSegment (LogSegment.java:loadSegment(140)) - Successfully read 5 entries from segment file /workdir/hadoop-ozone/integration-test/target/test-dir/MiniOzoneClusterImpl-0fab9602-85f6-488d-9219-5a9ff83e13af/datanode-2/data/ratis/b247b7b0-bc56-4c4b-9e26-98acf608db4d/current/log_inprogress_0
2019-10-21 02:41:44,738 [pool-59-thread-1] INFO  segmented.SegmentedRaftLogWorker (SegmentedRaftLogWorker.java:lambda$new$0(128)) - 0299b781-7796-45ba-9036-f37ef6071f27@group-98ACF608DB4D-SegmentedRaftLogWorker: flushIndex: setUnconditionally 0 -> 4
2019-10-21 02:41:44,767 [pool-59-thread-1] INFO  raftlog.RaftLog (RaftLog.java:lambda$new$0(61)) - 0299b781-7796-45ba-9036-f37ef6071f27@group-98ACF608DB4D-SegmentedRaftLog: commitIndex: updateToMax old=3, new=3, updated? false
2019-10-21 02:41:44,768 [pool-59-thread-1] INFO  server.RaftServerConfigKeys (ConfUtils.java:logGet(43)) - raft.server.snapshot.auto.trigger.enabled = true (custom)
2019-10-21 02:41:44,768 [pool-59-thread-1] INFO  server.RaftServerConfigKeys (ConfUtils.java:logGet(43)) - raft.server.snapshot.auto.trigger.threshold = 10000 (custom)
2019-10-21 02:41:44,768 [pool-59-thread-1] INFO  server.RaftServerConfigKeys (ConfUtils.java:logGet(43)) - raft.server.snapshot.retention.file.num = 5 (custom)
2019-10-21 02:41:44,768 [pool-59-thread-1] INFO  server.RaftServerConfigKeys (ConfUtils.java:logGet(43)) - raft.server.retrycache.expirytime = 600000ms (custom)
2019-10-21 02:41:44,770 [pool-59-thread-1] INFO  impl.RaftServerImpl (RaftServerImpl.java:<init>(98)) - 0299b781-7796-45ba-9036-f37ef6071f27: new RaftServerImpl for group-07C0FC85186C:[] with ContainerStateMachine:uninitialized
2019-10-21 02:41:44,770 [pool-59-thread-1] INFO  server.RaftServerConfigKeys (ConfUtils.java:logGet(43)) - raft.server.rpc.timeout.min = 5s (custom)
2019-10-21 02:41:44,770 [pool-59-thread-1] INFO  server.RaftServerConfigKeys (ConfUtils.java:logGet(43)) - raft.server.rpc.timeout.max = 5200ms (custom)
2019-10-21 02:41:44,771 [pool-59-thread-1] INFO  server.RaftServerConfigKeys (ConfUtils.java:logGet(43)) - raft.server.rpcslowness.timeout = 1000s (custom)
2019-10-21 02:41:44,771 [pool-59-thread-1] INFO  server.RaftServerConfigKeys (ConfUtils.java:logGet(43)) - raft.server.sleep.deviation.threshold = 300 (default)
2019-10-21 02:41:44,771 [pool-59-thread-1] INFO  server.RaftServerConfigKeys (ConfUtils.java:logGet(43)) - raft.server.log.appender.install.snapshot.enabled = false (custom)
2019-10-21 02:41:44,771 [pool-59-thread-1] INFO  impl.RaftServerImpl (ServerState.java:<init>(103)) - 0299b781-7796-45ba-9036-f37ef6071f27@group-07C0FC85186C: ConfigurationManager, init=-1: [], old=null, confs=<EMPTY_MAP>
2019-10-21 02:41:44,771 [pool-59-thread-1] INFO  server.RaftServerConfigKeys (ConfUtils.java:logGet(43)) - raft.server.storage.dir = [/workdir/hadoop-ozone/integration-test/target/test-dir/MiniOzoneClusterImpl-0fab9602-85f6-488d-9219-5a9ff83e13af/datanode-2/data/ratis] (custom)
2019-10-21 02:41:44,771 [pool-59-thread-1] INFO  server.RaftServerConfigKeys (ConfUtils.java:logGet(43)) - raft.server.log.corruption.policy = EXCEPTION (default)
2019-10-21 02:41:44,794 [pool-59-thread-1] INFO  storage.RaftStorageDirectory (RaftStorageDirectory.java:tryLock(328)) - Lock on /workdir/hadoop-ozone/integration-test/target/test-dir/MiniOzoneClusterImpl-0fab9602-85f6-488d-9219-5a9ff83e13af/datanode-2/data/ratis/b31aeaf8-2ff9-438d-af37-07c0fc85186c/in_use.lock acquired by nodename 2549@pr-hdds-1868-8w4sl-2612808232
2019-10-21 02:41:44,795 [pool-59-thread-1] INFO  ratis.ContainerStateMachine (ContainerStateMachine.java:loadSnapshot(233)) - group-07C0FC85186C: The snapshot info is null. Setting the last applied indexto:(t:0, i:~)
2019-10-21 02:41:44,795 [pool-59-thread-1] INFO  server.RaftServerConfigKeys (ConfUtils.java:logGet(43)) - raft.server.notification.no-leader.timeout = 1000s (custom)
2019-10-21 02:41:44,795 [pool-59-thread-1] INFO  server.RaftServerConfigKeys (ConfUtils.java:logGet(43)) - raft.server.log.use.memory = false (default)
2019-10-21 02:41:44,795 [pool-59-thread-1] INFO  server.RaftServerConfigKeys (ConfUtils.java:logGet(43)) - raft.server.log.purge.gap = 1000000 (custom)
2019-10-21 02:41:44,795 [pool-59-thread-1] INFO  server.RaftServerConfigKeys (ConfUtils.java:logGet(43)) - raft.server.log.appender.buffer.byte-limit = 33554432 (custom)
2019-10-21 02:41:44,795 [pool-59-thread-1] INFO  server.RaftServerConfigKeys (ConfUtils.java:logGet(43)) - raft.server.log.segment.size.max = 1048576 (custom)
2019-10-21 02:41:44,795 [pool-59-thread-1] INFO  server.RaftServerConfigKeys (ConfUtils.java:logGet(43)) - raft.server.log.segment.cache.num.max = 2 (custom)
2019-10-21 02:41:44,795 [pool-59-thread-1] INFO  segmented.SegmentedRaftLogWorker (SegmentedRaftLogWorker.java:<init>(173)) - new 0299b781-7796-45ba-9036-f37ef6071f27@group-07C0FC85186C-SegmentedRaftLogWorker for RaftStorage:Storage Directory /workdir/hadoop-ozone/integration-test/target/test-dir/MiniOzoneClusterImpl-0fab9602-85f6-488d-9219-5a9ff83e13af/datanode-2/data/ratis/b31aeaf8-2ff9-438d-af37-07c0fc85186c
2019-10-21 02:41:44,795 [pool-59-thread-1] INFO  server.RaftServerConfigKeys (ConfUtils.java:logGet(43)) - raft.server.log.queue.byte-limit = 2147483647 (custom)
2019-10-21 02:41:44,796 [pool-59-thread-1] INFO  server.RaftServerConfigKeys (ConfUtils.java:logGet(43)) - raft.server.log.queue.element-limit = 1024 (custom)
2019-10-21 02:41:44,796 [pool-59-thread-1] INFO  server.RaftServerConfigKeys (ConfUtils.java:logGet(43)) - raft.server.log.segment.size.max = 1048576 (custom)
2019-10-21 02:41:44,796 [pool-59-thread-1] INFO  server.RaftServerConfigKeys (ConfUtils.java:logGet(43)) - raft.server.log.preallocated.size = 16384 (custom)
2019-10-21 02:41:44,796 [pool-59-thread-1] INFO  server.RaftServerConfigKeys (ConfUtils.java:logGet(43)) - raft.server.log.write.buffer.size = 33554432 (custom)
2019-10-21 02:41:44,796 [pool-59-thread-1] INFO  server.RaftServerConfigKeys (ConfUtils.java:logGet(43)) - raft.server.log.force.sync.num = 128 (default)
2019-10-21 02:41:44,796 [pool-59-thread-1] INFO  server.RaftServerConfigKeys (ConfUtils.java:logGet(43)) - raft.server.log.statemachine.data.sync = true (default)
2019-10-21 02:41:44,796 [pool-59-thread-1] INFO  server.RaftServerConfigKeys (ConfUtils.java:logGet(43)) - raft.server.log.statemachine.data.sync.timeout = 10s (default)
2019-10-21 02:41:44,796 [pool-59-thread-1] INFO  server.RaftServerConfigKeys (ConfUtils.java:logGet(43)) - raft.server.log.statemachine.data.sync.timeout.retry = -1 (default)
2019-10-21 02:41:44,797 [pool-59-thread-1] INFO  server.RaftServerConfigKeys (ConfUtils.java:logGet(43)) - raft.server.log.statemachine.data.caching.enabled = true (custom)
2019-10-21 02:41:44,797 [pool-59-thread-1] INFO  impl.RaftServerImpl (ServerState.java:setRaftConf(356)) - 0299b781-7796-45ba-9036-f37ef6071f27@group-07C0FC85186C: set configuration 0: [0299b781-7796-45ba-9036-f37ef6071f27:192.168.34.9:33798], old=null at 0
2019-10-21 02:41:44,797 [pool-59-thread-1] INFO  segmented.LogSegment (LogSegment.java:loadSegment(140)) - Successfully read 1 entries from segment file /workdir/hadoop-ozone/integration-test/target/test-dir/MiniOzoneClusterImpl-0fab9602-85f6-488d-9219-5a9ff83e13af/datanode-2/data/ratis/b31aeaf8-2ff9-438d-af37-07c0fc85186c/current/log_inprogress_0
2019-10-21 02:41:44,798 [pool-59-thread-1] INFO  segmented.SegmentedRaftLogWorker (SegmentedRaftLogWorker.java:lambda$new$0(128)) - 0299b781-7796-45ba-9036-f37ef6071f27@group-07C0FC85186C-SegmentedRaftLogWorker: flushIndex: setUnconditionally 0 -> 0
2019-10-21 02:41:44,825 [pool-59-thread-1] INFO  server.RaftServerConfigKeys (ConfUtils.java:logGet(43)) - raft.server.snapshot.auto.trigger.enabled = true (custom)
2019-10-21 02:41:44,826 [pool-59-thread-1] INFO  server.RaftServerConfigKeys (ConfUtils.java:logGet(43)) - raft.server.snapshot.auto.trigger.threshold = 10000 (custom)
2019-10-21 02:41:44,826 [pool-59-thread-1] INFO  server.RaftServerConfigKeys (ConfUtils.java:logGet(43)) - raft.server.snapshot.retention.file.num = 5 (custom)
2019-10-21 02:41:44,826 [pool-59-thread-1] INFO  server.RaftServerConfigKeys (ConfUtils.java:logGet(43)) - raft.server.retrycache.expirytime = 600000ms (custom)
2019-10-21 02:41:45,165 [BlockDeletingService#2] WARN  background.BlockDeletingService (BlockDeletingService.java:isDeletionAllowed(187)) - Close Container log Index 6 is not replicated across allthe servers in the pipeline b247b7b0-bc56-4c4b-9e26-98acf608db4d as the min replicated index is 4. Deletion is not allowed in this container yet.
2019-10-21 02:41:45,165 [BlockDeletingService#2] WARN  background.BlockDeletingService (BlockDeletingService.java:isDeletionAllowed(187)) - Close Container log Index 6 is not replicated across allthe servers in the pipeline b247b7b0-bc56-4c4b-9e26-98acf608db4d as the min replicated index is 4. Deletion is not allowed in this container yet.
2019-10-21 02:41:45,641 [pool-7-thread-1] INFO  commands.RetriableDatanodeEventWatcher (RetriableDatanodeEventWatcher.java:onTimeout(47)) - RetriableDatanodeCommand type=deleteBlocksCommand with id=1571625703642 timed out. Retrying.
2019-10-21 02:41:45,642 [SCMBlockDeletingService#1] INFO  block.SCMBlockDeletingService (SCMBlockDeletingService.java:call(184)) - Totally added 1 delete blocks command for 1 datanodes, task elapsed time: 0ms
2019-10-21 02:41:45,643 [pool-7-thread-1] INFO  commands.RetriableDatanodeEventWatcher (RetriableDatanodeEventWatcher.java:onTimeout(47)) - RetriableDatanodeCommand type=deleteBlocksCommand with id=1571625703640 timed out. Retrying.
2019-10-21 02:41:46,005 [java.util.concurrent.ThreadPoolExecutor$Worker@411a2772[State = -1, empty queue]] WARN  server.GrpcLogAppender (GrpcLogAppender.java:timeoutAppendRequest(209)) - 346fa4f8-3ab8-43df-a502-3f4b9443122a@group-98ACF608DB4D->0299b781-7796-45ba-9036-f37ef6071f27-GrpcLogAppender: appendEntries Timeout, request=346fa4f8-3ab8-43df-a502-3f4b9443122a->0299b781-7796-45ba-9036-f37ef6071f27#51-t1, previous=(t:1, i:10), leaderCommit=10, initializing? false, entries: <empty>
2019-10-21 02:41:46,166 [BlockDeletingService#2] WARN  background.BlockDeletingService (BlockDeletingService.java:isDeletionAllowed(187)) - Close Container log Index 6 is not replicated across allthe servers in the pipeline b247b7b0-bc56-4c4b-9e26-98acf608db4d as the min replicated index is 4. Deletion is not allowed in this container yet.
2019-10-21 02:41:46,166 [BlockDeletingService#2] WARN  background.BlockDeletingService (BlockDeletingService.java:isDeletionAllowed(187)) - Close Container log Index 6 is not replicated across allthe servers in the pipeline b247b7b0-bc56-4c4b-9e26-98acf608db4d as the min replicated index is 4. Deletion is not allowed in this container yet.
2019-10-21 02:41:46,642 [pool-7-thread-1] INFO  commands.RetriableDatanodeEventWatcher (RetriableDatanodeEventWatcher.java:onTimeout(47)) - RetriableDatanodeCommand type=deleteBlocksCommand with id=1571625703642 timed out. Retrying.
2019-10-21 02:41:46,642 [pool-7-thread-2] INFO  commands.RetriableDatanodeEventWatcher (RetriableDatanodeEventWatcher.java:onTimeout(47)) - RetriableDatanodeCommand type=deleteBlocksCommand with id=1571625703643 timed out. Retrying.
2019-10-21 02:41:46,642 [pool-7-thread-2] INFO  commands.RetriableDatanodeEventWatcher (RetriableDatanodeEventWatcher.java:onTimeout(47)) - RetriableDatanodeCommand type=deleteBlocksCommand with id=1571625703640 timed out. Retrying.
2019-10-21 02:41:46,643 [SCMBlockDeletingService#1] INFO  block.SCMBlockDeletingService (SCMBlockDeletingService.java:call(184)) - Totally added 1 delete blocks command for 1 datanodes, task elapsed time: 0ms
2019-10-21 02:41:46,737 [Datanode State Machine Thread - 0] INFO  ozoneimpl.OzoneContainer (OzoneContainer.java:start(213)) - Attempting to start container services.
2019-10-21 02:41:46,738 [Datanode State Machine Thread - 0] INFO  ozoneimpl.OzoneContainer (OzoneContainer.java:startContainerScrub(177)) - Background container scanner has been disabled.
2019-10-21 02:41:46,738 [Datanode State Machine Thread - 0] INFO  ratis.XceiverServerRatis (XceiverServerRatis.java:start(424)) - Starting XceiverServerRatis 0299b781-7796-45ba-9036-f37ef6071f27 at port 33798
2019-10-21 02:41:46,749 [Datanode State Machine Thread - 0] INFO  impl.RaftServerImpl (RaftServerImpl.java:start(184)) - 0299b781-7796-45ba-9036-f37ef6071f27@group-07C0FC85186C: start as a follower, conf=0: [0299b781-7796-45ba-9036-f37ef6071f27:192.168.34.9:33798], old=null
2019-10-21 02:41:46,749 [ForkJoinPool.commonPool-worker-1] INFO  impl.RaftServerImpl (RaftServerImpl.java:start(184)) - 0299b781-7796-45ba-9036-f37ef6071f27@group-98ACF608DB4D: start as a follower, conf=0: [d56bd5cd-a10f-47cc-a049-69cbb5837008:192.168.34.9:41391, 346fa4f8-3ab8-43df-a502-3f4b9443122a:192.168.34.9:34701, 0299b781-7796-45ba-9036-f37ef6071f27:192.168.34.9:33798], old=null
2019-10-21 02:41:46,750 [Datanode State Machine Thread - 0] INFO  impl.RaftServerImpl (RaftServerImpl.java:setRole(173)) - 0299b781-7796-45ba-9036-f37ef6071f27@group-07C0FC85186C: changes role from      null to FOLLOWER at term 1 for startAsFollower
2019-10-21 02:41:46,750 [ForkJoinPool.commonPool-worker-1] INFO  impl.RaftServerImpl (RaftServerImpl.java:setRole(173)) - 0299b781-7796-45ba-9036-f37ef6071f27@group-98ACF608DB4D: changes role from      null to FOLLOWER at term 1 for startAsFollower
2019-10-21 02:41:46,750 [Datanode State Machine Thread - 0] INFO  impl.RoleInfo (RoleInfo.java:updateAndGet(143)) - 0299b781-7796-45ba-9036-f37ef6071f27: start FollowerState
2019-10-21 02:41:46,750 [ForkJoinPool.commonPool-worker-1] INFO  impl.RoleInfo (RoleInfo.java:updateAndGet(143)) - 0299b781-7796-45ba-9036-f37ef6071f27: start FollowerState
2019-10-21 02:41:46,751 [Datanode State Machine Thread - 0] INFO  util.JmxRegister (JmxRegister.java:tryRegister(44)) - Successfully registered JMX Bean with object name Ratis:service=RaftServer,group=group-07C0FC85186C,id=0299b781-7796-45ba-9036-f37ef6071f27
2019-10-21 02:41:46,751 [ForkJoinPool.commonPool-worker-1] INFO  util.JmxRegister (JmxRegister.java:tryRegister(44)) - Successfully registered JMX Bean with object name Ratis:service=RaftServer,group=group-98ACF608DB4D,id=0299b781-7796-45ba-9036-f37ef6071f27
2019-10-21 02:41:46,753 [Datanode State Machine Thread - 0] INFO  impl.RaftServerProxy (RaftServerProxy.java:lambda$start$3(299)) - 0299b781-7796-45ba-9036-f37ef6071f27: start RPC server
2019-10-21 02:41:46,754 [Datanode State Machine Thread - 0] INFO  server.GrpcService (GrpcService.java:startImpl(158)) - 0299b781-7796-45ba-9036-f37ef6071f27: GrpcService started, listening on 0.0.0.0/0.0.0.0:33798
2019-10-21 02:41:47,170 [BlockDeletingService#2] WARN  background.BlockDeletingService (BlockDeletingService.java:isDeletionAllowed(187)) - Close Container log Index 6 is not replicated across allthe servers in the pipeline b247b7b0-bc56-4c4b-9e26-98acf608db4d as the min replicated index is 4. Deletion is not allowed in this container yet.
2019-10-21 02:41:47,170 [BlockDeletingService#2] WARN  background.BlockDeletingService (BlockDeletingService.java:isDeletionAllowed(187)) - Close Container log Index 6 is not replicated across allthe servers in the pipeline b247b7b0-bc56-4c4b-9e26-98acf608db4d as the min replicated index is 4. Deletion is not allowed in this container yet.
2019-10-21 02:41:47,643 [pool-7-thread-2] INFO  commands.RetriableDatanodeEventWatcher (RetriableDatanodeEventWatcher.java:onTimeout(47)) - RetriableDatanodeCommand type=deleteBlocksCommand with id=1571625703644 timed out. Retrying.
2019-10-21 02:41:47,644 [pool-7-thread-4] INFO  commands.RetriableDatanodeEventWatcher (RetriableDatanodeEventWatcher.java:onTimeout(47)) - RetriableDatanodeCommand type=deleteBlocksCommand with id=1571625703643 timed out. Retrying.
2019-10-21 02:41:47,644 [pool-7-thread-1] INFO  commands.RetriableDatanodeEventWatcher (RetriableDatanodeEventWatcher.java:onTimeout(47)) - RetriableDatanodeCommand type=deleteBlocksCommand with id=1571625703640 timed out. Retrying.
2019-10-21 02:41:47,644 [pool-7-thread-3] INFO  commands.RetriableDatanodeEventWatcher (RetriableDatanodeEventWatcher.java:onTimeout(47)) - RetriableDatanodeCommand type=deleteBlocksCommand with id=1571625703642 timed out. Retrying.
2019-10-21 02:41:47,645 [SCMBlockDeletingService#1] INFO  block.SCMBlockDeletingService (SCMBlockDeletingService.java:call(184)) - Totally added 1 delete blocks command for 1 datanodes, task elapsed time: 2ms
2019-10-21 02:41:48,172 [BlockDeletingService#2] WARN  background.BlockDeletingService (BlockDeletingService.java:isDeletionAllowed(187)) - Close Container log Index 6 is not replicated across allthe servers in the pipeline b247b7b0-bc56-4c4b-9e26-98acf608db4d as the min replicated index is 4. Deletion is not allowed in this container yet.
2019-10-21 02:41:48,172 [BlockDeletingService#2] WARN  background.BlockDeletingService (BlockDeletingService.java:isDeletionAllowed(187)) - Close Container log Index 6 is not replicated across allthe servers in the pipeline b247b7b0-bc56-4c4b-9e26-98acf608db4d as the min replicated index is 4. Deletion is not allowed in this container yet.
2019-10-21 02:41:48,506 [java.util.concurrent.ThreadPoolExecutor$Worker@411a2772[State = -1, empty queue]] WARN  server.GrpcLogAppender (GrpcLogAppender.java:timeoutAppendRequest(209)) - 346fa4f8-3ab8-43df-a502-3f4b9443122a@group-98ACF608DB4D->0299b781-7796-45ba-9036-f37ef6071f27-GrpcLogAppender: appendEntries Timeout, request=346fa4f8-3ab8-43df-a502-3f4b9443122a->0299b781-7796-45ba-9036-f37ef6071f27#52-t1, previous=(t:1, i:10), leaderCommit=10, initializing? false, entries: <empty>
2019-10-21 02:41:48,645 [pool-7-thread-3] INFO  commands.RetriableDatanodeEventWatcher (RetriableDatanodeEventWatcher.java:onTimeout(47)) - RetriableDatanodeCommand type=deleteBlocksCommand with id=1571625703644 timed out. Retrying.
2019-10-21 02:41:48,645 [pool-7-thread-5] INFO  commands.RetriableDatanodeEventWatcher (RetriableDatanodeEventWatcher.java:onTimeout(47)) - RetriableDatanodeCommand type=deleteBlocksCommand with id=1571625703643 timed out. Retrying.
2019-10-21 02:41:48,646 [pool-7-thread-2] INFO  commands.RetriableDatanodeEventWatcher (RetriableDatanodeEventWatcher.java:onTimeout(47)) - RetriableDatanodeCommand type=deleteBlocksCommand with id=1571625703642 timed out. Retrying.
2019-10-21 02:41:48,646 [pool-7-thread-1] INFO  commands.RetriableDatanodeEventWatcher (RetriableDatanodeEventWatcher.java:onTimeout(47)) - RetriableDatanodeCommand type=deleteBlocksCommand with id=1571625703645 timed out. Retrying.
2019-10-21 02:41:48,646 [pool-7-thread-4] INFO  commands.RetriableDatanodeEventWatcher (RetriableDatanodeEventWatcher.java:onTimeout(47)) - RetriableDatanodeCommand type=deleteBlocksCommand with id=1571625703640 timed out. Retrying.
2019-10-21 02:41:48,647 [SCMBlockDeletingService#1] INFO  block.SCMBlockDeletingService (SCMBlockDeletingService.java:call(184)) - Totally added 1 delete blocks command for 1 datanodes, task elapsed time: 1ms
2019-10-21 02:41:48,737 [EventQueue-PendingDeleteStatusForPendingDeleteHandler] INFO  block.SCMBlockDeletingService (SCMBlockDeletingService.java:handlePendingDeletes(115)) - Block deletion txnID mismatch in datanode 0299b781-7796-45ba-9036-f37ef6071f27 for containerID 1. Datanode delete txnID: 0, SCM txnID: 1
2019-10-21 02:41:49,174 [BlockDeletingService#2] WARN  background.BlockDeletingService (BlockDeletingService.java:isDeletionAllowed(187)) - Close Container log Index 6 is not replicated across allthe servers in the pipeline b247b7b0-bc56-4c4b-9e26-98acf608db4d as the min replicated index is 4. Deletion is not allowed in this container yet.
2019-10-21 02:41:49,174 [BlockDeletingService#2] WARN  background.BlockDeletingService (BlockDeletingService.java:isDeletionAllowed(187)) - Close Container log Index 6 is not replicated across allthe servers in the pipeline b247b7b0-bc56-4c4b-9e26-98acf608db4d as the min replicated index is 4. Deletion is not allowed in this container yet.
2019-10-21 02:41:49,647 [pool-7-thread-4] INFO  commands.RetriableDatanodeEventWatcher (RetriableDatanodeEventWatcher.java:onTimeout(47)) - RetriableDatanodeCommand type=deleteBlocksCommand with id=1571625703644 timed out. Retrying.
2019-10-21 02:41:49,647 [pool-7-thread-6] INFO  commands.RetriableDatanodeEventWatcher (RetriableDatanodeEventWatcher.java:onTimeout(47)) - RetriableDatanodeCommand type=deleteBlocksCommand with id=1571625703643 timed out. Retrying.
2019-10-21 02:41:49,648 [pool-7-thread-3] INFO  commands.RetriableDatanodeEventWatcher (RetriableDatanodeEventWatcher.java:onTimeout(47)) - RetriableDatanodeCommand type=deleteBlocksCommand with id=1571625703642 timed out. Retrying.
2019-10-21 02:41:49,648 [pool-7-thread-2] INFO  commands.RetriableDatanodeEventWatcher (RetriableDatanodeEventWatcher.java:onTimeout(47)) - RetriableDatanodeCommand type=deleteBlocksCommand with id=1571625703646 timed out. Retrying.
2019-10-21 02:41:49,648 [SCMBlockDeletingService#1] INFO  block.SCMBlockDeletingService (SCMBlockDeletingService.java:call(184)) - Totally added 1 delete blocks command for 1 datanodes, task elapsed time: 0ms
2019-10-21 02:41:49,648 [pool-7-thread-5] INFO  commands.RetriableDatanodeEventWatcher (RetriableDatanodeEventWatcher.java:onTimeout(47)) - RetriableDatanodeCommand type=deleteBlocksCommand with id=1571625703640 timed out. Retrying.
2019-10-21 02:41:49,648 [pool-7-thread-1] INFO  commands.RetriableDatanodeEventWatcher (RetriableDatanodeEventWatcher.java:onTimeout(47)) - RetriableDatanodeCommand type=deleteBlocksCommand with id=1571625703645 timed out. Retrying.
2019-10-21 02:41:50,176 [BlockDeletingService#2] WARN  background.BlockDeletingService (BlockDeletingService.java:isDeletionAllowed(187)) - Close Container log Index 6 is not replicated across allthe servers in the pipeline b247b7b0-bc56-4c4b-9e26-98acf608db4d as the min replicated index is 4. Deletion is not allowed in this container yet.
2019-10-21 02:41:50,176 [BlockDeletingService#2] WARN  background.BlockDeletingService (BlockDeletingService.java:isDeletionAllowed(187)) - Close Container log Index 6 is not replicated across allthe servers in the pipeline b247b7b0-bc56-4c4b-9e26-98acf608db4d as the min replicated index is 4. Deletion is not allowed in this container yet.
2019-10-21 02:41:50,648 [pool-7-thread-1] INFO  commands.RetriableDatanodeEventWatcher (RetriableDatanodeEventWatcher.java:onTimeout(47)) - RetriableDatanodeCommand type=deleteBlocksCommand with id=1571625703644 timed out. Retrying.
2019-10-21 02:41:50,648 [pool-7-thread-5] INFO  commands.RetriableDatanodeEventWatcher (RetriableDatanodeEventWatcher.java:onTimeout(47)) - RetriableDatanodeCommand type=deleteBlocksCommand with id=1571625703643 timed out. Retrying.
2019-10-21 02:41:50,649 [pool-7-thread-1] INFO  commands.RetriableDatanodeEventWatcher (RetriableDatanodeEventWatcher.java:onTimeout(47)) - RetriableDatanodeCommand type=deleteBlocksCommand with id=1571625703646 timed out. Retrying.
2019-10-21 02:41:50,649 [SCMBlockDeletingService#1] INFO  block.SCMBlockDeletingService (SCMBlockDeletingService.java:call(184)) - Totally added 1 delete blocks command for 1 datanodes, task elapsed time: 0ms
2019-10-21 02:41:50,649 [pool-7-thread-6] INFO  commands.RetriableDatanodeEventWatcher (RetriableDatanodeEventWatcher.java:onTimeout(47)) - RetriableDatanodeCommand type=deleteBlocksCommand with id=1571625703642 timed out. Retrying.
2019-10-21 02:41:50,650 [pool-7-thread-2] INFO  commands.RetriableDatanodeEventWatcher (RetriableDatanodeEventWatcher.java:onTimeout(47)) - RetriableDatanodeCommand type=deleteBlocksCommand with id=1571625703647 timed out. Retrying.
2019-10-21 02:41:50,650 [pool-7-thread-3] INFO  commands.RetriableDatanodeEventWatcher (RetriableDatanodeEventWatcher.java:onTimeout(47)) - RetriableDatanodeCommand type=deleteBlocksCommand with id=1571625703640 timed out. Retrying.
2019-10-21 02:41:50,650 [pool-7-thread-5] INFO  commands.RetriableDatanodeEventWatcher (RetriableDatanodeEventWatcher.java:onTimeout(47)) - RetriableDatanodeCommand type=deleteBlocksCommand with id=1571625703645 timed out. Retrying.
2019-10-21 02:41:50,735 [EventQueue-PendingDeleteStatusForPendingDeleteHandler] INFO  block.SCMBlockDeletingService (SCMBlockDeletingService.java:handlePendingDeletes(115)) - Block deletion txnID mismatch in datanode 0299b781-7796-45ba-9036-f37ef6071f27 for containerID 1. Datanode delete txnID: 0, SCM txnID: 1
2019-10-21 02:41:50,836 [EventQueue-PendingDeleteStatusForPendingDeleteHandler] INFO  block.SCMBlockDeletingService (SCMBlockDeletingService.java:handlePendingDeletes(115)) - Block deletion txnID mismatch in datanode 0299b781-7796-45ba-9036-f37ef6071f27 for containerID 1. Datanode delete txnID: 0, SCM txnID: 1
2019-10-21 02:41:50,846 [grpc-default-executor-3] INFO  impl.RaftServerProxy (RaftServerProxy.java:addNew(89)) - 0299b781-7796-45ba-9036-f37ef6071f27: addNew group-1F5A427AD028:[0299b781-7796-45ba-9036-f37ef6071f27:192.168.34.9:33798] returns group-1F5A427AD028:java.util.concurrent.CompletableFuture@55458c06[Not completed]
2019-10-21 02:41:50,851 [pool-59-thread-1] INFO  impl.RaftServerImpl (RaftServerImpl.java:<init>(98)) - 0299b781-7796-45ba-9036-f37ef6071f27: new RaftServerImpl for group-1F5A427AD028:[0299b781-7796-45ba-9036-f37ef6071f27:192.168.34.9:33798] with ContainerStateMachine:uninitialized
2019-10-21 02:41:50,852 [pool-59-thread-1] INFO  server.RaftServerConfigKeys (ConfUtils.java:logGet(43)) - raft.server.rpc.timeout.min = 5s (custom)
2019-10-21 02:41:50,852 [pool-59-thread-1] INFO  server.RaftServerConfigKeys (ConfUtils.java:logGet(43)) - raft.server.rpc.timeout.max = 5200ms (custom)
2019-10-21 02:41:50,852 [pool-59-thread-1] INFO  server.RaftServerConfigKeys (ConfUtils.java:logGet(43)) - raft.server.rpcslowness.timeout = 1000s (custom)
2019-10-21 02:41:50,852 [pool-59-thread-1] INFO  server.RaftServerConfigKeys (ConfUtils.java:logGet(43)) - raft.server.sleep.deviation.threshold = 300 (default)
2019-10-21 02:41:50,852 [pool-59-thread-1] INFO  server.RaftServerConfigKeys (ConfUtils.java:logGet(43)) - raft.server.log.appender.install.snapshot.enabled = false (custom)
2019-10-21 02:41:50,853 [pool-59-thread-1] INFO  impl.RaftServerImpl (ServerState.java:<init>(103)) - 0299b781-7796-45ba-9036-f37ef6071f27@group-1F5A427AD028: ConfigurationManager, init=-1: [0299b781-7796-45ba-9036-f37ef6071f27:192.168.34.9:33798], old=null, confs=<EMPTY_MAP>
2019-10-21 02:41:50,853 [pool-59-thread-1] INFO  server.RaftServerConfigKeys (ConfUtils.java:logGet(43)) - raft.server.storage.dir = [/workdir/hadoop-ozone/integration-test/target/test-dir/MiniOzoneClusterImpl-0fab9602-85f6-488d-9219-5a9ff83e13af/datanode-2/data/ratis] (custom)
2019-10-21 02:41:50,853 [pool-59-thread-1] INFO  server.RaftServerConfigKeys (ConfUtils.java:logGet(43)) - raft.server.log.corruption.policy = EXCEPTION (default)
2019-10-21 02:41:50,854 [pool-59-thread-1] INFO  storage.RaftStorageDirectory (RaftStorageDirectory.java:analyzeStorage(246)) - The storage directory /workdir/hadoop-ozone/integration-test/target/test-dir/MiniOzoneClusterImpl-0fab9602-85f6-488d-9219-5a9ff83e13af/datanode-2/data/ratis/837d3f36-f20a-4411-9787-1f5a427ad028 does not exist. Creating ...
2019-10-21 02:41:50,885 [pool-59-thread-1] INFO  storage.RaftStorageDirectory (RaftStorageDirectory.java:tryLock(328)) - Lock on /workdir/hadoop-ozone/integration-test/target/test-dir/MiniOzoneClusterImpl-0fab9602-85f6-488d-9219-5a9ff83e13af/datanode-2/data/ratis/837d3f36-f20a-4411-9787-1f5a427ad028/in_use.lock acquired by nodename 2549@pr-hdds-1868-8w4sl-2612808232
2019-10-21 02:41:50,899 [pool-59-thread-1] INFO  storage.RaftStorage (RaftStorage.java:format(84)) - Storage directory /workdir/hadoop-ozone/integration-test/target/test-dir/MiniOzoneClusterImpl-0fab9602-85f6-488d-9219-5a9ff83e13af/datanode-2/data/ratis/837d3f36-f20a-4411-9787-1f5a427ad028 has been successfully formatted.
2019-10-21 02:41:50,899 [pool-59-thread-1] INFO  ratis.ContainerStateMachine (ContainerStateMachine.java:loadSnapshot(233)) - group-1F5A427AD028: The snapshot info is null. Setting the last applied indexto:(t:0, i:~)
2019-10-21 02:41:50,899 [pool-59-thread-1] INFO  server.RaftServerConfigKeys (ConfUtils.java:logGet(43)) - raft.server.notification.no-leader.timeout = 1000s (custom)
2019-10-21 02:41:50,900 [pool-59-thread-1] INFO  server.RaftServerConfigKeys (ConfUtils.java:logGet(43)) - raft.server.log.use.memory = false (default)
2019-10-21 02:41:50,900 [pool-59-thread-1] INFO  server.RaftServerConfigKeys (ConfUtils.java:logGet(43)) - raft.server.log.purge.gap = 1000000 (custom)
2019-10-21 02:41:50,900 [pool-59-thread-1] INFO  server.RaftServerConfigKeys (ConfUtils.java:logGet(43)) - raft.server.log.appender.buffer.byte-limit = 33554432 (custom)
2019-10-21 02:41:50,900 [pool-59-thread-1] INFO  server.RaftServerConfigKeys (ConfUtils.java:logGet(43)) - raft.server.log.segment.size.max = 1048576 (custom)
2019-10-21 02:41:50,901 [pool-59-thread-1] INFO  server.RaftServerConfigKeys (ConfUtils.java:logGet(43)) - raft.server.log.segment.cache.num.max = 2 (custom)
2019-10-21 02:41:50,901 [pool-59-thread-1] INFO  segmented.SegmentedRaftLogWorker (SegmentedRaftLogWorker.java:<init>(173)) - new 0299b781-7796-45ba-9036-f37ef6071f27@group-1F5A427AD028-SegmentedRaftLogWorker for RaftStorage:Storage Directory /workdir/hadoop-ozone/integration-test/target/test-dir/MiniOzoneClusterImpl-0fab9602-85f6-488d-9219-5a9ff83e13af/datanode-2/data/ratis/837d3f36-f20a-4411-9787-1f5a427ad028
2019-10-21 02:41:50,901 [pool-59-thread-1] INFO  server.RaftServerConfigKeys (ConfUtils.java:logGet(43)) - raft.server.log.queue.byte-limit = 2147483647 (custom)
2019-10-21 02:41:50,901 [pool-59-thread-1] INFO  server.RaftServerConfigKeys (ConfUtils.java:logGet(43)) - raft.server.log.queue.element-limit = 1024 (custom)
2019-10-21 02:41:50,901 [pool-59-thread-1] INFO  server.RaftServerConfigKeys (ConfUtils.java:logGet(43)) - raft.server.log.segment.size.max = 1048576 (custom)
2019-10-21 02:41:50,901 [pool-59-thread-1] INFO  server.RaftServerConfigKeys (ConfUtils.java:logGet(43)) - raft.server.log.preallocated.size = 16384 (custom)
2019-10-21 02:41:50,901 [pool-59-thread-1] INFO  server.RaftServerConfigKeys (ConfUtils.java:logGet(43)) - raft.server.log.write.buffer.size = 33554432 (custom)
2019-10-21 02:41:50,901 [pool-59-thread-1] INFO  server.RaftServerConfigKeys (ConfUtils.java:logGet(43)) - raft.server.log.force.sync.num = 128 (default)
2019-10-21 02:41:50,901 [pool-59-thread-1] INFO  server.RaftServerConfigKeys (ConfUtils.java:logGet(43)) - raft.server.log.statemachine.data.sync = true (default)
2019-10-21 02:41:50,902 [pool-59-thread-1] INFO  server.RaftServerConfigKeys (ConfUtils.java:logGet(43)) - raft.server.log.statemachine.data.sync.timeout = 10s (default)
2019-10-21 02:41:50,902 [pool-59-thread-1] INFO  server.RaftServerConfigKeys (ConfUtils.java:logGet(43)) - raft.server.log.statemachine.data.sync.timeout.retry = -1 (default)
2019-10-21 02:41:50,902 [pool-59-thread-1] INFO  server.RaftServerConfigKeys (ConfUtils.java:logGet(43)) - raft.server.log.statemachine.data.caching.enabled = true (custom)
2019-10-21 02:41:50,902 [pool-59-thread-1] INFO  segmented.SegmentedRaftLogWorker (SegmentedRaftLogWorker.java:lambda$new$0(128)) - 0299b781-7796-45ba-9036-f37ef6071f27@group-1F5A427AD028-SegmentedRaftLogWorker: flushIndex: setUnconditionally 0 -> -1
2019-10-21 02:41:50,903 [pool-59-thread-1] INFO  server.RaftServerConfigKeys (ConfUtils.java:logGet(43)) - raft.server.snapshot.auto.trigger.enabled = true (custom)
2019-10-21 02:41:50,903 [pool-59-thread-1] INFO  server.RaftServerConfigKeys (ConfUtils.java:logGet(43)) - raft.server.snapshot.auto.trigger.threshold = 10000 (custom)
2019-10-21 02:41:50,903 [pool-59-thread-1] INFO  server.RaftServerConfigKeys (ConfUtils.java:logGet(43)) - raft.server.snapshot.retention.file.num = 5 (custom)
2019-10-21 02:41:50,903 [pool-59-thread-1] INFO  server.RaftServerConfigKeys (ConfUtils.java:logGet(43)) - raft.server.retrycache.expirytime = 600000ms (custom)
2019-10-21 02:41:50,903 [pool-59-thread-1] WARN  impl.MetricRegistriesImpl (MetricRegistriesImpl.java:lambda$create$1(61)) - First MetricRegistry has been created without registering reporters. You may need to call MetricRegistries.global().addReportRegistration(...) before.
2019-10-21 02:41:50,904 [pool-59-thread-1] WARN  impl.MetricRegistriesImpl (MetricRegistriesImpl.java:lambda$create$1(61)) - First MetricRegistry has been created without registering reporters. You may need to call MetricRegistries.global().addReportRegistration(...) before.
2019-10-21 02:41:50,904 [pool-59-thread-1] INFO  impl.RaftServerImpl (RaftServerImpl.java:start(184)) - 0299b781-7796-45ba-9036-f37ef6071f27@group-1F5A427AD028: start as a follower, conf=-1: [0299b781-7796-45ba-9036-f37ef6071f27:192.168.34.9:33798], old=null
2019-10-21 02:41:50,904 [pool-59-thread-1] INFO  impl.RaftServerImpl (RaftServerImpl.java:setRole(173)) - 0299b781-7796-45ba-9036-f37ef6071f27@group-1F5A427AD028: changes role from      null to FOLLOWER at term 0 for startAsFollower
2019-10-21 02:41:50,904 [pool-59-thread-1] INFO  impl.RoleInfo (RoleInfo.java:updateAndGet(143)) - 0299b781-7796-45ba-9036-f37ef6071f27: start FollowerState
2019-10-21 02:41:50,905 [pool-59-thread-1] INFO  util.JmxRegister (JmxRegister.java:tryRegister(44)) - Successfully registered JMX Bean with object name Ratis:service=RaftServer,group=group-1F5A427AD028,id=0299b781-7796-45ba-9036-f37ef6071f27
2019-10-21 02:41:50,905 [pool-59-thread-1] WARN  impl.MetricRegistriesImpl (MetricRegistriesImpl.java:lambda$create$1(61)) - First MetricRegistry has been created without registering reporters. You may need to call MetricRegistries.global().addReportRegistration(...) before.
2019-10-21 02:41:50,911 [RatisPipelineUtilsThread] INFO  pipeline.PipelineStateManager (PipelineStateManager.java:addPipeline(55)) - Created pipeline Pipeline[ Id: 837d3f36-f20a-4411-9787-1f5a427ad028, Nodes: 0299b781-7796-45ba-9036-f37ef6071f27{ip: 192.168.34.9, host: pr-hdds-1868-8w4sl-2612808232, networkLocation: /default-rack, certSerialId: null}, Type:RATIS, Factor:ONE, State:ALLOCATED]
2019-10-21 02:41:50,923 [grpc-default-executor-4] INFO  impl.RaftServerProxy (RaftServerProxy.java:addNew(89)) - d56bd5cd-a10f-47cc-a049-69cbb5837008: addNew group-4F29868A9241:[d56bd5cd-a10f-47cc-a049-69cbb5837008:192.168.34.9:41391, 346fa4f8-3ab8-43df-a502-3f4b9443122a:192.168.34.9:34701, 0299b781-7796-45ba-9036-f37ef6071f27:192.168.34.9:33798] returns group-4F29868A9241:java.util.concurrent.CompletableFuture@1cc9c8dc[Not completed]
2019-10-21 02:41:50,924 [grpc-default-executor-3] INFO  impl.RaftServerProxy (RaftServerProxy.java:addNew(89)) - 346fa4f8-3ab8-43df-a502-3f4b9443122a: addNew group-4F29868A9241:[d56bd5cd-a10f-47cc-a049-69cbb5837008:192.168.34.9:41391, 346fa4f8-3ab8-43df-a502-3f4b9443122a:192.168.34.9:34701, 0299b781-7796-45ba-9036-f37ef6071f27:192.168.34.9:33798] returns group-4F29868A9241:java.util.concurrent.CompletableFuture@53c19592[Not completed]
2019-10-21 02:41:50,926 [grpc-default-executor-4] INFO  impl.RaftServerProxy (RaftServerProxy.java:addNew(89)) - 0299b781-7796-45ba-9036-f37ef6071f27: addNew group-4F29868A9241:[d56bd5cd-a10f-47cc-a049-69cbb5837008:192.168.34.9:41391, 346fa4f8-3ab8-43df-a502-3f4b9443122a:192.168.34.9:34701, 0299b781-7796-45ba-9036-f37ef6071f27:192.168.34.9:33798] returns group-4F29868A9241:java.util.concurrent.CompletableFuture@18f65f9d[Not completed]
2019-10-21 02:41:50,927 [pool-27-thread-1] INFO  impl.RaftServerImpl (RaftServerImpl.java:<init>(98)) - d56bd5cd-a10f-47cc-a049-69cbb5837008: new RaftServerImpl for group-4F29868A9241:[d56bd5cd-a10f-47cc-a049-69cbb5837008:192.168.34.9:41391, 346fa4f8-3ab8-43df-a502-3f4b9443122a:192.168.34.9:34701, 0299b781-7796-45ba-9036-f37ef6071f27:192.168.34.9:33798] with ContainerStateMachine:uninitialized
2019-10-21 02:41:50,927 [pool-27-thread-1] INFO  server.RaftServerConfigKeys (ConfUtils.java:logGet(43)) - raft.server.rpc.timeout.min = 5s (custom)
2019-10-21 02:41:50,928 [pool-27-thread-1] INFO  server.RaftServerConfigKeys (ConfUtils.java:logGet(43)) - raft.server.rpc.timeout.max = 5200ms (custom)
2019-10-21 02:41:50,928 [pool-27-thread-1] INFO  server.RaftServerConfigKeys (ConfUtils.java:logGet(43)) - raft.server.rpcslowness.timeout = 1000s (custom)
2019-10-21 02:41:50,928 [pool-27-thread-1] INFO  server.RaftServerConfigKeys (ConfUtils.java:logGet(43)) - raft.server.sleep.deviation.threshold = 300 (default)
2019-10-21 02:41:50,928 [pool-27-thread-1] INFO  server.RaftServerConfigKeys (ConfUtils.java:logGet(43)) - raft.server.log.appender.install.snapshot.enabled = false (custom)
2019-10-21 02:41:50,928 [pool-59-thread-1] INFO  impl.RaftServerImpl (RaftServerImpl.java:<init>(98)) - 0299b781-7796-45ba-9036-f37ef6071f27: new RaftServerImpl for group-4F29868A9241:[d56bd5cd-a10f-47cc-a049-69cbb5837008:192.168.34.9:41391, 346fa4f8-3ab8-43df-a502-3f4b9443122a:192.168.34.9:34701, 0299b781-7796-45ba-9036-f37ef6071f27:192.168.34.9:33798] with ContainerStateMachine:uninitialized
2019-10-21 02:41:50,928 [pool-27-thread-1] INFO  impl.RaftServerImpl (ServerState.java:<init>(103)) - d56bd5cd-a10f-47cc-a049-69cbb5837008@group-4F29868A9241: ConfigurationManager, init=-1: [d56bd5cd-a10f-47cc-a049-69cbb5837008:192.168.34.9:41391, 346fa4f8-3ab8-43df-a502-3f4b9443122a:192.168.34.9:34701, 0299b781-7796-45ba-9036-f37ef6071f27:192.168.34.9:33798], old=null, confs=<EMPTY_MAP>
2019-10-21 02:41:50,928 [pool-59-thread-1] INFO  server.RaftServerConfigKeys (ConfUtils.java:logGet(43)) - raft.server.rpc.timeout.min = 5s (custom)
2019-10-21 02:41:50,928 [pool-59-thread-1] INFO  server.RaftServerConfigKeys (ConfUtils.java:logGet(43)) - raft.server.rpc.timeout.max = 5200ms (custom)
2019-10-21 02:41:50,928 [pool-27-thread-1] INFO  server.RaftServerConfigKeys (ConfUtils.java:logGet(43)) - raft.server.storage.dir = [/workdir/hadoop-ozone/integration-test/target/test-dir/MiniOzoneClusterImpl-0fab9602-85f6-488d-9219-5a9ff83e13af/datanode-0/data/ratis] (custom)
2019-10-21 02:41:50,929 [pool-59-thread-1] INFO  server.RaftServerConfigKeys (ConfUtils.java:logGet(43)) - raft.server.rpcslowness.timeout = 1000s (custom)
2019-10-21 02:41:50,929 [pool-59-thread-1] INFO  server.RaftServerConfigKeys (ConfUtils.java:logGet(43)) - raft.server.sleep.deviation.threshold = 300 (default)
2019-10-21 02:41:50,929 [pool-59-thread-1] INFO  server.RaftServerConfigKeys (ConfUtils.java:logGet(43)) - raft.server.log.appender.install.snapshot.enabled = false (custom)
2019-10-21 02:41:50,929 [pool-27-thread-1] INFO  server.RaftServerConfigKeys (ConfUtils.java:logGet(43)) - raft.server.log.corruption.policy = EXCEPTION (default)
2019-10-21 02:41:50,929 [pool-59-thread-1] INFO  impl.RaftServerImpl (ServerState.java:<init>(103)) - 0299b781-7796-45ba-9036-f37ef6071f27@group-4F29868A9241: ConfigurationManager, init=-1: [d56bd5cd-a10f-47cc-a049-69cbb5837008:192.168.34.9:41391, 346fa4f8-3ab8-43df-a502-3f4b9443122a:192.168.34.9:34701, 0299b781-7796-45ba-9036-f37ef6071f27:192.168.34.9:33798], old=null, confs=<EMPTY_MAP>
2019-10-21 02:41:50,929 [pool-37-thread-1] INFO  impl.RaftServerImpl (RaftServerImpl.java:<init>(98)) - 346fa4f8-3ab8-43df-a502-3f4b9443122a: new RaftServerImpl for group-4F29868A9241:[d56bd5cd-a10f-47cc-a049-69cbb5837008:192.168.34.9:41391, 346fa4f8-3ab8-43df-a502-3f4b9443122a:192.168.34.9:34701, 0299b781-7796-45ba-9036-f37ef6071f27:192.168.34.9:33798] with ContainerStateMachine:uninitialized
2019-10-21 02:41:50,929 [pool-27-thread-1] INFO  storage.RaftStorageDirectory (RaftStorageDirectory.java:analyzeStorage(246)) - The storage directory /workdir/hadoop-ozone/integration-test/target/test-dir/MiniOzoneClusterImpl-0fab9602-85f6-488d-9219-5a9ff83e13af/datanode-0/data/ratis/caefa95a-4e0e-495f-939f-4f29868a9241 does not exist. Creating ...
2019-10-21 02:41:50,929 [pool-59-thread-1] INFO  server.RaftServerConfigKeys (ConfUtils.java:logGet(43)) - raft.server.storage.dir = [/workdir/hadoop-ozone/integration-test/target/test-dir/MiniOzoneClusterImpl-0fab9602-85f6-488d-9219-5a9ff83e13af/datanode-2/data/ratis] (custom)
2019-10-21 02:41:50,929 [pool-37-thread-1] INFO  server.RaftServerConfigKeys (ConfUtils.java:logGet(43)) - raft.server.rpc.timeout.min = 5s (custom)
2019-10-21 02:41:50,930 [pool-37-thread-1] INFO  server.RaftServerConfigKeys (ConfUtils.java:logGet(43)) - raft.server.rpc.timeout.max = 5200ms (custom)
2019-10-21 02:41:50,930 [pool-59-thread-1] INFO  server.RaftServerConfigKeys (ConfUtils.java:logGet(43)) - raft.server.log.corruption.policy = EXCEPTION (default)
2019-10-21 02:41:50,930 [pool-37-thread-1] INFO  server.RaftServerConfigKeys (ConfUtils.java:logGet(43)) - raft.server.rpcslowness.timeout = 1000s (custom)
2019-10-21 02:41:50,930 [pool-59-thread-1] INFO  storage.RaftStorageDirectory (RaftStorageDirectory.java:analyzeStorage(246)) - The storage directory /workdir/hadoop-ozone/integration-test/target/test-dir/MiniOzoneClusterImpl-0fab9602-85f6-488d-9219-5a9ff83e13af/datanode-2/data/ratis/caefa95a-4e0e-495f-939f-4f29868a9241 does not exist. Creating ...
2019-10-21 02:41:50,930 [pool-37-thread-1] INFO  server.RaftServerConfigKeys (ConfUtils.java:logGet(43)) - raft.server.sleep.deviation.threshold = 300 (default)
2019-10-21 02:41:50,930 [pool-37-thread-1] INFO  server.RaftServerConfigKeys (ConfUtils.java:logGet(43)) - raft.server.log.appender.install.snapshot.enabled = false (custom)
2019-10-21 02:41:50,930 [pool-37-thread-1] INFO  impl.RaftServerImpl (ServerState.java:<init>(103)) - 346fa4f8-3ab8-43df-a502-3f4b9443122a@group-4F29868A9241: ConfigurationManager, init=-1: [d56bd5cd-a10f-47cc-a049-69cbb5837008:192.168.34.9:41391, 346fa4f8-3ab8-43df-a502-3f4b9443122a:192.168.34.9:34701, 0299b781-7796-45ba-9036-f37ef6071f27:192.168.34.9:33798], old=null, confs=<EMPTY_MAP>
2019-10-21 02:41:50,930 [pool-37-thread-1] INFO  server.RaftServerConfigKeys (ConfUtils.java:logGet(43)) - raft.server.storage.dir = [/workdir/hadoop-ozone/integration-test/target/test-dir/MiniOzoneClusterImpl-0fab9602-85f6-488d-9219-5a9ff83e13af/datanode-1/data/ratis] (custom)
2019-10-21 02:41:50,931 [pool-37-thread-1] INFO  server.RaftServerConfigKeys (ConfUtils.java:logGet(43)) - raft.server.log.corruption.policy = EXCEPTION (default)
2019-10-21 02:41:50,931 [pool-37-thread-1] INFO  storage.RaftStorageDirectory (RaftStorageDirectory.java:analyzeStorage(246)) - The storage directory /workdir/hadoop-ozone/integration-test/target/test-dir/MiniOzoneClusterImpl-0fab9602-85f6-488d-9219-5a9ff83e13af/datanode-1/data/ratis/caefa95a-4e0e-495f-939f-4f29868a9241 does not exist. Creating ...
2019-10-21 02:41:50,951 [pool-59-thread-1] INFO  storage.RaftStorageDirectory (RaftStorageDirectory.java:tryLock(328)) - Lock on /workdir/hadoop-ozone/integration-test/target/test-dir/MiniOzoneClusterImpl-0fab9602-85f6-488d-9219-5a9ff83e13af/datanode-2/data/ratis/caefa95a-4e0e-495f-939f-4f29868a9241/in_use.lock acquired by nodename 2549@pr-hdds-1868-8w4sl-2612808232
2019-10-21 02:41:50,951 [pool-37-thread-1] INFO  storage.RaftStorageDirectory (RaftStorageDirectory.java:tryLock(328)) - Lock on /workdir/hadoop-ozone/integration-test/target/test-dir/MiniOzoneClusterImpl-0fab9602-85f6-488d-9219-5a9ff83e13af/datanode-1/data/ratis/caefa95a-4e0e-495f-939f-4f29868a9241/in_use.lock acquired by nodename 2549@pr-hdds-1868-8w4sl-2612808232
2019-10-21 02:41:50,951 [pool-27-thread-1] INFO  storage.RaftStorageDirectory (RaftStorageDirectory.java:tryLock(328)) - Lock on /workdir/hadoop-ozone/integration-test/target/test-dir/MiniOzoneClusterImpl-0fab9602-85f6-488d-9219-5a9ff83e13af/datanode-0/data/ratis/caefa95a-4e0e-495f-939f-4f29868a9241/in_use.lock acquired by nodename 2549@pr-hdds-1868-8w4sl-2612808232
2019-10-21 02:41:50,965 [pool-27-thread-1] INFO  storage.RaftStorage (RaftStorage.java:format(84)) - Storage directory /workdir/hadoop-ozone/integration-test/target/test-dir/MiniOzoneClusterImpl-0fab9602-85f6-488d-9219-5a9ff83e13af/datanode-0/data/ratis/caefa95a-4e0e-495f-939f-4f29868a9241 has been successfully formatted.
2019-10-21 02:41:50,965 [pool-37-thread-1] INFO  storage.RaftStorage (RaftStorage.java:format(84)) - Storage directory /workdir/hadoop-ozone/integration-test/target/test-dir/MiniOzoneClusterImpl-0fab9602-85f6-488d-9219-5a9ff83e13af/datanode-1/data/ratis/caefa95a-4e0e-495f-939f-4f29868a9241 has been successfully formatted.
2019-10-21 02:41:50,965 [pool-59-thread-1] INFO  storage.RaftStorage (RaftStorage.java:format(84)) - Storage directory /workdir/hadoop-ozone/integration-test/target/test-dir/MiniOzoneClusterImpl-0fab9602-85f6-488d-9219-5a9ff83e13af/datanode-2/data/ratis/caefa95a-4e0e-495f-939f-4f29868a9241 has been successfully formatted.
2019-10-21 02:41:50,966 [pool-27-thread-1] INFO  ratis.ContainerStateMachine (ContainerStateMachine.java:loadSnapshot(233)) - group-4F29868A9241: The snapshot info is null. Setting the last applied indexto:(t:0, i:~)
2019-10-21 02:41:50,966 [pool-37-thread-1] INFO  ratis.ContainerStateMachine (ContainerStateMachine.java:loadSnapshot(233)) - group-4F29868A9241: The snapshot info is null. Setting the last applied indexto:(t:0, i:~)
2019-10-21 02:41:50,966 [pool-59-thread-1] INFO  ratis.ContainerStateMachine (ContainerStateMachine.java:loadSnapshot(233)) - group-4F29868A9241: The snapshot info is null. Setting the last applied indexto:(t:0, i:~)
2019-10-21 02:41:50,966 [pool-27-thread-1] INFO  server.RaftServerConfigKeys (ConfUtils.java:logGet(43)) - raft.server.notification.no-leader.timeout = 1000s (custom)
2019-10-21 02:41:50,966 [pool-59-thread-1] INFO  server.RaftServerConfigKeys (ConfUtils.java:logGet(43)) - raft.server.notification.no-leader.timeout = 1000s (custom)
2019-10-21 02:41:50,966 [pool-37-thread-1] INFO  server.RaftServerConfigKeys (ConfUtils.java:logGet(43)) - raft.server.notification.no-leader.timeout = 1000s (custom)
2019-10-21 02:41:50,966 [pool-59-thread-1] INFO  server.RaftServerConfigKeys (ConfUtils.java:logGet(43)) - raft.server.log.use.memory = false (default)
2019-10-21 02:41:50,966 [pool-27-thread-1] INFO  server.RaftServerConfigKeys (ConfUtils.java:logGet(43)) - raft.server.log.use.memory = false (default)
2019-10-21 02:41:50,967 [pool-59-thread-1] INFO  server.RaftServerConfigKeys (ConfUtils.java:logGet(43)) - raft.server.log.purge.gap = 1000000 (custom)
2019-10-21 02:41:50,967 [pool-27-thread-1] INFO  server.RaftServerConfigKeys (ConfUtils.java:logGet(43)) - raft.server.log.purge.gap = 1000000 (custom)
2019-10-21 02:41:50,966 [pool-37-thread-1] INFO  server.RaftServerConfigKeys (ConfUtils.java:logGet(43)) - raft.server.log.use.memory = false (default)
2019-10-21 02:41:50,967 [pool-27-thread-1] INFO  server.RaftServerConfigKeys (ConfUtils.java:logGet(43)) - raft.server.log.appender.buffer.byte-limit = 33554432 (custom)
2019-10-21 02:41:50,967 [pool-59-thread-1] INFO  server.RaftServerConfigKeys (ConfUtils.java:logGet(43)) - raft.server.log.appender.buffer.byte-limit = 33554432 (custom)
2019-10-21 02:41:50,967 [pool-27-thread-1] INFO  server.RaftServerConfigKeys (ConfUtils.java:logGet(43)) - raft.server.log.segment.size.max = 1048576 (custom)
2019-10-21 02:41:50,967 [pool-37-thread-1] INFO  server.RaftServerConfigKeys (ConfUtils.java:logGet(43)) - raft.server.log.purge.gap = 1000000 (custom)
2019-10-21 02:41:50,967 [pool-27-thread-1] INFO  server.RaftServerConfigKeys (ConfUtils.java:logGet(43)) - raft.server.log.segment.cache.num.max = 2 (custom)
2019-10-21 02:41:50,967 [pool-59-thread-1] INFO  server.RaftServerConfigKeys (ConfUtils.java:logGet(43)) - raft.server.log.segment.size.max = 1048576 (custom)
2019-10-21 02:41:50,968 [pool-27-thread-1] INFO  segmented.SegmentedRaftLogWorker (SegmentedRaftLogWorker.java:<init>(173)) - new d56bd5cd-a10f-47cc-a049-69cbb5837008@group-4F29868A9241-SegmentedRaftLogWorker for RaftStorage:Storage Directory /workdir/hadoop-ozone/integration-test/target/test-dir/MiniOzoneClusterImpl-0fab9602-85f6-488d-9219-5a9ff83e13af/datanode-0/data/ratis/caefa95a-4e0e-495f-939f-4f29868a9241
2019-10-21 02:41:50,967 [pool-37-thread-1] INFO  server.RaftServerConfigKeys (ConfUtils.java:logGet(43)) - raft.server.log.appender.buffer.byte-limit = 33554432 (custom)
2019-10-21 02:41:50,968 [pool-27-thread-1] INFO  server.RaftServerConfigKeys (ConfUtils.java:logGet(43)) - raft.server.log.queue.byte-limit = 2147483647 (custom)
2019-10-21 02:41:50,968 [pool-59-thread-1] INFO  server.RaftServerConfigKeys (ConfUtils.java:logGet(43)) - raft.server.log.segment.cache.num.max = 2 (custom)
2019-10-21 02:41:50,968 [pool-27-thread-1] INFO  server.RaftServerConfigKeys (ConfUtils.java:logGet(43)) - raft.server.log.queue.element-limit = 1024 (custom)
2019-10-21 02:41:50,968 [pool-37-thread-1] INFO  server.RaftServerConfigKeys (ConfUtils.java:logGet(43)) - raft.server.log.segment.size.max = 1048576 (custom)
2019-10-21 02:41:50,968 [pool-27-thread-1] INFO  server.RaftServerConfigKeys (ConfUtils.java:logGet(43)) - raft.server.log.segment.size.max = 1048576 (custom)
2019-10-21 02:41:50,968 [pool-59-thread-1] INFO  segmented.SegmentedRaftLogWorker (SegmentedRaftLogWorker.java:<init>(173)) - new 0299b781-7796-45ba-9036-f37ef6071f27@group-4F29868A9241-SegmentedRaftLogWorker for RaftStorage:Storage Directory /workdir/hadoop-ozone/integration-test/target/test-dir/MiniOzoneClusterImpl-0fab9602-85f6-488d-9219-5a9ff83e13af/datanode-2/data/ratis/caefa95a-4e0e-495f-939f-4f29868a9241
2019-10-21 02:41:50,969 [pool-27-thread-1] INFO  server.RaftServerConfigKeys (ConfUtils.java:logGet(43)) - raft.server.log.preallocated.size = 16384 (custom)
2019-10-21 02:41:50,968 [pool-37-thread-1] INFO  server.RaftServerConfigKeys (ConfUtils.java:logGet(43)) - raft.server.log.segment.cache.num.max = 2 (custom)
2019-10-21 02:41:50,969 [pool-27-thread-1] INFO  server.RaftServerConfigKeys (ConfUtils.java:logGet(43)) - raft.server.log.write.buffer.size = 33554432 (custom)
2019-10-21 02:41:50,969 [pool-59-thread-1] INFO  server.RaftServerConfigKeys (ConfUtils.java:logGet(43)) - raft.server.log.queue.byte-limit = 2147483647 (custom)
2019-10-21 02:41:50,969 [pool-27-thread-1] INFO  server.RaftServerConfigKeys (ConfUtils.java:logGet(43)) - raft.server.log.force.sync.num = 128 (default)
2019-10-21 02:41:50,969 [pool-37-thread-1] INFO  segmented.SegmentedRaftLogWorker (SegmentedRaftLogWorker.java:<init>(173)) - new 346fa4f8-3ab8-43df-a502-3f4b9443122a@group-4F29868A9241-SegmentedRaftLogWorker for RaftStorage:Storage Directory /workdir/hadoop-ozone/integration-test/target/test-dir/MiniOzoneClusterImpl-0fab9602-85f6-488d-9219-5a9ff83e13af/datanode-1/data/ratis/caefa95a-4e0e-495f-939f-4f29868a9241
2019-10-21 02:41:50,969 [pool-27-thread-1] INFO  server.RaftServerConfigKeys (ConfUtils.java:logGet(43)) - raft.server.log.statemachine.data.sync = true (default)
2019-10-21 02:41:50,969 [pool-59-thread-1] INFO  server.RaftServerConfigKeys (ConfUtils.java:logGet(43)) - raft.server.log.queue.element-limit = 1024 (custom)
2019-10-21 02:41:50,970 [pool-27-thread-1] INFO  server.RaftServerConfigKeys (ConfUtils.java:logGet(43)) - raft.server.log.statemachine.data.sync.timeout = 10s (default)
2019-10-21 02:41:50,969 [pool-37-thread-1] INFO  server.RaftServerConfigKeys (ConfUtils.java:logGet(43)) - raft.server.log.queue.byte-limit = 2147483647 (custom)
2019-10-21 02:41:50,970 [pool-27-thread-1] INFO  server.RaftServerConfigKeys (ConfUtils.java:logGet(43)) - raft.server.log.statemachine.data.sync.timeout.retry = -1 (default)
2019-10-21 02:41:50,970 [pool-59-thread-1] INFO  server.RaftServerConfigKeys (ConfUtils.java:logGet(43)) - raft.server.log.segment.size.max = 1048576 (custom)
2019-10-21 02:41:50,970 [pool-37-thread-1] INFO  server.RaftServerConfigKeys (ConfUtils.java:logGet(43)) - raft.server.log.queue.element-limit = 1024 (custom)
2019-10-21 02:41:50,970 [pool-27-thread-1] INFO  server.RaftServerConfigKeys (ConfUtils.java:logGet(43)) - raft.server.log.statemachine.data.caching.enabled = true (custom)
2019-10-21 02:41:50,970 [pool-59-thread-1] INFO  server.RaftServerConfigKeys (ConfUtils.java:logGet(43)) - raft.server.log.preallocated.size = 16384 (custom)
2019-10-21 02:41:50,970 [pool-37-thread-1] INFO  server.RaftServerConfigKeys (ConfUtils.java:logGet(43)) - raft.server.log.segment.size.max = 1048576 (custom)
2019-10-21 02:41:50,970 [pool-59-thread-1] INFO  server.RaftServerConfigKeys (ConfUtils.java:logGet(43)) - raft.server.log.write.buffer.size = 33554432 (custom)
2019-10-21 02:41:50,971 [pool-37-thread-1] INFO  server.RaftServerConfigKeys (ConfUtils.java:logGet(43)) - raft.server.log.preallocated.size = 16384 (custom)
2019-10-21 02:41:50,971 [pool-59-thread-1] INFO  server.RaftServerConfigKeys (ConfUtils.java:logGet(43)) - raft.server.log.force.sync.num = 128 (default)
2019-10-21 02:41:50,971 [pool-27-thread-1] INFO  segmented.SegmentedRaftLogWorker (SegmentedRaftLogWorker.java:lambda$new$0(128)) - d56bd5cd-a10f-47cc-a049-69cbb5837008@group-4F29868A9241-SegmentedRaftLogWorker: flushIndex: setUnconditionally 0 -> -1
2019-10-21 02:41:50,971 [pool-59-thread-1] INFO  server.RaftServerConfigKeys (ConfUtils.java:logGet(43)) - raft.server.log.statemachine.data.sync = true (default)
2019-10-21 02:41:50,971 [pool-37-thread-1] INFO  server.RaftServerConfigKeys (ConfUtils.java:logGet(43)) - raft.server.log.write.buffer.size = 33554432 (custom)
2019-10-21 02:41:50,971 [pool-27-thread-1] INFO  server.RaftServerConfigKeys (ConfUtils.java:logGet(43)) - raft.server.snapshot.auto.trigger.enabled = true (custom)
2019-10-21 02:41:50,971 [pool-59-thread-1] INFO  server.RaftServerConfigKeys (ConfUtils.java:logGet(43)) - raft.server.log.statemachine.data.sync.timeout = 10s (default)
2019-10-21 02:41:50,972 [pool-27-thread-1] INFO  server.RaftServerConfigKeys (ConfUtils.java:logGet(43)) - raft.server.snapshot.auto.trigger.threshold = 10000 (custom)
2019-10-21 02:41:50,972 [pool-37-thread-1] INFO  server.RaftServerConfigKeys (ConfUtils.java:logGet(43)) - raft.server.log.force.sync.num = 128 (default)
2019-10-21 02:41:50,972 [pool-27-thread-1] INFO  server.RaftServerConfigKeys (ConfUtils.java:logGet(43)) - raft.server.snapshot.retention.file.num = 5 (custom)
2019-10-21 02:41:50,972 [pool-59-thread-1] INFO  server.RaftServerConfigKeys (ConfUtils.java:logGet(43)) - raft.server.log.statemachine.data.sync.timeout.retry = -1 (default)
2019-10-21 02:41:50,972 [pool-27-thread-1] INFO  server.RaftServerConfigKeys (ConfUtils.java:logGet(43)) - raft.server.retrycache.expirytime = 600000ms (custom)
2019-10-21 02:41:50,972 [pool-37-thread-1] INFO  server.RaftServerConfigKeys (ConfUtils.java:logGet(43)) - raft.server.log.statemachine.data.sync = true (default)
2019-10-21 02:41:50,972 [pool-27-thread-1] WARN  impl.MetricRegistriesImpl (MetricRegistriesImpl.java:lambda$create$1(61)) - First MetricRegistry has been created without registering reporters. You may need to call MetricRegistries.global().addReportRegistration(...) before.
2019-10-21 02:41:50,972 [pool-59-thread-1] INFO  server.RaftServerConfigKeys (ConfUtils.java:logGet(43)) - raft.server.log.statemachine.data.caching.enabled = true (custom)
2019-10-21 02:41:50,973 [pool-27-thread-1] WARN  impl.MetricRegistriesImpl (MetricRegistriesImpl.java:lambda$create$1(61)) - First MetricRegistry has been created without registering reporters. You may need to call MetricRegistries.global().addReportRegistration(...) before.
2019-10-21 02:41:50,972 [pool-37-thread-1] INFO  server.RaftServerConfigKeys (ConfUtils.java:logGet(43)) - raft.server.log.statemachine.data.sync.timeout = 10s (default)
2019-10-21 02:41:50,973 [pool-27-thread-1] INFO  impl.RaftServerImpl (RaftServerImpl.java:start(184)) - d56bd5cd-a10f-47cc-a049-69cbb5837008@group-4F29868A9241: start as a follower, conf=-1: [d56bd5cd-a10f-47cc-a049-69cbb5837008:192.168.34.9:41391, 346fa4f8-3ab8-43df-a502-3f4b9443122a:192.168.34.9:34701, 0299b781-7796-45ba-9036-f37ef6071f27:192.168.34.9:33798], old=null
2019-10-21 02:41:50,973 [pool-59-thread-1] INFO  segmented.SegmentedRaftLogWorker (SegmentedRaftLogWorker.java:lambda$new$0(128)) - 0299b781-7796-45ba-9036-f37ef6071f27@group-4F29868A9241-SegmentedRaftLogWorker: flushIndex: setUnconditionally 0 -> -1
2019-10-21 02:41:50,973 [pool-27-thread-1] INFO  impl.RaftServerImpl (RaftServerImpl.java:setRole(173)) - d56bd5cd-a10f-47cc-a049-69cbb5837008@group-4F29868A9241: changes role from      null to FOLLOWER at term 0 for startAsFollower
2019-10-21 02:41:50,973 [pool-37-thread-1] INFO  server.RaftServerConfigKeys (ConfUtils.java:logGet(43)) - raft.server.log.statemachine.data.sync.timeout.retry = -1 (default)
2019-10-21 02:41:50,973 [pool-27-thread-1] INFO  impl.RoleInfo (RoleInfo.java:updateAndGet(143)) - d56bd5cd-a10f-47cc-a049-69cbb5837008: start FollowerState
2019-10-21 02:41:50,973 [pool-59-thread-1] INFO  server.RaftServerConfigKeys (ConfUtils.java:logGet(43)) - raft.server.snapshot.auto.trigger.enabled = true (custom)
2019-10-21 02:41:50,973 [pool-37-thread-1] INFO  server.RaftServerConfigKeys (ConfUtils.java:logGet(43)) - raft.server.log.statemachine.data.caching.enabled = true (custom)
2019-10-21 02:41:50,973 [pool-59-thread-1] INFO  server.RaftServerConfigKeys (ConfUtils.java:logGet(43)) - raft.server.snapshot.auto.trigger.threshold = 10000 (custom)
2019-10-21 02:41:50,974 [pool-59-thread-1] INFO  server.RaftServerConfigKeys (ConfUtils.java:logGet(43)) - raft.server.snapshot.retention.file.num = 5 (custom)
2019-10-21 02:41:50,974 [pool-27-thread-1] INFO  util.JmxRegister (JmxRegister.java:tryRegister(44)) - Successfully registered JMX Bean with object name Ratis:service=RaftServer,group=group-4F29868A9241,id=d56bd5cd-a10f-47cc-a049-69cbb5837008
2019-10-21 02:41:50,974 [pool-59-thread-1] INFO  server.RaftServerConfigKeys (ConfUtils.java:logGet(43)) - raft.server.retrycache.expirytime = 600000ms (custom)
2019-10-21 02:41:50,974 [pool-37-thread-1] INFO  segmented.SegmentedRaftLogWorker (SegmentedRaftLogWorker.java:lambda$new$0(128)) - 346fa4f8-3ab8-43df-a502-3f4b9443122a@group-4F29868A9241-SegmentedRaftLogWorker: flushIndex: setUnconditionally 0 -> -1
2019-10-21 02:41:50,974 [pool-59-thread-1] WARN  impl.MetricRegistriesImpl (MetricRegistriesImpl.java:lambda$create$1(61)) - First MetricRegistry has been created without registering reporters. You may need to call MetricRegistries.global().addReportRegistration(...) before.
2019-10-21 02:41:50,974 [pool-27-thread-1] WARN  impl.MetricRegistriesImpl (MetricRegistriesImpl.java:lambda$create$1(61)) - First MetricRegistry has been created without registering reporters. You may need to call MetricRegistries.global().addReportRegistration(...) before.
2019-10-21 02:41:50,974 [pool-37-thread-1] INFO  server.RaftServerConfigKeys (ConfUtils.java:logGet(43)) - raft.server.snapshot.auto.trigger.enabled = true (custom)
2019-10-21 02:41:50,974 [pool-59-thread-1] WARN  impl.MetricRegistriesImpl (MetricRegistriesImpl.java:lambda$create$1(61)) - First MetricRegistry has been created without registering reporters. You may need to call MetricRegistries.global().addReportRegistration(...) before.
2019-10-21 02:41:50,974 [pool-37-thread-1] INFO  server.RaftServerConfigKeys (ConfUtils.java:logGet(43)) - raft.server.snapshot.auto.trigger.threshold = 10000 (custom)
2019-10-21 02:41:50,975 [pool-37-thread-1] INFO  server.RaftServerConfigKeys (ConfUtils.java:logGet(43)) - raft.server.snapshot.retention.file.num = 5 (custom)
2019-10-21 02:41:50,975 [pool-59-thread-1] INFO  impl.RaftServerImpl (RaftServerImpl.java:start(184)) - 0299b781-7796-45ba-9036-f37ef6071f27@group-4F29868A9241: start as a follower, conf=-1: [d56bd5cd-a10f-47cc-a049-69cbb5837008:192.168.34.9:41391, 346fa4f8-3ab8-43df-a502-3f4b9443122a:192.168.34.9:34701, 0299b781-7796-45ba-9036-f37ef6071f27:192.168.34.9:33798], old=null
2019-10-21 02:41:50,975 [pool-37-thread-1] INFO  server.RaftServerConfigKeys (ConfUtils.java:logGet(43)) - raft.server.retrycache.expirytime = 600000ms (custom)
2019-10-21 02:41:50,975 [pool-59-thread-1] INFO  impl.RaftServerImpl (RaftServerImpl.java:setRole(173)) - 0299b781-7796-45ba-9036-f37ef6071f27@group-4F29868A9241: changes role from      null to FOLLOWER at term 0 for startAsFollower
2019-10-21 02:41:50,975 [pool-37-thread-1] WARN  impl.MetricRegistriesImpl (MetricRegistriesImpl.java:lambda$create$1(61)) - First MetricRegistry has been created without registering reporters. You may need to call MetricRegistries.global().addReportRegistration(...) before.
2019-10-21 02:41:50,975 [pool-59-thread-1] INFO  impl.RoleInfo (RoleInfo.java:updateAndGet(143)) - 0299b781-7796-45ba-9036-f37ef6071f27: start FollowerState
2019-10-21 02:41:50,975 [pool-37-thread-1] WARN  impl.MetricRegistriesImpl (MetricRegistriesImpl.java:lambda$create$1(61)) - First MetricRegistry has been created without registering reporters. You may need to call MetricRegistries.global().addReportRegistration(...) before.
2019-10-21 02:41:50,975 [pool-37-thread-1] INFO  impl.RaftServerImpl (RaftServerImpl.java:start(184)) - 346fa4f8-3ab8-43df-a502-3f4b9443122a@group-4F29868A9241: start as a follower, conf=-1: [d56bd5cd-a10f-47cc-a049-69cbb5837008:192.168.34.9:41391, 346fa4f8-3ab8-43df-a502-3f4b9443122a:192.168.34.9:34701, 0299b781-7796-45ba-9036-f37ef6071f27:192.168.34.9:33798], old=null
2019-10-21 02:41:50,979 [pool-37-thread-1] INFO  impl.RaftServerImpl (RaftServerImpl.java:setRole(173)) - 346fa4f8-3ab8-43df-a502-3f4b9443122a@group-4F29868A9241: changes role from      null to FOLLOWER at term 0 for startAsFollower
2019-10-21 02:41:50,979 [pool-59-thread-1] INFO  util.JmxRegister (JmxRegister.java:tryRegister(44)) - Successfully registered JMX Bean with object name Ratis:service=RaftServer,group=group-4F29868A9241,id=0299b781-7796-45ba-9036-f37ef6071f27
2019-10-21 02:41:50,979 [pool-37-thread-1] INFO  impl.RoleInfo (RoleInfo.java:updateAndGet(143)) - 346fa4f8-3ab8-43df-a502-3f4b9443122a: start FollowerState
2019-10-21 02:41:50,979 [pool-59-thread-1] WARN  impl.MetricRegistriesImpl (MetricRegistriesImpl.java:lambda$create$1(61)) - First MetricRegistry has been created without registering reporters. You may need to call MetricRegistries.global().addReportRegistration(...) before.
2019-10-21 02:41:50,980 [pool-37-thread-1] INFO  util.JmxRegister (JmxRegister.java:tryRegister(44)) - Successfully registered JMX Bean with object name Ratis:service=RaftServer,group=group-4F29868A9241,id=346fa4f8-3ab8-43df-a502-3f4b9443122a
2019-10-21 02:41:50,980 [pool-37-thread-1] WARN  impl.MetricRegistriesImpl (MetricRegistriesImpl.java:lambda$create$1(61)) - First MetricRegistry has been created without registering reporters. You may need to call MetricRegistries.global().addReportRegistration(...) before.
2019-10-21 02:41:50,982 [RatisPipelineUtilsThread] INFO  pipeline.PipelineStateManager (PipelineStateManager.java:addPipeline(55)) - Created pipeline Pipeline[ Id: caefa95a-4e0e-495f-939f-4f29868a9241, Nodes: 346fa4f8-3ab8-43df-a502-3f4b9443122a{ip: 192.168.34.9, host: pr-hdds-1868-8w4sl-2612808232, networkLocation: /default-rack, certSerialId: null}d56bd5cd-a10f-47cc-a049-69cbb5837008{ip: 192.168.34.9, host: pr-hdds-1868-8w4sl-2612808232, networkLocation: /default-rack, certSerialId: null}0299b781-7796-45ba-9036-f37ef6071f27{ip: 192.168.34.9, host: pr-hdds-1868-8w4sl-2612808232, networkLocation: /default-rack, certSerialId: null}, Type:RATIS, Factor:THREE, State:ALLOCATED]
2019-10-21 02:41:51,008 [java.util.concurrent.ThreadPoolExecutor$Worker@411a2772[State = -1, empty queue]] WARN  server.GrpcLogAppender (GrpcLogAppender.java:timeoutAppendRequest(209)) - 346fa4f8-3ab8-43df-a502-3f4b9443122a@group-98ACF608DB4D->0299b781-7796-45ba-9036-f37ef6071f27-GrpcLogAppender: appendEntries Timeout, request=346fa4f8-3ab8-43df-a502-3f4b9443122a->0299b781-7796-45ba-9036-f37ef6071f27#53-t1, previous=(t:1, i:10), leaderCommit=10, initializing? false, entries: <empty>
2019-10-21 02:41:51,036 [EventQueue-PendingDeleteStatusForPendingDeleteHandler] INFO  block.SCMBlockDeletingService (SCMBlockDeletingService.java:handlePendingDeletes(115)) - Block deletion txnID mismatch in datanode 0299b781-7796-45ba-9036-f37ef6071f27 for containerID 1. Datanode delete txnID: 0, SCM txnID: 1
2019-10-21 02:41:51,177 [BlockDeletingService#2] WARN  background.BlockDeletingService (BlockDeletingService.java:isDeletionAllowed(187)) - Close Container log Index 6 is not replicated across allthe servers in the pipeline b247b7b0-bc56-4c4b-9e26-98acf608db4d as the min replicated index is 4. Deletion is not allowed in this container yet.
2019-10-21 02:41:51,177 [BlockDeletingService#2] WARN  background.BlockDeletingService (BlockDeletingService.java:isDeletionAllowed(187)) - Close Container log Index 6 is not replicated across allthe servers in the pipeline b247b7b0-bc56-4c4b-9e26-98acf608db4d as the min replicated index is 4. Deletion is not allowed in this container yet.
2019-10-21 02:41:51,267 [Thread-608] INFO  client.GrpcClientProtocolService (GrpcClientProtocolService.java:lambda$processClientRequest$0(279)) - Failed RaftClientRequest:client-A91BDCACAE43->0299b781-7796-45ba-9036-f37ef6071f27@group-98ACF608DB4D, cid=22, seq=0, Watch-ALL_COMMITTED(6), Message:<EMPTY>, reply=RaftClientReply:client-A91BDCACAE43->0299b781-7796-45ba-9036-f37ef6071f27@group-98ACF608DB4D, cid=22, FAILED org.apache.ratis.protocol.NotLeaderException: Server 0299b781-7796-45ba-9036-f37ef6071f27@group-98ACF608DB4D is not the leader, logIndex=0, commits[0299b781-7796-45ba-9036-f37ef6071f27:c3]
2019-10-21 02:41:51,436 [EventQueue-PendingDeleteStatusForPendingDeleteHandler] INFO  block.SCMBlockDeletingService (SCMBlockDeletingService.java:handlePendingDeletes(115)) - Block deletion txnID mismatch in datanode 0299b781-7796-45ba-9036-f37ef6071f27 for containerID 1. Datanode delete txnID: 0, SCM txnID: 1
2019-10-21 02:41:51,649 [pool-7-thread-5] INFO  commands.RetriableDatanodeEventWatcher (RetriableDatanodeEventWatcher.java:onTimeout(47)) - RetriableDatanodeCommand type=deleteBlocksCommand with id=1571625703644 timed out. Retrying.
2019-10-21 02:41:51,650 [pool-7-thread-1] INFO  commands.RetriableDatanodeEventWatcher (RetriableDatanodeEventWatcher.java:onTimeout(47)) - RetriableDatanodeCommand type=deleteBlocksCommand with id=1571625703642 timed out. Retrying.
2019-10-21 02:41:51,650 [pool-7-thread-3] INFO  commands.RetriableDatanodeEventWatcher (RetriableDatanodeEventWatcher.java:onTimeout(47)) - RetriableDatanodeCommand type=deleteBlocksCommand with id=1571625703646 timed out. Retrying.
2019-10-21 02:41:51,650 [pool-7-thread-6] INFO  commands.RetriableDatanodeEventWatcher (RetriableDatanodeEventWatcher.java:onTimeout(47)) - RetriableDatanodeCommand type=deleteBlocksCommand with id=1571625703648 timed out. Retrying.
2019-10-21 02:41:51,650 [SCMBlockDeletingService#1] INFO  block.SCMBlockDeletingService (SCMBlockDeletingService.java:call(184)) - Totally added 1 delete blocks command for 1 datanodes, task elapsed time: 1ms
2019-10-21 02:41:51,651 [pool-7-thread-2] INFO  commands.RetriableDatanodeEventWatcher (RetriableDatanodeEventWatcher.java:onTimeout(47)) - RetriableDatanodeCommand type=deleteBlocksCommand with id=1571625703643 timed out. Retrying.
2019-10-21 02:41:51,651 [pool-7-thread-1] INFO  commands.RetriableDatanodeEventWatcher (RetriableDatanodeEventWatcher.java:onTimeout(47)) - RetriableDatanodeCommand type=deleteBlocksCommand with id=1571625703640 timed out. Retrying.
2019-10-21 02:41:51,651 [pool-7-thread-3] INFO  commands.RetriableDatanodeEventWatcher (RetriableDatanodeEventWatcher.java:onTimeout(47)) - RetriableDatanodeCommand type=deleteBlocksCommand with id=1571625703647 timed out. Retrying.
2019-10-21 02:41:51,651 [pool-7-thread-6] INFO  commands.RetriableDatanodeEventWatcher (RetriableDatanodeEventWatcher.java:onTimeout(47)) - RetriableDatanodeCommand type=deleteBlocksCommand with id=1571625703645 timed out. Retrying.
2019-10-21 02:41:51,736 [EventQueue-PendingDeleteStatusForPendingDeleteHandler] INFO  block.SCMBlockDeletingService (SCMBlockDeletingService.java:handlePendingDeletes(115)) - Block deletion txnID mismatch in datanode 0299b781-7796-45ba-9036-f37ef6071f27 for containerID 1. Datanode delete txnID: 0, SCM txnID: 1
2019-10-21 02:41:51,779 [Command processor thread] INFO  commandhandler.DeleteBlocksCommandHandler (DeleteBlocksCommandHandler.java:handle(106)) - Start to delete container blocks, TXIDs=[1(0)], numOfContainers=1, numOfBlocks=1
2019-10-21 02:41:51,780 [Command processor thread] INFO  commandhandler.DeleteBlocksCommandHandler (DeleteBlocksCommandHandler.java:handle(106)) - Start to delete container blocks, TXIDs=[1(2)], numOfContainers=1, numOfBlocks=1
2019-10-21 02:41:51,780 [Command processor thread] INFO  commandhandler.DeleteBlocksCommandHandler (DeleteBlocksCommandHandler.java:handle(106)) - Start to delete container blocks, TXIDs=[1(0)], numOfContainers=1, numOfBlocks=1
2019-10-21 02:41:51,780 [Command processor thread] INFO  commandhandler.DeleteBlocksCommandHandler (DeleteBlocksCommandHandler.java:handle(106)) - Start to delete container blocks, TXIDs=[1(2)], numOfContainers=1, numOfBlocks=1
2019-10-21 02:41:51,780 [Command processor thread] INFO  commandhandler.DeleteBlocksCommandHandler (DeleteBlocksCommandHandler.java:handle(106)) - Start to delete container blocks, TXIDs=[1(2)], numOfContainers=1, numOfBlocks=1
2019-10-21 02:41:51,781 [Command processor thread] INFO  commandhandler.DeleteBlocksCommandHandler (DeleteBlocksCommandHandler.java:handle(106)) - Start to delete container blocks, TXIDs=[1(0)], numOfContainers=1, numOfBlocks=1
2019-10-21 02:41:51,781 [Command processor thread] INFO  commandhandler.DeleteBlocksCommandHandler (DeleteBlocksCommandHandler.java:handle(106)) - Start to delete container blocks, TXIDs=[1(2)], numOfContainers=1, numOfBlocks=1
2019-10-21 02:41:51,781 [Command processor thread] INFO  commandhandler.DeleteBlocksCommandHandler (DeleteBlocksCommandHandler.java:handle(106)) - Start to delete container blocks, TXIDs=[1(2)], numOfContainers=1, numOfBlocks=1
2019-10-21 02:41:51,782 [Command processor thread] INFO  commandhandler.DeleteBlocksCommandHandler (DeleteBlocksCommandHandler.java:handle(106)) - Start to delete container blocks, TXIDs=[1(2)], numOfContainers=1, numOfBlocks=1
2019-10-21 02:41:51,782 [Command processor thread] INFO  commandhandler.DeleteBlocksCommandHandler (DeleteBlocksCommandHandler.java:handle(106)) - Start to delete container blocks, TXIDs=[1(0)], numOfContainers=1, numOfBlocks=1
2019-10-21 02:41:51,782 [Command processor thread] INFO  commandhandler.DeleteBlocksCommandHandler (DeleteBlocksCommandHandler.java:handle(106)) - Start to delete container blocks, TXIDs=[1(2)], numOfContainers=1, numOfBlocks=1
2019-10-21 02:41:51,782 [Command processor thread] INFO  commandhandler.DeleteBlocksCommandHandler (DeleteBlocksCommandHandler.java:handle(106)) - Start to delete container blocks, TXIDs=[1(2)], numOfContainers=1, numOfBlocks=1
2019-10-21 02:41:51,783 [Command processor thread] INFO  commandhandler.DeleteBlocksCommandHandler (DeleteBlocksCommandHandler.java:handle(106)) - Start to delete container blocks, TXIDs=[1(0)], numOfContainers=1, numOfBlocks=1
2019-10-21 02:41:51,783 [Command processor thread] INFO  commandhandler.DeleteBlocksCommandHandler (DeleteBlocksCommandHandler.java:handle(106)) - Start to delete container blocks, TXIDs=[1(2)], numOfContainers=1, numOfBlocks=1
2019-10-21 02:41:51,783 [Command processor thread] INFO  commandhandler.DeleteBlocksCommandHandler (DeleteBlocksCommandHandler.java:handle(106)) - Start to delete container blocks, TXIDs=[1(2)], numOfContainers=1, numOfBlocks=1
2019-10-21 02:41:51,783 [Command processor thread] INFO  commandhandler.DeleteBlocksCommandHandler (DeleteBlocksCommandHandler.java:handle(106)) - Start to delete container blocks, TXIDs=[1(2)], numOfContainers=1, numOfBlocks=1
2019-10-21 02:41:51,784 [Command processor thread] INFO  commandhandler.DeleteBlocksCommandHandler (DeleteBlocksCommandHandler.java:handle(106)) - Start to delete container blocks, TXIDs=[1(2)], numOfContainers=1, numOfBlocks=1
2019-10-21 02:41:51,784 [Command processor thread] INFO  commandhandler.DeleteBlocksCommandHandler (DeleteBlocksCommandHandler.java:handle(106)) - Start to delete container blocks, TXIDs=[1(2)], numOfContainers=1, numOfBlocks=1
2019-10-21 02:41:51,784 [Command processor thread] INFO  commandhandler.DeleteBlocksCommandHandler (DeleteBlocksCommandHandler.java:handle(106)) - Start to delete container blocks, TXIDs=[1(2)], numOfContainers=1, numOfBlocks=1
2019-10-21 02:41:51,784 [Command processor thread] INFO  commandhandler.DeleteBlocksCommandHandler (DeleteBlocksCommandHandler.java:handle(106)) - Start to delete container blocks, TXIDs=[1(2)], numOfContainers=1, numOfBlocks=1
2019-10-21 02:41:51,785 [Command processor thread] INFO  commandhandler.DeleteBlocksCommandHandler (DeleteBlocksCommandHandler.java:handle(106)) - Start to delete container blocks, TXIDs=[1(0)], numOfContainers=1, numOfBlocks=1
2019-10-21 02:41:51,785 [Command processor thread] INFO  commandhandler.DeleteBlocksCommandHandler (DeleteBlocksCommandHandler.java:handle(106)) - Start to delete container blocks, TXIDs=[1(2)], numOfContainers=1, numOfBlocks=1
2019-10-21 02:41:51,785 [Command processor thread] INFO  commandhandler.DeleteBlocksCommandHandler (DeleteBlocksCommandHandler.java:handle(106)) - Start to delete container blocks, TXIDs=[1(2)], numOfContainers=1, numOfBlocks=1
2019-10-21 02:41:51,785 [Command processor thread] INFO  commandhandler.DeleteBlocksCommandHandler (DeleteBlocksCommandHandler.java:handle(106)) - Start to delete container blocks, TXIDs=[1(2)], numOfContainers=1, numOfBlocks=1
2019-10-21 02:41:51,786 [Command processor thread] INFO  commandhandler.DeleteBlocksCommandHandler (DeleteBlocksCommandHandler.java:handle(106)) - Start to delete container blocks, TXIDs=[1(2)], numOfContainers=1, numOfBlocks=1
2019-10-21 02:41:51,786 [Command processor thread] INFO  commandhandler.DeleteBlocksCommandHandler (DeleteBlocksCommandHandler.java:handle(106)) - Start to delete container blocks, TXIDs=[1(2)], numOfContainers=1, numOfBlocks=1
2019-10-21 02:41:51,786 [Command processor thread] INFO  commandhandler.DeleteBlocksCommandHandler (DeleteBlocksCommandHandler.java:handle(106)) - Start to delete container blocks, TXIDs=[1(0)], numOfContainers=1, numOfBlocks=1
2019-10-21 02:41:51,786 [Command processor thread] INFO  commandhandler.DeleteBlocksCommandHandler (DeleteBlocksCommandHandler.java:handle(106)) - Start to delete container blocks, TXIDs=[1(2)], numOfContainers=1, numOfBlocks=1
2019-10-21 02:41:51,787 [Command processor thread] INFO  commandhandler.DeleteBlocksCommandHandler (DeleteBlocksCommandHandler.java:handle(106)) - Start to delete container blocks, TXIDs=[1(2)], numOfContainers=1, numOfBlocks=1
2019-10-21 02:41:51,787 [Command processor thread] INFO  commandhandler.DeleteBlocksCommandHandler (DeleteBlocksCommandHandler.java:handle(106)) - Start to delete container blocks, TXIDs=[1(2)], numOfContainers=1, numOfBlocks=1
2019-10-21 02:41:51,787 [Command processor thread] INFO  commandhandler.DeleteBlocksCommandHandler (DeleteBlocksCommandHandler.java:handle(106)) - Start to delete container blocks, TXIDs=[1(2)], numOfContainers=1, numOfBlocks=1
2019-10-21 02:41:51,788 [Command processor thread] INFO  commandhandler.DeleteBlocksCommandHandler (DeleteBlocksCommandHandler.java:handle(106)) - Start to delete container blocks, TXIDs=[1(2)], numOfContainers=1, numOfBlocks=1
2019-10-21 02:41:51,788 [Command processor thread] INFO  commandhandler.DeleteBlocksCommandHandler (DeleteBlocksCommandHandler.java:handle(106)) - Start to delete container blocks, TXIDs=[1(2)], numOfContainers=1, numOfBlocks=1
2019-10-21 02:41:51,788 [Command processor thread] INFO  commandhandler.DeleteBlocksCommandHandler (DeleteBlocksCommandHandler.java:handle(106)) - Start to delete container blocks, TXIDs=[1(2)], numOfContainers=1, numOfBlocks=1
2019-10-21 02:41:51,788 [Command processor thread] INFO  commandhandler.DeleteBlocksCommandHandler (DeleteBlocksCommandHandler.java:handle(106)) - Start to delete container blocks, TXIDs=[1(0)], numOfContainers=1, numOfBlocks=1
2019-10-21 02:41:51,788 [Command processor thread] INFO  commandhandler.DeleteBlocksCommandHandler (DeleteBlocksCommandHandler.java:handle(106)) - Start to delete container blocks, TXIDs=[1(2)], numOfContainers=1, numOfBlocks=1
2019-10-21 02:41:51,789 [Command processor thread] INFO  commandhandler.DeleteBlocksCommandHandler (DeleteBlocksCommandHandler.java:handle(106)) - Start to delete container blocks, TXIDs=[1(2)], numOfContainers=1, numOfBlocks=1
2019-10-21 02:41:51,789 [Command processor thread] INFO  commandhandler.DeleteBlocksCommandHandler (DeleteBlocksCommandHandler.java:handle(106)) - Start to delete container blocks, TXIDs=[1(2)], numOfContainers=1, numOfBlocks=1
2019-10-21 02:41:51,789 [Command processor thread] INFO  commandhandler.DeleteBlocksCommandHandler (DeleteBlocksCommandHandler.java:handle(106)) - Start to delete container blocks, TXIDs=[1(38)], numOfContainers=1, numOfBlocks=1
2019-10-21 02:41:51,790 [Command processor thread] INFO  commandhandler.DeleteBlocksCommandHandler (DeleteBlocksCommandHandler.java:handle(106)) - Start to delete container blocks, TXIDs=[1(2)], numOfContainers=1, numOfBlocks=1
2019-10-21 02:41:51,790 [Command processor thread] INFO  commandhandler.DeleteBlocksCommandHandler (DeleteBlocksCommandHandler.java:handle(106)) - Start to delete container blocks, TXIDs=[1(2)], numOfContainers=1, numOfBlocks=1
2019-10-21 02:41:51,790 [Command processor thread] INFO  commandhandler.DeleteBlocksCommandHandler (DeleteBlocksCommandHandler.java:handle(106)) - Start to delete container blocks, TXIDs=[1(2)], numOfContainers=1, numOfBlocks=1
2019-10-21 02:41:51,790 [Command processor thread] INFO  commandhandler.DeleteBlocksCommandHandler (DeleteBlocksCommandHandler.java:handle(106)) - Start to delete container blocks, TXIDs=[1(0)], numOfContainers=1, numOfBlocks=1
2019-10-21 02:41:51,790 [Command processor thread] INFO  commandhandler.DeleteBlocksCommandHandler (DeleteBlocksCommandHandler.java:handle(106)) - Start to delete container blocks, TXIDs=[1(2)], numOfContainers=1, numOfBlocks=1
2019-10-21 02:41:51,791 [Command processor thread] INFO  commandhandler.DeleteBlocksCommandHandler (DeleteBlocksCommandHandler.java:handle(106)) - Start to delete container blocks, TXIDs=[1(2)], numOfContainers=1, numOfBlocks=1
2019-10-21 02:41:51,824 [Thread-575] INFO  impl.FollowerState (FollowerState.java:run(111)) - 0299b781-7796-45ba-9036-f37ef6071f27@group-98ACF608DB4D-FollowerState: change to CANDIDATE, lastRpcTime:5073ms, electionTimeout:5073ms
2019-10-21 02:41:51,824 [Thread-575] INFO  impl.RoleInfo (RoleInfo.java:shutdownFollowerState(121)) - 0299b781-7796-45ba-9036-f37ef6071f27: shutdown FollowerState
2019-10-21 02:41:51,824 [Thread-575] INFO  impl.RaftServerImpl (RaftServerImpl.java:setRole(173)) - 0299b781-7796-45ba-9036-f37ef6071f27@group-98ACF608DB4D: changes role from  FOLLOWER to CANDIDATE at term 1 for changeToCandidate
2019-10-21 02:41:51,824 [Thread-575] INFO  impl.RoleInfo (RoleInfo.java:updateAndGet(143)) - 0299b781-7796-45ba-9036-f37ef6071f27: start LeaderElection
2019-10-21 02:41:51,853 [0299b781-7796-45ba-9036-f37ef6071f27@group-98ACF608DB4D-LeaderElection6] INFO  impl.LeaderElection (LeaderElection.java:askForVotes(178)) - 0299b781-7796-45ba-9036-f37ef6071f27@group-98ACF608DB4D-LeaderElection6: begin an election at term 2 for 0: [d56bd5cd-a10f-47cc-a049-69cbb5837008:192.168.34.9:41391, 346fa4f8-3ab8-43df-a502-3f4b9443122a:192.168.34.9:34701, 0299b781-7796-45ba-9036-f37ef6071f27:192.168.34.9:33798], old=null
2019-10-21 02:41:51,861 [grpc-default-executor-3] INFO  impl.RaftServerImpl (ServerState.java:setLeader(255)) - d56bd5cd-a10f-47cc-a049-69cbb5837008@group-98ACF608DB4D: change Leader from 346fa4f8-3ab8-43df-a502-3f4b9443122a to null at term 2 for updateCurrentTerm
2019-10-21 02:41:51,862 [grpc-default-executor-3] INFO  impl.RaftServerImpl (RaftServerImpl.java:setRole(173)) - d56bd5cd-a10f-47cc-a049-69cbb5837008@group-98ACF608DB4D: changes role from  FOLLOWER to FOLLOWER at term 2 for recognizeCandidate:0299b781-7796-45ba-9036-f37ef6071f27
2019-10-21 02:41:51,862 [grpc-default-executor-4] INFO  impl.RaftServerImpl (ServerState.java:setLeader(255)) - 346fa4f8-3ab8-43df-a502-3f4b9443122a@group-98ACF608DB4D: change Leader from 346fa4f8-3ab8-43df-a502-3f4b9443122a to null at term 2 for updateCurrentTerm
2019-10-21 02:41:51,862 [grpc-default-executor-3] INFO  impl.RoleInfo (RoleInfo.java:shutdownFollowerState(121)) - d56bd5cd-a10f-47cc-a049-69cbb5837008: shutdown FollowerState
2019-10-21 02:41:51,862 [grpc-default-executor-4] INFO  impl.RaftServerImpl (RaftServerImpl.java:setRole(173)) - 346fa4f8-3ab8-43df-a502-3f4b9443122a@group-98ACF608DB4D: changes role from    LEADER to FOLLOWER at term 2 for recognizeCandidate:0299b781-7796-45ba-9036-f37ef6071f27
2019-10-21 02:41:51,862 [grpc-default-executor-3] INFO  impl.RoleInfo (RoleInfo.java:updateAndGet(143)) - d56bd5cd-a10f-47cc-a049-69cbb5837008: start FollowerState
2019-10-21 02:41:51,862 [Thread-255] INFO  impl.FollowerState (FollowerState.java:run(120)) - d56bd5cd-a10f-47cc-a049-69cbb5837008@group-98ACF608DB4D-FollowerState was interrupted: java.lang.InterruptedException: sleep interrupted
2019-10-21 02:41:51,862 [grpc-default-executor-4] INFO  impl.RoleInfo (RoleInfo.java:shutdownLeaderState(104)) - 346fa4f8-3ab8-43df-a502-3f4b9443122a: shutdown LeaderState
2019-10-21 02:41:51,866 [grpc-default-executor-4] INFO  impl.PendingRequests (PendingRequests.java:sendNotLeaderResponses(206)) - 346fa4f8-3ab8-43df-a502-3f4b9443122a@group-98ACF608DB4D-PendingRequests: sendNotLeaderResponses
2019-10-21 02:41:51,867 [org.apache.ratis.server.impl.LogAppender$AppenderDaemon$$Lambda$399/1638822756@4c55ee12] WARN  server.GrpcLogAppender (GrpcLogAppender.java:mayWait(149)) - 346fa4f8-3ab8-43df-a502-3f4b9443122a@group-98ACF608DB4D->d56bd5cd-a10f-47cc-a049-69cbb5837008-GrpcLogAppender: Wait interrupted by java.lang.InterruptedException
2019-10-21 02:41:51,867 [org.apache.ratis.server.impl.LogAppender$AppenderDaemon$$Lambda$399/1638822756@724d0fa9] WARN  server.GrpcLogAppender (GrpcLogAppender.java:mayWait(149)) - 346fa4f8-3ab8-43df-a502-3f4b9443122a@group-98ACF608DB4D->0299b781-7796-45ba-9036-f37ef6071f27-GrpcLogAppender: Wait interrupted by java.lang.InterruptedException
2019-10-21 02:41:51,870 [Thread-615] INFO  client.GrpcClientProtocolService (GrpcClientProtocolService.java:lambda$processClientRequest$0(279)) - Failed RaftClientRequest:client-A91BDCACAE43->346fa4f8-3ab8-43df-a502-3f4b9443122a@group-98ACF608DB4D, cid=22, seq=0, Watch-ALL_COMMITTED(6), Message:<EMPTY>, reply=RaftClientReply:client-A91BDCACAE43->346fa4f8-3ab8-43df-a502-3f4b9443122a@group-98ACF608DB4D, cid=22, FAILED org.apache.ratis.protocol.NotLeaderException: Server 346fa4f8-3ab8-43df-a502-3f4b9443122a@group-98ACF608DB4D is not the leader, logIndex=0, commits[346fa4f8-3ab8-43df-a502-3f4b9443122a:c10, d56bd5cd-a10f-47cc-a049-69cbb5837008:c10, 0299b781-7796-45ba-9036-f37ef6071f27:c4]
2019-10-21 02:41:51,870 [grpc-default-executor-4] INFO  impl.RoleInfo (RoleInfo.java:updateAndGet(143)) - 346fa4f8-3ab8-43df-a502-3f4b9443122a: start FollowerState
2019-10-21 02:41:51,870 [grpc-default-executor-2] INFO  server.GrpcServerProtocolService (GrpcServerProtocolService.java:onCompleted(113)) - d56bd5cd-a10f-47cc-a049-69cbb5837008: Completed APPEND_ENTRIES, lastRequest: 346fa4f8-3ab8-43df-a502-3f4b9443122a->d56bd5cd-a10f-47cc-a049-69cbb5837008#54-t1, previous=(t:1, i:10), leaderCommit=10, initializing? false, entries: <empty>
2019-10-21 02:41:51,875 [grpc-default-executor-2] INFO  server.GrpcLogAppender (GrpcLogAppender.java:onCompleted(308)) - 346fa4f8-3ab8-43df-a502-3f4b9443122a@group-98ACF608DB4D->d56bd5cd-a10f-47cc-a049-69cbb5837008-AppendLogResponseHandler: follower responses appendEntries COMPLETED
2019-10-21 02:41:51,876 [Thread-574] INFO  impl.FollowerState (FollowerState.java:run(111)) - 0299b781-7796-45ba-9036-f37ef6071f27@group-07C0FC85186C-FollowerState: change to CANDIDATE, lastRpcTime:5125ms, electionTimeout:5125ms
2019-10-21 02:41:51,876 [Thread-574] INFO  impl.RoleInfo (RoleInfo.java:shutdownFollowerState(121)) - 0299b781-7796-45ba-9036-f37ef6071f27: shutdown FollowerState
2019-10-21 02:41:51,876 [Thread-574] INFO  impl.RaftServerImpl (RaftServerImpl.java:setRole(173)) - 0299b781-7796-45ba-9036-f37ef6071f27@group-07C0FC85186C: changes role from  FOLLOWER to CANDIDATE at term 1 for changeToCandidate
2019-10-21 02:41:51,876 [Thread-574] INFO  impl.RoleInfo (RoleInfo.java:updateAndGet(143)) - 0299b781-7796-45ba-9036-f37ef6071f27: start LeaderElection
2019-10-21 02:41:51,880 [grpc-default-executor-2] INFO  impl.FollowerInfo (FollowerInfo.java:lambda$new$0(51)) - 346fa4f8-3ab8-43df-a502-3f4b9443122a@group-98ACF608DB4D->d56bd5cd-a10f-47cc-a049-69cbb5837008: nextIndex: updateUnconditionally 11 -> 10
2019-10-21 02:41:51,897 [0299b781-7796-45ba-9036-f37ef6071f27@group-98ACF608DB4D-LeaderElection6] INFO  impl.LeaderElection (LeaderElection.java:logAndReturn(56)) - 0299b781-7796-45ba-9036-f37ef6071f27@group-98ACF608DB4D-LeaderElection6: Election REJECTED; received 2 response(s) [0299b781-7796-45ba-9036-f37ef6071f27<-d56bd5cd-a10f-47cc-a049-69cbb5837008#0:FAIL-t2, 0299b781-7796-45ba-9036-f37ef6071f27<-346fa4f8-3ab8-43df-a502-3f4b9443122a#0:FAIL-t2] and 0 exception(s); 0299b781-7796-45ba-9036-f37ef6071f27@group-98ACF608DB4D:t2, leader=null, voted=0299b781-7796-45ba-9036-f37ef6071f27, raftlog=0299b781-7796-45ba-9036-f37ef6071f27@group-98ACF608DB4D-SegmentedRaftLog:OPENED:c3,f4,i4, conf=0: [d56bd5cd-a10f-47cc-a049-69cbb5837008:192.168.34.9:41391, 346fa4f8-3ab8-43df-a502-3f4b9443122a:192.168.34.9:34701, 0299b781-7796-45ba-9036-f37ef6071f27:192.168.34.9:33798], old=null
2019-10-21 02:41:51,898 [0299b781-7796-45ba-9036-f37ef6071f27@group-98ACF608DB4D-LeaderElection6] INFO  impl.RaftServerImpl (RaftServerImpl.java:setRole(173)) - 0299b781-7796-45ba-9036-f37ef6071f27@group-98ACF608DB4D: changes role from CANDIDATE to FOLLOWER at term 2 for DISCOVERED_A_NEW_TERM
2019-10-21 02:41:51,901 [0299b781-7796-45ba-9036-f37ef6071f27@group-98ACF608DB4D-LeaderElection6] INFO  impl.RoleInfo (RoleInfo.java:shutdownLeaderElection(134)) - 0299b781-7796-45ba-9036-f37ef6071f27: shutdown LeaderElection
2019-10-21 02:41:51,901 [0299b781-7796-45ba-9036-f37ef6071f27@group-98ACF608DB4D-LeaderElection6] INFO  impl.RoleInfo (RoleInfo.java:updateAndGet(143)) - 0299b781-7796-45ba-9036-f37ef6071f27: start FollowerState
2019-10-21 02:41:51,913 [0299b781-7796-45ba-9036-f37ef6071f27@group-07C0FC85186C-LeaderElection7] INFO  impl.LeaderElection (LeaderElection.java:askForVotes(178)) - 0299b781-7796-45ba-9036-f37ef6071f27@group-07C0FC85186C-LeaderElection7: begin an election at term 2 for 0: [0299b781-7796-45ba-9036-f37ef6071f27:192.168.34.9:33798], old=null
2019-10-21 02:41:51,914 [0299b781-7796-45ba-9036-f37ef6071f27@group-07C0FC85186C-LeaderElection7] INFO  impl.RoleInfo (RoleInfo.java:shutdownLeaderElection(134)) - 0299b781-7796-45ba-9036-f37ef6071f27: shutdown LeaderElection
2019-10-21 02:41:51,914 [0299b781-7796-45ba-9036-f37ef6071f27@group-07C0FC85186C-LeaderElection7] INFO  impl.RaftServerImpl (RaftServerImpl.java:setRole(173)) - 0299b781-7796-45ba-9036-f37ef6071f27@group-07C0FC85186C: changes role from CANDIDATE to LEADER at term 2 for changeToLeader
2019-10-21 02:41:51,914 [0299b781-7796-45ba-9036-f37ef6071f27@group-07C0FC85186C-LeaderElection7] INFO  ratis.XceiverServerRatis (XceiverServerRatis.java:handleLeaderChangedNotification(701)) - Leader change notification received for group: group-07C0FC85186C with new leaderId: 0299b781-7796-45ba-9036-f37ef6071f27
2019-10-21 02:41:51,914 [0299b781-7796-45ba-9036-f37ef6071f27@group-07C0FC85186C-LeaderElection7] INFO  impl.RaftServerImpl (ServerState.java:setLeader(255)) - 0299b781-7796-45ba-9036-f37ef6071f27@group-07C0FC85186C: change Leader from null to 0299b781-7796-45ba-9036-f37ef6071f27 at term 2 for becomeLeader, leader elected after 7119ms
2019-10-21 02:41:51,915 [0299b781-7796-45ba-9036-f37ef6071f27@group-07C0FC85186C-LeaderElection7] INFO  server.RaftServerConfigKeys (ConfUtils.java:logGet(43)) - raft.server.staging.catchup.gap = 1000 (default)
2019-10-21 02:41:51,915 [0299b781-7796-45ba-9036-f37ef6071f27@group-07C0FC85186C-LeaderElection7] INFO  server.RaftServerConfigKeys (ConfUtils.java:logGet(43)) - raft.server.rpc.sleep.time = 25ms (default)
2019-10-21 02:41:51,916 [0299b781-7796-45ba-9036-f37ef6071f27@group-07C0FC85186C-LeaderElection7] INFO  server.RaftServerConfigKeys (ConfUtils.java:logGet(43)) - raft.server.write.element-limit = 4096 (default)
2019-10-21 02:41:51,916 [0299b781-7796-45ba-9036-f37ef6071f27@group-07C0FC85186C-LeaderElection7] INFO  server.RaftServerConfigKeys (ConfUtils.java:logGet(43)) - raft.server.watch.timeout = 10s (default)
2019-10-21 02:41:51,916 [EventQueue-PipelineReportForPipelineReportHandler] INFO  pipeline.PipelineReportHandler (PipelineReportHandler.java:processPipelineReport(105)) - Pipeline PipelineID=caefa95a-4e0e-495f-939f-4f29868a9241 reported by 0299b781-7796-45ba-9036-f37ef6071f27{ip: 192.168.34.9, host: pr-hdds-1868-8w4sl-2612808232, networkLocation: /default-rack, certSerialId: null} with leaderId 
2019-10-21 02:41:51,916 [0299b781-7796-45ba-9036-f37ef6071f27@group-07C0FC85186C-LeaderElection7] INFO  server.RaftServerConfigKeys (ConfUtils.java:logGet(43)) - raft.server.watch.timeout.denomination = 1s (default)
2019-10-21 02:41:51,916 [EventQueue-PipelineReportForPipelineReportHandler] INFO  pipeline.PipelineReportHandler (PipelineReportHandler.java:processPipelineReport(105)) - Pipeline PipelineID=837d3f36-f20a-4411-9787-1f5a427ad028 reported by 0299b781-7796-45ba-9036-f37ef6071f27{ip: 192.168.34.9, host: pr-hdds-1868-8w4sl-2612808232, networkLocation: /default-rack, certSerialId: null} with leaderId 
2019-10-21 02:41:51,916 [0299b781-7796-45ba-9036-f37ef6071f27@group-07C0FC85186C-LeaderElection7] INFO  server.RaftServerConfigKeys (ConfUtils.java:logGet(43)) - raft.server.watch.element-limit = 65536 (default)
2019-10-21 02:41:51,917 [EventQueue-PipelineReportForPipelineReportHandler] INFO  pipeline.SCMPipelineManager (SCMPipelineManager.java:processReportedLeaderInfo(318)) - Opening pipeline PipelineID=837d3f36-f20a-4411-9787-1f5a427ad028 with reported leader <ByteString@5358ceea size=0>
2019-10-21 02:41:51,917 [0299b781-7796-45ba-9036-f37ef6071f27@group-07C0FC85186C-LeaderElection7] INFO  impl.RoleInfo (RoleInfo.java:updateAndGet(143)) - 0299b781-7796-45ba-9036-f37ef6071f27: start LeaderState
2019-10-21 02:41:51,917 [EventQueue-PipelineReportForPipelineReportHandler] INFO  pipeline.PipelineStateManager (PipelineStateManager.java:openPipeline(134)) - Pipeline Pipeline[ Id: 837d3f36-f20a-4411-9787-1f5a427ad028, Nodes: 0299b781-7796-45ba-9036-f37ef6071f27{ip: 192.168.34.9, host: pr-hdds-1868-8w4sl-2612808232, networkLocation: /default-rack, certSerialId: null}, Type:RATIS, Factor:ONE, State:OPEN] moved to OPEN state
2019-10-21 02:41:51,918 [0299b781-7796-45ba-9036-f37ef6071f27@group-07C0FC85186C-LeaderElection7] INFO  segmented.SegmentedRaftLogWorker (SegmentedRaftLogWorker.java:rollLogSegment(390)) - 0299b781-7796-45ba-9036-f37ef6071f27@group-07C0FC85186C-SegmentedRaftLogWorker: Rolling segment log-0_0 to index:0
2019-10-21 02:41:51,920 [0299b781-7796-45ba-9036-f37ef6071f27@group-07C0FC85186C-LeaderElection7] INFO  impl.RaftServerImpl (ServerState.java:setRaftConf(356)) - 0299b781-7796-45ba-9036-f37ef6071f27@group-07C0FC85186C: set configuration 1: [0299b781-7796-45ba-9036-f37ef6071f27:192.168.34.9:33798], old=null at 1
2019-10-21 02:41:51,922 [0299b781-7796-45ba-9036-f37ef6071f27@group-07C0FC85186C-SegmentedRaftLogWorker] INFO  segmented.SegmentedRaftLogWorker (SegmentedRaftLogWorker.java:execute(533)) - 0299b781-7796-45ba-9036-f37ef6071f27@group-07C0FC85186C-SegmentedRaftLogWorker: Rolled log segment from /workdir/hadoop-ozone/integration-test/target/test-dir/MiniOzoneClusterImpl-0fab9602-85f6-488d-9219-5a9ff83e13af/datanode-2/data/ratis/b31aeaf8-2ff9-438d-af37-07c0fc85186c/current/log_inprogress_0 to /workdir/hadoop-ozone/integration-test/target/test-dir/MiniOzoneClusterImpl-0fab9602-85f6-488d-9219-5a9ff83e13af/datanode-2/data/ratis/b31aeaf8-2ff9-438d-af37-07c0fc85186c/current/log_0-0
2019-10-21 02:41:51,980 [0299b781-7796-45ba-9036-f37ef6071f27@group-07C0FC85186C-SegmentedRaftLogWorker] INFO  segmented.SegmentedRaftLogWorker (SegmentedRaftLogWorker.java:execute(576)) - 0299b781-7796-45ba-9036-f37ef6071f27@group-07C0FC85186C-SegmentedRaftLogWorker: created new log segment /workdir/hadoop-ozone/integration-test/target/test-dir/MiniOzoneClusterImpl-0fab9602-85f6-488d-9219-5a9ff83e13af/datanode-2/data/ratis/b31aeaf8-2ff9-438d-af37-07c0fc85186c/current/log_inprogress_1
2019-10-21 02:41:52,018 [EventQueue-DeleteBlockStatusForDeletedBlockLogImpl] WARN  block.DeletedBlockLogImpl (DeletedBlockLogImpl.java:commitTransactions(205)) - Transaction txId=1 commit by dnId=0299b781-7796-45ba-9036-f37ef6071f27 for containerID=#1 failed. Corresponding entry not found.
2019-10-21 02:41:52,020 [EventQueue-DeleteBlockStatusForDeletedBlockLogImpl] WARN  block.DeletedBlockLogImpl (DeletedBlockLogImpl.java:commitTransactions(205)) - Transaction txId=1 commit by dnId=0299b781-7796-45ba-9036-f37ef6071f27 for containerID=#1 failed. Corresponding entry not found.
2019-10-21 02:41:52,020 [EventQueue-DeleteBlockStatusForDeletedBlockLogImpl] WARN  block.DeletedBlockLogImpl (DeletedBlockLogImpl.java:commitTransactions(205)) - Transaction txId=1 commit by dnId=0299b781-7796-45ba-9036-f37ef6071f27 for containerID=#1 failed. Corresponding entry not found.
2019-10-21 02:41:52,020 [EventQueue-DeleteBlockStatusForDeletedBlockLogImpl] WARN  block.DeletedBlockLogImpl (DeletedBlockLogImpl.java:commitTransactions(205)) - Transaction txId=1 commit by dnId=0299b781-7796-45ba-9036-f37ef6071f27 for containerID=#1 failed. Corresponding entry not found.
2019-10-21 02:41:52,020 [EventQueue-DeleteBlockStatusForDeletedBlockLogImpl] WARN  block.DeletedBlockLogImpl (DeletedBlockLogImpl.java:commitTransactions(205)) - Transaction txId=1 commit by dnId=0299b781-7796-45ba-9036-f37ef6071f27 for containerID=#1 failed. Corresponding entry not found.
2019-10-21 02:41:52,020 [EventQueue-DeleteBlockStatusForDeletedBlockLogImpl] WARN  block.DeletedBlockLogImpl (DeletedBlockLogImpl.java:commitTransactions(205)) - Transaction txId=1 commit by dnId=0299b781-7796-45ba-9036-f37ef6071f27 for containerID=#1 failed. Corresponding entry not found.
2019-10-21 02:41:52,020 [EventQueue-DeleteBlockStatusForDeletedBlockLogImpl] WARN  block.DeletedBlockLogImpl (DeletedBlockLogImpl.java:commitTransactions(205)) - Transaction txId=1 commit by dnId=0299b781-7796-45ba-9036-f37ef6071f27 for containerID=#1 failed. Corresponding entry not found.
2019-10-21 02:41:52,020 [EventQueue-DeleteBlockStatusForDeletedBlockLogImpl] WARN  block.DeletedBlockLogImpl (DeletedBlockLogImpl.java:commitTransactions(205)) - Transaction txId=1 commit by dnId=0299b781-7796-45ba-9036-f37ef6071f27 for containerID=#1 failed. Corresponding entry not found.
2019-10-21 02:41:52,179 [BlockDeletingService#2] WARN  background.BlockDeletingService (BlockDeletingService.java:isDeletionAllowed(187)) - Close Container log Index 6 is not replicated across allthe servers in the pipeline b247b7b0-bc56-4c4b-9e26-98acf608db4d as the min replicated index is 4. Deletion is not allowed in this container yet.
2019-10-21 02:41:52,179 [BlockDeletingService#2] WARN  background.BlockDeletingService (BlockDeletingService.java:isDeletionAllowed(187)) - Close Container log Index 6 is not replicated across allthe servers in the pipeline b247b7b0-bc56-4c4b-9e26-98acf608db4d as the min replicated index is 4. Deletion is not allowed in this container yet.
2019-10-21 02:41:52,286 [Thread-623] INFO  client.GrpcClientProtocolService (GrpcClientProtocolService.java:lambda$processClientRequest$0(279)) - Failed RaftClientRequest:client-A91BDCACAE43->346fa4f8-3ab8-43df-a502-3f4b9443122a@group-98ACF608DB4D, cid=22, seq=0, Watch-ALL_COMMITTED(6), Message:<EMPTY>, reply=RaftClientReply:client-A91BDCACAE43->346fa4f8-3ab8-43df-a502-3f4b9443122a@group-98ACF608DB4D, cid=22, FAILED org.apache.ratis.protocol.NotLeaderException: Server 346fa4f8-3ab8-43df-a502-3f4b9443122a@group-98ACF608DB4D is not the leader, logIndex=0, commits[346fa4f8-3ab8-43df-a502-3f4b9443122a:c10, d56bd5cd-a10f-47cc-a049-69cbb5837008:c10, 0299b781-7796-45ba-9036-f37ef6071f27:c4]
2019-10-21 02:41:53,180 [BlockDeletingService#2] WARN  background.BlockDeletingService (BlockDeletingService.java:isDeletionAllowed(187)) - Close Container log Index 6 is not replicated across allthe servers in the pipeline b247b7b0-bc56-4c4b-9e26-98acf608db4d as the min replicated index is 4. Deletion is not allowed in this container yet.
2019-10-21 02:41:53,180 [BlockDeletingService#2] WARN  background.BlockDeletingService (BlockDeletingService.java:isDeletionAllowed(187)) - Close Container log Index 6 is not replicated across allthe servers in the pipeline b247b7b0-bc56-4c4b-9e26-98acf608db4d as the min replicated index is 4. Deletion is not allowed in this container yet.
2019-10-21 02:41:53,301 [Thread-629] INFO  client.GrpcClientProtocolService (GrpcClientProtocolService.java:lambda$processClientRequest$0(279)) - Failed RaftClientRequest:client-A91BDCACAE43->d56bd5cd-a10f-47cc-a049-69cbb5837008@group-98ACF608DB4D, cid=22, seq=0, Watch-ALL_COMMITTED(6), Message:<EMPTY>, reply=RaftClientReply:client-A91BDCACAE43->d56bd5cd-a10f-47cc-a049-69cbb5837008@group-98ACF608DB4D, cid=22, FAILED org.apache.ratis.protocol.NotLeaderException: Server d56bd5cd-a10f-47cc-a049-69cbb5837008@group-98ACF608DB4D is not the leader, logIndex=0, commits[d56bd5cd-a10f-47cc-a049-69cbb5837008:c10, 346fa4f8-3ab8-43df-a502-3f4b9443122a:c10, 0299b781-7796-45ba-9036-f37ef6071f27:c4]
2019-10-21 02:41:53,509 [java.util.concurrent.ThreadPoolExecutor$Worker@411a2772[State = -1, empty queue]] WARN  server.GrpcLogAppender (GrpcLogAppender.java:timeoutAppendRequest(209)) - 346fa4f8-3ab8-43df-a502-3f4b9443122a@group-98ACF608DB4D->0299b781-7796-45ba-9036-f37ef6071f27-GrpcLogAppender: appendEntries Timeout, request=346fa4f8-3ab8-43df-a502-3f4b9443122a->0299b781-7796-45ba-9036-f37ef6071f27#54-t1, previous=(t:1, i:10), leaderCommit=10, initializing? false, entries: <empty>
2019-10-21 02:41:54,182 [BlockDeletingService#2] WARN  background.BlockDeletingService (BlockDeletingService.java:isDeletionAllowed(187)) - Close Container log Index 6 is not replicated across allthe servers in the pipeline b247b7b0-bc56-4c4b-9e26-98acf608db4d as the min replicated index is 4. Deletion is not allowed in this container yet.
2019-10-21 02:41:54,183 [BlockDeletingService#2] WARN  background.BlockDeletingService (BlockDeletingService.java:isDeletionAllowed(187)) - Close Container log Index 6 is not replicated across allthe servers in the pipeline b247b7b0-bc56-4c4b-9e26-98acf608db4d as the min replicated index is 4. Deletion is not allowed in this container yet.
2019-10-21 02:41:54,316 [Thread-635] INFO  client.GrpcClientProtocolService (GrpcClientProtocolService.java:lambda$processClientRequest$0(279)) - Failed RaftClientRequest:client-A91BDCACAE43->0299b781-7796-45ba-9036-f37ef6071f27@group-98ACF608DB4D, cid=22, seq=0, Watch-ALL_COMMITTED(6), Message:<EMPTY>, reply=RaftClientReply:client-A91BDCACAE43->0299b781-7796-45ba-9036-f37ef6071f27@group-98ACF608DB4D, cid=22, FAILED org.apache.ratis.protocol.NotLeaderException: Server 0299b781-7796-45ba-9036-f37ef6071f27@group-98ACF608DB4D is not the leader, logIndex=0, commits[0299b781-7796-45ba-9036-f37ef6071f27:c3]
]]></system-out>
    <system-err><![CDATA[ERROR StatusLogger No Log4j 2 configuration file found. Using default configuration (logging only errors to the console), or user programmatically provided configurations. Set system property 'log4j2.debug' to show Log4j 2 internal initialization logging. See https://logging.apache.org/log4j/2.x/manual/configuration.html for instructions on how to configure Log4j 2
Oct 21, 2019 2:40:07 AM org.apache.ratis.thirdparty.io.grpc.internal.SerializingExecutor run
SEVERE: Exception while executing runnable org.apache.ratis.thirdparty.io.grpc.internal.ServerImpl$JumpToApplicationThreadServerStreamListener$1Closed@58cd5414
org.apache.ratis.thirdparty.io.grpc.StatusRuntimeException: CANCELLED: call already cancelled
	at org.apache.ratis.thirdparty.io.grpc.Status.asRuntimeException(Status.java:517)
	at org.apache.ratis.thirdparty.io.grpc.stub.ServerCalls$ServerCallStreamObserverImpl.onCompleted(ServerCalls.java:356)
	at org.apache.ratis.grpc.server.GrpcServerProtocolService$ServerRequestStreamObserver.onError(GrpcServerProtocolService.java:121)
	at org.apache.ratis.thirdparty.io.grpc.stub.ServerCalls$StreamingServerCallHandler$StreamingServerCallListener.onCancel(ServerCalls.java:269)
	at org.apache.ratis.thirdparty.io.grpc.internal.ServerCallImpl$ServerStreamListenerImpl.closed(ServerCallImpl.java:293)
	at org.apache.ratis.thirdparty.io.grpc.internal.ServerImpl$JumpToApplicationThreadServerStreamListener$1Closed.runInContext(ServerImpl.java:741)
	at org.apache.ratis.thirdparty.io.grpc.internal.ContextRunnable.run(ContextRunnable.java:37)
	at org.apache.ratis.thirdparty.io.grpc.internal.SerializingExecutor.run(SerializingExecutor.java:123)
	at java.util.concurrent.ThreadPoolExecutor.runWorker(ThreadPoolExecutor.java:1149)
	at java.util.concurrent.ThreadPoolExecutor$Worker.run(ThreadPoolExecutor.java:624)
	at java.lang.Thread.run(Thread.java:748)

Oct 21, 2019 2:40:07 AM org.apache.ratis.thirdparty.io.grpc.internal.SerializingExecutor run
SEVERE: Exception while executing runnable org.apache.ratis.thirdparty.io.grpc.internal.ClientCallImpl$ClientStreamListenerImpl$1StreamClosed@349f0c5
java.lang.NullPointerException
	at org.apache.ratis.grpc.server.GrpcLogAppender$AppendLogResponseHandler.onError(GrpcLogAppender.java:303)
	at org.apache.ratis.thirdparty.io.grpc.stub.ClientCalls$StreamObserverToCallListenerAdapter.onClose(ClientCalls.java:434)
	at org.apache.ratis.thirdparty.io.grpc.PartialForwardingClientCallListener.onClose(PartialForwardingClientCallListener.java:39)
	at org.apache.ratis.thirdparty.io.grpc.ForwardingClientCallListener.onClose(ForwardingClientCallListener.java:23)
	at org.apache.ratis.thirdparty.io.grpc.ForwardingClientCallListener$SimpleForwardingClientCallListener.onClose(ForwardingClientCallListener.java:40)
	at org.apache.ratis.thirdparty.io.grpc.internal.CensusStatsModule$StatsClientInterceptor$1$1.onClose(CensusStatsModule.java:678)
	at org.apache.ratis.thirdparty.io.grpc.PartialForwardingClientCallListener.onClose(PartialForwardingClientCallListener.java:39)
	at org.apache.ratis.thirdparty.io.grpc.ForwardingClientCallListener.onClose(ForwardingClientCallListener.java:23)
	at org.apache.ratis.thirdparty.io.grpc.ForwardingClientCallListener$SimpleForwardingClientCallListener.onClose(ForwardingClientCallListener.java:40)
	at org.apache.ratis.thirdparty.io.grpc.internal.CensusTracingModule$TracingClientInterceptor$1$1.onClose(CensusTracingModule.java:397)
	at org.apache.ratis.thirdparty.io.grpc.internal.ClientCallImpl.closeObserver(ClientCallImpl.java:459)
	at org.apache.ratis.thirdparty.io.grpc.internal.ClientCallImpl.access$300(ClientCallImpl.java:63)
	at org.apache.ratis.thirdparty.io.grpc.internal.ClientCallImpl$ClientStreamListenerImpl.close(ClientCallImpl.java:546)
	at org.apache.ratis.thirdparty.io.grpc.internal.ClientCallImpl$ClientStreamListenerImpl.access$600(ClientCallImpl.java:467)
	at org.apache.ratis.thirdparty.io.grpc.internal.ClientCallImpl$ClientStreamListenerImpl$1StreamClosed.runInContext(ClientCallImpl.java:584)
	at org.apache.ratis.thirdparty.io.grpc.internal.ContextRunnable.run(ContextRunnable.java:37)
	at org.apache.ratis.thirdparty.io.grpc.internal.SerializingExecutor.run(SerializingExecutor.java:123)
	at java.util.concurrent.ThreadPoolExecutor.runWorker(ThreadPoolExecutor.java:1149)
	at java.util.concurrent.ThreadPoolExecutor$Worker.run(ThreadPoolExecutor.java:624)
	at java.lang.Thread.run(Thread.java:748)

]]></system-err>
  </testcase>
</testsuite>